{"target": -13.7585348510165, "params": {"gamma": 430.03276133365273, "log10_alpha": 1.0, "log10_colsample_bytree": -1.0, "log10_eta": -3.9766636244083005, "log10_lambda": 0.0521006294068048, "log10_min_child_weight": 0.0, "log10_subsample": 0.0, "max_depth": 2.0, "num_boost_round": 2.0}, "datetime": {"datetime": "2024-01-19 00:29:54", "elapsed": 1098.039077, "delta": 0.002457}}
{"target": -13.758535464466375, "params": {"gamma": 430.03276133365273, "log10_alpha": 1.0, "log10_colsample_bytree": -1.0, "log10_eta": -3.9766636244083005, "log10_lambda": 0.0521006294068048, "log10_min_child_weight": 0.0, "log10_subsample": 0.0, "max_depth": 2.0, "num_boost_round": 3.0}, "datetime": {"datetime": "2024-01-19 00:29:54", "elapsed": 1098.04136, "delta": 0.002283}}
{"target": -13.75853496024431, "params": {"gamma": 430.03276133365273, "log10_alpha": 1.0, "log10_colsample_bytree": -1.0, "log10_eta": -3.9766636244083005, "log10_lambda": 0.0521006294068048, "log10_min_child_weight": 0.0, "log10_subsample": 0.0, "max_depth": 2.0, "num_boost_round": 4.0}, "datetime": {"datetime": "2024-01-19 00:29:54", "elapsed": 1098.043588, "delta": 0.002228}}
{"target": -13.75853493954243, "params": {"gamma": 430.03276133365273, "log10_alpha": 1.0, "log10_colsample_bytree": -1.0, "log10_eta": -3.9766636244083005, "log10_lambda": 0.0521006294068048, "log10_min_child_weight": 0.0, "log10_subsample": 0.0, "max_depth": 2.0, "num_boost_round": 5.0}, "datetime": {"datetime": "2024-01-19 00:29:54", "elapsed": 1098.045783, "delta": 0.002195}}
{"target": -13.75853482331672, "params": {"gamma": 430.03276133365273, "log10_alpha": 1.0, "log10_colsample_bytree": -1.0, "log10_eta": -3.9766636244083005, "log10_lambda": 0.0521006294068048, "log10_min_child_weight": 0.0, "log10_subsample": 0.0, "max_depth": 2.0, "num_boost_round": 6.0}, "datetime": {"datetime": "2024-01-19 00:29:54", "elapsed": 1098.047977, "delta": 0.002194}}
{"target": -13.75853366784561, "params": {"gamma": 430.03276133365273, "log10_alpha": 1.0, "log10_colsample_bytree": -1.0, "log10_eta": -3.9766636244083005, "log10_lambda": 0.0521006294068048, "log10_min_child_weight": 0.0, "log10_subsample": 0.0, "max_depth": 2.0, "num_boost_round": 7.0}, "datetime": {"datetime": "2024-01-19 00:29:54", "elapsed": 1098.05034, "delta": 0.002363}}
{"target": -13.758534481109011, "params": {"gamma": 430.03276133365273, "log10_alpha": 1.0, "log10_colsample_bytree": -1.0, "log10_eta": -3.9766636244083005, "log10_lambda": 0.0521006294068048, "log10_min_child_weight": 0.0, "log10_subsample": 0.0, "max_depth": 2.0, "num_boost_round": 8.0}, "datetime": {"datetime": "2024-01-19 00:29:54", "elapsed": 1098.056829, "delta": 0.006489}}
{"target": -13.758533567644582, "params": {"gamma": 430.03276133365273, "log10_alpha": 1.0, "log10_colsample_bytree": -1.0, "log10_eta": -3.9766636244083005, "log10_lambda": 0.0521006294068048, "log10_min_child_weight": 0.0, "log10_subsample": 0.0, "max_depth": 2.0, "num_boost_round": 9.0}, "datetime": {"datetime": "2024-01-19 00:29:54", "elapsed": 1098.059038, "delta": 0.002209}}
{"target": -13.758533519069518, "params": {"gamma": 430.03276133365273, "log10_alpha": 1.0, "log10_colsample_bytree": -1.0, "log10_eta": -3.9766636244083005, "log10_lambda": 0.0521006294068048, "log10_min_child_weight": 0.0, "log10_subsample": 0.0, "max_depth": 2.0, "num_boost_round": 10.0}, "datetime": {"datetime": "2024-01-19 00:29:54", "elapsed": 1098.061212, "delta": 0.002174}}
{"target": -13.758532244194365, "params": {"gamma": 430.03276133365273, "log10_alpha": 1.0, "log10_colsample_bytree": -1.0, "log10_eta": -3.9766636244083005, "log10_lambda": 0.0521006294068048, "log10_min_child_weight": 0.0, "log10_subsample": 0.0, "max_depth": 2.0, "num_boost_round": 11.0}, "datetime": {"datetime": "2024-01-19 00:29:54", "elapsed": 1098.06339, "delta": 0.002178}}
{"target": -13.75853203807848, "params": {"gamma": 430.03276133365273, "log10_alpha": 1.0, "log10_colsample_bytree": -1.0, "log10_eta": -3.9766636244083005, "log10_lambda": 0.0521006294068048, "log10_min_child_weight": 0.0, "log10_subsample": 0.0, "max_depth": 2.0, "num_boost_round": 12.0}, "datetime": {"datetime": "2024-01-19 00:29:54", "elapsed": 1098.065573, "delta": 0.002183}}
{"target": -13.758531071020355, "params": {"gamma": 430.03276133365273, "log10_alpha": 1.0, "log10_colsample_bytree": -1.0, "log10_eta": -3.9766636244083005, "log10_lambda": 0.0521006294068048, "log10_min_child_weight": 0.0, "log10_subsample": 0.0, "max_depth": 2.0, "num_boost_round": 13.0}, "datetime": {"datetime": "2024-01-19 00:29:54", "elapsed": 1098.067798, "delta": 0.002225}}
{"target": -13.758529612155705, "params": {"gamma": 430.03276133365273, "log10_alpha": 1.0, "log10_colsample_bytree": -1.0, "log10_eta": -3.9766636244083005, "log10_lambda": 0.0521006294068048, "log10_min_child_weight": 0.0, "log10_subsample": 0.0, "max_depth": 2.0, "num_boost_round": 14.0}, "datetime": {"datetime": "2024-01-19 00:29:54", "elapsed": 1098.070181, "delta": 0.002383}}
{"target": -13.758528429698025, "params": {"gamma": 430.03276133365273, "log10_alpha": 1.0, "log10_colsample_bytree": -1.0, "log10_eta": -3.9766636244083005, "log10_lambda": 0.0521006294068048, "log10_min_child_weight": 0.0, "log10_subsample": 0.0, "max_depth": 2.0, "num_boost_round": 15.0}, "datetime": {"datetime": "2024-01-19 00:29:54", "elapsed": 1098.073116, "delta": 0.002935}}
{"target": -13.758527721489232, "params": {"gamma": 430.03276133365273, "log10_alpha": 1.0, "log10_colsample_bytree": -1.0, "log10_eta": -3.9766636244083005, "log10_lambda": 0.0521006294068048, "log10_min_child_weight": 0.0, "log10_subsample": 0.0, "max_depth": 2.0, "num_boost_round": 16.0}, "datetime": {"datetime": "2024-01-19 00:29:54", "elapsed": 1098.075878, "delta": 0.002762}}
{"target": -13.75852673957851, "params": {"gamma": 430.03276133365273, "log10_alpha": 1.0, "log10_colsample_bytree": -1.0, "log10_eta": -3.9766636244083005, "log10_lambda": 0.0521006294068048, "log10_min_child_weight": 0.0, "log10_subsample": 0.0, "max_depth": 2.0, "num_boost_round": 17.0}, "datetime": {"datetime": "2024-01-19 00:29:54", "elapsed": 1098.078097, "delta": 0.002219}}
{"target": -13.758525817918663, "params": {"gamma": 430.03276133365273, "log10_alpha": 1.0, "log10_colsample_bytree": -1.0, "log10_eta": -3.9766636244083005, "log10_lambda": 0.0521006294068048, "log10_min_child_weight": 0.0, "log10_subsample": 0.0, "max_depth": 2.0, "num_boost_round": 18.0}, "datetime": {"datetime": "2024-01-19 00:29:54", "elapsed": 1098.080294, "delta": 0.002197}}
{"target": -13.758524935168055, "params": {"gamma": 430.03276133365273, "log10_alpha": 1.0, "log10_colsample_bytree": -1.0, "log10_eta": -3.9766636244083005, "log10_lambda": 0.0521006294068048, "log10_min_child_weight": 0.0, "log10_subsample": 0.0, "max_depth": 2.0, "num_boost_round": 19.0}, "datetime": {"datetime": "2024-01-19 00:29:54", "elapsed": 1098.082489, "delta": 0.002195}}
{"target": -13.75852451899933, "params": {"gamma": 430.03276133365273, "log10_alpha": 1.0, "log10_colsample_bytree": -1.0, "log10_eta": -3.9766636244083005, "log10_lambda": 0.0521006294068048, "log10_min_child_weight": 0.0, "log10_subsample": 0.0, "max_depth": 2.0, "num_boost_round": 20.0}, "datetime": {"datetime": "2024-01-19 00:29:54", "elapsed": 1098.084676, "delta": 0.002187}}
{"target": -13.758522791324129, "params": {"gamma": 430.03276133365273, "log10_alpha": 1.0, "log10_colsample_bytree": -1.0, "log10_eta": -3.9766636244083005, "log10_lambda": 0.0521006294068048, "log10_min_child_weight": 0.0, "log10_subsample": 0.0, "max_depth": 2.0, "num_boost_round": 21.0}, "datetime": {"datetime": "2024-01-19 00:29:54", "elapsed": 1098.086873, "delta": 0.002197}}
{"target": -13.758522105784042, "params": {"gamma": 430.03276133365273, "log10_alpha": 1.0, "log10_colsample_bytree": -1.0, "log10_eta": -3.9766636244083005, "log10_lambda": 0.0521006294068048, "log10_min_child_weight": 0.0, "log10_subsample": 0.0, "max_depth": 2.0, "num_boost_round": 22.0}, "datetime": {"datetime": "2024-01-19 00:29:54", "elapsed": 1098.089254, "delta": 0.002381}}
{"target": -13.758520877464907, "params": {"gamma": 430.03276133365273, "log10_alpha": 1.0, "log10_colsample_bytree": -1.0, "log10_eta": -3.9766636244083005, "log10_lambda": 0.0521006294068048, "log10_min_child_weight": 0.0, "log10_subsample": 0.0, "max_depth": 2.0, "num_boost_round": 23.0}, "datetime": {"datetime": "2024-01-19 00:29:54", "elapsed": 1098.091664, "delta": 0.00241}}
{"target": -13.758521091881674, "params": {"gamma": 430.03276133365273, "log10_alpha": 1.0, "log10_colsample_bytree": -1.0, "log10_eta": -3.9766636244083005, "log10_lambda": 0.0521006294068048, "log10_min_child_weight": 0.0, "log10_subsample": 0.0, "max_depth": 2.0, "num_boost_round": 24.0}, "datetime": {"datetime": "2024-01-19 00:29:54", "elapsed": 1098.094142, "delta": 0.002478}}
{"target": -13.758519481086914, "params": {"gamma": 430.03276133365273, "log10_alpha": 1.0, "log10_colsample_bytree": -1.0, "log10_eta": -3.9766636244083005, "log10_lambda": 0.0521006294068048, "log10_min_child_weight": 0.0, "log10_subsample": 0.0, "max_depth": 2.0, "num_boost_round": 25.0}, "datetime": {"datetime": "2024-01-19 00:29:54", "elapsed": 1098.096428, "delta": 0.002286}}
{"target": -13.758519184922298, "params": {"gamma": 430.03276133365273, "log10_alpha": 1.0, "log10_colsample_bytree": -1.0, "log10_eta": -3.9766636244083005, "log10_lambda": 0.0521006294068048, "log10_min_child_weight": 0.0, "log10_subsample": 0.0, "max_depth": 2.0, "num_boost_round": 26.0}, "datetime": {"datetime": "2024-01-19 00:29:55", "elapsed": 1098.098749, "delta": 0.002321}}
{"target": -13.75851820713903, "params": {"gamma": 430.03276133365273, "log10_alpha": 1.0, "log10_colsample_bytree": -1.0, "log10_eta": -3.9766636244083005, "log10_lambda": 0.0521006294068048, "log10_min_child_weight": 0.0, "log10_subsample": 0.0, "max_depth": 2.0, "num_boost_round": 27.0}, "datetime": {"datetime": "2024-01-19 00:29:55", "elapsed": 1098.100982, "delta": 0.002233}}
{"target": -13.758518054229105, "params": {"gamma": 430.03276133365273, "log10_alpha": 1.0, "log10_colsample_bytree": -1.0, "log10_eta": -3.9766636244083005, "log10_lambda": 0.0521006294068048, "log10_min_child_weight": 0.0, "log10_subsample": 0.0, "max_depth": 2.0, "num_boost_round": 28.0}, "datetime": {"datetime": "2024-01-19 00:29:55", "elapsed": 1098.103265, "delta": 0.002283}}
{"target": -13.75851774278667, "params": {"gamma": 430.03276133365273, "log10_alpha": 1.0, "log10_colsample_bytree": -1.0, "log10_eta": -3.9766636244083005, "log10_lambda": 0.0521006294068048, "log10_min_child_weight": 0.0, "log10_subsample": 0.0, "max_depth": 2.0, "num_boost_round": 29.0}, "datetime": {"datetime": "2024-01-19 00:29:55", "elapsed": 1098.105519, "delta": 0.002254}}
{"target": -13.758515945549412, "params": {"gamma": 430.03276133365273, "log10_alpha": 1.0, "log10_colsample_bytree": -1.0, "log10_eta": -3.9766636244083005, "log10_lambda": 0.0521006294068048, "log10_min_child_weight": 0.0, "log10_subsample": 0.0, "max_depth": 2.0, "num_boost_round": 30.0}, "datetime": {"datetime": "2024-01-19 00:29:55", "elapsed": 1098.107768, "delta": 0.002249}}
{"target": -13.75851404308002, "params": {"gamma": 430.03276133365273, "log10_alpha": 1.0, "log10_colsample_bytree": -1.0, "log10_eta": -3.9766636244083005, "log10_lambda": 0.0521006294068048, "log10_min_child_weight": 0.0, "log10_subsample": 0.0, "max_depth": 2.0, "num_boost_round": 31.0}, "datetime": {"datetime": "2024-01-19 00:29:55", "elapsed": 1098.110023, "delta": 0.002255}}
{"target": -13.758512398329836, "params": {"gamma": 430.03276133365273, "log10_alpha": 1.0, "log10_colsample_bytree": -1.0, "log10_eta": -3.9766636244083005, "log10_lambda": 0.0521006294068048, "log10_min_child_weight": 0.0, "log10_subsample": 0.0, "max_depth": 2.0, "num_boost_round": 32.0}, "datetime": {"datetime": "2024-01-19 00:29:55", "elapsed": 1098.112285, "delta": 0.002262}}
{"target": -13.758511849378381, "params": {"gamma": 430.03276133365273, "log10_alpha": 1.0, "log10_colsample_bytree": -1.0, "log10_eta": -3.9766636244083005, "log10_lambda": 0.0521006294068048, "log10_min_child_weight": 0.0, "log10_subsample": 0.0, "max_depth": 2.0, "num_boost_round": 33.0}, "datetime": {"datetime": "2024-01-19 00:29:55", "elapsed": 1098.114512, "delta": 0.002227}}
{"target": -13.758510634780915, "params": {"gamma": 430.03276133365273, "log10_alpha": 1.0, "log10_colsample_bytree": -1.0, "log10_eta": -3.9766636244083005, "log10_lambda": 0.0521006294068048, "log10_min_child_weight": 0.0, "log10_subsample": 0.0, "max_depth": 2.0, "num_boost_round": 34.0}, "datetime": {"datetime": "2024-01-19 00:29:55", "elapsed": 1098.116747, "delta": 0.002235}}
{"target": -13.758441055192273, "params": {"gamma": 437.253985430753, "log10_alpha": -0.5538659857966, "log10_colsample_bytree": -0.9869422815770212, "log10_eta": -0.7110333612231439, "log10_lambda": 0.09989258050431538, "log10_min_child_weight": 1.05894083590236, "log10_subsample": -0.9705741683212503, "max_depth": 3.0, "num_boost_round": 0.0}, "datetime": {"datetime": "2024-01-19 00:30:24", "elapsed": 1127.604115, "delta": 29.487368}}
{"target": -13.758502368937492, "params": {"gamma": 437.253985430753, "log10_alpha": -0.5538659857966, "log10_colsample_bytree": -0.9869422815770212, "log10_eta": -0.7110333612231439, "log10_lambda": 0.09989258050431538, "log10_min_child_weight": 1.05894083590236, "log10_subsample": -0.9705741683212503, "max_depth": 3.0, "num_boost_round": 1.0}, "datetime": {"datetime": "2024-01-19 00:30:24", "elapsed": 1127.606527, "delta": 0.002412}}
{"target": -13.7598659404566, "params": {"gamma": 437.253985430753, "log10_alpha": -0.5538659857966, "log10_colsample_bytree": -0.9869422815770212, "log10_eta": -0.7110333612231439, "log10_lambda": 0.09989258050431538, "log10_min_child_weight": 1.05894083590236, "log10_subsample": -0.9705741683212503, "max_depth": 3.0, "num_boost_round": 2.0}, "datetime": {"datetime": "2024-01-19 00:30:24", "elapsed": 1127.609766, "delta": 0.003239}}
{"target": -13.759428443032077, "params": {"gamma": 437.253985430753, "log10_alpha": -0.5538659857966, "log10_colsample_bytree": -0.9869422815770212, "log10_eta": -0.7110333612231439, "log10_lambda": 0.09989258050431538, "log10_min_child_weight": 1.05894083590236, "log10_subsample": -0.9705741683212503, "max_depth": 3.0, "num_boost_round": 3.0}, "datetime": {"datetime": "2024-01-19 00:30:24", "elapsed": 1127.612394, "delta": 0.002628}}
{"target": -13.758629108298974, "params": {"gamma": 437.253985430753, "log10_alpha": -0.5538659857966, "log10_colsample_bytree": -0.9869422815770212, "log10_eta": -0.7110333612231439, "log10_lambda": 0.09989258050431538, "log10_min_child_weight": 1.05894083590236, "log10_subsample": -0.9705741683212503, "max_depth": 3.0, "num_boost_round": 4.0}, "datetime": {"datetime": "2024-01-19 00:30:24", "elapsed": 1127.614952, "delta": 0.002558}}
{"target": -13.759328821957574, "params": {"gamma": 437.253985430753, "log10_alpha": -0.5538659857966, "log10_colsample_bytree": -0.9869422815770212, "log10_eta": -0.7110333612231439, "log10_lambda": 0.09989258050431538, "log10_min_child_weight": 1.05894083590236, "log10_subsample": -0.9705741683212503, "max_depth": 3.0, "num_boost_round": 5.0}, "datetime": {"datetime": "2024-01-19 00:30:24", "elapsed": 1127.617196, "delta": 0.002244}}
{"target": -13.76248811450166, "params": {"gamma": 437.253985430753, "log10_alpha": -0.5538659857966, "log10_colsample_bytree": -0.9869422815770212, "log10_eta": -0.7110333612231439, "log10_lambda": 0.09989258050431538, "log10_min_child_weight": 1.05894083590236, "log10_subsample": -0.9705741683212503, "max_depth": 3.0, "num_boost_round": 6.0}, "datetime": {"datetime": "2024-01-19 00:30:24", "elapsed": 1127.619432, "delta": 0.002236}}
{"target": -13.762728024788062, "params": {"gamma": 437.253985430753, "log10_alpha": -0.5538659857966, "log10_colsample_bytree": -0.9869422815770212, "log10_eta": -0.7110333612231439, "log10_lambda": 0.09989258050431538, "log10_min_child_weight": 1.05894083590236, "log10_subsample": -0.9705741683212503, "max_depth": 3.0, "num_boost_round": 7.0}, "datetime": {"datetime": "2024-01-19 00:30:24", "elapsed": 1127.621648, "delta": 0.002216}}
{"target": -13.773423973740156, "params": {"gamma": 437.253985430753, "log10_alpha": -0.5538659857966, "log10_colsample_bytree": -0.9869422815770212, "log10_eta": -0.7110333612231439, "log10_lambda": 0.09989258050431538, "log10_min_child_weight": 1.05894083590236, "log10_subsample": -0.9705741683212503, "max_depth": 3.0, "num_boost_round": 8.0}, "datetime": {"datetime": "2024-01-19 00:30:24", "elapsed": 1127.623843, "delta": 0.002195}}
{"target": -13.775431089335875, "params": {"gamma": 437.253985430753, "log10_alpha": -0.5538659857966, "log10_colsample_bytree": -0.9869422815770212, "log10_eta": -0.7110333612231439, "log10_lambda": 0.09989258050431538, "log10_min_child_weight": 1.05894083590236, "log10_subsample": -0.9705741683212503, "max_depth": 3.0, "num_boost_round": 9.0}, "datetime": {"datetime": "2024-01-19 00:30:24", "elapsed": 1127.626077, "delta": 0.002234}}
{"target": -13.791876629114153, "params": {"gamma": 437.253985430753, "log10_alpha": -0.5538659857966, "log10_colsample_bytree": -0.9869422815770212, "log10_eta": -0.7110333612231439, "log10_lambda": 0.09989258050431538, "log10_min_child_weight": 1.05894083590236, "log10_subsample": -0.9705741683212503, "max_depth": 3.0, "num_boost_round": 10.0}, "datetime": {"datetime": "2024-01-19 00:30:24", "elapsed": 1127.628278, "delta": 0.002201}}
{"target": -13.793484305039945, "params": {"gamma": 437.253985430753, "log10_alpha": -0.5538659857966, "log10_colsample_bytree": -0.9869422815770212, "log10_eta": -0.7110333612231439, "log10_lambda": 0.09989258050431538, "log10_min_child_weight": 1.05894083590236, "log10_subsample": -0.9705741683212503, "max_depth": 3.0, "num_boost_round": 11.0}, "datetime": {"datetime": "2024-01-19 00:30:24", "elapsed": 1127.630633, "delta": 0.002355}}
{"target": -13.794602871287521, "params": {"gamma": 437.253985430753, "log10_alpha": -0.5538659857966, "log10_colsample_bytree": -0.9869422815770212, "log10_eta": -0.7110333612231439, "log10_lambda": 0.09989258050431538, "log10_min_child_weight": 1.05894083590236, "log10_subsample": -0.9705741683212503, "max_depth": 3.0, "num_boost_round": 12.0}, "datetime": {"datetime": "2024-01-19 00:30:24", "elapsed": 1127.63284, "delta": 0.002207}}
{"target": -13.794839922801676, "params": {"gamma": 437.253985430753, "log10_alpha": -0.5538659857966, "log10_colsample_bytree": -0.9869422815770212, "log10_eta": -0.7110333612231439, "log10_lambda": 0.09989258050431538, "log10_min_child_weight": 1.05894083590236, "log10_subsample": -0.9705741683212503, "max_depth": 3.0, "num_boost_round": 13.0}, "datetime": {"datetime": "2024-01-19 00:30:24", "elapsed": 1127.635028, "delta": 0.002188}}
{"target": -13.79540050795793, "params": {"gamma": 437.253985430753, "log10_alpha": -0.5538659857966, "log10_colsample_bytree": -0.9869422815770212, "log10_eta": -0.7110333612231439, "log10_lambda": 0.09989258050431538, "log10_min_child_weight": 1.05894083590236, "log10_subsample": -0.9705741683212503, "max_depth": 3.0, "num_boost_round": 14.0}, "datetime": {"datetime": "2024-01-19 00:30:24", "elapsed": 1127.637219, "delta": 0.002191}}
{"target": -13.794717302641486, "params": {"gamma": 437.253985430753, "log10_alpha": -0.5538659857966, "log10_colsample_bytree": -0.9869422815770212, "log10_eta": -0.7110333612231439, "log10_lambda": 0.09989258050431538, "log10_min_child_weight": 1.05894083590236, "log10_subsample": -0.9705741683212503, "max_depth": 3.0, "num_boost_round": 15.0}, "datetime": {"datetime": "2024-01-19 00:30:24", "elapsed": 1127.639423, "delta": 0.002204}}
{"target": -13.795984133168131, "params": {"gamma": 437.253985430753, "log10_alpha": -0.5538659857966, "log10_colsample_bytree": -0.9869422815770212, "log10_eta": -0.7110333612231439, "log10_lambda": 0.09989258050431538, "log10_min_child_weight": 1.05894083590236, "log10_subsample": -0.9705741683212503, "max_depth": 3.0, "num_boost_round": 16.0}, "datetime": {"datetime": "2024-01-19 00:30:24", "elapsed": 1127.641621, "delta": 0.002198}}
{"target": -13.797210965908116, "params": {"gamma": 437.253985430753, "log10_alpha": -0.5538659857966, "log10_colsample_bytree": -0.9869422815770212, "log10_eta": -0.7110333612231439, "log10_lambda": 0.09989258050431538, "log10_min_child_weight": 1.05894083590236, "log10_subsample": -0.9705741683212503, "max_depth": 3.0, "num_boost_round": 17.0}, "datetime": {"datetime": "2024-01-19 00:30:24", "elapsed": 1127.643815, "delta": 0.002194}}
{"target": -13.79826884165194, "params": {"gamma": 437.253985430753, "log10_alpha": -0.5538659857966, "log10_colsample_bytree": -0.9869422815770212, "log10_eta": -0.7110333612231439, "log10_lambda": 0.09989258050431538, "log10_min_child_weight": 1.05894083590236, "log10_subsample": -0.9705741683212503, "max_depth": 3.0, "num_boost_round": 18.0}, "datetime": {"datetime": "2024-01-19 00:30:24", "elapsed": 1127.646018, "delta": 0.002203}}
{"target": -13.797381461338158, "params": {"gamma": 437.253985430753, "log10_alpha": -0.5538659857966, "log10_colsample_bytree": -0.9869422815770212, "log10_eta": -0.7110333612231439, "log10_lambda": 0.09989258050431538, "log10_min_child_weight": 1.05894083590236, "log10_subsample": -0.9705741683212503, "max_depth": 3.0, "num_boost_round": 19.0}, "datetime": {"datetime": "2024-01-19 00:30:24", "elapsed": 1127.648223, "delta": 0.002205}}
{"target": -13.798454953464427, "params": {"gamma": 437.253985430753, "log10_alpha": -0.5538659857966, "log10_colsample_bytree": -0.9869422815770212, "log10_eta": -0.7110333612231439, "log10_lambda": 0.09989258050431538, "log10_min_child_weight": 1.05894083590236, "log10_subsample": -0.9705741683212503, "max_depth": 3.0, "num_boost_round": 20.0}, "datetime": {"datetime": "2024-01-19 00:30:24", "elapsed": 1127.650586, "delta": 0.002363}}
