{"target": -13.758431167748194, "params": {"gamma": 870.9962983510029, "log10_alpha": -0.45117255040986937, "log10_colsample_bytree": -0.6168854172157255, "log10_eta": -3.5689750767399886, "log10_lambda": -4.753685027990956, "log10_min_child_weight": 0.8331634446971681, "log10_subsample": -0.21915306776776022, "max_depth": 7.0, "num_boost_round": 10.0}, "datetime": {"datetime": "2024-01-19 00:46:29", "elapsed": 2109.540217, "delta": 0.002136}}
{"target": -13.758424074242669, "params": {"gamma": 870.9962983510029, "log10_alpha": -0.45117255040986937, "log10_colsample_bytree": -0.6168854172157255, "log10_eta": -3.5689750767399886, "log10_lambda": -4.753685027990956, "log10_min_child_weight": 0.8331634446971681, "log10_subsample": -0.21915306776776022, "max_depth": 7.0, "num_boost_round": 11.0}, "datetime": {"datetime": "2024-01-19 00:46:29", "elapsed": 2109.542482, "delta": 0.002265}}
{"target": -13.758422937959958, "params": {"gamma": 870.9962983510029, "log10_alpha": -0.45117255040986937, "log10_colsample_bytree": -0.6168854172157255, "log10_eta": -3.5689750767399886, "log10_lambda": -4.753685027990956, "log10_min_child_weight": 0.8331634446971681, "log10_subsample": -0.21915306776776022, "max_depth": 7.0, "num_boost_round": 12.0}, "datetime": {"datetime": "2024-01-19 00:46:29", "elapsed": 2109.544582, "delta": 0.0021}}
{"target": -13.758406874275488, "params": {"gamma": 870.9962983510029, "log10_alpha": -0.45117255040986937, "log10_colsample_bytree": -0.6168854172157255, "log10_eta": -3.5689750767399886, "log10_lambda": -4.753685027990956, "log10_min_child_weight": 0.8331634446971681, "log10_subsample": -0.21915306776776022, "max_depth": 7.0, "num_boost_round": 13.0}, "datetime": {"datetime": "2024-01-19 00:46:29", "elapsed": 2109.546808, "delta": 0.002226}}
{"target": -13.75840673955738, "params": {"gamma": 870.9962983510029, "log10_alpha": -0.45117255040986937, "log10_colsample_bytree": -0.6168854172157255, "log10_eta": -3.5689750767399886, "log10_lambda": -4.753685027990956, "log10_min_child_weight": 0.8331634446971681, "log10_subsample": -0.21915306776776022, "max_depth": 7.0, "num_boost_round": 14.0}, "datetime": {"datetime": "2024-01-19 00:46:29", "elapsed": 2109.548968, "delta": 0.00216}}
{"target": -13.758382060215993, "params": {"gamma": 870.9962983510029, "log10_alpha": -0.45117255040986937, "log10_colsample_bytree": -0.6168854172157255, "log10_eta": -3.5689750767399886, "log10_lambda": -4.753685027990956, "log10_min_child_weight": 0.8331634446971681, "log10_subsample": -0.21915306776776022, "max_depth": 7.0, "num_boost_round": 15.0}, "datetime": {"datetime": "2024-01-19 00:46:29", "elapsed": 2109.551156, "delta": 0.002188}}
{"target": -13.758382712901026, "params": {"gamma": 870.9962983510029, "log10_alpha": -0.45117255040986937, "log10_colsample_bytree": -0.6168854172157255, "log10_eta": -3.5689750767399886, "log10_lambda": -4.753685027990956, "log10_min_child_weight": 0.8331634446971681, "log10_subsample": -0.21915306776776022, "max_depth": 7.0, "num_boost_round": 16.0}, "datetime": {"datetime": "2024-01-19 00:46:29", "elapsed": 2109.55337, "delta": 0.002214}}
{"target": -13.758385930821273, "params": {"gamma": 870.9962983510029, "log10_alpha": -0.45117255040986937, "log10_colsample_bytree": -0.6168854172157255, "log10_eta": -3.5689750767399886, "log10_lambda": -4.753685027990956, "log10_min_child_weight": 0.8331634446971681, "log10_subsample": -0.21915306776776022, "max_depth": 7.0, "num_boost_round": 17.0}, "datetime": {"datetime": "2024-01-19 00:46:29", "elapsed": 2109.555502, "delta": 0.002132}}
{"target": -13.758390775084584, "params": {"gamma": 870.9962983510029, "log10_alpha": -0.45117255040986937, "log10_colsample_bytree": -0.6168854172157255, "log10_eta": -3.5689750767399886, "log10_lambda": -4.753685027990956, "log10_min_child_weight": 0.8331634446971681, "log10_subsample": -0.21915306776776022, "max_depth": 7.0, "num_boost_round": 18.0}, "datetime": {"datetime": "2024-01-19 00:46:29", "elapsed": 2109.557661, "delta": 0.002159}}
{"target": -13.75839445434727, "params": {"gamma": 870.9962983510029, "log10_alpha": -0.45117255040986937, "log10_colsample_bytree": -0.6168854172157255, "log10_eta": -3.5689750767399886, "log10_lambda": -4.753685027990956, "log10_min_child_weight": 0.8331634446971681, "log10_subsample": -0.21915306776776022, "max_depth": 7.0, "num_boost_round": 19.0}, "datetime": {"datetime": "2024-01-19 00:46:29", "elapsed": 2109.55994, "delta": 0.002279}}
{"target": -13.758377489593238, "params": {"gamma": 870.9962983510029, "log10_alpha": -0.45117255040986937, "log10_colsample_bytree": -0.6168854172157255, "log10_eta": -3.5689750767399886, "log10_lambda": -4.753685027990956, "log10_min_child_weight": 0.8331634446971681, "log10_subsample": -0.21915306776776022, "max_depth": 7.0, "num_boost_round": 20.0}, "datetime": {"datetime": "2024-01-19 00:46:29", "elapsed": 2109.562108, "delta": 0.002168}}
{"target": -13.75837817604181, "params": {"gamma": 870.9962983510029, "log10_alpha": -0.45117255040986937, "log10_colsample_bytree": -0.6168854172157255, "log10_eta": -3.5689750767399886, "log10_lambda": -4.753685027990956, "log10_min_child_weight": 0.8331634446971681, "log10_subsample": -0.21915306776776022, "max_depth": 7.0, "num_boost_round": 21.0}, "datetime": {"datetime": "2024-01-19 00:46:29", "elapsed": 2109.564253, "delta": 0.002145}}
{"target": -13.758373042501109, "params": {"gamma": 870.9962983510029, "log10_alpha": -0.45117255040986937, "log10_colsample_bytree": -0.6168854172157255, "log10_eta": -3.5689750767399886, "log10_lambda": -4.753685027990956, "log10_min_child_weight": 0.8331634446971681, "log10_subsample": -0.21915306776776022, "max_depth": 7.0, "num_boost_round": 22.0}, "datetime": {"datetime": "2024-01-19 00:46:29", "elapsed": 2109.566385, "delta": 0.002132}}
{"target": -13.758360509968554, "params": {"gamma": 870.9962983510029, "log10_alpha": -0.45117255040986937, "log10_colsample_bytree": -0.6168854172157255, "log10_eta": -3.5689750767399886, "log10_lambda": -4.753685027990956, "log10_min_child_weight": 0.8331634446971681, "log10_subsample": -0.21915306776776022, "max_depth": 7.0, "num_boost_round": 23.0}, "datetime": {"datetime": "2024-01-19 00:46:29", "elapsed": 2109.568522, "delta": 0.002137}}
{"target": -13.758370004174699, "params": {"gamma": 870.9962983510029, "log10_alpha": -0.45117255040986937, "log10_colsample_bytree": -0.6168854172157255, "log10_eta": -3.5689750767399886, "log10_lambda": -4.753685027990956, "log10_min_child_weight": 0.8331634446971681, "log10_subsample": -0.21915306776776022, "max_depth": 7.0, "num_boost_round": 24.0}, "datetime": {"datetime": "2024-01-19 00:46:29", "elapsed": 2109.570733, "delta": 0.002211}}
{"target": -13.758492474660402, "params": {"gamma": 846.2832979557928, "log10_alpha": -4.301200881143025, "log10_colsample_bytree": -0.5369431575019198, "log10_eta": -2.022976035143767, "log10_lambda": -1.1546932676645838, "log10_min_child_weight": 4.661606788999248, "log10_subsample": -0.1259264345020955, "max_depth": 7.0, "num_boost_round": 0.0}, "datetime": {"datetime": "2024-01-19 00:46:55", "elapsed": 2135.354431, "delta": 25.783698}}
{"target": -13.758490225251268, "params": {"gamma": 846.2832979557928, "log10_alpha": -4.301200881143025, "log10_colsample_bytree": -0.5369431575019198, "log10_eta": -2.022976035143767, "log10_lambda": -1.1546932676645838, "log10_min_child_weight": 4.661606788999248, "log10_subsample": -0.1259264345020955, "max_depth": 7.0, "num_boost_round": 1.0}, "datetime": {"datetime": "2024-01-19 00:46:55", "elapsed": 2135.357143, "delta": 0.002712}}
{"target": -13.758497426291084, "params": {"gamma": 846.2832979557928, "log10_alpha": -4.301200881143025, "log10_colsample_bytree": -0.5369431575019198, "log10_eta": -2.022976035143767, "log10_lambda": -1.1546932676645838, "log10_min_child_weight": 4.661606788999248, "log10_subsample": -0.1259264345020955, "max_depth": 7.0, "num_boost_round": 2.0}, "datetime": {"datetime": "2024-01-19 00:46:55", "elapsed": 2135.359512, "delta": 0.002369}}
{"target": -13.758440396719925, "params": {"gamma": 846.2832979557928, "log10_alpha": -4.301200881143025, "log10_colsample_bytree": -0.5369431575019198, "log10_eta": -2.022976035143767, "log10_lambda": -1.1546932676645838, "log10_min_child_weight": 4.661606788999248, "log10_subsample": -0.1259264345020955, "max_depth": 7.0, "num_boost_round": 3.0}, "datetime": {"datetime": "2024-01-19 00:46:55", "elapsed": 2135.361796, "delta": 0.002284}}
{"target": -13.75841720687917, "params": {"gamma": 846.2832979557928, "log10_alpha": -4.301200881143025, "log10_colsample_bytree": -0.5369431575019198, "log10_eta": -2.022976035143767, "log10_lambda": -1.1546932676645838, "log10_min_child_weight": 4.661606788999248, "log10_subsample": -0.1259264345020955, "max_depth": 7.0, "num_boost_round": 4.0}, "datetime": {"datetime": "2024-01-19 00:46:55", "elapsed": 2135.363927, "delta": 0.002131}}
{"target": -13.75836388509412, "params": {"gamma": 846.2832979557928, "log10_alpha": -4.301200881143025, "log10_colsample_bytree": -0.5369431575019198, "log10_eta": -2.022976035143767, "log10_lambda": -1.1546932676645838, "log10_min_child_weight": 4.661606788999248, "log10_subsample": -0.1259264345020955, "max_depth": 7.0, "num_boost_round": 5.0}, "datetime": {"datetime": "2024-01-19 00:46:55", "elapsed": 2135.366111, "delta": 0.002184}}
{"target": -13.758344539389736, "params": {"gamma": 846.2832979557928, "log10_alpha": -4.301200881143025, "log10_colsample_bytree": -0.5369431575019198, "log10_eta": -2.022976035143767, "log10_lambda": -1.1546932676645838, "log10_min_child_weight": 4.661606788999248, "log10_subsample": -0.1259264345020955, "max_depth": 7.0, "num_boost_round": 6.0}, "datetime": {"datetime": "2024-01-19 00:46:55", "elapsed": 2135.36826, "delta": 0.002149}}
{"target": -13.758333598805422, "params": {"gamma": 846.2832979557928, "log10_alpha": -4.301200881143025, "log10_colsample_bytree": -0.5369431575019198, "log10_eta": -2.022976035143767, "log10_lambda": -1.1546932676645838, "log10_min_child_weight": 4.661606788999248, "log10_subsample": -0.1259264345020955, "max_depth": 7.0, "num_boost_round": 7.0}, "datetime": {"datetime": "2024-01-19 00:46:55", "elapsed": 2135.370404, "delta": 0.002144}}
{"target": -13.758312874762478, "params": {"gamma": 846.2832979557928, "log10_alpha": -4.301200881143025, "log10_colsample_bytree": -0.5369431575019198, "log10_eta": -2.022976035143767, "log10_lambda": -1.1546932676645838, "log10_min_child_weight": 4.661606788999248, "log10_subsample": -0.1259264345020955, "max_depth": 7.0, "num_boost_round": 8.0}, "datetime": {"datetime": "2024-01-19 00:46:55", "elapsed": 2135.372579, "delta": 0.002175}}
{"target": -13.75830566000604, "params": {"gamma": 846.2832979557928, "log10_alpha": -4.301200881143025, "log10_colsample_bytree": -0.5369431575019198, "log10_eta": -2.022976035143767, "log10_lambda": -1.1546932676645838, "log10_min_child_weight": 4.661606788999248, "log10_subsample": -0.1259264345020955, "max_depth": 7.0, "num_boost_round": 9.0}, "datetime": {"datetime": "2024-01-19 00:46:55", "elapsed": 2135.374919, "delta": 0.00234}}
{"target": -13.758266196552507, "params": {"gamma": 846.2832979557928, "log10_alpha": -4.301200881143025, "log10_colsample_bytree": -0.5369431575019198, "log10_eta": -2.022976035143767, "log10_lambda": -1.1546932676645838, "log10_min_child_weight": 4.661606788999248, "log10_subsample": -0.1259264345020955, "max_depth": 7.0, "num_boost_round": 10.0}, "datetime": {"datetime": "2024-01-19 00:46:55", "elapsed": 2135.377157, "delta": 0.002238}}
{"target": -13.758282858985066, "params": {"gamma": 846.2832979557928, "log10_alpha": -4.301200881143025, "log10_colsample_bytree": -0.5369431575019198, "log10_eta": -2.022976035143767, "log10_lambda": -1.1546932676645838, "log10_min_child_weight": 4.661606788999248, "log10_subsample": -0.1259264345020955, "max_depth": 7.0, "num_boost_round": 11.0}, "datetime": {"datetime": "2024-01-19 00:46:55", "elapsed": 2135.379484, "delta": 0.002327}}
{"target": -13.758303877401465, "params": {"gamma": 846.2832979557928, "log10_alpha": -4.301200881143025, "log10_colsample_bytree": -0.5369431575019198, "log10_eta": -2.022976035143767, "log10_lambda": -1.1546932676645838, "log10_min_child_weight": 4.661606788999248, "log10_subsample": -0.1259264345020955, "max_depth": 7.0, "num_boost_round": 12.0}, "datetime": {"datetime": "2024-01-19 00:46:55", "elapsed": 2135.381759, "delta": 0.002275}}
{"target": -13.758288300165416, "params": {"gamma": 846.2832979557928, "log10_alpha": -4.301200881143025, "log10_colsample_bytree": -0.5369431575019198, "log10_eta": -2.022976035143767, "log10_lambda": -1.1546932676645838, "log10_min_child_weight": 4.661606788999248, "log10_subsample": -0.1259264345020955, "max_depth": 7.0, "num_boost_round": 13.0}, "datetime": {"datetime": "2024-01-19 00:46:55", "elapsed": 2135.383946, "delta": 0.002187}}
{"target": -13.758271129353941, "params": {"gamma": 846.2832979557928, "log10_alpha": -4.301200881143025, "log10_colsample_bytree": -0.5369431575019198, "log10_eta": -2.022976035143767, "log10_lambda": -1.1546932676645838, "log10_min_child_weight": 4.661606788999248, "log10_subsample": -0.1259264345020955, "max_depth": 7.0, "num_boost_round": 14.0}, "datetime": {"datetime": "2024-01-19 00:46:55", "elapsed": 2135.386137, "delta": 0.002191}}
{"target": -13.7581848997981, "params": {"gamma": 846.2832979557928, "log10_alpha": -4.301200881143025, "log10_colsample_bytree": -0.5369431575019198, "log10_eta": -2.022976035143767, "log10_lambda": -1.1546932676645838, "log10_min_child_weight": 4.661606788999248, "log10_subsample": -0.1259264345020955, "max_depth": 7.0, "num_boost_round": 15.0}, "datetime": {"datetime": "2024-01-19 00:46:55", "elapsed": 2135.388317, "delta": 0.00218}}
{"target": -13.758102880538953, "params": {"gamma": 846.2832979557928, "log10_alpha": -4.301200881143025, "log10_colsample_bytree": -0.5369431575019198, "log10_eta": -2.022976035143767, "log10_lambda": -1.1546932676645838, "log10_min_child_weight": 4.661606788999248, "log10_subsample": -0.1259264345020955, "max_depth": 7.0, "num_boost_round": 16.0}, "datetime": {"datetime": "2024-01-19 00:46:55", "elapsed": 2135.390541, "delta": 0.002224}}
{"target": -13.75853713612922, "params": {"gamma": 836.0404599776735, "log10_alpha": -3.758396583504103, "log10_colsample_bytree": -0.17035011304287395, "log10_eta": -2.8076518960691317, "log10_lambda": -4.015404565673435, "log10_min_child_weight": 0.49781539344443737, "log10_subsample": -0.7340470377603014, "max_depth": 7.0, "num_boost_round": 0.0}, "datetime": {"datetime": "2024-01-19 00:47:22", "elapsed": 2162.412137, "delta": 27.021596}}
{"target": -13.758521333888593, "params": {"gamma": 836.0404599776735, "log10_alpha": -3.758396583504103, "log10_colsample_bytree": -0.17035011304287395, "log10_eta": -2.8076518960691317, "log10_lambda": -4.015404565673435, "log10_min_child_weight": 0.49781539344443737, "log10_subsample": -0.7340470377603014, "max_depth": 7.0, "num_boost_round": 1.0}, "datetime": {"datetime": "2024-01-19 00:47:22", "elapsed": 2162.414467, "delta": 0.00233}}
{"target": -13.758469326657957, "params": {"gamma": 836.0404599776735, "log10_alpha": -3.758396583504103, "log10_colsample_bytree": -0.17035011304287395, "log10_eta": -2.8076518960691317, "log10_lambda": -4.015404565673435, "log10_min_child_weight": 0.49781539344443737, "log10_subsample": -0.7340470377603014, "max_depth": 7.0, "num_boost_round": 2.0}, "datetime": {"datetime": "2024-01-19 00:47:22", "elapsed": 2162.416646, "delta": 0.002179}}
{"target": -13.758455390819309, "params": {"gamma": 836.0404599776735, "log10_alpha": -3.758396583504103, "log10_colsample_bytree": -0.17035011304287395, "log10_eta": -2.8076518960691317, "log10_lambda": -4.015404565673435, "log10_min_child_weight": 0.49781539344443737, "log10_subsample": -0.7340470377603014, "max_depth": 7.0, "num_boost_round": 3.0}, "datetime": {"datetime": "2024-01-19 00:47:22", "elapsed": 2162.418815, "delta": 0.002169}}
{"target": -13.75830878038966, "params": {"gamma": 836.0404599776735, "log10_alpha": -3.758396583504103, "log10_colsample_bytree": -0.17035011304287395, "log10_eta": -2.8076518960691317, "log10_lambda": -4.015404565673435, "log10_min_child_weight": 0.49781539344443737, "log10_subsample": -0.7340470377603014, "max_depth": 7.0, "num_boost_round": 4.0}, "datetime": {"datetime": "2024-01-19 00:47:22", "elapsed": 2162.421011, "delta": 0.002196}}
{"target": -13.758211136239602, "params": {"gamma": 836.0404599776735, "log10_alpha": -3.758396583504103, "log10_colsample_bytree": -0.17035011304287395, "log10_eta": -2.8076518960691317, "log10_lambda": -4.015404565673435, "log10_min_child_weight": 0.49781539344443737, "log10_subsample": -0.7340470377603014, "max_depth": 7.0, "num_boost_round": 5.0}, "datetime": {"datetime": "2024-01-19 00:47:22", "elapsed": 2162.423166, "delta": 0.002155}}
{"target": -13.758181959601616, "params": {"gamma": 836.0404599776735, "log10_alpha": -3.758396583504103, "log10_colsample_bytree": -0.17035011304287395, "log10_eta": -2.8076518960691317, "log10_lambda": -4.015404565673435, "log10_min_child_weight": 0.49781539344443737, "log10_subsample": -0.7340470377603014, "max_depth": 7.0, "num_boost_round": 6.0}, "datetime": {"datetime": "2024-01-19 00:47:22", "elapsed": 2162.425973, "delta": 0.002807}}
{"target": -13.758170791350828, "params": {"gamma": 836.0404599776735, "log10_alpha": -3.758396583504103, "log10_colsample_bytree": -0.17035011304287395, "log10_eta": -2.8076518960691317, "log10_lambda": -4.015404565673435, "log10_min_child_weight": 0.49781539344443737, "log10_subsample": -0.7340470377603014, "max_depth": 7.0, "num_boost_round": 7.0}, "datetime": {"datetime": "2024-01-19 00:47:22", "elapsed": 2162.428246, "delta": 0.002273}}
{"target": -13.758130208954173, "params": {"gamma": 836.0404599776735, "log10_alpha": -3.758396583504103, "log10_colsample_bytree": -0.17035011304287395, "log10_eta": -2.8076518960691317, "log10_lambda": -4.015404565673435, "log10_min_child_weight": 0.49781539344443737, "log10_subsample": -0.7340470377603014, "max_depth": 7.0, "num_boost_round": 8.0}, "datetime": {"datetime": "2024-01-19 00:47:22", "elapsed": 2162.43065, "delta": 0.002404}}
{"target": -13.758081078174122, "params": {"gamma": 836.0404599776735, "log10_alpha": -3.758396583504103, "log10_colsample_bytree": -0.17035011304287395, "log10_eta": -2.8076518960691317, "log10_lambda": -4.015404565673435, "log10_min_child_weight": 0.49781539344443737, "log10_subsample": -0.7340470377603014, "max_depth": 7.0, "num_boost_round": 9.0}, "datetime": {"datetime": "2024-01-19 00:47:22", "elapsed": 2162.43295, "delta": 0.0023}}
{"target": -13.758040482234719, "params": {"gamma": 836.0404599776735, "log10_alpha": -3.758396583504103, "log10_colsample_bytree": -0.17035011304287395, "log10_eta": -2.8076518960691317, "log10_lambda": -4.015404565673435, "log10_min_child_weight": 0.49781539344443737, "log10_subsample": -0.7340470377603014, "max_depth": 7.0, "num_boost_round": 10.0}, "datetime": {"datetime": "2024-01-19 00:47:22", "elapsed": 2162.435158, "delta": 0.002208}}
{"target": -13.758006368318572, "params": {"gamma": 836.0404599776735, "log10_alpha": -3.758396583504103, "log10_colsample_bytree": -0.17035011304287395, "log10_eta": -2.8076518960691317, "log10_lambda": -4.015404565673435, "log10_min_child_weight": 0.49781539344443737, "log10_subsample": -0.7340470377603014, "max_depth": 7.0, "num_boost_round": 11.0}, "datetime": {"datetime": "2024-01-19 00:47:22", "elapsed": 2162.437353, "delta": 0.002195}}
{"target": -13.75799099655742, "params": {"gamma": 836.0404599776735, "log10_alpha": -3.758396583504103, "log10_colsample_bytree": -0.17035011304287395, "log10_eta": -2.8076518960691317, "log10_lambda": -4.015404565673435, "log10_min_child_weight": 0.49781539344443737, "log10_subsample": -0.7340470377603014, "max_depth": 7.0, "num_boost_round": 12.0}, "datetime": {"datetime": "2024-01-19 00:47:22", "elapsed": 2162.43956, "delta": 0.002207}}
{"target": -13.757861895413852, "params": {"gamma": 836.0404599776735, "log10_alpha": -3.758396583504103, "log10_colsample_bytree": -0.17035011304287395, "log10_eta": -2.8076518960691317, "log10_lambda": -4.015404565673435, "log10_min_child_weight": 0.49781539344443737, "log10_subsample": -0.7340470377603014, "max_depth": 7.0, "num_boost_round": 13.0}, "datetime": {"datetime": "2024-01-19 00:47:22", "elapsed": 2162.441861, "delta": 0.002301}}
{"target": -13.757886996932884, "params": {"gamma": 836.0404599776735, "log10_alpha": -3.758396583504103, "log10_colsample_bytree": -0.17035011304287395, "log10_eta": -2.8076518960691317, "log10_lambda": -4.015404565673435, "log10_min_child_weight": 0.49781539344443737, "log10_subsample": -0.7340470377603014, "max_depth": 7.0, "num_boost_round": 14.0}, "datetime": {"datetime": "2024-01-19 00:47:22", "elapsed": 2162.444041, "delta": 0.00218}}
{"target": -13.757823172597693, "params": {"gamma": 836.0404599776735, "log10_alpha": -3.758396583504103, "log10_colsample_bytree": -0.17035011304287395, "log10_eta": -2.8076518960691317, "log10_lambda": -4.015404565673435, "log10_min_child_weight": 0.49781539344443737, "log10_subsample": -0.7340470377603014, "max_depth": 7.0, "num_boost_round": 15.0}, "datetime": {"datetime": "2024-01-19 00:47:22", "elapsed": 2162.446197, "delta": 0.002156}}
{"target": -13.757829896444166, "params": {"gamma": 836.0404599776735, "log10_alpha": -3.758396583504103, "log10_colsample_bytree": -0.17035011304287395, "log10_eta": -2.8076518960691317, "log10_lambda": -4.015404565673435, "log10_min_child_weight": 0.49781539344443737, "log10_subsample": -0.7340470377603014, "max_depth": 7.0, "num_boost_round": 16.0}, "datetime": {"datetime": "2024-01-19 00:47:22", "elapsed": 2162.448422, "delta": 0.002225}}
