{"target": -13.75896095967255, "params": {"gamma": 873.4294027918163, "log10_alpha": 0.8112439769255921, "log10_colsample_bytree": -0.13080545978608005, "log10_eta": -1.876577233777604, "log10_lambda": -3.6036300321362558, "log10_min_child_weight": 0.056994021387149485, "log10_subsample": -0.5695311817075095, "max_depth": 5.0, "num_boost_round": 0.0}, "datetime": {"datetime": "2024-01-19 00:11:20", "elapsed": 0.0, "delta": 0.0}}
{"target": -13.758981903591149, "params": {"gamma": 873.4294027918163, "log10_alpha": 0.8112439769255921, "log10_colsample_bytree": -0.13080545978608005, "log10_eta": -1.876577233777604, "log10_lambda": -3.6036300321362558, "log10_min_child_weight": 0.056994021387149485, "log10_subsample": -0.5695311817075095, "max_depth": 5.0, "num_boost_round": 1.0}, "datetime": {"datetime": "2024-01-19 00:11:20", "elapsed": 0.002571, "delta": 0.002571}}
{"target": -13.758935492769318, "params": {"gamma": 873.4294027918163, "log10_alpha": 0.8112439769255921, "log10_colsample_bytree": -0.13080545978608005, "log10_eta": -1.876577233777604, "log10_lambda": -3.6036300321362558, "log10_min_child_weight": 0.056994021387149485, "log10_subsample": -0.5695311817075095, "max_depth": 5.0, "num_boost_round": 2.0}, "datetime": {"datetime": "2024-01-19 00:11:20", "elapsed": 0.002743, "delta": 0.000172}}
{"target": -13.758761759320787, "params": {"gamma": 873.4294027918163, "log10_alpha": 0.8112439769255921, "log10_colsample_bytree": -0.13080545978608005, "log10_eta": -1.876577233777604, "log10_lambda": -3.6036300321362558, "log10_min_child_weight": 0.056994021387149485, "log10_subsample": -0.5695311817075095, "max_depth": 5.0, "num_boost_round": 3.0}, "datetime": {"datetime": "2024-01-19 00:11:20", "elapsed": 0.002885, "delta": 0.000142}}
{"target": -13.758438784618162, "params": {"gamma": 873.4294027918163, "log10_alpha": 0.8112439769255921, "log10_colsample_bytree": -0.13080545978608005, "log10_eta": -1.876577233777604, "log10_lambda": -3.6036300321362558, "log10_min_child_weight": 0.056994021387149485, "log10_subsample": -0.5695311817075095, "max_depth": 5.0, "num_boost_round": 4.0}, "datetime": {"datetime": "2024-01-19 00:11:20", "elapsed": 0.003014, "delta": 0.000129}}
{"target": -13.75787380046716, "params": {"gamma": 873.4294027918163, "log10_alpha": 0.8112439769255921, "log10_colsample_bytree": -0.13080545978608005, "log10_eta": -1.876577233777604, "log10_lambda": -3.6036300321362558, "log10_min_child_weight": 0.056994021387149485, "log10_subsample": -0.5695311817075095, "max_depth": 5.0, "num_boost_round": 5.0}, "datetime": {"datetime": "2024-01-19 00:11:20", "elapsed": 0.00314, "delta": 0.000126}}
{"target": -13.758354173612233, "params": {"gamma": 873.4294027918163, "log10_alpha": 0.8112439769255921, "log10_colsample_bytree": -0.13080545978608005, "log10_eta": -1.876577233777604, "log10_lambda": -3.6036300321362558, "log10_min_child_weight": 0.056994021387149485, "log10_subsample": -0.5695311817075095, "max_depth": 5.0, "num_boost_round": 6.0}, "datetime": {"datetime": "2024-01-19 00:11:20", "elapsed": 0.003265, "delta": 0.000125}}
{"target": -13.75857907289093, "params": {"gamma": 873.4294027918163, "log10_alpha": 0.8112439769255921, "log10_colsample_bytree": -0.13080545978608005, "log10_eta": -1.876577233777604, "log10_lambda": -3.6036300321362558, "log10_min_child_weight": 0.056994021387149485, "log10_subsample": -0.5695311817075095, "max_depth": 5.0, "num_boost_round": 7.0}, "datetime": {"datetime": "2024-01-19 00:11:20", "elapsed": 0.0034, "delta": 0.000135}}
{"target": -13.758987665607181, "params": {"gamma": 873.4294027918163, "log10_alpha": 0.8112439769255921, "log10_colsample_bytree": -0.13080545978608005, "log10_eta": -1.876577233777604, "log10_lambda": -3.6036300321362558, "log10_min_child_weight": 0.056994021387149485, "log10_subsample": -0.5695311817075095, "max_depth": 5.0, "num_boost_round": 8.0}, "datetime": {"datetime": "2024-01-19 00:11:20", "elapsed": 0.003534, "delta": 0.000134}}
{"target": -13.759735593625047, "params": {"gamma": 873.4294027918163, "log10_alpha": 0.8112439769255921, "log10_colsample_bytree": -0.13080545978608005, "log10_eta": -1.876577233777604, "log10_lambda": -3.6036300321362558, "log10_min_child_weight": 0.056994021387149485, "log10_subsample": -0.5695311817075095, "max_depth": 5.0, "num_boost_round": 9.0}, "datetime": {"datetime": "2024-01-19 00:11:20", "elapsed": 0.007333, "delta": 0.003799}}
{"target": -13.75986622537224, "params": {"gamma": 873.4294027918163, "log10_alpha": 0.8112439769255921, "log10_colsample_bytree": -0.13080545978608005, "log10_eta": -1.876577233777604, "log10_lambda": -3.6036300321362558, "log10_min_child_weight": 0.056994021387149485, "log10_subsample": -0.5695311817075095, "max_depth": 5.0, "num_boost_round": 10.0}, "datetime": {"datetime": "2024-01-19 00:11:20", "elapsed": 0.007486, "delta": 0.000153}}
{"target": -13.75953638534517, "params": {"gamma": 873.4294027918163, "log10_alpha": 0.8112439769255921, "log10_colsample_bytree": -0.13080545978608005, "log10_eta": -1.876577233777604, "log10_lambda": -3.6036300321362558, "log10_min_child_weight": 0.056994021387149485, "log10_subsample": -0.5695311817075095, "max_depth": 5.0, "num_boost_round": 11.0}, "datetime": {"datetime": "2024-01-19 00:11:20", "elapsed": 0.007615, "delta": 0.000129}}
{"target": -13.75952604904163, "params": {"gamma": 873.4294027918163, "log10_alpha": 0.8112439769255921, "log10_colsample_bytree": -0.13080545978608005, "log10_eta": -1.876577233777604, "log10_lambda": -3.6036300321362558, "log10_min_child_weight": 0.056994021387149485, "log10_subsample": -0.5695311817075095, "max_depth": 5.0, "num_boost_round": 12.0}, "datetime": {"datetime": "2024-01-19 00:11:20", "elapsed": 0.007753, "delta": 0.000138}}
{"target": -13.76059513700726, "params": {"gamma": 873.4294027918163, "log10_alpha": 0.8112439769255921, "log10_colsample_bytree": -0.13080545978608005, "log10_eta": -1.876577233777604, "log10_lambda": -3.6036300321362558, "log10_min_child_weight": 0.056994021387149485, "log10_subsample": -0.5695311817075095, "max_depth": 5.0, "num_boost_round": 13.0}, "datetime": {"datetime": "2024-01-19 00:11:20", "elapsed": 0.007883, "delta": 0.00013}}
{"target": -13.761272878914752, "params": {"gamma": 873.4294027918163, "log10_alpha": 0.8112439769255921, "log10_colsample_bytree": -0.13080545978608005, "log10_eta": -1.876577233777604, "log10_lambda": -3.6036300321362558, "log10_min_child_weight": 0.056994021387149485, "log10_subsample": -0.5695311817075095, "max_depth": 5.0, "num_boost_round": 14.0}, "datetime": {"datetime": "2024-01-19 00:11:20", "elapsed": 0.008008, "delta": 0.000125}}
{"target": -13.761476170667168, "params": {"gamma": 873.4294027918163, "log10_alpha": 0.8112439769255921, "log10_colsample_bytree": -0.13080545978608005, "log10_eta": -1.876577233777604, "log10_lambda": -3.6036300321362558, "log10_min_child_weight": 0.056994021387149485, "log10_subsample": -0.5695311817075095, "max_depth": 5.0, "num_boost_round": 15.0}, "datetime": {"datetime": "2024-01-19 00:11:20", "elapsed": 0.008137, "delta": 0.000129}}
{"target": -13.762083942638172, "params": {"gamma": 873.4294027918163, "log10_alpha": 0.8112439769255921, "log10_colsample_bytree": -0.13080545978608005, "log10_eta": -1.876577233777604, "log10_lambda": -3.6036300321362558, "log10_min_child_weight": 0.056994021387149485, "log10_subsample": -0.5695311817075095, "max_depth": 5.0, "num_boost_round": 16.0}, "datetime": {"datetime": "2024-01-19 00:11:20", "elapsed": 0.008263, "delta": 0.000126}}
{"target": -13.762240564803234, "params": {"gamma": 873.4294027918163, "log10_alpha": 0.8112439769255921, "log10_colsample_bytree": -0.13080545978608005, "log10_eta": -1.876577233777604, "log10_lambda": -3.6036300321362558, "log10_min_child_weight": 0.056994021387149485, "log10_subsample": -0.5695311817075095, "max_depth": 5.0, "num_boost_round": 17.0}, "datetime": {"datetime": "2024-01-19 00:11:20", "elapsed": 0.008389, "delta": 0.000126}}
{"target": -13.762889034967307, "params": {"gamma": 873.4294027918163, "log10_alpha": 0.8112439769255921, "log10_colsample_bytree": -0.13080545978608005, "log10_eta": -1.876577233777604, "log10_lambda": -3.6036300321362558, "log10_min_child_weight": 0.056994021387149485, "log10_subsample": -0.5695311817075095, "max_depth": 5.0, "num_boost_round": 18.0}, "datetime": {"datetime": "2024-01-19 00:11:20", "elapsed": 0.008519, "delta": 0.00013}}
{"target": -13.763088380313103, "params": {"gamma": 873.4294027918163, "log10_alpha": 0.8112439769255921, "log10_colsample_bytree": -0.13080545978608005, "log10_eta": -1.876577233777604, "log10_lambda": -3.6036300321362558, "log10_min_child_weight": 0.056994021387149485, "log10_subsample": -0.5695311817075095, "max_depth": 5.0, "num_boost_round": 19.0}, "datetime": {"datetime": "2024-01-19 00:11:20", "elapsed": 0.008657, "delta": 0.000138}}
{"target": -13.76414435098862, "params": {"gamma": 873.4294027918163, "log10_alpha": 0.8112439769255921, "log10_colsample_bytree": -0.13080545978608005, "log10_eta": -1.876577233777604, "log10_lambda": -3.6036300321362558, "log10_min_child_weight": 0.056994021387149485, "log10_subsample": -0.5695311817075095, "max_depth": 5.0, "num_boost_round": 20.0}, "datetime": {"datetime": "2024-01-19 00:11:20", "elapsed": 0.008791, "delta": 0.000134}}
{"target": -13.764397356689905, "params": {"gamma": 873.4294027918163, "log10_alpha": 0.8112439769255921, "log10_colsample_bytree": -0.13080545978608005, "log10_eta": -1.876577233777604, "log10_lambda": -3.6036300321362558, "log10_min_child_weight": 0.056994021387149485, "log10_subsample": -0.5695311817075095, "max_depth": 5.0, "num_boost_round": 21.0}, "datetime": {"datetime": "2024-01-19 00:11:20", "elapsed": 0.008977, "delta": 0.000186}}
{"target": -13.763981715069985, "params": {"gamma": 873.4294027918163, "log10_alpha": 0.8112439769255921, "log10_colsample_bytree": -0.13080545978608005, "log10_eta": -1.876577233777604, "log10_lambda": -3.6036300321362558, "log10_min_child_weight": 0.056994021387149485, "log10_subsample": -0.5695311817075095, "max_depth": 5.0, "num_boost_round": 22.0}, "datetime": {"datetime": "2024-01-19 00:11:20", "elapsed": 0.009118, "delta": 0.000141}}
{"target": -13.764825414993773, "params": {"gamma": 873.4294027918163, "log10_alpha": 0.8112439769255921, "log10_colsample_bytree": -0.13080545978608005, "log10_eta": -1.876577233777604, "log10_lambda": -3.6036300321362558, "log10_min_child_weight": 0.056994021387149485, "log10_subsample": -0.5695311817075095, "max_depth": 5.0, "num_boost_round": 23.0}, "datetime": {"datetime": "2024-01-19 00:11:20", "elapsed": 0.00926, "delta": 0.000142}}
{"target": -13.76430274870614, "params": {"gamma": 873.4294027918163, "log10_alpha": 0.8112439769255921, "log10_colsample_bytree": -0.13080545978608005, "log10_eta": -1.876577233777604, "log10_lambda": -3.6036300321362558, "log10_min_child_weight": 0.056994021387149485, "log10_subsample": -0.5695311817075095, "max_depth": 5.0, "num_boost_round": 24.0}, "datetime": {"datetime": "2024-01-19 00:11:20", "elapsed": 0.009398, "delta": 0.000138}}
{"target": -13.764792976763708, "params": {"gamma": 873.4294027918163, "log10_alpha": 0.8112439769255921, "log10_colsample_bytree": -0.13080545978608005, "log10_eta": -1.876577233777604, "log10_lambda": -3.6036300321362558, "log10_min_child_weight": 0.056994021387149485, "log10_subsample": -0.5695311817075095, "max_depth": 5.0, "num_boost_round": 25.0}, "datetime": {"datetime": "2024-01-19 00:11:20", "elapsed": 0.009536, "delta": 0.000138}}
{"target": -13.76484190242012, "params": {"gamma": 873.4294027918163, "log10_alpha": 0.8112439769255921, "log10_colsample_bytree": -0.13080545978608005, "log10_eta": -1.876577233777604, "log10_lambda": -3.6036300321362558, "log10_min_child_weight": 0.056994021387149485, "log10_subsample": -0.5695311817075095, "max_depth": 5.0, "num_boost_round": 26.0}, "datetime": {"datetime": "2024-01-19 00:11:20", "elapsed": 0.009681, "delta": 0.000145}}
{"target": -13.765090506786049, "params": {"gamma": 873.4294027918163, "log10_alpha": 0.8112439769255921, "log10_colsample_bytree": -0.13080545978608005, "log10_eta": -1.876577233777604, "log10_lambda": -3.6036300321362558, "log10_min_child_weight": 0.056994021387149485, "log10_subsample": -0.5695311817075095, "max_depth": 5.0, "num_boost_round": 27.0}, "datetime": {"datetime": "2024-01-19 00:11:20", "elapsed": 0.009823, "delta": 0.000142}}
{"target": -13.765311675437777, "params": {"gamma": 873.4294027918163, "log10_alpha": 0.8112439769255921, "log10_colsample_bytree": -0.13080545978608005, "log10_eta": -1.876577233777604, "log10_lambda": -3.6036300321362558, "log10_min_child_weight": 0.056994021387149485, "log10_subsample": -0.5695311817075095, "max_depth": 5.0, "num_boost_round": 28.0}, "datetime": {"datetime": "2024-01-19 00:11:20", "elapsed": 0.009967, "delta": 0.000144}}
{"target": -13.766106943392492, "params": {"gamma": 873.4294027918163, "log10_alpha": 0.8112439769255921, "log10_colsample_bytree": -0.13080545978608005, "log10_eta": -1.876577233777604, "log10_lambda": -3.6036300321362558, "log10_min_child_weight": 0.056994021387149485, "log10_subsample": -0.5695311817075095, "max_depth": 5.0, "num_boost_round": 29.0}, "datetime": {"datetime": "2024-01-19 00:11:20", "elapsed": 0.010111, "delta": 0.000144}}
{"target": -13.766898652424743, "params": {"gamma": 873.4294027918163, "log10_alpha": 0.8112439769255921, "log10_colsample_bytree": -0.13080545978608005, "log10_eta": -1.876577233777604, "log10_lambda": -3.6036300321362558, "log10_min_child_weight": 0.056994021387149485, "log10_subsample": -0.5695311817075095, "max_depth": 5.0, "num_boost_round": 30.0}, "datetime": {"datetime": "2024-01-19 00:11:20", "elapsed": 0.010259, "delta": 0.000148}}
{"target": -13.767335660078748, "params": {"gamma": 873.4294027918163, "log10_alpha": 0.8112439769255921, "log10_colsample_bytree": -0.13080545978608005, "log10_eta": -1.876577233777604, "log10_lambda": -3.6036300321362558, "log10_min_child_weight": 0.056994021387149485, "log10_subsample": -0.5695311817075095, "max_depth": 5.0, "num_boost_round": 31.0}, "datetime": {"datetime": "2024-01-19 00:11:20", "elapsed": 0.010406, "delta": 0.000147}}
{"target": -13.768134312616969, "params": {"gamma": 873.4294027918163, "log10_alpha": 0.8112439769255921, "log10_colsample_bytree": -0.13080545978608005, "log10_eta": -1.876577233777604, "log10_lambda": -3.6036300321362558, "log10_min_child_weight": 0.056994021387149485, "log10_subsample": -0.5695311817075095, "max_depth": 5.0, "num_boost_round": 32.0}, "datetime": {"datetime": "2024-01-19 00:11:20", "elapsed": 0.010552, "delta": 0.000146}}
{"target": -13.768145128831053, "params": {"gamma": 873.4294027918163, "log10_alpha": 0.8112439769255921, "log10_colsample_bytree": -0.13080545978608005, "log10_eta": -1.876577233777604, "log10_lambda": -3.6036300321362558, "log10_min_child_weight": 0.056994021387149485, "log10_subsample": -0.5695311817075095, "max_depth": 5.0, "num_boost_round": 33.0}, "datetime": {"datetime": "2024-01-19 00:11:20", "elapsed": 0.010712, "delta": 0.00016}}
{"target": -13.768563323576963, "params": {"gamma": 873.4294027918163, "log10_alpha": 0.8112439769255921, "log10_colsample_bytree": -0.13080545978608005, "log10_eta": -1.876577233777604, "log10_lambda": -3.6036300321362558, "log10_min_child_weight": 0.056994021387149485, "log10_subsample": -0.5695311817075095, "max_depth": 5.0, "num_boost_round": 34.0}, "datetime": {"datetime": "2024-01-19 00:11:20", "elapsed": 0.010875, "delta": 0.000163}}
{"target": -13.768994002091404, "params": {"gamma": 873.4294027918163, "log10_alpha": 0.8112439769255921, "log10_colsample_bytree": -0.13080545978608005, "log10_eta": -1.876577233777604, "log10_lambda": -3.6036300321362558, "log10_min_child_weight": 0.056994021387149485, "log10_subsample": -0.5695311817075095, "max_depth": 5.0, "num_boost_round": 35.0}, "datetime": {"datetime": "2024-01-19 00:11:20", "elapsed": 0.011027, "delta": 0.000152}}
{"target": -13.768993315368256, "params": {"gamma": 873.4294027918163, "log10_alpha": 0.8112439769255921, "log10_colsample_bytree": -0.13080545978608005, "log10_eta": -1.876577233777604, "log10_lambda": -3.6036300321362558, "log10_min_child_weight": 0.056994021387149485, "log10_subsample": -0.5695311817075095, "max_depth": 5.0, "num_boost_round": 36.0}, "datetime": {"datetime": "2024-01-19 00:11:20", "elapsed": 0.011176, "delta": 0.000149}}
{"target": -13.769828675800202, "params": {"gamma": 873.4294027918163, "log10_alpha": 0.8112439769255921, "log10_colsample_bytree": -0.13080545978608005, "log10_eta": -1.876577233777604, "log10_lambda": -3.6036300321362558, "log10_min_child_weight": 0.056994021387149485, "log10_subsample": -0.5695311817075095, "max_depth": 5.0, "num_boost_round": 37.0}, "datetime": {"datetime": "2024-01-19 00:11:20", "elapsed": 0.011328, "delta": 0.000152}}
{"target": -13.76979219108974, "params": {"gamma": 873.4294027918163, "log10_alpha": 0.8112439769255921, "log10_colsample_bytree": -0.13080545978608005, "log10_eta": -1.876577233777604, "log10_lambda": -3.6036300321362558, "log10_min_child_weight": 0.056994021387149485, "log10_subsample": -0.5695311817075095, "max_depth": 5.0, "num_boost_round": 38.0}, "datetime": {"datetime": "2024-01-19 00:11:20", "elapsed": 0.011481, "delta": 0.000153}}
{"target": -13.770025572270699, "params": {"gamma": 873.4294027918163, "log10_alpha": 0.8112439769255921, "log10_colsample_bytree": -0.13080545978608005, "log10_eta": -1.876577233777604, "log10_lambda": -3.6036300321362558, "log10_min_child_weight": 0.056994021387149485, "log10_subsample": -0.5695311817075095, "max_depth": 5.0, "num_boost_round": 39.0}, "datetime": {"datetime": "2024-01-19 00:11:20", "elapsed": 0.011644, "delta": 0.000163}}
{"target": -13.76975372797721, "params": {"gamma": 873.4294027918163, "log10_alpha": 0.8112439769255921, "log10_colsample_bytree": -0.13080545978608005, "log10_eta": -1.876577233777604, "log10_lambda": -3.6036300321362558, "log10_min_child_weight": 0.056994021387149485, "log10_subsample": -0.5695311817075095, "max_depth": 5.0, "num_boost_round": 40.0}, "datetime": {"datetime": "2024-01-19 00:11:20", "elapsed": 0.011801, "delta": 0.000157}}
{"target": -13.770281530744013, "params": {"gamma": 873.4294027918163, "log10_alpha": 0.8112439769255921, "log10_colsample_bytree": -0.13080545978608005, "log10_eta": -1.876577233777604, "log10_lambda": -3.6036300321362558, "log10_min_child_weight": 0.056994021387149485, "log10_subsample": -0.5695311817075095, "max_depth": 5.0, "num_boost_round": 41.0}, "datetime": {"datetime": "2024-01-19 00:11:20", "elapsed": 0.011964, "delta": 0.000163}}
{"target": -13.770019661737985, "params": {"gamma": 873.4294027918163, "log10_alpha": 0.8112439769255921, "log10_colsample_bytree": -0.13080545978608005, "log10_eta": -1.876577233777604, "log10_lambda": -3.6036300321362558, "log10_min_child_weight": 0.056994021387149485, "log10_subsample": -0.5695311817075095, "max_depth": 5.0, "num_boost_round": 42.0}, "datetime": {"datetime": "2024-01-19 00:11:20", "elapsed": 0.012215, "delta": 0.000251}}
{"target": -13.77035194171339, "params": {"gamma": 873.4294027918163, "log10_alpha": 0.8112439769255921, "log10_colsample_bytree": -0.13080545978608005, "log10_eta": -1.876577233777604, "log10_lambda": -3.6036300321362558, "log10_min_child_weight": 0.056994021387149485, "log10_subsample": -0.5695311817075095, "max_depth": 5.0, "num_boost_round": 43.0}, "datetime": {"datetime": "2024-01-19 00:11:20", "elapsed": 0.012384, "delta": 0.000169}}
{"target": -13.770503388188867, "params": {"gamma": 873.4294027918163, "log10_alpha": 0.8112439769255921, "log10_colsample_bytree": -0.13080545978608005, "log10_eta": -1.876577233777604, "log10_lambda": -3.6036300321362558, "log10_min_child_weight": 0.056994021387149485, "log10_subsample": -0.5695311817075095, "max_depth": 5.0, "num_boost_round": 44.0}, "datetime": {"datetime": "2024-01-19 00:11:20", "elapsed": 0.012551, "delta": 0.000167}}
{"target": -13.770978335100978, "params": {"gamma": 873.4294027918163, "log10_alpha": 0.8112439769255921, "log10_colsample_bytree": -0.13080545978608005, "log10_eta": -1.876577233777604, "log10_lambda": -3.6036300321362558, "log10_min_child_weight": 0.056994021387149485, "log10_subsample": -0.5695311817075095, "max_depth": 5.0, "num_boost_round": 45.0}, "datetime": {"datetime": "2024-01-19 00:11:20", "elapsed": 0.01272, "delta": 0.000169}}
{"target": -13.771579700591777, "params": {"gamma": 873.4294027918163, "log10_alpha": 0.8112439769255921, "log10_colsample_bytree": -0.13080545978608005, "log10_eta": -1.876577233777604, "log10_lambda": -3.6036300321362558, "log10_min_child_weight": 0.056994021387149485, "log10_subsample": -0.5695311817075095, "max_depth": 5.0, "num_boost_round": 46.0}, "datetime": {"datetime": "2024-01-19 00:11:20", "elapsed": 0.012887, "delta": 0.000167}}
{"target": -13.771900308965098, "params": {"gamma": 873.4294027918163, "log10_alpha": 0.8112439769255921, "log10_colsample_bytree": -0.13080545978608005, "log10_eta": -1.876577233777604, "log10_lambda": -3.6036300321362558, "log10_min_child_weight": 0.056994021387149485, "log10_subsample": -0.5695311817075095, "max_depth": 5.0, "num_boost_round": 47.0}, "datetime": {"datetime": "2024-01-19 00:11:20", "elapsed": 0.013055, "delta": 0.000168}}
{"target": -13.772265265073102, "params": {"gamma": 873.4294027918163, "log10_alpha": 0.8112439769255921, "log10_colsample_bytree": -0.13080545978608005, "log10_eta": -1.876577233777604, "log10_lambda": -3.6036300321362558, "log10_min_child_weight": 0.056994021387149485, "log10_subsample": -0.5695311817075095, "max_depth": 5.0, "num_boost_round": 48.0}, "datetime": {"datetime": "2024-01-19 00:11:20", "elapsed": 0.013222, "delta": 0.000167}}
