{"target": -13.75704553663003, "params": {"gamma": 443.00947362852105, "log10_alpha": 0.023027310595224115, "log10_colsample_bytree": -0.46215870089737154, "log10_eta": -2.466518423037166, "log10_lambda": -0.13946351859735806, "log10_min_child_weight": 1.5141614398322456, "log10_subsample": -0.6805901168611351, "max_depth": 2.0, "num_boost_round": 74.0}, "datetime": {"datetime": "2024-01-19 00:26:54", "elapsed": 918.974463, "delta": 0.002011}}
{"target": -13.758538191843602, "params": {"gamma": 439.04964269838035, "log10_alpha": -1.4140216667172119, "log10_colsample_bytree": -1.0, "log10_eta": -4.0, "log10_lambda": 1.0, "log10_min_child_weight": 5.0, "log10_subsample": -0.565242353651979, "max_depth": 8.0, "num_boost_round": 0.0}, "datetime": {"datetime": "2024-01-19 00:27:43", "elapsed": 967.000519, "delta": 48.026056}}
{"target": -13.7585376398113, "params": {"gamma": 439.04964269838035, "log10_alpha": -1.4140216667172119, "log10_colsample_bytree": -1.0, "log10_eta": -4.0, "log10_lambda": 1.0, "log10_min_child_weight": 5.0, "log10_subsample": -0.565242353651979, "max_depth": 8.0, "num_boost_round": 1.0}, "datetime": {"datetime": "2024-01-19 00:27:43", "elapsed": 967.002655, "delta": 0.002136}}
{"target": -13.758537588157832, "params": {"gamma": 439.04964269838035, "log10_alpha": -1.4140216667172119, "log10_colsample_bytree": -1.0, "log10_eta": -4.0, "log10_lambda": 1.0, "log10_min_child_weight": 5.0, "log10_subsample": -0.565242353651979, "max_depth": 8.0, "num_boost_round": 2.0}, "datetime": {"datetime": "2024-01-19 00:27:43", "elapsed": 967.004949, "delta": 0.002294}}
{"target": -13.75853756074042, "params": {"gamma": 439.04964269838035, "log10_alpha": -1.4140216667172119, "log10_colsample_bytree": -1.0, "log10_eta": -4.0, "log10_lambda": 1.0, "log10_min_child_weight": 5.0, "log10_subsample": -0.565242353651979, "max_depth": 8.0, "num_boost_round": 3.0}, "datetime": {"datetime": "2024-01-19 00:27:43", "elapsed": 967.00695, "delta": 0.002001}}
{"target": -13.758537180730348, "params": {"gamma": 439.04964269838035, "log10_alpha": -1.4140216667172119, "log10_colsample_bytree": -1.0, "log10_eta": -4.0, "log10_lambda": 1.0, "log10_min_child_weight": 5.0, "log10_subsample": -0.565242353651979, "max_depth": 8.0, "num_boost_round": 4.0}, "datetime": {"datetime": "2024-01-19 00:27:43", "elapsed": 967.008939, "delta": 0.001989}}
{"target": -13.758537295968292, "params": {"gamma": 439.04964269838035, "log10_alpha": -1.4140216667172119, "log10_colsample_bytree": -1.0, "log10_eta": -4.0, "log10_lambda": 1.0, "log10_min_child_weight": 5.0, "log10_subsample": -0.565242353651979, "max_depth": 8.0, "num_boost_round": 5.0}, "datetime": {"datetime": "2024-01-19 00:27:43", "elapsed": 967.010949, "delta": 0.00201}}
{"target": -13.758537157949132, "params": {"gamma": 439.04964269838035, "log10_alpha": -1.4140216667172119, "log10_colsample_bytree": -1.0, "log10_eta": -4.0, "log10_lambda": 1.0, "log10_min_child_weight": 5.0, "log10_subsample": -0.565242353651979, "max_depth": 8.0, "num_boost_round": 6.0}, "datetime": {"datetime": "2024-01-19 00:27:43", "elapsed": 967.013679, "delta": 0.00273}}
{"target": -13.758536759024457, "params": {"gamma": 439.04964269838035, "log10_alpha": -1.4140216667172119, "log10_colsample_bytree": -1.0, "log10_eta": -4.0, "log10_lambda": 1.0, "log10_min_child_weight": 5.0, "log10_subsample": -0.565242353651979, "max_depth": 8.0, "num_boost_round": 7.0}, "datetime": {"datetime": "2024-01-19 00:27:43", "elapsed": 967.016252, "delta": 0.002573}}
{"target": -13.758536586151978, "params": {"gamma": 439.04964269838035, "log10_alpha": -1.4140216667172119, "log10_colsample_bytree": -1.0, "log10_eta": -4.0, "log10_lambda": 1.0, "log10_min_child_weight": 5.0, "log10_subsample": -0.565242353651979, "max_depth": 8.0, "num_boost_round": 8.0}, "datetime": {"datetime": "2024-01-19 00:27:43", "elapsed": 967.018236, "delta": 0.001984}}
{"target": -13.758536303714438, "params": {"gamma": 439.04964269838035, "log10_alpha": -1.4140216667172119, "log10_colsample_bytree": -1.0, "log10_eta": -4.0, "log10_lambda": 1.0, "log10_min_child_weight": 5.0, "log10_subsample": -0.565242353651979, "max_depth": 8.0, "num_boost_round": 9.0}, "datetime": {"datetime": "2024-01-19 00:27:43", "elapsed": 967.020316, "delta": 0.00208}}
{"target": -13.758536050059584, "params": {"gamma": 439.04964269838035, "log10_alpha": -1.4140216667172119, "log10_colsample_bytree": -1.0, "log10_eta": -4.0, "log10_lambda": 1.0, "log10_min_child_weight": 5.0, "log10_subsample": -0.565242353651979, "max_depth": 8.0, "num_boost_round": 10.0}, "datetime": {"datetime": "2024-01-19 00:27:43", "elapsed": 967.022341, "delta": 0.002025}}
{"target": -13.758535660906231, "params": {"gamma": 439.04964269838035, "log10_alpha": -1.4140216667172119, "log10_colsample_bytree": -1.0, "log10_eta": -4.0, "log10_lambda": 1.0, "log10_min_child_weight": 5.0, "log10_subsample": -0.565242353651979, "max_depth": 8.0, "num_boost_round": 11.0}, "datetime": {"datetime": "2024-01-19 00:27:43", "elapsed": 967.024425, "delta": 0.002084}}
{"target": -13.758535726466947, "params": {"gamma": 439.04964269838035, "log10_alpha": -1.4140216667172119, "log10_colsample_bytree": -1.0, "log10_eta": -4.0, "log10_lambda": 1.0, "log10_min_child_weight": 5.0, "log10_subsample": -0.565242353651979, "max_depth": 8.0, "num_boost_round": 12.0}, "datetime": {"datetime": "2024-01-19 00:27:43", "elapsed": 967.026754, "delta": 0.002329}}
{"target": -13.758535544338786, "params": {"gamma": 439.04964269838035, "log10_alpha": -1.4140216667172119, "log10_colsample_bytree": -1.0, "log10_eta": -4.0, "log10_lambda": 1.0, "log10_min_child_weight": 5.0, "log10_subsample": -0.565242353651979, "max_depth": 8.0, "num_boost_round": 13.0}, "datetime": {"datetime": "2024-01-19 00:27:43", "elapsed": 967.028926, "delta": 0.002172}}
{"target": -13.758535366093025, "params": {"gamma": 439.04964269838035, "log10_alpha": -1.4140216667172119, "log10_colsample_bytree": -1.0, "log10_eta": -4.0, "log10_lambda": 1.0, "log10_min_child_weight": 5.0, "log10_subsample": -0.565242353651979, "max_depth": 8.0, "num_boost_round": 14.0}, "datetime": {"datetime": "2024-01-19 00:27:43", "elapsed": 967.031009, "delta": 0.002083}}
{"target": -13.758534672741721, "params": {"gamma": 439.04964269838035, "log10_alpha": -1.4140216667172119, "log10_colsample_bytree": -1.0, "log10_eta": -4.0, "log10_lambda": 1.0, "log10_min_child_weight": 5.0, "log10_subsample": -0.565242353651979, "max_depth": 8.0, "num_boost_round": 15.0}, "datetime": {"datetime": "2024-01-19 00:27:43", "elapsed": 967.033008, "delta": 0.001999}}
{"target": -13.758534572893103, "params": {"gamma": 439.04964269838035, "log10_alpha": -1.4140216667172119, "log10_colsample_bytree": -1.0, "log10_eta": -4.0, "log10_lambda": 1.0, "log10_min_child_weight": 5.0, "log10_subsample": -0.565242353651979, "max_depth": 8.0, "num_boost_round": 16.0}, "datetime": {"datetime": "2024-01-19 00:27:43", "elapsed": 967.035097, "delta": 0.002089}}
{"target": -13.758534497937568, "params": {"gamma": 439.04964269838035, "log10_alpha": -1.4140216667172119, "log10_colsample_bytree": -1.0, "log10_eta": -4.0, "log10_lambda": 1.0, "log10_min_child_weight": 5.0, "log10_subsample": -0.565242353651979, "max_depth": 8.0, "num_boost_round": 17.0}, "datetime": {"datetime": "2024-01-19 00:27:43", "elapsed": 967.037104, "delta": 0.002007}}
{"target": -13.758534406647625, "params": {"gamma": 439.04964269838035, "log10_alpha": -1.4140216667172119, "log10_colsample_bytree": -1.0, "log10_eta": -4.0, "log10_lambda": 1.0, "log10_min_child_weight": 5.0, "log10_subsample": -0.565242353651979, "max_depth": 8.0, "num_boost_round": 18.0}, "datetime": {"datetime": "2024-01-19 00:27:43", "elapsed": 967.039122, "delta": 0.002018}}
{"target": -13.758534088127004, "params": {"gamma": 439.04964269838035, "log10_alpha": -1.4140216667172119, "log10_colsample_bytree": -1.0, "log10_eta": -4.0, "log10_lambda": 1.0, "log10_min_child_weight": 5.0, "log10_subsample": -0.565242353651979, "max_depth": 8.0, "num_boost_round": 19.0}, "datetime": {"datetime": "2024-01-19 00:27:43", "elapsed": 967.041124, "delta": 0.002002}}
{"target": -13.758533730946207, "params": {"gamma": 439.04964269838035, "log10_alpha": -1.4140216667172119, "log10_colsample_bytree": -1.0, "log10_eta": -4.0, "log10_lambda": 1.0, "log10_min_child_weight": 5.0, "log10_subsample": -0.565242353651979, "max_depth": 8.0, "num_boost_round": 20.0}, "datetime": {"datetime": "2024-01-19 00:27:43", "elapsed": 967.043193, "delta": 0.002069}}
{"target": -13.758533337381419, "params": {"gamma": 439.04964269838035, "log10_alpha": -1.4140216667172119, "log10_colsample_bytree": -1.0, "log10_eta": -4.0, "log10_lambda": 1.0, "log10_min_child_weight": 5.0, "log10_subsample": -0.565242353651979, "max_depth": 8.0, "num_boost_round": 21.0}, "datetime": {"datetime": "2024-01-19 00:27:43", "elapsed": 967.045209, "delta": 0.002016}}
{"target": -13.758533322978012, "params": {"gamma": 439.04964269838035, "log10_alpha": -1.4140216667172119, "log10_colsample_bytree": -1.0, "log10_eta": -4.0, "log10_lambda": 1.0, "log10_min_child_weight": 5.0, "log10_subsample": -0.565242353651979, "max_depth": 8.0, "num_boost_round": 22.0}, "datetime": {"datetime": "2024-01-19 00:27:43", "elapsed": 967.047228, "delta": 0.002019}}
{"target": -13.758533171476014, "params": {"gamma": 439.04964269838035, "log10_alpha": -1.4140216667172119, "log10_colsample_bytree": -1.0, "log10_eta": -4.0, "log10_lambda": 1.0, "log10_min_child_weight": 5.0, "log10_subsample": -0.565242353651979, "max_depth": 8.0, "num_boost_round": 23.0}, "datetime": {"datetime": "2024-01-19 00:27:43", "elapsed": 967.049243, "delta": 0.002015}}
{"target": -13.758533120738873, "params": {"gamma": 439.04964269838035, "log10_alpha": -1.4140216667172119, "log10_colsample_bytree": -1.0, "log10_eta": -4.0, "log10_lambda": 1.0, "log10_min_child_weight": 5.0, "log10_subsample": -0.565242353651979, "max_depth": 8.0, "num_boost_round": 24.0}, "datetime": {"datetime": "2024-01-19 00:27:43", "elapsed": 967.0513, "delta": 0.002057}}
{"target": -13.758533060893223, "params": {"gamma": 439.04964269838035, "log10_alpha": -1.4140216667172119, "log10_colsample_bytree": -1.0, "log10_eta": -4.0, "log10_lambda": 1.0, "log10_min_child_weight": 5.0, "log10_subsample": -0.565242353651979, "max_depth": 8.0, "num_boost_round": 25.0}, "datetime": {"datetime": "2024-01-19 00:27:43", "elapsed": 967.053321, "delta": 0.002021}}
{"target": -13.758533031645989, "params": {"gamma": 439.04964269838035, "log10_alpha": -1.4140216667172119, "log10_colsample_bytree": -1.0, "log10_eta": -4.0, "log10_lambda": 1.0, "log10_min_child_weight": 5.0, "log10_subsample": -0.565242353651979, "max_depth": 8.0, "num_boost_round": 26.0}, "datetime": {"datetime": "2024-01-19 00:27:43", "elapsed": 967.055399, "delta": 0.002078}}
{"target": -13.758533228845312, "params": {"gamma": 439.04964269838035, "log10_alpha": -1.4140216667172119, "log10_colsample_bytree": -1.0, "log10_eta": -4.0, "log10_lambda": 1.0, "log10_min_child_weight": 5.0, "log10_subsample": -0.565242353651979, "max_depth": 8.0, "num_boost_round": 27.0}, "datetime": {"datetime": "2024-01-19 00:27:43", "elapsed": 967.057429, "delta": 0.00203}}
{"target": -13.758532501719383, "params": {"gamma": 439.04964269838035, "log10_alpha": -1.4140216667172119, "log10_colsample_bytree": -1.0, "log10_eta": -4.0, "log10_lambda": 1.0, "log10_min_child_weight": 5.0, "log10_subsample": -0.565242353651979, "max_depth": 8.0, "num_boost_round": 28.0}, "datetime": {"datetime": "2024-01-19 00:27:43", "elapsed": 967.05946, "delta": 0.002031}}
{"target": -13.75853196327318, "params": {"gamma": 439.04964269838035, "log10_alpha": -1.4140216667172119, "log10_colsample_bytree": -1.0, "log10_eta": -4.0, "log10_lambda": 1.0, "log10_min_child_weight": 5.0, "log10_subsample": -0.565242353651979, "max_depth": 8.0, "num_boost_round": 29.0}, "datetime": {"datetime": "2024-01-19 00:27:43", "elapsed": 967.061488, "delta": 0.002028}}
{"target": -13.758531852392881, "params": {"gamma": 439.04964269838035, "log10_alpha": -1.4140216667172119, "log10_colsample_bytree": -1.0, "log10_eta": -4.0, "log10_lambda": 1.0, "log10_min_child_weight": 5.0, "log10_subsample": -0.565242353651979, "max_depth": 8.0, "num_boost_round": 30.0}, "datetime": {"datetime": "2024-01-19 00:27:43", "elapsed": 967.063551, "delta": 0.002063}}
{"target": -13.758531473711226, "params": {"gamma": 439.04964269838035, "log10_alpha": -1.4140216667172119, "log10_colsample_bytree": -1.0, "log10_eta": -4.0, "log10_lambda": 1.0, "log10_min_child_weight": 5.0, "log10_subsample": -0.565242353651979, "max_depth": 8.0, "num_boost_round": 31.0}, "datetime": {"datetime": "2024-01-19 00:27:43", "elapsed": 967.065594, "delta": 0.002043}}
{"target": -13.75853105234138, "params": {"gamma": 439.04964269838035, "log10_alpha": -1.4140216667172119, "log10_colsample_bytree": -1.0, "log10_eta": -4.0, "log10_lambda": 1.0, "log10_min_child_weight": 5.0, "log10_subsample": -0.565242353651979, "max_depth": 8.0, "num_boost_round": 32.0}, "datetime": {"datetime": "2024-01-19 00:27:43", "elapsed": 967.067634, "delta": 0.00204}}
{"target": -13.758530405614106, "params": {"gamma": 439.04964269838035, "log10_alpha": -1.4140216667172119, "log10_colsample_bytree": -1.0, "log10_eta": -4.0, "log10_lambda": 1.0, "log10_min_child_weight": 5.0, "log10_subsample": -0.565242353651979, "max_depth": 8.0, "num_boost_round": 33.0}, "datetime": {"datetime": "2024-01-19 00:27:43", "elapsed": 967.069695, "delta": 0.002061}}
{"target": -13.75853001341172, "params": {"gamma": 439.04964269838035, "log10_alpha": -1.4140216667172119, "log10_colsample_bytree": -1.0, "log10_eta": -4.0, "log10_lambda": 1.0, "log10_min_child_weight": 5.0, "log10_subsample": -0.565242353651979, "max_depth": 8.0, "num_boost_round": 34.0}, "datetime": {"datetime": "2024-01-19 00:27:43", "elapsed": 967.071714, "delta": 0.002019}}
{"target": -13.758529968246474, "params": {"gamma": 439.04964269838035, "log10_alpha": -1.4140216667172119, "log10_colsample_bytree": -1.0, "log10_eta": -4.0, "log10_lambda": 1.0, "log10_min_child_weight": 5.0, "log10_subsample": -0.565242353651979, "max_depth": 8.0, "num_boost_round": 35.0}, "datetime": {"datetime": "2024-01-19 00:27:43", "elapsed": 967.073747, "delta": 0.002033}}
{"target": -13.758529630246223, "params": {"gamma": 439.04964269838035, "log10_alpha": -1.4140216667172119, "log10_colsample_bytree": -1.0, "log10_eta": -4.0, "log10_lambda": 1.0, "log10_min_child_weight": 5.0, "log10_subsample": -0.565242353651979, "max_depth": 8.0, "num_boost_round": 36.0}, "datetime": {"datetime": "2024-01-19 00:27:43", "elapsed": 967.075926, "delta": 0.002179}}
{"target": -13.758529176128869, "params": {"gamma": 439.04964269838035, "log10_alpha": -1.4140216667172119, "log10_colsample_bytree": -1.0, "log10_eta": -4.0, "log10_lambda": 1.0, "log10_min_child_weight": 5.0, "log10_subsample": -0.565242353651979, "max_depth": 8.0, "num_boost_round": 37.0}, "datetime": {"datetime": "2024-01-19 00:27:43", "elapsed": 967.078108, "delta": 0.002182}}
{"target": -13.758529019805566, "params": {"gamma": 439.04964269838035, "log10_alpha": -1.4140216667172119, "log10_colsample_bytree": -1.0, "log10_eta": -4.0, "log10_lambda": 1.0, "log10_min_child_weight": 5.0, "log10_subsample": -0.565242353651979, "max_depth": 8.0, "num_boost_round": 38.0}, "datetime": {"datetime": "2024-01-19 00:27:43", "elapsed": 967.080317, "delta": 0.002209}}
{"target": -13.758528762782108, "params": {"gamma": 439.04964269838035, "log10_alpha": -1.4140216667172119, "log10_colsample_bytree": -1.0, "log10_eta": -4.0, "log10_lambda": 1.0, "log10_min_child_weight": 5.0, "log10_subsample": -0.565242353651979, "max_depth": 8.0, "num_boost_round": 39.0}, "datetime": {"datetime": "2024-01-19 00:27:43", "elapsed": 967.082356, "delta": 0.002039}}
{"target": -13.758528359791322, "params": {"gamma": 439.04964269838035, "log10_alpha": -1.4140216667172119, "log10_colsample_bytree": -1.0, "log10_eta": -4.0, "log10_lambda": 1.0, "log10_min_child_weight": 5.0, "log10_subsample": -0.565242353651979, "max_depth": 8.0, "num_boost_round": 40.0}, "datetime": {"datetime": "2024-01-19 00:27:43", "elapsed": 967.084466, "delta": 0.00211}}
{"target": -13.758528242591352, "params": {"gamma": 439.04964269838035, "log10_alpha": -1.4140216667172119, "log10_colsample_bytree": -1.0, "log10_eta": -4.0, "log10_lambda": 1.0, "log10_min_child_weight": 5.0, "log10_subsample": -0.565242353651979, "max_depth": 8.0, "num_boost_round": 41.0}, "datetime": {"datetime": "2024-01-19 00:27:43", "elapsed": 967.086503, "delta": 0.002037}}
{"target": -13.758528034760618, "params": {"gamma": 439.04964269838035, "log10_alpha": -1.4140216667172119, "log10_colsample_bytree": -1.0, "log10_eta": -4.0, "log10_lambda": 1.0, "log10_min_child_weight": 5.0, "log10_subsample": -0.565242353651979, "max_depth": 8.0, "num_boost_round": 42.0}, "datetime": {"datetime": "2024-01-19 00:27:43", "elapsed": 967.088537, "delta": 0.002034}}
{"target": -13.758527797110766, "params": {"gamma": 439.04964269838035, "log10_alpha": -1.4140216667172119, "log10_colsample_bytree": -1.0, "log10_eta": -4.0, "log10_lambda": 1.0, "log10_min_child_weight": 5.0, "log10_subsample": -0.565242353651979, "max_depth": 8.0, "num_boost_round": 43.0}, "datetime": {"datetime": "2024-01-19 00:27:43", "elapsed": 967.090627, "delta": 0.00209}}
{"target": -13.75852704082445, "params": {"gamma": 439.04964269838035, "log10_alpha": -1.4140216667172119, "log10_colsample_bytree": -1.0, "log10_eta": -4.0, "log10_lambda": 1.0, "log10_min_child_weight": 5.0, "log10_subsample": -0.565242353651979, "max_depth": 8.0, "num_boost_round": 44.0}, "datetime": {"datetime": "2024-01-19 00:27:43", "elapsed": 967.092664, "delta": 0.002037}}
{"target": -13.758526443273354, "params": {"gamma": 439.04964269838035, "log10_alpha": -1.4140216667172119, "log10_colsample_bytree": -1.0, "log10_eta": -4.0, "log10_lambda": 1.0, "log10_min_child_weight": 5.0, "log10_subsample": -0.565242353651979, "max_depth": 8.0, "num_boost_round": 45.0}, "datetime": {"datetime": "2024-01-19 00:27:43", "elapsed": 967.094814, "delta": 0.00215}}
{"target": -13.758526107488109, "params": {"gamma": 439.04964269838035, "log10_alpha": -1.4140216667172119, "log10_colsample_bytree": -1.0, "log10_eta": -4.0, "log10_lambda": 1.0, "log10_min_child_weight": 5.0, "log10_subsample": -0.565242353651979, "max_depth": 8.0, "num_boost_round": 46.0}, "datetime": {"datetime": "2024-01-19 00:27:43", "elapsed": 967.096855, "delta": 0.002041}}
{"target": -13.758526159361319, "params": {"gamma": 439.04964269838035, "log10_alpha": -1.4140216667172119, "log10_colsample_bytree": -1.0, "log10_eta": -4.0, "log10_lambda": 1.0, "log10_min_child_weight": 5.0, "log10_subsample": -0.565242353651979, "max_depth": 8.0, "num_boost_round": 47.0}, "datetime": {"datetime": "2024-01-19 00:27:43", "elapsed": 967.098893, "delta": 0.002038}}
{"target": -13.75852568760508, "params": {"gamma": 439.04964269838035, "log10_alpha": -1.4140216667172119, "log10_colsample_bytree": -1.0, "log10_eta": -4.0, "log10_lambda": 1.0, "log10_min_child_weight": 5.0, "log10_subsample": -0.565242353651979, "max_depth": 8.0, "num_boost_round": 48.0}, "datetime": {"datetime": "2024-01-19 00:27:43", "elapsed": 967.100923, "delta": 0.00203}}
{"target": -13.758525435427497, "params": {"gamma": 439.04964269838035, "log10_alpha": -1.4140216667172119, "log10_colsample_bytree": -1.0, "log10_eta": -4.0, "log10_lambda": 1.0, "log10_min_child_weight": 5.0, "log10_subsample": -0.565242353651979, "max_depth": 8.0, "num_boost_round": 49.0}, "datetime": {"datetime": "2024-01-19 00:27:43", "elapsed": 967.102981, "delta": 0.002058}}
{"target": -13.758525317233294, "params": {"gamma": 439.04964269838035, "log10_alpha": -1.4140216667172119, "log10_colsample_bytree": -1.0, "log10_eta": -4.0, "log10_lambda": 1.0, "log10_min_child_weight": 5.0, "log10_subsample": -0.565242353651979, "max_depth": 8.0, "num_boost_round": 50.0}, "datetime": {"datetime": "2024-01-19 00:27:43", "elapsed": 967.105063, "delta": 0.002082}}
{"target": -13.75852518857495, "params": {"gamma": 439.04964269838035, "log10_alpha": -1.4140216667172119, "log10_colsample_bytree": -1.0, "log10_eta": -4.0, "log10_lambda": 1.0, "log10_min_child_weight": 5.0, "log10_subsample": -0.565242353651979, "max_depth": 8.0, "num_boost_round": 51.0}, "datetime": {"datetime": "2024-01-19 00:27:43", "elapsed": 967.107115, "delta": 0.002052}}
{"target": -13.758525141744176, "params": {"gamma": 439.04964269838035, "log10_alpha": -1.4140216667172119, "log10_colsample_bytree": -1.0, "log10_eta": -4.0, "log10_lambda": 1.0, "log10_min_child_weight": 5.0, "log10_subsample": -0.565242353651979, "max_depth": 8.0, "num_boost_round": 52.0}, "datetime": {"datetime": "2024-01-19 00:27:43", "elapsed": 967.109212, "delta": 0.002097}}
{"target": -13.758524828551156, "params": {"gamma": 439.04964269838035, "log10_alpha": -1.4140216667172119, "log10_colsample_bytree": -1.0, "log10_eta": -4.0, "log10_lambda": 1.0, "log10_min_child_weight": 5.0, "log10_subsample": -0.565242353651979, "max_depth": 8.0, "num_boost_round": 53.0}, "datetime": {"datetime": "2024-01-19 00:27:43", "elapsed": 967.111409, "delta": 0.002197}}
{"target": -13.758524599015287, "params": {"gamma": 439.04964269838035, "log10_alpha": -1.4140216667172119, "log10_colsample_bytree": -1.0, "log10_eta": -4.0, "log10_lambda": 1.0, "log10_min_child_weight": 5.0, "log10_subsample": -0.565242353651979, "max_depth": 8.0, "num_boost_round": 54.0}, "datetime": {"datetime": "2024-01-19 00:27:43", "elapsed": 967.113479, "delta": 0.00207}}
{"target": -13.758524114130658, "params": {"gamma": 439.04964269838035, "log10_alpha": -1.4140216667172119, "log10_colsample_bytree": -1.0, "log10_eta": -4.0, "log10_lambda": 1.0, "log10_min_child_weight": 5.0, "log10_subsample": -0.565242353651979, "max_depth": 8.0, "num_boost_round": 55.0}, "datetime": {"datetime": "2024-01-19 00:27:43", "elapsed": 967.115627, "delta": 0.002148}}
