{"target": -17.67560429470679, "params": {"gamma": 613.5122177821706, "log10_alpha": -3.3956514210963125, "log10_colsample_bytree": -0.7442683357305452, "log10_eta": -3.4903658230987222, "log10_lambda": 0.47700980692032413, "log10_min_child_weight": 2.3534262099750918, "log10_subsample": -0.5951940343722811, "max_depth": 4.0, "num_boost_round": 168.0}, "datetime": {"datetime": "2024-01-19 02:43:33", "elapsed": 9093.823035, "delta": 0.007016}}
{"target": -17.675604644464613, "params": {"gamma": 613.5122177821706, "log10_alpha": -3.3956514210963125, "log10_colsample_bytree": -0.7442683357305452, "log10_eta": -3.4903658230987222, "log10_lambda": 0.47700980692032413, "log10_min_child_weight": 2.3534262099750918, "log10_subsample": -0.5951940343722811, "max_depth": 4.0, "num_boost_round": 169.0}, "datetime": {"datetime": "2024-01-19 02:43:33", "elapsed": 9093.831104, "delta": 0.008069}}
{"target": -17.6755850632983, "params": {"gamma": 613.5122177821706, "log10_alpha": -3.3956514210963125, "log10_colsample_bytree": -0.7442683357305452, "log10_eta": -3.4903658230987222, "log10_lambda": 0.47700980692032413, "log10_min_child_weight": 2.3534262099750918, "log10_subsample": -0.5951940343722811, "max_depth": 4.0, "num_boost_round": 170.0}, "datetime": {"datetime": "2024-01-19 02:43:33", "elapsed": 9093.838606, "delta": 0.007502}}
{"target": -17.675579979136725, "params": {"gamma": 613.5122177821706, "log10_alpha": -3.3956514210963125, "log10_colsample_bytree": -0.7442683357305452, "log10_eta": -3.4903658230987222, "log10_lambda": 0.47700980692032413, "log10_min_child_weight": 2.3534262099750918, "log10_subsample": -0.5951940343722811, "max_depth": 4.0, "num_boost_round": 171.0}, "datetime": {"datetime": "2024-01-19 02:43:33", "elapsed": 9093.846006, "delta": 0.0074}}
{"target": -17.675569541167384, "params": {"gamma": 613.5122177821706, "log10_alpha": -3.3956514210963125, "log10_colsample_bytree": -0.7442683357305452, "log10_eta": -3.4903658230987222, "log10_lambda": 0.47700980692032413, "log10_min_child_weight": 2.3534262099750918, "log10_subsample": -0.5951940343722811, "max_depth": 4.0, "num_boost_round": 172.0}, "datetime": {"datetime": "2024-01-19 02:43:33", "elapsed": 9093.853266, "delta": 0.00726}}
{"target": -17.67556519658967, "params": {"gamma": 613.5122177821706, "log10_alpha": -3.3956514210963125, "log10_colsample_bytree": -0.7442683357305452, "log10_eta": -3.4903658230987222, "log10_lambda": 0.47700980692032413, "log10_min_child_weight": 2.3534262099750918, "log10_subsample": -0.5951940343722811, "max_depth": 4.0, "num_boost_round": 173.0}, "datetime": {"datetime": "2024-01-19 02:43:33", "elapsed": 9093.860456, "delta": 0.00719}}
{"target": -17.67555895247839, "params": {"gamma": 613.5122177821706, "log10_alpha": -3.3956514210963125, "log10_colsample_bytree": -0.7442683357305452, "log10_eta": -3.4903658230987222, "log10_lambda": 0.47700980692032413, "log10_min_child_weight": 2.3534262099750918, "log10_subsample": -0.5951940343722811, "max_depth": 4.0, "num_boost_round": 174.0}, "datetime": {"datetime": "2024-01-19 02:43:33", "elapsed": 9093.867631, "delta": 0.007175}}
{"target": -17.677221157871504, "params": {"gamma": 832.8557470525246, "log10_alpha": -2.9349285642737892, "log10_colsample_bytree": -0.4281420317661703, "log10_eta": -3.7303387329229305, "log10_lambda": 0.5792000385034104, "log10_min_child_weight": 0.8462737667649123, "log10_subsample": -0.8518130035341736, "max_depth": 9.0, "num_boost_round": 0.0}, "datetime": {"datetime": "2024-01-19 02:45:10", "elapsed": 9190.938835, "delta": 97.071204}}
{"target": -17.67722011934103, "params": {"gamma": 832.8557470525246, "log10_alpha": -2.9349285642737892, "log10_colsample_bytree": -0.4281420317661703, "log10_eta": -3.7303387329229305, "log10_lambda": 0.5792000385034104, "log10_min_child_weight": 0.8462737667649123, "log10_subsample": -0.8518130035341736, "max_depth": 9.0, "num_boost_round": 1.0}, "datetime": {"datetime": "2024-01-19 02:45:10", "elapsed": 9190.946785, "delta": 0.00795}}
{"target": -17.677215309338838, "params": {"gamma": 832.8557470525246, "log10_alpha": -2.9349285642737892, "log10_colsample_bytree": -0.4281420317661703, "log10_eta": -3.7303387329229305, "log10_lambda": 0.5792000385034104, "log10_min_child_weight": 0.8462737667649123, "log10_subsample": -0.8518130035341736, "max_depth": 9.0, "num_boost_round": 2.0}, "datetime": {"datetime": "2024-01-19 02:45:10", "elapsed": 9190.95422, "delta": 0.007435}}
{"target": -17.677210918481684, "params": {"gamma": 832.8557470525246, "log10_alpha": -2.9349285642737892, "log10_colsample_bytree": -0.4281420317661703, "log10_eta": -3.7303387329229305, "log10_lambda": 0.5792000385034104, "log10_min_child_weight": 0.8462737667649123, "log10_subsample": -0.8518130035341736, "max_depth": 9.0, "num_boost_round": 3.0}, "datetime": {"datetime": "2024-01-19 02:45:10", "elapsed": 9190.961523, "delta": 0.007303}}
{"target": -17.677193580292347, "params": {"gamma": 832.8557470525246, "log10_alpha": -2.9349285642737892, "log10_colsample_bytree": -0.4281420317661703, "log10_eta": -3.7303387329229305, "log10_lambda": 0.5792000385034104, "log10_min_child_weight": 0.8462737667649123, "log10_subsample": -0.8518130035341736, "max_depth": 9.0, "num_boost_round": 4.0}, "datetime": {"datetime": "2024-01-19 02:45:10", "elapsed": 9190.968917, "delta": 0.007394}}
{"target": -17.67718961804907, "params": {"gamma": 832.8557470525246, "log10_alpha": -2.9349285642737892, "log10_colsample_bytree": -0.4281420317661703, "log10_eta": -3.7303387329229305, "log10_lambda": 0.5792000385034104, "log10_min_child_weight": 0.8462737667649123, "log10_subsample": -0.8518130035341736, "max_depth": 9.0, "num_boost_round": 5.0}, "datetime": {"datetime": "2024-01-19 02:45:10", "elapsed": 9190.976242, "delta": 0.007325}}
{"target": -17.677171091335723, "params": {"gamma": 832.8557470525246, "log10_alpha": -2.9349285642737892, "log10_colsample_bytree": -0.4281420317661703, "log10_eta": -3.7303387329229305, "log10_lambda": 0.5792000385034104, "log10_min_child_weight": 0.8462737667649123, "log10_subsample": -0.8518130035341736, "max_depth": 9.0, "num_boost_round": 6.0}, "datetime": {"datetime": "2024-01-19 02:45:10", "elapsed": 9190.983297, "delta": 0.007055}}
{"target": -17.677159902145277, "params": {"gamma": 832.8557470525246, "log10_alpha": -2.9349285642737892, "log10_colsample_bytree": -0.4281420317661703, "log10_eta": -3.7303387329229305, "log10_lambda": 0.5792000385034104, "log10_min_child_weight": 0.8462737667649123, "log10_subsample": -0.8518130035341736, "max_depth": 9.0, "num_boost_round": 7.0}, "datetime": {"datetime": "2024-01-19 02:45:10", "elapsed": 9190.990287, "delta": 0.00699}}
{"target": -17.677155692499735, "params": {"gamma": 832.8557470525246, "log10_alpha": -2.9349285642737892, "log10_colsample_bytree": -0.4281420317661703, "log10_eta": -3.7303387329229305, "log10_lambda": 0.5792000385034104, "log10_min_child_weight": 0.8462737667649123, "log10_subsample": -0.8518130035341736, "max_depth": 9.0, "num_boost_round": 8.0}, "datetime": {"datetime": "2024-01-19 02:45:10", "elapsed": 9191.000741, "delta": 0.010454}}
{"target": -17.67714575073558, "params": {"gamma": 832.8557470525246, "log10_alpha": -2.9349285642737892, "log10_colsample_bytree": -0.4281420317661703, "log10_eta": -3.7303387329229305, "log10_lambda": 0.5792000385034104, "log10_min_child_weight": 0.8462737667649123, "log10_subsample": -0.8518130035341736, "max_depth": 9.0, "num_boost_round": 9.0}, "datetime": {"datetime": "2024-01-19 02:45:10", "elapsed": 9191.007764, "delta": 0.007023}}
{"target": -17.67713323506134, "params": {"gamma": 832.8557470525246, "log10_alpha": -2.9349285642737892, "log10_colsample_bytree": -0.4281420317661703, "log10_eta": -3.7303387329229305, "log10_lambda": 0.5792000385034104, "log10_min_child_weight": 0.8462737667649123, "log10_subsample": -0.8518130035341736, "max_depth": 9.0, "num_boost_round": 10.0}, "datetime": {"datetime": "2024-01-19 02:45:10", "elapsed": 9191.015045, "delta": 0.007281}}
{"target": -17.677123898870484, "params": {"gamma": 832.8557470525246, "log10_alpha": -2.9349285642737892, "log10_colsample_bytree": -0.4281420317661703, "log10_eta": -3.7303387329229305, "log10_lambda": 0.5792000385034104, "log10_min_child_weight": 0.8462737667649123, "log10_subsample": -0.8518130035341736, "max_depth": 9.0, "num_boost_round": 11.0}, "datetime": {"datetime": "2024-01-19 02:45:10", "elapsed": 9191.022501, "delta": 0.007456}}
{"target": -17.67722746136463, "params": {"gamma": 842.2204219874012, "log10_alpha": -2.4234545711109376, "log10_colsample_bytree": -0.9763630554080076, "log10_eta": -3.2342446937231495, "log10_lambda": -4.090734431579302, "log10_min_child_weight": 4.887096450180154, "log10_subsample": -0.30597160045508853, "max_depth": 4.0, "num_boost_round": 0.0}, "datetime": {"datetime": "2024-01-19 02:47:32", "elapsed": 9333.431796, "delta": 142.409295}}
{"target": -17.677218024986903, "params": {"gamma": 842.2204219874012, "log10_alpha": -2.4234545711109376, "log10_colsample_bytree": -0.9763630554080076, "log10_eta": -3.2342446937231495, "log10_lambda": -4.090734431579302, "log10_min_child_weight": 4.887096450180154, "log10_subsample": -0.30597160045508853, "max_depth": 4.0, "num_boost_round": 1.0}, "datetime": {"datetime": "2024-01-19 02:47:32", "elapsed": 9333.440136, "delta": 0.00834}}
{"target": -17.67721898657145, "params": {"gamma": 842.2204219874012, "log10_alpha": -2.4234545711109376, "log10_colsample_bytree": -0.9763630554080076, "log10_eta": -3.2342446937231495, "log10_lambda": -4.090734431579302, "log10_min_child_weight": 4.887096450180154, "log10_subsample": -0.30597160045508853, "max_depth": 4.0, "num_boost_round": 2.0}, "datetime": {"datetime": "2024-01-19 02:47:32", "elapsed": 9333.447464, "delta": 0.007328}}
{"target": -17.67721462728126, "params": {"gamma": 842.2204219874012, "log10_alpha": -2.4234545711109376, "log10_colsample_bytree": -0.9763630554080076, "log10_eta": -3.2342446937231495, "log10_lambda": -4.090734431579302, "log10_min_child_weight": 4.887096450180154, "log10_subsample": -0.30597160045508853, "max_depth": 4.0, "num_boost_round": 3.0}, "datetime": {"datetime": "2024-01-19 02:47:32", "elapsed": 9333.454795, "delta": 0.007331}}
{"target": -17.677210938864217, "params": {"gamma": 842.2204219874012, "log10_alpha": -2.4234545711109376, "log10_colsample_bytree": -0.9763630554080076, "log10_eta": -3.2342446937231495, "log10_lambda": -4.090734431579302, "log10_min_child_weight": 4.887096450180154, "log10_subsample": -0.30597160045508853, "max_depth": 4.0, "num_boost_round": 4.0}, "datetime": {"datetime": "2024-01-19 02:47:32", "elapsed": 9333.46189, "delta": 0.007095}}
{"target": -17.67720694011852, "params": {"gamma": 842.2204219874012, "log10_alpha": -2.4234545711109376, "log10_colsample_bytree": -0.9763630554080076, "log10_eta": -3.2342446937231495, "log10_lambda": -4.090734431579302, "log10_min_child_weight": 4.887096450180154, "log10_subsample": -0.30597160045508853, "max_depth": 4.0, "num_boost_round": 5.0}, "datetime": {"datetime": "2024-01-19 02:47:32", "elapsed": 9333.468946, "delta": 0.007056}}
{"target": -17.67720194164247, "params": {"gamma": 842.2204219874012, "log10_alpha": -2.4234545711109376, "log10_colsample_bytree": -0.9763630554080076, "log10_eta": -3.2342446937231495, "log10_lambda": -4.090734431579302, "log10_min_child_weight": 4.887096450180154, "log10_subsample": -0.30597160045508853, "max_depth": 4.0, "num_boost_round": 6.0}, "datetime": {"datetime": "2024-01-19 02:47:32", "elapsed": 9333.47607, "delta": 0.007124}}
{"target": -17.67719613202673, "params": {"gamma": 842.2204219874012, "log10_alpha": -2.4234545711109376, "log10_colsample_bytree": -0.9763630554080076, "log10_eta": -3.2342446937231495, "log10_lambda": -4.090734431579302, "log10_min_child_weight": 4.887096450180154, "log10_subsample": -0.30597160045508853, "max_depth": 4.0, "num_boost_round": 7.0}, "datetime": {"datetime": "2024-01-19 02:47:32", "elapsed": 9333.483305, "delta": 0.007235}}
{"target": -17.677194235802812, "params": {"gamma": 842.2204219874012, "log10_alpha": -2.4234545711109376, "log10_colsample_bytree": -0.9763630554080076, "log10_eta": -3.2342446937231495, "log10_lambda": -4.090734431579302, "log10_min_child_weight": 4.887096450180154, "log10_subsample": -0.30597160045508853, "max_depth": 4.0, "num_boost_round": 8.0}, "datetime": {"datetime": "2024-01-19 02:47:32", "elapsed": 9333.490367, "delta": 0.007062}}
{"target": -17.6771918564285, "params": {"gamma": 842.2204219874012, "log10_alpha": -2.4234545711109376, "log10_colsample_bytree": -0.9763630554080076, "log10_eta": -3.2342446937231495, "log10_lambda": -4.090734431579302, "log10_min_child_weight": 4.887096450180154, "log10_subsample": -0.30597160045508853, "max_depth": 4.0, "num_boost_round": 9.0}, "datetime": {"datetime": "2024-01-19 02:47:32", "elapsed": 9333.497299, "delta": 0.006932}}
{"target": -17.677194760208728, "params": {"gamma": 842.2204219874012, "log10_alpha": -2.4234545711109376, "log10_colsample_bytree": -0.9763630554080076, "log10_eta": -3.2342446937231495, "log10_lambda": -4.090734431579302, "log10_min_child_weight": 4.887096450180154, "log10_subsample": -0.30597160045508853, "max_depth": 4.0, "num_boost_round": 10.0}, "datetime": {"datetime": "2024-01-19 02:47:32", "elapsed": 9333.504249, "delta": 0.00695}}
{"target": -17.677185300694106, "params": {"gamma": 842.2204219874012, "log10_alpha": -2.4234545711109376, "log10_colsample_bytree": -0.9763630554080076, "log10_eta": -3.2342446937231495, "log10_lambda": -4.090734431579302, "log10_min_child_weight": 4.887096450180154, "log10_subsample": -0.30597160045508853, "max_depth": 4.0, "num_boost_round": 11.0}, "datetime": {"datetime": "2024-01-19 02:47:32", "elapsed": 9333.641997, "delta": 0.137748}}
{"target": -17.677176473153253, "params": {"gamma": 842.2204219874012, "log10_alpha": -2.4234545711109376, "log10_colsample_bytree": -0.9763630554080076, "log10_eta": -3.2342446937231495, "log10_lambda": -4.090734431579302, "log10_min_child_weight": 4.887096450180154, "log10_subsample": -0.30597160045508853, "max_depth": 4.0, "num_boost_round": 12.0}, "datetime": {"datetime": "2024-01-19 02:47:33", "elapsed": 9333.650273, "delta": 0.008276}}
{"target": -17.677169847920936, "params": {"gamma": 842.2204219874012, "log10_alpha": -2.4234545711109376, "log10_colsample_bytree": -0.9763630554080076, "log10_eta": -3.2342446937231495, "log10_lambda": -4.090734431579302, "log10_min_child_weight": 4.887096450180154, "log10_subsample": -0.30597160045508853, "max_depth": 4.0, "num_boost_round": 13.0}, "datetime": {"datetime": "2024-01-19 02:47:33", "elapsed": 9333.657906, "delta": 0.007633}}
{"target": -17.677207404230764, "params": {"gamma": 840.813086889017, "log10_alpha": -0.1501744547276136, "log10_colsample_bytree": -0.03203114801022311, "log10_eta": -3.253376271182931, "log10_lambda": -0.19356948187526868, "log10_min_child_weight": 2.302608187842284, "log10_subsample": -0.7345454666343242, "max_depth": 5.0, "num_boost_round": 0.0}, "datetime": {"datetime": "2024-01-19 02:50:10", "elapsed": 9490.915674, "delta": 157.257768}}
{"target": -17.677167739771168, "params": {"gamma": 840.813086889017, "log10_alpha": -0.1501744547276136, "log10_colsample_bytree": -0.03203114801022311, "log10_eta": -3.253376271182931, "log10_lambda": -0.19356948187526868, "log10_min_child_weight": 2.302608187842284, "log10_subsample": -0.7345454666343242, "max_depth": 5.0, "num_boost_round": 1.0}, "datetime": {"datetime": "2024-01-19 02:50:10", "elapsed": 9490.923962, "delta": 0.008288}}
{"target": -17.67713431217066, "params": {"gamma": 840.813086889017, "log10_alpha": -0.1501744547276136, "log10_colsample_bytree": -0.03203114801022311, "log10_eta": -3.253376271182931, "log10_lambda": -0.19356948187526868, "log10_min_child_weight": 2.302608187842284, "log10_subsample": -0.7345454666343242, "max_depth": 5.0, "num_boost_round": 2.0}, "datetime": {"datetime": "2024-01-19 02:50:10", "elapsed": 9490.931233, "delta": 0.007271}}
{"target": -17.677113106411277, "params": {"gamma": 840.813086889017, "log10_alpha": -0.1501744547276136, "log10_colsample_bytree": -0.03203114801022311, "log10_eta": -3.253376271182931, "log10_lambda": -0.19356948187526868, "log10_min_child_weight": 2.302608187842284, "log10_subsample": -0.7345454666343242, "max_depth": 5.0, "num_boost_round": 3.0}, "datetime": {"datetime": "2024-01-19 02:50:10", "elapsed": 9490.938362, "delta": 0.007129}}
{"target": -17.67707681296476, "params": {"gamma": 840.813086889017, "log10_alpha": -0.1501744547276136, "log10_colsample_bytree": -0.03203114801022311, "log10_eta": -3.253376271182931, "log10_lambda": -0.19356948187526868, "log10_min_child_weight": 2.302608187842284, "log10_subsample": -0.7345454666343242, "max_depth": 5.0, "num_boost_round": 4.0}, "datetime": {"datetime": "2024-01-19 02:50:10", "elapsed": 9490.945419, "delta": 0.007057}}
{"target": -17.677047395638702, "params": {"gamma": 840.813086889017, "log10_alpha": -0.1501744547276136, "log10_colsample_bytree": -0.03203114801022311, "log10_eta": -3.253376271182931, "log10_lambda": -0.19356948187526868, "log10_min_child_weight": 2.302608187842284, "log10_subsample": -0.7345454666343242, "max_depth": 5.0, "num_boost_round": 5.0}, "datetime": {"datetime": "2024-01-19 02:50:10", "elapsed": 9490.952476, "delta": 0.007057}}
{"target": -17.677030595745187, "params": {"gamma": 840.813086889017, "log10_alpha": -0.1501744547276136, "log10_colsample_bytree": -0.03203114801022311, "log10_eta": -3.253376271182931, "log10_lambda": -0.19356948187526868, "log10_min_child_weight": 2.302608187842284, "log10_subsample": -0.7345454666343242, "max_depth": 5.0, "num_boost_round": 6.0}, "datetime": {"datetime": "2024-01-19 02:50:10", "elapsed": 9490.959552, "delta": 0.007076}}
{"target": -17.67699508300115, "params": {"gamma": 840.813086889017, "log10_alpha": -0.1501744547276136, "log10_colsample_bytree": -0.03203114801022311, "log10_eta": -3.253376271182931, "log10_lambda": -0.19356948187526868, "log10_min_child_weight": 2.302608187842284, "log10_subsample": -0.7345454666343242, "max_depth": 5.0, "num_boost_round": 7.0}, "datetime": {"datetime": "2024-01-19 02:50:10", "elapsed": 9490.966501, "delta": 0.006949}}
{"target": -17.676956269932692, "params": {"gamma": 840.813086889017, "log10_alpha": -0.1501744547276136, "log10_colsample_bytree": -0.03203114801022311, "log10_eta": -3.253376271182931, "log10_lambda": -0.19356948187526868, "log10_min_child_weight": 2.302608187842284, "log10_subsample": -0.7345454666343242, "max_depth": 5.0, "num_boost_round": 8.0}, "datetime": {"datetime": "2024-01-19 02:50:10", "elapsed": 9490.973916, "delta": 0.007415}}
{"target": -17.67691966813785, "params": {"gamma": 840.813086889017, "log10_alpha": -0.1501744547276136, "log10_colsample_bytree": -0.03203114801022311, "log10_eta": -3.253376271182931, "log10_lambda": -0.19356948187526868, "log10_min_child_weight": 2.302608187842284, "log10_subsample": -0.7345454666343242, "max_depth": 5.0, "num_boost_round": 9.0}, "datetime": {"datetime": "2024-01-19 02:50:10", "elapsed": 9490.980959, "delta": 0.007043}}
{"target": -17.67691750348313, "params": {"gamma": 840.813086889017, "log10_alpha": -0.1501744547276136, "log10_colsample_bytree": -0.03203114801022311, "log10_eta": -3.253376271182931, "log10_lambda": -0.19356948187526868, "log10_min_child_weight": 2.302608187842284, "log10_subsample": -0.7345454666343242, "max_depth": 5.0, "num_boost_round": 10.0}, "datetime": {"datetime": "2024-01-19 02:50:10", "elapsed": 9490.988025, "delta": 0.007066}}
{"target": -17.67690670808679, "params": {"gamma": 840.813086889017, "log10_alpha": -0.1501744547276136, "log10_colsample_bytree": -0.03203114801022311, "log10_eta": -3.253376271182931, "log10_lambda": -0.19356948187526868, "log10_min_child_weight": 2.302608187842284, "log10_subsample": -0.7345454666343242, "max_depth": 5.0, "num_boost_round": 11.0}, "datetime": {"datetime": "2024-01-19 02:50:10", "elapsed": 9490.995192, "delta": 0.007167}}
{"target": -17.677130950387387, "params": {"gamma": 610.0253605651253, "log10_alpha": -2.759692133696481, "log10_colsample_bytree": -0.6655529544748211, "log10_eta": -2.8292858340105402, "log10_lambda": -4.6342879344231696, "log10_min_child_weight": 2.2549083964194265, "log10_subsample": -0.7599014125102038, "max_depth": 4.0, "num_boost_round": 0.0}, "datetime": {"datetime": "2024-01-19 02:52:15", "elapsed": 9616.313221, "delta": 125.318029}}
{"target": -17.67700336671109, "params": {"gamma": 610.0253605651253, "log10_alpha": -2.759692133696481, "log10_colsample_bytree": -0.6655529544748211, "log10_eta": -2.8292858340105402, "log10_lambda": -4.6342879344231696, "log10_min_child_weight": 2.2549083964194265, "log10_subsample": -0.7599014125102038, "max_depth": 4.0, "num_boost_round": 1.0}, "datetime": {"datetime": "2024-01-19 02:52:15", "elapsed": 9616.321653, "delta": 0.008432}}
{"target": -17.67695562267934, "params": {"gamma": 610.0253605651253, "log10_alpha": -2.759692133696481, "log10_colsample_bytree": -0.6655529544748211, "log10_eta": -2.8292858340105402, "log10_lambda": -4.6342879344231696, "log10_min_child_weight": 2.2549083964194265, "log10_subsample": -0.7599014125102038, "max_depth": 4.0, "num_boost_round": 2.0}, "datetime": {"datetime": "2024-01-19 02:52:15", "elapsed": 9616.32932, "delta": 0.007667}}
{"target": -17.676909403928477, "params": {"gamma": 610.0253605651253, "log10_alpha": -2.759692133696481, "log10_colsample_bytree": -0.6655529544748211, "log10_eta": -2.8292858340105402, "log10_lambda": -4.6342879344231696, "log10_min_child_weight": 2.2549083964194265, "log10_subsample": -0.7599014125102038, "max_depth": 4.0, "num_boost_round": 3.0}, "datetime": {"datetime": "2024-01-19 02:52:15", "elapsed": 9616.336617, "delta": 0.007297}}
