{"target": -15.59953120214553, "params": {"gamma": 397.4986840316912, "log10_alpha": -4.35038222655278, "log10_colsample_bytree": -0.2156357290293932, "log10_eta": -0.004022775257383149, "log10_lambda": -0.9565660920167902, "log10_min_child_weight": 2.404977052845769, "log10_subsample": -0.815927657285714, "max_depth": 9.0, "num_boost_round": 10.0}, "datetime": {"datetime": "2024-01-19 01:34:36", "elapsed": 4979.142787, "delta": 0.005892}}
{"target": -15.596925593043295, "params": {"gamma": 397.4986840316912, "log10_alpha": -4.35038222655278, "log10_colsample_bytree": -0.2156357290293932, "log10_eta": -0.004022775257383149, "log10_lambda": -0.9565660920167902, "log10_min_child_weight": 2.404977052845769, "log10_subsample": -0.815927657285714, "max_depth": 9.0, "num_boost_round": 11.0}, "datetime": {"datetime": "2024-01-19 01:34:36", "elapsed": 4979.148393, "delta": 0.005606}}
{"target": -15.698280131995073, "params": {"gamma": 397.4986840316912, "log10_alpha": -4.35038222655278, "log10_colsample_bytree": -0.2156357290293932, "log10_eta": -0.004022775257383149, "log10_lambda": -0.9565660920167902, "log10_min_child_weight": 2.404977052845769, "log10_subsample": -0.815927657285714, "max_depth": 9.0, "num_boost_round": 12.0}, "datetime": {"datetime": "2024-01-19 01:34:36", "elapsed": 4979.154512, "delta": 0.006119}}
{"target": -15.703598780104388, "params": {"gamma": 397.4986840316912, "log10_alpha": -4.35038222655278, "log10_colsample_bytree": -0.2156357290293932, "log10_eta": -0.004022775257383149, "log10_lambda": -0.9565660920167902, "log10_min_child_weight": 2.404977052845769, "log10_subsample": -0.815927657285714, "max_depth": 9.0, "num_boost_round": 13.0}, "datetime": {"datetime": "2024-01-19 01:34:36", "elapsed": 4979.160269, "delta": 0.005757}}
{"target": -15.699685095947062, "params": {"gamma": 397.4986840316912, "log10_alpha": -4.35038222655278, "log10_colsample_bytree": -0.2156357290293932, "log10_eta": -0.004022775257383149, "log10_lambda": -0.9565660920167902, "log10_min_child_weight": 2.404977052845769, "log10_subsample": -0.815927657285714, "max_depth": 9.0, "num_boost_round": 14.0}, "datetime": {"datetime": "2024-01-19 01:34:36", "elapsed": 4979.165872, "delta": 0.005603}}
{"target": -15.795028321471674, "params": {"gamma": 397.4986840316912, "log10_alpha": -4.35038222655278, "log10_colsample_bytree": -0.2156357290293932, "log10_eta": -0.004022775257383149, "log10_lambda": -0.9565660920167902, "log10_min_child_weight": 2.404977052845769, "log10_subsample": -0.815927657285714, "max_depth": 9.0, "num_boost_round": 15.0}, "datetime": {"datetime": "2024-01-19 01:34:36", "elapsed": 4979.171536, "delta": 0.005664}}
{"target": -15.860710729701578, "params": {"gamma": 397.4986840316912, "log10_alpha": -4.35038222655278, "log10_colsample_bytree": -0.2156357290293932, "log10_eta": -0.004022775257383149, "log10_lambda": -0.9565660920167902, "log10_min_child_weight": 2.404977052845769, "log10_subsample": -0.815927657285714, "max_depth": 9.0, "num_boost_round": 16.0}, "datetime": {"datetime": "2024-01-19 01:34:36", "elapsed": 4979.177199, "delta": 0.005663}}
{"target": -15.883704542578077, "params": {"gamma": 397.4986840316912, "log10_alpha": -4.35038222655278, "log10_colsample_bytree": -0.2156357290293932, "log10_eta": -0.004022775257383149, "log10_lambda": -0.9565660920167902, "log10_min_child_weight": 2.404977052845769, "log10_subsample": -0.815927657285714, "max_depth": 9.0, "num_boost_round": 17.0}, "datetime": {"datetime": "2024-01-19 01:34:36", "elapsed": 4979.182857, "delta": 0.005658}}
{"target": -15.96079517227027, "params": {"gamma": 397.4986840316912, "log10_alpha": -4.35038222655278, "log10_colsample_bytree": -0.2156357290293932, "log10_eta": -0.004022775257383149, "log10_lambda": -0.9565660920167902, "log10_min_child_weight": 2.404977052845769, "log10_subsample": -0.815927657285714, "max_depth": 9.0, "num_boost_round": 18.0}, "datetime": {"datetime": "2024-01-19 01:34:36", "elapsed": 4979.188837, "delta": 0.00598}}
{"target": -15.98097482744542, "params": {"gamma": 397.4986840316912, "log10_alpha": -4.35038222655278, "log10_colsample_bytree": -0.2156357290293932, "log10_eta": -0.004022775257383149, "log10_lambda": -0.9565660920167902, "log10_min_child_weight": 2.404977052845769, "log10_subsample": -0.815927657285714, "max_depth": 9.0, "num_boost_round": 19.0}, "datetime": {"datetime": "2024-01-19 01:34:36", "elapsed": 4979.194576, "delta": 0.005739}}
{"target": -16.066746808569444, "params": {"gamma": 397.4986840316912, "log10_alpha": -4.35038222655278, "log10_colsample_bytree": -0.2156357290293932, "log10_eta": -0.004022775257383149, "log10_lambda": -0.9565660920167902, "log10_min_child_weight": 2.404977052845769, "log10_subsample": -0.815927657285714, "max_depth": 9.0, "num_boost_round": 20.0}, "datetime": {"datetime": "2024-01-19 01:34:36", "elapsed": 4979.200335, "delta": 0.005759}}
{"target": -16.133483010174025, "params": {"gamma": 397.4986840316912, "log10_alpha": -4.35038222655278, "log10_colsample_bytree": -0.2156357290293932, "log10_eta": -0.004022775257383149, "log10_lambda": -0.9565660920167902, "log10_min_child_weight": 2.404977052845769, "log10_subsample": -0.815927657285714, "max_depth": 9.0, "num_boost_round": 21.0}, "datetime": {"datetime": "2024-01-19 01:34:36", "elapsed": 4979.206178, "delta": 0.005843}}
{"target": -16.16241469158455, "params": {"gamma": 397.4986840316912, "log10_alpha": -4.35038222655278, "log10_colsample_bytree": -0.2156357290293932, "log10_eta": -0.004022775257383149, "log10_lambda": -0.9565660920167902, "log10_min_child_weight": 2.404977052845769, "log10_subsample": -0.815927657285714, "max_depth": 9.0, "num_boost_round": 22.0}, "datetime": {"datetime": "2024-01-19 01:34:36", "elapsed": 4979.212088, "delta": 0.00591}}
{"target": -16.203824187875448, "params": {"gamma": 397.4986840316912, "log10_alpha": -4.35038222655278, "log10_colsample_bytree": -0.2156357290293932, "log10_eta": -0.004022775257383149, "log10_lambda": -0.9565660920167902, "log10_min_child_weight": 2.404977052845769, "log10_subsample": -0.815927657285714, "max_depth": 9.0, "num_boost_round": 23.0}, "datetime": {"datetime": "2024-01-19 01:34:36", "elapsed": 4979.218111, "delta": 0.006023}}
{"target": -13.758538141208417, "params": {"gamma": 401.99743726432877, "log10_alpha": 0.14530315275794692, "log10_colsample_bytree": -0.2878978560788529, "log10_eta": -3.9429993363601787, "log10_lambda": -2.156675266525925, "log10_min_child_weight": 4.4682257438898585, "log10_subsample": -0.43171868806829405, "max_depth": 9.0, "num_boost_round": 0.0}, "datetime": {"datetime": "2024-01-19 01:36:40", "elapsed": 5103.986222, "delta": 124.768111}}
{"target": -13.758538007891893, "params": {"gamma": 401.99743726432877, "log10_alpha": 0.14530315275794692, "log10_colsample_bytree": -0.2878978560788529, "log10_eta": -3.9429993363601787, "log10_lambda": -2.156675266525925, "log10_min_child_weight": 4.4682257438898585, "log10_subsample": -0.43171868806829405, "max_depth": 9.0, "num_boost_round": 1.0}, "datetime": {"datetime": "2024-01-19 01:36:40", "elapsed": 5103.992892, "delta": 0.00667}}
{"target": -13.75853824946887, "params": {"gamma": 401.99743726432877, "log10_alpha": 0.14530315275794692, "log10_colsample_bytree": -0.2878978560788529, "log10_eta": -3.9429993363601787, "log10_lambda": -2.156675266525925, "log10_min_child_weight": 4.4682257438898585, "log10_subsample": -0.43171868806829405, "max_depth": 9.0, "num_boost_round": 2.0}, "datetime": {"datetime": "2024-01-19 01:36:40", "elapsed": 5103.998787, "delta": 0.005895}}
{"target": -13.75853867906977, "params": {"gamma": 401.99743726432877, "log10_alpha": 0.14530315275794692, "log10_colsample_bytree": -0.2878978560788529, "log10_eta": -3.9429993363601787, "log10_lambda": -2.156675266525925, "log10_min_child_weight": 4.4682257438898585, "log10_subsample": -0.43171868806829405, "max_depth": 9.0, "num_boost_round": 3.0}, "datetime": {"datetime": "2024-01-19 01:36:40", "elapsed": 5104.004332, "delta": 0.005545}}
{"target": -13.75853915665829, "params": {"gamma": 401.99743726432877, "log10_alpha": 0.14530315275794692, "log10_colsample_bytree": -0.2878978560788529, "log10_eta": -3.9429993363601787, "log10_lambda": -2.156675266525925, "log10_min_child_weight": 4.4682257438898585, "log10_subsample": -0.43171868806829405, "max_depth": 9.0, "num_boost_round": 4.0}, "datetime": {"datetime": "2024-01-19 01:36:40", "elapsed": 5104.010012, "delta": 0.00568}}
{"target": -13.758538226332556, "params": {"gamma": 401.99743726432877, "log10_alpha": 0.14530315275794692, "log10_colsample_bytree": -0.2878978560788529, "log10_eta": -3.9429993363601787, "log10_lambda": -2.156675266525925, "log10_min_child_weight": 4.4682257438898585, "log10_subsample": -0.43171868806829405, "max_depth": 9.0, "num_boost_round": 5.0}, "datetime": {"datetime": "2024-01-19 01:36:40", "elapsed": 5104.015625, "delta": 0.005613}}
{"target": -13.758538790975322, "params": {"gamma": 401.99743726432877, "log10_alpha": 0.14530315275794692, "log10_colsample_bytree": -0.2878978560788529, "log10_eta": -3.9429993363601787, "log10_lambda": -2.156675266525925, "log10_min_child_weight": 4.4682257438898585, "log10_subsample": -0.43171868806829405, "max_depth": 9.0, "num_boost_round": 6.0}, "datetime": {"datetime": "2024-01-19 01:36:40", "elapsed": 5104.021193, "delta": 0.005568}}
{"target": -13.758538992731927, "params": {"gamma": 401.99743726432877, "log10_alpha": 0.14530315275794692, "log10_colsample_bytree": -0.2878978560788529, "log10_eta": -3.9429993363601787, "log10_lambda": -2.156675266525925, "log10_min_child_weight": 4.4682257438898585, "log10_subsample": -0.43171868806829405, "max_depth": 9.0, "num_boost_round": 7.0}, "datetime": {"datetime": "2024-01-19 01:36:40", "elapsed": 5104.026815, "delta": 0.005622}}
{"target": -13.758539575731259, "params": {"gamma": 401.99743726432877, "log10_alpha": 0.14530315275794692, "log10_colsample_bytree": -0.2878978560788529, "log10_eta": -3.9429993363601787, "log10_lambda": -2.156675266525925, "log10_min_child_weight": 4.4682257438898585, "log10_subsample": -0.43171868806829405, "max_depth": 9.0, "num_boost_round": 8.0}, "datetime": {"datetime": "2024-01-19 01:36:40", "elapsed": 5104.032534, "delta": 0.005719}}
{"target": -13.758539321527811, "params": {"gamma": 401.99743726432877, "log10_alpha": 0.14530315275794692, "log10_colsample_bytree": -0.2878978560788529, "log10_eta": -3.9429993363601787, "log10_lambda": -2.156675266525925, "log10_min_child_weight": 4.4682257438898585, "log10_subsample": -0.43171868806829405, "max_depth": 9.0, "num_boost_round": 9.0}, "datetime": {"datetime": "2024-01-19 01:36:40", "elapsed": 5104.038156, "delta": 0.005622}}
{"target": -13.758538137872177, "params": {"gamma": 401.99743726432877, "log10_alpha": 0.14530315275794692, "log10_colsample_bytree": -0.2878978560788529, "log10_eta": -3.9429993363601787, "log10_lambda": -2.156675266525925, "log10_min_child_weight": 4.4682257438898585, "log10_subsample": -0.43171868806829405, "max_depth": 9.0, "num_boost_round": 10.0}, "datetime": {"datetime": "2024-01-19 01:36:40", "elapsed": 5104.043857, "delta": 0.005701}}
{"target": -13.758537524848613, "params": {"gamma": 401.99743726432877, "log10_alpha": 0.14530315275794692, "log10_colsample_bytree": -0.2878978560788529, "log10_eta": -3.9429993363601787, "log10_lambda": -2.156675266525925, "log10_min_child_weight": 4.4682257438898585, "log10_subsample": -0.43171868806829405, "max_depth": 9.0, "num_boost_round": 11.0}, "datetime": {"datetime": "2024-01-19 01:36:41", "elapsed": 5104.142014, "delta": 0.098157}}
{"target": -13.758537633462593, "params": {"gamma": 401.99743726432877, "log10_alpha": 0.14530315275794692, "log10_colsample_bytree": -0.2878978560788529, "log10_eta": -3.9429993363601787, "log10_lambda": -2.156675266525925, "log10_min_child_weight": 4.4682257438898585, "log10_subsample": -0.43171868806829405, "max_depth": 9.0, "num_boost_round": 12.0}, "datetime": {"datetime": "2024-01-19 01:36:41", "elapsed": 5104.148585, "delta": 0.006571}}
{"target": -13.758537920524688, "params": {"gamma": 401.99743726432877, "log10_alpha": 0.14530315275794692, "log10_colsample_bytree": -0.2878978560788529, "log10_eta": -3.9429993363601787, "log10_lambda": -2.156675266525925, "log10_min_child_weight": 4.4682257438898585, "log10_subsample": -0.43171868806829405, "max_depth": 9.0, "num_boost_round": 13.0}, "datetime": {"datetime": "2024-01-19 01:36:41", "elapsed": 5104.154688, "delta": 0.006103}}
{"target": -13.758537117057049, "params": {"gamma": 401.99743726432877, "log10_alpha": 0.14530315275794692, "log10_colsample_bytree": -0.2878978560788529, "log10_eta": -3.9429993363601787, "log10_lambda": -2.156675266525925, "log10_min_child_weight": 4.4682257438898585, "log10_subsample": -0.43171868806829405, "max_depth": 9.0, "num_boost_round": 14.0}, "datetime": {"datetime": "2024-01-19 01:36:41", "elapsed": 5104.160457, "delta": 0.005769}}
{"target": -13.758536547889168, "params": {"gamma": 401.99743726432877, "log10_alpha": 0.14530315275794692, "log10_colsample_bytree": -0.2878978560788529, "log10_eta": -3.9429993363601787, "log10_lambda": -2.156675266525925, "log10_min_child_weight": 4.4682257438898585, "log10_subsample": -0.43171868806829405, "max_depth": 9.0, "num_boost_round": 15.0}, "datetime": {"datetime": "2024-01-19 01:36:41", "elapsed": 5104.166092, "delta": 0.005635}}
{"target": -13.758535186101993, "params": {"gamma": 401.99743726432877, "log10_alpha": 0.14530315275794692, "log10_colsample_bytree": -0.2878978560788529, "log10_eta": -3.9429993363601787, "log10_lambda": -2.156675266525925, "log10_min_child_weight": 4.4682257438898585, "log10_subsample": -0.43171868806829405, "max_depth": 9.0, "num_boost_round": 16.0}, "datetime": {"datetime": "2024-01-19 01:36:41", "elapsed": 5104.171763, "delta": 0.005671}}
{"target": -13.758535226665886, "params": {"gamma": 401.99743726432877, "log10_alpha": 0.14530315275794692, "log10_colsample_bytree": -0.2878978560788529, "log10_eta": -3.9429993363601787, "log10_lambda": -2.156675266525925, "log10_min_child_weight": 4.4682257438898585, "log10_subsample": -0.43171868806829405, "max_depth": 9.0, "num_boost_round": 17.0}, "datetime": {"datetime": "2024-01-19 01:36:41", "elapsed": 5104.177435, "delta": 0.005672}}
{"target": -13.75853475782466, "params": {"gamma": 401.99743726432877, "log10_alpha": 0.14530315275794692, "log10_colsample_bytree": -0.2878978560788529, "log10_eta": -3.9429993363601787, "log10_lambda": -2.156675266525925, "log10_min_child_weight": 4.4682257438898585, "log10_subsample": -0.43171868806829405, "max_depth": 9.0, "num_boost_round": 18.0}, "datetime": {"datetime": "2024-01-19 01:36:41", "elapsed": 5104.183134, "delta": 0.005699}}
{"target": -13.758533055139496, "params": {"gamma": 401.99743726432877, "log10_alpha": 0.14530315275794692, "log10_colsample_bytree": -0.2878978560788529, "log10_eta": -3.9429993363601787, "log10_lambda": -2.156675266525925, "log10_min_child_weight": 4.4682257438898585, "log10_subsample": -0.43171868806829405, "max_depth": 9.0, "num_boost_round": 19.0}, "datetime": {"datetime": "2024-01-19 01:36:41", "elapsed": 5104.188867, "delta": 0.005733}}
{"target": -13.758532403032365, "params": {"gamma": 401.99743726432877, "log10_alpha": 0.14530315275794692, "log10_colsample_bytree": -0.2878978560788529, "log10_eta": -3.9429993363601787, "log10_lambda": -2.156675266525925, "log10_min_child_weight": 4.4682257438898585, "log10_subsample": -0.43171868806829405, "max_depth": 9.0, "num_boost_round": 20.0}, "datetime": {"datetime": "2024-01-19 01:36:41", "elapsed": 5104.194577, "delta": 0.00571}}
{"target": -13.758146782861672, "params": {"gamma": 390.2420496271419, "log10_alpha": -3.5374108564234747, "log10_colsample_bytree": -0.6438937817291195, "log10_eta": -1.5209333112656056, "log10_lambda": -3.141754126585494, "log10_min_child_weight": 4.086605484275335, "log10_subsample": -0.5712336322608547, "max_depth": 5.0, "num_boost_round": 0.0}, "datetime": {"datetime": "2024-01-19 01:37:38", "elapsed": 5161.468729, "delta": 57.274152}}
{"target": -13.758188468928328, "params": {"gamma": 390.2420496271419, "log10_alpha": -3.5374108564234747, "log10_colsample_bytree": -0.6438937817291195, "log10_eta": -1.5209333112656056, "log10_lambda": -3.141754126585494, "log10_min_child_weight": 4.086605484275335, "log10_subsample": -0.5712336322608547, "max_depth": 5.0, "num_boost_round": 1.0}, "datetime": {"datetime": "2024-01-19 01:37:38", "elapsed": 5161.474914, "delta": 0.006185}}
{"target": -13.75832635076446, "params": {"gamma": 390.2420496271419, "log10_alpha": -3.5374108564234747, "log10_colsample_bytree": -0.6438937817291195, "log10_eta": -1.5209333112656056, "log10_lambda": -3.141754126585494, "log10_min_child_weight": 4.086605484275335, "log10_subsample": -0.5712336322608547, "max_depth": 5.0, "num_boost_round": 2.0}, "datetime": {"datetime": "2024-01-19 01:37:38", "elapsed": 5161.480609, "delta": 0.005695}}
{"target": -13.758352742247412, "params": {"gamma": 390.2420496271419, "log10_alpha": -3.5374108564234747, "log10_colsample_bytree": -0.6438937817291195, "log10_eta": -1.5209333112656056, "log10_lambda": -3.141754126585494, "log10_min_child_weight": 4.086605484275335, "log10_subsample": -0.5712336322608547, "max_depth": 5.0, "num_boost_round": 3.0}, "datetime": {"datetime": "2024-01-19 01:37:38", "elapsed": 5161.486254, "delta": 0.005645}}
{"target": -13.758357242166468, "params": {"gamma": 390.2420496271419, "log10_alpha": -3.5374108564234747, "log10_colsample_bytree": -0.6438937817291195, "log10_eta": -1.5209333112656056, "log10_lambda": -3.141754126585494, "log10_min_child_weight": 4.086605484275335, "log10_subsample": -0.5712336322608547, "max_depth": 5.0, "num_boost_round": 4.0}, "datetime": {"datetime": "2024-01-19 01:37:38", "elapsed": 5161.492165, "delta": 0.005911}}
{"target": -13.758419164655784, "params": {"gamma": 390.2420496271419, "log10_alpha": -3.5374108564234747, "log10_colsample_bytree": -0.6438937817291195, "log10_eta": -1.5209333112656056, "log10_lambda": -3.141754126585494, "log10_min_child_weight": 4.086605484275335, "log10_subsample": -0.5712336322608547, "max_depth": 5.0, "num_boost_round": 5.0}, "datetime": {"datetime": "2024-01-19 01:37:38", "elapsed": 5161.498026, "delta": 0.005861}}
{"target": -13.758932604662634, "params": {"gamma": 390.2420496271419, "log10_alpha": -3.5374108564234747, "log10_colsample_bytree": -0.6438937817291195, "log10_eta": -1.5209333112656056, "log10_lambda": -3.141754126585494, "log10_min_child_weight": 4.086605484275335, "log10_subsample": -0.5712336322608547, "max_depth": 5.0, "num_boost_round": 6.0}, "datetime": {"datetime": "2024-01-19 01:37:38", "elapsed": 5161.503873, "delta": 0.005847}}
{"target": -13.758624002108236, "params": {"gamma": 390.2420496271419, "log10_alpha": -3.5374108564234747, "log10_colsample_bytree": -0.6438937817291195, "log10_eta": -1.5209333112656056, "log10_lambda": -3.141754126585494, "log10_min_child_weight": 4.086605484275335, "log10_subsample": -0.5712336322608547, "max_depth": 5.0, "num_boost_round": 7.0}, "datetime": {"datetime": "2024-01-19 01:37:38", "elapsed": 5161.509648, "delta": 0.005775}}
{"target": -13.758662491287353, "params": {"gamma": 390.2420496271419, "log10_alpha": -3.5374108564234747, "log10_colsample_bytree": -0.6438937817291195, "log10_eta": -1.5209333112656056, "log10_lambda": -3.141754126585494, "log10_min_child_weight": 4.086605484275335, "log10_subsample": -0.5712336322608547, "max_depth": 5.0, "num_boost_round": 8.0}, "datetime": {"datetime": "2024-01-19 01:37:38", "elapsed": 5161.515342, "delta": 0.005694}}
{"target": -13.75877487654721, "params": {"gamma": 390.2420496271419, "log10_alpha": -3.5374108564234747, "log10_colsample_bytree": -0.6438937817291195, "log10_eta": -1.5209333112656056, "log10_lambda": -3.141754126585494, "log10_min_child_weight": 4.086605484275335, "log10_subsample": -0.5712336322608547, "max_depth": 5.0, "num_boost_round": 9.0}, "datetime": {"datetime": "2024-01-19 01:37:38", "elapsed": 5161.521529, "delta": 0.006187}}
{"target": -13.75835358598472, "params": {"gamma": 390.2420496271419, "log10_alpha": -3.5374108564234747, "log10_colsample_bytree": -0.6438937817291195, "log10_eta": -1.5209333112656056, "log10_lambda": -3.141754126585494, "log10_min_child_weight": 4.086605484275335, "log10_subsample": -0.5712336322608547, "max_depth": 5.0, "num_boost_round": 10.0}, "datetime": {"datetime": "2024-01-19 01:37:38", "elapsed": 5161.527348, "delta": 0.005819}}
{"target": -13.75854902573096, "params": {"gamma": 390.2420496271419, "log10_alpha": -3.5374108564234747, "log10_colsample_bytree": -0.6438937817291195, "log10_eta": -1.5209333112656056, "log10_lambda": -3.141754126585494, "log10_min_child_weight": 4.086605484275335, "log10_subsample": -0.5712336322608547, "max_depth": 5.0, "num_boost_round": 11.0}, "datetime": {"datetime": "2024-01-19 01:37:38", "elapsed": 5161.533352, "delta": 0.006004}}
{"target": -13.758956012548468, "params": {"gamma": 390.2420496271419, "log10_alpha": -3.5374108564234747, "log10_colsample_bytree": -0.6438937817291195, "log10_eta": -1.5209333112656056, "log10_lambda": -3.141754126585494, "log10_min_child_weight": 4.086605484275335, "log10_subsample": -0.5712336322608547, "max_depth": 5.0, "num_boost_round": 12.0}, "datetime": {"datetime": "2024-01-19 01:37:38", "elapsed": 5161.539312, "delta": 0.00596}}
{"target": -13.759117554761882, "params": {"gamma": 390.2420496271419, "log10_alpha": -3.5374108564234747, "log10_colsample_bytree": -0.6438937817291195, "log10_eta": -1.5209333112656056, "log10_lambda": -3.141754126585494, "log10_min_child_weight": 4.086605484275335, "log10_subsample": -0.5712336322608547, "max_depth": 5.0, "num_boost_round": 13.0}, "datetime": {"datetime": "2024-01-19 01:37:38", "elapsed": 5161.545075, "delta": 0.005763}}
