{"target": -17.675064091167776, "params": {"gamma": 592.0062434343479, "log10_alpha": -3.7435193281548864, "log10_colsample_bytree": -0.8095040303652572, "log10_eta": -1.8747139932665076, "log10_lambda": -0.6327596724667375, "log10_min_child_weight": 0.204765463974258, "log10_subsample": -0.10863844647185039, "max_depth": 3.0, "num_boost_round": 9.0}, "datetime": {"datetime": "2024-01-19 00:36:41", "elapsed": 1498.370465, "delta": 0.002104}}
{"target": -17.67507530583131, "params": {"gamma": 592.0062434343479, "log10_alpha": -3.7435193281548864, "log10_colsample_bytree": -0.8095040303652572, "log10_eta": -1.8747139932665076, "log10_lambda": -0.6327596724667375, "log10_min_child_weight": 0.204765463974258, "log10_subsample": -0.10863844647185039, "max_depth": 3.0, "num_boost_round": 10.0}, "datetime": {"datetime": "2024-01-19 00:36:41", "elapsed": 1498.37254, "delta": 0.002075}}
{"target": -17.67480291402692, "params": {"gamma": 592.0062434343479, "log10_alpha": -3.7435193281548864, "log10_colsample_bytree": -0.8095040303652572, "log10_eta": -1.8747139932665076, "log10_lambda": -0.6327596724667375, "log10_min_child_weight": 0.204765463974258, "log10_subsample": -0.10863844647185039, "max_depth": 3.0, "num_boost_round": 11.0}, "datetime": {"datetime": "2024-01-19 00:36:41", "elapsed": 1498.374537, "delta": 0.001997}}
{"target": -17.67429593765675, "params": {"gamma": 592.0062434343479, "log10_alpha": -3.7435193281548864, "log10_colsample_bytree": -0.8095040303652572, "log10_eta": -1.8747139932665076, "log10_lambda": -0.6327596724667375, "log10_min_child_weight": 0.204765463974258, "log10_subsample": -0.10863844647185039, "max_depth": 3.0, "num_boost_round": 12.0}, "datetime": {"datetime": "2024-01-19 00:36:41", "elapsed": 1498.376539, "delta": 0.002002}}
{"target": -17.6737338551843, "params": {"gamma": 592.0062434343479, "log10_alpha": -3.7435193281548864, "log10_colsample_bytree": -0.8095040303652572, "log10_eta": -1.8747139932665076, "log10_lambda": -0.6327596724667375, "log10_min_child_weight": 0.204765463974258, "log10_subsample": -0.10863844647185039, "max_depth": 3.0, "num_boost_round": 13.0}, "datetime": {"datetime": "2024-01-19 00:36:41", "elapsed": 1498.37854, "delta": 0.002001}}
{"target": -17.673616138376676, "params": {"gamma": 592.0062434343479, "log10_alpha": -3.7435193281548864, "log10_colsample_bytree": -0.8095040303652572, "log10_eta": -1.8747139932665076, "log10_lambda": -0.6327596724667375, "log10_min_child_weight": 0.204765463974258, "log10_subsample": -0.10863844647185039, "max_depth": 3.0, "num_boost_round": 14.0}, "datetime": {"datetime": "2024-01-19 00:36:41", "elapsed": 1498.380663, "delta": 0.002123}}
{"target": -17.673274288787894, "params": {"gamma": 592.0062434343479, "log10_alpha": -3.7435193281548864, "log10_colsample_bytree": -0.8095040303652572, "log10_eta": -1.8747139932665076, "log10_lambda": -0.6327596724667375, "log10_min_child_weight": 0.204765463974258, "log10_subsample": -0.10863844647185039, "max_depth": 3.0, "num_boost_round": 15.0}, "datetime": {"datetime": "2024-01-19 00:36:41", "elapsed": 1498.382868, "delta": 0.002205}}
{"target": -17.677242304692097, "params": {"gamma": 597.4802612915693, "log10_alpha": -3.5612839309868853, "log10_colsample_bytree": -0.12446322629868423, "log10_eta": -1.4413903198206341, "log10_lambda": -0.09539663051163583, "log10_min_child_weight": 4.95656614170396, "log10_subsample": -0.8913538422604582, "max_depth": 6.0, "num_boost_round": 0.0}, "datetime": {"datetime": "2024-01-19 00:37:03", "elapsed": 1521.107174, "delta": 22.724306}}
{"target": -17.677282170310253, "params": {"gamma": 597.4802612915693, "log10_alpha": -3.5612839309868853, "log10_colsample_bytree": -0.12446322629868423, "log10_eta": -1.4413903198206341, "log10_lambda": -0.09539663051163583, "log10_min_child_weight": 4.95656614170396, "log10_subsample": -0.8913538422604582, "max_depth": 6.0, "num_boost_round": 1.0}, "datetime": {"datetime": "2024-01-19 00:37:03", "elapsed": 1521.110175, "delta": 0.003001}}
{"target": -17.67740671264646, "params": {"gamma": 597.4802612915693, "log10_alpha": -3.5612839309868853, "log10_colsample_bytree": -0.12446322629868423, "log10_eta": -1.4413903198206341, "log10_lambda": -0.09539663051163583, "log10_min_child_weight": 4.95656614170396, "log10_subsample": -0.8913538422604582, "max_depth": 6.0, "num_boost_round": 2.0}, "datetime": {"datetime": "2024-01-19 00:37:03", "elapsed": 1521.112398, "delta": 0.002223}}
{"target": -17.677474252482114, "params": {"gamma": 597.4802612915693, "log10_alpha": -3.5612839309868853, "log10_colsample_bytree": -0.12446322629868423, "log10_eta": -1.4413903198206341, "log10_lambda": -0.09539663051163583, "log10_min_child_weight": 4.95656614170396, "log10_subsample": -0.8913538422604582, "max_depth": 6.0, "num_boost_round": 3.0}, "datetime": {"datetime": "2024-01-19 00:37:03", "elapsed": 1521.114433, "delta": 0.002035}}
{"target": -17.677622348226514, "params": {"gamma": 597.4802612915693, "log10_alpha": -3.5612839309868853, "log10_colsample_bytree": -0.12446322629868423, "log10_eta": -1.4413903198206341, "log10_lambda": -0.09539663051163583, "log10_min_child_weight": 4.95656614170396, "log10_subsample": -0.8913538422604582, "max_depth": 6.0, "num_boost_round": 4.0}, "datetime": {"datetime": "2024-01-19 00:37:03", "elapsed": 1521.116497, "delta": 0.002064}}
{"target": -17.67770913487456, "params": {"gamma": 597.4802612915693, "log10_alpha": -3.5612839309868853, "log10_colsample_bytree": -0.12446322629868423, "log10_eta": -1.4413903198206341, "log10_lambda": -0.09539663051163583, "log10_min_child_weight": 4.95656614170396, "log10_subsample": -0.8913538422604582, "max_depth": 6.0, "num_boost_round": 5.0}, "datetime": {"datetime": "2024-01-19 00:37:03", "elapsed": 1521.118551, "delta": 0.002054}}
{"target": -17.677337713378037, "params": {"gamma": 597.4802612915693, "log10_alpha": -3.5612839309868853, "log10_colsample_bytree": -0.12446322629868423, "log10_eta": -1.4413903198206341, "log10_lambda": -0.09539663051163583, "log10_min_child_weight": 4.95656614170396, "log10_subsample": -0.8913538422604582, "max_depth": 6.0, "num_boost_round": 6.0}, "datetime": {"datetime": "2024-01-19 00:37:03", "elapsed": 1521.120637, "delta": 0.002086}}
{"target": -17.677429531385947, "params": {"gamma": 597.4802612915693, "log10_alpha": -3.5612839309868853, "log10_colsample_bytree": -0.12446322629868423, "log10_eta": -1.4413903198206341, "log10_lambda": -0.09539663051163583, "log10_min_child_weight": 4.95656614170396, "log10_subsample": -0.8913538422604582, "max_depth": 6.0, "num_boost_round": 7.0}, "datetime": {"datetime": "2024-01-19 00:37:03", "elapsed": 1521.122656, "delta": 0.002019}}
{"target": -17.677553973363754, "params": {"gamma": 597.4802612915693, "log10_alpha": -3.5612839309868853, "log10_colsample_bytree": -0.12446322629868423, "log10_eta": -1.4413903198206341, "log10_lambda": -0.09539663051163583, "log10_min_child_weight": 4.95656614170396, "log10_subsample": -0.8913538422604582, "max_depth": 6.0, "num_boost_round": 8.0}, "datetime": {"datetime": "2024-01-19 00:37:03", "elapsed": 1521.12468, "delta": 0.002024}}
{"target": -17.677666306867877, "params": {"gamma": 597.4802612915693, "log10_alpha": -3.5612839309868853, "log10_colsample_bytree": -0.12446322629868423, "log10_eta": -1.4413903198206341, "log10_lambda": -0.09539663051163583, "log10_min_child_weight": 4.95656614170396, "log10_subsample": -0.8913538422604582, "max_depth": 6.0, "num_boost_round": 9.0}, "datetime": {"datetime": "2024-01-19 00:37:03", "elapsed": 1521.126731, "delta": 0.002051}}
{"target": -17.677295108024378, "params": {"gamma": 597.4802612915693, "log10_alpha": -3.5612839309868853, "log10_colsample_bytree": -0.12446322629868423, "log10_eta": -1.4413903198206341, "log10_lambda": -0.09539663051163583, "log10_min_child_weight": 4.95656614170396, "log10_subsample": -0.8913538422604582, "max_depth": 6.0, "num_boost_round": 10.0}, "datetime": {"datetime": "2024-01-19 00:37:03", "elapsed": 1521.128862, "delta": 0.002131}}
{"target": -17.677271648870637, "params": {"gamma": 597.4802612915693, "log10_alpha": -3.5612839309868853, "log10_colsample_bytree": -0.12446322629868423, "log10_eta": -1.4413903198206341, "log10_lambda": -0.09539663051163583, "log10_min_child_weight": 4.95656614170396, "log10_subsample": -0.8913538422604582, "max_depth": 6.0, "num_boost_round": 11.0}, "datetime": {"datetime": "2024-01-19 00:37:03", "elapsed": 1521.131028, "delta": 0.002166}}
{"target": -17.90448787645199, "params": {"gamma": 595.8859423549446, "log10_alpha": 1.0, "log10_colsample_bytree": -1.0, "log10_eta": 0.0, "log10_lambda": 1.0, "log10_min_child_weight": 0.3904968252490075, "log10_subsample": 0.0, "max_depth": 7.0, "num_boost_round": 0.0}, "datetime": {"datetime": "2024-01-19 00:37:30", "elapsed": 1547.519166, "delta": 26.388138}}
{"target": -18.191609516093113, "params": {"gamma": 595.8859423549446, "log10_alpha": 1.0, "log10_colsample_bytree": -1.0, "log10_eta": 0.0, "log10_lambda": 1.0, "log10_min_child_weight": 0.3904968252490075, "log10_subsample": 0.0, "max_depth": 7.0, "num_boost_round": 1.0}, "datetime": {"datetime": "2024-01-19 00:37:30", "elapsed": 1547.521794, "delta": 0.002628}}
{"target": -18.298833729478606, "params": {"gamma": 595.8859423549446, "log10_alpha": 1.0, "log10_colsample_bytree": -1.0, "log10_eta": 0.0, "log10_lambda": 1.0, "log10_min_child_weight": 0.3904968252490075, "log10_subsample": 0.0, "max_depth": 7.0, "num_boost_round": 2.0}, "datetime": {"datetime": "2024-01-19 00:37:30", "elapsed": 1547.523945, "delta": 0.002151}}
{"target": -18.407089056926722, "params": {"gamma": 595.8859423549446, "log10_alpha": 1.0, "log10_colsample_bytree": -1.0, "log10_eta": 0.0, "log10_lambda": 1.0, "log10_min_child_weight": 0.3904968252490075, "log10_subsample": 0.0, "max_depth": 7.0, "num_boost_round": 3.0}, "datetime": {"datetime": "2024-01-19 00:37:30", "elapsed": 1547.525982, "delta": 0.002037}}
{"target": -18.476720408263102, "params": {"gamma": 595.8859423549446, "log10_alpha": 1.0, "log10_colsample_bytree": -1.0, "log10_eta": 0.0, "log10_lambda": 1.0, "log10_min_child_weight": 0.3904968252490075, "log10_subsample": 0.0, "max_depth": 7.0, "num_boost_round": 4.0}, "datetime": {"datetime": "2024-01-19 00:37:30", "elapsed": 1547.528095, "delta": 0.002113}}
{"target": -18.55965157209382, "params": {"gamma": 595.8859423549446, "log10_alpha": 1.0, "log10_colsample_bytree": -1.0, "log10_eta": 0.0, "log10_lambda": 1.0, "log10_min_child_weight": 0.3904968252490075, "log10_subsample": 0.0, "max_depth": 7.0, "num_boost_round": 5.0}, "datetime": {"datetime": "2024-01-19 00:37:30", "elapsed": 1547.530298, "delta": 0.002203}}
{"target": -18.644078643696577, "params": {"gamma": 595.8859423549446, "log10_alpha": 1.0, "log10_colsample_bytree": -1.0, "log10_eta": 0.0, "log10_lambda": 1.0, "log10_min_child_weight": 0.3904968252490075, "log10_subsample": 0.0, "max_depth": 7.0, "num_boost_round": 6.0}, "datetime": {"datetime": "2024-01-19 00:37:30", "elapsed": 1547.532506, "delta": 0.002208}}
{"target": -18.685827544978427, "params": {"gamma": 595.8859423549446, "log10_alpha": 1.0, "log10_colsample_bytree": -1.0, "log10_eta": 0.0, "log10_lambda": 1.0, "log10_min_child_weight": 0.3904968252490075, "log10_subsample": 0.0, "max_depth": 7.0, "num_boost_round": 7.0}, "datetime": {"datetime": "2024-01-19 00:37:30", "elapsed": 1547.534698, "delta": 0.002192}}
{"target": -18.781434561683486, "params": {"gamma": 595.8859423549446, "log10_alpha": 1.0, "log10_colsample_bytree": -1.0, "log10_eta": 0.0, "log10_lambda": 1.0, "log10_min_child_weight": 0.3904968252490075, "log10_subsample": 0.0, "max_depth": 7.0, "num_boost_round": 8.0}, "datetime": {"datetime": "2024-01-19 00:37:30", "elapsed": 1547.536805, "delta": 0.002107}}
{"target": -18.808215423833037, "params": {"gamma": 595.8859423549446, "log10_alpha": 1.0, "log10_colsample_bytree": -1.0, "log10_eta": 0.0, "log10_lambda": 1.0, "log10_min_child_weight": 0.3904968252490075, "log10_subsample": 0.0, "max_depth": 7.0, "num_boost_round": 9.0}, "datetime": {"datetime": "2024-01-19 00:37:30", "elapsed": 1547.538838, "delta": 0.002033}}
{"target": -17.676518579261785, "params": {"gamma": 582.5985931861819, "log10_alpha": -2.542157377331695, "log10_colsample_bytree": -0.7153501093614506, "log10_eta": -1.6956293306374874, "log10_lambda": -2.885698204237848, "log10_min_child_weight": 1.592903228309201, "log10_subsample": -0.04763524506274941, "max_depth": 9.0, "num_boost_round": 0.0}, "datetime": {"datetime": "2024-01-19 00:37:55", "elapsed": 1572.66061, "delta": 25.121772}}
{"target": -17.67476182802675, "params": {"gamma": 582.5985931861819, "log10_alpha": -2.542157377331695, "log10_colsample_bytree": -0.7153501093614506, "log10_eta": -1.6956293306374874, "log10_lambda": -2.885698204237848, "log10_min_child_weight": 1.592903228309201, "log10_subsample": -0.04763524506274941, "max_depth": 9.0, "num_boost_round": 1.0}, "datetime": {"datetime": "2024-01-19 00:37:55", "elapsed": 1572.663591, "delta": 0.002981}}
{"target": -17.671429379400852, "params": {"gamma": 582.5985931861819, "log10_alpha": -2.542157377331695, "log10_colsample_bytree": -0.7153501093614506, "log10_eta": -1.6956293306374874, "log10_lambda": -2.885698204237848, "log10_min_child_weight": 1.592903228309201, "log10_subsample": -0.04763524506274941, "max_depth": 9.0, "num_boost_round": 2.0}, "datetime": {"datetime": "2024-01-19 00:37:55", "elapsed": 1572.665777, "delta": 0.002186}}
{"target": -17.67152103798943, "params": {"gamma": 582.5985931861819, "log10_alpha": -2.542157377331695, "log10_colsample_bytree": -0.7153501093614506, "log10_eta": -1.6956293306374874, "log10_lambda": -2.885698204237848, "log10_min_child_weight": 1.592903228309201, "log10_subsample": -0.04763524506274941, "max_depth": 9.0, "num_boost_round": 3.0}, "datetime": {"datetime": "2024-01-19 00:37:55", "elapsed": 1572.667835, "delta": 0.002058}}
{"target": -17.670206181401802, "params": {"gamma": 582.5985931861819, "log10_alpha": -2.542157377331695, "log10_colsample_bytree": -0.7153501093614506, "log10_eta": -1.6956293306374874, "log10_lambda": -2.885698204237848, "log10_min_child_weight": 1.592903228309201, "log10_subsample": -0.04763524506274941, "max_depth": 9.0, "num_boost_round": 4.0}, "datetime": {"datetime": "2024-01-19 00:37:55", "elapsed": 1572.670005, "delta": 0.00217}}
{"target": -17.66935234128105, "params": {"gamma": 582.5985931861819, "log10_alpha": -2.542157377331695, "log10_colsample_bytree": -0.7153501093614506, "log10_eta": -1.6956293306374874, "log10_lambda": -2.885698204237848, "log10_min_child_weight": 1.592903228309201, "log10_subsample": -0.04763524506274941, "max_depth": 9.0, "num_boost_round": 5.0}, "datetime": {"datetime": "2024-01-19 00:37:55", "elapsed": 1572.672102, "delta": 0.002097}}
{"target": -17.67000322970497, "params": {"gamma": 582.5985931861819, "log10_alpha": -2.542157377331695, "log10_colsample_bytree": -0.7153501093614506, "log10_eta": -1.6956293306374874, "log10_lambda": -2.885698204237848, "log10_min_child_weight": 1.592903228309201, "log10_subsample": -0.04763524506274941, "max_depth": 9.0, "num_boost_round": 6.0}, "datetime": {"datetime": "2024-01-19 00:37:55", "elapsed": 1572.674139, "delta": 0.002037}}
{"target": -17.6696614873468, "params": {"gamma": 582.5985931861819, "log10_alpha": -2.542157377331695, "log10_colsample_bytree": -0.7153501093614506, "log10_eta": -1.6956293306374874, "log10_lambda": -2.885698204237848, "log10_min_child_weight": 1.592903228309201, "log10_subsample": -0.04763524506274941, "max_depth": 9.0, "num_boost_round": 7.0}, "datetime": {"datetime": "2024-01-19 00:37:55", "elapsed": 1572.676171, "delta": 0.002032}}
{"target": -17.669441975598176, "params": {"gamma": 582.5985931861819, "log10_alpha": -2.542157377331695, "log10_colsample_bytree": -0.7153501093614506, "log10_eta": -1.6956293306374874, "log10_lambda": -2.885698204237848, "log10_min_child_weight": 1.592903228309201, "log10_subsample": -0.04763524506274941, "max_depth": 9.0, "num_boost_round": 8.0}, "datetime": {"datetime": "2024-01-19 00:37:55", "elapsed": 1572.678227, "delta": 0.002056}}
{"target": -17.669141699488925, "params": {"gamma": 582.5985931861819, "log10_alpha": -2.542157377331695, "log10_colsample_bytree": -0.7153501093614506, "log10_eta": -1.6956293306374874, "log10_lambda": -2.885698204237848, "log10_min_child_weight": 1.592903228309201, "log10_subsample": -0.04763524506274941, "max_depth": 9.0, "num_boost_round": 9.0}, "datetime": {"datetime": "2024-01-19 00:37:55", "elapsed": 1572.680372, "delta": 0.002145}}
{"target": -17.667966370842557, "params": {"gamma": 582.5985931861819, "log10_alpha": -2.542157377331695, "log10_colsample_bytree": -0.7153501093614506, "log10_eta": -1.6956293306374874, "log10_lambda": -2.885698204237848, "log10_min_child_weight": 1.592903228309201, "log10_subsample": -0.04763524506274941, "max_depth": 9.0, "num_boost_round": 10.0}, "datetime": {"datetime": "2024-01-19 00:37:55", "elapsed": 1572.682524, "delta": 0.002152}}
{"target": -17.668823675671458, "params": {"gamma": 582.5985931861819, "log10_alpha": -2.542157377331695, "log10_colsample_bytree": -0.7153501093614506, "log10_eta": -1.6956293306374874, "log10_lambda": -2.885698204237848, "log10_min_child_weight": 1.592903228309201, "log10_subsample": -0.04763524506274941, "max_depth": 9.0, "num_boost_round": 11.0}, "datetime": {"datetime": "2024-01-19 00:37:55", "elapsed": 1572.684572, "delta": 0.002048}}
{"target": -17.677071299946057, "params": {"gamma": 590.9800322827043, "log10_alpha": -4.62697017502779, "log10_colsample_bytree": -0.6739718268602722, "log10_eta": -2.4711026294470555, "log10_lambda": -3.2480244758703085, "log10_min_child_weight": 2.4023169874127075, "log10_subsample": -0.895703264346992, "max_depth": 3.0, "num_boost_round": 0.0}, "datetime": {"datetime": "2024-01-19 00:38:18", "elapsed": 1595.611309, "delta": 22.926737}}
{"target": -17.676914442202015, "params": {"gamma": 590.9800322827043, "log10_alpha": -4.62697017502779, "log10_colsample_bytree": -0.6739718268602722, "log10_eta": -2.4711026294470555, "log10_lambda": -3.2480244758703085, "log10_min_child_weight": 2.4023169874127075, "log10_subsample": -0.895703264346992, "max_depth": 3.0, "num_boost_round": 1.0}, "datetime": {"datetime": "2024-01-19 00:38:18", "elapsed": 1595.613993, "delta": 0.002684}}
{"target": -17.676770624228986, "params": {"gamma": 590.9800322827043, "log10_alpha": -4.62697017502779, "log10_colsample_bytree": -0.6739718268602722, "log10_eta": -2.4711026294470555, "log10_lambda": -3.2480244758703085, "log10_min_child_weight": 2.4023169874127075, "log10_subsample": -0.895703264346992, "max_depth": 3.0, "num_boost_round": 2.0}, "datetime": {"datetime": "2024-01-19 00:38:18", "elapsed": 1595.616248, "delta": 0.002255}}
{"target": -17.67670583090698, "params": {"gamma": 590.9800322827043, "log10_alpha": -4.62697017502779, "log10_colsample_bytree": -0.6739718268602722, "log10_eta": -2.4711026294470555, "log10_lambda": -3.2480244758703085, "log10_min_child_weight": 2.4023169874127075, "log10_subsample": -0.895703264346992, "max_depth": 3.0, "num_boost_round": 3.0}, "datetime": {"datetime": "2024-01-19 00:38:18", "elapsed": 1595.618397, "delta": 0.002149}}
{"target": -17.676615458883028, "params": {"gamma": 590.9800322827043, "log10_alpha": -4.62697017502779, "log10_colsample_bytree": -0.6739718268602722, "log10_eta": -2.4711026294470555, "log10_lambda": -3.2480244758703085, "log10_min_child_weight": 2.4023169874127075, "log10_subsample": -0.895703264346992, "max_depth": 3.0, "num_boost_round": 4.0}, "datetime": {"datetime": "2024-01-19 00:38:18", "elapsed": 1595.620518, "delta": 0.002121}}
{"target": -17.676501203219363, "params": {"gamma": 590.9800322827043, "log10_alpha": -4.62697017502779, "log10_colsample_bytree": -0.6739718268602722, "log10_eta": -2.4711026294470555, "log10_lambda": -3.2480244758703085, "log10_min_child_weight": 2.4023169874127075, "log10_subsample": -0.895703264346992, "max_depth": 3.0, "num_boost_round": 5.0}, "datetime": {"datetime": "2024-01-19 00:38:18", "elapsed": 1595.622582, "delta": 0.002064}}
{"target": -17.67637636544439, "params": {"gamma": 590.9800322827043, "log10_alpha": -4.62697017502779, "log10_colsample_bytree": -0.6739718268602722, "log10_eta": -2.4711026294470555, "log10_lambda": -3.2480244758703085, "log10_min_child_weight": 2.4023169874127075, "log10_subsample": -0.895703264346992, "max_depth": 3.0, "num_boost_round": 6.0}, "datetime": {"datetime": "2024-01-19 00:38:18", "elapsed": 1595.624642, "delta": 0.00206}}
{"target": -17.676097383027713, "params": {"gamma": 590.9800322827043, "log10_alpha": -4.62697017502779, "log10_colsample_bytree": -0.6739718268602722, "log10_eta": -2.4711026294470555, "log10_lambda": -3.2480244758703085, "log10_min_child_weight": 2.4023169874127075, "log10_subsample": -0.895703264346992, "max_depth": 3.0, "num_boost_round": 7.0}, "datetime": {"datetime": "2024-01-19 00:38:18", "elapsed": 1595.626713, "delta": 0.002071}}
{"target": -17.67605820954363, "params": {"gamma": 590.9800322827043, "log10_alpha": -4.62697017502779, "log10_colsample_bytree": -0.6739718268602722, "log10_eta": -2.4711026294470555, "log10_lambda": -3.2480244758703085, "log10_min_child_weight": 2.4023169874127075, "log10_subsample": -0.895703264346992, "max_depth": 3.0, "num_boost_round": 8.0}, "datetime": {"datetime": "2024-01-19 00:38:18", "elapsed": 1595.628785, "delta": 0.002072}}
{"target": -17.675964076934374, "params": {"gamma": 590.9800322827043, "log10_alpha": -4.62697017502779, "log10_colsample_bytree": -0.6739718268602722, "log10_eta": -2.4711026294470555, "log10_lambda": -3.2480244758703085, "log10_min_child_weight": 2.4023169874127075, "log10_subsample": -0.895703264346992, "max_depth": 3.0, "num_boost_round": 9.0}, "datetime": {"datetime": "2024-01-19 00:38:18", "elapsed": 1595.631053, "delta": 0.002268}}
