{"target": -13.758506080716602, "params": {"gamma": 37.831175231834216, "log10_alpha": -2.544371059852452, "log10_colsample_bytree": -0.38314882162960173, "log10_eta": -2.9779323875381785, "log10_lambda": -3.603524575487216, "log10_min_child_weight": 4.236624443301454, "log10_subsample": -0.7642856450816831, "max_depth": 7.0, "num_boost_round": 10.0}, "datetime": {"datetime": "2024-01-19 02:05:36", "elapsed": 6844.292897, "delta": 0.005485}}
{"target": -13.758504124404853, "params": {"gamma": 37.831175231834216, "log10_alpha": -2.544371059852452, "log10_colsample_bytree": -0.38314882162960173, "log10_eta": -2.9779323875381785, "log10_lambda": -3.603524575487216, "log10_min_child_weight": 4.236624443301454, "log10_subsample": -0.7642856450816831, "max_depth": 7.0, "num_boost_round": 11.0}, "datetime": {"datetime": "2024-01-19 02:05:36", "elapsed": 6844.298499, "delta": 0.005602}}
{"target": -13.758507034333858, "params": {"gamma": 37.831175231834216, "log10_alpha": -2.544371059852452, "log10_colsample_bytree": -0.38314882162960173, "log10_eta": -2.9779323875381785, "log10_lambda": -3.603524575487216, "log10_min_child_weight": 4.236624443301454, "log10_subsample": -0.7642856450816831, "max_depth": 7.0, "num_boost_round": 12.0}, "datetime": {"datetime": "2024-01-19 02:05:36", "elapsed": 6844.303879, "delta": 0.00538}}
{"target": -13.758504945685775, "params": {"gamma": 37.831175231834216, "log10_alpha": -2.544371059852452, "log10_colsample_bytree": -0.38314882162960173, "log10_eta": -2.9779323875381785, "log10_lambda": -3.603524575487216, "log10_min_child_weight": 4.236624443301454, "log10_subsample": -0.7642856450816831, "max_depth": 7.0, "num_boost_round": 13.0}, "datetime": {"datetime": "2024-01-19 02:05:36", "elapsed": 6844.309207, "delta": 0.005328}}
{"target": -13.758494823884918, "params": {"gamma": 37.831175231834216, "log10_alpha": -2.544371059852452, "log10_colsample_bytree": -0.38314882162960173, "log10_eta": -2.9779323875381785, "log10_lambda": -3.603524575487216, "log10_min_child_weight": 4.236624443301454, "log10_subsample": -0.7642856450816831, "max_depth": 7.0, "num_boost_round": 14.0}, "datetime": {"datetime": "2024-01-19 02:05:36", "elapsed": 6844.314624, "delta": 0.005417}}
{"target": -13.758489855795425, "params": {"gamma": 37.831175231834216, "log10_alpha": -2.544371059852452, "log10_colsample_bytree": -0.38314882162960173, "log10_eta": -2.9779323875381785, "log10_lambda": -3.603524575487216, "log10_min_child_weight": 4.236624443301454, "log10_subsample": -0.7642856450816831, "max_depth": 7.0, "num_boost_round": 15.0}, "datetime": {"datetime": "2024-01-19 02:05:36", "elapsed": 6844.320081, "delta": 0.005457}}
{"target": -13.75848755754729, "params": {"gamma": 37.831175231834216, "log10_alpha": -2.544371059852452, "log10_colsample_bytree": -0.38314882162960173, "log10_eta": -2.9779323875381785, "log10_lambda": -3.603524575487216, "log10_min_child_weight": 4.236624443301454, "log10_subsample": -0.7642856450816831, "max_depth": 7.0, "num_boost_round": 16.0}, "datetime": {"datetime": "2024-01-19 02:05:36", "elapsed": 6844.325488, "delta": 0.005407}}
{"target": -13.758489910963936, "params": {"gamma": 37.831175231834216, "log10_alpha": -2.544371059852452, "log10_colsample_bytree": -0.38314882162960173, "log10_eta": -2.9779323875381785, "log10_lambda": -3.603524575487216, "log10_min_child_weight": 4.236624443301454, "log10_subsample": -0.7642856450816831, "max_depth": 7.0, "num_boost_round": 17.0}, "datetime": {"datetime": "2024-01-19 02:05:36", "elapsed": 6844.334623, "delta": 0.009135}}
{"target": -13.758280061343354, "params": {"gamma": 67.18217786484126, "log10_alpha": -4.195256542105792, "log10_colsample_bytree": -0.17516534383024018, "log10_eta": -1.7900416866017381, "log10_lambda": -4.073008419546692, "log10_min_child_weight": 1.435684564094457, "log10_subsample": -0.3809991474089931, "max_depth": 4.0, "num_boost_round": 0.0}, "datetime": {"datetime": "2024-01-19 02:06:26", "elapsed": 6894.155107, "delta": 49.820484}}
{"target": -13.758124577108616, "params": {"gamma": 67.18217786484126, "log10_alpha": -4.195256542105792, "log10_colsample_bytree": -0.17516534383024018, "log10_eta": -1.7900416866017381, "log10_lambda": -4.073008419546692, "log10_min_child_weight": 1.435684564094457, "log10_subsample": -0.3809991474089931, "max_depth": 4.0, "num_boost_round": 1.0}, "datetime": {"datetime": "2024-01-19 02:06:26", "elapsed": 6894.161324, "delta": 0.006217}}
{"target": -13.75816810510422, "params": {"gamma": 67.18217786484126, "log10_alpha": -4.195256542105792, "log10_colsample_bytree": -0.17516534383024018, "log10_eta": -1.7900416866017381, "log10_lambda": -4.073008419546692, "log10_min_child_weight": 1.435684564094457, "log10_subsample": -0.3809991474089931, "max_depth": 4.0, "num_boost_round": 2.0}, "datetime": {"datetime": "2024-01-19 02:06:26", "elapsed": 6894.166774, "delta": 0.00545}}
{"target": -13.75822278526378, "params": {"gamma": 67.18217786484126, "log10_alpha": -4.195256542105792, "log10_colsample_bytree": -0.17516534383024018, "log10_eta": -1.7900416866017381, "log10_lambda": -4.073008419546692, "log10_min_child_weight": 1.435684564094457, "log10_subsample": -0.3809991474089931, "max_depth": 4.0, "num_boost_round": 3.0}, "datetime": {"datetime": "2024-01-19 02:06:26", "elapsed": 6894.172247, "delta": 0.005473}}
{"target": -13.75797221260047, "params": {"gamma": 67.18217786484126, "log10_alpha": -4.195256542105792, "log10_colsample_bytree": -0.17516534383024018, "log10_eta": -1.7900416866017381, "log10_lambda": -4.073008419546692, "log10_min_child_weight": 1.435684564094457, "log10_subsample": -0.3809991474089931, "max_depth": 4.0, "num_boost_round": 4.0}, "datetime": {"datetime": "2024-01-19 02:06:26", "elapsed": 6894.177802, "delta": 0.005555}}
{"target": -13.758118407336866, "params": {"gamma": 67.18217786484126, "log10_alpha": -4.195256542105792, "log10_colsample_bytree": -0.17516534383024018, "log10_eta": -1.7900416866017381, "log10_lambda": -4.073008419546692, "log10_min_child_weight": 1.435684564094457, "log10_subsample": -0.3809991474089931, "max_depth": 4.0, "num_boost_round": 5.0}, "datetime": {"datetime": "2024-01-19 02:06:26", "elapsed": 6894.183419, "delta": 0.005617}}
{"target": -13.758134878434657, "params": {"gamma": 67.18217786484126, "log10_alpha": -4.195256542105792, "log10_colsample_bytree": -0.17516534383024018, "log10_eta": -1.7900416866017381, "log10_lambda": -4.073008419546692, "log10_min_child_weight": 1.435684564094457, "log10_subsample": -0.3809991474089931, "max_depth": 4.0, "num_boost_round": 6.0}, "datetime": {"datetime": "2024-01-19 02:06:26", "elapsed": 6894.188947, "delta": 0.005528}}
{"target": -13.75845857948822, "params": {"gamma": 67.18217786484126, "log10_alpha": -4.195256542105792, "log10_colsample_bytree": -0.17516534383024018, "log10_eta": -1.7900416866017381, "log10_lambda": -4.073008419546692, "log10_min_child_weight": 1.435684564094457, "log10_subsample": -0.3809991474089931, "max_depth": 4.0, "num_boost_round": 7.0}, "datetime": {"datetime": "2024-01-19 02:06:26", "elapsed": 6894.194582, "delta": 0.005635}}
{"target": -13.757975357174617, "params": {"gamma": 67.18217786484126, "log10_alpha": -4.195256542105792, "log10_colsample_bytree": -0.17516534383024018, "log10_eta": -1.7900416866017381, "log10_lambda": -4.073008419546692, "log10_min_child_weight": 1.435684564094457, "log10_subsample": -0.3809991474089931, "max_depth": 4.0, "num_boost_round": 8.0}, "datetime": {"datetime": "2024-01-19 02:06:26", "elapsed": 6894.200079, "delta": 0.005497}}
{"target": -13.758432127933501, "params": {"gamma": 67.18217786484126, "log10_alpha": -4.195256542105792, "log10_colsample_bytree": -0.17516534383024018, "log10_eta": -1.7900416866017381, "log10_lambda": -4.073008419546692, "log10_min_child_weight": 1.435684564094457, "log10_subsample": -0.3809991474089931, "max_depth": 4.0, "num_boost_round": 9.0}, "datetime": {"datetime": "2024-01-19 02:06:26", "elapsed": 6894.20545, "delta": 0.005371}}
{"target": -13.758725353876901, "params": {"gamma": 67.18217786484126, "log10_alpha": -4.195256542105792, "log10_colsample_bytree": -0.17516534383024018, "log10_eta": -1.7900416866017381, "log10_lambda": -4.073008419546692, "log10_min_child_weight": 1.435684564094457, "log10_subsample": -0.3809991474089931, "max_depth": 4.0, "num_boost_round": 10.0}, "datetime": {"datetime": "2024-01-19 02:06:26", "elapsed": 6894.2109, "delta": 0.00545}}
{"target": -13.758609291372132, "params": {"gamma": 67.18217786484126, "log10_alpha": -4.195256542105792, "log10_colsample_bytree": -0.17516534383024018, "log10_eta": -1.7900416866017381, "log10_lambda": -4.073008419546692, "log10_min_child_weight": 1.435684564094457, "log10_subsample": -0.3809991474089931, "max_depth": 4.0, "num_boost_round": 11.0}, "datetime": {"datetime": "2024-01-19 02:06:26", "elapsed": 6894.330561, "delta": 0.119661}}
{"target": -13.75927175611594, "params": {"gamma": 67.18217786484126, "log10_alpha": -4.195256542105792, "log10_colsample_bytree": -0.17516534383024018, "log10_eta": -1.7900416866017381, "log10_lambda": -4.073008419546692, "log10_min_child_weight": 1.435684564094457, "log10_subsample": -0.3809991474089931, "max_depth": 4.0, "num_boost_round": 12.0}, "datetime": {"datetime": "2024-01-19 02:06:26", "elapsed": 6894.336887, "delta": 0.006326}}
{"target": -13.759844507481805, "params": {"gamma": 67.18217786484126, "log10_alpha": -4.195256542105792, "log10_colsample_bytree": -0.17516534383024018, "log10_eta": -1.7900416866017381, "log10_lambda": -4.073008419546692, "log10_min_child_weight": 1.435684564094457, "log10_subsample": -0.3809991474089931, "max_depth": 4.0, "num_boost_round": 13.0}, "datetime": {"datetime": "2024-01-19 02:06:26", "elapsed": 6894.342619, "delta": 0.005732}}
{"target": -13.760141404367335, "params": {"gamma": 67.18217786484126, "log10_alpha": -4.195256542105792, "log10_colsample_bytree": -0.17516534383024018, "log10_eta": -1.7900416866017381, "log10_lambda": -4.073008419546692, "log10_min_child_weight": 1.435684564094457, "log10_subsample": -0.3809991474089931, "max_depth": 4.0, "num_boost_round": 14.0}, "datetime": {"datetime": "2024-01-19 02:06:26", "elapsed": 6894.348034, "delta": 0.005415}}
{"target": -13.759894103270549, "params": {"gamma": 67.18217786484126, "log10_alpha": -4.195256542105792, "log10_colsample_bytree": -0.17516534383024018, "log10_eta": -1.7900416866017381, "log10_lambda": -4.073008419546692, "log10_min_child_weight": 1.435684564094457, "log10_subsample": -0.3809991474089931, "max_depth": 4.0, "num_boost_round": 15.0}, "datetime": {"datetime": "2024-01-19 02:06:26", "elapsed": 6894.353439, "delta": 0.005405}}
{"target": -13.759849818449101, "params": {"gamma": 67.18217786484126, "log10_alpha": -4.195256542105792, "log10_colsample_bytree": -0.17516534383024018, "log10_eta": -1.7900416866017381, "log10_lambda": -4.073008419546692, "log10_min_child_weight": 1.435684564094457, "log10_subsample": -0.3809991474089931, "max_depth": 4.0, "num_boost_round": 16.0}, "datetime": {"datetime": "2024-01-19 02:06:26", "elapsed": 6894.358855, "delta": 0.005416}}
{"target": -13.760211868458146, "params": {"gamma": 67.18217786484126, "log10_alpha": -4.195256542105792, "log10_colsample_bytree": -0.17516534383024018, "log10_eta": -1.7900416866017381, "log10_lambda": -4.073008419546692, "log10_min_child_weight": 1.435684564094457, "log10_subsample": -0.3809991474089931, "max_depth": 4.0, "num_boost_round": 17.0}, "datetime": {"datetime": "2024-01-19 02:06:26", "elapsed": 6894.36444, "delta": 0.005585}}
{"target": -13.758534871017462, "params": {"gamma": 43.56633988445502, "log10_alpha": 0.2810504056000802, "log10_colsample_bytree": -0.1877433028659099, "log10_eta": -3.47742734668166, "log10_lambda": -4.376968610338187, "log10_min_child_weight": 1.7294739295796457, "log10_subsample": -0.10208303507920113, "max_depth": 2.0, "num_boost_round": 0.0}, "datetime": {"datetime": "2024-01-19 02:07:44", "elapsed": 6972.488548, "delta": 78.124108}}
{"target": -13.758531462241425, "params": {"gamma": 43.56633988445502, "log10_alpha": 0.2810504056000802, "log10_colsample_bytree": -0.1877433028659099, "log10_eta": -3.47742734668166, "log10_lambda": -4.376968610338187, "log10_min_child_weight": 1.7294739295796457, "log10_subsample": -0.10208303507920113, "max_depth": 2.0, "num_boost_round": 1.0}, "datetime": {"datetime": "2024-01-19 02:07:44", "elapsed": 6972.495213, "delta": 0.006665}}
{"target": -13.75853134544437, "params": {"gamma": 43.56633988445502, "log10_alpha": 0.2810504056000802, "log10_colsample_bytree": -0.1877433028659099, "log10_eta": -3.47742734668166, "log10_lambda": -4.376968610338187, "log10_min_child_weight": 1.7294739295796457, "log10_subsample": -0.10208303507920113, "max_depth": 2.0, "num_boost_round": 2.0}, "datetime": {"datetime": "2024-01-19 02:07:44", "elapsed": 6972.500736, "delta": 0.005523}}
{"target": -13.758529360323623, "params": {"gamma": 43.56633988445502, "log10_alpha": 0.2810504056000802, "log10_colsample_bytree": -0.1877433028659099, "log10_eta": -3.47742734668166, "log10_lambda": -4.376968610338187, "log10_min_child_weight": 1.7294739295796457, "log10_subsample": -0.10208303507920113, "max_depth": 2.0, "num_boost_round": 3.0}, "datetime": {"datetime": "2024-01-19 02:07:44", "elapsed": 6972.506564, "delta": 0.005828}}
{"target": -13.75852527919964, "params": {"gamma": 43.56633988445502, "log10_alpha": 0.2810504056000802, "log10_colsample_bytree": -0.1877433028659099, "log10_eta": -3.47742734668166, "log10_lambda": -4.376968610338187, "log10_min_child_weight": 1.7294739295796457, "log10_subsample": -0.10208303507920113, "max_depth": 2.0, "num_boost_round": 4.0}, "datetime": {"datetime": "2024-01-19 02:07:44", "elapsed": 6972.512068, "delta": 0.005504}}
{"target": -13.758521882655817, "params": {"gamma": 43.56633988445502, "log10_alpha": 0.2810504056000802, "log10_colsample_bytree": -0.1877433028659099, "log10_eta": -3.47742734668166, "log10_lambda": -4.376968610338187, "log10_min_child_weight": 1.7294739295796457, "log10_subsample": -0.10208303507920113, "max_depth": 2.0, "num_boost_round": 5.0}, "datetime": {"datetime": "2024-01-19 02:07:44", "elapsed": 6972.517498, "delta": 0.00543}}
{"target": -13.75852038731523, "params": {"gamma": 43.56633988445502, "log10_alpha": 0.2810504056000802, "log10_colsample_bytree": -0.1877433028659099, "log10_eta": -3.47742734668166, "log10_lambda": -4.376968610338187, "log10_min_child_weight": 1.7294739295796457, "log10_subsample": -0.10208303507920113, "max_depth": 2.0, "num_boost_round": 6.0}, "datetime": {"datetime": "2024-01-19 02:07:44", "elapsed": 6972.523037, "delta": 0.005539}}
{"target": -13.758517150504517, "params": {"gamma": 43.56633988445502, "log10_alpha": 0.2810504056000802, "log10_colsample_bytree": -0.1877433028659099, "log10_eta": -3.47742734668166, "log10_lambda": -4.376968610338187, "log10_min_child_weight": 1.7294739295796457, "log10_subsample": -0.10208303507920113, "max_depth": 2.0, "num_boost_round": 7.0}, "datetime": {"datetime": "2024-01-19 02:07:44", "elapsed": 6972.528948, "delta": 0.005911}}
{"target": -13.75851382379891, "params": {"gamma": 43.56633988445502, "log10_alpha": 0.2810504056000802, "log10_colsample_bytree": -0.1877433028659099, "log10_eta": -3.47742734668166, "log10_lambda": -4.376968610338187, "log10_min_child_weight": 1.7294739295796457, "log10_subsample": -0.10208303507920113, "max_depth": 2.0, "num_boost_round": 8.0}, "datetime": {"datetime": "2024-01-19 02:07:44", "elapsed": 6972.534419, "delta": 0.005471}}
{"target": -13.758513529730251, "params": {"gamma": 43.56633988445502, "log10_alpha": 0.2810504056000802, "log10_colsample_bytree": -0.1877433028659099, "log10_eta": -3.47742734668166, "log10_lambda": -4.376968610338187, "log10_min_child_weight": 1.7294739295796457, "log10_subsample": -0.10208303507920113, "max_depth": 2.0, "num_boost_round": 9.0}, "datetime": {"datetime": "2024-01-19 02:07:44", "elapsed": 6972.539845, "delta": 0.005426}}
{"target": -13.758510761174305, "params": {"gamma": 43.56633988445502, "log10_alpha": 0.2810504056000802, "log10_colsample_bytree": -0.1877433028659099, "log10_eta": -3.47742734668166, "log10_lambda": -4.376968610338187, "log10_min_child_weight": 1.7294739295796457, "log10_subsample": -0.10208303507920113, "max_depth": 2.0, "num_boost_round": 10.0}, "datetime": {"datetime": "2024-01-19 02:07:44", "elapsed": 6972.545223, "delta": 0.005378}}
{"target": -13.758504589827337, "params": {"gamma": 43.56633988445502, "log10_alpha": 0.2810504056000802, "log10_colsample_bytree": -0.1877433028659099, "log10_eta": -3.47742734668166, "log10_lambda": -4.376968610338187, "log10_min_child_weight": 1.7294739295796457, "log10_subsample": -0.10208303507920113, "max_depth": 2.0, "num_boost_round": 11.0}, "datetime": {"datetime": "2024-01-19 02:07:44", "elapsed": 6972.550788, "delta": 0.005565}}
{"target": -13.758501353198094, "params": {"gamma": 43.56633988445502, "log10_alpha": 0.2810504056000802, "log10_colsample_bytree": -0.1877433028659099, "log10_eta": -3.47742734668166, "log10_lambda": -4.376968610338187, "log10_min_child_weight": 1.7294739295796457, "log10_subsample": -0.10208303507920113, "max_depth": 2.0, "num_boost_round": 12.0}, "datetime": {"datetime": "2024-01-19 02:07:44", "elapsed": 6972.556364, "delta": 0.005576}}
{"target": -13.758498663490244, "params": {"gamma": 43.56633988445502, "log10_alpha": 0.2810504056000802, "log10_colsample_bytree": -0.1877433028659099, "log10_eta": -3.47742734668166, "log10_lambda": -4.376968610338187, "log10_min_child_weight": 1.7294739295796457, "log10_subsample": -0.10208303507920113, "max_depth": 2.0, "num_boost_round": 13.0}, "datetime": {"datetime": "2024-01-19 02:07:44", "elapsed": 6972.562018, "delta": 0.005654}}
{"target": -13.758495926677265, "params": {"gamma": 43.56633988445502, "log10_alpha": 0.2810504056000802, "log10_colsample_bytree": -0.1877433028659099, "log10_eta": -3.47742734668166, "log10_lambda": -4.376968610338187, "log10_min_child_weight": 1.7294739295796457, "log10_subsample": -0.10208303507920113, "max_depth": 2.0, "num_boost_round": 14.0}, "datetime": {"datetime": "2024-01-19 02:07:44", "elapsed": 6972.56761, "delta": 0.005592}}
{"target": -13.758491973458185, "params": {"gamma": 43.56633988445502, "log10_alpha": 0.2810504056000802, "log10_colsample_bytree": -0.1877433028659099, "log10_eta": -3.47742734668166, "log10_lambda": -4.376968610338187, "log10_min_child_weight": 1.7294739295796457, "log10_subsample": -0.10208303507920113, "max_depth": 2.0, "num_boost_round": 15.0}, "datetime": {"datetime": "2024-01-19 02:07:44", "elapsed": 6972.573075, "delta": 0.005465}}
{"target": -13.758487369132139, "params": {"gamma": 43.56633988445502, "log10_alpha": 0.2810504056000802, "log10_colsample_bytree": -0.1877433028659099, "log10_eta": -3.47742734668166, "log10_lambda": -4.376968610338187, "log10_min_child_weight": 1.7294739295796457, "log10_subsample": -0.10208303507920113, "max_depth": 2.0, "num_boost_round": 16.0}, "datetime": {"datetime": "2024-01-19 02:07:44", "elapsed": 6972.578636, "delta": 0.005561}}
{"target": -13.758486438171765, "params": {"gamma": 43.56633988445502, "log10_alpha": 0.2810504056000802, "log10_colsample_bytree": -0.1877433028659099, "log10_eta": -3.47742734668166, "log10_lambda": -4.376968610338187, "log10_min_child_weight": 1.7294739295796457, "log10_subsample": -0.10208303507920113, "max_depth": 2.0, "num_boost_round": 17.0}, "datetime": {"datetime": "2024-01-19 02:07:44", "elapsed": 6972.584248, "delta": 0.005612}}
{"target": -13.758485945408205, "params": {"gamma": 43.56633988445502, "log10_alpha": 0.2810504056000802, "log10_colsample_bytree": -0.1877433028659099, "log10_eta": -3.47742734668166, "log10_lambda": -4.376968610338187, "log10_min_child_weight": 1.7294739295796457, "log10_subsample": -0.10208303507920113, "max_depth": 2.0, "num_boost_round": 18.0}, "datetime": {"datetime": "2024-01-19 02:07:44", "elapsed": 6972.58978, "delta": 0.005532}}
{"target": -13.758484261067403, "params": {"gamma": 43.56633988445502, "log10_alpha": 0.2810504056000802, "log10_colsample_bytree": -0.1877433028659099, "log10_eta": -3.47742734668166, "log10_lambda": -4.376968610338187, "log10_min_child_weight": 1.7294739295796457, "log10_subsample": -0.10208303507920113, "max_depth": 2.0, "num_boost_round": 19.0}, "datetime": {"datetime": "2024-01-19 02:07:44", "elapsed": 6972.595474, "delta": 0.005694}}
{"target": -13.758481106328576, "params": {"gamma": 43.56633988445502, "log10_alpha": 0.2810504056000802, "log10_colsample_bytree": -0.1877433028659099, "log10_eta": -3.47742734668166, "log10_lambda": -4.376968610338187, "log10_min_child_weight": 1.7294739295796457, "log10_subsample": -0.10208303507920113, "max_depth": 2.0, "num_boost_round": 20.0}, "datetime": {"datetime": "2024-01-19 02:07:44", "elapsed": 6972.600853, "delta": 0.005379}}
{"target": -13.758481163837592, "params": {"gamma": 43.56633988445502, "log10_alpha": 0.2810504056000802, "log10_colsample_bytree": -0.1877433028659099, "log10_eta": -3.47742734668166, "log10_lambda": -4.376968610338187, "log10_min_child_weight": 1.7294739295796457, "log10_subsample": -0.10208303507920113, "max_depth": 2.0, "num_boost_round": 21.0}, "datetime": {"datetime": "2024-01-19 02:07:44", "elapsed": 6972.606219, "delta": 0.005366}}
{"target": -13.758477043911352, "params": {"gamma": 43.56633988445502, "log10_alpha": 0.2810504056000802, "log10_colsample_bytree": -0.1877433028659099, "log10_eta": -3.47742734668166, "log10_lambda": -4.376968610338187, "log10_min_child_weight": 1.7294739295796457, "log10_subsample": -0.10208303507920113, "max_depth": 2.0, "num_boost_round": 22.0}, "datetime": {"datetime": "2024-01-19 02:07:44", "elapsed": 6972.611699, "delta": 0.00548}}
