{"target": -13.757960052152825, "params": {"gamma": 38.47963851162828, "log10_alpha": -1.8791576789844493, "log10_colsample_bytree": -0.9122579915604585, "log10_eta": -1.4370002746538137, "log10_lambda": -3.4328375063230974, "log10_min_child_weight": 1.70242912803038, "log10_subsample": -0.8548888062882045, "max_depth": 9.0, "num_boost_round": 5.0}, "datetime": {"datetime": "2024-01-19 01:16:34", "elapsed": 3902.86109, "delta": 0.003812}}
{"target": -13.758795320172364, "params": {"gamma": 38.47963851162828, "log10_alpha": -1.8791576789844493, "log10_colsample_bytree": -0.9122579915604585, "log10_eta": -1.4370002746538137, "log10_lambda": -3.4328375063230974, "log10_min_child_weight": 1.70242912803038, "log10_subsample": -0.8548888062882045, "max_depth": 9.0, "num_boost_round": 6.0}, "datetime": {"datetime": "2024-01-19 01:16:34", "elapsed": 3902.864967, "delta": 0.003877}}
{"target": -13.757796570050713, "params": {"gamma": 38.47963851162828, "log10_alpha": -1.8791576789844493, "log10_colsample_bytree": -0.9122579915604585, "log10_eta": -1.4370002746538137, "log10_lambda": -3.4328375063230974, "log10_min_child_weight": 1.70242912803038, "log10_subsample": -0.8548888062882045, "max_depth": 9.0, "num_boost_round": 7.0}, "datetime": {"datetime": "2024-01-19 01:16:34", "elapsed": 3902.868788, "delta": 0.003821}}
{"target": -13.758617985126936, "params": {"gamma": 38.47963851162828, "log10_alpha": -1.8791576789844493, "log10_colsample_bytree": -0.9122579915604585, "log10_eta": -1.4370002746538137, "log10_lambda": -3.4328375063230974, "log10_min_child_weight": 1.70242912803038, "log10_subsample": -0.8548888062882045, "max_depth": 9.0, "num_boost_round": 8.0}, "datetime": {"datetime": "2024-01-19 01:16:34", "elapsed": 3902.872591, "delta": 0.003803}}
{"target": -13.75804173981227, "params": {"gamma": 38.47963851162828, "log10_alpha": -1.8791576789844493, "log10_colsample_bytree": -0.9122579915604585, "log10_eta": -1.4370002746538137, "log10_lambda": -3.4328375063230974, "log10_min_child_weight": 1.70242912803038, "log10_subsample": -0.8548888062882045, "max_depth": 9.0, "num_boost_round": 9.0}, "datetime": {"datetime": "2024-01-19 01:16:34", "elapsed": 3902.876417, "delta": 0.003826}}
{"target": -13.756263457775363, "params": {"gamma": 38.47963851162828, "log10_alpha": -1.8791576789844493, "log10_colsample_bytree": -0.9122579915604585, "log10_eta": -1.4370002746538137, "log10_lambda": -3.4328375063230974, "log10_min_child_weight": 1.70242912803038, "log10_subsample": -0.8548888062882045, "max_depth": 9.0, "num_boost_round": 10.0}, "datetime": {"datetime": "2024-01-19 01:16:34", "elapsed": 3902.880198, "delta": 0.003781}}
{"target": -13.75635311276267, "params": {"gamma": 38.47963851162828, "log10_alpha": -1.8791576789844493, "log10_colsample_bytree": -0.9122579915604585, "log10_eta": -1.4370002746538137, "log10_lambda": -3.4328375063230974, "log10_min_child_weight": 1.70242912803038, "log10_subsample": -0.8548888062882045, "max_depth": 9.0, "num_boost_round": 11.0}, "datetime": {"datetime": "2024-01-19 01:16:34", "elapsed": 3902.884204, "delta": 0.004006}}
{"target": -13.758203379137285, "params": {"gamma": 38.47963851162828, "log10_alpha": -1.8791576789844493, "log10_colsample_bytree": -0.9122579915604585, "log10_eta": -1.4370002746538137, "log10_lambda": -3.4328375063230974, "log10_min_child_weight": 1.70242912803038, "log10_subsample": -0.8548888062882045, "max_depth": 9.0, "num_boost_round": 12.0}, "datetime": {"datetime": "2024-01-19 01:16:34", "elapsed": 3902.888029, "delta": 0.003825}}
{"target": -13.757263748067459, "params": {"gamma": 38.47963851162828, "log10_alpha": -1.8791576789844493, "log10_colsample_bytree": -0.9122579915604585, "log10_eta": -1.4370002746538137, "log10_lambda": -3.4328375063230974, "log10_min_child_weight": 1.70242912803038, "log10_subsample": -0.8548888062882045, "max_depth": 9.0, "num_boost_round": 13.0}, "datetime": {"datetime": "2024-01-19 01:16:34", "elapsed": 3902.891901, "delta": 0.003872}}
{"target": -13.757260931432045, "params": {"gamma": 38.47963851162828, "log10_alpha": -1.8791576789844493, "log10_colsample_bytree": -0.9122579915604585, "log10_eta": -1.4370002746538137, "log10_lambda": -3.4328375063230974, "log10_min_child_weight": 1.70242912803038, "log10_subsample": -0.8548888062882045, "max_depth": 9.0, "num_boost_round": 14.0}, "datetime": {"datetime": "2024-01-19 01:16:34", "elapsed": 3902.895768, "delta": 0.003867}}
{"target": -13.756597877339392, "params": {"gamma": 38.47963851162828, "log10_alpha": -1.8791576789844493, "log10_colsample_bytree": -0.9122579915604585, "log10_eta": -1.4370002746538137, "log10_lambda": -3.4328375063230974, "log10_min_child_weight": 1.70242912803038, "log10_subsample": -0.8548888062882045, "max_depth": 9.0, "num_boost_round": 15.0}, "datetime": {"datetime": "2024-01-19 01:16:34", "elapsed": 3902.899554, "delta": 0.003786}}
{"target": -13.757138061844904, "params": {"gamma": 38.47963851162828, "log10_alpha": -1.8791576789844493, "log10_colsample_bytree": -0.9122579915604585, "log10_eta": -1.4370002746538137, "log10_lambda": -3.4328375063230974, "log10_min_child_weight": 1.70242912803038, "log10_subsample": -0.8548888062882045, "max_depth": 9.0, "num_boost_round": 16.0}, "datetime": {"datetime": "2024-01-19 01:16:34", "elapsed": 3902.903371, "delta": 0.003817}}
{"target": -13.757392050953515, "params": {"gamma": 38.47963851162828, "log10_alpha": -1.8791576789844493, "log10_colsample_bytree": -0.9122579915604585, "log10_eta": -1.4370002746538137, "log10_lambda": -3.4328375063230974, "log10_min_child_weight": 1.70242912803038, "log10_subsample": -0.8548888062882045, "max_depth": 9.0, "num_boost_round": 17.0}, "datetime": {"datetime": "2024-01-19 01:16:34", "elapsed": 3902.907155, "delta": 0.003784}}
{"target": -13.757476980216724, "params": {"gamma": 38.47963851162828, "log10_alpha": -1.8791576789844493, "log10_colsample_bytree": -0.9122579915604585, "log10_eta": -1.4370002746538137, "log10_lambda": -3.4328375063230974, "log10_min_child_weight": 1.70242912803038, "log10_subsample": -0.8548888062882045, "max_depth": 9.0, "num_boost_round": 18.0}, "datetime": {"datetime": "2024-01-19 01:16:34", "elapsed": 3902.911046, "delta": 0.003891}}
{"target": -13.757808829968928, "params": {"gamma": 38.47963851162828, "log10_alpha": -1.8791576789844493, "log10_colsample_bytree": -0.9122579915604585, "log10_eta": -1.4370002746538137, "log10_lambda": -3.4328375063230974, "log10_min_child_weight": 1.70242912803038, "log10_subsample": -0.8548888062882045, "max_depth": 9.0, "num_boost_round": 19.0}, "datetime": {"datetime": "2024-01-19 01:16:34", "elapsed": 3902.914849, "delta": 0.003803}}
{"target": -13.758057112837337, "params": {"gamma": 38.47963851162828, "log10_alpha": -1.8791576789844493, "log10_colsample_bytree": -0.9122579915604585, "log10_eta": -1.4370002746538137, "log10_lambda": -3.4328375063230974, "log10_min_child_weight": 1.70242912803038, "log10_subsample": -0.8548888062882045, "max_depth": 9.0, "num_boost_round": 20.0}, "datetime": {"datetime": "2024-01-19 01:16:34", "elapsed": 3902.918684, "delta": 0.003835}}
{"target": -13.75870007872584, "params": {"gamma": 38.47963851162828, "log10_alpha": -1.8791576789844493, "log10_colsample_bytree": -0.9122579915604585, "log10_eta": -1.4370002746538137, "log10_lambda": -3.4328375063230974, "log10_min_child_weight": 1.70242912803038, "log10_subsample": -0.8548888062882045, "max_depth": 9.0, "num_boost_round": 21.0}, "datetime": {"datetime": "2024-01-19 01:16:34", "elapsed": 3902.922472, "delta": 0.003788}}
{"target": -13.759240882823908, "params": {"gamma": 38.47963851162828, "log10_alpha": -1.8791576789844493, "log10_colsample_bytree": -0.9122579915604585, "log10_eta": -1.4370002746538137, "log10_lambda": -3.4328375063230974, "log10_min_child_weight": 1.70242912803038, "log10_subsample": -0.8548888062882045, "max_depth": 9.0, "num_boost_round": 22.0}, "datetime": {"datetime": "2024-01-19 01:16:34", "elapsed": 3902.926243, "delta": 0.003771}}
{"target": -13.761185142517647, "params": {"gamma": 38.47963851162828, "log10_alpha": -1.8791576789844493, "log10_colsample_bytree": -0.9122579915604585, "log10_eta": -1.4370002746538137, "log10_lambda": -3.4328375063230974, "log10_min_child_weight": 1.70242912803038, "log10_subsample": -0.8548888062882045, "max_depth": 9.0, "num_boost_round": 23.0}, "datetime": {"datetime": "2024-01-19 01:16:34", "elapsed": 3902.930233, "delta": 0.00399}}
{"target": -13.763204949538542, "params": {"gamma": 38.47963851162828, "log10_alpha": -1.8791576789844493, "log10_colsample_bytree": -0.9122579915604585, "log10_eta": -1.4370002746538137, "log10_lambda": -3.4328375063230974, "log10_min_child_weight": 1.70242912803038, "log10_subsample": -0.8548888062882045, "max_depth": 9.0, "num_boost_round": 24.0}, "datetime": {"datetime": "2024-01-19 01:16:34", "elapsed": 3902.934045, "delta": 0.003812}}
{"target": -13.764800907918529, "params": {"gamma": 38.47963851162828, "log10_alpha": -1.8791576789844493, "log10_colsample_bytree": -0.9122579915604585, "log10_eta": -1.4370002746538137, "log10_lambda": -3.4328375063230974, "log10_min_child_weight": 1.70242912803038, "log10_subsample": -0.8548888062882045, "max_depth": 9.0, "num_boost_round": 25.0}, "datetime": {"datetime": "2024-01-19 01:16:34", "elapsed": 3902.937917, "delta": 0.003872}}
{"target": -13.76617037694516, "params": {"gamma": 38.47963851162828, "log10_alpha": -1.8791576789844493, "log10_colsample_bytree": -0.9122579915604585, "log10_eta": -1.4370002746538137, "log10_lambda": -3.4328375063230974, "log10_min_child_weight": 1.70242912803038, "log10_subsample": -0.8548888062882045, "max_depth": 9.0, "num_boost_round": 26.0}, "datetime": {"datetime": "2024-01-19 01:16:34", "elapsed": 3902.941751, "delta": 0.003834}}
{"target": -13.767300547975571, "params": {"gamma": 38.47963851162828, "log10_alpha": -1.8791576789844493, "log10_colsample_bytree": -0.9122579915604585, "log10_eta": -1.4370002746538137, "log10_lambda": -3.4328375063230974, "log10_min_child_weight": 1.70242912803038, "log10_subsample": -0.8548888062882045, "max_depth": 9.0, "num_boost_round": 27.0}, "datetime": {"datetime": "2024-01-19 01:16:34", "elapsed": 3902.945564, "delta": 0.003813}}
{"target": -13.76717924159064, "params": {"gamma": 38.47963851162828, "log10_alpha": -1.8791576789844493, "log10_colsample_bytree": -0.9122579915604585, "log10_eta": -1.4370002746538137, "log10_lambda": -3.4328375063230974, "log10_min_child_weight": 1.70242912803038, "log10_subsample": -0.8548888062882045, "max_depth": 9.0, "num_boost_round": 28.0}, "datetime": {"datetime": "2024-01-19 01:16:34", "elapsed": 3902.94943, "delta": 0.003866}}
{"target": -13.767028010653338, "params": {"gamma": 38.47963851162828, "log10_alpha": -1.8791576789844493, "log10_colsample_bytree": -0.9122579915604585, "log10_eta": -1.4370002746538137, "log10_lambda": -3.4328375063230974, "log10_min_child_weight": 1.70242912803038, "log10_subsample": -0.8548888062882045, "max_depth": 9.0, "num_boost_round": 29.0}, "datetime": {"datetime": "2024-01-19 01:16:34", "elapsed": 3902.953307, "delta": 0.003877}}
{"target": -13.767787021474003, "params": {"gamma": 38.47963851162828, "log10_alpha": -1.8791576789844493, "log10_colsample_bytree": -0.9122579915604585, "log10_eta": -1.4370002746538137, "log10_lambda": -3.4328375063230974, "log10_min_child_weight": 1.70242912803038, "log10_subsample": -0.8548888062882045, "max_depth": 9.0, "num_boost_round": 30.0}, "datetime": {"datetime": "2024-01-19 01:16:34", "elapsed": 3902.957246, "delta": 0.003939}}
{"target": -13.766916827666536, "params": {"gamma": 38.47963851162828, "log10_alpha": -1.8791576789844493, "log10_colsample_bytree": -0.9122579915604585, "log10_eta": -1.4370002746538137, "log10_lambda": -3.4328375063230974, "log10_min_child_weight": 1.70242912803038, "log10_subsample": -0.8548888062882045, "max_depth": 9.0, "num_boost_round": 31.0}, "datetime": {"datetime": "2024-01-19 01:16:34", "elapsed": 3902.961072, "delta": 0.003826}}
{"target": -13.768245224096054, "params": {"gamma": 38.47963851162828, "log10_alpha": -1.8791576789844493, "log10_colsample_bytree": -0.9122579915604585, "log10_eta": -1.4370002746538137, "log10_lambda": -3.4328375063230974, "log10_min_child_weight": 1.70242912803038, "log10_subsample": -0.8548888062882045, "max_depth": 9.0, "num_boost_round": 32.0}, "datetime": {"datetime": "2024-01-19 01:16:34", "elapsed": 3902.96494, "delta": 0.003868}}
{"target": -13.770453758183411, "params": {"gamma": 38.47963851162828, "log10_alpha": -1.8791576789844493, "log10_colsample_bytree": -0.9122579915604585, "log10_eta": -1.4370002746538137, "log10_lambda": -3.4328375063230974, "log10_min_child_weight": 1.70242912803038, "log10_subsample": -0.8548888062882045, "max_depth": 9.0, "num_boost_round": 33.0}, "datetime": {"datetime": "2024-01-19 01:16:34", "elapsed": 3902.968774, "delta": 0.003834}}
{"target": -13.758537879806982, "params": {"gamma": 52.5607286723776, "log10_alpha": -4.303409773680286, "log10_colsample_bytree": -0.025845825248997922, "log10_eta": -3.625596184229195, "log10_lambda": -3.112008826611225, "log10_min_child_weight": 3.5990041046785204, "log10_subsample": -0.7304452364154377, "max_depth": 5.0, "num_boost_round": 0.0}, "datetime": {"datetime": "2024-01-19 01:17:08", "elapsed": 3936.820666, "delta": 33.851892}}
{"target": -13.758540052528025, "params": {"gamma": 52.5607286723776, "log10_alpha": -4.303409773680286, "log10_colsample_bytree": -0.025845825248997922, "log10_eta": -3.625596184229195, "log10_lambda": -3.112008826611225, "log10_min_child_weight": 3.5990041046785204, "log10_subsample": -0.7304452364154377, "max_depth": 5.0, "num_boost_round": 1.0}, "datetime": {"datetime": "2024-01-19 01:17:08", "elapsed": 3936.825448, "delta": 0.004782}}
{"target": -13.7585390137045, "params": {"gamma": 52.5607286723776, "log10_alpha": -4.303409773680286, "log10_colsample_bytree": -0.025845825248997922, "log10_eta": -3.625596184229195, "log10_lambda": -3.112008826611225, "log10_min_child_weight": 3.5990041046785204, "log10_subsample": -0.7304452364154377, "max_depth": 5.0, "num_boost_round": 2.0}, "datetime": {"datetime": "2024-01-19 01:17:08", "elapsed": 3936.829505, "delta": 0.004057}}
{"target": -13.75854148116374, "params": {"gamma": 52.5607286723776, "log10_alpha": -4.303409773680286, "log10_colsample_bytree": -0.025845825248997922, "log10_eta": -3.625596184229195, "log10_lambda": -3.112008826611225, "log10_min_child_weight": 3.5990041046785204, "log10_subsample": -0.7304452364154377, "max_depth": 5.0, "num_boost_round": 3.0}, "datetime": {"datetime": "2024-01-19 01:17:08", "elapsed": 3936.833237, "delta": 0.003732}}
{"target": -13.75854665491743, "params": {"gamma": 52.5607286723776, "log10_alpha": -4.303409773680286, "log10_colsample_bytree": -0.025845825248997922, "log10_eta": -3.625596184229195, "log10_lambda": -3.112008826611225, "log10_min_child_weight": 3.5990041046785204, "log10_subsample": -0.7304452364154377, "max_depth": 5.0, "num_boost_round": 4.0}, "datetime": {"datetime": "2024-01-19 01:17:08", "elapsed": 3936.837088, "delta": 0.003851}}
{"target": -13.758548136407263, "params": {"gamma": 52.5607286723776, "log10_alpha": -4.303409773680286, "log10_colsample_bytree": -0.025845825248997922, "log10_eta": -3.625596184229195, "log10_lambda": -3.112008826611225, "log10_min_child_weight": 3.5990041046785204, "log10_subsample": -0.7304452364154377, "max_depth": 5.0, "num_boost_round": 5.0}, "datetime": {"datetime": "2024-01-19 01:17:08", "elapsed": 3936.840875, "delta": 0.003787}}
{"target": -13.75854897829723, "params": {"gamma": 52.5607286723776, "log10_alpha": -4.303409773680286, "log10_colsample_bytree": -0.025845825248997922, "log10_eta": -3.625596184229195, "log10_lambda": -3.112008826611225, "log10_min_child_weight": 3.5990041046785204, "log10_subsample": -0.7304452364154377, "max_depth": 5.0, "num_boost_round": 6.0}, "datetime": {"datetime": "2024-01-19 01:17:08", "elapsed": 3936.844606, "delta": 0.003731}}
{"target": -13.758547204089231, "params": {"gamma": 52.5607286723776, "log10_alpha": -4.303409773680286, "log10_colsample_bytree": -0.025845825248997922, "log10_eta": -3.625596184229195, "log10_lambda": -3.112008826611225, "log10_min_child_weight": 3.5990041046785204, "log10_subsample": -0.7304452364154377, "max_depth": 5.0, "num_boost_round": 7.0}, "datetime": {"datetime": "2024-01-19 01:17:08", "elapsed": 3936.848593, "delta": 0.003987}}
{"target": -13.758545789890544, "params": {"gamma": 52.5607286723776, "log10_alpha": -4.303409773680286, "log10_colsample_bytree": -0.025845825248997922, "log10_eta": -3.625596184229195, "log10_lambda": -3.112008826611225, "log10_min_child_weight": 3.5990041046785204, "log10_subsample": -0.7304452364154377, "max_depth": 5.0, "num_boost_round": 8.0}, "datetime": {"datetime": "2024-01-19 01:17:08", "elapsed": 3936.852286, "delta": 0.003693}}
{"target": -13.758543443986133, "params": {"gamma": 52.5607286723776, "log10_alpha": -4.303409773680286, "log10_colsample_bytree": -0.025845825248997922, "log10_eta": -3.625596184229195, "log10_lambda": -3.112008826611225, "log10_min_child_weight": 3.5990041046785204, "log10_subsample": -0.7304452364154377, "max_depth": 5.0, "num_boost_round": 9.0}, "datetime": {"datetime": "2024-01-19 01:17:08", "elapsed": 3936.85611, "delta": 0.003824}}
{"target": -13.758542255836762, "params": {"gamma": 52.5607286723776, "log10_alpha": -4.303409773680286, "log10_colsample_bytree": -0.025845825248997922, "log10_eta": -3.625596184229195, "log10_lambda": -3.112008826611225, "log10_min_child_weight": 3.5990041046785204, "log10_subsample": -0.7304452364154377, "max_depth": 5.0, "num_boost_round": 10.0}, "datetime": {"datetime": "2024-01-19 01:17:08", "elapsed": 3936.859914, "delta": 0.003804}}
{"target": -13.758542415780216, "params": {"gamma": 52.5607286723776, "log10_alpha": -4.303409773680286, "log10_colsample_bytree": -0.025845825248997922, "log10_eta": -3.625596184229195, "log10_lambda": -3.112008826611225, "log10_min_child_weight": 3.5990041046785204, "log10_subsample": -0.7304452364154377, "max_depth": 5.0, "num_boost_round": 11.0}, "datetime": {"datetime": "2024-01-19 01:17:08", "elapsed": 3936.863669, "delta": 0.003755}}
{"target": -13.758539438132724, "params": {"gamma": 52.5607286723776, "log10_alpha": -4.303409773680286, "log10_colsample_bytree": -0.025845825248997922, "log10_eta": -3.625596184229195, "log10_lambda": -3.112008826611225, "log10_min_child_weight": 3.5990041046785204, "log10_subsample": -0.7304452364154377, "max_depth": 5.0, "num_boost_round": 12.0}, "datetime": {"datetime": "2024-01-19 01:17:08", "elapsed": 3936.867456, "delta": 0.003787}}
{"target": -13.758538531402705, "params": {"gamma": 52.5607286723776, "log10_alpha": -4.303409773680286, "log10_colsample_bytree": -0.025845825248997922, "log10_eta": -3.625596184229195, "log10_lambda": -3.112008826611225, "log10_min_child_weight": 3.5990041046785204, "log10_subsample": -0.7304452364154377, "max_depth": 5.0, "num_boost_round": 13.0}, "datetime": {"datetime": "2024-01-19 01:17:08", "elapsed": 3936.871333, "delta": 0.003877}}
{"target": -13.758537395285954, "params": {"gamma": 52.5607286723776, "log10_alpha": -4.303409773680286, "log10_colsample_bytree": -0.025845825248997922, "log10_eta": -3.625596184229195, "log10_lambda": -3.112008826611225, "log10_min_child_weight": 3.5990041046785204, "log10_subsample": -0.7304452364154377, "max_depth": 5.0, "num_boost_round": 14.0}, "datetime": {"datetime": "2024-01-19 01:17:08", "elapsed": 3936.875104, "delta": 0.003771}}
{"target": -13.758539031150423, "params": {"gamma": 52.5607286723776, "log10_alpha": -4.303409773680286, "log10_colsample_bytree": -0.025845825248997922, "log10_eta": -3.625596184229195, "log10_lambda": -3.112008826611225, "log10_min_child_weight": 3.5990041046785204, "log10_subsample": -0.7304452364154377, "max_depth": 5.0, "num_boost_round": 15.0}, "datetime": {"datetime": "2024-01-19 01:17:08", "elapsed": 3936.878912, "delta": 0.003808}}
{"target": -13.758536721937785, "params": {"gamma": 52.5607286723776, "log10_alpha": -4.303409773680286, "log10_colsample_bytree": -0.025845825248997922, "log10_eta": -3.625596184229195, "log10_lambda": -3.112008826611225, "log10_min_child_weight": 3.5990041046785204, "log10_subsample": -0.7304452364154377, "max_depth": 5.0, "num_boost_round": 16.0}, "datetime": {"datetime": "2024-01-19 01:17:08", "elapsed": 3936.88266, "delta": 0.003748}}
{"target": -13.758536834534715, "params": {"gamma": 52.5607286723776, "log10_alpha": -4.303409773680286, "log10_colsample_bytree": -0.025845825248997922, "log10_eta": -3.625596184229195, "log10_lambda": -3.112008826611225, "log10_min_child_weight": 3.5990041046785204, "log10_subsample": -0.7304452364154377, "max_depth": 5.0, "num_boost_round": 17.0}, "datetime": {"datetime": "2024-01-19 01:17:08", "elapsed": 3936.886386, "delta": 0.003726}}
{"target": -13.75852901161361, "params": {"gamma": 43.81331758916496, "log10_alpha": -4.911075213093414, "log10_colsample_bytree": -0.45068750202427554, "log10_eta": -3.9149910548050992, "log10_lambda": -4.619643539774752, "log10_min_child_weight": 0.21886263667410644, "log10_subsample": -0.3999650892223138, "max_depth": 8.0, "num_boost_round": 0.0}, "datetime": {"datetime": "2024-01-19 01:17:56", "elapsed": 3984.396371, "delta": 47.509985}}
{"target": -13.75852854632369, "params": {"gamma": 43.81331758916496, "log10_alpha": -4.911075213093414, "log10_colsample_bytree": -0.45068750202427554, "log10_eta": -3.9149910548050992, "log10_lambda": -4.619643539774752, "log10_min_child_weight": 0.21886263667410644, "log10_subsample": -0.3999650892223138, "max_depth": 8.0, "num_boost_round": 1.0}, "datetime": {"datetime": "2024-01-19 01:17:56", "elapsed": 3984.401194, "delta": 0.004823}}
