{"target": -13.756656718473808, "params": {"gamma": 875.7844050878449, "log10_alpha": 0.9930958906550043, "log10_colsample_bytree": -0.8670309113900805, "log10_eta": -1.8487082199946663, "log10_lambda": -4.2484607264504195, "log10_min_child_weight": 0.40939068950127777, "log10_subsample": -0.0005100240806311662, "max_depth": 5.0, "num_boost_round": 6.0}, "datetime": {"datetime": "2024-01-19 00:35:56", "elapsed": 1476.921449, "delta": 0.001789}}
{"target": -13.756241416943844, "params": {"gamma": 875.7844050878449, "log10_alpha": 0.9930958906550043, "log10_colsample_bytree": -0.8670309113900805, "log10_eta": -1.8487082199946663, "log10_lambda": -4.2484607264504195, "log10_min_child_weight": 0.40939068950127777, "log10_subsample": -0.0005100240806311662, "max_depth": 5.0, "num_boost_round": 7.0}, "datetime": {"datetime": "2024-01-19 00:35:56", "elapsed": 1476.923255, "delta": 0.001806}}
{"target": -13.756111923009355, "params": {"gamma": 875.7844050878449, "log10_alpha": 0.9930958906550043, "log10_colsample_bytree": -0.8670309113900805, "log10_eta": -1.8487082199946663, "log10_lambda": -4.2484607264504195, "log10_min_child_weight": 0.40939068950127777, "log10_subsample": -0.0005100240806311662, "max_depth": 5.0, "num_boost_round": 8.0}, "datetime": {"datetime": "2024-01-19 00:35:56", "elapsed": 1476.924898, "delta": 0.001643}}
{"target": -13.756010419539107, "params": {"gamma": 875.7844050878449, "log10_alpha": 0.9930958906550043, "log10_colsample_bytree": -0.8670309113900805, "log10_eta": -1.8487082199946663, "log10_lambda": -4.2484607264504195, "log10_min_child_weight": 0.40939068950127777, "log10_subsample": -0.0005100240806311662, "max_depth": 5.0, "num_boost_round": 9.0}, "datetime": {"datetime": "2024-01-19 00:35:56", "elapsed": 1476.92655, "delta": 0.001652}}
{"target": -13.756007264387431, "params": {"gamma": 875.7844050878449, "log10_alpha": 0.9930958906550043, "log10_colsample_bytree": -0.8670309113900805, "log10_eta": -1.8487082199946663, "log10_lambda": -4.2484607264504195, "log10_min_child_weight": 0.40939068950127777, "log10_subsample": -0.0005100240806311662, "max_depth": 5.0, "num_boost_round": 10.0}, "datetime": {"datetime": "2024-01-19 00:35:56", "elapsed": 1476.928199, "delta": 0.001649}}
{"target": -13.7558770737751, "params": {"gamma": 875.7844050878449, "log10_alpha": 0.9930958906550043, "log10_colsample_bytree": -0.8670309113900805, "log10_eta": -1.8487082199946663, "log10_lambda": -4.2484607264504195, "log10_min_child_weight": 0.40939068950127777, "log10_subsample": -0.0005100240806311662, "max_depth": 5.0, "num_boost_round": 11.0}, "datetime": {"datetime": "2024-01-19 00:35:56", "elapsed": 1476.933677, "delta": 0.005478}}
{"target": -13.755780201655655, "params": {"gamma": 875.7844050878449, "log10_alpha": 0.9930958906550043, "log10_colsample_bytree": -0.8670309113900805, "log10_eta": -1.8487082199946663, "log10_lambda": -4.2484607264504195, "log10_min_child_weight": 0.40939068950127777, "log10_subsample": -0.0005100240806311662, "max_depth": 5.0, "num_boost_round": 12.0}, "datetime": {"datetime": "2024-01-19 00:35:56", "elapsed": 1476.935313, "delta": 0.001636}}
{"target": -13.758178711616377, "params": {"gamma": 870.6224341794558, "log10_alpha": -1.6893138406463586, "log10_colsample_bytree": -0.35868464316955273, "log10_eta": -1.5037965575126724, "log10_lambda": -4.339735780533666, "log10_min_child_weight": 3.548421338220934, "log10_subsample": -0.740299261470571, "max_depth": 9.0, "num_boost_round": 0.0}, "datetime": {"datetime": "2024-01-19 00:36:26", "elapsed": 1506.477593, "delta": 29.54228}}
{"target": -13.756858193104968, "params": {"gamma": 870.6224341794558, "log10_alpha": -1.6893138406463586, "log10_colsample_bytree": -0.35868464316955273, "log10_eta": -1.5037965575126724, "log10_lambda": -4.339735780533666, "log10_min_child_weight": 3.548421338220934, "log10_subsample": -0.740299261470571, "max_depth": 9.0, "num_boost_round": 1.0}, "datetime": {"datetime": "2024-01-19 00:36:26", "elapsed": 1506.479606, "delta": 0.002013}}
{"target": -13.75688953632907, "params": {"gamma": 870.6224341794558, "log10_alpha": -1.6893138406463586, "log10_colsample_bytree": -0.35868464316955273, "log10_eta": -1.5037965575126724, "log10_lambda": -4.339735780533666, "log10_min_child_weight": 3.548421338220934, "log10_subsample": -0.740299261470571, "max_depth": 9.0, "num_boost_round": 2.0}, "datetime": {"datetime": "2024-01-19 00:36:26", "elapsed": 1506.48138, "delta": 0.001774}}
{"target": -13.756627814372306, "params": {"gamma": 870.6224341794558, "log10_alpha": -1.6893138406463586, "log10_colsample_bytree": -0.35868464316955273, "log10_eta": -1.5037965575126724, "log10_lambda": -4.339735780533666, "log10_min_child_weight": 3.548421338220934, "log10_subsample": -0.740299261470571, "max_depth": 9.0, "num_boost_round": 3.0}, "datetime": {"datetime": "2024-01-19 00:36:26", "elapsed": 1506.483054, "delta": 0.001674}}
{"target": -13.757099534973118, "params": {"gamma": 870.6224341794558, "log10_alpha": -1.6893138406463586, "log10_colsample_bytree": -0.35868464316955273, "log10_eta": -1.5037965575126724, "log10_lambda": -4.339735780533666, "log10_min_child_weight": 3.548421338220934, "log10_subsample": -0.740299261470571, "max_depth": 9.0, "num_boost_round": 4.0}, "datetime": {"datetime": "2024-01-19 00:36:26", "elapsed": 1506.484784, "delta": 0.00173}}
{"target": -13.757216297093523, "params": {"gamma": 870.6224341794558, "log10_alpha": -1.6893138406463586, "log10_colsample_bytree": -0.35868464316955273, "log10_eta": -1.5037965575126724, "log10_lambda": -4.339735780533666, "log10_min_child_weight": 3.548421338220934, "log10_subsample": -0.740299261470571, "max_depth": 9.0, "num_boost_round": 5.0}, "datetime": {"datetime": "2024-01-19 00:36:26", "elapsed": 1506.486445, "delta": 0.001661}}
{"target": -13.758030561301707, "params": {"gamma": 870.6224341794558, "log10_alpha": -1.6893138406463586, "log10_colsample_bytree": -0.35868464316955273, "log10_eta": -1.5037965575126724, "log10_lambda": -4.339735780533666, "log10_min_child_weight": 3.548421338220934, "log10_subsample": -0.740299261470571, "max_depth": 9.0, "num_boost_round": 6.0}, "datetime": {"datetime": "2024-01-19 00:36:26", "elapsed": 1506.488142, "delta": 0.001697}}
{"target": -13.75767849945619, "params": {"gamma": 870.6224341794558, "log10_alpha": -1.6893138406463586, "log10_colsample_bytree": -0.35868464316955273, "log10_eta": -1.5037965575126724, "log10_lambda": -4.339735780533666, "log10_min_child_weight": 3.548421338220934, "log10_subsample": -0.740299261470571, "max_depth": 9.0, "num_boost_round": 7.0}, "datetime": {"datetime": "2024-01-19 00:36:26", "elapsed": 1506.489794, "delta": 0.001652}}
{"target": -13.75746519439845, "params": {"gamma": 870.6224341794558, "log10_alpha": -1.6893138406463586, "log10_colsample_bytree": -0.35868464316955273, "log10_eta": -1.5037965575126724, "log10_lambda": -4.339735780533666, "log10_min_child_weight": 3.548421338220934, "log10_subsample": -0.740299261470571, "max_depth": 9.0, "num_boost_round": 8.0}, "datetime": {"datetime": "2024-01-19 00:36:26", "elapsed": 1506.491473, "delta": 0.001679}}
{"target": -13.75725571530074, "params": {"gamma": 870.6224341794558, "log10_alpha": -1.6893138406463586, "log10_colsample_bytree": -0.35868464316955273, "log10_eta": -1.5037965575126724, "log10_lambda": -4.339735780533666, "log10_min_child_weight": 3.548421338220934, "log10_subsample": -0.740299261470571, "max_depth": 9.0, "num_boost_round": 9.0}, "datetime": {"datetime": "2024-01-19 00:36:26", "elapsed": 1506.493287, "delta": 0.001814}}
{"target": -13.757026758101935, "params": {"gamma": 870.6224341794558, "log10_alpha": -1.6893138406463586, "log10_colsample_bytree": -0.35868464316955273, "log10_eta": -1.5037965575126724, "log10_lambda": -4.339735780533666, "log10_min_child_weight": 3.548421338220934, "log10_subsample": -0.740299261470571, "max_depth": 9.0, "num_boost_round": 10.0}, "datetime": {"datetime": "2024-01-19 00:36:26", "elapsed": 1506.494979, "delta": 0.001692}}
{"target": -13.75650463279469, "params": {"gamma": 870.6224341794558, "log10_alpha": -1.6893138406463586, "log10_colsample_bytree": -0.35868464316955273, "log10_eta": -1.5037965575126724, "log10_lambda": -4.339735780533666, "log10_min_child_weight": 3.548421338220934, "log10_subsample": -0.740299261470571, "max_depth": 9.0, "num_boost_round": 11.0}, "datetime": {"datetime": "2024-01-19 00:36:26", "elapsed": 1506.496654, "delta": 0.001675}}
{"target": -13.757583079879193, "params": {"gamma": 870.6224341794558, "log10_alpha": -1.6893138406463586, "log10_colsample_bytree": -0.35868464316955273, "log10_eta": -1.5037965575126724, "log10_lambda": -4.339735780533666, "log10_min_child_weight": 3.548421338220934, "log10_subsample": -0.740299261470571, "max_depth": 9.0, "num_boost_round": 12.0}, "datetime": {"datetime": "2024-01-19 00:36:26", "elapsed": 1506.498417, "delta": 0.001763}}
{"target": -13.75795810217764, "params": {"gamma": 870.6224341794558, "log10_alpha": -1.6893138406463586, "log10_colsample_bytree": -0.35868464316955273, "log10_eta": -1.5037965575126724, "log10_lambda": -4.339735780533666, "log10_min_child_weight": 3.548421338220934, "log10_subsample": -0.740299261470571, "max_depth": 9.0, "num_boost_round": 13.0}, "datetime": {"datetime": "2024-01-19 00:36:26", "elapsed": 1506.500073, "delta": 0.001656}}
{"target": -13.758570400263798, "params": {"gamma": 870.6224341794558, "log10_alpha": -1.6893138406463586, "log10_colsample_bytree": -0.35868464316955273, "log10_eta": -1.5037965575126724, "log10_lambda": -4.339735780533666, "log10_min_child_weight": 3.548421338220934, "log10_subsample": -0.740299261470571, "max_depth": 9.0, "num_boost_round": 14.0}, "datetime": {"datetime": "2024-01-19 00:36:26", "elapsed": 1506.501838, "delta": 0.001765}}
{"target": -13.758005947751032, "params": {"gamma": 870.6224341794558, "log10_alpha": -1.6893138406463586, "log10_colsample_bytree": -0.35868464316955273, "log10_eta": -1.5037965575126724, "log10_lambda": -4.339735780533666, "log10_min_child_weight": 3.548421338220934, "log10_subsample": -0.740299261470571, "max_depth": 9.0, "num_boost_round": 15.0}, "datetime": {"datetime": "2024-01-19 00:36:26", "elapsed": 1506.503529, "delta": 0.001691}}
{"target": -13.758179660653605, "params": {"gamma": 870.6224341794558, "log10_alpha": -1.6893138406463586, "log10_colsample_bytree": -0.35868464316955273, "log10_eta": -1.5037965575126724, "log10_lambda": -4.339735780533666, "log10_min_child_weight": 3.548421338220934, "log10_subsample": -0.740299261470571, "max_depth": 9.0, "num_boost_round": 16.0}, "datetime": {"datetime": "2024-01-19 00:36:26", "elapsed": 1506.505255, "delta": 0.001726}}
{"target": -13.7588958775784, "params": {"gamma": 870.6224341794558, "log10_alpha": -1.6893138406463586, "log10_colsample_bytree": -0.35868464316955273, "log10_eta": -1.5037965575126724, "log10_lambda": -4.339735780533666, "log10_min_child_weight": 3.548421338220934, "log10_subsample": -0.740299261470571, "max_depth": 9.0, "num_boost_round": 17.0}, "datetime": {"datetime": "2024-01-19 00:36:26", "elapsed": 1506.50692, "delta": 0.001665}}
{"target": -13.759814074095374, "params": {"gamma": 870.6224341794558, "log10_alpha": -1.6893138406463586, "log10_colsample_bytree": -0.35868464316955273, "log10_eta": -1.5037965575126724, "log10_lambda": -4.339735780533666, "log10_min_child_weight": 3.548421338220934, "log10_subsample": -0.740299261470571, "max_depth": 9.0, "num_boost_round": 18.0}, "datetime": {"datetime": "2024-01-19 00:36:26", "elapsed": 1506.50858, "delta": 0.00166}}
{"target": -13.760015923594553, "params": {"gamma": 870.6224341794558, "log10_alpha": -1.6893138406463586, "log10_colsample_bytree": -0.35868464316955273, "log10_eta": -1.5037965575126724, "log10_lambda": -4.339735780533666, "log10_min_child_weight": 3.548421338220934, "log10_subsample": -0.740299261470571, "max_depth": 9.0, "num_boost_round": 19.0}, "datetime": {"datetime": "2024-01-19 00:36:26", "elapsed": 1506.510271, "delta": 0.001691}}
{"target": -13.760137509814351, "params": {"gamma": 870.6224341794558, "log10_alpha": -1.6893138406463586, "log10_colsample_bytree": -0.35868464316955273, "log10_eta": -1.5037965575126724, "log10_lambda": -4.339735780533666, "log10_min_child_weight": 3.548421338220934, "log10_subsample": -0.740299261470571, "max_depth": 9.0, "num_boost_round": 20.0}, "datetime": {"datetime": "2024-01-19 00:36:26", "elapsed": 1506.511988, "delta": 0.001717}}
{"target": -13.760114397127813, "params": {"gamma": 870.6224341794558, "log10_alpha": -1.6893138406463586, "log10_colsample_bytree": -0.35868464316955273, "log10_eta": -1.5037965575126724, "log10_lambda": -4.339735780533666, "log10_min_child_weight": 3.548421338220934, "log10_subsample": -0.740299261470571, "max_depth": 9.0, "num_boost_round": 21.0}, "datetime": {"datetime": "2024-01-19 00:36:26", "elapsed": 1506.513781, "delta": 0.001793}}
{"target": -13.760388269631859, "params": {"gamma": 870.6224341794558, "log10_alpha": -1.6893138406463586, "log10_colsample_bytree": -0.35868464316955273, "log10_eta": -1.5037965575126724, "log10_lambda": -4.339735780533666, "log10_min_child_weight": 3.548421338220934, "log10_subsample": -0.740299261470571, "max_depth": 9.0, "num_boost_round": 22.0}, "datetime": {"datetime": "2024-01-19 00:36:26", "elapsed": 1506.515461, "delta": 0.00168}}
{"target": -13.760595324363125, "params": {"gamma": 870.6224341794558, "log10_alpha": -1.6893138406463586, "log10_colsample_bytree": -0.35868464316955273, "log10_eta": -1.5037965575126724, "log10_lambda": -4.339735780533666, "log10_min_child_weight": 3.548421338220934, "log10_subsample": -0.740299261470571, "max_depth": 9.0, "num_boost_round": 23.0}, "datetime": {"datetime": "2024-01-19 00:36:26", "elapsed": 1506.517135, "delta": 0.001674}}
{"target": -13.761082805631823, "params": {"gamma": 870.6224341794558, "log10_alpha": -1.6893138406463586, "log10_colsample_bytree": -0.35868464316955273, "log10_eta": -1.5037965575126724, "log10_lambda": -4.339735780533666, "log10_min_child_weight": 3.548421338220934, "log10_subsample": -0.740299261470571, "max_depth": 9.0, "num_boost_round": 24.0}, "datetime": {"datetime": "2024-01-19 00:36:26", "elapsed": 1506.518859, "delta": 0.001724}}
{"target": -13.761503990038367, "params": {"gamma": 870.6224341794558, "log10_alpha": -1.6893138406463586, "log10_colsample_bytree": -0.35868464316955273, "log10_eta": -1.5037965575126724, "log10_lambda": -4.339735780533666, "log10_min_child_weight": 3.548421338220934, "log10_subsample": -0.740299261470571, "max_depth": 9.0, "num_boost_round": 25.0}, "datetime": {"datetime": "2024-01-19 00:36:26", "elapsed": 1506.520544, "delta": 0.001685}}
{"target": -13.762031161613738, "params": {"gamma": 870.6224341794558, "log10_alpha": -1.6893138406463586, "log10_colsample_bytree": -0.35868464316955273, "log10_eta": -1.5037965575126724, "log10_lambda": -4.339735780533666, "log10_min_child_weight": 3.548421338220934, "log10_subsample": -0.740299261470571, "max_depth": 9.0, "num_boost_round": 26.0}, "datetime": {"datetime": "2024-01-19 00:36:26", "elapsed": 1506.522347, "delta": 0.001803}}
{"target": -13.762036339102428, "params": {"gamma": 870.6224341794558, "log10_alpha": -1.6893138406463586, "log10_colsample_bytree": -0.35868464316955273, "log10_eta": -1.5037965575126724, "log10_lambda": -4.339735780533666, "log10_min_child_weight": 3.548421338220934, "log10_subsample": -0.740299261470571, "max_depth": 9.0, "num_boost_round": 27.0}, "datetime": {"datetime": "2024-01-19 00:36:26", "elapsed": 1506.524155, "delta": 0.001808}}
{"target": -13.76256881291213, "params": {"gamma": 870.6224341794558, "log10_alpha": -1.6893138406463586, "log10_colsample_bytree": -0.35868464316955273, "log10_eta": -1.5037965575126724, "log10_lambda": -4.339735780533666, "log10_min_child_weight": 3.548421338220934, "log10_subsample": -0.740299261470571, "max_depth": 9.0, "num_boost_round": 28.0}, "datetime": {"datetime": "2024-01-19 00:36:26", "elapsed": 1506.525886, "delta": 0.001731}}
{"target": -13.763008863739756, "params": {"gamma": 870.6224341794558, "log10_alpha": -1.6893138406463586, "log10_colsample_bytree": -0.35868464316955273, "log10_eta": -1.5037965575126724, "log10_lambda": -4.339735780533666, "log10_min_child_weight": 3.548421338220934, "log10_subsample": -0.740299261470571, "max_depth": 9.0, "num_boost_round": 29.0}, "datetime": {"datetime": "2024-01-19 00:36:26", "elapsed": 1506.527559, "delta": 0.001673}}
{"target": -13.763424974260252, "params": {"gamma": 870.6224341794558, "log10_alpha": -1.6893138406463586, "log10_colsample_bytree": -0.35868464316955273, "log10_eta": -1.5037965575126724, "log10_lambda": -4.339735780533666, "log10_min_child_weight": 3.548421338220934, "log10_subsample": -0.740299261470571, "max_depth": 9.0, "num_boost_round": 30.0}, "datetime": {"datetime": "2024-01-19 00:36:26", "elapsed": 1506.529244, "delta": 0.001685}}
{"target": -13.758531921267215, "params": {"gamma": 858.4776808042488, "log10_alpha": -1.5493553692109945, "log10_colsample_bytree": -0.8527961025035917, "log10_eta": -3.846180052599496, "log10_lambda": -2.481411025035526, "log10_min_child_weight": 2.500660530740873, "log10_subsample": -0.7402864170130221, "max_depth": 9.0, "num_boost_round": 0.0}, "datetime": {"datetime": "2024-01-19 00:36:47", "elapsed": 1527.339589, "delta": 20.810345}}
{"target": -13.75853312648455, "params": {"gamma": 858.4776808042488, "log10_alpha": -1.5493553692109945, "log10_colsample_bytree": -0.8527961025035917, "log10_eta": -3.846180052599496, "log10_lambda": -2.481411025035526, "log10_min_child_weight": 2.500660530740873, "log10_subsample": -0.7402864170130221, "max_depth": 9.0, "num_boost_round": 1.0}, "datetime": {"datetime": "2024-01-19 00:36:47", "elapsed": 1527.341865, "delta": 0.002276}}
{"target": -13.758531910527934, "params": {"gamma": 858.4776808042488, "log10_alpha": -1.5493553692109945, "log10_colsample_bytree": -0.8527961025035917, "log10_eta": -3.846180052599496, "log10_lambda": -2.481411025035526, "log10_min_child_weight": 2.500660530740873, "log10_subsample": -0.7402864170130221, "max_depth": 9.0, "num_boost_round": 2.0}, "datetime": {"datetime": "2024-01-19 00:36:47", "elapsed": 1527.343551, "delta": 0.001686}}
{"target": -13.758529296723596, "params": {"gamma": 858.4776808042488, "log10_alpha": -1.5493553692109945, "log10_colsample_bytree": -0.8527961025035917, "log10_eta": -3.846180052599496, "log10_lambda": -2.481411025035526, "log10_min_child_weight": 2.500660530740873, "log10_subsample": -0.7402864170130221, "max_depth": 9.0, "num_boost_round": 3.0}, "datetime": {"datetime": "2024-01-19 00:36:47", "elapsed": 1527.34534, "delta": 0.001789}}
{"target": -13.758529228622983, "params": {"gamma": 858.4776808042488, "log10_alpha": -1.5493553692109945, "log10_colsample_bytree": -0.8527961025035917, "log10_eta": -3.846180052599496, "log10_lambda": -2.481411025035526, "log10_min_child_weight": 2.500660530740873, "log10_subsample": -0.7402864170130221, "max_depth": 9.0, "num_boost_round": 4.0}, "datetime": {"datetime": "2024-01-19 00:36:47", "elapsed": 1527.34704, "delta": 0.0017}}
{"target": -13.758527725699413, "params": {"gamma": 858.4776808042488, "log10_alpha": -1.5493553692109945, "log10_colsample_bytree": -0.8527961025035917, "log10_eta": -3.846180052599496, "log10_lambda": -2.481411025035526, "log10_min_child_weight": 2.500660530740873, "log10_subsample": -0.7402864170130221, "max_depth": 9.0, "num_boost_round": 5.0}, "datetime": {"datetime": "2024-01-19 00:36:47", "elapsed": 1527.348783, "delta": 0.001743}}
{"target": -13.758527858152558, "params": {"gamma": 858.4776808042488, "log10_alpha": -1.5493553692109945, "log10_colsample_bytree": -0.8527961025035917, "log10_eta": -3.846180052599496, "log10_lambda": -2.481411025035526, "log10_min_child_weight": 2.500660530740873, "log10_subsample": -0.7402864170130221, "max_depth": 9.0, "num_boost_round": 6.0}, "datetime": {"datetime": "2024-01-19 00:36:47", "elapsed": 1527.350453, "delta": 0.00167}}
{"target": -13.758518003216906, "params": {"gamma": 858.4776808042488, "log10_alpha": -1.5493553692109945, "log10_colsample_bytree": -0.8527961025035917, "log10_eta": -3.846180052599496, "log10_lambda": -2.481411025035526, "log10_min_child_weight": 2.500660530740873, "log10_subsample": -0.7402864170130221, "max_depth": 9.0, "num_boost_round": 7.0}, "datetime": {"datetime": "2024-01-19 00:36:47", "elapsed": 1527.352122, "delta": 0.001669}}
{"target": -13.758515042467279, "params": {"gamma": 858.4776808042488, "log10_alpha": -1.5493553692109945, "log10_colsample_bytree": -0.8527961025035917, "log10_eta": -3.846180052599496, "log10_lambda": -2.481411025035526, "log10_min_child_weight": 2.500660530740873, "log10_subsample": -0.7402864170130221, "max_depth": 9.0, "num_boost_round": 8.0}, "datetime": {"datetime": "2024-01-19 00:36:47", "elapsed": 1527.353884, "delta": 0.001762}}
{"target": -13.7585154021843, "params": {"gamma": 858.4776808042488, "log10_alpha": -1.5493553692109945, "log10_colsample_bytree": -0.8527961025035917, "log10_eta": -3.846180052599496, "log10_lambda": -2.481411025035526, "log10_min_child_weight": 2.500660530740873, "log10_subsample": -0.7402864170130221, "max_depth": 9.0, "num_boost_round": 9.0}, "datetime": {"datetime": "2024-01-19 00:36:47", "elapsed": 1527.355594, "delta": 0.00171}}
{"target": -13.758535063792092, "params": {"gamma": 881.4199443650849, "log10_alpha": -2.612996624883445, "log10_colsample_bytree": -0.3678382832072974, "log10_eta": -3.907564357181786, "log10_lambda": -3.9793558110341083, "log10_min_child_weight": 0.6343812364478063, "log10_subsample": -0.7747698704219005, "max_depth": 6.0, "num_boost_round": 0.0}, "datetime": {"datetime": "2024-01-19 00:37:07", "elapsed": 1547.71245, "delta": 20.356856}}
