{"target": -13.758526709509583, "params": {"gamma": 713.8303770979198, "log10_alpha": -3.2139010069735967, "log10_colsample_bytree": -0.903282901518599, "log10_eta": -3.594340716726056, "log10_lambda": 0.1785369223992106, "log10_min_child_weight": 4.890527701866446, "log10_subsample": -0.16203074613020485, "max_depth": 7.0, "num_boost_round": 25.0}, "datetime": {"datetime": "2024-01-19 01:44:08", "elapsed": 5547.693004, "delta": 0.011035}}
{"target": -13.75852494620334, "params": {"gamma": 713.8303770979198, "log10_alpha": -3.2139010069735967, "log10_colsample_bytree": -0.903282901518599, "log10_eta": -3.594340716726056, "log10_lambda": 0.1785369223992106, "log10_min_child_weight": 4.890527701866446, "log10_subsample": -0.16203074613020485, "max_depth": 7.0, "num_boost_round": 26.0}, "datetime": {"datetime": "2024-01-19 01:44:08", "elapsed": 5547.698662, "delta": 0.005658}}
{"target": -13.758523057049109, "params": {"gamma": 713.8303770979198, "log10_alpha": -3.2139010069735967, "log10_colsample_bytree": -0.903282901518599, "log10_eta": -3.594340716726056, "log10_lambda": 0.1785369223992106, "log10_min_child_weight": 4.890527701866446, "log10_subsample": -0.16203074613020485, "max_depth": 7.0, "num_boost_round": 27.0}, "datetime": {"datetime": "2024-01-19 01:44:08", "elapsed": 5547.704263, "delta": 0.005601}}
{"target": -13.758521195148598, "params": {"gamma": 713.8303770979198, "log10_alpha": -3.2139010069735967, "log10_colsample_bytree": -0.903282901518599, "log10_eta": -3.594340716726056, "log10_lambda": 0.1785369223992106, "log10_min_child_weight": 4.890527701866446, "log10_subsample": -0.16203074613020485, "max_depth": 7.0, "num_boost_round": 28.0}, "datetime": {"datetime": "2024-01-19 01:44:08", "elapsed": 5547.710021, "delta": 0.005758}}
{"target": -13.7585202820509, "params": {"gamma": 713.8303770979198, "log10_alpha": -3.2139010069735967, "log10_colsample_bytree": -0.903282901518599, "log10_eta": -3.594340716726056, "log10_lambda": 0.1785369223992106, "log10_min_child_weight": 4.890527701866446, "log10_subsample": -0.16203074613020485, "max_depth": 7.0, "num_boost_round": 29.0}, "datetime": {"datetime": "2024-01-19 01:44:08", "elapsed": 5547.715472, "delta": 0.005451}}
{"target": -13.758519322953246, "params": {"gamma": 713.8303770979198, "log10_alpha": -3.2139010069735967, "log10_colsample_bytree": -0.903282901518599, "log10_eta": -3.594340716726056, "log10_lambda": 0.1785369223992106, "log10_min_child_weight": 4.890527701866446, "log10_subsample": -0.16203074613020485, "max_depth": 7.0, "num_boost_round": 30.0}, "datetime": {"datetime": "2024-01-19 01:44:08", "elapsed": 5547.720968, "delta": 0.005496}}
{"target": -13.758518155057317, "params": {"gamma": 713.8303770979198, "log10_alpha": -3.2139010069735967, "log10_colsample_bytree": -0.903282901518599, "log10_eta": -3.594340716726056, "log10_lambda": 0.1785369223992106, "log10_min_child_weight": 4.890527701866446, "log10_subsample": -0.16203074613020485, "max_depth": 7.0, "num_boost_round": 31.0}, "datetime": {"datetime": "2024-01-19 01:44:08", "elapsed": 5547.726281, "delta": 0.005313}}
{"target": -13.758516567205673, "params": {"gamma": 713.8303770979198, "log10_alpha": -3.2139010069735967, "log10_colsample_bytree": -0.903282901518599, "log10_eta": -3.594340716726056, "log10_lambda": 0.1785369223992106, "log10_min_child_weight": 4.890527701866446, "log10_subsample": -0.16203074613020485, "max_depth": 7.0, "num_boost_round": 32.0}, "datetime": {"datetime": "2024-01-19 01:44:08", "elapsed": 5547.731577, "delta": 0.005296}}
{"target": -13.758516199567165, "params": {"gamma": 713.8303770979198, "log10_alpha": -3.2139010069735967, "log10_colsample_bytree": -0.903282901518599, "log10_eta": -3.594340716726056, "log10_lambda": 0.1785369223992106, "log10_min_child_weight": 4.890527701866446, "log10_subsample": -0.16203074613020485, "max_depth": 7.0, "num_boost_round": 33.0}, "datetime": {"datetime": "2024-01-19 01:44:08", "elapsed": 5547.737051, "delta": 0.005474}}
{"target": -13.758515043800065, "params": {"gamma": 713.8303770979198, "log10_alpha": -3.2139010069735967, "log10_colsample_bytree": -0.903282901518599, "log10_eta": -3.594340716726056, "log10_lambda": 0.1785369223992106, "log10_min_child_weight": 4.890527701866446, "log10_subsample": -0.16203074613020485, "max_depth": 7.0, "num_boost_round": 34.0}, "datetime": {"datetime": "2024-01-19 01:44:08", "elapsed": 5547.742793, "delta": 0.005742}}
{"target": -13.75851381695878, "params": {"gamma": 713.8303770979198, "log10_alpha": -3.2139010069735967, "log10_colsample_bytree": -0.903282901518599, "log10_eta": -3.594340716726056, "log10_lambda": 0.1785369223992106, "log10_min_child_weight": 4.890527701866446, "log10_subsample": -0.16203074613020485, "max_depth": 7.0, "num_boost_round": 35.0}, "datetime": {"datetime": "2024-01-19 01:44:08", "elapsed": 5547.748076, "delta": 0.005283}}
{"target": -13.758514040523075, "params": {"gamma": 713.8303770979198, "log10_alpha": -3.2139010069735967, "log10_colsample_bytree": -0.903282901518599, "log10_eta": -3.594340716726056, "log10_lambda": 0.1785369223992106, "log10_min_child_weight": 4.890527701866446, "log10_subsample": -0.16203074613020485, "max_depth": 7.0, "num_boost_round": 36.0}, "datetime": {"datetime": "2024-01-19 01:44:08", "elapsed": 5547.753349, "delta": 0.005273}}
{"target": -13.758512188425131, "params": {"gamma": 713.8303770979198, "log10_alpha": -3.2139010069735967, "log10_colsample_bytree": -0.903282901518599, "log10_eta": -3.594340716726056, "log10_lambda": 0.1785369223992106, "log10_min_child_weight": 4.890527701866446, "log10_subsample": -0.16203074613020485, "max_depth": 7.0, "num_boost_round": 37.0}, "datetime": {"datetime": "2024-01-19 01:44:08", "elapsed": 5547.758614, "delta": 0.005265}}
{"target": -13.758512171516804, "params": {"gamma": 713.8303770979198, "log10_alpha": -3.2139010069735967, "log10_colsample_bytree": -0.903282901518599, "log10_eta": -3.594340716726056, "log10_lambda": 0.1785369223992106, "log10_min_child_weight": 4.890527701866446, "log10_subsample": -0.16203074613020485, "max_depth": 7.0, "num_boost_round": 38.0}, "datetime": {"datetime": "2024-01-19 01:44:08", "elapsed": 5547.764025, "delta": 0.005411}}
{"target": -13.758512294864227, "params": {"gamma": 713.8303770979198, "log10_alpha": -3.2139010069735967, "log10_colsample_bytree": -0.903282901518599, "log10_eta": -3.594340716726056, "log10_lambda": 0.1785369223992106, "log10_min_child_weight": 4.890527701866446, "log10_subsample": -0.16203074613020485, "max_depth": 7.0, "num_boost_round": 39.0}, "datetime": {"datetime": "2024-01-19 01:44:08", "elapsed": 5547.769566, "delta": 0.005541}}
{"target": -13.758511113161846, "params": {"gamma": 713.8303770979198, "log10_alpha": -3.2139010069735967, "log10_colsample_bytree": -0.903282901518599, "log10_eta": -3.594340716726056, "log10_lambda": 0.1785369223992106, "log10_min_child_weight": 4.890527701866446, "log10_subsample": -0.16203074613020485, "max_depth": 7.0, "num_boost_round": 40.0}, "datetime": {"datetime": "2024-01-19 01:44:08", "elapsed": 5547.776863, "delta": 0.007297}}
{"target": -13.758510180874838, "params": {"gamma": 713.8303770979198, "log10_alpha": -3.2139010069735967, "log10_colsample_bytree": -0.903282901518599, "log10_eta": -3.594340716726056, "log10_lambda": 0.1785369223992106, "log10_min_child_weight": 4.890527701866446, "log10_subsample": -0.16203074613020485, "max_depth": 7.0, "num_boost_round": 41.0}, "datetime": {"datetime": "2024-01-19 01:44:08", "elapsed": 5547.782305, "delta": 0.005442}}
{"target": -13.758506466296563, "params": {"gamma": 713.8303770979198, "log10_alpha": -3.2139010069735967, "log10_colsample_bytree": -0.903282901518599, "log10_eta": -3.594340716726056, "log10_lambda": 0.1785369223992106, "log10_min_child_weight": 4.890527701866446, "log10_subsample": -0.16203074613020485, "max_depth": 7.0, "num_boost_round": 42.0}, "datetime": {"datetime": "2024-01-19 01:44:08", "elapsed": 5547.787556, "delta": 0.005251}}
{"target": -13.75850554493091, "params": {"gamma": 713.8303770979198, "log10_alpha": -3.2139010069735967, "log10_colsample_bytree": -0.903282901518599, "log10_eta": -3.594340716726056, "log10_lambda": 0.1785369223992106, "log10_min_child_weight": 4.890527701866446, "log10_subsample": -0.16203074613020485, "max_depth": 7.0, "num_boost_round": 43.0}, "datetime": {"datetime": "2024-01-19 01:44:08", "elapsed": 5547.792687, "delta": 0.005131}}
{"target": -13.758503446425557, "params": {"gamma": 713.8303770979198, "log10_alpha": -3.2139010069735967, "log10_colsample_bytree": -0.903282901518599, "log10_eta": -3.594340716726056, "log10_lambda": 0.1785369223992106, "log10_min_child_weight": 4.890527701866446, "log10_subsample": -0.16203074613020485, "max_depth": 7.0, "num_boost_round": 44.0}, "datetime": {"datetime": "2024-01-19 01:44:08", "elapsed": 5547.797878, "delta": 0.005191}}
{"target": -13.758501672078697, "params": {"gamma": 713.8303770979198, "log10_alpha": -3.2139010069735967, "log10_colsample_bytree": -0.903282901518599, "log10_eta": -3.594340716726056, "log10_lambda": 0.1785369223992106, "log10_min_child_weight": 4.890527701866446, "log10_subsample": -0.16203074613020485, "max_depth": 7.0, "num_boost_round": 45.0}, "datetime": {"datetime": "2024-01-19 01:44:08", "elapsed": 5547.803226, "delta": 0.005348}}
{"target": -13.758501440265043, "params": {"gamma": 713.8303770979198, "log10_alpha": -3.2139010069735967, "log10_colsample_bytree": -0.903282901518599, "log10_eta": -3.594340716726056, "log10_lambda": 0.1785369223992106, "log10_min_child_weight": 4.890527701866446, "log10_subsample": -0.16203074613020485, "max_depth": 7.0, "num_boost_round": 46.0}, "datetime": {"datetime": "2024-01-19 01:44:08", "elapsed": 5547.80889, "delta": 0.005664}}
{"target": -13.758501435911134, "params": {"gamma": 713.8303770979198, "log10_alpha": -3.2139010069735967, "log10_colsample_bytree": -0.903282901518599, "log10_eta": -3.594340716726056, "log10_lambda": 0.1785369223992106, "log10_min_child_weight": 4.890527701866446, "log10_subsample": -0.16203074613020485, "max_depth": 7.0, "num_boost_round": 47.0}, "datetime": {"datetime": "2024-01-19 01:44:08", "elapsed": 5547.814172, "delta": 0.005282}}
{"target": -13.758499789292495, "params": {"gamma": 713.8303770979198, "log10_alpha": -3.2139010069735967, "log10_colsample_bytree": -0.903282901518599, "log10_eta": -3.594340716726056, "log10_lambda": 0.1785369223992106, "log10_min_child_weight": 4.890527701866446, "log10_subsample": -0.16203074613020485, "max_depth": 7.0, "num_boost_round": 48.0}, "datetime": {"datetime": "2024-01-19 01:44:08", "elapsed": 5547.819622, "delta": 0.00545}}
{"target": -13.758500074920159, "params": {"gamma": 713.8303770979198, "log10_alpha": -3.2139010069735967, "log10_colsample_bytree": -0.903282901518599, "log10_eta": -3.594340716726056, "log10_lambda": 0.1785369223992106, "log10_min_child_weight": 4.890527701866446, "log10_subsample": -0.16203074613020485, "max_depth": 7.0, "num_boost_round": 49.0}, "datetime": {"datetime": "2024-01-19 01:44:08", "elapsed": 5547.825057, "delta": 0.005435}}
{"target": -13.75849960436752, "params": {"gamma": 713.8303770979198, "log10_alpha": -3.2139010069735967, "log10_colsample_bytree": -0.903282901518599, "log10_eta": -3.594340716726056, "log10_lambda": 0.1785369223992106, "log10_min_child_weight": 4.890527701866446, "log10_subsample": -0.16203074613020485, "max_depth": 7.0, "num_boost_round": 50.0}, "datetime": {"datetime": "2024-01-19 01:44:08", "elapsed": 5547.830514, "delta": 0.005457}}
{"target": -13.758498539393615, "params": {"gamma": 713.8303770979198, "log10_alpha": -3.2139010069735967, "log10_colsample_bytree": -0.903282901518599, "log10_eta": -3.594340716726056, "log10_lambda": 0.1785369223992106, "log10_min_child_weight": 4.890527701866446, "log10_subsample": -0.16203074613020485, "max_depth": 7.0, "num_boost_round": 51.0}, "datetime": {"datetime": "2024-01-19 01:44:08", "elapsed": 5547.836005, "delta": 0.005491}}
{"target": -13.758497559854321, "params": {"gamma": 713.8303770979198, "log10_alpha": -3.2139010069735967, "log10_colsample_bytree": -0.903282901518599, "log10_eta": -3.594340716726056, "log10_lambda": 0.1785369223992106, "log10_min_child_weight": 4.890527701866446, "log10_subsample": -0.16203074613020485, "max_depth": 7.0, "num_boost_round": 52.0}, "datetime": {"datetime": "2024-01-19 01:44:08", "elapsed": 5547.841489, "delta": 0.005484}}
{"target": -13.758495324319666, "params": {"gamma": 713.8303770979198, "log10_alpha": -3.2139010069735967, "log10_colsample_bytree": -0.903282901518599, "log10_eta": -3.594340716726056, "log10_lambda": 0.1785369223992106, "log10_min_child_weight": 4.890527701866446, "log10_subsample": -0.16203074613020485, "max_depth": 7.0, "num_boost_round": 53.0}, "datetime": {"datetime": "2024-01-19 01:44:08", "elapsed": 5547.846807, "delta": 0.005318}}
{"target": -13.758494359829204, "params": {"gamma": 713.8303770979198, "log10_alpha": -3.2139010069735967, "log10_colsample_bytree": -0.903282901518599, "log10_eta": -3.594340716726056, "log10_lambda": 0.1785369223992106, "log10_min_child_weight": 4.890527701866446, "log10_subsample": -0.16203074613020485, "max_depth": 7.0, "num_boost_round": 54.0}, "datetime": {"datetime": "2024-01-19 01:44:08", "elapsed": 5547.852233, "delta": 0.005426}}
{"target": -13.75849375611018, "params": {"gamma": 713.8303770979198, "log10_alpha": -3.2139010069735967, "log10_colsample_bytree": -0.903282901518599, "log10_eta": -3.594340716726056, "log10_lambda": 0.1785369223992106, "log10_min_child_weight": 4.890527701866446, "log10_subsample": -0.16203074613020485, "max_depth": 7.0, "num_boost_round": 55.0}, "datetime": {"datetime": "2024-01-19 01:44:08", "elapsed": 5547.857574, "delta": 0.005341}}
{"target": -13.758491524124878, "params": {"gamma": 713.8303770979198, "log10_alpha": -3.2139010069735967, "log10_colsample_bytree": -0.903282901518599, "log10_eta": -3.594340716726056, "log10_lambda": 0.1785369223992106, "log10_min_child_weight": 4.890527701866446, "log10_subsample": -0.16203074613020485, "max_depth": 7.0, "num_boost_round": 56.0}, "datetime": {"datetime": "2024-01-19 01:44:08", "elapsed": 5547.862847, "delta": 0.005273}}
{"target": -13.758491420764498, "params": {"gamma": 713.8303770979198, "log10_alpha": -3.2139010069735967, "log10_colsample_bytree": -0.903282901518599, "log10_eta": -3.594340716726056, "log10_lambda": 0.1785369223992106, "log10_min_child_weight": 4.890527701866446, "log10_subsample": -0.16203074613020485, "max_depth": 7.0, "num_boost_round": 57.0}, "datetime": {"datetime": "2024-01-19 01:44:08", "elapsed": 5547.868278, "delta": 0.005431}}
{"target": -13.758490216854272, "params": {"gamma": 713.8303770979198, "log10_alpha": -3.2139010069735967, "log10_colsample_bytree": -0.903282901518599, "log10_eta": -3.594340716726056, "log10_lambda": 0.1785369223992106, "log10_min_child_weight": 4.890527701866446, "log10_subsample": -0.16203074613020485, "max_depth": 7.0, "num_boost_round": 58.0}, "datetime": {"datetime": "2024-01-19 01:44:08", "elapsed": 5547.874727, "delta": 0.006449}}
{"target": -13.758491377368523, "params": {"gamma": 713.8303770979198, "log10_alpha": -3.2139010069735967, "log10_colsample_bytree": -0.903282901518599, "log10_eta": -3.594340716726056, "log10_lambda": 0.1785369223992106, "log10_min_child_weight": 4.890527701866446, "log10_subsample": -0.16203074613020485, "max_depth": 7.0, "num_boost_round": 59.0}, "datetime": {"datetime": "2024-01-19 01:44:08", "elapsed": 5547.880299, "delta": 0.005572}}
{"target": -13.758491664355356, "params": {"gamma": 713.8303770979198, "log10_alpha": -3.2139010069735967, "log10_colsample_bytree": -0.903282901518599, "log10_eta": -3.594340716726056, "log10_lambda": 0.1785369223992106, "log10_min_child_weight": 4.890527701866446, "log10_subsample": -0.16203074613020485, "max_depth": 7.0, "num_boost_round": 60.0}, "datetime": {"datetime": "2024-01-19 01:44:08", "elapsed": 5547.885872, "delta": 0.005573}}
{"target": -13.75849033455074, "params": {"gamma": 713.8303770979198, "log10_alpha": -3.2139010069735967, "log10_colsample_bytree": -0.903282901518599, "log10_eta": -3.594340716726056, "log10_lambda": 0.1785369223992106, "log10_min_child_weight": 4.890527701866446, "log10_subsample": -0.16203074613020485, "max_depth": 7.0, "num_boost_round": 61.0}, "datetime": {"datetime": "2024-01-19 01:44:08", "elapsed": 5547.891116, "delta": 0.005244}}
{"target": -13.758491626685188, "params": {"gamma": 713.8303770979198, "log10_alpha": -3.2139010069735967, "log10_colsample_bytree": -0.903282901518599, "log10_eta": -3.594340716726056, "log10_lambda": 0.1785369223992106, "log10_min_child_weight": 4.890527701866446, "log10_subsample": -0.16203074613020485, "max_depth": 7.0, "num_boost_round": 62.0}, "datetime": {"datetime": "2024-01-19 01:44:08", "elapsed": 5547.896391, "delta": 0.005275}}
{"target": -13.758488860426821, "params": {"gamma": 713.8303770979198, "log10_alpha": -3.2139010069735967, "log10_colsample_bytree": -0.903282901518599, "log10_eta": -3.594340716726056, "log10_lambda": 0.1785369223992106, "log10_min_child_weight": 4.890527701866446, "log10_subsample": -0.16203074613020485, "max_depth": 7.0, "num_boost_round": 63.0}, "datetime": {"datetime": "2024-01-19 01:44:08", "elapsed": 5548.021619, "delta": 0.125228}}
{"target": -13.758488801005463, "params": {"gamma": 713.8303770979198, "log10_alpha": -3.2139010069735967, "log10_colsample_bytree": -0.903282901518599, "log10_eta": -3.594340716726056, "log10_lambda": 0.1785369223992106, "log10_min_child_weight": 4.890527701866446, "log10_subsample": -0.16203074613020485, "max_depth": 7.0, "num_boost_round": 64.0}, "datetime": {"datetime": "2024-01-19 01:44:08", "elapsed": 5548.02796, "delta": 0.006341}}
{"target": -13.758487829217962, "params": {"gamma": 713.8303770979198, "log10_alpha": -3.2139010069735967, "log10_colsample_bytree": -0.903282901518599, "log10_eta": -3.594340716726056, "log10_lambda": 0.1785369223992106, "log10_min_child_weight": 4.890527701866446, "log10_subsample": -0.16203074613020485, "max_depth": 7.0, "num_boost_round": 65.0}, "datetime": {"datetime": "2024-01-19 01:44:08", "elapsed": 5548.033865, "delta": 0.005905}}
{"target": -13.758487996461122, "params": {"gamma": 713.8303770979198, "log10_alpha": -3.2139010069735967, "log10_colsample_bytree": -0.903282901518599, "log10_eta": -3.594340716726056, "log10_lambda": 0.1785369223992106, "log10_min_child_weight": 4.890527701866446, "log10_subsample": -0.16203074613020485, "max_depth": 7.0, "num_boost_round": 66.0}, "datetime": {"datetime": "2024-01-19 01:44:08", "elapsed": 5548.03947, "delta": 0.005605}}
{"target": -13.758487341352193, "params": {"gamma": 713.8303770979198, "log10_alpha": -3.2139010069735967, "log10_colsample_bytree": -0.903282901518599, "log10_eta": -3.594340716726056, "log10_lambda": 0.1785369223992106, "log10_min_child_weight": 4.890527701866446, "log10_subsample": -0.16203074613020485, "max_depth": 7.0, "num_boost_round": 67.0}, "datetime": {"datetime": "2024-01-19 01:44:08", "elapsed": 5548.044877, "delta": 0.005407}}
{"target": -13.758485779590156, "params": {"gamma": 713.8303770979198, "log10_alpha": -3.2139010069735967, "log10_colsample_bytree": -0.903282901518599, "log10_eta": -3.594340716726056, "log10_lambda": 0.1785369223992106, "log10_min_child_weight": 4.890527701866446, "log10_subsample": -0.16203074613020485, "max_depth": 7.0, "num_boost_round": 68.0}, "datetime": {"datetime": "2024-01-19 01:44:08", "elapsed": 5548.050317, "delta": 0.00544}}
{"target": -13.758486971077831, "params": {"gamma": 713.8303770979198, "log10_alpha": -3.2139010069735967, "log10_colsample_bytree": -0.903282901518599, "log10_eta": -3.594340716726056, "log10_lambda": 0.1785369223992106, "log10_min_child_weight": 4.890527701866446, "log10_subsample": -0.16203074613020485, "max_depth": 7.0, "num_boost_round": 69.0}, "datetime": {"datetime": "2024-01-19 01:44:08", "elapsed": 5548.056053, "delta": 0.005736}}
{"target": -13.757140337212551, "params": {"gamma": 725.8992446361776, "log10_alpha": 0.880778339091707, "log10_colsample_bytree": -0.746411897736712, "log10_eta": -1.303079754480113, "log10_lambda": -1.2551578060408461, "log10_min_child_weight": 2.411171382583504, "log10_subsample": -0.7715626299871656, "max_depth": 9.0, "num_boost_round": 0.0}, "datetime": {"datetime": "2024-01-19 01:46:01", "elapsed": 5660.62587, "delta": 112.569817}}
{"target": -13.757867573415087, "params": {"gamma": 725.8992446361776, "log10_alpha": 0.880778339091707, "log10_colsample_bytree": -0.746411897736712, "log10_eta": -1.303079754480113, "log10_lambda": -1.2551578060408461, "log10_min_child_weight": 2.411171382583504, "log10_subsample": -0.7715626299871656, "max_depth": 9.0, "num_boost_round": 1.0}, "datetime": {"datetime": "2024-01-19 01:46:01", "elapsed": 5660.632408, "delta": 0.006538}}
{"target": -13.756173267628615, "params": {"gamma": 725.8992446361776, "log10_alpha": 0.880778339091707, "log10_colsample_bytree": -0.746411897736712, "log10_eta": -1.303079754480113, "log10_lambda": -1.2551578060408461, "log10_min_child_weight": 2.411171382583504, "log10_subsample": -0.7715626299871656, "max_depth": 9.0, "num_boost_round": 2.0}, "datetime": {"datetime": "2024-01-19 01:46:01", "elapsed": 5660.638175, "delta": 0.005767}}
{"target": -13.755727094986202, "params": {"gamma": 725.8992446361776, "log10_alpha": 0.880778339091707, "log10_colsample_bytree": -0.746411897736712, "log10_eta": -1.303079754480113, "log10_lambda": -1.2551578060408461, "log10_min_child_weight": 2.411171382583504, "log10_subsample": -0.7715626299871656, "max_depth": 9.0, "num_boost_round": 3.0}, "datetime": {"datetime": "2024-01-19 01:46:01", "elapsed": 5660.643845, "delta": 0.00567}}
