{"target": -13.75844616776398, "params": {"gamma": 559.4852065482612, "log10_alpha": -2.4209078685666645, "log10_colsample_bytree": -0.7501780953263218, "log10_eta": -3.9290063332595255, "log10_lambda": -1.547629868834452, "log10_min_child_weight": 0.9204799876901448, "log10_subsample": -0.6476273898148283, "max_depth": 8.0, "num_boost_round": 27.0}, "datetime": {"datetime": "2024-01-19 00:49:15", "elapsed": 2207.765816, "delta": 0.002721}}
{"target": -13.758438915980275, "params": {"gamma": 559.4852065482612, "log10_alpha": -2.4209078685666645, "log10_colsample_bytree": -0.7501780953263218, "log10_eta": -3.9290063332595255, "log10_lambda": -1.547629868834452, "log10_min_child_weight": 0.9204799876901448, "log10_subsample": -0.6476273898148283, "max_depth": 8.0, "num_boost_round": 28.0}, "datetime": {"datetime": "2024-01-19 00:49:15", "elapsed": 2207.768533, "delta": 0.002717}}
{"target": -13.758437903674013, "params": {"gamma": 559.4852065482612, "log10_alpha": -2.4209078685666645, "log10_colsample_bytree": -0.7501780953263218, "log10_eta": -3.9290063332595255, "log10_lambda": -1.547629868834452, "log10_min_child_weight": 0.9204799876901448, "log10_subsample": -0.6476273898148283, "max_depth": 8.0, "num_boost_round": 29.0}, "datetime": {"datetime": "2024-01-19 00:49:15", "elapsed": 2207.771226, "delta": 0.002693}}
{"target": -13.75843876195777, "params": {"gamma": 559.4852065482612, "log10_alpha": -2.4209078685666645, "log10_colsample_bytree": -0.7501780953263218, "log10_eta": -3.9290063332595255, "log10_lambda": -1.547629868834452, "log10_min_child_weight": 0.9204799876901448, "log10_subsample": -0.6476273898148283, "max_depth": 8.0, "num_boost_round": 30.0}, "datetime": {"datetime": "2024-01-19 00:49:15", "elapsed": 2207.774134, "delta": 0.002908}}
{"target": -13.758435982325487, "params": {"gamma": 559.4852065482612, "log10_alpha": -2.4209078685666645, "log10_colsample_bytree": -0.7501780953263218, "log10_eta": -3.9290063332595255, "log10_lambda": -1.547629868834452, "log10_min_child_weight": 0.9204799876901448, "log10_subsample": -0.6476273898148283, "max_depth": 8.0, "num_boost_round": 31.0}, "datetime": {"datetime": "2024-01-19 00:49:15", "elapsed": 2207.776881, "delta": 0.002747}}
{"target": -13.75842990152182, "params": {"gamma": 559.4852065482612, "log10_alpha": -2.4209078685666645, "log10_colsample_bytree": -0.7501780953263218, "log10_eta": -3.9290063332595255, "log10_lambda": -1.547629868834452, "log10_min_child_weight": 0.9204799876901448, "log10_subsample": -0.6476273898148283, "max_depth": 8.0, "num_boost_round": 32.0}, "datetime": {"datetime": "2024-01-19 00:49:15", "elapsed": 2207.779646, "delta": 0.002765}}
{"target": -13.75842540790087, "params": {"gamma": 559.4852065482612, "log10_alpha": -2.4209078685666645, "log10_colsample_bytree": -0.7501780953263218, "log10_eta": -3.9290063332595255, "log10_lambda": -1.547629868834452, "log10_min_child_weight": 0.9204799876901448, "log10_subsample": -0.6476273898148283, "max_depth": 8.0, "num_boost_round": 33.0}, "datetime": {"datetime": "2024-01-19 00:49:15", "elapsed": 2207.782382, "delta": 0.002736}}
{"target": -13.758422176457715, "params": {"gamma": 559.4852065482612, "log10_alpha": -2.4209078685666645, "log10_colsample_bytree": -0.7501780953263218, "log10_eta": -3.9290063332595255, "log10_lambda": -1.547629868834452, "log10_min_child_weight": 0.9204799876901448, "log10_subsample": -0.6476273898148283, "max_depth": 8.0, "num_boost_round": 34.0}, "datetime": {"datetime": "2024-01-19 00:49:15", "elapsed": 2207.78511, "delta": 0.002728}}
{"target": -13.758423466600929, "params": {"gamma": 559.4852065482612, "log10_alpha": -2.4209078685666645, "log10_colsample_bytree": -0.7501780953263218, "log10_eta": -3.9290063332595255, "log10_lambda": -1.547629868834452, "log10_min_child_weight": 0.9204799876901448, "log10_subsample": -0.6476273898148283, "max_depth": 8.0, "num_boost_round": 35.0}, "datetime": {"datetime": "2024-01-19 00:49:15", "elapsed": 2207.787849, "delta": 0.002739}}
{"target": -13.758422561166281, "params": {"gamma": 559.4852065482612, "log10_alpha": -2.4209078685666645, "log10_colsample_bytree": -0.7501780953263218, "log10_eta": -3.9290063332595255, "log10_lambda": -1.547629868834452, "log10_min_child_weight": 0.9204799876901448, "log10_subsample": -0.6476273898148283, "max_depth": 8.0, "num_boost_round": 36.0}, "datetime": {"datetime": "2024-01-19 00:49:15", "elapsed": 2207.790583, "delta": 0.002734}}
{"target": -13.758424337206446, "params": {"gamma": 559.4852065482612, "log10_alpha": -2.4209078685666645, "log10_colsample_bytree": -0.7501780953263218, "log10_eta": -3.9290063332595255, "log10_lambda": -1.547629868834452, "log10_min_child_weight": 0.9204799876901448, "log10_subsample": -0.6476273898148283, "max_depth": 8.0, "num_boost_round": 37.0}, "datetime": {"datetime": "2024-01-19 00:49:15", "elapsed": 2207.793574, "delta": 0.002991}}
{"target": -13.758421361617682, "params": {"gamma": 559.4852065482612, "log10_alpha": -2.4209078685666645, "log10_colsample_bytree": -0.7501780953263218, "log10_eta": -3.9290063332595255, "log10_lambda": -1.547629868834452, "log10_min_child_weight": 0.9204799876901448, "log10_subsample": -0.6476273898148283, "max_depth": 8.0, "num_boost_round": 38.0}, "datetime": {"datetime": "2024-01-19 00:49:15", "elapsed": 2207.796461, "delta": 0.002887}}
{"target": -13.758420487235554, "params": {"gamma": 559.4852065482612, "log10_alpha": -2.4209078685666645, "log10_colsample_bytree": -0.7501780953263218, "log10_eta": -3.9290063332595255, "log10_lambda": -1.547629868834452, "log10_min_child_weight": 0.9204799876901448, "log10_subsample": -0.6476273898148283, "max_depth": 8.0, "num_boost_round": 39.0}, "datetime": {"datetime": "2024-01-19 00:49:15", "elapsed": 2207.79935, "delta": 0.002889}}
{"target": -13.758413925095153, "params": {"gamma": 559.4852065482612, "log10_alpha": -2.4209078685666645, "log10_colsample_bytree": -0.7501780953263218, "log10_eta": -3.9290063332595255, "log10_lambda": -1.547629868834452, "log10_min_child_weight": 0.9204799876901448, "log10_subsample": -0.6476273898148283, "max_depth": 8.0, "num_boost_round": 40.0}, "datetime": {"datetime": "2024-01-19 00:49:15", "elapsed": 2207.802078, "delta": 0.002728}}
{"target": -13.758412736376183, "params": {"gamma": 559.4852065482612, "log10_alpha": -2.4209078685666645, "log10_colsample_bytree": -0.7501780953263218, "log10_eta": -3.9290063332595255, "log10_lambda": -1.547629868834452, "log10_min_child_weight": 0.9204799876901448, "log10_subsample": -0.6476273898148283, "max_depth": 8.0, "num_boost_round": 41.0}, "datetime": {"datetime": "2024-01-19 00:49:15", "elapsed": 2207.804813, "delta": 0.002735}}
{"target": -13.758399292102474, "params": {"gamma": 559.4852065482612, "log10_alpha": -2.4209078685666645, "log10_colsample_bytree": -0.7501780953263218, "log10_eta": -3.9290063332595255, "log10_lambda": -1.547629868834452, "log10_min_child_weight": 0.9204799876901448, "log10_subsample": -0.6476273898148283, "max_depth": 8.0, "num_boost_round": 42.0}, "datetime": {"datetime": "2024-01-19 00:49:15", "elapsed": 2207.807561, "delta": 0.002748}}
{"target": -13.758394311962693, "params": {"gamma": 559.4852065482612, "log10_alpha": -2.4209078685666645, "log10_colsample_bytree": -0.7501780953263218, "log10_eta": -3.9290063332595255, "log10_lambda": -1.547629868834452, "log10_min_child_weight": 0.9204799876901448, "log10_subsample": -0.6476273898148283, "max_depth": 8.0, "num_boost_round": 43.0}, "datetime": {"datetime": "2024-01-19 00:49:15", "elapsed": 2207.810323, "delta": 0.002762}}
{"target": -13.758390010181468, "params": {"gamma": 559.4852065482612, "log10_alpha": -2.4209078685666645, "log10_colsample_bytree": -0.7501780953263218, "log10_eta": -3.9290063332595255, "log10_lambda": -1.547629868834452, "log10_min_child_weight": 0.9204799876901448, "log10_subsample": -0.6476273898148283, "max_depth": 8.0, "num_boost_round": 44.0}, "datetime": {"datetime": "2024-01-19 00:49:15", "elapsed": 2207.813088, "delta": 0.002765}}
{"target": -13.75838757380249, "params": {"gamma": 559.4852065482612, "log10_alpha": -2.4209078685666645, "log10_colsample_bytree": -0.7501780953263218, "log10_eta": -3.9290063332595255, "log10_lambda": -1.547629868834452, "log10_min_child_weight": 0.9204799876901448, "log10_subsample": -0.6476273898148283, "max_depth": 8.0, "num_boost_round": 45.0}, "datetime": {"datetime": "2024-01-19 00:49:15", "elapsed": 2207.816011, "delta": 0.002923}}
{"target": -13.758386672850397, "params": {"gamma": 559.4852065482612, "log10_alpha": -2.4209078685666645, "log10_colsample_bytree": -0.7501780953263218, "log10_eta": -3.9290063332595255, "log10_lambda": -1.547629868834452, "log10_min_child_weight": 0.9204799876901448, "log10_subsample": -0.6476273898148283, "max_depth": 8.0, "num_boost_round": 46.0}, "datetime": {"datetime": "2024-01-19 00:49:15", "elapsed": 2207.81899, "delta": 0.002979}}
{"target": -13.758386116916126, "params": {"gamma": 559.4852065482612, "log10_alpha": -2.4209078685666645, "log10_colsample_bytree": -0.7501780953263218, "log10_eta": -3.9290063332595255, "log10_lambda": -1.547629868834452, "log10_min_child_weight": 0.9204799876901448, "log10_subsample": -0.6476273898148283, "max_depth": 8.0, "num_boost_round": 47.0}, "datetime": {"datetime": "2024-01-19 00:49:15", "elapsed": 2207.822127, "delta": 0.003137}}
{"target": -13.758382874804308, "params": {"gamma": 559.4852065482612, "log10_alpha": -2.4209078685666645, "log10_colsample_bytree": -0.7501780953263218, "log10_eta": -3.9290063332595255, "log10_lambda": -1.547629868834452, "log10_min_child_weight": 0.9204799876901448, "log10_subsample": -0.6476273898148283, "max_depth": 8.0, "num_boost_round": 48.0}, "datetime": {"datetime": "2024-01-19 00:49:15", "elapsed": 2207.824912, "delta": 0.002785}}
{"target": -13.758383697841568, "params": {"gamma": 559.4852065482612, "log10_alpha": -2.4209078685666645, "log10_colsample_bytree": -0.7501780953263218, "log10_eta": -3.9290063332595255, "log10_lambda": -1.547629868834452, "log10_min_child_weight": 0.9204799876901448, "log10_subsample": -0.6476273898148283, "max_depth": 8.0, "num_boost_round": 49.0}, "datetime": {"datetime": "2024-01-19 00:49:15", "elapsed": 2207.827687, "delta": 0.002775}}
{"target": -13.758377827596133, "params": {"gamma": 559.4852065482612, "log10_alpha": -2.4209078685666645, "log10_colsample_bytree": -0.7501780953263218, "log10_eta": -3.9290063332595255, "log10_lambda": -1.547629868834452, "log10_min_child_weight": 0.9204799876901448, "log10_subsample": -0.6476273898148283, "max_depth": 8.0, "num_boost_round": 50.0}, "datetime": {"datetime": "2024-01-19 00:49:15", "elapsed": 2207.830422, "delta": 0.002735}}
{"target": -13.75837530311218, "params": {"gamma": 559.4852065482612, "log10_alpha": -2.4209078685666645, "log10_colsample_bytree": -0.7501780953263218, "log10_eta": -3.9290063332595255, "log10_lambda": -1.547629868834452, "log10_min_child_weight": 0.9204799876901448, "log10_subsample": -0.6476273898148283, "max_depth": 8.0, "num_boost_round": 51.0}, "datetime": {"datetime": "2024-01-19 00:49:15", "elapsed": 2207.833329, "delta": 0.002907}}
{"target": -13.758376039634356, "params": {"gamma": 559.4852065482612, "log10_alpha": -2.4209078685666645, "log10_colsample_bytree": -0.7501780953263218, "log10_eta": -3.9290063332595255, "log10_lambda": -1.547629868834452, "log10_min_child_weight": 0.9204799876901448, "log10_subsample": -0.6476273898148283, "max_depth": 8.0, "num_boost_round": 52.0}, "datetime": {"datetime": "2024-01-19 00:49:15", "elapsed": 2207.836073, "delta": 0.002744}}
{"target": -13.758373500321087, "params": {"gamma": 559.4852065482612, "log10_alpha": -2.4209078685666645, "log10_colsample_bytree": -0.7501780953263218, "log10_eta": -3.9290063332595255, "log10_lambda": -1.547629868834452, "log10_min_child_weight": 0.9204799876901448, "log10_subsample": -0.6476273898148283, "max_depth": 8.0, "num_boost_round": 53.0}, "datetime": {"datetime": "2024-01-19 00:49:15", "elapsed": 2207.838819, "delta": 0.002746}}
{"target": -13.758532896193506, "params": {"gamma": 566.8089744212333, "log10_alpha": 0.27873803523101337, "log10_colsample_bytree": -0.616742846629575, "log10_eta": -3.5346646979792453, "log10_lambda": -4.46618146693461, "log10_min_child_weight": 1.8822095404956396, "log10_subsample": -0.4331149886877115, "max_depth": 5.0, "num_boost_round": 0.0}, "datetime": {"datetime": "2024-01-19 00:49:54", "elapsed": 2247.414755, "delta": 39.575936}}
{"target": -13.758531763997587, "params": {"gamma": 566.8089744212333, "log10_alpha": 0.27873803523101337, "log10_colsample_bytree": -0.616742846629575, "log10_eta": -3.5346646979792453, "log10_lambda": -4.46618146693461, "log10_min_child_weight": 1.8822095404956396, "log10_subsample": -0.4331149886877115, "max_depth": 5.0, "num_boost_round": 1.0}, "datetime": {"datetime": "2024-01-19 00:49:54", "elapsed": 2247.417974, "delta": 0.003219}}
{"target": -13.758522612668422, "params": {"gamma": 566.8089744212333, "log10_alpha": 0.27873803523101337, "log10_colsample_bytree": -0.616742846629575, "log10_eta": -3.5346646979792453, "log10_lambda": -4.46618146693461, "log10_min_child_weight": 1.8822095404956396, "log10_subsample": -0.4331149886877115, "max_depth": 5.0, "num_boost_round": 2.0}, "datetime": {"datetime": "2024-01-19 00:49:54", "elapsed": 2247.420807, "delta": 0.002833}}
{"target": -13.758508979052221, "params": {"gamma": 566.8089744212333, "log10_alpha": 0.27873803523101337, "log10_colsample_bytree": -0.616742846629575, "log10_eta": -3.5346646979792453, "log10_lambda": -4.46618146693461, "log10_min_child_weight": 1.8822095404956396, "log10_subsample": -0.4331149886877115, "max_depth": 5.0, "num_boost_round": 3.0}, "datetime": {"datetime": "2024-01-19 00:49:54", "elapsed": 2247.423594, "delta": 0.002787}}
{"target": -13.758511433713526, "params": {"gamma": 566.8089744212333, "log10_alpha": 0.27873803523101337, "log10_colsample_bytree": -0.616742846629575, "log10_eta": -3.5346646979792453, "log10_lambda": -4.46618146693461, "log10_min_child_weight": 1.8822095404956396, "log10_subsample": -0.4331149886877115, "max_depth": 5.0, "num_boost_round": 4.0}, "datetime": {"datetime": "2024-01-19 00:49:54", "elapsed": 2247.426388, "delta": 0.002794}}
{"target": -13.758507490036829, "params": {"gamma": 566.8089744212333, "log10_alpha": 0.27873803523101337, "log10_colsample_bytree": -0.616742846629575, "log10_eta": -3.5346646979792453, "log10_lambda": -4.46618146693461, "log10_min_child_weight": 1.8822095404956396, "log10_subsample": -0.4331149886877115, "max_depth": 5.0, "num_boost_round": 5.0}, "datetime": {"datetime": "2024-01-19 00:49:54", "elapsed": 2247.430032, "delta": 0.003644}}
{"target": -13.75849736199007, "params": {"gamma": 566.8089744212333, "log10_alpha": 0.27873803523101337, "log10_colsample_bytree": -0.616742846629575, "log10_eta": -3.5346646979792453, "log10_lambda": -4.46618146693461, "log10_min_child_weight": 1.8822095404956396, "log10_subsample": -0.4331149886877115, "max_depth": 5.0, "num_boost_round": 6.0}, "datetime": {"datetime": "2024-01-19 00:49:54", "elapsed": 2247.433162, "delta": 0.00313}}
{"target": -13.758502205645097, "params": {"gamma": 566.8089744212333, "log10_alpha": 0.27873803523101337, "log10_colsample_bytree": -0.616742846629575, "log10_eta": -3.5346646979792453, "log10_lambda": -4.46618146693461, "log10_min_child_weight": 1.8822095404956396, "log10_subsample": -0.4331149886877115, "max_depth": 5.0, "num_boost_round": 7.0}, "datetime": {"datetime": "2024-01-19 00:49:54", "elapsed": 2247.436019, "delta": 0.002857}}
{"target": -13.758499571115783, "params": {"gamma": 566.8089744212333, "log10_alpha": 0.27873803523101337, "log10_colsample_bytree": -0.616742846629575, "log10_eta": -3.5346646979792453, "log10_lambda": -4.46618146693461, "log10_min_child_weight": 1.8822095404956396, "log10_subsample": -0.4331149886877115, "max_depth": 5.0, "num_boost_round": 8.0}, "datetime": {"datetime": "2024-01-19 00:49:54", "elapsed": 2247.438867, "delta": 0.002848}}
{"target": -13.758505928320472, "params": {"gamma": 566.8089744212333, "log10_alpha": 0.27873803523101337, "log10_colsample_bytree": -0.616742846629575, "log10_eta": -3.5346646979792453, "log10_lambda": -4.46618146693461, "log10_min_child_weight": 1.8822095404956396, "log10_subsample": -0.4331149886877115, "max_depth": 5.0, "num_boost_round": 9.0}, "datetime": {"datetime": "2024-01-19 00:49:54", "elapsed": 2247.441691, "delta": 0.002824}}
{"target": -13.758497186087595, "params": {"gamma": 566.8089744212333, "log10_alpha": 0.27873803523101337, "log10_colsample_bytree": -0.616742846629575, "log10_eta": -3.5346646979792453, "log10_lambda": -4.46618146693461, "log10_min_child_weight": 1.8822095404956396, "log10_subsample": -0.4331149886877115, "max_depth": 5.0, "num_boost_round": 10.0}, "datetime": {"datetime": "2024-01-19 00:49:54", "elapsed": 2247.444504, "delta": 0.002813}}
{"target": -13.758493492651263, "params": {"gamma": 566.8089744212333, "log10_alpha": 0.27873803523101337, "log10_colsample_bytree": -0.616742846629575, "log10_eta": -3.5346646979792453, "log10_lambda": -4.46618146693461, "log10_min_child_weight": 1.8822095404956396, "log10_subsample": -0.4331149886877115, "max_depth": 5.0, "num_boost_round": 11.0}, "datetime": {"datetime": "2024-01-19 00:49:54", "elapsed": 2247.447311, "delta": 0.002807}}
{"target": -13.758488432238323, "params": {"gamma": 566.8089744212333, "log10_alpha": 0.27873803523101337, "log10_colsample_bytree": -0.616742846629575, "log10_eta": -3.5346646979792453, "log10_lambda": -4.46618146693461, "log10_min_child_weight": 1.8822095404956396, "log10_subsample": -0.4331149886877115, "max_depth": 5.0, "num_boost_round": 12.0}, "datetime": {"datetime": "2024-01-19 00:49:54", "elapsed": 2247.45007, "delta": 0.002759}}
{"target": -13.75848466582341, "params": {"gamma": 566.8089744212333, "log10_alpha": 0.27873803523101337, "log10_colsample_bytree": -0.616742846629575, "log10_eta": -3.5346646979792453, "log10_lambda": -4.46618146693461, "log10_min_child_weight": 1.8822095404956396, "log10_subsample": -0.4331149886877115, "max_depth": 5.0, "num_boost_round": 13.0}, "datetime": {"datetime": "2024-01-19 00:49:54", "elapsed": 2247.453065, "delta": 0.002995}}
{"target": -13.758486332664134, "params": {"gamma": 566.8089744212333, "log10_alpha": 0.27873803523101337, "log10_colsample_bytree": -0.616742846629575, "log10_eta": -3.5346646979792453, "log10_lambda": -4.46618146693461, "log10_min_child_weight": 1.8822095404956396, "log10_subsample": -0.4331149886877115, "max_depth": 5.0, "num_boost_round": 14.0}, "datetime": {"datetime": "2024-01-19 00:49:54", "elapsed": 2247.455833, "delta": 0.002768}}
{"target": -13.758481282636954, "params": {"gamma": 566.8089744212333, "log10_alpha": 0.27873803523101337, "log10_colsample_bytree": -0.616742846629575, "log10_eta": -3.5346646979792453, "log10_lambda": -4.46618146693461, "log10_min_child_weight": 1.8822095404956396, "log10_subsample": -0.4331149886877115, "max_depth": 5.0, "num_boost_round": 15.0}, "datetime": {"datetime": "2024-01-19 00:49:54", "elapsed": 2247.458586, "delta": 0.002753}}
{"target": -13.758481844907683, "params": {"gamma": 566.8089744212333, "log10_alpha": 0.27873803523101337, "log10_colsample_bytree": -0.616742846629575, "log10_eta": -3.5346646979792453, "log10_lambda": -4.46618146693461, "log10_min_child_weight": 1.8822095404956396, "log10_subsample": -0.4331149886877115, "max_depth": 5.0, "num_boost_round": 16.0}, "datetime": {"datetime": "2024-01-19 00:49:54", "elapsed": 2247.46142, "delta": 0.002834}}
{"target": -13.758483198967143, "params": {"gamma": 566.8089744212333, "log10_alpha": 0.27873803523101337, "log10_colsample_bytree": -0.616742846629575, "log10_eta": -3.5346646979792453, "log10_lambda": -4.46618146693461, "log10_min_child_weight": 1.8822095404956396, "log10_subsample": -0.4331149886877115, "max_depth": 5.0, "num_boost_round": 17.0}, "datetime": {"datetime": "2024-01-19 00:49:54", "elapsed": 2247.464241, "delta": 0.002821}}
{"target": -13.758484941779992, "params": {"gamma": 566.8089744212333, "log10_alpha": 0.27873803523101337, "log10_colsample_bytree": -0.616742846629575, "log10_eta": -3.5346646979792453, "log10_lambda": -4.46618146693461, "log10_min_child_weight": 1.8822095404956396, "log10_subsample": -0.4331149886877115, "max_depth": 5.0, "num_boost_round": 18.0}, "datetime": {"datetime": "2024-01-19 00:49:54", "elapsed": 2247.467139, "delta": 0.002898}}
{"target": -13.758476754782164, "params": {"gamma": 566.8089744212333, "log10_alpha": 0.27873803523101337, "log10_colsample_bytree": -0.616742846629575, "log10_eta": -3.5346646979792453, "log10_lambda": -4.46618146693461, "log10_min_child_weight": 1.8822095404956396, "log10_subsample": -0.4331149886877115, "max_depth": 5.0, "num_boost_round": 19.0}, "datetime": {"datetime": "2024-01-19 00:49:54", "elapsed": 2247.470048, "delta": 0.002909}}
{"target": -13.758465639836198, "params": {"gamma": 566.8089744212333, "log10_alpha": 0.27873803523101337, "log10_colsample_bytree": -0.616742846629575, "log10_eta": -3.5346646979792453, "log10_lambda": -4.46618146693461, "log10_min_child_weight": 1.8822095404956396, "log10_subsample": -0.4331149886877115, "max_depth": 5.0, "num_boost_round": 20.0}, "datetime": {"datetime": "2024-01-19 00:49:54", "elapsed": 2247.47318, "delta": 0.003132}}
{"target": -13.758451724262097, "params": {"gamma": 566.8089744212333, "log10_alpha": 0.27873803523101337, "log10_colsample_bytree": -0.616742846629575, "log10_eta": -3.5346646979792453, "log10_lambda": -4.46618146693461, "log10_min_child_weight": 1.8822095404956396, "log10_subsample": -0.4331149886877115, "max_depth": 5.0, "num_boost_round": 21.0}, "datetime": {"datetime": "2024-01-19 00:49:54", "elapsed": 2247.476124, "delta": 0.002944}}
