{"target": -13.75849132835803, "params": {"gamma": 40.545737215671565, "log10_alpha": -0.5298085679333724, "log10_colsample_bytree": -0.5165677058034431, "log10_eta": -3.174653584718071, "log10_lambda": -4.024659678038575, "log10_min_child_weight": 2.903206372599603, "log10_subsample": -0.2694684156032523, "max_depth": 5.0, "num_boost_round": 2.0}, "datetime": {"datetime": "2024-01-19 00:58:31", "elapsed": 2819.455822, "delta": 0.003056}}
{"target": -13.758487189284814, "params": {"gamma": 40.545737215671565, "log10_alpha": -0.5298085679333724, "log10_colsample_bytree": -0.5165677058034431, "log10_eta": -3.174653584718071, "log10_lambda": -4.024659678038575, "log10_min_child_weight": 2.903206372599603, "log10_subsample": -0.2694684156032523, "max_depth": 5.0, "num_boost_round": 3.0}, "datetime": {"datetime": "2024-01-19 00:58:31", "elapsed": 2819.458595, "delta": 0.002773}}
{"target": -13.758479820681002, "params": {"gamma": 40.545737215671565, "log10_alpha": -0.5298085679333724, "log10_colsample_bytree": -0.5165677058034431, "log10_eta": -3.174653584718071, "log10_lambda": -4.024659678038575, "log10_min_child_weight": 2.903206372599603, "log10_subsample": -0.2694684156032523, "max_depth": 5.0, "num_boost_round": 4.0}, "datetime": {"datetime": "2024-01-19 00:58:31", "elapsed": 2819.461327, "delta": 0.002732}}
{"target": -13.758449217642477, "params": {"gamma": 40.545737215671565, "log10_alpha": -0.5298085679333724, "log10_colsample_bytree": -0.5165677058034431, "log10_eta": -3.174653584718071, "log10_lambda": -4.024659678038575, "log10_min_child_weight": 2.903206372599603, "log10_subsample": -0.2694684156032523, "max_depth": 5.0, "num_boost_round": 5.0}, "datetime": {"datetime": "2024-01-19 00:58:31", "elapsed": 2819.464061, "delta": 0.002734}}
{"target": -13.758426391739544, "params": {"gamma": 40.545737215671565, "log10_alpha": -0.5298085679333724, "log10_colsample_bytree": -0.5165677058034431, "log10_eta": -3.174653584718071, "log10_lambda": -4.024659678038575, "log10_min_child_weight": 2.903206372599603, "log10_subsample": -0.2694684156032523, "max_depth": 5.0, "num_boost_round": 6.0}, "datetime": {"datetime": "2024-01-19 00:58:31", "elapsed": 2819.46685, "delta": 0.002789}}
{"target": -13.75840893985208, "params": {"gamma": 40.545737215671565, "log10_alpha": -0.5298085679333724, "log10_colsample_bytree": -0.5165677058034431, "log10_eta": -3.174653584718071, "log10_lambda": -4.024659678038575, "log10_min_child_weight": 2.903206372599603, "log10_subsample": -0.2694684156032523, "max_depth": 5.0, "num_boost_round": 7.0}, "datetime": {"datetime": "2024-01-19 00:58:31", "elapsed": 2819.469704, "delta": 0.002854}}
{"target": -13.758406395539708, "params": {"gamma": 40.545737215671565, "log10_alpha": -0.5298085679333724, "log10_colsample_bytree": -0.5165677058034431, "log10_eta": -3.174653584718071, "log10_lambda": -4.024659678038575, "log10_min_child_weight": 2.903206372599603, "log10_subsample": -0.2694684156032523, "max_depth": 5.0, "num_boost_round": 8.0}, "datetime": {"datetime": "2024-01-19 00:58:31", "elapsed": 2819.472417, "delta": 0.002713}}
{"target": -13.758413937672866, "params": {"gamma": 40.545737215671565, "log10_alpha": -0.5298085679333724, "log10_colsample_bytree": -0.5165677058034431, "log10_eta": -3.174653584718071, "log10_lambda": -4.024659678038575, "log10_min_child_weight": 2.903206372599603, "log10_subsample": -0.2694684156032523, "max_depth": 5.0, "num_boost_round": 9.0}, "datetime": {"datetime": "2024-01-19 00:58:31", "elapsed": 2819.475261, "delta": 0.002844}}
{"target": -13.758425621424472, "params": {"gamma": 40.545737215671565, "log10_alpha": -0.5298085679333724, "log10_colsample_bytree": -0.5165677058034431, "log10_eta": -3.174653584718071, "log10_lambda": -4.024659678038575, "log10_min_child_weight": 2.903206372599603, "log10_subsample": -0.2694684156032523, "max_depth": 5.0, "num_boost_round": 10.0}, "datetime": {"datetime": "2024-01-19 00:58:31", "elapsed": 2819.477987, "delta": 0.002726}}
{"target": -13.75841499369899, "params": {"gamma": 40.545737215671565, "log10_alpha": -0.5298085679333724, "log10_colsample_bytree": -0.5165677058034431, "log10_eta": -3.174653584718071, "log10_lambda": -4.024659678038575, "log10_min_child_weight": 2.903206372599603, "log10_subsample": -0.2694684156032523, "max_depth": 5.0, "num_boost_round": 11.0}, "datetime": {"datetime": "2024-01-19 00:58:31", "elapsed": 2819.480756, "delta": 0.002769}}
{"target": -13.758414176290453, "params": {"gamma": 40.545737215671565, "log10_alpha": -0.5298085679333724, "log10_colsample_bytree": -0.5165677058034431, "log10_eta": -3.174653584718071, "log10_lambda": -4.024659678038575, "log10_min_child_weight": 2.903206372599603, "log10_subsample": -0.2694684156032523, "max_depth": 5.0, "num_boost_round": 12.0}, "datetime": {"datetime": "2024-01-19 00:58:31", "elapsed": 2819.483495, "delta": 0.002739}}
{"target": -13.758426339918843, "params": {"gamma": 40.545737215671565, "log10_alpha": -0.5298085679333724, "log10_colsample_bytree": -0.5165677058034431, "log10_eta": -3.174653584718071, "log10_lambda": -4.024659678038575, "log10_min_child_weight": 2.903206372599603, "log10_subsample": -0.2694684156032523, "max_depth": 5.0, "num_boost_round": 13.0}, "datetime": {"datetime": "2024-01-19 00:58:31", "elapsed": 2819.486209, "delta": 0.002714}}
{"target": -13.758411644543726, "params": {"gamma": 40.545737215671565, "log10_alpha": -0.5298085679333724, "log10_colsample_bytree": -0.5165677058034431, "log10_eta": -3.174653584718071, "log10_lambda": -4.024659678038575, "log10_min_child_weight": 2.903206372599603, "log10_subsample": -0.2694684156032523, "max_depth": 5.0, "num_boost_round": 14.0}, "datetime": {"datetime": "2024-01-19 00:58:31", "elapsed": 2819.488936, "delta": 0.002727}}
{"target": -13.758404110266742, "params": {"gamma": 40.545737215671565, "log10_alpha": -0.5298085679333724, "log10_colsample_bytree": -0.5165677058034431, "log10_eta": -3.174653584718071, "log10_lambda": -4.024659678038575, "log10_min_child_weight": 2.903206372599603, "log10_subsample": -0.2694684156032523, "max_depth": 5.0, "num_boost_round": 15.0}, "datetime": {"datetime": "2024-01-19 00:58:31", "elapsed": 2819.491824, "delta": 0.002888}}
{"target": -13.758415488164525, "params": {"gamma": 40.545737215671565, "log10_alpha": -0.5298085679333724, "log10_colsample_bytree": -0.5165677058034431, "log10_eta": -3.174653584718071, "log10_lambda": -4.024659678038575, "log10_min_child_weight": 2.903206372599603, "log10_subsample": -0.2694684156032523, "max_depth": 5.0, "num_boost_round": 16.0}, "datetime": {"datetime": "2024-01-19 00:58:31", "elapsed": 2819.49471, "delta": 0.002886}}
{"target": -13.758418116994978, "params": {"gamma": 40.545737215671565, "log10_alpha": -0.5298085679333724, "log10_colsample_bytree": -0.5165677058034431, "log10_eta": -3.174653584718071, "log10_lambda": -4.024659678038575, "log10_min_child_weight": 2.903206372599603, "log10_subsample": -0.2694684156032523, "max_depth": 5.0, "num_boost_round": 17.0}, "datetime": {"datetime": "2024-01-19 00:58:31", "elapsed": 2819.497546, "delta": 0.002836}}
{"target": -13.758404805646467, "params": {"gamma": 40.545737215671565, "log10_alpha": -0.5298085679333724, "log10_colsample_bytree": -0.5165677058034431, "log10_eta": -3.174653584718071, "log10_lambda": -4.024659678038575, "log10_min_child_weight": 2.903206372599603, "log10_subsample": -0.2694684156032523, "max_depth": 5.0, "num_boost_round": 18.0}, "datetime": {"datetime": "2024-01-19 00:58:31", "elapsed": 2819.500393, "delta": 0.002847}}
{"target": -13.758373573535303, "params": {"gamma": 40.545737215671565, "log10_alpha": -0.5298085679333724, "log10_colsample_bytree": -0.5165677058034431, "log10_eta": -3.174653584718071, "log10_lambda": -4.024659678038575, "log10_min_child_weight": 2.903206372599603, "log10_subsample": -0.2694684156032523, "max_depth": 5.0, "num_boost_round": 19.0}, "datetime": {"datetime": "2024-01-19 00:58:31", "elapsed": 2819.50314, "delta": 0.002747}}
{"target": -13.758353481555044, "params": {"gamma": 40.545737215671565, "log10_alpha": -0.5298085679333724, "log10_colsample_bytree": -0.5165677058034431, "log10_eta": -3.174653584718071, "log10_lambda": -4.024659678038575, "log10_min_child_weight": 2.903206372599603, "log10_subsample": -0.2694684156032523, "max_depth": 5.0, "num_boost_round": 20.0}, "datetime": {"datetime": "2024-01-19 00:58:31", "elapsed": 2819.505867, "delta": 0.002727}}
{"target": -13.758343991356316, "params": {"gamma": 40.545737215671565, "log10_alpha": -0.5298085679333724, "log10_colsample_bytree": -0.5165677058034431, "log10_eta": -3.174653584718071, "log10_lambda": -4.024659678038575, "log10_min_child_weight": 2.903206372599603, "log10_subsample": -0.2694684156032523, "max_depth": 5.0, "num_boost_round": 21.0}, "datetime": {"datetime": "2024-01-19 00:58:31", "elapsed": 2819.508744, "delta": 0.002877}}
{"target": -13.758349286363984, "params": {"gamma": 40.545737215671565, "log10_alpha": -0.5298085679333724, "log10_colsample_bytree": -0.5165677058034431, "log10_eta": -3.174653584718071, "log10_lambda": -4.024659678038575, "log10_min_child_weight": 2.903206372599603, "log10_subsample": -0.2694684156032523, "max_depth": 5.0, "num_boost_round": 22.0}, "datetime": {"datetime": "2024-01-19 00:58:31", "elapsed": 2819.511509, "delta": 0.002765}}
{"target": -13.758536144401901, "params": {"gamma": 27.642669342674342, "log10_alpha": 0.6884613047714279, "log10_colsample_bytree": -0.1652428947852399, "log10_eta": -3.0257897309527944, "log10_lambda": 0.9657919303629239, "log10_min_child_weight": 0.22317464721450075, "log10_subsample": -0.06788923849304462, "max_depth": 6.0, "num_boost_round": 0.0}, "datetime": {"datetime": "2024-01-19 00:59:00", "elapsed": 2848.710282, "delta": 29.198773}}
{"target": -13.758487685323345, "params": {"gamma": 27.642669342674342, "log10_alpha": 0.6884613047714279, "log10_colsample_bytree": -0.1652428947852399, "log10_eta": -3.0257897309527944, "log10_lambda": 0.9657919303629239, "log10_min_child_weight": 0.22317464721450075, "log10_subsample": -0.06788923849304462, "max_depth": 6.0, "num_boost_round": 1.0}, "datetime": {"datetime": "2024-01-19 00:59:00", "elapsed": 2848.713464, "delta": 0.003182}}
{"target": -13.758468134681031, "params": {"gamma": 27.642669342674342, "log10_alpha": 0.6884613047714279, "log10_colsample_bytree": -0.1652428947852399, "log10_eta": -3.0257897309527944, "log10_lambda": 0.9657919303629239, "log10_min_child_weight": 0.22317464721450075, "log10_subsample": -0.06788923849304462, "max_depth": 6.0, "num_boost_round": 2.0}, "datetime": {"datetime": "2024-01-19 00:59:00", "elapsed": 2848.716357, "delta": 0.002893}}
{"target": -13.75847106294401, "params": {"gamma": 27.642669342674342, "log10_alpha": 0.6884613047714279, "log10_colsample_bytree": -0.1652428947852399, "log10_eta": -3.0257897309527944, "log10_lambda": 0.9657919303629239, "log10_min_child_weight": 0.22317464721450075, "log10_subsample": -0.06788923849304462, "max_depth": 6.0, "num_boost_round": 3.0}, "datetime": {"datetime": "2024-01-19 00:59:00", "elapsed": 2848.719142, "delta": 0.002785}}
{"target": -13.75844205213458, "params": {"gamma": 27.642669342674342, "log10_alpha": 0.6884613047714279, "log10_colsample_bytree": -0.1652428947852399, "log10_eta": -3.0257897309527944, "log10_lambda": 0.9657919303629239, "log10_min_child_weight": 0.22317464721450075, "log10_subsample": -0.06788923849304462, "max_depth": 6.0, "num_boost_round": 4.0}, "datetime": {"datetime": "2024-01-19 00:59:00", "elapsed": 2848.72193, "delta": 0.002788}}
{"target": -13.758419006852591, "params": {"gamma": 27.642669342674342, "log10_alpha": 0.6884613047714279, "log10_colsample_bytree": -0.1652428947852399, "log10_eta": -3.0257897309527944, "log10_lambda": 0.9657919303629239, "log10_min_child_weight": 0.22317464721450075, "log10_subsample": -0.06788923849304462, "max_depth": 6.0, "num_boost_round": 5.0}, "datetime": {"datetime": "2024-01-19 00:59:00", "elapsed": 2848.724665, "delta": 0.002735}}
{"target": -13.758405405748176, "params": {"gamma": 27.642669342674342, "log10_alpha": 0.6884613047714279, "log10_colsample_bytree": -0.1652428947852399, "log10_eta": -3.0257897309527944, "log10_lambda": 0.9657919303629239, "log10_min_child_weight": 0.22317464721450075, "log10_subsample": -0.06788923849304462, "max_depth": 6.0, "num_boost_round": 6.0}, "datetime": {"datetime": "2024-01-19 00:59:00", "elapsed": 2848.727419, "delta": 0.002754}}
{"target": -13.758426969285903, "params": {"gamma": 27.642669342674342, "log10_alpha": 0.6884613047714279, "log10_colsample_bytree": -0.1652428947852399, "log10_eta": -3.0257897309527944, "log10_lambda": 0.9657919303629239, "log10_min_child_weight": 0.22317464721450075, "log10_subsample": -0.06788923849304462, "max_depth": 6.0, "num_boost_round": 7.0}, "datetime": {"datetime": "2024-01-19 00:59:00", "elapsed": 2848.730324, "delta": 0.002905}}
{"target": -13.758409117308867, "params": {"gamma": 27.642669342674342, "log10_alpha": 0.6884613047714279, "log10_colsample_bytree": -0.1652428947852399, "log10_eta": -3.0257897309527944, "log10_lambda": 0.9657919303629239, "log10_min_child_weight": 0.22317464721450075, "log10_subsample": -0.06788923849304462, "max_depth": 6.0, "num_boost_round": 8.0}, "datetime": {"datetime": "2024-01-19 00:59:00", "elapsed": 2848.733109, "delta": 0.002785}}
{"target": -13.758415023694676, "params": {"gamma": 27.642669342674342, "log10_alpha": 0.6884613047714279, "log10_colsample_bytree": -0.1652428947852399, "log10_eta": -3.0257897309527944, "log10_lambda": 0.9657919303629239, "log10_min_child_weight": 0.22317464721450075, "log10_subsample": -0.06788923849304462, "max_depth": 6.0, "num_boost_round": 9.0}, "datetime": {"datetime": "2024-01-19 00:59:00", "elapsed": 2848.735976, "delta": 0.002867}}
{"target": -13.758413820094258, "params": {"gamma": 27.642669342674342, "log10_alpha": 0.6884613047714279, "log10_colsample_bytree": -0.1652428947852399, "log10_eta": -3.0257897309527944, "log10_lambda": 0.9657919303629239, "log10_min_child_weight": 0.22317464721450075, "log10_subsample": -0.06788923849304462, "max_depth": 6.0, "num_boost_round": 10.0}, "datetime": {"datetime": "2024-01-19 00:59:00", "elapsed": 2848.738783, "delta": 0.002807}}
{"target": -13.758367080248732, "params": {"gamma": 27.642669342674342, "log10_alpha": 0.6884613047714279, "log10_colsample_bytree": -0.1652428947852399, "log10_eta": -3.0257897309527944, "log10_lambda": 0.9657919303629239, "log10_min_child_weight": 0.22317464721450075, "log10_subsample": -0.06788923849304462, "max_depth": 6.0, "num_boost_round": 11.0}, "datetime": {"datetime": "2024-01-19 00:59:00", "elapsed": 2848.741535, "delta": 0.002752}}
{"target": -13.758370484525475, "params": {"gamma": 27.642669342674342, "log10_alpha": 0.6884613047714279, "log10_colsample_bytree": -0.1652428947852399, "log10_eta": -3.0257897309527944, "log10_lambda": 0.9657919303629239, "log10_min_child_weight": 0.22317464721450075, "log10_subsample": -0.06788923849304462, "max_depth": 6.0, "num_boost_round": 12.0}, "datetime": {"datetime": "2024-01-19 00:59:00", "elapsed": 2848.744272, "delta": 0.002737}}
{"target": -13.758363701512023, "params": {"gamma": 27.642669342674342, "log10_alpha": 0.6884613047714279, "log10_colsample_bytree": -0.1652428947852399, "log10_eta": -3.0257897309527944, "log10_lambda": 0.9657919303629239, "log10_min_child_weight": 0.22317464721450075, "log10_subsample": -0.06788923849304462, "max_depth": 6.0, "num_boost_round": 13.0}, "datetime": {"datetime": "2024-01-19 00:59:00", "elapsed": 2848.74706, "delta": 0.002788}}
{"target": -13.758344109158738, "params": {"gamma": 27.642669342674342, "log10_alpha": 0.6884613047714279, "log10_colsample_bytree": -0.1652428947852399, "log10_eta": -3.0257897309527944, "log10_lambda": 0.9657919303629239, "log10_min_child_weight": 0.22317464721450075, "log10_subsample": -0.06788923849304462, "max_depth": 6.0, "num_boost_round": 14.0}, "datetime": {"datetime": "2024-01-19 00:59:00", "elapsed": 2848.749942, "delta": 0.002882}}
{"target": -13.75833668738877, "params": {"gamma": 27.642669342674342, "log10_alpha": 0.6884613047714279, "log10_colsample_bytree": -0.1652428947852399, "log10_eta": -3.0257897309527944, "log10_lambda": 0.9657919303629239, "log10_min_child_weight": 0.22317464721450075, "log10_subsample": -0.06788923849304462, "max_depth": 6.0, "num_boost_round": 15.0}, "datetime": {"datetime": "2024-01-19 00:59:00", "elapsed": 2848.752778, "delta": 0.002836}}
{"target": -13.758318046833155, "params": {"gamma": 27.642669342674342, "log10_alpha": 0.6884613047714279, "log10_colsample_bytree": -0.1652428947852399, "log10_eta": -3.0257897309527944, "log10_lambda": 0.9657919303629239, "log10_min_child_weight": 0.22317464721450075, "log10_subsample": -0.06788923849304462, "max_depth": 6.0, "num_boost_round": 16.0}, "datetime": {"datetime": "2024-01-19 00:59:00", "elapsed": 2848.755609, "delta": 0.002831}}
{"target": -13.758315302817142, "params": {"gamma": 27.642669342674342, "log10_alpha": 0.6884613047714279, "log10_colsample_bytree": -0.1652428947852399, "log10_eta": -3.0257897309527944, "log10_lambda": 0.9657919303629239, "log10_min_child_weight": 0.22317464721450075, "log10_subsample": -0.06788923849304462, "max_depth": 6.0, "num_boost_round": 17.0}, "datetime": {"datetime": "2024-01-19 00:59:00", "elapsed": 2848.758373, "delta": 0.002764}}
{"target": -13.75833763824686, "params": {"gamma": 27.642669342674342, "log10_alpha": 0.6884613047714279, "log10_colsample_bytree": -0.1652428947852399, "log10_eta": -3.0257897309527944, "log10_lambda": 0.9657919303629239, "log10_min_child_weight": 0.22317464721450075, "log10_subsample": -0.06788923849304462, "max_depth": 6.0, "num_boost_round": 18.0}, "datetime": {"datetime": "2024-01-19 00:59:00", "elapsed": 2848.761111, "delta": 0.002738}}
{"target": -13.758337859609332, "params": {"gamma": 27.642669342674342, "log10_alpha": 0.6884613047714279, "log10_colsample_bytree": -0.1652428947852399, "log10_eta": -3.0257897309527944, "log10_lambda": 0.9657919303629239, "log10_min_child_weight": 0.22317464721450075, "log10_subsample": -0.06788923849304462, "max_depth": 6.0, "num_boost_round": 19.0}, "datetime": {"datetime": "2024-01-19 00:59:00", "elapsed": 2848.763871, "delta": 0.00276}}
{"target": -13.75853756318163, "params": {"gamma": 45.66450152092727, "log10_alpha": -1.2068077519145266, "log10_colsample_bytree": -0.5579422911262529, "log10_eta": -3.8531064741730776, "log10_lambda": 0.1697733759494735, "log10_min_child_weight": 3.40299851854158, "log10_subsample": -0.21221148773726972, "max_depth": 9.0, "num_boost_round": 0.0}, "datetime": {"datetime": "2024-01-19 00:59:33", "elapsed": 2881.530999, "delta": 32.767128}}
{"target": -13.758530308781872, "params": {"gamma": 45.66450152092727, "log10_alpha": -1.2068077519145266, "log10_colsample_bytree": -0.5579422911262529, "log10_eta": -3.8531064741730776, "log10_lambda": 0.1697733759494735, "log10_min_child_weight": 3.40299851854158, "log10_subsample": -0.21221148773726972, "max_depth": 9.0, "num_boost_round": 1.0}, "datetime": {"datetime": "2024-01-19 00:59:33", "elapsed": 2881.534126, "delta": 0.003127}}
{"target": -13.758528195423397, "params": {"gamma": 45.66450152092727, "log10_alpha": -1.2068077519145266, "log10_colsample_bytree": -0.5579422911262529, "log10_eta": -3.8531064741730776, "log10_lambda": 0.1697733759494735, "log10_min_child_weight": 3.40299851854158, "log10_subsample": -0.21221148773726972, "max_depth": 9.0, "num_boost_round": 2.0}, "datetime": {"datetime": "2024-01-19 00:59:33", "elapsed": 2881.53706, "delta": 0.002934}}
{"target": -13.75852776940632, "params": {"gamma": 45.66450152092727, "log10_alpha": -1.2068077519145266, "log10_colsample_bytree": -0.5579422911262529, "log10_eta": -3.8531064741730776, "log10_lambda": 0.1697733759494735, "log10_min_child_weight": 3.40299851854158, "log10_subsample": -0.21221148773726972, "max_depth": 9.0, "num_boost_round": 3.0}, "datetime": {"datetime": "2024-01-19 00:59:33", "elapsed": 2881.539894, "delta": 0.002834}}
{"target": -13.758521985767215, "params": {"gamma": 45.66450152092727, "log10_alpha": -1.2068077519145266, "log10_colsample_bytree": -0.5579422911262529, "log10_eta": -3.8531064741730776, "log10_lambda": 0.1697733759494735, "log10_min_child_weight": 3.40299851854158, "log10_subsample": -0.21221148773726972, "max_depth": 9.0, "num_boost_round": 4.0}, "datetime": {"datetime": "2024-01-19 00:59:33", "elapsed": 2881.54265, "delta": 0.002756}}
{"target": -13.75851925407849, "params": {"gamma": 45.66450152092727, "log10_alpha": -1.2068077519145266, "log10_colsample_bytree": -0.5579422911262529, "log10_eta": -3.8531064741730776, "log10_lambda": 0.1697733759494735, "log10_min_child_weight": 3.40299851854158, "log10_subsample": -0.21221148773726972, "max_depth": 9.0, "num_boost_round": 5.0}, "datetime": {"datetime": "2024-01-19 00:59:33", "elapsed": 2881.545435, "delta": 0.002785}}
{"target": -13.758520246399813, "params": {"gamma": 45.66450152092727, "log10_alpha": -1.2068077519145266, "log10_colsample_bytree": -0.5579422911262529, "log10_eta": -3.8531064741730776, "log10_lambda": 0.1697733759494735, "log10_min_child_weight": 3.40299851854158, "log10_subsample": -0.21221148773726972, "max_depth": 9.0, "num_boost_round": 6.0}, "datetime": {"datetime": "2024-01-19 00:59:33", "elapsed": 2881.548331, "delta": 0.002896}}
{"target": -13.758518038036527, "params": {"gamma": 45.66450152092727, "log10_alpha": -1.2068077519145266, "log10_colsample_bytree": -0.5579422911262529, "log10_eta": -3.8531064741730776, "log10_lambda": 0.1697733759494735, "log10_min_child_weight": 3.40299851854158, "log10_subsample": -0.21221148773726972, "max_depth": 9.0, "num_boost_round": 7.0}, "datetime": {"datetime": "2024-01-19 00:59:33", "elapsed": 2881.55109, "delta": 0.002759}}
