{"target": -17.67723057370431, "params": {"gamma": 45.256679908457166, "log10_alpha": -2.783031508926302, "log10_colsample_bytree": -0.6445055424932747, "log10_eta": -3.9711672722595415, "log10_lambda": -1.9513755952053975, "log10_min_child_weight": 4.81146370739962, "log10_subsample": -0.9394856011512345, "max_depth": 8.0, "num_boost_round": 8.0}, "datetime": {"datetime": "2024-01-19 00:59:16", "elapsed": 2909.946351, "delta": 0.00287}}
{"target": -17.677230757394163, "params": {"gamma": 45.256679908457166, "log10_alpha": -2.783031508926302, "log10_colsample_bytree": -0.6445055424932747, "log10_eta": -3.9711672722595415, "log10_lambda": -1.9513755952053975, "log10_min_child_weight": 4.81146370739962, "log10_subsample": -0.9394856011512345, "max_depth": 8.0, "num_boost_round": 9.0}, "datetime": {"datetime": "2024-01-19 00:59:16", "elapsed": 2909.949097, "delta": 0.002746}}
{"target": -17.677230084953827, "params": {"gamma": 45.256679908457166, "log10_alpha": -2.783031508926302, "log10_colsample_bytree": -0.6445055424932747, "log10_eta": -3.9711672722595415, "log10_lambda": -1.9513755952053975, "log10_min_child_weight": 4.81146370739962, "log10_subsample": -0.9394856011512345, "max_depth": 8.0, "num_boost_round": 10.0}, "datetime": {"datetime": "2024-01-19 00:59:16", "elapsed": 2909.951975, "delta": 0.002878}}
{"target": -17.677230298994886, "params": {"gamma": 45.256679908457166, "log10_alpha": -2.783031508926302, "log10_colsample_bytree": -0.6445055424932747, "log10_eta": -3.9711672722595415, "log10_lambda": -1.9513755952053975, "log10_min_child_weight": 4.81146370739962, "log10_subsample": -0.9394856011512345, "max_depth": 8.0, "num_boost_round": 11.0}, "datetime": {"datetime": "2024-01-19 00:59:16", "elapsed": 2909.954842, "delta": 0.002867}}
{"target": -17.67722948754388, "params": {"gamma": 45.256679908457166, "log10_alpha": -2.783031508926302, "log10_colsample_bytree": -0.6445055424932747, "log10_eta": -3.9711672722595415, "log10_lambda": -1.9513755952053975, "log10_min_child_weight": 4.81146370739962, "log10_subsample": -0.9394856011512345, "max_depth": 8.0, "num_boost_round": 12.0}, "datetime": {"datetime": "2024-01-19 00:59:16", "elapsed": 2909.95772, "delta": 0.002878}}
{"target": -17.677229447382054, "params": {"gamma": 45.256679908457166, "log10_alpha": -2.783031508926302, "log10_colsample_bytree": -0.6445055424932747, "log10_eta": -3.9711672722595415, "log10_lambda": -1.9513755952053975, "log10_min_child_weight": 4.81146370739962, "log10_subsample": -0.9394856011512345, "max_depth": 8.0, "num_boost_round": 13.0}, "datetime": {"datetime": "2024-01-19 00:59:16", "elapsed": 2909.960492, "delta": 0.002772}}
{"target": -17.677229433633304, "params": {"gamma": 45.256679908457166, "log10_alpha": -2.783031508926302, "log10_colsample_bytree": -0.6445055424932747, "log10_eta": -3.9711672722595415, "log10_lambda": -1.9513755952053975, "log10_min_child_weight": 4.81146370739962, "log10_subsample": -0.9394856011512345, "max_depth": 8.0, "num_boost_round": 14.0}, "datetime": {"datetime": "2024-01-19 00:59:16", "elapsed": 2909.963269, "delta": 0.002777}}
{"target": -17.677229028864048, "params": {"gamma": 45.256679908457166, "log10_alpha": -2.783031508926302, "log10_colsample_bytree": -0.6445055424932747, "log10_eta": -3.9711672722595415, "log10_lambda": -1.9513755952053975, "log10_min_child_weight": 4.81146370739962, "log10_subsample": -0.9394856011512345, "max_depth": 8.0, "num_boost_round": 15.0}, "datetime": {"datetime": "2024-01-19 00:59:16", "elapsed": 2909.966263, "delta": 0.002994}}
{"target": -17.677228530280427, "params": {"gamma": 45.256679908457166, "log10_alpha": -2.783031508926302, "log10_colsample_bytree": -0.6445055424932747, "log10_eta": -3.9711672722595415, "log10_lambda": -1.9513755952053975, "log10_min_child_weight": 4.81146370739962, "log10_subsample": -0.9394856011512345, "max_depth": 8.0, "num_boost_round": 16.0}, "datetime": {"datetime": "2024-01-19 00:59:16", "elapsed": 2909.969236, "delta": 0.002973}}
{"target": -17.677228392037257, "params": {"gamma": 45.256679908457166, "log10_alpha": -2.783031508926302, "log10_colsample_bytree": -0.6445055424932747, "log10_eta": -3.9711672722595415, "log10_lambda": -1.9513755952053975, "log10_min_child_weight": 4.81146370739962, "log10_subsample": -0.9394856011512345, "max_depth": 8.0, "num_boost_round": 17.0}, "datetime": {"datetime": "2024-01-19 00:59:16", "elapsed": 2909.972223, "delta": 0.002987}}
{"target": -17.67722735608089, "params": {"gamma": 45.256679908457166, "log10_alpha": -2.783031508926302, "log10_colsample_bytree": -0.6445055424932747, "log10_eta": -3.9711672722595415, "log10_lambda": -1.9513755952053975, "log10_min_child_weight": 4.81146370739962, "log10_subsample": -0.9394856011512345, "max_depth": 8.0, "num_boost_round": 18.0}, "datetime": {"datetime": "2024-01-19 00:59:16", "elapsed": 2909.975082, "delta": 0.002859}}
{"target": -17.67722606488953, "params": {"gamma": 45.256679908457166, "log10_alpha": -2.783031508926302, "log10_colsample_bytree": -0.6445055424932747, "log10_eta": -3.9711672722595415, "log10_lambda": -1.9513755952053975, "log10_min_child_weight": 4.81146370739962, "log10_subsample": -0.9394856011512345, "max_depth": 8.0, "num_boost_round": 19.0}, "datetime": {"datetime": "2024-01-19 00:59:16", "elapsed": 2909.977858, "delta": 0.002776}}
{"target": -17.677225718738924, "params": {"gamma": 45.256679908457166, "log10_alpha": -2.783031508926302, "log10_colsample_bytree": -0.6445055424932747, "log10_eta": -3.9711672722595415, "log10_lambda": -1.9513755952053975, "log10_min_child_weight": 4.81146370739962, "log10_subsample": -0.9394856011512345, "max_depth": 8.0, "num_boost_round": 20.0}, "datetime": {"datetime": "2024-01-19 00:59:16", "elapsed": 2909.980721, "delta": 0.002863}}
{"target": -17.677224437830944, "params": {"gamma": 45.256679908457166, "log10_alpha": -2.783031508926302, "log10_colsample_bytree": -0.6445055424932747, "log10_eta": -3.9711672722595415, "log10_lambda": -1.9513755952053975, "log10_min_child_weight": 4.81146370739962, "log10_subsample": -0.9394856011512345, "max_depth": 8.0, "num_boost_round": 21.0}, "datetime": {"datetime": "2024-01-19 00:59:16", "elapsed": 2909.983533, "delta": 0.002812}}
{"target": -17.677223089976916, "params": {"gamma": 45.256679908457166, "log10_alpha": -2.783031508926302, "log10_colsample_bytree": -0.6445055424932747, "log10_eta": -3.9711672722595415, "log10_lambda": -1.9513755952053975, "log10_min_child_weight": 4.81146370739962, "log10_subsample": -0.9394856011512345, "max_depth": 8.0, "num_boost_round": 22.0}, "datetime": {"datetime": "2024-01-19 00:59:16", "elapsed": 2909.986351, "delta": 0.002818}}
{"target": -17.67722200411593, "params": {"gamma": 45.256679908457166, "log10_alpha": -2.783031508926302, "log10_colsample_bytree": -0.6445055424932747, "log10_eta": -3.9711672722595415, "log10_lambda": -1.9513755952053975, "log10_min_child_weight": 4.81146370739962, "log10_subsample": -0.9394856011512345, "max_depth": 8.0, "num_boost_round": 23.0}, "datetime": {"datetime": "2024-01-19 00:59:16", "elapsed": 2909.989062, "delta": 0.002711}}
{"target": -17.677222016360297, "params": {"gamma": 45.256679908457166, "log10_alpha": -2.783031508926302, "log10_colsample_bytree": -0.6445055424932747, "log10_eta": -3.9711672722595415, "log10_lambda": -1.9513755952053975, "log10_min_child_weight": 4.81146370739962, "log10_subsample": -0.9394856011512345, "max_depth": 8.0, "num_boost_round": 24.0}, "datetime": {"datetime": "2024-01-19 00:59:16", "elapsed": 2909.991912, "delta": 0.00285}}
{"target": -17.67722144398141, "params": {"gamma": 45.256679908457166, "log10_alpha": -2.783031508926302, "log10_colsample_bytree": -0.6445055424932747, "log10_eta": -3.9711672722595415, "log10_lambda": -1.9513755952053975, "log10_min_child_weight": 4.81146370739962, "log10_subsample": -0.9394856011512345, "max_depth": 8.0, "num_boost_round": 25.0}, "datetime": {"datetime": "2024-01-19 00:59:16", "elapsed": 2909.994723, "delta": 0.002811}}
{"target": -17.677221416251044, "params": {"gamma": 45.256679908457166, "log10_alpha": -2.783031508926302, "log10_colsample_bytree": -0.6445055424932747, "log10_eta": -3.9711672722595415, "log10_lambda": -1.9513755952053975, "log10_min_child_weight": 4.81146370739962, "log10_subsample": -0.9394856011512345, "max_depth": 8.0, "num_boost_round": 26.0}, "datetime": {"datetime": "2024-01-19 00:59:16", "elapsed": 2909.997504, "delta": 0.002781}}
{"target": -17.677220651593558, "params": {"gamma": 45.256679908457166, "log10_alpha": -2.783031508926302, "log10_colsample_bytree": -0.6445055424932747, "log10_eta": -3.9711672722595415, "log10_lambda": -1.9513755952053975, "log10_min_child_weight": 4.81146370739962, "log10_subsample": -0.9394856011512345, "max_depth": 8.0, "num_boost_round": 27.0}, "datetime": {"datetime": "2024-01-19 00:59:16", "elapsed": 2910.000293, "delta": 0.002789}}
{"target": -17.677220292345698, "params": {"gamma": 45.256679908457166, "log10_alpha": -2.783031508926302, "log10_colsample_bytree": -0.6445055424932747, "log10_eta": -3.9711672722595415, "log10_lambda": -1.9513755952053975, "log10_min_child_weight": 4.81146370739962, "log10_subsample": -0.9394856011512345, "max_depth": 8.0, "num_boost_round": 28.0}, "datetime": {"datetime": "2024-01-19 00:59:16", "elapsed": 2910.003117, "delta": 0.002824}}
{"target": -17.67721908042555, "params": {"gamma": 45.256679908457166, "log10_alpha": -2.783031508926302, "log10_colsample_bytree": -0.6445055424932747, "log10_eta": -3.9711672722595415, "log10_lambda": -1.9513755952053975, "log10_min_child_weight": 4.81146370739962, "log10_subsample": -0.9394856011512345, "max_depth": 8.0, "num_boost_round": 29.0}, "datetime": {"datetime": "2024-01-19 00:59:16", "elapsed": 2910.006017, "delta": 0.0029}}
{"target": -17.677218370646138, "params": {"gamma": 45.256679908457166, "log10_alpha": -2.783031508926302, "log10_colsample_bytree": -0.6445055424932747, "log10_eta": -3.9711672722595415, "log10_lambda": -1.9513755952053975, "log10_min_child_weight": 4.81146370739962, "log10_subsample": -0.9394856011512345, "max_depth": 8.0, "num_boost_round": 30.0}, "datetime": {"datetime": "2024-01-19 00:59:16", "elapsed": 2910.008627, "delta": 0.00261}}
{"target": -17.677218622764727, "params": {"gamma": 45.256679908457166, "log10_alpha": -2.783031508926302, "log10_colsample_bytree": -0.6445055424932747, "log10_eta": -3.9711672722595415, "log10_lambda": -1.9513755952053975, "log10_min_child_weight": 4.81146370739962, "log10_subsample": -0.9394856011512345, "max_depth": 8.0, "num_boost_round": 31.0}, "datetime": {"datetime": "2024-01-19 00:59:16", "elapsed": 2910.011529, "delta": 0.002902}}
{"target": -17.677218147191486, "params": {"gamma": 45.256679908457166, "log10_alpha": -2.783031508926302, "log10_colsample_bytree": -0.6445055424932747, "log10_eta": -3.9711672722595415, "log10_lambda": -1.9513755952053975, "log10_min_child_weight": 4.81146370739962, "log10_subsample": -0.9394856011512345, "max_depth": 8.0, "num_boost_round": 32.0}, "datetime": {"datetime": "2024-01-19 00:59:16", "elapsed": 2910.014439, "delta": 0.00291}}
{"target": -17.67721773922957, "params": {"gamma": 45.256679908457166, "log10_alpha": -2.783031508926302, "log10_colsample_bytree": -0.6445055424932747, "log10_eta": -3.9711672722595415, "log10_lambda": -1.9513755952053975, "log10_min_child_weight": 4.81146370739962, "log10_subsample": -0.9394856011512345, "max_depth": 8.0, "num_boost_round": 33.0}, "datetime": {"datetime": "2024-01-19 00:59:16", "elapsed": 2910.017462, "delta": 0.003023}}
{"target": -17.67735015403205, "params": {"gamma": 48.46899694133211, "log10_alpha": 0.8938099263031676, "log10_colsample_bytree": -0.1826217058000309, "log10_eta": -2.487396794871521, "log10_lambda": -3.287127622747572, "log10_min_child_weight": 2.2459683609052195, "log10_subsample": -0.6730266314926409, "max_depth": 9.0, "num_boost_round": 0.0}, "datetime": {"datetime": "2024-01-19 01:00:22", "elapsed": 2976.330822, "delta": 66.31336}}
{"target": -17.677328710313006, "params": {"gamma": 48.46899694133211, "log10_alpha": 0.8938099263031676, "log10_colsample_bytree": -0.1826217058000309, "log10_eta": -2.487396794871521, "log10_lambda": -3.287127622747572, "log10_min_child_weight": 2.2459683609052195, "log10_subsample": -0.6730266314926409, "max_depth": 9.0, "num_boost_round": 1.0}, "datetime": {"datetime": "2024-01-19 01:00:22", "elapsed": 2976.334355, "delta": 0.003533}}
{"target": -17.67712881442883, "params": {"gamma": 48.46899694133211, "log10_alpha": 0.8938099263031676, "log10_colsample_bytree": -0.1826217058000309, "log10_eta": -2.487396794871521, "log10_lambda": -3.287127622747572, "log10_min_child_weight": 2.2459683609052195, "log10_subsample": -0.6730266314926409, "max_depth": 9.0, "num_boost_round": 2.0}, "datetime": {"datetime": "2024-01-19 01:00:22", "elapsed": 2976.337348, "delta": 0.002993}}
{"target": -17.676862341571415, "params": {"gamma": 48.46899694133211, "log10_alpha": 0.8938099263031676, "log10_colsample_bytree": -0.1826217058000309, "log10_eta": -2.487396794871521, "log10_lambda": -3.287127622747572, "log10_min_child_weight": 2.2459683609052195, "log10_subsample": -0.6730266314926409, "max_depth": 9.0, "num_boost_round": 3.0}, "datetime": {"datetime": "2024-01-19 01:00:22", "elapsed": 2976.34006, "delta": 0.002712}}
{"target": -17.676652707127776, "params": {"gamma": 48.46899694133211, "log10_alpha": 0.8938099263031676, "log10_colsample_bytree": -0.1826217058000309, "log10_eta": -2.487396794871521, "log10_lambda": -3.287127622747572, "log10_min_child_weight": 2.2459683609052195, "log10_subsample": -0.6730266314926409, "max_depth": 9.0, "num_boost_round": 4.0}, "datetime": {"datetime": "2024-01-19 01:00:22", "elapsed": 2976.343006, "delta": 0.002946}}
{"target": -17.67644118922781, "params": {"gamma": 48.46899694133211, "log10_alpha": 0.8938099263031676, "log10_colsample_bytree": -0.1826217058000309, "log10_eta": -2.487396794871521, "log10_lambda": -3.287127622747572, "log10_min_child_weight": 2.2459683609052195, "log10_subsample": -0.6730266314926409, "max_depth": 9.0, "num_boost_round": 5.0}, "datetime": {"datetime": "2024-01-19 01:00:22", "elapsed": 2976.346035, "delta": 0.003029}}
{"target": -17.676266761370133, "params": {"gamma": 48.46899694133211, "log10_alpha": 0.8938099263031676, "log10_colsample_bytree": -0.1826217058000309, "log10_eta": -2.487396794871521, "log10_lambda": -3.287127622747572, "log10_min_child_weight": 2.2459683609052195, "log10_subsample": -0.6730266314926409, "max_depth": 9.0, "num_boost_round": 6.0}, "datetime": {"datetime": "2024-01-19 01:00:22", "elapsed": 2976.348791, "delta": 0.002756}}
{"target": -17.676025303108595, "params": {"gamma": 48.46899694133211, "log10_alpha": 0.8938099263031676, "log10_colsample_bytree": -0.1826217058000309, "log10_eta": -2.487396794871521, "log10_lambda": -3.287127622747572, "log10_min_child_weight": 2.2459683609052195, "log10_subsample": -0.6730266314926409, "max_depth": 9.0, "num_boost_round": 7.0}, "datetime": {"datetime": "2024-01-19 01:00:22", "elapsed": 2976.45137, "delta": 0.102579}}
{"target": -17.676065356066363, "params": {"gamma": 48.46899694133211, "log10_alpha": 0.8938099263031676, "log10_colsample_bytree": -0.1826217058000309, "log10_eta": -2.487396794871521, "log10_lambda": -3.287127622747572, "log10_min_child_weight": 2.2459683609052195, "log10_subsample": -0.6730266314926409, "max_depth": 9.0, "num_boost_round": 8.0}, "datetime": {"datetime": "2024-01-19 01:00:22", "elapsed": 2976.455076, "delta": 0.003706}}
{"target": -17.6759390765111, "params": {"gamma": 48.46899694133211, "log10_alpha": 0.8938099263031676, "log10_colsample_bytree": -0.1826217058000309, "log10_eta": -2.487396794871521, "log10_lambda": -3.287127622747572, "log10_min_child_weight": 2.2459683609052195, "log10_subsample": -0.6730266314926409, "max_depth": 9.0, "num_boost_round": 9.0}, "datetime": {"datetime": "2024-01-19 01:00:22", "elapsed": 2976.458535, "delta": 0.003459}}
{"target": -17.675880095080817, "params": {"gamma": 48.46899694133211, "log10_alpha": 0.8938099263031676, "log10_colsample_bytree": -0.1826217058000309, "log10_eta": -2.487396794871521, "log10_lambda": -3.287127622747572, "log10_min_child_weight": 2.2459683609052195, "log10_subsample": -0.6730266314926409, "max_depth": 9.0, "num_boost_round": 10.0}, "datetime": {"datetime": "2024-01-19 01:00:22", "elapsed": 2976.46188, "delta": 0.003345}}
{"target": -17.67575700666912, "params": {"gamma": 48.46899694133211, "log10_alpha": 0.8938099263031676, "log10_colsample_bytree": -0.1826217058000309, "log10_eta": -2.487396794871521, "log10_lambda": -3.287127622747572, "log10_min_child_weight": 2.2459683609052195, "log10_subsample": -0.6730266314926409, "max_depth": 9.0, "num_boost_round": 11.0}, "datetime": {"datetime": "2024-01-19 01:00:22", "elapsed": 2976.465094, "delta": 0.003214}}
{"target": -17.675772743727244, "params": {"gamma": 48.46899694133211, "log10_alpha": 0.8938099263031676, "log10_colsample_bytree": -0.1826217058000309, "log10_eta": -2.487396794871521, "log10_lambda": -3.287127622747572, "log10_min_child_weight": 2.2459683609052195, "log10_subsample": -0.6730266314926409, "max_depth": 9.0, "num_boost_round": 12.0}, "datetime": {"datetime": "2024-01-19 01:00:22", "elapsed": 2976.468487, "delta": 0.003393}}
{"target": -17.67571294362208, "params": {"gamma": 48.46899694133211, "log10_alpha": 0.8938099263031676, "log10_colsample_bytree": -0.1826217058000309, "log10_eta": -2.487396794871521, "log10_lambda": -3.287127622747572, "log10_min_child_weight": 2.2459683609052195, "log10_subsample": -0.6730266314926409, "max_depth": 9.0, "num_boost_round": 13.0}, "datetime": {"datetime": "2024-01-19 01:00:22", "elapsed": 2976.471821, "delta": 0.003334}}
{"target": -17.675760678195548, "params": {"gamma": 48.46899694133211, "log10_alpha": 0.8938099263031676, "log10_colsample_bytree": -0.1826217058000309, "log10_eta": -2.487396794871521, "log10_lambda": -3.287127622747572, "log10_min_child_weight": 2.2459683609052195, "log10_subsample": -0.6730266314926409, "max_depth": 9.0, "num_boost_round": 14.0}, "datetime": {"datetime": "2024-01-19 01:00:22", "elapsed": 2976.475005, "delta": 0.003184}}
{"target": -17.675542024065567, "params": {"gamma": 48.46899694133211, "log10_alpha": 0.8938099263031676, "log10_colsample_bytree": -0.1826217058000309, "log10_eta": -2.487396794871521, "log10_lambda": -3.287127622747572, "log10_min_child_weight": 2.2459683609052195, "log10_subsample": -0.6730266314926409, "max_depth": 9.0, "num_boost_round": 15.0}, "datetime": {"datetime": "2024-01-19 01:00:22", "elapsed": 2976.478135, "delta": 0.00313}}
{"target": -17.67553038114871, "params": {"gamma": 48.46899694133211, "log10_alpha": 0.8938099263031676, "log10_colsample_bytree": -0.1826217058000309, "log10_eta": -2.487396794871521, "log10_lambda": -3.287127622747572, "log10_min_child_weight": 2.2459683609052195, "log10_subsample": -0.6730266314926409, "max_depth": 9.0, "num_boost_round": 16.0}, "datetime": {"datetime": "2024-01-19 01:00:22", "elapsed": 2976.481235, "delta": 0.0031}}
{"target": -17.675399146263622, "params": {"gamma": 48.46899694133211, "log10_alpha": 0.8938099263031676, "log10_colsample_bytree": -0.1826217058000309, "log10_eta": -2.487396794871521, "log10_lambda": -3.287127622747572, "log10_min_child_weight": 2.2459683609052195, "log10_subsample": -0.6730266314926409, "max_depth": 9.0, "num_boost_round": 17.0}, "datetime": {"datetime": "2024-01-19 01:00:22", "elapsed": 2976.484408, "delta": 0.003173}}
{"target": -17.67555449560534, "params": {"gamma": 48.46899694133211, "log10_alpha": 0.8938099263031676, "log10_colsample_bytree": -0.1826217058000309, "log10_eta": -2.487396794871521, "log10_lambda": -3.287127622747572, "log10_min_child_weight": 2.2459683609052195, "log10_subsample": -0.6730266314926409, "max_depth": 9.0, "num_boost_round": 18.0}, "datetime": {"datetime": "2024-01-19 01:00:22", "elapsed": 2976.487635, "delta": 0.003227}}
{"target": -17.675587152981347, "params": {"gamma": 48.46899694133211, "log10_alpha": 0.8938099263031676, "log10_colsample_bytree": -0.1826217058000309, "log10_eta": -2.487396794871521, "log10_lambda": -3.287127622747572, "log10_min_child_weight": 2.2459683609052195, "log10_subsample": -0.6730266314926409, "max_depth": 9.0, "num_boost_round": 19.0}, "datetime": {"datetime": "2024-01-19 01:00:22", "elapsed": 2976.490881, "delta": 0.003246}}
{"target": -17.67545734873094, "params": {"gamma": 48.46899694133211, "log10_alpha": 0.8938099263031676, "log10_colsample_bytree": -0.1826217058000309, "log10_eta": -2.487396794871521, "log10_lambda": -3.287127622747572, "log10_min_child_weight": 2.2459683609052195, "log10_subsample": -0.6730266314926409, "max_depth": 9.0, "num_boost_round": 20.0}, "datetime": {"datetime": "2024-01-19 01:00:22", "elapsed": 2976.494114, "delta": 0.003233}}
{"target": -17.675301027345707, "params": {"gamma": 48.46899694133211, "log10_alpha": 0.8938099263031676, "log10_colsample_bytree": -0.1826217058000309, "log10_eta": -2.487396794871521, "log10_lambda": -3.287127622747572, "log10_min_child_weight": 2.2459683609052195, "log10_subsample": -0.6730266314926409, "max_depth": 9.0, "num_boost_round": 21.0}, "datetime": {"datetime": "2024-01-19 01:00:22", "elapsed": 2976.497366, "delta": 0.003252}}
{"target": -17.674875207544407, "params": {"gamma": 48.46899694133211, "log10_alpha": 0.8938099263031676, "log10_colsample_bytree": -0.1826217058000309, "log10_eta": -2.487396794871521, "log10_lambda": -3.287127622747572, "log10_min_child_weight": 2.2459683609052195, "log10_subsample": -0.6730266314926409, "max_depth": 9.0, "num_boost_round": 22.0}, "datetime": {"datetime": "2024-01-19 01:00:22", "elapsed": 2976.500489, "delta": 0.003123}}
