{"target": -17.677074193849474, "params": {"gamma": 11.857830981144456, "log10_alpha": -3.914907927698125, "log10_colsample_bytree": -0.9744013834375077, "log10_eta": -2.8817516334955107, "log10_lambda": -0.999403899466806, "log10_min_child_weight": 4.582686702504806, "log10_subsample": -0.7234997454352615, "max_depth": 8.0, "num_boost_round": 19.0}, "datetime": {"datetime": "2024-01-19 00:12:23", "elapsed": 96.687775, "delta": 0.00024}}
{"target": -17.677069500590733, "params": {"gamma": 11.857830981144456, "log10_alpha": -3.914907927698125, "log10_colsample_bytree": -0.9744013834375077, "log10_eta": -2.8817516334955107, "log10_lambda": -0.999403899466806, "log10_min_child_weight": 4.582686702504806, "log10_subsample": -0.7234997454352615, "max_depth": 8.0, "num_boost_round": 20.0}, "datetime": {"datetime": "2024-01-19 00:12:23", "elapsed": 96.688012, "delta": 0.000237}}
{"target": -17.67705975357304, "params": {"gamma": 11.857830981144456, "log10_alpha": -3.914907927698125, "log10_colsample_bytree": -0.9744013834375077, "log10_eta": -2.8817516334955107, "log10_lambda": -0.999403899466806, "log10_min_child_weight": 4.582686702504806, "log10_subsample": -0.7234997454352615, "max_depth": 8.0, "num_boost_round": 21.0}, "datetime": {"datetime": "2024-01-19 00:12:23", "elapsed": 96.688252, "delta": 0.00024}}
{"target": -17.677042109956297, "params": {"gamma": 11.857830981144456, "log10_alpha": -3.914907927698125, "log10_colsample_bytree": -0.9744013834375077, "log10_eta": -2.8817516334955107, "log10_lambda": -0.999403899466806, "log10_min_child_weight": 4.582686702504806, "log10_subsample": -0.7234997454352615, "max_depth": 8.0, "num_boost_round": 22.0}, "datetime": {"datetime": "2024-01-19 00:12:23", "elapsed": 96.688497, "delta": 0.000245}}
{"target": -17.677029943153688, "params": {"gamma": 11.857830981144456, "log10_alpha": -3.914907927698125, "log10_colsample_bytree": -0.9744013834375077, "log10_eta": -2.8817516334955107, "log10_lambda": -0.999403899466806, "log10_min_child_weight": 4.582686702504806, "log10_subsample": -0.7234997454352615, "max_depth": 8.0, "num_boost_round": 23.0}, "datetime": {"datetime": "2024-01-19 00:12:23", "elapsed": 96.68874, "delta": 0.000243}}
{"target": -17.675838844270938, "params": {"gamma": 10.693471769644415, "log10_alpha": 0.6852083546077843, "log10_colsample_bytree": -0.1839043754408537, "log10_eta": -1.6848745361823263, "log10_lambda": -1.8092674181795574, "log10_min_child_weight": 1.3531454194132246, "log10_subsample": -0.8798630492304079, "max_depth": 6.0, "num_boost_round": 0.0}, "datetime": {"datetime": "2024-01-19 00:12:51", "elapsed": 125.266127, "delta": 28.577387}}
{"target": -17.67667521153001, "params": {"gamma": 10.693471769644415, "log10_alpha": 0.6852083546077843, "log10_colsample_bytree": -0.1839043754408537, "log10_eta": -1.6848745361823263, "log10_lambda": -1.8092674181795574, "log10_min_child_weight": 1.3531454194132246, "log10_subsample": -0.8798630492304079, "max_depth": 6.0, "num_boost_round": 1.0}, "datetime": {"datetime": "2024-01-19 00:12:51", "elapsed": 125.267575, "delta": 0.001448}}
{"target": -17.676215749548163, "params": {"gamma": 10.693471769644415, "log10_alpha": 0.6852083546077843, "log10_colsample_bytree": -0.1839043754408537, "log10_eta": -1.6848745361823263, "log10_lambda": -1.8092674181795574, "log10_min_child_weight": 1.3531454194132246, "log10_subsample": -0.8798630492304079, "max_depth": 6.0, "num_boost_round": 2.0}, "datetime": {"datetime": "2024-01-19 00:12:51", "elapsed": 125.267864, "delta": 0.000289}}
{"target": -17.67538770245074, "params": {"gamma": 10.693471769644415, "log10_alpha": 0.6852083546077843, "log10_colsample_bytree": -0.1839043754408537, "log10_eta": -1.6848745361823263, "log10_lambda": -1.8092674181795574, "log10_min_child_weight": 1.3531454194132246, "log10_subsample": -0.8798630492304079, "max_depth": 6.0, "num_boost_round": 3.0}, "datetime": {"datetime": "2024-01-19 00:12:51", "elapsed": 125.268126, "delta": 0.000262}}
{"target": -17.674385529779162, "params": {"gamma": 10.693471769644415, "log10_alpha": 0.6852083546077843, "log10_colsample_bytree": -0.1839043754408537, "log10_eta": -1.6848745361823263, "log10_lambda": -1.8092674181795574, "log10_min_child_weight": 1.3531454194132246, "log10_subsample": -0.8798630492304079, "max_depth": 6.0, "num_boost_round": 4.0}, "datetime": {"datetime": "2024-01-19 00:12:51", "elapsed": 125.268402, "delta": 0.000276}}
{"target": -17.673497229698462, "params": {"gamma": 10.693471769644415, "log10_alpha": 0.6852083546077843, "log10_colsample_bytree": -0.1839043754408537, "log10_eta": -1.6848745361823263, "log10_lambda": -1.8092674181795574, "log10_min_child_weight": 1.3531454194132246, "log10_subsample": -0.8798630492304079, "max_depth": 6.0, "num_boost_round": 5.0}, "datetime": {"datetime": "2024-01-19 00:12:51", "elapsed": 125.268665, "delta": 0.000263}}
{"target": -17.67280351966793, "params": {"gamma": 10.693471769644415, "log10_alpha": 0.6852083546077843, "log10_colsample_bytree": -0.1839043754408537, "log10_eta": -1.6848745361823263, "log10_lambda": -1.8092674181795574, "log10_min_child_weight": 1.3531454194132246, "log10_subsample": -0.8798630492304079, "max_depth": 6.0, "num_boost_round": 6.0}, "datetime": {"datetime": "2024-01-19 00:12:51", "elapsed": 125.268932, "delta": 0.000267}}
{"target": -17.672698844859717, "params": {"gamma": 10.693471769644415, "log10_alpha": 0.6852083546077843, "log10_colsample_bytree": -0.1839043754408537, "log10_eta": -1.6848745361823263, "log10_lambda": -1.8092674181795574, "log10_min_child_weight": 1.3531454194132246, "log10_subsample": -0.8798630492304079, "max_depth": 6.0, "num_boost_round": 7.0}, "datetime": {"datetime": "2024-01-19 00:12:51", "elapsed": 125.269237, "delta": 0.000305}}
{"target": -17.672691231651907, "params": {"gamma": 10.693471769644415, "log10_alpha": 0.6852083546077843, "log10_colsample_bytree": -0.1839043754408537, "log10_eta": -1.6848745361823263, "log10_lambda": -1.8092674181795574, "log10_min_child_weight": 1.3531454194132246, "log10_subsample": -0.8798630492304079, "max_depth": 6.0, "num_boost_round": 8.0}, "datetime": {"datetime": "2024-01-19 00:12:51", "elapsed": 125.269509, "delta": 0.000272}}
{"target": -17.671546389211578, "params": {"gamma": 10.693471769644415, "log10_alpha": 0.6852083546077843, "log10_colsample_bytree": -0.1839043754408537, "log10_eta": -1.6848745361823263, "log10_lambda": -1.8092674181795574, "log10_min_child_weight": 1.3531454194132246, "log10_subsample": -0.8798630492304079, "max_depth": 6.0, "num_boost_round": 9.0}, "datetime": {"datetime": "2024-01-19 00:12:51", "elapsed": 125.269782, "delta": 0.000273}}
{"target": -17.671493876164543, "params": {"gamma": 10.693471769644415, "log10_alpha": 0.6852083546077843, "log10_colsample_bytree": -0.1839043754408537, "log10_eta": -1.6848745361823263, "log10_lambda": -1.8092674181795574, "log10_min_child_weight": 1.3531454194132246, "log10_subsample": -0.8798630492304079, "max_depth": 6.0, "num_boost_round": 10.0}, "datetime": {"datetime": "2024-01-19 00:12:51", "elapsed": 125.270038, "delta": 0.000256}}
{"target": -17.673360112513237, "params": {"gamma": 10.693471769644415, "log10_alpha": 0.6852083546077843, "log10_colsample_bytree": -0.1839043754408537, "log10_eta": -1.6848745361823263, "log10_lambda": -1.8092674181795574, "log10_min_child_weight": 1.3531454194132246, "log10_subsample": -0.8798630492304079, "max_depth": 6.0, "num_boost_round": 11.0}, "datetime": {"datetime": "2024-01-19 00:12:51", "elapsed": 125.270299, "delta": 0.000261}}
{"target": -17.673602428350588, "params": {"gamma": 10.693471769644415, "log10_alpha": 0.6852083546077843, "log10_colsample_bytree": -0.1839043754408537, "log10_eta": -1.6848745361823263, "log10_lambda": -1.8092674181795574, "log10_min_child_weight": 1.3531454194132246, "log10_subsample": -0.8798630492304079, "max_depth": 6.0, "num_boost_round": 12.0}, "datetime": {"datetime": "2024-01-19 00:12:51", "elapsed": 125.270572, "delta": 0.000273}}
{"target": -17.674080800561867, "params": {"gamma": 10.693471769644415, "log10_alpha": 0.6852083546077843, "log10_colsample_bytree": -0.1839043754408537, "log10_eta": -1.6848745361823263, "log10_lambda": -1.8092674181795574, "log10_min_child_weight": 1.3531454194132246, "log10_subsample": -0.8798630492304079, "max_depth": 6.0, "num_boost_round": 13.0}, "datetime": {"datetime": "2024-01-19 00:12:51", "elapsed": 125.270839, "delta": 0.000267}}
{"target": -17.67419179273406, "params": {"gamma": 10.693471769644415, "log10_alpha": 0.6852083546077843, "log10_colsample_bytree": -0.1839043754408537, "log10_eta": -1.6848745361823263, "log10_lambda": -1.8092674181795574, "log10_min_child_weight": 1.3531454194132246, "log10_subsample": -0.8798630492304079, "max_depth": 6.0, "num_boost_round": 14.0}, "datetime": {"datetime": "2024-01-19 00:12:51", "elapsed": 125.271099, "delta": 0.00026}}
{"target": -17.674565984178525, "params": {"gamma": 10.693471769644415, "log10_alpha": 0.6852083546077843, "log10_colsample_bytree": -0.1839043754408537, "log10_eta": -1.6848745361823263, "log10_lambda": -1.8092674181795574, "log10_min_child_weight": 1.3531454194132246, "log10_subsample": -0.8798630492304079, "max_depth": 6.0, "num_boost_round": 15.0}, "datetime": {"datetime": "2024-01-19 00:12:51", "elapsed": 125.271417, "delta": 0.000318}}
{"target": -17.67393087443884, "params": {"gamma": 10.693471769644415, "log10_alpha": 0.6852083546077843, "log10_colsample_bytree": -0.1839043754408537, "log10_eta": -1.6848745361823263, "log10_lambda": -1.8092674181795574, "log10_min_child_weight": 1.3531454194132246, "log10_subsample": -0.8798630492304079, "max_depth": 6.0, "num_boost_round": 16.0}, "datetime": {"datetime": "2024-01-19 00:12:51", "elapsed": 125.271689, "delta": 0.000272}}
{"target": -17.67475865985344, "params": {"gamma": 10.693471769644415, "log10_alpha": 0.6852083546077843, "log10_colsample_bytree": -0.1839043754408537, "log10_eta": -1.6848745361823263, "log10_lambda": -1.8092674181795574, "log10_min_child_weight": 1.3531454194132246, "log10_subsample": -0.8798630492304079, "max_depth": 6.0, "num_boost_round": 17.0}, "datetime": {"datetime": "2024-01-19 00:12:51", "elapsed": 125.271959, "delta": 0.00027}}
{"target": -17.67516421315982, "params": {"gamma": 10.693471769644415, "log10_alpha": 0.6852083546077843, "log10_colsample_bytree": -0.1839043754408537, "log10_eta": -1.6848745361823263, "log10_lambda": -1.8092674181795574, "log10_min_child_weight": 1.3531454194132246, "log10_subsample": -0.8798630492304079, "max_depth": 6.0, "num_boost_round": 18.0}, "datetime": {"datetime": "2024-01-19 00:12:51", "elapsed": 125.272223, "delta": 0.000264}}
{"target": -17.675591261686233, "params": {"gamma": 10.693471769644415, "log10_alpha": 0.6852083546077843, "log10_colsample_bytree": -0.1839043754408537, "log10_eta": -1.6848745361823263, "log10_lambda": -1.8092674181795574, "log10_min_child_weight": 1.3531454194132246, "log10_subsample": -0.8798630492304079, "max_depth": 6.0, "num_boost_round": 19.0}, "datetime": {"datetime": "2024-01-19 00:12:51", "elapsed": 125.272492, "delta": 0.000269}}
{"target": -17.67627361076373, "params": {"gamma": 10.693471769644415, "log10_alpha": 0.6852083546077843, "log10_colsample_bytree": -0.1839043754408537, "log10_eta": -1.6848745361823263, "log10_lambda": -1.8092674181795574, "log10_min_child_weight": 1.3531454194132246, "log10_subsample": -0.8798630492304079, "max_depth": 6.0, "num_boost_round": 20.0}, "datetime": {"datetime": "2024-01-19 00:12:51", "elapsed": 125.272761, "delta": 0.000269}}
{"target": -17.677224647177848, "params": {"gamma": 6.34515702970273, "log10_alpha": -2.561138370957358, "log10_colsample_bytree": -0.6954123869713462, "log10_eta": -3.681607828808041, "log10_lambda": -0.9766999320946184, "log10_min_child_weight": 0.126681180540959, "log10_subsample": -0.4836255989300844, "max_depth": 8.0, "num_boost_round": 0.0}, "datetime": {"datetime": "2024-01-19 00:13:23", "elapsed": 157.250815, "delta": 31.978054}}
{"target": -17.67720975346113, "params": {"gamma": 6.34515702970273, "log10_alpha": -2.561138370957358, "log10_colsample_bytree": -0.6954123869713462, "log10_eta": -3.681607828808041, "log10_lambda": -0.9766999320946184, "log10_min_child_weight": 0.126681180540959, "log10_subsample": -0.4836255989300844, "max_depth": 8.0, "num_boost_round": 1.0}, "datetime": {"datetime": "2024-01-19 00:13:23", "elapsed": 157.252977, "delta": 0.002162}}
{"target": -17.677176258256207, "params": {"gamma": 6.34515702970273, "log10_alpha": -2.561138370957358, "log10_colsample_bytree": -0.6954123869713462, "log10_eta": -3.681607828808041, "log10_lambda": -0.9766999320946184, "log10_min_child_weight": 0.126681180540959, "log10_subsample": -0.4836255989300844, "max_depth": 8.0, "num_boost_round": 2.0}, "datetime": {"datetime": "2024-01-19 00:13:23", "elapsed": 157.253323, "delta": 0.000346}}
{"target": -17.67717274261633, "params": {"gamma": 6.34515702970273, "log10_alpha": -2.561138370957358, "log10_colsample_bytree": -0.6954123869713462, "log10_eta": -3.681607828808041, "log10_lambda": -0.9766999320946184, "log10_min_child_weight": 0.126681180540959, "log10_subsample": -0.4836255989300844, "max_depth": 8.0, "num_boost_round": 3.0}, "datetime": {"datetime": "2024-01-19 00:13:23", "elapsed": 157.253634, "delta": 0.000311}}
{"target": -17.67716227700357, "params": {"gamma": 6.34515702970273, "log10_alpha": -2.561138370957358, "log10_colsample_bytree": -0.6954123869713462, "log10_eta": -3.681607828808041, "log10_lambda": -0.9766999320946184, "log10_min_child_weight": 0.126681180540959, "log10_subsample": -0.4836255989300844, "max_depth": 8.0, "num_boost_round": 4.0}, "datetime": {"datetime": "2024-01-19 00:13:23", "elapsed": 157.25392, "delta": 0.000286}}
{"target": -17.677150733133594, "params": {"gamma": 6.34515702970273, "log10_alpha": -2.561138370957358, "log10_colsample_bytree": -0.6954123869713462, "log10_eta": -3.681607828808041, "log10_lambda": -0.9766999320946184, "log10_min_child_weight": 0.126681180540959, "log10_subsample": -0.4836255989300844, "max_depth": 8.0, "num_boost_round": 5.0}, "datetime": {"datetime": "2024-01-19 00:13:23", "elapsed": 157.254198, "delta": 0.000278}}
{"target": -17.677152538221854, "params": {"gamma": 6.34515702970273, "log10_alpha": -2.561138370957358, "log10_colsample_bytree": -0.6954123869713462, "log10_eta": -3.681607828808041, "log10_lambda": -0.9766999320946184, "log10_min_child_weight": 0.126681180540959, "log10_subsample": -0.4836255989300844, "max_depth": 8.0, "num_boost_round": 6.0}, "datetime": {"datetime": "2024-01-19 00:13:23", "elapsed": 157.254483, "delta": 0.000285}}
{"target": -17.67714155644206, "params": {"gamma": 6.34515702970273, "log10_alpha": -2.561138370957358, "log10_colsample_bytree": -0.6954123869713462, "log10_eta": -3.681607828808041, "log10_lambda": -0.9766999320946184, "log10_min_child_weight": 0.126681180540959, "log10_subsample": -0.4836255989300844, "max_depth": 8.0, "num_boost_round": 7.0}, "datetime": {"datetime": "2024-01-19 00:13:23", "elapsed": 157.254763, "delta": 0.00028}}
{"target": -17.677136727393915, "params": {"gamma": 6.34515702970273, "log10_alpha": -2.561138370957358, "log10_colsample_bytree": -0.6954123869713462, "log10_eta": -3.681607828808041, "log10_lambda": -0.9766999320946184, "log10_min_child_weight": 0.126681180540959, "log10_subsample": -0.4836255989300844, "max_depth": 8.0, "num_boost_round": 8.0}, "datetime": {"datetime": "2024-01-19 00:13:23", "elapsed": 157.255183, "delta": 0.00042}}
{"target": -17.677134673768986, "params": {"gamma": 6.34515702970273, "log10_alpha": -2.561138370957358, "log10_colsample_bytree": -0.6954123869713462, "log10_eta": -3.681607828808041, "log10_lambda": -0.9766999320946184, "log10_min_child_weight": 0.126681180540959, "log10_subsample": -0.4836255989300844, "max_depth": 8.0, "num_boost_round": 9.0}, "datetime": {"datetime": "2024-01-19 00:13:23", "elapsed": 157.255475, "delta": 0.000292}}
{"target": -17.67711208273618, "params": {"gamma": 6.34515702970273, "log10_alpha": -2.561138370957358, "log10_colsample_bytree": -0.6954123869713462, "log10_eta": -3.681607828808041, "log10_lambda": -0.9766999320946184, "log10_min_child_weight": 0.126681180540959, "log10_subsample": -0.4836255989300844, "max_depth": 8.0, "num_boost_round": 10.0}, "datetime": {"datetime": "2024-01-19 00:13:23", "elapsed": 157.255774, "delta": 0.000299}}
{"target": -17.677106921861245, "params": {"gamma": 6.34515702970273, "log10_alpha": -2.561138370957358, "log10_colsample_bytree": -0.6954123869713462, "log10_eta": -3.681607828808041, "log10_lambda": -0.9766999320946184, "log10_min_child_weight": 0.126681180540959, "log10_subsample": -0.4836255989300844, "max_depth": 8.0, "num_boost_round": 11.0}, "datetime": {"datetime": "2024-01-19 00:13:23", "elapsed": 157.25606, "delta": 0.000286}}
{"target": -17.677080090846488, "params": {"gamma": 6.34515702970273, "log10_alpha": -2.561138370957358, "log10_colsample_bytree": -0.6954123869713462, "log10_eta": -3.681607828808041, "log10_lambda": -0.9766999320946184, "log10_min_child_weight": 0.126681180540959, "log10_subsample": -0.4836255989300844, "max_depth": 8.0, "num_boost_round": 12.0}, "datetime": {"datetime": "2024-01-19 00:13:23", "elapsed": 157.256342, "delta": 0.000282}}
{"target": -17.67706313315529, "params": {"gamma": 6.34515702970273, "log10_alpha": -2.561138370957358, "log10_colsample_bytree": -0.6954123869713462, "log10_eta": -3.681607828808041, "log10_lambda": -0.9766999320946184, "log10_min_child_weight": 0.126681180540959, "log10_subsample": -0.4836255989300844, "max_depth": 8.0, "num_boost_round": 13.0}, "datetime": {"datetime": "2024-01-19 00:13:23", "elapsed": 157.256635, "delta": 0.000293}}
{"target": -17.677079703653124, "params": {"gamma": 6.34515702970273, "log10_alpha": -2.561138370957358, "log10_colsample_bytree": -0.6954123869713462, "log10_eta": -3.681607828808041, "log10_lambda": -0.9766999320946184, "log10_min_child_weight": 0.126681180540959, "log10_subsample": -0.4836255989300844, "max_depth": 8.0, "num_boost_round": 14.0}, "datetime": {"datetime": "2024-01-19 00:13:23", "elapsed": 157.256922, "delta": 0.000287}}
{"target": -17.67706683535046, "params": {"gamma": 6.34515702970273, "log10_alpha": -2.561138370957358, "log10_colsample_bytree": -0.6954123869713462, "log10_eta": -3.681607828808041, "log10_lambda": -0.9766999320946184, "log10_min_child_weight": 0.126681180540959, "log10_subsample": -0.4836255989300844, "max_depth": 8.0, "num_boost_round": 15.0}, "datetime": {"datetime": "2024-01-19 00:13:23", "elapsed": 157.257207, "delta": 0.000285}}
{"target": -17.677070882298032, "params": {"gamma": 6.34515702970273, "log10_alpha": -2.561138370957358, "log10_colsample_bytree": -0.6954123869713462, "log10_eta": -3.681607828808041, "log10_lambda": -0.9766999320946184, "log10_min_child_weight": 0.126681180540959, "log10_subsample": -0.4836255989300844, "max_depth": 8.0, "num_boost_round": 16.0}, "datetime": {"datetime": "2024-01-19 00:13:23", "elapsed": 157.257498, "delta": 0.000291}}
{"target": -17.677062070020174, "params": {"gamma": 6.34515702970273, "log10_alpha": -2.561138370957358, "log10_colsample_bytree": -0.6954123869713462, "log10_eta": -3.681607828808041, "log10_lambda": -0.9766999320946184, "log10_min_child_weight": 0.126681180540959, "log10_subsample": -0.4836255989300844, "max_depth": 8.0, "num_boost_round": 17.0}, "datetime": {"datetime": "2024-01-19 00:13:23", "elapsed": 157.257793, "delta": 0.000295}}
{"target": -17.67705407912393, "params": {"gamma": 6.34515702970273, "log10_alpha": -2.561138370957358, "log10_colsample_bytree": -0.6954123869713462, "log10_eta": -3.681607828808041, "log10_lambda": -0.9766999320946184, "log10_min_child_weight": 0.126681180540959, "log10_subsample": -0.4836255989300844, "max_depth": 8.0, "num_boost_round": 18.0}, "datetime": {"datetime": "2024-01-19 00:13:23", "elapsed": 157.258081, "delta": 0.000288}}
{"target": -17.677042444458316, "params": {"gamma": 6.34515702970273, "log10_alpha": -2.561138370957358, "log10_colsample_bytree": -0.6954123869713462, "log10_eta": -3.681607828808041, "log10_lambda": -0.9766999320946184, "log10_min_child_weight": 0.126681180540959, "log10_subsample": -0.4836255989300844, "max_depth": 8.0, "num_boost_round": 19.0}, "datetime": {"datetime": "2024-01-19 00:13:23", "elapsed": 157.258369, "delta": 0.000288}}
{"target": -17.677020018593307, "params": {"gamma": 6.34515702970273, "log10_alpha": -2.561138370957358, "log10_colsample_bytree": -0.6954123869713462, "log10_eta": -3.681607828808041, "log10_lambda": -0.9766999320946184, "log10_min_child_weight": 0.126681180540959, "log10_subsample": -0.4836255989300844, "max_depth": 8.0, "num_boost_round": 20.0}, "datetime": {"datetime": "2024-01-19 00:13:23", "elapsed": 157.258676, "delta": 0.000307}}
{"target": -17.67701232202785, "params": {"gamma": 6.34515702970273, "log10_alpha": -2.561138370957358, "log10_colsample_bytree": -0.6954123869713462, "log10_eta": -3.681607828808041, "log10_lambda": -0.9766999320946184, "log10_min_child_weight": 0.126681180540959, "log10_subsample": -0.4836255989300844, "max_depth": 8.0, "num_boost_round": 21.0}, "datetime": {"datetime": "2024-01-19 00:13:23", "elapsed": 157.258971, "delta": 0.000295}}
{"target": -17.67698743841408, "params": {"gamma": 6.34515702970273, "log10_alpha": -2.561138370957358, "log10_colsample_bytree": -0.6954123869713462, "log10_eta": -3.681607828808041, "log10_lambda": -0.9766999320946184, "log10_min_child_weight": 0.126681180540959, "log10_subsample": -0.4836255989300844, "max_depth": 8.0, "num_boost_round": 22.0}, "datetime": {"datetime": "2024-01-19 00:13:23", "elapsed": 157.259268, "delta": 0.000297}}
