{"target": -13.758526185254432, "params": {"gamma": 598.333758963503, "log10_alpha": -3.1132300492087825, "log10_colsample_bytree": -0.7892663685562911, "log10_eta": -3.023427322623512, "log10_lambda": -3.5164929949074875, "log10_min_child_weight": 0.3531099258857806, "log10_subsample": -0.9390509333439494, "max_depth": 3.0, "num_boost_round": 0.0}, "datetime": {"datetime": "2024-01-19 00:56:29", "elapsed": 2641.639205, "delta": 42.211393}}
{"target": -13.758517114647717, "params": {"gamma": 598.333758963503, "log10_alpha": -3.1132300492087825, "log10_colsample_bytree": -0.7892663685562911, "log10_eta": -3.023427322623512, "log10_lambda": -3.5164929949074875, "log10_min_child_weight": 0.3531099258857806, "log10_subsample": -0.9390509333439494, "max_depth": 3.0, "num_boost_round": 1.0}, "datetime": {"datetime": "2024-01-19 00:56:29", "elapsed": 2641.642926, "delta": 0.003721}}
{"target": -13.75850763027416, "params": {"gamma": 598.333758963503, "log10_alpha": -3.1132300492087825, "log10_colsample_bytree": -0.7892663685562911, "log10_eta": -3.023427322623512, "log10_lambda": -3.5164929949074875, "log10_min_child_weight": 0.3531099258857806, "log10_subsample": -0.9390509333439494, "max_depth": 3.0, "num_boost_round": 2.0}, "datetime": {"datetime": "2024-01-19 00:56:29", "elapsed": 2641.646174, "delta": 0.003248}}
{"target": -13.758498548421668, "params": {"gamma": 598.333758963503, "log10_alpha": -3.1132300492087825, "log10_colsample_bytree": -0.7892663685562911, "log10_eta": -3.023427322623512, "log10_lambda": -3.5164929949074875, "log10_min_child_weight": 0.3531099258857806, "log10_subsample": -0.9390509333439494, "max_depth": 3.0, "num_boost_round": 3.0}, "datetime": {"datetime": "2024-01-19 00:56:29", "elapsed": 2641.649442, "delta": 0.003268}}
{"target": -13.758490459575114, "params": {"gamma": 598.333758963503, "log10_alpha": -3.1132300492087825, "log10_colsample_bytree": -0.7892663685562911, "log10_eta": -3.023427322623512, "log10_lambda": -3.5164929949074875, "log10_min_child_weight": 0.3531099258857806, "log10_subsample": -0.9390509333439494, "max_depth": 3.0, "num_boost_round": 4.0}, "datetime": {"datetime": "2024-01-19 00:56:29", "elapsed": 2641.652873, "delta": 0.003431}}
{"target": -13.758476657926533, "params": {"gamma": 598.333758963503, "log10_alpha": -3.1132300492087825, "log10_colsample_bytree": -0.7892663685562911, "log10_eta": -3.023427322623512, "log10_lambda": -3.5164929949074875, "log10_min_child_weight": 0.3531099258857806, "log10_subsample": -0.9390509333439494, "max_depth": 3.0, "num_boost_round": 5.0}, "datetime": {"datetime": "2024-01-19 00:56:29", "elapsed": 2641.655994, "delta": 0.003121}}
{"target": -13.758465313426335, "params": {"gamma": 598.333758963503, "log10_alpha": -3.1132300492087825, "log10_colsample_bytree": -0.7892663685562911, "log10_eta": -3.023427322623512, "log10_lambda": -3.5164929949074875, "log10_min_child_weight": 0.3531099258857806, "log10_subsample": -0.9390509333439494, "max_depth": 3.0, "num_boost_round": 6.0}, "datetime": {"datetime": "2024-01-19 00:56:29", "elapsed": 2641.659169, "delta": 0.003175}}
{"target": -13.758446016863187, "params": {"gamma": 598.333758963503, "log10_alpha": -3.1132300492087825, "log10_colsample_bytree": -0.7892663685562911, "log10_eta": -3.023427322623512, "log10_lambda": -3.5164929949074875, "log10_min_child_weight": 0.3531099258857806, "log10_subsample": -0.9390509333439494, "max_depth": 3.0, "num_boost_round": 7.0}, "datetime": {"datetime": "2024-01-19 00:56:29", "elapsed": 2641.662333, "delta": 0.003164}}
{"target": -13.758455901467455, "params": {"gamma": 598.333758963503, "log10_alpha": -3.1132300492087825, "log10_colsample_bytree": -0.7892663685562911, "log10_eta": -3.023427322623512, "log10_lambda": -3.5164929949074875, "log10_min_child_weight": 0.3531099258857806, "log10_subsample": -0.9390509333439494, "max_depth": 3.0, "num_boost_round": 8.0}, "datetime": {"datetime": "2024-01-19 00:56:29", "elapsed": 2641.665514, "delta": 0.003181}}
{"target": -13.758464997017763, "params": {"gamma": 598.333758963503, "log10_alpha": -3.1132300492087825, "log10_colsample_bytree": -0.7892663685562911, "log10_eta": -3.023427322623512, "log10_lambda": -3.5164929949074875, "log10_min_child_weight": 0.3531099258857806, "log10_subsample": -0.9390509333439494, "max_depth": 3.0, "num_boost_round": 9.0}, "datetime": {"datetime": "2024-01-19 00:56:29", "elapsed": 2641.668617, "delta": 0.003103}}
{"target": -13.758455493478523, "params": {"gamma": 598.333758963503, "log10_alpha": -3.1132300492087825, "log10_colsample_bytree": -0.7892663685562911, "log10_eta": -3.023427322623512, "log10_lambda": -3.5164929949074875, "log10_min_child_weight": 0.3531099258857806, "log10_subsample": -0.9390509333439494, "max_depth": 3.0, "num_boost_round": 10.0}, "datetime": {"datetime": "2024-01-19 00:56:29", "elapsed": 2641.777698, "delta": 0.109081}}
{"target": -13.7584394578538, "params": {"gamma": 598.333758963503, "log10_alpha": -3.1132300492087825, "log10_colsample_bytree": -0.7892663685562911, "log10_eta": -3.023427322623512, "log10_lambda": -3.5164929949074875, "log10_min_child_weight": 0.3531099258857806, "log10_subsample": -0.9390509333439494, "max_depth": 3.0, "num_boost_round": 11.0}, "datetime": {"datetime": "2024-01-19 00:56:29", "elapsed": 2641.781738, "delta": 0.00404}}
{"target": -13.758429087588947, "params": {"gamma": 598.333758963503, "log10_alpha": -3.1132300492087825, "log10_colsample_bytree": -0.7892663685562911, "log10_eta": -3.023427322623512, "log10_lambda": -3.5164929949074875, "log10_min_child_weight": 0.3531099258857806, "log10_subsample": -0.9390509333439494, "max_depth": 3.0, "num_boost_round": 12.0}, "datetime": {"datetime": "2024-01-19 00:56:29", "elapsed": 2641.78545, "delta": 0.003712}}
{"target": -13.758413517015935, "params": {"gamma": 598.333758963503, "log10_alpha": -3.1132300492087825, "log10_colsample_bytree": -0.7892663685562911, "log10_eta": -3.023427322623512, "log10_lambda": -3.5164929949074875, "log10_min_child_weight": 0.3531099258857806, "log10_subsample": -0.9390509333439494, "max_depth": 3.0, "num_boost_round": 13.0}, "datetime": {"datetime": "2024-01-19 00:56:29", "elapsed": 2641.788825, "delta": 0.003375}}
{"target": -13.758408134620264, "params": {"gamma": 598.333758963503, "log10_alpha": -3.1132300492087825, "log10_colsample_bytree": -0.7892663685562911, "log10_eta": -3.023427322623512, "log10_lambda": -3.5164929949074875, "log10_min_child_weight": 0.3531099258857806, "log10_subsample": -0.9390509333439494, "max_depth": 3.0, "num_boost_round": 14.0}, "datetime": {"datetime": "2024-01-19 00:56:29", "elapsed": 2641.792283, "delta": 0.003458}}
{"target": -13.758390497138276, "params": {"gamma": 598.333758963503, "log10_alpha": -3.1132300492087825, "log10_colsample_bytree": -0.7892663685562911, "log10_eta": -3.023427322623512, "log10_lambda": -3.5164929949074875, "log10_min_child_weight": 0.3531099258857806, "log10_subsample": -0.9390509333439494, "max_depth": 3.0, "num_boost_round": 15.0}, "datetime": {"datetime": "2024-01-19 00:56:29", "elapsed": 2641.79572, "delta": 0.003437}}
{"target": -13.758386089719062, "params": {"gamma": 598.333758963503, "log10_alpha": -3.1132300492087825, "log10_colsample_bytree": -0.7892663685562911, "log10_eta": -3.023427322623512, "log10_lambda": -3.5164929949074875, "log10_min_child_weight": 0.3531099258857806, "log10_subsample": -0.9390509333439494, "max_depth": 3.0, "num_boost_round": 16.0}, "datetime": {"datetime": "2024-01-19 00:56:29", "elapsed": 2641.799188, "delta": 0.003468}}
{"target": -13.758347803873319, "params": {"gamma": 598.333758963503, "log10_alpha": -3.1132300492087825, "log10_colsample_bytree": -0.7892663685562911, "log10_eta": -3.023427322623512, "log10_lambda": -3.5164929949074875, "log10_min_child_weight": 0.3531099258857806, "log10_subsample": -0.9390509333439494, "max_depth": 3.0, "num_boost_round": 17.0}, "datetime": {"datetime": "2024-01-19 00:56:29", "elapsed": 2641.802625, "delta": 0.003437}}
{"target": -13.75834099640906, "params": {"gamma": 598.333758963503, "log10_alpha": -3.1132300492087825, "log10_colsample_bytree": -0.7892663685562911, "log10_eta": -3.023427322623512, "log10_lambda": -3.5164929949074875, "log10_min_child_weight": 0.3531099258857806, "log10_subsample": -0.9390509333439494, "max_depth": 3.0, "num_boost_round": 18.0}, "datetime": {"datetime": "2024-01-19 00:56:29", "elapsed": 2641.806261, "delta": 0.003636}}
{"target": -13.758536707813937, "params": {"gamma": 558.5769624508067, "log10_alpha": 0.3198372164812442, "log10_colsample_bytree": -0.17860343734666773, "log10_eta": -2.9310327391806723, "log10_lambda": -1.2366963756677305, "log10_min_child_weight": 1.9848326414296513, "log10_subsample": -0.6022671229984968, "max_depth": 2.0, "num_boost_round": 0.0}, "datetime": {"datetime": "2024-01-19 00:57:11", "elapsed": 2684.38807, "delta": 42.581809}}
{"target": -13.758535577412651, "params": {"gamma": 558.5769624508067, "log10_alpha": 0.3198372164812442, "log10_colsample_bytree": -0.17860343734666773, "log10_eta": -2.9310327391806723, "log10_lambda": -1.2366963756677305, "log10_min_child_weight": 1.9848326414296513, "log10_subsample": -0.6022671229984968, "max_depth": 2.0, "num_boost_round": 1.0}, "datetime": {"datetime": "2024-01-19 00:57:11", "elapsed": 2684.391485, "delta": 0.003415}}
{"target": -13.75853319938879, "params": {"gamma": 558.5769624508067, "log10_alpha": 0.3198372164812442, "log10_colsample_bytree": -0.17860343734666773, "log10_eta": -2.9310327391806723, "log10_lambda": -1.2366963756677305, "log10_min_child_weight": 1.9848326414296513, "log10_subsample": -0.6022671229984968, "max_depth": 2.0, "num_boost_round": 2.0}, "datetime": {"datetime": "2024-01-19 00:57:11", "elapsed": 2684.394708, "delta": 0.003223}}
{"target": -13.758524133434596, "params": {"gamma": 558.5769624508067, "log10_alpha": 0.3198372164812442, "log10_colsample_bytree": -0.17860343734666773, "log10_eta": -2.9310327391806723, "log10_lambda": -1.2366963756677305, "log10_min_child_weight": 1.9848326414296513, "log10_subsample": -0.6022671229984968, "max_depth": 2.0, "num_boost_round": 3.0}, "datetime": {"datetime": "2024-01-19 00:57:11", "elapsed": 2684.398198, "delta": 0.00349}}
{"target": -13.758508094360842, "params": {"gamma": 558.5769624508067, "log10_alpha": 0.3198372164812442, "log10_colsample_bytree": -0.17860343734666773, "log10_eta": -2.9310327391806723, "log10_lambda": -1.2366963756677305, "log10_min_child_weight": 1.9848326414296513, "log10_subsample": -0.6022671229984968, "max_depth": 2.0, "num_boost_round": 4.0}, "datetime": {"datetime": "2024-01-19 00:57:11", "elapsed": 2684.402192, "delta": 0.003994}}
{"target": -13.758495822205386, "params": {"gamma": 558.5769624508067, "log10_alpha": 0.3198372164812442, "log10_colsample_bytree": -0.17860343734666773, "log10_eta": -2.9310327391806723, "log10_lambda": -1.2366963756677305, "log10_min_child_weight": 1.9848326414296513, "log10_subsample": -0.6022671229984968, "max_depth": 2.0, "num_boost_round": 5.0}, "datetime": {"datetime": "2024-01-19 00:57:11", "elapsed": 2684.405611, "delta": 0.003419}}
{"target": -13.758492133642951, "params": {"gamma": 558.5769624508067, "log10_alpha": 0.3198372164812442, "log10_colsample_bytree": -0.17860343734666773, "log10_eta": -2.9310327391806723, "log10_lambda": -1.2366963756677305, "log10_min_child_weight": 1.9848326414296513, "log10_subsample": -0.6022671229984968, "max_depth": 2.0, "num_boost_round": 6.0}, "datetime": {"datetime": "2024-01-19 00:57:11", "elapsed": 2684.409299, "delta": 0.003688}}
{"target": -13.758480328714755, "params": {"gamma": 558.5769624508067, "log10_alpha": 0.3198372164812442, "log10_colsample_bytree": -0.17860343734666773, "log10_eta": -2.9310327391806723, "log10_lambda": -1.2366963756677305, "log10_min_child_weight": 1.9848326414296513, "log10_subsample": -0.6022671229984968, "max_depth": 2.0, "num_boost_round": 7.0}, "datetime": {"datetime": "2024-01-19 00:57:11", "elapsed": 2684.412697, "delta": 0.003398}}
{"target": -13.758470212745186, "params": {"gamma": 558.5769624508067, "log10_alpha": 0.3198372164812442, "log10_colsample_bytree": -0.17860343734666773, "log10_eta": -2.9310327391806723, "log10_lambda": -1.2366963756677305, "log10_min_child_weight": 1.9848326414296513, "log10_subsample": -0.6022671229984968, "max_depth": 2.0, "num_boost_round": 8.0}, "datetime": {"datetime": "2024-01-19 00:57:11", "elapsed": 2684.415935, "delta": 0.003238}}
{"target": -13.758464864860718, "params": {"gamma": 558.5769624508067, "log10_alpha": 0.3198372164812442, "log10_colsample_bytree": -0.17860343734666773, "log10_eta": -2.9310327391806723, "log10_lambda": -1.2366963756677305, "log10_min_child_weight": 1.9848326414296513, "log10_subsample": -0.6022671229984968, "max_depth": 2.0, "num_boost_round": 9.0}, "datetime": {"datetime": "2024-01-19 00:57:11", "elapsed": 2684.419117, "delta": 0.003182}}
{"target": -13.758452170229527, "params": {"gamma": 558.5769624508067, "log10_alpha": 0.3198372164812442, "log10_colsample_bytree": -0.17860343734666773, "log10_eta": -2.9310327391806723, "log10_lambda": -1.2366963756677305, "log10_min_child_weight": 1.9848326414296513, "log10_subsample": -0.6022671229984968, "max_depth": 2.0, "num_boost_round": 10.0}, "datetime": {"datetime": "2024-01-19 00:57:11", "elapsed": 2684.422289, "delta": 0.003172}}
{"target": -13.75843415296388, "params": {"gamma": 558.5769624508067, "log10_alpha": 0.3198372164812442, "log10_colsample_bytree": -0.17860343734666773, "log10_eta": -2.9310327391806723, "log10_lambda": -1.2366963756677305, "log10_min_child_weight": 1.9848326414296513, "log10_subsample": -0.6022671229984968, "max_depth": 2.0, "num_boost_round": 11.0}, "datetime": {"datetime": "2024-01-19 00:57:11", "elapsed": 2684.425523, "delta": 0.003234}}
{"target": -13.758423375700072, "params": {"gamma": 558.5769624508067, "log10_alpha": 0.3198372164812442, "log10_colsample_bytree": -0.17860343734666773, "log10_eta": -2.9310327391806723, "log10_lambda": -1.2366963756677305, "log10_min_child_weight": 1.9848326414296513, "log10_subsample": -0.6022671229984968, "max_depth": 2.0, "num_boost_round": 12.0}, "datetime": {"datetime": "2024-01-19 00:57:11", "elapsed": 2684.428779, "delta": 0.003256}}
{"target": -13.758423700415054, "params": {"gamma": 558.5769624508067, "log10_alpha": 0.3198372164812442, "log10_colsample_bytree": -0.17860343734666773, "log10_eta": -2.9310327391806723, "log10_lambda": -1.2366963756677305, "log10_min_child_weight": 1.9848326414296513, "log10_subsample": -0.6022671229984968, "max_depth": 2.0, "num_boost_round": 13.0}, "datetime": {"datetime": "2024-01-19 00:57:11", "elapsed": 2684.431958, "delta": 0.003179}}
{"target": -13.758412322372106, "params": {"gamma": 558.5769624508067, "log10_alpha": 0.3198372164812442, "log10_colsample_bytree": -0.17860343734666773, "log10_eta": -2.9310327391806723, "log10_lambda": -1.2366963756677305, "log10_min_child_weight": 1.9848326414296513, "log10_subsample": -0.6022671229984968, "max_depth": 2.0, "num_boost_round": 14.0}, "datetime": {"datetime": "2024-01-19 00:57:11", "elapsed": 2684.435261, "delta": 0.003303}}
{"target": -13.758399176024396, "params": {"gamma": 558.5769624508067, "log10_alpha": 0.3198372164812442, "log10_colsample_bytree": -0.17860343734666773, "log10_eta": -2.9310327391806723, "log10_lambda": -1.2366963756677305, "log10_min_child_weight": 1.9848326414296513, "log10_subsample": -0.6022671229984968, "max_depth": 2.0, "num_boost_round": 15.0}, "datetime": {"datetime": "2024-01-19 00:57:11", "elapsed": 2684.438469, "delta": 0.003208}}
{"target": -13.758380849967827, "params": {"gamma": 558.5769624508067, "log10_alpha": 0.3198372164812442, "log10_colsample_bytree": -0.17860343734666773, "log10_eta": -2.9310327391806723, "log10_lambda": -1.2366963756677305, "log10_min_child_weight": 1.9848326414296513, "log10_subsample": -0.6022671229984968, "max_depth": 2.0, "num_boost_round": 16.0}, "datetime": {"datetime": "2024-01-19 00:57:11", "elapsed": 2684.441663, "delta": 0.003194}}
{"target": -13.758380798937244, "params": {"gamma": 558.5769624508067, "log10_alpha": 0.3198372164812442, "log10_colsample_bytree": -0.17860343734666773, "log10_eta": -2.9310327391806723, "log10_lambda": -1.2366963756677305, "log10_min_child_weight": 1.9848326414296513, "log10_subsample": -0.6022671229984968, "max_depth": 2.0, "num_boost_round": 17.0}, "datetime": {"datetime": "2024-01-19 00:57:11", "elapsed": 2684.444863, "delta": 0.0032}}
{"target": -13.758376529359309, "params": {"gamma": 558.5769624508067, "log10_alpha": 0.3198372164812442, "log10_colsample_bytree": -0.17860343734666773, "log10_eta": -2.9310327391806723, "log10_lambda": -1.2366963756677305, "log10_min_child_weight": 1.9848326414296513, "log10_subsample": -0.6022671229984968, "max_depth": 2.0, "num_boost_round": 18.0}, "datetime": {"datetime": "2024-01-19 00:57:11", "elapsed": 2684.448029, "delta": 0.003166}}
{"target": -13.758373399274017, "params": {"gamma": 558.5769624508067, "log10_alpha": 0.3198372164812442, "log10_colsample_bytree": -0.17860343734666773, "log10_eta": -2.9310327391806723, "log10_lambda": -1.2366963756677305, "log10_min_child_weight": 1.9848326414296513, "log10_subsample": -0.6022671229984968, "max_depth": 2.0, "num_boost_round": 19.0}, "datetime": {"datetime": "2024-01-19 00:57:11", "elapsed": 2684.451228, "delta": 0.003199}}
{"target": -13.758364468234479, "params": {"gamma": 558.5769624508067, "log10_alpha": 0.3198372164812442, "log10_colsample_bytree": -0.17860343734666773, "log10_eta": -2.9310327391806723, "log10_lambda": -1.2366963756677305, "log10_min_child_weight": 1.9848326414296513, "log10_subsample": -0.6022671229984968, "max_depth": 2.0, "num_boost_round": 20.0}, "datetime": {"datetime": "2024-01-19 00:57:11", "elapsed": 2684.454534, "delta": 0.003306}}
{"target": -13.758360536262579, "params": {"gamma": 558.5769624508067, "log10_alpha": 0.3198372164812442, "log10_colsample_bytree": -0.17860343734666773, "log10_eta": -2.9310327391806723, "log10_lambda": -1.2366963756677305, "log10_min_child_weight": 1.9848326414296513, "log10_subsample": -0.6022671229984968, "max_depth": 2.0, "num_boost_round": 21.0}, "datetime": {"datetime": "2024-01-19 00:57:11", "elapsed": 2684.457748, "delta": 0.003214}}
{"target": -13.758342946713158, "params": {"gamma": 558.5769624508067, "log10_alpha": 0.3198372164812442, "log10_colsample_bytree": -0.17860343734666773, "log10_eta": -2.9310327391806723, "log10_lambda": -1.2366963756677305, "log10_min_child_weight": 1.9848326414296513, "log10_subsample": -0.6022671229984968, "max_depth": 2.0, "num_boost_round": 22.0}, "datetime": {"datetime": "2024-01-19 00:57:11", "elapsed": 2684.460925, "delta": 0.003177}}
{"target": -13.758337166566587, "params": {"gamma": 558.5769624508067, "log10_alpha": 0.3198372164812442, "log10_colsample_bytree": -0.17860343734666773, "log10_eta": -2.9310327391806723, "log10_lambda": -1.2366963756677305, "log10_min_child_weight": 1.9848326414296513, "log10_subsample": -0.6022671229984968, "max_depth": 2.0, "num_boost_round": 23.0}, "datetime": {"datetime": "2024-01-19 00:57:11", "elapsed": 2684.464121, "delta": 0.003196}}
{"target": -13.758333507848107, "params": {"gamma": 558.5769624508067, "log10_alpha": 0.3198372164812442, "log10_colsample_bytree": -0.17860343734666773, "log10_eta": -2.9310327391806723, "log10_lambda": -1.2366963756677305, "log10_min_child_weight": 1.9848326414296513, "log10_subsample": -0.6022671229984968, "max_depth": 2.0, "num_boost_round": 24.0}, "datetime": {"datetime": "2024-01-19 00:57:11", "elapsed": 2684.467307, "delta": 0.003186}}
{"target": -13.758329136520288, "params": {"gamma": 558.5769624508067, "log10_alpha": 0.3198372164812442, "log10_colsample_bytree": -0.17860343734666773, "log10_eta": -2.9310327391806723, "log10_lambda": -1.2366963756677305, "log10_min_child_weight": 1.9848326414296513, "log10_subsample": -0.6022671229984968, "max_depth": 2.0, "num_boost_round": 25.0}, "datetime": {"datetime": "2024-01-19 00:57:11", "elapsed": 2684.470489, "delta": 0.003182}}
{"target": -13.758321944451161, "params": {"gamma": 558.5769624508067, "log10_alpha": 0.3198372164812442, "log10_colsample_bytree": -0.17860343734666773, "log10_eta": -2.9310327391806723, "log10_lambda": -1.2366963756677305, "log10_min_child_weight": 1.9848326414296513, "log10_subsample": -0.6022671229984968, "max_depth": 2.0, "num_boost_round": 26.0}, "datetime": {"datetime": "2024-01-19 00:57:11", "elapsed": 2684.473853, "delta": 0.003364}}
{"target": -13.758332318000363, "params": {"gamma": 558.5769624508067, "log10_alpha": 0.3198372164812442, "log10_colsample_bytree": -0.17860343734666773, "log10_eta": -2.9310327391806723, "log10_lambda": -1.2366963756677305, "log10_min_child_weight": 1.9848326414296513, "log10_subsample": -0.6022671229984968, "max_depth": 2.0, "num_boost_round": 27.0}, "datetime": {"datetime": "2024-01-19 00:57:11", "elapsed": 2684.477065, "delta": 0.003212}}
{"target": -13.758333505674724, "params": {"gamma": 558.5769624508067, "log10_alpha": 0.3198372164812442, "log10_colsample_bytree": -0.17860343734666773, "log10_eta": -2.9310327391806723, "log10_lambda": -1.2366963756677305, "log10_min_child_weight": 1.9848326414296513, "log10_subsample": -0.6022671229984968, "max_depth": 2.0, "num_boost_round": 28.0}, "datetime": {"datetime": "2024-01-19 00:57:11", "elapsed": 2684.480282, "delta": 0.003217}}
{"target": -13.758333466904785, "params": {"gamma": 558.5769624508067, "log10_alpha": 0.3198372164812442, "log10_colsample_bytree": -0.17860343734666773, "log10_eta": -2.9310327391806723, "log10_lambda": -1.2366963756677305, "log10_min_child_weight": 1.9848326414296513, "log10_subsample": -0.6022671229984968, "max_depth": 2.0, "num_boost_round": 29.0}, "datetime": {"datetime": "2024-01-19 00:57:11", "elapsed": 2684.484368, "delta": 0.004086}}
