{"target": -13.758465683820384, "params": {"gamma": 444.04997941022253, "log10_alpha": 0.3675442541106655, "log10_colsample_bytree": -0.776235696721933, "log10_eta": -2.8804012586517156, "log10_lambda": -3.223538956674961, "log10_min_child_weight": 4.531745954807562, "log10_subsample": -0.03570998676927484, "max_depth": 9.0, "num_boost_round": 10.0}, "datetime": {"datetime": "2024-01-19 00:35:57", "elapsed": 1460.761478, "delta": 0.002508}}
{"target": -13.758475594871767, "params": {"gamma": 444.04997941022253, "log10_alpha": 0.3675442541106655, "log10_colsample_bytree": -0.776235696721933, "log10_eta": -2.8804012586517156, "log10_lambda": -3.223538956674961, "log10_min_child_weight": 4.531745954807562, "log10_subsample": -0.03570998676927484, "max_depth": 9.0, "num_boost_round": 11.0}, "datetime": {"datetime": "2024-01-19 00:35:57", "elapsed": 1460.763968, "delta": 0.00249}}
{"target": -13.758484803108455, "params": {"gamma": 444.04997941022253, "log10_alpha": 0.3675442541106655, "log10_colsample_bytree": -0.776235696721933, "log10_eta": -2.8804012586517156, "log10_lambda": -3.223538956674961, "log10_min_child_weight": 4.531745954807562, "log10_subsample": -0.03570998676927484, "max_depth": 9.0, "num_boost_round": 12.0}, "datetime": {"datetime": "2024-01-19 00:35:57", "elapsed": 1460.766478, "delta": 0.00251}}
{"target": -13.75846794574193, "params": {"gamma": 444.04997941022253, "log10_alpha": 0.3675442541106655, "log10_colsample_bytree": -0.776235696721933, "log10_eta": -2.8804012586517156, "log10_lambda": -3.223538956674961, "log10_min_child_weight": 4.531745954807562, "log10_subsample": -0.03570998676927484, "max_depth": 9.0, "num_boost_round": 13.0}, "datetime": {"datetime": "2024-01-19 00:35:57", "elapsed": 1460.769079, "delta": 0.002601}}
{"target": -13.758450339675111, "params": {"gamma": 444.04997941022253, "log10_alpha": 0.3675442541106655, "log10_colsample_bytree": -0.776235696721933, "log10_eta": -2.8804012586517156, "log10_lambda": -3.223538956674961, "log10_min_child_weight": 4.531745954807562, "log10_subsample": -0.03570998676927484, "max_depth": 9.0, "num_boost_round": 14.0}, "datetime": {"datetime": "2024-01-19 00:35:57", "elapsed": 1460.771597, "delta": 0.002518}}
{"target": -13.758440062454692, "params": {"gamma": 444.04997941022253, "log10_alpha": 0.3675442541106655, "log10_colsample_bytree": -0.776235696721933, "log10_eta": -2.8804012586517156, "log10_lambda": -3.223538956674961, "log10_min_child_weight": 4.531745954807562, "log10_subsample": -0.03570998676927484, "max_depth": 9.0, "num_boost_round": 15.0}, "datetime": {"datetime": "2024-01-19 00:35:57", "elapsed": 1460.77857, "delta": 0.006973}}
{"target": -13.758427566115559, "params": {"gamma": 444.04997941022253, "log10_alpha": 0.3675442541106655, "log10_colsample_bytree": -0.776235696721933, "log10_eta": -2.8804012586517156, "log10_lambda": -3.223538956674961, "log10_min_child_weight": 4.531745954807562, "log10_subsample": -0.03570998676927484, "max_depth": 9.0, "num_boost_round": 16.0}, "datetime": {"datetime": "2024-01-19 00:35:57", "elapsed": 1460.781074, "delta": 0.002504}}
{"target": -13.758414583665179, "params": {"gamma": 444.04997941022253, "log10_alpha": 0.3675442541106655, "log10_colsample_bytree": -0.776235696721933, "log10_eta": -2.8804012586517156, "log10_lambda": -3.223538956674961, "log10_min_child_weight": 4.531745954807562, "log10_subsample": -0.03570998676927484, "max_depth": 9.0, "num_boost_round": 17.0}, "datetime": {"datetime": "2024-01-19 00:35:57", "elapsed": 1460.783589, "delta": 0.002515}}
{"target": -13.75841192788525, "params": {"gamma": 444.04997941022253, "log10_alpha": 0.3675442541106655, "log10_colsample_bytree": -0.776235696721933, "log10_eta": -2.8804012586517156, "log10_lambda": -3.223538956674961, "log10_min_child_weight": 4.531745954807562, "log10_subsample": -0.03570998676927484, "max_depth": 9.0, "num_boost_round": 18.0}, "datetime": {"datetime": "2024-01-19 00:35:57", "elapsed": 1460.78611, "delta": 0.002521}}
{"target": -13.758392616004626, "params": {"gamma": 444.04997941022253, "log10_alpha": 0.3675442541106655, "log10_colsample_bytree": -0.776235696721933, "log10_eta": -2.8804012586517156, "log10_lambda": -3.223538956674961, "log10_min_child_weight": 4.531745954807562, "log10_subsample": -0.03570998676927484, "max_depth": 9.0, "num_boost_round": 19.0}, "datetime": {"datetime": "2024-01-19 00:35:57", "elapsed": 1460.788898, "delta": 0.002788}}
{"target": -13.758387495603253, "params": {"gamma": 444.04997941022253, "log10_alpha": 0.3675442541106655, "log10_colsample_bytree": -0.776235696721933, "log10_eta": -2.8804012586517156, "log10_lambda": -3.223538956674961, "log10_min_child_weight": 4.531745954807562, "log10_subsample": -0.03570998676927484, "max_depth": 9.0, "num_boost_round": 20.0}, "datetime": {"datetime": "2024-01-19 00:35:57", "elapsed": 1460.791605, "delta": 0.002707}}
{"target": -13.758375181541942, "params": {"gamma": 444.04997941022253, "log10_alpha": 0.3675442541106655, "log10_colsample_bytree": -0.776235696721933, "log10_eta": -2.8804012586517156, "log10_lambda": -3.223538956674961, "log10_min_child_weight": 4.531745954807562, "log10_subsample": -0.03570998676927484, "max_depth": 9.0, "num_boost_round": 21.0}, "datetime": {"datetime": "2024-01-19 00:35:57", "elapsed": 1460.794263, "delta": 0.002658}}
{"target": -13.758368024335985, "params": {"gamma": 444.04997941022253, "log10_alpha": 0.3675442541106655, "log10_colsample_bytree": -0.776235696721933, "log10_eta": -2.8804012586517156, "log10_lambda": -3.223538956674961, "log10_min_child_weight": 4.531745954807562, "log10_subsample": -0.03570998676927484, "max_depth": 9.0, "num_boost_round": 22.0}, "datetime": {"datetime": "2024-01-19 00:35:57", "elapsed": 1460.797017, "delta": 0.002754}}
{"target": -13.758352915851606, "params": {"gamma": 444.04997941022253, "log10_alpha": 0.3675442541106655, "log10_colsample_bytree": -0.776235696721933, "log10_eta": -2.8804012586517156, "log10_lambda": -3.223538956674961, "log10_min_child_weight": 4.531745954807562, "log10_subsample": -0.03570998676927484, "max_depth": 9.0, "num_boost_round": 23.0}, "datetime": {"datetime": "2024-01-19 00:35:57", "elapsed": 1460.799714, "delta": 0.002697}}
{"target": -13.758532429633126, "params": {"gamma": 422.66175151502506, "log10_alpha": 0.44617932356978157, "log10_colsample_bytree": -1.0, "log10_eta": -2.991302501266521, "log10_lambda": -3.772989396017219, "log10_min_child_weight": 3.7313849139521555, "log10_subsample": -0.1295281177904216, "max_depth": 6.0, "num_boost_round": 0.0}, "datetime": {"datetime": "2024-01-19 00:36:38", "elapsed": 1501.153657, "delta": 40.353943}}
{"target": -13.758532205773719, "params": {"gamma": 422.66175151502506, "log10_alpha": 0.44617932356978157, "log10_colsample_bytree": -1.0, "log10_eta": -2.991302501266521, "log10_lambda": -3.772989396017219, "log10_min_child_weight": 3.7313849139521555, "log10_subsample": -0.1295281177904216, "max_depth": 6.0, "num_boost_round": 1.0}, "datetime": {"datetime": "2024-01-19 00:36:38", "elapsed": 1501.156987, "delta": 0.00333}}
{"target": -13.7585235930262, "params": {"gamma": 422.66175151502506, "log10_alpha": 0.44617932356978157, "log10_colsample_bytree": -1.0, "log10_eta": -2.991302501266521, "log10_lambda": -3.772989396017219, "log10_min_child_weight": 3.7313849139521555, "log10_subsample": -0.1295281177904216, "max_depth": 6.0, "num_boost_round": 2.0}, "datetime": {"datetime": "2024-01-19 00:36:38", "elapsed": 1501.159702, "delta": 0.002715}}
{"target": -13.758516378768645, "params": {"gamma": 422.66175151502506, "log10_alpha": 0.44617932356978157, "log10_colsample_bytree": -1.0, "log10_eta": -2.991302501266521, "log10_lambda": -3.772989396017219, "log10_min_child_weight": 3.7313849139521555, "log10_subsample": -0.1295281177904216, "max_depth": 6.0, "num_boost_round": 3.0}, "datetime": {"datetime": "2024-01-19 00:36:38", "elapsed": 1501.162295, "delta": 0.002593}}
{"target": -13.75850510647772, "params": {"gamma": 422.66175151502506, "log10_alpha": 0.44617932356978157, "log10_colsample_bytree": -1.0, "log10_eta": -2.991302501266521, "log10_lambda": -3.772989396017219, "log10_min_child_weight": 3.7313849139521555, "log10_subsample": -0.1295281177904216, "max_depth": 6.0, "num_boost_round": 4.0}, "datetime": {"datetime": "2024-01-19 00:36:38", "elapsed": 1501.164861, "delta": 0.002566}}
{"target": -13.758497277892623, "params": {"gamma": 422.66175151502506, "log10_alpha": 0.44617932356978157, "log10_colsample_bytree": -1.0, "log10_eta": -2.991302501266521, "log10_lambda": -3.772989396017219, "log10_min_child_weight": 3.7313849139521555, "log10_subsample": -0.1295281177904216, "max_depth": 6.0, "num_boost_round": 5.0}, "datetime": {"datetime": "2024-01-19 00:36:38", "elapsed": 1501.167411, "delta": 0.00255}}
{"target": -13.758500358564051, "params": {"gamma": 422.66175151502506, "log10_alpha": 0.44617932356978157, "log10_colsample_bytree": -1.0, "log10_eta": -2.991302501266521, "log10_lambda": -3.772989396017219, "log10_min_child_weight": 3.7313849139521555, "log10_subsample": -0.1295281177904216, "max_depth": 6.0, "num_boost_round": 6.0}, "datetime": {"datetime": "2024-01-19 00:36:38", "elapsed": 1501.170081, "delta": 0.00267}}
{"target": -13.758476373839308, "params": {"gamma": 422.66175151502506, "log10_alpha": 0.44617932356978157, "log10_colsample_bytree": -1.0, "log10_eta": -2.991302501266521, "log10_lambda": -3.772989396017219, "log10_min_child_weight": 3.7313849139521555, "log10_subsample": -0.1295281177904216, "max_depth": 6.0, "num_boost_round": 7.0}, "datetime": {"datetime": "2024-01-19 00:36:38", "elapsed": 1501.172671, "delta": 0.00259}}
{"target": -13.758445236527539, "params": {"gamma": 422.66175151502506, "log10_alpha": 0.44617932356978157, "log10_colsample_bytree": -1.0, "log10_eta": -2.991302501266521, "log10_lambda": -3.772989396017219, "log10_min_child_weight": 3.7313849139521555, "log10_subsample": -0.1295281177904216, "max_depth": 6.0, "num_boost_round": 8.0}, "datetime": {"datetime": "2024-01-19 00:36:38", "elapsed": 1501.175214, "delta": 0.002543}}
{"target": -13.758440392186788, "params": {"gamma": 422.66175151502506, "log10_alpha": 0.44617932356978157, "log10_colsample_bytree": -1.0, "log10_eta": -2.991302501266521, "log10_lambda": -3.772989396017219, "log10_min_child_weight": 3.7313849139521555, "log10_subsample": -0.1295281177904216, "max_depth": 6.0, "num_boost_round": 9.0}, "datetime": {"datetime": "2024-01-19 00:36:38", "elapsed": 1501.177753, "delta": 0.002539}}
{"target": -13.758432100372968, "params": {"gamma": 422.66175151502506, "log10_alpha": 0.44617932356978157, "log10_colsample_bytree": -1.0, "log10_eta": -2.991302501266521, "log10_lambda": -3.772989396017219, "log10_min_child_weight": 3.7313849139521555, "log10_subsample": -0.1295281177904216, "max_depth": 6.0, "num_boost_round": 10.0}, "datetime": {"datetime": "2024-01-19 00:36:38", "elapsed": 1501.18029, "delta": 0.002537}}
{"target": -13.758429411557822, "params": {"gamma": 422.66175151502506, "log10_alpha": 0.44617932356978157, "log10_colsample_bytree": -1.0, "log10_eta": -2.991302501266521, "log10_lambda": -3.772989396017219, "log10_min_child_weight": 3.7313849139521555, "log10_subsample": -0.1295281177904216, "max_depth": 6.0, "num_boost_round": 11.0}, "datetime": {"datetime": "2024-01-19 00:36:38", "elapsed": 1501.182818, "delta": 0.002528}}
{"target": -13.758415710367853, "params": {"gamma": 422.66175151502506, "log10_alpha": 0.44617932356978157, "log10_colsample_bytree": -1.0, "log10_eta": -2.991302501266521, "log10_lambda": -3.772989396017219, "log10_min_child_weight": 3.7313849139521555, "log10_subsample": -0.1295281177904216, "max_depth": 6.0, "num_boost_round": 12.0}, "datetime": {"datetime": "2024-01-19 00:36:38", "elapsed": 1501.185364, "delta": 0.002546}}
{"target": -13.75840000255648, "params": {"gamma": 422.66175151502506, "log10_alpha": 0.44617932356978157, "log10_colsample_bytree": -1.0, "log10_eta": -2.991302501266521, "log10_lambda": -3.772989396017219, "log10_min_child_weight": 3.7313849139521555, "log10_subsample": -0.1295281177904216, "max_depth": 6.0, "num_boost_round": 13.0}, "datetime": {"datetime": "2024-01-19 00:36:38", "elapsed": 1501.187899, "delta": 0.002535}}
{"target": -13.758391566333875, "params": {"gamma": 422.66175151502506, "log10_alpha": 0.44617932356978157, "log10_colsample_bytree": -1.0, "log10_eta": -2.991302501266521, "log10_lambda": -3.772989396017219, "log10_min_child_weight": 3.7313849139521555, "log10_subsample": -0.1295281177904216, "max_depth": 6.0, "num_boost_round": 14.0}, "datetime": {"datetime": "2024-01-19 00:36:38", "elapsed": 1501.19063, "delta": 0.002731}}
{"target": -13.758380996760474, "params": {"gamma": 422.66175151502506, "log10_alpha": 0.44617932356978157, "log10_colsample_bytree": -1.0, "log10_eta": -2.991302501266521, "log10_lambda": -3.772989396017219, "log10_min_child_weight": 3.7313849139521555, "log10_subsample": -0.1295281177904216, "max_depth": 6.0, "num_boost_round": 15.0}, "datetime": {"datetime": "2024-01-19 00:36:38", "elapsed": 1501.193321, "delta": 0.002691}}
{"target": -13.758364840092245, "params": {"gamma": 422.66175151502506, "log10_alpha": 0.44617932356978157, "log10_colsample_bytree": -1.0, "log10_eta": -2.991302501266521, "log10_lambda": -3.772989396017219, "log10_min_child_weight": 3.7313849139521555, "log10_subsample": -0.1295281177904216, "max_depth": 6.0, "num_boost_round": 16.0}, "datetime": {"datetime": "2024-01-19 00:36:38", "elapsed": 1501.196061, "delta": 0.00274}}
{"target": -13.758352626344658, "params": {"gamma": 422.66175151502506, "log10_alpha": 0.44617932356978157, "log10_colsample_bytree": -1.0, "log10_eta": -2.991302501266521, "log10_lambda": -3.772989396017219, "log10_min_child_weight": 3.7313849139521555, "log10_subsample": -0.1295281177904216, "max_depth": 6.0, "num_boost_round": 17.0}, "datetime": {"datetime": "2024-01-19 00:36:38", "elapsed": 1501.198633, "delta": 0.002572}}
{"target": -13.758328407200965, "params": {"gamma": 422.66175151502506, "log10_alpha": 0.44617932356978157, "log10_colsample_bytree": -1.0, "log10_eta": -2.991302501266521, "log10_lambda": -3.772989396017219, "log10_min_child_weight": 3.7313849139521555, "log10_subsample": -0.1295281177904216, "max_depth": 6.0, "num_boost_round": 18.0}, "datetime": {"datetime": "2024-01-19 00:36:38", "elapsed": 1501.201176, "delta": 0.002543}}
{"target": -13.75831215027602, "params": {"gamma": 422.66175151502506, "log10_alpha": 0.44617932356978157, "log10_colsample_bytree": -1.0, "log10_eta": -2.991302501266521, "log10_lambda": -3.772989396017219, "log10_min_child_weight": 3.7313849139521555, "log10_subsample": -0.1295281177904216, "max_depth": 6.0, "num_boost_round": 19.0}, "datetime": {"datetime": "2024-01-19 00:36:38", "elapsed": 1501.203792, "delta": 0.002616}}
{"target": -13.758306753943556, "params": {"gamma": 422.66175151502506, "log10_alpha": 0.44617932356978157, "log10_colsample_bytree": -1.0, "log10_eta": -2.991302501266521, "log10_lambda": -3.772989396017219, "log10_min_child_weight": 3.7313849139521555, "log10_subsample": -0.1295281177904216, "max_depth": 6.0, "num_boost_round": 20.0}, "datetime": {"datetime": "2024-01-19 00:36:38", "elapsed": 1501.206342, "delta": 0.00255}}
{"target": -13.758298152187063, "params": {"gamma": 422.66175151502506, "log10_alpha": 0.44617932356978157, "log10_colsample_bytree": -1.0, "log10_eta": -2.991302501266521, "log10_lambda": -3.772989396017219, "log10_min_child_weight": 3.7313849139521555, "log10_subsample": -0.1295281177904216, "max_depth": 6.0, "num_boost_round": 21.0}, "datetime": {"datetime": "2024-01-19 00:36:38", "elapsed": 1501.209071, "delta": 0.002729}}
{"target": -13.75827794985823, "params": {"gamma": 422.66175151502506, "log10_alpha": 0.44617932356978157, "log10_colsample_bytree": -1.0, "log10_eta": -2.991302501266521, "log10_lambda": -3.772989396017219, "log10_min_child_weight": 3.7313849139521555, "log10_subsample": -0.1295281177904216, "max_depth": 6.0, "num_boost_round": 22.0}, "datetime": {"datetime": "2024-01-19 00:36:38", "elapsed": 1501.211657, "delta": 0.002586}}
{"target": -13.758259101094124, "params": {"gamma": 422.66175151502506, "log10_alpha": 0.44617932356978157, "log10_colsample_bytree": -1.0, "log10_eta": -2.991302501266521, "log10_lambda": -3.772989396017219, "log10_min_child_weight": 3.7313849139521555, "log10_subsample": -0.1295281177904216, "max_depth": 6.0, "num_boost_round": 23.0}, "datetime": {"datetime": "2024-01-19 00:36:38", "elapsed": 1501.214257, "delta": 0.0026}}
{"target": -13.758258221001837, "params": {"gamma": 422.66175151502506, "log10_alpha": 0.44617932356978157, "log10_colsample_bytree": -1.0, "log10_eta": -2.991302501266521, "log10_lambda": -3.772989396017219, "log10_min_child_weight": 3.7313849139521555, "log10_subsample": -0.1295281177904216, "max_depth": 6.0, "num_boost_round": 24.0}, "datetime": {"datetime": "2024-01-19 00:36:38", "elapsed": 1501.216836, "delta": 0.002579}}
{"target": -13.758254844210589, "params": {"gamma": 422.66175151502506, "log10_alpha": 0.44617932356978157, "log10_colsample_bytree": -1.0, "log10_eta": -2.991302501266521, "log10_lambda": -3.772989396017219, "log10_min_child_weight": 3.7313849139521555, "log10_subsample": -0.1295281177904216, "max_depth": 6.0, "num_boost_round": 25.0}, "datetime": {"datetime": "2024-01-19 00:36:38", "elapsed": 1501.219403, "delta": 0.002567}}
{"target": -13.758236911072158, "params": {"gamma": 422.66175151502506, "log10_alpha": 0.44617932356978157, "log10_colsample_bytree": -1.0, "log10_eta": -2.991302501266521, "log10_lambda": -3.772989396017219, "log10_min_child_weight": 3.7313849139521555, "log10_subsample": -0.1295281177904216, "max_depth": 6.0, "num_boost_round": 26.0}, "datetime": {"datetime": "2024-01-19 00:36:38", "elapsed": 1501.221953, "delta": 0.00255}}
{"target": -13.758225288140157, "params": {"gamma": 422.66175151502506, "log10_alpha": 0.44617932356978157, "log10_colsample_bytree": -1.0, "log10_eta": -2.991302501266521, "log10_lambda": -3.772989396017219, "log10_min_child_weight": 3.7313849139521555, "log10_subsample": -0.1295281177904216, "max_depth": 6.0, "num_boost_round": 27.0}, "datetime": {"datetime": "2024-01-19 00:36:38", "elapsed": 1501.224525, "delta": 0.002572}}
{"target": -13.758214099577772, "params": {"gamma": 422.66175151502506, "log10_alpha": 0.44617932356978157, "log10_colsample_bytree": -1.0, "log10_eta": -2.991302501266521, "log10_lambda": -3.772989396017219, "log10_min_child_weight": 3.7313849139521555, "log10_subsample": -0.1295281177904216, "max_depth": 6.0, "num_boost_round": 28.0}, "datetime": {"datetime": "2024-01-19 00:36:38", "elapsed": 1501.227087, "delta": 0.002562}}
{"target": -13.75820324753847, "params": {"gamma": 422.66175151502506, "log10_alpha": 0.44617932356978157, "log10_colsample_bytree": -1.0, "log10_eta": -2.991302501266521, "log10_lambda": -3.772989396017219, "log10_min_child_weight": 3.7313849139521555, "log10_subsample": -0.1295281177904216, "max_depth": 6.0, "num_boost_round": 29.0}, "datetime": {"datetime": "2024-01-19 00:36:38", "elapsed": 1501.229765, "delta": 0.002678}}
{"target": -13.758203635762337, "params": {"gamma": 422.66175151502506, "log10_alpha": 0.44617932356978157, "log10_colsample_bytree": -1.0, "log10_eta": -2.991302501266521, "log10_lambda": -3.772989396017219, "log10_min_child_weight": 3.7313849139521555, "log10_subsample": -0.1295281177904216, "max_depth": 6.0, "num_boost_round": 30.0}, "datetime": {"datetime": "2024-01-19 00:36:38", "elapsed": 1501.23231, "delta": 0.002545}}
{"target": -13.758169170893634, "params": {"gamma": 422.66175151502506, "log10_alpha": 0.44617932356978157, "log10_colsample_bytree": -1.0, "log10_eta": -2.991302501266521, "log10_lambda": -3.772989396017219, "log10_min_child_weight": 3.7313849139521555, "log10_subsample": -0.1295281177904216, "max_depth": 6.0, "num_boost_round": 31.0}, "datetime": {"datetime": "2024-01-19 00:36:38", "elapsed": 1501.234913, "delta": 0.002603}}
{"target": -13.758147601311721, "params": {"gamma": 422.66175151502506, "log10_alpha": 0.44617932356978157, "log10_colsample_bytree": -1.0, "log10_eta": -2.991302501266521, "log10_lambda": -3.772989396017219, "log10_min_child_weight": 3.7313849139521555, "log10_subsample": -0.1295281177904216, "max_depth": 6.0, "num_boost_round": 32.0}, "datetime": {"datetime": "2024-01-19 00:36:38", "elapsed": 1501.237466, "delta": 0.002553}}
{"target": -13.758117235321981, "params": {"gamma": 422.66175151502506, "log10_alpha": 0.44617932356978157, "log10_colsample_bytree": -1.0, "log10_eta": -2.991302501266521, "log10_lambda": -3.772989396017219, "log10_min_child_weight": 3.7313849139521555, "log10_subsample": -0.1295281177904216, "max_depth": 6.0, "num_boost_round": 33.0}, "datetime": {"datetime": "2024-01-19 00:36:38", "elapsed": 1501.24002, "delta": 0.002554}}
{"target": -13.758100928314795, "params": {"gamma": 422.66175151502506, "log10_alpha": 0.44617932356978157, "log10_colsample_bytree": -1.0, "log10_eta": -2.991302501266521, "log10_lambda": -3.772989396017219, "log10_min_child_weight": 3.7313849139521555, "log10_subsample": -0.1295281177904216, "max_depth": 6.0, "num_boost_round": 34.0}, "datetime": {"datetime": "2024-01-19 00:36:38", "elapsed": 1501.242584, "delta": 0.002564}}
{"target": -13.75808451628762, "params": {"gamma": 422.66175151502506, "log10_alpha": 0.44617932356978157, "log10_colsample_bytree": -1.0, "log10_eta": -2.991302501266521, "log10_lambda": -3.772989396017219, "log10_min_child_weight": 3.7313849139521555, "log10_subsample": -0.1295281177904216, "max_depth": 6.0, "num_boost_round": 35.0}, "datetime": {"datetime": "2024-01-19 00:36:38", "elapsed": 1501.245141, "delta": 0.002557}}
