{"target": -17.674274272971886, "params": {"gamma": 861.3065016053678, "log10_alpha": -0.5789961589104182, "log10_colsample_bytree": -0.7394058701042726, "log10_eta": -2.3439930934720707, "log10_lambda": 0.4592466416382175, "log10_min_child_weight": 2.4886387917898696, "log10_subsample": -0.22061028992636877, "max_depth": 5.0, "num_boost_round": 19.0}, "datetime": {"datetime": "2024-01-19 00:27:54", "elapsed": 955.532626, "delta": 0.001286}}
{"target": -17.67403177399366, "params": {"gamma": 861.3065016053678, "log10_alpha": -0.5789961589104182, "log10_colsample_bytree": -0.7394058701042726, "log10_eta": -2.3439930934720707, "log10_lambda": 0.4592466416382175, "log10_min_child_weight": 2.4886387917898696, "log10_subsample": -0.22061028992636877, "max_depth": 5.0, "num_boost_round": 20.0}, "datetime": {"datetime": "2024-01-19 00:27:54", "elapsed": 955.5339, "delta": 0.001274}}
{"target": -17.67375050148042, "params": {"gamma": 861.3065016053678, "log10_alpha": -0.5789961589104182, "log10_colsample_bytree": -0.7394058701042726, "log10_eta": -2.3439930934720707, "log10_lambda": 0.4592466416382175, "log10_min_child_weight": 2.4886387917898696, "log10_subsample": -0.22061028992636877, "max_depth": 5.0, "num_boost_round": 21.0}, "datetime": {"datetime": "2024-01-19 00:27:54", "elapsed": 955.535165, "delta": 0.001265}}
{"target": -17.673694618606874, "params": {"gamma": 861.3065016053678, "log10_alpha": -0.5789961589104182, "log10_colsample_bytree": -0.7394058701042726, "log10_eta": -2.3439930934720707, "log10_lambda": 0.4592466416382175, "log10_min_child_weight": 2.4886387917898696, "log10_subsample": -0.22061028992636877, "max_depth": 5.0, "num_boost_round": 22.0}, "datetime": {"datetime": "2024-01-19 00:27:54", "elapsed": 955.536504, "delta": 0.001339}}
{"target": -17.677233265052653, "params": {"gamma": 862.9788271485028, "log10_alpha": -0.4122431180809416, "log10_colsample_bytree": -0.6645134062755927, "log10_eta": -3.9989034244250035, "log10_lambda": -2.072204854160235, "log10_min_child_weight": 0.12171154206068291, "log10_subsample": -0.6919522858124106, "max_depth": 9.0, "num_boost_round": 0.0}, "datetime": {"datetime": "2024-01-19 00:28:27", "elapsed": 987.906726, "delta": 32.370222}}
{"target": -17.67722699358775, "params": {"gamma": 862.9788271485028, "log10_alpha": -0.4122431180809416, "log10_colsample_bytree": -0.6645134062755927, "log10_eta": -3.9989034244250035, "log10_lambda": -2.072204854160235, "log10_min_child_weight": 0.12171154206068291, "log10_subsample": -0.6919522858124106, "max_depth": 9.0, "num_boost_round": 1.0}, "datetime": {"datetime": "2024-01-19 00:28:27", "elapsed": 987.908718, "delta": 0.001992}}
{"target": -17.677215044059444, "params": {"gamma": 862.9788271485028, "log10_alpha": -0.4122431180809416, "log10_colsample_bytree": -0.6645134062755927, "log10_eta": -3.9989034244250035, "log10_lambda": -2.072204854160235, "log10_min_child_weight": 0.12171154206068291, "log10_subsample": -0.6919522858124106, "max_depth": 9.0, "num_boost_round": 2.0}, "datetime": {"datetime": "2024-01-19 00:28:27", "elapsed": 987.910054, "delta": 0.001336}}
{"target": -17.6772183353023, "params": {"gamma": 862.9788271485028, "log10_alpha": -0.4122431180809416, "log10_colsample_bytree": -0.6645134062755927, "log10_eta": -3.9989034244250035, "log10_lambda": -2.072204854160235, "log10_min_child_weight": 0.12171154206068291, "log10_subsample": -0.6919522858124106, "max_depth": 9.0, "num_boost_round": 3.0}, "datetime": {"datetime": "2024-01-19 00:28:27", "elapsed": 987.911873, "delta": 0.001819}}
{"target": -17.67720731109205, "params": {"gamma": 862.9788271485028, "log10_alpha": -0.4122431180809416, "log10_colsample_bytree": -0.6645134062755927, "log10_eta": -3.9989034244250035, "log10_lambda": -2.072204854160235, "log10_min_child_weight": 0.12171154206068291, "log10_subsample": -0.6919522858124106, "max_depth": 9.0, "num_boost_round": 4.0}, "datetime": {"datetime": "2024-01-19 00:28:27", "elapsed": 987.913185, "delta": 0.001312}}
{"target": -17.677204461237416, "params": {"gamma": 862.9788271485028, "log10_alpha": -0.4122431180809416, "log10_colsample_bytree": -0.6645134062755927, "log10_eta": -3.9989034244250035, "log10_lambda": -2.072204854160235, "log10_min_child_weight": 0.12171154206068291, "log10_subsample": -0.6919522858124106, "max_depth": 9.0, "num_boost_round": 5.0}, "datetime": {"datetime": "2024-01-19 00:28:27", "elapsed": 987.91448, "delta": 0.001295}}
{"target": -17.677200569473793, "params": {"gamma": 862.9788271485028, "log10_alpha": -0.4122431180809416, "log10_colsample_bytree": -0.6645134062755927, "log10_eta": -3.9989034244250035, "log10_lambda": -2.072204854160235, "log10_min_child_weight": 0.12171154206068291, "log10_subsample": -0.6919522858124106, "max_depth": 9.0, "num_boost_round": 6.0}, "datetime": {"datetime": "2024-01-19 00:28:27", "elapsed": 987.915863, "delta": 0.001383}}
{"target": -17.6771924762597, "params": {"gamma": 862.9788271485028, "log10_alpha": -0.4122431180809416, "log10_colsample_bytree": -0.6645134062755927, "log10_eta": -3.9989034244250035, "log10_lambda": -2.072204854160235, "log10_min_child_weight": 0.12171154206068291, "log10_subsample": -0.6919522858124106, "max_depth": 9.0, "num_boost_round": 7.0}, "datetime": {"datetime": "2024-01-19 00:28:27", "elapsed": 987.917146, "delta": 0.001283}}
{"target": -17.67718910444131, "params": {"gamma": 862.9788271485028, "log10_alpha": -0.4122431180809416, "log10_colsample_bytree": -0.6645134062755927, "log10_eta": -3.9989034244250035, "log10_lambda": -2.072204854160235, "log10_min_child_weight": 0.12171154206068291, "log10_subsample": -0.6919522858124106, "max_depth": 9.0, "num_boost_round": 8.0}, "datetime": {"datetime": "2024-01-19 00:28:27", "elapsed": 987.918428, "delta": 0.001282}}
{"target": -17.677184780694514, "params": {"gamma": 862.9788271485028, "log10_alpha": -0.4122431180809416, "log10_colsample_bytree": -0.6645134062755927, "log10_eta": -3.9989034244250035, "log10_lambda": -2.072204854160235, "log10_min_child_weight": 0.12171154206068291, "log10_subsample": -0.6919522858124106, "max_depth": 9.0, "num_boost_round": 9.0}, "datetime": {"datetime": "2024-01-19 00:28:27", "elapsed": 987.919737, "delta": 0.001309}}
{"target": -17.677167773518608, "params": {"gamma": 862.9788271485028, "log10_alpha": -0.4122431180809416, "log10_colsample_bytree": -0.6645134062755927, "log10_eta": -3.9989034244250035, "log10_lambda": -2.072204854160235, "log10_min_child_weight": 0.12171154206068291, "log10_subsample": -0.6919522858124106, "max_depth": 9.0, "num_boost_round": 10.0}, "datetime": {"datetime": "2024-01-19 00:28:27", "elapsed": 987.921195, "delta": 0.001458}}
{"target": -17.677165933085078, "params": {"gamma": 862.9788271485028, "log10_alpha": -0.4122431180809416, "log10_colsample_bytree": -0.6645134062755927, "log10_eta": -3.9989034244250035, "log10_lambda": -2.072204854160235, "log10_min_child_weight": 0.12171154206068291, "log10_subsample": -0.6919522858124106, "max_depth": 9.0, "num_boost_round": 11.0}, "datetime": {"datetime": "2024-01-19 00:28:27", "elapsed": 987.922636, "delta": 0.001441}}
{"target": -17.67715699418586, "params": {"gamma": 862.9788271485028, "log10_alpha": -0.4122431180809416, "log10_colsample_bytree": -0.6645134062755927, "log10_eta": -3.9989034244250035, "log10_lambda": -2.072204854160235, "log10_min_child_weight": 0.12171154206068291, "log10_subsample": -0.6919522858124106, "max_depth": 9.0, "num_boost_round": 12.0}, "datetime": {"datetime": "2024-01-19 00:28:27", "elapsed": 987.923926, "delta": 0.00129}}
{"target": -17.67715442579545, "params": {"gamma": 862.9788271485028, "log10_alpha": -0.4122431180809416, "log10_colsample_bytree": -0.6645134062755927, "log10_eta": -3.9989034244250035, "log10_lambda": -2.072204854160235, "log10_min_child_weight": 0.12171154206068291, "log10_subsample": -0.6919522858124106, "max_depth": 9.0, "num_boost_round": 13.0}, "datetime": {"datetime": "2024-01-19 00:28:27", "elapsed": 987.925206, "delta": 0.00128}}
{"target": -17.677155180122856, "params": {"gamma": 862.9788271485028, "log10_alpha": -0.4122431180809416, "log10_colsample_bytree": -0.6645134062755927, "log10_eta": -3.9989034244250035, "log10_lambda": -2.072204854160235, "log10_min_child_weight": 0.12171154206068291, "log10_subsample": -0.6919522858124106, "max_depth": 9.0, "num_boost_round": 14.0}, "datetime": {"datetime": "2024-01-19 00:28:27", "elapsed": 987.926507, "delta": 0.001301}}
{"target": -17.677148985075263, "params": {"gamma": 862.9788271485028, "log10_alpha": -0.4122431180809416, "log10_colsample_bytree": -0.6645134062755927, "log10_eta": -3.9989034244250035, "log10_lambda": -2.072204854160235, "log10_min_child_weight": 0.12171154206068291, "log10_subsample": -0.6919522858124106, "max_depth": 9.0, "num_boost_round": 15.0}, "datetime": {"datetime": "2024-01-19 00:28:27", "elapsed": 987.927821, "delta": 0.001314}}
{"target": -17.67714788940436, "params": {"gamma": 862.9788271485028, "log10_alpha": -0.4122431180809416, "log10_colsample_bytree": -0.6645134062755927, "log10_eta": -3.9989034244250035, "log10_lambda": -2.072204854160235, "log10_min_child_weight": 0.12171154206068291, "log10_subsample": -0.6919522858124106, "max_depth": 9.0, "num_boost_round": 16.0}, "datetime": {"datetime": "2024-01-19 00:28:27", "elapsed": 987.929108, "delta": 0.001287}}
{"target": -17.67713514501058, "params": {"gamma": 862.9788271485028, "log10_alpha": -0.4122431180809416, "log10_colsample_bytree": -0.6645134062755927, "log10_eta": -3.9989034244250035, "log10_lambda": -2.072204854160235, "log10_min_child_weight": 0.12171154206068291, "log10_subsample": -0.6919522858124106, "max_depth": 9.0, "num_boost_round": 17.0}, "datetime": {"datetime": "2024-01-19 00:28:27", "elapsed": 987.930394, "delta": 0.001286}}
{"target": -17.677136483021044, "params": {"gamma": 862.9788271485028, "log10_alpha": -0.4122431180809416, "log10_colsample_bytree": -0.6645134062755927, "log10_eta": -3.9989034244250035, "log10_lambda": -2.072204854160235, "log10_min_child_weight": 0.12171154206068291, "log10_subsample": -0.6919522858124106, "max_depth": 9.0, "num_boost_round": 18.0}, "datetime": {"datetime": "2024-01-19 00:28:27", "elapsed": 987.931796, "delta": 0.001402}}
{"target": -17.677130857400737, "params": {"gamma": 862.9788271485028, "log10_alpha": -0.4122431180809416, "log10_colsample_bytree": -0.6645134062755927, "log10_eta": -3.9989034244250035, "log10_lambda": -2.072204854160235, "log10_min_child_weight": 0.12171154206068291, "log10_subsample": -0.6919522858124106, "max_depth": 9.0, "num_boost_round": 19.0}, "datetime": {"datetime": "2024-01-19 00:28:27", "elapsed": 987.933082, "delta": 0.001286}}
{"target": -17.677125737428906, "params": {"gamma": 862.9788271485028, "log10_alpha": -0.4122431180809416, "log10_colsample_bytree": -0.6645134062755927, "log10_eta": -3.9989034244250035, "log10_lambda": -2.072204854160235, "log10_min_child_weight": 0.12171154206068291, "log10_subsample": -0.6919522858124106, "max_depth": 9.0, "num_boost_round": 20.0}, "datetime": {"datetime": "2024-01-19 00:28:27", "elapsed": 987.934378, "delta": 0.001296}}
{"target": -17.677111115796176, "params": {"gamma": 862.9788271485028, "log10_alpha": -0.4122431180809416, "log10_colsample_bytree": -0.6645134062755927, "log10_eta": -3.9989034244250035, "log10_lambda": -2.072204854160235, "log10_min_child_weight": 0.12171154206068291, "log10_subsample": -0.6919522858124106, "max_depth": 9.0, "num_boost_round": 21.0}, "datetime": {"datetime": "2024-01-19 00:28:27", "elapsed": 987.935694, "delta": 0.001316}}
{"target": -17.680466952931912, "params": {"gamma": 856.3080365752367, "log10_alpha": -0.8779449231212579, "log10_colsample_bytree": -0.41603703785138413, "log10_eta": -0.9554541360443314, "log10_lambda": -3.1028999902270167, "log10_min_child_weight": 1.2551145546258629, "log10_subsample": -0.5222912948724229, "max_depth": 7.0, "num_boost_round": 0.0}, "datetime": {"datetime": "2024-01-19 00:28:54", "elapsed": 1014.879362, "delta": 26.943668}}
{"target": -17.677449397654893, "params": {"gamma": 856.3080365752367, "log10_alpha": -0.8779449231212579, "log10_colsample_bytree": -0.41603703785138413, "log10_eta": -0.9554541360443314, "log10_lambda": -3.1028999902270167, "log10_min_child_weight": 1.2551145546258629, "log10_subsample": -0.5222912948724229, "max_depth": 7.0, "num_boost_round": 1.0}, "datetime": {"datetime": "2024-01-19 00:28:54", "elapsed": 1014.881369, "delta": 0.002007}}
{"target": -17.680820858730556, "params": {"gamma": 856.3080365752367, "log10_alpha": -0.8779449231212579, "log10_colsample_bytree": -0.41603703785138413, "log10_eta": -0.9554541360443314, "log10_lambda": -3.1028999902270167, "log10_min_child_weight": 1.2551145546258629, "log10_subsample": -0.5222912948724229, "max_depth": 7.0, "num_boost_round": 2.0}, "datetime": {"datetime": "2024-01-19 00:28:54", "elapsed": 1014.882815, "delta": 0.001446}}
{"target": -17.682050756076322, "params": {"gamma": 856.3080365752367, "log10_alpha": -0.8779449231212579, "log10_colsample_bytree": -0.41603703785138413, "log10_eta": -0.9554541360443314, "log10_lambda": -3.1028999902270167, "log10_min_child_weight": 1.2551145546258629, "log10_subsample": -0.5222912948724229, "max_depth": 7.0, "num_boost_round": 3.0}, "datetime": {"datetime": "2024-01-19 00:28:54", "elapsed": 1014.884292, "delta": 0.001477}}
{"target": -17.687202917485028, "params": {"gamma": 856.3080365752367, "log10_alpha": -0.8779449231212579, "log10_colsample_bytree": -0.41603703785138413, "log10_eta": -0.9554541360443314, "log10_lambda": -3.1028999902270167, "log10_min_child_weight": 1.2551145546258629, "log10_subsample": -0.5222912948724229, "max_depth": 7.0, "num_boost_round": 4.0}, "datetime": {"datetime": "2024-01-19 00:28:54", "elapsed": 1014.885973, "delta": 0.001681}}
{"target": -17.68771635763555, "params": {"gamma": 856.3080365752367, "log10_alpha": -0.8779449231212579, "log10_colsample_bytree": -0.41603703785138413, "log10_eta": -0.9554541360443314, "log10_lambda": -3.1028999902270167, "log10_min_child_weight": 1.2551145546258629, "log10_subsample": -0.5222912948724229, "max_depth": 7.0, "num_boost_round": 5.0}, "datetime": {"datetime": "2024-01-19 00:28:54", "elapsed": 1014.887336, "delta": 0.001363}}
{"target": -17.696918750463485, "params": {"gamma": 856.3080365752367, "log10_alpha": -0.8779449231212579, "log10_colsample_bytree": -0.41603703785138413, "log10_eta": -0.9554541360443314, "log10_lambda": -3.1028999902270167, "log10_min_child_weight": 1.2551145546258629, "log10_subsample": -0.5222912948724229, "max_depth": 7.0, "num_boost_round": 6.0}, "datetime": {"datetime": "2024-01-19 00:28:54", "elapsed": 1014.888707, "delta": 0.001371}}
{"target": -17.711326978052096, "params": {"gamma": 856.3080365752367, "log10_alpha": -0.8779449231212579, "log10_colsample_bytree": -0.41603703785138413, "log10_eta": -0.9554541360443314, "log10_lambda": -3.1028999902270167, "log10_min_child_weight": 1.2551145546258629, "log10_subsample": -0.5222912948724229, "max_depth": 7.0, "num_boost_round": 7.0}, "datetime": {"datetime": "2024-01-19 00:28:54", "elapsed": 1014.89002, "delta": 0.001313}}
{"target": -17.722472798879068, "params": {"gamma": 856.3080365752367, "log10_alpha": -0.8779449231212579, "log10_colsample_bytree": -0.41603703785138413, "log10_eta": -0.9554541360443314, "log10_lambda": -3.1028999902270167, "log10_min_child_weight": 1.2551145546258629, "log10_subsample": -0.5222912948724229, "max_depth": 7.0, "num_boost_round": 8.0}, "datetime": {"datetime": "2024-01-19 00:28:54", "elapsed": 1014.891414, "delta": 0.001394}}
{"target": -17.730146903938603, "params": {"gamma": 856.3080365752367, "log10_alpha": -0.8779449231212579, "log10_colsample_bytree": -0.41603703785138413, "log10_eta": -0.9554541360443314, "log10_lambda": -3.1028999902270167, "log10_min_child_weight": 1.2551145546258629, "log10_subsample": -0.5222912948724229, "max_depth": 7.0, "num_boost_round": 9.0}, "datetime": {"datetime": "2024-01-19 00:28:54", "elapsed": 1014.892729, "delta": 0.001315}}
{"target": -17.740971579339984, "params": {"gamma": 856.3080365752367, "log10_alpha": -0.8779449231212579, "log10_colsample_bytree": -0.41603703785138413, "log10_eta": -0.9554541360443314, "log10_lambda": -3.1028999902270167, "log10_min_child_weight": 1.2551145546258629, "log10_subsample": -0.5222912948724229, "max_depth": 7.0, "num_boost_round": 10.0}, "datetime": {"datetime": "2024-01-19 00:28:54", "elapsed": 1014.89405, "delta": 0.001321}}
{"target": -17.744816793421563, "params": {"gamma": 856.3080365752367, "log10_alpha": -0.8779449231212579, "log10_colsample_bytree": -0.41603703785138413, "log10_eta": -0.9554541360443314, "log10_lambda": -3.1028999902270167, "log10_min_child_weight": 1.2551145546258629, "log10_subsample": -0.5222912948724229, "max_depth": 7.0, "num_boost_round": 11.0}, "datetime": {"datetime": "2024-01-19 00:28:54", "elapsed": 1014.895363, "delta": 0.001313}}
{"target": -17.756510693319676, "params": {"gamma": 856.3080365752367, "log10_alpha": -0.8779449231212579, "log10_colsample_bytree": -0.41603703785138413, "log10_eta": -0.9554541360443314, "log10_lambda": -3.1028999902270167, "log10_min_child_weight": 1.2551145546258629, "log10_subsample": -0.5222912948724229, "max_depth": 7.0, "num_boost_round": 12.0}, "datetime": {"datetime": "2024-01-19 00:28:54", "elapsed": 1014.896793, "delta": 0.00143}}
{"target": -17.771720892848254, "params": {"gamma": 856.3080365752367, "log10_alpha": -0.8779449231212579, "log10_colsample_bytree": -0.41603703785138413, "log10_eta": -0.9554541360443314, "log10_lambda": -3.1028999902270167, "log10_min_child_weight": 1.2551145546258629, "log10_subsample": -0.5222912948724229, "max_depth": 7.0, "num_boost_round": 13.0}, "datetime": {"datetime": "2024-01-19 00:28:54", "elapsed": 1014.898231, "delta": 0.001438}}
{"target": -17.7910333120223, "params": {"gamma": 856.3080365752367, "log10_alpha": -0.8779449231212579, "log10_colsample_bytree": -0.41603703785138413, "log10_eta": -0.9554541360443314, "log10_lambda": -3.1028999902270167, "log10_min_child_weight": 1.2551145546258629, "log10_subsample": -0.5222912948724229, "max_depth": 7.0, "num_boost_round": 14.0}, "datetime": {"datetime": "2024-01-19 00:28:54", "elapsed": 1014.899669, "delta": 0.001438}}
{"target": -17.799713669810657, "params": {"gamma": 856.3080365752367, "log10_alpha": -0.8779449231212579, "log10_colsample_bytree": -0.41603703785138413, "log10_eta": -0.9554541360443314, "log10_lambda": -3.1028999902270167, "log10_min_child_weight": 1.2551145546258629, "log10_subsample": -0.5222912948724229, "max_depth": 7.0, "num_boost_round": 15.0}, "datetime": {"datetime": "2024-01-19 00:28:54", "elapsed": 1014.901092, "delta": 0.001423}}
{"target": -17.807581391606227, "params": {"gamma": 856.3080365752367, "log10_alpha": -0.8779449231212579, "log10_colsample_bytree": -0.41603703785138413, "log10_eta": -0.9554541360443314, "log10_lambda": -3.1028999902270167, "log10_min_child_weight": 1.2551145546258629, "log10_subsample": -0.5222912948724229, "max_depth": 7.0, "num_boost_round": 16.0}, "datetime": {"datetime": "2024-01-19 00:28:54", "elapsed": 1014.902445, "delta": 0.001353}}
{"target": -17.67712749944139, "params": {"gamma": 877.2168762427002, "log10_alpha": -3.066417603663985, "log10_colsample_bytree": -0.4809149015363895, "log10_eta": -2.8533758869751273, "log10_lambda": -3.7262697213553553, "log10_min_child_weight": 2.4417158810355706, "log10_subsample": -0.9437361562097959, "max_depth": 6.0, "num_boost_round": 0.0}, "datetime": {"datetime": "2024-01-19 00:29:27", "elapsed": 1048.335316, "delta": 33.432871}}
{"target": -17.677148765267372, "params": {"gamma": 877.2168762427002, "log10_alpha": -3.066417603663985, "log10_colsample_bytree": -0.4809149015363895, "log10_eta": -2.8533758869751273, "log10_lambda": -3.7262697213553553, "log10_min_child_weight": 2.4417158810355706, "log10_subsample": -0.9437361562097959, "max_depth": 6.0, "num_boost_round": 1.0}, "datetime": {"datetime": "2024-01-19 00:29:27", "elapsed": 1048.337212, "delta": 0.001896}}
{"target": -17.677124644631817, "params": {"gamma": 877.2168762427002, "log10_alpha": -3.066417603663985, "log10_colsample_bytree": -0.4809149015363895, "log10_eta": -2.8533758869751273, "log10_lambda": -3.7262697213553553, "log10_min_child_weight": 2.4417158810355706, "log10_subsample": -0.9437361562097959, "max_depth": 6.0, "num_boost_round": 2.0}, "datetime": {"datetime": "2024-01-19 00:29:27", "elapsed": 1048.339152, "delta": 0.00194}}
{"target": -17.677121441647657, "params": {"gamma": 877.2168762427002, "log10_alpha": -3.066417603663985, "log10_colsample_bytree": -0.4809149015363895, "log10_eta": -2.8533758869751273, "log10_lambda": -3.7262697213553553, "log10_min_child_weight": 2.4417158810355706, "log10_subsample": -0.9437361562097959, "max_depth": 6.0, "num_boost_round": 3.0}, "datetime": {"datetime": "2024-01-19 00:29:27", "elapsed": 1048.341135, "delta": 0.001983}}
{"target": -17.67706548381164, "params": {"gamma": 877.2168762427002, "log10_alpha": -3.066417603663985, "log10_colsample_bytree": -0.4809149015363895, "log10_eta": -2.8533758869751273, "log10_lambda": -3.7262697213553553, "log10_min_child_weight": 2.4417158810355706, "log10_subsample": -0.9437361562097959, "max_depth": 6.0, "num_boost_round": 4.0}, "datetime": {"datetime": "2024-01-19 00:29:27", "elapsed": 1048.342483, "delta": 0.001348}}
{"target": -17.677031129665668, "params": {"gamma": 877.2168762427002, "log10_alpha": -3.066417603663985, "log10_colsample_bytree": -0.4809149015363895, "log10_eta": -2.8533758869751273, "log10_lambda": -3.7262697213553553, "log10_min_child_weight": 2.4417158810355706, "log10_subsample": -0.9437361562097959, "max_depth": 6.0, "num_boost_round": 5.0}, "datetime": {"datetime": "2024-01-19 00:29:27", "elapsed": 1048.343874, "delta": 0.001391}}
