{"target": -13.758476933080317, "params": {"gamma": 74.27737562142545, "log10_alpha": -4.7703789008990265, "log10_colsample_bytree": -0.905516649537072, "log10_eta": -2.8026036053244834, "log10_lambda": -2.1232627348022577, "log10_min_child_weight": 4.034737385578295, "log10_subsample": -0.972387165844371, "max_depth": 2.0, "num_boost_round": 42.0}, "datetime": {"datetime": "2024-01-19 01:55:04", "elapsed": 6224.028896, "delta": 0.004949}}
{"target": -13.758472385546316, "params": {"gamma": 74.27737562142545, "log10_alpha": -4.7703789008990265, "log10_colsample_bytree": -0.905516649537072, "log10_eta": -2.8026036053244834, "log10_lambda": -2.1232627348022577, "log10_min_child_weight": 4.034737385578295, "log10_subsample": -0.972387165844371, "max_depth": 2.0, "num_boost_round": 43.0}, "datetime": {"datetime": "2024-01-19 01:55:04", "elapsed": 6224.033544, "delta": 0.004648}}
{"target": -13.758540223267952, "params": {"gamma": 840.5837968407566, "log10_alpha": -3.6333293679735497, "log10_colsample_bytree": -0.1762731053979084, "log10_eta": -4.0, "log10_lambda": -4.823152606800717, "log10_min_child_weight": 2.889357976125115, "log10_subsample": 0.0, "max_depth": 7.0, "num_boost_round": 0.0}, "datetime": {"datetime": "2024-01-19 01:56:09", "elapsed": 6289.192534, "delta": 65.15899}}
{"target": -13.758542846836928, "params": {"gamma": 840.5837968407566, "log10_alpha": -3.6333293679735497, "log10_colsample_bytree": -0.1762731053979084, "log10_eta": -4.0, "log10_lambda": -4.823152606800717, "log10_min_child_weight": 2.889357976125115, "log10_subsample": 0.0, "max_depth": 7.0, "num_boost_round": 1.0}, "datetime": {"datetime": "2024-01-19 01:56:09", "elapsed": 6289.198791, "delta": 0.006257}}
{"target": -13.758541737682046, "params": {"gamma": 840.5837968407566, "log10_alpha": -3.6333293679735497, "log10_colsample_bytree": -0.1762731053979084, "log10_eta": -4.0, "log10_lambda": -4.823152606800717, "log10_min_child_weight": 2.889357976125115, "log10_subsample": 0.0, "max_depth": 7.0, "num_boost_round": 2.0}, "datetime": {"datetime": "2024-01-19 01:56:09", "elapsed": 6289.20387, "delta": 0.005079}}
{"target": -13.75853720596249, "params": {"gamma": 840.5837968407566, "log10_alpha": -3.6333293679735497, "log10_colsample_bytree": -0.1762731053979084, "log10_eta": -4.0, "log10_lambda": -4.823152606800717, "log10_min_child_weight": 2.889357976125115, "log10_subsample": 0.0, "max_depth": 7.0, "num_boost_round": 3.0}, "datetime": {"datetime": "2024-01-19 01:56:09", "elapsed": 6289.20875, "delta": 0.00488}}
{"target": -13.758528426874696, "params": {"gamma": 840.5837968407566, "log10_alpha": -3.6333293679735497, "log10_colsample_bytree": -0.1762731053979084, "log10_eta": -4.0, "log10_lambda": -4.823152606800717, "log10_min_child_weight": 2.889357976125115, "log10_subsample": 0.0, "max_depth": 7.0, "num_boost_round": 4.0}, "datetime": {"datetime": "2024-01-19 01:56:09", "elapsed": 6289.21363, "delta": 0.00488}}
{"target": -13.758530410432636, "params": {"gamma": 840.5837968407566, "log10_alpha": -3.6333293679735497, "log10_colsample_bytree": -0.1762731053979084, "log10_eta": -4.0, "log10_lambda": -4.823152606800717, "log10_min_child_weight": 2.889357976125115, "log10_subsample": 0.0, "max_depth": 7.0, "num_boost_round": 5.0}, "datetime": {"datetime": "2024-01-19 01:56:09", "elapsed": 6289.218837, "delta": 0.005207}}
{"target": -13.758527880154585, "params": {"gamma": 840.5837968407566, "log10_alpha": -3.6333293679735497, "log10_colsample_bytree": -0.1762731053979084, "log10_eta": -4.0, "log10_lambda": -4.823152606800717, "log10_min_child_weight": 2.889357976125115, "log10_subsample": 0.0, "max_depth": 7.0, "num_boost_round": 6.0}, "datetime": {"datetime": "2024-01-19 01:56:09", "elapsed": 6289.223936, "delta": 0.005099}}
{"target": -13.758529502731216, "params": {"gamma": 840.5837968407566, "log10_alpha": -3.6333293679735497, "log10_colsample_bytree": -0.1762731053979084, "log10_eta": -4.0, "log10_lambda": -4.823152606800717, "log10_min_child_weight": 2.889357976125115, "log10_subsample": 0.0, "max_depth": 7.0, "num_boost_round": 7.0}, "datetime": {"datetime": "2024-01-19 01:56:09", "elapsed": 6289.229043, "delta": 0.005107}}
{"target": -13.758532267299449, "params": {"gamma": 840.5837968407566, "log10_alpha": -3.6333293679735497, "log10_colsample_bytree": -0.1762731053979084, "log10_eta": -4.0, "log10_lambda": -4.823152606800717, "log10_min_child_weight": 2.889357976125115, "log10_subsample": 0.0, "max_depth": 7.0, "num_boost_round": 8.0}, "datetime": {"datetime": "2024-01-19 01:56:09", "elapsed": 6289.233982, "delta": 0.004939}}
{"target": -13.758532226450333, "params": {"gamma": 840.5837968407566, "log10_alpha": -3.6333293679735497, "log10_colsample_bytree": -0.1762731053979084, "log10_eta": -4.0, "log10_lambda": -4.823152606800717, "log10_min_child_weight": 2.889357976125115, "log10_subsample": 0.0, "max_depth": 7.0, "num_boost_round": 9.0}, "datetime": {"datetime": "2024-01-19 01:56:09", "elapsed": 6289.238962, "delta": 0.00498}}
{"target": -13.758532998873546, "params": {"gamma": 840.5837968407566, "log10_alpha": -3.6333293679735497, "log10_colsample_bytree": -0.1762731053979084, "log10_eta": -4.0, "log10_lambda": -4.823152606800717, "log10_min_child_weight": 2.889357976125115, "log10_subsample": 0.0, "max_depth": 7.0, "num_boost_round": 10.0}, "datetime": {"datetime": "2024-01-19 01:56:09", "elapsed": 6289.243731, "delta": 0.004769}}
{"target": -13.75853099593373, "params": {"gamma": 840.5837968407566, "log10_alpha": -3.6333293679735497, "log10_colsample_bytree": -0.1762731053979084, "log10_eta": -4.0, "log10_lambda": -4.823152606800717, "log10_min_child_weight": 2.889357976125115, "log10_subsample": 0.0, "max_depth": 7.0, "num_boost_round": 11.0}, "datetime": {"datetime": "2024-01-19 01:56:09", "elapsed": 6289.24859, "delta": 0.004859}}
{"target": -13.758531945988384, "params": {"gamma": 840.5837968407566, "log10_alpha": -3.6333293679735497, "log10_colsample_bytree": -0.1762731053979084, "log10_eta": -4.0, "log10_lambda": -4.823152606800717, "log10_min_child_weight": 2.889357976125115, "log10_subsample": 0.0, "max_depth": 7.0, "num_boost_round": 12.0}, "datetime": {"datetime": "2024-01-19 01:56:09", "elapsed": 6289.253458, "delta": 0.004868}}
{"target": -13.758535601218277, "params": {"gamma": 840.5837968407566, "log10_alpha": -3.6333293679735497, "log10_colsample_bytree": -0.1762731053979084, "log10_eta": -4.0, "log10_lambda": -4.823152606800717, "log10_min_child_weight": 2.889357976125115, "log10_subsample": 0.0, "max_depth": 7.0, "num_boost_round": 13.0}, "datetime": {"datetime": "2024-01-19 01:56:09", "elapsed": 6289.258547, "delta": 0.005089}}
{"target": -13.758535808341966, "params": {"gamma": 840.5837968407566, "log10_alpha": -3.6333293679735497, "log10_colsample_bytree": -0.1762731053979084, "log10_eta": -4.0, "log10_lambda": -4.823152606800717, "log10_min_child_weight": 2.889357976125115, "log10_subsample": 0.0, "max_depth": 7.0, "num_boost_round": 14.0}, "datetime": {"datetime": "2024-01-19 01:56:09", "elapsed": 6289.263432, "delta": 0.004885}}
{"target": -13.758536094140286, "params": {"gamma": 840.5837968407566, "log10_alpha": -3.6333293679735497, "log10_colsample_bytree": -0.1762731053979084, "log10_eta": -4.0, "log10_lambda": -4.823152606800717, "log10_min_child_weight": 2.889357976125115, "log10_subsample": 0.0, "max_depth": 7.0, "num_boost_round": 15.0}, "datetime": {"datetime": "2024-01-19 01:56:09", "elapsed": 6289.268215, "delta": 0.004783}}
{"target": -13.758533024266358, "params": {"gamma": 840.5837968407566, "log10_alpha": -3.6333293679735497, "log10_colsample_bytree": -0.1762731053979084, "log10_eta": -4.0, "log10_lambda": -4.823152606800717, "log10_min_child_weight": 2.889357976125115, "log10_subsample": 0.0, "max_depth": 7.0, "num_boost_round": 16.0}, "datetime": {"datetime": "2024-01-19 01:56:09", "elapsed": 6289.273134, "delta": 0.004919}}
{"target": -13.75853220806821, "params": {"gamma": 840.5837968407566, "log10_alpha": -3.6333293679735497, "log10_colsample_bytree": -0.1762731053979084, "log10_eta": -4.0, "log10_lambda": -4.823152606800717, "log10_min_child_weight": 2.889357976125115, "log10_subsample": 0.0, "max_depth": 7.0, "num_boost_round": 17.0}, "datetime": {"datetime": "2024-01-19 01:56:09", "elapsed": 6289.278096, "delta": 0.004962}}
{"target": -13.758531457837584, "params": {"gamma": 840.5837968407566, "log10_alpha": -3.6333293679735497, "log10_colsample_bytree": -0.1762731053979084, "log10_eta": -4.0, "log10_lambda": -4.823152606800717, "log10_min_child_weight": 2.889357976125115, "log10_subsample": 0.0, "max_depth": 7.0, "num_boost_round": 18.0}, "datetime": {"datetime": "2024-01-19 01:56:09", "elapsed": 6289.282999, "delta": 0.004903}}
{"target": -13.75852682046924, "params": {"gamma": 840.5837968407566, "log10_alpha": -3.6333293679735497, "log10_colsample_bytree": -0.1762731053979084, "log10_eta": -4.0, "log10_lambda": -4.823152606800717, "log10_min_child_weight": 2.889357976125115, "log10_subsample": 0.0, "max_depth": 7.0, "num_boost_round": 19.0}, "datetime": {"datetime": "2024-01-19 01:56:09", "elapsed": 6289.288055, "delta": 0.005056}}
{"target": -13.758527403371057, "params": {"gamma": 840.5837968407566, "log10_alpha": -3.6333293679735497, "log10_colsample_bytree": -0.1762731053979084, "log10_eta": -4.0, "log10_lambda": -4.823152606800717, "log10_min_child_weight": 2.889357976125115, "log10_subsample": 0.0, "max_depth": 7.0, "num_boost_round": 20.0}, "datetime": {"datetime": "2024-01-19 01:56:09", "elapsed": 6289.292858, "delta": 0.004803}}
{"target": -13.758526865728115, "params": {"gamma": 840.5837968407566, "log10_alpha": -3.6333293679735497, "log10_colsample_bytree": -0.1762731053979084, "log10_eta": -4.0, "log10_lambda": -4.823152606800717, "log10_min_child_weight": 2.889357976125115, "log10_subsample": 0.0, "max_depth": 7.0, "num_boost_round": 21.0}, "datetime": {"datetime": "2024-01-19 01:56:09", "elapsed": 6289.298155, "delta": 0.005297}}
{"target": -13.758523041969923, "params": {"gamma": 840.5837968407566, "log10_alpha": -3.6333293679735497, "log10_colsample_bytree": -0.1762731053979084, "log10_eta": -4.0, "log10_lambda": -4.823152606800717, "log10_min_child_weight": 2.889357976125115, "log10_subsample": 0.0, "max_depth": 7.0, "num_boost_round": 22.0}, "datetime": {"datetime": "2024-01-19 01:56:09", "elapsed": 6289.303388, "delta": 0.005233}}
{"target": -13.758528589741271, "params": {"gamma": 74.34439604660281, "log10_alpha": 0.5089497207967852, "log10_colsample_bytree": -0.37126788834343527, "log10_eta": -2.9812745687111364, "log10_lambda": -2.795962881017039, "log10_min_child_weight": 2.1373422567241738, "log10_subsample": -0.6003953156772928, "max_depth": 5.0, "num_boost_round": 0.0}, "datetime": {"datetime": "2024-01-19 01:57:01", "elapsed": 6341.914523, "delta": 52.611135}}
{"target": -13.75852220492434, "params": {"gamma": 74.34439604660281, "log10_alpha": 0.5089497207967852, "log10_colsample_bytree": -0.37126788834343527, "log10_eta": -2.9812745687111364, "log10_lambda": -2.795962881017039, "log10_min_child_weight": 2.1373422567241738, "log10_subsample": -0.6003953156772928, "max_depth": 5.0, "num_boost_round": 1.0}, "datetime": {"datetime": "2024-01-19 01:57:01", "elapsed": 6341.920282, "delta": 0.005759}}
{"target": -13.758520356771134, "params": {"gamma": 74.34439604660281, "log10_alpha": 0.5089497207967852, "log10_colsample_bytree": -0.37126788834343527, "log10_eta": -2.9812745687111364, "log10_lambda": -2.795962881017039, "log10_min_child_weight": 2.1373422567241738, "log10_subsample": -0.6003953156772928, "max_depth": 5.0, "num_boost_round": 2.0}, "datetime": {"datetime": "2024-01-19 01:57:01", "elapsed": 6341.925208, "delta": 0.004926}}
{"target": -13.758511525373905, "params": {"gamma": 74.34439604660281, "log10_alpha": 0.5089497207967852, "log10_colsample_bytree": -0.37126788834343527, "log10_eta": -2.9812745687111364, "log10_lambda": -2.795962881017039, "log10_min_child_weight": 2.1373422567241738, "log10_subsample": -0.6003953156772928, "max_depth": 5.0, "num_boost_round": 3.0}, "datetime": {"datetime": "2024-01-19 01:57:01", "elapsed": 6341.930101, "delta": 0.004893}}
{"target": -13.75848136087721, "params": {"gamma": 74.34439604660281, "log10_alpha": 0.5089497207967852, "log10_colsample_bytree": -0.37126788834343527, "log10_eta": -2.9812745687111364, "log10_lambda": -2.795962881017039, "log10_min_child_weight": 2.1373422567241738, "log10_subsample": -0.6003953156772928, "max_depth": 5.0, "num_boost_round": 4.0}, "datetime": {"datetime": "2024-01-19 01:57:01", "elapsed": 6341.935196, "delta": 0.005095}}
{"target": -13.758479079879859, "params": {"gamma": 74.34439604660281, "log10_alpha": 0.5089497207967852, "log10_colsample_bytree": -0.37126788834343527, "log10_eta": -2.9812745687111364, "log10_lambda": -2.795962881017039, "log10_min_child_weight": 2.1373422567241738, "log10_subsample": -0.6003953156772928, "max_depth": 5.0, "num_boost_round": 5.0}, "datetime": {"datetime": "2024-01-19 01:57:01", "elapsed": 6341.940128, "delta": 0.004932}}
{"target": -13.75849004782853, "params": {"gamma": 74.34439604660281, "log10_alpha": 0.5089497207967852, "log10_colsample_bytree": -0.37126788834343527, "log10_eta": -2.9812745687111364, "log10_lambda": -2.795962881017039, "log10_min_child_weight": 2.1373422567241738, "log10_subsample": -0.6003953156772928, "max_depth": 5.0, "num_boost_round": 6.0}, "datetime": {"datetime": "2024-01-19 01:57:01", "elapsed": 6341.944997, "delta": 0.004869}}
{"target": -13.758464312174233, "params": {"gamma": 74.34439604660281, "log10_alpha": 0.5089497207967852, "log10_colsample_bytree": -0.37126788834343527, "log10_eta": -2.9812745687111364, "log10_lambda": -2.795962881017039, "log10_min_child_weight": 2.1373422567241738, "log10_subsample": -0.6003953156772928, "max_depth": 5.0, "num_boost_round": 7.0}, "datetime": {"datetime": "2024-01-19 01:57:01", "elapsed": 6341.94988, "delta": 0.004883}}
{"target": -13.75846897402862, "params": {"gamma": 74.34439604660281, "log10_alpha": 0.5089497207967852, "log10_colsample_bytree": -0.37126788834343527, "log10_eta": -2.9812745687111364, "log10_lambda": -2.795962881017039, "log10_min_child_weight": 2.1373422567241738, "log10_subsample": -0.6003953156772928, "max_depth": 5.0, "num_boost_round": 8.0}, "datetime": {"datetime": "2024-01-19 01:57:01", "elapsed": 6341.954998, "delta": 0.005118}}
{"target": -13.75844970299045, "params": {"gamma": 74.34439604660281, "log10_alpha": 0.5089497207967852, "log10_colsample_bytree": -0.37126788834343527, "log10_eta": -2.9812745687111364, "log10_lambda": -2.795962881017039, "log10_min_child_weight": 2.1373422567241738, "log10_subsample": -0.6003953156772928, "max_depth": 5.0, "num_boost_round": 9.0}, "datetime": {"datetime": "2024-01-19 01:57:01", "elapsed": 6341.960052, "delta": 0.005054}}
{"target": -13.758383040535591, "params": {"gamma": 74.34439604660281, "log10_alpha": 0.5089497207967852, "log10_colsample_bytree": -0.37126788834343527, "log10_eta": -2.9812745687111364, "log10_lambda": -2.795962881017039, "log10_min_child_weight": 2.1373422567241738, "log10_subsample": -0.6003953156772928, "max_depth": 5.0, "num_boost_round": 10.0}, "datetime": {"datetime": "2024-01-19 01:57:01", "elapsed": 6341.964877, "delta": 0.004825}}
{"target": -13.75838096527622, "params": {"gamma": 74.34439604660281, "log10_alpha": 0.5089497207967852, "log10_colsample_bytree": -0.37126788834343527, "log10_eta": -2.9812745687111364, "log10_lambda": -2.795962881017039, "log10_min_child_weight": 2.1373422567241738, "log10_subsample": -0.6003953156772928, "max_depth": 5.0, "num_boost_round": 11.0}, "datetime": {"datetime": "2024-01-19 01:57:01", "elapsed": 6341.969675, "delta": 0.004798}}
{"target": -13.75837436025684, "params": {"gamma": 74.34439604660281, "log10_alpha": 0.5089497207967852, "log10_colsample_bytree": -0.37126788834343527, "log10_eta": -2.9812745687111364, "log10_lambda": -2.795962881017039, "log10_min_child_weight": 2.1373422567241738, "log10_subsample": -0.6003953156772928, "max_depth": 5.0, "num_boost_round": 12.0}, "datetime": {"datetime": "2024-01-19 01:57:01", "elapsed": 6341.974857, "delta": 0.005182}}
{"target": -13.75839745512613, "params": {"gamma": 74.34439604660281, "log10_alpha": 0.5089497207967852, "log10_colsample_bytree": -0.37126788834343527, "log10_eta": -2.9812745687111364, "log10_lambda": -2.795962881017039, "log10_min_child_weight": 2.1373422567241738, "log10_subsample": -0.6003953156772928, "max_depth": 5.0, "num_boost_round": 13.0}, "datetime": {"datetime": "2024-01-19 01:57:01", "elapsed": 6341.979859, "delta": 0.005002}}
{"target": -13.758422046514177, "params": {"gamma": 74.34439604660281, "log10_alpha": 0.5089497207967852, "log10_colsample_bytree": -0.37126788834343527, "log10_eta": -2.9812745687111364, "log10_lambda": -2.795962881017039, "log10_min_child_weight": 2.1373422567241738, "log10_subsample": -0.6003953156772928, "max_depth": 5.0, "num_boost_round": 14.0}, "datetime": {"datetime": "2024-01-19 01:57:01", "elapsed": 6341.984924, "delta": 0.005065}}
{"target": -13.758376443352947, "params": {"gamma": 74.34439604660281, "log10_alpha": 0.5089497207967852, "log10_colsample_bytree": -0.37126788834343527, "log10_eta": -2.9812745687111364, "log10_lambda": -2.795962881017039, "log10_min_child_weight": 2.1373422567241738, "log10_subsample": -0.6003953156772928, "max_depth": 5.0, "num_boost_round": 15.0}, "datetime": {"datetime": "2024-01-19 01:57:01", "elapsed": 6341.989726, "delta": 0.004802}}
{"target": -13.758348030469033, "params": {"gamma": 74.34439604660281, "log10_alpha": 0.5089497207967852, "log10_colsample_bytree": -0.37126788834343527, "log10_eta": -2.9812745687111364, "log10_lambda": -2.795962881017039, "log10_min_child_weight": 2.1373422567241738, "log10_subsample": -0.6003953156772928, "max_depth": 5.0, "num_boost_round": 16.0}, "datetime": {"datetime": "2024-01-19 01:57:01", "elapsed": 6341.994732, "delta": 0.005006}}
{"target": -13.758363196398872, "params": {"gamma": 74.34439604660281, "log10_alpha": 0.5089497207967852, "log10_colsample_bytree": -0.37126788834343527, "log10_eta": -2.9812745687111364, "log10_lambda": -2.795962881017039, "log10_min_child_weight": 2.1373422567241738, "log10_subsample": -0.6003953156772928, "max_depth": 5.0, "num_boost_round": 17.0}, "datetime": {"datetime": "2024-01-19 01:57:02", "elapsed": 6341.999687, "delta": 0.004955}}
{"target": -13.758317213809713, "params": {"gamma": 74.34439604660281, "log10_alpha": 0.5089497207967852, "log10_colsample_bytree": -0.37126788834343527, "log10_eta": -2.9812745687111364, "log10_lambda": -2.795962881017039, "log10_min_child_weight": 2.1373422567241738, "log10_subsample": -0.6003953156772928, "max_depth": 5.0, "num_boost_round": 18.0}, "datetime": {"datetime": "2024-01-19 01:57:02", "elapsed": 6342.004506, "delta": 0.004819}}
{"target": -13.758277825762764, "params": {"gamma": 74.34439604660281, "log10_alpha": 0.5089497207967852, "log10_colsample_bytree": -0.37126788834343527, "log10_eta": -2.9812745687111364, "log10_lambda": -2.795962881017039, "log10_min_child_weight": 2.1373422567241738, "log10_subsample": -0.6003953156772928, "max_depth": 5.0, "num_boost_round": 19.0}, "datetime": {"datetime": "2024-01-19 01:57:02", "elapsed": 6342.00943, "delta": 0.004924}}
{"target": -13.758228099078593, "params": {"gamma": 74.34439604660281, "log10_alpha": 0.5089497207967852, "log10_colsample_bytree": -0.37126788834343527, "log10_eta": -2.9812745687111364, "log10_lambda": -2.795962881017039, "log10_min_child_weight": 2.1373422567241738, "log10_subsample": -0.6003953156772928, "max_depth": 5.0, "num_boost_round": 20.0}, "datetime": {"datetime": "2024-01-19 01:57:02", "elapsed": 6342.01442, "delta": 0.00499}}
{"target": -13.75821211849079, "params": {"gamma": 74.34439604660281, "log10_alpha": 0.5089497207967852, "log10_colsample_bytree": -0.37126788834343527, "log10_eta": -2.9812745687111364, "log10_lambda": -2.795962881017039, "log10_min_child_weight": 2.1373422567241738, "log10_subsample": -0.6003953156772928, "max_depth": 5.0, "num_boost_round": 21.0}, "datetime": {"datetime": "2024-01-19 01:57:02", "elapsed": 6342.139704, "delta": 0.125284}}
{"target": -13.758191153874911, "params": {"gamma": 74.34439604660281, "log10_alpha": 0.5089497207967852, "log10_colsample_bytree": -0.37126788834343527, "log10_eta": -2.9812745687111364, "log10_lambda": -2.795962881017039, "log10_min_child_weight": 2.1373422567241738, "log10_subsample": -0.6003953156772928, "max_depth": 5.0, "num_boost_round": 22.0}, "datetime": {"datetime": "2024-01-19 01:57:02", "elapsed": 6342.145561, "delta": 0.005857}}
{"target": -13.758185406562884, "params": {"gamma": 74.34439604660281, "log10_alpha": 0.5089497207967852, "log10_colsample_bytree": -0.37126788834343527, "log10_eta": -2.9812745687111364, "log10_lambda": -2.795962881017039, "log10_min_child_weight": 2.1373422567241738, "log10_subsample": -0.6003953156772928, "max_depth": 5.0, "num_boost_round": 23.0}, "datetime": {"datetime": "2024-01-19 01:57:02", "elapsed": 6342.150616, "delta": 0.005055}}
{"target": -13.758177063554683, "params": {"gamma": 74.34439604660281, "log10_alpha": 0.5089497207967852, "log10_colsample_bytree": -0.37126788834343527, "log10_eta": -2.9812745687111364, "log10_lambda": -2.795962881017039, "log10_min_child_weight": 2.1373422567241738, "log10_subsample": -0.6003953156772928, "max_depth": 5.0, "num_boost_round": 24.0}, "datetime": {"datetime": "2024-01-19 01:57:02", "elapsed": 6342.155629, "delta": 0.005013}}
{"target": -13.75816677391421, "params": {"gamma": 74.34439604660281, "log10_alpha": 0.5089497207967852, "log10_colsample_bytree": -0.37126788834343527, "log10_eta": -2.9812745687111364, "log10_lambda": -2.795962881017039, "log10_min_child_weight": 2.1373422567241738, "log10_subsample": -0.6003953156772928, "max_depth": 5.0, "num_boost_round": 25.0}, "datetime": {"datetime": "2024-01-19 01:57:02", "elapsed": 6342.160467, "delta": 0.004838}}
