{"target": -17.677214555237097, "params": {"gamma": 167.4692042922682, "log10_alpha": -4.311574285230268, "log10_colsample_bytree": -0.2497210235795142, "log10_eta": -3.768435337633581, "log10_lambda": -0.30386875876059793, "log10_min_child_weight": 4.150578140975677, "log10_subsample": -0.6855385376386087, "max_depth": 3.0, "num_boost_round": 24.0}, "datetime": {"datetime": "2024-01-19 00:47:49", "elapsed": 2154.334048, "delta": 0.002945}}
{"target": -17.677214185521244, "params": {"gamma": 167.4692042922682, "log10_alpha": -4.311574285230268, "log10_colsample_bytree": -0.2497210235795142, "log10_eta": -3.768435337633581, "log10_lambda": -0.30386875876059793, "log10_min_child_weight": 4.150578140975677, "log10_subsample": -0.6855385376386087, "max_depth": 3.0, "num_boost_round": 25.0}, "datetime": {"datetime": "2024-01-19 00:47:49", "elapsed": 2154.337042, "delta": 0.002994}}
{"target": -17.677213343548967, "params": {"gamma": 167.4692042922682, "log10_alpha": -4.311574285230268, "log10_colsample_bytree": -0.2497210235795142, "log10_eta": -3.768435337633581, "log10_lambda": -0.30386875876059793, "log10_min_child_weight": 4.150578140975677, "log10_subsample": -0.6855385376386087, "max_depth": 3.0, "num_boost_round": 26.0}, "datetime": {"datetime": "2024-01-19 00:47:49", "elapsed": 2154.340032, "delta": 0.00299}}
{"target": -17.67721194343759, "params": {"gamma": 167.4692042922682, "log10_alpha": -4.311574285230268, "log10_colsample_bytree": -0.2497210235795142, "log10_eta": -3.768435337633581, "log10_lambda": -0.30386875876059793, "log10_min_child_weight": 4.150578140975677, "log10_subsample": -0.6855385376386087, "max_depth": 3.0, "num_boost_round": 27.0}, "datetime": {"datetime": "2024-01-19 00:47:49", "elapsed": 2154.343025, "delta": 0.002993}}
{"target": -17.6772114041741, "params": {"gamma": 167.4692042922682, "log10_alpha": -4.311574285230268, "log10_colsample_bytree": -0.2497210235795142, "log10_eta": -3.768435337633581, "log10_lambda": -0.30386875876059793, "log10_min_child_weight": 4.150578140975677, "log10_subsample": -0.6855385376386087, "max_depth": 3.0, "num_boost_round": 28.0}, "datetime": {"datetime": "2024-01-19 00:47:49", "elapsed": 2154.346006, "delta": 0.002981}}
{"target": -17.677212104818704, "params": {"gamma": 167.4692042922682, "log10_alpha": -4.311574285230268, "log10_colsample_bytree": -0.2497210235795142, "log10_eta": -3.768435337633581, "log10_lambda": -0.30386875876059793, "log10_min_child_weight": 4.150578140975677, "log10_subsample": -0.6855385376386087, "max_depth": 3.0, "num_boost_round": 29.0}, "datetime": {"datetime": "2024-01-19 00:47:49", "elapsed": 2154.348969, "delta": 0.002963}}
{"target": -17.6772118895687, "params": {"gamma": 167.4692042922682, "log10_alpha": -4.311574285230268, "log10_colsample_bytree": -0.2497210235795142, "log10_eta": -3.768435337633581, "log10_lambda": -0.30386875876059793, "log10_min_child_weight": 4.150578140975677, "log10_subsample": -0.6855385376386087, "max_depth": 3.0, "num_boost_round": 30.0}, "datetime": {"datetime": "2024-01-19 00:47:49", "elapsed": 2154.356831, "delta": 0.007862}}
{"target": -17.677213008251204, "params": {"gamma": 167.4692042922682, "log10_alpha": -4.311574285230268, "log10_colsample_bytree": -0.2497210235795142, "log10_eta": -3.768435337633581, "log10_lambda": -0.30386875876059793, "log10_min_child_weight": 4.150578140975677, "log10_subsample": -0.6855385376386087, "max_depth": 3.0, "num_boost_round": 31.0}, "datetime": {"datetime": "2024-01-19 00:47:49", "elapsed": 2154.359961, "delta": 0.00313}}
{"target": -17.677213975883618, "params": {"gamma": 167.4692042922682, "log10_alpha": -4.311574285230268, "log10_colsample_bytree": -0.2497210235795142, "log10_eta": -3.768435337633581, "log10_lambda": -0.30386875876059793, "log10_min_child_weight": 4.150578140975677, "log10_subsample": -0.6855385376386087, "max_depth": 3.0, "num_boost_round": 32.0}, "datetime": {"datetime": "2024-01-19 00:47:49", "elapsed": 2154.36307, "delta": 0.003109}}
{"target": -17.67721562670544, "params": {"gamma": 167.4692042922682, "log10_alpha": -4.311574285230268, "log10_colsample_bytree": -0.2497210235795142, "log10_eta": -3.768435337633581, "log10_lambda": -0.30386875876059793, "log10_min_child_weight": 4.150578140975677, "log10_subsample": -0.6855385376386087, "max_depth": 3.0, "num_boost_round": 33.0}, "datetime": {"datetime": "2024-01-19 00:47:49", "elapsed": 2154.366074, "delta": 0.003004}}
{"target": -17.67721556672684, "params": {"gamma": 167.4692042922682, "log10_alpha": -4.311574285230268, "log10_colsample_bytree": -0.2497210235795142, "log10_eta": -3.768435337633581, "log10_lambda": -0.30386875876059793, "log10_min_child_weight": 4.150578140975677, "log10_subsample": -0.6855385376386087, "max_depth": 3.0, "num_boost_round": 34.0}, "datetime": {"datetime": "2024-01-19 00:47:49", "elapsed": 2154.369179, "delta": 0.003105}}
{"target": -17.677217236933586, "params": {"gamma": 167.4692042922682, "log10_alpha": -4.311574285230268, "log10_colsample_bytree": -0.2497210235795142, "log10_eta": -3.768435337633581, "log10_lambda": -0.30386875876059793, "log10_min_child_weight": 4.150578140975677, "log10_subsample": -0.6855385376386087, "max_depth": 3.0, "num_boost_round": 35.0}, "datetime": {"datetime": "2024-01-19 00:47:49", "elapsed": 2154.372167, "delta": 0.002988}}
{"target": -17.677218111600183, "params": {"gamma": 167.4692042922682, "log10_alpha": -4.311574285230268, "log10_colsample_bytree": -0.2497210235795142, "log10_eta": -3.768435337633581, "log10_lambda": -0.30386875876059793, "log10_min_child_weight": 4.150578140975677, "log10_subsample": -0.6855385376386087, "max_depth": 3.0, "num_boost_round": 36.0}, "datetime": {"datetime": "2024-01-19 00:47:49", "elapsed": 2154.375192, "delta": 0.003025}}
{"target": -17.677221638673313, "params": {"gamma": 167.4692042922682, "log10_alpha": -4.311574285230268, "log10_colsample_bytree": -0.2497210235795142, "log10_eta": -3.768435337633581, "log10_lambda": -0.30386875876059793, "log10_min_child_weight": 4.150578140975677, "log10_subsample": -0.6855385376386087, "max_depth": 3.0, "num_boost_round": 37.0}, "datetime": {"datetime": "2024-01-19 00:47:49", "elapsed": 2154.378185, "delta": 0.002993}}
{"target": -17.677222690610567, "params": {"gamma": 167.4692042922682, "log10_alpha": -4.311574285230268, "log10_colsample_bytree": -0.2497210235795142, "log10_eta": -3.768435337633581, "log10_lambda": -0.30386875876059793, "log10_min_child_weight": 4.150578140975677, "log10_subsample": -0.6855385376386087, "max_depth": 3.0, "num_boost_round": 38.0}, "datetime": {"datetime": "2024-01-19 00:47:49", "elapsed": 2154.381301, "delta": 0.003116}}
{"target": -17.67722350728708, "params": {"gamma": 167.4692042922682, "log10_alpha": -4.311574285230268, "log10_colsample_bytree": -0.2497210235795142, "log10_eta": -3.768435337633581, "log10_lambda": -0.30386875876059793, "log10_min_child_weight": 4.150578140975677, "log10_subsample": -0.6855385376386087, "max_depth": 3.0, "num_boost_round": 39.0}, "datetime": {"datetime": "2024-01-19 00:47:49", "elapsed": 2154.384393, "delta": 0.003092}}
{"target": -17.677224206963494, "params": {"gamma": 167.4692042922682, "log10_alpha": -4.311574285230268, "log10_colsample_bytree": -0.2497210235795142, "log10_eta": -3.768435337633581, "log10_lambda": -0.30386875876059793, "log10_min_child_weight": 4.150578140975677, "log10_subsample": -0.6855385376386087, "max_depth": 3.0, "num_boost_round": 40.0}, "datetime": {"datetime": "2024-01-19 00:47:49", "elapsed": 2154.387627, "delta": 0.003234}}
{"target": -17.677224768855343, "params": {"gamma": 167.4692042922682, "log10_alpha": -4.311574285230268, "log10_colsample_bytree": -0.2497210235795142, "log10_eta": -3.768435337633581, "log10_lambda": -0.30386875876059793, "log10_min_child_weight": 4.150578140975677, "log10_subsample": -0.6855385376386087, "max_depth": 3.0, "num_boost_round": 41.0}, "datetime": {"datetime": "2024-01-19 00:47:49", "elapsed": 2154.390701, "delta": 0.003074}}
{"target": -17.677228600265558, "params": {"gamma": 167.4692042922682, "log10_alpha": -4.311574285230268, "log10_colsample_bytree": -0.2497210235795142, "log10_eta": -3.768435337633581, "log10_lambda": -0.30386875876059793, "log10_min_child_weight": 4.150578140975677, "log10_subsample": -0.6855385376386087, "max_depth": 3.0, "num_boost_round": 42.0}, "datetime": {"datetime": "2024-01-19 00:47:49", "elapsed": 2154.393774, "delta": 0.003073}}
{"target": -17.677227300131502, "params": {"gamma": 167.4692042922682, "log10_alpha": -4.311574285230268, "log10_colsample_bytree": -0.2497210235795142, "log10_eta": -3.768435337633581, "log10_lambda": -0.30386875876059793, "log10_min_child_weight": 4.150578140975677, "log10_subsample": -0.6855385376386087, "max_depth": 3.0, "num_boost_round": 43.0}, "datetime": {"datetime": "2024-01-19 00:47:49", "elapsed": 2154.396815, "delta": 0.003041}}
{"target": -17.677225203837573, "params": {"gamma": 153.3614025454546, "log10_alpha": -4.96479429209741, "log10_colsample_bytree": -0.10378748129732618, "log10_eta": -2.609281441427869, "log10_lambda": -1.8336399658851708, "log10_min_child_weight": 4.304507550094108, "log10_subsample": -0.5418533531908144, "max_depth": 2.0, "num_boost_round": 0.0}, "datetime": {"datetime": "2024-01-19 00:48:33", "elapsed": 2198.170695, "delta": 43.77388}}
{"target": -17.67724711730177, "params": {"gamma": 153.3614025454546, "log10_alpha": -4.96479429209741, "log10_colsample_bytree": -0.10378748129732618, "log10_eta": -2.609281441427869, "log10_lambda": -1.8336399658851708, "log10_min_child_weight": 4.304507550094108, "log10_subsample": -0.5418533531908144, "max_depth": 2.0, "num_boost_round": 1.0}, "datetime": {"datetime": "2024-01-19 00:48:33", "elapsed": 2198.174828, "delta": 0.004133}}
{"target": -17.677259746026177, "params": {"gamma": 153.3614025454546, "log10_alpha": -4.96479429209741, "log10_colsample_bytree": -0.10378748129732618, "log10_eta": -2.609281441427869, "log10_lambda": -1.8336399658851708, "log10_min_child_weight": 4.304507550094108, "log10_subsample": -0.5418533531908144, "max_depth": 2.0, "num_boost_round": 2.0}, "datetime": {"datetime": "2024-01-19 00:48:33", "elapsed": 2198.177894, "delta": 0.003066}}
{"target": -17.67726536970561, "params": {"gamma": 153.3614025454546, "log10_alpha": -4.96479429209741, "log10_colsample_bytree": -0.10378748129732618, "log10_eta": -2.609281441427869, "log10_lambda": -1.8336399658851708, "log10_min_child_weight": 4.304507550094108, "log10_subsample": -0.5418533531908144, "max_depth": 2.0, "num_boost_round": 3.0}, "datetime": {"datetime": "2024-01-19 00:48:33", "elapsed": 2198.181099, "delta": 0.003205}}
{"target": -17.677264565966333, "params": {"gamma": 153.3614025454546, "log10_alpha": -4.96479429209741, "log10_colsample_bytree": -0.10378748129732618, "log10_eta": -2.609281441427869, "log10_lambda": -1.8336399658851708, "log10_min_child_weight": 4.304507550094108, "log10_subsample": -0.5418533531908144, "max_depth": 2.0, "num_boost_round": 4.0}, "datetime": {"datetime": "2024-01-19 00:48:33", "elapsed": 2198.184163, "delta": 0.003064}}
{"target": -17.677245373214728, "params": {"gamma": 153.3614025454546, "log10_alpha": -4.96479429209741, "log10_colsample_bytree": -0.10378748129732618, "log10_eta": -2.609281441427869, "log10_lambda": -1.8336399658851708, "log10_min_child_weight": 4.304507550094108, "log10_subsample": -0.5418533531908144, "max_depth": 2.0, "num_boost_round": 5.0}, "datetime": {"datetime": "2024-01-19 00:48:33", "elapsed": 2198.187474, "delta": 0.003311}}
{"target": -17.677239106026377, "params": {"gamma": 153.3614025454546, "log10_alpha": -4.96479429209741, "log10_colsample_bytree": -0.10378748129732618, "log10_eta": -2.609281441427869, "log10_lambda": -1.8336399658851708, "log10_min_child_weight": 4.304507550094108, "log10_subsample": -0.5418533531908144, "max_depth": 2.0, "num_boost_round": 6.0}, "datetime": {"datetime": "2024-01-19 00:48:33", "elapsed": 2198.190713, "delta": 0.003239}}
{"target": -17.677224352136353, "params": {"gamma": 153.3614025454546, "log10_alpha": -4.96479429209741, "log10_colsample_bytree": -0.10378748129732618, "log10_eta": -2.609281441427869, "log10_lambda": -1.8336399658851708, "log10_min_child_weight": 4.304507550094108, "log10_subsample": -0.5418533531908144, "max_depth": 2.0, "num_boost_round": 7.0}, "datetime": {"datetime": "2024-01-19 00:48:33", "elapsed": 2198.194628, "delta": 0.003915}}
{"target": -17.677210796487124, "params": {"gamma": 153.3614025454546, "log10_alpha": -4.96479429209741, "log10_colsample_bytree": -0.10378748129732618, "log10_eta": -2.609281441427869, "log10_lambda": -1.8336399658851708, "log10_min_child_weight": 4.304507550094108, "log10_subsample": -0.5418533531908144, "max_depth": 2.0, "num_boost_round": 8.0}, "datetime": {"datetime": "2024-01-19 00:48:33", "elapsed": 2198.197967, "delta": 0.003339}}
{"target": -17.677196245514025, "params": {"gamma": 153.3614025454546, "log10_alpha": -4.96479429209741, "log10_colsample_bytree": -0.10378748129732618, "log10_eta": -2.609281441427869, "log10_lambda": -1.8336399658851708, "log10_min_child_weight": 4.304507550094108, "log10_subsample": -0.5418533531908144, "max_depth": 2.0, "num_boost_round": 9.0}, "datetime": {"datetime": "2024-01-19 00:48:33", "elapsed": 2198.20106, "delta": 0.003093}}
{"target": -17.67721770767775, "params": {"gamma": 153.3614025454546, "log10_alpha": -4.96479429209741, "log10_colsample_bytree": -0.10378748129732618, "log10_eta": -2.609281441427869, "log10_lambda": -1.8336399658851708, "log10_min_child_weight": 4.304507550094108, "log10_subsample": -0.5418533531908144, "max_depth": 2.0, "num_boost_round": 10.0}, "datetime": {"datetime": "2024-01-19 00:48:33", "elapsed": 2198.204077, "delta": 0.003017}}
{"target": -17.67719701696543, "params": {"gamma": 153.3614025454546, "log10_alpha": -4.96479429209741, "log10_colsample_bytree": -0.10378748129732618, "log10_eta": -2.609281441427869, "log10_lambda": -1.8336399658851708, "log10_min_child_weight": 4.304507550094108, "log10_subsample": -0.5418533531908144, "max_depth": 2.0, "num_boost_round": 11.0}, "datetime": {"datetime": "2024-01-19 00:48:33", "elapsed": 2198.207233, "delta": 0.003156}}
{"target": -17.67721200653386, "params": {"gamma": 153.3614025454546, "log10_alpha": -4.96479429209741, "log10_colsample_bytree": -0.10378748129732618, "log10_eta": -2.609281441427869, "log10_lambda": -1.8336399658851708, "log10_min_child_weight": 4.304507550094108, "log10_subsample": -0.5418533531908144, "max_depth": 2.0, "num_boost_round": 12.0}, "datetime": {"datetime": "2024-01-19 00:48:33", "elapsed": 2198.210224, "delta": 0.002991}}
{"target": -17.677223010186374, "params": {"gamma": 153.3614025454546, "log10_alpha": -4.96479429209741, "log10_colsample_bytree": -0.10378748129732618, "log10_eta": -2.609281441427869, "log10_lambda": -1.8336399658851708, "log10_min_child_weight": 4.304507550094108, "log10_subsample": -0.5418533531908144, "max_depth": 2.0, "num_boost_round": 13.0}, "datetime": {"datetime": "2024-01-19 00:48:33", "elapsed": 2198.213159, "delta": 0.002935}}
{"target": -17.67723766081822, "params": {"gamma": 153.3614025454546, "log10_alpha": -4.96479429209741, "log10_colsample_bytree": -0.10378748129732618, "log10_eta": -2.609281441427869, "log10_lambda": -1.8336399658851708, "log10_min_child_weight": 4.304507550094108, "log10_subsample": -0.5418533531908144, "max_depth": 2.0, "num_boost_round": 14.0}, "datetime": {"datetime": "2024-01-19 00:48:33", "elapsed": 2198.216076, "delta": 0.002917}}
{"target": -17.677221775299554, "params": {"gamma": 153.3614025454546, "log10_alpha": -4.96479429209741, "log10_colsample_bytree": -0.10378748129732618, "log10_eta": -2.609281441427869, "log10_lambda": -1.8336399658851708, "log10_min_child_weight": 4.304507550094108, "log10_subsample": -0.5418533531908144, "max_depth": 2.0, "num_boost_round": 15.0}, "datetime": {"datetime": "2024-01-19 00:48:33", "elapsed": 2198.219013, "delta": 0.002937}}
{"target": -17.677219032414385, "params": {"gamma": 153.3614025454546, "log10_alpha": -4.96479429209741, "log10_colsample_bytree": -0.10378748129732618, "log10_eta": -2.609281441427869, "log10_lambda": -1.8336399658851708, "log10_min_child_weight": 4.304507550094108, "log10_subsample": -0.5418533531908144, "max_depth": 2.0, "num_boost_round": 16.0}, "datetime": {"datetime": "2024-01-19 00:48:33", "elapsed": 2198.221973, "delta": 0.00296}}
{"target": -17.677217299824097, "params": {"gamma": 153.3614025454546, "log10_alpha": -4.96479429209741, "log10_colsample_bytree": -0.10378748129732618, "log10_eta": -2.609281441427869, "log10_lambda": -1.8336399658851708, "log10_min_child_weight": 4.304507550094108, "log10_subsample": -0.5418533531908144, "max_depth": 2.0, "num_boost_round": 17.0}, "datetime": {"datetime": "2024-01-19 00:48:33", "elapsed": 2198.224932, "delta": 0.002959}}
{"target": -17.677206067996117, "params": {"gamma": 153.3614025454546, "log10_alpha": -4.96479429209741, "log10_colsample_bytree": -0.10378748129732618, "log10_eta": -2.609281441427869, "log10_lambda": -1.8336399658851708, "log10_min_child_weight": 4.304507550094108, "log10_subsample": -0.5418533531908144, "max_depth": 2.0, "num_boost_round": 18.0}, "datetime": {"datetime": "2024-01-19 00:48:33", "elapsed": 2198.227913, "delta": 0.002981}}
{"target": -17.677207492591762, "params": {"gamma": 153.3614025454546, "log10_alpha": -4.96479429209741, "log10_colsample_bytree": -0.10378748129732618, "log10_eta": -2.609281441427869, "log10_lambda": -1.8336399658851708, "log10_min_child_weight": 4.304507550094108, "log10_subsample": -0.5418533531908144, "max_depth": 2.0, "num_boost_round": 19.0}, "datetime": {"datetime": "2024-01-19 00:48:33", "elapsed": 2198.230921, "delta": 0.003008}}
{"target": -17.677230044839128, "params": {"gamma": 153.3614025454546, "log10_alpha": -4.96479429209741, "log10_colsample_bytree": -0.10378748129732618, "log10_eta": -2.609281441427869, "log10_lambda": -1.8336399658851708, "log10_min_child_weight": 4.304507550094108, "log10_subsample": -0.5418533531908144, "max_depth": 2.0, "num_boost_round": 20.0}, "datetime": {"datetime": "2024-01-19 00:48:33", "elapsed": 2198.233899, "delta": 0.002978}}
{"target": -17.677252119268832, "params": {"gamma": 153.3614025454546, "log10_alpha": -4.96479429209741, "log10_colsample_bytree": -0.10378748129732618, "log10_eta": -2.609281441427869, "log10_lambda": -1.8336399658851708, "log10_min_child_weight": 4.304507550094108, "log10_subsample": -0.5418533531908144, "max_depth": 2.0, "num_boost_round": 21.0}, "datetime": {"datetime": "2024-01-19 00:48:33", "elapsed": 2198.236815, "delta": 0.002916}}
{"target": -17.677268753509637, "params": {"gamma": 153.3614025454546, "log10_alpha": -4.96479429209741, "log10_colsample_bytree": -0.10378748129732618, "log10_eta": -2.609281441427869, "log10_lambda": -1.8336399658851708, "log10_min_child_weight": 4.304507550094108, "log10_subsample": -0.5418533531908144, "max_depth": 2.0, "num_boost_round": 22.0}, "datetime": {"datetime": "2024-01-19 00:48:33", "elapsed": 2198.239821, "delta": 0.003006}}
{"target": -17.67727170871375, "params": {"gamma": 153.3614025454546, "log10_alpha": -4.96479429209741, "log10_colsample_bytree": -0.10378748129732618, "log10_eta": -2.609281441427869, "log10_lambda": -1.8336399658851708, "log10_min_child_weight": 4.304507550094108, "log10_subsample": -0.5418533531908144, "max_depth": 2.0, "num_boost_round": 23.0}, "datetime": {"datetime": "2024-01-19 00:48:33", "elapsed": 2198.242793, "delta": 0.002972}}
{"target": -17.677288412695198, "params": {"gamma": 153.3614025454546, "log10_alpha": -4.96479429209741, "log10_colsample_bytree": -0.10378748129732618, "log10_eta": -2.609281441427869, "log10_lambda": -1.8336399658851708, "log10_min_child_weight": 4.304507550094108, "log10_subsample": -0.5418533531908144, "max_depth": 2.0, "num_boost_round": 24.0}, "datetime": {"datetime": "2024-01-19 00:48:33", "elapsed": 2198.245867, "delta": 0.003074}}
{"target": -17.67731367804378, "params": {"gamma": 153.3614025454546, "log10_alpha": -4.96479429209741, "log10_colsample_bytree": -0.10378748129732618, "log10_eta": -2.609281441427869, "log10_lambda": -1.8336399658851708, "log10_min_child_weight": 4.304507550094108, "log10_subsample": -0.5418533531908144, "max_depth": 2.0, "num_boost_round": 25.0}, "datetime": {"datetime": "2024-01-19 00:48:33", "elapsed": 2198.248872, "delta": 0.003005}}
{"target": -17.67733560330983, "params": {"gamma": 153.3614025454546, "log10_alpha": -4.96479429209741, "log10_colsample_bytree": -0.10378748129732618, "log10_eta": -2.609281441427869, "log10_lambda": -1.8336399658851708, "log10_min_child_weight": 4.304507550094108, "log10_subsample": -0.5418533531908144, "max_depth": 2.0, "num_boost_round": 26.0}, "datetime": {"datetime": "2024-01-19 00:48:33", "elapsed": 2198.251918, "delta": 0.003046}}
{"target": -17.677336328007097, "params": {"gamma": 153.3614025454546, "log10_alpha": -4.96479429209741, "log10_colsample_bytree": -0.10378748129732618, "log10_eta": -2.609281441427869, "log10_lambda": -1.8336399658851708, "log10_min_child_weight": 4.304507550094108, "log10_subsample": -0.5418533531908144, "max_depth": 2.0, "num_boost_round": 27.0}, "datetime": {"datetime": "2024-01-19 00:48:33", "elapsed": 2198.254856, "delta": 0.002938}}
{"target": -17.67733469845641, "params": {"gamma": 153.3614025454546, "log10_alpha": -4.96479429209741, "log10_colsample_bytree": -0.10378748129732618, "log10_eta": -2.609281441427869, "log10_lambda": -1.8336399658851708, "log10_min_child_weight": 4.304507550094108, "log10_subsample": -0.5418533531908144, "max_depth": 2.0, "num_boost_round": 28.0}, "datetime": {"datetime": "2024-01-19 00:48:33", "elapsed": 2198.257949, "delta": 0.003093}}
