{"target": -17.676958705508664, "params": {"gamma": 70.04391915186181, "log10_alpha": -4.9658667058802335, "log10_colsample_bytree": -0.32015371764831757, "log10_eta": -3.3034559131767995, "log10_lambda": 0.5495243200282118, "log10_min_child_weight": 2.0720294617339228, "log10_subsample": -0.1590838374456378, "max_depth": 3.0, "num_boost_round": 18.0}, "datetime": {"datetime": "2024-01-19 00:18:43", "elapsed": 430.425356, "delta": 0.000741}}
{"target": -17.676935922526656, "params": {"gamma": 70.04391915186181, "log10_alpha": -4.9658667058802335, "log10_colsample_bytree": -0.32015371764831757, "log10_eta": -3.3034559131767995, "log10_lambda": 0.5495243200282118, "log10_min_child_weight": 2.0720294617339228, "log10_subsample": -0.1590838374456378, "max_depth": 3.0, "num_boost_round": 19.0}, "datetime": {"datetime": "2024-01-19 00:18:43", "elapsed": 430.426103, "delta": 0.000747}}
{"target": -17.676922097527413, "params": {"gamma": 70.04391915186181, "log10_alpha": -4.9658667058802335, "log10_colsample_bytree": -0.32015371764831757, "log10_eta": -3.3034559131767995, "log10_lambda": 0.5495243200282118, "log10_min_child_weight": 2.0720294617339228, "log10_subsample": -0.1590838374456378, "max_depth": 3.0, "num_boost_round": 20.0}, "datetime": {"datetime": "2024-01-19 00:18:43", "elapsed": 430.427008, "delta": 0.000905}}
{"target": -17.67690213548338, "params": {"gamma": 70.04391915186181, "log10_alpha": -4.9658667058802335, "log10_colsample_bytree": -0.32015371764831757, "log10_eta": -3.3034559131767995, "log10_lambda": 0.5495243200282118, "log10_min_child_weight": 2.0720294617339228, "log10_subsample": -0.1590838374456378, "max_depth": 3.0, "num_boost_round": 21.0}, "datetime": {"datetime": "2024-01-19 00:18:43", "elapsed": 430.427859, "delta": 0.000851}}
{"target": -17.676878974921156, "params": {"gamma": 70.04391915186181, "log10_alpha": -4.9658667058802335, "log10_colsample_bytree": -0.32015371764831757, "log10_eta": -3.3034559131767995, "log10_lambda": 0.5495243200282118, "log10_min_child_weight": 2.0720294617339228, "log10_subsample": -0.1590838374456378, "max_depth": 3.0, "num_boost_round": 22.0}, "datetime": {"datetime": "2024-01-19 00:18:43", "elapsed": 430.428728, "delta": 0.000869}}
{"target": -17.676860450718824, "params": {"gamma": 70.04391915186181, "log10_alpha": -4.9658667058802335, "log10_colsample_bytree": -0.32015371764831757, "log10_eta": -3.3034559131767995, "log10_lambda": 0.5495243200282118, "log10_min_child_weight": 2.0720294617339228, "log10_subsample": -0.1590838374456378, "max_depth": 3.0, "num_boost_round": 23.0}, "datetime": {"datetime": "2024-01-19 00:18:43", "elapsed": 430.429496, "delta": 0.000768}}
{"target": -17.676846835010764, "params": {"gamma": 70.04391915186181, "log10_alpha": -4.9658667058802335, "log10_colsample_bytree": -0.32015371764831757, "log10_eta": -3.3034559131767995, "log10_lambda": 0.5495243200282118, "log10_min_child_weight": 2.0720294617339228, "log10_subsample": -0.1590838374456378, "max_depth": 3.0, "num_boost_round": 24.0}, "datetime": {"datetime": "2024-01-19 00:18:43", "elapsed": 430.430258, "delta": 0.000762}}
{"target": -17.67682621883195, "params": {"gamma": 70.04391915186181, "log10_alpha": -4.9658667058802335, "log10_colsample_bytree": -0.32015371764831757, "log10_eta": -3.3034559131767995, "log10_lambda": 0.5495243200282118, "log10_min_child_weight": 2.0720294617339228, "log10_subsample": -0.1590838374456378, "max_depth": 3.0, "num_boost_round": 25.0}, "datetime": {"datetime": "2024-01-19 00:18:43", "elapsed": 430.431008, "delta": 0.00075}}
{"target": -17.676813639039658, "params": {"gamma": 70.04391915186181, "log10_alpha": -4.9658667058802335, "log10_colsample_bytree": -0.32015371764831757, "log10_eta": -3.3034559131767995, "log10_lambda": 0.5495243200282118, "log10_min_child_weight": 2.0720294617339228, "log10_subsample": -0.1590838374456378, "max_depth": 3.0, "num_boost_round": 26.0}, "datetime": {"datetime": "2024-01-19 00:18:43", "elapsed": 430.431761, "delta": 0.000753}}
{"target": -17.676799802807874, "params": {"gamma": 70.04391915186181, "log10_alpha": -4.9658667058802335, "log10_colsample_bytree": -0.32015371764831757, "log10_eta": -3.3034559131767995, "log10_lambda": 0.5495243200282118, "log10_min_child_weight": 2.0720294617339228, "log10_subsample": -0.1590838374456378, "max_depth": 3.0, "num_boost_round": 27.0}, "datetime": {"datetime": "2024-01-19 00:18:43", "elapsed": 430.432542, "delta": 0.000781}}
{"target": -17.676784364658474, "params": {"gamma": 70.04391915186181, "log10_alpha": -4.9658667058802335, "log10_colsample_bytree": -0.32015371764831757, "log10_eta": -3.3034559131767995, "log10_lambda": 0.5495243200282118, "log10_min_child_weight": 2.0720294617339228, "log10_subsample": -0.1590838374456378, "max_depth": 3.0, "num_boost_round": 28.0}, "datetime": {"datetime": "2024-01-19 00:18:43", "elapsed": 430.433322, "delta": 0.00078}}
{"target": -17.676775398359876, "params": {"gamma": 70.04391915186181, "log10_alpha": -4.9658667058802335, "log10_colsample_bytree": -0.32015371764831757, "log10_eta": -3.3034559131767995, "log10_lambda": 0.5495243200282118, "log10_min_child_weight": 2.0720294617339228, "log10_subsample": -0.1590838374456378, "max_depth": 3.0, "num_boost_round": 29.0}, "datetime": {"datetime": "2024-01-19 00:18:43", "elapsed": 430.434079, "delta": 0.000757}}
{"target": -17.676761737652523, "params": {"gamma": 70.04391915186181, "log10_alpha": -4.9658667058802335, "log10_colsample_bytree": -0.32015371764831757, "log10_eta": -3.3034559131767995, "log10_lambda": 0.5495243200282118, "log10_min_child_weight": 2.0720294617339228, "log10_subsample": -0.1590838374456378, "max_depth": 3.0, "num_boost_round": 30.0}, "datetime": {"datetime": "2024-01-19 00:18:43", "elapsed": 430.434829, "delta": 0.00075}}
{"target": -17.677205422422016, "params": {"gamma": 70.54937615787826, "log10_alpha": -4.369613461374643, "log10_colsample_bytree": -0.5885354972735992, "log10_eta": -3.2662358018820288, "log10_lambda": -2.3416939791745714, "log10_min_child_weight": 3.1807884463418112, "log10_subsample": -0.38881058888459075, "max_depth": 7.0, "num_boost_round": 0.0}, "datetime": {"datetime": "2024-01-19 00:19:06", "elapsed": 454.154375, "delta": 23.719546}}
{"target": -17.677199606223812, "params": {"gamma": 70.54937615787826, "log10_alpha": -4.369613461374643, "log10_colsample_bytree": -0.5885354972735992, "log10_eta": -3.2662358018820288, "log10_lambda": -2.3416939791745714, "log10_min_child_weight": 3.1807884463418112, "log10_subsample": -0.38881058888459075, "max_depth": 7.0, "num_boost_round": 1.0}, "datetime": {"datetime": "2024-01-19 00:19:06", "elapsed": 454.156146, "delta": 0.001771}}
{"target": -17.677181329374932, "params": {"gamma": 70.54937615787826, "log10_alpha": -4.369613461374643, "log10_colsample_bytree": -0.5885354972735992, "log10_eta": -3.2662358018820288, "log10_lambda": -2.3416939791745714, "log10_min_child_weight": 3.1807884463418112, "log10_subsample": -0.38881058888459075, "max_depth": 7.0, "num_boost_round": 2.0}, "datetime": {"datetime": "2024-01-19 00:19:06", "elapsed": 454.15696, "delta": 0.000814}}
{"target": -17.677171587618894, "params": {"gamma": 70.54937615787826, "log10_alpha": -4.369613461374643, "log10_colsample_bytree": -0.5885354972735992, "log10_eta": -3.2662358018820288, "log10_lambda": -2.3416939791745714, "log10_min_child_weight": 3.1807884463418112, "log10_subsample": -0.38881058888459075, "max_depth": 7.0, "num_boost_round": 3.0}, "datetime": {"datetime": "2024-01-19 00:19:06", "elapsed": 454.1582, "delta": 0.00124}}
{"target": -17.677152496125615, "params": {"gamma": 70.54937615787826, "log10_alpha": -4.369613461374643, "log10_colsample_bytree": -0.5885354972735992, "log10_eta": -3.2662358018820288, "log10_lambda": -2.3416939791745714, "log10_min_child_weight": 3.1807884463418112, "log10_subsample": -0.38881058888459075, "max_depth": 7.0, "num_boost_round": 4.0}, "datetime": {"datetime": "2024-01-19 00:19:06", "elapsed": 454.158981, "delta": 0.000781}}
{"target": -17.677134701334744, "params": {"gamma": 70.54937615787826, "log10_alpha": -4.369613461374643, "log10_colsample_bytree": -0.5885354972735992, "log10_eta": -3.2662358018820288, "log10_lambda": -2.3416939791745714, "log10_min_child_weight": 3.1807884463418112, "log10_subsample": -0.38881058888459075, "max_depth": 7.0, "num_boost_round": 5.0}, "datetime": {"datetime": "2024-01-19 00:19:06", "elapsed": 454.159752, "delta": 0.000771}}
{"target": -17.67712783616233, "params": {"gamma": 70.54937615787826, "log10_alpha": -4.369613461374643, "log10_colsample_bytree": -0.5885354972735992, "log10_eta": -3.2662358018820288, "log10_lambda": -2.3416939791745714, "log10_min_child_weight": 3.1807884463418112, "log10_subsample": -0.38881058888459075, "max_depth": 7.0, "num_boost_round": 6.0}, "datetime": {"datetime": "2024-01-19 00:19:06", "elapsed": 454.160526, "delta": 0.000774}}
{"target": -17.67708152460254, "params": {"gamma": 70.54937615787826, "log10_alpha": -4.369613461374643, "log10_colsample_bytree": -0.5885354972735992, "log10_eta": -3.2662358018820288, "log10_lambda": -2.3416939791745714, "log10_min_child_weight": 3.1807884463418112, "log10_subsample": -0.38881058888459075, "max_depth": 7.0, "num_boost_round": 7.0}, "datetime": {"datetime": "2024-01-19 00:19:06", "elapsed": 454.16132, "delta": 0.000794}}
{"target": -17.67707271907816, "params": {"gamma": 70.54937615787826, "log10_alpha": -4.369613461374643, "log10_colsample_bytree": -0.5885354972735992, "log10_eta": -3.2662358018820288, "log10_lambda": -2.3416939791745714, "log10_min_child_weight": 3.1807884463418112, "log10_subsample": -0.38881058888459075, "max_depth": 7.0, "num_boost_round": 8.0}, "datetime": {"datetime": "2024-01-19 00:19:06", "elapsed": 454.162151, "delta": 0.000831}}
{"target": -17.677049374197157, "params": {"gamma": 70.54937615787826, "log10_alpha": -4.369613461374643, "log10_colsample_bytree": -0.5885354972735992, "log10_eta": -3.2662358018820288, "log10_lambda": -2.3416939791745714, "log10_min_child_weight": 3.1807884463418112, "log10_subsample": -0.38881058888459075, "max_depth": 7.0, "num_boost_round": 9.0}, "datetime": {"datetime": "2024-01-19 00:19:06", "elapsed": 454.162915, "delta": 0.000764}}
{"target": -17.677034921878203, "params": {"gamma": 70.54937615787826, "log10_alpha": -4.369613461374643, "log10_colsample_bytree": -0.5885354972735992, "log10_eta": -3.2662358018820288, "log10_lambda": -2.3416939791745714, "log10_min_child_weight": 3.1807884463418112, "log10_subsample": -0.38881058888459075, "max_depth": 7.0, "num_boost_round": 10.0}, "datetime": {"datetime": "2024-01-19 00:19:06", "elapsed": 454.163696, "delta": 0.000781}}
{"target": -17.677026249205525, "params": {"gamma": 70.54937615787826, "log10_alpha": -4.369613461374643, "log10_colsample_bytree": -0.5885354972735992, "log10_eta": -3.2662358018820288, "log10_lambda": -2.3416939791745714, "log10_min_child_weight": 3.1807884463418112, "log10_subsample": -0.38881058888459075, "max_depth": 7.0, "num_boost_round": 11.0}, "datetime": {"datetime": "2024-01-19 00:19:06", "elapsed": 454.164489, "delta": 0.000793}}
{"target": -17.677027402271996, "params": {"gamma": 70.54937615787826, "log10_alpha": -4.369613461374643, "log10_colsample_bytree": -0.5885354972735992, "log10_eta": -3.2662358018820288, "log10_lambda": -2.3416939791745714, "log10_min_child_weight": 3.1807884463418112, "log10_subsample": -0.38881058888459075, "max_depth": 7.0, "num_boost_round": 12.0}, "datetime": {"datetime": "2024-01-19 00:19:06", "elapsed": 454.165276, "delta": 0.000787}}
{"target": -17.677022686408094, "params": {"gamma": 70.54937615787826, "log10_alpha": -4.369613461374643, "log10_colsample_bytree": -0.5885354972735992, "log10_eta": -3.2662358018820288, "log10_lambda": -2.3416939791745714, "log10_min_child_weight": 3.1807884463418112, "log10_subsample": -0.38881058888459075, "max_depth": 7.0, "num_boost_round": 13.0}, "datetime": {"datetime": "2024-01-19 00:19:06", "elapsed": 454.166067, "delta": 0.000791}}
{"target": -17.677031633670264, "params": {"gamma": 70.54937615787826, "log10_alpha": -4.369613461374643, "log10_colsample_bytree": -0.5885354972735992, "log10_eta": -3.2662358018820288, "log10_lambda": -2.3416939791745714, "log10_min_child_weight": 3.1807884463418112, "log10_subsample": -0.38881058888459075, "max_depth": 7.0, "num_boost_round": 14.0}, "datetime": {"datetime": "2024-01-19 00:19:06", "elapsed": 454.16684, "delta": 0.000773}}
{"target": -17.67701990262006, "params": {"gamma": 70.54937615787826, "log10_alpha": -4.369613461374643, "log10_colsample_bytree": -0.5885354972735992, "log10_eta": -3.2662358018820288, "log10_lambda": -2.3416939791745714, "log10_min_child_weight": 3.1807884463418112, "log10_subsample": -0.38881058888459075, "max_depth": 7.0, "num_boost_round": 15.0}, "datetime": {"datetime": "2024-01-19 00:19:06", "elapsed": 454.16789, "delta": 0.00105}}
{"target": -17.676989120470985, "params": {"gamma": 70.54937615787826, "log10_alpha": -4.369613461374643, "log10_colsample_bytree": -0.5885354972735992, "log10_eta": -3.2662358018820288, "log10_lambda": -2.3416939791745714, "log10_min_child_weight": 3.1807884463418112, "log10_subsample": -0.38881058888459075, "max_depth": 7.0, "num_boost_round": 16.0}, "datetime": {"datetime": "2024-01-19 00:19:06", "elapsed": 454.168714, "delta": 0.000824}}
{"target": -17.67698131600984, "params": {"gamma": 70.54937615787826, "log10_alpha": -4.369613461374643, "log10_colsample_bytree": -0.5885354972735992, "log10_eta": -3.2662358018820288, "log10_lambda": -2.3416939791745714, "log10_min_child_weight": 3.1807884463418112, "log10_subsample": -0.38881058888459075, "max_depth": 7.0, "num_boost_round": 17.0}, "datetime": {"datetime": "2024-01-19 00:19:06", "elapsed": 454.169505, "delta": 0.000791}}
{"target": -17.676977895594348, "params": {"gamma": 70.54937615787826, "log10_alpha": -4.369613461374643, "log10_colsample_bytree": -0.5885354972735992, "log10_eta": -3.2662358018820288, "log10_lambda": -2.3416939791745714, "log10_min_child_weight": 3.1807884463418112, "log10_subsample": -0.38881058888459075, "max_depth": 7.0, "num_boost_round": 18.0}, "datetime": {"datetime": "2024-01-19 00:19:06", "elapsed": 454.1703, "delta": 0.000795}}
{"target": -17.676968187958142, "params": {"gamma": 70.54937615787826, "log10_alpha": -4.369613461374643, "log10_colsample_bytree": -0.5885354972735992, "log10_eta": -3.2662358018820288, "log10_lambda": -2.3416939791745714, "log10_min_child_weight": 3.1807884463418112, "log10_subsample": -0.38881058888459075, "max_depth": 7.0, "num_boost_round": 19.0}, "datetime": {"datetime": "2024-01-19 00:19:06", "elapsed": 454.171106, "delta": 0.000806}}
{"target": -17.67720359101847, "params": {"gamma": 76.36947546202211, "log10_alpha": -2.122046693486673, "log10_colsample_bytree": -0.22355274775449108, "log10_eta": -2.7322212559650603, "log10_lambda": 0.4016920700282931, "log10_min_child_weight": 3.0146829513369755, "log10_subsample": -0.47046611695569185, "max_depth": 4.0, "num_boost_round": 0.0}, "datetime": {"datetime": "2024-01-19 00:19:26", "elapsed": 474.194763, "delta": 20.023657}}
{"target": -17.677113901998087, "params": {"gamma": 76.36947546202211, "log10_alpha": -2.122046693486673, "log10_colsample_bytree": -0.22355274775449108, "log10_eta": -2.7322212559650603, "log10_lambda": 0.4016920700282931, "log10_min_child_weight": 3.0146829513369755, "log10_subsample": -0.47046611695569185, "max_depth": 4.0, "num_boost_round": 1.0}, "datetime": {"datetime": "2024-01-19 00:19:26", "elapsed": 474.195777, "delta": 0.001014}}
{"target": -17.67703286870797, "params": {"gamma": 76.36947546202211, "log10_alpha": -2.122046693486673, "log10_colsample_bytree": -0.22355274775449108, "log10_eta": -2.7322212559650603, "log10_lambda": 0.4016920700282931, "log10_min_child_weight": 3.0146829513369755, "log10_subsample": -0.47046611695569185, "max_depth": 4.0, "num_boost_round": 2.0}, "datetime": {"datetime": "2024-01-19 00:19:26", "elapsed": 474.196961, "delta": 0.001184}}
{"target": -17.67702793034839, "params": {"gamma": 76.36947546202211, "log10_alpha": -2.122046693486673, "log10_colsample_bytree": -0.22355274775449108, "log10_eta": -2.7322212559650603, "log10_lambda": 0.4016920700282931, "log10_min_child_weight": 3.0146829513369755, "log10_subsample": -0.47046611695569185, "max_depth": 4.0, "num_boost_round": 3.0}, "datetime": {"datetime": "2024-01-19 00:19:26", "elapsed": 474.198513, "delta": 0.001552}}
{"target": -17.676988395208742, "params": {"gamma": 76.36947546202211, "log10_alpha": -2.122046693486673, "log10_colsample_bytree": -0.22355274775449108, "log10_eta": -2.7322212559650603, "log10_lambda": 0.4016920700282931, "log10_min_child_weight": 3.0146829513369755, "log10_subsample": -0.47046611695569185, "max_depth": 4.0, "num_boost_round": 4.0}, "datetime": {"datetime": "2024-01-19 00:19:26", "elapsed": 474.199499, "delta": 0.000986}}
{"target": -17.676927707355215, "params": {"gamma": 76.36947546202211, "log10_alpha": -2.122046693486673, "log10_colsample_bytree": -0.22355274775449108, "log10_eta": -2.7322212559650603, "log10_lambda": 0.4016920700282931, "log10_min_child_weight": 3.0146829513369755, "log10_subsample": -0.47046611695569185, "max_depth": 4.0, "num_boost_round": 5.0}, "datetime": {"datetime": "2024-01-19 00:19:26", "elapsed": 474.200318, "delta": 0.000819}}
{"target": -17.676895552340415, "params": {"gamma": 76.36947546202211, "log10_alpha": -2.122046693486673, "log10_colsample_bytree": -0.22355274775449108, "log10_eta": -2.7322212559650603, "log10_lambda": 0.4016920700282931, "log10_min_child_weight": 3.0146829513369755, "log10_subsample": -0.47046611695569185, "max_depth": 4.0, "num_boost_round": 6.0}, "datetime": {"datetime": "2024-01-19 00:19:26", "elapsed": 474.201106, "delta": 0.000788}}
{"target": -17.67679678600949, "params": {"gamma": 76.36947546202211, "log10_alpha": -2.122046693486673, "log10_colsample_bytree": -0.22355274775449108, "log10_eta": -2.7322212559650603, "log10_lambda": 0.4016920700282931, "log10_min_child_weight": 3.0146829513369755, "log10_subsample": -0.47046611695569185, "max_depth": 4.0, "num_boost_round": 7.0}, "datetime": {"datetime": "2024-01-19 00:19:26", "elapsed": 474.201895, "delta": 0.000789}}
{"target": -17.676752671368753, "params": {"gamma": 76.36947546202211, "log10_alpha": -2.122046693486673, "log10_colsample_bytree": -0.22355274775449108, "log10_eta": -2.7322212559650603, "log10_lambda": 0.4016920700282931, "log10_min_child_weight": 3.0146829513369755, "log10_subsample": -0.47046611695569185, "max_depth": 4.0, "num_boost_round": 8.0}, "datetime": {"datetime": "2024-01-19 00:19:26", "elapsed": 474.202714, "delta": 0.000819}}
{"target": -17.676774753858773, "params": {"gamma": 76.36947546202211, "log10_alpha": -2.122046693486673, "log10_colsample_bytree": -0.22355274775449108, "log10_eta": -2.7322212559650603, "log10_lambda": 0.4016920700282931, "log10_min_child_weight": 3.0146829513369755, "log10_subsample": -0.47046611695569185, "max_depth": 4.0, "num_boost_round": 9.0}, "datetime": {"datetime": "2024-01-19 00:19:26", "elapsed": 474.203575, "delta": 0.000861}}
{"target": -17.67669767353203, "params": {"gamma": 76.36947546202211, "log10_alpha": -2.122046693486673, "log10_colsample_bytree": -0.22355274775449108, "log10_eta": -2.7322212559650603, "log10_lambda": 0.4016920700282931, "log10_min_child_weight": 3.0146829513369755, "log10_subsample": -0.47046611695569185, "max_depth": 4.0, "num_boost_round": 10.0}, "datetime": {"datetime": "2024-01-19 00:19:26", "elapsed": 474.204387, "delta": 0.000812}}
{"target": -17.677216106234496, "params": {"gamma": 69.06047943927685, "log10_alpha": -2.8446367298745106, "log10_colsample_bytree": -0.5633872716882087, "log10_eta": -3.441839886208425, "log10_lambda": -4.3051349308525015, "log10_min_child_weight": 2.26690236971681, "log10_subsample": -0.019376077556574445, "max_depth": 4.0, "num_boost_round": 0.0}, "datetime": {"datetime": "2024-01-19 00:19:53", "elapsed": 500.847956, "delta": 26.643569}}
{"target": -17.677208309901168, "params": {"gamma": 69.06047943927685, "log10_alpha": -2.8446367298745106, "log10_colsample_bytree": -0.5633872716882087, "log10_eta": -3.441839886208425, "log10_lambda": -4.3051349308525015, "log10_min_child_weight": 2.26690236971681, "log10_subsample": -0.019376077556574445, "max_depth": 4.0, "num_boost_round": 1.0}, "datetime": {"datetime": "2024-01-19 00:19:53", "elapsed": 500.848979, "delta": 0.001023}}
{"target": -17.6771922582785, "params": {"gamma": 69.06047943927685, "log10_alpha": -2.8446367298745106, "log10_colsample_bytree": -0.5633872716882087, "log10_eta": -3.441839886208425, "log10_lambda": -4.3051349308525015, "log10_min_child_weight": 2.26690236971681, "log10_subsample": -0.019376077556574445, "max_depth": 4.0, "num_boost_round": 2.0}, "datetime": {"datetime": "2024-01-19 00:19:53", "elapsed": 500.849942, "delta": 0.000963}}
{"target": -17.67717516301573, "params": {"gamma": 69.06047943927685, "log10_alpha": -2.8446367298745106, "log10_colsample_bytree": -0.5633872716882087, "log10_eta": -3.441839886208425, "log10_lambda": -4.3051349308525015, "log10_min_child_weight": 2.26690236971681, "log10_subsample": -0.019376077556574445, "max_depth": 4.0, "num_boost_round": 3.0}, "datetime": {"datetime": "2024-01-19 00:19:53", "elapsed": 500.850752, "delta": 0.00081}}
{"target": -17.677156591043175, "params": {"gamma": 69.06047943927685, "log10_alpha": -2.8446367298745106, "log10_colsample_bytree": -0.5633872716882087, "log10_eta": -3.441839886208425, "log10_lambda": -4.3051349308525015, "log10_min_child_weight": 2.26690236971681, "log10_subsample": -0.019376077556574445, "max_depth": 4.0, "num_boost_round": 4.0}, "datetime": {"datetime": "2024-01-19 00:19:53", "elapsed": 500.851577, "delta": 0.000825}}
