{"target": -17.68041447820859, "params": {"gamma": 441.49703059558254, "log10_alpha": -2.9660483515265685, "log10_colsample_bytree": -0.3745603100153949, "log10_eta": -1.812880142187876, "log10_lambda": -4.677170183736802, "log10_min_child_weight": 1.2642782520200235, "log10_subsample": -0.8073762564947458, "max_depth": 9.0, "num_boost_round": 33.0}, "datetime": {"datetime": "2024-01-19 00:20:31", "elapsed": 523.90427, "delta": 0.001287}}
{"target": -17.68117796325334, "params": {"gamma": 441.49703059558254, "log10_alpha": -2.9660483515265685, "log10_colsample_bytree": -0.3745603100153949, "log10_eta": -1.812880142187876, "log10_lambda": -4.677170183736802, "log10_min_child_weight": 1.2642782520200235, "log10_subsample": -0.8073762564947458, "max_depth": 9.0, "num_boost_round": 34.0}, "datetime": {"datetime": "2024-01-19 00:20:31", "elapsed": 523.905501, "delta": 0.001231}}
{"target": -17.677225867910145, "params": {"gamma": 448.4913656746665, "log10_alpha": -0.33060796762982747, "log10_colsample_bytree": -0.5608343746023328, "log10_eta": -3.5050753122731706, "log10_lambda": 0.8871632569754935, "log10_min_child_weight": 3.878560396215564, "log10_subsample": -0.11438268778845773, "max_depth": 3.0, "num_boost_round": 0.0}, "datetime": {"datetime": "2024-01-19 00:20:51", "elapsed": 544.278046, "delta": 20.372545}}
{"target": -17.677220168872797, "params": {"gamma": 448.4913656746665, "log10_alpha": -0.33060796762982747, "log10_colsample_bytree": -0.5608343746023328, "log10_eta": -3.5050753122731706, "log10_lambda": 0.8871632569754935, "log10_min_child_weight": 3.878560396215564, "log10_subsample": -0.11438268778845773, "max_depth": 3.0, "num_boost_round": 1.0}, "datetime": {"datetime": "2024-01-19 00:20:51", "elapsed": 544.279731, "delta": 0.001685}}
{"target": -17.67721022027011, "params": {"gamma": 448.4913656746665, "log10_alpha": -0.33060796762982747, "log10_colsample_bytree": -0.5608343746023328, "log10_eta": -3.5050753122731706, "log10_lambda": 0.8871632569754935, "log10_min_child_weight": 3.878560396215564, "log10_subsample": -0.11438268778845773, "max_depth": 3.0, "num_boost_round": 2.0}, "datetime": {"datetime": "2024-01-19 00:20:51", "elapsed": 544.281406, "delta": 0.001675}}
{"target": -17.67720718242361, "params": {"gamma": 448.4913656746665, "log10_alpha": -0.33060796762982747, "log10_colsample_bytree": -0.5608343746023328, "log10_eta": -3.5050753122731706, "log10_lambda": 0.8871632569754935, "log10_min_child_weight": 3.878560396215564, "log10_subsample": -0.11438268778845773, "max_depth": 3.0, "num_boost_round": 3.0}, "datetime": {"datetime": "2024-01-19 00:20:51", "elapsed": 544.282828, "delta": 0.001422}}
{"target": -17.677200102097583, "params": {"gamma": 448.4913656746665, "log10_alpha": -0.33060796762982747, "log10_colsample_bytree": -0.5608343746023328, "log10_eta": -3.5050753122731706, "log10_lambda": 0.8871632569754935, "log10_min_child_weight": 3.878560396215564, "log10_subsample": -0.11438268778845773, "max_depth": 3.0, "num_boost_round": 4.0}, "datetime": {"datetime": "2024-01-19 00:20:51", "elapsed": 544.284762, "delta": 0.001934}}
{"target": -17.677195951274122, "params": {"gamma": 448.4913656746665, "log10_alpha": -0.33060796762982747, "log10_colsample_bytree": -0.5608343746023328, "log10_eta": -3.5050753122731706, "log10_lambda": 0.8871632569754935, "log10_min_child_weight": 3.878560396215564, "log10_subsample": -0.11438268778845773, "max_depth": 3.0, "num_boost_round": 5.0}, "datetime": {"datetime": "2024-01-19 00:20:51", "elapsed": 544.28604, "delta": 0.001278}}
{"target": -17.677195288117584, "params": {"gamma": 448.4913656746665, "log10_alpha": -0.33060796762982747, "log10_colsample_bytree": -0.5608343746023328, "log10_eta": -3.5050753122731706, "log10_lambda": 0.8871632569754935, "log10_min_child_weight": 3.878560396215564, "log10_subsample": -0.11438268778845773, "max_depth": 3.0, "num_boost_round": 6.0}, "datetime": {"datetime": "2024-01-19 00:20:51", "elapsed": 544.287426, "delta": 0.001386}}
{"target": -17.67719884800154, "params": {"gamma": 448.4913656746665, "log10_alpha": -0.33060796762982747, "log10_colsample_bytree": -0.5608343746023328, "log10_eta": -3.5050753122731706, "log10_lambda": 0.8871632569754935, "log10_min_child_weight": 3.878560396215564, "log10_subsample": -0.11438268778845773, "max_depth": 3.0, "num_boost_round": 7.0}, "datetime": {"datetime": "2024-01-19 00:20:51", "elapsed": 544.288665, "delta": 0.001239}}
{"target": -17.67719085587358, "params": {"gamma": 448.4913656746665, "log10_alpha": -0.33060796762982747, "log10_colsample_bytree": -0.5608343746023328, "log10_eta": -3.5050753122731706, "log10_lambda": 0.8871632569754935, "log10_min_child_weight": 3.878560396215564, "log10_subsample": -0.11438268778845773, "max_depth": 3.0, "num_boost_round": 8.0}, "datetime": {"datetime": "2024-01-19 00:20:51", "elapsed": 544.289904, "delta": 0.001239}}
{"target": -17.67718362453711, "params": {"gamma": 448.4913656746665, "log10_alpha": -0.33060796762982747, "log10_colsample_bytree": -0.5608343746023328, "log10_eta": -3.5050753122731706, "log10_lambda": 0.8871632569754935, "log10_min_child_weight": 3.878560396215564, "log10_subsample": -0.11438268778845773, "max_depth": 3.0, "num_boost_round": 9.0}, "datetime": {"datetime": "2024-01-19 00:20:51", "elapsed": 544.291239, "delta": 0.001335}}
{"target": -17.677174179238815, "params": {"gamma": 448.4913656746665, "log10_alpha": -0.33060796762982747, "log10_colsample_bytree": -0.5608343746023328, "log10_eta": -3.5050753122731706, "log10_lambda": 0.8871632569754935, "log10_min_child_weight": 3.878560396215564, "log10_subsample": -0.11438268778845773, "max_depth": 3.0, "num_boost_round": 10.0}, "datetime": {"datetime": "2024-01-19 00:20:51", "elapsed": 544.292502, "delta": 0.001263}}
{"target": -17.677170749972902, "params": {"gamma": 448.4913656746665, "log10_alpha": -0.33060796762982747, "log10_colsample_bytree": -0.5608343746023328, "log10_eta": -3.5050753122731706, "log10_lambda": 0.8871632569754935, "log10_min_child_weight": 3.878560396215564, "log10_subsample": -0.11438268778845773, "max_depth": 3.0, "num_boost_round": 11.0}, "datetime": {"datetime": "2024-01-19 00:20:51", "elapsed": 544.293731, "delta": 0.001229}}
{"target": -17.677162000563424, "params": {"gamma": 448.4913656746665, "log10_alpha": -0.33060796762982747, "log10_colsample_bytree": -0.5608343746023328, "log10_eta": -3.5050753122731706, "log10_lambda": 0.8871632569754935, "log10_min_child_weight": 3.878560396215564, "log10_subsample": -0.11438268778845773, "max_depth": 3.0, "num_boost_round": 12.0}, "datetime": {"datetime": "2024-01-19 00:20:51", "elapsed": 544.294987, "delta": 0.001256}}
{"target": -17.67723197216169, "params": {"gamma": 433.0193357495081, "log10_alpha": -4.021096283770834, "log10_colsample_bytree": -0.5434677384503337, "log10_eta": -1.9410943533334732, "log10_lambda": -3.208042847719855, "log10_min_child_weight": 4.958049951889208, "log10_subsample": -0.9960280957571482, "max_depth": 9.0, "num_boost_round": 0.0}, "datetime": {"datetime": "2024-01-19 00:21:23", "elapsed": 576.49635, "delta": 32.201363}}
{"target": -17.677232969365747, "params": {"gamma": 433.0193357495081, "log10_alpha": -4.021096283770834, "log10_colsample_bytree": -0.5434677384503337, "log10_eta": -1.9410943533334732, "log10_lambda": -3.208042847719855, "log10_min_child_weight": 4.958049951889208, "log10_subsample": -0.9960280957571482, "max_depth": 9.0, "num_boost_round": 1.0}, "datetime": {"datetime": "2024-01-19 00:21:23", "elapsed": 576.497814, "delta": 0.001464}}
{"target": -17.677235670899016, "params": {"gamma": 433.0193357495081, "log10_alpha": -4.021096283770834, "log10_colsample_bytree": -0.5434677384503337, "log10_eta": -1.9410943533334732, "log10_lambda": -3.208042847719855, "log10_min_child_weight": 4.958049951889208, "log10_subsample": -0.9960280957571482, "max_depth": 9.0, "num_boost_round": 2.0}, "datetime": {"datetime": "2024-01-19 00:21:23", "elapsed": 576.499701, "delta": 0.001887}}
{"target": -17.677238547293893, "params": {"gamma": 433.0193357495081, "log10_alpha": -4.021096283770834, "log10_colsample_bytree": -0.5434677384503337, "log10_eta": -1.9410943533334732, "log10_lambda": -3.208042847719855, "log10_min_child_weight": 4.958049951889208, "log10_subsample": -0.9960280957571482, "max_depth": 9.0, "num_boost_round": 3.0}, "datetime": {"datetime": "2024-01-19 00:21:23", "elapsed": 576.50104, "delta": 0.001339}}
{"target": -17.677242321501687, "params": {"gamma": 433.0193357495081, "log10_alpha": -4.021096283770834, "log10_colsample_bytree": -0.5434677384503337, "log10_eta": -1.9410943533334732, "log10_lambda": -3.208042847719855, "log10_min_child_weight": 4.958049951889208, "log10_subsample": -0.9960280957571482, "max_depth": 9.0, "num_boost_round": 4.0}, "datetime": {"datetime": "2024-01-19 00:21:23", "elapsed": 576.502572, "delta": 0.001532}}
{"target": -17.6772407603716, "params": {"gamma": 433.0193357495081, "log10_alpha": -4.021096283770834, "log10_colsample_bytree": -0.5434677384503337, "log10_eta": -1.9410943533334732, "log10_lambda": -3.208042847719855, "log10_min_child_weight": 4.958049951889208, "log10_subsample": -0.9960280957571482, "max_depth": 9.0, "num_boost_round": 5.0}, "datetime": {"datetime": "2024-01-19 00:21:23", "elapsed": 576.504027, "delta": 0.001455}}
{"target": -17.677241691515707, "params": {"gamma": 433.0193357495081, "log10_alpha": -4.021096283770834, "log10_colsample_bytree": -0.5434677384503337, "log10_eta": -1.9410943533334732, "log10_lambda": -3.208042847719855, "log10_min_child_weight": 4.958049951889208, "log10_subsample": -0.9960280957571482, "max_depth": 9.0, "num_boost_round": 6.0}, "datetime": {"datetime": "2024-01-19 00:21:23", "elapsed": 576.505307, "delta": 0.00128}}
{"target": -17.677236999928166, "params": {"gamma": 433.0193357495081, "log10_alpha": -4.021096283770834, "log10_colsample_bytree": -0.5434677384503337, "log10_eta": -1.9410943533334732, "log10_lambda": -3.208042847719855, "log10_min_child_weight": 4.958049951889208, "log10_subsample": -0.9960280957571482, "max_depth": 9.0, "num_boost_round": 7.0}, "datetime": {"datetime": "2024-01-19 00:21:23", "elapsed": 576.506583, "delta": 0.001276}}
{"target": -17.67723452563591, "params": {"gamma": 433.0193357495081, "log10_alpha": -4.021096283770834, "log10_colsample_bytree": -0.5434677384503337, "log10_eta": -1.9410943533334732, "log10_lambda": -3.208042847719855, "log10_min_child_weight": 4.958049951889208, "log10_subsample": -0.9960280957571482, "max_depth": 9.0, "num_boost_round": 8.0}, "datetime": {"datetime": "2024-01-19 00:21:23", "elapsed": 576.507923, "delta": 0.00134}}
{"target": -17.677231552800766, "params": {"gamma": 433.0193357495081, "log10_alpha": -4.021096283770834, "log10_colsample_bytree": -0.5434677384503337, "log10_eta": -1.9410943533334732, "log10_lambda": -3.208042847719855, "log10_min_child_weight": 4.958049951889208, "log10_subsample": -0.9960280957571482, "max_depth": 9.0, "num_boost_round": 9.0}, "datetime": {"datetime": "2024-01-19 00:21:23", "elapsed": 576.509204, "delta": 0.001281}}
{"target": -17.67723339321981, "params": {"gamma": 433.0193357495081, "log10_alpha": -4.021096283770834, "log10_colsample_bytree": -0.5434677384503337, "log10_eta": -1.9410943533334732, "log10_lambda": -3.208042847719855, "log10_min_child_weight": 4.958049951889208, "log10_subsample": -0.9960280957571482, "max_depth": 9.0, "num_boost_round": 10.0}, "datetime": {"datetime": "2024-01-19 00:21:23", "elapsed": 576.510552, "delta": 0.001348}}
{"target": -17.67723507545597, "params": {"gamma": 433.0193357495081, "log10_alpha": -4.021096283770834, "log10_colsample_bytree": -0.5434677384503337, "log10_eta": -1.9410943533334732, "log10_lambda": -3.208042847719855, "log10_min_child_weight": 4.958049951889208, "log10_subsample": -0.9960280957571482, "max_depth": 9.0, "num_boost_round": 11.0}, "datetime": {"datetime": "2024-01-19 00:21:23", "elapsed": 576.511808, "delta": 0.001256}}
{"target": -17.677234551486592, "params": {"gamma": 433.0193357495081, "log10_alpha": -4.021096283770834, "log10_colsample_bytree": -0.5434677384503337, "log10_eta": -1.9410943533334732, "log10_lambda": -3.208042847719855, "log10_min_child_weight": 4.958049951889208, "log10_subsample": -0.9960280957571482, "max_depth": 9.0, "num_boost_round": 12.0}, "datetime": {"datetime": "2024-01-19 00:21:23", "elapsed": 576.513069, "delta": 0.001261}}
{"target": -17.677236951794367, "params": {"gamma": 433.0193357495081, "log10_alpha": -4.021096283770834, "log10_colsample_bytree": -0.5434677384503337, "log10_eta": -1.9410943533334732, "log10_lambda": -3.208042847719855, "log10_min_child_weight": 4.958049951889208, "log10_subsample": -0.9960280957571482, "max_depth": 9.0, "num_boost_round": 13.0}, "datetime": {"datetime": "2024-01-19 00:21:23", "elapsed": 576.514334, "delta": 0.001265}}
{"target": -17.67723679724817, "params": {"gamma": 433.0193357495081, "log10_alpha": -4.021096283770834, "log10_colsample_bytree": -0.5434677384503337, "log10_eta": -1.9410943533334732, "log10_lambda": -3.208042847719855, "log10_min_child_weight": 4.958049951889208, "log10_subsample": -0.9960280957571482, "max_depth": 9.0, "num_boost_round": 14.0}, "datetime": {"datetime": "2024-01-19 00:21:23", "elapsed": 576.515605, "delta": 0.001271}}
{"target": -17.67723848113578, "params": {"gamma": 433.0193357495081, "log10_alpha": -4.021096283770834, "log10_colsample_bytree": -0.5434677384503337, "log10_eta": -1.9410943533334732, "log10_lambda": -3.208042847719855, "log10_min_child_weight": 4.958049951889208, "log10_subsample": -0.9960280957571482, "max_depth": 9.0, "num_boost_round": 15.0}, "datetime": {"datetime": "2024-01-19 00:21:23", "elapsed": 576.516872, "delta": 0.001267}}
{"target": -17.67723587692949, "params": {"gamma": 433.0193357495081, "log10_alpha": -4.021096283770834, "log10_colsample_bytree": -0.5434677384503337, "log10_eta": -1.9410943533334732, "log10_lambda": -3.208042847719855, "log10_min_child_weight": 4.958049951889208, "log10_subsample": -0.9960280957571482, "max_depth": 9.0, "num_boost_round": 16.0}, "datetime": {"datetime": "2024-01-19 00:21:23", "elapsed": 576.518157, "delta": 0.001285}}
{"target": -17.677238107379072, "params": {"gamma": 433.0193357495081, "log10_alpha": -4.021096283770834, "log10_colsample_bytree": -0.5434677384503337, "log10_eta": -1.9410943533334732, "log10_lambda": -3.208042847719855, "log10_min_child_weight": 4.958049951889208, "log10_subsample": -0.9960280957571482, "max_depth": 9.0, "num_boost_round": 17.0}, "datetime": {"datetime": "2024-01-19 00:21:23", "elapsed": 576.519429, "delta": 0.001272}}
{"target": -17.677237468798726, "params": {"gamma": 433.0193357495081, "log10_alpha": -4.021096283770834, "log10_colsample_bytree": -0.5434677384503337, "log10_eta": -1.9410943533334732, "log10_lambda": -3.208042847719855, "log10_min_child_weight": 4.958049951889208, "log10_subsample": -0.9960280957571482, "max_depth": 9.0, "num_boost_round": 18.0}, "datetime": {"datetime": "2024-01-19 00:21:23", "elapsed": 576.520774, "delta": 0.001345}}
{"target": -17.677241930591432, "params": {"gamma": 433.0193357495081, "log10_alpha": -4.021096283770834, "log10_colsample_bytree": -0.5434677384503337, "log10_eta": -1.9410943533334732, "log10_lambda": -3.208042847719855, "log10_min_child_weight": 4.958049951889208, "log10_subsample": -0.9960280957571482, "max_depth": 9.0, "num_boost_round": 19.0}, "datetime": {"datetime": "2024-01-19 00:21:23", "elapsed": 576.52205, "delta": 0.001276}}
{"target": -17.6772431325687, "params": {"gamma": 433.0193357495081, "log10_alpha": -4.021096283770834, "log10_colsample_bytree": -0.5434677384503337, "log10_eta": -1.9410943533334732, "log10_lambda": -3.208042847719855, "log10_min_child_weight": 4.958049951889208, "log10_subsample": -0.9960280957571482, "max_depth": 9.0, "num_boost_round": 20.0}, "datetime": {"datetime": "2024-01-19 00:21:23", "elapsed": 576.523329, "delta": 0.001279}}
{"target": -17.6772441161543, "params": {"gamma": 433.0193357495081, "log10_alpha": -4.021096283770834, "log10_colsample_bytree": -0.5434677384503337, "log10_eta": -1.9410943533334732, "log10_lambda": -3.208042847719855, "log10_min_child_weight": 4.958049951889208, "log10_subsample": -0.9960280957571482, "max_depth": 9.0, "num_boost_round": 21.0}, "datetime": {"datetime": "2024-01-19 00:21:23", "elapsed": 576.524598, "delta": 0.001269}}
{"target": -17.677242656125845, "params": {"gamma": 433.0193357495081, "log10_alpha": -4.021096283770834, "log10_colsample_bytree": -0.5434677384503337, "log10_eta": -1.9410943533334732, "log10_lambda": -3.208042847719855, "log10_min_child_weight": 4.958049951889208, "log10_subsample": -0.9960280957571482, "max_depth": 9.0, "num_boost_round": 22.0}, "datetime": {"datetime": "2024-01-19 00:21:23", "elapsed": 576.525889, "delta": 0.001291}}
{"target": -17.677240846455465, "params": {"gamma": 433.0193357495081, "log10_alpha": -4.021096283770834, "log10_colsample_bytree": -0.5434677384503337, "log10_eta": -1.9410943533334732, "log10_lambda": -3.208042847719855, "log10_min_child_weight": 4.958049951889208, "log10_subsample": -0.9960280957571482, "max_depth": 9.0, "num_boost_round": 23.0}, "datetime": {"datetime": "2024-01-19 00:21:23", "elapsed": 576.527286, "delta": 0.001397}}
{"target": -17.67723920405917, "params": {"gamma": 433.0193357495081, "log10_alpha": -4.021096283770834, "log10_colsample_bytree": -0.5434677384503337, "log10_eta": -1.9410943533334732, "log10_lambda": -3.208042847719855, "log10_min_child_weight": 4.958049951889208, "log10_subsample": -0.9960280957571482, "max_depth": 9.0, "num_boost_round": 24.0}, "datetime": {"datetime": "2024-01-19 00:21:23", "elapsed": 576.528565, "delta": 0.001279}}
{"target": -17.677239096486336, "params": {"gamma": 433.0193357495081, "log10_alpha": -4.021096283770834, "log10_colsample_bytree": -0.5434677384503337, "log10_eta": -1.9410943533334732, "log10_lambda": -3.208042847719855, "log10_min_child_weight": 4.958049951889208, "log10_subsample": -0.9960280957571482, "max_depth": 9.0, "num_boost_round": 25.0}, "datetime": {"datetime": "2024-01-19 00:21:23", "elapsed": 576.529834, "delta": 0.001269}}
{"target": -17.67723901724096, "params": {"gamma": 433.0193357495081, "log10_alpha": -4.021096283770834, "log10_colsample_bytree": -0.5434677384503337, "log10_eta": -1.9410943533334732, "log10_lambda": -3.208042847719855, "log10_min_child_weight": 4.958049951889208, "log10_subsample": -0.9960280957571482, "max_depth": 9.0, "num_boost_round": 26.0}, "datetime": {"datetime": "2024-01-19 00:21:23", "elapsed": 576.531186, "delta": 0.001352}}
{"target": -17.677239476230334, "params": {"gamma": 433.0193357495081, "log10_alpha": -4.021096283770834, "log10_colsample_bytree": -0.5434677384503337, "log10_eta": -1.9410943533334732, "log10_lambda": -3.208042847719855, "log10_min_child_weight": 4.958049951889208, "log10_subsample": -0.9960280957571482, "max_depth": 9.0, "num_boost_round": 27.0}, "datetime": {"datetime": "2024-01-19 00:21:23", "elapsed": 576.532478, "delta": 0.001292}}
{"target": -17.677238360223395, "params": {"gamma": 433.0193357495081, "log10_alpha": -4.021096283770834, "log10_colsample_bytree": -0.5434677384503337, "log10_eta": -1.9410943533334732, "log10_lambda": -3.208042847719855, "log10_min_child_weight": 4.958049951889208, "log10_subsample": -0.9960280957571482, "max_depth": 9.0, "num_boost_round": 28.0}, "datetime": {"datetime": "2024-01-19 00:21:23", "elapsed": 576.533769, "delta": 0.001291}}
{"target": -17.67723673616339, "params": {"gamma": 433.0193357495081, "log10_alpha": -4.021096283770834, "log10_colsample_bytree": -0.5434677384503337, "log10_eta": -1.9410943533334732, "log10_lambda": -3.208042847719855, "log10_min_child_weight": 4.958049951889208, "log10_subsample": -0.9960280957571482, "max_depth": 9.0, "num_boost_round": 29.0}, "datetime": {"datetime": "2024-01-19 00:21:23", "elapsed": 576.535055, "delta": 0.001286}}
{"target": -17.67723529823461, "params": {"gamma": 433.0193357495081, "log10_alpha": -4.021096283770834, "log10_colsample_bytree": -0.5434677384503337, "log10_eta": -1.9410943533334732, "log10_lambda": -3.208042847719855, "log10_min_child_weight": 4.958049951889208, "log10_subsample": -0.9960280957571482, "max_depth": 9.0, "num_boost_round": 30.0}, "datetime": {"datetime": "2024-01-19 00:21:23", "elapsed": 576.536342, "delta": 0.001287}}
{"target": -17.677236018289, "params": {"gamma": 433.0193357495081, "log10_alpha": -4.021096283770834, "log10_colsample_bytree": -0.5434677384503337, "log10_eta": -1.9410943533334732, "log10_lambda": -3.208042847719855, "log10_min_child_weight": 4.958049951889208, "log10_subsample": -0.9960280957571482, "max_depth": 9.0, "num_boost_round": 31.0}, "datetime": {"datetime": "2024-01-19 00:21:23", "elapsed": 576.537642, "delta": 0.0013}}
{"target": -17.677240159435073, "params": {"gamma": 433.0193357495081, "log10_alpha": -4.021096283770834, "log10_colsample_bytree": -0.5434677384503337, "log10_eta": -1.9410943533334732, "log10_lambda": -3.208042847719855, "log10_min_child_weight": 4.958049951889208, "log10_subsample": -0.9960280957571482, "max_depth": 9.0, "num_boost_round": 32.0}, "datetime": {"datetime": "2024-01-19 00:21:23", "elapsed": 576.538944, "delta": 0.001302}}
{"target": -17.677237588338127, "params": {"gamma": 433.0193357495081, "log10_alpha": -4.021096283770834, "log10_colsample_bytree": -0.5434677384503337, "log10_eta": -1.9410943533334732, "log10_lambda": -3.208042847719855, "log10_min_child_weight": 4.958049951889208, "log10_subsample": -0.9960280957571482, "max_depth": 9.0, "num_boost_round": 33.0}, "datetime": {"datetime": "2024-01-19 00:21:23", "elapsed": 576.54025, "delta": 0.001306}}
