{"target": -13.758534075479067, "params": {"gamma": 721.7238612152653, "log10_alpha": 0.1989054685746879, "log10_colsample_bytree": 0.0, "log10_eta": -4.0, "log10_lambda": 1.0, "log10_min_child_weight": 4.4302159925180735, "log10_subsample": 0.0, "max_depth": 7.0, "num_boost_round": 25.0}, "datetime": {"datetime": "2024-01-19 02:01:10", "elapsed": 6577.924943, "delta": 0.006507}}
{"target": -13.758533906427306, "params": {"gamma": 721.7238612152653, "log10_alpha": 0.1989054685746879, "log10_colsample_bytree": 0.0, "log10_eta": -4.0, "log10_lambda": 1.0, "log10_min_child_weight": 4.4302159925180735, "log10_subsample": 0.0, "max_depth": 7.0, "num_boost_round": 26.0}, "datetime": {"datetime": "2024-01-19 02:01:10", "elapsed": 6577.931232, "delta": 0.006289}}
{"target": -13.75853378327284, "params": {"gamma": 721.7238612152653, "log10_alpha": 0.1989054685746879, "log10_colsample_bytree": 0.0, "log10_eta": -4.0, "log10_lambda": 1.0, "log10_min_child_weight": 4.4302159925180735, "log10_subsample": 0.0, "max_depth": 7.0, "num_boost_round": 27.0}, "datetime": {"datetime": "2024-01-19 02:01:10", "elapsed": 6577.937337, "delta": 0.006105}}
{"target": -13.758533620336026, "params": {"gamma": 721.7238612152653, "log10_alpha": 0.1989054685746879, "log10_colsample_bytree": 0.0, "log10_eta": -4.0, "log10_lambda": 1.0, "log10_min_child_weight": 4.4302159925180735, "log10_subsample": 0.0, "max_depth": 7.0, "num_boost_round": 28.0}, "datetime": {"datetime": "2024-01-19 02:01:10", "elapsed": 6577.943557, "delta": 0.00622}}
{"target": -13.758533461319804, "params": {"gamma": 721.7238612152653, "log10_alpha": 0.1989054685746879, "log10_colsample_bytree": 0.0, "log10_eta": -4.0, "log10_lambda": 1.0, "log10_min_child_weight": 4.4302159925180735, "log10_subsample": 0.0, "max_depth": 7.0, "num_boost_round": 29.0}, "datetime": {"datetime": "2024-01-19 02:01:10", "elapsed": 6577.949401, "delta": 0.005844}}
{"target": -13.758533337446629, "params": {"gamma": 721.7238612152653, "log10_alpha": 0.1989054685746879, "log10_colsample_bytree": 0.0, "log10_eta": -4.0, "log10_lambda": 1.0, "log10_min_child_weight": 4.4302159925180735, "log10_subsample": 0.0, "max_depth": 7.0, "num_boost_round": 30.0}, "datetime": {"datetime": "2024-01-19 02:01:10", "elapsed": 6577.955117, "delta": 0.005716}}
{"target": -13.758533182819386, "params": {"gamma": 721.7238612152653, "log10_alpha": 0.1989054685746879, "log10_colsample_bytree": 0.0, "log10_eta": -4.0, "log10_lambda": 1.0, "log10_min_child_weight": 4.4302159925180735, "log10_subsample": 0.0, "max_depth": 7.0, "num_boost_round": 31.0}, "datetime": {"datetime": "2024-01-19 02:01:10", "elapsed": 6577.960892, "delta": 0.005775}}
{"target": -13.758533045758913, "params": {"gamma": 721.7238612152653, "log10_alpha": 0.1989054685746879, "log10_colsample_bytree": 0.0, "log10_eta": -4.0, "log10_lambda": 1.0, "log10_min_child_weight": 4.4302159925180735, "log10_subsample": 0.0, "max_depth": 7.0, "num_boost_round": 32.0}, "datetime": {"datetime": "2024-01-19 02:01:10", "elapsed": 6577.966566, "delta": 0.005674}}
{"target": -13.758532921031302, "params": {"gamma": 721.7238612152653, "log10_alpha": 0.1989054685746879, "log10_colsample_bytree": 0.0, "log10_eta": -4.0, "log10_lambda": 1.0, "log10_min_child_weight": 4.4302159925180735, "log10_subsample": 0.0, "max_depth": 7.0, "num_boost_round": 33.0}, "datetime": {"datetime": "2024-01-19 02:01:10", "elapsed": 6577.977026, "delta": 0.01046}}
{"target": -13.758532797252736, "params": {"gamma": 721.7238612152653, "log10_alpha": 0.1989054685746879, "log10_colsample_bytree": 0.0, "log10_eta": -4.0, "log10_lambda": 1.0, "log10_min_child_weight": 4.4302159925180735, "log10_subsample": 0.0, "max_depth": 7.0, "num_boost_round": 34.0}, "datetime": {"datetime": "2024-01-19 02:01:10", "elapsed": 6577.983524, "delta": 0.006498}}
{"target": -13.758532648263323, "params": {"gamma": 721.7238612152653, "log10_alpha": 0.1989054685746879, "log10_colsample_bytree": 0.0, "log10_eta": -4.0, "log10_lambda": 1.0, "log10_min_child_weight": 4.4302159925180735, "log10_subsample": 0.0, "max_depth": 7.0, "num_boost_round": 35.0}, "datetime": {"datetime": "2024-01-19 02:01:10", "elapsed": 6577.989647, "delta": 0.006123}}
{"target": -13.75853252132904, "params": {"gamma": 721.7238612152653, "log10_alpha": 0.1989054685746879, "log10_colsample_bytree": 0.0, "log10_eta": -4.0, "log10_lambda": 1.0, "log10_min_child_weight": 4.4302159925180735, "log10_subsample": 0.0, "max_depth": 7.0, "num_boost_round": 36.0}, "datetime": {"datetime": "2024-01-19 02:01:10", "elapsed": 6577.995616, "delta": 0.005969}}
{"target": -13.758532367302692, "params": {"gamma": 721.7238612152653, "log10_alpha": 0.1989054685746879, "log10_colsample_bytree": 0.0, "log10_eta": -4.0, "log10_lambda": 1.0, "log10_min_child_weight": 4.4302159925180735, "log10_subsample": 0.0, "max_depth": 7.0, "num_boost_round": 37.0}, "datetime": {"datetime": "2024-01-19 02:01:10", "elapsed": 6578.001601, "delta": 0.005985}}
{"target": -13.758532238215428, "params": {"gamma": 721.7238612152653, "log10_alpha": 0.1989054685746879, "log10_colsample_bytree": 0.0, "log10_eta": -4.0, "log10_lambda": 1.0, "log10_min_child_weight": 4.4302159925180735, "log10_subsample": 0.0, "max_depth": 7.0, "num_boost_round": 38.0}, "datetime": {"datetime": "2024-01-19 02:01:10", "elapsed": 6578.007677, "delta": 0.006076}}
{"target": -13.758532118232335, "params": {"gamma": 721.7238612152653, "log10_alpha": 0.1989054685746879, "log10_colsample_bytree": 0.0, "log10_eta": -4.0, "log10_lambda": 1.0, "log10_min_child_weight": 4.4302159925180735, "log10_subsample": 0.0, "max_depth": 7.0, "num_boost_round": 39.0}, "datetime": {"datetime": "2024-01-19 02:01:10", "elapsed": 6578.013939, "delta": 0.006262}}
{"target": -13.75853198297559, "params": {"gamma": 721.7238612152653, "log10_alpha": 0.1989054685746879, "log10_colsample_bytree": 0.0, "log10_eta": -4.0, "log10_lambda": 1.0, "log10_min_child_weight": 4.4302159925180735, "log10_subsample": 0.0, "max_depth": 7.0, "num_boost_round": 40.0}, "datetime": {"datetime": "2024-01-19 02:01:10", "elapsed": 6578.020418, "delta": 0.006479}}
{"target": -13.758531873719328, "params": {"gamma": 721.7238612152653, "log10_alpha": 0.1989054685746879, "log10_colsample_bytree": 0.0, "log10_eta": -4.0, "log10_lambda": 1.0, "log10_min_child_weight": 4.4302159925180735, "log10_subsample": 0.0, "max_depth": 7.0, "num_boost_round": 41.0}, "datetime": {"datetime": "2024-01-19 02:01:10", "elapsed": 6578.026447, "delta": 0.006029}}
{"target": -13.758531742804754, "params": {"gamma": 721.7238612152653, "log10_alpha": 0.1989054685746879, "log10_colsample_bytree": 0.0, "log10_eta": -4.0, "log10_lambda": 1.0, "log10_min_child_weight": 4.4302159925180735, "log10_subsample": 0.0, "max_depth": 7.0, "num_boost_round": 42.0}, "datetime": {"datetime": "2024-01-19 02:01:10", "elapsed": 6578.032568, "delta": 0.006121}}
{"target": -13.758531633333712, "params": {"gamma": 721.7238612152653, "log10_alpha": 0.1989054685746879, "log10_colsample_bytree": 0.0, "log10_eta": -4.0, "log10_lambda": 1.0, "log10_min_child_weight": 4.4302159925180735, "log10_subsample": 0.0, "max_depth": 7.0, "num_boost_round": 43.0}, "datetime": {"datetime": "2024-01-19 02:01:10", "elapsed": 6578.038721, "delta": 0.006153}}
{"target": -13.758531497720249, "params": {"gamma": 721.7238612152653, "log10_alpha": 0.1989054685746879, "log10_colsample_bytree": 0.0, "log10_eta": -4.0, "log10_lambda": 1.0, "log10_min_child_weight": 4.4302159925180735, "log10_subsample": 0.0, "max_depth": 7.0, "num_boost_round": 44.0}, "datetime": {"datetime": "2024-01-19 02:01:10", "elapsed": 6578.04514, "delta": 0.006419}}
{"target": -13.75853136305304, "params": {"gamma": 721.7238612152653, "log10_alpha": 0.1989054685746879, "log10_colsample_bytree": 0.0, "log10_eta": -4.0, "log10_lambda": 1.0, "log10_min_child_weight": 4.4302159925180735, "log10_subsample": 0.0, "max_depth": 7.0, "num_boost_round": 45.0}, "datetime": {"datetime": "2024-01-19 02:01:10", "elapsed": 6578.051295, "delta": 0.006155}}
{"target": -13.75853124979734, "params": {"gamma": 721.7238612152653, "log10_alpha": 0.1989054685746879, "log10_colsample_bytree": 0.0, "log10_eta": -4.0, "log10_lambda": 1.0, "log10_min_child_weight": 4.4302159925180735, "log10_subsample": 0.0, "max_depth": 7.0, "num_boost_round": 46.0}, "datetime": {"datetime": "2024-01-19 02:01:10", "elapsed": 6578.057466, "delta": 0.006171}}
{"target": -13.758531124600783, "params": {"gamma": 721.7238612152653, "log10_alpha": 0.1989054685746879, "log10_colsample_bytree": 0.0, "log10_eta": -4.0, "log10_lambda": 1.0, "log10_min_child_weight": 4.4302159925180735, "log10_subsample": 0.0, "max_depth": 7.0, "num_boost_round": 47.0}, "datetime": {"datetime": "2024-01-19 02:01:10", "elapsed": 6578.063666, "delta": 0.0062}}
{"target": -13.758531021598007, "params": {"gamma": 721.7238612152653, "log10_alpha": 0.1989054685746879, "log10_colsample_bytree": 0.0, "log10_eta": -4.0, "log10_lambda": 1.0, "log10_min_child_weight": 4.4302159925180735, "log10_subsample": 0.0, "max_depth": 7.0, "num_boost_round": 48.0}, "datetime": {"datetime": "2024-01-19 02:01:10", "elapsed": 6578.206491, "delta": 0.142825}}
{"target": -13.758530901476082, "params": {"gamma": 721.7238612152653, "log10_alpha": 0.1989054685746879, "log10_colsample_bytree": 0.0, "log10_eta": -4.0, "log10_lambda": 1.0, "log10_min_child_weight": 4.4302159925180735, "log10_subsample": 0.0, "max_depth": 7.0, "num_boost_round": 49.0}, "datetime": {"datetime": "2024-01-19 02:01:10", "elapsed": 6578.213891, "delta": 0.0074}}
{"target": -13.758530801083557, "params": {"gamma": 721.7238612152653, "log10_alpha": 0.1989054685746879, "log10_colsample_bytree": 0.0, "log10_eta": -4.0, "log10_lambda": 1.0, "log10_min_child_weight": 4.4302159925180735, "log10_subsample": 0.0, "max_depth": 7.0, "num_boost_round": 50.0}, "datetime": {"datetime": "2024-01-19 02:01:10", "elapsed": 6578.22043, "delta": 0.006539}}
{"target": -13.758530674466149, "params": {"gamma": 721.7238612152653, "log10_alpha": 0.1989054685746879, "log10_colsample_bytree": 0.0, "log10_eta": -4.0, "log10_lambda": 1.0, "log10_min_child_weight": 4.4302159925180735, "log10_subsample": 0.0, "max_depth": 7.0, "num_boost_round": 51.0}, "datetime": {"datetime": "2024-01-19 02:01:10", "elapsed": 6578.226795, "delta": 0.006365}}
{"target": -13.758530580364205, "params": {"gamma": 721.7238612152653, "log10_alpha": 0.1989054685746879, "log10_colsample_bytree": 0.0, "log10_eta": -4.0, "log10_lambda": 1.0, "log10_min_child_weight": 4.4302159925180735, "log10_subsample": 0.0, "max_depth": 7.0, "num_boost_round": 52.0}, "datetime": {"datetime": "2024-01-19 02:01:10", "elapsed": 6578.233204, "delta": 0.006409}}
{"target": -13.758530457794759, "params": {"gamma": 721.7238612152653, "log10_alpha": 0.1989054685746879, "log10_colsample_bytree": 0.0, "log10_eta": -4.0, "log10_lambda": 1.0, "log10_min_child_weight": 4.4302159925180735, "log10_subsample": 0.0, "max_depth": 7.0, "num_boost_round": 53.0}, "datetime": {"datetime": "2024-01-19 02:01:10", "elapsed": 6578.239507, "delta": 0.006303}}
{"target": -13.758530334912349, "params": {"gamma": 721.7238612152653, "log10_alpha": 0.1989054685746879, "log10_colsample_bytree": 0.0, "log10_eta": -4.0, "log10_lambda": 1.0, "log10_min_child_weight": 4.4302159925180735, "log10_subsample": 0.0, "max_depth": 7.0, "num_boost_round": 54.0}, "datetime": {"datetime": "2024-01-19 02:01:10", "elapsed": 6578.246584, "delta": 0.007077}}
{"target": -13.758530242459154, "params": {"gamma": 721.7238612152653, "log10_alpha": 0.1989054685746879, "log10_colsample_bytree": 0.0, "log10_eta": -4.0, "log10_lambda": 1.0, "log10_min_child_weight": 4.4302159925180735, "log10_subsample": 0.0, "max_depth": 7.0, "num_boost_round": 55.0}, "datetime": {"datetime": "2024-01-19 02:01:10", "elapsed": 6578.253523, "delta": 0.006939}}
{"target": -13.758530123354525, "params": {"gamma": 721.7238612152653, "log10_alpha": 0.1989054685746879, "log10_colsample_bytree": 0.0, "log10_eta": -4.0, "log10_lambda": 1.0, "log10_min_child_weight": 4.4302159925180735, "log10_subsample": 0.0, "max_depth": 7.0, "num_boost_round": 56.0}, "datetime": {"datetime": "2024-01-19 02:01:10", "elapsed": 6578.259578, "delta": 0.006055}}
{"target": -13.758530031467936, "params": {"gamma": 721.7238612152653, "log10_alpha": 0.1989054685746879, "log10_colsample_bytree": 0.0, "log10_eta": -4.0, "log10_lambda": 1.0, "log10_min_child_weight": 4.4302159925180735, "log10_subsample": 0.0, "max_depth": 7.0, "num_boost_round": 57.0}, "datetime": {"datetime": "2024-01-19 02:01:10", "elapsed": 6578.265428, "delta": 0.00585}}
{"target": -13.758536170375917, "params": {"gamma": 705.8753742929089, "log10_alpha": -2.930814704456663, "log10_colsample_bytree": -0.4639947391961432, "log10_eta": -3.5562315792293373, "log10_lambda": -3.461695883488685, "log10_min_child_weight": 0.0032778903569485873, "log10_subsample": -0.8187701638206446, "max_depth": 5.0, "num_boost_round": 0.0}, "datetime": {"datetime": "2024-01-19 02:02:40", "elapsed": 6668.110756, "delta": 89.845328}}
{"target": -13.758527335368209, "params": {"gamma": 705.8753742929089, "log10_alpha": -2.930814704456663, "log10_colsample_bytree": -0.4639947391961432, "log10_eta": -3.5562315792293373, "log10_lambda": -3.461695883488685, "log10_min_child_weight": 0.0032778903569485873, "log10_subsample": -0.8187701638206446, "max_depth": 5.0, "num_boost_round": 1.0}, "datetime": {"datetime": "2024-01-19 02:02:40", "elapsed": 6668.1176, "delta": 0.006844}}
{"target": -13.75851771664116, "params": {"gamma": 705.8753742929089, "log10_alpha": -2.930814704456663, "log10_colsample_bytree": -0.4639947391961432, "log10_eta": -3.5562315792293373, "log10_lambda": -3.461695883488685, "log10_min_child_weight": 0.0032778903569485873, "log10_subsample": -0.8187701638206446, "max_depth": 5.0, "num_boost_round": 2.0}, "datetime": {"datetime": "2024-01-19 02:02:40", "elapsed": 6668.124375, "delta": 0.006775}}
{"target": -13.758517628645615, "params": {"gamma": 705.8753742929089, "log10_alpha": -2.930814704456663, "log10_colsample_bytree": -0.4639947391961432, "log10_eta": -3.5562315792293373, "log10_lambda": -3.461695883488685, "log10_min_child_weight": 0.0032778903569485873, "log10_subsample": -0.8187701638206446, "max_depth": 5.0, "num_boost_round": 3.0}, "datetime": {"datetime": "2024-01-19 02:02:40", "elapsed": 6668.131049, "delta": 0.006674}}
{"target": -13.758506309932814, "params": {"gamma": 705.8753742929089, "log10_alpha": -2.930814704456663, "log10_colsample_bytree": -0.4639947391961432, "log10_eta": -3.5562315792293373, "log10_lambda": -3.461695883488685, "log10_min_child_weight": 0.0032778903569485873, "log10_subsample": -0.8187701638206446, "max_depth": 5.0, "num_boost_round": 4.0}, "datetime": {"datetime": "2024-01-19 02:02:40", "elapsed": 6668.137467, "delta": 0.006418}}
{"target": -13.758511354758175, "params": {"gamma": 705.8753742929089, "log10_alpha": -2.930814704456663, "log10_colsample_bytree": -0.4639947391961432, "log10_eta": -3.5562315792293373, "log10_lambda": -3.461695883488685, "log10_min_child_weight": 0.0032778903569485873, "log10_subsample": -0.8187701638206446, "max_depth": 5.0, "num_boost_round": 5.0}, "datetime": {"datetime": "2024-01-19 02:02:40", "elapsed": 6668.144252, "delta": 0.006785}}
{"target": -13.758512807994194, "params": {"gamma": 705.8753742929089, "log10_alpha": -2.930814704456663, "log10_colsample_bytree": -0.4639947391961432, "log10_eta": -3.5562315792293373, "log10_lambda": -3.461695883488685, "log10_min_child_weight": 0.0032778903569485873, "log10_subsample": -0.8187701638206446, "max_depth": 5.0, "num_boost_round": 6.0}, "datetime": {"datetime": "2024-01-19 02:02:40", "elapsed": 6668.150951, "delta": 0.006699}}
{"target": -13.758503394745931, "params": {"gamma": 705.8753742929089, "log10_alpha": -2.930814704456663, "log10_colsample_bytree": -0.4639947391961432, "log10_eta": -3.5562315792293373, "log10_lambda": -3.461695883488685, "log10_min_child_weight": 0.0032778903569485873, "log10_subsample": -0.8187701638206446, "max_depth": 5.0, "num_boost_round": 7.0}, "datetime": {"datetime": "2024-01-19 02:02:40", "elapsed": 6668.157442, "delta": 0.006491}}
{"target": -13.758494541649325, "params": {"gamma": 705.8753742929089, "log10_alpha": -2.930814704456663, "log10_colsample_bytree": -0.4639947391961432, "log10_eta": -3.5562315792293373, "log10_lambda": -3.461695883488685, "log10_min_child_weight": 0.0032778903569485873, "log10_subsample": -0.8187701638206446, "max_depth": 5.0, "num_boost_round": 8.0}, "datetime": {"datetime": "2024-01-19 02:02:40", "elapsed": 6668.163823, "delta": 0.006381}}
{"target": -13.758488995873606, "params": {"gamma": 705.8753742929089, "log10_alpha": -2.930814704456663, "log10_colsample_bytree": -0.4639947391961432, "log10_eta": -3.5562315792293373, "log10_lambda": -3.461695883488685, "log10_min_child_weight": 0.0032778903569485873, "log10_subsample": -0.8187701638206446, "max_depth": 5.0, "num_boost_round": 9.0}, "datetime": {"datetime": "2024-01-19 02:02:40", "elapsed": 6668.1699, "delta": 0.006077}}
{"target": -13.758487721980934, "params": {"gamma": 705.8753742929089, "log10_alpha": -2.930814704456663, "log10_colsample_bytree": -0.4639947391961432, "log10_eta": -3.5562315792293373, "log10_lambda": -3.461695883488685, "log10_min_child_weight": 0.0032778903569485873, "log10_subsample": -0.8187701638206446, "max_depth": 5.0, "num_boost_round": 10.0}, "datetime": {"datetime": "2024-01-19 02:02:40", "elapsed": 6668.176295, "delta": 0.006395}}
{"target": -13.758487657204768, "params": {"gamma": 705.8753742929089, "log10_alpha": -2.930814704456663, "log10_colsample_bytree": -0.4639947391961432, "log10_eta": -3.5562315792293373, "log10_lambda": -3.461695883488685, "log10_min_child_weight": 0.0032778903569485873, "log10_subsample": -0.8187701638206446, "max_depth": 5.0, "num_boost_round": 11.0}, "datetime": {"datetime": "2024-01-19 02:02:40", "elapsed": 6668.182737, "delta": 0.006442}}
{"target": -13.758479654034254, "params": {"gamma": 705.8753742929089, "log10_alpha": -2.930814704456663, "log10_colsample_bytree": -0.4639947391961432, "log10_eta": -3.5562315792293373, "log10_lambda": -3.461695883488685, "log10_min_child_weight": 0.0032778903569485873, "log10_subsample": -0.8187701638206446, "max_depth": 5.0, "num_boost_round": 12.0}, "datetime": {"datetime": "2024-01-19 02:02:40", "elapsed": 6668.189259, "delta": 0.006522}}
{"target": -13.758488635463719, "params": {"gamma": 705.8753742929089, "log10_alpha": -2.930814704456663, "log10_colsample_bytree": -0.4639947391961432, "log10_eta": -3.5562315792293373, "log10_lambda": -3.461695883488685, "log10_min_child_weight": 0.0032778903569485873, "log10_subsample": -0.8187701638206446, "max_depth": 5.0, "num_boost_round": 13.0}, "datetime": {"datetime": "2024-01-19 02:02:40", "elapsed": 6668.196024, "delta": 0.006765}}
{"target": -13.758488357489112, "params": {"gamma": 705.8753742929089, "log10_alpha": -2.930814704456663, "log10_colsample_bytree": -0.4639947391961432, "log10_eta": -3.5562315792293373, "log10_lambda": -3.461695883488685, "log10_min_child_weight": 0.0032778903569485873, "log10_subsample": -0.8187701638206446, "max_depth": 5.0, "num_boost_round": 14.0}, "datetime": {"datetime": "2024-01-19 02:02:40", "elapsed": 6668.202558, "delta": 0.006534}}
{"target": -13.758474579435886, "params": {"gamma": 705.8753742929089, "log10_alpha": -2.930814704456663, "log10_colsample_bytree": -0.4639947391961432, "log10_eta": -3.5562315792293373, "log10_lambda": -3.461695883488685, "log10_min_child_weight": 0.0032778903569485873, "log10_subsample": -0.8187701638206446, "max_depth": 5.0, "num_boost_round": 15.0}, "datetime": {"datetime": "2024-01-19 02:02:40", "elapsed": 6668.209178, "delta": 0.00662}}
{"target": -13.758478036401236, "params": {"gamma": 705.8753742929089, "log10_alpha": -2.930814704456663, "log10_colsample_bytree": -0.4639947391961432, "log10_eta": -3.5562315792293373, "log10_lambda": -3.461695883488685, "log10_min_child_weight": 0.0032778903569485873, "log10_subsample": -0.8187701638206446, "max_depth": 5.0, "num_boost_round": 16.0}, "datetime": {"datetime": "2024-01-19 02:02:40", "elapsed": 6668.215459, "delta": 0.006281}}
{"target": -13.758468839302457, "params": {"gamma": 705.8753742929089, "log10_alpha": -2.930814704456663, "log10_colsample_bytree": -0.4639947391961432, "log10_eta": -3.5562315792293373, "log10_lambda": -3.461695883488685, "log10_min_child_weight": 0.0032778903569485873, "log10_subsample": -0.8187701638206446, "max_depth": 5.0, "num_boost_round": 17.0}, "datetime": {"datetime": "2024-01-19 02:02:40", "elapsed": 6668.221885, "delta": 0.006426}}
{"target": -13.758472868518778, "params": {"gamma": 705.8753742929089, "log10_alpha": -2.930814704456663, "log10_colsample_bytree": -0.4639947391961432, "log10_eta": -3.5562315792293373, "log10_lambda": -3.461695883488685, "log10_min_child_weight": 0.0032778903569485873, "log10_subsample": -0.8187701638206446, "max_depth": 5.0, "num_boost_round": 18.0}, "datetime": {"datetime": "2024-01-19 02:02:40", "elapsed": 6668.228139, "delta": 0.006254}}
{"target": -13.758474862385285, "params": {"gamma": 705.8753742929089, "log10_alpha": -2.930814704456663, "log10_colsample_bytree": -0.4639947391961432, "log10_eta": -3.5562315792293373, "log10_lambda": -3.461695883488685, "log10_min_child_weight": 0.0032778903569485873, "log10_subsample": -0.8187701638206446, "max_depth": 5.0, "num_boost_round": 19.0}, "datetime": {"datetime": "2024-01-19 02:02:40", "elapsed": 6668.234533, "delta": 0.006394}}
