{"target": -13.758537072531986, "params": {"gamma": 518.2704486114989, "log10_alpha": -4.755641897539691, "log10_colsample_bytree": -0.7819405055045752, "log10_eta": -4.0, "log10_lambda": 0.9872851935781094, "log10_min_child_weight": 5.0, "log10_subsample": -0.2608172785338322, "max_depth": 2.0, "num_boost_round": 4.0}, "datetime": {"datetime": "2024-01-19 00:32:46", "elapsed": 1298.771261, "delta": 0.001508}}
{"target": -13.758536641792487, "params": {"gamma": 518.2704486114989, "log10_alpha": -4.755641897539691, "log10_colsample_bytree": -0.7819405055045752, "log10_eta": -4.0, "log10_lambda": 0.9872851935781094, "log10_min_child_weight": 5.0, "log10_subsample": -0.2608172785338322, "max_depth": 2.0, "num_boost_round": 5.0}, "datetime": {"datetime": "2024-01-19 00:32:46", "elapsed": 1298.772888, "delta": 0.001627}}
{"target": -13.758537109173856, "params": {"gamma": 518.2704486114989, "log10_alpha": -4.755641897539691, "log10_colsample_bytree": -0.7819405055045752, "log10_eta": -4.0, "log10_lambda": 0.9872851935781094, "log10_min_child_weight": 5.0, "log10_subsample": -0.2608172785338322, "max_depth": 2.0, "num_boost_round": 6.0}, "datetime": {"datetime": "2024-01-19 00:32:46", "elapsed": 1298.774458, "delta": 0.00157}}
{"target": -13.758536818513585, "params": {"gamma": 518.2704486114989, "log10_alpha": -4.755641897539691, "log10_colsample_bytree": -0.7819405055045752, "log10_eta": -4.0, "log10_lambda": 0.9872851935781094, "log10_min_child_weight": 5.0, "log10_subsample": -0.2608172785338322, "max_depth": 2.0, "num_boost_round": 7.0}, "datetime": {"datetime": "2024-01-19 00:32:46", "elapsed": 1298.775964, "delta": 0.001506}}
{"target": -13.758536814924154, "params": {"gamma": 518.2704486114989, "log10_alpha": -4.755641897539691, "log10_colsample_bytree": -0.7819405055045752, "log10_eta": -4.0, "log10_lambda": 0.9872851935781094, "log10_min_child_weight": 5.0, "log10_subsample": -0.2608172785338322, "max_depth": 2.0, "num_boost_round": 8.0}, "datetime": {"datetime": "2024-01-19 00:32:46", "elapsed": 1298.777456, "delta": 0.001492}}
{"target": -13.758536905999549, "params": {"gamma": 518.2704486114989, "log10_alpha": -4.755641897539691, "log10_colsample_bytree": -0.7819405055045752, "log10_eta": -4.0, "log10_lambda": 0.9872851935781094, "log10_min_child_weight": 5.0, "log10_subsample": -0.2608172785338322, "max_depth": 2.0, "num_boost_round": 9.0}, "datetime": {"datetime": "2024-01-19 00:32:46", "elapsed": 1298.77895, "delta": 0.001494}}
{"target": -13.758536303035358, "params": {"gamma": 518.2704486114989, "log10_alpha": -4.755641897539691, "log10_colsample_bytree": -0.7819405055045752, "log10_eta": -4.0, "log10_lambda": 0.9872851935781094, "log10_min_child_weight": 5.0, "log10_subsample": -0.2608172785338322, "max_depth": 2.0, "num_boost_round": 10.0}, "datetime": {"datetime": "2024-01-19 00:32:46", "elapsed": 1298.780443, "delta": 0.001493}}
{"target": -13.758536070257426, "params": {"gamma": 518.2704486114989, "log10_alpha": -4.755641897539691, "log10_colsample_bytree": -0.7819405055045752, "log10_eta": -4.0, "log10_lambda": 0.9872851935781094, "log10_min_child_weight": 5.0, "log10_subsample": -0.2608172785338322, "max_depth": 2.0, "num_boost_round": 11.0}, "datetime": {"datetime": "2024-01-19 00:32:46", "elapsed": 1298.781967, "delta": 0.001524}}
{"target": -13.758527203860691, "params": {"gamma": 544.7813755321811, "log10_alpha": 0.4430346075746261, "log10_colsample_bytree": -0.8610262359402883, "log10_eta": -3.2719439290579757, "log10_lambda": -1.2532626343961426, "log10_min_child_weight": 0.9570303949576509, "log10_subsample": -0.7342669532981141, "max_depth": 2.0, "num_boost_round": 0.0}, "datetime": {"datetime": "2024-01-19 00:33:08", "elapsed": 1320.303446, "delta": 21.521479}}
{"target": -13.758517523735526, "params": {"gamma": 544.7813755321811, "log10_alpha": 0.4430346075746261, "log10_colsample_bytree": -0.8610262359402883, "log10_eta": -3.2719439290579757, "log10_lambda": -1.2532626343961426, "log10_min_child_weight": 0.9570303949576509, "log10_subsample": -0.7342669532981141, "max_depth": 2.0, "num_boost_round": 1.0}, "datetime": {"datetime": "2024-01-19 00:33:08", "elapsed": 1320.305394, "delta": 0.001948}}
{"target": -13.758498210192043, "params": {"gamma": 544.7813755321811, "log10_alpha": 0.4430346075746261, "log10_colsample_bytree": -0.8610262359402883, "log10_eta": -3.2719439290579757, "log10_lambda": -1.2532626343961426, "log10_min_child_weight": 0.9570303949576509, "log10_subsample": -0.7342669532981141, "max_depth": 2.0, "num_boost_round": 2.0}, "datetime": {"datetime": "2024-01-19 00:33:08", "elapsed": 1320.307151, "delta": 0.001757}}
{"target": -13.758492068771348, "params": {"gamma": 544.7813755321811, "log10_alpha": 0.4430346075746261, "log10_colsample_bytree": -0.8610262359402883, "log10_eta": -3.2719439290579757, "log10_lambda": -1.2532626343961426, "log10_min_child_weight": 0.9570303949576509, "log10_subsample": -0.7342669532981141, "max_depth": 2.0, "num_boost_round": 3.0}, "datetime": {"datetime": "2024-01-19 00:33:08", "elapsed": 1320.308684, "delta": 0.001533}}
{"target": -13.758484777917026, "params": {"gamma": 544.7813755321811, "log10_alpha": 0.4430346075746261, "log10_colsample_bytree": -0.8610262359402883, "log10_eta": -3.2719439290579757, "log10_lambda": -1.2532626343961426, "log10_min_child_weight": 0.9570303949576509, "log10_subsample": -0.7342669532981141, "max_depth": 2.0, "num_boost_round": 4.0}, "datetime": {"datetime": "2024-01-19 00:33:08", "elapsed": 1320.310515, "delta": 0.001831}}
{"target": -13.758482903713535, "params": {"gamma": 544.7813755321811, "log10_alpha": 0.4430346075746261, "log10_colsample_bytree": -0.8610262359402883, "log10_eta": -3.2719439290579757, "log10_lambda": -1.2532626343961426, "log10_min_child_weight": 0.9570303949576509, "log10_subsample": -0.7342669532981141, "max_depth": 2.0, "num_boost_round": 5.0}, "datetime": {"datetime": "2024-01-19 00:33:08", "elapsed": 1320.312076, "delta": 0.001561}}
{"target": -13.75848315415589, "params": {"gamma": 544.7813755321811, "log10_alpha": 0.4430346075746261, "log10_colsample_bytree": -0.8610262359402883, "log10_eta": -3.2719439290579757, "log10_lambda": -1.2532626343961426, "log10_min_child_weight": 0.9570303949576509, "log10_subsample": -0.7342669532981141, "max_depth": 2.0, "num_boost_round": 6.0}, "datetime": {"datetime": "2024-01-19 00:33:08", "elapsed": 1320.313603, "delta": 0.001527}}
{"target": -13.758477317642742, "params": {"gamma": 544.7813755321811, "log10_alpha": 0.4430346075746261, "log10_colsample_bytree": -0.8610262359402883, "log10_eta": -3.2719439290579757, "log10_lambda": -1.2532626343961426, "log10_min_child_weight": 0.9570303949576509, "log10_subsample": -0.7342669532981141, "max_depth": 2.0, "num_boost_round": 7.0}, "datetime": {"datetime": "2024-01-19 00:33:08", "elapsed": 1320.315138, "delta": 0.001535}}
{"target": -13.758477456279879, "params": {"gamma": 544.7813755321811, "log10_alpha": 0.4430346075746261, "log10_colsample_bytree": -0.8610262359402883, "log10_eta": -3.2719439290579757, "log10_lambda": -1.2532626343961426, "log10_min_child_weight": 0.9570303949576509, "log10_subsample": -0.7342669532981141, "max_depth": 2.0, "num_boost_round": 8.0}, "datetime": {"datetime": "2024-01-19 00:33:08", "elapsed": 1320.316675, "delta": 0.001537}}
{"target": -13.75847483962081, "params": {"gamma": 544.7813755321811, "log10_alpha": 0.4430346075746261, "log10_colsample_bytree": -0.8610262359402883, "log10_eta": -3.2719439290579757, "log10_lambda": -1.2532626343961426, "log10_min_child_weight": 0.9570303949576509, "log10_subsample": -0.7342669532981141, "max_depth": 2.0, "num_boost_round": 9.0}, "datetime": {"datetime": "2024-01-19 00:33:08", "elapsed": 1320.318211, "delta": 0.001536}}
{"target": -13.758471474642938, "params": {"gamma": 544.7813755321811, "log10_alpha": 0.4430346075746261, "log10_colsample_bytree": -0.8610262359402883, "log10_eta": -3.2719439290579757, "log10_lambda": -1.2532626343961426, "log10_min_child_weight": 0.9570303949576509, "log10_subsample": -0.7342669532981141, "max_depth": 2.0, "num_boost_round": 10.0}, "datetime": {"datetime": "2024-01-19 00:33:08", "elapsed": 1320.319726, "delta": 0.001515}}
{"target": -13.75846611758126, "params": {"gamma": 544.7813755321811, "log10_alpha": 0.4430346075746261, "log10_colsample_bytree": -0.8610262359402883, "log10_eta": -3.2719439290579757, "log10_lambda": -1.2532626343961426, "log10_min_child_weight": 0.9570303949576509, "log10_subsample": -0.7342669532981141, "max_depth": 2.0, "num_boost_round": 11.0}, "datetime": {"datetime": "2024-01-19 00:33:08", "elapsed": 1320.321263, "delta": 0.001537}}
{"target": -13.758460236870022, "params": {"gamma": 544.7813755321811, "log10_alpha": 0.4430346075746261, "log10_colsample_bytree": -0.8610262359402883, "log10_eta": -3.2719439290579757, "log10_lambda": -1.2532626343961426, "log10_min_child_weight": 0.9570303949576509, "log10_subsample": -0.7342669532981141, "max_depth": 2.0, "num_boost_round": 12.0}, "datetime": {"datetime": "2024-01-19 00:33:08", "elapsed": 1320.322852, "delta": 0.001589}}
{"target": -13.758404349761072, "params": {"gamma": 543.269277369954, "log10_alpha": -4.120487406235141, "log10_colsample_bytree": -0.1865285249129599, "log10_eta": -1.839544898702823, "log10_lambda": -1.7625006130751815, "log10_min_child_weight": 2.5055632138271977, "log10_subsample": -0.4028316096154144, "max_depth": 3.0, "num_boost_round": 0.0}, "datetime": {"datetime": "2024-01-19 00:33:29", "elapsed": 1341.166028, "delta": 20.843176}}
{"target": -13.758405357261026, "params": {"gamma": 543.269277369954, "log10_alpha": -4.120487406235141, "log10_colsample_bytree": -0.1865285249129599, "log10_eta": -1.839544898702823, "log10_lambda": -1.7625006130751815, "log10_min_child_weight": 2.5055632138271977, "log10_subsample": -0.4028316096154144, "max_depth": 3.0, "num_boost_round": 1.0}, "datetime": {"datetime": "2024-01-19 00:33:29", "elapsed": 1341.168712, "delta": 0.002684}}
{"target": -13.75825138571508, "params": {"gamma": 543.269277369954, "log10_alpha": -4.120487406235141, "log10_colsample_bytree": -0.1865285249129599, "log10_eta": -1.839544898702823, "log10_lambda": -1.7625006130751815, "log10_min_child_weight": 2.5055632138271977, "log10_subsample": -0.4028316096154144, "max_depth": 3.0, "num_boost_round": 2.0}, "datetime": {"datetime": "2024-01-19 00:33:29", "elapsed": 1341.170269, "delta": 0.001557}}
{"target": -13.75815392925664, "params": {"gamma": 543.269277369954, "log10_alpha": -4.120487406235141, "log10_colsample_bytree": -0.1865285249129599, "log10_eta": -1.839544898702823, "log10_lambda": -1.7625006130751815, "log10_min_child_weight": 2.5055632138271977, "log10_subsample": -0.4028316096154144, "max_depth": 3.0, "num_boost_round": 3.0}, "datetime": {"datetime": "2024-01-19 00:33:29", "elapsed": 1341.17193, "delta": 0.001661}}
{"target": -13.758333772653216, "params": {"gamma": 543.269277369954, "log10_alpha": -4.120487406235141, "log10_colsample_bytree": -0.1865285249129599, "log10_eta": -1.839544898702823, "log10_lambda": -1.7625006130751815, "log10_min_child_weight": 2.5055632138271977, "log10_subsample": -0.4028316096154144, "max_depth": 3.0, "num_boost_round": 4.0}, "datetime": {"datetime": "2024-01-19 00:33:29", "elapsed": 1341.173502, "delta": 0.001572}}
{"target": -13.758226462774287, "params": {"gamma": 543.269277369954, "log10_alpha": -4.120487406235141, "log10_colsample_bytree": -0.1865285249129599, "log10_eta": -1.839544898702823, "log10_lambda": -1.7625006130751815, "log10_min_child_weight": 2.5055632138271977, "log10_subsample": -0.4028316096154144, "max_depth": 3.0, "num_boost_round": 5.0}, "datetime": {"datetime": "2024-01-19 00:33:29", "elapsed": 1341.175075, "delta": 0.001573}}
{"target": -13.75818797249915, "params": {"gamma": 543.269277369954, "log10_alpha": -4.120487406235141, "log10_colsample_bytree": -0.1865285249129599, "log10_eta": -1.839544898702823, "log10_lambda": -1.7625006130751815, "log10_min_child_weight": 2.5055632138271977, "log10_subsample": -0.4028316096154144, "max_depth": 3.0, "num_boost_round": 6.0}, "datetime": {"datetime": "2024-01-19 00:33:29", "elapsed": 1341.176591, "delta": 0.001516}}
{"target": -13.75820029305663, "params": {"gamma": 543.269277369954, "log10_alpha": -4.120487406235141, "log10_colsample_bytree": -0.1865285249129599, "log10_eta": -1.839544898702823, "log10_lambda": -1.7625006130751815, "log10_min_child_weight": 2.5055632138271977, "log10_subsample": -0.4028316096154144, "max_depth": 3.0, "num_boost_round": 7.0}, "datetime": {"datetime": "2024-01-19 00:33:29", "elapsed": 1341.178129, "delta": 0.001538}}
{"target": -13.758410565101483, "params": {"gamma": 543.269277369954, "log10_alpha": -4.120487406235141, "log10_colsample_bytree": -0.1865285249129599, "log10_eta": -1.839544898702823, "log10_lambda": -1.7625006130751815, "log10_min_child_weight": 2.5055632138271977, "log10_subsample": -0.4028316096154144, "max_depth": 3.0, "num_boost_round": 8.0}, "datetime": {"datetime": "2024-01-19 00:33:29", "elapsed": 1341.179675, "delta": 0.001546}}
{"target": -13.758369828144717, "params": {"gamma": 543.269277369954, "log10_alpha": -4.120487406235141, "log10_colsample_bytree": -0.1865285249129599, "log10_eta": -1.839544898702823, "log10_lambda": -1.7625006130751815, "log10_min_child_weight": 2.5055632138271977, "log10_subsample": -0.4028316096154144, "max_depth": 3.0, "num_boost_round": 9.0}, "datetime": {"datetime": "2024-01-19 00:33:29", "elapsed": 1341.181199, "delta": 0.001524}}
{"target": -13.75837339319329, "params": {"gamma": 543.269277369954, "log10_alpha": -4.120487406235141, "log10_colsample_bytree": -0.1865285249129599, "log10_eta": -1.839544898702823, "log10_lambda": -1.7625006130751815, "log10_min_child_weight": 2.5055632138271977, "log10_subsample": -0.4028316096154144, "max_depth": 3.0, "num_boost_round": 10.0}, "datetime": {"datetime": "2024-01-19 00:33:29", "elapsed": 1341.182835, "delta": 0.001636}}
{"target": -13.758150821584811, "params": {"gamma": 543.269277369954, "log10_alpha": -4.120487406235141, "log10_colsample_bytree": -0.1865285249129599, "log10_eta": -1.839544898702823, "log10_lambda": -1.7625006130751815, "log10_min_child_weight": 2.5055632138271977, "log10_subsample": -0.4028316096154144, "max_depth": 3.0, "num_boost_round": 11.0}, "datetime": {"datetime": "2024-01-19 00:33:29", "elapsed": 1341.184419, "delta": 0.001584}}
{"target": -13.758465693510177, "params": {"gamma": 543.269277369954, "log10_alpha": -4.120487406235141, "log10_colsample_bytree": -0.1865285249129599, "log10_eta": -1.839544898702823, "log10_lambda": -1.7625006130751815, "log10_min_child_weight": 2.5055632138271977, "log10_subsample": -0.4028316096154144, "max_depth": 3.0, "num_boost_round": 12.0}, "datetime": {"datetime": "2024-01-19 00:33:29", "elapsed": 1341.186092, "delta": 0.001673}}
{"target": -13.758776808260041, "params": {"gamma": 543.269277369954, "log10_alpha": -4.120487406235141, "log10_colsample_bytree": -0.1865285249129599, "log10_eta": -1.839544898702823, "log10_lambda": -1.7625006130751815, "log10_min_child_weight": 2.5055632138271977, "log10_subsample": -0.4028316096154144, "max_depth": 3.0, "num_boost_round": 13.0}, "datetime": {"datetime": "2024-01-19 00:33:29", "elapsed": 1341.187629, "delta": 0.001537}}
{"target": -13.758841138952155, "params": {"gamma": 543.269277369954, "log10_alpha": -4.120487406235141, "log10_colsample_bytree": -0.1865285249129599, "log10_eta": -1.839544898702823, "log10_lambda": -1.7625006130751815, "log10_min_child_weight": 2.5055632138271977, "log10_subsample": -0.4028316096154144, "max_depth": 3.0, "num_boost_round": 14.0}, "datetime": {"datetime": "2024-01-19 00:33:29", "elapsed": 1341.18918, "delta": 0.001551}}
{"target": -13.758531279542266, "params": {"gamma": 556.4441196797961, "log10_alpha": 0.7026568940342619, "log10_colsample_bytree": -0.97070078317376, "log10_eta": -3.8287258184385253, "log10_lambda": -1.379002060852896, "log10_min_child_weight": 1.5637255394678207, "log10_subsample": -0.3468106664347962, "max_depth": 9.0, "num_boost_round": 0.0}, "datetime": {"datetime": "2024-01-19 00:33:57", "elapsed": 1369.251131, "delta": 28.061951}}
{"target": -13.758522565434179, "params": {"gamma": 556.4441196797961, "log10_alpha": 0.7026568940342619, "log10_colsample_bytree": -0.97070078317376, "log10_eta": -3.8287258184385253, "log10_lambda": -1.379002060852896, "log10_min_child_weight": 1.5637255394678207, "log10_subsample": -0.3468106664347962, "max_depth": 9.0, "num_boost_round": 1.0}, "datetime": {"datetime": "2024-01-19 00:33:57", "elapsed": 1369.253236, "delta": 0.002105}}
{"target": -13.75852023838067, "params": {"gamma": 556.4441196797961, "log10_alpha": 0.7026568940342619, "log10_colsample_bytree": -0.97070078317376, "log10_eta": -3.8287258184385253, "log10_lambda": -1.379002060852896, "log10_min_child_weight": 1.5637255394678207, "log10_subsample": -0.3468106664347962, "max_depth": 9.0, "num_boost_round": 2.0}, "datetime": {"datetime": "2024-01-19 00:33:57", "elapsed": 1369.255211, "delta": 0.001975}}
{"target": -13.758516085250687, "params": {"gamma": 556.4441196797961, "log10_alpha": 0.7026568940342619, "log10_colsample_bytree": -0.97070078317376, "log10_eta": -3.8287258184385253, "log10_lambda": -1.379002060852896, "log10_min_child_weight": 1.5637255394678207, "log10_subsample": -0.3468106664347962, "max_depth": 9.0, "num_boost_round": 3.0}, "datetime": {"datetime": "2024-01-19 00:33:57", "elapsed": 1369.256784, "delta": 0.001573}}
{"target": -13.758507235479103, "params": {"gamma": 556.4441196797961, "log10_alpha": 0.7026568940342619, "log10_colsample_bytree": -0.97070078317376, "log10_eta": -3.8287258184385253, "log10_lambda": -1.379002060852896, "log10_min_child_weight": 1.5637255394678207, "log10_subsample": -0.3468106664347962, "max_depth": 9.0, "num_boost_round": 4.0}, "datetime": {"datetime": "2024-01-19 00:33:57", "elapsed": 1369.258346, "delta": 0.001562}}
{"target": -13.758507020956545, "params": {"gamma": 556.4441196797961, "log10_alpha": 0.7026568940342619, "log10_colsample_bytree": -0.97070078317376, "log10_eta": -3.8287258184385253, "log10_lambda": -1.379002060852896, "log10_min_child_weight": 1.5637255394678207, "log10_subsample": -0.3468106664347962, "max_depth": 9.0, "num_boost_round": 5.0}, "datetime": {"datetime": "2024-01-19 00:33:57", "elapsed": 1369.260035, "delta": 0.001689}}
{"target": -13.758508311970548, "params": {"gamma": 556.4441196797961, "log10_alpha": 0.7026568940342619, "log10_colsample_bytree": -0.97070078317376, "log10_eta": -3.8287258184385253, "log10_lambda": -1.379002060852896, "log10_min_child_weight": 1.5637255394678207, "log10_subsample": -0.3468106664347962, "max_depth": 9.0, "num_boost_round": 6.0}, "datetime": {"datetime": "2024-01-19 00:33:57", "elapsed": 1369.261625, "delta": 0.00159}}
{"target": -13.758503495721241, "params": {"gamma": 556.4441196797961, "log10_alpha": 0.7026568940342619, "log10_colsample_bytree": -0.97070078317376, "log10_eta": -3.8287258184385253, "log10_lambda": -1.379002060852896, "log10_min_child_weight": 1.5637255394678207, "log10_subsample": -0.3468106664347962, "max_depth": 9.0, "num_boost_round": 7.0}, "datetime": {"datetime": "2024-01-19 00:33:57", "elapsed": 1369.263271, "delta": 0.001646}}
{"target": -13.758501666132998, "params": {"gamma": 556.4441196797961, "log10_alpha": 0.7026568940342619, "log10_colsample_bytree": -0.97070078317376, "log10_eta": -3.8287258184385253, "log10_lambda": -1.379002060852896, "log10_min_child_weight": 1.5637255394678207, "log10_subsample": -0.3468106664347962, "max_depth": 9.0, "num_boost_round": 8.0}, "datetime": {"datetime": "2024-01-19 00:33:57", "elapsed": 1369.264824, "delta": 0.001553}}
{"target": -13.75849761039361, "params": {"gamma": 556.4441196797961, "log10_alpha": 0.7026568940342619, "log10_colsample_bytree": -0.97070078317376, "log10_eta": -3.8287258184385253, "log10_lambda": -1.379002060852896, "log10_min_child_weight": 1.5637255394678207, "log10_subsample": -0.3468106664347962, "max_depth": 9.0, "num_boost_round": 9.0}, "datetime": {"datetime": "2024-01-19 00:33:57", "elapsed": 1369.266491, "delta": 0.001667}}
{"target": -13.75849782860611, "params": {"gamma": 556.4441196797961, "log10_alpha": 0.7026568940342619, "log10_colsample_bytree": -0.97070078317376, "log10_eta": -3.8287258184385253, "log10_lambda": -1.379002060852896, "log10_min_child_weight": 1.5637255394678207, "log10_subsample": -0.3468106664347962, "max_depth": 9.0, "num_boost_round": 10.0}, "datetime": {"datetime": "2024-01-19 00:33:57", "elapsed": 1369.268058, "delta": 0.001567}}
{"target": -13.758494476399859, "params": {"gamma": 556.4441196797961, "log10_alpha": 0.7026568940342619, "log10_colsample_bytree": -0.97070078317376, "log10_eta": -3.8287258184385253, "log10_lambda": -1.379002060852896, "log10_min_child_weight": 1.5637255394678207, "log10_subsample": -0.3468106664347962, "max_depth": 9.0, "num_boost_round": 11.0}, "datetime": {"datetime": "2024-01-19 00:33:57", "elapsed": 1369.269602, "delta": 0.001544}}
{"target": -13.758485810786775, "params": {"gamma": 556.4441196797961, "log10_alpha": 0.7026568940342619, "log10_colsample_bytree": -0.97070078317376, "log10_eta": -3.8287258184385253, "log10_lambda": -1.379002060852896, "log10_min_child_weight": 1.5637255394678207, "log10_subsample": -0.3468106664347962, "max_depth": 9.0, "num_boost_round": 12.0}, "datetime": {"datetime": "2024-01-19 00:33:57", "elapsed": 1369.271168, "delta": 0.001566}}
{"target": -13.758480145820892, "params": {"gamma": 556.4441196797961, "log10_alpha": 0.7026568940342619, "log10_colsample_bytree": -0.97070078317376, "log10_eta": -3.8287258184385253, "log10_lambda": -1.379002060852896, "log10_min_child_weight": 1.5637255394678207, "log10_subsample": -0.3468106664347962, "max_depth": 9.0, "num_boost_round": 13.0}, "datetime": {"datetime": "2024-01-19 00:33:57", "elapsed": 1369.272717, "delta": 0.001549}}
