{"target": -13.836454840504507, "params": {"gamma": 428.0489377086365, "log10_alpha": -2.859009364535174, "log10_colsample_bytree": -0.02103654283799461, "log10_eta": -1.3439503429482222, "log10_lambda": 0.01773909422248021, "log10_min_child_weight": 2.8385522646910752, "log10_subsample": -0.6680092084245596, "max_depth": 8.0, "num_boost_round": 52.0}, "datetime": {"datetime": "2024-01-19 00:15:38", "elapsed": 242.217557, "delta": 0.000816}}
{"target": -13.83843051643376, "params": {"gamma": 428.0489377086365, "log10_alpha": -2.859009364535174, "log10_colsample_bytree": -0.02103654283799461, "log10_eta": -1.3439503429482222, "log10_lambda": 0.01773909422248021, "log10_min_child_weight": 2.8385522646910752, "log10_subsample": -0.6680092084245596, "max_depth": 8.0, "num_boost_round": 53.0}, "datetime": {"datetime": "2024-01-19 00:15:38", "elapsed": 242.218349, "delta": 0.000792}}
{"target": -13.758434165813604, "params": {"gamma": 432.66614072805663, "log10_alpha": -2.058323514045643, "log10_colsample_bytree": -0.33347521477197195, "log10_eta": -1.8376577059321715, "log10_lambda": 0.13566824487046425, "log10_min_child_weight": 1.069952482501237, "log10_subsample": -0.7457849174468437, "max_depth": 2.0, "num_boost_round": 0.0}, "datetime": {"datetime": "2024-01-19 00:16:00", "elapsed": 264.871419, "delta": 22.65307}}
{"target": -13.75829464161757, "params": {"gamma": 432.66614072805663, "log10_alpha": -2.058323514045643, "log10_colsample_bytree": -0.33347521477197195, "log10_eta": -1.8376577059321715, "log10_lambda": 0.13566824487046425, "log10_min_child_weight": 1.069952482501237, "log10_subsample": -0.7457849174468437, "max_depth": 2.0, "num_boost_round": 1.0}, "datetime": {"datetime": "2024-01-19 00:16:00", "elapsed": 264.872476, "delta": 0.001057}}
{"target": -13.75831602682534, "params": {"gamma": 432.66614072805663, "log10_alpha": -2.058323514045643, "log10_colsample_bytree": -0.33347521477197195, "log10_eta": -1.8376577059321715, "log10_lambda": 0.13566824487046425, "log10_min_child_weight": 1.069952482501237, "log10_subsample": -0.7457849174468437, "max_depth": 2.0, "num_boost_round": 2.0}, "datetime": {"datetime": "2024-01-19 00:16:00", "elapsed": 264.873474, "delta": 0.000998}}
{"target": -13.75837207616698, "params": {"gamma": 432.66614072805663, "log10_alpha": -2.058323514045643, "log10_colsample_bytree": -0.33347521477197195, "log10_eta": -1.8376577059321715, "log10_lambda": 0.13566824487046425, "log10_min_child_weight": 1.069952482501237, "log10_subsample": -0.7457849174468437, "max_depth": 2.0, "num_boost_round": 3.0}, "datetime": {"datetime": "2024-01-19 00:16:00", "elapsed": 264.874478, "delta": 0.001004}}
{"target": -13.758218828745369, "params": {"gamma": 432.66614072805663, "log10_alpha": -2.058323514045643, "log10_colsample_bytree": -0.33347521477197195, "log10_eta": -1.8376577059321715, "log10_lambda": 0.13566824487046425, "log10_min_child_weight": 1.069952482501237, "log10_subsample": -0.7457849174468437, "max_depth": 2.0, "num_boost_round": 4.0}, "datetime": {"datetime": "2024-01-19 00:16:00", "elapsed": 264.875637, "delta": 0.001159}}
{"target": -13.758149216736346, "params": {"gamma": 432.66614072805663, "log10_alpha": -2.058323514045643, "log10_colsample_bytree": -0.33347521477197195, "log10_eta": -1.8376577059321715, "log10_lambda": 0.13566824487046425, "log10_min_child_weight": 1.069952482501237, "log10_subsample": -0.7457849174468437, "max_depth": 2.0, "num_boost_round": 5.0}, "datetime": {"datetime": "2024-01-19 00:16:00", "elapsed": 264.876471, "delta": 0.000834}}
{"target": -13.758193808296449, "params": {"gamma": 432.66614072805663, "log10_alpha": -2.058323514045643, "log10_colsample_bytree": -0.33347521477197195, "log10_eta": -1.8376577059321715, "log10_lambda": 0.13566824487046425, "log10_min_child_weight": 1.069952482501237, "log10_subsample": -0.7457849174468437, "max_depth": 2.0, "num_boost_round": 6.0}, "datetime": {"datetime": "2024-01-19 00:16:00", "elapsed": 264.877237, "delta": 0.000766}}
{"target": -13.758181269517488, "params": {"gamma": 432.66614072805663, "log10_alpha": -2.058323514045643, "log10_colsample_bytree": -0.33347521477197195, "log10_eta": -1.8376577059321715, "log10_lambda": 0.13566824487046425, "log10_min_child_weight": 1.069952482501237, "log10_subsample": -0.7457849174468437, "max_depth": 2.0, "num_boost_round": 7.0}, "datetime": {"datetime": "2024-01-19 00:16:00", "elapsed": 264.877996, "delta": 0.000759}}
{"target": -13.758105218960479, "params": {"gamma": 432.66614072805663, "log10_alpha": -2.058323514045643, "log10_colsample_bytree": -0.33347521477197195, "log10_eta": -1.8376577059321715, "log10_lambda": 0.13566824487046425, "log10_min_child_weight": 1.069952482501237, "log10_subsample": -0.7457849174468437, "max_depth": 2.0, "num_boost_round": 8.0}, "datetime": {"datetime": "2024-01-19 00:16:00", "elapsed": 264.878788, "delta": 0.000792}}
{"target": -13.75793025985222, "params": {"gamma": 432.66614072805663, "log10_alpha": -2.058323514045643, "log10_colsample_bytree": -0.33347521477197195, "log10_eta": -1.8376577059321715, "log10_lambda": 0.13566824487046425, "log10_min_child_weight": 1.069952482501237, "log10_subsample": -0.7457849174468437, "max_depth": 2.0, "num_boost_round": 9.0}, "datetime": {"datetime": "2024-01-19 00:16:00", "elapsed": 264.879552, "delta": 0.000764}}
{"target": -13.757969327867832, "params": {"gamma": 432.66614072805663, "log10_alpha": -2.058323514045643, "log10_colsample_bytree": -0.33347521477197195, "log10_eta": -1.8376577059321715, "log10_lambda": 0.13566824487046425, "log10_min_child_weight": 1.069952482501237, "log10_subsample": -0.7457849174468437, "max_depth": 2.0, "num_boost_round": 10.0}, "datetime": {"datetime": "2024-01-19 00:16:00", "elapsed": 264.880316, "delta": 0.000764}}
{"target": -13.757774021014392, "params": {"gamma": 432.66614072805663, "log10_alpha": -2.058323514045643, "log10_colsample_bytree": -0.33347521477197195, "log10_eta": -1.8376577059321715, "log10_lambda": 0.13566824487046425, "log10_min_child_weight": 1.069952482501237, "log10_subsample": -0.7457849174468437, "max_depth": 2.0, "num_boost_round": 11.0}, "datetime": {"datetime": "2024-01-19 00:16:00", "elapsed": 264.881072, "delta": 0.000756}}
{"target": -13.757809030327646, "params": {"gamma": 432.66614072805663, "log10_alpha": -2.058323514045643, "log10_colsample_bytree": -0.33347521477197195, "log10_eta": -1.8376577059321715, "log10_lambda": 0.13566824487046425, "log10_min_child_weight": 1.069952482501237, "log10_subsample": -0.7457849174468437, "max_depth": 2.0, "num_boost_round": 12.0}, "datetime": {"datetime": "2024-01-19 00:16:00", "elapsed": 264.881829, "delta": 0.000757}}
{"target": -13.757858049500602, "params": {"gamma": 432.66614072805663, "log10_alpha": -2.058323514045643, "log10_colsample_bytree": -0.33347521477197195, "log10_eta": -1.8376577059321715, "log10_lambda": 0.13566824487046425, "log10_min_child_weight": 1.069952482501237, "log10_subsample": -0.7457849174468437, "max_depth": 2.0, "num_boost_round": 13.0}, "datetime": {"datetime": "2024-01-19 00:16:00", "elapsed": 264.882595, "delta": 0.000766}}
{"target": -13.757833086328016, "params": {"gamma": 432.66614072805663, "log10_alpha": -2.058323514045643, "log10_colsample_bytree": -0.33347521477197195, "log10_eta": -1.8376577059321715, "log10_lambda": 0.13566824487046425, "log10_min_child_weight": 1.069952482501237, "log10_subsample": -0.7457849174468437, "max_depth": 2.0, "num_boost_round": 14.0}, "datetime": {"datetime": "2024-01-19 00:16:00", "elapsed": 264.883413, "delta": 0.000818}}
{"target": -13.757671168468825, "params": {"gamma": 432.66614072805663, "log10_alpha": -2.058323514045643, "log10_colsample_bytree": -0.33347521477197195, "log10_eta": -1.8376577059321715, "log10_lambda": 0.13566824487046425, "log10_min_child_weight": 1.069952482501237, "log10_subsample": -0.7457849174468437, "max_depth": 2.0, "num_boost_round": 15.0}, "datetime": {"datetime": "2024-01-19 00:16:00", "elapsed": 264.884172, "delta": 0.000759}}
{"target": -13.757513891805727, "params": {"gamma": 432.66614072805663, "log10_alpha": -2.058323514045643, "log10_colsample_bytree": -0.33347521477197195, "log10_eta": -1.8376577059321715, "log10_lambda": 0.13566824487046425, "log10_min_child_weight": 1.069952482501237, "log10_subsample": -0.7457849174468437, "max_depth": 2.0, "num_boost_round": 16.0}, "datetime": {"datetime": "2024-01-19 00:16:00", "elapsed": 264.884952, "delta": 0.00078}}
{"target": -13.757544221740794, "params": {"gamma": 432.66614072805663, "log10_alpha": -2.058323514045643, "log10_colsample_bytree": -0.33347521477197195, "log10_eta": -1.8376577059321715, "log10_lambda": 0.13566824487046425, "log10_min_child_weight": 1.069952482501237, "log10_subsample": -0.7457849174468437, "max_depth": 2.0, "num_boost_round": 17.0}, "datetime": {"datetime": "2024-01-19 00:16:00", "elapsed": 264.885723, "delta": 0.000771}}
{"target": -13.757610377671375, "params": {"gamma": 432.66614072805663, "log10_alpha": -2.058323514045643, "log10_colsample_bytree": -0.33347521477197195, "log10_eta": -1.8376577059321715, "log10_lambda": 0.13566824487046425, "log10_min_child_weight": 1.069952482501237, "log10_subsample": -0.7457849174468437, "max_depth": 2.0, "num_boost_round": 18.0}, "datetime": {"datetime": "2024-01-19 00:16:00", "elapsed": 264.886503, "delta": 0.00078}}
{"target": -13.757482283057609, "params": {"gamma": 432.66614072805663, "log10_alpha": -2.058323514045643, "log10_colsample_bytree": -0.33347521477197195, "log10_eta": -1.8376577059321715, "log10_lambda": 0.13566824487046425, "log10_min_child_weight": 1.069952482501237, "log10_subsample": -0.7457849174468437, "max_depth": 2.0, "num_boost_round": 19.0}, "datetime": {"datetime": "2024-01-19 00:16:00", "elapsed": 264.887275, "delta": 0.000772}}
{"target": -13.757418178114401, "params": {"gamma": 432.66614072805663, "log10_alpha": -2.058323514045643, "log10_colsample_bytree": -0.33347521477197195, "log10_eta": -1.8376577059321715, "log10_lambda": 0.13566824487046425, "log10_min_child_weight": 1.069952482501237, "log10_subsample": -0.7457849174468437, "max_depth": 2.0, "num_boost_round": 20.0}, "datetime": {"datetime": "2024-01-19 00:16:00", "elapsed": 264.888039, "delta": 0.000764}}
{"target": -13.757474911558592, "params": {"gamma": 432.66614072805663, "log10_alpha": -2.058323514045643, "log10_colsample_bytree": -0.33347521477197195, "log10_eta": -1.8376577059321715, "log10_lambda": 0.13566824487046425, "log10_min_child_weight": 1.069952482501237, "log10_subsample": -0.7457849174468437, "max_depth": 2.0, "num_boost_round": 21.0}, "datetime": {"datetime": "2024-01-19 00:16:00", "elapsed": 264.888808, "delta": 0.000769}}
{"target": -13.75759786960545, "params": {"gamma": 432.66614072805663, "log10_alpha": -2.058323514045643, "log10_colsample_bytree": -0.33347521477197195, "log10_eta": -1.8376577059321715, "log10_lambda": 0.13566824487046425, "log10_min_child_weight": 1.069952482501237, "log10_subsample": -0.7457849174468437, "max_depth": 2.0, "num_boost_round": 22.0}, "datetime": {"datetime": "2024-01-19 00:16:00", "elapsed": 264.889625, "delta": 0.000817}}
{"target": -13.757523255109097, "params": {"gamma": 432.66614072805663, "log10_alpha": -2.058323514045643, "log10_colsample_bytree": -0.33347521477197195, "log10_eta": -1.8376577059321715, "log10_lambda": 0.13566824487046425, "log10_min_child_weight": 1.069952482501237, "log10_subsample": -0.7457849174468437, "max_depth": 2.0, "num_boost_round": 23.0}, "datetime": {"datetime": "2024-01-19 00:16:00", "elapsed": 264.890403, "delta": 0.000778}}
{"target": -13.757534739568996, "params": {"gamma": 432.66614072805663, "log10_alpha": -2.058323514045643, "log10_colsample_bytree": -0.33347521477197195, "log10_eta": -1.8376577059321715, "log10_lambda": 0.13566824487046425, "log10_min_child_weight": 1.069952482501237, "log10_subsample": -0.7457849174468437, "max_depth": 2.0, "num_boost_round": 24.0}, "datetime": {"datetime": "2024-01-19 00:16:00", "elapsed": 264.89117, "delta": 0.000767}}
{"target": -13.758524972345624, "params": {"gamma": 436.80290159303337, "log10_alpha": -1.234532683822343, "log10_colsample_bytree": -0.383601216082871, "log10_eta": -2.667277707893143, "log10_lambda": 0.2901078323960018, "log10_min_child_weight": 1.4257939320518975, "log10_subsample": -0.9342644227287877, "max_depth": 7.0, "num_boost_round": 0.0}, "datetime": {"datetime": "2024-01-19 00:16:30", "elapsed": 294.067963, "delta": 29.176793}}
{"target": -13.75845132617471, "params": {"gamma": 436.80290159303337, "log10_alpha": -1.234532683822343, "log10_colsample_bytree": -0.383601216082871, "log10_eta": -2.667277707893143, "log10_lambda": 0.2901078323960018, "log10_min_child_weight": 1.4257939320518975, "log10_subsample": -0.9342644227287877, "max_depth": 7.0, "num_boost_round": 1.0}, "datetime": {"datetime": "2024-01-19 00:16:30", "elapsed": 294.069208, "delta": 0.001245}}
{"target": -13.758397457661506, "params": {"gamma": 436.80290159303337, "log10_alpha": -1.234532683822343, "log10_colsample_bytree": -0.383601216082871, "log10_eta": -2.667277707893143, "log10_lambda": 0.2901078323960018, "log10_min_child_weight": 1.4257939320518975, "log10_subsample": -0.9342644227287877, "max_depth": 7.0, "num_boost_round": 2.0}, "datetime": {"datetime": "2024-01-19 00:16:30", "elapsed": 294.070008, "delta": 0.0008}}
{"target": -13.758367430835333, "params": {"gamma": 436.80290159303337, "log10_alpha": -1.234532683822343, "log10_colsample_bytree": -0.383601216082871, "log10_eta": -2.667277707893143, "log10_lambda": 0.2901078323960018, "log10_min_child_weight": 1.4257939320518975, "log10_subsample": -0.9342644227287877, "max_depth": 7.0, "num_boost_round": 3.0}, "datetime": {"datetime": "2024-01-19 00:16:30", "elapsed": 294.070798, "delta": 0.00079}}
{"target": -13.758273461780435, "params": {"gamma": 436.80290159303337, "log10_alpha": -1.234532683822343, "log10_colsample_bytree": -0.383601216082871, "log10_eta": -2.667277707893143, "log10_lambda": 0.2901078323960018, "log10_min_child_weight": 1.4257939320518975, "log10_subsample": -0.9342644227287877, "max_depth": 7.0, "num_boost_round": 4.0}, "datetime": {"datetime": "2024-01-19 00:16:30", "elapsed": 294.071712, "delta": 0.000914}}
{"target": -13.758224358526387, "params": {"gamma": 436.80290159303337, "log10_alpha": -1.234532683822343, "log10_colsample_bytree": -0.383601216082871, "log10_eta": -2.667277707893143, "log10_lambda": 0.2901078323960018, "log10_min_child_weight": 1.4257939320518975, "log10_subsample": -0.9342644227287877, "max_depth": 7.0, "num_boost_round": 5.0}, "datetime": {"datetime": "2024-01-19 00:16:30", "elapsed": 294.07249, "delta": 0.000778}}
{"target": -13.758133859002223, "params": {"gamma": 436.80290159303337, "log10_alpha": -1.234532683822343, "log10_colsample_bytree": -0.383601216082871, "log10_eta": -2.667277707893143, "log10_lambda": 0.2901078323960018, "log10_min_child_weight": 1.4257939320518975, "log10_subsample": -0.9342644227287877, "max_depth": 7.0, "num_boost_round": 6.0}, "datetime": {"datetime": "2024-01-19 00:16:30", "elapsed": 294.073269, "delta": 0.000779}}
{"target": -13.758066372211431, "params": {"gamma": 436.80290159303337, "log10_alpha": -1.234532683822343, "log10_colsample_bytree": -0.383601216082871, "log10_eta": -2.667277707893143, "log10_lambda": 0.2901078323960018, "log10_min_child_weight": 1.4257939320518975, "log10_subsample": -0.9342644227287877, "max_depth": 7.0, "num_boost_round": 7.0}, "datetime": {"datetime": "2024-01-19 00:16:30", "elapsed": 294.074192, "delta": 0.000923}}
{"target": -13.75794298965621, "params": {"gamma": 436.80290159303337, "log10_alpha": -1.234532683822343, "log10_colsample_bytree": -0.383601216082871, "log10_eta": -2.667277707893143, "log10_lambda": 0.2901078323960018, "log10_min_child_weight": 1.4257939320518975, "log10_subsample": -0.9342644227287877, "max_depth": 7.0, "num_boost_round": 8.0}, "datetime": {"datetime": "2024-01-19 00:16:30", "elapsed": 294.075164, "delta": 0.000972}}
{"target": -13.75779386683275, "params": {"gamma": 436.80290159303337, "log10_alpha": -1.234532683822343, "log10_colsample_bytree": -0.383601216082871, "log10_eta": -2.667277707893143, "log10_lambda": 0.2901078323960018, "log10_min_child_weight": 1.4257939320518975, "log10_subsample": -0.9342644227287877, "max_depth": 7.0, "num_boost_round": 9.0}, "datetime": {"datetime": "2024-01-19 00:16:30", "elapsed": 294.076067, "delta": 0.000903}}
{"target": -13.75764521911112, "params": {"gamma": 436.80290159303337, "log10_alpha": -1.234532683822343, "log10_colsample_bytree": -0.383601216082871, "log10_eta": -2.667277707893143, "log10_lambda": 0.2901078323960018, "log10_min_child_weight": 1.4257939320518975, "log10_subsample": -0.9342644227287877, "max_depth": 7.0, "num_boost_round": 10.0}, "datetime": {"datetime": "2024-01-19 00:16:30", "elapsed": 294.076845, "delta": 0.000778}}
{"target": -13.757563475404922, "params": {"gamma": 436.80290159303337, "log10_alpha": -1.234532683822343, "log10_colsample_bytree": -0.383601216082871, "log10_eta": -2.667277707893143, "log10_lambda": 0.2901078323960018, "log10_min_child_weight": 1.4257939320518975, "log10_subsample": -0.9342644227287877, "max_depth": 7.0, "num_boost_round": 11.0}, "datetime": {"datetime": "2024-01-19 00:16:30", "elapsed": 294.077626, "delta": 0.000781}}
{"target": -13.75754395931262, "params": {"gamma": 436.80290159303337, "log10_alpha": -1.234532683822343, "log10_colsample_bytree": -0.383601216082871, "log10_eta": -2.667277707893143, "log10_lambda": 0.2901078323960018, "log10_min_child_weight": 1.4257939320518975, "log10_subsample": -0.9342644227287877, "max_depth": 7.0, "num_boost_round": 12.0}, "datetime": {"datetime": "2024-01-19 00:16:30", "elapsed": 294.078447, "delta": 0.000821}}
{"target": -13.757575833734576, "params": {"gamma": 436.80290159303337, "log10_alpha": -1.234532683822343, "log10_colsample_bytree": -0.383601216082871, "log10_eta": -2.667277707893143, "log10_lambda": 0.2901078323960018, "log10_min_child_weight": 1.4257939320518975, "log10_subsample": -0.9342644227287877, "max_depth": 7.0, "num_boost_round": 13.0}, "datetime": {"datetime": "2024-01-19 00:16:30", "elapsed": 294.079245, "delta": 0.000798}}
{"target": -13.757609445688043, "params": {"gamma": 436.80290159303337, "log10_alpha": -1.234532683822343, "log10_colsample_bytree": -0.383601216082871, "log10_eta": -2.667277707893143, "log10_lambda": 0.2901078323960018, "log10_min_child_weight": 1.4257939320518975, "log10_subsample": -0.9342644227287877, "max_depth": 7.0, "num_boost_round": 14.0}, "datetime": {"datetime": "2024-01-19 00:16:30", "elapsed": 294.080032, "delta": 0.000787}}
{"target": -13.757621356364456, "params": {"gamma": 436.80290159303337, "log10_alpha": -1.234532683822343, "log10_colsample_bytree": -0.383601216082871, "log10_eta": -2.667277707893143, "log10_lambda": 0.2901078323960018, "log10_min_child_weight": 1.4257939320518975, "log10_subsample": -0.9342644227287877, "max_depth": 7.0, "num_boost_round": 15.0}, "datetime": {"datetime": "2024-01-19 00:16:30", "elapsed": 294.080834, "delta": 0.000802}}
{"target": -13.757649044847284, "params": {"gamma": 436.80290159303337, "log10_alpha": -1.234532683822343, "log10_colsample_bytree": -0.383601216082871, "log10_eta": -2.667277707893143, "log10_lambda": 0.2901078323960018, "log10_min_child_weight": 1.4257939320518975, "log10_subsample": -0.9342644227287877, "max_depth": 7.0, "num_boost_round": 16.0}, "datetime": {"datetime": "2024-01-19 00:16:30", "elapsed": 294.081625, "delta": 0.000791}}
{"target": -13.757659342727704, "params": {"gamma": 436.80290159303337, "log10_alpha": -1.234532683822343, "log10_colsample_bytree": -0.383601216082871, "log10_eta": -2.667277707893143, "log10_lambda": 0.2901078323960018, "log10_min_child_weight": 1.4257939320518975, "log10_subsample": -0.9342644227287877, "max_depth": 7.0, "num_boost_round": 17.0}, "datetime": {"datetime": "2024-01-19 00:16:30", "elapsed": 294.082415, "delta": 0.00079}}
{"target": -13.757607195477654, "params": {"gamma": 436.80290159303337, "log10_alpha": -1.234532683822343, "log10_colsample_bytree": -0.383601216082871, "log10_eta": -2.667277707893143, "log10_lambda": 0.2901078323960018, "log10_min_child_weight": 1.4257939320518975, "log10_subsample": -0.9342644227287877, "max_depth": 7.0, "num_boost_round": 18.0}, "datetime": {"datetime": "2024-01-19 00:16:30", "elapsed": 294.083267, "delta": 0.000852}}
{"target": -13.757603166882987, "params": {"gamma": 436.80290159303337, "log10_alpha": -1.234532683822343, "log10_colsample_bytree": -0.383601216082871, "log10_eta": -2.667277707893143, "log10_lambda": 0.2901078323960018, "log10_min_child_weight": 1.4257939320518975, "log10_subsample": -0.9342644227287877, "max_depth": 7.0, "num_boost_round": 19.0}, "datetime": {"datetime": "2024-01-19 00:16:30", "elapsed": 294.084069, "delta": 0.000802}}
{"target": -13.757572434103176, "params": {"gamma": 436.80290159303337, "log10_alpha": -1.234532683822343, "log10_colsample_bytree": -0.383601216082871, "log10_eta": -2.667277707893143, "log10_lambda": 0.2901078323960018, "log10_min_child_weight": 1.4257939320518975, "log10_subsample": -0.9342644227287877, "max_depth": 7.0, "num_boost_round": 20.0}, "datetime": {"datetime": "2024-01-19 00:16:30", "elapsed": 294.084862, "delta": 0.000793}}
{"target": -13.757488059664288, "params": {"gamma": 436.80290159303337, "log10_alpha": -1.234532683822343, "log10_colsample_bytree": -0.383601216082871, "log10_eta": -2.667277707893143, "log10_lambda": 0.2901078323960018, "log10_min_child_weight": 1.4257939320518975, "log10_subsample": -0.9342644227287877, "max_depth": 7.0, "num_boost_round": 21.0}, "datetime": {"datetime": "2024-01-19 00:16:30", "elapsed": 294.08566, "delta": 0.000798}}
