{"target": -13.759400942634441, "params": {"gamma": 501.4732467068417, "log10_alpha": -4.538619768633607, "log10_colsample_bytree": -0.521454038397479, "log10_eta": -1.0738152626128952, "log10_lambda": -2.394768404186281, "log10_min_child_weight": 0.7019741607069113, "log10_subsample": -0.47293578759010046, "max_depth": 3.0, "num_boost_round": 4.0}, "datetime": {"datetime": "2024-01-19 00:38:56", "elapsed": 1640.567818, "delta": 0.002768}}
{"target": -13.760043517271336, "params": {"gamma": 501.4732467068417, "log10_alpha": -4.538619768633607, "log10_colsample_bytree": -0.521454038397479, "log10_eta": -1.0738152626128952, "log10_lambda": -2.394768404186281, "log10_min_child_weight": 0.7019741607069113, "log10_subsample": -0.47293578759010046, "max_depth": 3.0, "num_boost_round": 5.0}, "datetime": {"datetime": "2024-01-19 00:38:56", "elapsed": 1640.570643, "delta": 0.002825}}
{"target": -13.761589212555513, "params": {"gamma": 501.4732467068417, "log10_alpha": -4.538619768633607, "log10_colsample_bytree": -0.521454038397479, "log10_eta": -1.0738152626128952, "log10_lambda": -2.394768404186281, "log10_min_child_weight": 0.7019741607069113, "log10_subsample": -0.47293578759010046, "max_depth": 3.0, "num_boost_round": 6.0}, "datetime": {"datetime": "2024-01-19 00:38:56", "elapsed": 1640.573413, "delta": 0.00277}}
{"target": -13.762690646890377, "params": {"gamma": 501.4732467068417, "log10_alpha": -4.538619768633607, "log10_colsample_bytree": -0.521454038397479, "log10_eta": -1.0738152626128952, "log10_lambda": -2.394768404186281, "log10_min_child_weight": 0.7019741607069113, "log10_subsample": -0.47293578759010046, "max_depth": 3.0, "num_boost_round": 7.0}, "datetime": {"datetime": "2024-01-19 00:38:56", "elapsed": 1640.576349, "delta": 0.002936}}
{"target": -13.763562978947457, "params": {"gamma": 501.4732467068417, "log10_alpha": -4.538619768633607, "log10_colsample_bytree": -0.521454038397479, "log10_eta": -1.0738152626128952, "log10_lambda": -2.394768404186281, "log10_min_child_weight": 0.7019741607069113, "log10_subsample": -0.47293578759010046, "max_depth": 3.0, "num_boost_round": 8.0}, "datetime": {"datetime": "2024-01-19 00:38:56", "elapsed": 1640.579298, "delta": 0.002949}}
{"target": -13.763780197483884, "params": {"gamma": 501.4732467068417, "log10_alpha": -4.538619768633607, "log10_colsample_bytree": -0.521454038397479, "log10_eta": -1.0738152626128952, "log10_lambda": -2.394768404186281, "log10_min_child_weight": 0.7019741607069113, "log10_subsample": -0.47293578759010046, "max_depth": 3.0, "num_boost_round": 9.0}, "datetime": {"datetime": "2024-01-19 00:38:56", "elapsed": 1640.582172, "delta": 0.002874}}
{"target": -13.758538026365787, "params": {"gamma": 450.5450151836108, "log10_alpha": 1.0, "log10_colsample_bytree": -0.4876401077117865, "log10_eta": -4.0, "log10_lambda": 1.0, "log10_min_child_weight": 5.0, "log10_subsample": 0.0, "max_depth": 9.0, "num_boost_round": 0.0}, "datetime": {"datetime": "2024-01-19 00:39:44", "elapsed": 1688.369858, "delta": 47.787686}}
{"target": -13.758537802378006, "params": {"gamma": 450.5450151836108, "log10_alpha": 1.0, "log10_colsample_bytree": -0.4876401077117865, "log10_eta": -4.0, "log10_lambda": 1.0, "log10_min_child_weight": 5.0, "log10_subsample": 0.0, "max_depth": 9.0, "num_boost_round": 1.0}, "datetime": {"datetime": "2024-01-19 00:39:44", "elapsed": 1688.372848, "delta": 0.00299}}
{"target": -13.758537525355639, "params": {"gamma": 450.5450151836108, "log10_alpha": 1.0, "log10_colsample_bytree": -0.4876401077117865, "log10_eta": -4.0, "log10_lambda": 1.0, "log10_min_child_weight": 5.0, "log10_subsample": 0.0, "max_depth": 9.0, "num_boost_round": 2.0}, "datetime": {"datetime": "2024-01-19 00:39:44", "elapsed": 1688.37569, "delta": 0.002842}}
{"target": -13.758537384379768, "params": {"gamma": 450.5450151836108, "log10_alpha": 1.0, "log10_colsample_bytree": -0.4876401077117865, "log10_eta": -4.0, "log10_lambda": 1.0, "log10_min_child_weight": 5.0, "log10_subsample": 0.0, "max_depth": 9.0, "num_boost_round": 3.0}, "datetime": {"datetime": "2024-01-19 00:39:44", "elapsed": 1688.380547, "delta": 0.004857}}
{"target": -13.758537115514416, "params": {"gamma": 450.5450151836108, "log10_alpha": 1.0, "log10_colsample_bytree": -0.4876401077117865, "log10_eta": -4.0, "log10_lambda": 1.0, "log10_min_child_weight": 5.0, "log10_subsample": 0.0, "max_depth": 9.0, "num_boost_round": 4.0}, "datetime": {"datetime": "2024-01-19 00:39:44", "elapsed": 1688.384032, "delta": 0.003485}}
{"target": -13.75853649180725, "params": {"gamma": 450.5450151836108, "log10_alpha": 1.0, "log10_colsample_bytree": -0.4876401077117865, "log10_eta": -4.0, "log10_lambda": 1.0, "log10_min_child_weight": 5.0, "log10_subsample": 0.0, "max_depth": 9.0, "num_boost_round": 5.0}, "datetime": {"datetime": "2024-01-19 00:39:44", "elapsed": 1688.386972, "delta": 0.00294}}
{"target": -13.758536130270244, "params": {"gamma": 450.5450151836108, "log10_alpha": 1.0, "log10_colsample_bytree": -0.4876401077117865, "log10_eta": -4.0, "log10_lambda": 1.0, "log10_min_child_weight": 5.0, "log10_subsample": 0.0, "max_depth": 9.0, "num_boost_round": 6.0}, "datetime": {"datetime": "2024-01-19 00:39:44", "elapsed": 1688.390223, "delta": 0.003251}}
{"target": -13.758535882712719, "params": {"gamma": 450.5450151836108, "log10_alpha": 1.0, "log10_colsample_bytree": -0.4876401077117865, "log10_eta": -4.0, "log10_lambda": 1.0, "log10_min_child_weight": 5.0, "log10_subsample": 0.0, "max_depth": 9.0, "num_boost_round": 7.0}, "datetime": {"datetime": "2024-01-19 00:39:44", "elapsed": 1688.393061, "delta": 0.002838}}
{"target": -13.758535626281184, "params": {"gamma": 450.5450151836108, "log10_alpha": 1.0, "log10_colsample_bytree": -0.4876401077117865, "log10_eta": -4.0, "log10_lambda": 1.0, "log10_min_child_weight": 5.0, "log10_subsample": 0.0, "max_depth": 9.0, "num_boost_round": 8.0}, "datetime": {"datetime": "2024-01-19 00:39:44", "elapsed": 1688.395937, "delta": 0.002876}}
{"target": -13.758535376418193, "params": {"gamma": 450.5450151836108, "log10_alpha": 1.0, "log10_colsample_bytree": -0.4876401077117865, "log10_eta": -4.0, "log10_lambda": 1.0, "log10_min_child_weight": 5.0, "log10_subsample": 0.0, "max_depth": 9.0, "num_boost_round": 9.0}, "datetime": {"datetime": "2024-01-19 00:39:44", "elapsed": 1688.398756, "delta": 0.002819}}
{"target": -13.758534664873778, "params": {"gamma": 450.5450151836108, "log10_alpha": 1.0, "log10_colsample_bytree": -0.4876401077117865, "log10_eta": -4.0, "log10_lambda": 1.0, "log10_min_child_weight": 5.0, "log10_subsample": 0.0, "max_depth": 9.0, "num_boost_round": 10.0}, "datetime": {"datetime": "2024-01-19 00:39:44", "elapsed": 1688.401557, "delta": 0.002801}}
{"target": -13.758534136347985, "params": {"gamma": 450.5450151836108, "log10_alpha": 1.0, "log10_colsample_bytree": -0.4876401077117865, "log10_eta": -4.0, "log10_lambda": 1.0, "log10_min_child_weight": 5.0, "log10_subsample": 0.0, "max_depth": 9.0, "num_boost_round": 11.0}, "datetime": {"datetime": "2024-01-19 00:39:44", "elapsed": 1688.404417, "delta": 0.00286}}
{"target": -13.758534403446939, "params": {"gamma": 450.5450151836108, "log10_alpha": 1.0, "log10_colsample_bytree": -0.4876401077117865, "log10_eta": -4.0, "log10_lambda": 1.0, "log10_min_child_weight": 5.0, "log10_subsample": 0.0, "max_depth": 9.0, "num_boost_round": 12.0}, "datetime": {"datetime": "2024-01-19 00:39:44", "elapsed": 1688.407238, "delta": 0.002821}}
{"target": -13.758534395425233, "params": {"gamma": 450.5450151836108, "log10_alpha": 1.0, "log10_colsample_bytree": -0.4876401077117865, "log10_eta": -4.0, "log10_lambda": 1.0, "log10_min_child_weight": 5.0, "log10_subsample": 0.0, "max_depth": 9.0, "num_boost_round": 13.0}, "datetime": {"datetime": "2024-01-19 00:39:44", "elapsed": 1688.410109, "delta": 0.002871}}
{"target": -13.758533865008628, "params": {"gamma": 450.5450151836108, "log10_alpha": 1.0, "log10_colsample_bytree": -0.4876401077117865, "log10_eta": -4.0, "log10_lambda": 1.0, "log10_min_child_weight": 5.0, "log10_subsample": 0.0, "max_depth": 9.0, "num_boost_round": 14.0}, "datetime": {"datetime": "2024-01-19 00:39:44", "elapsed": 1688.412929, "delta": 0.00282}}
{"target": -13.758532778361682, "params": {"gamma": 450.5450151836108, "log10_alpha": 1.0, "log10_colsample_bytree": -0.4876401077117865, "log10_eta": -4.0, "log10_lambda": 1.0, "log10_min_child_weight": 5.0, "log10_subsample": 0.0, "max_depth": 9.0, "num_boost_round": 15.0}, "datetime": {"datetime": "2024-01-19 00:39:44", "elapsed": 1688.41581, "delta": 0.002881}}
{"target": -13.758533190511999, "params": {"gamma": 450.5450151836108, "log10_alpha": 1.0, "log10_colsample_bytree": -0.4876401077117865, "log10_eta": -4.0, "log10_lambda": 1.0, "log10_min_child_weight": 5.0, "log10_subsample": 0.0, "max_depth": 9.0, "num_boost_round": 16.0}, "datetime": {"datetime": "2024-01-19 00:39:44", "elapsed": 1688.419053, "delta": 0.003243}}
{"target": -13.75853315413475, "params": {"gamma": 450.5450151836108, "log10_alpha": 1.0, "log10_colsample_bytree": -0.4876401077117865, "log10_eta": -4.0, "log10_lambda": 1.0, "log10_min_child_weight": 5.0, "log10_subsample": 0.0, "max_depth": 9.0, "num_boost_round": 17.0}, "datetime": {"datetime": "2024-01-19 00:39:44", "elapsed": 1688.421908, "delta": 0.002855}}
{"target": -13.758533178797624, "params": {"gamma": 450.5450151836108, "log10_alpha": 1.0, "log10_colsample_bytree": -0.4876401077117865, "log10_eta": -4.0, "log10_lambda": 1.0, "log10_min_child_weight": 5.0, "log10_subsample": 0.0, "max_depth": 9.0, "num_boost_round": 18.0}, "datetime": {"datetime": "2024-01-19 00:39:44", "elapsed": 1688.424846, "delta": 0.002938}}
{"target": -13.758532633349068, "params": {"gamma": 450.5450151836108, "log10_alpha": 1.0, "log10_colsample_bytree": -0.4876401077117865, "log10_eta": -4.0, "log10_lambda": 1.0, "log10_min_child_weight": 5.0, "log10_subsample": 0.0, "max_depth": 9.0, "num_boost_round": 19.0}, "datetime": {"datetime": "2024-01-19 00:39:44", "elapsed": 1688.427808, "delta": 0.002962}}
{"target": -13.758532035409845, "params": {"gamma": 450.5450151836108, "log10_alpha": 1.0, "log10_colsample_bytree": -0.4876401077117865, "log10_eta": -4.0, "log10_lambda": 1.0, "log10_min_child_weight": 5.0, "log10_subsample": 0.0, "max_depth": 9.0, "num_boost_round": 20.0}, "datetime": {"datetime": "2024-01-19 00:39:44", "elapsed": 1688.43074, "delta": 0.002932}}
{"target": -13.758531460467733, "params": {"gamma": 450.5450151836108, "log10_alpha": 1.0, "log10_colsample_bytree": -0.4876401077117865, "log10_eta": -4.0, "log10_lambda": 1.0, "log10_min_child_weight": 5.0, "log10_subsample": 0.0, "max_depth": 9.0, "num_boost_round": 21.0}, "datetime": {"datetime": "2024-01-19 00:39:44", "elapsed": 1688.433674, "delta": 0.002934}}
{"target": -13.758531300211027, "params": {"gamma": 450.5450151836108, "log10_alpha": 1.0, "log10_colsample_bytree": -0.4876401077117865, "log10_eta": -4.0, "log10_lambda": 1.0, "log10_min_child_weight": 5.0, "log10_subsample": 0.0, "max_depth": 9.0, "num_boost_round": 22.0}, "datetime": {"datetime": "2024-01-19 00:39:44", "elapsed": 1688.436509, "delta": 0.002835}}
{"target": -13.758530432771199, "params": {"gamma": 450.5450151836108, "log10_alpha": 1.0, "log10_colsample_bytree": -0.4876401077117865, "log10_eta": -4.0, "log10_lambda": 1.0, "log10_min_child_weight": 5.0, "log10_subsample": 0.0, "max_depth": 9.0, "num_boost_round": 23.0}, "datetime": {"datetime": "2024-01-19 00:39:44", "elapsed": 1688.439351, "delta": 0.002842}}
{"target": -13.75853003749259, "params": {"gamma": 450.5450151836108, "log10_alpha": 1.0, "log10_colsample_bytree": -0.4876401077117865, "log10_eta": -4.0, "log10_lambda": 1.0, "log10_min_child_weight": 5.0, "log10_subsample": 0.0, "max_depth": 9.0, "num_boost_round": 24.0}, "datetime": {"datetime": "2024-01-19 00:39:44", "elapsed": 1688.442213, "delta": 0.002862}}
{"target": -13.758529744374844, "params": {"gamma": 450.5450151836108, "log10_alpha": 1.0, "log10_colsample_bytree": -0.4876401077117865, "log10_eta": -4.0, "log10_lambda": 1.0, "log10_min_child_weight": 5.0, "log10_subsample": 0.0, "max_depth": 9.0, "num_boost_round": 25.0}, "datetime": {"datetime": "2024-01-19 00:39:44", "elapsed": 1688.44511, "delta": 0.002897}}
{"target": -13.758529497853047, "params": {"gamma": 450.5450151836108, "log10_alpha": 1.0, "log10_colsample_bytree": -0.4876401077117865, "log10_eta": -4.0, "log10_lambda": 1.0, "log10_min_child_weight": 5.0, "log10_subsample": 0.0, "max_depth": 9.0, "num_boost_round": 26.0}, "datetime": {"datetime": "2024-01-19 00:39:44", "elapsed": 1688.448028, "delta": 0.002918}}
{"target": -13.75852809661193, "params": {"gamma": 450.5450151836108, "log10_alpha": 1.0, "log10_colsample_bytree": -0.4876401077117865, "log10_eta": -4.0, "log10_lambda": 1.0, "log10_min_child_weight": 5.0, "log10_subsample": 0.0, "max_depth": 9.0, "num_boost_round": 27.0}, "datetime": {"datetime": "2024-01-19 00:39:44", "elapsed": 1688.450915, "delta": 0.002887}}
{"target": -13.758527257101552, "params": {"gamma": 450.5450151836108, "log10_alpha": 1.0, "log10_colsample_bytree": -0.4876401077117865, "log10_eta": -4.0, "log10_lambda": 1.0, "log10_min_child_weight": 5.0, "log10_subsample": 0.0, "max_depth": 9.0, "num_boost_round": 28.0}, "datetime": {"datetime": "2024-01-19 00:39:44", "elapsed": 1688.453832, "delta": 0.002917}}
{"target": -13.758527282062706, "params": {"gamma": 450.5450151836108, "log10_alpha": 1.0, "log10_colsample_bytree": -0.4876401077117865, "log10_eta": -4.0, "log10_lambda": 1.0, "log10_min_child_weight": 5.0, "log10_subsample": 0.0, "max_depth": 9.0, "num_boost_round": 29.0}, "datetime": {"datetime": "2024-01-19 00:39:44", "elapsed": 1688.456685, "delta": 0.002853}}
{"target": -13.758526226071348, "params": {"gamma": 450.5450151836108, "log10_alpha": 1.0, "log10_colsample_bytree": -0.4876401077117865, "log10_eta": -4.0, "log10_lambda": 1.0, "log10_min_child_weight": 5.0, "log10_subsample": 0.0, "max_depth": 9.0, "num_boost_round": 30.0}, "datetime": {"datetime": "2024-01-19 00:39:44", "elapsed": 1688.459544, "delta": 0.002859}}
{"target": -13.758525935494694, "params": {"gamma": 450.5450151836108, "log10_alpha": 1.0, "log10_colsample_bytree": -0.4876401077117865, "log10_eta": -4.0, "log10_lambda": 1.0, "log10_min_child_weight": 5.0, "log10_subsample": 0.0, "max_depth": 9.0, "num_boost_round": 31.0}, "datetime": {"datetime": "2024-01-19 00:39:44", "elapsed": 1688.462407, "delta": 0.002863}}
{"target": -13.758525308082664, "params": {"gamma": 450.5450151836108, "log10_alpha": 1.0, "log10_colsample_bytree": -0.4876401077117865, "log10_eta": -4.0, "log10_lambda": 1.0, "log10_min_child_weight": 5.0, "log10_subsample": 0.0, "max_depth": 9.0, "num_boost_round": 32.0}, "datetime": {"datetime": "2024-01-19 00:39:44", "elapsed": 1688.46527, "delta": 0.002863}}
{"target": -13.758525061500372, "params": {"gamma": 450.5450151836108, "log10_alpha": 1.0, "log10_colsample_bytree": -0.4876401077117865, "log10_eta": -4.0, "log10_lambda": 1.0, "log10_min_child_weight": 5.0, "log10_subsample": 0.0, "max_depth": 9.0, "num_boost_round": 33.0}, "datetime": {"datetime": "2024-01-19 00:39:44", "elapsed": 1688.468147, "delta": 0.002877}}
{"target": -13.758525492977808, "params": {"gamma": 450.5450151836108, "log10_alpha": 1.0, "log10_colsample_bytree": -0.4876401077117865, "log10_eta": -4.0, "log10_lambda": 1.0, "log10_min_child_weight": 5.0, "log10_subsample": 0.0, "max_depth": 9.0, "num_boost_round": 34.0}, "datetime": {"datetime": "2024-01-19 00:39:44", "elapsed": 1688.471058, "delta": 0.002911}}
{"target": -13.758525755415457, "params": {"gamma": 450.5450151836108, "log10_alpha": 1.0, "log10_colsample_bytree": -0.4876401077117865, "log10_eta": -4.0, "log10_lambda": 1.0, "log10_min_child_weight": 5.0, "log10_subsample": 0.0, "max_depth": 9.0, "num_boost_round": 35.0}, "datetime": {"datetime": "2024-01-19 00:39:44", "elapsed": 1688.473972, "delta": 0.002914}}
{"target": -13.758525418215262, "params": {"gamma": 450.5450151836108, "log10_alpha": 1.0, "log10_colsample_bytree": -0.4876401077117865, "log10_eta": -4.0, "log10_lambda": 1.0, "log10_min_child_weight": 5.0, "log10_subsample": 0.0, "max_depth": 9.0, "num_boost_round": 36.0}, "datetime": {"datetime": "2024-01-19 00:39:44", "elapsed": 1688.476882, "delta": 0.00291}}
{"target": -13.758540117405015, "params": {"gamma": 420.08369489940173, "log10_alpha": 1.0, "log10_colsample_bytree": 0.0, "log10_eta": -4.0, "log10_lambda": -5.0, "log10_min_child_weight": 0.0, "log10_subsample": 0.0, "max_depth": 10.0, "num_boost_round": 0.0}, "datetime": {"datetime": "2024-01-19 00:40:35", "elapsed": 1739.591195, "delta": 51.114313}}
{"target": -13.758541954233126, "params": {"gamma": 420.08369489940173, "log10_alpha": 1.0, "log10_colsample_bytree": 0.0, "log10_eta": -4.0, "log10_lambda": -5.0, "log10_min_child_weight": 0.0, "log10_subsample": 0.0, "max_depth": 10.0, "num_boost_round": 1.0}, "datetime": {"datetime": "2024-01-19 00:40:35", "elapsed": 1739.594685, "delta": 0.00349}}
{"target": -13.758543789475311, "params": {"gamma": 420.08369489940173, "log10_alpha": 1.0, "log10_colsample_bytree": 0.0, "log10_eta": -4.0, "log10_lambda": -5.0, "log10_min_child_weight": 0.0, "log10_subsample": 0.0, "max_depth": 10.0, "num_boost_round": 2.0}, "datetime": {"datetime": "2024-01-19 00:40:35", "elapsed": 1739.597545, "delta": 0.00286}}
{"target": -13.758545666123396, "params": {"gamma": 420.08369489940173, "log10_alpha": 1.0, "log10_colsample_bytree": 0.0, "log10_eta": -4.0, "log10_lambda": -5.0, "log10_min_child_weight": 0.0, "log10_subsample": 0.0, "max_depth": 10.0, "num_boost_round": 3.0}, "datetime": {"datetime": "2024-01-19 00:40:35", "elapsed": 1739.600436, "delta": 0.002891}}
{"target": -13.758547555288354, "params": {"gamma": 420.08369489940173, "log10_alpha": 1.0, "log10_colsample_bytree": 0.0, "log10_eta": -4.0, "log10_lambda": -5.0, "log10_min_child_weight": 0.0, "log10_subsample": 0.0, "max_depth": 10.0, "num_boost_round": 4.0}, "datetime": {"datetime": "2024-01-19 00:40:35", "elapsed": 1739.603275, "delta": 0.002839}}
{"target": -13.75854945933943, "params": {"gamma": 420.08369489940173, "log10_alpha": 1.0, "log10_colsample_bytree": 0.0, "log10_eta": -4.0, "log10_lambda": -5.0, "log10_min_child_weight": 0.0, "log10_subsample": 0.0, "max_depth": 10.0, "num_boost_round": 5.0}, "datetime": {"datetime": "2024-01-19 00:40:35", "elapsed": 1739.606168, "delta": 0.002893}}
{"target": -13.758551406569064, "params": {"gamma": 420.08369489940173, "log10_alpha": 1.0, "log10_colsample_bytree": 0.0, "log10_eta": -4.0, "log10_lambda": -5.0, "log10_min_child_weight": 0.0, "log10_subsample": 0.0, "max_depth": 10.0, "num_boost_round": 6.0}, "datetime": {"datetime": "2024-01-19 00:40:35", "elapsed": 1739.609077, "delta": 0.002909}}
{"target": -13.758553355890943, "params": {"gamma": 420.08369489940173, "log10_alpha": 1.0, "log10_colsample_bytree": 0.0, "log10_eta": -4.0, "log10_lambda": -5.0, "log10_min_child_weight": 0.0, "log10_subsample": 0.0, "max_depth": 10.0, "num_boost_round": 7.0}, "datetime": {"datetime": "2024-01-19 00:40:35", "elapsed": 1739.612043, "delta": 0.002966}}
{"target": -13.758555323169906, "params": {"gamma": 420.08369489940173, "log10_alpha": 1.0, "log10_colsample_bytree": 0.0, "log10_eta": -4.0, "log10_lambda": -5.0, "log10_min_child_weight": 0.0, "log10_subsample": 0.0, "max_depth": 10.0, "num_boost_round": 8.0}, "datetime": {"datetime": "2024-01-19 00:40:35", "elapsed": 1739.614963, "delta": 0.00292}}
{"target": -13.758557299982712, "params": {"gamma": 420.08369489940173, "log10_alpha": 1.0, "log10_colsample_bytree": 0.0, "log10_eta": -4.0, "log10_lambda": -5.0, "log10_min_child_weight": 0.0, "log10_subsample": 0.0, "max_depth": 10.0, "num_boost_round": 9.0}, "datetime": {"datetime": "2024-01-19 00:40:35", "elapsed": 1739.617831, "delta": 0.002868}}
{"target": -13.758494739643506, "params": {"gamma": 497.3326405683155, "log10_alpha": -0.7513669713931712, "log10_colsample_bytree": -0.7297393141793654, "log10_eta": -2.7547420225628114, "log10_lambda": -4.081143589507438, "log10_min_child_weight": 0.3242837175116231, "log10_subsample": -0.3041313286347962, "max_depth": 3.0, "num_boost_round": 0.0}, "datetime": {"datetime": "2024-01-19 00:41:12", "elapsed": 1776.316999, "delta": 36.699168}}
{"target": -13.758461514186418, "params": {"gamma": 497.3326405683155, "log10_alpha": -0.7513669713931712, "log10_colsample_bytree": -0.7297393141793654, "log10_eta": -2.7547420225628114, "log10_lambda": -4.081143589507438, "log10_min_child_weight": 0.3242837175116231, "log10_subsample": -0.3041313286347962, "max_depth": 3.0, "num_boost_round": 1.0}, "datetime": {"datetime": "2024-01-19 00:41:12", "elapsed": 1776.320312, "delta": 0.003313}}
{"target": -13.758467043243346, "params": {"gamma": 497.3326405683155, "log10_alpha": -0.7513669713931712, "log10_colsample_bytree": -0.7297393141793654, "log10_eta": -2.7547420225628114, "log10_lambda": -4.081143589507438, "log10_min_child_weight": 0.3242837175116231, "log10_subsample": -0.3041313286347962, "max_depth": 3.0, "num_boost_round": 2.0}, "datetime": {"datetime": "2024-01-19 00:41:12", "elapsed": 1776.323805, "delta": 0.003493}}
{"target": -13.758430982729282, "params": {"gamma": 497.3326405683155, "log10_alpha": -0.7513669713931712, "log10_colsample_bytree": -0.7297393141793654, "log10_eta": -2.7547420225628114, "log10_lambda": -4.081143589507438, "log10_min_child_weight": 0.3242837175116231, "log10_subsample": -0.3041313286347962, "max_depth": 3.0, "num_boost_round": 3.0}, "datetime": {"datetime": "2024-01-19 00:41:12", "elapsed": 1776.326955, "delta": 0.00315}}
