{"target": -13.758513160825592, "params": {"gamma": 75.42880760099466, "log10_alpha": 1.0, "log10_colsample_bytree": -0.25870554064684803, "log10_eta": -4.0, "log10_lambda": -2.4251346163925662, "log10_min_child_weight": 2.9957457180651117, "log10_subsample": -0.6018369307699141, "max_depth": 6.0, "num_boost_round": 20.0}, "datetime": {"datetime": "2024-01-19 02:36:47", "elapsed": 8727.254772, "delta": 0.005878}}
{"target": -13.758510169863124, "params": {"gamma": 75.42880760099466, "log10_alpha": 1.0, "log10_colsample_bytree": -0.25870554064684803, "log10_eta": -4.0, "log10_lambda": -2.4251346163925662, "log10_min_child_weight": 2.9957457180651117, "log10_subsample": -0.6018369307699141, "max_depth": 6.0, "num_boost_round": 21.0}, "datetime": {"datetime": "2024-01-19 02:36:47", "elapsed": 8727.260786, "delta": 0.006014}}
{"target": -13.758507692687555, "params": {"gamma": 75.42880760099466, "log10_alpha": 1.0, "log10_colsample_bytree": -0.25870554064684803, "log10_eta": -4.0, "log10_lambda": -2.4251346163925662, "log10_min_child_weight": 2.9957457180651117, "log10_subsample": -0.6018369307699141, "max_depth": 6.0, "num_boost_round": 22.0}, "datetime": {"datetime": "2024-01-19 02:36:47", "elapsed": 8727.266683, "delta": 0.005897}}
{"target": -13.758505172337308, "params": {"gamma": 75.42880760099466, "log10_alpha": 1.0, "log10_colsample_bytree": -0.25870554064684803, "log10_eta": -4.0, "log10_lambda": -2.4251346163925662, "log10_min_child_weight": 2.9957457180651117, "log10_subsample": -0.6018369307699141, "max_depth": 6.0, "num_boost_round": 23.0}, "datetime": {"datetime": "2024-01-19 02:36:47", "elapsed": 8727.272543, "delta": 0.00586}}
{"target": -13.758505872916489, "params": {"gamma": 75.42880760099466, "log10_alpha": 1.0, "log10_colsample_bytree": -0.25870554064684803, "log10_eta": -4.0, "log10_lambda": -2.4251346163925662, "log10_min_child_weight": 2.9957457180651117, "log10_subsample": -0.6018369307699141, "max_depth": 6.0, "num_boost_round": 24.0}, "datetime": {"datetime": "2024-01-19 02:36:47", "elapsed": 8727.278487, "delta": 0.005944}}
{"target": -13.758503848473458, "params": {"gamma": 75.42880760099466, "log10_alpha": 1.0, "log10_colsample_bytree": -0.25870554064684803, "log10_eta": -4.0, "log10_lambda": -2.4251346163925662, "log10_min_child_weight": 2.9957457180651117, "log10_subsample": -0.6018369307699141, "max_depth": 6.0, "num_boost_round": 25.0}, "datetime": {"datetime": "2024-01-19 02:36:47", "elapsed": 8727.28511, "delta": 0.006623}}
{"target": -13.758502919836415, "params": {"gamma": 75.42880760099466, "log10_alpha": 1.0, "log10_colsample_bytree": -0.25870554064684803, "log10_eta": -4.0, "log10_lambda": -2.4251346163925662, "log10_min_child_weight": 2.9957457180651117, "log10_subsample": -0.6018369307699141, "max_depth": 6.0, "num_boost_round": 26.0}, "datetime": {"datetime": "2024-01-19 02:36:47", "elapsed": 8727.291133, "delta": 0.006023}}
{"target": -13.758537872881229, "params": {"gamma": 76.63403630507415, "log10_alpha": -1.1626433555079467, "log10_colsample_bytree": -0.5097984153556445, "log10_eta": -3.8483106751669456, "log10_lambda": -4.913120434643449, "log10_min_child_weight": 4.960083818591342, "log10_subsample": -0.46819254578593417, "max_depth": 8.0, "num_boost_round": 0.0}, "datetime": {"datetime": "2024-01-19 02:38:53", "elapsed": 8853.653773, "delta": 126.36264}}
{"target": -13.75853746031144, "params": {"gamma": 76.63403630507415, "log10_alpha": -1.1626433555079467, "log10_colsample_bytree": -0.5097984153556445, "log10_eta": -3.8483106751669456, "log10_lambda": -4.913120434643449, "log10_min_child_weight": 4.960083818591342, "log10_subsample": -0.46819254578593417, "max_depth": 8.0, "num_boost_round": 1.0}, "datetime": {"datetime": "2024-01-19 02:38:53", "elapsed": 8853.660365, "delta": 0.006592}}
{"target": -13.758536846603414, "params": {"gamma": 76.63403630507415, "log10_alpha": -1.1626433555079467, "log10_colsample_bytree": -0.5097984153556445, "log10_eta": -3.8483106751669456, "log10_lambda": -4.913120434643449, "log10_min_child_weight": 4.960083818591342, "log10_subsample": -0.46819254578593417, "max_depth": 8.0, "num_boost_round": 2.0}, "datetime": {"datetime": "2024-01-19 02:38:53", "elapsed": 8853.666661, "delta": 0.006296}}
{"target": -13.758536360232267, "params": {"gamma": 76.63403630507415, "log10_alpha": -1.1626433555079467, "log10_colsample_bytree": -0.5097984153556445, "log10_eta": -3.8483106751669456, "log10_lambda": -4.913120434643449, "log10_min_child_weight": 4.960083818591342, "log10_subsample": -0.46819254578593417, "max_depth": 8.0, "num_boost_round": 3.0}, "datetime": {"datetime": "2024-01-19 02:38:53", "elapsed": 8853.673183, "delta": 0.006522}}
{"target": -13.758535810469166, "params": {"gamma": 76.63403630507415, "log10_alpha": -1.1626433555079467, "log10_colsample_bytree": -0.5097984153556445, "log10_eta": -3.8483106751669456, "log10_lambda": -4.913120434643449, "log10_min_child_weight": 4.960083818591342, "log10_subsample": -0.46819254578593417, "max_depth": 8.0, "num_boost_round": 4.0}, "datetime": {"datetime": "2024-01-19 02:38:53", "elapsed": 8853.679618, "delta": 0.006435}}
{"target": -13.758535193624244, "params": {"gamma": 76.63403630507415, "log10_alpha": -1.1626433555079467, "log10_colsample_bytree": -0.5097984153556445, "log10_eta": -3.8483106751669456, "log10_lambda": -4.913120434643449, "log10_min_child_weight": 4.960083818591342, "log10_subsample": -0.46819254578593417, "max_depth": 8.0, "num_boost_round": 5.0}, "datetime": {"datetime": "2024-01-19 02:38:53", "elapsed": 8853.685799, "delta": 0.006181}}
{"target": -13.758534621536754, "params": {"gamma": 76.63403630507415, "log10_alpha": -1.1626433555079467, "log10_colsample_bytree": -0.5097984153556445, "log10_eta": -3.8483106751669456, "log10_lambda": -4.913120434643449, "log10_min_child_weight": 4.960083818591342, "log10_subsample": -0.46819254578593417, "max_depth": 8.0, "num_boost_round": 6.0}, "datetime": {"datetime": "2024-01-19 02:38:53", "elapsed": 8853.692105, "delta": 0.006306}}
{"target": -13.758534448371984, "params": {"gamma": 76.63403630507415, "log10_alpha": -1.1626433555079467, "log10_colsample_bytree": -0.5097984153556445, "log10_eta": -3.8483106751669456, "log10_lambda": -4.913120434643449, "log10_min_child_weight": 4.960083818591342, "log10_subsample": -0.46819254578593417, "max_depth": 8.0, "num_boost_round": 7.0}, "datetime": {"datetime": "2024-01-19 02:38:53", "elapsed": 8853.698415, "delta": 0.00631}}
{"target": -13.758534291227523, "params": {"gamma": 76.63403630507415, "log10_alpha": -1.1626433555079467, "log10_colsample_bytree": -0.5097984153556445, "log10_eta": -3.8483106751669456, "log10_lambda": -4.913120434643449, "log10_min_child_weight": 4.960083818591342, "log10_subsample": -0.46819254578593417, "max_depth": 8.0, "num_boost_round": 8.0}, "datetime": {"datetime": "2024-01-19 02:38:53", "elapsed": 8853.704631, "delta": 0.006216}}
{"target": -13.758533455981672, "params": {"gamma": 76.63403630507415, "log10_alpha": -1.1626433555079467, "log10_colsample_bytree": -0.5097984153556445, "log10_eta": -3.8483106751669456, "log10_lambda": -4.913120434643449, "log10_min_child_weight": 4.960083818591342, "log10_subsample": -0.46819254578593417, "max_depth": 8.0, "num_boost_round": 9.0}, "datetime": {"datetime": "2024-01-19 02:38:53", "elapsed": 8853.710846, "delta": 0.006215}}
{"target": -13.758532459642705, "params": {"gamma": 76.63403630507415, "log10_alpha": -1.1626433555079467, "log10_colsample_bytree": -0.5097984153556445, "log10_eta": -3.8483106751669456, "log10_lambda": -4.913120434643449, "log10_min_child_weight": 4.960083818591342, "log10_subsample": -0.46819254578593417, "max_depth": 8.0, "num_boost_round": 10.0}, "datetime": {"datetime": "2024-01-19 02:38:53", "elapsed": 8853.717162, "delta": 0.006316}}
{"target": -13.758531723403776, "params": {"gamma": 76.63403630507415, "log10_alpha": -1.1626433555079467, "log10_colsample_bytree": -0.5097984153556445, "log10_eta": -3.8483106751669456, "log10_lambda": -4.913120434643449, "log10_min_child_weight": 4.960083818591342, "log10_subsample": -0.46819254578593417, "max_depth": 8.0, "num_boost_round": 11.0}, "datetime": {"datetime": "2024-01-19 02:38:53", "elapsed": 8853.72361, "delta": 0.006448}}
{"target": -13.758531107778618, "params": {"gamma": 76.63403630507415, "log10_alpha": -1.1626433555079467, "log10_colsample_bytree": -0.5097984153556445, "log10_eta": -3.8483106751669456, "log10_lambda": -4.913120434643449, "log10_min_child_weight": 4.960083818591342, "log10_subsample": -0.46819254578593417, "max_depth": 8.0, "num_boost_round": 12.0}, "datetime": {"datetime": "2024-01-19 02:38:53", "elapsed": 8853.730116, "delta": 0.006506}}
{"target": -13.758530598449678, "params": {"gamma": 76.63403630507415, "log10_alpha": -1.1626433555079467, "log10_colsample_bytree": -0.5097984153556445, "log10_eta": -3.8483106751669456, "log10_lambda": -4.913120434643449, "log10_min_child_weight": 4.960083818591342, "log10_subsample": -0.46819254578593417, "max_depth": 8.0, "num_boost_round": 13.0}, "datetime": {"datetime": "2024-01-19 02:38:53", "elapsed": 8853.736308, "delta": 0.006192}}
{"target": -13.758530402462247, "params": {"gamma": 76.63403630507415, "log10_alpha": -1.1626433555079467, "log10_colsample_bytree": -0.5097984153556445, "log10_eta": -3.8483106751669456, "log10_lambda": -4.913120434643449, "log10_min_child_weight": 4.960083818591342, "log10_subsample": -0.46819254578593417, "max_depth": 8.0, "num_boost_round": 14.0}, "datetime": {"datetime": "2024-01-19 02:38:53", "elapsed": 8853.74258, "delta": 0.006272}}
{"target": -13.758529363238797, "params": {"gamma": 76.63403630507415, "log10_alpha": -1.1626433555079467, "log10_colsample_bytree": -0.5097984153556445, "log10_eta": -3.8483106751669456, "log10_lambda": -4.913120434643449, "log10_min_child_weight": 4.960083818591342, "log10_subsample": -0.46819254578593417, "max_depth": 8.0, "num_boost_round": 15.0}, "datetime": {"datetime": "2024-01-19 02:38:53", "elapsed": 8853.748856, "delta": 0.006276}}
{"target": -13.758529232808227, "params": {"gamma": 76.63403630507415, "log10_alpha": -1.1626433555079467, "log10_colsample_bytree": -0.5097984153556445, "log10_eta": -3.8483106751669456, "log10_lambda": -4.913120434643449, "log10_min_child_weight": 4.960083818591342, "log10_subsample": -0.46819254578593417, "max_depth": 8.0, "num_boost_round": 16.0}, "datetime": {"datetime": "2024-01-19 02:38:53", "elapsed": 8853.874985, "delta": 0.126129}}
{"target": -13.758528632453412, "params": {"gamma": 76.63403630507415, "log10_alpha": -1.1626433555079467, "log10_colsample_bytree": -0.5097984153556445, "log10_eta": -3.8483106751669456, "log10_lambda": -4.913120434643449, "log10_min_child_weight": 4.960083818591342, "log10_subsample": -0.46819254578593417, "max_depth": 8.0, "num_boost_round": 17.0}, "datetime": {"datetime": "2024-01-19 02:38:53", "elapsed": 8853.882718, "delta": 0.007733}}
{"target": -13.758528346639284, "params": {"gamma": 76.63403630507415, "log10_alpha": -1.1626433555079467, "log10_colsample_bytree": -0.5097984153556445, "log10_eta": -3.8483106751669456, "log10_lambda": -4.913120434643449, "log10_min_child_weight": 4.960083818591342, "log10_subsample": -0.46819254578593417, "max_depth": 8.0, "num_boost_round": 18.0}, "datetime": {"datetime": "2024-01-19 02:38:53", "elapsed": 8853.88933, "delta": 0.006612}}
{"target": -13.758527713107886, "params": {"gamma": 76.63403630507415, "log10_alpha": -1.1626433555079467, "log10_colsample_bytree": -0.5097984153556445, "log10_eta": -3.8483106751669456, "log10_lambda": -4.913120434643449, "log10_min_child_weight": 4.960083818591342, "log10_subsample": -0.46819254578593417, "max_depth": 8.0, "num_boost_round": 19.0}, "datetime": {"datetime": "2024-01-19 02:38:53", "elapsed": 8853.895777, "delta": 0.006447}}
{"target": -13.758527037646926, "params": {"gamma": 76.63403630507415, "log10_alpha": -1.1626433555079467, "log10_colsample_bytree": -0.5097984153556445, "log10_eta": -3.8483106751669456, "log10_lambda": -4.913120434643449, "log10_min_child_weight": 4.960083818591342, "log10_subsample": -0.46819254578593417, "max_depth": 8.0, "num_boost_round": 20.0}, "datetime": {"datetime": "2024-01-19 02:38:53", "elapsed": 8853.902183, "delta": 0.006406}}
{"target": -13.758526438060377, "params": {"gamma": 76.63403630507415, "log10_alpha": -1.1626433555079467, "log10_colsample_bytree": -0.5097984153556445, "log10_eta": -3.8483106751669456, "log10_lambda": -4.913120434643449, "log10_min_child_weight": 4.960083818591342, "log10_subsample": -0.46819254578593417, "max_depth": 8.0, "num_boost_round": 21.0}, "datetime": {"datetime": "2024-01-19 02:38:53", "elapsed": 8853.908585, "delta": 0.006402}}
{"target": -13.758525585733373, "params": {"gamma": 76.63403630507415, "log10_alpha": -1.1626433555079467, "log10_colsample_bytree": -0.5097984153556445, "log10_eta": -3.8483106751669456, "log10_lambda": -4.913120434643449, "log10_min_child_weight": 4.960083818591342, "log10_subsample": -0.46819254578593417, "max_depth": 8.0, "num_boost_round": 22.0}, "datetime": {"datetime": "2024-01-19 02:38:53", "elapsed": 8853.915027, "delta": 0.006442}}
{"target": -13.758524645425664, "params": {"gamma": 76.63403630507415, "log10_alpha": -1.1626433555079467, "log10_colsample_bytree": -0.5097984153556445, "log10_eta": -3.8483106751669456, "log10_lambda": -4.913120434643449, "log10_min_child_weight": 4.960083818591342, "log10_subsample": -0.46819254578593417, "max_depth": 8.0, "num_boost_round": 23.0}, "datetime": {"datetime": "2024-01-19 02:38:53", "elapsed": 8853.921419, "delta": 0.006392}}
{"target": -13.758524057883683, "params": {"gamma": 76.63403630507415, "log10_alpha": -1.1626433555079467, "log10_colsample_bytree": -0.5097984153556445, "log10_eta": -3.8483106751669456, "log10_lambda": -4.913120434643449, "log10_min_child_weight": 4.960083818591342, "log10_subsample": -0.46819254578593417, "max_depth": 8.0, "num_boost_round": 24.0}, "datetime": {"datetime": "2024-01-19 02:38:53", "elapsed": 8853.92788, "delta": 0.006461}}
{"target": -13.758523841906708, "params": {"gamma": 76.63403630507415, "log10_alpha": -1.1626433555079467, "log10_colsample_bytree": -0.5097984153556445, "log10_eta": -3.8483106751669456, "log10_lambda": -4.913120434643449, "log10_min_child_weight": 4.960083818591342, "log10_subsample": -0.46819254578593417, "max_depth": 8.0, "num_boost_round": 25.0}, "datetime": {"datetime": "2024-01-19 02:38:53", "elapsed": 8853.934243, "delta": 0.006363}}
{"target": -13.758523941437154, "params": {"gamma": 76.63403630507415, "log10_alpha": -1.1626433555079467, "log10_colsample_bytree": -0.5097984153556445, "log10_eta": -3.8483106751669456, "log10_lambda": -4.913120434643449, "log10_min_child_weight": 4.960083818591342, "log10_subsample": -0.46819254578593417, "max_depth": 8.0, "num_boost_round": 26.0}, "datetime": {"datetime": "2024-01-19 02:38:53", "elapsed": 8853.940751, "delta": 0.006508}}
{"target": -13.758523291735347, "params": {"gamma": 76.63403630507415, "log10_alpha": -1.1626433555079467, "log10_colsample_bytree": -0.5097984153556445, "log10_eta": -3.8483106751669456, "log10_lambda": -4.913120434643449, "log10_min_child_weight": 4.960083818591342, "log10_subsample": -0.46819254578593417, "max_depth": 8.0, "num_boost_round": 27.0}, "datetime": {"datetime": "2024-01-19 02:38:53", "elapsed": 8853.947123, "delta": 0.006372}}
{"target": -13.758522476325423, "params": {"gamma": 76.63403630507415, "log10_alpha": -1.1626433555079467, "log10_colsample_bytree": -0.5097984153556445, "log10_eta": -3.8483106751669456, "log10_lambda": -4.913120434643449, "log10_min_child_weight": 4.960083818591342, "log10_subsample": -0.46819254578593417, "max_depth": 8.0, "num_boost_round": 28.0}, "datetime": {"datetime": "2024-01-19 02:38:53", "elapsed": 8853.953688, "delta": 0.006565}}
{"target": -13.758521848555565, "params": {"gamma": 76.63403630507415, "log10_alpha": -1.1626433555079467, "log10_colsample_bytree": -0.5097984153556445, "log10_eta": -3.8483106751669456, "log10_lambda": -4.913120434643449, "log10_min_child_weight": 4.960083818591342, "log10_subsample": -0.46819254578593417, "max_depth": 8.0, "num_boost_round": 29.0}, "datetime": {"datetime": "2024-01-19 02:38:53", "elapsed": 8853.96022, "delta": 0.006532}}
{"target": -13.75852093333461, "params": {"gamma": 76.63403630507415, "log10_alpha": -1.1626433555079467, "log10_colsample_bytree": -0.5097984153556445, "log10_eta": -3.8483106751669456, "log10_lambda": -4.913120434643449, "log10_min_child_weight": 4.960083818591342, "log10_subsample": -0.46819254578593417, "max_depth": 8.0, "num_boost_round": 30.0}, "datetime": {"datetime": "2024-01-19 02:38:53", "elapsed": 8853.966688, "delta": 0.006468}}
{"target": -13.758520464080886, "params": {"gamma": 76.63403630507415, "log10_alpha": -1.1626433555079467, "log10_colsample_bytree": -0.5097984153556445, "log10_eta": -3.8483106751669456, "log10_lambda": -4.913120434643449, "log10_min_child_weight": 4.960083818591342, "log10_subsample": -0.46819254578593417, "max_depth": 8.0, "num_boost_round": 31.0}, "datetime": {"datetime": "2024-01-19 02:38:53", "elapsed": 8853.973077, "delta": 0.006389}}
{"target": -13.758519595618617, "params": {"gamma": 76.63403630507415, "log10_alpha": -1.1626433555079467, "log10_colsample_bytree": -0.5097984153556445, "log10_eta": -3.8483106751669456, "log10_lambda": -4.913120434643449, "log10_min_child_weight": 4.960083818591342, "log10_subsample": -0.46819254578593417, "max_depth": 8.0, "num_boost_round": 32.0}, "datetime": {"datetime": "2024-01-19 02:38:53", "elapsed": 8853.979538, "delta": 0.006461}}
{"target": -13.75851878114329, "params": {"gamma": 76.63403630507415, "log10_alpha": -1.1626433555079467, "log10_colsample_bytree": -0.5097984153556445, "log10_eta": -3.8483106751669456, "log10_lambda": -4.913120434643449, "log10_min_child_weight": 4.960083818591342, "log10_subsample": -0.46819254578593417, "max_depth": 8.0, "num_boost_round": 33.0}, "datetime": {"datetime": "2024-01-19 02:38:54", "elapsed": 8854.083996, "delta": 0.104458}}
{"target": -13.75851859661086, "params": {"gamma": 76.63403630507415, "log10_alpha": -1.1626433555079467, "log10_colsample_bytree": -0.5097984153556445, "log10_eta": -3.8483106751669456, "log10_lambda": -4.913120434643449, "log10_min_child_weight": 4.960083818591342, "log10_subsample": -0.46819254578593417, "max_depth": 8.0, "num_boost_round": 34.0}, "datetime": {"datetime": "2024-01-19 02:38:54", "elapsed": 8854.091478, "delta": 0.007482}}
{"target": -13.75851803760906, "params": {"gamma": 76.63403630507415, "log10_alpha": -1.1626433555079467, "log10_colsample_bytree": -0.5097984153556445, "log10_eta": -3.8483106751669456, "log10_lambda": -4.913120434643449, "log10_min_child_weight": 4.960083818591342, "log10_subsample": -0.46819254578593417, "max_depth": 8.0, "num_boost_round": 35.0}, "datetime": {"datetime": "2024-01-19 02:38:54", "elapsed": 8854.097764, "delta": 0.006286}}
{"target": -13.75851749125417, "params": {"gamma": 76.63403630507415, "log10_alpha": -1.1626433555079467, "log10_colsample_bytree": -0.5097984153556445, "log10_eta": -3.8483106751669456, "log10_lambda": -4.913120434643449, "log10_min_child_weight": 4.960083818591342, "log10_subsample": -0.46819254578593417, "max_depth": 8.0, "num_boost_round": 36.0}, "datetime": {"datetime": "2024-01-19 02:38:54", "elapsed": 8854.103969, "delta": 0.006205}}
{"target": -13.758517101378786, "params": {"gamma": 76.63403630507415, "log10_alpha": -1.1626433555079467, "log10_colsample_bytree": -0.5097984153556445, "log10_eta": -3.8483106751669456, "log10_lambda": -4.913120434643449, "log10_min_child_weight": 4.960083818591342, "log10_subsample": -0.46819254578593417, "max_depth": 8.0, "num_boost_round": 37.0}, "datetime": {"datetime": "2024-01-19 02:38:54", "elapsed": 8854.110047, "delta": 0.006078}}
{"target": -13.758516338568056, "params": {"gamma": 76.63403630507415, "log10_alpha": -1.1626433555079467, "log10_colsample_bytree": -0.5097984153556445, "log10_eta": -3.8483106751669456, "log10_lambda": -4.913120434643449, "log10_min_child_weight": 4.960083818591342, "log10_subsample": -0.46819254578593417, "max_depth": 8.0, "num_boost_round": 38.0}, "datetime": {"datetime": "2024-01-19 02:38:54", "elapsed": 8854.116067, "delta": 0.00602}}
{"target": -13.758515626256765, "params": {"gamma": 76.63403630507415, "log10_alpha": -1.1626433555079467, "log10_colsample_bytree": -0.5097984153556445, "log10_eta": -3.8483106751669456, "log10_lambda": -4.913120434643449, "log10_min_child_weight": 4.960083818591342, "log10_subsample": -0.46819254578593417, "max_depth": 8.0, "num_boost_round": 39.0}, "datetime": {"datetime": "2024-01-19 02:38:54", "elapsed": 8854.122095, "delta": 0.006028}}
{"target": -13.758515030690559, "params": {"gamma": 76.63403630507415, "log10_alpha": -1.1626433555079467, "log10_colsample_bytree": -0.5097984153556445, "log10_eta": -3.8483106751669456, "log10_lambda": -4.913120434643449, "log10_min_child_weight": 4.960083818591342, "log10_subsample": -0.46819254578593417, "max_depth": 8.0, "num_boost_round": 40.0}, "datetime": {"datetime": "2024-01-19 02:38:54", "elapsed": 8854.128382, "delta": 0.006287}}
{"target": -13.758514613127566, "params": {"gamma": 76.63403630507415, "log10_alpha": -1.1626433555079467, "log10_colsample_bytree": -0.5097984153556445, "log10_eta": -3.8483106751669456, "log10_lambda": -4.913120434643449, "log10_min_child_weight": 4.960083818591342, "log10_subsample": -0.46819254578593417, "max_depth": 8.0, "num_boost_round": 41.0}, "datetime": {"datetime": "2024-01-19 02:38:54", "elapsed": 8854.134477, "delta": 0.006095}}
