{"target": -13.758521970059512, "params": {"gamma": 872.3346303419386, "log10_alpha": 0.251832471345244, "log10_colsample_bytree": -0.39775930286880923, "log10_eta": -3.7813753024798653, "log10_lambda": -2.2128197195521797, "log10_min_child_weight": 3.7138701534582848, "log10_subsample": -0.479910915418468, "max_depth": 8.0, "num_boost_round": 4.0}, "datetime": {"datetime": "2024-01-19 00:15:31", "elapsed": 251.548939, "delta": 0.000508}}
{"target": -13.758517855151164, "params": {"gamma": 872.3346303419386, "log10_alpha": 0.251832471345244, "log10_colsample_bytree": -0.39775930286880923, "log10_eta": -3.7813753024798653, "log10_lambda": -2.2128197195521797, "log10_min_child_weight": 3.7138701534582848, "log10_subsample": -0.479910915418468, "max_depth": 8.0, "num_boost_round": 5.0}, "datetime": {"datetime": "2024-01-19 00:15:31", "elapsed": 251.55311, "delta": 0.004171}}
{"target": -13.758520110077292, "params": {"gamma": 872.3346303419386, "log10_alpha": 0.251832471345244, "log10_colsample_bytree": -0.39775930286880923, "log10_eta": -3.7813753024798653, "log10_lambda": -2.2128197195521797, "log10_min_child_weight": 3.7138701534582848, "log10_subsample": -0.479910915418468, "max_depth": 8.0, "num_boost_round": 6.0}, "datetime": {"datetime": "2024-01-19 00:15:31", "elapsed": 251.553627, "delta": 0.000517}}
{"target": -13.758514683934333, "params": {"gamma": 872.3346303419386, "log10_alpha": 0.251832471345244, "log10_colsample_bytree": -0.39775930286880923, "log10_eta": -3.7813753024798653, "log10_lambda": -2.2128197195521797, "log10_min_child_weight": 3.7138701534582848, "log10_subsample": -0.479910915418468, "max_depth": 8.0, "num_boost_round": 7.0}, "datetime": {"datetime": "2024-01-19 00:15:31", "elapsed": 251.554142, "delta": 0.000515}}
{"target": -13.758508766764752, "params": {"gamma": 872.3346303419386, "log10_alpha": 0.251832471345244, "log10_colsample_bytree": -0.39775930286880923, "log10_eta": -3.7813753024798653, "log10_lambda": -2.2128197195521797, "log10_min_child_weight": 3.7138701534582848, "log10_subsample": -0.479910915418468, "max_depth": 8.0, "num_boost_round": 8.0}, "datetime": {"datetime": "2024-01-19 00:15:31", "elapsed": 251.554657, "delta": 0.000515}}
{"target": -13.75850719618626, "params": {"gamma": 872.3346303419386, "log10_alpha": 0.251832471345244, "log10_colsample_bytree": -0.39775930286880923, "log10_eta": -3.7813753024798653, "log10_lambda": -2.2128197195521797, "log10_min_child_weight": 3.7138701534582848, "log10_subsample": -0.479910915418468, "max_depth": 8.0, "num_boost_round": 9.0}, "datetime": {"datetime": "2024-01-19 00:15:31", "elapsed": 251.555204, "delta": 0.000547}}
{"target": -13.758502082160254, "params": {"gamma": 872.3346303419386, "log10_alpha": 0.251832471345244, "log10_colsample_bytree": -0.39775930286880923, "log10_eta": -3.7813753024798653, "log10_lambda": -2.2128197195521797, "log10_min_child_weight": 3.7138701534582848, "log10_subsample": -0.479910915418468, "max_depth": 8.0, "num_boost_round": 10.0}, "datetime": {"datetime": "2024-01-19 00:15:31", "elapsed": 251.555718, "delta": 0.000514}}
{"target": -13.758497233347658, "params": {"gamma": 872.3346303419386, "log10_alpha": 0.251832471345244, "log10_colsample_bytree": -0.39775930286880923, "log10_eta": -3.7813753024798653, "log10_lambda": -2.2128197195521797, "log10_min_child_weight": 3.7138701534582848, "log10_subsample": -0.479910915418468, "max_depth": 8.0, "num_boost_round": 11.0}, "datetime": {"datetime": "2024-01-19 00:15:31", "elapsed": 251.556221, "delta": 0.000503}}
{"target": -13.758493172932393, "params": {"gamma": 872.3346303419386, "log10_alpha": 0.251832471345244, "log10_colsample_bytree": -0.39775930286880923, "log10_eta": -3.7813753024798653, "log10_lambda": -2.2128197195521797, "log10_min_child_weight": 3.7138701534582848, "log10_subsample": -0.479910915418468, "max_depth": 8.0, "num_boost_round": 12.0}, "datetime": {"datetime": "2024-01-19 00:15:31", "elapsed": 251.556729, "delta": 0.000508}}
{"target": -13.758493351261427, "params": {"gamma": 871.1410484853492, "log10_alpha": 0.44347364353723506, "log10_colsample_bytree": -0.8431035080048025, "log10_eta": -2.473235605405409, "log10_lambda": -2.6734453745886917, "log10_min_child_weight": 3.628304521759045, "log10_subsample": -0.6509627569673017, "max_depth": 9.0, "num_boost_round": 0.0}, "datetime": {"datetime": "2024-01-19 00:15:53", "elapsed": 273.627602, "delta": 22.070873}}
{"target": -13.758454104535312, "params": {"gamma": 871.1410484853492, "log10_alpha": 0.44347364353723506, "log10_colsample_bytree": -0.8431035080048025, "log10_eta": -2.473235605405409, "log10_lambda": -2.6734453745886917, "log10_min_child_weight": 3.628304521759045, "log10_subsample": -0.6509627569673017, "max_depth": 9.0, "num_boost_round": 1.0}, "datetime": {"datetime": "2024-01-19 00:15:53", "elapsed": 273.628287, "delta": 0.000685}}
{"target": -13.7584209254798, "params": {"gamma": 871.1410484853492, "log10_alpha": 0.44347364353723506, "log10_colsample_bytree": -0.8431035080048025, "log10_eta": -2.473235605405409, "log10_lambda": -2.6734453745886917, "log10_min_child_weight": 3.628304521759045, "log10_subsample": -0.6509627569673017, "max_depth": 9.0, "num_boost_round": 2.0}, "datetime": {"datetime": "2024-01-19 00:15:53", "elapsed": 273.628843, "delta": 0.000556}}
{"target": -13.758401013437114, "params": {"gamma": 871.1410484853492, "log10_alpha": 0.44347364353723506, "log10_colsample_bytree": -0.8431035080048025, "log10_eta": -2.473235605405409, "log10_lambda": -2.6734453745886917, "log10_min_child_weight": 3.628304521759045, "log10_subsample": -0.6509627569673017, "max_depth": 9.0, "num_boost_round": 3.0}, "datetime": {"datetime": "2024-01-19 00:15:53", "elapsed": 273.629794, "delta": 0.000951}}
{"target": -13.758427437319245, "params": {"gamma": 871.1410484853492, "log10_alpha": 0.44347364353723506, "log10_colsample_bytree": -0.8431035080048025, "log10_eta": -2.473235605405409, "log10_lambda": -2.6734453745886917, "log10_min_child_weight": 3.628304521759045, "log10_subsample": -0.6509627569673017, "max_depth": 9.0, "num_boost_round": 4.0}, "datetime": {"datetime": "2024-01-19 00:15:53", "elapsed": 273.630427, "delta": 0.000633}}
{"target": -13.75842226569577, "params": {"gamma": 871.1410484853492, "log10_alpha": 0.44347364353723506, "log10_colsample_bytree": -0.8431035080048025, "log10_eta": -2.473235605405409, "log10_lambda": -2.6734453745886917, "log10_min_child_weight": 3.628304521759045, "log10_subsample": -0.6509627569673017, "max_depth": 9.0, "num_boost_round": 5.0}, "datetime": {"datetime": "2024-01-19 00:15:53", "elapsed": 273.63097, "delta": 0.000543}}
{"target": -13.758445067767783, "params": {"gamma": 871.1410484853492, "log10_alpha": 0.44347364353723506, "log10_colsample_bytree": -0.8431035080048025, "log10_eta": -2.473235605405409, "log10_lambda": -2.6734453745886917, "log10_min_child_weight": 3.628304521759045, "log10_subsample": -0.6509627569673017, "max_depth": 9.0, "num_boost_round": 6.0}, "datetime": {"datetime": "2024-01-19 00:15:53", "elapsed": 273.631502, "delta": 0.000532}}
{"target": -13.758362432794549, "params": {"gamma": 871.1410484853492, "log10_alpha": 0.44347364353723506, "log10_colsample_bytree": -0.8431035080048025, "log10_eta": -2.473235605405409, "log10_lambda": -2.6734453745886917, "log10_min_child_weight": 3.628304521759045, "log10_subsample": -0.6509627569673017, "max_depth": 9.0, "num_boost_round": 7.0}, "datetime": {"datetime": "2024-01-19 00:15:53", "elapsed": 273.632036, "delta": 0.000534}}
{"target": -13.758355335426128, "params": {"gamma": 871.1410484853492, "log10_alpha": 0.44347364353723506, "log10_colsample_bytree": -0.8431035080048025, "log10_eta": -2.473235605405409, "log10_lambda": -2.6734453745886917, "log10_min_child_weight": 3.628304521759045, "log10_subsample": -0.6509627569673017, "max_depth": 9.0, "num_boost_round": 8.0}, "datetime": {"datetime": "2024-01-19 00:15:53", "elapsed": 273.632748, "delta": 0.000712}}
{"target": -13.758409509740073, "params": {"gamma": 871.1410484853492, "log10_alpha": 0.44347364353723506, "log10_colsample_bytree": -0.8431035080048025, "log10_eta": -2.473235605405409, "log10_lambda": -2.6734453745886917, "log10_min_child_weight": 3.628304521759045, "log10_subsample": -0.6509627569673017, "max_depth": 9.0, "num_boost_round": 9.0}, "datetime": {"datetime": "2024-01-19 00:15:53", "elapsed": 273.633286, "delta": 0.000538}}
{"target": -13.758324912823428, "params": {"gamma": 871.1410484853492, "log10_alpha": 0.44347364353723506, "log10_colsample_bytree": -0.8431035080048025, "log10_eta": -2.473235605405409, "log10_lambda": -2.6734453745886917, "log10_min_child_weight": 3.628304521759045, "log10_subsample": -0.6509627569673017, "max_depth": 9.0, "num_boost_round": 10.0}, "datetime": {"datetime": "2024-01-19 00:15:53", "elapsed": 273.633811, "delta": 0.000525}}
{"target": -13.758382418880814, "params": {"gamma": 871.1410484853492, "log10_alpha": 0.44347364353723506, "log10_colsample_bytree": -0.8431035080048025, "log10_eta": -2.473235605405409, "log10_lambda": -2.6734453745886917, "log10_min_child_weight": 3.628304521759045, "log10_subsample": -0.6509627569673017, "max_depth": 9.0, "num_boost_round": 11.0}, "datetime": {"datetime": "2024-01-19 00:15:53", "elapsed": 273.634334, "delta": 0.000523}}
{"target": -13.758343564856533, "params": {"gamma": 871.1410484853492, "log10_alpha": 0.44347364353723506, "log10_colsample_bytree": -0.8431035080048025, "log10_eta": -2.473235605405409, "log10_lambda": -2.6734453745886917, "log10_min_child_weight": 3.628304521759045, "log10_subsample": -0.6509627569673017, "max_depth": 9.0, "num_boost_round": 12.0}, "datetime": {"datetime": "2024-01-19 00:15:53", "elapsed": 273.634864, "delta": 0.00053}}
{"target": -13.758308939837207, "params": {"gamma": 871.1410484853492, "log10_alpha": 0.44347364353723506, "log10_colsample_bytree": -0.8431035080048025, "log10_eta": -2.473235605405409, "log10_lambda": -2.6734453745886917, "log10_min_child_weight": 3.628304521759045, "log10_subsample": -0.6509627569673017, "max_depth": 9.0, "num_boost_round": 13.0}, "datetime": {"datetime": "2024-01-19 00:15:53", "elapsed": 273.63539, "delta": 0.000526}}
{"target": -13.7582769388685, "params": {"gamma": 871.1410484853492, "log10_alpha": 0.44347364353723506, "log10_colsample_bytree": -0.8431035080048025, "log10_eta": -2.473235605405409, "log10_lambda": -2.6734453745886917, "log10_min_child_weight": 3.628304521759045, "log10_subsample": -0.6509627569673017, "max_depth": 9.0, "num_boost_round": 14.0}, "datetime": {"datetime": "2024-01-19 00:15:53", "elapsed": 273.635919, "delta": 0.000529}}
{"target": -13.758153713070245, "params": {"gamma": 871.1410484853492, "log10_alpha": 0.44347364353723506, "log10_colsample_bytree": -0.8431035080048025, "log10_eta": -2.473235605405409, "log10_lambda": -2.6734453745886917, "log10_min_child_weight": 3.628304521759045, "log10_subsample": -0.6509627569673017, "max_depth": 9.0, "num_boost_round": 15.0}, "datetime": {"datetime": "2024-01-19 00:15:53", "elapsed": 273.636444, "delta": 0.000525}}
{"target": -13.758119840132995, "params": {"gamma": 871.1410484853492, "log10_alpha": 0.44347364353723506, "log10_colsample_bytree": -0.8431035080048025, "log10_eta": -2.473235605405409, "log10_lambda": -2.6734453745886917, "log10_min_child_weight": 3.628304521759045, "log10_subsample": -0.6509627569673017, "max_depth": 9.0, "num_boost_round": 16.0}, "datetime": {"datetime": "2024-01-19 00:15:53", "elapsed": 273.637008, "delta": 0.000564}}
{"target": -13.757173395954188, "params": {"gamma": 872.7619030547215, "log10_alpha": 0.9405649071924991, "log10_colsample_bytree": -0.46831536075809166, "log10_eta": -1.2742456709117462, "log10_lambda": -2.5949741092224823, "log10_min_child_weight": 1.2561359639019103, "log10_subsample": -0.7860530763320912, "max_depth": 8.0, "num_boost_round": 0.0}, "datetime": {"datetime": "2024-01-19 00:16:19", "elapsed": 299.219266, "delta": 25.582258}}
{"target": -13.756795240998787, "params": {"gamma": 872.7619030547215, "log10_alpha": 0.9405649071924991, "log10_colsample_bytree": -0.46831536075809166, "log10_eta": -1.2742456709117462, "log10_lambda": -2.5949741092224823, "log10_min_child_weight": 1.2561359639019103, "log10_subsample": -0.7860530763320912, "max_depth": 8.0, "num_boost_round": 1.0}, "datetime": {"datetime": "2024-01-19 00:16:19", "elapsed": 299.220017, "delta": 0.000751}}
{"target": -13.755924730300991, "params": {"gamma": 872.7619030547215, "log10_alpha": 0.9405649071924991, "log10_colsample_bytree": -0.46831536075809166, "log10_eta": -1.2742456709117462, "log10_lambda": -2.5949741092224823, "log10_min_child_weight": 1.2561359639019103, "log10_subsample": -0.7860530763320912, "max_depth": 8.0, "num_boost_round": 2.0}, "datetime": {"datetime": "2024-01-19 00:16:19", "elapsed": 299.220599, "delta": 0.000582}}
{"target": -13.754444141896423, "params": {"gamma": 872.7619030547215, "log10_alpha": 0.9405649071924991, "log10_colsample_bytree": -0.46831536075809166, "log10_eta": -1.2742456709117462, "log10_lambda": -2.5949741092224823, "log10_min_child_weight": 1.2561359639019103, "log10_subsample": -0.7860530763320912, "max_depth": 8.0, "num_boost_round": 3.0}, "datetime": {"datetime": "2024-01-19 00:16:19", "elapsed": 299.221402, "delta": 0.000803}}
{"target": -13.753288734357406, "params": {"gamma": 872.7619030547215, "log10_alpha": 0.9405649071924991, "log10_colsample_bytree": -0.46831536075809166, "log10_eta": -1.2742456709117462, "log10_lambda": -2.5949741092224823, "log10_min_child_weight": 1.2561359639019103, "log10_subsample": -0.7860530763320912, "max_depth": 8.0, "num_boost_round": 4.0}, "datetime": {"datetime": "2024-01-19 00:16:19", "elapsed": 299.22212, "delta": 0.000718}}
{"target": -13.75560328726513, "params": {"gamma": 872.7619030547215, "log10_alpha": 0.9405649071924991, "log10_colsample_bytree": -0.46831536075809166, "log10_eta": -1.2742456709117462, "log10_lambda": -2.5949741092224823, "log10_min_child_weight": 1.2561359639019103, "log10_subsample": -0.7860530763320912, "max_depth": 8.0, "num_boost_round": 5.0}, "datetime": {"datetime": "2024-01-19 00:16:19", "elapsed": 299.222966, "delta": 0.000846}}
{"target": -13.75700369330775, "params": {"gamma": 872.7619030547215, "log10_alpha": 0.9405649071924991, "log10_colsample_bytree": -0.46831536075809166, "log10_eta": -1.2742456709117462, "log10_lambda": -2.5949741092224823, "log10_min_child_weight": 1.2561359639019103, "log10_subsample": -0.7860530763320912, "max_depth": 8.0, "num_boost_round": 6.0}, "datetime": {"datetime": "2024-01-19 00:16:19", "elapsed": 299.223731, "delta": 0.000765}}
{"target": -13.757377737789733, "params": {"gamma": 872.7619030547215, "log10_alpha": 0.9405649071924991, "log10_colsample_bytree": -0.46831536075809166, "log10_eta": -1.2742456709117462, "log10_lambda": -2.5949741092224823, "log10_min_child_weight": 1.2561359639019103, "log10_subsample": -0.7860530763320912, "max_depth": 8.0, "num_boost_round": 7.0}, "datetime": {"datetime": "2024-01-19 00:16:19", "elapsed": 299.224404, "delta": 0.000673}}
{"target": -13.759686828500426, "params": {"gamma": 872.7619030547215, "log10_alpha": 0.9405649071924991, "log10_colsample_bytree": -0.46831536075809166, "log10_eta": -1.2742456709117462, "log10_lambda": -2.5949741092224823, "log10_min_child_weight": 1.2561359639019103, "log10_subsample": -0.7860530763320912, "max_depth": 8.0, "num_boost_round": 8.0}, "datetime": {"datetime": "2024-01-19 00:16:19", "elapsed": 299.225111, "delta": 0.000707}}
{"target": -13.761511633269706, "params": {"gamma": 872.7619030547215, "log10_alpha": 0.9405649071924991, "log10_colsample_bytree": -0.46831536075809166, "log10_eta": -1.2742456709117462, "log10_lambda": -2.5949741092224823, "log10_min_child_weight": 1.2561359639019103, "log10_subsample": -0.7860530763320912, "max_depth": 8.0, "num_boost_round": 9.0}, "datetime": {"datetime": "2024-01-19 00:16:19", "elapsed": 299.225681, "delta": 0.00057}}
{"target": -13.764308575352135, "params": {"gamma": 872.7619030547215, "log10_alpha": 0.9405649071924991, "log10_colsample_bytree": -0.46831536075809166, "log10_eta": -1.2742456709117462, "log10_lambda": -2.5949741092224823, "log10_min_child_weight": 1.2561359639019103, "log10_subsample": -0.7860530763320912, "max_depth": 8.0, "num_boost_round": 10.0}, "datetime": {"datetime": "2024-01-19 00:16:19", "elapsed": 299.226227, "delta": 0.000546}}
{"target": -13.767823588459816, "params": {"gamma": 872.7619030547215, "log10_alpha": 0.9405649071924991, "log10_colsample_bytree": -0.46831536075809166, "log10_eta": -1.2742456709117462, "log10_lambda": -2.5949741092224823, "log10_min_child_weight": 1.2561359639019103, "log10_subsample": -0.7860530763320912, "max_depth": 8.0, "num_boost_round": 11.0}, "datetime": {"datetime": "2024-01-19 00:16:19", "elapsed": 299.226786, "delta": 0.000559}}
{"target": -13.772458248658241, "params": {"gamma": 872.7619030547215, "log10_alpha": 0.9405649071924991, "log10_colsample_bytree": -0.46831536075809166, "log10_eta": -1.2742456709117462, "log10_lambda": -2.5949741092224823, "log10_min_child_weight": 1.2561359639019103, "log10_subsample": -0.7860530763320912, "max_depth": 8.0, "num_boost_round": 12.0}, "datetime": {"datetime": "2024-01-19 00:16:19", "elapsed": 299.227337, "delta": 0.000551}}
{"target": -13.773191040266521, "params": {"gamma": 872.7619030547215, "log10_alpha": 0.9405649071924991, "log10_colsample_bytree": -0.46831536075809166, "log10_eta": -1.2742456709117462, "log10_lambda": -2.5949741092224823, "log10_min_child_weight": 1.2561359639019103, "log10_subsample": -0.7860530763320912, "max_depth": 8.0, "num_boost_round": 13.0}, "datetime": {"datetime": "2024-01-19 00:16:19", "elapsed": 299.227891, "delta": 0.000554}}
{"target": -13.775405316824425, "params": {"gamma": 872.7619030547215, "log10_alpha": 0.9405649071924991, "log10_colsample_bytree": -0.46831536075809166, "log10_eta": -1.2742456709117462, "log10_lambda": -2.5949741092224823, "log10_min_child_weight": 1.2561359639019103, "log10_subsample": -0.7860530763320912, "max_depth": 8.0, "num_boost_round": 14.0}, "datetime": {"datetime": "2024-01-19 00:16:19", "elapsed": 299.228486, "delta": 0.000595}}
{"target": -13.775912384334493, "params": {"gamma": 872.7619030547215, "log10_alpha": 0.9405649071924991, "log10_colsample_bytree": -0.46831536075809166, "log10_eta": -1.2742456709117462, "log10_lambda": -2.5949741092224823, "log10_min_child_weight": 1.2561359639019103, "log10_subsample": -0.7860530763320912, "max_depth": 8.0, "num_boost_round": 15.0}, "datetime": {"datetime": "2024-01-19 00:16:19", "elapsed": 299.229055, "delta": 0.000569}}
{"target": -13.77829164545055, "params": {"gamma": 872.7619030547215, "log10_alpha": 0.9405649071924991, "log10_colsample_bytree": -0.46831536075809166, "log10_eta": -1.2742456709117462, "log10_lambda": -2.5949741092224823, "log10_min_child_weight": 1.2561359639019103, "log10_subsample": -0.7860530763320912, "max_depth": 8.0, "num_boost_round": 16.0}, "datetime": {"datetime": "2024-01-19 00:16:19", "elapsed": 299.229625, "delta": 0.00057}}
{"target": -13.783385242546414, "params": {"gamma": 872.7619030547215, "log10_alpha": 0.9405649071924991, "log10_colsample_bytree": -0.46831536075809166, "log10_eta": -1.2742456709117462, "log10_lambda": -2.5949741092224823, "log10_min_child_weight": 1.2561359639019103, "log10_subsample": -0.7860530763320912, "max_depth": 8.0, "num_boost_round": 17.0}, "datetime": {"datetime": "2024-01-19 00:16:19", "elapsed": 299.230195, "delta": 0.00057}}
{"target": -13.786144668717986, "params": {"gamma": 872.7619030547215, "log10_alpha": 0.9405649071924991, "log10_colsample_bytree": -0.46831536075809166, "log10_eta": -1.2742456709117462, "log10_lambda": -2.5949741092224823, "log10_min_child_weight": 1.2561359639019103, "log10_subsample": -0.7860530763320912, "max_depth": 8.0, "num_boost_round": 18.0}, "datetime": {"datetime": "2024-01-19 00:16:19", "elapsed": 299.230758, "delta": 0.000563}}
{"target": -13.78756354279151, "params": {"gamma": 872.7619030547215, "log10_alpha": 0.9405649071924991, "log10_colsample_bytree": -0.46831536075809166, "log10_eta": -1.2742456709117462, "log10_lambda": -2.5949741092224823, "log10_min_child_weight": 1.2561359639019103, "log10_subsample": -0.7860530763320912, "max_depth": 8.0, "num_boost_round": 19.0}, "datetime": {"datetime": "2024-01-19 00:16:19", "elapsed": 299.23132, "delta": 0.000562}}
{"target": -13.79000178206439, "params": {"gamma": 872.7619030547215, "log10_alpha": 0.9405649071924991, "log10_colsample_bytree": -0.46831536075809166, "log10_eta": -1.2742456709117462, "log10_lambda": -2.5949741092224823, "log10_min_child_weight": 1.2561359639019103, "log10_subsample": -0.7860530763320912, "max_depth": 8.0, "num_boost_round": 20.0}, "datetime": {"datetime": "2024-01-19 00:16:19", "elapsed": 299.231885, "delta": 0.000565}}
{"target": -13.79120967892803, "params": {"gamma": 872.7619030547215, "log10_alpha": 0.9405649071924991, "log10_colsample_bytree": -0.46831536075809166, "log10_eta": -1.2742456709117462, "log10_lambda": -2.5949741092224823, "log10_min_child_weight": 1.2561359639019103, "log10_subsample": -0.7860530763320912, "max_depth": 8.0, "num_boost_round": 21.0}, "datetime": {"datetime": "2024-01-19 00:16:19", "elapsed": 299.232466, "delta": 0.000581}}
{"target": -13.7943031913268, "params": {"gamma": 872.7619030547215, "log10_alpha": 0.9405649071924991, "log10_colsample_bytree": -0.46831536075809166, "log10_eta": -1.2742456709117462, "log10_lambda": -2.5949741092224823, "log10_min_child_weight": 1.2561359639019103, "log10_subsample": -0.7860530763320912, "max_depth": 8.0, "num_boost_round": 22.0}, "datetime": {"datetime": "2024-01-19 00:16:19", "elapsed": 299.233128, "delta": 0.000662}}
