{"target": -13.757639695043213, "params": {"gamma": 927.5200410666345, "log10_alpha": -0.47973275387764147, "log10_colsample_bytree": -0.7157402432009687, "log10_eta": -2.1727633094236443, "log10_lambda": 0.6983862877876144, "log10_min_child_weight": 1.9976872960612468, "log10_subsample": -0.2010291851070375, "max_depth": 3.0, "num_boost_round": 10.0}, "datetime": {"datetime": "2024-01-19 02:02:59", "elapsed": 6680.377617, "delta": 0.006382}}
{"target": -13.757583103843734, "params": {"gamma": 927.5200410666345, "log10_alpha": -0.47973275387764147, "log10_colsample_bytree": -0.7157402432009687, "log10_eta": -2.1727633094236443, "log10_lambda": 0.6983862877876144, "log10_min_child_weight": 1.9976872960612468, "log10_subsample": -0.2010291851070375, "max_depth": 3.0, "num_boost_round": 11.0}, "datetime": {"datetime": "2024-01-19 02:02:59", "elapsed": 6680.383995, "delta": 0.006378}}
{"target": -13.757525539613384, "params": {"gamma": 927.5200410666345, "log10_alpha": -0.47973275387764147, "log10_colsample_bytree": -0.7157402432009687, "log10_eta": -2.1727633094236443, "log10_lambda": 0.6983862877876144, "log10_min_child_weight": 1.9976872960612468, "log10_subsample": -0.2010291851070375, "max_depth": 3.0, "num_boost_round": 12.0}, "datetime": {"datetime": "2024-01-19 02:02:59", "elapsed": 6680.390411, "delta": 0.006416}}
{"target": -13.757516168469568, "params": {"gamma": 927.5200410666345, "log10_alpha": -0.47973275387764147, "log10_colsample_bytree": -0.7157402432009687, "log10_eta": -2.1727633094236443, "log10_lambda": 0.6983862877876144, "log10_min_child_weight": 1.9976872960612468, "log10_subsample": -0.2010291851070375, "max_depth": 3.0, "num_boost_round": 13.0}, "datetime": {"datetime": "2024-01-19 02:02:59", "elapsed": 6680.396861, "delta": 0.00645}}
{"target": -13.757478385428204, "params": {"gamma": 927.5200410666345, "log10_alpha": -0.47973275387764147, "log10_colsample_bytree": -0.7157402432009687, "log10_eta": -2.1727633094236443, "log10_lambda": 0.6983862877876144, "log10_min_child_weight": 1.9976872960612468, "log10_subsample": -0.2010291851070375, "max_depth": 3.0, "num_boost_round": 14.0}, "datetime": {"datetime": "2024-01-19 02:02:59", "elapsed": 6680.403215, "delta": 0.006354}}
{"target": -13.757476876489992, "params": {"gamma": 927.5200410666345, "log10_alpha": -0.47973275387764147, "log10_colsample_bytree": -0.7157402432009687, "log10_eta": -2.1727633094236443, "log10_lambda": 0.6983862877876144, "log10_min_child_weight": 1.9976872960612468, "log10_subsample": -0.2010291851070375, "max_depth": 3.0, "num_boost_round": 15.0}, "datetime": {"datetime": "2024-01-19 02:02:59", "elapsed": 6680.409665, "delta": 0.00645}}
{"target": -13.757416562810805, "params": {"gamma": 927.5200410666345, "log10_alpha": -0.47973275387764147, "log10_colsample_bytree": -0.7157402432009687, "log10_eta": -2.1727633094236443, "log10_lambda": 0.6983862877876144, "log10_min_child_weight": 1.9976872960612468, "log10_subsample": -0.2010291851070375, "max_depth": 3.0, "num_boost_round": 16.0}, "datetime": {"datetime": "2024-01-19 02:02:59", "elapsed": 6680.416677, "delta": 0.007012}}
{"target": -13.757424234128102, "params": {"gamma": 927.5200410666345, "log10_alpha": -0.47973275387764147, "log10_colsample_bytree": -0.7157402432009687, "log10_eta": -2.1727633094236443, "log10_lambda": 0.6983862877876144, "log10_min_child_weight": 1.9976872960612468, "log10_subsample": -0.2010291851070375, "max_depth": 3.0, "num_boost_round": 17.0}, "datetime": {"datetime": "2024-01-19 02:02:59", "elapsed": 6680.423755, "delta": 0.007078}}
{"target": -13.757419973340497, "params": {"gamma": 927.5200410666345, "log10_alpha": -0.47973275387764147, "log10_colsample_bytree": -0.7157402432009687, "log10_eta": -2.1727633094236443, "log10_lambda": 0.6983862877876144, "log10_min_child_weight": 1.9976872960612468, "log10_subsample": -0.2010291851070375, "max_depth": 3.0, "num_boost_round": 18.0}, "datetime": {"datetime": "2024-01-19 02:02:59", "elapsed": 6680.431248, "delta": 0.007493}}
{"target": -13.757467516477638, "params": {"gamma": 927.5200410666345, "log10_alpha": -0.47973275387764147, "log10_colsample_bytree": -0.7157402432009687, "log10_eta": -2.1727633094236443, "log10_lambda": 0.6983862877876144, "log10_min_child_weight": 1.9976872960612468, "log10_subsample": -0.2010291851070375, "max_depth": 3.0, "num_boost_round": 19.0}, "datetime": {"datetime": "2024-01-19 02:02:59", "elapsed": 6680.437632, "delta": 0.006384}}
{"target": -13.757383014264427, "params": {"gamma": 927.5200410666345, "log10_alpha": -0.47973275387764147, "log10_colsample_bytree": -0.7157402432009687, "log10_eta": -2.1727633094236443, "log10_lambda": 0.6983862877876144, "log10_min_child_weight": 1.9976872960612468, "log10_subsample": -0.2010291851070375, "max_depth": 3.0, "num_boost_round": 20.0}, "datetime": {"datetime": "2024-01-19 02:02:59", "elapsed": 6680.444209, "delta": 0.006577}}
{"target": -13.757246364797275, "params": {"gamma": 927.5200410666345, "log10_alpha": -0.47973275387764147, "log10_colsample_bytree": -0.7157402432009687, "log10_eta": -2.1727633094236443, "log10_lambda": 0.6983862877876144, "log10_min_child_weight": 1.9976872960612468, "log10_subsample": -0.2010291851070375, "max_depth": 3.0, "num_boost_round": 21.0}, "datetime": {"datetime": "2024-01-19 02:02:59", "elapsed": 6680.45425, "delta": 0.010041}}
{"target": -13.757262149069893, "params": {"gamma": 927.5200410666345, "log10_alpha": -0.47973275387764147, "log10_colsample_bytree": -0.7157402432009687, "log10_eta": -2.1727633094236443, "log10_lambda": 0.6983862877876144, "log10_min_child_weight": 1.9976872960612468, "log10_subsample": -0.2010291851070375, "max_depth": 3.0, "num_boost_round": 22.0}, "datetime": {"datetime": "2024-01-19 02:02:59", "elapsed": 6680.460679, "delta": 0.006429}}
{"target": -13.757198352530011, "params": {"gamma": 927.5200410666345, "log10_alpha": -0.47973275387764147, "log10_colsample_bytree": -0.7157402432009687, "log10_eta": -2.1727633094236443, "log10_lambda": 0.6983862877876144, "log10_min_child_weight": 1.9976872960612468, "log10_subsample": -0.2010291851070375, "max_depth": 3.0, "num_boost_round": 23.0}, "datetime": {"datetime": "2024-01-19 02:02:59", "elapsed": 6680.467131, "delta": 0.006452}}
{"target": -13.757216500895769, "params": {"gamma": 927.5200410666345, "log10_alpha": -0.47973275387764147, "log10_colsample_bytree": -0.7157402432009687, "log10_eta": -2.1727633094236443, "log10_lambda": 0.6983862877876144, "log10_min_child_weight": 1.9976872960612468, "log10_subsample": -0.2010291851070375, "max_depth": 3.0, "num_boost_round": 24.0}, "datetime": {"datetime": "2024-01-19 02:02:59", "elapsed": 6680.473549, "delta": 0.006418}}
{"target": -13.757104609646367, "params": {"gamma": 927.5200410666345, "log10_alpha": -0.47973275387764147, "log10_colsample_bytree": -0.7157402432009687, "log10_eta": -2.1727633094236443, "log10_lambda": 0.6983862877876144, "log10_min_child_weight": 1.9976872960612468, "log10_subsample": -0.2010291851070375, "max_depth": 3.0, "num_boost_round": 25.0}, "datetime": {"datetime": "2024-01-19 02:02:59", "elapsed": 6680.479944, "delta": 0.006395}}
{"target": -13.757112251695643, "params": {"gamma": 927.5200410666345, "log10_alpha": -0.47973275387764147, "log10_colsample_bytree": -0.7157402432009687, "log10_eta": -2.1727633094236443, "log10_lambda": 0.6983862877876144, "log10_min_child_weight": 1.9976872960612468, "log10_subsample": -0.2010291851070375, "max_depth": 3.0, "num_boost_round": 26.0}, "datetime": {"datetime": "2024-01-19 02:02:59", "elapsed": 6680.589699, "delta": 0.109755}}
{"target": -13.756997322751625, "params": {"gamma": 927.5200410666345, "log10_alpha": -0.47973275387764147, "log10_colsample_bytree": -0.7157402432009687, "log10_eta": -2.1727633094236443, "log10_lambda": 0.6983862877876144, "log10_min_child_weight": 1.9976872960612468, "log10_subsample": -0.2010291851070375, "max_depth": 3.0, "num_boost_round": 27.0}, "datetime": {"datetime": "2024-01-19 02:02:59", "elapsed": 6680.596995, "delta": 0.007296}}
{"target": -13.756907493708159, "params": {"gamma": 927.5200410666345, "log10_alpha": -0.47973275387764147, "log10_colsample_bytree": -0.7157402432009687, "log10_eta": -2.1727633094236443, "log10_lambda": 0.6983862877876144, "log10_min_child_weight": 1.9976872960612468, "log10_subsample": -0.2010291851070375, "max_depth": 3.0, "num_boost_round": 28.0}, "datetime": {"datetime": "2024-01-19 02:02:59", "elapsed": 6680.603634, "delta": 0.006639}}
{"target": -13.756927272254375, "params": {"gamma": 927.5200410666345, "log10_alpha": -0.47973275387764147, "log10_colsample_bytree": -0.7157402432009687, "log10_eta": -2.1727633094236443, "log10_lambda": 0.6983862877876144, "log10_min_child_weight": 1.9976872960612468, "log10_subsample": -0.2010291851070375, "max_depth": 3.0, "num_boost_round": 29.0}, "datetime": {"datetime": "2024-01-19 02:02:59", "elapsed": 6680.610201, "delta": 0.006567}}
{"target": -13.756868408887568, "params": {"gamma": 927.5200410666345, "log10_alpha": -0.47973275387764147, "log10_colsample_bytree": -0.7157402432009687, "log10_eta": -2.1727633094236443, "log10_lambda": 0.6983862877876144, "log10_min_child_weight": 1.9976872960612468, "log10_subsample": -0.2010291851070375, "max_depth": 3.0, "num_boost_round": 30.0}, "datetime": {"datetime": "2024-01-19 02:02:59", "elapsed": 6680.616752, "delta": 0.006551}}
{"target": -13.756761680831987, "params": {"gamma": 927.5200410666345, "log10_alpha": -0.47973275387764147, "log10_colsample_bytree": -0.7157402432009687, "log10_eta": -2.1727633094236443, "log10_lambda": 0.6983862877876144, "log10_min_child_weight": 1.9976872960612468, "log10_subsample": -0.2010291851070375, "max_depth": 3.0, "num_boost_round": 31.0}, "datetime": {"datetime": "2024-01-19 02:02:59", "elapsed": 6680.623296, "delta": 0.006544}}
{"target": -13.756863646516, "params": {"gamma": 927.5200410666345, "log10_alpha": -0.47973275387764147, "log10_colsample_bytree": -0.7157402432009687, "log10_eta": -2.1727633094236443, "log10_lambda": 0.6983862877876144, "log10_min_child_weight": 1.9976872960612468, "log10_subsample": -0.2010291851070375, "max_depth": 3.0, "num_boost_round": 32.0}, "datetime": {"datetime": "2024-01-19 02:02:59", "elapsed": 6680.629806, "delta": 0.00651}}
{"target": -13.756945952851309, "params": {"gamma": 927.5200410666345, "log10_alpha": -0.47973275387764147, "log10_colsample_bytree": -0.7157402432009687, "log10_eta": -2.1727633094236443, "log10_lambda": 0.6983862877876144, "log10_min_child_weight": 1.9976872960612468, "log10_subsample": -0.2010291851070375, "max_depth": 3.0, "num_boost_round": 33.0}, "datetime": {"datetime": "2024-01-19 02:02:59", "elapsed": 6680.636318, "delta": 0.006512}}
{"target": -13.756928975811045, "params": {"gamma": 927.5200410666345, "log10_alpha": -0.47973275387764147, "log10_colsample_bytree": -0.7157402432009687, "log10_eta": -2.1727633094236443, "log10_lambda": 0.6983862877876144, "log10_min_child_weight": 1.9976872960612468, "log10_subsample": -0.2010291851070375, "max_depth": 3.0, "num_boost_round": 34.0}, "datetime": {"datetime": "2024-01-19 02:02:59", "elapsed": 6680.642851, "delta": 0.006533}}
{"target": -13.756874923490775, "params": {"gamma": 927.5200410666345, "log10_alpha": -0.47973275387764147, "log10_colsample_bytree": -0.7157402432009687, "log10_eta": -2.1727633094236443, "log10_lambda": 0.6983862877876144, "log10_min_child_weight": 1.9976872960612468, "log10_subsample": -0.2010291851070375, "max_depth": 3.0, "num_boost_round": 35.0}, "datetime": {"datetime": "2024-01-19 02:02:59", "elapsed": 6680.649446, "delta": 0.006595}}
{"target": -13.756838205451539, "params": {"gamma": 927.5200410666345, "log10_alpha": -0.47973275387764147, "log10_colsample_bytree": -0.7157402432009687, "log10_eta": -2.1727633094236443, "log10_lambda": 0.6983862877876144, "log10_min_child_weight": 1.9976872960612468, "log10_subsample": -0.2010291851070375, "max_depth": 3.0, "num_boost_round": 36.0}, "datetime": {"datetime": "2024-01-19 02:02:59", "elapsed": 6680.65602, "delta": 0.006574}}
{"target": -13.75675049492901, "params": {"gamma": 927.5200410666345, "log10_alpha": -0.47973275387764147, "log10_colsample_bytree": -0.7157402432009687, "log10_eta": -2.1727633094236443, "log10_lambda": 0.6983862877876144, "log10_min_child_weight": 1.9976872960612468, "log10_subsample": -0.2010291851070375, "max_depth": 3.0, "num_boost_round": 37.0}, "datetime": {"datetime": "2024-01-19 02:02:59", "elapsed": 6680.662534, "delta": 0.006514}}
{"target": -13.756668166447025, "params": {"gamma": 927.5200410666345, "log10_alpha": -0.47973275387764147, "log10_colsample_bytree": -0.7157402432009687, "log10_eta": -2.1727633094236443, "log10_lambda": 0.6983862877876144, "log10_min_child_weight": 1.9976872960612468, "log10_subsample": -0.2010291851070375, "max_depth": 3.0, "num_boost_round": 38.0}, "datetime": {"datetime": "2024-01-19 02:02:59", "elapsed": 6680.66909, "delta": 0.006556}}
{"target": -13.756661607256174, "params": {"gamma": 927.5200410666345, "log10_alpha": -0.47973275387764147, "log10_colsample_bytree": -0.7157402432009687, "log10_eta": -2.1727633094236443, "log10_lambda": 0.6983862877876144, "log10_min_child_weight": 1.9976872960612468, "log10_subsample": -0.2010291851070375, "max_depth": 3.0, "num_boost_round": 39.0}, "datetime": {"datetime": "2024-01-19 02:02:59", "elapsed": 6680.675609, "delta": 0.006519}}
{"target": -13.756771450081771, "params": {"gamma": 927.5200410666345, "log10_alpha": -0.47973275387764147, "log10_colsample_bytree": -0.7157402432009687, "log10_eta": -2.1727633094236443, "log10_lambda": 0.6983862877876144, "log10_min_child_weight": 1.9976872960612468, "log10_subsample": -0.2010291851070375, "max_depth": 3.0, "num_boost_round": 40.0}, "datetime": {"datetime": "2024-01-19 02:02:59", "elapsed": 6680.682141, "delta": 0.006532}}
{"target": -13.756824263759984, "params": {"gamma": 927.5200410666345, "log10_alpha": -0.47973275387764147, "log10_colsample_bytree": -0.7157402432009687, "log10_eta": -2.1727633094236443, "log10_lambda": 0.6983862877876144, "log10_min_child_weight": 1.9976872960612468, "log10_subsample": -0.2010291851070375, "max_depth": 3.0, "num_boost_round": 41.0}, "datetime": {"datetime": "2024-01-19 02:02:59", "elapsed": 6680.688658, "delta": 0.006517}}
{"target": -13.756797570693816, "params": {"gamma": 927.5200410666345, "log10_alpha": -0.47973275387764147, "log10_colsample_bytree": -0.7157402432009687, "log10_eta": -2.1727633094236443, "log10_lambda": 0.6983862877876144, "log10_min_child_weight": 1.9976872960612468, "log10_subsample": -0.2010291851070375, "max_depth": 3.0, "num_boost_round": 42.0}, "datetime": {"datetime": "2024-01-19 02:02:59", "elapsed": 6680.695225, "delta": 0.006567}}
{"target": -13.756721335909512, "params": {"gamma": 927.5200410666345, "log10_alpha": -0.47973275387764147, "log10_colsample_bytree": -0.7157402432009687, "log10_eta": -2.1727633094236443, "log10_lambda": 0.6983862877876144, "log10_min_child_weight": 1.9976872960612468, "log10_subsample": -0.2010291851070375, "max_depth": 3.0, "num_boost_round": 43.0}, "datetime": {"datetime": "2024-01-19 02:02:59", "elapsed": 6680.701915, "delta": 0.00669}}
{"target": -13.756551612910371, "params": {"gamma": 927.5200410666345, "log10_alpha": -0.47973275387764147, "log10_colsample_bytree": -0.7157402432009687, "log10_eta": -2.1727633094236443, "log10_lambda": 0.6983862877876144, "log10_min_child_weight": 1.9976872960612468, "log10_subsample": -0.2010291851070375, "max_depth": 3.0, "num_boost_round": 44.0}, "datetime": {"datetime": "2024-01-19 02:02:59", "elapsed": 6680.708431, "delta": 0.006516}}
{"target": -13.756472204732374, "params": {"gamma": 927.5200410666345, "log10_alpha": -0.47973275387764147, "log10_colsample_bytree": -0.7157402432009687, "log10_eta": -2.1727633094236443, "log10_lambda": 0.6983862877876144, "log10_min_child_weight": 1.9976872960612468, "log10_subsample": -0.2010291851070375, "max_depth": 3.0, "num_boost_round": 45.0}, "datetime": {"datetime": "2024-01-19 02:02:59", "elapsed": 6680.714946, "delta": 0.006515}}
{"target": -13.756291338395208, "params": {"gamma": 927.5200410666345, "log10_alpha": -0.47973275387764147, "log10_colsample_bytree": -0.7157402432009687, "log10_eta": -2.1727633094236443, "log10_lambda": 0.6983862877876144, "log10_min_child_weight": 1.9976872960612468, "log10_subsample": -0.2010291851070375, "max_depth": 3.0, "num_boost_round": 46.0}, "datetime": {"datetime": "2024-01-19 02:02:59", "elapsed": 6680.721465, "delta": 0.006519}}
{"target": -13.756226580161316, "params": {"gamma": 927.5200410666345, "log10_alpha": -0.47973275387764147, "log10_colsample_bytree": -0.7157402432009687, "log10_eta": -2.1727633094236443, "log10_lambda": 0.6983862877876144, "log10_min_child_weight": 1.9976872960612468, "log10_subsample": -0.2010291851070375, "max_depth": 3.0, "num_boost_round": 47.0}, "datetime": {"datetime": "2024-01-19 02:02:59", "elapsed": 6680.729046, "delta": 0.007581}}
{"target": -13.756197451851016, "params": {"gamma": 927.5200410666345, "log10_alpha": -0.47973275387764147, "log10_colsample_bytree": -0.7157402432009687, "log10_eta": -2.1727633094236443, "log10_lambda": 0.6983862877876144, "log10_min_child_weight": 1.9976872960612468, "log10_subsample": -0.2010291851070375, "max_depth": 3.0, "num_boost_round": 48.0}, "datetime": {"datetime": "2024-01-19 02:02:59", "elapsed": 6680.735682, "delta": 0.006636}}
{"target": -13.756202426083517, "params": {"gamma": 927.5200410666345, "log10_alpha": -0.47973275387764147, "log10_colsample_bytree": -0.7157402432009687, "log10_eta": -2.1727633094236443, "log10_lambda": 0.6983862877876144, "log10_min_child_weight": 1.9976872960612468, "log10_subsample": -0.2010291851070375, "max_depth": 3.0, "num_boost_round": 49.0}, "datetime": {"datetime": "2024-01-19 02:02:59", "elapsed": 6680.742319, "delta": 0.006637}}
{"target": -13.756276143592839, "params": {"gamma": 927.5200410666345, "log10_alpha": -0.47973275387764147, "log10_colsample_bytree": -0.7157402432009687, "log10_eta": -2.1727633094236443, "log10_lambda": 0.6983862877876144, "log10_min_child_weight": 1.9976872960612468, "log10_subsample": -0.2010291851070375, "max_depth": 3.0, "num_boost_round": 50.0}, "datetime": {"datetime": "2024-01-19 02:02:59", "elapsed": 6680.74885, "delta": 0.006531}}
{"target": -13.756259390274282, "params": {"gamma": 927.5200410666345, "log10_alpha": -0.47973275387764147, "log10_colsample_bytree": -0.7157402432009687, "log10_eta": -2.1727633094236443, "log10_lambda": 0.6983862877876144, "log10_min_child_weight": 1.9976872960612468, "log10_subsample": -0.2010291851070375, "max_depth": 3.0, "num_boost_round": 51.0}, "datetime": {"datetime": "2024-01-19 02:02:59", "elapsed": 6680.755309, "delta": 0.006459}}
{"target": -13.756310212479741, "params": {"gamma": 927.5200410666345, "log10_alpha": -0.47973275387764147, "log10_colsample_bytree": -0.7157402432009687, "log10_eta": -2.1727633094236443, "log10_lambda": 0.6983862877876144, "log10_min_child_weight": 1.9976872960612468, "log10_subsample": -0.2010291851070375, "max_depth": 3.0, "num_boost_round": 52.0}, "datetime": {"datetime": "2024-01-19 02:02:59", "elapsed": 6680.76172, "delta": 0.006411}}
{"target": -13.75616700266778, "params": {"gamma": 927.5200410666345, "log10_alpha": -0.47973275387764147, "log10_colsample_bytree": -0.7157402432009687, "log10_eta": -2.1727633094236443, "log10_lambda": 0.6983862877876144, "log10_min_child_weight": 1.9976872960612468, "log10_subsample": -0.2010291851070375, "max_depth": 3.0, "num_boost_round": 53.0}, "datetime": {"datetime": "2024-01-19 02:02:59", "elapsed": 6680.768205, "delta": 0.006485}}
{"target": -13.756085497290604, "params": {"gamma": 927.5200410666345, "log10_alpha": -0.47973275387764147, "log10_colsample_bytree": -0.7157402432009687, "log10_eta": -2.1727633094236443, "log10_lambda": 0.6983862877876144, "log10_min_child_weight": 1.9976872960612468, "log10_subsample": -0.2010291851070375, "max_depth": 3.0, "num_boost_round": 54.0}, "datetime": {"datetime": "2024-01-19 02:02:59", "elapsed": 6680.774632, "delta": 0.006427}}
{"target": -13.756142010694733, "params": {"gamma": 927.5200410666345, "log10_alpha": -0.47973275387764147, "log10_colsample_bytree": -0.7157402432009687, "log10_eta": -2.1727633094236443, "log10_lambda": 0.6983862877876144, "log10_min_child_weight": 1.9976872960612468, "log10_subsample": -0.2010291851070375, "max_depth": 3.0, "num_boost_round": 55.0}, "datetime": {"datetime": "2024-01-19 02:02:59", "elapsed": 6680.781066, "delta": 0.006434}}
{"target": -13.756239400465944, "params": {"gamma": 927.5200410666345, "log10_alpha": -0.47973275387764147, "log10_colsample_bytree": -0.7157402432009687, "log10_eta": -2.1727633094236443, "log10_lambda": 0.6983862877876144, "log10_min_child_weight": 1.9976872960612468, "log10_subsample": -0.2010291851070375, "max_depth": 3.0, "num_boost_round": 56.0}, "datetime": {"datetime": "2024-01-19 02:02:59", "elapsed": 6680.787535, "delta": 0.006469}}
{"target": -13.756278659217262, "params": {"gamma": 927.5200410666345, "log10_alpha": -0.47973275387764147, "log10_colsample_bytree": -0.7157402432009687, "log10_eta": -2.1727633094236443, "log10_lambda": 0.6983862877876144, "log10_min_child_weight": 1.9976872960612468, "log10_subsample": -0.2010291851070375, "max_depth": 3.0, "num_boost_round": 57.0}, "datetime": {"datetime": "2024-01-19 02:02:59", "elapsed": 6680.793966, "delta": 0.006431}}
{"target": -13.756196365846973, "params": {"gamma": 927.5200410666345, "log10_alpha": -0.47973275387764147, "log10_colsample_bytree": -0.7157402432009687, "log10_eta": -2.1727633094236443, "log10_lambda": 0.6983862877876144, "log10_min_child_weight": 1.9976872960612468, "log10_subsample": -0.2010291851070375, "max_depth": 3.0, "num_boost_round": 58.0}, "datetime": {"datetime": "2024-01-19 02:02:59", "elapsed": 6680.800403, "delta": 0.006437}}
