{"target": -17.677162539253953, "params": {"gamma": 395.6648464167647, "log10_alpha": -0.5408089042833684, "log10_colsample_bytree": -0.9337169518570345, "log10_eta": -2.800187966467924, "log10_lambda": -2.8715710507644365, "log10_min_child_weight": 2.0128050757435014, "log10_subsample": -0.7358794521878942, "max_depth": 4.0, "num_boost_round": 1.0}, "datetime": {"datetime": "2024-01-19 00:51:40", "elapsed": 2390.063977, "delta": 0.004626}}
{"target": -17.677160238621408, "params": {"gamma": 395.6648464167647, "log10_alpha": -0.5408089042833684, "log10_colsample_bytree": -0.9337169518570345, "log10_eta": -2.800187966467924, "log10_lambda": -2.8715710507644365, "log10_min_child_weight": 2.0128050757435014, "log10_subsample": -0.7358794521878942, "max_depth": 4.0, "num_boost_round": 2.0}, "datetime": {"datetime": "2024-01-19 00:51:40", "elapsed": 2390.067563, "delta": 0.003586}}
{"target": -17.677135937063024, "params": {"gamma": 395.6648464167647, "log10_alpha": -0.5408089042833684, "log10_colsample_bytree": -0.9337169518570345, "log10_eta": -2.800187966467924, "log10_lambda": -2.8715710507644365, "log10_min_child_weight": 2.0128050757435014, "log10_subsample": -0.7358794521878942, "max_depth": 4.0, "num_boost_round": 3.0}, "datetime": {"datetime": "2024-01-19 00:51:40", "elapsed": 2390.071008, "delta": 0.003445}}
{"target": -17.67710204438437, "params": {"gamma": 395.6648464167647, "log10_alpha": -0.5408089042833684, "log10_colsample_bytree": -0.9337169518570345, "log10_eta": -2.800187966467924, "log10_lambda": -2.8715710507644365, "log10_min_child_weight": 2.0128050757435014, "log10_subsample": -0.7358794521878942, "max_depth": 4.0, "num_boost_round": 4.0}, "datetime": {"datetime": "2024-01-19 00:51:40", "elapsed": 2390.074418, "delta": 0.00341}}
{"target": -17.677060826676936, "params": {"gamma": 395.6648464167647, "log10_alpha": -0.5408089042833684, "log10_colsample_bytree": -0.9337169518570345, "log10_eta": -2.800187966467924, "log10_lambda": -2.8715710507644365, "log10_min_child_weight": 2.0128050757435014, "log10_subsample": -0.7358794521878942, "max_depth": 4.0, "num_boost_round": 5.0}, "datetime": {"datetime": "2024-01-19 00:51:40", "elapsed": 2390.077799, "delta": 0.003381}}
{"target": -17.677067183030644, "params": {"gamma": 395.6648464167647, "log10_alpha": -0.5408089042833684, "log10_colsample_bytree": -0.9337169518570345, "log10_eta": -2.800187966467924, "log10_lambda": -2.8715710507644365, "log10_min_child_weight": 2.0128050757435014, "log10_subsample": -0.7358794521878942, "max_depth": 4.0, "num_boost_round": 6.0}, "datetime": {"datetime": "2024-01-19 00:51:40", "elapsed": 2390.081134, "delta": 0.003335}}
{"target": -17.677008124929554, "params": {"gamma": 395.6648464167647, "log10_alpha": -0.5408089042833684, "log10_colsample_bytree": -0.9337169518570345, "log10_eta": -2.800187966467924, "log10_lambda": -2.8715710507644365, "log10_min_child_weight": 2.0128050757435014, "log10_subsample": -0.7358794521878942, "max_depth": 4.0, "num_boost_round": 7.0}, "datetime": {"datetime": "2024-01-19 00:51:40", "elapsed": 2390.084536, "delta": 0.003402}}
{"target": -17.67697884914506, "params": {"gamma": 395.6648464167647, "log10_alpha": -0.5408089042833684, "log10_colsample_bytree": -0.9337169518570345, "log10_eta": -2.800187966467924, "log10_lambda": -2.8715710507644365, "log10_min_child_weight": 2.0128050757435014, "log10_subsample": -0.7358794521878942, "max_depth": 4.0, "num_boost_round": 8.0}, "datetime": {"datetime": "2024-01-19 00:51:40", "elapsed": 2390.087828, "delta": 0.003292}}
{"target": -17.67695149777108, "params": {"gamma": 395.6648464167647, "log10_alpha": -0.5408089042833684, "log10_colsample_bytree": -0.9337169518570345, "log10_eta": -2.800187966467924, "log10_lambda": -2.8715710507644365, "log10_min_child_weight": 2.0128050757435014, "log10_subsample": -0.7358794521878942, "max_depth": 4.0, "num_boost_round": 9.0}, "datetime": {"datetime": "2024-01-19 00:51:40", "elapsed": 2390.091185, "delta": 0.003357}}
{"target": -17.67716029586452, "params": {"gamma": 409.2179390494274, "log10_alpha": -0.13315962827297412, "log10_colsample_bytree": -0.09017958391034475, "log10_eta": -2.7753228152184612, "log10_lambda": -2.6743778556670743, "log10_min_child_weight": 0.7138331409988741, "log10_subsample": -0.07086791232077871, "max_depth": 8.0, "num_boost_round": 0.0}, "datetime": {"datetime": "2024-01-19 00:52:23", "elapsed": 2433.656954, "delta": 43.565769}}
{"target": -17.677105093302213, "params": {"gamma": 409.2179390494274, "log10_alpha": -0.13315962827297412, "log10_colsample_bytree": -0.09017958391034475, "log10_eta": -2.7753228152184612, "log10_lambda": -2.6743778556670743, "log10_min_child_weight": 0.7138331409988741, "log10_subsample": -0.07086791232077871, "max_depth": 8.0, "num_boost_round": 1.0}, "datetime": {"datetime": "2024-01-19 00:52:23", "elapsed": 2433.66045, "delta": 0.003496}}
{"target": -17.677027481644632, "params": {"gamma": 409.2179390494274, "log10_alpha": -0.13315962827297412, "log10_colsample_bytree": -0.09017958391034475, "log10_eta": -2.7753228152184612, "log10_lambda": -2.6743778556670743, "log10_min_child_weight": 0.7138331409988741, "log10_subsample": -0.07086791232077871, "max_depth": 8.0, "num_boost_round": 2.0}, "datetime": {"datetime": "2024-01-19 00:52:23", "elapsed": 2433.664279, "delta": 0.003829}}
{"target": -17.676951236315183, "params": {"gamma": 409.2179390494274, "log10_alpha": -0.13315962827297412, "log10_colsample_bytree": -0.09017958391034475, "log10_eta": -2.7753228152184612, "log10_lambda": -2.6743778556670743, "log10_min_child_weight": 0.7138331409988741, "log10_subsample": -0.07086791232077871, "max_depth": 8.0, "num_boost_round": 3.0}, "datetime": {"datetime": "2024-01-19 00:52:23", "elapsed": 2433.668245, "delta": 0.003966}}
{"target": -17.676785344019642, "params": {"gamma": 409.2179390494274, "log10_alpha": -0.13315962827297412, "log10_colsample_bytree": -0.09017958391034475, "log10_eta": -2.7753228152184612, "log10_lambda": -2.6743778556670743, "log10_min_child_weight": 0.7138331409988741, "log10_subsample": -0.07086791232077871, "max_depth": 8.0, "num_boost_round": 4.0}, "datetime": {"datetime": "2024-01-19 00:52:23", "elapsed": 2433.671636, "delta": 0.003391}}
{"target": -17.676684026563972, "params": {"gamma": 409.2179390494274, "log10_alpha": -0.13315962827297412, "log10_colsample_bytree": -0.09017958391034475, "log10_eta": -2.7753228152184612, "log10_lambda": -2.6743778556670743, "log10_min_child_weight": 0.7138331409988741, "log10_subsample": -0.07086791232077871, "max_depth": 8.0, "num_boost_round": 5.0}, "datetime": {"datetime": "2024-01-19 00:52:23", "elapsed": 2433.674891, "delta": 0.003255}}
{"target": -17.67668412645812, "params": {"gamma": 409.2179390494274, "log10_alpha": -0.13315962827297412, "log10_colsample_bytree": -0.09017958391034475, "log10_eta": -2.7753228152184612, "log10_lambda": -2.6743778556670743, "log10_min_child_weight": 0.7138331409988741, "log10_subsample": -0.07086791232077871, "max_depth": 8.0, "num_boost_round": 6.0}, "datetime": {"datetime": "2024-01-19 00:52:23", "elapsed": 2433.678079, "delta": 0.003188}}
{"target": -17.676628282235484, "params": {"gamma": 409.2179390494274, "log10_alpha": -0.13315962827297412, "log10_colsample_bytree": -0.09017958391034475, "log10_eta": -2.7753228152184612, "log10_lambda": -2.6743778556670743, "log10_min_child_weight": 0.7138331409988741, "log10_subsample": -0.07086791232077871, "max_depth": 8.0, "num_boost_round": 7.0}, "datetime": {"datetime": "2024-01-19 00:52:23", "elapsed": 2433.681278, "delta": 0.003199}}
{"target": -17.67647306083125, "params": {"gamma": 409.2179390494274, "log10_alpha": -0.13315962827297412, "log10_colsample_bytree": -0.09017958391034475, "log10_eta": -2.7753228152184612, "log10_lambda": -2.6743778556670743, "log10_min_child_weight": 0.7138331409988741, "log10_subsample": -0.07086791232077871, "max_depth": 8.0, "num_boost_round": 8.0}, "datetime": {"datetime": "2024-01-19 00:52:23", "elapsed": 2433.684574, "delta": 0.003296}}
{"target": -17.676342845473417, "params": {"gamma": 409.2179390494274, "log10_alpha": -0.13315962827297412, "log10_colsample_bytree": -0.09017958391034475, "log10_eta": -2.7753228152184612, "log10_lambda": -2.6743778556670743, "log10_min_child_weight": 0.7138331409988741, "log10_subsample": -0.07086791232077871, "max_depth": 8.0, "num_boost_round": 9.0}, "datetime": {"datetime": "2024-01-19 00:52:23", "elapsed": 2433.687734, "delta": 0.00316}}
{"target": -17.67622624382482, "params": {"gamma": 409.2179390494274, "log10_alpha": -0.13315962827297412, "log10_colsample_bytree": -0.09017958391034475, "log10_eta": -2.7753228152184612, "log10_lambda": -2.6743778556670743, "log10_min_child_weight": 0.7138331409988741, "log10_subsample": -0.07086791232077871, "max_depth": 8.0, "num_boost_round": 10.0}, "datetime": {"datetime": "2024-01-19 00:52:23", "elapsed": 2433.690906, "delta": 0.003172}}
{"target": -17.676204281117013, "params": {"gamma": 409.2179390494274, "log10_alpha": -0.13315962827297412, "log10_colsample_bytree": -0.09017958391034475, "log10_eta": -2.7753228152184612, "log10_lambda": -2.6743778556670743, "log10_min_child_weight": 0.7138331409988741, "log10_subsample": -0.07086791232077871, "max_depth": 8.0, "num_boost_round": 11.0}, "datetime": {"datetime": "2024-01-19 00:52:23", "elapsed": 2433.694166, "delta": 0.00326}}
{"target": -17.677228675244685, "params": {"gamma": 404.0357235006492, "log10_alpha": 0.9766380640259706, "log10_colsample_bytree": -0.2547053235989436, "log10_eta": -3.4526252431110622, "log10_lambda": -3.6021501689843736, "log10_min_child_weight": 4.719049460585495, "log10_subsample": -0.46478327769834993, "max_depth": 8.0, "num_boost_round": 0.0}, "datetime": {"datetime": "2024-01-19 00:52:53", "elapsed": 2463.154528, "delta": 29.460362}}
{"target": -17.67722567920109, "params": {"gamma": 404.0357235006492, "log10_alpha": 0.9766380640259706, "log10_colsample_bytree": -0.2547053235989436, "log10_eta": -3.4526252431110622, "log10_lambda": -3.6021501689843736, "log10_min_child_weight": 4.719049460585495, "log10_subsample": -0.46478327769834993, "max_depth": 8.0, "num_boost_round": 1.0}, "datetime": {"datetime": "2024-01-19 00:52:53", "elapsed": 2463.158621, "delta": 0.004093}}
{"target": -17.67722387912437, "params": {"gamma": 404.0357235006492, "log10_alpha": 0.9766380640259706, "log10_colsample_bytree": -0.2547053235989436, "log10_eta": -3.4526252431110622, "log10_lambda": -3.6021501689843736, "log10_min_child_weight": 4.719049460585495, "log10_subsample": -0.46478327769834993, "max_depth": 8.0, "num_boost_round": 2.0}, "datetime": {"datetime": "2024-01-19 00:52:53", "elapsed": 2463.162069, "delta": 0.003448}}
{"target": -17.677221079397775, "params": {"gamma": 404.0357235006492, "log10_alpha": 0.9766380640259706, "log10_colsample_bytree": -0.2547053235989436, "log10_eta": -3.4526252431110622, "log10_lambda": -3.6021501689843736, "log10_min_child_weight": 4.719049460585495, "log10_subsample": -0.46478327769834993, "max_depth": 8.0, "num_boost_round": 3.0}, "datetime": {"datetime": "2024-01-19 00:52:53", "elapsed": 2463.165287, "delta": 0.003218}}
{"target": -17.677219970728633, "params": {"gamma": 404.0357235006492, "log10_alpha": 0.9766380640259706, "log10_colsample_bytree": -0.2547053235989436, "log10_eta": -3.4526252431110622, "log10_lambda": -3.6021501689843736, "log10_min_child_weight": 4.719049460585495, "log10_subsample": -0.46478327769834993, "max_depth": 8.0, "num_boost_round": 4.0}, "datetime": {"datetime": "2024-01-19 00:52:53", "elapsed": 2463.168415, "delta": 0.003128}}
{"target": -17.677216918408124, "params": {"gamma": 404.0357235006492, "log10_alpha": 0.9766380640259706, "log10_colsample_bytree": -0.2547053235989436, "log10_eta": -3.4526252431110622, "log10_lambda": -3.6021501689843736, "log10_min_child_weight": 4.719049460585495, "log10_subsample": -0.46478327769834993, "max_depth": 8.0, "num_boost_round": 5.0}, "datetime": {"datetime": "2024-01-19 00:52:53", "elapsed": 2463.17163, "delta": 0.003215}}
{"target": -17.677216453026166, "params": {"gamma": 404.0357235006492, "log10_alpha": 0.9766380640259706, "log10_colsample_bytree": -0.2547053235989436, "log10_eta": -3.4526252431110622, "log10_lambda": -3.6021501689843736, "log10_min_child_weight": 4.719049460585495, "log10_subsample": -0.46478327769834993, "max_depth": 8.0, "num_boost_round": 6.0}, "datetime": {"datetime": "2024-01-19 00:52:53", "elapsed": 2463.174757, "delta": 0.003127}}
{"target": -17.677217770499755, "params": {"gamma": 404.0357235006492, "log10_alpha": 0.9766380640259706, "log10_colsample_bytree": -0.2547053235989436, "log10_eta": -3.4526252431110622, "log10_lambda": -3.6021501689843736, "log10_min_child_weight": 4.719049460585495, "log10_subsample": -0.46478327769834993, "max_depth": 8.0, "num_boost_round": 7.0}, "datetime": {"datetime": "2024-01-19 00:52:53", "elapsed": 2463.177916, "delta": 0.003159}}
{"target": -17.677214938046227, "params": {"gamma": 404.0357235006492, "log10_alpha": 0.9766380640259706, "log10_colsample_bytree": -0.2547053235989436, "log10_eta": -3.4526252431110622, "log10_lambda": -3.6021501689843736, "log10_min_child_weight": 4.719049460585495, "log10_subsample": -0.46478327769834993, "max_depth": 8.0, "num_boost_round": 8.0}, "datetime": {"datetime": "2024-01-19 00:52:53", "elapsed": 2463.181045, "delta": 0.003129}}
{"target": -17.677213111980148, "params": {"gamma": 404.0357235006492, "log10_alpha": 0.9766380640259706, "log10_colsample_bytree": -0.2547053235989436, "log10_eta": -3.4526252431110622, "log10_lambda": -3.6021501689843736, "log10_min_child_weight": 4.719049460585495, "log10_subsample": -0.46478327769834993, "max_depth": 8.0, "num_boost_round": 9.0}, "datetime": {"datetime": "2024-01-19 00:52:53", "elapsed": 2463.184293, "delta": 0.003248}}
{"target": -17.677212490161406, "params": {"gamma": 404.0357235006492, "log10_alpha": 0.9766380640259706, "log10_colsample_bytree": -0.2547053235989436, "log10_eta": -3.4526252431110622, "log10_lambda": -3.6021501689843736, "log10_min_child_weight": 4.719049460585495, "log10_subsample": -0.46478327769834993, "max_depth": 8.0, "num_boost_round": 10.0}, "datetime": {"datetime": "2024-01-19 00:52:53", "elapsed": 2463.187432, "delta": 0.003139}}
{"target": -17.677223292597187, "params": {"gamma": 426.06994850267046, "log10_alpha": 0.9323452430472559, "log10_colsample_bytree": -0.7035824540752299, "log10_eta": -3.5802411942222596, "log10_lambda": 0.47827627353979985, "log10_min_child_weight": 0.2766328517925609, "log10_subsample": -0.9664845598260857, "max_depth": 2.0, "num_boost_round": 0.0}, "datetime": {"datetime": "2024-01-19 00:53:35", "elapsed": 2504.985368, "delta": 41.797936}}
{"target": -17.6772102371425, "params": {"gamma": 426.06994850267046, "log10_alpha": 0.9323452430472559, "log10_colsample_bytree": -0.7035824540752299, "log10_eta": -3.5802411942222596, "log10_lambda": 0.47827627353979985, "log10_min_child_weight": 0.2766328517925609, "log10_subsample": -0.9664845598260857, "max_depth": 2.0, "num_boost_round": 1.0}, "datetime": {"datetime": "2024-01-19 00:53:35", "elapsed": 2504.989968, "delta": 0.0046}}
{"target": -17.677202166600207, "params": {"gamma": 426.06994850267046, "log10_alpha": 0.9323452430472559, "log10_colsample_bytree": -0.7035824540752299, "log10_eta": -3.5802411942222596, "log10_lambda": 0.47827627353979985, "log10_min_child_weight": 0.2766328517925609, "log10_subsample": -0.9664845598260857, "max_depth": 2.0, "num_boost_round": 2.0}, "datetime": {"datetime": "2024-01-19 00:53:35", "elapsed": 2504.993896, "delta": 0.003928}}
{"target": -17.677204356789876, "params": {"gamma": 426.06994850267046, "log10_alpha": 0.9323452430472559, "log10_colsample_bytree": -0.7035824540752299, "log10_eta": -3.5802411942222596, "log10_lambda": 0.47827627353979985, "log10_min_child_weight": 0.2766328517925609, "log10_subsample": -0.9664845598260857, "max_depth": 2.0, "num_boost_round": 3.0}, "datetime": {"datetime": "2024-01-19 00:53:35", "elapsed": 2504.997565, "delta": 0.003669}}
{"target": -17.67720070143266, "params": {"gamma": 426.06994850267046, "log10_alpha": 0.9323452430472559, "log10_colsample_bytree": -0.7035824540752299, "log10_eta": -3.5802411942222596, "log10_lambda": 0.47827627353979985, "log10_min_child_weight": 0.2766328517925609, "log10_subsample": -0.9664845598260857, "max_depth": 2.0, "num_boost_round": 4.0}, "datetime": {"datetime": "2024-01-19 00:53:35", "elapsed": 2505.000825, "delta": 0.00326}}
{"target": -17.677197499117003, "params": {"gamma": 426.06994850267046, "log10_alpha": 0.9323452430472559, "log10_colsample_bytree": -0.7035824540752299, "log10_eta": -3.5802411942222596, "log10_lambda": 0.47827627353979985, "log10_min_child_weight": 0.2766328517925609, "log10_subsample": -0.9664845598260857, "max_depth": 2.0, "num_boost_round": 5.0}, "datetime": {"datetime": "2024-01-19 00:53:35", "elapsed": 2505.004068, "delta": 0.003243}}
{"target": -17.677193238449608, "params": {"gamma": 426.06994850267046, "log10_alpha": 0.9323452430472559, "log10_colsample_bytree": -0.7035824540752299, "log10_eta": -3.5802411942222596, "log10_lambda": 0.47827627353979985, "log10_min_child_weight": 0.2766328517925609, "log10_subsample": -0.9664845598260857, "max_depth": 2.0, "num_boost_round": 6.0}, "datetime": {"datetime": "2024-01-19 00:53:35", "elapsed": 2505.007389, "delta": 0.003321}}
{"target": -17.677188649614987, "params": {"gamma": 426.06994850267046, "log10_alpha": 0.9323452430472559, "log10_colsample_bytree": -0.7035824540752299, "log10_eta": -3.5802411942222596, "log10_lambda": 0.47827627353979985, "log10_min_child_weight": 0.2766328517925609, "log10_subsample": -0.9664845598260857, "max_depth": 2.0, "num_boost_round": 7.0}, "datetime": {"datetime": "2024-01-19 00:53:35", "elapsed": 2505.010767, "delta": 0.003378}}
{"target": -17.677185024224663, "params": {"gamma": 426.06994850267046, "log10_alpha": 0.9323452430472559, "log10_colsample_bytree": -0.7035824540752299, "log10_eta": -3.5802411942222596, "log10_lambda": 0.47827627353979985, "log10_min_child_weight": 0.2766328517925609, "log10_subsample": -0.9664845598260857, "max_depth": 2.0, "num_boost_round": 8.0}, "datetime": {"datetime": "2024-01-19 00:53:35", "elapsed": 2505.014183, "delta": 0.003416}}
{"target": -17.677178341579918, "params": {"gamma": 426.06994850267046, "log10_alpha": 0.9323452430472559, "log10_colsample_bytree": -0.7035824540752299, "log10_eta": -3.5802411942222596, "log10_lambda": 0.47827627353979985, "log10_min_child_weight": 0.2766328517925609, "log10_subsample": -0.9664845598260857, "max_depth": 2.0, "num_boost_round": 9.0}, "datetime": {"datetime": "2024-01-19 00:53:35", "elapsed": 2505.017557, "delta": 0.003374}}
{"target": -17.677171584346876, "params": {"gamma": 426.06994850267046, "log10_alpha": 0.9323452430472559, "log10_colsample_bytree": -0.7035824540752299, "log10_eta": -3.5802411942222596, "log10_lambda": 0.47827627353979985, "log10_min_child_weight": 0.2766328517925609, "log10_subsample": -0.9664845598260857, "max_depth": 2.0, "num_boost_round": 10.0}, "datetime": {"datetime": "2024-01-19 00:53:35", "elapsed": 2505.020845, "delta": 0.003288}}
{"target": -17.677163919273724, "params": {"gamma": 426.06994850267046, "log10_alpha": 0.9323452430472559, "log10_colsample_bytree": -0.7035824540752299, "log10_eta": -3.5802411942222596, "log10_lambda": 0.47827627353979985, "log10_min_child_weight": 0.2766328517925609, "log10_subsample": -0.9664845598260857, "max_depth": 2.0, "num_boost_round": 11.0}, "datetime": {"datetime": "2024-01-19 00:53:35", "elapsed": 2505.024181, "delta": 0.003336}}
{"target": -17.677221974605835, "params": {"gamma": 408.1078183969099, "log10_alpha": -2.423274707547539, "log10_colsample_bytree": -0.0958690561072778, "log10_eta": -3.6807570047899767, "log10_lambda": -4.58855731150048, "log10_min_child_weight": 2.5498779637834574, "log10_subsample": -0.1754174030646546, "max_depth": 3.0, "num_boost_round": 0.0}, "datetime": {"datetime": "2024-01-19 00:54:10", "elapsed": 2540.757988, "delta": 35.733807}}
{"target": -17.677215506925243, "params": {"gamma": 408.1078183969099, "log10_alpha": -2.423274707547539, "log10_colsample_bytree": -0.0958690561072778, "log10_eta": -3.6807570047899767, "log10_lambda": -4.58855731150048, "log10_min_child_weight": 2.5498779637834574, "log10_subsample": -0.1754174030646546, "max_depth": 3.0, "num_boost_round": 1.0}, "datetime": {"datetime": "2024-01-19 00:54:10", "elapsed": 2540.76226, "delta": 0.004272}}
{"target": -17.677207856595757, "params": {"gamma": 408.1078183969099, "log10_alpha": -2.423274707547539, "log10_colsample_bytree": -0.0958690561072778, "log10_eta": -3.6807570047899767, "log10_lambda": -4.58855731150048, "log10_min_child_weight": 2.5498779637834574, "log10_subsample": -0.1754174030646546, "max_depth": 3.0, "num_boost_round": 2.0}, "datetime": {"datetime": "2024-01-19 00:54:10", "elapsed": 2540.765605, "delta": 0.003345}}
{"target": -17.67719872917261, "params": {"gamma": 408.1078183969099, "log10_alpha": -2.423274707547539, "log10_colsample_bytree": -0.0958690561072778, "log10_eta": -3.6807570047899767, "log10_lambda": -4.58855731150048, "log10_min_child_weight": 2.5498779637834574, "log10_subsample": -0.1754174030646546, "max_depth": 3.0, "num_boost_round": 3.0}, "datetime": {"datetime": "2024-01-19 00:54:10", "elapsed": 2540.768851, "delta": 0.003246}}
{"target": -17.67718852633853, "params": {"gamma": 408.1078183969099, "log10_alpha": -2.423274707547539, "log10_colsample_bytree": -0.0958690561072778, "log10_eta": -3.6807570047899767, "log10_lambda": -4.58855731150048, "log10_min_child_weight": 2.5498779637834574, "log10_subsample": -0.1754174030646546, "max_depth": 3.0, "num_boost_round": 4.0}, "datetime": {"datetime": "2024-01-19 00:54:10", "elapsed": 2540.772072, "delta": 0.003221}}
