{"target": -13.75850015709629, "params": {"gamma": 442.20586294423424, "log10_alpha": -0.6010839188418062, "log10_colsample_bytree": -0.8869367408152024, "log10_eta": -3.7024739064841485, "log10_lambda": -3.6671362482657965, "log10_min_child_weight": 4.714956084370019, "log10_subsample": -0.768875139274028, "max_depth": 7.0, "num_boost_round": 68.0}, "datetime": {"datetime": "2024-01-19 00:19:26", "elapsed": 469.993909, "delta": 0.001154}}
{"target": -13.758499377490894, "params": {"gamma": 442.20586294423424, "log10_alpha": -0.6010839188418062, "log10_colsample_bytree": -0.8869367408152024, "log10_eta": -3.7024739064841485, "log10_lambda": -3.6671362482657965, "log10_min_child_weight": 4.714956084370019, "log10_subsample": -0.768875139274028, "max_depth": 7.0, "num_boost_round": 69.0}, "datetime": {"datetime": "2024-01-19 00:19:26", "elapsed": 469.995089, "delta": 0.00118}}
{"target": -13.758498140024018, "params": {"gamma": 442.20586294423424, "log10_alpha": -0.6010839188418062, "log10_colsample_bytree": -0.8869367408152024, "log10_eta": -3.7024739064841485, "log10_lambda": -3.6671362482657965, "log10_min_child_weight": 4.714956084370019, "log10_subsample": -0.768875139274028, "max_depth": 7.0, "num_boost_round": 70.0}, "datetime": {"datetime": "2024-01-19 00:19:26", "elapsed": 469.996228, "delta": 0.001139}}
{"target": -13.758498211304708, "params": {"gamma": 442.20586294423424, "log10_alpha": -0.6010839188418062, "log10_colsample_bytree": -0.8869367408152024, "log10_eta": -3.7024739064841485, "log10_lambda": -3.6671362482657965, "log10_min_child_weight": 4.714956084370019, "log10_subsample": -0.768875139274028, "max_depth": 7.0, "num_boost_round": 71.0}, "datetime": {"datetime": "2024-01-19 00:19:26", "elapsed": 469.997404, "delta": 0.001176}}
{"target": -13.758538513537854, "params": {"gamma": 450.980048800102, "log10_alpha": 0.29456700807296077, "log10_colsample_bytree": -0.21349007736302594, "log10_eta": -3.494903211564517, "log10_lambda": -0.345965038284648, "log10_min_child_weight": 4.532588567052104, "log10_subsample": -0.27528023750160846, "max_depth": 9.0, "num_boost_round": 0.0}, "datetime": {"datetime": "2024-01-19 00:19:59", "elapsed": 503.388737, "delta": 33.391333}}
{"target": -13.758539211042336, "params": {"gamma": 450.980048800102, "log10_alpha": 0.29456700807296077, "log10_colsample_bytree": -0.21349007736302594, "log10_eta": -3.494903211564517, "log10_lambda": -0.345965038284648, "log10_min_child_weight": 4.532588567052104, "log10_subsample": -0.27528023750160846, "max_depth": 9.0, "num_boost_round": 1.0}, "datetime": {"datetime": "2024-01-19 00:19:59", "elapsed": 503.390049, "delta": 0.001312}}
{"target": -13.758541060576064, "params": {"gamma": 450.980048800102, "log10_alpha": 0.29456700807296077, "log10_colsample_bytree": -0.21349007736302594, "log10_eta": -3.494903211564517, "log10_lambda": -0.345965038284648, "log10_min_child_weight": 4.532588567052104, "log10_subsample": -0.27528023750160846, "max_depth": 9.0, "num_boost_round": 2.0}, "datetime": {"datetime": "2024-01-19 00:19:59", "elapsed": 503.391207, "delta": 0.001158}}
{"target": -13.758542240796185, "params": {"gamma": 450.980048800102, "log10_alpha": 0.29456700807296077, "log10_colsample_bytree": -0.21349007736302594, "log10_eta": -3.494903211564517, "log10_lambda": -0.345965038284648, "log10_min_child_weight": 4.532588567052104, "log10_subsample": -0.27528023750160846, "max_depth": 9.0, "num_boost_round": 3.0}, "datetime": {"datetime": "2024-01-19 00:19:59", "elapsed": 503.39234, "delta": 0.001133}}
{"target": -13.758541738262728, "params": {"gamma": 450.980048800102, "log10_alpha": 0.29456700807296077, "log10_colsample_bytree": -0.21349007736302594, "log10_eta": -3.494903211564517, "log10_lambda": -0.345965038284648, "log10_min_child_weight": 4.532588567052104, "log10_subsample": -0.27528023750160846, "max_depth": 9.0, "num_boost_round": 4.0}, "datetime": {"datetime": "2024-01-19 00:19:59", "elapsed": 503.393455, "delta": 0.001115}}
{"target": -13.75853993487805, "params": {"gamma": 450.980048800102, "log10_alpha": 0.29456700807296077, "log10_colsample_bytree": -0.21349007736302594, "log10_eta": -3.494903211564517, "log10_lambda": -0.345965038284648, "log10_min_child_weight": 4.532588567052104, "log10_subsample": -0.27528023750160846, "max_depth": 9.0, "num_boost_round": 5.0}, "datetime": {"datetime": "2024-01-19 00:19:59", "elapsed": 503.394578, "delta": 0.001123}}
{"target": -13.758540293216845, "params": {"gamma": 450.980048800102, "log10_alpha": 0.29456700807296077, "log10_colsample_bytree": -0.21349007736302594, "log10_eta": -3.494903211564517, "log10_lambda": -0.345965038284648, "log10_min_child_weight": 4.532588567052104, "log10_subsample": -0.27528023750160846, "max_depth": 9.0, "num_boost_round": 6.0}, "datetime": {"datetime": "2024-01-19 00:19:59", "elapsed": 503.395698, "delta": 0.00112}}
{"target": -13.758540926752044, "params": {"gamma": 450.980048800102, "log10_alpha": 0.29456700807296077, "log10_colsample_bytree": -0.21349007736302594, "log10_eta": -3.494903211564517, "log10_lambda": -0.345965038284648, "log10_min_child_weight": 4.532588567052104, "log10_subsample": -0.27528023750160846, "max_depth": 9.0, "num_boost_round": 7.0}, "datetime": {"datetime": "2024-01-19 00:19:59", "elapsed": 503.396822, "delta": 0.001124}}
{"target": -13.7585393115607, "params": {"gamma": 450.980048800102, "log10_alpha": 0.29456700807296077, "log10_colsample_bytree": -0.21349007736302594, "log10_eta": -3.494903211564517, "log10_lambda": -0.345965038284648, "log10_min_child_weight": 4.532588567052104, "log10_subsample": -0.27528023750160846, "max_depth": 9.0, "num_boost_round": 8.0}, "datetime": {"datetime": "2024-01-19 00:19:59", "elapsed": 503.398613, "delta": 0.001791}}
{"target": -13.758535995552487, "params": {"gamma": 450.980048800102, "log10_alpha": 0.29456700807296077, "log10_colsample_bytree": -0.21349007736302594, "log10_eta": -3.494903211564517, "log10_lambda": -0.345965038284648, "log10_min_child_weight": 4.532588567052104, "log10_subsample": -0.27528023750160846, "max_depth": 9.0, "num_boost_round": 9.0}, "datetime": {"datetime": "2024-01-19 00:19:59", "elapsed": 503.40001, "delta": 0.001397}}
{"target": -13.75853485921387, "params": {"gamma": 450.980048800102, "log10_alpha": 0.29456700807296077, "log10_colsample_bytree": -0.21349007736302594, "log10_eta": -3.494903211564517, "log10_lambda": -0.345965038284648, "log10_min_child_weight": 4.532588567052104, "log10_subsample": -0.27528023750160846, "max_depth": 9.0, "num_boost_round": 10.0}, "datetime": {"datetime": "2024-01-19 00:19:59", "elapsed": 503.401151, "delta": 0.001141}}
{"target": -13.758533283293842, "params": {"gamma": 450.980048800102, "log10_alpha": 0.29456700807296077, "log10_colsample_bytree": -0.21349007736302594, "log10_eta": -3.494903211564517, "log10_lambda": -0.345965038284648, "log10_min_child_weight": 4.532588567052104, "log10_subsample": -0.27528023750160846, "max_depth": 9.0, "num_boost_round": 11.0}, "datetime": {"datetime": "2024-01-19 00:19:59", "elapsed": 503.402286, "delta": 0.001135}}
{"target": -13.758532828532203, "params": {"gamma": 450.980048800102, "log10_alpha": 0.29456700807296077, "log10_colsample_bytree": -0.21349007736302594, "log10_eta": -3.494903211564517, "log10_lambda": -0.345965038284648, "log10_min_child_weight": 4.532588567052104, "log10_subsample": -0.27528023750160846, "max_depth": 9.0, "num_boost_round": 12.0}, "datetime": {"datetime": "2024-01-19 00:19:59", "elapsed": 503.403409, "delta": 0.001123}}
{"target": -13.75853308011507, "params": {"gamma": 450.980048800102, "log10_alpha": 0.29456700807296077, "log10_colsample_bytree": -0.21349007736302594, "log10_eta": -3.494903211564517, "log10_lambda": -0.345965038284648, "log10_min_child_weight": 4.532588567052104, "log10_subsample": -0.27528023750160846, "max_depth": 9.0, "num_boost_round": 13.0}, "datetime": {"datetime": "2024-01-19 00:19:59", "elapsed": 503.404545, "delta": 0.001136}}
{"target": -13.758531901191018, "params": {"gamma": 450.980048800102, "log10_alpha": 0.29456700807296077, "log10_colsample_bytree": -0.21349007736302594, "log10_eta": -3.494903211564517, "log10_lambda": -0.345965038284648, "log10_min_child_weight": 4.532588567052104, "log10_subsample": -0.27528023750160846, "max_depth": 9.0, "num_boost_round": 14.0}, "datetime": {"datetime": "2024-01-19 00:19:59", "elapsed": 503.405693, "delta": 0.001148}}
{"target": -13.758531340114455, "params": {"gamma": 450.980048800102, "log10_alpha": 0.29456700807296077, "log10_colsample_bytree": -0.21349007736302594, "log10_eta": -3.494903211564517, "log10_lambda": -0.345965038284648, "log10_min_child_weight": 4.532588567052104, "log10_subsample": -0.27528023750160846, "max_depth": 9.0, "num_boost_round": 15.0}, "datetime": {"datetime": "2024-01-19 00:19:59", "elapsed": 503.407486, "delta": 0.001793}}
{"target": -13.758529287236195, "params": {"gamma": 450.980048800102, "log10_alpha": 0.29456700807296077, "log10_colsample_bytree": -0.21349007736302594, "log10_eta": -3.494903211564517, "log10_lambda": -0.345965038284648, "log10_min_child_weight": 4.532588567052104, "log10_subsample": -0.27528023750160846, "max_depth": 9.0, "num_boost_round": 16.0}, "datetime": {"datetime": "2024-01-19 00:19:59", "elapsed": 503.408628, "delta": 0.001142}}
{"target": -13.758527511830865, "params": {"gamma": 450.980048800102, "log10_alpha": 0.29456700807296077, "log10_colsample_bytree": -0.21349007736302594, "log10_eta": -3.494903211564517, "log10_lambda": -0.345965038284648, "log10_min_child_weight": 4.532588567052104, "log10_subsample": -0.27528023750160846, "max_depth": 9.0, "num_boost_round": 17.0}, "datetime": {"datetime": "2024-01-19 00:19:59", "elapsed": 503.409841, "delta": 0.001213}}
{"target": -13.758529727909186, "params": {"gamma": 450.980048800102, "log10_alpha": 0.29456700807296077, "log10_colsample_bytree": -0.21349007736302594, "log10_eta": -3.494903211564517, "log10_lambda": -0.345965038284648, "log10_min_child_weight": 4.532588567052104, "log10_subsample": -0.27528023750160846, "max_depth": 9.0, "num_boost_round": 18.0}, "datetime": {"datetime": "2024-01-19 00:19:59", "elapsed": 503.410972, "delta": 0.001131}}
{"target": -13.758527579902518, "params": {"gamma": 450.980048800102, "log10_alpha": 0.29456700807296077, "log10_colsample_bytree": -0.21349007736302594, "log10_eta": -3.494903211564517, "log10_lambda": -0.345965038284648, "log10_min_child_weight": 4.532588567052104, "log10_subsample": -0.27528023750160846, "max_depth": 9.0, "num_boost_round": 19.0}, "datetime": {"datetime": "2024-01-19 00:19:59", "elapsed": 503.412108, "delta": 0.001136}}
{"target": -13.75852662786106, "params": {"gamma": 450.980048800102, "log10_alpha": 0.29456700807296077, "log10_colsample_bytree": -0.21349007736302594, "log10_eta": -3.494903211564517, "log10_lambda": -0.345965038284648, "log10_min_child_weight": 4.532588567052104, "log10_subsample": -0.27528023750160846, "max_depth": 9.0, "num_boost_round": 20.0}, "datetime": {"datetime": "2024-01-19 00:19:59", "elapsed": 503.413248, "delta": 0.00114}}
{"target": -13.758526704539937, "params": {"gamma": 450.980048800102, "log10_alpha": 0.29456700807296077, "log10_colsample_bytree": -0.21349007736302594, "log10_eta": -3.494903211564517, "log10_lambda": -0.345965038284648, "log10_min_child_weight": 4.532588567052104, "log10_subsample": -0.27528023750160846, "max_depth": 9.0, "num_boost_round": 21.0}, "datetime": {"datetime": "2024-01-19 00:19:59", "elapsed": 503.414484, "delta": 0.001236}}
{"target": -13.75852648666359, "params": {"gamma": 450.980048800102, "log10_alpha": 0.29456700807296077, "log10_colsample_bytree": -0.21349007736302594, "log10_eta": -3.494903211564517, "log10_lambda": -0.345965038284648, "log10_min_child_weight": 4.532588567052104, "log10_subsample": -0.27528023750160846, "max_depth": 9.0, "num_boost_round": 22.0}, "datetime": {"datetime": "2024-01-19 00:19:59", "elapsed": 503.415987, "delta": 0.001503}}
{"target": -13.758524542164983, "params": {"gamma": 450.980048800102, "log10_alpha": 0.29456700807296077, "log10_colsample_bytree": -0.21349007736302594, "log10_eta": -3.494903211564517, "log10_lambda": -0.345965038284648, "log10_min_child_weight": 4.532588567052104, "log10_subsample": -0.27528023750160846, "max_depth": 9.0, "num_boost_round": 23.0}, "datetime": {"datetime": "2024-01-19 00:19:59", "elapsed": 503.417123, "delta": 0.001136}}
{"target": -13.758523425655543, "params": {"gamma": 450.980048800102, "log10_alpha": 0.29456700807296077, "log10_colsample_bytree": -0.21349007736302594, "log10_eta": -3.494903211564517, "log10_lambda": -0.345965038284648, "log10_min_child_weight": 4.532588567052104, "log10_subsample": -0.27528023750160846, "max_depth": 9.0, "num_boost_round": 24.0}, "datetime": {"datetime": "2024-01-19 00:19:59", "elapsed": 503.418286, "delta": 0.001163}}
{"target": -13.75852257677365, "params": {"gamma": 450.980048800102, "log10_alpha": 0.29456700807296077, "log10_colsample_bytree": -0.21349007736302594, "log10_eta": -3.494903211564517, "log10_lambda": -0.345965038284648, "log10_min_child_weight": 4.532588567052104, "log10_subsample": -0.27528023750160846, "max_depth": 9.0, "num_boost_round": 25.0}, "datetime": {"datetime": "2024-01-19 00:19:59", "elapsed": 503.419432, "delta": 0.001146}}
{"target": -13.758522084310348, "params": {"gamma": 450.980048800102, "log10_alpha": 0.29456700807296077, "log10_colsample_bytree": -0.21349007736302594, "log10_eta": -3.494903211564517, "log10_lambda": -0.345965038284648, "log10_min_child_weight": 4.532588567052104, "log10_subsample": -0.27528023750160846, "max_depth": 9.0, "num_boost_round": 26.0}, "datetime": {"datetime": "2024-01-19 00:19:59", "elapsed": 503.420559, "delta": 0.001127}}
{"target": -13.758521747167519, "params": {"gamma": 450.980048800102, "log10_alpha": 0.29456700807296077, "log10_colsample_bytree": -0.21349007736302594, "log10_eta": -3.494903211564517, "log10_lambda": -0.345965038284648, "log10_min_child_weight": 4.532588567052104, "log10_subsample": -0.27528023750160846, "max_depth": 9.0, "num_boost_round": 27.0}, "datetime": {"datetime": "2024-01-19 00:19:59", "elapsed": 503.421685, "delta": 0.001126}}
{"target": -13.75852280484083, "params": {"gamma": 450.980048800102, "log10_alpha": 0.29456700807296077, "log10_colsample_bytree": -0.21349007736302594, "log10_eta": -3.494903211564517, "log10_lambda": -0.345965038284648, "log10_min_child_weight": 4.532588567052104, "log10_subsample": -0.27528023750160846, "max_depth": 9.0, "num_boost_round": 28.0}, "datetime": {"datetime": "2024-01-19 00:19:59", "elapsed": 503.422804, "delta": 0.001119}}
{"target": -13.758521888151952, "params": {"gamma": 450.980048800102, "log10_alpha": 0.29456700807296077, "log10_colsample_bytree": -0.21349007736302594, "log10_eta": -3.494903211564517, "log10_lambda": -0.345965038284648, "log10_min_child_weight": 4.532588567052104, "log10_subsample": -0.27528023750160846, "max_depth": 9.0, "num_boost_round": 29.0}, "datetime": {"datetime": "2024-01-19 00:19:59", "elapsed": 503.424138, "delta": 0.001334}}
{"target": -13.758521422462582, "params": {"gamma": 450.980048800102, "log10_alpha": 0.29456700807296077, "log10_colsample_bytree": -0.21349007736302594, "log10_eta": -3.494903211564517, "log10_lambda": -0.345965038284648, "log10_min_child_weight": 4.532588567052104, "log10_subsample": -0.27528023750160846, "max_depth": 9.0, "num_boost_round": 30.0}, "datetime": {"datetime": "2024-01-19 00:19:59", "elapsed": 503.425457, "delta": 0.001319}}
{"target": -13.758521759972687, "params": {"gamma": 450.980048800102, "log10_alpha": 0.29456700807296077, "log10_colsample_bytree": -0.21349007736302594, "log10_eta": -3.494903211564517, "log10_lambda": -0.345965038284648, "log10_min_child_weight": 4.532588567052104, "log10_subsample": -0.27528023750160846, "max_depth": 9.0, "num_boost_round": 31.0}, "datetime": {"datetime": "2024-01-19 00:19:59", "elapsed": 503.426693, "delta": 0.001236}}
{"target": -13.758521950233861, "params": {"gamma": 450.980048800102, "log10_alpha": 0.29456700807296077, "log10_colsample_bytree": -0.21349007736302594, "log10_eta": -3.494903211564517, "log10_lambda": -0.345965038284648, "log10_min_child_weight": 4.532588567052104, "log10_subsample": -0.27528023750160846, "max_depth": 9.0, "num_boost_round": 32.0}, "datetime": {"datetime": "2024-01-19 00:19:59", "elapsed": 503.427847, "delta": 0.001154}}
{"target": -13.75852196828606, "params": {"gamma": 450.980048800102, "log10_alpha": 0.29456700807296077, "log10_colsample_bytree": -0.21349007736302594, "log10_eta": -3.494903211564517, "log10_lambda": -0.345965038284648, "log10_min_child_weight": 4.532588567052104, "log10_subsample": -0.27528023750160846, "max_depth": 9.0, "num_boost_round": 33.0}, "datetime": {"datetime": "2024-01-19 00:19:59", "elapsed": 503.428995, "delta": 0.001148}}
{"target": -13.758523980592678, "params": {"gamma": 450.980048800102, "log10_alpha": 0.29456700807296077, "log10_colsample_bytree": -0.21349007736302594, "log10_eta": -3.494903211564517, "log10_lambda": -0.345965038284648, "log10_min_child_weight": 4.532588567052104, "log10_subsample": -0.27528023750160846, "max_depth": 9.0, "num_boost_round": 34.0}, "datetime": {"datetime": "2024-01-19 00:19:59", "elapsed": 503.430127, "delta": 0.001132}}
{"target": -13.758523063874156, "params": {"gamma": 450.980048800102, "log10_alpha": 0.29456700807296077, "log10_colsample_bytree": -0.21349007736302594, "log10_eta": -3.494903211564517, "log10_lambda": -0.345965038284648, "log10_min_child_weight": 4.532588567052104, "log10_subsample": -0.27528023750160846, "max_depth": 9.0, "num_boost_round": 35.0}, "datetime": {"datetime": "2024-01-19 00:19:59", "elapsed": 503.431333, "delta": 0.001206}}
{"target": -13.758524933335218, "params": {"gamma": 450.980048800102, "log10_alpha": 0.29456700807296077, "log10_colsample_bytree": -0.21349007736302594, "log10_eta": -3.494903211564517, "log10_lambda": -0.345965038284648, "log10_min_child_weight": 4.532588567052104, "log10_subsample": -0.27528023750160846, "max_depth": 9.0, "num_boost_round": 36.0}, "datetime": {"datetime": "2024-01-19 00:19:59", "elapsed": 503.432515, "delta": 0.001182}}
{"target": -13.7585232193674, "params": {"gamma": 450.980048800102, "log10_alpha": 0.29456700807296077, "log10_colsample_bytree": -0.21349007736302594, "log10_eta": -3.494903211564517, "log10_lambda": -0.345965038284648, "log10_min_child_weight": 4.532588567052104, "log10_subsample": -0.27528023750160846, "max_depth": 9.0, "num_boost_round": 37.0}, "datetime": {"datetime": "2024-01-19 00:19:59", "elapsed": 503.43372, "delta": 0.001205}}
{"target": -13.758523308538283, "params": {"gamma": 450.980048800102, "log10_alpha": 0.29456700807296077, "log10_colsample_bytree": -0.21349007736302594, "log10_eta": -3.494903211564517, "log10_lambda": -0.345965038284648, "log10_min_child_weight": 4.532588567052104, "log10_subsample": -0.27528023750160846, "max_depth": 9.0, "num_boost_round": 38.0}, "datetime": {"datetime": "2024-01-19 00:19:59", "elapsed": 503.434923, "delta": 0.001203}}
{"target": -13.758516276038613, "params": {"gamma": 434.56900336433057, "log10_alpha": -4.026535702663754, "log10_colsample_bytree": -0.8417000536136756, "log10_eta": -3.0427262265142243, "log10_lambda": -0.8238140580001794, "log10_min_child_weight": 1.6913162018345833, "log10_subsample": -0.5708781311226848, "max_depth": 3.0, "num_boost_round": 0.0}, "datetime": {"datetime": "2024-01-19 00:20:29", "elapsed": 533.732223, "delta": 30.2973}}
{"target": -13.758504854152884, "params": {"gamma": 434.56900336433057, "log10_alpha": -4.026535702663754, "log10_colsample_bytree": -0.8417000536136756, "log10_eta": -3.0427262265142243, "log10_lambda": -0.8238140580001794, "log10_min_child_weight": 1.6913162018345833, "log10_subsample": -0.5708781311226848, "max_depth": 3.0, "num_boost_round": 1.0}, "datetime": {"datetime": "2024-01-19 00:20:29", "elapsed": 533.733544, "delta": 0.001321}}
{"target": -13.758491752951294, "params": {"gamma": 434.56900336433057, "log10_alpha": -4.026535702663754, "log10_colsample_bytree": -0.8417000536136756, "log10_eta": -3.0427262265142243, "log10_lambda": -0.8238140580001794, "log10_min_child_weight": 1.6913162018345833, "log10_subsample": -0.5708781311226848, "max_depth": 3.0, "num_boost_round": 2.0}, "datetime": {"datetime": "2024-01-19 00:20:29", "elapsed": 533.735036, "delta": 0.001492}}
{"target": -13.758497411901407, "params": {"gamma": 434.56900336433057, "log10_alpha": -4.026535702663754, "log10_colsample_bytree": -0.8417000536136756, "log10_eta": -3.0427262265142243, "log10_lambda": -0.8238140580001794, "log10_min_child_weight": 1.6913162018345833, "log10_subsample": -0.5708781311226848, "max_depth": 3.0, "num_boost_round": 3.0}, "datetime": {"datetime": "2024-01-19 00:20:29", "elapsed": 533.736255, "delta": 0.001219}}
{"target": -13.758494224199366, "params": {"gamma": 434.56900336433057, "log10_alpha": -4.026535702663754, "log10_colsample_bytree": -0.8417000536136756, "log10_eta": -3.0427262265142243, "log10_lambda": -0.8238140580001794, "log10_min_child_weight": 1.6913162018345833, "log10_subsample": -0.5708781311226848, "max_depth": 3.0, "num_boost_round": 4.0}, "datetime": {"datetime": "2024-01-19 00:20:29", "elapsed": 533.737448, "delta": 0.001193}}
{"target": -13.758484596708763, "params": {"gamma": 434.56900336433057, "log10_alpha": -4.026535702663754, "log10_colsample_bytree": -0.8417000536136756, "log10_eta": -3.0427262265142243, "log10_lambda": -0.8238140580001794, "log10_min_child_weight": 1.6913162018345833, "log10_subsample": -0.5708781311226848, "max_depth": 3.0, "num_boost_round": 5.0}, "datetime": {"datetime": "2024-01-19 00:20:29", "elapsed": 533.738634, "delta": 0.001186}}
