{"target": -13.758530173281056, "params": {"gamma": 417.022004702574, "log10_alpha": -0.6780530393470512, "log10_colsample_bytree": -0.9998856251826551, "log10_eta": -2.790669709472641, "log10_lambda": -4.119464655097322, "log10_min_child_weight": 0.461692973843989, "log10_subsample": -0.8137397886223291, "max_depth": 4.0, "num_boost_round": 0.0}, "datetime": {"datetime": "2024-01-19 00:11:36", "elapsed": 0.0, "delta": 0.0}}
{"target": -13.758512326114625, "params": {"gamma": 417.022004702574, "log10_alpha": -0.6780530393470512, "log10_colsample_bytree": -0.9998856251826551, "log10_eta": -2.790669709472641, "log10_lambda": -4.119464655097322, "log10_min_child_weight": 0.461692973843989, "log10_subsample": -0.8137397886223291, "max_depth": 4.0, "num_boost_round": 1.0}, "datetime": {"datetime": "2024-01-19 00:11:36", "elapsed": 0.005077, "delta": 0.005077}}
{"target": -13.758508359716288, "params": {"gamma": 417.022004702574, "log10_alpha": -0.6780530393470512, "log10_colsample_bytree": -0.9998856251826551, "log10_eta": -2.790669709472641, "log10_lambda": -4.119464655097322, "log10_min_child_weight": 0.461692973843989, "log10_subsample": -0.8137397886223291, "max_depth": 4.0, "num_boost_round": 2.0}, "datetime": {"datetime": "2024-01-19 00:11:36", "elapsed": 0.005248, "delta": 0.000171}}
{"target": -13.758511346070971, "params": {"gamma": 417.022004702574, "log10_alpha": -0.6780530393470512, "log10_colsample_bytree": -0.9998856251826551, "log10_eta": -2.790669709472641, "log10_lambda": -4.119464655097322, "log10_min_child_weight": 0.461692973843989, "log10_subsample": -0.8137397886223291, "max_depth": 4.0, "num_boost_round": 3.0}, "datetime": {"datetime": "2024-01-19 00:11:36", "elapsed": 0.005397, "delta": 0.000149}}
{"target": -13.75850727899944, "params": {"gamma": 417.022004702574, "log10_alpha": -0.6780530393470512, "log10_colsample_bytree": -0.9998856251826551, "log10_eta": -2.790669709472641, "log10_lambda": -4.119464655097322, "log10_min_child_weight": 0.461692973843989, "log10_subsample": -0.8137397886223291, "max_depth": 4.0, "num_boost_round": 4.0}, "datetime": {"datetime": "2024-01-19 00:11:36", "elapsed": 0.005548, "delta": 0.000151}}
{"target": -13.75852285998846, "params": {"gamma": 417.022004702574, "log10_alpha": -0.6780530393470512, "log10_colsample_bytree": -0.9998856251826551, "log10_eta": -2.790669709472641, "log10_lambda": -4.119464655097322, "log10_min_child_weight": 0.461692973843989, "log10_subsample": -0.8137397886223291, "max_depth": 4.0, "num_boost_round": 5.0}, "datetime": {"datetime": "2024-01-19 00:11:36", "elapsed": 0.005693, "delta": 0.000145}}
{"target": -13.758524273435816, "params": {"gamma": 417.022004702574, "log10_alpha": -0.6780530393470512, "log10_colsample_bytree": -0.9998856251826551, "log10_eta": -2.790669709472641, "log10_lambda": -4.119464655097322, "log10_min_child_weight": 0.461692973843989, "log10_subsample": -0.8137397886223291, "max_depth": 4.0, "num_boost_round": 6.0}, "datetime": {"datetime": "2024-01-19 00:11:36", "elapsed": 0.005836, "delta": 0.000143}}
{"target": -13.758500454686267, "params": {"gamma": 417.022004702574, "log10_alpha": -0.6780530393470512, "log10_colsample_bytree": -0.9998856251826551, "log10_eta": -2.790669709472641, "log10_lambda": -4.119464655097322, "log10_min_child_weight": 0.461692973843989, "log10_subsample": -0.8137397886223291, "max_depth": 4.0, "num_boost_round": 7.0}, "datetime": {"datetime": "2024-01-19 00:11:36", "elapsed": 0.005993, "delta": 0.000157}}
{"target": -13.758490692894407, "params": {"gamma": 417.022004702574, "log10_alpha": -0.6780530393470512, "log10_colsample_bytree": -0.9998856251826551, "log10_eta": -2.790669709472641, "log10_lambda": -4.119464655097322, "log10_min_child_weight": 0.461692973843989, "log10_subsample": -0.8137397886223291, "max_depth": 4.0, "num_boost_round": 8.0}, "datetime": {"datetime": "2024-01-19 00:11:36", "elapsed": 0.006145, "delta": 0.000152}}
{"target": -13.75848133650679, "params": {"gamma": 417.022004702574, "log10_alpha": -0.6780530393470512, "log10_colsample_bytree": -0.9998856251826551, "log10_eta": -2.790669709472641, "log10_lambda": -4.119464655097322, "log10_min_child_weight": 0.461692973843989, "log10_subsample": -0.8137397886223291, "max_depth": 4.0, "num_boost_round": 9.0}, "datetime": {"datetime": "2024-01-19 00:11:36", "elapsed": 0.010198, "delta": 0.004053}}
{"target": -13.758448147947117, "params": {"gamma": 417.022004702574, "log10_alpha": -0.6780530393470512, "log10_colsample_bytree": -0.9998856251826551, "log10_eta": -2.790669709472641, "log10_lambda": -4.119464655097322, "log10_min_child_weight": 0.461692973843989, "log10_subsample": -0.8137397886223291, "max_depth": 4.0, "num_boost_round": 10.0}, "datetime": {"datetime": "2024-01-19 00:11:36", "elapsed": 0.01036, "delta": 0.000162}}
{"target": -13.75845404307537, "params": {"gamma": 417.022004702574, "log10_alpha": -0.6780530393470512, "log10_colsample_bytree": -0.9998856251826551, "log10_eta": -2.790669709472641, "log10_lambda": -4.119464655097322, "log10_min_child_weight": 0.461692973843989, "log10_subsample": -0.8137397886223291, "max_depth": 4.0, "num_boost_round": 11.0}, "datetime": {"datetime": "2024-01-19 00:11:36", "elapsed": 0.010514, "delta": 0.000154}}
{"target": -13.75843270509451, "params": {"gamma": 417.022004702574, "log10_alpha": -0.6780530393470512, "log10_colsample_bytree": -0.9998856251826551, "log10_eta": -2.790669709472641, "log10_lambda": -4.119464655097322, "log10_min_child_weight": 0.461692973843989, "log10_subsample": -0.8137397886223291, "max_depth": 4.0, "num_boost_round": 12.0}, "datetime": {"datetime": "2024-01-19 00:11:36", "elapsed": 0.010659, "delta": 0.000145}}
{"target": -13.758404045118768, "params": {"gamma": 417.022004702574, "log10_alpha": -0.6780530393470512, "log10_colsample_bytree": -0.9998856251826551, "log10_eta": -2.790669709472641, "log10_lambda": -4.119464655097322, "log10_min_child_weight": 0.461692973843989, "log10_subsample": -0.8137397886223291, "max_depth": 4.0, "num_boost_round": 13.0}, "datetime": {"datetime": "2024-01-19 00:11:36", "elapsed": 0.0108, "delta": 0.000141}}
{"target": -13.758389179811088, "params": {"gamma": 417.022004702574, "log10_alpha": -0.6780530393470512, "log10_colsample_bytree": -0.9998856251826551, "log10_eta": -2.790669709472641, "log10_lambda": -4.119464655097322, "log10_min_child_weight": 0.461692973843989, "log10_subsample": -0.8137397886223291, "max_depth": 4.0, "num_boost_round": 14.0}, "datetime": {"datetime": "2024-01-19 00:11:36", "elapsed": 0.010938, "delta": 0.000138}}
{"target": -13.758349306163858, "params": {"gamma": 417.022004702574, "log10_alpha": -0.6780530393470512, "log10_colsample_bytree": -0.9998856251826551, "log10_eta": -2.790669709472641, "log10_lambda": -4.119464655097322, "log10_min_child_weight": 0.461692973843989, "log10_subsample": -0.8137397886223291, "max_depth": 4.0, "num_boost_round": 15.0}, "datetime": {"datetime": "2024-01-19 00:11:36", "elapsed": 0.01108, "delta": 0.000142}}
{"target": -13.758330535568726, "params": {"gamma": 417.022004702574, "log10_alpha": -0.6780530393470512, "log10_colsample_bytree": -0.9998856251826551, "log10_eta": -2.790669709472641, "log10_lambda": -4.119464655097322, "log10_min_child_weight": 0.461692973843989, "log10_subsample": -0.8137397886223291, "max_depth": 4.0, "num_boost_round": 16.0}, "datetime": {"datetime": "2024-01-19 00:11:36", "elapsed": 0.011222, "delta": 0.000142}}
{"target": -13.758294469841108, "params": {"gamma": 417.022004702574, "log10_alpha": -0.6780530393470512, "log10_colsample_bytree": -0.9998856251826551, "log10_eta": -2.790669709472641, "log10_lambda": -4.119464655097322, "log10_min_child_weight": 0.461692973843989, "log10_subsample": -0.8137397886223291, "max_depth": 4.0, "num_boost_round": 17.0}, "datetime": {"datetime": "2024-01-19 00:11:36", "elapsed": 0.011363, "delta": 0.000141}}
{"target": -13.75827643975921, "params": {"gamma": 417.022004702574, "log10_alpha": -0.6780530393470512, "log10_colsample_bytree": -0.9998856251826551, "log10_eta": -2.790669709472641, "log10_lambda": -4.119464655097322, "log10_min_child_weight": 0.461692973843989, "log10_subsample": -0.8137397886223291, "max_depth": 4.0, "num_boost_round": 18.0}, "datetime": {"datetime": "2024-01-19 00:11:36", "elapsed": 0.011517, "delta": 0.000154}}
{"target": -13.758270916380264, "params": {"gamma": 417.022004702574, "log10_alpha": -0.6780530393470512, "log10_colsample_bytree": -0.9998856251826551, "log10_eta": -2.790669709472641, "log10_lambda": -4.119464655097322, "log10_min_child_weight": 0.461692973843989, "log10_subsample": -0.8137397886223291, "max_depth": 4.0, "num_boost_round": 19.0}, "datetime": {"datetime": "2024-01-19 00:11:36", "elapsed": 0.011672, "delta": 0.000155}}
{"target": -13.75825041567689, "params": {"gamma": 417.022004702574, "log10_alpha": -0.6780530393470512, "log10_colsample_bytree": -0.9998856251826551, "log10_eta": -2.790669709472641, "log10_lambda": -4.119464655097322, "log10_min_child_weight": 0.461692973843989, "log10_subsample": -0.8137397886223291, "max_depth": 4.0, "num_boost_round": 20.0}, "datetime": {"datetime": "2024-01-19 00:11:36", "elapsed": 0.011822, "delta": 0.00015}}
{"target": -13.758202724656043, "params": {"gamma": 417.022004702574, "log10_alpha": -0.6780530393470512, "log10_colsample_bytree": -0.9998856251826551, "log10_eta": -2.790669709472641, "log10_lambda": -4.119464655097322, "log10_min_child_weight": 0.461692973843989, "log10_subsample": -0.8137397886223291, "max_depth": 4.0, "num_boost_round": 21.0}, "datetime": {"datetime": "2024-01-19 00:11:36", "elapsed": 0.011972, "delta": 0.00015}}
{"target": -13.758162699448713, "params": {"gamma": 417.022004702574, "log10_alpha": -0.6780530393470512, "log10_colsample_bytree": -0.9998856251826551, "log10_eta": -2.790669709472641, "log10_lambda": -4.119464655097322, "log10_min_child_weight": 0.461692973843989, "log10_subsample": -0.8137397886223291, "max_depth": 4.0, "num_boost_round": 22.0}, "datetime": {"datetime": "2024-01-19 00:11:36", "elapsed": 0.012123, "delta": 0.000151}}
{"target": -13.7581133708298, "params": {"gamma": 417.022004702574, "log10_alpha": -0.6780530393470512, "log10_colsample_bytree": -0.9998856251826551, "log10_eta": -2.790669709472641, "log10_lambda": -4.119464655097322, "log10_min_child_weight": 0.461692973843989, "log10_subsample": -0.8137397886223291, "max_depth": 4.0, "num_boost_round": 23.0}, "datetime": {"datetime": "2024-01-19 00:11:36", "elapsed": 0.012273, "delta": 0.00015}}
{"target": -13.758112136073555, "params": {"gamma": 417.022004702574, "log10_alpha": -0.6780530393470512, "log10_colsample_bytree": -0.9998856251826551, "log10_eta": -2.790669709472641, "log10_lambda": -4.119464655097322, "log10_min_child_weight": 0.461692973843989, "log10_subsample": -0.8137397886223291, "max_depth": 4.0, "num_boost_round": 24.0}, "datetime": {"datetime": "2024-01-19 00:11:36", "elapsed": 0.012427, "delta": 0.000154}}
{"target": -13.75807426126329, "params": {"gamma": 417.022004702574, "log10_alpha": -0.6780530393470512, "log10_colsample_bytree": -0.9998856251826551, "log10_eta": -2.790669709472641, "log10_lambda": -4.119464655097322, "log10_min_child_weight": 0.461692973843989, "log10_subsample": -0.8137397886223291, "max_depth": 4.0, "num_boost_round": 25.0}, "datetime": {"datetime": "2024-01-19 00:11:36", "elapsed": 0.012589, "delta": 0.000162}}
{"target": -13.758059198678515, "params": {"gamma": 417.022004702574, "log10_alpha": -0.6780530393470512, "log10_colsample_bytree": -0.9998856251826551, "log10_eta": -2.790669709472641, "log10_lambda": -4.119464655097322, "log10_min_child_weight": 0.461692973843989, "log10_subsample": -0.8137397886223291, "max_depth": 4.0, "num_boost_round": 26.0}, "datetime": {"datetime": "2024-01-19 00:11:36", "elapsed": 0.012745, "delta": 0.000156}}
{"target": -13.758017001940715, "params": {"gamma": 417.022004702574, "log10_alpha": -0.6780530393470512, "log10_colsample_bytree": -0.9998856251826551, "log10_eta": -2.790669709472641, "log10_lambda": -4.119464655097322, "log10_min_child_weight": 0.461692973843989, "log10_subsample": -0.8137397886223291, "max_depth": 4.0, "num_boost_round": 27.0}, "datetime": {"datetime": "2024-01-19 00:11:36", "elapsed": 0.012901, "delta": 0.000156}}
{"target": -13.75799813208677, "params": {"gamma": 417.022004702574, "log10_alpha": -0.6780530393470512, "log10_colsample_bytree": -0.9998856251826551, "log10_eta": -2.790669709472641, "log10_lambda": -4.119464655097322, "log10_min_child_weight": 0.461692973843989, "log10_subsample": -0.8137397886223291, "max_depth": 4.0, "num_boost_round": 28.0}, "datetime": {"datetime": "2024-01-19 00:11:36", "elapsed": 0.013059, "delta": 0.000158}}
{"target": -13.758026058628198, "params": {"gamma": 417.022004702574, "log10_alpha": -0.6780530393470512, "log10_colsample_bytree": -0.9998856251826551, "log10_eta": -2.790669709472641, "log10_lambda": -4.119464655097322, "log10_min_child_weight": 0.461692973843989, "log10_subsample": -0.8137397886223291, "max_depth": 4.0, "num_boost_round": 29.0}, "datetime": {"datetime": "2024-01-19 00:11:36", "elapsed": 0.01322, "delta": 0.000161}}
{"target": -13.758022052984424, "params": {"gamma": 417.022004702574, "log10_alpha": -0.6780530393470512, "log10_colsample_bytree": -0.9998856251826551, "log10_eta": -2.790669709472641, "log10_lambda": -4.119464655097322, "log10_min_child_weight": 0.461692973843989, "log10_subsample": -0.8137397886223291, "max_depth": 4.0, "num_boost_round": 30.0}, "datetime": {"datetime": "2024-01-19 00:11:36", "elapsed": 0.013383, "delta": 0.000163}}
{"target": -13.757974954474623, "params": {"gamma": 417.022004702574, "log10_alpha": -0.6780530393470512, "log10_colsample_bytree": -0.9998856251826551, "log10_eta": -2.790669709472641, "log10_lambda": -4.119464655097322, "log10_min_child_weight": 0.461692973843989, "log10_subsample": -0.8137397886223291, "max_depth": 4.0, "num_boost_round": 31.0}, "datetime": {"datetime": "2024-01-19 00:11:36", "elapsed": 0.013553, "delta": 0.00017}}
{"target": -13.757958866321939, "params": {"gamma": 417.022004702574, "log10_alpha": -0.6780530393470512, "log10_colsample_bytree": -0.9998856251826551, "log10_eta": -2.790669709472641, "log10_lambda": -4.119464655097322, "log10_min_child_weight": 0.461692973843989, "log10_subsample": -0.8137397886223291, "max_depth": 4.0, "num_boost_round": 32.0}, "datetime": {"datetime": "2024-01-19 00:11:36", "elapsed": 0.01372, "delta": 0.000167}}
{"target": -13.75795370494744, "params": {"gamma": 417.022004702574, "log10_alpha": -0.6780530393470512, "log10_colsample_bytree": -0.9998856251826551, "log10_eta": -2.790669709472641, "log10_lambda": -4.119464655097322, "log10_min_child_weight": 0.461692973843989, "log10_subsample": -0.8137397886223291, "max_depth": 4.0, "num_boost_round": 33.0}, "datetime": {"datetime": "2024-01-19 00:11:36", "elapsed": 0.013885, "delta": 0.000165}}
{"target": -13.757914616324733, "params": {"gamma": 417.022004702574, "log10_alpha": -0.6780530393470512, "log10_colsample_bytree": -0.9998856251826551, "log10_eta": -2.790669709472641, "log10_lambda": -4.119464655097322, "log10_min_child_weight": 0.461692973843989, "log10_subsample": -0.8137397886223291, "max_depth": 4.0, "num_boost_round": 34.0}, "datetime": {"datetime": "2024-01-19 00:11:36", "elapsed": 0.014058, "delta": 0.000173}}
{"target": -13.757913873050013, "params": {"gamma": 417.022004702574, "log10_alpha": -0.6780530393470512, "log10_colsample_bytree": -0.9998856251826551, "log10_eta": -2.790669709472641, "log10_lambda": -4.119464655097322, "log10_min_child_weight": 0.461692973843989, "log10_subsample": -0.8137397886223291, "max_depth": 4.0, "num_boost_round": 35.0}, "datetime": {"datetime": "2024-01-19 00:11:36", "elapsed": 0.014228, "delta": 0.00017}}
{"target": -13.757898937482784, "params": {"gamma": 417.022004702574, "log10_alpha": -0.6780530393470512, "log10_colsample_bytree": -0.9998856251826551, "log10_eta": -2.790669709472641, "log10_lambda": -4.119464655097322, "log10_min_child_weight": 0.461692973843989, "log10_subsample": -0.8137397886223291, "max_depth": 4.0, "num_boost_round": 36.0}, "datetime": {"datetime": "2024-01-19 00:11:36", "elapsed": 0.014398, "delta": 0.00017}}
{"target": -13.7578926779562, "params": {"gamma": 417.022004702574, "log10_alpha": -0.6780530393470512, "log10_colsample_bytree": -0.9998856251826551, "log10_eta": -2.790669709472641, "log10_lambda": -4.119464655097322, "log10_min_child_weight": 0.461692973843989, "log10_subsample": -0.8137397886223291, "max_depth": 4.0, "num_boost_round": 37.0}, "datetime": {"datetime": "2024-01-19 00:11:36", "elapsed": 0.014585, "delta": 0.000187}}
{"target": -13.757906488172189, "params": {"gamma": 417.022004702574, "log10_alpha": -0.6780530393470512, "log10_colsample_bytree": -0.9998856251826551, "log10_eta": -2.790669709472641, "log10_lambda": -4.119464655097322, "log10_min_child_weight": 0.461692973843989, "log10_subsample": -0.8137397886223291, "max_depth": 4.0, "num_boost_round": 38.0}, "datetime": {"datetime": "2024-01-19 00:11:36", "elapsed": 0.014766, "delta": 0.000181}}
{"target": -13.75791559310466, "params": {"gamma": 417.022004702574, "log10_alpha": -0.6780530393470512, "log10_colsample_bytree": -0.9998856251826551, "log10_eta": -2.790669709472641, "log10_lambda": -4.119464655097322, "log10_min_child_weight": 0.461692973843989, "log10_subsample": -0.8137397886223291, "max_depth": 4.0, "num_boost_round": 39.0}, "datetime": {"datetime": "2024-01-19 00:11:36", "elapsed": 0.014947, "delta": 0.000181}}
{"target": -13.757864773367764, "params": {"gamma": 417.022004702574, "log10_alpha": -0.6780530393470512, "log10_colsample_bytree": -0.9998856251826551, "log10_eta": -2.790669709472641, "log10_lambda": -4.119464655097322, "log10_min_child_weight": 0.461692973843989, "log10_subsample": -0.8137397886223291, "max_depth": 4.0, "num_boost_round": 40.0}, "datetime": {"datetime": "2024-01-19 00:11:36", "elapsed": 0.015124, "delta": 0.000177}}
{"target": -13.757876904514431, "params": {"gamma": 417.022004702574, "log10_alpha": -0.6780530393470512, "log10_colsample_bytree": -0.9998856251826551, "log10_eta": -2.790669709472641, "log10_lambda": -4.119464655097322, "log10_min_child_weight": 0.461692973843989, "log10_subsample": -0.8137397886223291, "max_depth": 4.0, "num_boost_round": 41.0}, "datetime": {"datetime": "2024-01-19 00:11:36", "elapsed": 0.015306, "delta": 0.000182}}
{"target": -13.757869049729436, "params": {"gamma": 417.022004702574, "log10_alpha": -0.6780530393470512, "log10_colsample_bytree": -0.9998856251826551, "log10_eta": -2.790669709472641, "log10_lambda": -4.119464655097322, "log10_min_child_weight": 0.461692973843989, "log10_subsample": -0.8137397886223291, "max_depth": 4.0, "num_boost_round": 42.0}, "datetime": {"datetime": "2024-01-19 00:11:36", "elapsed": 0.015493, "delta": 0.000187}}
{"target": -13.75784967828079, "params": {"gamma": 417.022004702574, "log10_alpha": -0.6780530393470512, "log10_colsample_bytree": -0.9998856251826551, "log10_eta": -2.790669709472641, "log10_lambda": -4.119464655097322, "log10_min_child_weight": 0.461692973843989, "log10_subsample": -0.8137397886223291, "max_depth": 4.0, "num_boost_round": 43.0}, "datetime": {"datetime": "2024-01-19 00:11:36", "elapsed": 0.015679, "delta": 0.000186}}
{"target": -13.757846202033887, "params": {"gamma": 417.022004702574, "log10_alpha": -0.6780530393470512, "log10_colsample_bytree": -0.9998856251826551, "log10_eta": -2.790669709472641, "log10_lambda": -4.119464655097322, "log10_min_child_weight": 0.461692973843989, "log10_subsample": -0.8137397886223291, "max_depth": 4.0, "num_boost_round": 44.0}, "datetime": {"datetime": "2024-01-19 00:11:36", "elapsed": 0.015861, "delta": 0.000182}}
{"target": -13.757836834496935, "params": {"gamma": 417.022004702574, "log10_alpha": -0.6780530393470512, "log10_colsample_bytree": -0.9998856251826551, "log10_eta": -2.790669709472641, "log10_lambda": -4.119464655097322, "log10_min_child_weight": 0.461692973843989, "log10_subsample": -0.8137397886223291, "max_depth": 4.0, "num_boost_round": 45.0}, "datetime": {"datetime": "2024-01-19 00:11:36", "elapsed": 0.016047, "delta": 0.000186}}
{"target": -13.757841971500296, "params": {"gamma": 417.022004702574, "log10_alpha": -0.6780530393470512, "log10_colsample_bytree": -0.9998856251826551, "log10_eta": -2.790669709472641, "log10_lambda": -4.119464655097322, "log10_min_child_weight": 0.461692973843989, "log10_subsample": -0.8137397886223291, "max_depth": 4.0, "num_boost_round": 46.0}, "datetime": {"datetime": "2024-01-19 00:11:36", "elapsed": 0.016234, "delta": 0.000187}}
{"target": -13.75781227484266, "params": {"gamma": 417.022004702574, "log10_alpha": -0.6780530393470512, "log10_colsample_bytree": -0.9998856251826551, "log10_eta": -2.790669709472641, "log10_lambda": -4.119464655097322, "log10_min_child_weight": 0.461692973843989, "log10_subsample": -0.8137397886223291, "max_depth": 4.0, "num_boost_round": 47.0}, "datetime": {"datetime": "2024-01-19 00:11:36", "elapsed": 0.01642, "delta": 0.000186}}
{"target": -13.757798480786915, "params": {"gamma": 417.022004702574, "log10_alpha": -0.6780530393470512, "log10_colsample_bytree": -0.9998856251826551, "log10_eta": -2.790669709472641, "log10_lambda": -4.119464655097322, "log10_min_child_weight": 0.461692973843989, "log10_subsample": -0.8137397886223291, "max_depth": 4.0, "num_boost_round": 48.0}, "datetime": {"datetime": "2024-01-19 00:11:36", "elapsed": 0.016616, "delta": 0.000196}}
{"target": -13.757780461861191, "params": {"gamma": 417.022004702574, "log10_alpha": -0.6780530393470512, "log10_colsample_bytree": -0.9998856251826551, "log10_eta": -2.790669709472641, "log10_lambda": -4.119464655097322, "log10_min_child_weight": 0.461692973843989, "log10_subsample": -0.8137397886223291, "max_depth": 4.0, "num_boost_round": 49.0}, "datetime": {"datetime": "2024-01-19 00:11:36", "elapsed": 0.016805, "delta": 0.000189}}
