{"target": -13.758473359296797, "params": {"gamma": 30.683104931036876, "log10_alpha": 0.5607594736609407, "log10_colsample_bytree": -0.23193800524203567, "log10_eta": -3.194013173237294, "log10_lambda": -1.0987148701388225, "log10_min_child_weight": 4.890652660254514, "log10_subsample": -0.7064387346449733, "max_depth": 9.0, "num_boost_round": 26.0}, "datetime": {"datetime": "2024-01-19 01:29:07", "elapsed": 4655.588616, "delta": 0.004296}}
{"target": -13.758470600563923, "params": {"gamma": 30.683104931036876, "log10_alpha": 0.5607594736609407, "log10_colsample_bytree": -0.23193800524203567, "log10_eta": -3.194013173237294, "log10_lambda": -1.0987148701388225, "log10_min_child_weight": 4.890652660254514, "log10_subsample": -0.7064387346449733, "max_depth": 9.0, "num_boost_round": 27.0}, "datetime": {"datetime": "2024-01-19 01:29:07", "elapsed": 4655.592872, "delta": 0.004256}}
{"target": -13.758468956486077, "params": {"gamma": 30.683104931036876, "log10_alpha": 0.5607594736609407, "log10_colsample_bytree": -0.23193800524203567, "log10_eta": -3.194013173237294, "log10_lambda": -1.0987148701388225, "log10_min_child_weight": 4.890652660254514, "log10_subsample": -0.7064387346449733, "max_depth": 9.0, "num_boost_round": 28.0}, "datetime": {"datetime": "2024-01-19 01:29:07", "elapsed": 4655.597353, "delta": 0.004481}}
{"target": -13.758466304130192, "params": {"gamma": 30.683104931036876, "log10_alpha": 0.5607594736609407, "log10_colsample_bytree": -0.23193800524203567, "log10_eta": -3.194013173237294, "log10_lambda": -1.0987148701388225, "log10_min_child_weight": 4.890652660254514, "log10_subsample": -0.7064387346449733, "max_depth": 9.0, "num_boost_round": 29.0}, "datetime": {"datetime": "2024-01-19 01:29:07", "elapsed": 4655.601601, "delta": 0.004248}}
{"target": -13.758464656802255, "params": {"gamma": 30.683104931036876, "log10_alpha": 0.5607594736609407, "log10_colsample_bytree": -0.23193800524203567, "log10_eta": -3.194013173237294, "log10_lambda": -1.0987148701388225, "log10_min_child_weight": 4.890652660254514, "log10_subsample": -0.7064387346449733, "max_depth": 9.0, "num_boost_round": 30.0}, "datetime": {"datetime": "2024-01-19 01:29:07", "elapsed": 4655.60581, "delta": 0.004209}}
{"target": -13.758462962369428, "params": {"gamma": 30.683104931036876, "log10_alpha": 0.5607594736609407, "log10_colsample_bytree": -0.23193800524203567, "log10_eta": -3.194013173237294, "log10_lambda": -1.0987148701388225, "log10_min_child_weight": 4.890652660254514, "log10_subsample": -0.7064387346449733, "max_depth": 9.0, "num_boost_round": 31.0}, "datetime": {"datetime": "2024-01-19 01:29:07", "elapsed": 4655.610307, "delta": 0.004497}}
{"target": -13.75846024040667, "params": {"gamma": 30.683104931036876, "log10_alpha": 0.5607594736609407, "log10_colsample_bytree": -0.23193800524203567, "log10_eta": -3.194013173237294, "log10_lambda": -1.0987148701388225, "log10_min_child_weight": 4.890652660254514, "log10_subsample": -0.7064387346449733, "max_depth": 9.0, "num_boost_round": 32.0}, "datetime": {"datetime": "2024-01-19 01:29:07", "elapsed": 4655.614643, "delta": 0.004336}}
{"target": -13.758460085846838, "params": {"gamma": 30.683104931036876, "log10_alpha": 0.5607594736609407, "log10_colsample_bytree": -0.23193800524203567, "log10_eta": -3.194013173237294, "log10_lambda": -1.0987148701388225, "log10_min_child_weight": 4.890652660254514, "log10_subsample": -0.7064387346449733, "max_depth": 9.0, "num_boost_round": 33.0}, "datetime": {"datetime": "2024-01-19 01:29:07", "elapsed": 4655.618953, "delta": 0.00431}}
{"target": -13.758459513878616, "params": {"gamma": 30.683104931036876, "log10_alpha": 0.5607594736609407, "log10_colsample_bytree": -0.23193800524203567, "log10_eta": -3.194013173237294, "log10_lambda": -1.0987148701388225, "log10_min_child_weight": 4.890652660254514, "log10_subsample": -0.7064387346449733, "max_depth": 9.0, "num_boost_round": 34.0}, "datetime": {"datetime": "2024-01-19 01:29:07", "elapsed": 4655.623381, "delta": 0.004428}}
{"target": -13.75845698098783, "params": {"gamma": 30.683104931036876, "log10_alpha": 0.5607594736609407, "log10_colsample_bytree": -0.23193800524203567, "log10_eta": -3.194013173237294, "log10_lambda": -1.0987148701388225, "log10_min_child_weight": 4.890652660254514, "log10_subsample": -0.7064387346449733, "max_depth": 9.0, "num_boost_round": 35.0}, "datetime": {"datetime": "2024-01-19 01:29:07", "elapsed": 4655.627652, "delta": 0.004271}}
{"target": -13.758454644234583, "params": {"gamma": 30.683104931036876, "log10_alpha": 0.5607594736609407, "log10_colsample_bytree": -0.23193800524203567, "log10_eta": -3.194013173237294, "log10_lambda": -1.0987148701388225, "log10_min_child_weight": 4.890652660254514, "log10_subsample": -0.7064387346449733, "max_depth": 9.0, "num_boost_round": 36.0}, "datetime": {"datetime": "2024-01-19 01:29:07", "elapsed": 4655.631965, "delta": 0.004313}}
{"target": -13.758453990480207, "params": {"gamma": 30.683104931036876, "log10_alpha": 0.5607594736609407, "log10_colsample_bytree": -0.23193800524203567, "log10_eta": -3.194013173237294, "log10_lambda": -1.0987148701388225, "log10_min_child_weight": 4.890652660254514, "log10_subsample": -0.7064387346449733, "max_depth": 9.0, "num_boost_round": 37.0}, "datetime": {"datetime": "2024-01-19 01:29:07", "elapsed": 4655.63638, "delta": 0.004415}}
{"target": -13.75845148830081, "params": {"gamma": 30.683104931036876, "log10_alpha": 0.5607594736609407, "log10_colsample_bytree": -0.23193800524203567, "log10_eta": -3.194013173237294, "log10_lambda": -1.0987148701388225, "log10_min_child_weight": 4.890652660254514, "log10_subsample": -0.7064387346449733, "max_depth": 9.0, "num_boost_round": 38.0}, "datetime": {"datetime": "2024-01-19 01:29:07", "elapsed": 4655.640712, "delta": 0.004332}}
{"target": -13.75844974889408, "params": {"gamma": 30.683104931036876, "log10_alpha": 0.5607594736609407, "log10_colsample_bytree": -0.23193800524203567, "log10_eta": -3.194013173237294, "log10_lambda": -1.0987148701388225, "log10_min_child_weight": 4.890652660254514, "log10_subsample": -0.7064387346449733, "max_depth": 9.0, "num_boost_round": 39.0}, "datetime": {"datetime": "2024-01-19 01:29:07", "elapsed": 4655.64497, "delta": 0.004258}}
{"target": -13.758537163862275, "params": {"gamma": 61.48091610888873, "log10_alpha": -2.1351918232315428, "log10_colsample_bytree": -0.5554527718247056, "log10_eta": -3.9184144646619843, "log10_lambda": 0.15091723397345636, "log10_min_child_weight": 3.7604618643444803, "log10_subsample": -0.25636467978983, "max_depth": 3.0, "num_boost_round": 0.0}, "datetime": {"datetime": "2024-01-19 01:29:52", "elapsed": 4701.029822, "delta": 45.384852}}
{"target": -13.758534996578092, "params": {"gamma": 61.48091610888873, "log10_alpha": -2.1351918232315428, "log10_colsample_bytree": -0.5554527718247056, "log10_eta": -3.9184144646619843, "log10_lambda": 0.15091723397345636, "log10_min_child_weight": 3.7604618643444803, "log10_subsample": -0.25636467978983, "max_depth": 3.0, "num_boost_round": 1.0}, "datetime": {"datetime": "2024-01-19 01:29:52", "elapsed": 4701.035081, "delta": 0.005259}}
{"target": -13.75853416415825, "params": {"gamma": 61.48091610888873, "log10_alpha": -2.1351918232315428, "log10_colsample_bytree": -0.5554527718247056, "log10_eta": -3.9184144646619843, "log10_lambda": 0.15091723397345636, "log10_min_child_weight": 3.7604618643444803, "log10_subsample": -0.25636467978983, "max_depth": 3.0, "num_boost_round": 2.0}, "datetime": {"datetime": "2024-01-19 01:29:52", "elapsed": 4701.03978, "delta": 0.004699}}
{"target": -13.758533927525582, "params": {"gamma": 61.48091610888873, "log10_alpha": -2.1351918232315428, "log10_colsample_bytree": -0.5554527718247056, "log10_eta": -3.9184144646619843, "log10_lambda": 0.15091723397345636, "log10_min_child_weight": 3.7604618643444803, "log10_subsample": -0.25636467978983, "max_depth": 3.0, "num_boost_round": 3.0}, "datetime": {"datetime": "2024-01-19 01:29:52", "elapsed": 4701.044036, "delta": 0.004256}}
{"target": -13.75853298975103, "params": {"gamma": 61.48091610888873, "log10_alpha": -2.1351918232315428, "log10_colsample_bytree": -0.5554527718247056, "log10_eta": -3.9184144646619843, "log10_lambda": 0.15091723397345636, "log10_min_child_weight": 3.7604618643444803, "log10_subsample": -0.25636467978983, "max_depth": 3.0, "num_boost_round": 4.0}, "datetime": {"datetime": "2024-01-19 01:29:52", "elapsed": 4701.048358, "delta": 0.004322}}
{"target": -13.758530870910166, "params": {"gamma": 61.48091610888873, "log10_alpha": -2.1351918232315428, "log10_colsample_bytree": -0.5554527718247056, "log10_eta": -3.9184144646619843, "log10_lambda": 0.15091723397345636, "log10_min_child_weight": 3.7604618643444803, "log10_subsample": -0.25636467978983, "max_depth": 3.0, "num_boost_round": 5.0}, "datetime": {"datetime": "2024-01-19 01:29:52", "elapsed": 4701.052949, "delta": 0.004591}}
{"target": -13.758531484237428, "params": {"gamma": 61.48091610888873, "log10_alpha": -2.1351918232315428, "log10_colsample_bytree": -0.5554527718247056, "log10_eta": -3.9184144646619843, "log10_lambda": 0.15091723397345636, "log10_min_child_weight": 3.7604618643444803, "log10_subsample": -0.25636467978983, "max_depth": 3.0, "num_boost_round": 6.0}, "datetime": {"datetime": "2024-01-19 01:29:52", "elapsed": 4701.057256, "delta": 0.004307}}
{"target": -13.75853075032057, "params": {"gamma": 61.48091610888873, "log10_alpha": -2.1351918232315428, "log10_colsample_bytree": -0.5554527718247056, "log10_eta": -3.9184144646619843, "log10_lambda": 0.15091723397345636, "log10_min_child_weight": 3.7604618643444803, "log10_subsample": -0.25636467978983, "max_depth": 3.0, "num_boost_round": 7.0}, "datetime": {"datetime": "2024-01-19 01:29:52", "elapsed": 4701.061573, "delta": 0.004317}}
{"target": -13.758528724662067, "params": {"gamma": 61.48091610888873, "log10_alpha": -2.1351918232315428, "log10_colsample_bytree": -0.5554527718247056, "log10_eta": -3.9184144646619843, "log10_lambda": 0.15091723397345636, "log10_min_child_weight": 3.7604618643444803, "log10_subsample": -0.25636467978983, "max_depth": 3.0, "num_boost_round": 8.0}, "datetime": {"datetime": "2024-01-19 01:29:52", "elapsed": 4701.066107, "delta": 0.004534}}
{"target": -13.758526909991339, "params": {"gamma": 61.48091610888873, "log10_alpha": -2.1351918232315428, "log10_colsample_bytree": -0.5554527718247056, "log10_eta": -3.9184144646619843, "log10_lambda": 0.15091723397345636, "log10_min_child_weight": 3.7604618643444803, "log10_subsample": -0.25636467978983, "max_depth": 3.0, "num_boost_round": 9.0}, "datetime": {"datetime": "2024-01-19 01:29:52", "elapsed": 4701.070556, "delta": 0.004449}}
{"target": -13.758524737127873, "params": {"gamma": 61.48091610888873, "log10_alpha": -2.1351918232315428, "log10_colsample_bytree": -0.5554527718247056, "log10_eta": -3.9184144646619843, "log10_lambda": 0.15091723397345636, "log10_min_child_weight": 3.7604618643444803, "log10_subsample": -0.25636467978983, "max_depth": 3.0, "num_boost_round": 10.0}, "datetime": {"datetime": "2024-01-19 01:29:52", "elapsed": 4701.07503, "delta": 0.004474}}
{"target": -13.75850337443086, "params": {"gamma": 52.312482802156055, "log10_alpha": -4.314707797252719, "log10_colsample_bytree": -0.32421331396571174, "log10_eta": -2.025148859719884, "log10_lambda": -4.128987885283989, "log10_min_child_weight": 4.5675094347894625, "log10_subsample": -0.33147125221915286, "max_depth": 4.0, "num_boost_round": 0.0}, "datetime": {"datetime": "2024-01-19 01:30:45", "elapsed": 4753.348199, "delta": 52.273169}}
{"target": -13.758503900746996, "params": {"gamma": 52.312482802156055, "log10_alpha": -4.314707797252719, "log10_colsample_bytree": -0.32421331396571174, "log10_eta": -2.025148859719884, "log10_lambda": -4.128987885283989, "log10_min_child_weight": 4.5675094347894625, "log10_subsample": -0.33147125221915286, "max_depth": 4.0, "num_boost_round": 1.0}, "datetime": {"datetime": "2024-01-19 01:30:45", "elapsed": 4753.35339, "delta": 0.005191}}
{"target": -13.758518154034531, "params": {"gamma": 52.312482802156055, "log10_alpha": -4.314707797252719, "log10_colsample_bytree": -0.32421331396571174, "log10_eta": -2.025148859719884, "log10_lambda": -4.128987885283989, "log10_min_child_weight": 4.5675094347894625, "log10_subsample": -0.33147125221915286, "max_depth": 4.0, "num_boost_round": 2.0}, "datetime": {"datetime": "2024-01-19 01:30:45", "elapsed": 4753.357888, "delta": 0.004498}}
{"target": -13.758520222300886, "params": {"gamma": 52.312482802156055, "log10_alpha": -4.314707797252719, "log10_colsample_bytree": -0.32421331396571174, "log10_eta": -2.025148859719884, "log10_lambda": -4.128987885283989, "log10_min_child_weight": 4.5675094347894625, "log10_subsample": -0.33147125221915286, "max_depth": 4.0, "num_boost_round": 3.0}, "datetime": {"datetime": "2024-01-19 01:30:45", "elapsed": 4753.362157, "delta": 0.004269}}
{"target": -13.758531284485054, "params": {"gamma": 52.312482802156055, "log10_alpha": -4.314707797252719, "log10_colsample_bytree": -0.32421331396571174, "log10_eta": -2.025148859719884, "log10_lambda": -4.128987885283989, "log10_min_child_weight": 4.5675094347894625, "log10_subsample": -0.33147125221915286, "max_depth": 4.0, "num_boost_round": 4.0}, "datetime": {"datetime": "2024-01-19 01:30:45", "elapsed": 4753.366373, "delta": 0.004216}}
{"target": -13.758494342532881, "params": {"gamma": 52.312482802156055, "log10_alpha": -4.314707797252719, "log10_colsample_bytree": -0.32421331396571174, "log10_eta": -2.025148859719884, "log10_lambda": -4.128987885283989, "log10_min_child_weight": 4.5675094347894625, "log10_subsample": -0.33147125221915286, "max_depth": 4.0, "num_boost_round": 5.0}, "datetime": {"datetime": "2024-01-19 01:30:45", "elapsed": 4753.370962, "delta": 0.004589}}
{"target": -13.758537897677456, "params": {"gamma": 52.312482802156055, "log10_alpha": -4.314707797252719, "log10_colsample_bytree": -0.32421331396571174, "log10_eta": -2.025148859719884, "log10_lambda": -4.128987885283989, "log10_min_child_weight": 4.5675094347894625, "log10_subsample": -0.33147125221915286, "max_depth": 4.0, "num_boost_round": 6.0}, "datetime": {"datetime": "2024-01-19 01:30:45", "elapsed": 4753.375309, "delta": 0.004347}}
{"target": -13.758591596286495, "params": {"gamma": 52.312482802156055, "log10_alpha": -4.314707797252719, "log10_colsample_bytree": -0.32421331396571174, "log10_eta": -2.025148859719884, "log10_lambda": -4.128987885283989, "log10_min_child_weight": 4.5675094347894625, "log10_subsample": -0.33147125221915286, "max_depth": 4.0, "num_boost_round": 7.0}, "datetime": {"datetime": "2024-01-19 01:30:45", "elapsed": 4753.379539, "delta": 0.00423}}
{"target": -13.758559026860562, "params": {"gamma": 52.312482802156055, "log10_alpha": -4.314707797252719, "log10_colsample_bytree": -0.32421331396571174, "log10_eta": -2.025148859719884, "log10_lambda": -4.128987885283989, "log10_min_child_weight": 4.5675094347894625, "log10_subsample": -0.33147125221915286, "max_depth": 4.0, "num_boost_round": 8.0}, "datetime": {"datetime": "2024-01-19 01:30:45", "elapsed": 4753.383994, "delta": 0.004455}}
{"target": -13.758512520722665, "params": {"gamma": 52.312482802156055, "log10_alpha": -4.314707797252719, "log10_colsample_bytree": -0.32421331396571174, "log10_eta": -2.025148859719884, "log10_lambda": -4.128987885283989, "log10_min_child_weight": 4.5675094347894625, "log10_subsample": -0.33147125221915286, "max_depth": 4.0, "num_boost_round": 9.0}, "datetime": {"datetime": "2024-01-19 01:30:45", "elapsed": 4753.388224, "delta": 0.00423}}
{"target": -13.758488137065527, "params": {"gamma": 52.312482802156055, "log10_alpha": -4.314707797252719, "log10_colsample_bytree": -0.32421331396571174, "log10_eta": -2.025148859719884, "log10_lambda": -4.128987885283989, "log10_min_child_weight": 4.5675094347894625, "log10_subsample": -0.33147125221915286, "max_depth": 4.0, "num_boost_round": 10.0}, "datetime": {"datetime": "2024-01-19 01:30:45", "elapsed": 4753.392632, "delta": 0.004408}}
{"target": -13.758479069067556, "params": {"gamma": 52.312482802156055, "log10_alpha": -4.314707797252719, "log10_colsample_bytree": -0.32421331396571174, "log10_eta": -2.025148859719884, "log10_lambda": -4.128987885283989, "log10_min_child_weight": 4.5675094347894625, "log10_subsample": -0.33147125221915286, "max_depth": 4.0, "num_boost_round": 11.0}, "datetime": {"datetime": "2024-01-19 01:30:45", "elapsed": 4753.397251, "delta": 0.004619}}
{"target": -13.758540347369024, "params": {"gamma": 52.312482802156055, "log10_alpha": -4.314707797252719, "log10_colsample_bytree": -0.32421331396571174, "log10_eta": -2.025148859719884, "log10_lambda": -4.128987885283989, "log10_min_child_weight": 4.5675094347894625, "log10_subsample": -0.33147125221915286, "max_depth": 4.0, "num_boost_round": 12.0}, "datetime": {"datetime": "2024-01-19 01:30:45", "elapsed": 4753.40182, "delta": 0.004569}}
{"target": -13.758575001229154, "params": {"gamma": 52.312482802156055, "log10_alpha": -4.314707797252719, "log10_colsample_bytree": -0.32421331396571174, "log10_eta": -2.025148859719884, "log10_lambda": -4.128987885283989, "log10_min_child_weight": 4.5675094347894625, "log10_subsample": -0.33147125221915286, "max_depth": 4.0, "num_boost_round": 13.0}, "datetime": {"datetime": "2024-01-19 01:30:45", "elapsed": 4753.406165, "delta": 0.004345}}
{"target": -13.758574948513631, "params": {"gamma": 52.312482802156055, "log10_alpha": -4.314707797252719, "log10_colsample_bytree": -0.32421331396571174, "log10_eta": -2.025148859719884, "log10_lambda": -4.128987885283989, "log10_min_child_weight": 4.5675094347894625, "log10_subsample": -0.33147125221915286, "max_depth": 4.0, "num_boost_round": 14.0}, "datetime": {"datetime": "2024-01-19 01:30:45", "elapsed": 4753.410768, "delta": 0.004603}}
{"target": -13.758547056592196, "params": {"gamma": 52.312482802156055, "log10_alpha": -4.314707797252719, "log10_colsample_bytree": -0.32421331396571174, "log10_eta": -2.025148859719884, "log10_lambda": -4.128987885283989, "log10_min_child_weight": 4.5675094347894625, "log10_subsample": -0.33147125221915286, "max_depth": 4.0, "num_boost_round": 15.0}, "datetime": {"datetime": "2024-01-19 01:30:45", "elapsed": 4753.41509, "delta": 0.004322}}
{"target": -13.758541335875915, "params": {"gamma": 52.312482802156055, "log10_alpha": -4.314707797252719, "log10_colsample_bytree": -0.32421331396571174, "log10_eta": -2.025148859719884, "log10_lambda": -4.128987885283989, "log10_min_child_weight": 4.5675094347894625, "log10_subsample": -0.33147125221915286, "max_depth": 4.0, "num_boost_round": 16.0}, "datetime": {"datetime": "2024-01-19 01:30:45", "elapsed": 4753.41939, "delta": 0.0043}}
{"target": -13.758629226560762, "params": {"gamma": 52.312482802156055, "log10_alpha": -4.314707797252719, "log10_colsample_bytree": -0.32421331396571174, "log10_eta": -2.025148859719884, "log10_lambda": -4.128987885283989, "log10_min_child_weight": 4.5675094347894625, "log10_subsample": -0.33147125221915286, "max_depth": 4.0, "num_boost_round": 17.0}, "datetime": {"datetime": "2024-01-19 01:30:45", "elapsed": 4753.42387, "delta": 0.00448}}
{"target": -13.758682346385015, "params": {"gamma": 52.312482802156055, "log10_alpha": -4.314707797252719, "log10_colsample_bytree": -0.32421331396571174, "log10_eta": -2.025148859719884, "log10_lambda": -4.128987885283989, "log10_min_child_weight": 4.5675094347894625, "log10_subsample": -0.33147125221915286, "max_depth": 4.0, "num_boost_round": 18.0}, "datetime": {"datetime": "2024-01-19 01:30:45", "elapsed": 4753.428114, "delta": 0.004244}}
{"target": -13.758587157233986, "params": {"gamma": 52.312482802156055, "log10_alpha": -4.314707797252719, "log10_colsample_bytree": -0.32421331396571174, "log10_eta": -2.025148859719884, "log10_lambda": -4.128987885283989, "log10_min_child_weight": 4.5675094347894625, "log10_subsample": -0.33147125221915286, "max_depth": 4.0, "num_boost_round": 19.0}, "datetime": {"datetime": "2024-01-19 01:30:45", "elapsed": 4753.432571, "delta": 0.004457}}
{"target": -13.75858511217501, "params": {"gamma": 52.312482802156055, "log10_alpha": -4.314707797252719, "log10_colsample_bytree": -0.32421331396571174, "log10_eta": -2.025148859719884, "log10_lambda": -4.128987885283989, "log10_min_child_weight": 4.5675094347894625, "log10_subsample": -0.33147125221915286, "max_depth": 4.0, "num_boost_round": 20.0}, "datetime": {"datetime": "2024-01-19 01:30:45", "elapsed": 4753.437095, "delta": 0.004524}}
{"target": -13.758534258846126, "params": {"gamma": 52.312482802156055, "log10_alpha": -4.314707797252719, "log10_colsample_bytree": -0.32421331396571174, "log10_eta": -2.025148859719884, "log10_lambda": -4.128987885283989, "log10_min_child_weight": 4.5675094347894625, "log10_subsample": -0.33147125221915286, "max_depth": 4.0, "num_boost_round": 21.0}, "datetime": {"datetime": "2024-01-19 01:30:45", "elapsed": 4753.441421, "delta": 0.004326}}
{"target": -13.758528663018359, "params": {"gamma": 53.03293156166189, "log10_alpha": -0.9965190548278162, "log10_colsample_bytree": -0.41274216383708473, "log10_eta": -3.602160637820237, "log10_lambda": -4.796687416471578, "log10_min_child_weight": 2.072975362833038, "log10_subsample": -0.8553016377344093, "max_depth": 3.0, "num_boost_round": 0.0}, "datetime": {"datetime": "2024-01-19 01:31:47", "elapsed": 4815.772769, "delta": 62.331348}}
{"target": -13.758521009746966, "params": {"gamma": 53.03293156166189, "log10_alpha": -0.9965190548278162, "log10_colsample_bytree": -0.41274216383708473, "log10_eta": -3.602160637820237, "log10_lambda": -4.796687416471578, "log10_min_child_weight": 2.072975362833038, "log10_subsample": -0.8553016377344093, "max_depth": 3.0, "num_boost_round": 1.0}, "datetime": {"datetime": "2024-01-19 01:31:47", "elapsed": 4815.901129, "delta": 0.12836}}
