{"target": -17.677180183044264, "params": {"gamma": 416.21937191544475, "log10_alpha": -4.43462643098855, "log10_colsample_bytree": -0.8828204897153816, "log10_eta": -3.9217017215737147, "log10_lambda": -0.9219028207008062, "log10_min_child_weight": 3.199615918166227, "log10_subsample": -0.3723636865596529, "max_depth": 8.0, "num_boost_round": 13.0}, "datetime": {"datetime": "2024-01-19 01:25:14", "elapsed": 4407.429605, "delta": 0.004804}}
{"target": -17.677177319208617, "params": {"gamma": 416.21937191544475, "log10_alpha": -4.43462643098855, "log10_colsample_bytree": -0.8828204897153816, "log10_eta": -3.9217017215737147, "log10_lambda": -0.9219028207008062, "log10_min_child_weight": 3.199615918166227, "log10_subsample": -0.3723636865596529, "max_depth": 8.0, "num_boost_round": 14.0}, "datetime": {"datetime": "2024-01-19 01:25:14", "elapsed": 4407.434272, "delta": 0.004667}}
{"target": -17.677175031331316, "params": {"gamma": 416.21937191544475, "log10_alpha": -4.43462643098855, "log10_colsample_bytree": -0.8828204897153816, "log10_eta": -3.9217017215737147, "log10_lambda": -0.9219028207008062, "log10_min_child_weight": 3.199615918166227, "log10_subsample": -0.3723636865596529, "max_depth": 8.0, "num_boost_round": 15.0}, "datetime": {"datetime": "2024-01-19 01:25:14", "elapsed": 4407.438717, "delta": 0.004445}}
{"target": -17.677220874089834, "params": {"gamma": 396.57057220922076, "log10_alpha": -2.141274628166923, "log10_colsample_bytree": -0.586154894594895, "log10_eta": -3.099622230662634, "log10_lambda": -0.34250823253864926, "log10_min_child_weight": 4.36429616124739, "log10_subsample": -0.6176790744302026, "max_depth": 5.0, "num_boost_round": 0.0}, "datetime": {"datetime": "2024-01-19 01:26:31", "elapsed": 4484.442321, "delta": 77.003604}}
{"target": -17.677217746990674, "params": {"gamma": 396.57057220922076, "log10_alpha": -2.141274628166923, "log10_colsample_bytree": -0.586154894594895, "log10_eta": -3.099622230662634, "log10_lambda": -0.34250823253864926, "log10_min_child_weight": 4.36429616124739, "log10_subsample": -0.6176790744302026, "max_depth": 5.0, "num_boost_round": 1.0}, "datetime": {"datetime": "2024-01-19 01:26:31", "elapsed": 4484.448129, "delta": 0.005808}}
{"target": -17.67721490252544, "params": {"gamma": 396.57057220922076, "log10_alpha": -2.141274628166923, "log10_colsample_bytree": -0.586154894594895, "log10_eta": -3.099622230662634, "log10_lambda": -0.34250823253864926, "log10_min_child_weight": 4.36429616124739, "log10_subsample": -0.6176790744302026, "max_depth": 5.0, "num_boost_round": 2.0}, "datetime": {"datetime": "2024-01-19 01:26:31", "elapsed": 4484.452955, "delta": 0.004826}}
{"target": -17.677203090399605, "params": {"gamma": 396.57057220922076, "log10_alpha": -2.141274628166923, "log10_colsample_bytree": -0.586154894594895, "log10_eta": -3.099622230662634, "log10_lambda": -0.34250823253864926, "log10_min_child_weight": 4.36429616124739, "log10_subsample": -0.6176790744302026, "max_depth": 5.0, "num_boost_round": 3.0}, "datetime": {"datetime": "2024-01-19 01:26:31", "elapsed": 4484.457817, "delta": 0.004862}}
{"target": -17.677197837595614, "params": {"gamma": 396.57057220922076, "log10_alpha": -2.141274628166923, "log10_colsample_bytree": -0.586154894594895, "log10_eta": -3.099622230662634, "log10_lambda": -0.34250823253864926, "log10_min_child_weight": 4.36429616124739, "log10_subsample": -0.6176790744302026, "max_depth": 5.0, "num_boost_round": 4.0}, "datetime": {"datetime": "2024-01-19 01:26:31", "elapsed": 4484.462667, "delta": 0.00485}}
{"target": -17.67719381507692, "params": {"gamma": 396.57057220922076, "log10_alpha": -2.141274628166923, "log10_colsample_bytree": -0.586154894594895, "log10_eta": -3.099622230662634, "log10_lambda": -0.34250823253864926, "log10_min_child_weight": 4.36429616124739, "log10_subsample": -0.6176790744302026, "max_depth": 5.0, "num_boost_round": 5.0}, "datetime": {"datetime": "2024-01-19 01:26:31", "elapsed": 4484.467425, "delta": 0.004758}}
{"target": -17.67719069607915, "params": {"gamma": 396.57057220922076, "log10_alpha": -2.141274628166923, "log10_colsample_bytree": -0.586154894594895, "log10_eta": -3.099622230662634, "log10_lambda": -0.34250823253864926, "log10_min_child_weight": 4.36429616124739, "log10_subsample": -0.6176790744302026, "max_depth": 5.0, "num_boost_round": 6.0}, "datetime": {"datetime": "2024-01-19 01:26:31", "elapsed": 4484.472283, "delta": 0.004858}}
{"target": -17.677181516622486, "params": {"gamma": 396.57057220922076, "log10_alpha": -2.141274628166923, "log10_colsample_bytree": -0.586154894594895, "log10_eta": -3.099622230662634, "log10_lambda": -0.34250823253864926, "log10_min_child_weight": 4.36429616124739, "log10_subsample": -0.6176790744302026, "max_depth": 5.0, "num_boost_round": 7.0}, "datetime": {"datetime": "2024-01-19 01:26:31", "elapsed": 4484.477341, "delta": 0.005058}}
{"target": -17.677176102631805, "params": {"gamma": 396.57057220922076, "log10_alpha": -2.141274628166923, "log10_colsample_bytree": -0.586154894594895, "log10_eta": -3.099622230662634, "log10_lambda": -0.34250823253864926, "log10_min_child_weight": 4.36429616124739, "log10_subsample": -0.6176790744302026, "max_depth": 5.0, "num_boost_round": 8.0}, "datetime": {"datetime": "2024-01-19 01:26:31", "elapsed": 4484.482103, "delta": 0.004762}}
{"target": -17.677170160003495, "params": {"gamma": 396.57057220922076, "log10_alpha": -2.141274628166923, "log10_colsample_bytree": -0.586154894594895, "log10_eta": -3.099622230662634, "log10_lambda": -0.34250823253864926, "log10_min_child_weight": 4.36429616124739, "log10_subsample": -0.6176790744302026, "max_depth": 5.0, "num_boost_round": 9.0}, "datetime": {"datetime": "2024-01-19 01:26:31", "elapsed": 4484.486932, "delta": 0.004829}}
{"target": -17.677163770689116, "params": {"gamma": 396.57057220922076, "log10_alpha": -2.141274628166923, "log10_colsample_bytree": -0.586154894594895, "log10_eta": -3.099622230662634, "log10_lambda": -0.34250823253864926, "log10_min_child_weight": 4.36429616124739, "log10_subsample": -0.6176790744302026, "max_depth": 5.0, "num_boost_round": 10.0}, "datetime": {"datetime": "2024-01-19 01:26:31", "elapsed": 4484.491697, "delta": 0.004765}}
{"target": -17.677155673674537, "params": {"gamma": 396.57057220922076, "log10_alpha": -2.141274628166923, "log10_colsample_bytree": -0.586154894594895, "log10_eta": -3.099622230662634, "log10_lambda": -0.34250823253864926, "log10_min_child_weight": 4.36429616124739, "log10_subsample": -0.6176790744302026, "max_depth": 5.0, "num_boost_round": 11.0}, "datetime": {"datetime": "2024-01-19 01:26:31", "elapsed": 4484.496228, "delta": 0.004531}}
{"target": -17.677148721817282, "params": {"gamma": 396.57057220922076, "log10_alpha": -2.141274628166923, "log10_colsample_bytree": -0.586154894594895, "log10_eta": -3.099622230662634, "log10_lambda": -0.34250823253864926, "log10_min_child_weight": 4.36429616124739, "log10_subsample": -0.6176790744302026, "max_depth": 5.0, "num_boost_round": 12.0}, "datetime": {"datetime": "2024-01-19 01:26:31", "elapsed": 4484.500678, "delta": 0.00445}}
{"target": -17.677143254314927, "params": {"gamma": 396.57057220922076, "log10_alpha": -2.141274628166923, "log10_colsample_bytree": -0.586154894594895, "log10_eta": -3.099622230662634, "log10_lambda": -0.34250823253864926, "log10_min_child_weight": 4.36429616124739, "log10_subsample": -0.6176790744302026, "max_depth": 5.0, "num_boost_round": 13.0}, "datetime": {"datetime": "2024-01-19 01:26:31", "elapsed": 4484.505447, "delta": 0.004769}}
{"target": -17.67714404462848, "params": {"gamma": 396.57057220922076, "log10_alpha": -2.141274628166923, "log10_colsample_bytree": -0.586154894594895, "log10_eta": -3.099622230662634, "log10_lambda": -0.34250823253864926, "log10_min_child_weight": 4.36429616124739, "log10_subsample": -0.6176790744302026, "max_depth": 5.0, "num_boost_round": 14.0}, "datetime": {"datetime": "2024-01-19 01:26:31", "elapsed": 4484.510292, "delta": 0.004845}}
{"target": -17.67713548071946, "params": {"gamma": 396.57057220922076, "log10_alpha": -2.141274628166923, "log10_colsample_bytree": -0.586154894594895, "log10_eta": -3.099622230662634, "log10_lambda": -0.34250823253864926, "log10_min_child_weight": 4.36429616124739, "log10_subsample": -0.6176790744302026, "max_depth": 5.0, "num_boost_round": 15.0}, "datetime": {"datetime": "2024-01-19 01:26:31", "elapsed": 4484.514952, "delta": 0.00466}}
{"target": -17.677128055153204, "params": {"gamma": 396.57057220922076, "log10_alpha": -2.141274628166923, "log10_colsample_bytree": -0.586154894594895, "log10_eta": -3.099622230662634, "log10_lambda": -0.34250823253864926, "log10_min_child_weight": 4.36429616124739, "log10_subsample": -0.6176790744302026, "max_depth": 5.0, "num_boost_round": 16.0}, "datetime": {"datetime": "2024-01-19 01:26:31", "elapsed": 4484.519753, "delta": 0.004801}}
{"target": -17.677122473228227, "params": {"gamma": 396.57057220922076, "log10_alpha": -2.141274628166923, "log10_colsample_bytree": -0.586154894594895, "log10_eta": -3.099622230662634, "log10_lambda": -0.34250823253864926, "log10_min_child_weight": 4.36429616124739, "log10_subsample": -0.6176790744302026, "max_depth": 5.0, "num_boost_round": 17.0}, "datetime": {"datetime": "2024-01-19 01:26:31", "elapsed": 4484.643372, "delta": 0.123619}}
{"target": -17.67712098161829, "params": {"gamma": 396.57057220922076, "log10_alpha": -2.141274628166923, "log10_colsample_bytree": -0.586154894594895, "log10_eta": -3.099622230662634, "log10_lambda": -0.34250823253864926, "log10_min_child_weight": 4.36429616124739, "log10_subsample": -0.6176790744302026, "max_depth": 5.0, "num_boost_round": 18.0}, "datetime": {"datetime": "2024-01-19 01:26:31", "elapsed": 4484.649443, "delta": 0.006071}}
{"target": -17.677109584339128, "params": {"gamma": 396.57057220922076, "log10_alpha": -2.141274628166923, "log10_colsample_bytree": -0.586154894594895, "log10_eta": -3.099622230662634, "log10_lambda": -0.34250823253864926, "log10_min_child_weight": 4.36429616124739, "log10_subsample": -0.6176790744302026, "max_depth": 5.0, "num_boost_round": 19.0}, "datetime": {"datetime": "2024-01-19 01:26:32", "elapsed": 4484.654964, "delta": 0.005521}}
{"target": -17.67710706015392, "params": {"gamma": 396.57057220922076, "log10_alpha": -2.141274628166923, "log10_colsample_bytree": -0.586154894594895, "log10_eta": -3.099622230662634, "log10_lambda": -0.34250823253864926, "log10_min_child_weight": 4.36429616124739, "log10_subsample": -0.6176790744302026, "max_depth": 5.0, "num_boost_round": 20.0}, "datetime": {"datetime": "2024-01-19 01:26:32", "elapsed": 4484.659851, "delta": 0.004887}}
{"target": -17.677103783790052, "params": {"gamma": 396.57057220922076, "log10_alpha": -2.141274628166923, "log10_colsample_bytree": -0.586154894594895, "log10_eta": -3.099622230662634, "log10_lambda": -0.34250823253864926, "log10_min_child_weight": 4.36429616124739, "log10_subsample": -0.6176790744302026, "max_depth": 5.0, "num_boost_round": 21.0}, "datetime": {"datetime": "2024-01-19 01:26:32", "elapsed": 4484.664596, "delta": 0.004745}}
{"target": -17.6771017853856, "params": {"gamma": 396.57057220922076, "log10_alpha": -2.141274628166923, "log10_colsample_bytree": -0.586154894594895, "log10_eta": -3.099622230662634, "log10_lambda": -0.34250823253864926, "log10_min_child_weight": 4.36429616124739, "log10_subsample": -0.6176790744302026, "max_depth": 5.0, "num_boost_round": 22.0}, "datetime": {"datetime": "2024-01-19 01:26:32", "elapsed": 4484.669945, "delta": 0.005349}}
{"target": -17.677232114307447, "params": {"gamma": 451.83855665626425, "log10_alpha": -3.0295572369357737, "log10_colsample_bytree": -0.42203428943933907, "log10_eta": -3.9562469812330496, "log10_lambda": -0.6134609815373784, "log10_min_child_weight": 4.4617012805229646, "log10_subsample": -0.9959712334672082, "max_depth": 6.0, "num_boost_round": 0.0}, "datetime": {"datetime": "2024-01-19 01:27:28", "elapsed": 4541.157919, "delta": 56.487974}}
{"target": -17.677231146221768, "params": {"gamma": 451.83855665626425, "log10_alpha": -3.0295572369357737, "log10_colsample_bytree": -0.42203428943933907, "log10_eta": -3.9562469812330496, "log10_lambda": -0.6134609815373784, "log10_min_child_weight": 4.4617012805229646, "log10_subsample": -0.9959712334672082, "max_depth": 6.0, "num_boost_round": 1.0}, "datetime": {"datetime": "2024-01-19 01:27:28", "elapsed": 4541.162853, "delta": 0.004934}}
{"target": -17.67723119430372, "params": {"gamma": 451.83855665626425, "log10_alpha": -3.0295572369357737, "log10_colsample_bytree": -0.42203428943933907, "log10_eta": -3.9562469812330496, "log10_lambda": -0.6134609815373784, "log10_min_child_weight": 4.4617012805229646, "log10_subsample": -0.9959712334672082, "max_depth": 6.0, "num_boost_round": 2.0}, "datetime": {"datetime": "2024-01-19 01:27:28", "elapsed": 4541.167558, "delta": 0.004705}}
{"target": -17.677230398551828, "params": {"gamma": 451.83855665626425, "log10_alpha": -3.0295572369357737, "log10_colsample_bytree": -0.42203428943933907, "log10_eta": -3.9562469812330496, "log10_lambda": -0.6134609815373784, "log10_min_child_weight": 4.4617012805229646, "log10_subsample": -0.9959712334672082, "max_depth": 6.0, "num_boost_round": 3.0}, "datetime": {"datetime": "2024-01-19 01:27:28", "elapsed": 4541.17206, "delta": 0.004502}}
{"target": -17.677230505491096, "params": {"gamma": 451.83855665626425, "log10_alpha": -3.0295572369357737, "log10_colsample_bytree": -0.42203428943933907, "log10_eta": -3.9562469812330496, "log10_lambda": -0.6134609815373784, "log10_min_child_weight": 4.4617012805229646, "log10_subsample": -0.9959712334672082, "max_depth": 6.0, "num_boost_round": 4.0}, "datetime": {"datetime": "2024-01-19 01:27:28", "elapsed": 4541.17647, "delta": 0.00441}}
{"target": -17.67723086126148, "params": {"gamma": 451.83855665626425, "log10_alpha": -3.0295572369357737, "log10_colsample_bytree": -0.42203428943933907, "log10_eta": -3.9562469812330496, "log10_lambda": -0.6134609815373784, "log10_min_child_weight": 4.4617012805229646, "log10_subsample": -0.9959712334672082, "max_depth": 6.0, "num_boost_round": 5.0}, "datetime": {"datetime": "2024-01-19 01:27:28", "elapsed": 4541.180919, "delta": 0.004449}}
{"target": -17.67723053290363, "params": {"gamma": 451.83855665626425, "log10_alpha": -3.0295572369357737, "log10_colsample_bytree": -0.42203428943933907, "log10_eta": -3.9562469812330496, "log10_lambda": -0.6134609815373784, "log10_min_child_weight": 4.4617012805229646, "log10_subsample": -0.9959712334672082, "max_depth": 6.0, "num_boost_round": 6.0}, "datetime": {"datetime": "2024-01-19 01:27:28", "elapsed": 4541.185346, "delta": 0.004427}}
{"target": -17.67723016117105, "params": {"gamma": 451.83855665626425, "log10_alpha": -3.0295572369357737, "log10_colsample_bytree": -0.42203428943933907, "log10_eta": -3.9562469812330496, "log10_lambda": -0.6134609815373784, "log10_min_child_weight": 4.4617012805229646, "log10_subsample": -0.9959712334672082, "max_depth": 6.0, "num_boost_round": 7.0}, "datetime": {"datetime": "2024-01-19 01:27:28", "elapsed": 4541.189851, "delta": 0.004505}}
{"target": -17.677229024954507, "params": {"gamma": 451.83855665626425, "log10_alpha": -3.0295572369357737, "log10_colsample_bytree": -0.42203428943933907, "log10_eta": -3.9562469812330496, "log10_lambda": -0.6134609815373784, "log10_min_child_weight": 4.4617012805229646, "log10_subsample": -0.9959712334672082, "max_depth": 6.0, "num_boost_round": 8.0}, "datetime": {"datetime": "2024-01-19 01:27:28", "elapsed": 4541.194286, "delta": 0.004435}}
{"target": -17.677229148611353, "params": {"gamma": 451.83855665626425, "log10_alpha": -3.0295572369357737, "log10_colsample_bytree": -0.42203428943933907, "log10_eta": -3.9562469812330496, "log10_lambda": -0.6134609815373784, "log10_min_child_weight": 4.4617012805229646, "log10_subsample": -0.9959712334672082, "max_depth": 6.0, "num_boost_round": 9.0}, "datetime": {"datetime": "2024-01-19 01:27:28", "elapsed": 4541.198687, "delta": 0.004401}}
{"target": -17.67722891486262, "params": {"gamma": 451.83855665626425, "log10_alpha": -3.0295572369357737, "log10_colsample_bytree": -0.42203428943933907, "log10_eta": -3.9562469812330496, "log10_lambda": -0.6134609815373784, "log10_min_child_weight": 4.4617012805229646, "log10_subsample": -0.9959712334672082, "max_depth": 6.0, "num_boost_round": 10.0}, "datetime": {"datetime": "2024-01-19 01:27:28", "elapsed": 4541.203322, "delta": 0.004635}}
{"target": -17.67722785031428, "params": {"gamma": 451.83855665626425, "log10_alpha": -3.0295572369357737, "log10_colsample_bytree": -0.42203428943933907, "log10_eta": -3.9562469812330496, "log10_lambda": -0.6134609815373784, "log10_min_child_weight": 4.4617012805229646, "log10_subsample": -0.9959712334672082, "max_depth": 6.0, "num_boost_round": 11.0}, "datetime": {"datetime": "2024-01-19 01:27:28", "elapsed": 4541.207994, "delta": 0.004672}}
{"target": -17.67722776015693, "params": {"gamma": 451.83855665626425, "log10_alpha": -3.0295572369357737, "log10_colsample_bytree": -0.42203428943933907, "log10_eta": -3.9562469812330496, "log10_lambda": -0.6134609815373784, "log10_min_child_weight": 4.4617012805229646, "log10_subsample": -0.9959712334672082, "max_depth": 6.0, "num_boost_round": 12.0}, "datetime": {"datetime": "2024-01-19 01:27:28", "elapsed": 4541.212786, "delta": 0.004792}}
{"target": -17.67722596669605, "params": {"gamma": 411.66041164819234, "log10_alpha": 0.7846379598913096, "log10_colsample_bytree": -0.6339499712460734, "log10_eta": -3.629597110164789, "log10_lambda": 0.2704773370232765, "log10_min_child_weight": 1.265668907651722, "log10_subsample": -0.03855775632402314, "max_depth": 2.0, "num_boost_round": 0.0}, "datetime": {"datetime": "2024-01-19 01:28:20", "elapsed": 4593.388101, "delta": 52.175315}}
{"target": -17.677220941167448, "params": {"gamma": 411.66041164819234, "log10_alpha": 0.7846379598913096, "log10_colsample_bytree": -0.6339499712460734, "log10_eta": -3.629597110164789, "log10_lambda": 0.2704773370232765, "log10_min_child_weight": 1.265668907651722, "log10_subsample": -0.03855775632402314, "max_depth": 2.0, "num_boost_round": 1.0}, "datetime": {"datetime": "2024-01-19 01:28:20", "elapsed": 4593.393197, "delta": 0.005096}}
{"target": -17.67721389153543, "params": {"gamma": 411.66041164819234, "log10_alpha": 0.7846379598913096, "log10_colsample_bytree": -0.6339499712460734, "log10_eta": -3.629597110164789, "log10_lambda": 0.2704773370232765, "log10_min_child_weight": 1.265668907651722, "log10_subsample": -0.03855775632402314, "max_depth": 2.0, "num_boost_round": 2.0}, "datetime": {"datetime": "2024-01-19 01:28:20", "elapsed": 4593.397622, "delta": 0.004425}}
{"target": -17.67721045872482, "params": {"gamma": 411.66041164819234, "log10_alpha": 0.7846379598913096, "log10_colsample_bytree": -0.6339499712460734, "log10_eta": -3.629597110164789, "log10_lambda": 0.2704773370232765, "log10_min_child_weight": 1.265668907651722, "log10_subsample": -0.03855775632402314, "max_depth": 2.0, "num_boost_round": 3.0}, "datetime": {"datetime": "2024-01-19 01:28:20", "elapsed": 4593.402179, "delta": 0.004557}}
{"target": -17.677206667641208, "params": {"gamma": 411.66041164819234, "log10_alpha": 0.7846379598913096, "log10_colsample_bytree": -0.6339499712460734, "log10_eta": -3.629597110164789, "log10_lambda": 0.2704773370232765, "log10_min_child_weight": 1.265668907651722, "log10_subsample": -0.03855775632402314, "max_depth": 2.0, "num_boost_round": 4.0}, "datetime": {"datetime": "2024-01-19 01:28:20", "elapsed": 4593.406785, "delta": 0.004606}}
{"target": -17.67720275076181, "params": {"gamma": 411.66041164819234, "log10_alpha": 0.7846379598913096, "log10_colsample_bytree": -0.6339499712460734, "log10_eta": -3.629597110164789, "log10_lambda": 0.2704773370232765, "log10_min_child_weight": 1.265668907651722, "log10_subsample": -0.03855775632402314, "max_depth": 2.0, "num_boost_round": 5.0}, "datetime": {"datetime": "2024-01-19 01:28:20", "elapsed": 4593.411313, "delta": 0.004528}}
{"target": -17.6771966076658, "params": {"gamma": 411.66041164819234, "log10_alpha": 0.7846379598913096, "log10_colsample_bytree": -0.6339499712460734, "log10_eta": -3.629597110164789, "log10_lambda": 0.2704773370232765, "log10_min_child_weight": 1.265668907651722, "log10_subsample": -0.03855775632402314, "max_depth": 2.0, "num_boost_round": 6.0}, "datetime": {"datetime": "2024-01-19 01:28:20", "elapsed": 4593.415833, "delta": 0.00452}}
{"target": -17.677188385127494, "params": {"gamma": 411.66041164819234, "log10_alpha": 0.7846379598913096, "log10_colsample_bytree": -0.6339499712460734, "log10_eta": -3.629597110164789, "log10_lambda": 0.2704773370232765, "log10_min_child_weight": 1.265668907651722, "log10_subsample": -0.03855775632402314, "max_depth": 2.0, "num_boost_round": 7.0}, "datetime": {"datetime": "2024-01-19 01:28:20", "elapsed": 4593.420406, "delta": 0.004573}}
{"target": -17.67718347175047, "params": {"gamma": 411.66041164819234, "log10_alpha": 0.7846379598913096, "log10_colsample_bytree": -0.6339499712460734, "log10_eta": -3.629597110164789, "log10_lambda": 0.2704773370232765, "log10_min_child_weight": 1.265668907651722, "log10_subsample": -0.03855775632402314, "max_depth": 2.0, "num_boost_round": 8.0}, "datetime": {"datetime": "2024-01-19 01:28:20", "elapsed": 4593.425142, "delta": 0.004736}}
{"target": -17.677174672487684, "params": {"gamma": 411.66041164819234, "log10_alpha": 0.7846379598913096, "log10_colsample_bytree": -0.6339499712460734, "log10_eta": -3.629597110164789, "log10_lambda": 0.2704773370232765, "log10_min_child_weight": 1.265668907651722, "log10_subsample": -0.03855775632402314, "max_depth": 2.0, "num_boost_round": 9.0}, "datetime": {"datetime": "2024-01-19 01:28:20", "elapsed": 4593.429846, "delta": 0.004704}}
