{"target": -13.758532744655403, "params": {"gamma": 33.26145981059392, "log10_alpha": -4.567142478675942, "log10_colsample_bytree": -0.2641643473245977, "log10_eta": -3.9377820771982517, "log10_lambda": -2.084124908392147, "log10_min_child_weight": 1.7533109753794074, "log10_subsample": -0.20541103926312665, "max_depth": 2.0, "num_boost_round": 4.0}, "datetime": {"datetime": "2024-01-19 00:56:46", "elapsed": 2714.830226, "delta": 0.002818}}
{"target": -13.75853191987613, "params": {"gamma": 33.26145981059392, "log10_alpha": -4.567142478675942, "log10_colsample_bytree": -0.2641643473245977, "log10_eta": -3.9377820771982517, "log10_lambda": -2.084124908392147, "log10_min_child_weight": 1.7533109753794074, "log10_subsample": -0.20541103926312665, "max_depth": 2.0, "num_boost_round": 5.0}, "datetime": {"datetime": "2024-01-19 00:56:46", "elapsed": 2714.832902, "delta": 0.002676}}
{"target": -13.758531383323572, "params": {"gamma": 33.26145981059392, "log10_alpha": -4.567142478675942, "log10_colsample_bytree": -0.2641643473245977, "log10_eta": -3.9377820771982517, "log10_lambda": -2.084124908392147, "log10_min_child_weight": 1.7533109753794074, "log10_subsample": -0.20541103926312665, "max_depth": 2.0, "num_boost_round": 6.0}, "datetime": {"datetime": "2024-01-19 00:56:46", "elapsed": 2714.835628, "delta": 0.002726}}
{"target": -13.758530423515133, "params": {"gamma": 33.26145981059392, "log10_alpha": -4.567142478675942, "log10_colsample_bytree": -0.2641643473245977, "log10_eta": -3.9377820771982517, "log10_lambda": -2.084124908392147, "log10_min_child_weight": 1.7533109753794074, "log10_subsample": -0.20541103926312665, "max_depth": 2.0, "num_boost_round": 7.0}, "datetime": {"datetime": "2024-01-19 00:56:46", "elapsed": 2714.838261, "delta": 0.002633}}
{"target": -13.7585299779622, "params": {"gamma": 33.26145981059392, "log10_alpha": -4.567142478675942, "log10_colsample_bytree": -0.2641643473245977, "log10_eta": -3.9377820771982517, "log10_lambda": -2.084124908392147, "log10_min_child_weight": 1.7533109753794074, "log10_subsample": -0.20541103926312665, "max_depth": 2.0, "num_boost_round": 8.0}, "datetime": {"datetime": "2024-01-19 00:56:46", "elapsed": 2714.840866, "delta": 0.002605}}
{"target": -13.758528858193962, "params": {"gamma": 33.26145981059392, "log10_alpha": -4.567142478675942, "log10_colsample_bytree": -0.2641643473245977, "log10_eta": -3.9377820771982517, "log10_lambda": -2.084124908392147, "log10_min_child_weight": 1.7533109753794074, "log10_subsample": -0.20541103926312665, "max_depth": 2.0, "num_boost_round": 9.0}, "datetime": {"datetime": "2024-01-19 00:56:46", "elapsed": 2714.843526, "delta": 0.00266}}
{"target": -13.758509956496953, "params": {"gamma": 27.933427574265792, "log10_alpha": 1.0, "log10_colsample_bytree": -1.0, "log10_eta": -3.025740398544505, "log10_lambda": -3.018516882166478, "log10_min_child_weight": 0.6498720211944602, "log10_subsample": -0.23353694524267077, "max_depth": 9.0, "num_boost_round": 0.0}, "datetime": {"datetime": "2024-01-19 00:57:19", "elapsed": 2747.553453, "delta": 32.709927}}
{"target": -13.758468952818674, "params": {"gamma": 27.933427574265792, "log10_alpha": 1.0, "log10_colsample_bytree": -1.0, "log10_eta": -3.025740398544505, "log10_lambda": -3.018516882166478, "log10_min_child_weight": 0.6498720211944602, "log10_subsample": -0.23353694524267077, "max_depth": 9.0, "num_boost_round": 1.0}, "datetime": {"datetime": "2024-01-19 00:57:19", "elapsed": 2747.556676, "delta": 0.003223}}
{"target": -13.75849185240423, "params": {"gamma": 27.933427574265792, "log10_alpha": 1.0, "log10_colsample_bytree": -1.0, "log10_eta": -3.025740398544505, "log10_lambda": -3.018516882166478, "log10_min_child_weight": 0.6498720211944602, "log10_subsample": -0.23353694524267077, "max_depth": 9.0, "num_boost_round": 2.0}, "datetime": {"datetime": "2024-01-19 00:57:19", "elapsed": 2747.559873, "delta": 0.003197}}
{"target": -13.758485756753297, "params": {"gamma": 27.933427574265792, "log10_alpha": 1.0, "log10_colsample_bytree": -1.0, "log10_eta": -3.025740398544505, "log10_lambda": -3.018516882166478, "log10_min_child_weight": 0.6498720211944602, "log10_subsample": -0.23353694524267077, "max_depth": 9.0, "num_boost_round": 3.0}, "datetime": {"datetime": "2024-01-19 00:57:19", "elapsed": 2747.664197, "delta": 0.104324}}
{"target": -13.758464639810374, "params": {"gamma": 27.933427574265792, "log10_alpha": 1.0, "log10_colsample_bytree": -1.0, "log10_eta": -3.025740398544505, "log10_lambda": -3.018516882166478, "log10_min_child_weight": 0.6498720211944602, "log10_subsample": -0.23353694524267077, "max_depth": 9.0, "num_boost_round": 4.0}, "datetime": {"datetime": "2024-01-19 00:57:19", "elapsed": 2747.667359, "delta": 0.003162}}
{"target": -13.758467648330887, "params": {"gamma": 27.933427574265792, "log10_alpha": 1.0, "log10_colsample_bytree": -1.0, "log10_eta": -3.025740398544505, "log10_lambda": -3.018516882166478, "log10_min_child_weight": 0.6498720211944602, "log10_subsample": -0.23353694524267077, "max_depth": 9.0, "num_boost_round": 5.0}, "datetime": {"datetime": "2024-01-19 00:57:19", "elapsed": 2747.670146, "delta": 0.002787}}
{"target": -13.758491258731901, "params": {"gamma": 27.933427574265792, "log10_alpha": 1.0, "log10_colsample_bytree": -1.0, "log10_eta": -3.025740398544505, "log10_lambda": -3.018516882166478, "log10_min_child_weight": 0.6498720211944602, "log10_subsample": -0.23353694524267077, "max_depth": 9.0, "num_boost_round": 6.0}, "datetime": {"datetime": "2024-01-19 00:57:19", "elapsed": 2747.672981, "delta": 0.002835}}
{"target": -13.758504828418396, "params": {"gamma": 27.933427574265792, "log10_alpha": 1.0, "log10_colsample_bytree": -1.0, "log10_eta": -3.025740398544505, "log10_lambda": -3.018516882166478, "log10_min_child_weight": 0.6498720211944602, "log10_subsample": -0.23353694524267077, "max_depth": 9.0, "num_boost_round": 7.0}, "datetime": {"datetime": "2024-01-19 00:57:19", "elapsed": 2747.675755, "delta": 0.002774}}
{"target": -13.758501984154927, "params": {"gamma": 27.933427574265792, "log10_alpha": 1.0, "log10_colsample_bytree": -1.0, "log10_eta": -3.025740398544505, "log10_lambda": -3.018516882166478, "log10_min_child_weight": 0.6498720211944602, "log10_subsample": -0.23353694524267077, "max_depth": 9.0, "num_boost_round": 8.0}, "datetime": {"datetime": "2024-01-19 00:57:19", "elapsed": 2747.678497, "delta": 0.002742}}
{"target": -13.758472638884605, "params": {"gamma": 27.933427574265792, "log10_alpha": 1.0, "log10_colsample_bytree": -1.0, "log10_eta": -3.025740398544505, "log10_lambda": -3.018516882166478, "log10_min_child_weight": 0.6498720211944602, "log10_subsample": -0.23353694524267077, "max_depth": 9.0, "num_boost_round": 9.0}, "datetime": {"datetime": "2024-01-19 00:57:19", "elapsed": 2747.681225, "delta": 0.002728}}
{"target": -13.758451250742397, "params": {"gamma": 27.933427574265792, "log10_alpha": 1.0, "log10_colsample_bytree": -1.0, "log10_eta": -3.025740398544505, "log10_lambda": -3.018516882166478, "log10_min_child_weight": 0.6498720211944602, "log10_subsample": -0.23353694524267077, "max_depth": 9.0, "num_boost_round": 10.0}, "datetime": {"datetime": "2024-01-19 00:57:19", "elapsed": 2747.684133, "delta": 0.002908}}
{"target": -13.758460678794155, "params": {"gamma": 27.933427574265792, "log10_alpha": 1.0, "log10_colsample_bytree": -1.0, "log10_eta": -3.025740398544505, "log10_lambda": -3.018516882166478, "log10_min_child_weight": 0.6498720211944602, "log10_subsample": -0.23353694524267077, "max_depth": 9.0, "num_boost_round": 11.0}, "datetime": {"datetime": "2024-01-19 00:57:19", "elapsed": 2747.686916, "delta": 0.002783}}
{"target": -13.758426423020847, "params": {"gamma": 27.933427574265792, "log10_alpha": 1.0, "log10_colsample_bytree": -1.0, "log10_eta": -3.025740398544505, "log10_lambda": -3.018516882166478, "log10_min_child_weight": 0.6498720211944602, "log10_subsample": -0.23353694524267077, "max_depth": 9.0, "num_boost_round": 12.0}, "datetime": {"datetime": "2024-01-19 00:57:19", "elapsed": 2747.689695, "delta": 0.002779}}
{"target": -13.7584124781793, "params": {"gamma": 27.933427574265792, "log10_alpha": 1.0, "log10_colsample_bytree": -1.0, "log10_eta": -3.025740398544505, "log10_lambda": -3.018516882166478, "log10_min_child_weight": 0.6498720211944602, "log10_subsample": -0.23353694524267077, "max_depth": 9.0, "num_boost_round": 13.0}, "datetime": {"datetime": "2024-01-19 00:57:19", "elapsed": 2747.692484, "delta": 0.002789}}
{"target": -13.758347942542839, "params": {"gamma": 27.933427574265792, "log10_alpha": 1.0, "log10_colsample_bytree": -1.0, "log10_eta": -3.025740398544505, "log10_lambda": -3.018516882166478, "log10_min_child_weight": 0.6498720211944602, "log10_subsample": -0.23353694524267077, "max_depth": 9.0, "num_boost_round": 14.0}, "datetime": {"datetime": "2024-01-19 00:57:19", "elapsed": 2747.695307, "delta": 0.002823}}
{"target": -13.758310539990797, "params": {"gamma": 43.587816156024914, "log10_alpha": -4.59508054713389, "log10_colsample_bytree": -0.9659461114916237, "log10_eta": -2.301332144910436, "log10_lambda": 0.20132817666597358, "log10_min_child_weight": 1.7062752043864604, "log10_subsample": -0.411447629723952, "max_depth": 5.0, "num_boost_round": 0.0}, "datetime": {"datetime": "2024-01-19 00:57:56", "elapsed": 2784.467278, "delta": 36.771971}}
{"target": -13.758275890267322, "params": {"gamma": 43.587816156024914, "log10_alpha": -4.59508054713389, "log10_colsample_bytree": -0.9659461114916237, "log10_eta": -2.301332144910436, "log10_lambda": 0.20132817666597358, "log10_min_child_weight": 1.7062752043864604, "log10_subsample": -0.411447629723952, "max_depth": 5.0, "num_boost_round": 1.0}, "datetime": {"datetime": "2024-01-19 00:57:56", "elapsed": 2784.471102, "delta": 0.003824}}
{"target": -13.758314187451578, "params": {"gamma": 43.587816156024914, "log10_alpha": -4.59508054713389, "log10_colsample_bytree": -0.9659461114916237, "log10_eta": -2.301332144910436, "log10_lambda": 0.20132817666597358, "log10_min_child_weight": 1.7062752043864604, "log10_subsample": -0.411447629723952, "max_depth": 5.0, "num_boost_round": 2.0}, "datetime": {"datetime": "2024-01-19 00:57:56", "elapsed": 2784.473941, "delta": 0.002839}}
{"target": -13.758263675309758, "params": {"gamma": 43.587816156024914, "log10_alpha": -4.59508054713389, "log10_colsample_bytree": -0.9659461114916237, "log10_eta": -2.301332144910436, "log10_lambda": 0.20132817666597358, "log10_min_child_weight": 1.7062752043864604, "log10_subsample": -0.411447629723952, "max_depth": 5.0, "num_boost_round": 3.0}, "datetime": {"datetime": "2024-01-19 00:57:56", "elapsed": 2784.476843, "delta": 0.002902}}
{"target": -13.75829169056974, "params": {"gamma": 43.587816156024914, "log10_alpha": -4.59508054713389, "log10_colsample_bytree": -0.9659461114916237, "log10_eta": -2.301332144910436, "log10_lambda": 0.20132817666597358, "log10_min_child_weight": 1.7062752043864604, "log10_subsample": -0.411447629723952, "max_depth": 5.0, "num_boost_round": 4.0}, "datetime": {"datetime": "2024-01-19 00:57:56", "elapsed": 2784.47964, "delta": 0.002797}}
{"target": -13.758329172236877, "params": {"gamma": 43.587816156024914, "log10_alpha": -4.59508054713389, "log10_colsample_bytree": -0.9659461114916237, "log10_eta": -2.301332144910436, "log10_lambda": 0.20132817666597358, "log10_min_child_weight": 1.7062752043864604, "log10_subsample": -0.411447629723952, "max_depth": 5.0, "num_boost_round": 5.0}, "datetime": {"datetime": "2024-01-19 00:57:56", "elapsed": 2784.482379, "delta": 0.002739}}
{"target": -13.758318220787215, "params": {"gamma": 43.587816156024914, "log10_alpha": -4.59508054713389, "log10_colsample_bytree": -0.9659461114916237, "log10_eta": -2.301332144910436, "log10_lambda": 0.20132817666597358, "log10_min_child_weight": 1.7062752043864604, "log10_subsample": -0.411447629723952, "max_depth": 5.0, "num_boost_round": 6.0}, "datetime": {"datetime": "2024-01-19 00:57:56", "elapsed": 2784.485122, "delta": 0.002743}}
{"target": -13.758237902090242, "params": {"gamma": 43.587816156024914, "log10_alpha": -4.59508054713389, "log10_colsample_bytree": -0.9659461114916237, "log10_eta": -2.301332144910436, "log10_lambda": 0.20132817666597358, "log10_min_child_weight": 1.7062752043864604, "log10_subsample": -0.411447629723952, "max_depth": 5.0, "num_boost_round": 7.0}, "datetime": {"datetime": "2024-01-19 00:57:56", "elapsed": 2784.487994, "delta": 0.002872}}
{"target": -13.75818072909263, "params": {"gamma": 43.587816156024914, "log10_alpha": -4.59508054713389, "log10_colsample_bytree": -0.9659461114916237, "log10_eta": -2.301332144910436, "log10_lambda": 0.20132817666597358, "log10_min_child_weight": 1.7062752043864604, "log10_subsample": -0.411447629723952, "max_depth": 5.0, "num_boost_round": 8.0}, "datetime": {"datetime": "2024-01-19 00:57:56", "elapsed": 2784.490994, "delta": 0.003}}
{"target": -13.758114070958454, "params": {"gamma": 43.587816156024914, "log10_alpha": -4.59508054713389, "log10_colsample_bytree": -0.9659461114916237, "log10_eta": -2.301332144910436, "log10_lambda": 0.20132817666597358, "log10_min_child_weight": 1.7062752043864604, "log10_subsample": -0.411447629723952, "max_depth": 5.0, "num_boost_round": 9.0}, "datetime": {"datetime": "2024-01-19 00:57:56", "elapsed": 2784.493861, "delta": 0.002867}}
{"target": -13.758083483773822, "params": {"gamma": 43.587816156024914, "log10_alpha": -4.59508054713389, "log10_colsample_bytree": -0.9659461114916237, "log10_eta": -2.301332144910436, "log10_lambda": 0.20132817666597358, "log10_min_child_weight": 1.7062752043864604, "log10_subsample": -0.411447629723952, "max_depth": 5.0, "num_boost_round": 10.0}, "datetime": {"datetime": "2024-01-19 00:57:56", "elapsed": 2784.496718, "delta": 0.002857}}
{"target": -13.75796491124777, "params": {"gamma": 43.587816156024914, "log10_alpha": -4.59508054713389, "log10_colsample_bytree": -0.9659461114916237, "log10_eta": -2.301332144910436, "log10_lambda": 0.20132817666597358, "log10_min_child_weight": 1.7062752043864604, "log10_subsample": -0.411447629723952, "max_depth": 5.0, "num_boost_round": 11.0}, "datetime": {"datetime": "2024-01-19 00:57:56", "elapsed": 2784.499484, "delta": 0.002766}}
{"target": -13.757795190826895, "params": {"gamma": 43.587816156024914, "log10_alpha": -4.59508054713389, "log10_colsample_bytree": -0.9659461114916237, "log10_eta": -2.301332144910436, "log10_lambda": 0.20132817666597358, "log10_min_child_weight": 1.7062752043864604, "log10_subsample": -0.411447629723952, "max_depth": 5.0, "num_boost_round": 12.0}, "datetime": {"datetime": "2024-01-19 00:57:56", "elapsed": 2784.502202, "delta": 0.002718}}
{"target": -13.757562913572269, "params": {"gamma": 43.587816156024914, "log10_alpha": -4.59508054713389, "log10_colsample_bytree": -0.9659461114916237, "log10_eta": -2.301332144910436, "log10_lambda": 0.20132817666597358, "log10_min_child_weight": 1.7062752043864604, "log10_subsample": -0.411447629723952, "max_depth": 5.0, "num_boost_round": 13.0}, "datetime": {"datetime": "2024-01-19 00:57:56", "elapsed": 2784.504931, "delta": 0.002729}}
{"target": -13.757563277617747, "params": {"gamma": 43.587816156024914, "log10_alpha": -4.59508054713389, "log10_colsample_bytree": -0.9659461114916237, "log10_eta": -2.301332144910436, "log10_lambda": 0.20132817666597358, "log10_min_child_weight": 1.7062752043864604, "log10_subsample": -0.411447629723952, "max_depth": 5.0, "num_boost_round": 14.0}, "datetime": {"datetime": "2024-01-19 00:57:56", "elapsed": 2784.507658, "delta": 0.002727}}
{"target": -13.757506705716024, "params": {"gamma": 43.587816156024914, "log10_alpha": -4.59508054713389, "log10_colsample_bytree": -0.9659461114916237, "log10_eta": -2.301332144910436, "log10_lambda": 0.20132817666597358, "log10_min_child_weight": 1.7062752043864604, "log10_subsample": -0.411447629723952, "max_depth": 5.0, "num_boost_round": 15.0}, "datetime": {"datetime": "2024-01-19 00:57:56", "elapsed": 2784.510581, "delta": 0.002923}}
{"target": -13.757461657398542, "params": {"gamma": 43.587816156024914, "log10_alpha": -4.59508054713389, "log10_colsample_bytree": -0.9659461114916237, "log10_eta": -2.301332144910436, "log10_lambda": 0.20132817666597358, "log10_min_child_weight": 1.7062752043864604, "log10_subsample": -0.411447629723952, "max_depth": 5.0, "num_boost_round": 16.0}, "datetime": {"datetime": "2024-01-19 00:57:56", "elapsed": 2784.513366, "delta": 0.002785}}
{"target": -13.75740467621499, "params": {"gamma": 43.587816156024914, "log10_alpha": -4.59508054713389, "log10_colsample_bytree": -0.9659461114916237, "log10_eta": -2.301332144910436, "log10_lambda": 0.20132817666597358, "log10_min_child_weight": 1.7062752043864604, "log10_subsample": -0.411447629723952, "max_depth": 5.0, "num_boost_round": 17.0}, "datetime": {"datetime": "2024-01-19 00:57:56", "elapsed": 2784.516184, "delta": 0.002818}}
{"target": -13.757368981569478, "params": {"gamma": 43.587816156024914, "log10_alpha": -4.59508054713389, "log10_colsample_bytree": -0.9659461114916237, "log10_eta": -2.301332144910436, "log10_lambda": 0.20132817666597358, "log10_min_child_weight": 1.7062752043864604, "log10_subsample": -0.411447629723952, "max_depth": 5.0, "num_boost_round": 18.0}, "datetime": {"datetime": "2024-01-19 00:57:56", "elapsed": 2784.518949, "delta": 0.002765}}
{"target": -13.75729701305924, "params": {"gamma": 43.587816156024914, "log10_alpha": -4.59508054713389, "log10_colsample_bytree": -0.9659461114916237, "log10_eta": -2.301332144910436, "log10_lambda": 0.20132817666597358, "log10_min_child_weight": 1.7062752043864604, "log10_subsample": -0.411447629723952, "max_depth": 5.0, "num_boost_round": 19.0}, "datetime": {"datetime": "2024-01-19 00:57:56", "elapsed": 2784.521711, "delta": 0.002762}}
{"target": -13.757309417976588, "params": {"gamma": 43.587816156024914, "log10_alpha": -4.59508054713389, "log10_colsample_bytree": -0.9659461114916237, "log10_eta": -2.301332144910436, "log10_lambda": 0.20132817666597358, "log10_min_child_weight": 1.7062752043864604, "log10_subsample": -0.411447629723952, "max_depth": 5.0, "num_boost_round": 20.0}, "datetime": {"datetime": "2024-01-19 00:57:56", "elapsed": 2784.524521, "delta": 0.00281}}
{"target": -13.757033631465477, "params": {"gamma": 43.587816156024914, "log10_alpha": -4.59508054713389, "log10_colsample_bytree": -0.9659461114916237, "log10_eta": -2.301332144910436, "log10_lambda": 0.20132817666597358, "log10_min_child_weight": 1.7062752043864604, "log10_subsample": -0.411447629723952, "max_depth": 5.0, "num_boost_round": 21.0}, "datetime": {"datetime": "2024-01-19 00:57:56", "elapsed": 2784.527261, "delta": 0.00274}}
{"target": -13.756903885564975, "params": {"gamma": 43.587816156024914, "log10_alpha": -4.59508054713389, "log10_colsample_bytree": -0.9659461114916237, "log10_eta": -2.301332144910436, "log10_lambda": 0.20132817666597358, "log10_min_child_weight": 1.7062752043864604, "log10_subsample": -0.411447629723952, "max_depth": 5.0, "num_boost_round": 22.0}, "datetime": {"datetime": "2024-01-19 00:57:56", "elapsed": 2784.530115, "delta": 0.002854}}
{"target": -13.75674614316155, "params": {"gamma": 43.587816156024914, "log10_alpha": -4.59508054713389, "log10_colsample_bytree": -0.9659461114916237, "log10_eta": -2.301332144910436, "log10_lambda": 0.20132817666597358, "log10_min_child_weight": 1.7062752043864604, "log10_subsample": -0.411447629723952, "max_depth": 5.0, "num_boost_round": 23.0}, "datetime": {"datetime": "2024-01-19 00:57:56", "elapsed": 2784.532913, "delta": 0.002798}}
{"target": -13.756721481956658, "params": {"gamma": 43.587816156024914, "log10_alpha": -4.59508054713389, "log10_colsample_bytree": -0.9659461114916237, "log10_eta": -2.301332144910436, "log10_lambda": 0.20132817666597358, "log10_min_child_weight": 1.7062752043864604, "log10_subsample": -0.411447629723952, "max_depth": 5.0, "num_boost_round": 24.0}, "datetime": {"datetime": "2024-01-19 00:57:56", "elapsed": 2784.535741, "delta": 0.002828}}
{"target": -13.756523335289966, "params": {"gamma": 43.587816156024914, "log10_alpha": -4.59508054713389, "log10_colsample_bytree": -0.9659461114916237, "log10_eta": -2.301332144910436, "log10_lambda": 0.20132817666597358, "log10_min_child_weight": 1.7062752043864604, "log10_subsample": -0.411447629723952, "max_depth": 5.0, "num_boost_round": 25.0}, "datetime": {"datetime": "2024-01-19 00:57:56", "elapsed": 2784.538524, "delta": 0.002783}}
{"target": -13.756467235996295, "params": {"gamma": 43.587816156024914, "log10_alpha": -4.59508054713389, "log10_colsample_bytree": -0.9659461114916237, "log10_eta": -2.301332144910436, "log10_lambda": 0.20132817666597358, "log10_min_child_weight": 1.7062752043864604, "log10_subsample": -0.411447629723952, "max_depth": 5.0, "num_boost_round": 26.0}, "datetime": {"datetime": "2024-01-19 00:57:56", "elapsed": 2784.541284, "delta": 0.00276}}
{"target": -13.758529862188249, "params": {"gamma": 40.545737215671565, "log10_alpha": -0.5298085679333724, "log10_colsample_bytree": -0.5165677058034431, "log10_eta": -3.174653584718071, "log10_lambda": -4.024659678038575, "log10_min_child_weight": 2.903206372599603, "log10_subsample": -0.2694684156032523, "max_depth": 5.0, "num_boost_round": 0.0}, "datetime": {"datetime": "2024-01-19 00:58:31", "elapsed": 2819.449491, "delta": 34.908207}}
{"target": -13.758504354016235, "params": {"gamma": 40.545737215671565, "log10_alpha": -0.5298085679333724, "log10_colsample_bytree": -0.5165677058034431, "log10_eta": -3.174653584718071, "log10_lambda": -4.024659678038575, "log10_min_child_weight": 2.903206372599603, "log10_subsample": -0.2694684156032523, "max_depth": 5.0, "num_boost_round": 1.0}, "datetime": {"datetime": "2024-01-19 00:58:31", "elapsed": 2819.452766, "delta": 0.003275}}
