{"target": -13.758478907247898, "params": {"gamma": 556.0641633572673, "log10_alpha": -0.669956372044135, "log10_colsample_bytree": -0.7446747166453286, "log10_eta": -3.6701570297343826, "log10_lambda": -4.369048443813417, "log10_min_child_weight": 1.0964307616441276, "log10_subsample": -0.23142289002079952, "max_depth": 4.0, "num_boost_round": 15.0}, "datetime": {"datetime": "2024-01-19 00:58:43", "elapsed": 2776.139853, "delta": 0.003211}}
{"target": -13.758476258487931, "params": {"gamma": 556.0641633572673, "log10_alpha": -0.669956372044135, "log10_colsample_bytree": -0.7446747166453286, "log10_eta": -3.6701570297343826, "log10_lambda": -4.369048443813417, "log10_min_child_weight": 1.0964307616441276, "log10_subsample": -0.23142289002079952, "max_depth": 4.0, "num_boost_round": 16.0}, "datetime": {"datetime": "2024-01-19 00:58:43", "elapsed": 2776.143112, "delta": 0.003259}}
{"target": -13.758471487504789, "params": {"gamma": 556.0641633572673, "log10_alpha": -0.669956372044135, "log10_colsample_bytree": -0.7446747166453286, "log10_eta": -3.6701570297343826, "log10_lambda": -4.369048443813417, "log10_min_child_weight": 1.0964307616441276, "log10_subsample": -0.23142289002079952, "max_depth": 4.0, "num_boost_round": 17.0}, "datetime": {"datetime": "2024-01-19 00:58:43", "elapsed": 2776.146359, "delta": 0.003247}}
{"target": -13.758470152618171, "params": {"gamma": 556.0641633572673, "log10_alpha": -0.669956372044135, "log10_colsample_bytree": -0.7446747166453286, "log10_eta": -3.6701570297343826, "log10_lambda": -4.369048443813417, "log10_min_child_weight": 1.0964307616441276, "log10_subsample": -0.23142289002079952, "max_depth": 4.0, "num_boost_round": 18.0}, "datetime": {"datetime": "2024-01-19 00:58:43", "elapsed": 2776.149635, "delta": 0.003276}}
{"target": -13.758470526875398, "params": {"gamma": 556.0641633572673, "log10_alpha": -0.669956372044135, "log10_colsample_bytree": -0.7446747166453286, "log10_eta": -3.6701570297343826, "log10_lambda": -4.369048443813417, "log10_min_child_weight": 1.0964307616441276, "log10_subsample": -0.23142289002079952, "max_depth": 4.0, "num_boost_round": 19.0}, "datetime": {"datetime": "2024-01-19 00:58:43", "elapsed": 2776.152979, "delta": 0.003344}}
{"target": -13.75846132328862, "params": {"gamma": 556.0641633572673, "log10_alpha": -0.669956372044135, "log10_colsample_bytree": -0.7446747166453286, "log10_eta": -3.6701570297343826, "log10_lambda": -4.369048443813417, "log10_min_child_weight": 1.0964307616441276, "log10_subsample": -0.23142289002079952, "max_depth": 4.0, "num_boost_round": 20.0}, "datetime": {"datetime": "2024-01-19 00:58:43", "elapsed": 2776.156243, "delta": 0.003264}}
{"target": -13.75845351167126, "params": {"gamma": 556.0641633572673, "log10_alpha": -0.669956372044135, "log10_colsample_bytree": -0.7446747166453286, "log10_eta": -3.6701570297343826, "log10_lambda": -4.369048443813417, "log10_min_child_weight": 1.0964307616441276, "log10_subsample": -0.23142289002079952, "max_depth": 4.0, "num_boost_round": 21.0}, "datetime": {"datetime": "2024-01-19 00:58:43", "elapsed": 2776.159476, "delta": 0.003233}}
{"target": -13.758452666775694, "params": {"gamma": 556.0641633572673, "log10_alpha": -0.669956372044135, "log10_colsample_bytree": -0.7446747166453286, "log10_eta": -3.6701570297343826, "log10_lambda": -4.369048443813417, "log10_min_child_weight": 1.0964307616441276, "log10_subsample": -0.23142289002079952, "max_depth": 4.0, "num_boost_round": 22.0}, "datetime": {"datetime": "2024-01-19 00:58:43", "elapsed": 2776.162697, "delta": 0.003221}}
{"target": -13.758446117083553, "params": {"gamma": 556.0641633572673, "log10_alpha": -0.669956372044135, "log10_colsample_bytree": -0.7446747166453286, "log10_eta": -3.6701570297343826, "log10_lambda": -4.369048443813417, "log10_min_child_weight": 1.0964307616441276, "log10_subsample": -0.23142289002079952, "max_depth": 4.0, "num_boost_round": 23.0}, "datetime": {"datetime": "2024-01-19 00:58:43", "elapsed": 2776.16587, "delta": 0.003173}}
{"target": -13.758442209879085, "params": {"gamma": 556.0641633572673, "log10_alpha": -0.669956372044135, "log10_colsample_bytree": -0.7446747166453286, "log10_eta": -3.6701570297343826, "log10_lambda": -4.369048443813417, "log10_min_child_weight": 1.0964307616441276, "log10_subsample": -0.23142289002079952, "max_depth": 4.0, "num_boost_round": 24.0}, "datetime": {"datetime": "2024-01-19 00:58:43", "elapsed": 2776.16908, "delta": 0.00321}}
{"target": -13.75843675240827, "params": {"gamma": 556.0641633572673, "log10_alpha": -0.669956372044135, "log10_colsample_bytree": -0.7446747166453286, "log10_eta": -3.6701570297343826, "log10_lambda": -4.369048443813417, "log10_min_child_weight": 1.0964307616441276, "log10_subsample": -0.23142289002079952, "max_depth": 4.0, "num_boost_round": 25.0}, "datetime": {"datetime": "2024-01-19 00:58:43", "elapsed": 2776.172406, "delta": 0.003326}}
{"target": -13.75843119037713, "params": {"gamma": 556.0641633572673, "log10_alpha": -0.669956372044135, "log10_colsample_bytree": -0.7446747166453286, "log10_eta": -3.6701570297343826, "log10_lambda": -4.369048443813417, "log10_min_child_weight": 1.0964307616441276, "log10_subsample": -0.23142289002079952, "max_depth": 4.0, "num_boost_round": 26.0}, "datetime": {"datetime": "2024-01-19 00:58:43", "elapsed": 2776.175917, "delta": 0.003511}}
{"target": -13.758425194326572, "params": {"gamma": 556.0641633572673, "log10_alpha": -0.669956372044135, "log10_colsample_bytree": -0.7446747166453286, "log10_eta": -3.6701570297343826, "log10_lambda": -4.369048443813417, "log10_min_child_weight": 1.0964307616441276, "log10_subsample": -0.23142289002079952, "max_depth": 4.0, "num_boost_round": 27.0}, "datetime": {"datetime": "2024-01-19 00:58:43", "elapsed": 2776.17942, "delta": 0.003503}}
{"target": -13.758421483447986, "params": {"gamma": 556.0641633572673, "log10_alpha": -0.669956372044135, "log10_colsample_bytree": -0.7446747166453286, "log10_eta": -3.6701570297343826, "log10_lambda": -4.369048443813417, "log10_min_child_weight": 1.0964307616441276, "log10_subsample": -0.23142289002079952, "max_depth": 4.0, "num_boost_round": 28.0}, "datetime": {"datetime": "2024-01-19 00:58:43", "elapsed": 2776.182856, "delta": 0.003436}}
{"target": -13.758414981415509, "params": {"gamma": 556.0641633572673, "log10_alpha": -0.669956372044135, "log10_colsample_bytree": -0.7446747166453286, "log10_eta": -3.6701570297343826, "log10_lambda": -4.369048443813417, "log10_min_child_weight": 1.0964307616441276, "log10_subsample": -0.23142289002079952, "max_depth": 4.0, "num_boost_round": 29.0}, "datetime": {"datetime": "2024-01-19 00:58:43", "elapsed": 2776.186089, "delta": 0.003233}}
{"target": -13.758413222859529, "params": {"gamma": 556.0641633572673, "log10_alpha": -0.669956372044135, "log10_colsample_bytree": -0.7446747166453286, "log10_eta": -3.6701570297343826, "log10_lambda": -4.369048443813417, "log10_min_child_weight": 1.0964307616441276, "log10_subsample": -0.23142289002079952, "max_depth": 4.0, "num_boost_round": 30.0}, "datetime": {"datetime": "2024-01-19 00:58:43", "elapsed": 2776.189334, "delta": 0.003245}}
{"target": -13.758081141960686, "params": {"gamma": 564.3789113343342, "log10_alpha": -3.167714314396524, "log10_colsample_bytree": -0.9405812195843423, "log10_eta": -1.6555343170059569, "log10_lambda": 0.8781087282633377, "log10_min_child_weight": 0.46435624099841366, "log10_subsample": -0.09973504038003844, "max_depth": 2.0, "num_boost_round": 0.0}, "datetime": {"datetime": "2024-01-19 00:59:40", "elapsed": 2832.704372, "delta": 56.515038}}
{"target": -13.75784527813755, "params": {"gamma": 564.3789113343342, "log10_alpha": -3.167714314396524, "log10_colsample_bytree": -0.9405812195843423, "log10_eta": -1.6555343170059569, "log10_lambda": 0.8781087282633377, "log10_min_child_weight": 0.46435624099841366, "log10_subsample": -0.09973504038003844, "max_depth": 2.0, "num_boost_round": 1.0}, "datetime": {"datetime": "2024-01-19 00:59:40", "elapsed": 2832.708514, "delta": 0.004142}}
{"target": -13.757832563239656, "params": {"gamma": 564.3789113343342, "log10_alpha": -3.167714314396524, "log10_colsample_bytree": -0.9405812195843423, "log10_eta": -1.6555343170059569, "log10_lambda": 0.8781087282633377, "log10_min_child_weight": 0.46435624099841366, "log10_subsample": -0.09973504038003844, "max_depth": 2.0, "num_boost_round": 2.0}, "datetime": {"datetime": "2024-01-19 00:59:40", "elapsed": 2832.711988, "delta": 0.003474}}
{"target": -13.757981845133509, "params": {"gamma": 564.3789113343342, "log10_alpha": -3.167714314396524, "log10_colsample_bytree": -0.9405812195843423, "log10_eta": -1.6555343170059569, "log10_lambda": 0.8781087282633377, "log10_min_child_weight": 0.46435624099841366, "log10_subsample": -0.09973504038003844, "max_depth": 2.0, "num_boost_round": 3.0}, "datetime": {"datetime": "2024-01-19 00:59:40", "elapsed": 2832.715441, "delta": 0.003453}}
{"target": -13.757927216024012, "params": {"gamma": 564.3789113343342, "log10_alpha": -3.167714314396524, "log10_colsample_bytree": -0.9405812195843423, "log10_eta": -1.6555343170059569, "log10_lambda": 0.8781087282633377, "log10_min_child_weight": 0.46435624099841366, "log10_subsample": -0.09973504038003844, "max_depth": 2.0, "num_boost_round": 4.0}, "datetime": {"datetime": "2024-01-19 00:59:40", "elapsed": 2832.718757, "delta": 0.003316}}
{"target": -13.757692670034288, "params": {"gamma": 564.3789113343342, "log10_alpha": -3.167714314396524, "log10_colsample_bytree": -0.9405812195843423, "log10_eta": -1.6555343170059569, "log10_lambda": 0.8781087282633377, "log10_min_child_weight": 0.46435624099841366, "log10_subsample": -0.09973504038003844, "max_depth": 2.0, "num_boost_round": 5.0}, "datetime": {"datetime": "2024-01-19 00:59:40", "elapsed": 2832.722135, "delta": 0.003378}}
{"target": -13.757804134533197, "params": {"gamma": 564.3789113343342, "log10_alpha": -3.167714314396524, "log10_colsample_bytree": -0.9405812195843423, "log10_eta": -1.6555343170059569, "log10_lambda": 0.8781087282633377, "log10_min_child_weight": 0.46435624099841366, "log10_subsample": -0.09973504038003844, "max_depth": 2.0, "num_boost_round": 6.0}, "datetime": {"datetime": "2024-01-19 00:59:40", "elapsed": 2832.725613, "delta": 0.003478}}
{"target": -13.757452885001115, "params": {"gamma": 564.3789113343342, "log10_alpha": -3.167714314396524, "log10_colsample_bytree": -0.9405812195843423, "log10_eta": -1.6555343170059569, "log10_lambda": 0.8781087282633377, "log10_min_child_weight": 0.46435624099841366, "log10_subsample": -0.09973504038003844, "max_depth": 2.0, "num_boost_round": 7.0}, "datetime": {"datetime": "2024-01-19 00:59:40", "elapsed": 2832.729051, "delta": 0.003438}}
{"target": -13.75773560322963, "params": {"gamma": 564.3789113343342, "log10_alpha": -3.167714314396524, "log10_colsample_bytree": -0.9405812195843423, "log10_eta": -1.6555343170059569, "log10_lambda": 0.8781087282633377, "log10_min_child_weight": 0.46435624099841366, "log10_subsample": -0.09973504038003844, "max_depth": 2.0, "num_boost_round": 8.0}, "datetime": {"datetime": "2024-01-19 00:59:40", "elapsed": 2832.732585, "delta": 0.003534}}
{"target": -13.757549687806254, "params": {"gamma": 564.3789113343342, "log10_alpha": -3.167714314396524, "log10_colsample_bytree": -0.9405812195843423, "log10_eta": -1.6555343170059569, "log10_lambda": 0.8781087282633377, "log10_min_child_weight": 0.46435624099841366, "log10_subsample": -0.09973504038003844, "max_depth": 2.0, "num_boost_round": 9.0}, "datetime": {"datetime": "2024-01-19 00:59:40", "elapsed": 2832.736065, "delta": 0.00348}}
{"target": -13.757630135047954, "params": {"gamma": 564.3789113343342, "log10_alpha": -3.167714314396524, "log10_colsample_bytree": -0.9405812195843423, "log10_eta": -1.6555343170059569, "log10_lambda": 0.8781087282633377, "log10_min_child_weight": 0.46435624099841366, "log10_subsample": -0.09973504038003844, "max_depth": 2.0, "num_boost_round": 10.0}, "datetime": {"datetime": "2024-01-19 00:59:40", "elapsed": 2832.73943, "delta": 0.003365}}
{"target": -13.757290637524862, "params": {"gamma": 564.3789113343342, "log10_alpha": -3.167714314396524, "log10_colsample_bytree": -0.9405812195843423, "log10_eta": -1.6555343170059569, "log10_lambda": 0.8781087282633377, "log10_min_child_weight": 0.46435624099841366, "log10_subsample": -0.09973504038003844, "max_depth": 2.0, "num_boost_round": 11.0}, "datetime": {"datetime": "2024-01-19 00:59:40", "elapsed": 2832.742783, "delta": 0.003353}}
{"target": -13.757096890670438, "params": {"gamma": 564.3789113343342, "log10_alpha": -3.167714314396524, "log10_colsample_bytree": -0.9405812195843423, "log10_eta": -1.6555343170059569, "log10_lambda": 0.8781087282633377, "log10_min_child_weight": 0.46435624099841366, "log10_subsample": -0.09973504038003844, "max_depth": 2.0, "num_boost_round": 12.0}, "datetime": {"datetime": "2024-01-19 00:59:40", "elapsed": 2832.746137, "delta": 0.003354}}
{"target": -13.756743191812857, "params": {"gamma": 564.3789113343342, "log10_alpha": -3.167714314396524, "log10_colsample_bytree": -0.9405812195843423, "log10_eta": -1.6555343170059569, "log10_lambda": 0.8781087282633377, "log10_min_child_weight": 0.46435624099841366, "log10_subsample": -0.09973504038003844, "max_depth": 2.0, "num_boost_round": 13.0}, "datetime": {"datetime": "2024-01-19 00:59:40", "elapsed": 2832.749556, "delta": 0.003419}}
{"target": -13.756709923111787, "params": {"gamma": 564.3789113343342, "log10_alpha": -3.167714314396524, "log10_colsample_bytree": -0.9405812195843423, "log10_eta": -1.6555343170059569, "log10_lambda": 0.8781087282633377, "log10_min_child_weight": 0.46435624099841366, "log10_subsample": -0.09973504038003844, "max_depth": 2.0, "num_boost_round": 14.0}, "datetime": {"datetime": "2024-01-19 00:59:40", "elapsed": 2832.753126, "delta": 0.00357}}
{"target": -13.756512336493886, "params": {"gamma": 564.3789113343342, "log10_alpha": -3.167714314396524, "log10_colsample_bytree": -0.9405812195843423, "log10_eta": -1.6555343170059569, "log10_lambda": 0.8781087282633377, "log10_min_child_weight": 0.46435624099841366, "log10_subsample": -0.09973504038003844, "max_depth": 2.0, "num_boost_round": 15.0}, "datetime": {"datetime": "2024-01-19 00:59:40", "elapsed": 2832.756569, "delta": 0.003443}}
{"target": -13.75643715876003, "params": {"gamma": 564.3789113343342, "log10_alpha": -3.167714314396524, "log10_colsample_bytree": -0.9405812195843423, "log10_eta": -1.6555343170059569, "log10_lambda": 0.8781087282633377, "log10_min_child_weight": 0.46435624099841366, "log10_subsample": -0.09973504038003844, "max_depth": 2.0, "num_boost_round": 16.0}, "datetime": {"datetime": "2024-01-19 00:59:40", "elapsed": 2832.759983, "delta": 0.003414}}
{"target": -13.756338224568744, "params": {"gamma": 564.3789113343342, "log10_alpha": -3.167714314396524, "log10_colsample_bytree": -0.9405812195843423, "log10_eta": -1.6555343170059569, "log10_lambda": 0.8781087282633377, "log10_min_child_weight": 0.46435624099841366, "log10_subsample": -0.09973504038003844, "max_depth": 2.0, "num_boost_round": 17.0}, "datetime": {"datetime": "2024-01-19 00:59:40", "elapsed": 2832.763393, "delta": 0.00341}}
{"target": -13.7561401109574, "params": {"gamma": 564.3789113343342, "log10_alpha": -3.167714314396524, "log10_colsample_bytree": -0.9405812195843423, "log10_eta": -1.6555343170059569, "log10_lambda": 0.8781087282633377, "log10_min_child_weight": 0.46435624099841366, "log10_subsample": -0.09973504038003844, "max_depth": 2.0, "num_boost_round": 18.0}, "datetime": {"datetime": "2024-01-19 00:59:40", "elapsed": 2832.766728, "delta": 0.003335}}
{"target": -13.755875862006057, "params": {"gamma": 564.3789113343342, "log10_alpha": -3.167714314396524, "log10_colsample_bytree": -0.9405812195843423, "log10_eta": -1.6555343170059569, "log10_lambda": 0.8781087282633377, "log10_min_child_weight": 0.46435624099841366, "log10_subsample": -0.09973504038003844, "max_depth": 2.0, "num_boost_round": 19.0}, "datetime": {"datetime": "2024-01-19 00:59:40", "elapsed": 2832.770059, "delta": 0.003331}}
{"target": -13.755705070354248, "params": {"gamma": 564.3789113343342, "log10_alpha": -3.167714314396524, "log10_colsample_bytree": -0.9405812195843423, "log10_eta": -1.6555343170059569, "log10_lambda": 0.8781087282633377, "log10_min_child_weight": 0.46435624099841366, "log10_subsample": -0.09973504038003844, "max_depth": 2.0, "num_boost_round": 20.0}, "datetime": {"datetime": "2024-01-19 00:59:40", "elapsed": 2832.773553, "delta": 0.003494}}
{"target": -13.755631510174897, "params": {"gamma": 564.3789113343342, "log10_alpha": -3.167714314396524, "log10_colsample_bytree": -0.9405812195843423, "log10_eta": -1.6555343170059569, "log10_lambda": 0.8781087282633377, "log10_min_child_weight": 0.46435624099841366, "log10_subsample": -0.09973504038003844, "max_depth": 2.0, "num_boost_round": 21.0}, "datetime": {"datetime": "2024-01-19 00:59:40", "elapsed": 2832.776894, "delta": 0.003341}}
{"target": -13.755582737333576, "params": {"gamma": 564.3789113343342, "log10_alpha": -3.167714314396524, "log10_colsample_bytree": -0.9405812195843423, "log10_eta": -1.6555343170059569, "log10_lambda": 0.8781087282633377, "log10_min_child_weight": 0.46435624099841366, "log10_subsample": -0.09973504038003844, "max_depth": 2.0, "num_boost_round": 22.0}, "datetime": {"datetime": "2024-01-19 00:59:40", "elapsed": 2832.780253, "delta": 0.003359}}
{"target": -13.755481553380873, "params": {"gamma": 564.3789113343342, "log10_alpha": -3.167714314396524, "log10_colsample_bytree": -0.9405812195843423, "log10_eta": -1.6555343170059569, "log10_lambda": 0.8781087282633377, "log10_min_child_weight": 0.46435624099841366, "log10_subsample": -0.09973504038003844, "max_depth": 2.0, "num_boost_round": 23.0}, "datetime": {"datetime": "2024-01-19 00:59:40", "elapsed": 2832.783566, "delta": 0.003313}}
{"target": -13.755517854040251, "params": {"gamma": 564.3789113343342, "log10_alpha": -3.167714314396524, "log10_colsample_bytree": -0.9405812195843423, "log10_eta": -1.6555343170059569, "log10_lambda": 0.8781087282633377, "log10_min_child_weight": 0.46435624099841366, "log10_subsample": -0.09973504038003844, "max_depth": 2.0, "num_boost_round": 24.0}, "datetime": {"datetime": "2024-01-19 00:59:40", "elapsed": 2832.786847, "delta": 0.003281}}
{"target": -13.755309922576478, "params": {"gamma": 564.3789113343342, "log10_alpha": -3.167714314396524, "log10_colsample_bytree": -0.9405812195843423, "log10_eta": -1.6555343170059569, "log10_lambda": 0.8781087282633377, "log10_min_child_weight": 0.46435624099841366, "log10_subsample": -0.09973504038003844, "max_depth": 2.0, "num_boost_round": 25.0}, "datetime": {"datetime": "2024-01-19 00:59:40", "elapsed": 2832.790115, "delta": 0.003268}}
{"target": -13.755445756603395, "params": {"gamma": 564.3789113343342, "log10_alpha": -3.167714314396524, "log10_colsample_bytree": -0.9405812195843423, "log10_eta": -1.6555343170059569, "log10_lambda": 0.8781087282633377, "log10_min_child_weight": 0.46435624099841366, "log10_subsample": -0.09973504038003844, "max_depth": 2.0, "num_boost_round": 26.0}, "datetime": {"datetime": "2024-01-19 00:59:40", "elapsed": 2832.793595, "delta": 0.00348}}
{"target": -13.755345493784375, "params": {"gamma": 564.3789113343342, "log10_alpha": -3.167714314396524, "log10_colsample_bytree": -0.9405812195843423, "log10_eta": -1.6555343170059569, "log10_lambda": 0.8781087282633377, "log10_min_child_weight": 0.46435624099841366, "log10_subsample": -0.09973504038003844, "max_depth": 2.0, "num_boost_round": 27.0}, "datetime": {"datetime": "2024-01-19 00:59:40", "elapsed": 2832.797093, "delta": 0.003498}}
{"target": -13.755338780955084, "params": {"gamma": 564.3789113343342, "log10_alpha": -3.167714314396524, "log10_colsample_bytree": -0.9405812195843423, "log10_eta": -1.6555343170059569, "log10_lambda": 0.8781087282633377, "log10_min_child_weight": 0.46435624099841366, "log10_subsample": -0.09973504038003844, "max_depth": 2.0, "num_boost_round": 28.0}, "datetime": {"datetime": "2024-01-19 00:59:40", "elapsed": 2832.800556, "delta": 0.003463}}
{"target": -13.755382907535244, "params": {"gamma": 564.3789113343342, "log10_alpha": -3.167714314396524, "log10_colsample_bytree": -0.9405812195843423, "log10_eta": -1.6555343170059569, "log10_lambda": 0.8781087282633377, "log10_min_child_weight": 0.46435624099841366, "log10_subsample": -0.09973504038003844, "max_depth": 2.0, "num_boost_round": 29.0}, "datetime": {"datetime": "2024-01-19 00:59:40", "elapsed": 2832.803851, "delta": 0.003295}}
{"target": -13.755136710808294, "params": {"gamma": 564.3789113343342, "log10_alpha": -3.167714314396524, "log10_colsample_bytree": -0.9405812195843423, "log10_eta": -1.6555343170059569, "log10_lambda": 0.8781087282633377, "log10_min_child_weight": 0.46435624099841366, "log10_subsample": -0.09973504038003844, "max_depth": 2.0, "num_boost_round": 30.0}, "datetime": {"datetime": "2024-01-19 00:59:40", "elapsed": 2832.807163, "delta": 0.003312}}
{"target": -13.754958934550626, "params": {"gamma": 564.3789113343342, "log10_alpha": -3.167714314396524, "log10_colsample_bytree": -0.9405812195843423, "log10_eta": -1.6555343170059569, "log10_lambda": 0.8781087282633377, "log10_min_child_weight": 0.46435624099841366, "log10_subsample": -0.09973504038003844, "max_depth": 2.0, "num_boost_round": 31.0}, "datetime": {"datetime": "2024-01-19 00:59:40", "elapsed": 2832.81045, "delta": 0.003287}}
{"target": -13.75487832907275, "params": {"gamma": 564.3789113343342, "log10_alpha": -3.167714314396524, "log10_colsample_bytree": -0.9405812195843423, "log10_eta": -1.6555343170059569, "log10_lambda": 0.8781087282633377, "log10_min_child_weight": 0.46435624099841366, "log10_subsample": -0.09973504038003844, "max_depth": 2.0, "num_boost_round": 32.0}, "datetime": {"datetime": "2024-01-19 00:59:40", "elapsed": 2832.813859, "delta": 0.003409}}
