{"target": -13.758483875069395, "params": {"gamma": 398.2500963093061, "log10_alpha": 1.0, "log10_colsample_bytree": -0.6267554482448481, "log10_eta": -4.0, "log10_lambda": -5.0, "log10_min_child_weight": 2.369421362687161, "log10_subsample": -0.8587738540626205, "max_depth": 2.0, "num_boost_round": 68.0}, "datetime": {"datetime": "2024-01-19 01:13:20", "elapsed": 3704.024738, "delta": 0.004863}}
{"target": -13.758483046909264, "params": {"gamma": 398.2500963093061, "log10_alpha": 1.0, "log10_colsample_bytree": -0.6267554482448481, "log10_eta": -4.0, "log10_lambda": -5.0, "log10_min_child_weight": 2.369421362687161, "log10_subsample": -0.8587738540626205, "max_depth": 2.0, "num_boost_round": 69.0}, "datetime": {"datetime": "2024-01-19 01:13:20", "elapsed": 3704.029728, "delta": 0.00499}}
{"target": -13.75848352309048, "params": {"gamma": 398.2500963093061, "log10_alpha": 1.0, "log10_colsample_bytree": -0.6267554482448481, "log10_eta": -4.0, "log10_lambda": -5.0, "log10_min_child_weight": 2.369421362687161, "log10_subsample": -0.8587738540626205, "max_depth": 2.0, "num_boost_round": 70.0}, "datetime": {"datetime": "2024-01-19 01:13:20", "elapsed": 3704.034625, "delta": 0.004897}}
{"target": -13.75848346097201, "params": {"gamma": 398.2500963093061, "log10_alpha": 1.0, "log10_colsample_bytree": -0.6267554482448481, "log10_eta": -4.0, "log10_lambda": -5.0, "log10_min_child_weight": 2.369421362687161, "log10_subsample": -0.8587738540626205, "max_depth": 2.0, "num_boost_round": 71.0}, "datetime": {"datetime": "2024-01-19 01:13:20", "elapsed": 3704.039575, "delta": 0.00495}}
{"target": -13.758472057626792, "params": {"gamma": 437.12376818519084, "log10_alpha": -0.23180894592898493, "log10_colsample_bytree": -0.024621853597736165, "log10_eta": -2.4143395471988907, "log10_lambda": -4.476398416391304, "log10_min_child_weight": 3.3660293554209253, "log10_subsample": -0.7862399099898439, "max_depth": 7.0, "num_boost_round": 0.0}, "datetime": {"datetime": "2024-01-19 01:14:32", "elapsed": 3775.925859, "delta": 71.886284}}
{"target": -13.758386718522608, "params": {"gamma": 437.12376818519084, "log10_alpha": -0.23180894592898493, "log10_colsample_bytree": -0.024621853597736165, "log10_eta": -2.4143395471988907, "log10_lambda": -4.476398416391304, "log10_min_child_weight": 3.3660293554209253, "log10_subsample": -0.7862399099898439, "max_depth": 7.0, "num_boost_round": 1.0}, "datetime": {"datetime": "2024-01-19 01:14:32", "elapsed": 3775.931327, "delta": 0.005468}}
{"target": -13.758310647287713, "params": {"gamma": 437.12376818519084, "log10_alpha": -0.23180894592898493, "log10_colsample_bytree": -0.024621853597736165, "log10_eta": -2.4143395471988907, "log10_lambda": -4.476398416391304, "log10_min_child_weight": 3.3660293554209253, "log10_subsample": -0.7862399099898439, "max_depth": 7.0, "num_boost_round": 2.0}, "datetime": {"datetime": "2024-01-19 01:14:32", "elapsed": 3775.936237, "delta": 0.00491}}
{"target": -13.758326670657905, "params": {"gamma": 437.12376818519084, "log10_alpha": -0.23180894592898493, "log10_colsample_bytree": -0.024621853597736165, "log10_eta": -2.4143395471988907, "log10_lambda": -4.476398416391304, "log10_min_child_weight": 3.3660293554209253, "log10_subsample": -0.7862399099898439, "max_depth": 7.0, "num_boost_round": 3.0}, "datetime": {"datetime": "2024-01-19 01:14:32", "elapsed": 3775.941115, "delta": 0.004878}}
{"target": -13.758287870819105, "params": {"gamma": 437.12376818519084, "log10_alpha": -0.23180894592898493, "log10_colsample_bytree": -0.024621853597736165, "log10_eta": -2.4143395471988907, "log10_lambda": -4.476398416391304, "log10_min_child_weight": 3.3660293554209253, "log10_subsample": -0.7862399099898439, "max_depth": 7.0, "num_boost_round": 4.0}, "datetime": {"datetime": "2024-01-19 01:14:32", "elapsed": 3775.94607, "delta": 0.004955}}
{"target": -13.758315946103764, "params": {"gamma": 437.12376818519084, "log10_alpha": -0.23180894592898493, "log10_colsample_bytree": -0.024621853597736165, "log10_eta": -2.4143395471988907, "log10_lambda": -4.476398416391304, "log10_min_child_weight": 3.3660293554209253, "log10_subsample": -0.7862399099898439, "max_depth": 7.0, "num_boost_round": 5.0}, "datetime": {"datetime": "2024-01-19 01:14:32", "elapsed": 3775.951037, "delta": 0.004967}}
{"target": -13.758266854543201, "params": {"gamma": 437.12376818519084, "log10_alpha": -0.23180894592898493, "log10_colsample_bytree": -0.024621853597736165, "log10_eta": -2.4143395471988907, "log10_lambda": -4.476398416391304, "log10_min_child_weight": 3.3660293554209253, "log10_subsample": -0.7862399099898439, "max_depth": 7.0, "num_boost_round": 6.0}, "datetime": {"datetime": "2024-01-19 01:14:32", "elapsed": 3775.955955, "delta": 0.004918}}
{"target": -13.758187193344924, "params": {"gamma": 437.12376818519084, "log10_alpha": -0.23180894592898493, "log10_colsample_bytree": -0.024621853597736165, "log10_eta": -2.4143395471988907, "log10_lambda": -4.476398416391304, "log10_min_child_weight": 3.3660293554209253, "log10_subsample": -0.7862399099898439, "max_depth": 7.0, "num_boost_round": 7.0}, "datetime": {"datetime": "2024-01-19 01:14:32", "elapsed": 3775.960846, "delta": 0.004891}}
{"target": -13.758179949216942, "params": {"gamma": 437.12376818519084, "log10_alpha": -0.23180894592898493, "log10_colsample_bytree": -0.024621853597736165, "log10_eta": -2.4143395471988907, "log10_lambda": -4.476398416391304, "log10_min_child_weight": 3.3660293554209253, "log10_subsample": -0.7862399099898439, "max_depth": 7.0, "num_boost_round": 8.0}, "datetime": {"datetime": "2024-01-19 01:14:32", "elapsed": 3775.965742, "delta": 0.004896}}
{"target": -13.758159026242874, "params": {"gamma": 437.12376818519084, "log10_alpha": -0.23180894592898493, "log10_colsample_bytree": -0.024621853597736165, "log10_eta": -2.4143395471988907, "log10_lambda": -4.476398416391304, "log10_min_child_weight": 3.3660293554209253, "log10_subsample": -0.7862399099898439, "max_depth": 7.0, "num_boost_round": 9.0}, "datetime": {"datetime": "2024-01-19 01:14:32", "elapsed": 3775.970715, "delta": 0.004973}}
{"target": -13.758130629481863, "params": {"gamma": 437.12376818519084, "log10_alpha": -0.23180894592898493, "log10_colsample_bytree": -0.024621853597736165, "log10_eta": -2.4143395471988907, "log10_lambda": -4.476398416391304, "log10_min_child_weight": 3.3660293554209253, "log10_subsample": -0.7862399099898439, "max_depth": 7.0, "num_boost_round": 10.0}, "datetime": {"datetime": "2024-01-19 01:14:32", "elapsed": 3775.975707, "delta": 0.004992}}
{"target": -13.758066231587533, "params": {"gamma": 437.12376818519084, "log10_alpha": -0.23180894592898493, "log10_colsample_bytree": -0.024621853597736165, "log10_eta": -2.4143395471988907, "log10_lambda": -4.476398416391304, "log10_min_child_weight": 3.3660293554209253, "log10_subsample": -0.7862399099898439, "max_depth": 7.0, "num_boost_round": 11.0}, "datetime": {"datetime": "2024-01-19 01:14:32", "elapsed": 3775.980539, "delta": 0.004832}}
{"target": -13.75792414187758, "params": {"gamma": 437.12376818519084, "log10_alpha": -0.23180894592898493, "log10_colsample_bytree": -0.024621853597736165, "log10_eta": -2.4143395471988907, "log10_lambda": -4.476398416391304, "log10_min_child_weight": 3.3660293554209253, "log10_subsample": -0.7862399099898439, "max_depth": 7.0, "num_boost_round": 12.0}, "datetime": {"datetime": "2024-01-19 01:14:32", "elapsed": 3775.985374, "delta": 0.004835}}
{"target": -13.757880553126942, "params": {"gamma": 437.12376818519084, "log10_alpha": -0.23180894592898493, "log10_colsample_bytree": -0.024621853597736165, "log10_eta": -2.4143395471988907, "log10_lambda": -4.476398416391304, "log10_min_child_weight": 3.3660293554209253, "log10_subsample": -0.7862399099898439, "max_depth": 7.0, "num_boost_round": 13.0}, "datetime": {"datetime": "2024-01-19 01:14:32", "elapsed": 3775.990377, "delta": 0.005003}}
{"target": -13.75789926361811, "params": {"gamma": 437.12376818519084, "log10_alpha": -0.23180894592898493, "log10_colsample_bytree": -0.024621853597736165, "log10_eta": -2.4143395471988907, "log10_lambda": -4.476398416391304, "log10_min_child_weight": 3.3660293554209253, "log10_subsample": -0.7862399099898439, "max_depth": 7.0, "num_boost_round": 14.0}, "datetime": {"datetime": "2024-01-19 01:14:32", "elapsed": 3775.995383, "delta": 0.005006}}
{"target": -13.757913431166136, "params": {"gamma": 437.12376818519084, "log10_alpha": -0.23180894592898493, "log10_colsample_bytree": -0.024621853597736165, "log10_eta": -2.4143395471988907, "log10_lambda": -4.476398416391304, "log10_min_child_weight": 3.3660293554209253, "log10_subsample": -0.7862399099898439, "max_depth": 7.0, "num_boost_round": 15.0}, "datetime": {"datetime": "2024-01-19 01:14:32", "elapsed": 3776.000511, "delta": 0.005128}}
{"target": -13.757865729610566, "params": {"gamma": 437.12376818519084, "log10_alpha": -0.23180894592898493, "log10_colsample_bytree": -0.024621853597736165, "log10_eta": -2.4143395471988907, "log10_lambda": -4.476398416391304, "log10_min_child_weight": 3.3660293554209253, "log10_subsample": -0.7862399099898439, "max_depth": 7.0, "num_boost_round": 16.0}, "datetime": {"datetime": "2024-01-19 01:14:32", "elapsed": 3776.005502, "delta": 0.004991}}
{"target": -13.75786272118925, "params": {"gamma": 437.12376818519084, "log10_alpha": -0.23180894592898493, "log10_colsample_bytree": -0.024621853597736165, "log10_eta": -2.4143395471988907, "log10_lambda": -4.476398416391304, "log10_min_child_weight": 3.3660293554209253, "log10_subsample": -0.7862399099898439, "max_depth": 7.0, "num_boost_round": 17.0}, "datetime": {"datetime": "2024-01-19 01:14:32", "elapsed": 3776.010558, "delta": 0.005056}}
{"target": -13.757831118277268, "params": {"gamma": 437.12376818519084, "log10_alpha": -0.23180894592898493, "log10_colsample_bytree": -0.024621853597736165, "log10_eta": -2.4143395471988907, "log10_lambda": -4.476398416391304, "log10_min_child_weight": 3.3660293554209253, "log10_subsample": -0.7862399099898439, "max_depth": 7.0, "num_boost_round": 18.0}, "datetime": {"datetime": "2024-01-19 01:14:32", "elapsed": 3776.015441, "delta": 0.004883}}
{"target": -13.757839113588389, "params": {"gamma": 437.12376818519084, "log10_alpha": -0.23180894592898493, "log10_colsample_bytree": -0.024621853597736165, "log10_eta": -2.4143395471988907, "log10_lambda": -4.476398416391304, "log10_min_child_weight": 3.3660293554209253, "log10_subsample": -0.7862399099898439, "max_depth": 7.0, "num_boost_round": 19.0}, "datetime": {"datetime": "2024-01-19 01:14:32", "elapsed": 3776.020368, "delta": 0.004927}}
{"target": -13.757722627933665, "params": {"gamma": 437.12376818519084, "log10_alpha": -0.23180894592898493, "log10_colsample_bytree": -0.024621853597736165, "log10_eta": -2.4143395471988907, "log10_lambda": -4.476398416391304, "log10_min_child_weight": 3.3660293554209253, "log10_subsample": -0.7862399099898439, "max_depth": 7.0, "num_boost_round": 20.0}, "datetime": {"datetime": "2024-01-19 01:14:32", "elapsed": 3776.025249, "delta": 0.004881}}
{"target": -13.757700812888412, "params": {"gamma": 437.12376818519084, "log10_alpha": -0.23180894592898493, "log10_colsample_bytree": -0.024621853597736165, "log10_eta": -2.4143395471988907, "log10_lambda": -4.476398416391304, "log10_min_child_weight": 3.3660293554209253, "log10_subsample": -0.7862399099898439, "max_depth": 7.0, "num_boost_round": 21.0}, "datetime": {"datetime": "2024-01-19 01:14:32", "elapsed": 3776.030283, "delta": 0.005034}}
{"target": -13.757663937463313, "params": {"gamma": 437.12376818519084, "log10_alpha": -0.23180894592898493, "log10_colsample_bytree": -0.024621853597736165, "log10_eta": -2.4143395471988907, "log10_lambda": -4.476398416391304, "log10_min_child_weight": 3.3660293554209253, "log10_subsample": -0.7862399099898439, "max_depth": 7.0, "num_boost_round": 22.0}, "datetime": {"datetime": "2024-01-19 01:14:32", "elapsed": 3776.035266, "delta": 0.004983}}
{"target": -13.757600394365756, "params": {"gamma": 437.12376818519084, "log10_alpha": -0.23180894592898493, "log10_colsample_bytree": -0.024621853597736165, "log10_eta": -2.4143395471988907, "log10_lambda": -4.476398416391304, "log10_min_child_weight": 3.3660293554209253, "log10_subsample": -0.7862399099898439, "max_depth": 7.0, "num_boost_round": 23.0}, "datetime": {"datetime": "2024-01-19 01:14:32", "elapsed": 3776.040152, "delta": 0.004886}}
{"target": -13.75753482656067, "params": {"gamma": 437.12376818519084, "log10_alpha": -0.23180894592898493, "log10_colsample_bytree": -0.024621853597736165, "log10_eta": -2.4143395471988907, "log10_lambda": -4.476398416391304, "log10_min_child_weight": 3.3660293554209253, "log10_subsample": -0.7862399099898439, "max_depth": 7.0, "num_boost_round": 24.0}, "datetime": {"datetime": "2024-01-19 01:14:32", "elapsed": 3776.045093, "delta": 0.004941}}
{"target": -13.757487017042793, "params": {"gamma": 437.12376818519084, "log10_alpha": -0.23180894592898493, "log10_colsample_bytree": -0.024621853597736165, "log10_eta": -2.4143395471988907, "log10_lambda": -4.476398416391304, "log10_min_child_weight": 3.3660293554209253, "log10_subsample": -0.7862399099898439, "max_depth": 7.0, "num_boost_round": 25.0}, "datetime": {"datetime": "2024-01-19 01:14:32", "elapsed": 3776.050116, "delta": 0.005023}}
{"target": -13.75740934437488, "params": {"gamma": 437.12376818519084, "log10_alpha": -0.23180894592898493, "log10_colsample_bytree": -0.024621853597736165, "log10_eta": -2.4143395471988907, "log10_lambda": -4.476398416391304, "log10_min_child_weight": 3.3660293554209253, "log10_subsample": -0.7862399099898439, "max_depth": 7.0, "num_boost_round": 26.0}, "datetime": {"datetime": "2024-01-19 01:14:32", "elapsed": 3776.055001, "delta": 0.004885}}
{"target": -13.757451763733552, "params": {"gamma": 437.12376818519084, "log10_alpha": -0.23180894592898493, "log10_colsample_bytree": -0.024621853597736165, "log10_eta": -2.4143395471988907, "log10_lambda": -4.476398416391304, "log10_min_child_weight": 3.3660293554209253, "log10_subsample": -0.7862399099898439, "max_depth": 7.0, "num_boost_round": 27.0}, "datetime": {"datetime": "2024-01-19 01:14:32", "elapsed": 3776.059935, "delta": 0.004934}}
{"target": -13.757426747455977, "params": {"gamma": 437.12376818519084, "log10_alpha": -0.23180894592898493, "log10_colsample_bytree": -0.024621853597736165, "log10_eta": -2.4143395471988907, "log10_lambda": -4.476398416391304, "log10_min_child_weight": 3.3660293554209253, "log10_subsample": -0.7862399099898439, "max_depth": 7.0, "num_boost_round": 28.0}, "datetime": {"datetime": "2024-01-19 01:14:32", "elapsed": 3776.064946, "delta": 0.005011}}
{"target": -13.757389648405292, "params": {"gamma": 437.12376818519084, "log10_alpha": -0.23180894592898493, "log10_colsample_bytree": -0.024621853597736165, "log10_eta": -2.4143395471988907, "log10_lambda": -4.476398416391304, "log10_min_child_weight": 3.3660293554209253, "log10_subsample": -0.7862399099898439, "max_depth": 7.0, "num_boost_round": 29.0}, "datetime": {"datetime": "2024-01-19 01:14:32", "elapsed": 3776.070009, "delta": 0.005063}}
{"target": -13.75738604460157, "params": {"gamma": 437.12376818519084, "log10_alpha": -0.23180894592898493, "log10_colsample_bytree": -0.024621853597736165, "log10_eta": -2.4143395471988907, "log10_lambda": -4.476398416391304, "log10_min_child_weight": 3.3660293554209253, "log10_subsample": -0.7862399099898439, "max_depth": 7.0, "num_boost_round": 30.0}, "datetime": {"datetime": "2024-01-19 01:14:32", "elapsed": 3776.075994, "delta": 0.005985}}
{"target": -13.757416675948521, "params": {"gamma": 437.12376818519084, "log10_alpha": -0.23180894592898493, "log10_colsample_bytree": -0.024621853597736165, "log10_eta": -2.4143395471988907, "log10_lambda": -4.476398416391304, "log10_min_child_weight": 3.3660293554209253, "log10_subsample": -0.7862399099898439, "max_depth": 7.0, "num_boost_round": 31.0}, "datetime": {"datetime": "2024-01-19 01:14:32", "elapsed": 3776.080984, "delta": 0.00499}}
{"target": -13.757416140966725, "params": {"gamma": 437.12376818519084, "log10_alpha": -0.23180894592898493, "log10_colsample_bytree": -0.024621853597736165, "log10_eta": -2.4143395471988907, "log10_lambda": -4.476398416391304, "log10_min_child_weight": 3.3660293554209253, "log10_subsample": -0.7862399099898439, "max_depth": 7.0, "num_boost_round": 32.0}, "datetime": {"datetime": "2024-01-19 01:14:32", "elapsed": 3776.085896, "delta": 0.004912}}
{"target": -13.757426502037616, "params": {"gamma": 437.12376818519084, "log10_alpha": -0.23180894592898493, "log10_colsample_bytree": -0.024621853597736165, "log10_eta": -2.4143395471988907, "log10_lambda": -4.476398416391304, "log10_min_child_weight": 3.3660293554209253, "log10_subsample": -0.7862399099898439, "max_depth": 7.0, "num_boost_round": 33.0}, "datetime": {"datetime": "2024-01-19 01:14:32", "elapsed": 3776.091334, "delta": 0.005438}}
{"target": -13.757418897034634, "params": {"gamma": 437.12376818519084, "log10_alpha": -0.23180894592898493, "log10_colsample_bytree": -0.024621853597736165, "log10_eta": -2.4143395471988907, "log10_lambda": -4.476398416391304, "log10_min_child_weight": 3.3660293554209253, "log10_subsample": -0.7862399099898439, "max_depth": 7.0, "num_boost_round": 34.0}, "datetime": {"datetime": "2024-01-19 01:14:32", "elapsed": 3776.096715, "delta": 0.005381}}
{"target": -13.757347496838475, "params": {"gamma": 437.12376818519084, "log10_alpha": -0.23180894592898493, "log10_colsample_bytree": -0.024621853597736165, "log10_eta": -2.4143395471988907, "log10_lambda": -4.476398416391304, "log10_min_child_weight": 3.3660293554209253, "log10_subsample": -0.7862399099898439, "max_depth": 7.0, "num_boost_round": 35.0}, "datetime": {"datetime": "2024-01-19 01:14:33", "elapsed": 3776.101744, "delta": 0.005029}}
{"target": -13.757330314634153, "params": {"gamma": 437.12376818519084, "log10_alpha": -0.23180894592898493, "log10_colsample_bytree": -0.024621853597736165, "log10_eta": -2.4143395471988907, "log10_lambda": -4.476398416391304, "log10_min_child_weight": 3.3660293554209253, "log10_subsample": -0.7862399099898439, "max_depth": 7.0, "num_boost_round": 36.0}, "datetime": {"datetime": "2024-01-19 01:14:33", "elapsed": 3776.106766, "delta": 0.005022}}
{"target": -13.757369208984557, "params": {"gamma": 437.12376818519084, "log10_alpha": -0.23180894592898493, "log10_colsample_bytree": -0.024621853597736165, "log10_eta": -2.4143395471988907, "log10_lambda": -4.476398416391304, "log10_min_child_weight": 3.3660293554209253, "log10_subsample": -0.7862399099898439, "max_depth": 7.0, "num_boost_round": 37.0}, "datetime": {"datetime": "2024-01-19 01:14:33", "elapsed": 3776.111723, "delta": 0.004957}}
{"target": -13.757420831649773, "params": {"gamma": 437.12376818519084, "log10_alpha": -0.23180894592898493, "log10_colsample_bytree": -0.024621853597736165, "log10_eta": -2.4143395471988907, "log10_lambda": -4.476398416391304, "log10_min_child_weight": 3.3660293554209253, "log10_subsample": -0.7862399099898439, "max_depth": 7.0, "num_boost_round": 38.0}, "datetime": {"datetime": "2024-01-19 01:14:33", "elapsed": 3776.116683, "delta": 0.00496}}
{"target": -13.757398741021762, "params": {"gamma": 437.12376818519084, "log10_alpha": -0.23180894592898493, "log10_colsample_bytree": -0.024621853597736165, "log10_eta": -2.4143395471988907, "log10_lambda": -4.476398416391304, "log10_min_child_weight": 3.3660293554209253, "log10_subsample": -0.7862399099898439, "max_depth": 7.0, "num_boost_round": 39.0}, "datetime": {"datetime": "2024-01-19 01:14:33", "elapsed": 3776.121695, "delta": 0.005012}}
{"target": -13.757444686849501, "params": {"gamma": 437.12376818519084, "log10_alpha": -0.23180894592898493, "log10_colsample_bytree": -0.024621853597736165, "log10_eta": -2.4143395471988907, "log10_lambda": -4.476398416391304, "log10_min_child_weight": 3.3660293554209253, "log10_subsample": -0.7862399099898439, "max_depth": 7.0, "num_boost_round": 40.0}, "datetime": {"datetime": "2024-01-19 01:14:33", "elapsed": 3776.205903, "delta": 0.084208}}
{"target": -13.75743334198439, "params": {"gamma": 437.12376818519084, "log10_alpha": -0.23180894592898493, "log10_colsample_bytree": -0.024621853597736165, "log10_eta": -2.4143395471988907, "log10_lambda": -4.476398416391304, "log10_min_child_weight": 3.3660293554209253, "log10_subsample": -0.7862399099898439, "max_depth": 7.0, "num_boost_round": 41.0}, "datetime": {"datetime": "2024-01-19 01:14:33", "elapsed": 3776.211358, "delta": 0.005455}}
{"target": -13.757387851825937, "params": {"gamma": 437.12376818519084, "log10_alpha": -0.23180894592898493, "log10_colsample_bytree": -0.024621853597736165, "log10_eta": -2.4143395471988907, "log10_lambda": -4.476398416391304, "log10_min_child_weight": 3.3660293554209253, "log10_subsample": -0.7862399099898439, "max_depth": 7.0, "num_boost_round": 42.0}, "datetime": {"datetime": "2024-01-19 01:14:33", "elapsed": 3776.216536, "delta": 0.005178}}
{"target": -13.757348664130241, "params": {"gamma": 437.12376818519084, "log10_alpha": -0.23180894592898493, "log10_colsample_bytree": -0.024621853597736165, "log10_eta": -2.4143395471988907, "log10_lambda": -4.476398416391304, "log10_min_child_weight": 3.3660293554209253, "log10_subsample": -0.7862399099898439, "max_depth": 7.0, "num_boost_round": 43.0}, "datetime": {"datetime": "2024-01-19 01:14:33", "elapsed": 3776.221585, "delta": 0.005049}}
{"target": -13.757308885203624, "params": {"gamma": 437.12376818519084, "log10_alpha": -0.23180894592898493, "log10_colsample_bytree": -0.024621853597736165, "log10_eta": -2.4143395471988907, "log10_lambda": -4.476398416391304, "log10_min_child_weight": 3.3660293554209253, "log10_subsample": -0.7862399099898439, "max_depth": 7.0, "num_boost_round": 44.0}, "datetime": {"datetime": "2024-01-19 01:14:33", "elapsed": 3776.226656, "delta": 0.005071}}
