{"target": -17.677178179825177, "params": {"gamma": 7.596833215225184, "log10_alpha": -3.5200887460909844, "log10_colsample_bytree": -0.30818769662707785, "log10_eta": -4.0, "log10_lambda": -2.9604834486437075, "log10_min_child_weight": 0.0, "log10_subsample": -0.6718656754199869, "max_depth": 8.0, "num_boost_round": 10.0}, "datetime": {"datetime": "2024-01-19 00:26:21", "elapsed": 935.225397, "delta": 0.001117}}
{"target": -17.677171981684037, "params": {"gamma": 7.596833215225184, "log10_alpha": -3.5200887460909844, "log10_colsample_bytree": -0.30818769662707785, "log10_eta": -4.0, "log10_lambda": -2.9604834486437075, "log10_min_child_weight": 0.0, "log10_subsample": -0.6718656754199869, "max_depth": 8.0, "num_boost_round": 11.0}, "datetime": {"datetime": "2024-01-19 00:26:21", "elapsed": 935.226615, "delta": 0.001218}}
{"target": -17.677159827956974, "params": {"gamma": 7.596833215225184, "log10_alpha": -3.5200887460909844, "log10_colsample_bytree": -0.30818769662707785, "log10_eta": -4.0, "log10_lambda": -2.9604834486437075, "log10_min_child_weight": 0.0, "log10_subsample": -0.6718656754199869, "max_depth": 8.0, "num_boost_round": 12.0}, "datetime": {"datetime": "2024-01-19 00:26:21", "elapsed": 935.227752, "delta": 0.001137}}
{"target": -17.67715267877176, "params": {"gamma": 7.596833215225184, "log10_alpha": -3.5200887460909844, "log10_colsample_bytree": -0.30818769662707785, "log10_eta": -4.0, "log10_lambda": -2.9604834486437075, "log10_min_child_weight": 0.0, "log10_subsample": -0.6718656754199869, "max_depth": 8.0, "num_boost_round": 13.0}, "datetime": {"datetime": "2024-01-19 00:26:21", "elapsed": 935.228864, "delta": 0.001112}}
{"target": -17.677152002204526, "params": {"gamma": 7.596833215225184, "log10_alpha": -3.5200887460909844, "log10_colsample_bytree": -0.30818769662707785, "log10_eta": -4.0, "log10_lambda": -2.9604834486437075, "log10_min_child_weight": 0.0, "log10_subsample": -0.6718656754199869, "max_depth": 8.0, "num_boost_round": 14.0}, "datetime": {"datetime": "2024-01-19 00:26:21", "elapsed": 935.229976, "delta": 0.001112}}
{"target": -17.677142629921622, "params": {"gamma": 7.596833215225184, "log10_alpha": -3.5200887460909844, "log10_colsample_bytree": -0.30818769662707785, "log10_eta": -4.0, "log10_lambda": -2.9604834486437075, "log10_min_child_weight": 0.0, "log10_subsample": -0.6718656754199869, "max_depth": 8.0, "num_boost_round": 15.0}, "datetime": {"datetime": "2024-01-19 00:26:21", "elapsed": 935.231217, "delta": 0.001241}}
{"target": -17.677137424011708, "params": {"gamma": 7.596833215225184, "log10_alpha": -3.5200887460909844, "log10_colsample_bytree": -0.30818769662707785, "log10_eta": -4.0, "log10_lambda": -2.9604834486437075, "log10_min_child_weight": 0.0, "log10_subsample": -0.6718656754199869, "max_depth": 8.0, "num_boost_round": 16.0}, "datetime": {"datetime": "2024-01-19 00:26:21", "elapsed": 935.23241, "delta": 0.001193}}
{"target": -17.677133111584553, "params": {"gamma": 7.596833215225184, "log10_alpha": -3.5200887460909844, "log10_colsample_bytree": -0.30818769662707785, "log10_eta": -4.0, "log10_lambda": -2.9604834486437075, "log10_min_child_weight": 0.0, "log10_subsample": -0.6718656754199869, "max_depth": 8.0, "num_boost_round": 17.0}, "datetime": {"datetime": "2024-01-19 00:26:21", "elapsed": 935.233562, "delta": 0.001152}}
{"target": -17.677127396979326, "params": {"gamma": 7.596833215225184, "log10_alpha": -3.5200887460909844, "log10_colsample_bytree": -0.30818769662707785, "log10_eta": -4.0, "log10_lambda": -2.9604834486437075, "log10_min_child_weight": 0.0, "log10_subsample": -0.6718656754199869, "max_depth": 8.0, "num_boost_round": 18.0}, "datetime": {"datetime": "2024-01-19 00:26:21", "elapsed": 935.234699, "delta": 0.001137}}
{"target": -17.677122653948278, "params": {"gamma": 7.596833215225184, "log10_alpha": -3.5200887460909844, "log10_colsample_bytree": -0.30818769662707785, "log10_eta": -4.0, "log10_lambda": -2.9604834486437075, "log10_min_child_weight": 0.0, "log10_subsample": -0.6718656754199869, "max_depth": 8.0, "num_boost_round": 19.0}, "datetime": {"datetime": "2024-01-19 00:26:21", "elapsed": 935.235871, "delta": 0.001172}}
{"target": -17.67712168141949, "params": {"gamma": 7.596833215225184, "log10_alpha": -3.5200887460909844, "log10_colsample_bytree": -0.30818769662707785, "log10_eta": -4.0, "log10_lambda": -2.9604834486437075, "log10_min_child_weight": 0.0, "log10_subsample": -0.6718656754199869, "max_depth": 8.0, "num_boost_round": 20.0}, "datetime": {"datetime": "2024-01-19 00:26:21", "elapsed": 935.237025, "delta": 0.001154}}
{"target": -17.677117793466326, "params": {"gamma": 7.596833215225184, "log10_alpha": -3.5200887460909844, "log10_colsample_bytree": -0.30818769662707785, "log10_eta": -4.0, "log10_lambda": -2.9604834486437075, "log10_min_child_weight": 0.0, "log10_subsample": -0.6718656754199869, "max_depth": 8.0, "num_boost_round": 21.0}, "datetime": {"datetime": "2024-01-19 00:26:21", "elapsed": 935.238158, "delta": 0.001133}}
{"target": -17.677104928294963, "params": {"gamma": 7.596833215225184, "log10_alpha": -3.5200887460909844, "log10_colsample_bytree": -0.30818769662707785, "log10_eta": -4.0, "log10_lambda": -2.9604834486437075, "log10_min_child_weight": 0.0, "log10_subsample": -0.6718656754199869, "max_depth": 8.0, "num_boost_round": 22.0}, "datetime": {"datetime": "2024-01-19 00:26:21", "elapsed": 935.239289, "delta": 0.001131}}
{"target": -17.67722339660059, "params": {"gamma": 13.801710771897845, "log10_alpha": 0.11744713181219879, "log10_colsample_bytree": -0.44224411769052097, "log10_eta": -3.257296912620031, "log10_lambda": -3.1417696073839307, "log10_min_child_weight": 0.12767531963191803, "log10_subsample": -0.1769642138624442, "max_depth": 2.0, "num_boost_round": 0.0}, "datetime": {"datetime": "2024-01-19 00:26:57", "elapsed": 971.609062, "delta": 36.369773}}
{"target": -17.677207500603597, "params": {"gamma": 13.801710771897845, "log10_alpha": 0.11744713181219879, "log10_colsample_bytree": -0.44224411769052097, "log10_eta": -3.257296912620031, "log10_lambda": -3.1417696073839307, "log10_min_child_weight": 0.12767531963191803, "log10_subsample": -0.1769642138624442, "max_depth": 2.0, "num_boost_round": 1.0}, "datetime": {"datetime": "2024-01-19 00:26:57", "elapsed": 971.610955, "delta": 0.001893}}
{"target": -17.677192156007628, "params": {"gamma": 13.801710771897845, "log10_alpha": 0.11744713181219879, "log10_colsample_bytree": -0.44224411769052097, "log10_eta": -3.257296912620031, "log10_lambda": -3.1417696073839307, "log10_min_child_weight": 0.12767531963191803, "log10_subsample": -0.1769642138624442, "max_depth": 2.0, "num_boost_round": 2.0}, "datetime": {"datetime": "2024-01-19 00:26:57", "elapsed": 971.612172, "delta": 0.001217}}
{"target": -17.67718242662393, "params": {"gamma": 13.801710771897845, "log10_alpha": 0.11744713181219879, "log10_colsample_bytree": -0.44224411769052097, "log10_eta": -3.257296912620031, "log10_lambda": -3.1417696073839307, "log10_min_child_weight": 0.12767531963191803, "log10_subsample": -0.1769642138624442, "max_depth": 2.0, "num_boost_round": 3.0}, "datetime": {"datetime": "2024-01-19 00:26:57", "elapsed": 971.613475, "delta": 0.001303}}
{"target": -17.677165818696583, "params": {"gamma": 13.801710771897845, "log10_alpha": 0.11744713181219879, "log10_colsample_bytree": -0.44224411769052097, "log10_eta": -3.257296912620031, "log10_lambda": -3.1417696073839307, "log10_min_child_weight": 0.12767531963191803, "log10_subsample": -0.1769642138624442, "max_depth": 2.0, "num_boost_round": 4.0}, "datetime": {"datetime": "2024-01-19 00:26:57", "elapsed": 971.614645, "delta": 0.00117}}
{"target": -17.677155515117757, "params": {"gamma": 13.801710771897845, "log10_alpha": 0.11744713181219879, "log10_colsample_bytree": -0.44224411769052097, "log10_eta": -3.257296912620031, "log10_lambda": -3.1417696073839307, "log10_min_child_weight": 0.12767531963191803, "log10_subsample": -0.1769642138624442, "max_depth": 2.0, "num_boost_round": 5.0}, "datetime": {"datetime": "2024-01-19 00:26:57", "elapsed": 971.616113, "delta": 0.001468}}
{"target": -17.677149506559925, "params": {"gamma": 13.801710771897845, "log10_alpha": 0.11744713181219879, "log10_colsample_bytree": -0.44224411769052097, "log10_eta": -3.257296912620031, "log10_lambda": -3.1417696073839307, "log10_min_child_weight": 0.12767531963191803, "log10_subsample": -0.1769642138624442, "max_depth": 2.0, "num_boost_round": 6.0}, "datetime": {"datetime": "2024-01-19 00:26:57", "elapsed": 971.617329, "delta": 0.001216}}
{"target": -17.67713200078018, "params": {"gamma": 13.801710771897845, "log10_alpha": 0.11744713181219879, "log10_colsample_bytree": -0.44224411769052097, "log10_eta": -3.257296912620031, "log10_lambda": -3.1417696073839307, "log10_min_child_weight": 0.12767531963191803, "log10_subsample": -0.1769642138624442, "max_depth": 2.0, "num_boost_round": 7.0}, "datetime": {"datetime": "2024-01-19 00:26:57", "elapsed": 971.618505, "delta": 0.001176}}
{"target": -17.677122433186558, "params": {"gamma": 13.801710771897845, "log10_alpha": 0.11744713181219879, "log10_colsample_bytree": -0.44224411769052097, "log10_eta": -3.257296912620031, "log10_lambda": -3.1417696073839307, "log10_min_child_weight": 0.12767531963191803, "log10_subsample": -0.1769642138624442, "max_depth": 2.0, "num_boost_round": 8.0}, "datetime": {"datetime": "2024-01-19 00:26:57", "elapsed": 971.619678, "delta": 0.001173}}
{"target": -17.677100945835758, "params": {"gamma": 13.801710771897845, "log10_alpha": 0.11744713181219879, "log10_colsample_bytree": -0.44224411769052097, "log10_eta": -3.257296912620031, "log10_lambda": -3.1417696073839307, "log10_min_child_weight": 0.12767531963191803, "log10_subsample": -0.1769642138624442, "max_depth": 2.0, "num_boost_round": 9.0}, "datetime": {"datetime": "2024-01-19 00:26:57", "elapsed": 971.620837, "delta": 0.001159}}
{"target": -17.67708532723319, "params": {"gamma": 13.801710771897845, "log10_alpha": 0.11744713181219879, "log10_colsample_bytree": -0.44224411769052097, "log10_eta": -3.257296912620031, "log10_lambda": -3.1417696073839307, "log10_min_child_weight": 0.12767531963191803, "log10_subsample": -0.1769642138624442, "max_depth": 2.0, "num_boost_round": 10.0}, "datetime": {"datetime": "2024-01-19 00:26:57", "elapsed": 971.621999, "delta": 0.001162}}
{"target": -17.677071630044452, "params": {"gamma": 13.801710771897845, "log10_alpha": 0.11744713181219879, "log10_colsample_bytree": -0.44224411769052097, "log10_eta": -3.257296912620031, "log10_lambda": -3.1417696073839307, "log10_min_child_weight": 0.12767531963191803, "log10_subsample": -0.1769642138624442, "max_depth": 2.0, "num_boost_round": 11.0}, "datetime": {"datetime": "2024-01-19 00:26:57", "elapsed": 971.623168, "delta": 0.001169}}
{"target": -17.677054399985693, "params": {"gamma": 13.801710771897845, "log10_alpha": 0.11744713181219879, "log10_colsample_bytree": -0.44224411769052097, "log10_eta": -3.257296912620031, "log10_lambda": -3.1417696073839307, "log10_min_child_weight": 0.12767531963191803, "log10_subsample": -0.1769642138624442, "max_depth": 2.0, "num_boost_round": 12.0}, "datetime": {"datetime": "2024-01-19 00:26:57", "elapsed": 971.624319, "delta": 0.001151}}
{"target": -17.677037324862546, "params": {"gamma": 13.801710771897845, "log10_alpha": 0.11744713181219879, "log10_colsample_bytree": -0.44224411769052097, "log10_eta": -3.257296912620031, "log10_lambda": -3.1417696073839307, "log10_min_child_weight": 0.12767531963191803, "log10_subsample": -0.1769642138624442, "max_depth": 2.0, "num_boost_round": 13.0}, "datetime": {"datetime": "2024-01-19 00:26:57", "elapsed": 971.62554, "delta": 0.001221}}
{"target": -17.677034773666072, "params": {"gamma": 13.801710771897845, "log10_alpha": 0.11744713181219879, "log10_colsample_bytree": -0.44224411769052097, "log10_eta": -3.257296912620031, "log10_lambda": -3.1417696073839307, "log10_min_child_weight": 0.12767531963191803, "log10_subsample": -0.1769642138624442, "max_depth": 2.0, "num_boost_round": 14.0}, "datetime": {"datetime": "2024-01-19 00:26:57", "elapsed": 971.626783, "delta": 0.001243}}
{"target": -17.67702268895669, "params": {"gamma": 13.801710771897845, "log10_alpha": 0.11744713181219879, "log10_colsample_bytree": -0.44224411769052097, "log10_eta": -3.257296912620031, "log10_lambda": -3.1417696073839307, "log10_min_child_weight": 0.12767531963191803, "log10_subsample": -0.1769642138624442, "max_depth": 2.0, "num_boost_round": 15.0}, "datetime": {"datetime": "2024-01-19 00:26:57", "elapsed": 971.627977, "delta": 0.001194}}
{"target": -17.677008031376715, "params": {"gamma": 13.801710771897845, "log10_alpha": 0.11744713181219879, "log10_colsample_bytree": -0.44224411769052097, "log10_eta": -3.257296912620031, "log10_lambda": -3.1417696073839307, "log10_min_child_weight": 0.12767531963191803, "log10_subsample": -0.1769642138624442, "max_depth": 2.0, "num_boost_round": 16.0}, "datetime": {"datetime": "2024-01-19 00:26:57", "elapsed": 971.629114, "delta": 0.001137}}
{"target": -17.67699992576851, "params": {"gamma": 13.801710771897845, "log10_alpha": 0.11744713181219879, "log10_colsample_bytree": -0.44224411769052097, "log10_eta": -3.257296912620031, "log10_lambda": -3.1417696073839307, "log10_min_child_weight": 0.12767531963191803, "log10_subsample": -0.1769642138624442, "max_depth": 2.0, "num_boost_round": 17.0}, "datetime": {"datetime": "2024-01-19 00:26:57", "elapsed": 971.630269, "delta": 0.001155}}
{"target": -17.676983974722603, "params": {"gamma": 13.801710771897845, "log10_alpha": 0.11744713181219879, "log10_colsample_bytree": -0.44224411769052097, "log10_eta": -3.257296912620031, "log10_lambda": -3.1417696073839307, "log10_min_child_weight": 0.12767531963191803, "log10_subsample": -0.1769642138624442, "max_depth": 2.0, "num_boost_round": 18.0}, "datetime": {"datetime": "2024-01-19 00:26:57", "elapsed": 971.631573, "delta": 0.001304}}
{"target": -17.676970739473767, "params": {"gamma": 13.801710771897845, "log10_alpha": 0.11744713181219879, "log10_colsample_bytree": -0.44224411769052097, "log10_eta": -3.257296912620031, "log10_lambda": -3.1417696073839307, "log10_min_child_weight": 0.12767531963191803, "log10_subsample": -0.1769642138624442, "max_depth": 2.0, "num_boost_round": 19.0}, "datetime": {"datetime": "2024-01-19 00:26:57", "elapsed": 971.632766, "delta": 0.001193}}
{"target": -17.67695640782602, "params": {"gamma": 13.801710771897845, "log10_alpha": 0.11744713181219879, "log10_colsample_bytree": -0.44224411769052097, "log10_eta": -3.257296912620031, "log10_lambda": -3.1417696073839307, "log10_min_child_weight": 0.12767531963191803, "log10_subsample": -0.1769642138624442, "max_depth": 2.0, "num_boost_round": 20.0}, "datetime": {"datetime": "2024-01-19 00:26:57", "elapsed": 971.633954, "delta": 0.001188}}
{"target": -17.676940991026637, "params": {"gamma": 13.801710771897845, "log10_alpha": 0.11744713181219879, "log10_colsample_bytree": -0.44224411769052097, "log10_eta": -3.257296912620031, "log10_lambda": -3.1417696073839307, "log10_min_child_weight": 0.12767531963191803, "log10_subsample": -0.1769642138624442, "max_depth": 2.0, "num_boost_round": 21.0}, "datetime": {"datetime": "2024-01-19 00:26:57", "elapsed": 971.635146, "delta": 0.001192}}
{"target": -17.676931707179705, "params": {"gamma": 13.801710771897845, "log10_alpha": 0.11744713181219879, "log10_colsample_bytree": -0.44224411769052097, "log10_eta": -3.257296912620031, "log10_lambda": -3.1417696073839307, "log10_min_child_weight": 0.12767531963191803, "log10_subsample": -0.1769642138624442, "max_depth": 2.0, "num_boost_round": 22.0}, "datetime": {"datetime": "2024-01-19 00:26:57", "elapsed": 971.636355, "delta": 0.001209}}
{"target": -17.676914275390715, "params": {"gamma": 13.801710771897845, "log10_alpha": 0.11744713181219879, "log10_colsample_bytree": -0.44224411769052097, "log10_eta": -3.257296912620031, "log10_lambda": -3.1417696073839307, "log10_min_child_weight": 0.12767531963191803, "log10_subsample": -0.1769642138624442, "max_depth": 2.0, "num_boost_round": 23.0}, "datetime": {"datetime": "2024-01-19 00:26:57", "elapsed": 971.637559, "delta": 0.001204}}
{"target": -17.67689948896184, "params": {"gamma": 13.801710771897845, "log10_alpha": 0.11744713181219879, "log10_colsample_bytree": -0.44224411769052097, "log10_eta": -3.257296912620031, "log10_lambda": -3.1417696073839307, "log10_min_child_weight": 0.12767531963191803, "log10_subsample": -0.1769642138624442, "max_depth": 2.0, "num_boost_round": 24.0}, "datetime": {"datetime": "2024-01-19 00:26:57", "elapsed": 971.638711, "delta": 0.001152}}
{"target": -17.676882632563785, "params": {"gamma": 13.801710771897845, "log10_alpha": 0.11744713181219879, "log10_colsample_bytree": -0.44224411769052097, "log10_eta": -3.257296912620031, "log10_lambda": -3.1417696073839307, "log10_min_child_weight": 0.12767531963191803, "log10_subsample": -0.1769642138624442, "max_depth": 2.0, "num_boost_round": 25.0}, "datetime": {"datetime": "2024-01-19 00:26:57", "elapsed": 971.639861, "delta": 0.00115}}
{"target": -17.676877059578437, "params": {"gamma": 13.801710771897845, "log10_alpha": 0.11744713181219879, "log10_colsample_bytree": -0.44224411769052097, "log10_eta": -3.257296912620031, "log10_lambda": -3.1417696073839307, "log10_min_child_weight": 0.12767531963191803, "log10_subsample": -0.1769642138624442, "max_depth": 2.0, "num_boost_round": 26.0}, "datetime": {"datetime": "2024-01-19 00:26:57", "elapsed": 971.641008, "delta": 0.001147}}
{"target": -17.676875857221575, "params": {"gamma": 13.801710771897845, "log10_alpha": 0.11744713181219879, "log10_colsample_bytree": -0.44224411769052097, "log10_eta": -3.257296912620031, "log10_lambda": -3.1417696073839307, "log10_min_child_weight": 0.12767531963191803, "log10_subsample": -0.1769642138624442, "max_depth": 2.0, "num_boost_round": 27.0}, "datetime": {"datetime": "2024-01-19 00:26:57", "elapsed": 971.642159, "delta": 0.001151}}
{"target": -17.67685537807397, "params": {"gamma": 13.801710771897845, "log10_alpha": 0.11744713181219879, "log10_colsample_bytree": -0.44224411769052097, "log10_eta": -3.257296912620031, "log10_lambda": -3.1417696073839307, "log10_min_child_weight": 0.12767531963191803, "log10_subsample": -0.1769642138624442, "max_depth": 2.0, "num_boost_round": 28.0}, "datetime": {"datetime": "2024-01-19 00:26:57", "elapsed": 971.643356, "delta": 0.001197}}
{"target": -17.676842444750704, "params": {"gamma": 13.801710771897845, "log10_alpha": 0.11744713181219879, "log10_colsample_bytree": -0.44224411769052097, "log10_eta": -3.257296912620031, "log10_lambda": -3.1417696073839307, "log10_min_child_weight": 0.12767531963191803, "log10_subsample": -0.1769642138624442, "max_depth": 2.0, "num_boost_round": 29.0}, "datetime": {"datetime": "2024-01-19 00:26:57", "elapsed": 971.644554, "delta": 0.001198}}
{"target": -17.676828863638352, "params": {"gamma": 13.801710771897845, "log10_alpha": 0.11744713181219879, "log10_colsample_bytree": -0.44224411769052097, "log10_eta": -3.257296912620031, "log10_lambda": -3.1417696073839307, "log10_min_child_weight": 0.12767531963191803, "log10_subsample": -0.1769642138624442, "max_depth": 2.0, "num_boost_round": 30.0}, "datetime": {"datetime": "2024-01-19 00:26:57", "elapsed": 971.645743, "delta": 0.001189}}
{"target": -17.67681454387105, "params": {"gamma": 13.801710771897845, "log10_alpha": 0.11744713181219879, "log10_colsample_bytree": -0.44224411769052097, "log10_eta": -3.257296912620031, "log10_lambda": -3.1417696073839307, "log10_min_child_weight": 0.12767531963191803, "log10_subsample": -0.1769642138624442, "max_depth": 2.0, "num_boost_round": 31.0}, "datetime": {"datetime": "2024-01-19 00:26:57", "elapsed": 971.647021, "delta": 0.001278}}
{"target": -17.67680565926129, "params": {"gamma": 13.801710771897845, "log10_alpha": 0.11744713181219879, "log10_colsample_bytree": -0.44224411769052097, "log10_eta": -3.257296912620031, "log10_lambda": -3.1417696073839307, "log10_min_child_weight": 0.12767531963191803, "log10_subsample": -0.1769642138624442, "max_depth": 2.0, "num_boost_round": 32.0}, "datetime": {"datetime": "2024-01-19 00:26:57", "elapsed": 971.648221, "delta": 0.0012}}
{"target": -17.676790687161038, "params": {"gamma": 13.801710771897845, "log10_alpha": 0.11744713181219879, "log10_colsample_bytree": -0.44224411769052097, "log10_eta": -3.257296912620031, "log10_lambda": -3.1417696073839307, "log10_min_child_weight": 0.12767531963191803, "log10_subsample": -0.1769642138624442, "max_depth": 2.0, "num_boost_round": 33.0}, "datetime": {"datetime": "2024-01-19 00:26:57", "elapsed": 971.649425, "delta": 0.001204}}
{"target": -17.67677752543655, "params": {"gamma": 13.801710771897845, "log10_alpha": 0.11744713181219879, "log10_colsample_bytree": -0.44224411769052097, "log10_eta": -3.257296912620031, "log10_lambda": -3.1417696073839307, "log10_min_child_weight": 0.12767531963191803, "log10_subsample": -0.1769642138624442, "max_depth": 2.0, "num_boost_round": 34.0}, "datetime": {"datetime": "2024-01-19 00:26:57", "elapsed": 971.6506, "delta": 0.001175}}
{"target": -17.67676300640891, "params": {"gamma": 13.801710771897845, "log10_alpha": 0.11744713181219879, "log10_colsample_bytree": -0.44224411769052097, "log10_eta": -3.257296912620031, "log10_lambda": -3.1417696073839307, "log10_min_child_weight": 0.12767531963191803, "log10_subsample": -0.1769642138624442, "max_depth": 2.0, "num_boost_round": 35.0}, "datetime": {"datetime": "2024-01-19 00:26:57", "elapsed": 971.651808, "delta": 0.001208}}
{"target": -17.676755052276363, "params": {"gamma": 13.801710771897845, "log10_alpha": 0.11744713181219879, "log10_colsample_bytree": -0.44224411769052097, "log10_eta": -3.257296912620031, "log10_lambda": -3.1417696073839307, "log10_min_child_weight": 0.12767531963191803, "log10_subsample": -0.1769642138624442, "max_depth": 2.0, "num_boost_round": 36.0}, "datetime": {"datetime": "2024-01-19 00:26:57", "elapsed": 971.652965, "delta": 0.001157}}
