{"target": -13.75737253964361, "params": {"gamma": 712.4499686556667, "log10_alpha": 0.3220601968634833, "log10_colsample_bytree": -0.48663973900166246, "log10_eta": -2.218635682409239, "log10_lambda": -4.797734156416518, "log10_min_child_weight": 3.271464971130775, "log10_subsample": -0.3725247096685238, "max_depth": 4.0, "num_boost_round": 52.0}, "datetime": {"datetime": "2024-01-19 01:10:55", "elapsed": 3554.315008, "delta": 0.003985}}
{"target": -13.757450747295547, "params": {"gamma": 712.4499686556667, "log10_alpha": 0.3220601968634833, "log10_colsample_bytree": -0.48663973900166246, "log10_eta": -2.218635682409239, "log10_lambda": -4.797734156416518, "log10_min_child_weight": 3.271464971130775, "log10_subsample": -0.3725247096685238, "max_depth": 4.0, "num_boost_round": 53.0}, "datetime": {"datetime": "2024-01-19 01:10:55", "elapsed": 3554.318993, "delta": 0.003985}}
{"target": -13.757352516017784, "params": {"gamma": 712.4499686556667, "log10_alpha": 0.3220601968634833, "log10_colsample_bytree": -0.48663973900166246, "log10_eta": -2.218635682409239, "log10_lambda": -4.797734156416518, "log10_min_child_weight": 3.271464971130775, "log10_subsample": -0.3725247096685238, "max_depth": 4.0, "num_boost_round": 54.0}, "datetime": {"datetime": "2024-01-19 01:10:55", "elapsed": 3554.322933, "delta": 0.00394}}
{"target": -13.757259422361683, "params": {"gamma": 712.4499686556667, "log10_alpha": 0.3220601968634833, "log10_colsample_bytree": -0.48663973900166246, "log10_eta": -2.218635682409239, "log10_lambda": -4.797734156416518, "log10_min_child_weight": 3.271464971130775, "log10_subsample": -0.3725247096685238, "max_depth": 4.0, "num_boost_round": 55.0}, "datetime": {"datetime": "2024-01-19 01:10:55", "elapsed": 3554.326769, "delta": 0.003836}}
{"target": -13.757256206460632, "params": {"gamma": 712.4499686556667, "log10_alpha": 0.3220601968634833, "log10_colsample_bytree": -0.48663973900166246, "log10_eta": -2.218635682409239, "log10_lambda": -4.797734156416518, "log10_min_child_weight": 3.271464971130775, "log10_subsample": -0.3725247096685238, "max_depth": 4.0, "num_boost_round": 56.0}, "datetime": {"datetime": "2024-01-19 01:10:55", "elapsed": 3554.330738, "delta": 0.003969}}
{"target": -13.757362744509615, "params": {"gamma": 712.4499686556667, "log10_alpha": 0.3220601968634833, "log10_colsample_bytree": -0.48663973900166246, "log10_eta": -2.218635682409239, "log10_lambda": -4.797734156416518, "log10_min_child_weight": 3.271464971130775, "log10_subsample": -0.3725247096685238, "max_depth": 4.0, "num_boost_round": 57.0}, "datetime": {"datetime": "2024-01-19 01:10:55", "elapsed": 3554.33485, "delta": 0.004112}}
{"target": -13.757382508478969, "params": {"gamma": 712.4499686556667, "log10_alpha": 0.3220601968634833, "log10_colsample_bytree": -0.48663973900166246, "log10_eta": -2.218635682409239, "log10_lambda": -4.797734156416518, "log10_min_child_weight": 3.271464971130775, "log10_subsample": -0.3725247096685238, "max_depth": 4.0, "num_boost_round": 58.0}, "datetime": {"datetime": "2024-01-19 01:10:55", "elapsed": 3554.338731, "delta": 0.003881}}
{"target": -13.757292204430046, "params": {"gamma": 712.4499686556667, "log10_alpha": 0.3220601968634833, "log10_colsample_bytree": -0.48663973900166246, "log10_eta": -2.218635682409239, "log10_lambda": -4.797734156416518, "log10_min_child_weight": 3.271464971130775, "log10_subsample": -0.3725247096685238, "max_depth": 4.0, "num_boost_round": 59.0}, "datetime": {"datetime": "2024-01-19 01:10:55", "elapsed": 3554.342755, "delta": 0.004024}}
{"target": -13.757404315566351, "params": {"gamma": 712.4499686556667, "log10_alpha": 0.3220601968634833, "log10_colsample_bytree": -0.48663973900166246, "log10_eta": -2.218635682409239, "log10_lambda": -4.797734156416518, "log10_min_child_weight": 3.271464971130775, "log10_subsample": -0.3725247096685238, "max_depth": 4.0, "num_boost_round": 60.0}, "datetime": {"datetime": "2024-01-19 01:10:55", "elapsed": 3554.346772, "delta": 0.004017}}
{"target": -13.757328228405058, "params": {"gamma": 712.4499686556667, "log10_alpha": 0.3220601968634833, "log10_colsample_bytree": -0.48663973900166246, "log10_eta": -2.218635682409239, "log10_lambda": -4.797734156416518, "log10_min_child_weight": 3.271464971130775, "log10_subsample": -0.3725247096685238, "max_depth": 4.0, "num_boost_round": 61.0}, "datetime": {"datetime": "2024-01-19 01:10:55", "elapsed": 3554.350841, "delta": 0.004069}}
{"target": -13.757393936045732, "params": {"gamma": 712.4499686556667, "log10_alpha": 0.3220601968634833, "log10_colsample_bytree": -0.48663973900166246, "log10_eta": -2.218635682409239, "log10_lambda": -4.797734156416518, "log10_min_child_weight": 3.271464971130775, "log10_subsample": -0.3725247096685238, "max_depth": 4.0, "num_boost_round": 62.0}, "datetime": {"datetime": "2024-01-19 01:10:55", "elapsed": 3554.354811, "delta": 0.00397}}
{"target": -13.757318119248403, "params": {"gamma": 712.4499686556667, "log10_alpha": 0.3220601968634833, "log10_colsample_bytree": -0.48663973900166246, "log10_eta": -2.218635682409239, "log10_lambda": -4.797734156416518, "log10_min_child_weight": 3.271464971130775, "log10_subsample": -0.3725247096685238, "max_depth": 4.0, "num_boost_round": 63.0}, "datetime": {"datetime": "2024-01-19 01:10:55", "elapsed": 3554.358774, "delta": 0.003963}}
{"target": -13.757165409377803, "params": {"gamma": 712.4499686556667, "log10_alpha": 0.3220601968634833, "log10_colsample_bytree": -0.48663973900166246, "log10_eta": -2.218635682409239, "log10_lambda": -4.797734156416518, "log10_min_child_weight": 3.271464971130775, "log10_subsample": -0.3725247096685238, "max_depth": 4.0, "num_boost_round": 64.0}, "datetime": {"datetime": "2024-01-19 01:10:55", "elapsed": 3554.362724, "delta": 0.00395}}
{"target": -13.757249011239367, "params": {"gamma": 712.4499686556667, "log10_alpha": 0.3220601968634833, "log10_colsample_bytree": -0.48663973900166246, "log10_eta": -2.218635682409239, "log10_lambda": -4.797734156416518, "log10_min_child_weight": 3.271464971130775, "log10_subsample": -0.3725247096685238, "max_depth": 4.0, "num_boost_round": 65.0}, "datetime": {"datetime": "2024-01-19 01:10:55", "elapsed": 3554.366716, "delta": 0.003992}}
{"target": -13.757156571049139, "params": {"gamma": 712.4499686556667, "log10_alpha": 0.3220601968634833, "log10_colsample_bytree": -0.48663973900166246, "log10_eta": -2.218635682409239, "log10_lambda": -4.797734156416518, "log10_min_child_weight": 3.271464971130775, "log10_subsample": -0.3725247096685238, "max_depth": 4.0, "num_boost_round": 66.0}, "datetime": {"datetime": "2024-01-19 01:10:55", "elapsed": 3554.370618, "delta": 0.003902}}
{"target": -13.757127603170142, "params": {"gamma": 712.4499686556667, "log10_alpha": 0.3220601968634833, "log10_colsample_bytree": -0.48663973900166246, "log10_eta": -2.218635682409239, "log10_lambda": -4.797734156416518, "log10_min_child_weight": 3.271464971130775, "log10_subsample": -0.3725247096685238, "max_depth": 4.0, "num_boost_round": 67.0}, "datetime": {"datetime": "2024-01-19 01:10:55", "elapsed": 3554.374598, "delta": 0.00398}}
{"target": -13.757179435637202, "params": {"gamma": 712.4499686556667, "log10_alpha": 0.3220601968634833, "log10_colsample_bytree": -0.48663973900166246, "log10_eta": -2.218635682409239, "log10_lambda": -4.797734156416518, "log10_min_child_weight": 3.271464971130775, "log10_subsample": -0.3725247096685238, "max_depth": 4.0, "num_boost_round": 68.0}, "datetime": {"datetime": "2024-01-19 01:10:55", "elapsed": 3554.378611, "delta": 0.004013}}
{"target": -13.757048757495722, "params": {"gamma": 712.4499686556667, "log10_alpha": 0.3220601968634833, "log10_colsample_bytree": -0.48663973900166246, "log10_eta": -2.218635682409239, "log10_lambda": -4.797734156416518, "log10_min_child_weight": 3.271464971130775, "log10_subsample": -0.3725247096685238, "max_depth": 4.0, "num_boost_round": 69.0}, "datetime": {"datetime": "2024-01-19 01:10:55", "elapsed": 3554.382563, "delta": 0.003952}}
{"target": -13.757016478565005, "params": {"gamma": 712.4499686556667, "log10_alpha": 0.3220601968634833, "log10_colsample_bytree": -0.48663973900166246, "log10_eta": -2.218635682409239, "log10_lambda": -4.797734156416518, "log10_min_child_weight": 3.271464971130775, "log10_subsample": -0.3725247096685238, "max_depth": 4.0, "num_boost_round": 70.0}, "datetime": {"datetime": "2024-01-19 01:10:55", "elapsed": 3554.387469, "delta": 0.004906}}
{"target": -13.758537901465116, "params": {"gamma": 87.18182400212763, "log10_alpha": -2.196322376310602, "log10_colsample_bytree": -0.3864470313201838, "log10_eta": -4.0, "log10_lambda": -1.1022026624157388, "log10_min_child_weight": 5.0, "log10_subsample": -0.16093832305334285, "max_depth": 2.0, "num_boost_round": 0.0}, "datetime": {"datetime": "2024-01-19 01:12:06", "elapsed": 3625.26224, "delta": 70.874771}}
{"target": -13.758537536723848, "params": {"gamma": 87.18182400212763, "log10_alpha": -2.196322376310602, "log10_colsample_bytree": -0.3864470313201838, "log10_eta": -4.0, "log10_lambda": -1.1022026624157388, "log10_min_child_weight": 5.0, "log10_subsample": -0.16093832305334285, "max_depth": 2.0, "num_boost_round": 1.0}, "datetime": {"datetime": "2024-01-19 01:12:06", "elapsed": 3625.267482, "delta": 0.005242}}
{"target": -13.758537177883612, "params": {"gamma": 87.18182400212763, "log10_alpha": -2.196322376310602, "log10_colsample_bytree": -0.3864470313201838, "log10_eta": -4.0, "log10_lambda": -1.1022026624157388, "log10_min_child_weight": 5.0, "log10_subsample": -0.16093832305334285, "max_depth": 2.0, "num_boost_round": 2.0}, "datetime": {"datetime": "2024-01-19 01:12:06", "elapsed": 3625.271824, "delta": 0.004342}}
{"target": -13.758537039348518, "params": {"gamma": 87.18182400212763, "log10_alpha": -2.196322376310602, "log10_colsample_bytree": -0.3864470313201838, "log10_eta": -4.0, "log10_lambda": -1.1022026624157388, "log10_min_child_weight": 5.0, "log10_subsample": -0.16093832305334285, "max_depth": 2.0, "num_boost_round": 3.0}, "datetime": {"datetime": "2024-01-19 01:12:06", "elapsed": 3625.275821, "delta": 0.003997}}
{"target": -13.758536602877529, "params": {"gamma": 87.18182400212763, "log10_alpha": -2.196322376310602, "log10_colsample_bytree": -0.3864470313201838, "log10_eta": -4.0, "log10_lambda": -1.1022026624157388, "log10_min_child_weight": 5.0, "log10_subsample": -0.16093832305334285, "max_depth": 2.0, "num_boost_round": 4.0}, "datetime": {"datetime": "2024-01-19 01:12:06", "elapsed": 3625.27976, "delta": 0.003939}}
{"target": -13.758536584820703, "params": {"gamma": 87.18182400212763, "log10_alpha": -2.196322376310602, "log10_colsample_bytree": -0.3864470313201838, "log10_eta": -4.0, "log10_lambda": -1.1022026624157388, "log10_min_child_weight": 5.0, "log10_subsample": -0.16093832305334285, "max_depth": 2.0, "num_boost_round": 5.0}, "datetime": {"datetime": "2024-01-19 01:12:06", "elapsed": 3625.283645, "delta": 0.003885}}
{"target": -13.758536540614754, "params": {"gamma": 87.18182400212763, "log10_alpha": -2.196322376310602, "log10_colsample_bytree": -0.3864470313201838, "log10_eta": -4.0, "log10_lambda": -1.1022026624157388, "log10_min_child_weight": 5.0, "log10_subsample": -0.16093832305334285, "max_depth": 2.0, "num_boost_round": 6.0}, "datetime": {"datetime": "2024-01-19 01:12:06", "elapsed": 3625.28763, "delta": 0.003985}}
{"target": -13.758536525474717, "params": {"gamma": 87.18182400212763, "log10_alpha": -2.196322376310602, "log10_colsample_bytree": -0.3864470313201838, "log10_eta": -4.0, "log10_lambda": -1.1022026624157388, "log10_min_child_weight": 5.0, "log10_subsample": -0.16093832305334285, "max_depth": 2.0, "num_boost_round": 7.0}, "datetime": {"datetime": "2024-01-19 01:12:06", "elapsed": 3625.291747, "delta": 0.004117}}
{"target": -13.758537267854859, "params": {"gamma": 87.18182400212763, "log10_alpha": -2.196322376310602, "log10_colsample_bytree": -0.3864470313201838, "log10_eta": -4.0, "log10_lambda": -1.1022026624157388, "log10_min_child_weight": 5.0, "log10_subsample": -0.16093832305334285, "max_depth": 2.0, "num_boost_round": 8.0}, "datetime": {"datetime": "2024-01-19 01:12:06", "elapsed": 3625.295707, "delta": 0.00396}}
{"target": -13.75853676054819, "params": {"gamma": 87.18182400212763, "log10_alpha": -2.196322376310602, "log10_colsample_bytree": -0.3864470313201838, "log10_eta": -4.0, "log10_lambda": -1.1022026624157388, "log10_min_child_weight": 5.0, "log10_subsample": -0.16093832305334285, "max_depth": 2.0, "num_boost_round": 9.0}, "datetime": {"datetime": "2024-01-19 01:12:06", "elapsed": 3625.299774, "delta": 0.004067}}
{"target": -13.758536742466177, "params": {"gamma": 87.18182400212763, "log10_alpha": -2.196322376310602, "log10_colsample_bytree": -0.3864470313201838, "log10_eta": -4.0, "log10_lambda": -1.1022026624157388, "log10_min_child_weight": 5.0, "log10_subsample": -0.16093832305334285, "max_depth": 2.0, "num_boost_round": 10.0}, "datetime": {"datetime": "2024-01-19 01:12:06", "elapsed": 3625.303779, "delta": 0.004005}}
{"target": -13.758536051974222, "params": {"gamma": 87.18182400212763, "log10_alpha": -2.196322376310602, "log10_colsample_bytree": -0.3864470313201838, "log10_eta": -4.0, "log10_lambda": -1.1022026624157388, "log10_min_child_weight": 5.0, "log10_subsample": -0.16093832305334285, "max_depth": 2.0, "num_boost_round": 11.0}, "datetime": {"datetime": "2024-01-19 01:12:06", "elapsed": 3625.307754, "delta": 0.003975}}
{"target": -13.75853600894068, "params": {"gamma": 87.18182400212763, "log10_alpha": -2.196322376310602, "log10_colsample_bytree": -0.3864470313201838, "log10_eta": -4.0, "log10_lambda": -1.1022026624157388, "log10_min_child_weight": 5.0, "log10_subsample": -0.16093832305334285, "max_depth": 2.0, "num_boost_round": 12.0}, "datetime": {"datetime": "2024-01-19 01:12:06", "elapsed": 3625.311722, "delta": 0.003968}}
{"target": -13.758535989107326, "params": {"gamma": 87.18182400212763, "log10_alpha": -2.196322376310602, "log10_colsample_bytree": -0.3864470313201838, "log10_eta": -4.0, "log10_lambda": -1.1022026624157388, "log10_min_child_weight": 5.0, "log10_subsample": -0.16093832305334285, "max_depth": 2.0, "num_boost_round": 13.0}, "datetime": {"datetime": "2024-01-19 01:12:06", "elapsed": 3625.315696, "delta": 0.003974}}
{"target": -13.758535959033823, "params": {"gamma": 87.18182400212763, "log10_alpha": -2.196322376310602, "log10_colsample_bytree": -0.3864470313201838, "log10_eta": -4.0, "log10_lambda": -1.1022026624157388, "log10_min_child_weight": 5.0, "log10_subsample": -0.16093832305334285, "max_depth": 2.0, "num_boost_round": 14.0}, "datetime": {"datetime": "2024-01-19 01:12:06", "elapsed": 3625.319634, "delta": 0.003938}}
{"target": -13.75853536430714, "params": {"gamma": 87.18182400212763, "log10_alpha": -2.196322376310602, "log10_colsample_bytree": -0.3864470313201838, "log10_eta": -4.0, "log10_lambda": -1.1022026624157388, "log10_min_child_weight": 5.0, "log10_subsample": -0.16093832305334285, "max_depth": 2.0, "num_boost_round": 15.0}, "datetime": {"datetime": "2024-01-19 01:12:06", "elapsed": 3625.323585, "delta": 0.003951}}
{"target": -13.758535105414532, "params": {"gamma": 87.18182400212763, "log10_alpha": -2.196322376310602, "log10_colsample_bytree": -0.3864470313201838, "log10_eta": -4.0, "log10_lambda": -1.1022026624157388, "log10_min_child_weight": 5.0, "log10_subsample": -0.16093832305334285, "max_depth": 2.0, "num_boost_round": 16.0}, "datetime": {"datetime": "2024-01-19 01:12:06", "elapsed": 3625.327574, "delta": 0.003989}}
{"target": -13.758535084587184, "params": {"gamma": 87.18182400212763, "log10_alpha": -2.196322376310602, "log10_colsample_bytree": -0.3864470313201838, "log10_eta": -4.0, "log10_lambda": -1.1022026624157388, "log10_min_child_weight": 5.0, "log10_subsample": -0.16093832305334285, "max_depth": 2.0, "num_boost_round": 17.0}, "datetime": {"datetime": "2024-01-19 01:12:06", "elapsed": 3625.331523, "delta": 0.003949}}
{"target": -13.758534815014237, "params": {"gamma": 87.18182400212763, "log10_alpha": -2.196322376310602, "log10_colsample_bytree": -0.3864470313201838, "log10_eta": -4.0, "log10_lambda": -1.1022026624157388, "log10_min_child_weight": 5.0, "log10_subsample": -0.16093832305334285, "max_depth": 2.0, "num_boost_round": 18.0}, "datetime": {"datetime": "2024-01-19 01:12:06", "elapsed": 3625.335458, "delta": 0.003935}}
{"target": -13.758533897016985, "params": {"gamma": 87.18182400212763, "log10_alpha": -2.196322376310602, "log10_colsample_bytree": -0.3864470313201838, "log10_eta": -4.0, "log10_lambda": -1.1022026624157388, "log10_min_child_weight": 5.0, "log10_subsample": -0.16093832305334285, "max_depth": 2.0, "num_boost_round": 19.0}, "datetime": {"datetime": "2024-01-19 01:12:06", "elapsed": 3625.33938, "delta": 0.003922}}
{"target": -13.75853336005128, "params": {"gamma": 87.18182400212763, "log10_alpha": -2.196322376310602, "log10_colsample_bytree": -0.3864470313201838, "log10_eta": -4.0, "log10_lambda": -1.1022026624157388, "log10_min_child_weight": 5.0, "log10_subsample": -0.16093832305334285, "max_depth": 2.0, "num_boost_round": 20.0}, "datetime": {"datetime": "2024-01-19 01:12:06", "elapsed": 3625.343315, "delta": 0.003935}}
{"target": -13.758532921244317, "params": {"gamma": 87.18182400212763, "log10_alpha": -2.196322376310602, "log10_colsample_bytree": -0.3864470313201838, "log10_eta": -4.0, "log10_lambda": -1.1022026624157388, "log10_min_child_weight": 5.0, "log10_subsample": -0.16093832305334285, "max_depth": 2.0, "num_boost_round": 21.0}, "datetime": {"datetime": "2024-01-19 01:12:06", "elapsed": 3625.347206, "delta": 0.003891}}
{"target": -13.758532259348348, "params": {"gamma": 87.18182400212763, "log10_alpha": -2.196322376310602, "log10_colsample_bytree": -0.3864470313201838, "log10_eta": -4.0, "log10_lambda": -1.1022026624157388, "log10_min_child_weight": 5.0, "log10_subsample": -0.16093832305334285, "max_depth": 2.0, "num_boost_round": 22.0}, "datetime": {"datetime": "2024-01-19 01:12:06", "elapsed": 3625.351182, "delta": 0.003976}}
{"target": -13.758531929402336, "params": {"gamma": 87.18182400212763, "log10_alpha": -2.196322376310602, "log10_colsample_bytree": -0.3864470313201838, "log10_eta": -4.0, "log10_lambda": -1.1022026624157388, "log10_min_child_weight": 5.0, "log10_subsample": -0.16093832305334285, "max_depth": 2.0, "num_boost_round": 23.0}, "datetime": {"datetime": "2024-01-19 01:12:06", "elapsed": 3625.355096, "delta": 0.003914}}
{"target": -13.758531901262222, "params": {"gamma": 87.18182400212763, "log10_alpha": -2.196322376310602, "log10_colsample_bytree": -0.3864470313201838, "log10_eta": -4.0, "log10_lambda": -1.1022026624157388, "log10_min_child_weight": 5.0, "log10_subsample": -0.16093832305334285, "max_depth": 2.0, "num_boost_round": 24.0}, "datetime": {"datetime": "2024-01-19 01:12:06", "elapsed": 3625.359114, "delta": 0.004018}}
{"target": -13.75853226048609, "params": {"gamma": 87.18182400212763, "log10_alpha": -2.196322376310602, "log10_colsample_bytree": -0.3864470313201838, "log10_eta": -4.0, "log10_lambda": -1.1022026624157388, "log10_min_child_weight": 5.0, "log10_subsample": -0.16093832305334285, "max_depth": 2.0, "num_boost_round": 25.0}, "datetime": {"datetime": "2024-01-19 01:12:06", "elapsed": 3625.363094, "delta": 0.00398}}
{"target": -13.758532238808161, "params": {"gamma": 87.18182400212763, "log10_alpha": -2.196322376310602, "log10_colsample_bytree": -0.3864470313201838, "log10_eta": -4.0, "log10_lambda": -1.1022026624157388, "log10_min_child_weight": 5.0, "log10_subsample": -0.16093832305334285, "max_depth": 2.0, "num_boost_round": 26.0}, "datetime": {"datetime": "2024-01-19 01:12:06", "elapsed": 3625.367114, "delta": 0.00402}}
{"target": -13.758531696462002, "params": {"gamma": 87.18182400212763, "log10_alpha": -2.196322376310602, "log10_colsample_bytree": -0.3864470313201838, "log10_eta": -4.0, "log10_lambda": -1.1022026624157388, "log10_min_child_weight": 5.0, "log10_subsample": -0.16093832305334285, "max_depth": 2.0, "num_boost_round": 27.0}, "datetime": {"datetime": "2024-01-19 01:12:06", "elapsed": 3625.372055, "delta": 0.004941}}
{"target": -13.758531038416926, "params": {"gamma": 87.18182400212763, "log10_alpha": -2.196322376310602, "log10_colsample_bytree": -0.3864470313201838, "log10_eta": -4.0, "log10_lambda": -1.1022026624157388, "log10_min_child_weight": 5.0, "log10_subsample": -0.16093832305334285, "max_depth": 2.0, "num_boost_round": 28.0}, "datetime": {"datetime": "2024-01-19 01:12:06", "elapsed": 3625.376644, "delta": 0.004589}}
{"target": -13.75853067683281, "params": {"gamma": 87.18182400212763, "log10_alpha": -2.196322376310602, "log10_colsample_bytree": -0.3864470313201838, "log10_eta": -4.0, "log10_lambda": -1.1022026624157388, "log10_min_child_weight": 5.0, "log10_subsample": -0.16093832305334285, "max_depth": 2.0, "num_boost_round": 29.0}, "datetime": {"datetime": "2024-01-19 01:12:06", "elapsed": 3625.380737, "delta": 0.004093}}
{"target": -13.758530722849999, "params": {"gamma": 87.18182400212763, "log10_alpha": -2.196322376310602, "log10_colsample_bytree": -0.3864470313201838, "log10_eta": -4.0, "log10_lambda": -1.1022026624157388, "log10_min_child_weight": 5.0, "log10_subsample": -0.16093832305334285, "max_depth": 2.0, "num_boost_round": 30.0}, "datetime": {"datetime": "2024-01-19 01:12:06", "elapsed": 3625.384993, "delta": 0.004256}}
{"target": -13.758530383853321, "params": {"gamma": 87.18182400212763, "log10_alpha": -2.196322376310602, "log10_colsample_bytree": -0.3864470313201838, "log10_eta": -4.0, "log10_lambda": -1.1022026624157388, "log10_min_child_weight": 5.0, "log10_subsample": -0.16093832305334285, "max_depth": 2.0, "num_boost_round": 31.0}, "datetime": {"datetime": "2024-01-19 01:12:06", "elapsed": 3625.389189, "delta": 0.004196}}
