{"target": -13.75964969115857, "params": {"gamma": 551.5768709209959, "log10_alpha": -0.8001810985210334, "log10_colsample_bytree": -0.08625210225550373, "log10_eta": -2.1495839143460573, "log10_lambda": -2.2858720577479184, "log10_min_child_weight": 1.5325891524617345, "log10_subsample": -0.45408513909629644, "max_depth": 8.0, "num_boost_round": 12.0}, "datetime": {"datetime": "2024-01-19 00:31:41", "elapsed": 1154.230282, "delta": 0.001853}}
{"target": -13.75964387237475, "params": {"gamma": 551.5768709209959, "log10_alpha": -0.8001810985210334, "log10_colsample_bytree": -0.08625210225550373, "log10_eta": -2.1495839143460573, "log10_lambda": -2.2858720577479184, "log10_min_child_weight": 1.5325891524617345, "log10_subsample": -0.45408513909629644, "max_depth": 8.0, "num_boost_round": 13.0}, "datetime": {"datetime": "2024-01-19 00:31:41", "elapsed": 1154.232124, "delta": 0.001842}}
{"target": -13.760058509890433, "params": {"gamma": 551.5768709209959, "log10_alpha": -0.8001810985210334, "log10_colsample_bytree": -0.08625210225550373, "log10_eta": -2.1495839143460573, "log10_lambda": -2.2858720577479184, "log10_min_child_weight": 1.5325891524617345, "log10_subsample": -0.45408513909629644, "max_depth": 8.0, "num_boost_round": 14.0}, "datetime": {"datetime": "2024-01-19 00:31:41", "elapsed": 1154.233973, "delta": 0.001849}}
{"target": -13.76050901818831, "params": {"gamma": 551.5768709209959, "log10_alpha": -0.8001810985210334, "log10_colsample_bytree": -0.08625210225550373, "log10_eta": -2.1495839143460573, "log10_lambda": -2.2858720577479184, "log10_min_child_weight": 1.5325891524617345, "log10_subsample": -0.45408513909629644, "max_depth": 8.0, "num_boost_round": 15.0}, "datetime": {"datetime": "2024-01-19 00:31:41", "elapsed": 1154.235816, "delta": 0.001843}}
{"target": -13.760717151834994, "params": {"gamma": 551.5768709209959, "log10_alpha": -0.8001810985210334, "log10_colsample_bytree": -0.08625210225550373, "log10_eta": -2.1495839143460573, "log10_lambda": -2.2858720577479184, "log10_min_child_weight": 1.5325891524617345, "log10_subsample": -0.45408513909629644, "max_depth": 8.0, "num_boost_round": 16.0}, "datetime": {"datetime": "2024-01-19 00:31:41", "elapsed": 1154.242122, "delta": 0.006306}}
{"target": -13.760820449513389, "params": {"gamma": 551.5768709209959, "log10_alpha": -0.8001810985210334, "log10_colsample_bytree": -0.08625210225550373, "log10_eta": -2.1495839143460573, "log10_lambda": -2.2858720577479184, "log10_min_child_weight": 1.5325891524617345, "log10_subsample": -0.45408513909629644, "max_depth": 8.0, "num_boost_round": 17.0}, "datetime": {"datetime": "2024-01-19 00:31:41", "elapsed": 1154.243945, "delta": 0.001823}}
{"target": -13.761361503230175, "params": {"gamma": 551.5768709209959, "log10_alpha": -0.8001810985210334, "log10_colsample_bytree": -0.08625210225550373, "log10_eta": -2.1495839143460573, "log10_lambda": -2.2858720577479184, "log10_min_child_weight": 1.5325891524617345, "log10_subsample": -0.45408513909629644, "max_depth": 8.0, "num_boost_round": 18.0}, "datetime": {"datetime": "2024-01-19 00:31:41", "elapsed": 1154.245805, "delta": 0.00186}}
{"target": -13.761276341548212, "params": {"gamma": 551.5768709209959, "log10_alpha": -0.8001810985210334, "log10_colsample_bytree": -0.08625210225550373, "log10_eta": -2.1495839143460573, "log10_lambda": -2.2858720577479184, "log10_min_child_weight": 1.5325891524617345, "log10_subsample": -0.45408513909629644, "max_depth": 8.0, "num_boost_round": 19.0}, "datetime": {"datetime": "2024-01-19 00:31:41", "elapsed": 1154.247605, "delta": 0.0018}}
{"target": -13.761630676771444, "params": {"gamma": 551.5768709209959, "log10_alpha": -0.8001810985210334, "log10_colsample_bytree": -0.08625210225550373, "log10_eta": -2.1495839143460573, "log10_lambda": -2.2858720577479184, "log10_min_child_weight": 1.5325891524617345, "log10_subsample": -0.45408513909629644, "max_depth": 8.0, "num_boost_round": 20.0}, "datetime": {"datetime": "2024-01-19 00:31:41", "elapsed": 1154.249436, "delta": 0.001831}}
{"target": -13.761511263855683, "params": {"gamma": 551.5768709209959, "log10_alpha": -0.8001810985210334, "log10_colsample_bytree": -0.08625210225550373, "log10_eta": -2.1495839143460573, "log10_lambda": -2.2858720577479184, "log10_min_child_weight": 1.5325891524617345, "log10_subsample": -0.45408513909629644, "max_depth": 8.0, "num_boost_round": 21.0}, "datetime": {"datetime": "2024-01-19 00:31:41", "elapsed": 1154.251256, "delta": 0.00182}}
{"target": -13.761850201165629, "params": {"gamma": 551.5768709209959, "log10_alpha": -0.8001810985210334, "log10_colsample_bytree": -0.08625210225550373, "log10_eta": -2.1495839143460573, "log10_lambda": -2.2858720577479184, "log10_min_child_weight": 1.5325891524617345, "log10_subsample": -0.45408513909629644, "max_depth": 8.0, "num_boost_round": 22.0}, "datetime": {"datetime": "2024-01-19 00:31:41", "elapsed": 1154.253104, "delta": 0.001848}}
{"target": -13.762150415433851, "params": {"gamma": 551.5768709209959, "log10_alpha": -0.8001810985210334, "log10_colsample_bytree": -0.08625210225550373, "log10_eta": -2.1495839143460573, "log10_lambda": -2.2858720577479184, "log10_min_child_weight": 1.5325891524617345, "log10_subsample": -0.45408513909629644, "max_depth": 8.0, "num_boost_round": 23.0}, "datetime": {"datetime": "2024-01-19 00:31:41", "elapsed": 1154.255077, "delta": 0.001973}}
{"target": -13.762304796452613, "params": {"gamma": 551.5768709209959, "log10_alpha": -0.8001810985210334, "log10_colsample_bytree": -0.08625210225550373, "log10_eta": -2.1495839143460573, "log10_lambda": -2.2858720577479184, "log10_min_child_weight": 1.5325891524617345, "log10_subsample": -0.45408513909629644, "max_depth": 8.0, "num_boost_round": 24.0}, "datetime": {"datetime": "2024-01-19 00:31:41", "elapsed": 1154.256893, "delta": 0.001816}}
{"target": -13.763014965100556, "params": {"gamma": 551.5768709209959, "log10_alpha": -0.8001810985210334, "log10_colsample_bytree": -0.08625210225550373, "log10_eta": -2.1495839143460573, "log10_lambda": -2.2858720577479184, "log10_min_child_weight": 1.5325891524617345, "log10_subsample": -0.45408513909629644, "max_depth": 8.0, "num_boost_round": 25.0}, "datetime": {"datetime": "2024-01-19 00:31:41", "elapsed": 1154.258718, "delta": 0.001825}}
{"target": -13.763337971898272, "params": {"gamma": 551.5768709209959, "log10_alpha": -0.8001810985210334, "log10_colsample_bytree": -0.08625210225550373, "log10_eta": -2.1495839143460573, "log10_lambda": -2.2858720577479184, "log10_min_child_weight": 1.5325891524617345, "log10_subsample": -0.45408513909629644, "max_depth": 8.0, "num_boost_round": 26.0}, "datetime": {"datetime": "2024-01-19 00:31:41", "elapsed": 1154.260567, "delta": 0.001849}}
{"target": -13.763205436825702, "params": {"gamma": 551.5768709209959, "log10_alpha": -0.8001810985210334, "log10_colsample_bytree": -0.08625210225550373, "log10_eta": -2.1495839143460573, "log10_lambda": -2.2858720577479184, "log10_min_child_weight": 1.5325891524617345, "log10_subsample": -0.45408513909629644, "max_depth": 8.0, "num_boost_round": 27.0}, "datetime": {"datetime": "2024-01-19 00:31:41", "elapsed": 1154.262378, "delta": 0.001811}}
{"target": -13.76378588665472, "params": {"gamma": 551.5768709209959, "log10_alpha": -0.8001810985210334, "log10_colsample_bytree": -0.08625210225550373, "log10_eta": -2.1495839143460573, "log10_lambda": -2.2858720577479184, "log10_min_child_weight": 1.5325891524617345, "log10_subsample": -0.45408513909629644, "max_depth": 8.0, "num_boost_round": 28.0}, "datetime": {"datetime": "2024-01-19 00:31:41", "elapsed": 1154.264203, "delta": 0.001825}}
{"target": -13.763662339470912, "params": {"gamma": 551.5768709209959, "log10_alpha": -0.8001810985210334, "log10_colsample_bytree": -0.08625210225550373, "log10_eta": -2.1495839143460573, "log10_lambda": -2.2858720577479184, "log10_min_child_weight": 1.5325891524617345, "log10_subsample": -0.45408513909629644, "max_depth": 8.0, "num_boost_round": 29.0}, "datetime": {"datetime": "2024-01-19 00:31:41", "elapsed": 1154.266019, "delta": 0.001816}}
{"target": -13.764101680415953, "params": {"gamma": 551.5768709209959, "log10_alpha": -0.8001810985210334, "log10_colsample_bytree": -0.08625210225550373, "log10_eta": -2.1495839143460573, "log10_lambda": -2.2858720577479184, "log10_min_child_weight": 1.5325891524617345, "log10_subsample": -0.45408513909629644, "max_depth": 8.0, "num_boost_round": 30.0}, "datetime": {"datetime": "2024-01-19 00:31:41", "elapsed": 1154.267858, "delta": 0.001839}}
{"target": -13.76462291985558, "params": {"gamma": 551.5768709209959, "log10_alpha": -0.8001810985210334, "log10_colsample_bytree": -0.08625210225550373, "log10_eta": -2.1495839143460573, "log10_lambda": -2.2858720577479184, "log10_min_child_weight": 1.5325891524617345, "log10_subsample": -0.45408513909629644, "max_depth": 8.0, "num_boost_round": 31.0}, "datetime": {"datetime": "2024-01-19 00:31:41", "elapsed": 1154.269672, "delta": 0.001814}}
{"target": -13.765210539370631, "params": {"gamma": 551.5768709209959, "log10_alpha": -0.8001810985210334, "log10_colsample_bytree": -0.08625210225550373, "log10_eta": -2.1495839143460573, "log10_lambda": -2.2858720577479184, "log10_min_child_weight": 1.5325891524617345, "log10_subsample": -0.45408513909629644, "max_depth": 8.0, "num_boost_round": 32.0}, "datetime": {"datetime": "2024-01-19 00:31:41", "elapsed": 1154.27149, "delta": 0.001818}}
{"target": -13.765829416206591, "params": {"gamma": 551.5768709209959, "log10_alpha": -0.8001810985210334, "log10_colsample_bytree": -0.08625210225550373, "log10_eta": -2.1495839143460573, "log10_lambda": -2.2858720577479184, "log10_min_child_weight": 1.5325891524617345, "log10_subsample": -0.45408513909629644, "max_depth": 8.0, "num_boost_round": 33.0}, "datetime": {"datetime": "2024-01-19 00:31:41", "elapsed": 1154.273475, "delta": 0.001985}}
{"target": -13.766769647768113, "params": {"gamma": 551.5768709209959, "log10_alpha": -0.8001810985210334, "log10_colsample_bytree": -0.08625210225550373, "log10_eta": -2.1495839143460573, "log10_lambda": -2.2858720577479184, "log10_min_child_weight": 1.5325891524617345, "log10_subsample": -0.45408513909629644, "max_depth": 8.0, "num_boost_round": 34.0}, "datetime": {"datetime": "2024-01-19 00:31:41", "elapsed": 1154.275338, "delta": 0.001863}}
{"target": -13.767402958805377, "params": {"gamma": 551.5768709209959, "log10_alpha": -0.8001810985210334, "log10_colsample_bytree": -0.08625210225550373, "log10_eta": -2.1495839143460573, "log10_lambda": -2.2858720577479184, "log10_min_child_weight": 1.5325891524617345, "log10_subsample": -0.45408513909629644, "max_depth": 8.0, "num_boost_round": 35.0}, "datetime": {"datetime": "2024-01-19 00:31:41", "elapsed": 1154.277187, "delta": 0.001849}}
{"target": -13.767681778752843, "params": {"gamma": 551.5768709209959, "log10_alpha": -0.8001810985210334, "log10_colsample_bytree": -0.08625210225550373, "log10_eta": -2.1495839143460573, "log10_lambda": -2.2858720577479184, "log10_min_child_weight": 1.5325891524617345, "log10_subsample": -0.45408513909629644, "max_depth": 8.0, "num_boost_round": 36.0}, "datetime": {"datetime": "2024-01-19 00:31:41", "elapsed": 1154.279043, "delta": 0.001856}}
{"target": -13.768465240362898, "params": {"gamma": 551.5768709209959, "log10_alpha": -0.8001810985210334, "log10_colsample_bytree": -0.08625210225550373, "log10_eta": -2.1495839143460573, "log10_lambda": -2.2858720577479184, "log10_min_child_weight": 1.5325891524617345, "log10_subsample": -0.45408513909629644, "max_depth": 8.0, "num_boost_round": 37.0}, "datetime": {"datetime": "2024-01-19 00:31:41", "elapsed": 1154.280929, "delta": 0.001886}}
{"target": -13.758537533817597, "params": {"gamma": 545.8117733817795, "log10_alpha": -4.349826291452631, "log10_colsample_bytree": -0.018820494459190762, "log10_eta": -3.8475596633896108, "log10_lambda": -2.603183170562988, "log10_min_child_weight": 3.8888091217140506, "log10_subsample": -0.3687990454673922, "max_depth": 5.0, "num_boost_round": 0.0}, "datetime": {"datetime": "2024-01-19 00:32:06", "elapsed": 1178.659606, "delta": 24.378677}}
{"target": -13.758536914063779, "params": {"gamma": 545.8117733817795, "log10_alpha": -4.349826291452631, "log10_colsample_bytree": -0.018820494459190762, "log10_eta": -3.8475596633896108, "log10_lambda": -2.603183170562988, "log10_min_child_weight": 3.8888091217140506, "log10_subsample": -0.3687990454673922, "max_depth": 5.0, "num_boost_round": 1.0}, "datetime": {"datetime": "2024-01-19 00:32:06", "elapsed": 1178.66213, "delta": 0.002524}}
{"target": -13.758536066039547, "params": {"gamma": 545.8117733817795, "log10_alpha": -4.349826291452631, "log10_colsample_bytree": -0.018820494459190762, "log10_eta": -3.8475596633896108, "log10_lambda": -2.603183170562988, "log10_min_child_weight": 3.8888091217140506, "log10_subsample": -0.3687990454673922, "max_depth": 5.0, "num_boost_round": 2.0}, "datetime": {"datetime": "2024-01-19 00:32:06", "elapsed": 1178.664324, "delta": 0.002194}}
{"target": -13.758535698985206, "params": {"gamma": 545.8117733817795, "log10_alpha": -4.349826291452631, "log10_colsample_bytree": -0.018820494459190762, "log10_eta": -3.8475596633896108, "log10_lambda": -2.603183170562988, "log10_min_child_weight": 3.8888091217140506, "log10_subsample": -0.3687990454673922, "max_depth": 5.0, "num_boost_round": 3.0}, "datetime": {"datetime": "2024-01-19 00:32:06", "elapsed": 1178.666294, "delta": 0.00197}}
{"target": -13.758534952419074, "params": {"gamma": 545.8117733817795, "log10_alpha": -4.349826291452631, "log10_colsample_bytree": -0.018820494459190762, "log10_eta": -3.8475596633896108, "log10_lambda": -2.603183170562988, "log10_min_child_weight": 3.8888091217140506, "log10_subsample": -0.3687990454673922, "max_depth": 5.0, "num_boost_round": 4.0}, "datetime": {"datetime": "2024-01-19 00:32:06", "elapsed": 1178.668199, "delta": 0.001905}}
{"target": -13.75853523828201, "params": {"gamma": 545.8117733817795, "log10_alpha": -4.349826291452631, "log10_colsample_bytree": -0.018820494459190762, "log10_eta": -3.8475596633896108, "log10_lambda": -2.603183170562988, "log10_min_child_weight": 3.8888091217140506, "log10_subsample": -0.3687990454673922, "max_depth": 5.0, "num_boost_round": 5.0}, "datetime": {"datetime": "2024-01-19 00:32:06", "elapsed": 1178.670116, "delta": 0.001917}}
{"target": -13.758533966007333, "params": {"gamma": 545.8117733817795, "log10_alpha": -4.349826291452631, "log10_colsample_bytree": -0.018820494459190762, "log10_eta": -3.8475596633896108, "log10_lambda": -2.603183170562988, "log10_min_child_weight": 3.8888091217140506, "log10_subsample": -0.3687990454673922, "max_depth": 5.0, "num_boost_round": 6.0}, "datetime": {"datetime": "2024-01-19 00:32:06", "elapsed": 1178.672048, "delta": 0.001932}}
{"target": -13.758533114546005, "params": {"gamma": 545.8117733817795, "log10_alpha": -4.349826291452631, "log10_colsample_bytree": -0.018820494459190762, "log10_eta": -3.8475596633896108, "log10_lambda": -2.603183170562988, "log10_min_child_weight": 3.8888091217140506, "log10_subsample": -0.3687990454673922, "max_depth": 5.0, "num_boost_round": 7.0}, "datetime": {"datetime": "2024-01-19 00:32:06", "elapsed": 1178.674202, "delta": 0.002154}}
{"target": -13.758532494277668, "params": {"gamma": 545.8117733817795, "log10_alpha": -4.349826291452631, "log10_colsample_bytree": -0.018820494459190762, "log10_eta": -3.8475596633896108, "log10_lambda": -2.603183170562988, "log10_min_child_weight": 3.8888091217140506, "log10_subsample": -0.3687990454673922, "max_depth": 5.0, "num_boost_round": 8.0}, "datetime": {"datetime": "2024-01-19 00:32:06", "elapsed": 1178.676252, "delta": 0.00205}}
{"target": -13.758531873780571, "params": {"gamma": 545.8117733817795, "log10_alpha": -4.349826291452631, "log10_colsample_bytree": -0.018820494459190762, "log10_eta": -3.8475596633896108, "log10_lambda": -2.603183170562988, "log10_min_child_weight": 3.8888091217140506, "log10_subsample": -0.3687990454673922, "max_depth": 5.0, "num_boost_round": 9.0}, "datetime": {"datetime": "2024-01-19 00:32:06", "elapsed": 1178.678353, "delta": 0.002101}}
{"target": -13.758530542876516, "params": {"gamma": 545.8117733817795, "log10_alpha": -4.349826291452631, "log10_colsample_bytree": -0.018820494459190762, "log10_eta": -3.8475596633896108, "log10_lambda": -2.603183170562988, "log10_min_child_weight": 3.8888091217140506, "log10_subsample": -0.3687990454673922, "max_depth": 5.0, "num_boost_round": 10.0}, "datetime": {"datetime": "2024-01-19 00:32:06", "elapsed": 1178.68033, "delta": 0.001977}}
{"target": -13.75852967737489, "params": {"gamma": 545.8117733817795, "log10_alpha": -4.349826291452631, "log10_colsample_bytree": -0.018820494459190762, "log10_eta": -3.8475596633896108, "log10_lambda": -2.603183170562988, "log10_min_child_weight": 3.8888091217140506, "log10_subsample": -0.3687990454673922, "max_depth": 5.0, "num_boost_round": 11.0}, "datetime": {"datetime": "2024-01-19 00:32:06", "elapsed": 1178.682223, "delta": 0.001893}}
{"target": -13.758528584279675, "params": {"gamma": 545.8117733817795, "log10_alpha": -4.349826291452631, "log10_colsample_bytree": -0.018820494459190762, "log10_eta": -3.8475596633896108, "log10_lambda": -2.603183170562988, "log10_min_child_weight": 3.8888091217140506, "log10_subsample": -0.3687990454673922, "max_depth": 5.0, "num_boost_round": 12.0}, "datetime": {"datetime": "2024-01-19 00:32:06", "elapsed": 1178.684125, "delta": 0.001902}}
{"target": -13.758527533891467, "params": {"gamma": 545.8117733817795, "log10_alpha": -4.349826291452631, "log10_colsample_bytree": -0.018820494459190762, "log10_eta": -3.8475596633896108, "log10_lambda": -2.603183170562988, "log10_min_child_weight": 3.8888091217140506, "log10_subsample": -0.3687990454673922, "max_depth": 5.0, "num_boost_round": 13.0}, "datetime": {"datetime": "2024-01-19 00:32:06", "elapsed": 1178.68605, "delta": 0.001925}}
{"target": -13.758525320702265, "params": {"gamma": 545.8117733817795, "log10_alpha": -4.349826291452631, "log10_colsample_bytree": -0.018820494459190762, "log10_eta": -3.8475596633896108, "log10_lambda": -2.603183170562988, "log10_min_child_weight": 3.8888091217140506, "log10_subsample": -0.3687990454673922, "max_depth": 5.0, "num_boost_round": 14.0}, "datetime": {"datetime": "2024-01-19 00:32:06", "elapsed": 1178.688192, "delta": 0.002142}}
{"target": -13.758524371180162, "params": {"gamma": 545.8117733817795, "log10_alpha": -4.349826291452631, "log10_colsample_bytree": -0.018820494459190762, "log10_eta": -3.8475596633896108, "log10_lambda": -2.603183170562988, "log10_min_child_weight": 3.8888091217140506, "log10_subsample": -0.3687990454673922, "max_depth": 5.0, "num_boost_round": 15.0}, "datetime": {"datetime": "2024-01-19 00:32:06", "elapsed": 1178.690226, "delta": 0.002034}}
{"target": -13.758539999645619, "params": {"gamma": 553.6808002342444, "log10_alpha": 0.11209956438408053, "log10_colsample_bytree": -0.020653845403284188, "log10_eta": -3.9822235336707847, "log10_lambda": 0.615816968345241, "log10_min_child_weight": 2.763857676282542, "log10_subsample": -0.20353873060815975, "max_depth": 6.0, "num_boost_round": 0.0}, "datetime": {"datetime": "2024-01-19 00:32:35", "elapsed": 1207.695937, "delta": 29.005711}}
{"target": -13.758541583019017, "params": {"gamma": 553.6808002342444, "log10_alpha": 0.11209956438408053, "log10_colsample_bytree": -0.020653845403284188, "log10_eta": -3.9822235336707847, "log10_lambda": 0.615816968345241, "log10_min_child_weight": 2.763857676282542, "log10_subsample": -0.20353873060815975, "max_depth": 6.0, "num_boost_round": 1.0}, "datetime": {"datetime": "2024-01-19 00:32:35", "elapsed": 1207.698006, "delta": 0.002069}}
{"target": -13.758540850842039, "params": {"gamma": 553.6808002342444, "log10_alpha": 0.11209956438408053, "log10_colsample_bytree": -0.020653845403284188, "log10_eta": -3.9822235336707847, "log10_lambda": 0.615816968345241, "log10_min_child_weight": 2.763857676282542, "log10_subsample": -0.20353873060815975, "max_depth": 6.0, "num_boost_round": 2.0}, "datetime": {"datetime": "2024-01-19 00:32:35", "elapsed": 1207.699927, "delta": 0.001921}}
{"target": -13.758542675191078, "params": {"gamma": 553.6808002342444, "log10_alpha": 0.11209956438408053, "log10_colsample_bytree": -0.020653845403284188, "log10_eta": -3.9822235336707847, "log10_lambda": 0.615816968345241, "log10_min_child_weight": 2.763857676282542, "log10_subsample": -0.20353873060815975, "max_depth": 6.0, "num_boost_round": 3.0}, "datetime": {"datetime": "2024-01-19 00:32:35", "elapsed": 1207.701979, "delta": 0.002052}}
{"target": -13.758543420294375, "params": {"gamma": 553.6808002342444, "log10_alpha": 0.11209956438408053, "log10_colsample_bytree": -0.020653845403284188, "log10_eta": -3.9822235336707847, "log10_lambda": 0.615816968345241, "log10_min_child_weight": 2.763857676282542, "log10_subsample": -0.20353873060815975, "max_depth": 6.0, "num_boost_round": 4.0}, "datetime": {"datetime": "2024-01-19 00:32:35", "elapsed": 1207.704118, "delta": 0.002139}}
{"target": -13.758542127134064, "params": {"gamma": 553.6808002342444, "log10_alpha": 0.11209956438408053, "log10_colsample_bytree": -0.020653845403284188, "log10_eta": -3.9822235336707847, "log10_lambda": 0.615816968345241, "log10_min_child_weight": 2.763857676282542, "log10_subsample": -0.20353873060815975, "max_depth": 6.0, "num_boost_round": 5.0}, "datetime": {"datetime": "2024-01-19 00:32:35", "elapsed": 1207.70657, "delta": 0.002452}}
{"target": -13.758543946543409, "params": {"gamma": 553.6808002342444, "log10_alpha": 0.11209956438408053, "log10_colsample_bytree": -0.020653845403284188, "log10_eta": -3.9822235336707847, "log10_lambda": 0.615816968345241, "log10_min_child_weight": 2.763857676282542, "log10_subsample": -0.20353873060815975, "max_depth": 6.0, "num_boost_round": 6.0}, "datetime": {"datetime": "2024-01-19 00:32:35", "elapsed": 1207.708413, "delta": 0.001843}}
