{"target": -13.761770469373422, "params": {"gamma": 525.4876464642092, "log10_alpha": -0.3461736781331153, "log10_colsample_bytree": -0.374027699294736, "log10_eta": -1.2147935046169303, "log10_lambda": -1.1919222954130495, "log10_min_child_weight": 1.0670042608060921, "log10_subsample": -0.042136179513915906, "max_depth": 7.0, "num_boost_round": 1.0}, "datetime": {"datetime": "2024-01-19 00:34:52", "elapsed": 1423.981419, "delta": 0.002166}}
{"target": -13.7630451285658, "params": {"gamma": 525.4876464642092, "log10_alpha": -0.3461736781331153, "log10_colsample_bytree": -0.374027699294736, "log10_eta": -1.2147935046169303, "log10_lambda": -1.1919222954130495, "log10_min_child_weight": 1.0670042608060921, "log10_subsample": -0.042136179513915906, "max_depth": 7.0, "num_boost_round": 2.0}, "datetime": {"datetime": "2024-01-19 00:34:52", "elapsed": 1423.983383, "delta": 0.001964}}
{"target": -13.76422053946733, "params": {"gamma": 525.4876464642092, "log10_alpha": -0.3461736781331153, "log10_colsample_bytree": -0.374027699294736, "log10_eta": -1.2147935046169303, "log10_lambda": -1.1919222954130495, "log10_min_child_weight": 1.0670042608060921, "log10_subsample": -0.042136179513915906, "max_depth": 7.0, "num_boost_round": 3.0}, "datetime": {"datetime": "2024-01-19 00:34:52", "elapsed": 1423.985036, "delta": 0.001653}}
{"target": -13.766978788560964, "params": {"gamma": 525.4876464642092, "log10_alpha": -0.3461736781331153, "log10_colsample_bytree": -0.374027699294736, "log10_eta": -1.2147935046169303, "log10_lambda": -1.1919222954130495, "log10_min_child_weight": 1.0670042608060921, "log10_subsample": -0.042136179513915906, "max_depth": 7.0, "num_boost_round": 4.0}, "datetime": {"datetime": "2024-01-19 00:34:52", "elapsed": 1423.986827, "delta": 0.001791}}
{"target": -13.77058376767861, "params": {"gamma": 525.4876464642092, "log10_alpha": -0.3461736781331153, "log10_colsample_bytree": -0.374027699294736, "log10_eta": -1.2147935046169303, "log10_lambda": -1.1919222954130495, "log10_min_child_weight": 1.0670042608060921, "log10_subsample": -0.042136179513915906, "max_depth": 7.0, "num_boost_round": 5.0}, "datetime": {"datetime": "2024-01-19 00:34:52", "elapsed": 1423.988537, "delta": 0.00171}}
{"target": -13.775993681368117, "params": {"gamma": 525.4876464642092, "log10_alpha": -0.3461736781331153, "log10_colsample_bytree": -0.374027699294736, "log10_eta": -1.2147935046169303, "log10_lambda": -1.1919222954130495, "log10_min_child_weight": 1.0670042608060921, "log10_subsample": -0.042136179513915906, "max_depth": 7.0, "num_boost_round": 6.0}, "datetime": {"datetime": "2024-01-19 00:34:52", "elapsed": 1423.990232, "delta": 0.001695}}
{"target": -13.779072101310952, "params": {"gamma": 525.4876464642092, "log10_alpha": -0.3461736781331153, "log10_colsample_bytree": -0.374027699294736, "log10_eta": -1.2147935046169303, "log10_lambda": -1.1919222954130495, "log10_min_child_weight": 1.0670042608060921, "log10_subsample": -0.042136179513915906, "max_depth": 7.0, "num_boost_round": 7.0}, "datetime": {"datetime": "2024-01-19 00:34:52", "elapsed": 1423.991896, "delta": 0.001664}}
{"target": -13.78291066341901, "params": {"gamma": 525.4876464642092, "log10_alpha": -0.3461736781331153, "log10_colsample_bytree": -0.374027699294736, "log10_eta": -1.2147935046169303, "log10_lambda": -1.1919222954130495, "log10_min_child_weight": 1.0670042608060921, "log10_subsample": -0.042136179513915906, "max_depth": 7.0, "num_boost_round": 8.0}, "datetime": {"datetime": "2024-01-19 00:34:52", "elapsed": 1423.993603, "delta": 0.001707}}
{"target": -13.786325213414594, "params": {"gamma": 525.4876464642092, "log10_alpha": -0.3461736781331153, "log10_colsample_bytree": -0.374027699294736, "log10_eta": -1.2147935046169303, "log10_lambda": -1.1919222954130495, "log10_min_child_weight": 1.0670042608060921, "log10_subsample": -0.042136179513915906, "max_depth": 7.0, "num_boost_round": 9.0}, "datetime": {"datetime": "2024-01-19 00:34:52", "elapsed": 1423.995275, "delta": 0.001672}}
{"target": -13.78986846235113, "params": {"gamma": 525.4876464642092, "log10_alpha": -0.3461736781331153, "log10_colsample_bytree": -0.374027699294736, "log10_eta": -1.2147935046169303, "log10_lambda": -1.1919222954130495, "log10_min_child_weight": 1.0670042608060921, "log10_subsample": -0.042136179513915906, "max_depth": 7.0, "num_boost_round": 10.0}, "datetime": {"datetime": "2024-01-19 00:34:52", "elapsed": 1423.996943, "delta": 0.001668}}
{"target": -13.758514639700296, "params": {"gamma": 562.3987297800934, "log10_alpha": -4.621347860682864, "log10_colsample_bytree": -0.4395587842212383, "log10_eta": -3.346886169927737, "log10_lambda": 0.48443062269929094, "log10_min_child_weight": 1.6489474140083404, "log10_subsample": -0.0941370299570804, "max_depth": 5.0, "num_boost_round": 0.0}, "datetime": {"datetime": "2024-01-19 00:35:22", "elapsed": 1454.470241, "delta": 30.473298}}
{"target": -13.75851475487183, "params": {"gamma": 562.3987297800934, "log10_alpha": -4.621347860682864, "log10_colsample_bytree": -0.4395587842212383, "log10_eta": -3.346886169927737, "log10_lambda": 0.48443062269929094, "log10_min_child_weight": 1.6489474140083404, "log10_subsample": -0.0941370299570804, "max_depth": 5.0, "num_boost_round": 1.0}, "datetime": {"datetime": "2024-01-19 00:35:22", "elapsed": 1454.472644, "delta": 0.002403}}
{"target": -13.758505647542236, "params": {"gamma": 562.3987297800934, "log10_alpha": -4.621347860682864, "log10_colsample_bytree": -0.4395587842212383, "log10_eta": -3.346886169927737, "log10_lambda": 0.48443062269929094, "log10_min_child_weight": 1.6489474140083404, "log10_subsample": -0.0941370299570804, "max_depth": 5.0, "num_boost_round": 2.0}, "datetime": {"datetime": "2024-01-19 00:35:22", "elapsed": 1454.474405, "delta": 0.001761}}
{"target": -13.758505349075882, "params": {"gamma": 562.3987297800934, "log10_alpha": -4.621347860682864, "log10_colsample_bytree": -0.4395587842212383, "log10_eta": -3.346886169927737, "log10_lambda": 0.48443062269929094, "log10_min_child_weight": 1.6489474140083404, "log10_subsample": -0.0941370299570804, "max_depth": 5.0, "num_boost_round": 3.0}, "datetime": {"datetime": "2024-01-19 00:35:22", "elapsed": 1454.476061, "delta": 0.001656}}
{"target": -13.758482837347046, "params": {"gamma": 562.3987297800934, "log10_alpha": -4.621347860682864, "log10_colsample_bytree": -0.4395587842212383, "log10_eta": -3.346886169927737, "log10_lambda": 0.48443062269929094, "log10_min_child_weight": 1.6489474140083404, "log10_subsample": -0.0941370299570804, "max_depth": 5.0, "num_boost_round": 4.0}, "datetime": {"datetime": "2024-01-19 00:35:22", "elapsed": 1454.4778, "delta": 0.001739}}
{"target": -13.758462546520056, "params": {"gamma": 562.3987297800934, "log10_alpha": -4.621347860682864, "log10_colsample_bytree": -0.4395587842212383, "log10_eta": -3.346886169927737, "log10_lambda": 0.48443062269929094, "log10_min_child_weight": 1.6489474140083404, "log10_subsample": -0.0941370299570804, "max_depth": 5.0, "num_boost_round": 5.0}, "datetime": {"datetime": "2024-01-19 00:35:22", "elapsed": 1454.479486, "delta": 0.001686}}
{"target": -13.7584545481252, "params": {"gamma": 562.3987297800934, "log10_alpha": -4.621347860682864, "log10_colsample_bytree": -0.4395587842212383, "log10_eta": -3.346886169927737, "log10_lambda": 0.48443062269929094, "log10_min_child_weight": 1.6489474140083404, "log10_subsample": -0.0941370299570804, "max_depth": 5.0, "num_boost_round": 6.0}, "datetime": {"datetime": "2024-01-19 00:35:22", "elapsed": 1454.481158, "delta": 0.001672}}
{"target": -13.75843244459345, "params": {"gamma": 562.3987297800934, "log10_alpha": -4.621347860682864, "log10_colsample_bytree": -0.4395587842212383, "log10_eta": -3.346886169927737, "log10_lambda": 0.48443062269929094, "log10_min_child_weight": 1.6489474140083404, "log10_subsample": -0.0941370299570804, "max_depth": 5.0, "num_boost_round": 7.0}, "datetime": {"datetime": "2024-01-19 00:35:22", "elapsed": 1454.482987, "delta": 0.001829}}
{"target": -13.758424009450184, "params": {"gamma": 562.3987297800934, "log10_alpha": -4.621347860682864, "log10_colsample_bytree": -0.4395587842212383, "log10_eta": -3.346886169927737, "log10_lambda": 0.48443062269929094, "log10_min_child_weight": 1.6489474140083404, "log10_subsample": -0.0941370299570804, "max_depth": 5.0, "num_boost_round": 8.0}, "datetime": {"datetime": "2024-01-19 00:35:22", "elapsed": 1454.484656, "delta": 0.001669}}
{"target": -13.75841978796446, "params": {"gamma": 562.3987297800934, "log10_alpha": -4.621347860682864, "log10_colsample_bytree": -0.4395587842212383, "log10_eta": -3.346886169927737, "log10_lambda": 0.48443062269929094, "log10_min_child_weight": 1.6489474140083404, "log10_subsample": -0.0941370299570804, "max_depth": 5.0, "num_boost_round": 9.0}, "datetime": {"datetime": "2024-01-19 00:35:22", "elapsed": 1454.486456, "delta": 0.0018}}
{"target": -13.758406617684212, "params": {"gamma": 562.3987297800934, "log10_alpha": -4.621347860682864, "log10_colsample_bytree": -0.4395587842212383, "log10_eta": -3.346886169927737, "log10_lambda": 0.48443062269929094, "log10_min_child_weight": 1.6489474140083404, "log10_subsample": -0.0941370299570804, "max_depth": 5.0, "num_boost_round": 10.0}, "datetime": {"datetime": "2024-01-19 00:35:22", "elapsed": 1454.488165, "delta": 0.001709}}
{"target": -13.758395491826287, "params": {"gamma": 562.3987297800934, "log10_alpha": -4.621347860682864, "log10_colsample_bytree": -0.4395587842212383, "log10_eta": -3.346886169927737, "log10_lambda": 0.48443062269929094, "log10_min_child_weight": 1.6489474140083404, "log10_subsample": -0.0941370299570804, "max_depth": 5.0, "num_boost_round": 11.0}, "datetime": {"datetime": "2024-01-19 00:35:22", "elapsed": 1454.489855, "delta": 0.00169}}
{"target": -13.75839092824678, "params": {"gamma": 562.3987297800934, "log10_alpha": -4.621347860682864, "log10_colsample_bytree": -0.4395587842212383, "log10_eta": -3.346886169927737, "log10_lambda": 0.48443062269929094, "log10_min_child_weight": 1.6489474140083404, "log10_subsample": -0.0941370299570804, "max_depth": 5.0, "num_boost_round": 12.0}, "datetime": {"datetime": "2024-01-19 00:35:22", "elapsed": 1454.491519, "delta": 0.001664}}
{"target": -13.758389397986205, "params": {"gamma": 562.3987297800934, "log10_alpha": -4.621347860682864, "log10_colsample_bytree": -0.4395587842212383, "log10_eta": -3.346886169927737, "log10_lambda": 0.48443062269929094, "log10_min_child_weight": 1.6489474140083404, "log10_subsample": -0.0941370299570804, "max_depth": 5.0, "num_boost_round": 13.0}, "datetime": {"datetime": "2024-01-19 00:35:22", "elapsed": 1454.4932, "delta": 0.001681}}
{"target": -13.758390775233265, "params": {"gamma": 562.3987297800934, "log10_alpha": -4.621347860682864, "log10_colsample_bytree": -0.4395587842212383, "log10_eta": -3.346886169927737, "log10_lambda": 0.48443062269929094, "log10_min_child_weight": 1.6489474140083404, "log10_subsample": -0.0941370299570804, "max_depth": 5.0, "num_boost_round": 14.0}, "datetime": {"datetime": "2024-01-19 00:35:22", "elapsed": 1454.494895, "delta": 0.001695}}
{"target": -13.75837807613433, "params": {"gamma": 562.3987297800934, "log10_alpha": -4.621347860682864, "log10_colsample_bytree": -0.4395587842212383, "log10_eta": -3.346886169927737, "log10_lambda": 0.48443062269929094, "log10_min_child_weight": 1.6489474140083404, "log10_subsample": -0.0941370299570804, "max_depth": 5.0, "num_boost_round": 15.0}, "datetime": {"datetime": "2024-01-19 00:35:22", "elapsed": 1454.496599, "delta": 0.001704}}
{"target": -13.75836278648012, "params": {"gamma": 562.3987297800934, "log10_alpha": -4.621347860682864, "log10_colsample_bytree": -0.4395587842212383, "log10_eta": -3.346886169927737, "log10_lambda": 0.48443062269929094, "log10_min_child_weight": 1.6489474140083404, "log10_subsample": -0.0941370299570804, "max_depth": 5.0, "num_boost_round": 16.0}, "datetime": {"datetime": "2024-01-19 00:35:22", "elapsed": 1454.498305, "delta": 0.001706}}
{"target": -13.758355586095536, "params": {"gamma": 562.3987297800934, "log10_alpha": -4.621347860682864, "log10_colsample_bytree": -0.4395587842212383, "log10_eta": -3.346886169927737, "log10_lambda": 0.48443062269929094, "log10_min_child_weight": 1.6489474140083404, "log10_subsample": -0.0941370299570804, "max_depth": 5.0, "num_boost_round": 17.0}, "datetime": {"datetime": "2024-01-19 00:35:22", "elapsed": 1454.50007, "delta": 0.001765}}
{"target": -13.758348658401662, "params": {"gamma": 562.3987297800934, "log10_alpha": -4.621347860682864, "log10_colsample_bytree": -0.4395587842212383, "log10_eta": -3.346886169927737, "log10_lambda": 0.48443062269929094, "log10_min_child_weight": 1.6489474140083404, "log10_subsample": -0.0941370299570804, "max_depth": 5.0, "num_boost_round": 18.0}, "datetime": {"datetime": "2024-01-19 00:35:22", "elapsed": 1454.501735, "delta": 0.001665}}
{"target": -13.758352584346401, "params": {"gamma": 562.3987297800934, "log10_alpha": -4.621347860682864, "log10_colsample_bytree": -0.4395587842212383, "log10_eta": -3.346886169927737, "log10_lambda": 0.48443062269929094, "log10_min_child_weight": 1.6489474140083404, "log10_subsample": -0.0941370299570804, "max_depth": 5.0, "num_boost_round": 19.0}, "datetime": {"datetime": "2024-01-19 00:35:22", "elapsed": 1454.503479, "delta": 0.001744}}
{"target": -13.7583236827789, "params": {"gamma": 562.3987297800934, "log10_alpha": -4.621347860682864, "log10_colsample_bytree": -0.4395587842212383, "log10_eta": -3.346886169927737, "log10_lambda": 0.48443062269929094, "log10_min_child_weight": 1.6489474140083404, "log10_subsample": -0.0941370299570804, "max_depth": 5.0, "num_boost_round": 20.0}, "datetime": {"datetime": "2024-01-19 00:35:22", "elapsed": 1454.505178, "delta": 0.001699}}
{"target": -13.75831669907288, "params": {"gamma": 562.3987297800934, "log10_alpha": -4.621347860682864, "log10_colsample_bytree": -0.4395587842212383, "log10_eta": -3.346886169927737, "log10_lambda": 0.48443062269929094, "log10_min_child_weight": 1.6489474140083404, "log10_subsample": -0.0941370299570804, "max_depth": 5.0, "num_boost_round": 21.0}, "datetime": {"datetime": "2024-01-19 00:35:22", "elapsed": 1454.506952, "delta": 0.001774}}
{"target": -13.75830686579449, "params": {"gamma": 562.3987297800934, "log10_alpha": -4.621347860682864, "log10_colsample_bytree": -0.4395587842212383, "log10_eta": -3.346886169927737, "log10_lambda": 0.48443062269929094, "log10_min_child_weight": 1.6489474140083404, "log10_subsample": -0.0941370299570804, "max_depth": 5.0, "num_boost_round": 22.0}, "datetime": {"datetime": "2024-01-19 00:35:22", "elapsed": 1454.508617, "delta": 0.001665}}
{"target": -13.758301613588163, "params": {"gamma": 562.3987297800934, "log10_alpha": -4.621347860682864, "log10_colsample_bytree": -0.4395587842212383, "log10_eta": -3.346886169927737, "log10_lambda": 0.48443062269929094, "log10_min_child_weight": 1.6489474140083404, "log10_subsample": -0.0941370299570804, "max_depth": 5.0, "num_boost_round": 23.0}, "datetime": {"datetime": "2024-01-19 00:35:22", "elapsed": 1454.510287, "delta": 0.00167}}
{"target": -13.758282681230948, "params": {"gamma": 562.3987297800934, "log10_alpha": -4.621347860682864, "log10_colsample_bytree": -0.4395587842212383, "log10_eta": -3.346886169927737, "log10_lambda": 0.48443062269929094, "log10_min_child_weight": 1.6489474140083404, "log10_subsample": -0.0941370299570804, "max_depth": 5.0, "num_boost_round": 24.0}, "datetime": {"datetime": "2024-01-19 00:35:22", "elapsed": 1454.511971, "delta": 0.001684}}
{"target": -13.758272657325309, "params": {"gamma": 562.3987297800934, "log10_alpha": -4.621347860682864, "log10_colsample_bytree": -0.4395587842212383, "log10_eta": -3.346886169927737, "log10_lambda": 0.48443062269929094, "log10_min_child_weight": 1.6489474140083404, "log10_subsample": -0.0941370299570804, "max_depth": 5.0, "num_boost_round": 25.0}, "datetime": {"datetime": "2024-01-19 00:35:22", "elapsed": 1454.513661, "delta": 0.00169}}
{"target": -13.758272098202994, "params": {"gamma": 562.3987297800934, "log10_alpha": -4.621347860682864, "log10_colsample_bytree": -0.4395587842212383, "log10_eta": -3.346886169927737, "log10_lambda": 0.48443062269929094, "log10_min_child_weight": 1.6489474140083404, "log10_subsample": -0.0941370299570804, "max_depth": 5.0, "num_boost_round": 26.0}, "datetime": {"datetime": "2024-01-19 00:35:22", "elapsed": 1454.515365, "delta": 0.001704}}
{"target": -13.758271081158144, "params": {"gamma": 562.3987297800934, "log10_alpha": -4.621347860682864, "log10_colsample_bytree": -0.4395587842212383, "log10_eta": -3.346886169927737, "log10_lambda": 0.48443062269929094, "log10_min_child_weight": 1.6489474140083404, "log10_subsample": -0.0941370299570804, "max_depth": 5.0, "num_boost_round": 27.0}, "datetime": {"datetime": "2024-01-19 00:35:22", "elapsed": 1454.517031, "delta": 0.001666}}
{"target": -13.758259896049125, "params": {"gamma": 562.3987297800934, "log10_alpha": -4.621347860682864, "log10_colsample_bytree": -0.4395587842212383, "log10_eta": -3.346886169927737, "log10_lambda": 0.48443062269929094, "log10_min_child_weight": 1.6489474140083404, "log10_subsample": -0.0941370299570804, "max_depth": 5.0, "num_boost_round": 28.0}, "datetime": {"datetime": "2024-01-19 00:35:22", "elapsed": 1454.51871, "delta": 0.001679}}
{"target": -13.758242976595344, "params": {"gamma": 562.3987297800934, "log10_alpha": -4.621347860682864, "log10_colsample_bytree": -0.4395587842212383, "log10_eta": -3.346886169927737, "log10_lambda": 0.48443062269929094, "log10_min_child_weight": 1.6489474140083404, "log10_subsample": -0.0941370299570804, "max_depth": 5.0, "num_boost_round": 29.0}, "datetime": {"datetime": "2024-01-19 00:35:22", "elapsed": 1454.5204, "delta": 0.00169}}
{"target": -13.758234107473205, "params": {"gamma": 562.3987297800934, "log10_alpha": -4.621347860682864, "log10_colsample_bytree": -0.4395587842212383, "log10_eta": -3.346886169927737, "log10_lambda": 0.48443062269929094, "log10_min_child_weight": 1.6489474140083404, "log10_subsample": -0.0941370299570804, "max_depth": 5.0, "num_boost_round": 30.0}, "datetime": {"datetime": "2024-01-19 00:35:22", "elapsed": 1454.522111, "delta": 0.001711}}
{"target": -13.758220240580599, "params": {"gamma": 562.3987297800934, "log10_alpha": -4.621347860682864, "log10_colsample_bytree": -0.4395587842212383, "log10_eta": -3.346886169927737, "log10_lambda": 0.48443062269929094, "log10_min_child_weight": 1.6489474140083404, "log10_subsample": -0.0941370299570804, "max_depth": 5.0, "num_boost_round": 31.0}, "datetime": {"datetime": "2024-01-19 00:35:22", "elapsed": 1454.523863, "delta": 0.001752}}
{"target": -13.758205037024911, "params": {"gamma": 562.3987297800934, "log10_alpha": -4.621347860682864, "log10_colsample_bytree": -0.4395587842212383, "log10_eta": -3.346886169927737, "log10_lambda": 0.48443062269929094, "log10_min_child_weight": 1.6489474140083404, "log10_subsample": -0.0941370299570804, "max_depth": 5.0, "num_boost_round": 32.0}, "datetime": {"datetime": "2024-01-19 00:35:22", "elapsed": 1454.525574, "delta": 0.001711}}
{"target": -13.758199634635346, "params": {"gamma": 562.3987297800934, "log10_alpha": -4.621347860682864, "log10_colsample_bytree": -0.4395587842212383, "log10_eta": -3.346886169927737, "log10_lambda": 0.48443062269929094, "log10_min_child_weight": 1.6489474140083404, "log10_subsample": -0.0941370299570804, "max_depth": 5.0, "num_boost_round": 33.0}, "datetime": {"datetime": "2024-01-19 00:35:22", "elapsed": 1454.527403, "delta": 0.001829}}
{"target": -13.758534171050961, "params": {"gamma": 533.2183133157249, "log10_alpha": -4.419268524078557, "log10_colsample_bytree": -0.20739874909901623, "log10_eta": -3.798793175427477, "log10_lambda": -4.910194210741119, "log10_min_child_weight": 0.8261888793752042, "log10_subsample": -0.8967965759766842, "max_depth": 4.0, "num_boost_round": 0.0}, "datetime": {"datetime": "2024-01-19 00:35:42", "elapsed": 1474.465559, "delta": 19.938156}}
{"target": -13.758531223090431, "params": {"gamma": 533.2183133157249, "log10_alpha": -4.419268524078557, "log10_colsample_bytree": -0.20739874909901623, "log10_eta": -3.798793175427477, "log10_lambda": -4.910194210741119, "log10_min_child_weight": 0.8261888793752042, "log10_subsample": -0.8967965759766842, "max_depth": 4.0, "num_boost_round": 1.0}, "datetime": {"datetime": "2024-01-19 00:35:42", "elapsed": 1474.468142, "delta": 0.002583}}
{"target": -13.75851785943704, "params": {"gamma": 533.2183133157249, "log10_alpha": -4.419268524078557, "log10_colsample_bytree": -0.20739874909901623, "log10_eta": -3.798793175427477, "log10_lambda": -4.910194210741119, "log10_min_child_weight": 0.8261888793752042, "log10_subsample": -0.8967965759766842, "max_depth": 4.0, "num_boost_round": 2.0}, "datetime": {"datetime": "2024-01-19 00:35:42", "elapsed": 1474.470092, "delta": 0.00195}}
{"target": -13.758513947555928, "params": {"gamma": 533.2183133157249, "log10_alpha": -4.419268524078557, "log10_colsample_bytree": -0.20739874909901623, "log10_eta": -3.798793175427477, "log10_lambda": -4.910194210741119, "log10_min_child_weight": 0.8261888793752042, "log10_subsample": -0.8967965759766842, "max_depth": 4.0, "num_boost_round": 3.0}, "datetime": {"datetime": "2024-01-19 00:35:42", "elapsed": 1474.471777, "delta": 0.001685}}
{"target": -13.758513035202327, "params": {"gamma": 533.2183133157249, "log10_alpha": -4.419268524078557, "log10_colsample_bytree": -0.20739874909901623, "log10_eta": -3.798793175427477, "log10_lambda": -4.910194210741119, "log10_min_child_weight": 0.8261888793752042, "log10_subsample": -0.8967965759766842, "max_depth": 4.0, "num_boost_round": 4.0}, "datetime": {"datetime": "2024-01-19 00:35:42", "elapsed": 1474.473449, "delta": 0.001672}}
