{"target": -17.676918518178574, "params": {"gamma": 828.8505260413555, "log10_alpha": -5.0, "log10_colsample_bytree": 0.0, "log10_eta": -4.0, "log10_lambda": -5.0, "log10_min_child_weight": 0.0, "log10_subsample": -1.0, "max_depth": 10.0, "num_boost_round": 60.0}, "datetime": {"datetime": "2024-01-19 02:08:09", "elapsed": 6974.09466, "delta": 0.007376}}
{"target": -17.676918536114847, "params": {"gamma": 828.8505260413555, "log10_alpha": -5.0, "log10_colsample_bytree": 0.0, "log10_eta": -4.0, "log10_lambda": -5.0, "log10_min_child_weight": 0.0, "log10_subsample": -1.0, "max_depth": 10.0, "num_boost_round": 61.0}, "datetime": {"datetime": "2024-01-19 02:08:09", "elapsed": 6974.102171, "delta": 0.007511}}
{"target": -17.676912040990473, "params": {"gamma": 828.8505260413555, "log10_alpha": -5.0, "log10_colsample_bytree": 0.0, "log10_eta": -4.0, "log10_lambda": -5.0, "log10_min_child_weight": 0.0, "log10_subsample": -1.0, "max_depth": 10.0, "num_boost_round": 62.0}, "datetime": {"datetime": "2024-01-19 02:08:09", "elapsed": 6974.109803, "delta": 0.007632}}
{"target": -17.67691829113747, "params": {"gamma": 828.8505260413555, "log10_alpha": -5.0, "log10_colsample_bytree": 0.0, "log10_eta": -4.0, "log10_lambda": -5.0, "log10_min_child_weight": 0.0, "log10_subsample": -1.0, "max_depth": 10.0, "num_boost_round": 63.0}, "datetime": {"datetime": "2024-01-19 02:08:09", "elapsed": 6974.117255, "delta": 0.007452}}
{"target": -17.676906207697996, "params": {"gamma": 828.8505260413555, "log10_alpha": -5.0, "log10_colsample_bytree": 0.0, "log10_eta": -4.0, "log10_lambda": -5.0, "log10_min_child_weight": 0.0, "log10_subsample": -1.0, "max_depth": 10.0, "num_boost_round": 64.0}, "datetime": {"datetime": "2024-01-19 02:08:09", "elapsed": 6974.124702, "delta": 0.007447}}
{"target": -17.676905457976957, "params": {"gamma": 828.8505260413555, "log10_alpha": -5.0, "log10_colsample_bytree": 0.0, "log10_eta": -4.0, "log10_lambda": -5.0, "log10_min_child_weight": 0.0, "log10_subsample": -1.0, "max_depth": 10.0, "num_boost_round": 65.0}, "datetime": {"datetime": "2024-01-19 02:08:09", "elapsed": 6974.132248, "delta": 0.007546}}
{"target": -17.67690141166701, "params": {"gamma": 828.8505260413555, "log10_alpha": -5.0, "log10_colsample_bytree": 0.0, "log10_eta": -4.0, "log10_lambda": -5.0, "log10_min_child_weight": 0.0, "log10_subsample": -1.0, "max_depth": 10.0, "num_boost_round": 66.0}, "datetime": {"datetime": "2024-01-19 02:08:09", "elapsed": 6974.139579, "delta": 0.007331}}
{"target": -17.67701306116421, "params": {"gamma": 851.0535093138442, "log10_alpha": 0.11728888441617258, "log10_colsample_bytree": -0.9193973708321033, "log10_eta": -2.124175579663638, "log10_lambda": -0.9523383472217963, "log10_min_child_weight": 3.59535120125662, "log10_subsample": -0.33490980761058575, "max_depth": 8.0, "num_boost_round": 0.0}, "datetime": {"datetime": "2024-01-19 02:11:02", "elapsed": 7147.497665, "delta": 173.358086}}
{"target": -17.677025182225947, "params": {"gamma": 851.0535093138442, "log10_alpha": 0.11728888441617258, "log10_colsample_bytree": -0.9193973708321033, "log10_eta": -2.124175579663638, "log10_lambda": -0.9523383472217963, "log10_min_child_weight": 3.59535120125662, "log10_subsample": -0.33490980761058575, "max_depth": 8.0, "num_boost_round": 1.0}, "datetime": {"datetime": "2024-01-19 02:11:02", "elapsed": 7147.506731, "delta": 0.009066}}
{"target": -17.67677107474334, "params": {"gamma": 851.0535093138442, "log10_alpha": 0.11728888441617258, "log10_colsample_bytree": -0.9193973708321033, "log10_eta": -2.124175579663638, "log10_lambda": -0.9523383472217963, "log10_min_child_weight": 3.59535120125662, "log10_subsample": -0.33490980761058575, "max_depth": 8.0, "num_boost_round": 2.0}, "datetime": {"datetime": "2024-01-19 02:11:02", "elapsed": 7147.515221, "delta": 0.00849}}
{"target": -17.676787348858305, "params": {"gamma": 851.0535093138442, "log10_alpha": 0.11728888441617258, "log10_colsample_bytree": -0.9193973708321033, "log10_eta": -2.124175579663638, "log10_lambda": -0.9523383472217963, "log10_min_child_weight": 3.59535120125662, "log10_subsample": -0.33490980761058575, "max_depth": 8.0, "num_boost_round": 3.0}, "datetime": {"datetime": "2024-01-19 02:11:02", "elapsed": 7147.523646, "delta": 0.008425}}
{"target": -17.67665998227725, "params": {"gamma": 851.0535093138442, "log10_alpha": 0.11728888441617258, "log10_colsample_bytree": -0.9193973708321033, "log10_eta": -2.124175579663638, "log10_lambda": -0.9523383472217963, "log10_min_child_weight": 3.59535120125662, "log10_subsample": -0.33490980761058575, "max_depth": 8.0, "num_boost_round": 4.0}, "datetime": {"datetime": "2024-01-19 02:11:03", "elapsed": 7147.53209, "delta": 0.008444}}
{"target": -17.67663385876551, "params": {"gamma": 851.0535093138442, "log10_alpha": 0.11728888441617258, "log10_colsample_bytree": -0.9193973708321033, "log10_eta": -2.124175579663638, "log10_lambda": -0.9523383472217963, "log10_min_child_weight": 3.59535120125662, "log10_subsample": -0.33490980761058575, "max_depth": 8.0, "num_boost_round": 5.0}, "datetime": {"datetime": "2024-01-19 02:11:03", "elapsed": 7147.540575, "delta": 0.008485}}
{"target": -17.676723826440533, "params": {"gamma": 851.0535093138442, "log10_alpha": 0.11728888441617258, "log10_colsample_bytree": -0.9193973708321033, "log10_eta": -2.124175579663638, "log10_lambda": -0.9523383472217963, "log10_min_child_weight": 3.59535120125662, "log10_subsample": -0.33490980761058575, "max_depth": 8.0, "num_boost_round": 6.0}, "datetime": {"datetime": "2024-01-19 02:11:03", "elapsed": 7147.548888, "delta": 0.008313}}
{"target": -17.676466538281293, "params": {"gamma": 851.0535093138442, "log10_alpha": 0.11728888441617258, "log10_colsample_bytree": -0.9193973708321033, "log10_eta": -2.124175579663638, "log10_lambda": -0.9523383472217963, "log10_min_child_weight": 3.59535120125662, "log10_subsample": -0.33490980761058575, "max_depth": 8.0, "num_boost_round": 7.0}, "datetime": {"datetime": "2024-01-19 02:11:03", "elapsed": 7147.557422, "delta": 0.008534}}
{"target": -17.676245441015208, "params": {"gamma": 851.0535093138442, "log10_alpha": 0.11728888441617258, "log10_colsample_bytree": -0.9193973708321033, "log10_eta": -2.124175579663638, "log10_lambda": -0.9523383472217963, "log10_min_child_weight": 3.59535120125662, "log10_subsample": -0.33490980761058575, "max_depth": 8.0, "num_boost_round": 8.0}, "datetime": {"datetime": "2024-01-19 02:11:03", "elapsed": 7147.565952, "delta": 0.00853}}
{"target": -17.67628121291304, "params": {"gamma": 851.0535093138442, "log10_alpha": 0.11728888441617258, "log10_colsample_bytree": -0.9193973708321033, "log10_eta": -2.124175579663638, "log10_lambda": -0.9523383472217963, "log10_min_child_weight": 3.59535120125662, "log10_subsample": -0.33490980761058575, "max_depth": 8.0, "num_boost_round": 9.0}, "datetime": {"datetime": "2024-01-19 02:11:03", "elapsed": 7147.5742, "delta": 0.008248}}
{"target": -17.676441618998062, "params": {"gamma": 851.0535093138442, "log10_alpha": 0.11728888441617258, "log10_colsample_bytree": -0.9193973708321033, "log10_eta": -2.124175579663638, "log10_lambda": -0.9523383472217963, "log10_min_child_weight": 3.59535120125662, "log10_subsample": -0.33490980761058575, "max_depth": 8.0, "num_boost_round": 10.0}, "datetime": {"datetime": "2024-01-19 02:11:03", "elapsed": 7147.582558, "delta": 0.008358}}
{"target": -17.67640424936512, "params": {"gamma": 851.0535093138442, "log10_alpha": 0.11728888441617258, "log10_colsample_bytree": -0.9193973708321033, "log10_eta": -2.124175579663638, "log10_lambda": -0.9523383472217963, "log10_min_child_weight": 3.59535120125662, "log10_subsample": -0.33490980761058575, "max_depth": 8.0, "num_boost_round": 11.0}, "datetime": {"datetime": "2024-01-19 02:11:03", "elapsed": 7147.591012, "delta": 0.008454}}
{"target": -17.676235641090877, "params": {"gamma": 851.0535093138442, "log10_alpha": 0.11728888441617258, "log10_colsample_bytree": -0.9193973708321033, "log10_eta": -2.124175579663638, "log10_lambda": -0.9523383472217963, "log10_min_child_weight": 3.59535120125662, "log10_subsample": -0.33490980761058575, "max_depth": 8.0, "num_boost_round": 12.0}, "datetime": {"datetime": "2024-01-19 02:11:03", "elapsed": 7147.599635, "delta": 0.008623}}
{"target": -17.676100883138588, "params": {"gamma": 851.0535093138442, "log10_alpha": 0.11728888441617258, "log10_colsample_bytree": -0.9193973708321033, "log10_eta": -2.124175579663638, "log10_lambda": -0.9523383472217963, "log10_min_child_weight": 3.59535120125662, "log10_subsample": -0.33490980761058575, "max_depth": 8.0, "num_boost_round": 13.0}, "datetime": {"datetime": "2024-01-19 02:11:03", "elapsed": 7147.607947, "delta": 0.008312}}
{"target": -17.676012524105303, "params": {"gamma": 851.0535093138442, "log10_alpha": 0.11728888441617258, "log10_colsample_bytree": -0.9193973708321033, "log10_eta": -2.124175579663638, "log10_lambda": -0.9523383472217963, "log10_min_child_weight": 3.59535120125662, "log10_subsample": -0.33490980761058575, "max_depth": 8.0, "num_boost_round": 14.0}, "datetime": {"datetime": "2024-01-19 02:11:03", "elapsed": 7147.616289, "delta": 0.008342}}
{"target": -17.67596566047787, "params": {"gamma": 851.0535093138442, "log10_alpha": 0.11728888441617258, "log10_colsample_bytree": -0.9193973708321033, "log10_eta": -2.124175579663638, "log10_lambda": -0.9523383472217963, "log10_min_child_weight": 3.59535120125662, "log10_subsample": -0.33490980761058575, "max_depth": 8.0, "num_boost_round": 15.0}, "datetime": {"datetime": "2024-01-19 02:11:03", "elapsed": 7147.624604, "delta": 0.008315}}
{"target": -17.675938239593346, "params": {"gamma": 851.0535093138442, "log10_alpha": 0.11728888441617258, "log10_colsample_bytree": -0.9193973708321033, "log10_eta": -2.124175579663638, "log10_lambda": -0.9523383472217963, "log10_min_child_weight": 3.59535120125662, "log10_subsample": -0.33490980761058575, "max_depth": 8.0, "num_boost_round": 16.0}, "datetime": {"datetime": "2024-01-19 02:11:03", "elapsed": 7147.633, "delta": 0.008396}}
{"target": -17.675880781456218, "params": {"gamma": 851.0535093138442, "log10_alpha": 0.11728888441617258, "log10_colsample_bytree": -0.9193973708321033, "log10_eta": -2.124175579663638, "log10_lambda": -0.9523383472217963, "log10_min_child_weight": 3.59535120125662, "log10_subsample": -0.33490980761058575, "max_depth": 8.0, "num_boost_round": 17.0}, "datetime": {"datetime": "2024-01-19 02:11:03", "elapsed": 7147.641486, "delta": 0.008486}}
{"target": -17.67582348113549, "params": {"gamma": 851.0535093138442, "log10_alpha": 0.11728888441617258, "log10_colsample_bytree": -0.9193973708321033, "log10_eta": -2.124175579663638, "log10_lambda": -0.9523383472217963, "log10_min_child_weight": 3.59535120125662, "log10_subsample": -0.33490980761058575, "max_depth": 8.0, "num_boost_round": 18.0}, "datetime": {"datetime": "2024-01-19 02:11:03", "elapsed": 7147.649684, "delta": 0.008198}}
{"target": -17.675576701025054, "params": {"gamma": 851.0535093138442, "log10_alpha": 0.11728888441617258, "log10_colsample_bytree": -0.9193973708321033, "log10_eta": -2.124175579663638, "log10_lambda": -0.9523383472217963, "log10_min_child_weight": 3.59535120125662, "log10_subsample": -0.33490980761058575, "max_depth": 8.0, "num_boost_round": 19.0}, "datetime": {"datetime": "2024-01-19 02:11:03", "elapsed": 7147.658071, "delta": 0.008387}}
{"target": -17.67547912923507, "params": {"gamma": 851.0535093138442, "log10_alpha": 0.11728888441617258, "log10_colsample_bytree": -0.9193973708321033, "log10_eta": -2.124175579663638, "log10_lambda": -0.9523383472217963, "log10_min_child_weight": 3.59535120125662, "log10_subsample": -0.33490980761058575, "max_depth": 8.0, "num_boost_round": 20.0}, "datetime": {"datetime": "2024-01-19 02:11:03", "elapsed": 7147.666412, "delta": 0.008341}}
{"target": -17.675315913219304, "params": {"gamma": 851.0535093138442, "log10_alpha": 0.11728888441617258, "log10_colsample_bytree": -0.9193973708321033, "log10_eta": -2.124175579663638, "log10_lambda": -0.9523383472217963, "log10_min_child_weight": 3.59535120125662, "log10_subsample": -0.33490980761058575, "max_depth": 8.0, "num_boost_round": 21.0}, "datetime": {"datetime": "2024-01-19 02:11:03", "elapsed": 7147.674682, "delta": 0.00827}}
{"target": -17.674953737963552, "params": {"gamma": 851.0535093138442, "log10_alpha": 0.11728888441617258, "log10_colsample_bytree": -0.9193973708321033, "log10_eta": -2.124175579663638, "log10_lambda": -0.9523383472217963, "log10_min_child_weight": 3.59535120125662, "log10_subsample": -0.33490980761058575, "max_depth": 8.0, "num_boost_round": 22.0}, "datetime": {"datetime": "2024-01-19 02:11:03", "elapsed": 7147.683215, "delta": 0.008533}}
{"target": -17.674483484237555, "params": {"gamma": 851.0535093138442, "log10_alpha": 0.11728888441617258, "log10_colsample_bytree": -0.9193973708321033, "log10_eta": -2.124175579663638, "log10_lambda": -0.9523383472217963, "log10_min_child_weight": 3.59535120125662, "log10_subsample": -0.33490980761058575, "max_depth": 8.0, "num_boost_round": 23.0}, "datetime": {"datetime": "2024-01-19 02:11:03", "elapsed": 7147.691727, "delta": 0.008512}}
{"target": -17.6745584469753, "params": {"gamma": 851.0535093138442, "log10_alpha": 0.11728888441617258, "log10_colsample_bytree": -0.9193973708321033, "log10_eta": -2.124175579663638, "log10_lambda": -0.9523383472217963, "log10_min_child_weight": 3.59535120125662, "log10_subsample": -0.33490980761058575, "max_depth": 8.0, "num_boost_round": 24.0}, "datetime": {"datetime": "2024-01-19 02:11:03", "elapsed": 7147.700658, "delta": 0.008931}}
{"target": -17.674252870545224, "params": {"gamma": 851.0535093138442, "log10_alpha": 0.11728888441617258, "log10_colsample_bytree": -0.9193973708321033, "log10_eta": -2.124175579663638, "log10_lambda": -0.9523383472217963, "log10_min_child_weight": 3.59535120125662, "log10_subsample": -0.33490980761058575, "max_depth": 8.0, "num_boost_round": 25.0}, "datetime": {"datetime": "2024-01-19 02:11:03", "elapsed": 7147.709099, "delta": 0.008441}}
{"target": -17.6741413910965, "params": {"gamma": 851.0535093138442, "log10_alpha": 0.11728888441617258, "log10_colsample_bytree": -0.9193973708321033, "log10_eta": -2.124175579663638, "log10_lambda": -0.9523383472217963, "log10_min_child_weight": 3.59535120125662, "log10_subsample": -0.33490980761058575, "max_depth": 8.0, "num_boost_round": 26.0}, "datetime": {"datetime": "2024-01-19 02:11:03", "elapsed": 7147.717371, "delta": 0.008272}}
{"target": -17.674105547573895, "params": {"gamma": 851.0535093138442, "log10_alpha": 0.11728888441617258, "log10_colsample_bytree": -0.9193973708321033, "log10_eta": -2.124175579663638, "log10_lambda": -0.9523383472217963, "log10_min_child_weight": 3.59535120125662, "log10_subsample": -0.33490980761058575, "max_depth": 8.0, "num_boost_round": 27.0}, "datetime": {"datetime": "2024-01-19 02:11:03", "elapsed": 7147.725873, "delta": 0.008502}}
{"target": -17.674078401550116, "params": {"gamma": 851.0535093138442, "log10_alpha": 0.11728888441617258, "log10_colsample_bytree": -0.9193973708321033, "log10_eta": -2.124175579663638, "log10_lambda": -0.9523383472217963, "log10_min_child_weight": 3.59535120125662, "log10_subsample": -0.33490980761058575, "max_depth": 8.0, "num_boost_round": 28.0}, "datetime": {"datetime": "2024-01-19 02:11:03", "elapsed": 7147.73432, "delta": 0.008447}}
{"target": -17.67372222725515, "params": {"gamma": 851.0535093138442, "log10_alpha": 0.11728888441617258, "log10_colsample_bytree": -0.9193973708321033, "log10_eta": -2.124175579663638, "log10_lambda": -0.9523383472217963, "log10_min_child_weight": 3.59535120125662, "log10_subsample": -0.33490980761058575, "max_depth": 8.0, "num_boost_round": 29.0}, "datetime": {"datetime": "2024-01-19 02:11:03", "elapsed": 7147.742634, "delta": 0.008314}}
{"target": -17.67352974169793, "params": {"gamma": 851.0535093138442, "log10_alpha": 0.11728888441617258, "log10_colsample_bytree": -0.9193973708321033, "log10_eta": -2.124175579663638, "log10_lambda": -0.9523383472217963, "log10_min_child_weight": 3.59535120125662, "log10_subsample": -0.33490980761058575, "max_depth": 8.0, "num_boost_round": 30.0}, "datetime": {"datetime": "2024-01-19 02:11:03", "elapsed": 7147.750979, "delta": 0.008345}}
{"target": -17.673279453063536, "params": {"gamma": 851.0535093138442, "log10_alpha": 0.11728888441617258, "log10_colsample_bytree": -0.9193973708321033, "log10_eta": -2.124175579663638, "log10_lambda": -0.9523383472217963, "log10_min_child_weight": 3.59535120125662, "log10_subsample": -0.33490980761058575, "max_depth": 8.0, "num_boost_round": 31.0}, "datetime": {"datetime": "2024-01-19 02:11:03", "elapsed": 7147.759321, "delta": 0.008342}}
{"target": -17.673085338919723, "params": {"gamma": 851.0535093138442, "log10_alpha": 0.11728888441617258, "log10_colsample_bytree": -0.9193973708321033, "log10_eta": -2.124175579663638, "log10_lambda": -0.9523383472217963, "log10_min_child_weight": 3.59535120125662, "log10_subsample": -0.33490980761058575, "max_depth": 8.0, "num_boost_round": 32.0}, "datetime": {"datetime": "2024-01-19 02:11:03", "elapsed": 7147.767819, "delta": 0.008498}}
{"target": -17.67283211260672, "params": {"gamma": 851.0535093138442, "log10_alpha": 0.11728888441617258, "log10_colsample_bytree": -0.9193973708321033, "log10_eta": -2.124175579663638, "log10_lambda": -0.9523383472217963, "log10_min_child_weight": 3.59535120125662, "log10_subsample": -0.33490980761058575, "max_depth": 8.0, "num_boost_round": 33.0}, "datetime": {"datetime": "2024-01-19 02:11:03", "elapsed": 7147.77607, "delta": 0.008251}}
{"target": -17.672603855598876, "params": {"gamma": 851.0535093138442, "log10_alpha": 0.11728888441617258, "log10_colsample_bytree": -0.9193973708321033, "log10_eta": -2.124175579663638, "log10_lambda": -0.9523383472217963, "log10_min_child_weight": 3.59535120125662, "log10_subsample": -0.33490980761058575, "max_depth": 8.0, "num_boost_round": 34.0}, "datetime": {"datetime": "2024-01-19 02:11:03", "elapsed": 7147.785448, "delta": 0.009378}}
{"target": -17.67262855407007, "params": {"gamma": 851.0535093138442, "log10_alpha": 0.11728888441617258, "log10_colsample_bytree": -0.9193973708321033, "log10_eta": -2.124175579663638, "log10_lambda": -0.9523383472217963, "log10_min_child_weight": 3.59535120125662, "log10_subsample": -0.33490980761058575, "max_depth": 8.0, "num_boost_round": 35.0}, "datetime": {"datetime": "2024-01-19 02:11:03", "elapsed": 7147.794159, "delta": 0.008711}}
{"target": -17.67268338628544, "params": {"gamma": 851.0535093138442, "log10_alpha": 0.11728888441617258, "log10_colsample_bytree": -0.9193973708321033, "log10_eta": -2.124175579663638, "log10_lambda": -0.9523383472217963, "log10_min_child_weight": 3.59535120125662, "log10_subsample": -0.33490980761058575, "max_depth": 8.0, "num_boost_round": 36.0}, "datetime": {"datetime": "2024-01-19 02:11:03", "elapsed": 7147.802656, "delta": 0.008497}}
{"target": -17.672739885948513, "params": {"gamma": 851.0535093138442, "log10_alpha": 0.11728888441617258, "log10_colsample_bytree": -0.9193973708321033, "log10_eta": -2.124175579663638, "log10_lambda": -0.9523383472217963, "log10_min_child_weight": 3.59535120125662, "log10_subsample": -0.33490980761058575, "max_depth": 8.0, "num_boost_round": 37.0}, "datetime": {"datetime": "2024-01-19 02:11:03", "elapsed": 7147.811039, "delta": 0.008383}}
{"target": -17.672832364213804, "params": {"gamma": 851.0535093138442, "log10_alpha": 0.11728888441617258, "log10_colsample_bytree": -0.9193973708321033, "log10_eta": -2.124175579663638, "log10_lambda": -0.9523383472217963, "log10_min_child_weight": 3.59535120125662, "log10_subsample": -0.33490980761058575, "max_depth": 8.0, "num_boost_round": 38.0}, "datetime": {"datetime": "2024-01-19 02:11:03", "elapsed": 7147.951657, "delta": 0.140618}}
{"target": -17.672861800275314, "params": {"gamma": 851.0535093138442, "log10_alpha": 0.11728888441617258, "log10_colsample_bytree": -0.9193973708321033, "log10_eta": -2.124175579663638, "log10_lambda": -0.9523383472217963, "log10_min_child_weight": 3.59535120125662, "log10_subsample": -0.33490980761058575, "max_depth": 8.0, "num_boost_round": 39.0}, "datetime": {"datetime": "2024-01-19 02:11:03", "elapsed": 7147.961196, "delta": 0.009539}}
{"target": -17.672621120754922, "params": {"gamma": 851.0535093138442, "log10_alpha": 0.11728888441617258, "log10_colsample_bytree": -0.9193973708321033, "log10_eta": -2.124175579663638, "log10_lambda": -0.9523383472217963, "log10_min_child_weight": 3.59535120125662, "log10_subsample": -0.33490980761058575, "max_depth": 8.0, "num_boost_round": 40.0}, "datetime": {"datetime": "2024-01-19 02:11:03", "elapsed": 7147.969644, "delta": 0.008448}}
{"target": -17.672548275190778, "params": {"gamma": 851.0535093138442, "log10_alpha": 0.11728888441617258, "log10_colsample_bytree": -0.9193973708321033, "log10_eta": -2.124175579663638, "log10_lambda": -0.9523383472217963, "log10_min_child_weight": 3.59535120125662, "log10_subsample": -0.33490980761058575, "max_depth": 8.0, "num_boost_round": 41.0}, "datetime": {"datetime": "2024-01-19 02:11:03", "elapsed": 7147.978077, "delta": 0.008433}}
{"target": -17.672420391916766, "params": {"gamma": 851.0535093138442, "log10_alpha": 0.11728888441617258, "log10_colsample_bytree": -0.9193973708321033, "log10_eta": -2.124175579663638, "log10_lambda": -0.9523383472217963, "log10_min_child_weight": 3.59535120125662, "log10_subsample": -0.33490980761058575, "max_depth": 8.0, "num_boost_round": 42.0}, "datetime": {"datetime": "2024-01-19 02:11:03", "elapsed": 7147.986672, "delta": 0.008595}}
