{"target": -17.67713229822504, "params": {"gamma": 973.0199744015182, "log10_alpha": -1.5376723479361125, "log10_colsample_bytree": -0.2820661324357654, "log10_eta": -2.5856499773980866, "log10_lambda": -2.0471726055954242, "log10_min_child_weight": 3.338752887762067, "log10_subsample": -0.9083020598719425, "max_depth": 8.0, "num_boost_round": 0.0}, "datetime": {"datetime": "2024-01-19 01:36:04", "elapsed": 5058.44581, "delta": 56.906726}}
{"target": -17.677045188742827, "params": {"gamma": 973.0199744015182, "log10_alpha": -1.5376723479361125, "log10_colsample_bytree": -0.2820661324357654, "log10_eta": -2.5856499773980866, "log10_lambda": -2.0471726055954242, "log10_min_child_weight": 3.338752887762067, "log10_subsample": -0.9083020598719425, "max_depth": 8.0, "num_boost_round": 1.0}, "datetime": {"datetime": "2024-01-19 01:36:04", "elapsed": 5058.452285, "delta": 0.006475}}
{"target": -17.676974172301804, "params": {"gamma": 973.0199744015182, "log10_alpha": -1.5376723479361125, "log10_colsample_bytree": -0.2820661324357654, "log10_eta": -2.5856499773980866, "log10_lambda": -2.0471726055954242, "log10_min_child_weight": 3.338752887762067, "log10_subsample": -0.9083020598719425, "max_depth": 8.0, "num_boost_round": 2.0}, "datetime": {"datetime": "2024-01-19 01:36:04", "elapsed": 5058.457726, "delta": 0.005441}}
{"target": -17.676921682758774, "params": {"gamma": 973.0199744015182, "log10_alpha": -1.5376723479361125, "log10_colsample_bytree": -0.2820661324357654, "log10_eta": -2.5856499773980866, "log10_lambda": -2.0471726055954242, "log10_min_child_weight": 3.338752887762067, "log10_subsample": -0.9083020598719425, "max_depth": 8.0, "num_boost_round": 3.0}, "datetime": {"datetime": "2024-01-19 01:36:04", "elapsed": 5058.462933, "delta": 0.005207}}
{"target": -17.676957492152834, "params": {"gamma": 973.0199744015182, "log10_alpha": -1.5376723479361125, "log10_colsample_bytree": -0.2820661324357654, "log10_eta": -2.5856499773980866, "log10_lambda": -2.0471726055954242, "log10_min_child_weight": 3.338752887762067, "log10_subsample": -0.9083020598719425, "max_depth": 8.0, "num_boost_round": 4.0}, "datetime": {"datetime": "2024-01-19 01:36:04", "elapsed": 5058.46811, "delta": 0.005177}}
{"target": -17.676984493409638, "params": {"gamma": 973.0199744015182, "log10_alpha": -1.5376723479361125, "log10_colsample_bytree": -0.2820661324357654, "log10_eta": -2.5856499773980866, "log10_lambda": -2.0471726055954242, "log10_min_child_weight": 3.338752887762067, "log10_subsample": -0.9083020598719425, "max_depth": 8.0, "num_boost_round": 5.0}, "datetime": {"datetime": "2024-01-19 01:36:04", "elapsed": 5058.473304, "delta": 0.005194}}
{"target": -17.676878637873198, "params": {"gamma": 973.0199744015182, "log10_alpha": -1.5376723479361125, "log10_colsample_bytree": -0.2820661324357654, "log10_eta": -2.5856499773980866, "log10_lambda": -2.0471726055954242, "log10_min_child_weight": 3.338752887762067, "log10_subsample": -0.9083020598719425, "max_depth": 8.0, "num_boost_round": 6.0}, "datetime": {"datetime": "2024-01-19 01:36:04", "elapsed": 5058.478305, "delta": 0.005001}}
{"target": -17.67680139667842, "params": {"gamma": 973.0199744015182, "log10_alpha": -1.5376723479361125, "log10_colsample_bytree": -0.2820661324357654, "log10_eta": -2.5856499773980866, "log10_lambda": -2.0471726055954242, "log10_min_child_weight": 3.338752887762067, "log10_subsample": -0.9083020598719425, "max_depth": 8.0, "num_boost_round": 7.0}, "datetime": {"datetime": "2024-01-19 01:36:04", "elapsed": 5058.483455, "delta": 0.00515}}
{"target": -17.676740108687124, "params": {"gamma": 973.0199744015182, "log10_alpha": -1.5376723479361125, "log10_colsample_bytree": -0.2820661324357654, "log10_eta": -2.5856499773980866, "log10_lambda": -2.0471726055954242, "log10_min_child_weight": 3.338752887762067, "log10_subsample": -0.9083020598719425, "max_depth": 8.0, "num_boost_round": 8.0}, "datetime": {"datetime": "2024-01-19 01:36:04", "elapsed": 5058.492581, "delta": 0.009126}}
{"target": -17.676699107534944, "params": {"gamma": 973.0199744015182, "log10_alpha": -1.5376723479361125, "log10_colsample_bytree": -0.2820661324357654, "log10_eta": -2.5856499773980866, "log10_lambda": -2.0471726055954242, "log10_min_child_weight": 3.338752887762067, "log10_subsample": -0.9083020598719425, "max_depth": 8.0, "num_boost_round": 9.0}, "datetime": {"datetime": "2024-01-19 01:36:04", "elapsed": 5058.497432, "delta": 0.004851}}
{"target": -17.67672086525219, "params": {"gamma": 973.0199744015182, "log10_alpha": -1.5376723479361125, "log10_colsample_bytree": -0.2820661324357654, "log10_eta": -2.5856499773980866, "log10_lambda": -2.0471726055954242, "log10_min_child_weight": 3.338752887762067, "log10_subsample": -0.9083020598719425, "max_depth": 8.0, "num_boost_round": 10.0}, "datetime": {"datetime": "2024-01-19 01:36:04", "elapsed": 5058.502292, "delta": 0.00486}}
{"target": -17.67658942957865, "params": {"gamma": 973.0199744015182, "log10_alpha": -1.5376723479361125, "log10_colsample_bytree": -0.2820661324357654, "log10_eta": -2.5856499773980866, "log10_lambda": -2.0471726055954242, "log10_min_child_weight": 3.338752887762067, "log10_subsample": -0.9083020598719425, "max_depth": 8.0, "num_boost_round": 11.0}, "datetime": {"datetime": "2024-01-19 01:36:04", "elapsed": 5058.507151, "delta": 0.004859}}
{"target": -17.676506879735395, "params": {"gamma": 973.0199744015182, "log10_alpha": -1.5376723479361125, "log10_colsample_bytree": -0.2820661324357654, "log10_eta": -2.5856499773980866, "log10_lambda": -2.0471726055954242, "log10_min_child_weight": 3.338752887762067, "log10_subsample": -0.9083020598719425, "max_depth": 8.0, "num_boost_round": 12.0}, "datetime": {"datetime": "2024-01-19 01:36:04", "elapsed": 5058.512234, "delta": 0.005083}}
{"target": -17.676430838433156, "params": {"gamma": 973.0199744015182, "log10_alpha": -1.5376723479361125, "log10_colsample_bytree": -0.2820661324357654, "log10_eta": -2.5856499773980866, "log10_lambda": -2.0471726055954242, "log10_min_child_weight": 3.338752887762067, "log10_subsample": -0.9083020598719425, "max_depth": 8.0, "num_boost_round": 13.0}, "datetime": {"datetime": "2024-01-19 01:36:04", "elapsed": 5058.517336, "delta": 0.005102}}
{"target": -17.676551054842715, "params": {"gamma": 973.0199744015182, "log10_alpha": -1.5376723479361125, "log10_colsample_bytree": -0.2820661324357654, "log10_eta": -2.5856499773980866, "log10_lambda": -2.0471726055954242, "log10_min_child_weight": 3.338752887762067, "log10_subsample": -0.9083020598719425, "max_depth": 8.0, "num_boost_round": 14.0}, "datetime": {"datetime": "2024-01-19 01:36:04", "elapsed": 5058.522395, "delta": 0.005059}}
{"target": -17.676419864860154, "params": {"gamma": 973.0199744015182, "log10_alpha": -1.5376723479361125, "log10_colsample_bytree": -0.2820661324357654, "log10_eta": -2.5856499773980866, "log10_lambda": -2.0471726055954242, "log10_min_child_weight": 3.338752887762067, "log10_subsample": -0.9083020598719425, "max_depth": 8.0, "num_boost_round": 15.0}, "datetime": {"datetime": "2024-01-19 01:36:04", "elapsed": 5058.527309, "delta": 0.004914}}
{"target": -17.67644384937976, "params": {"gamma": 973.0199744015182, "log10_alpha": -1.5376723479361125, "log10_colsample_bytree": -0.2820661324357654, "log10_eta": -2.5856499773980866, "log10_lambda": -2.0471726055954242, "log10_min_child_weight": 3.338752887762067, "log10_subsample": -0.9083020598719425, "max_depth": 8.0, "num_boost_round": 16.0}, "datetime": {"datetime": "2024-01-19 01:36:04", "elapsed": 5058.532305, "delta": 0.004996}}
{"target": -17.67643171136153, "params": {"gamma": 973.0199744015182, "log10_alpha": -1.5376723479361125, "log10_colsample_bytree": -0.2820661324357654, "log10_eta": -2.5856499773980866, "log10_lambda": -2.0471726055954242, "log10_min_child_weight": 3.338752887762067, "log10_subsample": -0.9083020598719425, "max_depth": 8.0, "num_boost_round": 17.0}, "datetime": {"datetime": "2024-01-19 01:36:04", "elapsed": 5058.537185, "delta": 0.00488}}
{"target": -17.676504195701828, "params": {"gamma": 973.0199744015182, "log10_alpha": -1.5376723479361125, "log10_colsample_bytree": -0.2820661324357654, "log10_eta": -2.5856499773980866, "log10_lambda": -2.0471726055954242, "log10_min_child_weight": 3.338752887762067, "log10_subsample": -0.9083020598719425, "max_depth": 8.0, "num_boost_round": 18.0}, "datetime": {"datetime": "2024-01-19 01:36:04", "elapsed": 5058.542106, "delta": 0.004921}}
{"target": -17.676413792864107, "params": {"gamma": 973.0199744015182, "log10_alpha": -1.5376723479361125, "log10_colsample_bytree": -0.2820661324357654, "log10_eta": -2.5856499773980866, "log10_lambda": -2.0471726055954242, "log10_min_child_weight": 3.338752887762067, "log10_subsample": -0.9083020598719425, "max_depth": 8.0, "num_boost_round": 19.0}, "datetime": {"datetime": "2024-01-19 01:36:04", "elapsed": 5058.547088, "delta": 0.004982}}
{"target": -17.676328867685843, "params": {"gamma": 973.0199744015182, "log10_alpha": -1.5376723479361125, "log10_colsample_bytree": -0.2820661324357654, "log10_eta": -2.5856499773980866, "log10_lambda": -2.0471726055954242, "log10_min_child_weight": 3.338752887762067, "log10_subsample": -0.9083020598719425, "max_depth": 8.0, "num_boost_round": 20.0}, "datetime": {"datetime": "2024-01-19 01:36:04", "elapsed": 5058.552281, "delta": 0.005193}}
{"target": -17.676287759261715, "params": {"gamma": 973.0199744015182, "log10_alpha": -1.5376723479361125, "log10_colsample_bytree": -0.2820661324357654, "log10_eta": -2.5856499773980866, "log10_lambda": -2.0471726055954242, "log10_min_child_weight": 3.338752887762067, "log10_subsample": -0.9083020598719425, "max_depth": 8.0, "num_boost_round": 21.0}, "datetime": {"datetime": "2024-01-19 01:36:04", "elapsed": 5058.66183, "delta": 0.109549}}
{"target": -17.67618007967026, "params": {"gamma": 973.0199744015182, "log10_alpha": -1.5376723479361125, "log10_colsample_bytree": -0.2820661324357654, "log10_eta": -2.5856499773980866, "log10_lambda": -2.0471726055954242, "log10_min_child_weight": 3.338752887762067, "log10_subsample": -0.9083020598719425, "max_depth": 8.0, "num_boost_round": 22.0}, "datetime": {"datetime": "2024-01-19 01:36:04", "elapsed": 5058.667549, "delta": 0.005719}}
{"target": -17.67617320710645, "params": {"gamma": 973.0199744015182, "log10_alpha": -1.5376723479361125, "log10_colsample_bytree": -0.2820661324357654, "log10_eta": -2.5856499773980866, "log10_lambda": -2.0471726055954242, "log10_min_child_weight": 3.338752887762067, "log10_subsample": -0.9083020598719425, "max_depth": 8.0, "num_boost_round": 23.0}, "datetime": {"datetime": "2024-01-19 01:36:04", "elapsed": 5058.672576, "delta": 0.005027}}
{"target": -17.67619693535488, "params": {"gamma": 973.0199744015182, "log10_alpha": -1.5376723479361125, "log10_colsample_bytree": -0.2820661324357654, "log10_eta": -2.5856499773980866, "log10_lambda": -2.0471726055954242, "log10_min_child_weight": 3.338752887762067, "log10_subsample": -0.9083020598719425, "max_depth": 8.0, "num_boost_round": 24.0}, "datetime": {"datetime": "2024-01-19 01:36:04", "elapsed": 5058.677642, "delta": 0.005066}}
{"target": -17.676184178310862, "params": {"gamma": 973.0199744015182, "log10_alpha": -1.5376723479361125, "log10_colsample_bytree": -0.2820661324357654, "log10_eta": -2.5856499773980866, "log10_lambda": -2.0471726055954242, "log10_min_child_weight": 3.338752887762067, "log10_subsample": -0.9083020598719425, "max_depth": 8.0, "num_boost_round": 25.0}, "datetime": {"datetime": "2024-01-19 01:36:04", "elapsed": 5058.682714, "delta": 0.005072}}
{"target": -17.676269626064528, "params": {"gamma": 973.0199744015182, "log10_alpha": -1.5376723479361125, "log10_colsample_bytree": -0.2820661324357654, "log10_eta": -2.5856499773980866, "log10_lambda": -2.0471726055954242, "log10_min_child_weight": 3.338752887762067, "log10_subsample": -0.9083020598719425, "max_depth": 8.0, "num_boost_round": 26.0}, "datetime": {"datetime": "2024-01-19 01:36:04", "elapsed": 5058.687621, "delta": 0.004907}}
{"target": -17.676233085741156, "params": {"gamma": 973.0199744015182, "log10_alpha": -1.5376723479361125, "log10_colsample_bytree": -0.2820661324357654, "log10_eta": -2.5856499773980866, "log10_lambda": -2.0471726055954242, "log10_min_child_weight": 3.338752887762067, "log10_subsample": -0.9083020598719425, "max_depth": 8.0, "num_boost_round": 27.0}, "datetime": {"datetime": "2024-01-19 01:36:04", "elapsed": 5058.692543, "delta": 0.004922}}
{"target": -17.676185928197548, "params": {"gamma": 973.0199744015182, "log10_alpha": -1.5376723479361125, "log10_colsample_bytree": -0.2820661324357654, "log10_eta": -2.5856499773980866, "log10_lambda": -2.0471726055954242, "log10_min_child_weight": 3.338752887762067, "log10_subsample": -0.9083020598719425, "max_depth": 8.0, "num_boost_round": 28.0}, "datetime": {"datetime": "2024-01-19 01:36:04", "elapsed": 5058.697424, "delta": 0.004881}}
{"target": -17.676175755313718, "params": {"gamma": 973.0199744015182, "log10_alpha": -1.5376723479361125, "log10_colsample_bytree": -0.2820661324357654, "log10_eta": -2.5856499773980866, "log10_lambda": -2.0471726055954242, "log10_min_child_weight": 3.338752887762067, "log10_subsample": -0.9083020598719425, "max_depth": 8.0, "num_boost_round": 29.0}, "datetime": {"datetime": "2024-01-19 01:36:04", "elapsed": 5058.702316, "delta": 0.004892}}
{"target": -17.676027891558814, "params": {"gamma": 973.0199744015182, "log10_alpha": -1.5376723479361125, "log10_colsample_bytree": -0.2820661324357654, "log10_eta": -2.5856499773980866, "log10_lambda": -2.0471726055954242, "log10_min_child_weight": 3.338752887762067, "log10_subsample": -0.9083020598719425, "max_depth": 8.0, "num_boost_round": 30.0}, "datetime": {"datetime": "2024-01-19 01:36:04", "elapsed": 5058.707308, "delta": 0.004992}}
{"target": -17.6759002687565, "params": {"gamma": 973.0199744015182, "log10_alpha": -1.5376723479361125, "log10_colsample_bytree": -0.2820661324357654, "log10_eta": -2.5856499773980866, "log10_lambda": -2.0471726055954242, "log10_min_child_weight": 3.338752887762067, "log10_subsample": -0.9083020598719425, "max_depth": 8.0, "num_boost_round": 31.0}, "datetime": {"datetime": "2024-01-19 01:36:04", "elapsed": 5058.71243, "delta": 0.005122}}
{"target": -17.675955678157145, "params": {"gamma": 973.0199744015182, "log10_alpha": -1.5376723479361125, "log10_colsample_bytree": -0.2820661324357654, "log10_eta": -2.5856499773980866, "log10_lambda": -2.0471726055954242, "log10_min_child_weight": 3.338752887762067, "log10_subsample": -0.9083020598719425, "max_depth": 8.0, "num_boost_round": 32.0}, "datetime": {"datetime": "2024-01-19 01:36:04", "elapsed": 5058.717338, "delta": 0.004908}}
{"target": -17.67722770356867, "params": {"gamma": 974.6789815861918, "log10_alpha": -3.1538501567989465, "log10_colsample_bytree": -0.9814775709500766, "log10_eta": -3.759936107009883, "log10_lambda": -0.12195957907361255, "log10_min_child_weight": 0.2046569581616997, "log10_subsample": -0.9183524803689314, "max_depth": 7.0, "num_boost_round": 0.0}, "datetime": {"datetime": "2024-01-19 01:37:16", "elapsed": 5130.31698, "delta": 71.599642}}
{"target": -17.67722992915473, "params": {"gamma": 974.6789815861918, "log10_alpha": -3.1538501567989465, "log10_colsample_bytree": -0.9814775709500766, "log10_eta": -3.759936107009883, "log10_lambda": -0.12195957907361255, "log10_min_child_weight": 0.2046569581616997, "log10_subsample": -0.9183524803689314, "max_depth": 7.0, "num_boost_round": 1.0}, "datetime": {"datetime": "2024-01-19 01:37:16", "elapsed": 5130.323035, "delta": 0.006055}}
{"target": -17.677222357783513, "params": {"gamma": 974.6789815861918, "log10_alpha": -3.1538501567989465, "log10_colsample_bytree": -0.9814775709500766, "log10_eta": -3.759936107009883, "log10_lambda": -0.12195957907361255, "log10_min_child_weight": 0.2046569581616997, "log10_subsample": -0.9183524803689314, "max_depth": 7.0, "num_boost_round": 2.0}, "datetime": {"datetime": "2024-01-19 01:37:16", "elapsed": 5130.328005, "delta": 0.00497}}
{"target": -17.677217613915428, "params": {"gamma": 974.6789815861918, "log10_alpha": -3.1538501567989465, "log10_colsample_bytree": -0.9814775709500766, "log10_eta": -3.759936107009883, "log10_lambda": -0.12195957907361255, "log10_min_child_weight": 0.2046569581616997, "log10_subsample": -0.9183524803689314, "max_depth": 7.0, "num_boost_round": 3.0}, "datetime": {"datetime": "2024-01-19 01:37:16", "elapsed": 5130.333272, "delta": 0.005267}}
{"target": -17.677207862447187, "params": {"gamma": 974.6789815861918, "log10_alpha": -3.1538501567989465, "log10_colsample_bytree": -0.9814775709500766, "log10_eta": -3.759936107009883, "log10_lambda": -0.12195957907361255, "log10_min_child_weight": 0.2046569581616997, "log10_subsample": -0.9183524803689314, "max_depth": 7.0, "num_boost_round": 4.0}, "datetime": {"datetime": "2024-01-19 01:37:16", "elapsed": 5130.338643, "delta": 0.005371}}
{"target": -17.677206424540636, "params": {"gamma": 974.6789815861918, "log10_alpha": -3.1538501567989465, "log10_colsample_bytree": -0.9814775709500766, "log10_eta": -3.759936107009883, "log10_lambda": -0.12195957907361255, "log10_min_child_weight": 0.2046569581616997, "log10_subsample": -0.9183524803689314, "max_depth": 7.0, "num_boost_round": 5.0}, "datetime": {"datetime": "2024-01-19 01:37:16", "elapsed": 5130.343616, "delta": 0.004973}}
{"target": -17.677209649344487, "params": {"gamma": 974.6789815861918, "log10_alpha": -3.1538501567989465, "log10_colsample_bytree": -0.9814775709500766, "log10_eta": -3.759936107009883, "log10_lambda": -0.12195957907361255, "log10_min_child_weight": 0.2046569581616997, "log10_subsample": -0.9183524803689314, "max_depth": 7.0, "num_boost_round": 6.0}, "datetime": {"datetime": "2024-01-19 01:37:16", "elapsed": 5130.348611, "delta": 0.004995}}
{"target": -17.677198192202017, "params": {"gamma": 974.6789815861918, "log10_alpha": -3.1538501567989465, "log10_colsample_bytree": -0.9814775709500766, "log10_eta": -3.759936107009883, "log10_lambda": -0.12195957907361255, "log10_min_child_weight": 0.2046569581616997, "log10_subsample": -0.9183524803689314, "max_depth": 7.0, "num_boost_round": 7.0}, "datetime": {"datetime": "2024-01-19 01:37:16", "elapsed": 5130.353542, "delta": 0.004931}}
{"target": -17.677187527109428, "params": {"gamma": 974.6789815861918, "log10_alpha": -3.1538501567989465, "log10_colsample_bytree": -0.9814775709500766, "log10_eta": -3.759936107009883, "log10_lambda": -0.12195957907361255, "log10_min_child_weight": 0.2046569581616997, "log10_subsample": -0.9183524803689314, "max_depth": 7.0, "num_boost_round": 8.0}, "datetime": {"datetime": "2024-01-19 01:37:16", "elapsed": 5130.35846, "delta": 0.004918}}
{"target": -17.677175478569687, "params": {"gamma": 974.6789815861918, "log10_alpha": -3.1538501567989465, "log10_colsample_bytree": -0.9814775709500766, "log10_eta": -3.759936107009883, "log10_lambda": -0.12195957907361255, "log10_min_child_weight": 0.2046569581616997, "log10_subsample": -0.9183524803689314, "max_depth": 7.0, "num_boost_round": 9.0}, "datetime": {"datetime": "2024-01-19 01:37:16", "elapsed": 5130.363514, "delta": 0.005054}}
{"target": -17.677163246186662, "params": {"gamma": 974.6789815861918, "log10_alpha": -3.1538501567989465, "log10_colsample_bytree": -0.9814775709500766, "log10_eta": -3.759936107009883, "log10_lambda": -0.12195957907361255, "log10_min_child_weight": 0.2046569581616997, "log10_subsample": -0.9183524803689314, "max_depth": 7.0, "num_boost_round": 10.0}, "datetime": {"datetime": "2024-01-19 01:37:16", "elapsed": 5130.368762, "delta": 0.005248}}
{"target": -17.67716005104137, "params": {"gamma": 974.6789815861918, "log10_alpha": -3.1538501567989465, "log10_colsample_bytree": -0.9814775709500766, "log10_eta": -3.759936107009883, "log10_lambda": -0.12195957907361255, "log10_min_child_weight": 0.2046569581616997, "log10_subsample": -0.9183524803689314, "max_depth": 7.0, "num_boost_round": 11.0}, "datetime": {"datetime": "2024-01-19 01:37:16", "elapsed": 5130.373738, "delta": 0.004976}}
{"target": -17.67715378999299, "params": {"gamma": 974.6789815861918, "log10_alpha": -3.1538501567989465, "log10_colsample_bytree": -0.9814775709500766, "log10_eta": -3.759936107009883, "log10_lambda": -0.12195957907361255, "log10_min_child_weight": 0.2046569581616997, "log10_subsample": -0.9183524803689314, "max_depth": 7.0, "num_boost_round": 12.0}, "datetime": {"datetime": "2024-01-19 01:37:16", "elapsed": 5130.378696, "delta": 0.004958}}
{"target": -17.677141981447335, "params": {"gamma": 974.6789815861918, "log10_alpha": -3.1538501567989465, "log10_colsample_bytree": -0.9814775709500766, "log10_eta": -3.759936107009883, "log10_lambda": -0.12195957907361255, "log10_min_child_weight": 0.2046569581616997, "log10_subsample": -0.9183524803689314, "max_depth": 7.0, "num_boost_round": 13.0}, "datetime": {"datetime": "2024-01-19 01:37:16", "elapsed": 5130.383655, "delta": 0.004959}}
{"target": -17.677134832771493, "params": {"gamma": 974.6789815861918, "log10_alpha": -3.1538501567989465, "log10_colsample_bytree": -0.9814775709500766, "log10_eta": -3.759936107009883, "log10_lambda": -0.12195957907361255, "log10_min_child_weight": 0.2046569581616997, "log10_subsample": -0.9183524803689314, "max_depth": 7.0, "num_boost_round": 14.0}, "datetime": {"datetime": "2024-01-19 01:37:16", "elapsed": 5130.388636, "delta": 0.004981}}
{"target": -17.67713108277314, "params": {"gamma": 974.6789815861918, "log10_alpha": -3.1538501567989465, "log10_colsample_bytree": -0.9814775709500766, "log10_eta": -3.759936107009883, "log10_lambda": -0.12195957907361255, "log10_min_child_weight": 0.2046569581616997, "log10_subsample": -0.9183524803689314, "max_depth": 7.0, "num_boost_round": 15.0}, "datetime": {"datetime": "2024-01-19 01:37:16", "elapsed": 5130.393717, "delta": 0.005081}}
