{"target": -17.67716914293994, "params": {"gamma": 550.7979025745755, "log10_alpha": -0.7511130642913706, "log10_colsample_bytree": -0.7090952610870557, "log10_eta": -1.956689579209348, "log10_lambda": 0.35768172608592863, "log10_min_child_weight": 4.48146544466719, "log10_subsample": -0.8744146895361637, "max_depth": 3.0, "num_boost_round": 0.0}, "datetime": {"datetime": "2024-01-19 00:11:42", "elapsed": 0.0, "delta": 0.0}}
{"target": -17.677066445983485, "params": {"gamma": 550.7979025745755, "log10_alpha": -0.7511130642913706, "log10_colsample_bytree": -0.7090952610870557, "log10_eta": -1.956689579209348, "log10_lambda": 0.35768172608592863, "log10_min_child_weight": 4.48146544466719, "log10_subsample": -0.8744146895361637, "max_depth": 3.0, "num_boost_round": 1.0}, "datetime": {"datetime": "2024-01-19 00:11:42", "elapsed": 0.002873, "delta": 0.002873}}
{"target": -17.67709224391434, "params": {"gamma": 550.7979025745755, "log10_alpha": -0.7511130642913706, "log10_colsample_bytree": -0.7090952610870557, "log10_eta": -1.956689579209348, "log10_lambda": 0.35768172608592863, "log10_min_child_weight": 4.48146544466719, "log10_subsample": -0.8744146895361637, "max_depth": 3.0, "num_boost_round": 2.0}, "datetime": {"datetime": "2024-01-19 00:11:42", "elapsed": 0.003041, "delta": 0.000168}}
{"target": -17.677027532641784, "params": {"gamma": 550.7979025745755, "log10_alpha": -0.7511130642913706, "log10_colsample_bytree": -0.7090952610870557, "log10_eta": -1.956689579209348, "log10_lambda": 0.35768172608592863, "log10_min_child_weight": 4.48146544466719, "log10_subsample": -0.8744146895361637, "max_depth": 3.0, "num_boost_round": 3.0}, "datetime": {"datetime": "2024-01-19 00:11:42", "elapsed": 0.003189, "delta": 0.000148}}
{"target": -17.67689264797424, "params": {"gamma": 550.7979025745755, "log10_alpha": -0.7511130642913706, "log10_colsample_bytree": -0.7090952610870557, "log10_eta": -1.956689579209348, "log10_lambda": 0.35768172608592863, "log10_min_child_weight": 4.48146544466719, "log10_subsample": -0.8744146895361637, "max_depth": 3.0, "num_boost_round": 4.0}, "datetime": {"datetime": "2024-01-19 00:11:42", "elapsed": 0.003332, "delta": 0.000143}}
{"target": -17.6769222751409, "params": {"gamma": 550.7979025745755, "log10_alpha": -0.7511130642913706, "log10_colsample_bytree": -0.7090952610870557, "log10_eta": -1.956689579209348, "log10_lambda": 0.35768172608592863, "log10_min_child_weight": 4.48146544466719, "log10_subsample": -0.8744146895361637, "max_depth": 3.0, "num_boost_round": 5.0}, "datetime": {"datetime": "2024-01-19 00:11:42", "elapsed": 0.003576, "delta": 0.000244}}
{"target": -17.67697583115841, "params": {"gamma": 550.7979025745755, "log10_alpha": -0.7511130642913706, "log10_colsample_bytree": -0.7090952610870557, "log10_eta": -1.956689579209348, "log10_lambda": 0.35768172608592863, "log10_min_child_weight": 4.48146544466719, "log10_subsample": -0.8744146895361637, "max_depth": 3.0, "num_boost_round": 6.0}, "datetime": {"datetime": "2024-01-19 00:11:42", "elapsed": 0.003721, "delta": 0.000145}}
{"target": -17.67689041684033, "params": {"gamma": 550.7979025745755, "log10_alpha": -0.7511130642913706, "log10_colsample_bytree": -0.7090952610870557, "log10_eta": -1.956689579209348, "log10_lambda": 0.35768172608592863, "log10_min_child_weight": 4.48146544466719, "log10_subsample": -0.8744146895361637, "max_depth": 3.0, "num_boost_round": 7.0}, "datetime": {"datetime": "2024-01-19 00:11:42", "elapsed": 0.003888, "delta": 0.000167}}
{"target": -17.67676461131997, "params": {"gamma": 550.7979025745755, "log10_alpha": -0.7511130642913706, "log10_colsample_bytree": -0.7090952610870557, "log10_eta": -1.956689579209348, "log10_lambda": 0.35768172608592863, "log10_min_child_weight": 4.48146544466719, "log10_subsample": -0.8744146895361637, "max_depth": 3.0, "num_boost_round": 8.0}, "datetime": {"datetime": "2024-01-19 00:11:42", "elapsed": 0.004044, "delta": 0.000156}}
{"target": -17.676644599338722, "params": {"gamma": 550.7979025745755, "log10_alpha": -0.7511130642913706, "log10_colsample_bytree": -0.7090952610870557, "log10_eta": -1.956689579209348, "log10_lambda": 0.35768172608592863, "log10_min_child_weight": 4.48146544466719, "log10_subsample": -0.8744146895361637, "max_depth": 3.0, "num_boost_round": 9.0}, "datetime": {"datetime": "2024-01-19 00:11:42", "elapsed": 0.008405, "delta": 0.004361}}
{"target": -17.67656325066328, "params": {"gamma": 550.7979025745755, "log10_alpha": -0.7511130642913706, "log10_colsample_bytree": -0.7090952610870557, "log10_eta": -1.956689579209348, "log10_lambda": 0.35768172608592863, "log10_min_child_weight": 4.48146544466719, "log10_subsample": -0.8744146895361637, "max_depth": 3.0, "num_boost_round": 10.0}, "datetime": {"datetime": "2024-01-19 00:11:42", "elapsed": 0.008561, "delta": 0.000156}}
{"target": -17.676445327133088, "params": {"gamma": 550.7979025745755, "log10_alpha": -0.7511130642913706, "log10_colsample_bytree": -0.7090952610870557, "log10_eta": -1.956689579209348, "log10_lambda": 0.35768172608592863, "log10_min_child_weight": 4.48146544466719, "log10_subsample": -0.8744146895361637, "max_depth": 3.0, "num_boost_round": 11.0}, "datetime": {"datetime": "2024-01-19 00:11:42", "elapsed": 0.008826, "delta": 0.000265}}
{"target": -17.676489792152566, "params": {"gamma": 550.7979025745755, "log10_alpha": -0.7511130642913706, "log10_colsample_bytree": -0.7090952610870557, "log10_eta": -1.956689579209348, "log10_lambda": 0.35768172608592863, "log10_min_child_weight": 4.48146544466719, "log10_subsample": -0.8744146895361637, "max_depth": 3.0, "num_boost_round": 12.0}, "datetime": {"datetime": "2024-01-19 00:11:42", "elapsed": 0.008976, "delta": 0.00015}}
{"target": -17.67653233538017, "params": {"gamma": 550.7979025745755, "log10_alpha": -0.7511130642913706, "log10_colsample_bytree": -0.7090952610870557, "log10_eta": -1.956689579209348, "log10_lambda": 0.35768172608592863, "log10_min_child_weight": 4.48146544466719, "log10_subsample": -0.8744146895361637, "max_depth": 3.0, "num_boost_round": 13.0}, "datetime": {"datetime": "2024-01-19 00:11:42", "elapsed": 0.009118, "delta": 0.000142}}
{"target": -17.676538989790618, "params": {"gamma": 550.7979025745755, "log10_alpha": -0.7511130642913706, "log10_colsample_bytree": -0.7090952610870557, "log10_eta": -1.956689579209348, "log10_lambda": 0.35768172608592863, "log10_min_child_weight": 4.48146544466719, "log10_subsample": -0.8744146895361637, "max_depth": 3.0, "num_boost_round": 14.0}, "datetime": {"datetime": "2024-01-19 00:11:42", "elapsed": 0.009259, "delta": 0.000141}}
{"target": -17.676471866821306, "params": {"gamma": 550.7979025745755, "log10_alpha": -0.7511130642913706, "log10_colsample_bytree": -0.7090952610870557, "log10_eta": -1.956689579209348, "log10_lambda": 0.35768172608592863, "log10_min_child_weight": 4.48146544466719, "log10_subsample": -0.8744146895361637, "max_depth": 3.0, "num_boost_round": 15.0}, "datetime": {"datetime": "2024-01-19 00:11:42", "elapsed": 0.009408, "delta": 0.000149}}
{"target": -17.676369534336, "params": {"gamma": 550.7979025745755, "log10_alpha": -0.7511130642913706, "log10_colsample_bytree": -0.7090952610870557, "log10_eta": -1.956689579209348, "log10_lambda": 0.35768172608592863, "log10_min_child_weight": 4.48146544466719, "log10_subsample": -0.8744146895361637, "max_depth": 3.0, "num_boost_round": 16.0}, "datetime": {"datetime": "2024-01-19 00:11:42", "elapsed": 0.009551, "delta": 0.000143}}
{"target": -17.676285322028928, "params": {"gamma": 550.7979025745755, "log10_alpha": -0.7511130642913706, "log10_colsample_bytree": -0.7090952610870557, "log10_eta": -1.956689579209348, "log10_lambda": 0.35768172608592863, "log10_min_child_weight": 4.48146544466719, "log10_subsample": -0.8744146895361637, "max_depth": 3.0, "num_boost_round": 17.0}, "datetime": {"datetime": "2024-01-19 00:11:42", "elapsed": 0.009694, "delta": 0.000143}}
{"target": -17.676168395105258, "params": {"gamma": 550.7979025745755, "log10_alpha": -0.7511130642913706, "log10_colsample_bytree": -0.7090952610870557, "log10_eta": -1.956689579209348, "log10_lambda": 0.35768172608592863, "log10_min_child_weight": 4.48146544466719, "log10_subsample": -0.8744146895361637, "max_depth": 3.0, "num_boost_round": 18.0}, "datetime": {"datetime": "2024-01-19 00:11:42", "elapsed": 0.009853, "delta": 0.000159}}
{"target": -17.677187809062687, "params": {"gamma": 555.0307305526942, "log10_alpha": -3.6896135801734147, "log10_colsample_bytree": -0.06235087188773236, "log10_eta": -2.7788921155007977, "log10_lambda": -1.5334824876065172, "log10_min_child_weight": 0.9145411829535116, "log10_subsample": -0.22938142023675367, "max_depth": 4.0, "num_boost_round": 0.0}, "datetime": {"datetime": "2024-01-19 00:12:02", "elapsed": 19.40628, "delta": 19.396427}}
{"target": -17.677123843272156, "params": {"gamma": 555.0307305526942, "log10_alpha": -3.6896135801734147, "log10_colsample_bytree": -0.06235087188773236, "log10_eta": -2.7788921155007977, "log10_lambda": -1.5334824876065172, "log10_min_child_weight": 0.9145411829535116, "log10_subsample": -0.22938142023675367, "max_depth": 4.0, "num_boost_round": 1.0}, "datetime": {"datetime": "2024-01-19 00:12:02", "elapsed": 19.407097, "delta": 0.000817}}
{"target": -17.677070021534487, "params": {"gamma": 555.0307305526942, "log10_alpha": -3.6896135801734147, "log10_colsample_bytree": -0.06235087188773236, "log10_eta": -2.7788921155007977, "log10_lambda": -1.5334824876065172, "log10_min_child_weight": 0.9145411829535116, "log10_subsample": -0.22938142023675367, "max_depth": 4.0, "num_boost_round": 2.0}, "datetime": {"datetime": "2024-01-19 00:12:02", "elapsed": 19.407285, "delta": 0.000188}}
{"target": -17.67701895037684, "params": {"gamma": 555.0307305526942, "log10_alpha": -3.6896135801734147, "log10_colsample_bytree": -0.06235087188773236, "log10_eta": -2.7788921155007977, "log10_lambda": -1.5334824876065172, "log10_min_child_weight": 0.9145411829535116, "log10_subsample": -0.22938142023675367, "max_depth": 4.0, "num_boost_round": 3.0}, "datetime": {"datetime": "2024-01-19 00:12:02", "elapsed": 19.407453, "delta": 0.000168}}
{"target": -17.676961289511713, "params": {"gamma": 555.0307305526942, "log10_alpha": -3.6896135801734147, "log10_colsample_bytree": -0.06235087188773236, "log10_eta": -2.7788921155007977, "log10_lambda": -1.5334824876065172, "log10_min_child_weight": 0.9145411829535116, "log10_subsample": -0.22938142023675367, "max_depth": 4.0, "num_boost_round": 4.0}, "datetime": {"datetime": "2024-01-19 00:12:02", "elapsed": 19.407615, "delta": 0.000162}}
{"target": -17.676907606277812, "params": {"gamma": 555.0307305526942, "log10_alpha": -3.6896135801734147, "log10_colsample_bytree": -0.06235087188773236, "log10_eta": -2.7788921155007977, "log10_lambda": -1.5334824876065172, "log10_min_child_weight": 0.9145411829535116, "log10_subsample": -0.22938142023675367, "max_depth": 4.0, "num_boost_round": 5.0}, "datetime": {"datetime": "2024-01-19 00:12:02", "elapsed": 19.407789, "delta": 0.000174}}
{"target": -17.676813392258097, "params": {"gamma": 555.0307305526942, "log10_alpha": -3.6896135801734147, "log10_colsample_bytree": -0.06235087188773236, "log10_eta": -2.7788921155007977, "log10_lambda": -1.5334824876065172, "log10_min_child_weight": 0.9145411829535116, "log10_subsample": -0.22938142023675367, "max_depth": 4.0, "num_boost_round": 6.0}, "datetime": {"datetime": "2024-01-19 00:12:02", "elapsed": 19.40796, "delta": 0.000171}}
{"target": -17.67675456034451, "params": {"gamma": 555.0307305526942, "log10_alpha": -3.6896135801734147, "log10_colsample_bytree": -0.06235087188773236, "log10_eta": -2.7788921155007977, "log10_lambda": -1.5334824876065172, "log10_min_child_weight": 0.9145411829535116, "log10_subsample": -0.22938142023675367, "max_depth": 4.0, "num_boost_round": 7.0}, "datetime": {"datetime": "2024-01-19 00:12:02", "elapsed": 19.408122, "delta": 0.000162}}
{"target": -17.67670164495491, "params": {"gamma": 555.0307305526942, "log10_alpha": -3.6896135801734147, "log10_colsample_bytree": -0.06235087188773236, "log10_eta": -2.7788921155007977, "log10_lambda": -1.5334824876065172, "log10_min_child_weight": 0.9145411829535116, "log10_subsample": -0.22938142023675367, "max_depth": 4.0, "num_boost_round": 8.0}, "datetime": {"datetime": "2024-01-19 00:12:02", "elapsed": 19.408282, "delta": 0.00016}}
{"target": -17.676671915953552, "params": {"gamma": 555.0307305526942, "log10_alpha": -3.6896135801734147, "log10_colsample_bytree": -0.06235087188773236, "log10_eta": -2.7788921155007977, "log10_lambda": -1.5334824876065172, "log10_min_child_weight": 0.9145411829535116, "log10_subsample": -0.22938142023675367, "max_depth": 4.0, "num_boost_round": 9.0}, "datetime": {"datetime": "2024-01-19 00:12:02", "elapsed": 19.408443, "delta": 0.000161}}
{"target": -17.676600794607154, "params": {"gamma": 555.0307305526942, "log10_alpha": -3.6896135801734147, "log10_colsample_bytree": -0.06235087188773236, "log10_eta": -2.7788921155007977, "log10_lambda": -1.5334824876065172, "log10_min_child_weight": 0.9145411829535116, "log10_subsample": -0.22938142023675367, "max_depth": 4.0, "num_boost_round": 10.0}, "datetime": {"datetime": "2024-01-19 00:12:02", "elapsed": 19.408607, "delta": 0.000164}}
{"target": -17.676563006687324, "params": {"gamma": 555.0307305526942, "log10_alpha": -3.6896135801734147, "log10_colsample_bytree": -0.06235087188773236, "log10_eta": -2.7788921155007977, "log10_lambda": -1.5334824876065172, "log10_min_child_weight": 0.9145411829535116, "log10_subsample": -0.22938142023675367, "max_depth": 4.0, "num_boost_round": 11.0}, "datetime": {"datetime": "2024-01-19 00:12:02", "elapsed": 19.40878, "delta": 0.000173}}
{"target": -17.676493313202613, "params": {"gamma": 555.0307305526942, "log10_alpha": -3.6896135801734147, "log10_colsample_bytree": -0.06235087188773236, "log10_eta": -2.7788921155007977, "log10_lambda": -1.5334824876065172, "log10_min_child_weight": 0.9145411829535116, "log10_subsample": -0.22938142023675367, "max_depth": 4.0, "num_boost_round": 12.0}, "datetime": {"datetime": "2024-01-19 00:12:02", "elapsed": 19.408949, "delta": 0.000169}}
{"target": -17.676430185219395, "params": {"gamma": 555.0307305526942, "log10_alpha": -3.6896135801734147, "log10_colsample_bytree": -0.06235087188773236, "log10_eta": -2.7788921155007977, "log10_lambda": -1.5334824876065172, "log10_min_child_weight": 0.9145411829535116, "log10_subsample": -0.22938142023675367, "max_depth": 4.0, "num_boost_round": 13.0}, "datetime": {"datetime": "2024-01-19 00:12:02", "elapsed": 19.409391, "delta": 0.000442}}
{"target": -17.676389844513746, "params": {"gamma": 555.0307305526942, "log10_alpha": -3.6896135801734147, "log10_colsample_bytree": -0.06235087188773236, "log10_eta": -2.7788921155007977, "log10_lambda": -1.5334824876065172, "log10_min_child_weight": 0.9145411829535116, "log10_subsample": -0.22938142023675367, "max_depth": 4.0, "num_boost_round": 14.0}, "datetime": {"datetime": "2024-01-19 00:12:02", "elapsed": 19.409607, "delta": 0.000216}}
{"target": -17.677740627033053, "params": {"gamma": 552.5101058004643, "log10_alpha": -0.9632472914863524, "log10_colsample_bytree": -0.044866552056049946, "log10_eta": -0.9003598728962561, "log10_lambda": -2.1044844553210496, "log10_min_child_weight": 4.617343736908925, "log10_subsample": -0.7397623276757365, "max_depth": 2.0, "num_boost_round": 0.0}, "datetime": {"datetime": "2024-01-19 00:12:23", "elapsed": 40.956165, "delta": 21.546558}}
{"target": -17.677326296334098, "params": {"gamma": 552.5101058004643, "log10_alpha": -0.9632472914863524, "log10_colsample_bytree": -0.044866552056049946, "log10_eta": -0.9003598728962561, "log10_lambda": -2.1044844553210496, "log10_min_child_weight": 4.617343736908925, "log10_subsample": -0.7397623276757365, "max_depth": 2.0, "num_boost_round": 1.0}, "datetime": {"datetime": "2024-01-19 00:12:23", "elapsed": 40.957855, "delta": 0.00169}}
{"target": -17.67832855525091, "params": {"gamma": 552.5101058004643, "log10_alpha": -0.9632472914863524, "log10_colsample_bytree": -0.044866552056049946, "log10_eta": -0.9003598728962561, "log10_lambda": -2.1044844553210496, "log10_min_child_weight": 4.617343736908925, "log10_subsample": -0.7397623276757365, "max_depth": 2.0, "num_boost_round": 2.0}, "datetime": {"datetime": "2024-01-19 00:12:23", "elapsed": 40.958092, "delta": 0.000237}}
{"target": -17.67957122774083, "params": {"gamma": 552.5101058004643, "log10_alpha": -0.9632472914863524, "log10_colsample_bytree": -0.044866552056049946, "log10_eta": -0.9003598728962561, "log10_lambda": -2.1044844553210496, "log10_min_child_weight": 4.617343736908925, "log10_subsample": -0.7397623276757365, "max_depth": 2.0, "num_boost_round": 3.0}, "datetime": {"datetime": "2024-01-19 00:12:23", "elapsed": 40.958282, "delta": 0.00019}}
{"target": -17.6786923754333, "params": {"gamma": 552.5101058004643, "log10_alpha": -0.9632472914863524, "log10_colsample_bytree": -0.044866552056049946, "log10_eta": -0.9003598728962561, "log10_lambda": -2.1044844553210496, "log10_min_child_weight": 4.617343736908925, "log10_subsample": -0.7397623276757365, "max_depth": 2.0, "num_boost_round": 4.0}, "datetime": {"datetime": "2024-01-19 00:12:23", "elapsed": 40.958471, "delta": 0.000189}}
{"target": -17.67802814795861, "params": {"gamma": 552.5101058004643, "log10_alpha": -0.9632472914863524, "log10_colsample_bytree": -0.044866552056049946, "log10_eta": -0.9003598728962561, "log10_lambda": -2.1044844553210496, "log10_min_child_weight": 4.617343736908925, "log10_subsample": -0.7397623276757365, "max_depth": 2.0, "num_boost_round": 5.0}, "datetime": {"datetime": "2024-01-19 00:12:23", "elapsed": 40.958824, "delta": 0.000353}}
{"target": -17.67820310794629, "params": {"gamma": 552.5101058004643, "log10_alpha": -0.9632472914863524, "log10_colsample_bytree": -0.044866552056049946, "log10_eta": -0.9003598728962561, "log10_lambda": -2.1044844553210496, "log10_min_child_weight": 4.617343736908925, "log10_subsample": -0.7397623276757365, "max_depth": 2.0, "num_boost_round": 6.0}, "datetime": {"datetime": "2024-01-19 00:12:23", "elapsed": 40.959069, "delta": 0.000245}}
{"target": -17.67927186746985, "params": {"gamma": 552.5101058004643, "log10_alpha": -0.9632472914863524, "log10_colsample_bytree": -0.044866552056049946, "log10_eta": -0.9003598728962561, "log10_lambda": -2.1044844553210496, "log10_min_child_weight": 4.617343736908925, "log10_subsample": -0.7397623276757365, "max_depth": 2.0, "num_boost_round": 7.0}, "datetime": {"datetime": "2024-01-19 00:12:23", "elapsed": 40.95927, "delta": 0.000201}}
{"target": -17.678989882579753, "params": {"gamma": 552.5101058004643, "log10_alpha": -0.9632472914863524, "log10_colsample_bytree": -0.044866552056049946, "log10_eta": -0.9003598728962561, "log10_lambda": -2.1044844553210496, "log10_min_child_weight": 4.617343736908925, "log10_subsample": -0.7397623276757365, "max_depth": 2.0, "num_boost_round": 8.0}, "datetime": {"datetime": "2024-01-19 00:12:23", "elapsed": 40.959463, "delta": 0.000193}}
{"target": -17.67852185510875, "params": {"gamma": 552.5101058004643, "log10_alpha": -0.9632472914863524, "log10_colsample_bytree": -0.044866552056049946, "log10_eta": -0.9003598728962561, "log10_lambda": -2.1044844553210496, "log10_min_child_weight": 4.617343736908925, "log10_subsample": -0.7397623276757365, "max_depth": 2.0, "num_boost_round": 9.0}, "datetime": {"datetime": "2024-01-19 00:12:23", "elapsed": 40.959656, "delta": 0.000193}}
{"target": -17.678244973923313, "params": {"gamma": 552.5101058004643, "log10_alpha": -0.9632472914863524, "log10_colsample_bytree": -0.044866552056049946, "log10_eta": -0.9003598728962561, "log10_lambda": -2.1044844553210496, "log10_min_child_weight": 4.617343736908925, "log10_subsample": -0.7397623276757365, "max_depth": 2.0, "num_boost_round": 10.0}, "datetime": {"datetime": "2024-01-19 00:12:23", "elapsed": 40.959948, "delta": 0.000292}}
{"target": -17.679123246898037, "params": {"gamma": 552.5101058004643, "log10_alpha": -0.9632472914863524, "log10_colsample_bytree": -0.044866552056049946, "log10_eta": -0.9003598728962561, "log10_lambda": -2.1044844553210496, "log10_min_child_weight": 4.617343736908925, "log10_subsample": -0.7397623276757365, "max_depth": 2.0, "num_boost_round": 11.0}, "datetime": {"datetime": "2024-01-19 00:12:23", "elapsed": 40.960151, "delta": 0.000203}}
{"target": -17.680687102092048, "params": {"gamma": 552.5101058004643, "log10_alpha": -0.9632472914863524, "log10_colsample_bytree": -0.044866552056049946, "log10_eta": -0.9003598728962561, "log10_lambda": -2.1044844553210496, "log10_min_child_weight": 4.617343736908925, "log10_subsample": -0.7397623276757365, "max_depth": 2.0, "num_boost_round": 12.0}, "datetime": {"datetime": "2024-01-19 00:12:23", "elapsed": 40.960346, "delta": 0.000195}}
{"target": -17.68004705278099, "params": {"gamma": 552.5101058004643, "log10_alpha": -0.9632472914863524, "log10_colsample_bytree": -0.044866552056049946, "log10_eta": -0.9003598728962561, "log10_lambda": -2.1044844553210496, "log10_min_child_weight": 4.617343736908925, "log10_subsample": -0.7397623276757365, "max_depth": 2.0, "num_boost_round": 13.0}, "datetime": {"datetime": "2024-01-19 00:12:23", "elapsed": 40.960541, "delta": 0.000195}}
{"target": -17.67964756149938, "params": {"gamma": 552.5101058004643, "log10_alpha": -0.9632472914863524, "log10_colsample_bytree": -0.044866552056049946, "log10_eta": -0.9003598728962561, "log10_lambda": -2.1044844553210496, "log10_min_child_weight": 4.617343736908925, "log10_subsample": -0.7397623276757365, "max_depth": 2.0, "num_boost_round": 14.0}, "datetime": {"datetime": "2024-01-19 00:12:23", "elapsed": 40.960747, "delta": 0.000206}}
