{"target": -17.673993427834542, "params": {"gamma": 429.40184145063023, "log10_alpha": -0.2363391403749464, "log10_colsample_bytree": -0.22071142769524366, "log10_eta": -2.214977772366841, "log10_lambda": -3.0667257030626214, "log10_min_child_weight": 1.7927247581089651, "log10_subsample": -0.018392014141849433, "max_depth": 8.0, "num_boost_round": 13.0}, "datetime": {"datetime": "2024-01-19 00:49:22", "elapsed": 2267.216803, "delta": 0.002182}}
{"target": -17.674237671944447, "params": {"gamma": 429.40184145063023, "log10_alpha": -0.2363391403749464, "log10_colsample_bytree": -0.22071142769524366, "log10_eta": -2.214977772366841, "log10_lambda": -3.0667257030626214, "log10_min_child_weight": 1.7927247581089651, "log10_subsample": -0.018392014141849433, "max_depth": 8.0, "num_boost_round": 14.0}, "datetime": {"datetime": "2024-01-19 00:49:22", "elapsed": 2267.218897, "delta": 0.002094}}
{"target": -17.677226807416158, "params": {"gamma": 444.87334774555876, "log10_alpha": -4.643971295846688, "log10_colsample_bytree": -0.1439162170933077, "log10_eta": -3.585849183857061, "log10_lambda": 0.35537005815168143, "log10_min_child_weight": 2.6803172698366424, "log10_subsample": -0.3573748366164129, "max_depth": 6.0, "num_boost_round": 0.0}, "datetime": {"datetime": "2024-01-19 00:49:54", "elapsed": 2298.946587, "delta": 31.72769}}
{"target": -17.677207828907314, "params": {"gamma": 444.87334774555876, "log10_alpha": -4.643971295846688, "log10_colsample_bytree": -0.1439162170933077, "log10_eta": -3.585849183857061, "log10_lambda": 0.35537005815168143, "log10_min_child_weight": 2.6803172698366424, "log10_subsample": -0.3573748366164129, "max_depth": 6.0, "num_boost_round": 1.0}, "datetime": {"datetime": "2024-01-19 00:49:54", "elapsed": 2298.949538, "delta": 0.002951}}
{"target": -17.677190081442532, "params": {"gamma": 444.87334774555876, "log10_alpha": -4.643971295846688, "log10_colsample_bytree": -0.1439162170933077, "log10_eta": -3.585849183857061, "log10_lambda": 0.35537005815168143, "log10_min_child_weight": 2.6803172698366424, "log10_subsample": -0.3573748366164129, "max_depth": 6.0, "num_boost_round": 2.0}, "datetime": {"datetime": "2024-01-19 00:49:54", "elapsed": 2298.952758, "delta": 0.00322}}
{"target": -17.677173894632414, "params": {"gamma": 444.87334774555876, "log10_alpha": -4.643971295846688, "log10_colsample_bytree": -0.1439162170933077, "log10_eta": -3.585849183857061, "log10_lambda": 0.35537005815168143, "log10_min_child_weight": 2.6803172698366424, "log10_subsample": -0.3573748366164129, "max_depth": 6.0, "num_boost_round": 3.0}, "datetime": {"datetime": "2024-01-19 00:49:54", "elapsed": 2298.959516, "delta": 0.006758}}
{"target": -17.677172489880128, "params": {"gamma": 444.87334774555876, "log10_alpha": -4.643971295846688, "log10_colsample_bytree": -0.1439162170933077, "log10_eta": -3.585849183857061, "log10_lambda": 0.35537005815168143, "log10_min_child_weight": 2.6803172698366424, "log10_subsample": -0.3573748366164129, "max_depth": 6.0, "num_boost_round": 4.0}, "datetime": {"datetime": "2024-01-19 00:49:54", "elapsed": 2298.961644, "delta": 0.002128}}
{"target": -17.67717038051483, "params": {"gamma": 444.87334774555876, "log10_alpha": -4.643971295846688, "log10_colsample_bytree": -0.1439162170933077, "log10_eta": -3.585849183857061, "log10_lambda": 0.35537005815168143, "log10_min_child_weight": 2.6803172698366424, "log10_subsample": -0.3573748366164129, "max_depth": 6.0, "num_boost_round": 5.0}, "datetime": {"datetime": "2024-01-19 00:49:54", "elapsed": 2298.963812, "delta": 0.002168}}
{"target": -17.677164784393394, "params": {"gamma": 444.87334774555876, "log10_alpha": -4.643971295846688, "log10_colsample_bytree": -0.1439162170933077, "log10_eta": -3.585849183857061, "log10_lambda": 0.35537005815168143, "log10_min_child_weight": 2.6803172698366424, "log10_subsample": -0.3573748366164129, "max_depth": 6.0, "num_boost_round": 6.0}, "datetime": {"datetime": "2024-01-19 00:49:54", "elapsed": 2298.965868, "delta": 0.002056}}
{"target": -17.677146794875274, "params": {"gamma": 444.87334774555876, "log10_alpha": -4.643971295846688, "log10_colsample_bytree": -0.1439162170933077, "log10_eta": -3.585849183857061, "log10_lambda": 0.35537005815168143, "log10_min_child_weight": 2.6803172698366424, "log10_subsample": -0.3573748366164129, "max_depth": 6.0, "num_boost_round": 7.0}, "datetime": {"datetime": "2024-01-19 00:49:54", "elapsed": 2298.967932, "delta": 0.002064}}
{"target": -17.677136546881734, "params": {"gamma": 444.87334774555876, "log10_alpha": -4.643971295846688, "log10_colsample_bytree": -0.1439162170933077, "log10_eta": -3.585849183857061, "log10_lambda": 0.35537005815168143, "log10_min_child_weight": 2.6803172698366424, "log10_subsample": -0.3573748366164129, "max_depth": 6.0, "num_boost_round": 8.0}, "datetime": {"datetime": "2024-01-19 00:49:54", "elapsed": 2298.970018, "delta": 0.002086}}
{"target": -17.6771132747741, "params": {"gamma": 444.87334774555876, "log10_alpha": -4.643971295846688, "log10_colsample_bytree": -0.1439162170933077, "log10_eta": -3.585849183857061, "log10_lambda": 0.35537005815168143, "log10_min_child_weight": 2.6803172698366424, "log10_subsample": -0.3573748366164129, "max_depth": 6.0, "num_boost_round": 9.0}, "datetime": {"datetime": "2024-01-19 00:49:54", "elapsed": 2298.972053, "delta": 0.002035}}
{"target": -17.6771070550807, "params": {"gamma": 444.87334774555876, "log10_alpha": -4.643971295846688, "log10_colsample_bytree": -0.1439162170933077, "log10_eta": -3.585849183857061, "log10_lambda": 0.35537005815168143, "log10_min_child_weight": 2.6803172698366424, "log10_subsample": -0.3573748366164129, "max_depth": 6.0, "num_boost_round": 10.0}, "datetime": {"datetime": "2024-01-19 00:49:54", "elapsed": 2298.974283, "delta": 0.00223}}
{"target": -17.67710233648088, "params": {"gamma": 444.87334774555876, "log10_alpha": -4.643971295846688, "log10_colsample_bytree": -0.1439162170933077, "log10_eta": -3.585849183857061, "log10_lambda": 0.35537005815168143, "log10_min_child_weight": 2.6803172698366424, "log10_subsample": -0.3573748366164129, "max_depth": 6.0, "num_boost_round": 11.0}, "datetime": {"datetime": "2024-01-19 00:49:54", "elapsed": 2298.976457, "delta": 0.002174}}
{"target": -17.677089073282744, "params": {"gamma": 444.87334774555876, "log10_alpha": -4.643971295846688, "log10_colsample_bytree": -0.1439162170933077, "log10_eta": -3.585849183857061, "log10_lambda": 0.35537005815168143, "log10_min_child_weight": 2.6803172698366424, "log10_subsample": -0.3573748366164129, "max_depth": 6.0, "num_boost_round": 12.0}, "datetime": {"datetime": "2024-01-19 00:49:54", "elapsed": 2298.978637, "delta": 0.00218}}
{"target": -17.677084522432637, "params": {"gamma": 444.87334774555876, "log10_alpha": -4.643971295846688, "log10_colsample_bytree": -0.1439162170933077, "log10_eta": -3.585849183857061, "log10_lambda": 0.35537005815168143, "log10_min_child_weight": 2.6803172698366424, "log10_subsample": -0.3573748366164129, "max_depth": 6.0, "num_boost_round": 13.0}, "datetime": {"datetime": "2024-01-19 00:49:54", "elapsed": 2298.980896, "delta": 0.002259}}
{"target": -17.67706906699616, "params": {"gamma": 444.87334774555876, "log10_alpha": -4.643971295846688, "log10_colsample_bytree": -0.1439162170933077, "log10_eta": -3.585849183857061, "log10_lambda": 0.35537005815168143, "log10_min_child_weight": 2.6803172698366424, "log10_subsample": -0.3573748366164129, "max_depth": 6.0, "num_boost_round": 14.0}, "datetime": {"datetime": "2024-01-19 00:49:54", "elapsed": 2298.983017, "delta": 0.002121}}
{"target": -17.677058787885738, "params": {"gamma": 444.87334774555876, "log10_alpha": -4.643971295846688, "log10_colsample_bytree": -0.1439162170933077, "log10_eta": -3.585849183857061, "log10_lambda": 0.35537005815168143, "log10_min_child_weight": 2.6803172698366424, "log10_subsample": -0.3573748366164129, "max_depth": 6.0, "num_boost_round": 15.0}, "datetime": {"datetime": "2024-01-19 00:49:54", "elapsed": 2298.985186, "delta": 0.002169}}
{"target": -17.67704155647463, "params": {"gamma": 444.87334774555876, "log10_alpha": -4.643971295846688, "log10_colsample_bytree": -0.1439162170933077, "log10_eta": -3.585849183857061, "log10_lambda": 0.35537005815168143, "log10_min_child_weight": 2.6803172698366424, "log10_subsample": -0.3573748366164129, "max_depth": 6.0, "num_boost_round": 16.0}, "datetime": {"datetime": "2024-01-19 00:49:54", "elapsed": 2298.987243, "delta": 0.002057}}
{"target": -17.677036816007753, "params": {"gamma": 444.87334774555876, "log10_alpha": -4.643971295846688, "log10_colsample_bytree": -0.1439162170933077, "log10_eta": -3.585849183857061, "log10_lambda": 0.35537005815168143, "log10_min_child_weight": 2.6803172698366424, "log10_subsample": -0.3573748366164129, "max_depth": 6.0, "num_boost_round": 17.0}, "datetime": {"datetime": "2024-01-19 00:49:54", "elapsed": 2298.9893, "delta": 0.002057}}
{"target": -17.677033979147485, "params": {"gamma": 444.87334774555876, "log10_alpha": -4.643971295846688, "log10_colsample_bytree": -0.1439162170933077, "log10_eta": -3.585849183857061, "log10_lambda": 0.35537005815168143, "log10_min_child_weight": 2.6803172698366424, "log10_subsample": -0.3573748366164129, "max_depth": 6.0, "num_boost_round": 18.0}, "datetime": {"datetime": "2024-01-19 00:49:54", "elapsed": 2298.991395, "delta": 0.002095}}
{"target": -17.677025268916992, "params": {"gamma": 444.87334774555876, "log10_alpha": -4.643971295846688, "log10_colsample_bytree": -0.1439162170933077, "log10_eta": -3.585849183857061, "log10_lambda": 0.35537005815168143, "log10_min_child_weight": 2.6803172698366424, "log10_subsample": -0.3573748366164129, "max_depth": 6.0, "num_boost_round": 19.0}, "datetime": {"datetime": "2024-01-19 00:49:54", "elapsed": 2298.993439, "delta": 0.002044}}
{"target": -17.677007052849618, "params": {"gamma": 444.87334774555876, "log10_alpha": -4.643971295846688, "log10_colsample_bytree": -0.1439162170933077, "log10_eta": -3.585849183857061, "log10_lambda": 0.35537005815168143, "log10_min_child_weight": 2.6803172698366424, "log10_subsample": -0.3573748366164129, "max_depth": 6.0, "num_boost_round": 20.0}, "datetime": {"datetime": "2024-01-19 00:49:54", "elapsed": 2298.995488, "delta": 0.002049}}
{"target": -17.677207289148164, "params": {"gamma": 427.2835947489346, "log10_alpha": 0.7571864849066152, "log10_colsample_bytree": -0.2774532517999312, "log10_eta": -3.3921246223407384, "log10_lambda": -2.116227365813437, "log10_min_child_weight": 3.775543386675084, "log10_subsample": -0.3877704706469872, "max_depth": 6.0, "num_boost_round": 0.0}, "datetime": {"datetime": "2024-01-19 00:50:28", "elapsed": 2333.471925, "delta": 34.476437}}
{"target": -17.677183228154345, "params": {"gamma": 427.2835947489346, "log10_alpha": 0.7571864849066152, "log10_colsample_bytree": -0.2774532517999312, "log10_eta": -3.3921246223407384, "log10_lambda": -2.116227365813437, "log10_min_child_weight": 3.775543386675084, "log10_subsample": -0.3877704706469872, "max_depth": 6.0, "num_boost_round": 1.0}, "datetime": {"datetime": "2024-01-19 00:50:28", "elapsed": 2333.474554, "delta": 0.002629}}
{"target": -17.677162094983988, "params": {"gamma": 427.2835947489346, "log10_alpha": 0.7571864849066152, "log10_colsample_bytree": -0.2774532517999312, "log10_eta": -3.3921246223407384, "log10_lambda": -2.116227365813437, "log10_min_child_weight": 3.775543386675084, "log10_subsample": -0.3877704706469872, "max_depth": 6.0, "num_boost_round": 2.0}, "datetime": {"datetime": "2024-01-19 00:50:28", "elapsed": 2333.476832, "delta": 0.002278}}
{"target": -17.677167663884216, "params": {"gamma": 427.2835947489346, "log10_alpha": 0.7571864849066152, "log10_colsample_bytree": -0.2774532517999312, "log10_eta": -3.3921246223407384, "log10_lambda": -2.116227365813437, "log10_min_child_weight": 3.775543386675084, "log10_subsample": -0.3877704706469872, "max_depth": 6.0, "num_boost_round": 3.0}, "datetime": {"datetime": "2024-01-19 00:50:28", "elapsed": 2333.479603, "delta": 0.002771}}
{"target": -17.677145292949913, "params": {"gamma": 427.2835947489346, "log10_alpha": 0.7571864849066152, "log10_colsample_bytree": -0.2774532517999312, "log10_eta": -3.3921246223407384, "log10_lambda": -2.116227365813437, "log10_min_child_weight": 3.775543386675084, "log10_subsample": -0.3877704706469872, "max_depth": 6.0, "num_boost_round": 4.0}, "datetime": {"datetime": "2024-01-19 00:50:28", "elapsed": 2333.481892, "delta": 0.002289}}
{"target": -17.677135587188012, "params": {"gamma": 427.2835947489346, "log10_alpha": 0.7571864849066152, "log10_colsample_bytree": -0.2774532517999312, "log10_eta": -3.3921246223407384, "log10_lambda": -2.116227365813437, "log10_min_child_weight": 3.775543386675084, "log10_subsample": -0.3877704706469872, "max_depth": 6.0, "num_boost_round": 5.0}, "datetime": {"datetime": "2024-01-19 00:50:28", "elapsed": 2333.483978, "delta": 0.002086}}
{"target": -17.677118783014524, "params": {"gamma": 427.2835947489346, "log10_alpha": 0.7571864849066152, "log10_colsample_bytree": -0.2774532517999312, "log10_eta": -3.3921246223407384, "log10_lambda": -2.116227365813437, "log10_min_child_weight": 3.775543386675084, "log10_subsample": -0.3877704706469872, "max_depth": 6.0, "num_boost_round": 6.0}, "datetime": {"datetime": "2024-01-19 00:50:28", "elapsed": 2333.486066, "delta": 0.002088}}
{"target": -17.677101601976975, "params": {"gamma": 427.2835947489346, "log10_alpha": 0.7571864849066152, "log10_colsample_bytree": -0.2774532517999312, "log10_eta": -3.3921246223407384, "log10_lambda": -2.116227365813437, "log10_min_child_weight": 3.775543386675084, "log10_subsample": -0.3877704706469872, "max_depth": 6.0, "num_boost_round": 7.0}, "datetime": {"datetime": "2024-01-19 00:50:28", "elapsed": 2333.488145, "delta": 0.002079}}
{"target": -17.677096000323285, "params": {"gamma": 427.2835947489346, "log10_alpha": 0.7571864849066152, "log10_colsample_bytree": -0.2774532517999312, "log10_eta": -3.3921246223407384, "log10_lambda": -2.116227365813437, "log10_min_child_weight": 3.775543386675084, "log10_subsample": -0.3877704706469872, "max_depth": 6.0, "num_boost_round": 8.0}, "datetime": {"datetime": "2024-01-19 00:50:28", "elapsed": 2333.490209, "delta": 0.002064}}
{"target": -17.677081544088804, "params": {"gamma": 427.2835947489346, "log10_alpha": 0.7571864849066152, "log10_colsample_bytree": -0.2774532517999312, "log10_eta": -3.3921246223407384, "log10_lambda": -2.116227365813437, "log10_min_child_weight": 3.775543386675084, "log10_subsample": -0.3877704706469872, "max_depth": 6.0, "num_boost_round": 9.0}, "datetime": {"datetime": "2024-01-19 00:50:28", "elapsed": 2333.492286, "delta": 0.002077}}
{"target": -17.677070960112697, "params": {"gamma": 427.2835947489346, "log10_alpha": 0.7571864849066152, "log10_colsample_bytree": -0.2774532517999312, "log10_eta": -3.3921246223407384, "log10_lambda": -2.116227365813437, "log10_min_child_weight": 3.775543386675084, "log10_subsample": -0.3877704706469872, "max_depth": 6.0, "num_boost_round": 10.0}, "datetime": {"datetime": "2024-01-19 00:50:28", "elapsed": 2333.494401, "delta": 0.002115}}
{"target": -17.677055365145332, "params": {"gamma": 427.2835947489346, "log10_alpha": 0.7571864849066152, "log10_colsample_bytree": -0.2774532517999312, "log10_eta": -3.3921246223407384, "log10_lambda": -2.116227365813437, "log10_min_child_weight": 3.775543386675084, "log10_subsample": -0.3877704706469872, "max_depth": 6.0, "num_boost_round": 11.0}, "datetime": {"datetime": "2024-01-19 00:50:28", "elapsed": 2333.496537, "delta": 0.002136}}
{"target": -17.677044834965816, "params": {"gamma": 427.2835947489346, "log10_alpha": 0.7571864849066152, "log10_colsample_bytree": -0.2774532517999312, "log10_eta": -3.3921246223407384, "log10_lambda": -2.116227365813437, "log10_min_child_weight": 3.775543386675084, "log10_subsample": -0.3877704706469872, "max_depth": 6.0, "num_boost_round": 12.0}, "datetime": {"datetime": "2024-01-19 00:50:28", "elapsed": 2333.498659, "delta": 0.002122}}
{"target": -17.677028681206313, "params": {"gamma": 427.2835947489346, "log10_alpha": 0.7571864849066152, "log10_colsample_bytree": -0.2774532517999312, "log10_eta": -3.3921246223407384, "log10_lambda": -2.116227365813437, "log10_min_child_weight": 3.775543386675084, "log10_subsample": -0.3877704706469872, "max_depth": 6.0, "num_boost_round": 13.0}, "datetime": {"datetime": "2024-01-19 00:50:28", "elapsed": 2333.500771, "delta": 0.002112}}
{"target": -17.677025926004646, "params": {"gamma": 427.2835947489346, "log10_alpha": 0.7571864849066152, "log10_colsample_bytree": -0.2774532517999312, "log10_eta": -3.3921246223407384, "log10_lambda": -2.116227365813437, "log10_min_child_weight": 3.775543386675084, "log10_subsample": -0.3877704706469872, "max_depth": 6.0, "num_boost_round": 14.0}, "datetime": {"datetime": "2024-01-19 00:50:28", "elapsed": 2333.50289, "delta": 0.002119}}
{"target": -17.677229357000275, "params": {"gamma": 420.8239480716961, "log10_alpha": -4.955845157019026, "log10_colsample_bytree": 0.0, "log10_eta": -4.0, "log10_lambda": -2.2200272888500177, "log10_min_child_weight": 1.6175570686282816, "log10_subsample": -1.0, "max_depth": 4.0, "num_boost_round": 0.0}, "datetime": {"datetime": "2024-01-19 00:51:08", "elapsed": 2373.104062, "delta": 39.601172}}
{"target": -17.677224622162502, "params": {"gamma": 420.8239480716961, "log10_alpha": -4.955845157019026, "log10_colsample_bytree": 0.0, "log10_eta": -4.0, "log10_lambda": -2.2200272888500177, "log10_min_child_weight": 1.6175570686282816, "log10_subsample": -1.0, "max_depth": 4.0, "num_boost_round": 1.0}, "datetime": {"datetime": "2024-01-19 00:51:08", "elapsed": 2373.106739, "delta": 0.002677}}
{"target": -17.677223433693985, "params": {"gamma": 420.8239480716961, "log10_alpha": -4.955845157019026, "log10_colsample_bytree": 0.0, "log10_eta": -4.0, "log10_lambda": -2.2200272888500177, "log10_min_child_weight": 1.6175570686282816, "log10_subsample": -1.0, "max_depth": 4.0, "num_boost_round": 2.0}, "datetime": {"datetime": "2024-01-19 00:51:08", "elapsed": 2373.109236, "delta": 0.002497}}
{"target": -17.677218026602947, "params": {"gamma": 420.8239480716961, "log10_alpha": -4.955845157019026, "log10_colsample_bytree": 0.0, "log10_eta": -4.0, "log10_lambda": -2.2200272888500177, "log10_min_child_weight": 1.6175570686282816, "log10_subsample": -1.0, "max_depth": 4.0, "num_boost_round": 3.0}, "datetime": {"datetime": "2024-01-19 00:51:08", "elapsed": 2373.111446, "delta": 0.00221}}
{"target": -17.677211172710173, "params": {"gamma": 420.8239480716961, "log10_alpha": -4.955845157019026, "log10_colsample_bytree": 0.0, "log10_eta": -4.0, "log10_lambda": -2.2200272888500177, "log10_min_child_weight": 1.6175570686282816, "log10_subsample": -1.0, "max_depth": 4.0, "num_boost_round": 4.0}, "datetime": {"datetime": "2024-01-19 00:51:08", "elapsed": 2373.113669, "delta": 0.002223}}
{"target": -17.677211803985653, "params": {"gamma": 420.8239480716961, "log10_alpha": -4.955845157019026, "log10_colsample_bytree": 0.0, "log10_eta": -4.0, "log10_lambda": -2.2200272888500177, "log10_min_child_weight": 1.6175570686282816, "log10_subsample": -1.0, "max_depth": 4.0, "num_boost_round": 5.0}, "datetime": {"datetime": "2024-01-19 00:51:08", "elapsed": 2373.115763, "delta": 0.002094}}
{"target": -17.6772051931796, "params": {"gamma": 420.8239480716961, "log10_alpha": -4.955845157019026, "log10_colsample_bytree": 0.0, "log10_eta": -4.0, "log10_lambda": -2.2200272888500177, "log10_min_child_weight": 1.6175570686282816, "log10_subsample": -1.0, "max_depth": 4.0, "num_boost_round": 6.0}, "datetime": {"datetime": "2024-01-19 00:51:08", "elapsed": 2373.117826, "delta": 0.002063}}
{"target": -17.677200199347332, "params": {"gamma": 420.8239480716961, "log10_alpha": -4.955845157019026, "log10_colsample_bytree": 0.0, "log10_eta": -4.0, "log10_lambda": -2.2200272888500177, "log10_min_child_weight": 1.6175570686282816, "log10_subsample": -1.0, "max_depth": 4.0, "num_boost_round": 7.0}, "datetime": {"datetime": "2024-01-19 00:51:08", "elapsed": 2373.119889, "delta": 0.002063}}
{"target": -17.6771933396566, "params": {"gamma": 420.8239480716961, "log10_alpha": -4.955845157019026, "log10_colsample_bytree": 0.0, "log10_eta": -4.0, "log10_lambda": -2.2200272888500177, "log10_min_child_weight": 1.6175570686282816, "log10_subsample": -1.0, "max_depth": 4.0, "num_boost_round": 8.0}, "datetime": {"datetime": "2024-01-19 00:51:08", "elapsed": 2373.12196, "delta": 0.002071}}
{"target": -17.677190273980287, "params": {"gamma": 420.8239480716961, "log10_alpha": -4.955845157019026, "log10_colsample_bytree": 0.0, "log10_eta": -4.0, "log10_lambda": -2.2200272888500177, "log10_min_child_weight": 1.6175570686282816, "log10_subsample": -1.0, "max_depth": 4.0, "num_boost_round": 9.0}, "datetime": {"datetime": "2024-01-19 00:51:08", "elapsed": 2373.124053, "delta": 0.002093}}
{"target": -17.677193928146945, "params": {"gamma": 420.8239480716961, "log10_alpha": -4.955845157019026, "log10_colsample_bytree": 0.0, "log10_eta": -4.0, "log10_lambda": -2.2200272888500177, "log10_min_child_weight": 1.6175570686282816, "log10_subsample": -1.0, "max_depth": 4.0, "num_boost_round": 10.0}, "datetime": {"datetime": "2024-01-19 00:51:08", "elapsed": 2373.126127, "delta": 0.002074}}
{"target": -17.677192585179803, "params": {"gamma": 420.8239480716961, "log10_alpha": -4.955845157019026, "log10_colsample_bytree": 0.0, "log10_eta": -4.0, "log10_lambda": -2.2200272888500177, "log10_min_child_weight": 1.6175570686282816, "log10_subsample": -1.0, "max_depth": 4.0, "num_boost_round": 11.0}, "datetime": {"datetime": "2024-01-19 00:51:08", "elapsed": 2373.128192, "delta": 0.002065}}
