{"target": -13.75850822562112, "params": {"gamma": 705.2180268973276, "log10_alpha": -0.756048990023702, "log10_colsample_bytree": -0.8427460826875398, "log10_eta": -3.575061748296386, "log10_lambda": -0.22079297825482502, "log10_min_child_weight": 2.3707329358201856, "log10_subsample": -0.35895427764750754, "max_depth": 3.0, "num_boost_round": 16.0}, "datetime": {"datetime": "2024-01-19 01:24:32", "elapsed": 4380.242556, "delta": 0.004961}}
{"target": -13.758508197903398, "params": {"gamma": 705.2180268973276, "log10_alpha": -0.756048990023702, "log10_colsample_bytree": -0.8427460826875398, "log10_eta": -3.575061748296386, "log10_lambda": -0.22079297825482502, "log10_min_child_weight": 2.3707329358201856, "log10_subsample": -0.35895427764750754, "max_depth": 3.0, "num_boost_round": 17.0}, "datetime": {"datetime": "2024-01-19 01:24:32", "elapsed": 4380.248167, "delta": 0.005611}}
{"target": -13.7585071265792, "params": {"gamma": 705.2180268973276, "log10_alpha": -0.756048990023702, "log10_colsample_bytree": -0.8427460826875398, "log10_eta": -3.575061748296386, "log10_lambda": -0.22079297825482502, "log10_min_child_weight": 2.3707329358201856, "log10_subsample": -0.35895427764750754, "max_depth": 3.0, "num_boost_round": 18.0}, "datetime": {"datetime": "2024-01-19 01:24:32", "elapsed": 4380.383568, "delta": 0.135401}}
{"target": -13.758507358648625, "params": {"gamma": 705.2180268973276, "log10_alpha": -0.756048990023702, "log10_colsample_bytree": -0.8427460826875398, "log10_eta": -3.575061748296386, "log10_lambda": -0.22079297825482502, "log10_min_child_weight": 2.3707329358201856, "log10_subsample": -0.35895427764750754, "max_depth": 3.0, "num_boost_round": 19.0}, "datetime": {"datetime": "2024-01-19 01:24:32", "elapsed": 4380.388731, "delta": 0.005163}}
{"target": -13.758505473674896, "params": {"gamma": 705.2180268973276, "log10_alpha": -0.756048990023702, "log10_colsample_bytree": -0.8427460826875398, "log10_eta": -3.575061748296386, "log10_lambda": -0.22079297825482502, "log10_min_child_weight": 2.3707329358201856, "log10_subsample": -0.35895427764750754, "max_depth": 3.0, "num_boost_round": 20.0}, "datetime": {"datetime": "2024-01-19 01:24:32", "elapsed": 4380.39361, "delta": 0.004879}}
{"target": -13.758497290061468, "params": {"gamma": 705.2180268973276, "log10_alpha": -0.756048990023702, "log10_colsample_bytree": -0.8427460826875398, "log10_eta": -3.575061748296386, "log10_lambda": -0.22079297825482502, "log10_min_child_weight": 2.3707329358201856, "log10_subsample": -0.35895427764750754, "max_depth": 3.0, "num_boost_round": 21.0}, "datetime": {"datetime": "2024-01-19 01:24:32", "elapsed": 4380.398516, "delta": 0.004906}}
{"target": -13.758495960168915, "params": {"gamma": 705.2180268973276, "log10_alpha": -0.756048990023702, "log10_colsample_bytree": -0.8427460826875398, "log10_eta": -3.575061748296386, "log10_lambda": -0.22079297825482502, "log10_min_child_weight": 2.3707329358201856, "log10_subsample": -0.35895427764750754, "max_depth": 3.0, "num_boost_round": 22.0}, "datetime": {"datetime": "2024-01-19 01:24:32", "elapsed": 4380.403122, "delta": 0.004606}}
{"target": -13.758491924373411, "params": {"gamma": 705.2180268973276, "log10_alpha": -0.756048990023702, "log10_colsample_bytree": -0.8427460826875398, "log10_eta": -3.575061748296386, "log10_lambda": -0.22079297825482502, "log10_min_child_weight": 2.3707329358201856, "log10_subsample": -0.35895427764750754, "max_depth": 3.0, "num_boost_round": 23.0}, "datetime": {"datetime": "2024-01-19 01:24:32", "elapsed": 4380.407903, "delta": 0.004781}}
{"target": -13.758491735546217, "params": {"gamma": 705.2180268973276, "log10_alpha": -0.756048990023702, "log10_colsample_bytree": -0.8427460826875398, "log10_eta": -3.575061748296386, "log10_lambda": -0.22079297825482502, "log10_min_child_weight": 2.3707329358201856, "log10_subsample": -0.35895427764750754, "max_depth": 3.0, "num_boost_round": 24.0}, "datetime": {"datetime": "2024-01-19 01:24:32", "elapsed": 4380.412671, "delta": 0.004768}}
{"target": -13.758486038065211, "params": {"gamma": 705.2180268973276, "log10_alpha": -0.756048990023702, "log10_colsample_bytree": -0.8427460826875398, "log10_eta": -3.575061748296386, "log10_lambda": -0.22079297825482502, "log10_min_child_weight": 2.3707329358201856, "log10_subsample": -0.35895427764750754, "max_depth": 3.0, "num_boost_round": 25.0}, "datetime": {"datetime": "2024-01-19 01:24:32", "elapsed": 4380.417127, "delta": 0.004456}}
{"target": -13.758484840369375, "params": {"gamma": 705.2180268973276, "log10_alpha": -0.756048990023702, "log10_colsample_bytree": -0.8427460826875398, "log10_eta": -3.575061748296386, "log10_lambda": -0.22079297825482502, "log10_min_child_weight": 2.3707329358201856, "log10_subsample": -0.35895427764750754, "max_depth": 3.0, "num_boost_round": 26.0}, "datetime": {"datetime": "2024-01-19 01:24:32", "elapsed": 4380.42174, "delta": 0.004613}}
{"target": -13.758476936590455, "params": {"gamma": 705.2180268973276, "log10_alpha": -0.756048990023702, "log10_colsample_bytree": -0.8427460826875398, "log10_eta": -3.575061748296386, "log10_lambda": -0.22079297825482502, "log10_min_child_weight": 2.3707329358201856, "log10_subsample": -0.35895427764750754, "max_depth": 3.0, "num_boost_round": 27.0}, "datetime": {"datetime": "2024-01-19 01:24:32", "elapsed": 4380.426354, "delta": 0.004614}}
{"target": -13.758472782806765, "params": {"gamma": 705.2180268973276, "log10_alpha": -0.756048990023702, "log10_colsample_bytree": -0.8427460826875398, "log10_eta": -3.575061748296386, "log10_lambda": -0.22079297825482502, "log10_min_child_weight": 2.3707329358201856, "log10_subsample": -0.35895427764750754, "max_depth": 3.0, "num_boost_round": 28.0}, "datetime": {"datetime": "2024-01-19 01:24:32", "elapsed": 4380.431497, "delta": 0.005143}}
{"target": -13.758468330464959, "params": {"gamma": 705.2180268973276, "log10_alpha": -0.756048990023702, "log10_colsample_bytree": -0.8427460826875398, "log10_eta": -3.575061748296386, "log10_lambda": -0.22079297825482502, "log10_min_child_weight": 2.3707329358201856, "log10_subsample": -0.35895427764750754, "max_depth": 3.0, "num_boost_round": 29.0}, "datetime": {"datetime": "2024-01-19 01:24:32", "elapsed": 4380.436391, "delta": 0.004894}}
{"target": -13.758462585716186, "params": {"gamma": 705.2180268973276, "log10_alpha": -0.756048990023702, "log10_colsample_bytree": -0.8427460826875398, "log10_eta": -3.575061748296386, "log10_lambda": -0.22079297825482502, "log10_min_child_weight": 2.3707329358201856, "log10_subsample": -0.35895427764750754, "max_depth": 3.0, "num_boost_round": 30.0}, "datetime": {"datetime": "2024-01-19 01:24:32", "elapsed": 4380.440898, "delta": 0.004507}}
{"target": -13.758454410736544, "params": {"gamma": 705.2180268973276, "log10_alpha": -0.756048990023702, "log10_colsample_bytree": -0.8427460826875398, "log10_eta": -3.575061748296386, "log10_lambda": -0.22079297825482502, "log10_min_child_weight": 2.3707329358201856, "log10_subsample": -0.35895427764750754, "max_depth": 3.0, "num_boost_round": 31.0}, "datetime": {"datetime": "2024-01-19 01:24:32", "elapsed": 4380.445188, "delta": 0.00429}}
{"target": -13.758450787467343, "params": {"gamma": 705.2180268973276, "log10_alpha": -0.756048990023702, "log10_colsample_bytree": -0.8427460826875398, "log10_eta": -3.575061748296386, "log10_lambda": -0.22079297825482502, "log10_min_child_weight": 2.3707329358201856, "log10_subsample": -0.35895427764750754, "max_depth": 3.0, "num_boost_round": 32.0}, "datetime": {"datetime": "2024-01-19 01:24:32", "elapsed": 4380.449608, "delta": 0.00442}}
{"target": -13.758447755459965, "params": {"gamma": 705.2180268973276, "log10_alpha": -0.756048990023702, "log10_colsample_bytree": -0.8427460826875398, "log10_eta": -3.575061748296386, "log10_lambda": -0.22079297825482502, "log10_min_child_weight": 2.3707329358201856, "log10_subsample": -0.35895427764750754, "max_depth": 3.0, "num_boost_round": 33.0}, "datetime": {"datetime": "2024-01-19 01:24:32", "elapsed": 4380.454188, "delta": 0.00458}}
{"target": -13.758440257472504, "params": {"gamma": 705.2180268973276, "log10_alpha": -0.756048990023702, "log10_colsample_bytree": -0.8427460826875398, "log10_eta": -3.575061748296386, "log10_lambda": -0.22079297825482502, "log10_min_child_weight": 2.3707329358201856, "log10_subsample": -0.35895427764750754, "max_depth": 3.0, "num_boost_round": 34.0}, "datetime": {"datetime": "2024-01-19 01:24:32", "elapsed": 4380.458647, "delta": 0.004459}}
{"target": -13.758504901949108, "params": {"gamma": 714.544086942611, "log10_alpha": -1.595237801480418, "log10_colsample_bytree": -0.2430660328608364, "log10_eta": -3.0354013158673587, "log10_lambda": -3.6520156668556614, "log10_min_child_weight": 1.6972742119804844, "log10_subsample": -0.862832720655526, "max_depth": 7.0, "num_boost_round": 0.0}, "datetime": {"datetime": "2024-01-19 01:25:43", "elapsed": 4450.635968, "delta": 70.177321}}
{"target": -13.758473092341275, "params": {"gamma": 714.544086942611, "log10_alpha": -1.595237801480418, "log10_colsample_bytree": -0.2430660328608364, "log10_eta": -3.0354013158673587, "log10_lambda": -3.6520156668556614, "log10_min_child_weight": 1.6972742119804844, "log10_subsample": -0.862832720655526, "max_depth": 7.0, "num_boost_round": 1.0}, "datetime": {"datetime": "2024-01-19 01:25:43", "elapsed": 4450.641355, "delta": 0.005387}}
{"target": -13.75842506074116, "params": {"gamma": 714.544086942611, "log10_alpha": -1.595237801480418, "log10_colsample_bytree": -0.2430660328608364, "log10_eta": -3.0354013158673587, "log10_lambda": -3.6520156668556614, "log10_min_child_weight": 1.6972742119804844, "log10_subsample": -0.862832720655526, "max_depth": 7.0, "num_boost_round": 2.0}, "datetime": {"datetime": "2024-01-19 01:25:43", "elapsed": 4450.646487, "delta": 0.005132}}
{"target": -13.758369897830127, "params": {"gamma": 714.544086942611, "log10_alpha": -1.595237801480418, "log10_colsample_bytree": -0.2430660328608364, "log10_eta": -3.0354013158673587, "log10_lambda": -3.6520156668556614, "log10_min_child_weight": 1.6972742119804844, "log10_subsample": -0.862832720655526, "max_depth": 7.0, "num_boost_round": 3.0}, "datetime": {"datetime": "2024-01-19 01:25:43", "elapsed": 4450.651005, "delta": 0.004518}}
{"target": -13.758349013259823, "params": {"gamma": 714.544086942611, "log10_alpha": -1.595237801480418, "log10_colsample_bytree": -0.2430660328608364, "log10_eta": -3.0354013158673587, "log10_lambda": -3.6520156668556614, "log10_min_child_weight": 1.6972742119804844, "log10_subsample": -0.862832720655526, "max_depth": 7.0, "num_boost_round": 4.0}, "datetime": {"datetime": "2024-01-19 01:25:43", "elapsed": 4450.655383, "delta": 0.004378}}
{"target": -13.75832228535524, "params": {"gamma": 714.544086942611, "log10_alpha": -1.595237801480418, "log10_colsample_bytree": -0.2430660328608364, "log10_eta": -3.0354013158673587, "log10_lambda": -3.6520156668556614, "log10_min_child_weight": 1.6972742119804844, "log10_subsample": -0.862832720655526, "max_depth": 7.0, "num_boost_round": 5.0}, "datetime": {"datetime": "2024-01-19 01:25:43", "elapsed": 4450.660023, "delta": 0.00464}}
{"target": -13.758324453178876, "params": {"gamma": 714.544086942611, "log10_alpha": -1.595237801480418, "log10_colsample_bytree": -0.2430660328608364, "log10_eta": -3.0354013158673587, "log10_lambda": -3.6520156668556614, "log10_min_child_weight": 1.6972742119804844, "log10_subsample": -0.862832720655526, "max_depth": 7.0, "num_boost_round": 6.0}, "datetime": {"datetime": "2024-01-19 01:25:43", "elapsed": 4450.664443, "delta": 0.00442}}
{"target": -13.758297954923425, "params": {"gamma": 714.544086942611, "log10_alpha": -1.595237801480418, "log10_colsample_bytree": -0.2430660328608364, "log10_eta": -3.0354013158673587, "log10_lambda": -3.6520156668556614, "log10_min_child_weight": 1.6972742119804844, "log10_subsample": -0.862832720655526, "max_depth": 7.0, "num_boost_round": 7.0}, "datetime": {"datetime": "2024-01-19 01:25:43", "elapsed": 4450.668829, "delta": 0.004386}}
{"target": -13.758317906920295, "params": {"gamma": 714.544086942611, "log10_alpha": -1.595237801480418, "log10_colsample_bytree": -0.2430660328608364, "log10_eta": -3.0354013158673587, "log10_lambda": -3.6520156668556614, "log10_min_child_weight": 1.6972742119804844, "log10_subsample": -0.862832720655526, "max_depth": 7.0, "num_boost_round": 8.0}, "datetime": {"datetime": "2024-01-19 01:25:43", "elapsed": 4450.6734, "delta": 0.004571}}
{"target": -13.758315160442582, "params": {"gamma": 714.544086942611, "log10_alpha": -1.595237801480418, "log10_colsample_bytree": -0.2430660328608364, "log10_eta": -3.0354013158673587, "log10_lambda": -3.6520156668556614, "log10_min_child_weight": 1.6972742119804844, "log10_subsample": -0.862832720655526, "max_depth": 7.0, "num_boost_round": 9.0}, "datetime": {"datetime": "2024-01-19 01:25:43", "elapsed": 4450.677894, "delta": 0.004494}}
{"target": -13.758291722367293, "params": {"gamma": 714.544086942611, "log10_alpha": -1.595237801480418, "log10_colsample_bytree": -0.2430660328608364, "log10_eta": -3.0354013158673587, "log10_lambda": -3.6520156668556614, "log10_min_child_weight": 1.6972742119804844, "log10_subsample": -0.862832720655526, "max_depth": 7.0, "num_boost_round": 10.0}, "datetime": {"datetime": "2024-01-19 01:25:43", "elapsed": 4450.682352, "delta": 0.004458}}
{"target": -13.758272786361736, "params": {"gamma": 714.544086942611, "log10_alpha": -1.595237801480418, "log10_colsample_bytree": -0.2430660328608364, "log10_eta": -3.0354013158673587, "log10_lambda": -3.6520156668556614, "log10_min_child_weight": 1.6972742119804844, "log10_subsample": -0.862832720655526, "max_depth": 7.0, "num_boost_round": 11.0}, "datetime": {"datetime": "2024-01-19 01:25:43", "elapsed": 4450.686898, "delta": 0.004546}}
{"target": -13.758217557705725, "params": {"gamma": 714.544086942611, "log10_alpha": -1.595237801480418, "log10_colsample_bytree": -0.2430660328608364, "log10_eta": -3.0354013158673587, "log10_lambda": -3.6520156668556614, "log10_min_child_weight": 1.6972742119804844, "log10_subsample": -0.862832720655526, "max_depth": 7.0, "num_boost_round": 12.0}, "datetime": {"datetime": "2024-01-19 01:25:43", "elapsed": 4450.691456, "delta": 0.004558}}
{"target": -13.758184098257898, "params": {"gamma": 714.544086942611, "log10_alpha": -1.595237801480418, "log10_colsample_bytree": -0.2430660328608364, "log10_eta": -3.0354013158673587, "log10_lambda": -3.6520156668556614, "log10_min_child_weight": 1.6972742119804844, "log10_subsample": -0.862832720655526, "max_depth": 7.0, "num_boost_round": 13.0}, "datetime": {"datetime": "2024-01-19 01:25:43", "elapsed": 4450.695814, "delta": 0.004358}}
{"target": -13.758172147623185, "params": {"gamma": 714.544086942611, "log10_alpha": -1.595237801480418, "log10_colsample_bytree": -0.2430660328608364, "log10_eta": -3.0354013158673587, "log10_lambda": -3.6520156668556614, "log10_min_child_weight": 1.6972742119804844, "log10_subsample": -0.862832720655526, "max_depth": 7.0, "num_boost_round": 14.0}, "datetime": {"datetime": "2024-01-19 01:25:43", "elapsed": 4450.700777, "delta": 0.004963}}
{"target": -13.758129446351534, "params": {"gamma": 714.544086942611, "log10_alpha": -1.595237801480418, "log10_colsample_bytree": -0.2430660328608364, "log10_eta": -3.0354013158673587, "log10_lambda": -3.6520156668556614, "log10_min_child_weight": 1.6972742119804844, "log10_subsample": -0.862832720655526, "max_depth": 7.0, "num_boost_round": 15.0}, "datetime": {"datetime": "2024-01-19 01:25:43", "elapsed": 4450.705269, "delta": 0.004492}}
{"target": -13.758103143182455, "params": {"gamma": 714.544086942611, "log10_alpha": -1.595237801480418, "log10_colsample_bytree": -0.2430660328608364, "log10_eta": -3.0354013158673587, "log10_lambda": -3.6520156668556614, "log10_min_child_weight": 1.6972742119804844, "log10_subsample": -0.862832720655526, "max_depth": 7.0, "num_boost_round": 16.0}, "datetime": {"datetime": "2024-01-19 01:25:43", "elapsed": 4450.70958, "delta": 0.004311}}
{"target": -13.758093481747348, "params": {"gamma": 714.544086942611, "log10_alpha": -1.595237801480418, "log10_colsample_bytree": -0.2430660328608364, "log10_eta": -3.0354013158673587, "log10_lambda": -3.6520156668556614, "log10_min_child_weight": 1.6972742119804844, "log10_subsample": -0.862832720655526, "max_depth": 7.0, "num_boost_round": 17.0}, "datetime": {"datetime": "2024-01-19 01:25:43", "elapsed": 4450.714001, "delta": 0.004421}}
{"target": -13.75802183372015, "params": {"gamma": 714.544086942611, "log10_alpha": -1.595237801480418, "log10_colsample_bytree": -0.2430660328608364, "log10_eta": -3.0354013158673587, "log10_lambda": -3.6520156668556614, "log10_min_child_weight": 1.6972742119804844, "log10_subsample": -0.862832720655526, "max_depth": 7.0, "num_boost_round": 18.0}, "datetime": {"datetime": "2024-01-19 01:25:43", "elapsed": 4450.718503, "delta": 0.004502}}
{"target": -13.757998071139529, "params": {"gamma": 714.544086942611, "log10_alpha": -1.595237801480418, "log10_colsample_bytree": -0.2430660328608364, "log10_eta": -3.0354013158673587, "log10_lambda": -3.6520156668556614, "log10_min_child_weight": 1.6972742119804844, "log10_subsample": -0.862832720655526, "max_depth": 7.0, "num_boost_round": 19.0}, "datetime": {"datetime": "2024-01-19 01:25:43", "elapsed": 4450.722835, "delta": 0.004332}}
{"target": -13.757972302867369, "params": {"gamma": 714.544086942611, "log10_alpha": -1.595237801480418, "log10_colsample_bytree": -0.2430660328608364, "log10_eta": -3.0354013158673587, "log10_lambda": -3.6520156668556614, "log10_min_child_weight": 1.6972742119804844, "log10_subsample": -0.862832720655526, "max_depth": 7.0, "num_boost_round": 20.0}, "datetime": {"datetime": "2024-01-19 01:25:43", "elapsed": 4450.727135, "delta": 0.0043}}
{"target": -13.75793580552243, "params": {"gamma": 714.544086942611, "log10_alpha": -1.595237801480418, "log10_colsample_bytree": -0.2430660328608364, "log10_eta": -3.0354013158673587, "log10_lambda": -3.6520156668556614, "log10_min_child_weight": 1.6972742119804844, "log10_subsample": -0.862832720655526, "max_depth": 7.0, "num_boost_round": 21.0}, "datetime": {"datetime": "2024-01-19 01:25:43", "elapsed": 4450.731545, "delta": 0.00441}}
{"target": -13.75792606467224, "params": {"gamma": 714.544086942611, "log10_alpha": -1.595237801480418, "log10_colsample_bytree": -0.2430660328608364, "log10_eta": -3.0354013158673587, "log10_lambda": -3.6520156668556614, "log10_min_child_weight": 1.6972742119804844, "log10_subsample": -0.862832720655526, "max_depth": 7.0, "num_boost_round": 22.0}, "datetime": {"datetime": "2024-01-19 01:25:43", "elapsed": 4450.735811, "delta": 0.004266}}
{"target": -13.757899391774172, "params": {"gamma": 714.544086942611, "log10_alpha": -1.595237801480418, "log10_colsample_bytree": -0.2430660328608364, "log10_eta": -3.0354013158673587, "log10_lambda": -3.6520156668556614, "log10_min_child_weight": 1.6972742119804844, "log10_subsample": -0.862832720655526, "max_depth": 7.0, "num_boost_round": 23.0}, "datetime": {"datetime": "2024-01-19 01:25:43", "elapsed": 4450.740528, "delta": 0.004717}}
{"target": -13.757859016919918, "params": {"gamma": 714.544086942611, "log10_alpha": -1.595237801480418, "log10_colsample_bytree": -0.2430660328608364, "log10_eta": -3.0354013158673587, "log10_lambda": -3.6520156668556614, "log10_min_child_weight": 1.6972742119804844, "log10_subsample": -0.862832720655526, "max_depth": 7.0, "num_boost_round": 24.0}, "datetime": {"datetime": "2024-01-19 01:25:43", "elapsed": 4450.745686, "delta": 0.005158}}
{"target": -13.757789874535337, "params": {"gamma": 714.544086942611, "log10_alpha": -1.595237801480418, "log10_colsample_bytree": -0.2430660328608364, "log10_eta": -3.0354013158673587, "log10_lambda": -3.6520156668556614, "log10_min_child_weight": 1.6972742119804844, "log10_subsample": -0.862832720655526, "max_depth": 7.0, "num_boost_round": 25.0}, "datetime": {"datetime": "2024-01-19 01:25:43", "elapsed": 4450.751012, "delta": 0.005326}}
{"target": -13.75778426846305, "params": {"gamma": 714.544086942611, "log10_alpha": -1.595237801480418, "log10_colsample_bytree": -0.2430660328608364, "log10_eta": -3.0354013158673587, "log10_lambda": -3.6520156668556614, "log10_min_child_weight": 1.6972742119804844, "log10_subsample": -0.862832720655526, "max_depth": 7.0, "num_boost_round": 26.0}, "datetime": {"datetime": "2024-01-19 01:25:43", "elapsed": 4450.75594, "delta": 0.004928}}
{"target": -13.757763902738507, "params": {"gamma": 714.544086942611, "log10_alpha": -1.595237801480418, "log10_colsample_bytree": -0.2430660328608364, "log10_eta": -3.0354013158673587, "log10_lambda": -3.6520156668556614, "log10_min_child_weight": 1.6972742119804844, "log10_subsample": -0.862832720655526, "max_depth": 7.0, "num_boost_round": 27.0}, "datetime": {"datetime": "2024-01-19 01:25:43", "elapsed": 4450.760514, "delta": 0.004574}}
{"target": -13.757730620574092, "params": {"gamma": 714.544086942611, "log10_alpha": -1.595237801480418, "log10_colsample_bytree": -0.2430660328608364, "log10_eta": -3.0354013158673587, "log10_lambda": -3.6520156668556614, "log10_min_child_weight": 1.6972742119804844, "log10_subsample": -0.862832720655526, "max_depth": 7.0, "num_boost_round": 28.0}, "datetime": {"datetime": "2024-01-19 01:25:43", "elapsed": 4450.764976, "delta": 0.004462}}
{"target": -13.757700717179684, "params": {"gamma": 714.544086942611, "log10_alpha": -1.595237801480418, "log10_colsample_bytree": -0.2430660328608364, "log10_eta": -3.0354013158673587, "log10_lambda": -3.6520156668556614, "log10_min_child_weight": 1.6972742119804844, "log10_subsample": -0.862832720655526, "max_depth": 7.0, "num_boost_round": 29.0}, "datetime": {"datetime": "2024-01-19 01:25:43", "elapsed": 4450.769481, "delta": 0.004505}}
