{"target": -13.757602082060982, "params": {"gamma": 584.5479771105557, "log10_alpha": -0.30825516957780863, "log10_colsample_bytree": -0.5834403063344775, "log10_eta": -2.4518290303487618, "log10_lambda": -4.3205507194969295, "log10_min_child_weight": 2.3845347573603966, "log10_subsample": -0.05867473938332057, "max_depth": 7.0, "num_boost_round": 8.0}, "datetime": {"datetime": "2024-01-19 00:35:11", "elapsed": 1364.210986, "delta": 0.00199}}
{"target": -13.75741624851516, "params": {"gamma": 584.5479771105557, "log10_alpha": -0.30825516957780863, "log10_colsample_bytree": -0.5834403063344775, "log10_eta": -2.4518290303487618, "log10_lambda": -4.3205507194969295, "log10_min_child_weight": 2.3845347573603966, "log10_subsample": -0.05867473938332057, "max_depth": 7.0, "num_boost_round": 9.0}, "datetime": {"datetime": "2024-01-19 00:35:11", "elapsed": 1364.213132, "delta": 0.002146}}
{"target": -13.757293741034553, "params": {"gamma": 584.5479771105557, "log10_alpha": -0.30825516957780863, "log10_colsample_bytree": -0.5834403063344775, "log10_eta": -2.4518290303487618, "log10_lambda": -4.3205507194969295, "log10_min_child_weight": 2.3845347573603966, "log10_subsample": -0.05867473938332057, "max_depth": 7.0, "num_boost_round": 10.0}, "datetime": {"datetime": "2024-01-19 00:35:11", "elapsed": 1364.215106, "delta": 0.001974}}
{"target": -13.758538298172406, "params": {"gamma": 580.1737333762915, "log10_alpha": -4.923867524727031, "log10_colsample_bytree": -0.8160568134677469, "log10_eta": -3.685095834115574, "log10_lambda": -3.8891827790492437, "log10_min_child_weight": 4.762034346291938, "log10_subsample": -0.6774366501740631, "max_depth": 5.0, "num_boost_round": 0.0}, "datetime": {"datetime": "2024-01-19 00:35:41", "elapsed": 1394.528093, "delta": 30.312987}}
{"target": -13.758537159224385, "params": {"gamma": 580.1737333762915, "log10_alpha": -4.923867524727031, "log10_colsample_bytree": -0.8160568134677469, "log10_eta": -3.685095834115574, "log10_lambda": -3.8891827790492437, "log10_min_child_weight": 4.762034346291938, "log10_subsample": -0.6774366501740631, "max_depth": 5.0, "num_boost_round": 1.0}, "datetime": {"datetime": "2024-01-19 00:35:41", "elapsed": 1394.530459, "delta": 0.002366}}
{"target": -13.758536874510435, "params": {"gamma": 580.1737333762915, "log10_alpha": -4.923867524727031, "log10_colsample_bytree": -0.8160568134677469, "log10_eta": -3.685095834115574, "log10_lambda": -3.8891827790492437, "log10_min_child_weight": 4.762034346291938, "log10_subsample": -0.6774366501740631, "max_depth": 5.0, "num_boost_round": 2.0}, "datetime": {"datetime": "2024-01-19 00:35:41", "elapsed": 1394.532745, "delta": 0.002286}}
{"target": -13.758536683326014, "params": {"gamma": 580.1737333762915, "log10_alpha": -4.923867524727031, "log10_colsample_bytree": -0.8160568134677469, "log10_eta": -3.685095834115574, "log10_lambda": -3.8891827790492437, "log10_min_child_weight": 4.762034346291938, "log10_subsample": -0.6774366501740631, "max_depth": 5.0, "num_boost_round": 3.0}, "datetime": {"datetime": "2024-01-19 00:35:41", "elapsed": 1394.535096, "delta": 0.002351}}
{"target": -13.758535847649734, "params": {"gamma": 580.1737333762915, "log10_alpha": -4.923867524727031, "log10_colsample_bytree": -0.8160568134677469, "log10_eta": -3.685095834115574, "log10_lambda": -3.8891827790492437, "log10_min_child_weight": 4.762034346291938, "log10_subsample": -0.6774366501740631, "max_depth": 5.0, "num_boost_round": 4.0}, "datetime": {"datetime": "2024-01-19 00:35:41", "elapsed": 1394.537149, "delta": 0.002053}}
{"target": -13.758535444758685, "params": {"gamma": 580.1737333762915, "log10_alpha": -4.923867524727031, "log10_colsample_bytree": -0.8160568134677469, "log10_eta": -3.685095834115574, "log10_lambda": -3.8891827790492437, "log10_min_child_weight": 4.762034346291938, "log10_subsample": -0.6774366501740631, "max_depth": 5.0, "num_boost_round": 5.0}, "datetime": {"datetime": "2024-01-19 00:35:41", "elapsed": 1394.539155, "delta": 0.002006}}
{"target": -13.758535890533254, "params": {"gamma": 580.1737333762915, "log10_alpha": -4.923867524727031, "log10_colsample_bytree": -0.8160568134677469, "log10_eta": -3.685095834115574, "log10_lambda": -3.8891827790492437, "log10_min_child_weight": 4.762034346291938, "log10_subsample": -0.6774366501740631, "max_depth": 5.0, "num_boost_round": 6.0}, "datetime": {"datetime": "2024-01-19 00:35:41", "elapsed": 1394.541157, "delta": 0.002002}}
{"target": -13.758534259556306, "params": {"gamma": 580.1737333762915, "log10_alpha": -4.923867524727031, "log10_colsample_bytree": -0.8160568134677469, "log10_eta": -3.685095834115574, "log10_lambda": -3.8891827790492437, "log10_min_child_weight": 4.762034346291938, "log10_subsample": -0.6774366501740631, "max_depth": 5.0, "num_boost_round": 7.0}, "datetime": {"datetime": "2024-01-19 00:35:41", "elapsed": 1394.543176, "delta": 0.002019}}
{"target": -13.758533469631749, "params": {"gamma": 580.1737333762915, "log10_alpha": -4.923867524727031, "log10_colsample_bytree": -0.8160568134677469, "log10_eta": -3.685095834115574, "log10_lambda": -3.8891827790492437, "log10_min_child_weight": 4.762034346291938, "log10_subsample": -0.6774366501740631, "max_depth": 5.0, "num_boost_round": 8.0}, "datetime": {"datetime": "2024-01-19 00:35:41", "elapsed": 1394.545188, "delta": 0.002012}}
{"target": -13.75853353705045, "params": {"gamma": 580.1737333762915, "log10_alpha": -4.923867524727031, "log10_colsample_bytree": -0.8160568134677469, "log10_eta": -3.685095834115574, "log10_lambda": -3.8891827790492437, "log10_min_child_weight": 4.762034346291938, "log10_subsample": -0.6774366501740631, "max_depth": 5.0, "num_boost_round": 9.0}, "datetime": {"datetime": "2024-01-19 00:35:41", "elapsed": 1394.547209, "delta": 0.002021}}
{"target": -13.758532314713424, "params": {"gamma": 580.1737333762915, "log10_alpha": -4.923867524727031, "log10_colsample_bytree": -0.8160568134677469, "log10_eta": -3.685095834115574, "log10_lambda": -3.8891827790492437, "log10_min_child_weight": 4.762034346291938, "log10_subsample": -0.6774366501740631, "max_depth": 5.0, "num_boost_round": 10.0}, "datetime": {"datetime": "2024-01-19 00:35:41", "elapsed": 1394.549217, "delta": 0.002008}}
{"target": -13.758531955647296, "params": {"gamma": 580.1737333762915, "log10_alpha": -4.923867524727031, "log10_colsample_bytree": -0.8160568134677469, "log10_eta": -3.685095834115574, "log10_lambda": -3.8891827790492437, "log10_min_child_weight": 4.762034346291938, "log10_subsample": -0.6774366501740631, "max_depth": 5.0, "num_boost_round": 11.0}, "datetime": {"datetime": "2024-01-19 00:35:41", "elapsed": 1394.551233, "delta": 0.002016}}
{"target": -13.758532258786117, "params": {"gamma": 580.1737333762915, "log10_alpha": -4.923867524727031, "log10_colsample_bytree": -0.8160568134677469, "log10_eta": -3.685095834115574, "log10_lambda": -3.8891827790492437, "log10_min_child_weight": 4.762034346291938, "log10_subsample": -0.6774366501740631, "max_depth": 5.0, "num_boost_round": 12.0}, "datetime": {"datetime": "2024-01-19 00:35:41", "elapsed": 1394.553415, "delta": 0.002182}}
{"target": -13.758532362300379, "params": {"gamma": 580.1737333762915, "log10_alpha": -4.923867524727031, "log10_colsample_bytree": -0.8160568134677469, "log10_eta": -3.685095834115574, "log10_lambda": -3.8891827790492437, "log10_min_child_weight": 4.762034346291938, "log10_subsample": -0.6774366501740631, "max_depth": 5.0, "num_boost_round": 13.0}, "datetime": {"datetime": "2024-01-19 00:35:41", "elapsed": 1394.555477, "delta": 0.002062}}
{"target": -13.75853146848485, "params": {"gamma": 580.1737333762915, "log10_alpha": -4.923867524727031, "log10_colsample_bytree": -0.8160568134677469, "log10_eta": -3.685095834115574, "log10_lambda": -3.8891827790492437, "log10_min_child_weight": 4.762034346291938, "log10_subsample": -0.6774366501740631, "max_depth": 5.0, "num_boost_round": 14.0}, "datetime": {"datetime": "2024-01-19 00:35:41", "elapsed": 1394.557525, "delta": 0.002048}}
{"target": -13.758529633815327, "params": {"gamma": 580.1737333762915, "log10_alpha": -4.923867524727031, "log10_colsample_bytree": -0.8160568134677469, "log10_eta": -3.685095834115574, "log10_lambda": -3.8891827790492437, "log10_min_child_weight": 4.762034346291938, "log10_subsample": -0.6774366501740631, "max_depth": 5.0, "num_boost_round": 15.0}, "datetime": {"datetime": "2024-01-19 00:35:41", "elapsed": 1394.559616, "delta": 0.002091}}
{"target": -13.758528562760995, "params": {"gamma": 580.1737333762915, "log10_alpha": -4.923867524727031, "log10_colsample_bytree": -0.8160568134677469, "log10_eta": -3.685095834115574, "log10_lambda": -3.8891827790492437, "log10_min_child_weight": 4.762034346291938, "log10_subsample": -0.6774366501740631, "max_depth": 5.0, "num_boost_round": 16.0}, "datetime": {"datetime": "2024-01-19 00:35:41", "elapsed": 1394.561692, "delta": 0.002076}}
{"target": -13.758527364681344, "params": {"gamma": 549.7681034196559, "log10_alpha": -0.3341548746217642, "log10_colsample_bytree": -0.4092763324970211, "log10_eta": -3.769122577854158, "log10_lambda": -3.17949764824638, "log10_min_child_weight": 0.6765067944525449, "log10_subsample": -0.5736167787300123, "max_depth": 9.0, "num_boost_round": 0.0}, "datetime": {"datetime": "2024-01-19 00:36:21", "elapsed": 1433.947156, "delta": 39.385464}}
{"target": -13.758521429463896, "params": {"gamma": 549.7681034196559, "log10_alpha": -0.3341548746217642, "log10_colsample_bytree": -0.4092763324970211, "log10_eta": -3.769122577854158, "log10_lambda": -3.17949764824638, "log10_min_child_weight": 0.6765067944525449, "log10_subsample": -0.5736167787300123, "max_depth": 9.0, "num_boost_round": 1.0}, "datetime": {"datetime": "2024-01-19 00:36:21", "elapsed": 1433.95001, "delta": 0.002854}}
{"target": -13.75851503689959, "params": {"gamma": 549.7681034196559, "log10_alpha": -0.3341548746217642, "log10_colsample_bytree": -0.4092763324970211, "log10_eta": -3.769122577854158, "log10_lambda": -3.17949764824638, "log10_min_child_weight": 0.6765067944525449, "log10_subsample": -0.5736167787300123, "max_depth": 9.0, "num_boost_round": 2.0}, "datetime": {"datetime": "2024-01-19 00:36:21", "elapsed": 1433.952651, "delta": 0.002641}}
{"target": -13.758507897753706, "params": {"gamma": 549.7681034196559, "log10_alpha": -0.3341548746217642, "log10_colsample_bytree": -0.4092763324970211, "log10_eta": -3.769122577854158, "log10_lambda": -3.17949764824638, "log10_min_child_weight": 0.6765067944525449, "log10_subsample": -0.5736167787300123, "max_depth": 9.0, "num_boost_round": 3.0}, "datetime": {"datetime": "2024-01-19 00:36:21", "elapsed": 1433.954737, "delta": 0.002086}}
{"target": -13.758497923541066, "params": {"gamma": 549.7681034196559, "log10_alpha": -0.3341548746217642, "log10_colsample_bytree": -0.4092763324970211, "log10_eta": -3.769122577854158, "log10_lambda": -3.17949764824638, "log10_min_child_weight": 0.6765067944525449, "log10_subsample": -0.5736167787300123, "max_depth": 9.0, "num_boost_round": 4.0}, "datetime": {"datetime": "2024-01-19 00:36:21", "elapsed": 1433.956829, "delta": 0.002092}}
{"target": -13.758495683526368, "params": {"gamma": 549.7681034196559, "log10_alpha": -0.3341548746217642, "log10_colsample_bytree": -0.4092763324970211, "log10_eta": -3.769122577854158, "log10_lambda": -3.17949764824638, "log10_min_child_weight": 0.6765067944525449, "log10_subsample": -0.5736167787300123, "max_depth": 9.0, "num_boost_round": 5.0}, "datetime": {"datetime": "2024-01-19 00:36:21", "elapsed": 1433.958927, "delta": 0.002098}}
{"target": -13.758490895468507, "params": {"gamma": 549.7681034196559, "log10_alpha": -0.3341548746217642, "log10_colsample_bytree": -0.4092763324970211, "log10_eta": -3.769122577854158, "log10_lambda": -3.17949764824638, "log10_min_child_weight": 0.6765067944525449, "log10_subsample": -0.5736167787300123, "max_depth": 9.0, "num_boost_round": 6.0}, "datetime": {"datetime": "2024-01-19 00:36:21", "elapsed": 1434.057017, "delta": 0.09809}}
{"target": -13.758482598106943, "params": {"gamma": 549.7681034196559, "log10_alpha": -0.3341548746217642, "log10_colsample_bytree": -0.4092763324970211, "log10_eta": -3.769122577854158, "log10_lambda": -3.17949764824638, "log10_min_child_weight": 0.6765067944525449, "log10_subsample": -0.5736167787300123, "max_depth": 9.0, "num_boost_round": 7.0}, "datetime": {"datetime": "2024-01-19 00:36:21", "elapsed": 1434.059467, "delta": 0.00245}}
{"target": -13.758476641561927, "params": {"gamma": 549.7681034196559, "log10_alpha": -0.3341548746217642, "log10_colsample_bytree": -0.4092763324970211, "log10_eta": -3.769122577854158, "log10_lambda": -3.17949764824638, "log10_min_child_weight": 0.6765067944525449, "log10_subsample": -0.5736167787300123, "max_depth": 9.0, "num_boost_round": 8.0}, "datetime": {"datetime": "2024-01-19 00:36:21", "elapsed": 1434.061778, "delta": 0.002311}}
{"target": -13.758465131020312, "params": {"gamma": 549.7681034196559, "log10_alpha": -0.3341548746217642, "log10_colsample_bytree": -0.4092763324970211, "log10_eta": -3.769122577854158, "log10_lambda": -3.17949764824638, "log10_min_child_weight": 0.6765067944525449, "log10_subsample": -0.5736167787300123, "max_depth": 9.0, "num_boost_round": 9.0}, "datetime": {"datetime": "2024-01-19 00:36:21", "elapsed": 1434.064164, "delta": 0.002386}}
{"target": -13.758457893847925, "params": {"gamma": 549.7681034196559, "log10_alpha": -0.3341548746217642, "log10_colsample_bytree": -0.4092763324970211, "log10_eta": -3.769122577854158, "log10_lambda": -3.17949764824638, "log10_min_child_weight": 0.6765067944525449, "log10_subsample": -0.5736167787300123, "max_depth": 9.0, "num_boost_round": 10.0}, "datetime": {"datetime": "2024-01-19 00:36:21", "elapsed": 1434.066461, "delta": 0.002297}}
{"target": -13.758458527817973, "params": {"gamma": 549.7681034196559, "log10_alpha": -0.3341548746217642, "log10_colsample_bytree": -0.4092763324970211, "log10_eta": -3.769122577854158, "log10_lambda": -3.17949764824638, "log10_min_child_weight": 0.6765067944525449, "log10_subsample": -0.5736167787300123, "max_depth": 9.0, "num_boost_round": 11.0}, "datetime": {"datetime": "2024-01-19 00:36:21", "elapsed": 1434.06864, "delta": 0.002179}}
{"target": -13.758468340406491, "params": {"gamma": 549.7681034196559, "log10_alpha": -0.3341548746217642, "log10_colsample_bytree": -0.4092763324970211, "log10_eta": -3.769122577854158, "log10_lambda": -3.17949764824638, "log10_min_child_weight": 0.6765067944525449, "log10_subsample": -0.5736167787300123, "max_depth": 9.0, "num_boost_round": 12.0}, "datetime": {"datetime": "2024-01-19 00:36:21", "elapsed": 1434.07079, "delta": 0.00215}}
{"target": -13.758455598358871, "params": {"gamma": 549.7681034196559, "log10_alpha": -0.3341548746217642, "log10_colsample_bytree": -0.4092763324970211, "log10_eta": -3.769122577854158, "log10_lambda": -3.17949764824638, "log10_min_child_weight": 0.6765067944525449, "log10_subsample": -0.5736167787300123, "max_depth": 9.0, "num_boost_round": 13.0}, "datetime": {"datetime": "2024-01-19 00:36:21", "elapsed": 1434.07296, "delta": 0.00217}}
{"target": -13.758455733431044, "params": {"gamma": 549.7681034196559, "log10_alpha": -0.3341548746217642, "log10_colsample_bytree": -0.4092763324970211, "log10_eta": -3.769122577854158, "log10_lambda": -3.17949764824638, "log10_min_child_weight": 0.6765067944525449, "log10_subsample": -0.5736167787300123, "max_depth": 9.0, "num_boost_round": 14.0}, "datetime": {"datetime": "2024-01-19 00:36:21", "elapsed": 1434.075131, "delta": 0.002171}}
{"target": -13.758441078495922, "params": {"gamma": 549.7681034196559, "log10_alpha": -0.3341548746217642, "log10_colsample_bytree": -0.4092763324970211, "log10_eta": -3.769122577854158, "log10_lambda": -3.17949764824638, "log10_min_child_weight": 0.6765067944525449, "log10_subsample": -0.5736167787300123, "max_depth": 9.0, "num_boost_round": 15.0}, "datetime": {"datetime": "2024-01-19 00:36:21", "elapsed": 1434.077308, "delta": 0.002177}}
{"target": -13.758447105609958, "params": {"gamma": 549.7681034196559, "log10_alpha": -0.3341548746217642, "log10_colsample_bytree": -0.4092763324970211, "log10_eta": -3.769122577854158, "log10_lambda": -3.17949764824638, "log10_min_child_weight": 0.6765067944525449, "log10_subsample": -0.5736167787300123, "max_depth": 9.0, "num_boost_round": 16.0}, "datetime": {"datetime": "2024-01-19 00:36:21", "elapsed": 1434.079522, "delta": 0.002214}}
{"target": -13.758440944493849, "params": {"gamma": 549.7681034196559, "log10_alpha": -0.3341548746217642, "log10_colsample_bytree": -0.4092763324970211, "log10_eta": -3.769122577854158, "log10_lambda": -3.17949764824638, "log10_min_child_weight": 0.6765067944525449, "log10_subsample": -0.5736167787300123, "max_depth": 9.0, "num_boost_round": 17.0}, "datetime": {"datetime": "2024-01-19 00:36:21", "elapsed": 1434.081817, "delta": 0.002295}}
{"target": -13.75844316543689, "params": {"gamma": 549.7681034196559, "log10_alpha": -0.3341548746217642, "log10_colsample_bytree": -0.4092763324970211, "log10_eta": -3.769122577854158, "log10_lambda": -3.17949764824638, "log10_min_child_weight": 0.6765067944525449, "log10_subsample": -0.5736167787300123, "max_depth": 9.0, "num_boost_round": 18.0}, "datetime": {"datetime": "2024-01-19 00:36:21", "elapsed": 1434.085074, "delta": 0.003257}}
{"target": -13.758437924732767, "params": {"gamma": 549.7681034196559, "log10_alpha": -0.3341548746217642, "log10_colsample_bytree": -0.4092763324970211, "log10_eta": -3.769122577854158, "log10_lambda": -3.17949764824638, "log10_min_child_weight": 0.6765067944525449, "log10_subsample": -0.5736167787300123, "max_depth": 9.0, "num_boost_round": 19.0}, "datetime": {"datetime": "2024-01-19 00:36:21", "elapsed": 1434.087267, "delta": 0.002193}}
{"target": -13.758425983348669, "params": {"gamma": 549.7681034196559, "log10_alpha": -0.3341548746217642, "log10_colsample_bytree": -0.4092763324970211, "log10_eta": -3.769122577854158, "log10_lambda": -3.17949764824638, "log10_min_child_weight": 0.6765067944525449, "log10_subsample": -0.5736167787300123, "max_depth": 9.0, "num_boost_round": 20.0}, "datetime": {"datetime": "2024-01-19 00:36:21", "elapsed": 1434.089481, "delta": 0.002214}}
{"target": -13.758434420142338, "params": {"gamma": 549.7681034196559, "log10_alpha": -0.3341548746217642, "log10_colsample_bytree": -0.4092763324970211, "log10_eta": -3.769122577854158, "log10_lambda": -3.17949764824638, "log10_min_child_weight": 0.6765067944525449, "log10_subsample": -0.5736167787300123, "max_depth": 9.0, "num_boost_round": 21.0}, "datetime": {"datetime": "2024-01-19 00:36:21", "elapsed": 1434.091669, "delta": 0.002188}}
{"target": -13.758424749925698, "params": {"gamma": 549.7681034196559, "log10_alpha": -0.3341548746217642, "log10_colsample_bytree": -0.4092763324970211, "log10_eta": -3.769122577854158, "log10_lambda": -3.17949764824638, "log10_min_child_weight": 0.6765067944525449, "log10_subsample": -0.5736167787300123, "max_depth": 9.0, "num_boost_round": 22.0}, "datetime": {"datetime": "2024-01-19 00:36:21", "elapsed": 1434.09385, "delta": 0.002181}}
{"target": -13.758421245748654, "params": {"gamma": 549.7681034196559, "log10_alpha": -0.3341548746217642, "log10_colsample_bytree": -0.4092763324970211, "log10_eta": -3.769122577854158, "log10_lambda": -3.17949764824638, "log10_min_child_weight": 0.6765067944525449, "log10_subsample": -0.5736167787300123, "max_depth": 9.0, "num_boost_round": 23.0}, "datetime": {"datetime": "2024-01-19 00:36:21", "elapsed": 1434.096749, "delta": 0.002899}}
{"target": -13.758423449548086, "params": {"gamma": 549.7681034196559, "log10_alpha": -0.3341548746217642, "log10_colsample_bytree": -0.4092763324970211, "log10_eta": -3.769122577854158, "log10_lambda": -3.17949764824638, "log10_min_child_weight": 0.6765067944525449, "log10_subsample": -0.5736167787300123, "max_depth": 9.0, "num_boost_round": 24.0}, "datetime": {"datetime": "2024-01-19 00:36:21", "elapsed": 1434.099018, "delta": 0.002269}}
{"target": -13.758420555221225, "params": {"gamma": 549.7681034196559, "log10_alpha": -0.3341548746217642, "log10_colsample_bytree": -0.4092763324970211, "log10_eta": -3.769122577854158, "log10_lambda": -3.17949764824638, "log10_min_child_weight": 0.6765067944525449, "log10_subsample": -0.5736167787300123, "max_depth": 9.0, "num_boost_round": 25.0}, "datetime": {"datetime": "2024-01-19 00:36:21", "elapsed": 1434.101268, "delta": 0.00225}}
{"target": -13.758406542536642, "params": {"gamma": 549.7681034196559, "log10_alpha": -0.3341548746217642, "log10_colsample_bytree": -0.4092763324970211, "log10_eta": -3.769122577854158, "log10_lambda": -3.17949764824638, "log10_min_child_weight": 0.6765067944525449, "log10_subsample": -0.5736167787300123, "max_depth": 9.0, "num_boost_round": 26.0}, "datetime": {"datetime": "2024-01-19 00:36:21", "elapsed": 1434.103535, "delta": 0.002267}}
{"target": -13.75840340231264, "params": {"gamma": 549.7681034196559, "log10_alpha": -0.3341548746217642, "log10_colsample_bytree": -0.4092763324970211, "log10_eta": -3.769122577854158, "log10_lambda": -3.17949764824638, "log10_min_child_weight": 0.6765067944525449, "log10_subsample": -0.5736167787300123, "max_depth": 9.0, "num_boost_round": 27.0}, "datetime": {"datetime": "2024-01-19 00:36:21", "elapsed": 1434.105711, "delta": 0.002176}}
{"target": -13.758401321349842, "params": {"gamma": 549.7681034196559, "log10_alpha": -0.3341548746217642, "log10_colsample_bytree": -0.4092763324970211, "log10_eta": -3.769122577854158, "log10_lambda": -3.17949764824638, "log10_min_child_weight": 0.6765067944525449, "log10_subsample": -0.5736167787300123, "max_depth": 9.0, "num_boost_round": 28.0}, "datetime": {"datetime": "2024-01-19 00:36:21", "elapsed": 1434.107874, "delta": 0.002163}}
