{"target": -13.758496590221636, "params": {"gamma": 979.4503344105059, "log10_alpha": -4.140068263650486, "log10_colsample_bytree": -0.8875351705992138, "log10_eta": -3.112462499129467, "log10_lambda": -4.598955473798075, "log10_min_child_weight": 4.1922957996928325, "log10_subsample": -0.5030689148945213, "max_depth": 6.0, "num_boost_round": 16.0}, "datetime": {"datetime": "2024-01-19 00:27:53", "elapsed": 974.81172, "delta": 0.001521}}
{"target": -13.75849291116846, "params": {"gamma": 979.4503344105059, "log10_alpha": -4.140068263650486, "log10_colsample_bytree": -0.8875351705992138, "log10_eta": -3.112462499129467, "log10_lambda": -4.598955473798075, "log10_min_child_weight": 4.1922957996928325, "log10_subsample": -0.5030689148945213, "max_depth": 6.0, "num_boost_round": 17.0}, "datetime": {"datetime": "2024-01-19 00:27:53", "elapsed": 974.813234, "delta": 0.001514}}
{"target": -13.758485326311737, "params": {"gamma": 979.4503344105059, "log10_alpha": -4.140068263650486, "log10_colsample_bytree": -0.8875351705992138, "log10_eta": -3.112462499129467, "log10_lambda": -4.598955473798075, "log10_min_child_weight": 4.1922957996928325, "log10_subsample": -0.5030689148945213, "max_depth": 6.0, "num_boost_round": 18.0}, "datetime": {"datetime": "2024-01-19 00:27:53", "elapsed": 974.814737, "delta": 0.001503}}
{"target": -13.758482233889291, "params": {"gamma": 979.4503344105059, "log10_alpha": -4.140068263650486, "log10_colsample_bytree": -0.8875351705992138, "log10_eta": -3.112462499129467, "log10_lambda": -4.598955473798075, "log10_min_child_weight": 4.1922957996928325, "log10_subsample": -0.5030689148945213, "max_depth": 6.0, "num_boost_round": 19.0}, "datetime": {"datetime": "2024-01-19 00:27:53", "elapsed": 974.816246, "delta": 0.001509}}
{"target": -13.758483873123327, "params": {"gamma": 979.4503344105059, "log10_alpha": -4.140068263650486, "log10_colsample_bytree": -0.8875351705992138, "log10_eta": -3.112462499129467, "log10_lambda": -4.598955473798075, "log10_min_child_weight": 4.1922957996928325, "log10_subsample": -0.5030689148945213, "max_depth": 6.0, "num_boost_round": 20.0}, "datetime": {"datetime": "2024-01-19 00:27:53", "elapsed": 974.817821, "delta": 0.001575}}
{"target": -13.75848000427226, "params": {"gamma": 979.4503344105059, "log10_alpha": -4.140068263650486, "log10_colsample_bytree": -0.8875351705992138, "log10_eta": -3.112462499129467, "log10_lambda": -4.598955473798075, "log10_min_child_weight": 4.1922957996928325, "log10_subsample": -0.5030689148945213, "max_depth": 6.0, "num_boost_round": 21.0}, "datetime": {"datetime": "2024-01-19 00:27:53", "elapsed": 974.819391, "delta": 0.00157}}
{"target": -13.758485217248145, "params": {"gamma": 979.4503344105059, "log10_alpha": -4.140068263650486, "log10_colsample_bytree": -0.8875351705992138, "log10_eta": -3.112462499129467, "log10_lambda": -4.598955473798075, "log10_min_child_weight": 4.1922957996928325, "log10_subsample": -0.5030689148945213, "max_depth": 6.0, "num_boost_round": 22.0}, "datetime": {"datetime": "2024-01-19 00:27:53", "elapsed": 974.820951, "delta": 0.00156}}
{"target": -13.758482130897772, "params": {"gamma": 979.4503344105059, "log10_alpha": -4.140068263650486, "log10_colsample_bytree": -0.8875351705992138, "log10_eta": -3.112462499129467, "log10_lambda": -4.598955473798075, "log10_min_child_weight": 4.1922957996928325, "log10_subsample": -0.5030689148945213, "max_depth": 6.0, "num_boost_round": 23.0}, "datetime": {"datetime": "2024-01-19 00:27:53", "elapsed": 974.822504, "delta": 0.001553}}
{"target": -13.758477531180455, "params": {"gamma": 979.4503344105059, "log10_alpha": -4.140068263650486, "log10_colsample_bytree": -0.8875351705992138, "log10_eta": -3.112462499129467, "log10_lambda": -4.598955473798075, "log10_min_child_weight": 4.1922957996928325, "log10_subsample": -0.5030689148945213, "max_depth": 6.0, "num_boost_round": 24.0}, "datetime": {"datetime": "2024-01-19 00:27:53", "elapsed": 974.824061, "delta": 0.001557}}
{"target": -13.75847832846865, "params": {"gamma": 979.4503344105059, "log10_alpha": -4.140068263650486, "log10_colsample_bytree": -0.8875351705992138, "log10_eta": -3.112462499129467, "log10_lambda": -4.598955473798075, "log10_min_child_weight": 4.1922957996928325, "log10_subsample": -0.5030689148945213, "max_depth": 6.0, "num_boost_round": 25.0}, "datetime": {"datetime": "2024-01-19 00:27:53", "elapsed": 974.825629, "delta": 0.001568}}
{"target": -13.758474078614455, "params": {"gamma": 979.4503344105059, "log10_alpha": -4.140068263650486, "log10_colsample_bytree": -0.8875351705992138, "log10_eta": -3.112462499129467, "log10_lambda": -4.598955473798075, "log10_min_child_weight": 4.1922957996928325, "log10_subsample": -0.5030689148945213, "max_depth": 6.0, "num_boost_round": 26.0}, "datetime": {"datetime": "2024-01-19 00:27:53", "elapsed": 974.82719, "delta": 0.001561}}
{"target": -13.758467926840625, "params": {"gamma": 979.4503344105059, "log10_alpha": -4.140068263650486, "log10_colsample_bytree": -0.8875351705992138, "log10_eta": -3.112462499129467, "log10_lambda": -4.598955473798075, "log10_min_child_weight": 4.1922957996928325, "log10_subsample": -0.5030689148945213, "max_depth": 6.0, "num_boost_round": 27.0}, "datetime": {"datetime": "2024-01-19 00:27:53", "elapsed": 974.828754, "delta": 0.001564}}
{"target": -13.758459877556403, "params": {"gamma": 979.4503344105059, "log10_alpha": -4.140068263650486, "log10_colsample_bytree": -0.8875351705992138, "log10_eta": -3.112462499129467, "log10_lambda": -4.598955473798075, "log10_min_child_weight": 4.1922957996928325, "log10_subsample": -0.5030689148945213, "max_depth": 6.0, "num_boost_round": 28.0}, "datetime": {"datetime": "2024-01-19 00:27:53", "elapsed": 974.83032, "delta": 0.001566}}
{"target": -13.758454406549744, "params": {"gamma": 979.4503344105059, "log10_alpha": -4.140068263650486, "log10_colsample_bytree": -0.8875351705992138, "log10_eta": -3.112462499129467, "log10_lambda": -4.598955473798075, "log10_min_child_weight": 4.1922957996928325, "log10_subsample": -0.5030689148945213, "max_depth": 6.0, "num_boost_round": 29.0}, "datetime": {"datetime": "2024-01-19 00:27:53", "elapsed": 974.831902, "delta": 0.001582}}
{"target": -13.758449227932697, "params": {"gamma": 979.4503344105059, "log10_alpha": -4.140068263650486, "log10_colsample_bytree": -0.8875351705992138, "log10_eta": -3.112462499129467, "log10_lambda": -4.598955473798075, "log10_min_child_weight": 4.1922957996928325, "log10_subsample": -0.5030689148945213, "max_depth": 6.0, "num_boost_round": 30.0}, "datetime": {"datetime": "2024-01-19 00:27:53", "elapsed": 974.833503, "delta": 0.001601}}
{"target": -13.758451093025046, "params": {"gamma": 979.4503344105059, "log10_alpha": -4.140068263650486, "log10_colsample_bytree": -0.8875351705992138, "log10_eta": -3.112462499129467, "log10_lambda": -4.598955473798075, "log10_min_child_weight": 4.1922957996928325, "log10_subsample": -0.5030689148945213, "max_depth": 6.0, "num_boost_round": 31.0}, "datetime": {"datetime": "2024-01-19 00:27:53", "elapsed": 974.835081, "delta": 0.001578}}
{"target": -13.75845341790788, "params": {"gamma": 979.4503344105059, "log10_alpha": -4.140068263650486, "log10_colsample_bytree": -0.8875351705992138, "log10_eta": -3.112462499129467, "log10_lambda": -4.598955473798075, "log10_min_child_weight": 4.1922957996928325, "log10_subsample": -0.5030689148945213, "max_depth": 6.0, "num_boost_round": 32.0}, "datetime": {"datetime": "2024-01-19 00:27:53", "elapsed": 974.836664, "delta": 0.001583}}
{"target": -13.758449648342317, "params": {"gamma": 979.4503344105059, "log10_alpha": -4.140068263650486, "log10_colsample_bytree": -0.8875351705992138, "log10_eta": -3.112462499129467, "log10_lambda": -4.598955473798075, "log10_min_child_weight": 4.1922957996928325, "log10_subsample": -0.5030689148945213, "max_depth": 6.0, "num_boost_round": 33.0}, "datetime": {"datetime": "2024-01-19 00:27:53", "elapsed": 974.838225, "delta": 0.001561}}
{"target": -13.758448890966463, "params": {"gamma": 979.4503344105059, "log10_alpha": -4.140068263650486, "log10_colsample_bytree": -0.8875351705992138, "log10_eta": -3.112462499129467, "log10_lambda": -4.598955473798075, "log10_min_child_weight": 4.1922957996928325, "log10_subsample": -0.5030689148945213, "max_depth": 6.0, "num_boost_round": 34.0}, "datetime": {"datetime": "2024-01-19 00:27:53", "elapsed": 974.839802, "delta": 0.001577}}
{"target": -13.758449717093221, "params": {"gamma": 979.4503344105059, "log10_alpha": -4.140068263650486, "log10_colsample_bytree": -0.8875351705992138, "log10_eta": -3.112462499129467, "log10_lambda": -4.598955473798075, "log10_min_child_weight": 4.1922957996928325, "log10_subsample": -0.5030689148945213, "max_depth": 6.0, "num_boost_round": 35.0}, "datetime": {"datetime": "2024-01-19 00:27:53", "elapsed": 974.841383, "delta": 0.001581}}
{"target": -13.758450811093525, "params": {"gamma": 979.4503344105059, "log10_alpha": -4.140068263650486, "log10_colsample_bytree": -0.8875351705992138, "log10_eta": -3.112462499129467, "log10_lambda": -4.598955473798075, "log10_min_child_weight": 4.1922957996928325, "log10_subsample": -0.5030689148945213, "max_depth": 6.0, "num_boost_round": 36.0}, "datetime": {"datetime": "2024-01-19 00:27:53", "elapsed": 974.84295, "delta": 0.001567}}
{"target": -13.758447647017833, "params": {"gamma": 979.4503344105059, "log10_alpha": -4.140068263650486, "log10_colsample_bytree": -0.8875351705992138, "log10_eta": -3.112462499129467, "log10_lambda": -4.598955473798075, "log10_min_child_weight": 4.1922957996928325, "log10_subsample": -0.5030689148945213, "max_depth": 6.0, "num_boost_round": 37.0}, "datetime": {"datetime": "2024-01-19 00:27:53", "elapsed": 974.844507, "delta": 0.001557}}
{"target": -13.758448282355776, "params": {"gamma": 979.4503344105059, "log10_alpha": -4.140068263650486, "log10_colsample_bytree": -0.8875351705992138, "log10_eta": -3.112462499129467, "log10_lambda": -4.598955473798075, "log10_min_child_weight": 4.1922957996928325, "log10_subsample": -0.5030689148945213, "max_depth": 6.0, "num_boost_round": 38.0}, "datetime": {"datetime": "2024-01-19 00:27:53", "elapsed": 974.846091, "delta": 0.001584}}
{"target": -13.758535016508727, "params": {"gamma": 982.6446703470425, "log10_alpha": -1.484045477157916, "log10_colsample_bytree": -0.36109912468800465, "log10_eta": -3.918829371861447, "log10_lambda": 0.9003091340892047, "log10_min_child_weight": 0.8345718158351623, "log10_subsample": -0.4008929630893643, "max_depth": 5.0, "num_boost_round": 0.0}, "datetime": {"datetime": "2024-01-19 00:28:24", "elapsed": 1005.968143, "delta": 31.122052}}
{"target": -13.758532885646545, "params": {"gamma": 982.6446703470425, "log10_alpha": -1.484045477157916, "log10_colsample_bytree": -0.36109912468800465, "log10_eta": -3.918829371861447, "log10_lambda": 0.9003091340892047, "log10_min_child_weight": 0.8345718158351623, "log10_subsample": -0.4008929630893643, "max_depth": 5.0, "num_boost_round": 1.0}, "datetime": {"datetime": "2024-01-19 00:28:24", "elapsed": 1005.970129, "delta": 0.001986}}
{"target": -13.758530251805531, "params": {"gamma": 982.6446703470425, "log10_alpha": -1.484045477157916, "log10_colsample_bytree": -0.36109912468800465, "log10_eta": -3.918829371861447, "log10_lambda": 0.9003091340892047, "log10_min_child_weight": 0.8345718158351623, "log10_subsample": -0.4008929630893643, "max_depth": 5.0, "num_boost_round": 2.0}, "datetime": {"datetime": "2024-01-19 00:28:24", "elapsed": 1005.971842, "delta": 0.001713}}
{"target": -13.758526191791404, "params": {"gamma": 982.6446703470425, "log10_alpha": -1.484045477157916, "log10_colsample_bytree": -0.36109912468800465, "log10_eta": -3.918829371861447, "log10_lambda": 0.9003091340892047, "log10_min_child_weight": 0.8345718158351623, "log10_subsample": -0.4008929630893643, "max_depth": 5.0, "num_boost_round": 3.0}, "datetime": {"datetime": "2024-01-19 00:28:24", "elapsed": 1005.973416, "delta": 0.001574}}
{"target": -13.758524670494442, "params": {"gamma": 982.6446703470425, "log10_alpha": -1.484045477157916, "log10_colsample_bytree": -0.36109912468800465, "log10_eta": -3.918829371861447, "log10_lambda": 0.9003091340892047, "log10_min_child_weight": 0.8345718158351623, "log10_subsample": -0.4008929630893643, "max_depth": 5.0, "num_boost_round": 4.0}, "datetime": {"datetime": "2024-01-19 00:28:24", "elapsed": 1005.97525, "delta": 0.001834}}
{"target": -13.758524680605044, "params": {"gamma": 982.6446703470425, "log10_alpha": -1.484045477157916, "log10_colsample_bytree": -0.36109912468800465, "log10_eta": -3.918829371861447, "log10_lambda": 0.9003091340892047, "log10_min_child_weight": 0.8345718158351623, "log10_subsample": -0.4008929630893643, "max_depth": 5.0, "num_boost_round": 5.0}, "datetime": {"datetime": "2024-01-19 00:28:24", "elapsed": 1005.976809, "delta": 0.001559}}
{"target": -13.758524415084825, "params": {"gamma": 982.6446703470425, "log10_alpha": -1.484045477157916, "log10_colsample_bytree": -0.36109912468800465, "log10_eta": -3.918829371861447, "log10_lambda": 0.9003091340892047, "log10_min_child_weight": 0.8345718158351623, "log10_subsample": -0.4008929630893643, "max_depth": 5.0, "num_boost_round": 6.0}, "datetime": {"datetime": "2024-01-19 00:28:24", "elapsed": 1005.978448, "delta": 0.001639}}
{"target": -13.758522185614982, "params": {"gamma": 982.6446703470425, "log10_alpha": -1.484045477157916, "log10_colsample_bytree": -0.36109912468800465, "log10_eta": -3.918829371861447, "log10_lambda": 0.9003091340892047, "log10_min_child_weight": 0.8345718158351623, "log10_subsample": -0.4008929630893643, "max_depth": 5.0, "num_boost_round": 7.0}, "datetime": {"datetime": "2024-01-19 00:28:24", "elapsed": 1005.979992, "delta": 0.001544}}
{"target": -13.758520282234796, "params": {"gamma": 982.6446703470425, "log10_alpha": -1.484045477157916, "log10_colsample_bytree": -0.36109912468800465, "log10_eta": -3.918829371861447, "log10_lambda": 0.9003091340892047, "log10_min_child_weight": 0.8345718158351623, "log10_subsample": -0.4008929630893643, "max_depth": 5.0, "num_boost_round": 8.0}, "datetime": {"datetime": "2024-01-19 00:28:24", "elapsed": 1005.981538, "delta": 0.001546}}
{"target": -13.758517237301684, "params": {"gamma": 982.6446703470425, "log10_alpha": -1.484045477157916, "log10_colsample_bytree": -0.36109912468800465, "log10_eta": -3.918829371861447, "log10_lambda": 0.9003091340892047, "log10_min_child_weight": 0.8345718158351623, "log10_subsample": -0.4008929630893643, "max_depth": 5.0, "num_boost_round": 9.0}, "datetime": {"datetime": "2024-01-19 00:28:24", "elapsed": 1005.98309, "delta": 0.001552}}
{"target": -13.7585170762412, "params": {"gamma": 982.6446703470425, "log10_alpha": -1.484045477157916, "log10_colsample_bytree": -0.36109912468800465, "log10_eta": -3.918829371861447, "log10_lambda": 0.9003091340892047, "log10_min_child_weight": 0.8345718158351623, "log10_subsample": -0.4008929630893643, "max_depth": 5.0, "num_boost_round": 10.0}, "datetime": {"datetime": "2024-01-19 00:28:24", "elapsed": 1005.984638, "delta": 0.001548}}
{"target": -13.758513715139443, "params": {"gamma": 982.6446703470425, "log10_alpha": -1.484045477157916, "log10_colsample_bytree": -0.36109912468800465, "log10_eta": -3.918829371861447, "log10_lambda": 0.9003091340892047, "log10_min_child_weight": 0.8345718158351623, "log10_subsample": -0.4008929630893643, "max_depth": 5.0, "num_boost_round": 11.0}, "datetime": {"datetime": "2024-01-19 00:28:24", "elapsed": 1005.98624, "delta": 0.001602}}
{"target": -13.758512324640355, "params": {"gamma": 982.6446703470425, "log10_alpha": -1.484045477157916, "log10_colsample_bytree": -0.36109912468800465, "log10_eta": -3.918829371861447, "log10_lambda": 0.9003091340892047, "log10_min_child_weight": 0.8345718158351623, "log10_subsample": -0.4008929630893643, "max_depth": 5.0, "num_boost_round": 12.0}, "datetime": {"datetime": "2024-01-19 00:28:24", "elapsed": 1005.987851, "delta": 0.001611}}
{"target": -13.758512120731302, "params": {"gamma": 982.6446703470425, "log10_alpha": -1.484045477157916, "log10_colsample_bytree": -0.36109912468800465, "log10_eta": -3.918829371861447, "log10_lambda": 0.9003091340892047, "log10_min_child_weight": 0.8345718158351623, "log10_subsample": -0.4008929630893643, "max_depth": 5.0, "num_boost_round": 13.0}, "datetime": {"datetime": "2024-01-19 00:28:24", "elapsed": 1005.989403, "delta": 0.001552}}
{"target": -13.758514748605368, "params": {"gamma": 982.6446703470425, "log10_alpha": -1.484045477157916, "log10_colsample_bytree": -0.36109912468800465, "log10_eta": -3.918829371861447, "log10_lambda": 0.9003091340892047, "log10_min_child_weight": 0.8345718158351623, "log10_subsample": -0.4008929630893643, "max_depth": 5.0, "num_boost_round": 14.0}, "datetime": {"datetime": "2024-01-19 00:28:24", "elapsed": 1005.990963, "delta": 0.00156}}
{"target": -13.758511267593427, "params": {"gamma": 982.6446703470425, "log10_alpha": -1.484045477157916, "log10_colsample_bytree": -0.36109912468800465, "log10_eta": -3.918829371861447, "log10_lambda": 0.9003091340892047, "log10_min_child_weight": 0.8345718158351623, "log10_subsample": -0.4008929630893643, "max_depth": 5.0, "num_boost_round": 15.0}, "datetime": {"datetime": "2024-01-19 00:28:24", "elapsed": 1005.99252, "delta": 0.001557}}
{"target": -13.758510972202338, "params": {"gamma": 982.6446703470425, "log10_alpha": -1.484045477157916, "log10_colsample_bytree": -0.36109912468800465, "log10_eta": -3.918829371861447, "log10_lambda": 0.9003091340892047, "log10_min_child_weight": 0.8345718158351623, "log10_subsample": -0.4008929630893643, "max_depth": 5.0, "num_boost_round": 16.0}, "datetime": {"datetime": "2024-01-19 00:28:24", "elapsed": 1005.994094, "delta": 0.001574}}
{"target": -13.75850849306683, "params": {"gamma": 982.6446703470425, "log10_alpha": -1.484045477157916, "log10_colsample_bytree": -0.36109912468800465, "log10_eta": -3.918829371861447, "log10_lambda": 0.9003091340892047, "log10_min_child_weight": 0.8345718158351623, "log10_subsample": -0.4008929630893643, "max_depth": 5.0, "num_boost_round": 17.0}, "datetime": {"datetime": "2024-01-19 00:28:24", "elapsed": 1005.995653, "delta": 0.001559}}
{"target": -13.758506497254272, "params": {"gamma": 982.6446703470425, "log10_alpha": -1.484045477157916, "log10_colsample_bytree": -0.36109912468800465, "log10_eta": -3.918829371861447, "log10_lambda": 0.9003091340892047, "log10_min_child_weight": 0.8345718158351623, "log10_subsample": -0.4008929630893643, "max_depth": 5.0, "num_boost_round": 18.0}, "datetime": {"datetime": "2024-01-19 00:28:24", "elapsed": 1005.997217, "delta": 0.001564}}
{"target": -13.758508346880795, "params": {"gamma": 982.6446703470425, "log10_alpha": -1.484045477157916, "log10_colsample_bytree": -0.36109912468800465, "log10_eta": -3.918829371861447, "log10_lambda": 0.9003091340892047, "log10_min_child_weight": 0.8345718158351623, "log10_subsample": -0.4008929630893643, "max_depth": 5.0, "num_boost_round": 19.0}, "datetime": {"datetime": "2024-01-19 00:28:24", "elapsed": 1005.998851, "delta": 0.001634}}
{"target": -13.758503489702152, "params": {"gamma": 982.6446703470425, "log10_alpha": -1.484045477157916, "log10_colsample_bytree": -0.36109912468800465, "log10_eta": -3.918829371861447, "log10_lambda": 0.9003091340892047, "log10_min_child_weight": 0.8345718158351623, "log10_subsample": -0.4008929630893643, "max_depth": 5.0, "num_boost_round": 20.0}, "datetime": {"datetime": "2024-01-19 00:28:24", "elapsed": 1006.000425, "delta": 0.001574}}
{"target": -13.758505630622102, "params": {"gamma": 982.6446703470425, "log10_alpha": -1.484045477157916, "log10_colsample_bytree": -0.36109912468800465, "log10_eta": -3.918829371861447, "log10_lambda": 0.9003091340892047, "log10_min_child_weight": 0.8345718158351623, "log10_subsample": -0.4008929630893643, "max_depth": 5.0, "num_boost_round": 21.0}, "datetime": {"datetime": "2024-01-19 00:28:24", "elapsed": 1006.001992, "delta": 0.001567}}
{"target": -13.75850741688172, "params": {"gamma": 982.6446703470425, "log10_alpha": -1.484045477157916, "log10_colsample_bytree": -0.36109912468800465, "log10_eta": -3.918829371861447, "log10_lambda": 0.9003091340892047, "log10_min_child_weight": 0.8345718158351623, "log10_subsample": -0.4008929630893643, "max_depth": 5.0, "num_boost_round": 22.0}, "datetime": {"datetime": "2024-01-19 00:28:24", "elapsed": 1006.003549, "delta": 0.001557}}
{"target": -13.758508643000866, "params": {"gamma": 982.6446703470425, "log10_alpha": -1.484045477157916, "log10_colsample_bytree": -0.36109912468800465, "log10_eta": -3.918829371861447, "log10_lambda": 0.9003091340892047, "log10_min_child_weight": 0.8345718158351623, "log10_subsample": -0.4008929630893643, "max_depth": 5.0, "num_boost_round": 23.0}, "datetime": {"datetime": "2024-01-19 00:28:24", "elapsed": 1006.005118, "delta": 0.001569}}
{"target": -13.758508983445042, "params": {"gamma": 982.6446703470425, "log10_alpha": -1.484045477157916, "log10_colsample_bytree": -0.36109912468800465, "log10_eta": -3.918829371861447, "log10_lambda": 0.9003091340892047, "log10_min_child_weight": 0.8345718158351623, "log10_subsample": -0.4008929630893643, "max_depth": 5.0, "num_boost_round": 24.0}, "datetime": {"datetime": "2024-01-19 00:28:24", "elapsed": 1006.006786, "delta": 0.001668}}
{"target": -13.75850697982863, "params": {"gamma": 982.6446703470425, "log10_alpha": -1.484045477157916, "log10_colsample_bytree": -0.36109912468800465, "log10_eta": -3.918829371861447, "log10_lambda": 0.9003091340892047, "log10_min_child_weight": 0.8345718158351623, "log10_subsample": -0.4008929630893643, "max_depth": 5.0, "num_boost_round": 25.0}, "datetime": {"datetime": "2024-01-19 00:28:24", "elapsed": 1006.008512, "delta": 0.001726}}
