{"target": -13.758535213258895, "params": {"gamma": 519.0495458923326, "log10_alpha": -4.807855373130709, "log10_colsample_bytree": -0.637352163464421, "log10_eta": -4.0, "log10_lambda": 0.9627758292234412, "log10_min_child_weight": 5.0, "log10_subsample": -0.1694747436290725, "max_depth": 4.0, "num_boost_round": 9.0}, "datetime": {"datetime": "2024-01-19 00:43:52", "elapsed": 1963.94721, "delta": 0.002391}}
{"target": -13.758534424012142, "params": {"gamma": 519.0495458923326, "log10_alpha": -4.807855373130709, "log10_colsample_bytree": -0.637352163464421, "log10_eta": -4.0, "log10_lambda": 0.9627758292234412, "log10_min_child_weight": 5.0, "log10_subsample": -0.1694747436290725, "max_depth": 4.0, "num_boost_round": 10.0}, "datetime": {"datetime": "2024-01-19 00:43:52", "elapsed": 1963.949648, "delta": 0.002438}}
{"target": -13.758534598371627, "params": {"gamma": 519.0495458923326, "log10_alpha": -4.807855373130709, "log10_colsample_bytree": -0.637352163464421, "log10_eta": -4.0, "log10_lambda": 0.9627758292234412, "log10_min_child_weight": 5.0, "log10_subsample": -0.1694747436290725, "max_depth": 4.0, "num_boost_round": 11.0}, "datetime": {"datetime": "2024-01-19 00:43:52", "elapsed": 1963.951999, "delta": 0.002351}}
{"target": -13.75853516664065, "params": {"gamma": 519.0495458923326, "log10_alpha": -4.807855373130709, "log10_colsample_bytree": -0.637352163464421, "log10_eta": -4.0, "log10_lambda": 0.9627758292234412, "log10_min_child_weight": 5.0, "log10_subsample": -0.1694747436290725, "max_depth": 4.0, "num_boost_round": 12.0}, "datetime": {"datetime": "2024-01-19 00:43:52", "elapsed": 1963.95435, "delta": 0.002351}}
{"target": -13.758535184743415, "params": {"gamma": 519.0495458923326, "log10_alpha": -4.807855373130709, "log10_colsample_bytree": -0.637352163464421, "log10_eta": -4.0, "log10_lambda": 0.9627758292234412, "log10_min_child_weight": 5.0, "log10_subsample": -0.1694747436290725, "max_depth": 4.0, "num_boost_round": 13.0}, "datetime": {"datetime": "2024-01-19 00:43:52", "elapsed": 1963.956889, "delta": 0.002539}}
{"target": -13.75853609452587, "params": {"gamma": 560.1056581957212, "log10_alpha": 0.0035768872925681094, "log10_colsample_bytree": -0.9872233582619538, "log10_eta": -3.977068959182799, "log10_lambda": 0.36774435042159936, "log10_min_child_weight": 1.3916451769264881, "log10_subsample": -0.19140708567086528, "max_depth": 4.0, "num_boost_round": 0.0}, "datetime": {"datetime": "2024-01-19 00:44:25", "elapsed": 1996.874095, "delta": 32.917206}}
{"target": -13.758533569474048, "params": {"gamma": 560.1056581957212, "log10_alpha": 0.0035768872925681094, "log10_colsample_bytree": -0.9872233582619538, "log10_eta": -3.977068959182799, "log10_lambda": 0.36774435042159936, "log10_min_child_weight": 1.3916451769264881, "log10_subsample": -0.19140708567086528, "max_depth": 4.0, "num_boost_round": 1.0}, "datetime": {"datetime": "2024-01-19 00:44:25", "elapsed": 1996.877509, "delta": 0.003414}}
{"target": -13.758532388542891, "params": {"gamma": 560.1056581957212, "log10_alpha": 0.0035768872925681094, "log10_colsample_bytree": -0.9872233582619538, "log10_eta": -3.977068959182799, "log10_lambda": 0.36774435042159936, "log10_min_child_weight": 1.3916451769264881, "log10_subsample": -0.19140708567086528, "max_depth": 4.0, "num_boost_round": 2.0}, "datetime": {"datetime": "2024-01-19 00:44:25", "elapsed": 1996.879915, "delta": 0.002406}}
{"target": -13.758531480882672, "params": {"gamma": 560.1056581957212, "log10_alpha": 0.0035768872925681094, "log10_colsample_bytree": -0.9872233582619538, "log10_eta": -3.977068959182799, "log10_lambda": 0.36774435042159936, "log10_min_child_weight": 1.3916451769264881, "log10_subsample": -0.19140708567086528, "max_depth": 4.0, "num_boost_round": 3.0}, "datetime": {"datetime": "2024-01-19 00:44:25", "elapsed": 1996.882187, "delta": 0.002272}}
{"target": -13.758529284328949, "params": {"gamma": 560.1056581957212, "log10_alpha": 0.0035768872925681094, "log10_colsample_bytree": -0.9872233582619538, "log10_eta": -3.977068959182799, "log10_lambda": 0.36774435042159936, "log10_min_child_weight": 1.3916451769264881, "log10_subsample": -0.19140708567086528, "max_depth": 4.0, "num_boost_round": 4.0}, "datetime": {"datetime": "2024-01-19 00:44:25", "elapsed": 1996.88465, "delta": 0.002463}}
{"target": -13.758528791868848, "params": {"gamma": 560.1056581957212, "log10_alpha": 0.0035768872925681094, "log10_colsample_bytree": -0.9872233582619538, "log10_eta": -3.977068959182799, "log10_lambda": 0.36774435042159936, "log10_min_child_weight": 1.3916451769264881, "log10_subsample": -0.19140708567086528, "max_depth": 4.0, "num_boost_round": 5.0}, "datetime": {"datetime": "2024-01-19 00:44:25", "elapsed": 1996.887055, "delta": 0.002405}}
{"target": -13.758528354738688, "params": {"gamma": 560.1056581957212, "log10_alpha": 0.0035768872925681094, "log10_colsample_bytree": -0.9872233582619538, "log10_eta": -3.977068959182799, "log10_lambda": 0.36774435042159936, "log10_min_child_weight": 1.3916451769264881, "log10_subsample": -0.19140708567086528, "max_depth": 4.0, "num_boost_round": 6.0}, "datetime": {"datetime": "2024-01-19 00:44:25", "elapsed": 1996.889325, "delta": 0.00227}}
{"target": -13.758527981873803, "params": {"gamma": 560.1056581957212, "log10_alpha": 0.0035768872925681094, "log10_colsample_bytree": -0.9872233582619538, "log10_eta": -3.977068959182799, "log10_lambda": 0.36774435042159936, "log10_min_child_weight": 1.3916451769264881, "log10_subsample": -0.19140708567086528, "max_depth": 4.0, "num_boost_round": 7.0}, "datetime": {"datetime": "2024-01-19 00:44:25", "elapsed": 1996.891615, "delta": 0.00229}}
{"target": -13.758526652419707, "params": {"gamma": 560.1056581957212, "log10_alpha": 0.0035768872925681094, "log10_colsample_bytree": -0.9872233582619538, "log10_eta": -3.977068959182799, "log10_lambda": 0.36774435042159936, "log10_min_child_weight": 1.3916451769264881, "log10_subsample": -0.19140708567086528, "max_depth": 4.0, "num_boost_round": 8.0}, "datetime": {"datetime": "2024-01-19 00:44:25", "elapsed": 1996.893924, "delta": 0.002309}}
{"target": -13.758527329366151, "params": {"gamma": 560.1056581957212, "log10_alpha": 0.0035768872925681094, "log10_colsample_bytree": -0.9872233582619538, "log10_eta": -3.977068959182799, "log10_lambda": 0.36774435042159936, "log10_min_child_weight": 1.3916451769264881, "log10_subsample": -0.19140708567086528, "max_depth": 4.0, "num_boost_round": 9.0}, "datetime": {"datetime": "2024-01-19 00:44:25", "elapsed": 1996.896214, "delta": 0.00229}}
{"target": -13.758526707430706, "params": {"gamma": 560.1056581957212, "log10_alpha": 0.0035768872925681094, "log10_colsample_bytree": -0.9872233582619538, "log10_eta": -3.977068959182799, "log10_lambda": 0.36774435042159936, "log10_min_child_weight": 1.3916451769264881, "log10_subsample": -0.19140708567086528, "max_depth": 4.0, "num_boost_round": 10.0}, "datetime": {"datetime": "2024-01-19 00:44:25", "elapsed": 1996.898487, "delta": 0.002273}}
{"target": -13.758525967408126, "params": {"gamma": 560.1056581957212, "log10_alpha": 0.0035768872925681094, "log10_colsample_bytree": -0.9872233582619538, "log10_eta": -3.977068959182799, "log10_lambda": 0.36774435042159936, "log10_min_child_weight": 1.3916451769264881, "log10_subsample": -0.19140708567086528, "max_depth": 4.0, "num_boost_round": 11.0}, "datetime": {"datetime": "2024-01-19 00:44:25", "elapsed": 1996.900804, "delta": 0.002317}}
{"target": -13.758522777301922, "params": {"gamma": 560.1056581957212, "log10_alpha": 0.0035768872925681094, "log10_colsample_bytree": -0.9872233582619538, "log10_eta": -3.977068959182799, "log10_lambda": 0.36774435042159936, "log10_min_child_weight": 1.3916451769264881, "log10_subsample": -0.19140708567086528, "max_depth": 4.0, "num_boost_round": 12.0}, "datetime": {"datetime": "2024-01-19 00:44:25", "elapsed": 1996.903167, "delta": 0.002363}}
{"target": -13.75852078352906, "params": {"gamma": 560.1056581957212, "log10_alpha": 0.0035768872925681094, "log10_colsample_bytree": -0.9872233582619538, "log10_eta": -3.977068959182799, "log10_lambda": 0.36774435042159936, "log10_min_child_weight": 1.3916451769264881, "log10_subsample": -0.19140708567086528, "max_depth": 4.0, "num_boost_round": 13.0}, "datetime": {"datetime": "2024-01-19 00:44:25", "elapsed": 1996.905434, "delta": 0.002267}}
{"target": -13.758520404486278, "params": {"gamma": 560.1056581957212, "log10_alpha": 0.0035768872925681094, "log10_colsample_bytree": -0.9872233582619538, "log10_eta": -3.977068959182799, "log10_lambda": 0.36774435042159936, "log10_min_child_weight": 1.3916451769264881, "log10_subsample": -0.19140708567086528, "max_depth": 4.0, "num_boost_round": 14.0}, "datetime": {"datetime": "2024-01-19 00:44:25", "elapsed": 1996.907875, "delta": 0.002441}}
{"target": -13.758519226537178, "params": {"gamma": 560.1056581957212, "log10_alpha": 0.0035768872925681094, "log10_colsample_bytree": -0.9872233582619538, "log10_eta": -3.977068959182799, "log10_lambda": 0.36774435042159936, "log10_min_child_weight": 1.3916451769264881, "log10_subsample": -0.19140708567086528, "max_depth": 4.0, "num_boost_round": 15.0}, "datetime": {"datetime": "2024-01-19 00:44:25", "elapsed": 1996.910149, "delta": 0.002274}}
{"target": -13.758518264785051, "params": {"gamma": 560.1056581957212, "log10_alpha": 0.0035768872925681094, "log10_colsample_bytree": -0.9872233582619538, "log10_eta": -3.977068959182799, "log10_lambda": 0.36774435042159936, "log10_min_child_weight": 1.3916451769264881, "log10_subsample": -0.19140708567086528, "max_depth": 4.0, "num_boost_round": 16.0}, "datetime": {"datetime": "2024-01-19 00:44:25", "elapsed": 1996.912454, "delta": 0.002305}}
{"target": -13.758517346034282, "params": {"gamma": 560.1056581957212, "log10_alpha": 0.0035768872925681094, "log10_colsample_bytree": -0.9872233582619538, "log10_eta": -3.977068959182799, "log10_lambda": 0.36774435042159936, "log10_min_child_weight": 1.3916451769264881, "log10_subsample": -0.19140708567086528, "max_depth": 4.0, "num_boost_round": 17.0}, "datetime": {"datetime": "2024-01-19 00:44:25", "elapsed": 1996.914741, "delta": 0.002287}}
{"target": -13.758516203771809, "params": {"gamma": 560.1056581957212, "log10_alpha": 0.0035768872925681094, "log10_colsample_bytree": -0.9872233582619538, "log10_eta": -3.977068959182799, "log10_lambda": 0.36774435042159936, "log10_min_child_weight": 1.3916451769264881, "log10_subsample": -0.19140708567086528, "max_depth": 4.0, "num_boost_round": 18.0}, "datetime": {"datetime": "2024-01-19 00:44:25", "elapsed": 1996.917011, "delta": 0.00227}}
{"target": -13.758513233549193, "params": {"gamma": 560.1056581957212, "log10_alpha": 0.0035768872925681094, "log10_colsample_bytree": -0.9872233582619538, "log10_eta": -3.977068959182799, "log10_lambda": 0.36774435042159936, "log10_min_child_weight": 1.3916451769264881, "log10_subsample": -0.19140708567086528, "max_depth": 4.0, "num_boost_round": 19.0}, "datetime": {"datetime": "2024-01-19 00:44:25", "elapsed": 1996.91929, "delta": 0.002279}}
{"target": -13.758513208102187, "params": {"gamma": 560.1056581957212, "log10_alpha": 0.0035768872925681094, "log10_colsample_bytree": -0.9872233582619538, "log10_eta": -3.977068959182799, "log10_lambda": 0.36774435042159936, "log10_min_child_weight": 1.3916451769264881, "log10_subsample": -0.19140708567086528, "max_depth": 4.0, "num_boost_round": 20.0}, "datetime": {"datetime": "2024-01-19 00:44:25", "elapsed": 1996.921585, "delta": 0.002295}}
{"target": -13.75851057875291, "params": {"gamma": 560.1056581957212, "log10_alpha": 0.0035768872925681094, "log10_colsample_bytree": -0.9872233582619538, "log10_eta": -3.977068959182799, "log10_lambda": 0.36774435042159936, "log10_min_child_weight": 1.3916451769264881, "log10_subsample": -0.19140708567086528, "max_depth": 4.0, "num_boost_round": 21.0}, "datetime": {"datetime": "2024-01-19 00:44:25", "elapsed": 1996.923935, "delta": 0.00235}}
{"target": -13.758508685535949, "params": {"gamma": 560.1056581957212, "log10_alpha": 0.0035768872925681094, "log10_colsample_bytree": -0.9872233582619538, "log10_eta": -3.977068959182799, "log10_lambda": 0.36774435042159936, "log10_min_child_weight": 1.3916451769264881, "log10_subsample": -0.19140708567086528, "max_depth": 4.0, "num_boost_round": 22.0}, "datetime": {"datetime": "2024-01-19 00:44:25", "elapsed": 1996.92632, "delta": 0.002385}}
{"target": -13.758505235867075, "params": {"gamma": 560.1056581957212, "log10_alpha": 0.0035768872925681094, "log10_colsample_bytree": -0.9872233582619538, "log10_eta": -3.977068959182799, "log10_lambda": 0.36774435042159936, "log10_min_child_weight": 1.3916451769264881, "log10_subsample": -0.19140708567086528, "max_depth": 4.0, "num_boost_round": 23.0}, "datetime": {"datetime": "2024-01-19 00:44:25", "elapsed": 1996.928598, "delta": 0.002278}}
{"target": -13.75850498241892, "params": {"gamma": 560.1056581957212, "log10_alpha": 0.0035768872925681094, "log10_colsample_bytree": -0.9872233582619538, "log10_eta": -3.977068959182799, "log10_lambda": 0.36774435042159936, "log10_min_child_weight": 1.3916451769264881, "log10_subsample": -0.19140708567086528, "max_depth": 4.0, "num_boost_round": 24.0}, "datetime": {"datetime": "2024-01-19 00:44:25", "elapsed": 1996.930875, "delta": 0.002277}}
{"target": -13.758502039000204, "params": {"gamma": 560.1056581957212, "log10_alpha": 0.0035768872925681094, "log10_colsample_bytree": -0.9872233582619538, "log10_eta": -3.977068959182799, "log10_lambda": 0.36774435042159936, "log10_min_child_weight": 1.3916451769264881, "log10_subsample": -0.19140708567086528, "max_depth": 4.0, "num_boost_round": 25.0}, "datetime": {"datetime": "2024-01-19 00:44:25", "elapsed": 1996.933159, "delta": 0.002284}}
{"target": -13.758500875054525, "params": {"gamma": 560.1056581957212, "log10_alpha": 0.0035768872925681094, "log10_colsample_bytree": -0.9872233582619538, "log10_eta": -3.977068959182799, "log10_lambda": 0.36774435042159936, "log10_min_child_weight": 1.3916451769264881, "log10_subsample": -0.19140708567086528, "max_depth": 4.0, "num_boost_round": 26.0}, "datetime": {"datetime": "2024-01-19 00:44:25", "elapsed": 1996.935436, "delta": 0.002277}}
{"target": -13.758499486297186, "params": {"gamma": 560.1056581957212, "log10_alpha": 0.0035768872925681094, "log10_colsample_bytree": -0.9872233582619538, "log10_eta": -3.977068959182799, "log10_lambda": 0.36774435042159936, "log10_min_child_weight": 1.3916451769264881, "log10_subsample": -0.19140708567086528, "max_depth": 4.0, "num_boost_round": 27.0}, "datetime": {"datetime": "2024-01-19 00:44:25", "elapsed": 1996.937753, "delta": 0.002317}}
{"target": -13.758499067620496, "params": {"gamma": 560.1056581957212, "log10_alpha": 0.0035768872925681094, "log10_colsample_bytree": -0.9872233582619538, "log10_eta": -3.977068959182799, "log10_lambda": 0.36774435042159936, "log10_min_child_weight": 1.3916451769264881, "log10_subsample": -0.19140708567086528, "max_depth": 4.0, "num_boost_round": 28.0}, "datetime": {"datetime": "2024-01-19 00:44:25", "elapsed": 1996.940041, "delta": 0.002288}}
{"target": -13.758498681914247, "params": {"gamma": 560.1056581957212, "log10_alpha": 0.0035768872925681094, "log10_colsample_bytree": -0.9872233582619538, "log10_eta": -3.977068959182799, "log10_lambda": 0.36774435042159936, "log10_min_child_weight": 1.3916451769264881, "log10_subsample": -0.19140708567086528, "max_depth": 4.0, "num_boost_round": 29.0}, "datetime": {"datetime": "2024-01-19 00:44:25", "elapsed": 1996.942394, "delta": 0.002353}}
{"target": -13.758496648143158, "params": {"gamma": 560.1056581957212, "log10_alpha": 0.0035768872925681094, "log10_colsample_bytree": -0.9872233582619538, "log10_eta": -3.977068959182799, "log10_lambda": 0.36774435042159936, "log10_min_child_weight": 1.3916451769264881, "log10_subsample": -0.19140708567086528, "max_depth": 4.0, "num_boost_round": 30.0}, "datetime": {"datetime": "2024-01-19 00:44:25", "elapsed": 1996.944689, "delta": 0.002295}}
{"target": -13.758494140563663, "params": {"gamma": 560.1056581957212, "log10_alpha": 0.0035768872925681094, "log10_colsample_bytree": -0.9872233582619538, "log10_eta": -3.977068959182799, "log10_lambda": 0.36774435042159936, "log10_min_child_weight": 1.3916451769264881, "log10_subsample": -0.19140708567086528, "max_depth": 4.0, "num_boost_round": 31.0}, "datetime": {"datetime": "2024-01-19 00:44:25", "elapsed": 1996.947163, "delta": 0.002474}}
{"target": -13.75849299895492, "params": {"gamma": 560.1056581957212, "log10_alpha": 0.0035768872925681094, "log10_colsample_bytree": -0.9872233582619538, "log10_eta": -3.977068959182799, "log10_lambda": 0.36774435042159936, "log10_min_child_weight": 1.3916451769264881, "log10_subsample": -0.19140708567086528, "max_depth": 4.0, "num_boost_round": 32.0}, "datetime": {"datetime": "2024-01-19 00:44:25", "elapsed": 1996.94958, "delta": 0.002417}}
{"target": -13.758490886645953, "params": {"gamma": 560.1056581957212, "log10_alpha": 0.0035768872925681094, "log10_colsample_bytree": -0.9872233582619538, "log10_eta": -3.977068959182799, "log10_lambda": 0.36774435042159936, "log10_min_child_weight": 1.3916451769264881, "log10_subsample": -0.19140708567086528, "max_depth": 4.0, "num_boost_round": 33.0}, "datetime": {"datetime": "2024-01-19 00:44:25", "elapsed": 1996.952004, "delta": 0.002424}}
{"target": -13.758489278051266, "params": {"gamma": 560.1056581957212, "log10_alpha": 0.0035768872925681094, "log10_colsample_bytree": -0.9872233582619538, "log10_eta": -3.977068959182799, "log10_lambda": 0.36774435042159936, "log10_min_child_weight": 1.3916451769264881, "log10_subsample": -0.19140708567086528, "max_depth": 4.0, "num_boost_round": 34.0}, "datetime": {"datetime": "2024-01-19 00:44:25", "elapsed": 1996.954403, "delta": 0.002399}}
{"target": -13.75848796307877, "params": {"gamma": 560.1056581957212, "log10_alpha": 0.0035768872925681094, "log10_colsample_bytree": -0.9872233582619538, "log10_eta": -3.977068959182799, "log10_lambda": 0.36774435042159936, "log10_min_child_weight": 1.3916451769264881, "log10_subsample": -0.19140708567086528, "max_depth": 4.0, "num_boost_round": 35.0}, "datetime": {"datetime": "2024-01-19 00:44:25", "elapsed": 1996.956708, "delta": 0.002305}}
{"target": -13.759898728651157, "params": {"gamma": 561.2681394602993, "log10_alpha": -0.8754473380748635, "log10_colsample_bytree": -0.5335727214502546, "log10_eta": -1.359836394126266, "log10_lambda": 0.058474799970072766, "log10_min_child_weight": 1.0773183496534056, "log10_subsample": -0.1454593520335945, "max_depth": 9.0, "num_boost_round": 0.0}, "datetime": {"datetime": "2024-01-19 00:45:12", "elapsed": 2044.168683, "delta": 47.211975}}
{"target": -13.75961252658301, "params": {"gamma": 561.2681394602993, "log10_alpha": -0.8754473380748635, "log10_colsample_bytree": -0.5335727214502546, "log10_eta": -1.359836394126266, "log10_lambda": 0.058474799970072766, "log10_min_child_weight": 1.0773183496534056, "log10_subsample": -0.1454593520335945, "max_depth": 9.0, "num_boost_round": 1.0}, "datetime": {"datetime": "2024-01-19 00:45:12", "elapsed": 2044.171293, "delta": 0.00261}}
{"target": -13.759200742140298, "params": {"gamma": 561.2681394602993, "log10_alpha": -0.8754473380748635, "log10_colsample_bytree": -0.5335727214502546, "log10_eta": -1.359836394126266, "log10_lambda": 0.058474799970072766, "log10_min_child_weight": 1.0773183496534056, "log10_subsample": -0.1454593520335945, "max_depth": 9.0, "num_boost_round": 2.0}, "datetime": {"datetime": "2024-01-19 00:45:12", "elapsed": 2044.173601, "delta": 0.002308}}
{"target": -13.759262850462319, "params": {"gamma": 561.2681394602993, "log10_alpha": -0.8754473380748635, "log10_colsample_bytree": -0.5335727214502546, "log10_eta": -1.359836394126266, "log10_lambda": 0.058474799970072766, "log10_min_child_weight": 1.0773183496534056, "log10_subsample": -0.1454593520335945, "max_depth": 9.0, "num_boost_round": 3.0}, "datetime": {"datetime": "2024-01-19 00:45:12", "elapsed": 2044.175956, "delta": 0.002355}}
{"target": -13.757971588244136, "params": {"gamma": 561.2681394602993, "log10_alpha": -0.8754473380748635, "log10_colsample_bytree": -0.5335727214502546, "log10_eta": -1.359836394126266, "log10_lambda": 0.058474799970072766, "log10_min_child_weight": 1.0773183496534056, "log10_subsample": -0.1454593520335945, "max_depth": 9.0, "num_boost_round": 4.0}, "datetime": {"datetime": "2024-01-19 00:45:12", "elapsed": 2044.178255, "delta": 0.002299}}
{"target": -13.759174410612749, "params": {"gamma": 561.2681394602993, "log10_alpha": -0.8754473380748635, "log10_colsample_bytree": -0.5335727214502546, "log10_eta": -1.359836394126266, "log10_lambda": 0.058474799970072766, "log10_min_child_weight": 1.0773183496534056, "log10_subsample": -0.1454593520335945, "max_depth": 9.0, "num_boost_round": 5.0}, "datetime": {"datetime": "2024-01-19 00:45:12", "elapsed": 2044.180554, "delta": 0.002299}}
{"target": -13.759200985738762, "params": {"gamma": 561.2681394602993, "log10_alpha": -0.8754473380748635, "log10_colsample_bytree": -0.5335727214502546, "log10_eta": -1.359836394126266, "log10_lambda": 0.058474799970072766, "log10_min_child_weight": 1.0773183496534056, "log10_subsample": -0.1454593520335945, "max_depth": 9.0, "num_boost_round": 6.0}, "datetime": {"datetime": "2024-01-19 00:45:12", "elapsed": 2044.182845, "delta": 0.002291}}
{"target": -13.759070503638295, "params": {"gamma": 561.2681394602993, "log10_alpha": -0.8754473380748635, "log10_colsample_bytree": -0.5335727214502546, "log10_eta": -1.359836394126266, "log10_lambda": 0.058474799970072766, "log10_min_child_weight": 1.0773183496534056, "log10_subsample": -0.1454593520335945, "max_depth": 9.0, "num_boost_round": 7.0}, "datetime": {"datetime": "2024-01-19 00:45:12", "elapsed": 2044.185312, "delta": 0.002467}}
