{"target": -17.677079746618475, "params": {"gamma": 878.248492446623, "log10_alpha": -0.33387963623313777, "log10_colsample_bytree": -0.7148923636782102, "log10_eta": -3.662758966677846, "log10_lambda": 0.4585798744523837, "log10_min_child_weight": 2.301821489774141, "log10_subsample": -0.9875025854500934, "max_depth": 5.0, "num_boost_round": 21.0}, "datetime": {"datetime": "2024-01-19 00:33:21", "elapsed": 1282.21982, "delta": 0.001604}}
{"target": -17.677066797649427, "params": {"gamma": 878.248492446623, "log10_alpha": -0.33387963623313777, "log10_colsample_bytree": -0.7148923636782102, "log10_eta": -3.662758966677846, "log10_lambda": 0.4585798744523837, "log10_min_child_weight": 2.301821489774141, "log10_subsample": -0.9875025854500934, "max_depth": 5.0, "num_boost_round": 22.0}, "datetime": {"datetime": "2024-01-19 00:33:21", "elapsed": 1282.222019, "delta": 0.002199}}
{"target": -17.67705161023594, "params": {"gamma": 878.248492446623, "log10_alpha": -0.33387963623313777, "log10_colsample_bytree": -0.7148923636782102, "log10_eta": -3.662758966677846, "log10_lambda": 0.4585798744523837, "log10_min_child_weight": 2.301821489774141, "log10_subsample": -0.9875025854500934, "max_depth": 5.0, "num_boost_round": 23.0}, "datetime": {"datetime": "2024-01-19 00:33:21", "elapsed": 1282.223806, "delta": 0.001787}}
{"target": -17.67704604122711, "params": {"gamma": 878.248492446623, "log10_alpha": -0.33387963623313777, "log10_colsample_bytree": -0.7148923636782102, "log10_eta": -3.662758966677846, "log10_lambda": 0.4585798744523837, "log10_min_child_weight": 2.301821489774141, "log10_subsample": -0.9875025854500934, "max_depth": 5.0, "num_boost_round": 24.0}, "datetime": {"datetime": "2024-01-19 00:33:21", "elapsed": 1282.22598, "delta": 0.002174}}
{"target": -17.677037217296633, "params": {"gamma": 878.248492446623, "log10_alpha": -0.33387963623313777, "log10_colsample_bytree": -0.7148923636782102, "log10_eta": -3.662758966677846, "log10_lambda": 0.4585798744523837, "log10_min_child_weight": 2.301821489774141, "log10_subsample": -0.9875025854500934, "max_depth": 5.0, "num_boost_round": 25.0}, "datetime": {"datetime": "2024-01-19 00:33:21", "elapsed": 1282.227704, "delta": 0.001724}}
{"target": -17.6770271368121, "params": {"gamma": 878.248492446623, "log10_alpha": -0.33387963623313777, "log10_colsample_bytree": -0.7148923636782102, "log10_eta": -3.662758966677846, "log10_lambda": 0.4585798744523837, "log10_min_child_weight": 2.301821489774141, "log10_subsample": -0.9875025854500934, "max_depth": 5.0, "num_boost_round": 26.0}, "datetime": {"datetime": "2024-01-19 00:33:21", "elapsed": 1282.229422, "delta": 0.001718}}
{"target": -17.67701746619908, "params": {"gamma": 878.248492446623, "log10_alpha": -0.33387963623313777, "log10_colsample_bytree": -0.7148923636782102, "log10_eta": -3.662758966677846, "log10_lambda": 0.4585798744523837, "log10_min_child_weight": 2.301821489774141, "log10_subsample": -0.9875025854500934, "max_depth": 5.0, "num_boost_round": 27.0}, "datetime": {"datetime": "2024-01-19 00:33:21", "elapsed": 1282.231051, "delta": 0.001629}}
{"target": -17.677012997262377, "params": {"gamma": 878.248492446623, "log10_alpha": -0.33387963623313777, "log10_colsample_bytree": -0.7148923636782102, "log10_eta": -3.662758966677846, "log10_lambda": 0.4585798744523837, "log10_min_child_weight": 2.301821489774141, "log10_subsample": -0.9875025854500934, "max_depth": 5.0, "num_boost_round": 28.0}, "datetime": {"datetime": "2024-01-19 00:33:21", "elapsed": 1282.232688, "delta": 0.001637}}
{"target": -17.67700732606266, "params": {"gamma": 878.248492446623, "log10_alpha": -0.33387963623313777, "log10_colsample_bytree": -0.7148923636782102, "log10_eta": -3.662758966677846, "log10_lambda": 0.4585798744523837, "log10_min_child_weight": 2.301821489774141, "log10_subsample": -0.9875025854500934, "max_depth": 5.0, "num_boost_round": 29.0}, "datetime": {"datetime": "2024-01-19 00:33:21", "elapsed": 1282.2343, "delta": 0.001612}}
{"target": -17.67700383839461, "params": {"gamma": 878.248492446623, "log10_alpha": -0.33387963623313777, "log10_colsample_bytree": -0.7148923636782102, "log10_eta": -3.662758966677846, "log10_lambda": 0.4585798744523837, "log10_min_child_weight": 2.301821489774141, "log10_subsample": -0.9875025854500934, "max_depth": 5.0, "num_boost_round": 30.0}, "datetime": {"datetime": "2024-01-19 00:33:21", "elapsed": 1282.235934, "delta": 0.001634}}
{"target": -17.676991249830248, "params": {"gamma": 878.248492446623, "log10_alpha": -0.33387963623313777, "log10_colsample_bytree": -0.7148923636782102, "log10_eta": -3.662758966677846, "log10_lambda": 0.4585798744523837, "log10_min_child_weight": 2.301821489774141, "log10_subsample": -0.9875025854500934, "max_depth": 5.0, "num_boost_round": 31.0}, "datetime": {"datetime": "2024-01-19 00:33:21", "elapsed": 1282.237636, "delta": 0.001702}}
{"target": -17.676984108967783, "params": {"gamma": 878.248492446623, "log10_alpha": -0.33387963623313777, "log10_colsample_bytree": -0.7148923636782102, "log10_eta": -3.662758966677846, "log10_lambda": 0.4585798744523837, "log10_min_child_weight": 2.301821489774141, "log10_subsample": -0.9875025854500934, "max_depth": 5.0, "num_boost_round": 32.0}, "datetime": {"datetime": "2024-01-19 00:33:21", "elapsed": 1282.239315, "delta": 0.001679}}
{"target": -17.67697365740071, "params": {"gamma": 878.248492446623, "log10_alpha": -0.33387963623313777, "log10_colsample_bytree": -0.7148923636782102, "log10_eta": -3.662758966677846, "log10_lambda": 0.4585798744523837, "log10_min_child_weight": 2.301821489774141, "log10_subsample": -0.9875025854500934, "max_depth": 5.0, "num_boost_round": 33.0}, "datetime": {"datetime": "2024-01-19 00:33:21", "elapsed": 1282.240994, "delta": 0.001679}}
{"target": -17.676962406099904, "params": {"gamma": 878.248492446623, "log10_alpha": -0.33387963623313777, "log10_colsample_bytree": -0.7148923636782102, "log10_eta": -3.662758966677846, "log10_lambda": 0.4585798744523837, "log10_min_child_weight": 2.301821489774141, "log10_subsample": -0.9875025854500934, "max_depth": 5.0, "num_boost_round": 34.0}, "datetime": {"datetime": "2024-01-19 00:33:21", "elapsed": 1282.24266, "delta": 0.001666}}
{"target": -17.676956697333036, "params": {"gamma": 878.248492446623, "log10_alpha": -0.33387963623313777, "log10_colsample_bytree": -0.7148923636782102, "log10_eta": -3.662758966677846, "log10_lambda": 0.4585798744523837, "log10_min_child_weight": 2.301821489774141, "log10_subsample": -0.9875025854500934, "max_depth": 5.0, "num_boost_round": 35.0}, "datetime": {"datetime": "2024-01-19 00:33:21", "elapsed": 1282.244324, "delta": 0.001664}}
{"target": -17.67722346230691, "params": {"gamma": 865.510320244598, "log10_alpha": 0.7576213499245217, "log10_colsample_bytree": -0.4052689586288182, "log10_eta": -3.718053002308201, "log10_lambda": -4.9423646952749944, "log10_min_child_weight": 1.1833998920281559, "log10_subsample": -0.7068322618982371, "max_depth": 4.0, "num_boost_round": 0.0}, "datetime": {"datetime": "2024-01-19 00:33:46", "elapsed": 1307.245503, "delta": 25.001179}}
{"target": -17.677213579288047, "params": {"gamma": 865.510320244598, "log10_alpha": 0.7576213499245217, "log10_colsample_bytree": -0.4052689586288182, "log10_eta": -3.718053002308201, "log10_lambda": -4.9423646952749944, "log10_min_child_weight": 1.1833998920281559, "log10_subsample": -0.7068322618982371, "max_depth": 4.0, "num_boost_round": 1.0}, "datetime": {"datetime": "2024-01-19 00:33:46", "elapsed": 1307.247367, "delta": 0.001864}}
{"target": -17.677203994009258, "params": {"gamma": 865.510320244598, "log10_alpha": 0.7576213499245217, "log10_colsample_bytree": -0.4052689586288182, "log10_eta": -3.718053002308201, "log10_lambda": -4.9423646952749944, "log10_min_child_weight": 1.1833998920281559, "log10_subsample": -0.7068322618982371, "max_depth": 4.0, "num_boost_round": 2.0}, "datetime": {"datetime": "2024-01-19 00:33:46", "elapsed": 1307.24909, "delta": 0.001723}}
{"target": -17.677200844488738, "params": {"gamma": 865.510320244598, "log10_alpha": 0.7576213499245217, "log10_colsample_bytree": -0.4052689586288182, "log10_eta": -3.718053002308201, "log10_lambda": -4.9423646952749944, "log10_min_child_weight": 1.1833998920281559, "log10_subsample": -0.7068322618982371, "max_depth": 4.0, "num_boost_round": 3.0}, "datetime": {"datetime": "2024-01-19 00:33:46", "elapsed": 1307.251096, "delta": 0.002006}}
{"target": -17.67719325851628, "params": {"gamma": 865.510320244598, "log10_alpha": 0.7576213499245217, "log10_colsample_bytree": -0.4052689586288182, "log10_eta": -3.718053002308201, "log10_lambda": -4.9423646952749944, "log10_min_child_weight": 1.1833998920281559, "log10_subsample": -0.7068322618982371, "max_depth": 4.0, "num_boost_round": 4.0}, "datetime": {"datetime": "2024-01-19 00:33:46", "elapsed": 1307.252802, "delta": 0.001706}}
{"target": -17.6771841220922, "params": {"gamma": 865.510320244598, "log10_alpha": 0.7576213499245217, "log10_colsample_bytree": -0.4052689586288182, "log10_eta": -3.718053002308201, "log10_lambda": -4.9423646952749944, "log10_min_child_weight": 1.1833998920281559, "log10_subsample": -0.7068322618982371, "max_depth": 4.0, "num_boost_round": 5.0}, "datetime": {"datetime": "2024-01-19 00:33:46", "elapsed": 1307.254447, "delta": 0.001645}}
{"target": -17.677179854450873, "params": {"gamma": 865.510320244598, "log10_alpha": 0.7576213499245217, "log10_colsample_bytree": -0.4052689586288182, "log10_eta": -3.718053002308201, "log10_lambda": -4.9423646952749944, "log10_min_child_weight": 1.1833998920281559, "log10_subsample": -0.7068322618982371, "max_depth": 4.0, "num_boost_round": 6.0}, "datetime": {"datetime": "2024-01-19 00:33:46", "elapsed": 1307.256129, "delta": 0.001682}}
{"target": -17.67717166239199, "params": {"gamma": 865.510320244598, "log10_alpha": 0.7576213499245217, "log10_colsample_bytree": -0.4052689586288182, "log10_eta": -3.718053002308201, "log10_lambda": -4.9423646952749944, "log10_min_child_weight": 1.1833998920281559, "log10_subsample": -0.7068322618982371, "max_depth": 4.0, "num_boost_round": 7.0}, "datetime": {"datetime": "2024-01-19 00:33:46", "elapsed": 1307.257774, "delta": 0.001645}}
{"target": -17.677165050115573, "params": {"gamma": 865.510320244598, "log10_alpha": 0.7576213499245217, "log10_colsample_bytree": -0.4052689586288182, "log10_eta": -3.718053002308201, "log10_lambda": -4.9423646952749944, "log10_min_child_weight": 1.1833998920281559, "log10_subsample": -0.7068322618982371, "max_depth": 4.0, "num_boost_round": 8.0}, "datetime": {"datetime": "2024-01-19 00:33:46", "elapsed": 1307.259414, "delta": 0.00164}}
{"target": -17.67715551473565, "params": {"gamma": 865.510320244598, "log10_alpha": 0.7576213499245217, "log10_colsample_bytree": -0.4052689586288182, "log10_eta": -3.718053002308201, "log10_lambda": -4.9423646952749944, "log10_min_child_weight": 1.1833998920281559, "log10_subsample": -0.7068322618982371, "max_depth": 4.0, "num_boost_round": 9.0}, "datetime": {"datetime": "2024-01-19 00:33:46", "elapsed": 1307.26106, "delta": 0.001646}}
{"target": -17.677144348102424, "params": {"gamma": 865.510320244598, "log10_alpha": 0.7576213499245217, "log10_colsample_bytree": -0.4052689586288182, "log10_eta": -3.718053002308201, "log10_lambda": -4.9423646952749944, "log10_min_child_weight": 1.1833998920281559, "log10_subsample": -0.7068322618982371, "max_depth": 4.0, "num_boost_round": 10.0}, "datetime": {"datetime": "2024-01-19 00:33:46", "elapsed": 1307.262718, "delta": 0.001658}}
{"target": -17.677137018850114, "params": {"gamma": 865.510320244598, "log10_alpha": 0.7576213499245217, "log10_colsample_bytree": -0.4052689586288182, "log10_eta": -3.718053002308201, "log10_lambda": -4.9423646952749944, "log10_min_child_weight": 1.1833998920281559, "log10_subsample": -0.7068322618982371, "max_depth": 4.0, "num_boost_round": 11.0}, "datetime": {"datetime": "2024-01-19 00:33:46", "elapsed": 1307.264394, "delta": 0.001676}}
{"target": -17.67713695748196, "params": {"gamma": 865.510320244598, "log10_alpha": 0.7576213499245217, "log10_colsample_bytree": -0.4052689586288182, "log10_eta": -3.718053002308201, "log10_lambda": -4.9423646952749944, "log10_min_child_weight": 1.1833998920281559, "log10_subsample": -0.7068322618982371, "max_depth": 4.0, "num_boost_round": 12.0}, "datetime": {"datetime": "2024-01-19 00:33:46", "elapsed": 1307.266173, "delta": 0.001779}}
{"target": -17.677134027960445, "params": {"gamma": 865.510320244598, "log10_alpha": 0.7576213499245217, "log10_colsample_bytree": -0.4052689586288182, "log10_eta": -3.718053002308201, "log10_lambda": -4.9423646952749944, "log10_min_child_weight": 1.1833998920281559, "log10_subsample": -0.7068322618982371, "max_depth": 4.0, "num_boost_round": 13.0}, "datetime": {"datetime": "2024-01-19 00:33:46", "elapsed": 1307.268616, "delta": 0.002443}}
{"target": -17.677132607013416, "params": {"gamma": 865.510320244598, "log10_alpha": 0.7576213499245217, "log10_colsample_bytree": -0.4052689586288182, "log10_eta": -3.718053002308201, "log10_lambda": -4.9423646952749944, "log10_min_child_weight": 1.1833998920281559, "log10_subsample": -0.7068322618982371, "max_depth": 4.0, "num_boost_round": 14.0}, "datetime": {"datetime": "2024-01-19 00:33:46", "elapsed": 1307.270299, "delta": 0.001683}}
{"target": -17.67713431836526, "params": {"gamma": 865.510320244598, "log10_alpha": 0.7576213499245217, "log10_colsample_bytree": -0.4052689586288182, "log10_eta": -3.718053002308201, "log10_lambda": -4.9423646952749944, "log10_min_child_weight": 1.1833998920281559, "log10_subsample": -0.7068322618982371, "max_depth": 4.0, "num_boost_round": 15.0}, "datetime": {"datetime": "2024-01-19 00:33:46", "elapsed": 1307.272177, "delta": 0.001878}}
{"target": -17.677119912479345, "params": {"gamma": 865.510320244598, "log10_alpha": 0.7576213499245217, "log10_colsample_bytree": -0.4052689586288182, "log10_eta": -3.718053002308201, "log10_lambda": -4.9423646952749944, "log10_min_child_weight": 1.1833998920281559, "log10_subsample": -0.7068322618982371, "max_depth": 4.0, "num_boost_round": 16.0}, "datetime": {"datetime": "2024-01-19 00:33:46", "elapsed": 1307.273948, "delta": 0.001771}}
{"target": -17.677123606252632, "params": {"gamma": 865.510320244598, "log10_alpha": 0.7576213499245217, "log10_colsample_bytree": -0.4052689586288182, "log10_eta": -3.718053002308201, "log10_lambda": -4.9423646952749944, "log10_min_child_weight": 1.1833998920281559, "log10_subsample": -0.7068322618982371, "max_depth": 4.0, "num_boost_round": 17.0}, "datetime": {"datetime": "2024-01-19 00:33:46", "elapsed": 1307.275818, "delta": 0.00187}}
{"target": -17.67711846983822, "params": {"gamma": 865.510320244598, "log10_alpha": 0.7576213499245217, "log10_colsample_bytree": -0.4052689586288182, "log10_eta": -3.718053002308201, "log10_lambda": -4.9423646952749944, "log10_min_child_weight": 1.1833998920281559, "log10_subsample": -0.7068322618982371, "max_depth": 4.0, "num_boost_round": 18.0}, "datetime": {"datetime": "2024-01-19 00:33:46", "elapsed": 1307.277578, "delta": 0.00176}}
{"target": -17.67656205468554, "params": {"gamma": 880.1031104512433, "log10_alpha": -4.4146182342864755, "log10_colsample_bytree": -0.3326393232613323, "log10_eta": -1.8544037236630846, "log10_lambda": -4.47212057991402, "log10_min_child_weight": 2.678322147193625, "log10_subsample": -0.17140875161730684, "max_depth": 3.0, "num_boost_round": 0.0}, "datetime": {"datetime": "2024-01-19 00:34:08", "elapsed": 1329.060436, "delta": 21.782858}}
{"target": -17.676038802038946, "params": {"gamma": 880.1031104512433, "log10_alpha": -4.4146182342864755, "log10_colsample_bytree": -0.3326393232613323, "log10_eta": -1.8544037236630846, "log10_lambda": -4.47212057991402, "log10_min_child_weight": 2.678322147193625, "log10_subsample": -0.17140875161730684, "max_depth": 3.0, "num_boost_round": 1.0}, "datetime": {"datetime": "2024-01-19 00:34:08", "elapsed": 1329.062318, "delta": 0.001882}}
{"target": -17.67560416992468, "params": {"gamma": 880.1031104512433, "log10_alpha": -4.4146182342864755, "log10_colsample_bytree": -0.3326393232613323, "log10_eta": -1.8544037236630846, "log10_lambda": -4.47212057991402, "log10_min_child_weight": 2.678322147193625, "log10_subsample": -0.17140875161730684, "max_depth": 3.0, "num_boost_round": 2.0}, "datetime": {"datetime": "2024-01-19 00:34:08", "elapsed": 1329.064024, "delta": 0.001706}}
{"target": -17.675170415249344, "params": {"gamma": 880.1031104512433, "log10_alpha": -4.4146182342864755, "log10_colsample_bytree": -0.3326393232613323, "log10_eta": -1.8544037236630846, "log10_lambda": -4.47212057991402, "log10_min_child_weight": 2.678322147193625, "log10_subsample": -0.17140875161730684, "max_depth": 3.0, "num_boost_round": 3.0}, "datetime": {"datetime": "2024-01-19 00:34:08", "elapsed": 1329.066026, "delta": 0.002002}}
{"target": -17.675028536872166, "params": {"gamma": 880.1031104512433, "log10_alpha": -4.4146182342864755, "log10_colsample_bytree": -0.3326393232613323, "log10_eta": -1.8544037236630846, "log10_lambda": -4.47212057991402, "log10_min_child_weight": 2.678322147193625, "log10_subsample": -0.17140875161730684, "max_depth": 3.0, "num_boost_round": 4.0}, "datetime": {"datetime": "2024-01-19 00:34:08", "elapsed": 1329.068098, "delta": 0.002072}}
{"target": -17.674826708846044, "params": {"gamma": 880.1031104512433, "log10_alpha": -4.4146182342864755, "log10_colsample_bytree": -0.3326393232613323, "log10_eta": -1.8544037236630846, "log10_lambda": -4.47212057991402, "log10_min_child_weight": 2.678322147193625, "log10_subsample": -0.17140875161730684, "max_depth": 3.0, "num_boost_round": 5.0}, "datetime": {"datetime": "2024-01-19 00:34:08", "elapsed": 1329.070599, "delta": 0.002501}}
{"target": -17.674497810383865, "params": {"gamma": 880.1031104512433, "log10_alpha": -4.4146182342864755, "log10_colsample_bytree": -0.3326393232613323, "log10_eta": -1.8544037236630846, "log10_lambda": -4.47212057991402, "log10_min_child_weight": 2.678322147193625, "log10_subsample": -0.17140875161730684, "max_depth": 3.0, "num_boost_round": 6.0}, "datetime": {"datetime": "2024-01-19 00:34:08", "elapsed": 1329.072418, "delta": 0.001819}}
{"target": -17.674166334693957, "params": {"gamma": 880.1031104512433, "log10_alpha": -4.4146182342864755, "log10_colsample_bytree": -0.3326393232613323, "log10_eta": -1.8544037236630846, "log10_lambda": -4.47212057991402, "log10_min_child_weight": 2.678322147193625, "log10_subsample": -0.17140875161730684, "max_depth": 3.0, "num_boost_round": 7.0}, "datetime": {"datetime": "2024-01-19 00:34:08", "elapsed": 1329.074267, "delta": 0.001849}}
{"target": -17.673986311390653, "params": {"gamma": 880.1031104512433, "log10_alpha": -4.4146182342864755, "log10_colsample_bytree": -0.3326393232613323, "log10_eta": -1.8544037236630846, "log10_lambda": -4.47212057991402, "log10_min_child_weight": 2.678322147193625, "log10_subsample": -0.17140875161730684, "max_depth": 3.0, "num_boost_round": 8.0}, "datetime": {"datetime": "2024-01-19 00:34:08", "elapsed": 1329.076083, "delta": 0.001816}}
{"target": -17.67405803164363, "params": {"gamma": 880.1031104512433, "log10_alpha": -4.4146182342864755, "log10_colsample_bytree": -0.3326393232613323, "log10_eta": -1.8544037236630846, "log10_lambda": -4.47212057991402, "log10_min_child_weight": 2.678322147193625, "log10_subsample": -0.17140875161730684, "max_depth": 3.0, "num_boost_round": 9.0}, "datetime": {"datetime": "2024-01-19 00:34:08", "elapsed": 1329.077744, "delta": 0.001661}}
{"target": -17.67377768267971, "params": {"gamma": 880.1031104512433, "log10_alpha": -4.4146182342864755, "log10_colsample_bytree": -0.3326393232613323, "log10_eta": -1.8544037236630846, "log10_lambda": -4.47212057991402, "log10_min_child_weight": 2.678322147193625, "log10_subsample": -0.17140875161730684, "max_depth": 3.0, "num_boost_round": 10.0}, "datetime": {"datetime": "2024-01-19 00:34:08", "elapsed": 1329.079403, "delta": 0.001659}}
{"target": -17.67723028022598, "params": {"gamma": 865.9484012438768, "log10_alpha": -1.5771363413021655, "log10_colsample_bytree": -0.38177462162976694, "log10_eta": -3.2604936645436804, "log10_lambda": -1.9392873319673747, "log10_min_child_weight": 4.99966864705624, "log10_subsample": -0.6707672139455714, "max_depth": 8.0, "num_boost_round": 0.0}, "datetime": {"datetime": "2024-01-19 00:34:33", "elapsed": 1354.424384, "delta": 25.344981}}
{"target": -17.67722821342421, "params": {"gamma": 865.9484012438768, "log10_alpha": -1.5771363413021655, "log10_colsample_bytree": -0.38177462162976694, "log10_eta": -3.2604936645436804, "log10_lambda": -1.9392873319673747, "log10_min_child_weight": 4.99966864705624, "log10_subsample": -0.6707672139455714, "max_depth": 8.0, "num_boost_round": 1.0}, "datetime": {"datetime": "2024-01-19 00:34:33", "elapsed": 1354.426584, "delta": 0.0022}}
{"target": -17.67722821611061, "params": {"gamma": 865.9484012438768, "log10_alpha": -1.5771363413021655, "log10_colsample_bytree": -0.38177462162976694, "log10_eta": -3.2604936645436804, "log10_lambda": -1.9392873319673747, "log10_min_child_weight": 4.99966864705624, "log10_subsample": -0.6707672139455714, "max_depth": 8.0, "num_boost_round": 2.0}, "datetime": {"datetime": "2024-01-19 00:34:33", "elapsed": 1354.428845, "delta": 0.002261}}
{"target": -17.677226612726155, "params": {"gamma": 865.9484012438768, "log10_alpha": -1.5771363413021655, "log10_colsample_bytree": -0.38177462162976694, "log10_eta": -3.2604936645436804, "log10_lambda": -1.9392873319673747, "log10_min_child_weight": 4.99966864705624, "log10_subsample": -0.6707672139455714, "max_depth": 8.0, "num_boost_round": 3.0}, "datetime": {"datetime": "2024-01-19 00:34:33", "elapsed": 1354.430907, "delta": 0.002062}}
