{"target": -17.67707592614909, "params": {"gamma": 160.35368176588915, "log10_alpha": -0.5709679240732308, "log10_colsample_bytree": -0.5467421063882589, "log10_eta": -3.090698331473533, "log10_lambda": -0.5082938892086792, "log10_min_child_weight": 4.833785256572202, "log10_subsample": -0.37433401624004936, "max_depth": 2.0, "num_boost_round": 33.0}, "datetime": {"datetime": "2024-01-19 00:40:17", "elapsed": 1702.442739, "delta": 0.002498}}
{"target": -17.677078742293148, "params": {"gamma": 160.35368176588915, "log10_alpha": -0.5709679240732308, "log10_colsample_bytree": -0.5467421063882589, "log10_eta": -3.090698331473533, "log10_lambda": -0.5082938892086792, "log10_min_child_weight": 4.833785256572202, "log10_subsample": -0.37433401624004936, "max_depth": 2.0, "num_boost_round": 34.0}, "datetime": {"datetime": "2024-01-19 00:40:17", "elapsed": 1702.445132, "delta": 0.002393}}
{"target": -17.677079985715807, "params": {"gamma": 160.35368176588915, "log10_alpha": -0.5709679240732308, "log10_colsample_bytree": -0.5467421063882589, "log10_eta": -3.090698331473533, "log10_lambda": -0.5082938892086792, "log10_min_child_weight": 4.833785256572202, "log10_subsample": -0.37433401624004936, "max_depth": 2.0, "num_boost_round": 35.0}, "datetime": {"datetime": "2024-01-19 00:40:17", "elapsed": 1702.447667, "delta": 0.002535}}
{"target": -17.67708164071783, "params": {"gamma": 160.35368176588915, "log10_alpha": -0.5709679240732308, "log10_colsample_bytree": -0.5467421063882589, "log10_eta": -3.090698331473533, "log10_lambda": -0.5082938892086792, "log10_min_child_weight": 4.833785256572202, "log10_subsample": -0.37433401624004936, "max_depth": 2.0, "num_boost_round": 36.0}, "datetime": {"datetime": "2024-01-19 00:40:17", "elapsed": 1702.450064, "delta": 0.002397}}
{"target": -17.677082341457115, "params": {"gamma": 160.35368176588915, "log10_alpha": -0.5709679240732308, "log10_colsample_bytree": -0.5467421063882589, "log10_eta": -3.090698331473533, "log10_lambda": -0.5082938892086792, "log10_min_child_weight": 4.833785256572202, "log10_subsample": -0.37433401624004936, "max_depth": 2.0, "num_boost_round": 37.0}, "datetime": {"datetime": "2024-01-19 00:40:17", "elapsed": 1702.452435, "delta": 0.002371}}
{"target": -17.677077198525893, "params": {"gamma": 160.35368176588915, "log10_alpha": -0.5709679240732308, "log10_colsample_bytree": -0.5467421063882589, "log10_eta": -3.090698331473533, "log10_lambda": -0.5082938892086792, "log10_min_child_weight": 4.833785256572202, "log10_subsample": -0.37433401624004936, "max_depth": 2.0, "num_boost_round": 38.0}, "datetime": {"datetime": "2024-01-19 00:40:17", "elapsed": 1702.454888, "delta": 0.002453}}
{"target": -17.67707244134069, "params": {"gamma": 160.35368176588915, "log10_alpha": -0.5709679240732308, "log10_colsample_bytree": -0.5467421063882589, "log10_eta": -3.090698331473533, "log10_lambda": -0.5082938892086792, "log10_min_child_weight": 4.833785256572202, "log10_subsample": -0.37433401624004936, "max_depth": 2.0, "num_boost_round": 39.0}, "datetime": {"datetime": "2024-01-19 00:40:17", "elapsed": 1702.457281, "delta": 0.002393}}
{"target": -17.677075936467133, "params": {"gamma": 160.35368176588915, "log10_alpha": -0.5709679240732308, "log10_colsample_bytree": -0.5467421063882589, "log10_eta": -3.090698331473533, "log10_lambda": -0.5082938892086792, "log10_min_child_weight": 4.833785256572202, "log10_subsample": -0.37433401624004936, "max_depth": 2.0, "num_boost_round": 40.0}, "datetime": {"datetime": "2024-01-19 00:40:17", "elapsed": 1702.459796, "delta": 0.002515}}
{"target": -17.677070732738166, "params": {"gamma": 160.35368176588915, "log10_alpha": -0.5709679240732308, "log10_colsample_bytree": -0.5467421063882589, "log10_eta": -3.090698331473533, "log10_lambda": -0.5082938892086792, "log10_min_child_weight": 4.833785256572202, "log10_subsample": -0.37433401624004936, "max_depth": 2.0, "num_boost_round": 41.0}, "datetime": {"datetime": "2024-01-19 00:40:17", "elapsed": 1702.46225, "delta": 0.002454}}
{"target": -17.677066433373597, "params": {"gamma": 160.35368176588915, "log10_alpha": -0.5709679240732308, "log10_colsample_bytree": -0.5467421063882589, "log10_eta": -3.090698331473533, "log10_lambda": -0.5082938892086792, "log10_min_child_weight": 4.833785256572202, "log10_subsample": -0.37433401624004936, "max_depth": 2.0, "num_boost_round": 42.0}, "datetime": {"datetime": "2024-01-19 00:40:17", "elapsed": 1702.464704, "delta": 0.002454}}
{"target": -17.677060557612666, "params": {"gamma": 160.35368176588915, "log10_alpha": -0.5709679240732308, "log10_colsample_bytree": -0.5467421063882589, "log10_eta": -3.090698331473533, "log10_lambda": -0.5082938892086792, "log10_min_child_weight": 4.833785256572202, "log10_subsample": -0.37433401624004936, "max_depth": 2.0, "num_boost_round": 43.0}, "datetime": {"datetime": "2024-01-19 00:40:17", "elapsed": 1702.467177, "delta": 0.002473}}
{"target": -17.67705845655646, "params": {"gamma": 160.35368176588915, "log10_alpha": -0.5709679240732308, "log10_colsample_bytree": -0.5467421063882589, "log10_eta": -3.090698331473533, "log10_lambda": -0.5082938892086792, "log10_min_child_weight": 4.833785256572202, "log10_subsample": -0.37433401624004936, "max_depth": 2.0, "num_boost_round": 44.0}, "datetime": {"datetime": "2024-01-19 00:40:17", "elapsed": 1702.469629, "delta": 0.002452}}
{"target": -17.677198209757897, "params": {"gamma": 174.59761782818072, "log10_alpha": -4.723316383814369, "log10_colsample_bytree": -0.7657741953264743, "log10_eta": -2.1229244076167926, "log10_lambda": 0.01075456399070962, "log10_min_child_weight": 1.840916426750011, "log10_subsample": -0.44691034524123474, "max_depth": 5.0, "num_boost_round": 0.0}, "datetime": {"datetime": "2024-01-19 00:40:51", "elapsed": 1736.030578, "delta": 33.560949}}
{"target": -17.676887347254397, "params": {"gamma": 174.59761782818072, "log10_alpha": -4.723316383814369, "log10_colsample_bytree": -0.7657741953264743, "log10_eta": -2.1229244076167926, "log10_lambda": 0.01075456399070962, "log10_min_child_weight": 1.840916426750011, "log10_subsample": -0.44691034524123474, "max_depth": 5.0, "num_boost_round": 1.0}, "datetime": {"datetime": "2024-01-19 00:40:51", "elapsed": 1736.033491, "delta": 0.002913}}
{"target": -17.676519030170063, "params": {"gamma": 174.59761782818072, "log10_alpha": -4.723316383814369, "log10_colsample_bytree": -0.7657741953264743, "log10_eta": -2.1229244076167926, "log10_lambda": 0.01075456399070962, "log10_min_child_weight": 1.840916426750011, "log10_subsample": -0.44691034524123474, "max_depth": 5.0, "num_boost_round": 2.0}, "datetime": {"datetime": "2024-01-19 00:40:51", "elapsed": 1736.036377, "delta": 0.002886}}
{"target": -17.676202740153936, "params": {"gamma": 174.59761782818072, "log10_alpha": -4.723316383814369, "log10_colsample_bytree": -0.7657741953264743, "log10_eta": -2.1229244076167926, "log10_lambda": 0.01075456399070962, "log10_min_child_weight": 1.840916426750011, "log10_subsample": -0.44691034524123474, "max_depth": 5.0, "num_boost_round": 3.0}, "datetime": {"datetime": "2024-01-19 00:40:51", "elapsed": 1736.039009, "delta": 0.002632}}
{"target": -17.67591544742514, "params": {"gamma": 174.59761782818072, "log10_alpha": -4.723316383814369, "log10_colsample_bytree": -0.7657741953264743, "log10_eta": -2.1229244076167926, "log10_lambda": 0.01075456399070962, "log10_min_child_weight": 1.840916426750011, "log10_subsample": -0.44691034524123474, "max_depth": 5.0, "num_boost_round": 4.0}, "datetime": {"datetime": "2024-01-19 00:40:51", "elapsed": 1736.041592, "delta": 0.002583}}
{"target": -17.675587113260598, "params": {"gamma": 174.59761782818072, "log10_alpha": -4.723316383814369, "log10_colsample_bytree": -0.7657741953264743, "log10_eta": -2.1229244076167926, "log10_lambda": 0.01075456399070962, "log10_min_child_weight": 1.840916426750011, "log10_subsample": -0.44691034524123474, "max_depth": 5.0, "num_boost_round": 5.0}, "datetime": {"datetime": "2024-01-19 00:40:51", "elapsed": 1736.04399, "delta": 0.002398}}
{"target": -17.67550003027365, "params": {"gamma": 174.59761782818072, "log10_alpha": -4.723316383814369, "log10_colsample_bytree": -0.7657741953264743, "log10_eta": -2.1229244076167926, "log10_lambda": 0.01075456399070962, "log10_min_child_weight": 1.840916426750011, "log10_subsample": -0.44691034524123474, "max_depth": 5.0, "num_boost_round": 6.0}, "datetime": {"datetime": "2024-01-19 00:40:51", "elapsed": 1736.046431, "delta": 0.002441}}
{"target": -17.675455366945634, "params": {"gamma": 174.59761782818072, "log10_alpha": -4.723316383814369, "log10_colsample_bytree": -0.7657741953264743, "log10_eta": -2.1229244076167926, "log10_lambda": 0.01075456399070962, "log10_min_child_weight": 1.840916426750011, "log10_subsample": -0.44691034524123474, "max_depth": 5.0, "num_boost_round": 7.0}, "datetime": {"datetime": "2024-01-19 00:40:51", "elapsed": 1736.048936, "delta": 0.002505}}
{"target": -17.675446334654005, "params": {"gamma": 174.59761782818072, "log10_alpha": -4.723316383814369, "log10_colsample_bytree": -0.7657741953264743, "log10_eta": -2.1229244076167926, "log10_lambda": 0.01075456399070962, "log10_min_child_weight": 1.840916426750011, "log10_subsample": -0.44691034524123474, "max_depth": 5.0, "num_boost_round": 8.0}, "datetime": {"datetime": "2024-01-19 00:40:51", "elapsed": 1736.051376, "delta": 0.00244}}
{"target": -17.675487100880154, "params": {"gamma": 174.59761782818072, "log10_alpha": -4.723316383814369, "log10_colsample_bytree": -0.7657741953264743, "log10_eta": -2.1229244076167926, "log10_lambda": 0.01075456399070962, "log10_min_child_weight": 1.840916426750011, "log10_subsample": -0.44691034524123474, "max_depth": 5.0, "num_boost_round": 9.0}, "datetime": {"datetime": "2024-01-19 00:40:51", "elapsed": 1736.05377, "delta": 0.002394}}
{"target": -17.67523278059845, "params": {"gamma": 174.59761782818072, "log10_alpha": -4.723316383814369, "log10_colsample_bytree": -0.7657741953264743, "log10_eta": -2.1229244076167926, "log10_lambda": 0.01075456399070962, "log10_min_child_weight": 1.840916426750011, "log10_subsample": -0.44691034524123474, "max_depth": 5.0, "num_boost_round": 10.0}, "datetime": {"datetime": "2024-01-19 00:40:51", "elapsed": 1736.056169, "delta": 0.002399}}
{"target": -17.674847434449372, "params": {"gamma": 174.59761782818072, "log10_alpha": -4.723316383814369, "log10_colsample_bytree": -0.7657741953264743, "log10_eta": -2.1229244076167926, "log10_lambda": 0.01075456399070962, "log10_min_child_weight": 1.840916426750011, "log10_subsample": -0.44691034524123474, "max_depth": 5.0, "num_boost_round": 11.0}, "datetime": {"datetime": "2024-01-19 00:40:51", "elapsed": 1736.058624, "delta": 0.002455}}
{"target": -17.674308510548943, "params": {"gamma": 174.59761782818072, "log10_alpha": -4.723316383814369, "log10_colsample_bytree": -0.7657741953264743, "log10_eta": -2.1229244076167926, "log10_lambda": 0.01075456399070962, "log10_min_child_weight": 1.840916426750011, "log10_subsample": -0.44691034524123474, "max_depth": 5.0, "num_boost_round": 12.0}, "datetime": {"datetime": "2024-01-19 00:40:51", "elapsed": 1736.061028, "delta": 0.002404}}
{"target": -17.673728087284005, "params": {"gamma": 174.59761782818072, "log10_alpha": -4.723316383814369, "log10_colsample_bytree": -0.7657741953264743, "log10_eta": -2.1229244076167926, "log10_lambda": 0.01075456399070962, "log10_min_child_weight": 1.840916426750011, "log10_subsample": -0.44691034524123474, "max_depth": 5.0, "num_boost_round": 13.0}, "datetime": {"datetime": "2024-01-19 00:40:51", "elapsed": 1736.063415, "delta": 0.002387}}
{"target": -17.67362304591683, "params": {"gamma": 174.59761782818072, "log10_alpha": -4.723316383814369, "log10_colsample_bytree": -0.7657741953264743, "log10_eta": -2.1229244076167926, "log10_lambda": 0.01075456399070962, "log10_min_child_weight": 1.840916426750011, "log10_subsample": -0.44691034524123474, "max_depth": 5.0, "num_boost_round": 14.0}, "datetime": {"datetime": "2024-01-19 00:40:51", "elapsed": 1736.065778, "delta": 0.002363}}
{"target": -17.67337700951622, "params": {"gamma": 174.59761782818072, "log10_alpha": -4.723316383814369, "log10_colsample_bytree": -0.7657741953264743, "log10_eta": -2.1229244076167926, "log10_lambda": 0.01075456399070962, "log10_min_child_weight": 1.840916426750011, "log10_subsample": -0.44691034524123474, "max_depth": 5.0, "num_boost_round": 15.0}, "datetime": {"datetime": "2024-01-19 00:40:51", "elapsed": 1736.068288, "delta": 0.00251}}
{"target": -17.67328127645084, "params": {"gamma": 174.59761782818072, "log10_alpha": -4.723316383814369, "log10_colsample_bytree": -0.7657741953264743, "log10_eta": -2.1229244076167926, "log10_lambda": 0.01075456399070962, "log10_min_child_weight": 1.840916426750011, "log10_subsample": -0.44691034524123474, "max_depth": 5.0, "num_boost_round": 16.0}, "datetime": {"datetime": "2024-01-19 00:40:51", "elapsed": 1736.070662, "delta": 0.002374}}
{"target": -17.672926005250655, "params": {"gamma": 174.59761782818072, "log10_alpha": -4.723316383814369, "log10_colsample_bytree": -0.7657741953264743, "log10_eta": -2.1229244076167926, "log10_lambda": 0.01075456399070962, "log10_min_child_weight": 1.840916426750011, "log10_subsample": -0.44691034524123474, "max_depth": 5.0, "num_boost_round": 17.0}, "datetime": {"datetime": "2024-01-19 00:40:51", "elapsed": 1736.073018, "delta": 0.002356}}
{"target": -17.67282424175804, "params": {"gamma": 174.59761782818072, "log10_alpha": -4.723316383814369, "log10_colsample_bytree": -0.7657741953264743, "log10_eta": -2.1229244076167926, "log10_lambda": 0.01075456399070962, "log10_min_child_weight": 1.840916426750011, "log10_subsample": -0.44691034524123474, "max_depth": 5.0, "num_boost_round": 18.0}, "datetime": {"datetime": "2024-01-19 00:40:51", "elapsed": 1736.075421, "delta": 0.002403}}
{"target": -17.672786901887168, "params": {"gamma": 174.59761782818072, "log10_alpha": -4.723316383814369, "log10_colsample_bytree": -0.7657741953264743, "log10_eta": -2.1229244076167926, "log10_lambda": 0.01075456399070962, "log10_min_child_weight": 1.840916426750011, "log10_subsample": -0.44691034524123474, "max_depth": 5.0, "num_boost_round": 19.0}, "datetime": {"datetime": "2024-01-19 00:40:51", "elapsed": 1736.077781, "delta": 0.00236}}
{"target": -17.672499378419293, "params": {"gamma": 174.59761782818072, "log10_alpha": -4.723316383814369, "log10_colsample_bytree": -0.7657741953264743, "log10_eta": -2.1229244076167926, "log10_lambda": 0.01075456399070962, "log10_min_child_weight": 1.840916426750011, "log10_subsample": -0.44691034524123474, "max_depth": 5.0, "num_boost_round": 20.0}, "datetime": {"datetime": "2024-01-19 00:40:51", "elapsed": 1736.080244, "delta": 0.002463}}
{"target": -17.672155303748422, "params": {"gamma": 174.59761782818072, "log10_alpha": -4.723316383814369, "log10_colsample_bytree": -0.7657741953264743, "log10_eta": -2.1229244076167926, "log10_lambda": 0.01075456399070962, "log10_min_child_weight": 1.840916426750011, "log10_subsample": -0.44691034524123474, "max_depth": 5.0, "num_boost_round": 21.0}, "datetime": {"datetime": "2024-01-19 00:40:51", "elapsed": 1736.082653, "delta": 0.002409}}
{"target": -17.671923477057742, "params": {"gamma": 174.59761782818072, "log10_alpha": -4.723316383814369, "log10_colsample_bytree": -0.7657741953264743, "log10_eta": -2.1229244076167926, "log10_lambda": 0.01075456399070962, "log10_min_child_weight": 1.840916426750011, "log10_subsample": -0.44691034524123474, "max_depth": 5.0, "num_boost_round": 22.0}, "datetime": {"datetime": "2024-01-19 00:40:51", "elapsed": 1736.085033, "delta": 0.00238}}
{"target": -17.671551051631496, "params": {"gamma": 174.59761782818072, "log10_alpha": -4.723316383814369, "log10_colsample_bytree": -0.7657741953264743, "log10_eta": -2.1229244076167926, "log10_lambda": 0.01075456399070962, "log10_min_child_weight": 1.840916426750011, "log10_subsample": -0.44691034524123474, "max_depth": 5.0, "num_boost_round": 23.0}, "datetime": {"datetime": "2024-01-19 00:40:51", "elapsed": 1736.087616, "delta": 0.002583}}
{"target": -17.671442375336564, "params": {"gamma": 174.59761782818072, "log10_alpha": -4.723316383814369, "log10_colsample_bytree": -0.7657741953264743, "log10_eta": -2.1229244076167926, "log10_lambda": 0.01075456399070962, "log10_min_child_weight": 1.840916426750011, "log10_subsample": -0.44691034524123474, "max_depth": 5.0, "num_boost_round": 24.0}, "datetime": {"datetime": "2024-01-19 00:40:51", "elapsed": 1736.090216, "delta": 0.0026}}
{"target": -17.671148956212537, "params": {"gamma": 174.59761782818072, "log10_alpha": -4.723316383814369, "log10_colsample_bytree": -0.7657741953264743, "log10_eta": -2.1229244076167926, "log10_lambda": 0.01075456399070962, "log10_min_child_weight": 1.840916426750011, "log10_subsample": -0.44691034524123474, "max_depth": 5.0, "num_boost_round": 25.0}, "datetime": {"datetime": "2024-01-19 00:40:51", "elapsed": 1736.092718, "delta": 0.002502}}
{"target": -17.671121964327508, "params": {"gamma": 174.59761782818072, "log10_alpha": -4.723316383814369, "log10_colsample_bytree": -0.7657741953264743, "log10_eta": -2.1229244076167926, "log10_lambda": 0.01075456399070962, "log10_min_child_weight": 1.840916426750011, "log10_subsample": -0.44691034524123474, "max_depth": 5.0, "num_boost_round": 26.0}, "datetime": {"datetime": "2024-01-19 00:40:51", "elapsed": 1736.095081, "delta": 0.002363}}
{"target": -17.670857616116496, "params": {"gamma": 174.59761782818072, "log10_alpha": -4.723316383814369, "log10_colsample_bytree": -0.7657741953264743, "log10_eta": -2.1229244076167926, "log10_lambda": 0.01075456399070962, "log10_min_child_weight": 1.840916426750011, "log10_subsample": -0.44691034524123474, "max_depth": 5.0, "num_boost_round": 27.0}, "datetime": {"datetime": "2024-01-19 00:40:51", "elapsed": 1736.097498, "delta": 0.002417}}
{"target": -17.670507881755306, "params": {"gamma": 174.59761782818072, "log10_alpha": -4.723316383814369, "log10_colsample_bytree": -0.7657741953264743, "log10_eta": -2.1229244076167926, "log10_lambda": 0.01075456399070962, "log10_min_child_weight": 1.840916426750011, "log10_subsample": -0.44691034524123474, "max_depth": 5.0, "num_boost_round": 28.0}, "datetime": {"datetime": "2024-01-19 00:40:51", "elapsed": 1736.099995, "delta": 0.002497}}
{"target": -17.67015842878607, "params": {"gamma": 174.59761782818072, "log10_alpha": -4.723316383814369, "log10_colsample_bytree": -0.7657741953264743, "log10_eta": -2.1229244076167926, "log10_lambda": 0.01075456399070962, "log10_min_child_weight": 1.840916426750011, "log10_subsample": -0.44691034524123474, "max_depth": 5.0, "num_boost_round": 29.0}, "datetime": {"datetime": "2024-01-19 00:40:51", "elapsed": 1736.10235, "delta": 0.002355}}
{"target": -17.670074877930553, "params": {"gamma": 174.59761782818072, "log10_alpha": -4.723316383814369, "log10_colsample_bytree": -0.7657741953264743, "log10_eta": -2.1229244076167926, "log10_lambda": 0.01075456399070962, "log10_min_child_weight": 1.840916426750011, "log10_subsample": -0.44691034524123474, "max_depth": 5.0, "num_boost_round": 30.0}, "datetime": {"datetime": "2024-01-19 00:40:51", "elapsed": 1736.104724, "delta": 0.002374}}
{"target": -17.67722442633713, "params": {"gamma": 172.5063761390322, "log10_alpha": -2.230818674260916, "log10_colsample_bytree": -0.275592603150973, "log10_eta": -3.3653723473882646, "log10_lambda": 0.49001935204488145, "log10_min_child_weight": 2.9493663484349053, "log10_subsample": -0.6747740896707277, "max_depth": 2.0, "num_boost_round": 0.0}, "datetime": {"datetime": "2024-01-19 00:41:30", "elapsed": 1775.254934, "delta": 39.15021}}
{"target": -17.67721917021836, "params": {"gamma": 172.5063761390322, "log10_alpha": -2.230818674260916, "log10_colsample_bytree": -0.275592603150973, "log10_eta": -3.3653723473882646, "log10_lambda": 0.49001935204488145, "log10_min_child_weight": 2.9493663484349053, "log10_subsample": -0.6747740896707277, "max_depth": 2.0, "num_boost_round": 1.0}, "datetime": {"datetime": "2024-01-19 00:41:30", "elapsed": 1775.25821, "delta": 0.003276}}
{"target": -17.67721386717967, "params": {"gamma": 172.5063761390322, "log10_alpha": -2.230818674260916, "log10_colsample_bytree": -0.275592603150973, "log10_eta": -3.3653723473882646, "log10_lambda": 0.49001935204488145, "log10_min_child_weight": 2.9493663484349053, "log10_subsample": -0.6747740896707277, "max_depth": 2.0, "num_boost_round": 2.0}, "datetime": {"datetime": "2024-01-19 00:41:30", "elapsed": 1775.261067, "delta": 0.002857}}
{"target": -17.67721165037665, "params": {"gamma": 172.5063761390322, "log10_alpha": -2.230818674260916, "log10_colsample_bytree": -0.275592603150973, "log10_eta": -3.3653723473882646, "log10_lambda": 0.49001935204488145, "log10_min_child_weight": 2.9493663484349053, "log10_subsample": -0.6747740896707277, "max_depth": 2.0, "num_boost_round": 3.0}, "datetime": {"datetime": "2024-01-19 00:41:30", "elapsed": 1775.263599, "delta": 0.002532}}
{"target": -17.677209812363916, "params": {"gamma": 172.5063761390322, "log10_alpha": -2.230818674260916, "log10_colsample_bytree": -0.275592603150973, "log10_eta": -3.3653723473882646, "log10_lambda": 0.49001935204488145, "log10_min_child_weight": 2.9493663484349053, "log10_subsample": -0.6747740896707277, "max_depth": 2.0, "num_boost_round": 4.0}, "datetime": {"datetime": "2024-01-19 00:41:30", "elapsed": 1775.266099, "delta": 0.0025}}
{"target": -17.67720200053108, "params": {"gamma": 172.5063761390322, "log10_alpha": -2.230818674260916, "log10_colsample_bytree": -0.275592603150973, "log10_eta": -3.3653723473882646, "log10_lambda": 0.49001935204488145, "log10_min_child_weight": 2.9493663484349053, "log10_subsample": -0.6747740896707277, "max_depth": 2.0, "num_boost_round": 5.0}, "datetime": {"datetime": "2024-01-19 00:41:30", "elapsed": 1775.268705, "delta": 0.002606}}
