{"target": -14.092251651943139, "params": {"gamma": 714.1358436522482, "log10_alpha": 1.0, "log10_colsample_bytree": -1.0, "log10_eta": -0.20218598582811462, "log10_lambda": 1.0, "log10_min_child_weight": 0.0, "log10_subsample": -1.0, "max_depth": 2.0, "num_boost_round": 31.0}, "datetime": {"datetime": "2024-01-19 01:44:09", "elapsed": 5557.063998, "delta": 0.005438}}
{"target": -14.087645941946395, "params": {"gamma": 714.1358436522482, "log10_alpha": 1.0, "log10_colsample_bytree": -1.0, "log10_eta": -0.20218598582811462, "log10_lambda": 1.0, "log10_min_child_weight": 0.0, "log10_subsample": -1.0, "max_depth": 2.0, "num_boost_round": 32.0}, "datetime": {"datetime": "2024-01-19 01:44:09", "elapsed": 5557.069444, "delta": 0.005446}}
{"target": -14.101726566531823, "params": {"gamma": 714.1358436522482, "log10_alpha": 1.0, "log10_colsample_bytree": -1.0, "log10_eta": -0.20218598582811462, "log10_lambda": 1.0, "log10_min_child_weight": 0.0, "log10_subsample": -1.0, "max_depth": 2.0, "num_boost_round": 33.0}, "datetime": {"datetime": "2024-01-19 01:44:09", "elapsed": 5557.074845, "delta": 0.005401}}
{"target": -14.108653104454348, "params": {"gamma": 714.1358436522482, "log10_alpha": 1.0, "log10_colsample_bytree": -1.0, "log10_eta": -0.20218598582811462, "log10_lambda": 1.0, "log10_min_child_weight": 0.0, "log10_subsample": -1.0, "max_depth": 2.0, "num_boost_round": 34.0}, "datetime": {"datetime": "2024-01-19 01:44:09", "elapsed": 5557.080428, "delta": 0.005583}}
{"target": -14.11440713110417, "params": {"gamma": 714.1358436522482, "log10_alpha": 1.0, "log10_colsample_bytree": -1.0, "log10_eta": -0.20218598582811462, "log10_lambda": 1.0, "log10_min_child_weight": 0.0, "log10_subsample": -1.0, "max_depth": 2.0, "num_boost_round": 35.0}, "datetime": {"datetime": "2024-01-19 01:44:09", "elapsed": 5557.086027, "delta": 0.005599}}
{"target": -14.123799498771449, "params": {"gamma": 714.1358436522482, "log10_alpha": 1.0, "log10_colsample_bytree": -1.0, "log10_eta": -0.20218598582811462, "log10_lambda": 1.0, "log10_min_child_weight": 0.0, "log10_subsample": -1.0, "max_depth": 2.0, "num_boost_round": 36.0}, "datetime": {"datetime": "2024-01-19 01:44:09", "elapsed": 5557.091679, "delta": 0.005652}}
{"target": -14.12926961240818, "params": {"gamma": 714.1358436522482, "log10_alpha": 1.0, "log10_colsample_bytree": -1.0, "log10_eta": -0.20218598582811462, "log10_lambda": 1.0, "log10_min_child_weight": 0.0, "log10_subsample": -1.0, "max_depth": 2.0, "num_boost_round": 37.0}, "datetime": {"datetime": "2024-01-19 01:44:09", "elapsed": 5557.097087, "delta": 0.005408}}
{"target": -14.130706104787732, "params": {"gamma": 714.1358436522482, "log10_alpha": 1.0, "log10_colsample_bytree": -1.0, "log10_eta": -0.20218598582811462, "log10_lambda": 1.0, "log10_min_child_weight": 0.0, "log10_subsample": -1.0, "max_depth": 2.0, "num_boost_round": 38.0}, "datetime": {"datetime": "2024-01-19 01:44:09", "elapsed": 5557.102609, "delta": 0.005522}}
{"target": -14.132017605822488, "params": {"gamma": 714.1358436522482, "log10_alpha": 1.0, "log10_colsample_bytree": -1.0, "log10_eta": -0.20218598582811462, "log10_lambda": 1.0, "log10_min_child_weight": 0.0, "log10_subsample": -1.0, "max_depth": 2.0, "num_boost_round": 39.0}, "datetime": {"datetime": "2024-01-19 01:44:09", "elapsed": 5557.107933, "delta": 0.005324}}
{"target": -14.131614103548207, "params": {"gamma": 714.1358436522482, "log10_alpha": 1.0, "log10_colsample_bytree": -1.0, "log10_eta": -0.20218598582811462, "log10_lambda": 1.0, "log10_min_child_weight": 0.0, "log10_subsample": -1.0, "max_depth": 2.0, "num_boost_round": 40.0}, "datetime": {"datetime": "2024-01-19 01:44:09", "elapsed": 5557.113532, "delta": 0.005599}}
{"target": -14.146500332364912, "params": {"gamma": 714.1358436522482, "log10_alpha": 1.0, "log10_colsample_bytree": -1.0, "log10_eta": -0.20218598582811462, "log10_lambda": 1.0, "log10_min_child_weight": 0.0, "log10_subsample": -1.0, "max_depth": 2.0, "num_boost_round": 41.0}, "datetime": {"datetime": "2024-01-19 01:44:09", "elapsed": 5557.119007, "delta": 0.005475}}
{"target": -14.145957307173344, "params": {"gamma": 714.1358436522482, "log10_alpha": 1.0, "log10_colsample_bytree": -1.0, "log10_eta": -0.20218598582811462, "log10_lambda": 1.0, "log10_min_child_weight": 0.0, "log10_subsample": -1.0, "max_depth": 2.0, "num_boost_round": 42.0}, "datetime": {"datetime": "2024-01-19 01:44:09", "elapsed": 5557.124458, "delta": 0.005451}}
{"target": -14.146187167236128, "params": {"gamma": 714.1358436522482, "log10_alpha": 1.0, "log10_colsample_bytree": -1.0, "log10_eta": -0.20218598582811462, "log10_lambda": 1.0, "log10_min_child_weight": 0.0, "log10_subsample": -1.0, "max_depth": 2.0, "num_boost_round": 43.0}, "datetime": {"datetime": "2024-01-19 01:44:09", "elapsed": 5557.129718, "delta": 0.00526}}
{"target": -14.15003263246622, "params": {"gamma": 714.1358436522482, "log10_alpha": 1.0, "log10_colsample_bytree": -1.0, "log10_eta": -0.20218598582811462, "log10_lambda": 1.0, "log10_min_child_weight": 0.0, "log10_subsample": -1.0, "max_depth": 2.0, "num_boost_round": 44.0}, "datetime": {"datetime": "2024-01-19 01:44:09", "elapsed": 5557.134966, "delta": 0.005248}}
{"target": -14.146180307396172, "params": {"gamma": 714.1358436522482, "log10_alpha": 1.0, "log10_colsample_bytree": -1.0, "log10_eta": -0.20218598582811462, "log10_lambda": 1.0, "log10_min_child_weight": 0.0, "log10_subsample": -1.0, "max_depth": 2.0, "num_boost_round": 45.0}, "datetime": {"datetime": "2024-01-19 01:44:09", "elapsed": 5557.140504, "delta": 0.005538}}
{"target": -14.142317664920835, "params": {"gamma": 714.1358436522482, "log10_alpha": 1.0, "log10_colsample_bytree": -1.0, "log10_eta": -0.20218598582811462, "log10_lambda": 1.0, "log10_min_child_weight": 0.0, "log10_subsample": -1.0, "max_depth": 2.0, "num_boost_round": 46.0}, "datetime": {"datetime": "2024-01-19 01:44:09", "elapsed": 5557.145822, "delta": 0.005318}}
{"target": -14.149538327601839, "params": {"gamma": 714.1358436522482, "log10_alpha": 1.0, "log10_colsample_bytree": -1.0, "log10_eta": -0.20218598582811462, "log10_lambda": 1.0, "log10_min_child_weight": 0.0, "log10_subsample": -1.0, "max_depth": 2.0, "num_boost_round": 47.0}, "datetime": {"datetime": "2024-01-19 01:44:09", "elapsed": 5557.15104, "delta": 0.005218}}
{"target": -14.14921761617538, "params": {"gamma": 714.1358436522482, "log10_alpha": 1.0, "log10_colsample_bytree": -1.0, "log10_eta": -0.20218598582811462, "log10_lambda": 1.0, "log10_min_child_weight": 0.0, "log10_subsample": -1.0, "max_depth": 2.0, "num_boost_round": 48.0}, "datetime": {"datetime": "2024-01-19 01:44:09", "elapsed": 5557.156219, "delta": 0.005179}}
{"target": -13.758537601055659, "params": {"gamma": 716.4051318005976, "log10_alpha": -4.134123903761351, "log10_colsample_bytree": -0.02763386618329866, "log10_eta": -3.7939556358013307, "log10_lambda": -3.1727832815061863, "log10_min_child_weight": 4.115329263250559, "log10_subsample": -0.18463291542130866, "max_depth": 5.0, "num_boost_round": 0.0}, "datetime": {"datetime": "2024-01-19 01:45:21", "elapsed": 5629.12959, "delta": 71.973371}}
{"target": -13.758536298111094, "params": {"gamma": 716.4051318005976, "log10_alpha": -4.134123903761351, "log10_colsample_bytree": -0.02763386618329866, "log10_eta": -3.7939556358013307, "log10_lambda": -3.1727832815061863, "log10_min_child_weight": 4.115329263250559, "log10_subsample": -0.18463291542130866, "max_depth": 5.0, "num_boost_round": 1.0}, "datetime": {"datetime": "2024-01-19 01:45:21", "elapsed": 5629.135961, "delta": 0.006371}}
{"target": -13.758534991268872, "params": {"gamma": 716.4051318005976, "log10_alpha": -4.134123903761351, "log10_colsample_bytree": -0.02763386618329866, "log10_eta": -3.7939556358013307, "log10_lambda": -3.1727832815061863, "log10_min_child_weight": 4.115329263250559, "log10_subsample": -0.18463291542130866, "max_depth": 5.0, "num_boost_round": 2.0}, "datetime": {"datetime": "2024-01-19 01:45:21", "elapsed": 5629.141884, "delta": 0.005923}}
{"target": -13.758535979479015, "params": {"gamma": 716.4051318005976, "log10_alpha": -4.134123903761351, "log10_colsample_bytree": -0.02763386618329866, "log10_eta": -3.7939556358013307, "log10_lambda": -3.1727832815061863, "log10_min_child_weight": 4.115329263250559, "log10_subsample": -0.18463291542130866, "max_depth": 5.0, "num_boost_round": 3.0}, "datetime": {"datetime": "2024-01-19 01:45:21", "elapsed": 5629.147616, "delta": 0.005732}}
{"target": -13.758537893477392, "params": {"gamma": 716.4051318005976, "log10_alpha": -4.134123903761351, "log10_colsample_bytree": -0.02763386618329866, "log10_eta": -3.7939556358013307, "log10_lambda": -3.1727832815061863, "log10_min_child_weight": 4.115329263250559, "log10_subsample": -0.18463291542130866, "max_depth": 5.0, "num_boost_round": 4.0}, "datetime": {"datetime": "2024-01-19 01:45:21", "elapsed": 5629.153292, "delta": 0.005676}}
{"target": -13.758540630307275, "params": {"gamma": 716.4051318005976, "log10_alpha": -4.134123903761351, "log10_colsample_bytree": -0.02763386618329866, "log10_eta": -3.7939556358013307, "log10_lambda": -3.1727832815061863, "log10_min_child_weight": 4.115329263250559, "log10_subsample": -0.18463291542130866, "max_depth": 5.0, "num_boost_round": 5.0}, "datetime": {"datetime": "2024-01-19 01:45:21", "elapsed": 5629.158855, "delta": 0.005563}}
{"target": -13.758539889493933, "params": {"gamma": 716.4051318005976, "log10_alpha": -4.134123903761351, "log10_colsample_bytree": -0.02763386618329866, "log10_eta": -3.7939556358013307, "log10_lambda": -3.1727832815061863, "log10_min_child_weight": 4.115329263250559, "log10_subsample": -0.18463291542130866, "max_depth": 5.0, "num_boost_round": 6.0}, "datetime": {"datetime": "2024-01-19 01:45:21", "elapsed": 5629.164602, "delta": 0.005747}}
{"target": -13.758538931323304, "params": {"gamma": 716.4051318005976, "log10_alpha": -4.134123903761351, "log10_colsample_bytree": -0.02763386618329866, "log10_eta": -3.7939556358013307, "log10_lambda": -3.1727832815061863, "log10_min_child_weight": 4.115329263250559, "log10_subsample": -0.18463291542130866, "max_depth": 5.0, "num_boost_round": 7.0}, "datetime": {"datetime": "2024-01-19 01:45:21", "elapsed": 5629.170217, "delta": 0.005615}}
{"target": -13.758537492273577, "params": {"gamma": 716.4051318005976, "log10_alpha": -4.134123903761351, "log10_colsample_bytree": -0.02763386618329866, "log10_eta": -3.7939556358013307, "log10_lambda": -3.1727832815061863, "log10_min_child_weight": 4.115329263250559, "log10_subsample": -0.18463291542130866, "max_depth": 5.0, "num_boost_round": 8.0}, "datetime": {"datetime": "2024-01-19 01:45:21", "elapsed": 5629.176567, "delta": 0.00635}}
{"target": -13.758535837843677, "params": {"gamma": 716.4051318005976, "log10_alpha": -4.134123903761351, "log10_colsample_bytree": -0.02763386618329866, "log10_eta": -3.7939556358013307, "log10_lambda": -3.1727832815061863, "log10_min_child_weight": 4.115329263250559, "log10_subsample": -0.18463291542130866, "max_depth": 5.0, "num_boost_round": 9.0}, "datetime": {"datetime": "2024-01-19 01:45:21", "elapsed": 5629.182623, "delta": 0.006056}}
{"target": -13.758534741672168, "params": {"gamma": 716.4051318005976, "log10_alpha": -4.134123903761351, "log10_colsample_bytree": -0.02763386618329866, "log10_eta": -3.7939556358013307, "log10_lambda": -3.1727832815061863, "log10_min_child_weight": 4.115329263250559, "log10_subsample": -0.18463291542130866, "max_depth": 5.0, "num_boost_round": 10.0}, "datetime": {"datetime": "2024-01-19 01:45:21", "elapsed": 5629.187906, "delta": 0.005283}}
{"target": -13.758534064155146, "params": {"gamma": 716.4051318005976, "log10_alpha": -4.134123903761351, "log10_colsample_bytree": -0.02763386618329866, "log10_eta": -3.7939556358013307, "log10_lambda": -3.1727832815061863, "log10_min_child_weight": 4.115329263250559, "log10_subsample": -0.18463291542130866, "max_depth": 5.0, "num_boost_round": 11.0}, "datetime": {"datetime": "2024-01-19 01:45:21", "elapsed": 5629.193269, "delta": 0.005363}}
{"target": -13.75853282594066, "params": {"gamma": 716.4051318005976, "log10_alpha": -4.134123903761351, "log10_colsample_bytree": -0.02763386618329866, "log10_eta": -3.7939556358013307, "log10_lambda": -3.1727832815061863, "log10_min_child_weight": 4.115329263250559, "log10_subsample": -0.18463291542130866, "max_depth": 5.0, "num_boost_round": 12.0}, "datetime": {"datetime": "2024-01-19 01:45:21", "elapsed": 5629.198821, "delta": 0.005552}}
{"target": -13.75853201795881, "params": {"gamma": 716.4051318005976, "log10_alpha": -4.134123903761351, "log10_colsample_bytree": -0.02763386618329866, "log10_eta": -3.7939556358013307, "log10_lambda": -3.1727832815061863, "log10_min_child_weight": 4.115329263250559, "log10_subsample": -0.18463291542130866, "max_depth": 5.0, "num_boost_round": 13.0}, "datetime": {"datetime": "2024-01-19 01:45:21", "elapsed": 5629.204494, "delta": 0.005673}}
{"target": -13.758530702889589, "params": {"gamma": 716.4051318005976, "log10_alpha": -4.134123903761351, "log10_colsample_bytree": -0.02763386618329866, "log10_eta": -3.7939556358013307, "log10_lambda": -3.1727832815061863, "log10_min_child_weight": 4.115329263250559, "log10_subsample": -0.18463291542130866, "max_depth": 5.0, "num_boost_round": 14.0}, "datetime": {"datetime": "2024-01-19 01:45:21", "elapsed": 5629.209987, "delta": 0.005493}}
{"target": -13.758529567980318, "params": {"gamma": 716.4051318005976, "log10_alpha": -4.134123903761351, "log10_colsample_bytree": -0.02763386618329866, "log10_eta": -3.7939556358013307, "log10_lambda": -3.1727832815061863, "log10_min_child_weight": 4.115329263250559, "log10_subsample": -0.18463291542130866, "max_depth": 5.0, "num_boost_round": 15.0}, "datetime": {"datetime": "2024-01-19 01:45:21", "elapsed": 5629.215486, "delta": 0.005499}}
{"target": -13.758528781426156, "params": {"gamma": 716.4051318005976, "log10_alpha": -4.134123903761351, "log10_colsample_bytree": -0.02763386618329866, "log10_eta": -3.7939556358013307, "log10_lambda": -3.1727832815061863, "log10_min_child_weight": 4.115329263250559, "log10_subsample": -0.18463291542130866, "max_depth": 5.0, "num_boost_round": 16.0}, "datetime": {"datetime": "2024-01-19 01:45:21", "elapsed": 5629.221118, "delta": 0.005632}}
{"target": -13.758527395472365, "params": {"gamma": 716.4051318005976, "log10_alpha": -4.134123903761351, "log10_colsample_bytree": -0.02763386618329866, "log10_eta": -3.7939556358013307, "log10_lambda": -3.1727832815061863, "log10_min_child_weight": 4.115329263250559, "log10_subsample": -0.18463291542130866, "max_depth": 5.0, "num_boost_round": 17.0}, "datetime": {"datetime": "2024-01-19 01:45:21", "elapsed": 5629.226675, "delta": 0.005557}}
{"target": -13.758529448813693, "params": {"gamma": 716.4051318005976, "log10_alpha": -4.134123903761351, "log10_colsample_bytree": -0.02763386618329866, "log10_eta": -3.7939556358013307, "log10_lambda": -3.1727832815061863, "log10_min_child_weight": 4.115329263250559, "log10_subsample": -0.18463291542130866, "max_depth": 5.0, "num_boost_round": 18.0}, "datetime": {"datetime": "2024-01-19 01:45:21", "elapsed": 5629.232073, "delta": 0.005398}}
{"target": -13.758528384967327, "params": {"gamma": 716.4051318005976, "log10_alpha": -4.134123903761351, "log10_colsample_bytree": -0.02763386618329866, "log10_eta": -3.7939556358013307, "log10_lambda": -3.1727832815061863, "log10_min_child_weight": 4.115329263250559, "log10_subsample": -0.18463291542130866, "max_depth": 5.0, "num_boost_round": 19.0}, "datetime": {"datetime": "2024-01-19 01:45:21", "elapsed": 5629.237542, "delta": 0.005469}}
{"target": -13.75852777191335, "params": {"gamma": 716.4051318005976, "log10_alpha": -4.134123903761351, "log10_colsample_bytree": -0.02763386618329866, "log10_eta": -3.7939556358013307, "log10_lambda": -3.1727832815061863, "log10_min_child_weight": 4.115329263250559, "log10_subsample": -0.18463291542130866, "max_depth": 5.0, "num_boost_round": 20.0}, "datetime": {"datetime": "2024-01-19 01:45:21", "elapsed": 5629.243418, "delta": 0.005876}}
{"target": -13.758526443606875, "params": {"gamma": 716.4051318005976, "log10_alpha": -4.134123903761351, "log10_colsample_bytree": -0.02763386618329866, "log10_eta": -3.7939556358013307, "log10_lambda": -3.1727832815061863, "log10_min_child_weight": 4.115329263250559, "log10_subsample": -0.18463291542130866, "max_depth": 5.0, "num_boost_round": 21.0}, "datetime": {"datetime": "2024-01-19 01:45:21", "elapsed": 5629.249871, "delta": 0.006453}}
{"target": -13.758524371292896, "params": {"gamma": 716.4051318005976, "log10_alpha": -4.134123903761351, "log10_colsample_bytree": -0.02763386618329866, "log10_eta": -3.7939556358013307, "log10_lambda": -3.1727832815061863, "log10_min_child_weight": 4.115329263250559, "log10_subsample": -0.18463291542130866, "max_depth": 5.0, "num_boost_round": 22.0}, "datetime": {"datetime": "2024-01-19 01:45:21", "elapsed": 5629.256535, "delta": 0.006664}}
{"target": -13.758523311178044, "params": {"gamma": 716.4051318005976, "log10_alpha": -4.134123903761351, "log10_colsample_bytree": -0.02763386618329866, "log10_eta": -3.7939556358013307, "log10_lambda": -3.1727832815061863, "log10_min_child_weight": 4.115329263250559, "log10_subsample": -0.18463291542130866, "max_depth": 5.0, "num_boost_round": 23.0}, "datetime": {"datetime": "2024-01-19 01:45:21", "elapsed": 5629.262259, "delta": 0.005724}}
{"target": -13.758523278790628, "params": {"gamma": 716.4051318005976, "log10_alpha": -4.134123903761351, "log10_colsample_bytree": -0.02763386618329866, "log10_eta": -3.7939556358013307, "log10_lambda": -3.1727832815061863, "log10_min_child_weight": 4.115329263250559, "log10_subsample": -0.18463291542130866, "max_depth": 5.0, "num_boost_round": 24.0}, "datetime": {"datetime": "2024-01-19 01:45:21", "elapsed": 5629.267982, "delta": 0.005723}}
{"target": -13.75852273251251, "params": {"gamma": 716.4051318005976, "log10_alpha": -4.134123903761351, "log10_colsample_bytree": -0.02763386618329866, "log10_eta": -3.7939556358013307, "log10_lambda": -3.1727832815061863, "log10_min_child_weight": 4.115329263250559, "log10_subsample": -0.18463291542130866, "max_depth": 5.0, "num_boost_round": 25.0}, "datetime": {"datetime": "2024-01-19 01:45:21", "elapsed": 5629.273355, "delta": 0.005373}}
{"target": -13.75852316281184, "params": {"gamma": 716.4051318005976, "log10_alpha": -4.134123903761351, "log10_colsample_bytree": -0.02763386618329866, "log10_eta": -3.7939556358013307, "log10_lambda": -3.1727832815061863, "log10_min_child_weight": 4.115329263250559, "log10_subsample": -0.18463291542130866, "max_depth": 5.0, "num_boost_round": 26.0}, "datetime": {"datetime": "2024-01-19 01:45:21", "elapsed": 5629.278791, "delta": 0.005436}}
{"target": -13.7585227022787, "params": {"gamma": 716.4051318005976, "log10_alpha": -4.134123903761351, "log10_colsample_bytree": -0.02763386618329866, "log10_eta": -3.7939556358013307, "log10_lambda": -3.1727832815061863, "log10_min_child_weight": 4.115329263250559, "log10_subsample": -0.18463291542130866, "max_depth": 5.0, "num_boost_round": 27.0}, "datetime": {"datetime": "2024-01-19 01:45:21", "elapsed": 5629.28433, "delta": 0.005539}}
{"target": -13.758521030681603, "params": {"gamma": 716.4051318005976, "log10_alpha": -4.134123903761351, "log10_colsample_bytree": -0.02763386618329866, "log10_eta": -3.7939556358013307, "log10_lambda": -3.1727832815061863, "log10_min_child_weight": 4.115329263250559, "log10_subsample": -0.18463291542130866, "max_depth": 5.0, "num_boost_round": 28.0}, "datetime": {"datetime": "2024-01-19 01:45:21", "elapsed": 5629.289904, "delta": 0.005574}}
{"target": -13.758519947646818, "params": {"gamma": 716.4051318005976, "log10_alpha": -4.134123903761351, "log10_colsample_bytree": -0.02763386618329866, "log10_eta": -3.7939556358013307, "log10_lambda": -3.1727832815061863, "log10_min_child_weight": 4.115329263250559, "log10_subsample": -0.18463291542130866, "max_depth": 5.0, "num_boost_round": 29.0}, "datetime": {"datetime": "2024-01-19 01:45:21", "elapsed": 5629.295256, "delta": 0.005352}}
{"target": -13.758518914965276, "params": {"gamma": 716.4051318005976, "log10_alpha": -4.134123903761351, "log10_colsample_bytree": -0.02763386618329866, "log10_eta": -3.7939556358013307, "log10_lambda": -3.1727832815061863, "log10_min_child_weight": 4.115329263250559, "log10_subsample": -0.18463291542130866, "max_depth": 5.0, "num_boost_round": 30.0}, "datetime": {"datetime": "2024-01-19 01:45:21", "elapsed": 5629.300819, "delta": 0.005563}}
{"target": -13.758518762250702, "params": {"gamma": 716.4051318005976, "log10_alpha": -4.134123903761351, "log10_colsample_bytree": -0.02763386618329866, "log10_eta": -3.7939556358013307, "log10_lambda": -3.1727832815061863, "log10_min_child_weight": 4.115329263250559, "log10_subsample": -0.18463291542130866, "max_depth": 5.0, "num_boost_round": 31.0}, "datetime": {"datetime": "2024-01-19 01:45:21", "elapsed": 5629.306427, "delta": 0.005608}}
{"target": -13.75851785039368, "params": {"gamma": 716.4051318005976, "log10_alpha": -4.134123903761351, "log10_colsample_bytree": -0.02763386618329866, "log10_eta": -3.7939556358013307, "log10_lambda": -3.1727832815061863, "log10_min_child_weight": 4.115329263250559, "log10_subsample": -0.18463291542130866, "max_depth": 5.0, "num_boost_round": 32.0}, "datetime": {"datetime": "2024-01-19 01:45:21", "elapsed": 5629.312723, "delta": 0.006296}}
{"target": -13.758517222581528, "params": {"gamma": 716.4051318005976, "log10_alpha": -4.134123903761351, "log10_colsample_bytree": -0.02763386618329866, "log10_eta": -3.7939556358013307, "log10_lambda": -3.1727832815061863, "log10_min_child_weight": 4.115329263250559, "log10_subsample": -0.18463291542130866, "max_depth": 5.0, "num_boost_round": 33.0}, "datetime": {"datetime": "2024-01-19 01:45:21", "elapsed": 5629.318344, "delta": 0.005621}}
