{"target": -17.676624392628774, "params": {"gamma": 842.2759967137735, "log10_alpha": 0.9860478693848025, "log10_colsample_bytree": -0.9927175648345727, "log10_eta": -2.839573395784419, "log10_lambda": -1.4792516877781878, "log10_min_child_weight": 0.7300275525474137, "log10_subsample": -0.8303046196388801, "max_depth": 4.0, "num_boost_round": 17.0}, "datetime": {"datetime": "2024-01-19 02:02:58", "elapsed": 6663.454668, "delta": 0.007624}}
{"target": -17.676571401176517, "params": {"gamma": 842.2759967137735, "log10_alpha": 0.9860478693848025, "log10_colsample_bytree": -0.9927175648345727, "log10_eta": -2.839573395784419, "log10_lambda": -1.4792516877781878, "log10_min_child_weight": 0.7300275525474137, "log10_subsample": -0.8303046196388801, "max_depth": 4.0, "num_boost_round": 18.0}, "datetime": {"datetime": "2024-01-19 02:02:58", "elapsed": 6663.462009, "delta": 0.007341}}
{"target": -17.676538641317315, "params": {"gamma": 842.2759967137735, "log10_alpha": 0.9860478693848025, "log10_colsample_bytree": -0.9927175648345727, "log10_eta": -2.839573395784419, "log10_lambda": -1.4792516877781878, "log10_min_child_weight": 0.7300275525474137, "log10_subsample": -0.8303046196388801, "max_depth": 4.0, "num_boost_round": 19.0}, "datetime": {"datetime": "2024-01-19 02:02:58", "elapsed": 6663.469068, "delta": 0.007059}}
{"target": -17.676534752575915, "params": {"gamma": 842.2759967137735, "log10_alpha": 0.9860478693848025, "log10_colsample_bytree": -0.9927175648345727, "log10_eta": -2.839573395784419, "log10_lambda": -1.4792516877781878, "log10_min_child_weight": 0.7300275525474137, "log10_subsample": -0.8303046196388801, "max_depth": 4.0, "num_boost_round": 20.0}, "datetime": {"datetime": "2024-01-19 02:02:58", "elapsed": 6663.476156, "delta": 0.007088}}
{"target": -17.676488788061885, "params": {"gamma": 842.2759967137735, "log10_alpha": 0.9860478693848025, "log10_colsample_bytree": -0.9927175648345727, "log10_eta": -2.839573395784419, "log10_lambda": -1.4792516877781878, "log10_min_child_weight": 0.7300275525474137, "log10_subsample": -0.8303046196388801, "max_depth": 4.0, "num_boost_round": 21.0}, "datetime": {"datetime": "2024-01-19 02:02:58", "elapsed": 6663.483087, "delta": 0.006931}}
{"target": -17.676418694490494, "params": {"gamma": 842.2759967137735, "log10_alpha": 0.9860478693848025, "log10_colsample_bytree": -0.9927175648345727, "log10_eta": -2.839573395784419, "log10_lambda": -1.4792516877781878, "log10_min_child_weight": 0.7300275525474137, "log10_subsample": -0.8303046196388801, "max_depth": 4.0, "num_boost_round": 22.0}, "datetime": {"datetime": "2024-01-19 02:02:58", "elapsed": 6663.49043, "delta": 0.007343}}
{"target": -17.676354755086514, "params": {"gamma": 842.2759967137735, "log10_alpha": 0.9860478693848025, "log10_colsample_bytree": -0.9927175648345727, "log10_eta": -2.839573395784419, "log10_lambda": -1.4792516877781878, "log10_min_child_weight": 0.7300275525474137, "log10_subsample": -0.8303046196388801, "max_depth": 4.0, "num_boost_round": 23.0}, "datetime": {"datetime": "2024-01-19 02:02:58", "elapsed": 6663.497454, "delta": 0.007024}}
{"target": -17.67636192189082, "params": {"gamma": 842.2759967137735, "log10_alpha": 0.9860478693848025, "log10_colsample_bytree": -0.9927175648345727, "log10_eta": -2.839573395784419, "log10_lambda": -1.4792516877781878, "log10_min_child_weight": 0.7300275525474137, "log10_subsample": -0.8303046196388801, "max_depth": 4.0, "num_boost_round": 24.0}, "datetime": {"datetime": "2024-01-19 02:02:58", "elapsed": 6663.504517, "delta": 0.007063}}
{"target": -17.676251216402036, "params": {"gamma": 842.2759967137735, "log10_alpha": 0.9860478693848025, "log10_colsample_bytree": -0.9927175648345727, "log10_eta": -2.839573395784419, "log10_lambda": -1.4792516877781878, "log10_min_child_weight": 0.7300275525474137, "log10_subsample": -0.8303046196388801, "max_depth": 4.0, "num_boost_round": 25.0}, "datetime": {"datetime": "2024-01-19 02:02:58", "elapsed": 6663.511606, "delta": 0.007089}}
{"target": -17.676259502452083, "params": {"gamma": 842.2759967137735, "log10_alpha": 0.9860478693848025, "log10_colsample_bytree": -0.9927175648345727, "log10_eta": -2.839573395784419, "log10_lambda": -1.4792516877781878, "log10_min_child_weight": 0.7300275525474137, "log10_subsample": -0.8303046196388801, "max_depth": 4.0, "num_boost_round": 26.0}, "datetime": {"datetime": "2024-01-19 02:02:58", "elapsed": 6663.518809, "delta": 0.007203}}
{"target": -17.676184416042865, "params": {"gamma": 842.2759967137735, "log10_alpha": 0.9860478693848025, "log10_colsample_bytree": -0.9927175648345727, "log10_eta": -2.839573395784419, "log10_lambda": -1.4792516877781878, "log10_min_child_weight": 0.7300275525474137, "log10_subsample": -0.8303046196388801, "max_depth": 4.0, "num_boost_round": 27.0}, "datetime": {"datetime": "2024-01-19 02:02:58", "elapsed": 6663.525741, "delta": 0.006932}}
{"target": -17.67618934682518, "params": {"gamma": 842.2759967137735, "log10_alpha": 0.9860478693848025, "log10_colsample_bytree": -0.9927175648345727, "log10_eta": -2.839573395784419, "log10_lambda": -1.4792516877781878, "log10_min_child_weight": 0.7300275525474137, "log10_subsample": -0.8303046196388801, "max_depth": 4.0, "num_boost_round": 28.0}, "datetime": {"datetime": "2024-01-19 02:02:59", "elapsed": 6663.532891, "delta": 0.00715}}
{"target": -17.67615068224437, "params": {"gamma": 842.2759967137735, "log10_alpha": 0.9860478693848025, "log10_colsample_bytree": -0.9927175648345727, "log10_eta": -2.839573395784419, "log10_lambda": -1.4792516877781878, "log10_min_child_weight": 0.7300275525474137, "log10_subsample": -0.8303046196388801, "max_depth": 4.0, "num_boost_round": 29.0}, "datetime": {"datetime": "2024-01-19 02:02:59", "elapsed": 6663.540136, "delta": 0.007245}}
{"target": -17.676092851910287, "params": {"gamma": 842.2759967137735, "log10_alpha": 0.9860478693848025, "log10_colsample_bytree": -0.9927175648345727, "log10_eta": -2.839573395784419, "log10_lambda": -1.4792516877781878, "log10_min_child_weight": 0.7300275525474137, "log10_subsample": -0.8303046196388801, "max_depth": 4.0, "num_boost_round": 30.0}, "datetime": {"datetime": "2024-01-19 02:02:59", "elapsed": 6663.547447, "delta": 0.007311}}
{"target": -17.67603454558027, "params": {"gamma": 842.2759967137735, "log10_alpha": 0.9860478693848025, "log10_colsample_bytree": -0.9927175648345727, "log10_eta": -2.839573395784419, "log10_lambda": -1.4792516877781878, "log10_min_child_weight": 0.7300275525474137, "log10_subsample": -0.8303046196388801, "max_depth": 4.0, "num_boost_round": 31.0}, "datetime": {"datetime": "2024-01-19 02:02:59", "elapsed": 6663.554681, "delta": 0.007234}}
{"target": -17.676001787762903, "params": {"gamma": 842.2759967137735, "log10_alpha": 0.9860478693848025, "log10_colsample_bytree": -0.9927175648345727, "log10_eta": -2.839573395784419, "log10_lambda": -1.4792516877781878, "log10_min_child_weight": 0.7300275525474137, "log10_subsample": -0.8303046196388801, "max_depth": 4.0, "num_boost_round": 32.0}, "datetime": {"datetime": "2024-01-19 02:02:59", "elapsed": 6663.561652, "delta": 0.006971}}
{"target": -17.675939690790184, "params": {"gamma": 842.2759967137735, "log10_alpha": 0.9860478693848025, "log10_colsample_bytree": -0.9927175648345727, "log10_eta": -2.839573395784419, "log10_lambda": -1.4792516877781878, "log10_min_child_weight": 0.7300275525474137, "log10_subsample": -0.8303046196388801, "max_depth": 4.0, "num_boost_round": 33.0}, "datetime": {"datetime": "2024-01-19 02:02:59", "elapsed": 6663.568865, "delta": 0.007213}}
{"target": -17.675878199331006, "params": {"gamma": 842.2759967137735, "log10_alpha": 0.9860478693848025, "log10_colsample_bytree": -0.9927175648345727, "log10_eta": -2.839573395784419, "log10_lambda": -1.4792516877781878, "log10_min_child_weight": 0.7300275525474137, "log10_subsample": -0.8303046196388801, "max_depth": 4.0, "num_boost_round": 34.0}, "datetime": {"datetime": "2024-01-19 02:02:59", "elapsed": 6663.575925, "delta": 0.00706}}
{"target": -17.675863065288297, "params": {"gamma": 842.2759967137735, "log10_alpha": 0.9860478693848025, "log10_colsample_bytree": -0.9927175648345727, "log10_eta": -2.839573395784419, "log10_lambda": -1.4792516877781878, "log10_min_child_weight": 0.7300275525474137, "log10_subsample": -0.8303046196388801, "max_depth": 4.0, "num_boost_round": 35.0}, "datetime": {"datetime": "2024-01-19 02:02:59", "elapsed": 6663.582985, "delta": 0.00706}}
{"target": -17.675795073739735, "params": {"gamma": 842.2759967137735, "log10_alpha": 0.9860478693848025, "log10_colsample_bytree": -0.9927175648345727, "log10_eta": -2.839573395784419, "log10_lambda": -1.4792516877781878, "log10_min_child_weight": 0.7300275525474137, "log10_subsample": -0.8303046196388801, "max_depth": 4.0, "num_boost_round": 36.0}, "datetime": {"datetime": "2024-01-19 02:02:59", "elapsed": 6663.590192, "delta": 0.007207}}
{"target": -17.67578588603948, "params": {"gamma": 842.2759967137735, "log10_alpha": 0.9860478693848025, "log10_colsample_bytree": -0.9927175648345727, "log10_eta": -2.839573395784419, "log10_lambda": -1.4792516877781878, "log10_min_child_weight": 0.7300275525474137, "log10_subsample": -0.8303046196388801, "max_depth": 4.0, "num_boost_round": 37.0}, "datetime": {"datetime": "2024-01-19 02:02:59", "elapsed": 6663.597345, "delta": 0.007153}}
{"target": -17.67579079740757, "params": {"gamma": 842.2759967137735, "log10_alpha": 0.9860478693848025, "log10_colsample_bytree": -0.9927175648345727, "log10_eta": -2.839573395784419, "log10_lambda": -1.4792516877781878, "log10_min_child_weight": 0.7300275525474137, "log10_subsample": -0.8303046196388801, "max_depth": 4.0, "num_boost_round": 38.0}, "datetime": {"datetime": "2024-01-19 02:02:59", "elapsed": 6663.604467, "delta": 0.007122}}
{"target": -17.675747149933784, "params": {"gamma": 842.2759967137735, "log10_alpha": 0.9860478693848025, "log10_colsample_bytree": -0.9927175648345727, "log10_eta": -2.839573395784419, "log10_lambda": -1.4792516877781878, "log10_min_child_weight": 0.7300275525474137, "log10_subsample": -0.8303046196388801, "max_depth": 4.0, "num_boost_round": 39.0}, "datetime": {"datetime": "2024-01-19 02:02:59", "elapsed": 6663.611644, "delta": 0.007177}}
{"target": -17.67723152106911, "params": {"gamma": 835.2486076725793, "log10_alpha": -1.2497973040890336, "log10_colsample_bytree": -0.6995153840890023, "log10_eta": -3.642872342111139, "log10_lambda": -3.561836221062342, "log10_min_child_weight": 4.657619505453305, "log10_subsample": -0.730990514428127, "max_depth": 8.0, "num_boost_round": 0.0}, "datetime": {"datetime": "2024-01-19 02:05:55", "elapsed": 6840.083432, "delta": 176.471788}}
{"target": -17.677228696574748, "params": {"gamma": 835.2486076725793, "log10_alpha": -1.2497973040890336, "log10_colsample_bytree": -0.6995153840890023, "log10_eta": -3.642872342111139, "log10_lambda": -3.561836221062342, "log10_min_child_weight": 4.657619505453305, "log10_subsample": -0.730990514428127, "max_depth": 8.0, "num_boost_round": 1.0}, "datetime": {"datetime": "2024-01-19 02:05:55", "elapsed": 6840.092021, "delta": 0.008589}}
{"target": -17.677227699131866, "params": {"gamma": 835.2486076725793, "log10_alpha": -1.2497973040890336, "log10_colsample_bytree": -0.6995153840890023, "log10_eta": -3.642872342111139, "log10_lambda": -3.561836221062342, "log10_min_child_weight": 4.657619505453305, "log10_subsample": -0.730990514428127, "max_depth": 8.0, "num_boost_round": 2.0}, "datetime": {"datetime": "2024-01-19 02:05:55", "elapsed": 6840.10072, "delta": 0.008699}}
{"target": -17.677225768814576, "params": {"gamma": 835.2486076725793, "log10_alpha": -1.2497973040890336, "log10_colsample_bytree": -0.6995153840890023, "log10_eta": -3.642872342111139, "log10_lambda": -3.561836221062342, "log10_min_child_weight": 4.657619505453305, "log10_subsample": -0.730990514428127, "max_depth": 8.0, "num_boost_round": 3.0}, "datetime": {"datetime": "2024-01-19 02:05:55", "elapsed": 6840.108832, "delta": 0.008112}}
{"target": -17.67722355969748, "params": {"gamma": 835.2486076725793, "log10_alpha": -1.2497973040890336, "log10_colsample_bytree": -0.6995153840890023, "log10_eta": -3.642872342111139, "log10_lambda": -3.561836221062342, "log10_min_child_weight": 4.657619505453305, "log10_subsample": -0.730990514428127, "max_depth": 8.0, "num_boost_round": 4.0}, "datetime": {"datetime": "2024-01-19 02:05:55", "elapsed": 6840.116779, "delta": 0.007947}}
{"target": -17.677223967688914, "params": {"gamma": 835.2486076725793, "log10_alpha": -1.2497973040890336, "log10_colsample_bytree": -0.6995153840890023, "log10_eta": -3.642872342111139, "log10_lambda": -3.561836221062342, "log10_min_child_weight": 4.657619505453305, "log10_subsample": -0.730990514428127, "max_depth": 8.0, "num_boost_round": 5.0}, "datetime": {"datetime": "2024-01-19 02:05:55", "elapsed": 6840.124711, "delta": 0.007932}}
{"target": -17.67722421702511, "params": {"gamma": 835.2486076725793, "log10_alpha": -1.2497973040890336, "log10_colsample_bytree": -0.6995153840890023, "log10_eta": -3.642872342111139, "log10_lambda": -3.561836221062342, "log10_min_child_weight": 4.657619505453305, "log10_subsample": -0.730990514428127, "max_depth": 8.0, "num_boost_round": 6.0}, "datetime": {"datetime": "2024-01-19 02:05:55", "elapsed": 6840.13282, "delta": 0.008109}}
{"target": -17.677222135684296, "params": {"gamma": 835.2486076725793, "log10_alpha": -1.2497973040890336, "log10_colsample_bytree": -0.6995153840890023, "log10_eta": -3.642872342111139, "log10_lambda": -3.561836221062342, "log10_min_child_weight": 4.657619505453305, "log10_subsample": -0.730990514428127, "max_depth": 8.0, "num_boost_round": 7.0}, "datetime": {"datetime": "2024-01-19 02:05:55", "elapsed": 6840.140694, "delta": 0.007874}}
{"target": -17.67721963187036, "params": {"gamma": 835.2486076725793, "log10_alpha": -1.2497973040890336, "log10_colsample_bytree": -0.6995153840890023, "log10_eta": -3.642872342111139, "log10_lambda": -3.561836221062342, "log10_min_child_weight": 4.657619505453305, "log10_subsample": -0.730990514428127, "max_depth": 8.0, "num_boost_round": 8.0}, "datetime": {"datetime": "2024-01-19 02:05:55", "elapsed": 6840.1486, "delta": 0.007906}}
{"target": -17.677217593506708, "params": {"gamma": 835.2486076725793, "log10_alpha": -1.2497973040890336, "log10_colsample_bytree": -0.6995153840890023, "log10_eta": -3.642872342111139, "log10_lambda": -3.561836221062342, "log10_min_child_weight": 4.657619505453305, "log10_subsample": -0.730990514428127, "max_depth": 8.0, "num_boost_round": 9.0}, "datetime": {"datetime": "2024-01-19 02:05:55", "elapsed": 6840.156399, "delta": 0.007799}}
{"target": -17.677216300555692, "params": {"gamma": 835.2486076725793, "log10_alpha": -1.2497973040890336, "log10_colsample_bytree": -0.6995153840890023, "log10_eta": -3.642872342111139, "log10_lambda": -3.561836221062342, "log10_min_child_weight": 4.657619505453305, "log10_subsample": -0.730990514428127, "max_depth": 8.0, "num_boost_round": 10.0}, "datetime": {"datetime": "2024-01-19 02:05:55", "elapsed": 6840.164382, "delta": 0.007983}}
{"target": -17.677213958285765, "params": {"gamma": 835.2486076725793, "log10_alpha": -1.2497973040890336, "log10_colsample_bytree": -0.6995153840890023, "log10_eta": -3.642872342111139, "log10_lambda": -3.561836221062342, "log10_min_child_weight": 4.657619505453305, "log10_subsample": -0.730990514428127, "max_depth": 8.0, "num_boost_round": 11.0}, "datetime": {"datetime": "2024-01-19 02:05:55", "elapsed": 6840.307574, "delta": 0.143192}}
{"target": -17.6772131796073, "params": {"gamma": 835.2486076725793, "log10_alpha": -1.2497973040890336, "log10_colsample_bytree": -0.6995153840890023, "log10_eta": -3.642872342111139, "log10_lambda": -3.561836221062342, "log10_min_child_weight": 4.657619505453305, "log10_subsample": -0.730990514428127, "max_depth": 8.0, "num_boost_round": 12.0}, "datetime": {"datetime": "2024-01-19 02:05:55", "elapsed": 6840.316675, "delta": 0.009101}}
{"target": -17.6772140385971, "params": {"gamma": 835.2486076725793, "log10_alpha": -1.2497973040890336, "log10_colsample_bytree": -0.6995153840890023, "log10_eta": -3.642872342111139, "log10_lambda": -3.561836221062342, "log10_min_child_weight": 4.657619505453305, "log10_subsample": -0.730990514428127, "max_depth": 8.0, "num_boost_round": 13.0}, "datetime": {"datetime": "2024-01-19 02:05:55", "elapsed": 6840.324962, "delta": 0.008287}}
{"target": -17.67721441425348, "params": {"gamma": 835.2486076725793, "log10_alpha": -1.2497973040890336, "log10_colsample_bytree": -0.6995153840890023, "log10_eta": -3.642872342111139, "log10_lambda": -3.561836221062342, "log10_min_child_weight": 4.657619505453305, "log10_subsample": -0.730990514428127, "max_depth": 8.0, "num_boost_round": 14.0}, "datetime": {"datetime": "2024-01-19 02:05:55", "elapsed": 6840.333157, "delta": 0.008195}}
{"target": -17.67721367724627, "params": {"gamma": 835.2486076725793, "log10_alpha": -1.2497973040890336, "log10_colsample_bytree": -0.6995153840890023, "log10_eta": -3.642872342111139, "log10_lambda": -3.561836221062342, "log10_min_child_weight": 4.657619505453305, "log10_subsample": -0.730990514428127, "max_depth": 8.0, "num_boost_round": 15.0}, "datetime": {"datetime": "2024-01-19 02:05:55", "elapsed": 6840.341387, "delta": 0.00823}}
{"target": -17.677210963514906, "params": {"gamma": 835.2486076725793, "log10_alpha": -1.2497973040890336, "log10_colsample_bytree": -0.6995153840890023, "log10_eta": -3.642872342111139, "log10_lambda": -3.561836221062342, "log10_min_child_weight": 4.657619505453305, "log10_subsample": -0.730990514428127, "max_depth": 8.0, "num_boost_round": 16.0}, "datetime": {"datetime": "2024-01-19 02:05:55", "elapsed": 6840.349458, "delta": 0.008071}}
{"target": -17.677209151893248, "params": {"gamma": 835.2486076725793, "log10_alpha": -1.2497973040890336, "log10_colsample_bytree": -0.6995153840890023, "log10_eta": -3.642872342111139, "log10_lambda": -3.561836221062342, "log10_min_child_weight": 4.657619505453305, "log10_subsample": -0.730990514428127, "max_depth": 8.0, "num_boost_round": 17.0}, "datetime": {"datetime": "2024-01-19 02:05:55", "elapsed": 6840.357619, "delta": 0.008161}}
{"target": -17.677205555209746, "params": {"gamma": 835.2486076725793, "log10_alpha": -1.2497973040890336, "log10_colsample_bytree": -0.6995153840890023, "log10_eta": -3.642872342111139, "log10_lambda": -3.561836221062342, "log10_min_child_weight": 4.657619505453305, "log10_subsample": -0.730990514428127, "max_depth": 8.0, "num_boost_round": 18.0}, "datetime": {"datetime": "2024-01-19 02:05:55", "elapsed": 6840.365811, "delta": 0.008192}}
{"target": -17.67720219170849, "params": {"gamma": 835.2486076725793, "log10_alpha": -1.2497973040890336, "log10_colsample_bytree": -0.6995153840890023, "log10_eta": -3.642872342111139, "log10_lambda": -3.561836221062342, "log10_min_child_weight": 4.657619505453305, "log10_subsample": -0.730990514428127, "max_depth": 8.0, "num_boost_round": 19.0}, "datetime": {"datetime": "2024-01-19 02:05:55", "elapsed": 6840.374078, "delta": 0.008267}}
{"target": -17.677201955424778, "params": {"gamma": 835.2486076725793, "log10_alpha": -1.2497973040890336, "log10_colsample_bytree": -0.6995153840890023, "log10_eta": -3.642872342111139, "log10_lambda": -3.561836221062342, "log10_min_child_weight": 4.657619505453305, "log10_subsample": -0.730990514428127, "max_depth": 8.0, "num_boost_round": 20.0}, "datetime": {"datetime": "2024-01-19 02:05:55", "elapsed": 6840.382285, "delta": 0.008207}}
{"target": -17.67720044728586, "params": {"gamma": 835.2486076725793, "log10_alpha": -1.2497973040890336, "log10_colsample_bytree": -0.6995153840890023, "log10_eta": -3.642872342111139, "log10_lambda": -3.561836221062342, "log10_min_child_weight": 4.657619505453305, "log10_subsample": -0.730990514428127, "max_depth": 8.0, "num_boost_round": 21.0}, "datetime": {"datetime": "2024-01-19 02:05:55", "elapsed": 6840.390369, "delta": 0.008084}}
{"target": -17.677197857615553, "params": {"gamma": 835.2486076725793, "log10_alpha": -1.2497973040890336, "log10_colsample_bytree": -0.6995153840890023, "log10_eta": -3.642872342111139, "log10_lambda": -3.561836221062342, "log10_min_child_weight": 4.657619505453305, "log10_subsample": -0.730990514428127, "max_depth": 8.0, "num_boost_round": 22.0}, "datetime": {"datetime": "2024-01-19 02:05:55", "elapsed": 6840.399298, "delta": 0.008929}}
{"target": -17.677194809133137, "params": {"gamma": 835.2486076725793, "log10_alpha": -1.2497973040890336, "log10_colsample_bytree": -0.6995153840890023, "log10_eta": -3.642872342111139, "log10_lambda": -3.561836221062342, "log10_min_child_weight": 4.657619505453305, "log10_subsample": -0.730990514428127, "max_depth": 8.0, "num_boost_round": 23.0}, "datetime": {"datetime": "2024-01-19 02:05:55", "elapsed": 6840.407511, "delta": 0.008213}}
{"target": -17.67719531720482, "params": {"gamma": 835.2486076725793, "log10_alpha": -1.2497973040890336, "log10_colsample_bytree": -0.6995153840890023, "log10_eta": -3.642872342111139, "log10_lambda": -3.561836221062342, "log10_min_child_weight": 4.657619505453305, "log10_subsample": -0.730990514428127, "max_depth": 8.0, "num_boost_round": 24.0}, "datetime": {"datetime": "2024-01-19 02:05:55", "elapsed": 6840.415478, "delta": 0.007967}}
{"target": -17.67719303560065, "params": {"gamma": 835.2486076725793, "log10_alpha": -1.2497973040890336, "log10_colsample_bytree": -0.6995153840890023, "log10_eta": -3.642872342111139, "log10_lambda": -3.561836221062342, "log10_min_child_weight": 4.657619505453305, "log10_subsample": -0.730990514428127, "max_depth": 8.0, "num_boost_round": 25.0}, "datetime": {"datetime": "2024-01-19 02:05:55", "elapsed": 6840.423408, "delta": 0.00793}}
