{"target": -17.67462011830727, "params": {"gamma": 158.14036468402392, "log10_alpha": -0.7912475825227929, "log10_colsample_bytree": -0.11826830435829994, "log10_eta": -2.2548645453903413, "log10_lambda": -2.0362675354164606, "log10_min_child_weight": 0.9659949100276627, "log10_subsample": -0.4074803639747192, "max_depth": 2.0, "num_boost_round": 32.0}, "datetime": {"datetime": "2024-01-19 00:31:11", "elapsed": 1156.017824, "delta": 0.001712}}
{"target": -17.674603842475754, "params": {"gamma": 158.14036468402392, "log10_alpha": -0.7912475825227929, "log10_colsample_bytree": -0.11826830435829994, "log10_eta": -2.2548645453903413, "log10_lambda": -2.0362675354164606, "log10_min_child_weight": 0.9659949100276627, "log10_subsample": -0.4074803639747192, "max_depth": 2.0, "num_boost_round": 33.0}, "datetime": {"datetime": "2024-01-19 00:31:11", "elapsed": 1156.019611, "delta": 0.001787}}
{"target": -17.67458076063111, "params": {"gamma": 158.14036468402392, "log10_alpha": -0.7912475825227929, "log10_colsample_bytree": -0.11826830435829994, "log10_eta": -2.2548645453903413, "log10_lambda": -2.0362675354164606, "log10_min_child_weight": 0.9659949100276627, "log10_subsample": -0.4074803639747192, "max_depth": 2.0, "num_boost_round": 34.0}, "datetime": {"datetime": "2024-01-19 00:31:11", "elapsed": 1156.021309, "delta": 0.001698}}
{"target": -17.67457223066233, "params": {"gamma": 158.14036468402392, "log10_alpha": -0.7912475825227929, "log10_colsample_bytree": -0.11826830435829994, "log10_eta": -2.2548645453903413, "log10_lambda": -2.0362675354164606, "log10_min_child_weight": 0.9659949100276627, "log10_subsample": -0.4074803639747192, "max_depth": 2.0, "num_boost_round": 35.0}, "datetime": {"datetime": "2024-01-19 00:31:11", "elapsed": 1156.022998, "delta": 0.001689}}
{"target": -17.67459135447344, "params": {"gamma": 158.14036468402392, "log10_alpha": -0.7912475825227929, "log10_colsample_bytree": -0.11826830435829994, "log10_eta": -2.2548645453903413, "log10_lambda": -2.0362675354164606, "log10_min_child_weight": 0.9659949100276627, "log10_subsample": -0.4074803639747192, "max_depth": 2.0, "num_boost_round": 36.0}, "datetime": {"datetime": "2024-01-19 00:31:11", "elapsed": 1156.024705, "delta": 0.001707}}
{"target": -17.67459578389462, "params": {"gamma": 158.14036468402392, "log10_alpha": -0.7912475825227929, "log10_colsample_bytree": -0.11826830435829994, "log10_eta": -2.2548645453903413, "log10_lambda": -2.0362675354164606, "log10_min_child_weight": 0.9659949100276627, "log10_subsample": -0.4074803639747192, "max_depth": 2.0, "num_boost_round": 37.0}, "datetime": {"datetime": "2024-01-19 00:31:11", "elapsed": 1156.030698, "delta": 0.005993}}
{"target": -17.674612427901973, "params": {"gamma": 158.14036468402392, "log10_alpha": -0.7912475825227929, "log10_colsample_bytree": -0.11826830435829994, "log10_eta": -2.2548645453903413, "log10_lambda": -2.0362675354164606, "log10_min_child_weight": 0.9659949100276627, "log10_subsample": -0.4074803639747192, "max_depth": 2.0, "num_boost_round": 38.0}, "datetime": {"datetime": "2024-01-19 00:31:11", "elapsed": 1156.032503, "delta": 0.001805}}
{"target": -17.674631464741704, "params": {"gamma": 158.14036468402392, "log10_alpha": -0.7912475825227929, "log10_colsample_bytree": -0.11826830435829994, "log10_eta": -2.2548645453903413, "log10_lambda": -2.0362675354164606, "log10_min_child_weight": 0.9659949100276627, "log10_subsample": -0.4074803639747192, "max_depth": 2.0, "num_boost_round": 39.0}, "datetime": {"datetime": "2024-01-19 00:31:11", "elapsed": 1156.034254, "delta": 0.001751}}
{"target": -17.674638401015557, "params": {"gamma": 158.14036468402392, "log10_alpha": -0.7912475825227929, "log10_colsample_bytree": -0.11826830435829994, "log10_eta": -2.2548645453903413, "log10_lambda": -2.0362675354164606, "log10_min_child_weight": 0.9659949100276627, "log10_subsample": -0.4074803639747192, "max_depth": 2.0, "num_boost_round": 40.0}, "datetime": {"datetime": "2024-01-19 00:31:11", "elapsed": 1156.035981, "delta": 0.001727}}
{"target": -17.674639192688907, "params": {"gamma": 158.14036468402392, "log10_alpha": -0.7912475825227929, "log10_colsample_bytree": -0.11826830435829994, "log10_eta": -2.2548645453903413, "log10_lambda": -2.0362675354164606, "log10_min_child_weight": 0.9659949100276627, "log10_subsample": -0.4074803639747192, "max_depth": 2.0, "num_boost_round": 41.0}, "datetime": {"datetime": "2024-01-19 00:31:11", "elapsed": 1156.037697, "delta": 0.001716}}
{"target": -17.67465880191281, "params": {"gamma": 158.14036468402392, "log10_alpha": -0.7912475825227929, "log10_colsample_bytree": -0.11826830435829994, "log10_eta": -2.2548645453903413, "log10_lambda": -2.0362675354164606, "log10_min_child_weight": 0.9659949100276627, "log10_subsample": -0.4074803639747192, "max_depth": 2.0, "num_boost_round": 42.0}, "datetime": {"datetime": "2024-01-19 00:31:11", "elapsed": 1156.039604, "delta": 0.001907}}
{"target": -17.674554164524295, "params": {"gamma": 158.14036468402392, "log10_alpha": -0.7912475825227929, "log10_colsample_bytree": -0.11826830435829994, "log10_eta": -2.2548645453903413, "log10_lambda": -2.0362675354164606, "log10_min_child_weight": 0.9659949100276627, "log10_subsample": -0.4074803639747192, "max_depth": 2.0, "num_boost_round": 43.0}, "datetime": {"datetime": "2024-01-19 00:31:11", "elapsed": 1156.041458, "delta": 0.001854}}
{"target": -17.67454047336397, "params": {"gamma": 158.14036468402392, "log10_alpha": -0.7912475825227929, "log10_colsample_bytree": -0.11826830435829994, "log10_eta": -2.2548645453903413, "log10_lambda": -2.0362675354164606, "log10_min_child_weight": 0.9659949100276627, "log10_subsample": -0.4074803639747192, "max_depth": 2.0, "num_boost_round": 44.0}, "datetime": {"datetime": "2024-01-19 00:31:11", "elapsed": 1156.043179, "delta": 0.001721}}
{"target": -17.67455895186043, "params": {"gamma": 158.14036468402392, "log10_alpha": -0.7912475825227929, "log10_colsample_bytree": -0.11826830435829994, "log10_eta": -2.2548645453903413, "log10_lambda": -2.0362675354164606, "log10_min_child_weight": 0.9659949100276627, "log10_subsample": -0.4074803639747192, "max_depth": 2.0, "num_boost_round": 45.0}, "datetime": {"datetime": "2024-01-19 00:31:11", "elapsed": 1156.04491, "delta": 0.001731}}
{"target": -17.67458434752487, "params": {"gamma": 158.14036468402392, "log10_alpha": -0.7912475825227929, "log10_colsample_bytree": -0.11826830435829994, "log10_eta": -2.2548645453903413, "log10_lambda": -2.0362675354164606, "log10_min_child_weight": 0.9659949100276627, "log10_subsample": -0.4074803639747192, "max_depth": 2.0, "num_boost_round": 46.0}, "datetime": {"datetime": "2024-01-19 00:31:11", "elapsed": 1156.04673, "delta": 0.00182}}
{"target": -17.674612994962086, "params": {"gamma": 158.14036468402392, "log10_alpha": -0.7912475825227929, "log10_colsample_bytree": -0.11826830435829994, "log10_eta": -2.2548645453903413, "log10_lambda": -2.0362675354164606, "log10_min_child_weight": 0.9659949100276627, "log10_subsample": -0.4074803639747192, "max_depth": 2.0, "num_boost_round": 47.0}, "datetime": {"datetime": "2024-01-19 00:31:11", "elapsed": 1156.048553, "delta": 0.001823}}
{"target": -17.674604279461583, "params": {"gamma": 158.14036468402392, "log10_alpha": -0.7912475825227929, "log10_colsample_bytree": -0.11826830435829994, "log10_eta": -2.2548645453903413, "log10_lambda": -2.0362675354164606, "log10_min_child_weight": 0.9659949100276627, "log10_subsample": -0.4074803639747192, "max_depth": 2.0, "num_boost_round": 48.0}, "datetime": {"datetime": "2024-01-19 00:31:11", "elapsed": 1156.05028, "delta": 0.001727}}
{"target": -17.674593519624892, "params": {"gamma": 158.14036468402392, "log10_alpha": -0.7912475825227929, "log10_colsample_bytree": -0.11826830435829994, "log10_eta": -2.2548645453903413, "log10_lambda": -2.0362675354164606, "log10_min_child_weight": 0.9659949100276627, "log10_subsample": -0.4074803639747192, "max_depth": 2.0, "num_boost_round": 49.0}, "datetime": {"datetime": "2024-01-19 00:31:11", "elapsed": 1156.052113, "delta": 0.001833}}
{"target": -17.674623237481715, "params": {"gamma": 158.14036468402392, "log10_alpha": -0.7912475825227929, "log10_colsample_bytree": -0.11826830435829994, "log10_eta": -2.2548645453903413, "log10_lambda": -2.0362675354164606, "log10_min_child_weight": 0.9659949100276627, "log10_subsample": -0.4074803639747192, "max_depth": 2.0, "num_boost_round": 50.0}, "datetime": {"datetime": "2024-01-19 00:31:11", "elapsed": 1156.05386, "delta": 0.001747}}
{"target": -17.674668710780697, "params": {"gamma": 158.14036468402392, "log10_alpha": -0.7912475825227929, "log10_colsample_bytree": -0.11826830435829994, "log10_eta": -2.2548645453903413, "log10_lambda": -2.0362675354164606, "log10_min_child_weight": 0.9659949100276627, "log10_subsample": -0.4074803639747192, "max_depth": 2.0, "num_boost_round": 51.0}, "datetime": {"datetime": "2024-01-19 00:31:11", "elapsed": 1156.055588, "delta": 0.001728}}
{"target": -17.67451645135911, "params": {"gamma": 158.14036468402392, "log10_alpha": -0.7912475825227929, "log10_colsample_bytree": -0.11826830435829994, "log10_eta": -2.2548645453903413, "log10_lambda": -2.0362675354164606, "log10_min_child_weight": 0.9659949100276627, "log10_subsample": -0.4074803639747192, "max_depth": 2.0, "num_boost_round": 52.0}, "datetime": {"datetime": "2024-01-19 00:31:11", "elapsed": 1156.05732, "delta": 0.001732}}
{"target": -17.674552645660484, "params": {"gamma": 158.14036468402392, "log10_alpha": -0.7912475825227929, "log10_colsample_bytree": -0.11826830435829994, "log10_eta": -2.2548645453903413, "log10_lambda": -2.0362675354164606, "log10_min_child_weight": 0.9659949100276627, "log10_subsample": -0.4074803639747192, "max_depth": 2.0, "num_boost_round": 53.0}, "datetime": {"datetime": "2024-01-19 00:31:11", "elapsed": 1156.059159, "delta": 0.001839}}
{"target": -17.674474108853914, "params": {"gamma": 158.14036468402392, "log10_alpha": -0.7912475825227929, "log10_colsample_bytree": -0.11826830435829994, "log10_eta": -2.2548645453903413, "log10_lambda": -2.0362675354164606, "log10_min_child_weight": 0.9659949100276627, "log10_subsample": -0.4074803639747192, "max_depth": 2.0, "num_boost_round": 54.0}, "datetime": {"datetime": "2024-01-19 00:31:11", "elapsed": 1156.06091, "delta": 0.001751}}
{"target": -17.677229248654925, "params": {"gamma": 181.49001178440002, "log10_alpha": 1.0, "log10_colsample_bytree": 0.0, "log10_eta": -4.0, "log10_lambda": 1.0, "log10_min_child_weight": 0.0, "log10_subsample": -1.0, "max_depth": 4.0, "num_boost_round": 0.0}, "datetime": {"datetime": "2024-01-19 00:31:39", "elapsed": 1184.223624, "delta": 28.162714}}
{"target": -17.677224776663174, "params": {"gamma": 181.49001178440002, "log10_alpha": 1.0, "log10_colsample_bytree": 0.0, "log10_eta": -4.0, "log10_lambda": 1.0, "log10_min_child_weight": 0.0, "log10_subsample": -1.0, "max_depth": 4.0, "num_boost_round": 1.0}, "datetime": {"datetime": "2024-01-19 00:31:39", "elapsed": 1184.226375, "delta": 0.002751}}
{"target": -17.677221572734357, "params": {"gamma": 181.49001178440002, "log10_alpha": 1.0, "log10_colsample_bytree": 0.0, "log10_eta": -4.0, "log10_lambda": 1.0, "log10_min_child_weight": 0.0, "log10_subsample": -1.0, "max_depth": 4.0, "num_boost_round": 2.0}, "datetime": {"datetime": "2024-01-19 00:31:39", "elapsed": 1184.228544, "delta": 0.002169}}
{"target": -17.677216062774917, "params": {"gamma": 181.49001178440002, "log10_alpha": 1.0, "log10_colsample_bytree": 0.0, "log10_eta": -4.0, "log10_lambda": 1.0, "log10_min_child_weight": 0.0, "log10_subsample": -1.0, "max_depth": 4.0, "num_boost_round": 3.0}, "datetime": {"datetime": "2024-01-19 00:31:39", "elapsed": 1184.230361, "delta": 0.001817}}
{"target": -17.677215700304355, "params": {"gamma": 181.49001178440002, "log10_alpha": 1.0, "log10_colsample_bytree": 0.0, "log10_eta": -4.0, "log10_lambda": 1.0, "log10_min_child_weight": 0.0, "log10_subsample": -1.0, "max_depth": 4.0, "num_boost_round": 4.0}, "datetime": {"datetime": "2024-01-19 00:31:39", "elapsed": 1184.232219, "delta": 0.001858}}
{"target": -17.67721209034781, "params": {"gamma": 181.49001178440002, "log10_alpha": 1.0, "log10_colsample_bytree": 0.0, "log10_eta": -4.0, "log10_lambda": 1.0, "log10_min_child_weight": 0.0, "log10_subsample": -1.0, "max_depth": 4.0, "num_boost_round": 5.0}, "datetime": {"datetime": "2024-01-19 00:31:39", "elapsed": 1184.23408, "delta": 0.001861}}
{"target": -17.677206259202308, "params": {"gamma": 181.49001178440002, "log10_alpha": 1.0, "log10_colsample_bytree": 0.0, "log10_eta": -4.0, "log10_lambda": 1.0, "log10_min_child_weight": 0.0, "log10_subsample": -1.0, "max_depth": 4.0, "num_boost_round": 6.0}, "datetime": {"datetime": "2024-01-19 00:31:39", "elapsed": 1184.235848, "delta": 0.001768}}
{"target": -17.677204216335774, "params": {"gamma": 181.49001178440002, "log10_alpha": 1.0, "log10_colsample_bytree": 0.0, "log10_eta": -4.0, "log10_lambda": 1.0, "log10_min_child_weight": 0.0, "log10_subsample": -1.0, "max_depth": 4.0, "num_boost_round": 7.0}, "datetime": {"datetime": "2024-01-19 00:31:39", "elapsed": 1184.237611, "delta": 0.001763}}
{"target": -17.677197419720226, "params": {"gamma": 181.49001178440002, "log10_alpha": 1.0, "log10_colsample_bytree": 0.0, "log10_eta": -4.0, "log10_lambda": 1.0, "log10_min_child_weight": 0.0, "log10_subsample": -1.0, "max_depth": 4.0, "num_boost_round": 8.0}, "datetime": {"datetime": "2024-01-19 00:31:39", "elapsed": 1184.239601, "delta": 0.00199}}
{"target": -17.677192819431635, "params": {"gamma": 181.49001178440002, "log10_alpha": 1.0, "log10_colsample_bytree": 0.0, "log10_eta": -4.0, "log10_lambda": 1.0, "log10_min_child_weight": 0.0, "log10_subsample": -1.0, "max_depth": 4.0, "num_boost_round": 9.0}, "datetime": {"datetime": "2024-01-19 00:31:39", "elapsed": 1184.241612, "delta": 0.002011}}
{"target": -17.677189183018687, "params": {"gamma": 181.49001178440002, "log10_alpha": 1.0, "log10_colsample_bytree": 0.0, "log10_eta": -4.0, "log10_lambda": 1.0, "log10_min_child_weight": 0.0, "log10_subsample": -1.0, "max_depth": 4.0, "num_boost_round": 10.0}, "datetime": {"datetime": "2024-01-19 00:31:39", "elapsed": 1184.243501, "delta": 0.001889}}
{"target": -17.677186690533002, "params": {"gamma": 181.49001178440002, "log10_alpha": 1.0, "log10_colsample_bytree": 0.0, "log10_eta": -4.0, "log10_lambda": 1.0, "log10_min_child_weight": 0.0, "log10_subsample": -1.0, "max_depth": 4.0, "num_boost_round": 11.0}, "datetime": {"datetime": "2024-01-19 00:31:39", "elapsed": 1184.245367, "delta": 0.001866}}
{"target": -17.677181900979146, "params": {"gamma": 181.49001178440002, "log10_alpha": 1.0, "log10_colsample_bytree": 0.0, "log10_eta": -4.0, "log10_lambda": 1.0, "log10_min_child_weight": 0.0, "log10_subsample": -1.0, "max_depth": 4.0, "num_boost_round": 12.0}, "datetime": {"datetime": "2024-01-19 00:31:39", "elapsed": 1184.247158, "delta": 0.001791}}
{"target": -17.677177675053382, "params": {"gamma": 181.49001178440002, "log10_alpha": 1.0, "log10_colsample_bytree": 0.0, "log10_eta": -4.0, "log10_lambda": 1.0, "log10_min_child_weight": 0.0, "log10_subsample": -1.0, "max_depth": 4.0, "num_boost_round": 13.0}, "datetime": {"datetime": "2024-01-19 00:31:39", "elapsed": 1184.248958, "delta": 0.0018}}
{"target": -17.6771762478959, "params": {"gamma": 181.49001178440002, "log10_alpha": 1.0, "log10_colsample_bytree": 0.0, "log10_eta": -4.0, "log10_lambda": 1.0, "log10_min_child_weight": 0.0, "log10_subsample": -1.0, "max_depth": 4.0, "num_boost_round": 14.0}, "datetime": {"datetime": "2024-01-19 00:31:39", "elapsed": 1184.250763, "delta": 0.001805}}
{"target": -17.67717275686455, "params": {"gamma": 181.49001178440002, "log10_alpha": 1.0, "log10_colsample_bytree": 0.0, "log10_eta": -4.0, "log10_lambda": 1.0, "log10_min_child_weight": 0.0, "log10_subsample": -1.0, "max_depth": 4.0, "num_boost_round": 15.0}, "datetime": {"datetime": "2024-01-19 00:31:39", "elapsed": 1184.252587, "delta": 0.001824}}
{"target": -17.67717134034202, "params": {"gamma": 181.49001178440002, "log10_alpha": 1.0, "log10_colsample_bytree": 0.0, "log10_eta": -4.0, "log10_lambda": 1.0, "log10_min_child_weight": 0.0, "log10_subsample": -1.0, "max_depth": 4.0, "num_boost_round": 16.0}, "datetime": {"datetime": "2024-01-19 00:31:39", "elapsed": 1184.254459, "delta": 0.001872}}
{"target": -17.67716479928792, "params": {"gamma": 181.49001178440002, "log10_alpha": 1.0, "log10_colsample_bytree": 0.0, "log10_eta": -4.0, "log10_lambda": 1.0, "log10_min_child_weight": 0.0, "log10_subsample": -1.0, "max_depth": 4.0, "num_boost_round": 17.0}, "datetime": {"datetime": "2024-01-19 00:31:39", "elapsed": 1184.256293, "delta": 0.001834}}
{"target": -17.67716066158983, "params": {"gamma": 181.49001178440002, "log10_alpha": 1.0, "log10_colsample_bytree": 0.0, "log10_eta": -4.0, "log10_lambda": 1.0, "log10_min_child_weight": 0.0, "log10_subsample": -1.0, "max_depth": 4.0, "num_boost_round": 18.0}, "datetime": {"datetime": "2024-01-19 00:31:39", "elapsed": 1184.258128, "delta": 0.001835}}
{"target": -17.67715859195508, "params": {"gamma": 181.49001178440002, "log10_alpha": 1.0, "log10_colsample_bytree": 0.0, "log10_eta": -4.0, "log10_lambda": 1.0, "log10_min_child_weight": 0.0, "log10_subsample": -1.0, "max_depth": 4.0, "num_boost_round": 19.0}, "datetime": {"datetime": "2024-01-19 00:31:39", "elapsed": 1184.259947, "delta": 0.001819}}
{"target": -17.67715300814205, "params": {"gamma": 181.49001178440002, "log10_alpha": 1.0, "log10_colsample_bytree": 0.0, "log10_eta": -4.0, "log10_lambda": 1.0, "log10_min_child_weight": 0.0, "log10_subsample": -1.0, "max_depth": 4.0, "num_boost_round": 20.0}, "datetime": {"datetime": "2024-01-19 00:31:39", "elapsed": 1184.261815, "delta": 0.001868}}
{"target": -17.677152804506605, "params": {"gamma": 181.49001178440002, "log10_alpha": 1.0, "log10_colsample_bytree": 0.0, "log10_eta": -4.0, "log10_lambda": 1.0, "log10_min_child_weight": 0.0, "log10_subsample": -1.0, "max_depth": 4.0, "num_boost_round": 21.0}, "datetime": {"datetime": "2024-01-19 00:31:39", "elapsed": 1184.263661, "delta": 0.001846}}
{"target": -17.67723020060775, "params": {"gamma": 166.5886540904502, "log10_alpha": 0.4424289526924561, "log10_colsample_bytree": -0.3455000867563027, "log10_eta": -3.513685956012043, "log10_lambda": 0.5011080324186894, "log10_min_child_weight": 4.62923545119607, "log10_subsample": -0.5891678023626963, "max_depth": 5.0, "num_boost_round": 0.0}, "datetime": {"datetime": "2024-01-19 00:32:20", "elapsed": 1225.400021, "delta": 41.13636}}
{"target": -17.677228185881997, "params": {"gamma": 166.5886540904502, "log10_alpha": 0.4424289526924561, "log10_colsample_bytree": -0.3455000867563027, "log10_eta": -3.513685956012043, "log10_lambda": 0.5011080324186894, "log10_min_child_weight": 4.62923545119607, "log10_subsample": -0.5891678023626963, "max_depth": 5.0, "num_boost_round": 1.0}, "datetime": {"datetime": "2024-01-19 00:32:20", "elapsed": 1225.402697, "delta": 0.002676}}
{"target": -17.67722753814544, "params": {"gamma": 166.5886540904502, "log10_alpha": 0.4424289526924561, "log10_colsample_bytree": -0.3455000867563027, "log10_eta": -3.513685956012043, "log10_lambda": 0.5011080324186894, "log10_min_child_weight": 4.62923545119607, "log10_subsample": -0.5891678023626963, "max_depth": 5.0, "num_boost_round": 2.0}, "datetime": {"datetime": "2024-01-19 00:32:20", "elapsed": 1225.40512, "delta": 0.002423}}
{"target": -17.677224773213926, "params": {"gamma": 166.5886540904502, "log10_alpha": 0.4424289526924561, "log10_colsample_bytree": -0.3455000867563027, "log10_eta": -3.513685956012043, "log10_lambda": 0.5011080324186894, "log10_min_child_weight": 4.62923545119607, "log10_subsample": -0.5891678023626963, "max_depth": 5.0, "num_boost_round": 3.0}, "datetime": {"datetime": "2024-01-19 00:32:20", "elapsed": 1225.407086, "delta": 0.001966}}
{"target": -17.677223919099667, "params": {"gamma": 166.5886540904502, "log10_alpha": 0.4424289526924561, "log10_colsample_bytree": -0.3455000867563027, "log10_eta": -3.513685956012043, "log10_lambda": 0.5011080324186894, "log10_min_child_weight": 4.62923545119607, "log10_subsample": -0.5891678023626963, "max_depth": 5.0, "num_boost_round": 4.0}, "datetime": {"datetime": "2024-01-19 00:32:20", "elapsed": 1225.408962, "delta": 0.001876}}
{"target": -17.67722400499711, "params": {"gamma": 166.5886540904502, "log10_alpha": 0.4424289526924561, "log10_colsample_bytree": -0.3455000867563027, "log10_eta": -3.513685956012043, "log10_lambda": 0.5011080324186894, "log10_min_child_weight": 4.62923545119607, "log10_subsample": -0.5891678023626963, "max_depth": 5.0, "num_boost_round": 5.0}, "datetime": {"datetime": "2024-01-19 00:32:20", "elapsed": 1225.410765, "delta": 0.001803}}
{"target": -17.677223301719916, "params": {"gamma": 166.5886540904502, "log10_alpha": 0.4424289526924561, "log10_colsample_bytree": -0.3455000867563027, "log10_eta": -3.513685956012043, "log10_lambda": 0.5011080324186894, "log10_min_child_weight": 4.62923545119607, "log10_subsample": -0.5891678023626963, "max_depth": 5.0, "num_boost_round": 6.0}, "datetime": {"datetime": "2024-01-19 00:32:20", "elapsed": 1225.412604, "delta": 0.001839}}
{"target": -17.67722328623673, "params": {"gamma": 166.5886540904502, "log10_alpha": 0.4424289526924561, "log10_colsample_bytree": -0.3455000867563027, "log10_eta": -3.513685956012043, "log10_lambda": 0.5011080324186894, "log10_min_child_weight": 4.62923545119607, "log10_subsample": -0.5891678023626963, "max_depth": 5.0, "num_boost_round": 7.0}, "datetime": {"datetime": "2024-01-19 00:32:20", "elapsed": 1225.414427, "delta": 0.001823}}
