{"target": -17.67656298109289, "params": {"gamma": 448.83007155500263, "log10_alpha": -4.538606053414617, "log10_colsample_bytree": -0.6098031086456382, "log10_eta": -2.893723529932379, "log10_lambda": 0.37860978146950863, "log10_min_child_weight": 0.49637927457358677, "log10_subsample": -0.30140317522428184, "max_depth": 9.0, "num_boost_round": 12.0}, "datetime": {"datetime": "2024-01-19 02:28:51", "elapsed": 8223.918894, "delta": 0.006938}}
{"target": -17.676492589373197, "params": {"gamma": 448.83007155500263, "log10_alpha": -4.538606053414617, "log10_colsample_bytree": -0.6098031086456382, "log10_eta": -2.893723529932379, "log10_lambda": 0.37860978146950863, "log10_min_child_weight": 0.49637927457358677, "log10_subsample": -0.30140317522428184, "max_depth": 9.0, "num_boost_round": 13.0}, "datetime": {"datetime": "2024-01-19 02:28:51", "elapsed": 8223.925694, "delta": 0.0068}}
{"target": -17.676537306722246, "params": {"gamma": 448.83007155500263, "log10_alpha": -4.538606053414617, "log10_colsample_bytree": -0.6098031086456382, "log10_eta": -2.893723529932379, "log10_lambda": 0.37860978146950863, "log10_min_child_weight": 0.49637927457358677, "log10_subsample": -0.30140317522428184, "max_depth": 9.0, "num_boost_round": 14.0}, "datetime": {"datetime": "2024-01-19 02:28:51", "elapsed": 8223.932749, "delta": 0.007055}}
{"target": -17.67653291680639, "params": {"gamma": 448.83007155500263, "log10_alpha": -4.538606053414617, "log10_colsample_bytree": -0.6098031086456382, "log10_eta": -2.893723529932379, "log10_lambda": 0.37860978146950863, "log10_min_child_weight": 0.49637927457358677, "log10_subsample": -0.30140317522428184, "max_depth": 9.0, "num_boost_round": 15.0}, "datetime": {"datetime": "2024-01-19 02:28:51", "elapsed": 8223.940264, "delta": 0.007515}}
{"target": -17.676617384099636, "params": {"gamma": 448.83007155500263, "log10_alpha": -4.538606053414617, "log10_colsample_bytree": -0.6098031086456382, "log10_eta": -2.893723529932379, "log10_lambda": 0.37860978146950863, "log10_min_child_weight": 0.49637927457358677, "log10_subsample": -0.30140317522428184, "max_depth": 9.0, "num_boost_round": 16.0}, "datetime": {"datetime": "2024-01-19 02:28:51", "elapsed": 8223.947346, "delta": 0.007082}}
{"target": -17.676537182026877, "params": {"gamma": 448.83007155500263, "log10_alpha": -4.538606053414617, "log10_colsample_bytree": -0.6098031086456382, "log10_eta": -2.893723529932379, "log10_lambda": 0.37860978146950863, "log10_min_child_weight": 0.49637927457358677, "log10_subsample": -0.30140317522428184, "max_depth": 9.0, "num_boost_round": 17.0}, "datetime": {"datetime": "2024-01-19 02:28:51", "elapsed": 8223.954837, "delta": 0.007491}}
{"target": -17.6766923434087, "params": {"gamma": 448.83007155500263, "log10_alpha": -4.538606053414617, "log10_colsample_bytree": -0.6098031086456382, "log10_eta": -2.893723529932379, "log10_lambda": 0.37860978146950863, "log10_min_child_weight": 0.49637927457358677, "log10_subsample": -0.30140317522428184, "max_depth": 9.0, "num_boost_round": 18.0}, "datetime": {"datetime": "2024-01-19 02:28:51", "elapsed": 8223.962269, "delta": 0.007432}}
{"target": -17.676642478494127, "params": {"gamma": 448.83007155500263, "log10_alpha": -4.538606053414617, "log10_colsample_bytree": -0.6098031086456382, "log10_eta": -2.893723529932379, "log10_lambda": 0.37860978146950863, "log10_min_child_weight": 0.49637927457358677, "log10_subsample": -0.30140317522428184, "max_depth": 9.0, "num_boost_round": 19.0}, "datetime": {"datetime": "2024-01-19 02:28:51", "elapsed": 8223.969387, "delta": 0.007118}}
{"target": -17.676628944212982, "params": {"gamma": 448.83007155500263, "log10_alpha": -4.538606053414617, "log10_colsample_bytree": -0.6098031086456382, "log10_eta": -2.893723529932379, "log10_lambda": 0.37860978146950863, "log10_min_child_weight": 0.49637927457358677, "log10_subsample": -0.30140317522428184, "max_depth": 9.0, "num_boost_round": 20.0}, "datetime": {"datetime": "2024-01-19 02:28:51", "elapsed": 8223.976895, "delta": 0.007508}}
{"target": -17.676613791727906, "params": {"gamma": 448.83007155500263, "log10_alpha": -4.538606053414617, "log10_colsample_bytree": -0.6098031086456382, "log10_eta": -2.893723529932379, "log10_lambda": 0.37860978146950863, "log10_min_child_weight": 0.49637927457358677, "log10_subsample": -0.30140317522428184, "max_depth": 9.0, "num_boost_round": 21.0}, "datetime": {"datetime": "2024-01-19 02:28:51", "elapsed": 8223.984594, "delta": 0.007699}}
{"target": -17.67644437968485, "params": {"gamma": 448.83007155500263, "log10_alpha": -4.538606053414617, "log10_colsample_bytree": -0.6098031086456382, "log10_eta": -2.893723529932379, "log10_lambda": 0.37860978146950863, "log10_min_child_weight": 0.49637927457358677, "log10_subsample": -0.30140317522428184, "max_depth": 9.0, "num_boost_round": 22.0}, "datetime": {"datetime": "2024-01-19 02:28:51", "elapsed": 8223.992025, "delta": 0.007431}}
{"target": -17.676447710768144, "params": {"gamma": 448.83007155500263, "log10_alpha": -4.538606053414617, "log10_colsample_bytree": -0.6098031086456382, "log10_eta": -2.893723529932379, "log10_lambda": 0.37860978146950863, "log10_min_child_weight": 0.49637927457358677, "log10_subsample": -0.30140317522428184, "max_depth": 9.0, "num_boost_round": 23.0}, "datetime": {"datetime": "2024-01-19 02:28:51", "elapsed": 8223.999209, "delta": 0.007184}}
{"target": -17.676434561688353, "params": {"gamma": 448.83007155500263, "log10_alpha": -4.538606053414617, "log10_colsample_bytree": -0.6098031086456382, "log10_eta": -2.893723529932379, "log10_lambda": 0.37860978146950863, "log10_min_child_weight": 0.49637927457358677, "log10_subsample": -0.30140317522428184, "max_depth": 9.0, "num_boost_round": 24.0}, "datetime": {"datetime": "2024-01-19 02:28:51", "elapsed": 8224.01085, "delta": 0.011641}}
{"target": -17.67639189580389, "params": {"gamma": 448.83007155500263, "log10_alpha": -4.538606053414617, "log10_colsample_bytree": -0.6098031086456382, "log10_eta": -2.893723529932379, "log10_lambda": 0.37860978146950863, "log10_min_child_weight": 0.49637927457358677, "log10_subsample": -0.30140317522428184, "max_depth": 9.0, "num_boost_round": 25.0}, "datetime": {"datetime": "2024-01-19 02:28:51", "elapsed": 8224.018556, "delta": 0.007706}}
{"target": -17.676291575155744, "params": {"gamma": 448.83007155500263, "log10_alpha": -4.538606053414617, "log10_colsample_bytree": -0.6098031086456382, "log10_eta": -2.893723529932379, "log10_lambda": 0.37860978146950863, "log10_min_child_weight": 0.49637927457358677, "log10_subsample": -0.30140317522428184, "max_depth": 9.0, "num_boost_round": 26.0}, "datetime": {"datetime": "2024-01-19 02:28:51", "elapsed": 8224.02635, "delta": 0.007794}}
{"target": -17.67627309545783, "params": {"gamma": 448.83007155500263, "log10_alpha": -4.538606053414617, "log10_colsample_bytree": -0.6098031086456382, "log10_eta": -2.893723529932379, "log10_lambda": 0.37860978146950863, "log10_min_child_weight": 0.49637927457358677, "log10_subsample": -0.30140317522428184, "max_depth": 9.0, "num_boost_round": 27.0}, "datetime": {"datetime": "2024-01-19 02:28:51", "elapsed": 8224.033874, "delta": 0.007524}}
{"target": -17.676112194945624, "params": {"gamma": 448.83007155500263, "log10_alpha": -4.538606053414617, "log10_colsample_bytree": -0.6098031086456382, "log10_eta": -2.893723529932379, "log10_lambda": 0.37860978146950863, "log10_min_child_weight": 0.49637927457358677, "log10_subsample": -0.30140317522428184, "max_depth": 9.0, "num_boost_round": 28.0}, "datetime": {"datetime": "2024-01-19 02:28:51", "elapsed": 8224.041674, "delta": 0.0078}}
{"target": -17.675988108398297, "params": {"gamma": 448.83007155500263, "log10_alpha": -4.538606053414617, "log10_colsample_bytree": -0.6098031086456382, "log10_eta": -2.893723529932379, "log10_lambda": 0.37860978146950863, "log10_min_child_weight": 0.49637927457358677, "log10_subsample": -0.30140317522428184, "max_depth": 9.0, "num_boost_round": 29.0}, "datetime": {"datetime": "2024-01-19 02:28:51", "elapsed": 8224.049232, "delta": 0.007558}}
{"target": -17.675956126679424, "params": {"gamma": 448.83007155500263, "log10_alpha": -4.538606053414617, "log10_colsample_bytree": -0.6098031086456382, "log10_eta": -2.893723529932379, "log10_lambda": 0.37860978146950863, "log10_min_child_weight": 0.49637927457358677, "log10_subsample": -0.30140317522428184, "max_depth": 9.0, "num_boost_round": 30.0}, "datetime": {"datetime": "2024-01-19 02:28:51", "elapsed": 8224.057406, "delta": 0.008174}}
{"target": -17.675831156247533, "params": {"gamma": 448.83007155500263, "log10_alpha": -4.538606053414617, "log10_colsample_bytree": -0.6098031086456382, "log10_eta": -2.893723529932379, "log10_lambda": 0.37860978146950863, "log10_min_child_weight": 0.49637927457358677, "log10_subsample": -0.30140317522428184, "max_depth": 9.0, "num_boost_round": 31.0}, "datetime": {"datetime": "2024-01-19 02:28:51", "elapsed": 8224.065163, "delta": 0.007757}}
{"target": -17.67589043672949, "params": {"gamma": 448.83007155500263, "log10_alpha": -4.538606053414617, "log10_colsample_bytree": -0.6098031086456382, "log10_eta": -2.893723529932379, "log10_lambda": 0.37860978146950863, "log10_min_child_weight": 0.49637927457358677, "log10_subsample": -0.30140317522428184, "max_depth": 9.0, "num_boost_round": 32.0}, "datetime": {"datetime": "2024-01-19 02:28:51", "elapsed": 8224.072786, "delta": 0.007623}}
{"target": -17.67573093361624, "params": {"gamma": 448.83007155500263, "log10_alpha": -4.538606053414617, "log10_colsample_bytree": -0.6098031086456382, "log10_eta": -2.893723529932379, "log10_lambda": 0.37860978146950863, "log10_min_child_weight": 0.49637927457358677, "log10_subsample": -0.30140317522428184, "max_depth": 9.0, "num_boost_round": 33.0}, "datetime": {"datetime": "2024-01-19 02:28:51", "elapsed": 8224.080397, "delta": 0.007611}}
{"target": -17.675681452613993, "params": {"gamma": 448.83007155500263, "log10_alpha": -4.538606053414617, "log10_colsample_bytree": -0.6098031086456382, "log10_eta": -2.893723529932379, "log10_lambda": 0.37860978146950863, "log10_min_child_weight": 0.49637927457358677, "log10_subsample": -0.30140317522428184, "max_depth": 9.0, "num_boost_round": 34.0}, "datetime": {"datetime": "2024-01-19 02:28:51", "elapsed": 8224.087724, "delta": 0.007327}}
{"target": -17.67559883520071, "params": {"gamma": 448.83007155500263, "log10_alpha": -4.538606053414617, "log10_colsample_bytree": -0.6098031086456382, "log10_eta": -2.893723529932379, "log10_lambda": 0.37860978146950863, "log10_min_child_weight": 0.49637927457358677, "log10_subsample": -0.30140317522428184, "max_depth": 9.0, "num_boost_round": 35.0}, "datetime": {"datetime": "2024-01-19 02:28:51", "elapsed": 8224.094754, "delta": 0.00703}}
{"target": -17.67696451337155, "params": {"gamma": 441.3938560000882, "log10_alpha": -3.4037639929941577, "log10_colsample_bytree": -0.9522173190344034, "log10_eta": -1.9767383870325963, "log10_lambda": 0.4280853692107911, "log10_min_child_weight": 1.0134706554200645, "log10_subsample": -0.7721993800209888, "max_depth": 4.0, "num_boost_round": 0.0}, "datetime": {"datetime": "2024-01-19 02:30:26", "elapsed": 8319.106619, "delta": 95.011865}}
{"target": -17.676510742963657, "params": {"gamma": 441.3938560000882, "log10_alpha": -3.4037639929941577, "log10_colsample_bytree": -0.9522173190344034, "log10_eta": -1.9767383870325963, "log10_lambda": 0.4280853692107911, "log10_min_child_weight": 1.0134706554200645, "log10_subsample": -0.7721993800209888, "max_depth": 4.0, "num_boost_round": 1.0}, "datetime": {"datetime": "2024-01-19 02:30:26", "elapsed": 8319.114424, "delta": 0.007805}}
{"target": -17.67614887686304, "params": {"gamma": 441.3938560000882, "log10_alpha": -3.4037639929941577, "log10_colsample_bytree": -0.9522173190344034, "log10_eta": -1.9767383870325963, "log10_lambda": 0.4280853692107911, "log10_min_child_weight": 1.0134706554200645, "log10_subsample": -0.7721993800209888, "max_depth": 4.0, "num_boost_round": 2.0}, "datetime": {"datetime": "2024-01-19 02:30:26", "elapsed": 8319.121247, "delta": 0.006823}}
{"target": -17.675908877278996, "params": {"gamma": 441.3938560000882, "log10_alpha": -3.4037639929941577, "log10_colsample_bytree": -0.9522173190344034, "log10_eta": -1.9767383870325963, "log10_lambda": 0.4280853692107911, "log10_min_child_weight": 1.0134706554200645, "log10_subsample": -0.7721993800209888, "max_depth": 4.0, "num_boost_round": 3.0}, "datetime": {"datetime": "2024-01-19 02:30:26", "elapsed": 8319.127797, "delta": 0.00655}}
{"target": -17.67550184929538, "params": {"gamma": 441.3938560000882, "log10_alpha": -3.4037639929941577, "log10_colsample_bytree": -0.9522173190344034, "log10_eta": -1.9767383870325963, "log10_lambda": 0.4280853692107911, "log10_min_child_weight": 1.0134706554200645, "log10_subsample": -0.7721993800209888, "max_depth": 4.0, "num_boost_round": 4.0}, "datetime": {"datetime": "2024-01-19 02:30:26", "elapsed": 8319.134433, "delta": 0.006636}}
{"target": -17.67534263091646, "params": {"gamma": 441.3938560000882, "log10_alpha": -3.4037639929941577, "log10_colsample_bytree": -0.9522173190344034, "log10_eta": -1.9767383870325963, "log10_lambda": 0.4280853692107911, "log10_min_child_weight": 1.0134706554200645, "log10_subsample": -0.7721993800209888, "max_depth": 4.0, "num_boost_round": 5.0}, "datetime": {"datetime": "2024-01-19 02:30:26", "elapsed": 8319.140785, "delta": 0.006352}}
{"target": -17.675455558335646, "params": {"gamma": 441.3938560000882, "log10_alpha": -3.4037639929941577, "log10_colsample_bytree": -0.9522173190344034, "log10_eta": -1.9767383870325963, "log10_lambda": 0.4280853692107911, "log10_min_child_weight": 1.0134706554200645, "log10_subsample": -0.7721993800209888, "max_depth": 4.0, "num_boost_round": 6.0}, "datetime": {"datetime": "2024-01-19 02:30:26", "elapsed": 8319.147359, "delta": 0.006574}}
{"target": -17.675093838024875, "params": {"gamma": 441.3938560000882, "log10_alpha": -3.4037639929941577, "log10_colsample_bytree": -0.9522173190344034, "log10_eta": -1.9767383870325963, "log10_lambda": 0.4280853692107911, "log10_min_child_weight": 1.0134706554200645, "log10_subsample": -0.7721993800209888, "max_depth": 4.0, "num_boost_round": 7.0}, "datetime": {"datetime": "2024-01-19 02:30:26", "elapsed": 8319.154146, "delta": 0.006787}}
{"target": -17.67547959367779, "params": {"gamma": 441.3938560000882, "log10_alpha": -3.4037639929941577, "log10_colsample_bytree": -0.9522173190344034, "log10_eta": -1.9767383870325963, "log10_lambda": 0.4280853692107911, "log10_min_child_weight": 1.0134706554200645, "log10_subsample": -0.7721993800209888, "max_depth": 4.0, "num_boost_round": 8.0}, "datetime": {"datetime": "2024-01-19 02:30:26", "elapsed": 8319.160487, "delta": 0.006341}}
{"target": -17.675287416598263, "params": {"gamma": 441.3938560000882, "log10_alpha": -3.4037639929941577, "log10_colsample_bytree": -0.9522173190344034, "log10_eta": -1.9767383870325963, "log10_lambda": 0.4280853692107911, "log10_min_child_weight": 1.0134706554200645, "log10_subsample": -0.7721993800209888, "max_depth": 4.0, "num_boost_round": 9.0}, "datetime": {"datetime": "2024-01-19 02:30:26", "elapsed": 8319.166691, "delta": 0.006204}}
{"target": -17.674711419156292, "params": {"gamma": 441.3938560000882, "log10_alpha": -3.4037639929941577, "log10_colsample_bytree": -0.9522173190344034, "log10_eta": -1.9767383870325963, "log10_lambda": 0.4280853692107911, "log10_min_child_weight": 1.0134706554200645, "log10_subsample": -0.7721993800209888, "max_depth": 4.0, "num_boost_round": 10.0}, "datetime": {"datetime": "2024-01-19 02:30:26", "elapsed": 8319.17271, "delta": 0.006019}}
{"target": -17.674460260198497, "params": {"gamma": 441.3938560000882, "log10_alpha": -3.4037639929941577, "log10_colsample_bytree": -0.9522173190344034, "log10_eta": -1.9767383870325963, "log10_lambda": 0.4280853692107911, "log10_min_child_weight": 1.0134706554200645, "log10_subsample": -0.7721993800209888, "max_depth": 4.0, "num_boost_round": 11.0}, "datetime": {"datetime": "2024-01-19 02:30:26", "elapsed": 8319.178708, "delta": 0.005998}}
{"target": -17.673870004374788, "params": {"gamma": 441.3938560000882, "log10_alpha": -3.4037639929941577, "log10_colsample_bytree": -0.9522173190344034, "log10_eta": -1.9767383870325963, "log10_lambda": 0.4280853692107911, "log10_min_child_weight": 1.0134706554200645, "log10_subsample": -0.7721993800209888, "max_depth": 4.0, "num_boost_round": 12.0}, "datetime": {"datetime": "2024-01-19 02:30:26", "elapsed": 8319.185383, "delta": 0.006675}}
{"target": -17.673532313704566, "params": {"gamma": 441.3938560000882, "log10_alpha": -3.4037639929941577, "log10_colsample_bytree": -0.9522173190344034, "log10_eta": -1.9767383870325963, "log10_lambda": 0.4280853692107911, "log10_min_child_weight": 1.0134706554200645, "log10_subsample": -0.7721993800209888, "max_depth": 4.0, "num_boost_round": 13.0}, "datetime": {"datetime": "2024-01-19 02:30:26", "elapsed": 8319.191674, "delta": 0.006291}}
{"target": -17.67351805983263, "params": {"gamma": 441.3938560000882, "log10_alpha": -3.4037639929941577, "log10_colsample_bytree": -0.9522173190344034, "log10_eta": -1.9767383870325963, "log10_lambda": 0.4280853692107911, "log10_min_child_weight": 1.0134706554200645, "log10_subsample": -0.7721993800209888, "max_depth": 4.0, "num_boost_round": 14.0}, "datetime": {"datetime": "2024-01-19 02:30:26", "elapsed": 8319.319481, "delta": 0.127807}}
{"target": -17.67319711947177, "params": {"gamma": 441.3938560000882, "log10_alpha": -3.4037639929941577, "log10_colsample_bytree": -0.9522173190344034, "log10_eta": -1.9767383870325963, "log10_lambda": 0.4280853692107911, "log10_min_child_weight": 1.0134706554200645, "log10_subsample": -0.7721993800209888, "max_depth": 4.0, "num_boost_round": 15.0}, "datetime": {"datetime": "2024-01-19 02:30:26", "elapsed": 8319.32745, "delta": 0.007969}}
{"target": -17.672956923332762, "params": {"gamma": 441.3938560000882, "log10_alpha": -3.4037639929941577, "log10_colsample_bytree": -0.9522173190344034, "log10_eta": -1.9767383870325963, "log10_lambda": 0.4280853692107911, "log10_min_child_weight": 1.0134706554200645, "log10_subsample": -0.7721993800209888, "max_depth": 4.0, "num_boost_round": 16.0}, "datetime": {"datetime": "2024-01-19 02:30:26", "elapsed": 8319.333968, "delta": 0.006518}}
{"target": -17.672607837729423, "params": {"gamma": 441.3938560000882, "log10_alpha": -3.4037639929941577, "log10_colsample_bytree": -0.9522173190344034, "log10_eta": -1.9767383870325963, "log10_lambda": 0.4280853692107911, "log10_min_child_weight": 1.0134706554200645, "log10_subsample": -0.7721993800209888, "max_depth": 4.0, "num_boost_round": 17.0}, "datetime": {"datetime": "2024-01-19 02:30:26", "elapsed": 8319.340849, "delta": 0.006881}}
{"target": -17.672536345520854, "params": {"gamma": 441.3938560000882, "log10_alpha": -3.4037639929941577, "log10_colsample_bytree": -0.9522173190344034, "log10_eta": -1.9767383870325963, "log10_lambda": 0.4280853692107911, "log10_min_child_weight": 1.0134706554200645, "log10_subsample": -0.7721993800209888, "max_depth": 4.0, "num_boost_round": 18.0}, "datetime": {"datetime": "2024-01-19 02:30:26", "elapsed": 8319.347604, "delta": 0.006755}}
{"target": -17.672167977124268, "params": {"gamma": 441.3938560000882, "log10_alpha": -3.4037639929941577, "log10_colsample_bytree": -0.9522173190344034, "log10_eta": -1.9767383870325963, "log10_lambda": 0.4280853692107911, "log10_min_child_weight": 1.0134706554200645, "log10_subsample": -0.7721993800209888, "max_depth": 4.0, "num_boost_round": 19.0}, "datetime": {"datetime": "2024-01-19 02:30:26", "elapsed": 8319.354118, "delta": 0.006514}}
{"target": -17.672171774014604, "params": {"gamma": 441.3938560000882, "log10_alpha": -3.4037639929941577, "log10_colsample_bytree": -0.9522173190344034, "log10_eta": -1.9767383870325963, "log10_lambda": 0.4280853692107911, "log10_min_child_weight": 1.0134706554200645, "log10_subsample": -0.7721993800209888, "max_depth": 4.0, "num_boost_round": 20.0}, "datetime": {"datetime": "2024-01-19 02:30:26", "elapsed": 8319.360566, "delta": 0.006448}}
{"target": -17.672082348199286, "params": {"gamma": 441.3938560000882, "log10_alpha": -3.4037639929941577, "log10_colsample_bytree": -0.9522173190344034, "log10_eta": -1.9767383870325963, "log10_lambda": 0.4280853692107911, "log10_min_child_weight": 1.0134706554200645, "log10_subsample": -0.7721993800209888, "max_depth": 4.0, "num_boost_round": 21.0}, "datetime": {"datetime": "2024-01-19 02:30:26", "elapsed": 8319.36705, "delta": 0.006484}}
{"target": -17.671945811726623, "params": {"gamma": 441.3938560000882, "log10_alpha": -3.4037639929941577, "log10_colsample_bytree": -0.9522173190344034, "log10_eta": -1.9767383870325963, "log10_lambda": 0.4280853692107911, "log10_min_child_weight": 1.0134706554200645, "log10_subsample": -0.7721993800209888, "max_depth": 4.0, "num_boost_round": 22.0}, "datetime": {"datetime": "2024-01-19 02:30:26", "elapsed": 8319.374126, "delta": 0.007076}}
{"target": -17.67148292306481, "params": {"gamma": 441.3938560000882, "log10_alpha": -3.4037639929941577, "log10_colsample_bytree": -0.9522173190344034, "log10_eta": -1.9767383870325963, "log10_lambda": 0.4280853692107911, "log10_min_child_weight": 1.0134706554200645, "log10_subsample": -0.7721993800209888, "max_depth": 4.0, "num_boost_round": 23.0}, "datetime": {"datetime": "2024-01-19 02:30:26", "elapsed": 8319.381209, "delta": 0.007083}}
{"target": -17.67136915435124, "params": {"gamma": 441.3938560000882, "log10_alpha": -3.4037639929941577, "log10_colsample_bytree": -0.9522173190344034, "log10_eta": -1.9767383870325963, "log10_lambda": 0.4280853692107911, "log10_min_child_weight": 1.0134706554200645, "log10_subsample": -0.7721993800209888, "max_depth": 4.0, "num_boost_round": 24.0}, "datetime": {"datetime": "2024-01-19 02:30:26", "elapsed": 8319.388171, "delta": 0.006962}}
