{"target": -13.758493277955793, "params": {"gamma": 634.6831351305855, "log10_alpha": 0.9603079687040692, "log10_colsample_bytree": -0.6730967281117742, "log10_eta": -2.5340708052195278, "log10_lambda": 0.686047403255448, "log10_min_child_weight": 3.232229625111535, "log10_subsample": -0.3810850682658309, "max_depth": 2.0, "num_boost_round": 0.0}, "datetime": {"datetime": "2024-01-19 01:24:43", "elapsed": 4336.379434, "delta": 71.31945}}
{"target": -13.75841805357872, "params": {"gamma": 634.6831351305855, "log10_alpha": 0.9603079687040692, "log10_colsample_bytree": -0.6730967281117742, "log10_eta": -2.5340708052195278, "log10_lambda": 0.686047403255448, "log10_min_child_weight": 3.232229625111535, "log10_subsample": -0.3810850682658309, "max_depth": 2.0, "num_boost_round": 1.0}, "datetime": {"datetime": "2024-01-19 01:24:43", "elapsed": 4336.384326, "delta": 0.004892}}
{"target": -13.758386564393538, "params": {"gamma": 634.6831351305855, "log10_alpha": 0.9603079687040692, "log10_colsample_bytree": -0.6730967281117742, "log10_eta": -2.5340708052195278, "log10_lambda": 0.686047403255448, "log10_min_child_weight": 3.232229625111535, "log10_subsample": -0.3810850682658309, "max_depth": 2.0, "num_boost_round": 2.0}, "datetime": {"datetime": "2024-01-19 01:24:43", "elapsed": 4336.388813, "delta": 0.004487}}
{"target": -13.758380813843422, "params": {"gamma": 634.6831351305855, "log10_alpha": 0.9603079687040692, "log10_colsample_bytree": -0.6730967281117742, "log10_eta": -2.5340708052195278, "log10_lambda": 0.686047403255448, "log10_min_child_weight": 3.232229625111535, "log10_subsample": -0.3810850682658309, "max_depth": 2.0, "num_boost_round": 3.0}, "datetime": {"datetime": "2024-01-19 01:24:43", "elapsed": 4336.39318, "delta": 0.004367}}
{"target": -13.75833700760269, "params": {"gamma": 634.6831351305855, "log10_alpha": 0.9603079687040692, "log10_colsample_bytree": -0.6730967281117742, "log10_eta": -2.5340708052195278, "log10_lambda": 0.686047403255448, "log10_min_child_weight": 3.232229625111535, "log10_subsample": -0.3810850682658309, "max_depth": 2.0, "num_boost_round": 4.0}, "datetime": {"datetime": "2024-01-19 01:24:43", "elapsed": 4336.397522, "delta": 0.004342}}
{"target": -13.75833457101411, "params": {"gamma": 634.6831351305855, "log10_alpha": 0.9603079687040692, "log10_colsample_bytree": -0.6730967281117742, "log10_eta": -2.5340708052195278, "log10_lambda": 0.686047403255448, "log10_min_child_weight": 3.232229625111535, "log10_subsample": -0.3810850682658309, "max_depth": 2.0, "num_boost_round": 5.0}, "datetime": {"datetime": "2024-01-19 01:24:43", "elapsed": 4336.405272, "delta": 0.00775}}
{"target": -13.758322242878926, "params": {"gamma": 634.6831351305855, "log10_alpha": 0.9603079687040692, "log10_colsample_bytree": -0.6730967281117742, "log10_eta": -2.5340708052195278, "log10_lambda": 0.686047403255448, "log10_min_child_weight": 3.232229625111535, "log10_subsample": -0.3810850682658309, "max_depth": 2.0, "num_boost_round": 6.0}, "datetime": {"datetime": "2024-01-19 01:24:43", "elapsed": 4336.40974, "delta": 0.004468}}
{"target": -13.75828236178942, "params": {"gamma": 634.6831351305855, "log10_alpha": 0.9603079687040692, "log10_colsample_bytree": -0.6730967281117742, "log10_eta": -2.5340708052195278, "log10_lambda": 0.686047403255448, "log10_min_child_weight": 3.232229625111535, "log10_subsample": -0.3810850682658309, "max_depth": 2.0, "num_boost_round": 7.0}, "datetime": {"datetime": "2024-01-19 01:24:43", "elapsed": 4336.414374, "delta": 0.004634}}
{"target": -13.758253687362151, "params": {"gamma": 634.6831351305855, "log10_alpha": 0.9603079687040692, "log10_colsample_bytree": -0.6730967281117742, "log10_eta": -2.5340708052195278, "log10_lambda": 0.686047403255448, "log10_min_child_weight": 3.232229625111535, "log10_subsample": -0.3810850682658309, "max_depth": 2.0, "num_boost_round": 8.0}, "datetime": {"datetime": "2024-01-19 01:24:43", "elapsed": 4336.485639, "delta": 0.071265}}
{"target": -13.758233434144824, "params": {"gamma": 634.6831351305855, "log10_alpha": 0.9603079687040692, "log10_colsample_bytree": -0.6730967281117742, "log10_eta": -2.5340708052195278, "log10_lambda": 0.686047403255448, "log10_min_child_weight": 3.232229625111535, "log10_subsample": -0.3810850682658309, "max_depth": 2.0, "num_boost_round": 9.0}, "datetime": {"datetime": "2024-01-19 01:24:43", "elapsed": 4336.490744, "delta": 0.005105}}
{"target": -13.758185392077419, "params": {"gamma": 634.6831351305855, "log10_alpha": 0.9603079687040692, "log10_colsample_bytree": -0.6730967281117742, "log10_eta": -2.5340708052195278, "log10_lambda": 0.686047403255448, "log10_min_child_weight": 3.232229625111535, "log10_subsample": -0.3810850682658309, "max_depth": 2.0, "num_boost_round": 10.0}, "datetime": {"datetime": "2024-01-19 01:24:43", "elapsed": 4336.49539, "delta": 0.004646}}
{"target": -13.758129052979164, "params": {"gamma": 634.6831351305855, "log10_alpha": 0.9603079687040692, "log10_colsample_bytree": -0.6730967281117742, "log10_eta": -2.5340708052195278, "log10_lambda": 0.686047403255448, "log10_min_child_weight": 3.232229625111535, "log10_subsample": -0.3810850682658309, "max_depth": 2.0, "num_boost_round": 11.0}, "datetime": {"datetime": "2024-01-19 01:24:43", "elapsed": 4336.499748, "delta": 0.004358}}
{"target": -13.75809965339833, "params": {"gamma": 634.6831351305855, "log10_alpha": 0.9603079687040692, "log10_colsample_bytree": -0.6730967281117742, "log10_eta": -2.5340708052195278, "log10_lambda": 0.686047403255448, "log10_min_child_weight": 3.232229625111535, "log10_subsample": -0.3810850682658309, "max_depth": 2.0, "num_boost_round": 12.0}, "datetime": {"datetime": "2024-01-19 01:24:43", "elapsed": 4336.503963, "delta": 0.004215}}
{"target": -13.758060644207712, "params": {"gamma": 634.6831351305855, "log10_alpha": 0.9603079687040692, "log10_colsample_bytree": -0.6730967281117742, "log10_eta": -2.5340708052195278, "log10_lambda": 0.686047403255448, "log10_min_child_weight": 3.232229625111535, "log10_subsample": -0.3810850682658309, "max_depth": 2.0, "num_boost_round": 13.0}, "datetime": {"datetime": "2024-01-19 01:24:43", "elapsed": 4336.5085, "delta": 0.004537}}
{"target": -13.758050125184894, "params": {"gamma": 634.6831351305855, "log10_alpha": 0.9603079687040692, "log10_colsample_bytree": -0.6730967281117742, "log10_eta": -2.5340708052195278, "log10_lambda": 0.686047403255448, "log10_min_child_weight": 3.232229625111535, "log10_subsample": -0.3810850682658309, "max_depth": 2.0, "num_boost_round": 14.0}, "datetime": {"datetime": "2024-01-19 01:24:43", "elapsed": 4336.512842, "delta": 0.004342}}
{"target": -13.758008925479167, "params": {"gamma": 634.6831351305855, "log10_alpha": 0.9603079687040692, "log10_colsample_bytree": -0.6730967281117742, "log10_eta": -2.5340708052195278, "log10_lambda": 0.686047403255448, "log10_min_child_weight": 3.232229625111535, "log10_subsample": -0.3810850682658309, "max_depth": 2.0, "num_boost_round": 15.0}, "datetime": {"datetime": "2024-01-19 01:24:43", "elapsed": 4336.517302, "delta": 0.00446}}
{"target": -13.75800456930683, "params": {"gamma": 634.6831351305855, "log10_alpha": 0.9603079687040692, "log10_colsample_bytree": -0.6730967281117742, "log10_eta": -2.5340708052195278, "log10_lambda": 0.686047403255448, "log10_min_child_weight": 3.232229625111535, "log10_subsample": -0.3810850682658309, "max_depth": 2.0, "num_boost_round": 16.0}, "datetime": {"datetime": "2024-01-19 01:24:43", "elapsed": 4336.521571, "delta": 0.004269}}
{"target": -13.757979446919892, "params": {"gamma": 634.6831351305855, "log10_alpha": 0.9603079687040692, "log10_colsample_bytree": -0.6730967281117742, "log10_eta": -2.5340708052195278, "log10_lambda": 0.686047403255448, "log10_min_child_weight": 3.232229625111535, "log10_subsample": -0.3810850682658309, "max_depth": 2.0, "num_boost_round": 17.0}, "datetime": {"datetime": "2024-01-19 01:24:43", "elapsed": 4336.525755, "delta": 0.004184}}
{"target": -13.757977214081558, "params": {"gamma": 634.6831351305855, "log10_alpha": 0.9603079687040692, "log10_colsample_bytree": -0.6730967281117742, "log10_eta": -2.5340708052195278, "log10_lambda": 0.686047403255448, "log10_min_child_weight": 3.232229625111535, "log10_subsample": -0.3810850682658309, "max_depth": 2.0, "num_boost_round": 18.0}, "datetime": {"datetime": "2024-01-19 01:24:43", "elapsed": 4336.530005, "delta": 0.00425}}
{"target": -13.757962194627963, "params": {"gamma": 634.6831351305855, "log10_alpha": 0.9603079687040692, "log10_colsample_bytree": -0.6730967281117742, "log10_eta": -2.5340708052195278, "log10_lambda": 0.686047403255448, "log10_min_child_weight": 3.232229625111535, "log10_subsample": -0.3810850682658309, "max_depth": 2.0, "num_boost_round": 19.0}, "datetime": {"datetime": "2024-01-19 01:24:43", "elapsed": 4336.534377, "delta": 0.004372}}
{"target": -13.757944272737271, "params": {"gamma": 634.6831351305855, "log10_alpha": 0.9603079687040692, "log10_colsample_bytree": -0.6730967281117742, "log10_eta": -2.5340708052195278, "log10_lambda": 0.686047403255448, "log10_min_child_weight": 3.232229625111535, "log10_subsample": -0.3810850682658309, "max_depth": 2.0, "num_boost_round": 20.0}, "datetime": {"datetime": "2024-01-19 01:24:43", "elapsed": 4336.538805, "delta": 0.004428}}
{"target": -13.757893274579931, "params": {"gamma": 634.6831351305855, "log10_alpha": 0.9603079687040692, "log10_colsample_bytree": -0.6730967281117742, "log10_eta": -2.5340708052195278, "log10_lambda": 0.686047403255448, "log10_min_child_weight": 3.232229625111535, "log10_subsample": -0.3810850682658309, "max_depth": 2.0, "num_boost_round": 21.0}, "datetime": {"datetime": "2024-01-19 01:24:43", "elapsed": 4336.543141, "delta": 0.004336}}
{"target": -13.75790407113223, "params": {"gamma": 634.6831351305855, "log10_alpha": 0.9603079687040692, "log10_colsample_bytree": -0.6730967281117742, "log10_eta": -2.5340708052195278, "log10_lambda": 0.686047403255448, "log10_min_child_weight": 3.232229625111535, "log10_subsample": -0.3810850682658309, "max_depth": 2.0, "num_boost_round": 22.0}, "datetime": {"datetime": "2024-01-19 01:24:43", "elapsed": 4336.547474, "delta": 0.004333}}
{"target": -13.757858880734236, "params": {"gamma": 634.6831351305855, "log10_alpha": 0.9603079687040692, "log10_colsample_bytree": -0.6730967281117742, "log10_eta": -2.5340708052195278, "log10_lambda": 0.686047403255448, "log10_min_child_weight": 3.232229625111535, "log10_subsample": -0.3810850682658309, "max_depth": 2.0, "num_boost_round": 23.0}, "datetime": {"datetime": "2024-01-19 01:24:43", "elapsed": 4336.551772, "delta": 0.004298}}
{"target": -13.757853478722968, "params": {"gamma": 634.6831351305855, "log10_alpha": 0.9603079687040692, "log10_colsample_bytree": -0.6730967281117742, "log10_eta": -2.5340708052195278, "log10_lambda": 0.686047403255448, "log10_min_child_weight": 3.232229625111535, "log10_subsample": -0.3810850682658309, "max_depth": 2.0, "num_boost_round": 24.0}, "datetime": {"datetime": "2024-01-19 01:24:43", "elapsed": 4336.55605, "delta": 0.004278}}
{"target": -13.757814384081053, "params": {"gamma": 634.6831351305855, "log10_alpha": 0.9603079687040692, "log10_colsample_bytree": -0.6730967281117742, "log10_eta": -2.5340708052195278, "log10_lambda": 0.686047403255448, "log10_min_child_weight": 3.232229625111535, "log10_subsample": -0.3810850682658309, "max_depth": 2.0, "num_boost_round": 25.0}, "datetime": {"datetime": "2024-01-19 01:24:43", "elapsed": 4336.560322, "delta": 0.004272}}
{"target": -13.757783492372045, "params": {"gamma": 634.6831351305855, "log10_alpha": 0.9603079687040692, "log10_colsample_bytree": -0.6730967281117742, "log10_eta": -2.5340708052195278, "log10_lambda": 0.686047403255448, "log10_min_child_weight": 3.232229625111535, "log10_subsample": -0.3810850682658309, "max_depth": 2.0, "num_boost_round": 26.0}, "datetime": {"datetime": "2024-01-19 01:24:43", "elapsed": 4336.564548, "delta": 0.004226}}
{"target": -13.75773581582308, "params": {"gamma": 634.6831351305855, "log10_alpha": 0.9603079687040692, "log10_colsample_bytree": -0.6730967281117742, "log10_eta": -2.5340708052195278, "log10_lambda": 0.686047403255448, "log10_min_child_weight": 3.232229625111535, "log10_subsample": -0.3810850682658309, "max_depth": 2.0, "num_boost_round": 27.0}, "datetime": {"datetime": "2024-01-19 01:24:43", "elapsed": 4336.568757, "delta": 0.004209}}
{"target": -13.75769854409665, "params": {"gamma": 634.6831351305855, "log10_alpha": 0.9603079687040692, "log10_colsample_bytree": -0.6730967281117742, "log10_eta": -2.5340708052195278, "log10_lambda": 0.686047403255448, "log10_min_child_weight": 3.232229625111535, "log10_subsample": -0.3810850682658309, "max_depth": 2.0, "num_boost_round": 28.0}, "datetime": {"datetime": "2024-01-19 01:24:43", "elapsed": 4336.572976, "delta": 0.004219}}
{"target": -13.757661386060528, "params": {"gamma": 634.6831351305855, "log10_alpha": 0.9603079687040692, "log10_colsample_bytree": -0.6730967281117742, "log10_eta": -2.5340708052195278, "log10_lambda": 0.686047403255448, "log10_min_child_weight": 3.232229625111535, "log10_subsample": -0.3810850682658309, "max_depth": 2.0, "num_boost_round": 29.0}, "datetime": {"datetime": "2024-01-19 01:24:44", "elapsed": 4336.577188, "delta": 0.004212}}
{"target": -13.757628971684817, "params": {"gamma": 634.6831351305855, "log10_alpha": 0.9603079687040692, "log10_colsample_bytree": -0.6730967281117742, "log10_eta": -2.5340708052195278, "log10_lambda": 0.686047403255448, "log10_min_child_weight": 3.232229625111535, "log10_subsample": -0.3810850682658309, "max_depth": 2.0, "num_boost_round": 30.0}, "datetime": {"datetime": "2024-01-19 01:24:44", "elapsed": 4336.581392, "delta": 0.004204}}
{"target": -13.75819577381649, "params": {"gamma": 626.2442449999791, "log10_alpha": 0.021619919184384884, "log10_colsample_bytree": -0.6047013722018733, "log10_eta": -1.4941998860325119, "log10_lambda": 0.91364856008712, "log10_min_child_weight": 0.9604818505170992, "log10_subsample": -0.32468074910122857, "max_depth": 2.0, "num_boost_round": 0.0}, "datetime": {"datetime": "2024-01-19 01:25:45", "elapsed": 4398.318889, "delta": 61.737497}}
{"target": -13.757821435058744, "params": {"gamma": 626.2442449999791, "log10_alpha": 0.021619919184384884, "log10_colsample_bytree": -0.6047013722018733, "log10_eta": -1.4941998860325119, "log10_lambda": 0.91364856008712, "log10_min_child_weight": 0.9604818505170992, "log10_subsample": -0.32468074910122857, "max_depth": 2.0, "num_boost_round": 1.0}, "datetime": {"datetime": "2024-01-19 01:25:45", "elapsed": 4398.323264, "delta": 0.004375}}
{"target": -13.757873117676592, "params": {"gamma": 626.2442449999791, "log10_alpha": 0.021619919184384884, "log10_colsample_bytree": -0.6047013722018733, "log10_eta": -1.4941998860325119, "log10_lambda": 0.91364856008712, "log10_min_child_weight": 0.9604818505170992, "log10_subsample": -0.32468074910122857, "max_depth": 2.0, "num_boost_round": 2.0}, "datetime": {"datetime": "2024-01-19 01:25:45", "elapsed": 4398.328233, "delta": 0.004969}}
{"target": -13.757623513952998, "params": {"gamma": 626.2442449999791, "log10_alpha": 0.021619919184384884, "log10_colsample_bytree": -0.6047013722018733, "log10_eta": -1.4941998860325119, "log10_lambda": 0.91364856008712, "log10_min_child_weight": 0.9604818505170992, "log10_subsample": -0.32468074910122857, "max_depth": 2.0, "num_boost_round": 3.0}, "datetime": {"datetime": "2024-01-19 01:25:45", "elapsed": 4398.332605, "delta": 0.004372}}
{"target": -13.75753472434178, "params": {"gamma": 626.2442449999791, "log10_alpha": 0.021619919184384884, "log10_colsample_bytree": -0.6047013722018733, "log10_eta": -1.4941998860325119, "log10_lambda": 0.91364856008712, "log10_min_child_weight": 0.9604818505170992, "log10_subsample": -0.32468074910122857, "max_depth": 2.0, "num_boost_round": 4.0}, "datetime": {"datetime": "2024-01-19 01:25:45", "elapsed": 4398.33682, "delta": 0.004215}}
{"target": -13.757684343702048, "params": {"gamma": 626.2442449999791, "log10_alpha": 0.021619919184384884, "log10_colsample_bytree": -0.6047013722018733, "log10_eta": -1.4941998860325119, "log10_lambda": 0.91364856008712, "log10_min_child_weight": 0.9604818505170992, "log10_subsample": -0.32468074910122857, "max_depth": 2.0, "num_boost_round": 5.0}, "datetime": {"datetime": "2024-01-19 01:25:45", "elapsed": 4398.34101, "delta": 0.00419}}
{"target": -13.757576860825264, "params": {"gamma": 626.2442449999791, "log10_alpha": 0.021619919184384884, "log10_colsample_bytree": -0.6047013722018733, "log10_eta": -1.4941998860325119, "log10_lambda": 0.91364856008712, "log10_min_child_weight": 0.9604818505170992, "log10_subsample": -0.32468074910122857, "max_depth": 2.0, "num_boost_round": 6.0}, "datetime": {"datetime": "2024-01-19 01:25:45", "elapsed": 4398.345266, "delta": 0.004256}}
{"target": -13.757357173571126, "params": {"gamma": 626.2442449999791, "log10_alpha": 0.021619919184384884, "log10_colsample_bytree": -0.6047013722018733, "log10_eta": -1.4941998860325119, "log10_lambda": 0.91364856008712, "log10_min_child_weight": 0.9604818505170992, "log10_subsample": -0.32468074910122857, "max_depth": 2.0, "num_boost_round": 7.0}, "datetime": {"datetime": "2024-01-19 01:25:45", "elapsed": 4398.349529, "delta": 0.004263}}
{"target": -13.75725608129914, "params": {"gamma": 626.2442449999791, "log10_alpha": 0.021619919184384884, "log10_colsample_bytree": -0.6047013722018733, "log10_eta": -1.4941998860325119, "log10_lambda": 0.91364856008712, "log10_min_child_weight": 0.9604818505170992, "log10_subsample": -0.32468074910122857, "max_depth": 2.0, "num_boost_round": 8.0}, "datetime": {"datetime": "2024-01-19 01:25:45", "elapsed": 4398.353913, "delta": 0.004384}}
{"target": -13.757050996973701, "params": {"gamma": 626.2442449999791, "log10_alpha": 0.021619919184384884, "log10_colsample_bytree": -0.6047013722018733, "log10_eta": -1.4941998860325119, "log10_lambda": 0.91364856008712, "log10_min_child_weight": 0.9604818505170992, "log10_subsample": -0.32468074910122857, "max_depth": 2.0, "num_boost_round": 9.0}, "datetime": {"datetime": "2024-01-19 01:25:45", "elapsed": 4398.358127, "delta": 0.004214}}
{"target": -13.756655587666403, "params": {"gamma": 626.2442449999791, "log10_alpha": 0.021619919184384884, "log10_colsample_bytree": -0.6047013722018733, "log10_eta": -1.4941998860325119, "log10_lambda": 0.91364856008712, "log10_min_child_weight": 0.9604818505170992, "log10_subsample": -0.32468074910122857, "max_depth": 2.0, "num_boost_round": 10.0}, "datetime": {"datetime": "2024-01-19 01:25:45", "elapsed": 4398.362359, "delta": 0.004232}}
{"target": -13.756153527695108, "params": {"gamma": 626.2442449999791, "log10_alpha": 0.021619919184384884, "log10_colsample_bytree": -0.6047013722018733, "log10_eta": -1.4941998860325119, "log10_lambda": 0.91364856008712, "log10_min_child_weight": 0.9604818505170992, "log10_subsample": -0.32468074910122857, "max_depth": 2.0, "num_boost_round": 11.0}, "datetime": {"datetime": "2024-01-19 01:25:45", "elapsed": 4398.366533, "delta": 0.004174}}
{"target": -13.756204199629796, "params": {"gamma": 626.2442449999791, "log10_alpha": 0.021619919184384884, "log10_colsample_bytree": -0.6047013722018733, "log10_eta": -1.4941998860325119, "log10_lambda": 0.91364856008712, "log10_min_child_weight": 0.9604818505170992, "log10_subsample": -0.32468074910122857, "max_depth": 2.0, "num_boost_round": 12.0}, "datetime": {"datetime": "2024-01-19 01:25:45", "elapsed": 4398.370705, "delta": 0.004172}}
{"target": -13.756403316937156, "params": {"gamma": 626.2442449999791, "log10_alpha": 0.021619919184384884, "log10_colsample_bytree": -0.6047013722018733, "log10_eta": -1.4941998860325119, "log10_lambda": 0.91364856008712, "log10_min_child_weight": 0.9604818505170992, "log10_subsample": -0.32468074910122857, "max_depth": 2.0, "num_boost_round": 13.0}, "datetime": {"datetime": "2024-01-19 01:25:45", "elapsed": 4398.375107, "delta": 0.004402}}
{"target": -13.756553482609, "params": {"gamma": 626.2442449999791, "log10_alpha": 0.021619919184384884, "log10_colsample_bytree": -0.6047013722018733, "log10_eta": -1.4941998860325119, "log10_lambda": 0.91364856008712, "log10_min_child_weight": 0.9604818505170992, "log10_subsample": -0.32468074910122857, "max_depth": 2.0, "num_boost_round": 14.0}, "datetime": {"datetime": "2024-01-19 01:25:45", "elapsed": 4398.379343, "delta": 0.004236}}
{"target": -13.75633037513771, "params": {"gamma": 626.2442449999791, "log10_alpha": 0.021619919184384884, "log10_colsample_bytree": -0.6047013722018733, "log10_eta": -1.4941998860325119, "log10_lambda": 0.91364856008712, "log10_min_child_weight": 0.9604818505170992, "log10_subsample": -0.32468074910122857, "max_depth": 2.0, "num_boost_round": 15.0}, "datetime": {"datetime": "2024-01-19 01:25:45", "elapsed": 4398.383549, "delta": 0.004206}}
{"target": -13.756161835182306, "params": {"gamma": 626.2442449999791, "log10_alpha": 0.021619919184384884, "log10_colsample_bytree": -0.6047013722018733, "log10_eta": -1.4941998860325119, "log10_lambda": 0.91364856008712, "log10_min_child_weight": 0.9604818505170992, "log10_subsample": -0.32468074910122857, "max_depth": 2.0, "num_boost_round": 16.0}, "datetime": {"datetime": "2024-01-19 01:25:45", "elapsed": 4398.387807, "delta": 0.004258}}
{"target": -13.756355410197784, "params": {"gamma": 626.2442449999791, "log10_alpha": 0.021619919184384884, "log10_colsample_bytree": -0.6047013722018733, "log10_eta": -1.4941998860325119, "log10_lambda": 0.91364856008712, "log10_min_child_weight": 0.9604818505170992, "log10_subsample": -0.32468074910122857, "max_depth": 2.0, "num_boost_round": 17.0}, "datetime": {"datetime": "2024-01-19 01:25:45", "elapsed": 4398.392146, "delta": 0.004339}}
