{"target": -13.758535059498472, "params": {"gamma": 705.4088601866912, "log10_alpha": -4.186336302041879, "log10_colsample_bytree": -0.07830464391287528, "log10_eta": -3.643037857578574, "log10_lambda": -1.3602678069665277, "log10_min_child_weight": 1.3477329842782133, "log10_subsample": -0.4990050873740344, "max_depth": 9.0, "num_boost_round": 0.0}, "datetime": {"datetime": "2024-01-19 01:28:01", "elapsed": 4589.207515, "delta": 59.004398}}
{"target": -13.758539905608496, "params": {"gamma": 705.4088601866912, "log10_alpha": -4.186336302041879, "log10_colsample_bytree": -0.07830464391287528, "log10_eta": -3.643037857578574, "log10_lambda": -1.3602678069665277, "log10_min_child_weight": 1.3477329842782133, "log10_subsample": -0.4990050873740344, "max_depth": 9.0, "num_boost_round": 1.0}, "datetime": {"datetime": "2024-01-19 01:28:01", "elapsed": 4589.21291, "delta": 0.005395}}
{"target": -13.758526963464085, "params": {"gamma": 705.4088601866912, "log10_alpha": -4.186336302041879, "log10_colsample_bytree": -0.07830464391287528, "log10_eta": -3.643037857578574, "log10_lambda": -1.3602678069665277, "log10_min_child_weight": 1.3477329842782133, "log10_subsample": -0.4990050873740344, "max_depth": 9.0, "num_boost_round": 2.0}, "datetime": {"datetime": "2024-01-19 01:28:01", "elapsed": 4589.21802, "delta": 0.00511}}
{"target": -13.758529817211796, "params": {"gamma": 705.4088601866912, "log10_alpha": -4.186336302041879, "log10_colsample_bytree": -0.07830464391287528, "log10_eta": -3.643037857578574, "log10_lambda": -1.3602678069665277, "log10_min_child_weight": 1.3477329842782133, "log10_subsample": -0.4990050873740344, "max_depth": 9.0, "num_boost_round": 3.0}, "datetime": {"datetime": "2024-01-19 01:28:01", "elapsed": 4589.222807, "delta": 0.004787}}
{"target": -13.75850667863458, "params": {"gamma": 705.4088601866912, "log10_alpha": -4.186336302041879, "log10_colsample_bytree": -0.07830464391287528, "log10_eta": -3.643037857578574, "log10_lambda": -1.3602678069665277, "log10_min_child_weight": 1.3477329842782133, "log10_subsample": -0.4990050873740344, "max_depth": 9.0, "num_boost_round": 4.0}, "datetime": {"datetime": "2024-01-19 01:28:01", "elapsed": 4589.227537, "delta": 0.00473}}
{"target": -13.758506270615014, "params": {"gamma": 705.4088601866912, "log10_alpha": -4.186336302041879, "log10_colsample_bytree": -0.07830464391287528, "log10_eta": -3.643037857578574, "log10_lambda": -1.3602678069665277, "log10_min_child_weight": 1.3477329842782133, "log10_subsample": -0.4990050873740344, "max_depth": 9.0, "num_boost_round": 5.0}, "datetime": {"datetime": "2024-01-19 01:28:01", "elapsed": 4589.232039, "delta": 0.004502}}
{"target": -13.758498890776275, "params": {"gamma": 705.4088601866912, "log10_alpha": -4.186336302041879, "log10_colsample_bytree": -0.07830464391287528, "log10_eta": -3.643037857578574, "log10_lambda": -1.3602678069665277, "log10_min_child_weight": 1.3477329842782133, "log10_subsample": -0.4990050873740344, "max_depth": 9.0, "num_boost_round": 6.0}, "datetime": {"datetime": "2024-01-19 01:28:01", "elapsed": 4589.236508, "delta": 0.004469}}
{"target": -13.758480489807189, "params": {"gamma": 705.4088601866912, "log10_alpha": -4.186336302041879, "log10_colsample_bytree": -0.07830464391287528, "log10_eta": -3.643037857578574, "log10_lambda": -1.3602678069665277, "log10_min_child_weight": 1.3477329842782133, "log10_subsample": -0.4990050873740344, "max_depth": 9.0, "num_boost_round": 7.0}, "datetime": {"datetime": "2024-01-19 01:28:01", "elapsed": 4589.24144, "delta": 0.004932}}
{"target": -13.758483566685046, "params": {"gamma": 705.4088601866912, "log10_alpha": -4.186336302041879, "log10_colsample_bytree": -0.07830464391287528, "log10_eta": -3.643037857578574, "log10_lambda": -1.3602678069665277, "log10_min_child_weight": 1.3477329842782133, "log10_subsample": -0.4990050873740344, "max_depth": 9.0, "num_boost_round": 8.0}, "datetime": {"datetime": "2024-01-19 01:28:01", "elapsed": 4589.246296, "delta": 0.004856}}
{"target": -13.75847163471155, "params": {"gamma": 705.4088601866912, "log10_alpha": -4.186336302041879, "log10_colsample_bytree": -0.07830464391287528, "log10_eta": -3.643037857578574, "log10_lambda": -1.3602678069665277, "log10_min_child_weight": 1.3477329842782133, "log10_subsample": -0.4990050873740344, "max_depth": 9.0, "num_boost_round": 9.0}, "datetime": {"datetime": "2024-01-19 01:28:01", "elapsed": 4589.251625, "delta": 0.005329}}
{"target": -13.758545747334313, "params": {"gamma": 717.6862233351939, "log10_alpha": -2.245779848554191, "log10_colsample_bytree": -0.024078412161634977, "log10_eta": -3.400897505229763, "log10_lambda": -0.8761001001404907, "log10_min_child_weight": 2.1281294830916506, "log10_subsample": -0.41361196653115806, "max_depth": 7.0, "num_boost_round": 0.0}, "datetime": {"datetime": "2024-01-19 01:29:13", "elapsed": 4661.020214, "delta": 71.768589}}
{"target": -13.758540178331437, "params": {"gamma": 717.6862233351939, "log10_alpha": -2.245779848554191, "log10_colsample_bytree": -0.024078412161634977, "log10_eta": -3.400897505229763, "log10_lambda": -0.8761001001404907, "log10_min_child_weight": 2.1281294830916506, "log10_subsample": -0.41361196653115806, "max_depth": 7.0, "num_boost_round": 1.0}, "datetime": {"datetime": "2024-01-19 01:29:13", "elapsed": 4661.026003, "delta": 0.005789}}
{"target": -13.758540878524764, "params": {"gamma": 717.6862233351939, "log10_alpha": -2.245779848554191, "log10_colsample_bytree": -0.024078412161634977, "log10_eta": -3.400897505229763, "log10_lambda": -0.8761001001404907, "log10_min_child_weight": 2.1281294830916506, "log10_subsample": -0.41361196653115806, "max_depth": 7.0, "num_boost_round": 2.0}, "datetime": {"datetime": "2024-01-19 01:29:13", "elapsed": 4661.030877, "delta": 0.004874}}
{"target": -13.758544881346982, "params": {"gamma": 717.6862233351939, "log10_alpha": -2.245779848554191, "log10_colsample_bytree": -0.024078412161634977, "log10_eta": -3.400897505229763, "log10_lambda": -0.8761001001404907, "log10_min_child_weight": 2.1281294830916506, "log10_subsample": -0.41361196653115806, "max_depth": 7.0, "num_boost_round": 3.0}, "datetime": {"datetime": "2024-01-19 01:29:13", "elapsed": 4661.03553, "delta": 0.004653}}
{"target": -13.758538697578194, "params": {"gamma": 717.6862233351939, "log10_alpha": -2.245779848554191, "log10_colsample_bytree": -0.024078412161634977, "log10_eta": -3.400897505229763, "log10_lambda": -0.8761001001404907, "log10_min_child_weight": 2.1281294830916506, "log10_subsample": -0.41361196653115806, "max_depth": 7.0, "num_boost_round": 4.0}, "datetime": {"datetime": "2024-01-19 01:29:13", "elapsed": 4661.040221, "delta": 0.004691}}
{"target": -13.758529341005463, "params": {"gamma": 717.6862233351939, "log10_alpha": -2.245779848554191, "log10_colsample_bytree": -0.024078412161634977, "log10_eta": -3.400897505229763, "log10_lambda": -0.8761001001404907, "log10_min_child_weight": 2.1281294830916506, "log10_subsample": -0.41361196653115806, "max_depth": 7.0, "num_boost_round": 5.0}, "datetime": {"datetime": "2024-01-19 01:29:13", "elapsed": 4661.044851, "delta": 0.00463}}
{"target": -13.758524916165317, "params": {"gamma": 717.6862233351939, "log10_alpha": -2.245779848554191, "log10_colsample_bytree": -0.024078412161634977, "log10_eta": -3.400897505229763, "log10_lambda": -0.8761001001404907, "log10_min_child_weight": 2.1281294830916506, "log10_subsample": -0.41361196653115806, "max_depth": 7.0, "num_boost_round": 6.0}, "datetime": {"datetime": "2024-01-19 01:29:13", "elapsed": 4661.182764, "delta": 0.137913}}
{"target": -13.758504776590128, "params": {"gamma": 717.6862233351939, "log10_alpha": -2.245779848554191, "log10_colsample_bytree": -0.024078412161634977, "log10_eta": -3.400897505229763, "log10_lambda": -0.8761001001404907, "log10_min_child_weight": 2.1281294830916506, "log10_subsample": -0.41361196653115806, "max_depth": 7.0, "num_boost_round": 7.0}, "datetime": {"datetime": "2024-01-19 01:29:13", "elapsed": 4661.188568, "delta": 0.005804}}
{"target": -13.758519414127313, "params": {"gamma": 717.6862233351939, "log10_alpha": -2.245779848554191, "log10_colsample_bytree": -0.024078412161634977, "log10_eta": -3.400897505229763, "log10_lambda": -0.8761001001404907, "log10_min_child_weight": 2.1281294830916506, "log10_subsample": -0.41361196653115806, "max_depth": 7.0, "num_boost_round": 8.0}, "datetime": {"datetime": "2024-01-19 01:29:13", "elapsed": 4661.194963, "delta": 0.006395}}
{"target": -13.758504604484925, "params": {"gamma": 717.6862233351939, "log10_alpha": -2.245779848554191, "log10_colsample_bytree": -0.024078412161634977, "log10_eta": -3.400897505229763, "log10_lambda": -0.8761001001404907, "log10_min_child_weight": 2.1281294830916506, "log10_subsample": -0.41361196653115806, "max_depth": 7.0, "num_boost_round": 9.0}, "datetime": {"datetime": "2024-01-19 01:29:13", "elapsed": 4661.200718, "delta": 0.005755}}
{"target": -13.758497769088784, "params": {"gamma": 717.6862233351939, "log10_alpha": -2.245779848554191, "log10_colsample_bytree": -0.024078412161634977, "log10_eta": -3.400897505229763, "log10_lambda": -0.8761001001404907, "log10_min_child_weight": 2.1281294830916506, "log10_subsample": -0.41361196653115806, "max_depth": 7.0, "num_boost_round": 10.0}, "datetime": {"datetime": "2024-01-19 01:29:13", "elapsed": 4661.205824, "delta": 0.005106}}
{"target": -13.758490912974692, "params": {"gamma": 717.6862233351939, "log10_alpha": -2.245779848554191, "log10_colsample_bytree": -0.024078412161634977, "log10_eta": -3.400897505229763, "log10_lambda": -0.8761001001404907, "log10_min_child_weight": 2.1281294830916506, "log10_subsample": -0.41361196653115806, "max_depth": 7.0, "num_boost_round": 11.0}, "datetime": {"datetime": "2024-01-19 01:29:13", "elapsed": 4661.210485, "delta": 0.004661}}
{"target": -13.758473287867849, "params": {"gamma": 717.6862233351939, "log10_alpha": -2.245779848554191, "log10_colsample_bytree": -0.024078412161634977, "log10_eta": -3.400897505229763, "log10_lambda": -0.8761001001404907, "log10_min_child_weight": 2.1281294830916506, "log10_subsample": -0.41361196653115806, "max_depth": 7.0, "num_boost_round": 12.0}, "datetime": {"datetime": "2024-01-19 01:29:13", "elapsed": 4661.2156, "delta": 0.005115}}
{"target": -13.75847084904797, "params": {"gamma": 717.6862233351939, "log10_alpha": -2.245779848554191, "log10_colsample_bytree": -0.024078412161634977, "log10_eta": -3.400897505229763, "log10_lambda": -0.8761001001404907, "log10_min_child_weight": 2.1281294830916506, "log10_subsample": -0.41361196653115806, "max_depth": 7.0, "num_boost_round": 13.0}, "datetime": {"datetime": "2024-01-19 01:29:13", "elapsed": 4661.220607, "delta": 0.005007}}
{"target": -13.758456108470973, "params": {"gamma": 717.6862233351939, "log10_alpha": -2.245779848554191, "log10_colsample_bytree": -0.024078412161634977, "log10_eta": -3.400897505229763, "log10_lambda": -0.8761001001404907, "log10_min_child_weight": 2.1281294830916506, "log10_subsample": -0.41361196653115806, "max_depth": 7.0, "num_boost_round": 14.0}, "datetime": {"datetime": "2024-01-19 01:29:13", "elapsed": 4661.225318, "delta": 0.004711}}
{"target": -13.758453452088187, "params": {"gamma": 717.6862233351939, "log10_alpha": -2.245779848554191, "log10_colsample_bytree": -0.024078412161634977, "log10_eta": -3.400897505229763, "log10_lambda": -0.8761001001404907, "log10_min_child_weight": 2.1281294830916506, "log10_subsample": -0.41361196653115806, "max_depth": 7.0, "num_boost_round": 15.0}, "datetime": {"datetime": "2024-01-19 01:29:13", "elapsed": 4661.23031, "delta": 0.004992}}
{"target": -13.758452479113348, "params": {"gamma": 717.6862233351939, "log10_alpha": -2.245779848554191, "log10_colsample_bytree": -0.024078412161634977, "log10_eta": -3.400897505229763, "log10_lambda": -0.8761001001404907, "log10_min_child_weight": 2.1281294830916506, "log10_subsample": -0.41361196653115806, "max_depth": 7.0, "num_boost_round": 16.0}, "datetime": {"datetime": "2024-01-19 01:29:13", "elapsed": 4661.235109, "delta": 0.004799}}
{"target": -13.758437440829576, "params": {"gamma": 717.6862233351939, "log10_alpha": -2.245779848554191, "log10_colsample_bytree": -0.024078412161634977, "log10_eta": -3.400897505229763, "log10_lambda": -0.8761001001404907, "log10_min_child_weight": 2.1281294830916506, "log10_subsample": -0.41361196653115806, "max_depth": 7.0, "num_boost_round": 17.0}, "datetime": {"datetime": "2024-01-19 01:29:13", "elapsed": 4661.240387, "delta": 0.005278}}
{"target": -13.758437392356516, "params": {"gamma": 717.6862233351939, "log10_alpha": -2.245779848554191, "log10_colsample_bytree": -0.024078412161634977, "log10_eta": -3.400897505229763, "log10_lambda": -0.8761001001404907, "log10_min_child_weight": 2.1281294830916506, "log10_subsample": -0.41361196653115806, "max_depth": 7.0, "num_boost_round": 18.0}, "datetime": {"datetime": "2024-01-19 01:29:13", "elapsed": 4661.245624, "delta": 0.005237}}
{"target": -13.75841036180916, "params": {"gamma": 717.6862233351939, "log10_alpha": -2.245779848554191, "log10_colsample_bytree": -0.024078412161634977, "log10_eta": -3.400897505229763, "log10_lambda": -0.8761001001404907, "log10_min_child_weight": 2.1281294830916506, "log10_subsample": -0.41361196653115806, "max_depth": 7.0, "num_boost_round": 19.0}, "datetime": {"datetime": "2024-01-19 01:29:13", "elapsed": 4661.2514, "delta": 0.005776}}
{"target": -13.758412305013522, "params": {"gamma": 717.6862233351939, "log10_alpha": -2.245779848554191, "log10_colsample_bytree": -0.024078412161634977, "log10_eta": -3.400897505229763, "log10_lambda": -0.8761001001404907, "log10_min_child_weight": 2.1281294830916506, "log10_subsample": -0.41361196653115806, "max_depth": 7.0, "num_boost_round": 20.0}, "datetime": {"datetime": "2024-01-19 01:29:13", "elapsed": 4661.256428, "delta": 0.005028}}
{"target": -13.758413098008706, "params": {"gamma": 717.6862233351939, "log10_alpha": -2.245779848554191, "log10_colsample_bytree": -0.024078412161634977, "log10_eta": -3.400897505229763, "log10_lambda": -0.8761001001404907, "log10_min_child_weight": 2.1281294830916506, "log10_subsample": -0.41361196653115806, "max_depth": 7.0, "num_boost_round": 21.0}, "datetime": {"datetime": "2024-01-19 01:29:13", "elapsed": 4661.261517, "delta": 0.005089}}
{"target": -13.75841323579603, "params": {"gamma": 717.6862233351939, "log10_alpha": -2.245779848554191, "log10_colsample_bytree": -0.024078412161634977, "log10_eta": -3.400897505229763, "log10_lambda": -0.8761001001404907, "log10_min_child_weight": 2.1281294830916506, "log10_subsample": -0.41361196653115806, "max_depth": 7.0, "num_boost_round": 22.0}, "datetime": {"datetime": "2024-01-19 01:29:13", "elapsed": 4661.266281, "delta": 0.004764}}
{"target": -13.758400925879966, "params": {"gamma": 717.6862233351939, "log10_alpha": -2.245779848554191, "log10_colsample_bytree": -0.024078412161634977, "log10_eta": -3.400897505229763, "log10_lambda": -0.8761001001404907, "log10_min_child_weight": 2.1281294830916506, "log10_subsample": -0.41361196653115806, "max_depth": 7.0, "num_boost_round": 23.0}, "datetime": {"datetime": "2024-01-19 01:29:13", "elapsed": 4661.271034, "delta": 0.004753}}
{"target": -13.758536682105097, "params": {"gamma": 704.119558004949, "log10_alpha": 0.7191285184337453, "log10_colsample_bytree": -0.5244157536072146, "log10_eta": -3.7655021200142023, "log10_lambda": 0.9923794130758905, "log10_min_child_weight": 3.9850112036200875, "log10_subsample": -0.73907308954626, "max_depth": 4.0, "num_boost_round": 0.0}, "datetime": {"datetime": "2024-01-19 01:29:54", "elapsed": 4702.139503, "delta": 40.868469}}
{"target": -13.758536752503117, "params": {"gamma": 704.119558004949, "log10_alpha": 0.7191285184337453, "log10_colsample_bytree": -0.5244157536072146, "log10_eta": -3.7655021200142023, "log10_lambda": 0.9923794130758905, "log10_min_child_weight": 3.9850112036200875, "log10_subsample": -0.73907308954626, "max_depth": 4.0, "num_boost_round": 1.0}, "datetime": {"datetime": "2024-01-19 01:29:54", "elapsed": 4702.145379, "delta": 0.005876}}
{"target": -13.758537293397996, "params": {"gamma": 704.119558004949, "log10_alpha": 0.7191285184337453, "log10_colsample_bytree": -0.5244157536072146, "log10_eta": -3.7655021200142023, "log10_lambda": 0.9923794130758905, "log10_min_child_weight": 3.9850112036200875, "log10_subsample": -0.73907308954626, "max_depth": 4.0, "num_boost_round": 2.0}, "datetime": {"datetime": "2024-01-19 01:29:54", "elapsed": 4702.150462, "delta": 0.005083}}
{"target": -13.75853676896324, "params": {"gamma": 704.119558004949, "log10_alpha": 0.7191285184337453, "log10_colsample_bytree": -0.5244157536072146, "log10_eta": -3.7655021200142023, "log10_lambda": 0.9923794130758905, "log10_min_child_weight": 3.9850112036200875, "log10_subsample": -0.73907308954626, "max_depth": 4.0, "num_boost_round": 3.0}, "datetime": {"datetime": "2024-01-19 01:29:54", "elapsed": 4702.155468, "delta": 0.005006}}
{"target": -13.7585357624403, "params": {"gamma": 704.119558004949, "log10_alpha": 0.7191285184337453, "log10_colsample_bytree": -0.5244157536072146, "log10_eta": -3.7655021200142023, "log10_lambda": 0.9923794130758905, "log10_min_child_weight": 3.9850112036200875, "log10_subsample": -0.73907308954626, "max_depth": 4.0, "num_boost_round": 4.0}, "datetime": {"datetime": "2024-01-19 01:29:54", "elapsed": 4702.160448, "delta": 0.00498}}
{"target": -13.758536048909138, "params": {"gamma": 704.119558004949, "log10_alpha": 0.7191285184337453, "log10_colsample_bytree": -0.5244157536072146, "log10_eta": -3.7655021200142023, "log10_lambda": 0.9923794130758905, "log10_min_child_weight": 3.9850112036200875, "log10_subsample": -0.73907308954626, "max_depth": 4.0, "num_boost_round": 5.0}, "datetime": {"datetime": "2024-01-19 01:29:54", "elapsed": 4702.165236, "delta": 0.004788}}
{"target": -13.758536870905182, "params": {"gamma": 704.119558004949, "log10_alpha": 0.7191285184337453, "log10_colsample_bytree": -0.5244157536072146, "log10_eta": -3.7655021200142023, "log10_lambda": 0.9923794130758905, "log10_min_child_weight": 3.9850112036200875, "log10_subsample": -0.73907308954626, "max_depth": 4.0, "num_boost_round": 6.0}, "datetime": {"datetime": "2024-01-19 01:29:54", "elapsed": 4702.170067, "delta": 0.004831}}
{"target": -13.758535464350116, "params": {"gamma": 704.119558004949, "log10_alpha": 0.7191285184337453, "log10_colsample_bytree": -0.5244157536072146, "log10_eta": -3.7655021200142023, "log10_lambda": 0.9923794130758905, "log10_min_child_weight": 3.9850112036200875, "log10_subsample": -0.73907308954626, "max_depth": 4.0, "num_boost_round": 7.0}, "datetime": {"datetime": "2024-01-19 01:29:54", "elapsed": 4702.175002, "delta": 0.004935}}
{"target": -13.758535121020744, "params": {"gamma": 704.119558004949, "log10_alpha": 0.7191285184337453, "log10_colsample_bytree": -0.5244157536072146, "log10_eta": -3.7655021200142023, "log10_lambda": 0.9923794130758905, "log10_min_child_weight": 3.9850112036200875, "log10_subsample": -0.73907308954626, "max_depth": 4.0, "num_boost_round": 8.0}, "datetime": {"datetime": "2024-01-19 01:29:54", "elapsed": 4702.179771, "delta": 0.004769}}
{"target": -13.7585334763001, "params": {"gamma": 704.119558004949, "log10_alpha": 0.7191285184337453, "log10_colsample_bytree": -0.5244157536072146, "log10_eta": -3.7655021200142023, "log10_lambda": 0.9923794130758905, "log10_min_child_weight": 3.9850112036200875, "log10_subsample": -0.73907308954626, "max_depth": 4.0, "num_boost_round": 9.0}, "datetime": {"datetime": "2024-01-19 01:29:54", "elapsed": 4702.184926, "delta": 0.005155}}
{"target": -13.758533159445289, "params": {"gamma": 704.119558004949, "log10_alpha": 0.7191285184337453, "log10_colsample_bytree": -0.5244157536072146, "log10_eta": -3.7655021200142023, "log10_lambda": 0.9923794130758905, "log10_min_child_weight": 3.9850112036200875, "log10_subsample": -0.73907308954626, "max_depth": 4.0, "num_boost_round": 10.0}, "datetime": {"datetime": "2024-01-19 01:29:54", "elapsed": 4702.189791, "delta": 0.004865}}
{"target": -13.758532578607328, "params": {"gamma": 704.119558004949, "log10_alpha": 0.7191285184337453, "log10_colsample_bytree": -0.5244157536072146, "log10_eta": -3.7655021200142023, "log10_lambda": 0.9923794130758905, "log10_min_child_weight": 3.9850112036200875, "log10_subsample": -0.73907308954626, "max_depth": 4.0, "num_boost_round": 11.0}, "datetime": {"datetime": "2024-01-19 01:29:54", "elapsed": 4702.194563, "delta": 0.004772}}
{"target": -13.758533415160809, "params": {"gamma": 704.119558004949, "log10_alpha": 0.7191285184337453, "log10_colsample_bytree": -0.5244157536072146, "log10_eta": -3.7655021200142023, "log10_lambda": 0.9923794130758905, "log10_min_child_weight": 3.9850112036200875, "log10_subsample": -0.73907308954626, "max_depth": 4.0, "num_boost_round": 12.0}, "datetime": {"datetime": "2024-01-19 01:29:54", "elapsed": 4702.199408, "delta": 0.004845}}
{"target": -13.758532392733121, "params": {"gamma": 704.119558004949, "log10_alpha": 0.7191285184337453, "log10_colsample_bytree": -0.5244157536072146, "log10_eta": -3.7655021200142023, "log10_lambda": 0.9923794130758905, "log10_min_child_weight": 3.9850112036200875, "log10_subsample": -0.73907308954626, "max_depth": 4.0, "num_boost_round": 13.0}, "datetime": {"datetime": "2024-01-19 01:29:54", "elapsed": 4702.203985, "delta": 0.004577}}
{"target": -13.758531378276153, "params": {"gamma": 704.119558004949, "log10_alpha": 0.7191285184337453, "log10_colsample_bytree": -0.5244157536072146, "log10_eta": -3.7655021200142023, "log10_lambda": 0.9923794130758905, "log10_min_child_weight": 3.9850112036200875, "log10_subsample": -0.73907308954626, "max_depth": 4.0, "num_boost_round": 14.0}, "datetime": {"datetime": "2024-01-19 01:29:54", "elapsed": 4702.208454, "delta": 0.004469}}
