{"target": -13.758471306766538, "params": {"gamma": 891.2822288266736, "log10_alpha": -1.0662832775152582, "log10_colsample_bytree": -0.8680238322547155, "log10_eta": -3.444634922630131, "log10_lambda": -4.842662124472156, "log10_min_child_weight": 3.0090686358108103, "log10_subsample": -0.10388471606610405, "max_depth": 9.0, "num_boost_round": 9.0}, "datetime": {"datetime": "2024-01-19 00:27:43", "elapsed": 968.251279, "delta": 0.001844}}
{"target": -13.758462942092438, "params": {"gamma": 891.2822288266736, "log10_alpha": -1.0662832775152582, "log10_colsample_bytree": -0.8680238322547155, "log10_eta": -3.444634922630131, "log10_lambda": -4.842662124472156, "log10_min_child_weight": 3.0090686358108103, "log10_subsample": -0.10388471606610405, "max_depth": 9.0, "num_boost_round": 10.0}, "datetime": {"datetime": "2024-01-19 00:27:43", "elapsed": 968.253108, "delta": 0.001829}}
{"target": -13.758454901126726, "params": {"gamma": 891.2822288266736, "log10_alpha": -1.0662832775152582, "log10_colsample_bytree": -0.8680238322547155, "log10_eta": -3.444634922630131, "log10_lambda": -4.842662124472156, "log10_min_child_weight": 3.0090686358108103, "log10_subsample": -0.10388471606610405, "max_depth": 9.0, "num_boost_round": 11.0}, "datetime": {"datetime": "2024-01-19 00:27:43", "elapsed": 968.254829, "delta": 0.001721}}
{"target": -13.758462629940635, "params": {"gamma": 891.2822288266736, "log10_alpha": -1.0662832775152582, "log10_colsample_bytree": -0.8680238322547155, "log10_eta": -3.444634922630131, "log10_lambda": -4.842662124472156, "log10_min_child_weight": 3.0090686358108103, "log10_subsample": -0.10388471606610405, "max_depth": 9.0, "num_boost_round": 12.0}, "datetime": {"datetime": "2024-01-19 00:27:43", "elapsed": 968.256554, "delta": 0.001725}}
{"target": -13.758440896278504, "params": {"gamma": 891.2822288266736, "log10_alpha": -1.0662832775152582, "log10_colsample_bytree": -0.8680238322547155, "log10_eta": -3.444634922630131, "log10_lambda": -4.842662124472156, "log10_min_child_weight": 3.0090686358108103, "log10_subsample": -0.10388471606610405, "max_depth": 9.0, "num_boost_round": 13.0}, "datetime": {"datetime": "2024-01-19 00:27:43", "elapsed": 968.258297, "delta": 0.001743}}
{"target": -13.758432735217506, "params": {"gamma": 891.2822288266736, "log10_alpha": -1.0662832775152582, "log10_colsample_bytree": -0.8680238322547155, "log10_eta": -3.444634922630131, "log10_lambda": -4.842662124472156, "log10_min_child_weight": 3.0090686358108103, "log10_subsample": -0.10388471606610405, "max_depth": 9.0, "num_boost_round": 14.0}, "datetime": {"datetime": "2024-01-19 00:27:43", "elapsed": 968.260036, "delta": 0.001739}}
{"target": -13.758414393496212, "params": {"gamma": 891.2822288266736, "log10_alpha": -1.0662832775152582, "log10_colsample_bytree": -0.8680238322547155, "log10_eta": -3.444634922630131, "log10_lambda": -4.842662124472156, "log10_min_child_weight": 3.0090686358108103, "log10_subsample": -0.10388471606610405, "max_depth": 9.0, "num_boost_round": 15.0}, "datetime": {"datetime": "2024-01-19 00:27:43", "elapsed": 968.261749, "delta": 0.001713}}
{"target": -13.758406136355264, "params": {"gamma": 891.2822288266736, "log10_alpha": -1.0662832775152582, "log10_colsample_bytree": -0.8680238322547155, "log10_eta": -3.444634922630131, "log10_lambda": -4.842662124472156, "log10_min_child_weight": 3.0090686358108103, "log10_subsample": -0.10388471606610405, "max_depth": 9.0, "num_boost_round": 16.0}, "datetime": {"datetime": "2024-01-19 00:27:43", "elapsed": 968.263481, "delta": 0.001732}}
{"target": -13.758396648668292, "params": {"gamma": 891.2822288266736, "log10_alpha": -1.0662832775152582, "log10_colsample_bytree": -0.8680238322547155, "log10_eta": -3.444634922630131, "log10_lambda": -4.842662124472156, "log10_min_child_weight": 3.0090686358108103, "log10_subsample": -0.10388471606610405, "max_depth": 9.0, "num_boost_round": 17.0}, "datetime": {"datetime": "2024-01-19 00:27:43", "elapsed": 968.265215, "delta": 0.001734}}
{"target": -13.758384571946246, "params": {"gamma": 891.2822288266736, "log10_alpha": -1.0662832775152582, "log10_colsample_bytree": -0.8680238322547155, "log10_eta": -3.444634922630131, "log10_lambda": -4.842662124472156, "log10_min_child_weight": 3.0090686358108103, "log10_subsample": -0.10388471606610405, "max_depth": 9.0, "num_boost_round": 18.0}, "datetime": {"datetime": "2024-01-19 00:27:43", "elapsed": 968.26694, "delta": 0.001725}}
{"target": -13.758370380248714, "params": {"gamma": 891.2822288266736, "log10_alpha": -1.0662832775152582, "log10_colsample_bytree": -0.8680238322547155, "log10_eta": -3.444634922630131, "log10_lambda": -4.842662124472156, "log10_min_child_weight": 3.0090686358108103, "log10_subsample": -0.10388471606610405, "max_depth": 9.0, "num_boost_round": 19.0}, "datetime": {"datetime": "2024-01-19 00:27:43", "elapsed": 968.268676, "delta": 0.001736}}
{"target": -13.758359843132805, "params": {"gamma": 891.2822288266736, "log10_alpha": -1.0662832775152582, "log10_colsample_bytree": -0.8680238322547155, "log10_eta": -3.444634922630131, "log10_lambda": -4.842662124472156, "log10_min_child_weight": 3.0090686358108103, "log10_subsample": -0.10388471606610405, "max_depth": 9.0, "num_boost_round": 20.0}, "datetime": {"datetime": "2024-01-19 00:27:43", "elapsed": 968.270405, "delta": 0.001729}}
{"target": -13.758357472868889, "params": {"gamma": 891.2822288266736, "log10_alpha": -1.0662832775152582, "log10_colsample_bytree": -0.8680238322547155, "log10_eta": -3.444634922630131, "log10_lambda": -4.842662124472156, "log10_min_child_weight": 3.0090686358108103, "log10_subsample": -0.10388471606610405, "max_depth": 9.0, "num_boost_round": 21.0}, "datetime": {"datetime": "2024-01-19 00:27:43", "elapsed": 968.272263, "delta": 0.001858}}
{"target": -13.758350411472833, "params": {"gamma": 891.2822288266736, "log10_alpha": -1.0662832775152582, "log10_colsample_bytree": -0.8680238322547155, "log10_eta": -3.444634922630131, "log10_lambda": -4.842662124472156, "log10_min_child_weight": 3.0090686358108103, "log10_subsample": -0.10388471606610405, "max_depth": 9.0, "num_boost_round": 22.0}, "datetime": {"datetime": "2024-01-19 00:27:43", "elapsed": 968.274003, "delta": 0.00174}}
{"target": -13.758327107999541, "params": {"gamma": 891.2822288266736, "log10_alpha": -1.0662832775152582, "log10_colsample_bytree": -0.8680238322547155, "log10_eta": -3.444634922630131, "log10_lambda": -4.842662124472156, "log10_min_child_weight": 3.0090686358108103, "log10_subsample": -0.10388471606610405, "max_depth": 9.0, "num_boost_round": 23.0}, "datetime": {"datetime": "2024-01-19 00:27:43", "elapsed": 968.275745, "delta": 0.001742}}
{"target": -13.758324546889721, "params": {"gamma": 891.2822288266736, "log10_alpha": -1.0662832775152582, "log10_colsample_bytree": -0.8680238322547155, "log10_eta": -3.444634922630131, "log10_lambda": -4.842662124472156, "log10_min_child_weight": 3.0090686358108103, "log10_subsample": -0.10388471606610405, "max_depth": 9.0, "num_boost_round": 24.0}, "datetime": {"datetime": "2024-01-19 00:27:43", "elapsed": 968.277483, "delta": 0.001738}}
{"target": -13.758311739355081, "params": {"gamma": 891.2822288266736, "log10_alpha": -1.0662832775152582, "log10_colsample_bytree": -0.8680238322547155, "log10_eta": -3.444634922630131, "log10_lambda": -4.842662124472156, "log10_min_child_weight": 3.0090686358108103, "log10_subsample": -0.10388471606610405, "max_depth": 9.0, "num_boost_round": 25.0}, "datetime": {"datetime": "2024-01-19 00:27:43", "elapsed": 968.27921, "delta": 0.001727}}
{"target": -13.758300770414246, "params": {"gamma": 891.2822288266736, "log10_alpha": -1.0662832775152582, "log10_colsample_bytree": -0.8680238322547155, "log10_eta": -3.444634922630131, "log10_lambda": -4.842662124472156, "log10_min_child_weight": 3.0090686358108103, "log10_subsample": -0.10388471606610405, "max_depth": 9.0, "num_boost_round": 26.0}, "datetime": {"datetime": "2024-01-19 00:27:43", "elapsed": 968.280968, "delta": 0.001758}}
{"target": -13.758290814937249, "params": {"gamma": 891.2822288266736, "log10_alpha": -1.0662832775152582, "log10_colsample_bytree": -0.8680238322547155, "log10_eta": -3.444634922630131, "log10_lambda": -4.842662124472156, "log10_min_child_weight": 3.0090686358108103, "log10_subsample": -0.10388471606610405, "max_depth": 9.0, "num_boost_round": 27.0}, "datetime": {"datetime": "2024-01-19 00:27:43", "elapsed": 968.282691, "delta": 0.001723}}
{"target": -13.758280875708676, "params": {"gamma": 891.2822288266736, "log10_alpha": -1.0662832775152582, "log10_colsample_bytree": -0.8680238322547155, "log10_eta": -3.444634922630131, "log10_lambda": -4.842662124472156, "log10_min_child_weight": 3.0090686358108103, "log10_subsample": -0.10388471606610405, "max_depth": 9.0, "num_boost_round": 28.0}, "datetime": {"datetime": "2024-01-19 00:27:43", "elapsed": 968.284456, "delta": 0.001765}}
{"target": -13.758275880578292, "params": {"gamma": 891.2822288266736, "log10_alpha": -1.0662832775152582, "log10_colsample_bytree": -0.8680238322547155, "log10_eta": -3.444634922630131, "log10_lambda": -4.842662124472156, "log10_min_child_weight": 3.0090686358108103, "log10_subsample": -0.10388471606610405, "max_depth": 9.0, "num_boost_round": 29.0}, "datetime": {"datetime": "2024-01-19 00:27:43", "elapsed": 968.286185, "delta": 0.001729}}
{"target": -13.758263359426598, "params": {"gamma": 891.2822288266736, "log10_alpha": -1.0662832775152582, "log10_colsample_bytree": -0.8680238322547155, "log10_eta": -3.444634922630131, "log10_lambda": -4.842662124472156, "log10_min_child_weight": 3.0090686358108103, "log10_subsample": -0.10388471606610405, "max_depth": 9.0, "num_boost_round": 30.0}, "datetime": {"datetime": "2024-01-19 00:27:43", "elapsed": 968.287923, "delta": 0.001738}}
{"target": -13.75823909518942, "params": {"gamma": 891.2822288266736, "log10_alpha": -1.0662832775152582, "log10_colsample_bytree": -0.8680238322547155, "log10_eta": -3.444634922630131, "log10_lambda": -4.842662124472156, "log10_min_child_weight": 3.0090686358108103, "log10_subsample": -0.10388471606610405, "max_depth": 9.0, "num_boost_round": 31.0}, "datetime": {"datetime": "2024-01-19 00:27:43", "elapsed": 968.289644, "delta": 0.001721}}
{"target": -13.758244017462856, "params": {"gamma": 891.2822288266736, "log10_alpha": -1.0662832775152582, "log10_colsample_bytree": -0.8680238322547155, "log10_eta": -3.444634922630131, "log10_lambda": -4.842662124472156, "log10_min_child_weight": 3.0090686358108103, "log10_subsample": -0.10388471606610405, "max_depth": 9.0, "num_boost_round": 32.0}, "datetime": {"datetime": "2024-01-19 00:27:43", "elapsed": 968.291439, "delta": 0.001795}}
{"target": -13.758241240863342, "params": {"gamma": 891.2822288266736, "log10_alpha": -1.0662832775152582, "log10_colsample_bytree": -0.8680238322547155, "log10_eta": -3.444634922630131, "log10_lambda": -4.842662124472156, "log10_min_child_weight": 3.0090686358108103, "log10_subsample": -0.10388471606610405, "max_depth": 9.0, "num_boost_round": 33.0}, "datetime": {"datetime": "2024-01-19 00:27:43", "elapsed": 968.293312, "delta": 0.001873}}
{"target": -13.7582268720915, "params": {"gamma": 891.2822288266736, "log10_alpha": -1.0662832775152582, "log10_colsample_bytree": -0.8680238322547155, "log10_eta": -3.444634922630131, "log10_lambda": -4.842662124472156, "log10_min_child_weight": 3.0090686358108103, "log10_subsample": -0.10388471606610405, "max_depth": 9.0, "num_boost_round": 34.0}, "datetime": {"datetime": "2024-01-19 00:27:43", "elapsed": 968.295087, "delta": 0.001775}}
{"target": -13.758210415195894, "params": {"gamma": 891.2822288266736, "log10_alpha": -1.0662832775152582, "log10_colsample_bytree": -0.8680238322547155, "log10_eta": -3.444634922630131, "log10_lambda": -4.842662124472156, "log10_min_child_weight": 3.0090686358108103, "log10_subsample": -0.10388471606610405, "max_depth": 9.0, "num_boost_round": 35.0}, "datetime": {"datetime": "2024-01-19 00:27:43", "elapsed": 968.29683, "delta": 0.001743}}
{"target": -13.758206232786895, "params": {"gamma": 891.2822288266736, "log10_alpha": -1.0662832775152582, "log10_colsample_bytree": -0.8680238322547155, "log10_eta": -3.444634922630131, "log10_lambda": -4.842662124472156, "log10_min_child_weight": 3.0090686358108103, "log10_subsample": -0.10388471606610405, "max_depth": 9.0, "num_boost_round": 36.0}, "datetime": {"datetime": "2024-01-19 00:27:43", "elapsed": 968.298587, "delta": 0.001757}}
{"target": -13.758198546964843, "params": {"gamma": 891.2822288266736, "log10_alpha": -1.0662832775152582, "log10_colsample_bytree": -0.8680238322547155, "log10_eta": -3.444634922630131, "log10_lambda": -4.842662124472156, "log10_min_child_weight": 3.0090686358108103, "log10_subsample": -0.10388471606610405, "max_depth": 9.0, "num_boost_round": 37.0}, "datetime": {"datetime": "2024-01-19 00:27:44", "elapsed": 968.300344, "delta": 0.001757}}
{"target": -13.758198307384285, "params": {"gamma": 891.2822288266736, "log10_alpha": -1.0662832775152582, "log10_colsample_bytree": -0.8680238322547155, "log10_eta": -3.444634922630131, "log10_lambda": -4.842662124472156, "log10_min_child_weight": 3.0090686358108103, "log10_subsample": -0.10388471606610405, "max_depth": 9.0, "num_boost_round": 38.0}, "datetime": {"datetime": "2024-01-19 00:27:44", "elapsed": 968.302121, "delta": 0.001777}}
{"target": -13.758197283115937, "params": {"gamma": 891.2822288266736, "log10_alpha": -1.0662832775152582, "log10_colsample_bytree": -0.8680238322547155, "log10_eta": -3.444634922630131, "log10_lambda": -4.842662124472156, "log10_min_child_weight": 3.0090686358108103, "log10_subsample": -0.10388471606610405, "max_depth": 9.0, "num_boost_round": 39.0}, "datetime": {"datetime": "2024-01-19 00:27:44", "elapsed": 968.303894, "delta": 0.001773}}
{"target": -13.75821256874244, "params": {"gamma": 891.2822288266736, "log10_alpha": -1.0662832775152582, "log10_colsample_bytree": -0.8680238322547155, "log10_eta": -3.444634922630131, "log10_lambda": -4.842662124472156, "log10_min_child_weight": 3.0090686358108103, "log10_subsample": -0.10388471606610405, "max_depth": 9.0, "num_boost_round": 40.0}, "datetime": {"datetime": "2024-01-19 00:27:44", "elapsed": 968.305644, "delta": 0.00175}}
{"target": -13.758213210381246, "params": {"gamma": 891.2822288266736, "log10_alpha": -1.0662832775152582, "log10_colsample_bytree": -0.8680238322547155, "log10_eta": -3.444634922630131, "log10_lambda": -4.842662124472156, "log10_min_child_weight": 3.0090686358108103, "log10_subsample": -0.10388471606610405, "max_depth": 9.0, "num_boost_round": 41.0}, "datetime": {"datetime": "2024-01-19 00:27:44", "elapsed": 968.30739, "delta": 0.001746}}
{"target": -13.758536535964804, "params": {"gamma": 879.8489536935035, "log10_alpha": -1.5002031643430134, "log10_colsample_bytree": -0.3029768151033069, "log10_eta": -3.9238260702966783, "log10_lambda": -1.4875410263971798, "log10_min_child_weight": 2.99663310356117, "log10_subsample": -0.7562917070458398, "max_depth": 7.0, "num_boost_round": 0.0}, "datetime": {"datetime": "2024-01-19 00:28:05", "elapsed": 989.336151, "delta": 21.028761}}
{"target": -13.758532072977195, "params": {"gamma": 879.8489536935035, "log10_alpha": -1.5002031643430134, "log10_colsample_bytree": -0.3029768151033069, "log10_eta": -3.9238260702966783, "log10_lambda": -1.4875410263971798, "log10_min_child_weight": 2.99663310356117, "log10_subsample": -0.7562917070458398, "max_depth": 7.0, "num_boost_round": 1.0}, "datetime": {"datetime": "2024-01-19 00:28:05", "elapsed": 989.338324, "delta": 0.002173}}
{"target": -13.758528310969725, "params": {"gamma": 879.8489536935035, "log10_alpha": -1.5002031643430134, "log10_colsample_bytree": -0.3029768151033069, "log10_eta": -3.9238260702966783, "log10_lambda": -1.4875410263971798, "log10_min_child_weight": 2.99663310356117, "log10_subsample": -0.7562917070458398, "max_depth": 7.0, "num_boost_round": 2.0}, "datetime": {"datetime": "2024-01-19 00:28:05", "elapsed": 989.34026, "delta": 0.001936}}
{"target": -13.758529814952453, "params": {"gamma": 879.8489536935035, "log10_alpha": -1.5002031643430134, "log10_colsample_bytree": -0.3029768151033069, "log10_eta": -3.9238260702966783, "log10_lambda": -1.4875410263971798, "log10_min_child_weight": 2.99663310356117, "log10_subsample": -0.7562917070458398, "max_depth": 7.0, "num_boost_round": 3.0}, "datetime": {"datetime": "2024-01-19 00:28:05", "elapsed": 989.342247, "delta": 0.001987}}
{"target": -13.758524509807806, "params": {"gamma": 879.8489536935035, "log10_alpha": -1.5002031643430134, "log10_colsample_bytree": -0.3029768151033069, "log10_eta": -3.9238260702966783, "log10_lambda": -1.4875410263971798, "log10_min_child_weight": 2.99663310356117, "log10_subsample": -0.7562917070458398, "max_depth": 7.0, "num_boost_round": 4.0}, "datetime": {"datetime": "2024-01-19 00:28:05", "elapsed": 989.344092, "delta": 0.001845}}
{"target": -13.758520630719989, "params": {"gamma": 879.8489536935035, "log10_alpha": -1.5002031643430134, "log10_colsample_bytree": -0.3029768151033069, "log10_eta": -3.9238260702966783, "log10_lambda": -1.4875410263971798, "log10_min_child_weight": 2.99663310356117, "log10_subsample": -0.7562917070458398, "max_depth": 7.0, "num_boost_round": 5.0}, "datetime": {"datetime": "2024-01-19 00:28:05", "elapsed": 989.345871, "delta": 0.001779}}
{"target": -13.758518642375316, "params": {"gamma": 879.8489536935035, "log10_alpha": -1.5002031643430134, "log10_colsample_bytree": -0.3029768151033069, "log10_eta": -3.9238260702966783, "log10_lambda": -1.4875410263971798, "log10_min_child_weight": 2.99663310356117, "log10_subsample": -0.7562917070458398, "max_depth": 7.0, "num_boost_round": 6.0}, "datetime": {"datetime": "2024-01-19 00:28:05", "elapsed": 989.347639, "delta": 0.001768}}
{"target": -13.75851592742502, "params": {"gamma": 879.8489536935035, "log10_alpha": -1.5002031643430134, "log10_colsample_bytree": -0.3029768151033069, "log10_eta": -3.9238260702966783, "log10_lambda": -1.4875410263971798, "log10_min_child_weight": 2.99663310356117, "log10_subsample": -0.7562917070458398, "max_depth": 7.0, "num_boost_round": 7.0}, "datetime": {"datetime": "2024-01-19 00:28:05", "elapsed": 989.349398, "delta": 0.001759}}
{"target": -13.758511529959625, "params": {"gamma": 879.8489536935035, "log10_alpha": -1.5002031643430134, "log10_colsample_bytree": -0.3029768151033069, "log10_eta": -3.9238260702966783, "log10_lambda": -1.4875410263971798, "log10_min_child_weight": 2.99663310356117, "log10_subsample": -0.7562917070458398, "max_depth": 7.0, "num_boost_round": 8.0}, "datetime": {"datetime": "2024-01-19 00:28:05", "elapsed": 989.351317, "delta": 0.001919}}
{"target": -13.758509848257457, "params": {"gamma": 879.8489536935035, "log10_alpha": -1.5002031643430134, "log10_colsample_bytree": -0.3029768151033069, "log10_eta": -3.9238260702966783, "log10_lambda": -1.4875410263971798, "log10_min_child_weight": 2.99663310356117, "log10_subsample": -0.7562917070458398, "max_depth": 7.0, "num_boost_round": 9.0}, "datetime": {"datetime": "2024-01-19 00:28:05", "elapsed": 989.35321, "delta": 0.001893}}
{"target": -13.758509949816814, "params": {"gamma": 879.8489536935035, "log10_alpha": -1.5002031643430134, "log10_colsample_bytree": -0.3029768151033069, "log10_eta": -3.9238260702966783, "log10_lambda": -1.4875410263971798, "log10_min_child_weight": 2.99663310356117, "log10_subsample": -0.7562917070458398, "max_depth": 7.0, "num_boost_round": 10.0}, "datetime": {"datetime": "2024-01-19 00:28:05", "elapsed": 989.354991, "delta": 0.001781}}
{"target": -13.758509027566628, "params": {"gamma": 879.8489536935035, "log10_alpha": -1.5002031643430134, "log10_colsample_bytree": -0.3029768151033069, "log10_eta": -3.9238260702966783, "log10_lambda": -1.4875410263971798, "log10_min_child_weight": 2.99663310356117, "log10_subsample": -0.7562917070458398, "max_depth": 7.0, "num_boost_round": 11.0}, "datetime": {"datetime": "2024-01-19 00:28:05", "elapsed": 989.356791, "delta": 0.0018}}
{"target": -13.758532213741013, "params": {"gamma": 884.858889872618, "log10_alpha": 0.536221455995646, "log10_colsample_bytree": -0.4914184506639213, "log10_eta": -3.898079510107293, "log10_lambda": -3.310095718953024, "log10_min_child_weight": 1.2018475476376156, "log10_subsample": -0.12972604051299497, "max_depth": 9.0, "num_boost_round": 0.0}, "datetime": {"datetime": "2024-01-19 00:28:31", "elapsed": 1015.631791, "delta": 26.275}}
{"target": -13.75852178171755, "params": {"gamma": 884.858889872618, "log10_alpha": 0.536221455995646, "log10_colsample_bytree": -0.4914184506639213, "log10_eta": -3.898079510107293, "log10_lambda": -3.310095718953024, "log10_min_child_weight": 1.2018475476376156, "log10_subsample": -0.12972604051299497, "max_depth": 9.0, "num_boost_round": 1.0}, "datetime": {"datetime": "2024-01-19 00:28:31", "elapsed": 1015.633995, "delta": 0.002204}}
{"target": -13.7585142246872, "params": {"gamma": 884.858889872618, "log10_alpha": 0.536221455995646, "log10_colsample_bytree": -0.4914184506639213, "log10_eta": -3.898079510107293, "log10_lambda": -3.310095718953024, "log10_min_child_weight": 1.2018475476376156, "log10_subsample": -0.12972604051299497, "max_depth": 9.0, "num_boost_round": 2.0}, "datetime": {"datetime": "2024-01-19 00:28:31", "elapsed": 1015.636231, "delta": 0.002236}}
{"target": -13.75851161482802, "params": {"gamma": 884.858889872618, "log10_alpha": 0.536221455995646, "log10_colsample_bytree": -0.4914184506639213, "log10_eta": -3.898079510107293, "log10_lambda": -3.310095718953024, "log10_min_child_weight": 1.2018475476376156, "log10_subsample": -0.12972604051299497, "max_depth": 9.0, "num_boost_round": 3.0}, "datetime": {"datetime": "2024-01-19 00:28:31", "elapsed": 1015.638602, "delta": 0.002371}}
