{"target": -17.67720027473055, "params": {"gamma": 871.380389539304, "log10_alpha": -2.222449854699855, "log10_colsample_bytree": -0.5092696181298004, "log10_eta": -3.972163800704988, "log10_lambda": 0.17909322931926752, "log10_min_child_weight": 3.6820883423380235, "log10_subsample": -0.5037334577214214, "max_depth": 9.0, "num_boost_round": 10.0}, "datetime": {"datetime": "2024-01-19 00:23:03", "elapsed": 663.773591, "delta": 0.001057}}
{"target": -17.67719390044604, "params": {"gamma": 871.380389539304, "log10_alpha": -2.222449854699855, "log10_colsample_bytree": -0.5092696181298004, "log10_eta": -3.972163800704988, "log10_lambda": 0.17909322931926752, "log10_min_child_weight": 3.6820883423380235, "log10_subsample": -0.5037334577214214, "max_depth": 9.0, "num_boost_round": 11.0}, "datetime": {"datetime": "2024-01-19 00:23:03", "elapsed": 663.774701, "delta": 0.00111}}
{"target": -17.677187788048887, "params": {"gamma": 871.380389539304, "log10_alpha": -2.222449854699855, "log10_colsample_bytree": -0.5092696181298004, "log10_eta": -3.972163800704988, "log10_lambda": 0.17909322931926752, "log10_min_child_weight": 3.6820883423380235, "log10_subsample": -0.5037334577214214, "max_depth": 9.0, "num_boost_round": 12.0}, "datetime": {"datetime": "2024-01-19 00:23:03", "elapsed": 663.775687, "delta": 0.000986}}
{"target": -17.677182980862895, "params": {"gamma": 871.380389539304, "log10_alpha": -2.222449854699855, "log10_colsample_bytree": -0.5092696181298004, "log10_eta": -3.972163800704988, "log10_lambda": 0.17909322931926752, "log10_min_child_weight": 3.6820883423380235, "log10_subsample": -0.5037334577214214, "max_depth": 9.0, "num_boost_round": 13.0}, "datetime": {"datetime": "2024-01-19 00:23:03", "elapsed": 663.781373, "delta": 0.005686}}
{"target": -17.67718644419347, "params": {"gamma": 861.0667964469793, "log10_alpha": -1.509551511145216, "log10_colsample_bytree": -0.00973008595323599, "log10_eta": -2.7465410717499177, "log10_lambda": -3.443310220244222, "log10_min_child_weight": 1.9869423494245186, "log10_subsample": -0.7796005312196141, "max_depth": 6.0, "num_boost_round": 0.0}, "datetime": {"datetime": "2024-01-19 00:23:25", "elapsed": 686.083442, "delta": 22.302069}}
{"target": -17.677116829628005, "params": {"gamma": 861.0667964469793, "log10_alpha": -1.509551511145216, "log10_colsample_bytree": -0.00973008595323599, "log10_eta": -2.7465410717499177, "log10_lambda": -3.443310220244222, "log10_min_child_weight": 1.9869423494245186, "log10_subsample": -0.7796005312196141, "max_depth": 6.0, "num_boost_round": 1.0}, "datetime": {"datetime": "2024-01-19 00:23:25", "elapsed": 686.084598, "delta": 0.001156}}
{"target": -17.676991357500217, "params": {"gamma": 861.0667964469793, "log10_alpha": -1.509551511145216, "log10_colsample_bytree": -0.00973008595323599, "log10_eta": -2.7465410717499177, "log10_lambda": -3.443310220244222, "log10_min_child_weight": 1.9869423494245186, "log10_subsample": -0.7796005312196141, "max_depth": 6.0, "num_boost_round": 2.0}, "datetime": {"datetime": "2024-01-19 00:23:25", "elapsed": 686.085632, "delta": 0.001034}}
{"target": -17.676968908376807, "params": {"gamma": 861.0667964469793, "log10_alpha": -1.509551511145216, "log10_colsample_bytree": -0.00973008595323599, "log10_eta": -2.7465410717499177, "log10_lambda": -3.443310220244222, "log10_min_child_weight": 1.9869423494245186, "log10_subsample": -0.7796005312196141, "max_depth": 6.0, "num_boost_round": 3.0}, "datetime": {"datetime": "2024-01-19 00:23:25", "elapsed": 686.086621, "delta": 0.000989}}
{"target": -17.67691243409664, "params": {"gamma": 861.0667964469793, "log10_alpha": -1.509551511145216, "log10_colsample_bytree": -0.00973008595323599, "log10_eta": -2.7465410717499177, "log10_lambda": -3.443310220244222, "log10_min_child_weight": 1.9869423494245186, "log10_subsample": -0.7796005312196141, "max_depth": 6.0, "num_boost_round": 4.0}, "datetime": {"datetime": "2024-01-19 00:23:25", "elapsed": 686.087827, "delta": 0.001206}}
{"target": -17.676812802916853, "params": {"gamma": 861.0667964469793, "log10_alpha": -1.509551511145216, "log10_colsample_bytree": -0.00973008595323599, "log10_eta": -2.7465410717499177, "log10_lambda": -3.443310220244222, "log10_min_child_weight": 1.9869423494245186, "log10_subsample": -0.7796005312196141, "max_depth": 6.0, "num_boost_round": 5.0}, "datetime": {"datetime": "2024-01-19 00:23:25", "elapsed": 686.089499, "delta": 0.001672}}
{"target": -17.67674395679089, "params": {"gamma": 861.0667964469793, "log10_alpha": -1.509551511145216, "log10_colsample_bytree": -0.00973008595323599, "log10_eta": -2.7465410717499177, "log10_lambda": -3.443310220244222, "log10_min_child_weight": 1.9869423494245186, "log10_subsample": -0.7796005312196141, "max_depth": 6.0, "num_boost_round": 6.0}, "datetime": {"datetime": "2024-01-19 00:23:25", "elapsed": 686.090485, "delta": 0.000986}}
{"target": -17.676677200514487, "params": {"gamma": 861.0667964469793, "log10_alpha": -1.509551511145216, "log10_colsample_bytree": -0.00973008595323599, "log10_eta": -2.7465410717499177, "log10_lambda": -3.443310220244222, "log10_min_child_weight": 1.9869423494245186, "log10_subsample": -0.7796005312196141, "max_depth": 6.0, "num_boost_round": 7.0}, "datetime": {"datetime": "2024-01-19 00:23:25", "elapsed": 686.091588, "delta": 0.001103}}
{"target": -17.67657705481768, "params": {"gamma": 861.0667964469793, "log10_alpha": -1.509551511145216, "log10_colsample_bytree": -0.00973008595323599, "log10_eta": -2.7465410717499177, "log10_lambda": -3.443310220244222, "log10_min_child_weight": 1.9869423494245186, "log10_subsample": -0.7796005312196141, "max_depth": 6.0, "num_boost_round": 8.0}, "datetime": {"datetime": "2024-01-19 00:23:25", "elapsed": 686.092943, "delta": 0.001355}}
{"target": -17.67643339174384, "params": {"gamma": 861.0667964469793, "log10_alpha": -1.509551511145216, "log10_colsample_bytree": -0.00973008595323599, "log10_eta": -2.7465410717499177, "log10_lambda": -3.443310220244222, "log10_min_child_weight": 1.9869423494245186, "log10_subsample": -0.7796005312196141, "max_depth": 6.0, "num_boost_round": 9.0}, "datetime": {"datetime": "2024-01-19 00:23:25", "elapsed": 686.093959, "delta": 0.001016}}
{"target": -17.676453432365424, "params": {"gamma": 861.0667964469793, "log10_alpha": -1.509551511145216, "log10_colsample_bytree": -0.00973008595323599, "log10_eta": -2.7465410717499177, "log10_lambda": -3.443310220244222, "log10_min_child_weight": 1.9869423494245186, "log10_subsample": -0.7796005312196141, "max_depth": 6.0, "num_boost_round": 10.0}, "datetime": {"datetime": "2024-01-19 00:23:25", "elapsed": 686.094954, "delta": 0.000995}}
{"target": -17.676422023495824, "params": {"gamma": 861.0667964469793, "log10_alpha": -1.509551511145216, "log10_colsample_bytree": -0.00973008595323599, "log10_eta": -2.7465410717499177, "log10_lambda": -3.443310220244222, "log10_min_child_weight": 1.9869423494245186, "log10_subsample": -0.7796005312196141, "max_depth": 6.0, "num_boost_round": 11.0}, "datetime": {"datetime": "2024-01-19 00:23:25", "elapsed": 686.096048, "delta": 0.001094}}
{"target": -17.676378683344474, "params": {"gamma": 861.0667964469793, "log10_alpha": -1.509551511145216, "log10_colsample_bytree": -0.00973008595323599, "log10_eta": -2.7465410717499177, "log10_lambda": -3.443310220244222, "log10_min_child_weight": 1.9869423494245186, "log10_subsample": -0.7796005312196141, "max_depth": 6.0, "num_boost_round": 12.0}, "datetime": {"datetime": "2024-01-19 00:23:25", "elapsed": 686.097035, "delta": 0.000987}}
{"target": -17.67631350981875, "params": {"gamma": 861.0667964469793, "log10_alpha": -1.509551511145216, "log10_colsample_bytree": -0.00973008595323599, "log10_eta": -2.7465410717499177, "log10_lambda": -3.443310220244222, "log10_min_child_weight": 1.9869423494245186, "log10_subsample": -0.7796005312196141, "max_depth": 6.0, "num_boost_round": 13.0}, "datetime": {"datetime": "2024-01-19 00:23:25", "elapsed": 686.098021, "delta": 0.000986}}
{"target": -17.677043452219714, "params": {"gamma": 866.3874234045915, "log10_alpha": -0.49482407785542115, "log10_colsample_bytree": -0.34868274352579187, "log10_eta": -2.431086350909082, "log10_lambda": -1.1311585554570796, "log10_min_child_weight": 1.7082018859712984, "log10_subsample": -0.7094910146661985, "max_depth": 6.0, "num_boost_round": 0.0}, "datetime": {"datetime": "2024-01-19 00:23:50", "elapsed": 711.033378, "delta": 24.935357}}
{"target": -17.676631630155637, "params": {"gamma": 866.3874234045915, "log10_alpha": -0.49482407785542115, "log10_colsample_bytree": -0.34868274352579187, "log10_eta": -2.431086350909082, "log10_lambda": -1.1311585554570796, "log10_min_child_weight": 1.7082018859712984, "log10_subsample": -0.7094910146661985, "max_depth": 6.0, "num_boost_round": 1.0}, "datetime": {"datetime": "2024-01-19 00:23:50", "elapsed": 711.03486, "delta": 0.001482}}
{"target": -17.67651224063599, "params": {"gamma": 866.3874234045915, "log10_alpha": -0.49482407785542115, "log10_colsample_bytree": -0.34868274352579187, "log10_eta": -2.431086350909082, "log10_lambda": -1.1311585554570796, "log10_min_child_weight": 1.7082018859712984, "log10_subsample": -0.7094910146661985, "max_depth": 6.0, "num_boost_round": 2.0}, "datetime": {"datetime": "2024-01-19 00:23:50", "elapsed": 711.036401, "delta": 0.001541}}
{"target": -17.67640550700378, "params": {"gamma": 866.3874234045915, "log10_alpha": -0.49482407785542115, "log10_colsample_bytree": -0.34868274352579187, "log10_eta": -2.431086350909082, "log10_lambda": -1.1311585554570796, "log10_min_child_weight": 1.7082018859712984, "log10_subsample": -0.7094910146661985, "max_depth": 6.0, "num_boost_round": 3.0}, "datetime": {"datetime": "2024-01-19 00:23:50", "elapsed": 711.03775, "delta": 0.001349}}
{"target": -17.67618117999251, "params": {"gamma": 866.3874234045915, "log10_alpha": -0.49482407785542115, "log10_colsample_bytree": -0.34868274352579187, "log10_eta": -2.431086350909082, "log10_lambda": -1.1311585554570796, "log10_min_child_weight": 1.7082018859712984, "log10_subsample": -0.7094910146661985, "max_depth": 6.0, "num_boost_round": 4.0}, "datetime": {"datetime": "2024-01-19 00:23:50", "elapsed": 711.038878, "delta": 0.001128}}
{"target": -17.676123634816065, "params": {"gamma": 866.3874234045915, "log10_alpha": -0.49482407785542115, "log10_colsample_bytree": -0.34868274352579187, "log10_eta": -2.431086350909082, "log10_lambda": -1.1311585554570796, "log10_min_child_weight": 1.7082018859712984, "log10_subsample": -0.7094910146661985, "max_depth": 6.0, "num_boost_round": 5.0}, "datetime": {"datetime": "2024-01-19 00:23:50", "elapsed": 711.040013, "delta": 0.001135}}
{"target": -17.676008780810978, "params": {"gamma": 866.3874234045915, "log10_alpha": -0.49482407785542115, "log10_colsample_bytree": -0.34868274352579187, "log10_eta": -2.431086350909082, "log10_lambda": -1.1311585554570796, "log10_min_child_weight": 1.7082018859712984, "log10_subsample": -0.7094910146661985, "max_depth": 6.0, "num_boost_round": 6.0}, "datetime": {"datetime": "2024-01-19 00:23:50", "elapsed": 711.041019, "delta": 0.001006}}
{"target": -17.675660314845278, "params": {"gamma": 866.3874234045915, "log10_alpha": -0.49482407785542115, "log10_colsample_bytree": -0.34868274352579187, "log10_eta": -2.431086350909082, "log10_lambda": -1.1311585554570796, "log10_min_child_weight": 1.7082018859712984, "log10_subsample": -0.7094910146661985, "max_depth": 6.0, "num_boost_round": 7.0}, "datetime": {"datetime": "2024-01-19 00:23:50", "elapsed": 711.042079, "delta": 0.00106}}
{"target": -17.67534097443312, "params": {"gamma": 866.3874234045915, "log10_alpha": -0.49482407785542115, "log10_colsample_bytree": -0.34868274352579187, "log10_eta": -2.431086350909082, "log10_lambda": -1.1311585554570796, "log10_min_child_weight": 1.7082018859712984, "log10_subsample": -0.7094910146661985, "max_depth": 6.0, "num_boost_round": 8.0}, "datetime": {"datetime": "2024-01-19 00:23:50", "elapsed": 711.043076, "delta": 0.000997}}
{"target": -17.67523429603998, "params": {"gamma": 866.3874234045915, "log10_alpha": -0.49482407785542115, "log10_colsample_bytree": -0.34868274352579187, "log10_eta": -2.431086350909082, "log10_lambda": -1.1311585554570796, "log10_min_child_weight": 1.7082018859712984, "log10_subsample": -0.7094910146661985, "max_depth": 6.0, "num_boost_round": 9.0}, "datetime": {"datetime": "2024-01-19 00:23:50", "elapsed": 711.044064, "delta": 0.000988}}
{"target": -17.67513554589509, "params": {"gamma": 866.3874234045915, "log10_alpha": -0.49482407785542115, "log10_colsample_bytree": -0.34868274352579187, "log10_eta": -2.431086350909082, "log10_lambda": -1.1311585554570796, "log10_min_child_weight": 1.7082018859712984, "log10_subsample": -0.7094910146661985, "max_depth": 6.0, "num_boost_round": 10.0}, "datetime": {"datetime": "2024-01-19 00:23:50", "elapsed": 711.045056, "delta": 0.000992}}
{"target": -17.67476015347374, "params": {"gamma": 866.3874234045915, "log10_alpha": -0.49482407785542115, "log10_colsample_bytree": -0.34868274352579187, "log10_eta": -2.431086350909082, "log10_lambda": -1.1311585554570796, "log10_min_child_weight": 1.7082018859712984, "log10_subsample": -0.7094910146661985, "max_depth": 6.0, "num_boost_round": 11.0}, "datetime": {"datetime": "2024-01-19 00:23:50", "elapsed": 711.046047, "delta": 0.000991}}
{"target": -17.674839094564064, "params": {"gamma": 866.3874234045915, "log10_alpha": -0.49482407785542115, "log10_colsample_bytree": -0.34868274352579187, "log10_eta": -2.431086350909082, "log10_lambda": -1.1311585554570796, "log10_min_child_weight": 1.7082018859712984, "log10_subsample": -0.7094910146661985, "max_depth": 6.0, "num_boost_round": 12.0}, "datetime": {"datetime": "2024-01-19 00:23:50", "elapsed": 711.047041, "delta": 0.000994}}
{"target": -17.67475006519707, "params": {"gamma": 866.3874234045915, "log10_alpha": -0.49482407785542115, "log10_colsample_bytree": -0.34868274352579187, "log10_eta": -2.431086350909082, "log10_lambda": -1.1311585554570796, "log10_min_child_weight": 1.7082018859712984, "log10_subsample": -0.7094910146661985, "max_depth": 6.0, "num_boost_round": 13.0}, "datetime": {"datetime": "2024-01-19 00:23:50", "elapsed": 711.048032, "delta": 0.000991}}
{"target": -17.674847198969896, "params": {"gamma": 866.3874234045915, "log10_alpha": -0.49482407785542115, "log10_colsample_bytree": -0.34868274352579187, "log10_eta": -2.431086350909082, "log10_lambda": -1.1311585554570796, "log10_min_child_weight": 1.7082018859712984, "log10_subsample": -0.7094910146661985, "max_depth": 6.0, "num_boost_round": 14.0}, "datetime": {"datetime": "2024-01-19 00:23:50", "elapsed": 711.049035, "delta": 0.001003}}
{"target": -17.674843649510514, "params": {"gamma": 866.3874234045915, "log10_alpha": -0.49482407785542115, "log10_colsample_bytree": -0.34868274352579187, "log10_eta": -2.431086350909082, "log10_lambda": -1.1311585554570796, "log10_min_child_weight": 1.7082018859712984, "log10_subsample": -0.7094910146661985, "max_depth": 6.0, "num_boost_round": 15.0}, "datetime": {"datetime": "2024-01-19 00:23:50", "elapsed": 711.050066, "delta": 0.001031}}
{"target": -17.674803664018434, "params": {"gamma": 866.3874234045915, "log10_alpha": -0.49482407785542115, "log10_colsample_bytree": -0.34868274352579187, "log10_eta": -2.431086350909082, "log10_lambda": -1.1311585554570796, "log10_min_child_weight": 1.7082018859712984, "log10_subsample": -0.7094910146661985, "max_depth": 6.0, "num_boost_round": 16.0}, "datetime": {"datetime": "2024-01-19 00:23:50", "elapsed": 711.051072, "delta": 0.001006}}
{"target": -17.674697067153122, "params": {"gamma": 866.3874234045915, "log10_alpha": -0.49482407785542115, "log10_colsample_bytree": -0.34868274352579187, "log10_eta": -2.431086350909082, "log10_lambda": -1.1311585554570796, "log10_min_child_weight": 1.7082018859712984, "log10_subsample": -0.7094910146661985, "max_depth": 6.0, "num_boost_round": 17.0}, "datetime": {"datetime": "2024-01-19 00:23:50", "elapsed": 711.052064, "delta": 0.000992}}
{"target": -17.674634583432184, "params": {"gamma": 866.3874234045915, "log10_alpha": -0.49482407785542115, "log10_colsample_bytree": -0.34868274352579187, "log10_eta": -2.431086350909082, "log10_lambda": -1.1311585554570796, "log10_min_child_weight": 1.7082018859712984, "log10_subsample": -0.7094910146661985, "max_depth": 6.0, "num_boost_round": 18.0}, "datetime": {"datetime": "2024-01-19 00:23:50", "elapsed": 711.053158, "delta": 0.001094}}
{"target": -17.674505385308734, "params": {"gamma": 866.3874234045915, "log10_alpha": -0.49482407785542115, "log10_colsample_bytree": -0.34868274352579187, "log10_eta": -2.431086350909082, "log10_lambda": -1.1311585554570796, "log10_min_child_weight": 1.7082018859712984, "log10_subsample": -0.7094910146661985, "max_depth": 6.0, "num_boost_round": 19.0}, "datetime": {"datetime": "2024-01-19 00:23:50", "elapsed": 711.054167, "delta": 0.001009}}
{"target": -17.674380121063983, "params": {"gamma": 866.3874234045915, "log10_alpha": -0.49482407785542115, "log10_colsample_bytree": -0.34868274352579187, "log10_eta": -2.431086350909082, "log10_lambda": -1.1311585554570796, "log10_min_child_weight": 1.7082018859712984, "log10_subsample": -0.7094910146661985, "max_depth": 6.0, "num_boost_round": 20.0}, "datetime": {"datetime": "2024-01-19 00:23:50", "elapsed": 711.055168, "delta": 0.001001}}
{"target": -17.674352288087515, "params": {"gamma": 866.3874234045915, "log10_alpha": -0.49482407785542115, "log10_colsample_bytree": -0.34868274352579187, "log10_eta": -2.431086350909082, "log10_lambda": -1.1311585554570796, "log10_min_child_weight": 1.7082018859712984, "log10_subsample": -0.7094910146661985, "max_depth": 6.0, "num_boost_round": 21.0}, "datetime": {"datetime": "2024-01-19 00:23:50", "elapsed": 711.056245, "delta": 0.001077}}
{"target": -17.674212990006456, "params": {"gamma": 866.3874234045915, "log10_alpha": -0.49482407785542115, "log10_colsample_bytree": -0.34868274352579187, "log10_eta": -2.431086350909082, "log10_lambda": -1.1311585554570796, "log10_min_child_weight": 1.7082018859712984, "log10_subsample": -0.7094910146661985, "max_depth": 6.0, "num_boost_round": 22.0}, "datetime": {"datetime": "2024-01-19 00:23:50", "elapsed": 711.057259, "delta": 0.001014}}
{"target": -17.67722771185105, "params": {"gamma": 869.2645152901953, "log10_alpha": 1.0, "log10_colsample_bytree": -0.6199201014406037, "log10_eta": -4.0, "log10_lambda": -5.0, "log10_min_child_weight": 2.2695229826283736, "log10_subsample": -0.337263478576161, "max_depth": 5.0, "num_boost_round": 0.0}, "datetime": {"datetime": "2024-01-19 00:24:11", "elapsed": 731.785601, "delta": 20.728342}}
{"target": -17.677219422567468, "params": {"gamma": 869.2645152901953, "log10_alpha": 1.0, "log10_colsample_bytree": -0.6199201014406037, "log10_eta": -4.0, "log10_lambda": -5.0, "log10_min_child_weight": 2.2695229826283736, "log10_subsample": -0.337263478576161, "max_depth": 5.0, "num_boost_round": 1.0}, "datetime": {"datetime": "2024-01-19 00:24:11", "elapsed": 731.787689, "delta": 0.002088}}
{"target": -17.677211403308945, "params": {"gamma": 869.2645152901953, "log10_alpha": 1.0, "log10_colsample_bytree": -0.6199201014406037, "log10_eta": -4.0, "log10_lambda": -5.0, "log10_min_child_weight": 2.2695229826283736, "log10_subsample": -0.337263478576161, "max_depth": 5.0, "num_boost_round": 2.0}, "datetime": {"datetime": "2024-01-19 00:24:11", "elapsed": 731.788814, "delta": 0.001125}}
{"target": -17.677206749381522, "params": {"gamma": 869.2645152901953, "log10_alpha": 1.0, "log10_colsample_bytree": -0.6199201014406037, "log10_eta": -4.0, "log10_lambda": -5.0, "log10_min_child_weight": 2.2695229826283736, "log10_subsample": -0.337263478576161, "max_depth": 5.0, "num_boost_round": 3.0}, "datetime": {"datetime": "2024-01-19 00:24:11", "elapsed": 731.789856, "delta": 0.001042}}
{"target": -17.677199743348922, "params": {"gamma": 869.2645152901953, "log10_alpha": 1.0, "log10_colsample_bytree": -0.6199201014406037, "log10_eta": -4.0, "log10_lambda": -5.0, "log10_min_child_weight": 2.2695229826283736, "log10_subsample": -0.337263478576161, "max_depth": 5.0, "num_boost_round": 4.0}, "datetime": {"datetime": "2024-01-19 00:24:11", "elapsed": 731.791124, "delta": 0.001268}}
{"target": -17.67719603548417, "params": {"gamma": 869.2645152901953, "log10_alpha": 1.0, "log10_colsample_bytree": -0.6199201014406037, "log10_eta": -4.0, "log10_lambda": -5.0, "log10_min_child_weight": 2.2695229826283736, "log10_subsample": -0.337263478576161, "max_depth": 5.0, "num_boost_round": 5.0}, "datetime": {"datetime": "2024-01-19 00:24:11", "elapsed": 731.792147, "delta": 0.001023}}
{"target": -17.677195916777976, "params": {"gamma": 869.2645152901953, "log10_alpha": 1.0, "log10_colsample_bytree": -0.6199201014406037, "log10_eta": -4.0, "log10_lambda": -5.0, "log10_min_child_weight": 2.2695229826283736, "log10_subsample": -0.337263478576161, "max_depth": 5.0, "num_boost_round": 6.0}, "datetime": {"datetime": "2024-01-19 00:24:11", "elapsed": 731.79318, "delta": 0.001033}}
{"target": -17.677190615713226, "params": {"gamma": 869.2645152901953, "log10_alpha": 1.0, "log10_colsample_bytree": -0.6199201014406037, "log10_eta": -4.0, "log10_lambda": -5.0, "log10_min_child_weight": 2.2695229826283736, "log10_subsample": -0.337263478576161, "max_depth": 5.0, "num_boost_round": 7.0}, "datetime": {"datetime": "2024-01-19 00:24:11", "elapsed": 731.794324, "delta": 0.001144}}
{"target": -17.677186841258056, "params": {"gamma": 869.2645152901953, "log10_alpha": 1.0, "log10_colsample_bytree": -0.6199201014406037, "log10_eta": -4.0, "log10_lambda": -5.0, "log10_min_child_weight": 2.2695229826283736, "log10_subsample": -0.337263478576161, "max_depth": 5.0, "num_boost_round": 8.0}, "datetime": {"datetime": "2024-01-19 00:24:11", "elapsed": 731.795355, "delta": 0.001031}}
