{"target": -13.7753268841459, "params": {"gamma": 713.2262742032831, "log10_alpha": -3.1262243222493282, "log10_colsample_bytree": -0.7227576357125636, "log10_eta": -0.5241808578702418, "log10_lambda": -2.693729718414245, "log10_min_child_weight": 4.7201325836227435, "log10_subsample": -0.41517161448571405, "max_depth": 9.0, "num_boost_round": 20.0}, "datetime": {"datetime": "2024-01-19 02:09:14", "elapsed": 7054.02388, "delta": 0.007396}}
{"target": -13.775758216304705, "params": {"gamma": 713.2262742032831, "log10_alpha": -3.1262243222493282, "log10_colsample_bytree": -0.7227576357125636, "log10_eta": -0.5241808578702418, "log10_lambda": -2.693729718414245, "log10_min_child_weight": 4.7201325836227435, "log10_subsample": -0.41517161448571405, "max_depth": 9.0, "num_boost_round": 21.0}, "datetime": {"datetime": "2024-01-19 02:09:14", "elapsed": 7054.030783, "delta": 0.006903}}
{"target": -13.775750449415579, "params": {"gamma": 713.2262742032831, "log10_alpha": -3.1262243222493282, "log10_colsample_bytree": -0.7227576357125636, "log10_eta": -0.5241808578702418, "log10_lambda": -2.693729718414245, "log10_min_child_weight": 4.7201325836227435, "log10_subsample": -0.41517161448571405, "max_depth": 9.0, "num_boost_round": 22.0}, "datetime": {"datetime": "2024-01-19 02:09:14", "elapsed": 7054.037372, "delta": 0.006589}}
{"target": -13.776144624860015, "params": {"gamma": 713.2262742032831, "log10_alpha": -3.1262243222493282, "log10_colsample_bytree": -0.7227576357125636, "log10_eta": -0.5241808578702418, "log10_lambda": -2.693729718414245, "log10_min_child_weight": 4.7201325836227435, "log10_subsample": -0.41517161448571405, "max_depth": 9.0, "num_boost_round": 23.0}, "datetime": {"datetime": "2024-01-19 02:09:14", "elapsed": 7054.044071, "delta": 0.006699}}
{"target": -13.778808401521616, "params": {"gamma": 713.2262742032831, "log10_alpha": -3.1262243222493282, "log10_colsample_bytree": -0.7227576357125636, "log10_eta": -0.5241808578702418, "log10_lambda": -2.693729718414245, "log10_min_child_weight": 4.7201325836227435, "log10_subsample": -0.41517161448571405, "max_depth": 9.0, "num_boost_round": 24.0}, "datetime": {"datetime": "2024-01-19 02:09:14", "elapsed": 7054.050591, "delta": 0.00652}}
{"target": -13.778129309444482, "params": {"gamma": 713.2262742032831, "log10_alpha": -3.1262243222493282, "log10_colsample_bytree": -0.7227576357125636, "log10_eta": -0.5241808578702418, "log10_lambda": -2.693729718414245, "log10_min_child_weight": 4.7201325836227435, "log10_subsample": -0.41517161448571405, "max_depth": 9.0, "num_boost_round": 25.0}, "datetime": {"datetime": "2024-01-19 02:09:14", "elapsed": 7054.057283, "delta": 0.006692}}
{"target": -13.7803770414111, "params": {"gamma": 713.2262742032831, "log10_alpha": -3.1262243222493282, "log10_colsample_bytree": -0.7227576357125636, "log10_eta": -0.5241808578702418, "log10_lambda": -2.693729718414245, "log10_min_child_weight": 4.7201325836227435, "log10_subsample": -0.41517161448571405, "max_depth": 9.0, "num_boost_round": 26.0}, "datetime": {"datetime": "2024-01-19 02:09:14", "elapsed": 7054.063807, "delta": 0.006524}}
{"target": -13.779640298873895, "params": {"gamma": 713.2262742032831, "log10_alpha": -3.1262243222493282, "log10_colsample_bytree": -0.7227576357125636, "log10_eta": -0.5241808578702418, "log10_lambda": -2.693729718414245, "log10_min_child_weight": 4.7201325836227435, "log10_subsample": -0.41517161448571405, "max_depth": 9.0, "num_boost_round": 27.0}, "datetime": {"datetime": "2024-01-19 02:09:14", "elapsed": 7054.070301, "delta": 0.006494}}
{"target": -13.782031420952631, "params": {"gamma": 713.2262742032831, "log10_alpha": -3.1262243222493282, "log10_colsample_bytree": -0.7227576357125636, "log10_eta": -0.5241808578702418, "log10_lambda": -2.693729718414245, "log10_min_child_weight": 4.7201325836227435, "log10_subsample": -0.41517161448571405, "max_depth": 9.0, "num_boost_round": 28.0}, "datetime": {"datetime": "2024-01-19 02:09:14", "elapsed": 7054.076699, "delta": 0.006398}}
{"target": -13.782739699273806, "params": {"gamma": 713.2262742032831, "log10_alpha": -3.1262243222493282, "log10_colsample_bytree": -0.7227576357125636, "log10_eta": -0.5241808578702418, "log10_lambda": -2.693729718414245, "log10_min_child_weight": 4.7201325836227435, "log10_subsample": -0.41517161448571405, "max_depth": 9.0, "num_boost_round": 29.0}, "datetime": {"datetime": "2024-01-19 02:09:14", "elapsed": 7054.083197, "delta": 0.006498}}
{"target": -13.784039248743692, "params": {"gamma": 713.2262742032831, "log10_alpha": -3.1262243222493282, "log10_colsample_bytree": -0.7227576357125636, "log10_eta": -0.5241808578702418, "log10_lambda": -2.693729718414245, "log10_min_child_weight": 4.7201325836227435, "log10_subsample": -0.41517161448571405, "max_depth": 9.0, "num_boost_round": 30.0}, "datetime": {"datetime": "2024-01-19 02:09:15", "elapsed": 7054.089555, "delta": 0.006358}}
{"target": -13.7839458251375, "params": {"gamma": 713.2262742032831, "log10_alpha": -3.1262243222493282, "log10_colsample_bytree": -0.7227576357125636, "log10_eta": -0.5241808578702418, "log10_lambda": -2.693729718414245, "log10_min_child_weight": 4.7201325836227435, "log10_subsample": -0.41517161448571405, "max_depth": 9.0, "num_boost_round": 31.0}, "datetime": {"datetime": "2024-01-19 02:09:15", "elapsed": 7054.096799, "delta": 0.007244}}
{"target": -13.786719866284695, "params": {"gamma": 713.2262742032831, "log10_alpha": -3.1262243222493282, "log10_colsample_bytree": -0.7227576357125636, "log10_eta": -0.5241808578702418, "log10_lambda": -2.693729718414245, "log10_min_child_weight": 4.7201325836227435, "log10_subsample": -0.41517161448571405, "max_depth": 9.0, "num_boost_round": 32.0}, "datetime": {"datetime": "2024-01-19 02:09:15", "elapsed": 7054.103814, "delta": 0.007015}}
{"target": -13.788380952998692, "params": {"gamma": 713.2262742032831, "log10_alpha": -3.1262243222493282, "log10_colsample_bytree": -0.7227576357125636, "log10_eta": -0.5241808578702418, "log10_lambda": -2.693729718414245, "log10_min_child_weight": 4.7201325836227435, "log10_subsample": -0.41517161448571405, "max_depth": 9.0, "num_boost_round": 33.0}, "datetime": {"datetime": "2024-01-19 02:09:15", "elapsed": 7054.111504, "delta": 0.00769}}
{"target": -13.78827696148226, "params": {"gamma": 713.2262742032831, "log10_alpha": -3.1262243222493282, "log10_colsample_bytree": -0.7227576357125636, "log10_eta": -0.5241808578702418, "log10_lambda": -2.693729718414245, "log10_min_child_weight": 4.7201325836227435, "log10_subsample": -0.41517161448571405, "max_depth": 9.0, "num_boost_round": 34.0}, "datetime": {"datetime": "2024-01-19 02:09:15", "elapsed": 7054.118159, "delta": 0.006655}}
{"target": -13.790348070384447, "params": {"gamma": 713.2262742032831, "log10_alpha": -3.1262243222493282, "log10_colsample_bytree": -0.7227576357125636, "log10_eta": -0.5241808578702418, "log10_lambda": -2.693729718414245, "log10_min_child_weight": 4.7201325836227435, "log10_subsample": -0.41517161448571405, "max_depth": 9.0, "num_boost_round": 35.0}, "datetime": {"datetime": "2024-01-19 02:09:15", "elapsed": 7054.124743, "delta": 0.006584}}
{"target": -13.790865052112826, "params": {"gamma": 713.2262742032831, "log10_alpha": -3.1262243222493282, "log10_colsample_bytree": -0.7227576357125636, "log10_eta": -0.5241808578702418, "log10_lambda": -2.693729718414245, "log10_min_child_weight": 4.7201325836227435, "log10_subsample": -0.41517161448571405, "max_depth": 9.0, "num_boost_round": 36.0}, "datetime": {"datetime": "2024-01-19 02:09:15", "elapsed": 7054.131085, "delta": 0.006342}}
{"target": -13.792889645912558, "params": {"gamma": 713.2262742032831, "log10_alpha": -3.1262243222493282, "log10_colsample_bytree": -0.7227576357125636, "log10_eta": -0.5241808578702418, "log10_lambda": -2.693729718414245, "log10_min_child_weight": 4.7201325836227435, "log10_subsample": -0.41517161448571405, "max_depth": 9.0, "num_boost_round": 37.0}, "datetime": {"datetime": "2024-01-19 02:09:15", "elapsed": 7054.137319, "delta": 0.006234}}
{"target": -13.792935776391792, "params": {"gamma": 713.2262742032831, "log10_alpha": -3.1262243222493282, "log10_colsample_bytree": -0.7227576357125636, "log10_eta": -0.5241808578702418, "log10_lambda": -2.693729718414245, "log10_min_child_weight": 4.7201325836227435, "log10_subsample": -0.41517161448571405, "max_depth": 9.0, "num_boost_round": 38.0}, "datetime": {"datetime": "2024-01-19 02:09:15", "elapsed": 7054.143609, "delta": 0.00629}}
{"target": -13.792146927274114, "params": {"gamma": 713.2262742032831, "log10_alpha": -3.1262243222493282, "log10_colsample_bytree": -0.7227576357125636, "log10_eta": -0.5241808578702418, "log10_lambda": -2.693729718414245, "log10_min_child_weight": 4.7201325836227435, "log10_subsample": -0.41517161448571405, "max_depth": 9.0, "num_boost_round": 39.0}, "datetime": {"datetime": "2024-01-19 02:09:15", "elapsed": 7054.150052, "delta": 0.006443}}
{"target": -13.792951318521991, "params": {"gamma": 713.2262742032831, "log10_alpha": -3.1262243222493282, "log10_colsample_bytree": -0.7227576357125636, "log10_eta": -0.5241808578702418, "log10_lambda": -2.693729718414245, "log10_min_child_weight": 4.7201325836227435, "log10_subsample": -0.41517161448571405, "max_depth": 9.0, "num_boost_round": 40.0}, "datetime": {"datetime": "2024-01-19 02:09:15", "elapsed": 7054.15733, "delta": 0.007278}}
{"target": -13.79488031526859, "params": {"gamma": 713.2262742032831, "log10_alpha": -3.1262243222493282, "log10_colsample_bytree": -0.7227576357125636, "log10_eta": -0.5241808578702418, "log10_lambda": -2.693729718414245, "log10_min_child_weight": 4.7201325836227435, "log10_subsample": -0.41517161448571405, "max_depth": 9.0, "num_boost_round": 41.0}, "datetime": {"datetime": "2024-01-19 02:09:15", "elapsed": 7054.164014, "delta": 0.006684}}
{"target": -13.79432520587936, "params": {"gamma": 713.2262742032831, "log10_alpha": -3.1262243222493282, "log10_colsample_bytree": -0.7227576357125636, "log10_eta": -0.5241808578702418, "log10_lambda": -2.693729718414245, "log10_min_child_weight": 4.7201325836227435, "log10_subsample": -0.41517161448571405, "max_depth": 9.0, "num_boost_round": 42.0}, "datetime": {"datetime": "2024-01-19 02:09:15", "elapsed": 7054.170728, "delta": 0.006714}}
{"target": -13.79394754640533, "params": {"gamma": 713.2262742032831, "log10_alpha": -3.1262243222493282, "log10_colsample_bytree": -0.7227576357125636, "log10_eta": -0.5241808578702418, "log10_lambda": -2.693729718414245, "log10_min_child_weight": 4.7201325836227435, "log10_subsample": -0.41517161448571405, "max_depth": 9.0, "num_boost_round": 43.0}, "datetime": {"datetime": "2024-01-19 02:09:15", "elapsed": 7054.177271, "delta": 0.006543}}
{"target": -13.79358751914439, "params": {"gamma": 713.2262742032831, "log10_alpha": -3.1262243222493282, "log10_colsample_bytree": -0.7227576357125636, "log10_eta": -0.5241808578702418, "log10_lambda": -2.693729718414245, "log10_min_child_weight": 4.7201325836227435, "log10_subsample": -0.41517161448571405, "max_depth": 9.0, "num_boost_round": 44.0}, "datetime": {"datetime": "2024-01-19 02:09:15", "elapsed": 7054.183579, "delta": 0.006308}}
{"target": -13.794529733678626, "params": {"gamma": 713.2262742032831, "log10_alpha": -3.1262243222493282, "log10_colsample_bytree": -0.7227576357125636, "log10_eta": -0.5241808578702418, "log10_lambda": -2.693729718414245, "log10_min_child_weight": 4.7201325836227435, "log10_subsample": -0.41517161448571405, "max_depth": 9.0, "num_boost_round": 45.0}, "datetime": {"datetime": "2024-01-19 02:09:15", "elapsed": 7054.189798, "delta": 0.006219}}
{"target": -13.794740537198667, "params": {"gamma": 713.2262742032831, "log10_alpha": -3.1262243222493282, "log10_colsample_bytree": -0.7227576357125636, "log10_eta": -0.5241808578702418, "log10_lambda": -2.693729718414245, "log10_min_child_weight": 4.7201325836227435, "log10_subsample": -0.41517161448571405, "max_depth": 9.0, "num_boost_round": 46.0}, "datetime": {"datetime": "2024-01-19 02:09:15", "elapsed": 7054.196222, "delta": 0.006424}}
{"target": -13.796140953922137, "params": {"gamma": 713.2262742032831, "log10_alpha": -3.1262243222493282, "log10_colsample_bytree": -0.7227576357125636, "log10_eta": -0.5241808578702418, "log10_lambda": -2.693729718414245, "log10_min_child_weight": 4.7201325836227435, "log10_subsample": -0.41517161448571405, "max_depth": 9.0, "num_boost_round": 47.0}, "datetime": {"datetime": "2024-01-19 02:09:15", "elapsed": 7054.202596, "delta": 0.006374}}
{"target": -13.797370852193184, "params": {"gamma": 713.2262742032831, "log10_alpha": -3.1262243222493282, "log10_colsample_bytree": -0.7227576357125636, "log10_eta": -0.5241808578702418, "log10_lambda": -2.693729718414245, "log10_min_child_weight": 4.7201325836227435, "log10_subsample": -0.41517161448571405, "max_depth": 9.0, "num_boost_round": 48.0}, "datetime": {"datetime": "2024-01-19 02:09:15", "elapsed": 7054.210099, "delta": 0.007503}}
{"target": -13.797606338440907, "params": {"gamma": 713.2262742032831, "log10_alpha": -3.1262243222493282, "log10_colsample_bytree": -0.7227576357125636, "log10_eta": -0.5241808578702418, "log10_lambda": -2.693729718414245, "log10_min_child_weight": 4.7201325836227435, "log10_subsample": -0.41517161448571405, "max_depth": 9.0, "num_boost_round": 49.0}, "datetime": {"datetime": "2024-01-19 02:09:15", "elapsed": 7054.216681, "delta": 0.006582}}
{"target": -13.798097864340628, "params": {"gamma": 713.2262742032831, "log10_alpha": -3.1262243222493282, "log10_colsample_bytree": -0.7227576357125636, "log10_eta": -0.5241808578702418, "log10_lambda": -2.693729718414245, "log10_min_child_weight": 4.7201325836227435, "log10_subsample": -0.41517161448571405, "max_depth": 9.0, "num_boost_round": 50.0}, "datetime": {"datetime": "2024-01-19 02:09:15", "elapsed": 7054.223039, "delta": 0.006358}}
{"target": -13.798879442167678, "params": {"gamma": 713.2262742032831, "log10_alpha": -3.1262243222493282, "log10_colsample_bytree": -0.7227576357125636, "log10_eta": -0.5241808578702418, "log10_lambda": -2.693729718414245, "log10_min_child_weight": 4.7201325836227435, "log10_subsample": -0.41517161448571405, "max_depth": 9.0, "num_boost_round": 51.0}, "datetime": {"datetime": "2024-01-19 02:09:15", "elapsed": 7054.229368, "delta": 0.006329}}
{"target": -13.798292046918336, "params": {"gamma": 713.2262742032831, "log10_alpha": -3.1262243222493282, "log10_colsample_bytree": -0.7227576357125636, "log10_eta": -0.5241808578702418, "log10_lambda": -2.693729718414245, "log10_min_child_weight": 4.7201325836227435, "log10_subsample": -0.41517161448571405, "max_depth": 9.0, "num_boost_round": 52.0}, "datetime": {"datetime": "2024-01-19 02:09:15", "elapsed": 7054.235833, "delta": 0.006465}}
{"target": -13.799552512023512, "params": {"gamma": 713.2262742032831, "log10_alpha": -3.1262243222493282, "log10_colsample_bytree": -0.7227576357125636, "log10_eta": -0.5241808578702418, "log10_lambda": -2.693729718414245, "log10_min_child_weight": 4.7201325836227435, "log10_subsample": -0.41517161448571405, "max_depth": 9.0, "num_boost_round": 53.0}, "datetime": {"datetime": "2024-01-19 02:09:15", "elapsed": 7054.242349, "delta": 0.006516}}
{"target": -13.799438283661534, "params": {"gamma": 713.2262742032831, "log10_alpha": -3.1262243222493282, "log10_colsample_bytree": -0.7227576357125636, "log10_eta": -0.5241808578702418, "log10_lambda": -2.693729718414245, "log10_min_child_weight": 4.7201325836227435, "log10_subsample": -0.41517161448571405, "max_depth": 9.0, "num_boost_round": 54.0}, "datetime": {"datetime": "2024-01-19 02:09:15", "elapsed": 7054.24925, "delta": 0.006901}}
{"target": -13.79886389171282, "params": {"gamma": 713.2262742032831, "log10_alpha": -3.1262243222493282, "log10_colsample_bytree": -0.7227576357125636, "log10_eta": -0.5241808578702418, "log10_lambda": -2.693729718414245, "log10_min_child_weight": 4.7201325836227435, "log10_subsample": -0.41517161448571405, "max_depth": 9.0, "num_boost_round": 55.0}, "datetime": {"datetime": "2024-01-19 02:09:15", "elapsed": 7054.255863, "delta": 0.006613}}
{"target": -13.799116452990065, "params": {"gamma": 713.2262742032831, "log10_alpha": -3.1262243222493282, "log10_colsample_bytree": -0.7227576357125636, "log10_eta": -0.5241808578702418, "log10_lambda": -2.693729718414245, "log10_min_child_weight": 4.7201325836227435, "log10_subsample": -0.41517161448571405, "max_depth": 9.0, "num_boost_round": 56.0}, "datetime": {"datetime": "2024-01-19 02:09:15", "elapsed": 7054.262416, "delta": 0.006553}}
{"target": -13.800509514224363, "params": {"gamma": 713.2262742032831, "log10_alpha": -3.1262243222493282, "log10_colsample_bytree": -0.7227576357125636, "log10_eta": -0.5241808578702418, "log10_lambda": -2.693729718414245, "log10_min_child_weight": 4.7201325836227435, "log10_subsample": -0.41517161448571405, "max_depth": 9.0, "num_boost_round": 57.0}, "datetime": {"datetime": "2024-01-19 02:09:15", "elapsed": 7054.268956, "delta": 0.00654}}
{"target": -13.800632531192452, "params": {"gamma": 713.2262742032831, "log10_alpha": -3.1262243222493282, "log10_colsample_bytree": -0.7227576357125636, "log10_eta": -0.5241808578702418, "log10_lambda": -2.693729718414245, "log10_min_child_weight": 4.7201325836227435, "log10_subsample": -0.41517161448571405, "max_depth": 9.0, "num_boost_round": 58.0}, "datetime": {"datetime": "2024-01-19 02:09:15", "elapsed": 7054.275339, "delta": 0.006383}}
{"target": -13.802235573251412, "params": {"gamma": 713.2262742032831, "log10_alpha": -3.1262243222493282, "log10_colsample_bytree": -0.7227576357125636, "log10_eta": -0.5241808578702418, "log10_lambda": -2.693729718414245, "log10_min_child_weight": 4.7201325836227435, "log10_subsample": -0.41517161448571405, "max_depth": 9.0, "num_boost_round": 59.0}, "datetime": {"datetime": "2024-01-19 02:09:15", "elapsed": 7054.281998, "delta": 0.006659}}
{"target": -13.802994062758406, "params": {"gamma": 713.2262742032831, "log10_alpha": -3.1262243222493282, "log10_colsample_bytree": -0.7227576357125636, "log10_eta": -0.5241808578702418, "log10_lambda": -2.693729718414245, "log10_min_child_weight": 4.7201325836227435, "log10_subsample": -0.41517161448571405, "max_depth": 9.0, "num_boost_round": 60.0}, "datetime": {"datetime": "2024-01-19 02:09:15", "elapsed": 7054.288662, "delta": 0.006664}}
{"target": -13.803661907449031, "params": {"gamma": 713.2262742032831, "log10_alpha": -3.1262243222493282, "log10_colsample_bytree": -0.7227576357125636, "log10_eta": -0.5241808578702418, "log10_lambda": -2.693729718414245, "log10_min_child_weight": 4.7201325836227435, "log10_subsample": -0.41517161448571405, "max_depth": 9.0, "num_boost_round": 61.0}, "datetime": {"datetime": "2024-01-19 02:09:15", "elapsed": 7054.296262, "delta": 0.0076}}
{"target": -13.80537520529601, "params": {"gamma": 713.2262742032831, "log10_alpha": -3.1262243222493282, "log10_colsample_bytree": -0.7227576357125636, "log10_eta": -0.5241808578702418, "log10_lambda": -2.693729718414245, "log10_min_child_weight": 4.7201325836227435, "log10_subsample": -0.41517161448571405, "max_depth": 9.0, "num_boost_round": 62.0}, "datetime": {"datetime": "2024-01-19 02:09:15", "elapsed": 7054.303016, "delta": 0.006754}}
{"target": -13.805481773816448, "params": {"gamma": 713.2262742032831, "log10_alpha": -3.1262243222493282, "log10_colsample_bytree": -0.7227576357125636, "log10_eta": -0.5241808578702418, "log10_lambda": -2.693729718414245, "log10_min_child_weight": 4.7201325836227435, "log10_subsample": -0.41517161448571405, "max_depth": 9.0, "num_boost_round": 63.0}, "datetime": {"datetime": "2024-01-19 02:09:15", "elapsed": 7054.309525, "delta": 0.006509}}
{"target": -13.807030539854967, "params": {"gamma": 713.2262742032831, "log10_alpha": -3.1262243222493282, "log10_colsample_bytree": -0.7227576357125636, "log10_eta": -0.5241808578702418, "log10_lambda": -2.693729718414245, "log10_min_child_weight": 4.7201325836227435, "log10_subsample": -0.41517161448571405, "max_depth": 9.0, "num_boost_round": 64.0}, "datetime": {"datetime": "2024-01-19 02:09:15", "elapsed": 7054.316113, "delta": 0.006588}}
{"target": -13.80802890054539, "params": {"gamma": 713.2262742032831, "log10_alpha": -3.1262243222493282, "log10_colsample_bytree": -0.7227576357125636, "log10_eta": -0.5241808578702418, "log10_lambda": -2.693729718414245, "log10_min_child_weight": 4.7201325836227435, "log10_subsample": -0.41517161448571405, "max_depth": 9.0, "num_boost_round": 65.0}, "datetime": {"datetime": "2024-01-19 02:09:15", "elapsed": 7054.32262, "delta": 0.006507}}
{"target": -13.80807675752345, "params": {"gamma": 713.2262742032831, "log10_alpha": -3.1262243222493282, "log10_colsample_bytree": -0.7227576357125636, "log10_eta": -0.5241808578702418, "log10_lambda": -2.693729718414245, "log10_min_child_weight": 4.7201325836227435, "log10_subsample": -0.41517161448571405, "max_depth": 9.0, "num_boost_round": 66.0}, "datetime": {"datetime": "2024-01-19 02:09:15", "elapsed": 7054.329305, "delta": 0.006685}}
{"target": -13.808553960950977, "params": {"gamma": 713.2262742032831, "log10_alpha": -3.1262243222493282, "log10_colsample_bytree": -0.7227576357125636, "log10_eta": -0.5241808578702418, "log10_lambda": -2.693729718414245, "log10_min_child_weight": 4.7201325836227435, "log10_subsample": -0.41517161448571405, "max_depth": 9.0, "num_boost_round": 67.0}, "datetime": {"datetime": "2024-01-19 02:09:15", "elapsed": 7054.336188, "delta": 0.006883}}
{"target": -13.809815390219354, "params": {"gamma": 713.2262742032831, "log10_alpha": -3.1262243222493282, "log10_colsample_bytree": -0.7227576357125636, "log10_eta": -0.5241808578702418, "log10_lambda": -2.693729718414245, "log10_min_child_weight": 4.7201325836227435, "log10_subsample": -0.41517161448571405, "max_depth": 9.0, "num_boost_round": 68.0}, "datetime": {"datetime": "2024-01-19 02:09:15", "elapsed": 7054.342796, "delta": 0.006608}}
