{"target": -17.6767903734715, "params": {"gamma": 11.252631786373728, "log10_alpha": 0.15498205100614862, "log10_colsample_bytree": -1.0, "log10_eta": -2.494170198423396, "log10_lambda": -2.5637764678362522, "log10_min_child_weight": 2.609408446677909, "log10_subsample": -0.731091254088408, "max_depth": 9.0, "num_boost_round": 8.0}, "datetime": {"datetime": "2024-01-19 02:37:36", "elapsed": 8810.507047, "delta": 0.006056}}
{"target": -17.676734783573682, "params": {"gamma": 11.252631786373728, "log10_alpha": 0.15498205100614862, "log10_colsample_bytree": -1.0, "log10_eta": -2.494170198423396, "log10_lambda": -2.5637764678362522, "log10_min_child_weight": 2.609408446677909, "log10_subsample": -0.731091254088408, "max_depth": 9.0, "num_boost_round": 9.0}, "datetime": {"datetime": "2024-01-19 02:37:36", "elapsed": 8810.513447, "delta": 0.0064}}
{"target": -17.676650113361553, "params": {"gamma": 11.252631786373728, "log10_alpha": 0.15498205100614862, "log10_colsample_bytree": -1.0, "log10_eta": -2.494170198423396, "log10_lambda": -2.5637764678362522, "log10_min_child_weight": 2.609408446677909, "log10_subsample": -0.731091254088408, "max_depth": 9.0, "num_boost_round": 10.0}, "datetime": {"datetime": "2024-01-19 02:37:36", "elapsed": 8810.519778, "delta": 0.006331}}
{"target": -17.67666609797037, "params": {"gamma": 11.252631786373728, "log10_alpha": 0.15498205100614862, "log10_colsample_bytree": -1.0, "log10_eta": -2.494170198423396, "log10_lambda": -2.5637764678362522, "log10_min_child_weight": 2.609408446677909, "log10_subsample": -0.731091254088408, "max_depth": 9.0, "num_boost_round": 11.0}, "datetime": {"datetime": "2024-01-19 02:37:36", "elapsed": 8810.526328, "delta": 0.00655}}
{"target": -17.67666076020712, "params": {"gamma": 11.252631786373728, "log10_alpha": 0.15498205100614862, "log10_colsample_bytree": -1.0, "log10_eta": -2.494170198423396, "log10_lambda": -2.5637764678362522, "log10_min_child_weight": 2.609408446677909, "log10_subsample": -0.731091254088408, "max_depth": 9.0, "num_boost_round": 12.0}, "datetime": {"datetime": "2024-01-19 02:37:36", "elapsed": 8810.532692, "delta": 0.006364}}
{"target": -17.67653916520789, "params": {"gamma": 11.252631786373728, "log10_alpha": 0.15498205100614862, "log10_colsample_bytree": -1.0, "log10_eta": -2.494170198423396, "log10_lambda": -2.5637764678362522, "log10_min_child_weight": 2.609408446677909, "log10_subsample": -0.731091254088408, "max_depth": 9.0, "num_boost_round": 13.0}, "datetime": {"datetime": "2024-01-19 02:37:36", "elapsed": 8810.538803, "delta": 0.006111}}
{"target": -17.676440275580106, "params": {"gamma": 11.252631786373728, "log10_alpha": 0.15498205100614862, "log10_colsample_bytree": -1.0, "log10_eta": -2.494170198423396, "log10_lambda": -2.5637764678362522, "log10_min_child_weight": 2.609408446677909, "log10_subsample": -0.731091254088408, "max_depth": 9.0, "num_boost_round": 14.0}, "datetime": {"datetime": "2024-01-19 02:37:36", "elapsed": 8810.544716, "delta": 0.005913}}
{"target": -17.676301593148985, "params": {"gamma": 11.252631786373728, "log10_alpha": 0.15498205100614862, "log10_colsample_bytree": -1.0, "log10_eta": -2.494170198423396, "log10_lambda": -2.5637764678362522, "log10_min_child_weight": 2.609408446677909, "log10_subsample": -0.731091254088408, "max_depth": 9.0, "num_boost_round": 15.0}, "datetime": {"datetime": "2024-01-19 02:37:36", "elapsed": 8810.550991, "delta": 0.006275}}
{"target": -17.676166328902553, "params": {"gamma": 11.252631786373728, "log10_alpha": 0.15498205100614862, "log10_colsample_bytree": -1.0, "log10_eta": -2.494170198423396, "log10_lambda": -2.5637764678362522, "log10_min_child_weight": 2.609408446677909, "log10_subsample": -0.731091254088408, "max_depth": 9.0, "num_boost_round": 16.0}, "datetime": {"datetime": "2024-01-19 02:37:36", "elapsed": 8810.660466, "delta": 0.109475}}
{"target": -17.676098375562436, "params": {"gamma": 11.252631786373728, "log10_alpha": 0.15498205100614862, "log10_colsample_bytree": -1.0, "log10_eta": -2.494170198423396, "log10_lambda": -2.5637764678362522, "log10_min_child_weight": 2.609408446677909, "log10_subsample": -0.731091254088408, "max_depth": 9.0, "num_boost_round": 17.0}, "datetime": {"datetime": "2024-01-19 02:37:36", "elapsed": 8810.667314, "delta": 0.006848}}
{"target": -17.676009595349417, "params": {"gamma": 11.252631786373728, "log10_alpha": 0.15498205100614862, "log10_colsample_bytree": -1.0, "log10_eta": -2.494170198423396, "log10_lambda": -2.5637764678362522, "log10_min_child_weight": 2.609408446677909, "log10_subsample": -0.731091254088408, "max_depth": 9.0, "num_boost_round": 18.0}, "datetime": {"datetime": "2024-01-19 02:37:36", "elapsed": 8810.673658, "delta": 0.006344}}
{"target": -17.67588009092186, "params": {"gamma": 11.252631786373728, "log10_alpha": 0.15498205100614862, "log10_colsample_bytree": -1.0, "log10_eta": -2.494170198423396, "log10_lambda": -2.5637764678362522, "log10_min_child_weight": 2.609408446677909, "log10_subsample": -0.731091254088408, "max_depth": 9.0, "num_boost_round": 19.0}, "datetime": {"datetime": "2024-01-19 02:37:36", "elapsed": 8810.679927, "delta": 0.006269}}
{"target": -17.675856585216273, "params": {"gamma": 11.252631786373728, "log10_alpha": 0.15498205100614862, "log10_colsample_bytree": -1.0, "log10_eta": -2.494170198423396, "log10_lambda": -2.5637764678362522, "log10_min_child_weight": 2.609408446677909, "log10_subsample": -0.731091254088408, "max_depth": 9.0, "num_boost_round": 20.0}, "datetime": {"datetime": "2024-01-19 02:37:36", "elapsed": 8810.686253, "delta": 0.006326}}
{"target": -17.67584836544074, "params": {"gamma": 11.252631786373728, "log10_alpha": 0.15498205100614862, "log10_colsample_bytree": -1.0, "log10_eta": -2.494170198423396, "log10_lambda": -2.5637764678362522, "log10_min_child_weight": 2.609408446677909, "log10_subsample": -0.731091254088408, "max_depth": 9.0, "num_boost_round": 21.0}, "datetime": {"datetime": "2024-01-19 02:37:37", "elapsed": 8810.69672, "delta": 0.010467}}
{"target": -17.675639119231064, "params": {"gamma": 11.252631786373728, "log10_alpha": 0.15498205100614862, "log10_colsample_bytree": -1.0, "log10_eta": -2.494170198423396, "log10_lambda": -2.5637764678362522, "log10_min_child_weight": 2.609408446677909, "log10_subsample": -0.731091254088408, "max_depth": 9.0, "num_boost_round": 22.0}, "datetime": {"datetime": "2024-01-19 02:37:37", "elapsed": 8810.703007, "delta": 0.006287}}
{"target": -17.675504462072016, "params": {"gamma": 11.252631786373728, "log10_alpha": 0.15498205100614862, "log10_colsample_bytree": -1.0, "log10_eta": -2.494170198423396, "log10_lambda": -2.5637764678362522, "log10_min_child_weight": 2.609408446677909, "log10_subsample": -0.731091254088408, "max_depth": 9.0, "num_boost_round": 23.0}, "datetime": {"datetime": "2024-01-19 02:37:37", "elapsed": 8810.709404, "delta": 0.006397}}
{"target": -17.67551960690395, "params": {"gamma": 11.252631786373728, "log10_alpha": 0.15498205100614862, "log10_colsample_bytree": -1.0, "log10_eta": -2.494170198423396, "log10_lambda": -2.5637764678362522, "log10_min_child_weight": 2.609408446677909, "log10_subsample": -0.731091254088408, "max_depth": 9.0, "num_boost_round": 24.0}, "datetime": {"datetime": "2024-01-19 02:37:37", "elapsed": 8810.71565, "delta": 0.006246}}
{"target": -17.675361528265203, "params": {"gamma": 11.252631786373728, "log10_alpha": 0.15498205100614862, "log10_colsample_bytree": -1.0, "log10_eta": -2.494170198423396, "log10_lambda": -2.5637764678362522, "log10_min_child_weight": 2.609408446677909, "log10_subsample": -0.731091254088408, "max_depth": 9.0, "num_boost_round": 25.0}, "datetime": {"datetime": "2024-01-19 02:37:37", "elapsed": 8810.721971, "delta": 0.006321}}
{"target": -17.675302336323625, "params": {"gamma": 11.252631786373728, "log10_alpha": 0.15498205100614862, "log10_colsample_bytree": -1.0, "log10_eta": -2.494170198423396, "log10_lambda": -2.5637764678362522, "log10_min_child_weight": 2.609408446677909, "log10_subsample": -0.731091254088408, "max_depth": 9.0, "num_boost_round": 26.0}, "datetime": {"datetime": "2024-01-19 02:37:37", "elapsed": 8810.728107, "delta": 0.006136}}
{"target": -17.67521085536583, "params": {"gamma": 11.252631786373728, "log10_alpha": 0.15498205100614862, "log10_colsample_bytree": -1.0, "log10_eta": -2.494170198423396, "log10_lambda": -2.5637764678362522, "log10_min_child_weight": 2.609408446677909, "log10_subsample": -0.731091254088408, "max_depth": 9.0, "num_boost_round": 27.0}, "datetime": {"datetime": "2024-01-19 02:37:37", "elapsed": 8810.734406, "delta": 0.006299}}
{"target": -17.675110094844314, "params": {"gamma": 11.252631786373728, "log10_alpha": 0.15498205100614862, "log10_colsample_bytree": -1.0, "log10_eta": -2.494170198423396, "log10_lambda": -2.5637764678362522, "log10_min_child_weight": 2.609408446677909, "log10_subsample": -0.731091254088408, "max_depth": 9.0, "num_boost_round": 28.0}, "datetime": {"datetime": "2024-01-19 02:37:37", "elapsed": 8810.740568, "delta": 0.006162}}
{"target": -17.67507881783918, "params": {"gamma": 11.252631786373728, "log10_alpha": 0.15498205100614862, "log10_colsample_bytree": -1.0, "log10_eta": -2.494170198423396, "log10_lambda": -2.5637764678362522, "log10_min_child_weight": 2.609408446677909, "log10_subsample": -0.731091254088408, "max_depth": 9.0, "num_boost_round": 29.0}, "datetime": {"datetime": "2024-01-19 02:37:37", "elapsed": 8810.746973, "delta": 0.006405}}
{"target": -17.674987524711824, "params": {"gamma": 11.252631786373728, "log10_alpha": 0.15498205100614862, "log10_colsample_bytree": -1.0, "log10_eta": -2.494170198423396, "log10_lambda": -2.5637764678362522, "log10_min_child_weight": 2.609408446677909, "log10_subsample": -0.731091254088408, "max_depth": 9.0, "num_boost_round": 30.0}, "datetime": {"datetime": "2024-01-19 02:37:37", "elapsed": 8810.753267, "delta": 0.006294}}
{"target": -17.674964315829918, "params": {"gamma": 11.252631786373728, "log10_alpha": 0.15498205100614862, "log10_colsample_bytree": -1.0, "log10_eta": -2.494170198423396, "log10_lambda": -2.5637764678362522, "log10_min_child_weight": 2.609408446677909, "log10_subsample": -0.731091254088408, "max_depth": 9.0, "num_boost_round": 31.0}, "datetime": {"datetime": "2024-01-19 02:37:37", "elapsed": 8810.759553, "delta": 0.006286}}
{"target": -17.674882407175993, "params": {"gamma": 11.252631786373728, "log10_alpha": 0.15498205100614862, "log10_colsample_bytree": -1.0, "log10_eta": -2.494170198423396, "log10_lambda": -2.5637764678362522, "log10_min_child_weight": 2.609408446677909, "log10_subsample": -0.731091254088408, "max_depth": 9.0, "num_boost_round": 32.0}, "datetime": {"datetime": "2024-01-19 02:37:37", "elapsed": 8810.765673, "delta": 0.00612}}
{"target": -17.674689533251797, "params": {"gamma": 11.252631786373728, "log10_alpha": 0.15498205100614862, "log10_colsample_bytree": -1.0, "log10_eta": -2.494170198423396, "log10_lambda": -2.5637764678362522, "log10_min_child_weight": 2.609408446677909, "log10_subsample": -0.731091254088408, "max_depth": 9.0, "num_boost_round": 33.0}, "datetime": {"datetime": "2024-01-19 02:37:37", "elapsed": 8810.847043, "delta": 0.08137}}
{"target": -17.674541891136546, "params": {"gamma": 11.252631786373728, "log10_alpha": 0.15498205100614862, "log10_colsample_bytree": -1.0, "log10_eta": -2.494170198423396, "log10_lambda": -2.5637764678362522, "log10_min_child_weight": 2.609408446677909, "log10_subsample": -0.731091254088408, "max_depth": 9.0, "num_boost_round": 34.0}, "datetime": {"datetime": "2024-01-19 02:37:37", "elapsed": 8810.853976, "delta": 0.006933}}
{"target": -17.674416702556666, "params": {"gamma": 11.252631786373728, "log10_alpha": 0.15498205100614862, "log10_colsample_bytree": -1.0, "log10_eta": -2.494170198423396, "log10_lambda": -2.5637764678362522, "log10_min_child_weight": 2.609408446677909, "log10_subsample": -0.731091254088408, "max_depth": 9.0, "num_boost_round": 35.0}, "datetime": {"datetime": "2024-01-19 02:37:37", "elapsed": 8810.861134, "delta": 0.007158}}
{"target": -17.67702970011924, "params": {"gamma": 50.911082929098406, "log10_alpha": -4.394577417342696, "log10_colsample_bytree": -0.2586666374098391, "log10_eta": -1.6227100739030536, "log10_lambda": -0.7861313240396708, "log10_min_child_weight": 4.739230737642116, "log10_subsample": -0.5210915439020297, "max_depth": 3.0, "num_boost_round": 0.0}, "datetime": {"datetime": "2024-01-19 02:39:00", "elapsed": 8894.015363, "delta": 83.154229}}
{"target": -17.67681301687005, "params": {"gamma": 50.911082929098406, "log10_alpha": -4.394577417342696, "log10_colsample_bytree": -0.2586666374098391, "log10_eta": -1.6227100739030536, "log10_lambda": -0.7861313240396708, "log10_min_child_weight": 4.739230737642116, "log10_subsample": -0.5210915439020297, "max_depth": 3.0, "num_boost_round": 1.0}, "datetime": {"datetime": "2024-01-19 02:39:00", "elapsed": 8894.023183, "delta": 0.00782}}
{"target": -17.676827376641544, "params": {"gamma": 50.911082929098406, "log10_alpha": -4.394577417342696, "log10_colsample_bytree": -0.2586666374098391, "log10_eta": -1.6227100739030536, "log10_lambda": -0.7861313240396708, "log10_min_child_weight": 4.739230737642116, "log10_subsample": -0.5210915439020297, "max_depth": 3.0, "num_boost_round": 2.0}, "datetime": {"datetime": "2024-01-19 02:39:00", "elapsed": 8894.029826, "delta": 0.006643}}
{"target": -17.67667434595228, "params": {"gamma": 50.911082929098406, "log10_alpha": -4.394577417342696, "log10_colsample_bytree": -0.2586666374098391, "log10_eta": -1.6227100739030536, "log10_lambda": -0.7861313240396708, "log10_min_child_weight": 4.739230737642116, "log10_subsample": -0.5210915439020297, "max_depth": 3.0, "num_boost_round": 3.0}, "datetime": {"datetime": "2024-01-19 02:39:00", "elapsed": 8894.036329, "delta": 0.006503}}
{"target": -17.676653641920925, "params": {"gamma": 50.911082929098406, "log10_alpha": -4.394577417342696, "log10_colsample_bytree": -0.2586666374098391, "log10_eta": -1.6227100739030536, "log10_lambda": -0.7861313240396708, "log10_min_child_weight": 4.739230737642116, "log10_subsample": -0.5210915439020297, "max_depth": 3.0, "num_boost_round": 4.0}, "datetime": {"datetime": "2024-01-19 02:39:00", "elapsed": 8894.042544, "delta": 0.006215}}
{"target": -17.67658973434028, "params": {"gamma": 50.911082929098406, "log10_alpha": -4.394577417342696, "log10_colsample_bytree": -0.2586666374098391, "log10_eta": -1.6227100739030536, "log10_lambda": -0.7861313240396708, "log10_min_child_weight": 4.739230737642116, "log10_subsample": -0.5210915439020297, "max_depth": 3.0, "num_boost_round": 5.0}, "datetime": {"datetime": "2024-01-19 02:39:00", "elapsed": 8894.048747, "delta": 0.006203}}
{"target": -17.67665339371507, "params": {"gamma": 50.911082929098406, "log10_alpha": -4.394577417342696, "log10_colsample_bytree": -0.2586666374098391, "log10_eta": -1.6227100739030536, "log10_lambda": -0.7861313240396708, "log10_min_child_weight": 4.739230737642116, "log10_subsample": -0.5210915439020297, "max_depth": 3.0, "num_boost_round": 6.0}, "datetime": {"datetime": "2024-01-19 02:39:00", "elapsed": 8894.054937, "delta": 0.00619}}
{"target": -17.676808103493972, "params": {"gamma": 50.911082929098406, "log10_alpha": -4.394577417342696, "log10_colsample_bytree": -0.2586666374098391, "log10_eta": -1.6227100739030536, "log10_lambda": -0.7861313240396708, "log10_min_child_weight": 4.739230737642116, "log10_subsample": -0.5210915439020297, "max_depth": 3.0, "num_boost_round": 7.0}, "datetime": {"datetime": "2024-01-19 02:39:00", "elapsed": 8894.061263, "delta": 0.006326}}
{"target": -17.67674575009151, "params": {"gamma": 50.911082929098406, "log10_alpha": -4.394577417342696, "log10_colsample_bytree": -0.2586666374098391, "log10_eta": -1.6227100739030536, "log10_lambda": -0.7861313240396708, "log10_min_child_weight": 4.739230737642116, "log10_subsample": -0.5210915439020297, "max_depth": 3.0, "num_boost_round": 8.0}, "datetime": {"datetime": "2024-01-19 02:39:00", "elapsed": 8894.067342, "delta": 0.006079}}
{"target": -17.676691821560432, "params": {"gamma": 50.911082929098406, "log10_alpha": -4.394577417342696, "log10_colsample_bytree": -0.2586666374098391, "log10_eta": -1.6227100739030536, "log10_lambda": -0.7861313240396708, "log10_min_child_weight": 4.739230737642116, "log10_subsample": -0.5210915439020297, "max_depth": 3.0, "num_boost_round": 9.0}, "datetime": {"datetime": "2024-01-19 02:39:00", "elapsed": 8894.073607, "delta": 0.006265}}
{"target": -17.676658493584704, "params": {"gamma": 50.911082929098406, "log10_alpha": -4.394577417342696, "log10_colsample_bytree": -0.2586666374098391, "log10_eta": -1.6227100739030536, "log10_lambda": -0.7861313240396708, "log10_min_child_weight": 4.739230737642116, "log10_subsample": -0.5210915439020297, "max_depth": 3.0, "num_boost_round": 10.0}, "datetime": {"datetime": "2024-01-19 02:39:00", "elapsed": 8894.07986, "delta": 0.006253}}
{"target": -17.676451203032123, "params": {"gamma": 50.911082929098406, "log10_alpha": -4.394577417342696, "log10_colsample_bytree": -0.2586666374098391, "log10_eta": -1.6227100739030536, "log10_lambda": -0.7861313240396708, "log10_min_child_weight": 4.739230737642116, "log10_subsample": -0.5210915439020297, "max_depth": 3.0, "num_boost_round": 11.0}, "datetime": {"datetime": "2024-01-19 02:39:00", "elapsed": 8894.086269, "delta": 0.006409}}
{"target": -17.676663515698976, "params": {"gamma": 50.911082929098406, "log10_alpha": -4.394577417342696, "log10_colsample_bytree": -0.2586666374098391, "log10_eta": -1.6227100739030536, "log10_lambda": -0.7861313240396708, "log10_min_child_weight": 4.739230737642116, "log10_subsample": -0.5210915439020297, "max_depth": 3.0, "num_boost_round": 12.0}, "datetime": {"datetime": "2024-01-19 02:39:00", "elapsed": 8894.092608, "delta": 0.006339}}
{"target": -17.67672282381233, "params": {"gamma": 50.911082929098406, "log10_alpha": -4.394577417342696, "log10_colsample_bytree": -0.2586666374098391, "log10_eta": -1.6227100739030536, "log10_lambda": -0.7861313240396708, "log10_min_child_weight": 4.739230737642116, "log10_subsample": -0.5210915439020297, "max_depth": 3.0, "num_boost_round": 13.0}, "datetime": {"datetime": "2024-01-19 02:39:00", "elapsed": 8894.200267, "delta": 0.107659}}
{"target": -17.67683495503994, "params": {"gamma": 50.911082929098406, "log10_alpha": -4.394577417342696, "log10_colsample_bytree": -0.2586666374098391, "log10_eta": -1.6227100739030536, "log10_lambda": -0.7861313240396708, "log10_min_child_weight": 4.739230737642116, "log10_subsample": -0.5210915439020297, "max_depth": 3.0, "num_boost_round": 14.0}, "datetime": {"datetime": "2024-01-19 02:39:00", "elapsed": 8894.206539, "delta": 0.006272}}
{"target": -17.67661363205298, "params": {"gamma": 50.911082929098406, "log10_alpha": -4.394577417342696, "log10_colsample_bytree": -0.2586666374098391, "log10_eta": -1.6227100739030536, "log10_lambda": -0.7861313240396708, "log10_min_child_weight": 4.739230737642116, "log10_subsample": -0.5210915439020297, "max_depth": 3.0, "num_boost_round": 15.0}, "datetime": {"datetime": "2024-01-19 02:39:00", "elapsed": 8894.213638, "delta": 0.007099}}
{"target": -17.676620742497445, "params": {"gamma": 50.911082929098406, "log10_alpha": -4.394577417342696, "log10_colsample_bytree": -0.2586666374098391, "log10_eta": -1.6227100739030536, "log10_lambda": -0.7861313240396708, "log10_min_child_weight": 4.739230737642116, "log10_subsample": -0.5210915439020297, "max_depth": 3.0, "num_boost_round": 16.0}, "datetime": {"datetime": "2024-01-19 02:39:00", "elapsed": 8894.221047, "delta": 0.007409}}
{"target": -17.676791676866568, "params": {"gamma": 50.911082929098406, "log10_alpha": -4.394577417342696, "log10_colsample_bytree": -0.2586666374098391, "log10_eta": -1.6227100739030536, "log10_lambda": -0.7861313240396708, "log10_min_child_weight": 4.739230737642116, "log10_subsample": -0.5210915439020297, "max_depth": 3.0, "num_boost_round": 17.0}, "datetime": {"datetime": "2024-01-19 02:39:00", "elapsed": 8894.227515, "delta": 0.006468}}
{"target": -17.6768389412421, "params": {"gamma": 50.911082929098406, "log10_alpha": -4.394577417342696, "log10_colsample_bytree": -0.2586666374098391, "log10_eta": -1.6227100739030536, "log10_lambda": -0.7861313240396708, "log10_min_child_weight": 4.739230737642116, "log10_subsample": -0.5210915439020297, "max_depth": 3.0, "num_boost_round": 18.0}, "datetime": {"datetime": "2024-01-19 02:39:00", "elapsed": 8894.233683, "delta": 0.006168}}
{"target": -17.67664020674518, "params": {"gamma": 50.911082929098406, "log10_alpha": -4.394577417342696, "log10_colsample_bytree": -0.2586666374098391, "log10_eta": -1.6227100739030536, "log10_lambda": -0.7861313240396708, "log10_min_child_weight": 4.739230737642116, "log10_subsample": -0.5210915439020297, "max_depth": 3.0, "num_boost_round": 19.0}, "datetime": {"datetime": "2024-01-19 02:39:00", "elapsed": 8894.239829, "delta": 0.006146}}
{"target": -17.67656734733337, "params": {"gamma": 50.911082929098406, "log10_alpha": -4.394577417342696, "log10_colsample_bytree": -0.2586666374098391, "log10_eta": -1.6227100739030536, "log10_lambda": -0.7861313240396708, "log10_min_child_weight": 4.739230737642116, "log10_subsample": -0.5210915439020297, "max_depth": 3.0, "num_boost_round": 20.0}, "datetime": {"datetime": "2024-01-19 02:39:00", "elapsed": 8894.245796, "delta": 0.005967}}
{"target": -17.67657906511745, "params": {"gamma": 50.911082929098406, "log10_alpha": -4.394577417342696, "log10_colsample_bytree": -0.2586666374098391, "log10_eta": -1.6227100739030536, "log10_lambda": -0.7861313240396708, "log10_min_child_weight": 4.739230737642116, "log10_subsample": -0.5210915439020297, "max_depth": 3.0, "num_boost_round": 21.0}, "datetime": {"datetime": "2024-01-19 02:39:00", "elapsed": 8894.251861, "delta": 0.006065}}
