{"target": -13.757841418612196, "params": {"gamma": 562.4893857658559, "log10_alpha": -3.3691942114560063, "log10_colsample_bytree": -0.804266655449593, "log10_eta": -2.3209838495997563, "log10_lambda": -1.1855962558757742, "log10_min_child_weight": 2.787898581858856, "log10_subsample": -0.10971058369500519, "max_depth": 3.0, "num_boost_round": 17.0}, "datetime": {"datetime": "2024-01-19 01:46:25", "elapsed": 5717.480549, "delta": 0.005745}}
{"target": -13.757814678357505, "params": {"gamma": 562.4893857658559, "log10_alpha": -3.3691942114560063, "log10_colsample_bytree": -0.804266655449593, "log10_eta": -2.3209838495997563, "log10_lambda": -1.1855962558757742, "log10_min_child_weight": 2.787898581858856, "log10_subsample": -0.10971058369500519, "max_depth": 3.0, "num_boost_round": 18.0}, "datetime": {"datetime": "2024-01-19 01:46:25", "elapsed": 5717.486406, "delta": 0.005857}}
{"target": -13.75788208809189, "params": {"gamma": 562.4893857658559, "log10_alpha": -3.3691942114560063, "log10_colsample_bytree": -0.804266655449593, "log10_eta": -2.3209838495997563, "log10_lambda": -1.1855962558757742, "log10_min_child_weight": 2.787898581858856, "log10_subsample": -0.10971058369500519, "max_depth": 3.0, "num_boost_round": 19.0}, "datetime": {"datetime": "2024-01-19 01:46:25", "elapsed": 5717.491951, "delta": 0.005545}}
{"target": -13.757846532422365, "params": {"gamma": 562.4893857658559, "log10_alpha": -3.3691942114560063, "log10_colsample_bytree": -0.804266655449593, "log10_eta": -2.3209838495997563, "log10_lambda": -1.1855962558757742, "log10_min_child_weight": 2.787898581858856, "log10_subsample": -0.10971058369500519, "max_depth": 3.0, "num_boost_round": 20.0}, "datetime": {"datetime": "2024-01-19 01:46:25", "elapsed": 5717.497556, "delta": 0.005605}}
{"target": -13.757762632610465, "params": {"gamma": 562.4893857658559, "log10_alpha": -3.3691942114560063, "log10_colsample_bytree": -0.804266655449593, "log10_eta": -2.3209838495997563, "log10_lambda": -1.1855962558757742, "log10_min_child_weight": 2.787898581858856, "log10_subsample": -0.10971058369500519, "max_depth": 3.0, "num_boost_round": 21.0}, "datetime": {"datetime": "2024-01-19 01:46:25", "elapsed": 5717.503316, "delta": 0.00576}}
{"target": -13.757763369168531, "params": {"gamma": 562.4893857658559, "log10_alpha": -3.3691942114560063, "log10_colsample_bytree": -0.804266655449593, "log10_eta": -2.3209838495997563, "log10_lambda": -1.1855962558757742, "log10_min_child_weight": 2.787898581858856, "log10_subsample": -0.10971058369500519, "max_depth": 3.0, "num_boost_round": 22.0}, "datetime": {"datetime": "2024-01-19 01:46:25", "elapsed": 5717.509208, "delta": 0.005892}}
{"target": -13.763447822914852, "params": {"gamma": 560.1009946737175, "log10_alpha": 0.8660932431675308, "log10_colsample_bytree": -0.6064043013054282, "log10_eta": -0.8985798567007754, "log10_lambda": -2.4774733996602194, "log10_min_child_weight": 0.6644097416969619, "log10_subsample": -0.8734137752584746, "max_depth": 9.0, "num_boost_round": 0.0}, "datetime": {"datetime": "2024-01-19 01:47:54", "elapsed": 5806.030816, "delta": 88.521608}}
{"target": -13.763436471390524, "params": {"gamma": 560.1009946737175, "log10_alpha": 0.8660932431675308, "log10_colsample_bytree": -0.6064043013054282, "log10_eta": -0.8985798567007754, "log10_lambda": -2.4774733996602194, "log10_min_child_weight": 0.6644097416969619, "log10_subsample": -0.8734137752584746, "max_depth": 9.0, "num_boost_round": 1.0}, "datetime": {"datetime": "2024-01-19 01:47:54", "elapsed": 5806.037128, "delta": 0.006312}}
{"target": -13.762649498337488, "params": {"gamma": 560.1009946737175, "log10_alpha": 0.8660932431675308, "log10_colsample_bytree": -0.6064043013054282, "log10_eta": -0.8985798567007754, "log10_lambda": -2.4774733996602194, "log10_min_child_weight": 0.6644097416969619, "log10_subsample": -0.8734137752584746, "max_depth": 9.0, "num_boost_round": 2.0}, "datetime": {"datetime": "2024-01-19 01:47:54", "elapsed": 5806.043174, "delta": 0.006046}}
{"target": -13.768495082652608, "params": {"gamma": 560.1009946737175, "log10_alpha": 0.8660932431675308, "log10_colsample_bytree": -0.6064043013054282, "log10_eta": -0.8985798567007754, "log10_lambda": -2.4774733996602194, "log10_min_child_weight": 0.6644097416969619, "log10_subsample": -0.8734137752584746, "max_depth": 9.0, "num_boost_round": 3.0}, "datetime": {"datetime": "2024-01-19 01:47:54", "elapsed": 5806.049439, "delta": 0.006265}}
{"target": -13.770814093658725, "params": {"gamma": 560.1009946737175, "log10_alpha": 0.8660932431675308, "log10_colsample_bytree": -0.6064043013054282, "log10_eta": -0.8985798567007754, "log10_lambda": -2.4774733996602194, "log10_min_child_weight": 0.6644097416969619, "log10_subsample": -0.8734137752584746, "max_depth": 9.0, "num_boost_round": 4.0}, "datetime": {"datetime": "2024-01-19 01:47:54", "elapsed": 5806.055706, "delta": 0.006267}}
{"target": -13.77651052768851, "params": {"gamma": 560.1009946737175, "log10_alpha": 0.8660932431675308, "log10_colsample_bytree": -0.6064043013054282, "log10_eta": -0.8985798567007754, "log10_lambda": -2.4774733996602194, "log10_min_child_weight": 0.6644097416969619, "log10_subsample": -0.8734137752584746, "max_depth": 9.0, "num_boost_round": 5.0}, "datetime": {"datetime": "2024-01-19 01:47:54", "elapsed": 5806.061357, "delta": 0.005651}}
{"target": -13.788204733421972, "params": {"gamma": 560.1009946737175, "log10_alpha": 0.8660932431675308, "log10_colsample_bytree": -0.6064043013054282, "log10_eta": -0.8985798567007754, "log10_lambda": -2.4774733996602194, "log10_min_child_weight": 0.6644097416969619, "log10_subsample": -0.8734137752584746, "max_depth": 9.0, "num_boost_round": 6.0}, "datetime": {"datetime": "2024-01-19 01:47:54", "elapsed": 5806.067229, "delta": 0.005872}}
{"target": -13.797611391226328, "params": {"gamma": 560.1009946737175, "log10_alpha": 0.8660932431675308, "log10_colsample_bytree": -0.6064043013054282, "log10_eta": -0.8985798567007754, "log10_lambda": -2.4774733996602194, "log10_min_child_weight": 0.6644097416969619, "log10_subsample": -0.8734137752584746, "max_depth": 9.0, "num_boost_round": 7.0}, "datetime": {"datetime": "2024-01-19 01:47:54", "elapsed": 5806.072756, "delta": 0.005527}}
{"target": -13.800621377384115, "params": {"gamma": 560.1009946737175, "log10_alpha": 0.8660932431675308, "log10_colsample_bytree": -0.6064043013054282, "log10_eta": -0.8985798567007754, "log10_lambda": -2.4774733996602194, "log10_min_child_weight": 0.6644097416969619, "log10_subsample": -0.8734137752584746, "max_depth": 9.0, "num_boost_round": 8.0}, "datetime": {"datetime": "2024-01-19 01:47:54", "elapsed": 5806.078374, "delta": 0.005618}}
{"target": -13.808837781360012, "params": {"gamma": 560.1009946737175, "log10_alpha": 0.8660932431675308, "log10_colsample_bytree": -0.6064043013054282, "log10_eta": -0.8985798567007754, "log10_lambda": -2.4774733996602194, "log10_min_child_weight": 0.6644097416969619, "log10_subsample": -0.8734137752584746, "max_depth": 9.0, "num_boost_round": 9.0}, "datetime": {"datetime": "2024-01-19 01:47:54", "elapsed": 5806.084073, "delta": 0.005699}}
{"target": -13.815195153693855, "params": {"gamma": 560.1009946737175, "log10_alpha": 0.8660932431675308, "log10_colsample_bytree": -0.6064043013054282, "log10_eta": -0.8985798567007754, "log10_lambda": -2.4774733996602194, "log10_min_child_weight": 0.6644097416969619, "log10_subsample": -0.8734137752584746, "max_depth": 9.0, "num_boost_round": 10.0}, "datetime": {"datetime": "2024-01-19 01:47:54", "elapsed": 5806.09012, "delta": 0.006047}}
{"target": -13.819739139345218, "params": {"gamma": 560.1009946737175, "log10_alpha": 0.8660932431675308, "log10_colsample_bytree": -0.6064043013054282, "log10_eta": -0.8985798567007754, "log10_lambda": -2.4774733996602194, "log10_min_child_weight": 0.6644097416969619, "log10_subsample": -0.8734137752584746, "max_depth": 9.0, "num_boost_round": 11.0}, "datetime": {"datetime": "2024-01-19 01:47:54", "elapsed": 5806.095886, "delta": 0.005766}}
{"target": -13.825720128804559, "params": {"gamma": 560.1009946737175, "log10_alpha": 0.8660932431675308, "log10_colsample_bytree": -0.6064043013054282, "log10_eta": -0.8985798567007754, "log10_lambda": -2.4774733996602194, "log10_min_child_weight": 0.6644097416969619, "log10_subsample": -0.8734137752584746, "max_depth": 9.0, "num_boost_round": 12.0}, "datetime": {"datetime": "2024-01-19 01:47:54", "elapsed": 5806.10159, "delta": 0.005704}}
{"target": -13.837597203018834, "params": {"gamma": 560.1009946737175, "log10_alpha": 0.8660932431675308, "log10_colsample_bytree": -0.6064043013054282, "log10_eta": -0.8985798567007754, "log10_lambda": -2.4774733996602194, "log10_min_child_weight": 0.6644097416969619, "log10_subsample": -0.8734137752584746, "max_depth": 9.0, "num_boost_round": 13.0}, "datetime": {"datetime": "2024-01-19 01:47:54", "elapsed": 5806.107214, "delta": 0.005624}}
{"target": -13.843157283752886, "params": {"gamma": 560.1009946737175, "log10_alpha": 0.8660932431675308, "log10_colsample_bytree": -0.6064043013054282, "log10_eta": -0.8985798567007754, "log10_lambda": -2.4774733996602194, "log10_min_child_weight": 0.6644097416969619, "log10_subsample": -0.8734137752584746, "max_depth": 9.0, "num_boost_round": 14.0}, "datetime": {"datetime": "2024-01-19 01:47:54", "elapsed": 5806.237594, "delta": 0.13038}}
{"target": -13.851820630970199, "params": {"gamma": 560.1009946737175, "log10_alpha": 0.8660932431675308, "log10_colsample_bytree": -0.6064043013054282, "log10_eta": -0.8985798567007754, "log10_lambda": -2.4774733996602194, "log10_min_child_weight": 0.6644097416969619, "log10_subsample": -0.8734137752584746, "max_depth": 9.0, "num_boost_round": 15.0}, "datetime": {"datetime": "2024-01-19 01:47:54", "elapsed": 5806.244803, "delta": 0.007209}}
{"target": -13.861204617017139, "params": {"gamma": 560.1009946737175, "log10_alpha": 0.8660932431675308, "log10_colsample_bytree": -0.6064043013054282, "log10_eta": -0.8985798567007754, "log10_lambda": -2.4774733996602194, "log10_min_child_weight": 0.6644097416969619, "log10_subsample": -0.8734137752584746, "max_depth": 9.0, "num_boost_round": 16.0}, "datetime": {"datetime": "2024-01-19 01:47:54", "elapsed": 5806.250647, "delta": 0.005844}}
{"target": -13.865042757281294, "params": {"gamma": 560.1009946737175, "log10_alpha": 0.8660932431675308, "log10_colsample_bytree": -0.6064043013054282, "log10_eta": -0.8985798567007754, "log10_lambda": -2.4774733996602194, "log10_min_child_weight": 0.6644097416969619, "log10_subsample": -0.8734137752584746, "max_depth": 9.0, "num_boost_round": 17.0}, "datetime": {"datetime": "2024-01-19 01:47:54", "elapsed": 5806.256427, "delta": 0.00578}}
{"target": -13.871518953744989, "params": {"gamma": 560.1009946737175, "log10_alpha": 0.8660932431675308, "log10_colsample_bytree": -0.6064043013054282, "log10_eta": -0.8985798567007754, "log10_lambda": -2.4774733996602194, "log10_min_child_weight": 0.6644097416969619, "log10_subsample": -0.8734137752584746, "max_depth": 9.0, "num_boost_round": 18.0}, "datetime": {"datetime": "2024-01-19 01:47:54", "elapsed": 5806.262599, "delta": 0.006172}}
{"target": -13.877170868499372, "params": {"gamma": 560.1009946737175, "log10_alpha": 0.8660932431675308, "log10_colsample_bytree": -0.6064043013054282, "log10_eta": -0.8985798567007754, "log10_lambda": -2.4774733996602194, "log10_min_child_weight": 0.6644097416969619, "log10_subsample": -0.8734137752584746, "max_depth": 9.0, "num_boost_round": 19.0}, "datetime": {"datetime": "2024-01-19 01:47:54", "elapsed": 5806.268462, "delta": 0.005863}}
{"target": -13.881825381601645, "params": {"gamma": 560.1009946737175, "log10_alpha": 0.8660932431675308, "log10_colsample_bytree": -0.6064043013054282, "log10_eta": -0.8985798567007754, "log10_lambda": -2.4774733996602194, "log10_min_child_weight": 0.6644097416969619, "log10_subsample": -0.8734137752584746, "max_depth": 9.0, "num_boost_round": 20.0}, "datetime": {"datetime": "2024-01-19 01:47:54", "elapsed": 5806.274273, "delta": 0.005811}}
{"target": -13.886845552426498, "params": {"gamma": 560.1009946737175, "log10_alpha": 0.8660932431675308, "log10_colsample_bytree": -0.6064043013054282, "log10_eta": -0.8985798567007754, "log10_lambda": -2.4774733996602194, "log10_min_child_weight": 0.6644097416969619, "log10_subsample": -0.8734137752584746, "max_depth": 9.0, "num_boost_round": 21.0}, "datetime": {"datetime": "2024-01-19 01:47:54", "elapsed": 5806.280119, "delta": 0.005846}}
{"target": -13.89349741307308, "params": {"gamma": 560.1009946737175, "log10_alpha": 0.8660932431675308, "log10_colsample_bytree": -0.6064043013054282, "log10_eta": -0.8985798567007754, "log10_lambda": -2.4774733996602194, "log10_min_child_weight": 0.6644097416969619, "log10_subsample": -0.8734137752584746, "max_depth": 9.0, "num_boost_round": 22.0}, "datetime": {"datetime": "2024-01-19 01:47:54", "elapsed": 5806.285877, "delta": 0.005758}}
{"target": -13.914014333157336, "params": {"gamma": 560.1009946737175, "log10_alpha": 0.8660932431675308, "log10_colsample_bytree": -0.6064043013054282, "log10_eta": -0.8985798567007754, "log10_lambda": -2.4774733996602194, "log10_min_child_weight": 0.6644097416969619, "log10_subsample": -0.8734137752584746, "max_depth": 9.0, "num_boost_round": 23.0}, "datetime": {"datetime": "2024-01-19 01:47:54", "elapsed": 5806.291686, "delta": 0.005809}}
{"target": -13.940670633883842, "params": {"gamma": 560.1009946737175, "log10_alpha": 0.8660932431675308, "log10_colsample_bytree": -0.6064043013054282, "log10_eta": -0.8985798567007754, "log10_lambda": -2.4774733996602194, "log10_min_child_weight": 0.6644097416969619, "log10_subsample": -0.8734137752584746, "max_depth": 9.0, "num_boost_round": 24.0}, "datetime": {"datetime": "2024-01-19 01:47:54", "elapsed": 5806.297521, "delta": 0.005835}}
{"target": -13.953988500060445, "params": {"gamma": 560.1009946737175, "log10_alpha": 0.8660932431675308, "log10_colsample_bytree": -0.6064043013054282, "log10_eta": -0.8985798567007754, "log10_lambda": -2.4774733996602194, "log10_min_child_weight": 0.6644097416969619, "log10_subsample": -0.8734137752584746, "max_depth": 9.0, "num_boost_round": 25.0}, "datetime": {"datetime": "2024-01-19 01:47:54", "elapsed": 5806.304775, "delta": 0.007254}}
{"target": -13.958932933926375, "params": {"gamma": 560.1009946737175, "log10_alpha": 0.8660932431675308, "log10_colsample_bytree": -0.6064043013054282, "log10_eta": -0.8985798567007754, "log10_lambda": -2.4774733996602194, "log10_min_child_weight": 0.6644097416969619, "log10_subsample": -0.8734137752584746, "max_depth": 9.0, "num_boost_round": 26.0}, "datetime": {"datetime": "2024-01-19 01:47:54", "elapsed": 5806.310899, "delta": 0.006124}}
{"target": -13.96509654399433, "params": {"gamma": 560.1009946737175, "log10_alpha": 0.8660932431675308, "log10_colsample_bytree": -0.6064043013054282, "log10_eta": -0.8985798567007754, "log10_lambda": -2.4774733996602194, "log10_min_child_weight": 0.6644097416969619, "log10_subsample": -0.8734137752584746, "max_depth": 9.0, "num_boost_round": 27.0}, "datetime": {"datetime": "2024-01-19 01:47:54", "elapsed": 5806.317239, "delta": 0.00634}}
{"target": -13.97346068248358, "params": {"gamma": 560.1009946737175, "log10_alpha": 0.8660932431675308, "log10_colsample_bytree": -0.6064043013054282, "log10_eta": -0.8985798567007754, "log10_lambda": -2.4774733996602194, "log10_min_child_weight": 0.6644097416969619, "log10_subsample": -0.8734137752584746, "max_depth": 9.0, "num_boost_round": 28.0}, "datetime": {"datetime": "2024-01-19 01:47:54", "elapsed": 5806.323047, "delta": 0.005808}}
{"target": -13.978247041545213, "params": {"gamma": 560.1009946737175, "log10_alpha": 0.8660932431675308, "log10_colsample_bytree": -0.6064043013054282, "log10_eta": -0.8985798567007754, "log10_lambda": -2.4774733996602194, "log10_min_child_weight": 0.6644097416969619, "log10_subsample": -0.8734137752584746, "max_depth": 9.0, "num_boost_round": 29.0}, "datetime": {"datetime": "2024-01-19 01:47:54", "elapsed": 5806.328847, "delta": 0.0058}}
{"target": -13.982763146350917, "params": {"gamma": 560.1009946737175, "log10_alpha": 0.8660932431675308, "log10_colsample_bytree": -0.6064043013054282, "log10_eta": -0.8985798567007754, "log10_lambda": -2.4774733996602194, "log10_min_child_weight": 0.6644097416969619, "log10_subsample": -0.8734137752584746, "max_depth": 9.0, "num_boost_round": 30.0}, "datetime": {"datetime": "2024-01-19 01:47:54", "elapsed": 5806.334783, "delta": 0.005936}}
{"target": -13.985615794256704, "params": {"gamma": 560.1009946737175, "log10_alpha": 0.8660932431675308, "log10_colsample_bytree": -0.6064043013054282, "log10_eta": -0.8985798567007754, "log10_lambda": -2.4774733996602194, "log10_min_child_weight": 0.6644097416969619, "log10_subsample": -0.8734137752584746, "max_depth": 9.0, "num_boost_round": 31.0}, "datetime": {"datetime": "2024-01-19 01:47:54", "elapsed": 5806.341356, "delta": 0.006573}}
{"target": -13.996821083171763, "params": {"gamma": 560.1009946737175, "log10_alpha": 0.8660932431675308, "log10_colsample_bytree": -0.6064043013054282, "log10_eta": -0.8985798567007754, "log10_lambda": -2.4774733996602194, "log10_min_child_weight": 0.6644097416969619, "log10_subsample": -0.8734137752584746, "max_depth": 9.0, "num_boost_round": 32.0}, "datetime": {"datetime": "2024-01-19 01:47:54", "elapsed": 5806.34781, "delta": 0.006454}}
{"target": -14.00221396621103, "params": {"gamma": 560.1009946737175, "log10_alpha": 0.8660932431675308, "log10_colsample_bytree": -0.6064043013054282, "log10_eta": -0.8985798567007754, "log10_lambda": -2.4774733996602194, "log10_min_child_weight": 0.6644097416969619, "log10_subsample": -0.8734137752584746, "max_depth": 9.0, "num_boost_round": 33.0}, "datetime": {"datetime": "2024-01-19 01:47:54", "elapsed": 5806.353854, "delta": 0.006044}}
{"target": -14.008188523500248, "params": {"gamma": 560.1009946737175, "log10_alpha": 0.8660932431675308, "log10_colsample_bytree": -0.6064043013054282, "log10_eta": -0.8985798567007754, "log10_lambda": -2.4774733996602194, "log10_min_child_weight": 0.6644097416969619, "log10_subsample": -0.8734137752584746, "max_depth": 9.0, "num_boost_round": 34.0}, "datetime": {"datetime": "2024-01-19 01:47:54", "elapsed": 5806.361059, "delta": 0.007205}}
{"target": -14.018799903253367, "params": {"gamma": 560.1009946737175, "log10_alpha": 0.8660932431675308, "log10_colsample_bytree": -0.6064043013054282, "log10_eta": -0.8985798567007754, "log10_lambda": -2.4774733996602194, "log10_min_child_weight": 0.6644097416969619, "log10_subsample": -0.8734137752584746, "max_depth": 9.0, "num_boost_round": 35.0}, "datetime": {"datetime": "2024-01-19 01:47:54", "elapsed": 5806.367108, "delta": 0.006049}}
{"target": -14.025090996896097, "params": {"gamma": 560.1009946737175, "log10_alpha": 0.8660932431675308, "log10_colsample_bytree": -0.6064043013054282, "log10_eta": -0.8985798567007754, "log10_lambda": -2.4774733996602194, "log10_min_child_weight": 0.6644097416969619, "log10_subsample": -0.8734137752584746, "max_depth": 9.0, "num_boost_round": 36.0}, "datetime": {"datetime": "2024-01-19 01:47:54", "elapsed": 5806.372936, "delta": 0.005828}}
{"target": -14.033084328347993, "params": {"gamma": 560.1009946737175, "log10_alpha": 0.8660932431675308, "log10_colsample_bytree": -0.6064043013054282, "log10_eta": -0.8985798567007754, "log10_lambda": -2.4774733996602194, "log10_min_child_weight": 0.6644097416969619, "log10_subsample": -0.8734137752584746, "max_depth": 9.0, "num_boost_round": 37.0}, "datetime": {"datetime": "2024-01-19 01:47:54", "elapsed": 5806.378762, "delta": 0.005826}}
{"target": -14.03971637015099, "params": {"gamma": 560.1009946737175, "log10_alpha": 0.8660932431675308, "log10_colsample_bytree": -0.6064043013054282, "log10_eta": -0.8985798567007754, "log10_lambda": -2.4774733996602194, "log10_min_child_weight": 0.6644097416969619, "log10_subsample": -0.8734137752584746, "max_depth": 9.0, "num_boost_round": 38.0}, "datetime": {"datetime": "2024-01-19 01:47:54", "elapsed": 5806.384699, "delta": 0.005937}}
{"target": -14.04433177351319, "params": {"gamma": 560.1009946737175, "log10_alpha": 0.8660932431675308, "log10_colsample_bytree": -0.6064043013054282, "log10_eta": -0.8985798567007754, "log10_lambda": -2.4774733996602194, "log10_min_child_weight": 0.6644097416969619, "log10_subsample": -0.8734137752584746, "max_depth": 9.0, "num_boost_round": 39.0}, "datetime": {"datetime": "2024-01-19 01:47:54", "elapsed": 5806.39088, "delta": 0.006181}}
{"target": -14.050098861561985, "params": {"gamma": 560.1009946737175, "log10_alpha": 0.8660932431675308, "log10_colsample_bytree": -0.6064043013054282, "log10_eta": -0.8985798567007754, "log10_lambda": -2.4774733996602194, "log10_min_child_weight": 0.6644097416969619, "log10_subsample": -0.8734137752584746, "max_depth": 9.0, "num_boost_round": 40.0}, "datetime": {"datetime": "2024-01-19 01:47:54", "elapsed": 5806.39666, "delta": 0.00578}}
{"target": -14.055680473917443, "params": {"gamma": 560.1009946737175, "log10_alpha": 0.8660932431675308, "log10_colsample_bytree": -0.6064043013054282, "log10_eta": -0.8985798567007754, "log10_lambda": -2.4774733996602194, "log10_min_child_weight": 0.6644097416969619, "log10_subsample": -0.8734137752584746, "max_depth": 9.0, "num_boost_round": 41.0}, "datetime": {"datetime": "2024-01-19 01:47:54", "elapsed": 5806.40241, "delta": 0.00575}}
{"target": -13.758538346529896, "params": {"gamma": 565.0036182962435, "log10_alpha": -5.0, "log10_colsample_bytree": -1.0, "log10_eta": -4.0, "log10_lambda": -2.4572842835286384, "log10_min_child_weight": 5.0, "log10_subsample": 0.0, "max_depth": 6.0, "num_boost_round": 0.0}, "datetime": {"datetime": "2024-01-19 01:49:11", "elapsed": 5882.88754, "delta": 76.48513}}
