{"target": -17.67702907504417, "params": {"gamma": 420.6972294783809, "log10_alpha": -1.4366246898398123, "log10_colsample_bytree": -0.9165967975071795, "log10_eta": -4.0, "log10_lambda": -5.0, "log10_min_child_weight": 0.0, "log10_subsample": -0.7269650137026535, "max_depth": 5.0, "num_boost_round": 66.0}, "datetime": {"datetime": "2024-01-19 00:18:03", "elapsed": 373.348558, "delta": 0.001322}}
{"target": -17.677020192235673, "params": {"gamma": 420.6972294783809, "log10_alpha": -1.4366246898398123, "log10_colsample_bytree": -0.9165967975071795, "log10_eta": -4.0, "log10_lambda": -5.0, "log10_min_child_weight": 0.0, "log10_subsample": -0.7269650137026535, "max_depth": 5.0, "num_boost_round": 67.0}, "datetime": {"datetime": "2024-01-19 00:18:03", "elapsed": 373.349787, "delta": 0.001229}}
{"target": -17.677018667296323, "params": {"gamma": 420.6972294783809, "log10_alpha": -1.4366246898398123, "log10_colsample_bytree": -0.9165967975071795, "log10_eta": -4.0, "log10_lambda": -5.0, "log10_min_child_weight": 0.0, "log10_subsample": -0.7269650137026535, "max_depth": 5.0, "num_boost_round": 68.0}, "datetime": {"datetime": "2024-01-19 00:18:03", "elapsed": 373.351075, "delta": 0.001288}}
{"target": -17.677011283520404, "params": {"gamma": 420.6972294783809, "log10_alpha": -1.4366246898398123, "log10_colsample_bytree": -0.9165967975071795, "log10_eta": -4.0, "log10_lambda": -5.0, "log10_min_child_weight": 0.0, "log10_subsample": -0.7269650137026535, "max_depth": 5.0, "num_boost_round": 69.0}, "datetime": {"datetime": "2024-01-19 00:18:03", "elapsed": 373.352368, "delta": 0.001293}}
{"target": -17.677007973849797, "params": {"gamma": 420.6972294783809, "log10_alpha": -1.4366246898398123, "log10_colsample_bytree": -0.9165967975071795, "log10_eta": -4.0, "log10_lambda": -5.0, "log10_min_child_weight": 0.0, "log10_subsample": -0.7269650137026535, "max_depth": 5.0, "num_boost_round": 70.0}, "datetime": {"datetime": "2024-01-19 00:18:03", "elapsed": 373.353635, "delta": 0.001267}}
{"target": -17.677003758320307, "params": {"gamma": 420.6972294783809, "log10_alpha": -1.4366246898398123, "log10_colsample_bytree": -0.9165967975071795, "log10_eta": -4.0, "log10_lambda": -5.0, "log10_min_child_weight": 0.0, "log10_subsample": -0.7269650137026535, "max_depth": 5.0, "num_boost_round": 71.0}, "datetime": {"datetime": "2024-01-19 00:18:03", "elapsed": 373.354915, "delta": 0.00128}}
{"target": -17.67700249010219, "params": {"gamma": 420.6972294783809, "log10_alpha": -1.4366246898398123, "log10_colsample_bytree": -0.9165967975071795, "log10_eta": -4.0, "log10_lambda": -5.0, "log10_min_child_weight": 0.0, "log10_subsample": -0.7269650137026535, "max_depth": 5.0, "num_boost_round": 72.0}, "datetime": {"datetime": "2024-01-19 00:18:03", "elapsed": 373.356197, "delta": 0.001282}}
{"target": -17.676995107484125, "params": {"gamma": 420.6972294783809, "log10_alpha": -1.4366246898398123, "log10_colsample_bytree": -0.9165967975071795, "log10_eta": -4.0, "log10_lambda": -5.0, "log10_min_child_weight": 0.0, "log10_subsample": -0.7269650137026535, "max_depth": 5.0, "num_boost_round": 73.0}, "datetime": {"datetime": "2024-01-19 00:18:03", "elapsed": 373.357488, "delta": 0.001291}}
{"target": -17.676993698469158, "params": {"gamma": 420.6972294783809, "log10_alpha": -1.4366246898398123, "log10_colsample_bytree": -0.9165967975071795, "log10_eta": -4.0, "log10_lambda": -5.0, "log10_min_child_weight": 0.0, "log10_subsample": -0.7269650137026535, "max_depth": 5.0, "num_boost_round": 74.0}, "datetime": {"datetime": "2024-01-19 00:18:03", "elapsed": 373.358773, "delta": 0.001285}}
{"target": -17.67699030434597, "params": {"gamma": 420.6972294783809, "log10_alpha": -1.4366246898398123, "log10_colsample_bytree": -0.9165967975071795, "log10_eta": -4.0, "log10_lambda": -5.0, "log10_min_child_weight": 0.0, "log10_subsample": -0.7269650137026535, "max_depth": 5.0, "num_boost_round": 75.0}, "datetime": {"datetime": "2024-01-19 00:18:03", "elapsed": 373.360063, "delta": 0.00129}}
{"target": -17.677224660561798, "params": {"gamma": 421.86417808844226, "log10_alpha": -4.06542127448879, "log10_colsample_bytree": -0.8532202620152208, "log10_eta": -3.3058309588274364, "log10_lambda": -2.9047379459981073, "log10_min_child_weight": 1.8372313639396527, "log10_subsample": -0.8453793891036206, "max_depth": 5.0, "num_boost_round": 0.0}, "datetime": {"datetime": "2024-01-19 00:18:45", "elapsed": 415.341381, "delta": 41.981318}}
{"target": -17.677209716053927, "params": {"gamma": 421.86417808844226, "log10_alpha": -4.06542127448879, "log10_colsample_bytree": -0.8532202620152208, "log10_eta": -3.3058309588274364, "log10_lambda": -2.9047379459981073, "log10_min_child_weight": 1.8372313639396527, "log10_subsample": -0.8453793891036206, "max_depth": 5.0, "num_boost_round": 1.0}, "datetime": {"datetime": "2024-01-19 00:18:45", "elapsed": 415.343303, "delta": 0.001922}}
{"target": -17.677193509068612, "params": {"gamma": 421.86417808844226, "log10_alpha": -4.06542127448879, "log10_colsample_bytree": -0.8532202620152208, "log10_eta": -3.3058309588274364, "log10_lambda": -2.9047379459981073, "log10_min_child_weight": 1.8372313639396527, "log10_subsample": -0.8453793891036206, "max_depth": 5.0, "num_boost_round": 2.0}, "datetime": {"datetime": "2024-01-19 00:18:45", "elapsed": 415.345183, "delta": 0.00188}}
{"target": -17.677196869373162, "params": {"gamma": 421.86417808844226, "log10_alpha": -4.06542127448879, "log10_colsample_bytree": -0.8532202620152208, "log10_eta": -3.3058309588274364, "log10_lambda": -2.9047379459981073, "log10_min_child_weight": 1.8372313639396527, "log10_subsample": -0.8453793891036206, "max_depth": 5.0, "num_boost_round": 3.0}, "datetime": {"datetime": "2024-01-19 00:18:45", "elapsed": 415.346589, "delta": 0.001406}}
{"target": -17.67718165177123, "params": {"gamma": 421.86417808844226, "log10_alpha": -4.06542127448879, "log10_colsample_bytree": -0.8532202620152208, "log10_eta": -3.3058309588274364, "log10_lambda": -2.9047379459981073, "log10_min_child_weight": 1.8372313639396527, "log10_subsample": -0.8453793891036206, "max_depth": 5.0, "num_boost_round": 4.0}, "datetime": {"datetime": "2024-01-19 00:18:45", "elapsed": 415.347965, "delta": 0.001376}}
{"target": -17.677166236766748, "params": {"gamma": 421.86417808844226, "log10_alpha": -4.06542127448879, "log10_colsample_bytree": -0.8532202620152208, "log10_eta": -3.3058309588274364, "log10_lambda": -2.9047379459981073, "log10_min_child_weight": 1.8372313639396527, "log10_subsample": -0.8453793891036206, "max_depth": 5.0, "num_boost_round": 5.0}, "datetime": {"datetime": "2024-01-19 00:18:45", "elapsed": 415.349303, "delta": 0.001338}}
{"target": -17.67717282147341, "params": {"gamma": 421.86417808844226, "log10_alpha": -4.06542127448879, "log10_colsample_bytree": -0.8532202620152208, "log10_eta": -3.3058309588274364, "log10_lambda": -2.9047379459981073, "log10_min_child_weight": 1.8372313639396527, "log10_subsample": -0.8453793891036206, "max_depth": 5.0, "num_boost_round": 6.0}, "datetime": {"datetime": "2024-01-19 00:18:45", "elapsed": 415.350558, "delta": 0.001255}}
{"target": -17.67715195651306, "params": {"gamma": 421.86417808844226, "log10_alpha": -4.06542127448879, "log10_colsample_bytree": -0.8532202620152208, "log10_eta": -3.3058309588274364, "log10_lambda": -2.9047379459981073, "log10_min_child_weight": 1.8372313639396527, "log10_subsample": -0.8453793891036206, "max_depth": 5.0, "num_boost_round": 7.0}, "datetime": {"datetime": "2024-01-19 00:18:45", "elapsed": 415.351798, "delta": 0.00124}}
{"target": -17.67714192580892, "params": {"gamma": 421.86417808844226, "log10_alpha": -4.06542127448879, "log10_colsample_bytree": -0.8532202620152208, "log10_eta": -3.3058309588274364, "log10_lambda": -2.9047379459981073, "log10_min_child_weight": 1.8372313639396527, "log10_subsample": -0.8453793891036206, "max_depth": 5.0, "num_boost_round": 8.0}, "datetime": {"datetime": "2024-01-19 00:18:45", "elapsed": 415.3531, "delta": 0.001302}}
{"target": -17.67712719546266, "params": {"gamma": 421.86417808844226, "log10_alpha": -4.06542127448879, "log10_colsample_bytree": -0.8532202620152208, "log10_eta": -3.3058309588274364, "log10_lambda": -2.9047379459981073, "log10_min_child_weight": 1.8372313639396527, "log10_subsample": -0.8453793891036206, "max_depth": 5.0, "num_boost_round": 9.0}, "datetime": {"datetime": "2024-01-19 00:18:45", "elapsed": 415.354554, "delta": 0.001454}}
{"target": -17.677089953861376, "params": {"gamma": 421.86417808844226, "log10_alpha": -4.06542127448879, "log10_colsample_bytree": -0.8532202620152208, "log10_eta": -3.3058309588274364, "log10_lambda": -2.9047379459981073, "log10_min_child_weight": 1.8372313639396527, "log10_subsample": -0.8453793891036206, "max_depth": 5.0, "num_boost_round": 10.0}, "datetime": {"datetime": "2024-01-19 00:18:45", "elapsed": 415.3559, "delta": 0.001346}}
{"target": -17.677071969067004, "params": {"gamma": 421.86417808844226, "log10_alpha": -4.06542127448879, "log10_colsample_bytree": -0.8532202620152208, "log10_eta": -3.3058309588274364, "log10_lambda": -2.9047379459981073, "log10_min_child_weight": 1.8372313639396527, "log10_subsample": -0.8453793891036206, "max_depth": 5.0, "num_boost_round": 11.0}, "datetime": {"datetime": "2024-01-19 00:18:45", "elapsed": 415.357226, "delta": 0.001326}}
{"target": -17.677052689247645, "params": {"gamma": 421.86417808844226, "log10_alpha": -4.06542127448879, "log10_colsample_bytree": -0.8532202620152208, "log10_eta": -3.3058309588274364, "log10_lambda": -2.9047379459981073, "log10_min_child_weight": 1.8372313639396527, "log10_subsample": -0.8453793891036206, "max_depth": 5.0, "num_boost_round": 12.0}, "datetime": {"datetime": "2024-01-19 00:18:45", "elapsed": 415.358535, "delta": 0.001309}}
{"target": -17.67702743540089, "params": {"gamma": 421.86417808844226, "log10_alpha": -4.06542127448879, "log10_colsample_bytree": -0.8532202620152208, "log10_eta": -3.3058309588274364, "log10_lambda": -2.9047379459981073, "log10_min_child_weight": 1.8372313639396527, "log10_subsample": -0.8453793891036206, "max_depth": 5.0, "num_boost_round": 13.0}, "datetime": {"datetime": "2024-01-19 00:18:45", "elapsed": 415.359827, "delta": 0.001292}}
{"target": -17.67703043837253, "params": {"gamma": 421.86417808844226, "log10_alpha": -4.06542127448879, "log10_colsample_bytree": -0.8532202620152208, "log10_eta": -3.3058309588274364, "log10_lambda": -2.9047379459981073, "log10_min_child_weight": 1.8372313639396527, "log10_subsample": -0.8453793891036206, "max_depth": 5.0, "num_boost_round": 14.0}, "datetime": {"datetime": "2024-01-19 00:18:45", "elapsed": 415.361117, "delta": 0.00129}}
{"target": -17.676996342925797, "params": {"gamma": 421.86417808844226, "log10_alpha": -4.06542127448879, "log10_colsample_bytree": -0.8532202620152208, "log10_eta": -3.3058309588274364, "log10_lambda": -2.9047379459981073, "log10_min_child_weight": 1.8372313639396527, "log10_subsample": -0.8453793891036206, "max_depth": 5.0, "num_boost_round": 15.0}, "datetime": {"datetime": "2024-01-19 00:18:45", "elapsed": 415.362401, "delta": 0.001284}}
{"target": -17.676995472414735, "params": {"gamma": 421.86417808844226, "log10_alpha": -4.06542127448879, "log10_colsample_bytree": -0.8532202620152208, "log10_eta": -3.3058309588274364, "log10_lambda": -2.9047379459981073, "log10_min_child_weight": 1.8372313639396527, "log10_subsample": -0.8453793891036206, "max_depth": 5.0, "num_boost_round": 16.0}, "datetime": {"datetime": "2024-01-19 00:18:45", "elapsed": 415.363698, "delta": 0.001297}}
{"target": -17.676968344905244, "params": {"gamma": 421.86417808844226, "log10_alpha": -4.06542127448879, "log10_colsample_bytree": -0.8532202620152208, "log10_eta": -3.3058309588274364, "log10_lambda": -2.9047379459981073, "log10_min_child_weight": 1.8372313639396527, "log10_subsample": -0.8453793891036206, "max_depth": 5.0, "num_boost_round": 17.0}, "datetime": {"datetime": "2024-01-19 00:18:45", "elapsed": 415.364979, "delta": 0.001281}}
{"target": -17.67695247414111, "params": {"gamma": 421.86417808844226, "log10_alpha": -4.06542127448879, "log10_colsample_bytree": -0.8532202620152208, "log10_eta": -3.3058309588274364, "log10_lambda": -2.9047379459981073, "log10_min_child_weight": 1.8372313639396527, "log10_subsample": -0.8453793891036206, "max_depth": 5.0, "num_boost_round": 18.0}, "datetime": {"datetime": "2024-01-19 00:18:45", "elapsed": 415.366268, "delta": 0.001289}}
{"target": -17.676942990312547, "params": {"gamma": 421.86417808844226, "log10_alpha": -4.06542127448879, "log10_colsample_bytree": -0.8532202620152208, "log10_eta": -3.3058309588274364, "log10_lambda": -2.9047379459981073, "log10_min_child_weight": 1.8372313639396527, "log10_subsample": -0.8453793891036206, "max_depth": 5.0, "num_boost_round": 19.0}, "datetime": {"datetime": "2024-01-19 00:18:45", "elapsed": 415.367558, "delta": 0.00129}}
{"target": -17.676927880067534, "params": {"gamma": 421.86417808844226, "log10_alpha": -4.06542127448879, "log10_colsample_bytree": -0.8532202620152208, "log10_eta": -3.3058309588274364, "log10_lambda": -2.9047379459981073, "log10_min_child_weight": 1.8372313639396527, "log10_subsample": -0.8453793891036206, "max_depth": 5.0, "num_boost_round": 20.0}, "datetime": {"datetime": "2024-01-19 00:18:45", "elapsed": 415.36886, "delta": 0.001302}}
{"target": -17.67687688590251, "params": {"gamma": 421.86417808844226, "log10_alpha": -4.06542127448879, "log10_colsample_bytree": -0.8532202620152208, "log10_eta": -3.3058309588274364, "log10_lambda": -2.9047379459981073, "log10_min_child_weight": 1.8372313639396527, "log10_subsample": -0.8453793891036206, "max_depth": 5.0, "num_boost_round": 21.0}, "datetime": {"datetime": "2024-01-19 00:18:45", "elapsed": 415.370154, "delta": 0.001294}}
{"target": -17.676843503483987, "params": {"gamma": 421.86417808844226, "log10_alpha": -4.06542127448879, "log10_colsample_bytree": -0.8532202620152208, "log10_eta": -3.3058309588274364, "log10_lambda": -2.9047379459981073, "log10_min_child_weight": 1.8372313639396527, "log10_subsample": -0.8453793891036206, "max_depth": 5.0, "num_boost_round": 22.0}, "datetime": {"datetime": "2024-01-19 00:18:45", "elapsed": 415.371457, "delta": 0.001303}}
{"target": -17.67681200689861, "params": {"gamma": 421.86417808844226, "log10_alpha": -4.06542127448879, "log10_colsample_bytree": -0.8532202620152208, "log10_eta": -3.3058309588274364, "log10_lambda": -2.9047379459981073, "log10_min_child_weight": 1.8372313639396527, "log10_subsample": -0.8453793891036206, "max_depth": 5.0, "num_boost_round": 23.0}, "datetime": {"datetime": "2024-01-19 00:18:45", "elapsed": 415.373095, "delta": 0.001638}}
{"target": -17.676813378816792, "params": {"gamma": 421.86417808844226, "log10_alpha": -4.06542127448879, "log10_colsample_bytree": -0.8532202620152208, "log10_eta": -3.3058309588274364, "log10_lambda": -2.9047379459981073, "log10_min_child_weight": 1.8372313639396527, "log10_subsample": -0.8453793891036206, "max_depth": 5.0, "num_boost_round": 24.0}, "datetime": {"datetime": "2024-01-19 00:18:45", "elapsed": 415.374557, "delta": 0.001462}}
{"target": -17.67677723709993, "params": {"gamma": 421.86417808844226, "log10_alpha": -4.06542127448879, "log10_colsample_bytree": -0.8532202620152208, "log10_eta": -3.3058309588274364, "log10_lambda": -2.9047379459981073, "log10_min_child_weight": 1.8372313639396527, "log10_subsample": -0.8453793891036206, "max_depth": 5.0, "num_boost_round": 25.0}, "datetime": {"datetime": "2024-01-19 00:18:45", "elapsed": 415.375968, "delta": 0.001411}}
{"target": -17.67678601213211, "params": {"gamma": 421.86417808844226, "log10_alpha": -4.06542127448879, "log10_colsample_bytree": -0.8532202620152208, "log10_eta": -3.3058309588274364, "log10_lambda": -2.9047379459981073, "log10_min_child_weight": 1.8372313639396527, "log10_subsample": -0.8453793891036206, "max_depth": 5.0, "num_boost_round": 26.0}, "datetime": {"datetime": "2024-01-19 00:18:45", "elapsed": 415.377263, "delta": 0.001295}}
{"target": -17.6767552489429, "params": {"gamma": 421.86417808844226, "log10_alpha": -4.06542127448879, "log10_colsample_bytree": -0.8532202620152208, "log10_eta": -3.3058309588274364, "log10_lambda": -2.9047379459981073, "log10_min_child_weight": 1.8372313639396527, "log10_subsample": -0.8453793891036206, "max_depth": 5.0, "num_boost_round": 27.0}, "datetime": {"datetime": "2024-01-19 00:18:45", "elapsed": 415.378544, "delta": 0.001281}}
{"target": -17.67674414986457, "params": {"gamma": 421.86417808844226, "log10_alpha": -4.06542127448879, "log10_colsample_bytree": -0.8532202620152208, "log10_eta": -3.3058309588274364, "log10_lambda": -2.9047379459981073, "log10_min_child_weight": 1.8372313639396527, "log10_subsample": -0.8453793891036206, "max_depth": 5.0, "num_boost_round": 28.0}, "datetime": {"datetime": "2024-01-19 00:18:45", "elapsed": 415.379872, "delta": 0.001328}}
{"target": -17.67672478090357, "params": {"gamma": 421.86417808844226, "log10_alpha": -4.06542127448879, "log10_colsample_bytree": -0.8532202620152208, "log10_eta": -3.3058309588274364, "log10_lambda": -2.9047379459981073, "log10_min_child_weight": 1.8372313639396527, "log10_subsample": -0.8453793891036206, "max_depth": 5.0, "num_boost_round": 29.0}, "datetime": {"datetime": "2024-01-19 00:18:45", "elapsed": 415.38123, "delta": 0.001358}}
{"target": -17.67672167301502, "params": {"gamma": 421.86417808844226, "log10_alpha": -4.06542127448879, "log10_colsample_bytree": -0.8532202620152208, "log10_eta": -3.3058309588274364, "log10_lambda": -2.9047379459981073, "log10_min_child_weight": 1.8372313639396527, "log10_subsample": -0.8453793891036206, "max_depth": 5.0, "num_boost_round": 30.0}, "datetime": {"datetime": "2024-01-19 00:18:45", "elapsed": 415.382596, "delta": 0.001366}}
{"target": -17.676709340251502, "params": {"gamma": 421.86417808844226, "log10_alpha": -4.06542127448879, "log10_colsample_bytree": -0.8532202620152208, "log10_eta": -3.3058309588274364, "log10_lambda": -2.9047379459981073, "log10_min_child_weight": 1.8372313639396527, "log10_subsample": -0.8453793891036206, "max_depth": 5.0, "num_boost_round": 31.0}, "datetime": {"datetime": "2024-01-19 00:18:45", "elapsed": 415.383923, "delta": 0.001327}}
{"target": -17.676675416742732, "params": {"gamma": 421.86417808844226, "log10_alpha": -4.06542127448879, "log10_colsample_bytree": -0.8532202620152208, "log10_eta": -3.3058309588274364, "log10_lambda": -2.9047379459981073, "log10_min_child_weight": 1.8372313639396527, "log10_subsample": -0.8453793891036206, "max_depth": 5.0, "num_boost_round": 32.0}, "datetime": {"datetime": "2024-01-19 00:18:45", "elapsed": 415.385244, "delta": 0.001321}}
{"target": -17.676649354980203, "params": {"gamma": 421.86417808844226, "log10_alpha": -4.06542127448879, "log10_colsample_bytree": -0.8532202620152208, "log10_eta": -3.3058309588274364, "log10_lambda": -2.9047379459981073, "log10_min_child_weight": 1.8372313639396527, "log10_subsample": -0.8453793891036206, "max_depth": 5.0, "num_boost_round": 33.0}, "datetime": {"datetime": "2024-01-19 00:18:45", "elapsed": 415.386576, "delta": 0.001332}}
{"target": -17.676602439891944, "params": {"gamma": 421.86417808844226, "log10_alpha": -4.06542127448879, "log10_colsample_bytree": -0.8532202620152208, "log10_eta": -3.3058309588274364, "log10_lambda": -2.9047379459981073, "log10_min_child_weight": 1.8372313639396527, "log10_subsample": -0.8453793891036206, "max_depth": 5.0, "num_boost_round": 34.0}, "datetime": {"datetime": "2024-01-19 00:18:45", "elapsed": 415.387911, "delta": 0.001335}}
{"target": -17.676585842473987, "params": {"gamma": 421.86417808844226, "log10_alpha": -4.06542127448879, "log10_colsample_bytree": -0.8532202620152208, "log10_eta": -3.3058309588274364, "log10_lambda": -2.9047379459981073, "log10_min_child_weight": 1.8372313639396527, "log10_subsample": -0.8453793891036206, "max_depth": 5.0, "num_boost_round": 35.0}, "datetime": {"datetime": "2024-01-19 00:18:45", "elapsed": 415.389246, "delta": 0.001335}}
{"target": -17.676580412924853, "params": {"gamma": 421.86417808844226, "log10_alpha": -4.06542127448879, "log10_colsample_bytree": -0.8532202620152208, "log10_eta": -3.3058309588274364, "log10_lambda": -2.9047379459981073, "log10_min_child_weight": 1.8372313639396527, "log10_subsample": -0.8453793891036206, "max_depth": 5.0, "num_boost_round": 36.0}, "datetime": {"datetime": "2024-01-19 00:18:45", "elapsed": 415.390569, "delta": 0.001323}}
{"target": -17.676558066803935, "params": {"gamma": 421.86417808844226, "log10_alpha": -4.06542127448879, "log10_colsample_bytree": -0.8532202620152208, "log10_eta": -3.3058309588274364, "log10_lambda": -2.9047379459981073, "log10_min_child_weight": 1.8372313639396527, "log10_subsample": -0.8453793891036206, "max_depth": 5.0, "num_boost_round": 37.0}, "datetime": {"datetime": "2024-01-19 00:18:45", "elapsed": 415.391914, "delta": 0.001345}}
{"target": -17.67654469702582, "params": {"gamma": 421.86417808844226, "log10_alpha": -4.06542127448879, "log10_colsample_bytree": -0.8532202620152208, "log10_eta": -3.3058309588274364, "log10_lambda": -2.9047379459981073, "log10_min_child_weight": 1.8372313639396527, "log10_subsample": -0.8453793891036206, "max_depth": 5.0, "num_boost_round": 38.0}, "datetime": {"datetime": "2024-01-19 00:18:45", "elapsed": 415.393231, "delta": 0.001317}}
{"target": -17.676529925214183, "params": {"gamma": 421.86417808844226, "log10_alpha": -4.06542127448879, "log10_colsample_bytree": -0.8532202620152208, "log10_eta": -3.3058309588274364, "log10_lambda": -2.9047379459981073, "log10_min_child_weight": 1.8372313639396527, "log10_subsample": -0.8453793891036206, "max_depth": 5.0, "num_boost_round": 39.0}, "datetime": {"datetime": "2024-01-19 00:18:45", "elapsed": 415.394554, "delta": 0.001323}}
