{"target": -17.677207735277584, "params": {"gamma": 739.8637254728095, "log10_alpha": -1.987061052419068, "log10_colsample_bytree": -0.4304494930573599, "log10_eta": -3.612798953758088, "log10_lambda": 0.954384810519584, "log10_min_child_weight": 0.733358786760625, "log10_subsample": -0.17188676286230276, "max_depth": 4.0, "num_boost_round": 1.0}, "datetime": {"datetime": "2024-01-19 00:19:24", "elapsed": 469.267134, "delta": 0.000708}}
{"target": -17.677197269022663, "params": {"gamma": 739.8637254728095, "log10_alpha": -1.987061052419068, "log10_colsample_bytree": -0.4304494930573599, "log10_eta": -3.612798953758088, "log10_lambda": 0.954384810519584, "log10_min_child_weight": 0.733358786760625, "log10_subsample": -0.17188676286230276, "max_depth": 4.0, "num_boost_round": 2.0}, "datetime": {"datetime": "2024-01-19 00:19:24", "elapsed": 469.267711, "delta": 0.000577}}
{"target": -17.67720024299177, "params": {"gamma": 739.8637254728095, "log10_alpha": -1.987061052419068, "log10_colsample_bytree": -0.4304494930573599, "log10_eta": -3.612798953758088, "log10_lambda": 0.954384810519584, "log10_min_child_weight": 0.733358786760625, "log10_subsample": -0.17188676286230276, "max_depth": 4.0, "num_boost_round": 3.0}, "datetime": {"datetime": "2024-01-19 00:19:24", "elapsed": 469.271943, "delta": 0.004232}}
{"target": -17.677186548792346, "params": {"gamma": 739.8637254728095, "log10_alpha": -1.987061052419068, "log10_colsample_bytree": -0.4304494930573599, "log10_eta": -3.612798953758088, "log10_lambda": 0.954384810519584, "log10_min_child_weight": 0.733358786760625, "log10_subsample": -0.17188676286230276, "max_depth": 4.0, "num_boost_round": 4.0}, "datetime": {"datetime": "2024-01-19 00:19:24", "elapsed": 469.272529, "delta": 0.000586}}
{"target": -17.677179176016363, "params": {"gamma": 739.8637254728095, "log10_alpha": -1.987061052419068, "log10_colsample_bytree": -0.4304494930573599, "log10_eta": -3.612798953758088, "log10_lambda": 0.954384810519584, "log10_min_child_weight": 0.733358786760625, "log10_subsample": -0.17188676286230276, "max_depth": 4.0, "num_boost_round": 5.0}, "datetime": {"datetime": "2024-01-19 00:19:24", "elapsed": 469.273088, "delta": 0.000559}}
{"target": -17.67717190805348, "params": {"gamma": 739.8637254728095, "log10_alpha": -1.987061052419068, "log10_colsample_bytree": -0.4304494930573599, "log10_eta": -3.612798953758088, "log10_lambda": 0.954384810519584, "log10_min_child_weight": 0.733358786760625, "log10_subsample": -0.17188676286230276, "max_depth": 4.0, "num_boost_round": 6.0}, "datetime": {"datetime": "2024-01-19 00:19:24", "elapsed": 469.273724, "delta": 0.000636}}
{"target": -17.677164248637975, "params": {"gamma": 739.8637254728095, "log10_alpha": -1.987061052419068, "log10_colsample_bytree": -0.4304494930573599, "log10_eta": -3.612798953758088, "log10_lambda": 0.954384810519584, "log10_min_child_weight": 0.733358786760625, "log10_subsample": -0.17188676286230276, "max_depth": 4.0, "num_boost_round": 7.0}, "datetime": {"datetime": "2024-01-19 00:19:24", "elapsed": 469.274477, "delta": 0.000753}}
{"target": -17.677159237613733, "params": {"gamma": 739.8637254728095, "log10_alpha": -1.987061052419068, "log10_colsample_bytree": -0.4304494930573599, "log10_eta": -3.612798953758088, "log10_lambda": 0.954384810519584, "log10_min_child_weight": 0.733358786760625, "log10_subsample": -0.17188676286230276, "max_depth": 4.0, "num_boost_round": 8.0}, "datetime": {"datetime": "2024-01-19 00:19:24", "elapsed": 469.27518, "delta": 0.000703}}
{"target": -17.677151009055763, "params": {"gamma": 739.8637254728095, "log10_alpha": -1.987061052419068, "log10_colsample_bytree": -0.4304494930573599, "log10_eta": -3.612798953758088, "log10_lambda": 0.954384810519584, "log10_min_child_weight": 0.733358786760625, "log10_subsample": -0.17188676286230276, "max_depth": 4.0, "num_boost_round": 9.0}, "datetime": {"datetime": "2024-01-19 00:19:24", "elapsed": 469.275821, "delta": 0.000641}}
{"target": -17.67713987685813, "params": {"gamma": 739.8637254728095, "log10_alpha": -1.987061052419068, "log10_colsample_bytree": -0.4304494930573599, "log10_eta": -3.612798953758088, "log10_lambda": 0.954384810519584, "log10_min_child_weight": 0.733358786760625, "log10_subsample": -0.17188676286230276, "max_depth": 4.0, "num_boost_round": 10.0}, "datetime": {"datetime": "2024-01-19 00:19:24", "elapsed": 469.276385, "delta": 0.000564}}
{"target": -17.677126490623824, "params": {"gamma": 739.8637254728095, "log10_alpha": -1.987061052419068, "log10_colsample_bytree": -0.4304494930573599, "log10_eta": -3.612798953758088, "log10_lambda": 0.954384810519584, "log10_min_child_weight": 0.733358786760625, "log10_subsample": -0.17188676286230276, "max_depth": 4.0, "num_boost_round": 11.0}, "datetime": {"datetime": "2024-01-19 00:19:24", "elapsed": 469.276944, "delta": 0.000559}}
{"target": -17.67711155770751, "params": {"gamma": 739.8637254728095, "log10_alpha": -1.987061052419068, "log10_colsample_bytree": -0.4304494930573599, "log10_eta": -3.612798953758088, "log10_lambda": 0.954384810519584, "log10_min_child_weight": 0.733358786760625, "log10_subsample": -0.17188676286230276, "max_depth": 4.0, "num_boost_round": 12.0}, "datetime": {"datetime": "2024-01-19 00:19:24", "elapsed": 469.277509, "delta": 0.000565}}
{"target": -17.677107702178112, "params": {"gamma": 739.8637254728095, "log10_alpha": -1.987061052419068, "log10_colsample_bytree": -0.4304494930573599, "log10_eta": -3.612798953758088, "log10_lambda": 0.954384810519584, "log10_min_child_weight": 0.733358786760625, "log10_subsample": -0.17188676286230276, "max_depth": 4.0, "num_boost_round": 13.0}, "datetime": {"datetime": "2024-01-19 00:19:24", "elapsed": 469.278075, "delta": 0.000566}}
{"target": -17.677231979333317, "params": {"gamma": 755.7344015398103, "log10_alpha": 0.7019603450428793, "log10_colsample_bytree": -0.7474295276810957, "log10_eta": -3.900647794897138, "log10_lambda": 0.1644691238864846, "log10_min_child_weight": 4.889727633883557, "log10_subsample": -0.2980085649320078, "max_depth": 7.0, "num_boost_round": 0.0}, "datetime": {"datetime": "2024-01-19 00:19:47", "elapsed": 491.669004, "delta": 22.390929}}
{"target": -17.67723114042322, "params": {"gamma": 755.7344015398103, "log10_alpha": 0.7019603450428793, "log10_colsample_bytree": -0.7474295276810957, "log10_eta": -3.900647794897138, "log10_lambda": 0.1644691238864846, "log10_min_child_weight": 4.889727633883557, "log10_subsample": -0.2980085649320078, "max_depth": 7.0, "num_boost_round": 1.0}, "datetime": {"datetime": "2024-01-19 00:19:47", "elapsed": 491.669743, "delta": 0.000739}}
{"target": -17.677231088441307, "params": {"gamma": 755.7344015398103, "log10_alpha": 0.7019603450428793, "log10_colsample_bytree": -0.7474295276810957, "log10_eta": -3.900647794897138, "log10_lambda": 0.1644691238864846, "log10_min_child_weight": 4.889727633883557, "log10_subsample": -0.2980085649320078, "max_depth": 7.0, "num_boost_round": 2.0}, "datetime": {"datetime": "2024-01-19 00:19:47", "elapsed": 491.670334, "delta": 0.000591}}
{"target": -17.677229946268362, "params": {"gamma": 755.7344015398103, "log10_alpha": 0.7019603450428793, "log10_colsample_bytree": -0.7474295276810957, "log10_eta": -3.900647794897138, "log10_lambda": 0.1644691238864846, "log10_min_child_weight": 4.889727633883557, "log10_subsample": -0.2980085649320078, "max_depth": 7.0, "num_boost_round": 3.0}, "datetime": {"datetime": "2024-01-19 00:19:47", "elapsed": 491.670931, "delta": 0.000597}}
{"target": -17.677229166172364, "params": {"gamma": 755.7344015398103, "log10_alpha": 0.7019603450428793, "log10_colsample_bytree": -0.7474295276810957, "log10_eta": -3.900647794897138, "log10_lambda": 0.1644691238864846, "log10_min_child_weight": 4.889727633883557, "log10_subsample": -0.2980085649320078, "max_depth": 7.0, "num_boost_round": 4.0}, "datetime": {"datetime": "2024-01-19 00:19:47", "elapsed": 491.671511, "delta": 0.00058}}
{"target": -17.677228514043964, "params": {"gamma": 755.7344015398103, "log10_alpha": 0.7019603450428793, "log10_colsample_bytree": -0.7474295276810957, "log10_eta": -3.900647794897138, "log10_lambda": 0.1644691238864846, "log10_min_child_weight": 4.889727633883557, "log10_subsample": -0.2980085649320078, "max_depth": 7.0, "num_boost_round": 5.0}, "datetime": {"datetime": "2024-01-19 00:19:47", "elapsed": 491.6721, "delta": 0.000589}}
{"target": -17.677229281932508, "params": {"gamma": 755.7344015398103, "log10_alpha": 0.7019603450428793, "log10_colsample_bytree": -0.7474295276810957, "log10_eta": -3.900647794897138, "log10_lambda": 0.1644691238864846, "log10_min_child_weight": 4.889727633883557, "log10_subsample": -0.2980085649320078, "max_depth": 7.0, "num_boost_round": 6.0}, "datetime": {"datetime": "2024-01-19 00:19:47", "elapsed": 491.672682, "delta": 0.000582}}
{"target": -17.677228046917183, "params": {"gamma": 755.7344015398103, "log10_alpha": 0.7019603450428793, "log10_colsample_bytree": -0.7474295276810957, "log10_eta": -3.900647794897138, "log10_lambda": 0.1644691238864846, "log10_min_child_weight": 4.889727633883557, "log10_subsample": -0.2980085649320078, "max_depth": 7.0, "num_boost_round": 7.0}, "datetime": {"datetime": "2024-01-19 00:19:47", "elapsed": 491.673264, "delta": 0.000582}}
{"target": -17.67722681336508, "params": {"gamma": 755.7344015398103, "log10_alpha": 0.7019603450428793, "log10_colsample_bytree": -0.7474295276810957, "log10_eta": -3.900647794897138, "log10_lambda": 0.1644691238864846, "log10_min_child_weight": 4.889727633883557, "log10_subsample": -0.2980085649320078, "max_depth": 7.0, "num_boost_round": 8.0}, "datetime": {"datetime": "2024-01-19 00:19:47", "elapsed": 491.673847, "delta": 0.000583}}
{"target": -17.677225855434404, "params": {"gamma": 755.7344015398103, "log10_alpha": 0.7019603450428793, "log10_colsample_bytree": -0.7474295276810957, "log10_eta": -3.900647794897138, "log10_lambda": 0.1644691238864846, "log10_min_child_weight": 4.889727633883557, "log10_subsample": -0.2980085649320078, "max_depth": 7.0, "num_boost_round": 9.0}, "datetime": {"datetime": "2024-01-19 00:19:47", "elapsed": 491.674428, "delta": 0.000581}}
{"target": -17.677226173707265, "params": {"gamma": 755.7344015398103, "log10_alpha": 0.7019603450428793, "log10_colsample_bytree": -0.7474295276810957, "log10_eta": -3.900647794897138, "log10_lambda": 0.1644691238864846, "log10_min_child_weight": 4.889727633883557, "log10_subsample": -0.2980085649320078, "max_depth": 7.0, "num_boost_round": 10.0}, "datetime": {"datetime": "2024-01-19 00:19:47", "elapsed": 491.675013, "delta": 0.000585}}
{"target": -17.677224620206985, "params": {"gamma": 755.7344015398103, "log10_alpha": 0.7019603450428793, "log10_colsample_bytree": -0.7474295276810957, "log10_eta": -3.900647794897138, "log10_lambda": 0.1644691238864846, "log10_min_child_weight": 4.889727633883557, "log10_subsample": -0.2980085649320078, "max_depth": 7.0, "num_boost_round": 11.0}, "datetime": {"datetime": "2024-01-19 00:19:47", "elapsed": 491.675603, "delta": 0.00059}}
{"target": -17.677223882616676, "params": {"gamma": 755.7344015398103, "log10_alpha": 0.7019603450428793, "log10_colsample_bytree": -0.7474295276810957, "log10_eta": -3.900647794897138, "log10_lambda": 0.1644691238864846, "log10_min_child_weight": 4.889727633883557, "log10_subsample": -0.2980085649320078, "max_depth": 7.0, "num_boost_round": 12.0}, "datetime": {"datetime": "2024-01-19 00:19:47", "elapsed": 491.676185, "delta": 0.000582}}
{"target": -17.67722414463728, "params": {"gamma": 755.7344015398103, "log10_alpha": 0.7019603450428793, "log10_colsample_bytree": -0.7474295276810957, "log10_eta": -3.900647794897138, "log10_lambda": 0.1644691238864846, "log10_min_child_weight": 4.889727633883557, "log10_subsample": -0.2980085649320078, "max_depth": 7.0, "num_boost_round": 13.0}, "datetime": {"datetime": "2024-01-19 00:19:47", "elapsed": 491.676776, "delta": 0.000591}}
{"target": -17.67982049536609, "params": {"gamma": 741.3656327603989, "log10_alpha": -3.3835662810891654, "log10_colsample_bytree": -0.13906065281581348, "log10_eta": -0.31906881149254973, "log10_lambda": -2.3770677829178224, "log10_min_child_weight": 3.9927912248692095, "log10_subsample": -0.013769031807236876, "max_depth": 2.0, "num_boost_round": 0.0}, "datetime": {"datetime": "2024-01-19 00:20:09", "elapsed": 514.355367, "delta": 22.678591}}
{"target": -17.687041903815427, "params": {"gamma": 741.3656327603989, "log10_alpha": -3.3835662810891654, "log10_colsample_bytree": -0.13906065281581348, "log10_eta": -0.31906881149254973, "log10_lambda": -2.3770677829178224, "log10_min_child_weight": 3.9927912248692095, "log10_subsample": -0.013769031807236876, "max_depth": 2.0, "num_boost_round": 1.0}, "datetime": {"datetime": "2024-01-19 00:20:09", "elapsed": 514.356684, "delta": 0.001317}}
{"target": -17.691826456611565, "params": {"gamma": 741.3656327603989, "log10_alpha": -3.3835662810891654, "log10_colsample_bytree": -0.13906065281581348, "log10_eta": -0.31906881149254973, "log10_lambda": -2.3770677829178224, "log10_min_child_weight": 3.9927912248692095, "log10_subsample": -0.013769031807236876, "max_depth": 2.0, "num_boost_round": 2.0}, "datetime": {"datetime": "2024-01-19 00:20:09", "elapsed": 514.357304, "delta": 0.00062}}
{"target": -17.693026391992326, "params": {"gamma": 741.3656327603989, "log10_alpha": -3.3835662810891654, "log10_colsample_bytree": -0.13906065281581348, "log10_eta": -0.31906881149254973, "log10_lambda": -2.3770677829178224, "log10_min_child_weight": 3.9927912248692095, "log10_subsample": -0.013769031807236876, "max_depth": 2.0, "num_boost_round": 3.0}, "datetime": {"datetime": "2024-01-19 00:20:09", "elapsed": 514.357918, "delta": 0.000614}}
{"target": -17.696880305269943, "params": {"gamma": 741.3656327603989, "log10_alpha": -3.3835662810891654, "log10_colsample_bytree": -0.13906065281581348, "log10_eta": -0.31906881149254973, "log10_lambda": -2.3770677829178224, "log10_min_child_weight": 3.9927912248692095, "log10_subsample": -0.013769031807236876, "max_depth": 2.0, "num_boost_round": 4.0}, "datetime": {"datetime": "2024-01-19 00:20:09", "elapsed": 514.358518, "delta": 0.0006}}
{"target": -17.700233522533352, "params": {"gamma": 741.3656327603989, "log10_alpha": -3.3835662810891654, "log10_colsample_bytree": -0.13906065281581348, "log10_eta": -0.31906881149254973, "log10_lambda": -2.3770677829178224, "log10_min_child_weight": 3.9927912248692095, "log10_subsample": -0.013769031807236876, "max_depth": 2.0, "num_boost_round": 5.0}, "datetime": {"datetime": "2024-01-19 00:20:09", "elapsed": 514.35912, "delta": 0.000602}}
{"target": -17.70003667211253, "params": {"gamma": 741.3656327603989, "log10_alpha": -3.3835662810891654, "log10_colsample_bytree": -0.13906065281581348, "log10_eta": -0.31906881149254973, "log10_lambda": -2.3770677829178224, "log10_min_child_weight": 3.9927912248692095, "log10_subsample": -0.013769031807236876, "max_depth": 2.0, "num_boost_round": 6.0}, "datetime": {"datetime": "2024-01-19 00:20:09", "elapsed": 514.35972, "delta": 0.0006}}
{"target": -17.69668189197695, "params": {"gamma": 741.3656327603989, "log10_alpha": -3.3835662810891654, "log10_colsample_bytree": -0.13906065281581348, "log10_eta": -0.31906881149254973, "log10_lambda": -2.3770677829178224, "log10_min_child_weight": 3.9927912248692095, "log10_subsample": -0.013769031807236876, "max_depth": 2.0, "num_boost_round": 7.0}, "datetime": {"datetime": "2024-01-19 00:20:09", "elapsed": 514.36032, "delta": 0.0006}}
{"target": -17.698690632630164, "params": {"gamma": 741.3656327603989, "log10_alpha": -3.3835662810891654, "log10_colsample_bytree": -0.13906065281581348, "log10_eta": -0.31906881149254973, "log10_lambda": -2.3770677829178224, "log10_min_child_weight": 3.9927912248692095, "log10_subsample": -0.013769031807236876, "max_depth": 2.0, "num_boost_round": 8.0}, "datetime": {"datetime": "2024-01-19 00:20:09", "elapsed": 514.361035, "delta": 0.000715}}
{"target": -17.705660428429706, "params": {"gamma": 741.3656327603989, "log10_alpha": -3.3835662810891654, "log10_colsample_bytree": -0.13906065281581348, "log10_eta": -0.31906881149254973, "log10_lambda": -2.3770677829178224, "log10_min_child_weight": 3.9927912248692095, "log10_subsample": -0.013769031807236876, "max_depth": 2.0, "num_boost_round": 9.0}, "datetime": {"datetime": "2024-01-19 00:20:09", "elapsed": 514.361645, "delta": 0.00061}}
{"target": -17.712305969506737, "params": {"gamma": 741.3656327603989, "log10_alpha": -3.3835662810891654, "log10_colsample_bytree": -0.13906065281581348, "log10_eta": -0.31906881149254973, "log10_lambda": -2.3770677829178224, "log10_min_child_weight": 3.9927912248692095, "log10_subsample": -0.013769031807236876, "max_depth": 2.0, "num_boost_round": 10.0}, "datetime": {"datetime": "2024-01-19 00:20:09", "elapsed": 514.362244, "delta": 0.000599}}
{"target": -17.718056065409044, "params": {"gamma": 741.3656327603989, "log10_alpha": -3.3835662810891654, "log10_colsample_bytree": -0.13906065281581348, "log10_eta": -0.31906881149254973, "log10_lambda": -2.3770677829178224, "log10_min_child_weight": 3.9927912248692095, "log10_subsample": -0.013769031807236876, "max_depth": 2.0, "num_boost_round": 11.0}, "datetime": {"datetime": "2024-01-19 00:20:09", "elapsed": 514.362847, "delta": 0.000603}}
{"target": -17.720903750413488, "params": {"gamma": 741.3656327603989, "log10_alpha": -3.3835662810891654, "log10_colsample_bytree": -0.13906065281581348, "log10_eta": -0.31906881149254973, "log10_lambda": -2.3770677829178224, "log10_min_child_weight": 3.9927912248692095, "log10_subsample": -0.013769031807236876, "max_depth": 2.0, "num_boost_round": 12.0}, "datetime": {"datetime": "2024-01-19 00:20:09", "elapsed": 514.363446, "delta": 0.000599}}
{"target": -17.731787272513905, "params": {"gamma": 741.3656327603989, "log10_alpha": -3.3835662810891654, "log10_colsample_bytree": -0.13906065281581348, "log10_eta": -0.31906881149254973, "log10_lambda": -2.3770677829178224, "log10_min_child_weight": 3.9927912248692095, "log10_subsample": -0.013769031807236876, "max_depth": 2.0, "num_boost_round": 13.0}, "datetime": {"datetime": "2024-01-19 00:20:09", "elapsed": 514.364053, "delta": 0.000607}}
{"target": -17.73770213958778, "params": {"gamma": 741.3656327603989, "log10_alpha": -3.3835662810891654, "log10_colsample_bytree": -0.13906065281581348, "log10_eta": -0.31906881149254973, "log10_lambda": -2.3770677829178224, "log10_min_child_weight": 3.9927912248692095, "log10_subsample": -0.013769031807236876, "max_depth": 2.0, "num_boost_round": 14.0}, "datetime": {"datetime": "2024-01-19 00:20:09", "elapsed": 514.364659, "delta": 0.000606}}
{"target": -17.743567895839675, "params": {"gamma": 741.3656327603989, "log10_alpha": -3.3835662810891654, "log10_colsample_bytree": -0.13906065281581348, "log10_eta": -0.31906881149254973, "log10_lambda": -2.3770677829178224, "log10_min_child_weight": 3.9927912248692095, "log10_subsample": -0.013769031807236876, "max_depth": 2.0, "num_boost_round": 15.0}, "datetime": {"datetime": "2024-01-19 00:20:09", "elapsed": 514.36529, "delta": 0.000631}}
{"target": -17.749636802619456, "params": {"gamma": 741.3656327603989, "log10_alpha": -3.3835662810891654, "log10_colsample_bytree": -0.13906065281581348, "log10_eta": -0.31906881149254973, "log10_lambda": -2.3770677829178224, "log10_min_child_weight": 3.9927912248692095, "log10_subsample": -0.013769031807236876, "max_depth": 2.0, "num_boost_round": 16.0}, "datetime": {"datetime": "2024-01-19 00:20:09", "elapsed": 514.365905, "delta": 0.000615}}
{"target": -17.7587201120151, "params": {"gamma": 741.3656327603989, "log10_alpha": -3.3835662810891654, "log10_colsample_bytree": -0.13906065281581348, "log10_eta": -0.31906881149254973, "log10_lambda": -2.3770677829178224, "log10_min_child_weight": 3.9927912248692095, "log10_subsample": -0.013769031807236876, "max_depth": 2.0, "num_boost_round": 17.0}, "datetime": {"datetime": "2024-01-19 00:20:09", "elapsed": 514.36651, "delta": 0.000605}}
{"target": -17.76056906500353, "params": {"gamma": 741.3656327603989, "log10_alpha": -3.3835662810891654, "log10_colsample_bytree": -0.13906065281581348, "log10_eta": -0.31906881149254973, "log10_lambda": -2.3770677829178224, "log10_min_child_weight": 3.9927912248692095, "log10_subsample": -0.013769031807236876, "max_depth": 2.0, "num_boost_round": 18.0}, "datetime": {"datetime": "2024-01-19 00:20:09", "elapsed": 514.367126, "delta": 0.000616}}
{"target": -17.761203992608703, "params": {"gamma": 741.3656327603989, "log10_alpha": -3.3835662810891654, "log10_colsample_bytree": -0.13906065281581348, "log10_eta": -0.31906881149254973, "log10_lambda": -2.3770677829178224, "log10_min_child_weight": 3.9927912248692095, "log10_subsample": -0.013769031807236876, "max_depth": 2.0, "num_boost_round": 19.0}, "datetime": {"datetime": "2024-01-19 00:20:09", "elapsed": 514.367753, "delta": 0.000627}}
{"target": -17.77410095469214, "params": {"gamma": 741.3656327603989, "log10_alpha": -3.3835662810891654, "log10_colsample_bytree": -0.13906065281581348, "log10_eta": -0.31906881149254973, "log10_lambda": -2.3770677829178224, "log10_min_child_weight": 3.9927912248692095, "log10_subsample": -0.013769031807236876, "max_depth": 2.0, "num_boost_round": 20.0}, "datetime": {"datetime": "2024-01-19 00:20:09", "elapsed": 514.368374, "delta": 0.000621}}
{"target": -17.677119271071025, "params": {"gamma": 737.4633945681409, "log10_alpha": -3.2370492439340675, "log10_colsample_bytree": -0.4453649838575181, "log10_eta": -1.1571293968285086, "log10_lambda": -3.304522323769814, "log10_min_child_weight": 0.06157840865705588, "log10_subsample": -0.8320230900843363, "max_depth": 7.0, "num_boost_round": 0.0}, "datetime": {"datetime": "2024-01-19 00:20:32", "elapsed": 537.001694, "delta": 22.63332}}
