{"target": -13.758500099942308, "params": {"gamma": 78.60199448291606, "log10_alpha": 0.3645996416097308, "log10_colsample_bytree": -0.1649699685536643, "log10_eta": -2.497261423053959, "log10_lambda": -3.4185778255668127, "log10_min_child_weight": 4.8623260810940225, "log10_subsample": -0.5416945922951849, "max_depth": 4.0, "num_boost_round": 2.0}, "datetime": {"datetime": "2024-01-19 02:09:09", "elapsed": 7069.639325, "delta": 0.005998}}
{"target": -13.758484658991351, "params": {"gamma": 78.60199448291606, "log10_alpha": 0.3645996416097308, "log10_colsample_bytree": -0.1649699685536643, "log10_eta": -2.497261423053959, "log10_lambda": -3.4185778255668127, "log10_min_child_weight": 4.8623260810940225, "log10_subsample": -0.5416945922951849, "max_depth": 4.0, "num_boost_round": 3.0}, "datetime": {"datetime": "2024-01-19 02:09:09", "elapsed": 7069.645456, "delta": 0.006131}}
{"target": -13.758484086945845, "params": {"gamma": 78.60199448291606, "log10_alpha": 0.3645996416097308, "log10_colsample_bytree": -0.1649699685536643, "log10_eta": -2.497261423053959, "log10_lambda": -3.4185778255668127, "log10_min_child_weight": 4.8623260810940225, "log10_subsample": -0.5416945922951849, "max_depth": 4.0, "num_boost_round": 4.0}, "datetime": {"datetime": "2024-01-19 02:09:09", "elapsed": 7069.650776, "delta": 0.00532}}
{"target": -13.758466425315389, "params": {"gamma": 78.60199448291606, "log10_alpha": 0.3645996416097308, "log10_colsample_bytree": -0.1649699685536643, "log10_eta": -2.497261423053959, "log10_lambda": -3.4185778255668127, "log10_min_child_weight": 4.8623260810940225, "log10_subsample": -0.5416945922951849, "max_depth": 4.0, "num_boost_round": 5.0}, "datetime": {"datetime": "2024-01-19 02:09:09", "elapsed": 7069.656129, "delta": 0.005353}}
{"target": -13.75845481672334, "params": {"gamma": 78.60199448291606, "log10_alpha": 0.3645996416097308, "log10_colsample_bytree": -0.1649699685536643, "log10_eta": -2.497261423053959, "log10_lambda": -3.4185778255668127, "log10_min_child_weight": 4.8623260810940225, "log10_subsample": -0.5416945922951849, "max_depth": 4.0, "num_boost_round": 6.0}, "datetime": {"datetime": "2024-01-19 02:09:09", "elapsed": 7069.661426, "delta": 0.005297}}
{"target": -13.758442309119193, "params": {"gamma": 78.60199448291606, "log10_alpha": 0.3645996416097308, "log10_colsample_bytree": -0.1649699685536643, "log10_eta": -2.497261423053959, "log10_lambda": -3.4185778255668127, "log10_min_child_weight": 4.8623260810940225, "log10_subsample": -0.5416945922951849, "max_depth": 4.0, "num_boost_round": 7.0}, "datetime": {"datetime": "2024-01-19 02:09:09", "elapsed": 7069.666658, "delta": 0.005232}}
{"target": -13.75844288238447, "params": {"gamma": 78.60199448291606, "log10_alpha": 0.3645996416097308, "log10_colsample_bytree": -0.1649699685536643, "log10_eta": -2.497261423053959, "log10_lambda": -3.4185778255668127, "log10_min_child_weight": 4.8623260810940225, "log10_subsample": -0.5416945922951849, "max_depth": 4.0, "num_boost_round": 8.0}, "datetime": {"datetime": "2024-01-19 02:09:09", "elapsed": 7069.672236, "delta": 0.005578}}
{"target": -13.758448317502248, "params": {"gamma": 78.60199448291606, "log10_alpha": 0.3645996416097308, "log10_colsample_bytree": -0.1649699685536643, "log10_eta": -2.497261423053959, "log10_lambda": -3.4185778255668127, "log10_min_child_weight": 4.8623260810940225, "log10_subsample": -0.5416945922951849, "max_depth": 4.0, "num_boost_round": 9.0}, "datetime": {"datetime": "2024-01-19 02:09:09", "elapsed": 7069.677606, "delta": 0.00537}}
{"target": -13.758436482316593, "params": {"gamma": 78.60199448291606, "log10_alpha": 0.3645996416097308, "log10_colsample_bytree": -0.1649699685536643, "log10_eta": -2.497261423053959, "log10_lambda": -3.4185778255668127, "log10_min_child_weight": 4.8623260810940225, "log10_subsample": -0.5416945922951849, "max_depth": 4.0, "num_boost_round": 10.0}, "datetime": {"datetime": "2024-01-19 02:09:09", "elapsed": 7069.682881, "delta": 0.005275}}
{"target": -13.75842799885287, "params": {"gamma": 78.60199448291606, "log10_alpha": 0.3645996416097308, "log10_colsample_bytree": -0.1649699685536643, "log10_eta": -2.497261423053959, "log10_lambda": -3.4185778255668127, "log10_min_child_weight": 4.8623260810940225, "log10_subsample": -0.5416945922951849, "max_depth": 4.0, "num_boost_round": 11.0}, "datetime": {"datetime": "2024-01-19 02:09:09", "elapsed": 7069.688052, "delta": 0.005171}}
{"target": -13.758416002145477, "params": {"gamma": 78.60199448291606, "log10_alpha": 0.3645996416097308, "log10_colsample_bytree": -0.1649699685536643, "log10_eta": -2.497261423053959, "log10_lambda": -3.4185778255668127, "log10_min_child_weight": 4.8623260810940225, "log10_subsample": -0.5416945922951849, "max_depth": 4.0, "num_boost_round": 12.0}, "datetime": {"datetime": "2024-01-19 02:09:09", "elapsed": 7069.693431, "delta": 0.005379}}
{"target": -13.75842338458443, "params": {"gamma": 78.60199448291606, "log10_alpha": 0.3645996416097308, "log10_colsample_bytree": -0.1649699685536643, "log10_eta": -2.497261423053959, "log10_lambda": -3.4185778255668127, "log10_min_child_weight": 4.8623260810940225, "log10_subsample": -0.5416945922951849, "max_depth": 4.0, "num_boost_round": 13.0}, "datetime": {"datetime": "2024-01-19 02:09:09", "elapsed": 7069.69879, "delta": 0.005359}}
{"target": -13.758433197756913, "params": {"gamma": 78.60199448291606, "log10_alpha": 0.3645996416097308, "log10_colsample_bytree": -0.1649699685536643, "log10_eta": -2.497261423053959, "log10_lambda": -3.4185778255668127, "log10_min_child_weight": 4.8623260810940225, "log10_subsample": -0.5416945922951849, "max_depth": 4.0, "num_boost_round": 14.0}, "datetime": {"datetime": "2024-01-19 02:09:09", "elapsed": 7069.704203, "delta": 0.005413}}
{"target": -13.758427296459788, "params": {"gamma": 78.60199448291606, "log10_alpha": 0.3645996416097308, "log10_colsample_bytree": -0.1649699685536643, "log10_eta": -2.497261423053959, "log10_lambda": -3.4185778255668127, "log10_min_child_weight": 4.8623260810940225, "log10_subsample": -0.5416945922951849, "max_depth": 4.0, "num_boost_round": 15.0}, "datetime": {"datetime": "2024-01-19 02:09:09", "elapsed": 7069.709307, "delta": 0.005104}}
{"target": -13.758409751728536, "params": {"gamma": 78.60199448291606, "log10_alpha": 0.3645996416097308, "log10_colsample_bytree": -0.1649699685536643, "log10_eta": -2.497261423053959, "log10_lambda": -3.4185778255668127, "log10_min_child_weight": 4.8623260810940225, "log10_subsample": -0.5416945922951849, "max_depth": 4.0, "num_boost_round": 16.0}, "datetime": {"datetime": "2024-01-19 02:09:09", "elapsed": 7069.714695, "delta": 0.005388}}
{"target": -13.758406706116114, "params": {"gamma": 78.60199448291606, "log10_alpha": 0.3645996416097308, "log10_colsample_bytree": -0.1649699685536643, "log10_eta": -2.497261423053959, "log10_lambda": -3.4185778255668127, "log10_min_child_weight": 4.8623260810940225, "log10_subsample": -0.5416945922951849, "max_depth": 4.0, "num_boost_round": 17.0}, "datetime": {"datetime": "2024-01-19 02:09:09", "elapsed": 7069.720164, "delta": 0.005469}}
{"target": -13.758406543141701, "params": {"gamma": 78.60199448291606, "log10_alpha": 0.3645996416097308, "log10_colsample_bytree": -0.1649699685536643, "log10_eta": -2.497261423053959, "log10_lambda": -3.4185778255668127, "log10_min_child_weight": 4.8623260810940225, "log10_subsample": -0.5416945922951849, "max_depth": 4.0, "num_boost_round": 18.0}, "datetime": {"datetime": "2024-01-19 02:09:09", "elapsed": 7069.725757, "delta": 0.005593}}
{"target": -13.758401017198516, "params": {"gamma": 78.60199448291606, "log10_alpha": 0.3645996416097308, "log10_colsample_bytree": -0.1649699685536643, "log10_eta": -2.497261423053959, "log10_lambda": -3.4185778255668127, "log10_min_child_weight": 4.8623260810940225, "log10_subsample": -0.5416945922951849, "max_depth": 4.0, "num_boost_round": 19.0}, "datetime": {"datetime": "2024-01-19 02:09:09", "elapsed": 7069.731056, "delta": 0.005299}}
{"target": -13.758397541749444, "params": {"gamma": 78.60199448291606, "log10_alpha": 0.3645996416097308, "log10_colsample_bytree": -0.1649699685536643, "log10_eta": -2.497261423053959, "log10_lambda": -3.4185778255668127, "log10_min_child_weight": 4.8623260810940225, "log10_subsample": -0.5416945922951849, "max_depth": 4.0, "num_boost_round": 20.0}, "datetime": {"datetime": "2024-01-19 02:09:09", "elapsed": 7069.736421, "delta": 0.005365}}
{"target": -13.758391445232881, "params": {"gamma": 78.60199448291606, "log10_alpha": 0.3645996416097308, "log10_colsample_bytree": -0.1649699685536643, "log10_eta": -2.497261423053959, "log10_lambda": -3.4185778255668127, "log10_min_child_weight": 4.8623260810940225, "log10_subsample": -0.5416945922951849, "max_depth": 4.0, "num_boost_round": 21.0}, "datetime": {"datetime": "2024-01-19 02:09:09", "elapsed": 7069.741555, "delta": 0.005134}}
{"target": -13.758374583547518, "params": {"gamma": 78.60199448291606, "log10_alpha": 0.3645996416097308, "log10_colsample_bytree": -0.1649699685536643, "log10_eta": -2.497261423053959, "log10_lambda": -3.4185778255668127, "log10_min_child_weight": 4.8623260810940225, "log10_subsample": -0.5416945922951849, "max_depth": 4.0, "num_boost_round": 22.0}, "datetime": {"datetime": "2024-01-19 02:09:09", "elapsed": 7069.746733, "delta": 0.005178}}
{"target": -13.75837419852987, "params": {"gamma": 78.60199448291606, "log10_alpha": 0.3645996416097308, "log10_colsample_bytree": -0.1649699685536643, "log10_eta": -2.497261423053959, "log10_lambda": -3.4185778255668127, "log10_min_child_weight": 4.8623260810940225, "log10_subsample": -0.5416945922951849, "max_depth": 4.0, "num_boost_round": 23.0}, "datetime": {"datetime": "2024-01-19 02:09:09", "elapsed": 7069.751997, "delta": 0.005264}}
{"target": -13.75836540559852, "params": {"gamma": 78.60199448291606, "log10_alpha": 0.3645996416097308, "log10_colsample_bytree": -0.1649699685536643, "log10_eta": -2.497261423053959, "log10_lambda": -3.4185778255668127, "log10_min_child_weight": 4.8623260810940225, "log10_subsample": -0.5416945922951849, "max_depth": 4.0, "num_boost_round": 24.0}, "datetime": {"datetime": "2024-01-19 02:09:09", "elapsed": 7069.757346, "delta": 0.005349}}
{"target": -13.758538325887647, "params": {"gamma": 894.1535486789815, "log10_alpha": -5.0, "log10_colsample_bytree": -1.0, "log10_eta": -4.0, "log10_lambda": -4.421907280957749, "log10_min_child_weight": 5.0, "log10_subsample": -1.0, "max_depth": 8.0, "num_boost_round": 0.0}, "datetime": {"datetime": "2024-01-19 02:10:17", "elapsed": 7137.45014, "delta": 67.692794}}
{"target": -13.758538335815624, "params": {"gamma": 894.1535486789815, "log10_alpha": -5.0, "log10_colsample_bytree": -1.0, "log10_eta": -4.0, "log10_lambda": -4.421907280957749, "log10_min_child_weight": 5.0, "log10_subsample": -1.0, "max_depth": 8.0, "num_boost_round": 1.0}, "datetime": {"datetime": "2024-01-19 02:10:17", "elapsed": 7137.456663, "delta": 0.006523}}
{"target": -13.758538315394045, "params": {"gamma": 894.1535486789815, "log10_alpha": -5.0, "log10_colsample_bytree": -1.0, "log10_eta": -4.0, "log10_lambda": -4.421907280957749, "log10_min_child_weight": 5.0, "log10_subsample": -1.0, "max_depth": 8.0, "num_boost_round": 2.0}, "datetime": {"datetime": "2024-01-19 02:10:17", "elapsed": 7137.461993, "delta": 0.00533}}
{"target": -13.75853832347223, "params": {"gamma": 894.1535486789815, "log10_alpha": -5.0, "log10_colsample_bytree": -1.0, "log10_eta": -4.0, "log10_lambda": -4.421907280957749, "log10_min_child_weight": 5.0, "log10_subsample": -1.0, "max_depth": 8.0, "num_boost_round": 3.0}, "datetime": {"datetime": "2024-01-19 02:10:17", "elapsed": 7137.46721, "delta": 0.005217}}
{"target": -13.758538345730935, "params": {"gamma": 894.1535486789815, "log10_alpha": -5.0, "log10_colsample_bytree": -1.0, "log10_eta": -4.0, "log10_lambda": -4.421907280957749, "log10_min_child_weight": 5.0, "log10_subsample": -1.0, "max_depth": 8.0, "num_boost_round": 4.0}, "datetime": {"datetime": "2024-01-19 02:10:17", "elapsed": 7137.472683, "delta": 0.005473}}
{"target": -13.758538350274563, "params": {"gamma": 894.1535486789815, "log10_alpha": -5.0, "log10_colsample_bytree": -1.0, "log10_eta": -4.0, "log10_lambda": -4.421907280957749, "log10_min_child_weight": 5.0, "log10_subsample": -1.0, "max_depth": 8.0, "num_boost_round": 5.0}, "datetime": {"datetime": "2024-01-19 02:10:17", "elapsed": 7137.478244, "delta": 0.005561}}
{"target": -13.75853831903847, "params": {"gamma": 894.1535486789815, "log10_alpha": -5.0, "log10_colsample_bytree": -1.0, "log10_eta": -4.0, "log10_lambda": -4.421907280957749, "log10_min_child_weight": 5.0, "log10_subsample": -1.0, "max_depth": 8.0, "num_boost_round": 6.0}, "datetime": {"datetime": "2024-01-19 02:10:17", "elapsed": 7137.483384, "delta": 0.00514}}
{"target": -13.75853834692202, "params": {"gamma": 894.1535486789815, "log10_alpha": -5.0, "log10_colsample_bytree": -1.0, "log10_eta": -4.0, "log10_lambda": -4.421907280957749, "log10_min_child_weight": 5.0, "log10_subsample": -1.0, "max_depth": 8.0, "num_boost_round": 7.0}, "datetime": {"datetime": "2024-01-19 02:10:17", "elapsed": 7137.488563, "delta": 0.005179}}
{"target": -13.758538348074758, "params": {"gamma": 894.1535486789815, "log10_alpha": -5.0, "log10_colsample_bytree": -1.0, "log10_eta": -4.0, "log10_lambda": -4.421907280957749, "log10_min_child_weight": 5.0, "log10_subsample": -1.0, "max_depth": 8.0, "num_boost_round": 8.0}, "datetime": {"datetime": "2024-01-19 02:10:17", "elapsed": 7137.493796, "delta": 0.005233}}
{"target": -13.758538352687532, "params": {"gamma": 894.1535486789815, "log10_alpha": -5.0, "log10_colsample_bytree": -1.0, "log10_eta": -4.0, "log10_lambda": -4.421907280957749, "log10_min_child_weight": 5.0, "log10_subsample": -1.0, "max_depth": 8.0, "num_boost_round": 9.0}, "datetime": {"datetime": "2024-01-19 02:10:17", "elapsed": 7137.499057, "delta": 0.005261}}
{"target": -13.758538343305288, "params": {"gamma": 894.1535486789815, "log10_alpha": -5.0, "log10_colsample_bytree": -1.0, "log10_eta": -4.0, "log10_lambda": -4.421907280957749, "log10_min_child_weight": 5.0, "log10_subsample": -1.0, "max_depth": 8.0, "num_boost_round": 10.0}, "datetime": {"datetime": "2024-01-19 02:10:17", "elapsed": 7137.504471, "delta": 0.005414}}
{"target": -13.758538323921744, "params": {"gamma": 894.1535486789815, "log10_alpha": -5.0, "log10_colsample_bytree": -1.0, "log10_eta": -4.0, "log10_lambda": -4.421907280957749, "log10_min_child_weight": 5.0, "log10_subsample": -1.0, "max_depth": 8.0, "num_boost_round": 11.0}, "datetime": {"datetime": "2024-01-19 02:10:17", "elapsed": 7137.509844, "delta": 0.005373}}
{"target": -13.758538326297789, "params": {"gamma": 894.1535486789815, "log10_alpha": -5.0, "log10_colsample_bytree": -1.0, "log10_eta": -4.0, "log10_lambda": -4.421907280957749, "log10_min_child_weight": 5.0, "log10_subsample": -1.0, "max_depth": 8.0, "num_boost_round": 12.0}, "datetime": {"datetime": "2024-01-19 02:10:17", "elapsed": 7137.515096, "delta": 0.005252}}
{"target": -13.758538350609385, "params": {"gamma": 894.1535486789815, "log10_alpha": -5.0, "log10_colsample_bytree": -1.0, "log10_eta": -4.0, "log10_lambda": -4.421907280957749, "log10_min_child_weight": 5.0, "log10_subsample": -1.0, "max_depth": 8.0, "num_boost_round": 13.0}, "datetime": {"datetime": "2024-01-19 02:10:17", "elapsed": 7137.520664, "delta": 0.005568}}
{"target": -13.75853833861769, "params": {"gamma": 894.1535486789815, "log10_alpha": -5.0, "log10_colsample_bytree": -1.0, "log10_eta": -4.0, "log10_lambda": -4.421907280957749, "log10_min_child_weight": 5.0, "log10_subsample": -1.0, "max_depth": 8.0, "num_boost_round": 14.0}, "datetime": {"datetime": "2024-01-19 02:10:17", "elapsed": 7137.526213, "delta": 0.005549}}
{"target": -13.758538340348753, "params": {"gamma": 894.1535486789815, "log10_alpha": -5.0, "log10_colsample_bytree": -1.0, "log10_eta": -4.0, "log10_lambda": -4.421907280957749, "log10_min_child_weight": 5.0, "log10_subsample": -1.0, "max_depth": 8.0, "num_boost_round": 15.0}, "datetime": {"datetime": "2024-01-19 02:10:17", "elapsed": 7137.531457, "delta": 0.005244}}
{"target": -13.75853833864757, "params": {"gamma": 894.1535486789815, "log10_alpha": -5.0, "log10_colsample_bytree": -1.0, "log10_eta": -4.0, "log10_lambda": -4.421907280957749, "log10_min_child_weight": 5.0, "log10_subsample": -1.0, "max_depth": 8.0, "num_boost_round": 16.0}, "datetime": {"datetime": "2024-01-19 02:10:17", "elapsed": 7137.536865, "delta": 0.005408}}
{"target": -13.758538329257956, "params": {"gamma": 894.1535486789815, "log10_alpha": -5.0, "log10_colsample_bytree": -1.0, "log10_eta": -4.0, "log10_lambda": -4.421907280957749, "log10_min_child_weight": 5.0, "log10_subsample": -1.0, "max_depth": 8.0, "num_boost_round": 17.0}, "datetime": {"datetime": "2024-01-19 02:10:17", "elapsed": 7137.542331, "delta": 0.005466}}
{"target": -13.758538353497709, "params": {"gamma": 894.1535486789815, "log10_alpha": -5.0, "log10_colsample_bytree": -1.0, "log10_eta": -4.0, "log10_lambda": -4.421907280957749, "log10_min_child_weight": 5.0, "log10_subsample": -1.0, "max_depth": 8.0, "num_boost_round": 18.0}, "datetime": {"datetime": "2024-01-19 02:10:17", "elapsed": 7137.547434, "delta": 0.005103}}
{"target": -13.758457918334525, "params": {"gamma": 78.48894277378227, "log10_alpha": -2.974141975328128, "log10_colsample_bytree": -0.7074260332623157, "log10_eta": -2.4275718914282085, "log10_lambda": 0.7788747811464507, "log10_min_child_weight": 2.4181857640953632, "log10_subsample": -0.2692573028870964, "max_depth": 2.0, "num_boost_round": 0.0}, "datetime": {"datetime": "2024-01-19 02:11:20", "elapsed": 7200.593931, "delta": 63.046497}}
{"target": -13.75839010606599, "params": {"gamma": 78.48894277378227, "log10_alpha": -2.974141975328128, "log10_colsample_bytree": -0.7074260332623157, "log10_eta": -2.4275718914282085, "log10_lambda": 0.7788747811464507, "log10_min_child_weight": 2.4181857640953632, "log10_subsample": -0.2692573028870964, "max_depth": 2.0, "num_boost_round": 1.0}, "datetime": {"datetime": "2024-01-19 02:11:20", "elapsed": 7200.599821, "delta": 0.00589}}
{"target": -13.75835857421353, "params": {"gamma": 78.48894277378227, "log10_alpha": -2.974141975328128, "log10_colsample_bytree": -0.7074260332623157, "log10_eta": -2.4275718914282085, "log10_lambda": 0.7788747811464507, "log10_min_child_weight": 2.4181857640953632, "log10_subsample": -0.2692573028870964, "max_depth": 2.0, "num_boost_round": 2.0}, "datetime": {"datetime": "2024-01-19 02:11:20", "elapsed": 7200.605133, "delta": 0.005312}}
{"target": -13.758348685095005, "params": {"gamma": 78.48894277378227, "log10_alpha": -2.974141975328128, "log10_colsample_bytree": -0.7074260332623157, "log10_eta": -2.4275718914282085, "log10_lambda": 0.7788747811464507, "log10_min_child_weight": 2.4181857640953632, "log10_subsample": -0.2692573028870964, "max_depth": 2.0, "num_boost_round": 3.0}, "datetime": {"datetime": "2024-01-19 02:11:20", "elapsed": 7200.61038, "delta": 0.005247}}
{"target": -13.758347803030238, "params": {"gamma": 78.48894277378227, "log10_alpha": -2.974141975328128, "log10_colsample_bytree": -0.7074260332623157, "log10_eta": -2.4275718914282085, "log10_lambda": 0.7788747811464507, "log10_min_child_weight": 2.4181857640953632, "log10_subsample": -0.2692573028870964, "max_depth": 2.0, "num_boost_round": 4.0}, "datetime": {"datetime": "2024-01-19 02:11:20", "elapsed": 7200.61565, "delta": 0.00527}}
{"target": -13.75834120821587, "params": {"gamma": 78.48894277378227, "log10_alpha": -2.974141975328128, "log10_colsample_bytree": -0.7074260332623157, "log10_eta": -2.4275718914282085, "log10_lambda": 0.7788747811464507, "log10_min_child_weight": 2.4181857640953632, "log10_subsample": -0.2692573028870964, "max_depth": 2.0, "num_boost_round": 5.0}, "datetime": {"datetime": "2024-01-19 02:11:20", "elapsed": 7200.621309, "delta": 0.005659}}
{"target": -13.758323383532991, "params": {"gamma": 78.48894277378227, "log10_alpha": -2.974141975328128, "log10_colsample_bytree": -0.7074260332623157, "log10_eta": -2.4275718914282085, "log10_lambda": 0.7788747811464507, "log10_min_child_weight": 2.4181857640953632, "log10_subsample": -0.2692573028870964, "max_depth": 2.0, "num_boost_round": 6.0}, "datetime": {"datetime": "2024-01-19 02:11:20", "elapsed": 7200.626869, "delta": 0.00556}}
{"target": -13.758261096084981, "params": {"gamma": 78.48894277378227, "log10_alpha": -2.974141975328128, "log10_colsample_bytree": -0.7074260332623157, "log10_eta": -2.4275718914282085, "log10_lambda": 0.7788747811464507, "log10_min_child_weight": 2.4181857640953632, "log10_subsample": -0.2692573028870964, "max_depth": 2.0, "num_boost_round": 7.0}, "datetime": {"datetime": "2024-01-19 02:11:20", "elapsed": 7200.632124, "delta": 0.005255}}
{"target": -13.758244023080369, "params": {"gamma": 78.48894277378227, "log10_alpha": -2.974141975328128, "log10_colsample_bytree": -0.7074260332623157, "log10_eta": -2.4275718914282085, "log10_lambda": 0.7788747811464507, "log10_min_child_weight": 2.4181857640953632, "log10_subsample": -0.2692573028870964, "max_depth": 2.0, "num_boost_round": 8.0}, "datetime": {"datetime": "2024-01-19 02:11:20", "elapsed": 7200.637318, "delta": 0.005194}}
{"target": -13.758190601412698, "params": {"gamma": 78.48894277378227, "log10_alpha": -2.974141975328128, "log10_colsample_bytree": -0.7074260332623157, "log10_eta": -2.4275718914282085, "log10_lambda": 0.7788747811464507, "log10_min_child_weight": 2.4181857640953632, "log10_subsample": -0.2692573028870964, "max_depth": 2.0, "num_boost_round": 9.0}, "datetime": {"datetime": "2024-01-19 02:11:20", "elapsed": 7200.642637, "delta": 0.005319}}
