{"target": -13.75809447765739, "params": {"gamma": 949.8206611518401, "log10_alpha": 0.2127673897317015, "log10_colsample_bytree": -0.377868590563856, "log10_eta": -2.529887542658827, "log10_lambda": -1.3453841101571768, "log10_min_child_weight": 3.6805882633557943, "log10_subsample": -0.33238347701549653, "max_depth": 7.0, "num_boost_round": 7.0}, "datetime": {"datetime": "2024-01-19 00:48:43", "elapsed": 2224.74459, "delta": 0.096487}}
{"target": -13.758052786393165, "params": {"gamma": 949.8206611518401, "log10_alpha": 0.2127673897317015, "log10_colsample_bytree": -0.377868590563856, "log10_eta": -2.529887542658827, "log10_lambda": -1.3453841101571768, "log10_min_child_weight": 3.6805882633557943, "log10_subsample": -0.33238347701549653, "max_depth": 7.0, "num_boost_round": 8.0}, "datetime": {"datetime": "2024-01-19 00:48:43", "elapsed": 2224.748055, "delta": 0.003465}}
{"target": -13.758026504784706, "params": {"gamma": 949.8206611518401, "log10_alpha": 0.2127673897317015, "log10_colsample_bytree": -0.377868590563856, "log10_eta": -2.529887542658827, "log10_lambda": -1.3453841101571768, "log10_min_child_weight": 3.6805882633557943, "log10_subsample": -0.33238347701549653, "max_depth": 7.0, "num_boost_round": 9.0}, "datetime": {"datetime": "2024-01-19 00:48:43", "elapsed": 2224.751227, "delta": 0.003172}}
{"target": -13.757976935720981, "params": {"gamma": 949.8206611518401, "log10_alpha": 0.2127673897317015, "log10_colsample_bytree": -0.377868590563856, "log10_eta": -2.529887542658827, "log10_lambda": -1.3453841101571768, "log10_min_child_weight": 3.6805882633557943, "log10_subsample": -0.33238347701549653, "max_depth": 7.0, "num_boost_round": 10.0}, "datetime": {"datetime": "2024-01-19 00:48:43", "elapsed": 2224.754321, "delta": 0.003094}}
{"target": -13.757925579008367, "params": {"gamma": 949.8206611518401, "log10_alpha": 0.2127673897317015, "log10_colsample_bytree": -0.377868590563856, "log10_eta": -2.529887542658827, "log10_lambda": -1.3453841101571768, "log10_min_child_weight": 3.6805882633557943, "log10_subsample": -0.33238347701549653, "max_depth": 7.0, "num_boost_round": 11.0}, "datetime": {"datetime": "2024-01-19 00:48:43", "elapsed": 2224.757412, "delta": 0.003091}}
{"target": -13.757887123699959, "params": {"gamma": 949.8206611518401, "log10_alpha": 0.2127673897317015, "log10_colsample_bytree": -0.377868590563856, "log10_eta": -2.529887542658827, "log10_lambda": -1.3453841101571768, "log10_min_child_weight": 3.6805882633557943, "log10_subsample": -0.33238347701549653, "max_depth": 7.0, "num_boost_round": 12.0}, "datetime": {"datetime": "2024-01-19 00:48:43", "elapsed": 2224.760533, "delta": 0.003121}}
{"target": -13.757873442475404, "params": {"gamma": 949.8206611518401, "log10_alpha": 0.2127673897317015, "log10_colsample_bytree": -0.377868590563856, "log10_eta": -2.529887542658827, "log10_lambda": -1.3453841101571768, "log10_min_child_weight": 3.6805882633557943, "log10_subsample": -0.33238347701549653, "max_depth": 7.0, "num_boost_round": 13.0}, "datetime": {"datetime": "2024-01-19 00:48:43", "elapsed": 2224.763678, "delta": 0.003145}}
{"target": -13.757862146356192, "params": {"gamma": 949.8206611518401, "log10_alpha": 0.2127673897317015, "log10_colsample_bytree": -0.377868590563856, "log10_eta": -2.529887542658827, "log10_lambda": -1.3453841101571768, "log10_min_child_weight": 3.6805882633557943, "log10_subsample": -0.33238347701549653, "max_depth": 7.0, "num_boost_round": 14.0}, "datetime": {"datetime": "2024-01-19 00:48:43", "elapsed": 2224.766833, "delta": 0.003155}}
{"target": -13.757818983559565, "params": {"gamma": 949.8206611518401, "log10_alpha": 0.2127673897317015, "log10_colsample_bytree": -0.377868590563856, "log10_eta": -2.529887542658827, "log10_lambda": -1.3453841101571768, "log10_min_child_weight": 3.6805882633557943, "log10_subsample": -0.33238347701549653, "max_depth": 7.0, "num_boost_round": 15.0}, "datetime": {"datetime": "2024-01-19 00:48:43", "elapsed": 2224.769998, "delta": 0.003165}}
{"target": -13.75781838789481, "params": {"gamma": 949.8206611518401, "log10_alpha": 0.2127673897317015, "log10_colsample_bytree": -0.377868590563856, "log10_eta": -2.529887542658827, "log10_lambda": -1.3453841101571768, "log10_min_child_weight": 3.6805882633557943, "log10_subsample": -0.33238347701549653, "max_depth": 7.0, "num_boost_round": 16.0}, "datetime": {"datetime": "2024-01-19 00:48:43", "elapsed": 2224.773137, "delta": 0.003139}}
{"target": -13.757881739276678, "params": {"gamma": 949.8206611518401, "log10_alpha": 0.2127673897317015, "log10_colsample_bytree": -0.377868590563856, "log10_eta": -2.529887542658827, "log10_lambda": -1.3453841101571768, "log10_min_child_weight": 3.6805882633557943, "log10_subsample": -0.33238347701549653, "max_depth": 7.0, "num_boost_round": 17.0}, "datetime": {"datetime": "2024-01-19 00:48:43", "elapsed": 2224.7763, "delta": 0.003163}}
{"target": -13.75790244917456, "params": {"gamma": 949.8206611518401, "log10_alpha": 0.2127673897317015, "log10_colsample_bytree": -0.377868590563856, "log10_eta": -2.529887542658827, "log10_lambda": -1.3453841101571768, "log10_min_child_weight": 3.6805882633557943, "log10_subsample": -0.33238347701549653, "max_depth": 7.0, "num_boost_round": 18.0}, "datetime": {"datetime": "2024-01-19 00:48:43", "elapsed": 2224.779476, "delta": 0.003176}}
{"target": -13.757861997536477, "params": {"gamma": 949.8206611518401, "log10_alpha": 0.2127673897317015, "log10_colsample_bytree": -0.377868590563856, "log10_eta": -2.529887542658827, "log10_lambda": -1.3453841101571768, "log10_min_child_weight": 3.6805882633557943, "log10_subsample": -0.33238347701549653, "max_depth": 7.0, "num_boost_round": 19.0}, "datetime": {"datetime": "2024-01-19 00:48:43", "elapsed": 2224.78269, "delta": 0.003214}}
{"target": -13.757783371530559, "params": {"gamma": 949.8206611518401, "log10_alpha": 0.2127673897317015, "log10_colsample_bytree": -0.377868590563856, "log10_eta": -2.529887542658827, "log10_lambda": -1.3453841101571768, "log10_min_child_weight": 3.6805882633557943, "log10_subsample": -0.33238347701549653, "max_depth": 7.0, "num_boost_round": 20.0}, "datetime": {"datetime": "2024-01-19 00:48:43", "elapsed": 2224.7859, "delta": 0.00321}}
{"target": -13.757738610167925, "params": {"gamma": 949.8206611518401, "log10_alpha": 0.2127673897317015, "log10_colsample_bytree": -0.377868590563856, "log10_eta": -2.529887542658827, "log10_lambda": -1.3453841101571768, "log10_min_child_weight": 3.6805882633557943, "log10_subsample": -0.33238347701549653, "max_depth": 7.0, "num_boost_round": 21.0}, "datetime": {"datetime": "2024-01-19 00:48:43", "elapsed": 2224.789112, "delta": 0.003212}}
{"target": -13.75770782188477, "params": {"gamma": 949.8206611518401, "log10_alpha": 0.2127673897317015, "log10_colsample_bytree": -0.377868590563856, "log10_eta": -2.529887542658827, "log10_lambda": -1.3453841101571768, "log10_min_child_weight": 3.6805882633557943, "log10_subsample": -0.33238347701549653, "max_depth": 7.0, "num_boost_round": 22.0}, "datetime": {"datetime": "2024-01-19 00:48:43", "elapsed": 2224.792286, "delta": 0.003174}}
{"target": -13.757699776397192, "params": {"gamma": 949.8206611518401, "log10_alpha": 0.2127673897317015, "log10_colsample_bytree": -0.377868590563856, "log10_eta": -2.529887542658827, "log10_lambda": -1.3453841101571768, "log10_min_child_weight": 3.6805882633557943, "log10_subsample": -0.33238347701549653, "max_depth": 7.0, "num_boost_round": 23.0}, "datetime": {"datetime": "2024-01-19 00:48:43", "elapsed": 2224.795452, "delta": 0.003166}}
{"target": -13.757726817853083, "params": {"gamma": 949.8206611518401, "log10_alpha": 0.2127673897317015, "log10_colsample_bytree": -0.377868590563856, "log10_eta": -2.529887542658827, "log10_lambda": -1.3453841101571768, "log10_min_child_weight": 3.6805882633557943, "log10_subsample": -0.33238347701549653, "max_depth": 7.0, "num_boost_round": 24.0}, "datetime": {"datetime": "2024-01-19 00:48:43", "elapsed": 2224.798608, "delta": 0.003156}}
{"target": -13.757704378138069, "params": {"gamma": 949.8206611518401, "log10_alpha": 0.2127673897317015, "log10_colsample_bytree": -0.377868590563856, "log10_eta": -2.529887542658827, "log10_lambda": -1.3453841101571768, "log10_min_child_weight": 3.6805882633557943, "log10_subsample": -0.33238347701549653, "max_depth": 7.0, "num_boost_round": 25.0}, "datetime": {"datetime": "2024-01-19 00:48:43", "elapsed": 2224.801755, "delta": 0.003147}}
{"target": -13.75769834814156, "params": {"gamma": 949.8206611518401, "log10_alpha": 0.2127673897317015, "log10_colsample_bytree": -0.377868590563856, "log10_eta": -2.529887542658827, "log10_lambda": -1.3453841101571768, "log10_min_child_weight": 3.6805882633557943, "log10_subsample": -0.33238347701549653, "max_depth": 7.0, "num_boost_round": 26.0}, "datetime": {"datetime": "2024-01-19 00:48:43", "elapsed": 2224.804908, "delta": 0.003153}}
{"target": -13.75763854660124, "params": {"gamma": 949.8206611518401, "log10_alpha": 0.2127673897317015, "log10_colsample_bytree": -0.377868590563856, "log10_eta": -2.529887542658827, "log10_lambda": -1.3453841101571768, "log10_min_child_weight": 3.6805882633557943, "log10_subsample": -0.33238347701549653, "max_depth": 7.0, "num_boost_round": 27.0}, "datetime": {"datetime": "2024-01-19 00:48:43", "elapsed": 2224.808064, "delta": 0.003156}}
{"target": -13.757572748078832, "params": {"gamma": 949.8206611518401, "log10_alpha": 0.2127673897317015, "log10_colsample_bytree": -0.377868590563856, "log10_eta": -2.529887542658827, "log10_lambda": -1.3453841101571768, "log10_min_child_weight": 3.6805882633557943, "log10_subsample": -0.33238347701549653, "max_depth": 7.0, "num_boost_round": 28.0}, "datetime": {"datetime": "2024-01-19 00:48:43", "elapsed": 2224.811208, "delta": 0.003144}}
{"target": -13.75750500917232, "params": {"gamma": 949.8206611518401, "log10_alpha": 0.2127673897317015, "log10_colsample_bytree": -0.377868590563856, "log10_eta": -2.529887542658827, "log10_lambda": -1.3453841101571768, "log10_min_child_weight": 3.6805882633557943, "log10_subsample": -0.33238347701549653, "max_depth": 7.0, "num_boost_round": 29.0}, "datetime": {"datetime": "2024-01-19 00:48:43", "elapsed": 2224.814395, "delta": 0.003187}}
{"target": -13.757525809130412, "params": {"gamma": 949.8206611518401, "log10_alpha": 0.2127673897317015, "log10_colsample_bytree": -0.377868590563856, "log10_eta": -2.529887542658827, "log10_lambda": -1.3453841101571768, "log10_min_child_weight": 3.6805882633557943, "log10_subsample": -0.33238347701549653, "max_depth": 7.0, "num_boost_round": 30.0}, "datetime": {"datetime": "2024-01-19 00:48:43", "elapsed": 2224.817557, "delta": 0.003162}}
{"target": -13.757459009407851, "params": {"gamma": 949.8206611518401, "log10_alpha": 0.2127673897317015, "log10_colsample_bytree": -0.377868590563856, "log10_eta": -2.529887542658827, "log10_lambda": -1.3453841101571768, "log10_min_child_weight": 3.6805882633557943, "log10_subsample": -0.33238347701549653, "max_depth": 7.0, "num_boost_round": 31.0}, "datetime": {"datetime": "2024-01-19 00:48:43", "elapsed": 2224.820679, "delta": 0.003122}}
{"target": -13.757475102112885, "params": {"gamma": 949.8206611518401, "log10_alpha": 0.2127673897317015, "log10_colsample_bytree": -0.377868590563856, "log10_eta": -2.529887542658827, "log10_lambda": -1.3453841101571768, "log10_min_child_weight": 3.6805882633557943, "log10_subsample": -0.33238347701549653, "max_depth": 7.0, "num_boost_round": 32.0}, "datetime": {"datetime": "2024-01-19 00:48:43", "elapsed": 2224.823819, "delta": 0.00314}}
{"target": -13.757529427602073, "params": {"gamma": 949.8206611518401, "log10_alpha": 0.2127673897317015, "log10_colsample_bytree": -0.377868590563856, "log10_eta": -2.529887542658827, "log10_lambda": -1.3453841101571768, "log10_min_child_weight": 3.6805882633557943, "log10_subsample": -0.33238347701549653, "max_depth": 7.0, "num_boost_round": 33.0}, "datetime": {"datetime": "2024-01-19 00:48:43", "elapsed": 2224.826991, "delta": 0.003172}}
{"target": -13.75746843004036, "params": {"gamma": 949.8206611518401, "log10_alpha": 0.2127673897317015, "log10_colsample_bytree": -0.377868590563856, "log10_eta": -2.529887542658827, "log10_lambda": -1.3453841101571768, "log10_min_child_weight": 3.6805882633557943, "log10_subsample": -0.33238347701549653, "max_depth": 7.0, "num_boost_round": 34.0}, "datetime": {"datetime": "2024-01-19 00:48:43", "elapsed": 2224.83015, "delta": 0.003159}}
{"target": -13.757452475416487, "params": {"gamma": 949.8206611518401, "log10_alpha": 0.2127673897317015, "log10_colsample_bytree": -0.377868590563856, "log10_eta": -2.529887542658827, "log10_lambda": -1.3453841101571768, "log10_min_child_weight": 3.6805882633557943, "log10_subsample": -0.33238347701549653, "max_depth": 7.0, "num_boost_round": 35.0}, "datetime": {"datetime": "2024-01-19 00:48:43", "elapsed": 2224.833298, "delta": 0.003148}}
{"target": -13.757501555476068, "params": {"gamma": 949.8206611518401, "log10_alpha": 0.2127673897317015, "log10_colsample_bytree": -0.377868590563856, "log10_eta": -2.529887542658827, "log10_lambda": -1.3453841101571768, "log10_min_child_weight": 3.6805882633557943, "log10_subsample": -0.33238347701549653, "max_depth": 7.0, "num_boost_round": 36.0}, "datetime": {"datetime": "2024-01-19 00:48:43", "elapsed": 2224.836431, "delta": 0.003133}}
{"target": -13.757491672297679, "params": {"gamma": 949.8206611518401, "log10_alpha": 0.2127673897317015, "log10_colsample_bytree": -0.377868590563856, "log10_eta": -2.529887542658827, "log10_lambda": -1.3453841101571768, "log10_min_child_weight": 3.6805882633557943, "log10_subsample": -0.33238347701549653, "max_depth": 7.0, "num_boost_round": 37.0}, "datetime": {"datetime": "2024-01-19 00:48:43", "elapsed": 2224.839585, "delta": 0.003154}}
{"target": -13.757497099857769, "params": {"gamma": 949.8206611518401, "log10_alpha": 0.2127673897317015, "log10_colsample_bytree": -0.377868590563856, "log10_eta": -2.529887542658827, "log10_lambda": -1.3453841101571768, "log10_min_child_weight": 3.6805882633557943, "log10_subsample": -0.33238347701549653, "max_depth": 7.0, "num_boost_round": 38.0}, "datetime": {"datetime": "2024-01-19 00:48:43", "elapsed": 2224.842743, "delta": 0.003158}}
{"target": -13.75745806508606, "params": {"gamma": 949.8206611518401, "log10_alpha": 0.2127673897317015, "log10_colsample_bytree": -0.377868590563856, "log10_eta": -2.529887542658827, "log10_lambda": -1.3453841101571768, "log10_min_child_weight": 3.6805882633557943, "log10_subsample": -0.33238347701549653, "max_depth": 7.0, "num_boost_round": 39.0}, "datetime": {"datetime": "2024-01-19 00:48:43", "elapsed": 2224.846535, "delta": 0.003792}}
{"target": -13.757483451637476, "params": {"gamma": 949.8206611518401, "log10_alpha": 0.2127673897317015, "log10_colsample_bytree": -0.377868590563856, "log10_eta": -2.529887542658827, "log10_lambda": -1.3453841101571768, "log10_min_child_weight": 3.6805882633557943, "log10_subsample": -0.33238347701549653, "max_depth": 7.0, "num_boost_round": 40.0}, "datetime": {"datetime": "2024-01-19 00:48:43", "elapsed": 2224.850396, "delta": 0.003861}}
{"target": -13.757436513451463, "params": {"gamma": 949.8206611518401, "log10_alpha": 0.2127673897317015, "log10_colsample_bytree": -0.377868590563856, "log10_eta": -2.529887542658827, "log10_lambda": -1.3453841101571768, "log10_min_child_weight": 3.6805882633557943, "log10_subsample": -0.33238347701549653, "max_depth": 7.0, "num_boost_round": 41.0}, "datetime": {"datetime": "2024-01-19 00:48:43", "elapsed": 2224.853666, "delta": 0.00327}}
{"target": -13.757432288551419, "params": {"gamma": 949.8206611518401, "log10_alpha": 0.2127673897317015, "log10_colsample_bytree": -0.377868590563856, "log10_eta": -2.529887542658827, "log10_lambda": -1.3453841101571768, "log10_min_child_weight": 3.6805882633557943, "log10_subsample": -0.33238347701549653, "max_depth": 7.0, "num_boost_round": 42.0}, "datetime": {"datetime": "2024-01-19 00:48:43", "elapsed": 2224.856952, "delta": 0.003286}}
{"target": -13.75748197615839, "params": {"gamma": 949.8206611518401, "log10_alpha": 0.2127673897317015, "log10_colsample_bytree": -0.377868590563856, "log10_eta": -2.529887542658827, "log10_lambda": -1.3453841101571768, "log10_min_child_weight": 3.6805882633557943, "log10_subsample": -0.33238347701549653, "max_depth": 7.0, "num_boost_round": 43.0}, "datetime": {"datetime": "2024-01-19 00:48:43", "elapsed": 2224.860233, "delta": 0.003281}}
{"target": -13.75812862675583, "params": {"gamma": 949.0432003080638, "log10_alpha": -4.472188928299876, "log10_colsample_bytree": -0.6861832498611057, "log10_eta": -2.0173890312243907, "log10_lambda": 0.5775051927499728, "log10_min_child_weight": 2.4354472580367785, "log10_subsample": -0.9737164836744978, "max_depth": 8.0, "num_boost_round": 0.0}, "datetime": {"datetime": "2024-01-19 00:49:31", "elapsed": 2272.393241, "delta": 47.533008}}
{"target": -13.757774251408131, "params": {"gamma": 949.0432003080638, "log10_alpha": -4.472188928299876, "log10_colsample_bytree": -0.6861832498611057, "log10_eta": -2.0173890312243907, "log10_lambda": 0.5775051927499728, "log10_min_child_weight": 2.4354472580367785, "log10_subsample": -0.9737164836744978, "max_depth": 8.0, "num_boost_round": 1.0}, "datetime": {"datetime": "2024-01-19 00:49:31", "elapsed": 2272.396995, "delta": 0.003754}}
{"target": -13.757476810966375, "params": {"gamma": 949.0432003080638, "log10_alpha": -4.472188928299876, "log10_colsample_bytree": -0.6861832498611057, "log10_eta": -2.0173890312243907, "log10_lambda": 0.5775051927499728, "log10_min_child_weight": 2.4354472580367785, "log10_subsample": -0.9737164836744978, "max_depth": 8.0, "num_boost_round": 2.0}, "datetime": {"datetime": "2024-01-19 00:49:31", "elapsed": 2272.400213, "delta": 0.003218}}
{"target": -13.757518538349041, "params": {"gamma": 949.0432003080638, "log10_alpha": -4.472188928299876, "log10_colsample_bytree": -0.6861832498611057, "log10_eta": -2.0173890312243907, "log10_lambda": 0.5775051927499728, "log10_min_child_weight": 2.4354472580367785, "log10_subsample": -0.9737164836744978, "max_depth": 8.0, "num_boost_round": 3.0}, "datetime": {"datetime": "2024-01-19 00:49:31", "elapsed": 2272.403316, "delta": 0.003103}}
{"target": -13.757358750188116, "params": {"gamma": 949.0432003080638, "log10_alpha": -4.472188928299876, "log10_colsample_bytree": -0.6861832498611057, "log10_eta": -2.0173890312243907, "log10_lambda": 0.5775051927499728, "log10_min_child_weight": 2.4354472580367785, "log10_subsample": -0.9737164836744978, "max_depth": 8.0, "num_boost_round": 4.0}, "datetime": {"datetime": "2024-01-19 00:49:31", "elapsed": 2272.406403, "delta": 0.003087}}
{"target": -13.757334581179355, "params": {"gamma": 949.0432003080638, "log10_alpha": -4.472188928299876, "log10_colsample_bytree": -0.6861832498611057, "log10_eta": -2.0173890312243907, "log10_lambda": 0.5775051927499728, "log10_min_child_weight": 2.4354472580367785, "log10_subsample": -0.9737164836744978, "max_depth": 8.0, "num_boost_round": 5.0}, "datetime": {"datetime": "2024-01-19 00:49:31", "elapsed": 2272.409648, "delta": 0.003245}}
{"target": -13.756994623664214, "params": {"gamma": 949.0432003080638, "log10_alpha": -4.472188928299876, "log10_colsample_bytree": -0.6861832498611057, "log10_eta": -2.0173890312243907, "log10_lambda": 0.5775051927499728, "log10_min_child_weight": 2.4354472580367785, "log10_subsample": -0.9737164836744978, "max_depth": 8.0, "num_boost_round": 6.0}, "datetime": {"datetime": "2024-01-19 00:49:31", "elapsed": 2272.412857, "delta": 0.003209}}
{"target": -13.756419447124122, "params": {"gamma": 949.0432003080638, "log10_alpha": -4.472188928299876, "log10_colsample_bytree": -0.6861832498611057, "log10_eta": -2.0173890312243907, "log10_lambda": 0.5775051927499728, "log10_min_child_weight": 2.4354472580367785, "log10_subsample": -0.9737164836744978, "max_depth": 8.0, "num_boost_round": 7.0}, "datetime": {"datetime": "2024-01-19 00:49:31", "elapsed": 2272.416038, "delta": 0.003181}}
{"target": -13.756275708799595, "params": {"gamma": 949.0432003080638, "log10_alpha": -4.472188928299876, "log10_colsample_bytree": -0.6861832498611057, "log10_eta": -2.0173890312243907, "log10_lambda": 0.5775051927499728, "log10_min_child_weight": 2.4354472580367785, "log10_subsample": -0.9737164836744978, "max_depth": 8.0, "num_boost_round": 8.0}, "datetime": {"datetime": "2024-01-19 00:49:31", "elapsed": 2272.419152, "delta": 0.003114}}
{"target": -13.756234083890423, "params": {"gamma": 949.0432003080638, "log10_alpha": -4.472188928299876, "log10_colsample_bytree": -0.6861832498611057, "log10_eta": -2.0173890312243907, "log10_lambda": 0.5775051927499728, "log10_min_child_weight": 2.4354472580367785, "log10_subsample": -0.9737164836744978, "max_depth": 8.0, "num_boost_round": 9.0}, "datetime": {"datetime": "2024-01-19 00:49:31", "elapsed": 2272.42224, "delta": 0.003088}}
{"target": -13.756009617061306, "params": {"gamma": 949.0432003080638, "log10_alpha": -4.472188928299876, "log10_colsample_bytree": -0.6861832498611057, "log10_eta": -2.0173890312243907, "log10_lambda": 0.5775051927499728, "log10_min_child_weight": 2.4354472580367785, "log10_subsample": -0.9737164836744978, "max_depth": 8.0, "num_boost_round": 10.0}, "datetime": {"datetime": "2024-01-19 00:49:31", "elapsed": 2272.425261, "delta": 0.003021}}
{"target": -13.755913962736724, "params": {"gamma": 949.0432003080638, "log10_alpha": -4.472188928299876, "log10_colsample_bytree": -0.6861832498611057, "log10_eta": -2.0173890312243907, "log10_lambda": 0.5775051927499728, "log10_min_child_weight": 2.4354472580367785, "log10_subsample": -0.9737164836744978, "max_depth": 8.0, "num_boost_round": 11.0}, "datetime": {"datetime": "2024-01-19 00:49:31", "elapsed": 2272.428346, "delta": 0.003085}}
