{"target": -13.758523262537144, "params": {"gamma": 43.81331758916496, "log10_alpha": -4.911075213093414, "log10_colsample_bytree": -0.45068750202427554, "log10_eta": -3.9149910548050992, "log10_lambda": -4.619643539774752, "log10_min_child_weight": 0.21886263667410644, "log10_subsample": -0.3999650892223138, "max_depth": 8.0, "num_boost_round": 2.0}, "datetime": {"datetime": "2024-01-19 01:17:56", "elapsed": 3984.405084, "delta": 0.00389}}
{"target": -13.758520245735143, "params": {"gamma": 43.81331758916496, "log10_alpha": -4.911075213093414, "log10_colsample_bytree": -0.45068750202427554, "log10_eta": -3.9149910548050992, "log10_lambda": -4.619643539774752, "log10_min_child_weight": 0.21886263667410644, "log10_subsample": -0.3999650892223138, "max_depth": 8.0, "num_boost_round": 3.0}, "datetime": {"datetime": "2024-01-19 01:17:56", "elapsed": 3984.408973, "delta": 0.003889}}
{"target": -13.758511563768884, "params": {"gamma": 43.81331758916496, "log10_alpha": -4.911075213093414, "log10_colsample_bytree": -0.45068750202427554, "log10_eta": -3.9149910548050992, "log10_lambda": -4.619643539774752, "log10_min_child_weight": 0.21886263667410644, "log10_subsample": -0.3999650892223138, "max_depth": 8.0, "num_boost_round": 4.0}, "datetime": {"datetime": "2024-01-19 01:17:56", "elapsed": 3984.412807, "delta": 0.003834}}
{"target": -13.75851225428723, "params": {"gamma": 43.81331758916496, "log10_alpha": -4.911075213093414, "log10_colsample_bytree": -0.45068750202427554, "log10_eta": -3.9149910548050992, "log10_lambda": -4.619643539774752, "log10_min_child_weight": 0.21886263667410644, "log10_subsample": -0.3999650892223138, "max_depth": 8.0, "num_boost_round": 5.0}, "datetime": {"datetime": "2024-01-19 01:17:56", "elapsed": 3984.416654, "delta": 0.003847}}
{"target": -13.758511527218362, "params": {"gamma": 43.81331758916496, "log10_alpha": -4.911075213093414, "log10_colsample_bytree": -0.45068750202427554, "log10_eta": -3.9149910548050992, "log10_lambda": -4.619643539774752, "log10_min_child_weight": 0.21886263667410644, "log10_subsample": -0.3999650892223138, "max_depth": 8.0, "num_boost_round": 6.0}, "datetime": {"datetime": "2024-01-19 01:17:56", "elapsed": 3984.420422, "delta": 0.003768}}
{"target": -13.758514818239272, "params": {"gamma": 43.81331758916496, "log10_alpha": -4.911075213093414, "log10_colsample_bytree": -0.45068750202427554, "log10_eta": -3.9149910548050992, "log10_lambda": -4.619643539774752, "log10_min_child_weight": 0.21886263667410644, "log10_subsample": -0.3999650892223138, "max_depth": 8.0, "num_boost_round": 7.0}, "datetime": {"datetime": "2024-01-19 01:17:56", "elapsed": 3984.42425, "delta": 0.003828}}
{"target": -13.75850736956962, "params": {"gamma": 43.81331758916496, "log10_alpha": -4.911075213093414, "log10_colsample_bytree": -0.45068750202427554, "log10_eta": -3.9149910548050992, "log10_lambda": -4.619643539774752, "log10_min_child_weight": 0.21886263667410644, "log10_subsample": -0.3999650892223138, "max_depth": 8.0, "num_boost_round": 8.0}, "datetime": {"datetime": "2024-01-19 01:17:56", "elapsed": 3984.431696, "delta": 0.007446}}
{"target": -13.7585005119009, "params": {"gamma": 43.81331758916496, "log10_alpha": -4.911075213093414, "log10_colsample_bytree": -0.45068750202427554, "log10_eta": -3.9149910548050992, "log10_lambda": -4.619643539774752, "log10_min_child_weight": 0.21886263667410644, "log10_subsample": -0.3999650892223138, "max_depth": 8.0, "num_boost_round": 9.0}, "datetime": {"datetime": "2024-01-19 01:17:56", "elapsed": 3984.435494, "delta": 0.003798}}
{"target": -13.758494125347847, "params": {"gamma": 43.81331758916496, "log10_alpha": -4.911075213093414, "log10_colsample_bytree": -0.45068750202427554, "log10_eta": -3.9149910548050992, "log10_lambda": -4.619643539774752, "log10_min_child_weight": 0.21886263667410644, "log10_subsample": -0.3999650892223138, "max_depth": 8.0, "num_boost_round": 10.0}, "datetime": {"datetime": "2024-01-19 01:17:56", "elapsed": 3984.439196, "delta": 0.003702}}
{"target": -13.75849079571127, "params": {"gamma": 43.81331758916496, "log10_alpha": -4.911075213093414, "log10_colsample_bytree": -0.45068750202427554, "log10_eta": -3.9149910548050992, "log10_lambda": -4.619643539774752, "log10_min_child_weight": 0.21886263667410644, "log10_subsample": -0.3999650892223138, "max_depth": 8.0, "num_boost_round": 11.0}, "datetime": {"datetime": "2024-01-19 01:17:56", "elapsed": 3984.442934, "delta": 0.003738}}
{"target": -13.758491059736803, "params": {"gamma": 43.81331758916496, "log10_alpha": -4.911075213093414, "log10_colsample_bytree": -0.45068750202427554, "log10_eta": -3.9149910548050992, "log10_lambda": -4.619643539774752, "log10_min_child_weight": 0.21886263667410644, "log10_subsample": -0.3999650892223138, "max_depth": 8.0, "num_boost_round": 12.0}, "datetime": {"datetime": "2024-01-19 01:17:56", "elapsed": 3984.446777, "delta": 0.003843}}
{"target": -13.758488092439217, "params": {"gamma": 43.81331758916496, "log10_alpha": -4.911075213093414, "log10_colsample_bytree": -0.45068750202427554, "log10_eta": -3.9149910548050992, "log10_lambda": -4.619643539774752, "log10_min_child_weight": 0.21886263667410644, "log10_subsample": -0.3999650892223138, "max_depth": 8.0, "num_boost_round": 13.0}, "datetime": {"datetime": "2024-01-19 01:17:56", "elapsed": 3984.450601, "delta": 0.003824}}
{"target": -13.758489876412629, "params": {"gamma": 43.81331758916496, "log10_alpha": -4.911075213093414, "log10_colsample_bytree": -0.45068750202427554, "log10_eta": -3.9149910548050992, "log10_lambda": -4.619643539774752, "log10_min_child_weight": 0.21886263667410644, "log10_subsample": -0.3999650892223138, "max_depth": 8.0, "num_boost_round": 14.0}, "datetime": {"datetime": "2024-01-19 01:17:56", "elapsed": 3984.454321, "delta": 0.00372}}
{"target": -13.758487175631164, "params": {"gamma": 43.81331758916496, "log10_alpha": -4.911075213093414, "log10_colsample_bytree": -0.45068750202427554, "log10_eta": -3.9149910548050992, "log10_lambda": -4.619643539774752, "log10_min_child_weight": 0.21886263667410644, "log10_subsample": -0.3999650892223138, "max_depth": 8.0, "num_boost_round": 15.0}, "datetime": {"datetime": "2024-01-19 01:17:56", "elapsed": 3984.458057, "delta": 0.003736}}
{"target": -13.758483823779383, "params": {"gamma": 43.81331758916496, "log10_alpha": -4.911075213093414, "log10_colsample_bytree": -0.45068750202427554, "log10_eta": -3.9149910548050992, "log10_lambda": -4.619643539774752, "log10_min_child_weight": 0.21886263667410644, "log10_subsample": -0.3999650892223138, "max_depth": 8.0, "num_boost_round": 16.0}, "datetime": {"datetime": "2024-01-19 01:17:56", "elapsed": 3984.461789, "delta": 0.003732}}
{"target": -13.758478977994589, "params": {"gamma": 43.81331758916496, "log10_alpha": -4.911075213093414, "log10_colsample_bytree": -0.45068750202427554, "log10_eta": -3.9149910548050992, "log10_lambda": -4.619643539774752, "log10_min_child_weight": 0.21886263667410644, "log10_subsample": -0.3999650892223138, "max_depth": 8.0, "num_boost_round": 17.0}, "datetime": {"datetime": "2024-01-19 01:17:56", "elapsed": 3984.465528, "delta": 0.003739}}
{"target": -13.758482375214111, "params": {"gamma": 43.81331758916496, "log10_alpha": -4.911075213093414, "log10_colsample_bytree": -0.45068750202427554, "log10_eta": -3.9149910548050992, "log10_lambda": -4.619643539774752, "log10_min_child_weight": 0.21886263667410644, "log10_subsample": -0.3999650892223138, "max_depth": 8.0, "num_boost_round": 18.0}, "datetime": {"datetime": "2024-01-19 01:17:56", "elapsed": 3984.469355, "delta": 0.003827}}
{"target": -13.758479256201154, "params": {"gamma": 43.81331758916496, "log10_alpha": -4.911075213093414, "log10_colsample_bytree": -0.45068750202427554, "log10_eta": -3.9149910548050992, "log10_lambda": -4.619643539774752, "log10_min_child_weight": 0.21886263667410644, "log10_subsample": -0.3999650892223138, "max_depth": 8.0, "num_boost_round": 19.0}, "datetime": {"datetime": "2024-01-19 01:17:56", "elapsed": 3984.473175, "delta": 0.00382}}
{"target": -13.75846559126682, "params": {"gamma": 43.81331758916496, "log10_alpha": -4.911075213093414, "log10_colsample_bytree": -0.45068750202427554, "log10_eta": -3.9149910548050992, "log10_lambda": -4.619643539774752, "log10_min_child_weight": 0.21886263667410644, "log10_subsample": -0.3999650892223138, "max_depth": 8.0, "num_boost_round": 20.0}, "datetime": {"datetime": "2024-01-19 01:17:56", "elapsed": 3984.47697, "delta": 0.003795}}
{"target": -13.758461320114552, "params": {"gamma": 43.81331758916496, "log10_alpha": -4.911075213093414, "log10_colsample_bytree": -0.45068750202427554, "log10_eta": -3.9149910548050992, "log10_lambda": -4.619643539774752, "log10_min_child_weight": 0.21886263667410644, "log10_subsample": -0.3999650892223138, "max_depth": 8.0, "num_boost_round": 21.0}, "datetime": {"datetime": "2024-01-19 01:17:56", "elapsed": 3984.480692, "delta": 0.003722}}
{"target": -13.758456969440138, "params": {"gamma": 43.81331758916496, "log10_alpha": -4.911075213093414, "log10_colsample_bytree": -0.45068750202427554, "log10_eta": -3.9149910548050992, "log10_lambda": -4.619643539774752, "log10_min_child_weight": 0.21886263667410644, "log10_subsample": -0.3999650892223138, "max_depth": 8.0, "num_boost_round": 22.0}, "datetime": {"datetime": "2024-01-19 01:17:56", "elapsed": 3984.484441, "delta": 0.003749}}
{"target": -13.758538024733825, "params": {"gamma": 40.495984951620876, "log10_alpha": -4.672669701005551, "log10_colsample_bytree": -0.5587325999156839, "log10_eta": -3.778690226861119, "log10_lambda": -3.3230303495699944, "log10_min_child_weight": 0.016695171482793425, "log10_subsample": -0.2585120686884209, "max_depth": 2.0, "num_boost_round": 0.0}, "datetime": {"datetime": "2024-01-19 01:18:43", "elapsed": 4031.572891, "delta": 47.08845}}
{"target": -13.758537013957602, "params": {"gamma": 40.495984951620876, "log10_alpha": -4.672669701005551, "log10_colsample_bytree": -0.5587325999156839, "log10_eta": -3.778690226861119, "log10_lambda": -3.3230303495699944, "log10_min_child_weight": 0.016695171482793425, "log10_subsample": -0.2585120686884209, "max_depth": 2.0, "num_boost_round": 1.0}, "datetime": {"datetime": "2024-01-19 01:18:43", "elapsed": 4031.577837, "delta": 0.004946}}
{"target": -13.758536749209254, "params": {"gamma": 40.495984951620876, "log10_alpha": -4.672669701005551, "log10_colsample_bytree": -0.5587325999156839, "log10_eta": -3.778690226861119, "log10_lambda": -3.3230303495699944, "log10_min_child_weight": 0.016695171482793425, "log10_subsample": -0.2585120686884209, "max_depth": 2.0, "num_boost_round": 2.0}, "datetime": {"datetime": "2024-01-19 01:18:43", "elapsed": 4031.581767, "delta": 0.00393}}
{"target": -13.758536365931588, "params": {"gamma": 40.495984951620876, "log10_alpha": -4.672669701005551, "log10_colsample_bytree": -0.5587325999156839, "log10_eta": -3.778690226861119, "log10_lambda": -3.3230303495699944, "log10_min_child_weight": 0.016695171482793425, "log10_subsample": -0.2585120686884209, "max_depth": 2.0, "num_boost_round": 3.0}, "datetime": {"datetime": "2024-01-19 01:18:43", "elapsed": 4031.585668, "delta": 0.003901}}
{"target": -13.758534162549141, "params": {"gamma": 40.495984951620876, "log10_alpha": -4.672669701005551, "log10_colsample_bytree": -0.5587325999156839, "log10_eta": -3.778690226861119, "log10_lambda": -3.3230303495699944, "log10_min_child_weight": 0.016695171482793425, "log10_subsample": -0.2585120686884209, "max_depth": 2.0, "num_boost_round": 4.0}, "datetime": {"datetime": "2024-01-19 01:18:43", "elapsed": 4031.589471, "delta": 0.003803}}
{"target": -13.758532993685293, "params": {"gamma": 40.495984951620876, "log10_alpha": -4.672669701005551, "log10_colsample_bytree": -0.5587325999156839, "log10_eta": -3.778690226861119, "log10_lambda": -3.3230303495699944, "log10_min_child_weight": 0.016695171482793425, "log10_subsample": -0.2585120686884209, "max_depth": 2.0, "num_boost_round": 5.0}, "datetime": {"datetime": "2024-01-19 01:18:43", "elapsed": 4031.593216, "delta": 0.003745}}
{"target": -13.758531277202875, "params": {"gamma": 40.495984951620876, "log10_alpha": -4.672669701005551, "log10_colsample_bytree": -0.5587325999156839, "log10_eta": -3.778690226861119, "log10_lambda": -3.3230303495699944, "log10_min_child_weight": 0.016695171482793425, "log10_subsample": -0.2585120686884209, "max_depth": 2.0, "num_boost_round": 6.0}, "datetime": {"datetime": "2024-01-19 01:18:43", "elapsed": 4031.596943, "delta": 0.003727}}
{"target": -13.758530171273925, "params": {"gamma": 40.495984951620876, "log10_alpha": -4.672669701005551, "log10_colsample_bytree": -0.5587325999156839, "log10_eta": -3.778690226861119, "log10_lambda": -3.3230303495699944, "log10_min_child_weight": 0.016695171482793425, "log10_subsample": -0.2585120686884209, "max_depth": 2.0, "num_boost_round": 7.0}, "datetime": {"datetime": "2024-01-19 01:18:43", "elapsed": 4031.60067, "delta": 0.003727}}
{"target": -13.758527409852988, "params": {"gamma": 40.495984951620876, "log10_alpha": -4.672669701005551, "log10_colsample_bytree": -0.5587325999156839, "log10_eta": -3.778690226861119, "log10_lambda": -3.3230303495699944, "log10_min_child_weight": 0.016695171482793425, "log10_subsample": -0.2585120686884209, "max_depth": 2.0, "num_boost_round": 8.0}, "datetime": {"datetime": "2024-01-19 01:18:43", "elapsed": 4031.604466, "delta": 0.003796}}
{"target": -13.758525520601768, "params": {"gamma": 40.495984951620876, "log10_alpha": -4.672669701005551, "log10_colsample_bytree": -0.5587325999156839, "log10_eta": -3.778690226861119, "log10_lambda": -3.3230303495699944, "log10_min_child_weight": 0.016695171482793425, "log10_subsample": -0.2585120686884209, "max_depth": 2.0, "num_boost_round": 9.0}, "datetime": {"datetime": "2024-01-19 01:18:43", "elapsed": 4031.6083, "delta": 0.003834}}
{"target": -13.758524126374619, "params": {"gamma": 40.495984951620876, "log10_alpha": -4.672669701005551, "log10_colsample_bytree": -0.5587325999156839, "log10_eta": -3.778690226861119, "log10_lambda": -3.3230303495699944, "log10_min_child_weight": 0.016695171482793425, "log10_subsample": -0.2585120686884209, "max_depth": 2.0, "num_boost_round": 10.0}, "datetime": {"datetime": "2024-01-19 01:18:43", "elapsed": 4031.612133, "delta": 0.003833}}
{"target": -13.758522186051248, "params": {"gamma": 40.495984951620876, "log10_alpha": -4.672669701005551, "log10_colsample_bytree": -0.5587325999156839, "log10_eta": -3.778690226861119, "log10_lambda": -3.3230303495699944, "log10_min_child_weight": 0.016695171482793425, "log10_subsample": -0.2585120686884209, "max_depth": 2.0, "num_boost_round": 11.0}, "datetime": {"datetime": "2024-01-19 01:18:43", "elapsed": 4031.615955, "delta": 0.003822}}
{"target": -13.758519876646108, "params": {"gamma": 40.495984951620876, "log10_alpha": -4.672669701005551, "log10_colsample_bytree": -0.5587325999156839, "log10_eta": -3.778690226861119, "log10_lambda": -3.3230303495699944, "log10_min_child_weight": 0.016695171482793425, "log10_subsample": -0.2585120686884209, "max_depth": 2.0, "num_boost_round": 12.0}, "datetime": {"datetime": "2024-01-19 01:18:43", "elapsed": 4031.619715, "delta": 0.00376}}
{"target": -13.758518192983205, "params": {"gamma": 40.495984951620876, "log10_alpha": -4.672669701005551, "log10_colsample_bytree": -0.5587325999156839, "log10_eta": -3.778690226861119, "log10_lambda": -3.3230303495699944, "log10_min_child_weight": 0.016695171482793425, "log10_subsample": -0.2585120686884209, "max_depth": 2.0, "num_boost_round": 13.0}, "datetime": {"datetime": "2024-01-19 01:18:43", "elapsed": 4031.623457, "delta": 0.003742}}
{"target": -13.758517701105646, "params": {"gamma": 40.495984951620876, "log10_alpha": -4.672669701005551, "log10_colsample_bytree": -0.5587325999156839, "log10_eta": -3.778690226861119, "log10_lambda": -3.3230303495699944, "log10_min_child_weight": 0.016695171482793425, "log10_subsample": -0.2585120686884209, "max_depth": 2.0, "num_boost_round": 14.0}, "datetime": {"datetime": "2024-01-19 01:18:43", "elapsed": 4031.627239, "delta": 0.003782}}
{"target": -13.758514884921958, "params": {"gamma": 40.495984951620876, "log10_alpha": -4.672669701005551, "log10_colsample_bytree": -0.5587325999156839, "log10_eta": -3.778690226861119, "log10_lambda": -3.3230303495699944, "log10_min_child_weight": 0.016695171482793425, "log10_subsample": -0.2585120686884209, "max_depth": 2.0, "num_boost_round": 15.0}, "datetime": {"datetime": "2024-01-19 01:18:43", "elapsed": 4031.630986, "delta": 0.003747}}
{"target": -13.758516311143453, "params": {"gamma": 40.495984951620876, "log10_alpha": -4.672669701005551, "log10_colsample_bytree": -0.5587325999156839, "log10_eta": -3.778690226861119, "log10_lambda": -3.3230303495699944, "log10_min_child_weight": 0.016695171482793425, "log10_subsample": -0.2585120686884209, "max_depth": 2.0, "num_boost_round": 16.0}, "datetime": {"datetime": "2024-01-19 01:18:43", "elapsed": 4031.634834, "delta": 0.003848}}
{"target": -13.75851649368505, "params": {"gamma": 40.495984951620876, "log10_alpha": -4.672669701005551, "log10_colsample_bytree": -0.5587325999156839, "log10_eta": -3.778690226861119, "log10_lambda": -3.3230303495699944, "log10_min_child_weight": 0.016695171482793425, "log10_subsample": -0.2585120686884209, "max_depth": 2.0, "num_boost_round": 17.0}, "datetime": {"datetime": "2024-01-19 01:18:43", "elapsed": 4031.638608, "delta": 0.003774}}
{"target": -13.758516301385605, "params": {"gamma": 40.495984951620876, "log10_alpha": -4.672669701005551, "log10_colsample_bytree": -0.5587325999156839, "log10_eta": -3.778690226861119, "log10_lambda": -3.3230303495699944, "log10_min_child_weight": 0.016695171482793425, "log10_subsample": -0.2585120686884209, "max_depth": 2.0, "num_boost_round": 18.0}, "datetime": {"datetime": "2024-01-19 01:18:43", "elapsed": 4031.642378, "delta": 0.00377}}
{"target": -13.758513193094718, "params": {"gamma": 40.495984951620876, "log10_alpha": -4.672669701005551, "log10_colsample_bytree": -0.5587325999156839, "log10_eta": -3.778690226861119, "log10_lambda": -3.3230303495699944, "log10_min_child_weight": 0.016695171482793425, "log10_subsample": -0.2585120686884209, "max_depth": 2.0, "num_boost_round": 19.0}, "datetime": {"datetime": "2024-01-19 01:18:43", "elapsed": 4031.646154, "delta": 0.003776}}
{"target": -13.758510998909136, "params": {"gamma": 40.495984951620876, "log10_alpha": -4.672669701005551, "log10_colsample_bytree": -0.5587325999156839, "log10_eta": -3.778690226861119, "log10_lambda": -3.3230303495699944, "log10_min_child_weight": 0.016695171482793425, "log10_subsample": -0.2585120686884209, "max_depth": 2.0, "num_boost_round": 20.0}, "datetime": {"datetime": "2024-01-19 01:18:43", "elapsed": 4031.64994, "delta": 0.003786}}
{"target": -13.758509524140237, "params": {"gamma": 40.495984951620876, "log10_alpha": -4.672669701005551, "log10_colsample_bytree": -0.5587325999156839, "log10_eta": -3.778690226861119, "log10_lambda": -3.3230303495699944, "log10_min_child_weight": 0.016695171482793425, "log10_subsample": -0.2585120686884209, "max_depth": 2.0, "num_boost_round": 21.0}, "datetime": {"datetime": "2024-01-19 01:18:43", "elapsed": 4031.653832, "delta": 0.003892}}
{"target": -13.758508830475355, "params": {"gamma": 40.495984951620876, "log10_alpha": -4.672669701005551, "log10_colsample_bytree": -0.5587325999156839, "log10_eta": -3.778690226861119, "log10_lambda": -3.3230303495699944, "log10_min_child_weight": 0.016695171482793425, "log10_subsample": -0.2585120686884209, "max_depth": 2.0, "num_boost_round": 22.0}, "datetime": {"datetime": "2024-01-19 01:18:43", "elapsed": 4031.657603, "delta": 0.003771}}
{"target": -13.758507167493933, "params": {"gamma": 40.495984951620876, "log10_alpha": -4.672669701005551, "log10_colsample_bytree": -0.5587325999156839, "log10_eta": -3.778690226861119, "log10_lambda": -3.3230303495699944, "log10_min_child_weight": 0.016695171482793425, "log10_subsample": -0.2585120686884209, "max_depth": 2.0, "num_boost_round": 23.0}, "datetime": {"datetime": "2024-01-19 01:18:43", "elapsed": 4031.661459, "delta": 0.003856}}
{"target": -13.758507055582598, "params": {"gamma": 40.495984951620876, "log10_alpha": -4.672669701005551, "log10_colsample_bytree": -0.5587325999156839, "log10_eta": -3.778690226861119, "log10_lambda": -3.3230303495699944, "log10_min_child_weight": 0.016695171482793425, "log10_subsample": -0.2585120686884209, "max_depth": 2.0, "num_boost_round": 24.0}, "datetime": {"datetime": "2024-01-19 01:18:43", "elapsed": 4031.665225, "delta": 0.003766}}
{"target": -13.758504656818815, "params": {"gamma": 40.495984951620876, "log10_alpha": -4.672669701005551, "log10_colsample_bytree": -0.5587325999156839, "log10_eta": -3.778690226861119, "log10_lambda": -3.3230303495699944, "log10_min_child_weight": 0.016695171482793425, "log10_subsample": -0.2585120686884209, "max_depth": 2.0, "num_boost_round": 25.0}, "datetime": {"datetime": "2024-01-19 01:18:43", "elapsed": 4031.668999, "delta": 0.003774}}
{"target": -13.758504297647045, "params": {"gamma": 40.495984951620876, "log10_alpha": -4.672669701005551, "log10_colsample_bytree": -0.5587325999156839, "log10_eta": -3.778690226861119, "log10_lambda": -3.3230303495699944, "log10_min_child_weight": 0.016695171482793425, "log10_subsample": -0.2585120686884209, "max_depth": 2.0, "num_boost_round": 26.0}, "datetime": {"datetime": "2024-01-19 01:18:43", "elapsed": 4031.672773, "delta": 0.003774}}
{"target": -13.758502311332203, "params": {"gamma": 40.495984951620876, "log10_alpha": -4.672669701005551, "log10_colsample_bytree": -0.5587325999156839, "log10_eta": -3.778690226861119, "log10_lambda": -3.3230303495699944, "log10_min_child_weight": 0.016695171482793425, "log10_subsample": -0.2585120686884209, "max_depth": 2.0, "num_boost_round": 27.0}, "datetime": {"datetime": "2024-01-19 01:18:43", "elapsed": 4031.67657, "delta": 0.003797}}
