{"target": -17.676736226984527, "params": {"gamma": 52.520454324945455, "log10_alpha": -3.005780434291281, "log10_colsample_bytree": -0.8098661342135491, "log10_eta": -2.638146653761405, "log10_lambda": -2.5491338405887394, "log10_min_child_weight": 0.37771518579185814, "log10_subsample": -0.8830497915324235, "max_depth": 3.0, "num_boost_round": 7.0}, "datetime": {"datetime": "2024-01-19 01:26:33", "elapsed": 4500.764605, "delta": 0.005222}}
{"target": -17.676683135276047, "params": {"gamma": 52.520454324945455, "log10_alpha": -3.005780434291281, "log10_colsample_bytree": -0.8098661342135491, "log10_eta": -2.638146653761405, "log10_lambda": -2.5491338405887394, "log10_min_child_weight": 0.37771518579185814, "log10_subsample": -0.8830497915324235, "max_depth": 3.0, "num_boost_round": 8.0}, "datetime": {"datetime": "2024-01-19 01:26:33", "elapsed": 4500.770203, "delta": 0.005598}}
{"target": -17.676643011716738, "params": {"gamma": 52.520454324945455, "log10_alpha": -3.005780434291281, "log10_colsample_bytree": -0.8098661342135491, "log10_eta": -2.638146653761405, "log10_lambda": -2.5491338405887394, "log10_min_child_weight": 0.37771518579185814, "log10_subsample": -0.8830497915324235, "max_depth": 3.0, "num_boost_round": 9.0}, "datetime": {"datetime": "2024-01-19 01:26:33", "elapsed": 4500.775624, "delta": 0.005421}}
{"target": -17.676584715842406, "params": {"gamma": 52.520454324945455, "log10_alpha": -3.005780434291281, "log10_colsample_bytree": -0.8098661342135491, "log10_eta": -2.638146653761405, "log10_lambda": -2.5491338405887394, "log10_min_child_weight": 0.37771518579185814, "log10_subsample": -0.8830497915324235, "max_depth": 3.0, "num_boost_round": 10.0}, "datetime": {"datetime": "2024-01-19 01:26:33", "elapsed": 4500.781535, "delta": 0.005911}}
{"target": -17.67651016809284, "params": {"gamma": 52.520454324945455, "log10_alpha": -3.005780434291281, "log10_colsample_bytree": -0.8098661342135491, "log10_eta": -2.638146653761405, "log10_lambda": -2.5491338405887394, "log10_min_child_weight": 0.37771518579185814, "log10_subsample": -0.8830497915324235, "max_depth": 3.0, "num_boost_round": 11.0}, "datetime": {"datetime": "2024-01-19 01:26:33", "elapsed": 4500.786857, "delta": 0.005322}}
{"target": -17.67643511966964, "params": {"gamma": 52.520454324945455, "log10_alpha": -3.005780434291281, "log10_colsample_bytree": -0.8098661342135491, "log10_eta": -2.638146653761405, "log10_lambda": -2.5491338405887394, "log10_min_child_weight": 0.37771518579185814, "log10_subsample": -0.8830497915324235, "max_depth": 3.0, "num_boost_round": 12.0}, "datetime": {"datetime": "2024-01-19 01:26:33", "elapsed": 4500.792309, "delta": 0.005452}}
{"target": -17.676294659787462, "params": {"gamma": 52.520454324945455, "log10_alpha": -3.005780434291281, "log10_colsample_bytree": -0.8098661342135491, "log10_eta": -2.638146653761405, "log10_lambda": -2.5491338405887394, "log10_min_child_weight": 0.37771518579185814, "log10_subsample": -0.8830497915324235, "max_depth": 3.0, "num_boost_round": 13.0}, "datetime": {"datetime": "2024-01-19 01:26:33", "elapsed": 4500.797739, "delta": 0.00543}}
{"target": -17.67624569026754, "params": {"gamma": 52.520454324945455, "log10_alpha": -3.005780434291281, "log10_colsample_bytree": -0.8098661342135491, "log10_eta": -2.638146653761405, "log10_lambda": -2.5491338405887394, "log10_min_child_weight": 0.37771518579185814, "log10_subsample": -0.8830497915324235, "max_depth": 3.0, "num_boost_round": 14.0}, "datetime": {"datetime": "2024-01-19 01:26:33", "elapsed": 4500.803376, "delta": 0.005637}}
{"target": -17.676133508838856, "params": {"gamma": 52.520454324945455, "log10_alpha": -3.005780434291281, "log10_colsample_bytree": -0.8098661342135491, "log10_eta": -2.638146653761405, "log10_lambda": -2.5491338405887394, "log10_min_child_weight": 0.37771518579185814, "log10_subsample": -0.8830497915324235, "max_depth": 3.0, "num_boost_round": 15.0}, "datetime": {"datetime": "2024-01-19 01:26:33", "elapsed": 4500.808908, "delta": 0.005532}}
{"target": -17.676029058975278, "params": {"gamma": 52.520454324945455, "log10_alpha": -3.005780434291281, "log10_colsample_bytree": -0.8098661342135491, "log10_eta": -2.638146653761405, "log10_lambda": -2.5491338405887394, "log10_min_child_weight": 0.37771518579185814, "log10_subsample": -0.8830497915324235, "max_depth": 3.0, "num_boost_round": 16.0}, "datetime": {"datetime": "2024-01-19 01:26:33", "elapsed": 4500.814435, "delta": 0.005527}}
{"target": -17.67594061323999, "params": {"gamma": 52.520454324945455, "log10_alpha": -3.005780434291281, "log10_colsample_bytree": -0.8098661342135491, "log10_eta": -2.638146653761405, "log10_lambda": -2.5491338405887394, "log10_min_child_weight": 0.37771518579185814, "log10_subsample": -0.8830497915324235, "max_depth": 3.0, "num_boost_round": 17.0}, "datetime": {"datetime": "2024-01-19 01:26:33", "elapsed": 4500.819655, "delta": 0.00522}}
{"target": -17.675896316532963, "params": {"gamma": 52.520454324945455, "log10_alpha": -3.005780434291281, "log10_colsample_bytree": -0.8098661342135491, "log10_eta": -2.638146653761405, "log10_lambda": -2.5491338405887394, "log10_min_child_weight": 0.37771518579185814, "log10_subsample": -0.8830497915324235, "max_depth": 3.0, "num_boost_round": 18.0}, "datetime": {"datetime": "2024-01-19 01:26:33", "elapsed": 4500.825022, "delta": 0.005367}}
{"target": -17.675857015408404, "params": {"gamma": 52.520454324945455, "log10_alpha": -3.005780434291281, "log10_colsample_bytree": -0.8098661342135491, "log10_eta": -2.638146653761405, "log10_lambda": -2.5491338405887394, "log10_min_child_weight": 0.37771518579185814, "log10_subsample": -0.8830497915324235, "max_depth": 3.0, "num_boost_round": 19.0}, "datetime": {"datetime": "2024-01-19 01:26:33", "elapsed": 4500.830783, "delta": 0.005761}}
{"target": -17.67581874434347, "params": {"gamma": 52.520454324945455, "log10_alpha": -3.005780434291281, "log10_colsample_bytree": -0.8098661342135491, "log10_eta": -2.638146653761405, "log10_lambda": -2.5491338405887394, "log10_min_child_weight": 0.37771518579185814, "log10_subsample": -0.8830497915324235, "max_depth": 3.0, "num_boost_round": 20.0}, "datetime": {"datetime": "2024-01-19 01:26:33", "elapsed": 4500.836162, "delta": 0.005379}}
{"target": -17.67572979362177, "params": {"gamma": 52.520454324945455, "log10_alpha": -3.005780434291281, "log10_colsample_bytree": -0.8098661342135491, "log10_eta": -2.638146653761405, "log10_lambda": -2.5491338405887394, "log10_min_child_weight": 0.37771518579185814, "log10_subsample": -0.8830497915324235, "max_depth": 3.0, "num_boost_round": 21.0}, "datetime": {"datetime": "2024-01-19 01:26:33", "elapsed": 4500.841662, "delta": 0.0055}}
{"target": -17.67565846557752, "params": {"gamma": 52.520454324945455, "log10_alpha": -3.005780434291281, "log10_colsample_bytree": -0.8098661342135491, "log10_eta": -2.638146653761405, "log10_lambda": -2.5491338405887394, "log10_min_child_weight": 0.37771518579185814, "log10_subsample": -0.8830497915324235, "max_depth": 3.0, "num_boost_round": 22.0}, "datetime": {"datetime": "2024-01-19 01:26:33", "elapsed": 4500.8471, "delta": 0.005438}}
{"target": -17.675564169583417, "params": {"gamma": 52.520454324945455, "log10_alpha": -3.005780434291281, "log10_colsample_bytree": -0.8098661342135491, "log10_eta": -2.638146653761405, "log10_lambda": -2.5491338405887394, "log10_min_child_weight": 0.37771518579185814, "log10_subsample": -0.8830497915324235, "max_depth": 3.0, "num_boost_round": 23.0}, "datetime": {"datetime": "2024-01-19 01:26:33", "elapsed": 4500.852405, "delta": 0.005305}}
{"target": -17.6755111071872, "params": {"gamma": 52.520454324945455, "log10_alpha": -3.005780434291281, "log10_colsample_bytree": -0.8098661342135491, "log10_eta": -2.638146653761405, "log10_lambda": -2.5491338405887394, "log10_min_child_weight": 0.37771518579185814, "log10_subsample": -0.8830497915324235, "max_depth": 3.0, "num_boost_round": 24.0}, "datetime": {"datetime": "2024-01-19 01:26:33", "elapsed": 4500.857801, "delta": 0.005396}}
{"target": -17.67541699419582, "params": {"gamma": 52.520454324945455, "log10_alpha": -3.005780434291281, "log10_colsample_bytree": -0.8098661342135491, "log10_eta": -2.638146653761405, "log10_lambda": -2.5491338405887394, "log10_min_child_weight": 0.37771518579185814, "log10_subsample": -0.8830497915324235, "max_depth": 3.0, "num_boost_round": 25.0}, "datetime": {"datetime": "2024-01-19 01:26:33", "elapsed": 4500.863187, "delta": 0.005386}}
{"target": -17.67535167449376, "params": {"gamma": 52.520454324945455, "log10_alpha": -3.005780434291281, "log10_colsample_bytree": -0.8098661342135491, "log10_eta": -2.638146653761405, "log10_lambda": -2.5491338405887394, "log10_min_child_weight": 0.37771518579185814, "log10_subsample": -0.8830497915324235, "max_depth": 3.0, "num_boost_round": 26.0}, "datetime": {"datetime": "2024-01-19 01:26:33", "elapsed": 4500.868527, "delta": 0.00534}}
{"target": -17.675340736178388, "params": {"gamma": 52.520454324945455, "log10_alpha": -3.005780434291281, "log10_colsample_bytree": -0.8098661342135491, "log10_eta": -2.638146653761405, "log10_lambda": -2.5491338405887394, "log10_min_child_weight": 0.37771518579185814, "log10_subsample": -0.8830497915324235, "max_depth": 3.0, "num_boost_round": 27.0}, "datetime": {"datetime": "2024-01-19 01:26:33", "elapsed": 4500.873912, "delta": 0.005385}}
{"target": -17.675266197680124, "params": {"gamma": 52.520454324945455, "log10_alpha": -3.005780434291281, "log10_colsample_bytree": -0.8098661342135491, "log10_eta": -2.638146653761405, "log10_lambda": -2.5491338405887394, "log10_min_child_weight": 0.37771518579185814, "log10_subsample": -0.8830497915324235, "max_depth": 3.0, "num_boost_round": 28.0}, "datetime": {"datetime": "2024-01-19 01:26:33", "elapsed": 4500.879693, "delta": 0.005781}}
{"target": -17.675174864615602, "params": {"gamma": 52.520454324945455, "log10_alpha": -3.005780434291281, "log10_colsample_bytree": -0.8098661342135491, "log10_eta": -2.638146653761405, "log10_lambda": -2.5491338405887394, "log10_min_child_weight": 0.37771518579185814, "log10_subsample": -0.8830497915324235, "max_depth": 3.0, "num_boost_round": 29.0}, "datetime": {"datetime": "2024-01-19 01:26:33", "elapsed": 4500.885166, "delta": 0.005473}}
{"target": -17.675136166756392, "params": {"gamma": 52.520454324945455, "log10_alpha": -3.005780434291281, "log10_colsample_bytree": -0.8098661342135491, "log10_eta": -2.638146653761405, "log10_lambda": -2.5491338405887394, "log10_min_child_weight": 0.37771518579185814, "log10_subsample": -0.8830497915324235, "max_depth": 3.0, "num_boost_round": 30.0}, "datetime": {"datetime": "2024-01-19 01:26:33", "elapsed": 4500.890432, "delta": 0.005266}}
{"target": -17.675038355495506, "params": {"gamma": 52.520454324945455, "log10_alpha": -3.005780434291281, "log10_colsample_bytree": -0.8098661342135491, "log10_eta": -2.638146653761405, "log10_lambda": -2.5491338405887394, "log10_min_child_weight": 0.37771518579185814, "log10_subsample": -0.8830497915324235, "max_depth": 3.0, "num_boost_round": 31.0}, "datetime": {"datetime": "2024-01-19 01:26:33", "elapsed": 4500.895742, "delta": 0.00531}}
{"target": -17.674991024144944, "params": {"gamma": 52.520454324945455, "log10_alpha": -3.005780434291281, "log10_colsample_bytree": -0.8098661342135491, "log10_eta": -2.638146653761405, "log10_lambda": -2.5491338405887394, "log10_min_child_weight": 0.37771518579185814, "log10_subsample": -0.8830497915324235, "max_depth": 3.0, "num_boost_round": 32.0}, "datetime": {"datetime": "2024-01-19 01:26:33", "elapsed": 4500.901121, "delta": 0.005379}}
{"target": -17.674884466266302, "params": {"gamma": 52.520454324945455, "log10_alpha": -3.005780434291281, "log10_colsample_bytree": -0.8098661342135491, "log10_eta": -2.638146653761405, "log10_lambda": -2.5491338405887394, "log10_min_child_weight": 0.37771518579185814, "log10_subsample": -0.8830497915324235, "max_depth": 3.0, "num_boost_round": 33.0}, "datetime": {"datetime": "2024-01-19 01:26:33", "elapsed": 4500.906514, "delta": 0.005393}}
{"target": -17.674808432929424, "params": {"gamma": 52.520454324945455, "log10_alpha": -3.005780434291281, "log10_colsample_bytree": -0.8098661342135491, "log10_eta": -2.638146653761405, "log10_lambda": -2.5491338405887394, "log10_min_child_weight": 0.37771518579185814, "log10_subsample": -0.8830497915324235, "max_depth": 3.0, "num_boost_round": 34.0}, "datetime": {"datetime": "2024-01-19 01:26:33", "elapsed": 4500.912146, "delta": 0.005632}}
{"target": -17.674747913776944, "params": {"gamma": 52.520454324945455, "log10_alpha": -3.005780434291281, "log10_colsample_bytree": -0.8098661342135491, "log10_eta": -2.638146653761405, "log10_lambda": -2.5491338405887394, "log10_min_child_weight": 0.37771518579185814, "log10_subsample": -0.8830497915324235, "max_depth": 3.0, "num_boost_round": 35.0}, "datetime": {"datetime": "2024-01-19 01:26:33", "elapsed": 4500.917441, "delta": 0.005295}}
{"target": -17.67467530767678, "params": {"gamma": 52.520454324945455, "log10_alpha": -3.005780434291281, "log10_colsample_bytree": -0.8098661342135491, "log10_eta": -2.638146653761405, "log10_lambda": -2.5491338405887394, "log10_min_child_weight": 0.37771518579185814, "log10_subsample": -0.8830497915324235, "max_depth": 3.0, "num_boost_round": 36.0}, "datetime": {"datetime": "2024-01-19 01:26:33", "elapsed": 4500.92274, "delta": 0.005299}}
{"target": -17.674643724881825, "params": {"gamma": 52.520454324945455, "log10_alpha": -3.005780434291281, "log10_colsample_bytree": -0.8098661342135491, "log10_eta": -2.638146653761405, "log10_lambda": -2.5491338405887394, "log10_min_child_weight": 0.37771518579185814, "log10_subsample": -0.8830497915324235, "max_depth": 3.0, "num_boost_round": 37.0}, "datetime": {"datetime": "2024-01-19 01:26:33", "elapsed": 4500.928429, "delta": 0.005689}}
{"target": -17.674573029223737, "params": {"gamma": 52.520454324945455, "log10_alpha": -3.005780434291281, "log10_colsample_bytree": -0.8098661342135491, "log10_eta": -2.638146653761405, "log10_lambda": -2.5491338405887394, "log10_min_child_weight": 0.37771518579185814, "log10_subsample": -0.8830497915324235, "max_depth": 3.0, "num_boost_round": 38.0}, "datetime": {"datetime": "2024-01-19 01:26:33", "elapsed": 4500.933901, "delta": 0.005472}}
{"target": -17.674486477007765, "params": {"gamma": 52.520454324945455, "log10_alpha": -3.005780434291281, "log10_colsample_bytree": -0.8098661342135491, "log10_eta": -2.638146653761405, "log10_lambda": -2.5491338405887394, "log10_min_child_weight": 0.37771518579185814, "log10_subsample": -0.8830497915324235, "max_depth": 3.0, "num_boost_round": 39.0}, "datetime": {"datetime": "2024-01-19 01:26:33", "elapsed": 4500.939354, "delta": 0.005453}}
{"target": -17.674491674493574, "params": {"gamma": 52.520454324945455, "log10_alpha": -3.005780434291281, "log10_colsample_bytree": -0.8098661342135491, "log10_eta": -2.638146653761405, "log10_lambda": -2.5491338405887394, "log10_min_child_weight": 0.37771518579185814, "log10_subsample": -0.8830497915324235, "max_depth": 3.0, "num_boost_round": 40.0}, "datetime": {"datetime": "2024-01-19 01:26:33", "elapsed": 4500.944845, "delta": 0.005491}}
{"target": -17.674542158706217, "params": {"gamma": 52.520454324945455, "log10_alpha": -3.005780434291281, "log10_colsample_bytree": -0.8098661342135491, "log10_eta": -2.638146653761405, "log10_lambda": -2.5491338405887394, "log10_min_child_weight": 0.37771518579185814, "log10_subsample": -0.8830497915324235, "max_depth": 3.0, "num_boost_round": 41.0}, "datetime": {"datetime": "2024-01-19 01:26:33", "elapsed": 4501.074438, "delta": 0.129593}}
{"target": -17.67438721173329, "params": {"gamma": 52.520454324945455, "log10_alpha": -3.005780434291281, "log10_colsample_bytree": -0.8098661342135491, "log10_eta": -2.638146653761405, "log10_lambda": -2.5491338405887394, "log10_min_child_weight": 0.37771518579185814, "log10_subsample": -0.8830497915324235, "max_depth": 3.0, "num_boost_round": 42.0}, "datetime": {"datetime": "2024-01-19 01:26:33", "elapsed": 4501.081198, "delta": 0.00676}}
{"target": -17.674339681772434, "params": {"gamma": 52.520454324945455, "log10_alpha": -3.005780434291281, "log10_colsample_bytree": -0.8098661342135491, "log10_eta": -2.638146653761405, "log10_lambda": -2.5491338405887394, "log10_min_child_weight": 0.37771518579185814, "log10_subsample": -0.8830497915324235, "max_depth": 3.0, "num_boost_round": 43.0}, "datetime": {"datetime": "2024-01-19 01:26:33", "elapsed": 4501.087193, "delta": 0.005995}}
{"target": -17.67432264779601, "params": {"gamma": 52.520454324945455, "log10_alpha": -3.005780434291281, "log10_colsample_bytree": -0.8098661342135491, "log10_eta": -2.638146653761405, "log10_lambda": -2.5491338405887394, "log10_min_child_weight": 0.37771518579185814, "log10_subsample": -0.8830497915324235, "max_depth": 3.0, "num_boost_round": 44.0}, "datetime": {"datetime": "2024-01-19 01:26:33", "elapsed": 4501.093021, "delta": 0.005828}}
{"target": -17.677229701502235, "params": {"gamma": 67.64094885449096, "log10_alpha": -1.950691630727078, "log10_colsample_bytree": -1.0, "log10_eta": -4.0, "log10_lambda": 1.0, "log10_min_child_weight": 0.0, "log10_subsample": 0.0, "max_depth": 2.0, "num_boost_round": 0.0}, "datetime": {"datetime": "2024-01-19 01:27:50", "elapsed": 4578.142248, "delta": 77.049227}}
{"target": -17.677225558328114, "params": {"gamma": 67.64094885449096, "log10_alpha": -1.950691630727078, "log10_colsample_bytree": -1.0, "log10_eta": -4.0, "log10_lambda": 1.0, "log10_min_child_weight": 0.0, "log10_subsample": 0.0, "max_depth": 2.0, "num_boost_round": 1.0}, "datetime": {"datetime": "2024-01-19 01:27:50", "elapsed": 4578.14864, "delta": 0.006392}}
{"target": -17.677225584485033, "params": {"gamma": 67.64094885449096, "log10_alpha": -1.950691630727078, "log10_colsample_bytree": -1.0, "log10_eta": -4.0, "log10_lambda": 1.0, "log10_min_child_weight": 0.0, "log10_subsample": 0.0, "max_depth": 2.0, "num_boost_round": 2.0}, "datetime": {"datetime": "2024-01-19 01:27:50", "elapsed": 4578.154011, "delta": 0.005371}}
{"target": -17.677225196096305, "params": {"gamma": 67.64094885449096, "log10_alpha": -1.950691630727078, "log10_colsample_bytree": -1.0, "log10_eta": -4.0, "log10_lambda": 1.0, "log10_min_child_weight": 0.0, "log10_subsample": 0.0, "max_depth": 2.0, "num_boost_round": 3.0}, "datetime": {"datetime": "2024-01-19 01:27:50", "elapsed": 4578.159426, "delta": 0.005415}}
{"target": -17.67722352040571, "params": {"gamma": 67.64094885449096, "log10_alpha": -1.950691630727078, "log10_colsample_bytree": -1.0, "log10_eta": -4.0, "log10_lambda": 1.0, "log10_min_child_weight": 0.0, "log10_subsample": 0.0, "max_depth": 2.0, "num_boost_round": 4.0}, "datetime": {"datetime": "2024-01-19 01:27:50", "elapsed": 4578.164738, "delta": 0.005312}}
{"target": -17.677222987340006, "params": {"gamma": 67.64094885449096, "log10_alpha": -1.950691630727078, "log10_colsample_bytree": -1.0, "log10_eta": -4.0, "log10_lambda": 1.0, "log10_min_child_weight": 0.0, "log10_subsample": 0.0, "max_depth": 2.0, "num_boost_round": 5.0}, "datetime": {"datetime": "2024-01-19 01:27:50", "elapsed": 4578.17014, "delta": 0.005402}}
{"target": -17.67722120396609, "params": {"gamma": 67.64094885449096, "log10_alpha": -1.950691630727078, "log10_colsample_bytree": -1.0, "log10_eta": -4.0, "log10_lambda": 1.0, "log10_min_child_weight": 0.0, "log10_subsample": 0.0, "max_depth": 2.0, "num_boost_round": 6.0}, "datetime": {"datetime": "2024-01-19 01:27:50", "elapsed": 4578.175514, "delta": 0.005374}}
{"target": -17.67721878371412, "params": {"gamma": 67.64094885449096, "log10_alpha": -1.950691630727078, "log10_colsample_bytree": -1.0, "log10_eta": -4.0, "log10_lambda": 1.0, "log10_min_child_weight": 0.0, "log10_subsample": 0.0, "max_depth": 2.0, "num_boost_round": 7.0}, "datetime": {"datetime": "2024-01-19 01:27:50", "elapsed": 4578.181275, "delta": 0.005761}}
{"target": -17.677219812477922, "params": {"gamma": 67.64094885449096, "log10_alpha": -1.950691630727078, "log10_colsample_bytree": -1.0, "log10_eta": -4.0, "log10_lambda": 1.0, "log10_min_child_weight": 0.0, "log10_subsample": 0.0, "max_depth": 2.0, "num_boost_round": 8.0}, "datetime": {"datetime": "2024-01-19 01:27:50", "elapsed": 4578.186643, "delta": 0.005368}}
{"target": -17.67721829662495, "params": {"gamma": 67.64094885449096, "log10_alpha": -1.950691630727078, "log10_colsample_bytree": -1.0, "log10_eta": -4.0, "log10_lambda": 1.0, "log10_min_child_weight": 0.0, "log10_subsample": 0.0, "max_depth": 2.0, "num_boost_round": 9.0}, "datetime": {"datetime": "2024-01-19 01:27:50", "elapsed": 4578.192207, "delta": 0.005564}}
{"target": -17.67721685242932, "params": {"gamma": 67.64094885449096, "log10_alpha": -1.950691630727078, "log10_colsample_bytree": -1.0, "log10_eta": -4.0, "log10_lambda": 1.0, "log10_min_child_weight": 0.0, "log10_subsample": 0.0, "max_depth": 2.0, "num_boost_round": 10.0}, "datetime": {"datetime": "2024-01-19 01:27:50", "elapsed": 4578.197534, "delta": 0.005327}}
{"target": -17.677214607392475, "params": {"gamma": 67.64094885449096, "log10_alpha": -1.950691630727078, "log10_colsample_bytree": -1.0, "log10_eta": -4.0, "log10_lambda": 1.0, "log10_min_child_weight": 0.0, "log10_subsample": 0.0, "max_depth": 2.0, "num_boost_round": 11.0}, "datetime": {"datetime": "2024-01-19 01:27:50", "elapsed": 4578.202776, "delta": 0.005242}}
{"target": -17.677213654134448, "params": {"gamma": 67.64094885449096, "log10_alpha": -1.950691630727078, "log10_colsample_bytree": -1.0, "log10_eta": -4.0, "log10_lambda": 1.0, "log10_min_child_weight": 0.0, "log10_subsample": 0.0, "max_depth": 2.0, "num_boost_round": 12.0}, "datetime": {"datetime": "2024-01-19 01:27:50", "elapsed": 4578.208141, "delta": 0.005365}}
