{"target": -13.756749578884408, "params": {"gamma": 734.8033638329201, "log10_alpha": -4.411547564919645, "log10_colsample_bytree": -0.4161332443575356, "log10_eta": -2.6157574161841475, "log10_lambda": 0.9364458553631616, "log10_min_child_weight": 3.0929028486570216, "log10_subsample": -0.41311123284221807, "max_depth": 7.0, "num_boost_round": 65.0}, "datetime": {"datetime": "2024-01-19 02:22:10", "elapsed": 7838.554635, "delta": 0.008061}}
{"target": -13.756763595417285, "params": {"gamma": 734.8033638329201, "log10_alpha": -4.411547564919645, "log10_colsample_bytree": -0.4161332443575356, "log10_eta": -2.6157574161841475, "log10_lambda": 0.9364458553631616, "log10_min_child_weight": 3.0929028486570216, "log10_subsample": -0.41311123284221807, "max_depth": 7.0, "num_boost_round": 66.0}, "datetime": {"datetime": "2024-01-19 02:22:10", "elapsed": 7838.562391, "delta": 0.007756}}
{"target": -13.756756907082698, "params": {"gamma": 734.8033638329201, "log10_alpha": -4.411547564919645, "log10_colsample_bytree": -0.4161332443575356, "log10_eta": -2.6157574161841475, "log10_lambda": 0.9364458553631616, "log10_min_child_weight": 3.0929028486570216, "log10_subsample": -0.41311123284221807, "max_depth": 7.0, "num_boost_round": 67.0}, "datetime": {"datetime": "2024-01-19 02:22:10", "elapsed": 7838.570277, "delta": 0.007886}}
{"target": -13.756701830311409, "params": {"gamma": 734.8033638329201, "log10_alpha": -4.411547564919645, "log10_colsample_bytree": -0.4161332443575356, "log10_eta": -2.6157574161841475, "log10_lambda": 0.9364458553631616, "log10_min_child_weight": 3.0929028486570216, "log10_subsample": -0.41311123284221807, "max_depth": 7.0, "num_boost_round": 68.0}, "datetime": {"datetime": "2024-01-19 02:22:11", "elapsed": 7838.577944, "delta": 0.007667}}
{"target": -13.756723127626195, "params": {"gamma": 734.8033638329201, "log10_alpha": -4.411547564919645, "log10_colsample_bytree": -0.4161332443575356, "log10_eta": -2.6157574161841475, "log10_lambda": 0.9364458553631616, "log10_min_child_weight": 3.0929028486570216, "log10_subsample": -0.41311123284221807, "max_depth": 7.0, "num_boost_round": 69.0}, "datetime": {"datetime": "2024-01-19 02:22:11", "elapsed": 7838.586011, "delta": 0.008067}}
{"target": -13.75667323054398, "params": {"gamma": 734.8033638329201, "log10_alpha": -4.411547564919645, "log10_colsample_bytree": -0.4161332443575356, "log10_eta": -2.6157574161841475, "log10_lambda": 0.9364458553631616, "log10_min_child_weight": 3.0929028486570216, "log10_subsample": -0.41311123284221807, "max_depth": 7.0, "num_boost_round": 70.0}, "datetime": {"datetime": "2024-01-19 02:22:11", "elapsed": 7838.594061, "delta": 0.00805}}
{"target": -13.758538821399137, "params": {"gamma": 714.2168762574486, "log10_alpha": -1.3543678521019327, "log10_colsample_bytree": 0.0, "log10_eta": -4.0, "log10_lambda": -2.659992353650533, "log10_min_child_weight": 2.14569757421947, "log10_subsample": -0.10779052837147012, "max_depth": 5.0, "num_boost_round": 0.0}, "datetime": {"datetime": "2024-01-19 02:23:30", "elapsed": 7918.252379, "delta": 79.658318}}
{"target": -13.758537816293122, "params": {"gamma": 714.2168762574486, "log10_alpha": -1.3543678521019327, "log10_colsample_bytree": 0.0, "log10_eta": -4.0, "log10_lambda": -2.659992353650533, "log10_min_child_weight": 2.14569757421947, "log10_subsample": -0.10779052837147012, "max_depth": 5.0, "num_boost_round": 1.0}, "datetime": {"datetime": "2024-01-19 02:23:30", "elapsed": 7918.260568, "delta": 0.008189}}
{"target": -13.758537378111281, "params": {"gamma": 714.2168762574486, "log10_alpha": -1.3543678521019327, "log10_colsample_bytree": 0.0, "log10_eta": -4.0, "log10_lambda": -2.659992353650533, "log10_min_child_weight": 2.14569757421947, "log10_subsample": -0.10779052837147012, "max_depth": 5.0, "num_boost_round": 2.0}, "datetime": {"datetime": "2024-01-19 02:23:30", "elapsed": 7918.268113, "delta": 0.007545}}
{"target": -13.758536001729876, "params": {"gamma": 714.2168762574486, "log10_alpha": -1.3543678521019327, "log10_colsample_bytree": 0.0, "log10_eta": -4.0, "log10_lambda": -2.659992353650533, "log10_min_child_weight": 2.14569757421947, "log10_subsample": -0.10779052837147012, "max_depth": 5.0, "num_boost_round": 3.0}, "datetime": {"datetime": "2024-01-19 02:23:30", "elapsed": 7918.275682, "delta": 0.007569}}
{"target": -13.758535079634658, "params": {"gamma": 714.2168762574486, "log10_alpha": -1.3543678521019327, "log10_colsample_bytree": 0.0, "log10_eta": -4.0, "log10_lambda": -2.659992353650533, "log10_min_child_weight": 2.14569757421947, "log10_subsample": -0.10779052837147012, "max_depth": 5.0, "num_boost_round": 4.0}, "datetime": {"datetime": "2024-01-19 02:23:30", "elapsed": 7918.284177, "delta": 0.008495}}
{"target": -13.758531166261028, "params": {"gamma": 714.2168762574486, "log10_alpha": -1.3543678521019327, "log10_colsample_bytree": 0.0, "log10_eta": -4.0, "log10_lambda": -2.659992353650533, "log10_min_child_weight": 2.14569757421947, "log10_subsample": -0.10779052837147012, "max_depth": 5.0, "num_boost_round": 5.0}, "datetime": {"datetime": "2024-01-19 02:23:30", "elapsed": 7918.292298, "delta": 0.008121}}
{"target": -13.758531963708426, "params": {"gamma": 714.2168762574486, "log10_alpha": -1.3543678521019327, "log10_colsample_bytree": 0.0, "log10_eta": -4.0, "log10_lambda": -2.659992353650533, "log10_min_child_weight": 2.14569757421947, "log10_subsample": -0.10779052837147012, "max_depth": 5.0, "num_boost_round": 6.0}, "datetime": {"datetime": "2024-01-19 02:23:30", "elapsed": 7918.299899, "delta": 0.007601}}
{"target": -13.758527338899151, "params": {"gamma": 714.2168762574486, "log10_alpha": -1.3543678521019327, "log10_colsample_bytree": 0.0, "log10_eta": -4.0, "log10_lambda": -2.659992353650533, "log10_min_child_weight": 2.14569757421947, "log10_subsample": -0.10779052837147012, "max_depth": 5.0, "num_boost_round": 7.0}, "datetime": {"datetime": "2024-01-19 02:23:30", "elapsed": 7918.307648, "delta": 0.007749}}
{"target": -13.758526289617325, "params": {"gamma": 714.2168762574486, "log10_alpha": -1.3543678521019327, "log10_colsample_bytree": 0.0, "log10_eta": -4.0, "log10_lambda": -2.659992353650533, "log10_min_child_weight": 2.14569757421947, "log10_subsample": -0.10779052837147012, "max_depth": 5.0, "num_boost_round": 8.0}, "datetime": {"datetime": "2024-01-19 02:23:30", "elapsed": 7918.315368, "delta": 0.00772}}
{"target": -13.758525001130712, "params": {"gamma": 714.2168762574486, "log10_alpha": -1.3543678521019327, "log10_colsample_bytree": 0.0, "log10_eta": -4.0, "log10_lambda": -2.659992353650533, "log10_min_child_weight": 2.14569757421947, "log10_subsample": -0.10779052837147012, "max_depth": 5.0, "num_boost_round": 9.0}, "datetime": {"datetime": "2024-01-19 02:23:30", "elapsed": 7918.322683, "delta": 0.007315}}
{"target": -13.758526152982089, "params": {"gamma": 714.2168762574486, "log10_alpha": -1.3543678521019327, "log10_colsample_bytree": 0.0, "log10_eta": -4.0, "log10_lambda": -2.659992353650533, "log10_min_child_weight": 2.14569757421947, "log10_subsample": -0.10779052837147012, "max_depth": 5.0, "num_boost_round": 10.0}, "datetime": {"datetime": "2024-01-19 02:23:30", "elapsed": 7918.330273, "delta": 0.00759}}
{"target": -13.758526066107363, "params": {"gamma": 714.2168762574486, "log10_alpha": -1.3543678521019327, "log10_colsample_bytree": 0.0, "log10_eta": -4.0, "log10_lambda": -2.659992353650533, "log10_min_child_weight": 2.14569757421947, "log10_subsample": -0.10779052837147012, "max_depth": 5.0, "num_boost_round": 11.0}, "datetime": {"datetime": "2024-01-19 02:23:30", "elapsed": 7918.338057, "delta": 0.007784}}
{"target": -13.758523750874705, "params": {"gamma": 714.2168762574486, "log10_alpha": -1.3543678521019327, "log10_colsample_bytree": 0.0, "log10_eta": -4.0, "log10_lambda": -2.659992353650533, "log10_min_child_weight": 2.14569757421947, "log10_subsample": -0.10779052837147012, "max_depth": 5.0, "num_boost_round": 12.0}, "datetime": {"datetime": "2024-01-19 02:23:30", "elapsed": 7918.346598, "delta": 0.008541}}
{"target": -13.758524603871754, "params": {"gamma": 714.2168762574486, "log10_alpha": -1.3543678521019327, "log10_colsample_bytree": 0.0, "log10_eta": -4.0, "log10_lambda": -2.659992353650533, "log10_min_child_weight": 2.14569757421947, "log10_subsample": -0.10779052837147012, "max_depth": 5.0, "num_boost_round": 13.0}, "datetime": {"datetime": "2024-01-19 02:23:30", "elapsed": 7918.355178, "delta": 0.00858}}
{"target": -13.758523475652181, "params": {"gamma": 714.2168762574486, "log10_alpha": -1.3543678521019327, "log10_colsample_bytree": 0.0, "log10_eta": -4.0, "log10_lambda": -2.659992353650533, "log10_min_child_weight": 2.14569757421947, "log10_subsample": -0.10779052837147012, "max_depth": 5.0, "num_boost_round": 14.0}, "datetime": {"datetime": "2024-01-19 02:23:30", "elapsed": 7918.363232, "delta": 0.008054}}
{"target": -13.758521886608762, "params": {"gamma": 714.2168762574486, "log10_alpha": -1.3543678521019327, "log10_colsample_bytree": 0.0, "log10_eta": -4.0, "log10_lambda": -2.659992353650533, "log10_min_child_weight": 2.14569757421947, "log10_subsample": -0.10779052837147012, "max_depth": 5.0, "num_boost_round": 15.0}, "datetime": {"datetime": "2024-01-19 02:23:30", "elapsed": 7918.370874, "delta": 0.007642}}
{"target": -13.758520657961745, "params": {"gamma": 714.2168762574486, "log10_alpha": -1.3543678521019327, "log10_colsample_bytree": 0.0, "log10_eta": -4.0, "log10_lambda": -2.659992353650533, "log10_min_child_weight": 2.14569757421947, "log10_subsample": -0.10779052837147012, "max_depth": 5.0, "num_boost_round": 16.0}, "datetime": {"datetime": "2024-01-19 02:23:30", "elapsed": 7918.378549, "delta": 0.007675}}
{"target": -13.758521648908506, "params": {"gamma": 714.2168762574486, "log10_alpha": -1.3543678521019327, "log10_colsample_bytree": 0.0, "log10_eta": -4.0, "log10_lambda": -2.659992353650533, "log10_min_child_weight": 2.14569757421947, "log10_subsample": -0.10779052837147012, "max_depth": 5.0, "num_boost_round": 17.0}, "datetime": {"datetime": "2024-01-19 02:23:30", "elapsed": 7918.386312, "delta": 0.007763}}
{"target": -13.758522722224765, "params": {"gamma": 714.2168762574486, "log10_alpha": -1.3543678521019327, "log10_colsample_bytree": 0.0, "log10_eta": -4.0, "log10_lambda": -2.659992353650533, "log10_min_child_weight": 2.14569757421947, "log10_subsample": -0.10779052837147012, "max_depth": 5.0, "num_boost_round": 18.0}, "datetime": {"datetime": "2024-01-19 02:23:30", "elapsed": 7918.394009, "delta": 0.007697}}
{"target": -13.758523389583319, "params": {"gamma": 714.2168762574486, "log10_alpha": -1.3543678521019327, "log10_colsample_bytree": 0.0, "log10_eta": -4.0, "log10_lambda": -2.659992353650533, "log10_min_child_weight": 2.14569757421947, "log10_subsample": -0.10779052837147012, "max_depth": 5.0, "num_boost_round": 19.0}, "datetime": {"datetime": "2024-01-19 02:23:30", "elapsed": 7918.401495, "delta": 0.007486}}
{"target": -13.75852399773934, "params": {"gamma": 714.2168762574486, "log10_alpha": -1.3543678521019327, "log10_colsample_bytree": 0.0, "log10_eta": -4.0, "log10_lambda": -2.659992353650533, "log10_min_child_weight": 2.14569757421947, "log10_subsample": -0.10779052837147012, "max_depth": 5.0, "num_boost_round": 20.0}, "datetime": {"datetime": "2024-01-19 02:23:30", "elapsed": 7918.409097, "delta": 0.007602}}
{"target": -13.75852484715407, "params": {"gamma": 714.2168762574486, "log10_alpha": -1.3543678521019327, "log10_colsample_bytree": 0.0, "log10_eta": -4.0, "log10_lambda": -2.659992353650533, "log10_min_child_weight": 2.14569757421947, "log10_subsample": -0.10779052837147012, "max_depth": 5.0, "num_boost_round": 21.0}, "datetime": {"datetime": "2024-01-19 02:23:30", "elapsed": 7918.41693, "delta": 0.007833}}
{"target": -13.758524114728878, "params": {"gamma": 714.2168762574486, "log10_alpha": -1.3543678521019327, "log10_colsample_bytree": 0.0, "log10_eta": -4.0, "log10_lambda": -2.659992353650533, "log10_min_child_weight": 2.14569757421947, "log10_subsample": -0.10779052837147012, "max_depth": 5.0, "num_boost_round": 22.0}, "datetime": {"datetime": "2024-01-19 02:23:30", "elapsed": 7918.425576, "delta": 0.008646}}
{"target": -13.758524429117928, "params": {"gamma": 714.2168762574486, "log10_alpha": -1.3543678521019327, "log10_colsample_bytree": 0.0, "log10_eta": -4.0, "log10_lambda": -2.659992353650533, "log10_min_child_weight": 2.14569757421947, "log10_subsample": -0.10779052837147012, "max_depth": 5.0, "num_boost_round": 23.0}, "datetime": {"datetime": "2024-01-19 02:23:30", "elapsed": 7918.43299, "delta": 0.007414}}
{"target": -13.758525175393215, "params": {"gamma": 714.2168762574486, "log10_alpha": -1.3543678521019327, "log10_colsample_bytree": 0.0, "log10_eta": -4.0, "log10_lambda": -2.659992353650533, "log10_min_child_weight": 2.14569757421947, "log10_subsample": -0.10779052837147012, "max_depth": 5.0, "num_boost_round": 24.0}, "datetime": {"datetime": "2024-01-19 02:23:30", "elapsed": 7918.440491, "delta": 0.007501}}
{"target": -13.758524755359508, "params": {"gamma": 714.2168762574486, "log10_alpha": -1.3543678521019327, "log10_colsample_bytree": 0.0, "log10_eta": -4.0, "log10_lambda": -2.659992353650533, "log10_min_child_weight": 2.14569757421947, "log10_subsample": -0.10779052837147012, "max_depth": 5.0, "num_boost_round": 25.0}, "datetime": {"datetime": "2024-01-19 02:23:30", "elapsed": 7918.448181, "delta": 0.00769}}
{"target": -13.758523847911755, "params": {"gamma": 714.2168762574486, "log10_alpha": -1.3543678521019327, "log10_colsample_bytree": 0.0, "log10_eta": -4.0, "log10_lambda": -2.659992353650533, "log10_min_child_weight": 2.14569757421947, "log10_subsample": -0.10779052837147012, "max_depth": 5.0, "num_boost_round": 26.0}, "datetime": {"datetime": "2024-01-19 02:23:30", "elapsed": 7918.455767, "delta": 0.007586}}
{"target": -13.75852458462677, "params": {"gamma": 714.2168762574486, "log10_alpha": -1.3543678521019327, "log10_colsample_bytree": 0.0, "log10_eta": -4.0, "log10_lambda": -2.659992353650533, "log10_min_child_weight": 2.14569757421947, "log10_subsample": -0.10779052837147012, "max_depth": 5.0, "num_boost_round": 27.0}, "datetime": {"datetime": "2024-01-19 02:23:30", "elapsed": 7918.463122, "delta": 0.007355}}
{"target": -13.758520892940684, "params": {"gamma": 714.2168762574486, "log10_alpha": -1.3543678521019327, "log10_colsample_bytree": 0.0, "log10_eta": -4.0, "log10_lambda": -2.659992353650533, "log10_min_child_weight": 2.14569757421947, "log10_subsample": -0.10779052837147012, "max_depth": 5.0, "num_boost_round": 28.0}, "datetime": {"datetime": "2024-01-19 02:23:30", "elapsed": 7918.470708, "delta": 0.007586}}
{"target": -13.758525784299916, "params": {"gamma": 695.1279403010176, "log10_alpha": -1.978285047335902, "log10_colsample_bytree": -0.2828128614444948, "log10_eta": -2.6539824534054977, "log10_lambda": -0.1608733571413703, "log10_min_child_weight": 1.3602664749897764, "log10_subsample": -0.527975579007903, "max_depth": 2.0, "num_boost_round": 0.0}, "datetime": {"datetime": "2024-01-19 02:25:02", "elapsed": 8009.925793, "delta": 91.455085}}
{"target": -13.758511832159726, "params": {"gamma": 695.1279403010176, "log10_alpha": -1.978285047335902, "log10_colsample_bytree": -0.2828128614444948, "log10_eta": -2.6539824534054977, "log10_lambda": -0.1608733571413703, "log10_min_child_weight": 1.3602664749897764, "log10_subsample": -0.527975579007903, "max_depth": 2.0, "num_boost_round": 1.0}, "datetime": {"datetime": "2024-01-19 02:25:02", "elapsed": 8009.934236, "delta": 0.008443}}
{"target": -13.75852096963751, "params": {"gamma": 695.1279403010176, "log10_alpha": -1.978285047335902, "log10_colsample_bytree": -0.2828128614444948, "log10_eta": -2.6539824534054977, "log10_lambda": -0.1608733571413703, "log10_min_child_weight": 1.3602664749897764, "log10_subsample": -0.527975579007903, "max_depth": 2.0, "num_boost_round": 2.0}, "datetime": {"datetime": "2024-01-19 02:25:02", "elapsed": 8009.942025, "delta": 0.007789}}
{"target": -13.758519566624669, "params": {"gamma": 695.1279403010176, "log10_alpha": -1.978285047335902, "log10_colsample_bytree": -0.2828128614444948, "log10_eta": -2.6539824534054977, "log10_lambda": -0.1608733571413703, "log10_min_child_weight": 1.3602664749897764, "log10_subsample": -0.527975579007903, "max_depth": 2.0, "num_boost_round": 3.0}, "datetime": {"datetime": "2024-01-19 02:25:02", "elapsed": 8009.949791, "delta": 0.007766}}
{"target": -13.758515741159727, "params": {"gamma": 695.1279403010176, "log10_alpha": -1.978285047335902, "log10_colsample_bytree": -0.2828128614444948, "log10_eta": -2.6539824534054977, "log10_lambda": -0.1608733571413703, "log10_min_child_weight": 1.3602664749897764, "log10_subsample": -0.527975579007903, "max_depth": 2.0, "num_boost_round": 4.0}, "datetime": {"datetime": "2024-01-19 02:25:02", "elapsed": 8009.957843, "delta": 0.008052}}
{"target": -13.75850985931777, "params": {"gamma": 695.1279403010176, "log10_alpha": -1.978285047335902, "log10_colsample_bytree": -0.2828128614444948, "log10_eta": -2.6539824534054977, "log10_lambda": -0.1608733571413703, "log10_min_child_weight": 1.3602664749897764, "log10_subsample": -0.527975579007903, "max_depth": 2.0, "num_boost_round": 5.0}, "datetime": {"datetime": "2024-01-19 02:25:02", "elapsed": 8009.965525, "delta": 0.007682}}
{"target": -13.758508225278197, "params": {"gamma": 695.1279403010176, "log10_alpha": -1.978285047335902, "log10_colsample_bytree": -0.2828128614444948, "log10_eta": -2.6539824534054977, "log10_lambda": -0.1608733571413703, "log10_min_child_weight": 1.3602664749897764, "log10_subsample": -0.527975579007903, "max_depth": 2.0, "num_boost_round": 6.0}, "datetime": {"datetime": "2024-01-19 02:25:02", "elapsed": 8009.973078, "delta": 0.007553}}
{"target": -13.758488808815775, "params": {"gamma": 695.1279403010176, "log10_alpha": -1.978285047335902, "log10_colsample_bytree": -0.2828128614444948, "log10_eta": -2.6539824534054977, "log10_lambda": -0.1608733571413703, "log10_min_child_weight": 1.3602664749897764, "log10_subsample": -0.527975579007903, "max_depth": 2.0, "num_boost_round": 7.0}, "datetime": {"datetime": "2024-01-19 02:25:02", "elapsed": 8009.981316, "delta": 0.008238}}
{"target": -13.758461086851225, "params": {"gamma": 695.1279403010176, "log10_alpha": -1.978285047335902, "log10_colsample_bytree": -0.2828128614444948, "log10_eta": -2.6539824534054977, "log10_lambda": -0.1608733571413703, "log10_min_child_weight": 1.3602664749897764, "log10_subsample": -0.527975579007903, "max_depth": 2.0, "num_boost_round": 8.0}, "datetime": {"datetime": "2024-01-19 02:25:02", "elapsed": 8009.989954, "delta": 0.008638}}
{"target": -13.758440838641885, "params": {"gamma": 695.1279403010176, "log10_alpha": -1.978285047335902, "log10_colsample_bytree": -0.2828128614444948, "log10_eta": -2.6539824534054977, "log10_lambda": -0.1608733571413703, "log10_min_child_weight": 1.3602664749897764, "log10_subsample": -0.527975579007903, "max_depth": 2.0, "num_boost_round": 9.0}, "datetime": {"datetime": "2024-01-19 02:25:02", "elapsed": 8009.997871, "delta": 0.007917}}
{"target": -13.758423009014535, "params": {"gamma": 695.1279403010176, "log10_alpha": -1.978285047335902, "log10_colsample_bytree": -0.2828128614444948, "log10_eta": -2.6539824534054977, "log10_lambda": -0.1608733571413703, "log10_min_child_weight": 1.3602664749897764, "log10_subsample": -0.527975579007903, "max_depth": 2.0, "num_boost_round": 10.0}, "datetime": {"datetime": "2024-01-19 02:25:02", "elapsed": 8010.00545, "delta": 0.007579}}
{"target": -13.758391747240864, "params": {"gamma": 695.1279403010176, "log10_alpha": -1.978285047335902, "log10_colsample_bytree": -0.2828128614444948, "log10_eta": -2.6539824534054977, "log10_lambda": -0.1608733571413703, "log10_min_child_weight": 1.3602664749897764, "log10_subsample": -0.527975579007903, "max_depth": 2.0, "num_boost_round": 11.0}, "datetime": {"datetime": "2024-01-19 02:25:02", "elapsed": 8010.013186, "delta": 0.007736}}
{"target": -13.758371126732948, "params": {"gamma": 695.1279403010176, "log10_alpha": -1.978285047335902, "log10_colsample_bytree": -0.2828128614444948, "log10_eta": -2.6539824534054977, "log10_lambda": -0.1608733571413703, "log10_min_child_weight": 1.3602664749897764, "log10_subsample": -0.527975579007903, "max_depth": 2.0, "num_boost_round": 12.0}, "datetime": {"datetime": "2024-01-19 02:25:02", "elapsed": 8010.020609, "delta": 0.007423}}
{"target": -13.758371614204238, "params": {"gamma": 695.1279403010176, "log10_alpha": -1.978285047335902, "log10_colsample_bytree": -0.2828128614444948, "log10_eta": -2.6539824534054977, "log10_lambda": -0.1608733571413703, "log10_min_child_weight": 1.3602664749897764, "log10_subsample": -0.527975579007903, "max_depth": 2.0, "num_boost_round": 13.0}, "datetime": {"datetime": "2024-01-19 02:25:02", "elapsed": 8010.028103, "delta": 0.007494}}
{"target": -13.758350370541574, "params": {"gamma": 695.1279403010176, "log10_alpha": -1.978285047335902, "log10_colsample_bytree": -0.2828128614444948, "log10_eta": -2.6539824534054977, "log10_lambda": -0.1608733571413703, "log10_min_child_weight": 1.3602664749897764, "log10_subsample": -0.527975579007903, "max_depth": 2.0, "num_boost_round": 14.0}, "datetime": {"datetime": "2024-01-19 02:25:02", "elapsed": 8010.035871, "delta": 0.007768}}
{"target": -13.758341209236534, "params": {"gamma": 695.1279403010176, "log10_alpha": -1.978285047335902, "log10_colsample_bytree": -0.2828128614444948, "log10_eta": -2.6539824534054977, "log10_lambda": -0.1608733571413703, "log10_min_child_weight": 1.3602664749897764, "log10_subsample": -0.527975579007903, "max_depth": 2.0, "num_boost_round": 15.0}, "datetime": {"datetime": "2024-01-19 02:25:02", "elapsed": 8010.043867, "delta": 0.007996}}
