{"target": -13.758476396954384, "params": {"gamma": 936.8333318322493, "log10_alpha": -4.221119375942169, "log10_colsample_bytree": -0.38580911452299294, "log10_eta": -2.992367836793124, "log10_lambda": 0.6383046020685521, "log10_min_child_weight": 4.976206129395188, "log10_subsample": -0.17402292744706183, "max_depth": 2.0, "num_boost_round": 25.0}, "datetime": {"datetime": "2024-01-19 01:59:40", "elapsed": 6481.389693, "delta": 0.006681}}
{"target": -13.758476511337117, "params": {"gamma": 936.8333318322493, "log10_alpha": -4.221119375942169, "log10_colsample_bytree": -0.38580911452299294, "log10_eta": -2.992367836793124, "log10_lambda": 0.6383046020685521, "log10_min_child_weight": 4.976206129395188, "log10_subsample": -0.17402292744706183, "max_depth": 2.0, "num_boost_round": 26.0}, "datetime": {"datetime": "2024-01-19 01:59:40", "elapsed": 6481.396328, "delta": 0.006635}}
{"target": -13.758471605362285, "params": {"gamma": 936.8333318322493, "log10_alpha": -4.221119375942169, "log10_colsample_bytree": -0.38580911452299294, "log10_eta": -2.992367836793124, "log10_lambda": 0.6383046020685521, "log10_min_child_weight": 4.976206129395188, "log10_subsample": -0.17402292744706183, "max_depth": 2.0, "num_boost_round": 27.0}, "datetime": {"datetime": "2024-01-19 01:59:40", "elapsed": 6481.402902, "delta": 0.006574}}
{"target": -13.758462539736986, "params": {"gamma": 936.8333318322493, "log10_alpha": -4.221119375942169, "log10_colsample_bytree": -0.38580911452299294, "log10_eta": -2.992367836793124, "log10_lambda": 0.6383046020685521, "log10_min_child_weight": 4.976206129395188, "log10_subsample": -0.17402292744706183, "max_depth": 2.0, "num_boost_round": 28.0}, "datetime": {"datetime": "2024-01-19 01:59:40", "elapsed": 6481.409358, "delta": 0.006456}}
{"target": -13.758461564041946, "params": {"gamma": 936.8333318322493, "log10_alpha": -4.221119375942169, "log10_colsample_bytree": -0.38580911452299294, "log10_eta": -2.992367836793124, "log10_lambda": 0.6383046020685521, "log10_min_child_weight": 4.976206129395188, "log10_subsample": -0.17402292744706183, "max_depth": 2.0, "num_boost_round": 29.0}, "datetime": {"datetime": "2024-01-19 01:59:40", "elapsed": 6481.415817, "delta": 0.006459}}
{"target": -13.758458297650227, "params": {"gamma": 936.8333318322493, "log10_alpha": -4.221119375942169, "log10_colsample_bytree": -0.38580911452299294, "log10_eta": -2.992367836793124, "log10_lambda": 0.6383046020685521, "log10_min_child_weight": 4.976206129395188, "log10_subsample": -0.17402292744706183, "max_depth": 2.0, "num_boost_round": 30.0}, "datetime": {"datetime": "2024-01-19 01:59:40", "elapsed": 6481.422346, "delta": 0.006529}}
{"target": -13.758455331049918, "params": {"gamma": 936.8333318322493, "log10_alpha": -4.221119375942169, "log10_colsample_bytree": -0.38580911452299294, "log10_eta": -2.992367836793124, "log10_lambda": 0.6383046020685521, "log10_min_child_weight": 4.976206129395188, "log10_subsample": -0.17402292744706183, "max_depth": 2.0, "num_boost_round": 31.0}, "datetime": {"datetime": "2024-01-19 01:59:40", "elapsed": 6481.428826, "delta": 0.00648}}
{"target": -13.758455528073704, "params": {"gamma": 936.8333318322493, "log10_alpha": -4.221119375942169, "log10_colsample_bytree": -0.38580911452299294, "log10_eta": -2.992367836793124, "log10_lambda": 0.6383046020685521, "log10_min_child_weight": 4.976206129395188, "log10_subsample": -0.17402292744706183, "max_depth": 2.0, "num_boost_round": 32.0}, "datetime": {"datetime": "2024-01-19 01:59:40", "elapsed": 6481.435387, "delta": 0.006561}}
{"target": -13.758449866419026, "params": {"gamma": 936.8333318322493, "log10_alpha": -4.221119375942169, "log10_colsample_bytree": -0.38580911452299294, "log10_eta": -2.992367836793124, "log10_lambda": 0.6383046020685521, "log10_min_child_weight": 4.976206129395188, "log10_subsample": -0.17402292744706183, "max_depth": 2.0, "num_boost_round": 33.0}, "datetime": {"datetime": "2024-01-19 01:59:40", "elapsed": 6481.441898, "delta": 0.006511}}
{"target": -13.758457674427836, "params": {"gamma": 936.8333318322493, "log10_alpha": -4.221119375942169, "log10_colsample_bytree": -0.38580911452299294, "log10_eta": -2.992367836793124, "log10_lambda": 0.6383046020685521, "log10_min_child_weight": 4.976206129395188, "log10_subsample": -0.17402292744706183, "max_depth": 2.0, "num_boost_round": 34.0}, "datetime": {"datetime": "2024-01-19 01:59:40", "elapsed": 6481.448466, "delta": 0.006568}}
{"target": -13.758457521501308, "params": {"gamma": 936.8333318322493, "log10_alpha": -4.221119375942169, "log10_colsample_bytree": -0.38580911452299294, "log10_eta": -2.992367836793124, "log10_lambda": 0.6383046020685521, "log10_min_child_weight": 4.976206129395188, "log10_subsample": -0.17402292744706183, "max_depth": 2.0, "num_boost_round": 35.0}, "datetime": {"datetime": "2024-01-19 01:59:40", "elapsed": 6481.455113, "delta": 0.006647}}
{"target": -13.758457800793709, "params": {"gamma": 936.8333318322493, "log10_alpha": -4.221119375942169, "log10_colsample_bytree": -0.38580911452299294, "log10_eta": -2.992367836793124, "log10_lambda": 0.6383046020685521, "log10_min_child_weight": 4.976206129395188, "log10_subsample": -0.17402292744706183, "max_depth": 2.0, "num_boost_round": 36.0}, "datetime": {"datetime": "2024-01-19 01:59:40", "elapsed": 6481.550083, "delta": 0.09497}}
{"target": -13.758458071261957, "params": {"gamma": 936.8333318322493, "log10_alpha": -4.221119375942169, "log10_colsample_bytree": -0.38580911452299294, "log10_eta": -2.992367836793124, "log10_lambda": 0.6383046020685521, "log10_min_child_weight": 4.976206129395188, "log10_subsample": -0.17402292744706183, "max_depth": 2.0, "num_boost_round": 37.0}, "datetime": {"datetime": "2024-01-19 01:59:40", "elapsed": 6481.557547, "delta": 0.007464}}
{"target": -13.758458561996097, "params": {"gamma": 936.8333318322493, "log10_alpha": -4.221119375942169, "log10_colsample_bytree": -0.38580911452299294, "log10_eta": -2.992367836793124, "log10_lambda": 0.6383046020685521, "log10_min_child_weight": 4.976206129395188, "log10_subsample": -0.17402292744706183, "max_depth": 2.0, "num_boost_round": 38.0}, "datetime": {"datetime": "2024-01-19 01:59:40", "elapsed": 6481.56427, "delta": 0.006723}}
{"target": -13.758456192132451, "params": {"gamma": 936.8333318322493, "log10_alpha": -4.221119375942169, "log10_colsample_bytree": -0.38580911452299294, "log10_eta": -2.992367836793124, "log10_lambda": 0.6383046020685521, "log10_min_child_weight": 4.976206129395188, "log10_subsample": -0.17402292744706183, "max_depth": 2.0, "num_boost_round": 39.0}, "datetime": {"datetime": "2024-01-19 01:59:40", "elapsed": 6481.570947, "delta": 0.006677}}
{"target": -13.758456571750001, "params": {"gamma": 936.8333318322493, "log10_alpha": -4.221119375942169, "log10_colsample_bytree": -0.38580911452299294, "log10_eta": -2.992367836793124, "log10_lambda": 0.6383046020685521, "log10_min_child_weight": 4.976206129395188, "log10_subsample": -0.17402292744706183, "max_depth": 2.0, "num_boost_round": 40.0}, "datetime": {"datetime": "2024-01-19 01:59:40", "elapsed": 6481.577674, "delta": 0.006727}}
{"target": -13.758464067715648, "params": {"gamma": 936.8333318322493, "log10_alpha": -4.221119375942169, "log10_colsample_bytree": -0.38580911452299294, "log10_eta": -2.992367836793124, "log10_lambda": 0.6383046020685521, "log10_min_child_weight": 4.976206129395188, "log10_subsample": -0.17402292744706183, "max_depth": 2.0, "num_boost_round": 41.0}, "datetime": {"datetime": "2024-01-19 01:59:40", "elapsed": 6481.584334, "delta": 0.00666}}
{"target": -13.75853327374328, "params": {"gamma": 947.4839203151233, "log10_alpha": -3.94006615334823, "log10_colsample_bytree": -0.37201945149022286, "log10_eta": -3.675465600024423, "log10_lambda": -3.371561361345678, "log10_min_child_weight": 0.5858480086233375, "log10_subsample": -0.9354050224201971, "max_depth": 4.0, "num_boost_round": 0.0}, "datetime": {"datetime": "2024-01-19 02:00:59", "elapsed": 6560.582498, "delta": 78.998164}}
{"target": -13.758524506918283, "params": {"gamma": 947.4839203151233, "log10_alpha": -3.94006615334823, "log10_colsample_bytree": -0.37201945149022286, "log10_eta": -3.675465600024423, "log10_lambda": -3.371561361345678, "log10_min_child_weight": 0.5858480086233375, "log10_subsample": -0.9354050224201971, "max_depth": 4.0, "num_boost_round": 1.0}, "datetime": {"datetime": "2024-01-19 02:00:59", "elapsed": 6560.58961, "delta": 0.007112}}
{"target": -13.758519859088223, "params": {"gamma": 947.4839203151233, "log10_alpha": -3.94006615334823, "log10_colsample_bytree": -0.37201945149022286, "log10_eta": -3.675465600024423, "log10_lambda": -3.371561361345678, "log10_min_child_weight": 0.5858480086233375, "log10_subsample": -0.9354050224201971, "max_depth": 4.0, "num_boost_round": 2.0}, "datetime": {"datetime": "2024-01-19 02:00:59", "elapsed": 6560.595892, "delta": 0.006282}}
{"target": -13.758517164459441, "params": {"gamma": 947.4839203151233, "log10_alpha": -3.94006615334823, "log10_colsample_bytree": -0.37201945149022286, "log10_eta": -3.675465600024423, "log10_lambda": -3.371561361345678, "log10_min_child_weight": 0.5858480086233375, "log10_subsample": -0.9354050224201971, "max_depth": 4.0, "num_boost_round": 3.0}, "datetime": {"datetime": "2024-01-19 02:00:59", "elapsed": 6560.602106, "delta": 0.006214}}
{"target": -13.758516000701261, "params": {"gamma": 947.4839203151233, "log10_alpha": -3.94006615334823, "log10_colsample_bytree": -0.37201945149022286, "log10_eta": -3.675465600024423, "log10_lambda": -3.371561361345678, "log10_min_child_weight": 0.5858480086233375, "log10_subsample": -0.9354050224201971, "max_depth": 4.0, "num_boost_round": 4.0}, "datetime": {"datetime": "2024-01-19 02:00:59", "elapsed": 6560.608606, "delta": 0.0065}}
{"target": -13.758519653207129, "params": {"gamma": 947.4839203151233, "log10_alpha": -3.94006615334823, "log10_colsample_bytree": -0.37201945149022286, "log10_eta": -3.675465600024423, "log10_lambda": -3.371561361345678, "log10_min_child_weight": 0.5858480086233375, "log10_subsample": -0.9354050224201971, "max_depth": 4.0, "num_boost_round": 5.0}, "datetime": {"datetime": "2024-01-19 02:00:59", "elapsed": 6560.614873, "delta": 0.006267}}
{"target": -13.758511158593084, "params": {"gamma": 947.4839203151233, "log10_alpha": -3.94006615334823, "log10_colsample_bytree": -0.37201945149022286, "log10_eta": -3.675465600024423, "log10_lambda": -3.371561361345678, "log10_min_child_weight": 0.5858480086233375, "log10_subsample": -0.9354050224201971, "max_depth": 4.0, "num_boost_round": 6.0}, "datetime": {"datetime": "2024-01-19 02:00:59", "elapsed": 6560.621101, "delta": 0.006228}}
{"target": -13.75849857536178, "params": {"gamma": 947.4839203151233, "log10_alpha": -3.94006615334823, "log10_colsample_bytree": -0.37201945149022286, "log10_eta": -3.675465600024423, "log10_lambda": -3.371561361345678, "log10_min_child_weight": 0.5858480086233375, "log10_subsample": -0.9354050224201971, "max_depth": 4.0, "num_boost_round": 7.0}, "datetime": {"datetime": "2024-01-19 02:00:59", "elapsed": 6560.627334, "delta": 0.006233}}
{"target": -13.758491544312337, "params": {"gamma": 947.4839203151233, "log10_alpha": -3.94006615334823, "log10_colsample_bytree": -0.37201945149022286, "log10_eta": -3.675465600024423, "log10_lambda": -3.371561361345678, "log10_min_child_weight": 0.5858480086233375, "log10_subsample": -0.9354050224201971, "max_depth": 4.0, "num_boost_round": 8.0}, "datetime": {"datetime": "2024-01-19 02:00:59", "elapsed": 6560.633489, "delta": 0.006155}}
{"target": -13.758488988605857, "params": {"gamma": 947.4839203151233, "log10_alpha": -3.94006615334823, "log10_colsample_bytree": -0.37201945149022286, "log10_eta": -3.675465600024423, "log10_lambda": -3.371561361345678, "log10_min_child_weight": 0.5858480086233375, "log10_subsample": -0.9354050224201971, "max_depth": 4.0, "num_boost_round": 9.0}, "datetime": {"datetime": "2024-01-19 02:00:59", "elapsed": 6560.639703, "delta": 0.006214}}
{"target": -13.7584865441861, "params": {"gamma": 947.4839203151233, "log10_alpha": -3.94006615334823, "log10_colsample_bytree": -0.37201945149022286, "log10_eta": -3.675465600024423, "log10_lambda": -3.371561361345678, "log10_min_child_weight": 0.5858480086233375, "log10_subsample": -0.9354050224201971, "max_depth": 4.0, "num_boost_round": 10.0}, "datetime": {"datetime": "2024-01-19 02:00:59", "elapsed": 6560.646066, "delta": 0.006363}}
{"target": -13.758482159102385, "params": {"gamma": 947.4839203151233, "log10_alpha": -3.94006615334823, "log10_colsample_bytree": -0.37201945149022286, "log10_eta": -3.675465600024423, "log10_lambda": -3.371561361345678, "log10_min_child_weight": 0.5858480086233375, "log10_subsample": -0.9354050224201971, "max_depth": 4.0, "num_boost_round": 11.0}, "datetime": {"datetime": "2024-01-19 02:00:59", "elapsed": 6560.652498, "delta": 0.006432}}
{"target": -13.758476846665417, "params": {"gamma": 947.4839203151233, "log10_alpha": -3.94006615334823, "log10_colsample_bytree": -0.37201945149022286, "log10_eta": -3.675465600024423, "log10_lambda": -3.371561361345678, "log10_min_child_weight": 0.5858480086233375, "log10_subsample": -0.9354050224201971, "max_depth": 4.0, "num_boost_round": 12.0}, "datetime": {"datetime": "2024-01-19 02:00:59", "elapsed": 6560.658959, "delta": 0.006461}}
{"target": -13.758475515293046, "params": {"gamma": 947.4839203151233, "log10_alpha": -3.94006615334823, "log10_colsample_bytree": -0.37201945149022286, "log10_eta": -3.675465600024423, "log10_lambda": -3.371561361345678, "log10_min_child_weight": 0.5858480086233375, "log10_subsample": -0.9354050224201971, "max_depth": 4.0, "num_boost_round": 13.0}, "datetime": {"datetime": "2024-01-19 02:00:59", "elapsed": 6560.665334, "delta": 0.006375}}
{"target": -13.758475355248375, "params": {"gamma": 947.4839203151233, "log10_alpha": -3.94006615334823, "log10_colsample_bytree": -0.37201945149022286, "log10_eta": -3.675465600024423, "log10_lambda": -3.371561361345678, "log10_min_child_weight": 0.5858480086233375, "log10_subsample": -0.9354050224201971, "max_depth": 4.0, "num_boost_round": 14.0}, "datetime": {"datetime": "2024-01-19 02:00:59", "elapsed": 6560.671661, "delta": 0.006327}}
{"target": -13.758470955725736, "params": {"gamma": 947.4839203151233, "log10_alpha": -3.94006615334823, "log10_colsample_bytree": -0.37201945149022286, "log10_eta": -3.675465600024423, "log10_lambda": -3.371561361345678, "log10_min_child_weight": 0.5858480086233375, "log10_subsample": -0.9354050224201971, "max_depth": 4.0, "num_boost_round": 15.0}, "datetime": {"datetime": "2024-01-19 02:00:59", "elapsed": 6560.677948, "delta": 0.006287}}
{"target": -13.758470851479945, "params": {"gamma": 947.4839203151233, "log10_alpha": -3.94006615334823, "log10_colsample_bytree": -0.37201945149022286, "log10_eta": -3.675465600024423, "log10_lambda": -3.371561361345678, "log10_min_child_weight": 0.5858480086233375, "log10_subsample": -0.9354050224201971, "max_depth": 4.0, "num_boost_round": 16.0}, "datetime": {"datetime": "2024-01-19 02:00:59", "elapsed": 6560.684265, "delta": 0.006317}}
{"target": -13.758470977708384, "params": {"gamma": 947.4839203151233, "log10_alpha": -3.94006615334823, "log10_colsample_bytree": -0.37201945149022286, "log10_eta": -3.675465600024423, "log10_lambda": -3.371561361345678, "log10_min_child_weight": 0.5858480086233375, "log10_subsample": -0.9354050224201971, "max_depth": 4.0, "num_boost_round": 17.0}, "datetime": {"datetime": "2024-01-19 02:00:59", "elapsed": 6560.690527, "delta": 0.006262}}
{"target": -13.75846891667286, "params": {"gamma": 947.4839203151233, "log10_alpha": -3.94006615334823, "log10_colsample_bytree": -0.37201945149022286, "log10_eta": -3.675465600024423, "log10_lambda": -3.371561361345678, "log10_min_child_weight": 0.5858480086233375, "log10_subsample": -0.9354050224201971, "max_depth": 4.0, "num_boost_round": 18.0}, "datetime": {"datetime": "2024-01-19 02:00:59", "elapsed": 6560.696811, "delta": 0.006284}}
{"target": -13.758462583371866, "params": {"gamma": 947.4839203151233, "log10_alpha": -3.94006615334823, "log10_colsample_bytree": -0.37201945149022286, "log10_eta": -3.675465600024423, "log10_lambda": -3.371561361345678, "log10_min_child_weight": 0.5858480086233375, "log10_subsample": -0.9354050224201971, "max_depth": 4.0, "num_boost_round": 19.0}, "datetime": {"datetime": "2024-01-19 02:00:59", "elapsed": 6560.703179, "delta": 0.006368}}
{"target": -13.758457099461257, "params": {"gamma": 947.4839203151233, "log10_alpha": -3.94006615334823, "log10_colsample_bytree": -0.37201945149022286, "log10_eta": -3.675465600024423, "log10_lambda": -3.371561361345678, "log10_min_child_weight": 0.5858480086233375, "log10_subsample": -0.9354050224201971, "max_depth": 4.0, "num_boost_round": 20.0}, "datetime": {"datetime": "2024-01-19 02:00:59", "elapsed": 6560.709466, "delta": 0.006287}}
{"target": -13.758458616263018, "params": {"gamma": 947.4839203151233, "log10_alpha": -3.94006615334823, "log10_colsample_bytree": -0.37201945149022286, "log10_eta": -3.675465600024423, "log10_lambda": -3.371561361345678, "log10_min_child_weight": 0.5858480086233375, "log10_subsample": -0.9354050224201971, "max_depth": 4.0, "num_boost_round": 21.0}, "datetime": {"datetime": "2024-01-19 02:00:59", "elapsed": 6560.715758, "delta": 0.006292}}
{"target": -13.758373377080318, "params": {"gamma": 927.5200410666345, "log10_alpha": -0.47973275387764147, "log10_colsample_bytree": -0.7157402432009687, "log10_eta": -2.1727633094236443, "log10_lambda": 0.6983862877876144, "log10_min_child_weight": 1.9976872960612468, "log10_subsample": -0.2010291851070375, "max_depth": 3.0, "num_boost_round": 0.0}, "datetime": {"datetime": "2024-01-19 02:02:59", "elapsed": 6680.312898, "delta": 119.59714}}
{"target": -13.758259862998086, "params": {"gamma": 927.5200410666345, "log10_alpha": -0.47973275387764147, "log10_colsample_bytree": -0.7157402432009687, "log10_eta": -2.1727633094236443, "log10_lambda": 0.6983862877876144, "log10_min_child_weight": 1.9976872960612468, "log10_subsample": -0.2010291851070375, "max_depth": 3.0, "num_boost_round": 1.0}, "datetime": {"datetime": "2024-01-19 02:02:59", "elapsed": 6680.319942, "delta": 0.007044}}
{"target": -13.758231737748309, "params": {"gamma": 927.5200410666345, "log10_alpha": -0.47973275387764147, "log10_colsample_bytree": -0.7157402432009687, "log10_eta": -2.1727633094236443, "log10_lambda": 0.6983862877876144, "log10_min_child_weight": 1.9976872960612468, "log10_subsample": -0.2010291851070375, "max_depth": 3.0, "num_boost_round": 2.0}, "datetime": {"datetime": "2024-01-19 02:02:59", "elapsed": 6680.326324, "delta": 0.006382}}
{"target": -13.758074610218461, "params": {"gamma": 927.5200410666345, "log10_alpha": -0.47973275387764147, "log10_colsample_bytree": -0.7157402432009687, "log10_eta": -2.1727633094236443, "log10_lambda": 0.6983862877876144, "log10_min_child_weight": 1.9976872960612468, "log10_subsample": -0.2010291851070375, "max_depth": 3.0, "num_boost_round": 3.0}, "datetime": {"datetime": "2024-01-19 02:02:59", "elapsed": 6680.332739, "delta": 0.006415}}
{"target": -13.758049780230536, "params": {"gamma": 927.5200410666345, "log10_alpha": -0.47973275387764147, "log10_colsample_bytree": -0.7157402432009687, "log10_eta": -2.1727633094236443, "log10_lambda": 0.6983862877876144, "log10_min_child_weight": 1.9976872960612468, "log10_subsample": -0.2010291851070375, "max_depth": 3.0, "num_boost_round": 4.0}, "datetime": {"datetime": "2024-01-19 02:02:59", "elapsed": 6680.339177, "delta": 0.006438}}
{"target": -13.757931115265842, "params": {"gamma": 927.5200410666345, "log10_alpha": -0.47973275387764147, "log10_colsample_bytree": -0.7157402432009687, "log10_eta": -2.1727633094236443, "log10_lambda": 0.6983862877876144, "log10_min_child_weight": 1.9976872960612468, "log10_subsample": -0.2010291851070375, "max_depth": 3.0, "num_boost_round": 5.0}, "datetime": {"datetime": "2024-01-19 02:02:59", "elapsed": 6680.345596, "delta": 0.006419}}
{"target": -13.75782816707255, "params": {"gamma": 927.5200410666345, "log10_alpha": -0.47973275387764147, "log10_colsample_bytree": -0.7157402432009687, "log10_eta": -2.1727633094236443, "log10_lambda": 0.6983862877876144, "log10_min_child_weight": 1.9976872960612468, "log10_subsample": -0.2010291851070375, "max_depth": 3.0, "num_boost_round": 6.0}, "datetime": {"datetime": "2024-01-19 02:02:59", "elapsed": 6680.351979, "delta": 0.006383}}
{"target": -13.757757525974736, "params": {"gamma": 927.5200410666345, "log10_alpha": -0.47973275387764147, "log10_colsample_bytree": -0.7157402432009687, "log10_eta": -2.1727633094236443, "log10_lambda": 0.6983862877876144, "log10_min_child_weight": 1.9976872960612468, "log10_subsample": -0.2010291851070375, "max_depth": 3.0, "num_boost_round": 7.0}, "datetime": {"datetime": "2024-01-19 02:02:59", "elapsed": 6680.358373, "delta": 0.006394}}
{"target": -13.757796869461755, "params": {"gamma": 927.5200410666345, "log10_alpha": -0.47973275387764147, "log10_colsample_bytree": -0.7157402432009687, "log10_eta": -2.1727633094236443, "log10_lambda": 0.6983862877876144, "log10_min_child_weight": 1.9976872960612468, "log10_subsample": -0.2010291851070375, "max_depth": 3.0, "num_boost_round": 8.0}, "datetime": {"datetime": "2024-01-19 02:02:59", "elapsed": 6680.364821, "delta": 0.006448}}
{"target": -13.757714740628643, "params": {"gamma": 927.5200410666345, "log10_alpha": -0.47973275387764147, "log10_colsample_bytree": -0.7157402432009687, "log10_eta": -2.1727633094236443, "log10_lambda": 0.6983862877876144, "log10_min_child_weight": 1.9976872960612468, "log10_subsample": -0.2010291851070375, "max_depth": 3.0, "num_boost_round": 9.0}, "datetime": {"datetime": "2024-01-19 02:02:59", "elapsed": 6680.371235, "delta": 0.006414}}
