{"target": -13.758409950533073, "params": {"gamma": 875.761858635915, "log10_alpha": -1.7087954610372034, "log10_colsample_bytree": -0.8340912548691392, "log10_eta": -3.4165633362615746, "log10_lambda": 0.17112103351316232, "log10_min_child_weight": 0.9554507921391325, "log10_subsample": -0.06407539140215446, "max_depth": 9.0, "num_boost_round": 15.0}, "datetime": {"datetime": "2024-01-19 00:59:15", "elapsed": 2859.399336, "delta": 0.003582}}
{"target": -13.75839738565067, "params": {"gamma": 875.761858635915, "log10_alpha": -1.7087954610372034, "log10_colsample_bytree": -0.8340912548691392, "log10_eta": -3.4165633362615746, "log10_lambda": 0.17112103351316232, "log10_min_child_weight": 0.9554507921391325, "log10_subsample": -0.06407539140215446, "max_depth": 9.0, "num_boost_round": 16.0}, "datetime": {"datetime": "2024-01-19 00:59:15", "elapsed": 2859.40294, "delta": 0.003604}}
{"target": -13.758352846130402, "params": {"gamma": 875.761858635915, "log10_alpha": -1.7087954610372034, "log10_colsample_bytree": -0.8340912548691392, "log10_eta": -3.4165633362615746, "log10_lambda": 0.17112103351316232, "log10_min_child_weight": 0.9554507921391325, "log10_subsample": -0.06407539140215446, "max_depth": 9.0, "num_boost_round": 17.0}, "datetime": {"datetime": "2024-01-19 00:59:15", "elapsed": 2859.406536, "delta": 0.003596}}
{"target": -13.758337706778496, "params": {"gamma": 875.761858635915, "log10_alpha": -1.7087954610372034, "log10_colsample_bytree": -0.8340912548691392, "log10_eta": -3.4165633362615746, "log10_lambda": 0.17112103351316232, "log10_min_child_weight": 0.9554507921391325, "log10_subsample": -0.06407539140215446, "max_depth": 9.0, "num_boost_round": 18.0}, "datetime": {"datetime": "2024-01-19 00:59:15", "elapsed": 2859.410137, "delta": 0.003601}}
{"target": -13.758304669549789, "params": {"gamma": 875.761858635915, "log10_alpha": -1.7087954610372034, "log10_colsample_bytree": -0.8340912548691392, "log10_eta": -3.4165633362615746, "log10_lambda": 0.17112103351316232, "log10_min_child_weight": 0.9554507921391325, "log10_subsample": -0.06407539140215446, "max_depth": 9.0, "num_boost_round": 19.0}, "datetime": {"datetime": "2024-01-19 00:59:15", "elapsed": 2859.413978, "delta": 0.003841}}
{"target": -13.758287600778061, "params": {"gamma": 875.761858635915, "log10_alpha": -1.7087954610372034, "log10_colsample_bytree": -0.8340912548691392, "log10_eta": -3.4165633362615746, "log10_lambda": 0.17112103351316232, "log10_min_child_weight": 0.9554507921391325, "log10_subsample": -0.06407539140215446, "max_depth": 9.0, "num_boost_round": 20.0}, "datetime": {"datetime": "2024-01-19 00:59:15", "elapsed": 2859.41762, "delta": 0.003642}}
{"target": -13.758253827855324, "params": {"gamma": 875.761858635915, "log10_alpha": -1.7087954610372034, "log10_colsample_bytree": -0.8340912548691392, "log10_eta": -3.4165633362615746, "log10_lambda": 0.17112103351316232, "log10_min_child_weight": 0.9554507921391325, "log10_subsample": -0.06407539140215446, "max_depth": 9.0, "num_boost_round": 21.0}, "datetime": {"datetime": "2024-01-19 00:59:15", "elapsed": 2859.421297, "delta": 0.003677}}
{"target": -13.75822934280089, "params": {"gamma": 875.761858635915, "log10_alpha": -1.7087954610372034, "log10_colsample_bytree": -0.8340912548691392, "log10_eta": -3.4165633362615746, "log10_lambda": 0.17112103351316232, "log10_min_child_weight": 0.9554507921391325, "log10_subsample": -0.06407539140215446, "max_depth": 9.0, "num_boost_round": 22.0}, "datetime": {"datetime": "2024-01-19 00:59:15", "elapsed": 2859.424927, "delta": 0.00363}}
{"target": -13.758223140537739, "params": {"gamma": 875.761858635915, "log10_alpha": -1.7087954610372034, "log10_colsample_bytree": -0.8340912548691392, "log10_eta": -3.4165633362615746, "log10_lambda": 0.17112103351316232, "log10_min_child_weight": 0.9554507921391325, "log10_subsample": -0.06407539140215446, "max_depth": 9.0, "num_boost_round": 23.0}, "datetime": {"datetime": "2024-01-19 00:59:15", "elapsed": 2859.428546, "delta": 0.003619}}
{"target": -13.758213310374167, "params": {"gamma": 875.761858635915, "log10_alpha": -1.7087954610372034, "log10_colsample_bytree": -0.8340912548691392, "log10_eta": -3.4165633362615746, "log10_lambda": 0.17112103351316232, "log10_min_child_weight": 0.9554507921391325, "log10_subsample": -0.06407539140215446, "max_depth": 9.0, "num_boost_round": 24.0}, "datetime": {"datetime": "2024-01-19 00:59:15", "elapsed": 2859.432931, "delta": 0.004385}}
{"target": -13.7582089221258, "params": {"gamma": 875.761858635915, "log10_alpha": -1.7087954610372034, "log10_colsample_bytree": -0.8340912548691392, "log10_eta": -3.4165633362615746, "log10_lambda": 0.17112103351316232, "log10_min_child_weight": 0.9554507921391325, "log10_subsample": -0.06407539140215446, "max_depth": 9.0, "num_boost_round": 25.0}, "datetime": {"datetime": "2024-01-19 00:59:15", "elapsed": 2859.436755, "delta": 0.003824}}
{"target": -13.758195146815018, "params": {"gamma": 875.761858635915, "log10_alpha": -1.7087954610372034, "log10_colsample_bytree": -0.8340912548691392, "log10_eta": -3.4165633362615746, "log10_lambda": 0.17112103351316232, "log10_min_child_weight": 0.9554507921391325, "log10_subsample": -0.06407539140215446, "max_depth": 9.0, "num_boost_round": 26.0}, "datetime": {"datetime": "2024-01-19 00:59:15", "elapsed": 2859.440551, "delta": 0.003796}}
{"target": -13.75818634556551, "params": {"gamma": 875.761858635915, "log10_alpha": -1.7087954610372034, "log10_colsample_bytree": -0.8340912548691392, "log10_eta": -3.4165633362615746, "log10_lambda": 0.17112103351316232, "log10_min_child_weight": 0.9554507921391325, "log10_subsample": -0.06407539140215446, "max_depth": 9.0, "num_boost_round": 27.0}, "datetime": {"datetime": "2024-01-19 00:59:15", "elapsed": 2859.445004, "delta": 0.004453}}
{"target": -13.758172682705572, "params": {"gamma": 875.761858635915, "log10_alpha": -1.7087954610372034, "log10_colsample_bytree": -0.8340912548691392, "log10_eta": -3.4165633362615746, "log10_lambda": 0.17112103351316232, "log10_min_child_weight": 0.9554507921391325, "log10_subsample": -0.06407539140215446, "max_depth": 9.0, "num_boost_round": 28.0}, "datetime": {"datetime": "2024-01-19 00:59:15", "elapsed": 2859.449203, "delta": 0.004199}}
{"target": -13.758143505555788, "params": {"gamma": 875.761858635915, "log10_alpha": -1.7087954610372034, "log10_colsample_bytree": -0.8340912548691392, "log10_eta": -3.4165633362615746, "log10_lambda": 0.17112103351316232, "log10_min_child_weight": 0.9554507921391325, "log10_subsample": -0.06407539140215446, "max_depth": 9.0, "num_boost_round": 29.0}, "datetime": {"datetime": "2024-01-19 00:59:15", "elapsed": 2859.453013, "delta": 0.00381}}
{"target": -13.758124585298788, "params": {"gamma": 875.761858635915, "log10_alpha": -1.7087954610372034, "log10_colsample_bytree": -0.8340912548691392, "log10_eta": -3.4165633362615746, "log10_lambda": 0.17112103351316232, "log10_min_child_weight": 0.9554507921391325, "log10_subsample": -0.06407539140215446, "max_depth": 9.0, "num_boost_round": 30.0}, "datetime": {"datetime": "2024-01-19 00:59:15", "elapsed": 2859.456657, "delta": 0.003644}}
{"target": -13.758539029017413, "params": {"gamma": 872.4591816435911, "log10_alpha": -4.449226573583058, "log10_colsample_bytree": -0.24323111774975614, "log10_eta": -3.1896846171137847, "log10_lambda": -3.169358642479356, "log10_min_child_weight": 2.997188499529073, "log10_subsample": -0.02739413537195734, "max_depth": 7.0, "num_boost_round": 0.0}, "datetime": {"datetime": "2024-01-19 01:00:25", "elapsed": 2929.616272, "delta": 70.159615}}
{"target": -13.758536000271194, "params": {"gamma": 872.4591816435911, "log10_alpha": -4.449226573583058, "log10_colsample_bytree": -0.24323111774975614, "log10_eta": -3.1896846171137847, "log10_lambda": -3.169358642479356, "log10_min_child_weight": 2.997188499529073, "log10_subsample": -0.02739413537195734, "max_depth": 7.0, "num_boost_round": 1.0}, "datetime": {"datetime": "2024-01-19 01:00:25", "elapsed": 2929.620545, "delta": 0.004273}}
{"target": -13.758507386023513, "params": {"gamma": 872.4591816435911, "log10_alpha": -4.449226573583058, "log10_colsample_bytree": -0.24323111774975614, "log10_eta": -3.1896846171137847, "log10_lambda": -3.169358642479356, "log10_min_child_weight": 2.997188499529073, "log10_subsample": -0.02739413537195734, "max_depth": 7.0, "num_boost_round": 2.0}, "datetime": {"datetime": "2024-01-19 01:00:25", "elapsed": 2929.624584, "delta": 0.004039}}
{"target": -13.758481760720041, "params": {"gamma": 872.4591816435911, "log10_alpha": -4.449226573583058, "log10_colsample_bytree": -0.24323111774975614, "log10_eta": -3.1896846171137847, "log10_lambda": -3.169358642479356, "log10_min_child_weight": 2.997188499529073, "log10_subsample": -0.02739413537195734, "max_depth": 7.0, "num_boost_round": 3.0}, "datetime": {"datetime": "2024-01-19 01:00:25", "elapsed": 2929.628221, "delta": 0.003637}}
{"target": -13.758463280972805, "params": {"gamma": 872.4591816435911, "log10_alpha": -4.449226573583058, "log10_colsample_bytree": -0.24323111774975614, "log10_eta": -3.1896846171137847, "log10_lambda": -3.169358642479356, "log10_min_child_weight": 2.997188499529073, "log10_subsample": -0.02739413537195734, "max_depth": 7.0, "num_boost_round": 4.0}, "datetime": {"datetime": "2024-01-19 01:00:25", "elapsed": 2929.632075, "delta": 0.003854}}
{"target": -13.758463064986096, "params": {"gamma": 872.4591816435911, "log10_alpha": -4.449226573583058, "log10_colsample_bytree": -0.24323111774975614, "log10_eta": -3.1896846171137847, "log10_lambda": -3.169358642479356, "log10_min_child_weight": 2.997188499529073, "log10_subsample": -0.02739413537195734, "max_depth": 7.0, "num_boost_round": 5.0}, "datetime": {"datetime": "2024-01-19 01:00:25", "elapsed": 2929.63576, "delta": 0.003685}}
{"target": -13.75846389855575, "params": {"gamma": 872.4591816435911, "log10_alpha": -4.449226573583058, "log10_colsample_bytree": -0.24323111774975614, "log10_eta": -3.1896846171137847, "log10_lambda": -3.169358642479356, "log10_min_child_weight": 2.997188499529073, "log10_subsample": -0.02739413537195734, "max_depth": 7.0, "num_boost_round": 6.0}, "datetime": {"datetime": "2024-01-19 01:00:25", "elapsed": 2929.639601, "delta": 0.003841}}
{"target": -13.758469536798875, "params": {"gamma": 872.4591816435911, "log10_alpha": -4.449226573583058, "log10_colsample_bytree": -0.24323111774975614, "log10_eta": -3.1896846171137847, "log10_lambda": -3.169358642479356, "log10_min_child_weight": 2.997188499529073, "log10_subsample": -0.02739413537195734, "max_depth": 7.0, "num_boost_round": 7.0}, "datetime": {"datetime": "2024-01-19 01:00:25", "elapsed": 2929.643276, "delta": 0.003675}}
{"target": -13.758482217771489, "params": {"gamma": 872.4591816435911, "log10_alpha": -4.449226573583058, "log10_colsample_bytree": -0.24323111774975614, "log10_eta": -3.1896846171137847, "log10_lambda": -3.169358642479356, "log10_min_child_weight": 2.997188499529073, "log10_subsample": -0.02739413537195734, "max_depth": 7.0, "num_boost_round": 8.0}, "datetime": {"datetime": "2024-01-19 01:00:25", "elapsed": 2929.646897, "delta": 0.003621}}
{"target": -13.758486415611475, "params": {"gamma": 872.4591816435911, "log10_alpha": -4.449226573583058, "log10_colsample_bytree": -0.24323111774975614, "log10_eta": -3.1896846171137847, "log10_lambda": -3.169358642479356, "log10_min_child_weight": 2.997188499529073, "log10_subsample": -0.02739413537195734, "max_depth": 7.0, "num_boost_round": 9.0}, "datetime": {"datetime": "2024-01-19 01:00:25", "elapsed": 2929.650578, "delta": 0.003681}}
{"target": -13.758490316111173, "params": {"gamma": 872.4591816435911, "log10_alpha": -4.449226573583058, "log10_colsample_bytree": -0.24323111774975614, "log10_eta": -3.1896846171137847, "log10_lambda": -3.169358642479356, "log10_min_child_weight": 2.997188499529073, "log10_subsample": -0.02739413537195734, "max_depth": 7.0, "num_boost_round": 10.0}, "datetime": {"datetime": "2024-01-19 01:00:25", "elapsed": 2929.65426, "delta": 0.003682}}
{"target": -13.758458474645408, "params": {"gamma": 872.4591816435911, "log10_alpha": -4.449226573583058, "log10_colsample_bytree": -0.24323111774975614, "log10_eta": -3.1896846171137847, "log10_lambda": -3.169358642479356, "log10_min_child_weight": 2.997188499529073, "log10_subsample": -0.02739413537195734, "max_depth": 7.0, "num_boost_round": 11.0}, "datetime": {"datetime": "2024-01-19 01:00:25", "elapsed": 2929.657962, "delta": 0.003702}}
{"target": -13.75847442835087, "params": {"gamma": 872.4591816435911, "log10_alpha": -4.449226573583058, "log10_colsample_bytree": -0.24323111774975614, "log10_eta": -3.1896846171137847, "log10_lambda": -3.169358642479356, "log10_min_child_weight": 2.997188499529073, "log10_subsample": -0.02739413537195734, "max_depth": 7.0, "num_boost_round": 12.0}, "datetime": {"datetime": "2024-01-19 01:00:25", "elapsed": 2929.661539, "delta": 0.003577}}
{"target": -13.758484837018779, "params": {"gamma": 872.4591816435911, "log10_alpha": -4.449226573583058, "log10_colsample_bytree": -0.24323111774975614, "log10_eta": -3.1896846171137847, "log10_lambda": -3.169358642479356, "log10_min_child_weight": 2.997188499529073, "log10_subsample": -0.02739413537195734, "max_depth": 7.0, "num_boost_round": 13.0}, "datetime": {"datetime": "2024-01-19 01:00:25", "elapsed": 2929.665138, "delta": 0.003599}}
{"target": -13.758496113398484, "params": {"gamma": 872.4591816435911, "log10_alpha": -4.449226573583058, "log10_colsample_bytree": -0.24323111774975614, "log10_eta": -3.1896846171137847, "log10_lambda": -3.169358642479356, "log10_min_child_weight": 2.997188499529073, "log10_subsample": -0.02739413537195734, "max_depth": 7.0, "num_boost_round": 14.0}, "datetime": {"datetime": "2024-01-19 01:00:25", "elapsed": 2929.668738, "delta": 0.0036}}
{"target": -13.758472580931937, "params": {"gamma": 872.4591816435911, "log10_alpha": -4.449226573583058, "log10_colsample_bytree": -0.24323111774975614, "log10_eta": -3.1896846171137847, "log10_lambda": -3.169358642479356, "log10_min_child_weight": 2.997188499529073, "log10_subsample": -0.02739413537195734, "max_depth": 7.0, "num_boost_round": 15.0}, "datetime": {"datetime": "2024-01-19 01:00:25", "elapsed": 2929.672413, "delta": 0.003675}}
{"target": -13.758464815687148, "params": {"gamma": 872.4591816435911, "log10_alpha": -4.449226573583058, "log10_colsample_bytree": -0.24323111774975614, "log10_eta": -3.1896846171137847, "log10_lambda": -3.169358642479356, "log10_min_child_weight": 2.997188499529073, "log10_subsample": -0.02739413537195734, "max_depth": 7.0, "num_boost_round": 16.0}, "datetime": {"datetime": "2024-01-19 01:00:25", "elapsed": 2929.676094, "delta": 0.003681}}
{"target": -13.758467533417656, "params": {"gamma": 872.4591816435911, "log10_alpha": -4.449226573583058, "log10_colsample_bytree": -0.24323111774975614, "log10_eta": -3.1896846171137847, "log10_lambda": -3.169358642479356, "log10_min_child_weight": 2.997188499529073, "log10_subsample": -0.02739413537195734, "max_depth": 7.0, "num_boost_round": 17.0}, "datetime": {"datetime": "2024-01-19 01:00:25", "elapsed": 2929.679677, "delta": 0.003583}}
{"target": -13.758449045697109, "params": {"gamma": 872.4591816435911, "log10_alpha": -4.449226573583058, "log10_colsample_bytree": -0.24323111774975614, "log10_eta": -3.1896846171137847, "log10_lambda": -3.169358642479356, "log10_min_child_weight": 2.997188499529073, "log10_subsample": -0.02739413537195734, "max_depth": 7.0, "num_boost_round": 18.0}, "datetime": {"datetime": "2024-01-19 01:00:25", "elapsed": 2929.683267, "delta": 0.00359}}
{"target": -13.758441545434184, "params": {"gamma": 872.4591816435911, "log10_alpha": -4.449226573583058, "log10_colsample_bytree": -0.24323111774975614, "log10_eta": -3.1896846171137847, "log10_lambda": -3.169358642479356, "log10_min_child_weight": 2.997188499529073, "log10_subsample": -0.02739413537195734, "max_depth": 7.0, "num_boost_round": 19.0}, "datetime": {"datetime": "2024-01-19 01:00:25", "elapsed": 2929.686835, "delta": 0.003568}}
{"target": -13.758402658560733, "params": {"gamma": 872.4591816435911, "log10_alpha": -4.449226573583058, "log10_colsample_bytree": -0.24323111774975614, "log10_eta": -3.1896846171137847, "log10_lambda": -3.169358642479356, "log10_min_child_weight": 2.997188499529073, "log10_subsample": -0.02739413537195734, "max_depth": 7.0, "num_boost_round": 20.0}, "datetime": {"datetime": "2024-01-19 01:00:25", "elapsed": 2929.690456, "delta": 0.003621}}
{"target": -13.758401440926166, "params": {"gamma": 872.4591816435911, "log10_alpha": -4.449226573583058, "log10_colsample_bytree": -0.24323111774975614, "log10_eta": -3.1896846171137847, "log10_lambda": -3.169358642479356, "log10_min_child_weight": 2.997188499529073, "log10_subsample": -0.02739413537195734, "max_depth": 7.0, "num_boost_round": 21.0}, "datetime": {"datetime": "2024-01-19 01:00:25", "elapsed": 2929.694203, "delta": 0.003747}}
{"target": -13.758377385626249, "params": {"gamma": 872.4591816435911, "log10_alpha": -4.449226573583058, "log10_colsample_bytree": -0.24323111774975614, "log10_eta": -3.1896846171137847, "log10_lambda": -3.169358642479356, "log10_min_child_weight": 2.997188499529073, "log10_subsample": -0.02739413537195734, "max_depth": 7.0, "num_boost_round": 22.0}, "datetime": {"datetime": "2024-01-19 01:00:25", "elapsed": 2929.6978, "delta": 0.003597}}
{"target": -13.758337843050919, "params": {"gamma": 872.4591816435911, "log10_alpha": -4.449226573583058, "log10_colsample_bytree": -0.24323111774975614, "log10_eta": -3.1896846171137847, "log10_lambda": -3.169358642479356, "log10_min_child_weight": 2.997188499529073, "log10_subsample": -0.02739413537195734, "max_depth": 7.0, "num_boost_round": 23.0}, "datetime": {"datetime": "2024-01-19 01:00:25", "elapsed": 2929.701515, "delta": 0.003715}}
{"target": -13.758326240365827, "params": {"gamma": 872.4591816435911, "log10_alpha": -4.449226573583058, "log10_colsample_bytree": -0.24323111774975614, "log10_eta": -3.1896846171137847, "log10_lambda": -3.169358642479356, "log10_min_child_weight": 2.997188499529073, "log10_subsample": -0.02739413537195734, "max_depth": 7.0, "num_boost_round": 24.0}, "datetime": {"datetime": "2024-01-19 01:00:25", "elapsed": 2929.705226, "delta": 0.003711}}
{"target": -13.758308633889069, "params": {"gamma": 872.4591816435911, "log10_alpha": -4.449226573583058, "log10_colsample_bytree": -0.24323111774975614, "log10_eta": -3.1896846171137847, "log10_lambda": -3.169358642479356, "log10_min_child_weight": 2.997188499529073, "log10_subsample": -0.02739413537195734, "max_depth": 7.0, "num_boost_round": 25.0}, "datetime": {"datetime": "2024-01-19 01:00:25", "elapsed": 2929.708811, "delta": 0.003585}}
{"target": -13.758294589462858, "params": {"gamma": 872.4591816435911, "log10_alpha": -4.449226573583058, "log10_colsample_bytree": -0.24323111774975614, "log10_eta": -3.1896846171137847, "log10_lambda": -3.169358642479356, "log10_min_child_weight": 2.997188499529073, "log10_subsample": -0.02739413537195734, "max_depth": 7.0, "num_boost_round": 26.0}, "datetime": {"datetime": "2024-01-19 01:00:25", "elapsed": 2929.712593, "delta": 0.003782}}
{"target": -13.758294216547489, "params": {"gamma": 872.4591816435911, "log10_alpha": -4.449226573583058, "log10_colsample_bytree": -0.24323111774975614, "log10_eta": -3.1896846171137847, "log10_lambda": -3.169358642479356, "log10_min_child_weight": 2.997188499529073, "log10_subsample": -0.02739413537195734, "max_depth": 7.0, "num_boost_round": 27.0}, "datetime": {"datetime": "2024-01-19 01:00:25", "elapsed": 2929.716192, "delta": 0.003599}}
{"target": -13.758284719159017, "params": {"gamma": 872.4591816435911, "log10_alpha": -4.449226573583058, "log10_colsample_bytree": -0.24323111774975614, "log10_eta": -3.1896846171137847, "log10_lambda": -3.169358642479356, "log10_min_child_weight": 2.997188499529073, "log10_subsample": -0.02739413537195734, "max_depth": 7.0, "num_boost_round": 28.0}, "datetime": {"datetime": "2024-01-19 01:00:25", "elapsed": 2929.719865, "delta": 0.003673}}
{"target": -13.758255882816218, "params": {"gamma": 872.4591816435911, "log10_alpha": -4.449226573583058, "log10_colsample_bytree": -0.24323111774975614, "log10_eta": -3.1896846171137847, "log10_lambda": -3.169358642479356, "log10_min_child_weight": 2.997188499529073, "log10_subsample": -0.02739413537195734, "max_depth": 7.0, "num_boost_round": 29.0}, "datetime": {"datetime": "2024-01-19 01:00:25", "elapsed": 2929.723517, "delta": 0.003652}}
{"target": -13.758271340417508, "params": {"gamma": 872.4591816435911, "log10_alpha": -4.449226573583058, "log10_colsample_bytree": -0.24323111774975614, "log10_eta": -3.1896846171137847, "log10_lambda": -3.169358642479356, "log10_min_child_weight": 2.997188499529073, "log10_subsample": -0.02739413537195734, "max_depth": 7.0, "num_boost_round": 30.0}, "datetime": {"datetime": "2024-01-19 01:00:25", "elapsed": 2929.727128, "delta": 0.003611}}
{"target": -13.758284781108168, "params": {"gamma": 872.4591816435911, "log10_alpha": -4.449226573583058, "log10_colsample_bytree": -0.24323111774975614, "log10_eta": -3.1896846171137847, "log10_lambda": -3.169358642479356, "log10_min_child_weight": 2.997188499529073, "log10_subsample": -0.02739413537195734, "max_depth": 7.0, "num_boost_round": 31.0}, "datetime": {"datetime": "2024-01-19 01:00:25", "elapsed": 2929.730717, "delta": 0.003589}}
{"target": -13.758284658788837, "params": {"gamma": 872.4591816435911, "log10_alpha": -4.449226573583058, "log10_colsample_bytree": -0.24323111774975614, "log10_eta": -3.1896846171137847, "log10_lambda": -3.169358642479356, "log10_min_child_weight": 2.997188499529073, "log10_subsample": -0.02739413537195734, "max_depth": 7.0, "num_boost_round": 32.0}, "datetime": {"datetime": "2024-01-19 01:00:25", "elapsed": 2929.734598, "delta": 0.003881}}
