{"target": -17.676443357861206, "params": {"gamma": 893.3235167266664, "log10_alpha": -4.642849921893407, "log10_colsample_bytree": -0.004117645884573751, "log10_eta": -1.0562830909026255, "log10_lambda": -3.235175053522682, "log10_min_child_weight": 3.341734616707865, "log10_subsample": -0.3247112881483768, "max_depth": 4.0, "num_boost_round": 2.0}, "datetime": {"datetime": "2024-01-19 01:05:01", "elapsed": 3182.527938, "delta": 0.004252}}
{"target": -17.678882889502013, "params": {"gamma": 893.3235167266664, "log10_alpha": -4.642849921893407, "log10_colsample_bytree": -0.004117645884573751, "log10_eta": -1.0562830909026255, "log10_lambda": -3.235175053522682, "log10_min_child_weight": 3.341734616707865, "log10_subsample": -0.3247112881483768, "max_depth": 4.0, "num_boost_round": 3.0}, "datetime": {"datetime": "2024-01-19 01:05:01", "elapsed": 3182.532078, "delta": 0.00414}}
{"target": -17.6795813857434, "params": {"gamma": 893.3235167266664, "log10_alpha": -4.642849921893407, "log10_colsample_bytree": -0.004117645884573751, "log10_eta": -1.0562830909026255, "log10_lambda": -3.235175053522682, "log10_min_child_weight": 3.341734616707865, "log10_subsample": -0.3247112881483768, "max_depth": 4.0, "num_boost_round": 4.0}, "datetime": {"datetime": "2024-01-19 01:05:01", "elapsed": 3182.535653, "delta": 0.003575}}
{"target": -17.683432431733163, "params": {"gamma": 893.3235167266664, "log10_alpha": -4.642849921893407, "log10_colsample_bytree": -0.004117645884573751, "log10_eta": -1.0562830909026255, "log10_lambda": -3.235175053522682, "log10_min_child_weight": 3.341734616707865, "log10_subsample": -0.3247112881483768, "max_depth": 4.0, "num_boost_round": 5.0}, "datetime": {"datetime": "2024-01-19 01:05:01", "elapsed": 3182.539089, "delta": 0.003436}}
{"target": -17.685711461973785, "params": {"gamma": 893.3235167266664, "log10_alpha": -4.642849921893407, "log10_colsample_bytree": -0.004117645884573751, "log10_eta": -1.0562830909026255, "log10_lambda": -3.235175053522682, "log10_min_child_weight": 3.341734616707865, "log10_subsample": -0.3247112881483768, "max_depth": 4.0, "num_boost_round": 6.0}, "datetime": {"datetime": "2024-01-19 01:05:01", "elapsed": 3182.542527, "delta": 0.003438}}
{"target": -17.685576417126434, "params": {"gamma": 893.3235167266664, "log10_alpha": -4.642849921893407, "log10_colsample_bytree": -0.004117645884573751, "log10_eta": -1.0562830909026255, "log10_lambda": -3.235175053522682, "log10_min_child_weight": 3.341734616707865, "log10_subsample": -0.3247112881483768, "max_depth": 4.0, "num_boost_round": 7.0}, "datetime": {"datetime": "2024-01-19 01:05:01", "elapsed": 3182.545877, "delta": 0.00335}}
{"target": -17.687167715355802, "params": {"gamma": 893.3235167266664, "log10_alpha": -4.642849921893407, "log10_colsample_bytree": -0.004117645884573751, "log10_eta": -1.0562830909026255, "log10_lambda": -3.235175053522682, "log10_min_child_weight": 3.341734616707865, "log10_subsample": -0.3247112881483768, "max_depth": 4.0, "num_boost_round": 8.0}, "datetime": {"datetime": "2024-01-19 01:05:01", "elapsed": 3182.549319, "delta": 0.003442}}
{"target": -17.687717356282434, "params": {"gamma": 893.3235167266664, "log10_alpha": -4.642849921893407, "log10_colsample_bytree": -0.004117645884573751, "log10_eta": -1.0562830909026255, "log10_lambda": -3.235175053522682, "log10_min_child_weight": 3.341734616707865, "log10_subsample": -0.3247112881483768, "max_depth": 4.0, "num_boost_round": 9.0}, "datetime": {"datetime": "2024-01-19 01:05:01", "elapsed": 3182.552766, "delta": 0.003447}}
{"target": -17.68939419453321, "params": {"gamma": 893.3235167266664, "log10_alpha": -4.642849921893407, "log10_colsample_bytree": -0.004117645884573751, "log10_eta": -1.0562830909026255, "log10_lambda": -3.235175053522682, "log10_min_child_weight": 3.341734616707865, "log10_subsample": -0.3247112881483768, "max_depth": 4.0, "num_boost_round": 10.0}, "datetime": {"datetime": "2024-01-19 01:05:01", "elapsed": 3182.55612, "delta": 0.003354}}
{"target": -17.69378474065815, "params": {"gamma": 893.3235167266664, "log10_alpha": -4.642849921893407, "log10_colsample_bytree": -0.004117645884573751, "log10_eta": -1.0562830909026255, "log10_lambda": -3.235175053522682, "log10_min_child_weight": 3.341734616707865, "log10_subsample": -0.3247112881483768, "max_depth": 4.0, "num_boost_round": 11.0}, "datetime": {"datetime": "2024-01-19 01:05:01", "elapsed": 3182.559509, "delta": 0.003389}}
{"target": -17.692958878946136, "params": {"gamma": 893.3235167266664, "log10_alpha": -4.642849921893407, "log10_colsample_bytree": -0.004117645884573751, "log10_eta": -1.0562830909026255, "log10_lambda": -3.235175053522682, "log10_min_child_weight": 3.341734616707865, "log10_subsample": -0.3247112881483768, "max_depth": 4.0, "num_boost_round": 12.0}, "datetime": {"datetime": "2024-01-19 01:05:01", "elapsed": 3182.562909, "delta": 0.0034}}
{"target": -17.696063533165447, "params": {"gamma": 893.3235167266664, "log10_alpha": -4.642849921893407, "log10_colsample_bytree": -0.004117645884573751, "log10_eta": -1.0562830909026255, "log10_lambda": -3.235175053522682, "log10_min_child_weight": 3.341734616707865, "log10_subsample": -0.3247112881483768, "max_depth": 4.0, "num_boost_round": 13.0}, "datetime": {"datetime": "2024-01-19 01:05:01", "elapsed": 3182.566315, "delta": 0.003406}}
{"target": -17.697930398057714, "params": {"gamma": 893.3235167266664, "log10_alpha": -4.642849921893407, "log10_colsample_bytree": -0.004117645884573751, "log10_eta": -1.0562830909026255, "log10_lambda": -3.235175053522682, "log10_min_child_weight": 3.341734616707865, "log10_subsample": -0.3247112881483768, "max_depth": 4.0, "num_boost_round": 14.0}, "datetime": {"datetime": "2024-01-19 01:05:01", "elapsed": 3182.569653, "delta": 0.003338}}
{"target": -17.69972143479531, "params": {"gamma": 893.3235167266664, "log10_alpha": -4.642849921893407, "log10_colsample_bytree": -0.004117645884573751, "log10_eta": -1.0562830909026255, "log10_lambda": -3.235175053522682, "log10_min_child_weight": 3.341734616707865, "log10_subsample": -0.3247112881483768, "max_depth": 4.0, "num_boost_round": 15.0}, "datetime": {"datetime": "2024-01-19 01:05:01", "elapsed": 3182.573183, "delta": 0.00353}}
{"target": -17.70772044875495, "params": {"gamma": 893.3235167266664, "log10_alpha": -4.642849921893407, "log10_colsample_bytree": -0.004117645884573751, "log10_eta": -1.0562830909026255, "log10_lambda": -3.235175053522682, "log10_min_child_weight": 3.341734616707865, "log10_subsample": -0.3247112881483768, "max_depth": 4.0, "num_boost_round": 16.0}, "datetime": {"datetime": "2024-01-19 01:05:01", "elapsed": 3182.576699, "delta": 0.003516}}
{"target": -17.713347681626836, "params": {"gamma": 893.3235167266664, "log10_alpha": -4.642849921893407, "log10_colsample_bytree": -0.004117645884573751, "log10_eta": -1.0562830909026255, "log10_lambda": -3.235175053522682, "log10_min_child_weight": 3.341734616707865, "log10_subsample": -0.3247112881483768, "max_depth": 4.0, "num_boost_round": 17.0}, "datetime": {"datetime": "2024-01-19 01:05:01", "elapsed": 3182.580192, "delta": 0.003493}}
{"target": -17.714774569436237, "params": {"gamma": 893.3235167266664, "log10_alpha": -4.642849921893407, "log10_colsample_bytree": -0.004117645884573751, "log10_eta": -1.0562830909026255, "log10_lambda": -3.235175053522682, "log10_min_child_weight": 3.341734616707865, "log10_subsample": -0.3247112881483768, "max_depth": 4.0, "num_boost_round": 18.0}, "datetime": {"datetime": "2024-01-19 01:05:01", "elapsed": 3182.583533, "delta": 0.003341}}
{"target": -17.715888222029342, "params": {"gamma": 893.3235167266664, "log10_alpha": -4.642849921893407, "log10_colsample_bytree": -0.004117645884573751, "log10_eta": -1.0562830909026255, "log10_lambda": -3.235175053522682, "log10_min_child_weight": 3.341734616707865, "log10_subsample": -0.3247112881483768, "max_depth": 4.0, "num_boost_round": 19.0}, "datetime": {"datetime": "2024-01-19 01:05:01", "elapsed": 3182.586875, "delta": 0.003342}}
{"target": -17.718274884479698, "params": {"gamma": 893.3235167266664, "log10_alpha": -4.642849921893407, "log10_colsample_bytree": -0.004117645884573751, "log10_eta": -1.0562830909026255, "log10_lambda": -3.235175053522682, "log10_min_child_weight": 3.341734616707865, "log10_subsample": -0.3247112881483768, "max_depth": 4.0, "num_boost_round": 20.0}, "datetime": {"datetime": "2024-01-19 01:05:01", "elapsed": 3182.590231, "delta": 0.003356}}
{"target": -17.72423488092712, "params": {"gamma": 893.3235167266664, "log10_alpha": -4.642849921893407, "log10_colsample_bytree": -0.004117645884573751, "log10_eta": -1.0562830909026255, "log10_lambda": -3.235175053522682, "log10_min_child_weight": 3.341734616707865, "log10_subsample": -0.3247112881483768, "max_depth": 4.0, "num_boost_round": 21.0}, "datetime": {"datetime": "2024-01-19 01:05:01", "elapsed": 3182.59366, "delta": 0.003429}}
{"target": -17.724472806666757, "params": {"gamma": 893.3235167266664, "log10_alpha": -4.642849921893407, "log10_colsample_bytree": -0.004117645884573751, "log10_eta": -1.0562830909026255, "log10_lambda": -3.235175053522682, "log10_min_child_weight": 3.341734616707865, "log10_subsample": -0.3247112881483768, "max_depth": 4.0, "num_boost_round": 22.0}, "datetime": {"datetime": "2024-01-19 01:05:01", "elapsed": 3182.597133, "delta": 0.003473}}
{"target": -17.722331198923357, "params": {"gamma": 893.3235167266664, "log10_alpha": -4.642849921893407, "log10_colsample_bytree": -0.004117645884573751, "log10_eta": -1.0562830909026255, "log10_lambda": -3.235175053522682, "log10_min_child_weight": 3.341734616707865, "log10_subsample": -0.3247112881483768, "max_depth": 4.0, "num_boost_round": 23.0}, "datetime": {"datetime": "2024-01-19 01:05:01", "elapsed": 3182.600586, "delta": 0.003453}}
{"target": -17.7323911436228, "params": {"gamma": 893.3235167266664, "log10_alpha": -4.642849921893407, "log10_colsample_bytree": -0.004117645884573751, "log10_eta": -1.0562830909026255, "log10_lambda": -3.235175053522682, "log10_min_child_weight": 3.341734616707865, "log10_subsample": -0.3247112881483768, "max_depth": 4.0, "num_boost_round": 24.0}, "datetime": {"datetime": "2024-01-19 01:05:01", "elapsed": 3182.603985, "delta": 0.003399}}
{"target": -17.733961802856406, "params": {"gamma": 893.3235167266664, "log10_alpha": -4.642849921893407, "log10_colsample_bytree": -0.004117645884573751, "log10_eta": -1.0562830909026255, "log10_lambda": -3.235175053522682, "log10_min_child_weight": 3.341734616707865, "log10_subsample": -0.3247112881483768, "max_depth": 4.0, "num_boost_round": 25.0}, "datetime": {"datetime": "2024-01-19 01:05:01", "elapsed": 3182.607411, "delta": 0.003426}}
{"target": -17.733480687997666, "params": {"gamma": 893.3235167266664, "log10_alpha": -4.642849921893407, "log10_colsample_bytree": -0.004117645884573751, "log10_eta": -1.0562830909026255, "log10_lambda": -3.235175053522682, "log10_min_child_weight": 3.341734616707865, "log10_subsample": -0.3247112881483768, "max_depth": 4.0, "num_boost_round": 26.0}, "datetime": {"datetime": "2024-01-19 01:05:01", "elapsed": 3182.610786, "delta": 0.003375}}
{"target": -17.734632678509673, "params": {"gamma": 893.3235167266664, "log10_alpha": -4.642849921893407, "log10_colsample_bytree": -0.004117645884573751, "log10_eta": -1.0562830909026255, "log10_lambda": -3.235175053522682, "log10_min_child_weight": 3.341734616707865, "log10_subsample": -0.3247112881483768, "max_depth": 4.0, "num_boost_round": 27.0}, "datetime": {"datetime": "2024-01-19 01:05:01", "elapsed": 3182.614245, "delta": 0.003459}}
{"target": -17.73668860719992, "params": {"gamma": 893.3235167266664, "log10_alpha": -4.642849921893407, "log10_colsample_bytree": -0.004117645884573751, "log10_eta": -1.0562830909026255, "log10_lambda": -3.235175053522682, "log10_min_child_weight": 3.341734616707865, "log10_subsample": -0.3247112881483768, "max_depth": 4.0, "num_boost_round": 28.0}, "datetime": {"datetime": "2024-01-19 01:05:01", "elapsed": 3182.617643, "delta": 0.003398}}
{"target": -17.73654051623725, "params": {"gamma": 893.3235167266664, "log10_alpha": -4.642849921893407, "log10_colsample_bytree": -0.004117645884573751, "log10_eta": -1.0562830909026255, "log10_lambda": -3.235175053522682, "log10_min_child_weight": 3.341734616707865, "log10_subsample": -0.3247112881483768, "max_depth": 4.0, "num_boost_round": 29.0}, "datetime": {"datetime": "2024-01-19 01:05:01", "elapsed": 3182.621216, "delta": 0.003573}}
{"target": -17.739446955437042, "params": {"gamma": 893.3235167266664, "log10_alpha": -4.642849921893407, "log10_colsample_bytree": -0.004117645884573751, "log10_eta": -1.0562830909026255, "log10_lambda": -3.235175053522682, "log10_min_child_weight": 3.341734616707865, "log10_subsample": -0.3247112881483768, "max_depth": 4.0, "num_boost_round": 30.0}, "datetime": {"datetime": "2024-01-19 01:05:01", "elapsed": 3182.624628, "delta": 0.003412}}
{"target": -17.747909984675665, "params": {"gamma": 893.3235167266664, "log10_alpha": -4.642849921893407, "log10_colsample_bytree": -0.004117645884573751, "log10_eta": -1.0562830909026255, "log10_lambda": -3.235175053522682, "log10_min_child_weight": 3.341734616707865, "log10_subsample": -0.3247112881483768, "max_depth": 4.0, "num_boost_round": 31.0}, "datetime": {"datetime": "2024-01-19 01:05:01", "elapsed": 3182.628003, "delta": 0.003375}}
{"target": -17.756491295482288, "params": {"gamma": 893.3235167266664, "log10_alpha": -4.642849921893407, "log10_colsample_bytree": -0.004117645884573751, "log10_eta": -1.0562830909026255, "log10_lambda": -3.235175053522682, "log10_min_child_weight": 3.341734616707865, "log10_subsample": -0.3247112881483768, "max_depth": 4.0, "num_boost_round": 32.0}, "datetime": {"datetime": "2024-01-19 01:05:01", "elapsed": 3182.631411, "delta": 0.003408}}
{"target": -17.75801813494177, "params": {"gamma": 893.3235167266664, "log10_alpha": -4.642849921893407, "log10_colsample_bytree": -0.004117645884573751, "log10_eta": -1.0562830909026255, "log10_lambda": -3.235175053522682, "log10_min_child_weight": 3.341734616707865, "log10_subsample": -0.3247112881483768, "max_depth": 4.0, "num_boost_round": 33.0}, "datetime": {"datetime": "2024-01-19 01:05:01", "elapsed": 3182.634856, "delta": 0.003445}}
{"target": -17.760736170290386, "params": {"gamma": 893.3235167266664, "log10_alpha": -4.642849921893407, "log10_colsample_bytree": -0.004117645884573751, "log10_eta": -1.0562830909026255, "log10_lambda": -3.235175053522682, "log10_min_child_weight": 3.341734616707865, "log10_subsample": -0.3247112881483768, "max_depth": 4.0, "num_boost_round": 34.0}, "datetime": {"datetime": "2024-01-19 01:05:01", "elapsed": 3182.638258, "delta": 0.003402}}
{"target": -17.759570277893438, "params": {"gamma": 893.3235167266664, "log10_alpha": -4.642849921893407, "log10_colsample_bytree": -0.004117645884573751, "log10_eta": -1.0562830909026255, "log10_lambda": -3.235175053522682, "log10_min_child_weight": 3.341734616707865, "log10_subsample": -0.3247112881483768, "max_depth": 4.0, "num_boost_round": 35.0}, "datetime": {"datetime": "2024-01-19 01:05:01", "elapsed": 3182.641692, "delta": 0.003434}}
{"target": -17.759257759974247, "params": {"gamma": 893.3235167266664, "log10_alpha": -4.642849921893407, "log10_colsample_bytree": -0.004117645884573751, "log10_eta": -1.0562830909026255, "log10_lambda": -3.235175053522682, "log10_min_child_weight": 3.341734616707865, "log10_subsample": -0.3247112881483768, "max_depth": 4.0, "num_boost_round": 36.0}, "datetime": {"datetime": "2024-01-19 01:05:01", "elapsed": 3182.645085, "delta": 0.003393}}
{"target": -17.758065197790334, "params": {"gamma": 893.3235167266664, "log10_alpha": -4.642849921893407, "log10_colsample_bytree": -0.004117645884573751, "log10_eta": -1.0562830909026255, "log10_lambda": -3.235175053522682, "log10_min_child_weight": 3.341734616707865, "log10_subsample": -0.3247112881483768, "max_depth": 4.0, "num_boost_round": 37.0}, "datetime": {"datetime": "2024-01-19 01:05:02", "elapsed": 3182.64853, "delta": 0.003445}}
{"target": -17.67721931012982, "params": {"gamma": 869.5005251866743, "log10_alpha": 0.5039595430491142, "log10_colsample_bytree": -0.5309776505903451, "log10_eta": -3.2817221254402167, "log10_lambda": -4.1940445527101335, "log10_min_child_weight": 2.6223588700754115, "log10_subsample": -0.48320919788057437, "max_depth": 2.0, "num_boost_round": 0.0}, "datetime": {"datetime": "2024-01-19 01:05:57", "elapsed": 3237.958042, "delta": 55.309512}}
{"target": -17.6772047634666, "params": {"gamma": 869.5005251866743, "log10_alpha": 0.5039595430491142, "log10_colsample_bytree": -0.5309776505903451, "log10_eta": -3.2817221254402167, "log10_lambda": -4.1940445527101335, "log10_min_child_weight": 2.6223588700754115, "log10_subsample": -0.48320919788057437, "max_depth": 2.0, "num_boost_round": 1.0}, "datetime": {"datetime": "2024-01-19 01:05:57", "elapsed": 3237.96259, "delta": 0.004548}}
{"target": -17.677189179403463, "params": {"gamma": 869.5005251866743, "log10_alpha": 0.5039595430491142, "log10_colsample_bytree": -0.5309776505903451, "log10_eta": -3.2817221254402167, "log10_lambda": -4.1940445527101335, "log10_min_child_weight": 2.6223588700754115, "log10_subsample": -0.48320919788057437, "max_depth": 2.0, "num_boost_round": 2.0}, "datetime": {"datetime": "2024-01-19 01:05:57", "elapsed": 3237.966552, "delta": 0.003962}}
{"target": -17.67719074880926, "params": {"gamma": 869.5005251866743, "log10_alpha": 0.5039595430491142, "log10_colsample_bytree": -0.5309776505903451, "log10_eta": -3.2817221254402167, "log10_lambda": -4.1940445527101335, "log10_min_child_weight": 2.6223588700754115, "log10_subsample": -0.48320919788057437, "max_depth": 2.0, "num_boost_round": 3.0}, "datetime": {"datetime": "2024-01-19 01:05:57", "elapsed": 3237.969991, "delta": 0.003439}}
{"target": -17.67718130055683, "params": {"gamma": 869.5005251866743, "log10_alpha": 0.5039595430491142, "log10_colsample_bytree": -0.5309776505903451, "log10_eta": -3.2817221254402167, "log10_lambda": -4.1940445527101335, "log10_min_child_weight": 2.6223588700754115, "log10_subsample": -0.48320919788057437, "max_depth": 2.0, "num_boost_round": 4.0}, "datetime": {"datetime": "2024-01-19 01:05:57", "elapsed": 3237.973595, "delta": 0.003604}}
{"target": -17.677171032384035, "params": {"gamma": 869.5005251866743, "log10_alpha": 0.5039595430491142, "log10_colsample_bytree": -0.5309776505903451, "log10_eta": -3.2817221254402167, "log10_lambda": -4.1940445527101335, "log10_min_child_weight": 2.6223588700754115, "log10_subsample": -0.48320919788057437, "max_depth": 2.0, "num_boost_round": 5.0}, "datetime": {"datetime": "2024-01-19 01:05:57", "elapsed": 3237.97721, "delta": 0.003615}}
{"target": -17.677155775821277, "params": {"gamma": 869.5005251866743, "log10_alpha": 0.5039595430491142, "log10_colsample_bytree": -0.5309776505903451, "log10_eta": -3.2817221254402167, "log10_lambda": -4.1940445527101335, "log10_min_child_weight": 2.6223588700754115, "log10_subsample": -0.48320919788057437, "max_depth": 2.0, "num_boost_round": 6.0}, "datetime": {"datetime": "2024-01-19 01:05:57", "elapsed": 3237.980714, "delta": 0.003504}}
{"target": -17.677147408433534, "params": {"gamma": 869.5005251866743, "log10_alpha": 0.5039595430491142, "log10_colsample_bytree": -0.5309776505903451, "log10_eta": -3.2817221254402167, "log10_lambda": -4.1940445527101335, "log10_min_child_weight": 2.6223588700754115, "log10_subsample": -0.48320919788057437, "max_depth": 2.0, "num_boost_round": 7.0}, "datetime": {"datetime": "2024-01-19 01:05:57", "elapsed": 3237.984217, "delta": 0.003503}}
{"target": -17.677133225300658, "params": {"gamma": 869.5005251866743, "log10_alpha": 0.5039595430491142, "log10_colsample_bytree": -0.5309776505903451, "log10_eta": -3.2817221254402167, "log10_lambda": -4.1940445527101335, "log10_min_child_weight": 2.6223588700754115, "log10_subsample": -0.48320919788057437, "max_depth": 2.0, "num_boost_round": 8.0}, "datetime": {"datetime": "2024-01-19 01:05:57", "elapsed": 3237.987634, "delta": 0.003417}}
{"target": -17.677118254836998, "params": {"gamma": 869.5005251866743, "log10_alpha": 0.5039595430491142, "log10_colsample_bytree": -0.5309776505903451, "log10_eta": -3.2817221254402167, "log10_lambda": -4.1940445527101335, "log10_min_child_weight": 2.6223588700754115, "log10_subsample": -0.48320919788057437, "max_depth": 2.0, "num_boost_round": 9.0}, "datetime": {"datetime": "2024-01-19 01:05:57", "elapsed": 3237.991174, "delta": 0.00354}}
{"target": -17.677104842833515, "params": {"gamma": 869.5005251866743, "log10_alpha": 0.5039595430491142, "log10_colsample_bytree": -0.5309776505903451, "log10_eta": -3.2817221254402167, "log10_lambda": -4.1940445527101335, "log10_min_child_weight": 2.6223588700754115, "log10_subsample": -0.48320919788057437, "max_depth": 2.0, "num_boost_round": 10.0}, "datetime": {"datetime": "2024-01-19 01:05:57", "elapsed": 3237.994575, "delta": 0.003401}}
{"target": -17.67709495513469, "params": {"gamma": 869.5005251866743, "log10_alpha": 0.5039595430491142, "log10_colsample_bytree": -0.5309776505903451, "log10_eta": -3.2817221254402167, "log10_lambda": -4.1940445527101335, "log10_min_child_weight": 2.6223588700754115, "log10_subsample": -0.48320919788057437, "max_depth": 2.0, "num_boost_round": 11.0}, "datetime": {"datetime": "2024-01-19 01:05:57", "elapsed": 3237.998092, "delta": 0.003517}}
{"target": -17.677077902340525, "params": {"gamma": 869.5005251866743, "log10_alpha": 0.5039595430491142, "log10_colsample_bytree": -0.5309776505903451, "log10_eta": -3.2817221254402167, "log10_lambda": -4.1940445527101335, "log10_min_child_weight": 2.6223588700754115, "log10_subsample": -0.48320919788057437, "max_depth": 2.0, "num_boost_round": 12.0}, "datetime": {"datetime": "2024-01-19 01:05:57", "elapsed": 3238.001536, "delta": 0.003444}}
