{"target": -13.75809450792564, "params": {"gamma": 418.98734230255275, "log10_alpha": 0.7017062819230526, "log10_colsample_bytree": -0.9977454005722391, "log10_eta": -0.735269362360746, "log10_lambda": -2.3033223389980506, "log10_min_child_weight": 4.976216903764773, "log10_subsample": -0.8422800847815581, "max_depth": 2.0, "num_boost_round": 15.0}, "datetime": {"datetime": "2024-01-19 02:06:28", "elapsed": 6892.710825, "delta": 0.006066}}
{"target": -13.758004050109028, "params": {"gamma": 418.98734230255275, "log10_alpha": 0.7017062819230526, "log10_colsample_bytree": -0.9977454005722391, "log10_eta": -0.735269362360746, "log10_lambda": -2.3033223389980506, "log10_min_child_weight": 4.976216903764773, "log10_subsample": -0.8422800847815581, "max_depth": 2.0, "num_boost_round": 16.0}, "datetime": {"datetime": "2024-01-19 02:06:28", "elapsed": 6892.717057, "delta": 0.006232}}
{"target": -13.758537174556205, "params": {"gamma": 503.24206548074153, "log10_alpha": 0.08892244211873716, "log10_colsample_bytree": -0.5844942973256072, "log10_eta": -4.0, "log10_lambda": 1.0, "log10_min_child_weight": 0.7001014259997259, "log10_subsample": 0.0, "max_depth": 2.0, "num_boost_round": 0.0}, "datetime": {"datetime": "2024-01-19 02:08:01", "elapsed": 6984.997227, "delta": 92.28017}}
{"target": -13.758535788503803, "params": {"gamma": 503.24206548074153, "log10_alpha": 0.08892244211873716, "log10_colsample_bytree": -0.5844942973256072, "log10_eta": -4.0, "log10_lambda": 1.0, "log10_min_child_weight": 0.7001014259997259, "log10_subsample": 0.0, "max_depth": 2.0, "num_boost_round": 1.0}, "datetime": {"datetime": "2024-01-19 02:08:01", "elapsed": 6985.003786, "delta": 0.006559}}
{"target": -13.758535554113406, "params": {"gamma": 503.24206548074153, "log10_alpha": 0.08892244211873716, "log10_colsample_bytree": -0.5844942973256072, "log10_eta": -4.0, "log10_lambda": 1.0, "log10_min_child_weight": 0.7001014259997259, "log10_subsample": 0.0, "max_depth": 2.0, "num_boost_round": 2.0}, "datetime": {"datetime": "2024-01-19 02:08:01", "elapsed": 6985.010047, "delta": 0.006261}}
{"target": -13.758535363333198, "params": {"gamma": 503.24206548074153, "log10_alpha": 0.08892244211873716, "log10_colsample_bytree": -0.5844942973256072, "log10_eta": -4.0, "log10_lambda": 1.0, "log10_min_child_weight": 0.7001014259997259, "log10_subsample": 0.0, "max_depth": 2.0, "num_boost_round": 3.0}, "datetime": {"datetime": "2024-01-19 02:08:01", "elapsed": 6985.016299, "delta": 0.006252}}
{"target": -13.758534355693122, "params": {"gamma": 503.24206548074153, "log10_alpha": 0.08892244211873716, "log10_colsample_bytree": -0.5844942973256072, "log10_eta": -4.0, "log10_lambda": 1.0, "log10_min_child_weight": 0.7001014259997259, "log10_subsample": 0.0, "max_depth": 2.0, "num_boost_round": 4.0}, "datetime": {"datetime": "2024-01-19 02:08:01", "elapsed": 6985.022562, "delta": 0.006263}}
{"target": -13.758533940523293, "params": {"gamma": 503.24206548074153, "log10_alpha": 0.08892244211873716, "log10_colsample_bytree": -0.5844942973256072, "log10_eta": -4.0, "log10_lambda": 1.0, "log10_min_child_weight": 0.7001014259997259, "log10_subsample": 0.0, "max_depth": 2.0, "num_boost_round": 5.0}, "datetime": {"datetime": "2024-01-19 02:08:01", "elapsed": 6985.028816, "delta": 0.006254}}
{"target": -13.758532741998549, "params": {"gamma": 503.24206548074153, "log10_alpha": 0.08892244211873716, "log10_colsample_bytree": -0.5844942973256072, "log10_eta": -4.0, "log10_lambda": 1.0, "log10_min_child_weight": 0.7001014259997259, "log10_subsample": 0.0, "max_depth": 2.0, "num_boost_round": 6.0}, "datetime": {"datetime": "2024-01-19 02:08:01", "elapsed": 6985.035087, "delta": 0.006271}}
{"target": -13.758531951516643, "params": {"gamma": 503.24206548074153, "log10_alpha": 0.08892244211873716, "log10_colsample_bytree": -0.5844942973256072, "log10_eta": -4.0, "log10_lambda": 1.0, "log10_min_child_weight": 0.7001014259997259, "log10_subsample": 0.0, "max_depth": 2.0, "num_boost_round": 7.0}, "datetime": {"datetime": "2024-01-19 02:08:01", "elapsed": 6985.04125, "delta": 0.006163}}
{"target": -13.758530565854587, "params": {"gamma": 503.24206548074153, "log10_alpha": 0.08892244211873716, "log10_colsample_bytree": -0.5844942973256072, "log10_eta": -4.0, "log10_lambda": 1.0, "log10_min_child_weight": 0.7001014259997259, "log10_subsample": 0.0, "max_depth": 2.0, "num_boost_round": 8.0}, "datetime": {"datetime": "2024-01-19 02:08:01", "elapsed": 6985.047857, "delta": 0.006607}}
{"target": -13.758529361813794, "params": {"gamma": 503.24206548074153, "log10_alpha": 0.08892244211873716, "log10_colsample_bytree": -0.5844942973256072, "log10_eta": -4.0, "log10_lambda": 1.0, "log10_min_child_weight": 0.7001014259997259, "log10_subsample": 0.0, "max_depth": 2.0, "num_boost_round": 9.0}, "datetime": {"datetime": "2024-01-19 02:08:01", "elapsed": 6985.054121, "delta": 0.006264}}
{"target": -13.75852869768384, "params": {"gamma": 503.24206548074153, "log10_alpha": 0.08892244211873716, "log10_colsample_bytree": -0.5844942973256072, "log10_eta": -4.0, "log10_lambda": 1.0, "log10_min_child_weight": 0.7001014259997259, "log10_subsample": 0.0, "max_depth": 2.0, "num_boost_round": 10.0}, "datetime": {"datetime": "2024-01-19 02:08:01", "elapsed": 6985.158598, "delta": 0.104477}}
{"target": -13.758527641985001, "params": {"gamma": 503.24206548074153, "log10_alpha": 0.08892244211873716, "log10_colsample_bytree": -0.5844942973256072, "log10_eta": -4.0, "log10_lambda": 1.0, "log10_min_child_weight": 0.7001014259997259, "log10_subsample": 0.0, "max_depth": 2.0, "num_boost_round": 11.0}, "datetime": {"datetime": "2024-01-19 02:08:01", "elapsed": 6985.165746, "delta": 0.007148}}
{"target": -13.758526245433131, "params": {"gamma": 503.24206548074153, "log10_alpha": 0.08892244211873716, "log10_colsample_bytree": -0.5844942973256072, "log10_eta": -4.0, "log10_lambda": 1.0, "log10_min_child_weight": 0.7001014259997259, "log10_subsample": 0.0, "max_depth": 2.0, "num_boost_round": 12.0}, "datetime": {"datetime": "2024-01-19 02:08:01", "elapsed": 6985.17223, "delta": 0.006484}}
{"target": -13.758525153360168, "params": {"gamma": 503.24206548074153, "log10_alpha": 0.08892244211873716, "log10_colsample_bytree": -0.5844942973256072, "log10_eta": -4.0, "log10_lambda": 1.0, "log10_min_child_weight": 0.7001014259997259, "log10_subsample": 0.0, "max_depth": 2.0, "num_boost_round": 13.0}, "datetime": {"datetime": "2024-01-19 02:08:01", "elapsed": 6985.178743, "delta": 0.006513}}
{"target": -13.758524866291152, "params": {"gamma": 503.24206548074153, "log10_alpha": 0.08892244211873716, "log10_colsample_bytree": -0.5844942973256072, "log10_eta": -4.0, "log10_lambda": 1.0, "log10_min_child_weight": 0.7001014259997259, "log10_subsample": 0.0, "max_depth": 2.0, "num_boost_round": 14.0}, "datetime": {"datetime": "2024-01-19 02:08:01", "elapsed": 6985.185334, "delta": 0.006591}}
{"target": -13.758522859603852, "params": {"gamma": 503.24206548074153, "log10_alpha": 0.08892244211873716, "log10_colsample_bytree": -0.5844942973256072, "log10_eta": -4.0, "log10_lambda": 1.0, "log10_min_child_weight": 0.7001014259997259, "log10_subsample": 0.0, "max_depth": 2.0, "num_boost_round": 15.0}, "datetime": {"datetime": "2024-01-19 02:08:01", "elapsed": 6985.191757, "delta": 0.006423}}
{"target": -13.758522434350873, "params": {"gamma": 503.24206548074153, "log10_alpha": 0.08892244211873716, "log10_colsample_bytree": -0.5844942973256072, "log10_eta": -4.0, "log10_lambda": 1.0, "log10_min_child_weight": 0.7001014259997259, "log10_subsample": 0.0, "max_depth": 2.0, "num_boost_round": 16.0}, "datetime": {"datetime": "2024-01-19 02:08:01", "elapsed": 6985.19822, "delta": 0.006463}}
{"target": -13.75852241071942, "params": {"gamma": 503.24206548074153, "log10_alpha": 0.08892244211873716, "log10_colsample_bytree": -0.5844942973256072, "log10_eta": -4.0, "log10_lambda": 1.0, "log10_min_child_weight": 0.7001014259997259, "log10_subsample": 0.0, "max_depth": 2.0, "num_boost_round": 17.0}, "datetime": {"datetime": "2024-01-19 02:08:01", "elapsed": 6985.204649, "delta": 0.006429}}
{"target": -13.75852108560266, "params": {"gamma": 503.24206548074153, "log10_alpha": 0.08892244211873716, "log10_colsample_bytree": -0.5844942973256072, "log10_eta": -4.0, "log10_lambda": 1.0, "log10_min_child_weight": 0.7001014259997259, "log10_subsample": 0.0, "max_depth": 2.0, "num_boost_round": 18.0}, "datetime": {"datetime": "2024-01-19 02:08:01", "elapsed": 6985.211087, "delta": 0.006438}}
{"target": -13.75852027707057, "params": {"gamma": 503.24206548074153, "log10_alpha": 0.08892244211873716, "log10_colsample_bytree": -0.5844942973256072, "log10_eta": -4.0, "log10_lambda": 1.0, "log10_min_child_weight": 0.7001014259997259, "log10_subsample": 0.0, "max_depth": 2.0, "num_boost_round": 19.0}, "datetime": {"datetime": "2024-01-19 02:08:01", "elapsed": 6985.217791, "delta": 0.006704}}
{"target": -13.758519118162157, "params": {"gamma": 503.24206548074153, "log10_alpha": 0.08892244211873716, "log10_colsample_bytree": -0.5844942973256072, "log10_eta": -4.0, "log10_lambda": 1.0, "log10_min_child_weight": 0.7001014259997259, "log10_subsample": 0.0, "max_depth": 2.0, "num_boost_round": 20.0}, "datetime": {"datetime": "2024-01-19 02:08:01", "elapsed": 6985.224331, "delta": 0.00654}}
{"target": -13.75851873734936, "params": {"gamma": 503.24206548074153, "log10_alpha": 0.08892244211873716, "log10_colsample_bytree": -0.5844942973256072, "log10_eta": -4.0, "log10_lambda": 1.0, "log10_min_child_weight": 0.7001014259997259, "log10_subsample": 0.0, "max_depth": 2.0, "num_boost_round": 21.0}, "datetime": {"datetime": "2024-01-19 02:08:01", "elapsed": 6985.230706, "delta": 0.006375}}
{"target": -13.75851818953574, "params": {"gamma": 503.24206548074153, "log10_alpha": 0.08892244211873716, "log10_colsample_bytree": -0.5844942973256072, "log10_eta": -4.0, "log10_lambda": 1.0, "log10_min_child_weight": 0.7001014259997259, "log10_subsample": 0.0, "max_depth": 2.0, "num_boost_round": 22.0}, "datetime": {"datetime": "2024-01-19 02:08:01", "elapsed": 6985.237136, "delta": 0.00643}}
{"target": -13.758517149343056, "params": {"gamma": 503.24206548074153, "log10_alpha": 0.08892244211873716, "log10_colsample_bytree": -0.5844942973256072, "log10_eta": -4.0, "log10_lambda": 1.0, "log10_min_child_weight": 0.7001014259997259, "log10_subsample": 0.0, "max_depth": 2.0, "num_boost_round": 23.0}, "datetime": {"datetime": "2024-01-19 02:08:01", "elapsed": 6985.243564, "delta": 0.006428}}
{"target": -13.758517081906195, "params": {"gamma": 503.24206548074153, "log10_alpha": 0.08892244211873716, "log10_colsample_bytree": -0.5844942973256072, "log10_eta": -4.0, "log10_lambda": 1.0, "log10_min_child_weight": 0.7001014259997259, "log10_subsample": 0.0, "max_depth": 2.0, "num_boost_round": 24.0}, "datetime": {"datetime": "2024-01-19 02:08:01", "elapsed": 6985.322796, "delta": 0.079232}}
{"target": -13.75851545830512, "params": {"gamma": 503.24206548074153, "log10_alpha": 0.08892244211873716, "log10_colsample_bytree": -0.5844942973256072, "log10_eta": -4.0, "log10_lambda": 1.0, "log10_min_child_weight": 0.7001014259997259, "log10_subsample": 0.0, "max_depth": 2.0, "num_boost_round": 25.0}, "datetime": {"datetime": "2024-01-19 02:08:01", "elapsed": 6985.329523, "delta": 0.006727}}
{"target": -13.75851507707271, "params": {"gamma": 503.24206548074153, "log10_alpha": 0.08892244211873716, "log10_colsample_bytree": -0.5844942973256072, "log10_eta": -4.0, "log10_lambda": 1.0, "log10_min_child_weight": 0.7001014259997259, "log10_subsample": 0.0, "max_depth": 2.0, "num_boost_round": 26.0}, "datetime": {"datetime": "2024-01-19 02:08:01", "elapsed": 6985.335696, "delta": 0.006173}}
{"target": -13.758513285231391, "params": {"gamma": 503.24206548074153, "log10_alpha": 0.08892244211873716, "log10_colsample_bytree": -0.5844942973256072, "log10_eta": -4.0, "log10_lambda": 1.0, "log10_min_child_weight": 0.7001014259997259, "log10_subsample": 0.0, "max_depth": 2.0, "num_boost_round": 27.0}, "datetime": {"datetime": "2024-01-19 02:08:01", "elapsed": 6985.341776, "delta": 0.00608}}
{"target": -13.758512739935115, "params": {"gamma": 503.24206548074153, "log10_alpha": 0.08892244211873716, "log10_colsample_bytree": -0.5844942973256072, "log10_eta": -4.0, "log10_lambda": 1.0, "log10_min_child_weight": 0.7001014259997259, "log10_subsample": 0.0, "max_depth": 2.0, "num_boost_round": 28.0}, "datetime": {"datetime": "2024-01-19 02:08:01", "elapsed": 6985.34788, "delta": 0.006104}}
{"target": -13.758511797636173, "params": {"gamma": 503.24206548074153, "log10_alpha": 0.08892244211873716, "log10_colsample_bytree": -0.5844942973256072, "log10_eta": -4.0, "log10_lambda": 1.0, "log10_min_child_weight": 0.7001014259997259, "log10_subsample": 0.0, "max_depth": 2.0, "num_boost_round": 29.0}, "datetime": {"datetime": "2024-01-19 02:08:01", "elapsed": 6985.353992, "delta": 0.006112}}
{"target": -13.758509912824167, "params": {"gamma": 503.24206548074153, "log10_alpha": 0.08892244211873716, "log10_colsample_bytree": -0.5844942973256072, "log10_eta": -4.0, "log10_lambda": 1.0, "log10_min_child_weight": 0.7001014259997259, "log10_subsample": 0.0, "max_depth": 2.0, "num_boost_round": 30.0}, "datetime": {"datetime": "2024-01-19 02:08:01", "elapsed": 6985.360114, "delta": 0.006122}}
{"target": -13.758508020052936, "params": {"gamma": 503.24206548074153, "log10_alpha": 0.08892244211873716, "log10_colsample_bytree": -0.5844942973256072, "log10_eta": -4.0, "log10_lambda": 1.0, "log10_min_child_weight": 0.7001014259997259, "log10_subsample": 0.0, "max_depth": 2.0, "num_boost_round": 31.0}, "datetime": {"datetime": "2024-01-19 02:08:01", "elapsed": 6985.366223, "delta": 0.006109}}
{"target": -13.75853843430494, "params": {"gamma": 570.7610781188289, "log10_alpha": -1.7027926968230522, "log10_colsample_bytree": -0.28339782985814976, "log10_eta": -3.565487884818925, "log10_lambda": 0.3208826388439405, "log10_min_child_weight": 1.5273944903984826, "log10_subsample": -0.5655448461126371, "max_depth": 9.0, "num_boost_round": 0.0}, "datetime": {"datetime": "2024-01-19 02:09:54", "elapsed": 7098.215039, "delta": 112.848816}}
{"target": -13.75853285726349, "params": {"gamma": 570.7610781188289, "log10_alpha": -1.7027926968230522, "log10_colsample_bytree": -0.28339782985814976, "log10_eta": -3.565487884818925, "log10_lambda": 0.3208826388439405, "log10_min_child_weight": 1.5273944903984826, "log10_subsample": -0.5655448461126371, "max_depth": 9.0, "num_boost_round": 1.0}, "datetime": {"datetime": "2024-01-19 02:09:54", "elapsed": 7098.222298, "delta": 0.007259}}
{"target": -13.758532238163259, "params": {"gamma": 570.7610781188289, "log10_alpha": -1.7027926968230522, "log10_colsample_bytree": -0.28339782985814976, "log10_eta": -3.565487884818925, "log10_lambda": 0.3208826388439405, "log10_min_child_weight": 1.5273944903984826, "log10_subsample": -0.5655448461126371, "max_depth": 9.0, "num_boost_round": 2.0}, "datetime": {"datetime": "2024-01-19 02:09:54", "elapsed": 7098.228817, "delta": 0.006519}}
{"target": -13.758515851957117, "params": {"gamma": 570.7610781188289, "log10_alpha": -1.7027926968230522, "log10_colsample_bytree": -0.28339782985814976, "log10_eta": -3.565487884818925, "log10_lambda": 0.3208826388439405, "log10_min_child_weight": 1.5273944903984826, "log10_subsample": -0.5655448461126371, "max_depth": 9.0, "num_boost_round": 3.0}, "datetime": {"datetime": "2024-01-19 02:09:54", "elapsed": 7098.235221, "delta": 0.006404}}
{"target": -13.758505788526175, "params": {"gamma": 570.7610781188289, "log10_alpha": -1.7027926968230522, "log10_colsample_bytree": -0.28339782985814976, "log10_eta": -3.565487884818925, "log10_lambda": 0.3208826388439405, "log10_min_child_weight": 1.5273944903984826, "log10_subsample": -0.5655448461126371, "max_depth": 9.0, "num_boost_round": 4.0}, "datetime": {"datetime": "2024-01-19 02:09:54", "elapsed": 7098.24168, "delta": 0.006459}}
{"target": -13.758493365022774, "params": {"gamma": 570.7610781188289, "log10_alpha": -1.7027926968230522, "log10_colsample_bytree": -0.28339782985814976, "log10_eta": -3.565487884818925, "log10_lambda": 0.3208826388439405, "log10_min_child_weight": 1.5273944903984826, "log10_subsample": -0.5655448461126371, "max_depth": 9.0, "num_boost_round": 5.0}, "datetime": {"datetime": "2024-01-19 02:09:54", "elapsed": 7098.248126, "delta": 0.006446}}
{"target": -13.758478942316161, "params": {"gamma": 570.7610781188289, "log10_alpha": -1.7027926968230522, "log10_colsample_bytree": -0.28339782985814976, "log10_eta": -3.565487884818925, "log10_lambda": 0.3208826388439405, "log10_min_child_weight": 1.5273944903984826, "log10_subsample": -0.5655448461126371, "max_depth": 9.0, "num_boost_round": 6.0}, "datetime": {"datetime": "2024-01-19 02:09:54", "elapsed": 7098.254573, "delta": 0.006447}}
{"target": -13.758475969881458, "params": {"gamma": 570.7610781188289, "log10_alpha": -1.7027926968230522, "log10_colsample_bytree": -0.28339782985814976, "log10_eta": -3.565487884818925, "log10_lambda": 0.3208826388439405, "log10_min_child_weight": 1.5273944903984826, "log10_subsample": -0.5655448461126371, "max_depth": 9.0, "num_boost_round": 7.0}, "datetime": {"datetime": "2024-01-19 02:09:54", "elapsed": 7098.260997, "delta": 0.006424}}
{"target": -13.758466649428742, "params": {"gamma": 570.7610781188289, "log10_alpha": -1.7027926968230522, "log10_colsample_bytree": -0.28339782985814976, "log10_eta": -3.565487884818925, "log10_lambda": 0.3208826388439405, "log10_min_child_weight": 1.5273944903984826, "log10_subsample": -0.5655448461126371, "max_depth": 9.0, "num_boost_round": 8.0}, "datetime": {"datetime": "2024-01-19 02:09:54", "elapsed": 7098.267441, "delta": 0.006444}}
{"target": -13.758472226138728, "params": {"gamma": 570.7610781188289, "log10_alpha": -1.7027926968230522, "log10_colsample_bytree": -0.28339782985814976, "log10_eta": -3.565487884818925, "log10_lambda": 0.3208826388439405, "log10_min_child_weight": 1.5273944903984826, "log10_subsample": -0.5655448461126371, "max_depth": 9.0, "num_boost_round": 9.0}, "datetime": {"datetime": "2024-01-19 02:09:54", "elapsed": 7098.27388, "delta": 0.006439}}
{"target": -13.758468550222604, "params": {"gamma": 570.7610781188289, "log10_alpha": -1.7027926968230522, "log10_colsample_bytree": -0.28339782985814976, "log10_eta": -3.565487884818925, "log10_lambda": 0.3208826388439405, "log10_min_child_weight": 1.5273944903984826, "log10_subsample": -0.5655448461126371, "max_depth": 9.0, "num_boost_round": 10.0}, "datetime": {"datetime": "2024-01-19 02:09:54", "elapsed": 7098.280317, "delta": 0.006437}}
{"target": -13.75844973966381, "params": {"gamma": 570.7610781188289, "log10_alpha": -1.7027926968230522, "log10_colsample_bytree": -0.28339782985814976, "log10_eta": -3.565487884818925, "log10_lambda": 0.3208826388439405, "log10_min_child_weight": 1.5273944903984826, "log10_subsample": -0.5655448461126371, "max_depth": 9.0, "num_boost_round": 11.0}, "datetime": {"datetime": "2024-01-19 02:09:54", "elapsed": 7098.286709, "delta": 0.006392}}
{"target": -13.758441770231592, "params": {"gamma": 570.7610781188289, "log10_alpha": -1.7027926968230522, "log10_colsample_bytree": -0.28339782985814976, "log10_eta": -3.565487884818925, "log10_lambda": 0.3208826388439405, "log10_min_child_weight": 1.5273944903984826, "log10_subsample": -0.5655448461126371, "max_depth": 9.0, "num_boost_round": 12.0}, "datetime": {"datetime": "2024-01-19 02:09:54", "elapsed": 7098.293107, "delta": 0.006398}}
{"target": -13.758452147070573, "params": {"gamma": 570.7610781188289, "log10_alpha": -1.7027926968230522, "log10_colsample_bytree": -0.28339782985814976, "log10_eta": -3.565487884818925, "log10_lambda": 0.3208826388439405, "log10_min_child_weight": 1.5273944903984826, "log10_subsample": -0.5655448461126371, "max_depth": 9.0, "num_boost_round": 13.0}, "datetime": {"datetime": "2024-01-19 02:09:54", "elapsed": 7098.399777, "delta": 0.10667}}
{"target": -13.758538034930167, "params": {"gamma": 440.71059253563106, "log10_alpha": 1.0, "log10_colsample_bytree": -1.0, "log10_eta": -4.0, "log10_lambda": -1.6023259523209785, "log10_min_child_weight": 5.0, "log10_subsample": -0.29882017812494643, "max_depth": 5.0, "num_boost_round": 0.0}, "datetime": {"datetime": "2024-01-19 02:12:21", "elapsed": 7245.233656, "delta": 146.833879}}
{"target": -13.758537839399459, "params": {"gamma": 440.71059253563106, "log10_alpha": 1.0, "log10_colsample_bytree": -1.0, "log10_eta": -4.0, "log10_lambda": -1.6023259523209785, "log10_min_child_weight": 5.0, "log10_subsample": -0.29882017812494643, "max_depth": 5.0, "num_boost_round": 1.0}, "datetime": {"datetime": "2024-01-19 02:12:21", "elapsed": 7245.240841, "delta": 0.007185}}
{"target": -13.758537773935691, "params": {"gamma": 440.71059253563106, "log10_alpha": 1.0, "log10_colsample_bytree": -1.0, "log10_eta": -4.0, "log10_lambda": -1.6023259523209785, "log10_min_child_weight": 5.0, "log10_subsample": -0.29882017812494643, "max_depth": 5.0, "num_boost_round": 2.0}, "datetime": {"datetime": "2024-01-19 02:12:21", "elapsed": 7245.247238, "delta": 0.006397}}
{"target": -13.758537699726435, "params": {"gamma": 440.71059253563106, "log10_alpha": 1.0, "log10_colsample_bytree": -1.0, "log10_eta": -4.0, "log10_lambda": -1.6023259523209785, "log10_min_child_weight": 5.0, "log10_subsample": -0.29882017812494643, "max_depth": 5.0, "num_boost_round": 3.0}, "datetime": {"datetime": "2024-01-19 02:12:21", "elapsed": 7245.253674, "delta": 0.006436}}
{"target": -13.758537092319706, "params": {"gamma": 440.71059253563106, "log10_alpha": 1.0, "log10_colsample_bytree": -1.0, "log10_eta": -4.0, "log10_lambda": -1.6023259523209785, "log10_min_child_weight": 5.0, "log10_subsample": -0.29882017812494643, "max_depth": 5.0, "num_boost_round": 4.0}, "datetime": {"datetime": "2024-01-19 02:12:21", "elapsed": 7245.25993, "delta": 0.006256}}
