{"target": -13.758304315273469, "params": {"gamma": 80.5357344130685, "log10_alpha": -1.198567196682021, "log10_colsample_bytree": -0.6212520106373528, "log10_eta": -2.873000132004597, "log10_lambda": -1.811759898579743, "log10_min_child_weight": 3.1655426747348643, "log10_subsample": -0.5827327137484634, "max_depth": 7.0, "num_boost_round": 10.0}, "datetime": {"datetime": "2024-01-19 01:59:04", "elapsed": 6464.458434, "delta": 0.004868}}
{"target": -13.758301630913323, "params": {"gamma": 80.5357344130685, "log10_alpha": -1.198567196682021, "log10_colsample_bytree": -0.6212520106373528, "log10_eta": -2.873000132004597, "log10_lambda": -1.811759898579743, "log10_min_child_weight": 3.1655426747348643, "log10_subsample": -0.5827327137484634, "max_depth": 7.0, "num_boost_round": 11.0}, "datetime": {"datetime": "2024-01-19 01:59:04", "elapsed": 6464.46344, "delta": 0.005006}}
{"target": -13.75827959672947, "params": {"gamma": 80.5357344130685, "log10_alpha": -1.198567196682021, "log10_colsample_bytree": -0.6212520106373528, "log10_eta": -2.873000132004597, "log10_lambda": -1.811759898579743, "log10_min_child_weight": 3.1655426747348643, "log10_subsample": -0.5827327137484634, "max_depth": 7.0, "num_boost_round": 12.0}, "datetime": {"datetime": "2024-01-19 01:59:04", "elapsed": 6464.468364, "delta": 0.004924}}
{"target": -13.758254174131517, "params": {"gamma": 80.5357344130685, "log10_alpha": -1.198567196682021, "log10_colsample_bytree": -0.6212520106373528, "log10_eta": -2.873000132004597, "log10_lambda": -1.811759898579743, "log10_min_child_weight": 3.1655426747348643, "log10_subsample": -0.5827327137484634, "max_depth": 7.0, "num_boost_round": 13.0}, "datetime": {"datetime": "2024-01-19 01:59:04", "elapsed": 6464.47331, "delta": 0.004946}}
{"target": -13.758256180052243, "params": {"gamma": 80.5357344130685, "log10_alpha": -1.198567196682021, "log10_colsample_bytree": -0.6212520106373528, "log10_eta": -2.873000132004597, "log10_lambda": -1.811759898579743, "log10_min_child_weight": 3.1655426747348643, "log10_subsample": -0.5827327137484634, "max_depth": 7.0, "num_boost_round": 14.0}, "datetime": {"datetime": "2024-01-19 01:59:04", "elapsed": 6464.478498, "delta": 0.005188}}
{"target": -13.758204847450836, "params": {"gamma": 80.5357344130685, "log10_alpha": -1.198567196682021, "log10_colsample_bytree": -0.6212520106373528, "log10_eta": -2.873000132004597, "log10_lambda": -1.811759898579743, "log10_min_child_weight": 3.1655426747348643, "log10_subsample": -0.5827327137484634, "max_depth": 7.0, "num_boost_round": 15.0}, "datetime": {"datetime": "2024-01-19 01:59:04", "elapsed": 6464.483461, "delta": 0.004963}}
{"target": -13.758213288597892, "params": {"gamma": 80.5357344130685, "log10_alpha": -1.198567196682021, "log10_colsample_bytree": -0.6212520106373528, "log10_eta": -2.873000132004597, "log10_lambda": -1.811759898579743, "log10_min_child_weight": 3.1655426747348643, "log10_subsample": -0.5827327137484634, "max_depth": 7.0, "num_boost_round": 16.0}, "datetime": {"datetime": "2024-01-19 01:59:04", "elapsed": 6464.488378, "delta": 0.004917}}
{"target": -13.75822535599379, "params": {"gamma": 80.5357344130685, "log10_alpha": -1.198567196682021, "log10_colsample_bytree": -0.6212520106373528, "log10_eta": -2.873000132004597, "log10_lambda": -1.811759898579743, "log10_min_child_weight": 3.1655426747348643, "log10_subsample": -0.5827327137484634, "max_depth": 7.0, "num_boost_round": 17.0}, "datetime": {"datetime": "2024-01-19 01:59:04", "elapsed": 6464.493669, "delta": 0.005291}}
{"target": -13.758226870808738, "params": {"gamma": 80.5357344130685, "log10_alpha": -1.198567196682021, "log10_colsample_bytree": -0.6212520106373528, "log10_eta": -2.873000132004597, "log10_lambda": -1.811759898579743, "log10_min_child_weight": 3.1655426747348643, "log10_subsample": -0.5827327137484634, "max_depth": 7.0, "num_boost_round": 18.0}, "datetime": {"datetime": "2024-01-19 01:59:04", "elapsed": 6464.49902, "delta": 0.005351}}
{"target": -13.758194403219516, "params": {"gamma": 80.5357344130685, "log10_alpha": -1.198567196682021, "log10_colsample_bytree": -0.6212520106373528, "log10_eta": -2.873000132004597, "log10_lambda": -1.811759898579743, "log10_min_child_weight": 3.1655426747348643, "log10_subsample": -0.5827327137484634, "max_depth": 7.0, "num_boost_round": 19.0}, "datetime": {"datetime": "2024-01-19 01:59:04", "elapsed": 6464.504188, "delta": 0.005168}}
{"target": -13.758159965565982, "params": {"gamma": 80.5357344130685, "log10_alpha": -1.198567196682021, "log10_colsample_bytree": -0.6212520106373528, "log10_eta": -2.873000132004597, "log10_lambda": -1.811759898579743, "log10_min_child_weight": 3.1655426747348643, "log10_subsample": -0.5827327137484634, "max_depth": 7.0, "num_boost_round": 20.0}, "datetime": {"datetime": "2024-01-19 01:59:04", "elapsed": 6464.509156, "delta": 0.004968}}
{"target": -13.75813214644464, "params": {"gamma": 80.5357344130685, "log10_alpha": -1.198567196682021, "log10_colsample_bytree": -0.6212520106373528, "log10_eta": -2.873000132004597, "log10_lambda": -1.811759898579743, "log10_min_child_weight": 3.1655426747348643, "log10_subsample": -0.5827327137484634, "max_depth": 7.0, "num_boost_round": 21.0}, "datetime": {"datetime": "2024-01-19 01:59:04", "elapsed": 6464.514304, "delta": 0.005148}}
{"target": -13.758090429330043, "params": {"gamma": 80.5357344130685, "log10_alpha": -1.198567196682021, "log10_colsample_bytree": -0.6212520106373528, "log10_eta": -2.873000132004597, "log10_lambda": -1.811759898579743, "log10_min_child_weight": 3.1655426747348643, "log10_subsample": -0.5827327137484634, "max_depth": 7.0, "num_boost_round": 22.0}, "datetime": {"datetime": "2024-01-19 01:59:04", "elapsed": 6464.519562, "delta": 0.005258}}
{"target": -13.758063070362612, "params": {"gamma": 80.5357344130685, "log10_alpha": -1.198567196682021, "log10_colsample_bytree": -0.6212520106373528, "log10_eta": -2.873000132004597, "log10_lambda": -1.811759898579743, "log10_min_child_weight": 3.1655426747348643, "log10_subsample": -0.5827327137484634, "max_depth": 7.0, "num_boost_round": 23.0}, "datetime": {"datetime": "2024-01-19 01:59:04", "elapsed": 6464.528879, "delta": 0.009317}}
{"target": -13.758085210949485, "params": {"gamma": 80.5357344130685, "log10_alpha": -1.198567196682021, "log10_colsample_bytree": -0.6212520106373528, "log10_eta": -2.873000132004597, "log10_lambda": -1.811759898579743, "log10_min_child_weight": 3.1655426747348643, "log10_subsample": -0.5827327137484634, "max_depth": 7.0, "num_boost_round": 24.0}, "datetime": {"datetime": "2024-01-19 01:59:04", "elapsed": 6464.534181, "delta": 0.005302}}
{"target": -13.758051981790375, "params": {"gamma": 80.5357344130685, "log10_alpha": -1.198567196682021, "log10_colsample_bytree": -0.6212520106373528, "log10_eta": -2.873000132004597, "log10_lambda": -1.811759898579743, "log10_min_child_weight": 3.1655426747348643, "log10_subsample": -0.5827327137484634, "max_depth": 7.0, "num_boost_round": 25.0}, "datetime": {"datetime": "2024-01-19 01:59:04", "elapsed": 6464.53925, "delta": 0.005069}}
{"target": -13.758064430229267, "params": {"gamma": 80.5357344130685, "log10_alpha": -1.198567196682021, "log10_colsample_bytree": -0.6212520106373528, "log10_eta": -2.873000132004597, "log10_lambda": -1.811759898579743, "log10_min_child_weight": 3.1655426747348643, "log10_subsample": -0.5827327137484634, "max_depth": 7.0, "num_boost_round": 26.0}, "datetime": {"datetime": "2024-01-19 01:59:04", "elapsed": 6464.544254, "delta": 0.005004}}
{"target": -13.758024135971274, "params": {"gamma": 80.5357344130685, "log10_alpha": -1.198567196682021, "log10_colsample_bytree": -0.6212520106373528, "log10_eta": -2.873000132004597, "log10_lambda": -1.811759898579743, "log10_min_child_weight": 3.1655426747348643, "log10_subsample": -0.5827327137484634, "max_depth": 7.0, "num_boost_round": 27.0}, "datetime": {"datetime": "2024-01-19 01:59:04", "elapsed": 6464.549156, "delta": 0.004902}}
{"target": -13.758010912533818, "params": {"gamma": 80.5357344130685, "log10_alpha": -1.198567196682021, "log10_colsample_bytree": -0.6212520106373528, "log10_eta": -2.873000132004597, "log10_lambda": -1.811759898579743, "log10_min_child_weight": 3.1655426747348643, "log10_subsample": -0.5827327137484634, "max_depth": 7.0, "num_boost_round": 28.0}, "datetime": {"datetime": "2024-01-19 01:59:04", "elapsed": 6464.554284, "delta": 0.005128}}
{"target": -13.757986032577548, "params": {"gamma": 80.5357344130685, "log10_alpha": -1.198567196682021, "log10_colsample_bytree": -0.6212520106373528, "log10_eta": -2.873000132004597, "log10_lambda": -1.811759898579743, "log10_min_child_weight": 3.1655426747348643, "log10_subsample": -0.5827327137484634, "max_depth": 7.0, "num_boost_round": 29.0}, "datetime": {"datetime": "2024-01-19 01:59:04", "elapsed": 6464.559476, "delta": 0.005192}}
{"target": -13.758535930416032, "params": {"gamma": 79.42371441448704, "log10_alpha": -3.8496472919167086, "log10_colsample_bytree": -0.21272652583846752, "log10_eta": -2.855929985579015, "log10_lambda": -1.2481727311096709, "log10_min_child_weight": 4.697086180709171, "log10_subsample": -0.005172193996203167, "max_depth": 2.0, "num_boost_round": 0.0}, "datetime": {"datetime": "2024-01-19 02:00:32", "elapsed": 6552.227655, "delta": 87.668179}}
{"target": -13.758528163762168, "params": {"gamma": 79.42371441448704, "log10_alpha": -3.8496472919167086, "log10_colsample_bytree": -0.21272652583846752, "log10_eta": -2.855929985579015, "log10_lambda": -1.2481727311096709, "log10_min_child_weight": 4.697086180709171, "log10_subsample": -0.005172193996203167, "max_depth": 2.0, "num_boost_round": 1.0}, "datetime": {"datetime": "2024-01-19 02:00:32", "elapsed": 6552.23326, "delta": 0.005605}}
{"target": -13.758540900804805, "params": {"gamma": 79.42371441448704, "log10_alpha": -3.8496472919167086, "log10_colsample_bytree": -0.21272652583846752, "log10_eta": -2.855929985579015, "log10_lambda": -1.2481727311096709, "log10_min_child_weight": 4.697086180709171, "log10_subsample": -0.005172193996203167, "max_depth": 2.0, "num_boost_round": 2.0}, "datetime": {"datetime": "2024-01-19 02:00:32", "elapsed": 6552.238365, "delta": 0.005105}}
{"target": -13.758543408240872, "params": {"gamma": 79.42371441448704, "log10_alpha": -3.8496472919167086, "log10_colsample_bytree": -0.21272652583846752, "log10_eta": -2.855929985579015, "log10_lambda": -1.2481727311096709, "log10_min_child_weight": 4.697086180709171, "log10_subsample": -0.005172193996203167, "max_depth": 2.0, "num_boost_round": 3.0}, "datetime": {"datetime": "2024-01-19 02:00:32", "elapsed": 6552.243523, "delta": 0.005158}}
{"target": -13.758549104625834, "params": {"gamma": 79.42371441448704, "log10_alpha": -3.8496472919167086, "log10_colsample_bytree": -0.21272652583846752, "log10_eta": -2.855929985579015, "log10_lambda": -1.2481727311096709, "log10_min_child_weight": 4.697086180709171, "log10_subsample": -0.005172193996203167, "max_depth": 2.0, "num_boost_round": 4.0}, "datetime": {"datetime": "2024-01-19 02:00:32", "elapsed": 6552.248287, "delta": 0.004764}}
{"target": -13.758550402486984, "params": {"gamma": 79.42371441448704, "log10_alpha": -3.8496472919167086, "log10_colsample_bytree": -0.21272652583846752, "log10_eta": -2.855929985579015, "log10_lambda": -1.2481727311096709, "log10_min_child_weight": 4.697086180709171, "log10_subsample": -0.005172193996203167, "max_depth": 2.0, "num_boost_round": 5.0}, "datetime": {"datetime": "2024-01-19 02:00:32", "elapsed": 6552.25325, "delta": 0.004963}}
{"target": -13.758555224470333, "params": {"gamma": 79.42371441448704, "log10_alpha": -3.8496472919167086, "log10_colsample_bytree": -0.21272652583846752, "log10_eta": -2.855929985579015, "log10_lambda": -1.2481727311096709, "log10_min_child_weight": 4.697086180709171, "log10_subsample": -0.005172193996203167, "max_depth": 2.0, "num_boost_round": 6.0}, "datetime": {"datetime": "2024-01-19 02:00:32", "elapsed": 6552.258162, "delta": 0.004912}}
{"target": -13.758558030534159, "params": {"gamma": 79.42371441448704, "log10_alpha": -3.8496472919167086, "log10_colsample_bytree": -0.21272652583846752, "log10_eta": -2.855929985579015, "log10_lambda": -1.2481727311096709, "log10_min_child_weight": 4.697086180709171, "log10_subsample": -0.005172193996203167, "max_depth": 2.0, "num_boost_round": 7.0}, "datetime": {"datetime": "2024-01-19 02:00:32", "elapsed": 6552.263064, "delta": 0.004902}}
{"target": -13.758558407969295, "params": {"gamma": 79.42371441448704, "log10_alpha": -3.8496472919167086, "log10_colsample_bytree": -0.21272652583846752, "log10_eta": -2.855929985579015, "log10_lambda": -1.2481727311096709, "log10_min_child_weight": 4.697086180709171, "log10_subsample": -0.005172193996203167, "max_depth": 2.0, "num_boost_round": 8.0}, "datetime": {"datetime": "2024-01-19 02:00:32", "elapsed": 6552.268019, "delta": 0.004955}}
{"target": -13.75855417341008, "params": {"gamma": 79.42371441448704, "log10_alpha": -3.8496472919167086, "log10_colsample_bytree": -0.21272652583846752, "log10_eta": -2.855929985579015, "log10_lambda": -1.2481727311096709, "log10_min_child_weight": 4.697086180709171, "log10_subsample": -0.005172193996203167, "max_depth": 2.0, "num_boost_round": 9.0}, "datetime": {"datetime": "2024-01-19 02:00:32", "elapsed": 6552.273184, "delta": 0.005165}}
{"target": -13.758549966075682, "params": {"gamma": 79.42371441448704, "log10_alpha": -3.8496472919167086, "log10_colsample_bytree": -0.21272652583846752, "log10_eta": -2.855929985579015, "log10_lambda": -1.2481727311096709, "log10_min_child_weight": 4.697086180709171, "log10_subsample": -0.005172193996203167, "max_depth": 2.0, "num_boost_round": 10.0}, "datetime": {"datetime": "2024-01-19 02:00:32", "elapsed": 6552.39203, "delta": 0.118846}}
{"target": -13.758543401421507, "params": {"gamma": 79.42371441448704, "log10_alpha": -3.8496472919167086, "log10_colsample_bytree": -0.21272652583846752, "log10_eta": -2.855929985579015, "log10_lambda": -1.2481727311096709, "log10_min_child_weight": 4.697086180709171, "log10_subsample": -0.005172193996203167, "max_depth": 2.0, "num_boost_round": 11.0}, "datetime": {"datetime": "2024-01-19 02:00:32", "elapsed": 6552.398472, "delta": 0.006442}}
{"target": -13.758539245651319, "params": {"gamma": 79.42371441448704, "log10_alpha": -3.8496472919167086, "log10_colsample_bytree": -0.21272652583846752, "log10_eta": -2.855929985579015, "log10_lambda": -1.2481727311096709, "log10_min_child_weight": 4.697086180709171, "log10_subsample": -0.005172193996203167, "max_depth": 2.0, "num_boost_round": 12.0}, "datetime": {"datetime": "2024-01-19 02:00:32", "elapsed": 6552.403968, "delta": 0.005496}}
{"target": -13.758540167773345, "params": {"gamma": 79.42371441448704, "log10_alpha": -3.8496472919167086, "log10_colsample_bytree": -0.21272652583846752, "log10_eta": -2.855929985579015, "log10_lambda": -1.2481727311096709, "log10_min_child_weight": 4.697086180709171, "log10_subsample": -0.005172193996203167, "max_depth": 2.0, "num_boost_round": 13.0}, "datetime": {"datetime": "2024-01-19 02:00:32", "elapsed": 6552.409082, "delta": 0.005114}}
{"target": -13.75853743691501, "params": {"gamma": 79.42371441448704, "log10_alpha": -3.8496472919167086, "log10_colsample_bytree": -0.21272652583846752, "log10_eta": -2.855929985579015, "log10_lambda": -1.2481727311096709, "log10_min_child_weight": 4.697086180709171, "log10_subsample": -0.005172193996203167, "max_depth": 2.0, "num_boost_round": 14.0}, "datetime": {"datetime": "2024-01-19 02:00:32", "elapsed": 6552.414297, "delta": 0.005215}}
{"target": -13.758528078976605, "params": {"gamma": 79.42371441448704, "log10_alpha": -3.8496472919167086, "log10_colsample_bytree": -0.21272652583846752, "log10_eta": -2.855929985579015, "log10_lambda": -1.2481727311096709, "log10_min_child_weight": 4.697086180709171, "log10_subsample": -0.005172193996203167, "max_depth": 2.0, "num_boost_round": 15.0}, "datetime": {"datetime": "2024-01-19 02:00:32", "elapsed": 6552.419124, "delta": 0.004827}}
{"target": -13.758518193472145, "params": {"gamma": 79.42371441448704, "log10_alpha": -3.8496472919167086, "log10_colsample_bytree": -0.21272652583846752, "log10_eta": -2.855929985579015, "log10_lambda": -1.2481727311096709, "log10_min_child_weight": 4.697086180709171, "log10_subsample": -0.005172193996203167, "max_depth": 2.0, "num_boost_round": 16.0}, "datetime": {"datetime": "2024-01-19 02:00:32", "elapsed": 6552.423998, "delta": 0.004874}}
{"target": -13.758515638516036, "params": {"gamma": 79.42371441448704, "log10_alpha": -3.8496472919167086, "log10_colsample_bytree": -0.21272652583846752, "log10_eta": -2.855929985579015, "log10_lambda": -1.2481727311096709, "log10_min_child_weight": 4.697086180709171, "log10_subsample": -0.005172193996203167, "max_depth": 2.0, "num_boost_round": 17.0}, "datetime": {"datetime": "2024-01-19 02:00:32", "elapsed": 6552.428875, "delta": 0.004877}}
{"target": -13.758518990826408, "params": {"gamma": 79.42371441448704, "log10_alpha": -3.8496472919167086, "log10_colsample_bytree": -0.21272652583846752, "log10_eta": -2.855929985579015, "log10_lambda": -1.2481727311096709, "log10_min_child_weight": 4.697086180709171, "log10_subsample": -0.005172193996203167, "max_depth": 2.0, "num_boost_round": 18.0}, "datetime": {"datetime": "2024-01-19 02:00:32", "elapsed": 6552.433708, "delta": 0.004833}}
{"target": -13.758526032157976, "params": {"gamma": 79.42371441448704, "log10_alpha": -3.8496472919167086, "log10_colsample_bytree": -0.21272652583846752, "log10_eta": -2.855929985579015, "log10_lambda": -1.2481727311096709, "log10_min_child_weight": 4.697086180709171, "log10_subsample": -0.005172193996203167, "max_depth": 2.0, "num_boost_round": 19.0}, "datetime": {"datetime": "2024-01-19 02:00:32", "elapsed": 6552.438728, "delta": 0.00502}}
{"target": -13.758529493156724, "params": {"gamma": 79.42371441448704, "log10_alpha": -3.8496472919167086, "log10_colsample_bytree": -0.21272652583846752, "log10_eta": -2.855929985579015, "log10_lambda": -1.2481727311096709, "log10_min_child_weight": 4.697086180709171, "log10_subsample": -0.005172193996203167, "max_depth": 2.0, "num_boost_round": 20.0}, "datetime": {"datetime": "2024-01-19 02:00:32", "elapsed": 6552.443845, "delta": 0.005117}}
{"target": -13.758537259146848, "params": {"gamma": 73.21404959594192, "log10_alpha": 0.7666361406037954, "log10_colsample_bytree": -0.5388843121898257, "log10_eta": -3.924129425462893, "log10_lambda": -1.9300058660639055, "log10_min_child_weight": 4.389927009274761, "log10_subsample": -0.675661626033088, "max_depth": 3.0, "num_boost_round": 0.0}, "datetime": {"datetime": "2024-01-19 02:01:36", "elapsed": 6616.614858, "delta": 64.171013}}
{"target": -13.758536869183112, "params": {"gamma": 73.21404959594192, "log10_alpha": 0.7666361406037954, "log10_colsample_bytree": -0.5388843121898257, "log10_eta": -3.924129425462893, "log10_lambda": -1.9300058660639055, "log10_min_child_weight": 4.389927009274761, "log10_subsample": -0.675661626033088, "max_depth": 3.0, "num_boost_round": 1.0}, "datetime": {"datetime": "2024-01-19 02:01:36", "elapsed": 6616.62057, "delta": 0.005712}}
{"target": -13.758536506091769, "params": {"gamma": 73.21404959594192, "log10_alpha": 0.7666361406037954, "log10_colsample_bytree": -0.5388843121898257, "log10_eta": -3.924129425462893, "log10_lambda": -1.9300058660639055, "log10_min_child_weight": 4.389927009274761, "log10_subsample": -0.675661626033088, "max_depth": 3.0, "num_boost_round": 2.0}, "datetime": {"datetime": "2024-01-19 02:01:36", "elapsed": 6616.625436, "delta": 0.004866}}
{"target": -13.758536505248724, "params": {"gamma": 73.21404959594192, "log10_alpha": 0.7666361406037954, "log10_colsample_bytree": -0.5388843121898257, "log10_eta": -3.924129425462893, "log10_lambda": -1.9300058660639055, "log10_min_child_weight": 4.389927009274761, "log10_subsample": -0.675661626033088, "max_depth": 3.0, "num_boost_round": 3.0}, "datetime": {"datetime": "2024-01-19 02:01:36", "elapsed": 6616.630344, "delta": 0.004908}}
{"target": -13.758536382089272, "params": {"gamma": 73.21404959594192, "log10_alpha": 0.7666361406037954, "log10_colsample_bytree": -0.5388843121898257, "log10_eta": -3.924129425462893, "log10_lambda": -1.9300058660639055, "log10_min_child_weight": 4.389927009274761, "log10_subsample": -0.675661626033088, "max_depth": 3.0, "num_boost_round": 4.0}, "datetime": {"datetime": "2024-01-19 02:01:36", "elapsed": 6616.635455, "delta": 0.005111}}
{"target": -13.758536138854728, "params": {"gamma": 73.21404959594192, "log10_alpha": 0.7666361406037954, "log10_colsample_bytree": -0.5388843121898257, "log10_eta": -3.924129425462893, "log10_lambda": -1.9300058660639055, "log10_min_child_weight": 4.389927009274761, "log10_subsample": -0.675661626033088, "max_depth": 3.0, "num_boost_round": 5.0}, "datetime": {"datetime": "2024-01-19 02:01:36", "elapsed": 6616.640392, "delta": 0.004937}}
{"target": -13.758536633521807, "params": {"gamma": 73.21404959594192, "log10_alpha": 0.7666361406037954, "log10_colsample_bytree": -0.5388843121898257, "log10_eta": -3.924129425462893, "log10_lambda": -1.9300058660639055, "log10_min_child_weight": 4.389927009274761, "log10_subsample": -0.675661626033088, "max_depth": 3.0, "num_boost_round": 6.0}, "datetime": {"datetime": "2024-01-19 02:01:36", "elapsed": 6616.645214, "delta": 0.004822}}
{"target": -13.758536856564744, "params": {"gamma": 73.21404959594192, "log10_alpha": 0.7666361406037954, "log10_colsample_bytree": -0.5388843121898257, "log10_eta": -3.924129425462893, "log10_lambda": -1.9300058660639055, "log10_min_child_weight": 4.389927009274761, "log10_subsample": -0.675661626033088, "max_depth": 3.0, "num_boost_round": 7.0}, "datetime": {"datetime": "2024-01-19 02:01:36", "elapsed": 6616.650161, "delta": 0.004947}}
