{"target": -13.758498777695472, "params": {"gamma": 508.2341565387442, "log10_alpha": 0.5109987950834282, "log10_colsample_bytree": -0.29358876205938256, "log10_eta": -4.0, "log10_lambda": -0.3700360211789274, "log10_min_child_weight": 0.025631968249005092, "log10_subsample": -0.644839939909782, "max_depth": 2.0, "num_boost_round": 43.0}, "datetime": {"datetime": "2024-01-19 01:11:51", "elapsed": 3615.75425, "delta": 0.004548}}
{"target": -13.758498356020157, "params": {"gamma": 508.2341565387442, "log10_alpha": 0.5109987950834282, "log10_colsample_bytree": -0.29358876205938256, "log10_eta": -4.0, "log10_lambda": -0.3700360211789274, "log10_min_child_weight": 0.025631968249005092, "log10_subsample": -0.644839939909782, "max_depth": 2.0, "num_boost_round": 44.0}, "datetime": {"datetime": "2024-01-19 01:11:51", "elapsed": 3615.758799, "delta": 0.004549}}
{"target": -13.75849785590834, "params": {"gamma": 508.2341565387442, "log10_alpha": 0.5109987950834282, "log10_colsample_bytree": -0.29358876205938256, "log10_eta": -4.0, "log10_lambda": -0.3700360211789274, "log10_min_child_weight": 0.025631968249005092, "log10_subsample": -0.644839939909782, "max_depth": 2.0, "num_boost_round": 45.0}, "datetime": {"datetime": "2024-01-19 01:11:51", "elapsed": 3615.76336, "delta": 0.004561}}
{"target": -13.75849774531345, "params": {"gamma": 508.2341565387442, "log10_alpha": 0.5109987950834282, "log10_colsample_bytree": -0.29358876205938256, "log10_eta": -4.0, "log10_lambda": -0.3700360211789274, "log10_min_child_weight": 0.025631968249005092, "log10_subsample": -0.644839939909782, "max_depth": 2.0, "num_boost_round": 46.0}, "datetime": {"datetime": "2024-01-19 01:11:51", "elapsed": 3615.767941, "delta": 0.004581}}
{"target": -13.758497338781657, "params": {"gamma": 508.2341565387442, "log10_alpha": 0.5109987950834282, "log10_colsample_bytree": -0.29358876205938256, "log10_eta": -4.0, "log10_lambda": -0.3700360211789274, "log10_min_child_weight": 0.025631968249005092, "log10_subsample": -0.644839939909782, "max_depth": 2.0, "num_boost_round": 47.0}, "datetime": {"datetime": "2024-01-19 01:11:51", "elapsed": 3615.77253, "delta": 0.004589}}
{"target": -13.758498712851997, "params": {"gamma": 508.2341565387442, "log10_alpha": 0.5109987950834282, "log10_colsample_bytree": -0.29358876205938256, "log10_eta": -4.0, "log10_lambda": -0.3700360211789274, "log10_min_child_weight": 0.025631968249005092, "log10_subsample": -0.644839939909782, "max_depth": 2.0, "num_boost_round": 48.0}, "datetime": {"datetime": "2024-01-19 01:11:51", "elapsed": 3615.777037, "delta": 0.004507}}
{"target": -13.758498582019493, "params": {"gamma": 508.2341565387442, "log10_alpha": 0.5109987950834282, "log10_colsample_bytree": -0.29358876205938256, "log10_eta": -4.0, "log10_lambda": -0.3700360211789274, "log10_min_child_weight": 0.025631968249005092, "log10_subsample": -0.644839939909782, "max_depth": 2.0, "num_boost_round": 49.0}, "datetime": {"datetime": "2024-01-19 01:11:51", "elapsed": 3615.781598, "delta": 0.004561}}
{"target": -13.75849838650559, "params": {"gamma": 508.2341565387442, "log10_alpha": 0.5109987950834282, "log10_colsample_bytree": -0.29358876205938256, "log10_eta": -4.0, "log10_lambda": -0.3700360211789274, "log10_min_child_weight": 0.025631968249005092, "log10_subsample": -0.644839939909782, "max_depth": 2.0, "num_boost_round": 50.0}, "datetime": {"datetime": "2024-01-19 01:11:51", "elapsed": 3615.786135, "delta": 0.004537}}
{"target": -13.758498099925951, "params": {"gamma": 508.2341565387442, "log10_alpha": 0.5109987950834282, "log10_colsample_bytree": -0.29358876205938256, "log10_eta": -4.0, "log10_lambda": -0.3700360211789274, "log10_min_child_weight": 0.025631968249005092, "log10_subsample": -0.644839939909782, "max_depth": 2.0, "num_boost_round": 51.0}, "datetime": {"datetime": "2024-01-19 01:11:51", "elapsed": 3615.790695, "delta": 0.00456}}
{"target": -13.758497006544209, "params": {"gamma": 508.2341565387442, "log10_alpha": 0.5109987950834282, "log10_colsample_bytree": -0.29358876205938256, "log10_eta": -4.0, "log10_lambda": -0.3700360211789274, "log10_min_child_weight": 0.025631968249005092, "log10_subsample": -0.644839939909782, "max_depth": 2.0, "num_boost_round": 52.0}, "datetime": {"datetime": "2024-01-19 01:11:51", "elapsed": 3615.795248, "delta": 0.004553}}
{"target": -13.75849563739168, "params": {"gamma": 508.2341565387442, "log10_alpha": 0.5109987950834282, "log10_colsample_bytree": -0.29358876205938256, "log10_eta": -4.0, "log10_lambda": -0.3700360211789274, "log10_min_child_weight": 0.025631968249005092, "log10_subsample": -0.644839939909782, "max_depth": 2.0, "num_boost_round": 53.0}, "datetime": {"datetime": "2024-01-19 01:11:51", "elapsed": 3615.799891, "delta": 0.004643}}
{"target": -13.758493769826297, "params": {"gamma": 508.2341565387442, "log10_alpha": 0.5109987950834282, "log10_colsample_bytree": -0.29358876205938256, "log10_eta": -4.0, "log10_lambda": -0.3700360211789274, "log10_min_child_weight": 0.025631968249005092, "log10_subsample": -0.644839939909782, "max_depth": 2.0, "num_boost_round": 54.0}, "datetime": {"datetime": "2024-01-19 01:11:51", "elapsed": 3615.804434, "delta": 0.004543}}
{"target": -13.758492595790672, "params": {"gamma": 508.2341565387442, "log10_alpha": 0.5109987950834282, "log10_colsample_bytree": -0.29358876205938256, "log10_eta": -4.0, "log10_lambda": -0.3700360211789274, "log10_min_child_weight": 0.025631968249005092, "log10_subsample": -0.644839939909782, "max_depth": 2.0, "num_boost_round": 55.0}, "datetime": {"datetime": "2024-01-19 01:11:51", "elapsed": 3615.80895, "delta": 0.004516}}
{"target": -13.75849077913243, "params": {"gamma": 508.2341565387442, "log10_alpha": 0.5109987950834282, "log10_colsample_bytree": -0.29358876205938256, "log10_eta": -4.0, "log10_lambda": -0.3700360211789274, "log10_min_child_weight": 0.025631968249005092, "log10_subsample": -0.644839939909782, "max_depth": 2.0, "num_boost_round": 56.0}, "datetime": {"datetime": "2024-01-19 01:11:51", "elapsed": 3615.813558, "delta": 0.004608}}
{"target": -13.758490226956688, "params": {"gamma": 508.2341565387442, "log10_alpha": 0.5109987950834282, "log10_colsample_bytree": -0.29358876205938256, "log10_eta": -4.0, "log10_lambda": -0.3700360211789274, "log10_min_child_weight": 0.025631968249005092, "log10_subsample": -0.644839939909782, "max_depth": 2.0, "num_boost_round": 57.0}, "datetime": {"datetime": "2024-01-19 01:11:51", "elapsed": 3615.818086, "delta": 0.004528}}
{"target": -13.758489829127937, "params": {"gamma": 508.2341565387442, "log10_alpha": 0.5109987950834282, "log10_colsample_bytree": -0.29358876205938256, "log10_eta": -4.0, "log10_lambda": -0.3700360211789274, "log10_min_child_weight": 0.025631968249005092, "log10_subsample": -0.644839939909782, "max_depth": 2.0, "num_boost_round": 58.0}, "datetime": {"datetime": "2024-01-19 01:11:51", "elapsed": 3615.822612, "delta": 0.004526}}
{"target": -13.758488287961992, "params": {"gamma": 508.2341565387442, "log10_alpha": 0.5109987950834282, "log10_colsample_bytree": -0.29358876205938256, "log10_eta": -4.0, "log10_lambda": -0.3700360211789274, "log10_min_child_weight": 0.025631968249005092, "log10_subsample": -0.644839939909782, "max_depth": 2.0, "num_boost_round": 59.0}, "datetime": {"datetime": "2024-01-19 01:11:51", "elapsed": 3615.82789, "delta": 0.005278}}
{"target": -13.75852759462047, "params": {"gamma": 487.9789572374408, "log10_alpha": -0.791745516183882, "log10_colsample_bytree": -0.8301451760360896, "log10_eta": -3.4044485458334353, "log10_lambda": -0.5469785280224659, "log10_min_child_weight": 1.393236873106175, "log10_subsample": -0.15313399774939185, "max_depth": 6.0, "num_boost_round": 0.0}, "datetime": {"datetime": "2024-01-19 01:13:01", "elapsed": 3685.102078, "delta": 69.274188}}
{"target": -13.758543595062722, "params": {"gamma": 487.9789572374408, "log10_alpha": -0.791745516183882, "log10_colsample_bytree": -0.8301451760360896, "log10_eta": -3.4044485458334353, "log10_lambda": -0.5469785280224659, "log10_min_child_weight": 1.393236873106175, "log10_subsample": -0.15313399774939185, "max_depth": 6.0, "num_boost_round": 1.0}, "datetime": {"datetime": "2024-01-19 01:13:01", "elapsed": 3685.10699, "delta": 0.004912}}
{"target": -13.75852887565154, "params": {"gamma": 487.9789572374408, "log10_alpha": -0.791745516183882, "log10_colsample_bytree": -0.8301451760360896, "log10_eta": -3.4044485458334353, "log10_lambda": -0.5469785280224659, "log10_min_child_weight": 1.393236873106175, "log10_subsample": -0.15313399774939185, "max_depth": 6.0, "num_boost_round": 2.0}, "datetime": {"datetime": "2024-01-19 01:13:01", "elapsed": 3685.111641, "delta": 0.004651}}
{"target": -13.75851935747192, "params": {"gamma": 487.9789572374408, "log10_alpha": -0.791745516183882, "log10_colsample_bytree": -0.8301451760360896, "log10_eta": -3.4044485458334353, "log10_lambda": -0.5469785280224659, "log10_min_child_weight": 1.393236873106175, "log10_subsample": -0.15313399774939185, "max_depth": 6.0, "num_boost_round": 3.0}, "datetime": {"datetime": "2024-01-19 01:13:01", "elapsed": 3685.116223, "delta": 0.004582}}
{"target": -13.758520055912852, "params": {"gamma": 487.9789572374408, "log10_alpha": -0.791745516183882, "log10_colsample_bytree": -0.8301451760360896, "log10_eta": -3.4044485458334353, "log10_lambda": -0.5469785280224659, "log10_min_child_weight": 1.393236873106175, "log10_subsample": -0.15313399774939185, "max_depth": 6.0, "num_boost_round": 4.0}, "datetime": {"datetime": "2024-01-19 01:13:01", "elapsed": 3685.120768, "delta": 0.004545}}
{"target": -13.75851979039733, "params": {"gamma": 487.9789572374408, "log10_alpha": -0.791745516183882, "log10_colsample_bytree": -0.8301451760360896, "log10_eta": -3.4044485458334353, "log10_lambda": -0.5469785280224659, "log10_min_child_weight": 1.393236873106175, "log10_subsample": -0.15313399774939185, "max_depth": 6.0, "num_boost_round": 5.0}, "datetime": {"datetime": "2024-01-19 01:13:01", "elapsed": 3685.125496, "delta": 0.004728}}
{"target": -13.758528819338899, "params": {"gamma": 487.9789572374408, "log10_alpha": -0.791745516183882, "log10_colsample_bytree": -0.8301451760360896, "log10_eta": -3.4044485458334353, "log10_lambda": -0.5469785280224659, "log10_min_child_weight": 1.393236873106175, "log10_subsample": -0.15313399774939185, "max_depth": 6.0, "num_boost_round": 6.0}, "datetime": {"datetime": "2024-01-19 01:13:01", "elapsed": 3685.130099, "delta": 0.004603}}
{"target": -13.758506332743831, "params": {"gamma": 487.9789572374408, "log10_alpha": -0.791745516183882, "log10_colsample_bytree": -0.8301451760360896, "log10_eta": -3.4044485458334353, "log10_lambda": -0.5469785280224659, "log10_min_child_weight": 1.393236873106175, "log10_subsample": -0.15313399774939185, "max_depth": 6.0, "num_boost_round": 7.0}, "datetime": {"datetime": "2024-01-19 01:13:01", "elapsed": 3685.134665, "delta": 0.004566}}
{"target": -13.758498879111078, "params": {"gamma": 487.9789572374408, "log10_alpha": -0.791745516183882, "log10_colsample_bytree": -0.8301451760360896, "log10_eta": -3.4044485458334353, "log10_lambda": -0.5469785280224659, "log10_min_child_weight": 1.393236873106175, "log10_subsample": -0.15313399774939185, "max_depth": 6.0, "num_boost_round": 8.0}, "datetime": {"datetime": "2024-01-19 01:13:01", "elapsed": 3685.139209, "delta": 0.004544}}
{"target": -13.75850252375338, "params": {"gamma": 487.9789572374408, "log10_alpha": -0.791745516183882, "log10_colsample_bytree": -0.8301451760360896, "log10_eta": -3.4044485458334353, "log10_lambda": -0.5469785280224659, "log10_min_child_weight": 1.393236873106175, "log10_subsample": -0.15313399774939185, "max_depth": 6.0, "num_boost_round": 9.0}, "datetime": {"datetime": "2024-01-19 01:13:01", "elapsed": 3685.143835, "delta": 0.004626}}
{"target": -13.7584937043879, "params": {"gamma": 487.9789572374408, "log10_alpha": -0.791745516183882, "log10_colsample_bytree": -0.8301451760360896, "log10_eta": -3.4044485458334353, "log10_lambda": -0.5469785280224659, "log10_min_child_weight": 1.393236873106175, "log10_subsample": -0.15313399774939185, "max_depth": 6.0, "num_boost_round": 10.0}, "datetime": {"datetime": "2024-01-19 01:13:01", "elapsed": 3685.148355, "delta": 0.00452}}
{"target": -13.758485133685785, "params": {"gamma": 487.9789572374408, "log10_alpha": -0.791745516183882, "log10_colsample_bytree": -0.8301451760360896, "log10_eta": -3.4044485458334353, "log10_lambda": -0.5469785280224659, "log10_min_child_weight": 1.393236873106175, "log10_subsample": -0.15313399774939185, "max_depth": 6.0, "num_boost_round": 11.0}, "datetime": {"datetime": "2024-01-19 01:13:01", "elapsed": 3685.152883, "delta": 0.004528}}
{"target": -13.75848699653556, "params": {"gamma": 487.9789572374408, "log10_alpha": -0.791745516183882, "log10_colsample_bytree": -0.8301451760360896, "log10_eta": -3.4044485458334353, "log10_lambda": -0.5469785280224659, "log10_min_child_weight": 1.393236873106175, "log10_subsample": -0.15313399774939185, "max_depth": 6.0, "num_boost_round": 12.0}, "datetime": {"datetime": "2024-01-19 01:13:01", "elapsed": 3685.157482, "delta": 0.004599}}
{"target": -13.758461908470974, "params": {"gamma": 487.9789572374408, "log10_alpha": -0.791745516183882, "log10_colsample_bytree": -0.8301451760360896, "log10_eta": -3.4044485458334353, "log10_lambda": -0.5469785280224659, "log10_min_child_weight": 1.393236873106175, "log10_subsample": -0.15313399774939185, "max_depth": 6.0, "num_boost_round": 13.0}, "datetime": {"datetime": "2024-01-19 01:13:01", "elapsed": 3685.162112, "delta": 0.00463}}
{"target": -13.758469857679804, "params": {"gamma": 487.9789572374408, "log10_alpha": -0.791745516183882, "log10_colsample_bytree": -0.8301451760360896, "log10_eta": -3.4044485458334353, "log10_lambda": -0.5469785280224659, "log10_min_child_weight": 1.393236873106175, "log10_subsample": -0.15313399774939185, "max_depth": 6.0, "num_boost_round": 14.0}, "datetime": {"datetime": "2024-01-19 01:13:01", "elapsed": 3685.166692, "delta": 0.00458}}
{"target": -13.758454149298853, "params": {"gamma": 487.9789572374408, "log10_alpha": -0.791745516183882, "log10_colsample_bytree": -0.8301451760360896, "log10_eta": -3.4044485458334353, "log10_lambda": -0.5469785280224659, "log10_min_child_weight": 1.393236873106175, "log10_subsample": -0.15313399774939185, "max_depth": 6.0, "num_boost_round": 15.0}, "datetime": {"datetime": "2024-01-19 01:13:01", "elapsed": 3685.17133, "delta": 0.004638}}
{"target": -13.758461804188276, "params": {"gamma": 487.9789572374408, "log10_alpha": -0.791745516183882, "log10_colsample_bytree": -0.8301451760360896, "log10_eta": -3.4044485458334353, "log10_lambda": -0.5469785280224659, "log10_min_child_weight": 1.393236873106175, "log10_subsample": -0.15313399774939185, "max_depth": 6.0, "num_boost_round": 16.0}, "datetime": {"datetime": "2024-01-19 01:13:01", "elapsed": 3685.175976, "delta": 0.004646}}
{"target": -13.758438359078852, "params": {"gamma": 487.9789572374408, "log10_alpha": -0.791745516183882, "log10_colsample_bytree": -0.8301451760360896, "log10_eta": -3.4044485458334353, "log10_lambda": -0.5469785280224659, "log10_min_child_weight": 1.393236873106175, "log10_subsample": -0.15313399774939185, "max_depth": 6.0, "num_boost_round": 17.0}, "datetime": {"datetime": "2024-01-19 01:13:01", "elapsed": 3685.180705, "delta": 0.004729}}
{"target": -13.758428182950018, "params": {"gamma": 487.9789572374408, "log10_alpha": -0.791745516183882, "log10_colsample_bytree": -0.8301451760360896, "log10_eta": -3.4044485458334353, "log10_lambda": -0.5469785280224659, "log10_min_child_weight": 1.393236873106175, "log10_subsample": -0.15313399774939185, "max_depth": 6.0, "num_boost_round": 18.0}, "datetime": {"datetime": "2024-01-19 01:13:01", "elapsed": 3685.185304, "delta": 0.004599}}
{"target": -13.758420912811138, "params": {"gamma": 487.9789572374408, "log10_alpha": -0.791745516183882, "log10_colsample_bytree": -0.8301451760360896, "log10_eta": -3.4044485458334353, "log10_lambda": -0.5469785280224659, "log10_min_child_weight": 1.393236873106175, "log10_subsample": -0.15313399774939185, "max_depth": 6.0, "num_boost_round": 19.0}, "datetime": {"datetime": "2024-01-19 01:13:01", "elapsed": 3685.190026, "delta": 0.004722}}
{"target": -13.758395122239516, "params": {"gamma": 487.9789572374408, "log10_alpha": -0.791745516183882, "log10_colsample_bytree": -0.8301451760360896, "log10_eta": -3.4044485458334353, "log10_lambda": -0.5469785280224659, "log10_min_child_weight": 1.393236873106175, "log10_subsample": -0.15313399774939185, "max_depth": 6.0, "num_boost_round": 20.0}, "datetime": {"datetime": "2024-01-19 01:13:01", "elapsed": 3685.194775, "delta": 0.004749}}
{"target": -13.758353070365557, "params": {"gamma": 487.9789572374408, "log10_alpha": -0.791745516183882, "log10_colsample_bytree": -0.8301451760360896, "log10_eta": -3.4044485458334353, "log10_lambda": -0.5469785280224659, "log10_min_child_weight": 1.393236873106175, "log10_subsample": -0.15313399774939185, "max_depth": 6.0, "num_boost_round": 21.0}, "datetime": {"datetime": "2024-01-19 01:13:01", "elapsed": 3685.199479, "delta": 0.004704}}
{"target": -13.758337568597435, "params": {"gamma": 487.9789572374408, "log10_alpha": -0.791745516183882, "log10_colsample_bytree": -0.8301451760360896, "log10_eta": -3.4044485458334353, "log10_lambda": -0.5469785280224659, "log10_min_child_weight": 1.393236873106175, "log10_subsample": -0.15313399774939185, "max_depth": 6.0, "num_boost_round": 22.0}, "datetime": {"datetime": "2024-01-19 01:13:01", "elapsed": 3685.203981, "delta": 0.004502}}
{"target": -13.758325437025736, "params": {"gamma": 487.9789572374408, "log10_alpha": -0.791745516183882, "log10_colsample_bytree": -0.8301451760360896, "log10_eta": -3.4044485458334353, "log10_lambda": -0.5469785280224659, "log10_min_child_weight": 1.393236873106175, "log10_subsample": -0.15313399774939185, "max_depth": 6.0, "num_boost_round": 23.0}, "datetime": {"datetime": "2024-01-19 01:13:01", "elapsed": 3685.208593, "delta": 0.004612}}
{"target": -13.75832028609441, "params": {"gamma": 487.9789572374408, "log10_alpha": -0.791745516183882, "log10_colsample_bytree": -0.8301451760360896, "log10_eta": -3.4044485458334353, "log10_lambda": -0.5469785280224659, "log10_min_child_weight": 1.393236873106175, "log10_subsample": -0.15313399774939185, "max_depth": 6.0, "num_boost_round": 24.0}, "datetime": {"datetime": "2024-01-19 01:13:01", "elapsed": 3685.213406, "delta": 0.004813}}
{"target": -13.758307436103186, "params": {"gamma": 487.9789572374408, "log10_alpha": -0.791745516183882, "log10_colsample_bytree": -0.8301451760360896, "log10_eta": -3.4044485458334353, "log10_lambda": -0.5469785280224659, "log10_min_child_weight": 1.393236873106175, "log10_subsample": -0.15313399774939185, "max_depth": 6.0, "num_boost_round": 25.0}, "datetime": {"datetime": "2024-01-19 01:13:01", "elapsed": 3685.218147, "delta": 0.004741}}
{"target": -13.758295965879842, "params": {"gamma": 487.9789572374408, "log10_alpha": -0.791745516183882, "log10_colsample_bytree": -0.8301451760360896, "log10_eta": -3.4044485458334353, "log10_lambda": -0.5469785280224659, "log10_min_child_weight": 1.393236873106175, "log10_subsample": -0.15313399774939185, "max_depth": 6.0, "num_boost_round": 26.0}, "datetime": {"datetime": "2024-01-19 01:13:01", "elapsed": 3685.222672, "delta": 0.004525}}
{"target": -13.758289509330126, "params": {"gamma": 487.9789572374408, "log10_alpha": -0.791745516183882, "log10_colsample_bytree": -0.8301451760360896, "log10_eta": -3.4044485458334353, "log10_lambda": -0.5469785280224659, "log10_min_child_weight": 1.393236873106175, "log10_subsample": -0.15313399774939185, "max_depth": 6.0, "num_boost_round": 27.0}, "datetime": {"datetime": "2024-01-19 01:13:01", "elapsed": 3685.227227, "delta": 0.004555}}
{"target": -13.758282305301414, "params": {"gamma": 487.9789572374408, "log10_alpha": -0.791745516183882, "log10_colsample_bytree": -0.8301451760360896, "log10_eta": -3.4044485458334353, "log10_lambda": -0.5469785280224659, "log10_min_child_weight": 1.393236873106175, "log10_subsample": -0.15313399774939185, "max_depth": 6.0, "num_boost_round": 28.0}, "datetime": {"datetime": "2024-01-19 01:13:01", "elapsed": 3685.231766, "delta": 0.004539}}
{"target": -13.758254435662208, "params": {"gamma": 487.9789572374408, "log10_alpha": -0.791745516183882, "log10_colsample_bytree": -0.8301451760360896, "log10_eta": -3.4044485458334353, "log10_lambda": -0.5469785280224659, "log10_min_child_weight": 1.393236873106175, "log10_subsample": -0.15313399774939185, "max_depth": 6.0, "num_boost_round": 29.0}, "datetime": {"datetime": "2024-01-19 01:13:01", "elapsed": 3685.236452, "delta": 0.004686}}
{"target": -13.758253635816533, "params": {"gamma": 487.9789572374408, "log10_alpha": -0.791745516183882, "log10_colsample_bytree": -0.8301451760360896, "log10_eta": -3.4044485458334353, "log10_lambda": -0.5469785280224659, "log10_min_child_weight": 1.393236873106175, "log10_subsample": -0.15313399774939185, "max_depth": 6.0, "num_boost_round": 30.0}, "datetime": {"datetime": "2024-01-19 01:13:01", "elapsed": 3685.241026, "delta": 0.004574}}
{"target": -13.75823419411559, "params": {"gamma": 487.9789572374408, "log10_alpha": -0.791745516183882, "log10_colsample_bytree": -0.8301451760360896, "log10_eta": -3.4044485458334353, "log10_lambda": -0.5469785280224659, "log10_min_child_weight": 1.393236873106175, "log10_subsample": -0.15313399774939185, "max_depth": 6.0, "num_boost_round": 31.0}, "datetime": {"datetime": "2024-01-19 01:13:01", "elapsed": 3685.245683, "delta": 0.004657}}
