{"target": -14.57449171681665, "params": {"gamma": 479.22643156977625, "log10_alpha": -5.0, "log10_colsample_bytree": 0.0, "log10_eta": 0.0, "log10_lambda": 1.0, "log10_min_child_weight": 0.0, "log10_subsample": -1.0, "max_depth": 2.0, "num_boost_round": 43.0}, "datetime": {"datetime": "2024-01-19 01:50:22", "elapsed": 5926.471689, "delta": 0.005838}}
{"target": -14.573189914950298, "params": {"gamma": 479.22643156977625, "log10_alpha": -5.0, "log10_colsample_bytree": 0.0, "log10_eta": 0.0, "log10_lambda": 1.0, "log10_min_child_weight": 0.0, "log10_subsample": -1.0, "max_depth": 2.0, "num_boost_round": 44.0}, "datetime": {"datetime": "2024-01-19 01:50:22", "elapsed": 5926.477608, "delta": 0.005919}}
{"target": -14.5784821697784, "params": {"gamma": 479.22643156977625, "log10_alpha": -5.0, "log10_colsample_bytree": 0.0, "log10_eta": 0.0, "log10_lambda": 1.0, "log10_min_child_weight": 0.0, "log10_subsample": -1.0, "max_depth": 2.0, "num_boost_round": 45.0}, "datetime": {"datetime": "2024-01-19 01:50:22", "elapsed": 5926.483419, "delta": 0.005811}}
{"target": -14.579330809492001, "params": {"gamma": 479.22643156977625, "log10_alpha": -5.0, "log10_colsample_bytree": 0.0, "log10_eta": 0.0, "log10_lambda": 1.0, "log10_min_child_weight": 0.0, "log10_subsample": -1.0, "max_depth": 2.0, "num_boost_round": 46.0}, "datetime": {"datetime": "2024-01-19 01:50:22", "elapsed": 5926.48926, "delta": 0.005841}}
{"target": -14.57708382312204, "params": {"gamma": 479.22643156977625, "log10_alpha": -5.0, "log10_colsample_bytree": 0.0, "log10_eta": 0.0, "log10_lambda": 1.0, "log10_min_child_weight": 0.0, "log10_subsample": -1.0, "max_depth": 2.0, "num_boost_round": 47.0}, "datetime": {"datetime": "2024-01-19 01:50:22", "elapsed": 5926.495072, "delta": 0.005812}}
{"target": -14.585385800843207, "params": {"gamma": 479.22643156977625, "log10_alpha": -5.0, "log10_colsample_bytree": 0.0, "log10_eta": 0.0, "log10_lambda": 1.0, "log10_min_child_weight": 0.0, "log10_subsample": -1.0, "max_depth": 2.0, "num_boost_round": 48.0}, "datetime": {"datetime": "2024-01-19 01:50:22", "elapsed": 5926.500872, "delta": 0.0058}}
{"target": -14.607956964218069, "params": {"gamma": 479.22643156977625, "log10_alpha": -5.0, "log10_colsample_bytree": 0.0, "log10_eta": 0.0, "log10_lambda": 1.0, "log10_min_child_weight": 0.0, "log10_subsample": -1.0, "max_depth": 2.0, "num_boost_round": 49.0}, "datetime": {"datetime": "2024-01-19 01:50:22", "elapsed": 5926.50658, "delta": 0.005708}}
{"target": -14.610329172431127, "params": {"gamma": 479.22643156977625, "log10_alpha": -5.0, "log10_colsample_bytree": 0.0, "log10_eta": 0.0, "log10_lambda": 1.0, "log10_min_child_weight": 0.0, "log10_subsample": -1.0, "max_depth": 2.0, "num_boost_round": 50.0}, "datetime": {"datetime": "2024-01-19 01:50:22", "elapsed": 5926.512349, "delta": 0.005769}}
{"target": -14.610596439020878, "params": {"gamma": 479.22643156977625, "log10_alpha": -5.0, "log10_colsample_bytree": 0.0, "log10_eta": 0.0, "log10_lambda": 1.0, "log10_min_child_weight": 0.0, "log10_subsample": -1.0, "max_depth": 2.0, "num_boost_round": 51.0}, "datetime": {"datetime": "2024-01-19 01:50:22", "elapsed": 5926.518224, "delta": 0.005875}}
{"target": -13.758538624159694, "params": {"gamma": 480.01781906835737, "log10_alpha": 0.9786165429129507, "log10_colsample_bytree": -0.8408684724521177, "log10_eta": -3.2035711847764343, "log10_lambda": -2.761147754746272, "log10_min_child_weight": 4.581814854115554, "log10_subsample": -0.38392248044855914, "max_depth": 7.0, "num_boost_round": 0.0}, "datetime": {"datetime": "2024-01-19 01:52:11", "elapsed": 6035.161682, "delta": 108.643458}}
{"target": -13.758534952764588, "params": {"gamma": 480.01781906835737, "log10_alpha": 0.9786165429129507, "log10_colsample_bytree": -0.8408684724521177, "log10_eta": -3.2035711847764343, "log10_lambda": -2.761147754746272, "log10_min_child_weight": 4.581814854115554, "log10_subsample": -0.38392248044855914, "max_depth": 7.0, "num_boost_round": 1.0}, "datetime": {"datetime": "2024-01-19 01:52:11", "elapsed": 6035.272409, "delta": 0.110727}}
{"target": -13.758537293264942, "params": {"gamma": 480.01781906835737, "log10_alpha": 0.9786165429129507, "log10_colsample_bytree": -0.8408684724521177, "log10_eta": -3.2035711847764343, "log10_lambda": -2.761147754746272, "log10_min_child_weight": 4.581814854115554, "log10_subsample": -0.38392248044855914, "max_depth": 7.0, "num_boost_round": 2.0}, "datetime": {"datetime": "2024-01-19 01:52:11", "elapsed": 6035.279454, "delta": 0.007045}}
{"target": -13.758535215825615, "params": {"gamma": 480.01781906835737, "log10_alpha": 0.9786165429129507, "log10_colsample_bytree": -0.8408684724521177, "log10_eta": -3.2035711847764343, "log10_lambda": -2.761147754746272, "log10_min_child_weight": 4.581814854115554, "log10_subsample": -0.38392248044855914, "max_depth": 7.0, "num_boost_round": 3.0}, "datetime": {"datetime": "2024-01-19 01:52:11", "elapsed": 6035.285529, "delta": 0.006075}}
{"target": -13.758531844338107, "params": {"gamma": 480.01781906835737, "log10_alpha": 0.9786165429129507, "log10_colsample_bytree": -0.8408684724521177, "log10_eta": -3.2035711847764343, "log10_lambda": -2.761147754746272, "log10_min_child_weight": 4.581814854115554, "log10_subsample": -0.38392248044855914, "max_depth": 7.0, "num_boost_round": 4.0}, "datetime": {"datetime": "2024-01-19 01:52:11", "elapsed": 6035.291594, "delta": 0.006065}}
{"target": -13.7585349081952, "params": {"gamma": 480.01781906835737, "log10_alpha": 0.9786165429129507, "log10_colsample_bytree": -0.8408684724521177, "log10_eta": -3.2035711847764343, "log10_lambda": -2.761147754746272, "log10_min_child_weight": 4.581814854115554, "log10_subsample": -0.38392248044855914, "max_depth": 7.0, "num_boost_round": 5.0}, "datetime": {"datetime": "2024-01-19 01:52:11", "elapsed": 6035.297304, "delta": 0.00571}}
{"target": -13.758535714765161, "params": {"gamma": 480.01781906835737, "log10_alpha": 0.9786165429129507, "log10_colsample_bytree": -0.8408684724521177, "log10_eta": -3.2035711847764343, "log10_lambda": -2.761147754746272, "log10_min_child_weight": 4.581814854115554, "log10_subsample": -0.38392248044855914, "max_depth": 7.0, "num_boost_round": 6.0}, "datetime": {"datetime": "2024-01-19 01:52:11", "elapsed": 6035.303041, "delta": 0.005737}}
{"target": -13.75853028551403, "params": {"gamma": 480.01781906835737, "log10_alpha": 0.9786165429129507, "log10_colsample_bytree": -0.8408684724521177, "log10_eta": -3.2035711847764343, "log10_lambda": -2.761147754746272, "log10_min_child_weight": 4.581814854115554, "log10_subsample": -0.38392248044855914, "max_depth": 7.0, "num_boost_round": 7.0}, "datetime": {"datetime": "2024-01-19 01:52:11", "elapsed": 6035.308771, "delta": 0.00573}}
{"target": -13.758530269813598, "params": {"gamma": 480.01781906835737, "log10_alpha": 0.9786165429129507, "log10_colsample_bytree": -0.8408684724521177, "log10_eta": -3.2035711847764343, "log10_lambda": -2.761147754746272, "log10_min_child_weight": 4.581814854115554, "log10_subsample": -0.38392248044855914, "max_depth": 7.0, "num_boost_round": 8.0}, "datetime": {"datetime": "2024-01-19 01:52:11", "elapsed": 6035.314565, "delta": 0.005794}}
{"target": -13.758528638154262, "params": {"gamma": 480.01781906835737, "log10_alpha": 0.9786165429129507, "log10_colsample_bytree": -0.8408684724521177, "log10_eta": -3.2035711847764343, "log10_lambda": -2.761147754746272, "log10_min_child_weight": 4.581814854115554, "log10_subsample": -0.38392248044855914, "max_depth": 7.0, "num_boost_round": 9.0}, "datetime": {"datetime": "2024-01-19 01:52:11", "elapsed": 6035.320348, "delta": 0.005783}}
{"target": -13.75852748990784, "params": {"gamma": 480.01781906835737, "log10_alpha": 0.9786165429129507, "log10_colsample_bytree": -0.8408684724521177, "log10_eta": -3.2035711847764343, "log10_lambda": -2.761147754746272, "log10_min_child_weight": 4.581814854115554, "log10_subsample": -0.38392248044855914, "max_depth": 7.0, "num_boost_round": 10.0}, "datetime": {"datetime": "2024-01-19 01:52:11", "elapsed": 6035.326147, "delta": 0.005799}}
{"target": -13.758521189830828, "params": {"gamma": 480.01781906835737, "log10_alpha": 0.9786165429129507, "log10_colsample_bytree": -0.8408684724521177, "log10_eta": -3.2035711847764343, "log10_lambda": -2.761147754746272, "log10_min_child_weight": 4.581814854115554, "log10_subsample": -0.38392248044855914, "max_depth": 7.0, "num_boost_round": 11.0}, "datetime": {"datetime": "2024-01-19 01:52:11", "elapsed": 6035.331936, "delta": 0.005789}}
{"target": -13.758526384976328, "params": {"gamma": 480.01781906835737, "log10_alpha": 0.9786165429129507, "log10_colsample_bytree": -0.8408684724521177, "log10_eta": -3.2035711847764343, "log10_lambda": -2.761147754746272, "log10_min_child_weight": 4.581814854115554, "log10_subsample": -0.38392248044855914, "max_depth": 7.0, "num_boost_round": 12.0}, "datetime": {"datetime": "2024-01-19 01:52:11", "elapsed": 6035.337683, "delta": 0.005747}}
{"target": -13.758522987392475, "params": {"gamma": 480.01781906835737, "log10_alpha": 0.9786165429129507, "log10_colsample_bytree": -0.8408684724521177, "log10_eta": -3.2035711847764343, "log10_lambda": -2.761147754746272, "log10_min_child_weight": 4.581814854115554, "log10_subsample": -0.38392248044855914, "max_depth": 7.0, "num_boost_round": 13.0}, "datetime": {"datetime": "2024-01-19 01:52:11", "elapsed": 6035.343569, "delta": 0.005886}}
{"target": -13.758520344267529, "params": {"gamma": 480.01781906835737, "log10_alpha": 0.9786165429129507, "log10_colsample_bytree": -0.8408684724521177, "log10_eta": -3.2035711847764343, "log10_lambda": -2.761147754746272, "log10_min_child_weight": 4.581814854115554, "log10_subsample": -0.38392248044855914, "max_depth": 7.0, "num_boost_round": 14.0}, "datetime": {"datetime": "2024-01-19 01:52:11", "elapsed": 6035.349397, "delta": 0.005828}}
{"target": -13.758515637851112, "params": {"gamma": 480.01781906835737, "log10_alpha": 0.9786165429129507, "log10_colsample_bytree": -0.8408684724521177, "log10_eta": -3.2035711847764343, "log10_lambda": -2.761147754746272, "log10_min_child_weight": 4.581814854115554, "log10_subsample": -0.38392248044855914, "max_depth": 7.0, "num_boost_round": 15.0}, "datetime": {"datetime": "2024-01-19 01:52:11", "elapsed": 6035.355356, "delta": 0.005959}}
{"target": -13.758512166760394, "params": {"gamma": 480.01781906835737, "log10_alpha": 0.9786165429129507, "log10_colsample_bytree": -0.8408684724521177, "log10_eta": -3.2035711847764343, "log10_lambda": -2.761147754746272, "log10_min_child_weight": 4.581814854115554, "log10_subsample": -0.38392248044855914, "max_depth": 7.0, "num_boost_round": 16.0}, "datetime": {"datetime": "2024-01-19 01:52:11", "elapsed": 6035.361443, "delta": 0.006087}}
{"target": -13.75850909454589, "params": {"gamma": 480.01781906835737, "log10_alpha": 0.9786165429129507, "log10_colsample_bytree": -0.8408684724521177, "log10_eta": -3.2035711847764343, "log10_lambda": -2.761147754746272, "log10_min_child_weight": 4.581814854115554, "log10_subsample": -0.38392248044855914, "max_depth": 7.0, "num_boost_round": 17.0}, "datetime": {"datetime": "2024-01-19 01:52:11", "elapsed": 6035.367216, "delta": 0.005773}}
{"target": -13.758509543757159, "params": {"gamma": 480.01781906835737, "log10_alpha": 0.9786165429129507, "log10_colsample_bytree": -0.8408684724521177, "log10_eta": -3.2035711847764343, "log10_lambda": -2.761147754746272, "log10_min_child_weight": 4.581814854115554, "log10_subsample": -0.38392248044855914, "max_depth": 7.0, "num_boost_round": 18.0}, "datetime": {"datetime": "2024-01-19 01:52:11", "elapsed": 6035.372995, "delta": 0.005779}}
{"target": -13.758507083867972, "params": {"gamma": 480.01781906835737, "log10_alpha": 0.9786165429129507, "log10_colsample_bytree": -0.8408684724521177, "log10_eta": -3.2035711847764343, "log10_lambda": -2.761147754746272, "log10_min_child_weight": 4.581814854115554, "log10_subsample": -0.38392248044855914, "max_depth": 7.0, "num_boost_round": 19.0}, "datetime": {"datetime": "2024-01-19 01:52:11", "elapsed": 6035.378751, "delta": 0.005756}}
{"target": -13.758508075577325, "params": {"gamma": 480.01781906835737, "log10_alpha": 0.9786165429129507, "log10_colsample_bytree": -0.8408684724521177, "log10_eta": -3.2035711847764343, "log10_lambda": -2.761147754746272, "log10_min_child_weight": 4.581814854115554, "log10_subsample": -0.38392248044855914, "max_depth": 7.0, "num_boost_round": 20.0}, "datetime": {"datetime": "2024-01-19 01:52:11", "elapsed": 6035.38457, "delta": 0.005819}}
{"target": -13.758505776873205, "params": {"gamma": 480.01781906835737, "log10_alpha": 0.9786165429129507, "log10_colsample_bytree": -0.8408684724521177, "log10_eta": -3.2035711847764343, "log10_lambda": -2.761147754746272, "log10_min_child_weight": 4.581814854115554, "log10_subsample": -0.38392248044855914, "max_depth": 7.0, "num_boost_round": 21.0}, "datetime": {"datetime": "2024-01-19 01:52:11", "elapsed": 6035.390463, "delta": 0.005893}}
{"target": -13.75850829999249, "params": {"gamma": 480.01781906835737, "log10_alpha": 0.9786165429129507, "log10_colsample_bytree": -0.8408684724521177, "log10_eta": -3.2035711847764343, "log10_lambda": -2.761147754746272, "log10_min_child_weight": 4.581814854115554, "log10_subsample": -0.38392248044855914, "max_depth": 7.0, "num_boost_round": 22.0}, "datetime": {"datetime": "2024-01-19 01:52:11", "elapsed": 6035.396245, "delta": 0.005782}}
{"target": -13.75850743824119, "params": {"gamma": 480.01781906835737, "log10_alpha": 0.9786165429129507, "log10_colsample_bytree": -0.8408684724521177, "log10_eta": -3.2035711847764343, "log10_lambda": -2.761147754746272, "log10_min_child_weight": 4.581814854115554, "log10_subsample": -0.38392248044855914, "max_depth": 7.0, "num_boost_round": 23.0}, "datetime": {"datetime": "2024-01-19 01:52:11", "elapsed": 6035.402001, "delta": 0.005756}}
{"target": -13.758508252979532, "params": {"gamma": 480.01781906835737, "log10_alpha": 0.9786165429129507, "log10_colsample_bytree": -0.8408684724521177, "log10_eta": -3.2035711847764343, "log10_lambda": -2.761147754746272, "log10_min_child_weight": 4.581814854115554, "log10_subsample": -0.38392248044855914, "max_depth": 7.0, "num_boost_round": 24.0}, "datetime": {"datetime": "2024-01-19 01:52:11", "elapsed": 6035.407788, "delta": 0.005787}}
{"target": -13.758506624996757, "params": {"gamma": 480.01781906835737, "log10_alpha": 0.9786165429129507, "log10_colsample_bytree": -0.8408684724521177, "log10_eta": -3.2035711847764343, "log10_lambda": -2.761147754746272, "log10_min_child_weight": 4.581814854115554, "log10_subsample": -0.38392248044855914, "max_depth": 7.0, "num_boost_round": 25.0}, "datetime": {"datetime": "2024-01-19 01:52:11", "elapsed": 6035.413632, "delta": 0.005844}}
{"target": -13.758503631402938, "params": {"gamma": 480.01781906835737, "log10_alpha": 0.9786165429129507, "log10_colsample_bytree": -0.8408684724521177, "log10_eta": -3.2035711847764343, "log10_lambda": -2.761147754746272, "log10_min_child_weight": 4.581814854115554, "log10_subsample": -0.38392248044855914, "max_depth": 7.0, "num_boost_round": 26.0}, "datetime": {"datetime": "2024-01-19 01:52:11", "elapsed": 6035.419626, "delta": 0.005994}}
{"target": -13.758495704383922, "params": {"gamma": 480.01781906835737, "log10_alpha": 0.9786165429129507, "log10_colsample_bytree": -0.8408684724521177, "log10_eta": -3.2035711847764343, "log10_lambda": -2.761147754746272, "log10_min_child_weight": 4.581814854115554, "log10_subsample": -0.38392248044855914, "max_depth": 7.0, "num_boost_round": 27.0}, "datetime": {"datetime": "2024-01-19 01:52:11", "elapsed": 6035.426765, "delta": 0.007139}}
{"target": -13.758490531585261, "params": {"gamma": 480.01781906835737, "log10_alpha": 0.9786165429129507, "log10_colsample_bytree": -0.8408684724521177, "log10_eta": -3.2035711847764343, "log10_lambda": -2.761147754746272, "log10_min_child_weight": 4.581814854115554, "log10_subsample": -0.38392248044855914, "max_depth": 7.0, "num_boost_round": 28.0}, "datetime": {"datetime": "2024-01-19 01:52:11", "elapsed": 6035.433697, "delta": 0.006932}}
{"target": -13.758484745957963, "params": {"gamma": 480.01781906835737, "log10_alpha": 0.9786165429129507, "log10_colsample_bytree": -0.8408684724521177, "log10_eta": -3.2035711847764343, "log10_lambda": -2.761147754746272, "log10_min_child_weight": 4.581814854115554, "log10_subsample": -0.38392248044855914, "max_depth": 7.0, "num_boost_round": 29.0}, "datetime": {"datetime": "2024-01-19 01:52:11", "elapsed": 6035.440209, "delta": 0.006512}}
{"target": -13.758476892664108, "params": {"gamma": 480.01781906835737, "log10_alpha": 0.9786165429129507, "log10_colsample_bytree": -0.8408684724521177, "log10_eta": -3.2035711847764343, "log10_lambda": -2.761147754746272, "log10_min_child_weight": 4.581814854115554, "log10_subsample": -0.38392248044855914, "max_depth": 7.0, "num_boost_round": 30.0}, "datetime": {"datetime": "2024-01-19 01:52:11", "elapsed": 6035.446761, "delta": 0.006552}}
{"target": -13.758476555128723, "params": {"gamma": 480.01781906835737, "log10_alpha": 0.9786165429129507, "log10_colsample_bytree": -0.8408684724521177, "log10_eta": -3.2035711847764343, "log10_lambda": -2.761147754746272, "log10_min_child_weight": 4.581814854115554, "log10_subsample": -0.38392248044855914, "max_depth": 7.0, "num_boost_round": 31.0}, "datetime": {"datetime": "2024-01-19 01:52:11", "elapsed": 6035.453033, "delta": 0.006272}}
{"target": -13.758473446541263, "params": {"gamma": 480.01781906835737, "log10_alpha": 0.9786165429129507, "log10_colsample_bytree": -0.8408684724521177, "log10_eta": -3.2035711847764343, "log10_lambda": -2.761147754746272, "log10_min_child_weight": 4.581814854115554, "log10_subsample": -0.38392248044855914, "max_depth": 7.0, "num_boost_round": 32.0}, "datetime": {"datetime": "2024-01-19 01:52:11", "elapsed": 6035.459193, "delta": 0.00616}}
{"target": -13.758472905793912, "params": {"gamma": 480.01781906835737, "log10_alpha": 0.9786165429129507, "log10_colsample_bytree": -0.8408684724521177, "log10_eta": -3.2035711847764343, "log10_lambda": -2.761147754746272, "log10_min_child_weight": 4.581814854115554, "log10_subsample": -0.38392248044855914, "max_depth": 7.0, "num_boost_round": 33.0}, "datetime": {"datetime": "2024-01-19 01:52:11", "elapsed": 6035.465308, "delta": 0.006115}}
{"target": -13.758474050788049, "params": {"gamma": 480.01781906835737, "log10_alpha": 0.9786165429129507, "log10_colsample_bytree": -0.8408684724521177, "log10_eta": -3.2035711847764343, "log10_lambda": -2.761147754746272, "log10_min_child_weight": 4.581814854115554, "log10_subsample": -0.38392248044855914, "max_depth": 7.0, "num_boost_round": 34.0}, "datetime": {"datetime": "2024-01-19 01:52:11", "elapsed": 6035.471302, "delta": 0.005994}}
{"target": -13.758470845526375, "params": {"gamma": 480.01781906835737, "log10_alpha": 0.9786165429129507, "log10_colsample_bytree": -0.8408684724521177, "log10_eta": -3.2035711847764343, "log10_lambda": -2.761147754746272, "log10_min_child_weight": 4.581814854115554, "log10_subsample": -0.38392248044855914, "max_depth": 7.0, "num_boost_round": 35.0}, "datetime": {"datetime": "2024-01-19 01:52:11", "elapsed": 6035.477454, "delta": 0.006152}}
{"target": -13.758537265385518, "params": {"gamma": 471.51038778612275, "log10_alpha": -4.046710840715516, "log10_colsample_bytree": -0.7202531031628524, "log10_eta": -2.8983575207702454, "log10_lambda": -4.57663498563421, "log10_min_child_weight": 4.161499506213864, "log10_subsample": -0.9060753593930777, "max_depth": 4.0, "num_boost_round": 0.0}, "datetime": {"datetime": "2024-01-19 01:54:28", "elapsed": 6172.661007, "delta": 137.183553}}
{"target": -13.758530667050344, "params": {"gamma": 471.51038778612275, "log10_alpha": -4.046710840715516, "log10_colsample_bytree": -0.7202531031628524, "log10_eta": -2.8983575207702454, "log10_lambda": -4.57663498563421, "log10_min_child_weight": 4.161499506213864, "log10_subsample": -0.9060753593930777, "max_depth": 4.0, "num_boost_round": 1.0}, "datetime": {"datetime": "2024-01-19 01:54:28", "elapsed": 6172.774545, "delta": 0.113538}}
{"target": -13.758525944536148, "params": {"gamma": 471.51038778612275, "log10_alpha": -4.046710840715516, "log10_colsample_bytree": -0.7202531031628524, "log10_eta": -2.8983575207702454, "log10_lambda": -4.57663498563421, "log10_min_child_weight": 4.161499506213864, "log10_subsample": -0.9060753593930777, "max_depth": 4.0, "num_boost_round": 2.0}, "datetime": {"datetime": "2024-01-19 01:54:28", "elapsed": 6172.781609, "delta": 0.007064}}
{"target": -13.758526004954557, "params": {"gamma": 471.51038778612275, "log10_alpha": -4.046710840715516, "log10_colsample_bytree": -0.7202531031628524, "log10_eta": -2.8983575207702454, "log10_lambda": -4.57663498563421, "log10_min_child_weight": 4.161499506213864, "log10_subsample": -0.9060753593930777, "max_depth": 4.0, "num_boost_round": 3.0}, "datetime": {"datetime": "2024-01-19 01:54:28", "elapsed": 6172.787809, "delta": 0.0062}}
{"target": -13.758524292311398, "params": {"gamma": 471.51038778612275, "log10_alpha": -4.046710840715516, "log10_colsample_bytree": -0.7202531031628524, "log10_eta": -2.8983575207702454, "log10_lambda": -4.57663498563421, "log10_min_child_weight": 4.161499506213864, "log10_subsample": -0.9060753593930777, "max_depth": 4.0, "num_boost_round": 4.0}, "datetime": {"datetime": "2024-01-19 01:54:28", "elapsed": 6172.793916, "delta": 0.006107}}
{"target": -13.758523502696477, "params": {"gamma": 471.51038778612275, "log10_alpha": -4.046710840715516, "log10_colsample_bytree": -0.7202531031628524, "log10_eta": -2.8983575207702454, "log10_lambda": -4.57663498563421, "log10_min_child_weight": 4.161499506213864, "log10_subsample": -0.9060753593930777, "max_depth": 4.0, "num_boost_round": 5.0}, "datetime": {"datetime": "2024-01-19 01:54:28", "elapsed": 6172.799912, "delta": 0.005996}}
