{"target": -13.777634587519328, "params": {"gamma": 76.30828937395717, "log10_alpha": -0.3204872465593125, "log10_colsample_bytree": -0.5615907685591065, "log10_eta": -1.1061392886762351, "log10_lambda": 0.8679370719796164, "log10_min_child_weight": 2.6924793520521684, "log10_subsample": -0.4988795363400621, "max_depth": 2.0, "num_boost_round": 49.0}, "datetime": {"datetime": "2024-01-19 00:11:40", "elapsed": 0.04144, "delta": 0.000242}}
{"target": -13.777691152187408, "params": {"gamma": 76.30828937395717, "log10_alpha": -0.3204872465593125, "log10_colsample_bytree": -0.5615907685591065, "log10_eta": -1.1061392886762351, "log10_lambda": 0.8679370719796164, "log10_min_child_weight": 2.6924793520521684, "log10_subsample": -0.4988795363400621, "max_depth": 2.0, "num_boost_round": 50.0}, "datetime": {"datetime": "2024-01-19 00:11:40", "elapsed": 0.04169, "delta": 0.00025}}
{"target": -13.779720408118532, "params": {"gamma": 76.30828937395717, "log10_alpha": -0.3204872465593125, "log10_colsample_bytree": -0.5615907685591065, "log10_eta": -1.1061392886762351, "log10_lambda": 0.8679370719796164, "log10_min_child_weight": 2.6924793520521684, "log10_subsample": -0.4988795363400621, "max_depth": 2.0, "num_boost_round": 51.0}, "datetime": {"datetime": "2024-01-19 00:11:40", "elapsed": 0.041944, "delta": 0.000254}}
{"target": -13.779718396503231, "params": {"gamma": 76.30828937395717, "log10_alpha": -0.3204872465593125, "log10_colsample_bytree": -0.5615907685591065, "log10_eta": -1.1061392886762351, "log10_lambda": 0.8679370719796164, "log10_min_child_weight": 2.6924793520521684, "log10_subsample": -0.4988795363400621, "max_depth": 2.0, "num_boost_round": 52.0}, "datetime": {"datetime": "2024-01-19 00:11:40", "elapsed": 0.042193, "delta": 0.000249}}
{"target": -13.780249274161381, "params": {"gamma": 76.30828937395717, "log10_alpha": -0.3204872465593125, "log10_colsample_bytree": -0.5615907685591065, "log10_eta": -1.1061392886762351, "log10_lambda": 0.8679370719796164, "log10_min_child_weight": 2.6924793520521684, "log10_subsample": -0.4988795363400621, "max_depth": 2.0, "num_boost_round": 53.0}, "datetime": {"datetime": "2024-01-19 00:11:40", "elapsed": 0.042429, "delta": 0.000236}}
{"target": -13.78008048810413, "params": {"gamma": 76.30828937395717, "log10_alpha": -0.3204872465593125, "log10_colsample_bytree": -0.5615907685591065, "log10_eta": -1.1061392886762351, "log10_lambda": 0.8679370719796164, "log10_min_child_weight": 2.6924793520521684, "log10_subsample": -0.4988795363400621, "max_depth": 2.0, "num_boost_round": 54.0}, "datetime": {"datetime": "2024-01-19 00:11:40", "elapsed": 0.042664, "delta": 0.000235}}
{"target": -13.780883697457394, "params": {"gamma": 76.30828937395717, "log10_alpha": -0.3204872465593125, "log10_colsample_bytree": -0.5615907685591065, "log10_eta": -1.1061392886762351, "log10_lambda": 0.8679370719796164, "log10_min_child_weight": 2.6924793520521684, "log10_subsample": -0.4988795363400621, "max_depth": 2.0, "num_boost_round": 55.0}, "datetime": {"datetime": "2024-01-19 00:11:40", "elapsed": 0.04291, "delta": 0.000246}}
{"target": -13.782880616238009, "params": {"gamma": 76.30828937395717, "log10_alpha": -0.3204872465593125, "log10_colsample_bytree": -0.5615907685591065, "log10_eta": -1.1061392886762351, "log10_lambda": 0.8679370719796164, "log10_min_child_weight": 2.6924793520521684, "log10_subsample": -0.4988795363400621, "max_depth": 2.0, "num_boost_round": 56.0}, "datetime": {"datetime": "2024-01-19 00:11:40", "elapsed": 0.043151, "delta": 0.000241}}
{"target": -13.784201676746605, "params": {"gamma": 76.30828937395717, "log10_alpha": -0.3204872465593125, "log10_colsample_bytree": -0.5615907685591065, "log10_eta": -1.1061392886762351, "log10_lambda": 0.8679370719796164, "log10_min_child_weight": 2.6924793520521684, "log10_subsample": -0.4988795363400621, "max_depth": 2.0, "num_boost_round": 57.0}, "datetime": {"datetime": "2024-01-19 00:11:40", "elapsed": 0.044111, "delta": 0.00096}}
{"target": -13.784514948217174, "params": {"gamma": 76.30828937395717, "log10_alpha": -0.3204872465593125, "log10_colsample_bytree": -0.5615907685591065, "log10_eta": -1.1061392886762351, "log10_lambda": 0.8679370719796164, "log10_min_child_weight": 2.6924793520521684, "log10_subsample": -0.4988795363400621, "max_depth": 2.0, "num_boost_round": 58.0}, "datetime": {"datetime": "2024-01-19 00:11:40", "elapsed": 0.044502, "delta": 0.000391}}
{"target": -13.784100540502392, "params": {"gamma": 76.30828937395717, "log10_alpha": -0.3204872465593125, "log10_colsample_bytree": -0.5615907685591065, "log10_eta": -1.1061392886762351, "log10_lambda": 0.8679370719796164, "log10_min_child_weight": 2.6924793520521684, "log10_subsample": -0.4988795363400621, "max_depth": 2.0, "num_boost_round": 59.0}, "datetime": {"datetime": "2024-01-19 00:11:40", "elapsed": 0.044801, "delta": 0.000299}}
{"target": -13.784957921062563, "params": {"gamma": 76.30828937395717, "log10_alpha": -0.3204872465593125, "log10_colsample_bytree": -0.5615907685591065, "log10_eta": -1.1061392886762351, "log10_lambda": 0.8679370719796164, "log10_min_child_weight": 2.6924793520521684, "log10_subsample": -0.4988795363400621, "max_depth": 2.0, "num_boost_round": 60.0}, "datetime": {"datetime": "2024-01-19 00:11:40", "elapsed": 0.045038, "delta": 0.000237}}
{"target": -13.757411500273232, "params": {"gamma": 69.0579087972638, "log10_alpha": -1.5043828330700144, "log10_colsample_bytree": -0.8255602014969669, "log10_eta": -0.6364917035187214, "log10_lambda": 0.008299938436790555, "log10_min_child_weight": 3.7096969980850583, "log10_subsample": -0.8643384791809279, "max_depth": 3.0, "num_boost_round": 0.0}, "datetime": {"datetime": "2024-01-19 00:12:00", "elapsed": 19.975329, "delta": 19.930291}}
{"target": -13.756915235515773, "params": {"gamma": 69.0579087972638, "log10_alpha": -1.5043828330700144, "log10_colsample_bytree": -0.8255602014969669, "log10_eta": -0.6364917035187214, "log10_lambda": 0.008299938436790555, "log10_min_child_weight": 3.7096969980850583, "log10_subsample": -0.8643384791809279, "max_depth": 3.0, "num_boost_round": 1.0}, "datetime": {"datetime": "2024-01-19 00:12:00", "elapsed": 19.97756, "delta": 0.002231}}
{"target": -13.760317785903155, "params": {"gamma": 69.0579087972638, "log10_alpha": -1.5043828330700144, "log10_colsample_bytree": -0.8255602014969669, "log10_eta": -0.6364917035187214, "log10_lambda": 0.008299938436790555, "log10_min_child_weight": 3.7096969980850583, "log10_subsample": -0.8643384791809279, "max_depth": 3.0, "num_boost_round": 2.0}, "datetime": {"datetime": "2024-01-19 00:12:00", "elapsed": 19.977827, "delta": 0.000267}}
{"target": -13.760788730420561, "params": {"gamma": 69.0579087972638, "log10_alpha": -1.5043828330700144, "log10_colsample_bytree": -0.8255602014969669, "log10_eta": -0.6364917035187214, "log10_lambda": 0.008299938436790555, "log10_min_child_weight": 3.7096969980850583, "log10_subsample": -0.8643384791809279, "max_depth": 3.0, "num_boost_round": 3.0}, "datetime": {"datetime": "2024-01-19 00:12:00", "elapsed": 19.978064, "delta": 0.000237}}
{"target": -13.761859994996403, "params": {"gamma": 69.0579087972638, "log10_alpha": -1.5043828330700144, "log10_colsample_bytree": -0.8255602014969669, "log10_eta": -0.6364917035187214, "log10_lambda": 0.008299938436790555, "log10_min_child_weight": 3.7096969980850583, "log10_subsample": -0.8643384791809279, "max_depth": 3.0, "num_boost_round": 4.0}, "datetime": {"datetime": "2024-01-19 00:12:00", "elapsed": 19.978291, "delta": 0.000227}}
{"target": -13.76251415564638, "params": {"gamma": 69.0579087972638, "log10_alpha": -1.5043828330700144, "log10_colsample_bytree": -0.8255602014969669, "log10_eta": -0.6364917035187214, "log10_lambda": 0.008299938436790555, "log10_min_child_weight": 3.7096969980850583, "log10_subsample": -0.8643384791809279, "max_depth": 3.0, "num_boost_round": 5.0}, "datetime": {"datetime": "2024-01-19 00:12:00", "elapsed": 19.978511, "delta": 0.00022}}
{"target": -13.763412694681728, "params": {"gamma": 69.0579087972638, "log10_alpha": -1.5043828330700144, "log10_colsample_bytree": -0.8255602014969669, "log10_eta": -0.6364917035187214, "log10_lambda": 0.008299938436790555, "log10_min_child_weight": 3.7096969980850583, "log10_subsample": -0.8643384791809279, "max_depth": 3.0, "num_boost_round": 6.0}, "datetime": {"datetime": "2024-01-19 00:12:00", "elapsed": 19.978736, "delta": 0.000225}}
{"target": -13.763827321806698, "params": {"gamma": 69.0579087972638, "log10_alpha": -1.5043828330700144, "log10_colsample_bytree": -0.8255602014969669, "log10_eta": -0.6364917035187214, "log10_lambda": 0.008299938436790555, "log10_min_child_weight": 3.7096969980850583, "log10_subsample": -0.8643384791809279, "max_depth": 3.0, "num_boost_round": 7.0}, "datetime": {"datetime": "2024-01-19 00:12:00", "elapsed": 19.978966, "delta": 0.00023}}
{"target": -13.766773211335371, "params": {"gamma": 69.0579087972638, "log10_alpha": -1.5043828330700144, "log10_colsample_bytree": -0.8255602014969669, "log10_eta": -0.6364917035187214, "log10_lambda": 0.008299938436790555, "log10_min_child_weight": 3.7096969980850583, "log10_subsample": -0.8643384791809279, "max_depth": 3.0, "num_boost_round": 8.0}, "datetime": {"datetime": "2024-01-19 00:12:00", "elapsed": 19.979191, "delta": 0.000225}}
{"target": -13.766954762120497, "params": {"gamma": 69.0579087972638, "log10_alpha": -1.5043828330700144, "log10_colsample_bytree": -0.8255602014969669, "log10_eta": -0.6364917035187214, "log10_lambda": 0.008299938436790555, "log10_min_child_weight": 3.7096969980850583, "log10_subsample": -0.8643384791809279, "max_depth": 3.0, "num_boost_round": 9.0}, "datetime": {"datetime": "2024-01-19 00:12:00", "elapsed": 19.979416, "delta": 0.000225}}
{"target": -13.766089219148474, "params": {"gamma": 69.0579087972638, "log10_alpha": -1.5043828330700144, "log10_colsample_bytree": -0.8255602014969669, "log10_eta": -0.6364917035187214, "log10_lambda": 0.008299938436790555, "log10_min_child_weight": 3.7096969980850583, "log10_subsample": -0.8643384791809279, "max_depth": 3.0, "num_boost_round": 10.0}, "datetime": {"datetime": "2024-01-19 00:12:00", "elapsed": 19.979644, "delta": 0.000228}}
{"target": -13.758534813128794, "params": {"gamma": 79.40624609445979, "log10_alpha": -1.8695640717534374, "log10_colsample_bytree": -0.9457406868903926, "log10_eta": -3.466383646333356, "log10_lambda": -2.2690658926290883, "log10_min_child_weight": 3.048271614639295, "log10_subsample": -0.9070321385942329, "max_depth": 5.0, "num_boost_round": 0.0}, "datetime": {"datetime": "2024-01-19 00:12:23", "elapsed": 42.249592, "delta": 22.269948}}
{"target": -13.758536178233964, "params": {"gamma": 79.40624609445979, "log10_alpha": -1.8695640717534374, "log10_colsample_bytree": -0.9457406868903926, "log10_eta": -3.466383646333356, "log10_lambda": -2.2690658926290883, "log10_min_child_weight": 3.048271614639295, "log10_subsample": -0.9070321385942329, "max_depth": 5.0, "num_boost_round": 1.0}, "datetime": {"datetime": "2024-01-19 00:12:23", "elapsed": 42.250274, "delta": 0.000682}}
{"target": -13.758529896970211, "params": {"gamma": 79.40624609445979, "log10_alpha": -1.8695640717534374, "log10_colsample_bytree": -0.9457406868903926, "log10_eta": -3.466383646333356, "log10_lambda": -2.2690658926290883, "log10_min_child_weight": 3.048271614639295, "log10_subsample": -0.9070321385942329, "max_depth": 5.0, "num_boost_round": 2.0}, "datetime": {"datetime": "2024-01-19 00:12:23", "elapsed": 42.250753, "delta": 0.000479}}
{"target": -13.758528295473278, "params": {"gamma": 79.40624609445979, "log10_alpha": -1.8695640717534374, "log10_colsample_bytree": -0.9457406868903926, "log10_eta": -3.466383646333356, "log10_lambda": -2.2690658926290883, "log10_min_child_weight": 3.048271614639295, "log10_subsample": -0.9070321385942329, "max_depth": 5.0, "num_boost_round": 3.0}, "datetime": {"datetime": "2024-01-19 00:12:23", "elapsed": 42.25102, "delta": 0.000267}}
{"target": -13.758529147696835, "params": {"gamma": 79.40624609445979, "log10_alpha": -1.8695640717534374, "log10_colsample_bytree": -0.9457406868903926, "log10_eta": -3.466383646333356, "log10_lambda": -2.2690658926290883, "log10_min_child_weight": 3.048271614639295, "log10_subsample": -0.9070321385942329, "max_depth": 5.0, "num_boost_round": 4.0}, "datetime": {"datetime": "2024-01-19 00:12:23", "elapsed": 42.251267, "delta": 0.000247}}
{"target": -13.758527171968458, "params": {"gamma": 79.40624609445979, "log10_alpha": -1.8695640717534374, "log10_colsample_bytree": -0.9457406868903926, "log10_eta": -3.466383646333356, "log10_lambda": -2.2690658926290883, "log10_min_child_weight": 3.048271614639295, "log10_subsample": -0.9070321385942329, "max_depth": 5.0, "num_boost_round": 5.0}, "datetime": {"datetime": "2024-01-19 00:12:23", "elapsed": 42.25151, "delta": 0.000243}}
{"target": -13.758527965905373, "params": {"gamma": 79.40624609445979, "log10_alpha": -1.8695640717534374, "log10_colsample_bytree": -0.9457406868903926, "log10_eta": -3.466383646333356, "log10_lambda": -2.2690658926290883, "log10_min_child_weight": 3.048271614639295, "log10_subsample": -0.9070321385942329, "max_depth": 5.0, "num_boost_round": 6.0}, "datetime": {"datetime": "2024-01-19 00:12:23", "elapsed": 42.25175, "delta": 0.00024}}
{"target": -13.75852289828717, "params": {"gamma": 79.40624609445979, "log10_alpha": -1.8695640717534374, "log10_colsample_bytree": -0.9457406868903926, "log10_eta": -3.466383646333356, "log10_lambda": -2.2690658926290883, "log10_min_child_weight": 3.048271614639295, "log10_subsample": -0.9070321385942329, "max_depth": 5.0, "num_boost_round": 7.0}, "datetime": {"datetime": "2024-01-19 00:12:23", "elapsed": 42.252005, "delta": 0.000255}}
{"target": -13.758513101246455, "params": {"gamma": 79.40624609445979, "log10_alpha": -1.8695640717534374, "log10_colsample_bytree": -0.9457406868903926, "log10_eta": -3.466383646333356, "log10_lambda": -2.2690658926290883, "log10_min_child_weight": 3.048271614639295, "log10_subsample": -0.9070321385942329, "max_depth": 5.0, "num_boost_round": 8.0}, "datetime": {"datetime": "2024-01-19 00:12:23", "elapsed": 42.252251, "delta": 0.000246}}
{"target": -13.75851180541026, "params": {"gamma": 79.40624609445979, "log10_alpha": -1.8695640717534374, "log10_colsample_bytree": -0.9457406868903926, "log10_eta": -3.466383646333356, "log10_lambda": -2.2690658926290883, "log10_min_child_weight": 3.048271614639295, "log10_subsample": -0.9070321385942329, "max_depth": 5.0, "num_boost_round": 9.0}, "datetime": {"datetime": "2024-01-19 00:12:23", "elapsed": 42.252496, "delta": 0.000245}}
{"target": -13.75851301850504, "params": {"gamma": 79.40624609445979, "log10_alpha": -1.8695640717534374, "log10_colsample_bytree": -0.9457406868903926, "log10_eta": -3.466383646333356, "log10_lambda": -2.2690658926290883, "log10_min_child_weight": 3.048271614639295, "log10_subsample": -0.9070321385942329, "max_depth": 5.0, "num_boost_round": 10.0}, "datetime": {"datetime": "2024-01-19 00:12:23", "elapsed": 42.252978, "delta": 0.000482}}
{"target": -13.758510642285383, "params": {"gamma": 79.40624609445979, "log10_alpha": -1.8695640717534374, "log10_colsample_bytree": -0.9457406868903926, "log10_eta": -3.466383646333356, "log10_lambda": -2.2690658926290883, "log10_min_child_weight": 3.048271614639295, "log10_subsample": -0.9070321385942329, "max_depth": 5.0, "num_boost_round": 11.0}, "datetime": {"datetime": "2024-01-19 00:12:23", "elapsed": 42.253236, "delta": 0.000258}}
{"target": -13.758503134910246, "params": {"gamma": 79.40624609445979, "log10_alpha": -1.8695640717534374, "log10_colsample_bytree": -0.9457406868903926, "log10_eta": -3.466383646333356, "log10_lambda": -2.2690658926290883, "log10_min_child_weight": 3.048271614639295, "log10_subsample": -0.9070321385942329, "max_depth": 5.0, "num_boost_round": 12.0}, "datetime": {"datetime": "2024-01-19 00:12:23", "elapsed": 42.253488, "delta": 0.000252}}
{"target": -13.75849967814271, "params": {"gamma": 79.40624609445979, "log10_alpha": -1.8695640717534374, "log10_colsample_bytree": -0.9457406868903926, "log10_eta": -3.466383646333356, "log10_lambda": -2.2690658926290883, "log10_min_child_weight": 3.048271614639295, "log10_subsample": -0.9070321385942329, "max_depth": 5.0, "num_boost_round": 13.0}, "datetime": {"datetime": "2024-01-19 00:12:23", "elapsed": 42.253739, "delta": 0.000251}}
{"target": -13.758676535385947, "params": {"gamma": 76.94155355918785, "log10_alpha": 0.20824551787023005, "log10_colsample_bytree": -0.22675780259477818, "log10_eta": -2.3654811408556253, "log10_lambda": -3.157188134888016, "log10_min_child_weight": 2.3251293530728527, "log10_subsample": -0.8680382963892687, "max_depth": 6.0, "num_boost_round": 0.0}, "datetime": {"datetime": "2024-01-19 00:12:44", "elapsed": 63.763277, "delta": 21.509538}}
{"target": -13.758687774088672, "params": {"gamma": 76.94155355918785, "log10_alpha": 0.20824551787023005, "log10_colsample_bytree": -0.22675780259477818, "log10_eta": -2.3654811408556253, "log10_lambda": -3.157188134888016, "log10_min_child_weight": 2.3251293530728527, "log10_subsample": -0.8680382963892687, "max_depth": 6.0, "num_boost_round": 1.0}, "datetime": {"datetime": "2024-01-19 00:12:44", "elapsed": 63.764748, "delta": 0.001471}}
{"target": -13.75859837064716, "params": {"gamma": 76.94155355918785, "log10_alpha": 0.20824551787023005, "log10_colsample_bytree": -0.22675780259477818, "log10_eta": -2.3654811408556253, "log10_lambda": -3.157188134888016, "log10_min_child_weight": 2.3251293530728527, "log10_subsample": -0.8680382963892687, "max_depth": 6.0, "num_boost_round": 2.0}, "datetime": {"datetime": "2024-01-19 00:12:44", "elapsed": 63.76506, "delta": 0.000312}}
{"target": -13.7585162959855, "params": {"gamma": 76.94155355918785, "log10_alpha": 0.20824551787023005, "log10_colsample_bytree": -0.22675780259477818, "log10_eta": -2.3654811408556253, "log10_lambda": -3.157188134888016, "log10_min_child_weight": 2.3251293530728527, "log10_subsample": -0.8680382963892687, "max_depth": 6.0, "num_boost_round": 3.0}, "datetime": {"datetime": "2024-01-19 00:12:44", "elapsed": 63.765337, "delta": 0.000277}}
{"target": -13.758472128692686, "params": {"gamma": 76.94155355918785, "log10_alpha": 0.20824551787023005, "log10_colsample_bytree": -0.22675780259477818, "log10_eta": -2.3654811408556253, "log10_lambda": -3.157188134888016, "log10_min_child_weight": 2.3251293530728527, "log10_subsample": -0.8680382963892687, "max_depth": 6.0, "num_boost_round": 4.0}, "datetime": {"datetime": "2024-01-19 00:12:44", "elapsed": 63.765603, "delta": 0.000266}}
{"target": -13.758416248422773, "params": {"gamma": 76.94155355918785, "log10_alpha": 0.20824551787023005, "log10_colsample_bytree": -0.22675780259477818, "log10_eta": -2.3654811408556253, "log10_lambda": -3.157188134888016, "log10_min_child_weight": 2.3251293530728527, "log10_subsample": -0.8680382963892687, "max_depth": 6.0, "num_boost_round": 5.0}, "datetime": {"datetime": "2024-01-19 00:12:44", "elapsed": 63.766107, "delta": 0.000504}}
{"target": -13.758476132677957, "params": {"gamma": 76.94155355918785, "log10_alpha": 0.20824551787023005, "log10_colsample_bytree": -0.22675780259477818, "log10_eta": -2.3654811408556253, "log10_lambda": -3.157188134888016, "log10_min_child_weight": 2.3251293530728527, "log10_subsample": -0.8680382963892687, "max_depth": 6.0, "num_boost_round": 6.0}, "datetime": {"datetime": "2024-01-19 00:12:44", "elapsed": 63.766381, "delta": 0.000274}}
{"target": -13.758535497349111, "params": {"gamma": 76.94155355918785, "log10_alpha": 0.20824551787023005, "log10_colsample_bytree": -0.22675780259477818, "log10_eta": -2.3654811408556253, "log10_lambda": -3.157188134888016, "log10_min_child_weight": 2.3251293530728527, "log10_subsample": -0.8680382963892687, "max_depth": 6.0, "num_boost_round": 7.0}, "datetime": {"datetime": "2024-01-19 00:12:44", "elapsed": 63.766652, "delta": 0.000271}}
{"target": -13.758457475040922, "params": {"gamma": 76.94155355918785, "log10_alpha": 0.20824551787023005, "log10_colsample_bytree": -0.22675780259477818, "log10_eta": -2.3654811408556253, "log10_lambda": -3.157188134888016, "log10_min_child_weight": 2.3251293530728527, "log10_subsample": -0.8680382963892687, "max_depth": 6.0, "num_boost_round": 8.0}, "datetime": {"datetime": "2024-01-19 00:12:44", "elapsed": 63.766925, "delta": 0.000273}}
{"target": -13.758438813049336, "params": {"gamma": 76.94155355918785, "log10_alpha": 0.20824551787023005, "log10_colsample_bytree": -0.22675780259477818, "log10_eta": -2.3654811408556253, "log10_lambda": -3.157188134888016, "log10_min_child_weight": 2.3251293530728527, "log10_subsample": -0.8680382963892687, "max_depth": 6.0, "num_boost_round": 9.0}, "datetime": {"datetime": "2024-01-19 00:12:44", "elapsed": 63.767369, "delta": 0.000444}}
{"target": -13.75845532751114, "params": {"gamma": 76.94155355918785, "log10_alpha": 0.20824551787023005, "log10_colsample_bytree": -0.22675780259477818, "log10_eta": -2.3654811408556253, "log10_lambda": -3.157188134888016, "log10_min_child_weight": 2.3251293530728527, "log10_subsample": -0.8680382963892687, "max_depth": 6.0, "num_boost_round": 10.0}, "datetime": {"datetime": "2024-01-19 00:12:44", "elapsed": 63.767752, "delta": 0.000383}}
{"target": -13.758316641277464, "params": {"gamma": 76.94155355918785, "log10_alpha": 0.20824551787023005, "log10_colsample_bytree": -0.22675780259477818, "log10_eta": -2.3654811408556253, "log10_lambda": -3.157188134888016, "log10_min_child_weight": 2.3251293530728527, "log10_subsample": -0.8680382963892687, "max_depth": 6.0, "num_boost_round": 11.0}, "datetime": {"datetime": "2024-01-19 00:12:44", "elapsed": 63.768134, "delta": 0.000382}}
