{"target": -13.75849980127837, "params": {"gamma": 5.95596543250243, "log10_alpha": 0.49016546960151075, "log10_colsample_bytree": -0.3709580683362331, "log10_eta": -3.7870195999989194, "log10_lambda": -1.0155412522001517, "log10_min_child_weight": 0.4115301522000908, "log10_subsample": -0.6923418062795947, "max_depth": 4.0, "num_boost_round": 9.0}, "datetime": {"datetime": "2024-01-19 00:19:12", "elapsed": 460.405908, "delta": 0.000786}}
{"target": -13.758495057078644, "params": {"gamma": 5.95596543250243, "log10_alpha": 0.49016546960151075, "log10_colsample_bytree": -0.3709580683362331, "log10_eta": -3.7870195999989194, "log10_lambda": -1.0155412522001517, "log10_min_child_weight": 0.4115301522000908, "log10_subsample": -0.6923418062795947, "max_depth": 4.0, "num_boost_round": 10.0}, "datetime": {"datetime": "2024-01-19 00:19:12", "elapsed": 460.406669, "delta": 0.000761}}
{"target": -13.75848947332957, "params": {"gamma": 5.95596543250243, "log10_alpha": 0.49016546960151075, "log10_colsample_bytree": -0.3709580683362331, "log10_eta": -3.7870195999989194, "log10_lambda": -1.0155412522001517, "log10_min_child_weight": 0.4115301522000908, "log10_subsample": -0.6923418062795947, "max_depth": 4.0, "num_boost_round": 11.0}, "datetime": {"datetime": "2024-01-19 00:19:12", "elapsed": 460.40742, "delta": 0.000751}}
{"target": -13.75849114113792, "params": {"gamma": 5.95596543250243, "log10_alpha": 0.49016546960151075, "log10_colsample_bytree": -0.3709580683362331, "log10_eta": -3.7870195999989194, "log10_lambda": -1.0155412522001517, "log10_min_child_weight": 0.4115301522000908, "log10_subsample": -0.6923418062795947, "max_depth": 4.0, "num_boost_round": 12.0}, "datetime": {"datetime": "2024-01-19 00:19:12", "elapsed": 460.408168, "delta": 0.000748}}
{"target": -13.758489180193523, "params": {"gamma": 5.95596543250243, "log10_alpha": 0.49016546960151075, "log10_colsample_bytree": -0.3709580683362331, "log10_eta": -3.7870195999989194, "log10_lambda": -1.0155412522001517, "log10_min_child_weight": 0.4115301522000908, "log10_subsample": -0.6923418062795947, "max_depth": 4.0, "num_boost_round": 13.0}, "datetime": {"datetime": "2024-01-19 00:19:12", "elapsed": 460.409055, "delta": 0.000887}}
{"target": -13.758489126774663, "params": {"gamma": 5.95596543250243, "log10_alpha": 0.49016546960151075, "log10_colsample_bytree": -0.3709580683362331, "log10_eta": -3.7870195999989194, "log10_lambda": -1.0155412522001517, "log10_min_child_weight": 0.4115301522000908, "log10_subsample": -0.6923418062795947, "max_depth": 4.0, "num_boost_round": 14.0}, "datetime": {"datetime": "2024-01-19 00:19:12", "elapsed": 460.409839, "delta": 0.000784}}
{"target": -13.758481818912397, "params": {"gamma": 5.95596543250243, "log10_alpha": 0.49016546960151075, "log10_colsample_bytree": -0.3709580683362331, "log10_eta": -3.7870195999989194, "log10_lambda": -1.0155412522001517, "log10_min_child_weight": 0.4115301522000908, "log10_subsample": -0.6923418062795947, "max_depth": 4.0, "num_boost_round": 15.0}, "datetime": {"datetime": "2024-01-19 00:19:12", "elapsed": 460.410604, "delta": 0.000765}}
{"target": -13.758478232686327, "params": {"gamma": 5.95596543250243, "log10_alpha": 0.49016546960151075, "log10_colsample_bytree": -0.3709580683362331, "log10_eta": -3.7870195999989194, "log10_lambda": -1.0155412522001517, "log10_min_child_weight": 0.4115301522000908, "log10_subsample": -0.6923418062795947, "max_depth": 4.0, "num_boost_round": 16.0}, "datetime": {"datetime": "2024-01-19 00:19:12", "elapsed": 460.41136, "delta": 0.000756}}
{"target": -13.758482920044344, "params": {"gamma": 5.95596543250243, "log10_alpha": 0.49016546960151075, "log10_colsample_bytree": -0.3709580683362331, "log10_eta": -3.7870195999989194, "log10_lambda": -1.0155412522001517, "log10_min_child_weight": 0.4115301522000908, "log10_subsample": -0.6923418062795947, "max_depth": 4.0, "num_boost_round": 17.0}, "datetime": {"datetime": "2024-01-19 00:19:12", "elapsed": 460.412122, "delta": 0.000762}}
{"target": -13.758480104095309, "params": {"gamma": 5.95596543250243, "log10_alpha": 0.49016546960151075, "log10_colsample_bytree": -0.3709580683362331, "log10_eta": -3.7870195999989194, "log10_lambda": -1.0155412522001517, "log10_min_child_weight": 0.4115301522000908, "log10_subsample": -0.6923418062795947, "max_depth": 4.0, "num_boost_round": 18.0}, "datetime": {"datetime": "2024-01-19 00:19:12", "elapsed": 460.412889, "delta": 0.000767}}
{"target": -13.75847781977671, "params": {"gamma": 5.95596543250243, "log10_alpha": 0.49016546960151075, "log10_colsample_bytree": -0.3709580683362331, "log10_eta": -3.7870195999989194, "log10_lambda": -1.0155412522001517, "log10_min_child_weight": 0.4115301522000908, "log10_subsample": -0.6923418062795947, "max_depth": 4.0, "num_boost_round": 19.0}, "datetime": {"datetime": "2024-01-19 00:19:12", "elapsed": 460.41366, "delta": 0.000771}}
{"target": -13.758474422438281, "params": {"gamma": 5.95596543250243, "log10_alpha": 0.49016546960151075, "log10_colsample_bytree": -0.3709580683362331, "log10_eta": -3.7870195999989194, "log10_lambda": -1.0155412522001517, "log10_min_child_weight": 0.4115301522000908, "log10_subsample": -0.6923418062795947, "max_depth": 4.0, "num_boost_round": 20.0}, "datetime": {"datetime": "2024-01-19 00:19:12", "elapsed": 460.414423, "delta": 0.000763}}
{"target": -13.75847106362658, "params": {"gamma": 5.95596543250243, "log10_alpha": 0.49016546960151075, "log10_colsample_bytree": -0.3709580683362331, "log10_eta": -3.7870195999989194, "log10_lambda": -1.0155412522001517, "log10_min_child_weight": 0.4115301522000908, "log10_subsample": -0.6923418062795947, "max_depth": 4.0, "num_boost_round": 21.0}, "datetime": {"datetime": "2024-01-19 00:19:12", "elapsed": 460.41523, "delta": 0.000807}}
{"target": -13.758456843960587, "params": {"gamma": 5.95596543250243, "log10_alpha": 0.49016546960151075, "log10_colsample_bytree": -0.3709580683362331, "log10_eta": -3.7870195999989194, "log10_lambda": -1.0155412522001517, "log10_min_child_weight": 0.4115301522000908, "log10_subsample": -0.6923418062795947, "max_depth": 4.0, "num_boost_round": 22.0}, "datetime": {"datetime": "2024-01-19 00:19:12", "elapsed": 460.415998, "delta": 0.000768}}
{"target": -13.758524958721745, "params": {"gamma": 6.916804200512328, "log10_alpha": -0.04135859085117222, "log10_colsample_bytree": -0.6449462935570968, "log10_eta": -3.263876527628581, "log10_lambda": -4.811179028146531, "log10_min_child_weight": 1.1945896180262983, "log10_subsample": -0.19326700471775515, "max_depth": 5.0, "num_boost_round": 0.0}, "datetime": {"datetime": "2024-01-19 00:19:34", "elapsed": 482.302561, "delta": 21.886563}}
{"target": -13.758503859391622, "params": {"gamma": 6.916804200512328, "log10_alpha": -0.04135859085117222, "log10_colsample_bytree": -0.6449462935570968, "log10_eta": -3.263876527628581, "log10_lambda": -4.811179028146531, "log10_min_child_weight": 1.1945896180262983, "log10_subsample": -0.19326700471775515, "max_depth": 5.0, "num_boost_round": 1.0}, "datetime": {"datetime": "2024-01-19 00:19:34", "elapsed": 482.303937, "delta": 0.001376}}
{"target": -13.758501275235064, "params": {"gamma": 6.916804200512328, "log10_alpha": -0.04135859085117222, "log10_colsample_bytree": -0.6449462935570968, "log10_eta": -3.263876527628581, "log10_lambda": -4.811179028146531, "log10_min_child_weight": 1.1945896180262983, "log10_subsample": -0.19326700471775515, "max_depth": 5.0, "num_boost_round": 2.0}, "datetime": {"datetime": "2024-01-19 00:19:34", "elapsed": 482.304747, "delta": 0.00081}}
{"target": -13.758504956524979, "params": {"gamma": 6.916804200512328, "log10_alpha": -0.04135859085117222, "log10_colsample_bytree": -0.6449462935570968, "log10_eta": -3.263876527628581, "log10_lambda": -4.811179028146531, "log10_min_child_weight": 1.1945896180262983, "log10_subsample": -0.19326700471775515, "max_depth": 5.0, "num_boost_round": 3.0}, "datetime": {"datetime": "2024-01-19 00:19:34", "elapsed": 482.305544, "delta": 0.000797}}
{"target": -13.758496299281752, "params": {"gamma": 6.916804200512328, "log10_alpha": -0.04135859085117222, "log10_colsample_bytree": -0.6449462935570968, "log10_eta": -3.263876527628581, "log10_lambda": -4.811179028146531, "log10_min_child_weight": 1.1945896180262983, "log10_subsample": -0.19326700471775515, "max_depth": 5.0, "num_boost_round": 4.0}, "datetime": {"datetime": "2024-01-19 00:19:34", "elapsed": 482.306314, "delta": 0.00077}}
{"target": -13.758461538238063, "params": {"gamma": 6.916804200512328, "log10_alpha": -0.04135859085117222, "log10_colsample_bytree": -0.6449462935570968, "log10_eta": -3.263876527628581, "log10_lambda": -4.811179028146531, "log10_min_child_weight": 1.1945896180262983, "log10_subsample": -0.19326700471775515, "max_depth": 5.0, "num_boost_round": 5.0}, "datetime": {"datetime": "2024-01-19 00:19:34", "elapsed": 482.30723, "delta": 0.000916}}
{"target": -13.758447963478599, "params": {"gamma": 6.916804200512328, "log10_alpha": -0.04135859085117222, "log10_colsample_bytree": -0.6449462935570968, "log10_eta": -3.263876527628581, "log10_lambda": -4.811179028146531, "log10_min_child_weight": 1.1945896180262983, "log10_subsample": -0.19326700471775515, "max_depth": 5.0, "num_boost_round": 6.0}, "datetime": {"datetime": "2024-01-19 00:19:34", "elapsed": 482.308009, "delta": 0.000779}}
{"target": -13.758445731750887, "params": {"gamma": 6.916804200512328, "log10_alpha": -0.04135859085117222, "log10_colsample_bytree": -0.6449462935570968, "log10_eta": -3.263876527628581, "log10_lambda": -4.811179028146531, "log10_min_child_weight": 1.1945896180262983, "log10_subsample": -0.19326700471775515, "max_depth": 5.0, "num_boost_round": 7.0}, "datetime": {"datetime": "2024-01-19 00:19:34", "elapsed": 482.308908, "delta": 0.000899}}
{"target": -13.758435744157254, "params": {"gamma": 6.916804200512328, "log10_alpha": -0.04135859085117222, "log10_colsample_bytree": -0.6449462935570968, "log10_eta": -3.263876527628581, "log10_lambda": -4.811179028146531, "log10_min_child_weight": 1.1945896180262983, "log10_subsample": -0.19326700471775515, "max_depth": 5.0, "num_boost_round": 8.0}, "datetime": {"datetime": "2024-01-19 00:19:34", "elapsed": 482.309684, "delta": 0.000776}}
{"target": -13.758430124158432, "params": {"gamma": 6.916804200512328, "log10_alpha": -0.04135859085117222, "log10_colsample_bytree": -0.6449462935570968, "log10_eta": -3.263876527628581, "log10_lambda": -4.811179028146531, "log10_min_child_weight": 1.1945896180262983, "log10_subsample": -0.19326700471775515, "max_depth": 5.0, "num_boost_round": 9.0}, "datetime": {"datetime": "2024-01-19 00:19:34", "elapsed": 482.310477, "delta": 0.000793}}
{"target": -13.758421711458166, "params": {"gamma": 6.916804200512328, "log10_alpha": -0.04135859085117222, "log10_colsample_bytree": -0.6449462935570968, "log10_eta": -3.263876527628581, "log10_lambda": -4.811179028146531, "log10_min_child_weight": 1.1945896180262983, "log10_subsample": -0.19326700471775515, "max_depth": 5.0, "num_boost_round": 10.0}, "datetime": {"datetime": "2024-01-19 00:19:34", "elapsed": 482.311246, "delta": 0.000769}}
{"target": -13.758401917212474, "params": {"gamma": 6.916804200512328, "log10_alpha": -0.04135859085117222, "log10_colsample_bytree": -0.6449462935570968, "log10_eta": -3.263876527628581, "log10_lambda": -4.811179028146531, "log10_min_child_weight": 1.1945896180262983, "log10_subsample": -0.19326700471775515, "max_depth": 5.0, "num_boost_round": 11.0}, "datetime": {"datetime": "2024-01-19 00:19:34", "elapsed": 482.312081, "delta": 0.000835}}
{"target": -13.758391523539363, "params": {"gamma": 6.916804200512328, "log10_alpha": -0.04135859085117222, "log10_colsample_bytree": -0.6449462935570968, "log10_eta": -3.263876527628581, "log10_lambda": -4.811179028146531, "log10_min_child_weight": 1.1945896180262983, "log10_subsample": -0.19326700471775515, "max_depth": 5.0, "num_boost_round": 12.0}, "datetime": {"datetime": "2024-01-19 00:19:34", "elapsed": 482.312904, "delta": 0.000823}}
{"target": -13.758393269019477, "params": {"gamma": 6.916804200512328, "log10_alpha": -0.04135859085117222, "log10_colsample_bytree": -0.6449462935570968, "log10_eta": -3.263876527628581, "log10_lambda": -4.811179028146531, "log10_min_child_weight": 1.1945896180262983, "log10_subsample": -0.19326700471775515, "max_depth": 5.0, "num_boost_round": 13.0}, "datetime": {"datetime": "2024-01-19 00:19:34", "elapsed": 482.313691, "delta": 0.000787}}
{"target": -13.75840400042233, "params": {"gamma": 6.916804200512328, "log10_alpha": -0.04135859085117222, "log10_colsample_bytree": -0.6449462935570968, "log10_eta": -3.263876527628581, "log10_lambda": -4.811179028146531, "log10_min_child_weight": 1.1945896180262983, "log10_subsample": -0.19326700471775515, "max_depth": 5.0, "num_boost_round": 14.0}, "datetime": {"datetime": "2024-01-19 00:19:34", "elapsed": 482.314481, "delta": 0.00079}}
{"target": -13.758383506277765, "params": {"gamma": 6.916804200512328, "log10_alpha": -0.04135859085117222, "log10_colsample_bytree": -0.6449462935570968, "log10_eta": -3.263876527628581, "log10_lambda": -4.811179028146531, "log10_min_child_weight": 1.1945896180262983, "log10_subsample": -0.19326700471775515, "max_depth": 5.0, "num_boost_round": 15.0}, "datetime": {"datetime": "2024-01-19 00:19:34", "elapsed": 482.315329, "delta": 0.000848}}
{"target": -13.758377304341161, "params": {"gamma": 6.916804200512328, "log10_alpha": -0.04135859085117222, "log10_colsample_bytree": -0.6449462935570968, "log10_eta": -3.263876527628581, "log10_lambda": -4.811179028146531, "log10_min_child_weight": 1.1945896180262983, "log10_subsample": -0.19326700471775515, "max_depth": 5.0, "num_boost_round": 16.0}, "datetime": {"datetime": "2024-01-19 00:19:34", "elapsed": 482.316113, "delta": 0.000784}}
{"target": -13.758368948701104, "params": {"gamma": 6.916804200512328, "log10_alpha": -0.04135859085117222, "log10_colsample_bytree": -0.6449462935570968, "log10_eta": -3.263876527628581, "log10_lambda": -4.811179028146531, "log10_min_child_weight": 1.1945896180262983, "log10_subsample": -0.19326700471775515, "max_depth": 5.0, "num_boost_round": 17.0}, "datetime": {"datetime": "2024-01-19 00:19:34", "elapsed": 482.316926, "delta": 0.000813}}
{"target": -13.75837536274748, "params": {"gamma": 6.916804200512328, "log10_alpha": -0.04135859085117222, "log10_colsample_bytree": -0.6449462935570968, "log10_eta": -3.263876527628581, "log10_lambda": -4.811179028146531, "log10_min_child_weight": 1.1945896180262983, "log10_subsample": -0.19326700471775515, "max_depth": 5.0, "num_boost_round": 18.0}, "datetime": {"datetime": "2024-01-19 00:19:34", "elapsed": 482.317725, "delta": 0.000799}}
{"target": -13.758374113800006, "params": {"gamma": 6.916804200512328, "log10_alpha": -0.04135859085117222, "log10_colsample_bytree": -0.6449462935570968, "log10_eta": -3.263876527628581, "log10_lambda": -4.811179028146531, "log10_min_child_weight": 1.1945896180262983, "log10_subsample": -0.19326700471775515, "max_depth": 5.0, "num_boost_round": 19.0}, "datetime": {"datetime": "2024-01-19 00:19:34", "elapsed": 482.318955, "delta": 0.00123}}
{"target": -13.75835072032774, "params": {"gamma": 6.916804200512328, "log10_alpha": -0.04135859085117222, "log10_colsample_bytree": -0.6449462935570968, "log10_eta": -3.263876527628581, "log10_lambda": -4.811179028146531, "log10_min_child_weight": 1.1945896180262983, "log10_subsample": -0.19326700471775515, "max_depth": 5.0, "num_boost_round": 20.0}, "datetime": {"datetime": "2024-01-19 00:19:34", "elapsed": 482.319764, "delta": 0.000809}}
{"target": -13.758344328697223, "params": {"gamma": 6.916804200512328, "log10_alpha": -0.04135859085117222, "log10_colsample_bytree": -0.6449462935570968, "log10_eta": -3.263876527628581, "log10_lambda": -4.811179028146531, "log10_min_child_weight": 1.1945896180262983, "log10_subsample": -0.19326700471775515, "max_depth": 5.0, "num_boost_round": 21.0}, "datetime": {"datetime": "2024-01-19 00:19:34", "elapsed": 482.320562, "delta": 0.000798}}
{"target": -13.75845408152271, "params": {"gamma": 13.961888943853197, "log10_alpha": 0.480687327451629, "log10_colsample_bytree": -0.3055609994542243, "log10_eta": -2.840556426971274, "log10_lambda": -4.872583884575813, "log10_min_child_weight": 0.8801746410385075, "log10_subsample": -0.750115296786624, "max_depth": 9.0, "num_boost_round": 0.0}, "datetime": {"datetime": "2024-01-19 00:20:00", "elapsed": 508.847583, "delta": 26.527021}}
{"target": -13.758449030351247, "params": {"gamma": 13.961888943853197, "log10_alpha": 0.480687327451629, "log10_colsample_bytree": -0.3055609994542243, "log10_eta": -2.840556426971274, "log10_lambda": -4.872583884575813, "log10_min_child_weight": 0.8801746410385075, "log10_subsample": -0.750115296786624, "max_depth": 9.0, "num_boost_round": 1.0}, "datetime": {"datetime": "2024-01-19 00:20:00", "elapsed": 508.849425, "delta": 0.001842}}
{"target": -13.758406190443136, "params": {"gamma": 13.961888943853197, "log10_alpha": 0.480687327451629, "log10_colsample_bytree": -0.3055609994542243, "log10_eta": -2.840556426971274, "log10_lambda": -4.872583884575813, "log10_min_child_weight": 0.8801746410385075, "log10_subsample": -0.750115296786624, "max_depth": 9.0, "num_boost_round": 2.0}, "datetime": {"datetime": "2024-01-19 00:20:00", "elapsed": 508.850555, "delta": 0.00113}}
{"target": -13.758335591483538, "params": {"gamma": 13.961888943853197, "log10_alpha": 0.480687327451629, "log10_colsample_bytree": -0.3055609994542243, "log10_eta": -2.840556426971274, "log10_lambda": -4.872583884575813, "log10_min_child_weight": 0.8801746410385075, "log10_subsample": -0.750115296786624, "max_depth": 9.0, "num_boost_round": 3.0}, "datetime": {"datetime": "2024-01-19 00:20:00", "elapsed": 508.851369, "delta": 0.000814}}
{"target": -13.758246784284614, "params": {"gamma": 13.961888943853197, "log10_alpha": 0.480687327451629, "log10_colsample_bytree": -0.3055609994542243, "log10_eta": -2.840556426971274, "log10_lambda": -4.872583884575813, "log10_min_child_weight": 0.8801746410385075, "log10_subsample": -0.750115296786624, "max_depth": 9.0, "num_boost_round": 4.0}, "datetime": {"datetime": "2024-01-19 00:20:00", "elapsed": 508.852179, "delta": 0.00081}}
{"target": -13.758155508283883, "params": {"gamma": 13.961888943853197, "log10_alpha": 0.480687327451629, "log10_colsample_bytree": -0.3055609994542243, "log10_eta": -2.840556426971274, "log10_lambda": -4.872583884575813, "log10_min_child_weight": 0.8801746410385075, "log10_subsample": -0.750115296786624, "max_depth": 9.0, "num_boost_round": 5.0}, "datetime": {"datetime": "2024-01-19 00:20:00", "elapsed": 508.853103, "delta": 0.000924}}
{"target": -13.75819323437002, "params": {"gamma": 13.961888943853197, "log10_alpha": 0.480687327451629, "log10_colsample_bytree": -0.3055609994542243, "log10_eta": -2.840556426971274, "log10_lambda": -4.872583884575813, "log10_min_child_weight": 0.8801746410385075, "log10_subsample": -0.750115296786624, "max_depth": 9.0, "num_boost_round": 6.0}, "datetime": {"datetime": "2024-01-19 00:20:00", "elapsed": 508.853917, "delta": 0.000814}}
{"target": -13.758194058123918, "params": {"gamma": 13.961888943853197, "log10_alpha": 0.480687327451629, "log10_colsample_bytree": -0.3055609994542243, "log10_eta": -2.840556426971274, "log10_lambda": -4.872583884575813, "log10_min_child_weight": 0.8801746410385075, "log10_subsample": -0.750115296786624, "max_depth": 9.0, "num_boost_round": 7.0}, "datetime": {"datetime": "2024-01-19 00:20:00", "elapsed": 508.85474, "delta": 0.000823}}
{"target": -13.75820001839079, "params": {"gamma": 13.961888943853197, "log10_alpha": 0.480687327451629, "log10_colsample_bytree": -0.3055609994542243, "log10_eta": -2.840556426971274, "log10_lambda": -4.872583884575813, "log10_min_child_weight": 0.8801746410385075, "log10_subsample": -0.750115296786624, "max_depth": 9.0, "num_boost_round": 8.0}, "datetime": {"datetime": "2024-01-19 00:20:00", "elapsed": 508.855609, "delta": 0.000869}}
{"target": -13.75826390018333, "params": {"gamma": 13.961888943853197, "log10_alpha": 0.480687327451629, "log10_colsample_bytree": -0.3055609994542243, "log10_eta": -2.840556426971274, "log10_lambda": -4.872583884575813, "log10_min_child_weight": 0.8801746410385075, "log10_subsample": -0.750115296786624, "max_depth": 9.0, "num_boost_round": 9.0}, "datetime": {"datetime": "2024-01-19 00:20:00", "elapsed": 508.856419, "delta": 0.00081}}
{"target": -13.758253398997374, "params": {"gamma": 13.961888943853197, "log10_alpha": 0.480687327451629, "log10_colsample_bytree": -0.3055609994542243, "log10_eta": -2.840556426971274, "log10_lambda": -4.872583884575813, "log10_min_child_weight": 0.8801746410385075, "log10_subsample": -0.750115296786624, "max_depth": 9.0, "num_boost_round": 10.0}, "datetime": {"datetime": "2024-01-19 00:20:00", "elapsed": 508.857384, "delta": 0.000965}}
{"target": -13.758165731069917, "params": {"gamma": 13.961888943853197, "log10_alpha": 0.480687327451629, "log10_colsample_bytree": -0.3055609994542243, "log10_eta": -2.840556426971274, "log10_lambda": -4.872583884575813, "log10_min_child_weight": 0.8801746410385075, "log10_subsample": -0.750115296786624, "max_depth": 9.0, "num_boost_round": 11.0}, "datetime": {"datetime": "2024-01-19 00:20:00", "elapsed": 508.858231, "delta": 0.000847}}
{"target": -13.758168452406489, "params": {"gamma": 13.961888943853197, "log10_alpha": 0.480687327451629, "log10_colsample_bytree": -0.3055609994542243, "log10_eta": -2.840556426971274, "log10_lambda": -4.872583884575813, "log10_min_child_weight": 0.8801746410385075, "log10_subsample": -0.750115296786624, "max_depth": 9.0, "num_boost_round": 12.0}, "datetime": {"datetime": "2024-01-19 00:20:00", "elapsed": 508.859058, "delta": 0.000827}}
