{"target": -15.450667269132907, "params": {"gamma": 185.49422695065797, "log10_alpha": -1.8910904416644838, "log10_colsample_bytree": -0.13271478552035665, "log10_eta": -0.06314930013687237, "log10_lambda": -4.443405388661448, "log10_min_child_weight": 2.046368350344035, "log10_subsample": -0.3707303301802629, "max_depth": 9.0, "num_boost_round": 5.0}, "datetime": {"datetime": "2024-01-19 00:17:07", "elapsed": 335.103447, "delta": 0.000575}}
{"target": -15.547989574306266, "params": {"gamma": 185.49422695065797, "log10_alpha": -1.8910904416644838, "log10_colsample_bytree": -0.13271478552035665, "log10_eta": -0.06314930013687237, "log10_lambda": -4.443405388661448, "log10_min_child_weight": 2.046368350344035, "log10_subsample": -0.3707303301802629, "max_depth": 9.0, "num_boost_round": 6.0}, "datetime": {"datetime": "2024-01-19 00:17:07", "elapsed": 335.107911, "delta": 0.004464}}
{"target": -15.644614031342794, "params": {"gamma": 185.49422695065797, "log10_alpha": -1.8910904416644838, "log10_colsample_bytree": -0.13271478552035665, "log10_eta": -0.06314930013687237, "log10_lambda": -4.443405388661448, "log10_min_child_weight": 2.046368350344035, "log10_subsample": -0.3707303301802629, "max_depth": 9.0, "num_boost_round": 7.0}, "datetime": {"datetime": "2024-01-19 00:17:07", "elapsed": 335.108514, "delta": 0.000603}}
{"target": -15.715987008680445, "params": {"gamma": 185.49422695065797, "log10_alpha": -1.8910904416644838, "log10_colsample_bytree": -0.13271478552035665, "log10_eta": -0.06314930013687237, "log10_lambda": -4.443405388661448, "log10_min_child_weight": 2.046368350344035, "log10_subsample": -0.3707303301802629, "max_depth": 9.0, "num_boost_round": 8.0}, "datetime": {"datetime": "2024-01-19 00:17:07", "elapsed": 335.109116, "delta": 0.000602}}
{"target": -15.827537338508282, "params": {"gamma": 185.49422695065797, "log10_alpha": -1.8910904416644838, "log10_colsample_bytree": -0.13271478552035665, "log10_eta": -0.06314930013687237, "log10_lambda": -4.443405388661448, "log10_min_child_weight": 2.046368350344035, "log10_subsample": -0.3707303301802629, "max_depth": 9.0, "num_boost_round": 9.0}, "datetime": {"datetime": "2024-01-19 00:17:07", "elapsed": 335.109739, "delta": 0.000623}}
{"target": -13.758578495548372, "params": {"gamma": 208.76176697891458, "log10_alpha": -4.1752717231646646, "log10_colsample_bytree": -0.1000744444670767, "log10_eta": -2.7284419396526016, "log10_lambda": -2.6892034169154173, "log10_min_child_weight": 0.43221370059115194, "log10_subsample": -0.8409195186486806, "max_depth": 7.0, "num_boost_round": 0.0}, "datetime": {"datetime": "2024-01-19 00:17:29", "elapsed": 356.949719, "delta": 21.83998}}
{"target": -13.758540866196334, "params": {"gamma": 208.76176697891458, "log10_alpha": -4.1752717231646646, "log10_colsample_bytree": -0.1000744444670767, "log10_eta": -2.7284419396526016, "log10_lambda": -2.6892034169154173, "log10_min_child_weight": 0.43221370059115194, "log10_subsample": -0.8409195186486806, "max_depth": 7.0, "num_boost_round": 1.0}, "datetime": {"datetime": "2024-01-19 00:17:29", "elapsed": 356.951031, "delta": 0.001312}}
{"target": -13.75838299001367, "params": {"gamma": 208.76176697891458, "log10_alpha": -4.1752717231646646, "log10_colsample_bytree": -0.1000744444670767, "log10_eta": -2.7284419396526016, "log10_lambda": -2.6892034169154173, "log10_min_child_weight": 0.43221370059115194, "log10_subsample": -0.8409195186486806, "max_depth": 7.0, "num_boost_round": 2.0}, "datetime": {"datetime": "2024-01-19 00:17:29", "elapsed": 356.951697, "delta": 0.000666}}
{"target": -13.758337679660944, "params": {"gamma": 208.76176697891458, "log10_alpha": -4.1752717231646646, "log10_colsample_bytree": -0.1000744444670767, "log10_eta": -2.7284419396526016, "log10_lambda": -2.6892034169154173, "log10_min_child_weight": 0.43221370059115194, "log10_subsample": -0.8409195186486806, "max_depth": 7.0, "num_boost_round": 3.0}, "datetime": {"datetime": "2024-01-19 00:17:29", "elapsed": 356.952285, "delta": 0.000588}}
{"target": -13.758255777012703, "params": {"gamma": 208.76176697891458, "log10_alpha": -4.1752717231646646, "log10_colsample_bytree": -0.1000744444670767, "log10_eta": -2.7284419396526016, "log10_lambda": -2.6892034169154173, "log10_min_child_weight": 0.43221370059115194, "log10_subsample": -0.8409195186486806, "max_depth": 7.0, "num_boost_round": 4.0}, "datetime": {"datetime": "2024-01-19 00:17:29", "elapsed": 356.952882, "delta": 0.000597}}
{"target": -13.758261100894138, "params": {"gamma": 208.76176697891458, "log10_alpha": -4.1752717231646646, "log10_colsample_bytree": -0.1000744444670767, "log10_eta": -2.7284419396526016, "log10_lambda": -2.6892034169154173, "log10_min_child_weight": 0.43221370059115194, "log10_subsample": -0.8409195186486806, "max_depth": 7.0, "num_boost_round": 5.0}, "datetime": {"datetime": "2024-01-19 00:17:29", "elapsed": 356.953475, "delta": 0.000593}}
{"target": -13.758299584893086, "params": {"gamma": 208.76176697891458, "log10_alpha": -4.1752717231646646, "log10_colsample_bytree": -0.1000744444670767, "log10_eta": -2.7284419396526016, "log10_lambda": -2.6892034169154173, "log10_min_child_weight": 0.43221370059115194, "log10_subsample": -0.8409195186486806, "max_depth": 7.0, "num_boost_round": 6.0}, "datetime": {"datetime": "2024-01-19 00:17:29", "elapsed": 356.954063, "delta": 0.000588}}
{"target": -13.758294113618092, "params": {"gamma": 208.76176697891458, "log10_alpha": -4.1752717231646646, "log10_colsample_bytree": -0.1000744444670767, "log10_eta": -2.7284419396526016, "log10_lambda": -2.6892034169154173, "log10_min_child_weight": 0.43221370059115194, "log10_subsample": -0.8409195186486806, "max_depth": 7.0, "num_boost_round": 7.0}, "datetime": {"datetime": "2024-01-19 00:17:29", "elapsed": 356.954652, "delta": 0.000589}}
{"target": -13.758252568906942, "params": {"gamma": 208.76176697891458, "log10_alpha": -4.1752717231646646, "log10_colsample_bytree": -0.1000744444670767, "log10_eta": -2.7284419396526016, "log10_lambda": -2.6892034169154173, "log10_min_child_weight": 0.43221370059115194, "log10_subsample": -0.8409195186486806, "max_depth": 7.0, "num_boost_round": 8.0}, "datetime": {"datetime": "2024-01-19 00:17:29", "elapsed": 356.955396, "delta": 0.000744}}
{"target": -13.758216516796368, "params": {"gamma": 208.76176697891458, "log10_alpha": -4.1752717231646646, "log10_colsample_bytree": -0.1000744444670767, "log10_eta": -2.7284419396526016, "log10_lambda": -2.6892034169154173, "log10_min_child_weight": 0.43221370059115194, "log10_subsample": -0.8409195186486806, "max_depth": 7.0, "num_boost_round": 9.0}, "datetime": {"datetime": "2024-01-19 00:17:29", "elapsed": 356.956001, "delta": 0.000605}}
{"target": -13.758128672138843, "params": {"gamma": 208.76176697891458, "log10_alpha": -4.1752717231646646, "log10_colsample_bytree": -0.1000744444670767, "log10_eta": -2.7284419396526016, "log10_lambda": -2.6892034169154173, "log10_min_child_weight": 0.43221370059115194, "log10_subsample": -0.8409195186486806, "max_depth": 7.0, "num_boost_round": 10.0}, "datetime": {"datetime": "2024-01-19 00:17:29", "elapsed": 356.956598, "delta": 0.000597}}
{"target": -13.758185677474497, "params": {"gamma": 208.76176697891458, "log10_alpha": -4.1752717231646646, "log10_colsample_bytree": -0.1000744444670767, "log10_eta": -2.7284419396526016, "log10_lambda": -2.6892034169154173, "log10_min_child_weight": 0.43221370059115194, "log10_subsample": -0.8409195186486806, "max_depth": 7.0, "num_boost_round": 11.0}, "datetime": {"datetime": "2024-01-19 00:17:29", "elapsed": 356.957201, "delta": 0.000603}}
{"target": -13.758128989369045, "params": {"gamma": 208.76176697891458, "log10_alpha": -4.1752717231646646, "log10_colsample_bytree": -0.1000744444670767, "log10_eta": -2.7284419396526016, "log10_lambda": -2.6892034169154173, "log10_min_child_weight": 0.43221370059115194, "log10_subsample": -0.8409195186486806, "max_depth": 7.0, "num_boost_round": 12.0}, "datetime": {"datetime": "2024-01-19 00:17:29", "elapsed": 356.95782, "delta": 0.000619}}
{"target": -13.758132660341682, "params": {"gamma": 208.76176697891458, "log10_alpha": -4.1752717231646646, "log10_colsample_bytree": -0.1000744444670767, "log10_eta": -2.7284419396526016, "log10_lambda": -2.6892034169154173, "log10_min_child_weight": 0.43221370059115194, "log10_subsample": -0.8409195186486806, "max_depth": 7.0, "num_boost_round": 13.0}, "datetime": {"datetime": "2024-01-19 00:17:29", "elapsed": 356.958408, "delta": 0.000588}}
{"target": -13.807697811072355, "params": {"gamma": 204.0048249727065, "log10_alpha": -2.3636480434336957, "log10_colsample_bytree": -1.0, "log10_eta": 0.0, "log10_lambda": -5.0, "log10_min_child_weight": 1.0958698326649348, "log10_subsample": -1.0, "max_depth": 5.0, "num_boost_round": 0.0}, "datetime": {"datetime": "2024-01-19 00:17:47", "elapsed": 375.521984, "delta": 18.563576}}
{"target": -13.920003726546994, "params": {"gamma": 204.0048249727065, "log10_alpha": -2.3636480434336957, "log10_colsample_bytree": -1.0, "log10_eta": 0.0, "log10_lambda": -5.0, "log10_min_child_weight": 1.0958698326649348, "log10_subsample": -1.0, "max_depth": 5.0, "num_boost_round": 1.0}, "datetime": {"datetime": "2024-01-19 00:17:47", "elapsed": 375.52311, "delta": 0.001126}}
{"target": -13.951092129812334, "params": {"gamma": 204.0048249727065, "log10_alpha": -2.3636480434336957, "log10_colsample_bytree": -1.0, "log10_eta": 0.0, "log10_lambda": -5.0, "log10_min_child_weight": 1.0958698326649348, "log10_subsample": -1.0, "max_depth": 5.0, "num_boost_round": 2.0}, "datetime": {"datetime": "2024-01-19 00:17:47", "elapsed": 375.524136, "delta": 0.001026}}
{"target": -14.033321601303193, "params": {"gamma": 204.0048249727065, "log10_alpha": -2.3636480434336957, "log10_colsample_bytree": -1.0, "log10_eta": 0.0, "log10_lambda": -5.0, "log10_min_child_weight": 1.0958698326649348, "log10_subsample": -1.0, "max_depth": 5.0, "num_boost_round": 3.0}, "datetime": {"datetime": "2024-01-19 00:17:47", "elapsed": 375.524759, "delta": 0.000623}}
{"target": -14.120327204780029, "params": {"gamma": 204.0048249727065, "log10_alpha": -2.3636480434336957, "log10_colsample_bytree": -1.0, "log10_eta": 0.0, "log10_lambda": -5.0, "log10_min_child_weight": 1.0958698326649348, "log10_subsample": -1.0, "max_depth": 5.0, "num_boost_round": 4.0}, "datetime": {"datetime": "2024-01-19 00:17:47", "elapsed": 375.525355, "delta": 0.000596}}
{"target": -14.153123583119102, "params": {"gamma": 204.0048249727065, "log10_alpha": -2.3636480434336957, "log10_colsample_bytree": -1.0, "log10_eta": 0.0, "log10_lambda": -5.0, "log10_min_child_weight": 1.0958698326649348, "log10_subsample": -1.0, "max_depth": 5.0, "num_boost_round": 5.0}, "datetime": {"datetime": "2024-01-19 00:17:47", "elapsed": 375.525961, "delta": 0.000606}}
{"target": -14.199828006109918, "params": {"gamma": 204.0048249727065, "log10_alpha": -2.3636480434336957, "log10_colsample_bytree": -1.0, "log10_eta": 0.0, "log10_lambda": -5.0, "log10_min_child_weight": 1.0958698326649348, "log10_subsample": -1.0, "max_depth": 5.0, "num_boost_round": 6.0}, "datetime": {"datetime": "2024-01-19 00:17:47", "elapsed": 375.526558, "delta": 0.000597}}
{"target": -14.257258008767245, "params": {"gamma": 204.0048249727065, "log10_alpha": -2.3636480434336957, "log10_colsample_bytree": -1.0, "log10_eta": 0.0, "log10_lambda": -5.0, "log10_min_child_weight": 1.0958698326649348, "log10_subsample": -1.0, "max_depth": 5.0, "num_boost_round": 7.0}, "datetime": {"datetime": "2024-01-19 00:17:47", "elapsed": 375.527314, "delta": 0.000756}}
{"target": -14.35713802497681, "params": {"gamma": 204.0048249727065, "log10_alpha": -2.3636480434336957, "log10_colsample_bytree": -1.0, "log10_eta": 0.0, "log10_lambda": -5.0, "log10_min_child_weight": 1.0958698326649348, "log10_subsample": -1.0, "max_depth": 5.0, "num_boost_round": 8.0}, "datetime": {"datetime": "2024-01-19 00:17:47", "elapsed": 375.52795, "delta": 0.000636}}
{"target": -14.392611180481147, "params": {"gamma": 204.0048249727065, "log10_alpha": -2.3636480434336957, "log10_colsample_bytree": -1.0, "log10_eta": 0.0, "log10_lambda": -5.0, "log10_min_child_weight": 1.0958698326649348, "log10_subsample": -1.0, "max_depth": 5.0, "num_boost_round": 9.0}, "datetime": {"datetime": "2024-01-19 00:17:47", "elapsed": 375.528563, "delta": 0.000613}}
{"target": -13.758539474541646, "params": {"gamma": 192.35911286161632, "log10_alpha": 0.5602712170623212, "log10_colsample_bytree": -0.5064827130129439, "log10_eta": -3.303065577821303, "log10_lambda": 0.17334141584388796, "log10_min_child_weight": 3.7865751062677, "log10_subsample": -0.3648780424190474, "max_depth": 2.0, "num_boost_round": 0.0}, "datetime": {"datetime": "2024-01-19 00:18:06", "elapsed": 393.817771, "delta": 18.289208}}
{"target": -13.758532631345654, "params": {"gamma": 192.35911286161632, "log10_alpha": 0.5602712170623212, "log10_colsample_bytree": -0.5064827130129439, "log10_eta": -3.303065577821303, "log10_lambda": 0.17334141584388796, "log10_min_child_weight": 3.7865751062677, "log10_subsample": -0.3648780424190474, "max_depth": 2.0, "num_boost_round": 1.0}, "datetime": {"datetime": "2024-01-19 00:18:06", "elapsed": 393.818879, "delta": 0.001108}}
{"target": -13.758529081910458, "params": {"gamma": 192.35911286161632, "log10_alpha": 0.5602712170623212, "log10_colsample_bytree": -0.5064827130129439, "log10_eta": -3.303065577821303, "log10_lambda": 0.17334141584388796, "log10_min_child_weight": 3.7865751062677, "log10_subsample": -0.3648780424190474, "max_depth": 2.0, "num_boost_round": 2.0}, "datetime": {"datetime": "2024-01-19 00:18:06", "elapsed": 393.819455, "delta": 0.000576}}
{"target": -13.758529711699481, "params": {"gamma": 192.35911286161632, "log10_alpha": 0.5602712170623212, "log10_colsample_bytree": -0.5064827130129439, "log10_eta": -3.303065577821303, "log10_lambda": 0.17334141584388796, "log10_min_child_weight": 3.7865751062677, "log10_subsample": -0.3648780424190474, "max_depth": 2.0, "num_boost_round": 3.0}, "datetime": {"datetime": "2024-01-19 00:18:06", "elapsed": 393.820303, "delta": 0.000848}}
{"target": -13.758529009189607, "params": {"gamma": 192.35911286161632, "log10_alpha": 0.5602712170623212, "log10_colsample_bytree": -0.5064827130129439, "log10_eta": -3.303065577821303, "log10_lambda": 0.17334141584388796, "log10_min_child_weight": 3.7865751062677, "log10_subsample": -0.3648780424190474, "max_depth": 2.0, "num_boost_round": 4.0}, "datetime": {"datetime": "2024-01-19 00:18:06", "elapsed": 393.820936, "delta": 0.000633}}
{"target": -13.758528642644007, "params": {"gamma": 192.35911286161632, "log10_alpha": 0.5602712170623212, "log10_colsample_bytree": -0.5064827130129439, "log10_eta": -3.303065577821303, "log10_lambda": 0.17334141584388796, "log10_min_child_weight": 3.7865751062677, "log10_subsample": -0.3648780424190474, "max_depth": 2.0, "num_boost_round": 5.0}, "datetime": {"datetime": "2024-01-19 00:18:06", "elapsed": 393.821557, "delta": 0.000621}}
{"target": -13.75852943019194, "params": {"gamma": 192.35911286161632, "log10_alpha": 0.5602712170623212, "log10_colsample_bytree": -0.5064827130129439, "log10_eta": -3.303065577821303, "log10_lambda": 0.17334141584388796, "log10_min_child_weight": 3.7865751062677, "log10_subsample": -0.3648780424190474, "max_depth": 2.0, "num_boost_round": 6.0}, "datetime": {"datetime": "2024-01-19 00:18:06", "elapsed": 393.822199, "delta": 0.000642}}
{"target": -13.758528968738208, "params": {"gamma": 192.35911286161632, "log10_alpha": 0.5602712170623212, "log10_colsample_bytree": -0.5064827130129439, "log10_eta": -3.303065577821303, "log10_lambda": 0.17334141584388796, "log10_min_child_weight": 3.7865751062677, "log10_subsample": -0.3648780424190474, "max_depth": 2.0, "num_boost_round": 7.0}, "datetime": {"datetime": "2024-01-19 00:18:06", "elapsed": 393.822833, "delta": 0.000634}}
{"target": -13.758522074347443, "params": {"gamma": 192.35911286161632, "log10_alpha": 0.5602712170623212, "log10_colsample_bytree": -0.5064827130129439, "log10_eta": -3.303065577821303, "log10_lambda": 0.17334141584388796, "log10_min_child_weight": 3.7865751062677, "log10_subsample": -0.3648780424190474, "max_depth": 2.0, "num_boost_round": 8.0}, "datetime": {"datetime": "2024-01-19 00:18:06", "elapsed": 393.823461, "delta": 0.000628}}
{"target": -13.758516332540083, "params": {"gamma": 192.35911286161632, "log10_alpha": 0.5602712170623212, "log10_colsample_bytree": -0.5064827130129439, "log10_eta": -3.303065577821303, "log10_lambda": 0.17334141584388796, "log10_min_child_weight": 3.7865751062677, "log10_subsample": -0.3648780424190474, "max_depth": 2.0, "num_boost_round": 9.0}, "datetime": {"datetime": "2024-01-19 00:18:06", "elapsed": 393.824091, "delta": 0.00063}}
{"target": -13.758510470473187, "params": {"gamma": 192.35911286161632, "log10_alpha": 0.5602712170623212, "log10_colsample_bytree": -0.5064827130129439, "log10_eta": -3.303065577821303, "log10_lambda": 0.17334141584388796, "log10_min_child_weight": 3.7865751062677, "log10_subsample": -0.3648780424190474, "max_depth": 2.0, "num_boost_round": 10.0}, "datetime": {"datetime": "2024-01-19 00:18:06", "elapsed": 393.824723, "delta": 0.000632}}
{"target": -13.758529102370048, "params": {"gamma": 211.09751589445148, "log10_alpha": -4.196666003260986, "log10_colsample_bytree": -0.3182120937322941, "log10_eta": -3.7232599991451747, "log10_lambda": -3.772799133925698, "log10_min_child_weight": 0.12589919422410945, "log10_subsample": -0.7172820490563937, "max_depth": 5.0, "num_boost_round": 0.0}, "datetime": {"datetime": "2024-01-19 00:18:28", "elapsed": 415.755657, "delta": 21.930934}}
{"target": -13.758521619087135, "params": {"gamma": 211.09751589445148, "log10_alpha": -4.196666003260986, "log10_colsample_bytree": -0.3182120937322941, "log10_eta": -3.7232599991451747, "log10_lambda": -3.772799133925698, "log10_min_child_weight": 0.12589919422410945, "log10_subsample": -0.7172820490563937, "max_depth": 5.0, "num_boost_round": 1.0}, "datetime": {"datetime": "2024-01-19 00:18:28", "elapsed": 415.756931, "delta": 0.001274}}
{"target": -13.758515788804, "params": {"gamma": 211.09751589445148, "log10_alpha": -4.196666003260986, "log10_colsample_bytree": -0.3182120937322941, "log10_eta": -3.7232599991451747, "log10_lambda": -3.772799133925698, "log10_min_child_weight": 0.12589919422410945, "log10_subsample": -0.7172820490563937, "max_depth": 5.0, "num_boost_round": 2.0}, "datetime": {"datetime": "2024-01-19 00:18:28", "elapsed": 415.757607, "delta": 0.000676}}
{"target": -13.758514904311731, "params": {"gamma": 211.09751589445148, "log10_alpha": -4.196666003260986, "log10_colsample_bytree": -0.3182120937322941, "log10_eta": -3.7232599991451747, "log10_lambda": -3.772799133925698, "log10_min_child_weight": 0.12589919422410945, "log10_subsample": -0.7172820490563937, "max_depth": 5.0, "num_boost_round": 3.0}, "datetime": {"datetime": "2024-01-19 00:18:28", "elapsed": 415.758258, "delta": 0.000651}}
{"target": -13.758507239207102, "params": {"gamma": 211.09751589445148, "log10_alpha": -4.196666003260986, "log10_colsample_bytree": -0.3182120937322941, "log10_eta": -3.7232599991451747, "log10_lambda": -3.772799133925698, "log10_min_child_weight": 0.12589919422410945, "log10_subsample": -0.7172820490563937, "max_depth": 5.0, "num_boost_round": 4.0}, "datetime": {"datetime": "2024-01-19 00:18:28", "elapsed": 415.758902, "delta": 0.000644}}
{"target": -13.758504394695207, "params": {"gamma": 211.09751589445148, "log10_alpha": -4.196666003260986, "log10_colsample_bytree": -0.3182120937322941, "log10_eta": -3.7232599991451747, "log10_lambda": -3.772799133925698, "log10_min_child_weight": 0.12589919422410945, "log10_subsample": -0.7172820490563937, "max_depth": 5.0, "num_boost_round": 5.0}, "datetime": {"datetime": "2024-01-19 00:18:28", "elapsed": 415.759547, "delta": 0.000645}}
{"target": -13.758502052724271, "params": {"gamma": 211.09751589445148, "log10_alpha": -4.196666003260986, "log10_colsample_bytree": -0.3182120937322941, "log10_eta": -3.7232599991451747, "log10_lambda": -3.772799133925698, "log10_min_child_weight": 0.12589919422410945, "log10_subsample": -0.7172820490563937, "max_depth": 5.0, "num_boost_round": 6.0}, "datetime": {"datetime": "2024-01-19 00:18:28", "elapsed": 415.760409, "delta": 0.000862}}
{"target": -13.7584954169406, "params": {"gamma": 211.09751589445148, "log10_alpha": -4.196666003260986, "log10_colsample_bytree": -0.3182120937322941, "log10_eta": -3.7232599991451747, "log10_lambda": -3.772799133925698, "log10_min_child_weight": 0.12589919422410945, "log10_subsample": -0.7172820490563937, "max_depth": 5.0, "num_boost_round": 7.0}, "datetime": {"datetime": "2024-01-19 00:18:28", "elapsed": 415.761063, "delta": 0.000654}}
{"target": -13.758487242234152, "params": {"gamma": 211.09751589445148, "log10_alpha": -4.196666003260986, "log10_colsample_bytree": -0.3182120937322941, "log10_eta": -3.7232599991451747, "log10_lambda": -3.772799133925698, "log10_min_child_weight": 0.12589919422410945, "log10_subsample": -0.7172820490563937, "max_depth": 5.0, "num_boost_round": 8.0}, "datetime": {"datetime": "2024-01-19 00:18:28", "elapsed": 415.761713, "delta": 0.00065}}
{"target": -13.758484267751102, "params": {"gamma": 211.09751589445148, "log10_alpha": -4.196666003260986, "log10_colsample_bytree": -0.3182120937322941, "log10_eta": -3.7232599991451747, "log10_lambda": -3.772799133925698, "log10_min_child_weight": 0.12589919422410945, "log10_subsample": -0.7172820490563937, "max_depth": 5.0, "num_boost_round": 9.0}, "datetime": {"datetime": "2024-01-19 00:18:28", "elapsed": 415.762364, "delta": 0.000651}}
