{"target": -17.676938316944288, "params": {"gamma": 980.1421671937313, "log10_alpha": -0.9696994279985169, "log10_colsample_bytree": -0.2523122128319897, "log10_eta": -3.701118418266157, "log10_lambda": -4.331717552801879, "log10_min_child_weight": 2.743350175098417, "log10_subsample": -0.4656054894149658, "max_depth": 7.0, "num_boost_round": 40.0}, "datetime": {"datetime": "2024-01-19 01:54:55", "elapsed": 6189.720851, "delta": 0.005919}}
{"target": -17.676925722159872, "params": {"gamma": 980.1421671937313, "log10_alpha": -0.9696994279985169, "log10_colsample_bytree": -0.2523122128319897, "log10_eta": -3.701118418266157, "log10_lambda": -4.331717552801879, "log10_min_child_weight": 2.743350175098417, "log10_subsample": -0.4656054894149658, "max_depth": 7.0, "num_boost_round": 41.0}, "datetime": {"datetime": "2024-01-19 01:54:55", "elapsed": 6189.726874, "delta": 0.006023}}
{"target": -17.676908027343455, "params": {"gamma": 980.1421671937313, "log10_alpha": -0.9696994279985169, "log10_colsample_bytree": -0.2523122128319897, "log10_eta": -3.701118418266157, "log10_lambda": -4.331717552801879, "log10_min_child_weight": 2.743350175098417, "log10_subsample": -0.4656054894149658, "max_depth": 7.0, "num_boost_round": 42.0}, "datetime": {"datetime": "2024-01-19 01:54:55", "elapsed": 6189.732608, "delta": 0.005734}}
{"target": -17.67690254777587, "params": {"gamma": 980.1421671937313, "log10_alpha": -0.9696994279985169, "log10_colsample_bytree": -0.2523122128319897, "log10_eta": -3.701118418266157, "log10_lambda": -4.331717552801879, "log10_min_child_weight": 2.743350175098417, "log10_subsample": -0.4656054894149658, "max_depth": 7.0, "num_boost_round": 43.0}, "datetime": {"datetime": "2024-01-19 01:54:55", "elapsed": 6189.738363, "delta": 0.005755}}
{"target": -17.676892250038847, "params": {"gamma": 980.1421671937313, "log10_alpha": -0.9696994279985169, "log10_colsample_bytree": -0.2523122128319897, "log10_eta": -3.701118418266157, "log10_lambda": -4.331717552801879, "log10_min_child_weight": 2.743350175098417, "log10_subsample": -0.4656054894149658, "max_depth": 7.0, "num_boost_round": 44.0}, "datetime": {"datetime": "2024-01-19 01:54:55", "elapsed": 6189.744083, "delta": 0.00572}}
{"target": -17.67686978604443, "params": {"gamma": 980.1421671937313, "log10_alpha": -0.9696994279985169, "log10_colsample_bytree": -0.2523122128319897, "log10_eta": -3.701118418266157, "log10_lambda": -4.331717552801879, "log10_min_child_weight": 2.743350175098417, "log10_subsample": -0.4656054894149658, "max_depth": 7.0, "num_boost_round": 45.0}, "datetime": {"datetime": "2024-01-19 01:54:55", "elapsed": 6189.749827, "delta": 0.005744}}
{"target": -17.676866161942062, "params": {"gamma": 980.1421671937313, "log10_alpha": -0.9696994279985169, "log10_colsample_bytree": -0.2523122128319897, "log10_eta": -3.701118418266157, "log10_lambda": -4.331717552801879, "log10_min_child_weight": 2.743350175098417, "log10_subsample": -0.4656054894149658, "max_depth": 7.0, "num_boost_round": 46.0}, "datetime": {"datetime": "2024-01-19 01:54:55", "elapsed": 6189.755593, "delta": 0.005766}}
{"target": -17.676861875565272, "params": {"gamma": 980.1421671937313, "log10_alpha": -0.9696994279985169, "log10_colsample_bytree": -0.2523122128319897, "log10_eta": -3.701118418266157, "log10_lambda": -4.331717552801879, "log10_min_child_weight": 2.743350175098417, "log10_subsample": -0.4656054894149658, "max_depth": 7.0, "num_boost_round": 47.0}, "datetime": {"datetime": "2024-01-19 01:54:55", "elapsed": 6189.761338, "delta": 0.005745}}
{"target": -17.67686257347139, "params": {"gamma": 980.1421671937313, "log10_alpha": -0.9696994279985169, "log10_colsample_bytree": -0.2523122128319897, "log10_eta": -3.701118418266157, "log10_lambda": -4.331717552801879, "log10_min_child_weight": 2.743350175098417, "log10_subsample": -0.4656054894149658, "max_depth": 7.0, "num_boost_round": 48.0}, "datetime": {"datetime": "2024-01-19 01:54:55", "elapsed": 6189.767095, "delta": 0.005757}}
{"target": -17.67685723543239, "params": {"gamma": 980.1421671937313, "log10_alpha": -0.9696994279985169, "log10_colsample_bytree": -0.2523122128319897, "log10_eta": -3.701118418266157, "log10_lambda": -4.331717552801879, "log10_min_child_weight": 2.743350175098417, "log10_subsample": -0.4656054894149658, "max_depth": 7.0, "num_boost_round": 49.0}, "datetime": {"datetime": "2024-01-19 01:54:55", "elapsed": 6189.772896, "delta": 0.005801}}
{"target": -17.67714201213933, "params": {"gamma": 993.2156758193931, "log10_alpha": -1.798428425935474, "log10_colsample_bytree": -0.9726573406523084, "log10_eta": -2.9117523378753787, "log10_lambda": 0.6725568003115239, "log10_min_child_weight": 2.117005372658572, "log10_subsample": -0.9512001914685713, "max_depth": 9.0, "num_boost_round": 0.0}, "datetime": {"datetime": "2024-01-19 01:56:05", "elapsed": 6259.073461, "delta": 69.300565}}
{"target": -17.677129945713425, "params": {"gamma": 993.2156758193931, "log10_alpha": -1.798428425935474, "log10_colsample_bytree": -0.9726573406523084, "log10_eta": -2.9117523378753787, "log10_lambda": 0.6725568003115239, "log10_min_child_weight": 2.117005372658572, "log10_subsample": -0.9512001914685713, "max_depth": 9.0, "num_boost_round": 1.0}, "datetime": {"datetime": "2024-01-19 01:56:05", "elapsed": 6259.079841, "delta": 0.00638}}
{"target": -17.67708907426553, "params": {"gamma": 993.2156758193931, "log10_alpha": -1.798428425935474, "log10_colsample_bytree": -0.9726573406523084, "log10_eta": -2.9117523378753787, "log10_lambda": 0.6725568003115239, "log10_min_child_weight": 2.117005372658572, "log10_subsample": -0.9512001914685713, "max_depth": 9.0, "num_boost_round": 2.0}, "datetime": {"datetime": "2024-01-19 01:56:05", "elapsed": 6259.085833, "delta": 0.005992}}
{"target": -17.677048087630585, "params": {"gamma": 993.2156758193931, "log10_alpha": -1.798428425935474, "log10_colsample_bytree": -0.9726573406523084, "log10_eta": -2.9117523378753787, "log10_lambda": 0.6725568003115239, "log10_min_child_weight": 2.117005372658572, "log10_subsample": -0.9512001914685713, "max_depth": 9.0, "num_boost_round": 3.0}, "datetime": {"datetime": "2024-01-19 01:56:05", "elapsed": 6259.091988, "delta": 0.006155}}
{"target": -17.677031728351146, "params": {"gamma": 993.2156758193931, "log10_alpha": -1.798428425935474, "log10_colsample_bytree": -0.9726573406523084, "log10_eta": -2.9117523378753787, "log10_lambda": 0.6725568003115239, "log10_min_child_weight": 2.117005372658572, "log10_subsample": -0.9512001914685713, "max_depth": 9.0, "num_boost_round": 4.0}, "datetime": {"datetime": "2024-01-19 01:56:05", "elapsed": 6259.097632, "delta": 0.005644}}
{"target": -17.67704048133354, "params": {"gamma": 993.2156758193931, "log10_alpha": -1.798428425935474, "log10_colsample_bytree": -0.9726573406523084, "log10_eta": -2.9117523378753787, "log10_lambda": 0.6725568003115239, "log10_min_child_weight": 2.117005372658572, "log10_subsample": -0.9512001914685713, "max_depth": 9.0, "num_boost_round": 5.0}, "datetime": {"datetime": "2024-01-19 01:56:05", "elapsed": 6259.103342, "delta": 0.00571}}
{"target": -17.677057269411694, "params": {"gamma": 993.2156758193931, "log10_alpha": -1.798428425935474, "log10_colsample_bytree": -0.9726573406523084, "log10_eta": -2.9117523378753787, "log10_lambda": 0.6725568003115239, "log10_min_child_weight": 2.117005372658572, "log10_subsample": -0.9512001914685713, "max_depth": 9.0, "num_boost_round": 6.0}, "datetime": {"datetime": "2024-01-19 01:56:05", "elapsed": 6259.108999, "delta": 0.005657}}
{"target": -17.67699279139759, "params": {"gamma": 993.2156758193931, "log10_alpha": -1.798428425935474, "log10_colsample_bytree": -0.9726573406523084, "log10_eta": -2.9117523378753787, "log10_lambda": 0.6725568003115239, "log10_min_child_weight": 2.117005372658572, "log10_subsample": -0.9512001914685713, "max_depth": 9.0, "num_boost_round": 7.0}, "datetime": {"datetime": "2024-01-19 01:56:05", "elapsed": 6259.115111, "delta": 0.006112}}
{"target": -17.676924437326846, "params": {"gamma": 993.2156758193931, "log10_alpha": -1.798428425935474, "log10_colsample_bytree": -0.9726573406523084, "log10_eta": -2.9117523378753787, "log10_lambda": 0.6725568003115239, "log10_min_child_weight": 2.117005372658572, "log10_subsample": -0.9512001914685713, "max_depth": 9.0, "num_boost_round": 8.0}, "datetime": {"datetime": "2024-01-19 01:56:05", "elapsed": 6259.121361, "delta": 0.00625}}
{"target": -17.676874704656953, "params": {"gamma": 993.2156758193931, "log10_alpha": -1.798428425935474, "log10_colsample_bytree": -0.9726573406523084, "log10_eta": -2.9117523378753787, "log10_lambda": 0.6725568003115239, "log10_min_child_weight": 2.117005372658572, "log10_subsample": -0.9512001914685713, "max_depth": 9.0, "num_boost_round": 9.0}, "datetime": {"datetime": "2024-01-19 01:56:05", "elapsed": 6259.127958, "delta": 0.006597}}
{"target": -17.676842074931212, "params": {"gamma": 993.2156758193931, "log10_alpha": -1.798428425935474, "log10_colsample_bytree": -0.9726573406523084, "log10_eta": -2.9117523378753787, "log10_lambda": 0.6725568003115239, "log10_min_child_weight": 2.117005372658572, "log10_subsample": -0.9512001914685713, "max_depth": 9.0, "num_boost_round": 10.0}, "datetime": {"datetime": "2024-01-19 01:56:05", "elapsed": 6259.133779, "delta": 0.005821}}
{"target": -17.67681807753601, "params": {"gamma": 993.2156758193931, "log10_alpha": -1.798428425935474, "log10_colsample_bytree": -0.9726573406523084, "log10_eta": -2.9117523378753787, "log10_lambda": 0.6725568003115239, "log10_min_child_weight": 2.117005372658572, "log10_subsample": -0.9512001914685713, "max_depth": 9.0, "num_boost_round": 11.0}, "datetime": {"datetime": "2024-01-19 01:56:05", "elapsed": 6259.139607, "delta": 0.005828}}
{"target": -17.676783962751713, "params": {"gamma": 993.2156758193931, "log10_alpha": -1.798428425935474, "log10_colsample_bytree": -0.9726573406523084, "log10_eta": -2.9117523378753787, "log10_lambda": 0.6725568003115239, "log10_min_child_weight": 2.117005372658572, "log10_subsample": -0.9512001914685713, "max_depth": 9.0, "num_boost_round": 12.0}, "datetime": {"datetime": "2024-01-19 01:56:05", "elapsed": 6259.145413, "delta": 0.005806}}
{"target": -17.67673590995844, "params": {"gamma": 993.2156758193931, "log10_alpha": -1.798428425935474, "log10_colsample_bytree": -0.9726573406523084, "log10_eta": -2.9117523378753787, "log10_lambda": 0.6725568003115239, "log10_min_child_weight": 2.117005372658572, "log10_subsample": -0.9512001914685713, "max_depth": 9.0, "num_boost_round": 13.0}, "datetime": {"datetime": "2024-01-19 01:56:05", "elapsed": 6259.151294, "delta": 0.005881}}
{"target": -17.676645467751158, "params": {"gamma": 993.2156758193931, "log10_alpha": -1.798428425935474, "log10_colsample_bytree": -0.9726573406523084, "log10_eta": -2.9117523378753787, "log10_lambda": 0.6725568003115239, "log10_min_child_weight": 2.117005372658572, "log10_subsample": -0.9512001914685713, "max_depth": 9.0, "num_boost_round": 14.0}, "datetime": {"datetime": "2024-01-19 01:56:05", "elapsed": 6259.157577, "delta": 0.006283}}
{"target": -17.676629885958235, "params": {"gamma": 993.2156758193931, "log10_alpha": -1.798428425935474, "log10_colsample_bytree": -0.9726573406523084, "log10_eta": -2.9117523378753787, "log10_lambda": 0.6725568003115239, "log10_min_child_weight": 2.117005372658572, "log10_subsample": -0.9512001914685713, "max_depth": 9.0, "num_boost_round": 15.0}, "datetime": {"datetime": "2024-01-19 01:56:05", "elapsed": 6259.163928, "delta": 0.006351}}
{"target": -17.676616452425897, "params": {"gamma": 993.2156758193931, "log10_alpha": -1.798428425935474, "log10_colsample_bytree": -0.9726573406523084, "log10_eta": -2.9117523378753787, "log10_lambda": 0.6725568003115239, "log10_min_child_weight": 2.117005372658572, "log10_subsample": -0.9512001914685713, "max_depth": 9.0, "num_boost_round": 16.0}, "datetime": {"datetime": "2024-01-19 01:56:05", "elapsed": 6259.169874, "delta": 0.005946}}
{"target": -17.676574456648993, "params": {"gamma": 993.2156758193931, "log10_alpha": -1.798428425935474, "log10_colsample_bytree": -0.9726573406523084, "log10_eta": -2.9117523378753787, "log10_lambda": 0.6725568003115239, "log10_min_child_weight": 2.117005372658572, "log10_subsample": -0.9512001914685713, "max_depth": 9.0, "num_boost_round": 17.0}, "datetime": {"datetime": "2024-01-19 01:56:05", "elapsed": 6259.175768, "delta": 0.005894}}
{"target": -17.676549645734013, "params": {"gamma": 993.2156758193931, "log10_alpha": -1.798428425935474, "log10_colsample_bytree": -0.9726573406523084, "log10_eta": -2.9117523378753787, "log10_lambda": 0.6725568003115239, "log10_min_child_weight": 2.117005372658572, "log10_subsample": -0.9512001914685713, "max_depth": 9.0, "num_boost_round": 18.0}, "datetime": {"datetime": "2024-01-19 01:56:05", "elapsed": 6259.181745, "delta": 0.005977}}
{"target": -17.676525577332214, "params": {"gamma": 993.2156758193931, "log10_alpha": -1.798428425935474, "log10_colsample_bytree": -0.9726573406523084, "log10_eta": -2.9117523378753787, "log10_lambda": 0.6725568003115239, "log10_min_child_weight": 2.117005372658572, "log10_subsample": -0.9512001914685713, "max_depth": 9.0, "num_boost_round": 19.0}, "datetime": {"datetime": "2024-01-19 01:56:05", "elapsed": 6259.187895, "delta": 0.00615}}
{"target": -17.676548345743196, "params": {"gamma": 993.2156758193931, "log10_alpha": -1.798428425935474, "log10_colsample_bytree": -0.9726573406523084, "log10_eta": -2.9117523378753787, "log10_lambda": 0.6725568003115239, "log10_min_child_weight": 2.117005372658572, "log10_subsample": -0.9512001914685713, "max_depth": 9.0, "num_boost_round": 20.0}, "datetime": {"datetime": "2024-01-19 01:56:05", "elapsed": 6259.193981, "delta": 0.006086}}
{"target": -17.676560551112363, "params": {"gamma": 993.2156758193931, "log10_alpha": -1.798428425935474, "log10_colsample_bytree": -0.9726573406523084, "log10_eta": -2.9117523378753787, "log10_lambda": 0.6725568003115239, "log10_min_child_weight": 2.117005372658572, "log10_subsample": -0.9512001914685713, "max_depth": 9.0, "num_boost_round": 21.0}, "datetime": {"datetime": "2024-01-19 01:56:05", "elapsed": 6259.200061, "delta": 0.00608}}
{"target": -17.67649131302349, "params": {"gamma": 993.2156758193931, "log10_alpha": -1.798428425935474, "log10_colsample_bytree": -0.9726573406523084, "log10_eta": -2.9117523378753787, "log10_lambda": 0.6725568003115239, "log10_min_child_weight": 2.117005372658572, "log10_subsample": -0.9512001914685713, "max_depth": 9.0, "num_boost_round": 22.0}, "datetime": {"datetime": "2024-01-19 01:56:05", "elapsed": 6259.206309, "delta": 0.006248}}
{"target": -17.676472050568442, "params": {"gamma": 993.2156758193931, "log10_alpha": -1.798428425935474, "log10_colsample_bytree": -0.9726573406523084, "log10_eta": -2.9117523378753787, "log10_lambda": 0.6725568003115239, "log10_min_child_weight": 2.117005372658572, "log10_subsample": -0.9512001914685713, "max_depth": 9.0, "num_boost_round": 23.0}, "datetime": {"datetime": "2024-01-19 01:56:05", "elapsed": 6259.2125, "delta": 0.006191}}
{"target": -17.67649780931739, "params": {"gamma": 993.2156758193931, "log10_alpha": -1.798428425935474, "log10_colsample_bytree": -0.9726573406523084, "log10_eta": -2.9117523378753787, "log10_lambda": 0.6725568003115239, "log10_min_child_weight": 2.117005372658572, "log10_subsample": -0.9512001914685713, "max_depth": 9.0, "num_boost_round": 24.0}, "datetime": {"datetime": "2024-01-19 01:56:05", "elapsed": 6259.219653, "delta": 0.007153}}
{"target": -17.677091935393456, "params": {"gamma": 968.4853617014862, "log10_alpha": -0.38888276792533905, "log10_colsample_bytree": -0.5638630809227926, "log10_eta": -1.3816785418419126, "log10_lambda": -3.1807372041019866, "log10_min_child_weight": 2.334856965596698, "log10_subsample": -0.2589737165200632, "max_depth": 4.0, "num_boost_round": 0.0}, "datetime": {"datetime": "2024-01-19 01:57:24", "elapsed": 6338.643553, "delta": 79.4239}}
{"target": -17.676362619422996, "params": {"gamma": 968.4853617014862, "log10_alpha": -0.38888276792533905, "log10_colsample_bytree": -0.5638630809227926, "log10_eta": -1.3816785418419126, "log10_lambda": -3.1807372041019866, "log10_min_child_weight": 2.334856965596698, "log10_subsample": -0.2589737165200632, "max_depth": 4.0, "num_boost_round": 1.0}, "datetime": {"datetime": "2024-01-19 01:57:24", "elapsed": 6338.651734, "delta": 0.008181}}
{"target": -17.675445696282903, "params": {"gamma": 968.4853617014862, "log10_alpha": -0.38888276792533905, "log10_colsample_bytree": -0.5638630809227926, "log10_eta": -1.3816785418419126, "log10_lambda": -3.1807372041019866, "log10_min_child_weight": 2.334856965596698, "log10_subsample": -0.2589737165200632, "max_depth": 4.0, "num_boost_round": 2.0}, "datetime": {"datetime": "2024-01-19 01:57:24", "elapsed": 6338.658037, "delta": 0.006303}}
{"target": -17.67580401054423, "params": {"gamma": 968.4853617014862, "log10_alpha": -0.38888276792533905, "log10_colsample_bytree": -0.5638630809227926, "log10_eta": -1.3816785418419126, "log10_lambda": -3.1807372041019866, "log10_min_child_weight": 2.334856965596698, "log10_subsample": -0.2589737165200632, "max_depth": 4.0, "num_boost_round": 3.0}, "datetime": {"datetime": "2024-01-19 01:57:24", "elapsed": 6338.664044, "delta": 0.006007}}
{"target": -17.676377515676315, "params": {"gamma": 968.4853617014862, "log10_alpha": -0.38888276792533905, "log10_colsample_bytree": -0.5638630809227926, "log10_eta": -1.3816785418419126, "log10_lambda": -3.1807372041019866, "log10_min_child_weight": 2.334856965596698, "log10_subsample": -0.2589737165200632, "max_depth": 4.0, "num_boost_round": 4.0}, "datetime": {"datetime": "2024-01-19 01:57:24", "elapsed": 6338.670755, "delta": 0.006711}}
{"target": -17.676041675074394, "params": {"gamma": 968.4853617014862, "log10_alpha": -0.38888276792533905, "log10_colsample_bytree": -0.5638630809227926, "log10_eta": -1.3816785418419126, "log10_lambda": -3.1807372041019866, "log10_min_child_weight": 2.334856965596698, "log10_subsample": -0.2589737165200632, "max_depth": 4.0, "num_boost_round": 5.0}, "datetime": {"datetime": "2024-01-19 01:57:24", "elapsed": 6338.677016, "delta": 0.006261}}
{"target": -17.676845198334927, "params": {"gamma": 968.4853617014862, "log10_alpha": -0.38888276792533905, "log10_colsample_bytree": -0.5638630809227926, "log10_eta": -1.3816785418419126, "log10_lambda": -3.1807372041019866, "log10_min_child_weight": 2.334856965596698, "log10_subsample": -0.2589737165200632, "max_depth": 4.0, "num_boost_round": 6.0}, "datetime": {"datetime": "2024-01-19 01:57:24", "elapsed": 6338.683026, "delta": 0.00601}}
{"target": -17.676114377214486, "params": {"gamma": 968.4853617014862, "log10_alpha": -0.38888276792533905, "log10_colsample_bytree": -0.5638630809227926, "log10_eta": -1.3816785418419126, "log10_lambda": -3.1807372041019866, "log10_min_child_weight": 2.334856965596698, "log10_subsample": -0.2589737165200632, "max_depth": 4.0, "num_boost_round": 7.0}, "datetime": {"datetime": "2024-01-19 01:57:24", "elapsed": 6338.688976, "delta": 0.00595}}
{"target": -17.676633104106816, "params": {"gamma": 968.4853617014862, "log10_alpha": -0.38888276792533905, "log10_colsample_bytree": -0.5638630809227926, "log10_eta": -1.3816785418419126, "log10_lambda": -3.1807372041019866, "log10_min_child_weight": 2.334856965596698, "log10_subsample": -0.2589737165200632, "max_depth": 4.0, "num_boost_round": 8.0}, "datetime": {"datetime": "2024-01-19 01:57:24", "elapsed": 6338.695018, "delta": 0.006042}}
{"target": -17.676341670749075, "params": {"gamma": 968.4853617014862, "log10_alpha": -0.38888276792533905, "log10_colsample_bytree": -0.5638630809227926, "log10_eta": -1.3816785418419126, "log10_lambda": -3.1807372041019866, "log10_min_child_weight": 2.334856965596698, "log10_subsample": -0.2589737165200632, "max_depth": 4.0, "num_boost_round": 9.0}, "datetime": {"datetime": "2024-01-19 01:57:24", "elapsed": 6338.700716, "delta": 0.005698}}
{"target": -17.67722974174871, "params": {"gamma": 972.231494305919, "log10_alpha": -2.5160349966797266, "log10_colsample_bytree": -0.6856357051926245, "log10_eta": -3.382041484907541, "log10_lambda": -4.851400710260259, "log10_min_child_weight": 4.926439602941375, "log10_subsample": -0.16204817660241455, "max_depth": 4.0, "num_boost_round": 0.0}, "datetime": {"datetime": "2024-01-19 02:00:15", "elapsed": 6509.649568, "delta": 170.948852}}
{"target": -17.677225010181928, "params": {"gamma": 972.231494305919, "log10_alpha": -2.5160349966797266, "log10_colsample_bytree": -0.6856357051926245, "log10_eta": -3.382041484907541, "log10_lambda": -4.851400710260259, "log10_min_child_weight": 4.926439602941375, "log10_subsample": -0.16204817660241455, "max_depth": 4.0, "num_boost_round": 1.0}, "datetime": {"datetime": "2024-01-19 02:00:15", "elapsed": 6509.760825, "delta": 0.111257}}
{"target": -17.677224431590364, "params": {"gamma": 972.231494305919, "log10_alpha": -2.5160349966797266, "log10_colsample_bytree": -0.6856357051926245, "log10_eta": -3.382041484907541, "log10_lambda": -4.851400710260259, "log10_min_child_weight": 4.926439602941375, "log10_subsample": -0.16204817660241455, "max_depth": 4.0, "num_boost_round": 2.0}, "datetime": {"datetime": "2024-01-19 02:00:15", "elapsed": 6509.767853, "delta": 0.007028}}
{"target": -17.677220452575803, "params": {"gamma": 972.231494305919, "log10_alpha": -2.5160349966797266, "log10_colsample_bytree": -0.6856357051926245, "log10_eta": -3.382041484907541, "log10_lambda": -4.851400710260259, "log10_min_child_weight": 4.926439602941375, "log10_subsample": -0.16204817660241455, "max_depth": 4.0, "num_boost_round": 3.0}, "datetime": {"datetime": "2024-01-19 02:00:15", "elapsed": 6509.774074, "delta": 0.006221}}
