{"target": -13.75853816354044, "params": {"gamma": 889.1309317229045, "log10_alpha": -4.742066088035983, "log10_colsample_bytree": -0.8912093206611246, "log10_eta": -3.8869401381271538, "log10_lambda": -2.9747308745590493, "log10_min_child_weight": 4.459908449997956, "log10_subsample": -0.39160898741585115, "max_depth": 2.0, "num_boost_round": 10.0}, "datetime": {"datetime": "2024-01-19 01:14:40", "elapsed": 3800.200383, "delta": 0.003549}}
{"target": -13.75853775196282, "params": {"gamma": 889.1309317229045, "log10_alpha": -4.742066088035983, "log10_colsample_bytree": -0.8912093206611246, "log10_eta": -3.8869401381271538, "log10_lambda": -2.9747308745590493, "log10_min_child_weight": 4.459908449997956, "log10_subsample": -0.39160898741585115, "max_depth": 2.0, "num_boost_round": 11.0}, "datetime": {"datetime": "2024-01-19 01:14:40", "elapsed": 3800.203828, "delta": 0.003445}}
{"target": -13.758538557432447, "params": {"gamma": 889.1309317229045, "log10_alpha": -4.742066088035983, "log10_colsample_bytree": -0.8912093206611246, "log10_eta": -3.8869401381271538, "log10_lambda": -2.9747308745590493, "log10_min_child_weight": 4.459908449997956, "log10_subsample": -0.39160898741585115, "max_depth": 2.0, "num_boost_round": 12.0}, "datetime": {"datetime": "2024-01-19 01:14:40", "elapsed": 3800.207207, "delta": 0.003379}}
{"target": -13.758537823746824, "params": {"gamma": 889.1309317229045, "log10_alpha": -4.742066088035983, "log10_colsample_bytree": -0.8912093206611246, "log10_eta": -3.8869401381271538, "log10_lambda": -2.9747308745590493, "log10_min_child_weight": 4.459908449997956, "log10_subsample": -0.39160898741585115, "max_depth": 2.0, "num_boost_round": 13.0}, "datetime": {"datetime": "2024-01-19 01:14:40", "elapsed": 3800.210568, "delta": 0.003361}}
{"target": -13.758537838478158, "params": {"gamma": 889.1309317229045, "log10_alpha": -4.742066088035983, "log10_colsample_bytree": -0.8912093206611246, "log10_eta": -3.8869401381271538, "log10_lambda": -2.9747308745590493, "log10_min_child_weight": 4.459908449997956, "log10_subsample": -0.39160898741585115, "max_depth": 2.0, "num_boost_round": 14.0}, "datetime": {"datetime": "2024-01-19 01:14:40", "elapsed": 3800.214137, "delta": 0.003569}}
{"target": -13.758536677885758, "params": {"gamma": 889.1309317229045, "log10_alpha": -4.742066088035983, "log10_colsample_bytree": -0.8912093206611246, "log10_eta": -3.8869401381271538, "log10_lambda": -2.9747308745590493, "log10_min_child_weight": 4.459908449997956, "log10_subsample": -0.39160898741585115, "max_depth": 2.0, "num_boost_round": 15.0}, "datetime": {"datetime": "2024-01-19 01:14:40", "elapsed": 3800.217561, "delta": 0.003424}}
{"target": -13.758522726605612, "params": {"gamma": 847.982011660665, "log10_alpha": -2.416878211069563, "log10_colsample_bytree": -0.6539891315959638, "log10_eta": -3.5193890569020625, "log10_lambda": 0.5254595105158062, "log10_min_child_weight": 1.73601166522924, "log10_subsample": -0.5653784848831386, "max_depth": 8.0, "num_boost_round": 0.0}, "datetime": {"datetime": "2024-01-19 01:15:15", "elapsed": 3835.674374, "delta": 35.456813}}
{"target": -13.758513126548882, "params": {"gamma": 847.982011660665, "log10_alpha": -2.416878211069563, "log10_colsample_bytree": -0.6539891315959638, "log10_eta": -3.5193890569020625, "log10_lambda": 0.5254595105158062, "log10_min_child_weight": 1.73601166522924, "log10_subsample": -0.5653784848831386, "max_depth": 8.0, "num_boost_round": 1.0}, "datetime": {"datetime": "2024-01-19 01:15:15", "elapsed": 3835.678714, "delta": 0.00434}}
{"target": -13.758497823946529, "params": {"gamma": 847.982011660665, "log10_alpha": -2.416878211069563, "log10_colsample_bytree": -0.6539891315959638, "log10_eta": -3.5193890569020625, "log10_lambda": 0.5254595105158062, "log10_min_child_weight": 1.73601166522924, "log10_subsample": -0.5653784848831386, "max_depth": 8.0, "num_boost_round": 2.0}, "datetime": {"datetime": "2024-01-19 01:15:15", "elapsed": 3835.682542, "delta": 0.003828}}
{"target": -13.758476422580818, "params": {"gamma": 847.982011660665, "log10_alpha": -2.416878211069563, "log10_colsample_bytree": -0.6539891315959638, "log10_eta": -3.5193890569020625, "log10_lambda": 0.5254595105158062, "log10_min_child_weight": 1.73601166522924, "log10_subsample": -0.5653784848831386, "max_depth": 8.0, "num_boost_round": 3.0}, "datetime": {"datetime": "2024-01-19 01:15:15", "elapsed": 3835.685975, "delta": 0.003433}}
{"target": -13.75845910620394, "params": {"gamma": 847.982011660665, "log10_alpha": -2.416878211069563, "log10_colsample_bytree": -0.6539891315959638, "log10_eta": -3.5193890569020625, "log10_lambda": 0.5254595105158062, "log10_min_child_weight": 1.73601166522924, "log10_subsample": -0.5653784848831386, "max_depth": 8.0, "num_boost_round": 4.0}, "datetime": {"datetime": "2024-01-19 01:15:15", "elapsed": 3835.689408, "delta": 0.003433}}
{"target": -13.758447398159518, "params": {"gamma": 847.982011660665, "log10_alpha": -2.416878211069563, "log10_colsample_bytree": -0.6539891315959638, "log10_eta": -3.5193890569020625, "log10_lambda": 0.5254595105158062, "log10_min_child_weight": 1.73601166522924, "log10_subsample": -0.5653784848831386, "max_depth": 8.0, "num_boost_round": 5.0}, "datetime": {"datetime": "2024-01-19 01:15:15", "elapsed": 3835.692944, "delta": 0.003536}}
{"target": -13.758450257565158, "params": {"gamma": 847.982011660665, "log10_alpha": -2.416878211069563, "log10_colsample_bytree": -0.6539891315959638, "log10_eta": -3.5193890569020625, "log10_lambda": 0.5254595105158062, "log10_min_child_weight": 1.73601166522924, "log10_subsample": -0.5653784848831386, "max_depth": 8.0, "num_boost_round": 6.0}, "datetime": {"datetime": "2024-01-19 01:15:15", "elapsed": 3835.696449, "delta": 0.003505}}
{"target": -13.758437772571957, "params": {"gamma": 847.982011660665, "log10_alpha": -2.416878211069563, "log10_colsample_bytree": -0.6539891315959638, "log10_eta": -3.5193890569020625, "log10_lambda": 0.5254595105158062, "log10_min_child_weight": 1.73601166522924, "log10_subsample": -0.5653784848831386, "max_depth": 8.0, "num_boost_round": 7.0}, "datetime": {"datetime": "2024-01-19 01:15:15", "elapsed": 3835.808254, "delta": 0.111805}}
{"target": -13.758424187844556, "params": {"gamma": 847.982011660665, "log10_alpha": -2.416878211069563, "log10_colsample_bytree": -0.6539891315959638, "log10_eta": -3.5193890569020625, "log10_lambda": 0.5254595105158062, "log10_min_child_weight": 1.73601166522924, "log10_subsample": -0.5653784848831386, "max_depth": 8.0, "num_boost_round": 8.0}, "datetime": {"datetime": "2024-01-19 01:15:15", "elapsed": 3835.812488, "delta": 0.004234}}
{"target": -13.75842915713862, "params": {"gamma": 847.982011660665, "log10_alpha": -2.416878211069563, "log10_colsample_bytree": -0.6539891315959638, "log10_eta": -3.5193890569020625, "log10_lambda": 0.5254595105158062, "log10_min_child_weight": 1.73601166522924, "log10_subsample": -0.5653784848831386, "max_depth": 8.0, "num_boost_round": 9.0}, "datetime": {"datetime": "2024-01-19 01:15:15", "elapsed": 3835.816123, "delta": 0.003635}}
{"target": -13.758417716999785, "params": {"gamma": 847.982011660665, "log10_alpha": -2.416878211069563, "log10_colsample_bytree": -0.6539891315959638, "log10_eta": -3.5193890569020625, "log10_lambda": 0.5254595105158062, "log10_min_child_weight": 1.73601166522924, "log10_subsample": -0.5653784848831386, "max_depth": 8.0, "num_boost_round": 10.0}, "datetime": {"datetime": "2024-01-19 01:15:15", "elapsed": 3835.820281, "delta": 0.004158}}
{"target": -13.758411434743358, "params": {"gamma": 847.982011660665, "log10_alpha": -2.416878211069563, "log10_colsample_bytree": -0.6539891315959638, "log10_eta": -3.5193890569020625, "log10_lambda": 0.5254595105158062, "log10_min_child_weight": 1.73601166522924, "log10_subsample": -0.5653784848831386, "max_depth": 8.0, "num_boost_round": 11.0}, "datetime": {"datetime": "2024-01-19 01:15:15", "elapsed": 3835.82395, "delta": 0.003669}}
{"target": -13.758405202914261, "params": {"gamma": 847.982011660665, "log10_alpha": -2.416878211069563, "log10_colsample_bytree": -0.6539891315959638, "log10_eta": -3.5193890569020625, "log10_lambda": 0.5254595105158062, "log10_min_child_weight": 1.73601166522924, "log10_subsample": -0.5653784848831386, "max_depth": 8.0, "num_boost_round": 12.0}, "datetime": {"datetime": "2024-01-19 01:15:15", "elapsed": 3835.827938, "delta": 0.003988}}
{"target": -13.758393745565074, "params": {"gamma": 847.982011660665, "log10_alpha": -2.416878211069563, "log10_colsample_bytree": -0.6539891315959638, "log10_eta": -3.5193890569020625, "log10_lambda": 0.5254595105158062, "log10_min_child_weight": 1.73601166522924, "log10_subsample": -0.5653784848831386, "max_depth": 8.0, "num_boost_round": 13.0}, "datetime": {"datetime": "2024-01-19 01:15:15", "elapsed": 3835.831999, "delta": 0.004061}}
{"target": -13.758392960251172, "params": {"gamma": 847.982011660665, "log10_alpha": -2.416878211069563, "log10_colsample_bytree": -0.6539891315959638, "log10_eta": -3.5193890569020625, "log10_lambda": 0.5254595105158062, "log10_min_child_weight": 1.73601166522924, "log10_subsample": -0.5653784848831386, "max_depth": 8.0, "num_boost_round": 14.0}, "datetime": {"datetime": "2024-01-19 01:15:15", "elapsed": 3835.836245, "delta": 0.004246}}
{"target": -13.758381841377199, "params": {"gamma": 847.982011660665, "log10_alpha": -2.416878211069563, "log10_colsample_bytree": -0.6539891315959638, "log10_eta": -3.5193890569020625, "log10_lambda": 0.5254595105158062, "log10_min_child_weight": 1.73601166522924, "log10_subsample": -0.5653784848831386, "max_depth": 8.0, "num_boost_round": 15.0}, "datetime": {"datetime": "2024-01-19 01:15:15", "elapsed": 3835.839926, "delta": 0.003681}}
{"target": -13.758376631001434, "params": {"gamma": 847.982011660665, "log10_alpha": -2.416878211069563, "log10_colsample_bytree": -0.6539891315959638, "log10_eta": -3.5193890569020625, "log10_lambda": 0.5254595105158062, "log10_min_child_weight": 1.73601166522924, "log10_subsample": -0.5653784848831386, "max_depth": 8.0, "num_boost_round": 16.0}, "datetime": {"datetime": "2024-01-19 01:15:15", "elapsed": 3835.843527, "delta": 0.003601}}
{"target": -13.75837281167678, "params": {"gamma": 847.982011660665, "log10_alpha": -2.416878211069563, "log10_colsample_bytree": -0.6539891315959638, "log10_eta": -3.5193890569020625, "log10_lambda": 0.5254595105158062, "log10_min_child_weight": 1.73601166522924, "log10_subsample": -0.5653784848831386, "max_depth": 8.0, "num_boost_round": 17.0}, "datetime": {"datetime": "2024-01-19 01:15:15", "elapsed": 3835.847046, "delta": 0.003519}}
{"target": -13.758365547136163, "params": {"gamma": 847.982011660665, "log10_alpha": -2.416878211069563, "log10_colsample_bytree": -0.6539891315959638, "log10_eta": -3.5193890569020625, "log10_lambda": 0.5254595105158062, "log10_min_child_weight": 1.73601166522924, "log10_subsample": -0.5653784848831386, "max_depth": 8.0, "num_boost_round": 18.0}, "datetime": {"datetime": "2024-01-19 01:15:15", "elapsed": 3835.850538, "delta": 0.003492}}
{"target": -13.758357519066989, "params": {"gamma": 847.982011660665, "log10_alpha": -2.416878211069563, "log10_colsample_bytree": -0.6539891315959638, "log10_eta": -3.5193890569020625, "log10_lambda": 0.5254595105158062, "log10_min_child_weight": 1.73601166522924, "log10_subsample": -0.5653784848831386, "max_depth": 8.0, "num_boost_round": 19.0}, "datetime": {"datetime": "2024-01-19 01:15:15", "elapsed": 3835.854042, "delta": 0.003504}}
{"target": -13.758519958788694, "params": {"gamma": 888.9086896970525, "log10_alpha": -0.08297921230807326, "log10_colsample_bytree": -0.2235322782238922, "log10_eta": -2.7464364428365724, "log10_lambda": -1.7176443825021166, "log10_min_child_weight": 2.8062012614092446, "log10_subsample": -0.9421514783370448, "max_depth": 5.0, "num_boost_round": 0.0}, "datetime": {"datetime": "2024-01-19 01:15:57", "elapsed": 3877.093903, "delta": 41.239861}}
{"target": -13.75844926329268, "params": {"gamma": 888.9086896970525, "log10_alpha": -0.08297921230807326, "log10_colsample_bytree": -0.2235322782238922, "log10_eta": -2.7464364428365724, "log10_lambda": -1.7176443825021166, "log10_min_child_weight": 2.8062012614092446, "log10_subsample": -0.9421514783370448, "max_depth": 5.0, "num_boost_round": 1.0}, "datetime": {"datetime": "2024-01-19 01:15:57", "elapsed": 3877.098145, "delta": 0.004242}}
{"target": -13.758381147921535, "params": {"gamma": 888.9086896970525, "log10_alpha": -0.08297921230807326, "log10_colsample_bytree": -0.2235322782238922, "log10_eta": -2.7464364428365724, "log10_lambda": -1.7176443825021166, "log10_min_child_weight": 2.8062012614092446, "log10_subsample": -0.9421514783370448, "max_depth": 5.0, "num_boost_round": 2.0}, "datetime": {"datetime": "2024-01-19 01:15:57", "elapsed": 3877.101851, "delta": 0.003706}}
{"target": -13.758382019192513, "params": {"gamma": 888.9086896970525, "log10_alpha": -0.08297921230807326, "log10_colsample_bytree": -0.2235322782238922, "log10_eta": -2.7464364428365724, "log10_lambda": -1.7176443825021166, "log10_min_child_weight": 2.8062012614092446, "log10_subsample": -0.9421514783370448, "max_depth": 5.0, "num_boost_round": 3.0}, "datetime": {"datetime": "2024-01-19 01:15:57", "elapsed": 3877.105363, "delta": 0.003512}}
{"target": -13.75832998022369, "params": {"gamma": 888.9086896970525, "log10_alpha": -0.08297921230807326, "log10_colsample_bytree": -0.2235322782238922, "log10_eta": -2.7464364428365724, "log10_lambda": -1.7176443825021166, "log10_min_child_weight": 2.8062012614092446, "log10_subsample": -0.9421514783370448, "max_depth": 5.0, "num_boost_round": 4.0}, "datetime": {"datetime": "2024-01-19 01:15:57", "elapsed": 3877.109022, "delta": 0.003659}}
{"target": -13.758284276455777, "params": {"gamma": 888.9086896970525, "log10_alpha": -0.08297921230807326, "log10_colsample_bytree": -0.2235322782238922, "log10_eta": -2.7464364428365724, "log10_lambda": -1.7176443825021166, "log10_min_child_weight": 2.8062012614092446, "log10_subsample": -0.9421514783370448, "max_depth": 5.0, "num_boost_round": 5.0}, "datetime": {"datetime": "2024-01-19 01:15:57", "elapsed": 3877.112616, "delta": 0.003594}}
{"target": -13.758267508732265, "params": {"gamma": 888.9086896970525, "log10_alpha": -0.08297921230807326, "log10_colsample_bytree": -0.2235322782238922, "log10_eta": -2.7464364428365724, "log10_lambda": -1.7176443825021166, "log10_min_child_weight": 2.8062012614092446, "log10_subsample": -0.9421514783370448, "max_depth": 5.0, "num_boost_round": 6.0}, "datetime": {"datetime": "2024-01-19 01:15:57", "elapsed": 3877.116234, "delta": 0.003618}}
{"target": -13.758245722436806, "params": {"gamma": 888.9086896970525, "log10_alpha": -0.08297921230807326, "log10_colsample_bytree": -0.2235322782238922, "log10_eta": -2.7464364428365724, "log10_lambda": -1.7176443825021166, "log10_min_child_weight": 2.8062012614092446, "log10_subsample": -0.9421514783370448, "max_depth": 5.0, "num_boost_round": 7.0}, "datetime": {"datetime": "2024-01-19 01:15:57", "elapsed": 3877.119842, "delta": 0.003608}}
{"target": -13.75820586704996, "params": {"gamma": 888.9086896970525, "log10_alpha": -0.08297921230807326, "log10_colsample_bytree": -0.2235322782238922, "log10_eta": -2.7464364428365724, "log10_lambda": -1.7176443825021166, "log10_min_child_weight": 2.8062012614092446, "log10_subsample": -0.9421514783370448, "max_depth": 5.0, "num_boost_round": 8.0}, "datetime": {"datetime": "2024-01-19 01:15:57", "elapsed": 3877.123478, "delta": 0.003636}}
{"target": -13.758151239773191, "params": {"gamma": 888.9086896970525, "log10_alpha": -0.08297921230807326, "log10_colsample_bytree": -0.2235322782238922, "log10_eta": -2.7464364428365724, "log10_lambda": -1.7176443825021166, "log10_min_child_weight": 2.8062012614092446, "log10_subsample": -0.9421514783370448, "max_depth": 5.0, "num_boost_round": 9.0}, "datetime": {"datetime": "2024-01-19 01:15:57", "elapsed": 3877.127162, "delta": 0.003684}}
{"target": -13.758112953775063, "params": {"gamma": 888.9086896970525, "log10_alpha": -0.08297921230807326, "log10_colsample_bytree": -0.2235322782238922, "log10_eta": -2.7464364428365724, "log10_lambda": -1.7176443825021166, "log10_min_child_weight": 2.8062012614092446, "log10_subsample": -0.9421514783370448, "max_depth": 5.0, "num_boost_round": 10.0}, "datetime": {"datetime": "2024-01-19 01:15:57", "elapsed": 3877.130674, "delta": 0.003512}}
{"target": -13.758072170403977, "params": {"gamma": 888.9086896970525, "log10_alpha": -0.08297921230807326, "log10_colsample_bytree": -0.2235322782238922, "log10_eta": -2.7464364428365724, "log10_lambda": -1.7176443825021166, "log10_min_child_weight": 2.8062012614092446, "log10_subsample": -0.9421514783370448, "max_depth": 5.0, "num_boost_round": 11.0}, "datetime": {"datetime": "2024-01-19 01:15:57", "elapsed": 3877.134326, "delta": 0.003652}}
{"target": -13.758022293175495, "params": {"gamma": 888.9086896970525, "log10_alpha": -0.08297921230807326, "log10_colsample_bytree": -0.2235322782238922, "log10_eta": -2.7464364428365724, "log10_lambda": -1.7176443825021166, "log10_min_child_weight": 2.8062012614092446, "log10_subsample": -0.9421514783370448, "max_depth": 5.0, "num_boost_round": 12.0}, "datetime": {"datetime": "2024-01-19 01:15:57", "elapsed": 3877.137858, "delta": 0.003532}}
{"target": -13.758009700807728, "params": {"gamma": 888.9086896970525, "log10_alpha": -0.08297921230807326, "log10_colsample_bytree": -0.2235322782238922, "log10_eta": -2.7464364428365724, "log10_lambda": -1.7176443825021166, "log10_min_child_weight": 2.8062012614092446, "log10_subsample": -0.9421514783370448, "max_depth": 5.0, "num_boost_round": 13.0}, "datetime": {"datetime": "2024-01-19 01:15:57", "elapsed": 3877.141409, "delta": 0.003551}}
{"target": -13.757957115202396, "params": {"gamma": 888.9086896970525, "log10_alpha": -0.08297921230807326, "log10_colsample_bytree": -0.2235322782238922, "log10_eta": -2.7464364428365724, "log10_lambda": -1.7176443825021166, "log10_min_child_weight": 2.8062012614092446, "log10_subsample": -0.9421514783370448, "max_depth": 5.0, "num_boost_round": 14.0}, "datetime": {"datetime": "2024-01-19 01:15:57", "elapsed": 3877.144918, "delta": 0.003509}}
{"target": -13.758530882728401, "params": {"gamma": 836.4544990590219, "log10_alpha": -4.5895738316817845, "log10_colsample_bytree": -0.7895916440061584, "log10_eta": -3.752149065887006, "log10_lambda": -4.566171941494085, "log10_min_child_weight": 2.6604598448373378, "log10_subsample": -0.6806248516524588, "max_depth": 8.0, "num_boost_round": 0.0}, "datetime": {"datetime": "2024-01-19 01:16:31", "elapsed": 3911.116138, "delta": 33.97122}}
{"target": -13.758528875481032, "params": {"gamma": 836.4544990590219, "log10_alpha": -4.5895738316817845, "log10_colsample_bytree": -0.7895916440061584, "log10_eta": -3.752149065887006, "log10_lambda": -4.566171941494085, "log10_min_child_weight": 2.6604598448373378, "log10_subsample": -0.6806248516524588, "max_depth": 8.0, "num_boost_round": 1.0}, "datetime": {"datetime": "2024-01-19 01:16:31", "elapsed": 3911.120776, "delta": 0.004638}}
{"target": -13.75852335595757, "params": {"gamma": 836.4544990590219, "log10_alpha": -4.5895738316817845, "log10_colsample_bytree": -0.7895916440061584, "log10_eta": -3.752149065887006, "log10_lambda": -4.566171941494085, "log10_min_child_weight": 2.6604598448373378, "log10_subsample": -0.6806248516524588, "max_depth": 8.0, "num_boost_round": 2.0}, "datetime": {"datetime": "2024-01-19 01:16:31", "elapsed": 3911.124427, "delta": 0.003651}}
{"target": -13.758523730072087, "params": {"gamma": 836.4544990590219, "log10_alpha": -4.5895738316817845, "log10_colsample_bytree": -0.7895916440061584, "log10_eta": -3.752149065887006, "log10_lambda": -4.566171941494085, "log10_min_child_weight": 2.6604598448373378, "log10_subsample": -0.6806248516524588, "max_depth": 8.0, "num_boost_round": 3.0}, "datetime": {"datetime": "2024-01-19 01:16:31", "elapsed": 3911.127918, "delta": 0.003491}}
{"target": -13.758514468901485, "params": {"gamma": 836.4544990590219, "log10_alpha": -4.5895738316817845, "log10_colsample_bytree": -0.7895916440061584, "log10_eta": -3.752149065887006, "log10_lambda": -4.566171941494085, "log10_min_child_weight": 2.6604598448373378, "log10_subsample": -0.6806248516524588, "max_depth": 8.0, "num_boost_round": 4.0}, "datetime": {"datetime": "2024-01-19 01:16:31", "elapsed": 3911.131367, "delta": 0.003449}}
{"target": -13.75851079791374, "params": {"gamma": 836.4544990590219, "log10_alpha": -4.5895738316817845, "log10_colsample_bytree": -0.7895916440061584, "log10_eta": -3.752149065887006, "log10_lambda": -4.566171941494085, "log10_min_child_weight": 2.6604598448373378, "log10_subsample": -0.6806248516524588, "max_depth": 8.0, "num_boost_round": 5.0}, "datetime": {"datetime": "2024-01-19 01:16:31", "elapsed": 3911.134987, "delta": 0.00362}}
{"target": -13.758508086558438, "params": {"gamma": 836.4544990590219, "log10_alpha": -4.5895738316817845, "log10_colsample_bytree": -0.7895916440061584, "log10_eta": -3.752149065887006, "log10_lambda": -4.566171941494085, "log10_min_child_weight": 2.6604598448373378, "log10_subsample": -0.6806248516524588, "max_depth": 8.0, "num_boost_round": 6.0}, "datetime": {"datetime": "2024-01-19 01:16:31", "elapsed": 3911.138528, "delta": 0.003541}}
{"target": -13.75849697071194, "params": {"gamma": 836.4544990590219, "log10_alpha": -4.5895738316817845, "log10_colsample_bytree": -0.7895916440061584, "log10_eta": -3.752149065887006, "log10_lambda": -4.566171941494085, "log10_min_child_weight": 2.6604598448373378, "log10_subsample": -0.6806248516524588, "max_depth": 8.0, "num_boost_round": 7.0}, "datetime": {"datetime": "2024-01-19 01:16:31", "elapsed": 3911.142221, "delta": 0.003693}}
