{"target": -13.758489565386538, "params": {"gamma": 712.4751277720837, "log10_alpha": -2.9089904736624375, "log10_colsample_bytree": -0.19713516257165242, "log10_eta": -3.973399529593051, "log10_lambda": 0.16132258016077206, "log10_min_child_weight": 2.1790830674046315, "log10_subsample": -0.6529158330832904, "max_depth": 5.0, "num_boost_round": 34.0}, "datetime": {"datetime": "2024-01-19 01:14:39", "elapsed": 3778.494615, "delta": 0.0042}}
{"target": -13.758489370403932, "params": {"gamma": 712.4751277720837, "log10_alpha": -2.9089904736624375, "log10_colsample_bytree": -0.19713516257165242, "log10_eta": -3.973399529593051, "log10_lambda": 0.16132258016077206, "log10_min_child_weight": 2.1790830674046315, "log10_subsample": -0.6529158330832904, "max_depth": 5.0, "num_boost_round": 35.0}, "datetime": {"datetime": "2024-01-19 01:14:39", "elapsed": 3778.498689, "delta": 0.004074}}
{"target": -13.758490341750376, "params": {"gamma": 712.4751277720837, "log10_alpha": -2.9089904736624375, "log10_colsample_bytree": -0.19713516257165242, "log10_eta": -3.973399529593051, "log10_lambda": 0.16132258016077206, "log10_min_child_weight": 2.1790830674046315, "log10_subsample": -0.6529158330832904, "max_depth": 5.0, "num_boost_round": 36.0}, "datetime": {"datetime": "2024-01-19 01:14:39", "elapsed": 3778.502858, "delta": 0.004169}}
{"target": -13.758492166792614, "params": {"gamma": 712.4751277720837, "log10_alpha": -2.9089904736624375, "log10_colsample_bytree": -0.19713516257165242, "log10_eta": -3.973399529593051, "log10_lambda": 0.16132258016077206, "log10_min_child_weight": 2.1790830674046315, "log10_subsample": -0.6529158330832904, "max_depth": 5.0, "num_boost_round": 37.0}, "datetime": {"datetime": "2024-01-19 01:14:39", "elapsed": 3778.506887, "delta": 0.004029}}
{"target": -13.758489542178623, "params": {"gamma": 712.4751277720837, "log10_alpha": -2.9089904736624375, "log10_colsample_bytree": -0.19713516257165242, "log10_eta": -3.973399529593051, "log10_lambda": 0.16132258016077206, "log10_min_child_weight": 2.1790830674046315, "log10_subsample": -0.6529158330832904, "max_depth": 5.0, "num_boost_round": 38.0}, "datetime": {"datetime": "2024-01-19 01:14:39", "elapsed": 3778.510905, "delta": 0.004018}}
{"target": -13.758488451347576, "params": {"gamma": 712.4751277720837, "log10_alpha": -2.9089904736624375, "log10_colsample_bytree": -0.19713516257165242, "log10_eta": -3.973399529593051, "log10_lambda": 0.16132258016077206, "log10_min_child_weight": 2.1790830674046315, "log10_subsample": -0.6529158330832904, "max_depth": 5.0, "num_boost_round": 39.0}, "datetime": {"datetime": "2024-01-19 01:14:39", "elapsed": 3778.51513, "delta": 0.004225}}
{"target": -13.758484421336885, "params": {"gamma": 712.4751277720837, "log10_alpha": -2.9089904736624375, "log10_colsample_bytree": -0.19713516257165242, "log10_eta": -3.973399529593051, "log10_lambda": 0.16132258016077206, "log10_min_child_weight": 2.1790830674046315, "log10_subsample": -0.6529158330832904, "max_depth": 5.0, "num_boost_round": 40.0}, "datetime": {"datetime": "2024-01-19 01:14:39", "elapsed": 3778.519284, "delta": 0.004154}}
{"target": -13.758481141770881, "params": {"gamma": 712.4751277720837, "log10_alpha": -2.9089904736624375, "log10_colsample_bytree": -0.19713516257165242, "log10_eta": -3.973399529593051, "log10_lambda": 0.16132258016077206, "log10_min_child_weight": 2.1790830674046315, "log10_subsample": -0.6529158330832904, "max_depth": 5.0, "num_boost_round": 41.0}, "datetime": {"datetime": "2024-01-19 01:14:39", "elapsed": 3778.523436, "delta": 0.004152}}
{"target": -13.7584770046264, "params": {"gamma": 712.4751277720837, "log10_alpha": -2.9089904736624375, "log10_colsample_bytree": -0.19713516257165242, "log10_eta": -3.973399529593051, "log10_lambda": 0.16132258016077206, "log10_min_child_weight": 2.1790830674046315, "log10_subsample": -0.6529158330832904, "max_depth": 5.0, "num_boost_round": 42.0}, "datetime": {"datetime": "2024-01-19 01:14:39", "elapsed": 3778.527842, "delta": 0.004406}}
{"target": -13.758475725663118, "params": {"gamma": 712.4751277720837, "log10_alpha": -2.9089904736624375, "log10_colsample_bytree": -0.19713516257165242, "log10_eta": -3.973399529593051, "log10_lambda": 0.16132258016077206, "log10_min_child_weight": 2.1790830674046315, "log10_subsample": -0.6529158330832904, "max_depth": 5.0, "num_boost_round": 43.0}, "datetime": {"datetime": "2024-01-19 01:14:39", "elapsed": 3778.532037, "delta": 0.004195}}
{"target": -13.758472419576238, "params": {"gamma": 712.4751277720837, "log10_alpha": -2.9089904736624375, "log10_colsample_bytree": -0.19713516257165242, "log10_eta": -3.973399529593051, "log10_lambda": 0.16132258016077206, "log10_min_child_weight": 2.1790830674046315, "log10_subsample": -0.6529158330832904, "max_depth": 5.0, "num_boost_round": 44.0}, "datetime": {"datetime": "2024-01-19 01:14:39", "elapsed": 3778.53619, "delta": 0.004153}}
{"target": -13.758469508569897, "params": {"gamma": 712.4751277720837, "log10_alpha": -2.9089904736624375, "log10_colsample_bytree": -0.19713516257165242, "log10_eta": -3.973399529593051, "log10_lambda": 0.16132258016077206, "log10_min_child_weight": 2.1790830674046315, "log10_subsample": -0.6529158330832904, "max_depth": 5.0, "num_boost_round": 45.0}, "datetime": {"datetime": "2024-01-19 01:14:39", "elapsed": 3778.540419, "delta": 0.004229}}
{"target": -13.758469472509194, "params": {"gamma": 712.4751277720837, "log10_alpha": -2.9089904736624375, "log10_colsample_bytree": -0.19713516257165242, "log10_eta": -3.973399529593051, "log10_lambda": 0.16132258016077206, "log10_min_child_weight": 2.1790830674046315, "log10_subsample": -0.6529158330832904, "max_depth": 5.0, "num_boost_round": 46.0}, "datetime": {"datetime": "2024-01-19 01:14:39", "elapsed": 3778.544548, "delta": 0.004129}}
{"target": -13.758464057591675, "params": {"gamma": 712.4751277720837, "log10_alpha": -2.9089904736624375, "log10_colsample_bytree": -0.19713516257165242, "log10_eta": -3.973399529593051, "log10_lambda": 0.16132258016077206, "log10_min_child_weight": 2.1790830674046315, "log10_subsample": -0.6529158330832904, "max_depth": 5.0, "num_boost_round": 47.0}, "datetime": {"datetime": "2024-01-19 01:14:39", "elapsed": 3778.548639, "delta": 0.004091}}
{"target": -13.758464616311656, "params": {"gamma": 712.4751277720837, "log10_alpha": -2.9089904736624375, "log10_colsample_bytree": -0.19713516257165242, "log10_eta": -3.973399529593051, "log10_lambda": 0.16132258016077206, "log10_min_child_weight": 2.1790830674046315, "log10_subsample": -0.6529158330832904, "max_depth": 5.0, "num_boost_round": 48.0}, "datetime": {"datetime": "2024-01-19 01:14:39", "elapsed": 3778.55287, "delta": 0.004231}}
{"target": -13.758463199602279, "params": {"gamma": 712.4751277720837, "log10_alpha": -2.9089904736624375, "log10_colsample_bytree": -0.19713516257165242, "log10_eta": -3.973399529593051, "log10_lambda": 0.16132258016077206, "log10_min_child_weight": 2.1790830674046315, "log10_subsample": -0.6529158330832904, "max_depth": 5.0, "num_boost_round": 49.0}, "datetime": {"datetime": "2024-01-19 01:14:39", "elapsed": 3778.556999, "delta": 0.004129}}
{"target": -13.758455790333919, "params": {"gamma": 712.4751277720837, "log10_alpha": -2.9089904736624375, "log10_colsample_bytree": -0.19713516257165242, "log10_eta": -3.973399529593051, "log10_lambda": 0.16132258016077206, "log10_min_child_weight": 2.1790830674046315, "log10_subsample": -0.6529158330832904, "max_depth": 5.0, "num_boost_round": 50.0}, "datetime": {"datetime": "2024-01-19 01:14:39", "elapsed": 3778.561144, "delta": 0.004145}}
{"target": -13.758455413813683, "params": {"gamma": 712.4751277720837, "log10_alpha": -2.9089904736624375, "log10_colsample_bytree": -0.19713516257165242, "log10_eta": -3.973399529593051, "log10_lambda": 0.16132258016077206, "log10_min_child_weight": 2.1790830674046315, "log10_subsample": -0.6529158330832904, "max_depth": 5.0, "num_boost_round": 51.0}, "datetime": {"datetime": "2024-01-19 01:14:39", "elapsed": 3778.5653, "delta": 0.004156}}
{"target": -13.758451174482198, "params": {"gamma": 712.4751277720837, "log10_alpha": -2.9089904736624375, "log10_colsample_bytree": -0.19713516257165242, "log10_eta": -3.973399529593051, "log10_lambda": 0.16132258016077206, "log10_min_child_weight": 2.1790830674046315, "log10_subsample": -0.6529158330832904, "max_depth": 5.0, "num_boost_round": 52.0}, "datetime": {"datetime": "2024-01-19 01:14:39", "elapsed": 3778.569531, "delta": 0.004231}}
{"target": -13.75845061872729, "params": {"gamma": 712.4751277720837, "log10_alpha": -2.9089904736624375, "log10_colsample_bytree": -0.19713516257165242, "log10_eta": -3.973399529593051, "log10_lambda": 0.16132258016077206, "log10_min_child_weight": 2.1790830674046315, "log10_subsample": -0.6529158330832904, "max_depth": 5.0, "num_boost_round": 53.0}, "datetime": {"datetime": "2024-01-19 01:14:39", "elapsed": 3778.573666, "delta": 0.004135}}
{"target": -13.758444407292117, "params": {"gamma": 712.4751277720837, "log10_alpha": -2.9089904736624375, "log10_colsample_bytree": -0.19713516257165242, "log10_eta": -3.973399529593051, "log10_lambda": 0.16132258016077206, "log10_min_child_weight": 2.1790830674046315, "log10_subsample": -0.6529158330832904, "max_depth": 5.0, "num_boost_round": 54.0}, "datetime": {"datetime": "2024-01-19 01:14:39", "elapsed": 3778.57791, "delta": 0.004244}}
{"target": -13.758538467195285, "params": {"gamma": 712.5994976464016, "log10_alpha": 0.08534529684801839, "log10_colsample_bytree": -0.9629075189649775, "log10_eta": -3.7074019989374256, "log10_lambda": -3.0857195541697164, "log10_min_child_weight": 3.239915446496889, "log10_subsample": -0.4222274059740023, "max_depth": 6.0, "num_boost_round": 0.0}, "datetime": {"datetime": "2024-01-19 01:15:50", "elapsed": 3850.025381, "delta": 71.447471}}
{"target": -13.758537538691673, "params": {"gamma": 712.5994976464016, "log10_alpha": 0.08534529684801839, "log10_colsample_bytree": -0.9629075189649775, "log10_eta": -3.7074019989374256, "log10_lambda": -3.0857195541697164, "log10_min_child_weight": 3.239915446496889, "log10_subsample": -0.4222274059740023, "max_depth": 6.0, "num_boost_round": 1.0}, "datetime": {"datetime": "2024-01-19 01:15:50", "elapsed": 3850.030748, "delta": 0.005367}}
{"target": -13.758537437878553, "params": {"gamma": 712.5994976464016, "log10_alpha": 0.08534529684801839, "log10_colsample_bytree": -0.9629075189649775, "log10_eta": -3.7074019989374256, "log10_lambda": -3.0857195541697164, "log10_min_child_weight": 3.239915446496889, "log10_subsample": -0.4222274059740023, "max_depth": 6.0, "num_boost_round": 2.0}, "datetime": {"datetime": "2024-01-19 01:15:50", "elapsed": 3850.035639, "delta": 0.004891}}
{"target": -13.758536137425844, "params": {"gamma": 712.5994976464016, "log10_alpha": 0.08534529684801839, "log10_colsample_bytree": -0.9629075189649775, "log10_eta": -3.7074019989374256, "log10_lambda": -3.0857195541697164, "log10_min_child_weight": 3.239915446496889, "log10_subsample": -0.4222274059740023, "max_depth": 6.0, "num_boost_round": 3.0}, "datetime": {"datetime": "2024-01-19 01:15:50", "elapsed": 3850.040288, "delta": 0.004649}}
{"target": -13.758533705766842, "params": {"gamma": 712.5994976464016, "log10_alpha": 0.08534529684801839, "log10_colsample_bytree": -0.9629075189649775, "log10_eta": -3.7074019989374256, "log10_lambda": -3.0857195541697164, "log10_min_child_weight": 3.239915446496889, "log10_subsample": -0.4222274059740023, "max_depth": 6.0, "num_boost_round": 4.0}, "datetime": {"datetime": "2024-01-19 01:15:50", "elapsed": 3850.044618, "delta": 0.00433}}
{"target": -13.758532454976317, "params": {"gamma": 712.5994976464016, "log10_alpha": 0.08534529684801839, "log10_colsample_bytree": -0.9629075189649775, "log10_eta": -3.7074019989374256, "log10_lambda": -3.0857195541697164, "log10_min_child_weight": 3.239915446496889, "log10_subsample": -0.4222274059740023, "max_depth": 6.0, "num_boost_round": 5.0}, "datetime": {"datetime": "2024-01-19 01:15:50", "elapsed": 3850.048796, "delta": 0.004178}}
{"target": -13.758533979303373, "params": {"gamma": 712.5994976464016, "log10_alpha": 0.08534529684801839, "log10_colsample_bytree": -0.9629075189649775, "log10_eta": -3.7074019989374256, "log10_lambda": -3.0857195541697164, "log10_min_child_weight": 3.239915446496889, "log10_subsample": -0.4222274059740023, "max_depth": 6.0, "num_boost_round": 6.0}, "datetime": {"datetime": "2024-01-19 01:15:50", "elapsed": 3850.053196, "delta": 0.0044}}
{"target": -13.758531961185867, "params": {"gamma": 712.5994976464016, "log10_alpha": 0.08534529684801839, "log10_colsample_bytree": -0.9629075189649775, "log10_eta": -3.7074019989374256, "log10_lambda": -3.0857195541697164, "log10_min_child_weight": 3.239915446496889, "log10_subsample": -0.4222274059740023, "max_depth": 6.0, "num_boost_round": 7.0}, "datetime": {"datetime": "2024-01-19 01:15:50", "elapsed": 3850.057474, "delta": 0.004278}}
{"target": -13.75853016882294, "params": {"gamma": 712.5994976464016, "log10_alpha": 0.08534529684801839, "log10_colsample_bytree": -0.9629075189649775, "log10_eta": -3.7074019989374256, "log10_lambda": -3.0857195541697164, "log10_min_child_weight": 3.239915446496889, "log10_subsample": -0.4222274059740023, "max_depth": 6.0, "num_boost_round": 8.0}, "datetime": {"datetime": "2024-01-19 01:15:50", "elapsed": 3850.061791, "delta": 0.004317}}
{"target": -13.75852984240564, "params": {"gamma": 712.5994976464016, "log10_alpha": 0.08534529684801839, "log10_colsample_bytree": -0.9629075189649775, "log10_eta": -3.7074019989374256, "log10_lambda": -3.0857195541697164, "log10_min_child_weight": 3.239915446496889, "log10_subsample": -0.4222274059740023, "max_depth": 6.0, "num_boost_round": 9.0}, "datetime": {"datetime": "2024-01-19 01:15:50", "elapsed": 3850.066227, "delta": 0.004436}}
{"target": -13.758529358493908, "params": {"gamma": 712.5994976464016, "log10_alpha": 0.08534529684801839, "log10_colsample_bytree": -0.9629075189649775, "log10_eta": -3.7074019989374256, "log10_lambda": -3.0857195541697164, "log10_min_child_weight": 3.239915446496889, "log10_subsample": -0.4222274059740023, "max_depth": 6.0, "num_boost_round": 10.0}, "datetime": {"datetime": "2024-01-19 01:15:50", "elapsed": 3850.070502, "delta": 0.004275}}
{"target": -13.75852610877263, "params": {"gamma": 712.5994976464016, "log10_alpha": 0.08534529684801839, "log10_colsample_bytree": -0.9629075189649775, "log10_eta": -3.7074019989374256, "log10_lambda": -3.0857195541697164, "log10_min_child_weight": 3.239915446496889, "log10_subsample": -0.4222274059740023, "max_depth": 6.0, "num_boost_round": 11.0}, "datetime": {"datetime": "2024-01-19 01:15:50", "elapsed": 3850.074887, "delta": 0.004385}}
{"target": -13.758520313889248, "params": {"gamma": 712.5994976464016, "log10_alpha": 0.08534529684801839, "log10_colsample_bytree": -0.9629075189649775, "log10_eta": -3.7074019989374256, "log10_lambda": -3.0857195541697164, "log10_min_child_weight": 3.239915446496889, "log10_subsample": -0.4222274059740023, "max_depth": 6.0, "num_boost_round": 12.0}, "datetime": {"datetime": "2024-01-19 01:15:50", "elapsed": 3850.079429, "delta": 0.004542}}
{"target": -13.758517623204462, "params": {"gamma": 712.5994976464016, "log10_alpha": 0.08534529684801839, "log10_colsample_bytree": -0.9629075189649775, "log10_eta": -3.7074019989374256, "log10_lambda": -3.0857195541697164, "log10_min_child_weight": 3.239915446496889, "log10_subsample": -0.4222274059740023, "max_depth": 6.0, "num_boost_round": 13.0}, "datetime": {"datetime": "2024-01-19 01:15:50", "elapsed": 3850.083614, "delta": 0.004185}}
{"target": -13.758515781497858, "params": {"gamma": 712.5994976464016, "log10_alpha": 0.08534529684801839, "log10_colsample_bytree": -0.9629075189649775, "log10_eta": -3.7074019989374256, "log10_lambda": -3.0857195541697164, "log10_min_child_weight": 3.239915446496889, "log10_subsample": -0.4222274059740023, "max_depth": 6.0, "num_boost_round": 14.0}, "datetime": {"datetime": "2024-01-19 01:15:51", "elapsed": 3850.087773, "delta": 0.004159}}
{"target": -13.758510739362613, "params": {"gamma": 712.5994976464016, "log10_alpha": 0.08534529684801839, "log10_colsample_bytree": -0.9629075189649775, "log10_eta": -3.7074019989374256, "log10_lambda": -3.0857195541697164, "log10_min_child_weight": 3.239915446496889, "log10_subsample": -0.4222274059740023, "max_depth": 6.0, "num_boost_round": 15.0}, "datetime": {"datetime": "2024-01-19 01:15:51", "elapsed": 3850.092219, "delta": 0.004446}}
{"target": -13.758510724598048, "params": {"gamma": 712.5994976464016, "log10_alpha": 0.08534529684801839, "log10_colsample_bytree": -0.9629075189649775, "log10_eta": -3.7074019989374256, "log10_lambda": -3.0857195541697164, "log10_min_child_weight": 3.239915446496889, "log10_subsample": -0.4222274059740023, "max_depth": 6.0, "num_boost_round": 16.0}, "datetime": {"datetime": "2024-01-19 01:15:51", "elapsed": 3850.096512, "delta": 0.004293}}
{"target": -13.758509459820356, "params": {"gamma": 712.5994976464016, "log10_alpha": 0.08534529684801839, "log10_colsample_bytree": -0.9629075189649775, "log10_eta": -3.7074019989374256, "log10_lambda": -3.0857195541697164, "log10_min_child_weight": 3.239915446496889, "log10_subsample": -0.4222274059740023, "max_depth": 6.0, "num_boost_round": 17.0}, "datetime": {"datetime": "2024-01-19 01:15:51", "elapsed": 3850.100742, "delta": 0.00423}}
{"target": -13.758506226697467, "params": {"gamma": 712.5994976464016, "log10_alpha": 0.08534529684801839, "log10_colsample_bytree": -0.9629075189649775, "log10_eta": -3.7074019989374256, "log10_lambda": -3.0857195541697164, "log10_min_child_weight": 3.239915446496889, "log10_subsample": -0.4222274059740023, "max_depth": 6.0, "num_boost_round": 18.0}, "datetime": {"datetime": "2024-01-19 01:15:51", "elapsed": 3850.10511, "delta": 0.004368}}
{"target": -13.758501479489334, "params": {"gamma": 712.5994976464016, "log10_alpha": 0.08534529684801839, "log10_colsample_bytree": -0.9629075189649775, "log10_eta": -3.7074019989374256, "log10_lambda": -3.0857195541697164, "log10_min_child_weight": 3.239915446496889, "log10_subsample": -0.4222274059740023, "max_depth": 6.0, "num_boost_round": 19.0}, "datetime": {"datetime": "2024-01-19 01:15:51", "elapsed": 3850.109389, "delta": 0.004279}}
{"target": -13.758500329101388, "params": {"gamma": 712.5994976464016, "log10_alpha": 0.08534529684801839, "log10_colsample_bytree": -0.9629075189649775, "log10_eta": -3.7074019989374256, "log10_lambda": -3.0857195541697164, "log10_min_child_weight": 3.239915446496889, "log10_subsample": -0.4222274059740023, "max_depth": 6.0, "num_boost_round": 20.0}, "datetime": {"datetime": "2024-01-19 01:15:51", "elapsed": 3850.11365, "delta": 0.004261}}
{"target": -13.758493145711753, "params": {"gamma": 712.5994976464016, "log10_alpha": 0.08534529684801839, "log10_colsample_bytree": -0.9629075189649775, "log10_eta": -3.7074019989374256, "log10_lambda": -3.0857195541697164, "log10_min_child_weight": 3.239915446496889, "log10_subsample": -0.4222274059740023, "max_depth": 6.0, "num_boost_round": 21.0}, "datetime": {"datetime": "2024-01-19 01:15:51", "elapsed": 3850.118099, "delta": 0.004449}}
{"target": -13.758489194516715, "params": {"gamma": 712.5994976464016, "log10_alpha": 0.08534529684801839, "log10_colsample_bytree": -0.9629075189649775, "log10_eta": -3.7074019989374256, "log10_lambda": -3.0857195541697164, "log10_min_child_weight": 3.239915446496889, "log10_subsample": -0.4222274059740023, "max_depth": 6.0, "num_boost_round": 22.0}, "datetime": {"datetime": "2024-01-19 01:15:51", "elapsed": 3850.122396, "delta": 0.004297}}
{"target": -13.75848024961363, "params": {"gamma": 712.5994976464016, "log10_alpha": 0.08534529684801839, "log10_colsample_bytree": -0.9629075189649775, "log10_eta": -3.7074019989374256, "log10_lambda": -3.0857195541697164, "log10_min_child_weight": 3.239915446496889, "log10_subsample": -0.4222274059740023, "max_depth": 6.0, "num_boost_round": 23.0}, "datetime": {"datetime": "2024-01-19 01:15:51", "elapsed": 3850.126729, "delta": 0.004333}}
{"target": -13.75848044833025, "params": {"gamma": 712.5994976464016, "log10_alpha": 0.08534529684801839, "log10_colsample_bytree": -0.9629075189649775, "log10_eta": -3.7074019989374256, "log10_lambda": -3.0857195541697164, "log10_min_child_weight": 3.239915446496889, "log10_subsample": -0.4222274059740023, "max_depth": 6.0, "num_boost_round": 24.0}, "datetime": {"datetime": "2024-01-19 01:15:51", "elapsed": 3850.131214, "delta": 0.004485}}
{"target": -13.758470972895553, "params": {"gamma": 712.5994976464016, "log10_alpha": 0.08534529684801839, "log10_colsample_bytree": -0.9629075189649775, "log10_eta": -3.7074019989374256, "log10_lambda": -3.0857195541697164, "log10_min_child_weight": 3.239915446496889, "log10_subsample": -0.4222274059740023, "max_depth": 6.0, "num_boost_round": 25.0}, "datetime": {"datetime": "2024-01-19 01:15:51", "elapsed": 3850.136428, "delta": 0.005214}}
{"target": -13.758465174805385, "params": {"gamma": 712.5994976464016, "log10_alpha": 0.08534529684801839, "log10_colsample_bytree": -0.9629075189649775, "log10_eta": -3.7074019989374256, "log10_lambda": -3.0857195541697164, "log10_min_child_weight": 3.239915446496889, "log10_subsample": -0.4222274059740023, "max_depth": 6.0, "num_boost_round": 26.0}, "datetime": {"datetime": "2024-01-19 01:15:51", "elapsed": 3850.141566, "delta": 0.005138}}
{"target": -13.758460474286792, "params": {"gamma": 712.5994976464016, "log10_alpha": 0.08534529684801839, "log10_colsample_bytree": -0.9629075189649775, "log10_eta": -3.7074019989374256, "log10_lambda": -3.0857195541697164, "log10_min_child_weight": 3.239915446496889, "log10_subsample": -0.4222274059740023, "max_depth": 6.0, "num_boost_round": 27.0}, "datetime": {"datetime": "2024-01-19 01:15:51", "elapsed": 3850.146624, "delta": 0.005058}}
