{"target": -13.758526535073356, "params": {"gamma": 709.5150325892674, "log10_alpha": -1.3465106050009275, "log10_colsample_bytree": -0.32907614345228864, "log10_eta": -3.676536223032071, "log10_lambda": 0.8722518600129785, "log10_min_child_weight": 3.8813680346448316, "log10_subsample": -0.9713682211294317, "max_depth": 8.0, "num_boost_round": 9.0}, "datetime": {"datetime": "2024-01-19 01:26:20", "elapsed": 4479.784495, "delta": 0.005733}}
{"target": -13.758525333752933, "params": {"gamma": 709.5150325892674, "log10_alpha": -1.3465106050009275, "log10_colsample_bytree": -0.32907614345228864, "log10_eta": -3.676536223032071, "log10_lambda": 0.8722518600129785, "log10_min_child_weight": 3.8813680346448316, "log10_subsample": -0.9713682211294317, "max_depth": 8.0, "num_boost_round": 10.0}, "datetime": {"datetime": "2024-01-19 01:26:20", "elapsed": 4479.789873, "delta": 0.005378}}
{"target": -13.758523788007103, "params": {"gamma": 709.5150325892674, "log10_alpha": -1.3465106050009275, "log10_colsample_bytree": -0.32907614345228864, "log10_eta": -3.676536223032071, "log10_lambda": 0.8722518600129785, "log10_min_child_weight": 3.8813680346448316, "log10_subsample": -0.9713682211294317, "max_depth": 8.0, "num_boost_round": 11.0}, "datetime": {"datetime": "2024-01-19 01:26:20", "elapsed": 4479.794927, "delta": 0.005054}}
{"target": -13.75852423901211, "params": {"gamma": 709.5150325892674, "log10_alpha": -1.3465106050009275, "log10_colsample_bytree": -0.32907614345228864, "log10_eta": -3.676536223032071, "log10_lambda": 0.8722518600129785, "log10_min_child_weight": 3.8813680346448316, "log10_subsample": -0.9713682211294317, "max_depth": 8.0, "num_boost_round": 12.0}, "datetime": {"datetime": "2024-01-19 01:26:20", "elapsed": 4479.799938, "delta": 0.005011}}
{"target": -13.758524986782279, "params": {"gamma": 709.5150325892674, "log10_alpha": -1.3465106050009275, "log10_colsample_bytree": -0.32907614345228864, "log10_eta": -3.676536223032071, "log10_lambda": 0.8722518600129785, "log10_min_child_weight": 3.8813680346448316, "log10_subsample": -0.9713682211294317, "max_depth": 8.0, "num_boost_round": 13.0}, "datetime": {"datetime": "2024-01-19 01:26:20", "elapsed": 4479.804715, "delta": 0.004777}}
{"target": -13.758523208124542, "params": {"gamma": 709.5150325892674, "log10_alpha": -1.3465106050009275, "log10_colsample_bytree": -0.32907614345228864, "log10_eta": -3.676536223032071, "log10_lambda": 0.8722518600129785, "log10_min_child_weight": 3.8813680346448316, "log10_subsample": -0.9713682211294317, "max_depth": 8.0, "num_boost_round": 14.0}, "datetime": {"datetime": "2024-01-19 01:26:20", "elapsed": 4479.809483, "delta": 0.004768}}
{"target": -13.758520818808911, "params": {"gamma": 709.5150325892674, "log10_alpha": -1.3465106050009275, "log10_colsample_bytree": -0.32907614345228864, "log10_eta": -3.676536223032071, "log10_lambda": 0.8722518600129785, "log10_min_child_weight": 3.8813680346448316, "log10_subsample": -0.9713682211294317, "max_depth": 8.0, "num_boost_round": 15.0}, "datetime": {"datetime": "2024-01-19 01:26:20", "elapsed": 4479.814419, "delta": 0.004936}}
{"target": -13.75852028556557, "params": {"gamma": 709.5150325892674, "log10_alpha": -1.3465106050009275, "log10_colsample_bytree": -0.32907614345228864, "log10_eta": -3.676536223032071, "log10_lambda": 0.8722518600129785, "log10_min_child_weight": 3.8813680346448316, "log10_subsample": -0.9713682211294317, "max_depth": 8.0, "num_boost_round": 16.0}, "datetime": {"datetime": "2024-01-19 01:26:20", "elapsed": 4479.81947, "delta": 0.005051}}
{"target": -13.758528884687419, "params": {"gamma": 713.270771558142, "log10_alpha": -3.051751446083879, "log10_colsample_bytree": -0.3780522194626884, "log10_eta": -2.9634387176067616, "log10_lambda": -4.175028440733679, "log10_min_child_weight": 3.5159646461171064, "log10_subsample": -0.8582024752323606, "max_depth": 6.0, "num_boost_round": 0.0}, "datetime": {"datetime": "2024-01-19 01:28:28", "elapsed": 4607.699819, "delta": 127.880349}}
{"target": -13.758531529915963, "params": {"gamma": 713.270771558142, "log10_alpha": -3.051751446083879, "log10_colsample_bytree": -0.3780522194626884, "log10_eta": -2.9634387176067616, "log10_lambda": -4.175028440733679, "log10_min_child_weight": 3.5159646461171064, "log10_subsample": -0.8582024752323606, "max_depth": 6.0, "num_boost_round": 1.0}, "datetime": {"datetime": "2024-01-19 01:28:28", "elapsed": 4607.708529, "delta": 0.00871}}
{"target": -13.758559090707381, "params": {"gamma": 713.270771558142, "log10_alpha": -3.051751446083879, "log10_colsample_bytree": -0.3780522194626884, "log10_eta": -2.9634387176067616, "log10_lambda": -4.175028440733679, "log10_min_child_weight": 3.5159646461171064, "log10_subsample": -0.8582024752323606, "max_depth": 6.0, "num_boost_round": 2.0}, "datetime": {"datetime": "2024-01-19 01:28:28", "elapsed": 4607.713563, "delta": 0.005034}}
{"target": -13.758554233351845, "params": {"gamma": 713.270771558142, "log10_alpha": -3.051751446083879, "log10_colsample_bytree": -0.3780522194626884, "log10_eta": -2.9634387176067616, "log10_lambda": -4.175028440733679, "log10_min_child_weight": 3.5159646461171064, "log10_subsample": -0.8582024752323606, "max_depth": 6.0, "num_boost_round": 3.0}, "datetime": {"datetime": "2024-01-19 01:28:28", "elapsed": 4607.71823, "delta": 0.004667}}
{"target": -13.758557888734016, "params": {"gamma": 713.270771558142, "log10_alpha": -3.051751446083879, "log10_colsample_bytree": -0.3780522194626884, "log10_eta": -2.9634387176067616, "log10_lambda": -4.175028440733679, "log10_min_child_weight": 3.5159646461171064, "log10_subsample": -0.8582024752323606, "max_depth": 6.0, "num_boost_round": 4.0}, "datetime": {"datetime": "2024-01-19 01:28:28", "elapsed": 4607.723587, "delta": 0.005357}}
{"target": -13.758554066563438, "params": {"gamma": 713.270771558142, "log10_alpha": -3.051751446083879, "log10_colsample_bytree": -0.3780522194626884, "log10_eta": -2.9634387176067616, "log10_lambda": -4.175028440733679, "log10_min_child_weight": 3.5159646461171064, "log10_subsample": -0.8582024752323606, "max_depth": 6.0, "num_boost_round": 5.0}, "datetime": {"datetime": "2024-01-19 01:28:28", "elapsed": 4607.729057, "delta": 0.00547}}
{"target": -13.75855692588928, "params": {"gamma": 713.270771558142, "log10_alpha": -3.051751446083879, "log10_colsample_bytree": -0.3780522194626884, "log10_eta": -2.9634387176067616, "log10_lambda": -4.175028440733679, "log10_min_child_weight": 3.5159646461171064, "log10_subsample": -0.8582024752323606, "max_depth": 6.0, "num_boost_round": 6.0}, "datetime": {"datetime": "2024-01-19 01:28:28", "elapsed": 4607.734304, "delta": 0.005247}}
{"target": -13.758532714295212, "params": {"gamma": 713.270771558142, "log10_alpha": -3.051751446083879, "log10_colsample_bytree": -0.3780522194626884, "log10_eta": -2.9634387176067616, "log10_lambda": -4.175028440733679, "log10_min_child_weight": 3.5159646461171064, "log10_subsample": -0.8582024752323606, "max_depth": 6.0, "num_boost_round": 7.0}, "datetime": {"datetime": "2024-01-19 01:28:28", "elapsed": 4607.739143, "delta": 0.004839}}
{"target": -13.75853507544365, "params": {"gamma": 713.270771558142, "log10_alpha": -3.051751446083879, "log10_colsample_bytree": -0.3780522194626884, "log10_eta": -2.9634387176067616, "log10_lambda": -4.175028440733679, "log10_min_child_weight": 3.5159646461171064, "log10_subsample": -0.8582024752323606, "max_depth": 6.0, "num_boost_round": 8.0}, "datetime": {"datetime": "2024-01-19 01:28:28", "elapsed": 4607.744145, "delta": 0.005002}}
{"target": -13.758535351846264, "params": {"gamma": 713.270771558142, "log10_alpha": -3.051751446083879, "log10_colsample_bytree": -0.3780522194626884, "log10_eta": -2.9634387176067616, "log10_lambda": -4.175028440733679, "log10_min_child_weight": 3.5159646461171064, "log10_subsample": -0.8582024752323606, "max_depth": 6.0, "num_boost_round": 9.0}, "datetime": {"datetime": "2024-01-19 01:28:28", "elapsed": 4607.748938, "delta": 0.004793}}
{"target": -13.758512322024094, "params": {"gamma": 713.270771558142, "log10_alpha": -3.051751446083879, "log10_colsample_bytree": -0.3780522194626884, "log10_eta": -2.9634387176067616, "log10_lambda": -4.175028440733679, "log10_min_child_weight": 3.5159646461171064, "log10_subsample": -0.8582024752323606, "max_depth": 6.0, "num_boost_round": 10.0}, "datetime": {"datetime": "2024-01-19 01:28:28", "elapsed": 4607.753663, "delta": 0.004725}}
{"target": -13.758499331216836, "params": {"gamma": 713.270771558142, "log10_alpha": -3.051751446083879, "log10_colsample_bytree": -0.3780522194626884, "log10_eta": -2.9634387176067616, "log10_lambda": -4.175028440733679, "log10_min_child_weight": 3.5159646461171064, "log10_subsample": -0.8582024752323606, "max_depth": 6.0, "num_boost_round": 11.0}, "datetime": {"datetime": "2024-01-19 01:28:28", "elapsed": 4607.75835, "delta": 0.004687}}
{"target": -13.758499878163693, "params": {"gamma": 713.270771558142, "log10_alpha": -3.051751446083879, "log10_colsample_bytree": -0.3780522194626884, "log10_eta": -2.9634387176067616, "log10_lambda": -4.175028440733679, "log10_min_child_weight": 3.5159646461171064, "log10_subsample": -0.8582024752323606, "max_depth": 6.0, "num_boost_round": 12.0}, "datetime": {"datetime": "2024-01-19 01:28:28", "elapsed": 4607.763184, "delta": 0.004834}}
{"target": -13.75851759255956, "params": {"gamma": 713.270771558142, "log10_alpha": -3.051751446083879, "log10_colsample_bytree": -0.3780522194626884, "log10_eta": -2.9634387176067616, "log10_lambda": -4.175028440733679, "log10_min_child_weight": 3.5159646461171064, "log10_subsample": -0.8582024752323606, "max_depth": 6.0, "num_boost_round": 13.0}, "datetime": {"datetime": "2024-01-19 01:28:28", "elapsed": 4607.767844, "delta": 0.00466}}
{"target": -13.758501278927923, "params": {"gamma": 713.270771558142, "log10_alpha": -3.051751446083879, "log10_colsample_bytree": -0.3780522194626884, "log10_eta": -2.9634387176067616, "log10_lambda": -4.175028440733679, "log10_min_child_weight": 3.5159646461171064, "log10_subsample": -0.8582024752323606, "max_depth": 6.0, "num_boost_round": 14.0}, "datetime": {"datetime": "2024-01-19 01:28:28", "elapsed": 4607.772786, "delta": 0.004942}}
{"target": -13.758472385806362, "params": {"gamma": 713.270771558142, "log10_alpha": -3.051751446083879, "log10_colsample_bytree": -0.3780522194626884, "log10_eta": -2.9634387176067616, "log10_lambda": -4.175028440733679, "log10_min_child_weight": 3.5159646461171064, "log10_subsample": -0.8582024752323606, "max_depth": 6.0, "num_boost_round": 15.0}, "datetime": {"datetime": "2024-01-19 01:28:28", "elapsed": 4607.777608, "delta": 0.004822}}
{"target": -13.7584803143552, "params": {"gamma": 713.270771558142, "log10_alpha": -3.051751446083879, "log10_colsample_bytree": -0.3780522194626884, "log10_eta": -2.9634387176067616, "log10_lambda": -4.175028440733679, "log10_min_child_weight": 3.5159646461171064, "log10_subsample": -0.8582024752323606, "max_depth": 6.0, "num_boost_round": 16.0}, "datetime": {"datetime": "2024-01-19 01:28:28", "elapsed": 4607.782435, "delta": 0.004827}}
{"target": -13.758480740363265, "params": {"gamma": 713.270771558142, "log10_alpha": -3.051751446083879, "log10_colsample_bytree": -0.3780522194626884, "log10_eta": -2.9634387176067616, "log10_lambda": -4.175028440733679, "log10_min_child_weight": 3.5159646461171064, "log10_subsample": -0.8582024752323606, "max_depth": 6.0, "num_boost_round": 17.0}, "datetime": {"datetime": "2024-01-19 01:28:28", "elapsed": 4607.787093, "delta": 0.004658}}
{"target": -13.758479590554655, "params": {"gamma": 713.270771558142, "log10_alpha": -3.051751446083879, "log10_colsample_bytree": -0.3780522194626884, "log10_eta": -2.9634387176067616, "log10_lambda": -4.175028440733679, "log10_min_child_weight": 3.5159646461171064, "log10_subsample": -0.8582024752323606, "max_depth": 6.0, "num_boost_round": 18.0}, "datetime": {"datetime": "2024-01-19 01:28:28", "elapsed": 4607.791793, "delta": 0.0047}}
{"target": -13.75847120054394, "params": {"gamma": 713.270771558142, "log10_alpha": -3.051751446083879, "log10_colsample_bytree": -0.3780522194626884, "log10_eta": -2.9634387176067616, "log10_lambda": -4.175028440733679, "log10_min_child_weight": 3.5159646461171064, "log10_subsample": -0.8582024752323606, "max_depth": 6.0, "num_boost_round": 19.0}, "datetime": {"datetime": "2024-01-19 01:28:28", "elapsed": 4607.796673, "delta": 0.00488}}
{"target": -13.758457773805066, "params": {"gamma": 713.270771558142, "log10_alpha": -3.051751446083879, "log10_colsample_bytree": -0.3780522194626884, "log10_eta": -2.9634387176067616, "log10_lambda": -4.175028440733679, "log10_min_child_weight": 3.5159646461171064, "log10_subsample": -0.8582024752323606, "max_depth": 6.0, "num_boost_round": 20.0}, "datetime": {"datetime": "2024-01-19 01:28:28", "elapsed": 4607.801685, "delta": 0.005012}}
{"target": -13.758458140569171, "params": {"gamma": 713.270771558142, "log10_alpha": -3.051751446083879, "log10_colsample_bytree": -0.3780522194626884, "log10_eta": -2.9634387176067616, "log10_lambda": -4.175028440733679, "log10_min_child_weight": 3.5159646461171064, "log10_subsample": -0.8582024752323606, "max_depth": 6.0, "num_boost_round": 21.0}, "datetime": {"datetime": "2024-01-19 01:28:28", "elapsed": 4607.806449, "delta": 0.004764}}
{"target": -13.758464091156078, "params": {"gamma": 713.270771558142, "log10_alpha": -3.051751446083879, "log10_colsample_bytree": -0.3780522194626884, "log10_eta": -2.9634387176067616, "log10_lambda": -4.175028440733679, "log10_min_child_weight": 3.5159646461171064, "log10_subsample": -0.8582024752323606, "max_depth": 6.0, "num_boost_round": 22.0}, "datetime": {"datetime": "2024-01-19 01:28:28", "elapsed": 4607.811235, "delta": 0.004786}}
{"target": -13.758456171831636, "params": {"gamma": 713.270771558142, "log10_alpha": -3.051751446083879, "log10_colsample_bytree": -0.3780522194626884, "log10_eta": -2.9634387176067616, "log10_lambda": -4.175028440733679, "log10_min_child_weight": 3.5159646461171064, "log10_subsample": -0.8582024752323606, "max_depth": 6.0, "num_boost_round": 23.0}, "datetime": {"datetime": "2024-01-19 01:28:28", "elapsed": 4607.815909, "delta": 0.004674}}
{"target": -13.758464260929264, "params": {"gamma": 713.270771558142, "log10_alpha": -3.051751446083879, "log10_colsample_bytree": -0.3780522194626884, "log10_eta": -2.9634387176067616, "log10_lambda": -4.175028440733679, "log10_min_child_weight": 3.5159646461171064, "log10_subsample": -0.8582024752323606, "max_depth": 6.0, "num_boost_round": 24.0}, "datetime": {"datetime": "2024-01-19 01:28:28", "elapsed": 4607.820848, "delta": 0.004939}}
{"target": -13.758450007329078, "params": {"gamma": 713.270771558142, "log10_alpha": -3.051751446083879, "log10_colsample_bytree": -0.3780522194626884, "log10_eta": -2.9634387176067616, "log10_lambda": -4.175028440733679, "log10_min_child_weight": 3.5159646461171064, "log10_subsample": -0.8582024752323606, "max_depth": 6.0, "num_boost_round": 25.0}, "datetime": {"datetime": "2024-01-19 01:28:28", "elapsed": 4607.825658, "delta": 0.00481}}
{"target": -13.758454926860873, "params": {"gamma": 713.270771558142, "log10_alpha": -3.051751446083879, "log10_colsample_bytree": -0.3780522194626884, "log10_eta": -2.9634387176067616, "log10_lambda": -4.175028440733679, "log10_min_child_weight": 3.5159646461171064, "log10_subsample": -0.8582024752323606, "max_depth": 6.0, "num_boost_round": 26.0}, "datetime": {"datetime": "2024-01-19 01:28:28", "elapsed": 4607.830608, "delta": 0.00495}}
{"target": -13.758432865053448, "params": {"gamma": 713.270771558142, "log10_alpha": -3.051751446083879, "log10_colsample_bytree": -0.3780522194626884, "log10_eta": -2.9634387176067616, "log10_lambda": -4.175028440733679, "log10_min_child_weight": 3.5159646461171064, "log10_subsample": -0.8582024752323606, "max_depth": 6.0, "num_boost_round": 27.0}, "datetime": {"datetime": "2024-01-19 01:28:28", "elapsed": 4607.83543, "delta": 0.004822}}
{"target": -13.758415660964076, "params": {"gamma": 713.270771558142, "log10_alpha": -3.051751446083879, "log10_colsample_bytree": -0.3780522194626884, "log10_eta": -2.9634387176067616, "log10_lambda": -4.175028440733679, "log10_min_child_weight": 3.5159646461171064, "log10_subsample": -0.8582024752323606, "max_depth": 6.0, "num_boost_round": 28.0}, "datetime": {"datetime": "2024-01-19 01:28:28", "elapsed": 4607.840408, "delta": 0.004978}}
{"target": -13.758400293752693, "params": {"gamma": 713.270771558142, "log10_alpha": -3.051751446083879, "log10_colsample_bytree": -0.3780522194626884, "log10_eta": -2.9634387176067616, "log10_lambda": -4.175028440733679, "log10_min_child_weight": 3.5159646461171064, "log10_subsample": -0.8582024752323606, "max_depth": 6.0, "num_boost_round": 29.0}, "datetime": {"datetime": "2024-01-19 01:28:28", "elapsed": 4607.84516, "delta": 0.004752}}
{"target": -13.758397836133527, "params": {"gamma": 713.270771558142, "log10_alpha": -3.051751446083879, "log10_colsample_bytree": -0.3780522194626884, "log10_eta": -2.9634387176067616, "log10_lambda": -4.175028440733679, "log10_min_child_weight": 3.5159646461171064, "log10_subsample": -0.8582024752323606, "max_depth": 6.0, "num_boost_round": 30.0}, "datetime": {"datetime": "2024-01-19 01:28:28", "elapsed": 4607.849835, "delta": 0.004675}}
{"target": -13.758366473857498, "params": {"gamma": 713.270771558142, "log10_alpha": -3.051751446083879, "log10_colsample_bytree": -0.3780522194626884, "log10_eta": -2.9634387176067616, "log10_lambda": -4.175028440733679, "log10_min_child_weight": 3.5159646461171064, "log10_subsample": -0.8582024752323606, "max_depth": 6.0, "num_boost_round": 31.0}, "datetime": {"datetime": "2024-01-19 01:28:28", "elapsed": 4607.854473, "delta": 0.004638}}
{"target": -13.75836856520271, "params": {"gamma": 713.270771558142, "log10_alpha": -3.051751446083879, "log10_colsample_bytree": -0.3780522194626884, "log10_eta": -2.9634387176067616, "log10_lambda": -4.175028440733679, "log10_min_child_weight": 3.5159646461171064, "log10_subsample": -0.8582024752323606, "max_depth": 6.0, "num_boost_round": 32.0}, "datetime": {"datetime": "2024-01-19 01:28:28", "elapsed": 4607.859378, "delta": 0.004905}}
{"target": -13.758360805319276, "params": {"gamma": 713.270771558142, "log10_alpha": -3.051751446083879, "log10_colsample_bytree": -0.3780522194626884, "log10_eta": -2.9634387176067616, "log10_lambda": -4.175028440733679, "log10_min_child_weight": 3.5159646461171064, "log10_subsample": -0.8582024752323606, "max_depth": 6.0, "num_boost_round": 33.0}, "datetime": {"datetime": "2024-01-19 01:28:28", "elapsed": 4607.864126, "delta": 0.004748}}
{"target": -13.758377522425302, "params": {"gamma": 713.270771558142, "log10_alpha": -3.051751446083879, "log10_colsample_bytree": -0.3780522194626884, "log10_eta": -2.9634387176067616, "log10_lambda": -4.175028440733679, "log10_min_child_weight": 3.5159646461171064, "log10_subsample": -0.8582024752323606, "max_depth": 6.0, "num_boost_round": 34.0}, "datetime": {"datetime": "2024-01-19 01:28:28", "elapsed": 4607.868828, "delta": 0.004702}}
{"target": -13.758382183317089, "params": {"gamma": 713.270771558142, "log10_alpha": -3.051751446083879, "log10_colsample_bytree": -0.3780522194626884, "log10_eta": -2.9634387176067616, "log10_lambda": -4.175028440733679, "log10_min_child_weight": 3.5159646461171064, "log10_subsample": -0.8582024752323606, "max_depth": 6.0, "num_boost_round": 35.0}, "datetime": {"datetime": "2024-01-19 01:28:28", "elapsed": 4607.873686, "delta": 0.004858}}
{"target": -13.758391804153105, "params": {"gamma": 713.270771558142, "log10_alpha": -3.051751446083879, "log10_colsample_bytree": -0.3780522194626884, "log10_eta": -2.9634387176067616, "log10_lambda": -4.175028440733679, "log10_min_child_weight": 3.5159646461171064, "log10_subsample": -0.8582024752323606, "max_depth": 6.0, "num_boost_round": 36.0}, "datetime": {"datetime": "2024-01-19 01:28:28", "elapsed": 4607.878622, "delta": 0.004936}}
{"target": -13.758392954533306, "params": {"gamma": 713.270771558142, "log10_alpha": -3.051751446083879, "log10_colsample_bytree": -0.3780522194626884, "log10_eta": -2.9634387176067616, "log10_lambda": -4.175028440733679, "log10_min_child_weight": 3.5159646461171064, "log10_subsample": -0.8582024752323606, "max_depth": 6.0, "num_boost_round": 37.0}, "datetime": {"datetime": "2024-01-19 01:28:28", "elapsed": 4607.88459, "delta": 0.005968}}
{"target": -13.75840865319009, "params": {"gamma": 713.270771558142, "log10_alpha": -3.051751446083879, "log10_colsample_bytree": -0.3780522194626884, "log10_eta": -2.9634387176067616, "log10_lambda": -4.175028440733679, "log10_min_child_weight": 3.5159646461171064, "log10_subsample": -0.8582024752323606, "max_depth": 6.0, "num_boost_round": 38.0}, "datetime": {"datetime": "2024-01-19 01:28:28", "elapsed": 4607.889513, "delta": 0.004923}}
{"target": -13.758393918714727, "params": {"gamma": 713.270771558142, "log10_alpha": -3.051751446083879, "log10_colsample_bytree": -0.3780522194626884, "log10_eta": -2.9634387176067616, "log10_lambda": -4.175028440733679, "log10_min_child_weight": 3.5159646461171064, "log10_subsample": -0.8582024752323606, "max_depth": 6.0, "num_boost_round": 39.0}, "datetime": {"datetime": "2024-01-19 01:28:28", "elapsed": 4607.894463, "delta": 0.00495}}
{"target": -13.758410600592349, "params": {"gamma": 713.270771558142, "log10_alpha": -3.051751446083879, "log10_colsample_bytree": -0.3780522194626884, "log10_eta": -2.9634387176067616, "log10_lambda": -4.175028440733679, "log10_min_child_weight": 3.5159646461171064, "log10_subsample": -0.8582024752323606, "max_depth": 6.0, "num_boost_round": 40.0}, "datetime": {"datetime": "2024-01-19 01:28:28", "elapsed": 4607.899284, "delta": 0.004821}}
