{"target": -13.758454345283852, "params": {"gamma": 717.9097067080351, "log10_alpha": -0.26189589289047177, "log10_colsample_bytree": -0.6897499718482313, "log10_eta": -3.8371003618330715, "log10_lambda": -4.108954806474014, "log10_min_child_weight": 1.5060171973606218, "log10_subsample": -0.5315489476457235, "max_depth": 6.0, "num_boost_round": 26.0}, "datetime": {"datetime": "2024-01-19 00:57:45", "elapsed": 2764.848569, "delta": 0.002998}}
{"target": -13.758448812694468, "params": {"gamma": 717.9097067080351, "log10_alpha": -0.26189589289047177, "log10_colsample_bytree": -0.6897499718482313, "log10_eta": -3.8371003618330715, "log10_lambda": -4.108954806474014, "log10_min_child_weight": 1.5060171973606218, "log10_subsample": -0.5315489476457235, "max_depth": 6.0, "num_boost_round": 27.0}, "datetime": {"datetime": "2024-01-19 00:57:45", "elapsed": 2764.85152, "delta": 0.002951}}
{"target": -13.75843758079167, "params": {"gamma": 717.9097067080351, "log10_alpha": -0.26189589289047177, "log10_colsample_bytree": -0.6897499718482313, "log10_eta": -3.8371003618330715, "log10_lambda": -4.108954806474014, "log10_min_child_weight": 1.5060171973606218, "log10_subsample": -0.5315489476457235, "max_depth": 6.0, "num_boost_round": 28.0}, "datetime": {"datetime": "2024-01-19 00:57:45", "elapsed": 2764.854521, "delta": 0.003001}}
{"target": -13.758430611154843, "params": {"gamma": 717.9097067080351, "log10_alpha": -0.26189589289047177, "log10_colsample_bytree": -0.6897499718482313, "log10_eta": -3.8371003618330715, "log10_lambda": -4.108954806474014, "log10_min_child_weight": 1.5060171973606218, "log10_subsample": -0.5315489476457235, "max_depth": 6.0, "num_boost_round": 29.0}, "datetime": {"datetime": "2024-01-19 00:57:45", "elapsed": 2764.857559, "delta": 0.003038}}
{"target": -13.758427345482671, "params": {"gamma": 717.9097067080351, "log10_alpha": -0.26189589289047177, "log10_colsample_bytree": -0.6897499718482313, "log10_eta": -3.8371003618330715, "log10_lambda": -4.108954806474014, "log10_min_child_weight": 1.5060171973606218, "log10_subsample": -0.5315489476457235, "max_depth": 6.0, "num_boost_round": 30.0}, "datetime": {"datetime": "2024-01-19 00:57:45", "elapsed": 2764.860483, "delta": 0.002924}}
{"target": -13.758418186806066, "params": {"gamma": 717.9097067080351, "log10_alpha": -0.26189589289047177, "log10_colsample_bytree": -0.6897499718482313, "log10_eta": -3.8371003618330715, "log10_lambda": -4.108954806474014, "log10_min_child_weight": 1.5060171973606218, "log10_subsample": -0.5315489476457235, "max_depth": 6.0, "num_boost_round": 31.0}, "datetime": {"datetime": "2024-01-19 00:57:45", "elapsed": 2764.863421, "delta": 0.002938}}
{"target": -13.758411779080431, "params": {"gamma": 717.9097067080351, "log10_alpha": -0.26189589289047177, "log10_colsample_bytree": -0.6897499718482313, "log10_eta": -3.8371003618330715, "log10_lambda": -4.108954806474014, "log10_min_child_weight": 1.5060171973606218, "log10_subsample": -0.5315489476457235, "max_depth": 6.0, "num_boost_round": 32.0}, "datetime": {"datetime": "2024-01-19 00:57:45", "elapsed": 2764.871587, "delta": 0.008166}}
{"target": -13.75841012288979, "params": {"gamma": 717.9097067080351, "log10_alpha": -0.26189589289047177, "log10_colsample_bytree": -0.6897499718482313, "log10_eta": -3.8371003618330715, "log10_lambda": -4.108954806474014, "log10_min_child_weight": 1.5060171973606218, "log10_subsample": -0.5315489476457235, "max_depth": 6.0, "num_boost_round": 33.0}, "datetime": {"datetime": "2024-01-19 00:57:45", "elapsed": 2764.874627, "delta": 0.00304}}
{"target": -13.75840578791613, "params": {"gamma": 717.9097067080351, "log10_alpha": -0.26189589289047177, "log10_colsample_bytree": -0.6897499718482313, "log10_eta": -3.8371003618330715, "log10_lambda": -4.108954806474014, "log10_min_child_weight": 1.5060171973606218, "log10_subsample": -0.5315489476457235, "max_depth": 6.0, "num_boost_round": 34.0}, "datetime": {"datetime": "2024-01-19 00:57:45", "elapsed": 2764.877619, "delta": 0.002992}}
{"target": -13.758405839596378, "params": {"gamma": 717.9097067080351, "log10_alpha": -0.26189589289047177, "log10_colsample_bytree": -0.6897499718482313, "log10_eta": -3.8371003618330715, "log10_lambda": -4.108954806474014, "log10_min_child_weight": 1.5060171973606218, "log10_subsample": -0.5315489476457235, "max_depth": 6.0, "num_boost_round": 35.0}, "datetime": {"datetime": "2024-01-19 00:57:45", "elapsed": 2764.880532, "delta": 0.002913}}
{"target": -13.758404083391339, "params": {"gamma": 717.9097067080351, "log10_alpha": -0.26189589289047177, "log10_colsample_bytree": -0.6897499718482313, "log10_eta": -3.8371003618330715, "log10_lambda": -4.108954806474014, "log10_min_child_weight": 1.5060171973606218, "log10_subsample": -0.5315489476457235, "max_depth": 6.0, "num_boost_round": 36.0}, "datetime": {"datetime": "2024-01-19 00:57:45", "elapsed": 2764.883626, "delta": 0.003094}}
{"target": -13.758403560276117, "params": {"gamma": 717.9097067080351, "log10_alpha": -0.26189589289047177, "log10_colsample_bytree": -0.6897499718482313, "log10_eta": -3.8371003618330715, "log10_lambda": -4.108954806474014, "log10_min_child_weight": 1.5060171973606218, "log10_subsample": -0.5315489476457235, "max_depth": 6.0, "num_boost_round": 37.0}, "datetime": {"datetime": "2024-01-19 00:57:45", "elapsed": 2764.886663, "delta": 0.003037}}
{"target": -13.758400875479834, "params": {"gamma": 717.9097067080351, "log10_alpha": -0.26189589289047177, "log10_colsample_bytree": -0.6897499718482313, "log10_eta": -3.8371003618330715, "log10_lambda": -4.108954806474014, "log10_min_child_weight": 1.5060171973606218, "log10_subsample": -0.5315489476457235, "max_depth": 6.0, "num_boost_round": 38.0}, "datetime": {"datetime": "2024-01-19 00:57:45", "elapsed": 2764.88962, "delta": 0.002957}}
{"target": -13.758397903163312, "params": {"gamma": 717.9097067080351, "log10_alpha": -0.26189589289047177, "log10_colsample_bytree": -0.6897499718482313, "log10_eta": -3.8371003618330715, "log10_lambda": -4.108954806474014, "log10_min_child_weight": 1.5060171973606218, "log10_subsample": -0.5315489476457235, "max_depth": 6.0, "num_boost_round": 39.0}, "datetime": {"datetime": "2024-01-19 00:57:45", "elapsed": 2764.892495, "delta": 0.002875}}
{"target": -13.758398612739187, "params": {"gamma": 717.9097067080351, "log10_alpha": -0.26189589289047177, "log10_colsample_bytree": -0.6897499718482313, "log10_eta": -3.8371003618330715, "log10_lambda": -4.108954806474014, "log10_min_child_weight": 1.5060171973606218, "log10_subsample": -0.5315489476457235, "max_depth": 6.0, "num_boost_round": 40.0}, "datetime": {"datetime": "2024-01-19 00:57:45", "elapsed": 2764.895547, "delta": 0.003052}}
{"target": -13.758401804241755, "params": {"gamma": 717.9097067080351, "log10_alpha": -0.26189589289047177, "log10_colsample_bytree": -0.6897499718482313, "log10_eta": -3.8371003618330715, "log10_lambda": -4.108954806474014, "log10_min_child_weight": 1.5060171973606218, "log10_subsample": -0.5315489476457235, "max_depth": 6.0, "num_boost_round": 41.0}, "datetime": {"datetime": "2024-01-19 00:57:45", "elapsed": 2764.898528, "delta": 0.002981}}
{"target": -13.758391875187563, "params": {"gamma": 717.9097067080351, "log10_alpha": -0.26189589289047177, "log10_colsample_bytree": -0.6897499718482313, "log10_eta": -3.8371003618330715, "log10_lambda": -4.108954806474014, "log10_min_child_weight": 1.5060171973606218, "log10_subsample": -0.5315489476457235, "max_depth": 6.0, "num_boost_round": 42.0}, "datetime": {"datetime": "2024-01-19 00:57:45", "elapsed": 2764.901451, "delta": 0.002923}}
{"target": -13.75838998397103, "params": {"gamma": 717.9097067080351, "log10_alpha": -0.26189589289047177, "log10_colsample_bytree": -0.6897499718482313, "log10_eta": -3.8371003618330715, "log10_lambda": -4.108954806474014, "log10_min_child_weight": 1.5060171973606218, "log10_subsample": -0.5315489476457235, "max_depth": 6.0, "num_boost_round": 43.0}, "datetime": {"datetime": "2024-01-19 00:57:45", "elapsed": 2764.904463, "delta": 0.003012}}
{"target": -13.758381532320795, "params": {"gamma": 717.9097067080351, "log10_alpha": -0.26189589289047177, "log10_colsample_bytree": -0.6897499718482313, "log10_eta": -3.8371003618330715, "log10_lambda": -4.108954806474014, "log10_min_child_weight": 1.5060171973606218, "log10_subsample": -0.5315489476457235, "max_depth": 6.0, "num_boost_round": 44.0}, "datetime": {"datetime": "2024-01-19 00:57:45", "elapsed": 2764.907458, "delta": 0.002995}}
{"target": -13.75838349894195, "params": {"gamma": 717.9097067080351, "log10_alpha": -0.26189589289047177, "log10_colsample_bytree": -0.6897499718482313, "log10_eta": -3.8371003618330715, "log10_lambda": -4.108954806474014, "log10_min_child_weight": 1.5060171973606218, "log10_subsample": -0.5315489476457235, "max_depth": 6.0, "num_boost_round": 45.0}, "datetime": {"datetime": "2024-01-19 00:57:45", "elapsed": 2764.910454, "delta": 0.002996}}
{"target": -13.75838320483832, "params": {"gamma": 717.9097067080351, "log10_alpha": -0.26189589289047177, "log10_colsample_bytree": -0.6897499718482313, "log10_eta": -3.8371003618330715, "log10_lambda": -4.108954806474014, "log10_min_child_weight": 1.5060171973606218, "log10_subsample": -0.5315489476457235, "max_depth": 6.0, "num_boost_round": 46.0}, "datetime": {"datetime": "2024-01-19 00:57:45", "elapsed": 2764.913523, "delta": 0.003069}}
{"target": -13.758378538204383, "params": {"gamma": 717.9097067080351, "log10_alpha": -0.26189589289047177, "log10_colsample_bytree": -0.6897499718482313, "log10_eta": -3.8371003618330715, "log10_lambda": -4.108954806474014, "log10_min_child_weight": 1.5060171973606218, "log10_subsample": -0.5315489476457235, "max_depth": 6.0, "num_boost_round": 47.0}, "datetime": {"datetime": "2024-01-19 00:57:45", "elapsed": 2764.9165, "delta": 0.002977}}
{"target": -13.758376708855202, "params": {"gamma": 717.9097067080351, "log10_alpha": -0.26189589289047177, "log10_colsample_bytree": -0.6897499718482313, "log10_eta": -3.8371003618330715, "log10_lambda": -4.108954806474014, "log10_min_child_weight": 1.5060171973606218, "log10_subsample": -0.5315489476457235, "max_depth": 6.0, "num_boost_round": 48.0}, "datetime": {"datetime": "2024-01-19 00:57:45", "elapsed": 2764.919441, "delta": 0.002941}}
{"target": -13.758374368006267, "params": {"gamma": 717.9097067080351, "log10_alpha": -0.26189589289047177, "log10_colsample_bytree": -0.6897499718482313, "log10_eta": -3.8371003618330715, "log10_lambda": -4.108954806474014, "log10_min_child_weight": 1.5060171973606218, "log10_subsample": -0.5315489476457235, "max_depth": 6.0, "num_boost_round": 49.0}, "datetime": {"datetime": "2024-01-19 00:57:45", "elapsed": 2764.922318, "delta": 0.002877}}
{"target": -13.758363320498207, "params": {"gamma": 717.9097067080351, "log10_alpha": -0.26189589289047177, "log10_colsample_bytree": -0.6897499718482313, "log10_eta": -3.8371003618330715, "log10_lambda": -4.108954806474014, "log10_min_child_weight": 1.5060171973606218, "log10_subsample": -0.5315489476457235, "max_depth": 6.0, "num_boost_round": 50.0}, "datetime": {"datetime": "2024-01-19 00:57:45", "elapsed": 2764.925295, "delta": 0.002977}}
{"target": -13.75836242445891, "params": {"gamma": 717.9097067080351, "log10_alpha": -0.26189589289047177, "log10_colsample_bytree": -0.6897499718482313, "log10_eta": -3.8371003618330715, "log10_lambda": -4.108954806474014, "log10_min_child_weight": 1.5060171973606218, "log10_subsample": -0.5315489476457235, "max_depth": 6.0, "num_boost_round": 51.0}, "datetime": {"datetime": "2024-01-19 00:57:45", "elapsed": 2764.928275, "delta": 0.00298}}
{"target": -13.758358832566497, "params": {"gamma": 717.9097067080351, "log10_alpha": -0.26189589289047177, "log10_colsample_bytree": -0.6897499718482313, "log10_eta": -3.8371003618330715, "log10_lambda": -4.108954806474014, "log10_min_child_weight": 1.5060171973606218, "log10_subsample": -0.5315489476457235, "max_depth": 6.0, "num_boost_round": 52.0}, "datetime": {"datetime": "2024-01-19 00:57:45", "elapsed": 2764.931153, "delta": 0.002878}}
{"target": -13.75835059835649, "params": {"gamma": 717.9097067080351, "log10_alpha": -0.26189589289047177, "log10_colsample_bytree": -0.6897499718482313, "log10_eta": -3.8371003618330715, "log10_lambda": -4.108954806474014, "log10_min_child_weight": 1.5060171973606218, "log10_subsample": -0.5315489476457235, "max_depth": 6.0, "num_boost_round": 53.0}, "datetime": {"datetime": "2024-01-19 00:57:45", "elapsed": 2764.934313, "delta": 0.00316}}
{"target": -13.758345601459311, "params": {"gamma": 717.9097067080351, "log10_alpha": -0.26189589289047177, "log10_colsample_bytree": -0.6897499718482313, "log10_eta": -3.8371003618330715, "log10_lambda": -4.108954806474014, "log10_min_child_weight": 1.5060171973606218, "log10_subsample": -0.5315489476457235, "max_depth": 6.0, "num_boost_round": 54.0}, "datetime": {"datetime": "2024-01-19 00:57:45", "elapsed": 2764.937436, "delta": 0.003123}}
{"target": -13.75834263838933, "params": {"gamma": 717.9097067080351, "log10_alpha": -0.26189589289047177, "log10_colsample_bytree": -0.6897499718482313, "log10_eta": -3.8371003618330715, "log10_lambda": -4.108954806474014, "log10_min_child_weight": 1.5060171973606218, "log10_subsample": -0.5315489476457235, "max_depth": 6.0, "num_boost_round": 55.0}, "datetime": {"datetime": "2024-01-19 00:57:45", "elapsed": 2764.940568, "delta": 0.003132}}
{"target": -13.758339771746043, "params": {"gamma": 717.9097067080351, "log10_alpha": -0.26189589289047177, "log10_colsample_bytree": -0.6897499718482313, "log10_eta": -3.8371003618330715, "log10_lambda": -4.108954806474014, "log10_min_child_weight": 1.5060171973606218, "log10_subsample": -0.5315489476457235, "max_depth": 6.0, "num_boost_round": 56.0}, "datetime": {"datetime": "2024-01-19 00:57:45", "elapsed": 2764.943526, "delta": 0.002958}}
{"target": -13.75832937540436, "params": {"gamma": 717.9097067080351, "log10_alpha": -0.26189589289047177, "log10_colsample_bytree": -0.6897499718482313, "log10_eta": -3.8371003618330715, "log10_lambda": -4.108954806474014, "log10_min_child_weight": 1.5060171973606218, "log10_subsample": -0.5315489476457235, "max_depth": 6.0, "num_boost_round": 57.0}, "datetime": {"datetime": "2024-01-19 00:57:45", "elapsed": 2764.946501, "delta": 0.002975}}
{"target": -13.75832605125113, "params": {"gamma": 717.9097067080351, "log10_alpha": -0.26189589289047177, "log10_colsample_bytree": -0.6897499718482313, "log10_eta": -3.8371003618330715, "log10_lambda": -4.108954806474014, "log10_min_child_weight": 1.5060171973606218, "log10_subsample": -0.5315489476457235, "max_depth": 6.0, "num_boost_round": 58.0}, "datetime": {"datetime": "2024-01-19 00:57:45", "elapsed": 2764.949463, "delta": 0.002962}}
{"target": -13.758322664442531, "params": {"gamma": 717.9097067080351, "log10_alpha": -0.26189589289047177, "log10_colsample_bytree": -0.6897499718482313, "log10_eta": -3.8371003618330715, "log10_lambda": -4.108954806474014, "log10_min_child_weight": 1.5060171973606218, "log10_subsample": -0.5315489476457235, "max_depth": 6.0, "num_boost_round": 59.0}, "datetime": {"datetime": "2024-01-19 00:57:45", "elapsed": 2764.952456, "delta": 0.002993}}
{"target": -13.758323025678939, "params": {"gamma": 717.9097067080351, "log10_alpha": -0.26189589289047177, "log10_colsample_bytree": -0.6897499718482313, "log10_eta": -3.8371003618330715, "log10_lambda": -4.108954806474014, "log10_min_child_weight": 1.5060171973606218, "log10_subsample": -0.5315489476457235, "max_depth": 6.0, "num_boost_round": 60.0}, "datetime": {"datetime": "2024-01-19 00:57:45", "elapsed": 2764.955555, "delta": 0.003099}}
{"target": -13.758325909943906, "params": {"gamma": 717.9097067080351, "log10_alpha": -0.26189589289047177, "log10_colsample_bytree": -0.6897499718482313, "log10_eta": -3.8371003618330715, "log10_lambda": -4.108954806474014, "log10_min_child_weight": 1.5060171973606218, "log10_subsample": -0.5315489476457235, "max_depth": 6.0, "num_boost_round": 61.0}, "datetime": {"datetime": "2024-01-19 00:57:45", "elapsed": 2764.958551, "delta": 0.002996}}
{"target": -13.758323496092471, "params": {"gamma": 717.9097067080351, "log10_alpha": -0.26189589289047177, "log10_colsample_bytree": -0.6897499718482313, "log10_eta": -3.8371003618330715, "log10_lambda": -4.108954806474014, "log10_min_child_weight": 1.5060171973606218, "log10_subsample": -0.5315489476457235, "max_depth": 6.0, "num_boost_round": 62.0}, "datetime": {"datetime": "2024-01-19 00:57:45", "elapsed": 2764.961558, "delta": 0.003007}}
{"target": -13.758316103862706, "params": {"gamma": 717.9097067080351, "log10_alpha": -0.26189589289047177, "log10_colsample_bytree": -0.6897499718482313, "log10_eta": -3.8371003618330715, "log10_lambda": -4.108954806474014, "log10_min_child_weight": 1.5060171973606218, "log10_subsample": -0.5315489476457235, "max_depth": 6.0, "num_boost_round": 63.0}, "datetime": {"datetime": "2024-01-19 00:57:45", "elapsed": 2764.964582, "delta": 0.003024}}
{"target": -13.758309704976766, "params": {"gamma": 717.9097067080351, "log10_alpha": -0.26189589289047177, "log10_colsample_bytree": -0.6897499718482313, "log10_eta": -3.8371003618330715, "log10_lambda": -4.108954806474014, "log10_min_child_weight": 1.5060171973606218, "log10_subsample": -0.5315489476457235, "max_depth": 6.0, "num_boost_round": 64.0}, "datetime": {"datetime": "2024-01-19 00:57:45", "elapsed": 2764.967595, "delta": 0.003013}}
{"target": -13.758309486235888, "params": {"gamma": 717.9097067080351, "log10_alpha": -0.26189589289047177, "log10_colsample_bytree": -0.6897499718482313, "log10_eta": -3.8371003618330715, "log10_lambda": -4.108954806474014, "log10_min_child_weight": 1.5060171973606218, "log10_subsample": -0.5315489476457235, "max_depth": 6.0, "num_boost_round": 65.0}, "datetime": {"datetime": "2024-01-19 00:57:45", "elapsed": 2764.970545, "delta": 0.00295}}
{"target": -13.758305004707756, "params": {"gamma": 717.9097067080351, "log10_alpha": -0.26189589289047177, "log10_colsample_bytree": -0.6897499718482313, "log10_eta": -3.8371003618330715, "log10_lambda": -4.108954806474014, "log10_min_child_weight": 1.5060171973606218, "log10_subsample": -0.5315489476457235, "max_depth": 6.0, "num_boost_round": 66.0}, "datetime": {"datetime": "2024-01-19 00:57:45", "elapsed": 2764.974117, "delta": 0.003572}}
{"target": -13.758301665111741, "params": {"gamma": 717.9097067080351, "log10_alpha": -0.26189589289047177, "log10_colsample_bytree": -0.6897499718482313, "log10_eta": -3.8371003618330715, "log10_lambda": -4.108954806474014, "log10_min_child_weight": 1.5060171973606218, "log10_subsample": -0.5315489476457235, "max_depth": 6.0, "num_boost_round": 67.0}, "datetime": {"datetime": "2024-01-19 00:57:45", "elapsed": 2764.977206, "delta": 0.003089}}
{"target": -13.75829997659091, "params": {"gamma": 717.9097067080351, "log10_alpha": -0.26189589289047177, "log10_colsample_bytree": -0.6897499718482313, "log10_eta": -3.8371003618330715, "log10_lambda": -4.108954806474014, "log10_min_child_weight": 1.5060171973606218, "log10_subsample": -0.5315489476457235, "max_depth": 6.0, "num_boost_round": 68.0}, "datetime": {"datetime": "2024-01-19 00:57:45", "elapsed": 2764.980232, "delta": 0.003026}}
{"target": -13.758437419368137, "params": {"gamma": 710.3180921335666, "log10_alpha": -3.629888461926165, "log10_colsample_bytree": -0.59694611558642, "log10_eta": -2.188257004169539, "log10_lambda": -4.937532426150876, "log10_min_child_weight": 0.4838359423649208, "log10_subsample": -0.9922737236862789, "max_depth": 9.0, "num_boost_round": 0.0}, "datetime": {"datetime": "2024-01-19 00:59:00", "elapsed": 2839.355871, "delta": 74.375639}}
{"target": -13.758332357927522, "params": {"gamma": 710.3180921335666, "log10_alpha": -3.629888461926165, "log10_colsample_bytree": -0.59694611558642, "log10_eta": -2.188257004169539, "log10_lambda": -4.937532426150876, "log10_min_child_weight": 0.4838359423649208, "log10_subsample": -0.9922737236862789, "max_depth": 9.0, "num_boost_round": 1.0}, "datetime": {"datetime": "2024-01-19 00:59:00", "elapsed": 2839.359554, "delta": 0.003683}}
{"target": -13.758056388510923, "params": {"gamma": 710.3180921335666, "log10_alpha": -3.629888461926165, "log10_colsample_bytree": -0.59694611558642, "log10_eta": -2.188257004169539, "log10_lambda": -4.937532426150876, "log10_min_child_weight": 0.4838359423649208, "log10_subsample": -0.9922737236862789, "max_depth": 9.0, "num_boost_round": 2.0}, "datetime": {"datetime": "2024-01-19 00:59:00", "elapsed": 2839.362898, "delta": 0.003344}}
{"target": -13.757492072609516, "params": {"gamma": 710.3180921335666, "log10_alpha": -3.629888461926165, "log10_colsample_bytree": -0.59694611558642, "log10_eta": -2.188257004169539, "log10_lambda": -4.937532426150876, "log10_min_child_weight": 0.4838359423649208, "log10_subsample": -0.9922737236862789, "max_depth": 9.0, "num_boost_round": 3.0}, "datetime": {"datetime": "2024-01-19 00:59:00", "elapsed": 2839.365958, "delta": 0.00306}}
{"target": -13.757677847873387, "params": {"gamma": 710.3180921335666, "log10_alpha": -3.629888461926165, "log10_colsample_bytree": -0.59694611558642, "log10_eta": -2.188257004169539, "log10_lambda": -4.937532426150876, "log10_min_child_weight": 0.4838359423649208, "log10_subsample": -0.9922737236862789, "max_depth": 9.0, "num_boost_round": 4.0}, "datetime": {"datetime": "2024-01-19 00:59:00", "elapsed": 2839.369112, "delta": 0.003154}}
{"target": -13.757111992456556, "params": {"gamma": 710.3180921335666, "log10_alpha": -3.629888461926165, "log10_colsample_bytree": -0.59694611558642, "log10_eta": -2.188257004169539, "log10_lambda": -4.937532426150876, "log10_min_child_weight": 0.4838359423649208, "log10_subsample": -0.9922737236862789, "max_depth": 9.0, "num_boost_round": 5.0}, "datetime": {"datetime": "2024-01-19 00:59:00", "elapsed": 2839.372114, "delta": 0.003002}}
