{"target": -13.75852934952427, "params": {"gamma": 597.2914297575927, "log10_alpha": -4.858947070436271, "log10_colsample_bytree": -0.31652815527409084, "log10_eta": -3.8703474558528836, "log10_lambda": -1.380245048183144, "log10_min_child_weight": 3.027729887593622, "log10_subsample": -0.6751805876758058, "max_depth": 8.0, "num_boost_round": 2.0}, "datetime": {"datetime": "2024-01-19 00:46:39", "elapsed": 2051.883092, "delta": 0.002898}}
{"target": -13.758528332853482, "params": {"gamma": 597.2914297575927, "log10_alpha": -4.858947070436271, "log10_colsample_bytree": -0.31652815527409084, "log10_eta": -3.8703474558528836, "log10_lambda": -1.380245048183144, "log10_min_child_weight": 3.027729887593622, "log10_subsample": -0.6751805876758058, "max_depth": 8.0, "num_boost_round": 3.0}, "datetime": {"datetime": "2024-01-19 00:46:39", "elapsed": 2051.885849, "delta": 0.002757}}
{"target": -13.758522450538198, "params": {"gamma": 597.2914297575927, "log10_alpha": -4.858947070436271, "log10_colsample_bytree": -0.31652815527409084, "log10_eta": -3.8703474558528836, "log10_lambda": -1.380245048183144, "log10_min_child_weight": 3.027729887593622, "log10_subsample": -0.6751805876758058, "max_depth": 8.0, "num_boost_round": 4.0}, "datetime": {"datetime": "2024-01-19 00:46:39", "elapsed": 2051.888564, "delta": 0.002715}}
{"target": -13.758522368034756, "params": {"gamma": 597.2914297575927, "log10_alpha": -4.858947070436271, "log10_colsample_bytree": -0.31652815527409084, "log10_eta": -3.8703474558528836, "log10_lambda": -1.380245048183144, "log10_min_child_weight": 3.027729887593622, "log10_subsample": -0.6751805876758058, "max_depth": 8.0, "num_boost_round": 5.0}, "datetime": {"datetime": "2024-01-19 00:46:39", "elapsed": 2051.891229, "delta": 0.002665}}
{"target": -13.75852023749857, "params": {"gamma": 597.2914297575927, "log10_alpha": -4.858947070436271, "log10_colsample_bytree": -0.31652815527409084, "log10_eta": -3.8703474558528836, "log10_lambda": -1.380245048183144, "log10_min_child_weight": 3.027729887593622, "log10_subsample": -0.6751805876758058, "max_depth": 8.0, "num_boost_round": 6.0}, "datetime": {"datetime": "2024-01-19 00:46:39", "elapsed": 2051.894156, "delta": 0.002927}}
{"target": -13.758521052768183, "params": {"gamma": 597.2914297575927, "log10_alpha": -4.858947070436271, "log10_colsample_bytree": -0.31652815527409084, "log10_eta": -3.8703474558528836, "log10_lambda": -1.380245048183144, "log10_min_child_weight": 3.027729887593622, "log10_subsample": -0.6751805876758058, "max_depth": 8.0, "num_boost_round": 7.0}, "datetime": {"datetime": "2024-01-19 00:46:39", "elapsed": 2051.896917, "delta": 0.002761}}
{"target": -13.758519107281986, "params": {"gamma": 597.2914297575927, "log10_alpha": -4.858947070436271, "log10_colsample_bytree": -0.31652815527409084, "log10_eta": -3.8703474558528836, "log10_lambda": -1.380245048183144, "log10_min_child_weight": 3.027729887593622, "log10_subsample": -0.6751805876758058, "max_depth": 8.0, "num_boost_round": 8.0}, "datetime": {"datetime": "2024-01-19 00:46:39", "elapsed": 2051.899706, "delta": 0.002789}}
{"target": -13.758516663922151, "params": {"gamma": 597.2914297575927, "log10_alpha": -4.858947070436271, "log10_colsample_bytree": -0.31652815527409084, "log10_eta": -3.8703474558528836, "log10_lambda": -1.380245048183144, "log10_min_child_weight": 3.027729887593622, "log10_subsample": -0.6751805876758058, "max_depth": 8.0, "num_boost_round": 9.0}, "datetime": {"datetime": "2024-01-19 00:46:39", "elapsed": 2051.902346, "delta": 0.00264}}
{"target": -13.758513666296844, "params": {"gamma": 597.2914297575927, "log10_alpha": -4.858947070436271, "log10_colsample_bytree": -0.31652815527409084, "log10_eta": -3.8703474558528836, "log10_lambda": -1.380245048183144, "log10_min_child_weight": 3.027729887593622, "log10_subsample": -0.6751805876758058, "max_depth": 8.0, "num_boost_round": 10.0}, "datetime": {"datetime": "2024-01-19 00:46:39", "elapsed": 2051.905034, "delta": 0.002688}}
{"target": -13.758514049166982, "params": {"gamma": 597.2914297575927, "log10_alpha": -4.858947070436271, "log10_colsample_bytree": -0.31652815527409084, "log10_eta": -3.8703474558528836, "log10_lambda": -1.380245048183144, "log10_min_child_weight": 3.027729887593622, "log10_subsample": -0.6751805876758058, "max_depth": 8.0, "num_boost_round": 11.0}, "datetime": {"datetime": "2024-01-19 00:46:39", "elapsed": 2051.907708, "delta": 0.002674}}
{"target": -13.758513507882538, "params": {"gamma": 597.2914297575927, "log10_alpha": -4.858947070436271, "log10_colsample_bytree": -0.31652815527409084, "log10_eta": -3.8703474558528836, "log10_lambda": -1.380245048183144, "log10_min_child_weight": 3.027729887593622, "log10_subsample": -0.6751805876758058, "max_depth": 8.0, "num_boost_round": 12.0}, "datetime": {"datetime": "2024-01-19 00:46:39", "elapsed": 2051.910387, "delta": 0.002679}}
{"target": -13.758512744868492, "params": {"gamma": 597.2914297575927, "log10_alpha": -4.858947070436271, "log10_colsample_bytree": -0.31652815527409084, "log10_eta": -3.8703474558528836, "log10_lambda": -1.380245048183144, "log10_min_child_weight": 3.027729887593622, "log10_subsample": -0.6751805876758058, "max_depth": 8.0, "num_boost_round": 13.0}, "datetime": {"datetime": "2024-01-19 00:46:39", "elapsed": 2051.913118, "delta": 0.002731}}
{"target": -13.758507627304692, "params": {"gamma": 597.2914297575927, "log10_alpha": -4.858947070436271, "log10_colsample_bytree": -0.31652815527409084, "log10_eta": -3.8703474558528836, "log10_lambda": -1.380245048183144, "log10_min_child_weight": 3.027729887593622, "log10_subsample": -0.6751805876758058, "max_depth": 8.0, "num_boost_round": 14.0}, "datetime": {"datetime": "2024-01-19 00:46:39", "elapsed": 2051.915986, "delta": 0.002868}}
{"target": -13.758505028573731, "params": {"gamma": 597.2914297575927, "log10_alpha": -4.858947070436271, "log10_colsample_bytree": -0.31652815527409084, "log10_eta": -3.8703474558528836, "log10_lambda": -1.380245048183144, "log10_min_child_weight": 3.027729887593622, "log10_subsample": -0.6751805876758058, "max_depth": 8.0, "num_boost_round": 15.0}, "datetime": {"datetime": "2024-01-19 00:46:39", "elapsed": 2051.918608, "delta": 0.002622}}
{"target": -13.7585029732824, "params": {"gamma": 597.2914297575927, "log10_alpha": -4.858947070436271, "log10_colsample_bytree": -0.31652815527409084, "log10_eta": -3.8703474558528836, "log10_lambda": -1.380245048183144, "log10_min_child_weight": 3.027729887593622, "log10_subsample": -0.6751805876758058, "max_depth": 8.0, "num_boost_round": 16.0}, "datetime": {"datetime": "2024-01-19 00:46:39", "elapsed": 2051.921212, "delta": 0.002604}}
{"target": -13.758503511333599, "params": {"gamma": 597.2914297575927, "log10_alpha": -4.858947070436271, "log10_colsample_bytree": -0.31652815527409084, "log10_eta": -3.8703474558528836, "log10_lambda": -1.380245048183144, "log10_min_child_weight": 3.027729887593622, "log10_subsample": -0.6751805876758058, "max_depth": 8.0, "num_boost_round": 17.0}, "datetime": {"datetime": "2024-01-19 00:46:39", "elapsed": 2051.923807, "delta": 0.002595}}
{"target": -13.758501327969341, "params": {"gamma": 597.2914297575927, "log10_alpha": -4.858947070436271, "log10_colsample_bytree": -0.31652815527409084, "log10_eta": -3.8703474558528836, "log10_lambda": -1.380245048183144, "log10_min_child_weight": 3.027729887593622, "log10_subsample": -0.6751805876758058, "max_depth": 8.0, "num_boost_round": 18.0}, "datetime": {"datetime": "2024-01-19 00:46:39", "elapsed": 2051.926508, "delta": 0.002701}}
{"target": -13.758497390215686, "params": {"gamma": 597.2914297575927, "log10_alpha": -4.858947070436271, "log10_colsample_bytree": -0.31652815527409084, "log10_eta": -3.8703474558528836, "log10_lambda": -1.380245048183144, "log10_min_child_weight": 3.027729887593622, "log10_subsample": -0.6751805876758058, "max_depth": 8.0, "num_boost_round": 19.0}, "datetime": {"datetime": "2024-01-19 00:46:39", "elapsed": 2051.929117, "delta": 0.002609}}
{"target": -13.75852861445682, "params": {"gamma": 580.6234509274163, "log10_alpha": -1.2301013604421098, "log10_colsample_bytree": -0.3321762874419044, "log10_eta": -2.584882442682342, "log10_lambda": 0.06987907362880108, "log10_min_child_weight": 4.801884739801448, "log10_subsample": -0.4367366965193783, "max_depth": 8.0, "num_boost_round": 0.0}, "datetime": {"datetime": "2024-01-19 00:47:10", "elapsed": 2082.717729, "delta": 30.788612}}
{"target": -13.758518653571267, "params": {"gamma": 580.6234509274163, "log10_alpha": -1.2301013604421098, "log10_colsample_bytree": -0.3321762874419044, "log10_eta": -2.584882442682342, "log10_lambda": 0.06987907362880108, "log10_min_child_weight": 4.801884739801448, "log10_subsample": -0.4367366965193783, "max_depth": 8.0, "num_boost_round": 1.0}, "datetime": {"datetime": "2024-01-19 00:47:10", "elapsed": 2082.720902, "delta": 0.003173}}
{"target": -13.75851321330439, "params": {"gamma": 580.6234509274163, "log10_alpha": -1.2301013604421098, "log10_colsample_bytree": -0.3321762874419044, "log10_eta": -2.584882442682342, "log10_lambda": 0.06987907362880108, "log10_min_child_weight": 4.801884739801448, "log10_subsample": -0.4367366965193783, "max_depth": 8.0, "num_boost_round": 2.0}, "datetime": {"datetime": "2024-01-19 00:47:10", "elapsed": 2082.72372, "delta": 0.002818}}
{"target": -13.758513249544329, "params": {"gamma": 580.6234509274163, "log10_alpha": -1.2301013604421098, "log10_colsample_bytree": -0.3321762874419044, "log10_eta": -2.584882442682342, "log10_lambda": 0.06987907362880108, "log10_min_child_weight": 4.801884739801448, "log10_subsample": -0.4367366965193783, "max_depth": 8.0, "num_boost_round": 3.0}, "datetime": {"datetime": "2024-01-19 00:47:10", "elapsed": 2082.726367, "delta": 0.002647}}
{"target": -13.758508174574317, "params": {"gamma": 580.6234509274163, "log10_alpha": -1.2301013604421098, "log10_colsample_bytree": -0.3321762874419044, "log10_eta": -2.584882442682342, "log10_lambda": 0.06987907362880108, "log10_min_child_weight": 4.801884739801448, "log10_subsample": -0.4367366965193783, "max_depth": 8.0, "num_boost_round": 4.0}, "datetime": {"datetime": "2024-01-19 00:47:10", "elapsed": 2082.729017, "delta": 0.00265}}
{"target": -13.758501940151222, "params": {"gamma": 580.6234509274163, "log10_alpha": -1.2301013604421098, "log10_colsample_bytree": -0.3321762874419044, "log10_eta": -2.584882442682342, "log10_lambda": 0.06987907362880108, "log10_min_child_weight": 4.801884739801448, "log10_subsample": -0.4367366965193783, "max_depth": 8.0, "num_boost_round": 5.0}, "datetime": {"datetime": "2024-01-19 00:47:10", "elapsed": 2082.731645, "delta": 0.002628}}
{"target": -13.758497333909814, "params": {"gamma": 580.6234509274163, "log10_alpha": -1.2301013604421098, "log10_colsample_bytree": -0.3321762874419044, "log10_eta": -2.584882442682342, "log10_lambda": 0.06987907362880108, "log10_min_child_weight": 4.801884739801448, "log10_subsample": -0.4367366965193783, "max_depth": 8.0, "num_boost_round": 6.0}, "datetime": {"datetime": "2024-01-19 00:47:10", "elapsed": 2082.734427, "delta": 0.002782}}
{"target": -13.75849264610461, "params": {"gamma": 580.6234509274163, "log10_alpha": -1.2301013604421098, "log10_colsample_bytree": -0.3321762874419044, "log10_eta": -2.584882442682342, "log10_lambda": 0.06987907362880108, "log10_min_child_weight": 4.801884739801448, "log10_subsample": -0.4367366965193783, "max_depth": 8.0, "num_boost_round": 7.0}, "datetime": {"datetime": "2024-01-19 00:47:10", "elapsed": 2082.737052, "delta": 0.002625}}
{"target": -13.758485278788422, "params": {"gamma": 580.6234509274163, "log10_alpha": -1.2301013604421098, "log10_colsample_bytree": -0.3321762874419044, "log10_eta": -2.584882442682342, "log10_lambda": 0.06987907362880108, "log10_min_child_weight": 4.801884739801448, "log10_subsample": -0.4367366965193783, "max_depth": 8.0, "num_boost_round": 8.0}, "datetime": {"datetime": "2024-01-19 00:47:10", "elapsed": 2082.739658, "delta": 0.002606}}
{"target": -13.758456597910705, "params": {"gamma": 580.6234509274163, "log10_alpha": -1.2301013604421098, "log10_colsample_bytree": -0.3321762874419044, "log10_eta": -2.584882442682342, "log10_lambda": 0.06987907362880108, "log10_min_child_weight": 4.801884739801448, "log10_subsample": -0.4367366965193783, "max_depth": 8.0, "num_boost_round": 9.0}, "datetime": {"datetime": "2024-01-19 00:47:10", "elapsed": 2082.742323, "delta": 0.002665}}
{"target": -13.758535670725667, "params": {"gamma": 605.1552885620707, "log10_alpha": -0.2717561822766523, "log10_colsample_bytree": -0.9871718781508877, "log10_eta": -3.8352186108642026, "log10_lambda": -3.7721260418166245, "log10_min_child_weight": 0.20119523464093125, "log10_subsample": -0.6865010191267892, "max_depth": 3.0, "num_boost_round": 0.0}, "datetime": {"datetime": "2024-01-19 00:47:44", "elapsed": 2116.61065, "delta": 33.868327}}
{"target": -13.758535492707757, "params": {"gamma": 605.1552885620707, "log10_alpha": -0.2717561822766523, "log10_colsample_bytree": -0.9871718781508877, "log10_eta": -3.8352186108642026, "log10_lambda": -3.7721260418166245, "log10_min_child_weight": 0.20119523464093125, "log10_subsample": -0.6865010191267892, "max_depth": 3.0, "num_boost_round": 1.0}, "datetime": {"datetime": "2024-01-19 00:47:44", "elapsed": 2116.61419, "delta": 0.00354}}
{"target": -13.758535047112739, "params": {"gamma": 605.1552885620707, "log10_alpha": -0.2717561822766523, "log10_colsample_bytree": -0.9871718781508877, "log10_eta": -3.8352186108642026, "log10_lambda": -3.7721260418166245, "log10_min_child_weight": 0.20119523464093125, "log10_subsample": -0.6865010191267892, "max_depth": 3.0, "num_boost_round": 2.0}, "datetime": {"datetime": "2024-01-19 00:47:44", "elapsed": 2116.617191, "delta": 0.003001}}
{"target": -13.758536137310333, "params": {"gamma": 605.1552885620707, "log10_alpha": -0.2717561822766523, "log10_colsample_bytree": -0.9871718781508877, "log10_eta": -3.8352186108642026, "log10_lambda": -3.7721260418166245, "log10_min_child_weight": 0.20119523464093125, "log10_subsample": -0.6865010191267892, "max_depth": 3.0, "num_boost_round": 3.0}, "datetime": {"datetime": "2024-01-19 00:47:44", "elapsed": 2116.619862, "delta": 0.002671}}
{"target": -13.758535398350507, "params": {"gamma": 605.1552885620707, "log10_alpha": -0.2717561822766523, "log10_colsample_bytree": -0.9871718781508877, "log10_eta": -3.8352186108642026, "log10_lambda": -3.7721260418166245, "log10_min_child_weight": 0.20119523464093125, "log10_subsample": -0.6865010191267892, "max_depth": 3.0, "num_boost_round": 4.0}, "datetime": {"datetime": "2024-01-19 00:47:44", "elapsed": 2116.622496, "delta": 0.002634}}
{"target": -13.7585337711634, "params": {"gamma": 605.1552885620707, "log10_alpha": -0.2717561822766523, "log10_colsample_bytree": -0.9871718781508877, "log10_eta": -3.8352186108642026, "log10_lambda": -3.7721260418166245, "log10_min_child_weight": 0.20119523464093125, "log10_subsample": -0.6865010191267892, "max_depth": 3.0, "num_boost_round": 5.0}, "datetime": {"datetime": "2024-01-19 00:47:44", "elapsed": 2116.625091, "delta": 0.002595}}
{"target": -13.758534037619931, "params": {"gamma": 605.1552885620707, "log10_alpha": -0.2717561822766523, "log10_colsample_bytree": -0.9871718781508877, "log10_eta": -3.8352186108642026, "log10_lambda": -3.7721260418166245, "log10_min_child_weight": 0.20119523464093125, "log10_subsample": -0.6865010191267892, "max_depth": 3.0, "num_boost_round": 6.0}, "datetime": {"datetime": "2024-01-19 00:47:44", "elapsed": 2116.627682, "delta": 0.002591}}
{"target": -13.758530610549863, "params": {"gamma": 605.1552885620707, "log10_alpha": -0.2717561822766523, "log10_colsample_bytree": -0.9871718781508877, "log10_eta": -3.8352186108642026, "log10_lambda": -3.7721260418166245, "log10_min_child_weight": 0.20119523464093125, "log10_subsample": -0.6865010191267892, "max_depth": 3.0, "num_boost_round": 7.0}, "datetime": {"datetime": "2024-01-19 00:47:44", "elapsed": 2116.630265, "delta": 0.002583}}
{"target": -13.758531269205179, "params": {"gamma": 605.1552885620707, "log10_alpha": -0.2717561822766523, "log10_colsample_bytree": -0.9871718781508877, "log10_eta": -3.8352186108642026, "log10_lambda": -3.7721260418166245, "log10_min_child_weight": 0.20119523464093125, "log10_subsample": -0.6865010191267892, "max_depth": 3.0, "num_boost_round": 8.0}, "datetime": {"datetime": "2024-01-19 00:47:44", "elapsed": 2116.632914, "delta": 0.002649}}
{"target": -13.75853108860115, "params": {"gamma": 605.1552885620707, "log10_alpha": -0.2717561822766523, "log10_colsample_bytree": -0.9871718781508877, "log10_eta": -3.8352186108642026, "log10_lambda": -3.7721260418166245, "log10_min_child_weight": 0.20119523464093125, "log10_subsample": -0.6865010191267892, "max_depth": 3.0, "num_boost_round": 9.0}, "datetime": {"datetime": "2024-01-19 00:47:44", "elapsed": 2116.635683, "delta": 0.002769}}
{"target": -13.758529083811553, "params": {"gamma": 605.1552885620707, "log10_alpha": -0.2717561822766523, "log10_colsample_bytree": -0.9871718781508877, "log10_eta": -3.8352186108642026, "log10_lambda": -3.7721260418166245, "log10_min_child_weight": 0.20119523464093125, "log10_subsample": -0.6865010191267892, "max_depth": 3.0, "num_boost_round": 10.0}, "datetime": {"datetime": "2024-01-19 00:47:44", "elapsed": 2116.638311, "delta": 0.002628}}
{"target": -13.758527708571394, "params": {"gamma": 605.1552885620707, "log10_alpha": -0.2717561822766523, "log10_colsample_bytree": -0.9871718781508877, "log10_eta": -3.8352186108642026, "log10_lambda": -3.7721260418166245, "log10_min_child_weight": 0.20119523464093125, "log10_subsample": -0.6865010191267892, "max_depth": 3.0, "num_boost_round": 11.0}, "datetime": {"datetime": "2024-01-19 00:47:44", "elapsed": 2116.640941, "delta": 0.00263}}
{"target": -13.758526158814801, "params": {"gamma": 605.1552885620707, "log10_alpha": -0.2717561822766523, "log10_colsample_bytree": -0.9871718781508877, "log10_eta": -3.8352186108642026, "log10_lambda": -3.7721260418166245, "log10_min_child_weight": 0.20119523464093125, "log10_subsample": -0.6865010191267892, "max_depth": 3.0, "num_boost_round": 12.0}, "datetime": {"datetime": "2024-01-19 00:47:44", "elapsed": 2116.643543, "delta": 0.002602}}
{"target": -13.758522162492442, "params": {"gamma": 605.1552885620707, "log10_alpha": -0.2717561822766523, "log10_colsample_bytree": -0.9871718781508877, "log10_eta": -3.8352186108642026, "log10_lambda": -3.7721260418166245, "log10_min_child_weight": 0.20119523464093125, "log10_subsample": -0.6865010191267892, "max_depth": 3.0, "num_boost_round": 13.0}, "datetime": {"datetime": "2024-01-19 00:47:44", "elapsed": 2116.754895, "delta": 0.111352}}
{"target": -13.758520335478899, "params": {"gamma": 605.1552885620707, "log10_alpha": -0.2717561822766523, "log10_colsample_bytree": -0.9871718781508877, "log10_eta": -3.8352186108642026, "log10_lambda": -3.7721260418166245, "log10_min_child_weight": 0.20119523464093125, "log10_subsample": -0.6865010191267892, "max_depth": 3.0, "num_boost_round": 14.0}, "datetime": {"datetime": "2024-01-19 00:47:44", "elapsed": 2116.758152, "delta": 0.003257}}
{"target": -13.758517080260283, "params": {"gamma": 605.1552885620707, "log10_alpha": -0.2717561822766523, "log10_colsample_bytree": -0.9871718781508877, "log10_eta": -3.8352186108642026, "log10_lambda": -3.7721260418166245, "log10_min_child_weight": 0.20119523464093125, "log10_subsample": -0.6865010191267892, "max_depth": 3.0, "num_boost_round": 15.0}, "datetime": {"datetime": "2024-01-19 00:47:44", "elapsed": 2116.760915, "delta": 0.002763}}
{"target": -13.758516712291176, "params": {"gamma": 605.1552885620707, "log10_alpha": -0.2717561822766523, "log10_colsample_bytree": -0.9871718781508877, "log10_eta": -3.8352186108642026, "log10_lambda": -3.7721260418166245, "log10_min_child_weight": 0.20119523464093125, "log10_subsample": -0.6865010191267892, "max_depth": 3.0, "num_boost_round": 16.0}, "datetime": {"datetime": "2024-01-19 00:47:44", "elapsed": 2116.763749, "delta": 0.002834}}
{"target": -13.758515269406166, "params": {"gamma": 605.1552885620707, "log10_alpha": -0.2717561822766523, "log10_colsample_bytree": -0.9871718781508877, "log10_eta": -3.8352186108642026, "log10_lambda": -3.7721260418166245, "log10_min_child_weight": 0.20119523464093125, "log10_subsample": -0.6865010191267892, "max_depth": 3.0, "num_boost_round": 17.0}, "datetime": {"datetime": "2024-01-19 00:47:44", "elapsed": 2116.766459, "delta": 0.00271}}
{"target": -13.758513201061605, "params": {"gamma": 605.1552885620707, "log10_alpha": -0.2717561822766523, "log10_colsample_bytree": -0.9871718781508877, "log10_eta": -3.8352186108642026, "log10_lambda": -3.7721260418166245, "log10_min_child_weight": 0.20119523464093125, "log10_subsample": -0.6865010191267892, "max_depth": 3.0, "num_boost_round": 18.0}, "datetime": {"datetime": "2024-01-19 00:47:44", "elapsed": 2116.769168, "delta": 0.002709}}
{"target": -13.758511573342508, "params": {"gamma": 605.1552885620707, "log10_alpha": -0.2717561822766523, "log10_colsample_bytree": -0.9871718781508877, "log10_eta": -3.8352186108642026, "log10_lambda": -3.7721260418166245, "log10_min_child_weight": 0.20119523464093125, "log10_subsample": -0.6865010191267892, "max_depth": 3.0, "num_boost_round": 19.0}, "datetime": {"datetime": "2024-01-19 00:47:44", "elapsed": 2116.771914, "delta": 0.002746}}
{"target": -13.758511413157825, "params": {"gamma": 605.1552885620707, "log10_alpha": -0.2717561822766523, "log10_colsample_bytree": -0.9871718781508877, "log10_eta": -3.8352186108642026, "log10_lambda": -3.7721260418166245, "log10_min_child_weight": 0.20119523464093125, "log10_subsample": -0.6865010191267892, "max_depth": 3.0, "num_boost_round": 20.0}, "datetime": {"datetime": "2024-01-19 00:47:44", "elapsed": 2116.774643, "delta": 0.002729}}
