{"target": -13.758538315390481, "params": {"gamma": 563.3839440388225, "log10_alpha": -2.2440278894019388, "log10_colsample_bytree": -1.0, "log10_eta": -4.0, "log10_lambda": 1.0, "log10_min_child_weight": 4.8721801678258405, "log10_subsample": -1.0, "max_depth": 2.0, "num_boost_round": 10.0}, "datetime": {"datetime": "2024-01-19 02:36:14", "elapsed": 8627.096625, "delta": 0.007532}}
{"target": -13.758538330262834, "params": {"gamma": 563.3839440388225, "log10_alpha": -2.2440278894019388, "log10_colsample_bytree": -1.0, "log10_eta": -4.0, "log10_lambda": 1.0, "log10_min_child_weight": 4.8721801678258405, "log10_subsample": -1.0, "max_depth": 2.0, "num_boost_round": 11.0}, "datetime": {"datetime": "2024-01-19 02:36:14", "elapsed": 8627.103898, "delta": 0.007273}}
{"target": -13.758538320987906, "params": {"gamma": 563.3839440388225, "log10_alpha": -2.2440278894019388, "log10_colsample_bytree": -1.0, "log10_eta": -4.0, "log10_lambda": 1.0, "log10_min_child_weight": 4.8721801678258405, "log10_subsample": -1.0, "max_depth": 2.0, "num_boost_round": 12.0}, "datetime": {"datetime": "2024-01-19 02:36:14", "elapsed": 8627.111945, "delta": 0.008047}}
{"target": -13.758538346585278, "params": {"gamma": 563.3839440388225, "log10_alpha": -2.2440278894019388, "log10_colsample_bytree": -1.0, "log10_eta": -4.0, "log10_lambda": 1.0, "log10_min_child_weight": 4.8721801678258405, "log10_subsample": -1.0, "max_depth": 2.0, "num_boost_round": 13.0}, "datetime": {"datetime": "2024-01-19 02:36:14", "elapsed": 8627.119584, "delta": 0.007639}}
{"target": -13.758538333239251, "params": {"gamma": 563.3839440388225, "log10_alpha": -2.2440278894019388, "log10_colsample_bytree": -1.0, "log10_eta": -4.0, "log10_lambda": 1.0, "log10_min_child_weight": 4.8721801678258405, "log10_subsample": -1.0, "max_depth": 2.0, "num_boost_round": 14.0}, "datetime": {"datetime": "2024-01-19 02:36:14", "elapsed": 8627.249733, "delta": 0.130149}}
{"target": -13.758538317754011, "params": {"gamma": 563.3839440388225, "log10_alpha": -2.2440278894019388, "log10_colsample_bytree": -1.0, "log10_eta": -4.0, "log10_lambda": 1.0, "log10_min_child_weight": 4.8721801678258405, "log10_subsample": -1.0, "max_depth": 2.0, "num_boost_round": 15.0}, "datetime": {"datetime": "2024-01-19 02:36:14", "elapsed": 8627.258252, "delta": 0.008519}}
{"target": -13.758538309222665, "params": {"gamma": 563.3839440388225, "log10_alpha": -2.2440278894019388, "log10_colsample_bytree": -1.0, "log10_eta": -4.0, "log10_lambda": 1.0, "log10_min_child_weight": 4.8721801678258405, "log10_subsample": -1.0, "max_depth": 2.0, "num_boost_round": 16.0}, "datetime": {"datetime": "2024-01-19 02:36:14", "elapsed": 8627.26595, "delta": 0.007698}}
{"target": -13.75853831880961, "params": {"gamma": 563.3839440388225, "log10_alpha": -2.2440278894019388, "log10_colsample_bytree": -1.0, "log10_eta": -4.0, "log10_lambda": 1.0, "log10_min_child_weight": 4.8721801678258405, "log10_subsample": -1.0, "max_depth": 2.0, "num_boost_round": 17.0}, "datetime": {"datetime": "2024-01-19 02:36:14", "elapsed": 8627.273327, "delta": 0.007377}}
{"target": -13.758538331736842, "params": {"gamma": 563.3839440388225, "log10_alpha": -2.2440278894019388, "log10_colsample_bytree": -1.0, "log10_eta": -4.0, "log10_lambda": 1.0, "log10_min_child_weight": 4.8721801678258405, "log10_subsample": -1.0, "max_depth": 2.0, "num_boost_round": 18.0}, "datetime": {"datetime": "2024-01-19 02:36:14", "elapsed": 8627.281231, "delta": 0.007904}}
{"target": -13.75853831164446, "params": {"gamma": 563.3839440388225, "log10_alpha": -2.2440278894019388, "log10_colsample_bytree": -1.0, "log10_eta": -4.0, "log10_lambda": 1.0, "log10_min_child_weight": 4.8721801678258405, "log10_subsample": -1.0, "max_depth": 2.0, "num_boost_round": 19.0}, "datetime": {"datetime": "2024-01-19 02:36:14", "elapsed": 8627.288834, "delta": 0.007603}}
{"target": -13.75853834365284, "params": {"gamma": 563.3839440388225, "log10_alpha": -2.2440278894019388, "log10_colsample_bytree": -1.0, "log10_eta": -4.0, "log10_lambda": 1.0, "log10_min_child_weight": 4.8721801678258405, "log10_subsample": -1.0, "max_depth": 2.0, "num_boost_round": 20.0}, "datetime": {"datetime": "2024-01-19 02:36:14", "elapsed": 8627.296367, "delta": 0.007533}}
{"target": -13.758538322087007, "params": {"gamma": 563.3839440388225, "log10_alpha": -2.2440278894019388, "log10_colsample_bytree": -1.0, "log10_eta": -4.0, "log10_lambda": 1.0, "log10_min_child_weight": 4.8721801678258405, "log10_subsample": -1.0, "max_depth": 2.0, "num_boost_round": 21.0}, "datetime": {"datetime": "2024-01-19 02:36:14", "elapsed": 8627.303521, "delta": 0.007154}}
{"target": -13.758538339615031, "params": {"gamma": 563.3839440388225, "log10_alpha": -2.2440278894019388, "log10_colsample_bytree": -1.0, "log10_eta": -4.0, "log10_lambda": 1.0, "log10_min_child_weight": 4.8721801678258405, "log10_subsample": -1.0, "max_depth": 2.0, "num_boost_round": 22.0}, "datetime": {"datetime": "2024-01-19 02:36:14", "elapsed": 8627.310877, "delta": 0.007356}}
{"target": -13.758538333245301, "params": {"gamma": 563.3839440388225, "log10_alpha": -2.2440278894019388, "log10_colsample_bytree": -1.0, "log10_eta": -4.0, "log10_lambda": 1.0, "log10_min_child_weight": 4.8721801678258405, "log10_subsample": -1.0, "max_depth": 2.0, "num_boost_round": 23.0}, "datetime": {"datetime": "2024-01-19 02:36:14", "elapsed": 8627.318056, "delta": 0.007179}}
{"target": -13.758538330727903, "params": {"gamma": 563.3839440388225, "log10_alpha": -2.2440278894019388, "log10_colsample_bytree": -1.0, "log10_eta": -4.0, "log10_lambda": 1.0, "log10_min_child_weight": 4.8721801678258405, "log10_subsample": -1.0, "max_depth": 2.0, "num_boost_round": 24.0}, "datetime": {"datetime": "2024-01-19 02:36:14", "elapsed": 8627.325634, "delta": 0.007578}}
{"target": -13.758538335628849, "params": {"gamma": 563.3839440388225, "log10_alpha": -2.2440278894019388, "log10_colsample_bytree": -1.0, "log10_eta": -4.0, "log10_lambda": 1.0, "log10_min_child_weight": 4.8721801678258405, "log10_subsample": -1.0, "max_depth": 2.0, "num_boost_round": 25.0}, "datetime": {"datetime": "2024-01-19 02:36:14", "elapsed": 8627.333234, "delta": 0.0076}}
{"target": -13.758538335654974, "params": {"gamma": 563.3839440388225, "log10_alpha": -2.2440278894019388, "log10_colsample_bytree": -1.0, "log10_eta": -4.0, "log10_lambda": 1.0, "log10_min_child_weight": 4.8721801678258405, "log10_subsample": -1.0, "max_depth": 2.0, "num_boost_round": 26.0}, "datetime": {"datetime": "2024-01-19 02:36:14", "elapsed": 8627.449137, "delta": 0.115903}}
{"target": -13.758538305470406, "params": {"gamma": 563.3839440388225, "log10_alpha": -2.2440278894019388, "log10_colsample_bytree": -1.0, "log10_eta": -4.0, "log10_lambda": 1.0, "log10_min_child_weight": 4.8721801678258405, "log10_subsample": -1.0, "max_depth": 2.0, "num_boost_round": 27.0}, "datetime": {"datetime": "2024-01-19 02:36:14", "elapsed": 8627.457218, "delta": 0.008081}}
{"target": -13.758538323483767, "params": {"gamma": 563.3839440388225, "log10_alpha": -2.2440278894019388, "log10_colsample_bytree": -1.0, "log10_eta": -4.0, "log10_lambda": 1.0, "log10_min_child_weight": 4.8721801678258405, "log10_subsample": -1.0, "max_depth": 2.0, "num_boost_round": 28.0}, "datetime": {"datetime": "2024-01-19 02:36:14", "elapsed": 8627.464533, "delta": 0.007315}}
{"target": -13.758538323692482, "params": {"gamma": 563.3839440388225, "log10_alpha": -2.2440278894019388, "log10_colsample_bytree": -1.0, "log10_eta": -4.0, "log10_lambda": 1.0, "log10_min_child_weight": 4.8721801678258405, "log10_subsample": -1.0, "max_depth": 2.0, "num_boost_round": 29.0}, "datetime": {"datetime": "2024-01-19 02:36:15", "elapsed": 8627.58031, "delta": 0.115777}}
{"target": -13.758537177132416, "params": {"gamma": 642.7746289610914, "log10_alpha": -5.0, "log10_colsample_bytree": -0.5578725146519231, "log10_eta": -4.0, "log10_lambda": 1.0, "log10_min_child_weight": 0.0, "log10_subsample": 0.0, "max_depth": 2.0, "num_boost_round": 0.0}, "datetime": {"datetime": "2024-01-19 02:37:56", "elapsed": 8729.324012, "delta": 101.743702}}
{"target": -13.758535803535512, "params": {"gamma": 642.7746289610914, "log10_alpha": -5.0, "log10_colsample_bytree": -0.5578725146519231, "log10_eta": -4.0, "log10_lambda": 1.0, "log10_min_child_weight": 0.0, "log10_subsample": 0.0, "max_depth": 2.0, "num_boost_round": 1.0}, "datetime": {"datetime": "2024-01-19 02:37:56", "elapsed": 8729.333614, "delta": 0.009602}}
{"target": -13.758535601187994, "params": {"gamma": 642.7746289610914, "log10_alpha": -5.0, "log10_colsample_bytree": -0.5578725146519231, "log10_eta": -4.0, "log10_lambda": 1.0, "log10_min_child_weight": 0.0, "log10_subsample": 0.0, "max_depth": 2.0, "num_boost_round": 2.0}, "datetime": {"datetime": "2024-01-19 02:37:56", "elapsed": 8729.341415, "delta": 0.007801}}
{"target": -13.758534739280966, "params": {"gamma": 642.7746289610914, "log10_alpha": -5.0, "log10_colsample_bytree": -0.5578725146519231, "log10_eta": -4.0, "log10_lambda": 1.0, "log10_min_child_weight": 0.0, "log10_subsample": 0.0, "max_depth": 2.0, "num_boost_round": 3.0}, "datetime": {"datetime": "2024-01-19 02:37:56", "elapsed": 8729.348718, "delta": 0.007303}}
{"target": -13.758534226765155, "params": {"gamma": 642.7746289610914, "log10_alpha": -5.0, "log10_colsample_bytree": -0.5578725146519231, "log10_eta": -4.0, "log10_lambda": 1.0, "log10_min_child_weight": 0.0, "log10_subsample": 0.0, "max_depth": 2.0, "num_boost_round": 4.0}, "datetime": {"datetime": "2024-01-19 02:37:56", "elapsed": 8729.35641, "delta": 0.007692}}
{"target": -13.758533866541027, "params": {"gamma": 642.7746289610914, "log10_alpha": -5.0, "log10_colsample_bytree": -0.5578725146519231, "log10_eta": -4.0, "log10_lambda": 1.0, "log10_min_child_weight": 0.0, "log10_subsample": 0.0, "max_depth": 2.0, "num_boost_round": 5.0}, "datetime": {"datetime": "2024-01-19 02:37:56", "elapsed": 8729.364351, "delta": 0.007941}}
{"target": -13.758532771653304, "params": {"gamma": 642.7746289610914, "log10_alpha": -5.0, "log10_colsample_bytree": -0.5578725146519231, "log10_eta": -4.0, "log10_lambda": 1.0, "log10_min_child_weight": 0.0, "log10_subsample": 0.0, "max_depth": 2.0, "num_boost_round": 6.0}, "datetime": {"datetime": "2024-01-19 02:37:56", "elapsed": 8729.372913, "delta": 0.008562}}
{"target": -13.758532095802654, "params": {"gamma": 642.7746289610914, "log10_alpha": -5.0, "log10_colsample_bytree": -0.5578725146519231, "log10_eta": -4.0, "log10_lambda": 1.0, "log10_min_child_weight": 0.0, "log10_subsample": 0.0, "max_depth": 2.0, "num_boost_round": 7.0}, "datetime": {"datetime": "2024-01-19 02:37:56", "elapsed": 8729.380867, "delta": 0.007954}}
{"target": -13.75853073476734, "params": {"gamma": 642.7746289610914, "log10_alpha": -5.0, "log10_colsample_bytree": -0.5578725146519231, "log10_eta": -4.0, "log10_lambda": 1.0, "log10_min_child_weight": 0.0, "log10_subsample": 0.0, "max_depth": 2.0, "num_boost_round": 8.0}, "datetime": {"datetime": "2024-01-19 02:37:56", "elapsed": 8729.388188, "delta": 0.007321}}
{"target": -13.7585295825307, "params": {"gamma": 642.7746289610914, "log10_alpha": -5.0, "log10_colsample_bytree": -0.5578725146519231, "log10_eta": -4.0, "log10_lambda": 1.0, "log10_min_child_weight": 0.0, "log10_subsample": 0.0, "max_depth": 2.0, "num_boost_round": 9.0}, "datetime": {"datetime": "2024-01-19 02:37:56", "elapsed": 8729.395801, "delta": 0.007613}}
{"target": -13.758528635310347, "params": {"gamma": 642.7746289610914, "log10_alpha": -5.0, "log10_colsample_bytree": -0.5578725146519231, "log10_eta": -4.0, "log10_lambda": 1.0, "log10_min_child_weight": 0.0, "log10_subsample": 0.0, "max_depth": 2.0, "num_boost_round": 10.0}, "datetime": {"datetime": "2024-01-19 02:37:56", "elapsed": 8729.402828, "delta": 0.007027}}
{"target": -13.758527469268955, "params": {"gamma": 642.7746289610914, "log10_alpha": -5.0, "log10_colsample_bytree": -0.5578725146519231, "log10_eta": -4.0, "log10_lambda": 1.0, "log10_min_child_weight": 0.0, "log10_subsample": 0.0, "max_depth": 2.0, "num_boost_round": 11.0}, "datetime": {"datetime": "2024-01-19 02:37:56", "elapsed": 8729.409925, "delta": 0.007097}}
{"target": -13.758526104739861, "params": {"gamma": 642.7746289610914, "log10_alpha": -5.0, "log10_colsample_bytree": -0.5578725146519231, "log10_eta": -4.0, "log10_lambda": 1.0, "log10_min_child_weight": 0.0, "log10_subsample": 0.0, "max_depth": 2.0, "num_boost_round": 12.0}, "datetime": {"datetime": "2024-01-19 02:37:56", "elapsed": 8729.416728, "delta": 0.006803}}
{"target": -13.758525018135654, "params": {"gamma": 642.7746289610914, "log10_alpha": -5.0, "log10_colsample_bytree": -0.5578725146519231, "log10_eta": -4.0, "log10_lambda": 1.0, "log10_min_child_weight": 0.0, "log10_subsample": 0.0, "max_depth": 2.0, "num_boost_round": 13.0}, "datetime": {"datetime": "2024-01-19 02:37:56", "elapsed": 8729.55193, "delta": 0.135202}}
{"target": -13.758524714204746, "params": {"gamma": 642.7746289610914, "log10_alpha": -5.0, "log10_colsample_bytree": -0.5578725146519231, "log10_eta": -4.0, "log10_lambda": 1.0, "log10_min_child_weight": 0.0, "log10_subsample": 0.0, "max_depth": 2.0, "num_boost_round": 14.0}, "datetime": {"datetime": "2024-01-19 02:37:56", "elapsed": 8729.560809, "delta": 0.008879}}
{"target": -13.758523584046994, "params": {"gamma": 642.7746289610914, "log10_alpha": -5.0, "log10_colsample_bytree": -0.5578725146519231, "log10_eta": -4.0, "log10_lambda": 1.0, "log10_min_child_weight": 0.0, "log10_subsample": 0.0, "max_depth": 2.0, "num_boost_round": 15.0}, "datetime": {"datetime": "2024-01-19 02:37:56", "elapsed": 8729.568255, "delta": 0.007446}}
{"target": -13.758523753907122, "params": {"gamma": 642.7746289610914, "log10_alpha": -5.0, "log10_colsample_bytree": -0.5578725146519231, "log10_eta": -4.0, "log10_lambda": 1.0, "log10_min_child_weight": 0.0, "log10_subsample": 0.0, "max_depth": 2.0, "num_boost_round": 16.0}, "datetime": {"datetime": "2024-01-19 02:37:57", "elapsed": 8729.575769, "delta": 0.007514}}
{"target": -13.758523720294331, "params": {"gamma": 642.7746289610914, "log10_alpha": -5.0, "log10_colsample_bytree": -0.5578725146519231, "log10_eta": -4.0, "log10_lambda": 1.0, "log10_min_child_weight": 0.0, "log10_subsample": 0.0, "max_depth": 2.0, "num_boost_round": 17.0}, "datetime": {"datetime": "2024-01-19 02:37:57", "elapsed": 8729.583064, "delta": 0.007295}}
{"target": -13.758523560663962, "params": {"gamma": 642.7746289610914, "log10_alpha": -5.0, "log10_colsample_bytree": -0.5578725146519231, "log10_eta": -4.0, "log10_lambda": 1.0, "log10_min_child_weight": 0.0, "log10_subsample": 0.0, "max_depth": 2.0, "num_boost_round": 18.0}, "datetime": {"datetime": "2024-01-19 02:37:57", "elapsed": 8729.590407, "delta": 0.007343}}
{"target": -13.758522773812459, "params": {"gamma": 642.7746289610914, "log10_alpha": -5.0, "log10_colsample_bytree": -0.5578725146519231, "log10_eta": -4.0, "log10_lambda": 1.0, "log10_min_child_weight": 0.0, "log10_subsample": 0.0, "max_depth": 2.0, "num_boost_round": 19.0}, "datetime": {"datetime": "2024-01-19 02:37:57", "elapsed": 8729.597705, "delta": 0.007298}}
{"target": -13.758521639306236, "params": {"gamma": 642.7746289610914, "log10_alpha": -5.0, "log10_colsample_bytree": -0.5578725146519231, "log10_eta": -4.0, "log10_lambda": 1.0, "log10_min_child_weight": 0.0, "log10_subsample": 0.0, "max_depth": 2.0, "num_boost_round": 20.0}, "datetime": {"datetime": "2024-01-19 02:37:57", "elapsed": 8729.605588, "delta": 0.007883}}
{"target": -13.758521357065408, "params": {"gamma": 642.7746289610914, "log10_alpha": -5.0, "log10_colsample_bytree": -0.5578725146519231, "log10_eta": -4.0, "log10_lambda": 1.0, "log10_min_child_weight": 0.0, "log10_subsample": 0.0, "max_depth": 2.0, "num_boost_round": 21.0}, "datetime": {"datetime": "2024-01-19 02:37:57", "elapsed": 8729.613109, "delta": 0.007521}}
{"target": -13.758520834087937, "params": {"gamma": 642.7746289610914, "log10_alpha": -5.0, "log10_colsample_bytree": -0.5578725146519231, "log10_eta": -4.0, "log10_lambda": 1.0, "log10_min_child_weight": 0.0, "log10_subsample": 0.0, "max_depth": 2.0, "num_boost_round": 22.0}, "datetime": {"datetime": "2024-01-19 02:37:57", "elapsed": 8729.620315, "delta": 0.007206}}
{"target": -13.758519812277507, "params": {"gamma": 642.7746289610914, "log10_alpha": -5.0, "log10_colsample_bytree": -0.5578725146519231, "log10_eta": -4.0, "log10_lambda": 1.0, "log10_min_child_weight": 0.0, "log10_subsample": 0.0, "max_depth": 2.0, "num_boost_round": 23.0}, "datetime": {"datetime": "2024-01-19 02:37:57", "elapsed": 8729.627457, "delta": 0.007142}}
