{"target": -17.67651882303446, "params": {"gamma": 421.86417808844226, "log10_alpha": -4.06542127448879, "log10_colsample_bytree": -0.8532202620152208, "log10_eta": -3.3058309588274364, "log10_lambda": -2.9047379459981073, "log10_min_child_weight": 1.8372313639396527, "log10_subsample": -0.8453793891036206, "max_depth": 5.0, "num_boost_round": 40.0}, "datetime": {"datetime": "2024-01-19 00:18:45", "elapsed": 415.395878, "delta": 0.001324}}
{"target": -17.67652593055001, "params": {"gamma": 421.86417808844226, "log10_alpha": -4.06542127448879, "log10_colsample_bytree": -0.8532202620152208, "log10_eta": -3.3058309588274364, "log10_lambda": -2.9047379459981073, "log10_min_child_weight": 1.8372313639396527, "log10_subsample": -0.8453793891036206, "max_depth": 5.0, "num_boost_round": 41.0}, "datetime": {"datetime": "2024-01-19 00:18:45", "elapsed": 415.397202, "delta": 0.001324}}
{"target": -17.67649182585537, "params": {"gamma": 421.86417808844226, "log10_alpha": -4.06542127448879, "log10_colsample_bytree": -0.8532202620152208, "log10_eta": -3.3058309588274364, "log10_lambda": -2.9047379459981073, "log10_min_child_weight": 1.8372313639396527, "log10_subsample": -0.8453793891036206, "max_depth": 5.0, "num_boost_round": 42.0}, "datetime": {"datetime": "2024-01-19 00:18:45", "elapsed": 415.398938, "delta": 0.001736}}
{"target": -17.676477611035022, "params": {"gamma": 421.86417808844226, "log10_alpha": -4.06542127448879, "log10_colsample_bytree": -0.8532202620152208, "log10_eta": -3.3058309588274364, "log10_lambda": -2.9047379459981073, "log10_min_child_weight": 1.8372313639396527, "log10_subsample": -0.8453793891036206, "max_depth": 5.0, "num_boost_round": 43.0}, "datetime": {"datetime": "2024-01-19 00:18:45", "elapsed": 415.400401, "delta": 0.001463}}
{"target": -17.67647076285753, "params": {"gamma": 421.86417808844226, "log10_alpha": -4.06542127448879, "log10_colsample_bytree": -0.8532202620152208, "log10_eta": -3.3058309588274364, "log10_lambda": -2.9047379459981073, "log10_min_child_weight": 1.8372313639396527, "log10_subsample": -0.8453793891036206, "max_depth": 5.0, "num_boost_round": 44.0}, "datetime": {"datetime": "2024-01-19 00:18:45", "elapsed": 415.401773, "delta": 0.001372}}
{"target": -17.67646455837612, "params": {"gamma": 421.86417808844226, "log10_alpha": -4.06542127448879, "log10_colsample_bytree": -0.8532202620152208, "log10_eta": -3.3058309588274364, "log10_lambda": -2.9047379459981073, "log10_min_child_weight": 1.8372313639396527, "log10_subsample": -0.8453793891036206, "max_depth": 5.0, "num_boost_round": 45.0}, "datetime": {"datetime": "2024-01-19 00:18:45", "elapsed": 415.403157, "delta": 0.001384}}
{"target": -17.676460649592258, "params": {"gamma": 421.86417808844226, "log10_alpha": -4.06542127448879, "log10_colsample_bytree": -0.8532202620152208, "log10_eta": -3.3058309588274364, "log10_lambda": -2.9047379459981073, "log10_min_child_weight": 1.8372313639396527, "log10_subsample": -0.8453793891036206, "max_depth": 5.0, "num_boost_round": 46.0}, "datetime": {"datetime": "2024-01-19 00:18:45", "elapsed": 415.404458, "delta": 0.001301}}
{"target": -17.676426610757602, "params": {"gamma": 421.86417808844226, "log10_alpha": -4.06542127448879, "log10_colsample_bytree": -0.8532202620152208, "log10_eta": -3.3058309588274364, "log10_lambda": -2.9047379459981073, "log10_min_child_weight": 1.8372313639396527, "log10_subsample": -0.8453793891036206, "max_depth": 5.0, "num_boost_round": 47.0}, "datetime": {"datetime": "2024-01-19 00:18:45", "elapsed": 415.405793, "delta": 0.001335}}
{"target": -17.676410503462154, "params": {"gamma": 421.86417808844226, "log10_alpha": -4.06542127448879, "log10_colsample_bytree": -0.8532202620152208, "log10_eta": -3.3058309588274364, "log10_lambda": -2.9047379459981073, "log10_min_child_weight": 1.8372313639396527, "log10_subsample": -0.8453793891036206, "max_depth": 5.0, "num_boost_round": 48.0}, "datetime": {"datetime": "2024-01-19 00:18:45", "elapsed": 415.407156, "delta": 0.001363}}
{"target": -17.6763983850706, "params": {"gamma": 421.86417808844226, "log10_alpha": -4.06542127448879, "log10_colsample_bytree": -0.8532202620152208, "log10_eta": -3.3058309588274364, "log10_lambda": -2.9047379459981073, "log10_min_child_weight": 1.8372313639396527, "log10_subsample": -0.8453793891036206, "max_depth": 5.0, "num_boost_round": 49.0}, "datetime": {"datetime": "2024-01-19 00:18:45", "elapsed": 415.40849, "delta": 0.001334}}
{"target": -17.67639678957203, "params": {"gamma": 421.86417808844226, "log10_alpha": -4.06542127448879, "log10_colsample_bytree": -0.8532202620152208, "log10_eta": -3.3058309588274364, "log10_lambda": -2.9047379459981073, "log10_min_child_weight": 1.8372313639396527, "log10_subsample": -0.8453793891036206, "max_depth": 5.0, "num_boost_round": 50.0}, "datetime": {"datetime": "2024-01-19 00:18:45", "elapsed": 415.409832, "delta": 0.001342}}
{"target": -17.676388442797172, "params": {"gamma": 421.86417808844226, "log10_alpha": -4.06542127448879, "log10_colsample_bytree": -0.8532202620152208, "log10_eta": -3.3058309588274364, "log10_lambda": -2.9047379459981073, "log10_min_child_weight": 1.8372313639396527, "log10_subsample": -0.8453793891036206, "max_depth": 5.0, "num_boost_round": 51.0}, "datetime": {"datetime": "2024-01-19 00:18:45", "elapsed": 415.411175, "delta": 0.001343}}
{"target": -17.676372851399417, "params": {"gamma": 421.86417808844226, "log10_alpha": -4.06542127448879, "log10_colsample_bytree": -0.8532202620152208, "log10_eta": -3.3058309588274364, "log10_lambda": -2.9047379459981073, "log10_min_child_weight": 1.8372313639396527, "log10_subsample": -0.8453793891036206, "max_depth": 5.0, "num_boost_round": 52.0}, "datetime": {"datetime": "2024-01-19 00:18:45", "elapsed": 415.412517, "delta": 0.001342}}
{"target": -17.67634463877941, "params": {"gamma": 421.86417808844226, "log10_alpha": -4.06542127448879, "log10_colsample_bytree": -0.8532202620152208, "log10_eta": -3.3058309588274364, "log10_lambda": -2.9047379459981073, "log10_min_child_weight": 1.8372313639396527, "log10_subsample": -0.8453793891036206, "max_depth": 5.0, "num_boost_round": 53.0}, "datetime": {"datetime": "2024-01-19 00:18:45", "elapsed": 415.41384, "delta": 0.001323}}
{"target": -17.676328016075406, "params": {"gamma": 421.86417808844226, "log10_alpha": -4.06542127448879, "log10_colsample_bytree": -0.8532202620152208, "log10_eta": -3.3058309588274364, "log10_lambda": -2.9047379459981073, "log10_min_child_weight": 1.8372313639396527, "log10_subsample": -0.8453793891036206, "max_depth": 5.0, "num_boost_round": 54.0}, "datetime": {"datetime": "2024-01-19 00:18:45", "elapsed": 415.415178, "delta": 0.001338}}
{"target": -17.676308789977213, "params": {"gamma": 421.86417808844226, "log10_alpha": -4.06542127448879, "log10_colsample_bytree": -0.8532202620152208, "log10_eta": -3.3058309588274364, "log10_lambda": -2.9047379459981073, "log10_min_child_weight": 1.8372313639396527, "log10_subsample": -0.8453793891036206, "max_depth": 5.0, "num_boost_round": 55.0}, "datetime": {"datetime": "2024-01-19 00:18:45", "elapsed": 415.416547, "delta": 0.001369}}
{"target": -17.676300330882153, "params": {"gamma": 421.86417808844226, "log10_alpha": -4.06542127448879, "log10_colsample_bytree": -0.8532202620152208, "log10_eta": -3.3058309588274364, "log10_lambda": -2.9047379459981073, "log10_min_child_weight": 1.8372313639396527, "log10_subsample": -0.8453793891036206, "max_depth": 5.0, "num_boost_round": 56.0}, "datetime": {"datetime": "2024-01-19 00:18:45", "elapsed": 415.417912, "delta": 0.001365}}
{"target": -17.676301986119956, "params": {"gamma": 421.86417808844226, "log10_alpha": -4.06542127448879, "log10_colsample_bytree": -0.8532202620152208, "log10_eta": -3.3058309588274364, "log10_lambda": -2.9047379459981073, "log10_min_child_weight": 1.8372313639396527, "log10_subsample": -0.8453793891036206, "max_depth": 5.0, "num_boost_round": 57.0}, "datetime": {"datetime": "2024-01-19 00:18:45", "elapsed": 415.419265, "delta": 0.001353}}
{"target": -17.676275669946982, "params": {"gamma": 421.86417808844226, "log10_alpha": -4.06542127448879, "log10_colsample_bytree": -0.8532202620152208, "log10_eta": -3.3058309588274364, "log10_lambda": -2.9047379459981073, "log10_min_child_weight": 1.8372313639396527, "log10_subsample": -0.8453793891036206, "max_depth": 5.0, "num_boost_round": 58.0}, "datetime": {"datetime": "2024-01-19 00:18:45", "elapsed": 415.420622, "delta": 0.001357}}
{"target": -17.67622997387665, "params": {"gamma": 421.86417808844226, "log10_alpha": -4.06542127448879, "log10_colsample_bytree": -0.8532202620152208, "log10_eta": -3.3058309588274364, "log10_lambda": -2.9047379459981073, "log10_min_child_weight": 1.8372313639396527, "log10_subsample": -0.8453793891036206, "max_depth": 5.0, "num_boost_round": 59.0}, "datetime": {"datetime": "2024-01-19 00:18:45", "elapsed": 415.421968, "delta": 0.001346}}
{"target": -17.676248079303203, "params": {"gamma": 421.86417808844226, "log10_alpha": -4.06542127448879, "log10_colsample_bytree": -0.8532202620152208, "log10_eta": -3.3058309588274364, "log10_lambda": -2.9047379459981073, "log10_min_child_weight": 1.8372313639396527, "log10_subsample": -0.8453793891036206, "max_depth": 5.0, "num_boost_round": 60.0}, "datetime": {"datetime": "2024-01-19 00:18:45", "elapsed": 415.423346, "delta": 0.001378}}
{"target": -17.676218853665727, "params": {"gamma": 421.86417808844226, "log10_alpha": -4.06542127448879, "log10_colsample_bytree": -0.8532202620152208, "log10_eta": -3.3058309588274364, "log10_lambda": -2.9047379459981073, "log10_min_child_weight": 1.8372313639396527, "log10_subsample": -0.8453793891036206, "max_depth": 5.0, "num_boost_round": 61.0}, "datetime": {"datetime": "2024-01-19 00:18:45", "elapsed": 415.425104, "delta": 0.001758}}
{"target": -17.676205786794142, "params": {"gamma": 421.86417808844226, "log10_alpha": -4.06542127448879, "log10_colsample_bytree": -0.8532202620152208, "log10_eta": -3.3058309588274364, "log10_lambda": -2.9047379459981073, "log10_min_child_weight": 1.8372313639396527, "log10_subsample": -0.8453793891036206, "max_depth": 5.0, "num_boost_round": 62.0}, "datetime": {"datetime": "2024-01-19 00:18:45", "elapsed": 415.426642, "delta": 0.001538}}
{"target": -17.67618724349899, "params": {"gamma": 421.86417808844226, "log10_alpha": -4.06542127448879, "log10_colsample_bytree": -0.8532202620152208, "log10_eta": -3.3058309588274364, "log10_lambda": -2.9047379459981073, "log10_min_child_weight": 1.8372313639396527, "log10_subsample": -0.8453793891036206, "max_depth": 5.0, "num_boost_round": 63.0}, "datetime": {"datetime": "2024-01-19 00:18:45", "elapsed": 415.428053, "delta": 0.001411}}
{"target": -17.676159560636854, "params": {"gamma": 421.86417808844226, "log10_alpha": -4.06542127448879, "log10_colsample_bytree": -0.8532202620152208, "log10_eta": -3.3058309588274364, "log10_lambda": -2.9047379459981073, "log10_min_child_weight": 1.8372313639396527, "log10_subsample": -0.8453793891036206, "max_depth": 5.0, "num_boost_round": 64.0}, "datetime": {"datetime": "2024-01-19 00:18:45", "elapsed": 415.429364, "delta": 0.001311}}
{"target": -17.676157696946156, "params": {"gamma": 421.86417808844226, "log10_alpha": -4.06542127448879, "log10_colsample_bytree": -0.8532202620152208, "log10_eta": -3.3058309588274364, "log10_lambda": -2.9047379459981073, "log10_min_child_weight": 1.8372313639396527, "log10_subsample": -0.8453793891036206, "max_depth": 5.0, "num_boost_round": 65.0}, "datetime": {"datetime": "2024-01-19 00:18:45", "elapsed": 415.430703, "delta": 0.001339}}
{"target": -17.67613866098362, "params": {"gamma": 421.86417808844226, "log10_alpha": -4.06542127448879, "log10_colsample_bytree": -0.8532202620152208, "log10_eta": -3.3058309588274364, "log10_lambda": -2.9047379459981073, "log10_min_child_weight": 1.8372313639396527, "log10_subsample": -0.8453793891036206, "max_depth": 5.0, "num_boost_round": 66.0}, "datetime": {"datetime": "2024-01-19 00:18:45", "elapsed": 415.43206, "delta": 0.001357}}
{"target": -17.676091214740715, "params": {"gamma": 421.86417808844226, "log10_alpha": -4.06542127448879, "log10_colsample_bytree": -0.8532202620152208, "log10_eta": -3.3058309588274364, "log10_lambda": -2.9047379459981073, "log10_min_child_weight": 1.8372313639396527, "log10_subsample": -0.8453793891036206, "max_depth": 5.0, "num_boost_round": 67.0}, "datetime": {"datetime": "2024-01-19 00:18:45", "elapsed": 415.433394, "delta": 0.001334}}
{"target": -17.67607526828245, "params": {"gamma": 421.86417808844226, "log10_alpha": -4.06542127448879, "log10_colsample_bytree": -0.8532202620152208, "log10_eta": -3.3058309588274364, "log10_lambda": -2.9047379459981073, "log10_min_child_weight": 1.8372313639396527, "log10_subsample": -0.8453793891036206, "max_depth": 5.0, "num_boost_round": 68.0}, "datetime": {"datetime": "2024-01-19 00:18:45", "elapsed": 415.434747, "delta": 0.001353}}
{"target": -17.676040740030935, "params": {"gamma": 421.86417808844226, "log10_alpha": -4.06542127448879, "log10_colsample_bytree": -0.8532202620152208, "log10_eta": -3.3058309588274364, "log10_lambda": -2.9047379459981073, "log10_min_child_weight": 1.8372313639396527, "log10_subsample": -0.8453793891036206, "max_depth": 5.0, "num_boost_round": 69.0}, "datetime": {"datetime": "2024-01-19 00:18:45", "elapsed": 415.436115, "delta": 0.001368}}
{"target": -17.676034623635307, "params": {"gamma": 421.86417808844226, "log10_alpha": -4.06542127448879, "log10_colsample_bytree": -0.8532202620152208, "log10_eta": -3.3058309588274364, "log10_lambda": -2.9047379459981073, "log10_min_child_weight": 1.8372313639396527, "log10_subsample": -0.8453793891036206, "max_depth": 5.0, "num_boost_round": 70.0}, "datetime": {"datetime": "2024-01-19 00:18:45", "elapsed": 415.43747, "delta": 0.001355}}
{"target": -17.676021514308765, "params": {"gamma": 421.86417808844226, "log10_alpha": -4.06542127448879, "log10_colsample_bytree": -0.8532202620152208, "log10_eta": -3.3058309588274364, "log10_lambda": -2.9047379459981073, "log10_min_child_weight": 1.8372313639396527, "log10_subsample": -0.8453793891036206, "max_depth": 5.0, "num_boost_round": 71.0}, "datetime": {"datetime": "2024-01-19 00:18:45", "elapsed": 415.438812, "delta": 0.001342}}
{"target": -17.67601155634458, "params": {"gamma": 421.86417808844226, "log10_alpha": -4.06542127448879, "log10_colsample_bytree": -0.8532202620152208, "log10_eta": -3.3058309588274364, "log10_lambda": -2.9047379459981073, "log10_min_child_weight": 1.8372313639396527, "log10_subsample": -0.8453793891036206, "max_depth": 5.0, "num_boost_round": 72.0}, "datetime": {"datetime": "2024-01-19 00:18:45", "elapsed": 415.440159, "delta": 0.001347}}
{"target": -17.67597855762431, "params": {"gamma": 421.86417808844226, "log10_alpha": -4.06542127448879, "log10_colsample_bytree": -0.8532202620152208, "log10_eta": -3.3058309588274364, "log10_lambda": -2.9047379459981073, "log10_min_child_weight": 1.8372313639396527, "log10_subsample": -0.8453793891036206, "max_depth": 5.0, "num_boost_round": 73.0}, "datetime": {"datetime": "2024-01-19 00:18:45", "elapsed": 415.441539, "delta": 0.00138}}
{"target": -17.67597951686183, "params": {"gamma": 421.86417808844226, "log10_alpha": -4.06542127448879, "log10_colsample_bytree": -0.8532202620152208, "log10_eta": -3.3058309588274364, "log10_lambda": -2.9047379459981073, "log10_min_child_weight": 1.8372313639396527, "log10_subsample": -0.8453793891036206, "max_depth": 5.0, "num_boost_round": 74.0}, "datetime": {"datetime": "2024-01-19 00:18:45", "elapsed": 415.442898, "delta": 0.001359}}
{"target": -17.6759743674934, "params": {"gamma": 421.86417808844226, "log10_alpha": -4.06542127448879, "log10_colsample_bytree": -0.8532202620152208, "log10_eta": -3.3058309588274364, "log10_lambda": -2.9047379459981073, "log10_min_child_weight": 1.8372313639396527, "log10_subsample": -0.8453793891036206, "max_depth": 5.0, "num_boost_round": 75.0}, "datetime": {"datetime": "2024-01-19 00:18:45", "elapsed": 415.444285, "delta": 0.001387}}
{"target": -17.675950157035814, "params": {"gamma": 421.86417808844226, "log10_alpha": -4.06542127448879, "log10_colsample_bytree": -0.8532202620152208, "log10_eta": -3.3058309588274364, "log10_lambda": -2.9047379459981073, "log10_min_child_weight": 1.8372313639396527, "log10_subsample": -0.8453793891036206, "max_depth": 5.0, "num_boost_round": 76.0}, "datetime": {"datetime": "2024-01-19 00:18:45", "elapsed": 415.445644, "delta": 0.001359}}
{"target": -17.675919176721322, "params": {"gamma": 421.86417808844226, "log10_alpha": -4.06542127448879, "log10_colsample_bytree": -0.8532202620152208, "log10_eta": -3.3058309588274364, "log10_lambda": -2.9047379459981073, "log10_min_child_weight": 1.8372313639396527, "log10_subsample": -0.8453793891036206, "max_depth": 5.0, "num_boost_round": 77.0}, "datetime": {"datetime": "2024-01-19 00:18:45", "elapsed": 415.447001, "delta": 0.001357}}
{"target": -17.67591706810755, "params": {"gamma": 421.86417808844226, "log10_alpha": -4.06542127448879, "log10_colsample_bytree": -0.8532202620152208, "log10_eta": -3.3058309588274364, "log10_lambda": -2.9047379459981073, "log10_min_child_weight": 1.8372313639396527, "log10_subsample": -0.8453793891036206, "max_depth": 5.0, "num_boost_round": 78.0}, "datetime": {"datetime": "2024-01-19 00:18:45", "elapsed": 415.448355, "delta": 0.001354}}
{"target": -17.675909301117926, "params": {"gamma": 421.86417808844226, "log10_alpha": -4.06542127448879, "log10_colsample_bytree": -0.8532202620152208, "log10_eta": -3.3058309588274364, "log10_lambda": -2.9047379459981073, "log10_min_child_weight": 1.8372313639396527, "log10_subsample": -0.8453793891036206, "max_depth": 5.0, "num_boost_round": 79.0}, "datetime": {"datetime": "2024-01-19 00:18:45", "elapsed": 415.449702, "delta": 0.001347}}
{"target": -17.675914791408506, "params": {"gamma": 421.86417808844226, "log10_alpha": -4.06542127448879, "log10_colsample_bytree": -0.8532202620152208, "log10_eta": -3.3058309588274364, "log10_lambda": -2.9047379459981073, "log10_min_child_weight": 1.8372313639396527, "log10_subsample": -0.8453793891036206, "max_depth": 5.0, "num_boost_round": 80.0}, "datetime": {"datetime": "2024-01-19 00:18:45", "elapsed": 415.451466, "delta": 0.001764}}
{"target": -17.675887378005804, "params": {"gamma": 421.86417808844226, "log10_alpha": -4.06542127448879, "log10_colsample_bytree": -0.8532202620152208, "log10_eta": -3.3058309588274364, "log10_lambda": -2.9047379459981073, "log10_min_child_weight": 1.8372313639396527, "log10_subsample": -0.8453793891036206, "max_depth": 5.0, "num_boost_round": 81.0}, "datetime": {"datetime": "2024-01-19 00:18:45", "elapsed": 415.453711, "delta": 0.002245}}
{"target": -17.67586252313957, "params": {"gamma": 421.86417808844226, "log10_alpha": -4.06542127448879, "log10_colsample_bytree": -0.8532202620152208, "log10_eta": -3.3058309588274364, "log10_lambda": -2.9047379459981073, "log10_min_child_weight": 1.8372313639396527, "log10_subsample": -0.8453793891036206, "max_depth": 5.0, "num_boost_round": 82.0}, "datetime": {"datetime": "2024-01-19 00:18:45", "elapsed": 415.455152, "delta": 0.001441}}
{"target": -17.67584024762175, "params": {"gamma": 421.86417808844226, "log10_alpha": -4.06542127448879, "log10_colsample_bytree": -0.8532202620152208, "log10_eta": -3.3058309588274364, "log10_lambda": -2.9047379459981073, "log10_min_child_weight": 1.8372313639396527, "log10_subsample": -0.8453793891036206, "max_depth": 5.0, "num_boost_round": 83.0}, "datetime": {"datetime": "2024-01-19 00:18:45", "elapsed": 415.456636, "delta": 0.001484}}
{"target": -17.675806082401323, "params": {"gamma": 421.86417808844226, "log10_alpha": -4.06542127448879, "log10_colsample_bytree": -0.8532202620152208, "log10_eta": -3.3058309588274364, "log10_lambda": -2.9047379459981073, "log10_min_child_weight": 1.8372313639396527, "log10_subsample": -0.8453793891036206, "max_depth": 5.0, "num_boost_round": 84.0}, "datetime": {"datetime": "2024-01-19 00:18:45", "elapsed": 415.458111, "delta": 0.001475}}
{"target": -17.67568433520998, "params": {"gamma": 422.26063316351593, "log10_alpha": -4.026782286776519, "log10_colsample_bytree": -0.12936152032440473, "log10_eta": -1.7375121728631924, "log10_lambda": -4.651446146804643, "log10_min_child_weight": 0.9199977786081459, "log10_subsample": -0.06852004689642344, "max_depth": 9.0, "num_boost_round": 0.0}, "datetime": {"datetime": "2024-01-19 00:19:54", "elapsed": 484.307089, "delta": 68.848978}}
{"target": -17.674530110186154, "params": {"gamma": 422.26063316351593, "log10_alpha": -4.026782286776519, "log10_colsample_bytree": -0.12936152032440473, "log10_eta": -1.7375121728631924, "log10_lambda": -4.651446146804643, "log10_min_child_weight": 0.9199977786081459, "log10_subsample": -0.06852004689642344, "max_depth": 9.0, "num_boost_round": 1.0}, "datetime": {"datetime": "2024-01-19 00:19:54", "elapsed": 484.308798, "delta": 0.001709}}
{"target": -17.67310529024174, "params": {"gamma": 422.26063316351593, "log10_alpha": -4.026782286776519, "log10_colsample_bytree": -0.12936152032440473, "log10_eta": -1.7375121728631924, "log10_lambda": -4.651446146804643, "log10_min_child_weight": 0.9199977786081459, "log10_subsample": -0.06852004689642344, "max_depth": 9.0, "num_boost_round": 2.0}, "datetime": {"datetime": "2024-01-19 00:19:54", "elapsed": 484.310285, "delta": 0.001487}}
{"target": -17.672417432617717, "params": {"gamma": 422.26063316351593, "log10_alpha": -4.026782286776519, "log10_colsample_bytree": -0.12936152032440473, "log10_eta": -1.7375121728631924, "log10_lambda": -4.651446146804643, "log10_min_child_weight": 0.9199977786081459, "log10_subsample": -0.06852004689642344, "max_depth": 9.0, "num_boost_round": 3.0}, "datetime": {"datetime": "2024-01-19 00:19:54", "elapsed": 484.31169, "delta": 0.001405}}
