{"target": -17.677184485105887, "params": {"gamma": 430.23881031612655, "log10_alpha": -2.532559558457508, "log10_colsample_bytree": -0.8318230047198368, "log10_eta": -3.9836596164829827, "log10_lambda": -0.24246216093972173, "log10_min_child_weight": 2.21840923890153, "log10_subsample": -0.7296941009418116, "max_depth": 8.0, "num_boost_round": 11.0}, "datetime": {"datetime": "2024-01-19 00:26:01", "elapsed": 853.700473, "delta": 0.001661}}
{"target": -17.677186474009645, "params": {"gamma": 430.23881031612655, "log10_alpha": -2.532559558457508, "log10_colsample_bytree": -0.8318230047198368, "log10_eta": -3.9836596164829827, "log10_lambda": -0.24246216093972173, "log10_min_child_weight": 2.21840923890153, "log10_subsample": -0.7296941009418116, "max_depth": 8.0, "num_boost_round": 12.0}, "datetime": {"datetime": "2024-01-19 00:26:01", "elapsed": 853.702154, "delta": 0.001681}}
{"target": -17.677175469099524, "params": {"gamma": 430.23881031612655, "log10_alpha": -2.532559558457508, "log10_colsample_bytree": -0.8318230047198368, "log10_eta": -3.9836596164829827, "log10_lambda": -0.24246216093972173, "log10_min_child_weight": 2.21840923890153, "log10_subsample": -0.7296941009418116, "max_depth": 8.0, "num_boost_round": 13.0}, "datetime": {"datetime": "2024-01-19 00:26:01", "elapsed": 853.704643, "delta": 0.002489}}
{"target": -17.677168735743873, "params": {"gamma": 430.23881031612655, "log10_alpha": -2.532559558457508, "log10_colsample_bytree": -0.8318230047198368, "log10_eta": -3.9836596164829827, "log10_lambda": -0.24246216093972173, "log10_min_child_weight": 2.21840923890153, "log10_subsample": -0.7296941009418116, "max_depth": 8.0, "num_boost_round": 14.0}, "datetime": {"datetime": "2024-01-19 00:26:01", "elapsed": 853.706424, "delta": 0.001781}}
{"target": -17.677160488541787, "params": {"gamma": 430.23881031612655, "log10_alpha": -2.532559558457508, "log10_colsample_bytree": -0.8318230047198368, "log10_eta": -3.9836596164829827, "log10_lambda": -0.24246216093972173, "log10_min_child_weight": 2.21840923890153, "log10_subsample": -0.7296941009418116, "max_depth": 8.0, "num_boost_round": 15.0}, "datetime": {"datetime": "2024-01-19 00:26:01", "elapsed": 853.708483, "delta": 0.002059}}
{"target": -17.67715818241814, "params": {"gamma": 430.23881031612655, "log10_alpha": -2.532559558457508, "log10_colsample_bytree": -0.8318230047198368, "log10_eta": -3.9836596164829827, "log10_lambda": -0.24246216093972173, "log10_min_child_weight": 2.21840923890153, "log10_subsample": -0.7296941009418116, "max_depth": 8.0, "num_boost_round": 16.0}, "datetime": {"datetime": "2024-01-19 00:26:01", "elapsed": 853.710263, "delta": 0.00178}}
{"target": -17.677151364762675, "params": {"gamma": 430.23881031612655, "log10_alpha": -2.532559558457508, "log10_colsample_bytree": -0.8318230047198368, "log10_eta": -3.9836596164829827, "log10_lambda": -0.24246216093972173, "log10_min_child_weight": 2.21840923890153, "log10_subsample": -0.7296941009418116, "max_depth": 8.0, "num_boost_round": 17.0}, "datetime": {"datetime": "2024-01-19 00:26:01", "elapsed": 853.712011, "delta": 0.001748}}
{"target": -17.677148999788766, "params": {"gamma": 430.23881031612655, "log10_alpha": -2.532559558457508, "log10_colsample_bytree": -0.8318230047198368, "log10_eta": -3.9836596164829827, "log10_lambda": -0.24246216093972173, "log10_min_child_weight": 2.21840923890153, "log10_subsample": -0.7296941009418116, "max_depth": 8.0, "num_boost_round": 18.0}, "datetime": {"datetime": "2024-01-19 00:26:01", "elapsed": 853.713707, "delta": 0.001696}}
{"target": -17.677139230440176, "params": {"gamma": 430.23881031612655, "log10_alpha": -2.532559558457508, "log10_colsample_bytree": -0.8318230047198368, "log10_eta": -3.9836596164829827, "log10_lambda": -0.24246216093972173, "log10_min_child_weight": 2.21840923890153, "log10_subsample": -0.7296941009418116, "max_depth": 8.0, "num_boost_round": 19.0}, "datetime": {"datetime": "2024-01-19 00:26:01", "elapsed": 853.715381, "delta": 0.001674}}
{"target": -17.677135021260412, "params": {"gamma": 430.23881031612655, "log10_alpha": -2.532559558457508, "log10_colsample_bytree": -0.8318230047198368, "log10_eta": -3.9836596164829827, "log10_lambda": -0.24246216093972173, "log10_min_child_weight": 2.21840923890153, "log10_subsample": -0.7296941009418116, "max_depth": 8.0, "num_boost_round": 20.0}, "datetime": {"datetime": "2024-01-19 00:26:01", "elapsed": 853.717049, "delta": 0.001668}}
{"target": -17.677123613134444, "params": {"gamma": 430.23881031612655, "log10_alpha": -2.532559558457508, "log10_colsample_bytree": -0.8318230047198368, "log10_eta": -3.9836596164829827, "log10_lambda": -0.24246216093972173, "log10_min_child_weight": 2.21840923890153, "log10_subsample": -0.7296941009418116, "max_depth": 8.0, "num_boost_round": 21.0}, "datetime": {"datetime": "2024-01-19 00:26:01", "elapsed": 853.718773, "delta": 0.001724}}
{"target": -17.67711411843881, "params": {"gamma": 430.23881031612655, "log10_alpha": -2.532559558457508, "log10_colsample_bytree": -0.8318230047198368, "log10_eta": -3.9836596164829827, "log10_lambda": -0.24246216093972173, "log10_min_child_weight": 2.21840923890153, "log10_subsample": -0.7296941009418116, "max_depth": 8.0, "num_boost_round": 22.0}, "datetime": {"datetime": "2024-01-19 00:26:01", "elapsed": 853.720428, "delta": 0.001655}}
{"target": -17.677103271110262, "params": {"gamma": 430.23881031612655, "log10_alpha": -2.532559558457508, "log10_colsample_bytree": -0.8318230047198368, "log10_eta": -3.9836596164829827, "log10_lambda": -0.24246216093972173, "log10_min_child_weight": 2.21840923890153, "log10_subsample": -0.7296941009418116, "max_depth": 8.0, "num_boost_round": 23.0}, "datetime": {"datetime": "2024-01-19 00:26:01", "elapsed": 853.722211, "delta": 0.001783}}
{"target": -17.67710019661163, "params": {"gamma": 430.23881031612655, "log10_alpha": -2.532559558457508, "log10_colsample_bytree": -0.8318230047198368, "log10_eta": -3.9836596164829827, "log10_lambda": -0.24246216093972173, "log10_min_child_weight": 2.21840923890153, "log10_subsample": -0.7296941009418116, "max_depth": 8.0, "num_boost_round": 24.0}, "datetime": {"datetime": "2024-01-19 00:26:01", "elapsed": 853.723905, "delta": 0.001694}}
{"target": -17.677093244492497, "params": {"gamma": 430.23881031612655, "log10_alpha": -2.532559558457508, "log10_colsample_bytree": -0.8318230047198368, "log10_eta": -3.9836596164829827, "log10_lambda": -0.24246216093972173, "log10_min_child_weight": 2.21840923890153, "log10_subsample": -0.7296941009418116, "max_depth": 8.0, "num_boost_round": 25.0}, "datetime": {"datetime": "2024-01-19 00:26:01", "elapsed": 853.7256, "delta": 0.001695}}
{"target": -17.677084990908373, "params": {"gamma": 430.23881031612655, "log10_alpha": -2.532559558457508, "log10_colsample_bytree": -0.8318230047198368, "log10_eta": -3.9836596164829827, "log10_lambda": -0.24246216093972173, "log10_min_child_weight": 2.21840923890153, "log10_subsample": -0.7296941009418116, "max_depth": 8.0, "num_boost_round": 26.0}, "datetime": {"datetime": "2024-01-19 00:26:01", "elapsed": 853.727378, "delta": 0.001778}}
{"target": -17.67722802523319, "params": {"gamma": 429.7217530467571, "log10_alpha": -2.14067221756301, "log10_colsample_bytree": -1.0, "log10_eta": -4.0, "log10_lambda": 0.790934566156522, "log10_min_child_weight": 2.7094648095778213, "log10_subsample": -1.0, "max_depth": 7.0, "num_boost_round": 0.0}, "datetime": {"datetime": "2024-01-19 00:26:35", "elapsed": 888.460903, "delta": 34.733525}}
{"target": -17.677226854591257, "params": {"gamma": 429.7217530467571, "log10_alpha": -2.14067221756301, "log10_colsample_bytree": -1.0, "log10_eta": -4.0, "log10_lambda": 0.790934566156522, "log10_min_child_weight": 2.7094648095778213, "log10_subsample": -1.0, "max_depth": 7.0, "num_boost_round": 1.0}, "datetime": {"datetime": "2024-01-19 00:26:35", "elapsed": 888.462807, "delta": 0.001904}}
{"target": -17.67722411348177, "params": {"gamma": 429.7217530467571, "log10_alpha": -2.14067221756301, "log10_colsample_bytree": -1.0, "log10_eta": -4.0, "log10_lambda": 0.790934566156522, "log10_min_child_weight": 2.7094648095778213, "log10_subsample": -1.0, "max_depth": 7.0, "num_boost_round": 2.0}, "datetime": {"datetime": "2024-01-19 00:26:35", "elapsed": 888.46459, "delta": 0.001783}}
{"target": -17.677223380734034, "params": {"gamma": 429.7217530467571, "log10_alpha": -2.14067221756301, "log10_colsample_bytree": -1.0, "log10_eta": -4.0, "log10_lambda": 0.790934566156522, "log10_min_child_weight": 2.7094648095778213, "log10_subsample": -1.0, "max_depth": 7.0, "num_boost_round": 3.0}, "datetime": {"datetime": "2024-01-19 00:26:35", "elapsed": 888.466329, "delta": 0.001739}}
{"target": -17.67722135845059, "params": {"gamma": 429.7217530467571, "log10_alpha": -2.14067221756301, "log10_colsample_bytree": -1.0, "log10_eta": -4.0, "log10_lambda": 0.790934566156522, "log10_min_child_weight": 2.7094648095778213, "log10_subsample": -1.0, "max_depth": 7.0, "num_boost_round": 4.0}, "datetime": {"datetime": "2024-01-19 00:26:35", "elapsed": 888.468036, "delta": 0.001707}}
{"target": -17.677220762385673, "params": {"gamma": 429.7217530467571, "log10_alpha": -2.14067221756301, "log10_colsample_bytree": -1.0, "log10_eta": -4.0, "log10_lambda": 0.790934566156522, "log10_min_child_weight": 2.7094648095778213, "log10_subsample": -1.0, "max_depth": 7.0, "num_boost_round": 5.0}, "datetime": {"datetime": "2024-01-19 00:26:35", "elapsed": 888.470743, "delta": 0.002707}}
{"target": -17.677219464382123, "params": {"gamma": 429.7217530467571, "log10_alpha": -2.14067221756301, "log10_colsample_bytree": -1.0, "log10_eta": -4.0, "log10_lambda": 0.790934566156522, "log10_min_child_weight": 2.7094648095778213, "log10_subsample": -1.0, "max_depth": 7.0, "num_boost_round": 6.0}, "datetime": {"datetime": "2024-01-19 00:26:35", "elapsed": 888.472515, "delta": 0.001772}}
{"target": -17.677216760202423, "params": {"gamma": 429.7217530467571, "log10_alpha": -2.14067221756301, "log10_colsample_bytree": -1.0, "log10_eta": -4.0, "log10_lambda": 0.790934566156522, "log10_min_child_weight": 2.7094648095778213, "log10_subsample": -1.0, "max_depth": 7.0, "num_boost_round": 7.0}, "datetime": {"datetime": "2024-01-19 00:26:35", "elapsed": 888.474253, "delta": 0.001738}}
{"target": -17.677213982198893, "params": {"gamma": 429.7217530467571, "log10_alpha": -2.14067221756301, "log10_colsample_bytree": -1.0, "log10_eta": -4.0, "log10_lambda": 0.790934566156522, "log10_min_child_weight": 2.7094648095778213, "log10_subsample": -1.0, "max_depth": 7.0, "num_boost_round": 8.0}, "datetime": {"datetime": "2024-01-19 00:26:35", "elapsed": 888.47599, "delta": 0.001737}}
{"target": -17.67721254483286, "params": {"gamma": 429.7217530467571, "log10_alpha": -2.14067221756301, "log10_colsample_bytree": -1.0, "log10_eta": -4.0, "log10_lambda": 0.790934566156522, "log10_min_child_weight": 2.7094648095778213, "log10_subsample": -1.0, "max_depth": 7.0, "num_boost_round": 9.0}, "datetime": {"datetime": "2024-01-19 00:26:35", "elapsed": 888.477718, "delta": 0.001728}}
{"target": -17.677208760190688, "params": {"gamma": 429.7217530467571, "log10_alpha": -2.14067221756301, "log10_colsample_bytree": -1.0, "log10_eta": -4.0, "log10_lambda": 0.790934566156522, "log10_min_child_weight": 2.7094648095778213, "log10_subsample": -1.0, "max_depth": 7.0, "num_boost_round": 10.0}, "datetime": {"datetime": "2024-01-19 00:26:35", "elapsed": 888.479423, "delta": 0.001705}}
{"target": -17.677209089957042, "params": {"gamma": 429.7217530467571, "log10_alpha": -2.14067221756301, "log10_colsample_bytree": -1.0, "log10_eta": -4.0, "log10_lambda": 0.790934566156522, "log10_min_child_weight": 2.7094648095778213, "log10_subsample": -1.0, "max_depth": 7.0, "num_boost_round": 11.0}, "datetime": {"datetime": "2024-01-19 00:26:35", "elapsed": 888.481136, "delta": 0.001713}}
{"target": -17.67720336394623, "params": {"gamma": 429.7217530467571, "log10_alpha": -2.14067221756301, "log10_colsample_bytree": -1.0, "log10_eta": -4.0, "log10_lambda": 0.790934566156522, "log10_min_child_weight": 2.7094648095778213, "log10_subsample": -1.0, "max_depth": 7.0, "num_boost_round": 12.0}, "datetime": {"datetime": "2024-01-19 00:26:35", "elapsed": 888.482849, "delta": 0.001713}}
{"target": -17.67720029219462, "params": {"gamma": 429.7217530467571, "log10_alpha": -2.14067221756301, "log10_colsample_bytree": -1.0, "log10_eta": -4.0, "log10_lambda": 0.790934566156522, "log10_min_child_weight": 2.7094648095778213, "log10_subsample": -1.0, "max_depth": 7.0, "num_boost_round": 13.0}, "datetime": {"datetime": "2024-01-19 00:26:35", "elapsed": 888.48566, "delta": 0.002811}}
{"target": -17.677200069509027, "params": {"gamma": 429.7217530467571, "log10_alpha": -2.14067221756301, "log10_colsample_bytree": -1.0, "log10_eta": -4.0, "log10_lambda": 0.790934566156522, "log10_min_child_weight": 2.7094648095778213, "log10_subsample": -1.0, "max_depth": 7.0, "num_boost_round": 14.0}, "datetime": {"datetime": "2024-01-19 00:26:35", "elapsed": 888.487494, "delta": 0.001834}}
{"target": -17.67719809474603, "params": {"gamma": 429.7217530467571, "log10_alpha": -2.14067221756301, "log10_colsample_bytree": -1.0, "log10_eta": -4.0, "log10_lambda": 0.790934566156522, "log10_min_child_weight": 2.7094648095778213, "log10_subsample": -1.0, "max_depth": 7.0, "num_boost_round": 15.0}, "datetime": {"datetime": "2024-01-19 00:26:35", "elapsed": 888.489215, "delta": 0.001721}}
{"target": -17.677195716941466, "params": {"gamma": 429.7217530467571, "log10_alpha": -2.14067221756301, "log10_colsample_bytree": -1.0, "log10_eta": -4.0, "log10_lambda": 0.790934566156522, "log10_min_child_weight": 2.7094648095778213, "log10_subsample": -1.0, "max_depth": 7.0, "num_boost_round": 16.0}, "datetime": {"datetime": "2024-01-19 00:26:35", "elapsed": 888.583873, "delta": 0.094658}}
{"target": -17.677194014996385, "params": {"gamma": 429.7217530467571, "log10_alpha": -2.14067221756301, "log10_colsample_bytree": -1.0, "log10_eta": -4.0, "log10_lambda": 0.790934566156522, "log10_min_child_weight": 2.7094648095778213, "log10_subsample": -1.0, "max_depth": 7.0, "num_boost_round": 17.0}, "datetime": {"datetime": "2024-01-19 00:26:35", "elapsed": 888.58616, "delta": 0.002287}}
{"target": -17.67719268074062, "params": {"gamma": 429.7217530467571, "log10_alpha": -2.14067221756301, "log10_colsample_bytree": -1.0, "log10_eta": -4.0, "log10_lambda": 0.790934566156522, "log10_min_child_weight": 2.7094648095778213, "log10_subsample": -1.0, "max_depth": 7.0, "num_boost_round": 18.0}, "datetime": {"datetime": "2024-01-19 00:26:35", "elapsed": 888.588039, "delta": 0.001879}}
{"target": -17.67718802243108, "params": {"gamma": 429.7217530467571, "log10_alpha": -2.14067221756301, "log10_colsample_bytree": -1.0, "log10_eta": -4.0, "log10_lambda": 0.790934566156522, "log10_min_child_weight": 2.7094648095778213, "log10_subsample": -1.0, "max_depth": 7.0, "num_boost_round": 19.0}, "datetime": {"datetime": "2024-01-19 00:26:35", "elapsed": 888.58987, "delta": 0.001831}}
{"target": -17.677186891880286, "params": {"gamma": 429.7217530467571, "log10_alpha": -2.14067221756301, "log10_colsample_bytree": -1.0, "log10_eta": -4.0, "log10_lambda": 0.790934566156522, "log10_min_child_weight": 2.7094648095778213, "log10_subsample": -1.0, "max_depth": 7.0, "num_boost_round": 20.0}, "datetime": {"datetime": "2024-01-19 00:26:35", "elapsed": 888.591812, "delta": 0.001942}}
{"target": -17.677184681747473, "params": {"gamma": 429.7217530467571, "log10_alpha": -2.14067221756301, "log10_colsample_bytree": -1.0, "log10_eta": -4.0, "log10_lambda": 0.790934566156522, "log10_min_child_weight": 2.7094648095778213, "log10_subsample": -1.0, "max_depth": 7.0, "num_boost_round": 21.0}, "datetime": {"datetime": "2024-01-19 00:26:35", "elapsed": 888.593549, "delta": 0.001737}}
{"target": -17.677179676547336, "params": {"gamma": 429.7217530467571, "log10_alpha": -2.14067221756301, "log10_colsample_bytree": -1.0, "log10_eta": -4.0, "log10_lambda": 0.790934566156522, "log10_min_child_weight": 2.7094648095778213, "log10_subsample": -1.0, "max_depth": 7.0, "num_boost_round": 22.0}, "datetime": {"datetime": "2024-01-19 00:26:35", "elapsed": 888.595302, "delta": 0.001753}}
{"target": -17.677173675066086, "params": {"gamma": 429.7217530467571, "log10_alpha": -2.14067221756301, "log10_colsample_bytree": -1.0, "log10_eta": -4.0, "log10_lambda": 0.790934566156522, "log10_min_child_weight": 2.7094648095778213, "log10_subsample": -1.0, "max_depth": 7.0, "num_boost_round": 23.0}, "datetime": {"datetime": "2024-01-19 00:26:35", "elapsed": 888.597042, "delta": 0.00174}}
{"target": -17.67717452086488, "params": {"gamma": 429.7217530467571, "log10_alpha": -2.14067221756301, "log10_colsample_bytree": -1.0, "log10_eta": -4.0, "log10_lambda": 0.790934566156522, "log10_min_child_weight": 2.7094648095778213, "log10_subsample": -1.0, "max_depth": 7.0, "num_boost_round": 24.0}, "datetime": {"datetime": "2024-01-19 00:26:35", "elapsed": 888.598881, "delta": 0.001839}}
{"target": -17.677170933365282, "params": {"gamma": 429.7217530467571, "log10_alpha": -2.14067221756301, "log10_colsample_bytree": -1.0, "log10_eta": -4.0, "log10_lambda": 0.790934566156522, "log10_min_child_weight": 2.7094648095778213, "log10_subsample": -1.0, "max_depth": 7.0, "num_boost_round": 25.0}, "datetime": {"datetime": "2024-01-19 00:26:35", "elapsed": 888.600669, "delta": 0.001788}}
{"target": -17.677169402442, "params": {"gamma": 429.7217530467571, "log10_alpha": -2.14067221756301, "log10_colsample_bytree": -1.0, "log10_eta": -4.0, "log10_lambda": 0.790934566156522, "log10_min_child_weight": 2.7094648095778213, "log10_subsample": -1.0, "max_depth": 7.0, "num_boost_round": 26.0}, "datetime": {"datetime": "2024-01-19 00:26:35", "elapsed": 888.602461, "delta": 0.001792}}
{"target": -17.677167795623966, "params": {"gamma": 429.7217530467571, "log10_alpha": -2.14067221756301, "log10_colsample_bytree": -1.0, "log10_eta": -4.0, "log10_lambda": 0.790934566156522, "log10_min_child_weight": 2.7094648095778213, "log10_subsample": -1.0, "max_depth": 7.0, "num_boost_round": 27.0}, "datetime": {"datetime": "2024-01-19 00:26:35", "elapsed": 888.604228, "delta": 0.001767}}
{"target": -17.677164665493198, "params": {"gamma": 429.7217530467571, "log10_alpha": -2.14067221756301, "log10_colsample_bytree": -1.0, "log10_eta": -4.0, "log10_lambda": 0.790934566156522, "log10_min_child_weight": 2.7094648095778213, "log10_subsample": -1.0, "max_depth": 7.0, "num_boost_round": 28.0}, "datetime": {"datetime": "2024-01-19 00:26:35", "elapsed": 888.606005, "delta": 0.001777}}
{"target": -17.677167589924107, "params": {"gamma": 429.7217530467571, "log10_alpha": -2.14067221756301, "log10_colsample_bytree": -1.0, "log10_eta": -4.0, "log10_lambda": 0.790934566156522, "log10_min_child_weight": 2.7094648095778213, "log10_subsample": -1.0, "max_depth": 7.0, "num_boost_round": 29.0}, "datetime": {"datetime": "2024-01-19 00:26:35", "elapsed": 888.607802, "delta": 0.001797}}
{"target": -17.67716767109068, "params": {"gamma": 429.7217530467571, "log10_alpha": -2.14067221756301, "log10_colsample_bytree": -1.0, "log10_eta": -4.0, "log10_lambda": 0.790934566156522, "log10_min_child_weight": 2.7094648095778213, "log10_subsample": -1.0, "max_depth": 7.0, "num_boost_round": 30.0}, "datetime": {"datetime": "2024-01-19 00:26:35", "elapsed": 888.609574, "delta": 0.001772}}
{"target": -17.67716558295887, "params": {"gamma": 429.7217530467571, "log10_alpha": -2.14067221756301, "log10_colsample_bytree": -1.0, "log10_eta": -4.0, "log10_lambda": 0.790934566156522, "log10_min_child_weight": 2.7094648095778213, "log10_subsample": -1.0, "max_depth": 7.0, "num_boost_round": 31.0}, "datetime": {"datetime": "2024-01-19 00:26:35", "elapsed": 888.611342, "delta": 0.001768}}
{"target": -17.677164924908244, "params": {"gamma": 429.7217530467571, "log10_alpha": -2.14067221756301, "log10_colsample_bytree": -1.0, "log10_eta": -4.0, "log10_lambda": 0.790934566156522, "log10_min_child_weight": 2.7094648095778213, "log10_subsample": -1.0, "max_depth": 7.0, "num_boost_round": 32.0}, "datetime": {"datetime": "2024-01-19 00:26:35", "elapsed": 888.613155, "delta": 0.001813}}
{"target": -17.67715723010652, "params": {"gamma": 429.7217530467571, "log10_alpha": -2.14067221756301, "log10_colsample_bytree": -1.0, "log10_eta": -4.0, "log10_lambda": 0.790934566156522, "log10_min_child_weight": 2.7094648095778213, "log10_subsample": -1.0, "max_depth": 7.0, "num_boost_round": 33.0}, "datetime": {"datetime": "2024-01-19 00:26:35", "elapsed": 888.614959, "delta": 0.001804}}
{"target": -17.677151186477964, "params": {"gamma": 429.7217530467571, "log10_alpha": -2.14067221756301, "log10_colsample_bytree": -1.0, "log10_eta": -4.0, "log10_lambda": 0.790934566156522, "log10_min_child_weight": 2.7094648095778213, "log10_subsample": -1.0, "max_depth": 7.0, "num_boost_round": 34.0}, "datetime": {"datetime": "2024-01-19 00:26:35", "elapsed": 888.616759, "delta": 0.0018}}
{"target": -17.677148258774185, "params": {"gamma": 429.7217530467571, "log10_alpha": -2.14067221756301, "log10_colsample_bytree": -1.0, "log10_eta": -4.0, "log10_lambda": 0.790934566156522, "log10_min_child_weight": 2.7094648095778213, "log10_subsample": -1.0, "max_depth": 7.0, "num_boost_round": 35.0}, "datetime": {"datetime": "2024-01-19 00:26:35", "elapsed": 888.61857, "delta": 0.001811}}
{"target": -17.677149599780535, "params": {"gamma": 429.7217530467571, "log10_alpha": -2.14067221756301, "log10_colsample_bytree": -1.0, "log10_eta": -4.0, "log10_lambda": 0.790934566156522, "log10_min_child_weight": 2.7094648095778213, "log10_subsample": -1.0, "max_depth": 7.0, "num_boost_round": 36.0}, "datetime": {"datetime": "2024-01-19 00:26:35", "elapsed": 888.620377, "delta": 0.001807}}
