{"target": -17.756318527583403, "params": {"gamma": 418.00675708480475, "log10_alpha": -4.947492181542308, "log10_colsample_bytree": -0.9027284043018458, "log10_eta": -0.708073448172069, "log10_lambda": 0.7351526718716439, "log10_min_child_weight": 1.946864379511376, "log10_subsample": -0.23135228484162995, "max_depth": 5.0, "num_boost_round": 9.0}, "datetime": {"datetime": "2024-01-19 00:36:51", "elapsed": 1504.469313, "delta": 0.002419}}
{"target": -17.765951243052182, "params": {"gamma": 418.00675708480475, "log10_alpha": -4.947492181542308, "log10_colsample_bytree": -0.9027284043018458, "log10_eta": -0.708073448172069, "log10_lambda": 0.7351526718716439, "log10_min_child_weight": 1.946864379511376, "log10_subsample": -0.23135228484162995, "max_depth": 5.0, "num_boost_round": 10.0}, "datetime": {"datetime": "2024-01-19 00:36:51", "elapsed": 1504.471804, "delta": 0.002491}}
{"target": -17.765284805912387, "params": {"gamma": 418.00675708480475, "log10_alpha": -4.947492181542308, "log10_colsample_bytree": -0.9027284043018458, "log10_eta": -0.708073448172069, "log10_lambda": 0.7351526718716439, "log10_min_child_weight": 1.946864379511376, "log10_subsample": -0.23135228484162995, "max_depth": 5.0, "num_boost_round": 11.0}, "datetime": {"datetime": "2024-01-19 00:36:51", "elapsed": 1504.474212, "delta": 0.002408}}
{"target": -17.77585215147781, "params": {"gamma": 418.00675708480475, "log10_alpha": -4.947492181542308, "log10_colsample_bytree": -0.9027284043018458, "log10_eta": -0.708073448172069, "log10_lambda": 0.7351526718716439, "log10_min_child_weight": 1.946864379511376, "log10_subsample": -0.23135228484162995, "max_depth": 5.0, "num_boost_round": 12.0}, "datetime": {"datetime": "2024-01-19 00:36:51", "elapsed": 1504.476635, "delta": 0.002423}}
{"target": -17.777155413720283, "params": {"gamma": 418.00675708480475, "log10_alpha": -4.947492181542308, "log10_colsample_bytree": -0.9027284043018458, "log10_eta": -0.708073448172069, "log10_lambda": 0.7351526718716439, "log10_min_child_weight": 1.946864379511376, "log10_subsample": -0.23135228484162995, "max_depth": 5.0, "num_boost_round": 13.0}, "datetime": {"datetime": "2024-01-19 00:36:51", "elapsed": 1504.479163, "delta": 0.002528}}
{"target": -17.78771964385803, "params": {"gamma": 418.00675708480475, "log10_alpha": -4.947492181542308, "log10_colsample_bytree": -0.9027284043018458, "log10_eta": -0.708073448172069, "log10_lambda": 0.7351526718716439, "log10_min_child_weight": 1.946864379511376, "log10_subsample": -0.23135228484162995, "max_depth": 5.0, "num_boost_round": 14.0}, "datetime": {"datetime": "2024-01-19 00:36:51", "elapsed": 1504.481665, "delta": 0.002502}}
{"target": -17.794343862249107, "params": {"gamma": 418.00675708480475, "log10_alpha": -4.947492181542308, "log10_colsample_bytree": -0.9027284043018458, "log10_eta": -0.708073448172069, "log10_lambda": 0.7351526718716439, "log10_min_child_weight": 1.946864379511376, "log10_subsample": -0.23135228484162995, "max_depth": 5.0, "num_boost_round": 15.0}, "datetime": {"datetime": "2024-01-19 00:36:51", "elapsed": 1504.484092, "delta": 0.002427}}
{"target": -17.80289879389838, "params": {"gamma": 418.00675708480475, "log10_alpha": -4.947492181542308, "log10_colsample_bytree": -0.9027284043018458, "log10_eta": -0.708073448172069, "log10_lambda": 0.7351526718716439, "log10_min_child_weight": 1.946864379511376, "log10_subsample": -0.23135228484162995, "max_depth": 5.0, "num_boost_round": 16.0}, "datetime": {"datetime": "2024-01-19 00:36:51", "elapsed": 1504.486498, "delta": 0.002406}}
{"target": -17.81156190614896, "params": {"gamma": 418.00675708480475, "log10_alpha": -4.947492181542308, "log10_colsample_bytree": -0.9027284043018458, "log10_eta": -0.708073448172069, "log10_lambda": 0.7351526718716439, "log10_min_child_weight": 1.946864379511376, "log10_subsample": -0.23135228484162995, "max_depth": 5.0, "num_boost_round": 17.0}, "datetime": {"datetime": "2024-01-19 00:36:51", "elapsed": 1504.488993, "delta": 0.002495}}
{"target": -17.811191992574635, "params": {"gamma": 418.00675708480475, "log10_alpha": -4.947492181542308, "log10_colsample_bytree": -0.9027284043018458, "log10_eta": -0.708073448172069, "log10_lambda": 0.7351526718716439, "log10_min_child_weight": 1.946864379511376, "log10_subsample": -0.23135228484162995, "max_depth": 5.0, "num_boost_round": 18.0}, "datetime": {"datetime": "2024-01-19 00:36:51", "elapsed": 1504.491486, "delta": 0.002493}}
{"target": -17.815249855625378, "params": {"gamma": 418.00675708480475, "log10_alpha": -4.947492181542308, "log10_colsample_bytree": -0.9027284043018458, "log10_eta": -0.708073448172069, "log10_lambda": 0.7351526718716439, "log10_min_child_weight": 1.946864379511376, "log10_subsample": -0.23135228484162995, "max_depth": 5.0, "num_boost_round": 19.0}, "datetime": {"datetime": "2024-01-19 00:36:51", "elapsed": 1504.493942, "delta": 0.002456}}
{"target": -17.8214138733006, "params": {"gamma": 418.00675708480475, "log10_alpha": -4.947492181542308, "log10_colsample_bytree": -0.9027284043018458, "log10_eta": -0.708073448172069, "log10_lambda": 0.7351526718716439, "log10_min_child_weight": 1.946864379511376, "log10_subsample": -0.23135228484162995, "max_depth": 5.0, "num_boost_round": 20.0}, "datetime": {"datetime": "2024-01-19 00:36:51", "elapsed": 1504.496377, "delta": 0.002435}}
{"target": -17.825552518442898, "params": {"gamma": 418.00675708480475, "log10_alpha": -4.947492181542308, "log10_colsample_bytree": -0.9027284043018458, "log10_eta": -0.708073448172069, "log10_lambda": 0.7351526718716439, "log10_min_child_weight": 1.946864379511376, "log10_subsample": -0.23135228484162995, "max_depth": 5.0, "num_boost_round": 21.0}, "datetime": {"datetime": "2024-01-19 00:36:51", "elapsed": 1504.498817, "delta": 0.00244}}
{"target": -17.827054877194378, "params": {"gamma": 418.00675708480475, "log10_alpha": -4.947492181542308, "log10_colsample_bytree": -0.9027284043018458, "log10_eta": -0.708073448172069, "log10_lambda": 0.7351526718716439, "log10_min_child_weight": 1.946864379511376, "log10_subsample": -0.23135228484162995, "max_depth": 5.0, "num_boost_round": 22.0}, "datetime": {"datetime": "2024-01-19 00:36:51", "elapsed": 1504.501237, "delta": 0.00242}}
{"target": -17.896473009652002, "params": {"gamma": 418.00675708480475, "log10_alpha": -4.947492181542308, "log10_colsample_bytree": -0.9027284043018458, "log10_eta": -0.708073448172069, "log10_lambda": 0.7351526718716439, "log10_min_child_weight": 1.946864379511376, "log10_subsample": -0.23135228484162995, "max_depth": 5.0, "num_boost_round": 23.0}, "datetime": {"datetime": "2024-01-19 00:36:51", "elapsed": 1504.503789, "delta": 0.002552}}
{"target": -17.909325507903244, "params": {"gamma": 418.00675708480475, "log10_alpha": -4.947492181542308, "log10_colsample_bytree": -0.9027284043018458, "log10_eta": -0.708073448172069, "log10_lambda": 0.7351526718716439, "log10_min_child_weight": 1.946864379511376, "log10_subsample": -0.23135228484162995, "max_depth": 5.0, "num_boost_round": 24.0}, "datetime": {"datetime": "2024-01-19 00:36:51", "elapsed": 1504.506366, "delta": 0.002577}}
{"target": -17.676952678089776, "params": {"gamma": 438.8830002038487, "log10_alpha": -4.662151599949659, "log10_colsample_bytree": -0.8626158738608535, "log10_eta": -2.13951256525469, "log10_lambda": -2.7353611830118285, "log10_min_child_weight": 3.708079831517297, "log10_subsample": -0.4620696396179801, "max_depth": 9.0, "num_boost_round": 0.0}, "datetime": {"datetime": "2024-01-19 00:37:26", "elapsed": 1539.257609, "delta": 34.751243}}
{"target": -17.676879915867264, "params": {"gamma": 438.8830002038487, "log10_alpha": -4.662151599949659, "log10_colsample_bytree": -0.8626158738608535, "log10_eta": -2.13951256525469, "log10_lambda": -2.7353611830118285, "log10_min_child_weight": 3.708079831517297, "log10_subsample": -0.4620696396179801, "max_depth": 9.0, "num_boost_round": 1.0}, "datetime": {"datetime": "2024-01-19 00:37:26", "elapsed": 1539.260573, "delta": 0.002964}}
{"target": -17.676490815708416, "params": {"gamma": 438.8830002038487, "log10_alpha": -4.662151599949659, "log10_colsample_bytree": -0.8626158738608535, "log10_eta": -2.13951256525469, "log10_lambda": -2.7353611830118285, "log10_min_child_weight": 3.708079831517297, "log10_subsample": -0.4620696396179801, "max_depth": 9.0, "num_boost_round": 2.0}, "datetime": {"datetime": "2024-01-19 00:37:26", "elapsed": 1539.264022, "delta": 0.003449}}
{"target": -17.67645034724117, "params": {"gamma": 438.8830002038487, "log10_alpha": -4.662151599949659, "log10_colsample_bytree": -0.8626158738608535, "log10_eta": -2.13951256525469, "log10_lambda": -2.7353611830118285, "log10_min_child_weight": 3.708079831517297, "log10_subsample": -0.4620696396179801, "max_depth": 9.0, "num_boost_round": 3.0}, "datetime": {"datetime": "2024-01-19 00:37:26", "elapsed": 1539.266665, "delta": 0.002643}}
{"target": -17.676331746481438, "params": {"gamma": 438.8830002038487, "log10_alpha": -4.662151599949659, "log10_colsample_bytree": -0.8626158738608535, "log10_eta": -2.13951256525469, "log10_lambda": -2.7353611830118285, "log10_min_child_weight": 3.708079831517297, "log10_subsample": -0.4620696396179801, "max_depth": 9.0, "num_boost_round": 4.0}, "datetime": {"datetime": "2024-01-19 00:37:26", "elapsed": 1539.269152, "delta": 0.002487}}
{"target": -17.67632763827189, "params": {"gamma": 438.8830002038487, "log10_alpha": -4.662151599949659, "log10_colsample_bytree": -0.8626158738608535, "log10_eta": -2.13951256525469, "log10_lambda": -2.7353611830118285, "log10_min_child_weight": 3.708079831517297, "log10_subsample": -0.4620696396179801, "max_depth": 9.0, "num_boost_round": 5.0}, "datetime": {"datetime": "2024-01-19 00:37:26", "elapsed": 1539.272153, "delta": 0.003001}}
{"target": -17.67642488362686, "params": {"gamma": 438.8830002038487, "log10_alpha": -4.662151599949659, "log10_colsample_bytree": -0.8626158738608535, "log10_eta": -2.13951256525469, "log10_lambda": -2.7353611830118285, "log10_min_child_weight": 3.708079831517297, "log10_subsample": -0.4620696396179801, "max_depth": 9.0, "num_boost_round": 6.0}, "datetime": {"datetime": "2024-01-19 00:37:26", "elapsed": 1539.274754, "delta": 0.002601}}
{"target": -17.676247127705384, "params": {"gamma": 438.8830002038487, "log10_alpha": -4.662151599949659, "log10_colsample_bytree": -0.8626158738608535, "log10_eta": -2.13951256525469, "log10_lambda": -2.7353611830118285, "log10_min_child_weight": 3.708079831517297, "log10_subsample": -0.4620696396179801, "max_depth": 9.0, "num_boost_round": 7.0}, "datetime": {"datetime": "2024-01-19 00:37:26", "elapsed": 1539.277244, "delta": 0.00249}}
{"target": -17.67602666302625, "params": {"gamma": 438.8830002038487, "log10_alpha": -4.662151599949659, "log10_colsample_bytree": -0.8626158738608535, "log10_eta": -2.13951256525469, "log10_lambda": -2.7353611830118285, "log10_min_child_weight": 3.708079831517297, "log10_subsample": -0.4620696396179801, "max_depth": 9.0, "num_boost_round": 8.0}, "datetime": {"datetime": "2024-01-19 00:37:26", "elapsed": 1539.279745, "delta": 0.002501}}
{"target": -17.67601742091352, "params": {"gamma": 438.8830002038487, "log10_alpha": -4.662151599949659, "log10_colsample_bytree": -0.8626158738608535, "log10_eta": -2.13951256525469, "log10_lambda": -2.7353611830118285, "log10_min_child_weight": 3.708079831517297, "log10_subsample": -0.4620696396179801, "max_depth": 9.0, "num_boost_round": 9.0}, "datetime": {"datetime": "2024-01-19 00:37:26", "elapsed": 1539.282301, "delta": 0.002556}}
{"target": -17.675869439977582, "params": {"gamma": 438.8830002038487, "log10_alpha": -4.662151599949659, "log10_colsample_bytree": -0.8626158738608535, "log10_eta": -2.13951256525469, "log10_lambda": -2.7353611830118285, "log10_min_child_weight": 3.708079831517297, "log10_subsample": -0.4620696396179801, "max_depth": 9.0, "num_boost_round": 10.0}, "datetime": {"datetime": "2024-01-19 00:37:26", "elapsed": 1539.284845, "delta": 0.002544}}
{"target": -17.675800552750406, "params": {"gamma": 438.8830002038487, "log10_alpha": -4.662151599949659, "log10_colsample_bytree": -0.8626158738608535, "log10_eta": -2.13951256525469, "log10_lambda": -2.7353611830118285, "log10_min_child_weight": 3.708079831517297, "log10_subsample": -0.4620696396179801, "max_depth": 9.0, "num_boost_round": 11.0}, "datetime": {"datetime": "2024-01-19 00:37:26", "elapsed": 1539.287562, "delta": 0.002717}}
{"target": -17.675592561783972, "params": {"gamma": 438.8830002038487, "log10_alpha": -4.662151599949659, "log10_colsample_bytree": -0.8626158738608535, "log10_eta": -2.13951256525469, "log10_lambda": -2.7353611830118285, "log10_min_child_weight": 3.708079831517297, "log10_subsample": -0.4620696396179801, "max_depth": 9.0, "num_boost_round": 12.0}, "datetime": {"datetime": "2024-01-19 00:37:26", "elapsed": 1539.290053, "delta": 0.002491}}
{"target": -17.677228928113998, "params": {"gamma": 454.66395624600796, "log10_alpha": -2.73195919538716, "log10_colsample_bytree": -0.6084574963546215, "log10_eta": -3.804767925542244, "log10_lambda": -2.4199379020627028, "log10_min_child_weight": 2.7371058426625288, "log10_subsample": -0.12708451021486789, "max_depth": 9.0, "num_boost_round": 0.0}, "datetime": {"datetime": "2024-01-19 00:38:00", "elapsed": 1572.859795, "delta": 33.569742}}
{"target": -17.677223371695153, "params": {"gamma": 454.66395624600796, "log10_alpha": -2.73195919538716, "log10_colsample_bytree": -0.6084574963546215, "log10_eta": -3.804767925542244, "log10_lambda": -2.4199379020627028, "log10_min_child_weight": 2.7371058426625288, "log10_subsample": -0.12708451021486789, "max_depth": 9.0, "num_boost_round": 1.0}, "datetime": {"datetime": "2024-01-19 00:38:00", "elapsed": 1572.863078, "delta": 0.003283}}
{"target": -17.677211677162905, "params": {"gamma": 454.66395624600796, "log10_alpha": -2.73195919538716, "log10_colsample_bytree": -0.6084574963546215, "log10_eta": -3.804767925542244, "log10_lambda": -2.4199379020627028, "log10_min_child_weight": 2.7371058426625288, "log10_subsample": -0.12708451021486789, "max_depth": 9.0, "num_boost_round": 2.0}, "datetime": {"datetime": "2024-01-19 00:38:00", "elapsed": 1572.866049, "delta": 0.002971}}
{"target": -17.6772099390406, "params": {"gamma": 454.66395624600796, "log10_alpha": -2.73195919538716, "log10_colsample_bytree": -0.6084574963546215, "log10_eta": -3.804767925542244, "log10_lambda": -2.4199379020627028, "log10_min_child_weight": 2.7371058426625288, "log10_subsample": -0.12708451021486789, "max_depth": 9.0, "num_boost_round": 3.0}, "datetime": {"datetime": "2024-01-19 00:38:00", "elapsed": 1572.86883, "delta": 0.002781}}
{"target": -17.677200139028084, "params": {"gamma": 454.66395624600796, "log10_alpha": -2.73195919538716, "log10_colsample_bytree": -0.6084574963546215, "log10_eta": -3.804767925542244, "log10_lambda": -2.4199379020627028, "log10_min_child_weight": 2.7371058426625288, "log10_subsample": -0.12708451021486789, "max_depth": 9.0, "num_boost_round": 4.0}, "datetime": {"datetime": "2024-01-19 00:38:00", "elapsed": 1572.871432, "delta": 0.002602}}
{"target": -17.67718799017678, "params": {"gamma": 454.66395624600796, "log10_alpha": -2.73195919538716, "log10_colsample_bytree": -0.6084574963546215, "log10_eta": -3.804767925542244, "log10_lambda": -2.4199379020627028, "log10_min_child_weight": 2.7371058426625288, "log10_subsample": -0.12708451021486789, "max_depth": 9.0, "num_boost_round": 5.0}, "datetime": {"datetime": "2024-01-19 00:38:00", "elapsed": 1572.873955, "delta": 0.002523}}
{"target": -17.677179532366402, "params": {"gamma": 454.66395624600796, "log10_alpha": -2.73195919538716, "log10_colsample_bytree": -0.6084574963546215, "log10_eta": -3.804767925542244, "log10_lambda": -2.4199379020627028, "log10_min_child_weight": 2.7371058426625288, "log10_subsample": -0.12708451021486789, "max_depth": 9.0, "num_boost_round": 6.0}, "datetime": {"datetime": "2024-01-19 00:38:00", "elapsed": 1572.8765, "delta": 0.002545}}
{"target": -17.677159391624816, "params": {"gamma": 454.66395624600796, "log10_alpha": -2.73195919538716, "log10_colsample_bytree": -0.6084574963546215, "log10_eta": -3.804767925542244, "log10_lambda": -2.4199379020627028, "log10_min_child_weight": 2.7371058426625288, "log10_subsample": -0.12708451021486789, "max_depth": 9.0, "num_boost_round": 7.0}, "datetime": {"datetime": "2024-01-19 00:38:00", "elapsed": 1572.879004, "delta": 0.002504}}
{"target": -17.67715711497867, "params": {"gamma": 454.66395624600796, "log10_alpha": -2.73195919538716, "log10_colsample_bytree": -0.6084574963546215, "log10_eta": -3.804767925542244, "log10_lambda": -2.4199379020627028, "log10_min_child_weight": 2.7371058426625288, "log10_subsample": -0.12708451021486789, "max_depth": 9.0, "num_boost_round": 8.0}, "datetime": {"datetime": "2024-01-19 00:38:00", "elapsed": 1572.881596, "delta": 0.002592}}
{"target": -17.677149024420682, "params": {"gamma": 454.66395624600796, "log10_alpha": -2.73195919538716, "log10_colsample_bytree": -0.6084574963546215, "log10_eta": -3.804767925542244, "log10_lambda": -2.4199379020627028, "log10_min_child_weight": 2.7371058426625288, "log10_subsample": -0.12708451021486789, "max_depth": 9.0, "num_boost_round": 9.0}, "datetime": {"datetime": "2024-01-19 00:38:00", "elapsed": 1572.884158, "delta": 0.002562}}
{"target": -17.67713868875638, "params": {"gamma": 454.66395624600796, "log10_alpha": -2.73195919538716, "log10_colsample_bytree": -0.6084574963546215, "log10_eta": -3.804767925542244, "log10_lambda": -2.4199379020627028, "log10_min_child_weight": 2.7371058426625288, "log10_subsample": -0.12708451021486789, "max_depth": 9.0, "num_boost_round": 10.0}, "datetime": {"datetime": "2024-01-19 00:38:00", "elapsed": 1572.886768, "delta": 0.00261}}
{"target": -17.67713381894208, "params": {"gamma": 420.6806257362439, "log10_alpha": -2.4320592751032057, "log10_colsample_bytree": -0.4178839311218827, "log10_eta": -2.160359874270986, "log10_lambda": -4.849095714799031, "log10_min_child_weight": 4.152983091688368, "log10_subsample": -0.7773235720076763, "max_depth": 8.0, "num_boost_round": 0.0}, "datetime": {"datetime": "2024-01-19 00:38:38", "elapsed": 1611.329557, "delta": 38.442789}}
{"target": -17.6770562158179, "params": {"gamma": 420.6806257362439, "log10_alpha": -2.4320592751032057, "log10_colsample_bytree": -0.4178839311218827, "log10_eta": -2.160359874270986, "log10_lambda": -4.849095714799031, "log10_min_child_weight": 4.152983091688368, "log10_subsample": -0.7773235720076763, "max_depth": 8.0, "num_boost_round": 1.0}, "datetime": {"datetime": "2024-01-19 00:38:38", "elapsed": 1611.333088, "delta": 0.003531}}
{"target": -17.677122637008665, "params": {"gamma": 420.6806257362439, "log10_alpha": -2.4320592751032057, "log10_colsample_bytree": -0.4178839311218827, "log10_eta": -2.160359874270986, "log10_lambda": -4.849095714799031, "log10_min_child_weight": 4.152983091688368, "log10_subsample": -0.7773235720076763, "max_depth": 8.0, "num_boost_round": 2.0}, "datetime": {"datetime": "2024-01-19 00:38:38", "elapsed": 1611.335953, "delta": 0.002865}}
{"target": -17.677003660782372, "params": {"gamma": 420.6806257362439, "log10_alpha": -2.4320592751032057, "log10_colsample_bytree": -0.4178839311218827, "log10_eta": -2.160359874270986, "log10_lambda": -4.849095714799031, "log10_min_child_weight": 4.152983091688368, "log10_subsample": -0.7773235720076763, "max_depth": 8.0, "num_boost_round": 3.0}, "datetime": {"datetime": "2024-01-19 00:38:38", "elapsed": 1611.338847, "delta": 0.002894}}
{"target": -17.67698154511445, "params": {"gamma": 420.6806257362439, "log10_alpha": -2.4320592751032057, "log10_colsample_bytree": -0.4178839311218827, "log10_eta": -2.160359874270986, "log10_lambda": -4.849095714799031, "log10_min_child_weight": 4.152983091688368, "log10_subsample": -0.7773235720076763, "max_depth": 8.0, "num_boost_round": 4.0}, "datetime": {"datetime": "2024-01-19 00:38:38", "elapsed": 1611.341537, "delta": 0.00269}}
{"target": -17.67702461176999, "params": {"gamma": 420.6806257362439, "log10_alpha": -2.4320592751032057, "log10_colsample_bytree": -0.4178839311218827, "log10_eta": -2.160359874270986, "log10_lambda": -4.849095714799031, "log10_min_child_weight": 4.152983091688368, "log10_subsample": -0.7773235720076763, "max_depth": 8.0, "num_boost_round": 5.0}, "datetime": {"datetime": "2024-01-19 00:38:38", "elapsed": 1611.344206, "delta": 0.002669}}
{"target": -17.676998938143267, "params": {"gamma": 420.6806257362439, "log10_alpha": -2.4320592751032057, "log10_colsample_bytree": -0.4178839311218827, "log10_eta": -2.160359874270986, "log10_lambda": -4.849095714799031, "log10_min_child_weight": 4.152983091688368, "log10_subsample": -0.7773235720076763, "max_depth": 8.0, "num_boost_round": 6.0}, "datetime": {"datetime": "2024-01-19 00:38:38", "elapsed": 1611.346939, "delta": 0.002733}}
{"target": -17.677065670567977, "params": {"gamma": 420.6806257362439, "log10_alpha": -2.4320592751032057, "log10_colsample_bytree": -0.4178839311218827, "log10_eta": -2.160359874270986, "log10_lambda": -4.849095714799031, "log10_min_child_weight": 4.152983091688368, "log10_subsample": -0.7773235720076763, "max_depth": 8.0, "num_boost_round": 7.0}, "datetime": {"datetime": "2024-01-19 00:38:38", "elapsed": 1611.349659, "delta": 0.00272}}
{"target": -17.67701890520221, "params": {"gamma": 420.6806257362439, "log10_alpha": -2.4320592751032057, "log10_colsample_bytree": -0.4178839311218827, "log10_eta": -2.160359874270986, "log10_lambda": -4.849095714799031, "log10_min_child_weight": 4.152983091688368, "log10_subsample": -0.7773235720076763, "max_depth": 8.0, "num_boost_round": 8.0}, "datetime": {"datetime": "2024-01-19 00:38:38", "elapsed": 1611.35237, "delta": 0.002711}}
