{"target": -13.763444542398716, "params": {"gamma": 513.0517971031715, "log10_alpha": 0.7948599148907256, "log10_colsample_bytree": -0.45959035707410045, "log10_eta": -1.0763226066513987, "log10_lambda": 0.7696427255591871, "log10_min_child_weight": 0.8567066742215268, "log10_subsample": -0.2972590290205137, "max_depth": 4.0, "num_boost_round": 4.0}, "datetime": {"datetime": "2024-01-19 01:18:30", "elapsed": 4014.022237, "delta": 0.004781}}
{"target": -13.765604751382812, "params": {"gamma": 513.0517971031715, "log10_alpha": 0.7948599148907256, "log10_colsample_bytree": -0.45959035707410045, "log10_eta": -1.0763226066513987, "log10_lambda": 0.7696427255591871, "log10_min_child_weight": 0.8567066742215268, "log10_subsample": -0.2972590290205137, "max_depth": 4.0, "num_boost_round": 5.0}, "datetime": {"datetime": "2024-01-19 01:18:30", "elapsed": 4014.027306, "delta": 0.005069}}
{"target": -13.768161473781014, "params": {"gamma": 513.0517971031715, "log10_alpha": 0.7948599148907256, "log10_colsample_bytree": -0.45959035707410045, "log10_eta": -1.0763226066513987, "log10_lambda": 0.7696427255591871, "log10_min_child_weight": 0.8567066742215268, "log10_subsample": -0.2972590290205137, "max_depth": 4.0, "num_boost_round": 6.0}, "datetime": {"datetime": "2024-01-19 01:18:30", "elapsed": 4014.03215, "delta": 0.004844}}
{"target": -13.771865893700104, "params": {"gamma": 513.0517971031715, "log10_alpha": 0.7948599148907256, "log10_colsample_bytree": -0.45959035707410045, "log10_eta": -1.0763226066513987, "log10_lambda": 0.7696427255591871, "log10_min_child_weight": 0.8567066742215268, "log10_subsample": -0.2972590290205137, "max_depth": 4.0, "num_boost_round": 7.0}, "datetime": {"datetime": "2024-01-19 01:18:30", "elapsed": 4014.037015, "delta": 0.004865}}
{"target": -13.77310295869236, "params": {"gamma": 513.0517971031715, "log10_alpha": 0.7948599148907256, "log10_colsample_bytree": -0.45959035707410045, "log10_eta": -1.0763226066513987, "log10_lambda": 0.7696427255591871, "log10_min_child_weight": 0.8567066742215268, "log10_subsample": -0.2972590290205137, "max_depth": 4.0, "num_boost_round": 8.0}, "datetime": {"datetime": "2024-01-19 01:18:30", "elapsed": 4014.041835, "delta": 0.00482}}
{"target": -13.773610410080833, "params": {"gamma": 513.0517971031715, "log10_alpha": 0.7948599148907256, "log10_colsample_bytree": -0.45959035707410045, "log10_eta": -1.0763226066513987, "log10_lambda": 0.7696427255591871, "log10_min_child_weight": 0.8567066742215268, "log10_subsample": -0.2972590290205137, "max_depth": 4.0, "num_boost_round": 9.0}, "datetime": {"datetime": "2024-01-19 01:18:30", "elapsed": 4014.156378, "delta": 0.114543}}
{"target": -13.774859462145029, "params": {"gamma": 513.0517971031715, "log10_alpha": 0.7948599148907256, "log10_colsample_bytree": -0.45959035707410045, "log10_eta": -1.0763226066513987, "log10_lambda": 0.7696427255591871, "log10_min_child_weight": 0.8567066742215268, "log10_subsample": -0.2972590290205137, "max_depth": 4.0, "num_boost_round": 10.0}, "datetime": {"datetime": "2024-01-19 01:18:30", "elapsed": 4014.162016, "delta": 0.005638}}
{"target": -13.774632337759266, "params": {"gamma": 513.0517971031715, "log10_alpha": 0.7948599148907256, "log10_colsample_bytree": -0.45959035707410045, "log10_eta": -1.0763226066513987, "log10_lambda": 0.7696427255591871, "log10_min_child_weight": 0.8567066742215268, "log10_subsample": -0.2972590290205137, "max_depth": 4.0, "num_boost_round": 11.0}, "datetime": {"datetime": "2024-01-19 01:18:30", "elapsed": 4014.167266, "delta": 0.00525}}
{"target": -13.775544223930545, "params": {"gamma": 513.0517971031715, "log10_alpha": 0.7948599148907256, "log10_colsample_bytree": -0.45959035707410045, "log10_eta": -1.0763226066513987, "log10_lambda": 0.7696427255591871, "log10_min_child_weight": 0.8567066742215268, "log10_subsample": -0.2972590290205137, "max_depth": 4.0, "num_boost_round": 12.0}, "datetime": {"datetime": "2024-01-19 01:18:30", "elapsed": 4014.172199, "delta": 0.004933}}
{"target": -13.777125969014527, "params": {"gamma": 513.0517971031715, "log10_alpha": 0.7948599148907256, "log10_colsample_bytree": -0.45959035707410045, "log10_eta": -1.0763226066513987, "log10_lambda": 0.7696427255591871, "log10_min_child_weight": 0.8567066742215268, "log10_subsample": -0.2972590290205137, "max_depth": 4.0, "num_boost_round": 13.0}, "datetime": {"datetime": "2024-01-19 01:18:30", "elapsed": 4014.177275, "delta": 0.005076}}
{"target": -13.779100741347609, "params": {"gamma": 513.0517971031715, "log10_alpha": 0.7948599148907256, "log10_colsample_bytree": -0.45959035707410045, "log10_eta": -1.0763226066513987, "log10_lambda": 0.7696427255591871, "log10_min_child_weight": 0.8567066742215268, "log10_subsample": -0.2972590290205137, "max_depth": 4.0, "num_boost_round": 14.0}, "datetime": {"datetime": "2024-01-19 01:18:30", "elapsed": 4014.182284, "delta": 0.005009}}
{"target": -13.78017075134802, "params": {"gamma": 513.0517971031715, "log10_alpha": 0.7948599148907256, "log10_colsample_bytree": -0.45959035707410045, "log10_eta": -1.0763226066513987, "log10_lambda": 0.7696427255591871, "log10_min_child_weight": 0.8567066742215268, "log10_subsample": -0.2972590290205137, "max_depth": 4.0, "num_boost_round": 15.0}, "datetime": {"datetime": "2024-01-19 01:18:30", "elapsed": 4014.187332, "delta": 0.005048}}
{"target": -13.7801982850306, "params": {"gamma": 513.0517971031715, "log10_alpha": 0.7948599148907256, "log10_colsample_bytree": -0.45959035707410045, "log10_eta": -1.0763226066513987, "log10_lambda": 0.7696427255591871, "log10_min_child_weight": 0.8567066742215268, "log10_subsample": -0.2972590290205137, "max_depth": 4.0, "num_boost_round": 16.0}, "datetime": {"datetime": "2024-01-19 01:18:30", "elapsed": 4014.192267, "delta": 0.004935}}
{"target": -13.780619999429607, "params": {"gamma": 513.0517971031715, "log10_alpha": 0.7948599148907256, "log10_colsample_bytree": -0.45959035707410045, "log10_eta": -1.0763226066513987, "log10_lambda": 0.7696427255591871, "log10_min_child_weight": 0.8567066742215268, "log10_subsample": -0.2972590290205137, "max_depth": 4.0, "num_boost_round": 17.0}, "datetime": {"datetime": "2024-01-19 01:18:30", "elapsed": 4014.197349, "delta": 0.005082}}
{"target": -13.781405497950587, "params": {"gamma": 513.0517971031715, "log10_alpha": 0.7948599148907256, "log10_colsample_bytree": -0.45959035707410045, "log10_eta": -1.0763226066513987, "log10_lambda": 0.7696427255591871, "log10_min_child_weight": 0.8567066742215268, "log10_subsample": -0.2972590290205137, "max_depth": 4.0, "num_boost_round": 18.0}, "datetime": {"datetime": "2024-01-19 01:18:30", "elapsed": 4014.202225, "delta": 0.004876}}
{"target": -13.780925744283461, "params": {"gamma": 513.0517971031715, "log10_alpha": 0.7948599148907256, "log10_colsample_bytree": -0.45959035707410045, "log10_eta": -1.0763226066513987, "log10_lambda": 0.7696427255591871, "log10_min_child_weight": 0.8567066742215268, "log10_subsample": -0.2972590290205137, "max_depth": 4.0, "num_boost_round": 19.0}, "datetime": {"datetime": "2024-01-19 01:18:30", "elapsed": 4014.207109, "delta": 0.004884}}
{"target": -13.782717131744823, "params": {"gamma": 513.0517971031715, "log10_alpha": 0.7948599148907256, "log10_colsample_bytree": -0.45959035707410045, "log10_eta": -1.0763226066513987, "log10_lambda": 0.7696427255591871, "log10_min_child_weight": 0.8567066742215268, "log10_subsample": -0.2972590290205137, "max_depth": 4.0, "num_boost_round": 20.0}, "datetime": {"datetime": "2024-01-19 01:18:30", "elapsed": 4014.212047, "delta": 0.004938}}
{"target": -13.785818243016351, "params": {"gamma": 513.0517971031715, "log10_alpha": 0.7948599148907256, "log10_colsample_bytree": -0.45959035707410045, "log10_eta": -1.0763226066513987, "log10_lambda": 0.7696427255591871, "log10_min_child_weight": 0.8567066742215268, "log10_subsample": -0.2972590290205137, "max_depth": 4.0, "num_boost_round": 21.0}, "datetime": {"datetime": "2024-01-19 01:18:30", "elapsed": 4014.21725, "delta": 0.005203}}
{"target": -13.786543323726233, "params": {"gamma": 513.0517971031715, "log10_alpha": 0.7948599148907256, "log10_colsample_bytree": -0.45959035707410045, "log10_eta": -1.0763226066513987, "log10_lambda": 0.7696427255591871, "log10_min_child_weight": 0.8567066742215268, "log10_subsample": -0.2972590290205137, "max_depth": 4.0, "num_boost_round": 22.0}, "datetime": {"datetime": "2024-01-19 01:18:30", "elapsed": 4014.22228, "delta": 0.00503}}
{"target": -13.798269044360131, "params": {"gamma": 513.0517971031715, "log10_alpha": 0.7948599148907256, "log10_colsample_bytree": -0.45959035707410045, "log10_eta": -1.0763226066513987, "log10_lambda": 0.7696427255591871, "log10_min_child_weight": 0.8567066742215268, "log10_subsample": -0.2972590290205137, "max_depth": 4.0, "num_boost_round": 23.0}, "datetime": {"datetime": "2024-01-19 01:18:30", "elapsed": 4014.227132, "delta": 0.004852}}
{"target": -13.798832986849284, "params": {"gamma": 513.0517971031715, "log10_alpha": 0.7948599148907256, "log10_colsample_bytree": -0.45959035707410045, "log10_eta": -1.0763226066513987, "log10_lambda": 0.7696427255591871, "log10_min_child_weight": 0.8567066742215268, "log10_subsample": -0.2972590290205137, "max_depth": 4.0, "num_boost_round": 24.0}, "datetime": {"datetime": "2024-01-19 01:18:30", "elapsed": 4014.232031, "delta": 0.004899}}
{"target": -13.801594659485154, "params": {"gamma": 513.0517971031715, "log10_alpha": 0.7948599148907256, "log10_colsample_bytree": -0.45959035707410045, "log10_eta": -1.0763226066513987, "log10_lambda": 0.7696427255591871, "log10_min_child_weight": 0.8567066742215268, "log10_subsample": -0.2972590290205137, "max_depth": 4.0, "num_boost_round": 25.0}, "datetime": {"datetime": "2024-01-19 01:18:30", "elapsed": 4014.236968, "delta": 0.004937}}
{"target": -13.803223739516847, "params": {"gamma": 513.0517971031715, "log10_alpha": 0.7948599148907256, "log10_colsample_bytree": -0.45959035707410045, "log10_eta": -1.0763226066513987, "log10_lambda": 0.7696427255591871, "log10_min_child_weight": 0.8567066742215268, "log10_subsample": -0.2972590290205137, "max_depth": 4.0, "num_boost_round": 26.0}, "datetime": {"datetime": "2024-01-19 01:18:30", "elapsed": 4014.24201, "delta": 0.005042}}
{"target": -13.802803142423599, "params": {"gamma": 513.0517971031715, "log10_alpha": 0.7948599148907256, "log10_colsample_bytree": -0.45959035707410045, "log10_eta": -1.0763226066513987, "log10_lambda": 0.7696427255591871, "log10_min_child_weight": 0.8567066742215268, "log10_subsample": -0.2972590290205137, "max_depth": 4.0, "num_boost_round": 27.0}, "datetime": {"datetime": "2024-01-19 01:18:30", "elapsed": 4014.246969, "delta": 0.004959}}
{"target": -13.804110213839614, "params": {"gamma": 513.0517971031715, "log10_alpha": 0.7948599148907256, "log10_colsample_bytree": -0.45959035707410045, "log10_eta": -1.0763226066513987, "log10_lambda": 0.7696427255591871, "log10_min_child_weight": 0.8567066742215268, "log10_subsample": -0.2972590290205137, "max_depth": 4.0, "num_boost_round": 28.0}, "datetime": {"datetime": "2024-01-19 01:18:30", "elapsed": 4014.251929, "delta": 0.00496}}
{"target": -13.81355410218996, "params": {"gamma": 513.0517971031715, "log10_alpha": 0.7948599148907256, "log10_colsample_bytree": -0.45959035707410045, "log10_eta": -1.0763226066513987, "log10_lambda": 0.7696427255591871, "log10_min_child_weight": 0.8567066742215268, "log10_subsample": -0.2972590290205137, "max_depth": 4.0, "num_boost_round": 29.0}, "datetime": {"datetime": "2024-01-19 01:18:30", "elapsed": 4014.25693, "delta": 0.005001}}
{"target": -13.815335857052856, "params": {"gamma": 513.0517971031715, "log10_alpha": 0.7948599148907256, "log10_colsample_bytree": -0.45959035707410045, "log10_eta": -1.0763226066513987, "log10_lambda": 0.7696427255591871, "log10_min_child_weight": 0.8567066742215268, "log10_subsample": -0.2972590290205137, "max_depth": 4.0, "num_boost_round": 30.0}, "datetime": {"datetime": "2024-01-19 01:18:30", "elapsed": 4014.261883, "delta": 0.004953}}
{"target": -13.81447938646985, "params": {"gamma": 513.0517971031715, "log10_alpha": 0.7948599148907256, "log10_colsample_bytree": -0.45959035707410045, "log10_eta": -1.0763226066513987, "log10_lambda": 0.7696427255591871, "log10_min_child_weight": 0.8567066742215268, "log10_subsample": -0.2972590290205137, "max_depth": 4.0, "num_boost_round": 31.0}, "datetime": {"datetime": "2024-01-19 01:18:30", "elapsed": 4014.26683, "delta": 0.004947}}
{"target": -13.815696644414421, "params": {"gamma": 513.0517971031715, "log10_alpha": 0.7948599148907256, "log10_colsample_bytree": -0.45959035707410045, "log10_eta": -1.0763226066513987, "log10_lambda": 0.7696427255591871, "log10_min_child_weight": 0.8567066742215268, "log10_subsample": -0.2972590290205137, "max_depth": 4.0, "num_boost_round": 32.0}, "datetime": {"datetime": "2024-01-19 01:18:30", "elapsed": 4014.271756, "delta": 0.004926}}
{"target": -13.816422507713233, "params": {"gamma": 513.0517971031715, "log10_alpha": 0.7948599148907256, "log10_colsample_bytree": -0.45959035707410045, "log10_eta": -1.0763226066513987, "log10_lambda": 0.7696427255591871, "log10_min_child_weight": 0.8567066742215268, "log10_subsample": -0.2972590290205137, "max_depth": 4.0, "num_boost_round": 33.0}, "datetime": {"datetime": "2024-01-19 01:18:30", "elapsed": 4014.276765, "delta": 0.005009}}
{"target": -13.818881833235942, "params": {"gamma": 513.0517971031715, "log10_alpha": 0.7948599148907256, "log10_colsample_bytree": -0.45959035707410045, "log10_eta": -1.0763226066513987, "log10_lambda": 0.7696427255591871, "log10_min_child_weight": 0.8567066742215268, "log10_subsample": -0.2972590290205137, "max_depth": 4.0, "num_boost_round": 34.0}, "datetime": {"datetime": "2024-01-19 01:18:30", "elapsed": 4014.281864, "delta": 0.005099}}
{"target": -13.820377469040567, "params": {"gamma": 513.0517971031715, "log10_alpha": 0.7948599148907256, "log10_colsample_bytree": -0.45959035707410045, "log10_eta": -1.0763226066513987, "log10_lambda": 0.7696427255591871, "log10_min_child_weight": 0.8567066742215268, "log10_subsample": -0.2972590290205137, "max_depth": 4.0, "num_boost_round": 35.0}, "datetime": {"datetime": "2024-01-19 01:18:30", "elapsed": 4014.286943, "delta": 0.005079}}
{"target": -13.82135806300404, "params": {"gamma": 513.0517971031715, "log10_alpha": 0.7948599148907256, "log10_colsample_bytree": -0.45959035707410045, "log10_eta": -1.0763226066513987, "log10_lambda": 0.7696427255591871, "log10_min_child_weight": 0.8567066742215268, "log10_subsample": -0.2972590290205137, "max_depth": 4.0, "num_boost_round": 36.0}, "datetime": {"datetime": "2024-01-19 01:18:30", "elapsed": 4014.292039, "delta": 0.005096}}
{"target": -13.824128134734941, "params": {"gamma": 513.0517971031715, "log10_alpha": 0.7948599148907256, "log10_colsample_bytree": -0.45959035707410045, "log10_eta": -1.0763226066513987, "log10_lambda": 0.7696427255591871, "log10_min_child_weight": 0.8567066742215268, "log10_subsample": -0.2972590290205137, "max_depth": 4.0, "num_boost_round": 37.0}, "datetime": {"datetime": "2024-01-19 01:18:30", "elapsed": 4014.297122, "delta": 0.005083}}
{"target": -13.825376394373583, "params": {"gamma": 513.0517971031715, "log10_alpha": 0.7948599148907256, "log10_colsample_bytree": -0.45959035707410045, "log10_eta": -1.0763226066513987, "log10_lambda": 0.7696427255591871, "log10_min_child_weight": 0.8567066742215268, "log10_subsample": -0.2972590290205137, "max_depth": 4.0, "num_boost_round": 38.0}, "datetime": {"datetime": "2024-01-19 01:18:30", "elapsed": 4014.302134, "delta": 0.005012}}
{"target": -13.825891285480957, "params": {"gamma": 513.0517971031715, "log10_alpha": 0.7948599148907256, "log10_colsample_bytree": -0.45959035707410045, "log10_eta": -1.0763226066513987, "log10_lambda": 0.7696427255591871, "log10_min_child_weight": 0.8567066742215268, "log10_subsample": -0.2972590290205137, "max_depth": 4.0, "num_boost_round": 39.0}, "datetime": {"datetime": "2024-01-19 01:18:30", "elapsed": 4014.307172, "delta": 0.005038}}
{"target": -13.82743816371233, "params": {"gamma": 513.0517971031715, "log10_alpha": 0.7948599148907256, "log10_colsample_bytree": -0.45959035707410045, "log10_eta": -1.0763226066513987, "log10_lambda": 0.7696427255591871, "log10_min_child_weight": 0.8567066742215268, "log10_subsample": -0.2972590290205137, "max_depth": 4.0, "num_boost_round": 40.0}, "datetime": {"datetime": "2024-01-19 01:18:30", "elapsed": 4014.312144, "delta": 0.004972}}
{"target": -13.82809608016646, "params": {"gamma": 513.0517971031715, "log10_alpha": 0.7948599148907256, "log10_colsample_bytree": -0.45959035707410045, "log10_eta": -1.0763226066513987, "log10_lambda": 0.7696427255591871, "log10_min_child_weight": 0.8567066742215268, "log10_subsample": -0.2972590290205137, "max_depth": 4.0, "num_boost_round": 41.0}, "datetime": {"datetime": "2024-01-19 01:18:30", "elapsed": 4014.317387, "delta": 0.005243}}
{"target": -13.834541739741562, "params": {"gamma": 513.0517971031715, "log10_alpha": 0.7948599148907256, "log10_colsample_bytree": -0.45959035707410045, "log10_eta": -1.0763226066513987, "log10_lambda": 0.7696427255591871, "log10_min_child_weight": 0.8567066742215268, "log10_subsample": -0.2972590290205137, "max_depth": 4.0, "num_boost_round": 42.0}, "datetime": {"datetime": "2024-01-19 01:18:30", "elapsed": 4014.322461, "delta": 0.005074}}
{"target": -13.835280967652054, "params": {"gamma": 513.0517971031715, "log10_alpha": 0.7948599148907256, "log10_colsample_bytree": -0.45959035707410045, "log10_eta": -1.0763226066513987, "log10_lambda": 0.7696427255591871, "log10_min_child_weight": 0.8567066742215268, "log10_subsample": -0.2972590290205137, "max_depth": 4.0, "num_boost_round": 43.0}, "datetime": {"datetime": "2024-01-19 01:18:30", "elapsed": 4014.327557, "delta": 0.005096}}
{"target": -13.835220626393234, "params": {"gamma": 513.0517971031715, "log10_alpha": 0.7948599148907256, "log10_colsample_bytree": -0.45959035707410045, "log10_eta": -1.0763226066513987, "log10_lambda": 0.7696427255591871, "log10_min_child_weight": 0.8567066742215268, "log10_subsample": -0.2972590290205137, "max_depth": 4.0, "num_boost_round": 44.0}, "datetime": {"datetime": "2024-01-19 01:18:30", "elapsed": 4014.332618, "delta": 0.005061}}
{"target": -13.838049079063335, "params": {"gamma": 513.0517971031715, "log10_alpha": 0.7948599148907256, "log10_colsample_bytree": -0.45959035707410045, "log10_eta": -1.0763226066513987, "log10_lambda": 0.7696427255591871, "log10_min_child_weight": 0.8567066742215268, "log10_subsample": -0.2972590290205137, "max_depth": 4.0, "num_boost_round": 45.0}, "datetime": {"datetime": "2024-01-19 01:18:30", "elapsed": 4014.338467, "delta": 0.005849}}
{"target": -13.840094887247796, "params": {"gamma": 513.0517971031715, "log10_alpha": 0.7948599148907256, "log10_colsample_bytree": -0.45959035707410045, "log10_eta": -1.0763226066513987, "log10_lambda": 0.7696427255591871, "log10_min_child_weight": 0.8567066742215268, "log10_subsample": -0.2972590290205137, "max_depth": 4.0, "num_boost_round": 46.0}, "datetime": {"datetime": "2024-01-19 01:18:30", "elapsed": 4014.344029, "delta": 0.005562}}
{"target": -13.840826649163171, "params": {"gamma": 513.0517971031715, "log10_alpha": 0.7948599148907256, "log10_colsample_bytree": -0.45959035707410045, "log10_eta": -1.0763226066513987, "log10_lambda": 0.7696427255591871, "log10_min_child_weight": 0.8567066742215268, "log10_subsample": -0.2972590290205137, "max_depth": 4.0, "num_boost_round": 47.0}, "datetime": {"datetime": "2024-01-19 01:18:30", "elapsed": 4014.349189, "delta": 0.00516}}
{"target": -13.842159824128059, "params": {"gamma": 513.0517971031715, "log10_alpha": 0.7948599148907256, "log10_colsample_bytree": -0.45959035707410045, "log10_eta": -1.0763226066513987, "log10_lambda": 0.7696427255591871, "log10_min_child_weight": 0.8567066742215268, "log10_subsample": -0.2972590290205137, "max_depth": 4.0, "num_boost_round": 48.0}, "datetime": {"datetime": "2024-01-19 01:18:30", "elapsed": 4014.354368, "delta": 0.005179}}
{"target": -13.843600927199851, "params": {"gamma": 513.0517971031715, "log10_alpha": 0.7948599148907256, "log10_colsample_bytree": -0.45959035707410045, "log10_eta": -1.0763226066513987, "log10_lambda": 0.7696427255591871, "log10_min_child_weight": 0.8567066742215268, "log10_subsample": -0.2972590290205137, "max_depth": 4.0, "num_boost_round": 49.0}, "datetime": {"datetime": "2024-01-19 01:18:30", "elapsed": 4014.359795, "delta": 0.005427}}
{"target": -13.845248557690146, "params": {"gamma": 513.0517971031715, "log10_alpha": 0.7948599148907256, "log10_colsample_bytree": -0.45959035707410045, "log10_eta": -1.0763226066513987, "log10_lambda": 0.7696427255591871, "log10_min_child_weight": 0.8567066742215268, "log10_subsample": -0.2972590290205137, "max_depth": 4.0, "num_boost_round": 50.0}, "datetime": {"datetime": "2024-01-19 01:18:30", "elapsed": 4014.365019, "delta": 0.005224}}
{"target": -13.84622538568608, "params": {"gamma": 513.0517971031715, "log10_alpha": 0.7948599148907256, "log10_colsample_bytree": -0.45959035707410045, "log10_eta": -1.0763226066513987, "log10_lambda": 0.7696427255591871, "log10_min_child_weight": 0.8567066742215268, "log10_subsample": -0.2972590290205137, "max_depth": 4.0, "num_boost_round": 51.0}, "datetime": {"datetime": "2024-01-19 01:18:30", "elapsed": 4014.370092, "delta": 0.005073}}
{"target": -13.848645839876356, "params": {"gamma": 513.0517971031715, "log10_alpha": 0.7948599148907256, "log10_colsample_bytree": -0.45959035707410045, "log10_eta": -1.0763226066513987, "log10_lambda": 0.7696427255591871, "log10_min_child_weight": 0.8567066742215268, "log10_subsample": -0.2972590290205137, "max_depth": 4.0, "num_boost_round": 52.0}, "datetime": {"datetime": "2024-01-19 01:18:30", "elapsed": 4014.375141, "delta": 0.005049}}
