{"target": -13.758416152265939, "params": {"gamma": 836.3806214203554, "log10_alpha": -5.0, "log10_colsample_bytree": -1.0, "log10_eta": -3.3127629709301827, "log10_lambda": -1.0125927990441908, "log10_min_child_weight": 2.6735013332790944, "log10_subsample": -1.0, "max_depth": 6.0, "num_boost_round": 20.0}, "datetime": {"datetime": "2024-01-19 02:33:53", "elapsed": 8553.082772, "delta": 0.006005}}
{"target": -13.758530528051692, "params": {"gamma": 92.13579743206756, "log10_alpha": -2.8807109631606216, "log10_colsample_bytree": -0.5151437131073511, "log10_eta": -2.6690401683348464, "log10_lambda": 0.19224443928310464, "log10_min_child_weight": 4.665586472869193, "log10_subsample": -0.5460863305559914, "max_depth": 2.0, "num_boost_round": 0.0}, "datetime": {"datetime": "2024-01-19 02:35:02", "elapsed": 8622.579019, "delta": 69.496247}}
{"target": -13.75851945043185, "params": {"gamma": 92.13579743206756, "log10_alpha": -2.8807109631606216, "log10_colsample_bytree": -0.5151437131073511, "log10_eta": -2.6690401683348464, "log10_lambda": 0.19224443928310464, "log10_min_child_weight": 4.665586472869193, "log10_subsample": -0.5460863305559914, "max_depth": 2.0, "num_boost_round": 1.0}, "datetime": {"datetime": "2024-01-19 02:35:02", "elapsed": 8622.586066, "delta": 0.007047}}
{"target": -13.75850985404214, "params": {"gamma": 92.13579743206756, "log10_alpha": -2.8807109631606216, "log10_colsample_bytree": -0.5151437131073511, "log10_eta": -2.6690401683348464, "log10_lambda": 0.19224443928310464, "log10_min_child_weight": 4.665586472869193, "log10_subsample": -0.5460863305559914, "max_depth": 2.0, "num_boost_round": 2.0}, "datetime": {"datetime": "2024-01-19 02:35:02", "elapsed": 8622.592075, "delta": 0.006009}}
{"target": -13.75850910016293, "params": {"gamma": 92.13579743206756, "log10_alpha": -2.8807109631606216, "log10_colsample_bytree": -0.5151437131073511, "log10_eta": -2.6690401683348464, "log10_lambda": 0.19224443928310464, "log10_min_child_weight": 4.665586472869193, "log10_subsample": -0.5460863305559914, "max_depth": 2.0, "num_boost_round": 3.0}, "datetime": {"datetime": "2024-01-19 02:35:02", "elapsed": 8622.5979, "delta": 0.005825}}
{"target": -13.758499708512533, "params": {"gamma": 92.13579743206756, "log10_alpha": -2.8807109631606216, "log10_colsample_bytree": -0.5151437131073511, "log10_eta": -2.6690401683348464, "log10_lambda": 0.19224443928310464, "log10_min_child_weight": 4.665586472869193, "log10_subsample": -0.5460863305559914, "max_depth": 2.0, "num_boost_round": 4.0}, "datetime": {"datetime": "2024-01-19 02:35:02", "elapsed": 8622.603765, "delta": 0.005865}}
{"target": -13.758497655905952, "params": {"gamma": 92.13579743206756, "log10_alpha": -2.8807109631606216, "log10_colsample_bytree": -0.5151437131073511, "log10_eta": -2.6690401683348464, "log10_lambda": 0.19224443928310464, "log10_min_child_weight": 4.665586472869193, "log10_subsample": -0.5460863305559914, "max_depth": 2.0, "num_boost_round": 5.0}, "datetime": {"datetime": "2024-01-19 02:35:02", "elapsed": 8622.6095, "delta": 0.005735}}
{"target": -13.758497210976882, "params": {"gamma": 92.13579743206756, "log10_alpha": -2.8807109631606216, "log10_colsample_bytree": -0.5151437131073511, "log10_eta": -2.6690401683348464, "log10_lambda": 0.19224443928310464, "log10_min_child_weight": 4.665586472869193, "log10_subsample": -0.5460863305559914, "max_depth": 2.0, "num_boost_round": 6.0}, "datetime": {"datetime": "2024-01-19 02:35:02", "elapsed": 8622.615398, "delta": 0.005898}}
{"target": -13.758495419244934, "params": {"gamma": 92.13579743206756, "log10_alpha": -2.8807109631606216, "log10_colsample_bytree": -0.5151437131073511, "log10_eta": -2.6690401683348464, "log10_lambda": 0.19224443928310464, "log10_min_child_weight": 4.665586472869193, "log10_subsample": -0.5460863305559914, "max_depth": 2.0, "num_boost_round": 7.0}, "datetime": {"datetime": "2024-01-19 02:35:02", "elapsed": 8622.621184, "delta": 0.005786}}
{"target": -13.758497731774042, "params": {"gamma": 92.13579743206756, "log10_alpha": -2.8807109631606216, "log10_colsample_bytree": -0.5151437131073511, "log10_eta": -2.6690401683348464, "log10_lambda": 0.19224443928310464, "log10_min_child_weight": 4.665586472869193, "log10_subsample": -0.5460863305559914, "max_depth": 2.0, "num_boost_round": 8.0}, "datetime": {"datetime": "2024-01-19 02:35:02", "elapsed": 8622.627094, "delta": 0.00591}}
{"target": -13.758484379771328, "params": {"gamma": 92.13579743206756, "log10_alpha": -2.8807109631606216, "log10_colsample_bytree": -0.5151437131073511, "log10_eta": -2.6690401683348464, "log10_lambda": 0.19224443928310464, "log10_min_child_weight": 4.665586472869193, "log10_subsample": -0.5460863305559914, "max_depth": 2.0, "num_boost_round": 9.0}, "datetime": {"datetime": "2024-01-19 02:35:02", "elapsed": 8622.632865, "delta": 0.005771}}
{"target": -13.758471258112035, "params": {"gamma": 92.13579743206756, "log10_alpha": -2.8807109631606216, "log10_colsample_bytree": -0.5151437131073511, "log10_eta": -2.6690401683348464, "log10_lambda": 0.19224443928310464, "log10_min_child_weight": 4.665586472869193, "log10_subsample": -0.5460863305559914, "max_depth": 2.0, "num_boost_round": 10.0}, "datetime": {"datetime": "2024-01-19 02:35:02", "elapsed": 8622.638775, "delta": 0.00591}}
{"target": -13.75846187904529, "params": {"gamma": 92.13579743206756, "log10_alpha": -2.8807109631606216, "log10_colsample_bytree": -0.5151437131073511, "log10_eta": -2.6690401683348464, "log10_lambda": 0.19224443928310464, "log10_min_child_weight": 4.665586472869193, "log10_subsample": -0.5460863305559914, "max_depth": 2.0, "num_boost_round": 11.0}, "datetime": {"datetime": "2024-01-19 02:35:02", "elapsed": 8622.644634, "delta": 0.005859}}
{"target": -13.75846479599241, "params": {"gamma": 92.13579743206756, "log10_alpha": -2.8807109631606216, "log10_colsample_bytree": -0.5151437131073511, "log10_eta": -2.6690401683348464, "log10_lambda": 0.19224443928310464, "log10_min_child_weight": 4.665586472869193, "log10_subsample": -0.5460863305559914, "max_depth": 2.0, "num_boost_round": 12.0}, "datetime": {"datetime": "2024-01-19 02:35:02", "elapsed": 8622.650511, "delta": 0.005877}}
{"target": -13.758465151559278, "params": {"gamma": 92.13579743206756, "log10_alpha": -2.8807109631606216, "log10_colsample_bytree": -0.5151437131073511, "log10_eta": -2.6690401683348464, "log10_lambda": 0.19224443928310464, "log10_min_child_weight": 4.665586472869193, "log10_subsample": -0.5460863305559914, "max_depth": 2.0, "num_boost_round": 13.0}, "datetime": {"datetime": "2024-01-19 02:35:02", "elapsed": 8622.656279, "delta": 0.005768}}
{"target": -13.75846497055561, "params": {"gamma": 92.13579743206756, "log10_alpha": -2.8807109631606216, "log10_colsample_bytree": -0.5151437131073511, "log10_eta": -2.6690401683348464, "log10_lambda": 0.19224443928310464, "log10_min_child_weight": 4.665586472869193, "log10_subsample": -0.5460863305559914, "max_depth": 2.0, "num_boost_round": 14.0}, "datetime": {"datetime": "2024-01-19 02:35:02", "elapsed": 8622.662106, "delta": 0.005827}}
{"target": -13.758456670799802, "params": {"gamma": 92.13579743206756, "log10_alpha": -2.8807109631606216, "log10_colsample_bytree": -0.5151437131073511, "log10_eta": -2.6690401683348464, "log10_lambda": 0.19224443928310464, "log10_min_child_weight": 4.665586472869193, "log10_subsample": -0.5460863305559914, "max_depth": 2.0, "num_boost_round": 15.0}, "datetime": {"datetime": "2024-01-19 02:35:02", "elapsed": 8622.667901, "delta": 0.005795}}
{"target": -13.758457958922698, "params": {"gamma": 92.13579743206756, "log10_alpha": -2.8807109631606216, "log10_colsample_bytree": -0.5151437131073511, "log10_eta": -2.6690401683348464, "log10_lambda": 0.19224443928310464, "log10_min_child_weight": 4.665586472869193, "log10_subsample": -0.5460863305559914, "max_depth": 2.0, "num_boost_round": 16.0}, "datetime": {"datetime": "2024-01-19 02:35:02", "elapsed": 8622.673709, "delta": 0.005808}}
{"target": -13.758459393473647, "params": {"gamma": 92.13579743206756, "log10_alpha": -2.8807109631606216, "log10_colsample_bytree": -0.5151437131073511, "log10_eta": -2.6690401683348464, "log10_lambda": 0.19224443928310464, "log10_min_child_weight": 4.665586472869193, "log10_subsample": -0.5460863305559914, "max_depth": 2.0, "num_boost_round": 17.0}, "datetime": {"datetime": "2024-01-19 02:35:02", "elapsed": 8622.679502, "delta": 0.005793}}
{"target": -13.7584594169242, "params": {"gamma": 92.13579743206756, "log10_alpha": -2.8807109631606216, "log10_colsample_bytree": -0.5151437131073511, "log10_eta": -2.6690401683348464, "log10_lambda": 0.19224443928310464, "log10_min_child_weight": 4.665586472869193, "log10_subsample": -0.5460863305559914, "max_depth": 2.0, "num_boost_round": 18.0}, "datetime": {"datetime": "2024-01-19 02:35:02", "elapsed": 8622.685324, "delta": 0.005822}}
{"target": -13.758445275373324, "params": {"gamma": 92.13579743206756, "log10_alpha": -2.8807109631606216, "log10_colsample_bytree": -0.5151437131073511, "log10_eta": -2.6690401683348464, "log10_lambda": 0.19224443928310464, "log10_min_child_weight": 4.665586472869193, "log10_subsample": -0.5460863305559914, "max_depth": 2.0, "num_boost_round": 19.0}, "datetime": {"datetime": "2024-01-19 02:35:02", "elapsed": 8622.69111, "delta": 0.005786}}
{"target": -13.758435999500925, "params": {"gamma": 92.13579743206756, "log10_alpha": -2.8807109631606216, "log10_colsample_bytree": -0.5151437131073511, "log10_eta": -2.6690401683348464, "log10_lambda": 0.19224443928310464, "log10_min_child_weight": 4.665586472869193, "log10_subsample": -0.5460863305559914, "max_depth": 2.0, "num_boost_round": 20.0}, "datetime": {"datetime": "2024-01-19 02:35:02", "elapsed": 8622.696958, "delta": 0.005848}}
{"target": -13.758424599082245, "params": {"gamma": 92.13579743206756, "log10_alpha": -2.8807109631606216, "log10_colsample_bytree": -0.5151437131073511, "log10_eta": -2.6690401683348464, "log10_lambda": 0.19224443928310464, "log10_min_child_weight": 4.665586472869193, "log10_subsample": -0.5460863305559914, "max_depth": 2.0, "num_boost_round": 21.0}, "datetime": {"datetime": "2024-01-19 02:35:02", "elapsed": 8622.703475, "delta": 0.006517}}
{"target": -13.758426067101983, "params": {"gamma": 92.13579743206756, "log10_alpha": -2.8807109631606216, "log10_colsample_bytree": -0.5151437131073511, "log10_eta": -2.6690401683348464, "log10_lambda": 0.19224443928310464, "log10_min_child_weight": 4.665586472869193, "log10_subsample": -0.5460863305559914, "max_depth": 2.0, "num_boost_round": 22.0}, "datetime": {"datetime": "2024-01-19 02:35:02", "elapsed": 8622.709723, "delta": 0.006248}}
{"target": -13.758412894982255, "params": {"gamma": 92.13579743206756, "log10_alpha": -2.8807109631606216, "log10_colsample_bytree": -0.5151437131073511, "log10_eta": -2.6690401683348464, "log10_lambda": 0.19224443928310464, "log10_min_child_weight": 4.665586472869193, "log10_subsample": -0.5460863305559914, "max_depth": 2.0, "num_boost_round": 23.0}, "datetime": {"datetime": "2024-01-19 02:35:02", "elapsed": 8622.715588, "delta": 0.005865}}
{"target": -13.758414029440136, "params": {"gamma": 92.13579743206756, "log10_alpha": -2.8807109631606216, "log10_colsample_bytree": -0.5151437131073511, "log10_eta": -2.6690401683348464, "log10_lambda": 0.19224443928310464, "log10_min_child_weight": 4.665586472869193, "log10_subsample": -0.5460863305559914, "max_depth": 2.0, "num_boost_round": 24.0}, "datetime": {"datetime": "2024-01-19 02:35:02", "elapsed": 8622.721718, "delta": 0.00613}}
{"target": -13.758410353657414, "params": {"gamma": 92.13579743206756, "log10_alpha": -2.8807109631606216, "log10_colsample_bytree": -0.5151437131073511, "log10_eta": -2.6690401683348464, "log10_lambda": 0.19224443928310464, "log10_min_child_weight": 4.665586472869193, "log10_subsample": -0.5460863305559914, "max_depth": 2.0, "num_boost_round": 25.0}, "datetime": {"datetime": "2024-01-19 02:35:02", "elapsed": 8622.727517, "delta": 0.005799}}
{"target": -13.758411459544474, "params": {"gamma": 92.13579743206756, "log10_alpha": -2.8807109631606216, "log10_colsample_bytree": -0.5151437131073511, "log10_eta": -2.6690401683348464, "log10_lambda": 0.19224443928310464, "log10_min_child_weight": 4.665586472869193, "log10_subsample": -0.5460863305559914, "max_depth": 2.0, "num_boost_round": 26.0}, "datetime": {"datetime": "2024-01-19 02:35:02", "elapsed": 8622.733373, "delta": 0.005856}}
{"target": -13.758393984794026, "params": {"gamma": 92.13579743206756, "log10_alpha": -2.8807109631606216, "log10_colsample_bytree": -0.5151437131073511, "log10_eta": -2.6690401683348464, "log10_lambda": 0.19224443928310464, "log10_min_child_weight": 4.665586472869193, "log10_subsample": -0.5460863305559914, "max_depth": 2.0, "num_boost_round": 27.0}, "datetime": {"datetime": "2024-01-19 02:35:02", "elapsed": 8622.739357, "delta": 0.005984}}
{"target": -13.758378946782631, "params": {"gamma": 92.13579743206756, "log10_alpha": -2.8807109631606216, "log10_colsample_bytree": -0.5151437131073511, "log10_eta": -2.6690401683348464, "log10_lambda": 0.19224443928310464, "log10_min_child_weight": 4.665586472869193, "log10_subsample": -0.5460863305559914, "max_depth": 2.0, "num_boost_round": 28.0}, "datetime": {"datetime": "2024-01-19 02:35:02", "elapsed": 8622.745141, "delta": 0.005784}}
{"target": -13.758538934036698, "params": {"gamma": 75.42880760099466, "log10_alpha": 1.0, "log10_colsample_bytree": -0.25870554064684803, "log10_eta": -4.0, "log10_lambda": -2.4251346163925662, "log10_min_child_weight": 2.9957457180651117, "log10_subsample": -0.6018369307699141, "max_depth": 6.0, "num_boost_round": 0.0}, "datetime": {"datetime": "2024-01-19 02:36:47", "elapsed": 8727.023091, "delta": 104.27795}}
{"target": -13.758538823561024, "params": {"gamma": 75.42880760099466, "log10_alpha": 1.0, "log10_colsample_bytree": -0.25870554064684803, "log10_eta": -4.0, "log10_lambda": -2.4251346163925662, "log10_min_child_weight": 2.9957457180651117, "log10_subsample": -0.6018369307699141, "max_depth": 6.0, "num_boost_round": 1.0}, "datetime": {"datetime": "2024-01-19 02:36:47", "elapsed": 8727.03, "delta": 0.006909}}
{"target": -13.758537031409439, "params": {"gamma": 75.42880760099466, "log10_alpha": 1.0, "log10_colsample_bytree": -0.25870554064684803, "log10_eta": -4.0, "log10_lambda": -2.4251346163925662, "log10_min_child_weight": 2.9957457180651117, "log10_subsample": -0.6018369307699141, "max_depth": 6.0, "num_boost_round": 2.0}, "datetime": {"datetime": "2024-01-19 02:36:47", "elapsed": 8727.147342, "delta": 0.117342}}
{"target": -13.758536495209896, "params": {"gamma": 75.42880760099466, "log10_alpha": 1.0, "log10_colsample_bytree": -0.25870554064684803, "log10_eta": -4.0, "log10_lambda": -2.4251346163925662, "log10_min_child_weight": 2.9957457180651117, "log10_subsample": -0.6018369307699141, "max_depth": 6.0, "num_boost_round": 3.0}, "datetime": {"datetime": "2024-01-19 02:36:47", "elapsed": 8727.154074, "delta": 0.006732}}
{"target": -13.758535087522537, "params": {"gamma": 75.42880760099466, "log10_alpha": 1.0, "log10_colsample_bytree": -0.25870554064684803, "log10_eta": -4.0, "log10_lambda": -2.4251346163925662, "log10_min_child_weight": 2.9957457180651117, "log10_subsample": -0.6018369307699141, "max_depth": 6.0, "num_boost_round": 4.0}, "datetime": {"datetime": "2024-01-19 02:36:47", "elapsed": 8727.160031, "delta": 0.005957}}
{"target": -13.75853471174513, "params": {"gamma": 75.42880760099466, "log10_alpha": 1.0, "log10_colsample_bytree": -0.25870554064684803, "log10_eta": -4.0, "log10_lambda": -2.4251346163925662, "log10_min_child_weight": 2.9957457180651117, "log10_subsample": -0.6018369307699141, "max_depth": 6.0, "num_boost_round": 5.0}, "datetime": {"datetime": "2024-01-19 02:36:47", "elapsed": 8727.165995, "delta": 0.005964}}
{"target": -13.758536832433428, "params": {"gamma": 75.42880760099466, "log10_alpha": 1.0, "log10_colsample_bytree": -0.25870554064684803, "log10_eta": -4.0, "log10_lambda": -2.4251346163925662, "log10_min_child_weight": 2.9957457180651117, "log10_subsample": -0.6018369307699141, "max_depth": 6.0, "num_boost_round": 6.0}, "datetime": {"datetime": "2024-01-19 02:36:47", "elapsed": 8727.171795, "delta": 0.0058}}
{"target": -13.758534898290257, "params": {"gamma": 75.42880760099466, "log10_alpha": 1.0, "log10_colsample_bytree": -0.25870554064684803, "log10_eta": -4.0, "log10_lambda": -2.4251346163925662, "log10_min_child_weight": 2.9957457180651117, "log10_subsample": -0.6018369307699141, "max_depth": 6.0, "num_boost_round": 7.0}, "datetime": {"datetime": "2024-01-19 02:36:47", "elapsed": 8727.177678, "delta": 0.005883}}
{"target": -13.758535533319845, "params": {"gamma": 75.42880760099466, "log10_alpha": 1.0, "log10_colsample_bytree": -0.25870554064684803, "log10_eta": -4.0, "log10_lambda": -2.4251346163925662, "log10_min_child_weight": 2.9957457180651117, "log10_subsample": -0.6018369307699141, "max_depth": 6.0, "num_boost_round": 8.0}, "datetime": {"datetime": "2024-01-19 02:36:47", "elapsed": 8727.183508, "delta": 0.00583}}
{"target": -13.75853440958193, "params": {"gamma": 75.42880760099466, "log10_alpha": 1.0, "log10_colsample_bytree": -0.25870554064684803, "log10_eta": -4.0, "log10_lambda": -2.4251346163925662, "log10_min_child_weight": 2.9957457180651117, "log10_subsample": -0.6018369307699141, "max_depth": 6.0, "num_boost_round": 9.0}, "datetime": {"datetime": "2024-01-19 02:36:47", "elapsed": 8727.189434, "delta": 0.005926}}
{"target": -13.758533585410756, "params": {"gamma": 75.42880760099466, "log10_alpha": 1.0, "log10_colsample_bytree": -0.25870554064684803, "log10_eta": -4.0, "log10_lambda": -2.4251346163925662, "log10_min_child_weight": 2.9957457180651117, "log10_subsample": -0.6018369307699141, "max_depth": 6.0, "num_boost_round": 10.0}, "datetime": {"datetime": "2024-01-19 02:36:47", "elapsed": 8727.195316, "delta": 0.005882}}
{"target": -13.758531905494413, "params": {"gamma": 75.42880760099466, "log10_alpha": 1.0, "log10_colsample_bytree": -0.25870554064684803, "log10_eta": -4.0, "log10_lambda": -2.4251346163925662, "log10_min_child_weight": 2.9957457180651117, "log10_subsample": -0.6018369307699141, "max_depth": 6.0, "num_boost_round": 11.0}, "datetime": {"datetime": "2024-01-19 02:36:47", "elapsed": 8727.201259, "delta": 0.005943}}
{"target": -13.758530001232439, "params": {"gamma": 75.42880760099466, "log10_alpha": 1.0, "log10_colsample_bytree": -0.25870554064684803, "log10_eta": -4.0, "log10_lambda": -2.4251346163925662, "log10_min_child_weight": 2.9957457180651117, "log10_subsample": -0.6018369307699141, "max_depth": 6.0, "num_boost_round": 12.0}, "datetime": {"datetime": "2024-01-19 02:36:47", "elapsed": 8727.207219, "delta": 0.00596}}
{"target": -13.758530154390135, "params": {"gamma": 75.42880760099466, "log10_alpha": 1.0, "log10_colsample_bytree": -0.25870554064684803, "log10_eta": -4.0, "log10_lambda": -2.4251346163925662, "log10_min_child_weight": 2.9957457180651117, "log10_subsample": -0.6018369307699141, "max_depth": 6.0, "num_boost_round": 13.0}, "datetime": {"datetime": "2024-01-19 02:36:47", "elapsed": 8727.213275, "delta": 0.006056}}
{"target": -13.758530835287175, "params": {"gamma": 75.42880760099466, "log10_alpha": 1.0, "log10_colsample_bytree": -0.25870554064684803, "log10_eta": -4.0, "log10_lambda": -2.4251346163925662, "log10_min_child_weight": 2.9957457180651117, "log10_subsample": -0.6018369307699141, "max_depth": 6.0, "num_boost_round": 14.0}, "datetime": {"datetime": "2024-01-19 02:36:47", "elapsed": 8727.219178, "delta": 0.005903}}
{"target": -13.758526227847433, "params": {"gamma": 75.42880760099466, "log10_alpha": 1.0, "log10_colsample_bytree": -0.25870554064684803, "log10_eta": -4.0, "log10_lambda": -2.4251346163925662, "log10_min_child_weight": 2.9957457180651117, "log10_subsample": -0.6018369307699141, "max_depth": 6.0, "num_boost_round": 15.0}, "datetime": {"datetime": "2024-01-19 02:36:47", "elapsed": 8727.225222, "delta": 0.006044}}
{"target": -13.758524317543351, "params": {"gamma": 75.42880760099466, "log10_alpha": 1.0, "log10_colsample_bytree": -0.25870554064684803, "log10_eta": -4.0, "log10_lambda": -2.4251346163925662, "log10_min_child_weight": 2.9957457180651117, "log10_subsample": -0.6018369307699141, "max_depth": 6.0, "num_boost_round": 16.0}, "datetime": {"datetime": "2024-01-19 02:36:47", "elapsed": 8727.231098, "delta": 0.005876}}
{"target": -13.758523010897697, "params": {"gamma": 75.42880760099466, "log10_alpha": 1.0, "log10_colsample_bytree": -0.25870554064684803, "log10_eta": -4.0, "log10_lambda": -2.4251346163925662, "log10_min_child_weight": 2.9957457180651117, "log10_subsample": -0.6018369307699141, "max_depth": 6.0, "num_boost_round": 17.0}, "datetime": {"datetime": "2024-01-19 02:36:47", "elapsed": 8727.237066, "delta": 0.005968}}
{"target": -13.758520065900633, "params": {"gamma": 75.42880760099466, "log10_alpha": 1.0, "log10_colsample_bytree": -0.25870554064684803, "log10_eta": -4.0, "log10_lambda": -2.4251346163925662, "log10_min_child_weight": 2.9957457180651117, "log10_subsample": -0.6018369307699141, "max_depth": 6.0, "num_boost_round": 18.0}, "datetime": {"datetime": "2024-01-19 02:36:47", "elapsed": 8727.242915, "delta": 0.005849}}
{"target": -13.758517129398944, "params": {"gamma": 75.42880760099466, "log10_alpha": 1.0, "log10_colsample_bytree": -0.25870554064684803, "log10_eta": -4.0, "log10_lambda": -2.4251346163925662, "log10_min_child_weight": 2.9957457180651117, "log10_subsample": -0.6018369307699141, "max_depth": 6.0, "num_boost_round": 19.0}, "datetime": {"datetime": "2024-01-19 02:36:47", "elapsed": 8727.248894, "delta": 0.005979}}
