{"target": -13.756611037745436, "params": {"gamma": 550.8447313298483, "log10_alpha": -0.22629544154111336, "log10_colsample_bytree": -0.15555954221352175, "log10_eta": -2.254947602492917, "log10_lambda": 0.19668227469047572, "log10_min_child_weight": 1.6721984308251048, "log10_subsample": -0.9251354646104175, "max_depth": 7.0, "num_boost_round": 25.0}, "datetime": {"datetime": "2024-01-19 00:26:05", "elapsed": 818.33338, "delta": 0.001544}}
{"target": -13.756418123120941, "params": {"gamma": 550.8447313298483, "log10_alpha": -0.22629544154111336, "log10_colsample_bytree": -0.15555954221352175, "log10_eta": -2.254947602492917, "log10_lambda": 0.19668227469047572, "log10_min_child_weight": 1.6721984308251048, "log10_subsample": -0.9251354646104175, "max_depth": 7.0, "num_boost_round": 26.0}, "datetime": {"datetime": "2024-01-19 00:26:05", "elapsed": 818.334777, "delta": 0.001397}}
{"target": -13.75651324871152, "params": {"gamma": 550.8447313298483, "log10_alpha": -0.22629544154111336, "log10_colsample_bytree": -0.15555954221352175, "log10_eta": -2.254947602492917, "log10_lambda": 0.19668227469047572, "log10_min_child_weight": 1.6721984308251048, "log10_subsample": -0.9251354646104175, "max_depth": 7.0, "num_boost_round": 27.0}, "datetime": {"datetime": "2024-01-19 00:26:05", "elapsed": 818.336173, "delta": 0.001396}}
{"target": -13.756452287410477, "params": {"gamma": 550.8447313298483, "log10_alpha": -0.22629544154111336, "log10_colsample_bytree": -0.15555954221352175, "log10_eta": -2.254947602492917, "log10_lambda": 0.19668227469047572, "log10_min_child_weight": 1.6721984308251048, "log10_subsample": -0.9251354646104175, "max_depth": 7.0, "num_boost_round": 28.0}, "datetime": {"datetime": "2024-01-19 00:26:05", "elapsed": 818.337572, "delta": 0.001399}}
{"target": -13.756474368105671, "params": {"gamma": 550.8447313298483, "log10_alpha": -0.22629544154111336, "log10_colsample_bytree": -0.15555954221352175, "log10_eta": -2.254947602492917, "log10_lambda": 0.19668227469047572, "log10_min_child_weight": 1.6721984308251048, "log10_subsample": -0.9251354646104175, "max_depth": 7.0, "num_boost_round": 29.0}, "datetime": {"datetime": "2024-01-19 00:26:05", "elapsed": 818.343257, "delta": 0.005685}}
{"target": -13.756532288129053, "params": {"gamma": 550.8447313298483, "log10_alpha": -0.22629544154111336, "log10_colsample_bytree": -0.15555954221352175, "log10_eta": -2.254947602492917, "log10_lambda": 0.19668227469047572, "log10_min_child_weight": 1.6721984308251048, "log10_subsample": -0.9251354646104175, "max_depth": 7.0, "num_boost_round": 30.0}, "datetime": {"datetime": "2024-01-19 00:26:05", "elapsed": 818.344681, "delta": 0.001424}}
{"target": -13.75853571411376, "params": {"gamma": 553.6113692008116, "log10_alpha": -4.97318642325586, "log10_colsample_bytree": -0.5300130452589475, "log10_eta": -3.6068964965321757, "log10_lambda": 0.39696549361825895, "log10_min_child_weight": 3.4335754289647396, "log10_subsample": -0.8531437915197717, "max_depth": 7.0, "num_boost_round": 0.0}, "datetime": {"datetime": "2024-01-19 00:26:34", "elapsed": 847.15257, "delta": 28.807889}}
{"target": -13.75853311726838, "params": {"gamma": 553.6113692008116, "log10_alpha": -4.97318642325586, "log10_colsample_bytree": -0.5300130452589475, "log10_eta": -3.6068964965321757, "log10_lambda": 0.39696549361825895, "log10_min_child_weight": 3.4335754289647396, "log10_subsample": -0.8531437915197717, "max_depth": 7.0, "num_boost_round": 1.0}, "datetime": {"datetime": "2024-01-19 00:26:34", "elapsed": 847.154155, "delta": 0.001585}}
{"target": -13.758536313642573, "params": {"gamma": 553.6113692008116, "log10_alpha": -4.97318642325586, "log10_colsample_bytree": -0.5300130452589475, "log10_eta": -3.6068964965321757, "log10_lambda": 0.39696549361825895, "log10_min_child_weight": 3.4335754289647396, "log10_subsample": -0.8531437915197717, "max_depth": 7.0, "num_boost_round": 2.0}, "datetime": {"datetime": "2024-01-19 00:26:34", "elapsed": 847.155609, "delta": 0.001454}}
{"target": -13.75853360909189, "params": {"gamma": 553.6113692008116, "log10_alpha": -4.97318642325586, "log10_colsample_bytree": -0.5300130452589475, "log10_eta": -3.6068964965321757, "log10_lambda": 0.39696549361825895, "log10_min_child_weight": 3.4335754289647396, "log10_subsample": -0.8531437915197717, "max_depth": 7.0, "num_boost_round": 3.0}, "datetime": {"datetime": "2024-01-19 00:26:34", "elapsed": 847.157041, "delta": 0.001432}}
{"target": -13.75852843964422, "params": {"gamma": 553.6113692008116, "log10_alpha": -4.97318642325586, "log10_colsample_bytree": -0.5300130452589475, "log10_eta": -3.6068964965321757, "log10_lambda": 0.39696549361825895, "log10_min_child_weight": 3.4335754289647396, "log10_subsample": -0.8531437915197717, "max_depth": 7.0, "num_boost_round": 4.0}, "datetime": {"datetime": "2024-01-19 00:26:34", "elapsed": 847.158692, "delta": 0.001651}}
{"target": -13.758523418386856, "params": {"gamma": 553.6113692008116, "log10_alpha": -4.97318642325586, "log10_colsample_bytree": -0.5300130452589475, "log10_eta": -3.6068964965321757, "log10_lambda": 0.39696549361825895, "log10_min_child_weight": 3.4335754289647396, "log10_subsample": -0.8531437915197717, "max_depth": 7.0, "num_boost_round": 5.0}, "datetime": {"datetime": "2024-01-19 00:26:34", "elapsed": 847.160153, "delta": 0.001461}}
{"target": -13.75852336298336, "params": {"gamma": 553.6113692008116, "log10_alpha": -4.97318642325586, "log10_colsample_bytree": -0.5300130452589475, "log10_eta": -3.6068964965321757, "log10_lambda": 0.39696549361825895, "log10_min_child_weight": 3.4335754289647396, "log10_subsample": -0.8531437915197717, "max_depth": 7.0, "num_boost_round": 6.0}, "datetime": {"datetime": "2024-01-19 00:26:34", "elapsed": 847.161607, "delta": 0.001454}}
{"target": -13.758521548316347, "params": {"gamma": 553.6113692008116, "log10_alpha": -4.97318642325586, "log10_colsample_bytree": -0.5300130452589475, "log10_eta": -3.6068964965321757, "log10_lambda": 0.39696549361825895, "log10_min_child_weight": 3.4335754289647396, "log10_subsample": -0.8531437915197717, "max_depth": 7.0, "num_boost_round": 7.0}, "datetime": {"datetime": "2024-01-19 00:26:34", "elapsed": 847.163062, "delta": 0.001455}}
{"target": -13.75852044294536, "params": {"gamma": 553.6113692008116, "log10_alpha": -4.97318642325586, "log10_colsample_bytree": -0.5300130452589475, "log10_eta": -3.6068964965321757, "log10_lambda": 0.39696549361825895, "log10_min_child_weight": 3.4335754289647396, "log10_subsample": -0.8531437915197717, "max_depth": 7.0, "num_boost_round": 8.0}, "datetime": {"datetime": "2024-01-19 00:26:34", "elapsed": 847.164546, "delta": 0.001484}}
{"target": -13.758516692871218, "params": {"gamma": 553.6113692008116, "log10_alpha": -4.97318642325586, "log10_colsample_bytree": -0.5300130452589475, "log10_eta": -3.6068964965321757, "log10_lambda": 0.39696549361825895, "log10_min_child_weight": 3.4335754289647396, "log10_subsample": -0.8531437915197717, "max_depth": 7.0, "num_boost_round": 9.0}, "datetime": {"datetime": "2024-01-19 00:26:34", "elapsed": 847.167027, "delta": 0.002481}}
{"target": -13.758514454035303, "params": {"gamma": 553.6113692008116, "log10_alpha": -4.97318642325586, "log10_colsample_bytree": -0.5300130452589475, "log10_eta": -3.6068964965321757, "log10_lambda": 0.39696549361825895, "log10_min_child_weight": 3.4335754289647396, "log10_subsample": -0.8531437915197717, "max_depth": 7.0, "num_boost_round": 10.0}, "datetime": {"datetime": "2024-01-19 00:26:34", "elapsed": 847.16856, "delta": 0.001533}}
{"target": -13.758511622319034, "params": {"gamma": 553.6113692008116, "log10_alpha": -4.97318642325586, "log10_colsample_bytree": -0.5300130452589475, "log10_eta": -3.6068964965321757, "log10_lambda": 0.39696549361825895, "log10_min_child_weight": 3.4335754289647396, "log10_subsample": -0.8531437915197717, "max_depth": 7.0, "num_boost_round": 11.0}, "datetime": {"datetime": "2024-01-19 00:26:34", "elapsed": 847.17, "delta": 0.00144}}
{"target": -13.758506774743088, "params": {"gamma": 553.6113692008116, "log10_alpha": -4.97318642325586, "log10_colsample_bytree": -0.5300130452589475, "log10_eta": -3.6068964965321757, "log10_lambda": 0.39696549361825895, "log10_min_child_weight": 3.4335754289647396, "log10_subsample": -0.8531437915197717, "max_depth": 7.0, "num_boost_round": 12.0}, "datetime": {"datetime": "2024-01-19 00:26:34", "elapsed": 847.171424, "delta": 0.001424}}
{"target": -13.758506532492842, "params": {"gamma": 553.6113692008116, "log10_alpha": -4.97318642325586, "log10_colsample_bytree": -0.5300130452589475, "log10_eta": -3.6068964965321757, "log10_lambda": 0.39696549361825895, "log10_min_child_weight": 3.4335754289647396, "log10_subsample": -0.8531437915197717, "max_depth": 7.0, "num_boost_round": 13.0}, "datetime": {"datetime": "2024-01-19 00:26:34", "elapsed": 847.17304, "delta": 0.001616}}
{"target": -13.758505475023947, "params": {"gamma": 553.6113692008116, "log10_alpha": -4.97318642325586, "log10_colsample_bytree": -0.5300130452589475, "log10_eta": -3.6068964965321757, "log10_lambda": 0.39696549361825895, "log10_min_child_weight": 3.4335754289647396, "log10_subsample": -0.8531437915197717, "max_depth": 7.0, "num_boost_round": 14.0}, "datetime": {"datetime": "2024-01-19 00:26:34", "elapsed": 847.174475, "delta": 0.001435}}
{"target": -13.75849865656446, "params": {"gamma": 553.6113692008116, "log10_alpha": -4.97318642325586, "log10_colsample_bytree": -0.5300130452589475, "log10_eta": -3.6068964965321757, "log10_lambda": 0.39696549361825895, "log10_min_child_weight": 3.4335754289647396, "log10_subsample": -0.8531437915197717, "max_depth": 7.0, "num_boost_round": 15.0}, "datetime": {"datetime": "2024-01-19 00:26:34", "elapsed": 847.176011, "delta": 0.001536}}
{"target": -13.758496702304935, "params": {"gamma": 553.6113692008116, "log10_alpha": -4.97318642325586, "log10_colsample_bytree": -0.5300130452589475, "log10_eta": -3.6068964965321757, "log10_lambda": 0.39696549361825895, "log10_min_child_weight": 3.4335754289647396, "log10_subsample": -0.8531437915197717, "max_depth": 7.0, "num_boost_round": 16.0}, "datetime": {"datetime": "2024-01-19 00:26:34", "elapsed": 847.177643, "delta": 0.001632}}
{"target": -13.758498464409552, "params": {"gamma": 553.6113692008116, "log10_alpha": -4.97318642325586, "log10_colsample_bytree": -0.5300130452589475, "log10_eta": -3.6068964965321757, "log10_lambda": 0.39696549361825895, "log10_min_child_weight": 3.4335754289647396, "log10_subsample": -0.8531437915197717, "max_depth": 7.0, "num_boost_round": 17.0}, "datetime": {"datetime": "2024-01-19 00:26:34", "elapsed": 847.179053, "delta": 0.00141}}
{"target": -13.758498552656786, "params": {"gamma": 553.6113692008116, "log10_alpha": -4.97318642325586, "log10_colsample_bytree": -0.5300130452589475, "log10_eta": -3.6068964965321757, "log10_lambda": 0.39696549361825895, "log10_min_child_weight": 3.4335754289647396, "log10_subsample": -0.8531437915197717, "max_depth": 7.0, "num_boost_round": 18.0}, "datetime": {"datetime": "2024-01-19 00:26:34", "elapsed": 847.180474, "delta": 0.001421}}
{"target": -13.758490641540188, "params": {"gamma": 553.6113692008116, "log10_alpha": -4.97318642325586, "log10_colsample_bytree": -0.5300130452589475, "log10_eta": -3.6068964965321757, "log10_lambda": 0.39696549361825895, "log10_min_child_weight": 3.4335754289647396, "log10_subsample": -0.8531437915197717, "max_depth": 7.0, "num_boost_round": 19.0}, "datetime": {"datetime": "2024-01-19 00:26:34", "elapsed": 847.181891, "delta": 0.001417}}
{"target": -13.758489265623952, "params": {"gamma": 553.6113692008116, "log10_alpha": -4.97318642325586, "log10_colsample_bytree": -0.5300130452589475, "log10_eta": -3.6068964965321757, "log10_lambda": 0.39696549361825895, "log10_min_child_weight": 3.4335754289647396, "log10_subsample": -0.8531437915197717, "max_depth": 7.0, "num_boost_round": 20.0}, "datetime": {"datetime": "2024-01-19 00:26:34", "elapsed": 847.183337, "delta": 0.001446}}
{"target": -13.758483118588718, "params": {"gamma": 553.6113692008116, "log10_alpha": -4.97318642325586, "log10_colsample_bytree": -0.5300130452589475, "log10_eta": -3.6068964965321757, "log10_lambda": 0.39696549361825895, "log10_min_child_weight": 3.4335754289647396, "log10_subsample": -0.8531437915197717, "max_depth": 7.0, "num_boost_round": 21.0}, "datetime": {"datetime": "2024-01-19 00:26:34", "elapsed": 847.184863, "delta": 0.001526}}
{"target": -13.75847878627112, "params": {"gamma": 553.6113692008116, "log10_alpha": -4.97318642325586, "log10_colsample_bytree": -0.5300130452589475, "log10_eta": -3.6068964965321757, "log10_lambda": 0.39696549361825895, "log10_min_child_weight": 3.4335754289647396, "log10_subsample": -0.8531437915197717, "max_depth": 7.0, "num_boost_round": 22.0}, "datetime": {"datetime": "2024-01-19 00:26:34", "elapsed": 847.186367, "delta": 0.001504}}
{"target": -13.758479554864577, "params": {"gamma": 553.6113692008116, "log10_alpha": -4.97318642325586, "log10_colsample_bytree": -0.5300130452589475, "log10_eta": -3.6068964965321757, "log10_lambda": 0.39696549361825895, "log10_min_child_weight": 3.4335754289647396, "log10_subsample": -0.8531437915197717, "max_depth": 7.0, "num_boost_round": 23.0}, "datetime": {"datetime": "2024-01-19 00:26:34", "elapsed": 847.187928, "delta": 0.001561}}
{"target": -13.758479252525014, "params": {"gamma": 553.6113692008116, "log10_alpha": -4.97318642325586, "log10_colsample_bytree": -0.5300130452589475, "log10_eta": -3.6068964965321757, "log10_lambda": 0.39696549361825895, "log10_min_child_weight": 3.4335754289647396, "log10_subsample": -0.8531437915197717, "max_depth": 7.0, "num_boost_round": 24.0}, "datetime": {"datetime": "2024-01-19 00:26:34", "elapsed": 847.189428, "delta": 0.0015}}
{"target": -13.758477685180125, "params": {"gamma": 553.6113692008116, "log10_alpha": -4.97318642325586, "log10_colsample_bytree": -0.5300130452589475, "log10_eta": -3.6068964965321757, "log10_lambda": 0.39696549361825895, "log10_min_child_weight": 3.4335754289647396, "log10_subsample": -0.8531437915197717, "max_depth": 7.0, "num_boost_round": 25.0}, "datetime": {"datetime": "2024-01-19 00:26:34", "elapsed": 847.190983, "delta": 0.001555}}
{"target": -13.758479511876379, "params": {"gamma": 553.6113692008116, "log10_alpha": -4.97318642325586, "log10_colsample_bytree": -0.5300130452589475, "log10_eta": -3.6068964965321757, "log10_lambda": 0.39696549361825895, "log10_min_child_weight": 3.4335754289647396, "log10_subsample": -0.8531437915197717, "max_depth": 7.0, "num_boost_round": 26.0}, "datetime": {"datetime": "2024-01-19 00:26:34", "elapsed": 847.192589, "delta": 0.001606}}
{"target": -13.758476454854767, "params": {"gamma": 553.6113692008116, "log10_alpha": -4.97318642325586, "log10_colsample_bytree": -0.5300130452589475, "log10_eta": -3.6068964965321757, "log10_lambda": 0.39696549361825895, "log10_min_child_weight": 3.4335754289647396, "log10_subsample": -0.8531437915197717, "max_depth": 7.0, "num_boost_round": 27.0}, "datetime": {"datetime": "2024-01-19 00:26:34", "elapsed": 847.194145, "delta": 0.001556}}
{"target": -13.758540392134908, "params": {"gamma": 558.294761059627, "log10_alpha": 0.9656138490395545, "log10_colsample_bytree": -0.6087483998929691, "log10_eta": -2.920201443618366, "log10_lambda": -0.3692323010748648, "log10_min_child_weight": 2.333728032071651, "log10_subsample": -0.78590137327586, "max_depth": 5.0, "num_boost_round": 0.0}, "datetime": {"datetime": "2024-01-19 00:27:00", "elapsed": 872.982084, "delta": 25.787939}}
{"target": -13.758487944311787, "params": {"gamma": 558.294761059627, "log10_alpha": 0.9656138490395545, "log10_colsample_bytree": -0.6087483998929691, "log10_eta": -2.920201443618366, "log10_lambda": -0.3692323010748648, "log10_min_child_weight": 2.333728032071651, "log10_subsample": -0.78590137327586, "max_depth": 5.0, "num_boost_round": 1.0}, "datetime": {"datetime": "2024-01-19 00:27:00", "elapsed": 872.984342, "delta": 0.002258}}
{"target": -13.758454315318922, "params": {"gamma": 558.294761059627, "log10_alpha": 0.9656138490395545, "log10_colsample_bytree": -0.6087483998929691, "log10_eta": -2.920201443618366, "log10_lambda": -0.3692323010748648, "log10_min_child_weight": 2.333728032071651, "log10_subsample": -0.78590137327586, "max_depth": 5.0, "num_boost_round": 2.0}, "datetime": {"datetime": "2024-01-19 00:27:00", "elapsed": 872.986556, "delta": 0.002214}}
{"target": -13.758418524806578, "params": {"gamma": 558.294761059627, "log10_alpha": 0.9656138490395545, "log10_colsample_bytree": -0.6087483998929691, "log10_eta": -2.920201443618366, "log10_lambda": -0.3692323010748648, "log10_min_child_weight": 2.333728032071651, "log10_subsample": -0.78590137327586, "max_depth": 5.0, "num_boost_round": 3.0}, "datetime": {"datetime": "2024-01-19 00:27:00", "elapsed": 872.988033, "delta": 0.001477}}
{"target": -13.758405820276318, "params": {"gamma": 558.294761059627, "log10_alpha": 0.9656138490395545, "log10_colsample_bytree": -0.6087483998929691, "log10_eta": -2.920201443618366, "log10_lambda": -0.3692323010748648, "log10_min_child_weight": 2.333728032071651, "log10_subsample": -0.78590137327586, "max_depth": 5.0, "num_boost_round": 4.0}, "datetime": {"datetime": "2024-01-19 00:27:00", "elapsed": 872.989556, "delta": 0.001523}}
{"target": -13.758409992411279, "params": {"gamma": 558.294761059627, "log10_alpha": 0.9656138490395545, "log10_colsample_bytree": -0.6087483998929691, "log10_eta": -2.920201443618366, "log10_lambda": -0.3692323010748648, "log10_min_child_weight": 2.333728032071651, "log10_subsample": -0.78590137327586, "max_depth": 5.0, "num_boost_round": 5.0}, "datetime": {"datetime": "2024-01-19 00:27:00", "elapsed": 872.99126, "delta": 0.001704}}
{"target": -13.758399042551794, "params": {"gamma": 558.294761059627, "log10_alpha": 0.9656138490395545, "log10_colsample_bytree": -0.6087483998929691, "log10_eta": -2.920201443618366, "log10_lambda": -0.3692323010748648, "log10_min_child_weight": 2.333728032071651, "log10_subsample": -0.78590137327586, "max_depth": 5.0, "num_boost_round": 6.0}, "datetime": {"datetime": "2024-01-19 00:27:00", "elapsed": 872.992963, "delta": 0.001703}}
{"target": -13.75836984343694, "params": {"gamma": 558.294761059627, "log10_alpha": 0.9656138490395545, "log10_colsample_bytree": -0.6087483998929691, "log10_eta": -2.920201443618366, "log10_lambda": -0.3692323010748648, "log10_min_child_weight": 2.333728032071651, "log10_subsample": -0.78590137327586, "max_depth": 5.0, "num_boost_round": 7.0}, "datetime": {"datetime": "2024-01-19 00:27:00", "elapsed": 872.994582, "delta": 0.001619}}
{"target": -13.758328092327766, "params": {"gamma": 558.294761059627, "log10_alpha": 0.9656138490395545, "log10_colsample_bytree": -0.6087483998929691, "log10_eta": -2.920201443618366, "log10_lambda": -0.3692323010748648, "log10_min_child_weight": 2.333728032071651, "log10_subsample": -0.78590137327586, "max_depth": 5.0, "num_boost_round": 8.0}, "datetime": {"datetime": "2024-01-19 00:27:00", "elapsed": 872.996128, "delta": 0.001546}}
{"target": -13.758284652186255, "params": {"gamma": 558.294761059627, "log10_alpha": 0.9656138490395545, "log10_colsample_bytree": -0.6087483998929691, "log10_eta": -2.920201443618366, "log10_lambda": -0.3692323010748648, "log10_min_child_weight": 2.333728032071651, "log10_subsample": -0.78590137327586, "max_depth": 5.0, "num_boost_round": 9.0}, "datetime": {"datetime": "2024-01-19 00:27:00", "elapsed": 872.997768, "delta": 0.00164}}
{"target": -13.758245313287555, "params": {"gamma": 558.294761059627, "log10_alpha": 0.9656138490395545, "log10_colsample_bytree": -0.6087483998929691, "log10_eta": -2.920201443618366, "log10_lambda": -0.3692323010748648, "log10_min_child_weight": 2.333728032071651, "log10_subsample": -0.78590137327586, "max_depth": 5.0, "num_boost_round": 10.0}, "datetime": {"datetime": "2024-01-19 00:27:00", "elapsed": 872.999384, "delta": 0.001616}}
{"target": -13.758220890964349, "params": {"gamma": 558.294761059627, "log10_alpha": 0.9656138490395545, "log10_colsample_bytree": -0.6087483998929691, "log10_eta": -2.920201443618366, "log10_lambda": -0.3692323010748648, "log10_min_child_weight": 2.333728032071651, "log10_subsample": -0.78590137327586, "max_depth": 5.0, "num_boost_round": 11.0}, "datetime": {"datetime": "2024-01-19 00:27:00", "elapsed": 873.000862, "delta": 0.001478}}
{"target": -13.7582119712915, "params": {"gamma": 558.294761059627, "log10_alpha": 0.9656138490395545, "log10_colsample_bytree": -0.6087483998929691, "log10_eta": -2.920201443618366, "log10_lambda": -0.3692323010748648, "log10_min_child_weight": 2.333728032071651, "log10_subsample": -0.78590137327586, "max_depth": 5.0, "num_boost_round": 12.0}, "datetime": {"datetime": "2024-01-19 00:27:00", "elapsed": 873.002326, "delta": 0.001464}}
{"target": -13.75822585090054, "params": {"gamma": 558.294761059627, "log10_alpha": 0.9656138490395545, "log10_colsample_bytree": -0.6087483998929691, "log10_eta": -2.920201443618366, "log10_lambda": -0.3692323010748648, "log10_min_child_weight": 2.333728032071651, "log10_subsample": -0.78590137327586, "max_depth": 5.0, "num_boost_round": 13.0}, "datetime": {"datetime": "2024-01-19 00:27:00", "elapsed": 873.003779, "delta": 0.001453}}
{"target": -13.758185422261084, "params": {"gamma": 558.294761059627, "log10_alpha": 0.9656138490395545, "log10_colsample_bytree": -0.6087483998929691, "log10_eta": -2.920201443618366, "log10_lambda": -0.3692323010748648, "log10_min_child_weight": 2.333728032071651, "log10_subsample": -0.78590137327586, "max_depth": 5.0, "num_boost_round": 14.0}, "datetime": {"datetime": "2024-01-19 00:27:00", "elapsed": 873.005231, "delta": 0.001452}}
