{"target": -13.758394385115643, "params": {"gamma": 729.5193413049036, "log10_alpha": -2.657331632572971, "log10_colsample_bytree": -0.40603603088579765, "log10_eta": -3.70155155426317, "log10_lambda": -1.1649392823187608, "log10_min_child_weight": 1.6714248584882614, "log10_subsample": -0.5465235588678552, "max_depth": 3.0, "num_boost_round": 62.0}, "datetime": {"datetime": "2024-01-19 02:11:14", "elapsed": 7182.067153, "delta": 0.007538}}
{"target": -13.758391951353897, "params": {"gamma": 729.5193413049036, "log10_alpha": -2.657331632572971, "log10_colsample_bytree": -0.40603603088579765, "log10_eta": -3.70155155426317, "log10_lambda": -1.1649392823187608, "log10_min_child_weight": 1.6714248584882614, "log10_subsample": -0.5465235588678552, "max_depth": 3.0, "num_boost_round": 63.0}, "datetime": {"datetime": "2024-01-19 02:11:14", "elapsed": 7182.074569, "delta": 0.007416}}
{"target": -13.758387563067922, "params": {"gamma": 729.5193413049036, "log10_alpha": -2.657331632572971, "log10_colsample_bytree": -0.40603603088579765, "log10_eta": -3.70155155426317, "log10_lambda": -1.1649392823187608, "log10_min_child_weight": 1.6714248584882614, "log10_subsample": -0.5465235588678552, "max_depth": 3.0, "num_boost_round": 64.0}, "datetime": {"datetime": "2024-01-19 02:11:14", "elapsed": 7182.0817, "delta": 0.007131}}
{"target": -13.758380083886308, "params": {"gamma": 729.5193413049036, "log10_alpha": -2.657331632572971, "log10_colsample_bytree": -0.40603603088579765, "log10_eta": -3.70155155426317, "log10_lambda": -1.1649392823187608, "log10_min_child_weight": 1.6714248584882614, "log10_subsample": -0.5465235588678552, "max_depth": 3.0, "num_boost_round": 65.0}, "datetime": {"datetime": "2024-01-19 02:11:14", "elapsed": 7182.088759, "delta": 0.007059}}
{"target": -13.758381386820668, "params": {"gamma": 729.5193413049036, "log10_alpha": -2.657331632572971, "log10_colsample_bytree": -0.40603603088579765, "log10_eta": -3.70155155426317, "log10_lambda": -1.1649392823187608, "log10_min_child_weight": 1.6714248584882614, "log10_subsample": -0.5465235588678552, "max_depth": 3.0, "num_boost_round": 66.0}, "datetime": {"datetime": "2024-01-19 02:11:14", "elapsed": 7182.095612, "delta": 0.006853}}
{"target": -13.758376498914254, "params": {"gamma": 729.5193413049036, "log10_alpha": -2.657331632572971, "log10_colsample_bytree": -0.40603603088579765, "log10_eta": -3.70155155426317, "log10_lambda": -1.1649392823187608, "log10_min_child_weight": 1.6714248584882614, "log10_subsample": -0.5465235588678552, "max_depth": 3.0, "num_boost_round": 67.0}, "datetime": {"datetime": "2024-01-19 02:11:14", "elapsed": 7182.102263, "delta": 0.006651}}
{"target": -13.75837453841669, "params": {"gamma": 729.5193413049036, "log10_alpha": -2.657331632572971, "log10_colsample_bytree": -0.40603603088579765, "log10_eta": -3.70155155426317, "log10_lambda": -1.1649392823187608, "log10_min_child_weight": 1.6714248584882614, "log10_subsample": -0.5465235588678552, "max_depth": 3.0, "num_boost_round": 68.0}, "datetime": {"datetime": "2024-01-19 02:11:14", "elapsed": 7182.109394, "delta": 0.007131}}
{"target": -13.758369370980407, "params": {"gamma": 729.5193413049036, "log10_alpha": -2.657331632572971, "log10_colsample_bytree": -0.40603603088579765, "log10_eta": -3.70155155426317, "log10_lambda": -1.1649392823187608, "log10_min_child_weight": 1.6714248584882614, "log10_subsample": -0.5465235588678552, "max_depth": 3.0, "num_boost_round": 69.0}, "datetime": {"datetime": "2024-01-19 02:11:14", "elapsed": 7182.116609, "delta": 0.007215}}
{"target": -13.75836734066265, "params": {"gamma": 729.5193413049036, "log10_alpha": -2.657331632572971, "log10_colsample_bytree": -0.40603603088579765, "log10_eta": -3.70155155426317, "log10_lambda": -1.1649392823187608, "log10_min_child_weight": 1.6714248584882614, "log10_subsample": -0.5465235588678552, "max_depth": 3.0, "num_boost_round": 70.0}, "datetime": {"datetime": "2024-01-19 02:11:14", "elapsed": 7182.123823, "delta": 0.007214}}
{"target": -13.758534121711653, "params": {"gamma": 708.9821589109735, "log10_alpha": -4.557526574391954, "log10_colsample_bytree": -0.9293400098918483, "log10_eta": -3.6940450274731664, "log10_lambda": -2.8509226104229564, "log10_min_child_weight": 2.43664710694286, "log10_subsample": -0.7930093716903636, "max_depth": 4.0, "num_boost_round": 0.0}, "datetime": {"datetime": "2024-01-19 02:12:10", "elapsed": 7238.055196, "delta": 55.931373}}
{"target": -13.758531410416353, "params": {"gamma": 708.9821589109735, "log10_alpha": -4.557526574391954, "log10_colsample_bytree": -0.9293400098918483, "log10_eta": -3.6940450274731664, "log10_lambda": -2.8509226104229564, "log10_min_child_weight": 2.43664710694286, "log10_subsample": -0.7930093716903636, "max_depth": 4.0, "num_boost_round": 1.0}, "datetime": {"datetime": "2024-01-19 02:12:10", "elapsed": 7238.062983, "delta": 0.007787}}
{"target": -13.758529658147177, "params": {"gamma": 708.9821589109735, "log10_alpha": -4.557526574391954, "log10_colsample_bytree": -0.9293400098918483, "log10_eta": -3.6940450274731664, "log10_lambda": -2.8509226104229564, "log10_min_child_weight": 2.43664710694286, "log10_subsample": -0.7930093716903636, "max_depth": 4.0, "num_boost_round": 2.0}, "datetime": {"datetime": "2024-01-19 02:12:10", "elapsed": 7238.070214, "delta": 0.007231}}
{"target": -13.75852904233777, "params": {"gamma": 708.9821589109735, "log10_alpha": -4.557526574391954, "log10_colsample_bytree": -0.9293400098918483, "log10_eta": -3.6940450274731664, "log10_lambda": -2.8509226104229564, "log10_min_child_weight": 2.43664710694286, "log10_subsample": -0.7930093716903636, "max_depth": 4.0, "num_boost_round": 3.0}, "datetime": {"datetime": "2024-01-19 02:12:10", "elapsed": 7238.077024, "delta": 0.00681}}
{"target": -13.758527256544502, "params": {"gamma": 708.9821589109735, "log10_alpha": -4.557526574391954, "log10_colsample_bytree": -0.9293400098918483, "log10_eta": -3.6940450274731664, "log10_lambda": -2.8509226104229564, "log10_min_child_weight": 2.43664710694286, "log10_subsample": -0.7930093716903636, "max_depth": 4.0, "num_boost_round": 4.0}, "datetime": {"datetime": "2024-01-19 02:12:10", "elapsed": 7238.084049, "delta": 0.007025}}
{"target": -13.758522414277648, "params": {"gamma": 708.9821589109735, "log10_alpha": -4.557526574391954, "log10_colsample_bytree": -0.9293400098918483, "log10_eta": -3.6940450274731664, "log10_lambda": -2.8509226104229564, "log10_min_child_weight": 2.43664710694286, "log10_subsample": -0.7930093716903636, "max_depth": 4.0, "num_boost_round": 5.0}, "datetime": {"datetime": "2024-01-19 02:12:10", "elapsed": 7238.091077, "delta": 0.007028}}
{"target": -13.758524983928446, "params": {"gamma": 708.9821589109735, "log10_alpha": -4.557526574391954, "log10_colsample_bytree": -0.9293400098918483, "log10_eta": -3.6940450274731664, "log10_lambda": -2.8509226104229564, "log10_min_child_weight": 2.43664710694286, "log10_subsample": -0.7930093716903636, "max_depth": 4.0, "num_boost_round": 6.0}, "datetime": {"datetime": "2024-01-19 02:12:10", "elapsed": 7238.097964, "delta": 0.006887}}
{"target": -13.758519120635643, "params": {"gamma": 708.9821589109735, "log10_alpha": -4.557526574391954, "log10_colsample_bytree": -0.9293400098918483, "log10_eta": -3.6940450274731664, "log10_lambda": -2.8509226104229564, "log10_min_child_weight": 2.43664710694286, "log10_subsample": -0.7930093716903636, "max_depth": 4.0, "num_boost_round": 7.0}, "datetime": {"datetime": "2024-01-19 02:12:10", "elapsed": 7238.105094, "delta": 0.00713}}
{"target": -13.758516407196476, "params": {"gamma": 708.9821589109735, "log10_alpha": -4.557526574391954, "log10_colsample_bytree": -0.9293400098918483, "log10_eta": -3.6940450274731664, "log10_lambda": -2.8509226104229564, "log10_min_child_weight": 2.43664710694286, "log10_subsample": -0.7930093716903636, "max_depth": 4.0, "num_boost_round": 8.0}, "datetime": {"datetime": "2024-01-19 02:12:10", "elapsed": 7238.112204, "delta": 0.00711}}
{"target": -13.758512869642372, "params": {"gamma": 708.9821589109735, "log10_alpha": -4.557526574391954, "log10_colsample_bytree": -0.9293400098918483, "log10_eta": -3.6940450274731664, "log10_lambda": -2.8509226104229564, "log10_min_child_weight": 2.43664710694286, "log10_subsample": -0.7930093716903636, "max_depth": 4.0, "num_boost_round": 9.0}, "datetime": {"datetime": "2024-01-19 02:12:10", "elapsed": 7238.119345, "delta": 0.007141}}
{"target": -13.758510203403064, "params": {"gamma": 708.9821589109735, "log10_alpha": -4.557526574391954, "log10_colsample_bytree": -0.9293400098918483, "log10_eta": -3.6940450274731664, "log10_lambda": -2.8509226104229564, "log10_min_child_weight": 2.43664710694286, "log10_subsample": -0.7930093716903636, "max_depth": 4.0, "num_boost_round": 10.0}, "datetime": {"datetime": "2024-01-19 02:12:10", "elapsed": 7238.126551, "delta": 0.007206}}
{"target": -13.758503640013059, "params": {"gamma": 708.9821589109735, "log10_alpha": -4.557526574391954, "log10_colsample_bytree": -0.9293400098918483, "log10_eta": -3.6940450274731664, "log10_lambda": -2.8509226104229564, "log10_min_child_weight": 2.43664710694286, "log10_subsample": -0.7930093716903636, "max_depth": 4.0, "num_boost_round": 11.0}, "datetime": {"datetime": "2024-01-19 02:12:10", "elapsed": 7238.133829, "delta": 0.007278}}
{"target": -13.75850402259025, "params": {"gamma": 708.9821589109735, "log10_alpha": -4.557526574391954, "log10_colsample_bytree": -0.9293400098918483, "log10_eta": -3.6940450274731664, "log10_lambda": -2.8509226104229564, "log10_min_child_weight": 2.43664710694286, "log10_subsample": -0.7930093716903636, "max_depth": 4.0, "num_boost_round": 12.0}, "datetime": {"datetime": "2024-01-19 02:12:10", "elapsed": 7238.141257, "delta": 0.007428}}
{"target": -13.758535208040694, "params": {"gamma": 706.1434081265915, "log10_alpha": -4.826020474391676, "log10_colsample_bytree": -0.18871770806245272, "log10_eta": -4.0, "log10_lambda": -3.201594158528393, "log10_min_child_weight": 0.185602958493899, "log10_subsample": -1.0, "max_depth": 3.0, "num_boost_round": 0.0}, "datetime": {"datetime": "2024-01-19 02:13:50", "elapsed": 7337.780969, "delta": 99.639712}}
{"target": -13.75853332084082, "params": {"gamma": 706.1434081265915, "log10_alpha": -4.826020474391676, "log10_colsample_bytree": -0.18871770806245272, "log10_eta": -4.0, "log10_lambda": -3.201594158528393, "log10_min_child_weight": 0.185602958493899, "log10_subsample": -1.0, "max_depth": 3.0, "num_boost_round": 1.0}, "datetime": {"datetime": "2024-01-19 02:13:50", "elapsed": 7337.78883, "delta": 0.007861}}
{"target": -13.758533342955864, "params": {"gamma": 706.1434081265915, "log10_alpha": -4.826020474391676, "log10_colsample_bytree": -0.18871770806245272, "log10_eta": -4.0, "log10_lambda": -3.201594158528393, "log10_min_child_weight": 0.185602958493899, "log10_subsample": -1.0, "max_depth": 3.0, "num_boost_round": 2.0}, "datetime": {"datetime": "2024-01-19 02:13:50", "elapsed": 7337.796406, "delta": 0.007576}}
{"target": -13.758531637612808, "params": {"gamma": 706.1434081265915, "log10_alpha": -4.826020474391676, "log10_colsample_bytree": -0.18871770806245272, "log10_eta": -4.0, "log10_lambda": -3.201594158528393, "log10_min_child_weight": 0.185602958493899, "log10_subsample": -1.0, "max_depth": 3.0, "num_boost_round": 3.0}, "datetime": {"datetime": "2024-01-19 02:13:50", "elapsed": 7337.804042, "delta": 0.007636}}
{"target": -13.758529099838562, "params": {"gamma": 706.1434081265915, "log10_alpha": -4.826020474391676, "log10_colsample_bytree": -0.18871770806245272, "log10_eta": -4.0, "log10_lambda": -3.201594158528393, "log10_min_child_weight": 0.185602958493899, "log10_subsample": -1.0, "max_depth": 3.0, "num_boost_round": 4.0}, "datetime": {"datetime": "2024-01-19 02:13:50", "elapsed": 7337.810999, "delta": 0.006957}}
{"target": -13.758526564071966, "params": {"gamma": 706.1434081265915, "log10_alpha": -4.826020474391676, "log10_colsample_bytree": -0.18871770806245272, "log10_eta": -4.0, "log10_lambda": -3.201594158528393, "log10_min_child_weight": 0.185602958493899, "log10_subsample": -1.0, "max_depth": 3.0, "num_boost_round": 5.0}, "datetime": {"datetime": "2024-01-19 02:13:50", "elapsed": 7337.817889, "delta": 0.00689}}
{"target": -13.75852619447962, "params": {"gamma": 706.1434081265915, "log10_alpha": -4.826020474391676, "log10_colsample_bytree": -0.18871770806245272, "log10_eta": -4.0, "log10_lambda": -3.201594158528393, "log10_min_child_weight": 0.185602958493899, "log10_subsample": -1.0, "max_depth": 3.0, "num_boost_round": 6.0}, "datetime": {"datetime": "2024-01-19 02:13:50", "elapsed": 7337.824939, "delta": 0.00705}}
{"target": -13.758524926623428, "params": {"gamma": 706.1434081265915, "log10_alpha": -4.826020474391676, "log10_colsample_bytree": -0.18871770806245272, "log10_eta": -4.0, "log10_lambda": -3.201594158528393, "log10_min_child_weight": 0.185602958493899, "log10_subsample": -1.0, "max_depth": 3.0, "num_boost_round": 7.0}, "datetime": {"datetime": "2024-01-19 02:13:50", "elapsed": 7337.831857, "delta": 0.006918}}
{"target": -13.758523853660243, "params": {"gamma": 706.1434081265915, "log10_alpha": -4.826020474391676, "log10_colsample_bytree": -0.18871770806245272, "log10_eta": -4.0, "log10_lambda": -3.201594158528393, "log10_min_child_weight": 0.185602958493899, "log10_subsample": -1.0, "max_depth": 3.0, "num_boost_round": 8.0}, "datetime": {"datetime": "2024-01-19 02:13:50", "elapsed": 7337.838503, "delta": 0.006646}}
{"target": -13.758521890303657, "params": {"gamma": 706.1434081265915, "log10_alpha": -4.826020474391676, "log10_colsample_bytree": -0.18871770806245272, "log10_eta": -4.0, "log10_lambda": -3.201594158528393, "log10_min_child_weight": 0.185602958493899, "log10_subsample": -1.0, "max_depth": 3.0, "num_boost_round": 9.0}, "datetime": {"datetime": "2024-01-19 02:13:50", "elapsed": 7337.845026, "delta": 0.006523}}
{"target": -13.758520290111857, "params": {"gamma": 706.1434081265915, "log10_alpha": -4.826020474391676, "log10_colsample_bytree": -0.18871770806245272, "log10_eta": -4.0, "log10_lambda": -3.201594158528393, "log10_min_child_weight": 0.185602958493899, "log10_subsample": -1.0, "max_depth": 3.0, "num_boost_round": 10.0}, "datetime": {"datetime": "2024-01-19 02:13:50", "elapsed": 7337.852259, "delta": 0.007233}}
{"target": -13.758520346917908, "params": {"gamma": 706.1434081265915, "log10_alpha": -4.826020474391676, "log10_colsample_bytree": -0.18871770806245272, "log10_eta": -4.0, "log10_lambda": -3.201594158528393, "log10_min_child_weight": 0.185602958493899, "log10_subsample": -1.0, "max_depth": 3.0, "num_boost_round": 11.0}, "datetime": {"datetime": "2024-01-19 02:13:50", "elapsed": 7337.859826, "delta": 0.007567}}
{"target": -13.75851801790607, "params": {"gamma": 706.1434081265915, "log10_alpha": -4.826020474391676, "log10_colsample_bytree": -0.18871770806245272, "log10_eta": -4.0, "log10_lambda": -3.201594158528393, "log10_min_child_weight": 0.185602958493899, "log10_subsample": -1.0, "max_depth": 3.0, "num_boost_round": 12.0}, "datetime": {"datetime": "2024-01-19 02:13:50", "elapsed": 7337.867131, "delta": 0.007305}}
{"target": -13.758516937696404, "params": {"gamma": 706.1434081265915, "log10_alpha": -4.826020474391676, "log10_colsample_bytree": -0.18871770806245272, "log10_eta": -4.0, "log10_lambda": -3.201594158528393, "log10_min_child_weight": 0.185602958493899, "log10_subsample": -1.0, "max_depth": 3.0, "num_boost_round": 13.0}, "datetime": {"datetime": "2024-01-19 02:13:50", "elapsed": 7337.874299, "delta": 0.007168}}
{"target": -13.758514142323241, "params": {"gamma": 706.1434081265915, "log10_alpha": -4.826020474391676, "log10_colsample_bytree": -0.18871770806245272, "log10_eta": -4.0, "log10_lambda": -3.201594158528393, "log10_min_child_weight": 0.185602958493899, "log10_subsample": -1.0, "max_depth": 3.0, "num_boost_round": 14.0}, "datetime": {"datetime": "2024-01-19 02:13:50", "elapsed": 7337.881292, "delta": 0.006993}}
{"target": -13.7585124061906, "params": {"gamma": 706.1434081265915, "log10_alpha": -4.826020474391676, "log10_colsample_bytree": -0.18871770806245272, "log10_eta": -4.0, "log10_lambda": -3.201594158528393, "log10_min_child_weight": 0.185602958493899, "log10_subsample": -1.0, "max_depth": 3.0, "num_boost_round": 15.0}, "datetime": {"datetime": "2024-01-19 02:13:50", "elapsed": 7337.88818, "delta": 0.006888}}
{"target": -13.758510342825492, "params": {"gamma": 706.1434081265915, "log10_alpha": -4.826020474391676, "log10_colsample_bytree": -0.18871770806245272, "log10_eta": -4.0, "log10_lambda": -3.201594158528393, "log10_min_child_weight": 0.185602958493899, "log10_subsample": -1.0, "max_depth": 3.0, "num_boost_round": 16.0}, "datetime": {"datetime": "2024-01-19 02:13:50", "elapsed": 7337.894874, "delta": 0.006694}}
{"target": -13.758508980514407, "params": {"gamma": 706.1434081265915, "log10_alpha": -4.826020474391676, "log10_colsample_bytree": -0.18871770806245272, "log10_eta": -4.0, "log10_lambda": -3.201594158528393, "log10_min_child_weight": 0.185602958493899, "log10_subsample": -1.0, "max_depth": 3.0, "num_boost_round": 17.0}, "datetime": {"datetime": "2024-01-19 02:13:50", "elapsed": 7337.901555, "delta": 0.006681}}
{"target": -13.758506422973916, "params": {"gamma": 706.1434081265915, "log10_alpha": -4.826020474391676, "log10_colsample_bytree": -0.18871770806245272, "log10_eta": -4.0, "log10_lambda": -3.201594158528393, "log10_min_child_weight": 0.185602958493899, "log10_subsample": -1.0, "max_depth": 3.0, "num_boost_round": 18.0}, "datetime": {"datetime": "2024-01-19 02:13:50", "elapsed": 7337.908197, "delta": 0.006642}}
{"target": -13.758505213627977, "params": {"gamma": 706.1434081265915, "log10_alpha": -4.826020474391676, "log10_colsample_bytree": -0.18871770806245272, "log10_eta": -4.0, "log10_lambda": -3.201594158528393, "log10_min_child_weight": 0.185602958493899, "log10_subsample": -1.0, "max_depth": 3.0, "num_boost_round": 19.0}, "datetime": {"datetime": "2024-01-19 02:13:50", "elapsed": 7337.914838, "delta": 0.006641}}
{"target": -13.758503722536444, "params": {"gamma": 706.1434081265915, "log10_alpha": -4.826020474391676, "log10_colsample_bytree": -0.18871770806245272, "log10_eta": -4.0, "log10_lambda": -3.201594158528393, "log10_min_child_weight": 0.185602958493899, "log10_subsample": -1.0, "max_depth": 3.0, "num_boost_round": 20.0}, "datetime": {"datetime": "2024-01-19 02:13:50", "elapsed": 7337.921398, "delta": 0.00656}}
{"target": -13.758501764384542, "params": {"gamma": 706.1434081265915, "log10_alpha": -4.826020474391676, "log10_colsample_bytree": -0.18871770806245272, "log10_eta": -4.0, "log10_lambda": -3.201594158528393, "log10_min_child_weight": 0.185602958493899, "log10_subsample": -1.0, "max_depth": 3.0, "num_boost_round": 21.0}, "datetime": {"datetime": "2024-01-19 02:13:50", "elapsed": 7337.928085, "delta": 0.006687}}
{"target": -13.758498598815526, "params": {"gamma": 706.1434081265915, "log10_alpha": -4.826020474391676, "log10_colsample_bytree": -0.18871770806245272, "log10_eta": -4.0, "log10_lambda": -3.201594158528393, "log10_min_child_weight": 0.185602958493899, "log10_subsample": -1.0, "max_depth": 3.0, "num_boost_round": 22.0}, "datetime": {"datetime": "2024-01-19 02:13:50", "elapsed": 7337.934707, "delta": 0.006622}}
{"target": -13.758497986273115, "params": {"gamma": 706.1434081265915, "log10_alpha": -4.826020474391676, "log10_colsample_bytree": -0.18871770806245272, "log10_eta": -4.0, "log10_lambda": -3.201594158528393, "log10_min_child_weight": 0.185602958493899, "log10_subsample": -1.0, "max_depth": 3.0, "num_boost_round": 23.0}, "datetime": {"datetime": "2024-01-19 02:13:50", "elapsed": 7337.941552, "delta": 0.006845}}
{"target": -13.7584977578214, "params": {"gamma": 706.1434081265915, "log10_alpha": -4.826020474391676, "log10_colsample_bytree": -0.18871770806245272, "log10_eta": -4.0, "log10_lambda": -3.201594158528393, "log10_min_child_weight": 0.185602958493899, "log10_subsample": -1.0, "max_depth": 3.0, "num_boost_round": 24.0}, "datetime": {"datetime": "2024-01-19 02:13:50", "elapsed": 7337.948716, "delta": 0.007164}}
{"target": -13.758497010910562, "params": {"gamma": 706.1434081265915, "log10_alpha": -4.826020474391676, "log10_colsample_bytree": -0.18871770806245272, "log10_eta": -4.0, "log10_lambda": -3.201594158528393, "log10_min_child_weight": 0.185602958493899, "log10_subsample": -1.0, "max_depth": 3.0, "num_boost_round": 25.0}, "datetime": {"datetime": "2024-01-19 02:13:50", "elapsed": 7337.955945, "delta": 0.007229}}
{"target": -13.758497518380782, "params": {"gamma": 706.1434081265915, "log10_alpha": -4.826020474391676, "log10_colsample_bytree": -0.18871770806245272, "log10_eta": -4.0, "log10_lambda": -3.201594158528393, "log10_min_child_weight": 0.185602958493899, "log10_subsample": -1.0, "max_depth": 3.0, "num_boost_round": 26.0}, "datetime": {"datetime": "2024-01-19 02:13:50", "elapsed": 7338.102134, "delta": 0.146189}}
{"target": -13.758496895369515, "params": {"gamma": 706.1434081265915, "log10_alpha": -4.826020474391676, "log10_colsample_bytree": -0.18871770806245272, "log10_eta": -4.0, "log10_lambda": -3.201594158528393, "log10_min_child_weight": 0.185602958493899, "log10_subsample": -1.0, "max_depth": 3.0, "num_boost_round": 27.0}, "datetime": {"datetime": "2024-01-19 02:13:50", "elapsed": 7338.110404, "delta": 0.00827}}
{"target": -13.758537142121225, "params": {"gamma": 700.305900902771, "log10_alpha": -4.538634380364089, "log10_colsample_bytree": -0.05858303558414013, "log10_eta": -3.854697600899173, "log10_lambda": 0.11943369689096617, "log10_min_child_weight": 3.0022365065865504, "log10_subsample": -0.7088851363201042, "max_depth": 5.0, "num_boost_round": 0.0}, "datetime": {"datetime": "2024-01-19 02:15:15", "elapsed": 7423.438558, "delta": 85.328154}}
