{"target": -17.680382445271313, "params": {"gamma": 552.5101058004643, "log10_alpha": -0.9632472914863524, "log10_colsample_bytree": -0.044866552056049946, "log10_eta": -0.9003598728962561, "log10_lambda": -2.1044844553210496, "log10_min_child_weight": 4.617343736908925, "log10_subsample": -0.7397623276757365, "max_depth": 2.0, "num_boost_round": 15.0}, "datetime": {"datetime": "2024-01-19 00:12:23", "elapsed": 40.960953, "delta": 0.000206}}
{"target": -17.680915142180083, "params": {"gamma": 552.5101058004643, "log10_alpha": -0.9632472914863524, "log10_colsample_bytree": -0.044866552056049946, "log10_eta": -0.9003598728962561, "log10_lambda": -2.1044844553210496, "log10_min_child_weight": 4.617343736908925, "log10_subsample": -0.7397623276757365, "max_depth": 2.0, "num_boost_round": 16.0}, "datetime": {"datetime": "2024-01-19 00:12:23", "elapsed": 40.961253, "delta": 0.0003}}
{"target": -17.682150240852422, "params": {"gamma": 552.5101058004643, "log10_alpha": -0.9632472914863524, "log10_colsample_bytree": -0.044866552056049946, "log10_eta": -0.9003598728962561, "log10_lambda": -2.1044844553210496, "log10_min_child_weight": 4.617343736908925, "log10_subsample": -0.7397623276757365, "max_depth": 2.0, "num_boost_round": 17.0}, "datetime": {"datetime": "2024-01-19 00:12:23", "elapsed": 40.961457, "delta": 0.000204}}
{"target": -17.68263213565405, "params": {"gamma": 552.5101058004643, "log10_alpha": -0.9632472914863524, "log10_colsample_bytree": -0.044866552056049946, "log10_eta": -0.9003598728962561, "log10_lambda": -2.1044844553210496, "log10_min_child_weight": 4.617343736908925, "log10_subsample": -0.7397623276757365, "max_depth": 2.0, "num_boost_round": 18.0}, "datetime": {"datetime": "2024-01-19 00:12:23", "elapsed": 40.961658, "delta": 0.000201}}
{"target": -17.682704244974694, "params": {"gamma": 552.5101058004643, "log10_alpha": -0.9632472914863524, "log10_colsample_bytree": -0.044866552056049946, "log10_eta": -0.9003598728962561, "log10_lambda": -2.1044844553210496, "log10_min_child_weight": 4.617343736908925, "log10_subsample": -0.7397623276757365, "max_depth": 2.0, "num_boost_round": 19.0}, "datetime": {"datetime": "2024-01-19 00:12:23", "elapsed": 40.961867, "delta": 0.000209}}
{"target": -17.682906227602896, "params": {"gamma": 552.5101058004643, "log10_alpha": -0.9632472914863524, "log10_colsample_bytree": -0.044866552056049946, "log10_eta": -0.9003598728962561, "log10_lambda": -2.1044844553210496, "log10_min_child_weight": 4.617343736908925, "log10_subsample": -0.7397623276757365, "max_depth": 2.0, "num_boost_round": 20.0}, "datetime": {"datetime": "2024-01-19 00:12:23", "elapsed": 40.962074, "delta": 0.000207}}
{"target": -17.677223344411296, "params": {"gamma": 555.1996470762401, "log10_alpha": 0.41663386719926354, "log10_colsample_bytree": -0.41478798567182873, "log10_eta": -3.8541861258622854, "log10_lambda": -3.401049983718094, "log10_min_child_weight": 0.6961489455856468, "log10_subsample": -0.014504885976998838, "max_depth": 6.0, "num_boost_round": 0.0}, "datetime": {"datetime": "2024-01-19 00:12:43", "elapsed": 60.787716, "delta": 19.825642}}
{"target": -17.67721574375863, "params": {"gamma": 555.1996470762401, "log10_alpha": 0.41663386719926354, "log10_colsample_bytree": -0.41478798567182873, "log10_eta": -3.8541861258622854, "log10_lambda": -3.401049983718094, "log10_min_child_weight": 0.6961489455856468, "log10_subsample": -0.014504885976998838, "max_depth": 6.0, "num_boost_round": 1.0}, "datetime": {"datetime": "2024-01-19 00:12:43", "elapsed": 60.788069, "delta": 0.000353}}
{"target": -17.67720793181713, "params": {"gamma": 555.1996470762401, "log10_alpha": 0.41663386719926354, "log10_colsample_bytree": -0.41478798567182873, "log10_eta": -3.8541861258622854, "log10_lambda": -3.401049983718094, "log10_min_child_weight": 0.6961489455856468, "log10_subsample": -0.014504885976998838, "max_depth": 6.0, "num_boost_round": 2.0}, "datetime": {"datetime": "2024-01-19 00:12:43", "elapsed": 60.788311, "delta": 0.000242}}
{"target": -17.677206501090744, "params": {"gamma": 555.1996470762401, "log10_alpha": 0.41663386719926354, "log10_colsample_bytree": -0.41478798567182873, "log10_eta": -3.8541861258622854, "log10_lambda": -3.401049983718094, "log10_min_child_weight": 0.6961489455856468, "log10_subsample": -0.014504885976998838, "max_depth": 6.0, "num_boost_round": 3.0}, "datetime": {"datetime": "2024-01-19 00:12:43", "elapsed": 60.788547, "delta": 0.000236}}
{"target": -17.67719780627039, "params": {"gamma": 555.1996470762401, "log10_alpha": 0.41663386719926354, "log10_colsample_bytree": -0.41478798567182873, "log10_eta": -3.8541861258622854, "log10_lambda": -3.401049983718094, "log10_min_child_weight": 0.6961489455856468, "log10_subsample": -0.014504885976998838, "max_depth": 6.0, "num_boost_round": 4.0}, "datetime": {"datetime": "2024-01-19 00:12:43", "elapsed": 60.788782, "delta": 0.000235}}
{"target": -17.677192987549898, "params": {"gamma": 555.1996470762401, "log10_alpha": 0.41663386719926354, "log10_colsample_bytree": -0.41478798567182873, "log10_eta": -3.8541861258622854, "log10_lambda": -3.401049983718094, "log10_min_child_weight": 0.6961489455856468, "log10_subsample": -0.014504885976998838, "max_depth": 6.0, "num_boost_round": 5.0}, "datetime": {"datetime": "2024-01-19 00:12:43", "elapsed": 60.789004, "delta": 0.000222}}
{"target": -17.677182080235067, "params": {"gamma": 555.1996470762401, "log10_alpha": 0.41663386719926354, "log10_colsample_bytree": -0.41478798567182873, "log10_eta": -3.8541861258622854, "log10_lambda": -3.401049983718094, "log10_min_child_weight": 0.6961489455856468, "log10_subsample": -0.014504885976998838, "max_depth": 6.0, "num_boost_round": 6.0}, "datetime": {"datetime": "2024-01-19 00:12:43", "elapsed": 60.789227, "delta": 0.000223}}
{"target": -17.677174068661355, "params": {"gamma": 555.1996470762401, "log10_alpha": 0.41663386719926354, "log10_colsample_bytree": -0.41478798567182873, "log10_eta": -3.8541861258622854, "log10_lambda": -3.401049983718094, "log10_min_child_weight": 0.6961489455856468, "log10_subsample": -0.014504885976998838, "max_depth": 6.0, "num_boost_round": 7.0}, "datetime": {"datetime": "2024-01-19 00:12:43", "elapsed": 60.789448, "delta": 0.000221}}
{"target": -17.67717002783508, "params": {"gamma": 555.1996470762401, "log10_alpha": 0.41663386719926354, "log10_colsample_bytree": -0.41478798567182873, "log10_eta": -3.8541861258622854, "log10_lambda": -3.401049983718094, "log10_min_child_weight": 0.6961489455856468, "log10_subsample": -0.014504885976998838, "max_depth": 6.0, "num_boost_round": 8.0}, "datetime": {"datetime": "2024-01-19 00:12:43", "elapsed": 60.789679, "delta": 0.000231}}
{"target": -17.677159518641773, "params": {"gamma": 555.1996470762401, "log10_alpha": 0.41663386719926354, "log10_colsample_bytree": -0.41478798567182873, "log10_eta": -3.8541861258622854, "log10_lambda": -3.401049983718094, "log10_min_child_weight": 0.6961489455856468, "log10_subsample": -0.014504885976998838, "max_depth": 6.0, "num_boost_round": 9.0}, "datetime": {"datetime": "2024-01-19 00:12:43", "elapsed": 60.789914, "delta": 0.000235}}
{"target": -17.67715441750441, "params": {"gamma": 555.1996470762401, "log10_alpha": 0.41663386719926354, "log10_colsample_bytree": -0.41478798567182873, "log10_eta": -3.8541861258622854, "log10_lambda": -3.401049983718094, "log10_min_child_weight": 0.6961489455856468, "log10_subsample": -0.014504885976998838, "max_depth": 6.0, "num_boost_round": 10.0}, "datetime": {"datetime": "2024-01-19 00:12:43", "elapsed": 60.790145, "delta": 0.000231}}
{"target": -17.677142797639927, "params": {"gamma": 555.1996470762401, "log10_alpha": 0.41663386719926354, "log10_colsample_bytree": -0.41478798567182873, "log10_eta": -3.8541861258622854, "log10_lambda": -3.401049983718094, "log10_min_child_weight": 0.6961489455856468, "log10_subsample": -0.014504885976998838, "max_depth": 6.0, "num_boost_round": 11.0}, "datetime": {"datetime": "2024-01-19 00:12:43", "elapsed": 60.790374, "delta": 0.000229}}
{"target": -17.677140391566937, "params": {"gamma": 555.1996470762401, "log10_alpha": 0.41663386719926354, "log10_colsample_bytree": -0.41478798567182873, "log10_eta": -3.8541861258622854, "log10_lambda": -3.401049983718094, "log10_min_child_weight": 0.6961489455856468, "log10_subsample": -0.014504885976998838, "max_depth": 6.0, "num_boost_round": 12.0}, "datetime": {"datetime": "2024-01-19 00:12:43", "elapsed": 60.790601, "delta": 0.000227}}
{"target": -17.676636099279207, "params": {"gamma": 553.161990918743, "log10_alpha": -3.12645242410594, "log10_colsample_bytree": -0.7778763732402443, "log10_eta": -1.8487613552599345, "log10_lambda": 0.20517191796245182, "log10_min_child_weight": 1.1801118033768505, "log10_subsample": -0.8975705420410595, "max_depth": 6.0, "num_boost_round": 0.0}, "datetime": {"datetime": "2024-01-19 00:13:02", "elapsed": 80.297043, "delta": 19.506442}}
{"target": -17.67612355239581, "params": {"gamma": 553.161990918743, "log10_alpha": -3.12645242410594, "log10_colsample_bytree": -0.7778763732402443, "log10_eta": -1.8487613552599345, "log10_lambda": 0.20517191796245182, "log10_min_child_weight": 1.1801118033768505, "log10_subsample": -0.8975705420410595, "max_depth": 6.0, "num_boost_round": 1.0}, "datetime": {"datetime": "2024-01-19 00:13:02", "elapsed": 80.29832, "delta": 0.001277}}
{"target": -17.675044339556255, "params": {"gamma": 553.161990918743, "log10_alpha": -3.12645242410594, "log10_colsample_bytree": -0.7778763732402443, "log10_eta": -1.8487613552599345, "log10_lambda": 0.20517191796245182, "log10_min_child_weight": 1.1801118033768505, "log10_subsample": -0.8975705420410595, "max_depth": 6.0, "num_boost_round": 2.0}, "datetime": {"datetime": "2024-01-19 00:13:02", "elapsed": 80.298614, "delta": 0.000294}}
{"target": -17.674641476617918, "params": {"gamma": 553.161990918743, "log10_alpha": -3.12645242410594, "log10_colsample_bytree": -0.7778763732402443, "log10_eta": -1.8487613552599345, "log10_lambda": 0.20517191796245182, "log10_min_child_weight": 1.1801118033768505, "log10_subsample": -0.8975705420410595, "max_depth": 6.0, "num_boost_round": 3.0}, "datetime": {"datetime": "2024-01-19 00:13:02", "elapsed": 80.298878, "delta": 0.000264}}
{"target": -17.673643324346706, "params": {"gamma": 553.161990918743, "log10_alpha": -3.12645242410594, "log10_colsample_bytree": -0.7778763732402443, "log10_eta": -1.8487613552599345, "log10_lambda": 0.20517191796245182, "log10_min_child_weight": 1.1801118033768505, "log10_subsample": -0.8975705420410595, "max_depth": 6.0, "num_boost_round": 4.0}, "datetime": {"datetime": "2024-01-19 00:13:02", "elapsed": 80.299191, "delta": 0.000313}}
{"target": -17.67378460527406, "params": {"gamma": 553.161990918743, "log10_alpha": -3.12645242410594, "log10_colsample_bytree": -0.7778763732402443, "log10_eta": -1.8487613552599345, "log10_lambda": 0.20517191796245182, "log10_min_child_weight": 1.1801118033768505, "log10_subsample": -0.8975705420410595, "max_depth": 6.0, "num_boost_round": 5.0}, "datetime": {"datetime": "2024-01-19 00:13:02", "elapsed": 80.299437, "delta": 0.000246}}
{"target": -17.6729969789231, "params": {"gamma": 553.161990918743, "log10_alpha": -3.12645242410594, "log10_colsample_bytree": -0.7778763732402443, "log10_eta": -1.8487613552599345, "log10_lambda": 0.20517191796245182, "log10_min_child_weight": 1.1801118033768505, "log10_subsample": -0.8975705420410595, "max_depth": 6.0, "num_boost_round": 6.0}, "datetime": {"datetime": "2024-01-19 00:13:02", "elapsed": 80.299676, "delta": 0.000239}}
{"target": -17.672696279586383, "params": {"gamma": 553.161990918743, "log10_alpha": -3.12645242410594, "log10_colsample_bytree": -0.7778763732402443, "log10_eta": -1.8487613552599345, "log10_lambda": 0.20517191796245182, "log10_min_child_weight": 1.1801118033768505, "log10_subsample": -0.8975705420410595, "max_depth": 6.0, "num_boost_round": 7.0}, "datetime": {"datetime": "2024-01-19 00:13:02", "elapsed": 80.299926, "delta": 0.00025}}
{"target": -17.67202429253635, "params": {"gamma": 553.161990918743, "log10_alpha": -3.12645242410594, "log10_colsample_bytree": -0.7778763732402443, "log10_eta": -1.8487613552599345, "log10_lambda": 0.20517191796245182, "log10_min_child_weight": 1.1801118033768505, "log10_subsample": -0.8975705420410595, "max_depth": 6.0, "num_boost_round": 8.0}, "datetime": {"datetime": "2024-01-19 00:13:02", "elapsed": 80.300168, "delta": 0.000242}}
{"target": -17.67179037290999, "params": {"gamma": 553.161990918743, "log10_alpha": -3.12645242410594, "log10_colsample_bytree": -0.7778763732402443, "log10_eta": -1.8487613552599345, "log10_lambda": 0.20517191796245182, "log10_min_child_weight": 1.1801118033768505, "log10_subsample": -0.8975705420410595, "max_depth": 6.0, "num_boost_round": 9.0}, "datetime": {"datetime": "2024-01-19 00:13:02", "elapsed": 80.30052, "delta": 0.000352}}
{"target": -17.671168425220387, "params": {"gamma": 553.161990918743, "log10_alpha": -3.12645242410594, "log10_colsample_bytree": -0.7778763732402443, "log10_eta": -1.8487613552599345, "log10_lambda": 0.20517191796245182, "log10_min_child_weight": 1.1801118033768505, "log10_subsample": -0.8975705420410595, "max_depth": 6.0, "num_boost_round": 10.0}, "datetime": {"datetime": "2024-01-19 00:13:02", "elapsed": 80.300775, "delta": 0.000255}}
{"target": -17.67119018760396, "params": {"gamma": 553.161990918743, "log10_alpha": -3.12645242410594, "log10_colsample_bytree": -0.7778763732402443, "log10_eta": -1.8487613552599345, "log10_lambda": 0.20517191796245182, "log10_min_child_weight": 1.1801118033768505, "log10_subsample": -0.8975705420410595, "max_depth": 6.0, "num_boost_round": 11.0}, "datetime": {"datetime": "2024-01-19 00:13:02", "elapsed": 80.301026, "delta": 0.000251}}
{"target": -17.671262072279607, "params": {"gamma": 553.161990918743, "log10_alpha": -3.12645242410594, "log10_colsample_bytree": -0.7778763732402443, "log10_eta": -1.8487613552599345, "log10_lambda": 0.20517191796245182, "log10_min_child_weight": 1.1801118033768505, "log10_subsample": -0.8975705420410595, "max_depth": 6.0, "num_boost_round": 12.0}, "datetime": {"datetime": "2024-01-19 00:13:02", "elapsed": 80.301275, "delta": 0.000249}}
{"target": -17.77875873710297, "params": {"gamma": 548.0193681102779, "log10_alpha": -2.207293171192854, "log10_colsample_bytree": -0.06752287122877665, "log10_eta": -0.18186303632336598, "log10_lambda": 0.7206456355593307, "log10_min_child_weight": 0.6384137896778996, "log10_subsample": -0.19412014873493022, "max_depth": 5.0, "num_boost_round": 0.0}, "datetime": {"datetime": "2024-01-19 00:13:21", "elapsed": 99.105684, "delta": 18.804409}}
{"target": -17.830909646018274, "params": {"gamma": 548.0193681102779, "log10_alpha": -2.207293171192854, "log10_colsample_bytree": -0.06752287122877665, "log10_eta": -0.18186303632336598, "log10_lambda": 0.7206456355593307, "log10_min_child_weight": 0.6384137896778996, "log10_subsample": -0.19412014873493022, "max_depth": 5.0, "num_boost_round": 1.0}, "datetime": {"datetime": "2024-01-19 00:13:21", "elapsed": 99.106829, "delta": 0.001145}}
{"target": -17.895010118742505, "params": {"gamma": 548.0193681102779, "log10_alpha": -2.207293171192854, "log10_colsample_bytree": -0.06752287122877665, "log10_eta": -0.18186303632336598, "log10_lambda": 0.7206456355593307, "log10_min_child_weight": 0.6384137896778996, "log10_subsample": -0.19412014873493022, "max_depth": 5.0, "num_boost_round": 2.0}, "datetime": {"datetime": "2024-01-19 00:13:21", "elapsed": 99.10712, "delta": 0.000291}}
{"target": -18.04352850892086, "params": {"gamma": 548.0193681102779, "log10_alpha": -2.207293171192854, "log10_colsample_bytree": -0.06752287122877665, "log10_eta": -0.18186303632336598, "log10_lambda": 0.7206456355593307, "log10_min_child_weight": 0.6384137896778996, "log10_subsample": -0.19412014873493022, "max_depth": 5.0, "num_boost_round": 3.0}, "datetime": {"datetime": "2024-01-19 00:13:21", "elapsed": 99.107387, "delta": 0.000267}}
{"target": -18.161486848438166, "params": {"gamma": 548.0193681102779, "log10_alpha": -2.207293171192854, "log10_colsample_bytree": -0.06752287122877665, "log10_eta": -0.18186303632336598, "log10_lambda": 0.7206456355593307, "log10_min_child_weight": 0.6384137896778996, "log10_subsample": -0.19412014873493022, "max_depth": 5.0, "num_boost_round": 4.0}, "datetime": {"datetime": "2024-01-19 00:13:21", "elapsed": 99.107654, "delta": 0.000267}}
{"target": -18.22007488405164, "params": {"gamma": 548.0193681102779, "log10_alpha": -2.207293171192854, "log10_colsample_bytree": -0.06752287122877665, "log10_eta": -0.18186303632336598, "log10_lambda": 0.7206456355593307, "log10_min_child_weight": 0.6384137896778996, "log10_subsample": -0.19412014873493022, "max_depth": 5.0, "num_boost_round": 5.0}, "datetime": {"datetime": "2024-01-19 00:13:21", "elapsed": 99.107927, "delta": 0.000273}}
{"target": -18.271041980529752, "params": {"gamma": 548.0193681102779, "log10_alpha": -2.207293171192854, "log10_colsample_bytree": -0.06752287122877665, "log10_eta": -0.18186303632336598, "log10_lambda": 0.7206456355593307, "log10_min_child_weight": 0.6384137896778996, "log10_subsample": -0.19412014873493022, "max_depth": 5.0, "num_boost_round": 6.0}, "datetime": {"datetime": "2024-01-19 00:13:21", "elapsed": 99.108511, "delta": 0.000584}}
{"target": -18.31311362203979, "params": {"gamma": 548.0193681102779, "log10_alpha": -2.207293171192854, "log10_colsample_bytree": -0.06752287122877665, "log10_eta": -0.18186303632336598, "log10_lambda": 0.7206456355593307, "log10_min_child_weight": 0.6384137896778996, "log10_subsample": -0.19412014873493022, "max_depth": 5.0, "num_boost_round": 7.0}, "datetime": {"datetime": "2024-01-19 00:13:21", "elapsed": 99.108987, "delta": 0.000476}}
{"target": -18.393737340119298, "params": {"gamma": 548.0193681102779, "log10_alpha": -2.207293171192854, "log10_colsample_bytree": -0.06752287122877665, "log10_eta": -0.18186303632336598, "log10_lambda": 0.7206456355593307, "log10_min_child_weight": 0.6384137896778996, "log10_subsample": -0.19412014873493022, "max_depth": 5.0, "num_boost_round": 8.0}, "datetime": {"datetime": "2024-01-19 00:13:21", "elapsed": 99.109328, "delta": 0.000341}}
{"target": -18.455058778774564, "params": {"gamma": 548.0193681102779, "log10_alpha": -2.207293171192854, "log10_colsample_bytree": -0.06752287122877665, "log10_eta": -0.18186303632336598, "log10_lambda": 0.7206456355593307, "log10_min_child_weight": 0.6384137896778996, "log10_subsample": -0.19412014873493022, "max_depth": 5.0, "num_boost_round": 9.0}, "datetime": {"datetime": "2024-01-19 00:13:21", "elapsed": 99.109619, "delta": 0.000291}}
{"target": -17.68011745741643, "params": {"gamma": 561.2227159421362, "log10_alpha": -1.3083218798193585, "log10_colsample_bytree": -0.17296924317249562, "log10_eta": -0.44202876457794593, "log10_lambda": -0.6875616723944162, "log10_min_child_weight": 4.782338174930735, "log10_subsample": -0.38349150018158273, "max_depth": 6.0, "num_boost_round": 0.0}, "datetime": {"datetime": "2024-01-19 00:13:40", "elapsed": 118.169251, "delta": 19.059632}}
{"target": -17.680798578539438, "params": {"gamma": 561.2227159421362, "log10_alpha": -1.3083218798193585, "log10_colsample_bytree": -0.17296924317249562, "log10_eta": -0.44202876457794593, "log10_lambda": -0.6875616723944162, "log10_min_child_weight": 4.782338174930735, "log10_subsample": -0.38349150018158273, "max_depth": 6.0, "num_boost_round": 1.0}, "datetime": {"datetime": "2024-01-19 00:13:40", "elapsed": 118.170372, "delta": 0.001121}}
{"target": -17.687350162775335, "params": {"gamma": 561.2227159421362, "log10_alpha": -1.3083218798193585, "log10_colsample_bytree": -0.17296924317249562, "log10_eta": -0.44202876457794593, "log10_lambda": -0.6875616723944162, "log10_min_child_weight": 4.782338174930735, "log10_subsample": -0.38349150018158273, "max_depth": 6.0, "num_boost_round": 2.0}, "datetime": {"datetime": "2024-01-19 00:13:40", "elapsed": 118.170699, "delta": 0.000327}}
{"target": -17.690764200279474, "params": {"gamma": 561.2227159421362, "log10_alpha": -1.3083218798193585, "log10_colsample_bytree": -0.17296924317249562, "log10_eta": -0.44202876457794593, "log10_lambda": -0.6875616723944162, "log10_min_child_weight": 4.782338174930735, "log10_subsample": -0.38349150018158273, "max_depth": 6.0, "num_boost_round": 3.0}, "datetime": {"datetime": "2024-01-19 00:13:40", "elapsed": 118.171002, "delta": 0.000303}}
{"target": -17.693125191899114, "params": {"gamma": 561.2227159421362, "log10_alpha": -1.3083218798193585, "log10_colsample_bytree": -0.17296924317249562, "log10_eta": -0.44202876457794593, "log10_lambda": -0.6875616723944162, "log10_min_child_weight": 4.782338174930735, "log10_subsample": -0.38349150018158273, "max_depth": 6.0, "num_boost_round": 4.0}, "datetime": {"datetime": "2024-01-19 00:13:40", "elapsed": 118.171288, "delta": 0.000286}}
{"target": -17.697836545268647, "params": {"gamma": 561.2227159421362, "log10_alpha": -1.3083218798193585, "log10_colsample_bytree": -0.17296924317249562, "log10_eta": -0.44202876457794593, "log10_lambda": -0.6875616723944162, "log10_min_child_weight": 4.782338174930735, "log10_subsample": -0.38349150018158273, "max_depth": 6.0, "num_boost_round": 5.0}, "datetime": {"datetime": "2024-01-19 00:13:40", "elapsed": 118.171569, "delta": 0.000281}}
{"target": -17.697410143297983, "params": {"gamma": 561.2227159421362, "log10_alpha": -1.3083218798193585, "log10_colsample_bytree": -0.17296924317249562, "log10_eta": -0.44202876457794593, "log10_lambda": -0.6875616723944162, "log10_min_child_weight": 4.782338174930735, "log10_subsample": -0.38349150018158273, "max_depth": 6.0, "num_boost_round": 6.0}, "datetime": {"datetime": "2024-01-19 00:13:40", "elapsed": 118.171854, "delta": 0.000285}}
