{"target": -13.758511568239374, "params": {"gamma": 32.216750624366355, "log10_alpha": 0.9477797004337329, "log10_colsample_bytree": -0.8173077142567866, "log10_eta": -3.426754155489307, "log10_lambda": -3.1603596636997255, "log10_min_child_weight": 3.9030267737421505, "log10_subsample": -0.26972453319765444, "max_depth": 4.0, "num_boost_round": 8.0}, "datetime": {"datetime": "2024-01-19 00:55:49", "elapsed": 2657.689347, "delta": 0.002753}}
{"target": -13.758511096386927, "params": {"gamma": 32.216750624366355, "log10_alpha": 0.9477797004337329, "log10_colsample_bytree": -0.8173077142567866, "log10_eta": -3.426754155489307, "log10_lambda": -3.1603596636997255, "log10_min_child_weight": 3.9030267737421505, "log10_subsample": -0.26972453319765444, "max_depth": 4.0, "num_boost_round": 9.0}, "datetime": {"datetime": "2024-01-19 00:55:49", "elapsed": 2657.692059, "delta": 0.002712}}
{"target": -13.758504118864117, "params": {"gamma": 32.216750624366355, "log10_alpha": 0.9477797004337329, "log10_colsample_bytree": -0.8173077142567866, "log10_eta": -3.426754155489307, "log10_lambda": -3.1603596636997255, "log10_min_child_weight": 3.9030267737421505, "log10_subsample": -0.26972453319765444, "max_depth": 4.0, "num_boost_round": 10.0}, "datetime": {"datetime": "2024-01-19 00:55:49", "elapsed": 2657.694872, "delta": 0.002813}}
{"target": -13.75850284970536, "params": {"gamma": 32.216750624366355, "log10_alpha": 0.9477797004337329, "log10_colsample_bytree": -0.8173077142567866, "log10_eta": -3.426754155489307, "log10_lambda": -3.1603596636997255, "log10_min_child_weight": 3.9030267737421505, "log10_subsample": -0.26972453319765444, "max_depth": 4.0, "num_boost_round": 11.0}, "datetime": {"datetime": "2024-01-19 00:55:49", "elapsed": 2657.697467, "delta": 0.002595}}
{"target": -13.758498550178686, "params": {"gamma": 32.216750624366355, "log10_alpha": 0.9477797004337329, "log10_colsample_bytree": -0.8173077142567866, "log10_eta": -3.426754155489307, "log10_lambda": -3.1603596636997255, "log10_min_child_weight": 3.9030267737421505, "log10_subsample": -0.26972453319765444, "max_depth": 4.0, "num_boost_round": 12.0}, "datetime": {"datetime": "2024-01-19 00:55:49", "elapsed": 2657.700029, "delta": 0.002562}}
{"target": -13.758494612183183, "params": {"gamma": 32.216750624366355, "log10_alpha": 0.9477797004337329, "log10_colsample_bytree": -0.8173077142567866, "log10_eta": -3.426754155489307, "log10_lambda": -3.1603596636997255, "log10_min_child_weight": 3.9030267737421505, "log10_subsample": -0.26972453319765444, "max_depth": 4.0, "num_boost_round": 13.0}, "datetime": {"datetime": "2024-01-19 00:55:49", "elapsed": 2657.702627, "delta": 0.002598}}
{"target": -13.758491541270885, "params": {"gamma": 32.216750624366355, "log10_alpha": 0.9477797004337329, "log10_colsample_bytree": -0.8173077142567866, "log10_eta": -3.426754155489307, "log10_lambda": -3.1603596636997255, "log10_min_child_weight": 3.9030267737421505, "log10_subsample": -0.26972453319765444, "max_depth": 4.0, "num_boost_round": 14.0}, "datetime": {"datetime": "2024-01-19 00:55:49", "elapsed": 2657.705196, "delta": 0.002569}}
{"target": -13.75848233573172, "params": {"gamma": 32.216750624366355, "log10_alpha": 0.9477797004337329, "log10_colsample_bytree": -0.8173077142567866, "log10_eta": -3.426754155489307, "log10_lambda": -3.1603596636997255, "log10_min_child_weight": 3.9030267737421505, "log10_subsample": -0.26972453319765444, "max_depth": 4.0, "num_boost_round": 15.0}, "datetime": {"datetime": "2024-01-19 00:55:49", "elapsed": 2657.707806, "delta": 0.00261}}
{"target": -13.758479185058913, "params": {"gamma": 32.216750624366355, "log10_alpha": 0.9477797004337329, "log10_colsample_bytree": -0.8173077142567866, "log10_eta": -3.426754155489307, "log10_lambda": -3.1603596636997255, "log10_min_child_weight": 3.9030267737421505, "log10_subsample": -0.26972453319765444, "max_depth": 4.0, "num_boost_round": 16.0}, "datetime": {"datetime": "2024-01-19 00:55:49", "elapsed": 2657.71048, "delta": 0.002674}}
{"target": -13.758477102170133, "params": {"gamma": 32.216750624366355, "log10_alpha": 0.9477797004337329, "log10_colsample_bytree": -0.8173077142567866, "log10_eta": -3.426754155489307, "log10_lambda": -3.1603596636997255, "log10_min_child_weight": 3.9030267737421505, "log10_subsample": -0.26972453319765444, "max_depth": 4.0, "num_boost_round": 17.0}, "datetime": {"datetime": "2024-01-19 00:55:49", "elapsed": 2657.713168, "delta": 0.002688}}
{"target": -13.758477517836985, "params": {"gamma": 32.216750624366355, "log10_alpha": 0.9477797004337329, "log10_colsample_bytree": -0.8173077142567866, "log10_eta": -3.426754155489307, "log10_lambda": -3.1603596636997255, "log10_min_child_weight": 3.9030267737421505, "log10_subsample": -0.26972453319765444, "max_depth": 4.0, "num_boost_round": 18.0}, "datetime": {"datetime": "2024-01-19 00:55:49", "elapsed": 2657.715833, "delta": 0.002665}}
{"target": -13.758470108351558, "params": {"gamma": 32.216750624366355, "log10_alpha": 0.9477797004337329, "log10_colsample_bytree": -0.8173077142567866, "log10_eta": -3.426754155489307, "log10_lambda": -3.1603596636997255, "log10_min_child_weight": 3.9030267737421505, "log10_subsample": -0.26972453319765444, "max_depth": 4.0, "num_boost_round": 19.0}, "datetime": {"datetime": "2024-01-19 00:55:49", "elapsed": 2657.718402, "delta": 0.002569}}
{"target": -13.758465593592849, "params": {"gamma": 32.216750624366355, "log10_alpha": 0.9477797004337329, "log10_colsample_bytree": -0.8173077142567866, "log10_eta": -3.426754155489307, "log10_lambda": -3.1603596636997255, "log10_min_child_weight": 3.9030267737421505, "log10_subsample": -0.26972453319765444, "max_depth": 4.0, "num_boost_round": 20.0}, "datetime": {"datetime": "2024-01-19 00:55:49", "elapsed": 2657.720962, "delta": 0.00256}}
{"target": -13.758459022845692, "params": {"gamma": 32.216750624366355, "log10_alpha": 0.9477797004337329, "log10_colsample_bytree": -0.8173077142567866, "log10_eta": -3.426754155489307, "log10_lambda": -3.1603596636997255, "log10_min_child_weight": 3.9030267737421505, "log10_subsample": -0.26972453319765444, "max_depth": 4.0, "num_boost_round": 21.0}, "datetime": {"datetime": "2024-01-19 00:55:49", "elapsed": 2657.723534, "delta": 0.002572}}
{"target": -13.758454655868213, "params": {"gamma": 32.216750624366355, "log10_alpha": 0.9477797004337329, "log10_colsample_bytree": -0.8173077142567866, "log10_eta": -3.426754155489307, "log10_lambda": -3.1603596636997255, "log10_min_child_weight": 3.9030267737421505, "log10_subsample": -0.26972453319765444, "max_depth": 4.0, "num_boost_round": 22.0}, "datetime": {"datetime": "2024-01-19 00:55:49", "elapsed": 2657.726109, "delta": 0.002575}}
{"target": -13.758456021860317, "params": {"gamma": 32.216750624366355, "log10_alpha": 0.9477797004337329, "log10_colsample_bytree": -0.8173077142567866, "log10_eta": -3.426754155489307, "log10_lambda": -3.1603596636997255, "log10_min_child_weight": 3.9030267737421505, "log10_subsample": -0.26972453319765444, "max_depth": 4.0, "num_boost_round": 23.0}, "datetime": {"datetime": "2024-01-19 00:55:49", "elapsed": 2657.728797, "delta": 0.002688}}
{"target": -13.758451391514596, "params": {"gamma": 32.216750624366355, "log10_alpha": 0.9477797004337329, "log10_colsample_bytree": -0.8173077142567866, "log10_eta": -3.426754155489307, "log10_lambda": -3.1603596636997255, "log10_min_child_weight": 3.9030267737421505, "log10_subsample": -0.26972453319765444, "max_depth": 4.0, "num_boost_round": 24.0}, "datetime": {"datetime": "2024-01-19 00:55:49", "elapsed": 2657.731398, "delta": 0.002601}}
{"target": -13.758451766946862, "params": {"gamma": 32.216750624366355, "log10_alpha": 0.9477797004337329, "log10_colsample_bytree": -0.8173077142567866, "log10_eta": -3.426754155489307, "log10_lambda": -3.1603596636997255, "log10_min_child_weight": 3.9030267737421505, "log10_subsample": -0.26972453319765444, "max_depth": 4.0, "num_boost_round": 25.0}, "datetime": {"datetime": "2024-01-19 00:55:49", "elapsed": 2657.734001, "delta": 0.002603}}
{"target": -13.758541759842583, "params": {"gamma": 36.524993199408165, "log10_alpha": -2.6709229152885934, "log10_colsample_bytree": -0.7150264151186212, "log10_eta": -2.968769975591543, "log10_lambda": -0.8166095231758081, "log10_min_child_weight": 4.699250526870237, "log10_subsample": -0.5823820621487602, "max_depth": 7.0, "num_boost_round": 0.0}, "datetime": {"datetime": "2024-01-19 00:56:19", "elapsed": 2688.052181, "delta": 30.31818}}
{"target": -13.758536470851224, "params": {"gamma": 36.524993199408165, "log10_alpha": -2.6709229152885934, "log10_colsample_bytree": -0.7150264151186212, "log10_eta": -2.968769975591543, "log10_lambda": -0.8166095231758081, "log10_min_child_weight": 4.699250526870237, "log10_subsample": -0.5823820621487602, "max_depth": 7.0, "num_boost_round": 1.0}, "datetime": {"datetime": "2024-01-19 00:56:19", "elapsed": 2688.055426, "delta": 0.003245}}
{"target": -13.75852834252657, "params": {"gamma": 36.524993199408165, "log10_alpha": -2.6709229152885934, "log10_colsample_bytree": -0.7150264151186212, "log10_eta": -2.968769975591543, "log10_lambda": -0.8166095231758081, "log10_min_child_weight": 4.699250526870237, "log10_subsample": -0.5823820621487602, "max_depth": 7.0, "num_boost_round": 2.0}, "datetime": {"datetime": "2024-01-19 00:56:19", "elapsed": 2688.058051, "delta": 0.002625}}
{"target": -13.758525566409288, "params": {"gamma": 36.524993199408165, "log10_alpha": -2.6709229152885934, "log10_colsample_bytree": -0.7150264151186212, "log10_eta": -2.968769975591543, "log10_lambda": -0.8166095231758081, "log10_min_child_weight": 4.699250526870237, "log10_subsample": -0.5823820621487602, "max_depth": 7.0, "num_boost_round": 3.0}, "datetime": {"datetime": "2024-01-19 00:56:19", "elapsed": 2688.060736, "delta": 0.002685}}
{"target": -13.758530783026055, "params": {"gamma": 36.524993199408165, "log10_alpha": -2.6709229152885934, "log10_colsample_bytree": -0.7150264151186212, "log10_eta": -2.968769975591543, "log10_lambda": -0.8166095231758081, "log10_min_child_weight": 4.699250526870237, "log10_subsample": -0.5823820621487602, "max_depth": 7.0, "num_boost_round": 4.0}, "datetime": {"datetime": "2024-01-19 00:56:19", "elapsed": 2688.063371, "delta": 0.002635}}
{"target": -13.758528631528993, "params": {"gamma": 36.524993199408165, "log10_alpha": -2.6709229152885934, "log10_colsample_bytree": -0.7150264151186212, "log10_eta": -2.968769975591543, "log10_lambda": -0.8166095231758081, "log10_min_child_weight": 4.699250526870237, "log10_subsample": -0.5823820621487602, "max_depth": 7.0, "num_boost_round": 5.0}, "datetime": {"datetime": "2024-01-19 00:56:19", "elapsed": 2688.066009, "delta": 0.002638}}
{"target": -13.758534246823839, "params": {"gamma": 36.524993199408165, "log10_alpha": -2.6709229152885934, "log10_colsample_bytree": -0.7150264151186212, "log10_eta": -2.968769975591543, "log10_lambda": -0.8166095231758081, "log10_min_child_weight": 4.699250526870237, "log10_subsample": -0.5823820621487602, "max_depth": 7.0, "num_boost_round": 6.0}, "datetime": {"datetime": "2024-01-19 00:56:19", "elapsed": 2688.068627, "delta": 0.002618}}
{"target": -13.758531011384216, "params": {"gamma": 36.524993199408165, "log10_alpha": -2.6709229152885934, "log10_colsample_bytree": -0.7150264151186212, "log10_eta": -2.968769975591543, "log10_lambda": -0.8166095231758081, "log10_min_child_weight": 4.699250526870237, "log10_subsample": -0.5823820621487602, "max_depth": 7.0, "num_boost_round": 7.0}, "datetime": {"datetime": "2024-01-19 00:56:19", "elapsed": 2688.071328, "delta": 0.002701}}
{"target": -13.7585349464709, "params": {"gamma": 36.524993199408165, "log10_alpha": -2.6709229152885934, "log10_colsample_bytree": -0.7150264151186212, "log10_eta": -2.968769975591543, "log10_lambda": -0.8166095231758081, "log10_min_child_weight": 4.699250526870237, "log10_subsample": -0.5823820621487602, "max_depth": 7.0, "num_boost_round": 8.0}, "datetime": {"datetime": "2024-01-19 00:56:19", "elapsed": 2688.07394, "delta": 0.002612}}
{"target": -13.758539398226873, "params": {"gamma": 36.524993199408165, "log10_alpha": -2.6709229152885934, "log10_colsample_bytree": -0.7150264151186212, "log10_eta": -2.968769975591543, "log10_lambda": -0.8166095231758081, "log10_min_child_weight": 4.699250526870237, "log10_subsample": -0.5823820621487602, "max_depth": 7.0, "num_boost_round": 9.0}, "datetime": {"datetime": "2024-01-19 00:56:19", "elapsed": 2688.076639, "delta": 0.002699}}
{"target": -13.75853204430516, "params": {"gamma": 36.524993199408165, "log10_alpha": -2.6709229152885934, "log10_colsample_bytree": -0.7150264151186212, "log10_eta": -2.968769975591543, "log10_lambda": -0.8166095231758081, "log10_min_child_weight": 4.699250526870237, "log10_subsample": -0.5823820621487602, "max_depth": 7.0, "num_boost_round": 10.0}, "datetime": {"datetime": "2024-01-19 00:56:19", "elapsed": 2688.079362, "delta": 0.002723}}
{"target": -13.758529762575403, "params": {"gamma": 36.524993199408165, "log10_alpha": -2.6709229152885934, "log10_colsample_bytree": -0.7150264151186212, "log10_eta": -2.968769975591543, "log10_lambda": -0.8166095231758081, "log10_min_child_weight": 4.699250526870237, "log10_subsample": -0.5823820621487602, "max_depth": 7.0, "num_boost_round": 11.0}, "datetime": {"datetime": "2024-01-19 00:56:19", "elapsed": 2688.082065, "delta": 0.002703}}
{"target": -13.758533159734485, "params": {"gamma": 36.524993199408165, "log10_alpha": -2.6709229152885934, "log10_colsample_bytree": -0.7150264151186212, "log10_eta": -2.968769975591543, "log10_lambda": -0.8166095231758081, "log10_min_child_weight": 4.699250526870237, "log10_subsample": -0.5823820621487602, "max_depth": 7.0, "num_boost_round": 12.0}, "datetime": {"datetime": "2024-01-19 00:56:19", "elapsed": 2688.084798, "delta": 0.002733}}
{"target": -13.758534001650576, "params": {"gamma": 36.524993199408165, "log10_alpha": -2.6709229152885934, "log10_colsample_bytree": -0.7150264151186212, "log10_eta": -2.968769975591543, "log10_lambda": -0.8166095231758081, "log10_min_child_weight": 4.699250526870237, "log10_subsample": -0.5823820621487602, "max_depth": 7.0, "num_boost_round": 13.0}, "datetime": {"datetime": "2024-01-19 00:56:19", "elapsed": 2688.087392, "delta": 0.002594}}
{"target": -13.758532668391334, "params": {"gamma": 36.524993199408165, "log10_alpha": -2.6709229152885934, "log10_colsample_bytree": -0.7150264151186212, "log10_eta": -2.968769975591543, "log10_lambda": -0.8166095231758081, "log10_min_child_weight": 4.699250526870237, "log10_subsample": -0.5823820621487602, "max_depth": 7.0, "num_boost_round": 14.0}, "datetime": {"datetime": "2024-01-19 00:56:19", "elapsed": 2688.090018, "delta": 0.002626}}
{"target": -13.758527932856094, "params": {"gamma": 36.524993199408165, "log10_alpha": -2.6709229152885934, "log10_colsample_bytree": -0.7150264151186212, "log10_eta": -2.968769975591543, "log10_lambda": -0.8166095231758081, "log10_min_child_weight": 4.699250526870237, "log10_subsample": -0.5823820621487602, "max_depth": 7.0, "num_boost_round": 15.0}, "datetime": {"datetime": "2024-01-19 00:56:19", "elapsed": 2688.092636, "delta": 0.002618}}
{"target": -13.75852257350262, "params": {"gamma": 36.524993199408165, "log10_alpha": -2.6709229152885934, "log10_colsample_bytree": -0.7150264151186212, "log10_eta": -2.968769975591543, "log10_lambda": -0.8166095231758081, "log10_min_child_weight": 4.699250526870237, "log10_subsample": -0.5823820621487602, "max_depth": 7.0, "num_boost_round": 16.0}, "datetime": {"datetime": "2024-01-19 00:56:19", "elapsed": 2688.095236, "delta": 0.0026}}
{"target": -13.758523421248443, "params": {"gamma": 36.524993199408165, "log10_alpha": -2.6709229152885934, "log10_colsample_bytree": -0.7150264151186212, "log10_eta": -2.968769975591543, "log10_lambda": -0.8166095231758081, "log10_min_child_weight": 4.699250526870237, "log10_subsample": -0.5823820621487602, "max_depth": 7.0, "num_boost_round": 17.0}, "datetime": {"datetime": "2024-01-19 00:56:19", "elapsed": 2688.09787, "delta": 0.002634}}
{"target": -13.758522162131342, "params": {"gamma": 36.524993199408165, "log10_alpha": -2.6709229152885934, "log10_colsample_bytree": -0.7150264151186212, "log10_eta": -2.968769975591543, "log10_lambda": -0.8166095231758081, "log10_min_child_weight": 4.699250526870237, "log10_subsample": -0.5823820621487602, "max_depth": 7.0, "num_boost_round": 18.0}, "datetime": {"datetime": "2024-01-19 00:56:19", "elapsed": 2688.100529, "delta": 0.002659}}
{"target": -13.758511455514885, "params": {"gamma": 36.524993199408165, "log10_alpha": -2.6709229152885934, "log10_colsample_bytree": -0.7150264151186212, "log10_eta": -2.968769975591543, "log10_lambda": -0.8166095231758081, "log10_min_child_weight": 4.699250526870237, "log10_subsample": -0.5823820621487602, "max_depth": 7.0, "num_boost_round": 19.0}, "datetime": {"datetime": "2024-01-19 00:56:19", "elapsed": 2688.103372, "delta": 0.002843}}
{"target": -13.75851186946163, "params": {"gamma": 36.524993199408165, "log10_alpha": -2.6709229152885934, "log10_colsample_bytree": -0.7150264151186212, "log10_eta": -2.968769975591543, "log10_lambda": -0.8166095231758081, "log10_min_child_weight": 4.699250526870237, "log10_subsample": -0.5823820621487602, "max_depth": 7.0, "num_boost_round": 20.0}, "datetime": {"datetime": "2024-01-19 00:56:19", "elapsed": 2688.106061, "delta": 0.002689}}
{"target": -13.758515398950124, "params": {"gamma": 36.524993199408165, "log10_alpha": -2.6709229152885934, "log10_colsample_bytree": -0.7150264151186212, "log10_eta": -2.968769975591543, "log10_lambda": -0.8166095231758081, "log10_min_child_weight": 4.699250526870237, "log10_subsample": -0.5823820621487602, "max_depth": 7.0, "num_boost_round": 21.0}, "datetime": {"datetime": "2024-01-19 00:56:19", "elapsed": 2688.10873, "delta": 0.002669}}
{"target": -13.758506791435323, "params": {"gamma": 36.524993199408165, "log10_alpha": -2.6709229152885934, "log10_colsample_bytree": -0.7150264151186212, "log10_eta": -2.968769975591543, "log10_lambda": -0.8166095231758081, "log10_min_child_weight": 4.699250526870237, "log10_subsample": -0.5823820621487602, "max_depth": 7.0, "num_boost_round": 22.0}, "datetime": {"datetime": "2024-01-19 00:56:19", "elapsed": 2688.111406, "delta": 0.002676}}
{"target": -13.75849820886814, "params": {"gamma": 36.524993199408165, "log10_alpha": -2.6709229152885934, "log10_colsample_bytree": -0.7150264151186212, "log10_eta": -2.968769975591543, "log10_lambda": -0.8166095231758081, "log10_min_child_weight": 4.699250526870237, "log10_subsample": -0.5823820621487602, "max_depth": 7.0, "num_boost_round": 23.0}, "datetime": {"datetime": "2024-01-19 00:56:19", "elapsed": 2688.114078, "delta": 0.002672}}
{"target": -13.758495780320747, "params": {"gamma": 36.524993199408165, "log10_alpha": -2.6709229152885934, "log10_colsample_bytree": -0.7150264151186212, "log10_eta": -2.968769975591543, "log10_lambda": -0.8166095231758081, "log10_min_child_weight": 4.699250526870237, "log10_subsample": -0.5823820621487602, "max_depth": 7.0, "num_boost_round": 24.0}, "datetime": {"datetime": "2024-01-19 00:56:19", "elapsed": 2688.116821, "delta": 0.002743}}
{"target": -13.7584947799762, "params": {"gamma": 36.524993199408165, "log10_alpha": -2.6709229152885934, "log10_colsample_bytree": -0.7150264151186212, "log10_eta": -2.968769975591543, "log10_lambda": -0.8166095231758081, "log10_min_child_weight": 4.699250526870237, "log10_subsample": -0.5823820621487602, "max_depth": 7.0, "num_boost_round": 25.0}, "datetime": {"datetime": "2024-01-19 00:56:19", "elapsed": 2688.119463, "delta": 0.002642}}
{"target": -13.758492540304646, "params": {"gamma": 36.524993199408165, "log10_alpha": -2.6709229152885934, "log10_colsample_bytree": -0.7150264151186212, "log10_eta": -2.968769975591543, "log10_lambda": -0.8166095231758081, "log10_min_child_weight": 4.699250526870237, "log10_subsample": -0.5823820621487602, "max_depth": 7.0, "num_boost_round": 26.0}, "datetime": {"datetime": "2024-01-19 00:56:19", "elapsed": 2688.122163, "delta": 0.0027}}
{"target": -13.758536712887537, "params": {"gamma": 33.26145981059392, "log10_alpha": -4.567142478675942, "log10_colsample_bytree": -0.2641643473245977, "log10_eta": -3.9377820771982517, "log10_lambda": -2.084124908392147, "log10_min_child_weight": 1.7533109753794074, "log10_subsample": -0.20541103926312665, "max_depth": 2.0, "num_boost_round": 0.0}, "datetime": {"datetime": "2024-01-19 00:56:46", "elapsed": 2714.81896, "delta": 26.696797}}
{"target": -13.75853521214188, "params": {"gamma": 33.26145981059392, "log10_alpha": -4.567142478675942, "log10_colsample_bytree": -0.2641643473245977, "log10_eta": -3.9377820771982517, "log10_lambda": -2.084124908392147, "log10_min_child_weight": 1.7533109753794074, "log10_subsample": -0.20541103926312665, "max_depth": 2.0, "num_boost_round": 1.0}, "datetime": {"datetime": "2024-01-19 00:56:46", "elapsed": 2714.821866, "delta": 0.002906}}
{"target": -13.758535117671537, "params": {"gamma": 33.26145981059392, "log10_alpha": -4.567142478675942, "log10_colsample_bytree": -0.2641643473245977, "log10_eta": -3.9377820771982517, "log10_lambda": -2.084124908392147, "log10_min_child_weight": 1.7533109753794074, "log10_subsample": -0.20541103926312665, "max_depth": 2.0, "num_boost_round": 2.0}, "datetime": {"datetime": "2024-01-19 00:56:46", "elapsed": 2714.824697, "delta": 0.002831}}
{"target": -13.758534183401816, "params": {"gamma": 33.26145981059392, "log10_alpha": -4.567142478675942, "log10_colsample_bytree": -0.2641643473245977, "log10_eta": -3.9377820771982517, "log10_lambda": -2.084124908392147, "log10_min_child_weight": 1.7533109753794074, "log10_subsample": -0.20541103926312665, "max_depth": 2.0, "num_boost_round": 3.0}, "datetime": {"datetime": "2024-01-19 00:56:46", "elapsed": 2714.827408, "delta": 0.002711}}
