{"target": -13.757673717755207, "params": {"gamma": 877.615355059778, "log10_alpha": -3.4675298123753464, "log10_colsample_bytree": -0.41727914355372364, "log10_eta": -2.4635091194442222, "log10_lambda": -4.22412197868033, "log10_min_child_weight": 0.19580747494052753, "log10_subsample": -0.6911491281714467, "max_depth": 8.0, "num_boost_round": 23.0}, "datetime": {"datetime": "2024-01-19 00:47:20", "elapsed": 2145.061988, "delta": 0.002932}}
{"target": -13.757581019863085, "params": {"gamma": 877.615355059778, "log10_alpha": -3.4675298123753464, "log10_colsample_bytree": -0.41727914355372364, "log10_eta": -2.4635091194442222, "log10_lambda": -4.22412197868033, "log10_min_child_weight": 0.19580747494052753, "log10_subsample": -0.6911491281714467, "max_depth": 8.0, "num_boost_round": 24.0}, "datetime": {"datetime": "2024-01-19 00:47:20", "elapsed": 2145.065302, "delta": 0.003314}}
{"target": -13.757542831590737, "params": {"gamma": 877.615355059778, "log10_alpha": -3.4675298123753464, "log10_colsample_bytree": -0.41727914355372364, "log10_eta": -2.4635091194442222, "log10_lambda": -4.22412197868033, "log10_min_child_weight": 0.19580747494052753, "log10_subsample": -0.6911491281714467, "max_depth": 8.0, "num_boost_round": 25.0}, "datetime": {"datetime": "2024-01-19 00:47:20", "elapsed": 2145.068335, "delta": 0.003033}}
{"target": -13.757294115195664, "params": {"gamma": 877.615355059778, "log10_alpha": -3.4675298123753464, "log10_colsample_bytree": -0.41727914355372364, "log10_eta": -2.4635091194442222, "log10_lambda": -4.22412197868033, "log10_min_child_weight": 0.19580747494052753, "log10_subsample": -0.6911491281714467, "max_depth": 8.0, "num_boost_round": 26.0}, "datetime": {"datetime": "2024-01-19 00:47:20", "elapsed": 2145.071327, "delta": 0.002992}}
{"target": -13.75743246776234, "params": {"gamma": 877.615355059778, "log10_alpha": -3.4675298123753464, "log10_colsample_bytree": -0.41727914355372364, "log10_eta": -2.4635091194442222, "log10_lambda": -4.22412197868033, "log10_min_child_weight": 0.19580747494052753, "log10_subsample": -0.6911491281714467, "max_depth": 8.0, "num_boost_round": 27.0}, "datetime": {"datetime": "2024-01-19 00:47:20", "elapsed": 2145.074344, "delta": 0.003017}}
{"target": -13.757407265239973, "params": {"gamma": 877.615355059778, "log10_alpha": -3.4675298123753464, "log10_colsample_bytree": -0.41727914355372364, "log10_eta": -2.4635091194442222, "log10_lambda": -4.22412197868033, "log10_min_child_weight": 0.19580747494052753, "log10_subsample": -0.6911491281714467, "max_depth": 8.0, "num_boost_round": 28.0}, "datetime": {"datetime": "2024-01-19 00:47:20", "elapsed": 2145.077268, "delta": 0.002924}}
{"target": -13.757449791362344, "params": {"gamma": 877.615355059778, "log10_alpha": -3.4675298123753464, "log10_colsample_bytree": -0.41727914355372364, "log10_eta": -2.4635091194442222, "log10_lambda": -4.22412197868033, "log10_min_child_weight": 0.19580747494052753, "log10_subsample": -0.6911491281714467, "max_depth": 8.0, "num_boost_round": 29.0}, "datetime": {"datetime": "2024-01-19 00:47:20", "elapsed": 2145.084758, "delta": 0.00749}}
{"target": -13.758245982995966, "params": {"gamma": 876.7877219679598, "log10_alpha": -3.0101009261612814, "log10_colsample_bytree": -0.5060131507096818, "log10_eta": -2.3620539945310086, "log10_lambda": -2.4056058589659917, "log10_min_child_weight": 0.30778520303117507, "log10_subsample": -0.5415137529780698, "max_depth": 8.0, "num_boost_round": 0.0}, "datetime": {"datetime": "2024-01-19 00:47:59", "elapsed": 2183.802492, "delta": 38.717734}}
{"target": -13.757805635371595, "params": {"gamma": 876.7877219679598, "log10_alpha": -3.0101009261612814, "log10_colsample_bytree": -0.5060131507096818, "log10_eta": -2.3620539945310086, "log10_lambda": -2.4056058589659917, "log10_min_child_weight": 0.30778520303117507, "log10_subsample": -0.5415137529780698, "max_depth": 8.0, "num_boost_round": 1.0}, "datetime": {"datetime": "2024-01-19 00:47:59", "elapsed": 2183.806263, "delta": 0.003771}}
{"target": -13.757506482585578, "params": {"gamma": 876.7877219679598, "log10_alpha": -3.0101009261612814, "log10_colsample_bytree": -0.5060131507096818, "log10_eta": -2.3620539945310086, "log10_lambda": -2.4056058589659917, "log10_min_child_weight": 0.30778520303117507, "log10_subsample": -0.5415137529780698, "max_depth": 8.0, "num_boost_round": 2.0}, "datetime": {"datetime": "2024-01-19 00:47:59", "elapsed": 2183.809405, "delta": 0.003142}}
{"target": -13.757462309991267, "params": {"gamma": 876.7877219679598, "log10_alpha": -3.0101009261612814, "log10_colsample_bytree": -0.5060131507096818, "log10_eta": -2.3620539945310086, "log10_lambda": -2.4056058589659917, "log10_min_child_weight": 0.30778520303117507, "log10_subsample": -0.5415137529780698, "max_depth": 8.0, "num_boost_round": 3.0}, "datetime": {"datetime": "2024-01-19 00:47:59", "elapsed": 2183.812607, "delta": 0.003202}}
{"target": -13.757163385651195, "params": {"gamma": 876.7877219679598, "log10_alpha": -3.0101009261612814, "log10_colsample_bytree": -0.5060131507096818, "log10_eta": -2.3620539945310086, "log10_lambda": -2.4056058589659917, "log10_min_child_weight": 0.30778520303117507, "log10_subsample": -0.5415137529780698, "max_depth": 8.0, "num_boost_round": 4.0}, "datetime": {"datetime": "2024-01-19 00:47:59", "elapsed": 2183.815573, "delta": 0.002966}}
{"target": -13.757005831933709, "params": {"gamma": 876.7877219679598, "log10_alpha": -3.0101009261612814, "log10_colsample_bytree": -0.5060131507096818, "log10_eta": -2.3620539945310086, "log10_lambda": -2.4056058589659917, "log10_min_child_weight": 0.30778520303117507, "log10_subsample": -0.5415137529780698, "max_depth": 8.0, "num_boost_round": 5.0}, "datetime": {"datetime": "2024-01-19 00:47:59", "elapsed": 2183.818589, "delta": 0.003016}}
{"target": -13.756943602328466, "params": {"gamma": 876.7877219679598, "log10_alpha": -3.0101009261612814, "log10_colsample_bytree": -0.5060131507096818, "log10_eta": -2.3620539945310086, "log10_lambda": -2.4056058589659917, "log10_min_child_weight": 0.30778520303117507, "log10_subsample": -0.5415137529780698, "max_depth": 8.0, "num_boost_round": 6.0}, "datetime": {"datetime": "2024-01-19 00:47:59", "elapsed": 2183.821575, "delta": 0.002986}}
{"target": -13.756868050992555, "params": {"gamma": 876.7877219679598, "log10_alpha": -3.0101009261612814, "log10_colsample_bytree": -0.5060131507096818, "log10_eta": -2.3620539945310086, "log10_lambda": -2.4056058589659917, "log10_min_child_weight": 0.30778520303117507, "log10_subsample": -0.5415137529780698, "max_depth": 8.0, "num_boost_round": 7.0}, "datetime": {"datetime": "2024-01-19 00:47:59", "elapsed": 2183.82458, "delta": 0.003005}}
{"target": -13.75667347225068, "params": {"gamma": 876.7877219679598, "log10_alpha": -3.0101009261612814, "log10_colsample_bytree": -0.5060131507096818, "log10_eta": -2.3620539945310086, "log10_lambda": -2.4056058589659917, "log10_min_child_weight": 0.30778520303117507, "log10_subsample": -0.5415137529780698, "max_depth": 8.0, "num_boost_round": 8.0}, "datetime": {"datetime": "2024-01-19 00:47:59", "elapsed": 2183.827568, "delta": 0.002988}}
{"target": -13.756540859799921, "params": {"gamma": 876.7877219679598, "log10_alpha": -3.0101009261612814, "log10_colsample_bytree": -0.5060131507096818, "log10_eta": -2.3620539945310086, "log10_lambda": -2.4056058589659917, "log10_min_child_weight": 0.30778520303117507, "log10_subsample": -0.5415137529780698, "max_depth": 8.0, "num_boost_round": 9.0}, "datetime": {"datetime": "2024-01-19 00:47:59", "elapsed": 2183.830523, "delta": 0.002955}}
{"target": -13.756391917540851, "params": {"gamma": 876.7877219679598, "log10_alpha": -3.0101009261612814, "log10_colsample_bytree": -0.5060131507096818, "log10_eta": -2.3620539945310086, "log10_lambda": -2.4056058589659917, "log10_min_child_weight": 0.30778520303117507, "log10_subsample": -0.5415137529780698, "max_depth": 8.0, "num_boost_round": 10.0}, "datetime": {"datetime": "2024-01-19 00:47:59", "elapsed": 2183.833798, "delta": 0.003275}}
{"target": -13.756366083391644, "params": {"gamma": 876.7877219679598, "log10_alpha": -3.0101009261612814, "log10_colsample_bytree": -0.5060131507096818, "log10_eta": -2.3620539945310086, "log10_lambda": -2.4056058589659917, "log10_min_child_weight": 0.30778520303117507, "log10_subsample": -0.5415137529780698, "max_depth": 8.0, "num_boost_round": 11.0}, "datetime": {"datetime": "2024-01-19 00:47:59", "elapsed": 2183.836902, "delta": 0.003104}}
{"target": -13.756643532178517, "params": {"gamma": 876.7877219679598, "log10_alpha": -3.0101009261612814, "log10_colsample_bytree": -0.5060131507096818, "log10_eta": -2.3620539945310086, "log10_lambda": -2.4056058589659917, "log10_min_child_weight": 0.30778520303117507, "log10_subsample": -0.5415137529780698, "max_depth": 8.0, "num_boost_round": 12.0}, "datetime": {"datetime": "2024-01-19 00:47:59", "elapsed": 2183.83998, "delta": 0.003078}}
{"target": -13.756415159811775, "params": {"gamma": 876.7877219679598, "log10_alpha": -3.0101009261612814, "log10_colsample_bytree": -0.5060131507096818, "log10_eta": -2.3620539945310086, "log10_lambda": -2.4056058589659917, "log10_min_child_weight": 0.30778520303117507, "log10_subsample": -0.5415137529780698, "max_depth": 8.0, "num_boost_round": 13.0}, "datetime": {"datetime": "2024-01-19 00:47:59", "elapsed": 2183.843026, "delta": 0.003046}}
{"target": -13.756622730316908, "params": {"gamma": 876.7877219679598, "log10_alpha": -3.0101009261612814, "log10_colsample_bytree": -0.5060131507096818, "log10_eta": -2.3620539945310086, "log10_lambda": -2.4056058589659917, "log10_min_child_weight": 0.30778520303117507, "log10_subsample": -0.5415137529780698, "max_depth": 8.0, "num_boost_round": 14.0}, "datetime": {"datetime": "2024-01-19 00:47:59", "elapsed": 2183.846039, "delta": 0.003013}}
{"target": -13.756341842052327, "params": {"gamma": 876.7877219679598, "log10_alpha": -3.0101009261612814, "log10_colsample_bytree": -0.5060131507096818, "log10_eta": -2.3620539945310086, "log10_lambda": -2.4056058589659917, "log10_min_child_weight": 0.30778520303117507, "log10_subsample": -0.5415137529780698, "max_depth": 8.0, "num_boost_round": 15.0}, "datetime": {"datetime": "2024-01-19 00:47:59", "elapsed": 2183.849245, "delta": 0.003206}}
{"target": -13.756482064825983, "params": {"gamma": 876.7877219679598, "log10_alpha": -3.0101009261612814, "log10_colsample_bytree": -0.5060131507096818, "log10_eta": -2.3620539945310086, "log10_lambda": -2.4056058589659917, "log10_min_child_weight": 0.30778520303117507, "log10_subsample": -0.5415137529780698, "max_depth": 8.0, "num_boost_round": 16.0}, "datetime": {"datetime": "2024-01-19 00:47:59", "elapsed": 2183.852467, "delta": 0.003222}}
{"target": -13.756617396652874, "params": {"gamma": 876.7877219679598, "log10_alpha": -3.0101009261612814, "log10_colsample_bytree": -0.5060131507096818, "log10_eta": -2.3620539945310086, "log10_lambda": -2.4056058589659917, "log10_min_child_weight": 0.30778520303117507, "log10_subsample": -0.5415137529780698, "max_depth": 8.0, "num_boost_round": 17.0}, "datetime": {"datetime": "2024-01-19 00:47:59", "elapsed": 2183.85546, "delta": 0.002993}}
{"target": -13.75679342643528, "params": {"gamma": 876.7877219679598, "log10_alpha": -3.0101009261612814, "log10_colsample_bytree": -0.5060131507096818, "log10_eta": -2.3620539945310086, "log10_lambda": -2.4056058589659917, "log10_min_child_weight": 0.30778520303117507, "log10_subsample": -0.5415137529780698, "max_depth": 8.0, "num_boost_round": 18.0}, "datetime": {"datetime": "2024-01-19 00:47:59", "elapsed": 2183.858468, "delta": 0.003008}}
{"target": -13.756760478968305, "params": {"gamma": 876.7877219679598, "log10_alpha": -3.0101009261612814, "log10_colsample_bytree": -0.5060131507096818, "log10_eta": -2.3620539945310086, "log10_lambda": -2.4056058589659917, "log10_min_child_weight": 0.30778520303117507, "log10_subsample": -0.5415137529780698, "max_depth": 8.0, "num_boost_round": 19.0}, "datetime": {"datetime": "2024-01-19 00:47:59", "elapsed": 2183.861475, "delta": 0.003007}}
{"target": -13.756625703462039, "params": {"gamma": 876.7877219679598, "log10_alpha": -3.0101009261612814, "log10_colsample_bytree": -0.5060131507096818, "log10_eta": -2.3620539945310086, "log10_lambda": -2.4056058589659917, "log10_min_child_weight": 0.30778520303117507, "log10_subsample": -0.5415137529780698, "max_depth": 8.0, "num_boost_round": 20.0}, "datetime": {"datetime": "2024-01-19 00:47:59", "elapsed": 2183.864474, "delta": 0.002999}}
{"target": -13.756732245263368, "params": {"gamma": 876.7877219679598, "log10_alpha": -3.0101009261612814, "log10_colsample_bytree": -0.5060131507096818, "log10_eta": -2.3620539945310086, "log10_lambda": -2.4056058589659917, "log10_min_child_weight": 0.30778520303117507, "log10_subsample": -0.5415137529780698, "max_depth": 8.0, "num_boost_round": 21.0}, "datetime": {"datetime": "2024-01-19 00:47:59", "elapsed": 2183.867453, "delta": 0.002979}}
{"target": -13.756655896182327, "params": {"gamma": 876.7877219679598, "log10_alpha": -3.0101009261612814, "log10_colsample_bytree": -0.5060131507096818, "log10_eta": -2.3620539945310086, "log10_lambda": -2.4056058589659917, "log10_min_child_weight": 0.30778520303117507, "log10_subsample": -0.5415137529780698, "max_depth": 8.0, "num_boost_round": 22.0}, "datetime": {"datetime": "2024-01-19 00:47:59", "elapsed": 2183.870462, "delta": 0.003009}}
{"target": -13.75652367528578, "params": {"gamma": 876.7877219679598, "log10_alpha": -3.0101009261612814, "log10_colsample_bytree": -0.5060131507096818, "log10_eta": -2.3620539945310086, "log10_lambda": -2.4056058589659917, "log10_min_child_weight": 0.30778520303117507, "log10_subsample": -0.5415137529780698, "max_depth": 8.0, "num_boost_round": 23.0}, "datetime": {"datetime": "2024-01-19 00:47:59", "elapsed": 2183.87365, "delta": 0.003188}}
{"target": -13.756718959243493, "params": {"gamma": 876.7877219679598, "log10_alpha": -3.0101009261612814, "log10_colsample_bytree": -0.5060131507096818, "log10_eta": -2.3620539945310086, "log10_lambda": -2.4056058589659917, "log10_min_child_weight": 0.30778520303117507, "log10_subsample": -0.5415137529780698, "max_depth": 8.0, "num_boost_round": 24.0}, "datetime": {"datetime": "2024-01-19 00:47:59", "elapsed": 2183.876668, "delta": 0.003018}}
{"target": -13.756598460539735, "params": {"gamma": 876.7877219679598, "log10_alpha": -3.0101009261612814, "log10_colsample_bytree": -0.5060131507096818, "log10_eta": -2.3620539945310086, "log10_lambda": -2.4056058589659917, "log10_min_child_weight": 0.30778520303117507, "log10_subsample": -0.5415137529780698, "max_depth": 8.0, "num_boost_round": 25.0}, "datetime": {"datetime": "2024-01-19 00:47:59", "elapsed": 2183.879656, "delta": 0.002988}}
{"target": -13.756608366499066, "params": {"gamma": 876.7877219679598, "log10_alpha": -3.0101009261612814, "log10_colsample_bytree": -0.5060131507096818, "log10_eta": -2.3620539945310086, "log10_lambda": -2.4056058589659917, "log10_min_child_weight": 0.30778520303117507, "log10_subsample": -0.5415137529780698, "max_depth": 8.0, "num_boost_round": 26.0}, "datetime": {"datetime": "2024-01-19 00:47:59", "elapsed": 2183.882688, "delta": 0.003032}}
{"target": -13.756621048424611, "params": {"gamma": 876.7877219679598, "log10_alpha": -3.0101009261612814, "log10_colsample_bytree": -0.5060131507096818, "log10_eta": -2.3620539945310086, "log10_lambda": -2.4056058589659917, "log10_min_child_weight": 0.30778520303117507, "log10_subsample": -0.5415137529780698, "max_depth": 8.0, "num_boost_round": 27.0}, "datetime": {"datetime": "2024-01-19 00:47:59", "elapsed": 2183.885657, "delta": 0.002969}}
{"target": -13.756499993019043, "params": {"gamma": 876.7877219679598, "log10_alpha": -3.0101009261612814, "log10_colsample_bytree": -0.5060131507096818, "log10_eta": -2.3620539945310086, "log10_lambda": -2.4056058589659917, "log10_min_child_weight": 0.30778520303117507, "log10_subsample": -0.5415137529780698, "max_depth": 8.0, "num_boost_round": 28.0}, "datetime": {"datetime": "2024-01-19 00:47:59", "elapsed": 2183.888632, "delta": 0.002975}}
{"target": -13.756460342049397, "params": {"gamma": 876.7877219679598, "log10_alpha": -3.0101009261612814, "log10_colsample_bytree": -0.5060131507096818, "log10_eta": -2.3620539945310086, "log10_lambda": -2.4056058589659917, "log10_min_child_weight": 0.30778520303117507, "log10_subsample": -0.5415137529780698, "max_depth": 8.0, "num_boost_round": 29.0}, "datetime": {"datetime": "2024-01-19 00:47:59", "elapsed": 2183.891681, "delta": 0.003049}}
{"target": -13.75647398630028, "params": {"gamma": 876.7877219679598, "log10_alpha": -3.0101009261612814, "log10_colsample_bytree": -0.5060131507096818, "log10_eta": -2.3620539945310086, "log10_lambda": -2.4056058589659917, "log10_min_child_weight": 0.30778520303117507, "log10_subsample": -0.5415137529780698, "max_depth": 8.0, "num_boost_round": 30.0}, "datetime": {"datetime": "2024-01-19 00:47:59", "elapsed": 2183.894811, "delta": 0.00313}}
{"target": -13.756360719517586, "params": {"gamma": 876.7877219679598, "log10_alpha": -3.0101009261612814, "log10_colsample_bytree": -0.5060131507096818, "log10_eta": -2.3620539945310086, "log10_lambda": -2.4056058589659917, "log10_min_child_weight": 0.30778520303117507, "log10_subsample": -0.5415137529780698, "max_depth": 8.0, "num_boost_round": 31.0}, "datetime": {"datetime": "2024-01-19 00:47:59", "elapsed": 2183.897834, "delta": 0.003023}}
{"target": -13.758512733411706, "params": {"gamma": 876.1132001866132, "log10_alpha": -3.8097040036207472, "log10_colsample_bytree": -0.784265461233482, "log10_eta": -3.2581008176789457, "log10_lambda": 0.06544350856255043, "log10_min_child_weight": 3.011704021884587, "log10_subsample": -0.4421556182174661, "max_depth": 9.0, "num_boost_round": 0.0}, "datetime": {"datetime": "2024-01-19 00:48:40", "elapsed": 2224.81683, "delta": 40.918996}}
{"target": -13.758495059746519, "params": {"gamma": 876.1132001866132, "log10_alpha": -3.8097040036207472, "log10_colsample_bytree": -0.784265461233482, "log10_eta": -3.2581008176789457, "log10_lambda": 0.06544350856255043, "log10_min_child_weight": 3.011704021884587, "log10_subsample": -0.4421556182174661, "max_depth": 9.0, "num_boost_round": 1.0}, "datetime": {"datetime": "2024-01-19 00:48:40", "elapsed": 2224.820528, "delta": 0.003698}}
{"target": -13.758476565528259, "params": {"gamma": 876.1132001866132, "log10_alpha": -3.8097040036207472, "log10_colsample_bytree": -0.784265461233482, "log10_eta": -3.2581008176789457, "log10_lambda": 0.06544350856255043, "log10_min_child_weight": 3.011704021884587, "log10_subsample": -0.4421556182174661, "max_depth": 9.0, "num_boost_round": 2.0}, "datetime": {"datetime": "2024-01-19 00:48:40", "elapsed": 2224.82401, "delta": 0.003482}}
{"target": -13.758475323101795, "params": {"gamma": 876.1132001866132, "log10_alpha": -3.8097040036207472, "log10_colsample_bytree": -0.784265461233482, "log10_eta": -3.2581008176789457, "log10_lambda": 0.06544350856255043, "log10_min_child_weight": 3.011704021884587, "log10_subsample": -0.4421556182174661, "max_depth": 9.0, "num_boost_round": 3.0}, "datetime": {"datetime": "2024-01-19 00:48:40", "elapsed": 2224.827083, "delta": 0.003073}}
{"target": -13.758470018149143, "params": {"gamma": 876.1132001866132, "log10_alpha": -3.8097040036207472, "log10_colsample_bytree": -0.784265461233482, "log10_eta": -3.2581008176789457, "log10_lambda": 0.06544350856255043, "log10_min_child_weight": 3.011704021884587, "log10_subsample": -0.4421556182174661, "max_depth": 9.0, "num_boost_round": 4.0}, "datetime": {"datetime": "2024-01-19 00:48:40", "elapsed": 2224.830077, "delta": 0.002994}}
{"target": -13.758452346731664, "params": {"gamma": 876.1132001866132, "log10_alpha": -3.8097040036207472, "log10_colsample_bytree": -0.784265461233482, "log10_eta": -3.2581008176789457, "log10_lambda": 0.06544350856255043, "log10_min_child_weight": 3.011704021884587, "log10_subsample": -0.4421556182174661, "max_depth": 9.0, "num_boost_round": 5.0}, "datetime": {"datetime": "2024-01-19 00:48:40", "elapsed": 2224.833408, "delta": 0.003331}}
{"target": -13.758448137497043, "params": {"gamma": 876.1132001866132, "log10_alpha": -3.8097040036207472, "log10_colsample_bytree": -0.784265461233482, "log10_eta": -3.2581008176789457, "log10_lambda": 0.06544350856255043, "log10_min_child_weight": 3.011704021884587, "log10_subsample": -0.4421556182174661, "max_depth": 9.0, "num_boost_round": 6.0}, "datetime": {"datetime": "2024-01-19 00:48:40", "elapsed": 2224.836581, "delta": 0.003173}}
{"target": -13.75840954844248, "params": {"gamma": 876.1132001866132, "log10_alpha": -3.8097040036207472, "log10_colsample_bytree": -0.784265461233482, "log10_eta": -3.2581008176789457, "log10_lambda": 0.06544350856255043, "log10_min_child_weight": 3.011704021884587, "log10_subsample": -0.4421556182174661, "max_depth": 9.0, "num_boost_round": 7.0}, "datetime": {"datetime": "2024-01-19 00:48:40", "elapsed": 2224.839814, "delta": 0.003233}}
{"target": -13.758407134569586, "params": {"gamma": 876.1132001866132, "log10_alpha": -3.8097040036207472, "log10_colsample_bytree": -0.784265461233482, "log10_eta": -3.2581008176789457, "log10_lambda": 0.06544350856255043, "log10_min_child_weight": 3.011704021884587, "log10_subsample": -0.4421556182174661, "max_depth": 9.0, "num_boost_round": 8.0}, "datetime": {"datetime": "2024-01-19 00:48:40", "elapsed": 2224.84282, "delta": 0.003006}}
{"target": -13.758394626620932, "params": {"gamma": 876.1132001866132, "log10_alpha": -3.8097040036207472, "log10_colsample_bytree": -0.784265461233482, "log10_eta": -3.2581008176789457, "log10_lambda": 0.06544350856255043, "log10_min_child_weight": 3.011704021884587, "log10_subsample": -0.4421556182174661, "max_depth": 9.0, "num_boost_round": 9.0}, "datetime": {"datetime": "2024-01-19 00:48:40", "elapsed": 2224.845827, "delta": 0.003007}}
