{"target": -13.758501451562603, "params": {"gamma": 441.0629951998344, "log10_alpha": -1.6100574437373956, "log10_colsample_bytree": -0.5100254078976486, "log10_eta": -3.6139715752973385, "log10_lambda": -4.292096717497427, "log10_min_child_weight": 2.731217514913344, "log10_subsample": -0.8529094837681273, "max_depth": 2.0, "num_boost_round": 16.0}, "datetime": {"datetime": "2024-01-19 01:07:15", "elapsed": 3338.517437, "delta": 0.004504}}
{"target": -13.758501017456163, "params": {"gamma": 441.0629951998344, "log10_alpha": -1.6100574437373956, "log10_colsample_bytree": -0.5100254078976486, "log10_eta": -3.6139715752973385, "log10_lambda": -4.292096717497427, "log10_min_child_weight": 2.731217514913344, "log10_subsample": -0.8529094837681273, "max_depth": 2.0, "num_boost_round": 17.0}, "datetime": {"datetime": "2024-01-19 01:07:15", "elapsed": 3338.52199, "delta": 0.004553}}
{"target": -13.758500726428625, "params": {"gamma": 441.0629951998344, "log10_alpha": -1.6100574437373956, "log10_colsample_bytree": -0.5100254078976486, "log10_eta": -3.6139715752973385, "log10_lambda": -4.292096717497427, "log10_min_child_weight": 2.731217514913344, "log10_subsample": -0.8529094837681273, "max_depth": 2.0, "num_boost_round": 18.0}, "datetime": {"datetime": "2024-01-19 01:07:15", "elapsed": 3338.526493, "delta": 0.004503}}
{"target": -13.758499467095717, "params": {"gamma": 441.0629951998344, "log10_alpha": -1.6100574437373956, "log10_colsample_bytree": -0.5100254078976486, "log10_eta": -3.6139715752973385, "log10_lambda": -4.292096717497427, "log10_min_child_weight": 2.731217514913344, "log10_subsample": -0.8529094837681273, "max_depth": 2.0, "num_boost_round": 19.0}, "datetime": {"datetime": "2024-01-19 01:07:15", "elapsed": 3338.531085, "delta": 0.004592}}
{"target": -13.758497999880044, "params": {"gamma": 441.0629951998344, "log10_alpha": -1.6100574437373956, "log10_colsample_bytree": -0.5100254078976486, "log10_eta": -3.6139715752973385, "log10_lambda": -4.292096717497427, "log10_min_child_weight": 2.731217514913344, "log10_subsample": -0.8529094837681273, "max_depth": 2.0, "num_boost_round": 20.0}, "datetime": {"datetime": "2024-01-19 01:07:15", "elapsed": 3338.535556, "delta": 0.004471}}
{"target": -13.758497357771557, "params": {"gamma": 441.0629951998344, "log10_alpha": -1.6100574437373956, "log10_colsample_bytree": -0.5100254078976486, "log10_eta": -3.6139715752973385, "log10_lambda": -4.292096717497427, "log10_min_child_weight": 2.731217514913344, "log10_subsample": -0.8529094837681273, "max_depth": 2.0, "num_boost_round": 21.0}, "datetime": {"datetime": "2024-01-19 01:07:15", "elapsed": 3338.540078, "delta": 0.004522}}
{"target": -13.758496796320259, "params": {"gamma": 441.0629951998344, "log10_alpha": -1.6100574437373956, "log10_colsample_bytree": -0.5100254078976486, "log10_eta": -3.6139715752973385, "log10_lambda": -4.292096717497427, "log10_min_child_weight": 2.731217514913344, "log10_subsample": -0.8529094837681273, "max_depth": 2.0, "num_boost_round": 22.0}, "datetime": {"datetime": "2024-01-19 01:07:15", "elapsed": 3338.544592, "delta": 0.004514}}
{"target": -13.758491868023139, "params": {"gamma": 441.0629951998344, "log10_alpha": -1.6100574437373956, "log10_colsample_bytree": -0.5100254078976486, "log10_eta": -3.6139715752973385, "log10_lambda": -4.292096717497427, "log10_min_child_weight": 2.731217514913344, "log10_subsample": -0.8529094837681273, "max_depth": 2.0, "num_boost_round": 23.0}, "datetime": {"datetime": "2024-01-19 01:07:15", "elapsed": 3338.549213, "delta": 0.004621}}
{"target": -13.758491735603146, "params": {"gamma": 441.0629951998344, "log10_alpha": -1.6100574437373956, "log10_colsample_bytree": -0.5100254078976486, "log10_eta": -3.6139715752973385, "log10_lambda": -4.292096717497427, "log10_min_child_weight": 2.731217514913344, "log10_subsample": -0.8529094837681273, "max_depth": 2.0, "num_boost_round": 24.0}, "datetime": {"datetime": "2024-01-19 01:07:15", "elapsed": 3338.553739, "delta": 0.004526}}
{"target": -13.758487788611665, "params": {"gamma": 441.0629951998344, "log10_alpha": -1.6100574437373956, "log10_colsample_bytree": -0.5100254078976486, "log10_eta": -3.6139715752973385, "log10_lambda": -4.292096717497427, "log10_min_child_weight": 2.731217514913344, "log10_subsample": -0.8529094837681273, "max_depth": 2.0, "num_boost_round": 25.0}, "datetime": {"datetime": "2024-01-19 01:07:15", "elapsed": 3338.56216, "delta": 0.008421}}
{"target": -13.758488684747595, "params": {"gamma": 441.0629951998344, "log10_alpha": -1.6100574437373956, "log10_colsample_bytree": -0.5100254078976486, "log10_eta": -3.6139715752973385, "log10_lambda": -4.292096717497427, "log10_min_child_weight": 2.731217514913344, "log10_subsample": -0.8529094837681273, "max_depth": 2.0, "num_boost_round": 26.0}, "datetime": {"datetime": "2024-01-19 01:07:15", "elapsed": 3338.566674, "delta": 0.004514}}
{"target": -13.75848500068929, "params": {"gamma": 441.0629951998344, "log10_alpha": -1.6100574437373956, "log10_colsample_bytree": -0.5100254078976486, "log10_eta": -3.6139715752973385, "log10_lambda": -4.292096717497427, "log10_min_child_weight": 2.731217514913344, "log10_subsample": -0.8529094837681273, "max_depth": 2.0, "num_boost_round": 27.0}, "datetime": {"datetime": "2024-01-19 01:07:15", "elapsed": 3338.571262, "delta": 0.004588}}
{"target": -13.758484568223254, "params": {"gamma": 441.0629951998344, "log10_alpha": -1.6100574437373956, "log10_colsample_bytree": -0.5100254078976486, "log10_eta": -3.6139715752973385, "log10_lambda": -4.292096717497427, "log10_min_child_weight": 2.731217514913344, "log10_subsample": -0.8529094837681273, "max_depth": 2.0, "num_boost_round": 28.0}, "datetime": {"datetime": "2024-01-19 01:07:15", "elapsed": 3338.576585, "delta": 0.005323}}
{"target": -13.758483364820883, "params": {"gamma": 441.0629951998344, "log10_alpha": -1.6100574437373956, "log10_colsample_bytree": -0.5100254078976486, "log10_eta": -3.6139715752973385, "log10_lambda": -4.292096717497427, "log10_min_child_weight": 2.731217514913344, "log10_subsample": -0.8529094837681273, "max_depth": 2.0, "num_boost_round": 29.0}, "datetime": {"datetime": "2024-01-19 01:07:15", "elapsed": 3338.581612, "delta": 0.005027}}
{"target": -13.758479947003122, "params": {"gamma": 441.0629951998344, "log10_alpha": -1.6100574437373956, "log10_colsample_bytree": -0.5100254078976486, "log10_eta": -3.6139715752973385, "log10_lambda": -4.292096717497427, "log10_min_child_weight": 2.731217514913344, "log10_subsample": -0.8529094837681273, "max_depth": 2.0, "num_boost_round": 30.0}, "datetime": {"datetime": "2024-01-19 01:07:15", "elapsed": 3338.586122, "delta": 0.00451}}
{"target": -13.758474063106338, "params": {"gamma": 441.0629951998344, "log10_alpha": -1.6100574437373956, "log10_colsample_bytree": -0.5100254078976486, "log10_eta": -3.6139715752973385, "log10_lambda": -4.292096717497427, "log10_min_child_weight": 2.731217514913344, "log10_subsample": -0.8529094837681273, "max_depth": 2.0, "num_boost_round": 31.0}, "datetime": {"datetime": "2024-01-19 01:07:15", "elapsed": 3338.590802, "delta": 0.00468}}
{"target": -13.758470126259482, "params": {"gamma": 441.0629951998344, "log10_alpha": -1.6100574437373956, "log10_colsample_bytree": -0.5100254078976486, "log10_eta": -3.6139715752973385, "log10_lambda": -4.292096717497427, "log10_min_child_weight": 2.731217514913344, "log10_subsample": -0.8529094837681273, "max_depth": 2.0, "num_boost_round": 32.0}, "datetime": {"datetime": "2024-01-19 01:07:15", "elapsed": 3338.595419, "delta": 0.004617}}
{"target": -13.758470560027918, "params": {"gamma": 441.0629951998344, "log10_alpha": -1.6100574437373956, "log10_colsample_bytree": -0.5100254078976486, "log10_eta": -3.6139715752973385, "log10_lambda": -4.292096717497427, "log10_min_child_weight": 2.731217514913344, "log10_subsample": -0.8529094837681273, "max_depth": 2.0, "num_boost_round": 33.0}, "datetime": {"datetime": "2024-01-19 01:07:15", "elapsed": 3338.600196, "delta": 0.004777}}
{"target": -13.758470098690372, "params": {"gamma": 441.0629951998344, "log10_alpha": -1.6100574437373956, "log10_colsample_bytree": -0.5100254078976486, "log10_eta": -3.6139715752973385, "log10_lambda": -4.292096717497427, "log10_min_child_weight": 2.731217514913344, "log10_subsample": -0.8529094837681273, "max_depth": 2.0, "num_boost_round": 34.0}, "datetime": {"datetime": "2024-01-19 01:07:15", "elapsed": 3338.604767, "delta": 0.004571}}
{"target": -13.758469843548927, "params": {"gamma": 441.0629951998344, "log10_alpha": -1.6100574437373956, "log10_colsample_bytree": -0.5100254078976486, "log10_eta": -3.6139715752973385, "log10_lambda": -4.292096717497427, "log10_min_child_weight": 2.731217514913344, "log10_subsample": -0.8529094837681273, "max_depth": 2.0, "num_boost_round": 35.0}, "datetime": {"datetime": "2024-01-19 01:07:15", "elapsed": 3338.609288, "delta": 0.004521}}
{"target": -13.758468570543904, "params": {"gamma": 441.0629951998344, "log10_alpha": -1.6100574437373956, "log10_colsample_bytree": -0.5100254078976486, "log10_eta": -3.6139715752973385, "log10_lambda": -4.292096717497427, "log10_min_child_weight": 2.731217514913344, "log10_subsample": -0.8529094837681273, "max_depth": 2.0, "num_boost_round": 36.0}, "datetime": {"datetime": "2024-01-19 01:07:15", "elapsed": 3338.613752, "delta": 0.004464}}
{"target": -13.758468104255073, "params": {"gamma": 441.0629951998344, "log10_alpha": -1.6100574437373956, "log10_colsample_bytree": -0.5100254078976486, "log10_eta": -3.6139715752973385, "log10_lambda": -4.292096717497427, "log10_min_child_weight": 2.731217514913344, "log10_subsample": -0.8529094837681273, "max_depth": 2.0, "num_boost_round": 37.0}, "datetime": {"datetime": "2024-01-19 01:07:15", "elapsed": 3338.618309, "delta": 0.004557}}
{"target": -13.758538291611284, "params": {"gamma": 423.5372141698851, "log10_alpha": -0.30374540627132696, "log10_colsample_bytree": -0.9567704434032276, "log10_eta": -3.3253804682949335, "log10_lambda": -3.879253282889101, "log10_min_child_weight": 4.599452419376664, "log10_subsample": -0.5210950519439707, "max_depth": 2.0, "num_boost_round": 0.0}, "datetime": {"datetime": "2024-01-19 01:08:48", "elapsed": 3431.588276, "delta": 92.969967}}
{"target": -13.758535800059331, "params": {"gamma": 423.5372141698851, "log10_alpha": -0.30374540627132696, "log10_colsample_bytree": -0.9567704434032276, "log10_eta": -3.3253804682949335, "log10_lambda": -3.879253282889101, "log10_min_child_weight": 4.599452419376664, "log10_subsample": -0.5210950519439707, "max_depth": 2.0, "num_boost_round": 1.0}, "datetime": {"datetime": "2024-01-19 01:08:48", "elapsed": 3431.593301, "delta": 0.005025}}
{"target": -13.758537300508074, "params": {"gamma": 423.5372141698851, "log10_alpha": -0.30374540627132696, "log10_colsample_bytree": -0.9567704434032276, "log10_eta": -3.3253804682949335, "log10_lambda": -3.879253282889101, "log10_min_child_weight": 4.599452419376664, "log10_subsample": -0.5210950519439707, "max_depth": 2.0, "num_boost_round": 2.0}, "datetime": {"datetime": "2024-01-19 01:08:48", "elapsed": 3431.598006, "delta": 0.004705}}
{"target": -13.758538224150843, "params": {"gamma": 423.5372141698851, "log10_alpha": -0.30374540627132696, "log10_colsample_bytree": -0.9567704434032276, "log10_eta": -3.3253804682949335, "log10_lambda": -3.879253282889101, "log10_min_child_weight": 4.599452419376664, "log10_subsample": -0.5210950519439707, "max_depth": 2.0, "num_boost_round": 3.0}, "datetime": {"datetime": "2024-01-19 01:08:48", "elapsed": 3431.602619, "delta": 0.004613}}
{"target": -13.758538550190975, "params": {"gamma": 423.5372141698851, "log10_alpha": -0.30374540627132696, "log10_colsample_bytree": -0.9567704434032276, "log10_eta": -3.3253804682949335, "log10_lambda": -3.879253282889101, "log10_min_child_weight": 4.599452419376664, "log10_subsample": -0.5210950519439707, "max_depth": 2.0, "num_boost_round": 4.0}, "datetime": {"datetime": "2024-01-19 01:08:48", "elapsed": 3431.607198, "delta": 0.004579}}
{"target": -13.758536213775617, "params": {"gamma": 423.5372141698851, "log10_alpha": -0.30374540627132696, "log10_colsample_bytree": -0.9567704434032276, "log10_eta": -3.3253804682949335, "log10_lambda": -3.879253282889101, "log10_min_child_weight": 4.599452419376664, "log10_subsample": -0.5210950519439707, "max_depth": 2.0, "num_boost_round": 5.0}, "datetime": {"datetime": "2024-01-19 01:08:48", "elapsed": 3431.611645, "delta": 0.004447}}
{"target": -13.758539024010203, "params": {"gamma": 423.5372141698851, "log10_alpha": -0.30374540627132696, "log10_colsample_bytree": -0.9567704434032276, "log10_eta": -3.3253804682949335, "log10_lambda": -3.879253282889101, "log10_min_child_weight": 4.599452419376664, "log10_subsample": -0.5210950519439707, "max_depth": 2.0, "num_boost_round": 6.0}, "datetime": {"datetime": "2024-01-19 01:08:48", "elapsed": 3431.616212, "delta": 0.004567}}
{"target": -13.758538523975382, "params": {"gamma": 423.5372141698851, "log10_alpha": -0.30374540627132696, "log10_colsample_bytree": -0.9567704434032276, "log10_eta": -3.3253804682949335, "log10_lambda": -3.879253282889101, "log10_min_child_weight": 4.599452419376664, "log10_subsample": -0.5210950519439707, "max_depth": 2.0, "num_boost_round": 7.0}, "datetime": {"datetime": "2024-01-19 01:08:48", "elapsed": 3431.620719, "delta": 0.004507}}
{"target": -13.758538725260516, "params": {"gamma": 423.5372141698851, "log10_alpha": -0.30374540627132696, "log10_colsample_bytree": -0.9567704434032276, "log10_eta": -3.3253804682949335, "log10_lambda": -3.879253282889101, "log10_min_child_weight": 4.599452419376664, "log10_subsample": -0.5210950519439707, "max_depth": 2.0, "num_boost_round": 8.0}, "datetime": {"datetime": "2024-01-19 01:08:48", "elapsed": 3431.625198, "delta": 0.004479}}
{"target": -13.758538081753093, "params": {"gamma": 423.5372141698851, "log10_alpha": -0.30374540627132696, "log10_colsample_bytree": -0.9567704434032276, "log10_eta": -3.3253804682949335, "log10_lambda": -3.879253282889101, "log10_min_child_weight": 4.599452419376664, "log10_subsample": -0.5210950519439707, "max_depth": 2.0, "num_boost_round": 9.0}, "datetime": {"datetime": "2024-01-19 01:08:48", "elapsed": 3431.629678, "delta": 0.00448}}
{"target": -13.758536341342829, "params": {"gamma": 423.5372141698851, "log10_alpha": -0.30374540627132696, "log10_colsample_bytree": -0.9567704434032276, "log10_eta": -3.3253804682949335, "log10_lambda": -3.879253282889101, "log10_min_child_weight": 4.599452419376664, "log10_subsample": -0.5210950519439707, "max_depth": 2.0, "num_boost_round": 10.0}, "datetime": {"datetime": "2024-01-19 01:08:48", "elapsed": 3431.634229, "delta": 0.004551}}
{"target": -13.7585341058334, "params": {"gamma": 423.5372141698851, "log10_alpha": -0.30374540627132696, "log10_colsample_bytree": -0.9567704434032276, "log10_eta": -3.3253804682949335, "log10_lambda": -3.879253282889101, "log10_min_child_weight": 4.599452419376664, "log10_subsample": -0.5210950519439707, "max_depth": 2.0, "num_boost_round": 11.0}, "datetime": {"datetime": "2024-01-19 01:08:48", "elapsed": 3431.63876, "delta": 0.004531}}
{"target": -13.758532398168263, "params": {"gamma": 423.5372141698851, "log10_alpha": -0.30374540627132696, "log10_colsample_bytree": -0.9567704434032276, "log10_eta": -3.3253804682949335, "log10_lambda": -3.879253282889101, "log10_min_child_weight": 4.599452419376664, "log10_subsample": -0.5210950519439707, "max_depth": 2.0, "num_boost_round": 12.0}, "datetime": {"datetime": "2024-01-19 01:08:48", "elapsed": 3431.643245, "delta": 0.004485}}
{"target": -13.758529438575433, "params": {"gamma": 423.5372141698851, "log10_alpha": -0.30374540627132696, "log10_colsample_bytree": -0.9567704434032276, "log10_eta": -3.3253804682949335, "log10_lambda": -3.879253282889101, "log10_min_child_weight": 4.599452419376664, "log10_subsample": -0.5210950519439707, "max_depth": 2.0, "num_boost_round": 13.0}, "datetime": {"datetime": "2024-01-19 01:08:48", "elapsed": 3431.64771, "delta": 0.004465}}
{"target": -13.758528966330076, "params": {"gamma": 423.5372141698851, "log10_alpha": -0.30374540627132696, "log10_colsample_bytree": -0.9567704434032276, "log10_eta": -3.3253804682949335, "log10_lambda": -3.879253282889101, "log10_min_child_weight": 4.599452419376664, "log10_subsample": -0.5210950519439707, "max_depth": 2.0, "num_boost_round": 14.0}, "datetime": {"datetime": "2024-01-19 01:08:48", "elapsed": 3431.652267, "delta": 0.004557}}
{"target": -13.75852628862566, "params": {"gamma": 423.5372141698851, "log10_alpha": -0.30374540627132696, "log10_colsample_bytree": -0.9567704434032276, "log10_eta": -3.3253804682949335, "log10_lambda": -3.879253282889101, "log10_min_child_weight": 4.599452419376664, "log10_subsample": -0.5210950519439707, "max_depth": 2.0, "num_boost_round": 15.0}, "datetime": {"datetime": "2024-01-19 01:08:48", "elapsed": 3431.656743, "delta": 0.004476}}
{"target": -13.758524592934316, "params": {"gamma": 423.5372141698851, "log10_alpha": -0.30374540627132696, "log10_colsample_bytree": -0.9567704434032276, "log10_eta": -3.3253804682949335, "log10_lambda": -3.879253282889101, "log10_min_child_weight": 4.599452419376664, "log10_subsample": -0.5210950519439707, "max_depth": 2.0, "num_boost_round": 16.0}, "datetime": {"datetime": "2024-01-19 01:08:48", "elapsed": 3431.661197, "delta": 0.004454}}
{"target": -13.758526069705772, "params": {"gamma": 423.5372141698851, "log10_alpha": -0.30374540627132696, "log10_colsample_bytree": -0.9567704434032276, "log10_eta": -3.3253804682949335, "log10_lambda": -3.879253282889101, "log10_min_child_weight": 4.599452419376664, "log10_subsample": -0.5210950519439707, "max_depth": 2.0, "num_boost_round": 17.0}, "datetime": {"datetime": "2024-01-19 01:08:48", "elapsed": 3431.665677, "delta": 0.00448}}
{"target": -13.758526593703568, "params": {"gamma": 423.5372141698851, "log10_alpha": -0.30374540627132696, "log10_colsample_bytree": -0.9567704434032276, "log10_eta": -3.3253804682949335, "log10_lambda": -3.879253282889101, "log10_min_child_weight": 4.599452419376664, "log10_subsample": -0.5210950519439707, "max_depth": 2.0, "num_boost_round": 18.0}, "datetime": {"datetime": "2024-01-19 01:08:48", "elapsed": 3431.670641, "delta": 0.004964}}
{"target": -13.758524415107916, "params": {"gamma": 423.5372141698851, "log10_alpha": -0.30374540627132696, "log10_colsample_bytree": -0.9567704434032276, "log10_eta": -3.3253804682949335, "log10_lambda": -3.879253282889101, "log10_min_child_weight": 4.599452419376664, "log10_subsample": -0.5210950519439707, "max_depth": 2.0, "num_boost_round": 19.0}, "datetime": {"datetime": "2024-01-19 01:08:48", "elapsed": 3431.675232, "delta": 0.004591}}
{"target": -13.75852587488304, "params": {"gamma": 423.5372141698851, "log10_alpha": -0.30374540627132696, "log10_colsample_bytree": -0.9567704434032276, "log10_eta": -3.3253804682949335, "log10_lambda": -3.879253282889101, "log10_min_child_weight": 4.599452419376664, "log10_subsample": -0.5210950519439707, "max_depth": 2.0, "num_boost_round": 20.0}, "datetime": {"datetime": "2024-01-19 01:08:48", "elapsed": 3431.679684, "delta": 0.004452}}
{"target": -13.758525658011315, "params": {"gamma": 423.5372141698851, "log10_alpha": -0.30374540627132696, "log10_colsample_bytree": -0.9567704434032276, "log10_eta": -3.3253804682949335, "log10_lambda": -3.879253282889101, "log10_min_child_weight": 4.599452419376664, "log10_subsample": -0.5210950519439707, "max_depth": 2.0, "num_boost_round": 21.0}, "datetime": {"datetime": "2024-01-19 01:08:48", "elapsed": 3431.684155, "delta": 0.004471}}
{"target": -13.758526495883624, "params": {"gamma": 423.5372141698851, "log10_alpha": -0.30374540627132696, "log10_colsample_bytree": -0.9567704434032276, "log10_eta": -3.3253804682949335, "log10_lambda": -3.879253282889101, "log10_min_child_weight": 4.599452419376664, "log10_subsample": -0.5210950519439707, "max_depth": 2.0, "num_boost_round": 22.0}, "datetime": {"datetime": "2024-01-19 01:08:48", "elapsed": 3431.688737, "delta": 0.004582}}
{"target": -13.758526032700274, "params": {"gamma": 423.5372141698851, "log10_alpha": -0.30374540627132696, "log10_colsample_bytree": -0.9567704434032276, "log10_eta": -3.3253804682949335, "log10_lambda": -3.879253282889101, "log10_min_child_weight": 4.599452419376664, "log10_subsample": -0.5210950519439707, "max_depth": 2.0, "num_boost_round": 23.0}, "datetime": {"datetime": "2024-01-19 01:08:48", "elapsed": 3431.693221, "delta": 0.004484}}
{"target": -13.758525514164761, "params": {"gamma": 423.5372141698851, "log10_alpha": -0.30374540627132696, "log10_colsample_bytree": -0.9567704434032276, "log10_eta": -3.3253804682949335, "log10_lambda": -3.879253282889101, "log10_min_child_weight": 4.599452419376664, "log10_subsample": -0.5210950519439707, "max_depth": 2.0, "num_boost_round": 24.0}, "datetime": {"datetime": "2024-01-19 01:08:48", "elapsed": 3431.697708, "delta": 0.004487}}
{"target": -13.75852503858444, "params": {"gamma": 423.5372141698851, "log10_alpha": -0.30374540627132696, "log10_colsample_bytree": -0.9567704434032276, "log10_eta": -3.3253804682949335, "log10_lambda": -3.879253282889101, "log10_min_child_weight": 4.599452419376664, "log10_subsample": -0.5210950519439707, "max_depth": 2.0, "num_boost_round": 25.0}, "datetime": {"datetime": "2024-01-19 01:08:48", "elapsed": 3431.702189, "delta": 0.004481}}
{"target": -13.7585237657001, "params": {"gamma": 423.5372141698851, "log10_alpha": -0.30374540627132696, "log10_colsample_bytree": -0.9567704434032276, "log10_eta": -3.3253804682949335, "log10_lambda": -3.879253282889101, "log10_min_child_weight": 4.599452419376664, "log10_subsample": -0.5210950519439707, "max_depth": 2.0, "num_boost_round": 26.0}, "datetime": {"datetime": "2024-01-19 01:08:48", "elapsed": 3431.706755, "delta": 0.004566}}
