{"target": -17.676832732307684, "params": {"gamma": 875.5550534808876, "log10_alpha": -0.20064041429916024, "log10_colsample_bytree": -0.7156196026296665, "log10_eta": -0.46197653620806145, "log10_lambda": -1.8303436874106551, "log10_min_child_weight": 0.8412759187823182, "log10_subsample": -0.9872764502224928, "max_depth": 2.0, "num_boost_round": 3.0}, "datetime": {"datetime": "2024-01-19 00:13:10", "elapsed": 71.359459, "delta": 0.000353}}
{"target": -17.681164171941347, "params": {"gamma": 875.5550534808876, "log10_alpha": -0.20064041429916024, "log10_colsample_bytree": -0.7156196026296665, "log10_eta": -0.46197653620806145, "log10_lambda": -1.8303436874106551, "log10_min_child_weight": 0.8412759187823182, "log10_subsample": -0.9872764502224928, "max_depth": 2.0, "num_boost_round": 4.0}, "datetime": {"datetime": "2024-01-19 00:13:10", "elapsed": 71.359816, "delta": 0.000357}}
{"target": -17.68928265824112, "params": {"gamma": 875.5550534808876, "log10_alpha": -0.20064041429916024, "log10_colsample_bytree": -0.7156196026296665, "log10_eta": -0.46197653620806145, "log10_lambda": -1.8303436874106551, "log10_min_child_weight": 0.8412759187823182, "log10_subsample": -0.9872764502224928, "max_depth": 2.0, "num_boost_round": 5.0}, "datetime": {"datetime": "2024-01-19 00:13:10", "elapsed": 71.360161, "delta": 0.000345}}
{"target": -17.696548187318538, "params": {"gamma": 875.5550534808876, "log10_alpha": -0.20064041429916024, "log10_colsample_bytree": -0.7156196026296665, "log10_eta": -0.46197653620806145, "log10_lambda": -1.8303436874106551, "log10_min_child_weight": 0.8412759187823182, "log10_subsample": -0.9872764502224928, "max_depth": 2.0, "num_boost_round": 6.0}, "datetime": {"datetime": "2024-01-19 00:13:10", "elapsed": 71.360512, "delta": 0.000351}}
{"target": -17.73408947673964, "params": {"gamma": 875.5550534808876, "log10_alpha": -0.20064041429916024, "log10_colsample_bytree": -0.7156196026296665, "log10_eta": -0.46197653620806145, "log10_lambda": -1.8303436874106551, "log10_min_child_weight": 0.8412759187823182, "log10_subsample": -0.9872764502224928, "max_depth": 2.0, "num_boost_round": 7.0}, "datetime": {"datetime": "2024-01-19 00:13:10", "elapsed": 71.361062, "delta": 0.00055}}
{"target": -17.74811091998295, "params": {"gamma": 875.5550534808876, "log10_alpha": -0.20064041429916024, "log10_colsample_bytree": -0.7156196026296665, "log10_eta": -0.46197653620806145, "log10_lambda": -1.8303436874106551, "log10_min_child_weight": 0.8412759187823182, "log10_subsample": -0.9872764502224928, "max_depth": 2.0, "num_boost_round": 8.0}, "datetime": {"datetime": "2024-01-19 00:13:10", "elapsed": 71.361417, "delta": 0.000355}}
{"target": -17.750833501200486, "params": {"gamma": 875.5550534808876, "log10_alpha": -0.20064041429916024, "log10_colsample_bytree": -0.7156196026296665, "log10_eta": -0.46197653620806145, "log10_lambda": -1.8303436874106551, "log10_min_child_weight": 0.8412759187823182, "log10_subsample": -0.9872764502224928, "max_depth": 2.0, "num_boost_round": 9.0}, "datetime": {"datetime": "2024-01-19 00:13:10", "elapsed": 71.361776, "delta": 0.000359}}
{"target": -17.760490175496475, "params": {"gamma": 875.5550534808876, "log10_alpha": -0.20064041429916024, "log10_colsample_bytree": -0.7156196026296665, "log10_eta": -0.46197653620806145, "log10_lambda": -1.8303436874106551, "log10_min_child_weight": 0.8412759187823182, "log10_subsample": -0.9872764502224928, "max_depth": 2.0, "num_boost_round": 10.0}, "datetime": {"datetime": "2024-01-19 00:13:10", "elapsed": 71.362128, "delta": 0.000352}}
{"target": -17.759259459461646, "params": {"gamma": 875.5550534808876, "log10_alpha": -0.20064041429916024, "log10_colsample_bytree": -0.7156196026296665, "log10_eta": -0.46197653620806145, "log10_lambda": -1.8303436874106551, "log10_min_child_weight": 0.8412759187823182, "log10_subsample": -0.9872764502224928, "max_depth": 2.0, "num_boost_round": 11.0}, "datetime": {"datetime": "2024-01-19 00:13:10", "elapsed": 71.362498, "delta": 0.00037}}
{"target": -17.757326228485194, "params": {"gamma": 875.5550534808876, "log10_alpha": -0.20064041429916024, "log10_colsample_bytree": -0.7156196026296665, "log10_eta": -0.46197653620806145, "log10_lambda": -1.8303436874106551, "log10_min_child_weight": 0.8412759187823182, "log10_subsample": -0.9872764502224928, "max_depth": 2.0, "num_boost_round": 12.0}, "datetime": {"datetime": "2024-01-19 00:13:10", "elapsed": 71.362865, "delta": 0.000367}}
{"target": -17.765405367891105, "params": {"gamma": 875.5550534808876, "log10_alpha": -0.20064041429916024, "log10_colsample_bytree": -0.7156196026296665, "log10_eta": -0.46197653620806145, "log10_lambda": -1.8303436874106551, "log10_min_child_weight": 0.8412759187823182, "log10_subsample": -0.9872764502224928, "max_depth": 2.0, "num_boost_round": 13.0}, "datetime": {"datetime": "2024-01-19 00:13:10", "elapsed": 71.363226, "delta": 0.000361}}
{"target": -17.763399277968645, "params": {"gamma": 875.5550534808876, "log10_alpha": -0.20064041429916024, "log10_colsample_bytree": -0.7156196026296665, "log10_eta": -0.46197653620806145, "log10_lambda": -1.8303436874106551, "log10_min_child_weight": 0.8412759187823182, "log10_subsample": -0.9872764502224928, "max_depth": 2.0, "num_boost_round": 14.0}, "datetime": {"datetime": "2024-01-19 00:13:10", "elapsed": 71.363593, "delta": 0.000367}}
{"target": -17.767407096458633, "params": {"gamma": 875.5550534808876, "log10_alpha": -0.20064041429916024, "log10_colsample_bytree": -0.7156196026296665, "log10_eta": -0.46197653620806145, "log10_lambda": -1.8303436874106551, "log10_min_child_weight": 0.8412759187823182, "log10_subsample": -0.9872764502224928, "max_depth": 2.0, "num_boost_round": 15.0}, "datetime": {"datetime": "2024-01-19 00:13:10", "elapsed": 71.36396, "delta": 0.000367}}
{"target": -17.7672622595207, "params": {"gamma": 875.5550534808876, "log10_alpha": -0.20064041429916024, "log10_colsample_bytree": -0.7156196026296665, "log10_eta": -0.46197653620806145, "log10_lambda": -1.8303436874106551, "log10_min_child_weight": 0.8412759187823182, "log10_subsample": -0.9872764502224928, "max_depth": 2.0, "num_boost_round": 16.0}, "datetime": {"datetime": "2024-01-19 00:13:10", "elapsed": 71.364317, "delta": 0.000357}}
{"target": -17.779975226873898, "params": {"gamma": 875.5550534808876, "log10_alpha": -0.20064041429916024, "log10_colsample_bytree": -0.7156196026296665, "log10_eta": -0.46197653620806145, "log10_lambda": -1.8303436874106551, "log10_min_child_weight": 0.8412759187823182, "log10_subsample": -0.9872764502224928, "max_depth": 2.0, "num_boost_round": 17.0}, "datetime": {"datetime": "2024-01-19 00:13:10", "elapsed": 71.364682, "delta": 0.000365}}
{"target": -17.786771338387634, "params": {"gamma": 875.5550534808876, "log10_alpha": -0.20064041429916024, "log10_colsample_bytree": -0.7156196026296665, "log10_eta": -0.46197653620806145, "log10_lambda": -1.8303436874106551, "log10_min_child_weight": 0.8412759187823182, "log10_subsample": -0.9872764502224928, "max_depth": 2.0, "num_boost_round": 18.0}, "datetime": {"datetime": "2024-01-19 00:13:10", "elapsed": 71.365051, "delta": 0.000369}}
{"target": -17.78262556455396, "params": {"gamma": 875.5550534808876, "log10_alpha": -0.20064041429916024, "log10_colsample_bytree": -0.7156196026296665, "log10_eta": -0.46197653620806145, "log10_lambda": -1.8303436874106551, "log10_min_child_weight": 0.8412759187823182, "log10_subsample": -0.9872764502224928, "max_depth": 2.0, "num_boost_round": 19.0}, "datetime": {"datetime": "2024-01-19 00:13:10", "elapsed": 71.365484, "delta": 0.000433}}
{"target": -17.785059899246473, "params": {"gamma": 875.5550534808876, "log10_alpha": -0.20064041429916024, "log10_colsample_bytree": -0.7156196026296665, "log10_eta": -0.46197653620806145, "log10_lambda": -1.8303436874106551, "log10_min_child_weight": 0.8412759187823182, "log10_subsample": -0.9872764502224928, "max_depth": 2.0, "num_boost_round": 20.0}, "datetime": {"datetime": "2024-01-19 00:13:10", "elapsed": 71.365877, "delta": 0.000393}}
{"target": -17.788114957482037, "params": {"gamma": 875.5550534808876, "log10_alpha": -0.20064041429916024, "log10_colsample_bytree": -0.7156196026296665, "log10_eta": -0.46197653620806145, "log10_lambda": -1.8303436874106551, "log10_min_child_weight": 0.8412759187823182, "log10_subsample": -0.9872764502224928, "max_depth": 2.0, "num_boost_round": 21.0}, "datetime": {"datetime": "2024-01-19 00:13:10", "elapsed": 71.366243, "delta": 0.000366}}
{"target": -17.79054454923295, "params": {"gamma": 875.5550534808876, "log10_alpha": -0.20064041429916024, "log10_colsample_bytree": -0.7156196026296665, "log10_eta": -0.46197653620806145, "log10_lambda": -1.8303436874106551, "log10_min_child_weight": 0.8412759187823182, "log10_subsample": -0.9872764502224928, "max_depth": 2.0, "num_boost_round": 22.0}, "datetime": {"datetime": "2024-01-19 00:13:10", "elapsed": 71.366614, "delta": 0.000371}}
{"target": -17.84245225828696, "params": {"gamma": 875.5550534808876, "log10_alpha": -0.20064041429916024, "log10_colsample_bytree": -0.7156196026296665, "log10_eta": -0.46197653620806145, "log10_lambda": -1.8303436874106551, "log10_min_child_weight": 0.8412759187823182, "log10_subsample": -0.9872764502224928, "max_depth": 2.0, "num_boost_round": 23.0}, "datetime": {"datetime": "2024-01-19 00:13:10", "elapsed": 71.366982, "delta": 0.000368}}
{"target": -17.8505794538673, "params": {"gamma": 875.5550534808876, "log10_alpha": -0.20064041429916024, "log10_colsample_bytree": -0.7156196026296665, "log10_eta": -0.46197653620806145, "log10_lambda": -1.8303436874106551, "log10_min_child_weight": 0.8412759187823182, "log10_subsample": -0.9872764502224928, "max_depth": 2.0, "num_boost_round": 24.0}, "datetime": {"datetime": "2024-01-19 00:13:10", "elapsed": 71.367345, "delta": 0.000363}}
{"target": -17.851884720332105, "params": {"gamma": 875.5550534808876, "log10_alpha": -0.20064041429916024, "log10_colsample_bytree": -0.7156196026296665, "log10_eta": -0.46197653620806145, "log10_lambda": -1.8303436874106551, "log10_min_child_weight": 0.8412759187823182, "log10_subsample": -0.9872764502224928, "max_depth": 2.0, "num_boost_round": 25.0}, "datetime": {"datetime": "2024-01-19 00:13:10", "elapsed": 71.367714, "delta": 0.000369}}
{"target": -17.851820222208516, "params": {"gamma": 875.5550534808876, "log10_alpha": -0.20064041429916024, "log10_colsample_bytree": -0.7156196026296665, "log10_eta": -0.46197653620806145, "log10_lambda": -1.8303436874106551, "log10_min_child_weight": 0.8412759187823182, "log10_subsample": -0.9872764502224928, "max_depth": 2.0, "num_boost_round": 26.0}, "datetime": {"datetime": "2024-01-19 00:13:10", "elapsed": 71.368085, "delta": 0.000371}}
{"target": -17.866249943398582, "params": {"gamma": 875.5550534808876, "log10_alpha": -0.20064041429916024, "log10_colsample_bytree": -0.7156196026296665, "log10_eta": -0.46197653620806145, "log10_lambda": -1.8303436874106551, "log10_min_child_weight": 0.8412759187823182, "log10_subsample": -0.9872764502224928, "max_depth": 2.0, "num_boost_round": 27.0}, "datetime": {"datetime": "2024-01-19 00:13:10", "elapsed": 71.368456, "delta": 0.000371}}
{"target": -17.864276966421343, "params": {"gamma": 875.5550534808876, "log10_alpha": -0.20064041429916024, "log10_colsample_bytree": -0.7156196026296665, "log10_eta": -0.46197653620806145, "log10_lambda": -1.8303436874106551, "log10_min_child_weight": 0.8412759187823182, "log10_subsample": -0.9872764502224928, "max_depth": 2.0, "num_boost_round": 28.0}, "datetime": {"datetime": "2024-01-19 00:13:10", "elapsed": 71.368839, "delta": 0.000383}}
{"target": -17.86517120063927, "params": {"gamma": 875.5550534808876, "log10_alpha": -0.20064041429916024, "log10_colsample_bytree": -0.7156196026296665, "log10_eta": -0.46197653620806145, "log10_lambda": -1.8303436874106551, "log10_min_child_weight": 0.8412759187823182, "log10_subsample": -0.9872764502224928, "max_depth": 2.0, "num_boost_round": 29.0}, "datetime": {"datetime": "2024-01-19 00:13:10", "elapsed": 71.369213, "delta": 0.000374}}
{"target": -17.863867352577135, "params": {"gamma": 875.5550534808876, "log10_alpha": -0.20064041429916024, "log10_colsample_bytree": -0.7156196026296665, "log10_eta": -0.46197653620806145, "log10_lambda": -1.8303436874106551, "log10_min_child_weight": 0.8412759187823182, "log10_subsample": -0.9872764502224928, "max_depth": 2.0, "num_boost_round": 30.0}, "datetime": {"datetime": "2024-01-19 00:13:10", "elapsed": 71.369606, "delta": 0.000393}}
{"target": -17.6768188586563, "params": {"gamma": 875.3574893922453, "log10_alpha": 0.459077434209493, "log10_colsample_bytree": -0.21755749774227628, "log10_eta": -2.031200638497037, "log10_lambda": -0.4378148891402178, "log10_min_child_weight": 1.656693882896601, "log10_subsample": -0.10837679364391328, "max_depth": 9.0, "num_boost_round": 0.0}, "datetime": {"datetime": "2024-01-19 00:13:32", "elapsed": 93.248108, "delta": 21.878502}}
{"target": -17.676584658062342, "params": {"gamma": 875.3574893922453, "log10_alpha": 0.459077434209493, "log10_colsample_bytree": -0.21755749774227628, "log10_eta": -2.031200638497037, "log10_lambda": -0.4378148891402178, "log10_min_child_weight": 1.656693882896601, "log10_subsample": -0.10837679364391328, "max_depth": 9.0, "num_boost_round": 1.0}, "datetime": {"datetime": "2024-01-19 00:13:32", "elapsed": 93.250056, "delta": 0.001948}}
{"target": -17.67670946105073, "params": {"gamma": 875.3574893922453, "log10_alpha": 0.459077434209493, "log10_colsample_bytree": -0.21755749774227628, "log10_eta": -2.031200638497037, "log10_lambda": -0.4378148891402178, "log10_min_child_weight": 1.656693882896601, "log10_subsample": -0.10837679364391328, "max_depth": 9.0, "num_boost_round": 2.0}, "datetime": {"datetime": "2024-01-19 00:13:32", "elapsed": 93.250548, "delta": 0.000492}}
{"target": -17.676621235033892, "params": {"gamma": 875.3574893922453, "log10_alpha": 0.459077434209493, "log10_colsample_bytree": -0.21755749774227628, "log10_eta": -2.031200638497037, "log10_lambda": -0.4378148891402178, "log10_min_child_weight": 1.656693882896601, "log10_subsample": -0.10837679364391328, "max_depth": 9.0, "num_boost_round": 3.0}, "datetime": {"datetime": "2024-01-19 00:13:32", "elapsed": 93.251586, "delta": 0.001038}}
{"target": -17.677159282872612, "params": {"gamma": 875.3574893922453, "log10_alpha": 0.459077434209493, "log10_colsample_bytree": -0.21755749774227628, "log10_eta": -2.031200638497037, "log10_lambda": -0.4378148891402178, "log10_min_child_weight": 1.656693882896601, "log10_subsample": -0.10837679364391328, "max_depth": 9.0, "num_boost_round": 4.0}, "datetime": {"datetime": "2024-01-19 00:13:32", "elapsed": 93.252047, "delta": 0.000461}}
{"target": -17.676435512973065, "params": {"gamma": 875.3574893922453, "log10_alpha": 0.459077434209493, "log10_colsample_bytree": -0.21755749774227628, "log10_eta": -2.031200638497037, "log10_lambda": -0.4378148891402178, "log10_min_child_weight": 1.656693882896601, "log10_subsample": -0.10837679364391328, "max_depth": 9.0, "num_boost_round": 5.0}, "datetime": {"datetime": "2024-01-19 00:13:32", "elapsed": 93.252451, "delta": 0.000404}}
{"target": -17.67628655108205, "params": {"gamma": 875.3574893922453, "log10_alpha": 0.459077434209493, "log10_colsample_bytree": -0.21755749774227628, "log10_eta": -2.031200638497037, "log10_lambda": -0.4378148891402178, "log10_min_child_weight": 1.656693882896601, "log10_subsample": -0.10837679364391328, "max_depth": 9.0, "num_boost_round": 6.0}, "datetime": {"datetime": "2024-01-19 00:13:32", "elapsed": 93.252857, "delta": 0.000406}}
{"target": -17.675959711364015, "params": {"gamma": 875.3574893922453, "log10_alpha": 0.459077434209493, "log10_colsample_bytree": -0.21755749774227628, "log10_eta": -2.031200638497037, "log10_lambda": -0.4378148891402178, "log10_min_child_weight": 1.656693882896601, "log10_subsample": -0.10837679364391328, "max_depth": 9.0, "num_boost_round": 7.0}, "datetime": {"datetime": "2024-01-19 00:13:32", "elapsed": 93.253249, "delta": 0.000392}}
{"target": -17.675862994316365, "params": {"gamma": 875.3574893922453, "log10_alpha": 0.459077434209493, "log10_colsample_bytree": -0.21755749774227628, "log10_eta": -2.031200638497037, "log10_lambda": -0.4378148891402178, "log10_min_child_weight": 1.656693882896601, "log10_subsample": -0.10837679364391328, "max_depth": 9.0, "num_boost_round": 8.0}, "datetime": {"datetime": "2024-01-19 00:13:32", "elapsed": 93.25377, "delta": 0.000521}}
{"target": -17.6754797089731, "params": {"gamma": 875.3574893922453, "log10_alpha": 0.459077434209493, "log10_colsample_bytree": -0.21755749774227628, "log10_eta": -2.031200638497037, "log10_lambda": -0.4378148891402178, "log10_min_child_weight": 1.656693882896601, "log10_subsample": -0.10837679364391328, "max_depth": 9.0, "num_boost_round": 9.0}, "datetime": {"datetime": "2024-01-19 00:13:32", "elapsed": 93.254168, "delta": 0.000398}}
{"target": -17.677230371387274, "params": {"gamma": 872.7601576395272, "log10_alpha": -1.1663197824179727, "log10_colsample_bytree": -0.6898112475654633, "log10_eta": -3.7345726193040356, "log10_lambda": -1.402934935679212, "log10_min_child_weight": 4.751848114046728, "log10_subsample": -0.09622641209602034, "max_depth": 9.0, "num_boost_round": 0.0}, "datetime": {"datetime": "2024-01-19 00:13:56", "elapsed": 117.213189, "delta": 23.959021}}
{"target": -17.677228063240083, "params": {"gamma": 872.7601576395272, "log10_alpha": -1.1663197824179727, "log10_colsample_bytree": -0.6898112475654633, "log10_eta": -3.7345726193040356, "log10_lambda": -1.402934935679212, "log10_min_child_weight": 4.751848114046728, "log10_subsample": -0.09622641209602034, "max_depth": 9.0, "num_boost_round": 1.0}, "datetime": {"datetime": "2024-01-19 00:13:56", "elapsed": 117.21705, "delta": 0.003861}}
{"target": -17.677227199427854, "params": {"gamma": 872.7601576395272, "log10_alpha": -1.1663197824179727, "log10_colsample_bytree": -0.6898112475654633, "log10_eta": -3.7345726193040356, "log10_lambda": -1.402934935679212, "log10_min_child_weight": 4.751848114046728, "log10_subsample": -0.09622641209602034, "max_depth": 9.0, "num_boost_round": 2.0}, "datetime": {"datetime": "2024-01-19 00:13:56", "elapsed": 117.217532, "delta": 0.000482}}
{"target": -17.677224731887122, "params": {"gamma": 872.7601576395272, "log10_alpha": -1.1663197824179727, "log10_colsample_bytree": -0.6898112475654633, "log10_eta": -3.7345726193040356, "log10_lambda": -1.402934935679212, "log10_min_child_weight": 4.751848114046728, "log10_subsample": -0.09622641209602034, "max_depth": 9.0, "num_boost_round": 3.0}, "datetime": {"datetime": "2024-01-19 00:13:56", "elapsed": 117.217949, "delta": 0.000417}}
{"target": -17.677222576381688, "params": {"gamma": 872.7601576395272, "log10_alpha": -1.1663197824179727, "log10_colsample_bytree": -0.6898112475654633, "log10_eta": -3.7345726193040356, "log10_lambda": -1.402934935679212, "log10_min_child_weight": 4.751848114046728, "log10_subsample": -0.09622641209602034, "max_depth": 9.0, "num_boost_round": 4.0}, "datetime": {"datetime": "2024-01-19 00:13:56", "elapsed": 117.218371, "delta": 0.000422}}
{"target": -17.67722105724769, "params": {"gamma": 872.7601576395272, "log10_alpha": -1.1663197824179727, "log10_colsample_bytree": -0.6898112475654633, "log10_eta": -3.7345726193040356, "log10_lambda": -1.402934935679212, "log10_min_child_weight": 4.751848114046728, "log10_subsample": -0.09622641209602034, "max_depth": 9.0, "num_boost_round": 5.0}, "datetime": {"datetime": "2024-01-19 00:13:56", "elapsed": 117.218921, "delta": 0.00055}}
{"target": -17.67722142025646, "params": {"gamma": 872.7601576395272, "log10_alpha": -1.1663197824179727, "log10_colsample_bytree": -0.6898112475654633, "log10_eta": -3.7345726193040356, "log10_lambda": -1.402934935679212, "log10_min_child_weight": 4.751848114046728, "log10_subsample": -0.09622641209602034, "max_depth": 9.0, "num_boost_round": 6.0}, "datetime": {"datetime": "2024-01-19 00:13:56", "elapsed": 117.219915, "delta": 0.000994}}
{"target": -17.677221442223804, "params": {"gamma": 872.7601576395272, "log10_alpha": -1.1663197824179727, "log10_colsample_bytree": -0.6898112475654633, "log10_eta": -3.7345726193040356, "log10_lambda": -1.402934935679212, "log10_min_child_weight": 4.751848114046728, "log10_subsample": -0.09622641209602034, "max_depth": 9.0, "num_boost_round": 7.0}, "datetime": {"datetime": "2024-01-19 00:13:56", "elapsed": 117.220796, "delta": 0.000881}}
{"target": -17.677219813905204, "params": {"gamma": 872.7601576395272, "log10_alpha": -1.1663197824179727, "log10_colsample_bytree": -0.6898112475654633, "log10_eta": -3.7345726193040356, "log10_lambda": -1.402934935679212, "log10_min_child_weight": 4.751848114046728, "log10_subsample": -0.09622641209602034, "max_depth": 9.0, "num_boost_round": 8.0}, "datetime": {"datetime": "2024-01-19 00:13:56", "elapsed": 117.221302, "delta": 0.000506}}
{"target": -17.677219134301822, "params": {"gamma": 872.7601576395272, "log10_alpha": -1.1663197824179727, "log10_colsample_bytree": -0.6898112475654633, "log10_eta": -3.7345726193040356, "log10_lambda": -1.402934935679212, "log10_min_child_weight": 4.751848114046728, "log10_subsample": -0.09622641209602034, "max_depth": 9.0, "num_boost_round": 9.0}, "datetime": {"datetime": "2024-01-19 00:13:56", "elapsed": 117.221887, "delta": 0.000585}}
{"target": -17.677217820439566, "params": {"gamma": 872.7601576395272, "log10_alpha": -1.1663197824179727, "log10_colsample_bytree": -0.6898112475654633, "log10_eta": -3.7345726193040356, "log10_lambda": -1.402934935679212, "log10_min_child_weight": 4.751848114046728, "log10_subsample": -0.09622641209602034, "max_depth": 9.0, "num_boost_round": 10.0}, "datetime": {"datetime": "2024-01-19 00:13:56", "elapsed": 117.222431, "delta": 0.000544}}
