{"target": -13.758535540587399, "params": {"gamma": 581.4318063390082, "log10_alpha": -5.0, "log10_colsample_bytree": -1.0, "log10_eta": -4.0, "log10_lambda": 1.0, "log10_min_child_weight": 1.9785000434855478, "log10_subsample": 0.0, "max_depth": 10.0, "num_boost_round": 1.0}, "datetime": {"datetime": "2024-01-19 00:53:17", "elapsed": 2449.712791, "delta": 0.020144}}
{"target": -13.758536859248535, "params": {"gamma": 581.4318063390082, "log10_alpha": -5.0, "log10_colsample_bytree": -1.0, "log10_eta": -4.0, "log10_lambda": 1.0, "log10_min_child_weight": 1.9785000434855478, "log10_subsample": 0.0, "max_depth": 10.0, "num_boost_round": 2.0}, "datetime": {"datetime": "2024-01-19 00:53:17", "elapsed": 2449.71594, "delta": 0.003149}}
{"target": -13.758535162972548, "params": {"gamma": 581.4318063390082, "log10_alpha": -5.0, "log10_colsample_bytree": -1.0, "log10_eta": -4.0, "log10_lambda": 1.0, "log10_min_child_weight": 1.9785000434855478, "log10_subsample": 0.0, "max_depth": 10.0, "num_boost_round": 3.0}, "datetime": {"datetime": "2024-01-19 00:53:17", "elapsed": 2449.719229, "delta": 0.003289}}
{"target": -13.75852794282988, "params": {"gamma": 581.4318063390082, "log10_alpha": -5.0, "log10_colsample_bytree": -1.0, "log10_eta": -4.0, "log10_lambda": 1.0, "log10_min_child_weight": 1.9785000434855478, "log10_subsample": 0.0, "max_depth": 10.0, "num_boost_round": 4.0}, "datetime": {"datetime": "2024-01-19 00:53:17", "elapsed": 2449.722511, "delta": 0.003282}}
{"target": -13.758527033163725, "params": {"gamma": 581.4318063390082, "log10_alpha": -5.0, "log10_colsample_bytree": -1.0, "log10_eta": -4.0, "log10_lambda": 1.0, "log10_min_child_weight": 1.9785000434855478, "log10_subsample": 0.0, "max_depth": 10.0, "num_boost_round": 5.0}, "datetime": {"datetime": "2024-01-19 00:53:17", "elapsed": 2449.725432, "delta": 0.002921}}
{"target": -13.758525799284751, "params": {"gamma": 581.4318063390082, "log10_alpha": -5.0, "log10_colsample_bytree": -1.0, "log10_eta": -4.0, "log10_lambda": 1.0, "log10_min_child_weight": 1.9785000434855478, "log10_subsample": 0.0, "max_depth": 10.0, "num_boost_round": 6.0}, "datetime": {"datetime": "2024-01-19 00:53:17", "elapsed": 2449.72837, "delta": 0.002938}}
{"target": -13.75852399056146, "params": {"gamma": 581.4318063390082, "log10_alpha": -5.0, "log10_colsample_bytree": -1.0, "log10_eta": -4.0, "log10_lambda": 1.0, "log10_min_child_weight": 1.9785000434855478, "log10_subsample": 0.0, "max_depth": 10.0, "num_boost_round": 7.0}, "datetime": {"datetime": "2024-01-19 00:53:17", "elapsed": 2449.731299, "delta": 0.002929}}
{"target": -13.75852360773834, "params": {"gamma": 581.4318063390082, "log10_alpha": -5.0, "log10_colsample_bytree": -1.0, "log10_eta": -4.0, "log10_lambda": 1.0, "log10_min_child_weight": 1.9785000434855478, "log10_subsample": 0.0, "max_depth": 10.0, "num_boost_round": 8.0}, "datetime": {"datetime": "2024-01-19 00:53:17", "elapsed": 2449.734386, "delta": 0.003087}}
{"target": -13.758522751921218, "params": {"gamma": 581.4318063390082, "log10_alpha": -5.0, "log10_colsample_bytree": -1.0, "log10_eta": -4.0, "log10_lambda": 1.0, "log10_min_child_weight": 1.9785000434855478, "log10_subsample": 0.0, "max_depth": 10.0, "num_boost_round": 9.0}, "datetime": {"datetime": "2024-01-19 00:53:17", "elapsed": 2449.758599, "delta": 0.024213}}
{"target": -13.758519725748503, "params": {"gamma": 581.4318063390082, "log10_alpha": -5.0, "log10_colsample_bytree": -1.0, "log10_eta": -4.0, "log10_lambda": 1.0, "log10_min_child_weight": 1.9785000434855478, "log10_subsample": 0.0, "max_depth": 10.0, "num_boost_round": 10.0}, "datetime": {"datetime": "2024-01-19 00:53:17", "elapsed": 2449.761505, "delta": 0.002906}}
{"target": -13.758522062793592, "params": {"gamma": 581.4318063390082, "log10_alpha": -5.0, "log10_colsample_bytree": -1.0, "log10_eta": -4.0, "log10_lambda": 1.0, "log10_min_child_weight": 1.9785000434855478, "log10_subsample": 0.0, "max_depth": 10.0, "num_boost_round": 11.0}, "datetime": {"datetime": "2024-01-19 00:53:17", "elapsed": 2449.764433, "delta": 0.002928}}
{"target": -13.758518998862643, "params": {"gamma": 581.4318063390082, "log10_alpha": -5.0, "log10_colsample_bytree": -1.0, "log10_eta": -4.0, "log10_lambda": 1.0, "log10_min_child_weight": 1.9785000434855478, "log10_subsample": 0.0, "max_depth": 10.0, "num_boost_round": 12.0}, "datetime": {"datetime": "2024-01-19 00:53:17", "elapsed": 2449.767311, "delta": 0.002878}}
{"target": -13.75851653697417, "params": {"gamma": 581.4318063390082, "log10_alpha": -5.0, "log10_colsample_bytree": -1.0, "log10_eta": -4.0, "log10_lambda": 1.0, "log10_min_child_weight": 1.9785000434855478, "log10_subsample": 0.0, "max_depth": 10.0, "num_boost_round": 13.0}, "datetime": {"datetime": "2024-01-19 00:53:17", "elapsed": 2449.770195, "delta": 0.002884}}
{"target": -13.758510042960324, "params": {"gamma": 581.4318063390082, "log10_alpha": -5.0, "log10_colsample_bytree": -1.0, "log10_eta": -4.0, "log10_lambda": 1.0, "log10_min_child_weight": 1.9785000434855478, "log10_subsample": 0.0, "max_depth": 10.0, "num_boost_round": 14.0}, "datetime": {"datetime": "2024-01-19 00:53:17", "elapsed": 2449.77329, "delta": 0.003095}}
{"target": -13.758508947482602, "params": {"gamma": 581.4318063390082, "log10_alpha": -5.0, "log10_colsample_bytree": -1.0, "log10_eta": -4.0, "log10_lambda": 1.0, "log10_min_child_weight": 1.9785000434855478, "log10_subsample": 0.0, "max_depth": 10.0, "num_boost_round": 15.0}, "datetime": {"datetime": "2024-01-19 00:53:17", "elapsed": 2449.776235, "delta": 0.002945}}
{"target": -13.758507128371654, "params": {"gamma": 581.4318063390082, "log10_alpha": -5.0, "log10_colsample_bytree": -1.0, "log10_eta": -4.0, "log10_lambda": 1.0, "log10_min_child_weight": 1.9785000434855478, "log10_subsample": 0.0, "max_depth": 10.0, "num_boost_round": 16.0}, "datetime": {"datetime": "2024-01-19 00:53:17", "elapsed": 2449.779143, "delta": 0.002908}}
{"target": -13.758506636731795, "params": {"gamma": 581.4318063390082, "log10_alpha": -5.0, "log10_colsample_bytree": -1.0, "log10_eta": -4.0, "log10_lambda": 1.0, "log10_min_child_weight": 1.9785000434855478, "log10_subsample": 0.0, "max_depth": 10.0, "num_boost_round": 17.0}, "datetime": {"datetime": "2024-01-19 00:53:17", "elapsed": 2449.782374, "delta": 0.003231}}
{"target": -13.758505807890453, "params": {"gamma": 581.4318063390082, "log10_alpha": -5.0, "log10_colsample_bytree": -1.0, "log10_eta": -4.0, "log10_lambda": 1.0, "log10_min_child_weight": 1.9785000434855478, "log10_subsample": 0.0, "max_depth": 10.0, "num_boost_round": 18.0}, "datetime": {"datetime": "2024-01-19 00:53:17", "elapsed": 2449.785571, "delta": 0.003197}}
{"target": -13.758531399623948, "params": {"gamma": 569.2940943169913, "log10_alpha": -4.70954530077269, "log10_colsample_bytree": -0.6889143589268933, "log10_eta": -3.3202841281057367, "log10_lambda": 0.7139360029947435, "log10_min_child_weight": 0.28254433676920876, "log10_subsample": -0.49864408359688583, "max_depth": 5.0, "num_boost_round": 0.0}, "datetime": {"datetime": "2024-01-19 00:54:11", "elapsed": 2504.035307, "delta": 54.249736}}
{"target": -13.758517067943739, "params": {"gamma": 569.2940943169913, "log10_alpha": -4.70954530077269, "log10_colsample_bytree": -0.6889143589268933, "log10_eta": -3.3202841281057367, "log10_lambda": 0.7139360029947435, "log10_min_child_weight": 0.28254433676920876, "log10_subsample": -0.49864408359688583, "max_depth": 5.0, "num_boost_round": 1.0}, "datetime": {"datetime": "2024-01-19 00:54:11", "elapsed": 2504.038978, "delta": 0.003671}}
{"target": -13.758504048252812, "params": {"gamma": 569.2940943169913, "log10_alpha": -4.70954530077269, "log10_colsample_bytree": -0.6889143589268933, "log10_eta": -3.3202841281057367, "log10_lambda": 0.7139360029947435, "log10_min_child_weight": 0.28254433676920876, "log10_subsample": -0.49864408359688583, "max_depth": 5.0, "num_boost_round": 2.0}, "datetime": {"datetime": "2024-01-19 00:54:11", "elapsed": 2504.042048, "delta": 0.00307}}
{"target": -13.758488756785182, "params": {"gamma": 569.2940943169913, "log10_alpha": -4.70954530077269, "log10_colsample_bytree": -0.6889143589268933, "log10_eta": -3.3202841281057367, "log10_lambda": 0.7139360029947435, "log10_min_child_weight": 0.28254433676920876, "log10_subsample": -0.49864408359688583, "max_depth": 5.0, "num_boost_round": 3.0}, "datetime": {"datetime": "2024-01-19 00:54:11", "elapsed": 2504.045053, "delta": 0.003005}}
{"target": -13.758471402010418, "params": {"gamma": 569.2940943169913, "log10_alpha": -4.70954530077269, "log10_colsample_bytree": -0.6889143589268933, "log10_eta": -3.3202841281057367, "log10_lambda": 0.7139360029947435, "log10_min_child_weight": 0.28254433676920876, "log10_subsample": -0.49864408359688583, "max_depth": 5.0, "num_boost_round": 4.0}, "datetime": {"datetime": "2024-01-19 00:54:11", "elapsed": 2504.048006, "delta": 0.002953}}
{"target": -13.758459190943842, "params": {"gamma": 569.2940943169913, "log10_alpha": -4.70954530077269, "log10_colsample_bytree": -0.6889143589268933, "log10_eta": -3.3202841281057367, "log10_lambda": 0.7139360029947435, "log10_min_child_weight": 0.28254433676920876, "log10_subsample": -0.49864408359688583, "max_depth": 5.0, "num_boost_round": 5.0}, "datetime": {"datetime": "2024-01-19 00:54:11", "elapsed": 2504.050948, "delta": 0.002942}}
{"target": -13.75843956658552, "params": {"gamma": 569.2940943169913, "log10_alpha": -4.70954530077269, "log10_colsample_bytree": -0.6889143589268933, "log10_eta": -3.3202841281057367, "log10_lambda": 0.7139360029947435, "log10_min_child_weight": 0.28254433676920876, "log10_subsample": -0.49864408359688583, "max_depth": 5.0, "num_boost_round": 6.0}, "datetime": {"datetime": "2024-01-19 00:54:11", "elapsed": 2504.054048, "delta": 0.0031}}
{"target": -13.758436757415684, "params": {"gamma": 569.2940943169913, "log10_alpha": -4.70954530077269, "log10_colsample_bytree": -0.6889143589268933, "log10_eta": -3.3202841281057367, "log10_lambda": 0.7139360029947435, "log10_min_child_weight": 0.28254433676920876, "log10_subsample": -0.49864408359688583, "max_depth": 5.0, "num_boost_round": 7.0}, "datetime": {"datetime": "2024-01-19 00:54:11", "elapsed": 2504.057023, "delta": 0.002975}}
{"target": -13.758416483508487, "params": {"gamma": 569.2940943169913, "log10_alpha": -4.70954530077269, "log10_colsample_bytree": -0.6889143589268933, "log10_eta": -3.3202841281057367, "log10_lambda": 0.7139360029947435, "log10_min_child_weight": 0.28254433676920876, "log10_subsample": -0.49864408359688583, "max_depth": 5.0, "num_boost_round": 8.0}, "datetime": {"datetime": "2024-01-19 00:54:11", "elapsed": 2504.059956, "delta": 0.002933}}
{"target": -13.758428763006718, "params": {"gamma": 569.2940943169913, "log10_alpha": -4.70954530077269, "log10_colsample_bytree": -0.6889143589268933, "log10_eta": -3.3202841281057367, "log10_lambda": 0.7139360029947435, "log10_min_child_weight": 0.28254433676920876, "log10_subsample": -0.49864408359688583, "max_depth": 5.0, "num_boost_round": 9.0}, "datetime": {"datetime": "2024-01-19 00:54:11", "elapsed": 2504.06295, "delta": 0.002994}}
{"target": -13.758410956310414, "params": {"gamma": 569.2940943169913, "log10_alpha": -4.70954530077269, "log10_colsample_bytree": -0.6889143589268933, "log10_eta": -3.3202841281057367, "log10_lambda": 0.7139360029947435, "log10_min_child_weight": 0.28254433676920876, "log10_subsample": -0.49864408359688583, "max_depth": 5.0, "num_boost_round": 10.0}, "datetime": {"datetime": "2024-01-19 00:54:11", "elapsed": 2504.065916, "delta": 0.002966}}
{"target": -13.75840773031327, "params": {"gamma": 569.2940943169913, "log10_alpha": -4.70954530077269, "log10_colsample_bytree": -0.6889143589268933, "log10_eta": -3.3202841281057367, "log10_lambda": 0.7139360029947435, "log10_min_child_weight": 0.28254433676920876, "log10_subsample": -0.49864408359688583, "max_depth": 5.0, "num_boost_round": 11.0}, "datetime": {"datetime": "2024-01-19 00:54:11", "elapsed": 2504.068851, "delta": 0.002935}}
{"target": -13.758382758426771, "params": {"gamma": 569.2940943169913, "log10_alpha": -4.70954530077269, "log10_colsample_bytree": -0.6889143589268933, "log10_eta": -3.3202841281057367, "log10_lambda": 0.7139360029947435, "log10_min_child_weight": 0.28254433676920876, "log10_subsample": -0.49864408359688583, "max_depth": 5.0, "num_boost_round": 12.0}, "datetime": {"datetime": "2024-01-19 00:54:11", "elapsed": 2504.071792, "delta": 0.002941}}
{"target": -13.758374214914756, "params": {"gamma": 569.2940943169913, "log10_alpha": -4.70954530077269, "log10_colsample_bytree": -0.6889143589268933, "log10_eta": -3.3202841281057367, "log10_lambda": 0.7139360029947435, "log10_min_child_weight": 0.28254433676920876, "log10_subsample": -0.49864408359688583, "max_depth": 5.0, "num_boost_round": 13.0}, "datetime": {"datetime": "2024-01-19 00:54:11", "elapsed": 2504.074927, "delta": 0.003135}}
{"target": -13.758384846472437, "params": {"gamma": 569.2940943169913, "log10_alpha": -4.70954530077269, "log10_colsample_bytree": -0.6889143589268933, "log10_eta": -3.3202841281057367, "log10_lambda": 0.7139360029947435, "log10_min_child_weight": 0.28254433676920876, "log10_subsample": -0.49864408359688583, "max_depth": 5.0, "num_boost_round": 14.0}, "datetime": {"datetime": "2024-01-19 00:54:11", "elapsed": 2504.077871, "delta": 0.002944}}
{"target": -13.758375351211402, "params": {"gamma": 569.2940943169913, "log10_alpha": -4.70954530077269, "log10_colsample_bytree": -0.6889143589268933, "log10_eta": -3.3202841281057367, "log10_lambda": 0.7139360029947435, "log10_min_child_weight": 0.28254433676920876, "log10_subsample": -0.49864408359688583, "max_depth": 5.0, "num_boost_round": 15.0}, "datetime": {"datetime": "2024-01-19 00:54:11", "elapsed": 2504.080791, "delta": 0.00292}}
{"target": -13.758370525299155, "params": {"gamma": 569.2940943169913, "log10_alpha": -4.70954530077269, "log10_colsample_bytree": -0.6889143589268933, "log10_eta": -3.3202841281057367, "log10_lambda": 0.7139360029947435, "log10_min_child_weight": 0.28254433676920876, "log10_subsample": -0.49864408359688583, "max_depth": 5.0, "num_boost_round": 16.0}, "datetime": {"datetime": "2024-01-19 00:54:11", "elapsed": 2504.083701, "delta": 0.00291}}
{"target": -13.758354840463067, "params": {"gamma": 569.2940943169913, "log10_alpha": -4.70954530077269, "log10_colsample_bytree": -0.6889143589268933, "log10_eta": -3.3202841281057367, "log10_lambda": 0.7139360029947435, "log10_min_child_weight": 0.28254433676920876, "log10_subsample": -0.49864408359688583, "max_depth": 5.0, "num_boost_round": 17.0}, "datetime": {"datetime": "2024-01-19 00:54:11", "elapsed": 2504.086615, "delta": 0.002914}}
{"target": -13.758362047539878, "params": {"gamma": 569.2940943169913, "log10_alpha": -4.70954530077269, "log10_colsample_bytree": -0.6889143589268933, "log10_eta": -3.3202841281057367, "log10_lambda": 0.7139360029947435, "log10_min_child_weight": 0.28254433676920876, "log10_subsample": -0.49864408359688583, "max_depth": 5.0, "num_boost_round": 18.0}, "datetime": {"datetime": "2024-01-19 00:54:11", "elapsed": 2504.089558, "delta": 0.002943}}
{"target": -13.758353162879478, "params": {"gamma": 569.2940943169913, "log10_alpha": -4.70954530077269, "log10_colsample_bytree": -0.6889143589268933, "log10_eta": -3.3202841281057367, "log10_lambda": 0.7139360029947435, "log10_min_child_weight": 0.28254433676920876, "log10_subsample": -0.49864408359688583, "max_depth": 5.0, "num_boost_round": 19.0}, "datetime": {"datetime": "2024-01-19 00:54:11", "elapsed": 2504.092711, "delta": 0.003153}}
{"target": -13.758332752436267, "params": {"gamma": 569.2940943169913, "log10_alpha": -4.70954530077269, "log10_colsample_bytree": -0.6889143589268933, "log10_eta": -3.3202841281057367, "log10_lambda": 0.7139360029947435, "log10_min_child_weight": 0.28254433676920876, "log10_subsample": -0.49864408359688583, "max_depth": 5.0, "num_boost_round": 20.0}, "datetime": {"datetime": "2024-01-19 00:54:11", "elapsed": 2504.09579, "delta": 0.003079}}
{"target": -13.758307084025716, "params": {"gamma": 569.2940943169913, "log10_alpha": -4.70954530077269, "log10_colsample_bytree": -0.6889143589268933, "log10_eta": -3.3202841281057367, "log10_lambda": 0.7139360029947435, "log10_min_child_weight": 0.28254433676920876, "log10_subsample": -0.49864408359688583, "max_depth": 5.0, "num_boost_round": 21.0}, "datetime": {"datetime": "2024-01-19 00:54:11", "elapsed": 2504.098982, "delta": 0.003192}}
{"target": -13.758301620991395, "params": {"gamma": 569.2940943169913, "log10_alpha": -4.70954530077269, "log10_colsample_bytree": -0.6889143589268933, "log10_eta": -3.3202841281057367, "log10_lambda": 0.7139360029947435, "log10_min_child_weight": 0.28254433676920876, "log10_subsample": -0.49864408359688583, "max_depth": 5.0, "num_boost_round": 22.0}, "datetime": {"datetime": "2024-01-19 00:54:11", "elapsed": 2504.10194, "delta": 0.002958}}
{"target": -13.75829124429713, "params": {"gamma": 569.2940943169913, "log10_alpha": -4.70954530077269, "log10_colsample_bytree": -0.6889143589268933, "log10_eta": -3.3202841281057367, "log10_lambda": 0.7139360029947435, "log10_min_child_weight": 0.28254433676920876, "log10_subsample": -0.49864408359688583, "max_depth": 5.0, "num_boost_round": 23.0}, "datetime": {"datetime": "2024-01-19 00:54:11", "elapsed": 2504.104858, "delta": 0.002918}}
{"target": -13.758290396275907, "params": {"gamma": 569.2940943169913, "log10_alpha": -4.70954530077269, "log10_colsample_bytree": -0.6889143589268933, "log10_eta": -3.3202841281057367, "log10_lambda": 0.7139360029947435, "log10_min_child_weight": 0.28254433676920876, "log10_subsample": -0.49864408359688583, "max_depth": 5.0, "num_boost_round": 24.0}, "datetime": {"datetime": "2024-01-19 00:54:11", "elapsed": 2504.107795, "delta": 0.002937}}
{"target": -13.758288992968875, "params": {"gamma": 569.2940943169913, "log10_alpha": -4.70954530077269, "log10_colsample_bytree": -0.6889143589268933, "log10_eta": -3.3202841281057367, "log10_lambda": 0.7139360029947435, "log10_min_child_weight": 0.28254433676920876, "log10_subsample": -0.49864408359688583, "max_depth": 5.0, "num_boost_round": 25.0}, "datetime": {"datetime": "2024-01-19 00:54:11", "elapsed": 2504.110711, "delta": 0.002916}}
{"target": -13.75826841384526, "params": {"gamma": 569.2940943169913, "log10_alpha": -4.70954530077269, "log10_colsample_bytree": -0.6889143589268933, "log10_eta": -3.3202841281057367, "log10_lambda": 0.7139360029947435, "log10_min_child_weight": 0.28254433676920876, "log10_subsample": -0.49864408359688583, "max_depth": 5.0, "num_boost_round": 26.0}, "datetime": {"datetime": "2024-01-19 00:54:11", "elapsed": 2504.113812, "delta": 0.003101}}
{"target": -13.758255862276842, "params": {"gamma": 569.2940943169913, "log10_alpha": -4.70954530077269, "log10_colsample_bytree": -0.6889143589268933, "log10_eta": -3.3202841281057367, "log10_lambda": 0.7139360029947435, "log10_min_child_weight": 0.28254433676920876, "log10_subsample": -0.49864408359688583, "max_depth": 5.0, "num_boost_round": 27.0}, "datetime": {"datetime": "2024-01-19 00:54:11", "elapsed": 2504.116729, "delta": 0.002917}}
{"target": -13.758245071930945, "params": {"gamma": 569.2940943169913, "log10_alpha": -4.70954530077269, "log10_colsample_bytree": -0.6889143589268933, "log10_eta": -3.3202841281057367, "log10_lambda": 0.7139360029947435, "log10_min_child_weight": 0.28254433676920876, "log10_subsample": -0.49864408359688583, "max_depth": 5.0, "num_boost_round": 28.0}, "datetime": {"datetime": "2024-01-19 00:54:11", "elapsed": 2504.119645, "delta": 0.002916}}
{"target": -13.758226666784134, "params": {"gamma": 569.2940943169913, "log10_alpha": -4.70954530077269, "log10_colsample_bytree": -0.6889143589268933, "log10_eta": -3.3202841281057367, "log10_lambda": 0.7139360029947435, "log10_min_child_weight": 0.28254433676920876, "log10_subsample": -0.49864408359688583, "max_depth": 5.0, "num_boost_round": 29.0}, "datetime": {"datetime": "2024-01-19 00:54:11", "elapsed": 2504.122585, "delta": 0.00294}}
{"target": -13.758216802761051, "params": {"gamma": 569.2940943169913, "log10_alpha": -4.70954530077269, "log10_colsample_bytree": -0.6889143589268933, "log10_eta": -3.3202841281057367, "log10_lambda": 0.7139360029947435, "log10_min_child_weight": 0.28254433676920876, "log10_subsample": -0.49864408359688583, "max_depth": 5.0, "num_boost_round": 30.0}, "datetime": {"datetime": "2024-01-19 00:54:11", "elapsed": 2504.125502, "delta": 0.002917}}
{"target": -13.758192948621156, "params": {"gamma": 569.2940943169913, "log10_alpha": -4.70954530077269, "log10_colsample_bytree": -0.6889143589268933, "log10_eta": -3.3202841281057367, "log10_lambda": 0.7139360029947435, "log10_min_child_weight": 0.28254433676920876, "log10_subsample": -0.49864408359688583, "max_depth": 5.0, "num_boost_round": 31.0}, "datetime": {"datetime": "2024-01-19 00:54:11", "elapsed": 2504.128442, "delta": 0.00294}}
{"target": -13.758181263384671, "params": {"gamma": 569.2940943169913, "log10_alpha": -4.70954530077269, "log10_colsample_bytree": -0.6889143589268933, "log10_eta": -3.3202841281057367, "log10_lambda": 0.7139360029947435, "log10_min_child_weight": 0.28254433676920876, "log10_subsample": -0.49864408359688583, "max_depth": 5.0, "num_boost_round": 32.0}, "datetime": {"datetime": "2024-01-19 00:54:11", "elapsed": 2504.131362, "delta": 0.00292}}
{"target": -13.75817045606184, "params": {"gamma": 569.2940943169913, "log10_alpha": -4.70954530077269, "log10_colsample_bytree": -0.6889143589268933, "log10_eta": -3.3202841281057367, "log10_lambda": 0.7139360029947435, "log10_min_child_weight": 0.28254433676920876, "log10_subsample": -0.49864408359688583, "max_depth": 5.0, "num_boost_round": 33.0}, "datetime": {"datetime": "2024-01-19 00:54:11", "elapsed": 2504.134537, "delta": 0.003175}}
