{"target": -17.677091298319564, "params": {"gamma": 857.5754927126576, "log10_alpha": -1.5960844868912047, "log10_colsample_bytree": -0.013303880603034206, "log10_eta": -3.209616687085575, "log10_lambda": -1.0959707351851533, "log10_min_child_weight": 0.0, "log10_subsample": 0.0, "max_depth": 2.0, "num_boost_round": 7.0}, "datetime": {"datetime": "2024-01-19 01:18:55", "elapsed": 4016.069748, "delta": 0.004252}}
{"target": -17.677073954200484, "params": {"gamma": 857.5754927126576, "log10_alpha": -1.5960844868912047, "log10_colsample_bytree": -0.013303880603034206, "log10_eta": -3.209616687085575, "log10_lambda": -1.0959707351851533, "log10_min_child_weight": 0.0, "log10_subsample": 0.0, "max_depth": 2.0, "num_boost_round": 8.0}, "datetime": {"datetime": "2024-01-19 01:18:55", "elapsed": 4016.074006, "delta": 0.004258}}
{"target": -17.67705668227244, "params": {"gamma": 857.5754927126576, "log10_alpha": -1.5960844868912047, "log10_colsample_bytree": -0.013303880603034206, "log10_eta": -3.209616687085575, "log10_lambda": -1.0959707351851533, "log10_min_child_weight": 0.0, "log10_subsample": 0.0, "max_depth": 2.0, "num_boost_round": 9.0}, "datetime": {"datetime": "2024-01-19 01:18:55", "elapsed": 4016.078358, "delta": 0.004352}}
{"target": -17.67703943481076, "params": {"gamma": 857.5754927126576, "log10_alpha": -1.5960844868912047, "log10_colsample_bytree": -0.013303880603034206, "log10_eta": -3.209616687085575, "log10_lambda": -1.0959707351851533, "log10_min_child_weight": 0.0, "log10_subsample": 0.0, "max_depth": 2.0, "num_boost_round": 10.0}, "datetime": {"datetime": "2024-01-19 01:18:55", "elapsed": 4016.082632, "delta": 0.004274}}
{"target": -17.67702233967687, "params": {"gamma": 857.5754927126576, "log10_alpha": -1.5960844868912047, "log10_colsample_bytree": -0.013303880603034206, "log10_eta": -3.209616687085575, "log10_lambda": -1.0959707351851533, "log10_min_child_weight": 0.0, "log10_subsample": 0.0, "max_depth": 2.0, "num_boost_round": 11.0}, "datetime": {"datetime": "2024-01-19 01:18:55", "elapsed": 4016.210967, "delta": 0.128335}}
{"target": -17.67700522996781, "params": {"gamma": 857.5754927126576, "log10_alpha": -1.5960844868912047, "log10_colsample_bytree": -0.013303880603034206, "log10_eta": -3.209616687085575, "log10_lambda": -1.0959707351851533, "log10_min_child_weight": 0.0, "log10_subsample": 0.0, "max_depth": 2.0, "num_boost_round": 12.0}, "datetime": {"datetime": "2024-01-19 01:18:55", "elapsed": 4016.216088, "delta": 0.005121}}
{"target": -17.676988287042242, "params": {"gamma": 857.5754927126576, "log10_alpha": -1.5960844868912047, "log10_colsample_bytree": -0.013303880603034206, "log10_eta": -3.209616687085575, "log10_lambda": -1.0959707351851533, "log10_min_child_weight": 0.0, "log10_subsample": 0.0, "max_depth": 2.0, "num_boost_round": 13.0}, "datetime": {"datetime": "2024-01-19 01:18:55", "elapsed": 4016.220903, "delta": 0.004815}}
{"target": -17.67697134114128, "params": {"gamma": 857.5754927126576, "log10_alpha": -1.5960844868912047, "log10_colsample_bytree": -0.013303880603034206, "log10_eta": -3.209616687085575, "log10_lambda": -1.0959707351851533, "log10_min_child_weight": 0.0, "log10_subsample": 0.0, "max_depth": 2.0, "num_boost_round": 14.0}, "datetime": {"datetime": "2024-01-19 01:18:55", "elapsed": 4016.226042, "delta": 0.005139}}
{"target": -17.676954494635, "params": {"gamma": 857.5754927126576, "log10_alpha": -1.5960844868912047, "log10_colsample_bytree": -0.013303880603034206, "log10_eta": -3.209616687085575, "log10_lambda": -1.0959707351851533, "log10_min_child_weight": 0.0, "log10_subsample": 0.0, "max_depth": 2.0, "num_boost_round": 15.0}, "datetime": {"datetime": "2024-01-19 01:18:55", "elapsed": 4016.231131, "delta": 0.005089}}
{"target": -17.676937774652043, "params": {"gamma": 857.5754927126576, "log10_alpha": -1.5960844868912047, "log10_colsample_bytree": -0.013303880603034206, "log10_eta": -3.209616687085575, "log10_lambda": -1.0959707351851533, "log10_min_child_weight": 0.0, "log10_subsample": 0.0, "max_depth": 2.0, "num_boost_round": 16.0}, "datetime": {"datetime": "2024-01-19 01:18:55", "elapsed": 4016.23561, "delta": 0.004479}}
{"target": -17.676926676797738, "params": {"gamma": 857.5754927126576, "log10_alpha": -1.5960844868912047, "log10_colsample_bytree": -0.013303880603034206, "log10_eta": -3.209616687085575, "log10_lambda": -1.0959707351851533, "log10_min_child_weight": 0.0, "log10_subsample": 0.0, "max_depth": 2.0, "num_boost_round": 17.0}, "datetime": {"datetime": "2024-01-19 01:18:55", "elapsed": 4016.240059, "delta": 0.004449}}
{"target": -17.676910048722846, "params": {"gamma": 857.5754927126576, "log10_alpha": -1.5960844868912047, "log10_colsample_bytree": -0.013303880603034206, "log10_eta": -3.209616687085575, "log10_lambda": -1.0959707351851533, "log10_min_child_weight": 0.0, "log10_subsample": 0.0, "max_depth": 2.0, "num_boost_round": 18.0}, "datetime": {"datetime": "2024-01-19 01:18:55", "elapsed": 4016.248433, "delta": 0.008374}}
{"target": -17.676893452384608, "params": {"gamma": 857.5754927126576, "log10_alpha": -1.5960844868912047, "log10_colsample_bytree": -0.013303880603034206, "log10_eta": -3.209616687085575, "log10_lambda": -1.0959707351851533, "log10_min_child_weight": 0.0, "log10_subsample": 0.0, "max_depth": 2.0, "num_boost_round": 19.0}, "datetime": {"datetime": "2024-01-19 01:18:55", "elapsed": 4016.252838, "delta": 0.004405}}
{"target": -17.67687701684061, "params": {"gamma": 857.5754927126576, "log10_alpha": -1.5960844868912047, "log10_colsample_bytree": -0.013303880603034206, "log10_eta": -3.209616687085575, "log10_lambda": -1.0959707351851533, "log10_min_child_weight": 0.0, "log10_subsample": 0.0, "max_depth": 2.0, "num_boost_round": 20.0}, "datetime": {"datetime": "2024-01-19 01:18:55", "elapsed": 4016.257203, "delta": 0.004365}}
{"target": -17.676860574956713, "params": {"gamma": 857.5754927126576, "log10_alpha": -1.5960844868912047, "log10_colsample_bytree": -0.013303880603034206, "log10_eta": -3.209616687085575, "log10_lambda": -1.0959707351851533, "log10_min_child_weight": 0.0, "log10_subsample": 0.0, "max_depth": 2.0, "num_boost_round": 21.0}, "datetime": {"datetime": "2024-01-19 01:18:55", "elapsed": 4016.261548, "delta": 0.004345}}
{"target": -17.67684426103428, "params": {"gamma": 857.5754927126576, "log10_alpha": -1.5960844868912047, "log10_colsample_bytree": -0.013303880603034206, "log10_eta": -3.209616687085575, "log10_lambda": -1.0959707351851533, "log10_min_child_weight": 0.0, "log10_subsample": 0.0, "max_depth": 2.0, "num_boost_round": 22.0}, "datetime": {"datetime": "2024-01-19 01:18:55", "elapsed": 4016.265958, "delta": 0.00441}}
{"target": -17.676617608956168, "params": {"gamma": 859.1119974087202, "log10_alpha": -4.563265859336673, "log10_colsample_bytree": -0.3657322667746751, "log10_eta": -1.4221328381444933, "log10_lambda": -0.15115356527087886, "log10_min_child_weight": 2.764484599987149, "log10_subsample": -0.4089203803510054, "max_depth": 8.0, "num_boost_round": 0.0}, "datetime": {"datetime": "2024-01-19 01:20:13", "elapsed": 4094.548987, "delta": 78.283029}}
{"target": -17.67562378861879, "params": {"gamma": 859.1119974087202, "log10_alpha": -4.563265859336673, "log10_colsample_bytree": -0.3657322667746751, "log10_eta": -1.4221328381444933, "log10_lambda": -0.15115356527087886, "log10_min_child_weight": 2.764484599987149, "log10_subsample": -0.4089203803510054, "max_depth": 8.0, "num_boost_round": 1.0}, "datetime": {"datetime": "2024-01-19 01:20:13", "elapsed": 4094.554098, "delta": 0.005111}}
{"target": -17.6752269034203, "params": {"gamma": 859.1119974087202, "log10_alpha": -4.563265859336673, "log10_colsample_bytree": -0.3657322667746751, "log10_eta": -1.4221328381444933, "log10_lambda": -0.15115356527087886, "log10_min_child_weight": 2.764484599987149, "log10_subsample": -0.4089203803510054, "max_depth": 8.0, "num_boost_round": 2.0}, "datetime": {"datetime": "2024-01-19 01:20:13", "elapsed": 4094.558436, "delta": 0.004338}}
{"target": -17.674780729624448, "params": {"gamma": 859.1119974087202, "log10_alpha": -4.563265859336673, "log10_colsample_bytree": -0.3657322667746751, "log10_eta": -1.4221328381444933, "log10_lambda": -0.15115356527087886, "log10_min_child_weight": 2.764484599987149, "log10_subsample": -0.4089203803510054, "max_depth": 8.0, "num_boost_round": 3.0}, "datetime": {"datetime": "2024-01-19 01:20:13", "elapsed": 4094.562706, "delta": 0.00427}}
{"target": -17.6752883439292, "params": {"gamma": 859.1119974087202, "log10_alpha": -4.563265859336673, "log10_colsample_bytree": -0.3657322667746751, "log10_eta": -1.4221328381444933, "log10_lambda": -0.15115356527087886, "log10_min_child_weight": 2.764484599987149, "log10_subsample": -0.4089203803510054, "max_depth": 8.0, "num_boost_round": 4.0}, "datetime": {"datetime": "2024-01-19 01:20:13", "elapsed": 4094.566884, "delta": 0.004178}}
{"target": -17.675789085302753, "params": {"gamma": 859.1119974087202, "log10_alpha": -4.563265859336673, "log10_colsample_bytree": -0.3657322667746751, "log10_eta": -1.4221328381444933, "log10_lambda": -0.15115356527087886, "log10_min_child_weight": 2.764484599987149, "log10_subsample": -0.4089203803510054, "max_depth": 8.0, "num_boost_round": 5.0}, "datetime": {"datetime": "2024-01-19 01:20:13", "elapsed": 4094.571078, "delta": 0.004194}}
{"target": -17.676258886721822, "params": {"gamma": 859.1119974087202, "log10_alpha": -4.563265859336673, "log10_colsample_bytree": -0.3657322667746751, "log10_eta": -1.4221328381444933, "log10_lambda": -0.15115356527087886, "log10_min_child_weight": 2.764484599987149, "log10_subsample": -0.4089203803510054, "max_depth": 8.0, "num_boost_round": 6.0}, "datetime": {"datetime": "2024-01-19 01:20:13", "elapsed": 4094.575396, "delta": 0.004318}}
{"target": -17.67752513986254, "params": {"gamma": 859.1119974087202, "log10_alpha": -4.563265859336673, "log10_colsample_bytree": -0.3657322667746751, "log10_eta": -1.4221328381444933, "log10_lambda": -0.15115356527087886, "log10_min_child_weight": 2.764484599987149, "log10_subsample": -0.4089203803510054, "max_depth": 8.0, "num_boost_round": 7.0}, "datetime": {"datetime": "2024-01-19 01:20:13", "elapsed": 4094.57955, "delta": 0.004154}}
{"target": -17.679260266225576, "params": {"gamma": 859.1119974087202, "log10_alpha": -4.563265859336673, "log10_colsample_bytree": -0.3657322667746751, "log10_eta": -1.4221328381444933, "log10_lambda": -0.15115356527087886, "log10_min_child_weight": 2.764484599987149, "log10_subsample": -0.4089203803510054, "max_depth": 8.0, "num_boost_round": 8.0}, "datetime": {"datetime": "2024-01-19 01:20:13", "elapsed": 4094.583613, "delta": 0.004063}}
{"target": -17.680422400060518, "params": {"gamma": 859.1119974087202, "log10_alpha": -4.563265859336673, "log10_colsample_bytree": -0.3657322667746751, "log10_eta": -1.4221328381444933, "log10_lambda": -0.15115356527087886, "log10_min_child_weight": 2.764484599987149, "log10_subsample": -0.4089203803510054, "max_depth": 8.0, "num_boost_round": 9.0}, "datetime": {"datetime": "2024-01-19 01:20:13", "elapsed": 4094.587633, "delta": 0.00402}}
{"target": -17.682119751691918, "params": {"gamma": 859.1119974087202, "log10_alpha": -4.563265859336673, "log10_colsample_bytree": -0.3657322667746751, "log10_eta": -1.4221328381444933, "log10_lambda": -0.15115356527087886, "log10_min_child_weight": 2.764484599987149, "log10_subsample": -0.4089203803510054, "max_depth": 8.0, "num_boost_round": 10.0}, "datetime": {"datetime": "2024-01-19 01:20:13", "elapsed": 4094.59187, "delta": 0.004237}}
{"target": -17.681398453950436, "params": {"gamma": 859.1119974087202, "log10_alpha": -4.563265859336673, "log10_colsample_bytree": -0.3657322667746751, "log10_eta": -1.4221328381444933, "log10_lambda": -0.15115356527087886, "log10_min_child_weight": 2.764484599987149, "log10_subsample": -0.4089203803510054, "max_depth": 8.0, "num_boost_round": 11.0}, "datetime": {"datetime": "2024-01-19 01:20:13", "elapsed": 4094.596105, "delta": 0.004235}}
{"target": -17.684044006100827, "params": {"gamma": 859.1119974087202, "log10_alpha": -4.563265859336673, "log10_colsample_bytree": -0.3657322667746751, "log10_eta": -1.4221328381444933, "log10_lambda": -0.15115356527087886, "log10_min_child_weight": 2.764484599987149, "log10_subsample": -0.4089203803510054, "max_depth": 8.0, "num_boost_round": 12.0}, "datetime": {"datetime": "2024-01-19 01:20:13", "elapsed": 4094.600263, "delta": 0.004158}}
{"target": -17.688492498535773, "params": {"gamma": 859.1119974087202, "log10_alpha": -4.563265859336673, "log10_colsample_bytree": -0.3657322667746751, "log10_eta": -1.4221328381444933, "log10_lambda": -0.15115356527087886, "log10_min_child_weight": 2.764484599987149, "log10_subsample": -0.4089203803510054, "max_depth": 8.0, "num_boost_round": 13.0}, "datetime": {"datetime": "2024-01-19 01:20:13", "elapsed": 4094.604475, "delta": 0.004212}}
{"target": -17.69027920253175, "params": {"gamma": 859.1119974087202, "log10_alpha": -4.563265859336673, "log10_colsample_bytree": -0.3657322667746751, "log10_eta": -1.4221328381444933, "log10_lambda": -0.15115356527087886, "log10_min_child_weight": 2.764484599987149, "log10_subsample": -0.4089203803510054, "max_depth": 8.0, "num_boost_round": 14.0}, "datetime": {"datetime": "2024-01-19 01:20:13", "elapsed": 4094.608606, "delta": 0.004131}}
{"target": -17.68972049645514, "params": {"gamma": 859.1119974087202, "log10_alpha": -4.563265859336673, "log10_colsample_bytree": -0.3657322667746751, "log10_eta": -1.4221328381444933, "log10_lambda": -0.15115356527087886, "log10_min_child_weight": 2.764484599987149, "log10_subsample": -0.4089203803510054, "max_depth": 8.0, "num_boost_round": 15.0}, "datetime": {"datetime": "2024-01-19 01:20:13", "elapsed": 4094.612797, "delta": 0.004191}}
{"target": -17.691152072098088, "params": {"gamma": 859.1119974087202, "log10_alpha": -4.563265859336673, "log10_colsample_bytree": -0.3657322667746751, "log10_eta": -1.4221328381444933, "log10_lambda": -0.15115356527087886, "log10_min_child_weight": 2.764484599987149, "log10_subsample": -0.4089203803510054, "max_depth": 8.0, "num_boost_round": 16.0}, "datetime": {"datetime": "2024-01-19 01:20:13", "elapsed": 4094.617087, "delta": 0.00429}}
{"target": -17.691242602123175, "params": {"gamma": 859.1119974087202, "log10_alpha": -4.563265859336673, "log10_colsample_bytree": -0.3657322667746751, "log10_eta": -1.4221328381444933, "log10_lambda": -0.15115356527087886, "log10_min_child_weight": 2.764484599987149, "log10_subsample": -0.4089203803510054, "max_depth": 8.0, "num_boost_round": 17.0}, "datetime": {"datetime": "2024-01-19 01:20:13", "elapsed": 4094.62139, "delta": 0.004303}}
{"target": -17.691175509222184, "params": {"gamma": 859.1119974087202, "log10_alpha": -4.563265859336673, "log10_colsample_bytree": -0.3657322667746751, "log10_eta": -1.4221328381444933, "log10_lambda": -0.15115356527087886, "log10_min_child_weight": 2.764484599987149, "log10_subsample": -0.4089203803510054, "max_depth": 8.0, "num_boost_round": 18.0}, "datetime": {"datetime": "2024-01-19 01:20:13", "elapsed": 4094.625621, "delta": 0.004231}}
{"target": -17.693013419675317, "params": {"gamma": 859.1119974087202, "log10_alpha": -4.563265859336673, "log10_colsample_bytree": -0.3657322667746751, "log10_eta": -1.4221328381444933, "log10_lambda": -0.15115356527087886, "log10_min_child_weight": 2.764484599987149, "log10_subsample": -0.4089203803510054, "max_depth": 8.0, "num_boost_round": 19.0}, "datetime": {"datetime": "2024-01-19 01:20:13", "elapsed": 4094.629923, "delta": 0.004302}}
{"target": -17.694591035290465, "params": {"gamma": 859.1119974087202, "log10_alpha": -4.563265859336673, "log10_colsample_bytree": -0.3657322667746751, "log10_eta": -1.4221328381444933, "log10_lambda": -0.15115356527087886, "log10_min_child_weight": 2.764484599987149, "log10_subsample": -0.4089203803510054, "max_depth": 8.0, "num_boost_round": 20.0}, "datetime": {"datetime": "2024-01-19 01:20:13", "elapsed": 4094.634123, "delta": 0.0042}}
{"target": -17.697295583178096, "params": {"gamma": 859.1119974087202, "log10_alpha": -4.563265859336673, "log10_colsample_bytree": -0.3657322667746751, "log10_eta": -1.4221328381444933, "log10_lambda": -0.15115356527087886, "log10_min_child_weight": 2.764484599987149, "log10_subsample": -0.4089203803510054, "max_depth": 8.0, "num_boost_round": 21.0}, "datetime": {"datetime": "2024-01-19 01:20:13", "elapsed": 4094.638294, "delta": 0.004171}}
{"target": -17.69758286575024, "params": {"gamma": 859.1119974087202, "log10_alpha": -4.563265859336673, "log10_colsample_bytree": -0.3657322667746751, "log10_eta": -1.4221328381444933, "log10_lambda": -0.15115356527087886, "log10_min_child_weight": 2.764484599987149, "log10_subsample": -0.4089203803510054, "max_depth": 8.0, "num_boost_round": 22.0}, "datetime": {"datetime": "2024-01-19 01:20:13", "elapsed": 4094.642598, "delta": 0.004304}}
{"target": -17.698114076479467, "params": {"gamma": 859.1119974087202, "log10_alpha": -4.563265859336673, "log10_colsample_bytree": -0.3657322667746751, "log10_eta": -1.4221328381444933, "log10_lambda": -0.15115356527087886, "log10_min_child_weight": 2.764484599987149, "log10_subsample": -0.4089203803510054, "max_depth": 8.0, "num_boost_round": 23.0}, "datetime": {"datetime": "2024-01-19 01:20:13", "elapsed": 4094.646737, "delta": 0.004139}}
{"target": -17.698873240481674, "params": {"gamma": 859.1119974087202, "log10_alpha": -4.563265859336673, "log10_colsample_bytree": -0.3657322667746751, "log10_eta": -1.4221328381444933, "log10_lambda": -0.15115356527087886, "log10_min_child_weight": 2.764484599987149, "log10_subsample": -0.4089203803510054, "max_depth": 8.0, "num_boost_round": 24.0}, "datetime": {"datetime": "2024-01-19 01:20:14", "elapsed": 4094.651001, "delta": 0.004264}}
{"target": -17.70057650358564, "params": {"gamma": 859.1119974087202, "log10_alpha": -4.563265859336673, "log10_colsample_bytree": -0.3657322667746751, "log10_eta": -1.4221328381444933, "log10_lambda": -0.15115356527087886, "log10_min_child_weight": 2.764484599987149, "log10_subsample": -0.4089203803510054, "max_depth": 8.0, "num_boost_round": 25.0}, "datetime": {"datetime": "2024-01-19 01:20:14", "elapsed": 4094.655254, "delta": 0.004253}}
{"target": -17.704632779521415, "params": {"gamma": 859.1119974087202, "log10_alpha": -4.563265859336673, "log10_colsample_bytree": -0.3657322667746751, "log10_eta": -1.4221328381444933, "log10_lambda": -0.15115356527087886, "log10_min_child_weight": 2.764484599987149, "log10_subsample": -0.4089203803510054, "max_depth": 8.0, "num_boost_round": 26.0}, "datetime": {"datetime": "2024-01-19 01:20:14", "elapsed": 4094.659351, "delta": 0.004097}}
{"target": -17.707212974404758, "params": {"gamma": 859.1119974087202, "log10_alpha": -4.563265859336673, "log10_colsample_bytree": -0.3657322667746751, "log10_eta": -1.4221328381444933, "log10_lambda": -0.15115356527087886, "log10_min_child_weight": 2.764484599987149, "log10_subsample": -0.4089203803510054, "max_depth": 8.0, "num_boost_round": 27.0}, "datetime": {"datetime": "2024-01-19 01:20:14", "elapsed": 4094.663682, "delta": 0.004331}}
{"target": -17.709646017413053, "params": {"gamma": 859.1119974087202, "log10_alpha": -4.563265859336673, "log10_colsample_bytree": -0.3657322667746751, "log10_eta": -1.4221328381444933, "log10_lambda": -0.15115356527087886, "log10_min_child_weight": 2.764484599987149, "log10_subsample": -0.4089203803510054, "max_depth": 8.0, "num_boost_round": 28.0}, "datetime": {"datetime": "2024-01-19 01:20:14", "elapsed": 4094.667957, "delta": 0.004275}}
{"target": -17.715612252832955, "params": {"gamma": 859.1119974087202, "log10_alpha": -4.563265859336673, "log10_colsample_bytree": -0.3657322667746751, "log10_eta": -1.4221328381444933, "log10_lambda": -0.15115356527087886, "log10_min_child_weight": 2.764484599987149, "log10_subsample": -0.4089203803510054, "max_depth": 8.0, "num_boost_round": 29.0}, "datetime": {"datetime": "2024-01-19 01:20:14", "elapsed": 4094.672161, "delta": 0.004204}}
{"target": -17.677196736676375, "params": {"gamma": 867.0506277694898, "log10_alpha": -2.957684965448359, "log10_colsample_bytree": -0.09151931232557901, "log10_eta": -3.373301632822359, "log10_lambda": 1.0, "log10_min_child_weight": 3.166311909901948, "log10_subsample": -1.0, "max_depth": 8.0, "num_boost_round": 0.0}, "datetime": {"datetime": "2024-01-19 01:21:14", "elapsed": 4155.322751, "delta": 60.65059}}
{"target": -17.677188441036712, "params": {"gamma": 867.0506277694898, "log10_alpha": -2.957684965448359, "log10_colsample_bytree": -0.09151931232557901, "log10_eta": -3.373301632822359, "log10_lambda": 1.0, "log10_min_child_weight": 3.166311909901948, "log10_subsample": -1.0, "max_depth": 8.0, "num_boost_round": 1.0}, "datetime": {"datetime": "2024-01-19 01:21:14", "elapsed": 4155.327462, "delta": 0.004711}}
{"target": -17.677177971392762, "params": {"gamma": 867.0506277694898, "log10_alpha": -2.957684965448359, "log10_colsample_bytree": -0.09151931232557901, "log10_eta": -3.373301632822359, "log10_lambda": 1.0, "log10_min_child_weight": 3.166311909901948, "log10_subsample": -1.0, "max_depth": 8.0, "num_boost_round": 2.0}, "datetime": {"datetime": "2024-01-19 01:21:14", "elapsed": 4155.331708, "delta": 0.004246}}
{"target": -17.67716802081367, "params": {"gamma": 867.0506277694898, "log10_alpha": -2.957684965448359, "log10_colsample_bytree": -0.09151931232557901, "log10_eta": -3.373301632822359, "log10_lambda": 1.0, "log10_min_child_weight": 3.166311909901948, "log10_subsample": -1.0, "max_depth": 8.0, "num_boost_round": 3.0}, "datetime": {"datetime": "2024-01-19 01:21:14", "elapsed": 4155.335844, "delta": 0.004136}}
