{"target": -13.792189932073883, "params": {"gamma": 583.9986648698188, "log10_alpha": -4.643095026183742, "log10_colsample_bytree": -0.03741030462554251, "log10_eta": -1.0459949697577429, "log10_lambda": -3.733212452226332, "log10_min_child_weight": 3.2950161595288447, "log10_subsample": -0.8959941906719009, "max_depth": 6.0, "num_boost_round": 28.0}, "datetime": {"datetime": "2024-01-19 01:13:03", "elapsed": 3714.91043, "delta": 0.003814}}
{"target": -13.793842016196741, "params": {"gamma": 583.9986648698188, "log10_alpha": -4.643095026183742, "log10_colsample_bytree": -0.03741030462554251, "log10_eta": -1.0459949697577429, "log10_lambda": -3.733212452226332, "log10_min_child_weight": 3.2950161595288447, "log10_subsample": -0.8959941906719009, "max_depth": 6.0, "num_boost_round": 29.0}, "datetime": {"datetime": "2024-01-19 01:13:03", "elapsed": 3714.914335, "delta": 0.003905}}
{"target": -13.793639034696092, "params": {"gamma": 583.9986648698188, "log10_alpha": -4.643095026183742, "log10_colsample_bytree": -0.03741030462554251, "log10_eta": -1.0459949697577429, "log10_lambda": -3.733212452226332, "log10_min_child_weight": 3.2950161595288447, "log10_subsample": -0.8959941906719009, "max_depth": 6.0, "num_boost_round": 30.0}, "datetime": {"datetime": "2024-01-19 01:13:03", "elapsed": 3714.918234, "delta": 0.003899}}
{"target": -13.795714976115107, "params": {"gamma": 583.9986648698188, "log10_alpha": -4.643095026183742, "log10_colsample_bytree": -0.03741030462554251, "log10_eta": -1.0459949697577429, "log10_lambda": -3.733212452226332, "log10_min_child_weight": 3.2950161595288447, "log10_subsample": -0.8959941906719009, "max_depth": 6.0, "num_boost_round": 31.0}, "datetime": {"datetime": "2024-01-19 01:13:03", "elapsed": 3714.922141, "delta": 0.003907}}
{"target": -13.796625481056477, "params": {"gamma": 583.9986648698188, "log10_alpha": -4.643095026183742, "log10_colsample_bytree": -0.03741030462554251, "log10_eta": -1.0459949697577429, "log10_lambda": -3.733212452226332, "log10_min_child_weight": 3.2950161595288447, "log10_subsample": -0.8959941906719009, "max_depth": 6.0, "num_boost_round": 32.0}, "datetime": {"datetime": "2024-01-19 01:13:03", "elapsed": 3714.92604, "delta": 0.003899}}
{"target": -13.797140840691492, "params": {"gamma": 583.9986648698188, "log10_alpha": -4.643095026183742, "log10_colsample_bytree": -0.03741030462554251, "log10_eta": -1.0459949697577429, "log10_lambda": -3.733212452226332, "log10_min_child_weight": 3.2950161595288447, "log10_subsample": -0.8959941906719009, "max_depth": 6.0, "num_boost_round": 33.0}, "datetime": {"datetime": "2024-01-19 01:13:03", "elapsed": 3714.929896, "delta": 0.003856}}
{"target": -13.796380281126531, "params": {"gamma": 583.9986648698188, "log10_alpha": -4.643095026183742, "log10_colsample_bytree": -0.03741030462554251, "log10_eta": -1.0459949697577429, "log10_lambda": -3.733212452226332, "log10_min_child_weight": 3.2950161595288447, "log10_subsample": -0.8959941906719009, "max_depth": 6.0, "num_boost_round": 34.0}, "datetime": {"datetime": "2024-01-19 01:13:03", "elapsed": 3714.933754, "delta": 0.003858}}
{"target": -13.797691500937766, "params": {"gamma": 583.9986648698188, "log10_alpha": -4.643095026183742, "log10_colsample_bytree": -0.03741030462554251, "log10_eta": -1.0459949697577429, "log10_lambda": -3.733212452226332, "log10_min_child_weight": 3.2950161595288447, "log10_subsample": -0.8959941906719009, "max_depth": 6.0, "num_boost_round": 35.0}, "datetime": {"datetime": "2024-01-19 01:13:03", "elapsed": 3714.937603, "delta": 0.003849}}
{"target": -13.80035685602783, "params": {"gamma": 583.9986648698188, "log10_alpha": -4.643095026183742, "log10_colsample_bytree": -0.03741030462554251, "log10_eta": -1.0459949697577429, "log10_lambda": -3.733212452226332, "log10_min_child_weight": 3.2950161595288447, "log10_subsample": -0.8959941906719009, "max_depth": 6.0, "num_boost_round": 36.0}, "datetime": {"datetime": "2024-01-19 01:13:03", "elapsed": 3714.941555, "delta": 0.003952}}
{"target": -13.802480541256728, "params": {"gamma": 583.9986648698188, "log10_alpha": -4.643095026183742, "log10_colsample_bytree": -0.03741030462554251, "log10_eta": -1.0459949697577429, "log10_lambda": -3.733212452226332, "log10_min_child_weight": 3.2950161595288447, "log10_subsample": -0.8959941906719009, "max_depth": 6.0, "num_boost_round": 37.0}, "datetime": {"datetime": "2024-01-19 01:13:03", "elapsed": 3714.945399, "delta": 0.003844}}
{"target": -13.803980350052091, "params": {"gamma": 583.9986648698188, "log10_alpha": -4.643095026183742, "log10_colsample_bytree": -0.03741030462554251, "log10_eta": -1.0459949697577429, "log10_lambda": -3.733212452226332, "log10_min_child_weight": 3.2950161595288447, "log10_subsample": -0.8959941906719009, "max_depth": 6.0, "num_boost_round": 38.0}, "datetime": {"datetime": "2024-01-19 01:13:03", "elapsed": 3714.949206, "delta": 0.003807}}
{"target": -13.805199197684162, "params": {"gamma": 583.9986648698188, "log10_alpha": -4.643095026183742, "log10_colsample_bytree": -0.03741030462554251, "log10_eta": -1.0459949697577429, "log10_lambda": -3.733212452226332, "log10_min_child_weight": 3.2950161595288447, "log10_subsample": -0.8959941906719009, "max_depth": 6.0, "num_boost_round": 39.0}, "datetime": {"datetime": "2024-01-19 01:13:03", "elapsed": 3714.953049, "delta": 0.003843}}
{"target": -13.807198316967458, "params": {"gamma": 583.9986648698188, "log10_alpha": -4.643095026183742, "log10_colsample_bytree": -0.03741030462554251, "log10_eta": -1.0459949697577429, "log10_lambda": -3.733212452226332, "log10_min_child_weight": 3.2950161595288447, "log10_subsample": -0.8959941906719009, "max_depth": 6.0, "num_boost_round": 40.0}, "datetime": {"datetime": "2024-01-19 01:13:03", "elapsed": 3714.95689, "delta": 0.003841}}
{"target": -13.808380973961995, "params": {"gamma": 583.9986648698188, "log10_alpha": -4.643095026183742, "log10_colsample_bytree": -0.03741030462554251, "log10_eta": -1.0459949697577429, "log10_lambda": -3.733212452226332, "log10_min_child_weight": 3.2950161595288447, "log10_subsample": -0.8959941906719009, "max_depth": 6.0, "num_boost_round": 41.0}, "datetime": {"datetime": "2024-01-19 01:13:03", "elapsed": 3714.960796, "delta": 0.003906}}
{"target": -13.810918957222722, "params": {"gamma": 583.9986648698188, "log10_alpha": -4.643095026183742, "log10_colsample_bytree": -0.03741030462554251, "log10_eta": -1.0459949697577429, "log10_lambda": -3.733212452226332, "log10_min_child_weight": 3.2950161595288447, "log10_subsample": -0.8959941906719009, "max_depth": 6.0, "num_boost_round": 42.0}, "datetime": {"datetime": "2024-01-19 01:13:03", "elapsed": 3714.964648, "delta": 0.003852}}
{"target": -13.811224118777913, "params": {"gamma": 583.9986648698188, "log10_alpha": -4.643095026183742, "log10_colsample_bytree": -0.03741030462554251, "log10_eta": -1.0459949697577429, "log10_lambda": -3.733212452226332, "log10_min_child_weight": 3.2950161595288447, "log10_subsample": -0.8959941906719009, "max_depth": 6.0, "num_boost_round": 43.0}, "datetime": {"datetime": "2024-01-19 01:13:03", "elapsed": 3714.96854, "delta": 0.003892}}
{"target": -13.81188933728066, "params": {"gamma": 583.9986648698188, "log10_alpha": -4.643095026183742, "log10_colsample_bytree": -0.03741030462554251, "log10_eta": -1.0459949697577429, "log10_lambda": -3.733212452226332, "log10_min_child_weight": 3.2950161595288447, "log10_subsample": -0.8959941906719009, "max_depth": 6.0, "num_boost_round": 44.0}, "datetime": {"datetime": "2024-01-19 01:13:03", "elapsed": 3714.972401, "delta": 0.003861}}
{"target": -13.815899514470372, "params": {"gamma": 583.9986648698188, "log10_alpha": -4.643095026183742, "log10_colsample_bytree": -0.03741030462554251, "log10_eta": -1.0459949697577429, "log10_lambda": -3.733212452226332, "log10_min_child_weight": 3.2950161595288447, "log10_subsample": -0.8959941906719009, "max_depth": 6.0, "num_boost_round": 45.0}, "datetime": {"datetime": "2024-01-19 01:13:03", "elapsed": 3714.976303, "delta": 0.003902}}
{"target": -13.816418835077512, "params": {"gamma": 583.9986648698188, "log10_alpha": -4.643095026183742, "log10_colsample_bytree": -0.03741030462554251, "log10_eta": -1.0459949697577429, "log10_lambda": -3.733212452226332, "log10_min_child_weight": 3.2950161595288447, "log10_subsample": -0.8959941906719009, "max_depth": 6.0, "num_boost_round": 46.0}, "datetime": {"datetime": "2024-01-19 01:13:03", "elapsed": 3714.980272, "delta": 0.003969}}
{"target": -13.817623346683723, "params": {"gamma": 583.9986648698188, "log10_alpha": -4.643095026183742, "log10_colsample_bytree": -0.03741030462554251, "log10_eta": -1.0459949697577429, "log10_lambda": -3.733212452226332, "log10_min_child_weight": 3.2950161595288447, "log10_subsample": -0.8959941906719009, "max_depth": 6.0, "num_boost_round": 47.0}, "datetime": {"datetime": "2024-01-19 01:13:03", "elapsed": 3714.985105, "delta": 0.004833}}
{"target": -13.820776832894454, "params": {"gamma": 583.9986648698188, "log10_alpha": -4.643095026183742, "log10_colsample_bytree": -0.03741030462554251, "log10_eta": -1.0459949697577429, "log10_lambda": -3.733212452226332, "log10_min_child_weight": 3.2950161595288447, "log10_subsample": -0.8959941906719009, "max_depth": 6.0, "num_boost_round": 48.0}, "datetime": {"datetime": "2024-01-19 01:13:03", "elapsed": 3714.989094, "delta": 0.003989}}
{"target": -13.821583154720326, "params": {"gamma": 583.9986648698188, "log10_alpha": -4.643095026183742, "log10_colsample_bytree": -0.03741030462554251, "log10_eta": -1.0459949697577429, "log10_lambda": -3.733212452226332, "log10_min_child_weight": 3.2950161595288447, "log10_subsample": -0.8959941906719009, "max_depth": 6.0, "num_boost_round": 49.0}, "datetime": {"datetime": "2024-01-19 01:13:03", "elapsed": 3714.993201, "delta": 0.004107}}
{"target": -13.823892669552128, "params": {"gamma": 583.9986648698188, "log10_alpha": -4.643095026183742, "log10_colsample_bytree": -0.03741030462554251, "log10_eta": -1.0459949697577429, "log10_lambda": -3.733212452226332, "log10_min_child_weight": 3.2950161595288447, "log10_subsample": -0.8959941906719009, "max_depth": 6.0, "num_boost_round": 50.0}, "datetime": {"datetime": "2024-01-19 01:13:03", "elapsed": 3714.997044, "delta": 0.003843}}
{"target": -13.823868145106154, "params": {"gamma": 583.9986648698188, "log10_alpha": -4.643095026183742, "log10_colsample_bytree": -0.03741030462554251, "log10_eta": -1.0459949697577429, "log10_lambda": -3.733212452226332, "log10_min_child_weight": 3.2950161595288447, "log10_subsample": -0.8959941906719009, "max_depth": 6.0, "num_boost_round": 51.0}, "datetime": {"datetime": "2024-01-19 01:13:03", "elapsed": 3715.000907, "delta": 0.003863}}
{"target": -13.7585194632496, "params": {"gamma": 559.5371177449676, "log10_alpha": -4.551364507084262, "log10_colsample_bytree": -0.5743985613923789, "log10_eta": -2.3962319020917975, "log10_lambda": -2.9306761421683056, "log10_min_child_weight": 4.729352370732023, "log10_subsample": -0.5440072319837158, "max_depth": 7.0, "num_boost_round": 0.0}, "datetime": {"datetime": "2024-01-19 01:13:46", "elapsed": 3757.955961, "delta": 42.955054}}
{"target": -13.75851684879144, "params": {"gamma": 559.5371177449676, "log10_alpha": -4.551364507084262, "log10_colsample_bytree": -0.5743985613923789, "log10_eta": -2.3962319020917975, "log10_lambda": -2.9306761421683056, "log10_min_child_weight": 4.729352370732023, "log10_subsample": -0.5440072319837158, "max_depth": 7.0, "num_boost_round": 1.0}, "datetime": {"datetime": "2024-01-19 01:13:46", "elapsed": 3757.960545, "delta": 0.004584}}
{"target": -13.758513811038357, "params": {"gamma": 559.5371177449676, "log10_alpha": -4.551364507084262, "log10_colsample_bytree": -0.5743985613923789, "log10_eta": -2.3962319020917975, "log10_lambda": -2.9306761421683056, "log10_min_child_weight": 4.729352370732023, "log10_subsample": -0.5440072319837158, "max_depth": 7.0, "num_boost_round": 2.0}, "datetime": {"datetime": "2024-01-19 01:13:46", "elapsed": 3757.964602, "delta": 0.004057}}
{"target": -13.758504610131991, "params": {"gamma": 559.5371177449676, "log10_alpha": -4.551364507084262, "log10_colsample_bytree": -0.5743985613923789, "log10_eta": -2.3962319020917975, "log10_lambda": -2.9306761421683056, "log10_min_child_weight": 4.729352370732023, "log10_subsample": -0.5440072319837158, "max_depth": 7.0, "num_boost_round": 3.0}, "datetime": {"datetime": "2024-01-19 01:13:46", "elapsed": 3757.968651, "delta": 0.004049}}
{"target": -13.758497727893529, "params": {"gamma": 559.5371177449676, "log10_alpha": -4.551364507084262, "log10_colsample_bytree": -0.5743985613923789, "log10_eta": -2.3962319020917975, "log10_lambda": -2.9306761421683056, "log10_min_child_weight": 4.729352370732023, "log10_subsample": -0.5440072319837158, "max_depth": 7.0, "num_boost_round": 4.0}, "datetime": {"datetime": "2024-01-19 01:13:46", "elapsed": 3757.972706, "delta": 0.004055}}
{"target": -13.758491921052117, "params": {"gamma": 559.5371177449676, "log10_alpha": -4.551364507084262, "log10_colsample_bytree": -0.5743985613923789, "log10_eta": -2.3962319020917975, "log10_lambda": -2.9306761421683056, "log10_min_child_weight": 4.729352370732023, "log10_subsample": -0.5440072319837158, "max_depth": 7.0, "num_boost_round": 5.0}, "datetime": {"datetime": "2024-01-19 01:13:46", "elapsed": 3757.976623, "delta": 0.003917}}
{"target": -13.758489243883137, "params": {"gamma": 559.5371177449676, "log10_alpha": -4.551364507084262, "log10_colsample_bytree": -0.5743985613923789, "log10_eta": -2.3962319020917975, "log10_lambda": -2.9306761421683056, "log10_min_child_weight": 4.729352370732023, "log10_subsample": -0.5440072319837158, "max_depth": 7.0, "num_boost_round": 6.0}, "datetime": {"datetime": "2024-01-19 01:13:46", "elapsed": 3757.98052, "delta": 0.003897}}
{"target": -13.758484771223833, "params": {"gamma": 559.5371177449676, "log10_alpha": -4.551364507084262, "log10_colsample_bytree": -0.5743985613923789, "log10_eta": -2.3962319020917975, "log10_lambda": -2.9306761421683056, "log10_min_child_weight": 4.729352370732023, "log10_subsample": -0.5440072319837158, "max_depth": 7.0, "num_boost_round": 7.0}, "datetime": {"datetime": "2024-01-19 01:13:46", "elapsed": 3757.984625, "delta": 0.004105}}
{"target": -13.758489404427054, "params": {"gamma": 559.5371177449676, "log10_alpha": -4.551364507084262, "log10_colsample_bytree": -0.5743985613923789, "log10_eta": -2.3962319020917975, "log10_lambda": -2.9306761421683056, "log10_min_child_weight": 4.729352370732023, "log10_subsample": -0.5440072319837158, "max_depth": 7.0, "num_boost_round": 8.0}, "datetime": {"datetime": "2024-01-19 01:13:46", "elapsed": 3757.988669, "delta": 0.004044}}
{"target": -13.758481839456538, "params": {"gamma": 559.5371177449676, "log10_alpha": -4.551364507084262, "log10_colsample_bytree": -0.5743985613923789, "log10_eta": -2.3962319020917975, "log10_lambda": -2.9306761421683056, "log10_min_child_weight": 4.729352370732023, "log10_subsample": -0.5440072319837158, "max_depth": 7.0, "num_boost_round": 9.0}, "datetime": {"datetime": "2024-01-19 01:13:46", "elapsed": 3757.992637, "delta": 0.003968}}
{"target": -13.758464152301348, "params": {"gamma": 559.5371177449676, "log10_alpha": -4.551364507084262, "log10_colsample_bytree": -0.5743985613923789, "log10_eta": -2.3962319020917975, "log10_lambda": -2.9306761421683056, "log10_min_child_weight": 4.729352370732023, "log10_subsample": -0.5440072319837158, "max_depth": 7.0, "num_boost_round": 10.0}, "datetime": {"datetime": "2024-01-19 01:13:46", "elapsed": 3757.996681, "delta": 0.004044}}
{"target": -13.758473691767524, "params": {"gamma": 559.5371177449676, "log10_alpha": -4.551364507084262, "log10_colsample_bytree": -0.5743985613923789, "log10_eta": -2.3962319020917975, "log10_lambda": -2.9306761421683056, "log10_min_child_weight": 4.729352370732023, "log10_subsample": -0.5440072319837158, "max_depth": 7.0, "num_boost_round": 11.0}, "datetime": {"datetime": "2024-01-19 01:13:46", "elapsed": 3758.124779, "delta": 0.128098}}
{"target": -13.758491057786708, "params": {"gamma": 559.5371177449676, "log10_alpha": -4.551364507084262, "log10_colsample_bytree": -0.5743985613923789, "log10_eta": -2.3962319020917975, "log10_lambda": -2.9306761421683056, "log10_min_child_weight": 4.729352370732023, "log10_subsample": -0.5440072319837158, "max_depth": 7.0, "num_boost_round": 12.0}, "datetime": {"datetime": "2024-01-19 01:13:46", "elapsed": 3758.129621, "delta": 0.004842}}
{"target": -13.758509394145529, "params": {"gamma": 559.5371177449676, "log10_alpha": -4.551364507084262, "log10_colsample_bytree": -0.5743985613923789, "log10_eta": -2.3962319020917975, "log10_lambda": -2.9306761421683056, "log10_min_child_weight": 4.729352370732023, "log10_subsample": -0.5440072319837158, "max_depth": 7.0, "num_boost_round": 13.0}, "datetime": {"datetime": "2024-01-19 01:13:46", "elapsed": 3758.133982, "delta": 0.004361}}
{"target": -13.75850552439572, "params": {"gamma": 559.5371177449676, "log10_alpha": -4.551364507084262, "log10_colsample_bytree": -0.5743985613923789, "log10_eta": -2.3962319020917975, "log10_lambda": -2.9306761421683056, "log10_min_child_weight": 4.729352370732023, "log10_subsample": -0.5440072319837158, "max_depth": 7.0, "num_boost_round": 14.0}, "datetime": {"datetime": "2024-01-19 01:13:46", "elapsed": 3758.138328, "delta": 0.004346}}
{"target": -13.758488254977413, "params": {"gamma": 559.5371177449676, "log10_alpha": -4.551364507084262, "log10_colsample_bytree": -0.5743985613923789, "log10_eta": -2.3962319020917975, "log10_lambda": -2.9306761421683056, "log10_min_child_weight": 4.729352370732023, "log10_subsample": -0.5440072319837158, "max_depth": 7.0, "num_boost_round": 15.0}, "datetime": {"datetime": "2024-01-19 01:13:46", "elapsed": 3758.142398, "delta": 0.00407}}
{"target": -13.758479438482865, "params": {"gamma": 559.5371177449676, "log10_alpha": -4.551364507084262, "log10_colsample_bytree": -0.5743985613923789, "log10_eta": -2.3962319020917975, "log10_lambda": -2.9306761421683056, "log10_min_child_weight": 4.729352370732023, "log10_subsample": -0.5440072319837158, "max_depth": 7.0, "num_boost_round": 16.0}, "datetime": {"datetime": "2024-01-19 01:13:46", "elapsed": 3758.146472, "delta": 0.004074}}
{"target": -13.75849614990187, "params": {"gamma": 559.5371177449676, "log10_alpha": -4.551364507084262, "log10_colsample_bytree": -0.5743985613923789, "log10_eta": -2.3962319020917975, "log10_lambda": -2.9306761421683056, "log10_min_child_weight": 4.729352370732023, "log10_subsample": -0.5440072319837158, "max_depth": 7.0, "num_boost_round": 17.0}, "datetime": {"datetime": "2024-01-19 01:13:46", "elapsed": 3758.150561, "delta": 0.004089}}
{"target": -13.758496323293572, "params": {"gamma": 559.5371177449676, "log10_alpha": -4.551364507084262, "log10_colsample_bytree": -0.5743985613923789, "log10_eta": -2.3962319020917975, "log10_lambda": -2.9306761421683056, "log10_min_child_weight": 4.729352370732023, "log10_subsample": -0.5440072319837158, "max_depth": 7.0, "num_boost_round": 18.0}, "datetime": {"datetime": "2024-01-19 01:13:46", "elapsed": 3758.154619, "delta": 0.004058}}
{"target": -13.75846657868326, "params": {"gamma": 559.5371177449676, "log10_alpha": -4.551364507084262, "log10_colsample_bytree": -0.5743985613923789, "log10_eta": -2.3962319020917975, "log10_lambda": -2.9306761421683056, "log10_min_child_weight": 4.729352370732023, "log10_subsample": -0.5440072319837158, "max_depth": 7.0, "num_boost_round": 19.0}, "datetime": {"datetime": "2024-01-19 01:13:46", "elapsed": 3758.158799, "delta": 0.00418}}
{"target": -13.758451300970266, "params": {"gamma": 559.5371177449676, "log10_alpha": -4.551364507084262, "log10_colsample_bytree": -0.5743985613923789, "log10_eta": -2.3962319020917975, "log10_lambda": -2.9306761421683056, "log10_min_child_weight": 4.729352370732023, "log10_subsample": -0.5440072319837158, "max_depth": 7.0, "num_boost_round": 20.0}, "datetime": {"datetime": "2024-01-19 01:13:46", "elapsed": 3758.162953, "delta": 0.004154}}
{"target": -13.758436484788481, "params": {"gamma": 559.5371177449676, "log10_alpha": -4.551364507084262, "log10_colsample_bytree": -0.5743985613923789, "log10_eta": -2.3962319020917975, "log10_lambda": -2.9306761421683056, "log10_min_child_weight": 4.729352370732023, "log10_subsample": -0.5440072319837158, "max_depth": 7.0, "num_boost_round": 21.0}, "datetime": {"datetime": "2024-01-19 01:13:46", "elapsed": 3758.167098, "delta": 0.004145}}
{"target": -13.758405084677927, "params": {"gamma": 559.5371177449676, "log10_alpha": -4.551364507084262, "log10_colsample_bytree": -0.5743985613923789, "log10_eta": -2.3962319020917975, "log10_lambda": -2.9306761421683056, "log10_min_child_weight": 4.729352370732023, "log10_subsample": -0.5440072319837158, "max_depth": 7.0, "num_boost_round": 22.0}, "datetime": {"datetime": "2024-01-19 01:13:46", "elapsed": 3758.171255, "delta": 0.004157}}
{"target": -13.758378132334649, "params": {"gamma": 559.5371177449676, "log10_alpha": -4.551364507084262, "log10_colsample_bytree": -0.5743985613923789, "log10_eta": -2.3962319020917975, "log10_lambda": -2.9306761421683056, "log10_min_child_weight": 4.729352370732023, "log10_subsample": -0.5440072319837158, "max_depth": 7.0, "num_boost_round": 23.0}, "datetime": {"datetime": "2024-01-19 01:13:46", "elapsed": 3758.175351, "delta": 0.004096}}
{"target": -13.758386741970998, "params": {"gamma": 559.5371177449676, "log10_alpha": -4.551364507084262, "log10_colsample_bytree": -0.5743985613923789, "log10_eta": -2.3962319020917975, "log10_lambda": -2.9306761421683056, "log10_min_child_weight": 4.729352370732023, "log10_subsample": -0.5440072319837158, "max_depth": 7.0, "num_boost_round": 24.0}, "datetime": {"datetime": "2024-01-19 01:13:46", "elapsed": 3758.179483, "delta": 0.004132}}
