{"target": -13.758495469805936, "params": {"gamma": 953.5969716424746, "log10_alpha": -4.43237581335981, "log10_colsample_bytree": -0.8501275766507035, "log10_eta": -3.6760789907228837, "log10_lambda": -3.755784478787972, "log10_min_child_weight": 3.5327380496328713, "log10_subsample": -0.017905463434600644, "max_depth": 2.0, "num_boost_round": 26.0}, "datetime": {"datetime": "2024-01-19 00:46:44", "elapsed": 2105.883232, "delta": 0.002908}}
{"target": -13.758491466118926, "params": {"gamma": 953.5969716424746, "log10_alpha": -4.43237581335981, "log10_colsample_bytree": -0.8501275766507035, "log10_eta": -3.6760789907228837, "log10_lambda": -3.755784478787972, "log10_min_child_weight": 3.5327380496328713, "log10_subsample": -0.017905463434600644, "max_depth": 2.0, "num_boost_round": 27.0}, "datetime": {"datetime": "2024-01-19 00:46:44", "elapsed": 2105.886095, "delta": 0.002863}}
{"target": -13.758488362173242, "params": {"gamma": 953.5969716424746, "log10_alpha": -4.43237581335981, "log10_colsample_bytree": -0.8501275766507035, "log10_eta": -3.6760789907228837, "log10_lambda": -3.755784478787972, "log10_min_child_weight": 3.5327380496328713, "log10_subsample": -0.017905463434600644, "max_depth": 2.0, "num_boost_round": 28.0}, "datetime": {"datetime": "2024-01-19 00:46:44", "elapsed": 2105.888976, "delta": 0.002881}}
{"target": -13.758484874991812, "params": {"gamma": 953.5969716424746, "log10_alpha": -4.43237581335981, "log10_colsample_bytree": -0.8501275766507035, "log10_eta": -3.6760789907228837, "log10_lambda": -3.755784478787972, "log10_min_child_weight": 3.5327380496328713, "log10_subsample": -0.017905463434600644, "max_depth": 2.0, "num_boost_round": 29.0}, "datetime": {"datetime": "2024-01-19 00:46:44", "elapsed": 2105.891841, "delta": 0.002865}}
{"target": -13.758480892172965, "params": {"gamma": 953.5969716424746, "log10_alpha": -4.43237581335981, "log10_colsample_bytree": -0.8501275766507035, "log10_eta": -3.6760789907228837, "log10_lambda": -3.755784478787972, "log10_min_child_weight": 3.5327380496328713, "log10_subsample": -0.017905463434600644, "max_depth": 2.0, "num_boost_round": 30.0}, "datetime": {"datetime": "2024-01-19 00:46:44", "elapsed": 2105.894698, "delta": 0.002857}}
{"target": -13.75847749849859, "params": {"gamma": 953.5969716424746, "log10_alpha": -4.43237581335981, "log10_colsample_bytree": -0.8501275766507035, "log10_eta": -3.6760789907228837, "log10_lambda": -3.755784478787972, "log10_min_child_weight": 3.5327380496328713, "log10_subsample": -0.017905463434600644, "max_depth": 2.0, "num_boost_round": 31.0}, "datetime": {"datetime": "2024-01-19 00:46:44", "elapsed": 2105.898211, "delta": 0.003513}}
{"target": -13.758475211586246, "params": {"gamma": 953.5969716424746, "log10_alpha": -4.43237581335981, "log10_colsample_bytree": -0.8501275766507035, "log10_eta": -3.6760789907228837, "log10_lambda": -3.755784478787972, "log10_min_child_weight": 3.5327380496328713, "log10_subsample": -0.017905463434600644, "max_depth": 2.0, "num_boost_round": 32.0}, "datetime": {"datetime": "2024-01-19 00:46:44", "elapsed": 2105.902032, "delta": 0.003821}}
{"target": -13.758475582365213, "params": {"gamma": 953.5969716424746, "log10_alpha": -4.43237581335981, "log10_colsample_bytree": -0.8501275766507035, "log10_eta": -3.6760789907228837, "log10_lambda": -3.755784478787972, "log10_min_child_weight": 3.5327380496328713, "log10_subsample": -0.017905463434600644, "max_depth": 2.0, "num_boost_round": 33.0}, "datetime": {"datetime": "2024-01-19 00:46:44", "elapsed": 2105.905535, "delta": 0.003503}}
{"target": -13.758473089436096, "params": {"gamma": 953.5969716424746, "log10_alpha": -4.43237581335981, "log10_colsample_bytree": -0.8501275766507035, "log10_eta": -3.6760789907228837, "log10_lambda": -3.755784478787972, "log10_min_child_weight": 3.5327380496328713, "log10_subsample": -0.017905463434600644, "max_depth": 2.0, "num_boost_round": 34.0}, "datetime": {"datetime": "2024-01-19 00:46:44", "elapsed": 2105.908529, "delta": 0.002994}}
{"target": -13.758471911656773, "params": {"gamma": 953.5969716424746, "log10_alpha": -4.43237581335981, "log10_colsample_bytree": -0.8501275766507035, "log10_eta": -3.6760789907228837, "log10_lambda": -3.755784478787972, "log10_min_child_weight": 3.5327380496328713, "log10_subsample": -0.017905463434600644, "max_depth": 2.0, "num_boost_round": 35.0}, "datetime": {"datetime": "2024-01-19 00:46:44", "elapsed": 2105.911472, "delta": 0.002943}}
{"target": -13.75847135478716, "params": {"gamma": 953.5969716424746, "log10_alpha": -4.43237581335981, "log10_colsample_bytree": -0.8501275766507035, "log10_eta": -3.6760789907228837, "log10_lambda": -3.755784478787972, "log10_min_child_weight": 3.5327380496328713, "log10_subsample": -0.017905463434600644, "max_depth": 2.0, "num_boost_round": 36.0}, "datetime": {"datetime": "2024-01-19 00:46:44", "elapsed": 2105.914401, "delta": 0.002929}}
{"target": -13.758471206929007, "params": {"gamma": 953.5969716424746, "log10_alpha": -4.43237581335981, "log10_colsample_bytree": -0.8501275766507035, "log10_eta": -3.6760789907228837, "log10_lambda": -3.755784478787972, "log10_min_child_weight": 3.5327380496328713, "log10_subsample": -0.017905463434600644, "max_depth": 2.0, "num_boost_round": 37.0}, "datetime": {"datetime": "2024-01-19 00:46:44", "elapsed": 2105.917248, "delta": 0.002847}}
{"target": -13.758536762081777, "params": {"gamma": 953.0946386022111, "log10_alpha": -1.4036236327355427, "log10_colsample_bytree": -0.23807080570153627, "log10_eta": -3.983899395066514, "log10_lambda": -3.7474533335752405, "log10_min_child_weight": 3.0020731449600935, "log10_subsample": -0.09058316261967414, "max_depth": 6.0, "num_boost_round": 0.0}, "datetime": {"datetime": "2024-01-19 00:47:23", "elapsed": 2144.302109, "delta": 38.384861}}
{"target": -13.75853575079962, "params": {"gamma": 953.0946386022111, "log10_alpha": -1.4036236327355427, "log10_colsample_bytree": -0.23807080570153627, "log10_eta": -3.983899395066514, "log10_lambda": -3.7474533335752405, "log10_min_child_weight": 3.0020731449600935, "log10_subsample": -0.09058316261967414, "max_depth": 6.0, "num_boost_round": 1.0}, "datetime": {"datetime": "2024-01-19 00:47:23", "elapsed": 2144.305993, "delta": 0.003884}}
{"target": -13.758532951148528, "params": {"gamma": 953.0946386022111, "log10_alpha": -1.4036236327355427, "log10_colsample_bytree": -0.23807080570153627, "log10_eta": -3.983899395066514, "log10_lambda": -3.7474533335752405, "log10_min_child_weight": 3.0020731449600935, "log10_subsample": -0.09058316261967414, "max_depth": 6.0, "num_boost_round": 2.0}, "datetime": {"datetime": "2024-01-19 00:47:23", "elapsed": 2144.309238, "delta": 0.003245}}
{"target": -13.758530560724028, "params": {"gamma": 953.0946386022111, "log10_alpha": -1.4036236327355427, "log10_colsample_bytree": -0.23807080570153627, "log10_eta": -3.983899395066514, "log10_lambda": -3.7474533335752405, "log10_min_child_weight": 3.0020731449600935, "log10_subsample": -0.09058316261967414, "max_depth": 6.0, "num_boost_round": 3.0}, "datetime": {"datetime": "2024-01-19 00:47:23", "elapsed": 2144.31243, "delta": 0.003192}}
{"target": -13.758529558679037, "params": {"gamma": 953.0946386022111, "log10_alpha": -1.4036236327355427, "log10_colsample_bytree": -0.23807080570153627, "log10_eta": -3.983899395066514, "log10_lambda": -3.7474533335752405, "log10_min_child_weight": 3.0020731449600935, "log10_subsample": -0.09058316261967414, "max_depth": 6.0, "num_boost_round": 4.0}, "datetime": {"datetime": "2024-01-19 00:47:23", "elapsed": 2144.315393, "delta": 0.002963}}
{"target": -13.758528518908435, "params": {"gamma": 953.0946386022111, "log10_alpha": -1.4036236327355427, "log10_colsample_bytree": -0.23807080570153627, "log10_eta": -3.983899395066514, "log10_lambda": -3.7474533335752405, "log10_min_child_weight": 3.0020731449600935, "log10_subsample": -0.09058316261967414, "max_depth": 6.0, "num_boost_round": 5.0}, "datetime": {"datetime": "2024-01-19 00:47:23", "elapsed": 2144.318322, "delta": 0.002929}}
{"target": -13.758528007689959, "params": {"gamma": 953.0946386022111, "log10_alpha": -1.4036236327355427, "log10_colsample_bytree": -0.23807080570153627, "log10_eta": -3.983899395066514, "log10_lambda": -3.7474533335752405, "log10_min_child_weight": 3.0020731449600935, "log10_subsample": -0.09058316261967414, "max_depth": 6.0, "num_boost_round": 6.0}, "datetime": {"datetime": "2024-01-19 00:47:23", "elapsed": 2144.321164, "delta": 0.002842}}
{"target": -13.758531249913222, "params": {"gamma": 953.0946386022111, "log10_alpha": -1.4036236327355427, "log10_colsample_bytree": -0.23807080570153627, "log10_eta": -3.983899395066514, "log10_lambda": -3.7474533335752405, "log10_min_child_weight": 3.0020731449600935, "log10_subsample": -0.09058316261967414, "max_depth": 6.0, "num_boost_round": 7.0}, "datetime": {"datetime": "2024-01-19 00:47:23", "elapsed": 2144.324033, "delta": 0.002869}}
{"target": -13.75853332766145, "params": {"gamma": 953.0946386022111, "log10_alpha": -1.4036236327355427, "log10_colsample_bytree": -0.23807080570153627, "log10_eta": -3.983899395066514, "log10_lambda": -3.7474533335752405, "log10_min_child_weight": 3.0020731449600935, "log10_subsample": -0.09058316261967414, "max_depth": 6.0, "num_boost_round": 8.0}, "datetime": {"datetime": "2024-01-19 00:47:23", "elapsed": 2144.326872, "delta": 0.002839}}
{"target": -13.75853260871774, "params": {"gamma": 953.0946386022111, "log10_alpha": -1.4036236327355427, "log10_colsample_bytree": -0.23807080570153627, "log10_eta": -3.983899395066514, "log10_lambda": -3.7474533335752405, "log10_min_child_weight": 3.0020731449600935, "log10_subsample": -0.09058316261967414, "max_depth": 6.0, "num_boost_round": 9.0}, "datetime": {"datetime": "2024-01-19 00:47:23", "elapsed": 2144.329754, "delta": 0.002882}}
{"target": -13.758530456161424, "params": {"gamma": 953.0946386022111, "log10_alpha": -1.4036236327355427, "log10_colsample_bytree": -0.23807080570153627, "log10_eta": -3.983899395066514, "log10_lambda": -3.7474533335752405, "log10_min_child_weight": 3.0020731449600935, "log10_subsample": -0.09058316261967414, "max_depth": 6.0, "num_boost_round": 10.0}, "datetime": {"datetime": "2024-01-19 00:47:23", "elapsed": 2144.332652, "delta": 0.002898}}
{"target": -13.758529886364345, "params": {"gamma": 953.0946386022111, "log10_alpha": -1.4036236327355427, "log10_colsample_bytree": -0.23807080570153627, "log10_eta": -3.983899395066514, "log10_lambda": -3.7474533335752405, "log10_min_child_weight": 3.0020731449600935, "log10_subsample": -0.09058316261967414, "max_depth": 6.0, "num_boost_round": 11.0}, "datetime": {"datetime": "2024-01-19 00:47:23", "elapsed": 2144.335537, "delta": 0.002885}}
{"target": -13.75853085934116, "params": {"gamma": 953.0946386022111, "log10_alpha": -1.4036236327355427, "log10_colsample_bytree": -0.23807080570153627, "log10_eta": -3.983899395066514, "log10_lambda": -3.7474533335752405, "log10_min_child_weight": 3.0020731449600935, "log10_subsample": -0.09058316261967414, "max_depth": 6.0, "num_boost_round": 12.0}, "datetime": {"datetime": "2024-01-19 00:47:23", "elapsed": 2144.338433, "delta": 0.002896}}
{"target": -13.758530459650691, "params": {"gamma": 953.0946386022111, "log10_alpha": -1.4036236327355427, "log10_colsample_bytree": -0.23807080570153627, "log10_eta": -3.983899395066514, "log10_lambda": -3.7474533335752405, "log10_min_child_weight": 3.0020731449600935, "log10_subsample": -0.09058316261967414, "max_depth": 6.0, "num_boost_round": 13.0}, "datetime": {"datetime": "2024-01-19 00:47:23", "elapsed": 2144.341336, "delta": 0.002903}}
{"target": -13.758529942783456, "params": {"gamma": 953.0946386022111, "log10_alpha": -1.4036236327355427, "log10_colsample_bytree": -0.23807080570153627, "log10_eta": -3.983899395066514, "log10_lambda": -3.7474533335752405, "log10_min_child_weight": 3.0020731449600935, "log10_subsample": -0.09058316261967414, "max_depth": 6.0, "num_boost_round": 14.0}, "datetime": {"datetime": "2024-01-19 00:47:23", "elapsed": 2144.344232, "delta": 0.002896}}
{"target": -13.758525240382069, "params": {"gamma": 953.0946386022111, "log10_alpha": -1.4036236327355427, "log10_colsample_bytree": -0.23807080570153627, "log10_eta": -3.983899395066514, "log10_lambda": -3.7474533335752405, "log10_min_child_weight": 3.0020731449600935, "log10_subsample": -0.09058316261967414, "max_depth": 6.0, "num_boost_round": 15.0}, "datetime": {"datetime": "2024-01-19 00:47:23", "elapsed": 2144.347121, "delta": 0.002889}}
{"target": -13.758521318852516, "params": {"gamma": 953.0946386022111, "log10_alpha": -1.4036236327355427, "log10_colsample_bytree": -0.23807080570153627, "log10_eta": -3.983899395066514, "log10_lambda": -3.7474533335752405, "log10_min_child_weight": 3.0020731449600935, "log10_subsample": -0.09058316261967414, "max_depth": 6.0, "num_boost_round": 16.0}, "datetime": {"datetime": "2024-01-19 00:47:23", "elapsed": 2144.35004, "delta": 0.002919}}
{"target": -13.758517870599494, "params": {"gamma": 953.0946386022111, "log10_alpha": -1.4036236327355427, "log10_colsample_bytree": -0.23807080570153627, "log10_eta": -3.983899395066514, "log10_lambda": -3.7474533335752405, "log10_min_child_weight": 3.0020731449600935, "log10_subsample": -0.09058316261967414, "max_depth": 6.0, "num_boost_round": 17.0}, "datetime": {"datetime": "2024-01-19 00:47:23", "elapsed": 2144.352907, "delta": 0.002867}}
{"target": -13.758518206918014, "params": {"gamma": 953.0946386022111, "log10_alpha": -1.4036236327355427, "log10_colsample_bytree": -0.23807080570153627, "log10_eta": -3.983899395066514, "log10_lambda": -3.7474533335752405, "log10_min_child_weight": 3.0020731449600935, "log10_subsample": -0.09058316261967414, "max_depth": 6.0, "num_boost_round": 18.0}, "datetime": {"datetime": "2024-01-19 00:47:23", "elapsed": 2144.355814, "delta": 0.002907}}
{"target": -13.758513622737539, "params": {"gamma": 953.0946386022111, "log10_alpha": -1.4036236327355427, "log10_colsample_bytree": -0.23807080570153627, "log10_eta": -3.983899395066514, "log10_lambda": -3.7474533335752405, "log10_min_child_weight": 3.0020731449600935, "log10_subsample": -0.09058316261967414, "max_depth": 6.0, "num_boost_round": 19.0}, "datetime": {"datetime": "2024-01-19 00:47:23", "elapsed": 2144.358727, "delta": 0.002913}}
{"target": -13.758510153722968, "params": {"gamma": 953.0946386022111, "log10_alpha": -1.4036236327355427, "log10_colsample_bytree": -0.23807080570153627, "log10_eta": -3.983899395066514, "log10_lambda": -3.7474533335752405, "log10_min_child_weight": 3.0020731449600935, "log10_subsample": -0.09058316261967414, "max_depth": 6.0, "num_boost_round": 20.0}, "datetime": {"datetime": "2024-01-19 00:47:23", "elapsed": 2144.361646, "delta": 0.002919}}
{"target": -13.758508238076928, "params": {"gamma": 953.0946386022111, "log10_alpha": -1.4036236327355427, "log10_colsample_bytree": -0.23807080570153627, "log10_eta": -3.983899395066514, "log10_lambda": -3.7474533335752405, "log10_min_child_weight": 3.0020731449600935, "log10_subsample": -0.09058316261967414, "max_depth": 6.0, "num_boost_round": 21.0}, "datetime": {"datetime": "2024-01-19 00:47:23", "elapsed": 2144.364498, "delta": 0.002852}}
{"target": -13.75850541018726, "params": {"gamma": 953.0946386022111, "log10_alpha": -1.4036236327355427, "log10_colsample_bytree": -0.23807080570153627, "log10_eta": -3.983899395066514, "log10_lambda": -3.7474533335752405, "log10_min_child_weight": 3.0020731449600935, "log10_subsample": -0.09058316261967414, "max_depth": 6.0, "num_boost_round": 22.0}, "datetime": {"datetime": "2024-01-19 00:47:23", "elapsed": 2144.367412, "delta": 0.002914}}
{"target": -13.758500650650644, "params": {"gamma": 953.0946386022111, "log10_alpha": -1.4036236327355427, "log10_colsample_bytree": -0.23807080570153627, "log10_eta": -3.983899395066514, "log10_lambda": -3.7474533335752405, "log10_min_child_weight": 3.0020731449600935, "log10_subsample": -0.09058316261967414, "max_depth": 6.0, "num_boost_round": 23.0}, "datetime": {"datetime": "2024-01-19 00:47:23", "elapsed": 2144.370338, "delta": 0.002926}}
{"target": -13.758497688481855, "params": {"gamma": 953.0946386022111, "log10_alpha": -1.4036236327355427, "log10_colsample_bytree": -0.23807080570153627, "log10_eta": -3.983899395066514, "log10_lambda": -3.7474533335752405, "log10_min_child_weight": 3.0020731449600935, "log10_subsample": -0.09058316261967414, "max_depth": 6.0, "num_boost_round": 24.0}, "datetime": {"datetime": "2024-01-19 00:47:23", "elapsed": 2144.373255, "delta": 0.002917}}
{"target": -13.758494897590102, "params": {"gamma": 953.0946386022111, "log10_alpha": -1.4036236327355427, "log10_colsample_bytree": -0.23807080570153627, "log10_eta": -3.983899395066514, "log10_lambda": -3.7474533335752405, "log10_min_child_weight": 3.0020731449600935, "log10_subsample": -0.09058316261967414, "max_depth": 6.0, "num_boost_round": 25.0}, "datetime": {"datetime": "2024-01-19 00:47:23", "elapsed": 2144.376166, "delta": 0.002911}}
{"target": -13.758493812307703, "params": {"gamma": 953.0946386022111, "log10_alpha": -1.4036236327355427, "log10_colsample_bytree": -0.23807080570153627, "log10_eta": -3.983899395066514, "log10_lambda": -3.7474533335752405, "log10_min_child_weight": 3.0020731449600935, "log10_subsample": -0.09058316261967414, "max_depth": 6.0, "num_boost_round": 26.0}, "datetime": {"datetime": "2024-01-19 00:47:23", "elapsed": 2144.379102, "delta": 0.002936}}
{"target": -13.758492388490588, "params": {"gamma": 953.0946386022111, "log10_alpha": -1.4036236327355427, "log10_colsample_bytree": -0.23807080570153627, "log10_eta": -3.983899395066514, "log10_lambda": -3.7474533335752405, "log10_min_child_weight": 3.0020731449600935, "log10_subsample": -0.09058316261967414, "max_depth": 6.0, "num_boost_round": 27.0}, "datetime": {"datetime": "2024-01-19 00:47:23", "elapsed": 2144.381999, "delta": 0.002897}}
{"target": -13.7584913885208, "params": {"gamma": 953.0946386022111, "log10_alpha": -1.4036236327355427, "log10_colsample_bytree": -0.23807080570153627, "log10_eta": -3.983899395066514, "log10_lambda": -3.7474533335752405, "log10_min_child_weight": 3.0020731449600935, "log10_subsample": -0.09058316261967414, "max_depth": 6.0, "num_boost_round": 28.0}, "datetime": {"datetime": "2024-01-19 00:47:23", "elapsed": 2144.384919, "delta": 0.00292}}
{"target": -13.758490630055194, "params": {"gamma": 953.0946386022111, "log10_alpha": -1.4036236327355427, "log10_colsample_bytree": -0.23807080570153627, "log10_eta": -3.983899395066514, "log10_lambda": -3.7474533335752405, "log10_min_child_weight": 3.0020731449600935, "log10_subsample": -0.09058316261967414, "max_depth": 6.0, "num_boost_round": 29.0}, "datetime": {"datetime": "2024-01-19 00:47:23", "elapsed": 2144.387835, "delta": 0.002916}}
{"target": -13.758491957866013, "params": {"gamma": 953.0946386022111, "log10_alpha": -1.4036236327355427, "log10_colsample_bytree": -0.23807080570153627, "log10_eta": -3.983899395066514, "log10_lambda": -3.7474533335752405, "log10_min_child_weight": 3.0020731449600935, "log10_subsample": -0.09058316261967414, "max_depth": 6.0, "num_boost_round": 30.0}, "datetime": {"datetime": "2024-01-19 00:47:23", "elapsed": 2144.390759, "delta": 0.002924}}
{"target": -13.758494316171506, "params": {"gamma": 953.0946386022111, "log10_alpha": -1.4036236327355427, "log10_colsample_bytree": -0.23807080570153627, "log10_eta": -3.983899395066514, "log10_lambda": -3.7474533335752405, "log10_min_child_weight": 3.0020731449600935, "log10_subsample": -0.09058316261967414, "max_depth": 6.0, "num_boost_round": 31.0}, "datetime": {"datetime": "2024-01-19 00:47:23", "elapsed": 2144.393648, "delta": 0.002889}}
{"target": -13.758494622157505, "params": {"gamma": 953.0946386022111, "log10_alpha": -1.4036236327355427, "log10_colsample_bytree": -0.23807080570153627, "log10_eta": -3.983899395066514, "log10_lambda": -3.7474533335752405, "log10_min_child_weight": 3.0020731449600935, "log10_subsample": -0.09058316261967414, "max_depth": 6.0, "num_boost_round": 32.0}, "datetime": {"datetime": "2024-01-19 00:47:23", "elapsed": 2144.397198, "delta": 0.00355}}
{"target": -13.758493852706179, "params": {"gamma": 953.0946386022111, "log10_alpha": -1.4036236327355427, "log10_colsample_bytree": -0.23807080570153627, "log10_eta": -3.983899395066514, "log10_lambda": -3.7474533335752405, "log10_min_child_weight": 3.0020731449600935, "log10_subsample": -0.09058316261967414, "max_depth": 6.0, "num_boost_round": 33.0}, "datetime": {"datetime": "2024-01-19 00:47:23", "elapsed": 2144.401103, "delta": 0.003905}}
{"target": -13.75849289938435, "params": {"gamma": 953.0946386022111, "log10_alpha": -1.4036236327355427, "log10_colsample_bytree": -0.23807080570153627, "log10_eta": -3.983899395066514, "log10_lambda": -3.7474533335752405, "log10_min_child_weight": 3.0020731449600935, "log10_subsample": -0.09058316261967414, "max_depth": 6.0, "num_boost_round": 34.0}, "datetime": {"datetime": "2024-01-19 00:47:23", "elapsed": 2144.404167, "delta": 0.003064}}
{"target": -13.758492115303685, "params": {"gamma": 953.0946386022111, "log10_alpha": -1.4036236327355427, "log10_colsample_bytree": -0.23807080570153627, "log10_eta": -3.983899395066514, "log10_lambda": -3.7474533335752405, "log10_min_child_weight": 3.0020731449600935, "log10_subsample": -0.09058316261967414, "max_depth": 6.0, "num_boost_round": 35.0}, "datetime": {"datetime": "2024-01-19 00:47:23", "elapsed": 2144.407159, "delta": 0.002992}}
{"target": -13.75849189225985, "params": {"gamma": 953.0946386022111, "log10_alpha": -1.4036236327355427, "log10_colsample_bytree": -0.23807080570153627, "log10_eta": -3.983899395066514, "log10_lambda": -3.7474533335752405, "log10_min_child_weight": 3.0020731449600935, "log10_subsample": -0.09058316261967414, "max_depth": 6.0, "num_boost_round": 36.0}, "datetime": {"datetime": "2024-01-19 00:47:23", "elapsed": 2144.410163, "delta": 0.003004}}
