{"target": -13.758387878715222, "params": {"gamma": 876.8861833024077, "log10_alpha": -0.5687817456983737, "log10_colsample_bytree": -0.732802445051396, "log10_eta": -2.3468050441383896, "log10_lambda": -4.359459681626036, "log10_min_child_weight": 0.3458209298748882, "log10_subsample": -0.8557530971388575, "max_depth": 6.0, "num_boost_round": 2.0}, "datetime": {"datetime": "2024-01-19 00:14:30", "elapsed": 190.041429, "delta": 0.000468}}
{"target": -13.758317861147612, "params": {"gamma": 876.8861833024077, "log10_alpha": -0.5687817456983737, "log10_colsample_bytree": -0.732802445051396, "log10_eta": -2.3468050441383896, "log10_lambda": -4.359459681626036, "log10_min_child_weight": 0.3458209298748882, "log10_subsample": -0.8557530971388575, "max_depth": 6.0, "num_boost_round": 3.0}, "datetime": {"datetime": "2024-01-19 00:14:30", "elapsed": 190.041888, "delta": 0.000459}}
{"target": -13.75825574996777, "params": {"gamma": 876.8861833024077, "log10_alpha": -0.5687817456983737, "log10_colsample_bytree": -0.732802445051396, "log10_eta": -2.3468050441383896, "log10_lambda": -4.359459681626036, "log10_min_child_weight": 0.3458209298748882, "log10_subsample": -0.8557530971388575, "max_depth": 6.0, "num_boost_round": 4.0}, "datetime": {"datetime": "2024-01-19 00:14:30", "elapsed": 190.042327, "delta": 0.000439}}
{"target": -13.75811339137154, "params": {"gamma": 876.8861833024077, "log10_alpha": -0.5687817456983737, "log10_colsample_bytree": -0.732802445051396, "log10_eta": -2.3468050441383896, "log10_lambda": -4.359459681626036, "log10_min_child_weight": 0.3458209298748882, "log10_subsample": -0.8557530971388575, "max_depth": 6.0, "num_boost_round": 5.0}, "datetime": {"datetime": "2024-01-19 00:14:30", "elapsed": 190.042776, "delta": 0.000449}}
{"target": -13.758035457871163, "params": {"gamma": 876.8861833024077, "log10_alpha": -0.5687817456983737, "log10_colsample_bytree": -0.732802445051396, "log10_eta": -2.3468050441383896, "log10_lambda": -4.359459681626036, "log10_min_child_weight": 0.3458209298748882, "log10_subsample": -0.8557530971388575, "max_depth": 6.0, "num_boost_round": 6.0}, "datetime": {"datetime": "2024-01-19 00:14:30", "elapsed": 190.043222, "delta": 0.000446}}
{"target": -13.757980374763344, "params": {"gamma": 876.8861833024077, "log10_alpha": -0.5687817456983737, "log10_colsample_bytree": -0.732802445051396, "log10_eta": -2.3468050441383896, "log10_lambda": -4.359459681626036, "log10_min_child_weight": 0.3458209298748882, "log10_subsample": -0.8557530971388575, "max_depth": 6.0, "num_boost_round": 7.0}, "datetime": {"datetime": "2024-01-19 00:14:30", "elapsed": 190.04368, "delta": 0.000458}}
{"target": -13.757896726492252, "params": {"gamma": 876.8861833024077, "log10_alpha": -0.5687817456983737, "log10_colsample_bytree": -0.732802445051396, "log10_eta": -2.3468050441383896, "log10_lambda": -4.359459681626036, "log10_min_child_weight": 0.3458209298748882, "log10_subsample": -0.8557530971388575, "max_depth": 6.0, "num_boost_round": 8.0}, "datetime": {"datetime": "2024-01-19 00:14:30", "elapsed": 190.044122, "delta": 0.000442}}
{"target": -13.757907373845267, "params": {"gamma": 876.8861833024077, "log10_alpha": -0.5687817456983737, "log10_colsample_bytree": -0.732802445051396, "log10_eta": -2.3468050441383896, "log10_lambda": -4.359459681626036, "log10_min_child_weight": 0.3458209298748882, "log10_subsample": -0.8557530971388575, "max_depth": 6.0, "num_boost_round": 9.0}, "datetime": {"datetime": "2024-01-19 00:14:30", "elapsed": 190.044564, "delta": 0.000442}}
{"target": -13.757852839220876, "params": {"gamma": 876.8861833024077, "log10_alpha": -0.5687817456983737, "log10_colsample_bytree": -0.732802445051396, "log10_eta": -2.3468050441383896, "log10_lambda": -4.359459681626036, "log10_min_child_weight": 0.3458209298748882, "log10_subsample": -0.8557530971388575, "max_depth": 6.0, "num_boost_round": 10.0}, "datetime": {"datetime": "2024-01-19 00:14:30", "elapsed": 190.045012, "delta": 0.000448}}
{"target": -13.757787478676454, "params": {"gamma": 876.8861833024077, "log10_alpha": -0.5687817456983737, "log10_colsample_bytree": -0.732802445051396, "log10_eta": -2.3468050441383896, "log10_lambda": -4.359459681626036, "log10_min_child_weight": 0.3458209298748882, "log10_subsample": -0.8557530971388575, "max_depth": 6.0, "num_boost_round": 11.0}, "datetime": {"datetime": "2024-01-19 00:14:30", "elapsed": 190.045458, "delta": 0.000446}}
{"target": -13.757903358637208, "params": {"gamma": 876.8861833024077, "log10_alpha": -0.5687817456983737, "log10_colsample_bytree": -0.732802445051396, "log10_eta": -2.3468050441383896, "log10_lambda": -4.359459681626036, "log10_min_child_weight": 0.3458209298748882, "log10_subsample": -0.8557530971388575, "max_depth": 6.0, "num_boost_round": 12.0}, "datetime": {"datetime": "2024-01-19 00:14:30", "elapsed": 190.04591, "delta": 0.000452}}
{"target": -13.75750050426285, "params": {"gamma": 876.8861833024077, "log10_alpha": -0.5687817456983737, "log10_colsample_bytree": -0.732802445051396, "log10_eta": -2.3468050441383896, "log10_lambda": -4.359459681626036, "log10_min_child_weight": 0.3458209298748882, "log10_subsample": -0.8557530971388575, "max_depth": 6.0, "num_boost_round": 13.0}, "datetime": {"datetime": "2024-01-19 00:14:30", "elapsed": 190.046355, "delta": 0.000445}}
{"target": -13.757594613840286, "params": {"gamma": 876.8861833024077, "log10_alpha": -0.5687817456983737, "log10_colsample_bytree": -0.732802445051396, "log10_eta": -2.3468050441383896, "log10_lambda": -4.359459681626036, "log10_min_child_weight": 0.3458209298748882, "log10_subsample": -0.8557530971388575, "max_depth": 6.0, "num_boost_round": 14.0}, "datetime": {"datetime": "2024-01-19 00:14:30", "elapsed": 190.046813, "delta": 0.000458}}
{"target": -13.757436766002668, "params": {"gamma": 876.8861833024077, "log10_alpha": -0.5687817456983737, "log10_colsample_bytree": -0.732802445051396, "log10_eta": -2.3468050441383896, "log10_lambda": -4.359459681626036, "log10_min_child_weight": 0.3458209298748882, "log10_subsample": -0.8557530971388575, "max_depth": 6.0, "num_boost_round": 15.0}, "datetime": {"datetime": "2024-01-19 00:14:30", "elapsed": 190.047259, "delta": 0.000446}}
{"target": -13.760703218645462, "params": {"gamma": 874.8581007229643, "log10_alpha": -1.7753439227179428, "log10_colsample_bytree": -0.6794403672367852, "log10_eta": -0.6133514709447168, "log10_lambda": -0.5272885819818605, "log10_min_child_weight": 3.8135695404226504, "log10_subsample": -0.2629255407291453, "max_depth": 9.0, "num_boost_round": 0.0}, "datetime": {"datetime": "2024-01-19 00:14:52", "elapsed": 212.069635, "delta": 22.022376}}
{"target": -13.761578883747694, "params": {"gamma": 874.8581007229643, "log10_alpha": -1.7753439227179428, "log10_colsample_bytree": -0.6794403672367852, "log10_eta": -0.6133514709447168, "log10_lambda": -0.5272885819818605, "log10_min_child_weight": 3.8135695404226504, "log10_subsample": -0.2629255407291453, "max_depth": 9.0, "num_boost_round": 1.0}, "datetime": {"datetime": "2024-01-19 00:14:52", "elapsed": 212.070255, "delta": 0.00062}}
{"target": -13.763612829929807, "params": {"gamma": 874.8581007229643, "log10_alpha": -1.7753439227179428, "log10_colsample_bytree": -0.6794403672367852, "log10_eta": -0.6133514709447168, "log10_lambda": -0.5272885819818605, "log10_min_child_weight": 3.8135695404226504, "log10_subsample": -0.2629255407291453, "max_depth": 9.0, "num_boost_round": 2.0}, "datetime": {"datetime": "2024-01-19 00:14:52", "elapsed": 212.070754, "delta": 0.000499}}
{"target": -13.767542415914047, "params": {"gamma": 874.8581007229643, "log10_alpha": -1.7753439227179428, "log10_colsample_bytree": -0.6794403672367852, "log10_eta": -0.6133514709447168, "log10_lambda": -0.5272885819818605, "log10_min_child_weight": 3.8135695404226504, "log10_subsample": -0.2629255407291453, "max_depth": 9.0, "num_boost_round": 3.0}, "datetime": {"datetime": "2024-01-19 00:14:52", "elapsed": 212.071216, "delta": 0.000462}}
{"target": -13.768663140879184, "params": {"gamma": 874.8581007229643, "log10_alpha": -1.7753439227179428, "log10_colsample_bytree": -0.6794403672367852, "log10_eta": -0.6133514709447168, "log10_lambda": -0.5272885819818605, "log10_min_child_weight": 3.8135695404226504, "log10_subsample": -0.2629255407291453, "max_depth": 9.0, "num_boost_round": 4.0}, "datetime": {"datetime": "2024-01-19 00:14:52", "elapsed": 212.071692, "delta": 0.000476}}
{"target": -13.778521191892816, "params": {"gamma": 874.8581007229643, "log10_alpha": -1.7753439227179428, "log10_colsample_bytree": -0.6794403672367852, "log10_eta": -0.6133514709447168, "log10_lambda": -0.5272885819818605, "log10_min_child_weight": 3.8135695404226504, "log10_subsample": -0.2629255407291453, "max_depth": 9.0, "num_boost_round": 5.0}, "datetime": {"datetime": "2024-01-19 00:14:52", "elapsed": 212.072467, "delta": 0.000775}}
{"target": -13.787869371746726, "params": {"gamma": 874.8581007229643, "log10_alpha": -1.7753439227179428, "log10_colsample_bytree": -0.6794403672367852, "log10_eta": -0.6133514709447168, "log10_lambda": -0.5272885819818605, "log10_min_child_weight": 3.8135695404226504, "log10_subsample": -0.2629255407291453, "max_depth": 9.0, "num_boost_round": 6.0}, "datetime": {"datetime": "2024-01-19 00:14:52", "elapsed": 212.073224, "delta": 0.000757}}
{"target": -13.791742879657177, "params": {"gamma": 874.8581007229643, "log10_alpha": -1.7753439227179428, "log10_colsample_bytree": -0.6794403672367852, "log10_eta": -0.6133514709447168, "log10_lambda": -0.5272885819818605, "log10_min_child_weight": 3.8135695404226504, "log10_subsample": -0.2629255407291453, "max_depth": 9.0, "num_boost_round": 7.0}, "datetime": {"datetime": "2024-01-19 00:14:52", "elapsed": 212.074112, "delta": 0.000888}}
{"target": -13.799063485149583, "params": {"gamma": 874.8581007229643, "log10_alpha": -1.7753439227179428, "log10_colsample_bytree": -0.6794403672367852, "log10_eta": -0.6133514709447168, "log10_lambda": -0.5272885819818605, "log10_min_child_weight": 3.8135695404226504, "log10_subsample": -0.2629255407291453, "max_depth": 9.0, "num_boost_round": 8.0}, "datetime": {"datetime": "2024-01-19 00:14:52", "elapsed": 212.074581, "delta": 0.000469}}
{"target": -13.804479382631087, "params": {"gamma": 874.8581007229643, "log10_alpha": -1.7753439227179428, "log10_colsample_bytree": -0.6794403672367852, "log10_eta": -0.6133514709447168, "log10_lambda": -0.5272885819818605, "log10_min_child_weight": 3.8135695404226504, "log10_subsample": -0.2629255407291453, "max_depth": 9.0, "num_boost_round": 9.0}, "datetime": {"datetime": "2024-01-19 00:14:52", "elapsed": 212.075055, "delta": 0.000474}}
{"target": -13.808839723133664, "params": {"gamma": 874.8581007229643, "log10_alpha": -1.7753439227179428, "log10_colsample_bytree": -0.6794403672367852, "log10_eta": -0.6133514709447168, "log10_lambda": -0.5272885819818605, "log10_min_child_weight": 3.8135695404226504, "log10_subsample": -0.2629255407291453, "max_depth": 9.0, "num_boost_round": 10.0}, "datetime": {"datetime": "2024-01-19 00:14:52", "elapsed": 212.075517, "delta": 0.000462}}
{"target": -13.812357519730107, "params": {"gamma": 874.8581007229643, "log10_alpha": -1.7753439227179428, "log10_colsample_bytree": -0.6794403672367852, "log10_eta": -0.6133514709447168, "log10_lambda": -0.5272885819818605, "log10_min_child_weight": 3.8135695404226504, "log10_subsample": -0.2629255407291453, "max_depth": 9.0, "num_boost_round": 11.0}, "datetime": {"datetime": "2024-01-19 00:14:52", "elapsed": 212.075995, "delta": 0.000478}}
{"target": -13.82112405925453, "params": {"gamma": 874.8581007229643, "log10_alpha": -1.7753439227179428, "log10_colsample_bytree": -0.6794403672367852, "log10_eta": -0.6133514709447168, "log10_lambda": -0.5272885819818605, "log10_min_child_weight": 3.8135695404226504, "log10_subsample": -0.2629255407291453, "max_depth": 9.0, "num_boost_round": 12.0}, "datetime": {"datetime": "2024-01-19 00:14:52", "elapsed": 212.076462, "delta": 0.000467}}
{"target": -13.826112997480417, "params": {"gamma": 874.8581007229643, "log10_alpha": -1.7753439227179428, "log10_colsample_bytree": -0.6794403672367852, "log10_eta": -0.6133514709447168, "log10_lambda": -0.5272885819818605, "log10_min_child_weight": 3.8135695404226504, "log10_subsample": -0.2629255407291453, "max_depth": 9.0, "num_boost_round": 13.0}, "datetime": {"datetime": "2024-01-19 00:14:52", "elapsed": 212.076932, "delta": 0.00047}}
{"target": -13.82670738235882, "params": {"gamma": 874.8581007229643, "log10_alpha": -1.7753439227179428, "log10_colsample_bytree": -0.6794403672367852, "log10_eta": -0.6133514709447168, "log10_lambda": -0.5272885819818605, "log10_min_child_weight": 3.8135695404226504, "log10_subsample": -0.2629255407291453, "max_depth": 9.0, "num_boost_round": 14.0}, "datetime": {"datetime": "2024-01-19 00:14:52", "elapsed": 212.077404, "delta": 0.000472}}
{"target": -13.83157679329264, "params": {"gamma": 874.8581007229643, "log10_alpha": -1.7753439227179428, "log10_colsample_bytree": -0.6794403672367852, "log10_eta": -0.6133514709447168, "log10_lambda": -0.5272885819818605, "log10_min_child_weight": 3.8135695404226504, "log10_subsample": -0.2629255407291453, "max_depth": 9.0, "num_boost_round": 15.0}, "datetime": {"datetime": "2024-01-19 00:14:52", "elapsed": 212.077876, "delta": 0.000472}}
{"target": -13.83348933087069, "params": {"gamma": 874.8581007229643, "log10_alpha": -1.7753439227179428, "log10_colsample_bytree": -0.6794403672367852, "log10_eta": -0.6133514709447168, "log10_lambda": -0.5272885819818605, "log10_min_child_weight": 3.8135695404226504, "log10_subsample": -0.2629255407291453, "max_depth": 9.0, "num_boost_round": 16.0}, "datetime": {"datetime": "2024-01-19 00:14:52", "elapsed": 212.078615, "delta": 0.000739}}
{"target": -13.835390937305988, "params": {"gamma": 874.8581007229643, "log10_alpha": -1.7753439227179428, "log10_colsample_bytree": -0.6794403672367852, "log10_eta": -0.6133514709447168, "log10_lambda": -0.5272885819818605, "log10_min_child_weight": 3.8135695404226504, "log10_subsample": -0.2629255407291453, "max_depth": 9.0, "num_boost_round": 17.0}, "datetime": {"datetime": "2024-01-19 00:14:52", "elapsed": 212.079199, "delta": 0.000584}}
{"target": -13.838567982951076, "params": {"gamma": 874.8581007229643, "log10_alpha": -1.7753439227179428, "log10_colsample_bytree": -0.6794403672367852, "log10_eta": -0.6133514709447168, "log10_lambda": -0.5272885819818605, "log10_min_child_weight": 3.8135695404226504, "log10_subsample": -0.2629255407291453, "max_depth": 9.0, "num_boost_round": 18.0}, "datetime": {"datetime": "2024-01-19 00:14:52", "elapsed": 212.079703, "delta": 0.000504}}
{"target": -13.758538016748725, "params": {"gamma": 870.6038884497057, "log10_alpha": -1.5232785375528568, "log10_colsample_bytree": -0.27021028577280026, "log10_eta": -3.7532553315417343, "log10_lambda": -4.18973206391983, "log10_min_child_weight": 4.278859897998038, "log10_subsample": -0.7579318510313321, "max_depth": 9.0, "num_boost_round": 0.0}, "datetime": {"datetime": "2024-01-19 00:15:11", "elapsed": 231.593208, "delta": 19.513505}}
{"target": -13.758537407621905, "params": {"gamma": 870.6038884497057, "log10_alpha": -1.5232785375528568, "log10_colsample_bytree": -0.27021028577280026, "log10_eta": -3.7532553315417343, "log10_lambda": -4.18973206391983, "log10_min_child_weight": 4.278859897998038, "log10_subsample": -0.7579318510313321, "max_depth": 9.0, "num_boost_round": 1.0}, "datetime": {"datetime": "2024-01-19 00:15:11", "elapsed": 231.593914, "delta": 0.000706}}
{"target": -13.758536331482112, "params": {"gamma": 870.6038884497057, "log10_alpha": -1.5232785375528568, "log10_colsample_bytree": -0.27021028577280026, "log10_eta": -3.7532553315417343, "log10_lambda": -4.18973206391983, "log10_min_child_weight": 4.278859897998038, "log10_subsample": -0.7579318510313321, "max_depth": 9.0, "num_boost_round": 2.0}, "datetime": {"datetime": "2024-01-19 00:15:11", "elapsed": 231.594441, "delta": 0.000527}}
{"target": -13.758535523345799, "params": {"gamma": 870.6038884497057, "log10_alpha": -1.5232785375528568, "log10_colsample_bytree": -0.27021028577280026, "log10_eta": -3.7532553315417343, "log10_lambda": -4.18973206391983, "log10_min_child_weight": 4.278859897998038, "log10_subsample": -0.7579318510313321, "max_depth": 9.0, "num_boost_round": 3.0}, "datetime": {"datetime": "2024-01-19 00:15:11", "elapsed": 231.595299, "delta": 0.000858}}
{"target": -13.75853605198742, "params": {"gamma": 870.6038884497057, "log10_alpha": -1.5232785375528568, "log10_colsample_bytree": -0.27021028577280026, "log10_eta": -3.7532553315417343, "log10_lambda": -4.18973206391983, "log10_min_child_weight": 4.278859897998038, "log10_subsample": -0.7579318510313321, "max_depth": 9.0, "num_boost_round": 4.0}, "datetime": {"datetime": "2024-01-19 00:15:11", "elapsed": 231.596016, "delta": 0.000717}}
{"target": -13.75853387034327, "params": {"gamma": 870.6038884497057, "log10_alpha": -1.5232785375528568, "log10_colsample_bytree": -0.27021028577280026, "log10_eta": -3.7532553315417343, "log10_lambda": -4.18973206391983, "log10_min_child_weight": 4.278859897998038, "log10_subsample": -0.7579318510313321, "max_depth": 9.0, "num_boost_round": 5.0}, "datetime": {"datetime": "2024-01-19 00:15:11", "elapsed": 231.596512, "delta": 0.000496}}
{"target": -13.758533611080393, "params": {"gamma": 870.6038884497057, "log10_alpha": -1.5232785375528568, "log10_colsample_bytree": -0.27021028577280026, "log10_eta": -3.7532553315417343, "log10_lambda": -4.18973206391983, "log10_min_child_weight": 4.278859897998038, "log10_subsample": -0.7579318510313321, "max_depth": 9.0, "num_boost_round": 6.0}, "datetime": {"datetime": "2024-01-19 00:15:11", "elapsed": 231.597005, "delta": 0.000493}}
{"target": -13.75853409634232, "params": {"gamma": 870.6038884497057, "log10_alpha": -1.5232785375528568, "log10_colsample_bytree": -0.27021028577280026, "log10_eta": -3.7532553315417343, "log10_lambda": -4.18973206391983, "log10_min_child_weight": 4.278859897998038, "log10_subsample": -0.7579318510313321, "max_depth": 9.0, "num_boost_round": 7.0}, "datetime": {"datetime": "2024-01-19 00:15:11", "elapsed": 231.597499, "delta": 0.000494}}
{"target": -13.75853311935537, "params": {"gamma": 870.6038884497057, "log10_alpha": -1.5232785375528568, "log10_colsample_bytree": -0.27021028577280026, "log10_eta": -3.7532553315417343, "log10_lambda": -4.18973206391983, "log10_min_child_weight": 4.278859897998038, "log10_subsample": -0.7579318510313321, "max_depth": 9.0, "num_boost_round": 8.0}, "datetime": {"datetime": "2024-01-19 00:15:11", "elapsed": 231.598002, "delta": 0.000503}}
{"target": -13.758530912295651, "params": {"gamma": 870.6038884497057, "log10_alpha": -1.5232785375528568, "log10_colsample_bytree": -0.27021028577280026, "log10_eta": -3.7532553315417343, "log10_lambda": -4.18973206391983, "log10_min_child_weight": 4.278859897998038, "log10_subsample": -0.7579318510313321, "max_depth": 9.0, "num_boost_round": 9.0}, "datetime": {"datetime": "2024-01-19 00:15:11", "elapsed": 231.598645, "delta": 0.000643}}
{"target": -13.758529742532133, "params": {"gamma": 870.6038884497057, "log10_alpha": -1.5232785375528568, "log10_colsample_bytree": -0.27021028577280026, "log10_eta": -3.7532553315417343, "log10_lambda": -4.18973206391983, "log10_min_child_weight": 4.278859897998038, "log10_subsample": -0.7579318510313321, "max_depth": 9.0, "num_boost_round": 10.0}, "datetime": {"datetime": "2024-01-19 00:15:11", "elapsed": 231.599137, "delta": 0.000492}}
{"target": -13.758529282317799, "params": {"gamma": 870.6038884497057, "log10_alpha": -1.5232785375528568, "log10_colsample_bytree": -0.27021028577280026, "log10_eta": -3.7532553315417343, "log10_lambda": -4.18973206391983, "log10_min_child_weight": 4.278859897998038, "log10_subsample": -0.7579318510313321, "max_depth": 9.0, "num_boost_round": 11.0}, "datetime": {"datetime": "2024-01-19 00:15:11", "elapsed": 231.599633, "delta": 0.000496}}
{"target": -13.758535637295415, "params": {"gamma": 872.3346303419386, "log10_alpha": 0.251832471345244, "log10_colsample_bytree": -0.39775930286880923, "log10_eta": -3.7813753024798653, "log10_lambda": -2.2128197195521797, "log10_min_child_weight": 3.7138701534582848, "log10_subsample": -0.479910915418468, "max_depth": 8.0, "num_boost_round": 0.0}, "datetime": {"datetime": "2024-01-19 00:15:31", "elapsed": 251.54514, "delta": 19.945507}}
{"target": -13.758528913763715, "params": {"gamma": 872.3346303419386, "log10_alpha": 0.251832471345244, "log10_colsample_bytree": -0.39775930286880923, "log10_eta": -3.7813753024798653, "log10_lambda": -2.2128197195521797, "log10_min_child_weight": 3.7138701534582848, "log10_subsample": -0.479910915418468, "max_depth": 8.0, "num_boost_round": 1.0}, "datetime": {"datetime": "2024-01-19 00:15:31", "elapsed": 251.547224, "delta": 0.002084}}
{"target": -13.758527011152205, "params": {"gamma": 872.3346303419386, "log10_alpha": 0.251832471345244, "log10_colsample_bytree": -0.39775930286880923, "log10_eta": -3.7813753024798653, "log10_lambda": -2.2128197195521797, "log10_min_child_weight": 3.7138701534582848, "log10_subsample": -0.479910915418468, "max_depth": 8.0, "num_boost_round": 2.0}, "datetime": {"datetime": "2024-01-19 00:15:31", "elapsed": 251.547912, "delta": 0.000688}}
{"target": -13.758525669486609, "params": {"gamma": 872.3346303419386, "log10_alpha": 0.251832471345244, "log10_colsample_bytree": -0.39775930286880923, "log10_eta": -3.7813753024798653, "log10_lambda": -2.2128197195521797, "log10_min_child_weight": 3.7138701534582848, "log10_subsample": -0.479910915418468, "max_depth": 8.0, "num_boost_round": 3.0}, "datetime": {"datetime": "2024-01-19 00:15:31", "elapsed": 251.548431, "delta": 0.000519}}
