{"target": -17.732069276805806, "params": {"gamma": 962.9047398886925, "log10_alpha": 0.5688254113792421, "log10_colsample_bytree": -0.3555251185805304, "log10_eta": -0.729055052868175, "log10_lambda": -1.6405007071618378, "log10_min_child_weight": 4.70128446751143, "log10_subsample": -0.0851667018463107, "max_depth": 3.0, "num_boost_round": 42.0}, "datetime": {"datetime": "2024-01-19 00:22:05", "elapsed": 619.727023, "delta": 0.001001}}
{"target": -17.67723208971669, "params": {"gamma": 967.1995899872277, "log10_alpha": -1.6113159575215106, "log10_colsample_bytree": 0.0, "log10_eta": -4.0, "log10_lambda": -1.4170818387840387, "log10_min_child_weight": 5.0, "log10_subsample": 0.0, "max_depth": 2.0, "num_boost_round": 0.0}, "datetime": {"datetime": "2024-01-19 00:22:28", "elapsed": 641.914988, "delta": 22.187965}}
{"target": -17.67723118320027, "params": {"gamma": 967.1995899872277, "log10_alpha": -1.6113159575215106, "log10_colsample_bytree": 0.0, "log10_eta": -4.0, "log10_lambda": -1.4170818387840387, "log10_min_child_weight": 5.0, "log10_subsample": 0.0, "max_depth": 2.0, "num_boost_round": 1.0}, "datetime": {"datetime": "2024-01-19 00:22:28", "elapsed": 641.916711, "delta": 0.001723}}
{"target": -17.677230285316945, "params": {"gamma": 967.1995899872277, "log10_alpha": -1.6113159575215106, "log10_colsample_bytree": 0.0, "log10_eta": -4.0, "log10_lambda": -1.4170818387840387, "log10_min_child_weight": 5.0, "log10_subsample": 0.0, "max_depth": 2.0, "num_boost_round": 2.0}, "datetime": {"datetime": "2024-01-19 00:22:28", "elapsed": 641.917959, "delta": 0.001248}}
{"target": -17.677229388214766, "params": {"gamma": 967.1995899872277, "log10_alpha": -1.6113159575215106, "log10_colsample_bytree": 0.0, "log10_eta": -4.0, "log10_lambda": -1.4170818387840387, "log10_min_child_weight": 5.0, "log10_subsample": 0.0, "max_depth": 2.0, "num_boost_round": 3.0}, "datetime": {"datetime": "2024-01-19 00:22:28", "elapsed": 641.92329, "delta": 0.005331}}
{"target": -17.677228500134806, "params": {"gamma": 967.1995899872277, "log10_alpha": -1.6113159575215106, "log10_colsample_bytree": 0.0, "log10_eta": -4.0, "log10_lambda": -1.4170818387840387, "log10_min_child_weight": 5.0, "log10_subsample": 0.0, "max_depth": 2.0, "num_boost_round": 4.0}, "datetime": {"datetime": "2024-01-19 00:22:28", "elapsed": 641.924298, "delta": 0.001008}}
{"target": -17.67722763131354, "params": {"gamma": 967.1995899872277, "log10_alpha": -1.6113159575215106, "log10_colsample_bytree": 0.0, "log10_eta": -4.0, "log10_lambda": -1.4170818387840387, "log10_min_child_weight": 5.0, "log10_subsample": 0.0, "max_depth": 2.0, "num_boost_round": 5.0}, "datetime": {"datetime": "2024-01-19 00:22:28", "elapsed": 641.925297, "delta": 0.000999}}
{"target": -17.677226743464185, "params": {"gamma": 967.1995899872277, "log10_alpha": -1.6113159575215106, "log10_colsample_bytree": 0.0, "log10_eta": -4.0, "log10_lambda": -1.4170818387840387, "log10_min_child_weight": 5.0, "log10_subsample": 0.0, "max_depth": 2.0, "num_boost_round": 6.0}, "datetime": {"datetime": "2024-01-19 00:22:28", "elapsed": 641.926297, "delta": 0.001}}
{"target": -17.67722584545139, "params": {"gamma": 967.1995899872277, "log10_alpha": -1.6113159575215106, "log10_colsample_bytree": 0.0, "log10_eta": -4.0, "log10_lambda": -1.4170818387840387, "log10_min_child_weight": 5.0, "log10_subsample": 0.0, "max_depth": 2.0, "num_boost_round": 7.0}, "datetime": {"datetime": "2024-01-19 00:22:28", "elapsed": 641.927296, "delta": 0.000999}}
{"target": -17.677224963608694, "params": {"gamma": 967.1995899872277, "log10_alpha": -1.6113159575215106, "log10_colsample_bytree": 0.0, "log10_eta": -4.0, "log10_lambda": -1.4170818387840387, "log10_min_child_weight": 5.0, "log10_subsample": 0.0, "max_depth": 2.0, "num_boost_round": 8.0}, "datetime": {"datetime": "2024-01-19 00:22:28", "elapsed": 641.928294, "delta": 0.000998}}
{"target": -17.677224079133303, "params": {"gamma": 967.1995899872277, "log10_alpha": -1.6113159575215106, "log10_colsample_bytree": 0.0, "log10_eta": -4.0, "log10_lambda": -1.4170818387840387, "log10_min_child_weight": 5.0, "log10_subsample": 0.0, "max_depth": 2.0, "num_boost_round": 9.0}, "datetime": {"datetime": "2024-01-19 00:22:28", "elapsed": 641.929294, "delta": 0.001}}
{"target": -17.677223197140922, "params": {"gamma": 967.1995899872277, "log10_alpha": -1.6113159575215106, "log10_colsample_bytree": 0.0, "log10_eta": -4.0, "log10_lambda": -1.4170818387840387, "log10_min_child_weight": 5.0, "log10_subsample": 0.0, "max_depth": 2.0, "num_boost_round": 10.0}, "datetime": {"datetime": "2024-01-19 00:22:28", "elapsed": 641.930416, "delta": 0.001122}}
{"target": -17.67722228206868, "params": {"gamma": 967.1995899872277, "log10_alpha": -1.6113159575215106, "log10_colsample_bytree": 0.0, "log10_eta": -4.0, "log10_lambda": -1.4170818387840387, "log10_min_child_weight": 5.0, "log10_subsample": 0.0, "max_depth": 2.0, "num_boost_round": 11.0}, "datetime": {"datetime": "2024-01-19 00:22:28", "elapsed": 641.931526, "delta": 0.00111}}
{"target": -17.67722140639185, "params": {"gamma": 967.1995899872277, "log10_alpha": -1.6113159575215106, "log10_colsample_bytree": 0.0, "log10_eta": -4.0, "log10_lambda": -1.4170818387840387, "log10_min_child_weight": 5.0, "log10_subsample": 0.0, "max_depth": 2.0, "num_boost_round": 12.0}, "datetime": {"datetime": "2024-01-19 00:22:28", "elapsed": 641.932556, "delta": 0.00103}}
{"target": -17.677220549710814, "params": {"gamma": 967.1995899872277, "log10_alpha": -1.6113159575215106, "log10_colsample_bytree": 0.0, "log10_eta": -4.0, "log10_lambda": -1.4170818387840387, "log10_min_child_weight": 5.0, "log10_subsample": 0.0, "max_depth": 2.0, "num_boost_round": 13.0}, "datetime": {"datetime": "2024-01-19 00:22:28", "elapsed": 641.933601, "delta": 0.001045}}
{"target": -17.677219634386823, "params": {"gamma": 967.1995899872277, "log10_alpha": -1.6113159575215106, "log10_colsample_bytree": 0.0, "log10_eta": -4.0, "log10_lambda": -1.4170818387840387, "log10_min_child_weight": 5.0, "log10_subsample": 0.0, "max_depth": 2.0, "num_boost_round": 14.0}, "datetime": {"datetime": "2024-01-19 00:22:28", "elapsed": 641.934617, "delta": 0.001016}}
{"target": -17.6772187404351, "params": {"gamma": 967.1995899872277, "log10_alpha": -1.6113159575215106, "log10_colsample_bytree": 0.0, "log10_eta": -4.0, "log10_lambda": -1.4170818387840387, "log10_min_child_weight": 5.0, "log10_subsample": 0.0, "max_depth": 2.0, "num_boost_round": 15.0}, "datetime": {"datetime": "2024-01-19 00:22:28", "elapsed": 641.935623, "delta": 0.001006}}
{"target": -17.677217863987718, "params": {"gamma": 967.1995899872277, "log10_alpha": -1.6113159575215106, "log10_colsample_bytree": 0.0, "log10_eta": -4.0, "log10_lambda": -1.4170818387840387, "log10_min_child_weight": 5.0, "log10_subsample": 0.0, "max_depth": 2.0, "num_boost_round": 16.0}, "datetime": {"datetime": "2024-01-19 00:22:28", "elapsed": 641.936637, "delta": 0.001014}}
{"target": -17.67721698525831, "params": {"gamma": 967.1995899872277, "log10_alpha": -1.6113159575215106, "log10_colsample_bytree": 0.0, "log10_eta": -4.0, "log10_lambda": -1.4170818387840387, "log10_min_child_weight": 5.0, "log10_subsample": 0.0, "max_depth": 2.0, "num_boost_round": 17.0}, "datetime": {"datetime": "2024-01-19 00:22:28", "elapsed": 641.937649, "delta": 0.001012}}
{"target": -17.67721608249472, "params": {"gamma": 967.1995899872277, "log10_alpha": -1.6113159575215106, "log10_colsample_bytree": 0.0, "log10_eta": -4.0, "log10_lambda": -1.4170818387840387, "log10_min_child_weight": 5.0, "log10_subsample": 0.0, "max_depth": 2.0, "num_boost_round": 18.0}, "datetime": {"datetime": "2024-01-19 00:22:28", "elapsed": 641.938658, "delta": 0.001009}}
{"target": -17.67721519698581, "params": {"gamma": 967.1995899872277, "log10_alpha": -1.6113159575215106, "log10_colsample_bytree": 0.0, "log10_eta": -4.0, "log10_lambda": -1.4170818387840387, "log10_min_child_weight": 5.0, "log10_subsample": 0.0, "max_depth": 2.0, "num_boost_round": 19.0}, "datetime": {"datetime": "2024-01-19 00:22:28", "elapsed": 641.939675, "delta": 0.001017}}
{"target": -17.677214347771898, "params": {"gamma": 967.1995899872277, "log10_alpha": -1.6113159575215106, "log10_colsample_bytree": 0.0, "log10_eta": -4.0, "log10_lambda": -1.4170818387840387, "log10_min_child_weight": 5.0, "log10_subsample": 0.0, "max_depth": 2.0, "num_boost_round": 20.0}, "datetime": {"datetime": "2024-01-19 00:22:28", "elapsed": 641.940693, "delta": 0.001018}}
{"target": -17.677213467885565, "params": {"gamma": 967.1995899872277, "log10_alpha": -1.6113159575215106, "log10_colsample_bytree": 0.0, "log10_eta": -4.0, "log10_lambda": -1.4170818387840387, "log10_min_child_weight": 5.0, "log10_subsample": 0.0, "max_depth": 2.0, "num_boost_round": 21.0}, "datetime": {"datetime": "2024-01-19 00:22:28", "elapsed": 641.941704, "delta": 0.001011}}
{"target": -17.677231214132387, "params": {"gamma": 969.4093930556276, "log10_alpha": -0.7376693992698486, "log10_colsample_bytree": -0.18771667266703773, "log10_eta": -3.6699275709540644, "log10_lambda": -2.056687311937373, "log10_min_child_weight": 4.278830238525695, "log10_subsample": -0.8993068987582434, "max_depth": 9.0, "num_boost_round": 0.0}, "datetime": {"datetime": "2024-01-19 00:22:49", "elapsed": 663.771356, "delta": 21.829652}}
{"target": -17.67722849407799, "params": {"gamma": 969.4093930556276, "log10_alpha": -0.7376693992698486, "log10_colsample_bytree": -0.18771667266703773, "log10_eta": -3.6699275709540644, "log10_lambda": -2.056687311937373, "log10_min_child_weight": 4.278830238525695, "log10_subsample": -0.8993068987582434, "max_depth": 9.0, "num_boost_round": 1.0}, "datetime": {"datetime": "2024-01-19 00:22:49", "elapsed": 663.772528, "delta": 0.001172}}
{"target": -17.677225283791856, "params": {"gamma": 969.4093930556276, "log10_alpha": -0.7376693992698486, "log10_colsample_bytree": -0.18771667266703773, "log10_eta": -3.6699275709540644, "log10_lambda": -2.056687311937373, "log10_min_child_weight": 4.278830238525695, "log10_subsample": -0.8993068987582434, "max_depth": 9.0, "num_boost_round": 2.0}, "datetime": {"datetime": "2024-01-19 00:22:49", "elapsed": 663.773581, "delta": 0.001053}}
{"target": -17.67722257695552, "params": {"gamma": 969.4093930556276, "log10_alpha": -0.7376693992698486, "log10_colsample_bytree": -0.18771667266703773, "log10_eta": -3.6699275709540644, "log10_lambda": -2.056687311937373, "log10_min_child_weight": 4.278830238525695, "log10_subsample": -0.8993068987582434, "max_depth": 9.0, "num_boost_round": 3.0}, "datetime": {"datetime": "2024-01-19 00:22:49", "elapsed": 663.774613, "delta": 0.001032}}
{"target": -17.677221283385254, "params": {"gamma": 969.4093930556276, "log10_alpha": -0.7376693992698486, "log10_colsample_bytree": -0.18771667266703773, "log10_eta": -3.6699275709540644, "log10_lambda": -2.056687311937373, "log10_min_child_weight": 4.278830238525695, "log10_subsample": -0.8993068987582434, "max_depth": 9.0, "num_boost_round": 4.0}, "datetime": {"datetime": "2024-01-19 00:22:49", "elapsed": 663.775644, "delta": 0.001031}}
{"target": -17.677218102341847, "params": {"gamma": 969.4093930556276, "log10_alpha": -0.7376693992698486, "log10_colsample_bytree": -0.18771667266703773, "log10_eta": -3.6699275709540644, "log10_lambda": -2.056687311937373, "log10_min_child_weight": 4.278830238525695, "log10_subsample": -0.8993068987582434, "max_depth": 9.0, "num_boost_round": 5.0}, "datetime": {"datetime": "2024-01-19 00:22:49", "elapsed": 663.776681, "delta": 0.001037}}
{"target": -17.677217727125086, "params": {"gamma": 969.4093930556276, "log10_alpha": -0.7376693992698486, "log10_colsample_bytree": -0.18771667266703773, "log10_eta": -3.6699275709540644, "log10_lambda": -2.056687311937373, "log10_min_child_weight": 4.278830238525695, "log10_subsample": -0.8993068987582434, "max_depth": 9.0, "num_boost_round": 6.0}, "datetime": {"datetime": "2024-01-19 00:22:49", "elapsed": 663.777716, "delta": 0.001035}}
{"target": -17.67721722624773, "params": {"gamma": 969.4093930556276, "log10_alpha": -0.7376693992698486, "log10_colsample_bytree": -0.18771667266703773, "log10_eta": -3.6699275709540644, "log10_lambda": -2.056687311937373, "log10_min_child_weight": 4.278830238525695, "log10_subsample": -0.8993068987582434, "max_depth": 9.0, "num_boost_round": 7.0}, "datetime": {"datetime": "2024-01-19 00:22:49", "elapsed": 663.77874, "delta": 0.001024}}
{"target": -17.677215780086897, "params": {"gamma": 969.4093930556276, "log10_alpha": -0.7376693992698486, "log10_colsample_bytree": -0.18771667266703773, "log10_eta": -3.6699275709540644, "log10_lambda": -2.056687311937373, "log10_min_child_weight": 4.278830238525695, "log10_subsample": -0.8993068987582434, "max_depth": 9.0, "num_boost_round": 8.0}, "datetime": {"datetime": "2024-01-19 00:22:49", "elapsed": 663.779768, "delta": 0.001028}}
{"target": -17.677213574722657, "params": {"gamma": 969.4093930556276, "log10_alpha": -0.7376693992698486, "log10_colsample_bytree": -0.18771667266703773, "log10_eta": -3.6699275709540644, "log10_lambda": -2.056687311937373, "log10_min_child_weight": 4.278830238525695, "log10_subsample": -0.8993068987582434, "max_depth": 9.0, "num_boost_round": 9.0}, "datetime": {"datetime": "2024-01-19 00:22:49", "elapsed": 663.781413, "delta": 0.001645}}
{"target": -17.67721073555358, "params": {"gamma": 969.4093930556276, "log10_alpha": -0.7376693992698486, "log10_colsample_bytree": -0.18771667266703773, "log10_eta": -3.6699275709540644, "log10_lambda": -2.056687311937373, "log10_min_child_weight": 4.278830238525695, "log10_subsample": -0.8993068987582434, "max_depth": 9.0, "num_boost_round": 10.0}, "datetime": {"datetime": "2024-01-19 00:22:49", "elapsed": 663.782471, "delta": 0.001058}}
{"target": -17.67720849159567, "params": {"gamma": 969.4093930556276, "log10_alpha": -0.7376693992698486, "log10_colsample_bytree": -0.18771667266703773, "log10_eta": -3.6699275709540644, "log10_lambda": -2.056687311937373, "log10_min_child_weight": 4.278830238525695, "log10_subsample": -0.8993068987582434, "max_depth": 9.0, "num_boost_round": 11.0}, "datetime": {"datetime": "2024-01-19 00:22:49", "elapsed": 663.783511, "delta": 0.00104}}
{"target": -17.677208659828644, "params": {"gamma": 969.4093930556276, "log10_alpha": -0.7376693992698486, "log10_colsample_bytree": -0.18771667266703773, "log10_eta": -3.6699275709540644, "log10_lambda": -2.056687311937373, "log10_min_child_weight": 4.278830238525695, "log10_subsample": -0.8993068987582434, "max_depth": 9.0, "num_boost_round": 12.0}, "datetime": {"datetime": "2024-01-19 00:22:49", "elapsed": 663.784547, "delta": 0.001036}}
{"target": -17.6772075294386, "params": {"gamma": 969.4093930556276, "log10_alpha": -0.7376693992698486, "log10_colsample_bytree": -0.18771667266703773, "log10_eta": -3.6699275709540644, "log10_lambda": -2.056687311937373, "log10_min_child_weight": 4.278830238525695, "log10_subsample": -0.8993068987582434, "max_depth": 9.0, "num_boost_round": 13.0}, "datetime": {"datetime": "2024-01-19 00:22:49", "elapsed": 663.785581, "delta": 0.001034}}
{"target": -17.677231771872666, "params": {"gamma": 967.0596046177841, "log10_alpha": -3.4203453721078936, "log10_colsample_bytree": -0.20617048512630365, "log10_eta": -3.9338542159538057, "log10_lambda": -2.398473552003496, "log10_min_child_weight": 3.821970412497562, "log10_subsample": -0.6076348254359308, "max_depth": 2.0, "num_boost_round": 0.0}, "datetime": {"datetime": "2024-01-19 00:23:16", "elapsed": 689.912238, "delta": 26.126657}}
{"target": -17.677231335818277, "params": {"gamma": 967.0596046177841, "log10_alpha": -3.4203453721078936, "log10_colsample_bytree": -0.20617048512630365, "log10_eta": -3.9338542159538057, "log10_lambda": -2.398473552003496, "log10_min_child_weight": 3.821970412497562, "log10_subsample": -0.6076348254359308, "max_depth": 2.0, "num_boost_round": 1.0}, "datetime": {"datetime": "2024-01-19 00:23:16", "elapsed": 689.913859, "delta": 0.001621}}
{"target": -17.677232273048833, "params": {"gamma": 967.0596046177841, "log10_alpha": -3.4203453721078936, "log10_colsample_bytree": -0.20617048512630365, "log10_eta": -3.9338542159538057, "log10_lambda": -2.398473552003496, "log10_min_child_weight": 3.821970412497562, "log10_subsample": -0.6076348254359308, "max_depth": 2.0, "num_boost_round": 2.0}, "datetime": {"datetime": "2024-01-19 00:23:16", "elapsed": 689.914943, "delta": 0.001084}}
{"target": -17.677232054342962, "params": {"gamma": 967.0596046177841, "log10_alpha": -3.4203453721078936, "log10_colsample_bytree": -0.20617048512630365, "log10_eta": -3.9338542159538057, "log10_lambda": -2.398473552003496, "log10_min_child_weight": 3.821970412497562, "log10_subsample": -0.6076348254359308, "max_depth": 2.0, "num_boost_round": 3.0}, "datetime": {"datetime": "2024-01-19 00:23:16", "elapsed": 689.916017, "delta": 0.001074}}
{"target": -17.67723289427176, "params": {"gamma": 967.0596046177841, "log10_alpha": -3.4203453721078936, "log10_colsample_bytree": -0.20617048512630365, "log10_eta": -3.9338542159538057, "log10_lambda": -2.398473552003496, "log10_min_child_weight": 3.821970412497562, "log10_subsample": -0.6076348254359308, "max_depth": 2.0, "num_boost_round": 4.0}, "datetime": {"datetime": "2024-01-19 00:23:16", "elapsed": 689.917203, "delta": 0.001186}}
{"target": -17.677235035242298, "params": {"gamma": 967.0596046177841, "log10_alpha": -3.4203453721078936, "log10_colsample_bytree": -0.20617048512630365, "log10_eta": -3.9338542159538057, "log10_lambda": -2.398473552003496, "log10_min_child_weight": 3.821970412497562, "log10_subsample": -0.6076348254359308, "max_depth": 2.0, "num_boost_round": 5.0}, "datetime": {"datetime": "2024-01-19 00:23:16", "elapsed": 689.918252, "delta": 0.001049}}
{"target": -17.677235299675242, "params": {"gamma": 967.0596046177841, "log10_alpha": -3.4203453721078936, "log10_colsample_bytree": -0.20617048512630365, "log10_eta": -3.9338542159538057, "log10_lambda": -2.398473552003496, "log10_min_child_weight": 3.821970412497562, "log10_subsample": -0.6076348254359308, "max_depth": 2.0, "num_boost_round": 6.0}, "datetime": {"datetime": "2024-01-19 00:23:16", "elapsed": 689.919299, "delta": 0.001047}}
{"target": -17.677234784618417, "params": {"gamma": 967.0596046177841, "log10_alpha": -3.4203453721078936, "log10_colsample_bytree": -0.20617048512630365, "log10_eta": -3.9338542159538057, "log10_lambda": -2.398473552003496, "log10_min_child_weight": 3.821970412497562, "log10_subsample": -0.6076348254359308, "max_depth": 2.0, "num_boost_round": 7.0}, "datetime": {"datetime": "2024-01-19 00:23:16", "elapsed": 689.920696, "delta": 0.001397}}
{"target": -17.677233895605024, "params": {"gamma": 967.0596046177841, "log10_alpha": -3.4203453721078936, "log10_colsample_bytree": -0.20617048512630365, "log10_eta": -3.9338542159538057, "log10_lambda": -2.398473552003496, "log10_min_child_weight": 3.821970412497562, "log10_subsample": -0.6076348254359308, "max_depth": 2.0, "num_boost_round": 8.0}, "datetime": {"datetime": "2024-01-19 00:23:16", "elapsed": 689.921764, "delta": 0.001068}}
{"target": -17.67723306000077, "params": {"gamma": 967.0596046177841, "log10_alpha": -3.4203453721078936, "log10_colsample_bytree": -0.20617048512630365, "log10_eta": -3.9338542159538057, "log10_lambda": -2.398473552003496, "log10_min_child_weight": 3.821970412497562, "log10_subsample": -0.6076348254359308, "max_depth": 2.0, "num_boost_round": 9.0}, "datetime": {"datetime": "2024-01-19 00:23:16", "elapsed": 689.922886, "delta": 0.001122}}
{"target": -17.677232248624385, "params": {"gamma": 967.0596046177841, "log10_alpha": -3.4203453721078936, "log10_colsample_bytree": -0.20617048512630365, "log10_eta": -3.9338542159538057, "log10_lambda": -2.398473552003496, "log10_min_child_weight": 3.821970412497562, "log10_subsample": -0.6076348254359308, "max_depth": 2.0, "num_boost_round": 10.0}, "datetime": {"datetime": "2024-01-19 00:23:16", "elapsed": 689.923943, "delta": 0.001057}}
{"target": -17.67723100085533, "params": {"gamma": 967.0596046177841, "log10_alpha": -3.4203453721078936, "log10_colsample_bytree": -0.20617048512630365, "log10_eta": -3.9338542159538057, "log10_lambda": -2.398473552003496, "log10_min_child_weight": 3.821970412497562, "log10_subsample": -0.6076348254359308, "max_depth": 2.0, "num_boost_round": 11.0}, "datetime": {"datetime": "2024-01-19 00:23:16", "elapsed": 689.925001, "delta": 0.001058}}
{"target": -17.677230309958883, "params": {"gamma": 967.0596046177841, "log10_alpha": -3.4203453721078936, "log10_colsample_bytree": -0.20617048512630365, "log10_eta": -3.9338542159538057, "log10_lambda": -2.398473552003496, "log10_min_child_weight": 3.821970412497562, "log10_subsample": -0.6076348254359308, "max_depth": 2.0, "num_boost_round": 12.0}, "datetime": {"datetime": "2024-01-19 00:23:16", "elapsed": 689.926078, "delta": 0.001077}}
{"target": -17.67722963865043, "params": {"gamma": 967.0596046177841, "log10_alpha": -3.4203453721078936, "log10_colsample_bytree": -0.20617048512630365, "log10_eta": -3.9338542159538057, "log10_lambda": -2.398473552003496, "log10_min_child_weight": 3.821970412497562, "log10_subsample": -0.6076348254359308, "max_depth": 2.0, "num_boost_round": 13.0}, "datetime": {"datetime": "2024-01-19 00:23:16", "elapsed": 689.927134, "delta": 0.001056}}
{"target": -17.67722992905691, "params": {"gamma": 967.0596046177841, "log10_alpha": -3.4203453721078936, "log10_colsample_bytree": -0.20617048512630365, "log10_eta": -3.9338542159538057, "log10_lambda": -2.398473552003496, "log10_min_child_weight": 3.821970412497562, "log10_subsample": -0.6076348254359308, "max_depth": 2.0, "num_boost_round": 14.0}, "datetime": {"datetime": "2024-01-19 00:23:16", "elapsed": 689.928203, "delta": 0.001069}}
