{"target": -13.758010158476957, "params": {"gamma": 533.399071092752, "log10_alpha": -0.14896857566567157, "log10_colsample_bytree": -0.10644371571412126, "log10_eta": -2.3726730022473745, "log10_lambda": -4.554253386060717, "log10_min_child_weight": 2.2826051621876884, "log10_subsample": -0.5269154537511049, "max_depth": 5.0, "num_boost_round": 5.0}, "datetime": {"datetime": "2024-01-19 00:47:48", "elapsed": 2200.515093, "delta": 0.002506}}
{"target": -13.75796916134017, "params": {"gamma": 533.399071092752, "log10_alpha": -0.14896857566567157, "log10_colsample_bytree": -0.10644371571412126, "log10_eta": -2.3726730022473745, "log10_lambda": -4.554253386060717, "log10_min_child_weight": 2.2826051621876884, "log10_subsample": -0.5269154537511049, "max_depth": 5.0, "num_boost_round": 6.0}, "datetime": {"datetime": "2024-01-19 00:47:48", "elapsed": 2200.517564, "delta": 0.002471}}
{"target": -13.758022753230824, "params": {"gamma": 533.399071092752, "log10_alpha": -0.14896857566567157, "log10_colsample_bytree": -0.10644371571412126, "log10_eta": -2.3726730022473745, "log10_lambda": -4.554253386060717, "log10_min_child_weight": 2.2826051621876884, "log10_subsample": -0.5269154537511049, "max_depth": 5.0, "num_boost_round": 7.0}, "datetime": {"datetime": "2024-01-19 00:47:48", "elapsed": 2200.52004, "delta": 0.002476}}
{"target": -13.75807250077979, "params": {"gamma": 533.399071092752, "log10_alpha": -0.14896857566567157, "log10_colsample_bytree": -0.10644371571412126, "log10_eta": -2.3726730022473745, "log10_lambda": -4.554253386060717, "log10_min_child_weight": 2.2826051621876884, "log10_subsample": -0.5269154537511049, "max_depth": 5.0, "num_boost_round": 8.0}, "datetime": {"datetime": "2024-01-19 00:47:48", "elapsed": 2200.522521, "delta": 0.002481}}
{"target": -13.758135049886542, "params": {"gamma": 533.399071092752, "log10_alpha": -0.14896857566567157, "log10_colsample_bytree": -0.10644371571412126, "log10_eta": -2.3726730022473745, "log10_lambda": -4.554253386060717, "log10_min_child_weight": 2.2826051621876884, "log10_subsample": -0.5269154537511049, "max_depth": 5.0, "num_boost_round": 9.0}, "datetime": {"datetime": "2024-01-19 00:47:48", "elapsed": 2200.525046, "delta": 0.002525}}
{"target": -13.758107706909538, "params": {"gamma": 533.399071092752, "log10_alpha": -0.14896857566567157, "log10_colsample_bytree": -0.10644371571412126, "log10_eta": -2.3726730022473745, "log10_lambda": -4.554253386060717, "log10_min_child_weight": 2.2826051621876884, "log10_subsample": -0.5269154537511049, "max_depth": 5.0, "num_boost_round": 10.0}, "datetime": {"datetime": "2024-01-19 00:47:48", "elapsed": 2200.527678, "delta": 0.002632}}
{"target": -13.758094320853035, "params": {"gamma": 533.399071092752, "log10_alpha": -0.14896857566567157, "log10_colsample_bytree": -0.10644371571412126, "log10_eta": -2.3726730022473745, "log10_lambda": -4.554253386060717, "log10_min_child_weight": 2.2826051621876884, "log10_subsample": -0.5269154537511049, "max_depth": 5.0, "num_boost_round": 11.0}, "datetime": {"datetime": "2024-01-19 00:47:48", "elapsed": 2200.53479, "delta": 0.007112}}
{"target": -13.75797337273906, "params": {"gamma": 533.399071092752, "log10_alpha": -0.14896857566567157, "log10_colsample_bytree": -0.10644371571412126, "log10_eta": -2.3726730022473745, "log10_lambda": -4.554253386060717, "log10_min_child_weight": 2.2826051621876884, "log10_subsample": -0.5269154537511049, "max_depth": 5.0, "num_boost_round": 12.0}, "datetime": {"datetime": "2024-01-19 00:47:48", "elapsed": 2200.537357, "delta": 0.002567}}
{"target": -13.758044592407675, "params": {"gamma": 533.399071092752, "log10_alpha": -0.14896857566567157, "log10_colsample_bytree": -0.10644371571412126, "log10_eta": -2.3726730022473745, "log10_lambda": -4.554253386060717, "log10_min_child_weight": 2.2826051621876884, "log10_subsample": -0.5269154537511049, "max_depth": 5.0, "num_boost_round": 13.0}, "datetime": {"datetime": "2024-01-19 00:47:48", "elapsed": 2200.539872, "delta": 0.002515}}
{"target": -13.75797080933599, "params": {"gamma": 533.399071092752, "log10_alpha": -0.14896857566567157, "log10_colsample_bytree": -0.10644371571412126, "log10_eta": -2.3726730022473745, "log10_lambda": -4.554253386060717, "log10_min_child_weight": 2.2826051621876884, "log10_subsample": -0.5269154537511049, "max_depth": 5.0, "num_boost_round": 14.0}, "datetime": {"datetime": "2024-01-19 00:47:48", "elapsed": 2200.542472, "delta": 0.0026}}
{"target": -13.757978569759015, "params": {"gamma": 533.399071092752, "log10_alpha": -0.14896857566567157, "log10_colsample_bytree": -0.10644371571412126, "log10_eta": -2.3726730022473745, "log10_lambda": -4.554253386060717, "log10_min_child_weight": 2.2826051621876884, "log10_subsample": -0.5269154537511049, "max_depth": 5.0, "num_boost_round": 15.0}, "datetime": {"datetime": "2024-01-19 00:47:48", "elapsed": 2200.545041, "delta": 0.002569}}
{"target": -13.757951880408411, "params": {"gamma": 533.399071092752, "log10_alpha": -0.14896857566567157, "log10_colsample_bytree": -0.10644371571412126, "log10_eta": -2.3726730022473745, "log10_lambda": -4.554253386060717, "log10_min_child_weight": 2.2826051621876884, "log10_subsample": -0.5269154537511049, "max_depth": 5.0, "num_boost_round": 16.0}, "datetime": {"datetime": "2024-01-19 00:47:48", "elapsed": 2200.547754, "delta": 0.002713}}
{"target": -13.75848752417882, "params": {"gamma": 545.0719601248765, "log10_alpha": -1.7196632996777481, "log10_colsample_bytree": -0.004320515456082585, "log10_eta": -2.2608443040706265, "log10_lambda": -0.7382976588791514, "log10_min_child_weight": 2.330208906535793, "log10_subsample": -0.5886306022702806, "max_depth": 2.0, "num_boost_round": 0.0}, "datetime": {"datetime": "2024-01-19 00:48:18", "elapsed": 2230.017398, "delta": 29.469644}}
{"target": -13.758436417341468, "params": {"gamma": 545.0719601248765, "log10_alpha": -1.7196632996777481, "log10_colsample_bytree": -0.004320515456082585, "log10_eta": -2.2608443040706265, "log10_lambda": -0.7382976588791514, "log10_min_child_weight": 2.330208906535793, "log10_subsample": -0.5886306022702806, "max_depth": 2.0, "num_boost_round": 1.0}, "datetime": {"datetime": "2024-01-19 00:48:18", "elapsed": 2230.020152, "delta": 0.002754}}
{"target": -13.758435557789017, "params": {"gamma": 545.0719601248765, "log10_alpha": -1.7196632996777481, "log10_colsample_bytree": -0.004320515456082585, "log10_eta": -2.2608443040706265, "log10_lambda": -0.7382976588791514, "log10_min_child_weight": 2.330208906535793, "log10_subsample": -0.5886306022702806, "max_depth": 2.0, "num_boost_round": 2.0}, "datetime": {"datetime": "2024-01-19 00:48:18", "elapsed": 2230.022928, "delta": 0.002776}}
{"target": -13.758390632622369, "params": {"gamma": 545.0719601248765, "log10_alpha": -1.7196632996777481, "log10_colsample_bytree": -0.004320515456082585, "log10_eta": -2.2608443040706265, "log10_lambda": -0.7382976588791514, "log10_min_child_weight": 2.330208906535793, "log10_subsample": -0.5886306022702806, "max_depth": 2.0, "num_boost_round": 3.0}, "datetime": {"datetime": "2024-01-19 00:48:18", "elapsed": 2230.02563, "delta": 0.002702}}
{"target": -13.758349215983987, "params": {"gamma": 545.0719601248765, "log10_alpha": -1.7196632996777481, "log10_colsample_bytree": -0.004320515456082585, "log10_eta": -2.2608443040706265, "log10_lambda": -0.7382976588791514, "log10_min_child_weight": 2.330208906535793, "log10_subsample": -0.5886306022702806, "max_depth": 2.0, "num_boost_round": 4.0}, "datetime": {"datetime": "2024-01-19 00:48:18", "elapsed": 2230.028218, "delta": 0.002588}}
{"target": -13.758313137835321, "params": {"gamma": 545.0719601248765, "log10_alpha": -1.7196632996777481, "log10_colsample_bytree": -0.004320515456082585, "log10_eta": -2.2608443040706265, "log10_lambda": -0.7382976588791514, "log10_min_child_weight": 2.330208906535793, "log10_subsample": -0.5886306022702806, "max_depth": 2.0, "num_boost_round": 5.0}, "datetime": {"datetime": "2024-01-19 00:48:18", "elapsed": 2230.030746, "delta": 0.002528}}
{"target": -13.75827542246734, "params": {"gamma": 545.0719601248765, "log10_alpha": -1.7196632996777481, "log10_colsample_bytree": -0.004320515456082585, "log10_eta": -2.2608443040706265, "log10_lambda": -0.7382976588791514, "log10_min_child_weight": 2.330208906535793, "log10_subsample": -0.5886306022702806, "max_depth": 2.0, "num_boost_round": 6.0}, "datetime": {"datetime": "2024-01-19 00:48:18", "elapsed": 2230.033348, "delta": 0.002602}}
{"target": -13.75826613788889, "params": {"gamma": 545.0719601248765, "log10_alpha": -1.7196632996777481, "log10_colsample_bytree": -0.004320515456082585, "log10_eta": -2.2608443040706265, "log10_lambda": -0.7382976588791514, "log10_min_child_weight": 2.330208906535793, "log10_subsample": -0.5886306022702806, "max_depth": 2.0, "num_boost_round": 7.0}, "datetime": {"datetime": "2024-01-19 00:48:18", "elapsed": 2230.035865, "delta": 0.002517}}
{"target": -13.758238256087834, "params": {"gamma": 545.0719601248765, "log10_alpha": -1.7196632996777481, "log10_colsample_bytree": -0.004320515456082585, "log10_eta": -2.2608443040706265, "log10_lambda": -0.7382976588791514, "log10_min_child_weight": 2.330208906535793, "log10_subsample": -0.5886306022702806, "max_depth": 2.0, "num_boost_round": 8.0}, "datetime": {"datetime": "2024-01-19 00:48:18", "elapsed": 2230.038372, "delta": 0.002507}}
{"target": -13.75822351689077, "params": {"gamma": 545.0719601248765, "log10_alpha": -1.7196632996777481, "log10_colsample_bytree": -0.004320515456082585, "log10_eta": -2.2608443040706265, "log10_lambda": -0.7382976588791514, "log10_min_child_weight": 2.330208906535793, "log10_subsample": -0.5886306022702806, "max_depth": 2.0, "num_boost_round": 9.0}, "datetime": {"datetime": "2024-01-19 00:48:18", "elapsed": 2230.04087, "delta": 0.002498}}
{"target": -13.758211596361354, "params": {"gamma": 545.0719601248765, "log10_alpha": -1.7196632996777481, "log10_colsample_bytree": -0.004320515456082585, "log10_eta": -2.2608443040706265, "log10_lambda": -0.7382976588791514, "log10_min_child_weight": 2.330208906535793, "log10_subsample": -0.5886306022702806, "max_depth": 2.0, "num_boost_round": 10.0}, "datetime": {"datetime": "2024-01-19 00:48:18", "elapsed": 2230.043448, "delta": 0.002578}}
{"target": -13.758197423044798, "params": {"gamma": 545.0719601248765, "log10_alpha": -1.7196632996777481, "log10_colsample_bytree": -0.004320515456082585, "log10_eta": -2.2608443040706265, "log10_lambda": -0.7382976588791514, "log10_min_child_weight": 2.330208906535793, "log10_subsample": -0.5886306022702806, "max_depth": 2.0, "num_boost_round": 11.0}, "datetime": {"datetime": "2024-01-19 00:48:18", "elapsed": 2230.045986, "delta": 0.002538}}
{"target": -13.758186749600139, "params": {"gamma": 545.0719601248765, "log10_alpha": -1.7196632996777481, "log10_colsample_bytree": -0.004320515456082585, "log10_eta": -2.2608443040706265, "log10_lambda": -0.7382976588791514, "log10_min_child_weight": 2.330208906535793, "log10_subsample": -0.5886306022702806, "max_depth": 2.0, "num_boost_round": 12.0}, "datetime": {"datetime": "2024-01-19 00:48:18", "elapsed": 2230.048843, "delta": 0.002857}}
{"target": -13.758221250201712, "params": {"gamma": 545.0719601248765, "log10_alpha": -1.7196632996777481, "log10_colsample_bytree": -0.004320515456082585, "log10_eta": -2.2608443040706265, "log10_lambda": -0.7382976588791514, "log10_min_child_weight": 2.330208906535793, "log10_subsample": -0.5886306022702806, "max_depth": 2.0, "num_boost_round": 13.0}, "datetime": {"datetime": "2024-01-19 00:48:18", "elapsed": 2230.051441, "delta": 0.002598}}
{"target": -13.758223243584744, "params": {"gamma": 545.0719601248765, "log10_alpha": -1.7196632996777481, "log10_colsample_bytree": -0.004320515456082585, "log10_eta": -2.2608443040706265, "log10_lambda": -0.7382976588791514, "log10_min_child_weight": 2.330208906535793, "log10_subsample": -0.5886306022702806, "max_depth": 2.0, "num_boost_round": 14.0}, "datetime": {"datetime": "2024-01-19 00:48:18", "elapsed": 2230.054098, "delta": 0.002657}}
{"target": -13.758230476288245, "params": {"gamma": 545.0719601248765, "log10_alpha": -1.7196632996777481, "log10_colsample_bytree": -0.004320515456082585, "log10_eta": -2.2608443040706265, "log10_lambda": -0.7382976588791514, "log10_min_child_weight": 2.330208906535793, "log10_subsample": -0.5886306022702806, "max_depth": 2.0, "num_boost_round": 15.0}, "datetime": {"datetime": "2024-01-19 00:48:18", "elapsed": 2230.056726, "delta": 0.002628}}
{"target": -13.75825470326127, "params": {"gamma": 545.0719601248765, "log10_alpha": -1.7196632996777481, "log10_colsample_bytree": -0.004320515456082585, "log10_eta": -2.2608443040706265, "log10_lambda": -0.7382976588791514, "log10_min_child_weight": 2.330208906535793, "log10_subsample": -0.5886306022702806, "max_depth": 2.0, "num_boost_round": 16.0}, "datetime": {"datetime": "2024-01-19 00:48:18", "elapsed": 2230.059292, "delta": 0.002566}}
{"target": -13.758254531394153, "params": {"gamma": 545.0719601248765, "log10_alpha": -1.7196632996777481, "log10_colsample_bytree": -0.004320515456082585, "log10_eta": -2.2608443040706265, "log10_lambda": -0.7382976588791514, "log10_min_child_weight": 2.330208906535793, "log10_subsample": -0.5886306022702806, "max_depth": 2.0, "num_boost_round": 17.0}, "datetime": {"datetime": "2024-01-19 00:48:18", "elapsed": 2230.061815, "delta": 0.002523}}
{"target": -13.758244652122189, "params": {"gamma": 545.0719601248765, "log10_alpha": -1.7196632996777481, "log10_colsample_bytree": -0.004320515456082585, "log10_eta": -2.2608443040706265, "log10_lambda": -0.7382976588791514, "log10_min_child_weight": 2.330208906535793, "log10_subsample": -0.5886306022702806, "max_depth": 2.0, "num_boost_round": 18.0}, "datetime": {"datetime": "2024-01-19 00:48:18", "elapsed": 2230.064493, "delta": 0.002678}}
{"target": -13.758244760372275, "params": {"gamma": 545.0719601248765, "log10_alpha": -1.7196632996777481, "log10_colsample_bytree": -0.004320515456082585, "log10_eta": -2.2608443040706265, "log10_lambda": -0.7382976588791514, "log10_min_child_weight": 2.330208906535793, "log10_subsample": -0.5886306022702806, "max_depth": 2.0, "num_boost_round": 19.0}, "datetime": {"datetime": "2024-01-19 00:48:18", "elapsed": 2230.067124, "delta": 0.002631}}
{"target": -13.758259341662773, "params": {"gamma": 545.0719601248765, "log10_alpha": -1.7196632996777481, "log10_colsample_bytree": -0.004320515456082585, "log10_eta": -2.2608443040706265, "log10_lambda": -0.7382976588791514, "log10_min_child_weight": 2.330208906535793, "log10_subsample": -0.5886306022702806, "max_depth": 2.0, "num_boost_round": 20.0}, "datetime": {"datetime": "2024-01-19 00:48:18", "elapsed": 2230.069638, "delta": 0.002514}}
{"target": -13.758298716887008, "params": {"gamma": 545.0719601248765, "log10_alpha": -1.7196632996777481, "log10_colsample_bytree": -0.004320515456082585, "log10_eta": -2.2608443040706265, "log10_lambda": -0.7382976588791514, "log10_min_child_weight": 2.330208906535793, "log10_subsample": -0.5886306022702806, "max_depth": 2.0, "num_boost_round": 21.0}, "datetime": {"datetime": "2024-01-19 00:48:18", "elapsed": 2230.072174, "delta": 0.002536}}
{"target": -13.758317290151275, "params": {"gamma": 545.0719601248765, "log10_alpha": -1.7196632996777481, "log10_colsample_bytree": -0.004320515456082585, "log10_eta": -2.2608443040706265, "log10_lambda": -0.7382976588791514, "log10_min_child_weight": 2.330208906535793, "log10_subsample": -0.5886306022702806, "max_depth": 2.0, "num_boost_round": 22.0}, "datetime": {"datetime": "2024-01-19 00:48:18", "elapsed": 2230.074967, "delta": 0.002793}}
{"target": -13.758245221037038, "params": {"gamma": 536.1479607061563, "log10_alpha": -1.3119340302923912, "log10_colsample_bytree": -0.4654021294766374, "log10_eta": -1.7023878867595887, "log10_lambda": 0.6467068614904043, "log10_min_child_weight": 3.814711825920395, "log10_subsample": -0.3257213303133638, "max_depth": 6.0, "num_boost_round": 0.0}, "datetime": {"datetime": "2024-01-19 00:48:46", "elapsed": 2257.982729, "delta": 27.907762}}
{"target": -13.757677203854964, "params": {"gamma": 536.1479607061563, "log10_alpha": -1.3119340302923912, "log10_colsample_bytree": -0.4654021294766374, "log10_eta": -1.7023878867595887, "log10_lambda": 0.6467068614904043, "log10_min_child_weight": 3.814711825920395, "log10_subsample": -0.3257213303133638, "max_depth": 6.0, "num_boost_round": 1.0}, "datetime": {"datetime": "2024-01-19 00:48:46", "elapsed": 2257.985543, "delta": 0.002814}}
{"target": -13.757691197773317, "params": {"gamma": 536.1479607061563, "log10_alpha": -1.3119340302923912, "log10_colsample_bytree": -0.4654021294766374, "log10_eta": -1.7023878867595887, "log10_lambda": 0.6467068614904043, "log10_min_child_weight": 3.814711825920395, "log10_subsample": -0.3257213303133638, "max_depth": 6.0, "num_boost_round": 2.0}, "datetime": {"datetime": "2024-01-19 00:48:46", "elapsed": 2257.988174, "delta": 0.002631}}
{"target": -13.75745098622194, "params": {"gamma": 536.1479607061563, "log10_alpha": -1.3119340302923912, "log10_colsample_bytree": -0.4654021294766374, "log10_eta": -1.7023878867595887, "log10_lambda": 0.6467068614904043, "log10_min_child_weight": 3.814711825920395, "log10_subsample": -0.3257213303133638, "max_depth": 6.0, "num_boost_round": 3.0}, "datetime": {"datetime": "2024-01-19 00:48:46", "elapsed": 2257.991024, "delta": 0.00285}}
{"target": -13.757297340318221, "params": {"gamma": 536.1479607061563, "log10_alpha": -1.3119340302923912, "log10_colsample_bytree": -0.4654021294766374, "log10_eta": -1.7023878867595887, "log10_lambda": 0.6467068614904043, "log10_min_child_weight": 3.814711825920395, "log10_subsample": -0.3257213303133638, "max_depth": 6.0, "num_boost_round": 4.0}, "datetime": {"datetime": "2024-01-19 00:48:46", "elapsed": 2257.994557, "delta": 0.003533}}
{"target": -13.757154417720939, "params": {"gamma": 536.1479607061563, "log10_alpha": -1.3119340302923912, "log10_colsample_bytree": -0.4654021294766374, "log10_eta": -1.7023878867595887, "log10_lambda": 0.6467068614904043, "log10_min_child_weight": 3.814711825920395, "log10_subsample": -0.3257213303133638, "max_depth": 6.0, "num_boost_round": 5.0}, "datetime": {"datetime": "2024-01-19 00:48:46", "elapsed": 2257.997129, "delta": 0.002572}}
{"target": -13.757190176378282, "params": {"gamma": 536.1479607061563, "log10_alpha": -1.3119340302923912, "log10_colsample_bytree": -0.4654021294766374, "log10_eta": -1.7023878867595887, "log10_lambda": 0.6467068614904043, "log10_min_child_weight": 3.814711825920395, "log10_subsample": -0.3257213303133638, "max_depth": 6.0, "num_boost_round": 6.0}, "datetime": {"datetime": "2024-01-19 00:48:46", "elapsed": 2257.99967, "delta": 0.002541}}
{"target": -13.756976186253093, "params": {"gamma": 536.1479607061563, "log10_alpha": -1.3119340302923912, "log10_colsample_bytree": -0.4654021294766374, "log10_eta": -1.7023878867595887, "log10_lambda": 0.6467068614904043, "log10_min_child_weight": 3.814711825920395, "log10_subsample": -0.3257213303133638, "max_depth": 6.0, "num_boost_round": 7.0}, "datetime": {"datetime": "2024-01-19 00:48:46", "elapsed": 2258.002219, "delta": 0.002549}}
{"target": -13.756602900670067, "params": {"gamma": 536.1479607061563, "log10_alpha": -1.3119340302923912, "log10_colsample_bytree": -0.4654021294766374, "log10_eta": -1.7023878867595887, "log10_lambda": 0.6467068614904043, "log10_min_child_weight": 3.814711825920395, "log10_subsample": -0.3257213303133638, "max_depth": 6.0, "num_boost_round": 8.0}, "datetime": {"datetime": "2024-01-19 00:48:46", "elapsed": 2258.00482, "delta": 0.002601}}
{"target": -13.75639131384484, "params": {"gamma": 536.1479607061563, "log10_alpha": -1.3119340302923912, "log10_colsample_bytree": -0.4654021294766374, "log10_eta": -1.7023878867595887, "log10_lambda": 0.6467068614904043, "log10_min_child_weight": 3.814711825920395, "log10_subsample": -0.3257213303133638, "max_depth": 6.0, "num_boost_round": 9.0}, "datetime": {"datetime": "2024-01-19 00:48:46", "elapsed": 2258.007502, "delta": 0.002682}}
{"target": -13.756120269782938, "params": {"gamma": 536.1479607061563, "log10_alpha": -1.3119340302923912, "log10_colsample_bytree": -0.4654021294766374, "log10_eta": -1.7023878867595887, "log10_lambda": 0.6467068614904043, "log10_min_child_weight": 3.814711825920395, "log10_subsample": -0.3257213303133638, "max_depth": 6.0, "num_boost_round": 10.0}, "datetime": {"datetime": "2024-01-19 00:48:46", "elapsed": 2258.01008, "delta": 0.002578}}
{"target": -13.755848198826241, "params": {"gamma": 536.1479607061563, "log10_alpha": -1.3119340302923912, "log10_colsample_bytree": -0.4654021294766374, "log10_eta": -1.7023878867595887, "log10_lambda": 0.6467068614904043, "log10_min_child_weight": 3.814711825920395, "log10_subsample": -0.3257213303133638, "max_depth": 6.0, "num_boost_round": 11.0}, "datetime": {"datetime": "2024-01-19 00:48:46", "elapsed": 2258.012627, "delta": 0.002547}}
{"target": -13.756141771612615, "params": {"gamma": 536.1479607061563, "log10_alpha": -1.3119340302923912, "log10_colsample_bytree": -0.4654021294766374, "log10_eta": -1.7023878867595887, "log10_lambda": 0.6467068614904043, "log10_min_child_weight": 3.814711825920395, "log10_subsample": -0.3257213303133638, "max_depth": 6.0, "num_boost_round": 12.0}, "datetime": {"datetime": "2024-01-19 00:48:46", "elapsed": 2258.015185, "delta": 0.002558}}
{"target": -13.75600087943905, "params": {"gamma": 536.1479607061563, "log10_alpha": -1.3119340302923912, "log10_colsample_bytree": -0.4654021294766374, "log10_eta": -1.7023878867595887, "log10_lambda": 0.6467068614904043, "log10_min_child_weight": 3.814711825920395, "log10_subsample": -0.3257213303133638, "max_depth": 6.0, "num_boost_round": 13.0}, "datetime": {"datetime": "2024-01-19 00:48:46", "elapsed": 2258.017744, "delta": 0.002559}}
