{"target": -17.677201523145918, "params": {"gamma": 420.6972294783809, "log10_alpha": -1.4366246898398123, "log10_colsample_bytree": -0.9165967975071795, "log10_eta": -4.0, "log10_lambda": -5.0, "log10_min_child_weight": 0.0, "log10_subsample": -0.7269650137026535, "max_depth": 5.0, "num_boost_round": 12.0}, "datetime": {"datetime": "2024-01-19 00:18:03", "elapsed": 373.282647, "delta": 0.001252}}
{"target": -17.67720022711584, "params": {"gamma": 420.6972294783809, "log10_alpha": -1.4366246898398123, "log10_colsample_bytree": -0.9165967975071795, "log10_eta": -4.0, "log10_lambda": -5.0, "log10_min_child_weight": 0.0, "log10_subsample": -0.7269650137026535, "max_depth": 5.0, "num_boost_round": 13.0}, "datetime": {"datetime": "2024-01-19 00:18:03", "elapsed": 373.283785, "delta": 0.001138}}
{"target": -17.677197861438586, "params": {"gamma": 420.6972294783809, "log10_alpha": -1.4366246898398123, "log10_colsample_bytree": -0.9165967975071795, "log10_eta": -4.0, "log10_lambda": -5.0, "log10_min_child_weight": 0.0, "log10_subsample": -0.7269650137026535, "max_depth": 5.0, "num_boost_round": 14.0}, "datetime": {"datetime": "2024-01-19 00:18:03", "elapsed": 373.284923, "delta": 0.001138}}
{"target": -17.677194333709743, "params": {"gamma": 420.6972294783809, "log10_alpha": -1.4366246898398123, "log10_colsample_bytree": -0.9165967975071795, "log10_eta": -4.0, "log10_lambda": -5.0, "log10_min_child_weight": 0.0, "log10_subsample": -0.7269650137026535, "max_depth": 5.0, "num_boost_round": 15.0}, "datetime": {"datetime": "2024-01-19 00:18:03", "elapsed": 373.286053, "delta": 0.00113}}
{"target": -17.6771924284634, "params": {"gamma": 420.6972294783809, "log10_alpha": -1.4366246898398123, "log10_colsample_bytree": -0.9165967975071795, "log10_eta": -4.0, "log10_lambda": -5.0, "log10_min_child_weight": 0.0, "log10_subsample": -0.7269650137026535, "max_depth": 5.0, "num_boost_round": 16.0}, "datetime": {"datetime": "2024-01-19 00:18:03", "elapsed": 373.287185, "delta": 0.001132}}
{"target": -17.677188149924312, "params": {"gamma": 420.6972294783809, "log10_alpha": -1.4366246898398123, "log10_colsample_bytree": -0.9165967975071795, "log10_eta": -4.0, "log10_lambda": -5.0, "log10_min_child_weight": 0.0, "log10_subsample": -0.7269650137026535, "max_depth": 5.0, "num_boost_round": 17.0}, "datetime": {"datetime": "2024-01-19 00:18:03", "elapsed": 373.288326, "delta": 0.001141}}
{"target": -17.677185966737856, "params": {"gamma": 420.6972294783809, "log10_alpha": -1.4366246898398123, "log10_colsample_bytree": -0.9165967975071795, "log10_eta": -4.0, "log10_lambda": -5.0, "log10_min_child_weight": 0.0, "log10_subsample": -0.7269650137026535, "max_depth": 5.0, "num_boost_round": 18.0}, "datetime": {"datetime": "2024-01-19 00:18:03", "elapsed": 373.289465, "delta": 0.001139}}
{"target": -17.677181592682643, "params": {"gamma": 420.6972294783809, "log10_alpha": -1.4366246898398123, "log10_colsample_bytree": -0.9165967975071795, "log10_eta": -4.0, "log10_lambda": -5.0, "log10_min_child_weight": 0.0, "log10_subsample": -0.7269650137026535, "max_depth": 5.0, "num_boost_round": 19.0}, "datetime": {"datetime": "2024-01-19 00:18:03", "elapsed": 373.290694, "delta": 0.001229}}
{"target": -17.677177226509432, "params": {"gamma": 420.6972294783809, "log10_alpha": -1.4366246898398123, "log10_colsample_bytree": -0.9165967975071795, "log10_eta": -4.0, "log10_lambda": -5.0, "log10_min_child_weight": 0.0, "log10_subsample": -0.7269650137026535, "max_depth": 5.0, "num_boost_round": 20.0}, "datetime": {"datetime": "2024-01-19 00:18:03", "elapsed": 373.29184, "delta": 0.001146}}
{"target": -17.677168885976776, "params": {"gamma": 420.6972294783809, "log10_alpha": -1.4366246898398123, "log10_colsample_bytree": -0.9165967975071795, "log10_eta": -4.0, "log10_lambda": -5.0, "log10_min_child_weight": 0.0, "log10_subsample": -0.7269650137026535, "max_depth": 5.0, "num_boost_round": 21.0}, "datetime": {"datetime": "2024-01-19 00:18:03", "elapsed": 373.292979, "delta": 0.001139}}
{"target": -17.677162709450513, "params": {"gamma": 420.6972294783809, "log10_alpha": -1.4366246898398123, "log10_colsample_bytree": -0.9165967975071795, "log10_eta": -4.0, "log10_lambda": -5.0, "log10_min_child_weight": 0.0, "log10_subsample": -0.7269650137026535, "max_depth": 5.0, "num_boost_round": 22.0}, "datetime": {"datetime": "2024-01-19 00:18:03", "elapsed": 373.294125, "delta": 0.001146}}
{"target": -17.677156377233544, "params": {"gamma": 420.6972294783809, "log10_alpha": -1.4366246898398123, "log10_colsample_bytree": -0.9165967975071795, "log10_eta": -4.0, "log10_lambda": -5.0, "log10_min_child_weight": 0.0, "log10_subsample": -0.7269650137026535, "max_depth": 5.0, "num_boost_round": 23.0}, "datetime": {"datetime": "2024-01-19 00:18:03", "elapsed": 373.295266, "delta": 0.001141}}
{"target": -17.6771559727626, "params": {"gamma": 420.6972294783809, "log10_alpha": -1.4366246898398123, "log10_colsample_bytree": -0.9165967975071795, "log10_eta": -4.0, "log10_lambda": -5.0, "log10_min_child_weight": 0.0, "log10_subsample": -0.7269650137026535, "max_depth": 5.0, "num_boost_round": 24.0}, "datetime": {"datetime": "2024-01-19 00:18:03", "elapsed": 373.296418, "delta": 0.001152}}
{"target": -17.677150211902187, "params": {"gamma": 420.6972294783809, "log10_alpha": -1.4366246898398123, "log10_colsample_bytree": -0.9165967975071795, "log10_eta": -4.0, "log10_lambda": -5.0, "log10_min_child_weight": 0.0, "log10_subsample": -0.7269650137026535, "max_depth": 5.0, "num_boost_round": 25.0}, "datetime": {"datetime": "2024-01-19 00:18:03", "elapsed": 373.297565, "delta": 0.001147}}
{"target": -17.677147681207156, "params": {"gamma": 420.6972294783809, "log10_alpha": -1.4366246898398123, "log10_colsample_bytree": -0.9165967975071795, "log10_eta": -4.0, "log10_lambda": -5.0, "log10_min_child_weight": 0.0, "log10_subsample": -0.7269650137026535, "max_depth": 5.0, "num_boost_round": 26.0}, "datetime": {"datetime": "2024-01-19 00:18:03", "elapsed": 373.298712, "delta": 0.001147}}
{"target": -17.677142938140044, "params": {"gamma": 420.6972294783809, "log10_alpha": -1.4366246898398123, "log10_colsample_bytree": -0.9165967975071795, "log10_eta": -4.0, "log10_lambda": -5.0, "log10_min_child_weight": 0.0, "log10_subsample": -0.7269650137026535, "max_depth": 5.0, "num_boost_round": 27.0}, "datetime": {"datetime": "2024-01-19 00:18:03", "elapsed": 373.299858, "delta": 0.001146}}
{"target": -17.677140051916034, "params": {"gamma": 420.6972294783809, "log10_alpha": -1.4366246898398123, "log10_colsample_bytree": -0.9165967975071795, "log10_eta": -4.0, "log10_lambda": -5.0, "log10_min_child_weight": 0.0, "log10_subsample": -0.7269650137026535, "max_depth": 5.0, "num_boost_round": 28.0}, "datetime": {"datetime": "2024-01-19 00:18:03", "elapsed": 373.301008, "delta": 0.00115}}
{"target": -17.677127561424538, "params": {"gamma": 420.6972294783809, "log10_alpha": -1.4366246898398123, "log10_colsample_bytree": -0.9165967975071795, "log10_eta": -4.0, "log10_lambda": -5.0, "log10_min_child_weight": 0.0, "log10_subsample": -0.7269650137026535, "max_depth": 5.0, "num_boost_round": 29.0}, "datetime": {"datetime": "2024-01-19 00:18:03", "elapsed": 373.302264, "delta": 0.001256}}
{"target": -17.67712564656018, "params": {"gamma": 420.6972294783809, "log10_alpha": -1.4366246898398123, "log10_colsample_bytree": -0.9165967975071795, "log10_eta": -4.0, "log10_lambda": -5.0, "log10_min_child_weight": 0.0, "log10_subsample": -0.7269650137026535, "max_depth": 5.0, "num_boost_round": 30.0}, "datetime": {"datetime": "2024-01-19 00:18:03", "elapsed": 373.303427, "delta": 0.001163}}
{"target": -17.677120738294235, "params": {"gamma": 420.6972294783809, "log10_alpha": -1.4366246898398123, "log10_colsample_bytree": -0.9165967975071795, "log10_eta": -4.0, "log10_lambda": -5.0, "log10_min_child_weight": 0.0, "log10_subsample": -0.7269650137026535, "max_depth": 5.0, "num_boost_round": 31.0}, "datetime": {"datetime": "2024-01-19 00:18:03", "elapsed": 373.304589, "delta": 0.001162}}
{"target": -17.67711413699829, "params": {"gamma": 420.6972294783809, "log10_alpha": -1.4366246898398123, "log10_colsample_bytree": -0.9165967975071795, "log10_eta": -4.0, "log10_lambda": -5.0, "log10_min_child_weight": 0.0, "log10_subsample": -0.7269650137026535, "max_depth": 5.0, "num_boost_round": 32.0}, "datetime": {"datetime": "2024-01-19 00:18:03", "elapsed": 373.305747, "delta": 0.001158}}
{"target": -17.677111717149558, "params": {"gamma": 420.6972294783809, "log10_alpha": -1.4366246898398123, "log10_colsample_bytree": -0.9165967975071795, "log10_eta": -4.0, "log10_lambda": -5.0, "log10_min_child_weight": 0.0, "log10_subsample": -0.7269650137026535, "max_depth": 5.0, "num_boost_round": 33.0}, "datetime": {"datetime": "2024-01-19 00:18:03", "elapsed": 373.306904, "delta": 0.001157}}
{"target": -17.677102946370617, "params": {"gamma": 420.6972294783809, "log10_alpha": -1.4366246898398123, "log10_colsample_bytree": -0.9165967975071795, "log10_eta": -4.0, "log10_lambda": -5.0, "log10_min_child_weight": 0.0, "log10_subsample": -0.7269650137026535, "max_depth": 5.0, "num_boost_round": 34.0}, "datetime": {"datetime": "2024-01-19 00:18:03", "elapsed": 373.308067, "delta": 0.001163}}
{"target": -17.67710095531483, "params": {"gamma": 420.6972294783809, "log10_alpha": -1.4366246898398123, "log10_colsample_bytree": -0.9165967975071795, "log10_eta": -4.0, "log10_lambda": -5.0, "log10_min_child_weight": 0.0, "log10_subsample": -0.7269650137026535, "max_depth": 5.0, "num_boost_round": 35.0}, "datetime": {"datetime": "2024-01-19 00:18:03", "elapsed": 373.309229, "delta": 0.001162}}
{"target": -17.677099611413208, "params": {"gamma": 420.6972294783809, "log10_alpha": -1.4366246898398123, "log10_colsample_bytree": -0.9165967975071795, "log10_eta": -4.0, "log10_lambda": -5.0, "log10_min_child_weight": 0.0, "log10_subsample": -0.7269650137026535, "max_depth": 5.0, "num_boost_round": 36.0}, "datetime": {"datetime": "2024-01-19 00:18:03", "elapsed": 373.310392, "delta": 0.001163}}
{"target": -17.677096759127856, "params": {"gamma": 420.6972294783809, "log10_alpha": -1.4366246898398123, "log10_colsample_bytree": -0.9165967975071795, "log10_eta": -4.0, "log10_lambda": -5.0, "log10_min_child_weight": 0.0, "log10_subsample": -0.7269650137026535, "max_depth": 5.0, "num_boost_round": 37.0}, "datetime": {"datetime": "2024-01-19 00:18:03", "elapsed": 373.311559, "delta": 0.001167}}
{"target": -17.67709721416909, "params": {"gamma": 420.6972294783809, "log10_alpha": -1.4366246898398123, "log10_colsample_bytree": -0.9165967975071795, "log10_eta": -4.0, "log10_lambda": -5.0, "log10_min_child_weight": 0.0, "log10_subsample": -0.7269650137026535, "max_depth": 5.0, "num_boost_round": 38.0}, "datetime": {"datetime": "2024-01-19 00:18:03", "elapsed": 373.31278, "delta": 0.001221}}
{"target": -17.677099011539113, "params": {"gamma": 420.6972294783809, "log10_alpha": -1.4366246898398123, "log10_colsample_bytree": -0.9165967975071795, "log10_eta": -4.0, "log10_lambda": -5.0, "log10_min_child_weight": 0.0, "log10_subsample": -0.7269650137026535, "max_depth": 5.0, "num_boost_round": 39.0}, "datetime": {"datetime": "2024-01-19 00:18:03", "elapsed": 373.313943, "delta": 0.001163}}
{"target": -17.677093768272265, "params": {"gamma": 420.6972294783809, "log10_alpha": -1.4366246898398123, "log10_colsample_bytree": -0.9165967975071795, "log10_eta": -4.0, "log10_lambda": -5.0, "log10_min_child_weight": 0.0, "log10_subsample": -0.7269650137026535, "max_depth": 5.0, "num_boost_round": 40.0}, "datetime": {"datetime": "2024-01-19 00:18:03", "elapsed": 373.315137, "delta": 0.001194}}
{"target": -17.677090569611988, "params": {"gamma": 420.6972294783809, "log10_alpha": -1.4366246898398123, "log10_colsample_bytree": -0.9165967975071795, "log10_eta": -4.0, "log10_lambda": -5.0, "log10_min_child_weight": 0.0, "log10_subsample": -0.7269650137026535, "max_depth": 5.0, "num_boost_round": 41.0}, "datetime": {"datetime": "2024-01-19 00:18:03", "elapsed": 373.31631, "delta": 0.001173}}
{"target": -17.677085627519332, "params": {"gamma": 420.6972294783809, "log10_alpha": -1.4366246898398123, "log10_colsample_bytree": -0.9165967975071795, "log10_eta": -4.0, "log10_lambda": -5.0, "log10_min_child_weight": 0.0, "log10_subsample": -0.7269650137026535, "max_depth": 5.0, "num_boost_round": 42.0}, "datetime": {"datetime": "2024-01-19 00:18:03", "elapsed": 373.317485, "delta": 0.001175}}
{"target": -17.67708130631369, "params": {"gamma": 420.6972294783809, "log10_alpha": -1.4366246898398123, "log10_colsample_bytree": -0.9165967975071795, "log10_eta": -4.0, "log10_lambda": -5.0, "log10_min_child_weight": 0.0, "log10_subsample": -0.7269650137026535, "max_depth": 5.0, "num_boost_round": 43.0}, "datetime": {"datetime": "2024-01-19 00:18:03", "elapsed": 373.318658, "delta": 0.001173}}
{"target": -17.677080932144975, "params": {"gamma": 420.6972294783809, "log10_alpha": -1.4366246898398123, "log10_colsample_bytree": -0.9165967975071795, "log10_eta": -4.0, "log10_lambda": -5.0, "log10_min_child_weight": 0.0, "log10_subsample": -0.7269650137026535, "max_depth": 5.0, "num_boost_round": 44.0}, "datetime": {"datetime": "2024-01-19 00:18:03", "elapsed": 373.319831, "delta": 0.001173}}
{"target": -17.677079896310214, "params": {"gamma": 420.6972294783809, "log10_alpha": -1.4366246898398123, "log10_colsample_bytree": -0.9165967975071795, "log10_eta": -4.0, "log10_lambda": -5.0, "log10_min_child_weight": 0.0, "log10_subsample": -0.7269650137026535, "max_depth": 5.0, "num_boost_round": 45.0}, "datetime": {"datetime": "2024-01-19 00:18:03", "elapsed": 373.321, "delta": 0.001169}}
{"target": -17.677078674388497, "params": {"gamma": 420.6972294783809, "log10_alpha": -1.4366246898398123, "log10_colsample_bytree": -0.9165967975071795, "log10_eta": -4.0, "log10_lambda": -5.0, "log10_min_child_weight": 0.0, "log10_subsample": -0.7269650137026535, "max_depth": 5.0, "num_boost_round": 46.0}, "datetime": {"datetime": "2024-01-19 00:18:03", "elapsed": 373.32219, "delta": 0.00119}}
{"target": -17.67707394809359, "params": {"gamma": 420.6972294783809, "log10_alpha": -1.4366246898398123, "log10_colsample_bytree": -0.9165967975071795, "log10_eta": -4.0, "log10_lambda": -5.0, "log10_min_child_weight": 0.0, "log10_subsample": -0.7269650137026535, "max_depth": 5.0, "num_boost_round": 47.0}, "datetime": {"datetime": "2024-01-19 00:18:03", "elapsed": 373.323501, "delta": 0.001311}}
{"target": -17.677069775806356, "params": {"gamma": 420.6972294783809, "log10_alpha": -1.4366246898398123, "log10_colsample_bytree": -0.9165967975071795, "log10_eta": -4.0, "log10_lambda": -5.0, "log10_min_child_weight": 0.0, "log10_subsample": -0.7269650137026535, "max_depth": 5.0, "num_boost_round": 48.0}, "datetime": {"datetime": "2024-01-19 00:18:03", "elapsed": 373.324695, "delta": 0.001194}}
{"target": -17.67706905580038, "params": {"gamma": 420.6972294783809, "log10_alpha": -1.4366246898398123, "log10_colsample_bytree": -0.9165967975071795, "log10_eta": -4.0, "log10_lambda": -5.0, "log10_min_child_weight": 0.0, "log10_subsample": -0.7269650137026535, "max_depth": 5.0, "num_boost_round": 49.0}, "datetime": {"datetime": "2024-01-19 00:18:03", "elapsed": 373.325878, "delta": 0.001183}}
{"target": -17.67707181665497, "params": {"gamma": 420.6972294783809, "log10_alpha": -1.4366246898398123, "log10_colsample_bytree": -0.9165967975071795, "log10_eta": -4.0, "log10_lambda": -5.0, "log10_min_child_weight": 0.0, "log10_subsample": -0.7269650137026535, "max_depth": 5.0, "num_boost_round": 50.0}, "datetime": {"datetime": "2024-01-19 00:18:03", "elapsed": 373.327059, "delta": 0.001181}}
{"target": -17.677076640804774, "params": {"gamma": 420.6972294783809, "log10_alpha": -1.4366246898398123, "log10_colsample_bytree": -0.9165967975071795, "log10_eta": -4.0, "log10_lambda": -5.0, "log10_min_child_weight": 0.0, "log10_subsample": -0.7269650137026535, "max_depth": 5.0, "num_boost_round": 51.0}, "datetime": {"datetime": "2024-01-19 00:18:03", "elapsed": 373.328228, "delta": 0.001169}}
{"target": -17.677075765052262, "params": {"gamma": 420.6972294783809, "log10_alpha": -1.4366246898398123, "log10_colsample_bytree": -0.9165967975071795, "log10_eta": -4.0, "log10_lambda": -5.0, "log10_min_child_weight": 0.0, "log10_subsample": -0.7269650137026535, "max_depth": 5.0, "num_boost_round": 52.0}, "datetime": {"datetime": "2024-01-19 00:18:03", "elapsed": 373.33015, "delta": 0.001922}}
{"target": -17.677071148959115, "params": {"gamma": 420.6972294783809, "log10_alpha": -1.4366246898398123, "log10_colsample_bytree": -0.9165967975071795, "log10_eta": -4.0, "log10_lambda": -5.0, "log10_min_child_weight": 0.0, "log10_subsample": -0.7269650137026535, "max_depth": 5.0, "num_boost_round": 53.0}, "datetime": {"datetime": "2024-01-19 00:18:03", "elapsed": 373.33205, "delta": 0.0019}}
{"target": -17.67706792519305, "params": {"gamma": 420.6972294783809, "log10_alpha": -1.4366246898398123, "log10_colsample_bytree": -0.9165967975071795, "log10_eta": -4.0, "log10_lambda": -5.0, "log10_min_child_weight": 0.0, "log10_subsample": -0.7269650137026535, "max_depth": 5.0, "num_boost_round": 54.0}, "datetime": {"datetime": "2024-01-19 00:18:03", "elapsed": 373.333243, "delta": 0.001193}}
{"target": -17.67706496814044, "params": {"gamma": 420.6972294783809, "log10_alpha": -1.4366246898398123, "log10_colsample_bytree": -0.9165967975071795, "log10_eta": -4.0, "log10_lambda": -5.0, "log10_min_child_weight": 0.0, "log10_subsample": -0.7269650137026535, "max_depth": 5.0, "num_boost_round": 55.0}, "datetime": {"datetime": "2024-01-19 00:18:03", "elapsed": 373.334423, "delta": 0.00118}}
{"target": -17.67706569106002, "params": {"gamma": 420.6972294783809, "log10_alpha": -1.4366246898398123, "log10_colsample_bytree": -0.9165967975071795, "log10_eta": -4.0, "log10_lambda": -5.0, "log10_min_child_weight": 0.0, "log10_subsample": -0.7269650137026535, "max_depth": 5.0, "num_boost_round": 56.0}, "datetime": {"datetime": "2024-01-19 00:18:03", "elapsed": 373.335622, "delta": 0.001199}}
{"target": -17.677060928783582, "params": {"gamma": 420.6972294783809, "log10_alpha": -1.4366246898398123, "log10_colsample_bytree": -0.9165967975071795, "log10_eta": -4.0, "log10_lambda": -5.0, "log10_min_child_weight": 0.0, "log10_subsample": -0.7269650137026535, "max_depth": 5.0, "num_boost_round": 57.0}, "datetime": {"datetime": "2024-01-19 00:18:03", "elapsed": 373.336808, "delta": 0.001186}}
{"target": -17.67705359280023, "params": {"gamma": 420.6972294783809, "log10_alpha": -1.4366246898398123, "log10_colsample_bytree": -0.9165967975071795, "log10_eta": -4.0, "log10_lambda": -5.0, "log10_min_child_weight": 0.0, "log10_subsample": -0.7269650137026535, "max_depth": 5.0, "num_boost_round": 58.0}, "datetime": {"datetime": "2024-01-19 00:18:03", "elapsed": 373.33799, "delta": 0.001182}}
{"target": -17.6770448171231, "params": {"gamma": 420.6972294783809, "log10_alpha": -1.4366246898398123, "log10_colsample_bytree": -0.9165967975071795, "log10_eta": -4.0, "log10_lambda": -5.0, "log10_min_child_weight": 0.0, "log10_subsample": -0.7269650137026535, "max_depth": 5.0, "num_boost_round": 59.0}, "datetime": {"datetime": "2024-01-19 00:18:03", "elapsed": 373.339197, "delta": 0.001207}}
{"target": -17.677046698808702, "params": {"gamma": 420.6972294783809, "log10_alpha": -1.4366246898398123, "log10_colsample_bytree": -0.9165967975071795, "log10_eta": -4.0, "log10_lambda": -5.0, "log10_min_child_weight": 0.0, "log10_subsample": -0.7269650137026535, "max_depth": 5.0, "num_boost_round": 60.0}, "datetime": {"datetime": "2024-01-19 00:18:03", "elapsed": 373.340406, "delta": 0.001209}}
{"target": -17.67704376455627, "params": {"gamma": 420.6972294783809, "log10_alpha": -1.4366246898398123, "log10_colsample_bytree": -0.9165967975071795, "log10_eta": -4.0, "log10_lambda": -5.0, "log10_min_child_weight": 0.0, "log10_subsample": -0.7269650137026535, "max_depth": 5.0, "num_boost_round": 61.0}, "datetime": {"datetime": "2024-01-19 00:18:03", "elapsed": 373.341617, "delta": 0.001211}}
{"target": -17.677039737139786, "params": {"gamma": 420.6972294783809, "log10_alpha": -1.4366246898398123, "log10_colsample_bytree": -0.9165967975071795, "log10_eta": -4.0, "log10_lambda": -5.0, "log10_min_child_weight": 0.0, "log10_subsample": -0.7269650137026535, "max_depth": 5.0, "num_boost_round": 62.0}, "datetime": {"datetime": "2024-01-19 00:18:03", "elapsed": 373.343114, "delta": 0.001497}}
{"target": -17.677034843618166, "params": {"gamma": 420.6972294783809, "log10_alpha": -1.4366246898398123, "log10_colsample_bytree": -0.9165967975071795, "log10_eta": -4.0, "log10_lambda": -5.0, "log10_min_child_weight": 0.0, "log10_subsample": -0.7269650137026535, "max_depth": 5.0, "num_boost_round": 63.0}, "datetime": {"datetime": "2024-01-19 00:18:03", "elapsed": 373.344529, "delta": 0.001415}}
{"target": -17.677035291407947, "params": {"gamma": 420.6972294783809, "log10_alpha": -1.4366246898398123, "log10_colsample_bytree": -0.9165967975071795, "log10_eta": -4.0, "log10_lambda": -5.0, "log10_min_child_weight": 0.0, "log10_subsample": -0.7269650137026535, "max_depth": 5.0, "num_boost_round": 64.0}, "datetime": {"datetime": "2024-01-19 00:18:03", "elapsed": 373.345912, "delta": 0.001383}}
{"target": -17.677031946674315, "params": {"gamma": 420.6972294783809, "log10_alpha": -1.4366246898398123, "log10_colsample_bytree": -0.9165967975071795, "log10_eta": -4.0, "log10_lambda": -5.0, "log10_min_child_weight": 0.0, "log10_subsample": -0.7269650137026535, "max_depth": 5.0, "num_boost_round": 65.0}, "datetime": {"datetime": "2024-01-19 00:18:03", "elapsed": 373.347236, "delta": 0.001324}}
