{"target": -17.677152183466404, "params": {"gamma": 72.85482861898996, "log10_alpha": 0.8580089726576805, "log10_colsample_bytree": -0.972632312938779, "log10_eta": -3.441049996201218, "log10_lambda": -0.3262967843106175, "log10_min_child_weight": 0.4667194313793982, "log10_subsample": -0.3518701618229412, "max_depth": 6.0, "num_boost_round": 8.0}, "datetime": {"datetime": "2024-01-19 00:22:38", "elapsed": 666.222575, "delta": 0.000985}}
{"target": -17.677144048484664, "params": {"gamma": 72.85482861898996, "log10_alpha": 0.8580089726576805, "log10_colsample_bytree": -0.972632312938779, "log10_eta": -3.441049996201218, "log10_lambda": -0.3262967843106175, "log10_min_child_weight": 0.4667194313793982, "log10_subsample": -0.3518701618229412, "max_depth": 6.0, "num_boost_round": 9.0}, "datetime": {"datetime": "2024-01-19 00:22:38", "elapsed": 666.223587, "delta": 0.001012}}
{"target": -17.677126956664715, "params": {"gamma": 72.85482861898996, "log10_alpha": 0.8580089726576805, "log10_colsample_bytree": -0.972632312938779, "log10_eta": -3.441049996201218, "log10_lambda": -0.3262967843106175, "log10_min_child_weight": 0.4667194313793982, "log10_subsample": -0.3518701618229412, "max_depth": 6.0, "num_boost_round": 10.0}, "datetime": {"datetime": "2024-01-19 00:22:38", "elapsed": 666.224573, "delta": 0.000986}}
{"target": -17.67712414552519, "params": {"gamma": 72.85482861898996, "log10_alpha": 0.8580089726576805, "log10_colsample_bytree": -0.972632312938779, "log10_eta": -3.441049996201218, "log10_lambda": -0.3262967843106175, "log10_min_child_weight": 0.4667194313793982, "log10_subsample": -0.3518701618229412, "max_depth": 6.0, "num_boost_round": 11.0}, "datetime": {"datetime": "2024-01-19 00:22:38", "elapsed": 666.225574, "delta": 0.001001}}
{"target": -17.677106390965278, "params": {"gamma": 72.85482861898996, "log10_alpha": 0.8580089726576805, "log10_colsample_bytree": -0.972632312938779, "log10_eta": -3.441049996201218, "log10_lambda": -0.3262967843106175, "log10_min_child_weight": 0.4667194313793982, "log10_subsample": -0.3518701618229412, "max_depth": 6.0, "num_boost_round": 12.0}, "datetime": {"datetime": "2024-01-19 00:22:38", "elapsed": 666.230302, "delta": 0.004728}}
{"target": -17.6771110469166, "params": {"gamma": 72.85482861898996, "log10_alpha": 0.8580089726576805, "log10_colsample_bytree": -0.972632312938779, "log10_eta": -3.441049996201218, "log10_lambda": -0.3262967843106175, "log10_min_child_weight": 0.4667194313793982, "log10_subsample": -0.3518701618229412, "max_depth": 6.0, "num_boost_round": 13.0}, "datetime": {"datetime": "2024-01-19 00:22:38", "elapsed": 666.231353, "delta": 0.001051}}
{"target": -17.677114225042562, "params": {"gamma": 72.85482861898996, "log10_alpha": 0.8580089726576805, "log10_colsample_bytree": -0.972632312938779, "log10_eta": -3.441049996201218, "log10_lambda": -0.3262967843106175, "log10_min_child_weight": 0.4667194313793982, "log10_subsample": -0.3518701618229412, "max_depth": 6.0, "num_boost_round": 14.0}, "datetime": {"datetime": "2024-01-19 00:22:38", "elapsed": 666.232363, "delta": 0.00101}}
{"target": -17.67709973534532, "params": {"gamma": 72.85482861898996, "log10_alpha": 0.8580089726576805, "log10_colsample_bytree": -0.972632312938779, "log10_eta": -3.441049996201218, "log10_lambda": -0.3262967843106175, "log10_min_child_weight": 0.4667194313793982, "log10_subsample": -0.3518701618229412, "max_depth": 6.0, "num_boost_round": 15.0}, "datetime": {"datetime": "2024-01-19 00:22:38", "elapsed": 666.233375, "delta": 0.001012}}
{"target": -17.677097079689123, "params": {"gamma": 72.85482861898996, "log10_alpha": 0.8580089726576805, "log10_colsample_bytree": -0.972632312938779, "log10_eta": -3.441049996201218, "log10_lambda": -0.3262967843106175, "log10_min_child_weight": 0.4667194313793982, "log10_subsample": -0.3518701618229412, "max_depth": 6.0, "num_boost_round": 16.0}, "datetime": {"datetime": "2024-01-19 00:22:38", "elapsed": 666.234374, "delta": 0.000999}}
{"target": -17.677098296678945, "params": {"gamma": 72.85482861898996, "log10_alpha": 0.8580089726576805, "log10_colsample_bytree": -0.972632312938779, "log10_eta": -3.441049996201218, "log10_lambda": -0.3262967843106175, "log10_min_child_weight": 0.4667194313793982, "log10_subsample": -0.3518701618229412, "max_depth": 6.0, "num_boost_round": 17.0}, "datetime": {"datetime": "2024-01-19 00:22:38", "elapsed": 666.235372, "delta": 0.000998}}
{"target": -17.67708784321261, "params": {"gamma": 72.85482861898996, "log10_alpha": 0.8580089726576805, "log10_colsample_bytree": -0.972632312938779, "log10_eta": -3.441049996201218, "log10_lambda": -0.3262967843106175, "log10_min_child_weight": 0.4667194313793982, "log10_subsample": -0.3518701618229412, "max_depth": 6.0, "num_boost_round": 18.0}, "datetime": {"datetime": "2024-01-19 00:22:38", "elapsed": 666.236459, "delta": 0.001087}}
{"target": -17.67706841915257, "params": {"gamma": 72.85482861898996, "log10_alpha": 0.8580089726576805, "log10_colsample_bytree": -0.972632312938779, "log10_eta": -3.441049996201218, "log10_lambda": -0.3262967843106175, "log10_min_child_weight": 0.4667194313793982, "log10_subsample": -0.3518701618229412, "max_depth": 6.0, "num_boost_round": 19.0}, "datetime": {"datetime": "2024-01-19 00:22:38", "elapsed": 666.237468, "delta": 0.001009}}
{"target": -17.677229832154886, "params": {"gamma": 68.64451251481552, "log10_alpha": -3.1220505630426088, "log10_colsample_bytree": -0.14883879676699363, "log10_eta": -3.8365407644851848, "log10_lambda": -1.3219788006960833, "log10_min_child_weight": 3.1949959098364307, "log10_subsample": -0.08818466057370533, "max_depth": 7.0, "num_boost_round": 0.0}, "datetime": {"datetime": "2024-01-19 00:22:59", "elapsed": 686.865392, "delta": 20.627924}}
{"target": -17.677224460580373, "params": {"gamma": 68.64451251481552, "log10_alpha": -3.1220505630426088, "log10_colsample_bytree": -0.14883879676699363, "log10_eta": -3.8365407644851848, "log10_lambda": -1.3219788006960833, "log10_min_child_weight": 3.1949959098364307, "log10_subsample": -0.08818466057370533, "max_depth": 7.0, "num_boost_round": 1.0}, "datetime": {"datetime": "2024-01-19 00:22:59", "elapsed": 686.8666, "delta": 0.001208}}
{"target": -17.677221200845096, "params": {"gamma": 68.64451251481552, "log10_alpha": -3.1220505630426088, "log10_colsample_bytree": -0.14883879676699363, "log10_eta": -3.8365407644851848, "log10_lambda": -1.3219788006960833, "log10_min_child_weight": 3.1949959098364307, "log10_subsample": -0.08818466057370533, "max_depth": 7.0, "num_boost_round": 2.0}, "datetime": {"datetime": "2024-01-19 00:22:59", "elapsed": 686.868182, "delta": 0.001582}}
{"target": -17.67721954035187, "params": {"gamma": 68.64451251481552, "log10_alpha": -3.1220505630426088, "log10_colsample_bytree": -0.14883879676699363, "log10_eta": -3.8365407644851848, "log10_lambda": -1.3219788006960833, "log10_min_child_weight": 3.1949959098364307, "log10_subsample": -0.08818466057370533, "max_depth": 7.0, "num_boost_round": 3.0}, "datetime": {"datetime": "2024-01-19 00:22:59", "elapsed": 686.869502, "delta": 0.00132}}
{"target": -17.677212967030126, "params": {"gamma": 68.64451251481552, "log10_alpha": -3.1220505630426088, "log10_colsample_bytree": -0.14883879676699363, "log10_eta": -3.8365407644851848, "log10_lambda": -1.3219788006960833, "log10_min_child_weight": 3.1949959098364307, "log10_subsample": -0.08818466057370533, "max_depth": 7.0, "num_boost_round": 4.0}, "datetime": {"datetime": "2024-01-19 00:22:59", "elapsed": 686.870988, "delta": 0.001486}}
{"target": -17.67720633289372, "params": {"gamma": 68.64451251481552, "log10_alpha": -3.1220505630426088, "log10_colsample_bytree": -0.14883879676699363, "log10_eta": -3.8365407644851848, "log10_lambda": -1.3219788006960833, "log10_min_child_weight": 3.1949959098364307, "log10_subsample": -0.08818466057370533, "max_depth": 7.0, "num_boost_round": 5.0}, "datetime": {"datetime": "2024-01-19 00:22:59", "elapsed": 686.872023, "delta": 0.001035}}
{"target": -17.677204122542616, "params": {"gamma": 68.64451251481552, "log10_alpha": -3.1220505630426088, "log10_colsample_bytree": -0.14883879676699363, "log10_eta": -3.8365407644851848, "log10_lambda": -1.3219788006960833, "log10_min_child_weight": 3.1949959098364307, "log10_subsample": -0.08818466057370533, "max_depth": 7.0, "num_boost_round": 6.0}, "datetime": {"datetime": "2024-01-19 00:22:59", "elapsed": 686.873044, "delta": 0.001021}}
{"target": -17.677203174612615, "params": {"gamma": 68.64451251481552, "log10_alpha": -3.1220505630426088, "log10_colsample_bytree": -0.14883879676699363, "log10_eta": -3.8365407644851848, "log10_lambda": -1.3219788006960833, "log10_min_child_weight": 3.1949959098364307, "log10_subsample": -0.08818466057370533, "max_depth": 7.0, "num_boost_round": 7.0}, "datetime": {"datetime": "2024-01-19 00:22:59", "elapsed": 686.874057, "delta": 0.001013}}
{"target": -17.677195453061973, "params": {"gamma": 68.64451251481552, "log10_alpha": -3.1220505630426088, "log10_colsample_bytree": -0.14883879676699363, "log10_eta": -3.8365407644851848, "log10_lambda": -1.3219788006960833, "log10_min_child_weight": 3.1949959098364307, "log10_subsample": -0.08818466057370533, "max_depth": 7.0, "num_boost_round": 8.0}, "datetime": {"datetime": "2024-01-19 00:22:59", "elapsed": 686.875125, "delta": 0.001068}}
{"target": -17.677192542456474, "params": {"gamma": 68.64451251481552, "log10_alpha": -3.1220505630426088, "log10_colsample_bytree": -0.14883879676699363, "log10_eta": -3.8365407644851848, "log10_lambda": -1.3219788006960833, "log10_min_child_weight": 3.1949959098364307, "log10_subsample": -0.08818466057370533, "max_depth": 7.0, "num_boost_round": 9.0}, "datetime": {"datetime": "2024-01-19 00:22:59", "elapsed": 686.87631, "delta": 0.001185}}
{"target": -17.672420064782667, "params": {"gamma": 63.775564715695566, "log10_alpha": -4.719364550002352, "log10_colsample_bytree": -0.7028109165689971, "log10_eta": -0.6139414531002325, "log10_lambda": -0.6309609789956871, "log10_min_child_weight": 2.6696679574069737, "log10_subsample": -0.7818812373221592, "max_depth": 2.0, "num_boost_round": 0.0}, "datetime": {"datetime": "2024-01-19 00:23:24", "elapsed": 711.786372, "delta": 24.910062}}
{"target": -17.675181471181862, "params": {"gamma": 63.775564715695566, "log10_alpha": -4.719364550002352, "log10_colsample_bytree": -0.7028109165689971, "log10_eta": -0.6139414531002325, "log10_lambda": -0.6309609789956871, "log10_min_child_weight": 2.6696679574069737, "log10_subsample": -0.7818812373221592, "max_depth": 2.0, "num_boost_round": 1.0}, "datetime": {"datetime": "2024-01-19 00:23:24", "elapsed": 711.788357, "delta": 0.001985}}
{"target": -17.673935884543265, "params": {"gamma": 63.775564715695566, "log10_alpha": -4.719364550002352, "log10_colsample_bytree": -0.7028109165689971, "log10_eta": -0.6139414531002325, "log10_lambda": -0.6309609789956871, "log10_min_child_weight": 2.6696679574069737, "log10_subsample": -0.7818812373221592, "max_depth": 2.0, "num_boost_round": 2.0}, "datetime": {"datetime": "2024-01-19 00:23:24", "elapsed": 711.789437, "delta": 0.00108}}
{"target": -17.676255779859044, "params": {"gamma": 63.775564715695566, "log10_alpha": -4.719364550002352, "log10_colsample_bytree": -0.7028109165689971, "log10_eta": -0.6139414531002325, "log10_lambda": -0.6309609789956871, "log10_min_child_weight": 2.6696679574069737, "log10_subsample": -0.7818812373221592, "max_depth": 2.0, "num_boost_round": 3.0}, "datetime": {"datetime": "2024-01-19 00:23:24", "elapsed": 711.790751, "delta": 0.001314}}
{"target": -17.676877806156448, "params": {"gamma": 63.775564715695566, "log10_alpha": -4.719364550002352, "log10_colsample_bytree": -0.7028109165689971, "log10_eta": -0.6139414531002325, "log10_lambda": -0.6309609789956871, "log10_min_child_weight": 2.6696679574069737, "log10_subsample": -0.7818812373221592, "max_depth": 2.0, "num_boost_round": 4.0}, "datetime": {"datetime": "2024-01-19 00:23:24", "elapsed": 711.791909, "delta": 0.001158}}
{"target": -17.675818583364926, "params": {"gamma": 63.775564715695566, "log10_alpha": -4.719364550002352, "log10_colsample_bytree": -0.7028109165689971, "log10_eta": -0.6139414531002325, "log10_lambda": -0.6309609789956871, "log10_min_child_weight": 2.6696679574069737, "log10_subsample": -0.7818812373221592, "max_depth": 2.0, "num_boost_round": 5.0}, "datetime": {"datetime": "2024-01-19 00:23:24", "elapsed": 711.792944, "delta": 0.001035}}
{"target": -17.681119386515046, "params": {"gamma": 63.775564715695566, "log10_alpha": -4.719364550002352, "log10_colsample_bytree": -0.7028109165689971, "log10_eta": -0.6139414531002325, "log10_lambda": -0.6309609789956871, "log10_min_child_weight": 2.6696679574069737, "log10_subsample": -0.7818812373221592, "max_depth": 2.0, "num_boost_round": 6.0}, "datetime": {"datetime": "2024-01-19 00:23:24", "elapsed": 711.793983, "delta": 0.001039}}
{"target": -17.699156049926536, "params": {"gamma": 63.775564715695566, "log10_alpha": -4.719364550002352, "log10_colsample_bytree": -0.7028109165689971, "log10_eta": -0.6139414531002325, "log10_lambda": -0.6309609789956871, "log10_min_child_weight": 2.6696679574069737, "log10_subsample": -0.7818812373221592, "max_depth": 2.0, "num_boost_round": 7.0}, "datetime": {"datetime": "2024-01-19 00:23:24", "elapsed": 711.795055, "delta": 0.001072}}
{"target": -17.703876572491296, "params": {"gamma": 63.775564715695566, "log10_alpha": -4.719364550002352, "log10_colsample_bytree": -0.7028109165689971, "log10_eta": -0.6139414531002325, "log10_lambda": -0.6309609789956871, "log10_min_child_weight": 2.6696679574069737, "log10_subsample": -0.7818812373221592, "max_depth": 2.0, "num_boost_round": 8.0}, "datetime": {"datetime": "2024-01-19 00:23:24", "elapsed": 711.796173, "delta": 0.001118}}
{"target": -17.70234044814905, "params": {"gamma": 63.775564715695566, "log10_alpha": -4.719364550002352, "log10_colsample_bytree": -0.7028109165689971, "log10_eta": -0.6139414531002325, "log10_lambda": -0.6309609789956871, "log10_min_child_weight": 2.6696679574069737, "log10_subsample": -0.7818812373221592, "max_depth": 2.0, "num_boost_round": 9.0}, "datetime": {"datetime": "2024-01-19 00:23:24", "elapsed": 711.79719, "delta": 0.001017}}
{"target": -17.703042486613825, "params": {"gamma": 63.775564715695566, "log10_alpha": -4.719364550002352, "log10_colsample_bytree": -0.7028109165689971, "log10_eta": -0.6139414531002325, "log10_lambda": -0.6309609789956871, "log10_min_child_weight": 2.6696679574069737, "log10_subsample": -0.7818812373221592, "max_depth": 2.0, "num_boost_round": 10.0}, "datetime": {"datetime": "2024-01-19 00:23:24", "elapsed": 711.798202, "delta": 0.001012}}
{"target": -17.704825464741575, "params": {"gamma": 63.775564715695566, "log10_alpha": -4.719364550002352, "log10_colsample_bytree": -0.7028109165689971, "log10_eta": -0.6139414531002325, "log10_lambda": -0.6309609789956871, "log10_min_child_weight": 2.6696679574069737, "log10_subsample": -0.7818812373221592, "max_depth": 2.0, "num_boost_round": 11.0}, "datetime": {"datetime": "2024-01-19 00:23:24", "elapsed": 711.799225, "delta": 0.001023}}
{"target": -17.709026412064585, "params": {"gamma": 63.775564715695566, "log10_alpha": -4.719364550002352, "log10_colsample_bytree": -0.7028109165689971, "log10_eta": -0.6139414531002325, "log10_lambda": -0.6309609789956871, "log10_min_child_weight": 2.6696679574069737, "log10_subsample": -0.7818812373221592, "max_depth": 2.0, "num_boost_round": 12.0}, "datetime": {"datetime": "2024-01-19 00:23:24", "elapsed": 711.800245, "delta": 0.00102}}
{"target": -17.715090457081583, "params": {"gamma": 63.775564715695566, "log10_alpha": -4.719364550002352, "log10_colsample_bytree": -0.7028109165689971, "log10_eta": -0.6139414531002325, "log10_lambda": -0.6309609789956871, "log10_min_child_weight": 2.6696679574069737, "log10_subsample": -0.7818812373221592, "max_depth": 2.0, "num_boost_round": 13.0}, "datetime": {"datetime": "2024-01-19 00:23:24", "elapsed": 711.801261, "delta": 0.001016}}
{"target": -17.713788305487245, "params": {"gamma": 63.775564715695566, "log10_alpha": -4.719364550002352, "log10_colsample_bytree": -0.7028109165689971, "log10_eta": -0.6139414531002325, "log10_lambda": -0.6309609789956871, "log10_min_child_weight": 2.6696679574069737, "log10_subsample": -0.7818812373221592, "max_depth": 2.0, "num_boost_round": 14.0}, "datetime": {"datetime": "2024-01-19 00:23:24", "elapsed": 711.802285, "delta": 0.001024}}
{"target": -17.722554786095362, "params": {"gamma": 63.775564715695566, "log10_alpha": -4.719364550002352, "log10_colsample_bytree": -0.7028109165689971, "log10_eta": -0.6139414531002325, "log10_lambda": -0.6309609789956871, "log10_min_child_weight": 2.6696679574069737, "log10_subsample": -0.7818812373221592, "max_depth": 2.0, "num_boost_round": 15.0}, "datetime": {"datetime": "2024-01-19 00:23:24", "elapsed": 711.803338, "delta": 0.001053}}
{"target": -17.728244525053842, "params": {"gamma": 63.775564715695566, "log10_alpha": -4.719364550002352, "log10_colsample_bytree": -0.7028109165689971, "log10_eta": -0.6139414531002325, "log10_lambda": -0.6309609789956871, "log10_min_child_weight": 2.6696679574069737, "log10_subsample": -0.7818812373221592, "max_depth": 2.0, "num_boost_round": 16.0}, "datetime": {"datetime": "2024-01-19 00:23:24", "elapsed": 711.804359, "delta": 0.001021}}
{"target": -17.736184449103455, "params": {"gamma": 63.775564715695566, "log10_alpha": -4.719364550002352, "log10_colsample_bytree": -0.7028109165689971, "log10_eta": -0.6139414531002325, "log10_lambda": -0.6309609789956871, "log10_min_child_weight": 2.6696679574069737, "log10_subsample": -0.7818812373221592, "max_depth": 2.0, "num_boost_round": 17.0}, "datetime": {"datetime": "2024-01-19 00:23:24", "elapsed": 711.805377, "delta": 0.001018}}
{"target": -17.738046505935152, "params": {"gamma": 63.775564715695566, "log10_alpha": -4.719364550002352, "log10_colsample_bytree": -0.7028109165689971, "log10_eta": -0.6139414531002325, "log10_lambda": -0.6309609789956871, "log10_min_child_weight": 2.6696679574069737, "log10_subsample": -0.7818812373221592, "max_depth": 2.0, "num_boost_round": 18.0}, "datetime": {"datetime": "2024-01-19 00:23:24", "elapsed": 711.806428, "delta": 0.001051}}
{"target": -17.73902804448084, "params": {"gamma": 63.775564715695566, "log10_alpha": -4.719364550002352, "log10_colsample_bytree": -0.7028109165689971, "log10_eta": -0.6139414531002325, "log10_lambda": -0.6309609789956871, "log10_min_child_weight": 2.6696679574069737, "log10_subsample": -0.7818812373221592, "max_depth": 2.0, "num_boost_round": 19.0}, "datetime": {"datetime": "2024-01-19 00:23:24", "elapsed": 711.807568, "delta": 0.00114}}
{"target": -17.74135074084282, "params": {"gamma": 63.775564715695566, "log10_alpha": -4.719364550002352, "log10_colsample_bytree": -0.7028109165689971, "log10_eta": -0.6139414531002325, "log10_lambda": -0.6309609789956871, "log10_min_child_weight": 2.6696679574069737, "log10_subsample": -0.7818812373221592, "max_depth": 2.0, "num_boost_round": 20.0}, "datetime": {"datetime": "2024-01-19 00:23:24", "elapsed": 711.808651, "delta": 0.001083}}
{"target": -17.750062481100862, "params": {"gamma": 63.775564715695566, "log10_alpha": -4.719364550002352, "log10_colsample_bytree": -0.7028109165689971, "log10_eta": -0.6139414531002325, "log10_lambda": -0.6309609789956871, "log10_min_child_weight": 2.6696679574069737, "log10_subsample": -0.7818812373221592, "max_depth": 2.0, "num_boost_round": 21.0}, "datetime": {"datetime": "2024-01-19 00:23:24", "elapsed": 711.809687, "delta": 0.001036}}
{"target": -17.749395199938874, "params": {"gamma": 63.775564715695566, "log10_alpha": -4.719364550002352, "log10_colsample_bytree": -0.7028109165689971, "log10_eta": -0.6139414531002325, "log10_lambda": -0.6309609789956871, "log10_min_child_weight": 2.6696679574069737, "log10_subsample": -0.7818812373221592, "max_depth": 2.0, "num_boost_round": 22.0}, "datetime": {"datetime": "2024-01-19 00:23:24", "elapsed": 711.810725, "delta": 0.001038}}
{"target": -17.768041727574733, "params": {"gamma": 63.775564715695566, "log10_alpha": -4.719364550002352, "log10_colsample_bytree": -0.7028109165689971, "log10_eta": -0.6139414531002325, "log10_lambda": -0.6309609789956871, "log10_min_child_weight": 2.6696679574069737, "log10_subsample": -0.7818812373221592, "max_depth": 2.0, "num_boost_round": 23.0}, "datetime": {"datetime": "2024-01-19 00:23:24", "elapsed": 711.811765, "delta": 0.00104}}
{"target": -17.76918748467178, "params": {"gamma": 63.775564715695566, "log10_alpha": -4.719364550002352, "log10_colsample_bytree": -0.7028109165689971, "log10_eta": -0.6139414531002325, "log10_lambda": -0.6309609789956871, "log10_min_child_weight": 2.6696679574069737, "log10_subsample": -0.7818812373221592, "max_depth": 2.0, "num_boost_round": 24.0}, "datetime": {"datetime": "2024-01-19 00:23:24", "elapsed": 711.812806, "delta": 0.001041}}
{"target": -17.80541463961776, "params": {"gamma": 63.775564715695566, "log10_alpha": -4.719364550002352, "log10_colsample_bytree": -0.7028109165689971, "log10_eta": -0.6139414531002325, "log10_lambda": -0.6309609789956871, "log10_min_child_weight": 2.6696679574069737, "log10_subsample": -0.7818812373221592, "max_depth": 2.0, "num_boost_round": 25.0}, "datetime": {"datetime": "2024-01-19 00:23:24", "elapsed": 711.813865, "delta": 0.001059}}
{"target": -17.80880073216753, "params": {"gamma": 63.775564715695566, "log10_alpha": -4.719364550002352, "log10_colsample_bytree": -0.7028109165689971, "log10_eta": -0.6139414531002325, "log10_lambda": -0.6309609789956871, "log10_min_child_weight": 2.6696679574069737, "log10_subsample": -0.7818812373221592, "max_depth": 2.0, "num_boost_round": 26.0}, "datetime": {"datetime": "2024-01-19 00:23:24", "elapsed": 711.814939, "delta": 0.001074}}
