{"target": -13.758589447365377, "params": {"gamma": 942.1182985388543, "log10_alpha": -0.640463570018369, "log10_colsample_bytree": -0.022675375411209786, "log10_eta": -3.675722715890746, "log10_lambda": -1.9669251141540514, "log10_min_child_weight": 0.5244264576696156, "log10_subsample": -0.14869995739662223, "max_depth": 9.0, "num_boost_round": 36.0}, "datetime": {"datetime": "2024-01-19 00:57:05", "elapsed": 2726.132437, "delta": 0.003532}}
{"target": -13.75859180798669, "params": {"gamma": 942.1182985388543, "log10_alpha": -0.640463570018369, "log10_colsample_bytree": -0.022675375411209786, "log10_eta": -3.675722715890746, "log10_lambda": -1.9669251141540514, "log10_min_child_weight": 0.5244264576696156, "log10_subsample": -0.14869995739662223, "max_depth": 9.0, "num_boost_round": 37.0}, "datetime": {"datetime": "2024-01-19 00:57:05", "elapsed": 2726.135894, "delta": 0.003457}}
{"target": -13.75859843588018, "params": {"gamma": 942.1182985388543, "log10_alpha": -0.640463570018369, "log10_colsample_bytree": -0.022675375411209786, "log10_eta": -3.675722715890746, "log10_lambda": -1.9669251141540514, "log10_min_child_weight": 0.5244264576696156, "log10_subsample": -0.14869995739662223, "max_depth": 9.0, "num_boost_round": 38.0}, "datetime": {"datetime": "2024-01-19 00:57:05", "elapsed": 2726.13944, "delta": 0.003546}}
{"target": -13.758598309179424, "params": {"gamma": 942.1182985388543, "log10_alpha": -0.640463570018369, "log10_colsample_bytree": -0.022675375411209786, "log10_eta": -3.675722715890746, "log10_lambda": -1.9669251141540514, "log10_min_child_weight": 0.5244264576696156, "log10_subsample": -0.14869995739662223, "max_depth": 9.0, "num_boost_round": 39.0}, "datetime": {"datetime": "2024-01-19 00:57:05", "elapsed": 2726.142951, "delta": 0.003511}}
{"target": -13.75860316060101, "params": {"gamma": 942.1182985388543, "log10_alpha": -0.640463570018369, "log10_colsample_bytree": -0.022675375411209786, "log10_eta": -3.675722715890746, "log10_lambda": -1.9669251141540514, "log10_min_child_weight": 0.5244264576696156, "log10_subsample": -0.14869995739662223, "max_depth": 9.0, "num_boost_round": 40.0}, "datetime": {"datetime": "2024-01-19 00:57:05", "elapsed": 2726.146498, "delta": 0.003547}}
{"target": -13.758602753818588, "params": {"gamma": 942.1182985388543, "log10_alpha": -0.640463570018369, "log10_colsample_bytree": -0.022675375411209786, "log10_eta": -3.675722715890746, "log10_lambda": -1.9669251141540514, "log10_min_child_weight": 0.5244264576696156, "log10_subsample": -0.14869995739662223, "max_depth": 9.0, "num_boost_round": 41.0}, "datetime": {"datetime": "2024-01-19 00:57:05", "elapsed": 2726.15016, "delta": 0.003662}}
{"target": -13.75859610208791, "params": {"gamma": 942.1182985388543, "log10_alpha": -0.640463570018369, "log10_colsample_bytree": -0.022675375411209786, "log10_eta": -3.675722715890746, "log10_lambda": -1.9669251141540514, "log10_min_child_weight": 0.5244264576696156, "log10_subsample": -0.14869995739662223, "max_depth": 9.0, "num_boost_round": 42.0}, "datetime": {"datetime": "2024-01-19 00:57:05", "elapsed": 2726.153771, "delta": 0.003611}}
{"target": -13.758593241028075, "params": {"gamma": 942.1182985388543, "log10_alpha": -0.640463570018369, "log10_colsample_bytree": -0.022675375411209786, "log10_eta": -3.675722715890746, "log10_lambda": -1.9669251141540514, "log10_min_child_weight": 0.5244264576696156, "log10_subsample": -0.14869995739662223, "max_depth": 9.0, "num_boost_round": 43.0}, "datetime": {"datetime": "2024-01-19 00:57:05", "elapsed": 2726.157293, "delta": 0.003522}}
{"target": -13.758592948068225, "params": {"gamma": 942.1182985388543, "log10_alpha": -0.640463570018369, "log10_colsample_bytree": -0.022675375411209786, "log10_eta": -3.675722715890746, "log10_lambda": -1.9669251141540514, "log10_min_child_weight": 0.5244264576696156, "log10_subsample": -0.14869995739662223, "max_depth": 9.0, "num_boost_round": 44.0}, "datetime": {"datetime": "2024-01-19 00:57:05", "elapsed": 2726.160792, "delta": 0.003499}}
{"target": -13.758599679957788, "params": {"gamma": 942.1182985388543, "log10_alpha": -0.640463570018369, "log10_colsample_bytree": -0.022675375411209786, "log10_eta": -3.675722715890746, "log10_lambda": -1.9669251141540514, "log10_min_child_weight": 0.5244264576696156, "log10_subsample": -0.14869995739662223, "max_depth": 9.0, "num_boost_round": 45.0}, "datetime": {"datetime": "2024-01-19 00:57:05", "elapsed": 2726.16428, "delta": 0.003488}}
{"target": -13.758605472843904, "params": {"gamma": 942.1182985388543, "log10_alpha": -0.640463570018369, "log10_colsample_bytree": -0.022675375411209786, "log10_eta": -3.675722715890746, "log10_lambda": -1.9669251141540514, "log10_min_child_weight": 0.5244264576696156, "log10_subsample": -0.14869995739662223, "max_depth": 9.0, "num_boost_round": 46.0}, "datetime": {"datetime": "2024-01-19 00:57:05", "elapsed": 2726.167761, "delta": 0.003481}}
{"target": -13.758606791305809, "params": {"gamma": 942.1182985388543, "log10_alpha": -0.640463570018369, "log10_colsample_bytree": -0.022675375411209786, "log10_eta": -3.675722715890746, "log10_lambda": -1.9669251141540514, "log10_min_child_weight": 0.5244264576696156, "log10_subsample": -0.14869995739662223, "max_depth": 9.0, "num_boost_round": 47.0}, "datetime": {"datetime": "2024-01-19 00:57:05", "elapsed": 2726.171282, "delta": 0.003521}}
{"target": -13.758617865570498, "params": {"gamma": 942.1182985388543, "log10_alpha": -0.640463570018369, "log10_colsample_bytree": -0.022675375411209786, "log10_eta": -3.675722715890746, "log10_lambda": -1.9669251141540514, "log10_min_child_weight": 0.5244264576696156, "log10_subsample": -0.14869995739662223, "max_depth": 9.0, "num_boost_round": 48.0}, "datetime": {"datetime": "2024-01-19 00:57:05", "elapsed": 2726.174846, "delta": 0.003564}}
{"target": -13.75861723789616, "params": {"gamma": 942.1182985388543, "log10_alpha": -0.640463570018369, "log10_colsample_bytree": -0.022675375411209786, "log10_eta": -3.675722715890746, "log10_lambda": -1.9669251141540514, "log10_min_child_weight": 0.5244264576696156, "log10_subsample": -0.14869995739662223, "max_depth": 9.0, "num_boost_round": 49.0}, "datetime": {"datetime": "2024-01-19 00:57:05", "elapsed": 2726.178371, "delta": 0.003525}}
{"target": -13.75826813253653, "params": {"gamma": 949.0133822474545, "log10_alpha": -2.9128905331359913, "log10_colsample_bytree": -0.5861180554079737, "log10_eta": -1.6656957004209305, "log10_lambda": -4.133243521344104, "log10_min_child_weight": 3.630775086912681, "log10_subsample": -0.6620279255015645, "max_depth": 7.0, "num_boost_round": 0.0}, "datetime": {"datetime": "2024-01-19 00:57:51", "elapsed": 2772.226526, "delta": 46.048155}}
{"target": -13.758176557593668, "params": {"gamma": 949.0133822474545, "log10_alpha": -2.9128905331359913, "log10_colsample_bytree": -0.5861180554079737, "log10_eta": -1.6656957004209305, "log10_lambda": -4.133243521344104, "log10_min_child_weight": 3.630775086912681, "log10_subsample": -0.6620279255015645, "max_depth": 7.0, "num_boost_round": 1.0}, "datetime": {"datetime": "2024-01-19 00:57:51", "elapsed": 2772.230915, "delta": 0.004389}}
{"target": -13.75799692083641, "params": {"gamma": 949.0133822474545, "log10_alpha": -2.9128905331359913, "log10_colsample_bytree": -0.5861180554079737, "log10_eta": -1.6656957004209305, "log10_lambda": -4.133243521344104, "log10_min_child_weight": 3.630775086912681, "log10_subsample": -0.6620279255015645, "max_depth": 7.0, "num_boost_round": 2.0}, "datetime": {"datetime": "2024-01-19 00:57:51", "elapsed": 2772.335045, "delta": 0.10413}}
{"target": -13.757919017431595, "params": {"gamma": 949.0133822474545, "log10_alpha": -2.9128905331359913, "log10_colsample_bytree": -0.5861180554079737, "log10_eta": -1.6656957004209305, "log10_lambda": -4.133243521344104, "log10_min_child_weight": 3.630775086912681, "log10_subsample": -0.6620279255015645, "max_depth": 7.0, "num_boost_round": 3.0}, "datetime": {"datetime": "2024-01-19 00:57:51", "elapsed": 2772.339263, "delta": 0.004218}}
{"target": -13.757681809840275, "params": {"gamma": 949.0133822474545, "log10_alpha": -2.9128905331359913, "log10_colsample_bytree": -0.5861180554079737, "log10_eta": -1.6656957004209305, "log10_lambda": -4.133243521344104, "log10_min_child_weight": 3.630775086912681, "log10_subsample": -0.6620279255015645, "max_depth": 7.0, "num_boost_round": 4.0}, "datetime": {"datetime": "2024-01-19 00:57:51", "elapsed": 2772.343075, "delta": 0.003812}}
{"target": -13.75734457610804, "params": {"gamma": 949.0133822474545, "log10_alpha": -2.9128905331359913, "log10_colsample_bytree": -0.5861180554079737, "log10_eta": -1.6656957004209305, "log10_lambda": -4.133243521344104, "log10_min_child_weight": 3.630775086912681, "log10_subsample": -0.6620279255015645, "max_depth": 7.0, "num_boost_round": 5.0}, "datetime": {"datetime": "2024-01-19 00:57:51", "elapsed": 2772.346845, "delta": 0.00377}}
{"target": -13.757876916528028, "params": {"gamma": 949.0133822474545, "log10_alpha": -2.9128905331359913, "log10_colsample_bytree": -0.5861180554079737, "log10_eta": -1.6656957004209305, "log10_lambda": -4.133243521344104, "log10_min_child_weight": 3.630775086912681, "log10_subsample": -0.6620279255015645, "max_depth": 7.0, "num_boost_round": 6.0}, "datetime": {"datetime": "2024-01-19 00:57:51", "elapsed": 2772.350499, "delta": 0.003654}}
{"target": -13.75755384588109, "params": {"gamma": 949.0133822474545, "log10_alpha": -2.9128905331359913, "log10_colsample_bytree": -0.5861180554079737, "log10_eta": -1.6656957004209305, "log10_lambda": -4.133243521344104, "log10_min_child_weight": 3.630775086912681, "log10_subsample": -0.6620279255015645, "max_depth": 7.0, "num_boost_round": 7.0}, "datetime": {"datetime": "2024-01-19 00:57:51", "elapsed": 2772.354175, "delta": 0.003676}}
{"target": -13.757398169867878, "params": {"gamma": 949.0133822474545, "log10_alpha": -2.9128905331359913, "log10_colsample_bytree": -0.5861180554079737, "log10_eta": -1.6656957004209305, "log10_lambda": -4.133243521344104, "log10_min_child_weight": 3.630775086912681, "log10_subsample": -0.6620279255015645, "max_depth": 7.0, "num_boost_round": 8.0}, "datetime": {"datetime": "2024-01-19 00:57:51", "elapsed": 2772.35794, "delta": 0.003765}}
{"target": -13.757193532541619, "params": {"gamma": 949.0133822474545, "log10_alpha": -2.9128905331359913, "log10_colsample_bytree": -0.5861180554079737, "log10_eta": -1.6656957004209305, "log10_lambda": -4.133243521344104, "log10_min_child_weight": 3.630775086912681, "log10_subsample": -0.6620279255015645, "max_depth": 7.0, "num_boost_round": 9.0}, "datetime": {"datetime": "2024-01-19 00:57:51", "elapsed": 2772.361583, "delta": 0.003643}}
{"target": -13.75683769549863, "params": {"gamma": 949.0133822474545, "log10_alpha": -2.9128905331359913, "log10_colsample_bytree": -0.5861180554079737, "log10_eta": -1.6656957004209305, "log10_lambda": -4.133243521344104, "log10_min_child_weight": 3.630775086912681, "log10_subsample": -0.6620279255015645, "max_depth": 7.0, "num_boost_round": 10.0}, "datetime": {"datetime": "2024-01-19 00:57:51", "elapsed": 2772.365312, "delta": 0.003729}}
{"target": -13.757091398853813, "params": {"gamma": 949.0133822474545, "log10_alpha": -2.9128905331359913, "log10_colsample_bytree": -0.5861180554079737, "log10_eta": -1.6656957004209305, "log10_lambda": -4.133243521344104, "log10_min_child_weight": 3.630775086912681, "log10_subsample": -0.6620279255015645, "max_depth": 7.0, "num_boost_round": 11.0}, "datetime": {"datetime": "2024-01-19 00:57:51", "elapsed": 2772.369009, "delta": 0.003697}}
{"target": -13.757059910738063, "params": {"gamma": 949.0133822474545, "log10_alpha": -2.9128905331359913, "log10_colsample_bytree": -0.5861180554079737, "log10_eta": -1.6656957004209305, "log10_lambda": -4.133243521344104, "log10_min_child_weight": 3.630775086912681, "log10_subsample": -0.6620279255015645, "max_depth": 7.0, "num_boost_round": 12.0}, "datetime": {"datetime": "2024-01-19 00:57:51", "elapsed": 2772.372715, "delta": 0.003706}}
{"target": -13.757303230391535, "params": {"gamma": 949.0133822474545, "log10_alpha": -2.9128905331359913, "log10_colsample_bytree": -0.5861180554079737, "log10_eta": -1.6656957004209305, "log10_lambda": -4.133243521344104, "log10_min_child_weight": 3.630775086912681, "log10_subsample": -0.6620279255015645, "max_depth": 7.0, "num_boost_round": 13.0}, "datetime": {"datetime": "2024-01-19 00:57:51", "elapsed": 2772.376395, "delta": 0.00368}}
{"target": -13.757311259737556, "params": {"gamma": 949.0133822474545, "log10_alpha": -2.9128905331359913, "log10_colsample_bytree": -0.5861180554079737, "log10_eta": -1.6656957004209305, "log10_lambda": -4.133243521344104, "log10_min_child_weight": 3.630775086912681, "log10_subsample": -0.6620279255015645, "max_depth": 7.0, "num_boost_round": 14.0}, "datetime": {"datetime": "2024-01-19 00:57:51", "elapsed": 2772.380126, "delta": 0.003731}}
{"target": -13.756828221129398, "params": {"gamma": 949.0133822474545, "log10_alpha": -2.9128905331359913, "log10_colsample_bytree": -0.5861180554079737, "log10_eta": -1.6656957004209305, "log10_lambda": -4.133243521344104, "log10_min_child_weight": 3.630775086912681, "log10_subsample": -0.6620279255015645, "max_depth": 7.0, "num_boost_round": 15.0}, "datetime": {"datetime": "2024-01-19 00:57:51", "elapsed": 2772.383901, "delta": 0.003775}}
{"target": -13.7569233190687, "params": {"gamma": 949.0133822474545, "log10_alpha": -2.9128905331359913, "log10_colsample_bytree": -0.5861180554079737, "log10_eta": -1.6656957004209305, "log10_lambda": -4.133243521344104, "log10_min_child_weight": 3.630775086912681, "log10_subsample": -0.6620279255015645, "max_depth": 7.0, "num_boost_round": 16.0}, "datetime": {"datetime": "2024-01-19 00:57:51", "elapsed": 2772.387631, "delta": 0.00373}}
{"target": -13.757199729754227, "params": {"gamma": 949.0133822474545, "log10_alpha": -2.9128905331359913, "log10_colsample_bytree": -0.5861180554079737, "log10_eta": -1.6656957004209305, "log10_lambda": -4.133243521344104, "log10_min_child_weight": 3.630775086912681, "log10_subsample": -0.6620279255015645, "max_depth": 7.0, "num_boost_round": 17.0}, "datetime": {"datetime": "2024-01-19 00:57:51", "elapsed": 2772.391364, "delta": 0.003733}}
{"target": -13.757397921281774, "params": {"gamma": 949.0133822474545, "log10_alpha": -2.9128905331359913, "log10_colsample_bytree": -0.5861180554079737, "log10_eta": -1.6656957004209305, "log10_lambda": -4.133243521344104, "log10_min_child_weight": 3.630775086912681, "log10_subsample": -0.6620279255015645, "max_depth": 7.0, "num_boost_round": 18.0}, "datetime": {"datetime": "2024-01-19 00:57:51", "elapsed": 2772.395079, "delta": 0.003715}}
{"target": -13.757219358254597, "params": {"gamma": 949.0133822474545, "log10_alpha": -2.9128905331359913, "log10_colsample_bytree": -0.5861180554079737, "log10_eta": -1.6656957004209305, "log10_lambda": -4.133243521344104, "log10_min_child_weight": 3.630775086912681, "log10_subsample": -0.6620279255015645, "max_depth": 7.0, "num_boost_round": 19.0}, "datetime": {"datetime": "2024-01-19 00:57:51", "elapsed": 2772.398793, "delta": 0.003714}}
{"target": -13.757459238170204, "params": {"gamma": 949.0133822474545, "log10_alpha": -2.9128905331359913, "log10_colsample_bytree": -0.5861180554079737, "log10_eta": -1.6656957004209305, "log10_lambda": -4.133243521344104, "log10_min_child_weight": 3.630775086912681, "log10_subsample": -0.6620279255015645, "max_depth": 7.0, "num_boost_round": 20.0}, "datetime": {"datetime": "2024-01-19 00:57:51", "elapsed": 2772.402643, "delta": 0.00385}}
{"target": -13.757309787452602, "params": {"gamma": 949.0133822474545, "log10_alpha": -2.9128905331359913, "log10_colsample_bytree": -0.5861180554079737, "log10_eta": -1.6656957004209305, "log10_lambda": -4.133243521344104, "log10_min_child_weight": 3.630775086912681, "log10_subsample": -0.6620279255015645, "max_depth": 7.0, "num_boost_round": 21.0}, "datetime": {"datetime": "2024-01-19 00:57:51", "elapsed": 2772.406337, "delta": 0.003694}}
{"target": -13.757234524083033, "params": {"gamma": 949.0133822474545, "log10_alpha": -2.9128905331359913, "log10_colsample_bytree": -0.5861180554079737, "log10_eta": -1.6656957004209305, "log10_lambda": -4.133243521344104, "log10_min_child_weight": 3.630775086912681, "log10_subsample": -0.6620279255015645, "max_depth": 7.0, "num_boost_round": 22.0}, "datetime": {"datetime": "2024-01-19 00:57:51", "elapsed": 2772.410078, "delta": 0.003741}}
{"target": -13.757285969031816, "params": {"gamma": 949.0133822474545, "log10_alpha": -2.9128905331359913, "log10_colsample_bytree": -0.5861180554079737, "log10_eta": -1.6656957004209305, "log10_lambda": -4.133243521344104, "log10_min_child_weight": 3.630775086912681, "log10_subsample": -0.6620279255015645, "max_depth": 7.0, "num_boost_round": 23.0}, "datetime": {"datetime": "2024-01-19 00:57:51", "elapsed": 2772.413922, "delta": 0.003844}}
{"target": -13.757242511161385, "params": {"gamma": 949.0133822474545, "log10_alpha": -2.9128905331359913, "log10_colsample_bytree": -0.5861180554079737, "log10_eta": -1.6656957004209305, "log10_lambda": -4.133243521344104, "log10_min_child_weight": 3.630775086912681, "log10_subsample": -0.6620279255015645, "max_depth": 7.0, "num_boost_round": 24.0}, "datetime": {"datetime": "2024-01-19 00:57:51", "elapsed": 2772.417674, "delta": 0.003752}}
{"target": -13.757392617860898, "params": {"gamma": 949.0133822474545, "log10_alpha": -2.9128905331359913, "log10_colsample_bytree": -0.5861180554079737, "log10_eta": -1.6656957004209305, "log10_lambda": -4.133243521344104, "log10_min_child_weight": 3.630775086912681, "log10_subsample": -0.6620279255015645, "max_depth": 7.0, "num_boost_round": 25.0}, "datetime": {"datetime": "2024-01-19 00:57:51", "elapsed": 2772.421416, "delta": 0.003742}}
{"target": -13.757546037120475, "params": {"gamma": 949.0133822474545, "log10_alpha": -2.9128905331359913, "log10_colsample_bytree": -0.5861180554079737, "log10_eta": -1.6656957004209305, "log10_lambda": -4.133243521344104, "log10_min_child_weight": 3.630775086912681, "log10_subsample": -0.6620279255015645, "max_depth": 7.0, "num_boost_round": 26.0}, "datetime": {"datetime": "2024-01-19 00:57:51", "elapsed": 2772.425118, "delta": 0.003702}}
{"target": -13.757372475826491, "params": {"gamma": 949.0133822474545, "log10_alpha": -2.9128905331359913, "log10_colsample_bytree": -0.5861180554079737, "log10_eta": -1.6656957004209305, "log10_lambda": -4.133243521344104, "log10_min_child_weight": 3.630775086912681, "log10_subsample": -0.6620279255015645, "max_depth": 7.0, "num_boost_round": 27.0}, "datetime": {"datetime": "2024-01-19 00:57:51", "elapsed": 2772.428898, "delta": 0.00378}}
{"target": -13.757093190818718, "params": {"gamma": 949.0133822474545, "log10_alpha": -2.9128905331359913, "log10_colsample_bytree": -0.5861180554079737, "log10_eta": -1.6656957004209305, "log10_lambda": -4.133243521344104, "log10_min_child_weight": 3.630775086912681, "log10_subsample": -0.6620279255015645, "max_depth": 7.0, "num_boost_round": 28.0}, "datetime": {"datetime": "2024-01-19 00:57:51", "elapsed": 2772.432623, "delta": 0.003725}}
{"target": -13.75735417837685, "params": {"gamma": 949.0133822474545, "log10_alpha": -2.9128905331359913, "log10_colsample_bytree": -0.5861180554079737, "log10_eta": -1.6656957004209305, "log10_lambda": -4.133243521344104, "log10_min_child_weight": 3.630775086912681, "log10_subsample": -0.6620279255015645, "max_depth": 7.0, "num_boost_round": 29.0}, "datetime": {"datetime": "2024-01-19 00:57:51", "elapsed": 2772.436357, "delta": 0.003734}}
{"target": -13.757134225007263, "params": {"gamma": 949.0133822474545, "log10_alpha": -2.9128905331359913, "log10_colsample_bytree": -0.5861180554079737, "log10_eta": -1.6656957004209305, "log10_lambda": -4.133243521344104, "log10_min_child_weight": 3.630775086912681, "log10_subsample": -0.6620279255015645, "max_depth": 7.0, "num_boost_round": 30.0}, "datetime": {"datetime": "2024-01-19 00:57:51", "elapsed": 2772.440069, "delta": 0.003712}}
{"target": -13.756897610025852, "params": {"gamma": 949.0133822474545, "log10_alpha": -2.9128905331359913, "log10_colsample_bytree": -0.5861180554079737, "log10_eta": -1.6656957004209305, "log10_lambda": -4.133243521344104, "log10_min_child_weight": 3.630775086912681, "log10_subsample": -0.6620279255015645, "max_depth": 7.0, "num_boost_round": 31.0}, "datetime": {"datetime": "2024-01-19 00:57:51", "elapsed": 2772.444388, "delta": 0.004319}}
{"target": -13.757352776831471, "params": {"gamma": 949.0133822474545, "log10_alpha": -2.9128905331359913, "log10_colsample_bytree": -0.5861180554079737, "log10_eta": -1.6656957004209305, "log10_lambda": -4.133243521344104, "log10_min_child_weight": 3.630775086912681, "log10_subsample": -0.6620279255015645, "max_depth": 7.0, "num_boost_round": 32.0}, "datetime": {"datetime": "2024-01-19 00:57:51", "elapsed": 2772.448701, "delta": 0.004313}}
{"target": -13.756930695829078, "params": {"gamma": 949.0133822474545, "log10_alpha": -2.9128905331359913, "log10_colsample_bytree": -0.5861180554079737, "log10_eta": -1.6656957004209305, "log10_lambda": -4.133243521344104, "log10_min_child_weight": 3.630775086912681, "log10_subsample": -0.6620279255015645, "max_depth": 7.0, "num_boost_round": 33.0}, "datetime": {"datetime": "2024-01-19 00:57:51", "elapsed": 2772.453138, "delta": 0.004437}}
{"target": -13.757014748696959, "params": {"gamma": 949.0133822474545, "log10_alpha": -2.9128905331359913, "log10_colsample_bytree": -0.5861180554079737, "log10_eta": -1.6656957004209305, "log10_lambda": -4.133243521344104, "log10_min_child_weight": 3.630775086912681, "log10_subsample": -0.6620279255015645, "max_depth": 7.0, "num_boost_round": 34.0}, "datetime": {"datetime": "2024-01-19 00:57:51", "elapsed": 2772.457161, "delta": 0.004023}}
