{"target": -18.66382530082168, "params": {"gamma": 396.362022708454, "log10_alpha": -4.5360007024361275, "log10_colsample_bytree": -0.9583658845699089, "log10_eta": -0.11497093154646487, "log10_lambda": -1.4073650535941225, "log10_min_child_weight": 2.747592515888251, "log10_subsample": -0.5451833319382484, "max_depth": 7.0, "num_boost_round": 17.0}, "datetime": {"datetime": "2024-01-19 01:31:08", "elapsed": 4758.50792, "delta": 0.004826}}
{"target": -18.683441090595426, "params": {"gamma": 396.362022708454, "log10_alpha": -4.5360007024361275, "log10_colsample_bytree": -0.9583658845699089, "log10_eta": -0.11497093154646487, "log10_lambda": -1.4073650535941225, "log10_min_child_weight": 2.747592515888251, "log10_subsample": -0.5451833319382484, "max_depth": 7.0, "num_boost_round": 18.0}, "datetime": {"datetime": "2024-01-19 01:31:08", "elapsed": 4758.512853, "delta": 0.004933}}
{"target": -18.679639736884738, "params": {"gamma": 396.362022708454, "log10_alpha": -4.5360007024361275, "log10_colsample_bytree": -0.9583658845699089, "log10_eta": -0.11497093154646487, "log10_lambda": -1.4073650535941225, "log10_min_child_weight": 2.747592515888251, "log10_subsample": -0.5451833319382484, "max_depth": 7.0, "num_boost_round": 19.0}, "datetime": {"datetime": "2024-01-19 01:31:08", "elapsed": 4758.517674, "delta": 0.004821}}
{"target": -18.705450825562405, "params": {"gamma": 396.362022708454, "log10_alpha": -4.5360007024361275, "log10_colsample_bytree": -0.9583658845699089, "log10_eta": -0.11497093154646487, "log10_lambda": -1.4073650535941225, "log10_min_child_weight": 2.747592515888251, "log10_subsample": -0.5451833319382484, "max_depth": 7.0, "num_boost_round": 20.0}, "datetime": {"datetime": "2024-01-19 01:31:08", "elapsed": 4758.52248, "delta": 0.004806}}
{"target": -18.724150377286048, "params": {"gamma": 396.362022708454, "log10_alpha": -4.5360007024361275, "log10_colsample_bytree": -0.9583658845699089, "log10_eta": -0.11497093154646487, "log10_lambda": -1.4073650535941225, "log10_min_child_weight": 2.747592515888251, "log10_subsample": -0.5451833319382484, "max_depth": 7.0, "num_boost_round": 21.0}, "datetime": {"datetime": "2024-01-19 01:31:08", "elapsed": 4758.527292, "delta": 0.004812}}
{"target": -18.759827974643237, "params": {"gamma": 396.362022708454, "log10_alpha": -4.5360007024361275, "log10_colsample_bytree": -0.9583658845699089, "log10_eta": -0.11497093154646487, "log10_lambda": -1.4073650535941225, "log10_min_child_weight": 2.747592515888251, "log10_subsample": -0.5451833319382484, "max_depth": 7.0, "num_boost_round": 22.0}, "datetime": {"datetime": "2024-01-19 01:31:08", "elapsed": 4758.532257, "delta": 0.004965}}
{"target": -18.85447405382196, "params": {"gamma": 396.362022708454, "log10_alpha": -4.5360007024361275, "log10_colsample_bytree": -0.9583658845699089, "log10_eta": -0.11497093154646487, "log10_lambda": -1.4073650535941225, "log10_min_child_weight": 2.747592515888251, "log10_subsample": -0.5451833319382484, "max_depth": 7.0, "num_boost_round": 23.0}, "datetime": {"datetime": "2024-01-19 01:31:08", "elapsed": 4758.537082, "delta": 0.004825}}
{"target": -18.897775737990504, "params": {"gamma": 396.362022708454, "log10_alpha": -4.5360007024361275, "log10_colsample_bytree": -0.9583658845699089, "log10_eta": -0.11497093154646487, "log10_lambda": -1.4073650535941225, "log10_min_child_weight": 2.747592515888251, "log10_subsample": -0.5451833319382484, "max_depth": 7.0, "num_boost_round": 24.0}, "datetime": {"datetime": "2024-01-19 01:31:08", "elapsed": 4758.541885, "delta": 0.004803}}
{"target": -18.89624845810726, "params": {"gamma": 396.362022708454, "log10_alpha": -4.5360007024361275, "log10_colsample_bytree": -0.9583658845699089, "log10_eta": -0.11497093154646487, "log10_lambda": -1.4073650535941225, "log10_min_child_weight": 2.747592515888251, "log10_subsample": -0.5451833319382484, "max_depth": 7.0, "num_boost_round": 25.0}, "datetime": {"datetime": "2024-01-19 01:31:08", "elapsed": 4758.546709, "delta": 0.004824}}
{"target": -18.964164447223606, "params": {"gamma": 396.362022708454, "log10_alpha": -4.5360007024361275, "log10_colsample_bytree": -0.9583658845699089, "log10_eta": -0.11497093154646487, "log10_lambda": -1.4073650535941225, "log10_min_child_weight": 2.747592515888251, "log10_subsample": -0.5451833319382484, "max_depth": 7.0, "num_boost_round": 26.0}, "datetime": {"datetime": "2024-01-19 01:31:08", "elapsed": 4758.551633, "delta": 0.004924}}
{"target": -18.97983841140747, "params": {"gamma": 396.362022708454, "log10_alpha": -4.5360007024361275, "log10_colsample_bytree": -0.9583658845699089, "log10_eta": -0.11497093154646487, "log10_lambda": -1.4073650535941225, "log10_min_child_weight": 2.747592515888251, "log10_subsample": -0.5451833319382484, "max_depth": 7.0, "num_boost_round": 27.0}, "datetime": {"datetime": "2024-01-19 01:31:08", "elapsed": 4758.556433, "delta": 0.0048}}
{"target": -18.993259278017224, "params": {"gamma": 396.362022708454, "log10_alpha": -4.5360007024361275, "log10_colsample_bytree": -0.9583658845699089, "log10_eta": -0.11497093154646487, "log10_lambda": -1.4073650535941225, "log10_min_child_weight": 2.747592515888251, "log10_subsample": -0.5451833319382484, "max_depth": 7.0, "num_boost_round": 28.0}, "datetime": {"datetime": "2024-01-19 01:31:08", "elapsed": 4758.561222, "delta": 0.004789}}
{"target": -19.004990730653372, "params": {"gamma": 396.362022708454, "log10_alpha": -4.5360007024361275, "log10_colsample_bytree": -0.9583658845699089, "log10_eta": -0.11497093154646487, "log10_lambda": -1.4073650535941225, "log10_min_child_weight": 2.747592515888251, "log10_subsample": -0.5451833319382484, "max_depth": 7.0, "num_boost_round": 29.0}, "datetime": {"datetime": "2024-01-19 01:31:08", "elapsed": 4758.566066, "delta": 0.004844}}
{"target": -19.04608283282602, "params": {"gamma": 396.362022708454, "log10_alpha": -4.5360007024361275, "log10_colsample_bytree": -0.9583658845699089, "log10_eta": -0.11497093154646487, "log10_lambda": -1.4073650535941225, "log10_min_child_weight": 2.747592515888251, "log10_subsample": -0.5451833319382484, "max_depth": 7.0, "num_boost_round": 30.0}, "datetime": {"datetime": "2024-01-19 01:31:08", "elapsed": 4758.57142, "delta": 0.005354}}
{"target": -19.09009482957546, "params": {"gamma": 396.362022708454, "log10_alpha": -4.5360007024361275, "log10_colsample_bytree": -0.9583658845699089, "log10_eta": -0.11497093154646487, "log10_lambda": -1.4073650535941225, "log10_min_child_weight": 2.747592515888251, "log10_subsample": -0.5451833319382484, "max_depth": 7.0, "num_boost_round": 31.0}, "datetime": {"datetime": "2024-01-19 01:31:08", "elapsed": 4758.576585, "delta": 0.005165}}
{"target": -19.10907815108648, "params": {"gamma": 396.362022708454, "log10_alpha": -4.5360007024361275, "log10_colsample_bytree": -0.9583658845699089, "log10_eta": -0.11497093154646487, "log10_lambda": -1.4073650535941225, "log10_min_child_weight": 2.747592515888251, "log10_subsample": -0.5451833319382484, "max_depth": 7.0, "num_boost_round": 32.0}, "datetime": {"datetime": "2024-01-19 01:31:08", "elapsed": 4758.581489, "delta": 0.004904}}
{"target": -19.129247112419964, "params": {"gamma": 396.362022708454, "log10_alpha": -4.5360007024361275, "log10_colsample_bytree": -0.9583658845699089, "log10_eta": -0.11497093154646487, "log10_lambda": -1.4073650535941225, "log10_min_child_weight": 2.747592515888251, "log10_subsample": -0.5451833319382484, "max_depth": 7.0, "num_boost_round": 33.0}, "datetime": {"datetime": "2024-01-19 01:31:08", "elapsed": 4758.586431, "delta": 0.004942}}
{"target": -17.677120248070757, "params": {"gamma": 394.86771244880595, "log10_alpha": 0.5486954008361362, "log10_colsample_bytree": -0.6077586855541749, "log10_eta": -2.2774806631494013, "log10_lambda": -4.729525729967205, "log10_min_child_weight": 3.7426556267734408, "log10_subsample": -0.7066148220508149, "max_depth": 4.0, "num_boost_round": 0.0}, "datetime": {"datetime": "2024-01-19 01:32:04", "elapsed": 4814.43018, "delta": 55.843749}}
{"target": -17.677096698457646, "params": {"gamma": 394.86771244880595, "log10_alpha": 0.5486954008361362, "log10_colsample_bytree": -0.6077586855541749, "log10_eta": -2.2774806631494013, "log10_lambda": -4.729525729967205, "log10_min_child_weight": 3.7426556267734408, "log10_subsample": -0.7066148220508149, "max_depth": 4.0, "num_boost_round": 1.0}, "datetime": {"datetime": "2024-01-19 01:32:04", "elapsed": 4814.435734, "delta": 0.005554}}
{"target": -17.677086148820695, "params": {"gamma": 394.86771244880595, "log10_alpha": 0.5486954008361362, "log10_colsample_bytree": -0.6077586855541749, "log10_eta": -2.2774806631494013, "log10_lambda": -4.729525729967205, "log10_min_child_weight": 3.7426556267734408, "log10_subsample": -0.7066148220508149, "max_depth": 4.0, "num_boost_round": 2.0}, "datetime": {"datetime": "2024-01-19 01:32:04", "elapsed": 4814.440735, "delta": 0.005001}}
{"target": -17.677049787715934, "params": {"gamma": 394.86771244880595, "log10_alpha": 0.5486954008361362, "log10_colsample_bytree": -0.6077586855541749, "log10_eta": -2.2774806631494013, "log10_lambda": -4.729525729967205, "log10_min_child_weight": 3.7426556267734408, "log10_subsample": -0.7066148220508149, "max_depth": 4.0, "num_boost_round": 3.0}, "datetime": {"datetime": "2024-01-19 01:32:04", "elapsed": 4814.445755, "delta": 0.00502}}
{"target": -17.677048505099563, "params": {"gamma": 394.86771244880595, "log10_alpha": 0.5486954008361362, "log10_colsample_bytree": -0.6077586855541749, "log10_eta": -2.2774806631494013, "log10_lambda": -4.729525729967205, "log10_min_child_weight": 3.7426556267734408, "log10_subsample": -0.7066148220508149, "max_depth": 4.0, "num_boost_round": 4.0}, "datetime": {"datetime": "2024-01-19 01:32:04", "elapsed": 4814.558334, "delta": 0.112579}}
{"target": -17.67702120147485, "params": {"gamma": 394.86771244880595, "log10_alpha": 0.5486954008361362, "log10_colsample_bytree": -0.6077586855541749, "log10_eta": -2.2774806631494013, "log10_lambda": -4.729525729967205, "log10_min_child_weight": 3.7426556267734408, "log10_subsample": -0.7066148220508149, "max_depth": 4.0, "num_boost_round": 5.0}, "datetime": {"datetime": "2024-01-19 01:32:04", "elapsed": 4814.564429, "delta": 0.006095}}
{"target": -17.677126238497475, "params": {"gamma": 394.86771244880595, "log10_alpha": 0.5486954008361362, "log10_colsample_bytree": -0.6077586855541749, "log10_eta": -2.2774806631494013, "log10_lambda": -4.729525729967205, "log10_min_child_weight": 3.7426556267734408, "log10_subsample": -0.7066148220508149, "max_depth": 4.0, "num_boost_round": 6.0}, "datetime": {"datetime": "2024-01-19 01:32:04", "elapsed": 4814.569599, "delta": 0.00517}}
{"target": -17.677083940407748, "params": {"gamma": 394.86771244880595, "log10_alpha": 0.5486954008361362, "log10_colsample_bytree": -0.6077586855541749, "log10_eta": -2.2774806631494013, "log10_lambda": -4.729525729967205, "log10_min_child_weight": 3.7426556267734408, "log10_subsample": -0.7066148220508149, "max_depth": 4.0, "num_boost_round": 7.0}, "datetime": {"datetime": "2024-01-19 01:32:04", "elapsed": 4814.574722, "delta": 0.005123}}
{"target": -17.677068850459552, "params": {"gamma": 394.86771244880595, "log10_alpha": 0.5486954008361362, "log10_colsample_bytree": -0.6077586855541749, "log10_eta": -2.2774806631494013, "log10_lambda": -4.729525729967205, "log10_min_child_weight": 3.7426556267734408, "log10_subsample": -0.7066148220508149, "max_depth": 4.0, "num_boost_round": 8.0}, "datetime": {"datetime": "2024-01-19 01:32:04", "elapsed": 4814.579961, "delta": 0.005239}}
{"target": -17.677086935659382, "params": {"gamma": 394.86771244880595, "log10_alpha": 0.5486954008361362, "log10_colsample_bytree": -0.6077586855541749, "log10_eta": -2.2774806631494013, "log10_lambda": -4.729525729967205, "log10_min_child_weight": 3.7426556267734408, "log10_subsample": -0.7066148220508149, "max_depth": 4.0, "num_boost_round": 9.0}, "datetime": {"datetime": "2024-01-19 01:32:04", "elapsed": 4814.584986, "delta": 0.005025}}
{"target": -17.67702403809151, "params": {"gamma": 394.86771244880595, "log10_alpha": 0.5486954008361362, "log10_colsample_bytree": -0.6077586855541749, "log10_eta": -2.2774806631494013, "log10_lambda": -4.729525729967205, "log10_min_child_weight": 3.7426556267734408, "log10_subsample": -0.7066148220508149, "max_depth": 4.0, "num_boost_round": 10.0}, "datetime": {"datetime": "2024-01-19 01:32:04", "elapsed": 4814.589977, "delta": 0.004991}}
{"target": -17.67688043199465, "params": {"gamma": 394.86771244880595, "log10_alpha": 0.5486954008361362, "log10_colsample_bytree": -0.6077586855541749, "log10_eta": -2.2774806631494013, "log10_lambda": -4.729525729967205, "log10_min_child_weight": 3.7426556267734408, "log10_subsample": -0.7066148220508149, "max_depth": 4.0, "num_boost_round": 11.0}, "datetime": {"datetime": "2024-01-19 01:32:04", "elapsed": 4814.594945, "delta": 0.004968}}
{"target": -17.676905225118407, "params": {"gamma": 394.86771244880595, "log10_alpha": 0.5486954008361362, "log10_colsample_bytree": -0.6077586855541749, "log10_eta": -2.2774806631494013, "log10_lambda": -4.729525729967205, "log10_min_child_weight": 3.7426556267734408, "log10_subsample": -0.7066148220508149, "max_depth": 4.0, "num_boost_round": 12.0}, "datetime": {"datetime": "2024-01-19 01:32:04", "elapsed": 4814.599934, "delta": 0.004989}}
{"target": -17.67695787660043, "params": {"gamma": 394.86771244880595, "log10_alpha": 0.5486954008361362, "log10_colsample_bytree": -0.6077586855541749, "log10_eta": -2.2774806631494013, "log10_lambda": -4.729525729967205, "log10_min_child_weight": 3.7426556267734408, "log10_subsample": -0.7066148220508149, "max_depth": 4.0, "num_boost_round": 13.0}, "datetime": {"datetime": "2024-01-19 01:32:04", "elapsed": 4814.605049, "delta": 0.005115}}
{"target": -17.677019091544206, "params": {"gamma": 394.86771244880595, "log10_alpha": 0.5486954008361362, "log10_colsample_bytree": -0.6077586855541749, "log10_eta": -2.2774806631494013, "log10_lambda": -4.729525729967205, "log10_min_child_weight": 3.7426556267734408, "log10_subsample": -0.7066148220508149, "max_depth": 4.0, "num_boost_round": 14.0}, "datetime": {"datetime": "2024-01-19 01:32:04", "elapsed": 4814.610296, "delta": 0.005247}}
{"target": -17.67695892107098, "params": {"gamma": 394.86771244880595, "log10_alpha": 0.5486954008361362, "log10_colsample_bytree": -0.6077586855541749, "log10_eta": -2.2774806631494013, "log10_lambda": -4.729525729967205, "log10_min_child_weight": 3.7426556267734408, "log10_subsample": -0.7066148220508149, "max_depth": 4.0, "num_boost_round": 15.0}, "datetime": {"datetime": "2024-01-19 01:32:04", "elapsed": 4814.615317, "delta": 0.005021}}
{"target": -17.676923663632063, "params": {"gamma": 394.86771244880595, "log10_alpha": 0.5486954008361362, "log10_colsample_bytree": -0.6077586855541749, "log10_eta": -2.2774806631494013, "log10_lambda": -4.729525729967205, "log10_min_child_weight": 3.7426556267734408, "log10_subsample": -0.7066148220508149, "max_depth": 4.0, "num_boost_round": 16.0}, "datetime": {"datetime": "2024-01-19 01:32:04", "elapsed": 4814.620286, "delta": 0.004969}}
{"target": -17.676919256295015, "params": {"gamma": 394.86771244880595, "log10_alpha": 0.5486954008361362, "log10_colsample_bytree": -0.6077586855541749, "log10_eta": -2.2774806631494013, "log10_lambda": -4.729525729967205, "log10_min_child_weight": 3.7426556267734408, "log10_subsample": -0.7066148220508149, "max_depth": 4.0, "num_boost_round": 17.0}, "datetime": {"datetime": "2024-01-19 01:32:04", "elapsed": 4814.625255, "delta": 0.004969}}
{"target": -17.67688491759394, "params": {"gamma": 394.86771244880595, "log10_alpha": 0.5486954008361362, "log10_colsample_bytree": -0.6077586855541749, "log10_eta": -2.2774806631494013, "log10_lambda": -4.729525729967205, "log10_min_child_weight": 3.7426556267734408, "log10_subsample": -0.7066148220508149, "max_depth": 4.0, "num_boost_round": 18.0}, "datetime": {"datetime": "2024-01-19 01:32:04", "elapsed": 4814.630242, "delta": 0.004987}}
{"target": -17.676810827223697, "params": {"gamma": 394.86771244880595, "log10_alpha": 0.5486954008361362, "log10_colsample_bytree": -0.6077586855541749, "log10_eta": -2.2774806631494013, "log10_lambda": -4.729525729967205, "log10_min_child_weight": 3.7426556267734408, "log10_subsample": -0.7066148220508149, "max_depth": 4.0, "num_boost_round": 19.0}, "datetime": {"datetime": "2024-01-19 01:32:04", "elapsed": 4814.635341, "delta": 0.005099}}
{"target": -17.67681208063201, "params": {"gamma": 394.86771244880595, "log10_alpha": 0.5486954008361362, "log10_colsample_bytree": -0.6077586855541749, "log10_eta": -2.2774806631494013, "log10_lambda": -4.729525729967205, "log10_min_child_weight": 3.7426556267734408, "log10_subsample": -0.7066148220508149, "max_depth": 4.0, "num_boost_round": 20.0}, "datetime": {"datetime": "2024-01-19 01:32:04", "elapsed": 4814.640568, "delta": 0.005227}}
{"target": -17.67680769600798, "params": {"gamma": 394.86771244880595, "log10_alpha": 0.5486954008361362, "log10_colsample_bytree": -0.6077586855541749, "log10_eta": -2.2774806631494013, "log10_lambda": -4.729525729967205, "log10_min_child_weight": 3.7426556267734408, "log10_subsample": -0.7066148220508149, "max_depth": 4.0, "num_boost_round": 21.0}, "datetime": {"datetime": "2024-01-19 01:32:04", "elapsed": 4814.646086, "delta": 0.005518}}
{"target": -17.67661486158141, "params": {"gamma": 394.86771244880595, "log10_alpha": 0.5486954008361362, "log10_colsample_bytree": -0.6077586855541749, "log10_eta": -2.2774806631494013, "log10_lambda": -4.729525729967205, "log10_min_child_weight": 3.7426556267734408, "log10_subsample": -0.7066148220508149, "max_depth": 4.0, "num_boost_round": 22.0}, "datetime": {"datetime": "2024-01-19 01:32:04", "elapsed": 4814.651062, "delta": 0.004976}}
{"target": -17.67661039660944, "params": {"gamma": 394.86771244880595, "log10_alpha": 0.5486954008361362, "log10_colsample_bytree": -0.6077586855541749, "log10_eta": -2.2774806631494013, "log10_lambda": -4.729525729967205, "log10_min_child_weight": 3.7426556267734408, "log10_subsample": -0.7066148220508149, "max_depth": 4.0, "num_boost_round": 23.0}, "datetime": {"datetime": "2024-01-19 01:32:04", "elapsed": 4814.656435, "delta": 0.005373}}
{"target": -17.677186102352245, "params": {"gamma": 397.97042739345454, "log10_alpha": -4.882866336875035, "log10_colsample_bytree": -0.8112360188102128, "log10_eta": -3.2620656832012926, "log10_lambda": -1.8176304165069217, "log10_min_child_weight": 0.7247350271376679, "log10_subsample": -0.4321910459146271, "max_depth": 9.0, "num_boost_round": 0.0}, "datetime": {"datetime": "2024-01-19 01:34:04", "elapsed": 4933.877905, "delta": 119.22147}}
{"target": -17.677167336595843, "params": {"gamma": 397.97042739345454, "log10_alpha": -4.882866336875035, "log10_colsample_bytree": -0.8112360188102128, "log10_eta": -3.2620656832012926, "log10_lambda": -1.8176304165069217, "log10_min_child_weight": 0.7247350271376679, "log10_subsample": -0.4321910459146271, "max_depth": 9.0, "num_boost_round": 1.0}, "datetime": {"datetime": "2024-01-19 01:34:04", "elapsed": 4933.883907, "delta": 0.006002}}
{"target": -17.6771095939565, "params": {"gamma": 397.97042739345454, "log10_alpha": -4.882866336875035, "log10_colsample_bytree": -0.8112360188102128, "log10_eta": -3.2620656832012926, "log10_lambda": -1.8176304165069217, "log10_min_child_weight": 0.7247350271376679, "log10_subsample": -0.4321910459146271, "max_depth": 9.0, "num_boost_round": 2.0}, "datetime": {"datetime": "2024-01-19 01:34:04", "elapsed": 4933.888865, "delta": 0.004958}}
{"target": -17.677103454604325, "params": {"gamma": 397.97042739345454, "log10_alpha": -4.882866336875035, "log10_colsample_bytree": -0.8112360188102128, "log10_eta": -3.2620656832012926, "log10_lambda": -1.8176304165069217, "log10_min_child_weight": 0.7247350271376679, "log10_subsample": -0.4321910459146271, "max_depth": 9.0, "num_boost_round": 3.0}, "datetime": {"datetime": "2024-01-19 01:34:04", "elapsed": 4933.893836, "delta": 0.004971}}
{"target": -17.677062193867418, "params": {"gamma": 397.97042739345454, "log10_alpha": -4.882866336875035, "log10_colsample_bytree": -0.8112360188102128, "log10_eta": -3.2620656832012926, "log10_lambda": -1.8176304165069217, "log10_min_child_weight": 0.7247350271376679, "log10_subsample": -0.4321910459146271, "max_depth": 9.0, "num_boost_round": 4.0}, "datetime": {"datetime": "2024-01-19 01:34:04", "elapsed": 4933.89869, "delta": 0.004854}}
{"target": -17.677048329130315, "params": {"gamma": 397.97042739345454, "log10_alpha": -4.882866336875035, "log10_colsample_bytree": -0.8112360188102128, "log10_eta": -3.2620656832012926, "log10_lambda": -1.8176304165069217, "log10_min_child_weight": 0.7247350271376679, "log10_subsample": -0.4321910459146271, "max_depth": 9.0, "num_boost_round": 5.0}, "datetime": {"datetime": "2024-01-19 01:34:04", "elapsed": 4933.903675, "delta": 0.004985}}
{"target": -17.6770364073028, "params": {"gamma": 397.97042739345454, "log10_alpha": -4.882866336875035, "log10_colsample_bytree": -0.8112360188102128, "log10_eta": -3.2620656832012926, "log10_lambda": -1.8176304165069217, "log10_min_child_weight": 0.7247350271376679, "log10_subsample": -0.4321910459146271, "max_depth": 9.0, "num_boost_round": 6.0}, "datetime": {"datetime": "2024-01-19 01:34:04", "elapsed": 4933.908612, "delta": 0.004937}}
{"target": -17.676964246586778, "params": {"gamma": 397.97042739345454, "log10_alpha": -4.882866336875035, "log10_colsample_bytree": -0.8112360188102128, "log10_eta": -3.2620656832012926, "log10_lambda": -1.8176304165069217, "log10_min_child_weight": 0.7247350271376679, "log10_subsample": -0.4321910459146271, "max_depth": 9.0, "num_boost_round": 7.0}, "datetime": {"datetime": "2024-01-19 01:34:04", "elapsed": 4933.913629, "delta": 0.005017}}
