{"target": -17.676816073224945, "params": {"gamma": 450.84321160979067, "log10_alpha": -3.6492690853765186, "log10_colsample_bytree": -0.15071045529259597, "log10_eta": -2.840627481625543, "log10_lambda": -0.1895530651929178, "log10_min_child_weight": 1.8542691764321562, "log10_subsample": -0.3503058989140685, "max_depth": 9.0, "num_boost_round": 5.0}, "datetime": {"datetime": "2024-01-19 02:31:38", "elapsed": 8390.785703, "delta": 0.007185}}
{"target": -17.676719761908657, "params": {"gamma": 450.84321160979067, "log10_alpha": -3.6492690853765186, "log10_colsample_bytree": -0.15071045529259597, "log10_eta": -2.840627481625543, "log10_lambda": -0.1895530651929178, "log10_min_child_weight": 1.8542691764321562, "log10_subsample": -0.3503058989140685, "max_depth": 9.0, "num_boost_round": 6.0}, "datetime": {"datetime": "2024-01-19 02:31:38", "elapsed": 8390.79284, "delta": 0.007137}}
{"target": -17.676673004135484, "params": {"gamma": 450.84321160979067, "log10_alpha": -3.6492690853765186, "log10_colsample_bytree": -0.15071045529259597, "log10_eta": -2.840627481625543, "log10_lambda": -0.1895530651929178, "log10_min_child_weight": 1.8542691764321562, "log10_subsample": -0.3503058989140685, "max_depth": 9.0, "num_boost_round": 7.0}, "datetime": {"datetime": "2024-01-19 02:31:38", "elapsed": 8390.799915, "delta": 0.007075}}
{"target": -17.676533679431596, "params": {"gamma": 450.84321160979067, "log10_alpha": -3.6492690853765186, "log10_colsample_bytree": -0.15071045529259597, "log10_eta": -2.840627481625543, "log10_lambda": -0.1895530651929178, "log10_min_child_weight": 1.8542691764321562, "log10_subsample": -0.3503058989140685, "max_depth": 9.0, "num_boost_round": 8.0}, "datetime": {"datetime": "2024-01-19 02:31:38", "elapsed": 8390.806687, "delta": 0.006772}}
{"target": -17.676443981280794, "params": {"gamma": 450.84321160979067, "log10_alpha": -3.6492690853765186, "log10_colsample_bytree": -0.15071045529259597, "log10_eta": -2.840627481625543, "log10_lambda": -0.1895530651929178, "log10_min_child_weight": 1.8542691764321562, "log10_subsample": -0.3503058989140685, "max_depth": 9.0, "num_boost_round": 9.0}, "datetime": {"datetime": "2024-01-19 02:31:38", "elapsed": 8390.813372, "delta": 0.006685}}
{"target": -17.676327263375853, "params": {"gamma": 450.84321160979067, "log10_alpha": -3.6492690853765186, "log10_colsample_bytree": -0.15071045529259597, "log10_eta": -2.840627481625543, "log10_lambda": -0.1895530651929178, "log10_min_child_weight": 1.8542691764321562, "log10_subsample": -0.3503058989140685, "max_depth": 9.0, "num_boost_round": 10.0}, "datetime": {"datetime": "2024-01-19 02:31:38", "elapsed": 8390.819893, "delta": 0.006521}}
{"target": -17.67723360048293, "params": {"gamma": 408.54606788611704, "log10_alpha": 0.9315149218589358, "log10_colsample_bytree": -0.32465939722166204, "log10_eta": -3.208568509686749, "log10_lambda": 0.9781037369945, "log10_min_child_weight": 4.828010021761957, "log10_subsample": -0.6137548424100476, "max_depth": 9.0, "num_boost_round": 0.0}, "datetime": {"datetime": "2024-01-19 02:33:19", "elapsed": 8492.429673, "delta": 101.60978}}
{"target": -17.67722759780538, "params": {"gamma": 408.54606788611704, "log10_alpha": 0.9315149218589358, "log10_colsample_bytree": -0.32465939722166204, "log10_eta": -3.208568509686749, "log10_lambda": 0.9781037369945, "log10_min_child_weight": 4.828010021761957, "log10_subsample": -0.6137548424100476, "max_depth": 9.0, "num_boost_round": 1.0}, "datetime": {"datetime": "2024-01-19 02:33:19", "elapsed": 8492.437488, "delta": 0.007815}}
{"target": -17.677226947673645, "params": {"gamma": 408.54606788611704, "log10_alpha": 0.9315149218589358, "log10_colsample_bytree": -0.32465939722166204, "log10_eta": -3.208568509686749, "log10_lambda": 0.9781037369945, "log10_min_child_weight": 4.828010021761957, "log10_subsample": -0.6137548424100476, "max_depth": 9.0, "num_boost_round": 2.0}, "datetime": {"datetime": "2024-01-19 02:33:19", "elapsed": 8492.444279, "delta": 0.006791}}
{"target": -17.677223893624856, "params": {"gamma": 408.54606788611704, "log10_alpha": 0.9315149218589358, "log10_colsample_bytree": -0.32465939722166204, "log10_eta": -3.208568509686749, "log10_lambda": 0.9781037369945, "log10_min_child_weight": 4.828010021761957, "log10_subsample": -0.6137548424100476, "max_depth": 9.0, "num_boost_round": 3.0}, "datetime": {"datetime": "2024-01-19 02:33:19", "elapsed": 8492.451043, "delta": 0.006764}}
{"target": -17.677219788667976, "params": {"gamma": 408.54606788611704, "log10_alpha": 0.9315149218589358, "log10_colsample_bytree": -0.32465939722166204, "log10_eta": -3.208568509686749, "log10_lambda": 0.9781037369945, "log10_min_child_weight": 4.828010021761957, "log10_subsample": -0.6137548424100476, "max_depth": 9.0, "num_boost_round": 4.0}, "datetime": {"datetime": "2024-01-19 02:33:19", "elapsed": 8492.457458, "delta": 0.006415}}
{"target": -17.677220203381584, "params": {"gamma": 408.54606788611704, "log10_alpha": 0.9315149218589358, "log10_colsample_bytree": -0.32465939722166204, "log10_eta": -3.208568509686749, "log10_lambda": 0.9781037369945, "log10_min_child_weight": 4.828010021761957, "log10_subsample": -0.6137548424100476, "max_depth": 9.0, "num_boost_round": 5.0}, "datetime": {"datetime": "2024-01-19 02:33:19", "elapsed": 8492.464082, "delta": 0.006624}}
{"target": -17.677220760183893, "params": {"gamma": 408.54606788611704, "log10_alpha": 0.9315149218589358, "log10_colsample_bytree": -0.32465939722166204, "log10_eta": -3.208568509686749, "log10_lambda": 0.9781037369945, "log10_min_child_weight": 4.828010021761957, "log10_subsample": -0.6137548424100476, "max_depth": 9.0, "num_boost_round": 6.0}, "datetime": {"datetime": "2024-01-19 02:33:19", "elapsed": 8492.470551, "delta": 0.006469}}
{"target": -17.677222470547495, "params": {"gamma": 408.54606788611704, "log10_alpha": 0.9315149218589358, "log10_colsample_bytree": -0.32465939722166204, "log10_eta": -3.208568509686749, "log10_lambda": 0.9781037369945, "log10_min_child_weight": 4.828010021761957, "log10_subsample": -0.6137548424100476, "max_depth": 9.0, "num_boost_round": 7.0}, "datetime": {"datetime": "2024-01-19 02:33:19", "elapsed": 8492.476858, "delta": 0.006307}}
{"target": -17.677218665773847, "params": {"gamma": 408.54606788611704, "log10_alpha": 0.9315149218589358, "log10_colsample_bytree": -0.32465939722166204, "log10_eta": -3.208568509686749, "log10_lambda": 0.9781037369945, "log10_min_child_weight": 4.828010021761957, "log10_subsample": -0.6137548424100476, "max_depth": 9.0, "num_boost_round": 8.0}, "datetime": {"datetime": "2024-01-19 02:33:19", "elapsed": 8492.483195, "delta": 0.006337}}
{"target": -17.67721493240053, "params": {"gamma": 408.54606788611704, "log10_alpha": 0.9315149218589358, "log10_colsample_bytree": -0.32465939722166204, "log10_eta": -3.208568509686749, "log10_lambda": 0.9781037369945, "log10_min_child_weight": 4.828010021761957, "log10_subsample": -0.6137548424100476, "max_depth": 9.0, "num_boost_round": 9.0}, "datetime": {"datetime": "2024-01-19 02:33:19", "elapsed": 8492.489399, "delta": 0.006204}}
{"target": -17.677214314801954, "params": {"gamma": 408.54606788611704, "log10_alpha": 0.9315149218589358, "log10_colsample_bytree": -0.32465939722166204, "log10_eta": -3.208568509686749, "log10_lambda": 0.9781037369945, "log10_min_child_weight": 4.828010021761957, "log10_subsample": -0.6137548424100476, "max_depth": 9.0, "num_boost_round": 10.0}, "datetime": {"datetime": "2024-01-19 02:33:19", "elapsed": 8492.495603, "delta": 0.006204}}
{"target": -17.677208867163856, "params": {"gamma": 408.54606788611704, "log10_alpha": 0.9315149218589358, "log10_colsample_bytree": -0.32465939722166204, "log10_eta": -3.208568509686749, "log10_lambda": 0.9781037369945, "log10_min_child_weight": 4.828010021761957, "log10_subsample": -0.6137548424100476, "max_depth": 9.0, "num_boost_round": 11.0}, "datetime": {"datetime": "2024-01-19 02:33:19", "elapsed": 8492.501841, "delta": 0.006238}}
{"target": -17.677208172115385, "params": {"gamma": 408.54606788611704, "log10_alpha": 0.9315149218589358, "log10_colsample_bytree": -0.32465939722166204, "log10_eta": -3.208568509686749, "log10_lambda": 0.9781037369945, "log10_min_child_weight": 4.828010021761957, "log10_subsample": -0.6137548424100476, "max_depth": 9.0, "num_boost_round": 12.0}, "datetime": {"datetime": "2024-01-19 02:33:19", "elapsed": 8492.508367, "delta": 0.006526}}
{"target": -17.677204853479466, "params": {"gamma": 408.54606788611704, "log10_alpha": 0.9315149218589358, "log10_colsample_bytree": -0.32465939722166204, "log10_eta": -3.208568509686749, "log10_lambda": 0.9781037369945, "log10_min_child_weight": 4.828010021761957, "log10_subsample": -0.6137548424100476, "max_depth": 9.0, "num_boost_round": 13.0}, "datetime": {"datetime": "2024-01-19 02:33:19", "elapsed": 8492.514515, "delta": 0.006148}}
{"target": -17.677204862797883, "params": {"gamma": 408.54606788611704, "log10_alpha": 0.9315149218589358, "log10_colsample_bytree": -0.32465939722166204, "log10_eta": -3.208568509686749, "log10_lambda": 0.9781037369945, "log10_min_child_weight": 4.828010021761957, "log10_subsample": -0.6137548424100476, "max_depth": 9.0, "num_boost_round": 14.0}, "datetime": {"datetime": "2024-01-19 02:33:19", "elapsed": 8492.520754, "delta": 0.006239}}
{"target": -17.67720045136376, "params": {"gamma": 408.54606788611704, "log10_alpha": 0.9315149218589358, "log10_colsample_bytree": -0.32465939722166204, "log10_eta": -3.208568509686749, "log10_lambda": 0.9781037369945, "log10_min_child_weight": 4.828010021761957, "log10_subsample": -0.6137548424100476, "max_depth": 9.0, "num_boost_round": 15.0}, "datetime": {"datetime": "2024-01-19 02:33:19", "elapsed": 8492.527055, "delta": 0.006301}}
{"target": -17.67719767407702, "params": {"gamma": 408.54606788611704, "log10_alpha": 0.9315149218589358, "log10_colsample_bytree": -0.32465939722166204, "log10_eta": -3.208568509686749, "log10_lambda": 0.9781037369945, "log10_min_child_weight": 4.828010021761957, "log10_subsample": -0.6137548424100476, "max_depth": 9.0, "num_boost_round": 16.0}, "datetime": {"datetime": "2024-01-19 02:33:19", "elapsed": 8492.533524, "delta": 0.006469}}
{"target": -17.67719444214193, "params": {"gamma": 408.54606788611704, "log10_alpha": 0.9315149218589358, "log10_colsample_bytree": -0.32465939722166204, "log10_eta": -3.208568509686749, "log10_lambda": 0.9781037369945, "log10_min_child_weight": 4.828010021761957, "log10_subsample": -0.6137548424100476, "max_depth": 9.0, "num_boost_round": 17.0}, "datetime": {"datetime": "2024-01-19 02:33:19", "elapsed": 8492.540101, "delta": 0.006577}}
{"target": -17.677192931399592, "params": {"gamma": 408.54606788611704, "log10_alpha": 0.9315149218589358, "log10_colsample_bytree": -0.32465939722166204, "log10_eta": -3.208568509686749, "log10_lambda": 0.9781037369945, "log10_min_child_weight": 4.828010021761957, "log10_subsample": -0.6137548424100476, "max_depth": 9.0, "num_boost_round": 18.0}, "datetime": {"datetime": "2024-01-19 02:33:19", "elapsed": 8492.546705, "delta": 0.006604}}
{"target": -17.677184773097224, "params": {"gamma": 408.54606788611704, "log10_alpha": 0.9315149218589358, "log10_colsample_bytree": -0.32465939722166204, "log10_eta": -3.208568509686749, "log10_lambda": 0.9781037369945, "log10_min_child_weight": 4.828010021761957, "log10_subsample": -0.6137548424100476, "max_depth": 9.0, "num_boost_round": 19.0}, "datetime": {"datetime": "2024-01-19 02:33:19", "elapsed": 8492.55343, "delta": 0.006725}}
{"target": -17.677180438936084, "params": {"gamma": 408.54606788611704, "log10_alpha": 0.9315149218589358, "log10_colsample_bytree": -0.32465939722166204, "log10_eta": -3.208568509686749, "log10_lambda": 0.9781037369945, "log10_min_child_weight": 4.828010021761957, "log10_subsample": -0.6137548424100476, "max_depth": 9.0, "num_boost_round": 20.0}, "datetime": {"datetime": "2024-01-19 02:33:19", "elapsed": 8492.560697, "delta": 0.007267}}
{"target": -17.677170363340522, "params": {"gamma": 408.54606788611704, "log10_alpha": 0.9315149218589358, "log10_colsample_bytree": -0.32465939722166204, "log10_eta": -3.208568509686749, "log10_lambda": 0.9781037369945, "log10_min_child_weight": 4.828010021761957, "log10_subsample": -0.6137548424100476, "max_depth": 9.0, "num_boost_round": 21.0}, "datetime": {"datetime": "2024-01-19 02:33:19", "elapsed": 8492.567537, "delta": 0.00684}}
{"target": -17.677164693137996, "params": {"gamma": 408.54606788611704, "log10_alpha": 0.9315149218589358, "log10_colsample_bytree": -0.32465939722166204, "log10_eta": -3.208568509686749, "log10_lambda": 0.9781037369945, "log10_min_child_weight": 4.828010021761957, "log10_subsample": -0.6137548424100476, "max_depth": 9.0, "num_boost_round": 22.0}, "datetime": {"datetime": "2024-01-19 02:33:19", "elapsed": 8492.573893, "delta": 0.006356}}
{"target": -17.67716058146569, "params": {"gamma": 408.54606788611704, "log10_alpha": 0.9315149218589358, "log10_colsample_bytree": -0.32465939722166204, "log10_eta": -3.208568509686749, "log10_lambda": 0.9781037369945, "log10_min_child_weight": 4.828010021761957, "log10_subsample": -0.6137548424100476, "max_depth": 9.0, "num_boost_round": 23.0}, "datetime": {"datetime": "2024-01-19 02:33:19", "elapsed": 8492.580021, "delta": 0.006128}}
{"target": -17.67715907391536, "params": {"gamma": 408.54606788611704, "log10_alpha": 0.9315149218589358, "log10_colsample_bytree": -0.32465939722166204, "log10_eta": -3.208568509686749, "log10_lambda": 0.9781037369945, "log10_min_child_weight": 4.828010021761957, "log10_subsample": -0.6137548424100476, "max_depth": 9.0, "num_boost_round": 24.0}, "datetime": {"datetime": "2024-01-19 02:33:19", "elapsed": 8492.586216, "delta": 0.006195}}
{"target": -17.677152457464263, "params": {"gamma": 408.54606788611704, "log10_alpha": 0.9315149218589358, "log10_colsample_bytree": -0.32465939722166204, "log10_eta": -3.208568509686749, "log10_lambda": 0.9781037369945, "log10_min_child_weight": 4.828010021761957, "log10_subsample": -0.6137548424100476, "max_depth": 9.0, "num_boost_round": 25.0}, "datetime": {"datetime": "2024-01-19 02:33:19", "elapsed": 8492.592363, "delta": 0.006147}}
{"target": -17.677153352713006, "params": {"gamma": 408.54606788611704, "log10_alpha": 0.9315149218589358, "log10_colsample_bytree": -0.32465939722166204, "log10_eta": -3.208568509686749, "log10_lambda": 0.9781037369945, "log10_min_child_weight": 4.828010021761957, "log10_subsample": -0.6137548424100476, "max_depth": 9.0, "num_boost_round": 26.0}, "datetime": {"datetime": "2024-01-19 02:33:19", "elapsed": 8492.598492, "delta": 0.006129}}
{"target": -17.677149601601545, "params": {"gamma": 408.54606788611704, "log10_alpha": 0.9315149218589358, "log10_colsample_bytree": -0.32465939722166204, "log10_eta": -3.208568509686749, "log10_lambda": 0.9781037369945, "log10_min_child_weight": 4.828010021761957, "log10_subsample": -0.6137548424100476, "max_depth": 9.0, "num_boost_round": 27.0}, "datetime": {"datetime": "2024-01-19 02:33:19", "elapsed": 8492.604662, "delta": 0.00617}}
{"target": -17.677145309392856, "params": {"gamma": 408.54606788611704, "log10_alpha": 0.9315149218589358, "log10_colsample_bytree": -0.32465939722166204, "log10_eta": -3.208568509686749, "log10_lambda": 0.9781037369945, "log10_min_child_weight": 4.828010021761957, "log10_subsample": -0.6137548424100476, "max_depth": 9.0, "num_boost_round": 28.0}, "datetime": {"datetime": "2024-01-19 02:33:19", "elapsed": 8492.610848, "delta": 0.006186}}
{"target": -17.677140388797792, "params": {"gamma": 408.54606788611704, "log10_alpha": 0.9315149218589358, "log10_colsample_bytree": -0.32465939722166204, "log10_eta": -3.208568509686749, "log10_lambda": 0.9781037369945, "log10_min_child_weight": 4.828010021761957, "log10_subsample": -0.6137548424100476, "max_depth": 9.0, "num_boost_round": 29.0}, "datetime": {"datetime": "2024-01-19 02:33:19", "elapsed": 8492.617136, "delta": 0.006288}}
{"target": -17.677136308446613, "params": {"gamma": 408.54606788611704, "log10_alpha": 0.9315149218589358, "log10_colsample_bytree": -0.32465939722166204, "log10_eta": -3.208568509686749, "log10_lambda": 0.9781037369945, "log10_min_child_weight": 4.828010021761957, "log10_subsample": -0.6137548424100476, "max_depth": 9.0, "num_boost_round": 30.0}, "datetime": {"datetime": "2024-01-19 02:33:19", "elapsed": 8492.623289, "delta": 0.006153}}
{"target": -17.677135388235715, "params": {"gamma": 408.54606788611704, "log10_alpha": 0.9315149218589358, "log10_colsample_bytree": -0.32465939722166204, "log10_eta": -3.208568509686749, "log10_lambda": 0.9781037369945, "log10_min_child_weight": 4.828010021761957, "log10_subsample": -0.6137548424100476, "max_depth": 9.0, "num_boost_round": 31.0}, "datetime": {"datetime": "2024-01-19 02:33:19", "elapsed": 8492.629493, "delta": 0.006204}}
{"target": -17.677137532490924, "params": {"gamma": 408.54606788611704, "log10_alpha": 0.9315149218589358, "log10_colsample_bytree": -0.32465939722166204, "log10_eta": -3.208568509686749, "log10_lambda": 0.9781037369945, "log10_min_child_weight": 4.828010021761957, "log10_subsample": -0.6137548424100476, "max_depth": 9.0, "num_boost_round": 32.0}, "datetime": {"datetime": "2024-01-19 02:33:19", "elapsed": 8492.635599, "delta": 0.006106}}
{"target": -17.67713820032316, "params": {"gamma": 408.54606788611704, "log10_alpha": 0.9315149218589358, "log10_colsample_bytree": -0.32465939722166204, "log10_eta": -3.208568509686749, "log10_lambda": 0.9781037369945, "log10_min_child_weight": 4.828010021761957, "log10_subsample": -0.6137548424100476, "max_depth": 9.0, "num_boost_round": 33.0}, "datetime": {"datetime": "2024-01-19 02:33:19", "elapsed": 8492.641786, "delta": 0.006187}}
{"target": -17.677133661938377, "params": {"gamma": 408.54606788611704, "log10_alpha": 0.9315149218589358, "log10_colsample_bytree": -0.32465939722166204, "log10_eta": -3.208568509686749, "log10_lambda": 0.9781037369945, "log10_min_child_weight": 4.828010021761957, "log10_subsample": -0.6137548424100476, "max_depth": 9.0, "num_boost_round": 34.0}, "datetime": {"datetime": "2024-01-19 02:33:19", "elapsed": 8492.647971, "delta": 0.006185}}
{"target": -17.677134361403237, "params": {"gamma": 408.54606788611704, "log10_alpha": 0.9315149218589358, "log10_colsample_bytree": -0.32465939722166204, "log10_eta": -3.208568509686749, "log10_lambda": 0.9781037369945, "log10_min_child_weight": 4.828010021761957, "log10_subsample": -0.6137548424100476, "max_depth": 9.0, "num_boost_round": 35.0}, "datetime": {"datetime": "2024-01-19 02:33:20", "elapsed": 8492.654135, "delta": 0.006164}}
{"target": -17.67713449277211, "params": {"gamma": 408.54606788611704, "log10_alpha": 0.9315149218589358, "log10_colsample_bytree": -0.32465939722166204, "log10_eta": -3.208568509686749, "log10_lambda": 0.9781037369945, "log10_min_child_weight": 4.828010021761957, "log10_subsample": -0.6137548424100476, "max_depth": 9.0, "num_boost_round": 36.0}, "datetime": {"datetime": "2024-01-19 02:33:20", "elapsed": 8492.660287, "delta": 0.006152}}
{"target": -17.67722380417812, "params": {"gamma": 441.82705399359014, "log10_alpha": -3.557556247812472, "log10_colsample_bytree": -0.23786264746680086, "log10_eta": -3.6020169548614853, "log10_lambda": -0.7320186465877736, "log10_min_child_weight": 2.277458650596201, "log10_subsample": -0.6540042533117777, "max_depth": 9.0, "num_boost_round": 0.0}, "datetime": {"datetime": "2024-01-19 02:35:26", "elapsed": 8619.291653, "delta": 126.631366}}
{"target": -17.677209677543715, "params": {"gamma": 441.82705399359014, "log10_alpha": -3.557556247812472, "log10_colsample_bytree": -0.23786264746680086, "log10_eta": -3.6020169548614853, "log10_lambda": -0.7320186465877736, "log10_min_child_weight": 2.277458650596201, "log10_subsample": -0.6540042533117777, "max_depth": 9.0, "num_boost_round": 1.0}, "datetime": {"datetime": "2024-01-19 02:35:26", "elapsed": 8619.299452, "delta": 0.007799}}
{"target": -17.677181327881083, "params": {"gamma": 441.82705399359014, "log10_alpha": -3.557556247812472, "log10_colsample_bytree": -0.23786264746680086, "log10_eta": -3.6020169548614853, "log10_lambda": -0.7320186465877736, "log10_min_child_weight": 2.277458650596201, "log10_subsample": -0.6540042533117777, "max_depth": 9.0, "num_boost_round": 2.0}, "datetime": {"datetime": "2024-01-19 02:35:26", "elapsed": 8619.306818, "delta": 0.007366}}
{"target": -17.677186842233848, "params": {"gamma": 441.82705399359014, "log10_alpha": -3.557556247812472, "log10_colsample_bytree": -0.23786264746680086, "log10_eta": -3.6020169548614853, "log10_lambda": -0.7320186465877736, "log10_min_child_weight": 2.277458650596201, "log10_subsample": -0.6540042533117777, "max_depth": 9.0, "num_boost_round": 3.0}, "datetime": {"datetime": "2024-01-19 02:35:26", "elapsed": 8619.313956, "delta": 0.007138}}
{"target": -17.677182055890633, "params": {"gamma": 441.82705399359014, "log10_alpha": -3.557556247812472, "log10_colsample_bytree": -0.23786264746680086, "log10_eta": -3.6020169548614853, "log10_lambda": -0.7320186465877736, "log10_min_child_weight": 2.277458650596201, "log10_subsample": -0.6540042533117777, "max_depth": 9.0, "num_boost_round": 4.0}, "datetime": {"datetime": "2024-01-19 02:35:26", "elapsed": 8619.320768, "delta": 0.006812}}
{"target": -17.6771532955109, "params": {"gamma": 441.82705399359014, "log10_alpha": -3.557556247812472, "log10_colsample_bytree": -0.23786264746680086, "log10_eta": -3.6020169548614853, "log10_lambda": -0.7320186465877736, "log10_min_child_weight": 2.277458650596201, "log10_subsample": -0.6540042533117777, "max_depth": 9.0, "num_boost_round": 5.0}, "datetime": {"datetime": "2024-01-19 02:35:26", "elapsed": 8619.327516, "delta": 0.006748}}
