{"target": -17.677121296371418, "params": {"gamma": 412.5709784771421, "log10_alpha": -2.120081666312009, "log10_colsample_bytree": -0.9476659219550368, "log10_eta": -3.7716511545677203, "log10_lambda": 0.9402343631668177, "log10_min_child_weight": 2.991220933410278, "log10_subsample": -0.6910856805146713, "max_depth": 5.0, "num_boost_round": 22.0}, "datetime": {"datetime": "2024-01-19 01:18:24", "elapsed": 3996.661409, "delta": 0.00432}}
{"target": -17.67710707516712, "params": {"gamma": 412.5709784771421, "log10_alpha": -2.120081666312009, "log10_colsample_bytree": -0.9476659219550368, "log10_eta": -3.7716511545677203, "log10_lambda": 0.9402343631668177, "log10_min_child_weight": 2.991220933410278, "log10_subsample": -0.6910856805146713, "max_depth": 5.0, "num_boost_round": 23.0}, "datetime": {"datetime": "2024-01-19 01:18:24", "elapsed": 3996.665758, "delta": 0.004349}}
{"target": -17.677110938560592, "params": {"gamma": 412.5709784771421, "log10_alpha": -2.120081666312009, "log10_colsample_bytree": -0.9476659219550368, "log10_eta": -3.7716511545677203, "log10_lambda": 0.9402343631668177, "log10_min_child_weight": 2.991220933410278, "log10_subsample": -0.6910856805146713, "max_depth": 5.0, "num_boost_round": 24.0}, "datetime": {"datetime": "2024-01-19 01:18:24", "elapsed": 3996.670176, "delta": 0.004418}}
{"target": -17.677227528204654, "params": {"gamma": 453.3933890938049, "log10_alpha": -0.5365561643821142, "log10_colsample_bytree": -0.2933957171218806, "log10_eta": -3.7161072418219714, "log10_lambda": -3.775398551629004, "log10_min_child_weight": 0.594468584101841, "log10_subsample": -0.6774665051444804, "max_depth": 8.0, "num_boost_round": 0.0}, "datetime": {"datetime": "2024-01-19 01:19:43", "elapsed": 4076.379601, "delta": 79.709425}}
{"target": -17.67722479760219, "params": {"gamma": 453.3933890938049, "log10_alpha": -0.5365561643821142, "log10_colsample_bytree": -0.2933957171218806, "log10_eta": -3.7161072418219714, "log10_lambda": -3.775398551629004, "log10_min_child_weight": 0.594468584101841, "log10_subsample": -0.6774665051444804, "max_depth": 8.0, "num_boost_round": 1.0}, "datetime": {"datetime": "2024-01-19 01:19:43", "elapsed": 4076.384871, "delta": 0.00527}}
{"target": -17.677219692024973, "params": {"gamma": 453.3933890938049, "log10_alpha": -0.5365561643821142, "log10_colsample_bytree": -0.2933957171218806, "log10_eta": -3.7161072418219714, "log10_lambda": -3.775398551629004, "log10_min_child_weight": 0.594468584101841, "log10_subsample": -0.6774665051444804, "max_depth": 8.0, "num_boost_round": 2.0}, "datetime": {"datetime": "2024-01-19 01:19:43", "elapsed": 4076.389144, "delta": 0.004273}}
{"target": -17.677216647369047, "params": {"gamma": 453.3933890938049, "log10_alpha": -0.5365561643821142, "log10_colsample_bytree": -0.2933957171218806, "log10_eta": -3.7161072418219714, "log10_lambda": -3.775398551629004, "log10_min_child_weight": 0.594468584101841, "log10_subsample": -0.6774665051444804, "max_depth": 8.0, "num_boost_round": 3.0}, "datetime": {"datetime": "2024-01-19 01:19:43", "elapsed": 4076.3934, "delta": 0.004256}}
{"target": -17.677231456664163, "params": {"gamma": 453.3933890938049, "log10_alpha": -0.5365561643821142, "log10_colsample_bytree": -0.2933957171218806, "log10_eta": -3.7161072418219714, "log10_lambda": -3.775398551629004, "log10_min_child_weight": 0.594468584101841, "log10_subsample": -0.6774665051444804, "max_depth": 8.0, "num_boost_round": 4.0}, "datetime": {"datetime": "2024-01-19 01:19:43", "elapsed": 4076.397559, "delta": 0.004159}}
{"target": -17.67720704163216, "params": {"gamma": 453.3933890938049, "log10_alpha": -0.5365561643821142, "log10_colsample_bytree": -0.2933957171218806, "log10_eta": -3.7161072418219714, "log10_lambda": -3.775398551629004, "log10_min_child_weight": 0.594468584101841, "log10_subsample": -0.6774665051444804, "max_depth": 8.0, "num_boost_round": 5.0}, "datetime": {"datetime": "2024-01-19 01:19:43", "elapsed": 4076.401837, "delta": 0.004278}}
{"target": -17.6772152384845, "params": {"gamma": 453.3933890938049, "log10_alpha": -0.5365561643821142, "log10_colsample_bytree": -0.2933957171218806, "log10_eta": -3.7161072418219714, "log10_lambda": -3.775398551629004, "log10_min_child_weight": 0.594468584101841, "log10_subsample": -0.6774665051444804, "max_depth": 8.0, "num_boost_round": 6.0}, "datetime": {"datetime": "2024-01-19 01:19:43", "elapsed": 4076.406216, "delta": 0.004379}}
{"target": -17.677206574541874, "params": {"gamma": 453.3933890938049, "log10_alpha": -0.5365561643821142, "log10_colsample_bytree": -0.2933957171218806, "log10_eta": -3.7161072418219714, "log10_lambda": -3.775398551629004, "log10_min_child_weight": 0.594468584101841, "log10_subsample": -0.6774665051444804, "max_depth": 8.0, "num_boost_round": 7.0}, "datetime": {"datetime": "2024-01-19 01:19:43", "elapsed": 4076.410463, "delta": 0.004247}}
{"target": -17.677194032318983, "params": {"gamma": 453.3933890938049, "log10_alpha": -0.5365561643821142, "log10_colsample_bytree": -0.2933957171218806, "log10_eta": -3.7161072418219714, "log10_lambda": -3.775398551629004, "log10_min_child_weight": 0.594468584101841, "log10_subsample": -0.6774665051444804, "max_depth": 8.0, "num_boost_round": 8.0}, "datetime": {"datetime": "2024-01-19 01:19:43", "elapsed": 4076.414644, "delta": 0.004181}}
{"target": -17.67714908069003, "params": {"gamma": 453.3933890938049, "log10_alpha": -0.5365561643821142, "log10_colsample_bytree": -0.2933957171218806, "log10_eta": -3.7161072418219714, "log10_lambda": -3.775398551629004, "log10_min_child_weight": 0.594468584101841, "log10_subsample": -0.6774665051444804, "max_depth": 8.0, "num_boost_round": 9.0}, "datetime": {"datetime": "2024-01-19 01:19:43", "elapsed": 4076.418838, "delta": 0.004194}}
{"target": -17.677144811730635, "params": {"gamma": 453.3933890938049, "log10_alpha": -0.5365561643821142, "log10_colsample_bytree": -0.2933957171218806, "log10_eta": -3.7161072418219714, "log10_lambda": -3.775398551629004, "log10_min_child_weight": 0.594468584101841, "log10_subsample": -0.6774665051444804, "max_depth": 8.0, "num_boost_round": 10.0}, "datetime": {"datetime": "2024-01-19 01:19:43", "elapsed": 4076.423098, "delta": 0.00426}}
{"target": -17.677246012547787, "params": {"gamma": 413.9445890867141, "log10_alpha": -3.7183083549877534, "log10_colsample_bytree": -0.5789341564424529, "log10_eta": -3.4789709912465674, "log10_lambda": -0.07041382047120237, "log10_min_child_weight": 0.6273752591238685, "log10_subsample": -0.5937522661471029, "max_depth": 8.0, "num_boost_round": 0.0}, "datetime": {"datetime": "2024-01-19 01:20:38", "elapsed": 4131.577114, "delta": 55.154016}}
{"target": -17.677214039695176, "params": {"gamma": 413.9445890867141, "log10_alpha": -3.7183083549877534, "log10_colsample_bytree": -0.5789341564424529, "log10_eta": -3.4789709912465674, "log10_lambda": -0.07041382047120237, "log10_min_child_weight": 0.6273752591238685, "log10_subsample": -0.5937522661471029, "max_depth": 8.0, "num_boost_round": 1.0}, "datetime": {"datetime": "2024-01-19 01:20:38", "elapsed": 4131.582003, "delta": 0.004889}}
{"target": -17.67718273630005, "params": {"gamma": 413.9445890867141, "log10_alpha": -3.7183083549877534, "log10_colsample_bytree": -0.5789341564424529, "log10_eta": -3.4789709912465674, "log10_lambda": -0.07041382047120237, "log10_min_child_weight": 0.6273752591238685, "log10_subsample": -0.5937522661471029, "max_depth": 8.0, "num_boost_round": 2.0}, "datetime": {"datetime": "2024-01-19 01:20:38", "elapsed": 4131.58652, "delta": 0.004517}}
{"target": -17.677161099777994, "params": {"gamma": 413.9445890867141, "log10_alpha": -3.7183083549877534, "log10_colsample_bytree": -0.5789341564424529, "log10_eta": -3.4789709912465674, "log10_lambda": -0.07041382047120237, "log10_min_child_weight": 0.6273752591238685, "log10_subsample": -0.5937522661471029, "max_depth": 8.0, "num_boost_round": 3.0}, "datetime": {"datetime": "2024-01-19 01:20:38", "elapsed": 4131.590785, "delta": 0.004265}}
{"target": -17.67713594460823, "params": {"gamma": 413.9445890867141, "log10_alpha": -3.7183083549877534, "log10_colsample_bytree": -0.5789341564424529, "log10_eta": -3.4789709912465674, "log10_lambda": -0.07041382047120237, "log10_min_child_weight": 0.6273752591238685, "log10_subsample": -0.5937522661471029, "max_depth": 8.0, "num_boost_round": 4.0}, "datetime": {"datetime": "2024-01-19 01:20:38", "elapsed": 4131.594938, "delta": 0.004153}}
{"target": -17.677092974131465, "params": {"gamma": 413.9445890867141, "log10_alpha": -3.7183083549877534, "log10_colsample_bytree": -0.5789341564424529, "log10_eta": -3.4789709912465674, "log10_lambda": -0.07041382047120237, "log10_min_child_weight": 0.6273752591238685, "log10_subsample": -0.5937522661471029, "max_depth": 8.0, "num_boost_round": 5.0}, "datetime": {"datetime": "2024-01-19 01:20:38", "elapsed": 4131.599117, "delta": 0.004179}}
{"target": -17.677098999491243, "params": {"gamma": 413.9445890867141, "log10_alpha": -3.7183083549877534, "log10_colsample_bytree": -0.5789341564424529, "log10_eta": -3.4789709912465674, "log10_lambda": -0.07041382047120237, "log10_min_child_weight": 0.6273752591238685, "log10_subsample": -0.5937522661471029, "max_depth": 8.0, "num_boost_round": 6.0}, "datetime": {"datetime": "2024-01-19 01:20:38", "elapsed": 4131.603348, "delta": 0.004231}}
{"target": -17.677104063088212, "params": {"gamma": 413.9445890867141, "log10_alpha": -3.7183083549877534, "log10_colsample_bytree": -0.5789341564424529, "log10_eta": -3.4789709912465674, "log10_lambda": -0.07041382047120237, "log10_min_child_weight": 0.6273752591238685, "log10_subsample": -0.5937522661471029, "max_depth": 8.0, "num_boost_round": 7.0}, "datetime": {"datetime": "2024-01-19 01:20:38", "elapsed": 4131.607642, "delta": 0.004294}}
{"target": -17.67708590285874, "params": {"gamma": 413.9445890867141, "log10_alpha": -3.7183083549877534, "log10_colsample_bytree": -0.5789341564424529, "log10_eta": -3.4789709912465674, "log10_lambda": -0.07041382047120237, "log10_min_child_weight": 0.6273752591238685, "log10_subsample": -0.5937522661471029, "max_depth": 8.0, "num_boost_round": 8.0}, "datetime": {"datetime": "2024-01-19 01:20:38", "elapsed": 4131.611994, "delta": 0.004352}}
{"target": -17.677059729300677, "params": {"gamma": 413.9445890867141, "log10_alpha": -3.7183083549877534, "log10_colsample_bytree": -0.5789341564424529, "log10_eta": -3.4789709912465674, "log10_lambda": -0.07041382047120237, "log10_min_child_weight": 0.6273752591238685, "log10_subsample": -0.5937522661471029, "max_depth": 8.0, "num_boost_round": 9.0}, "datetime": {"datetime": "2024-01-19 01:20:38", "elapsed": 4131.616256, "delta": 0.004262}}
{"target": -17.677024745210506, "params": {"gamma": 413.9445890867141, "log10_alpha": -3.7183083549877534, "log10_colsample_bytree": -0.5789341564424529, "log10_eta": -3.4789709912465674, "log10_lambda": -0.07041382047120237, "log10_min_child_weight": 0.6273752591238685, "log10_subsample": -0.5937522661471029, "max_depth": 8.0, "num_boost_round": 10.0}, "datetime": {"datetime": "2024-01-19 01:20:38", "elapsed": 4131.620423, "delta": 0.004167}}
{"target": -17.67702354095354, "params": {"gamma": 413.9445890867141, "log10_alpha": -3.7183083549877534, "log10_colsample_bytree": -0.5789341564424529, "log10_eta": -3.4789709912465674, "log10_lambda": -0.07041382047120237, "log10_min_child_weight": 0.6273752591238685, "log10_subsample": -0.5937522661471029, "max_depth": 8.0, "num_boost_round": 11.0}, "datetime": {"datetime": "2024-01-19 01:20:38", "elapsed": 4131.624533, "delta": 0.00411}}
{"target": -17.676993067412468, "params": {"gamma": 413.9445890867141, "log10_alpha": -3.7183083549877534, "log10_colsample_bytree": -0.5789341564424529, "log10_eta": -3.4789709912465674, "log10_lambda": -0.07041382047120237, "log10_min_child_weight": 0.6273752591238685, "log10_subsample": -0.5937522661471029, "max_depth": 8.0, "num_boost_round": 12.0}, "datetime": {"datetime": "2024-01-19 01:20:38", "elapsed": 4131.628633, "delta": 0.0041}}
{"target": -17.677231533473705, "params": {"gamma": 421.386052400475, "log10_alpha": -1.2151653097910757, "log10_colsample_bytree": -0.5324245299935214, "log10_eta": -3.899521674330889, "log10_lambda": -2.844892835825995, "log10_min_child_weight": 3.7864734815799523, "log10_subsample": -0.4931767057444604, "max_depth": 3.0, "num_boost_round": 0.0}, "datetime": {"datetime": "2024-01-19 01:21:46", "elapsed": 4198.662025, "delta": 67.033392}}
{"target": -17.677230804091703, "params": {"gamma": 421.386052400475, "log10_alpha": -1.2151653097910757, "log10_colsample_bytree": -0.5324245299935214, "log10_eta": -3.899521674330889, "log10_lambda": -2.844892835825995, "log10_min_child_weight": 3.7864734815799523, "log10_subsample": -0.4931767057444604, "max_depth": 3.0, "num_boost_round": 1.0}, "datetime": {"datetime": "2024-01-19 01:21:46", "elapsed": 4198.666705, "delta": 0.00468}}
{"target": -17.677229317500025, "params": {"gamma": 421.386052400475, "log10_alpha": -1.2151653097910757, "log10_colsample_bytree": -0.5324245299935214, "log10_eta": -3.899521674330889, "log10_lambda": -2.844892835825995, "log10_min_child_weight": 3.7864734815799523, "log10_subsample": -0.4931767057444604, "max_depth": 3.0, "num_boost_round": 2.0}, "datetime": {"datetime": "2024-01-19 01:21:46", "elapsed": 4198.671188, "delta": 0.004483}}
{"target": -17.677229956619094, "params": {"gamma": 421.386052400475, "log10_alpha": -1.2151653097910757, "log10_colsample_bytree": -0.5324245299935214, "log10_eta": -3.899521674330889, "log10_lambda": -2.844892835825995, "log10_min_child_weight": 3.7864734815799523, "log10_subsample": -0.4931767057444604, "max_depth": 3.0, "num_boost_round": 3.0}, "datetime": {"datetime": "2024-01-19 01:21:46", "elapsed": 4198.676771, "delta": 0.005583}}
{"target": -17.677227749435147, "params": {"gamma": 421.386052400475, "log10_alpha": -1.2151653097910757, "log10_colsample_bytree": -0.5324245299935214, "log10_eta": -3.899521674330889, "log10_lambda": -2.844892835825995, "log10_min_child_weight": 3.7864734815799523, "log10_subsample": -0.4931767057444604, "max_depth": 3.0, "num_boost_round": 4.0}, "datetime": {"datetime": "2024-01-19 01:21:46", "elapsed": 4198.681285, "delta": 0.004514}}
{"target": -17.677230594820582, "params": {"gamma": 421.386052400475, "log10_alpha": -1.2151653097910757, "log10_colsample_bytree": -0.5324245299935214, "log10_eta": -3.899521674330889, "log10_lambda": -2.844892835825995, "log10_min_child_weight": 3.7864734815799523, "log10_subsample": -0.4931767057444604, "max_depth": 3.0, "num_boost_round": 5.0}, "datetime": {"datetime": "2024-01-19 01:21:46", "elapsed": 4198.685696, "delta": 0.004411}}
{"target": -17.677229214704926, "params": {"gamma": 421.386052400475, "log10_alpha": -1.2151653097910757, "log10_colsample_bytree": -0.5324245299935214, "log10_eta": -3.899521674330889, "log10_lambda": -2.844892835825995, "log10_min_child_weight": 3.7864734815799523, "log10_subsample": -0.4931767057444604, "max_depth": 3.0, "num_boost_round": 6.0}, "datetime": {"datetime": "2024-01-19 01:21:46", "elapsed": 4198.690134, "delta": 0.004438}}
{"target": -17.67722914314969, "params": {"gamma": 421.386052400475, "log10_alpha": -1.2151653097910757, "log10_colsample_bytree": -0.5324245299935214, "log10_eta": -3.899521674330889, "log10_lambda": -2.844892835825995, "log10_min_child_weight": 3.7864734815799523, "log10_subsample": -0.4931767057444604, "max_depth": 3.0, "num_boost_round": 7.0}, "datetime": {"datetime": "2024-01-19 01:21:46", "elapsed": 4198.6944, "delta": 0.004266}}
{"target": -17.677228571131838, "params": {"gamma": 421.386052400475, "log10_alpha": -1.2151653097910757, "log10_colsample_bytree": -0.5324245299935214, "log10_eta": -3.899521674330889, "log10_lambda": -2.844892835825995, "log10_min_child_weight": 3.7864734815799523, "log10_subsample": -0.4931767057444604, "max_depth": 3.0, "num_boost_round": 8.0}, "datetime": {"datetime": "2024-01-19 01:21:46", "elapsed": 4198.698687, "delta": 0.004287}}
{"target": -17.6772272279792, "params": {"gamma": 421.386052400475, "log10_alpha": -1.2151653097910757, "log10_colsample_bytree": -0.5324245299935214, "log10_eta": -3.899521674330889, "log10_lambda": -2.844892835825995, "log10_min_child_weight": 3.7864734815799523, "log10_subsample": -0.4931767057444604, "max_depth": 3.0, "num_boost_round": 9.0}, "datetime": {"datetime": "2024-01-19 01:21:46", "elapsed": 4198.703111, "delta": 0.004424}}
{"target": -17.677226410319562, "params": {"gamma": 421.386052400475, "log10_alpha": -1.2151653097910757, "log10_colsample_bytree": -0.5324245299935214, "log10_eta": -3.899521674330889, "log10_lambda": -2.844892835825995, "log10_min_child_weight": 3.7864734815799523, "log10_subsample": -0.4931767057444604, "max_depth": 3.0, "num_boost_round": 10.0}, "datetime": {"datetime": "2024-01-19 01:21:46", "elapsed": 4198.707621, "delta": 0.00451}}
{"target": -17.677224332572706, "params": {"gamma": 421.386052400475, "log10_alpha": -1.2151653097910757, "log10_colsample_bytree": -0.5324245299935214, "log10_eta": -3.899521674330889, "log10_lambda": -2.844892835825995, "log10_min_child_weight": 3.7864734815799523, "log10_subsample": -0.4931767057444604, "max_depth": 3.0, "num_boost_round": 11.0}, "datetime": {"datetime": "2024-01-19 01:21:46", "elapsed": 4198.7119, "delta": 0.004279}}
{"target": -17.67722270254927, "params": {"gamma": 421.386052400475, "log10_alpha": -1.2151653097910757, "log10_colsample_bytree": -0.5324245299935214, "log10_eta": -3.899521674330889, "log10_lambda": -2.844892835825995, "log10_min_child_weight": 3.7864734815799523, "log10_subsample": -0.4931767057444604, "max_depth": 3.0, "num_boost_round": 12.0}, "datetime": {"datetime": "2024-01-19 01:21:46", "elapsed": 4198.716214, "delta": 0.004314}}
{"target": -17.677223628099124, "params": {"gamma": 421.386052400475, "log10_alpha": -1.2151653097910757, "log10_colsample_bytree": -0.5324245299935214, "log10_eta": -3.899521674330889, "log10_lambda": -2.844892835825995, "log10_min_child_weight": 3.7864734815799523, "log10_subsample": -0.4931767057444604, "max_depth": 3.0, "num_boost_round": 13.0}, "datetime": {"datetime": "2024-01-19 01:21:46", "elapsed": 4198.720488, "delta": 0.004274}}
{"target": -17.67722237703017, "params": {"gamma": 421.386052400475, "log10_alpha": -1.2151653097910757, "log10_colsample_bytree": -0.5324245299935214, "log10_eta": -3.899521674330889, "log10_lambda": -2.844892835825995, "log10_min_child_weight": 3.7864734815799523, "log10_subsample": -0.4931767057444604, "max_depth": 3.0, "num_boost_round": 14.0}, "datetime": {"datetime": "2024-01-19 01:21:46", "elapsed": 4198.72487, "delta": 0.004382}}
{"target": -17.677219023178242, "params": {"gamma": 421.386052400475, "log10_alpha": -1.2151653097910757, "log10_colsample_bytree": -0.5324245299935214, "log10_eta": -3.899521674330889, "log10_lambda": -2.844892835825995, "log10_min_child_weight": 3.7864734815799523, "log10_subsample": -0.4931767057444604, "max_depth": 3.0, "num_boost_round": 15.0}, "datetime": {"datetime": "2024-01-19 01:21:46", "elapsed": 4198.729218, "delta": 0.004348}}
{"target": -17.677219425418816, "params": {"gamma": 421.386052400475, "log10_alpha": -1.2151653097910757, "log10_colsample_bytree": -0.5324245299935214, "log10_eta": -3.899521674330889, "log10_lambda": -2.844892835825995, "log10_min_child_weight": 3.7864734815799523, "log10_subsample": -0.4931767057444604, "max_depth": 3.0, "num_boost_round": 16.0}, "datetime": {"datetime": "2024-01-19 01:21:46", "elapsed": 4198.73381, "delta": 0.004592}}
{"target": -17.677218440590945, "params": {"gamma": 421.386052400475, "log10_alpha": -1.2151653097910757, "log10_colsample_bytree": -0.5324245299935214, "log10_eta": -3.899521674330889, "log10_lambda": -2.844892835825995, "log10_min_child_weight": 3.7864734815799523, "log10_subsample": -0.4931767057444604, "max_depth": 3.0, "num_boost_round": 17.0}, "datetime": {"datetime": "2024-01-19 01:21:46", "elapsed": 4198.738245, "delta": 0.004435}}
{"target": -17.677217659305963, "params": {"gamma": 421.386052400475, "log10_alpha": -1.2151653097910757, "log10_colsample_bytree": -0.5324245299935214, "log10_eta": -3.899521674330889, "log10_lambda": -2.844892835825995, "log10_min_child_weight": 3.7864734815799523, "log10_subsample": -0.4931767057444604, "max_depth": 3.0, "num_boost_round": 18.0}, "datetime": {"datetime": "2024-01-19 01:21:46", "elapsed": 4198.74259, "delta": 0.004345}}
{"target": -17.67721326551427, "params": {"gamma": 421.386052400475, "log10_alpha": -1.2151653097910757, "log10_colsample_bytree": -0.5324245299935214, "log10_eta": -3.899521674330889, "log10_lambda": -2.844892835825995, "log10_min_child_weight": 3.7864734815799523, "log10_subsample": -0.4931767057444604, "max_depth": 3.0, "num_boost_round": 19.0}, "datetime": {"datetime": "2024-01-19 01:21:46", "elapsed": 4198.747026, "delta": 0.004436}}
{"target": -17.677212921503173, "params": {"gamma": 421.386052400475, "log10_alpha": -1.2151653097910757, "log10_colsample_bytree": -0.5324245299935214, "log10_eta": -3.899521674330889, "log10_lambda": -2.844892835825995, "log10_min_child_weight": 3.7864734815799523, "log10_subsample": -0.4931767057444604, "max_depth": 3.0, "num_boost_round": 20.0}, "datetime": {"datetime": "2024-01-19 01:21:46", "elapsed": 4198.751392, "delta": 0.004366}}
{"target": -17.67721035539186, "params": {"gamma": 421.386052400475, "log10_alpha": -1.2151653097910757, "log10_colsample_bytree": -0.5324245299935214, "log10_eta": -3.899521674330889, "log10_lambda": -2.844892835825995, "log10_min_child_weight": 3.7864734815799523, "log10_subsample": -0.4931767057444604, "max_depth": 3.0, "num_boost_round": 21.0}, "datetime": {"datetime": "2024-01-19 01:21:46", "elapsed": 4198.755972, "delta": 0.00458}}
