{"target": -13.758534864684158, "params": {"gamma": 124.41087985187681, "log10_alpha": 0.6270827255858871, "log10_colsample_bytree": -0.943339431310408, "log10_eta": -3.987197809350547, "log10_lambda": -2.3873398934372916, "log10_min_child_weight": 4.679592597790532, "log10_subsample": -0.662423410296546, "max_depth": 7.0, "num_boost_round": 16.0}, "datetime": {"datetime": "2024-01-19 01:04:51", "elapsed": 3199.148865, "delta": 0.003191}}
{"target": -13.75853445128513, "params": {"gamma": 124.41087985187681, "log10_alpha": 0.6270827255858871, "log10_colsample_bytree": -0.943339431310408, "log10_eta": -3.987197809350547, "log10_lambda": -2.3873398934372916, "log10_min_child_weight": 4.679592597790532, "log10_subsample": -0.662423410296546, "max_depth": 7.0, "num_boost_round": 17.0}, "datetime": {"datetime": "2024-01-19 01:04:51", "elapsed": 3199.152083, "delta": 0.003218}}
{"target": -13.758534124267856, "params": {"gamma": 124.41087985187681, "log10_alpha": 0.6270827255858871, "log10_colsample_bytree": -0.943339431310408, "log10_eta": -3.987197809350547, "log10_lambda": -2.3873398934372916, "log10_min_child_weight": 4.679592597790532, "log10_subsample": -0.662423410296546, "max_depth": 7.0, "num_boost_round": 18.0}, "datetime": {"datetime": "2024-01-19 01:04:51", "elapsed": 3199.155262, "delta": 0.003179}}
{"target": -13.758533604851081, "params": {"gamma": 124.41087985187681, "log10_alpha": 0.6270827255858871, "log10_colsample_bytree": -0.943339431310408, "log10_eta": -3.987197809350547, "log10_lambda": -2.3873398934372916, "log10_min_child_weight": 4.679592597790532, "log10_subsample": -0.662423410296546, "max_depth": 7.0, "num_boost_round": 19.0}, "datetime": {"datetime": "2024-01-19 01:04:51", "elapsed": 3199.158484, "delta": 0.003222}}
{"target": -13.758533964217088, "params": {"gamma": 124.41087985187681, "log10_alpha": 0.6270827255858871, "log10_colsample_bytree": -0.943339431310408, "log10_eta": -3.987197809350547, "log10_lambda": -2.3873398934372916, "log10_min_child_weight": 4.679592597790532, "log10_subsample": -0.662423410296546, "max_depth": 7.0, "num_boost_round": 20.0}, "datetime": {"datetime": "2024-01-19 01:04:51", "elapsed": 3199.161777, "delta": 0.003293}}
{"target": -13.758533700439857, "params": {"gamma": 124.41087985187681, "log10_alpha": 0.6270827255858871, "log10_colsample_bytree": -0.943339431310408, "log10_eta": -3.987197809350547, "log10_lambda": -2.3873398934372916, "log10_min_child_weight": 4.679592597790532, "log10_subsample": -0.662423410296546, "max_depth": 7.0, "num_boost_round": 21.0}, "datetime": {"datetime": "2024-01-19 01:04:51", "elapsed": 3199.164932, "delta": 0.003155}}
{"target": -13.758534195745014, "params": {"gamma": 124.41087985187681, "log10_alpha": 0.6270827255858871, "log10_colsample_bytree": -0.943339431310408, "log10_eta": -3.987197809350547, "log10_lambda": -2.3873398934372916, "log10_min_child_weight": 4.679592597790532, "log10_subsample": -0.662423410296546, "max_depth": 7.0, "num_boost_round": 22.0}, "datetime": {"datetime": "2024-01-19 01:04:51", "elapsed": 3199.168541, "delta": 0.003609}}
{"target": -13.75853399106078, "params": {"gamma": 124.41087985187681, "log10_alpha": 0.6270827255858871, "log10_colsample_bytree": -0.943339431310408, "log10_eta": -3.987197809350547, "log10_lambda": -2.3873398934372916, "log10_min_child_weight": 4.679592597790532, "log10_subsample": -0.662423410296546, "max_depth": 7.0, "num_boost_round": 23.0}, "datetime": {"datetime": "2024-01-19 01:04:51", "elapsed": 3199.172629, "delta": 0.004088}}
{"target": -13.75853376054936, "params": {"gamma": 124.41087985187681, "log10_alpha": 0.6270827255858871, "log10_colsample_bytree": -0.943339431310408, "log10_eta": -3.987197809350547, "log10_lambda": -2.3873398934372916, "log10_min_child_weight": 4.679592597790532, "log10_subsample": -0.662423410296546, "max_depth": 7.0, "num_boost_round": 24.0}, "datetime": {"datetime": "2024-01-19 01:04:51", "elapsed": 3199.176044, "delta": 0.003415}}
{"target": -13.758533603286796, "params": {"gamma": 124.41087985187681, "log10_alpha": 0.6270827255858871, "log10_colsample_bytree": -0.943339431310408, "log10_eta": -3.987197809350547, "log10_lambda": -2.3873398934372916, "log10_min_child_weight": 4.679592597790532, "log10_subsample": -0.662423410296546, "max_depth": 7.0, "num_boost_round": 25.0}, "datetime": {"datetime": "2024-01-19 01:04:51", "elapsed": 3199.179453, "delta": 0.003409}}
{"target": -13.758533414267747, "params": {"gamma": 124.41087985187681, "log10_alpha": 0.6270827255858871, "log10_colsample_bytree": -0.943339431310408, "log10_eta": -3.987197809350547, "log10_lambda": -2.3873398934372916, "log10_min_child_weight": 4.679592597790532, "log10_subsample": -0.662423410296546, "max_depth": 7.0, "num_boost_round": 26.0}, "datetime": {"datetime": "2024-01-19 01:04:51", "elapsed": 3199.182733, "delta": 0.00328}}
{"target": -13.758533746782359, "params": {"gamma": 124.41087985187681, "log10_alpha": 0.6270827255858871, "log10_colsample_bytree": -0.943339431310408, "log10_eta": -3.987197809350547, "log10_lambda": -2.3873398934372916, "log10_min_child_weight": 4.679592597790532, "log10_subsample": -0.662423410296546, "max_depth": 7.0, "num_boost_round": 27.0}, "datetime": {"datetime": "2024-01-19 01:04:51", "elapsed": 3199.185978, "delta": 0.003245}}
{"target": -13.75853294247775, "params": {"gamma": 124.41087985187681, "log10_alpha": 0.6270827255858871, "log10_colsample_bytree": -0.943339431310408, "log10_eta": -3.987197809350547, "log10_lambda": -2.3873398934372916, "log10_min_child_weight": 4.679592597790532, "log10_subsample": -0.662423410296546, "max_depth": 7.0, "num_boost_round": 28.0}, "datetime": {"datetime": "2024-01-19 01:04:51", "elapsed": 3199.189228, "delta": 0.00325}}
{"target": -13.758532591864853, "params": {"gamma": 124.41087985187681, "log10_alpha": 0.6270827255858871, "log10_colsample_bytree": -0.943339431310408, "log10_eta": -3.987197809350547, "log10_lambda": -2.3873398934372916, "log10_min_child_weight": 4.679592597790532, "log10_subsample": -0.662423410296546, "max_depth": 7.0, "num_boost_round": 29.0}, "datetime": {"datetime": "2024-01-19 01:04:51", "elapsed": 3199.19254, "delta": 0.003312}}
{"target": -13.758532008214821, "params": {"gamma": 124.41087985187681, "log10_alpha": 0.6270827255858871, "log10_colsample_bytree": -0.943339431310408, "log10_eta": -3.987197809350547, "log10_lambda": -2.3873398934372916, "log10_min_child_weight": 4.679592597790532, "log10_subsample": -0.662423410296546, "max_depth": 7.0, "num_boost_round": 30.0}, "datetime": {"datetime": "2024-01-19 01:04:51", "elapsed": 3199.195807, "delta": 0.003267}}
{"target": -13.758531920985781, "params": {"gamma": 124.41087985187681, "log10_alpha": 0.6270827255858871, "log10_colsample_bytree": -0.943339431310408, "log10_eta": -3.987197809350547, "log10_lambda": -2.3873398934372916, "log10_min_child_weight": 4.679592597790532, "log10_subsample": -0.662423410296546, "max_depth": 7.0, "num_boost_round": 31.0}, "datetime": {"datetime": "2024-01-19 01:04:51", "elapsed": 3199.199044, "delta": 0.003237}}
{"target": -13.758531168657159, "params": {"gamma": 124.41087985187681, "log10_alpha": 0.6270827255858871, "log10_colsample_bytree": -0.943339431310408, "log10_eta": -3.987197809350547, "log10_lambda": -2.3873398934372916, "log10_min_child_weight": 4.679592597790532, "log10_subsample": -0.662423410296546, "max_depth": 7.0, "num_boost_round": 32.0}, "datetime": {"datetime": "2024-01-19 01:04:51", "elapsed": 3199.202336, "delta": 0.003292}}
{"target": -13.758530340704912, "params": {"gamma": 124.41087985187681, "log10_alpha": 0.6270827255858871, "log10_colsample_bytree": -0.943339431310408, "log10_eta": -3.987197809350547, "log10_lambda": -2.3873398934372916, "log10_min_child_weight": 4.679592597790532, "log10_subsample": -0.662423410296546, "max_depth": 7.0, "num_boost_round": 33.0}, "datetime": {"datetime": "2024-01-19 01:04:51", "elapsed": 3199.205527, "delta": 0.003191}}
{"target": -13.758529848472369, "params": {"gamma": 124.41087985187681, "log10_alpha": 0.6270827255858871, "log10_colsample_bytree": -0.943339431310408, "log10_eta": -3.987197809350547, "log10_lambda": -2.3873398934372916, "log10_min_child_weight": 4.679592597790532, "log10_subsample": -0.662423410296546, "max_depth": 7.0, "num_boost_round": 34.0}, "datetime": {"datetime": "2024-01-19 01:04:51", "elapsed": 3199.208724, "delta": 0.003197}}
{"target": -13.758536039142292, "params": {"gamma": 134.32773664219144, "log10_alpha": -1.6286954078072498, "log10_colsample_bytree": -0.11179624795771326, "log10_eta": -3.4429612034912007, "log10_lambda": -0.9397497440969085, "log10_min_child_weight": 1.990037964885898, "log10_subsample": -0.06822748927580768, "max_depth": 4.0, "num_boost_round": 0.0}, "datetime": {"datetime": "2024-01-19 01:05:27", "elapsed": 3235.077538, "delta": 35.868814}}
{"target": -13.758533426041925, "params": {"gamma": 134.32773664219144, "log10_alpha": -1.6286954078072498, "log10_colsample_bytree": -0.11179624795771326, "log10_eta": -3.4429612034912007, "log10_lambda": -0.9397497440969085, "log10_min_child_weight": 1.990037964885898, "log10_subsample": -0.06822748927580768, "max_depth": 4.0, "num_boost_round": 1.0}, "datetime": {"datetime": "2024-01-19 01:05:27", "elapsed": 3235.081957, "delta": 0.004419}}
{"target": -13.758529227725186, "params": {"gamma": 134.32773664219144, "log10_alpha": -1.6286954078072498, "log10_colsample_bytree": -0.11179624795771326, "log10_eta": -3.4429612034912007, "log10_lambda": -0.9397497440969085, "log10_min_child_weight": 1.990037964885898, "log10_subsample": -0.06822748927580768, "max_depth": 4.0, "num_boost_round": 2.0}, "datetime": {"datetime": "2024-01-19 01:05:27", "elapsed": 3235.08536, "delta": 0.003403}}
{"target": -13.758524862965123, "params": {"gamma": 134.32773664219144, "log10_alpha": -1.6286954078072498, "log10_colsample_bytree": -0.11179624795771326, "log10_eta": -3.4429612034912007, "log10_lambda": -0.9397497440969085, "log10_min_child_weight": 1.990037964885898, "log10_subsample": -0.06822748927580768, "max_depth": 4.0, "num_boost_round": 3.0}, "datetime": {"datetime": "2024-01-19 01:05:27", "elapsed": 3235.088694, "delta": 0.003334}}
{"target": -13.758514890216194, "params": {"gamma": 134.32773664219144, "log10_alpha": -1.6286954078072498, "log10_colsample_bytree": -0.11179624795771326, "log10_eta": -3.4429612034912007, "log10_lambda": -0.9397497440969085, "log10_min_child_weight": 1.990037964885898, "log10_subsample": -0.06822748927580768, "max_depth": 4.0, "num_boost_round": 4.0}, "datetime": {"datetime": "2024-01-19 01:05:27", "elapsed": 3235.092081, "delta": 0.003387}}
{"target": -13.758513411674402, "params": {"gamma": 134.32773664219144, "log10_alpha": -1.6286954078072498, "log10_colsample_bytree": -0.11179624795771326, "log10_eta": -3.4429612034912007, "log10_lambda": -0.9397497440969085, "log10_min_child_weight": 1.990037964885898, "log10_subsample": -0.06822748927580768, "max_depth": 4.0, "num_boost_round": 5.0}, "datetime": {"datetime": "2024-01-19 01:05:27", "elapsed": 3235.095304, "delta": 0.003223}}
{"target": -13.758514499638228, "params": {"gamma": 134.32773664219144, "log10_alpha": -1.6286954078072498, "log10_colsample_bytree": -0.11179624795771326, "log10_eta": -3.4429612034912007, "log10_lambda": -0.9397497440969085, "log10_min_child_weight": 1.990037964885898, "log10_subsample": -0.06822748927580768, "max_depth": 4.0, "num_boost_round": 6.0}, "datetime": {"datetime": "2024-01-19 01:05:27", "elapsed": 3235.098561, "delta": 0.003257}}
{"target": -13.75851229115137, "params": {"gamma": 134.32773664219144, "log10_alpha": -1.6286954078072498, "log10_colsample_bytree": -0.11179624795771326, "log10_eta": -3.4429612034912007, "log10_lambda": -0.9397497440969085, "log10_min_child_weight": 1.990037964885898, "log10_subsample": -0.06822748927580768, "max_depth": 4.0, "num_boost_round": 7.0}, "datetime": {"datetime": "2024-01-19 01:05:27", "elapsed": 3235.10195, "delta": 0.003389}}
{"target": -13.7585107991378, "params": {"gamma": 134.32773664219144, "log10_alpha": -1.6286954078072498, "log10_colsample_bytree": -0.11179624795771326, "log10_eta": -3.4429612034912007, "log10_lambda": -0.9397497440969085, "log10_min_child_weight": 1.990037964885898, "log10_subsample": -0.06822748927580768, "max_depth": 4.0, "num_boost_round": 8.0}, "datetime": {"datetime": "2024-01-19 01:05:27", "elapsed": 3235.105232, "delta": 0.003282}}
{"target": -13.758504606370948, "params": {"gamma": 134.32773664219144, "log10_alpha": -1.6286954078072498, "log10_colsample_bytree": -0.11179624795771326, "log10_eta": -3.4429612034912007, "log10_lambda": -0.9397497440969085, "log10_min_child_weight": 1.990037964885898, "log10_subsample": -0.06822748927580768, "max_depth": 4.0, "num_boost_round": 9.0}, "datetime": {"datetime": "2024-01-19 01:05:27", "elapsed": 3235.108436, "delta": 0.003204}}
{"target": -13.758502507862922, "params": {"gamma": 134.32773664219144, "log10_alpha": -1.6286954078072498, "log10_colsample_bytree": -0.11179624795771326, "log10_eta": -3.4429612034912007, "log10_lambda": -0.9397497440969085, "log10_min_child_weight": 1.990037964885898, "log10_subsample": -0.06822748927580768, "max_depth": 4.0, "num_boost_round": 10.0}, "datetime": {"datetime": "2024-01-19 01:05:27", "elapsed": 3235.111629, "delta": 0.003193}}
{"target": -13.758497429581459, "params": {"gamma": 134.32773664219144, "log10_alpha": -1.6286954078072498, "log10_colsample_bytree": -0.11179624795771326, "log10_eta": -3.4429612034912007, "log10_lambda": -0.9397497440969085, "log10_min_child_weight": 1.990037964885898, "log10_subsample": -0.06822748927580768, "max_depth": 4.0, "num_boost_round": 11.0}, "datetime": {"datetime": "2024-01-19 01:05:27", "elapsed": 3235.114877, "delta": 0.003248}}
{"target": -13.75849134587123, "params": {"gamma": 134.32773664219144, "log10_alpha": -1.6286954078072498, "log10_colsample_bytree": -0.11179624795771326, "log10_eta": -3.4429612034912007, "log10_lambda": -0.9397497440969085, "log10_min_child_weight": 1.990037964885898, "log10_subsample": -0.06822748927580768, "max_depth": 4.0, "num_boost_round": 12.0}, "datetime": {"datetime": "2024-01-19 01:05:27", "elapsed": 3235.118197, "delta": 0.00332}}
{"target": -13.758491278795935, "params": {"gamma": 134.32773664219144, "log10_alpha": -1.6286954078072498, "log10_colsample_bytree": -0.11179624795771326, "log10_eta": -3.4429612034912007, "log10_lambda": -0.9397497440969085, "log10_min_child_weight": 1.990037964885898, "log10_subsample": -0.06822748927580768, "max_depth": 4.0, "num_boost_round": 13.0}, "datetime": {"datetime": "2024-01-19 01:05:27", "elapsed": 3235.121491, "delta": 0.003294}}
{"target": -13.758490812929915, "params": {"gamma": 134.32773664219144, "log10_alpha": -1.6286954078072498, "log10_colsample_bytree": -0.11179624795771326, "log10_eta": -3.4429612034912007, "log10_lambda": -0.9397497440969085, "log10_min_child_weight": 1.990037964885898, "log10_subsample": -0.06822748927580768, "max_depth": 4.0, "num_boost_round": 14.0}, "datetime": {"datetime": "2024-01-19 01:05:27", "elapsed": 3235.124742, "delta": 0.003251}}
{"target": -13.758487659758455, "params": {"gamma": 134.32773664219144, "log10_alpha": -1.6286954078072498, "log10_colsample_bytree": -0.11179624795771326, "log10_eta": -3.4429612034912007, "log10_lambda": -0.9397497440969085, "log10_min_child_weight": 1.990037964885898, "log10_subsample": -0.06822748927580768, "max_depth": 4.0, "num_boost_round": 15.0}, "datetime": {"datetime": "2024-01-19 01:05:27", "elapsed": 3235.127935, "delta": 0.003193}}
{"target": -13.758478914498843, "params": {"gamma": 134.32773664219144, "log10_alpha": -1.6286954078072498, "log10_colsample_bytree": -0.11179624795771326, "log10_eta": -3.4429612034912007, "log10_lambda": -0.9397497440969085, "log10_min_child_weight": 1.990037964885898, "log10_subsample": -0.06822748927580768, "max_depth": 4.0, "num_boost_round": 16.0}, "datetime": {"datetime": "2024-01-19 01:05:27", "elapsed": 3235.131114, "delta": 0.003179}}
{"target": -13.758479258050464, "params": {"gamma": 134.32773664219144, "log10_alpha": -1.6286954078072498, "log10_colsample_bytree": -0.11179624795771326, "log10_eta": -3.4429612034912007, "log10_lambda": -0.9397497440969085, "log10_min_child_weight": 1.990037964885898, "log10_subsample": -0.06822748927580768, "max_depth": 4.0, "num_boost_round": 17.0}, "datetime": {"datetime": "2024-01-19 01:05:27", "elapsed": 3235.134345, "delta": 0.003231}}
{"target": -13.758475500585961, "params": {"gamma": 134.32773664219144, "log10_alpha": -1.6286954078072498, "log10_colsample_bytree": -0.11179624795771326, "log10_eta": -3.4429612034912007, "log10_lambda": -0.9397497440969085, "log10_min_child_weight": 1.990037964885898, "log10_subsample": -0.06822748927580768, "max_depth": 4.0, "num_boost_round": 18.0}, "datetime": {"datetime": "2024-01-19 01:05:27", "elapsed": 3235.137643, "delta": 0.003298}}
{"target": -13.758467371119778, "params": {"gamma": 134.32773664219144, "log10_alpha": -1.6286954078072498, "log10_colsample_bytree": -0.11179624795771326, "log10_eta": -3.4429612034912007, "log10_lambda": -0.9397497440969085, "log10_min_child_weight": 1.990037964885898, "log10_subsample": -0.06822748927580768, "max_depth": 4.0, "num_boost_round": 19.0}, "datetime": {"datetime": "2024-01-19 01:05:27", "elapsed": 3235.141124, "delta": 0.003481}}
{"target": -13.758465858291022, "params": {"gamma": 134.32773664219144, "log10_alpha": -1.6286954078072498, "log10_colsample_bytree": -0.11179624795771326, "log10_eta": -3.4429612034912007, "log10_lambda": -0.9397497440969085, "log10_min_child_weight": 1.990037964885898, "log10_subsample": -0.06822748927580768, "max_depth": 4.0, "num_boost_round": 20.0}, "datetime": {"datetime": "2024-01-19 01:05:27", "elapsed": 3235.14458, "delta": 0.003456}}
{"target": -13.758456844457989, "params": {"gamma": 134.32773664219144, "log10_alpha": -1.6286954078072498, "log10_colsample_bytree": -0.11179624795771326, "log10_eta": -3.4429612034912007, "log10_lambda": -0.9397497440969085, "log10_min_child_weight": 1.990037964885898, "log10_subsample": -0.06822748927580768, "max_depth": 4.0, "num_boost_round": 21.0}, "datetime": {"datetime": "2024-01-19 01:05:27", "elapsed": 3235.147929, "delta": 0.003349}}
{"target": -13.758450619126556, "params": {"gamma": 134.32773664219144, "log10_alpha": -1.6286954078072498, "log10_colsample_bytree": -0.11179624795771326, "log10_eta": -3.4429612034912007, "log10_lambda": -0.9397497440969085, "log10_min_child_weight": 1.990037964885898, "log10_subsample": -0.06822748927580768, "max_depth": 4.0, "num_boost_round": 22.0}, "datetime": {"datetime": "2024-01-19 01:05:27", "elapsed": 3235.151221, "delta": 0.003292}}
{"target": -13.75844772002384, "params": {"gamma": 134.32773664219144, "log10_alpha": -1.6286954078072498, "log10_colsample_bytree": -0.11179624795771326, "log10_eta": -3.4429612034912007, "log10_lambda": -0.9397497440969085, "log10_min_child_weight": 1.990037964885898, "log10_subsample": -0.06822748927580768, "max_depth": 4.0, "num_boost_round": 23.0}, "datetime": {"datetime": "2024-01-19 01:05:27", "elapsed": 3235.154412, "delta": 0.003191}}
{"target": -13.758445949243505, "params": {"gamma": 134.32773664219144, "log10_alpha": -1.6286954078072498, "log10_colsample_bytree": -0.11179624795771326, "log10_eta": -3.4429612034912007, "log10_lambda": -0.9397497440969085, "log10_min_child_weight": 1.990037964885898, "log10_subsample": -0.06822748927580768, "max_depth": 4.0, "num_boost_round": 24.0}, "datetime": {"datetime": "2024-01-19 01:05:27", "elapsed": 3235.286113, "delta": 0.131701}}
{"target": -13.758439833157635, "params": {"gamma": 134.32773664219144, "log10_alpha": -1.6286954078072498, "log10_colsample_bytree": -0.11179624795771326, "log10_eta": -3.4429612034912007, "log10_lambda": -0.9397497440969085, "log10_min_child_weight": 1.990037964885898, "log10_subsample": -0.06822748927580768, "max_depth": 4.0, "num_boost_round": 25.0}, "datetime": {"datetime": "2024-01-19 01:05:27", "elapsed": 3235.290336, "delta": 0.004223}}
{"target": -13.758435116117518, "params": {"gamma": 134.32773664219144, "log10_alpha": -1.6286954078072498, "log10_colsample_bytree": -0.11179624795771326, "log10_eta": -3.4429612034912007, "log10_lambda": -0.9397497440969085, "log10_min_child_weight": 1.990037964885898, "log10_subsample": -0.06822748927580768, "max_depth": 4.0, "num_boost_round": 26.0}, "datetime": {"datetime": "2024-01-19 01:05:27", "elapsed": 3235.294277, "delta": 0.003941}}
{"target": -13.758428353973223, "params": {"gamma": 134.32773664219144, "log10_alpha": -1.6286954078072498, "log10_colsample_bytree": -0.11179624795771326, "log10_eta": -3.4429612034912007, "log10_lambda": -0.9397497440969085, "log10_min_child_weight": 1.990037964885898, "log10_subsample": -0.06822748927580768, "max_depth": 4.0, "num_boost_round": 27.0}, "datetime": {"datetime": "2024-01-19 01:05:27", "elapsed": 3235.297738, "delta": 0.003461}}
{"target": -13.758421716512995, "params": {"gamma": 134.32773664219144, "log10_alpha": -1.6286954078072498, "log10_colsample_bytree": -0.11179624795771326, "log10_eta": -3.4429612034912007, "log10_lambda": -0.9397497440969085, "log10_min_child_weight": 1.990037964885898, "log10_subsample": -0.06822748927580768, "max_depth": 4.0, "num_boost_round": 28.0}, "datetime": {"datetime": "2024-01-19 01:05:27", "elapsed": 3235.301313, "delta": 0.003575}}
{"target": -13.75841977842022, "params": {"gamma": 134.32773664219144, "log10_alpha": -1.6286954078072498, "log10_colsample_bytree": -0.11179624795771326, "log10_eta": -3.4429612034912007, "log10_lambda": -0.9397497440969085, "log10_min_child_weight": 1.990037964885898, "log10_subsample": -0.06822748927580768, "max_depth": 4.0, "num_boost_round": 29.0}, "datetime": {"datetime": "2024-01-19 01:05:27", "elapsed": 3235.304825, "delta": 0.003512}}
