{"target": -17.67711152719902, "params": {"gamma": 841.9345053607691, "log10_alpha": -1.3255007921062716, "log10_colsample_bytree": -0.7410409951313179, "log10_eta": -3.56783124553782, "log10_lambda": 0.8167349665949448, "log10_min_child_weight": 4.316712440189071, "log10_subsample": -0.2073518555242405, "max_depth": 9.0, "num_boost_round": 59.0}, "datetime": {"datetime": "2024-01-19 00:56:15", "elapsed": 2660.405299, "delta": 0.003818}}
{"target": -17.677110318994142, "params": {"gamma": 841.9345053607691, "log10_alpha": -1.3255007921062716, "log10_colsample_bytree": -0.7410409951313179, "log10_eta": -3.56783124553782, "log10_lambda": 0.8167349665949448, "log10_min_child_weight": 4.316712440189071, "log10_subsample": -0.2073518555242405, "max_depth": 9.0, "num_boost_round": 60.0}, "datetime": {"datetime": "2024-01-19 00:56:15", "elapsed": 2660.409136, "delta": 0.003837}}
{"target": -17.67710871031636, "params": {"gamma": 841.9345053607691, "log10_alpha": -1.3255007921062716, "log10_colsample_bytree": -0.7410409951313179, "log10_eta": -3.56783124553782, "log10_lambda": 0.8167349665949448, "log10_min_child_weight": 4.316712440189071, "log10_subsample": -0.2073518555242405, "max_depth": 9.0, "num_boost_round": 61.0}, "datetime": {"datetime": "2024-01-19 00:56:15", "elapsed": 2660.412771, "delta": 0.003635}}
{"target": -17.677100241855964, "params": {"gamma": 841.9345053607691, "log10_alpha": -1.3255007921062716, "log10_colsample_bytree": -0.7410409951313179, "log10_eta": -3.56783124553782, "log10_lambda": 0.8167349665949448, "log10_min_child_weight": 4.316712440189071, "log10_subsample": -0.2073518555242405, "max_depth": 9.0, "num_boost_round": 62.0}, "datetime": {"datetime": "2024-01-19 00:56:15", "elapsed": 2660.41625, "delta": 0.003479}}
{"target": -17.677093268366825, "params": {"gamma": 841.9345053607691, "log10_alpha": -1.3255007921062716, "log10_colsample_bytree": -0.7410409951313179, "log10_eta": -3.56783124553782, "log10_lambda": 0.8167349665949448, "log10_min_child_weight": 4.316712440189071, "log10_subsample": -0.2073518555242405, "max_depth": 9.0, "num_boost_round": 63.0}, "datetime": {"datetime": "2024-01-19 00:56:15", "elapsed": 2660.419795, "delta": 0.003545}}
{"target": -17.67709604570752, "params": {"gamma": 841.9345053607691, "log10_alpha": -1.3255007921062716, "log10_colsample_bytree": -0.7410409951313179, "log10_eta": -3.56783124553782, "log10_lambda": 0.8167349665949448, "log10_min_child_weight": 4.316712440189071, "log10_subsample": -0.2073518555242405, "max_depth": 9.0, "num_boost_round": 64.0}, "datetime": {"datetime": "2024-01-19 00:56:15", "elapsed": 2660.423369, "delta": 0.003574}}
{"target": -17.677097072365704, "params": {"gamma": 841.9345053607691, "log10_alpha": -1.3255007921062716, "log10_colsample_bytree": -0.7410409951313179, "log10_eta": -3.56783124553782, "log10_lambda": 0.8167349665949448, "log10_min_child_weight": 4.316712440189071, "log10_subsample": -0.2073518555242405, "max_depth": 9.0, "num_boost_round": 65.0}, "datetime": {"datetime": "2024-01-19 00:56:15", "elapsed": 2660.426922, "delta": 0.003553}}
{"target": -17.67708936864411, "params": {"gamma": 841.9345053607691, "log10_alpha": -1.3255007921062716, "log10_colsample_bytree": -0.7410409951313179, "log10_eta": -3.56783124553782, "log10_lambda": 0.8167349665949448, "log10_min_child_weight": 4.316712440189071, "log10_subsample": -0.2073518555242405, "max_depth": 9.0, "num_boost_round": 66.0}, "datetime": {"datetime": "2024-01-19 00:56:15", "elapsed": 2660.430473, "delta": 0.003551}}
{"target": -17.677082164917554, "params": {"gamma": 841.9345053607691, "log10_alpha": -1.3255007921062716, "log10_colsample_bytree": -0.7410409951313179, "log10_eta": -3.56783124553782, "log10_lambda": 0.8167349665949448, "log10_min_child_weight": 4.316712440189071, "log10_subsample": -0.2073518555242405, "max_depth": 9.0, "num_boost_round": 67.0}, "datetime": {"datetime": "2024-01-19 00:56:15", "elapsed": 2660.434018, "delta": 0.003545}}
{"target": -17.67708195531565, "params": {"gamma": 841.9345053607691, "log10_alpha": -1.3255007921062716, "log10_colsample_bytree": -0.7410409951313179, "log10_eta": -3.56783124553782, "log10_lambda": 0.8167349665949448, "log10_min_child_weight": 4.316712440189071, "log10_subsample": -0.2073518555242405, "max_depth": 9.0, "num_boost_round": 68.0}, "datetime": {"datetime": "2024-01-19 00:56:15", "elapsed": 2660.437475, "delta": 0.003457}}
{"target": -17.6770822170303, "params": {"gamma": 841.9345053607691, "log10_alpha": -1.3255007921062716, "log10_colsample_bytree": -0.7410409951313179, "log10_eta": -3.56783124553782, "log10_lambda": 0.8167349665949448, "log10_min_child_weight": 4.316712440189071, "log10_subsample": -0.2073518555242405, "max_depth": 9.0, "num_boost_round": 69.0}, "datetime": {"datetime": "2024-01-19 00:56:15", "elapsed": 2660.441027, "delta": 0.003552}}
{"target": -17.677074817118488, "params": {"gamma": 841.9345053607691, "log10_alpha": -1.3255007921062716, "log10_colsample_bytree": -0.7410409951313179, "log10_eta": -3.56783124553782, "log10_lambda": 0.8167349665949448, "log10_min_child_weight": 4.316712440189071, "log10_subsample": -0.2073518555242405, "max_depth": 9.0, "num_boost_round": 70.0}, "datetime": {"datetime": "2024-01-19 00:56:16", "elapsed": 2660.563555, "delta": 0.122528}}
{"target": -17.677071332191453, "params": {"gamma": 841.9345053607691, "log10_alpha": -1.3255007921062716, "log10_colsample_bytree": -0.7410409951313179, "log10_eta": -3.56783124553782, "log10_lambda": 0.8167349665949448, "log10_min_child_weight": 4.316712440189071, "log10_subsample": -0.2073518555242405, "max_depth": 9.0, "num_boost_round": 71.0}, "datetime": {"datetime": "2024-01-19 00:56:16", "elapsed": 2660.567951, "delta": 0.004396}}
{"target": -17.67707350525329, "params": {"gamma": 841.9345053607691, "log10_alpha": -1.3255007921062716, "log10_colsample_bytree": -0.7410409951313179, "log10_eta": -3.56783124553782, "log10_lambda": 0.8167349665949448, "log10_min_child_weight": 4.316712440189071, "log10_subsample": -0.2073518555242405, "max_depth": 9.0, "num_boost_round": 72.0}, "datetime": {"datetime": "2024-01-19 00:56:16", "elapsed": 2660.571842, "delta": 0.003891}}
{"target": -17.67706799929116, "params": {"gamma": 841.9345053607691, "log10_alpha": -1.3255007921062716, "log10_colsample_bytree": -0.7410409951313179, "log10_eta": -3.56783124553782, "log10_lambda": 0.8167349665949448, "log10_min_child_weight": 4.316712440189071, "log10_subsample": -0.2073518555242405, "max_depth": 9.0, "num_boost_round": 73.0}, "datetime": {"datetime": "2024-01-19 00:56:16", "elapsed": 2660.57591, "delta": 0.004068}}
{"target": -17.677061498354753, "params": {"gamma": 841.9345053607691, "log10_alpha": -1.3255007921062716, "log10_colsample_bytree": -0.7410409951313179, "log10_eta": -3.56783124553782, "log10_lambda": 0.8167349665949448, "log10_min_child_weight": 4.316712440189071, "log10_subsample": -0.2073518555242405, "max_depth": 9.0, "num_boost_round": 74.0}, "datetime": {"datetime": "2024-01-19 00:56:16", "elapsed": 2660.579724, "delta": 0.003814}}
{"target": -17.677063045581907, "params": {"gamma": 841.9345053607691, "log10_alpha": -1.3255007921062716, "log10_colsample_bytree": -0.7410409951313179, "log10_eta": -3.56783124553782, "log10_lambda": 0.8167349665949448, "log10_min_child_weight": 4.316712440189071, "log10_subsample": -0.2073518555242405, "max_depth": 9.0, "num_boost_round": 75.0}, "datetime": {"datetime": "2024-01-19 00:56:16", "elapsed": 2660.583743, "delta": 0.004019}}
{"target": -17.677062042912322, "params": {"gamma": 841.9345053607691, "log10_alpha": -1.3255007921062716, "log10_colsample_bytree": -0.7410409951313179, "log10_eta": -3.56783124553782, "log10_lambda": 0.8167349665949448, "log10_min_child_weight": 4.316712440189071, "log10_subsample": -0.2073518555242405, "max_depth": 9.0, "num_boost_round": 76.0}, "datetime": {"datetime": "2024-01-19 00:56:16", "elapsed": 2660.587613, "delta": 0.00387}}
{"target": -17.677057951259275, "params": {"gamma": 841.9345053607691, "log10_alpha": -1.3255007921062716, "log10_colsample_bytree": -0.7410409951313179, "log10_eta": -3.56783124553782, "log10_lambda": 0.8167349665949448, "log10_min_child_weight": 4.316712440189071, "log10_subsample": -0.2073518555242405, "max_depth": 9.0, "num_boost_round": 77.0}, "datetime": {"datetime": "2024-01-19 00:56:16", "elapsed": 2660.592566, "delta": 0.004953}}
{"target": -17.677053361563182, "params": {"gamma": 841.9345053607691, "log10_alpha": -1.3255007921062716, "log10_colsample_bytree": -0.7410409951313179, "log10_eta": -3.56783124553782, "log10_lambda": 0.8167349665949448, "log10_min_child_weight": 4.316712440189071, "log10_subsample": -0.2073518555242405, "max_depth": 9.0, "num_boost_round": 78.0}, "datetime": {"datetime": "2024-01-19 00:56:16", "elapsed": 2660.596901, "delta": 0.004335}}
{"target": -17.677044918286892, "params": {"gamma": 841.9345053607691, "log10_alpha": -1.3255007921062716, "log10_colsample_bytree": -0.7410409951313179, "log10_eta": -3.56783124553782, "log10_lambda": 0.8167349665949448, "log10_min_child_weight": 4.316712440189071, "log10_subsample": -0.2073518555242405, "max_depth": 9.0, "num_boost_round": 79.0}, "datetime": {"datetime": "2024-01-19 00:56:16", "elapsed": 2660.6014, "delta": 0.004499}}
{"target": -17.677036714545718, "params": {"gamma": 841.9345053607691, "log10_alpha": -1.3255007921062716, "log10_colsample_bytree": -0.7410409951313179, "log10_eta": -3.56783124553782, "log10_lambda": 0.8167349665949448, "log10_min_child_weight": 4.316712440189071, "log10_subsample": -0.2073518555242405, "max_depth": 9.0, "num_boost_round": 80.0}, "datetime": {"datetime": "2024-01-19 00:56:16", "elapsed": 2660.605655, "delta": 0.004255}}
{"target": -17.677030330371494, "params": {"gamma": 841.9345053607691, "log10_alpha": -1.3255007921062716, "log10_colsample_bytree": -0.7410409951313179, "log10_eta": -3.56783124553782, "log10_lambda": 0.8167349665949448, "log10_min_child_weight": 4.316712440189071, "log10_subsample": -0.2073518555242405, "max_depth": 9.0, "num_boost_round": 81.0}, "datetime": {"datetime": "2024-01-19 00:56:16", "elapsed": 2660.610202, "delta": 0.004547}}
{"target": -17.677030187249912, "params": {"gamma": 841.9345053607691, "log10_alpha": -1.3255007921062716, "log10_colsample_bytree": -0.7410409951313179, "log10_eta": -3.56783124553782, "log10_lambda": 0.8167349665949448, "log10_min_child_weight": 4.316712440189071, "log10_subsample": -0.2073518555242405, "max_depth": 9.0, "num_boost_round": 82.0}, "datetime": {"datetime": "2024-01-19 00:56:16", "elapsed": 2660.614153, "delta": 0.003951}}
{"target": -17.677025456559658, "params": {"gamma": 841.9345053607691, "log10_alpha": -1.3255007921062716, "log10_colsample_bytree": -0.7410409951313179, "log10_eta": -3.56783124553782, "log10_lambda": 0.8167349665949448, "log10_min_child_weight": 4.316712440189071, "log10_subsample": -0.2073518555242405, "max_depth": 9.0, "num_boost_round": 83.0}, "datetime": {"datetime": "2024-01-19 00:56:16", "elapsed": 2660.618202, "delta": 0.004049}}
{"target": -17.677026003681167, "params": {"gamma": 841.9345053607691, "log10_alpha": -1.3255007921062716, "log10_colsample_bytree": -0.7410409951313179, "log10_eta": -3.56783124553782, "log10_lambda": 0.8167349665949448, "log10_min_child_weight": 4.316712440189071, "log10_subsample": -0.2073518555242405, "max_depth": 9.0, "num_boost_round": 84.0}, "datetime": {"datetime": "2024-01-19 00:56:16", "elapsed": 2660.622117, "delta": 0.003915}}
{"target": -17.677018490417698, "params": {"gamma": 841.9345053607691, "log10_alpha": -1.3255007921062716, "log10_colsample_bytree": -0.7410409951313179, "log10_eta": -3.56783124553782, "log10_lambda": 0.8167349665949448, "log10_min_child_weight": 4.316712440189071, "log10_subsample": -0.2073518555242405, "max_depth": 9.0, "num_boost_round": 85.0}, "datetime": {"datetime": "2024-01-19 00:56:16", "elapsed": 2660.626064, "delta": 0.003947}}
{"target": -17.67702269237675, "params": {"gamma": 841.9345053607691, "log10_alpha": -1.3255007921062716, "log10_colsample_bytree": -0.7410409951313179, "log10_eta": -3.56783124553782, "log10_lambda": 0.8167349665949448, "log10_min_child_weight": 4.316712440189071, "log10_subsample": -0.2073518555242405, "max_depth": 9.0, "num_boost_round": 86.0}, "datetime": {"datetime": "2024-01-19 00:56:16", "elapsed": 2660.629985, "delta": 0.003921}}
{"target": -17.677021690776204, "params": {"gamma": 841.9345053607691, "log10_alpha": -1.3255007921062716, "log10_colsample_bytree": -0.7410409951313179, "log10_eta": -3.56783124553782, "log10_lambda": 0.8167349665949448, "log10_min_child_weight": 4.316712440189071, "log10_subsample": -0.2073518555242405, "max_depth": 9.0, "num_boost_round": 87.0}, "datetime": {"datetime": "2024-01-19 00:56:16", "elapsed": 2660.633746, "delta": 0.003761}}
{"target": -17.677025921719956, "params": {"gamma": 841.9345053607691, "log10_alpha": -1.3255007921062716, "log10_colsample_bytree": -0.7410409951313179, "log10_eta": -3.56783124553782, "log10_lambda": 0.8167349665949448, "log10_min_child_weight": 4.316712440189071, "log10_subsample": -0.2073518555242405, "max_depth": 9.0, "num_boost_round": 88.0}, "datetime": {"datetime": "2024-01-19 00:56:16", "elapsed": 2660.637611, "delta": 0.003865}}
{"target": -17.677027772619546, "params": {"gamma": 841.9345053607691, "log10_alpha": -1.3255007921062716, "log10_colsample_bytree": -0.7410409951313179, "log10_eta": -3.56783124553782, "log10_lambda": 0.8167349665949448, "log10_min_child_weight": 4.316712440189071, "log10_subsample": -0.2073518555242405, "max_depth": 9.0, "num_boost_round": 89.0}, "datetime": {"datetime": "2024-01-19 00:56:16", "elapsed": 2660.641512, "delta": 0.003901}}
{"target": -17.677029717511438, "params": {"gamma": 841.9345053607691, "log10_alpha": -1.3255007921062716, "log10_colsample_bytree": -0.7410409951313179, "log10_eta": -3.56783124553782, "log10_lambda": 0.8167349665949448, "log10_min_child_weight": 4.316712440189071, "log10_subsample": -0.2073518555242405, "max_depth": 9.0, "num_boost_round": 90.0}, "datetime": {"datetime": "2024-01-19 00:56:16", "elapsed": 2660.645327, "delta": 0.003815}}
{"target": -17.677024982406174, "params": {"gamma": 841.9345053607691, "log10_alpha": -1.3255007921062716, "log10_colsample_bytree": -0.7410409951313179, "log10_eta": -3.56783124553782, "log10_lambda": 0.8167349665949448, "log10_min_child_weight": 4.316712440189071, "log10_subsample": -0.2073518555242405, "max_depth": 9.0, "num_boost_round": 91.0}, "datetime": {"datetime": "2024-01-19 00:56:16", "elapsed": 2660.64906, "delta": 0.003733}}
{"target": -17.67701754874042, "params": {"gamma": 841.9345053607691, "log10_alpha": -1.3255007921062716, "log10_colsample_bytree": -0.7410409951313179, "log10_eta": -3.56783124553782, "log10_lambda": 0.8167349665949448, "log10_min_child_weight": 4.316712440189071, "log10_subsample": -0.2073518555242405, "max_depth": 9.0, "num_boost_round": 92.0}, "datetime": {"datetime": "2024-01-19 00:56:16", "elapsed": 2660.652903, "delta": 0.003843}}
{"target": -17.677012474808222, "params": {"gamma": 841.9345053607691, "log10_alpha": -1.3255007921062716, "log10_colsample_bytree": -0.7410409951313179, "log10_eta": -3.56783124553782, "log10_lambda": 0.8167349665949448, "log10_min_child_weight": 4.316712440189071, "log10_subsample": -0.2073518555242405, "max_depth": 9.0, "num_boost_round": 93.0}, "datetime": {"datetime": "2024-01-19 00:56:16", "elapsed": 2660.656648, "delta": 0.003745}}
{"target": -17.677008210584443, "params": {"gamma": 841.9345053607691, "log10_alpha": -1.3255007921062716, "log10_colsample_bytree": -0.7410409951313179, "log10_eta": -3.56783124553782, "log10_lambda": 0.8167349665949448, "log10_min_child_weight": 4.316712440189071, "log10_subsample": -0.2073518555242405, "max_depth": 9.0, "num_boost_round": 94.0}, "datetime": {"datetime": "2024-01-19 00:56:16", "elapsed": 2660.660602, "delta": 0.003954}}
{"target": -17.67700215159354, "params": {"gamma": 841.9345053607691, "log10_alpha": -1.3255007921062716, "log10_colsample_bytree": -0.7410409951313179, "log10_eta": -3.56783124553782, "log10_lambda": 0.8167349665949448, "log10_min_child_weight": 4.316712440189071, "log10_subsample": -0.2073518555242405, "max_depth": 9.0, "num_boost_round": 95.0}, "datetime": {"datetime": "2024-01-19 00:56:16", "elapsed": 2660.664401, "delta": 0.003799}}
{"target": -17.677000159667102, "params": {"gamma": 841.9345053607691, "log10_alpha": -1.3255007921062716, "log10_colsample_bytree": -0.7410409951313179, "log10_eta": -3.56783124553782, "log10_lambda": 0.8167349665949448, "log10_min_child_weight": 4.316712440189071, "log10_subsample": -0.2073518555242405, "max_depth": 9.0, "num_boost_round": 96.0}, "datetime": {"datetime": "2024-01-19 00:56:16", "elapsed": 2660.668349, "delta": 0.003948}}
{"target": -17.677001136723266, "params": {"gamma": 841.9345053607691, "log10_alpha": -1.3255007921062716, "log10_colsample_bytree": -0.7410409951313179, "log10_eta": -3.56783124553782, "log10_lambda": 0.8167349665949448, "log10_min_child_weight": 4.316712440189071, "log10_subsample": -0.2073518555242405, "max_depth": 9.0, "num_boost_round": 97.0}, "datetime": {"datetime": "2024-01-19 00:56:16", "elapsed": 2660.672207, "delta": 0.003858}}
{"target": -17.6770002732508, "params": {"gamma": 841.9345053607691, "log10_alpha": -1.3255007921062716, "log10_colsample_bytree": -0.7410409951313179, "log10_eta": -3.56783124553782, "log10_lambda": 0.8167349665949448, "log10_min_child_weight": 4.316712440189071, "log10_subsample": -0.2073518555242405, "max_depth": 9.0, "num_boost_round": 98.0}, "datetime": {"datetime": "2024-01-19 00:56:16", "elapsed": 2660.675968, "delta": 0.003761}}
{"target": -17.677000258552198, "params": {"gamma": 841.9345053607691, "log10_alpha": -1.3255007921062716, "log10_colsample_bytree": -0.7410409951313179, "log10_eta": -3.56783124553782, "log10_lambda": 0.8167349665949448, "log10_min_child_weight": 4.316712440189071, "log10_subsample": -0.2073518555242405, "max_depth": 9.0, "num_boost_round": 99.0}, "datetime": {"datetime": "2024-01-19 00:56:16", "elapsed": 2660.679803, "delta": 0.003835}}
{"target": -17.67699706230526, "params": {"gamma": 841.9345053607691, "log10_alpha": -1.3255007921062716, "log10_colsample_bytree": -0.7410409951313179, "log10_eta": -3.56783124553782, "log10_lambda": 0.8167349665949448, "log10_min_child_weight": 4.316712440189071, "log10_subsample": -0.2073518555242405, "max_depth": 9.0, "num_boost_round": 100.0}, "datetime": {"datetime": "2024-01-19 00:56:16", "elapsed": 2660.683524, "delta": 0.003721}}
{"target": -17.676993759920915, "params": {"gamma": 841.9345053607691, "log10_alpha": -1.3255007921062716, "log10_colsample_bytree": -0.7410409951313179, "log10_eta": -3.56783124553782, "log10_lambda": 0.8167349665949448, "log10_min_child_weight": 4.316712440189071, "log10_subsample": -0.2073518555242405, "max_depth": 9.0, "num_boost_round": 101.0}, "datetime": {"datetime": "2024-01-19 00:56:16", "elapsed": 2660.687391, "delta": 0.003867}}
{"target": -17.67699084846093, "params": {"gamma": 841.9345053607691, "log10_alpha": -1.3255007921062716, "log10_colsample_bytree": -0.7410409951313179, "log10_eta": -3.56783124553782, "log10_lambda": 0.8167349665949448, "log10_min_child_weight": 4.316712440189071, "log10_subsample": -0.2073518555242405, "max_depth": 9.0, "num_boost_round": 102.0}, "datetime": {"datetime": "2024-01-19 00:56:16", "elapsed": 2660.69171, "delta": 0.004319}}
{"target": -17.676988487651563, "params": {"gamma": 841.9345053607691, "log10_alpha": -1.3255007921062716, "log10_colsample_bytree": -0.7410409951313179, "log10_eta": -3.56783124553782, "log10_lambda": 0.8167349665949448, "log10_min_child_weight": 4.316712440189071, "log10_subsample": -0.2073518555242405, "max_depth": 9.0, "num_boost_round": 103.0}, "datetime": {"datetime": "2024-01-19 00:56:16", "elapsed": 2660.695844, "delta": 0.004134}}
{"target": -17.676989418188988, "params": {"gamma": 841.9345053607691, "log10_alpha": -1.3255007921062716, "log10_colsample_bytree": -0.7410409951313179, "log10_eta": -3.56783124553782, "log10_lambda": 0.8167349665949448, "log10_min_child_weight": 4.316712440189071, "log10_subsample": -0.2073518555242405, "max_depth": 9.0, "num_boost_round": 104.0}, "datetime": {"datetime": "2024-01-19 00:56:16", "elapsed": 2660.699839, "delta": 0.003995}}
{"target": -17.676993788060923, "params": {"gamma": 841.9345053607691, "log10_alpha": -1.3255007921062716, "log10_colsample_bytree": -0.7410409951313179, "log10_eta": -3.56783124553782, "log10_lambda": 0.8167349665949448, "log10_min_child_weight": 4.316712440189071, "log10_subsample": -0.2073518555242405, "max_depth": 9.0, "num_boost_round": 105.0}, "datetime": {"datetime": "2024-01-19 00:56:16", "elapsed": 2660.703599, "delta": 0.00376}}
{"target": -17.676988091567335, "params": {"gamma": 841.9345053607691, "log10_alpha": -1.3255007921062716, "log10_colsample_bytree": -0.7410409951313179, "log10_eta": -3.56783124553782, "log10_lambda": 0.8167349665949448, "log10_min_child_weight": 4.316712440189071, "log10_subsample": -0.2073518555242405, "max_depth": 9.0, "num_boost_round": 106.0}, "datetime": {"datetime": "2024-01-19 00:56:16", "elapsed": 2660.707538, "delta": 0.003939}}
{"target": -17.67698155569755, "params": {"gamma": 841.9345053607691, "log10_alpha": -1.3255007921062716, "log10_colsample_bytree": -0.7410409951313179, "log10_eta": -3.56783124553782, "log10_lambda": 0.8167349665949448, "log10_min_child_weight": 4.316712440189071, "log10_subsample": -0.2073518555242405, "max_depth": 9.0, "num_boost_round": 107.0}, "datetime": {"datetime": "2024-01-19 00:56:16", "elapsed": 2660.711294, "delta": 0.003756}}
