{"target": -13.75849868331273, "params": {"gamma": 867.0969922552554, "log10_alpha": -0.7576095008998056, "log10_colsample_bytree": -0.8000688314352978, "log10_eta": -3.7101863584105317, "log10_lambda": -3.6697897693838213, "log10_min_child_weight": 4.484849388210969, "log10_subsample": -0.5302005068109625, "max_depth": 6.0, "num_boost_round": 55.0}, "datetime": {"datetime": "2024-01-19 01:20:55", "elapsed": 4159.859239, "delta": 0.005022}}
{"target": -13.758529823895945, "params": {"gamma": 881.7176035637319, "log10_alpha": -3.273390379025027, "log10_colsample_bytree": -0.3363589617910455, "log10_eta": -3.4314904787459843, "log10_lambda": -1.860183869944207, "log10_min_child_weight": 3.3888832842033416, "log10_subsample": -0.0947997338784643, "max_depth": 9.0, "num_boost_round": 0.0}, "datetime": {"datetime": "2024-01-19 01:21:45", "elapsed": 4209.974491, "delta": 50.115252}}
{"target": -13.758521596439621, "params": {"gamma": 881.7176035637319, "log10_alpha": -3.273390379025027, "log10_colsample_bytree": -0.3363589617910455, "log10_eta": -3.4314904787459843, "log10_lambda": -1.860183869944207, "log10_min_child_weight": 3.3888832842033416, "log10_subsample": -0.0947997338784643, "max_depth": 9.0, "num_boost_round": 1.0}, "datetime": {"datetime": "2024-01-19 01:21:45", "elapsed": 4209.97959, "delta": 0.005099}}
{"target": -13.758509211675184, "params": {"gamma": 881.7176035637319, "log10_alpha": -3.273390379025027, "log10_colsample_bytree": -0.3363589617910455, "log10_eta": -3.4314904787459843, "log10_lambda": -1.860183869944207, "log10_min_child_weight": 3.3888832842033416, "log10_subsample": -0.0947997338784643, "max_depth": 9.0, "num_boost_round": 2.0}, "datetime": {"datetime": "2024-01-19 01:21:45", "elapsed": 4209.984621, "delta": 0.005031}}
{"target": -13.758502899022167, "params": {"gamma": 881.7176035637319, "log10_alpha": -3.273390379025027, "log10_colsample_bytree": -0.3363589617910455, "log10_eta": -3.4314904787459843, "log10_lambda": -1.860183869944207, "log10_min_child_weight": 3.3888832842033416, "log10_subsample": -0.0947997338784643, "max_depth": 9.0, "num_boost_round": 3.0}, "datetime": {"datetime": "2024-01-19 01:21:45", "elapsed": 4209.989538, "delta": 0.004917}}
{"target": -13.75848626191238, "params": {"gamma": 881.7176035637319, "log10_alpha": -3.273390379025027, "log10_colsample_bytree": -0.3363589617910455, "log10_eta": -3.4314904787459843, "log10_lambda": -1.860183869944207, "log10_min_child_weight": 3.3888832842033416, "log10_subsample": -0.0947997338784643, "max_depth": 9.0, "num_boost_round": 4.0}, "datetime": {"datetime": "2024-01-19 01:21:45", "elapsed": 4209.99458, "delta": 0.005042}}
{"target": -13.758478755304747, "params": {"gamma": 881.7176035637319, "log10_alpha": -3.273390379025027, "log10_colsample_bytree": -0.3363589617910455, "log10_eta": -3.4314904787459843, "log10_lambda": -1.860183869944207, "log10_min_child_weight": 3.3888832842033416, "log10_subsample": -0.0947997338784643, "max_depth": 9.0, "num_boost_round": 5.0}, "datetime": {"datetime": "2024-01-19 01:21:45", "elapsed": 4209.999415, "delta": 0.004835}}
{"target": -13.758475340794783, "params": {"gamma": 881.7176035637319, "log10_alpha": -3.273390379025027, "log10_colsample_bytree": -0.3363589617910455, "log10_eta": -3.4314904787459843, "log10_lambda": -1.860183869944207, "log10_min_child_weight": 3.3888832842033416, "log10_subsample": -0.0947997338784643, "max_depth": 9.0, "num_boost_round": 6.0}, "datetime": {"datetime": "2024-01-19 01:21:45", "elapsed": 4210.004326, "delta": 0.004911}}
{"target": -13.758471660975097, "params": {"gamma": 881.7176035637319, "log10_alpha": -3.273390379025027, "log10_colsample_bytree": -0.3363589617910455, "log10_eta": -3.4314904787459843, "log10_lambda": -1.860183869944207, "log10_min_child_weight": 3.3888832842033416, "log10_subsample": -0.0947997338784643, "max_depth": 9.0, "num_boost_round": 7.0}, "datetime": {"datetime": "2024-01-19 01:21:45", "elapsed": 4210.009126, "delta": 0.0048}}
{"target": -13.758468027531599, "params": {"gamma": 881.7176035637319, "log10_alpha": -3.273390379025027, "log10_colsample_bytree": -0.3363589617910455, "log10_eta": -3.4314904787459843, "log10_lambda": -1.860183869944207, "log10_min_child_weight": 3.3888832842033416, "log10_subsample": -0.0947997338784643, "max_depth": 9.0, "num_boost_round": 8.0}, "datetime": {"datetime": "2024-01-19 01:21:45", "elapsed": 4210.014093, "delta": 0.004967}}
{"target": -13.758457646264619, "params": {"gamma": 881.7176035637319, "log10_alpha": -3.273390379025027, "log10_colsample_bytree": -0.3363589617910455, "log10_eta": -3.4314904787459843, "log10_lambda": -1.860183869944207, "log10_min_child_weight": 3.3888832842033416, "log10_subsample": -0.0947997338784643, "max_depth": 9.0, "num_boost_round": 9.0}, "datetime": {"datetime": "2024-01-19 01:21:45", "elapsed": 4210.018954, "delta": 0.004861}}
{"target": -13.758451540226574, "params": {"gamma": 881.7176035637319, "log10_alpha": -3.273390379025027, "log10_colsample_bytree": -0.3363589617910455, "log10_eta": -3.4314904787459843, "log10_lambda": -1.860183869944207, "log10_min_child_weight": 3.3888832842033416, "log10_subsample": -0.0947997338784643, "max_depth": 9.0, "num_boost_round": 10.0}, "datetime": {"datetime": "2024-01-19 01:21:45", "elapsed": 4210.023814, "delta": 0.00486}}
{"target": -13.758441904067107, "params": {"gamma": 881.7176035637319, "log10_alpha": -3.273390379025027, "log10_colsample_bytree": -0.3363589617910455, "log10_eta": -3.4314904787459843, "log10_lambda": -1.860183869944207, "log10_min_child_weight": 3.3888832842033416, "log10_subsample": -0.0947997338784643, "max_depth": 9.0, "num_boost_round": 11.0}, "datetime": {"datetime": "2024-01-19 01:21:45", "elapsed": 4210.028689, "delta": 0.004875}}
{"target": -13.758443935145204, "params": {"gamma": 881.7176035637319, "log10_alpha": -3.273390379025027, "log10_colsample_bytree": -0.3363589617910455, "log10_eta": -3.4314904787459843, "log10_lambda": -1.860183869944207, "log10_min_child_weight": 3.3888832842033416, "log10_subsample": -0.0947997338784643, "max_depth": 9.0, "num_boost_round": 12.0}, "datetime": {"datetime": "2024-01-19 01:21:45", "elapsed": 4210.033756, "delta": 0.005067}}
{"target": -13.75845161000844, "params": {"gamma": 881.7176035637319, "log10_alpha": -3.273390379025027, "log10_colsample_bytree": -0.3363589617910455, "log10_eta": -3.4314904787459843, "log10_lambda": -1.860183869944207, "log10_min_child_weight": 3.3888832842033416, "log10_subsample": -0.0947997338784643, "max_depth": 9.0, "num_boost_round": 13.0}, "datetime": {"datetime": "2024-01-19 01:21:45", "elapsed": 4210.038875, "delta": 0.005119}}
{"target": -13.758444848153896, "params": {"gamma": 881.7176035637319, "log10_alpha": -3.273390379025027, "log10_colsample_bytree": -0.3363589617910455, "log10_eta": -3.4314904787459843, "log10_lambda": -1.860183869944207, "log10_min_child_weight": 3.3888832842033416, "log10_subsample": -0.0947997338784643, "max_depth": 9.0, "num_boost_round": 14.0}, "datetime": {"datetime": "2024-01-19 01:21:45", "elapsed": 4210.044074, "delta": 0.005199}}
{"target": -13.758438717420997, "params": {"gamma": 881.7176035637319, "log10_alpha": -3.273390379025027, "log10_colsample_bytree": -0.3363589617910455, "log10_eta": -3.4314904787459843, "log10_lambda": -1.860183869944207, "log10_min_child_weight": 3.3888832842033416, "log10_subsample": -0.0947997338784643, "max_depth": 9.0, "num_boost_round": 15.0}, "datetime": {"datetime": "2024-01-19 01:21:45", "elapsed": 4210.048899, "delta": 0.004825}}
{"target": -13.758437271285326, "params": {"gamma": 881.7176035637319, "log10_alpha": -3.273390379025027, "log10_colsample_bytree": -0.3363589617910455, "log10_eta": -3.4314904787459843, "log10_lambda": -1.860183869944207, "log10_min_child_weight": 3.3888832842033416, "log10_subsample": -0.0947997338784643, "max_depth": 9.0, "num_boost_round": 16.0}, "datetime": {"datetime": "2024-01-19 01:21:45", "elapsed": 4210.053895, "delta": 0.004996}}
{"target": -13.758428006140845, "params": {"gamma": 881.7176035637319, "log10_alpha": -3.273390379025027, "log10_colsample_bytree": -0.3363589617910455, "log10_eta": -3.4314904787459843, "log10_lambda": -1.860183869944207, "log10_min_child_weight": 3.3888832842033416, "log10_subsample": -0.0947997338784643, "max_depth": 9.0, "num_boost_round": 17.0}, "datetime": {"datetime": "2024-01-19 01:21:45", "elapsed": 4210.058745, "delta": 0.00485}}
{"target": -13.7584115299336, "params": {"gamma": 881.7176035637319, "log10_alpha": -3.273390379025027, "log10_colsample_bytree": -0.3363589617910455, "log10_eta": -3.4314904787459843, "log10_lambda": -1.860183869944207, "log10_min_child_weight": 3.3888832842033416, "log10_subsample": -0.0947997338784643, "max_depth": 9.0, "num_boost_round": 18.0}, "datetime": {"datetime": "2024-01-19 01:21:45", "elapsed": 4210.063657, "delta": 0.004912}}
{"target": -13.758495264314437, "params": {"gamma": 846.6121283871929, "log10_alpha": -3.9800563938659685, "log10_colsample_bytree": -0.8837652538069326, "log10_eta": -2.747817155654125, "log10_lambda": -3.8829262592654556, "log10_min_child_weight": 1.1698111826287354, "log10_subsample": -0.06998132492182485, "max_depth": 3.0, "num_boost_round": 0.0}, "datetime": {"datetime": "2024-01-19 01:22:45", "elapsed": 4269.771159, "delta": 59.707502}}
{"target": -13.758488981774223, "params": {"gamma": 846.6121283871929, "log10_alpha": -3.9800563938659685, "log10_colsample_bytree": -0.8837652538069326, "log10_eta": -2.747817155654125, "log10_lambda": -3.8829262592654556, "log10_min_child_weight": 1.1698111826287354, "log10_subsample": -0.06998132492182485, "max_depth": 3.0, "num_boost_round": 1.0}, "datetime": {"datetime": "2024-01-19 01:22:45", "elapsed": 4269.776544, "delta": 0.005385}}
{"target": -13.758475799333166, "params": {"gamma": 846.6121283871929, "log10_alpha": -3.9800563938659685, "log10_colsample_bytree": -0.8837652538069326, "log10_eta": -2.747817155654125, "log10_lambda": -3.8829262592654556, "log10_min_child_weight": 1.1698111826287354, "log10_subsample": -0.06998132492182485, "max_depth": 3.0, "num_boost_round": 2.0}, "datetime": {"datetime": "2024-01-19 01:22:45", "elapsed": 4269.781533, "delta": 0.004989}}
{"target": -13.7584773627055, "params": {"gamma": 846.6121283871929, "log10_alpha": -3.9800563938659685, "log10_colsample_bytree": -0.8837652538069326, "log10_eta": -2.747817155654125, "log10_lambda": -3.8829262592654556, "log10_min_child_weight": 1.1698111826287354, "log10_subsample": -0.06998132492182485, "max_depth": 3.0, "num_boost_round": 3.0}, "datetime": {"datetime": "2024-01-19 01:22:45", "elapsed": 4269.78638, "delta": 0.004847}}
{"target": -13.75845857999544, "params": {"gamma": 846.6121283871929, "log10_alpha": -3.9800563938659685, "log10_colsample_bytree": -0.8837652538069326, "log10_eta": -2.747817155654125, "log10_lambda": -3.8829262592654556, "log10_min_child_weight": 1.1698111826287354, "log10_subsample": -0.06998132492182485, "max_depth": 3.0, "num_boost_round": 4.0}, "datetime": {"datetime": "2024-01-19 01:22:45", "elapsed": 4269.791287, "delta": 0.004907}}
{"target": -13.75842970346735, "params": {"gamma": 846.6121283871929, "log10_alpha": -3.9800563938659685, "log10_colsample_bytree": -0.8837652538069326, "log10_eta": -2.747817155654125, "log10_lambda": -3.8829262592654556, "log10_min_child_weight": 1.1698111826287354, "log10_subsample": -0.06998132492182485, "max_depth": 3.0, "num_boost_round": 5.0}, "datetime": {"datetime": "2024-01-19 01:22:45", "elapsed": 4269.796261, "delta": 0.004974}}
{"target": -13.7584483339794, "params": {"gamma": 846.6121283871929, "log10_alpha": -3.9800563938659685, "log10_colsample_bytree": -0.8837652538069326, "log10_eta": -2.747817155654125, "log10_lambda": -3.8829262592654556, "log10_min_child_weight": 1.1698111826287354, "log10_subsample": -0.06998132492182485, "max_depth": 3.0, "num_boost_round": 6.0}, "datetime": {"datetime": "2024-01-19 01:22:45", "elapsed": 4269.801103, "delta": 0.004842}}
{"target": -13.758410932225255, "params": {"gamma": 846.6121283871929, "log10_alpha": -3.9800563938659685, "log10_colsample_bytree": -0.8837652538069326, "log10_eta": -2.747817155654125, "log10_lambda": -3.8829262592654556, "log10_min_child_weight": 1.1698111826287354, "log10_subsample": -0.06998132492182485, "max_depth": 3.0, "num_boost_round": 7.0}, "datetime": {"datetime": "2024-01-19 01:22:45", "elapsed": 4269.805889, "delta": 0.004786}}
{"target": -13.758424665686528, "params": {"gamma": 846.6121283871929, "log10_alpha": -3.9800563938659685, "log10_colsample_bytree": -0.8837652538069326, "log10_eta": -2.747817155654125, "log10_lambda": -3.8829262592654556, "log10_min_child_weight": 1.1698111826287354, "log10_subsample": -0.06998132492182485, "max_depth": 3.0, "num_boost_round": 8.0}, "datetime": {"datetime": "2024-01-19 01:22:45", "elapsed": 4269.810697, "delta": 0.004808}}
{"target": -13.758412796074554, "params": {"gamma": 846.6121283871929, "log10_alpha": -3.9800563938659685, "log10_colsample_bytree": -0.8837652538069326, "log10_eta": -2.747817155654125, "log10_lambda": -3.8829262592654556, "log10_min_child_weight": 1.1698111826287354, "log10_subsample": -0.06998132492182485, "max_depth": 3.0, "num_boost_round": 9.0}, "datetime": {"datetime": "2024-01-19 01:22:45", "elapsed": 4269.81571, "delta": 0.005013}}
{"target": -13.758387359820869, "params": {"gamma": 846.6121283871929, "log10_alpha": -3.9800563938659685, "log10_colsample_bytree": -0.8837652538069326, "log10_eta": -2.747817155654125, "log10_lambda": -3.8829262592654556, "log10_min_child_weight": 1.1698111826287354, "log10_subsample": -0.06998132492182485, "max_depth": 3.0, "num_boost_round": 10.0}, "datetime": {"datetime": "2024-01-19 01:22:45", "elapsed": 4269.820581, "delta": 0.004871}}
{"target": -13.7583630927804, "params": {"gamma": 846.6121283871929, "log10_alpha": -3.9800563938659685, "log10_colsample_bytree": -0.8837652538069326, "log10_eta": -2.747817155654125, "log10_lambda": -3.8829262592654556, "log10_min_child_weight": 1.1698111826287354, "log10_subsample": -0.06998132492182485, "max_depth": 3.0, "num_boost_round": 11.0}, "datetime": {"datetime": "2024-01-19 01:22:45", "elapsed": 4269.825366, "delta": 0.004785}}
{"target": -13.75834484920803, "params": {"gamma": 846.6121283871929, "log10_alpha": -3.9800563938659685, "log10_colsample_bytree": -0.8837652538069326, "log10_eta": -2.747817155654125, "log10_lambda": -3.8829262592654556, "log10_min_child_weight": 1.1698111826287354, "log10_subsample": -0.06998132492182485, "max_depth": 3.0, "num_boost_round": 12.0}, "datetime": {"datetime": "2024-01-19 01:22:45", "elapsed": 4269.830168, "delta": 0.004802}}
{"target": -13.758289806959224, "params": {"gamma": 846.6121283871929, "log10_alpha": -3.9800563938659685, "log10_colsample_bytree": -0.8837652538069326, "log10_eta": -2.747817155654125, "log10_lambda": -3.8829262592654556, "log10_min_child_weight": 1.1698111826287354, "log10_subsample": -0.06998132492182485, "max_depth": 3.0, "num_boost_round": 13.0}, "datetime": {"datetime": "2024-01-19 01:22:45", "elapsed": 4269.835258, "delta": 0.00509}}
{"target": -13.758276227409306, "params": {"gamma": 846.6121283871929, "log10_alpha": -3.9800563938659685, "log10_colsample_bytree": -0.8837652538069326, "log10_eta": -2.747817155654125, "log10_lambda": -3.8829262592654556, "log10_min_child_weight": 1.1698111826287354, "log10_subsample": -0.06998132492182485, "max_depth": 3.0, "num_boost_round": 14.0}, "datetime": {"datetime": "2024-01-19 01:22:45", "elapsed": 4269.840285, "delta": 0.005027}}
{"target": -13.758230023216264, "params": {"gamma": 846.6121283871929, "log10_alpha": -3.9800563938659685, "log10_colsample_bytree": -0.8837652538069326, "log10_eta": -2.747817155654125, "log10_lambda": -3.8829262592654556, "log10_min_child_weight": 1.1698111826287354, "log10_subsample": -0.06998132492182485, "max_depth": 3.0, "num_boost_round": 15.0}, "datetime": {"datetime": "2024-01-19 01:22:45", "elapsed": 4269.845484, "delta": 0.005199}}
{"target": -13.758210879508926, "params": {"gamma": 846.6121283871929, "log10_alpha": -3.9800563938659685, "log10_colsample_bytree": -0.8837652538069326, "log10_eta": -2.747817155654125, "log10_lambda": -3.8829262592654556, "log10_min_child_weight": 1.1698111826287354, "log10_subsample": -0.06998132492182485, "max_depth": 3.0, "num_boost_round": 16.0}, "datetime": {"datetime": "2024-01-19 01:22:45", "elapsed": 4269.850712, "delta": 0.005228}}
{"target": -13.758209145612732, "params": {"gamma": 846.6121283871929, "log10_alpha": -3.9800563938659685, "log10_colsample_bytree": -0.8837652538069326, "log10_eta": -2.747817155654125, "log10_lambda": -3.8829262592654556, "log10_min_child_weight": 1.1698111826287354, "log10_subsample": -0.06998132492182485, "max_depth": 3.0, "num_boost_round": 17.0}, "datetime": {"datetime": "2024-01-19 01:22:45", "elapsed": 4269.855682, "delta": 0.00497}}
{"target": -13.75820450783755, "params": {"gamma": 846.6121283871929, "log10_alpha": -3.9800563938659685, "log10_colsample_bytree": -0.8837652538069326, "log10_eta": -2.747817155654125, "log10_lambda": -3.8829262592654556, "log10_min_child_weight": 1.1698111826287354, "log10_subsample": -0.06998132492182485, "max_depth": 3.0, "num_boost_round": 18.0}, "datetime": {"datetime": "2024-01-19 01:22:45", "elapsed": 4269.860493, "delta": 0.004811}}
{"target": -13.75820710281401, "params": {"gamma": 846.6121283871929, "log10_alpha": -3.9800563938659685, "log10_colsample_bytree": -0.8837652538069326, "log10_eta": -2.747817155654125, "log10_lambda": -3.8829262592654556, "log10_min_child_weight": 1.1698111826287354, "log10_subsample": -0.06998132492182485, "max_depth": 3.0, "num_boost_round": 19.0}, "datetime": {"datetime": "2024-01-19 01:22:45", "elapsed": 4269.865255, "delta": 0.004762}}
{"target": -13.758182625152346, "params": {"gamma": 846.6121283871929, "log10_alpha": -3.9800563938659685, "log10_colsample_bytree": -0.8837652538069326, "log10_eta": -2.747817155654125, "log10_lambda": -3.8829262592654556, "log10_min_child_weight": 1.1698111826287354, "log10_subsample": -0.06998132492182485, "max_depth": 3.0, "num_boost_round": 20.0}, "datetime": {"datetime": "2024-01-19 01:22:45", "elapsed": 4269.87006, "delta": 0.004805}}
{"target": -13.758121400915043, "params": {"gamma": 846.6121283871929, "log10_alpha": -3.9800563938659685, "log10_colsample_bytree": -0.8837652538069326, "log10_eta": -2.747817155654125, "log10_lambda": -3.8829262592654556, "log10_min_child_weight": 1.1698111826287354, "log10_subsample": -0.06998132492182485, "max_depth": 3.0, "num_boost_round": 21.0}, "datetime": {"datetime": "2024-01-19 01:22:45", "elapsed": 4269.875111, "delta": 0.005051}}
{"target": -13.758111684718324, "params": {"gamma": 846.6121283871929, "log10_alpha": -3.9800563938659685, "log10_colsample_bytree": -0.8837652538069326, "log10_eta": -2.747817155654125, "log10_lambda": -3.8829262592654556, "log10_min_child_weight": 1.1698111826287354, "log10_subsample": -0.06998132492182485, "max_depth": 3.0, "num_boost_round": 22.0}, "datetime": {"datetime": "2024-01-19 01:22:45", "elapsed": 4269.879987, "delta": 0.004876}}
{"target": -13.758069256401894, "params": {"gamma": 846.6121283871929, "log10_alpha": -3.9800563938659685, "log10_colsample_bytree": -0.8837652538069326, "log10_eta": -2.747817155654125, "log10_lambda": -3.8829262592654556, "log10_min_child_weight": 1.1698111826287354, "log10_subsample": -0.06998132492182485, "max_depth": 3.0, "num_boost_round": 23.0}, "datetime": {"datetime": "2024-01-19 01:22:45", "elapsed": 4269.884833, "delta": 0.004846}}
{"target": -13.758056454267305, "params": {"gamma": 846.6121283871929, "log10_alpha": -3.9800563938659685, "log10_colsample_bytree": -0.8837652538069326, "log10_eta": -2.747817155654125, "log10_lambda": -3.8829262592654556, "log10_min_child_weight": 1.1698111826287354, "log10_subsample": -0.06998132492182485, "max_depth": 3.0, "num_boost_round": 24.0}, "datetime": {"datetime": "2024-01-19 01:22:45", "elapsed": 4269.889724, "delta": 0.004891}}
{"target": -13.758016684187343, "params": {"gamma": 846.6121283871929, "log10_alpha": -3.9800563938659685, "log10_colsample_bytree": -0.8837652538069326, "log10_eta": -2.747817155654125, "log10_lambda": -3.8829262592654556, "log10_min_child_weight": 1.1698111826287354, "log10_subsample": -0.06998132492182485, "max_depth": 3.0, "num_boost_round": 25.0}, "datetime": {"datetime": "2024-01-19 01:22:45", "elapsed": 4269.894733, "delta": 0.005009}}
{"target": -13.758014264716946, "params": {"gamma": 846.6121283871929, "log10_alpha": -3.9800563938659685, "log10_colsample_bytree": -0.8837652538069326, "log10_eta": -2.747817155654125, "log10_lambda": -3.8829262592654556, "log10_min_child_weight": 1.1698111826287354, "log10_subsample": -0.06998132492182485, "max_depth": 3.0, "num_boost_round": 26.0}, "datetime": {"datetime": "2024-01-19 01:22:45", "elapsed": 4269.899492, "delta": 0.004759}}
{"target": -13.757990998100171, "params": {"gamma": 846.6121283871929, "log10_alpha": -3.9800563938659685, "log10_colsample_bytree": -0.8837652538069326, "log10_eta": -2.747817155654125, "log10_lambda": -3.8829262592654556, "log10_min_child_weight": 1.1698111826287354, "log10_subsample": -0.06998132492182485, "max_depth": 3.0, "num_boost_round": 27.0}, "datetime": {"datetime": "2024-01-19 01:22:45", "elapsed": 4269.904294, "delta": 0.004802}}
{"target": -13.757972065484823, "params": {"gamma": 846.6121283871929, "log10_alpha": -3.9800563938659685, "log10_colsample_bytree": -0.8837652538069326, "log10_eta": -2.747817155654125, "log10_lambda": -3.8829262592654556, "log10_min_child_weight": 1.1698111826287354, "log10_subsample": -0.06998132492182485, "max_depth": 3.0, "num_boost_round": 28.0}, "datetime": {"datetime": "2024-01-19 01:22:45", "elapsed": 4269.909099, "delta": 0.004805}}
