{"target": -17.674810176599415, "params": {"gamma": 611.6821235963614, "log10_alpha": -3.540693011332113, "log10_colsample_bytree": -0.019482650454825, "log10_eta": -2.4425435254703887, "log10_lambda": -2.6053257416740054, "log10_min_child_weight": 2.0304745298393834, "log10_subsample": -0.31897944136070044, "max_depth": 9.0, "num_boost_round": 21.0}, "datetime": {"datetime": "2024-01-19 00:51:38", "elapsed": 2396.221516, "delta": 0.00272}}
{"target": -17.674871961053473, "params": {"gamma": 611.6821235963614, "log10_alpha": -3.540693011332113, "log10_colsample_bytree": -0.019482650454825, "log10_eta": -2.4425435254703887, "log10_lambda": -2.6053257416740054, "log10_min_child_weight": 2.0304745298393834, "log10_subsample": -0.31897944136070044, "max_depth": 9.0, "num_boost_round": 22.0}, "datetime": {"datetime": "2024-01-19 00:51:38", "elapsed": 2396.224134, "delta": 0.002618}}
{"target": -17.6798104411053, "params": {"gamma": 612.15831976673, "log10_alpha": 0.26064239921481036, "log10_colsample_bytree": -0.0014846062109176161, "log10_eta": -0.27019294484017653, "log10_lambda": 0.29234210829391216, "log10_min_child_weight": 4.6487775303833825, "log10_subsample": -0.9933544287883183, "max_depth": 2.0, "num_boost_round": 0.0}, "datetime": {"datetime": "2024-01-19 00:52:04", "elapsed": 2421.702568, "delta": 25.478434}}
{"target": -17.678491002243483, "params": {"gamma": 612.15831976673, "log10_alpha": 0.26064239921481036, "log10_colsample_bytree": -0.0014846062109176161, "log10_eta": -0.27019294484017653, "log10_lambda": 0.29234210829391216, "log10_min_child_weight": 4.6487775303833825, "log10_subsample": -0.9933544287883183, "max_depth": 2.0, "num_boost_round": 1.0}, "datetime": {"datetime": "2024-01-19 00:52:04", "elapsed": 2421.705716, "delta": 0.003148}}
{"target": -17.680426229275817, "params": {"gamma": 612.15831976673, "log10_alpha": 0.26064239921481036, "log10_colsample_bytree": -0.0014846062109176161, "log10_eta": -0.27019294484017653, "log10_lambda": 0.29234210829391216, "log10_min_child_weight": 4.6487775303833825, "log10_subsample": -0.9933544287883183, "max_depth": 2.0, "num_boost_round": 2.0}, "datetime": {"datetime": "2024-01-19 00:52:04", "elapsed": 2421.708583, "delta": 0.002867}}
{"target": -17.6815971886144, "params": {"gamma": 612.15831976673, "log10_alpha": 0.26064239921481036, "log10_colsample_bytree": -0.0014846062109176161, "log10_eta": -0.27019294484017653, "log10_lambda": 0.29234210829391216, "log10_min_child_weight": 4.6487775303833825, "log10_subsample": -0.9933544287883183, "max_depth": 2.0, "num_boost_round": 3.0}, "datetime": {"datetime": "2024-01-19 00:52:04", "elapsed": 2421.711348, "delta": 0.002765}}
{"target": -17.682110630854513, "params": {"gamma": 612.15831976673, "log10_alpha": 0.26064239921481036, "log10_colsample_bytree": -0.0014846062109176161, "log10_eta": -0.27019294484017653, "log10_lambda": 0.29234210829391216, "log10_min_child_weight": 4.6487775303833825, "log10_subsample": -0.9933544287883183, "max_depth": 2.0, "num_boost_round": 4.0}, "datetime": {"datetime": "2024-01-19 00:52:04", "elapsed": 2421.714089, "delta": 0.002741}}
{"target": -17.679684236891738, "params": {"gamma": 612.15831976673, "log10_alpha": 0.26064239921481036, "log10_colsample_bytree": -0.0014846062109176161, "log10_eta": -0.27019294484017653, "log10_lambda": 0.29234210829391216, "log10_min_child_weight": 4.6487775303833825, "log10_subsample": -0.9933544287883183, "max_depth": 2.0, "num_boost_round": 5.0}, "datetime": {"datetime": "2024-01-19 00:52:04", "elapsed": 2421.716768, "delta": 0.002679}}
{"target": -17.68124673837436, "params": {"gamma": 612.15831976673, "log10_alpha": 0.26064239921481036, "log10_colsample_bytree": -0.0014846062109176161, "log10_eta": -0.27019294484017653, "log10_lambda": 0.29234210829391216, "log10_min_child_weight": 4.6487775303833825, "log10_subsample": -0.9933544287883183, "max_depth": 2.0, "num_boost_round": 6.0}, "datetime": {"datetime": "2024-01-19 00:52:04", "elapsed": 2421.719599, "delta": 0.002831}}
{"target": -17.68097484449255, "params": {"gamma": 612.15831976673, "log10_alpha": 0.26064239921481036, "log10_colsample_bytree": -0.0014846062109176161, "log10_eta": -0.27019294484017653, "log10_lambda": 0.29234210829391216, "log10_min_child_weight": 4.6487775303833825, "log10_subsample": -0.9933544287883183, "max_depth": 2.0, "num_boost_round": 7.0}, "datetime": {"datetime": "2024-01-19 00:52:04", "elapsed": 2421.821914, "delta": 0.102315}}
{"target": -17.68380468600229, "params": {"gamma": 612.15831976673, "log10_alpha": 0.26064239921481036, "log10_colsample_bytree": -0.0014846062109176161, "log10_eta": -0.27019294484017653, "log10_lambda": 0.29234210829391216, "log10_min_child_weight": 4.6487775303833825, "log10_subsample": -0.9933544287883183, "max_depth": 2.0, "num_boost_round": 8.0}, "datetime": {"datetime": "2024-01-19 00:52:04", "elapsed": 2421.825212, "delta": 0.003298}}
{"target": -17.685897469798327, "params": {"gamma": 612.15831976673, "log10_alpha": 0.26064239921481036, "log10_colsample_bytree": -0.0014846062109176161, "log10_eta": -0.27019294484017653, "log10_lambda": 0.29234210829391216, "log10_min_child_weight": 4.6487775303833825, "log10_subsample": -0.9933544287883183, "max_depth": 2.0, "num_boost_round": 9.0}, "datetime": {"datetime": "2024-01-19 00:52:04", "elapsed": 2421.828206, "delta": 0.002994}}
{"target": -17.684829070830762, "params": {"gamma": 612.15831976673, "log10_alpha": 0.26064239921481036, "log10_colsample_bytree": -0.0014846062109176161, "log10_eta": -0.27019294484017653, "log10_lambda": 0.29234210829391216, "log10_min_child_weight": 4.6487775303833825, "log10_subsample": -0.9933544287883183, "max_depth": 2.0, "num_boost_round": 10.0}, "datetime": {"datetime": "2024-01-19 00:52:04", "elapsed": 2421.831266, "delta": 0.00306}}
{"target": -17.684340610560763, "params": {"gamma": 612.15831976673, "log10_alpha": 0.26064239921481036, "log10_colsample_bytree": -0.0014846062109176161, "log10_eta": -0.27019294484017653, "log10_lambda": 0.29234210829391216, "log10_min_child_weight": 4.6487775303833825, "log10_subsample": -0.9933544287883183, "max_depth": 2.0, "num_boost_round": 11.0}, "datetime": {"datetime": "2024-01-19 00:52:04", "elapsed": 2421.834326, "delta": 0.00306}}
{"target": -17.685549369689117, "params": {"gamma": 612.15831976673, "log10_alpha": 0.26064239921481036, "log10_colsample_bytree": -0.0014846062109176161, "log10_eta": -0.27019294484017653, "log10_lambda": 0.29234210829391216, "log10_min_child_weight": 4.6487775303833825, "log10_subsample": -0.9933544287883183, "max_depth": 2.0, "num_boost_round": 12.0}, "datetime": {"datetime": "2024-01-19 00:52:04", "elapsed": 2421.838086, "delta": 0.00376}}
{"target": -17.68911483328247, "params": {"gamma": 612.15831976673, "log10_alpha": 0.26064239921481036, "log10_colsample_bytree": -0.0014846062109176161, "log10_eta": -0.27019294484017653, "log10_lambda": 0.29234210829391216, "log10_min_child_weight": 4.6487775303833825, "log10_subsample": -0.9933544287883183, "max_depth": 2.0, "num_boost_round": 13.0}, "datetime": {"datetime": "2024-01-19 00:52:04", "elapsed": 2421.841377, "delta": 0.003291}}
{"target": -17.690925549583966, "params": {"gamma": 612.15831976673, "log10_alpha": 0.26064239921481036, "log10_colsample_bytree": -0.0014846062109176161, "log10_eta": -0.27019294484017653, "log10_lambda": 0.29234210829391216, "log10_min_child_weight": 4.6487775303833825, "log10_subsample": -0.9933544287883183, "max_depth": 2.0, "num_boost_round": 14.0}, "datetime": {"datetime": "2024-01-19 00:52:04", "elapsed": 2421.844326, "delta": 0.002949}}
{"target": -17.689628840447103, "params": {"gamma": 612.15831976673, "log10_alpha": 0.26064239921481036, "log10_colsample_bytree": -0.0014846062109176161, "log10_eta": -0.27019294484017653, "log10_lambda": 0.29234210829391216, "log10_min_child_weight": 4.6487775303833825, "log10_subsample": -0.9933544287883183, "max_depth": 2.0, "num_boost_round": 15.0}, "datetime": {"datetime": "2024-01-19 00:52:04", "elapsed": 2421.847263, "delta": 0.002937}}
{"target": -17.690265752028782, "params": {"gamma": 612.15831976673, "log10_alpha": 0.26064239921481036, "log10_colsample_bytree": -0.0014846062109176161, "log10_eta": -0.27019294484017653, "log10_lambda": 0.29234210829391216, "log10_min_child_weight": 4.6487775303833825, "log10_subsample": -0.9933544287883183, "max_depth": 2.0, "num_boost_round": 16.0}, "datetime": {"datetime": "2024-01-19 00:52:04", "elapsed": 2421.850166, "delta": 0.002903}}
{"target": -17.677242970521, "params": {"gamma": 606.676803183823, "log10_alpha": -3.5541594229561655, "log10_colsample_bytree": -0.07895497224901471, "log10_eta": -3.005702623302631, "log10_lambda": -0.9128932498278113, "log10_min_child_weight": 1.1889647783104111, "log10_subsample": -0.0775849508816957, "max_depth": 9.0, "num_boost_round": 0.0}, "datetime": {"datetime": "2024-01-19 00:52:43", "elapsed": 2460.740151, "delta": 38.889985}}
{"target": -17.677211560327137, "params": {"gamma": 606.676803183823, "log10_alpha": -3.5541594229561655, "log10_colsample_bytree": -0.07895497224901471, "log10_eta": -3.005702623302631, "log10_lambda": -0.9128932498278113, "log10_min_child_weight": 1.1889647783104111, "log10_subsample": -0.0775849508816957, "max_depth": 9.0, "num_boost_round": 1.0}, "datetime": {"datetime": "2024-01-19 00:52:43", "elapsed": 2460.743405, "delta": 0.003254}}
{"target": -17.677184133421875, "params": {"gamma": 606.676803183823, "log10_alpha": -3.5541594229561655, "log10_colsample_bytree": -0.07895497224901471, "log10_eta": -3.005702623302631, "log10_lambda": -0.9128932498278113, "log10_min_child_weight": 1.1889647783104111, "log10_subsample": -0.0775849508816957, "max_depth": 9.0, "num_boost_round": 2.0}, "datetime": {"datetime": "2024-01-19 00:52:43", "elapsed": 2460.74641, "delta": 0.003005}}
{"target": -17.67711208613875, "params": {"gamma": 606.676803183823, "log10_alpha": -3.5541594229561655, "log10_colsample_bytree": -0.07895497224901471, "log10_eta": -3.005702623302631, "log10_lambda": -0.9128932498278113, "log10_min_child_weight": 1.1889647783104111, "log10_subsample": -0.0775849508816957, "max_depth": 9.0, "num_boost_round": 3.0}, "datetime": {"datetime": "2024-01-19 00:52:43", "elapsed": 2460.749149, "delta": 0.002739}}
{"target": -17.6770829590297, "params": {"gamma": 606.676803183823, "log10_alpha": -3.5541594229561655, "log10_colsample_bytree": -0.07895497224901471, "log10_eta": -3.005702623302631, "log10_lambda": -0.9128932498278113, "log10_min_child_weight": 1.1889647783104111, "log10_subsample": -0.0775849508816957, "max_depth": 9.0, "num_boost_round": 4.0}, "datetime": {"datetime": "2024-01-19 00:52:43", "elapsed": 2460.752019, "delta": 0.00287}}
{"target": -17.677103760921295, "params": {"gamma": 606.676803183823, "log10_alpha": -3.5541594229561655, "log10_colsample_bytree": -0.07895497224901471, "log10_eta": -3.005702623302631, "log10_lambda": -0.9128932498278113, "log10_min_child_weight": 1.1889647783104111, "log10_subsample": -0.0775849508816957, "max_depth": 9.0, "num_boost_round": 5.0}, "datetime": {"datetime": "2024-01-19 00:52:43", "elapsed": 2460.754753, "delta": 0.002734}}
{"target": -17.677082888610215, "params": {"gamma": 606.676803183823, "log10_alpha": -3.5541594229561655, "log10_colsample_bytree": -0.07895497224901471, "log10_eta": -3.005702623302631, "log10_lambda": -0.9128932498278113, "log10_min_child_weight": 1.1889647783104111, "log10_subsample": -0.0775849508816957, "max_depth": 9.0, "num_boost_round": 6.0}, "datetime": {"datetime": "2024-01-19 00:52:43", "elapsed": 2460.757455, "delta": 0.002702}}
{"target": -17.677170688088363, "params": {"gamma": 606.676803183823, "log10_alpha": -3.5541594229561655, "log10_colsample_bytree": -0.07895497224901471, "log10_eta": -3.005702623302631, "log10_lambda": -0.9128932498278113, "log10_min_child_weight": 1.1889647783104111, "log10_subsample": -0.0775849508816957, "max_depth": 9.0, "num_boost_round": 7.0}, "datetime": {"datetime": "2024-01-19 00:52:43", "elapsed": 2460.760223, "delta": 0.002768}}
{"target": -17.677103741810388, "params": {"gamma": 606.676803183823, "log10_alpha": -3.5541594229561655, "log10_colsample_bytree": -0.07895497224901471, "log10_eta": -3.005702623302631, "log10_lambda": -0.9128932498278113, "log10_min_child_weight": 1.1889647783104111, "log10_subsample": -0.0775849508816957, "max_depth": 9.0, "num_boost_round": 8.0}, "datetime": {"datetime": "2024-01-19 00:52:43", "elapsed": 2460.762958, "delta": 0.002735}}
{"target": -17.677026966059383, "params": {"gamma": 606.676803183823, "log10_alpha": -3.5541594229561655, "log10_colsample_bytree": -0.07895497224901471, "log10_eta": -3.005702623302631, "log10_lambda": -0.9128932498278113, "log10_min_child_weight": 1.1889647783104111, "log10_subsample": -0.0775849508816957, "max_depth": 9.0, "num_boost_round": 9.0}, "datetime": {"datetime": "2024-01-19 00:52:43", "elapsed": 2460.765741, "delta": 0.002783}}
{"target": -17.67698840841986, "params": {"gamma": 606.676803183823, "log10_alpha": -3.5541594229561655, "log10_colsample_bytree": -0.07895497224901471, "log10_eta": -3.005702623302631, "log10_lambda": -0.9128932498278113, "log10_min_child_weight": 1.1889647783104111, "log10_subsample": -0.0775849508816957, "max_depth": 9.0, "num_boost_round": 10.0}, "datetime": {"datetime": "2024-01-19 00:52:43", "elapsed": 2460.768474, "delta": 0.002733}}
{"target": -17.676989033394506, "params": {"gamma": 606.676803183823, "log10_alpha": -3.5541594229561655, "log10_colsample_bytree": -0.07895497224901471, "log10_eta": -3.005702623302631, "log10_lambda": -0.9128932498278113, "log10_min_child_weight": 1.1889647783104111, "log10_subsample": -0.0775849508816957, "max_depth": 9.0, "num_boost_round": 11.0}, "datetime": {"datetime": "2024-01-19 00:52:43", "elapsed": 2460.771286, "delta": 0.002812}}
{"target": -17.67700048188886, "params": {"gamma": 606.676803183823, "log10_alpha": -3.5541594229561655, "log10_colsample_bytree": -0.07895497224901471, "log10_eta": -3.005702623302631, "log10_lambda": -0.9128932498278113, "log10_min_child_weight": 1.1889647783104111, "log10_subsample": -0.0775849508816957, "max_depth": 9.0, "num_boost_round": 12.0}, "datetime": {"datetime": "2024-01-19 00:52:43", "elapsed": 2460.77404, "delta": 0.002754}}
{"target": -17.67697857622625, "params": {"gamma": 606.676803183823, "log10_alpha": -3.5541594229561655, "log10_colsample_bytree": -0.07895497224901471, "log10_eta": -3.005702623302631, "log10_lambda": -0.9128932498278113, "log10_min_child_weight": 1.1889647783104111, "log10_subsample": -0.0775849508816957, "max_depth": 9.0, "num_boost_round": 13.0}, "datetime": {"datetime": "2024-01-19 00:52:43", "elapsed": 2460.776773, "delta": 0.002733}}
{"target": -17.676876433192042, "params": {"gamma": 606.676803183823, "log10_alpha": -3.5541594229561655, "log10_colsample_bytree": -0.07895497224901471, "log10_eta": -3.005702623302631, "log10_lambda": -0.9128932498278113, "log10_min_child_weight": 1.1889647783104111, "log10_subsample": -0.0775849508816957, "max_depth": 9.0, "num_boost_round": 14.0}, "datetime": {"datetime": "2024-01-19 00:52:43", "elapsed": 2460.77956, "delta": 0.002787}}
{"target": -17.67686926436602, "params": {"gamma": 606.676803183823, "log10_alpha": -3.5541594229561655, "log10_colsample_bytree": -0.07895497224901471, "log10_eta": -3.005702623302631, "log10_lambda": -0.9128932498278113, "log10_min_child_weight": 1.1889647783104111, "log10_subsample": -0.0775849508816957, "max_depth": 9.0, "num_boost_round": 15.0}, "datetime": {"datetime": "2024-01-19 00:52:43", "elapsed": 2460.782373, "delta": 0.002813}}
{"target": -17.676774259712285, "params": {"gamma": 606.676803183823, "log10_alpha": -3.5541594229561655, "log10_colsample_bytree": -0.07895497224901471, "log10_eta": -3.005702623302631, "log10_lambda": -0.9128932498278113, "log10_min_child_weight": 1.1889647783104111, "log10_subsample": -0.0775849508816957, "max_depth": 9.0, "num_boost_round": 16.0}, "datetime": {"datetime": "2024-01-19 00:52:43", "elapsed": 2460.785186, "delta": 0.002813}}
{"target": -17.67679868052065, "params": {"gamma": 606.676803183823, "log10_alpha": -3.5541594229561655, "log10_colsample_bytree": -0.07895497224901471, "log10_eta": -3.005702623302631, "log10_lambda": -0.9128932498278113, "log10_min_child_weight": 1.1889647783104111, "log10_subsample": -0.0775849508816957, "max_depth": 9.0, "num_boost_round": 17.0}, "datetime": {"datetime": "2024-01-19 00:52:43", "elapsed": 2460.787922, "delta": 0.002736}}
{"target": -17.676761997616453, "params": {"gamma": 606.676803183823, "log10_alpha": -3.5541594229561655, "log10_colsample_bytree": -0.07895497224901471, "log10_eta": -3.005702623302631, "log10_lambda": -0.9128932498278113, "log10_min_child_weight": 1.1889647783104111, "log10_subsample": -0.0775849508816957, "max_depth": 9.0, "num_boost_round": 18.0}, "datetime": {"datetime": "2024-01-19 00:52:43", "elapsed": 2460.790743, "delta": 0.002821}}
{"target": -17.676742264849064, "params": {"gamma": 606.676803183823, "log10_alpha": -3.5541594229561655, "log10_colsample_bytree": -0.07895497224901471, "log10_eta": -3.005702623302631, "log10_lambda": -0.9128932498278113, "log10_min_child_weight": 1.1889647783104111, "log10_subsample": -0.0775849508816957, "max_depth": 9.0, "num_boost_round": 19.0}, "datetime": {"datetime": "2024-01-19 00:52:43", "elapsed": 2460.793537, "delta": 0.002794}}
{"target": -17.676703274874814, "params": {"gamma": 606.676803183823, "log10_alpha": -3.5541594229561655, "log10_colsample_bytree": -0.07895497224901471, "log10_eta": -3.005702623302631, "log10_lambda": -0.9128932498278113, "log10_min_child_weight": 1.1889647783104111, "log10_subsample": -0.0775849508816957, "max_depth": 9.0, "num_boost_round": 20.0}, "datetime": {"datetime": "2024-01-19 00:52:43", "elapsed": 2460.79626, "delta": 0.002723}}
{"target": -17.676733189460137, "params": {"gamma": 606.676803183823, "log10_alpha": -3.5541594229561655, "log10_colsample_bytree": -0.07895497224901471, "log10_eta": -3.005702623302631, "log10_lambda": -0.9128932498278113, "log10_min_child_weight": 1.1889647783104111, "log10_subsample": -0.0775849508816957, "max_depth": 9.0, "num_boost_round": 21.0}, "datetime": {"datetime": "2024-01-19 00:52:43", "elapsed": 2460.798981, "delta": 0.002721}}
{"target": -17.677226050087178, "params": {"gamma": 608.4871416665889, "log10_alpha": -1.2456574582105167, "log10_colsample_bytree": -0.5123715746557673, "log10_eta": -3.941613513364511, "log10_lambda": -3.177672802867445, "log10_min_child_weight": 3.393125988709063, "log10_subsample": -0.7227730100319804, "max_depth": 5.0, "num_boost_round": 0.0}, "datetime": {"datetime": "2024-01-19 00:53:12", "elapsed": 2489.654249, "delta": 28.855268}}
{"target": -17.67722349011908, "params": {"gamma": 608.4871416665889, "log10_alpha": -1.2456574582105167, "log10_colsample_bytree": -0.5123715746557673, "log10_eta": -3.941613513364511, "log10_lambda": -3.177672802867445, "log10_min_child_weight": 3.393125988709063, "log10_subsample": -0.7227730100319804, "max_depth": 5.0, "num_boost_round": 1.0}, "datetime": {"datetime": "2024-01-19 00:53:12", "elapsed": 2489.657557, "delta": 0.003308}}
{"target": -17.677218768312073, "params": {"gamma": 608.4871416665889, "log10_alpha": -1.2456574582105167, "log10_colsample_bytree": -0.5123715746557673, "log10_eta": -3.941613513364511, "log10_lambda": -3.177672802867445, "log10_min_child_weight": 3.393125988709063, "log10_subsample": -0.7227730100319804, "max_depth": 5.0, "num_boost_round": 2.0}, "datetime": {"datetime": "2024-01-19 00:53:12", "elapsed": 2489.660359, "delta": 0.002802}}
{"target": -17.677218596543558, "params": {"gamma": 608.4871416665889, "log10_alpha": -1.2456574582105167, "log10_colsample_bytree": -0.5123715746557673, "log10_eta": -3.941613513364511, "log10_lambda": -3.177672802867445, "log10_min_child_weight": 3.393125988709063, "log10_subsample": -0.7227730100319804, "max_depth": 5.0, "num_boost_round": 3.0}, "datetime": {"datetime": "2024-01-19 00:53:12", "elapsed": 2489.663096, "delta": 0.002737}}
{"target": -17.677215851398238, "params": {"gamma": 608.4871416665889, "log10_alpha": -1.2456574582105167, "log10_colsample_bytree": -0.5123715746557673, "log10_eta": -3.941613513364511, "log10_lambda": -3.177672802867445, "log10_min_child_weight": 3.393125988709063, "log10_subsample": -0.7227730100319804, "max_depth": 5.0, "num_boost_round": 4.0}, "datetime": {"datetime": "2024-01-19 00:53:12", "elapsed": 2489.66577, "delta": 0.002674}}
{"target": -17.677214109040033, "params": {"gamma": 608.4871416665889, "log10_alpha": -1.2456574582105167, "log10_colsample_bytree": -0.5123715746557673, "log10_eta": -3.941613513364511, "log10_lambda": -3.177672802867445, "log10_min_child_weight": 3.393125988709063, "log10_subsample": -0.7227730100319804, "max_depth": 5.0, "num_boost_round": 5.0}, "datetime": {"datetime": "2024-01-19 00:53:12", "elapsed": 2489.668422, "delta": 0.002652}}
{"target": -17.67721234343472, "params": {"gamma": 608.4871416665889, "log10_alpha": -1.2456574582105167, "log10_colsample_bytree": -0.5123715746557673, "log10_eta": -3.941613513364511, "log10_lambda": -3.177672802867445, "log10_min_child_weight": 3.393125988709063, "log10_subsample": -0.7227730100319804, "max_depth": 5.0, "num_boost_round": 6.0}, "datetime": {"datetime": "2024-01-19 00:53:12", "elapsed": 2489.6711, "delta": 0.002678}}
{"target": -17.677211593003147, "params": {"gamma": 608.4871416665889, "log10_alpha": -1.2456574582105167, "log10_colsample_bytree": -0.5123715746557673, "log10_eta": -3.941613513364511, "log10_lambda": -3.177672802867445, "log10_min_child_weight": 3.393125988709063, "log10_subsample": -0.7227730100319804, "max_depth": 5.0, "num_boost_round": 7.0}, "datetime": {"datetime": "2024-01-19 00:53:12", "elapsed": 2489.673816, "delta": 0.002716}}
