{"target": -17.67723552506272, "params": {"gamma": 433.0193357495081, "log10_alpha": -4.021096283770834, "log10_colsample_bytree": -0.5434677384503337, "log10_eta": -1.9410943533334732, "log10_lambda": -3.208042847719855, "log10_min_child_weight": 4.958049951889208, "log10_subsample": -0.9960280957571482, "max_depth": 9.0, "num_boost_round": 34.0}, "datetime": {"datetime": "2024-01-19 00:21:23", "elapsed": 576.541603, "delta": 0.001353}}
{"target": -17.677233329166306, "params": {"gamma": 433.0193357495081, "log10_alpha": -4.021096283770834, "log10_colsample_bytree": -0.5434677384503337, "log10_eta": -1.9410943533334732, "log10_lambda": -3.208042847719855, "log10_min_child_weight": 4.958049951889208, "log10_subsample": -0.9960280957571482, "max_depth": 9.0, "num_boost_round": 35.0}, "datetime": {"datetime": "2024-01-19 00:21:23", "elapsed": 576.542899, "delta": 0.001296}}
{"target": -17.677231004918152, "params": {"gamma": 433.0193357495081, "log10_alpha": -4.021096283770834, "log10_colsample_bytree": -0.5434677384503337, "log10_eta": -1.9410943533334732, "log10_lambda": -3.208042847719855, "log10_min_child_weight": 4.958049951889208, "log10_subsample": -0.9960280957571482, "max_depth": 9.0, "num_boost_round": 36.0}, "datetime": {"datetime": "2024-01-19 00:21:23", "elapsed": 576.544189, "delta": 0.00129}}
{"target": -17.677230246838647, "params": {"gamma": 433.0193357495081, "log10_alpha": -4.021096283770834, "log10_colsample_bytree": -0.5434677384503337, "log10_eta": -1.9410943533334732, "log10_lambda": -3.208042847719855, "log10_min_child_weight": 4.958049951889208, "log10_subsample": -0.9960280957571482, "max_depth": 9.0, "num_boost_round": 37.0}, "datetime": {"datetime": "2024-01-19 00:21:23", "elapsed": 576.545483, "delta": 0.001294}}
{"target": -17.677232137875954, "params": {"gamma": 433.0193357495081, "log10_alpha": -4.021096283770834, "log10_colsample_bytree": -0.5434677384503337, "log10_eta": -1.9410943533334732, "log10_lambda": -3.208042847719855, "log10_min_child_weight": 4.958049951889208, "log10_subsample": -0.9960280957571482, "max_depth": 9.0, "num_boost_round": 38.0}, "datetime": {"datetime": "2024-01-19 00:21:23", "elapsed": 576.54683, "delta": 0.001347}}
{"target": -17.677231757011093, "params": {"gamma": 433.0193357495081, "log10_alpha": -4.021096283770834, "log10_colsample_bytree": -0.5434677384503337, "log10_eta": -1.9410943533334732, "log10_lambda": -3.208042847719855, "log10_min_child_weight": 4.958049951889208, "log10_subsample": -0.9960280957571482, "max_depth": 9.0, "num_boost_round": 39.0}, "datetime": {"datetime": "2024-01-19 00:21:23", "elapsed": 576.548126, "delta": 0.001296}}
{"target": -17.677229629320326, "params": {"gamma": 433.0193357495081, "log10_alpha": -4.021096283770834, "log10_colsample_bytree": -0.5434677384503337, "log10_eta": -1.9410943533334732, "log10_lambda": -3.208042847719855, "log10_min_child_weight": 4.958049951889208, "log10_subsample": -0.9960280957571482, "max_depth": 9.0, "num_boost_round": 40.0}, "datetime": {"datetime": "2024-01-19 00:21:23", "elapsed": 576.549409, "delta": 0.001283}}
{"target": -17.67722734542042, "params": {"gamma": 433.0193357495081, "log10_alpha": -4.021096283770834, "log10_colsample_bytree": -0.5434677384503337, "log10_eta": -1.9410943533334732, "log10_lambda": -3.208042847719855, "log10_min_child_weight": 4.958049951889208, "log10_subsample": -0.9960280957571482, "max_depth": 9.0, "num_boost_round": 41.0}, "datetime": {"datetime": "2024-01-19 00:21:23", "elapsed": 576.551408, "delta": 0.001999}}
{"target": -17.677227022405678, "params": {"gamma": 433.0193357495081, "log10_alpha": -4.021096283770834, "log10_colsample_bytree": -0.5434677384503337, "log10_eta": -1.9410943533334732, "log10_lambda": -3.208042847719855, "log10_min_child_weight": 4.958049951889208, "log10_subsample": -0.9960280957571482, "max_depth": 9.0, "num_boost_round": 42.0}, "datetime": {"datetime": "2024-01-19 00:21:23", "elapsed": 576.552823, "delta": 0.001415}}
{"target": -17.677226049007675, "params": {"gamma": 433.0193357495081, "log10_alpha": -4.021096283770834, "log10_colsample_bytree": -0.5434677384503337, "log10_eta": -1.9410943533334732, "log10_lambda": -3.208042847719855, "log10_min_child_weight": 4.958049951889208, "log10_subsample": -0.9960280957571482, "max_depth": 9.0, "num_boost_round": 43.0}, "datetime": {"datetime": "2024-01-19 00:21:23", "elapsed": 576.554281, "delta": 0.001458}}
{"target": -17.67722777279728, "params": {"gamma": 433.0193357495081, "log10_alpha": -4.021096283770834, "log10_colsample_bytree": -0.5434677384503337, "log10_eta": -1.9410943533334732, "log10_lambda": -3.208042847719855, "log10_min_child_weight": 4.958049951889208, "log10_subsample": -0.9960280957571482, "max_depth": 9.0, "num_boost_round": 44.0}, "datetime": {"datetime": "2024-01-19 00:21:23", "elapsed": 576.555699, "delta": 0.001418}}
{"target": -17.677225635434297, "params": {"gamma": 433.0193357495081, "log10_alpha": -4.021096283770834, "log10_colsample_bytree": -0.5434677384503337, "log10_eta": -1.9410943533334732, "log10_lambda": -3.208042847719855, "log10_min_child_weight": 4.958049951889208, "log10_subsample": -0.9960280957571482, "max_depth": 9.0, "num_boost_round": 45.0}, "datetime": {"datetime": "2024-01-19 00:21:23", "elapsed": 576.55713, "delta": 0.001431}}
{"target": -17.677227022270856, "params": {"gamma": 433.0193357495081, "log10_alpha": -4.021096283770834, "log10_colsample_bytree": -0.5434677384503337, "log10_eta": -1.9410943533334732, "log10_lambda": -3.208042847719855, "log10_min_child_weight": 4.958049951889208, "log10_subsample": -0.9960280957571482, "max_depth": 9.0, "num_boost_round": 46.0}, "datetime": {"datetime": "2024-01-19 00:21:23", "elapsed": 576.55846, "delta": 0.00133}}
{"target": -17.677228968212724, "params": {"gamma": 433.0193357495081, "log10_alpha": -4.021096283770834, "log10_colsample_bytree": -0.5434677384503337, "log10_eta": -1.9410943533334732, "log10_lambda": -3.208042847719855, "log10_min_child_weight": 4.958049951889208, "log10_subsample": -0.9960280957571482, "max_depth": 9.0, "num_boost_round": 47.0}, "datetime": {"datetime": "2024-01-19 00:21:23", "elapsed": 576.559782, "delta": 0.001322}}
{"target": -17.677227451182084, "params": {"gamma": 433.0193357495081, "log10_alpha": -4.021096283770834, "log10_colsample_bytree": -0.5434677384503337, "log10_eta": -1.9410943533334732, "log10_lambda": -3.208042847719855, "log10_min_child_weight": 4.958049951889208, "log10_subsample": -0.9960280957571482, "max_depth": 9.0, "num_boost_round": 48.0}, "datetime": {"datetime": "2024-01-19 00:21:23", "elapsed": 576.561118, "delta": 0.001336}}
{"target": -17.677223814153493, "params": {"gamma": 433.0193357495081, "log10_alpha": -4.021096283770834, "log10_colsample_bytree": -0.5434677384503337, "log10_eta": -1.9410943533334732, "log10_lambda": -3.208042847719855, "log10_min_child_weight": 4.958049951889208, "log10_subsample": -0.9960280957571482, "max_depth": 9.0, "num_boost_round": 49.0}, "datetime": {"datetime": "2024-01-19 00:21:23", "elapsed": 576.562516, "delta": 0.001398}}
{"target": -17.67722350639776, "params": {"gamma": 433.0193357495081, "log10_alpha": -4.021096283770834, "log10_colsample_bytree": -0.5434677384503337, "log10_eta": -1.9410943533334732, "log10_lambda": -3.208042847719855, "log10_min_child_weight": 4.958049951889208, "log10_subsample": -0.9960280957571482, "max_depth": 9.0, "num_boost_round": 50.0}, "datetime": {"datetime": "2024-01-19 00:21:23", "elapsed": 576.563881, "delta": 0.001365}}
{"target": -17.677222629636155, "params": {"gamma": 433.0193357495081, "log10_alpha": -4.021096283770834, "log10_colsample_bytree": -0.5434677384503337, "log10_eta": -1.9410943533334732, "log10_lambda": -3.208042847719855, "log10_min_child_weight": 4.958049951889208, "log10_subsample": -0.9960280957571482, "max_depth": 9.0, "num_boost_round": 51.0}, "datetime": {"datetime": "2024-01-19 00:21:23", "elapsed": 576.56526, "delta": 0.001379}}
{"target": -17.6772220250147, "params": {"gamma": 433.0193357495081, "log10_alpha": -4.021096283770834, "log10_colsample_bytree": -0.5434677384503337, "log10_eta": -1.9410943533334732, "log10_lambda": -3.208042847719855, "log10_min_child_weight": 4.958049951889208, "log10_subsample": -0.9960280957571482, "max_depth": 9.0, "num_boost_round": 52.0}, "datetime": {"datetime": "2024-01-19 00:21:23", "elapsed": 576.566645, "delta": 0.001385}}
{"target": -17.677224043888824, "params": {"gamma": 433.0193357495081, "log10_alpha": -4.021096283770834, "log10_colsample_bytree": -0.5434677384503337, "log10_eta": -1.9410943533334732, "log10_lambda": -3.208042847719855, "log10_min_child_weight": 4.958049951889208, "log10_subsample": -0.9960280957571482, "max_depth": 9.0, "num_boost_round": 53.0}, "datetime": {"datetime": "2024-01-19 00:21:23", "elapsed": 576.568009, "delta": 0.001364}}
{"target": -17.67722314303696, "params": {"gamma": 433.0193357495081, "log10_alpha": -4.021096283770834, "log10_colsample_bytree": -0.5434677384503337, "log10_eta": -1.9410943533334732, "log10_lambda": -3.208042847719855, "log10_min_child_weight": 4.958049951889208, "log10_subsample": -0.9960280957571482, "max_depth": 9.0, "num_boost_round": 54.0}, "datetime": {"datetime": "2024-01-19 00:21:23", "elapsed": 576.569391, "delta": 0.001382}}
{"target": -17.67722223521386, "params": {"gamma": 433.0193357495081, "log10_alpha": -4.021096283770834, "log10_colsample_bytree": -0.5434677384503337, "log10_eta": -1.9410943533334732, "log10_lambda": -3.208042847719855, "log10_min_child_weight": 4.958049951889208, "log10_subsample": -0.9960280957571482, "max_depth": 9.0, "num_boost_round": 55.0}, "datetime": {"datetime": "2024-01-19 00:21:23", "elapsed": 576.570768, "delta": 0.001377}}
{"target": -17.682231828709423, "params": {"gamma": 459.0695044360554, "log10_alpha": 0.2036055793387499, "log10_colsample_bytree": -0.30693580870743187, "log10_eta": -0.6260357444686186, "log10_lambda": -2.735401097605067, "log10_min_child_weight": 3.5530525911435413, "log10_subsample": -0.958873727873123, "max_depth": 4.0, "num_boost_round": 0.0}, "datetime": {"datetime": "2024-01-19 00:21:44", "elapsed": 597.157819, "delta": 20.587051}}
{"target": -17.68010779158054, "params": {"gamma": 459.0695044360554, "log10_alpha": 0.2036055793387499, "log10_colsample_bytree": -0.30693580870743187, "log10_eta": -0.6260357444686186, "log10_lambda": -2.735401097605067, "log10_min_child_weight": 3.5530525911435413, "log10_subsample": -0.958873727873123, "max_depth": 4.0, "num_boost_round": 1.0}, "datetime": {"datetime": "2024-01-19 00:21:44", "elapsed": 597.15986, "delta": 0.002041}}
{"target": -17.681871942819004, "params": {"gamma": 459.0695044360554, "log10_alpha": 0.2036055793387499, "log10_colsample_bytree": -0.30693580870743187, "log10_eta": -0.6260357444686186, "log10_lambda": -2.735401097605067, "log10_min_child_weight": 3.5530525911435413, "log10_subsample": -0.958873727873123, "max_depth": 4.0, "num_boost_round": 2.0}, "datetime": {"datetime": "2024-01-19 00:21:44", "elapsed": 597.161357, "delta": 0.001497}}
{"target": -17.684460317844785, "params": {"gamma": 459.0695044360554, "log10_alpha": 0.2036055793387499, "log10_colsample_bytree": -0.30693580870743187, "log10_eta": -0.6260357444686186, "log10_lambda": -2.735401097605067, "log10_min_child_weight": 3.5530525911435413, "log10_subsample": -0.958873727873123, "max_depth": 4.0, "num_boost_round": 3.0}, "datetime": {"datetime": "2024-01-19 00:21:44", "elapsed": 597.162861, "delta": 0.001504}}
{"target": -17.69333162280449, "params": {"gamma": 459.0695044360554, "log10_alpha": 0.2036055793387499, "log10_colsample_bytree": -0.30693580870743187, "log10_eta": -0.6260357444686186, "log10_lambda": -2.735401097605067, "log10_min_child_weight": 3.5530525911435413, "log10_subsample": -0.958873727873123, "max_depth": 4.0, "num_boost_round": 4.0}, "datetime": {"datetime": "2024-01-19 00:21:44", "elapsed": 597.164554, "delta": 0.001693}}
{"target": -17.697373016949683, "params": {"gamma": 459.0695044360554, "log10_alpha": 0.2036055793387499, "log10_colsample_bytree": -0.30693580870743187, "log10_eta": -0.6260357444686186, "log10_lambda": -2.735401097605067, "log10_min_child_weight": 3.5530525911435413, "log10_subsample": -0.958873727873123, "max_depth": 4.0, "num_boost_round": 5.0}, "datetime": {"datetime": "2024-01-19 00:21:44", "elapsed": 597.165923, "delta": 0.001369}}
{"target": -17.70469686731976, "params": {"gamma": 459.0695044360554, "log10_alpha": 0.2036055793387499, "log10_colsample_bytree": -0.30693580870743187, "log10_eta": -0.6260357444686186, "log10_lambda": -2.735401097605067, "log10_min_child_weight": 3.5530525911435413, "log10_subsample": -0.958873727873123, "max_depth": 4.0, "num_boost_round": 6.0}, "datetime": {"datetime": "2024-01-19 00:21:44", "elapsed": 597.167352, "delta": 0.001429}}
{"target": -17.70298462764637, "params": {"gamma": 459.0695044360554, "log10_alpha": 0.2036055793387499, "log10_colsample_bytree": -0.30693580870743187, "log10_eta": -0.6260357444686186, "log10_lambda": -2.735401097605067, "log10_min_child_weight": 3.5530525911435413, "log10_subsample": -0.958873727873123, "max_depth": 4.0, "num_boost_round": 7.0}, "datetime": {"datetime": "2024-01-19 00:21:44", "elapsed": 597.168688, "delta": 0.001336}}
{"target": -17.710378037146377, "params": {"gamma": 459.0695044360554, "log10_alpha": 0.2036055793387499, "log10_colsample_bytree": -0.30693580870743187, "log10_eta": -0.6260357444686186, "log10_lambda": -2.735401097605067, "log10_min_child_weight": 3.5530525911435413, "log10_subsample": -0.958873727873123, "max_depth": 4.0, "num_boost_round": 8.0}, "datetime": {"datetime": "2024-01-19 00:21:44", "elapsed": 597.170013, "delta": 0.001325}}
{"target": -17.712937248146854, "params": {"gamma": 459.0695044360554, "log10_alpha": 0.2036055793387499, "log10_colsample_bytree": -0.30693580870743187, "log10_eta": -0.6260357444686186, "log10_lambda": -2.735401097605067, "log10_min_child_weight": 3.5530525911435413, "log10_subsample": -0.958873727873123, "max_depth": 4.0, "num_boost_round": 9.0}, "datetime": {"datetime": "2024-01-19 00:21:44", "elapsed": 597.171418, "delta": 0.001405}}
{"target": -17.712471440726638, "params": {"gamma": 459.0695044360554, "log10_alpha": 0.2036055793387499, "log10_colsample_bytree": -0.30693580870743187, "log10_eta": -0.6260357444686186, "log10_lambda": -2.735401097605067, "log10_min_child_weight": 3.5530525911435413, "log10_subsample": -0.958873727873123, "max_depth": 4.0, "num_boost_round": 10.0}, "datetime": {"datetime": "2024-01-19 00:21:44", "elapsed": 597.172771, "delta": 0.001353}}
{"target": -17.714230661254124, "params": {"gamma": 459.0695044360554, "log10_alpha": 0.2036055793387499, "log10_colsample_bytree": -0.30693580870743187, "log10_eta": -0.6260357444686186, "log10_lambda": -2.735401097605067, "log10_min_child_weight": 3.5530525911435413, "log10_subsample": -0.958873727873123, "max_depth": 4.0, "num_boost_round": 11.0}, "datetime": {"datetime": "2024-01-19 00:21:44", "elapsed": 597.174107, "delta": 0.001336}}
{"target": -17.720147078077805, "params": {"gamma": 459.0695044360554, "log10_alpha": 0.2036055793387499, "log10_colsample_bytree": -0.30693580870743187, "log10_eta": -0.6260357444686186, "log10_lambda": -2.735401097605067, "log10_min_child_weight": 3.5530525911435413, "log10_subsample": -0.958873727873123, "max_depth": 4.0, "num_boost_round": 12.0}, "datetime": {"datetime": "2024-01-19 00:21:44", "elapsed": 597.175447, "delta": 0.00134}}
{"target": -17.721747903730765, "params": {"gamma": 459.0695044360554, "log10_alpha": 0.2036055793387499, "log10_colsample_bytree": -0.30693580870743187, "log10_eta": -0.6260357444686186, "log10_lambda": -2.735401097605067, "log10_min_child_weight": 3.5530525911435413, "log10_subsample": -0.958873727873123, "max_depth": 4.0, "num_boost_round": 13.0}, "datetime": {"datetime": "2024-01-19 00:21:44", "elapsed": 597.176794, "delta": 0.001347}}
{"target": -17.72653693753666, "params": {"gamma": 459.0695044360554, "log10_alpha": 0.2036055793387499, "log10_colsample_bytree": -0.30693580870743187, "log10_eta": -0.6260357444686186, "log10_lambda": -2.735401097605067, "log10_min_child_weight": 3.5530525911435413, "log10_subsample": -0.958873727873123, "max_depth": 4.0, "num_boost_round": 14.0}, "datetime": {"datetime": "2024-01-19 00:21:44", "elapsed": 597.178131, "delta": 0.001337}}
{"target": -17.728737379696938, "params": {"gamma": 459.0695044360554, "log10_alpha": 0.2036055793387499, "log10_colsample_bytree": -0.30693580870743187, "log10_eta": -0.6260357444686186, "log10_lambda": -2.735401097605067, "log10_min_child_weight": 3.5530525911435413, "log10_subsample": -0.958873727873123, "max_depth": 4.0, "num_boost_round": 15.0}, "datetime": {"datetime": "2024-01-19 00:21:44", "elapsed": 597.179475, "delta": 0.001344}}
{"target": -17.677231823759083, "params": {"gamma": 436.1468162239551, "log10_alpha": -4.991078236865705, "log10_colsample_bytree": -0.2590619078486813, "log10_eta": -3.996921118282795, "log10_lambda": -3.321686383322283, "log10_min_child_weight": 4.0656389058479885, "log10_subsample": -0.40214882627740245, "max_depth": 7.0, "num_boost_round": 0.0}, "datetime": {"datetime": "2024-01-19 00:22:16", "elapsed": 628.852646, "delta": 31.673171}}
{"target": -17.677230591689504, "params": {"gamma": 436.1468162239551, "log10_alpha": -4.991078236865705, "log10_colsample_bytree": -0.2590619078486813, "log10_eta": -3.996921118282795, "log10_lambda": -3.321686383322283, "log10_min_child_weight": 4.0656389058479885, "log10_subsample": -0.40214882627740245, "max_depth": 7.0, "num_boost_round": 1.0}, "datetime": {"datetime": "2024-01-19 00:22:16", "elapsed": 628.854574, "delta": 0.001928}}
{"target": -17.677232203232226, "params": {"gamma": 436.1468162239551, "log10_alpha": -4.991078236865705, "log10_colsample_bytree": -0.2590619078486813, "log10_eta": -3.996921118282795, "log10_lambda": -3.321686383322283, "log10_min_child_weight": 4.0656389058479885, "log10_subsample": -0.40214882627740245, "max_depth": 7.0, "num_boost_round": 2.0}, "datetime": {"datetime": "2024-01-19 00:22:16", "elapsed": 628.85616, "delta": 0.001586}}
{"target": -17.677232650929422, "params": {"gamma": 436.1468162239551, "log10_alpha": -4.991078236865705, "log10_colsample_bytree": -0.2590619078486813, "log10_eta": -3.996921118282795, "log10_lambda": -3.321686383322283, "log10_min_child_weight": 4.0656389058479885, "log10_subsample": -0.40214882627740245, "max_depth": 7.0, "num_boost_round": 3.0}, "datetime": {"datetime": "2024-01-19 00:22:16", "elapsed": 628.857562, "delta": 0.001402}}
{"target": -17.67723152950105, "params": {"gamma": 436.1468162239551, "log10_alpha": -4.991078236865705, "log10_colsample_bytree": -0.2590619078486813, "log10_eta": -3.996921118282795, "log10_lambda": -3.321686383322283, "log10_min_child_weight": 4.0656389058479885, "log10_subsample": -0.40214882627740245, "max_depth": 7.0, "num_boost_round": 4.0}, "datetime": {"datetime": "2024-01-19 00:22:16", "elapsed": 628.858948, "delta": 0.001386}}
{"target": -17.677229278198244, "params": {"gamma": 436.1468162239551, "log10_alpha": -4.991078236865705, "log10_colsample_bytree": -0.2590619078486813, "log10_eta": -3.996921118282795, "log10_lambda": -3.321686383322283, "log10_min_child_weight": 4.0656389058479885, "log10_subsample": -0.40214882627740245, "max_depth": 7.0, "num_boost_round": 5.0}, "datetime": {"datetime": "2024-01-19 00:22:16", "elapsed": 628.860625, "delta": 0.001677}}
{"target": -17.677230652137787, "params": {"gamma": 436.1468162239551, "log10_alpha": -4.991078236865705, "log10_colsample_bytree": -0.2590619078486813, "log10_eta": -3.996921118282795, "log10_lambda": -3.321686383322283, "log10_min_child_weight": 4.0656389058479885, "log10_subsample": -0.40214882627740245, "max_depth": 7.0, "num_boost_round": 6.0}, "datetime": {"datetime": "2024-01-19 00:22:16", "elapsed": 628.862133, "delta": 0.001508}}
{"target": -17.677230219757476, "params": {"gamma": 436.1468162239551, "log10_alpha": -4.991078236865705, "log10_colsample_bytree": -0.2590619078486813, "log10_eta": -3.996921118282795, "log10_lambda": -3.321686383322283, "log10_min_child_weight": 4.0656389058479885, "log10_subsample": -0.40214882627740245, "max_depth": 7.0, "num_boost_round": 7.0}, "datetime": {"datetime": "2024-01-19 00:22:16", "elapsed": 628.863486, "delta": 0.001353}}
{"target": -17.67722985355099, "params": {"gamma": 436.1468162239551, "log10_alpha": -4.991078236865705, "log10_colsample_bytree": -0.2590619078486813, "log10_eta": -3.996921118282795, "log10_lambda": -3.321686383322283, "log10_min_child_weight": 4.0656389058479885, "log10_subsample": -0.40214882627740245, "max_depth": 7.0, "num_boost_round": 8.0}, "datetime": {"datetime": "2024-01-19 00:22:16", "elapsed": 628.864837, "delta": 0.001351}}
{"target": -17.67722987117955, "params": {"gamma": 436.1468162239551, "log10_alpha": -4.991078236865705, "log10_colsample_bytree": -0.2590619078486813, "log10_eta": -3.996921118282795, "log10_lambda": -3.321686383322283, "log10_min_child_weight": 4.0656389058479885, "log10_subsample": -0.40214882627740245, "max_depth": 7.0, "num_boost_round": 9.0}, "datetime": {"datetime": "2024-01-19 00:22:16", "elapsed": 628.866183, "delta": 0.001346}}
{"target": -17.677228695236636, "params": {"gamma": 436.1468162239551, "log10_alpha": -4.991078236865705, "log10_colsample_bytree": -0.2590619078486813, "log10_eta": -3.996921118282795, "log10_lambda": -3.321686383322283, "log10_min_child_weight": 4.0656389058479885, "log10_subsample": -0.40214882627740245, "max_depth": 7.0, "num_boost_round": 10.0}, "datetime": {"datetime": "2024-01-19 00:22:16", "elapsed": 628.867603, "delta": 0.00142}}
