{"target": -13.75860594551649, "params": {"gamma": 896.767515369448, "log10_alpha": 0.3555355723687468, "log10_colsample_bytree": -0.5583250015066685, "log10_eta": -2.670184429596569, "log10_lambda": -0.9116695539375739, "log10_min_child_weight": 1.181862614170126, "log10_subsample": -0.6092802394573948, "max_depth": 5.0, "num_boost_round": 0.0}, "datetime": {"datetime": "2024-01-19 01:27:00", "elapsed": 4540.611067, "delta": 32.55727}}
{"target": -13.758560108199283, "params": {"gamma": 896.767515369448, "log10_alpha": 0.3555355723687468, "log10_colsample_bytree": -0.5583250015066685, "log10_eta": -2.670184429596569, "log10_lambda": -0.9116695539375739, "log10_min_child_weight": 1.181862614170126, "log10_subsample": -0.6092802394573948, "max_depth": 5.0, "num_boost_round": 1.0}, "datetime": {"datetime": "2024-01-19 01:27:00", "elapsed": 4540.615895, "delta": 0.004828}}
{"target": -13.758512426815, "params": {"gamma": 896.767515369448, "log10_alpha": 0.3555355723687468, "log10_colsample_bytree": -0.5583250015066685, "log10_eta": -2.670184429596569, "log10_lambda": -0.9116695539375739, "log10_min_child_weight": 1.181862614170126, "log10_subsample": -0.6092802394573948, "max_depth": 5.0, "num_boost_round": 2.0}, "datetime": {"datetime": "2024-01-19 01:27:00", "elapsed": 4540.620079, "delta": 0.004184}}
{"target": -13.75846887987338, "params": {"gamma": 896.767515369448, "log10_alpha": 0.3555355723687468, "log10_colsample_bytree": -0.5583250015066685, "log10_eta": -2.670184429596569, "log10_lambda": -0.9116695539375739, "log10_min_child_weight": 1.181862614170126, "log10_subsample": -0.6092802394573948, "max_depth": 5.0, "num_boost_round": 3.0}, "datetime": {"datetime": "2024-01-19 01:27:00", "elapsed": 4540.623951, "delta": 0.003872}}
{"target": -13.758384373460588, "params": {"gamma": 896.767515369448, "log10_alpha": 0.3555355723687468, "log10_colsample_bytree": -0.5583250015066685, "log10_eta": -2.670184429596569, "log10_lambda": -0.9116695539375739, "log10_min_child_weight": 1.181862614170126, "log10_subsample": -0.6092802394573948, "max_depth": 5.0, "num_boost_round": 4.0}, "datetime": {"datetime": "2024-01-19 01:27:00", "elapsed": 4540.627724, "delta": 0.003773}}
{"target": -13.75831906329619, "params": {"gamma": 896.767515369448, "log10_alpha": 0.3555355723687468, "log10_colsample_bytree": -0.5583250015066685, "log10_eta": -2.670184429596569, "log10_lambda": -0.9116695539375739, "log10_min_child_weight": 1.181862614170126, "log10_subsample": -0.6092802394573948, "max_depth": 5.0, "num_boost_round": 5.0}, "datetime": {"datetime": "2024-01-19 01:27:00", "elapsed": 4540.631417, "delta": 0.003693}}
{"target": -13.758279825724404, "params": {"gamma": 896.767515369448, "log10_alpha": 0.3555355723687468, "log10_colsample_bytree": -0.5583250015066685, "log10_eta": -2.670184429596569, "log10_lambda": -0.9116695539375739, "log10_min_child_weight": 1.181862614170126, "log10_subsample": -0.6092802394573948, "max_depth": 5.0, "num_boost_round": 6.0}, "datetime": {"datetime": "2024-01-19 01:27:00", "elapsed": 4540.635292, "delta": 0.003875}}
{"target": -13.758275970041185, "params": {"gamma": 896.767515369448, "log10_alpha": 0.3555355723687468, "log10_colsample_bytree": -0.5583250015066685, "log10_eta": -2.670184429596569, "log10_lambda": -0.9116695539375739, "log10_min_child_weight": 1.181862614170126, "log10_subsample": -0.6092802394573948, "max_depth": 5.0, "num_boost_round": 7.0}, "datetime": {"datetime": "2024-01-19 01:27:00", "elapsed": 4540.6391, "delta": 0.003808}}
{"target": -13.75826573924218, "params": {"gamma": 896.767515369448, "log10_alpha": 0.3555355723687468, "log10_colsample_bytree": -0.5583250015066685, "log10_eta": -2.670184429596569, "log10_lambda": -0.9116695539375739, "log10_min_child_weight": 1.181862614170126, "log10_subsample": -0.6092802394573948, "max_depth": 5.0, "num_boost_round": 8.0}, "datetime": {"datetime": "2024-01-19 01:27:00", "elapsed": 4540.642999, "delta": 0.003899}}
{"target": -13.758268442787747, "params": {"gamma": 896.767515369448, "log10_alpha": 0.3555355723687468, "log10_colsample_bytree": -0.5583250015066685, "log10_eta": -2.670184429596569, "log10_lambda": -0.9116695539375739, "log10_min_child_weight": 1.181862614170126, "log10_subsample": -0.6092802394573948, "max_depth": 5.0, "num_boost_round": 9.0}, "datetime": {"datetime": "2024-01-19 01:27:00", "elapsed": 4540.646789, "delta": 0.00379}}
{"target": -13.758157262585064, "params": {"gamma": 896.767515369448, "log10_alpha": 0.3555355723687468, "log10_colsample_bytree": -0.5583250015066685, "log10_eta": -2.670184429596569, "log10_lambda": -0.9116695539375739, "log10_min_child_weight": 1.181862614170126, "log10_subsample": -0.6092802394573948, "max_depth": 5.0, "num_boost_round": 10.0}, "datetime": {"datetime": "2024-01-19 01:27:00", "elapsed": 4540.650555, "delta": 0.003766}}
{"target": -13.758101870935096, "params": {"gamma": 896.767515369448, "log10_alpha": 0.3555355723687468, "log10_colsample_bytree": -0.5583250015066685, "log10_eta": -2.670184429596569, "log10_lambda": -0.9116695539375739, "log10_min_child_weight": 1.181862614170126, "log10_subsample": -0.6092802394573948, "max_depth": 5.0, "num_boost_round": 11.0}, "datetime": {"datetime": "2024-01-19 01:27:00", "elapsed": 4540.654484, "delta": 0.003929}}
{"target": -13.75804239572693, "params": {"gamma": 896.767515369448, "log10_alpha": 0.3555355723687468, "log10_colsample_bytree": -0.5583250015066685, "log10_eta": -2.670184429596569, "log10_lambda": -0.9116695539375739, "log10_min_child_weight": 1.181862614170126, "log10_subsample": -0.6092802394573948, "max_depth": 5.0, "num_boost_round": 12.0}, "datetime": {"datetime": "2024-01-19 01:27:00", "elapsed": 4540.658317, "delta": 0.003833}}
{"target": -13.758071103345328, "params": {"gamma": 896.767515369448, "log10_alpha": 0.3555355723687468, "log10_colsample_bytree": -0.5583250015066685, "log10_eta": -2.670184429596569, "log10_lambda": -0.9116695539375739, "log10_min_child_weight": 1.181862614170126, "log10_subsample": -0.6092802394573948, "max_depth": 5.0, "num_boost_round": 13.0}, "datetime": {"datetime": "2024-01-19 01:27:00", "elapsed": 4540.662309, "delta": 0.003992}}
{"target": -13.758161268779705, "params": {"gamma": 896.767515369448, "log10_alpha": 0.3555355723687468, "log10_colsample_bytree": -0.5583250015066685, "log10_eta": -2.670184429596569, "log10_lambda": -0.9116695539375739, "log10_min_child_weight": 1.181862614170126, "log10_subsample": -0.6092802394573948, "max_depth": 5.0, "num_boost_round": 14.0}, "datetime": {"datetime": "2024-01-19 01:27:00", "elapsed": 4540.665996, "delta": 0.003687}}
{"target": -13.75801632735199, "params": {"gamma": 896.767515369448, "log10_alpha": 0.3555355723687468, "log10_colsample_bytree": -0.5583250015066685, "log10_eta": -2.670184429596569, "log10_lambda": -0.9116695539375739, "log10_min_child_weight": 1.181862614170126, "log10_subsample": -0.6092802394573948, "max_depth": 5.0, "num_boost_round": 15.0}, "datetime": {"datetime": "2024-01-19 01:27:00", "elapsed": 4540.669747, "delta": 0.003751}}
{"target": -13.758520669967043, "params": {"gamma": 895.7106453588987, "log10_alpha": -4.852322416393516, "log10_colsample_bytree": -0.876863119516323, "log10_eta": -3.3553891693618056, "log10_lambda": -3.051279764295516, "log10_min_child_weight": 0.4424979468005613, "log10_subsample": -0.1699874773201887, "max_depth": 9.0, "num_boost_round": 0.0}, "datetime": {"datetime": "2024-01-19 01:27:45", "elapsed": 4585.261282, "delta": 44.591535}}
{"target": -13.758528230979671, "params": {"gamma": 895.7106453588987, "log10_alpha": -4.852322416393516, "log10_colsample_bytree": -0.876863119516323, "log10_eta": -3.3553891693618056, "log10_lambda": -3.051279764295516, "log10_min_child_weight": 0.4424979468005613, "log10_subsample": -0.1699874773201887, "max_depth": 9.0, "num_boost_round": 1.0}, "datetime": {"datetime": "2024-01-19 01:27:45", "elapsed": 4585.26537, "delta": 0.004088}}
{"target": -13.758527350926054, "params": {"gamma": 895.7106453588987, "log10_alpha": -4.852322416393516, "log10_colsample_bytree": -0.876863119516323, "log10_eta": -3.3553891693618056, "log10_lambda": -3.051279764295516, "log10_min_child_weight": 0.4424979468005613, "log10_subsample": -0.1699874773201887, "max_depth": 9.0, "num_boost_round": 2.0}, "datetime": {"datetime": "2024-01-19 01:27:45", "elapsed": 4585.270757, "delta": 0.005387}}
{"target": -13.758526833234479, "params": {"gamma": 895.7106453588987, "log10_alpha": -4.852322416393516, "log10_colsample_bytree": -0.876863119516323, "log10_eta": -3.3553891693618056, "log10_lambda": -3.051279764295516, "log10_min_child_weight": 0.4424979468005613, "log10_subsample": -0.1699874773201887, "max_depth": 9.0, "num_boost_round": 3.0}, "datetime": {"datetime": "2024-01-19 01:27:45", "elapsed": 4585.274657, "delta": 0.0039}}
{"target": -13.75850399231639, "params": {"gamma": 895.7106453588987, "log10_alpha": -4.852322416393516, "log10_colsample_bytree": -0.876863119516323, "log10_eta": -3.3553891693618056, "log10_lambda": -3.051279764295516, "log10_min_child_weight": 0.4424979468005613, "log10_subsample": -0.1699874773201887, "max_depth": 9.0, "num_boost_round": 4.0}, "datetime": {"datetime": "2024-01-19 01:27:45", "elapsed": 4585.278446, "delta": 0.003789}}
{"target": -13.758504047642216, "params": {"gamma": 895.7106453588987, "log10_alpha": -4.852322416393516, "log10_colsample_bytree": -0.876863119516323, "log10_eta": -3.3553891693618056, "log10_lambda": -3.051279764295516, "log10_min_child_weight": 0.4424979468005613, "log10_subsample": -0.1699874773201887, "max_depth": 9.0, "num_boost_round": 5.0}, "datetime": {"datetime": "2024-01-19 01:27:45", "elapsed": 4585.282264, "delta": 0.003818}}
{"target": -13.758505038446087, "params": {"gamma": 895.7106453588987, "log10_alpha": -4.852322416393516, "log10_colsample_bytree": -0.876863119516323, "log10_eta": -3.3553891693618056, "log10_lambda": -3.051279764295516, "log10_min_child_weight": 0.4424979468005613, "log10_subsample": -0.1699874773201887, "max_depth": 9.0, "num_boost_round": 6.0}, "datetime": {"datetime": "2024-01-19 01:27:45", "elapsed": 4585.286134, "delta": 0.00387}}
{"target": -13.758482385868888, "params": {"gamma": 895.7106453588987, "log10_alpha": -4.852322416393516, "log10_colsample_bytree": -0.876863119516323, "log10_eta": -3.3553891693618056, "log10_lambda": -3.051279764295516, "log10_min_child_weight": 0.4424979468005613, "log10_subsample": -0.1699874773201887, "max_depth": 9.0, "num_boost_round": 7.0}, "datetime": {"datetime": "2024-01-19 01:27:45", "elapsed": 4585.290545, "delta": 0.004411}}
{"target": -13.758466960103757, "params": {"gamma": 895.7106453588987, "log10_alpha": -4.852322416393516, "log10_colsample_bytree": -0.876863119516323, "log10_eta": -3.3553891693618056, "log10_lambda": -3.051279764295516, "log10_min_child_weight": 0.4424979468005613, "log10_subsample": -0.1699874773201887, "max_depth": 9.0, "num_boost_round": 8.0}, "datetime": {"datetime": "2024-01-19 01:27:45", "elapsed": 4585.294508, "delta": 0.003963}}
{"target": -13.758450824778148, "params": {"gamma": 895.7106453588987, "log10_alpha": -4.852322416393516, "log10_colsample_bytree": -0.876863119516323, "log10_eta": -3.3553891693618056, "log10_lambda": -3.051279764295516, "log10_min_child_weight": 0.4424979468005613, "log10_subsample": -0.1699874773201887, "max_depth": 9.0, "num_boost_round": 9.0}, "datetime": {"datetime": "2024-01-19 01:27:45", "elapsed": 4585.298547, "delta": 0.004039}}
{"target": -13.758446333680395, "params": {"gamma": 895.7106453588987, "log10_alpha": -4.852322416393516, "log10_colsample_bytree": -0.876863119516323, "log10_eta": -3.3553891693618056, "log10_lambda": -3.051279764295516, "log10_min_child_weight": 0.4424979468005613, "log10_subsample": -0.1699874773201887, "max_depth": 9.0, "num_boost_round": 10.0}, "datetime": {"datetime": "2024-01-19 01:27:45", "elapsed": 4585.302403, "delta": 0.003856}}
{"target": -13.758439730547304, "params": {"gamma": 895.7106453588987, "log10_alpha": -4.852322416393516, "log10_colsample_bytree": -0.876863119516323, "log10_eta": -3.3553891693618056, "log10_lambda": -3.051279764295516, "log10_min_child_weight": 0.4424979468005613, "log10_subsample": -0.1699874773201887, "max_depth": 9.0, "num_boost_round": 11.0}, "datetime": {"datetime": "2024-01-19 01:27:45", "elapsed": 4585.306203, "delta": 0.0038}}
{"target": -13.75844627295448, "params": {"gamma": 895.7106453588987, "log10_alpha": -4.852322416393516, "log10_colsample_bytree": -0.876863119516323, "log10_eta": -3.3553891693618056, "log10_lambda": -3.051279764295516, "log10_min_child_weight": 0.4424979468005613, "log10_subsample": -0.1699874773201887, "max_depth": 9.0, "num_boost_round": 12.0}, "datetime": {"datetime": "2024-01-19 01:27:45", "elapsed": 4585.310037, "delta": 0.003834}}
{"target": -13.758413373813026, "params": {"gamma": 895.7106453588987, "log10_alpha": -4.852322416393516, "log10_colsample_bytree": -0.876863119516323, "log10_eta": -3.3553891693618056, "log10_lambda": -3.051279764295516, "log10_min_child_weight": 0.4424979468005613, "log10_subsample": -0.1699874773201887, "max_depth": 9.0, "num_boost_round": 13.0}, "datetime": {"datetime": "2024-01-19 01:27:45", "elapsed": 4585.313947, "delta": 0.00391}}
{"target": -13.757658351250344, "params": {"gamma": 894.5113422849176, "log10_alpha": -3.827437240604953, "log10_colsample_bytree": -0.3141874964312328, "log10_eta": -0.38446663380147994, "log10_lambda": -4.181346429121783, "log10_min_child_weight": 4.694299679688281, "log10_subsample": -0.45296083043612545, "max_depth": 3.0, "num_boost_round": 0.0}, "datetime": {"datetime": "2024-01-19 01:28:37", "elapsed": 4637.049606, "delta": 51.735659}}
{"target": -13.760727378034844, "params": {"gamma": 894.5113422849176, "log10_alpha": -3.827437240604953, "log10_colsample_bytree": -0.3141874964312328, "log10_eta": -0.38446663380147994, "log10_lambda": -4.181346429121783, "log10_min_child_weight": 4.694299679688281, "log10_subsample": -0.45296083043612545, "max_depth": 3.0, "num_boost_round": 1.0}, "datetime": {"datetime": "2024-01-19 01:28:37", "elapsed": 4637.054613, "delta": 0.005007}}
{"target": -13.763540839019063, "params": {"gamma": 894.5113422849176, "log10_alpha": -3.827437240604953, "log10_colsample_bytree": -0.3141874964312328, "log10_eta": -0.38446663380147994, "log10_lambda": -4.181346429121783, "log10_min_child_weight": 4.694299679688281, "log10_subsample": -0.45296083043612545, "max_depth": 3.0, "num_boost_round": 2.0}, "datetime": {"datetime": "2024-01-19 01:28:37", "elapsed": 4637.058511, "delta": 0.003898}}
{"target": -13.76618243516248, "params": {"gamma": 894.5113422849176, "log10_alpha": -3.827437240604953, "log10_colsample_bytree": -0.3141874964312328, "log10_eta": -0.38446663380147994, "log10_lambda": -4.181346429121783, "log10_min_child_weight": 4.694299679688281, "log10_subsample": -0.45296083043612545, "max_depth": 3.0, "num_boost_round": 3.0}, "datetime": {"datetime": "2024-01-19 01:28:37", "elapsed": 4637.062316, "delta": 0.003805}}
{"target": -13.766104626143735, "params": {"gamma": 894.5113422849176, "log10_alpha": -3.827437240604953, "log10_colsample_bytree": -0.3141874964312328, "log10_eta": -0.38446663380147994, "log10_lambda": -4.181346429121783, "log10_min_child_weight": 4.694299679688281, "log10_subsample": -0.45296083043612545, "max_depth": 3.0, "num_boost_round": 4.0}, "datetime": {"datetime": "2024-01-19 01:28:37", "elapsed": 4637.066067, "delta": 0.003751}}
{"target": -13.768772135888174, "params": {"gamma": 894.5113422849176, "log10_alpha": -3.827437240604953, "log10_colsample_bytree": -0.3141874964312328, "log10_eta": -0.38446663380147994, "log10_lambda": -4.181346429121783, "log10_min_child_weight": 4.694299679688281, "log10_subsample": -0.45296083043612545, "max_depth": 3.0, "num_boost_round": 5.0}, "datetime": {"datetime": "2024-01-19 01:28:37", "elapsed": 4637.069804, "delta": 0.003737}}
{"target": -13.77057300623967, "params": {"gamma": 894.5113422849176, "log10_alpha": -3.827437240604953, "log10_colsample_bytree": -0.3141874964312328, "log10_eta": -0.38446663380147994, "log10_lambda": -4.181346429121783, "log10_min_child_weight": 4.694299679688281, "log10_subsample": -0.45296083043612545, "max_depth": 3.0, "num_boost_round": 6.0}, "datetime": {"datetime": "2024-01-19 01:28:37", "elapsed": 4637.073696, "delta": 0.003892}}
{"target": -13.772964479516771, "params": {"gamma": 894.5113422849176, "log10_alpha": -3.827437240604953, "log10_colsample_bytree": -0.3141874964312328, "log10_eta": -0.38446663380147994, "log10_lambda": -4.181346429121783, "log10_min_child_weight": 4.694299679688281, "log10_subsample": -0.45296083043612545, "max_depth": 3.0, "num_boost_round": 7.0}, "datetime": {"datetime": "2024-01-19 01:28:37", "elapsed": 4637.077743, "delta": 0.004047}}
{"target": -13.775447817708267, "params": {"gamma": 894.5113422849176, "log10_alpha": -3.827437240604953, "log10_colsample_bytree": -0.3141874964312328, "log10_eta": -0.38446663380147994, "log10_lambda": -4.181346429121783, "log10_min_child_weight": 4.694299679688281, "log10_subsample": -0.45296083043612545, "max_depth": 3.0, "num_boost_round": 8.0}, "datetime": {"datetime": "2024-01-19 01:28:37", "elapsed": 4637.081576, "delta": 0.003833}}
{"target": -13.775232642443527, "params": {"gamma": 894.5113422849176, "log10_alpha": -3.827437240604953, "log10_colsample_bytree": -0.3141874964312328, "log10_eta": -0.38446663380147994, "log10_lambda": -4.181346429121783, "log10_min_child_weight": 4.694299679688281, "log10_subsample": -0.45296083043612545, "max_depth": 3.0, "num_boost_round": 9.0}, "datetime": {"datetime": "2024-01-19 01:28:37", "elapsed": 4637.085423, "delta": 0.003847}}
{"target": -13.776226804685372, "params": {"gamma": 894.5113422849176, "log10_alpha": -3.827437240604953, "log10_colsample_bytree": -0.3141874964312328, "log10_eta": -0.38446663380147994, "log10_lambda": -4.181346429121783, "log10_min_child_weight": 4.694299679688281, "log10_subsample": -0.45296083043612545, "max_depth": 3.0, "num_boost_round": 10.0}, "datetime": {"datetime": "2024-01-19 01:28:37", "elapsed": 4637.089291, "delta": 0.003868}}
{"target": -13.758537493209298, "params": {"gamma": 887.3788028443142, "log10_alpha": -4.853145168176982, "log10_colsample_bytree": -0.21237857731442344, "log10_eta": -3.678715289018924, "log10_lambda": -1.8718767005897465, "log10_min_child_weight": 4.86332380232424, "log10_subsample": -0.7244796307901239, "max_depth": 7.0, "num_boost_round": 0.0}, "datetime": {"datetime": "2024-01-19 01:29:20", "elapsed": 4680.572584, "delta": 43.483293}}
{"target": -13.758536538477294, "params": {"gamma": 887.3788028443142, "log10_alpha": -4.853145168176982, "log10_colsample_bytree": -0.21237857731442344, "log10_eta": -3.678715289018924, "log10_lambda": -1.8718767005897465, "log10_min_child_weight": 4.86332380232424, "log10_subsample": -0.7244796307901239, "max_depth": 7.0, "num_boost_round": 1.0}, "datetime": {"datetime": "2024-01-19 01:29:20", "elapsed": 4680.577202, "delta": 0.004618}}
{"target": -13.758536187260216, "params": {"gamma": 887.3788028443142, "log10_alpha": -4.853145168176982, "log10_colsample_bytree": -0.21237857731442344, "log10_eta": -3.678715289018924, "log10_lambda": -1.8718767005897465, "log10_min_child_weight": 4.86332380232424, "log10_subsample": -0.7244796307901239, "max_depth": 7.0, "num_boost_round": 2.0}, "datetime": {"datetime": "2024-01-19 01:29:20", "elapsed": 4680.581635, "delta": 0.004433}}
{"target": -13.758535484899035, "params": {"gamma": 887.3788028443142, "log10_alpha": -4.853145168176982, "log10_colsample_bytree": -0.21237857731442344, "log10_eta": -3.678715289018924, "log10_lambda": -1.8718767005897465, "log10_min_child_weight": 4.86332380232424, "log10_subsample": -0.7244796307901239, "max_depth": 7.0, "num_boost_round": 3.0}, "datetime": {"datetime": "2024-01-19 01:29:20", "elapsed": 4680.585492, "delta": 0.003857}}
{"target": -13.758534909579724, "params": {"gamma": 887.3788028443142, "log10_alpha": -4.853145168176982, "log10_colsample_bytree": -0.21237857731442344, "log10_eta": -3.678715289018924, "log10_lambda": -1.8718767005897465, "log10_min_child_weight": 4.86332380232424, "log10_subsample": -0.7244796307901239, "max_depth": 7.0, "num_boost_round": 4.0}, "datetime": {"datetime": "2024-01-19 01:29:20", "elapsed": 4680.589381, "delta": 0.003889}}
{"target": -13.75853386267935, "params": {"gamma": 887.3788028443142, "log10_alpha": -4.853145168176982, "log10_colsample_bytree": -0.21237857731442344, "log10_eta": -3.678715289018924, "log10_lambda": -1.8718767005897465, "log10_min_child_weight": 4.86332380232424, "log10_subsample": -0.7244796307901239, "max_depth": 7.0, "num_boost_round": 5.0}, "datetime": {"datetime": "2024-01-19 01:29:20", "elapsed": 4680.593228, "delta": 0.003847}}
{"target": -13.75853333073842, "params": {"gamma": 887.3788028443142, "log10_alpha": -4.853145168176982, "log10_colsample_bytree": -0.21237857731442344, "log10_eta": -3.678715289018924, "log10_lambda": -1.8718767005897465, "log10_min_child_weight": 4.86332380232424, "log10_subsample": -0.7244796307901239, "max_depth": 7.0, "num_boost_round": 6.0}, "datetime": {"datetime": "2024-01-19 01:29:20", "elapsed": 4680.596982, "delta": 0.003754}}
{"target": -13.758532748711197, "params": {"gamma": 887.3788028443142, "log10_alpha": -4.853145168176982, "log10_colsample_bytree": -0.21237857731442344, "log10_eta": -3.678715289018924, "log10_lambda": -1.8718767005897465, "log10_min_child_weight": 4.86332380232424, "log10_subsample": -0.7244796307901239, "max_depth": 7.0, "num_boost_round": 7.0}, "datetime": {"datetime": "2024-01-19 01:29:20", "elapsed": 4680.600743, "delta": 0.003761}}
