{"target": -13.75828523893114, "params": {"gamma": 83.25546289750463, "log10_alpha": -3.768149810493097, "log10_colsample_bytree": -0.20264335148932, "log10_eta": -2.1964693133661592, "log10_lambda": -1.6321151773410305, "log10_min_child_weight": 4.198691759094182, "log10_subsample": -0.8007098637649187, "max_depth": 7.0, "num_boost_round": 12.0}, "datetime": {"datetime": "2024-01-19 00:25:11", "elapsed": 810.440115, "delta": 0.001062}}
{"target": -13.75828760161822, "params": {"gamma": 83.25546289750463, "log10_alpha": -3.768149810493097, "log10_colsample_bytree": -0.20264335148932, "log10_eta": -2.1964693133661592, "log10_lambda": -1.6321151773410305, "log10_min_child_weight": 4.198691759094182, "log10_subsample": -0.8007098637649187, "max_depth": 7.0, "num_boost_round": 13.0}, "datetime": {"datetime": "2024-01-19 00:25:11", "elapsed": 810.441188, "delta": 0.001073}}
{"target": -13.758270944413514, "params": {"gamma": 83.25546289750463, "log10_alpha": -3.768149810493097, "log10_colsample_bytree": -0.20264335148932, "log10_eta": -2.1964693133661592, "log10_lambda": -1.6321151773410305, "log10_min_child_weight": 4.198691759094182, "log10_subsample": -0.8007098637649187, "max_depth": 7.0, "num_boost_round": 14.0}, "datetime": {"datetime": "2024-01-19 00:25:11", "elapsed": 810.4423, "delta": 0.001112}}
{"target": -13.75821390352193, "params": {"gamma": 83.25546289750463, "log10_alpha": -3.768149810493097, "log10_colsample_bytree": -0.20264335148932, "log10_eta": -2.1964693133661592, "log10_lambda": -1.6321151773410305, "log10_min_child_weight": 4.198691759094182, "log10_subsample": -0.8007098637649187, "max_depth": 7.0, "num_boost_round": 15.0}, "datetime": {"datetime": "2024-01-19 00:25:11", "elapsed": 810.443371, "delta": 0.001071}}
{"target": -13.75822656028861, "params": {"gamma": 83.25546289750463, "log10_alpha": -3.768149810493097, "log10_colsample_bytree": -0.20264335148932, "log10_eta": -2.1964693133661592, "log10_lambda": -1.6321151773410305, "log10_min_child_weight": 4.198691759094182, "log10_subsample": -0.8007098637649187, "max_depth": 7.0, "num_boost_round": 16.0}, "datetime": {"datetime": "2024-01-19 00:25:11", "elapsed": 810.444454, "delta": 0.001083}}
{"target": -13.758173116165732, "params": {"gamma": 83.25546289750463, "log10_alpha": -3.768149810493097, "log10_colsample_bytree": -0.20264335148932, "log10_eta": -2.1964693133661592, "log10_lambda": -1.6321151773410305, "log10_min_child_weight": 4.198691759094182, "log10_subsample": -0.8007098637649187, "max_depth": 7.0, "num_boost_round": 17.0}, "datetime": {"datetime": "2024-01-19 00:25:11", "elapsed": 810.445557, "delta": 0.001103}}
{"target": -13.758178210432057, "params": {"gamma": 83.25546289750463, "log10_alpha": -3.768149810493097, "log10_colsample_bytree": -0.20264335148932, "log10_eta": -2.1964693133661592, "log10_lambda": -1.6321151773410305, "log10_min_child_weight": 4.198691759094182, "log10_subsample": -0.8007098637649187, "max_depth": 7.0, "num_boost_round": 18.0}, "datetime": {"datetime": "2024-01-19 00:25:11", "elapsed": 810.446617, "delta": 0.00106}}
{"target": -13.75816866060078, "params": {"gamma": 83.25546289750463, "log10_alpha": -3.768149810493097, "log10_colsample_bytree": -0.20264335148932, "log10_eta": -2.1964693133661592, "log10_lambda": -1.6321151773410305, "log10_min_child_weight": 4.198691759094182, "log10_subsample": -0.8007098637649187, "max_depth": 7.0, "num_boost_round": 19.0}, "datetime": {"datetime": "2024-01-19 00:25:11", "elapsed": 810.447721, "delta": 0.001104}}
{"target": -13.758160010895157, "params": {"gamma": 83.25546289750463, "log10_alpha": -3.768149810493097, "log10_colsample_bytree": -0.20264335148932, "log10_eta": -2.1964693133661592, "log10_lambda": -1.6321151773410305, "log10_min_child_weight": 4.198691759094182, "log10_subsample": -0.8007098637649187, "max_depth": 7.0, "num_boost_round": 20.0}, "datetime": {"datetime": "2024-01-19 00:25:11", "elapsed": 810.448791, "delta": 0.00107}}
{"target": -13.758163894361907, "params": {"gamma": 83.25546289750463, "log10_alpha": -3.768149810493097, "log10_colsample_bytree": -0.20264335148932, "log10_eta": -2.1964693133661592, "log10_lambda": -1.6321151773410305, "log10_min_child_weight": 4.198691759094182, "log10_subsample": -0.8007098637649187, "max_depth": 7.0, "num_boost_round": 21.0}, "datetime": {"datetime": "2024-01-19 00:25:11", "elapsed": 810.449869, "delta": 0.001078}}
{"target": -13.758161081542328, "params": {"gamma": 83.25546289750463, "log10_alpha": -3.768149810493097, "log10_colsample_bytree": -0.20264335148932, "log10_eta": -2.1964693133661592, "log10_lambda": -1.6321151773410305, "log10_min_child_weight": 4.198691759094182, "log10_subsample": -0.8007098637649187, "max_depth": 7.0, "num_boost_round": 22.0}, "datetime": {"datetime": "2024-01-19 00:25:11", "elapsed": 810.450943, "delta": 0.001074}}
{"target": -13.75813862155591, "params": {"gamma": 83.25546289750463, "log10_alpha": -3.768149810493097, "log10_colsample_bytree": -0.20264335148932, "log10_eta": -2.1964693133661592, "log10_lambda": -1.6321151773410305, "log10_min_child_weight": 4.198691759094182, "log10_subsample": -0.8007098637649187, "max_depth": 7.0, "num_boost_round": 23.0}, "datetime": {"datetime": "2024-01-19 00:25:11", "elapsed": 810.452031, "delta": 0.001088}}
{"target": -13.758142429681284, "params": {"gamma": 83.25546289750463, "log10_alpha": -3.768149810493097, "log10_colsample_bytree": -0.20264335148932, "log10_eta": -2.1964693133661592, "log10_lambda": -1.6321151773410305, "log10_min_child_weight": 4.198691759094182, "log10_subsample": -0.8007098637649187, "max_depth": 7.0, "num_boost_round": 24.0}, "datetime": {"datetime": "2024-01-19 00:25:11", "elapsed": 810.453211, "delta": 0.00118}}
{"target": -13.758103935708768, "params": {"gamma": 83.25546289750463, "log10_alpha": -3.768149810493097, "log10_colsample_bytree": -0.20264335148932, "log10_eta": -2.1964693133661592, "log10_lambda": -1.6321151773410305, "log10_min_child_weight": 4.198691759094182, "log10_subsample": -0.8007098637649187, "max_depth": 7.0, "num_boost_round": 25.0}, "datetime": {"datetime": "2024-01-19 00:25:11", "elapsed": 810.454268, "delta": 0.001057}}
{"target": -13.758052168772176, "params": {"gamma": 83.25546289750463, "log10_alpha": -3.768149810493097, "log10_colsample_bytree": -0.20264335148932, "log10_eta": -2.1964693133661592, "log10_lambda": -1.6321151773410305, "log10_min_child_weight": 4.198691759094182, "log10_subsample": -0.8007098637649187, "max_depth": 7.0, "num_boost_round": 26.0}, "datetime": {"datetime": "2024-01-19 00:25:11", "elapsed": 810.455357, "delta": 0.001089}}
{"target": -13.758044170602615, "params": {"gamma": 83.25546289750463, "log10_alpha": -3.768149810493097, "log10_colsample_bytree": -0.20264335148932, "log10_eta": -2.1964693133661592, "log10_lambda": -1.6321151773410305, "log10_min_child_weight": 4.198691759094182, "log10_subsample": -0.8007098637649187, "max_depth": 7.0, "num_boost_round": 27.0}, "datetime": {"datetime": "2024-01-19 00:25:11", "elapsed": 810.456431, "delta": 0.001074}}
{"target": -13.758085656326802, "params": {"gamma": 83.25546289750463, "log10_alpha": -3.768149810493097, "log10_colsample_bytree": -0.20264335148932, "log10_eta": -2.1964693133661592, "log10_lambda": -1.6321151773410305, "log10_min_child_weight": 4.198691759094182, "log10_subsample": -0.8007098637649187, "max_depth": 7.0, "num_boost_round": 28.0}, "datetime": {"datetime": "2024-01-19 00:25:11", "elapsed": 810.457477, "delta": 0.001046}}
{"target": -13.758141070547381, "params": {"gamma": 83.25546289750463, "log10_alpha": -3.768149810493097, "log10_colsample_bytree": -0.20264335148932, "log10_eta": -2.1964693133661592, "log10_lambda": -1.6321151773410305, "log10_min_child_weight": 4.198691759094182, "log10_subsample": -0.8007098637649187, "max_depth": 7.0, "num_boost_round": 29.0}, "datetime": {"datetime": "2024-01-19 00:25:11", "elapsed": 810.458559, "delta": 0.001082}}
{"target": -13.758173107447453, "params": {"gamma": 83.25546289750463, "log10_alpha": -3.768149810493097, "log10_colsample_bytree": -0.20264335148932, "log10_eta": -2.1964693133661592, "log10_lambda": -1.6321151773410305, "log10_min_child_weight": 4.198691759094182, "log10_subsample": -0.8007098637649187, "max_depth": 7.0, "num_boost_round": 30.0}, "datetime": {"datetime": "2024-01-19 00:25:11", "elapsed": 810.459645, "delta": 0.001086}}
{"target": -13.758105387565154, "params": {"gamma": 83.25546289750463, "log10_alpha": -3.768149810493097, "log10_colsample_bytree": -0.20264335148932, "log10_eta": -2.1964693133661592, "log10_lambda": -1.6321151773410305, "log10_min_child_weight": 4.198691759094182, "log10_subsample": -0.8007098637649187, "max_depth": 7.0, "num_boost_round": 31.0}, "datetime": {"datetime": "2024-01-19 00:25:11", "elapsed": 810.460725, "delta": 0.00108}}
{"target": -13.758190870913841, "params": {"gamma": 83.25546289750463, "log10_alpha": -3.768149810493097, "log10_colsample_bytree": -0.20264335148932, "log10_eta": -2.1964693133661592, "log10_lambda": -1.6321151773410305, "log10_min_child_weight": 4.198691759094182, "log10_subsample": -0.8007098637649187, "max_depth": 7.0, "num_boost_round": 32.0}, "datetime": {"datetime": "2024-01-19 00:25:11", "elapsed": 810.461817, "delta": 0.001092}}
{"target": -13.75820969955143, "params": {"gamma": 83.25546289750463, "log10_alpha": -3.768149810493097, "log10_colsample_bytree": -0.20264335148932, "log10_eta": -2.1964693133661592, "log10_lambda": -1.6321151773410305, "log10_min_child_weight": 4.198691759094182, "log10_subsample": -0.8007098637649187, "max_depth": 7.0, "num_boost_round": 33.0}, "datetime": {"datetime": "2024-01-19 00:25:11", "elapsed": 810.462874, "delta": 0.001057}}
{"target": -13.758211947602307, "params": {"gamma": 83.25546289750463, "log10_alpha": -3.768149810493097, "log10_colsample_bytree": -0.20264335148932, "log10_eta": -2.1964693133661592, "log10_lambda": -1.6321151773410305, "log10_min_child_weight": 4.198691759094182, "log10_subsample": -0.8007098637649187, "max_depth": 7.0, "num_boost_round": 34.0}, "datetime": {"datetime": "2024-01-19 00:25:11", "elapsed": 810.464009, "delta": 0.001135}}
{"target": -13.758253628171268, "params": {"gamma": 83.25546289750463, "log10_alpha": -3.768149810493097, "log10_colsample_bytree": -0.20264335148932, "log10_eta": -2.1964693133661592, "log10_lambda": -1.6321151773410305, "log10_min_child_weight": 4.198691759094182, "log10_subsample": -0.8007098637649187, "max_depth": 7.0, "num_boost_round": 35.0}, "datetime": {"datetime": "2024-01-19 00:25:11", "elapsed": 810.465105, "delta": 0.001096}}
{"target": -13.757252401550835, "params": {"gamma": 62.08489066275935, "log10_alpha": 0.9326193666868052, "log10_colsample_bytree": -0.35495679318379636, "log10_eta": -1.181107471729545, "log10_lambda": -1.8148687011047278, "log10_min_child_weight": 0.15190904602568556, "log10_subsample": -0.12379024042409192, "max_depth": 4.0, "num_boost_round": 0.0}, "datetime": {"datetime": "2024-01-19 00:25:35", "elapsed": 834.690873, "delta": 24.225768}}
{"target": -13.75924084614, "params": {"gamma": 62.08489066275935, "log10_alpha": 0.9326193666868052, "log10_colsample_bytree": -0.35495679318379636, "log10_eta": -1.181107471729545, "log10_lambda": -1.8148687011047278, "log10_min_child_weight": 0.15190904602568556, "log10_subsample": -0.12379024042409192, "max_depth": 4.0, "num_boost_round": 1.0}, "datetime": {"datetime": "2024-01-19 00:25:35", "elapsed": 834.692435, "delta": 0.001562}}
{"target": -13.761449392580037, "params": {"gamma": 62.08489066275935, "log10_alpha": 0.9326193666868052, "log10_colsample_bytree": -0.35495679318379636, "log10_eta": -1.181107471729545, "log10_lambda": -1.8148687011047278, "log10_min_child_weight": 0.15190904602568556, "log10_subsample": -0.12379024042409192, "max_depth": 4.0, "num_boost_round": 2.0}, "datetime": {"datetime": "2024-01-19 00:25:35", "elapsed": 834.694009, "delta": 0.001574}}
{"target": -13.76090930046095, "params": {"gamma": 62.08489066275935, "log10_alpha": 0.9326193666868052, "log10_colsample_bytree": -0.35495679318379636, "log10_eta": -1.181107471729545, "log10_lambda": -1.8148687011047278, "log10_min_child_weight": 0.15190904602568556, "log10_subsample": -0.12379024042409192, "max_depth": 4.0, "num_boost_round": 3.0}, "datetime": {"datetime": "2024-01-19 00:25:35", "elapsed": 834.695119, "delta": 0.00111}}
{"target": -13.76161965992267, "params": {"gamma": 62.08489066275935, "log10_alpha": 0.9326193666868052, "log10_colsample_bytree": -0.35495679318379636, "log10_eta": -1.181107471729545, "log10_lambda": -1.8148687011047278, "log10_min_child_weight": 0.15190904602568556, "log10_subsample": -0.12379024042409192, "max_depth": 4.0, "num_boost_round": 4.0}, "datetime": {"datetime": "2024-01-19 00:25:35", "elapsed": 834.696234, "delta": 0.001115}}
{"target": -13.764500520653758, "params": {"gamma": 62.08489066275935, "log10_alpha": 0.9326193666868052, "log10_colsample_bytree": -0.35495679318379636, "log10_eta": -1.181107471729545, "log10_lambda": -1.8148687011047278, "log10_min_child_weight": 0.15190904602568556, "log10_subsample": -0.12379024042409192, "max_depth": 4.0, "num_boost_round": 5.0}, "datetime": {"datetime": "2024-01-19 00:25:35", "elapsed": 834.697326, "delta": 0.001092}}
{"target": -13.767276031605206, "params": {"gamma": 62.08489066275935, "log10_alpha": 0.9326193666868052, "log10_colsample_bytree": -0.35495679318379636, "log10_eta": -1.181107471729545, "log10_lambda": -1.8148687011047278, "log10_min_child_weight": 0.15190904602568556, "log10_subsample": -0.12379024042409192, "max_depth": 4.0, "num_boost_round": 6.0}, "datetime": {"datetime": "2024-01-19 00:25:35", "elapsed": 834.698479, "delta": 0.001153}}
{"target": -13.767493258823096, "params": {"gamma": 62.08489066275935, "log10_alpha": 0.9326193666868052, "log10_colsample_bytree": -0.35495679318379636, "log10_eta": -1.181107471729545, "log10_lambda": -1.8148687011047278, "log10_min_child_weight": 0.15190904602568556, "log10_subsample": -0.12379024042409192, "max_depth": 4.0, "num_boost_round": 7.0}, "datetime": {"datetime": "2024-01-19 00:25:35", "elapsed": 834.699595, "delta": 0.001116}}
{"target": -13.768194461300936, "params": {"gamma": 62.08489066275935, "log10_alpha": 0.9326193666868052, "log10_colsample_bytree": -0.35495679318379636, "log10_eta": -1.181107471729545, "log10_lambda": -1.8148687011047278, "log10_min_child_weight": 0.15190904602568556, "log10_subsample": -0.12379024042409192, "max_depth": 4.0, "num_boost_round": 8.0}, "datetime": {"datetime": "2024-01-19 00:25:35", "elapsed": 834.700706, "delta": 0.001111}}
{"target": -13.768667500630505, "params": {"gamma": 62.08489066275935, "log10_alpha": 0.9326193666868052, "log10_colsample_bytree": -0.35495679318379636, "log10_eta": -1.181107471729545, "log10_lambda": -1.8148687011047278, "log10_min_child_weight": 0.15190904602568556, "log10_subsample": -0.12379024042409192, "max_depth": 4.0, "num_boost_round": 9.0}, "datetime": {"datetime": "2024-01-19 00:25:35", "elapsed": 834.701822, "delta": 0.001116}}
{"target": -13.76842789555869, "params": {"gamma": 62.08489066275935, "log10_alpha": 0.9326193666868052, "log10_colsample_bytree": -0.35495679318379636, "log10_eta": -1.181107471729545, "log10_lambda": -1.8148687011047278, "log10_min_child_weight": 0.15190904602568556, "log10_subsample": -0.12379024042409192, "max_depth": 4.0, "num_boost_round": 10.0}, "datetime": {"datetime": "2024-01-19 00:25:35", "elapsed": 834.702972, "delta": 0.00115}}
{"target": -13.767942562812438, "params": {"gamma": 62.08489066275935, "log10_alpha": 0.9326193666868052, "log10_colsample_bytree": -0.35495679318379636, "log10_eta": -1.181107471729545, "log10_lambda": -1.8148687011047278, "log10_min_child_weight": 0.15190904602568556, "log10_subsample": -0.12379024042409192, "max_depth": 4.0, "num_boost_round": 11.0}, "datetime": {"datetime": "2024-01-19 00:25:35", "elapsed": 834.704083, "delta": 0.001111}}
{"target": -13.76976332206767, "params": {"gamma": 62.08489066275935, "log10_alpha": 0.9326193666868052, "log10_colsample_bytree": -0.35495679318379636, "log10_eta": -1.181107471729545, "log10_lambda": -1.8148687011047278, "log10_min_child_weight": 0.15190904602568556, "log10_subsample": -0.12379024042409192, "max_depth": 4.0, "num_boost_round": 12.0}, "datetime": {"datetime": "2024-01-19 00:25:35", "elapsed": 834.70519, "delta": 0.001107}}
{"target": -13.771072774044187, "params": {"gamma": 62.08489066275935, "log10_alpha": 0.9326193666868052, "log10_colsample_bytree": -0.35495679318379636, "log10_eta": -1.181107471729545, "log10_lambda": -1.8148687011047278, "log10_min_child_weight": 0.15190904602568556, "log10_subsample": -0.12379024042409192, "max_depth": 4.0, "num_boost_round": 13.0}, "datetime": {"datetime": "2024-01-19 00:25:35", "elapsed": 834.706307, "delta": 0.001117}}
{"target": -13.773479844721567, "params": {"gamma": 62.08489066275935, "log10_alpha": 0.9326193666868052, "log10_colsample_bytree": -0.35495679318379636, "log10_eta": -1.181107471729545, "log10_lambda": -1.8148687011047278, "log10_min_child_weight": 0.15190904602568556, "log10_subsample": -0.12379024042409192, "max_depth": 4.0, "num_boost_round": 14.0}, "datetime": {"datetime": "2024-01-19 00:25:35", "elapsed": 834.707491, "delta": 0.001184}}
{"target": -13.774603564737971, "params": {"gamma": 62.08489066275935, "log10_alpha": 0.9326193666868052, "log10_colsample_bytree": -0.35495679318379636, "log10_eta": -1.181107471729545, "log10_lambda": -1.8148687011047278, "log10_min_child_weight": 0.15190904602568556, "log10_subsample": -0.12379024042409192, "max_depth": 4.0, "num_boost_round": 15.0}, "datetime": {"datetime": "2024-01-19 00:25:35", "elapsed": 834.7086, "delta": 0.001109}}
{"target": -13.776234800797111, "params": {"gamma": 62.08489066275935, "log10_alpha": 0.9326193666868052, "log10_colsample_bytree": -0.35495679318379636, "log10_eta": -1.181107471729545, "log10_lambda": -1.8148687011047278, "log10_min_child_weight": 0.15190904602568556, "log10_subsample": -0.12379024042409192, "max_depth": 4.0, "num_boost_round": 16.0}, "datetime": {"datetime": "2024-01-19 00:25:35", "elapsed": 834.709718, "delta": 0.001118}}
{"target": -13.779791251169515, "params": {"gamma": 62.08489066275935, "log10_alpha": 0.9326193666868052, "log10_colsample_bytree": -0.35495679318379636, "log10_eta": -1.181107471729545, "log10_lambda": -1.8148687011047278, "log10_min_child_weight": 0.15190904602568556, "log10_subsample": -0.12379024042409192, "max_depth": 4.0, "num_boost_round": 17.0}, "datetime": {"datetime": "2024-01-19 00:25:35", "elapsed": 834.710852, "delta": 0.001134}}
{"target": -13.781214698081158, "params": {"gamma": 62.08489066275935, "log10_alpha": 0.9326193666868052, "log10_colsample_bytree": -0.35495679318379636, "log10_eta": -1.181107471729545, "log10_lambda": -1.8148687011047278, "log10_min_child_weight": 0.15190904602568556, "log10_subsample": -0.12379024042409192, "max_depth": 4.0, "num_boost_round": 18.0}, "datetime": {"datetime": "2024-01-19 00:25:35", "elapsed": 834.711964, "delta": 0.001112}}
{"target": -13.781564453401748, "params": {"gamma": 62.08489066275935, "log10_alpha": 0.9326193666868052, "log10_colsample_bytree": -0.35495679318379636, "log10_eta": -1.181107471729545, "log10_lambda": -1.8148687011047278, "log10_min_child_weight": 0.15190904602568556, "log10_subsample": -0.12379024042409192, "max_depth": 4.0, "num_boost_round": 19.0}, "datetime": {"datetime": "2024-01-19 00:25:35", "elapsed": 834.713209, "delta": 0.001245}}
{"target": -13.783547174721514, "params": {"gamma": 62.08489066275935, "log10_alpha": 0.9326193666868052, "log10_colsample_bytree": -0.35495679318379636, "log10_eta": -1.181107471729545, "log10_lambda": -1.8148687011047278, "log10_min_child_weight": 0.15190904602568556, "log10_subsample": -0.12379024042409192, "max_depth": 4.0, "num_boost_round": 20.0}, "datetime": {"datetime": "2024-01-19 00:25:35", "elapsed": 834.714344, "delta": 0.001135}}
{"target": -13.784931682791143, "params": {"gamma": 62.08489066275935, "log10_alpha": 0.9326193666868052, "log10_colsample_bytree": -0.35495679318379636, "log10_eta": -1.181107471729545, "log10_lambda": -1.8148687011047278, "log10_min_child_weight": 0.15190904602568556, "log10_subsample": -0.12379024042409192, "max_depth": 4.0, "num_boost_round": 21.0}, "datetime": {"datetime": "2024-01-19 00:25:35", "elapsed": 834.715471, "delta": 0.001127}}
{"target": -13.785090900502437, "params": {"gamma": 62.08489066275935, "log10_alpha": 0.9326193666868052, "log10_colsample_bytree": -0.35495679318379636, "log10_eta": -1.181107471729545, "log10_lambda": -1.8148687011047278, "log10_min_child_weight": 0.15190904602568556, "log10_subsample": -0.12379024042409192, "max_depth": 4.0, "num_boost_round": 22.0}, "datetime": {"datetime": "2024-01-19 00:25:35", "elapsed": 834.716884, "delta": 0.001413}}
{"target": -13.758612588834328, "params": {"gamma": 85.04774092350387, "log10_alpha": -0.1959650014967229, "log10_colsample_bytree": -0.0525678290678705, "log10_eta": -1.5463174580005532, "log10_lambda": -1.4067245921102174, "log10_min_child_weight": 0.7957091803682387, "log10_subsample": -0.4988061613217075, "max_depth": 6.0, "num_boost_round": 0.0}, "datetime": {"datetime": "2024-01-19 00:26:05", "elapsed": 864.791247, "delta": 30.074363}}
{"target": -13.759176481576548, "params": {"gamma": 85.04774092350387, "log10_alpha": -0.1959650014967229, "log10_colsample_bytree": -0.0525678290678705, "log10_eta": -1.5463174580005532, "log10_lambda": -1.4067245921102174, "log10_min_child_weight": 0.7957091803682387, "log10_subsample": -0.4988061613217075, "max_depth": 6.0, "num_boost_round": 1.0}, "datetime": {"datetime": "2024-01-19 00:26:05", "elapsed": 864.792944, "delta": 0.001697}}
