{"target": -17.67549495327673, "params": {"gamma": 425.01481660070584, "log10_alpha": -3.2909900400783387, "log10_colsample_bytree": -0.49423596932816327, "log10_eta": -2.84777191735317, "log10_lambda": -4.5521432558635215, "log10_min_child_weight": 0.4393171516348815, "log10_subsample": -0.030240328755802848, "max_depth": 4.0, "num_boost_round": 32.0}, "datetime": {"datetime": "2024-01-19 00:15:25", "elapsed": 215.075952, "delta": 0.000821}}
{"target": -17.675435870089512, "params": {"gamma": 425.01481660070584, "log10_alpha": -3.2909900400783387, "log10_colsample_bytree": -0.49423596932816327, "log10_eta": -2.84777191735317, "log10_lambda": -4.5521432558635215, "log10_min_child_weight": 0.4393171516348815, "log10_subsample": -0.030240328755802848, "max_depth": 4.0, "num_boost_round": 33.0}, "datetime": {"datetime": "2024-01-19 00:15:25", "elapsed": 215.076764, "delta": 0.000812}}
{"target": -17.67538475719503, "params": {"gamma": 425.01481660070584, "log10_alpha": -3.2909900400783387, "log10_colsample_bytree": -0.49423596932816327, "log10_eta": -2.84777191735317, "log10_lambda": -4.5521432558635215, "log10_min_child_weight": 0.4393171516348815, "log10_subsample": -0.030240328755802848, "max_depth": 4.0, "num_boost_round": 34.0}, "datetime": {"datetime": "2024-01-19 00:15:25", "elapsed": 215.077588, "delta": 0.000824}}
{"target": -17.67532292434302, "params": {"gamma": 425.01481660070584, "log10_alpha": -3.2909900400783387, "log10_colsample_bytree": -0.49423596932816327, "log10_eta": -2.84777191735317, "log10_lambda": -4.5521432558635215, "log10_min_child_weight": 0.4393171516348815, "log10_subsample": -0.030240328755802848, "max_depth": 4.0, "num_boost_round": 35.0}, "datetime": {"datetime": "2024-01-19 00:15:25", "elapsed": 215.078403, "delta": 0.000815}}
{"target": -17.675305734149312, "params": {"gamma": 425.01481660070584, "log10_alpha": -3.2909900400783387, "log10_colsample_bytree": -0.49423596932816327, "log10_eta": -2.84777191735317, "log10_lambda": -4.5521432558635215, "log10_min_child_weight": 0.4393171516348815, "log10_subsample": -0.030240328755802848, "max_depth": 4.0, "num_boost_round": 36.0}, "datetime": {"datetime": "2024-01-19 00:15:25", "elapsed": 215.079214, "delta": 0.000811}}
{"target": -17.67526404337758, "params": {"gamma": 425.01481660070584, "log10_alpha": -3.2909900400783387, "log10_colsample_bytree": -0.49423596932816327, "log10_eta": -2.84777191735317, "log10_lambda": -4.5521432558635215, "log10_min_child_weight": 0.4393171516348815, "log10_subsample": -0.030240328755802848, "max_depth": 4.0, "num_boost_round": 37.0}, "datetime": {"datetime": "2024-01-19 00:15:25", "elapsed": 215.080035, "delta": 0.000821}}
{"target": -17.67524328459472, "params": {"gamma": 425.01481660070584, "log10_alpha": -3.2909900400783387, "log10_colsample_bytree": -0.49423596932816327, "log10_eta": -2.84777191735317, "log10_lambda": -4.5521432558635215, "log10_min_child_weight": 0.4393171516348815, "log10_subsample": -0.030240328755802848, "max_depth": 4.0, "num_boost_round": 38.0}, "datetime": {"datetime": "2024-01-19 00:15:25", "elapsed": 215.080852, "delta": 0.000817}}
{"target": -17.675257170385358, "params": {"gamma": 425.01481660070584, "log10_alpha": -3.2909900400783387, "log10_colsample_bytree": -0.49423596932816327, "log10_eta": -2.84777191735317, "log10_lambda": -4.5521432558635215, "log10_min_child_weight": 0.4393171516348815, "log10_subsample": -0.030240328755802848, "max_depth": 4.0, "num_boost_round": 39.0}, "datetime": {"datetime": "2024-01-19 00:15:25", "elapsed": 215.081672, "delta": 0.00082}}
{"target": -17.675223746600846, "params": {"gamma": 425.01481660070584, "log10_alpha": -3.2909900400783387, "log10_colsample_bytree": -0.49423596932816327, "log10_eta": -2.84777191735317, "log10_lambda": -4.5521432558635215, "log10_min_child_weight": 0.4393171516348815, "log10_subsample": -0.030240328755802848, "max_depth": 4.0, "num_boost_round": 40.0}, "datetime": {"datetime": "2024-01-19 00:15:25", "elapsed": 215.082504, "delta": 0.000832}}
{"target": -17.675180471399997, "params": {"gamma": 425.01481660070584, "log10_alpha": -3.2909900400783387, "log10_colsample_bytree": -0.49423596932816327, "log10_eta": -2.84777191735317, "log10_lambda": -4.5521432558635215, "log10_min_child_weight": 0.4393171516348815, "log10_subsample": -0.030240328755802848, "max_depth": 4.0, "num_boost_round": 41.0}, "datetime": {"datetime": "2024-01-19 00:15:25", "elapsed": 215.083442, "delta": 0.000938}}
{"target": -17.675083754291308, "params": {"gamma": 425.01481660070584, "log10_alpha": -3.2909900400783387, "log10_colsample_bytree": -0.49423596932816327, "log10_eta": -2.84777191735317, "log10_lambda": -4.5521432558635215, "log10_min_child_weight": 0.4393171516348815, "log10_subsample": -0.030240328755802848, "max_depth": 4.0, "num_boost_round": 42.0}, "datetime": {"datetime": "2024-01-19 00:15:25", "elapsed": 215.084264, "delta": 0.000822}}
{"target": -17.67503299955788, "params": {"gamma": 425.01481660070584, "log10_alpha": -3.2909900400783387, "log10_colsample_bytree": -0.49423596932816327, "log10_eta": -2.84777191735317, "log10_lambda": -4.5521432558635215, "log10_min_child_weight": 0.4393171516348815, "log10_subsample": -0.030240328755802848, "max_depth": 4.0, "num_boost_round": 43.0}, "datetime": {"datetime": "2024-01-19 00:15:25", "elapsed": 215.085089, "delta": 0.000825}}
{"target": -17.674982925434332, "params": {"gamma": 425.01481660070584, "log10_alpha": -3.2909900400783387, "log10_colsample_bytree": -0.49423596932816327, "log10_eta": -2.84777191735317, "log10_lambda": -4.5521432558635215, "log10_min_child_weight": 0.4393171516348815, "log10_subsample": -0.030240328755802848, "max_depth": 4.0, "num_boost_round": 44.0}, "datetime": {"datetime": "2024-01-19 00:15:25", "elapsed": 215.085911, "delta": 0.000822}}
{"target": -17.674896704104363, "params": {"gamma": 425.01481660070584, "log10_alpha": -3.2909900400783387, "log10_colsample_bytree": -0.49423596932816327, "log10_eta": -2.84777191735317, "log10_lambda": -4.5521432558635215, "log10_min_child_weight": 0.4393171516348815, "log10_subsample": -0.030240328755802848, "max_depth": 4.0, "num_boost_round": 45.0}, "datetime": {"datetime": "2024-01-19 00:15:25", "elapsed": 215.086734, "delta": 0.000823}}
{"target": -17.674828479703002, "params": {"gamma": 425.01481660070584, "log10_alpha": -3.2909900400783387, "log10_colsample_bytree": -0.49423596932816327, "log10_eta": -2.84777191735317, "log10_lambda": -4.5521432558635215, "log10_min_child_weight": 0.4393171516348815, "log10_subsample": -0.030240328755802848, "max_depth": 4.0, "num_boost_round": 46.0}, "datetime": {"datetime": "2024-01-19 00:15:25", "elapsed": 215.087578, "delta": 0.000844}}
{"target": -17.674777207324873, "params": {"gamma": 425.01481660070584, "log10_alpha": -3.2909900400783387, "log10_colsample_bytree": -0.49423596932816327, "log10_eta": -2.84777191735317, "log10_lambda": -4.5521432558635215, "log10_min_child_weight": 0.4393171516348815, "log10_subsample": -0.030240328755802848, "max_depth": 4.0, "num_boost_round": 47.0}, "datetime": {"datetime": "2024-01-19 00:15:25", "elapsed": 215.088423, "delta": 0.000845}}
{"target": -17.67477544383557, "params": {"gamma": 425.01481660070584, "log10_alpha": -3.2909900400783387, "log10_colsample_bytree": -0.49423596932816327, "log10_eta": -2.84777191735317, "log10_lambda": -4.5521432558635215, "log10_min_child_weight": 0.4393171516348815, "log10_subsample": -0.030240328755802848, "max_depth": 4.0, "num_boost_round": 48.0}, "datetime": {"datetime": "2024-01-19 00:15:25", "elapsed": 215.089253, "delta": 0.00083}}
{"target": -17.674731284404277, "params": {"gamma": 425.01481660070584, "log10_alpha": -3.2909900400783387, "log10_colsample_bytree": -0.49423596932816327, "log10_eta": -2.84777191735317, "log10_lambda": -4.5521432558635215, "log10_min_child_weight": 0.4393171516348815, "log10_subsample": -0.030240328755802848, "max_depth": 4.0, "num_boost_round": 49.0}, "datetime": {"datetime": "2024-01-19 00:15:25", "elapsed": 215.090096, "delta": 0.000843}}
{"target": -17.674694434560582, "params": {"gamma": 425.01481660070584, "log10_alpha": -3.2909900400783387, "log10_colsample_bytree": -0.49423596932816327, "log10_eta": -2.84777191735317, "log10_lambda": -4.5521432558635215, "log10_min_child_weight": 0.4393171516348815, "log10_subsample": -0.030240328755802848, "max_depth": 4.0, "num_boost_round": 50.0}, "datetime": {"datetime": "2024-01-19 00:15:25", "elapsed": 215.091043, "delta": 0.000947}}
{"target": -17.67467315595279, "params": {"gamma": 425.01481660070584, "log10_alpha": -3.2909900400783387, "log10_colsample_bytree": -0.49423596932816327, "log10_eta": -2.84777191735317, "log10_lambda": -4.5521432558635215, "log10_min_child_weight": 0.4393171516348815, "log10_subsample": -0.030240328755802848, "max_depth": 4.0, "num_boost_round": 51.0}, "datetime": {"datetime": "2024-01-19 00:15:25", "elapsed": 215.091882, "delta": 0.000839}}
{"target": -17.67460347145268, "params": {"gamma": 425.01481660070584, "log10_alpha": -3.2909900400783387, "log10_colsample_bytree": -0.49423596932816327, "log10_eta": -2.84777191735317, "log10_lambda": -4.5521432558635215, "log10_min_child_weight": 0.4393171516348815, "log10_subsample": -0.030240328755802848, "max_depth": 4.0, "num_boost_round": 52.0}, "datetime": {"datetime": "2024-01-19 00:15:25", "elapsed": 215.092731, "delta": 0.000849}}
{"target": -17.674566040052618, "params": {"gamma": 425.01481660070584, "log10_alpha": -3.2909900400783387, "log10_colsample_bytree": -0.49423596932816327, "log10_eta": -2.84777191735317, "log10_lambda": -4.5521432558635215, "log10_min_child_weight": 0.4393171516348815, "log10_subsample": -0.030240328755802848, "max_depth": 4.0, "num_boost_round": 53.0}, "datetime": {"datetime": "2024-01-19 00:15:25", "elapsed": 215.093575, "delta": 0.000844}}
{"target": -17.674524970824304, "params": {"gamma": 425.01481660070584, "log10_alpha": -3.2909900400783387, "log10_colsample_bytree": -0.49423596932816327, "log10_eta": -2.84777191735317, "log10_lambda": -4.5521432558635215, "log10_min_child_weight": 0.4393171516348815, "log10_subsample": -0.030240328755802848, "max_depth": 4.0, "num_boost_round": 54.0}, "datetime": {"datetime": "2024-01-19 00:15:25", "elapsed": 215.094415, "delta": 0.00084}}
{"target": -17.674445692030016, "params": {"gamma": 425.01481660070584, "log10_alpha": -3.2909900400783387, "log10_colsample_bytree": -0.49423596932816327, "log10_eta": -2.84777191735317, "log10_lambda": -4.5521432558635215, "log10_min_child_weight": 0.4393171516348815, "log10_subsample": -0.030240328755802848, "max_depth": 4.0, "num_boost_round": 55.0}, "datetime": {"datetime": "2024-01-19 00:15:25", "elapsed": 215.095256, "delta": 0.000841}}
{"target": -17.674434860315294, "params": {"gamma": 425.01481660070584, "log10_alpha": -3.2909900400783387, "log10_colsample_bytree": -0.49423596932816327, "log10_eta": -2.84777191735317, "log10_lambda": -4.5521432558635215, "log10_min_child_weight": 0.4393171516348815, "log10_subsample": -0.030240328755802848, "max_depth": 4.0, "num_boost_round": 56.0}, "datetime": {"datetime": "2024-01-19 00:15:25", "elapsed": 215.09611, "delta": 0.000854}}
{"target": -17.674373635253925, "params": {"gamma": 425.01481660070584, "log10_alpha": -3.2909900400783387, "log10_colsample_bytree": -0.49423596932816327, "log10_eta": -2.84777191735317, "log10_lambda": -4.5521432558635215, "log10_min_child_weight": 0.4393171516348815, "log10_subsample": -0.030240328755802848, "max_depth": 4.0, "num_boost_round": 57.0}, "datetime": {"datetime": "2024-01-19 00:15:25", "elapsed": 215.096969, "delta": 0.000859}}
{"target": -17.674302315732806, "params": {"gamma": 425.01481660070584, "log10_alpha": -3.2909900400783387, "log10_colsample_bytree": -0.49423596932816327, "log10_eta": -2.84777191735317, "log10_lambda": -4.5521432558635215, "log10_min_child_weight": 0.4393171516348815, "log10_subsample": -0.030240328755802848, "max_depth": 4.0, "num_boost_round": 58.0}, "datetime": {"datetime": "2024-01-19 00:15:25", "elapsed": 215.097822, "delta": 0.000853}}
{"target": -17.67416412374, "params": {"gamma": 425.01481660070584, "log10_alpha": -3.2909900400783387, "log10_colsample_bytree": -0.49423596932816327, "log10_eta": -2.84777191735317, "log10_lambda": -4.5521432558635215, "log10_min_child_weight": 0.4393171516348815, "log10_subsample": -0.030240328755802848, "max_depth": 4.0, "num_boost_round": 59.0}, "datetime": {"datetime": "2024-01-19 00:15:25", "elapsed": 215.098672, "delta": 0.00085}}
{"target": -17.6740921021351, "params": {"gamma": 425.01481660070584, "log10_alpha": -3.2909900400783387, "log10_colsample_bytree": -0.49423596932816327, "log10_eta": -2.84777191735317, "log10_lambda": -4.5521432558635215, "log10_min_child_weight": 0.4393171516348815, "log10_subsample": -0.030240328755802848, "max_depth": 4.0, "num_boost_round": 60.0}, "datetime": {"datetime": "2024-01-19 00:15:25", "elapsed": 215.099521, "delta": 0.000849}}
{"target": -17.67404022345215, "params": {"gamma": 425.01481660070584, "log10_alpha": -3.2909900400783387, "log10_colsample_bytree": -0.49423596932816327, "log10_eta": -2.84777191735317, "log10_lambda": -4.5521432558635215, "log10_min_child_weight": 0.4393171516348815, "log10_subsample": -0.030240328755802848, "max_depth": 4.0, "num_boost_round": 61.0}, "datetime": {"datetime": "2024-01-19 00:15:25", "elapsed": 215.100376, "delta": 0.000855}}
{"target": -17.673993487015704, "params": {"gamma": 425.01481660070584, "log10_alpha": -3.2909900400783387, "log10_colsample_bytree": -0.49423596932816327, "log10_eta": -2.84777191735317, "log10_lambda": -4.5521432558635215, "log10_min_child_weight": 0.4393171516348815, "log10_subsample": -0.030240328755802848, "max_depth": 4.0, "num_boost_round": 62.0}, "datetime": {"datetime": "2024-01-19 00:15:25", "elapsed": 215.101337, "delta": 0.000961}}
{"target": -17.673924109223414, "params": {"gamma": 425.01481660070584, "log10_alpha": -3.2909900400783387, "log10_colsample_bytree": -0.49423596932816327, "log10_eta": -2.84777191735317, "log10_lambda": -4.5521432558635215, "log10_min_child_weight": 0.4393171516348815, "log10_subsample": -0.030240328755802848, "max_depth": 4.0, "num_boost_round": 63.0}, "datetime": {"datetime": "2024-01-19 00:15:25", "elapsed": 215.102193, "delta": 0.000856}}
{"target": -17.673903971212503, "params": {"gamma": 425.01481660070584, "log10_alpha": -3.2909900400783387, "log10_colsample_bytree": -0.49423596932816327, "log10_eta": -2.84777191735317, "log10_lambda": -4.5521432558635215, "log10_min_child_weight": 0.4393171516348815, "log10_subsample": -0.030240328755802848, "max_depth": 4.0, "num_boost_round": 64.0}, "datetime": {"datetime": "2024-01-19 00:15:25", "elapsed": 215.103098, "delta": 0.000905}}
{"target": -17.67386339391159, "params": {"gamma": 425.01481660070584, "log10_alpha": -3.2909900400783387, "log10_colsample_bytree": -0.49423596932816327, "log10_eta": -2.84777191735317, "log10_lambda": -4.5521432558635215, "log10_min_child_weight": 0.4393171516348815, "log10_subsample": -0.030240328755802848, "max_depth": 4.0, "num_boost_round": 65.0}, "datetime": {"datetime": "2024-01-19 00:15:25", "elapsed": 215.103961, "delta": 0.000863}}
{"target": -17.673868610394198, "params": {"gamma": 425.01481660070584, "log10_alpha": -3.2909900400783387, "log10_colsample_bytree": -0.49423596932816327, "log10_eta": -2.84777191735317, "log10_lambda": -4.5521432558635215, "log10_min_child_weight": 0.4393171516348815, "log10_subsample": -0.030240328755802848, "max_depth": 4.0, "num_boost_round": 66.0}, "datetime": {"datetime": "2024-01-19 00:15:25", "elapsed": 215.10481, "delta": 0.000849}}
{"target": -17.673750616178104, "params": {"gamma": 425.01481660070584, "log10_alpha": -3.2909900400783387, "log10_colsample_bytree": -0.49423596932816327, "log10_eta": -2.84777191735317, "log10_lambda": -4.5521432558635215, "log10_min_child_weight": 0.4393171516348815, "log10_subsample": -0.030240328755802848, "max_depth": 4.0, "num_boost_round": 67.0}, "datetime": {"datetime": "2024-01-19 00:15:25", "elapsed": 215.105666, "delta": 0.000856}}
{"target": -17.673778146309484, "params": {"gamma": 425.01481660070584, "log10_alpha": -3.2909900400783387, "log10_colsample_bytree": -0.49423596932816327, "log10_eta": -2.84777191735317, "log10_lambda": -4.5521432558635215, "log10_min_child_weight": 0.4393171516348815, "log10_subsample": -0.030240328755802848, "max_depth": 4.0, "num_boost_round": 68.0}, "datetime": {"datetime": "2024-01-19 00:15:25", "elapsed": 215.106526, "delta": 0.00086}}
{"target": -17.67371935920158, "params": {"gamma": 425.01481660070584, "log10_alpha": -3.2909900400783387, "log10_colsample_bytree": -0.49423596932816327, "log10_eta": -2.84777191735317, "log10_lambda": -4.5521432558635215, "log10_min_child_weight": 0.4393171516348815, "log10_subsample": -0.030240328755802848, "max_depth": 4.0, "num_boost_round": 69.0}, "datetime": {"datetime": "2024-01-19 00:15:25", "elapsed": 215.107386, "delta": 0.00086}}
{"target": -17.673705098553658, "params": {"gamma": 425.01481660070584, "log10_alpha": -3.2909900400783387, "log10_colsample_bytree": -0.49423596932816327, "log10_eta": -2.84777191735317, "log10_lambda": -4.5521432558635215, "log10_min_child_weight": 0.4393171516348815, "log10_subsample": -0.030240328755802848, "max_depth": 4.0, "num_boost_round": 70.0}, "datetime": {"datetime": "2024-01-19 00:15:25", "elapsed": 215.108242, "delta": 0.000856}}
{"target": -17.6736461919191, "params": {"gamma": 425.01481660070584, "log10_alpha": -3.2909900400783387, "log10_colsample_bytree": -0.49423596932816327, "log10_eta": -2.84777191735317, "log10_lambda": -4.5521432558635215, "log10_min_child_weight": 0.4393171516348815, "log10_subsample": -0.030240328755802848, "max_depth": 4.0, "num_boost_round": 71.0}, "datetime": {"datetime": "2024-01-19 00:15:25", "elapsed": 215.109109, "delta": 0.000867}}
{"target": -17.67362733208015, "params": {"gamma": 425.01481660070584, "log10_alpha": -3.2909900400783387, "log10_colsample_bytree": -0.49423596932816327, "log10_eta": -2.84777191735317, "log10_lambda": -4.5521432558635215, "log10_min_child_weight": 0.4393171516348815, "log10_subsample": -0.030240328755802848, "max_depth": 4.0, "num_boost_round": 72.0}, "datetime": {"datetime": "2024-01-19 00:15:25", "elapsed": 215.109968, "delta": 0.000859}}
{"target": -17.67356033286382, "params": {"gamma": 425.01481660070584, "log10_alpha": -3.2909900400783387, "log10_colsample_bytree": -0.49423596932816327, "log10_eta": -2.84777191735317, "log10_lambda": -4.5521432558635215, "log10_min_child_weight": 0.4393171516348815, "log10_subsample": -0.030240328755802848, "max_depth": 4.0, "num_boost_round": 73.0}, "datetime": {"datetime": "2024-01-19 00:15:25", "elapsed": 215.110836, "delta": 0.000868}}
{"target": -17.673554706573185, "params": {"gamma": 425.01481660070584, "log10_alpha": -3.2909900400783387, "log10_colsample_bytree": -0.49423596932816327, "log10_eta": -2.84777191735317, "log10_lambda": -4.5521432558635215, "log10_min_child_weight": 0.4393171516348815, "log10_subsample": -0.030240328755802848, "max_depth": 4.0, "num_boost_round": 74.0}, "datetime": {"datetime": "2024-01-19 00:15:25", "elapsed": 215.111758, "delta": 0.000922}}
{"target": -17.673562032776594, "params": {"gamma": 425.01481660070584, "log10_alpha": -3.2909900400783387, "log10_colsample_bytree": -0.49423596932816327, "log10_eta": -2.84777191735317, "log10_lambda": -4.5521432558635215, "log10_min_child_weight": 0.4393171516348815, "log10_subsample": -0.030240328755802848, "max_depth": 4.0, "num_boost_round": 75.0}, "datetime": {"datetime": "2024-01-19 00:15:25", "elapsed": 215.112625, "delta": 0.000867}}
{"target": -17.673468087922256, "params": {"gamma": 425.01481660070584, "log10_alpha": -3.2909900400783387, "log10_colsample_bytree": -0.49423596932816327, "log10_eta": -2.84777191735317, "log10_lambda": -4.5521432558635215, "log10_min_child_weight": 0.4393171516348815, "log10_subsample": -0.030240328755802848, "max_depth": 4.0, "num_boost_round": 76.0}, "datetime": {"datetime": "2024-01-19 00:15:25", "elapsed": 215.113498, "delta": 0.000873}}
{"target": -17.67342628588441, "params": {"gamma": 425.01481660070584, "log10_alpha": -3.2909900400783387, "log10_colsample_bytree": -0.49423596932816327, "log10_eta": -2.84777191735317, "log10_lambda": -4.5521432558635215, "log10_min_child_weight": 0.4393171516348815, "log10_subsample": -0.030240328755802848, "max_depth": 4.0, "num_boost_round": 77.0}, "datetime": {"datetime": "2024-01-19 00:15:25", "elapsed": 215.114362, "delta": 0.000864}}
{"target": -17.673398210358528, "params": {"gamma": 425.01481660070584, "log10_alpha": -3.2909900400783387, "log10_colsample_bytree": -0.49423596932816327, "log10_eta": -2.84777191735317, "log10_lambda": -4.5521432558635215, "log10_min_child_weight": 0.4393171516348815, "log10_subsample": -0.030240328755802848, "max_depth": 4.0, "num_boost_round": 78.0}, "datetime": {"datetime": "2024-01-19 00:15:25", "elapsed": 215.115226, "delta": 0.000864}}
{"target": -17.673392078226794, "params": {"gamma": 425.01481660070584, "log10_alpha": -3.2909900400783387, "log10_colsample_bytree": -0.49423596932816327, "log10_eta": -2.84777191735317, "log10_lambda": -4.5521432558635215, "log10_min_child_weight": 0.4393171516348815, "log10_subsample": -0.030240328755802848, "max_depth": 4.0, "num_boost_round": 79.0}, "datetime": {"datetime": "2024-01-19 00:15:25", "elapsed": 215.116092, "delta": 0.000866}}
{"target": -17.673391278698, "params": {"gamma": 425.01481660070584, "log10_alpha": -3.2909900400783387, "log10_colsample_bytree": -0.49423596932816327, "log10_eta": -2.84777191735317, "log10_lambda": -4.5521432558635215, "log10_min_child_weight": 0.4393171516348815, "log10_subsample": -0.030240328755802848, "max_depth": 4.0, "num_boost_round": 80.0}, "datetime": {"datetime": "2024-01-19 00:15:25", "elapsed": 215.11696, "delta": 0.000868}}
