{"target": -13.758480060963462, "params": {"gamma": 432.4354501509215, "log10_alpha": -0.24010641988925785, "log10_colsample_bytree": -0.3979864891183156, "log10_eta": -2.8646361809612317, "log10_lambda": -2.5270451283502866, "log10_min_child_weight": 1.3846467883901663, "log10_subsample": -0.17329420843624704, "max_depth": 2.0, "num_boost_round": 5.0}, "datetime": {"datetime": "2024-01-19 00:24:45", "elapsed": 788.935368, "delta": 0.001731}}
{"target": -13.758475125422597, "params": {"gamma": 432.4354501509215, "log10_alpha": -0.24010641988925785, "log10_colsample_bytree": -0.3979864891183156, "log10_eta": -2.8646361809612317, "log10_lambda": -2.5270451283502866, "log10_min_child_weight": 1.3846467883901663, "log10_subsample": -0.17329420843624704, "max_depth": 2.0, "num_boost_round": 6.0}, "datetime": {"datetime": "2024-01-19 00:24:45", "elapsed": 788.937075, "delta": 0.001707}}
{"target": -13.75846887932473, "params": {"gamma": 432.4354501509215, "log10_alpha": -0.24010641988925785, "log10_colsample_bytree": -0.3979864891183156, "log10_eta": -2.8646361809612317, "log10_lambda": -2.5270451283502866, "log10_min_child_weight": 1.3846467883901663, "log10_subsample": -0.17329420843624704, "max_depth": 2.0, "num_boost_round": 7.0}, "datetime": {"datetime": "2024-01-19 00:24:45", "elapsed": 788.938771, "delta": 0.001696}}
{"target": -13.758450458436593, "params": {"gamma": 432.4354501509215, "log10_alpha": -0.24010641988925785, "log10_colsample_bytree": -0.3979864891183156, "log10_eta": -2.8646361809612317, "log10_lambda": -2.5270451283502866, "log10_min_child_weight": 1.3846467883901663, "log10_subsample": -0.17329420843624704, "max_depth": 2.0, "num_boost_round": 8.0}, "datetime": {"datetime": "2024-01-19 00:24:45", "elapsed": 788.940467, "delta": 0.001696}}
{"target": -13.758425646918909, "params": {"gamma": 432.4354501509215, "log10_alpha": -0.24010641988925785, "log10_colsample_bytree": -0.3979864891183156, "log10_eta": -2.8646361809612317, "log10_lambda": -2.5270451283502866, "log10_min_child_weight": 1.3846467883901663, "log10_subsample": -0.17329420843624704, "max_depth": 2.0, "num_boost_round": 9.0}, "datetime": {"datetime": "2024-01-19 00:24:45", "elapsed": 788.942161, "delta": 0.001694}}
{"target": -13.758412815719451, "params": {"gamma": 432.4354501509215, "log10_alpha": -0.24010641988925785, "log10_colsample_bytree": -0.3979864891183156, "log10_eta": -2.8646361809612317, "log10_lambda": -2.5270451283502866, "log10_min_child_weight": 1.3846467883901663, "log10_subsample": -0.17329420843624704, "max_depth": 2.0, "num_boost_round": 10.0}, "datetime": {"datetime": "2024-01-19 00:24:45", "elapsed": 788.943869, "delta": 0.001708}}
{"target": -13.758393824032245, "params": {"gamma": 432.4354501509215, "log10_alpha": -0.24010641988925785, "log10_colsample_bytree": -0.3979864891183156, "log10_eta": -2.8646361809612317, "log10_lambda": -2.5270451283502866, "log10_min_child_weight": 1.3846467883901663, "log10_subsample": -0.17329420843624704, "max_depth": 2.0, "num_boost_round": 11.0}, "datetime": {"datetime": "2024-01-19 00:24:45", "elapsed": 788.945598, "delta": 0.001729}}
{"target": -13.758383125414877, "params": {"gamma": 432.4354501509215, "log10_alpha": -0.24010641988925785, "log10_colsample_bytree": -0.3979864891183156, "log10_eta": -2.8646361809612317, "log10_lambda": -2.5270451283502866, "log10_min_child_weight": 1.3846467883901663, "log10_subsample": -0.17329420843624704, "max_depth": 2.0, "num_boost_round": 12.0}, "datetime": {"datetime": "2024-01-19 00:24:45", "elapsed": 788.947297, "delta": 0.001699}}
{"target": -13.75837069438176, "params": {"gamma": 432.4354501509215, "log10_alpha": -0.24010641988925785, "log10_colsample_bytree": -0.3979864891183156, "log10_eta": -2.8646361809612317, "log10_lambda": -2.5270451283502866, "log10_min_child_weight": 1.3846467883901663, "log10_subsample": -0.17329420843624704, "max_depth": 2.0, "num_boost_round": 13.0}, "datetime": {"datetime": "2024-01-19 00:24:45", "elapsed": 788.949009, "delta": 0.001712}}
{"target": -13.75836555280735, "params": {"gamma": 432.4354501509215, "log10_alpha": -0.24010641988925785, "log10_colsample_bytree": -0.3979864891183156, "log10_eta": -2.8646361809612317, "log10_lambda": -2.5270451283502866, "log10_min_child_weight": 1.3846467883901663, "log10_subsample": -0.17329420843624704, "max_depth": 2.0, "num_boost_round": 14.0}, "datetime": {"datetime": "2024-01-19 00:24:45", "elapsed": 788.950832, "delta": 0.001823}}
{"target": -13.75854023539254, "params": {"gamma": 421.39587415002177, "log10_alpha": -0.4404991621891545, "log10_colsample_bytree": -0.07526010041468556, "log10_eta": -3.1369055473421272, "log10_lambda": -2.167252509013059, "log10_min_child_weight": 4.391069100854924, "log10_subsample": -0.7578088746716707, "max_depth": 8.0, "num_boost_round": 0.0}, "datetime": {"datetime": "2024-01-19 00:25:39", "elapsed": 843.014087, "delta": 54.063255}}
{"target": -13.758538857578214, "params": {"gamma": 421.39587415002177, "log10_alpha": -0.4404991621891545, "log10_colsample_bytree": -0.07526010041468556, "log10_eta": -3.1369055473421272, "log10_lambda": -2.167252509013059, "log10_min_child_weight": 4.391069100854924, "log10_subsample": -0.7578088746716707, "max_depth": 8.0, "num_boost_round": 1.0}, "datetime": {"datetime": "2024-01-19 00:25:39", "elapsed": 843.016319, "delta": 0.002232}}
{"target": -13.758537799090636, "params": {"gamma": 421.39587415002177, "log10_alpha": -0.4404991621891545, "log10_colsample_bytree": -0.07526010041468556, "log10_eta": -3.1369055473421272, "log10_lambda": -2.167252509013059, "log10_min_child_weight": 4.391069100854924, "log10_subsample": -0.7578088746716707, "max_depth": 8.0, "num_boost_round": 2.0}, "datetime": {"datetime": "2024-01-19 00:25:39", "elapsed": 843.018413, "delta": 0.002094}}
{"target": -13.75853817500375, "params": {"gamma": 421.39587415002177, "log10_alpha": -0.4404991621891545, "log10_colsample_bytree": -0.07526010041468556, "log10_eta": -3.1369055473421272, "log10_lambda": -2.167252509013059, "log10_min_child_weight": 4.391069100854924, "log10_subsample": -0.7578088746716707, "max_depth": 8.0, "num_boost_round": 3.0}, "datetime": {"datetime": "2024-01-19 00:25:39", "elapsed": 843.020293, "delta": 0.00188}}
{"target": -13.758535611589513, "params": {"gamma": 421.39587415002177, "log10_alpha": -0.4404991621891545, "log10_colsample_bytree": -0.07526010041468556, "log10_eta": -3.1369055473421272, "log10_lambda": -2.167252509013059, "log10_min_child_weight": 4.391069100854924, "log10_subsample": -0.7578088746716707, "max_depth": 8.0, "num_boost_round": 4.0}, "datetime": {"datetime": "2024-01-19 00:25:39", "elapsed": 843.022033, "delta": 0.00174}}
{"target": -13.75852833007506, "params": {"gamma": 421.39587415002177, "log10_alpha": -0.4404991621891545, "log10_colsample_bytree": -0.07526010041468556, "log10_eta": -3.1369055473421272, "log10_lambda": -2.167252509013059, "log10_min_child_weight": 4.391069100854924, "log10_subsample": -0.7578088746716707, "max_depth": 8.0, "num_boost_round": 5.0}, "datetime": {"datetime": "2024-01-19 00:25:39", "elapsed": 843.023791, "delta": 0.001758}}
{"target": -13.7585274467192, "params": {"gamma": 421.39587415002177, "log10_alpha": -0.4404991621891545, "log10_colsample_bytree": -0.07526010041468556, "log10_eta": -3.1369055473421272, "log10_lambda": -2.167252509013059, "log10_min_child_weight": 4.391069100854924, "log10_subsample": -0.7578088746716707, "max_depth": 8.0, "num_boost_round": 6.0}, "datetime": {"datetime": "2024-01-19 00:25:39", "elapsed": 843.025512, "delta": 0.001721}}
{"target": -13.758526684073914, "params": {"gamma": 421.39587415002177, "log10_alpha": -0.4404991621891545, "log10_colsample_bytree": -0.07526010041468556, "log10_eta": -3.1369055473421272, "log10_lambda": -2.167252509013059, "log10_min_child_weight": 4.391069100854924, "log10_subsample": -0.7578088746716707, "max_depth": 8.0, "num_boost_round": 7.0}, "datetime": {"datetime": "2024-01-19 00:25:39", "elapsed": 843.027247, "delta": 0.001735}}
{"target": -13.758526563705168, "params": {"gamma": 421.39587415002177, "log10_alpha": -0.4404991621891545, "log10_colsample_bytree": -0.07526010041468556, "log10_eta": -3.1369055473421272, "log10_lambda": -2.167252509013059, "log10_min_child_weight": 4.391069100854924, "log10_subsample": -0.7578088746716707, "max_depth": 8.0, "num_boost_round": 8.0}, "datetime": {"datetime": "2024-01-19 00:25:39", "elapsed": 843.029107, "delta": 0.00186}}
{"target": -13.758527920089422, "params": {"gamma": 421.39587415002177, "log10_alpha": -0.4404991621891545, "log10_colsample_bytree": -0.07526010041468556, "log10_eta": -3.1369055473421272, "log10_lambda": -2.167252509013059, "log10_min_child_weight": 4.391069100854924, "log10_subsample": -0.7578088746716707, "max_depth": 8.0, "num_boost_round": 9.0}, "datetime": {"datetime": "2024-01-19 00:25:39", "elapsed": 843.030838, "delta": 0.001731}}
{"target": -13.758519307372625, "params": {"gamma": 421.39587415002177, "log10_alpha": -0.4404991621891545, "log10_colsample_bytree": -0.07526010041468556, "log10_eta": -3.1369055473421272, "log10_lambda": -2.167252509013059, "log10_min_child_weight": 4.391069100854924, "log10_subsample": -0.7578088746716707, "max_depth": 8.0, "num_boost_round": 10.0}, "datetime": {"datetime": "2024-01-19 00:25:39", "elapsed": 843.032559, "delta": 0.001721}}
{"target": -13.758517839247387, "params": {"gamma": 421.39587415002177, "log10_alpha": -0.4404991621891545, "log10_colsample_bytree": -0.07526010041468556, "log10_eta": -3.1369055473421272, "log10_lambda": -2.167252509013059, "log10_min_child_weight": 4.391069100854924, "log10_subsample": -0.7578088746716707, "max_depth": 8.0, "num_boost_round": 11.0}, "datetime": {"datetime": "2024-01-19 00:25:39", "elapsed": 843.034292, "delta": 0.001733}}
{"target": -13.758518581562132, "params": {"gamma": 421.39587415002177, "log10_alpha": -0.4404991621891545, "log10_colsample_bytree": -0.07526010041468556, "log10_eta": -3.1369055473421272, "log10_lambda": -2.167252509013059, "log10_min_child_weight": 4.391069100854924, "log10_subsample": -0.7578088746716707, "max_depth": 8.0, "num_boost_round": 12.0}, "datetime": {"datetime": "2024-01-19 00:25:39", "elapsed": 843.036015, "delta": 0.001723}}
{"target": -13.75851711445338, "params": {"gamma": 421.39587415002177, "log10_alpha": -0.4404991621891545, "log10_colsample_bytree": -0.07526010041468556, "log10_eta": -3.1369055473421272, "log10_lambda": -2.167252509013059, "log10_min_child_weight": 4.391069100854924, "log10_subsample": -0.7578088746716707, "max_depth": 8.0, "num_boost_round": 13.0}, "datetime": {"datetime": "2024-01-19 00:25:39", "elapsed": 843.037746, "delta": 0.001731}}
{"target": -13.758517491928, "params": {"gamma": 421.39587415002177, "log10_alpha": -0.4404991621891545, "log10_colsample_bytree": -0.07526010041468556, "log10_eta": -3.1369055473421272, "log10_lambda": -2.167252509013059, "log10_min_child_weight": 4.391069100854924, "log10_subsample": -0.7578088746716707, "max_depth": 8.0, "num_boost_round": 14.0}, "datetime": {"datetime": "2024-01-19 00:25:39", "elapsed": 843.039466, "delta": 0.00172}}
{"target": -13.758515601131958, "params": {"gamma": 421.39587415002177, "log10_alpha": -0.4404991621891545, "log10_colsample_bytree": -0.07526010041468556, "log10_eta": -3.1369055473421272, "log10_lambda": -2.167252509013059, "log10_min_child_weight": 4.391069100854924, "log10_subsample": -0.7578088746716707, "max_depth": 8.0, "num_boost_round": 15.0}, "datetime": {"datetime": "2024-01-19 00:25:39", "elapsed": 843.041263, "delta": 0.001797}}
{"target": -13.758511565300418, "params": {"gamma": 421.39587415002177, "log10_alpha": -0.4404991621891545, "log10_colsample_bytree": -0.07526010041468556, "log10_eta": -3.1369055473421272, "log10_lambda": -2.167252509013059, "log10_min_child_weight": 4.391069100854924, "log10_subsample": -0.7578088746716707, "max_depth": 8.0, "num_boost_round": 16.0}, "datetime": {"datetime": "2024-01-19 00:25:39", "elapsed": 843.042999, "delta": 0.001736}}
{"target": -13.758511446808543, "params": {"gamma": 421.39587415002177, "log10_alpha": -0.4404991621891545, "log10_colsample_bytree": -0.07526010041468556, "log10_eta": -3.1369055473421272, "log10_lambda": -2.167252509013059, "log10_min_child_weight": 4.391069100854924, "log10_subsample": -0.7578088746716707, "max_depth": 8.0, "num_boost_round": 17.0}, "datetime": {"datetime": "2024-01-19 00:25:39", "elapsed": 843.044735, "delta": 0.001736}}
{"target": -13.758511270139456, "params": {"gamma": 421.39587415002177, "log10_alpha": -0.4404991621891545, "log10_colsample_bytree": -0.07526010041468556, "log10_eta": -3.1369055473421272, "log10_lambda": -2.167252509013059, "log10_min_child_weight": 4.391069100854924, "log10_subsample": -0.7578088746716707, "max_depth": 8.0, "num_boost_round": 18.0}, "datetime": {"datetime": "2024-01-19 00:25:39", "elapsed": 843.046485, "delta": 0.00175}}
{"target": -13.758505930769093, "params": {"gamma": 421.39587415002177, "log10_alpha": -0.4404991621891545, "log10_colsample_bytree": -0.07526010041468556, "log10_eta": -3.1369055473421272, "log10_lambda": -2.167252509013059, "log10_min_child_weight": 4.391069100854924, "log10_subsample": -0.7578088746716707, "max_depth": 8.0, "num_boost_round": 19.0}, "datetime": {"datetime": "2024-01-19 00:25:39", "elapsed": 843.048339, "delta": 0.001854}}
{"target": -13.758506900542907, "params": {"gamma": 421.39587415002177, "log10_alpha": -0.4404991621891545, "log10_colsample_bytree": -0.07526010041468556, "log10_eta": -3.1369055473421272, "log10_lambda": -2.167252509013059, "log10_min_child_weight": 4.391069100854924, "log10_subsample": -0.7578088746716707, "max_depth": 8.0, "num_boost_round": 20.0}, "datetime": {"datetime": "2024-01-19 00:25:39", "elapsed": 843.050078, "delta": 0.001739}}
{"target": -13.758507500386187, "params": {"gamma": 421.39587415002177, "log10_alpha": -0.4404991621891545, "log10_colsample_bytree": -0.07526010041468556, "log10_eta": -3.1369055473421272, "log10_lambda": -2.167252509013059, "log10_min_child_weight": 4.391069100854924, "log10_subsample": -0.7578088746716707, "max_depth": 8.0, "num_boost_round": 21.0}, "datetime": {"datetime": "2024-01-19 00:25:39", "elapsed": 843.051819, "delta": 0.001741}}
{"target": -13.758504737362399, "params": {"gamma": 421.39587415002177, "log10_alpha": -0.4404991621891545, "log10_colsample_bytree": -0.07526010041468556, "log10_eta": -3.1369055473421272, "log10_lambda": -2.167252509013059, "log10_min_child_weight": 4.391069100854924, "log10_subsample": -0.7578088746716707, "max_depth": 8.0, "num_boost_round": 22.0}, "datetime": {"datetime": "2024-01-19 00:25:39", "elapsed": 843.053555, "delta": 0.001736}}
{"target": -13.758502134777938, "params": {"gamma": 421.39587415002177, "log10_alpha": -0.4404991621891545, "log10_colsample_bytree": -0.07526010041468556, "log10_eta": -3.1369055473421272, "log10_lambda": -2.167252509013059, "log10_min_child_weight": 4.391069100854924, "log10_subsample": -0.7578088746716707, "max_depth": 8.0, "num_boost_round": 23.0}, "datetime": {"datetime": "2024-01-19 00:25:39", "elapsed": 843.055312, "delta": 0.001757}}
{"target": -13.758497474601068, "params": {"gamma": 421.39587415002177, "log10_alpha": -0.4404991621891545, "log10_colsample_bytree": -0.07526010041468556, "log10_eta": -3.1369055473421272, "log10_lambda": -2.167252509013059, "log10_min_child_weight": 4.391069100854924, "log10_subsample": -0.7578088746716707, "max_depth": 8.0, "num_boost_round": 24.0}, "datetime": {"datetime": "2024-01-19 00:25:39", "elapsed": 843.057082, "delta": 0.00177}}
{"target": -13.758497667427756, "params": {"gamma": 421.39587415002177, "log10_alpha": -0.4404991621891545, "log10_colsample_bytree": -0.07526010041468556, "log10_eta": -3.1369055473421272, "log10_lambda": -2.167252509013059, "log10_min_child_weight": 4.391069100854924, "log10_subsample": -0.7578088746716707, "max_depth": 8.0, "num_boost_round": 25.0}, "datetime": {"datetime": "2024-01-19 00:25:39", "elapsed": 843.058831, "delta": 0.001749}}
{"target": -13.758492213983398, "params": {"gamma": 421.39587415002177, "log10_alpha": -0.4404991621891545, "log10_colsample_bytree": -0.07526010041468556, "log10_eta": -3.1369055473421272, "log10_lambda": -2.167252509013059, "log10_min_child_weight": 4.391069100854924, "log10_subsample": -0.7578088746716707, "max_depth": 8.0, "num_boost_round": 26.0}, "datetime": {"datetime": "2024-01-19 00:25:39", "elapsed": 843.060587, "delta": 0.001756}}
{"target": -13.758490042198972, "params": {"gamma": 421.39587415002177, "log10_alpha": -0.4404991621891545, "log10_colsample_bytree": -0.07526010041468556, "log10_eta": -3.1369055473421272, "log10_lambda": -2.167252509013059, "log10_min_child_weight": 4.391069100854924, "log10_subsample": -0.7578088746716707, "max_depth": 8.0, "num_boost_round": 27.0}, "datetime": {"datetime": "2024-01-19 00:25:39", "elapsed": 843.062343, "delta": 0.001756}}
{"target": -13.758485112561182, "params": {"gamma": 421.39587415002177, "log10_alpha": -0.4404991621891545, "log10_colsample_bytree": -0.07526010041468556, "log10_eta": -3.1369055473421272, "log10_lambda": -2.167252509013059, "log10_min_child_weight": 4.391069100854924, "log10_subsample": -0.7578088746716707, "max_depth": 8.0, "num_boost_round": 28.0}, "datetime": {"datetime": "2024-01-19 00:25:39", "elapsed": 843.064087, "delta": 0.001744}}
{"target": -13.758481009670417, "params": {"gamma": 421.39587415002177, "log10_alpha": -0.4404991621891545, "log10_colsample_bytree": -0.07526010041468556, "log10_eta": -3.1369055473421272, "log10_lambda": -2.167252509013059, "log10_min_child_weight": 4.391069100854924, "log10_subsample": -0.7578088746716707, "max_depth": 8.0, "num_boost_round": 29.0}, "datetime": {"datetime": "2024-01-19 00:25:39", "elapsed": 843.065827, "delta": 0.00174}}
{"target": -13.758476139255675, "params": {"gamma": 421.39587415002177, "log10_alpha": -0.4404991621891545, "log10_colsample_bytree": -0.07526010041468556, "log10_eta": -3.1369055473421272, "log10_lambda": -2.167252509013059, "log10_min_child_weight": 4.391069100854924, "log10_subsample": -0.7578088746716707, "max_depth": 8.0, "num_boost_round": 30.0}, "datetime": {"datetime": "2024-01-19 00:25:39", "elapsed": 843.067581, "delta": 0.001754}}
{"target": -13.758476344937016, "params": {"gamma": 421.39587415002177, "log10_alpha": -0.4404991621891545, "log10_colsample_bytree": -0.07526010041468556, "log10_eta": -3.1369055473421272, "log10_lambda": -2.167252509013059, "log10_min_child_weight": 4.391069100854924, "log10_subsample": -0.7578088746716707, "max_depth": 8.0, "num_boost_round": 31.0}, "datetime": {"datetime": "2024-01-19 00:25:39", "elapsed": 843.069445, "delta": 0.001864}}
{"target": -13.758471623930882, "params": {"gamma": 421.39587415002177, "log10_alpha": -0.4404991621891545, "log10_colsample_bytree": -0.07526010041468556, "log10_eta": -3.1369055473421272, "log10_lambda": -2.167252509013059, "log10_min_child_weight": 4.391069100854924, "log10_subsample": -0.7578088746716707, "max_depth": 8.0, "num_boost_round": 32.0}, "datetime": {"datetime": "2024-01-19 00:25:39", "elapsed": 843.071972, "delta": 0.002527}}
{"target": -13.758472491721243, "params": {"gamma": 421.39587415002177, "log10_alpha": -0.4404991621891545, "log10_colsample_bytree": -0.07526010041468556, "log10_eta": -3.1369055473421272, "log10_lambda": -2.167252509013059, "log10_min_child_weight": 4.391069100854924, "log10_subsample": -0.7578088746716707, "max_depth": 8.0, "num_boost_round": 33.0}, "datetime": {"datetime": "2024-01-19 00:25:39", "elapsed": 843.074211, "delta": 0.002239}}
{"target": -13.758473691359674, "params": {"gamma": 421.39587415002177, "log10_alpha": -0.4404991621891545, "log10_colsample_bytree": -0.07526010041468556, "log10_eta": -3.1369055473421272, "log10_lambda": -2.167252509013059, "log10_min_child_weight": 4.391069100854924, "log10_subsample": -0.7578088746716707, "max_depth": 8.0, "num_boost_round": 34.0}, "datetime": {"datetime": "2024-01-19 00:25:39", "elapsed": 843.07596, "delta": 0.001749}}
{"target": -13.758474044155939, "params": {"gamma": 421.39587415002177, "log10_alpha": -0.4404991621891545, "log10_colsample_bytree": -0.07526010041468556, "log10_eta": -3.1369055473421272, "log10_lambda": -2.167252509013059, "log10_min_child_weight": 4.391069100854924, "log10_subsample": -0.7578088746716707, "max_depth": 8.0, "num_boost_round": 35.0}, "datetime": {"datetime": "2024-01-19 00:25:39", "elapsed": 843.077714, "delta": 0.001754}}
{"target": -13.75847462146106, "params": {"gamma": 421.39587415002177, "log10_alpha": -0.4404991621891545, "log10_colsample_bytree": -0.07526010041468556, "log10_eta": -3.1369055473421272, "log10_lambda": -2.167252509013059, "log10_min_child_weight": 4.391069100854924, "log10_subsample": -0.7578088746716707, "max_depth": 8.0, "num_boost_round": 36.0}, "datetime": {"datetime": "2024-01-19 00:25:39", "elapsed": 843.07946, "delta": 0.001746}}
{"target": -13.758466546558264, "params": {"gamma": 421.39587415002177, "log10_alpha": -0.4404991621891545, "log10_colsample_bytree": -0.07526010041468556, "log10_eta": -3.1369055473421272, "log10_lambda": -2.167252509013059, "log10_min_child_weight": 4.391069100854924, "log10_subsample": -0.7578088746716707, "max_depth": 8.0, "num_boost_round": 37.0}, "datetime": {"datetime": "2024-01-19 00:25:39", "elapsed": 843.081194, "delta": 0.001734}}
{"target": -13.758468012395923, "params": {"gamma": 421.39587415002177, "log10_alpha": -0.4404991621891545, "log10_colsample_bytree": -0.07526010041468556, "log10_eta": -3.1369055473421272, "log10_lambda": -2.167252509013059, "log10_min_child_weight": 4.391069100854924, "log10_subsample": -0.7578088746716707, "max_depth": 8.0, "num_boost_round": 38.0}, "datetime": {"datetime": "2024-01-19 00:25:39", "elapsed": 843.082938, "delta": 0.001744}}
