{"target": -17.682356502329583, "params": {"gamma": 450.3017278835949, "log10_alpha": -4.994158750794975, "log10_colsample_bytree": -0.07003195196173506, "log10_eta": -1.1351367642773438, "log10_lambda": -0.10629112995006817, "log10_min_child_weight": 4.439529425574641, "log10_subsample": -0.5963624725827712, "max_depth": 2.0, "num_boost_round": 24.0}, "datetime": {"datetime": "2024-01-19 00:21:57", "elapsed": 622.134135, "delta": 0.00083}}
{"target": -17.683110275678832, "params": {"gamma": 450.3017278835949, "log10_alpha": -4.994158750794975, "log10_colsample_bytree": -0.07003195196173506, "log10_eta": -1.1351367642773438, "log10_lambda": -0.10629112995006817, "log10_min_child_weight": 4.439529425574641, "log10_subsample": -0.5963624725827712, "max_depth": 2.0, "num_boost_round": 25.0}, "datetime": {"datetime": "2024-01-19 00:21:57", "elapsed": 622.135073, "delta": 0.000938}}
{"target": -17.68294695231989, "params": {"gamma": 450.3017278835949, "log10_alpha": -4.994158750794975, "log10_colsample_bytree": -0.07003195196173506, "log10_eta": -1.1351367642773438, "log10_lambda": -0.10629112995006817, "log10_min_child_weight": 4.439529425574641, "log10_subsample": -0.5963624725827712, "max_depth": 2.0, "num_boost_round": 26.0}, "datetime": {"datetime": "2024-01-19 00:21:57", "elapsed": 622.135811, "delta": 0.000738}}
{"target": -17.682713409041774, "params": {"gamma": 450.3017278835949, "log10_alpha": -4.994158750794975, "log10_colsample_bytree": -0.07003195196173506, "log10_eta": -1.1351367642773438, "log10_lambda": -0.10629112995006817, "log10_min_child_weight": 4.439529425574641, "log10_subsample": -0.5963624725827712, "max_depth": 2.0, "num_boost_round": 27.0}, "datetime": {"datetime": "2024-01-19 00:21:57", "elapsed": 622.136558, "delta": 0.000747}}
{"target": -17.682540320603028, "params": {"gamma": 450.3017278835949, "log10_alpha": -4.994158750794975, "log10_colsample_bytree": -0.07003195196173506, "log10_eta": -1.1351367642773438, "log10_lambda": -0.10629112995006817, "log10_min_child_weight": 4.439529425574641, "log10_subsample": -0.5963624725827712, "max_depth": 2.0, "num_boost_round": 28.0}, "datetime": {"datetime": "2024-01-19 00:21:57", "elapsed": 622.137305, "delta": 0.000747}}
{"target": -17.682729414184585, "params": {"gamma": 450.3017278835949, "log10_alpha": -4.994158750794975, "log10_colsample_bytree": -0.07003195196173506, "log10_eta": -1.1351367642773438, "log10_lambda": -0.10629112995006817, "log10_min_child_weight": 4.439529425574641, "log10_subsample": -0.5963624725827712, "max_depth": 2.0, "num_boost_round": 29.0}, "datetime": {"datetime": "2024-01-19 00:21:57", "elapsed": 622.138042, "delta": 0.000737}}
{"target": -17.683114526600324, "params": {"gamma": 450.3017278835949, "log10_alpha": -4.994158750794975, "log10_colsample_bytree": -0.07003195196173506, "log10_eta": -1.1351367642773438, "log10_lambda": -0.10629112995006817, "log10_min_child_weight": 4.439529425574641, "log10_subsample": -0.5963624725827712, "max_depth": 2.0, "num_boost_round": 30.0}, "datetime": {"datetime": "2024-01-19 00:21:57", "elapsed": 622.138785, "delta": 0.000743}}
{"target": -17.682635746876038, "params": {"gamma": 450.3017278835949, "log10_alpha": -4.994158750794975, "log10_colsample_bytree": -0.07003195196173506, "log10_eta": -1.1351367642773438, "log10_lambda": -0.10629112995006817, "log10_min_child_weight": 4.439529425574641, "log10_subsample": -0.5963624725827712, "max_depth": 2.0, "num_boost_round": 31.0}, "datetime": {"datetime": "2024-01-19 00:21:57", "elapsed": 622.13952, "delta": 0.000735}}
{"target": -17.68252183304375, "params": {"gamma": 450.3017278835949, "log10_alpha": -4.994158750794975, "log10_colsample_bytree": -0.07003195196173506, "log10_eta": -1.1351367642773438, "log10_lambda": -0.10629112995006817, "log10_min_child_weight": 4.439529425574641, "log10_subsample": -0.5963624725827712, "max_depth": 2.0, "num_boost_round": 32.0}, "datetime": {"datetime": "2024-01-19 00:21:57", "elapsed": 622.140261, "delta": 0.000741}}
{"target": -17.682557939059112, "params": {"gamma": 450.3017278835949, "log10_alpha": -4.994158750794975, "log10_colsample_bytree": -0.07003195196173506, "log10_eta": -1.1351367642773438, "log10_lambda": -0.10629112995006817, "log10_min_child_weight": 4.439529425574641, "log10_subsample": -0.5963624725827712, "max_depth": 2.0, "num_boost_round": 33.0}, "datetime": {"datetime": "2024-01-19 00:21:57", "elapsed": 622.141005, "delta": 0.000744}}
{"target": -17.683383316831694, "params": {"gamma": 450.3017278835949, "log10_alpha": -4.994158750794975, "log10_colsample_bytree": -0.07003195196173506, "log10_eta": -1.1351367642773438, "log10_lambda": -0.10629112995006817, "log10_min_child_weight": 4.439529425574641, "log10_subsample": -0.5963624725827712, "max_depth": 2.0, "num_boost_round": 34.0}, "datetime": {"datetime": "2024-01-19 00:21:57", "elapsed": 622.141747, "delta": 0.000742}}
{"target": -17.683849672087415, "params": {"gamma": 450.3017278835949, "log10_alpha": -4.994158750794975, "log10_colsample_bytree": -0.07003195196173506, "log10_eta": -1.1351367642773438, "log10_lambda": -0.10629112995006817, "log10_min_child_weight": 4.439529425574641, "log10_subsample": -0.5963624725827712, "max_depth": 2.0, "num_boost_round": 35.0}, "datetime": {"datetime": "2024-01-19 00:21:57", "elapsed": 622.142486, "delta": 0.000739}}
{"target": -17.684390812547772, "params": {"gamma": 450.3017278835949, "log10_alpha": -4.994158750794975, "log10_colsample_bytree": -0.07003195196173506, "log10_eta": -1.1351367642773438, "log10_lambda": -0.10629112995006817, "log10_min_child_weight": 4.439529425574641, "log10_subsample": -0.5963624725827712, "max_depth": 2.0, "num_boost_round": 36.0}, "datetime": {"datetime": "2024-01-19 00:21:57", "elapsed": 622.143217, "delta": 0.000731}}
{"target": -17.684750120172797, "params": {"gamma": 450.3017278835949, "log10_alpha": -4.994158750794975, "log10_colsample_bytree": -0.07003195196173506, "log10_eta": -1.1351367642773438, "log10_lambda": -0.10629112995006817, "log10_min_child_weight": 4.439529425574641, "log10_subsample": -0.5963624725827712, "max_depth": 2.0, "num_boost_round": 37.0}, "datetime": {"datetime": "2024-01-19 00:21:57", "elapsed": 622.143959, "delta": 0.000742}}
{"target": -17.68551594024287, "params": {"gamma": 450.3017278835949, "log10_alpha": -4.994158750794975, "log10_colsample_bytree": -0.07003195196173506, "log10_eta": -1.1351367642773438, "log10_lambda": -0.10629112995006817, "log10_min_child_weight": 4.439529425574641, "log10_subsample": -0.5963624725827712, "max_depth": 2.0, "num_boost_round": 38.0}, "datetime": {"datetime": "2024-01-19 00:21:57", "elapsed": 622.144705, "delta": 0.000746}}
{"target": -17.685646715027858, "params": {"gamma": 450.3017278835949, "log10_alpha": -4.994158750794975, "log10_colsample_bytree": -0.07003195196173506, "log10_eta": -1.1351367642773438, "log10_lambda": -0.10629112995006817, "log10_min_child_weight": 4.439529425574641, "log10_subsample": -0.5963624725827712, "max_depth": 2.0, "num_boost_round": 39.0}, "datetime": {"datetime": "2024-01-19 00:21:57", "elapsed": 622.145464, "delta": 0.000759}}
{"target": -17.68599943644854, "params": {"gamma": 450.3017278835949, "log10_alpha": -4.994158750794975, "log10_colsample_bytree": -0.07003195196173506, "log10_eta": -1.1351367642773438, "log10_lambda": -0.10629112995006817, "log10_min_child_weight": 4.439529425574641, "log10_subsample": -0.5963624725827712, "max_depth": 2.0, "num_boost_round": 40.0}, "datetime": {"datetime": "2024-01-19 00:21:57", "elapsed": 622.146219, "delta": 0.000755}}
{"target": -17.68594368929371, "params": {"gamma": 450.3017278835949, "log10_alpha": -4.994158750794975, "log10_colsample_bytree": -0.07003195196173506, "log10_eta": -1.1351367642773438, "log10_lambda": -0.10629112995006817, "log10_min_child_weight": 4.439529425574641, "log10_subsample": -0.5963624725827712, "max_depth": 2.0, "num_boost_round": 41.0}, "datetime": {"datetime": "2024-01-19 00:21:57", "elapsed": 622.146963, "delta": 0.000744}}
{"target": -17.685579103273728, "params": {"gamma": 450.3017278835949, "log10_alpha": -4.994158750794975, "log10_colsample_bytree": -0.07003195196173506, "log10_eta": -1.1351367642773438, "log10_lambda": -0.10629112995006817, "log10_min_child_weight": 4.439529425574641, "log10_subsample": -0.5963624725827712, "max_depth": 2.0, "num_boost_round": 42.0}, "datetime": {"datetime": "2024-01-19 00:21:57", "elapsed": 622.147724, "delta": 0.000761}}
{"target": -17.685665780014514, "params": {"gamma": 450.3017278835949, "log10_alpha": -4.994158750794975, "log10_colsample_bytree": -0.07003195196173506, "log10_eta": -1.1351367642773438, "log10_lambda": -0.10629112995006817, "log10_min_child_weight": 4.439529425574641, "log10_subsample": -0.5963624725827712, "max_depth": 2.0, "num_boost_round": 43.0}, "datetime": {"datetime": "2024-01-19 00:21:57", "elapsed": 622.148483, "delta": 0.000759}}
{"target": -17.685777091726592, "params": {"gamma": 450.3017278835949, "log10_alpha": -4.994158750794975, "log10_colsample_bytree": -0.07003195196173506, "log10_eta": -1.1351367642773438, "log10_lambda": -0.10629112995006817, "log10_min_child_weight": 4.439529425574641, "log10_subsample": -0.5963624725827712, "max_depth": 2.0, "num_boost_round": 44.0}, "datetime": {"datetime": "2024-01-19 00:21:57", "elapsed": 622.149236, "delta": 0.000753}}
{"target": -17.68599467870673, "params": {"gamma": 450.3017278835949, "log10_alpha": -4.994158750794975, "log10_colsample_bytree": -0.07003195196173506, "log10_eta": -1.1351367642773438, "log10_lambda": -0.10629112995006817, "log10_min_child_weight": 4.439529425574641, "log10_subsample": -0.5963624725827712, "max_depth": 2.0, "num_boost_round": 45.0}, "datetime": {"datetime": "2024-01-19 00:21:57", "elapsed": 622.15001, "delta": 0.000774}}
{"target": -17.686293533313357, "params": {"gamma": 450.3017278835949, "log10_alpha": -4.994158750794975, "log10_colsample_bytree": -0.07003195196173506, "log10_eta": -1.1351367642773438, "log10_lambda": -0.10629112995006817, "log10_min_child_weight": 4.439529425574641, "log10_subsample": -0.5963624725827712, "max_depth": 2.0, "num_boost_round": 46.0}, "datetime": {"datetime": "2024-01-19 00:21:57", "elapsed": 622.150804, "delta": 0.000794}}
{"target": -17.686424933329366, "params": {"gamma": 450.3017278835949, "log10_alpha": -4.994158750794975, "log10_colsample_bytree": -0.07003195196173506, "log10_eta": -1.1351367642773438, "log10_lambda": -0.10629112995006817, "log10_min_child_weight": 4.439529425574641, "log10_subsample": -0.5963624725827712, "max_depth": 2.0, "num_boost_round": 47.0}, "datetime": {"datetime": "2024-01-19 00:21:57", "elapsed": 622.151563, "delta": 0.000759}}
{"target": -17.68656802682567, "params": {"gamma": 450.3017278835949, "log10_alpha": -4.994158750794975, "log10_colsample_bytree": -0.07003195196173506, "log10_eta": -1.1351367642773438, "log10_lambda": -0.10629112995006817, "log10_min_child_weight": 4.439529425574641, "log10_subsample": -0.5963624725827712, "max_depth": 2.0, "num_boost_round": 48.0}, "datetime": {"datetime": "2024-01-19 00:21:57", "elapsed": 622.152316, "delta": 0.000753}}
{"target": -17.68665705109085, "params": {"gamma": 450.3017278835949, "log10_alpha": -4.994158750794975, "log10_colsample_bytree": -0.07003195196173506, "log10_eta": -1.1351367642773438, "log10_lambda": -0.10629112995006817, "log10_min_child_weight": 4.439529425574641, "log10_subsample": -0.5963624725827712, "max_depth": 2.0, "num_boost_round": 49.0}, "datetime": {"datetime": "2024-01-19 00:21:57", "elapsed": 622.15307, "delta": 0.000754}}
{"target": -17.687709878658612, "params": {"gamma": 450.3017278835949, "log10_alpha": -4.994158750794975, "log10_colsample_bytree": -0.07003195196173506, "log10_eta": -1.1351367642773438, "log10_lambda": -0.10629112995006817, "log10_min_child_weight": 4.439529425574641, "log10_subsample": -0.5963624725827712, "max_depth": 2.0, "num_boost_round": 50.0}, "datetime": {"datetime": "2024-01-19 00:21:57", "elapsed": 622.153945, "delta": 0.000875}}
{"target": -17.68787545276849, "params": {"gamma": 450.3017278835949, "log10_alpha": -4.994158750794975, "log10_colsample_bytree": -0.07003195196173506, "log10_eta": -1.1351367642773438, "log10_lambda": -0.10629112995006817, "log10_min_child_weight": 4.439529425574641, "log10_subsample": -0.5963624725827712, "max_depth": 2.0, "num_boost_round": 51.0}, "datetime": {"datetime": "2024-01-19 00:21:57", "elapsed": 622.154708, "delta": 0.000763}}
{"target": -17.68814211450516, "params": {"gamma": 450.3017278835949, "log10_alpha": -4.994158750794975, "log10_colsample_bytree": -0.07003195196173506, "log10_eta": -1.1351367642773438, "log10_lambda": -0.10629112995006817, "log10_min_child_weight": 4.439529425574641, "log10_subsample": -0.5963624725827712, "max_depth": 2.0, "num_boost_round": 52.0}, "datetime": {"datetime": "2024-01-19 00:21:57", "elapsed": 622.155464, "delta": 0.000756}}
{"target": -17.68863865225419, "params": {"gamma": 450.3017278835949, "log10_alpha": -4.994158750794975, "log10_colsample_bytree": -0.07003195196173506, "log10_eta": -1.1351367642773438, "log10_lambda": -0.10629112995006817, "log10_min_child_weight": 4.439529425574641, "log10_subsample": -0.5963624725827712, "max_depth": 2.0, "num_boost_round": 53.0}, "datetime": {"datetime": "2024-01-19 00:21:57", "elapsed": 622.156224, "delta": 0.00076}}
{"target": -17.688257909202374, "params": {"gamma": 450.3017278835949, "log10_alpha": -4.994158750794975, "log10_colsample_bytree": -0.07003195196173506, "log10_eta": -1.1351367642773438, "log10_lambda": -0.10629112995006817, "log10_min_child_weight": 4.439529425574641, "log10_subsample": -0.5963624725827712, "max_depth": 2.0, "num_boost_round": 54.0}, "datetime": {"datetime": "2024-01-19 00:21:57", "elapsed": 622.156988, "delta": 0.000764}}
{"target": -17.688725762771906, "params": {"gamma": 450.3017278835949, "log10_alpha": -4.994158750794975, "log10_colsample_bytree": -0.07003195196173506, "log10_eta": -1.1351367642773438, "log10_lambda": -0.10629112995006817, "log10_min_child_weight": 4.439529425574641, "log10_subsample": -0.5963624725827712, "max_depth": 2.0, "num_boost_round": 55.0}, "datetime": {"datetime": "2024-01-19 00:21:57", "elapsed": 622.15776, "delta": 0.000772}}
{"target": -17.688535685194257, "params": {"gamma": 450.3017278835949, "log10_alpha": -4.994158750794975, "log10_colsample_bytree": -0.07003195196173506, "log10_eta": -1.1351367642773438, "log10_lambda": -0.10629112995006817, "log10_min_child_weight": 4.439529425574641, "log10_subsample": -0.5963624725827712, "max_depth": 2.0, "num_boost_round": 56.0}, "datetime": {"datetime": "2024-01-19 00:21:57", "elapsed": 622.158519, "delta": 0.000759}}
{"target": -17.68876997470824, "params": {"gamma": 450.3017278835949, "log10_alpha": -4.994158750794975, "log10_colsample_bytree": -0.07003195196173506, "log10_eta": -1.1351367642773438, "log10_lambda": -0.10629112995006817, "log10_min_child_weight": 4.439529425574641, "log10_subsample": -0.5963624725827712, "max_depth": 2.0, "num_boost_round": 57.0}, "datetime": {"datetime": "2024-01-19 00:21:57", "elapsed": 622.159283, "delta": 0.000764}}
{"target": -17.689220206139574, "params": {"gamma": 450.3017278835949, "log10_alpha": -4.994158750794975, "log10_colsample_bytree": -0.07003195196173506, "log10_eta": -1.1351367642773438, "log10_lambda": -0.10629112995006817, "log10_min_child_weight": 4.439529425574641, "log10_subsample": -0.5963624725827712, "max_depth": 2.0, "num_boost_round": 58.0}, "datetime": {"datetime": "2024-01-19 00:21:57", "elapsed": 622.160049, "delta": 0.000766}}
{"target": -17.68943828824815, "params": {"gamma": 450.3017278835949, "log10_alpha": -4.994158750794975, "log10_colsample_bytree": -0.07003195196173506, "log10_eta": -1.1351367642773438, "log10_lambda": -0.10629112995006817, "log10_min_child_weight": 4.439529425574641, "log10_subsample": -0.5963624725827712, "max_depth": 2.0, "num_boost_round": 59.0}, "datetime": {"datetime": "2024-01-19 00:21:57", "elapsed": 622.160823, "delta": 0.000774}}
{"target": -17.689744471702753, "params": {"gamma": 450.3017278835949, "log10_alpha": -4.994158750794975, "log10_colsample_bytree": -0.07003195196173506, "log10_eta": -1.1351367642773438, "log10_lambda": -0.10629112995006817, "log10_min_child_weight": 4.439529425574641, "log10_subsample": -0.5963624725827712, "max_depth": 2.0, "num_boost_round": 60.0}, "datetime": {"datetime": "2024-01-19 00:21:57", "elapsed": 622.161596, "delta": 0.000773}}
{"target": -17.69058938146275, "params": {"gamma": 450.3017278835949, "log10_alpha": -4.994158750794975, "log10_colsample_bytree": -0.07003195196173506, "log10_eta": -1.1351367642773438, "log10_lambda": -0.10629112995006817, "log10_min_child_weight": 4.439529425574641, "log10_subsample": -0.5963624725827712, "max_depth": 2.0, "num_boost_round": 61.0}, "datetime": {"datetime": "2024-01-19 00:21:57", "elapsed": 622.162369, "delta": 0.000773}}
{"target": -17.690752883170223, "params": {"gamma": 450.3017278835949, "log10_alpha": -4.994158750794975, "log10_colsample_bytree": -0.07003195196173506, "log10_eta": -1.1351367642773438, "log10_lambda": -0.10629112995006817, "log10_min_child_weight": 4.439529425574641, "log10_subsample": -0.5963624725827712, "max_depth": 2.0, "num_boost_round": 62.0}, "datetime": {"datetime": "2024-01-19 00:21:57", "elapsed": 622.163155, "delta": 0.000786}}
{"target": -17.6908361553982, "params": {"gamma": 450.3017278835949, "log10_alpha": -4.994158750794975, "log10_colsample_bytree": -0.07003195196173506, "log10_eta": -1.1351367642773438, "log10_lambda": -0.10629112995006817, "log10_min_child_weight": 4.439529425574641, "log10_subsample": -0.5963624725827712, "max_depth": 2.0, "num_boost_round": 63.0}, "datetime": {"datetime": "2024-01-19 00:21:57", "elapsed": 622.163925, "delta": 0.00077}}
{"target": -17.690813344959142, "params": {"gamma": 450.3017278835949, "log10_alpha": -4.994158750794975, "log10_colsample_bytree": -0.07003195196173506, "log10_eta": -1.1351367642773438, "log10_lambda": -0.10629112995006817, "log10_min_child_weight": 4.439529425574641, "log10_subsample": -0.5963624725827712, "max_depth": 2.0, "num_boost_round": 64.0}, "datetime": {"datetime": "2024-01-19 00:21:57", "elapsed": 622.164698, "delta": 0.000773}}
{"target": -17.691026217315343, "params": {"gamma": 450.3017278835949, "log10_alpha": -4.994158750794975, "log10_colsample_bytree": -0.07003195196173506, "log10_eta": -1.1351367642773438, "log10_lambda": -0.10629112995006817, "log10_min_child_weight": 4.439529425574641, "log10_subsample": -0.5963624725827712, "max_depth": 2.0, "num_boost_round": 65.0}, "datetime": {"datetime": "2024-01-19 00:21:57", "elapsed": 622.165471, "delta": 0.000773}}
{"target": -17.691267321922115, "params": {"gamma": 450.3017278835949, "log10_alpha": -4.994158750794975, "log10_colsample_bytree": -0.07003195196173506, "log10_eta": -1.1351367642773438, "log10_lambda": -0.10629112995006817, "log10_min_child_weight": 4.439529425574641, "log10_subsample": -0.5963624725827712, "max_depth": 2.0, "num_boost_round": 66.0}, "datetime": {"datetime": "2024-01-19 00:21:57", "elapsed": 622.16625, "delta": 0.000779}}
{"target": -17.691019395890006, "params": {"gamma": 450.3017278835949, "log10_alpha": -4.994158750794975, "log10_colsample_bytree": -0.07003195196173506, "log10_eta": -1.1351367642773438, "log10_lambda": -0.10629112995006817, "log10_min_child_weight": 4.439529425574641, "log10_subsample": -0.5963624725827712, "max_depth": 2.0, "num_boost_round": 67.0}, "datetime": {"datetime": "2024-01-19 00:21:57", "elapsed": 622.167026, "delta": 0.000776}}
{"target": -17.691083313253667, "params": {"gamma": 450.3017278835949, "log10_alpha": -4.994158750794975, "log10_colsample_bytree": -0.07003195196173506, "log10_eta": -1.1351367642773438, "log10_lambda": -0.10629112995006817, "log10_min_child_weight": 4.439529425574641, "log10_subsample": -0.5963624725827712, "max_depth": 2.0, "num_boost_round": 68.0}, "datetime": {"datetime": "2024-01-19 00:21:57", "elapsed": 622.167831, "delta": 0.000805}}
{"target": -17.691520090725227, "params": {"gamma": 450.3017278835949, "log10_alpha": -4.994158750794975, "log10_colsample_bytree": -0.07003195196173506, "log10_eta": -1.1351367642773438, "log10_lambda": -0.10629112995006817, "log10_min_child_weight": 4.439529425574641, "log10_subsample": -0.5963624725827712, "max_depth": 2.0, "num_boost_round": 69.0}, "datetime": {"datetime": "2024-01-19 00:21:57", "elapsed": 622.168606, "delta": 0.000775}}
{"target": -17.69212341289326, "params": {"gamma": 450.3017278835949, "log10_alpha": -4.994158750794975, "log10_colsample_bytree": -0.07003195196173506, "log10_eta": -1.1351367642773438, "log10_lambda": -0.10629112995006817, "log10_min_child_weight": 4.439529425574641, "log10_subsample": -0.5963624725827712, "max_depth": 2.0, "num_boost_round": 70.0}, "datetime": {"datetime": "2024-01-19 00:21:57", "elapsed": 622.169393, "delta": 0.000787}}
{"target": -17.69212693794796, "params": {"gamma": 450.3017278835949, "log10_alpha": -4.994158750794975, "log10_colsample_bytree": -0.07003195196173506, "log10_eta": -1.1351367642773438, "log10_lambda": -0.10629112995006817, "log10_min_child_weight": 4.439529425574641, "log10_subsample": -0.5963624725827712, "max_depth": 2.0, "num_boost_round": 71.0}, "datetime": {"datetime": "2024-01-19 00:21:57", "elapsed": 622.170211, "delta": 0.000818}}
{"target": -17.692557935889692, "params": {"gamma": 450.3017278835949, "log10_alpha": -4.994158750794975, "log10_colsample_bytree": -0.07003195196173506, "log10_eta": -1.1351367642773438, "log10_lambda": -0.10629112995006817, "log10_min_child_weight": 4.439529425574641, "log10_subsample": -0.5963624725827712, "max_depth": 2.0, "num_boost_round": 72.0}, "datetime": {"datetime": "2024-01-19 00:21:57", "elapsed": 622.170998, "delta": 0.000787}}
