{"target": -13.758534201040577, "params": {"gamma": 31.25245967942036, "log10_alpha": -0.466322067323361, "log10_colsample_bytree": -0.5922528884643318, "log10_eta": -3.6850793647437308, "log10_lambda": 0.6057709759083743, "log10_min_child_weight": 4.975103701074487, "log10_subsample": -0.4596508284429325, "max_depth": 3.0, "num_boost_round": 7.0}, "datetime": {"datetime": "2024-01-19 01:52:54", "elapsed": 6082.513, "delta": 0.005055}}
{"target": -13.7585343188573, "params": {"gamma": 31.25245967942036, "log10_alpha": -0.466322067323361, "log10_colsample_bytree": -0.5922528884643318, "log10_eta": -3.6850793647437308, "log10_lambda": 0.6057709759083743, "log10_min_child_weight": 4.975103701074487, "log10_subsample": -0.4596508284429325, "max_depth": 3.0, "num_boost_round": 8.0}, "datetime": {"datetime": "2024-01-19 01:52:54", "elapsed": 6082.518015, "delta": 0.005015}}
{"target": -13.758533297000074, "params": {"gamma": 31.25245967942036, "log10_alpha": -0.466322067323361, "log10_colsample_bytree": -0.5922528884643318, "log10_eta": -3.6850793647437308, "log10_lambda": 0.6057709759083743, "log10_min_child_weight": 4.975103701074487, "log10_subsample": -0.4596508284429325, "max_depth": 3.0, "num_boost_round": 9.0}, "datetime": {"datetime": "2024-01-19 01:52:54", "elapsed": 6082.523093, "delta": 0.005078}}
{"target": -13.7585327497872, "params": {"gamma": 31.25245967942036, "log10_alpha": -0.466322067323361, "log10_colsample_bytree": -0.5922528884643318, "log10_eta": -3.6850793647437308, "log10_lambda": 0.6057709759083743, "log10_min_child_weight": 4.975103701074487, "log10_subsample": -0.4596508284429325, "max_depth": 3.0, "num_boost_round": 10.0}, "datetime": {"datetime": "2024-01-19 01:52:54", "elapsed": 6082.528262, "delta": 0.005169}}
{"target": -13.75853189608757, "params": {"gamma": 31.25245967942036, "log10_alpha": -0.466322067323361, "log10_colsample_bytree": -0.5922528884643318, "log10_eta": -3.6850793647437308, "log10_lambda": 0.6057709759083743, "log10_min_child_weight": 4.975103701074487, "log10_subsample": -0.4596508284429325, "max_depth": 3.0, "num_boost_round": 11.0}, "datetime": {"datetime": "2024-01-19 01:52:54", "elapsed": 6082.533487, "delta": 0.005225}}
{"target": -13.758531579395349, "params": {"gamma": 31.25245967942036, "log10_alpha": -0.466322067323361, "log10_colsample_bytree": -0.5922528884643318, "log10_eta": -3.6850793647437308, "log10_lambda": 0.6057709759083743, "log10_min_child_weight": 4.975103701074487, "log10_subsample": -0.4596508284429325, "max_depth": 3.0, "num_boost_round": 12.0}, "datetime": {"datetime": "2024-01-19 01:52:54", "elapsed": 6082.538801, "delta": 0.005314}}
{"target": -13.75853073595186, "params": {"gamma": 31.25245967942036, "log10_alpha": -0.466322067323361, "log10_colsample_bytree": -0.5922528884643318, "log10_eta": -3.6850793647437308, "log10_lambda": 0.6057709759083743, "log10_min_child_weight": 4.975103701074487, "log10_subsample": -0.4596508284429325, "max_depth": 3.0, "num_boost_round": 13.0}, "datetime": {"datetime": "2024-01-19 01:52:54", "elapsed": 6082.543801, "delta": 0.005}}
{"target": -13.758530527668665, "params": {"gamma": 31.25245967942036, "log10_alpha": -0.466322067323361, "log10_colsample_bytree": -0.5922528884643318, "log10_eta": -3.6850793647437308, "log10_lambda": 0.6057709759083743, "log10_min_child_weight": 4.975103701074487, "log10_subsample": -0.4596508284429325, "max_depth": 3.0, "num_boost_round": 14.0}, "datetime": {"datetime": "2024-01-19 01:52:54", "elapsed": 6082.548975, "delta": 0.005174}}
{"target": -13.758529407609897, "params": {"gamma": 31.25245967942036, "log10_alpha": -0.466322067323361, "log10_colsample_bytree": -0.5922528884643318, "log10_eta": -3.6850793647437308, "log10_lambda": 0.6057709759083743, "log10_min_child_weight": 4.975103701074487, "log10_subsample": -0.4596508284429325, "max_depth": 3.0, "num_boost_round": 15.0}, "datetime": {"datetime": "2024-01-19 01:52:54", "elapsed": 6082.554079, "delta": 0.005104}}
{"target": -13.75852843945038, "params": {"gamma": 31.25245967942036, "log10_alpha": -0.466322067323361, "log10_colsample_bytree": -0.5922528884643318, "log10_eta": -3.6850793647437308, "log10_lambda": 0.6057709759083743, "log10_min_child_weight": 4.975103701074487, "log10_subsample": -0.4596508284429325, "max_depth": 3.0, "num_boost_round": 16.0}, "datetime": {"datetime": "2024-01-19 01:52:54", "elapsed": 6082.559208, "delta": 0.005129}}
{"target": -13.758527677467612, "params": {"gamma": 31.25245967942036, "log10_alpha": -0.466322067323361, "log10_colsample_bytree": -0.5922528884643318, "log10_eta": -3.6850793647437308, "log10_lambda": 0.6057709759083743, "log10_min_child_weight": 4.975103701074487, "log10_subsample": -0.4596508284429325, "max_depth": 3.0, "num_boost_round": 17.0}, "datetime": {"datetime": "2024-01-19 01:52:54", "elapsed": 6082.564349, "delta": 0.005141}}
{"target": -13.758527248629434, "params": {"gamma": 31.25245967942036, "log10_alpha": -0.466322067323361, "log10_colsample_bytree": -0.5922528884643318, "log10_eta": -3.6850793647437308, "log10_lambda": 0.6057709759083743, "log10_min_child_weight": 4.975103701074487, "log10_subsample": -0.4596508284429325, "max_depth": 3.0, "num_boost_round": 18.0}, "datetime": {"datetime": "2024-01-19 01:52:54", "elapsed": 6082.569805, "delta": 0.005456}}
{"target": -13.75852571378771, "params": {"gamma": 31.25245967942036, "log10_alpha": -0.466322067323361, "log10_colsample_bytree": -0.5922528884643318, "log10_eta": -3.6850793647437308, "log10_lambda": 0.6057709759083743, "log10_min_child_weight": 4.975103701074487, "log10_subsample": -0.4596508284429325, "max_depth": 3.0, "num_boost_round": 19.0}, "datetime": {"datetime": "2024-01-19 01:52:54", "elapsed": 6082.574873, "delta": 0.005068}}
{"target": -13.758526101997397, "params": {"gamma": 31.25245967942036, "log10_alpha": -0.466322067323361, "log10_colsample_bytree": -0.5922528884643318, "log10_eta": -3.6850793647437308, "log10_lambda": 0.6057709759083743, "log10_min_child_weight": 4.975103701074487, "log10_subsample": -0.4596508284429325, "max_depth": 3.0, "num_boost_round": 20.0}, "datetime": {"datetime": "2024-01-19 01:52:54", "elapsed": 6082.580068, "delta": 0.005195}}
{"target": -13.758525628709798, "params": {"gamma": 31.25245967942036, "log10_alpha": -0.466322067323361, "log10_colsample_bytree": -0.5922528884643318, "log10_eta": -3.6850793647437308, "log10_lambda": 0.6057709759083743, "log10_min_child_weight": 4.975103701074487, "log10_subsample": -0.4596508284429325, "max_depth": 3.0, "num_boost_round": 21.0}, "datetime": {"datetime": "2024-01-19 01:52:54", "elapsed": 6082.585289, "delta": 0.005221}}
{"target": -13.758524385814468, "params": {"gamma": 31.25245967942036, "log10_alpha": -0.466322067323361, "log10_colsample_bytree": -0.5922528884643318, "log10_eta": -3.6850793647437308, "log10_lambda": 0.6057709759083743, "log10_min_child_weight": 4.975103701074487, "log10_subsample": -0.4596508284429325, "max_depth": 3.0, "num_boost_round": 22.0}, "datetime": {"datetime": "2024-01-19 01:52:54", "elapsed": 6082.590354, "delta": 0.005065}}
{"target": -13.758524575327932, "params": {"gamma": 31.25245967942036, "log10_alpha": -0.466322067323361, "log10_colsample_bytree": -0.5922528884643318, "log10_eta": -3.6850793647437308, "log10_lambda": 0.6057709759083743, "log10_min_child_weight": 4.975103701074487, "log10_subsample": -0.4596508284429325, "max_depth": 3.0, "num_boost_round": 23.0}, "datetime": {"datetime": "2024-01-19 01:52:54", "elapsed": 6082.595671, "delta": 0.005317}}
{"target": -13.758524050731745, "params": {"gamma": 31.25245967942036, "log10_alpha": -0.466322067323361, "log10_colsample_bytree": -0.5922528884643318, "log10_eta": -3.6850793647437308, "log10_lambda": 0.6057709759083743, "log10_min_child_weight": 4.975103701074487, "log10_subsample": -0.4596508284429325, "max_depth": 3.0, "num_boost_round": 24.0}, "datetime": {"datetime": "2024-01-19 01:52:54", "elapsed": 6082.601123, "delta": 0.005452}}
{"target": -13.758523802270538, "params": {"gamma": 31.25245967942036, "log10_alpha": -0.466322067323361, "log10_colsample_bytree": -0.5922528884643318, "log10_eta": -3.6850793647437308, "log10_lambda": 0.6057709759083743, "log10_min_child_weight": 4.975103701074487, "log10_subsample": -0.4596508284429325, "max_depth": 3.0, "num_boost_round": 25.0}, "datetime": {"datetime": "2024-01-19 01:52:54", "elapsed": 6082.606247, "delta": 0.005124}}
{"target": -13.758522928967189, "params": {"gamma": 31.25245967942036, "log10_alpha": -0.466322067323361, "log10_colsample_bytree": -0.5922528884643318, "log10_eta": -3.6850793647437308, "log10_lambda": 0.6057709759083743, "log10_min_child_weight": 4.975103701074487, "log10_subsample": -0.4596508284429325, "max_depth": 3.0, "num_boost_round": 26.0}, "datetime": {"datetime": "2024-01-19 01:52:54", "elapsed": 6082.611427, "delta": 0.00518}}
{"target": -13.758771417948907, "params": {"gamma": 18.50275775033483, "log10_alpha": -4.526733773170475, "log10_colsample_bytree": -0.10548228204889365, "log10_eta": -1.7017006304951834, "log10_lambda": -1.4284974066662506, "log10_min_child_weight": 0.8996481203659323, "log10_subsample": -0.03414968011557418, "max_depth": 7.0, "num_boost_round": 0.0}, "datetime": {"datetime": "2024-01-19 01:54:19", "elapsed": 6167.320765, "delta": 84.709338}}
{"target": -13.759343669477133, "params": {"gamma": 18.50275775033483, "log10_alpha": -4.526733773170475, "log10_colsample_bytree": -0.10548228204889365, "log10_eta": -1.7017006304951834, "log10_lambda": -1.4284974066662506, "log10_min_child_weight": 0.8996481203659323, "log10_subsample": -0.03414968011557418, "max_depth": 7.0, "num_boost_round": 1.0}, "datetime": {"datetime": "2024-01-19 01:54:19", "elapsed": 6167.326028, "delta": 0.005263}}
{"target": -13.759301042644834, "params": {"gamma": 18.50275775033483, "log10_alpha": -4.526733773170475, "log10_colsample_bytree": -0.10548228204889365, "log10_eta": -1.7017006304951834, "log10_lambda": -1.4284974066662506, "log10_min_child_weight": 0.8996481203659323, "log10_subsample": -0.03414968011557418, "max_depth": 7.0, "num_boost_round": 2.0}, "datetime": {"datetime": "2024-01-19 01:54:19", "elapsed": 6167.331301, "delta": 0.005273}}
{"target": -13.759562140172635, "params": {"gamma": 18.50275775033483, "log10_alpha": -4.526733773170475, "log10_colsample_bytree": -0.10548228204889365, "log10_eta": -1.7017006304951834, "log10_lambda": -1.4284974066662506, "log10_min_child_weight": 0.8996481203659323, "log10_subsample": -0.03414968011557418, "max_depth": 7.0, "num_boost_round": 3.0}, "datetime": {"datetime": "2024-01-19 01:54:19", "elapsed": 6167.336467, "delta": 0.005166}}
{"target": -13.75906069712488, "params": {"gamma": 18.50275775033483, "log10_alpha": -4.526733773170475, "log10_colsample_bytree": -0.10548228204889365, "log10_eta": -1.7017006304951834, "log10_lambda": -1.4284974066662506, "log10_min_child_weight": 0.8996481203659323, "log10_subsample": -0.03414968011557418, "max_depth": 7.0, "num_boost_round": 4.0}, "datetime": {"datetime": "2024-01-19 01:54:19", "elapsed": 6167.341591, "delta": 0.005124}}
{"target": -13.760199814062029, "params": {"gamma": 18.50275775033483, "log10_alpha": -4.526733773170475, "log10_colsample_bytree": -0.10548228204889365, "log10_eta": -1.7017006304951834, "log10_lambda": -1.4284974066662506, "log10_min_child_weight": 0.8996481203659323, "log10_subsample": -0.03414968011557418, "max_depth": 7.0, "num_boost_round": 5.0}, "datetime": {"datetime": "2024-01-19 01:54:19", "elapsed": 6167.346752, "delta": 0.005161}}
{"target": -13.761923815804133, "params": {"gamma": 18.50275775033483, "log10_alpha": -4.526733773170475, "log10_colsample_bytree": -0.10548228204889365, "log10_eta": -1.7017006304951834, "log10_lambda": -1.4284974066662506, "log10_min_child_weight": 0.8996481203659323, "log10_subsample": -0.03414968011557418, "max_depth": 7.0, "num_boost_round": 6.0}, "datetime": {"datetime": "2024-01-19 01:54:19", "elapsed": 6167.352275, "delta": 0.005523}}
{"target": -13.76296317654163, "params": {"gamma": 18.50275775033483, "log10_alpha": -4.526733773170475, "log10_colsample_bytree": -0.10548228204889365, "log10_eta": -1.7017006304951834, "log10_lambda": -1.4284974066662506, "log10_min_child_weight": 0.8996481203659323, "log10_subsample": -0.03414968011557418, "max_depth": 7.0, "num_boost_round": 7.0}, "datetime": {"datetime": "2024-01-19 01:54:19", "elapsed": 6167.357323, "delta": 0.005048}}
{"target": -13.764913472011457, "params": {"gamma": 18.50275775033483, "log10_alpha": -4.526733773170475, "log10_colsample_bytree": -0.10548228204889365, "log10_eta": -1.7017006304951834, "log10_lambda": -1.4284974066662506, "log10_min_child_weight": 0.8996481203659323, "log10_subsample": -0.03414968011557418, "max_depth": 7.0, "num_boost_round": 8.0}, "datetime": {"datetime": "2024-01-19 01:54:19", "elapsed": 6167.362338, "delta": 0.005015}}
{"target": -13.766880780475034, "params": {"gamma": 18.50275775033483, "log10_alpha": -4.526733773170475, "log10_colsample_bytree": -0.10548228204889365, "log10_eta": -1.7017006304951834, "log10_lambda": -1.4284974066662506, "log10_min_child_weight": 0.8996481203659323, "log10_subsample": -0.03414968011557418, "max_depth": 7.0, "num_boost_round": 9.0}, "datetime": {"datetime": "2024-01-19 01:54:19", "elapsed": 6167.367471, "delta": 0.005133}}
{"target": -13.76764110445617, "params": {"gamma": 18.50275775033483, "log10_alpha": -4.526733773170475, "log10_colsample_bytree": -0.10548228204889365, "log10_eta": -1.7017006304951834, "log10_lambda": -1.4284974066662506, "log10_min_child_weight": 0.8996481203659323, "log10_subsample": -0.03414968011557418, "max_depth": 7.0, "num_boost_round": 10.0}, "datetime": {"datetime": "2024-01-19 01:54:19", "elapsed": 6167.372611, "delta": 0.00514}}
{"target": -13.768303965304757, "params": {"gamma": 18.50275775033483, "log10_alpha": -4.526733773170475, "log10_colsample_bytree": -0.10548228204889365, "log10_eta": -1.7017006304951834, "log10_lambda": -1.4284974066662506, "log10_min_child_weight": 0.8996481203659323, "log10_subsample": -0.03414968011557418, "max_depth": 7.0, "num_boost_round": 11.0}, "datetime": {"datetime": "2024-01-19 01:54:19", "elapsed": 6167.377828, "delta": 0.005217}}
{"target": -13.770208531130738, "params": {"gamma": 18.50275775033483, "log10_alpha": -4.526733773170475, "log10_colsample_bytree": -0.10548228204889365, "log10_eta": -1.7017006304951834, "log10_lambda": -1.4284974066662506, "log10_min_child_weight": 0.8996481203659323, "log10_subsample": -0.03414968011557418, "max_depth": 7.0, "num_boost_round": 12.0}, "datetime": {"datetime": "2024-01-19 01:54:19", "elapsed": 6167.383179, "delta": 0.005351}}
{"target": -13.771590797269184, "params": {"gamma": 18.50275775033483, "log10_alpha": -4.526733773170475, "log10_colsample_bytree": -0.10548228204889365, "log10_eta": -1.7017006304951834, "log10_lambda": -1.4284974066662506, "log10_min_child_weight": 0.8996481203659323, "log10_subsample": -0.03414968011557418, "max_depth": 7.0, "num_boost_round": 13.0}, "datetime": {"datetime": "2024-01-19 01:54:19", "elapsed": 6167.388458, "delta": 0.005279}}
{"target": -13.773043157036984, "params": {"gamma": 18.50275775033483, "log10_alpha": -4.526733773170475, "log10_colsample_bytree": -0.10548228204889365, "log10_eta": -1.7017006304951834, "log10_lambda": -1.4284974066662506, "log10_min_child_weight": 0.8996481203659323, "log10_subsample": -0.03414968011557418, "max_depth": 7.0, "num_boost_round": 14.0}, "datetime": {"datetime": "2024-01-19 01:54:19", "elapsed": 6167.393722, "delta": 0.005264}}
{"target": -13.774163453660693, "params": {"gamma": 18.50275775033483, "log10_alpha": -4.526733773170475, "log10_colsample_bytree": -0.10548228204889365, "log10_eta": -1.7017006304951834, "log10_lambda": -1.4284974066662506, "log10_min_child_weight": 0.8996481203659323, "log10_subsample": -0.03414968011557418, "max_depth": 7.0, "num_boost_round": 15.0}, "datetime": {"datetime": "2024-01-19 01:54:19", "elapsed": 6167.398931, "delta": 0.005209}}
{"target": -13.774496340014116, "params": {"gamma": 18.50275775033483, "log10_alpha": -4.526733773170475, "log10_colsample_bytree": -0.10548228204889365, "log10_eta": -1.7017006304951834, "log10_lambda": -1.4284974066662506, "log10_min_child_weight": 0.8996481203659323, "log10_subsample": -0.03414968011557418, "max_depth": 7.0, "num_boost_round": 16.0}, "datetime": {"datetime": "2024-01-19 01:54:19", "elapsed": 6167.403943, "delta": 0.005012}}
{"target": -13.775220297128113, "params": {"gamma": 18.50275775033483, "log10_alpha": -4.526733773170475, "log10_colsample_bytree": -0.10548228204889365, "log10_eta": -1.7017006304951834, "log10_lambda": -1.4284974066662506, "log10_min_child_weight": 0.8996481203659323, "log10_subsample": -0.03414968011557418, "max_depth": 7.0, "num_boost_round": 17.0}, "datetime": {"datetime": "2024-01-19 01:54:19", "elapsed": 6167.409354, "delta": 0.005411}}
{"target": -13.776041527486578, "params": {"gamma": 18.50275775033483, "log10_alpha": -4.526733773170475, "log10_colsample_bytree": -0.10548228204889365, "log10_eta": -1.7017006304951834, "log10_lambda": -1.4284974066662506, "log10_min_child_weight": 0.8996481203659323, "log10_subsample": -0.03414968011557418, "max_depth": 7.0, "num_boost_round": 18.0}, "datetime": {"datetime": "2024-01-19 01:54:19", "elapsed": 6167.414765, "delta": 0.005411}}
{"target": -13.776197766486034, "params": {"gamma": 18.50275775033483, "log10_alpha": -4.526733773170475, "log10_colsample_bytree": -0.10548228204889365, "log10_eta": -1.7017006304951834, "log10_lambda": -1.4284974066662506, "log10_min_child_weight": 0.8996481203659323, "log10_subsample": -0.03414968011557418, "max_depth": 7.0, "num_boost_round": 19.0}, "datetime": {"datetime": "2024-01-19 01:54:19", "elapsed": 6167.531541, "delta": 0.116776}}
{"target": -13.777896993275611, "params": {"gamma": 18.50275775033483, "log10_alpha": -4.526733773170475, "log10_colsample_bytree": -0.10548228204889365, "log10_eta": -1.7017006304951834, "log10_lambda": -1.4284974066662506, "log10_min_child_weight": 0.8996481203659323, "log10_subsample": -0.03414968011557418, "max_depth": 7.0, "num_boost_round": 20.0}, "datetime": {"datetime": "2024-01-19 01:54:19", "elapsed": 6167.537374, "delta": 0.005833}}
{"target": -13.779255949415981, "params": {"gamma": 18.50275775033483, "log10_alpha": -4.526733773170475, "log10_colsample_bytree": -0.10548228204889365, "log10_eta": -1.7017006304951834, "log10_lambda": -1.4284974066662506, "log10_min_child_weight": 0.8996481203659323, "log10_subsample": -0.03414968011557418, "max_depth": 7.0, "num_boost_round": 21.0}, "datetime": {"datetime": "2024-01-19 01:54:19", "elapsed": 6167.542448, "delta": 0.005074}}
{"target": -13.780447950953594, "params": {"gamma": 18.50275775033483, "log10_alpha": -4.526733773170475, "log10_colsample_bytree": -0.10548228204889365, "log10_eta": -1.7017006304951834, "log10_lambda": -1.4284974066662506, "log10_min_child_weight": 0.8996481203659323, "log10_subsample": -0.03414968011557418, "max_depth": 7.0, "num_boost_round": 22.0}, "datetime": {"datetime": "2024-01-19 01:54:19", "elapsed": 6167.547594, "delta": 0.005146}}
{"target": -13.782614831323414, "params": {"gamma": 18.50275775033483, "log10_alpha": -4.526733773170475, "log10_colsample_bytree": -0.10548228204889365, "log10_eta": -1.7017006304951834, "log10_lambda": -1.4284974066662506, "log10_min_child_weight": 0.8996481203659323, "log10_subsample": -0.03414968011557418, "max_depth": 7.0, "num_boost_round": 23.0}, "datetime": {"datetime": "2024-01-19 01:54:19", "elapsed": 6167.552976, "delta": 0.005382}}
{"target": -13.784345432427397, "params": {"gamma": 18.50275775033483, "log10_alpha": -4.526733773170475, "log10_colsample_bytree": -0.10548228204889365, "log10_eta": -1.7017006304951834, "log10_lambda": -1.4284974066662506, "log10_min_child_weight": 0.8996481203659323, "log10_subsample": -0.03414968011557418, "max_depth": 7.0, "num_boost_round": 24.0}, "datetime": {"datetime": "2024-01-19 01:54:19", "elapsed": 6167.558119, "delta": 0.005143}}
{"target": -13.785317010196355, "params": {"gamma": 18.50275775033483, "log10_alpha": -4.526733773170475, "log10_colsample_bytree": -0.10548228204889365, "log10_eta": -1.7017006304951834, "log10_lambda": -1.4284974066662506, "log10_min_child_weight": 0.8996481203659323, "log10_subsample": -0.03414968011557418, "max_depth": 7.0, "num_boost_round": 25.0}, "datetime": {"datetime": "2024-01-19 01:54:19", "elapsed": 6167.563259, "delta": 0.00514}}
{"target": -13.78701975731951, "params": {"gamma": 18.50275775033483, "log10_alpha": -4.526733773170475, "log10_colsample_bytree": -0.10548228204889365, "log10_eta": -1.7017006304951834, "log10_lambda": -1.4284974066662506, "log10_min_child_weight": 0.8996481203659323, "log10_subsample": -0.03414968011557418, "max_depth": 7.0, "num_boost_round": 26.0}, "datetime": {"datetime": "2024-01-19 01:54:19", "elapsed": 6167.568526, "delta": 0.005267}}
{"target": -13.788088332042376, "params": {"gamma": 18.50275775033483, "log10_alpha": -4.526733773170475, "log10_colsample_bytree": -0.10548228204889365, "log10_eta": -1.7017006304951834, "log10_lambda": -1.4284974066662506, "log10_min_child_weight": 0.8996481203659323, "log10_subsample": -0.03414968011557418, "max_depth": 7.0, "num_boost_round": 27.0}, "datetime": {"datetime": "2024-01-19 01:54:19", "elapsed": 6167.573679, "delta": 0.005153}}
{"target": -13.789068802092574, "params": {"gamma": 18.50275775033483, "log10_alpha": -4.526733773170475, "log10_colsample_bytree": -0.10548228204889365, "log10_eta": -1.7017006304951834, "log10_lambda": -1.4284974066662506, "log10_min_child_weight": 0.8996481203659323, "log10_subsample": -0.03414968011557418, "max_depth": 7.0, "num_boost_round": 28.0}, "datetime": {"datetime": "2024-01-19 01:54:19", "elapsed": 6167.578878, "delta": 0.005199}}
