{"target": -13.75851766718669, "params": {"gamma": 142.3285023060289, "log10_alpha": -2.266125275625563, "log10_colsample_bytree": -0.9853384195135819, "log10_eta": -2.781122847196831, "log10_lambda": -3.675989947612223, "log10_min_child_weight": 1.9053992058929858, "log10_subsample": -0.786474045127098, "max_depth": 2.0, "num_boost_round": 1.0}, "datetime": {"datetime": "2024-01-19 00:44:06", "elapsed": 1953.89703, "delta": 0.002921}}
{"target": -13.758515353522926, "params": {"gamma": 142.3285023060289, "log10_alpha": -2.266125275625563, "log10_colsample_bytree": -0.9853384195135819, "log10_eta": -2.781122847196831, "log10_lambda": -3.675989947612223, "log10_min_child_weight": 1.9053992058929858, "log10_subsample": -0.786474045127098, "max_depth": 2.0, "num_boost_round": 2.0}, "datetime": {"datetime": "2024-01-19 00:44:06", "elapsed": 1953.899351, "delta": 0.002321}}
{"target": -13.758522984940614, "params": {"gamma": 142.3285023060289, "log10_alpha": -2.266125275625563, "log10_colsample_bytree": -0.9853384195135819, "log10_eta": -2.781122847196831, "log10_lambda": -3.675989947612223, "log10_min_child_weight": 1.9053992058929858, "log10_subsample": -0.786474045127098, "max_depth": 2.0, "num_boost_round": 3.0}, "datetime": {"datetime": "2024-01-19 00:44:06", "elapsed": 1953.905918, "delta": 0.006567}}
{"target": -13.758492033677866, "params": {"gamma": 142.3285023060289, "log10_alpha": -2.266125275625563, "log10_colsample_bytree": -0.9853384195135819, "log10_eta": -2.781122847196831, "log10_lambda": -3.675989947612223, "log10_min_child_weight": 1.9053992058929858, "log10_subsample": -0.786474045127098, "max_depth": 2.0, "num_boost_round": 4.0}, "datetime": {"datetime": "2024-01-19 00:44:06", "elapsed": 1953.908149, "delta": 0.002231}}
{"target": -13.758489105033632, "params": {"gamma": 142.3285023060289, "log10_alpha": -2.266125275625563, "log10_colsample_bytree": -0.9853384195135819, "log10_eta": -2.781122847196831, "log10_lambda": -3.675989947612223, "log10_min_child_weight": 1.9053992058929858, "log10_subsample": -0.786474045127098, "max_depth": 2.0, "num_boost_round": 5.0}, "datetime": {"datetime": "2024-01-19 00:44:06", "elapsed": 1953.910315, "delta": 0.002166}}
{"target": -13.758488142525222, "params": {"gamma": 142.3285023060289, "log10_alpha": -2.266125275625563, "log10_colsample_bytree": -0.9853384195135819, "log10_eta": -2.781122847196831, "log10_lambda": -3.675989947612223, "log10_min_child_weight": 1.9053992058929858, "log10_subsample": -0.786474045127098, "max_depth": 2.0, "num_boost_round": 6.0}, "datetime": {"datetime": "2024-01-19 00:44:06", "elapsed": 1953.912528, "delta": 0.002213}}
{"target": -13.758474066694449, "params": {"gamma": 142.3285023060289, "log10_alpha": -2.266125275625563, "log10_colsample_bytree": -0.9853384195135819, "log10_eta": -2.781122847196831, "log10_lambda": -3.675989947612223, "log10_min_child_weight": 1.9053992058929858, "log10_subsample": -0.786474045127098, "max_depth": 2.0, "num_boost_round": 7.0}, "datetime": {"datetime": "2024-01-19 00:44:06", "elapsed": 1953.914727, "delta": 0.002199}}
{"target": -13.758491465148246, "params": {"gamma": 142.3285023060289, "log10_alpha": -2.266125275625563, "log10_colsample_bytree": -0.9853384195135819, "log10_eta": -2.781122847196831, "log10_lambda": -3.675989947612223, "log10_min_child_weight": 1.9053992058929858, "log10_subsample": -0.786474045127098, "max_depth": 2.0, "num_boost_round": 8.0}, "datetime": {"datetime": "2024-01-19 00:44:06", "elapsed": 1953.916986, "delta": 0.002259}}
{"target": -13.758473442891066, "params": {"gamma": 142.3285023060289, "log10_alpha": -2.266125275625563, "log10_colsample_bytree": -0.9853384195135819, "log10_eta": -2.781122847196831, "log10_lambda": -3.675989947612223, "log10_min_child_weight": 1.9053992058929858, "log10_subsample": -0.786474045127098, "max_depth": 2.0, "num_boost_round": 9.0}, "datetime": {"datetime": "2024-01-19 00:44:06", "elapsed": 1953.919244, "delta": 0.002258}}
{"target": -13.758473016418037, "params": {"gamma": 142.3285023060289, "log10_alpha": -2.266125275625563, "log10_colsample_bytree": -0.9853384195135819, "log10_eta": -2.781122847196831, "log10_lambda": -3.675989947612223, "log10_min_child_weight": 1.9053992058929858, "log10_subsample": -0.786474045127098, "max_depth": 2.0, "num_boost_round": 10.0}, "datetime": {"datetime": "2024-01-19 00:44:06", "elapsed": 1953.921553, "delta": 0.002309}}
{"target": -13.758447965490532, "params": {"gamma": 142.3285023060289, "log10_alpha": -2.266125275625563, "log10_colsample_bytree": -0.9853384195135819, "log10_eta": -2.781122847196831, "log10_lambda": -3.675989947612223, "log10_min_child_weight": 1.9053992058929858, "log10_subsample": -0.786474045127098, "max_depth": 2.0, "num_boost_round": 11.0}, "datetime": {"datetime": "2024-01-19 00:44:06", "elapsed": 1953.923842, "delta": 0.002289}}
{"target": -13.758538570430337, "params": {"gamma": 132.5034443331543, "log10_alpha": -0.56350659126743, "log10_colsample_bytree": -0.9539928395172729, "log10_eta": -2.3519418425940772, "log10_lambda": 0.8158916684145154, "log10_min_child_weight": 4.279338168546486, "log10_subsample": -0.8132165636882008, "max_depth": 3.0, "num_boost_round": 0.0}, "datetime": {"datetime": "2024-01-19 00:44:30", "elapsed": 1978.032669, "delta": 24.108827}}
{"target": -13.758538696272492, "params": {"gamma": 132.5034443331543, "log10_alpha": -0.56350659126743, "log10_colsample_bytree": -0.9539928395172729, "log10_eta": -2.3519418425940772, "log10_lambda": 0.8158916684145154, "log10_min_child_weight": 4.279338168546486, "log10_subsample": -0.8132165636882008, "max_depth": 3.0, "num_boost_round": 1.0}, "datetime": {"datetime": "2024-01-19 00:44:30", "elapsed": 1978.035397, "delta": 0.002728}}
{"target": -13.758546748732202, "params": {"gamma": 132.5034443331543, "log10_alpha": -0.56350659126743, "log10_colsample_bytree": -0.9539928395172729, "log10_eta": -2.3519418425940772, "log10_lambda": 0.8158916684145154, "log10_min_child_weight": 4.279338168546486, "log10_subsample": -0.8132165636882008, "max_depth": 3.0, "num_boost_round": 2.0}, "datetime": {"datetime": "2024-01-19 00:44:30", "elapsed": 1978.037827, "delta": 0.00243}}
{"target": -13.758551864425788, "params": {"gamma": 132.5034443331543, "log10_alpha": -0.56350659126743, "log10_colsample_bytree": -0.9539928395172729, "log10_eta": -2.3519418425940772, "log10_lambda": 0.8158916684145154, "log10_min_child_weight": 4.279338168546486, "log10_subsample": -0.8132165636882008, "max_depth": 3.0, "num_boost_round": 3.0}, "datetime": {"datetime": "2024-01-19 00:44:30", "elapsed": 1978.040418, "delta": 0.002591}}
{"target": -13.758548956896743, "params": {"gamma": 132.5034443331543, "log10_alpha": -0.56350659126743, "log10_colsample_bytree": -0.9539928395172729, "log10_eta": -2.3519418425940772, "log10_lambda": 0.8158916684145154, "log10_min_child_weight": 4.279338168546486, "log10_subsample": -0.8132165636882008, "max_depth": 3.0, "num_boost_round": 4.0}, "datetime": {"datetime": "2024-01-19 00:44:30", "elapsed": 1978.042815, "delta": 0.002397}}
{"target": -13.758538001069423, "params": {"gamma": 132.5034443331543, "log10_alpha": -0.56350659126743, "log10_colsample_bytree": -0.9539928395172729, "log10_eta": -2.3519418425940772, "log10_lambda": 0.8158916684145154, "log10_min_child_weight": 4.279338168546486, "log10_subsample": -0.8132165636882008, "max_depth": 3.0, "num_boost_round": 5.0}, "datetime": {"datetime": "2024-01-19 00:44:30", "elapsed": 1978.045015, "delta": 0.0022}}
{"target": -13.758547984095658, "params": {"gamma": 132.5034443331543, "log10_alpha": -0.56350659126743, "log10_colsample_bytree": -0.9539928395172729, "log10_eta": -2.3519418425940772, "log10_lambda": 0.8158916684145154, "log10_min_child_weight": 4.279338168546486, "log10_subsample": -0.8132165636882008, "max_depth": 3.0, "num_boost_round": 6.0}, "datetime": {"datetime": "2024-01-19 00:44:30", "elapsed": 1978.047216, "delta": 0.002201}}
{"target": -13.75852965347282, "params": {"gamma": 132.5034443331543, "log10_alpha": -0.56350659126743, "log10_colsample_bytree": -0.9539928395172729, "log10_eta": -2.3519418425940772, "log10_lambda": 0.8158916684145154, "log10_min_child_weight": 4.279338168546486, "log10_subsample": -0.8132165636882008, "max_depth": 3.0, "num_boost_round": 7.0}, "datetime": {"datetime": "2024-01-19 00:44:30", "elapsed": 1978.049358, "delta": 0.002142}}
{"target": -13.758526483947678, "params": {"gamma": 132.5034443331543, "log10_alpha": -0.56350659126743, "log10_colsample_bytree": -0.9539928395172729, "log10_eta": -2.3519418425940772, "log10_lambda": 0.8158916684145154, "log10_min_child_weight": 4.279338168546486, "log10_subsample": -0.8132165636882008, "max_depth": 3.0, "num_boost_round": 8.0}, "datetime": {"datetime": "2024-01-19 00:44:30", "elapsed": 1978.051571, "delta": 0.002213}}
{"target": -13.758513089889767, "params": {"gamma": 132.5034443331543, "log10_alpha": -0.56350659126743, "log10_colsample_bytree": -0.9539928395172729, "log10_eta": -2.3519418425940772, "log10_lambda": 0.8158916684145154, "log10_min_child_weight": 4.279338168546486, "log10_subsample": -0.8132165636882008, "max_depth": 3.0, "num_boost_round": 9.0}, "datetime": {"datetime": "2024-01-19 00:44:30", "elapsed": 1978.053714, "delta": 0.002143}}
{"target": -13.758515630972164, "params": {"gamma": 132.5034443331543, "log10_alpha": -0.56350659126743, "log10_colsample_bytree": -0.9539928395172729, "log10_eta": -2.3519418425940772, "log10_lambda": 0.8158916684145154, "log10_min_child_weight": 4.279338168546486, "log10_subsample": -0.8132165636882008, "max_depth": 3.0, "num_boost_round": 10.0}, "datetime": {"datetime": "2024-01-19 00:44:30", "elapsed": 1978.05583, "delta": 0.002116}}
{"target": -13.75849732112976, "params": {"gamma": 132.5034443331543, "log10_alpha": -0.56350659126743, "log10_colsample_bytree": -0.9539928395172729, "log10_eta": -2.3519418425940772, "log10_lambda": 0.8158916684145154, "log10_min_child_weight": 4.279338168546486, "log10_subsample": -0.8132165636882008, "max_depth": 3.0, "num_boost_round": 11.0}, "datetime": {"datetime": "2024-01-19 00:44:30", "elapsed": 1978.05804, "delta": 0.00221}}
{"target": -13.75848802820488, "params": {"gamma": 132.5034443331543, "log10_alpha": -0.56350659126743, "log10_colsample_bytree": -0.9539928395172729, "log10_eta": -2.3519418425940772, "log10_lambda": 0.8158916684145154, "log10_min_child_weight": 4.279338168546486, "log10_subsample": -0.8132165636882008, "max_depth": 3.0, "num_boost_round": 12.0}, "datetime": {"datetime": "2024-01-19 00:44:30", "elapsed": 1978.060286, "delta": 0.002246}}
{"target": -13.758455789129675, "params": {"gamma": 132.5034443331543, "log10_alpha": -0.56350659126743, "log10_colsample_bytree": -0.9539928395172729, "log10_eta": -2.3519418425940772, "log10_lambda": 0.8158916684145154, "log10_min_child_weight": 4.279338168546486, "log10_subsample": -0.8132165636882008, "max_depth": 3.0, "num_boost_round": 13.0}, "datetime": {"datetime": "2024-01-19 00:44:30", "elapsed": 1978.062438, "delta": 0.002152}}
{"target": -13.758450616426645, "params": {"gamma": 132.5034443331543, "log10_alpha": -0.56350659126743, "log10_colsample_bytree": -0.9539928395172729, "log10_eta": -2.3519418425940772, "log10_lambda": 0.8158916684145154, "log10_min_child_weight": 4.279338168546486, "log10_subsample": -0.8132165636882008, "max_depth": 3.0, "num_boost_round": 14.0}, "datetime": {"datetime": "2024-01-19 00:44:30", "elapsed": 1978.064608, "delta": 0.00217}}
{"target": -13.758425935600306, "params": {"gamma": 136.94510263223737, "log10_alpha": 0.8648773553085354, "log10_colsample_bytree": -0.5682358757509638, "log10_eta": -2.0234523525142216, "log10_lambda": -3.1215833756342604, "log10_min_child_weight": 1.7247469532772812, "log10_subsample": -0.7037750666202539, "max_depth": 5.0, "num_boost_round": 0.0}, "datetime": {"datetime": "2024-01-19 00:44:53", "elapsed": 2001.075716, "delta": 23.011108}}
{"target": -13.75781350646221, "params": {"gamma": 136.94510263223737, "log10_alpha": 0.8648773553085354, "log10_colsample_bytree": -0.5682358757509638, "log10_eta": -2.0234523525142216, "log10_lambda": -3.1215833756342604, "log10_min_child_weight": 1.7247469532772812, "log10_subsample": -0.7037750666202539, "max_depth": 5.0, "num_boost_round": 1.0}, "datetime": {"datetime": "2024-01-19 00:44:53", "elapsed": 2001.078163, "delta": 0.002447}}
{"target": -13.757304771874756, "params": {"gamma": 136.94510263223737, "log10_alpha": 0.8648773553085354, "log10_colsample_bytree": -0.5682358757509638, "log10_eta": -2.0234523525142216, "log10_lambda": -3.1215833756342604, "log10_min_child_weight": 1.7247469532772812, "log10_subsample": -0.7037750666202539, "max_depth": 5.0, "num_boost_round": 2.0}, "datetime": {"datetime": "2024-01-19 00:44:53", "elapsed": 2001.080639, "delta": 0.002476}}
{"target": -13.7571465621827, "params": {"gamma": 136.94510263223737, "log10_alpha": 0.8648773553085354, "log10_colsample_bytree": -0.5682358757509638, "log10_eta": -2.0234523525142216, "log10_lambda": -3.1215833756342604, "log10_min_child_weight": 1.7247469532772812, "log10_subsample": -0.7037750666202539, "max_depth": 5.0, "num_boost_round": 3.0}, "datetime": {"datetime": "2024-01-19 00:44:53", "elapsed": 2001.082849, "delta": 0.00221}}
{"target": -13.757052110295053, "params": {"gamma": 136.94510263223737, "log10_alpha": 0.8648773553085354, "log10_colsample_bytree": -0.5682358757509638, "log10_eta": -2.0234523525142216, "log10_lambda": -3.1215833756342604, "log10_min_child_weight": 1.7247469532772812, "log10_subsample": -0.7037750666202539, "max_depth": 5.0, "num_boost_round": 4.0}, "datetime": {"datetime": "2024-01-19 00:44:53", "elapsed": 2001.085392, "delta": 0.002543}}
{"target": -13.756728505619709, "params": {"gamma": 136.94510263223737, "log10_alpha": 0.8648773553085354, "log10_colsample_bytree": -0.5682358757509638, "log10_eta": -2.0234523525142216, "log10_lambda": -3.1215833756342604, "log10_min_child_weight": 1.7247469532772812, "log10_subsample": -0.7037750666202539, "max_depth": 5.0, "num_boost_round": 5.0}, "datetime": {"datetime": "2024-01-19 00:44:53", "elapsed": 2001.088564, "delta": 0.003172}}
{"target": -13.756824058339738, "params": {"gamma": 136.94510263223737, "log10_alpha": 0.8648773553085354, "log10_colsample_bytree": -0.5682358757509638, "log10_eta": -2.0234523525142216, "log10_lambda": -3.1215833756342604, "log10_min_child_weight": 1.7247469532772812, "log10_subsample": -0.7037750666202539, "max_depth": 5.0, "num_boost_round": 6.0}, "datetime": {"datetime": "2024-01-19 00:44:53", "elapsed": 2001.090863, "delta": 0.002299}}
{"target": -13.756405159355316, "params": {"gamma": 136.94510263223737, "log10_alpha": 0.8648773553085354, "log10_colsample_bytree": -0.5682358757509638, "log10_eta": -2.0234523525142216, "log10_lambda": -3.1215833756342604, "log10_min_child_weight": 1.7247469532772812, "log10_subsample": -0.7037750666202539, "max_depth": 5.0, "num_boost_round": 7.0}, "datetime": {"datetime": "2024-01-19 00:44:53", "elapsed": 2001.093165, "delta": 0.002302}}
{"target": -13.756378797001732, "params": {"gamma": 136.94510263223737, "log10_alpha": 0.8648773553085354, "log10_colsample_bytree": -0.5682358757509638, "log10_eta": -2.0234523525142216, "log10_lambda": -3.1215833756342604, "log10_min_child_weight": 1.7247469532772812, "log10_subsample": -0.7037750666202539, "max_depth": 5.0, "num_boost_round": 8.0}, "datetime": {"datetime": "2024-01-19 00:44:53", "elapsed": 2001.095369, "delta": 0.002204}}
{"target": -13.75636439930339, "params": {"gamma": 136.94510263223737, "log10_alpha": 0.8648773553085354, "log10_colsample_bytree": -0.5682358757509638, "log10_eta": -2.0234523525142216, "log10_lambda": -3.1215833756342604, "log10_min_child_weight": 1.7247469532772812, "log10_subsample": -0.7037750666202539, "max_depth": 5.0, "num_boost_round": 9.0}, "datetime": {"datetime": "2024-01-19 00:44:53", "elapsed": 2001.097609, "delta": 0.00224}}
{"target": -13.756233701108057, "params": {"gamma": 136.94510263223737, "log10_alpha": 0.8648773553085354, "log10_colsample_bytree": -0.5682358757509638, "log10_eta": -2.0234523525142216, "log10_lambda": -3.1215833756342604, "log10_min_child_weight": 1.7247469532772812, "log10_subsample": -0.7037750666202539, "max_depth": 5.0, "num_boost_round": 10.0}, "datetime": {"datetime": "2024-01-19 00:44:53", "elapsed": 2001.099883, "delta": 0.002274}}
{"target": -13.756087210764653, "params": {"gamma": 136.94510263223737, "log10_alpha": 0.8648773553085354, "log10_colsample_bytree": -0.5682358757509638, "log10_eta": -2.0234523525142216, "log10_lambda": -3.1215833756342604, "log10_min_child_weight": 1.7247469532772812, "log10_subsample": -0.7037750666202539, "max_depth": 5.0, "num_boost_round": 11.0}, "datetime": {"datetime": "2024-01-19 00:44:53", "elapsed": 2001.102084, "delta": 0.002201}}
{"target": -13.75853818232372, "params": {"gamma": 133.2381682696274, "log10_alpha": 0.5147715140740097, "log10_colsample_bytree": -0.04415104149846805, "log10_eta": -3.890525190235827, "log10_lambda": -2.8707521964199962, "log10_min_child_weight": 4.184989922136663, "log10_subsample": -0.26072364094092326, "max_depth": 2.0, "num_boost_round": 0.0}, "datetime": {"datetime": "2024-01-19 00:45:19", "elapsed": 2026.599936, "delta": 25.497852}}
{"target": -13.758538113330797, "params": {"gamma": 133.2381682696274, "log10_alpha": 0.5147715140740097, "log10_colsample_bytree": -0.04415104149846805, "log10_eta": -3.890525190235827, "log10_lambda": -2.8707521964199962, "log10_min_child_weight": 4.184989922136663, "log10_subsample": -0.26072364094092326, "max_depth": 2.0, "num_boost_round": 1.0}, "datetime": {"datetime": "2024-01-19 00:45:19", "elapsed": 2026.602349, "delta": 0.002413}}
{"target": -13.758538117240242, "params": {"gamma": 133.2381682696274, "log10_alpha": 0.5147715140740097, "log10_colsample_bytree": -0.04415104149846805, "log10_eta": -3.890525190235827, "log10_lambda": -2.8707521964199962, "log10_min_child_weight": 4.184989922136663, "log10_subsample": -0.26072364094092326, "max_depth": 2.0, "num_boost_round": 2.0}, "datetime": {"datetime": "2024-01-19 00:45:19", "elapsed": 2026.605004, "delta": 0.002655}}
{"target": -13.758538241901682, "params": {"gamma": 133.2381682696274, "log10_alpha": 0.5147715140740097, "log10_colsample_bytree": -0.04415104149846805, "log10_eta": -3.890525190235827, "log10_lambda": -2.8707521964199962, "log10_min_child_weight": 4.184989922136663, "log10_subsample": -0.26072364094092326, "max_depth": 2.0, "num_boost_round": 3.0}, "datetime": {"datetime": "2024-01-19 00:45:19", "elapsed": 2026.607216, "delta": 0.002212}}
{"target": -13.758538821754497, "params": {"gamma": 133.2381682696274, "log10_alpha": 0.5147715140740097, "log10_colsample_bytree": -0.04415104149846805, "log10_eta": -3.890525190235827, "log10_lambda": -2.8707521964199962, "log10_min_child_weight": 4.184989922136663, "log10_subsample": -0.26072364094092326, "max_depth": 2.0, "num_boost_round": 4.0}, "datetime": {"datetime": "2024-01-19 00:45:19", "elapsed": 2026.611248, "delta": 0.004032}}
{"target": -13.758538776489624, "params": {"gamma": 133.2381682696274, "log10_alpha": 0.5147715140740097, "log10_colsample_bytree": -0.04415104149846805, "log10_eta": -3.890525190235827, "log10_lambda": -2.8707521964199962, "log10_min_child_weight": 4.184989922136663, "log10_subsample": -0.26072364094092326, "max_depth": 2.0, "num_boost_round": 5.0}, "datetime": {"datetime": "2024-01-19 00:45:19", "elapsed": 2026.613491, "delta": 0.002243}}
{"target": -13.758538465720651, "params": {"gamma": 133.2381682696274, "log10_alpha": 0.5147715140740097, "log10_colsample_bytree": -0.04415104149846805, "log10_eta": -3.890525190235827, "log10_lambda": -2.8707521964199962, "log10_min_child_weight": 4.184989922136663, "log10_subsample": -0.26072364094092326, "max_depth": 2.0, "num_boost_round": 6.0}, "datetime": {"datetime": "2024-01-19 00:45:19", "elapsed": 2026.615669, "delta": 0.002178}}
{"target": -13.75853831211611, "params": {"gamma": 133.2381682696274, "log10_alpha": 0.5147715140740097, "log10_colsample_bytree": -0.04415104149846805, "log10_eta": -3.890525190235827, "log10_lambda": -2.8707521964199962, "log10_min_child_weight": 4.184989922136663, "log10_subsample": -0.26072364094092326, "max_depth": 2.0, "num_boost_round": 7.0}, "datetime": {"datetime": "2024-01-19 00:45:19", "elapsed": 2026.617846, "delta": 0.002177}}
{"target": -13.758537924213712, "params": {"gamma": 133.2381682696274, "log10_alpha": 0.5147715140740097, "log10_colsample_bytree": -0.04415104149846805, "log10_eta": -3.890525190235827, "log10_lambda": -2.8707521964199962, "log10_min_child_weight": 4.184989922136663, "log10_subsample": -0.26072364094092326, "max_depth": 2.0, "num_boost_round": 8.0}, "datetime": {"datetime": "2024-01-19 00:45:19", "elapsed": 2026.620002, "delta": 0.002156}}
{"target": -13.758537859019974, "params": {"gamma": 133.2381682696274, "log10_alpha": 0.5147715140740097, "log10_colsample_bytree": -0.04415104149846805, "log10_eta": -3.890525190235827, "log10_lambda": -2.8707521964199962, "log10_min_child_weight": 4.184989922136663, "log10_subsample": -0.26072364094092326, "max_depth": 2.0, "num_boost_round": 9.0}, "datetime": {"datetime": "2024-01-19 00:45:19", "elapsed": 2026.622176, "delta": 0.002174}}
{"target": -13.758537937818591, "params": {"gamma": 133.2381682696274, "log10_alpha": 0.5147715140740097, "log10_colsample_bytree": -0.04415104149846805, "log10_eta": -3.890525190235827, "log10_lambda": -2.8707521964199962, "log10_min_child_weight": 4.184989922136663, "log10_subsample": -0.26072364094092326, "max_depth": 2.0, "num_boost_round": 10.0}, "datetime": {"datetime": "2024-01-19 00:45:19", "elapsed": 2026.625312, "delta": 0.003136}}
