{"target": -17.676821389277997, "params": {"gamma": 402.41436408594467, "log10_alpha": 0.1376769401735931, "log10_colsample_bytree": -0.5610049247762448, "log10_eta": -3.2171026120028694, "log10_lambda": -1.092862893724698, "log10_min_child_weight": 0.016354015980724057, "log10_subsample": -0.021849565739151755, "max_depth": 8.0, "num_boost_round": 13.0}, "datetime": {"datetime": "2024-01-19 01:04:28", "elapsed": 3161.19564, "delta": 0.004004}}
{"target": -17.676835442276204, "params": {"gamma": 402.41436408594467, "log10_alpha": 0.1376769401735931, "log10_colsample_bytree": -0.5610049247762448, "log10_eta": -3.2171026120028694, "log10_lambda": -1.092862893724698, "log10_min_child_weight": 0.016354015980724057, "log10_subsample": -0.021849565739151755, "max_depth": 8.0, "num_boost_round": 14.0}, "datetime": {"datetime": "2024-01-19 01:04:28", "elapsed": 3161.199519, "delta": 0.003879}}
{"target": -17.6768210001558, "params": {"gamma": 402.41436408594467, "log10_alpha": 0.1376769401735931, "log10_colsample_bytree": -0.5610049247762448, "log10_eta": -3.2171026120028694, "log10_lambda": -1.092862893724698, "log10_min_child_weight": 0.016354015980724057, "log10_subsample": -0.021849565739151755, "max_depth": 8.0, "num_boost_round": 15.0}, "datetime": {"datetime": "2024-01-19 01:04:28", "elapsed": 3161.203499, "delta": 0.00398}}
{"target": -17.67683698282835, "params": {"gamma": 402.41436408594467, "log10_alpha": 0.1376769401735931, "log10_colsample_bytree": -0.5610049247762448, "log10_eta": -3.2171026120028694, "log10_lambda": -1.092862893724698, "log10_min_child_weight": 0.016354015980724057, "log10_subsample": -0.021849565739151755, "max_depth": 8.0, "num_boost_round": 16.0}, "datetime": {"datetime": "2024-01-19 01:04:28", "elapsed": 3161.207572, "delta": 0.004073}}
{"target": -17.676840285900948, "params": {"gamma": 402.41436408594467, "log10_alpha": 0.1376769401735931, "log10_colsample_bytree": -0.5610049247762448, "log10_eta": -3.2171026120028694, "log10_lambda": -1.092862893724698, "log10_min_child_weight": 0.016354015980724057, "log10_subsample": -0.021849565739151755, "max_depth": 8.0, "num_boost_round": 17.0}, "datetime": {"datetime": "2024-01-19 01:04:28", "elapsed": 3161.211467, "delta": 0.003895}}
{"target": -17.676865528795872, "params": {"gamma": 402.41436408594467, "log10_alpha": 0.1376769401735931, "log10_colsample_bytree": -0.5610049247762448, "log10_eta": -3.2171026120028694, "log10_lambda": -1.092862893724698, "log10_min_child_weight": 0.016354015980724057, "log10_subsample": -0.021849565739151755, "max_depth": 8.0, "num_boost_round": 18.0}, "datetime": {"datetime": "2024-01-19 01:04:28", "elapsed": 3161.215345, "delta": 0.003878}}
{"target": -17.67683386606506, "params": {"gamma": 402.41436408594467, "log10_alpha": 0.1376769401735931, "log10_colsample_bytree": -0.5610049247762448, "log10_eta": -3.2171026120028694, "log10_lambda": -1.092862893724698, "log10_min_child_weight": 0.016354015980724057, "log10_subsample": -0.021849565739151755, "max_depth": 8.0, "num_boost_round": 19.0}, "datetime": {"datetime": "2024-01-19 01:04:28", "elapsed": 3161.219256, "delta": 0.003911}}
{"target": -17.676782205921658, "params": {"gamma": 402.41436408594467, "log10_alpha": 0.1376769401735931, "log10_colsample_bytree": -0.5610049247762448, "log10_eta": -3.2171026120028694, "log10_lambda": -1.092862893724698, "log10_min_child_weight": 0.016354015980724057, "log10_subsample": -0.021849565739151755, "max_depth": 8.0, "num_boost_round": 20.0}, "datetime": {"datetime": "2024-01-19 01:04:28", "elapsed": 3161.22324, "delta": 0.003984}}
{"target": -17.676786037983554, "params": {"gamma": 402.41436408594467, "log10_alpha": 0.1376769401735931, "log10_colsample_bytree": -0.5610049247762448, "log10_eta": -3.2171026120028694, "log10_lambda": -1.092862893724698, "log10_min_child_weight": 0.016354015980724057, "log10_subsample": -0.021849565739151755, "max_depth": 8.0, "num_boost_round": 21.0}, "datetime": {"datetime": "2024-01-19 01:04:28", "elapsed": 3161.227214, "delta": 0.003974}}
{"target": -17.67675322619293, "params": {"gamma": 402.41436408594467, "log10_alpha": 0.1376769401735931, "log10_colsample_bytree": -0.5610049247762448, "log10_eta": -3.2171026120028694, "log10_lambda": -1.092862893724698, "log10_min_child_weight": 0.016354015980724057, "log10_subsample": -0.021849565739151755, "max_depth": 8.0, "num_boost_round": 22.0}, "datetime": {"datetime": "2024-01-19 01:04:28", "elapsed": 3161.231357, "delta": 0.004143}}
{"target": -17.676718080827488, "params": {"gamma": 402.41436408594467, "log10_alpha": 0.1376769401735931, "log10_colsample_bytree": -0.5610049247762448, "log10_eta": -3.2171026120028694, "log10_lambda": -1.092862893724698, "log10_min_child_weight": 0.016354015980724057, "log10_subsample": -0.021849565739151755, "max_depth": 8.0, "num_boost_round": 23.0}, "datetime": {"datetime": "2024-01-19 01:04:28", "elapsed": 3161.235363, "delta": 0.004006}}
{"target": -17.676703821158128, "params": {"gamma": 402.41436408594467, "log10_alpha": 0.1376769401735931, "log10_colsample_bytree": -0.5610049247762448, "log10_eta": -3.2171026120028694, "log10_lambda": -1.092862893724698, "log10_min_child_weight": 0.016354015980724057, "log10_subsample": -0.021849565739151755, "max_depth": 8.0, "num_boost_round": 24.0}, "datetime": {"datetime": "2024-01-19 01:04:28", "elapsed": 3161.23927, "delta": 0.003907}}
{"target": -17.676681773035263, "params": {"gamma": 402.41436408594467, "log10_alpha": 0.1376769401735931, "log10_colsample_bytree": -0.5610049247762448, "log10_eta": -3.2171026120028694, "log10_lambda": -1.092862893724698, "log10_min_child_weight": 0.016354015980724057, "log10_subsample": -0.021849565739151755, "max_depth": 8.0, "num_boost_round": 25.0}, "datetime": {"datetime": "2024-01-19 01:04:28", "elapsed": 3161.243211, "delta": 0.003941}}
{"target": -17.676647597668538, "params": {"gamma": 402.41436408594467, "log10_alpha": 0.1376769401735931, "log10_colsample_bytree": -0.5610049247762448, "log10_eta": -3.2171026120028694, "log10_lambda": -1.092862893724698, "log10_min_child_weight": 0.016354015980724057, "log10_subsample": -0.021849565739151755, "max_depth": 8.0, "num_boost_round": 26.0}, "datetime": {"datetime": "2024-01-19 01:04:28", "elapsed": 3161.24711, "delta": 0.003899}}
{"target": -17.676654299887797, "params": {"gamma": 402.41436408594467, "log10_alpha": 0.1376769401735931, "log10_colsample_bytree": -0.5610049247762448, "log10_eta": -3.2171026120028694, "log10_lambda": -1.092862893724698, "log10_min_child_weight": 0.016354015980724057, "log10_subsample": -0.021849565739151755, "max_depth": 8.0, "num_boost_round": 27.0}, "datetime": {"datetime": "2024-01-19 01:04:28", "elapsed": 3161.251, "delta": 0.00389}}
{"target": -17.67662102596932, "params": {"gamma": 402.41436408594467, "log10_alpha": 0.1376769401735931, "log10_colsample_bytree": -0.5610049247762448, "log10_eta": -3.2171026120028694, "log10_lambda": -1.092862893724698, "log10_min_child_weight": 0.016354015980724057, "log10_subsample": -0.021849565739151755, "max_depth": 8.0, "num_boost_round": 28.0}, "datetime": {"datetime": "2024-01-19 01:04:28", "elapsed": 3161.254894, "delta": 0.003894}}
{"target": -17.676602934107763, "params": {"gamma": 402.41436408594467, "log10_alpha": 0.1376769401735931, "log10_colsample_bytree": -0.5610049247762448, "log10_eta": -3.2171026120028694, "log10_lambda": -1.092862893724698, "log10_min_child_weight": 0.016354015980724057, "log10_subsample": -0.021849565739151755, "max_depth": 8.0, "num_boost_round": 29.0}, "datetime": {"datetime": "2024-01-19 01:04:28", "elapsed": 3161.258806, "delta": 0.003912}}
{"target": -17.67659855795635, "params": {"gamma": 402.41436408594467, "log10_alpha": 0.1376769401735931, "log10_colsample_bytree": -0.5610049247762448, "log10_eta": -3.2171026120028694, "log10_lambda": -1.092862893724698, "log10_min_child_weight": 0.016354015980724057, "log10_subsample": -0.021849565739151755, "max_depth": 8.0, "num_boost_round": 30.0}, "datetime": {"datetime": "2024-01-19 01:04:28", "elapsed": 3161.262711, "delta": 0.003905}}
{"target": -17.67652035554203, "params": {"gamma": 402.41436408594467, "log10_alpha": 0.1376769401735931, "log10_colsample_bytree": -0.5610049247762448, "log10_eta": -3.2171026120028694, "log10_lambda": -1.092862893724698, "log10_min_child_weight": 0.016354015980724057, "log10_subsample": -0.021849565739151755, "max_depth": 8.0, "num_boost_round": 31.0}, "datetime": {"datetime": "2024-01-19 01:04:28", "elapsed": 3161.266575, "delta": 0.003864}}
{"target": -17.676495563868187, "params": {"gamma": 402.41436408594467, "log10_alpha": 0.1376769401735931, "log10_colsample_bytree": -0.5610049247762448, "log10_eta": -3.2171026120028694, "log10_lambda": -1.092862893724698, "log10_min_child_weight": 0.016354015980724057, "log10_subsample": -0.021849565739151755, "max_depth": 8.0, "num_boost_round": 32.0}, "datetime": {"datetime": "2024-01-19 01:04:28", "elapsed": 3161.270477, "delta": 0.003902}}
{"target": -17.67646186847424, "params": {"gamma": 402.41436408594467, "log10_alpha": 0.1376769401735931, "log10_colsample_bytree": -0.5610049247762448, "log10_eta": -3.2171026120028694, "log10_lambda": -1.092862893724698, "log10_min_child_weight": 0.016354015980724057, "log10_subsample": -0.021849565739151755, "max_depth": 8.0, "num_boost_round": 33.0}, "datetime": {"datetime": "2024-01-19 01:04:28", "elapsed": 3161.274396, "delta": 0.003919}}
{"target": -17.676490587359723, "params": {"gamma": 402.41436408594467, "log10_alpha": 0.1376769401735931, "log10_colsample_bytree": -0.5610049247762448, "log10_eta": -3.2171026120028694, "log10_lambda": -1.092862893724698, "log10_min_child_weight": 0.016354015980724057, "log10_subsample": -0.021849565739151755, "max_depth": 8.0, "num_boost_round": 34.0}, "datetime": {"datetime": "2024-01-19 01:04:28", "elapsed": 3161.278288, "delta": 0.003892}}
{"target": -17.676429038951, "params": {"gamma": 402.41436408594467, "log10_alpha": 0.1376769401735931, "log10_colsample_bytree": -0.5610049247762448, "log10_eta": -3.2171026120028694, "log10_lambda": -1.092862893724698, "log10_min_child_weight": 0.016354015980724057, "log10_subsample": -0.021849565739151755, "max_depth": 8.0, "num_boost_round": 35.0}, "datetime": {"datetime": "2024-01-19 01:04:28", "elapsed": 3161.282183, "delta": 0.003895}}
{"target": -17.677212525132283, "params": {"gamma": 407.3679318338935, "log10_alpha": -0.18104450342956557, "log10_colsample_bytree": -0.5648464969814591, "log10_eta": -3.2682075329873355, "log10_lambda": 0.7243198450445165, "log10_min_child_weight": 3.411952854806753, "log10_subsample": -0.6252864609998474, "max_depth": 9.0, "num_boost_round": 0.0}, "datetime": {"datetime": "2024-01-19 01:05:19", "elapsed": 3211.849721, "delta": 50.567538}}
{"target": -17.67721108132761, "params": {"gamma": 407.3679318338935, "log10_alpha": -0.18104450342956557, "log10_colsample_bytree": -0.5648464969814591, "log10_eta": -3.2682075329873355, "log10_lambda": 0.7243198450445165, "log10_min_child_weight": 3.411952854806753, "log10_subsample": -0.6252864609998474, "max_depth": 9.0, "num_boost_round": 1.0}, "datetime": {"datetime": "2024-01-19 01:05:19", "elapsed": 3211.854853, "delta": 0.005132}}
{"target": -17.677187719770313, "params": {"gamma": 407.3679318338935, "log10_alpha": -0.18104450342956557, "log10_colsample_bytree": -0.5648464969814591, "log10_eta": -3.2682075329873355, "log10_lambda": 0.7243198450445165, "log10_min_child_weight": 3.411952854806753, "log10_subsample": -0.6252864609998474, "max_depth": 9.0, "num_boost_round": 2.0}, "datetime": {"datetime": "2024-01-19 01:05:19", "elapsed": 3211.859315, "delta": 0.004462}}
{"target": -17.677185794032752, "params": {"gamma": 407.3679318338935, "log10_alpha": -0.18104450342956557, "log10_colsample_bytree": -0.5648464969814591, "log10_eta": -3.2682075329873355, "log10_lambda": 0.7243198450445165, "log10_min_child_weight": 3.411952854806753, "log10_subsample": -0.6252864609998474, "max_depth": 9.0, "num_boost_round": 3.0}, "datetime": {"datetime": "2024-01-19 01:05:19", "elapsed": 3211.863762, "delta": 0.004447}}
{"target": -17.677156196770035, "params": {"gamma": 407.3679318338935, "log10_alpha": -0.18104450342956557, "log10_colsample_bytree": -0.5648464969814591, "log10_eta": -3.2682075329873355, "log10_lambda": 0.7243198450445165, "log10_min_child_weight": 3.411952854806753, "log10_subsample": -0.6252864609998474, "max_depth": 9.0, "num_boost_round": 4.0}, "datetime": {"datetime": "2024-01-19 01:05:19", "elapsed": 3211.868122, "delta": 0.00436}}
{"target": -17.677128193781776, "params": {"gamma": 407.3679318338935, "log10_alpha": -0.18104450342956557, "log10_colsample_bytree": -0.5648464969814591, "log10_eta": -3.2682075329873355, "log10_lambda": 0.7243198450445165, "log10_min_child_weight": 3.411952854806753, "log10_subsample": -0.6252864609998474, "max_depth": 9.0, "num_boost_round": 5.0}, "datetime": {"datetime": "2024-01-19 01:05:19", "elapsed": 3211.87214, "delta": 0.004018}}
{"target": -17.677110562248913, "params": {"gamma": 407.3679318338935, "log10_alpha": -0.18104450342956557, "log10_colsample_bytree": -0.5648464969814591, "log10_eta": -3.2682075329873355, "log10_lambda": 0.7243198450445165, "log10_min_child_weight": 3.411952854806753, "log10_subsample": -0.6252864609998474, "max_depth": 9.0, "num_boost_round": 6.0}, "datetime": {"datetime": "2024-01-19 01:05:19", "elapsed": 3211.876069, "delta": 0.003929}}
{"target": -17.677113407382624, "params": {"gamma": 407.3679318338935, "log10_alpha": -0.18104450342956557, "log10_colsample_bytree": -0.5648464969814591, "log10_eta": -3.2682075329873355, "log10_lambda": 0.7243198450445165, "log10_min_child_weight": 3.411952854806753, "log10_subsample": -0.6252864609998474, "max_depth": 9.0, "num_boost_round": 7.0}, "datetime": {"datetime": "2024-01-19 01:05:19", "elapsed": 3211.880332, "delta": 0.004263}}
{"target": -17.67708142547831, "params": {"gamma": 407.3679318338935, "log10_alpha": -0.18104450342956557, "log10_colsample_bytree": -0.5648464969814591, "log10_eta": -3.2682075329873355, "log10_lambda": 0.7243198450445165, "log10_min_child_weight": 3.411952854806753, "log10_subsample": -0.6252864609998474, "max_depth": 9.0, "num_boost_round": 8.0}, "datetime": {"datetime": "2024-01-19 01:05:19", "elapsed": 3211.884294, "delta": 0.003962}}
{"target": -17.67708174991063, "params": {"gamma": 407.3679318338935, "log10_alpha": -0.18104450342956557, "log10_colsample_bytree": -0.5648464969814591, "log10_eta": -3.2682075329873355, "log10_lambda": 0.7243198450445165, "log10_min_child_weight": 3.411952854806753, "log10_subsample": -0.6252864609998474, "max_depth": 9.0, "num_boost_round": 9.0}, "datetime": {"datetime": "2024-01-19 01:05:19", "elapsed": 3211.888285, "delta": 0.003991}}
{"target": -17.677066965745585, "params": {"gamma": 407.3679318338935, "log10_alpha": -0.18104450342956557, "log10_colsample_bytree": -0.5648464969814591, "log10_eta": -3.2682075329873355, "log10_lambda": 0.7243198450445165, "log10_min_child_weight": 3.411952854806753, "log10_subsample": -0.6252864609998474, "max_depth": 9.0, "num_boost_round": 10.0}, "datetime": {"datetime": "2024-01-19 01:05:19", "elapsed": 3211.892208, "delta": 0.003923}}
{"target": -17.677059791708558, "params": {"gamma": 407.3679318338935, "log10_alpha": -0.18104450342956557, "log10_colsample_bytree": -0.5648464969814591, "log10_eta": -3.2682075329873355, "log10_lambda": 0.7243198450445165, "log10_min_child_weight": 3.411952854806753, "log10_subsample": -0.6252864609998474, "max_depth": 9.0, "num_boost_round": 11.0}, "datetime": {"datetime": "2024-01-19 01:05:19", "elapsed": 3211.896111, "delta": 0.003903}}
{"target": -17.677034659369962, "params": {"gamma": 407.3679318338935, "log10_alpha": -0.18104450342956557, "log10_colsample_bytree": -0.5648464969814591, "log10_eta": -3.2682075329873355, "log10_lambda": 0.7243198450445165, "log10_min_child_weight": 3.411952854806753, "log10_subsample": -0.6252864609998474, "max_depth": 9.0, "num_boost_round": 12.0}, "datetime": {"datetime": "2024-01-19 01:05:19", "elapsed": 3211.900118, "delta": 0.004007}}
{"target": -17.677009267305653, "params": {"gamma": 407.3679318338935, "log10_alpha": -0.18104450342956557, "log10_colsample_bytree": -0.5648464969814591, "log10_eta": -3.2682075329873355, "log10_lambda": 0.7243198450445165, "log10_min_child_weight": 3.411952854806753, "log10_subsample": -0.6252864609998474, "max_depth": 9.0, "num_boost_round": 13.0}, "datetime": {"datetime": "2024-01-19 01:05:19", "elapsed": 3211.904285, "delta": 0.004167}}
{"target": -17.67700192673331, "params": {"gamma": 407.3679318338935, "log10_alpha": -0.18104450342956557, "log10_colsample_bytree": -0.5648464969814591, "log10_eta": -3.2682075329873355, "log10_lambda": 0.7243198450445165, "log10_min_child_weight": 3.411952854806753, "log10_subsample": -0.6252864609998474, "max_depth": 9.0, "num_boost_round": 14.0}, "datetime": {"datetime": "2024-01-19 01:05:19", "elapsed": 3211.908431, "delta": 0.004146}}
{"target": -17.676990504148087, "params": {"gamma": 407.3679318338935, "log10_alpha": -0.18104450342956557, "log10_colsample_bytree": -0.5648464969814591, "log10_eta": -3.2682075329873355, "log10_lambda": 0.7243198450445165, "log10_min_child_weight": 3.411952854806753, "log10_subsample": -0.6252864609998474, "max_depth": 9.0, "num_boost_round": 15.0}, "datetime": {"datetime": "2024-01-19 01:05:19", "elapsed": 3211.91241, "delta": 0.003979}}
{"target": -17.676981117492076, "params": {"gamma": 407.3679318338935, "log10_alpha": -0.18104450342956557, "log10_colsample_bytree": -0.5648464969814591, "log10_eta": -3.2682075329873355, "log10_lambda": 0.7243198450445165, "log10_min_child_weight": 3.411952854806753, "log10_subsample": -0.6252864609998474, "max_depth": 9.0, "num_boost_round": 16.0}, "datetime": {"datetime": "2024-01-19 01:05:19", "elapsed": 3211.916327, "delta": 0.003917}}
{"target": -17.6769812970715, "params": {"gamma": 407.3679318338935, "log10_alpha": -0.18104450342956557, "log10_colsample_bytree": -0.5648464969814591, "log10_eta": -3.2682075329873355, "log10_lambda": 0.7243198450445165, "log10_min_child_weight": 3.411952854806753, "log10_subsample": -0.6252864609998474, "max_depth": 9.0, "num_boost_round": 17.0}, "datetime": {"datetime": "2024-01-19 01:05:19", "elapsed": 3211.920343, "delta": 0.004016}}
{"target": -17.677002952880184, "params": {"gamma": 407.3679318338935, "log10_alpha": -0.18104450342956557, "log10_colsample_bytree": -0.5648464969814591, "log10_eta": -3.2682075329873355, "log10_lambda": 0.7243198450445165, "log10_min_child_weight": 3.411952854806753, "log10_subsample": -0.6252864609998474, "max_depth": 9.0, "num_boost_round": 18.0}, "datetime": {"datetime": "2024-01-19 01:05:19", "elapsed": 3211.924962, "delta": 0.004619}}
{"target": -17.67697778167951, "params": {"gamma": 407.3679318338935, "log10_alpha": -0.18104450342956557, "log10_colsample_bytree": -0.5648464969814591, "log10_eta": -3.2682075329873355, "log10_lambda": 0.7243198450445165, "log10_min_child_weight": 3.411952854806753, "log10_subsample": -0.6252864609998474, "max_depth": 9.0, "num_boost_round": 19.0}, "datetime": {"datetime": "2024-01-19 01:05:19", "elapsed": 3211.929129, "delta": 0.004167}}
{"target": -17.6769460565763, "params": {"gamma": 407.3679318338935, "log10_alpha": -0.18104450342956557, "log10_colsample_bytree": -0.5648464969814591, "log10_eta": -3.2682075329873355, "log10_lambda": 0.7243198450445165, "log10_min_child_weight": 3.411952854806753, "log10_subsample": -0.6252864609998474, "max_depth": 9.0, "num_boost_round": 20.0}, "datetime": {"datetime": "2024-01-19 01:05:19", "elapsed": 3211.933137, "delta": 0.004008}}
{"target": -17.676931643145334, "params": {"gamma": 407.3679318338935, "log10_alpha": -0.18104450342956557, "log10_colsample_bytree": -0.5648464969814591, "log10_eta": -3.2682075329873355, "log10_lambda": 0.7243198450445165, "log10_min_child_weight": 3.411952854806753, "log10_subsample": -0.6252864609998474, "max_depth": 9.0, "num_boost_round": 21.0}, "datetime": {"datetime": "2024-01-19 01:05:19", "elapsed": 3211.937066, "delta": 0.003929}}
{"target": -17.677230228616587, "params": {"gamma": 411.0140214460873, "log10_alpha": 0.49315150049986567, "log10_colsample_bytree": -0.32548763690039795, "log10_eta": -3.962273599721823, "log10_lambda": 0.43674061768462025, "log10_min_child_weight": 1.306078445572541, "log10_subsample": -0.14525412171138208, "max_depth": 9.0, "num_boost_round": 0.0}, "datetime": {"datetime": "2024-01-19 01:06:22", "elapsed": 3274.914155, "delta": 62.977089}}
{"target": -17.677224589402478, "params": {"gamma": 411.0140214460873, "log10_alpha": 0.49315150049986567, "log10_colsample_bytree": -0.32548763690039795, "log10_eta": -3.962273599721823, "log10_lambda": 0.43674061768462025, "log10_min_child_weight": 1.306078445572541, "log10_subsample": -0.14525412171138208, "max_depth": 9.0, "num_boost_round": 1.0}, "datetime": {"datetime": "2024-01-19 01:06:22", "elapsed": 3274.918579, "delta": 0.004424}}
{"target": -17.67722361529413, "params": {"gamma": 411.0140214460873, "log10_alpha": 0.49315150049986567, "log10_colsample_bytree": -0.32548763690039795, "log10_eta": -3.962273599721823, "log10_lambda": 0.43674061768462025, "log10_min_child_weight": 1.306078445572541, "log10_subsample": -0.14525412171138208, "max_depth": 9.0, "num_boost_round": 2.0}, "datetime": {"datetime": "2024-01-19 01:06:22", "elapsed": 3274.922502, "delta": 0.003923}}
{"target": -17.677219554213963, "params": {"gamma": 411.0140214460873, "log10_alpha": 0.49315150049986567, "log10_colsample_bytree": -0.32548763690039795, "log10_eta": -3.962273599721823, "log10_lambda": 0.43674061768462025, "log10_min_child_weight": 1.306078445572541, "log10_subsample": -0.14525412171138208, "max_depth": 9.0, "num_boost_round": 3.0}, "datetime": {"datetime": "2024-01-19 01:06:22", "elapsed": 3274.926229, "delta": 0.003727}}
