{"target": -13.75609095577195, "params": {"gamma": 927.5200410666345, "log10_alpha": -0.47973275387764147, "log10_colsample_bytree": -0.7157402432009687, "log10_eta": -2.1727633094236443, "log10_lambda": 0.6983862877876144, "log10_min_child_weight": 1.9976872960612468, "log10_subsample": -0.2010291851070375, "max_depth": 3.0, "num_boost_round": 59.0}, "datetime": {"datetime": "2024-01-19 02:02:59", "elapsed": 6680.806802, "delta": 0.006399}}
{"target": -13.756172078639654, "params": {"gamma": 927.5200410666345, "log10_alpha": -0.47973275387764147, "log10_colsample_bytree": -0.7157402432009687, "log10_eta": -2.1727633094236443, "log10_lambda": 0.6983862877876144, "log10_min_child_weight": 1.9976872960612468, "log10_subsample": -0.2010291851070375, "max_depth": 3.0, "num_boost_round": 60.0}, "datetime": {"datetime": "2024-01-19 02:02:59", "elapsed": 6680.813301, "delta": 0.006499}}
{"target": -13.756177109708212, "params": {"gamma": 927.5200410666345, "log10_alpha": -0.47973275387764147, "log10_colsample_bytree": -0.7157402432009687, "log10_eta": -2.1727633094236443, "log10_lambda": 0.6983862877876144, "log10_min_child_weight": 1.9976872960612468, "log10_subsample": -0.2010291851070375, "max_depth": 3.0, "num_boost_round": 61.0}, "datetime": {"datetime": "2024-01-19 02:02:59", "elapsed": 6680.819759, "delta": 0.006458}}
{"target": -13.756224581299595, "params": {"gamma": 927.5200410666345, "log10_alpha": -0.47973275387764147, "log10_colsample_bytree": -0.7157402432009687, "log10_eta": -2.1727633094236443, "log10_lambda": 0.6983862877876144, "log10_min_child_weight": 1.9976872960612468, "log10_subsample": -0.2010291851070375, "max_depth": 3.0, "num_boost_round": 62.0}, "datetime": {"datetime": "2024-01-19 02:02:59", "elapsed": 6680.826207, "delta": 0.006448}}
{"target": -13.758529192705799, "params": {"gamma": 928.7810290260048, "log10_alpha": -3.9439967996945766, "log10_colsample_bytree": -0.9047894025454128, "log10_eta": -2.4880639664909157, "log10_lambda": 0.22310750495900233, "log10_min_child_weight": 4.858219916527406, "log10_subsample": -0.2211061202526876, "max_depth": 6.0, "num_boost_round": 0.0}, "datetime": {"datetime": "2024-01-19 02:04:21", "elapsed": 6762.487609, "delta": 81.661402}}
{"target": -13.758521994475966, "params": {"gamma": 928.7810290260048, "log10_alpha": -3.9439967996945766, "log10_colsample_bytree": -0.9047894025454128, "log10_eta": -2.4880639664909157, "log10_lambda": 0.22310750495900233, "log10_min_child_weight": 4.858219916527406, "log10_subsample": -0.2211061202526876, "max_depth": 6.0, "num_boost_round": 1.0}, "datetime": {"datetime": "2024-01-19 02:04:21", "elapsed": 6762.494304, "delta": 0.006695}}
{"target": -13.758525506782732, "params": {"gamma": 928.7810290260048, "log10_alpha": -3.9439967996945766, "log10_colsample_bytree": -0.9047894025454128, "log10_eta": -2.4880639664909157, "log10_lambda": 0.22310750495900233, "log10_min_child_weight": 4.858219916527406, "log10_subsample": -0.2211061202526876, "max_depth": 6.0, "num_boost_round": 2.0}, "datetime": {"datetime": "2024-01-19 02:04:21", "elapsed": 6762.500782, "delta": 0.006478}}
{"target": -13.758527152875873, "params": {"gamma": 928.7810290260048, "log10_alpha": -3.9439967996945766, "log10_colsample_bytree": -0.9047894025454128, "log10_eta": -2.4880639664909157, "log10_lambda": 0.22310750495900233, "log10_min_child_weight": 4.858219916527406, "log10_subsample": -0.2211061202526876, "max_depth": 6.0, "num_boost_round": 3.0}, "datetime": {"datetime": "2024-01-19 02:04:21", "elapsed": 6762.507525, "delta": 0.006743}}
{"target": -13.758533887005386, "params": {"gamma": 928.7810290260048, "log10_alpha": -3.9439967996945766, "log10_colsample_bytree": -0.9047894025454128, "log10_eta": -2.4880639664909157, "log10_lambda": 0.22310750495900233, "log10_min_child_weight": 4.858219916527406, "log10_subsample": -0.2211061202526876, "max_depth": 6.0, "num_boost_round": 4.0}, "datetime": {"datetime": "2024-01-19 02:04:21", "elapsed": 6762.514064, "delta": 0.006539}}
{"target": -13.75852677195175, "params": {"gamma": 928.7810290260048, "log10_alpha": -3.9439967996945766, "log10_colsample_bytree": -0.9047894025454128, "log10_eta": -2.4880639664909157, "log10_lambda": 0.22310750495900233, "log10_min_child_weight": 4.858219916527406, "log10_subsample": -0.2211061202526876, "max_depth": 6.0, "num_boost_round": 5.0}, "datetime": {"datetime": "2024-01-19 02:04:21", "elapsed": 6762.520538, "delta": 0.006474}}
{"target": -13.758531869102105, "params": {"gamma": 928.7810290260048, "log10_alpha": -3.9439967996945766, "log10_colsample_bytree": -0.9047894025454128, "log10_eta": -2.4880639664909157, "log10_lambda": 0.22310750495900233, "log10_min_child_weight": 4.858219916527406, "log10_subsample": -0.2211061202526876, "max_depth": 6.0, "num_boost_round": 6.0}, "datetime": {"datetime": "2024-01-19 02:04:21", "elapsed": 6762.527145, "delta": 0.006607}}
{"target": -13.758526311733977, "params": {"gamma": 928.7810290260048, "log10_alpha": -3.9439967996945766, "log10_colsample_bytree": -0.9047894025454128, "log10_eta": -2.4880639664909157, "log10_lambda": 0.22310750495900233, "log10_min_child_weight": 4.858219916527406, "log10_subsample": -0.2211061202526876, "max_depth": 6.0, "num_boost_round": 7.0}, "datetime": {"datetime": "2024-01-19 02:04:21", "elapsed": 6762.533626, "delta": 0.006481}}
{"target": -13.75852274226738, "params": {"gamma": 928.7810290260048, "log10_alpha": -3.9439967996945766, "log10_colsample_bytree": -0.9047894025454128, "log10_eta": -2.4880639664909157, "log10_lambda": 0.22310750495900233, "log10_min_child_weight": 4.858219916527406, "log10_subsample": -0.2211061202526876, "max_depth": 6.0, "num_boost_round": 8.0}, "datetime": {"datetime": "2024-01-19 02:04:21", "elapsed": 6762.540069, "delta": 0.006443}}
{"target": -13.758542803590707, "params": {"gamma": 928.7810290260048, "log10_alpha": -3.9439967996945766, "log10_colsample_bytree": -0.9047894025454128, "log10_eta": -2.4880639664909157, "log10_lambda": 0.22310750495900233, "log10_min_child_weight": 4.858219916527406, "log10_subsample": -0.2211061202526876, "max_depth": 6.0, "num_boost_round": 9.0}, "datetime": {"datetime": "2024-01-19 02:04:21", "elapsed": 6762.546669, "delta": 0.0066}}
{"target": -13.758540943236397, "params": {"gamma": 928.7810290260048, "log10_alpha": -3.9439967996945766, "log10_colsample_bytree": -0.9047894025454128, "log10_eta": -2.4880639664909157, "log10_lambda": 0.22310750495900233, "log10_min_child_weight": 4.858219916527406, "log10_subsample": -0.2211061202526876, "max_depth": 6.0, "num_boost_round": 10.0}, "datetime": {"datetime": "2024-01-19 02:04:21", "elapsed": 6762.553106, "delta": 0.006437}}
{"target": -13.758531267951247, "params": {"gamma": 928.7810290260048, "log10_alpha": -3.9439967996945766, "log10_colsample_bytree": -0.9047894025454128, "log10_eta": -2.4880639664909157, "log10_lambda": 0.22310750495900233, "log10_min_child_weight": 4.858219916527406, "log10_subsample": -0.2211061202526876, "max_depth": 6.0, "num_boost_round": 11.0}, "datetime": {"datetime": "2024-01-19 02:04:21", "elapsed": 6762.559744, "delta": 0.006638}}
{"target": -13.758555071792376, "params": {"gamma": 928.7810290260048, "log10_alpha": -3.9439967996945766, "log10_colsample_bytree": -0.9047894025454128, "log10_eta": -2.4880639664909157, "log10_lambda": 0.22310750495900233, "log10_min_child_weight": 4.858219916527406, "log10_subsample": -0.2211061202526876, "max_depth": 6.0, "num_boost_round": 12.0}, "datetime": {"datetime": "2024-01-19 02:04:21", "elapsed": 6762.566245, "delta": 0.006501}}
{"target": -13.758525977573537, "params": {"gamma": 928.7810290260048, "log10_alpha": -3.9439967996945766, "log10_colsample_bytree": -0.9047894025454128, "log10_eta": -2.4880639664909157, "log10_lambda": 0.22310750495900233, "log10_min_child_weight": 4.858219916527406, "log10_subsample": -0.2211061202526876, "max_depth": 6.0, "num_boost_round": 13.0}, "datetime": {"datetime": "2024-01-19 02:04:21", "elapsed": 6762.572664, "delta": 0.006419}}
{"target": -13.758524235454413, "params": {"gamma": 928.7810290260048, "log10_alpha": -3.9439967996945766, "log10_colsample_bytree": -0.9047894025454128, "log10_eta": -2.4880639664909157, "log10_lambda": 0.22310750495900233, "log10_min_child_weight": 4.858219916527406, "log10_subsample": -0.2211061202526876, "max_depth": 6.0, "num_boost_round": 14.0}, "datetime": {"datetime": "2024-01-19 02:04:21", "elapsed": 6762.579126, "delta": 0.006462}}
{"target": -13.758486567322262, "params": {"gamma": 928.7810290260048, "log10_alpha": -3.9439967996945766, "log10_colsample_bytree": -0.9047894025454128, "log10_eta": -2.4880639664909157, "log10_lambda": 0.22310750495900233, "log10_min_child_weight": 4.858219916527406, "log10_subsample": -0.2211061202526876, "max_depth": 6.0, "num_boost_round": 15.0}, "datetime": {"datetime": "2024-01-19 02:04:21", "elapsed": 6762.58566, "delta": 0.006534}}
{"target": -13.758466943917158, "params": {"gamma": 928.7810290260048, "log10_alpha": -3.9439967996945766, "log10_colsample_bytree": -0.9047894025454128, "log10_eta": -2.4880639664909157, "log10_lambda": 0.22310750495900233, "log10_min_child_weight": 4.858219916527406, "log10_subsample": -0.2211061202526876, "max_depth": 6.0, "num_boost_round": 16.0}, "datetime": {"datetime": "2024-01-19 02:04:21", "elapsed": 6762.592106, "delta": 0.006446}}
{"target": -13.758480474577185, "params": {"gamma": 928.7810290260048, "log10_alpha": -3.9439967996945766, "log10_colsample_bytree": -0.9047894025454128, "log10_eta": -2.4880639664909157, "log10_lambda": 0.22310750495900233, "log10_min_child_weight": 4.858219916527406, "log10_subsample": -0.2211061202526876, "max_depth": 6.0, "num_boost_round": 17.0}, "datetime": {"datetime": "2024-01-19 02:04:21", "elapsed": 6762.598588, "delta": 0.006482}}
{"target": -13.758473814411646, "params": {"gamma": 928.7810290260048, "log10_alpha": -3.9439967996945766, "log10_colsample_bytree": -0.9047894025454128, "log10_eta": -2.4880639664909157, "log10_lambda": 0.22310750495900233, "log10_min_child_weight": 4.858219916527406, "log10_subsample": -0.2211061202526876, "max_depth": 6.0, "num_boost_round": 18.0}, "datetime": {"datetime": "2024-01-19 02:04:21", "elapsed": 6762.605014, "delta": 0.006426}}
{"target": -13.758484975048082, "params": {"gamma": 928.7810290260048, "log10_alpha": -3.9439967996945766, "log10_colsample_bytree": -0.9047894025454128, "log10_eta": -2.4880639664909157, "log10_lambda": 0.22310750495900233, "log10_min_child_weight": 4.858219916527406, "log10_subsample": -0.2211061202526876, "max_depth": 6.0, "num_boost_round": 19.0}, "datetime": {"datetime": "2024-01-19 02:04:21", "elapsed": 6762.611755, "delta": 0.006741}}
{"target": -13.758491999791035, "params": {"gamma": 928.7810290260048, "log10_alpha": -3.9439967996945766, "log10_colsample_bytree": -0.9047894025454128, "log10_eta": -2.4880639664909157, "log10_lambda": 0.22310750495900233, "log10_min_child_weight": 4.858219916527406, "log10_subsample": -0.2211061202526876, "max_depth": 6.0, "num_boost_round": 20.0}, "datetime": {"datetime": "2024-01-19 02:04:21", "elapsed": 6762.618326, "delta": 0.006571}}
{"target": -13.75847724269022, "params": {"gamma": 928.7810290260048, "log10_alpha": -3.9439967996945766, "log10_colsample_bytree": -0.9047894025454128, "log10_eta": -2.4880639664909157, "log10_lambda": 0.22310750495900233, "log10_min_child_weight": 4.858219916527406, "log10_subsample": -0.2211061202526876, "max_depth": 6.0, "num_boost_round": 21.0}, "datetime": {"datetime": "2024-01-19 02:04:21", "elapsed": 6762.624791, "delta": 0.006465}}
{"target": -13.758479724336025, "params": {"gamma": 928.7810290260048, "log10_alpha": -3.9439967996945766, "log10_colsample_bytree": -0.9047894025454128, "log10_eta": -2.4880639664909157, "log10_lambda": 0.22310750495900233, "log10_min_child_weight": 4.858219916527406, "log10_subsample": -0.2211061202526876, "max_depth": 6.0, "num_boost_round": 22.0}, "datetime": {"datetime": "2024-01-19 02:04:21", "elapsed": 6762.631345, "delta": 0.006554}}
{"target": -13.758467060503474, "params": {"gamma": 928.7810290260048, "log10_alpha": -3.9439967996945766, "log10_colsample_bytree": -0.9047894025454128, "log10_eta": -2.4880639664909157, "log10_lambda": 0.22310750495900233, "log10_min_child_weight": 4.858219916527406, "log10_subsample": -0.2211061202526876, "max_depth": 6.0, "num_boost_round": 23.0}, "datetime": {"datetime": "2024-01-19 02:04:21", "elapsed": 6762.637888, "delta": 0.006543}}
{"target": -13.758453787437984, "params": {"gamma": 928.7810290260048, "log10_alpha": -3.9439967996945766, "log10_colsample_bytree": -0.9047894025454128, "log10_eta": -2.4880639664909157, "log10_lambda": 0.22310750495900233, "log10_min_child_weight": 4.858219916527406, "log10_subsample": -0.2211061202526876, "max_depth": 6.0, "num_boost_round": 24.0}, "datetime": {"datetime": "2024-01-19 02:04:21", "elapsed": 6762.644353, "delta": 0.006465}}
{"target": -13.758451329900765, "params": {"gamma": 928.7810290260048, "log10_alpha": -3.9439967996945766, "log10_colsample_bytree": -0.9047894025454128, "log10_eta": -2.4880639664909157, "log10_lambda": 0.22310750495900233, "log10_min_child_weight": 4.858219916527406, "log10_subsample": -0.2211061202526876, "max_depth": 6.0, "num_boost_round": 25.0}, "datetime": {"datetime": "2024-01-19 02:04:21", "elapsed": 6762.651065, "delta": 0.006712}}
{"target": -13.758448940210988, "params": {"gamma": 928.7810290260048, "log10_alpha": -3.9439967996945766, "log10_colsample_bytree": -0.9047894025454128, "log10_eta": -2.4880639664909157, "log10_lambda": 0.22310750495900233, "log10_min_child_weight": 4.858219916527406, "log10_subsample": -0.2211061202526876, "max_depth": 6.0, "num_boost_round": 26.0}, "datetime": {"datetime": "2024-01-19 02:04:21", "elapsed": 6762.657701, "delta": 0.006636}}
{"target": -13.758420814262418, "params": {"gamma": 928.7810290260048, "log10_alpha": -3.9439967996945766, "log10_colsample_bytree": -0.9047894025454128, "log10_eta": -2.4880639664909157, "log10_lambda": 0.22310750495900233, "log10_min_child_weight": 4.858219916527406, "log10_subsample": -0.2211061202526876, "max_depth": 6.0, "num_boost_round": 27.0}, "datetime": {"datetime": "2024-01-19 02:04:21", "elapsed": 6762.664257, "delta": 0.006556}}
{"target": -13.758397110594013, "params": {"gamma": 928.7810290260048, "log10_alpha": -3.9439967996945766, "log10_colsample_bytree": -0.9047894025454128, "log10_eta": -2.4880639664909157, "log10_lambda": 0.22310750495900233, "log10_min_child_weight": 4.858219916527406, "log10_subsample": -0.2211061202526876, "max_depth": 6.0, "num_boost_round": 28.0}, "datetime": {"datetime": "2024-01-19 02:04:21", "elapsed": 6762.670735, "delta": 0.006478}}
{"target": -13.758384171307318, "params": {"gamma": 928.7810290260048, "log10_alpha": -3.9439967996945766, "log10_colsample_bytree": -0.9047894025454128, "log10_eta": -2.4880639664909157, "log10_lambda": 0.22310750495900233, "log10_min_child_weight": 4.858219916527406, "log10_subsample": -0.2211061202526876, "max_depth": 6.0, "num_boost_round": 29.0}, "datetime": {"datetime": "2024-01-19 02:04:21", "elapsed": 6762.677237, "delta": 0.006502}}
{"target": -13.758362634191178, "params": {"gamma": 928.7810290260048, "log10_alpha": -3.9439967996945766, "log10_colsample_bytree": -0.9047894025454128, "log10_eta": -2.4880639664909157, "log10_lambda": 0.22310750495900233, "log10_min_child_weight": 4.858219916527406, "log10_subsample": -0.2211061202526876, "max_depth": 6.0, "num_boost_round": 30.0}, "datetime": {"datetime": "2024-01-19 02:04:21", "elapsed": 6762.683782, "delta": 0.006545}}
{"target": -13.75836537868358, "params": {"gamma": 928.7810290260048, "log10_alpha": -3.9439967996945766, "log10_colsample_bytree": -0.9047894025454128, "log10_eta": -2.4880639664909157, "log10_lambda": 0.22310750495900233, "log10_min_child_weight": 4.858219916527406, "log10_subsample": -0.2211061202526876, "max_depth": 6.0, "num_boost_round": 31.0}, "datetime": {"datetime": "2024-01-19 02:04:21", "elapsed": 6762.69034, "delta": 0.006558}}
{"target": -13.758359577524677, "params": {"gamma": 928.7810290260048, "log10_alpha": -3.9439967996945766, "log10_colsample_bytree": -0.9047894025454128, "log10_eta": -2.4880639664909157, "log10_lambda": 0.22310750495900233, "log10_min_child_weight": 4.858219916527406, "log10_subsample": -0.2211061202526876, "max_depth": 6.0, "num_boost_round": 32.0}, "datetime": {"datetime": "2024-01-19 02:04:21", "elapsed": 6762.696864, "delta": 0.006524}}
