{"target": -13.757795283475273, "params": {"gamma": 722.5938556354165, "log10_alpha": -0.747315281915812, "log10_colsample_bytree": -0.1891560631596645, "log10_eta": -2.5410168899048124, "log10_lambda": -2.2215610918998845, "log10_min_child_weight": 1.8723894894148034, "log10_subsample": -0.4790125164376501, "max_depth": 6.0, "num_boost_round": 14.0}, "datetime": {"datetime": "2024-01-19 00:37:04", "elapsed": 1523.322022, "delta": 0.001834}}
{"target": -13.757783796843325, "params": {"gamma": 722.5938556354165, "log10_alpha": -0.747315281915812, "log10_colsample_bytree": -0.1891560631596645, "log10_eta": -2.5410168899048124, "log10_lambda": -2.2215610918998845, "log10_min_child_weight": 1.8723894894148034, "log10_subsample": -0.4790125164376501, "max_depth": 6.0, "num_boost_round": 15.0}, "datetime": {"datetime": "2024-01-19 00:37:04", "elapsed": 1523.323916, "delta": 0.001894}}
{"target": -13.757669045842867, "params": {"gamma": 722.5938556354165, "log10_alpha": -0.747315281915812, "log10_colsample_bytree": -0.1891560631596645, "log10_eta": -2.5410168899048124, "log10_lambda": -2.2215610918998845, "log10_min_child_weight": 1.8723894894148034, "log10_subsample": -0.4790125164376501, "max_depth": 6.0, "num_boost_round": 16.0}, "datetime": {"datetime": "2024-01-19 00:37:04", "elapsed": 1523.325787, "delta": 0.001871}}
{"target": -13.758529626555513, "params": {"gamma": 708.7215414680277, "log10_alpha": -1.8949556184641858, "log10_colsample_bytree": -0.3876743432584278, "log10_eta": -2.5312436883708944, "log10_lambda": 1.0, "log10_min_child_weight": 5.0, "log10_subsample": 0.0, "max_depth": 9.0, "num_boost_round": 0.0}, "datetime": {"datetime": "2024-01-19 00:37:32", "elapsed": 1551.289409, "delta": 27.963622}}
{"target": -13.758523201284424, "params": {"gamma": 708.7215414680277, "log10_alpha": -1.8949556184641858, "log10_colsample_bytree": -0.3876743432584278, "log10_eta": -2.5312436883708944, "log10_lambda": 1.0, "log10_min_child_weight": 5.0, "log10_subsample": 0.0, "max_depth": 9.0, "num_boost_round": 1.0}, "datetime": {"datetime": "2024-01-19 00:37:32", "elapsed": 1551.291378, "delta": 0.001969}}
{"target": -13.758514527863316, "params": {"gamma": 708.7215414680277, "log10_alpha": -1.8949556184641858, "log10_colsample_bytree": -0.3876743432584278, "log10_eta": -2.5312436883708944, "log10_lambda": 1.0, "log10_min_child_weight": 5.0, "log10_subsample": 0.0, "max_depth": 9.0, "num_boost_round": 2.0}, "datetime": {"datetime": "2024-01-19 00:37:32", "elapsed": 1551.293566, "delta": 0.002188}}
{"target": -13.758511210204297, "params": {"gamma": 708.7215414680277, "log10_alpha": -1.8949556184641858, "log10_colsample_bytree": -0.3876743432584278, "log10_eta": -2.5312436883708944, "log10_lambda": 1.0, "log10_min_child_weight": 5.0, "log10_subsample": 0.0, "max_depth": 9.0, "num_boost_round": 3.0}, "datetime": {"datetime": "2024-01-19 00:37:32", "elapsed": 1551.295711, "delta": 0.002145}}
{"target": -13.758500636007323, "params": {"gamma": 708.7215414680277, "log10_alpha": -1.8949556184641858, "log10_colsample_bytree": -0.3876743432584278, "log10_eta": -2.5312436883708944, "log10_lambda": 1.0, "log10_min_child_weight": 5.0, "log10_subsample": 0.0, "max_depth": 9.0, "num_boost_round": 4.0}, "datetime": {"datetime": "2024-01-19 00:37:32", "elapsed": 1551.298329, "delta": 0.002618}}
{"target": -13.758482575682832, "params": {"gamma": 708.7215414680277, "log10_alpha": -1.8949556184641858, "log10_colsample_bytree": -0.3876743432584278, "log10_eta": -2.5312436883708944, "log10_lambda": 1.0, "log10_min_child_weight": 5.0, "log10_subsample": 0.0, "max_depth": 9.0, "num_boost_round": 5.0}, "datetime": {"datetime": "2024-01-19 00:37:32", "elapsed": 1551.300226, "delta": 0.001897}}
{"target": -13.75848026399388, "params": {"gamma": 708.7215414680277, "log10_alpha": -1.8949556184641858, "log10_colsample_bytree": -0.3876743432584278, "log10_eta": -2.5312436883708944, "log10_lambda": 1.0, "log10_min_child_weight": 5.0, "log10_subsample": 0.0, "max_depth": 9.0, "num_boost_round": 6.0}, "datetime": {"datetime": "2024-01-19 00:37:32", "elapsed": 1551.302159, "delta": 0.001933}}
{"target": -13.758471920169988, "params": {"gamma": 708.7215414680277, "log10_alpha": -1.8949556184641858, "log10_colsample_bytree": -0.3876743432584278, "log10_eta": -2.5312436883708944, "log10_lambda": 1.0, "log10_min_child_weight": 5.0, "log10_subsample": 0.0, "max_depth": 9.0, "num_boost_round": 7.0}, "datetime": {"datetime": "2024-01-19 00:37:32", "elapsed": 1551.408172, "delta": 0.106013}}
{"target": -13.758479821789182, "params": {"gamma": 708.7215414680277, "log10_alpha": -1.8949556184641858, "log10_colsample_bytree": -0.3876743432584278, "log10_eta": -2.5312436883708944, "log10_lambda": 1.0, "log10_min_child_weight": 5.0, "log10_subsample": 0.0, "max_depth": 9.0, "num_boost_round": 8.0}, "datetime": {"datetime": "2024-01-19 00:37:32", "elapsed": 1551.410571, "delta": 0.002399}}
{"target": -13.758462169023744, "params": {"gamma": 708.7215414680277, "log10_alpha": -1.8949556184641858, "log10_colsample_bytree": -0.3876743432584278, "log10_eta": -2.5312436883708944, "log10_lambda": 1.0, "log10_min_child_weight": 5.0, "log10_subsample": 0.0, "max_depth": 9.0, "num_boost_round": 9.0}, "datetime": {"datetime": "2024-01-19 00:37:32", "elapsed": 1551.412775, "delta": 0.002204}}
{"target": -13.758450566203182, "params": {"gamma": 708.7215414680277, "log10_alpha": -1.8949556184641858, "log10_colsample_bytree": -0.3876743432584278, "log10_eta": -2.5312436883708944, "log10_lambda": 1.0, "log10_min_child_weight": 5.0, "log10_subsample": 0.0, "max_depth": 9.0, "num_boost_round": 10.0}, "datetime": {"datetime": "2024-01-19 00:37:32", "elapsed": 1551.41475, "delta": 0.001975}}
{"target": -13.758448484000452, "params": {"gamma": 708.7215414680277, "log10_alpha": -1.8949556184641858, "log10_colsample_bytree": -0.3876743432584278, "log10_eta": -2.5312436883708944, "log10_lambda": 1.0, "log10_min_child_weight": 5.0, "log10_subsample": 0.0, "max_depth": 9.0, "num_boost_round": 11.0}, "datetime": {"datetime": "2024-01-19 00:37:32", "elapsed": 1551.416763, "delta": 0.002013}}
{"target": -13.758337315010317, "params": {"gamma": 721.1311239529455, "log10_alpha": -1.8167725270085375, "log10_colsample_bytree": -0.3821530346035149, "log10_eta": -2.0842397986737367, "log10_lambda": -3.8575001144608922, "log10_min_child_weight": 1.287196127759892, "log10_subsample": -0.3359299856683957, "max_depth": 7.0, "num_boost_round": 0.0}, "datetime": {"datetime": "2024-01-19 00:37:59", "elapsed": 1578.368916, "delta": 26.952153}}
{"target": -13.758503071038785, "params": {"gamma": 721.1311239529455, "log10_alpha": -1.8167725270085375, "log10_colsample_bytree": -0.3821530346035149, "log10_eta": -2.0842397986737367, "log10_lambda": -3.8575001144608922, "log10_min_child_weight": 1.287196127759892, "log10_subsample": -0.3359299856683957, "max_depth": 7.0, "num_boost_round": 1.0}, "datetime": {"datetime": "2024-01-19 00:37:59", "elapsed": 1578.371486, "delta": 0.00257}}
{"target": -13.758433779552053, "params": {"gamma": 721.1311239529455, "log10_alpha": -1.8167725270085375, "log10_colsample_bytree": -0.3821530346035149, "log10_eta": -2.0842397986737367, "log10_lambda": -3.8575001144608922, "log10_min_child_weight": 1.287196127759892, "log10_subsample": -0.3359299856683957, "max_depth": 7.0, "num_boost_round": 2.0}, "datetime": {"datetime": "2024-01-19 00:37:59", "elapsed": 1578.373574, "delta": 0.002088}}
{"target": -13.758412679921584, "params": {"gamma": 721.1311239529455, "log10_alpha": -1.8167725270085375, "log10_colsample_bytree": -0.3821530346035149, "log10_eta": -2.0842397986737367, "log10_lambda": -3.8575001144608922, "log10_min_child_weight": 1.287196127759892, "log10_subsample": -0.3359299856683957, "max_depth": 7.0, "num_boost_round": 3.0}, "datetime": {"datetime": "2024-01-19 00:37:59", "elapsed": 1578.375522, "delta": 0.001948}}
{"target": -13.758355117357366, "params": {"gamma": 721.1311239529455, "log10_alpha": -1.8167725270085375, "log10_colsample_bytree": -0.3821530346035149, "log10_eta": -2.0842397986737367, "log10_lambda": -3.8575001144608922, "log10_min_child_weight": 1.287196127759892, "log10_subsample": -0.3359299856683957, "max_depth": 7.0, "num_boost_round": 4.0}, "datetime": {"datetime": "2024-01-19 00:37:59", "elapsed": 1578.377438, "delta": 0.001916}}
{"target": -13.758469018624533, "params": {"gamma": 721.1311239529455, "log10_alpha": -1.8167725270085375, "log10_colsample_bytree": -0.3821530346035149, "log10_eta": -2.0842397986737367, "log10_lambda": -3.8575001144608922, "log10_min_child_weight": 1.287196127759892, "log10_subsample": -0.3359299856683957, "max_depth": 7.0, "num_boost_round": 5.0}, "datetime": {"datetime": "2024-01-19 00:37:59", "elapsed": 1578.379331, "delta": 0.001893}}
{"target": -13.75877376027825, "params": {"gamma": 721.1311239529455, "log10_alpha": -1.8167725270085375, "log10_colsample_bytree": -0.3821530346035149, "log10_eta": -2.0842397986737367, "log10_lambda": -3.8575001144608922, "log10_min_child_weight": 1.287196127759892, "log10_subsample": -0.3359299856683957, "max_depth": 7.0, "num_boost_round": 6.0}, "datetime": {"datetime": "2024-01-19 00:37:59", "elapsed": 1578.381189, "delta": 0.001858}}
{"target": -13.758487372111825, "params": {"gamma": 721.1311239529455, "log10_alpha": -1.8167725270085375, "log10_colsample_bytree": -0.3821530346035149, "log10_eta": -2.0842397986737367, "log10_lambda": -3.8575001144608922, "log10_min_child_weight": 1.287196127759892, "log10_subsample": -0.3359299856683957, "max_depth": 7.0, "num_boost_round": 7.0}, "datetime": {"datetime": "2024-01-19 00:37:59", "elapsed": 1578.383215, "delta": 0.002026}}
{"target": -13.75847823587414, "params": {"gamma": 721.1311239529455, "log10_alpha": -1.8167725270085375, "log10_colsample_bytree": -0.3821530346035149, "log10_eta": -2.0842397986737367, "log10_lambda": -3.8575001144608922, "log10_min_child_weight": 1.287196127759892, "log10_subsample": -0.3359299856683957, "max_depth": 7.0, "num_boost_round": 8.0}, "datetime": {"datetime": "2024-01-19 00:37:59", "elapsed": 1578.385207, "delta": 0.001992}}
{"target": -13.758518534918549, "params": {"gamma": 721.1311239529455, "log10_alpha": -1.8167725270085375, "log10_colsample_bytree": -0.3821530346035149, "log10_eta": -2.0842397986737367, "log10_lambda": -3.8575001144608922, "log10_min_child_weight": 1.287196127759892, "log10_subsample": -0.3359299856683957, "max_depth": 7.0, "num_boost_round": 9.0}, "datetime": {"datetime": "2024-01-19 00:37:59", "elapsed": 1578.387114, "delta": 0.001907}}
{"target": -13.758439180246297, "params": {"gamma": 721.1311239529455, "log10_alpha": -1.8167725270085375, "log10_colsample_bytree": -0.3821530346035149, "log10_eta": -2.0842397986737367, "log10_lambda": -3.8575001144608922, "log10_min_child_weight": 1.287196127759892, "log10_subsample": -0.3359299856683957, "max_depth": 7.0, "num_boost_round": 10.0}, "datetime": {"datetime": "2024-01-19 00:37:59", "elapsed": 1578.389033, "delta": 0.001919}}
{"target": -13.758311432744105, "params": {"gamma": 721.1311239529455, "log10_alpha": -1.8167725270085375, "log10_colsample_bytree": -0.3821530346035149, "log10_eta": -2.0842397986737367, "log10_lambda": -3.8575001144608922, "log10_min_child_weight": 1.287196127759892, "log10_subsample": -0.3359299856683957, "max_depth": 7.0, "num_boost_round": 11.0}, "datetime": {"datetime": "2024-01-19 00:37:59", "elapsed": 1578.390923, "delta": 0.00189}}
{"target": -13.758814234732881, "params": {"gamma": 721.1311239529455, "log10_alpha": -1.8167725270085375, "log10_colsample_bytree": -0.3821530346035149, "log10_eta": -2.0842397986737367, "log10_lambda": -3.8575001144608922, "log10_min_child_weight": 1.287196127759892, "log10_subsample": -0.3359299856683957, "max_depth": 7.0, "num_boost_round": 12.0}, "datetime": {"datetime": "2024-01-19 00:37:59", "elapsed": 1578.392847, "delta": 0.001924}}
{"target": -13.75891825902598, "params": {"gamma": 721.1311239529455, "log10_alpha": -1.8167725270085375, "log10_colsample_bytree": -0.3821530346035149, "log10_eta": -2.0842397986737367, "log10_lambda": -3.8575001144608922, "log10_min_child_weight": 1.287196127759892, "log10_subsample": -0.3359299856683957, "max_depth": 7.0, "num_boost_round": 13.0}, "datetime": {"datetime": "2024-01-19 00:37:59", "elapsed": 1578.39484, "delta": 0.001993}}
{"target": -13.759266024886845, "params": {"gamma": 721.1311239529455, "log10_alpha": -1.8167725270085375, "log10_colsample_bytree": -0.3821530346035149, "log10_eta": -2.0842397986737367, "log10_lambda": -3.8575001144608922, "log10_min_child_weight": 1.287196127759892, "log10_subsample": -0.3359299856683957, "max_depth": 7.0, "num_boost_round": 14.0}, "datetime": {"datetime": "2024-01-19 00:37:59", "elapsed": 1578.396716, "delta": 0.001876}}
{"target": -13.758532445101958, "params": {"gamma": 721.8344913782386, "log10_alpha": -1.137794868090424, "log10_colsample_bytree": -0.05162934437549027, "log10_eta": -2.029504297297355, "log10_lambda": -1.3756964505062106, "log10_min_child_weight": 4.709604526073159, "log10_subsample": -0.11930332858900694, "max_depth": 7.0, "num_boost_round": 0.0}, "datetime": {"datetime": "2024-01-19 00:38:27", "elapsed": 1607.050561, "delta": 28.653845}}
{"target": -13.758526143816423, "params": {"gamma": 721.8344913782386, "log10_alpha": -1.137794868090424, "log10_colsample_bytree": -0.05162934437549027, "log10_eta": -2.029504297297355, "log10_lambda": -1.3756964505062106, "log10_min_child_weight": 4.709604526073159, "log10_subsample": -0.11930332858900694, "max_depth": 7.0, "num_boost_round": 1.0}, "datetime": {"datetime": "2024-01-19 00:38:27", "elapsed": 1607.053045, "delta": 0.002484}}
{"target": -13.758526313842724, "params": {"gamma": 721.8344913782386, "log10_alpha": -1.137794868090424, "log10_colsample_bytree": -0.05162934437549027, "log10_eta": -2.029504297297355, "log10_lambda": -1.3756964505062106, "log10_min_child_weight": 4.709604526073159, "log10_subsample": -0.11930332858900694, "max_depth": 7.0, "num_boost_round": 2.0}, "datetime": {"datetime": "2024-01-19 00:38:27", "elapsed": 1607.055207, "delta": 0.002162}}
{"target": -13.758548797898918, "params": {"gamma": 721.8344913782386, "log10_alpha": -1.137794868090424, "log10_colsample_bytree": -0.05162934437549027, "log10_eta": -2.029504297297355, "log10_lambda": -1.3756964505062106, "log10_min_child_weight": 4.709604526073159, "log10_subsample": -0.11930332858900694, "max_depth": 7.0, "num_boost_round": 3.0}, "datetime": {"datetime": "2024-01-19 00:38:27", "elapsed": 1607.057229, "delta": 0.002022}}
{"target": -13.758536137414024, "params": {"gamma": 721.8344913782386, "log10_alpha": -1.137794868090424, "log10_colsample_bytree": -0.05162934437549027, "log10_eta": -2.029504297297355, "log10_lambda": -1.3756964505062106, "log10_min_child_weight": 4.709604526073159, "log10_subsample": -0.11930332858900694, "max_depth": 7.0, "num_boost_round": 4.0}, "datetime": {"datetime": "2024-01-19 00:38:27", "elapsed": 1607.059181, "delta": 0.001952}}
{"target": -13.758590878191164, "params": {"gamma": 721.8344913782386, "log10_alpha": -1.137794868090424, "log10_colsample_bytree": -0.05162934437549027, "log10_eta": -2.029504297297355, "log10_lambda": -1.3756964505062106, "log10_min_child_weight": 4.709604526073159, "log10_subsample": -0.11930332858900694, "max_depth": 7.0, "num_boost_round": 5.0}, "datetime": {"datetime": "2024-01-19 00:38:27", "elapsed": 1607.061054, "delta": 0.001873}}
{"target": -13.75862970747313, "params": {"gamma": 721.8344913782386, "log10_alpha": -1.137794868090424, "log10_colsample_bytree": -0.05162934437549027, "log10_eta": -2.029504297297355, "log10_lambda": -1.3756964505062106, "log10_min_child_weight": 4.709604526073159, "log10_subsample": -0.11930332858900694, "max_depth": 7.0, "num_boost_round": 6.0}, "datetime": {"datetime": "2024-01-19 00:38:27", "elapsed": 1607.062982, "delta": 0.001928}}
{"target": -13.758683071969562, "params": {"gamma": 721.8344913782386, "log10_alpha": -1.137794868090424, "log10_colsample_bytree": -0.05162934437549027, "log10_eta": -2.029504297297355, "log10_lambda": -1.3756964505062106, "log10_min_child_weight": 4.709604526073159, "log10_subsample": -0.11930332858900694, "max_depth": 7.0, "num_boost_round": 7.0}, "datetime": {"datetime": "2024-01-19 00:38:27", "elapsed": 1607.064919, "delta": 0.001937}}
{"target": -13.758753087388943, "params": {"gamma": 721.8344913782386, "log10_alpha": -1.137794868090424, "log10_colsample_bytree": -0.05162934437549027, "log10_eta": -2.029504297297355, "log10_lambda": -1.3756964505062106, "log10_min_child_weight": 4.709604526073159, "log10_subsample": -0.11930332858900694, "max_depth": 7.0, "num_boost_round": 8.0}, "datetime": {"datetime": "2024-01-19 00:38:27", "elapsed": 1607.066799, "delta": 0.00188}}
{"target": -13.758806082992702, "params": {"gamma": 721.8344913782386, "log10_alpha": -1.137794868090424, "log10_colsample_bytree": -0.05162934437549027, "log10_eta": -2.029504297297355, "log10_lambda": -1.3756964505062106, "log10_min_child_weight": 4.709604526073159, "log10_subsample": -0.11930332858900694, "max_depth": 7.0, "num_boost_round": 9.0}, "datetime": {"datetime": "2024-01-19 00:38:27", "elapsed": 1607.068748, "delta": 0.001949}}
{"target": -13.758866644199305, "params": {"gamma": 721.8344913782386, "log10_alpha": -1.137794868090424, "log10_colsample_bytree": -0.05162934437549027, "log10_eta": -2.029504297297355, "log10_lambda": -1.3756964505062106, "log10_min_child_weight": 4.709604526073159, "log10_subsample": -0.11930332858900694, "max_depth": 7.0, "num_boost_round": 10.0}, "datetime": {"datetime": "2024-01-19 00:38:27", "elapsed": 1607.070635, "delta": 0.001887}}
{"target": -13.758915851103634, "params": {"gamma": 721.8344913782386, "log10_alpha": -1.137794868090424, "log10_colsample_bytree": -0.05162934437549027, "log10_eta": -2.029504297297355, "log10_lambda": -1.3756964505062106, "log10_min_child_weight": 4.709604526073159, "log10_subsample": -0.11930332858900694, "max_depth": 7.0, "num_boost_round": 11.0}, "datetime": {"datetime": "2024-01-19 00:38:27", "elapsed": 1607.072553, "delta": 0.001918}}
{"target": -13.758972166156026, "params": {"gamma": 721.8344913782386, "log10_alpha": -1.137794868090424, "log10_colsample_bytree": -0.05162934437549027, "log10_eta": -2.029504297297355, "log10_lambda": -1.3756964505062106, "log10_min_child_weight": 4.709604526073159, "log10_subsample": -0.11930332858900694, "max_depth": 7.0, "num_boost_round": 12.0}, "datetime": {"datetime": "2024-01-19 00:38:27", "elapsed": 1607.074488, "delta": 0.001935}}
{"target": -13.75901735362328, "params": {"gamma": 721.8344913782386, "log10_alpha": -1.137794868090424, "log10_colsample_bytree": -0.05162934437549027, "log10_eta": -2.029504297297355, "log10_lambda": -1.3756964505062106, "log10_min_child_weight": 4.709604526073159, "log10_subsample": -0.11930332858900694, "max_depth": 7.0, "num_boost_round": 13.0}, "datetime": {"datetime": "2024-01-19 00:38:27", "elapsed": 1607.076329, "delta": 0.001841}}
{"target": -13.759071862105197, "params": {"gamma": 721.8344913782386, "log10_alpha": -1.137794868090424, "log10_colsample_bytree": -0.05162934437549027, "log10_eta": -2.029504297297355, "log10_lambda": -1.3756964505062106, "log10_min_child_weight": 4.709604526073159, "log10_subsample": -0.11930332858900694, "max_depth": 7.0, "num_boost_round": 14.0}, "datetime": {"datetime": "2024-01-19 00:38:27", "elapsed": 1607.078182, "delta": 0.001853}}
{"target": -13.759176235396076, "params": {"gamma": 721.8344913782386, "log10_alpha": -1.137794868090424, "log10_colsample_bytree": -0.05162934437549027, "log10_eta": -2.029504297297355, "log10_lambda": -1.3756964505062106, "log10_min_child_weight": 4.709604526073159, "log10_subsample": -0.11930332858900694, "max_depth": 7.0, "num_boost_round": 15.0}, "datetime": {"datetime": "2024-01-19 00:38:27", "elapsed": 1607.080098, "delta": 0.001916}}
{"target": -13.75851233686743, "params": {"gamma": 708.9362448333579, "log10_alpha": -4.528036755651764, "log10_colsample_bytree": -0.3423836137058228, "log10_eta": -2.435875698319386, "log10_lambda": 0.5090293390308389, "log10_min_child_weight": 1.8819370695759146, "log10_subsample": -0.8925991698726523, "max_depth": 9.0, "num_boost_round": 0.0}, "datetime": {"datetime": "2024-01-19 00:38:57", "elapsed": 1636.336995, "delta": 29.256897}}
{"target": -13.758506425777144, "params": {"gamma": 708.9362448333579, "log10_alpha": -4.528036755651764, "log10_colsample_bytree": -0.3423836137058228, "log10_eta": -2.435875698319386, "log10_lambda": 0.5090293390308389, "log10_min_child_weight": 1.8819370695759146, "log10_subsample": -0.8925991698726523, "max_depth": 9.0, "num_boost_round": 1.0}, "datetime": {"datetime": "2024-01-19 00:38:57", "elapsed": 1636.339326, "delta": 0.002331}}
{"target": -13.758508377488, "params": {"gamma": 708.9362448333579, "log10_alpha": -4.528036755651764, "log10_colsample_bytree": -0.3423836137058228, "log10_eta": -2.435875698319386, "log10_lambda": 0.5090293390308389, "log10_min_child_weight": 1.8819370695759146, "log10_subsample": -0.8925991698726523, "max_depth": 9.0, "num_boost_round": 2.0}, "datetime": {"datetime": "2024-01-19 00:38:57", "elapsed": 1636.341691, "delta": 0.002365}}
{"target": -13.758266206267242, "params": {"gamma": 708.9362448333579, "log10_alpha": -4.528036755651764, "log10_colsample_bytree": -0.3423836137058228, "log10_eta": -2.435875698319386, "log10_lambda": 0.5090293390308389, "log10_min_child_weight": 1.8819370695759146, "log10_subsample": -0.8925991698726523, "max_depth": 9.0, "num_boost_round": 3.0}, "datetime": {"datetime": "2024-01-19 00:38:57", "elapsed": 1636.343704, "delta": 0.002013}}
