{"target": -13.756829206787526, "params": {"gamma": 554.194468951867, "log10_alpha": 0.421639347732393, "log10_colsample_bytree": -0.5167170838871803, "log10_eta": -2.3721665845833817, "log10_lambda": -2.2035497222453557, "log10_min_child_weight": 2.8526269162784104, "log10_subsample": -0.6105052367499508, "max_depth": 9.0, "num_boost_round": 28.0}, "datetime": {"datetime": "2024-01-19 00:55:41", "elapsed": 2672.962218, "delta": 0.002916}}
{"target": -13.756785084187445, "params": {"gamma": 554.194468951867, "log10_alpha": 0.421639347732393, "log10_colsample_bytree": -0.5167170838871803, "log10_eta": -2.3721665845833817, "log10_lambda": -2.2035497222453557, "log10_min_child_weight": 2.8526269162784104, "log10_subsample": -0.6105052367499508, "max_depth": 9.0, "num_boost_round": 29.0}, "datetime": {"datetime": "2024-01-19 00:55:41", "elapsed": 2672.965197, "delta": 0.002979}}
{"target": -13.756676430213139, "params": {"gamma": 554.194468951867, "log10_alpha": 0.421639347732393, "log10_colsample_bytree": -0.5167170838871803, "log10_eta": -2.3721665845833817, "log10_lambda": -2.2035497222453557, "log10_min_child_weight": 2.8526269162784104, "log10_subsample": -0.6105052367499508, "max_depth": 9.0, "num_boost_round": 30.0}, "datetime": {"datetime": "2024-01-19 00:55:41", "elapsed": 2672.968207, "delta": 0.00301}}
{"target": -13.756671531456615, "params": {"gamma": 554.194468951867, "log10_alpha": 0.421639347732393, "log10_colsample_bytree": -0.5167170838871803, "log10_eta": -2.3721665845833817, "log10_lambda": -2.2035497222453557, "log10_min_child_weight": 2.8526269162784104, "log10_subsample": -0.6105052367499508, "max_depth": 9.0, "num_boost_round": 31.0}, "datetime": {"datetime": "2024-01-19 00:55:41", "elapsed": 2672.971125, "delta": 0.002918}}
{"target": -13.7566393848852, "params": {"gamma": 554.194468951867, "log10_alpha": 0.421639347732393, "log10_colsample_bytree": -0.5167170838871803, "log10_eta": -2.3721665845833817, "log10_lambda": -2.2035497222453557, "log10_min_child_weight": 2.8526269162784104, "log10_subsample": -0.6105052367499508, "max_depth": 9.0, "num_boost_round": 32.0}, "datetime": {"datetime": "2024-01-19 00:55:41", "elapsed": 2672.974017, "delta": 0.002892}}
{"target": -13.756678388421385, "params": {"gamma": 554.194468951867, "log10_alpha": 0.421639347732393, "log10_colsample_bytree": -0.5167170838871803, "log10_eta": -2.3721665845833817, "log10_lambda": -2.2035497222453557, "log10_min_child_weight": 2.8526269162784104, "log10_subsample": -0.6105052367499508, "max_depth": 9.0, "num_boost_round": 33.0}, "datetime": {"datetime": "2024-01-19 00:55:41", "elapsed": 2672.976905, "delta": 0.002888}}
{"target": -13.7566863592285, "params": {"gamma": 554.194468951867, "log10_alpha": 0.421639347732393, "log10_colsample_bytree": -0.5167170838871803, "log10_eta": -2.3721665845833817, "log10_lambda": -2.2035497222453557, "log10_min_child_weight": 2.8526269162784104, "log10_subsample": -0.6105052367499508, "max_depth": 9.0, "num_boost_round": 34.0}, "datetime": {"datetime": "2024-01-19 00:55:41", "elapsed": 2672.979952, "delta": 0.003047}}
{"target": -13.756795226010613, "params": {"gamma": 554.194468951867, "log10_alpha": 0.421639347732393, "log10_colsample_bytree": -0.5167170838871803, "log10_eta": -2.3721665845833817, "log10_lambda": -2.2035497222453557, "log10_min_child_weight": 2.8526269162784104, "log10_subsample": -0.6105052367499508, "max_depth": 9.0, "num_boost_round": 35.0}, "datetime": {"datetime": "2024-01-19 00:55:41", "elapsed": 2672.983003, "delta": 0.003051}}
{"target": -13.756901082987238, "params": {"gamma": 554.194468951867, "log10_alpha": 0.421639347732393, "log10_colsample_bytree": -0.5167170838871803, "log10_eta": -2.3721665845833817, "log10_lambda": -2.2035497222453557, "log10_min_child_weight": 2.8526269162784104, "log10_subsample": -0.6105052367499508, "max_depth": 9.0, "num_boost_round": 36.0}, "datetime": {"datetime": "2024-01-19 00:55:41", "elapsed": 2672.986071, "delta": 0.003068}}
{"target": -13.758538319259715, "params": {"gamma": 570.131625976036, "log10_alpha": -4.3904660467452805, "log10_colsample_bytree": -0.06530202740879032, "log10_eta": -3.823772351592971, "log10_lambda": -3.503590315619677, "log10_min_child_weight": 0.23188923239229942, "log10_subsample": -0.9414197255377278, "max_depth": 2.0, "num_boost_round": 0.0}, "datetime": {"datetime": "2024-01-19 00:56:20", "elapsed": 2711.997884, "delta": 39.011813}}
{"target": -13.758537027979946, "params": {"gamma": 570.131625976036, "log10_alpha": -4.3904660467452805, "log10_colsample_bytree": -0.06530202740879032, "log10_eta": -3.823772351592971, "log10_lambda": -3.503590315619677, "log10_min_child_weight": 0.23188923239229942, "log10_subsample": -0.9414197255377278, "max_depth": 2.0, "num_boost_round": 1.0}, "datetime": {"datetime": "2024-01-19 00:56:20", "elapsed": 2712.001413, "delta": 0.003529}}
{"target": -13.758534621841351, "params": {"gamma": 570.131625976036, "log10_alpha": -4.3904660467452805, "log10_colsample_bytree": -0.06530202740879032, "log10_eta": -3.823772351592971, "log10_lambda": -3.503590315619677, "log10_min_child_weight": 0.23188923239229942, "log10_subsample": -0.9414197255377278, "max_depth": 2.0, "num_boost_round": 2.0}, "datetime": {"datetime": "2024-01-19 00:56:20", "elapsed": 2712.004869, "delta": 0.003456}}
{"target": -13.758534609226825, "params": {"gamma": 570.131625976036, "log10_alpha": -4.3904660467452805, "log10_colsample_bytree": -0.06530202740879032, "log10_eta": -3.823772351592971, "log10_lambda": -3.503590315619677, "log10_min_child_weight": 0.23188923239229942, "log10_subsample": -0.9414197255377278, "max_depth": 2.0, "num_boost_round": 3.0}, "datetime": {"datetime": "2024-01-19 00:56:20", "elapsed": 2712.008058, "delta": 0.003189}}
{"target": -13.758532393076749, "params": {"gamma": 570.131625976036, "log10_alpha": -4.3904660467452805, "log10_colsample_bytree": -0.06530202740879032, "log10_eta": -3.823772351592971, "log10_lambda": -3.503590315619677, "log10_min_child_weight": 0.23188923239229942, "log10_subsample": -0.9414197255377278, "max_depth": 2.0, "num_boost_round": 4.0}, "datetime": {"datetime": "2024-01-19 00:56:20", "elapsed": 2712.011096, "delta": 0.003038}}
{"target": -13.758531013194933, "params": {"gamma": 570.131625976036, "log10_alpha": -4.3904660467452805, "log10_colsample_bytree": -0.06530202740879032, "log10_eta": -3.823772351592971, "log10_lambda": -3.503590315619677, "log10_min_child_weight": 0.23188923239229942, "log10_subsample": -0.9414197255377278, "max_depth": 2.0, "num_boost_round": 5.0}, "datetime": {"datetime": "2024-01-19 00:56:20", "elapsed": 2712.014102, "delta": 0.003006}}
{"target": -13.758529332380762, "params": {"gamma": 570.131625976036, "log10_alpha": -4.3904660467452805, "log10_colsample_bytree": -0.06530202740879032, "log10_eta": -3.823772351592971, "log10_lambda": -3.503590315619677, "log10_min_child_weight": 0.23188923239229942, "log10_subsample": -0.9414197255377278, "max_depth": 2.0, "num_boost_round": 6.0}, "datetime": {"datetime": "2024-01-19 00:56:20", "elapsed": 2712.017129, "delta": 0.003027}}
{"target": -13.75852868470678, "params": {"gamma": 570.131625976036, "log10_alpha": -4.3904660467452805, "log10_colsample_bytree": -0.06530202740879032, "log10_eta": -3.823772351592971, "log10_lambda": -3.503590315619677, "log10_min_child_weight": 0.23188923239229942, "log10_subsample": -0.9414197255377278, "max_depth": 2.0, "num_boost_round": 7.0}, "datetime": {"datetime": "2024-01-19 00:56:20", "elapsed": 2712.020132, "delta": 0.003003}}
{"target": -13.758528326225498, "params": {"gamma": 570.131625976036, "log10_alpha": -4.3904660467452805, "log10_colsample_bytree": -0.06530202740879032, "log10_eta": -3.823772351592971, "log10_lambda": -3.503590315619677, "log10_min_child_weight": 0.23188923239229942, "log10_subsample": -0.9414197255377278, "max_depth": 2.0, "num_boost_round": 8.0}, "datetime": {"datetime": "2024-01-19 00:56:20", "elapsed": 2712.023176, "delta": 0.003044}}
{"target": -13.758527940396377, "params": {"gamma": 570.131625976036, "log10_alpha": -4.3904660467452805, "log10_colsample_bytree": -0.06530202740879032, "log10_eta": -3.823772351592971, "log10_lambda": -3.503590315619677, "log10_min_child_weight": 0.23188923239229942, "log10_subsample": -0.9414197255377278, "max_depth": 2.0, "num_boost_round": 9.0}, "datetime": {"datetime": "2024-01-19 00:56:20", "elapsed": 2712.02627, "delta": 0.003094}}
{"target": -13.75852358364027, "params": {"gamma": 570.131625976036, "log10_alpha": -4.3904660467452805, "log10_colsample_bytree": -0.06530202740879032, "log10_eta": -3.823772351592971, "log10_lambda": -3.503590315619677, "log10_min_child_weight": 0.23188923239229942, "log10_subsample": -0.9414197255377278, "max_depth": 2.0, "num_boost_round": 10.0}, "datetime": {"datetime": "2024-01-19 00:56:20", "elapsed": 2712.02928, "delta": 0.00301}}
{"target": -13.758522843782766, "params": {"gamma": 570.131625976036, "log10_alpha": -4.3904660467452805, "log10_colsample_bytree": -0.06530202740879032, "log10_eta": -3.823772351592971, "log10_lambda": -3.503590315619677, "log10_min_child_weight": 0.23188923239229942, "log10_subsample": -0.9414197255377278, "max_depth": 2.0, "num_boost_round": 11.0}, "datetime": {"datetime": "2024-01-19 00:56:20", "elapsed": 2712.032298, "delta": 0.003018}}
{"target": -13.758520456553306, "params": {"gamma": 570.131625976036, "log10_alpha": -4.3904660467452805, "log10_colsample_bytree": -0.06530202740879032, "log10_eta": -3.823772351592971, "log10_lambda": -3.503590315619677, "log10_min_child_weight": 0.23188923239229942, "log10_subsample": -0.9414197255377278, "max_depth": 2.0, "num_boost_round": 12.0}, "datetime": {"datetime": "2024-01-19 00:56:20", "elapsed": 2712.035319, "delta": 0.003021}}
{"target": -13.758520803765075, "params": {"gamma": 570.131625976036, "log10_alpha": -4.3904660467452805, "log10_colsample_bytree": -0.06530202740879032, "log10_eta": -3.823772351592971, "log10_lambda": -3.503590315619677, "log10_min_child_weight": 0.23188923239229942, "log10_subsample": -0.9414197255377278, "max_depth": 2.0, "num_boost_round": 13.0}, "datetime": {"datetime": "2024-01-19 00:56:20", "elapsed": 2712.038326, "delta": 0.003007}}
{"target": -13.758519270840447, "params": {"gamma": 570.131625976036, "log10_alpha": -4.3904660467452805, "log10_colsample_bytree": -0.06530202740879032, "log10_eta": -3.823772351592971, "log10_lambda": -3.503590315619677, "log10_min_child_weight": 0.23188923239229942, "log10_subsample": -0.9414197255377278, "max_depth": 2.0, "num_boost_round": 14.0}, "datetime": {"datetime": "2024-01-19 00:56:20", "elapsed": 2712.041354, "delta": 0.003028}}
{"target": -13.758517697671376, "params": {"gamma": 570.131625976036, "log10_alpha": -4.3904660467452805, "log10_colsample_bytree": -0.06530202740879032, "log10_eta": -3.823772351592971, "log10_lambda": -3.503590315619677, "log10_min_child_weight": 0.23188923239229942, "log10_subsample": -0.9414197255377278, "max_depth": 2.0, "num_boost_round": 15.0}, "datetime": {"datetime": "2024-01-19 00:56:20", "elapsed": 2712.044407, "delta": 0.003053}}
{"target": -13.758514862907465, "params": {"gamma": 570.131625976036, "log10_alpha": -4.3904660467452805, "log10_colsample_bytree": -0.06530202740879032, "log10_eta": -3.823772351592971, "log10_lambda": -3.503590315619677, "log10_min_child_weight": 0.23188923239229942, "log10_subsample": -0.9414197255377278, "max_depth": 2.0, "num_boost_round": 16.0}, "datetime": {"datetime": "2024-01-19 00:56:20", "elapsed": 2712.047565, "delta": 0.003158}}
{"target": -13.758512616524415, "params": {"gamma": 570.131625976036, "log10_alpha": -4.3904660467452805, "log10_colsample_bytree": -0.06530202740879032, "log10_eta": -3.823772351592971, "log10_lambda": -3.503590315619677, "log10_min_child_weight": 0.23188923239229942, "log10_subsample": -0.9414197255377278, "max_depth": 2.0, "num_boost_round": 17.0}, "datetime": {"datetime": "2024-01-19 00:56:20", "elapsed": 2712.05072, "delta": 0.003155}}
{"target": -13.758510186020251, "params": {"gamma": 570.131625976036, "log10_alpha": -4.3904660467452805, "log10_colsample_bytree": -0.06530202740879032, "log10_eta": -3.823772351592971, "log10_lambda": -3.503590315619677, "log10_min_child_weight": 0.23188923239229942, "log10_subsample": -0.9414197255377278, "max_depth": 2.0, "num_boost_round": 18.0}, "datetime": {"datetime": "2024-01-19 00:56:20", "elapsed": 2712.053797, "delta": 0.003077}}
{"target": -13.758510020392562, "params": {"gamma": 570.131625976036, "log10_alpha": -4.3904660467452805, "log10_colsample_bytree": -0.06530202740879032, "log10_eta": -3.823772351592971, "log10_lambda": -3.503590315619677, "log10_min_child_weight": 0.23188923239229942, "log10_subsample": -0.9414197255377278, "max_depth": 2.0, "num_boost_round": 19.0}, "datetime": {"datetime": "2024-01-19 00:56:20", "elapsed": 2712.056833, "delta": 0.003036}}
{"target": -13.75850848680968, "params": {"gamma": 570.131625976036, "log10_alpha": -4.3904660467452805, "log10_colsample_bytree": -0.06530202740879032, "log10_eta": -3.823772351592971, "log10_lambda": -3.503590315619677, "log10_min_child_weight": 0.23188923239229942, "log10_subsample": -0.9414197255377278, "max_depth": 2.0, "num_boost_round": 20.0}, "datetime": {"datetime": "2024-01-19 00:56:20", "elapsed": 2712.059816, "delta": 0.002983}}
{"target": -13.758508842530073, "params": {"gamma": 570.131625976036, "log10_alpha": -4.3904660467452805, "log10_colsample_bytree": -0.06530202740879032, "log10_eta": -3.823772351592971, "log10_lambda": -3.503590315619677, "log10_min_child_weight": 0.23188923239229942, "log10_subsample": -0.9414197255377278, "max_depth": 2.0, "num_boost_round": 21.0}, "datetime": {"datetime": "2024-01-19 00:56:20", "elapsed": 2712.062886, "delta": 0.00307}}
{"target": -13.758507285713886, "params": {"gamma": 570.131625976036, "log10_alpha": -4.3904660467452805, "log10_colsample_bytree": -0.06530202740879032, "log10_eta": -3.823772351592971, "log10_lambda": -3.503590315619677, "log10_min_child_weight": 0.23188923239229942, "log10_subsample": -0.9414197255377278, "max_depth": 2.0, "num_boost_round": 22.0}, "datetime": {"datetime": "2024-01-19 00:56:20", "elapsed": 2712.065905, "delta": 0.003019}}
{"target": -13.758505697533444, "params": {"gamma": 570.131625976036, "log10_alpha": -4.3904660467452805, "log10_colsample_bytree": -0.06530202740879032, "log10_eta": -3.823772351592971, "log10_lambda": -3.503590315619677, "log10_min_child_weight": 0.23188923239229942, "log10_subsample": -0.9414197255377278, "max_depth": 2.0, "num_boost_round": 23.0}, "datetime": {"datetime": "2024-01-19 00:56:20", "elapsed": 2712.068984, "delta": 0.003079}}
{"target": -13.75850571022706, "params": {"gamma": 570.131625976036, "log10_alpha": -4.3904660467452805, "log10_colsample_bytree": -0.06530202740879032, "log10_eta": -3.823772351592971, "log10_lambda": -3.503590315619677, "log10_min_child_weight": 0.23188923239229942, "log10_subsample": -0.9414197255377278, "max_depth": 2.0, "num_boost_round": 24.0}, "datetime": {"datetime": "2024-01-19 00:56:20", "elapsed": 2712.071966, "delta": 0.002982}}
{"target": -13.758504127868209, "params": {"gamma": 570.131625976036, "log10_alpha": -4.3904660467452805, "log10_colsample_bytree": -0.06530202740879032, "log10_eta": -3.823772351592971, "log10_lambda": -3.503590315619677, "log10_min_child_weight": 0.23188923239229942, "log10_subsample": -0.9414197255377278, "max_depth": 2.0, "num_boost_round": 25.0}, "datetime": {"datetime": "2024-01-19 00:56:20", "elapsed": 2712.075049, "delta": 0.003083}}
{"target": -13.75850365159638, "params": {"gamma": 570.131625976036, "log10_alpha": -4.3904660467452805, "log10_colsample_bytree": -0.06530202740879032, "log10_eta": -3.823772351592971, "log10_lambda": -3.503590315619677, "log10_min_child_weight": 0.23188923239229942, "log10_subsample": -0.9414197255377278, "max_depth": 2.0, "num_boost_round": 26.0}, "datetime": {"datetime": "2024-01-19 00:56:20", "elapsed": 2712.078029, "delta": 0.00298}}
{"target": -13.758500987650784, "params": {"gamma": 570.131625976036, "log10_alpha": -4.3904660467452805, "log10_colsample_bytree": -0.06530202740879032, "log10_eta": -3.823772351592971, "log10_lambda": -3.503590315619677, "log10_min_child_weight": 0.23188923239229942, "log10_subsample": -0.9414197255377278, "max_depth": 2.0, "num_boost_round": 27.0}, "datetime": {"datetime": "2024-01-19 00:56:20", "elapsed": 2712.080998, "delta": 0.002969}}
{"target": -13.75850138405931, "params": {"gamma": 570.131625976036, "log10_alpha": -4.3904660467452805, "log10_colsample_bytree": -0.06530202740879032, "log10_eta": -3.823772351592971, "log10_lambda": -3.503590315619677, "log10_min_child_weight": 0.23188923239229942, "log10_subsample": -0.9414197255377278, "max_depth": 2.0, "num_boost_round": 28.0}, "datetime": {"datetime": "2024-01-19 00:56:20", "elapsed": 2712.084094, "delta": 0.003096}}
{"target": -13.75849918210155, "params": {"gamma": 570.131625976036, "log10_alpha": -4.3904660467452805, "log10_colsample_bytree": -0.06530202740879032, "log10_eta": -3.823772351592971, "log10_lambda": -3.503590315619677, "log10_min_child_weight": 0.23188923239229942, "log10_subsample": -0.9414197255377278, "max_depth": 2.0, "num_boost_round": 29.0}, "datetime": {"datetime": "2024-01-19 00:56:20", "elapsed": 2712.08726, "delta": 0.003166}}
{"target": -13.75849788086485, "params": {"gamma": 570.131625976036, "log10_alpha": -4.3904660467452805, "log10_colsample_bytree": -0.06530202740879032, "log10_eta": -3.823772351592971, "log10_lambda": -3.503590315619677, "log10_min_child_weight": 0.23188923239229942, "log10_subsample": -0.9414197255377278, "max_depth": 2.0, "num_boost_round": 30.0}, "datetime": {"datetime": "2024-01-19 00:56:20", "elapsed": 2712.090415, "delta": 0.003155}}
{"target": -13.758496469203637, "params": {"gamma": 570.131625976036, "log10_alpha": -4.3904660467452805, "log10_colsample_bytree": -0.06530202740879032, "log10_eta": -3.823772351592971, "log10_lambda": -3.503590315619677, "log10_min_child_weight": 0.23188923239229942, "log10_subsample": -0.9414197255377278, "max_depth": 2.0, "num_boost_round": 31.0}, "datetime": {"datetime": "2024-01-19 00:56:20", "elapsed": 2712.093395, "delta": 0.00298}}
{"target": -13.758494847010965, "params": {"gamma": 570.131625976036, "log10_alpha": -4.3904660467452805, "log10_colsample_bytree": -0.06530202740879032, "log10_eta": -3.823772351592971, "log10_lambda": -3.503590315619677, "log10_min_child_weight": 0.23188923239229942, "log10_subsample": -0.9414197255377278, "max_depth": 2.0, "num_boost_round": 32.0}, "datetime": {"datetime": "2024-01-19 00:56:20", "elapsed": 2712.096388, "delta": 0.002993}}
{"target": -13.758494868485627, "params": {"gamma": 570.131625976036, "log10_alpha": -4.3904660467452805, "log10_colsample_bytree": -0.06530202740879032, "log10_eta": -3.823772351592971, "log10_lambda": -3.503590315619677, "log10_min_child_weight": 0.23188923239229942, "log10_subsample": -0.9414197255377278, "max_depth": 2.0, "num_boost_round": 33.0}, "datetime": {"datetime": "2024-01-19 00:56:20", "elapsed": 2712.099342, "delta": 0.002954}}
{"target": -13.758493849811723, "params": {"gamma": 570.131625976036, "log10_alpha": -4.3904660467452805, "log10_colsample_bytree": -0.06530202740879032, "log10_eta": -3.823772351592971, "log10_lambda": -3.503590315619677, "log10_min_child_weight": 0.23188923239229942, "log10_subsample": -0.9414197255377278, "max_depth": 2.0, "num_boost_round": 34.0}, "datetime": {"datetime": "2024-01-19 00:56:20", "elapsed": 2712.102327, "delta": 0.002985}}
{"target": -13.758491498982561, "params": {"gamma": 570.131625976036, "log10_alpha": -4.3904660467452805, "log10_colsample_bytree": -0.06530202740879032, "log10_eta": -3.823772351592971, "log10_lambda": -3.503590315619677, "log10_min_child_weight": 0.23188923239229942, "log10_subsample": -0.9414197255377278, "max_depth": 2.0, "num_boost_round": 35.0}, "datetime": {"datetime": "2024-01-19 00:56:20", "elapsed": 2712.105296, "delta": 0.002969}}
{"target": -13.758490808767087, "params": {"gamma": 570.131625976036, "log10_alpha": -4.3904660467452805, "log10_colsample_bytree": -0.06530202740879032, "log10_eta": -3.823772351592971, "log10_lambda": -3.503590315619677, "log10_min_child_weight": 0.23188923239229942, "log10_subsample": -0.9414197255377278, "max_depth": 2.0, "num_boost_round": 36.0}, "datetime": {"datetime": "2024-01-19 00:56:20", "elapsed": 2712.108359, "delta": 0.003063}}
{"target": -13.758493321262042, "params": {"gamma": 570.131625976036, "log10_alpha": -4.3904660467452805, "log10_colsample_bytree": -0.06530202740879032, "log10_eta": -3.823772351592971, "log10_lambda": -3.503590315619677, "log10_min_child_weight": 0.23188923239229942, "log10_subsample": -0.9414197255377278, "max_depth": 2.0, "num_boost_round": 37.0}, "datetime": {"datetime": "2024-01-19 00:56:20", "elapsed": 2712.111369, "delta": 0.00301}}
{"target": -13.75849210981741, "params": {"gamma": 570.131625976036, "log10_alpha": -4.3904660467452805, "log10_colsample_bytree": -0.06530202740879032, "log10_eta": -3.823772351592971, "log10_lambda": -3.503590315619677, "log10_min_child_weight": 0.23188923239229942, "log10_subsample": -0.9414197255377278, "max_depth": 2.0, "num_boost_round": 38.0}, "datetime": {"datetime": "2024-01-19 00:56:20", "elapsed": 2712.114402, "delta": 0.003033}}
{"target": -13.75849084531513, "params": {"gamma": 570.131625976036, "log10_alpha": -4.3904660467452805, "log10_colsample_bytree": -0.06530202740879032, "log10_eta": -3.823772351592971, "log10_lambda": -3.503590315619677, "log10_min_child_weight": 0.23188923239229942, "log10_subsample": -0.9414197255377278, "max_depth": 2.0, "num_boost_round": 39.0}, "datetime": {"datetime": "2024-01-19 00:56:20", "elapsed": 2712.117432, "delta": 0.00303}}
