{"target": -17.677225525704838, "params": {"gamma": 39.82603495542932, "log10_alpha": -4.185139515079497, "log10_colsample_bytree": -1.0, "log10_eta": -4.0, "log10_lambda": 1.0, "log10_min_child_weight": 0.0, "log10_subsample": 0.0, "max_depth": 2.0, "num_boost_round": 1.0}, "datetime": {"datetime": "2024-01-19 01:03:20", "elapsed": 3153.974348, "delta": 0.004575}}
{"target": -17.677224839861367, "params": {"gamma": 39.82603495542932, "log10_alpha": -4.185139515079497, "log10_colsample_bytree": -1.0, "log10_eta": -4.0, "log10_lambda": 1.0, "log10_min_child_weight": 0.0, "log10_subsample": 0.0, "max_depth": 2.0, "num_boost_round": 2.0}, "datetime": {"datetime": "2024-01-19 01:03:20", "elapsed": 3153.977669, "delta": 0.003321}}
{"target": -17.677224592741247, "params": {"gamma": 39.82603495542932, "log10_alpha": -4.185139515079497, "log10_colsample_bytree": -1.0, "log10_eta": -4.0, "log10_lambda": 1.0, "log10_min_child_weight": 0.0, "log10_subsample": 0.0, "max_depth": 2.0, "num_boost_round": 3.0}, "datetime": {"datetime": "2024-01-19 01:03:20", "elapsed": 3153.980676, "delta": 0.003007}}
{"target": -17.677222915894617, "params": {"gamma": 39.82603495542932, "log10_alpha": -4.185139515079497, "log10_colsample_bytree": -1.0, "log10_eta": -4.0, "log10_lambda": 1.0, "log10_min_child_weight": 0.0, "log10_subsample": 0.0, "max_depth": 2.0, "num_boost_round": 4.0}, "datetime": {"datetime": "2024-01-19 01:03:20", "elapsed": 3153.983612, "delta": 0.002936}}
{"target": -17.677222342747335, "params": {"gamma": 39.82603495542932, "log10_alpha": -4.185139515079497, "log10_colsample_bytree": -1.0, "log10_eta": -4.0, "log10_lambda": 1.0, "log10_min_child_weight": 0.0, "log10_subsample": 0.0, "max_depth": 2.0, "num_boost_round": 5.0}, "datetime": {"datetime": "2024-01-19 01:03:20", "elapsed": 3153.98668, "delta": 0.003068}}
{"target": -17.677220705383967, "params": {"gamma": 39.82603495542932, "log10_alpha": -4.185139515079497, "log10_colsample_bytree": -1.0, "log10_eta": -4.0, "log10_lambda": 1.0, "log10_min_child_weight": 0.0, "log10_subsample": 0.0, "max_depth": 2.0, "num_boost_round": 6.0}, "datetime": {"datetime": "2024-01-19 01:03:20", "elapsed": 3153.989625, "delta": 0.002945}}
{"target": -17.67721828025016, "params": {"gamma": 39.82603495542932, "log10_alpha": -4.185139515079497, "log10_colsample_bytree": -1.0, "log10_eta": -4.0, "log10_lambda": 1.0, "log10_min_child_weight": 0.0, "log10_subsample": 0.0, "max_depth": 2.0, "num_boost_round": 7.0}, "datetime": {"datetime": "2024-01-19 01:03:20", "elapsed": 3153.992658, "delta": 0.003033}}
{"target": -17.677219169313144, "params": {"gamma": 39.82603495542932, "log10_alpha": -4.185139515079497, "log10_colsample_bytree": -1.0, "log10_eta": -4.0, "log10_lambda": 1.0, "log10_min_child_weight": 0.0, "log10_subsample": 0.0, "max_depth": 2.0, "num_boost_round": 8.0}, "datetime": {"datetime": "2024-01-19 01:03:20", "elapsed": 3153.995722, "delta": 0.003064}}
{"target": -17.677217529638813, "params": {"gamma": 39.82603495542932, "log10_alpha": -4.185139515079497, "log10_colsample_bytree": -1.0, "log10_eta": -4.0, "log10_lambda": 1.0, "log10_min_child_weight": 0.0, "log10_subsample": 0.0, "max_depth": 2.0, "num_boost_round": 9.0}, "datetime": {"datetime": "2024-01-19 01:03:20", "elapsed": 3153.998652, "delta": 0.00293}}
{"target": -17.67721521516468, "params": {"gamma": 39.82603495542932, "log10_alpha": -4.185139515079497, "log10_colsample_bytree": -1.0, "log10_eta": -4.0, "log10_lambda": 1.0, "log10_min_child_weight": 0.0, "log10_subsample": 0.0, "max_depth": 2.0, "num_boost_round": 10.0}, "datetime": {"datetime": "2024-01-19 01:03:20", "elapsed": 3154.001652, "delta": 0.003}}
{"target": -17.677212741590154, "params": {"gamma": 39.82603495542932, "log10_alpha": -4.185139515079497, "log10_colsample_bytree": -1.0, "log10_eta": -4.0, "log10_lambda": 1.0, "log10_min_child_weight": 0.0, "log10_subsample": 0.0, "max_depth": 2.0, "num_boost_round": 11.0}, "datetime": {"datetime": "2024-01-19 01:03:20", "elapsed": 3154.004569, "delta": 0.002917}}
{"target": -17.677211788003614, "params": {"gamma": 39.82603495542932, "log10_alpha": -4.185139515079497, "log10_colsample_bytree": -1.0, "log10_eta": -4.0, "log10_lambda": 1.0, "log10_min_child_weight": 0.0, "log10_subsample": 0.0, "max_depth": 2.0, "num_boost_round": 12.0}, "datetime": {"datetime": "2024-01-19 01:03:20", "elapsed": 3154.007722, "delta": 0.003153}}
{"target": -17.677210099156248, "params": {"gamma": 39.82603495542932, "log10_alpha": -4.185139515079497, "log10_colsample_bytree": -1.0, "log10_eta": -4.0, "log10_lambda": 1.0, "log10_min_child_weight": 0.0, "log10_subsample": 0.0, "max_depth": 2.0, "num_boost_round": 13.0}, "datetime": {"datetime": "2024-01-19 01:03:20", "elapsed": 3154.010656, "delta": 0.002934}}
{"target": -17.677207534182784, "params": {"gamma": 39.82603495542932, "log10_alpha": -4.185139515079497, "log10_colsample_bytree": -1.0, "log10_eta": -4.0, "log10_lambda": 1.0, "log10_min_child_weight": 0.0, "log10_subsample": 0.0, "max_depth": 2.0, "num_boost_round": 14.0}, "datetime": {"datetime": "2024-01-19 01:03:20", "elapsed": 3154.013798, "delta": 0.003142}}
{"target": -17.677204621804123, "params": {"gamma": 39.82603495542932, "log10_alpha": -4.185139515079497, "log10_colsample_bytree": -1.0, "log10_eta": -4.0, "log10_lambda": 1.0, "log10_min_child_weight": 0.0, "log10_subsample": 0.0, "max_depth": 2.0, "num_boost_round": 15.0}, "datetime": {"datetime": "2024-01-19 01:03:20", "elapsed": 3154.016854, "delta": 0.003056}}
{"target": -17.677203203003277, "params": {"gamma": 39.82603495542932, "log10_alpha": -4.185139515079497, "log10_colsample_bytree": -1.0, "log10_eta": -4.0, "log10_lambda": 1.0, "log10_min_child_weight": 0.0, "log10_subsample": 0.0, "max_depth": 2.0, "num_boost_round": 16.0}, "datetime": {"datetime": "2024-01-19 01:03:20", "elapsed": 3154.019879, "delta": 0.003025}}
{"target": -17.677200075736973, "params": {"gamma": 39.82603495542932, "log10_alpha": -4.185139515079497, "log10_colsample_bytree": -1.0, "log10_eta": -4.0, "log10_lambda": 1.0, "log10_min_child_weight": 0.0, "log10_subsample": 0.0, "max_depth": 2.0, "num_boost_round": 17.0}, "datetime": {"datetime": "2024-01-19 01:03:20", "elapsed": 3154.024053, "delta": 0.004174}}
{"target": -17.67719827719905, "params": {"gamma": 39.82603495542932, "log10_alpha": -4.185139515079497, "log10_colsample_bytree": -1.0, "log10_eta": -4.0, "log10_lambda": 1.0, "log10_min_child_weight": 0.0, "log10_subsample": 0.0, "max_depth": 2.0, "num_boost_round": 18.0}, "datetime": {"datetime": "2024-01-19 01:03:20", "elapsed": 3154.027873, "delta": 0.00382}}
{"target": -17.677197670961956, "params": {"gamma": 39.82603495542932, "log10_alpha": -4.185139515079497, "log10_colsample_bytree": -1.0, "log10_eta": -4.0, "log10_lambda": 1.0, "log10_min_child_weight": 0.0, "log10_subsample": 0.0, "max_depth": 2.0, "num_boost_round": 19.0}, "datetime": {"datetime": "2024-01-19 01:03:20", "elapsed": 3154.030939, "delta": 0.003066}}
{"target": -17.677196893947233, "params": {"gamma": 39.82603495542932, "log10_alpha": -4.185139515079497, "log10_colsample_bytree": -1.0, "log10_eta": -4.0, "log10_lambda": 1.0, "log10_min_child_weight": 0.0, "log10_subsample": 0.0, "max_depth": 2.0, "num_boost_round": 20.0}, "datetime": {"datetime": "2024-01-19 01:03:20", "elapsed": 3154.034028, "delta": 0.003089}}
{"target": -17.677193617843344, "params": {"gamma": 39.82603495542932, "log10_alpha": -4.185139515079497, "log10_colsample_bytree": -1.0, "log10_eta": -4.0, "log10_lambda": 1.0, "log10_min_child_weight": 0.0, "log10_subsample": 0.0, "max_depth": 2.0, "num_boost_round": 21.0}, "datetime": {"datetime": "2024-01-19 01:03:20", "elapsed": 3154.036946, "delta": 0.002918}}
{"target": -17.677191892145572, "params": {"gamma": 39.82603495542932, "log10_alpha": -4.185139515079497, "log10_colsample_bytree": -1.0, "log10_eta": -4.0, "log10_lambda": 1.0, "log10_min_child_weight": 0.0, "log10_subsample": 0.0, "max_depth": 2.0, "num_boost_round": 22.0}, "datetime": {"datetime": "2024-01-19 01:03:20", "elapsed": 3154.039912, "delta": 0.002966}}
{"target": -17.677187480619462, "params": {"gamma": 39.82603495542932, "log10_alpha": -4.185139515079497, "log10_colsample_bytree": -1.0, "log10_eta": -4.0, "log10_lambda": 1.0, "log10_min_child_weight": 0.0, "log10_subsample": 0.0, "max_depth": 2.0, "num_boost_round": 23.0}, "datetime": {"datetime": "2024-01-19 01:03:20", "elapsed": 3154.042938, "delta": 0.003026}}
{"target": -17.677187871214887, "params": {"gamma": 39.82603495542932, "log10_alpha": -4.185139515079497, "log10_colsample_bytree": -1.0, "log10_eta": -4.0, "log10_lambda": 1.0, "log10_min_child_weight": 0.0, "log10_subsample": 0.0, "max_depth": 2.0, "num_boost_round": 24.0}, "datetime": {"datetime": "2024-01-19 01:03:20", "elapsed": 3154.046077, "delta": 0.003139}}
{"target": -17.67718540555761, "params": {"gamma": 39.82603495542932, "log10_alpha": -4.185139515079497, "log10_colsample_bytree": -1.0, "log10_eta": -4.0, "log10_lambda": 1.0, "log10_min_child_weight": 0.0, "log10_subsample": 0.0, "max_depth": 2.0, "num_boost_round": 25.0}, "datetime": {"datetime": "2024-01-19 01:03:20", "elapsed": 3154.04906, "delta": 0.002983}}
{"target": -17.67718444535076, "params": {"gamma": 39.82603495542932, "log10_alpha": -4.185139515079497, "log10_colsample_bytree": -1.0, "log10_eta": -4.0, "log10_lambda": 1.0, "log10_min_child_weight": 0.0, "log10_subsample": 0.0, "max_depth": 2.0, "num_boost_round": 26.0}, "datetime": {"datetime": "2024-01-19 01:03:20", "elapsed": 3154.052054, "delta": 0.002994}}
{"target": -17.677182447190255, "params": {"gamma": 39.82603495542932, "log10_alpha": -4.185139515079497, "log10_colsample_bytree": -1.0, "log10_eta": -4.0, "log10_lambda": 1.0, "log10_min_child_weight": 0.0, "log10_subsample": 0.0, "max_depth": 2.0, "num_boost_round": 27.0}, "datetime": {"datetime": "2024-01-19 01:03:20", "elapsed": 3154.05504, "delta": 0.002986}}
{"target": -17.677179940499293, "params": {"gamma": 39.82603495542932, "log10_alpha": -4.185139515079497, "log10_colsample_bytree": -1.0, "log10_eta": -4.0, "log10_lambda": 1.0, "log10_min_child_weight": 0.0, "log10_subsample": 0.0, "max_depth": 2.0, "num_boost_round": 28.0}, "datetime": {"datetime": "2024-01-19 01:03:20", "elapsed": 3154.058077, "delta": 0.003037}}
{"target": -17.677178195081254, "params": {"gamma": 39.82603495542932, "log10_alpha": -4.185139515079497, "log10_colsample_bytree": -1.0, "log10_eta": -4.0, "log10_lambda": 1.0, "log10_min_child_weight": 0.0, "log10_subsample": 0.0, "max_depth": 2.0, "num_boost_round": 29.0}, "datetime": {"datetime": "2024-01-19 01:03:20", "elapsed": 3154.061072, "delta": 0.002995}}
{"target": -17.677177444170024, "params": {"gamma": 39.82603495542932, "log10_alpha": -4.185139515079497, "log10_colsample_bytree": -1.0, "log10_eta": -4.0, "log10_lambda": 1.0, "log10_min_child_weight": 0.0, "log10_subsample": 0.0, "max_depth": 2.0, "num_boost_round": 30.0}, "datetime": {"datetime": "2024-01-19 01:03:20", "elapsed": 3154.064065, "delta": 0.002993}}
{"target": -17.677174706281008, "params": {"gamma": 39.82603495542932, "log10_alpha": -4.185139515079497, "log10_colsample_bytree": -1.0, "log10_eta": -4.0, "log10_lambda": 1.0, "log10_min_child_weight": 0.0, "log10_subsample": 0.0, "max_depth": 2.0, "num_boost_round": 31.0}, "datetime": {"datetime": "2024-01-19 01:03:20", "elapsed": 3154.067093, "delta": 0.003028}}
{"target": -17.677173005042366, "params": {"gamma": 39.82603495542932, "log10_alpha": -4.185139515079497, "log10_colsample_bytree": -1.0, "log10_eta": -4.0, "log10_lambda": 1.0, "log10_min_child_weight": 0.0, "log10_subsample": 0.0, "max_depth": 2.0, "num_boost_round": 32.0}, "datetime": {"datetime": "2024-01-19 01:03:20", "elapsed": 3154.070166, "delta": 0.003073}}
{"target": -17.677169243870864, "params": {"gamma": 39.82603495542932, "log10_alpha": -4.185139515079497, "log10_colsample_bytree": -1.0, "log10_eta": -4.0, "log10_lambda": 1.0, "log10_min_child_weight": 0.0, "log10_subsample": 0.0, "max_depth": 2.0, "num_boost_round": 33.0}, "datetime": {"datetime": "2024-01-19 01:03:20", "elapsed": 3154.073171, "delta": 0.003005}}
{"target": -17.677166128391374, "params": {"gamma": 39.82603495542932, "log10_alpha": -4.185139515079497, "log10_colsample_bytree": -1.0, "log10_eta": -4.0, "log10_lambda": 1.0, "log10_min_child_weight": 0.0, "log10_subsample": 0.0, "max_depth": 2.0, "num_boost_round": 34.0}, "datetime": {"datetime": "2024-01-19 01:03:20", "elapsed": 3154.076177, "delta": 0.003006}}
{"target": -17.67716462652041, "params": {"gamma": 39.82603495542932, "log10_alpha": -4.185139515079497, "log10_colsample_bytree": -1.0, "log10_eta": -4.0, "log10_lambda": 1.0, "log10_min_child_weight": 0.0, "log10_subsample": 0.0, "max_depth": 2.0, "num_boost_round": 35.0}, "datetime": {"datetime": "2024-01-19 01:03:20", "elapsed": 3154.079122, "delta": 0.002945}}
{"target": -17.67716141383834, "params": {"gamma": 39.82603495542932, "log10_alpha": -4.185139515079497, "log10_colsample_bytree": -1.0, "log10_eta": -4.0, "log10_lambda": 1.0, "log10_min_child_weight": 0.0, "log10_subsample": 0.0, "max_depth": 2.0, "num_boost_round": 36.0}, "datetime": {"datetime": "2024-01-19 01:03:20", "elapsed": 3154.08222, "delta": 0.003098}}
{"target": -17.677160790083484, "params": {"gamma": 39.82603495542932, "log10_alpha": -4.185139515079497, "log10_colsample_bytree": -1.0, "log10_eta": -4.0, "log10_lambda": 1.0, "log10_min_child_weight": 0.0, "log10_subsample": 0.0, "max_depth": 2.0, "num_boost_round": 37.0}, "datetime": {"datetime": "2024-01-19 01:03:20", "elapsed": 3154.085177, "delta": 0.002957}}
{"target": -17.67715969853974, "params": {"gamma": 39.82603495542932, "log10_alpha": -4.185139515079497, "log10_colsample_bytree": -1.0, "log10_eta": -4.0, "log10_lambda": 1.0, "log10_min_child_weight": 0.0, "log10_subsample": 0.0, "max_depth": 2.0, "num_boost_round": 38.0}, "datetime": {"datetime": "2024-01-19 01:03:20", "elapsed": 3154.088197, "delta": 0.00302}}
{"target": -17.677158197731885, "params": {"gamma": 39.82603495542932, "log10_alpha": -4.185139515079497, "log10_colsample_bytree": -1.0, "log10_eta": -4.0, "log10_lambda": 1.0, "log10_min_child_weight": 0.0, "log10_subsample": 0.0, "max_depth": 2.0, "num_boost_round": 39.0}, "datetime": {"datetime": "2024-01-19 01:03:20", "elapsed": 3154.091183, "delta": 0.002986}}
{"target": -17.677047039558538, "params": {"gamma": 48.654444763330915, "log10_alpha": -4.582661290522219, "log10_colsample_bytree": -0.31084339572961206, "log10_eta": -2.36080774798384, "log10_lambda": -4.046038945154749, "log10_min_child_weight": 2.805805926432109, "log10_subsample": -0.6860592081883793, "max_depth": 3.0, "num_boost_round": 0.0}, "datetime": {"datetime": "2024-01-19 01:04:09", "elapsed": 3203.47874, "delta": 49.387557}}
{"target": -17.676791061509615, "params": {"gamma": 48.654444763330915, "log10_alpha": -4.582661290522219, "log10_colsample_bytree": -0.31084339572961206, "log10_eta": -2.36080774798384, "log10_lambda": -4.046038945154749, "log10_min_child_weight": 2.805805926432109, "log10_subsample": -0.6860592081883793, "max_depth": 3.0, "num_boost_round": 1.0}, "datetime": {"datetime": "2024-01-19 01:04:09", "elapsed": 3203.482731, "delta": 0.003991}}
{"target": -17.676621625993395, "params": {"gamma": 48.654444763330915, "log10_alpha": -4.582661290522219, "log10_colsample_bytree": -0.31084339572961206, "log10_eta": -2.36080774798384, "log10_lambda": -4.046038945154749, "log10_min_child_weight": 2.805805926432109, "log10_subsample": -0.6860592081883793, "max_depth": 3.0, "num_boost_round": 2.0}, "datetime": {"datetime": "2024-01-19 01:04:09", "elapsed": 3203.485945, "delta": 0.003214}}
{"target": -17.67655288464948, "params": {"gamma": 48.654444763330915, "log10_alpha": -4.582661290522219, "log10_colsample_bytree": -0.31084339572961206, "log10_eta": -2.36080774798384, "log10_lambda": -4.046038945154749, "log10_min_child_weight": 2.805805926432109, "log10_subsample": -0.6860592081883793, "max_depth": 3.0, "num_boost_round": 3.0}, "datetime": {"datetime": "2024-01-19 01:04:09", "elapsed": 3203.488963, "delta": 0.003018}}
{"target": -17.676481662677382, "params": {"gamma": 48.654444763330915, "log10_alpha": -4.582661290522219, "log10_colsample_bytree": -0.31084339572961206, "log10_eta": -2.36080774798384, "log10_lambda": -4.046038945154749, "log10_min_child_weight": 2.805805926432109, "log10_subsample": -0.6860592081883793, "max_depth": 3.0, "num_boost_round": 4.0}, "datetime": {"datetime": "2024-01-19 01:04:09", "elapsed": 3203.49192, "delta": 0.002957}}
{"target": -17.676461211378296, "params": {"gamma": 48.654444763330915, "log10_alpha": -4.582661290522219, "log10_colsample_bytree": -0.31084339572961206, "log10_eta": -2.36080774798384, "log10_lambda": -4.046038945154749, "log10_min_child_weight": 2.805805926432109, "log10_subsample": -0.6860592081883793, "max_depth": 3.0, "num_boost_round": 5.0}, "datetime": {"datetime": "2024-01-19 01:04:09", "elapsed": 3203.494947, "delta": 0.003027}}
{"target": -17.67636571058484, "params": {"gamma": 48.654444763330915, "log10_alpha": -4.582661290522219, "log10_colsample_bytree": -0.31084339572961206, "log10_eta": -2.36080774798384, "log10_lambda": -4.046038945154749, "log10_min_child_weight": 2.805805926432109, "log10_subsample": -0.6860592081883793, "max_depth": 3.0, "num_boost_round": 6.0}, "datetime": {"datetime": "2024-01-19 01:04:09", "elapsed": 3203.498085, "delta": 0.003138}}
{"target": -17.67621906322958, "params": {"gamma": 48.654444763330915, "log10_alpha": -4.582661290522219, "log10_colsample_bytree": -0.31084339572961206, "log10_eta": -2.36080774798384, "log10_lambda": -4.046038945154749, "log10_min_child_weight": 2.805805926432109, "log10_subsample": -0.6860592081883793, "max_depth": 3.0, "num_boost_round": 7.0}, "datetime": {"datetime": "2024-01-19 01:04:09", "elapsed": 3203.50099, "delta": 0.002905}}
{"target": -17.676137569043274, "params": {"gamma": 48.654444763330915, "log10_alpha": -4.582661290522219, "log10_colsample_bytree": -0.31084339572961206, "log10_eta": -2.36080774798384, "log10_lambda": -4.046038945154749, "log10_min_child_weight": 2.805805926432109, "log10_subsample": -0.6860592081883793, "max_depth": 3.0, "num_boost_round": 8.0}, "datetime": {"datetime": "2024-01-19 01:04:09", "elapsed": 3203.503983, "delta": 0.002993}}
{"target": -17.676024497517684, "params": {"gamma": 48.654444763330915, "log10_alpha": -4.582661290522219, "log10_colsample_bytree": -0.31084339572961206, "log10_eta": -2.36080774798384, "log10_lambda": -4.046038945154749, "log10_min_child_weight": 2.805805926432109, "log10_subsample": -0.6860592081883793, "max_depth": 3.0, "num_boost_round": 9.0}, "datetime": {"datetime": "2024-01-19 01:04:09", "elapsed": 3203.507111, "delta": 0.003128}}
{"target": -17.675906163534624, "params": {"gamma": 48.654444763330915, "log10_alpha": -4.582661290522219, "log10_colsample_bytree": -0.31084339572961206, "log10_eta": -2.36080774798384, "log10_lambda": -4.046038945154749, "log10_min_child_weight": 2.805805926432109, "log10_subsample": -0.6860592081883793, "max_depth": 3.0, "num_boost_round": 10.0}, "datetime": {"datetime": "2024-01-19 01:04:09", "elapsed": 3203.510017, "delta": 0.002906}}
{"target": -17.675811926494973, "params": {"gamma": 48.654444763330915, "log10_alpha": -4.582661290522219, "log10_colsample_bytree": -0.31084339572961206, "log10_eta": -2.36080774798384, "log10_lambda": -4.046038945154749, "log10_min_child_weight": 2.805805926432109, "log10_subsample": -0.6860592081883793, "max_depth": 3.0, "num_boost_round": 11.0}, "datetime": {"datetime": "2024-01-19 01:04:09", "elapsed": 3203.513127, "delta": 0.00311}}
{"target": -17.67577683073988, "params": {"gamma": 48.654444763330915, "log10_alpha": -4.582661290522219, "log10_colsample_bytree": -0.31084339572961206, "log10_eta": -2.36080774798384, "log10_lambda": -4.046038945154749, "log10_min_child_weight": 2.805805926432109, "log10_subsample": -0.6860592081883793, "max_depth": 3.0, "num_boost_round": 12.0}, "datetime": {"datetime": "2024-01-19 01:04:09", "elapsed": 3203.516241, "delta": 0.003114}}
{"target": -17.675670154268445, "params": {"gamma": 48.654444763330915, "log10_alpha": -4.582661290522219, "log10_colsample_bytree": -0.31084339572961206, "log10_eta": -2.36080774798384, "log10_lambda": -4.046038945154749, "log10_min_child_weight": 2.805805926432109, "log10_subsample": -0.6860592081883793, "max_depth": 3.0, "num_boost_round": 13.0}, "datetime": {"datetime": "2024-01-19 01:04:09", "elapsed": 3203.51952, "delta": 0.003279}}
{"target": -17.675647573200163, "params": {"gamma": 48.654444763330915, "log10_alpha": -4.582661290522219, "log10_colsample_bytree": -0.31084339572961206, "log10_eta": -2.36080774798384, "log10_lambda": -4.046038945154749, "log10_min_child_weight": 2.805805926432109, "log10_subsample": -0.6860592081883793, "max_depth": 3.0, "num_boost_round": 14.0}, "datetime": {"datetime": "2024-01-19 01:04:09", "elapsed": 3203.523294, "delta": 0.003774}}
{"target": -17.675573414827987, "params": {"gamma": 48.654444763330915, "log10_alpha": -4.582661290522219, "log10_colsample_bytree": -0.31084339572961206, "log10_eta": -2.36080774798384, "log10_lambda": -4.046038945154749, "log10_min_child_weight": 2.805805926432109, "log10_subsample": -0.6860592081883793, "max_depth": 3.0, "num_boost_round": 15.0}, "datetime": {"datetime": "2024-01-19 01:04:09", "elapsed": 3203.526431, "delta": 0.003137}}
{"target": -17.675469865934577, "params": {"gamma": 48.654444763330915, "log10_alpha": -4.582661290522219, "log10_colsample_bytree": -0.31084339572961206, "log10_eta": -2.36080774798384, "log10_lambda": -4.046038945154749, "log10_min_child_weight": 2.805805926432109, "log10_subsample": -0.6860592081883793, "max_depth": 3.0, "num_boost_round": 16.0}, "datetime": {"datetime": "2024-01-19 01:04:09", "elapsed": 3203.529493, "delta": 0.003062}}
