{"target": -13.75858507488769, "params": {"gamma": 428.0337503432504, "log10_alpha": -5.0, "log10_colsample_bytree": 0.0, "log10_eta": 0.0, "log10_lambda": -5.0, "log10_min_child_weight": 5.0, "log10_subsample": -1.0, "max_depth": 8.0, "num_boost_round": 78.0}, "datetime": {"datetime": "2024-01-19 01:05:06", "elapsed": 3209.77841, "delta": 0.004512}}
{"target": -13.758539567037246, "params": {"gamma": 428.0337503432504, "log10_alpha": -5.0, "log10_colsample_bytree": 0.0, "log10_eta": 0.0, "log10_lambda": -5.0, "log10_min_child_weight": 5.0, "log10_subsample": -1.0, "max_depth": 8.0, "num_boost_round": 79.0}, "datetime": {"datetime": "2024-01-19 01:05:06", "elapsed": 3209.782906, "delta": 0.004496}}
{"target": -13.75855956389778, "params": {"gamma": 428.8132302044972, "log10_alpha": -5.0, "log10_colsample_bytree": -0.042422230314627656, "log10_eta": -2.026228754325437, "log10_lambda": -4.779761851895162, "log10_min_child_weight": 5.0, "log10_subsample": -0.4123311980212956, "max_depth": 10.0, "num_boost_round": 0.0}, "datetime": {"datetime": "2024-01-19 01:06:21", "elapsed": 3284.966667, "delta": 75.183761}}
{"target": -13.758520883959658, "params": {"gamma": 428.8132302044972, "log10_alpha": -5.0, "log10_colsample_bytree": -0.042422230314627656, "log10_eta": -2.026228754325437, "log10_lambda": -4.779761851895162, "log10_min_child_weight": 5.0, "log10_subsample": -0.4123311980212956, "max_depth": 10.0, "num_boost_round": 1.0}, "datetime": {"datetime": "2024-01-19 01:06:21", "elapsed": 3284.971586, "delta": 0.004919}}
{"target": -13.75846527334794, "params": {"gamma": 428.8132302044972, "log10_alpha": -5.0, "log10_colsample_bytree": -0.042422230314627656, "log10_eta": -2.026228754325437, "log10_lambda": -4.779761851895162, "log10_min_child_weight": 5.0, "log10_subsample": -0.4123311980212956, "max_depth": 10.0, "num_boost_round": 2.0}, "datetime": {"datetime": "2024-01-19 01:06:21", "elapsed": 3284.976104, "delta": 0.004518}}
{"target": -13.758491171138553, "params": {"gamma": 428.8132302044972, "log10_alpha": -5.0, "log10_colsample_bytree": -0.042422230314627656, "log10_eta": -2.026228754325437, "log10_lambda": -4.779761851895162, "log10_min_child_weight": 5.0, "log10_subsample": -0.4123311980212956, "max_depth": 10.0, "num_boost_round": 3.0}, "datetime": {"datetime": "2024-01-19 01:06:21", "elapsed": 3284.980558, "delta": 0.004454}}
{"target": -13.758487996299934, "params": {"gamma": 428.8132302044972, "log10_alpha": -5.0, "log10_colsample_bytree": -0.042422230314627656, "log10_eta": -2.026228754325437, "log10_lambda": -4.779761851895162, "log10_min_child_weight": 5.0, "log10_subsample": -0.4123311980212956, "max_depth": 10.0, "num_boost_round": 4.0}, "datetime": {"datetime": "2024-01-19 01:06:21", "elapsed": 3284.985078, "delta": 0.00452}}
{"target": -13.758504030901031, "params": {"gamma": 428.8132302044972, "log10_alpha": -5.0, "log10_colsample_bytree": -0.042422230314627656, "log10_eta": -2.026228754325437, "log10_lambda": -4.779761851895162, "log10_min_child_weight": 5.0, "log10_subsample": -0.4123311980212956, "max_depth": 10.0, "num_boost_round": 5.0}, "datetime": {"datetime": "2024-01-19 01:06:21", "elapsed": 3284.989523, "delta": 0.004445}}
{"target": -13.758476766119816, "params": {"gamma": 428.8132302044972, "log10_alpha": -5.0, "log10_colsample_bytree": -0.042422230314627656, "log10_eta": -2.026228754325437, "log10_lambda": -4.779761851895162, "log10_min_child_weight": 5.0, "log10_subsample": -0.4123311980212956, "max_depth": 10.0, "num_boost_round": 6.0}, "datetime": {"datetime": "2024-01-19 01:06:21", "elapsed": 3284.99414, "delta": 0.004617}}
{"target": -13.758432939064974, "params": {"gamma": 428.8132302044972, "log10_alpha": -5.0, "log10_colsample_bytree": -0.042422230314627656, "log10_eta": -2.026228754325437, "log10_lambda": -4.779761851895162, "log10_min_child_weight": 5.0, "log10_subsample": -0.4123311980212956, "max_depth": 10.0, "num_boost_round": 7.0}, "datetime": {"datetime": "2024-01-19 01:06:21", "elapsed": 3284.998723, "delta": 0.004583}}
{"target": -13.758432670193876, "params": {"gamma": 428.8132302044972, "log10_alpha": -5.0, "log10_colsample_bytree": -0.042422230314627656, "log10_eta": -2.026228754325437, "log10_lambda": -4.779761851895162, "log10_min_child_weight": 5.0, "log10_subsample": -0.4123311980212956, "max_depth": 10.0, "num_boost_round": 8.0}, "datetime": {"datetime": "2024-01-19 01:06:21", "elapsed": 3285.00343, "delta": 0.004707}}
{"target": -13.758411012149825, "params": {"gamma": 428.8132302044972, "log10_alpha": -5.0, "log10_colsample_bytree": -0.042422230314627656, "log10_eta": -2.026228754325437, "log10_lambda": -4.779761851895162, "log10_min_child_weight": 5.0, "log10_subsample": -0.4123311980212956, "max_depth": 10.0, "num_boost_round": 9.0}, "datetime": {"datetime": "2024-01-19 01:06:21", "elapsed": 3285.007958, "delta": 0.004528}}
{"target": -13.758434578359841, "params": {"gamma": 428.8132302044972, "log10_alpha": -5.0, "log10_colsample_bytree": -0.042422230314627656, "log10_eta": -2.026228754325437, "log10_lambda": -4.779761851895162, "log10_min_child_weight": 5.0, "log10_subsample": -0.4123311980212956, "max_depth": 10.0, "num_boost_round": 10.0}, "datetime": {"datetime": "2024-01-19 01:06:21", "elapsed": 3285.012543, "delta": 0.004585}}
{"target": -13.758420208931215, "params": {"gamma": 428.8132302044972, "log10_alpha": -5.0, "log10_colsample_bytree": -0.042422230314627656, "log10_eta": -2.026228754325437, "log10_lambda": -4.779761851895162, "log10_min_child_weight": 5.0, "log10_subsample": -0.4123311980212956, "max_depth": 10.0, "num_boost_round": 11.0}, "datetime": {"datetime": "2024-01-19 01:06:21", "elapsed": 3285.017108, "delta": 0.004565}}
{"target": -13.758447495804575, "params": {"gamma": 428.8132302044972, "log10_alpha": -5.0, "log10_colsample_bytree": -0.042422230314627656, "log10_eta": -2.026228754325437, "log10_lambda": -4.779761851895162, "log10_min_child_weight": 5.0, "log10_subsample": -0.4123311980212956, "max_depth": 10.0, "num_boost_round": 12.0}, "datetime": {"datetime": "2024-01-19 01:06:21", "elapsed": 3285.021623, "delta": 0.004515}}
{"target": -13.758431869111728, "params": {"gamma": 428.8132302044972, "log10_alpha": -5.0, "log10_colsample_bytree": -0.042422230314627656, "log10_eta": -2.026228754325437, "log10_lambda": -4.779761851895162, "log10_min_child_weight": 5.0, "log10_subsample": -0.4123311980212956, "max_depth": 10.0, "num_boost_round": 13.0}, "datetime": {"datetime": "2024-01-19 01:06:21", "elapsed": 3285.026042, "delta": 0.004419}}
{"target": -13.758400963061138, "params": {"gamma": 428.8132302044972, "log10_alpha": -5.0, "log10_colsample_bytree": -0.042422230314627656, "log10_eta": -2.026228754325437, "log10_lambda": -4.779761851895162, "log10_min_child_weight": 5.0, "log10_subsample": -0.4123311980212956, "max_depth": 10.0, "num_boost_round": 14.0}, "datetime": {"datetime": "2024-01-19 01:06:21", "elapsed": 3285.030651, "delta": 0.004609}}
{"target": -13.75838133613159, "params": {"gamma": 428.8132302044972, "log10_alpha": -5.0, "log10_colsample_bytree": -0.042422230314627656, "log10_eta": -2.026228754325437, "log10_lambda": -4.779761851895162, "log10_min_child_weight": 5.0, "log10_subsample": -0.4123311980212956, "max_depth": 10.0, "num_boost_round": 15.0}, "datetime": {"datetime": "2024-01-19 01:06:21", "elapsed": 3285.035112, "delta": 0.004461}}
{"target": -13.75836303231771, "params": {"gamma": 428.8132302044972, "log10_alpha": -5.0, "log10_colsample_bytree": -0.042422230314627656, "log10_eta": -2.026228754325437, "log10_lambda": -4.779761851895162, "log10_min_child_weight": 5.0, "log10_subsample": -0.4123311980212956, "max_depth": 10.0, "num_boost_round": 16.0}, "datetime": {"datetime": "2024-01-19 01:06:21", "elapsed": 3285.039653, "delta": 0.004541}}
{"target": -13.758394520690084, "params": {"gamma": 428.8132302044972, "log10_alpha": -5.0, "log10_colsample_bytree": -0.042422230314627656, "log10_eta": -2.026228754325437, "log10_lambda": -4.779761851895162, "log10_min_child_weight": 5.0, "log10_subsample": -0.4123311980212956, "max_depth": 10.0, "num_boost_round": 17.0}, "datetime": {"datetime": "2024-01-19 01:06:21", "elapsed": 3285.044183, "delta": 0.00453}}
{"target": -13.758401731525481, "params": {"gamma": 428.8132302044972, "log10_alpha": -5.0, "log10_colsample_bytree": -0.042422230314627656, "log10_eta": -2.026228754325437, "log10_lambda": -4.779761851895162, "log10_min_child_weight": 5.0, "log10_subsample": -0.4123311980212956, "max_depth": 10.0, "num_boost_round": 18.0}, "datetime": {"datetime": "2024-01-19 01:06:21", "elapsed": 3285.048774, "delta": 0.004591}}
{"target": -13.758433577843135, "params": {"gamma": 428.8132302044972, "log10_alpha": -5.0, "log10_colsample_bytree": -0.042422230314627656, "log10_eta": -2.026228754325437, "log10_lambda": -4.779761851895162, "log10_min_child_weight": 5.0, "log10_subsample": -0.4123311980212956, "max_depth": 10.0, "num_boost_round": 19.0}, "datetime": {"datetime": "2024-01-19 01:06:21", "elapsed": 3285.053225, "delta": 0.004451}}
{"target": -13.75844433630524, "params": {"gamma": 428.8132302044972, "log10_alpha": -5.0, "log10_colsample_bytree": -0.042422230314627656, "log10_eta": -2.026228754325437, "log10_lambda": -4.779761851895162, "log10_min_child_weight": 5.0, "log10_subsample": -0.4123311980212956, "max_depth": 10.0, "num_boost_round": 20.0}, "datetime": {"datetime": "2024-01-19 01:06:22", "elapsed": 3285.146256, "delta": 0.093031}}
{"target": -13.758490161500621, "params": {"gamma": 428.8132302044972, "log10_alpha": -5.0, "log10_colsample_bytree": -0.042422230314627656, "log10_eta": -2.026228754325437, "log10_lambda": -4.779761851895162, "log10_min_child_weight": 5.0, "log10_subsample": -0.4123311980212956, "max_depth": 10.0, "num_boost_round": 21.0}, "datetime": {"datetime": "2024-01-19 01:06:22", "elapsed": 3285.151275, "delta": 0.005019}}
{"target": -13.758468501140412, "params": {"gamma": 428.8132302044972, "log10_alpha": -5.0, "log10_colsample_bytree": -0.042422230314627656, "log10_eta": -2.026228754325437, "log10_lambda": -4.779761851895162, "log10_min_child_weight": 5.0, "log10_subsample": -0.4123311980212956, "max_depth": 10.0, "num_boost_round": 22.0}, "datetime": {"datetime": "2024-01-19 01:06:22", "elapsed": 3285.156077, "delta": 0.004802}}
{"target": -13.758445854602522, "params": {"gamma": 428.8132302044972, "log10_alpha": -5.0, "log10_colsample_bytree": -0.042422230314627656, "log10_eta": -2.026228754325437, "log10_lambda": -4.779761851895162, "log10_min_child_weight": 5.0, "log10_subsample": -0.4123311980212956, "max_depth": 10.0, "num_boost_round": 23.0}, "datetime": {"datetime": "2024-01-19 01:06:22", "elapsed": 3285.160753, "delta": 0.004676}}
{"target": -13.758454409531847, "params": {"gamma": 428.8132302044972, "log10_alpha": -5.0, "log10_colsample_bytree": -0.042422230314627656, "log10_eta": -2.026228754325437, "log10_lambda": -4.779761851895162, "log10_min_child_weight": 5.0, "log10_subsample": -0.4123311980212956, "max_depth": 10.0, "num_boost_round": 24.0}, "datetime": {"datetime": "2024-01-19 01:06:22", "elapsed": 3285.1654, "delta": 0.004647}}
{"target": -13.758495168162456, "params": {"gamma": 428.8132302044972, "log10_alpha": -5.0, "log10_colsample_bytree": -0.042422230314627656, "log10_eta": -2.026228754325437, "log10_lambda": -4.779761851895162, "log10_min_child_weight": 5.0, "log10_subsample": -0.4123311980212956, "max_depth": 10.0, "num_boost_round": 25.0}, "datetime": {"datetime": "2024-01-19 01:06:22", "elapsed": 3285.169949, "delta": 0.004549}}
{"target": -13.758478868038337, "params": {"gamma": 428.8132302044972, "log10_alpha": -5.0, "log10_colsample_bytree": -0.042422230314627656, "log10_eta": -2.026228754325437, "log10_lambda": -4.779761851895162, "log10_min_child_weight": 5.0, "log10_subsample": -0.4123311980212956, "max_depth": 10.0, "num_boost_round": 26.0}, "datetime": {"datetime": "2024-01-19 01:06:22", "elapsed": 3285.174496, "delta": 0.004547}}
{"target": -13.758519712387065, "params": {"gamma": 428.8132302044972, "log10_alpha": -5.0, "log10_colsample_bytree": -0.042422230314627656, "log10_eta": -2.026228754325437, "log10_lambda": -4.779761851895162, "log10_min_child_weight": 5.0, "log10_subsample": -0.4123311980212956, "max_depth": 10.0, "num_boost_round": 27.0}, "datetime": {"datetime": "2024-01-19 01:06:22", "elapsed": 3285.179071, "delta": 0.004575}}
{"target": -13.758540606323152, "params": {"gamma": 428.8132302044972, "log10_alpha": -5.0, "log10_colsample_bytree": -0.042422230314627656, "log10_eta": -2.026228754325437, "log10_lambda": -4.779761851895162, "log10_min_child_weight": 5.0, "log10_subsample": -0.4123311980212956, "max_depth": 10.0, "num_boost_round": 28.0}, "datetime": {"datetime": "2024-01-19 01:06:22", "elapsed": 3285.183763, "delta": 0.004692}}
{"target": -13.758531869577801, "params": {"gamma": 428.8132302044972, "log10_alpha": -5.0, "log10_colsample_bytree": -0.042422230314627656, "log10_eta": -2.026228754325437, "log10_lambda": -4.779761851895162, "log10_min_child_weight": 5.0, "log10_subsample": -0.4123311980212956, "max_depth": 10.0, "num_boost_round": 29.0}, "datetime": {"datetime": "2024-01-19 01:06:22", "elapsed": 3285.188293, "delta": 0.00453}}
{"target": -13.758524472893267, "params": {"gamma": 428.8132302044972, "log10_alpha": -5.0, "log10_colsample_bytree": -0.042422230314627656, "log10_eta": -2.026228754325437, "log10_lambda": -4.779761851895162, "log10_min_child_weight": 5.0, "log10_subsample": -0.4123311980212956, "max_depth": 10.0, "num_boost_round": 30.0}, "datetime": {"datetime": "2024-01-19 01:06:22", "elapsed": 3285.192879, "delta": 0.004586}}
{"target": -13.758525453367271, "params": {"gamma": 428.8132302044972, "log10_alpha": -5.0, "log10_colsample_bytree": -0.042422230314627656, "log10_eta": -2.026228754325437, "log10_lambda": -4.779761851895162, "log10_min_child_weight": 5.0, "log10_subsample": -0.4123311980212956, "max_depth": 10.0, "num_boost_round": 31.0}, "datetime": {"datetime": "2024-01-19 01:06:22", "elapsed": 3285.197425, "delta": 0.004546}}
{"target": -13.75856970824427, "params": {"gamma": 428.8132302044972, "log10_alpha": -5.0, "log10_colsample_bytree": -0.042422230314627656, "log10_eta": -2.026228754325437, "log10_lambda": -4.779761851895162, "log10_min_child_weight": 5.0, "log10_subsample": -0.4123311980212956, "max_depth": 10.0, "num_boost_round": 32.0}, "datetime": {"datetime": "2024-01-19 01:06:22", "elapsed": 3285.202117, "delta": 0.004692}}
{"target": -13.75853710908321, "params": {"gamma": 441.0629951998344, "log10_alpha": -1.6100574437373956, "log10_colsample_bytree": -0.5100254078976486, "log10_eta": -3.6139715752973385, "log10_lambda": -4.292096717497427, "log10_min_child_weight": 2.731217514913344, "log10_subsample": -0.8529094837681273, "max_depth": 2.0, "num_boost_round": 0.0}, "datetime": {"datetime": "2024-01-19 01:07:15", "elapsed": 3338.4432, "delta": 53.241083}}
{"target": -13.758534941573373, "params": {"gamma": 441.0629951998344, "log10_alpha": -1.6100574437373956, "log10_colsample_bytree": -0.5100254078976486, "log10_eta": -3.6139715752973385, "log10_lambda": -4.292096717497427, "log10_min_child_weight": 2.731217514913344, "log10_subsample": -0.8529094837681273, "max_depth": 2.0, "num_boost_round": 1.0}, "datetime": {"datetime": "2024-01-19 01:07:15", "elapsed": 3338.448689, "delta": 0.005489}}
{"target": -13.758533765871741, "params": {"gamma": 441.0629951998344, "log10_alpha": -1.6100574437373956, "log10_colsample_bytree": -0.5100254078976486, "log10_eta": -3.6139715752973385, "log10_lambda": -4.292096717497427, "log10_min_child_weight": 2.731217514913344, "log10_subsample": -0.8529094837681273, "max_depth": 2.0, "num_boost_round": 2.0}, "datetime": {"datetime": "2024-01-19 01:07:15", "elapsed": 3338.45366, "delta": 0.004971}}
{"target": -13.758531372133666, "params": {"gamma": 441.0629951998344, "log10_alpha": -1.6100574437373956, "log10_colsample_bytree": -0.5100254078976486, "log10_eta": -3.6139715752973385, "log10_lambda": -4.292096717497427, "log10_min_child_weight": 2.731217514913344, "log10_subsample": -0.8529094837681273, "max_depth": 2.0, "num_boost_round": 3.0}, "datetime": {"datetime": "2024-01-19 01:07:15", "elapsed": 3338.458139, "delta": 0.004479}}
{"target": -13.758529439831285, "params": {"gamma": 441.0629951998344, "log10_alpha": -1.6100574437373956, "log10_colsample_bytree": -0.5100254078976486, "log10_eta": -3.6139715752973385, "log10_lambda": -4.292096717497427, "log10_min_child_weight": 2.731217514913344, "log10_subsample": -0.8529094837681273, "max_depth": 2.0, "num_boost_round": 4.0}, "datetime": {"datetime": "2024-01-19 01:07:15", "elapsed": 3338.462599, "delta": 0.00446}}
{"target": -13.758526863076847, "params": {"gamma": 441.0629951998344, "log10_alpha": -1.6100574437373956, "log10_colsample_bytree": -0.5100254078976486, "log10_eta": -3.6139715752973385, "log10_lambda": -4.292096717497427, "log10_min_child_weight": 2.731217514913344, "log10_subsample": -0.8529094837681273, "max_depth": 2.0, "num_boost_round": 5.0}, "datetime": {"datetime": "2024-01-19 01:07:15", "elapsed": 3338.467103, "delta": 0.004504}}
{"target": -13.758523408115577, "params": {"gamma": 441.0629951998344, "log10_alpha": -1.6100574437373956, "log10_colsample_bytree": -0.5100254078976486, "log10_eta": -3.6139715752973385, "log10_lambda": -4.292096717497427, "log10_min_child_weight": 2.731217514913344, "log10_subsample": -0.8529094837681273, "max_depth": 2.0, "num_boost_round": 6.0}, "datetime": {"datetime": "2024-01-19 01:07:15", "elapsed": 3338.47173, "delta": 0.004627}}
{"target": -13.758521941323048, "params": {"gamma": 441.0629951998344, "log10_alpha": -1.6100574437373956, "log10_colsample_bytree": -0.5100254078976486, "log10_eta": -3.6139715752973385, "log10_lambda": -4.292096717497427, "log10_min_child_weight": 2.731217514913344, "log10_subsample": -0.8529094837681273, "max_depth": 2.0, "num_boost_round": 7.0}, "datetime": {"datetime": "2024-01-19 01:07:15", "elapsed": 3338.476211, "delta": 0.004481}}
{"target": -13.758519311844267, "params": {"gamma": 441.0629951998344, "log10_alpha": -1.6100574437373956, "log10_colsample_bytree": -0.5100254078976486, "log10_eta": -3.6139715752973385, "log10_lambda": -4.292096717497427, "log10_min_child_weight": 2.731217514913344, "log10_subsample": -0.8529094837681273, "max_depth": 2.0, "num_boost_round": 8.0}, "datetime": {"datetime": "2024-01-19 01:07:15", "elapsed": 3338.480735, "delta": 0.004524}}
{"target": -13.758513217825334, "params": {"gamma": 441.0629951998344, "log10_alpha": -1.6100574437373956, "log10_colsample_bytree": -0.5100254078976486, "log10_eta": -3.6139715752973385, "log10_lambda": -4.292096717497427, "log10_min_child_weight": 2.731217514913344, "log10_subsample": -0.8529094837681273, "max_depth": 2.0, "num_boost_round": 9.0}, "datetime": {"datetime": "2024-01-19 01:07:15", "elapsed": 3338.485333, "delta": 0.004598}}
{"target": -13.758511544953905, "params": {"gamma": 441.0629951998344, "log10_alpha": -1.6100574437373956, "log10_colsample_bytree": -0.5100254078976486, "log10_eta": -3.6139715752973385, "log10_lambda": -4.292096717497427, "log10_min_child_weight": 2.731217514913344, "log10_subsample": -0.8529094837681273, "max_depth": 2.0, "num_boost_round": 10.0}, "datetime": {"datetime": "2024-01-19 01:07:15", "elapsed": 3338.489981, "delta": 0.004648}}
{"target": -13.758509590013778, "params": {"gamma": 441.0629951998344, "log10_alpha": -1.6100574437373956, "log10_colsample_bytree": -0.5100254078976486, "log10_eta": -3.6139715752973385, "log10_lambda": -4.292096717497427, "log10_min_child_weight": 2.731217514913344, "log10_subsample": -0.8529094837681273, "max_depth": 2.0, "num_boost_round": 11.0}, "datetime": {"datetime": "2024-01-19 01:07:15", "elapsed": 3338.494601, "delta": 0.00462}}
{"target": -13.75850792235667, "params": {"gamma": 441.0629951998344, "log10_alpha": -1.6100574437373956, "log10_colsample_bytree": -0.5100254078976486, "log10_eta": -3.6139715752973385, "log10_lambda": -4.292096717497427, "log10_min_child_weight": 2.731217514913344, "log10_subsample": -0.8529094837681273, "max_depth": 2.0, "num_boost_round": 12.0}, "datetime": {"datetime": "2024-01-19 01:07:15", "elapsed": 3338.499282, "delta": 0.004681}}
{"target": -13.758509079271715, "params": {"gamma": 441.0629951998344, "log10_alpha": -1.6100574437373956, "log10_colsample_bytree": -0.5100254078976486, "log10_eta": -3.6139715752973385, "log10_lambda": -4.292096717497427, "log10_min_child_weight": 2.731217514913344, "log10_subsample": -0.8529094837681273, "max_depth": 2.0, "num_boost_round": 13.0}, "datetime": {"datetime": "2024-01-19 01:07:15", "elapsed": 3338.503801, "delta": 0.004519}}
{"target": -13.758506868325783, "params": {"gamma": 441.0629951998344, "log10_alpha": -1.6100574437373956, "log10_colsample_bytree": -0.5100254078976486, "log10_eta": -3.6139715752973385, "log10_lambda": -4.292096717497427, "log10_min_child_weight": 2.731217514913344, "log10_subsample": -0.8529094837681273, "max_depth": 2.0, "num_boost_round": 14.0}, "datetime": {"datetime": "2024-01-19 01:07:15", "elapsed": 3338.508283, "delta": 0.004482}}
{"target": -13.758503747018148, "params": {"gamma": 441.0629951998344, "log10_alpha": -1.6100574437373956, "log10_colsample_bytree": -0.5100254078976486, "log10_eta": -3.6139715752973385, "log10_lambda": -4.292096717497427, "log10_min_child_weight": 2.731217514913344, "log10_subsample": -0.8529094837681273, "max_depth": 2.0, "num_boost_round": 15.0}, "datetime": {"datetime": "2024-01-19 01:07:15", "elapsed": 3338.512933, "delta": 0.00465}}
