{"target": -17.67697709045595, "params": {"gamma": 714.3458475012188, "log10_alpha": -4.80391872346699, "log10_colsample_bytree": -0.6053062515336021, "log10_eta": -3.321745121919731, "log10_lambda": -4.236272546153236, "log10_min_child_weight": 1.4643593357641649, "log10_subsample": -0.9214826411318432, "max_depth": 2.0, "num_boost_round": 25.0}, "datetime": {"datetime": "2024-01-19 00:53:13", "elapsed": 2500.682591, "delta": 0.003319}}
{"target": -17.67697113880368, "params": {"gamma": 714.3458475012188, "log10_alpha": -4.80391872346699, "log10_colsample_bytree": -0.6053062515336021, "log10_eta": -3.321745121919731, "log10_lambda": -4.236272546153236, "log10_min_child_weight": 1.4643593357641649, "log10_subsample": -0.9214826411318432, "max_depth": 2.0, "num_boost_round": 26.0}, "datetime": {"datetime": "2024-01-19 00:53:13", "elapsed": 2500.685769, "delta": 0.003178}}
{"target": -17.67696126144868, "params": {"gamma": 714.3458475012188, "log10_alpha": -4.80391872346699, "log10_colsample_bytree": -0.6053062515336021, "log10_eta": -3.321745121919731, "log10_lambda": -4.236272546153236, "log10_min_child_weight": 1.4643593357641649, "log10_subsample": -0.9214826411318432, "max_depth": 2.0, "num_boost_round": 27.0}, "datetime": {"datetime": "2024-01-19 00:53:13", "elapsed": 2500.689127, "delta": 0.003358}}
{"target": -17.67694836832401, "params": {"gamma": 714.3458475012188, "log10_alpha": -4.80391872346699, "log10_colsample_bytree": -0.6053062515336021, "log10_eta": -3.321745121919731, "log10_lambda": -4.236272546153236, "log10_min_child_weight": 1.4643593357641649, "log10_subsample": -0.9214826411318432, "max_depth": 2.0, "num_boost_round": 28.0}, "datetime": {"datetime": "2024-01-19 00:53:13", "elapsed": 2500.692363, "delta": 0.003236}}
{"target": -17.676925966346886, "params": {"gamma": 714.3458475012188, "log10_alpha": -4.80391872346699, "log10_colsample_bytree": -0.6053062515336021, "log10_eta": -3.321745121919731, "log10_lambda": -4.236272546153236, "log10_min_child_weight": 1.4643593357641649, "log10_subsample": -0.9214826411318432, "max_depth": 2.0, "num_boost_round": 29.0}, "datetime": {"datetime": "2024-01-19 00:53:13", "elapsed": 2500.695568, "delta": 0.003205}}
{"target": -17.67692143658537, "params": {"gamma": 714.3458475012188, "log10_alpha": -4.80391872346699, "log10_colsample_bytree": -0.6053062515336021, "log10_eta": -3.321745121919731, "log10_lambda": -4.236272546153236, "log10_min_child_weight": 1.4643593357641649, "log10_subsample": -0.9214826411318432, "max_depth": 2.0, "num_boost_round": 30.0}, "datetime": {"datetime": "2024-01-19 00:53:13", "elapsed": 2500.698875, "delta": 0.003307}}
{"target": -17.67690532791168, "params": {"gamma": 714.3458475012188, "log10_alpha": -4.80391872346699, "log10_colsample_bytree": -0.6053062515336021, "log10_eta": -3.321745121919731, "log10_lambda": -4.236272546153236, "log10_min_child_weight": 1.4643593357641649, "log10_subsample": -0.9214826411318432, "max_depth": 2.0, "num_boost_round": 31.0}, "datetime": {"datetime": "2024-01-19 00:53:13", "elapsed": 2500.702138, "delta": 0.003263}}
{"target": -17.676898842525688, "params": {"gamma": 714.3458475012188, "log10_alpha": -4.80391872346699, "log10_colsample_bytree": -0.6053062515336021, "log10_eta": -3.321745121919731, "log10_lambda": -4.236272546153236, "log10_min_child_weight": 1.4643593357641649, "log10_subsample": -0.9214826411318432, "max_depth": 2.0, "num_boost_round": 32.0}, "datetime": {"datetime": "2024-01-19 00:53:13", "elapsed": 2500.705348, "delta": 0.00321}}
{"target": -17.67687965832056, "params": {"gamma": 714.3458475012188, "log10_alpha": -4.80391872346699, "log10_colsample_bytree": -0.6053062515336021, "log10_eta": -3.321745121919731, "log10_lambda": -4.236272546153236, "log10_min_child_weight": 1.4643593357641649, "log10_subsample": -0.9214826411318432, "max_depth": 2.0, "num_boost_round": 33.0}, "datetime": {"datetime": "2024-01-19 00:53:13", "elapsed": 2500.708612, "delta": 0.003264}}
{"target": -17.67686398693758, "params": {"gamma": 714.3458475012188, "log10_alpha": -4.80391872346699, "log10_colsample_bytree": -0.6053062515336021, "log10_eta": -3.321745121919731, "log10_lambda": -4.236272546153236, "log10_min_child_weight": 1.4643593357641649, "log10_subsample": -0.9214826411318432, "max_depth": 2.0, "num_boost_round": 34.0}, "datetime": {"datetime": "2024-01-19 00:53:13", "elapsed": 2500.71188, "delta": 0.003268}}
{"target": -17.676844968937946, "params": {"gamma": 714.3458475012188, "log10_alpha": -4.80391872346699, "log10_colsample_bytree": -0.6053062515336021, "log10_eta": -3.321745121919731, "log10_lambda": -4.236272546153236, "log10_min_child_weight": 1.4643593357641649, "log10_subsample": -0.9214826411318432, "max_depth": 2.0, "num_boost_round": 35.0}, "datetime": {"datetime": "2024-01-19 00:53:13", "elapsed": 2500.715058, "delta": 0.003178}}
{"target": -17.676846959633572, "params": {"gamma": 714.3458475012188, "log10_alpha": -4.80391872346699, "log10_colsample_bytree": -0.6053062515336021, "log10_eta": -3.321745121919731, "log10_lambda": -4.236272546153236, "log10_min_child_weight": 1.4643593357641649, "log10_subsample": -0.9214826411318432, "max_depth": 2.0, "num_boost_round": 36.0}, "datetime": {"datetime": "2024-01-19 00:53:13", "elapsed": 2500.718283, "delta": 0.003225}}
{"target": -17.676841700999606, "params": {"gamma": 714.3458475012188, "log10_alpha": -4.80391872346699, "log10_colsample_bytree": -0.6053062515336021, "log10_eta": -3.321745121919731, "log10_lambda": -4.236272546153236, "log10_min_child_weight": 1.4643593357641649, "log10_subsample": -0.9214826411318432, "max_depth": 2.0, "num_boost_round": 37.0}, "datetime": {"datetime": "2024-01-19 00:53:13", "elapsed": 2500.721476, "delta": 0.003193}}
{"target": -17.676825688921415, "params": {"gamma": 714.3458475012188, "log10_alpha": -4.80391872346699, "log10_colsample_bytree": -0.6053062515336021, "log10_eta": -3.321745121919731, "log10_lambda": -4.236272546153236, "log10_min_child_weight": 1.4643593357641649, "log10_subsample": -0.9214826411318432, "max_depth": 2.0, "num_boost_round": 38.0}, "datetime": {"datetime": "2024-01-19 00:53:13", "elapsed": 2500.724654, "delta": 0.003178}}
{"target": -17.676812793248846, "params": {"gamma": 714.3458475012188, "log10_alpha": -4.80391872346699, "log10_colsample_bytree": -0.6053062515336021, "log10_eta": -3.321745121919731, "log10_lambda": -4.236272546153236, "log10_min_child_weight": 1.4643593357641649, "log10_subsample": -0.9214826411318432, "max_depth": 2.0, "num_boost_round": 39.0}, "datetime": {"datetime": "2024-01-19 00:53:13", "elapsed": 2500.727808, "delta": 0.003154}}
{"target": -17.676798463343346, "params": {"gamma": 714.3458475012188, "log10_alpha": -4.80391872346699, "log10_colsample_bytree": -0.6053062515336021, "log10_eta": -3.321745121919731, "log10_lambda": -4.236272546153236, "log10_min_child_weight": 1.4643593357641649, "log10_subsample": -0.9214826411318432, "max_depth": 2.0, "num_boost_round": 40.0}, "datetime": {"datetime": "2024-01-19 00:53:13", "elapsed": 2500.731143, "delta": 0.003335}}
{"target": -17.676800125918483, "params": {"gamma": 714.3458475012188, "log10_alpha": -4.80391872346699, "log10_colsample_bytree": -0.6053062515336021, "log10_eta": -3.321745121919731, "log10_lambda": -4.236272546153236, "log10_min_child_weight": 1.4643593357641649, "log10_subsample": -0.9214826411318432, "max_depth": 2.0, "num_boost_round": 41.0}, "datetime": {"datetime": "2024-01-19 00:53:13", "elapsed": 2500.734504, "delta": 0.003361}}
{"target": -17.676783288972533, "params": {"gamma": 714.3458475012188, "log10_alpha": -4.80391872346699, "log10_colsample_bytree": -0.6053062515336021, "log10_eta": -3.321745121919731, "log10_lambda": -4.236272546153236, "log10_min_child_weight": 1.4643593357641649, "log10_subsample": -0.9214826411318432, "max_depth": 2.0, "num_boost_round": 42.0}, "datetime": {"datetime": "2024-01-19 00:53:13", "elapsed": 2500.737794, "delta": 0.00329}}
{"target": -17.67677510393308, "params": {"gamma": 714.3458475012188, "log10_alpha": -4.80391872346699, "log10_colsample_bytree": -0.6053062515336021, "log10_eta": -3.321745121919731, "log10_lambda": -4.236272546153236, "log10_min_child_weight": 1.4643593357641649, "log10_subsample": -0.9214826411318432, "max_depth": 2.0, "num_boost_round": 43.0}, "datetime": {"datetime": "2024-01-19 00:53:13", "elapsed": 2500.741038, "delta": 0.003244}}
{"target": -17.67676663462838, "params": {"gamma": 714.3458475012188, "log10_alpha": -4.80391872346699, "log10_colsample_bytree": -0.6053062515336021, "log10_eta": -3.321745121919731, "log10_lambda": -4.236272546153236, "log10_min_child_weight": 1.4643593357641649, "log10_subsample": -0.9214826411318432, "max_depth": 2.0, "num_boost_round": 44.0}, "datetime": {"datetime": "2024-01-19 00:53:13", "elapsed": 2500.744394, "delta": 0.003356}}
{"target": -17.676761620181328, "params": {"gamma": 714.3458475012188, "log10_alpha": -4.80391872346699, "log10_colsample_bytree": -0.6053062515336021, "log10_eta": -3.321745121919731, "log10_lambda": -4.236272546153236, "log10_min_child_weight": 1.4643593357641649, "log10_subsample": -0.9214826411318432, "max_depth": 2.0, "num_boost_round": 45.0}, "datetime": {"datetime": "2024-01-19 00:53:13", "elapsed": 2500.747681, "delta": 0.003287}}
{"target": -17.676759257628397, "params": {"gamma": 714.3458475012188, "log10_alpha": -4.80391872346699, "log10_colsample_bytree": -0.6053062515336021, "log10_eta": -3.321745121919731, "log10_lambda": -4.236272546153236, "log10_min_child_weight": 1.4643593357641649, "log10_subsample": -0.9214826411318432, "max_depth": 2.0, "num_boost_round": 46.0}, "datetime": {"datetime": "2024-01-19 00:53:13", "elapsed": 2500.750911, "delta": 0.00323}}
{"target": -17.67675870549651, "params": {"gamma": 714.3458475012188, "log10_alpha": -4.80391872346699, "log10_colsample_bytree": -0.6053062515336021, "log10_eta": -3.321745121919731, "log10_lambda": -4.236272546153236, "log10_min_child_weight": 1.4643593357641649, "log10_subsample": -0.9214826411318432, "max_depth": 2.0, "num_boost_round": 47.0}, "datetime": {"datetime": "2024-01-19 00:53:13", "elapsed": 2500.754131, "delta": 0.00322}}
{"target": -17.676749759572125, "params": {"gamma": 714.3458475012188, "log10_alpha": -4.80391872346699, "log10_colsample_bytree": -0.6053062515336021, "log10_eta": -3.321745121919731, "log10_lambda": -4.236272546153236, "log10_min_child_weight": 1.4643593357641649, "log10_subsample": -0.9214826411318432, "max_depth": 2.0, "num_boost_round": 48.0}, "datetime": {"datetime": "2024-01-19 00:53:13", "elapsed": 2500.757423, "delta": 0.003292}}
{"target": -17.67673971546131, "params": {"gamma": 714.3458475012188, "log10_alpha": -4.80391872346699, "log10_colsample_bytree": -0.6053062515336021, "log10_eta": -3.321745121919731, "log10_lambda": -4.236272546153236, "log10_min_child_weight": 1.4643593357641649, "log10_subsample": -0.9214826411318432, "max_depth": 2.0, "num_boost_round": 49.0}, "datetime": {"datetime": "2024-01-19 00:53:13", "elapsed": 2500.760655, "delta": 0.003232}}
{"target": -17.676730802152367, "params": {"gamma": 714.3458475012188, "log10_alpha": -4.80391872346699, "log10_colsample_bytree": -0.6053062515336021, "log10_eta": -3.321745121919731, "log10_lambda": -4.236272546153236, "log10_min_child_weight": 1.4643593357641649, "log10_subsample": -0.9214826411318432, "max_depth": 2.0, "num_boost_round": 50.0}, "datetime": {"datetime": "2024-01-19 00:53:13", "elapsed": 2500.763892, "delta": 0.003237}}
{"target": -17.676722809253235, "params": {"gamma": 714.3458475012188, "log10_alpha": -4.80391872346699, "log10_colsample_bytree": -0.6053062515336021, "log10_eta": -3.321745121919731, "log10_lambda": -4.236272546153236, "log10_min_child_weight": 1.4643593357641649, "log10_subsample": -0.9214826411318432, "max_depth": 2.0, "num_boost_round": 51.0}, "datetime": {"datetime": "2024-01-19 00:53:13", "elapsed": 2500.7671, "delta": 0.003208}}
{"target": -17.676712603660615, "params": {"gamma": 714.3458475012188, "log10_alpha": -4.80391872346699, "log10_colsample_bytree": -0.6053062515336021, "log10_eta": -3.321745121919731, "log10_lambda": -4.236272546153236, "log10_min_child_weight": 1.4643593357641649, "log10_subsample": -0.9214826411318432, "max_depth": 2.0, "num_boost_round": 52.0}, "datetime": {"datetime": "2024-01-19 00:53:13", "elapsed": 2500.770423, "delta": 0.003323}}
{"target": -17.67670114153954, "params": {"gamma": 714.3458475012188, "log10_alpha": -4.80391872346699, "log10_colsample_bytree": -0.6053062515336021, "log10_eta": -3.321745121919731, "log10_lambda": -4.236272546153236, "log10_min_child_weight": 1.4643593357641649, "log10_subsample": -0.9214826411318432, "max_depth": 2.0, "num_boost_round": 53.0}, "datetime": {"datetime": "2024-01-19 00:53:13", "elapsed": 2500.773623, "delta": 0.0032}}
{"target": -17.67669578402966, "params": {"gamma": 714.3458475012188, "log10_alpha": -4.80391872346699, "log10_colsample_bytree": -0.6053062515336021, "log10_eta": -3.321745121919731, "log10_lambda": -4.236272546153236, "log10_min_child_weight": 1.4643593357641649, "log10_subsample": -0.9214826411318432, "max_depth": 2.0, "num_boost_round": 54.0}, "datetime": {"datetime": "2024-01-19 00:53:13", "elapsed": 2500.77717, "delta": 0.003547}}
{"target": -17.67668751976291, "params": {"gamma": 714.3458475012188, "log10_alpha": -4.80391872346699, "log10_colsample_bytree": -0.6053062515336021, "log10_eta": -3.321745121919731, "log10_lambda": -4.236272546153236, "log10_min_child_weight": 1.4643593357641649, "log10_subsample": -0.9214826411318432, "max_depth": 2.0, "num_boost_round": 55.0}, "datetime": {"datetime": "2024-01-19 00:53:13", "elapsed": 2500.780475, "delta": 0.003305}}
{"target": -17.676674080225947, "params": {"gamma": 714.3458475012188, "log10_alpha": -4.80391872346699, "log10_colsample_bytree": -0.6053062515336021, "log10_eta": -3.321745121919731, "log10_lambda": -4.236272546153236, "log10_min_child_weight": 1.4643593357641649, "log10_subsample": -0.9214826411318432, "max_depth": 2.0, "num_boost_round": 56.0}, "datetime": {"datetime": "2024-01-19 00:53:13", "elapsed": 2500.783729, "delta": 0.003254}}
{"target": -17.676660174777407, "params": {"gamma": 714.3458475012188, "log10_alpha": -4.80391872346699, "log10_colsample_bytree": -0.6053062515336021, "log10_eta": -3.321745121919731, "log10_lambda": -4.236272546153236, "log10_min_child_weight": 1.4643593357641649, "log10_subsample": -0.9214826411318432, "max_depth": 2.0, "num_boost_round": 57.0}, "datetime": {"datetime": "2024-01-19 00:53:13", "elapsed": 2500.786936, "delta": 0.003207}}
{"target": -17.676650727033092, "params": {"gamma": 714.3458475012188, "log10_alpha": -4.80391872346699, "log10_colsample_bytree": -0.6053062515336021, "log10_eta": -3.321745121919731, "log10_lambda": -4.236272546153236, "log10_min_child_weight": 1.4643593357641649, "log10_subsample": -0.9214826411318432, "max_depth": 2.0, "num_boost_round": 58.0}, "datetime": {"datetime": "2024-01-19 00:53:13", "elapsed": 2500.790344, "delta": 0.003408}}
{"target": -17.67663985074274, "params": {"gamma": 714.3458475012188, "log10_alpha": -4.80391872346699, "log10_colsample_bytree": -0.6053062515336021, "log10_eta": -3.321745121919731, "log10_lambda": -4.236272546153236, "log10_min_child_weight": 1.4643593357641649, "log10_subsample": -0.9214826411318432, "max_depth": 2.0, "num_boost_round": 59.0}, "datetime": {"datetime": "2024-01-19 00:53:13", "elapsed": 2500.793548, "delta": 0.003204}}
{"target": -17.676621026654225, "params": {"gamma": 714.3458475012188, "log10_alpha": -4.80391872346699, "log10_colsample_bytree": -0.6053062515336021, "log10_eta": -3.321745121919731, "log10_lambda": -4.236272546153236, "log10_min_child_weight": 1.4643593357641649, "log10_subsample": -0.9214826411318432, "max_depth": 2.0, "num_boost_round": 60.0}, "datetime": {"datetime": "2024-01-19 00:53:13", "elapsed": 2500.79688, "delta": 0.003332}}
{"target": -17.67661458882158, "params": {"gamma": 714.3458475012188, "log10_alpha": -4.80391872346699, "log10_colsample_bytree": -0.6053062515336021, "log10_eta": -3.321745121919731, "log10_lambda": -4.236272546153236, "log10_min_child_weight": 1.4643593357641649, "log10_subsample": -0.9214826411318432, "max_depth": 2.0, "num_boost_round": 61.0}, "datetime": {"datetime": "2024-01-19 00:53:13", "elapsed": 2500.800155, "delta": 0.003275}}
{"target": -17.676603635599925, "params": {"gamma": 714.3458475012188, "log10_alpha": -4.80391872346699, "log10_colsample_bytree": -0.6053062515336021, "log10_eta": -3.321745121919731, "log10_lambda": -4.236272546153236, "log10_min_child_weight": 1.4643593357641649, "log10_subsample": -0.9214826411318432, "max_depth": 2.0, "num_boost_round": 62.0}, "datetime": {"datetime": "2024-01-19 00:53:13", "elapsed": 2500.803441, "delta": 0.003286}}
{"target": -17.676599406182557, "params": {"gamma": 714.3458475012188, "log10_alpha": -4.80391872346699, "log10_colsample_bytree": -0.6053062515336021, "log10_eta": -3.321745121919731, "log10_lambda": -4.236272546153236, "log10_min_child_weight": 1.4643593357641649, "log10_subsample": -0.9214826411318432, "max_depth": 2.0, "num_boost_round": 63.0}, "datetime": {"datetime": "2024-01-19 00:53:13", "elapsed": 2500.806679, "delta": 0.003238}}
{"target": -17.67721873316614, "params": {"gamma": 716.5197190178793, "log10_alpha": -2.0096915947123484, "log10_colsample_bytree": -0.32638195586473595, "log10_eta": -3.3716109930748615, "log10_lambda": 0.39860306025349335, "log10_min_child_weight": 0.5165400637258366, "log10_subsample": -0.20470618064499668, "max_depth": 4.0, "num_boost_round": 0.0}, "datetime": {"datetime": "2024-01-19 00:54:11", "elapsed": 2559.23512, "delta": 58.428441}}
{"target": -17.67720766308814, "params": {"gamma": 716.5197190178793, "log10_alpha": -2.0096915947123484, "log10_colsample_bytree": -0.32638195586473595, "log10_eta": -3.3716109930748615, "log10_lambda": 0.39860306025349335, "log10_min_child_weight": 0.5165400637258366, "log10_subsample": -0.20470618064499668, "max_depth": 4.0, "num_boost_round": 1.0}, "datetime": {"datetime": "2024-01-19 00:54:11", "elapsed": 2559.239708, "delta": 0.004588}}
{"target": -17.677188833533332, "params": {"gamma": 716.5197190178793, "log10_alpha": -2.0096915947123484, "log10_colsample_bytree": -0.32638195586473595, "log10_eta": -3.3716109930748615, "log10_lambda": 0.39860306025349335, "log10_min_child_weight": 0.5165400637258366, "log10_subsample": -0.20470618064499668, "max_depth": 4.0, "num_boost_round": 2.0}, "datetime": {"datetime": "2024-01-19 00:54:11", "elapsed": 2559.243439, "delta": 0.003731}}
{"target": -17.677185213492734, "params": {"gamma": 716.5197190178793, "log10_alpha": -2.0096915947123484, "log10_colsample_bytree": -0.32638195586473595, "log10_eta": -3.3716109930748615, "log10_lambda": 0.39860306025349335, "log10_min_child_weight": 0.5165400637258366, "log10_subsample": -0.20470618064499668, "max_depth": 4.0, "num_boost_round": 3.0}, "datetime": {"datetime": "2024-01-19 00:54:11", "elapsed": 2559.246911, "delta": 0.003472}}
{"target": -17.67715839589805, "params": {"gamma": 716.5197190178793, "log10_alpha": -2.0096915947123484, "log10_colsample_bytree": -0.32638195586473595, "log10_eta": -3.3716109930748615, "log10_lambda": 0.39860306025349335, "log10_min_child_weight": 0.5165400637258366, "log10_subsample": -0.20470618064499668, "max_depth": 4.0, "num_boost_round": 4.0}, "datetime": {"datetime": "2024-01-19 00:54:11", "elapsed": 2559.250395, "delta": 0.003484}}
{"target": -17.677135707333274, "params": {"gamma": 716.5197190178793, "log10_alpha": -2.0096915947123484, "log10_colsample_bytree": -0.32638195586473595, "log10_eta": -3.3716109930748615, "log10_lambda": 0.39860306025349335, "log10_min_child_weight": 0.5165400637258366, "log10_subsample": -0.20470618064499668, "max_depth": 4.0, "num_boost_round": 5.0}, "datetime": {"datetime": "2024-01-19 00:54:11", "elapsed": 2559.253796, "delta": 0.003401}}
{"target": -17.677121240307272, "params": {"gamma": 716.5197190178793, "log10_alpha": -2.0096915947123484, "log10_colsample_bytree": -0.32638195586473595, "log10_eta": -3.3716109930748615, "log10_lambda": 0.39860306025349335, "log10_min_child_weight": 0.5165400637258366, "log10_subsample": -0.20470618064499668, "max_depth": 4.0, "num_boost_round": 6.0}, "datetime": {"datetime": "2024-01-19 00:54:11", "elapsed": 2559.257226, "delta": 0.00343}}
{"target": -17.677099797661498, "params": {"gamma": 716.5197190178793, "log10_alpha": -2.0096915947123484, "log10_colsample_bytree": -0.32638195586473595, "log10_eta": -3.3716109930748615, "log10_lambda": 0.39860306025349335, "log10_min_child_weight": 0.5165400637258366, "log10_subsample": -0.20470618064499668, "max_depth": 4.0, "num_boost_round": 7.0}, "datetime": {"datetime": "2024-01-19 00:54:11", "elapsed": 2559.260685, "delta": 0.003459}}
{"target": -17.677086902142136, "params": {"gamma": 716.5197190178793, "log10_alpha": -2.0096915947123484, "log10_colsample_bytree": -0.32638195586473595, "log10_eta": -3.3716109930748615, "log10_lambda": 0.39860306025349335, "log10_min_child_weight": 0.5165400637258366, "log10_subsample": -0.20470618064499668, "max_depth": 4.0, "num_boost_round": 8.0}, "datetime": {"datetime": "2024-01-19 00:54:11", "elapsed": 2559.264065, "delta": 0.00338}}
{"target": -17.677087900037385, "params": {"gamma": 716.5197190178793, "log10_alpha": -2.0096915947123484, "log10_colsample_bytree": -0.32638195586473595, "log10_eta": -3.3716109930748615, "log10_lambda": 0.39860306025349335, "log10_min_child_weight": 0.5165400637258366, "log10_subsample": -0.20470618064499668, "max_depth": 4.0, "num_boost_round": 9.0}, "datetime": {"datetime": "2024-01-19 00:54:11", "elapsed": 2559.267514, "delta": 0.003449}}
