{"target": -13.760111138618344, "params": {"gamma": 420.1628792543027, "log10_alpha": -1.1391022468330911, "log10_colsample_bytree": -0.677748884152672, "log10_eta": -1.535218721286078, "log10_lambda": -4.229999604523828, "log10_min_child_weight": 4.376574167952528, "log10_subsample": -0.21209015958489397, "max_depth": 2.0, "num_boost_round": 34.0}, "datetime": {"datetime": "2024-01-19 00:14:29", "elapsed": 172.710814, "delta": 0.000662}}
{"target": -13.7601954151609, "params": {"gamma": 420.1628792543027, "log10_alpha": -1.1391022468330911, "log10_colsample_bytree": -0.677748884152672, "log10_eta": -1.535218721286078, "log10_lambda": -4.229999604523828, "log10_min_child_weight": 4.376574167952528, "log10_subsample": -0.21209015958489397, "max_depth": 2.0, "num_boost_round": 35.0}, "datetime": {"datetime": "2024-01-19 00:14:29", "elapsed": 172.711401, "delta": 0.000587}}
{"target": -13.760215291267588, "params": {"gamma": 420.1628792543027, "log10_alpha": -1.1391022468330911, "log10_colsample_bytree": -0.677748884152672, "log10_eta": -1.535218721286078, "log10_lambda": -4.229999604523828, "log10_min_child_weight": 4.376574167952528, "log10_subsample": -0.21209015958489397, "max_depth": 2.0, "num_boost_round": 36.0}, "datetime": {"datetime": "2024-01-19 00:14:29", "elapsed": 172.712052, "delta": 0.000651}}
{"target": -13.760359798470173, "params": {"gamma": 420.1628792543027, "log10_alpha": -1.1391022468330911, "log10_colsample_bytree": -0.677748884152672, "log10_eta": -1.535218721286078, "log10_lambda": -4.229999604523828, "log10_min_child_weight": 4.376574167952528, "log10_subsample": -0.21209015958489397, "max_depth": 2.0, "num_boost_round": 37.0}, "datetime": {"datetime": "2024-01-19 00:14:29", "elapsed": 172.71271, "delta": 0.000658}}
{"target": -13.760303068404243, "params": {"gamma": 420.1628792543027, "log10_alpha": -1.1391022468330911, "log10_colsample_bytree": -0.677748884152672, "log10_eta": -1.535218721286078, "log10_lambda": -4.229999604523828, "log10_min_child_weight": 4.376574167952528, "log10_subsample": -0.21209015958489397, "max_depth": 2.0, "num_boost_round": 38.0}, "datetime": {"datetime": "2024-01-19 00:14:29", "elapsed": 172.71336, "delta": 0.00065}}
{"target": -13.76036838826617, "params": {"gamma": 420.1628792543027, "log10_alpha": -1.1391022468330911, "log10_colsample_bytree": -0.677748884152672, "log10_eta": -1.535218721286078, "log10_lambda": -4.229999604523828, "log10_min_child_weight": 4.376574167952528, "log10_subsample": -0.21209015958489397, "max_depth": 2.0, "num_boost_round": 39.0}, "datetime": {"datetime": "2024-01-19 00:14:29", "elapsed": 172.714019, "delta": 0.000659}}
{"target": -13.760558661865105, "params": {"gamma": 420.1628792543027, "log10_alpha": -1.1391022468330911, "log10_colsample_bytree": -0.677748884152672, "log10_eta": -1.535218721286078, "log10_lambda": -4.229999604523828, "log10_min_child_weight": 4.376574167952528, "log10_subsample": -0.21209015958489397, "max_depth": 2.0, "num_boost_round": 40.0}, "datetime": {"datetime": "2024-01-19 00:14:29", "elapsed": 172.714681, "delta": 0.000662}}
{"target": -13.760507686784736, "params": {"gamma": 420.1628792543027, "log10_alpha": -1.1391022468330911, "log10_colsample_bytree": -0.677748884152672, "log10_eta": -1.535218721286078, "log10_lambda": -4.229999604523828, "log10_min_child_weight": 4.376574167952528, "log10_subsample": -0.21209015958489397, "max_depth": 2.0, "num_boost_round": 41.0}, "datetime": {"datetime": "2024-01-19 00:14:29", "elapsed": 172.715274, "delta": 0.000593}}
{"target": -13.7608488563372, "params": {"gamma": 420.1628792543027, "log10_alpha": -1.1391022468330911, "log10_colsample_bytree": -0.677748884152672, "log10_eta": -1.535218721286078, "log10_lambda": -4.229999604523828, "log10_min_child_weight": 4.376574167952528, "log10_subsample": -0.21209015958489397, "max_depth": 2.0, "num_boost_round": 42.0}, "datetime": {"datetime": "2024-01-19 00:14:29", "elapsed": 172.715932, "delta": 0.000658}}
{"target": -13.760813682171715, "params": {"gamma": 420.1628792543027, "log10_alpha": -1.1391022468330911, "log10_colsample_bytree": -0.677748884152672, "log10_eta": -1.535218721286078, "log10_lambda": -4.229999604523828, "log10_min_child_weight": 4.376574167952528, "log10_subsample": -0.21209015958489397, "max_depth": 2.0, "num_boost_round": 43.0}, "datetime": {"datetime": "2024-01-19 00:14:29", "elapsed": 172.716535, "delta": 0.000603}}
{"target": -13.761129582100969, "params": {"gamma": 420.1628792543027, "log10_alpha": -1.1391022468330911, "log10_colsample_bytree": -0.677748884152672, "log10_eta": -1.535218721286078, "log10_lambda": -4.229999604523828, "log10_min_child_weight": 4.376574167952528, "log10_subsample": -0.21209015958489397, "max_depth": 2.0, "num_boost_round": 44.0}, "datetime": {"datetime": "2024-01-19 00:14:29", "elapsed": 172.717191, "delta": 0.000656}}
{"target": -13.76101810105818, "params": {"gamma": 420.1628792543027, "log10_alpha": -1.1391022468330911, "log10_colsample_bytree": -0.677748884152672, "log10_eta": -1.535218721286078, "log10_lambda": -4.229999604523828, "log10_min_child_weight": 4.376574167952528, "log10_subsample": -0.21209015958489397, "max_depth": 2.0, "num_boost_round": 45.0}, "datetime": {"datetime": "2024-01-19 00:14:29", "elapsed": 172.717821, "delta": 0.00063}}
{"target": -13.760974580387018, "params": {"gamma": 420.1628792543027, "log10_alpha": -1.1391022468330911, "log10_colsample_bytree": -0.677748884152672, "log10_eta": -1.535218721286078, "log10_lambda": -4.229999604523828, "log10_min_child_weight": 4.376574167952528, "log10_subsample": -0.21209015958489397, "max_depth": 2.0, "num_boost_round": 46.0}, "datetime": {"datetime": "2024-01-19 00:14:29", "elapsed": 172.718495, "delta": 0.000674}}
{"target": -13.761122985177922, "params": {"gamma": 420.1628792543027, "log10_alpha": -1.1391022468330911, "log10_colsample_bytree": -0.677748884152672, "log10_eta": -1.535218721286078, "log10_lambda": -4.229999604523828, "log10_min_child_weight": 4.376574167952528, "log10_subsample": -0.21209015958489397, "max_depth": 2.0, "num_boost_round": 47.0}, "datetime": {"datetime": "2024-01-19 00:14:29", "elapsed": 172.719095, "delta": 0.0006}}
{"target": -13.761321335795074, "params": {"gamma": 420.1628792543027, "log10_alpha": -1.1391022468330911, "log10_colsample_bytree": -0.677748884152672, "log10_eta": -1.535218721286078, "log10_lambda": -4.229999604523828, "log10_min_child_weight": 4.376574167952528, "log10_subsample": -0.21209015958489397, "max_depth": 2.0, "num_boost_round": 48.0}, "datetime": {"datetime": "2024-01-19 00:14:29", "elapsed": 172.71978, "delta": 0.000685}}
{"target": -13.761209350902696, "params": {"gamma": 420.1628792543027, "log10_alpha": -1.1391022468330911, "log10_colsample_bytree": -0.677748884152672, "log10_eta": -1.535218721286078, "log10_lambda": -4.229999604523828, "log10_min_child_weight": 4.376574167952528, "log10_subsample": -0.21209015958489397, "max_depth": 2.0, "num_boost_round": 49.0}, "datetime": {"datetime": "2024-01-19 00:14:29", "elapsed": 172.720467, "delta": 0.000687}}
{"target": -13.761762717400599, "params": {"gamma": 420.1628792543027, "log10_alpha": -1.1391022468330911, "log10_colsample_bytree": -0.677748884152672, "log10_eta": -1.535218721286078, "log10_lambda": -4.229999604523828, "log10_min_child_weight": 4.376574167952528, "log10_subsample": -0.21209015958489397, "max_depth": 2.0, "num_boost_round": 50.0}, "datetime": {"datetime": "2024-01-19 00:14:29", "elapsed": 172.721166, "delta": 0.000699}}
{"target": -13.7619725732288, "params": {"gamma": 420.1628792543027, "log10_alpha": -1.1391022468330911, "log10_colsample_bytree": -0.677748884152672, "log10_eta": -1.535218721286078, "log10_lambda": -4.229999604523828, "log10_min_child_weight": 4.376574167952528, "log10_subsample": -0.21209015958489397, "max_depth": 2.0, "num_boost_round": 51.0}, "datetime": {"datetime": "2024-01-19 00:14:29", "elapsed": 172.721776, "delta": 0.00061}}
{"target": -13.762116357371113, "params": {"gamma": 420.1628792543027, "log10_alpha": -1.1391022468330911, "log10_colsample_bytree": -0.677748884152672, "log10_eta": -1.535218721286078, "log10_lambda": -4.229999604523828, "log10_min_child_weight": 4.376574167952528, "log10_subsample": -0.21209015958489397, "max_depth": 2.0, "num_boost_round": 52.0}, "datetime": {"datetime": "2024-01-19 00:14:29", "elapsed": 172.722444, "delta": 0.000668}}
{"target": -13.758533487708744, "params": {"gamma": 419.9670056086394, "log10_alpha": 0.3549680294798474, "log10_colsample_bytree": -0.3310655877481101, "log10_eta": -3.6876779426069692, "log10_lambda": -1.3589030724578084, "log10_min_child_weight": 1.0311310732198815, "log10_subsample": -0.5798773358505751, "max_depth": 7.0, "num_boost_round": 0.0}, "datetime": {"datetime": "2024-01-19 00:15:03", "elapsed": 206.174406, "delta": 33.451962}}
{"target": -13.75852648295473, "params": {"gamma": 419.9670056086394, "log10_alpha": 0.3549680294798474, "log10_colsample_bytree": -0.3310655877481101, "log10_eta": -3.6876779426069692, "log10_lambda": -1.3589030724578084, "log10_min_child_weight": 1.0311310732198815, "log10_subsample": -0.5798773358505751, "max_depth": 7.0, "num_boost_round": 1.0}, "datetime": {"datetime": "2024-01-19 00:15:03", "elapsed": 206.175258, "delta": 0.000852}}
{"target": -13.758525448840174, "params": {"gamma": 419.9670056086394, "log10_alpha": 0.3549680294798474, "log10_colsample_bytree": -0.3310655877481101, "log10_eta": -3.6876779426069692, "log10_lambda": -1.3589030724578084, "log10_min_child_weight": 1.0311310732198815, "log10_subsample": -0.5798773358505751, "max_depth": 7.0, "num_boost_round": 2.0}, "datetime": {"datetime": "2024-01-19 00:15:03", "elapsed": 206.178117, "delta": 0.002859}}
{"target": -13.758512407149457, "params": {"gamma": 419.9670056086394, "log10_alpha": 0.3549680294798474, "log10_colsample_bytree": -0.3310655877481101, "log10_eta": -3.6876779426069692, "log10_lambda": -1.3589030724578084, "log10_min_child_weight": 1.0311310732198815, "log10_subsample": -0.5798773358505751, "max_depth": 7.0, "num_boost_round": 3.0}, "datetime": {"datetime": "2024-01-19 00:15:03", "elapsed": 206.178958, "delta": 0.000841}}
{"target": -13.758492864418319, "params": {"gamma": 419.9670056086394, "log10_alpha": 0.3549680294798474, "log10_colsample_bytree": -0.3310655877481101, "log10_eta": -3.6876779426069692, "log10_lambda": -1.3589030724578084, "log10_min_child_weight": 1.0311310732198815, "log10_subsample": -0.5798773358505751, "max_depth": 7.0, "num_boost_round": 4.0}, "datetime": {"datetime": "2024-01-19 00:15:03", "elapsed": 206.17969, "delta": 0.000732}}
{"target": -13.758486968065757, "params": {"gamma": 419.9670056086394, "log10_alpha": 0.3549680294798474, "log10_colsample_bytree": -0.3310655877481101, "log10_eta": -3.6876779426069692, "log10_lambda": -1.3589030724578084, "log10_min_child_weight": 1.0311310732198815, "log10_subsample": -0.5798773358505751, "max_depth": 7.0, "num_boost_round": 5.0}, "datetime": {"datetime": "2024-01-19 00:15:03", "elapsed": 206.180483, "delta": 0.000793}}
{"target": -13.758481140887858, "params": {"gamma": 419.9670056086394, "log10_alpha": 0.3549680294798474, "log10_colsample_bytree": -0.3310655877481101, "log10_eta": -3.6876779426069692, "log10_lambda": -1.3589030724578084, "log10_min_child_weight": 1.0311310732198815, "log10_subsample": -0.5798773358505751, "max_depth": 7.0, "num_boost_round": 6.0}, "datetime": {"datetime": "2024-01-19 00:15:03", "elapsed": 206.18119, "delta": 0.000707}}
{"target": -13.758481923826347, "params": {"gamma": 419.9670056086394, "log10_alpha": 0.3549680294798474, "log10_colsample_bytree": -0.3310655877481101, "log10_eta": -3.6876779426069692, "log10_lambda": -1.3589030724578084, "log10_min_child_weight": 1.0311310732198815, "log10_subsample": -0.5798773358505751, "max_depth": 7.0, "num_boost_round": 7.0}, "datetime": {"datetime": "2024-01-19 00:15:03", "elapsed": 206.181903, "delta": 0.000713}}
{"target": -13.75847976795586, "params": {"gamma": 419.9670056086394, "log10_alpha": 0.3549680294798474, "log10_colsample_bytree": -0.3310655877481101, "log10_eta": -3.6876779426069692, "log10_lambda": -1.3589030724578084, "log10_min_child_weight": 1.0311310732198815, "log10_subsample": -0.5798773358505751, "max_depth": 7.0, "num_boost_round": 8.0}, "datetime": {"datetime": "2024-01-19 00:15:03", "elapsed": 206.18262, "delta": 0.000717}}
{"target": -13.758481546995093, "params": {"gamma": 419.9670056086394, "log10_alpha": 0.3549680294798474, "log10_colsample_bytree": -0.3310655877481101, "log10_eta": -3.6876779426069692, "log10_lambda": -1.3589030724578084, "log10_min_child_weight": 1.0311310732198815, "log10_subsample": -0.5798773358505751, "max_depth": 7.0, "num_boost_round": 9.0}, "datetime": {"datetime": "2024-01-19 00:15:03", "elapsed": 206.183325, "delta": 0.000705}}
{"target": -13.758466945484967, "params": {"gamma": 419.9670056086394, "log10_alpha": 0.3549680294798474, "log10_colsample_bytree": -0.3310655877481101, "log10_eta": -3.6876779426069692, "log10_lambda": -1.3589030724578084, "log10_min_child_weight": 1.0311310732198815, "log10_subsample": -0.5798773358505751, "max_depth": 7.0, "num_boost_round": 10.0}, "datetime": {"datetime": "2024-01-19 00:15:03", "elapsed": 206.18407, "delta": 0.000745}}
{"target": -13.758462247333117, "params": {"gamma": 419.9670056086394, "log10_alpha": 0.3549680294798474, "log10_colsample_bytree": -0.3310655877481101, "log10_eta": -3.6876779426069692, "log10_lambda": -1.3589030724578084, "log10_min_child_weight": 1.0311310732198815, "log10_subsample": -0.5798773358505751, "max_depth": 7.0, "num_boost_round": 11.0}, "datetime": {"datetime": "2024-01-19 00:15:03", "elapsed": 206.184784, "delta": 0.000714}}
{"target": -13.758464814011738, "params": {"gamma": 419.9670056086394, "log10_alpha": 0.3549680294798474, "log10_colsample_bytree": -0.3310655877481101, "log10_eta": -3.6876779426069692, "log10_lambda": -1.3589030724578084, "log10_min_child_weight": 1.0311310732198815, "log10_subsample": -0.5798773358505751, "max_depth": 7.0, "num_boost_round": 12.0}, "datetime": {"datetime": "2024-01-19 00:15:03", "elapsed": 206.185502, "delta": 0.000718}}
{"target": -13.75847208605765, "params": {"gamma": 419.9670056086394, "log10_alpha": 0.3549680294798474, "log10_colsample_bytree": -0.3310655877481101, "log10_eta": -3.6876779426069692, "log10_lambda": -1.3589030724578084, "log10_min_child_weight": 1.0311310732198815, "log10_subsample": -0.5798773358505751, "max_depth": 7.0, "num_boost_round": 13.0}, "datetime": {"datetime": "2024-01-19 00:15:03", "elapsed": 206.186223, "delta": 0.000721}}
{"target": -13.758472803432294, "params": {"gamma": 419.9670056086394, "log10_alpha": 0.3549680294798474, "log10_colsample_bytree": -0.3310655877481101, "log10_eta": -3.6876779426069692, "log10_lambda": -1.3589030724578084, "log10_min_child_weight": 1.0311310732198815, "log10_subsample": -0.5798773358505751, "max_depth": 7.0, "num_boost_round": 14.0}, "datetime": {"datetime": "2024-01-19 00:15:03", "elapsed": 206.18694, "delta": 0.000717}}
{"target": -13.758474895606973, "params": {"gamma": 419.9670056086394, "log10_alpha": 0.3549680294798474, "log10_colsample_bytree": -0.3310655877481101, "log10_eta": -3.6876779426069692, "log10_lambda": -1.3589030724578084, "log10_min_child_weight": 1.0311310732198815, "log10_subsample": -0.5798773358505751, "max_depth": 7.0, "num_boost_round": 15.0}, "datetime": {"datetime": "2024-01-19 00:15:03", "elapsed": 206.187679, "delta": 0.000739}}
{"target": -13.758470772289838, "params": {"gamma": 419.9670056086394, "log10_alpha": 0.3549680294798474, "log10_colsample_bytree": -0.3310655877481101, "log10_eta": -3.6876779426069692, "log10_lambda": -1.3589030724578084, "log10_min_child_weight": 1.0311310732198815, "log10_subsample": -0.5798773358505751, "max_depth": 7.0, "num_boost_round": 16.0}, "datetime": {"datetime": "2024-01-19 00:15:03", "elapsed": 206.188611, "delta": 0.000932}}
{"target": -13.75847299270193, "params": {"gamma": 419.9670056086394, "log10_alpha": 0.3549680294798474, "log10_colsample_bytree": -0.3310655877481101, "log10_eta": -3.6876779426069692, "log10_lambda": -1.3589030724578084, "log10_min_child_weight": 1.0311310732198815, "log10_subsample": -0.5798773358505751, "max_depth": 7.0, "num_boost_round": 17.0}, "datetime": {"datetime": "2024-01-19 00:15:03", "elapsed": 206.189457, "delta": 0.000846}}
{"target": -13.758467602046018, "params": {"gamma": 419.9670056086394, "log10_alpha": 0.3549680294798474, "log10_colsample_bytree": -0.3310655877481101, "log10_eta": -3.6876779426069692, "log10_lambda": -1.3589030724578084, "log10_min_child_weight": 1.0311310732198815, "log10_subsample": -0.5798773358505751, "max_depth": 7.0, "num_boost_round": 18.0}, "datetime": {"datetime": "2024-01-19 00:15:03", "elapsed": 206.190285, "delta": 0.000828}}
{"target": -13.758459930327897, "params": {"gamma": 419.9670056086394, "log10_alpha": 0.3549680294798474, "log10_colsample_bytree": -0.3310655877481101, "log10_eta": -3.6876779426069692, "log10_lambda": -1.3589030724578084, "log10_min_child_weight": 1.0311310732198815, "log10_subsample": -0.5798773358505751, "max_depth": 7.0, "num_boost_round": 19.0}, "datetime": {"datetime": "2024-01-19 00:15:03", "elapsed": 206.191172, "delta": 0.000887}}
{"target": -13.758457401487224, "params": {"gamma": 419.9670056086394, "log10_alpha": 0.3549680294798474, "log10_colsample_bytree": -0.3310655877481101, "log10_eta": -3.6876779426069692, "log10_lambda": -1.3589030724578084, "log10_min_child_weight": 1.0311310732198815, "log10_subsample": -0.5798773358505751, "max_depth": 7.0, "num_boost_round": 20.0}, "datetime": {"datetime": "2024-01-19 00:15:03", "elapsed": 206.191905, "delta": 0.000733}}
{"target": -13.758457262781029, "params": {"gamma": 419.9670056086394, "log10_alpha": 0.3549680294798474, "log10_colsample_bytree": -0.3310655877481101, "log10_eta": -3.6876779426069692, "log10_lambda": -1.3589030724578084, "log10_min_child_weight": 1.0311310732198815, "log10_subsample": -0.5798773358505751, "max_depth": 7.0, "num_boost_round": 21.0}, "datetime": {"datetime": "2024-01-19 00:15:03", "elapsed": 206.192631, "delta": 0.000726}}
{"target": -13.758451607543389, "params": {"gamma": 419.9670056086394, "log10_alpha": 0.3549680294798474, "log10_colsample_bytree": -0.3310655877481101, "log10_eta": -3.6876779426069692, "log10_lambda": -1.3589030724578084, "log10_min_child_weight": 1.0311310732198815, "log10_subsample": -0.5798773358505751, "max_depth": 7.0, "num_boost_round": 22.0}, "datetime": {"datetime": "2024-01-19 00:15:03", "elapsed": 206.193378, "delta": 0.000747}}
{"target": -13.758446867476312, "params": {"gamma": 419.9670056086394, "log10_alpha": 0.3549680294798474, "log10_colsample_bytree": -0.3310655877481101, "log10_eta": -3.6876779426069692, "log10_lambda": -1.3589030724578084, "log10_min_child_weight": 1.0311310732198815, "log10_subsample": -0.5798773358505751, "max_depth": 7.0, "num_boost_round": 23.0}, "datetime": {"datetime": "2024-01-19 00:15:03", "elapsed": 206.19414, "delta": 0.000762}}
{"target": -13.758452276198717, "params": {"gamma": 419.9670056086394, "log10_alpha": 0.3549680294798474, "log10_colsample_bytree": -0.3310655877481101, "log10_eta": -3.6876779426069692, "log10_lambda": -1.3589030724578084, "log10_min_child_weight": 1.0311310732198815, "log10_subsample": -0.5798773358505751, "max_depth": 7.0, "num_boost_round": 24.0}, "datetime": {"datetime": "2024-01-19 00:15:03", "elapsed": 206.194892, "delta": 0.000752}}
{"target": -13.7584458338197, "params": {"gamma": 419.9670056086394, "log10_alpha": 0.3549680294798474, "log10_colsample_bytree": -0.3310655877481101, "log10_eta": -3.6876779426069692, "log10_lambda": -1.3589030724578084, "log10_min_child_weight": 1.0311310732198815, "log10_subsample": -0.5798773358505751, "max_depth": 7.0, "num_boost_round": 25.0}, "datetime": {"datetime": "2024-01-19 00:15:03", "elapsed": 206.195649, "delta": 0.000757}}
{"target": -13.758424499521839, "params": {"gamma": 419.9670056086394, "log10_alpha": 0.3549680294798474, "log10_colsample_bytree": -0.3310655877481101, "log10_eta": -3.6876779426069692, "log10_lambda": -1.3589030724578084, "log10_min_child_weight": 1.0311310732198815, "log10_subsample": -0.5798773358505751, "max_depth": 7.0, "num_boost_round": 26.0}, "datetime": {"datetime": "2024-01-19 00:15:03", "elapsed": 206.196396, "delta": 0.000747}}
{"target": -13.758417436945368, "params": {"gamma": 419.9670056086394, "log10_alpha": 0.3549680294798474, "log10_colsample_bytree": -0.3310655877481101, "log10_eta": -3.6876779426069692, "log10_lambda": -1.3589030724578084, "log10_min_child_weight": 1.0311310732198815, "log10_subsample": -0.5798773358505751, "max_depth": 7.0, "num_boost_round": 27.0}, "datetime": {"datetime": "2024-01-19 00:15:03", "elapsed": 206.19715, "delta": 0.000754}}
{"target": -13.75839564513875, "params": {"gamma": 419.9670056086394, "log10_alpha": 0.3549680294798474, "log10_colsample_bytree": -0.3310655877481101, "log10_eta": -3.6876779426069692, "log10_lambda": -1.3589030724578084, "log10_min_child_weight": 1.0311310732198815, "log10_subsample": -0.5798773358505751, "max_depth": 7.0, "num_boost_round": 28.0}, "datetime": {"datetime": "2024-01-19 00:15:03", "elapsed": 206.197903, "delta": 0.000753}}
{"target": -13.758376689126775, "params": {"gamma": 419.9670056086394, "log10_alpha": 0.3549680294798474, "log10_colsample_bytree": -0.3310655877481101, "log10_eta": -3.6876779426069692, "log10_lambda": -1.3589030724578084, "log10_min_child_weight": 1.0311310732198815, "log10_subsample": -0.5798773358505751, "max_depth": 7.0, "num_boost_round": 29.0}, "datetime": {"datetime": "2024-01-19 00:15:03", "elapsed": 206.198661, "delta": 0.000758}}
