{"target": -17.6769719209844, "params": {"gamma": 622.6225443838518, "log10_alpha": -3.640118058885096, "log10_colsample_bytree": -0.0012019690927747018, "log10_eta": -2.3822820773538784, "log10_lambda": -4.682465305269817, "log10_min_child_weight": 4.993772364449746, "log10_subsample": -0.31136012338108443, "max_depth": 4.0, "num_boost_round": 13.0}, "datetime": {"datetime": "2024-01-19 01:00:20", "elapsed": 2918.331156, "delta": 0.003157}}
{"target": -17.67696462674899, "params": {"gamma": 622.6225443838518, "log10_alpha": -3.640118058885096, "log10_colsample_bytree": -0.0012019690927747018, "log10_eta": -2.3822820773538784, "log10_lambda": -4.682465305269817, "log10_min_child_weight": 4.993772364449746, "log10_subsample": -0.31136012338108443, "max_depth": 4.0, "num_boost_round": 14.0}, "datetime": {"datetime": "2024-01-19 01:00:20", "elapsed": 2918.334331, "delta": 0.003175}}
{"target": -17.676957404294456, "params": {"gamma": 622.6225443838518, "log10_alpha": -3.640118058885096, "log10_colsample_bytree": -0.0012019690927747018, "log10_eta": -2.3822820773538784, "log10_lambda": -4.682465305269817, "log10_min_child_weight": 4.993772364449746, "log10_subsample": -0.31136012338108443, "max_depth": 4.0, "num_boost_round": 15.0}, "datetime": {"datetime": "2024-01-19 01:00:20", "elapsed": 2918.338115, "delta": 0.003784}}
{"target": -17.676948484149424, "params": {"gamma": 622.6225443838518, "log10_alpha": -3.640118058885096, "log10_colsample_bytree": -0.0012019690927747018, "log10_eta": -2.3822820773538784, "log10_lambda": -4.682465305269817, "log10_min_child_weight": 4.993772364449746, "log10_subsample": -0.31136012338108443, "max_depth": 4.0, "num_boost_round": 16.0}, "datetime": {"datetime": "2024-01-19 01:00:20", "elapsed": 2918.341753, "delta": 0.003638}}
{"target": -17.676932580348282, "params": {"gamma": 622.6225443838518, "log10_alpha": -3.640118058885096, "log10_colsample_bytree": -0.0012019690927747018, "log10_eta": -2.3822820773538784, "log10_lambda": -4.682465305269817, "log10_min_child_weight": 4.993772364449746, "log10_subsample": -0.31136012338108443, "max_depth": 4.0, "num_boost_round": 17.0}, "datetime": {"datetime": "2024-01-19 01:00:21", "elapsed": 2918.344853, "delta": 0.0031}}
{"target": -17.676919330557677, "params": {"gamma": 622.6225443838518, "log10_alpha": -3.640118058885096, "log10_colsample_bytree": -0.0012019690927747018, "log10_eta": -2.3822820773538784, "log10_lambda": -4.682465305269817, "log10_min_child_weight": 4.993772364449746, "log10_subsample": -0.31136012338108443, "max_depth": 4.0, "num_boost_round": 18.0}, "datetime": {"datetime": "2024-01-19 01:00:21", "elapsed": 2918.347965, "delta": 0.003112}}
{"target": -17.676916705751744, "params": {"gamma": 622.6225443838518, "log10_alpha": -3.640118058885096, "log10_colsample_bytree": -0.0012019690927747018, "log10_eta": -2.3822820773538784, "log10_lambda": -4.682465305269817, "log10_min_child_weight": 4.993772364449746, "log10_subsample": -0.31136012338108443, "max_depth": 4.0, "num_boost_round": 19.0}, "datetime": {"datetime": "2024-01-19 01:00:21", "elapsed": 2918.351242, "delta": 0.003277}}
{"target": -17.676914780292332, "params": {"gamma": 622.6225443838518, "log10_alpha": -3.640118058885096, "log10_colsample_bytree": -0.0012019690927747018, "log10_eta": -2.3822820773538784, "log10_lambda": -4.682465305269817, "log10_min_child_weight": 4.993772364449746, "log10_subsample": -0.31136012338108443, "max_depth": 4.0, "num_boost_round": 20.0}, "datetime": {"datetime": "2024-01-19 01:00:21", "elapsed": 2918.354295, "delta": 0.003053}}
{"target": -17.676902705334314, "params": {"gamma": 622.6225443838518, "log10_alpha": -3.640118058885096, "log10_colsample_bytree": -0.0012019690927747018, "log10_eta": -2.3822820773538784, "log10_lambda": -4.682465305269817, "log10_min_child_weight": 4.993772364449746, "log10_subsample": -0.31136012338108443, "max_depth": 4.0, "num_boost_round": 21.0}, "datetime": {"datetime": "2024-01-19 01:00:21", "elapsed": 2918.357368, "delta": 0.003073}}
{"target": -17.677194160982758, "params": {"gamma": 627.2197037785385, "log10_alpha": 0.34958058161517336, "log10_colsample_bytree": -0.5480809562713114, "log10_eta": -2.0285711533816495, "log10_lambda": -4.296535311465637, "log10_min_child_weight": 4.925060891932867, "log10_subsample": -0.2939200992858323, "max_depth": 9.0, "num_boost_round": 0.0}, "datetime": {"datetime": "2024-01-19 01:01:02", "elapsed": 2959.908405, "delta": 41.551037}}
{"target": -17.67719463337853, "params": {"gamma": 627.2197037785385, "log10_alpha": 0.34958058161517336, "log10_colsample_bytree": -0.5480809562713114, "log10_eta": -2.0285711533816495, "log10_lambda": -4.296535311465637, "log10_min_child_weight": 4.925060891932867, "log10_subsample": -0.2939200992858323, "max_depth": 9.0, "num_boost_round": 1.0}, "datetime": {"datetime": "2024-01-19 01:01:02", "elapsed": 2959.91187, "delta": 0.003465}}
{"target": -17.67720868193563, "params": {"gamma": 627.2197037785385, "log10_alpha": 0.34958058161517336, "log10_colsample_bytree": -0.5480809562713114, "log10_eta": -2.0285711533816495, "log10_lambda": -4.296535311465637, "log10_min_child_weight": 4.925060891932867, "log10_subsample": -0.2939200992858323, "max_depth": 9.0, "num_boost_round": 2.0}, "datetime": {"datetime": "2024-01-19 01:01:02", "elapsed": 2959.915008, "delta": 0.003138}}
{"target": -17.67713231636283, "params": {"gamma": 627.2197037785385, "log10_alpha": 0.34958058161517336, "log10_colsample_bytree": -0.5480809562713114, "log10_eta": -2.0285711533816495, "log10_lambda": -4.296535311465637, "log10_min_child_weight": 4.925060891932867, "log10_subsample": -0.2939200992858323, "max_depth": 9.0, "num_boost_round": 3.0}, "datetime": {"datetime": "2024-01-19 01:01:02", "elapsed": 2959.918037, "delta": 0.003029}}
{"target": -17.677134514278688, "params": {"gamma": 627.2197037785385, "log10_alpha": 0.34958058161517336, "log10_colsample_bytree": -0.5480809562713114, "log10_eta": -2.0285711533816495, "log10_lambda": -4.296535311465637, "log10_min_child_weight": 4.925060891932867, "log10_subsample": -0.2939200992858323, "max_depth": 9.0, "num_boost_round": 4.0}, "datetime": {"datetime": "2024-01-19 01:01:02", "elapsed": 2959.921121, "delta": 0.003084}}
{"target": -17.67711232443253, "params": {"gamma": 627.2197037785385, "log10_alpha": 0.34958058161517336, "log10_colsample_bytree": -0.5480809562713114, "log10_eta": -2.0285711533816495, "log10_lambda": -4.296535311465637, "log10_min_child_weight": 4.925060891932867, "log10_subsample": -0.2939200992858323, "max_depth": 9.0, "num_boost_round": 5.0}, "datetime": {"datetime": "2024-01-19 01:01:02", "elapsed": 2959.924156, "delta": 0.003035}}
{"target": -17.677089738258175, "params": {"gamma": 627.2197037785385, "log10_alpha": 0.34958058161517336, "log10_colsample_bytree": -0.5480809562713114, "log10_eta": -2.0285711533816495, "log10_lambda": -4.296535311465637, "log10_min_child_weight": 4.925060891932867, "log10_subsample": -0.2939200992858323, "max_depth": 9.0, "num_boost_round": 6.0}, "datetime": {"datetime": "2024-01-19 01:01:02", "elapsed": 2959.927272, "delta": 0.003116}}
{"target": -17.67713276408948, "params": {"gamma": 627.2197037785385, "log10_alpha": 0.34958058161517336, "log10_colsample_bytree": -0.5480809562713114, "log10_eta": -2.0285711533816495, "log10_lambda": -4.296535311465637, "log10_min_child_weight": 4.925060891932867, "log10_subsample": -0.2939200992858323, "max_depth": 9.0, "num_boost_round": 7.0}, "datetime": {"datetime": "2024-01-19 01:01:02", "elapsed": 2959.930621, "delta": 0.003349}}
{"target": -17.67701737491877, "params": {"gamma": 627.2197037785385, "log10_alpha": 0.34958058161517336, "log10_colsample_bytree": -0.5480809562713114, "log10_eta": -2.0285711533816495, "log10_lambda": -4.296535311465637, "log10_min_child_weight": 4.925060891932867, "log10_subsample": -0.2939200992858323, "max_depth": 9.0, "num_boost_round": 8.0}, "datetime": {"datetime": "2024-01-19 01:01:02", "elapsed": 2959.933754, "delta": 0.003133}}
{"target": -17.676934349047784, "params": {"gamma": 627.2197037785385, "log10_alpha": 0.34958058161517336, "log10_colsample_bytree": -0.5480809562713114, "log10_eta": -2.0285711533816495, "log10_lambda": -4.296535311465637, "log10_min_child_weight": 4.925060891932867, "log10_subsample": -0.2939200992858323, "max_depth": 9.0, "num_boost_round": 9.0}, "datetime": {"datetime": "2024-01-19 01:01:02", "elapsed": 2959.936881, "delta": 0.003127}}
{"target": -17.67686904218569, "params": {"gamma": 627.2197037785385, "log10_alpha": 0.34958058161517336, "log10_colsample_bytree": -0.5480809562713114, "log10_eta": -2.0285711533816495, "log10_lambda": -4.296535311465637, "log10_min_child_weight": 4.925060891932867, "log10_subsample": -0.2939200992858323, "max_depth": 9.0, "num_boost_round": 10.0}, "datetime": {"datetime": "2024-01-19 01:01:02", "elapsed": 2959.939983, "delta": 0.003102}}
{"target": -17.676766212109158, "params": {"gamma": 627.2197037785385, "log10_alpha": 0.34958058161517336, "log10_colsample_bytree": -0.5480809562713114, "log10_eta": -2.0285711533816495, "log10_lambda": -4.296535311465637, "log10_min_child_weight": 4.925060891932867, "log10_subsample": -0.2939200992858323, "max_depth": 9.0, "num_boost_round": 11.0}, "datetime": {"datetime": "2024-01-19 01:01:02", "elapsed": 2959.943015, "delta": 0.003032}}
{"target": -17.67666746767289, "params": {"gamma": 627.2197037785385, "log10_alpha": 0.34958058161517336, "log10_colsample_bytree": -0.5480809562713114, "log10_eta": -2.0285711533816495, "log10_lambda": -4.296535311465637, "log10_min_child_weight": 4.925060891932867, "log10_subsample": -0.2939200992858323, "max_depth": 9.0, "num_boost_round": 12.0}, "datetime": {"datetime": "2024-01-19 01:01:02", "elapsed": 2959.946032, "delta": 0.003017}}
{"target": -17.67668782711683, "params": {"gamma": 627.2197037785385, "log10_alpha": 0.34958058161517336, "log10_colsample_bytree": -0.5480809562713114, "log10_eta": -2.0285711533816495, "log10_lambda": -4.296535311465637, "log10_min_child_weight": 4.925060891932867, "log10_subsample": -0.2939200992858323, "max_depth": 9.0, "num_boost_round": 13.0}, "datetime": {"datetime": "2024-01-19 01:01:02", "elapsed": 2959.949034, "delta": 0.003002}}
{"target": -17.676694990228455, "params": {"gamma": 627.2197037785385, "log10_alpha": 0.34958058161517336, "log10_colsample_bytree": -0.5480809562713114, "log10_eta": -2.0285711533816495, "log10_lambda": -4.296535311465637, "log10_min_child_weight": 4.925060891932867, "log10_subsample": -0.2939200992858323, "max_depth": 9.0, "num_boost_round": 14.0}, "datetime": {"datetime": "2024-01-19 01:01:02", "elapsed": 2959.952212, "delta": 0.003178}}
{"target": -17.676600908970602, "params": {"gamma": 627.2197037785385, "log10_alpha": 0.34958058161517336, "log10_colsample_bytree": -0.5480809562713114, "log10_eta": -2.0285711533816495, "log10_lambda": -4.296535311465637, "log10_min_child_weight": 4.925060891932867, "log10_subsample": -0.2939200992858323, "max_depth": 9.0, "num_boost_round": 15.0}, "datetime": {"datetime": "2024-01-19 01:01:02", "elapsed": 2959.955238, "delta": 0.003026}}
{"target": -17.676462466438323, "params": {"gamma": 627.2197037785385, "log10_alpha": 0.34958058161517336, "log10_colsample_bytree": -0.5480809562713114, "log10_eta": -2.0285711533816495, "log10_lambda": -4.296535311465637, "log10_min_child_weight": 4.925060891932867, "log10_subsample": -0.2939200992858323, "max_depth": 9.0, "num_boost_round": 16.0}, "datetime": {"datetime": "2024-01-19 01:01:02", "elapsed": 2959.958278, "delta": 0.00304}}
{"target": -17.676463606814902, "params": {"gamma": 627.2197037785385, "log10_alpha": 0.34958058161517336, "log10_colsample_bytree": -0.5480809562713114, "log10_eta": -2.0285711533816495, "log10_lambda": -4.296535311465637, "log10_min_child_weight": 4.925060891932867, "log10_subsample": -0.2939200992858323, "max_depth": 9.0, "num_boost_round": 17.0}, "datetime": {"datetime": "2024-01-19 01:01:02", "elapsed": 2959.961374, "delta": 0.003096}}
{"target": -17.677040331758963, "params": {"gamma": 630.9400085776496, "log10_alpha": -3.217347452012418, "log10_colsample_bytree": -0.8502640642583078, "log10_eta": -1.5462861245391597, "log10_lambda": -3.9868270150489247, "log10_min_child_weight": 4.16088547531528, "log10_subsample": -0.33597961042515234, "max_depth": 2.0, "num_boost_round": 0.0}, "datetime": {"datetime": "2024-01-19 01:01:44", "elapsed": 3001.935487, "delta": 41.974113}}
{"target": -17.67721890049175, "params": {"gamma": 630.9400085776496, "log10_alpha": -3.217347452012418, "log10_colsample_bytree": -0.8502640642583078, "log10_eta": -1.5462861245391597, "log10_lambda": -3.9868270150489247, "log10_min_child_weight": 4.16088547531528, "log10_subsample": -0.33597961042515234, "max_depth": 2.0, "num_boost_round": 1.0}, "datetime": {"datetime": "2024-01-19 01:01:44", "elapsed": 3001.939337, "delta": 0.00385}}
{"target": -17.67755777504586, "params": {"gamma": 630.9400085776496, "log10_alpha": -3.217347452012418, "log10_colsample_bytree": -0.8502640642583078, "log10_eta": -1.5462861245391597, "log10_lambda": -3.9868270150489247, "log10_min_child_weight": 4.16088547531528, "log10_subsample": -0.33597961042515234, "max_depth": 2.0, "num_boost_round": 2.0}, "datetime": {"datetime": "2024-01-19 01:01:44", "elapsed": 3001.942851, "delta": 0.003514}}
{"target": -17.67775272679426, "params": {"gamma": 630.9400085776496, "log10_alpha": -3.217347452012418, "log10_colsample_bytree": -0.8502640642583078, "log10_eta": -1.5462861245391597, "log10_lambda": -3.9868270150489247, "log10_min_child_weight": 4.16088547531528, "log10_subsample": -0.33597961042515234, "max_depth": 2.0, "num_boost_round": 3.0}, "datetime": {"datetime": "2024-01-19 01:01:44", "elapsed": 3001.94603, "delta": 0.003179}}
{"target": -17.677376839082655, "params": {"gamma": 630.9400085776496, "log10_alpha": -3.217347452012418, "log10_colsample_bytree": -0.8502640642583078, "log10_eta": -1.5462861245391597, "log10_lambda": -3.9868270150489247, "log10_min_child_weight": 4.16088547531528, "log10_subsample": -0.33597961042515234, "max_depth": 2.0, "num_boost_round": 4.0}, "datetime": {"datetime": "2024-01-19 01:01:44", "elapsed": 3001.949205, "delta": 0.003175}}
{"target": -17.677349020885092, "params": {"gamma": 630.9400085776496, "log10_alpha": -3.217347452012418, "log10_colsample_bytree": -0.8502640642583078, "log10_eta": -1.5462861245391597, "log10_lambda": -3.9868270150489247, "log10_min_child_weight": 4.16088547531528, "log10_subsample": -0.33597961042515234, "max_depth": 2.0, "num_boost_round": 5.0}, "datetime": {"datetime": "2024-01-19 01:01:44", "elapsed": 3001.952392, "delta": 0.003187}}
{"target": -17.677580252948072, "params": {"gamma": 630.9400085776496, "log10_alpha": -3.217347452012418, "log10_colsample_bytree": -0.8502640642583078, "log10_eta": -1.5462861245391597, "log10_lambda": -3.9868270150489247, "log10_min_child_weight": 4.16088547531528, "log10_subsample": -0.33597961042515234, "max_depth": 2.0, "num_boost_round": 6.0}, "datetime": {"datetime": "2024-01-19 01:01:44", "elapsed": 3001.955471, "delta": 0.003079}}
{"target": -17.677201336854544, "params": {"gamma": 630.9400085776496, "log10_alpha": -3.217347452012418, "log10_colsample_bytree": -0.8502640642583078, "log10_eta": -1.5462861245391597, "log10_lambda": -3.9868270150489247, "log10_min_child_weight": 4.16088547531528, "log10_subsample": -0.33597961042515234, "max_depth": 2.0, "num_boost_round": 7.0}, "datetime": {"datetime": "2024-01-19 01:01:44", "elapsed": 3001.958571, "delta": 0.0031}}
{"target": -17.677564430445198, "params": {"gamma": 630.9400085776496, "log10_alpha": -3.217347452012418, "log10_colsample_bytree": -0.8502640642583078, "log10_eta": -1.5462861245391597, "log10_lambda": -3.9868270150489247, "log10_min_child_weight": 4.16088547531528, "log10_subsample": -0.33597961042515234, "max_depth": 2.0, "num_boost_round": 8.0}, "datetime": {"datetime": "2024-01-19 01:01:44", "elapsed": 3001.961677, "delta": 0.003106}}
{"target": -17.67776566668985, "params": {"gamma": 630.9400085776496, "log10_alpha": -3.217347452012418, "log10_colsample_bytree": -0.8502640642583078, "log10_eta": -1.5462861245391597, "log10_lambda": -3.9868270150489247, "log10_min_child_weight": 4.16088547531528, "log10_subsample": -0.33597961042515234, "max_depth": 2.0, "num_boost_round": 9.0}, "datetime": {"datetime": "2024-01-19 01:01:44", "elapsed": 3001.964817, "delta": 0.00314}}
{"target": -17.677432942539383, "params": {"gamma": 630.9400085776496, "log10_alpha": -3.217347452012418, "log10_colsample_bytree": -0.8502640642583078, "log10_eta": -1.5462861245391597, "log10_lambda": -3.9868270150489247, "log10_min_child_weight": 4.16088547531528, "log10_subsample": -0.33597961042515234, "max_depth": 2.0, "num_boost_round": 10.0}, "datetime": {"datetime": "2024-01-19 01:01:44", "elapsed": 3001.967926, "delta": 0.003109}}
{"target": -17.677284083459906, "params": {"gamma": 630.9400085776496, "log10_alpha": -3.217347452012418, "log10_colsample_bytree": -0.8502640642583078, "log10_eta": -1.5462861245391597, "log10_lambda": -3.9868270150489247, "log10_min_child_weight": 4.16088547531528, "log10_subsample": -0.33597961042515234, "max_depth": 2.0, "num_boost_round": 11.0}, "datetime": {"datetime": "2024-01-19 01:01:44", "elapsed": 3001.971172, "delta": 0.003246}}
{"target": -17.677715808465997, "params": {"gamma": 630.9400085776496, "log10_alpha": -3.217347452012418, "log10_colsample_bytree": -0.8502640642583078, "log10_eta": -1.5462861245391597, "log10_lambda": -3.9868270150489247, "log10_min_child_weight": 4.16088547531528, "log10_subsample": -0.33597961042515234, "max_depth": 2.0, "num_boost_round": 12.0}, "datetime": {"datetime": "2024-01-19 01:01:44", "elapsed": 3001.974319, "delta": 0.003147}}
{"target": -17.677736350937337, "params": {"gamma": 630.9400085776496, "log10_alpha": -3.217347452012418, "log10_colsample_bytree": -0.8502640642583078, "log10_eta": -1.5462861245391597, "log10_lambda": -3.9868270150489247, "log10_min_child_weight": 4.16088547531528, "log10_subsample": -0.33597961042515234, "max_depth": 2.0, "num_boost_round": 13.0}, "datetime": {"datetime": "2024-01-19 01:01:44", "elapsed": 3001.977425, "delta": 0.003106}}
{"target": -17.677608062689732, "params": {"gamma": 630.9400085776496, "log10_alpha": -3.217347452012418, "log10_colsample_bytree": -0.8502640642583078, "log10_eta": -1.5462861245391597, "log10_lambda": -3.9868270150489247, "log10_min_child_weight": 4.16088547531528, "log10_subsample": -0.33597961042515234, "max_depth": 2.0, "num_boost_round": 14.0}, "datetime": {"datetime": "2024-01-19 01:01:44", "elapsed": 3001.980633, "delta": 0.003208}}
{"target": -17.677537180700323, "params": {"gamma": 630.9400085776496, "log10_alpha": -3.217347452012418, "log10_colsample_bytree": -0.8502640642583078, "log10_eta": -1.5462861245391597, "log10_lambda": -3.9868270150489247, "log10_min_child_weight": 4.16088547531528, "log10_subsample": -0.33597961042515234, "max_depth": 2.0, "num_boost_round": 15.0}, "datetime": {"datetime": "2024-01-19 01:01:44", "elapsed": 3001.983827, "delta": 0.003194}}
{"target": -17.677644883948293, "params": {"gamma": 630.9400085776496, "log10_alpha": -3.217347452012418, "log10_colsample_bytree": -0.8502640642583078, "log10_eta": -1.5462861245391597, "log10_lambda": -3.9868270150489247, "log10_min_child_weight": 4.16088547531528, "log10_subsample": -0.33597961042515234, "max_depth": 2.0, "num_boost_round": 16.0}, "datetime": {"datetime": "2024-01-19 01:01:44", "elapsed": 3001.986919, "delta": 0.003092}}
{"target": -17.677809774449326, "params": {"gamma": 630.9400085776496, "log10_alpha": -3.217347452012418, "log10_colsample_bytree": -0.8502640642583078, "log10_eta": -1.5462861245391597, "log10_lambda": -3.9868270150489247, "log10_min_child_weight": 4.16088547531528, "log10_subsample": -0.33597961042515234, "max_depth": 2.0, "num_boost_round": 17.0}, "datetime": {"datetime": "2024-01-19 01:01:44", "elapsed": 3002.096611, "delta": 0.109692}}
{"target": -17.67769385468526, "params": {"gamma": 630.9400085776496, "log10_alpha": -3.217347452012418, "log10_colsample_bytree": -0.8502640642583078, "log10_eta": -1.5462861245391597, "log10_lambda": -3.9868270150489247, "log10_min_child_weight": 4.16088547531528, "log10_subsample": -0.33597961042515234, "max_depth": 2.0, "num_boost_round": 18.0}, "datetime": {"datetime": "2024-01-19 01:01:44", "elapsed": 3002.100313, "delta": 0.003702}}
{"target": -17.677148295986285, "params": {"gamma": 625.6403425594848, "log10_alpha": -0.3520028158694597, "log10_colsample_bytree": -0.949361933515275, "log10_eta": -2.8356937441556, "log10_lambda": -0.08513259054667799, "log10_min_child_weight": 1.4260361513480029, "log10_subsample": -0.9770971833525323, "max_depth": 4.0, "num_boost_round": 0.0}, "datetime": {"datetime": "2024-01-19 01:02:16", "elapsed": 3034.133875, "delta": 32.033562}}
{"target": -17.677037195750234, "params": {"gamma": 625.6403425594848, "log10_alpha": -0.3520028158694597, "log10_colsample_bytree": -0.949361933515275, "log10_eta": -2.8356937441556, "log10_lambda": -0.08513259054667799, "log10_min_child_weight": 1.4260361513480029, "log10_subsample": -0.9770971833525323, "max_depth": 4.0, "num_boost_round": 1.0}, "datetime": {"datetime": "2024-01-19 01:02:16", "elapsed": 3034.137997, "delta": 0.004122}}
{"target": -17.676965201441167, "params": {"gamma": 625.6403425594848, "log10_alpha": -0.3520028158694597, "log10_colsample_bytree": -0.949361933515275, "log10_eta": -2.8356937441556, "log10_lambda": -0.08513259054667799, "log10_min_child_weight": 1.4260361513480029, "log10_subsample": -0.9770971833525323, "max_depth": 4.0, "num_boost_round": 2.0}, "datetime": {"datetime": "2024-01-19 01:02:16", "elapsed": 3034.14142, "delta": 0.003423}}
