{"target": -13.758469423535242, "params": {"gamma": 717.1979244982945, "log10_alpha": 0.3570100157318201, "log10_colsample_bytree": -0.2054733090192573, "log10_eta": -3.9932058345458876, "log10_lambda": -0.7812538407711802, "log10_min_child_weight": 0.01274146915327623, "log10_subsample": -0.9052024105939595, "max_depth": 9.0, "num_boost_round": 37.0}, "datetime": {"datetime": "2024-01-19 00:39:47", "elapsed": 1686.399949, "delta": 0.001906}}
{"target": -13.758460052491309, "params": {"gamma": 717.1979244982945, "log10_alpha": 0.3570100157318201, "log10_colsample_bytree": -0.2054733090192573, "log10_eta": -3.9932058345458876, "log10_lambda": -0.7812538407711802, "log10_min_child_weight": 0.01274146915327623, "log10_subsample": -0.9052024105939595, "max_depth": 9.0, "num_boost_round": 38.0}, "datetime": {"datetime": "2024-01-19 00:39:47", "elapsed": 1686.401888, "delta": 0.001939}}
{"target": -13.758459121565433, "params": {"gamma": 717.1979244982945, "log10_alpha": 0.3570100157318201, "log10_colsample_bytree": -0.2054733090192573, "log10_eta": -3.9932058345458876, "log10_lambda": -0.7812538407711802, "log10_min_child_weight": 0.01274146915327623, "log10_subsample": -0.9052024105939595, "max_depth": 9.0, "num_boost_round": 39.0}, "datetime": {"datetime": "2024-01-19 00:39:47", "elapsed": 1686.403864, "delta": 0.001976}}
{"target": -13.758456918524285, "params": {"gamma": 717.1979244982945, "log10_alpha": 0.3570100157318201, "log10_colsample_bytree": -0.2054733090192573, "log10_eta": -3.9932058345458876, "log10_lambda": -0.7812538407711802, "log10_min_child_weight": 0.01274146915327623, "log10_subsample": -0.9052024105939595, "max_depth": 9.0, "num_boost_round": 40.0}, "datetime": {"datetime": "2024-01-19 00:39:47", "elapsed": 1686.40575, "delta": 0.001886}}
{"target": -13.75844753734043, "params": {"gamma": 717.1979244982945, "log10_alpha": 0.3570100157318201, "log10_colsample_bytree": -0.2054733090192573, "log10_eta": -3.9932058345458876, "log10_lambda": -0.7812538407711802, "log10_min_child_weight": 0.01274146915327623, "log10_subsample": -0.9052024105939595, "max_depth": 9.0, "num_boost_round": 41.0}, "datetime": {"datetime": "2024-01-19 00:39:47", "elapsed": 1686.407681, "delta": 0.001931}}
{"target": -13.758396795316067, "params": {"gamma": 724.5234999023571, "log10_alpha": -0.3793999047277774, "log10_colsample_bytree": -0.9114919755576079, "log10_eta": -2.643047500637672, "log10_lambda": -4.488362415090425, "log10_min_child_weight": 2.1811245077496726, "log10_subsample": -0.016108953625272093, "max_depth": 9.0, "num_boost_round": 0.0}, "datetime": {"datetime": "2024-01-19 00:40:21", "elapsed": 1720.202751, "delta": 33.79507}}
{"target": -13.758402519081589, "params": {"gamma": 724.5234999023571, "log10_alpha": -0.3793999047277774, "log10_colsample_bytree": -0.9114919755576079, "log10_eta": -2.643047500637672, "log10_lambda": -4.488362415090425, "log10_min_child_weight": 2.1811245077496726, "log10_subsample": -0.016108953625272093, "max_depth": 9.0, "num_boost_round": 1.0}, "datetime": {"datetime": "2024-01-19 00:40:21", "elapsed": 1720.205574, "delta": 0.002823}}
{"target": -13.758372470605515, "params": {"gamma": 724.5234999023571, "log10_alpha": -0.3793999047277774, "log10_colsample_bytree": -0.9114919755576079, "log10_eta": -2.643047500637672, "log10_lambda": -4.488362415090425, "log10_min_child_weight": 2.1811245077496726, "log10_subsample": -0.016108953625272093, "max_depth": 9.0, "num_boost_round": 2.0}, "datetime": {"datetime": "2024-01-19 00:40:21", "elapsed": 1720.207713, "delta": 0.002139}}
{"target": -13.758306033005422, "params": {"gamma": 724.5234999023571, "log10_alpha": -0.3793999047277774, "log10_colsample_bytree": -0.9114919755576079, "log10_eta": -2.643047500637672, "log10_lambda": -4.488362415090425, "log10_min_child_weight": 2.1811245077496726, "log10_subsample": -0.016108953625272093, "max_depth": 9.0, "num_boost_round": 3.0}, "datetime": {"datetime": "2024-01-19 00:40:21", "elapsed": 1720.2097, "delta": 0.001987}}
{"target": -13.758147911242556, "params": {"gamma": 724.5234999023571, "log10_alpha": -0.3793999047277774, "log10_colsample_bytree": -0.9114919755576079, "log10_eta": -2.643047500637672, "log10_lambda": -4.488362415090425, "log10_min_child_weight": 2.1811245077496726, "log10_subsample": -0.016108953625272093, "max_depth": 9.0, "num_boost_round": 4.0}, "datetime": {"datetime": "2024-01-19 00:40:21", "elapsed": 1720.211714, "delta": 0.002014}}
{"target": -13.75813665042674, "params": {"gamma": 724.5234999023571, "log10_alpha": -0.3793999047277774, "log10_colsample_bytree": -0.9114919755576079, "log10_eta": -2.643047500637672, "log10_lambda": -4.488362415090425, "log10_min_child_weight": 2.1811245077496726, "log10_subsample": -0.016108953625272093, "max_depth": 9.0, "num_boost_round": 5.0}, "datetime": {"datetime": "2024-01-19 00:40:21", "elapsed": 1720.213758, "delta": 0.002044}}
{"target": -13.758187252084465, "params": {"gamma": 724.5234999023571, "log10_alpha": -0.3793999047277774, "log10_colsample_bytree": -0.9114919755576079, "log10_eta": -2.643047500637672, "log10_lambda": -4.488362415090425, "log10_min_child_weight": 2.1811245077496726, "log10_subsample": -0.016108953625272093, "max_depth": 9.0, "num_boost_round": 6.0}, "datetime": {"datetime": "2024-01-19 00:40:21", "elapsed": 1720.215729, "delta": 0.001971}}
{"target": -13.758102850575048, "params": {"gamma": 724.5234999023571, "log10_alpha": -0.3793999047277774, "log10_colsample_bytree": -0.9114919755576079, "log10_eta": -2.643047500637672, "log10_lambda": -4.488362415090425, "log10_min_child_weight": 2.1811245077496726, "log10_subsample": -0.016108953625272093, "max_depth": 9.0, "num_boost_round": 7.0}, "datetime": {"datetime": "2024-01-19 00:40:21", "elapsed": 1720.217689, "delta": 0.00196}}
{"target": -13.758118314729245, "params": {"gamma": 724.5234999023571, "log10_alpha": -0.3793999047277774, "log10_colsample_bytree": -0.9114919755576079, "log10_eta": -2.643047500637672, "log10_lambda": -4.488362415090425, "log10_min_child_weight": 2.1811245077496726, "log10_subsample": -0.016108953625272093, "max_depth": 9.0, "num_boost_round": 8.0}, "datetime": {"datetime": "2024-01-19 00:40:21", "elapsed": 1720.219663, "delta": 0.001974}}
{"target": -13.7580915242771, "params": {"gamma": 724.5234999023571, "log10_alpha": -0.3793999047277774, "log10_colsample_bytree": -0.9114919755576079, "log10_eta": -2.643047500637672, "log10_lambda": -4.488362415090425, "log10_min_child_weight": 2.1811245077496726, "log10_subsample": -0.016108953625272093, "max_depth": 9.0, "num_boost_round": 9.0}, "datetime": {"datetime": "2024-01-19 00:40:21", "elapsed": 1720.221585, "delta": 0.001922}}
{"target": -13.75802869203067, "params": {"gamma": 724.5234999023571, "log10_alpha": -0.3793999047277774, "log10_colsample_bytree": -0.9114919755576079, "log10_eta": -2.643047500637672, "log10_lambda": -4.488362415090425, "log10_min_child_weight": 2.1811245077496726, "log10_subsample": -0.016108953625272093, "max_depth": 9.0, "num_boost_round": 10.0}, "datetime": {"datetime": "2024-01-19 00:40:21", "elapsed": 1720.223564, "delta": 0.001979}}
{"target": -13.75798573925369, "params": {"gamma": 724.5234999023571, "log10_alpha": -0.3793999047277774, "log10_colsample_bytree": -0.9114919755576079, "log10_eta": -2.643047500637672, "log10_lambda": -4.488362415090425, "log10_min_child_weight": 2.1811245077496726, "log10_subsample": -0.016108953625272093, "max_depth": 9.0, "num_boost_round": 11.0}, "datetime": {"datetime": "2024-01-19 00:40:21", "elapsed": 1720.225592, "delta": 0.002028}}
{"target": -13.75796640929423, "params": {"gamma": 724.5234999023571, "log10_alpha": -0.3793999047277774, "log10_colsample_bytree": -0.9114919755576079, "log10_eta": -2.643047500637672, "log10_lambda": -4.488362415090425, "log10_min_child_weight": 2.1811245077496726, "log10_subsample": -0.016108953625272093, "max_depth": 9.0, "num_boost_round": 12.0}, "datetime": {"datetime": "2024-01-19 00:40:21", "elapsed": 1720.227581, "delta": 0.001989}}
{"target": -13.757888005521849, "params": {"gamma": 724.5234999023571, "log10_alpha": -0.3793999047277774, "log10_colsample_bytree": -0.9114919755576079, "log10_eta": -2.643047500637672, "log10_lambda": -4.488362415090425, "log10_min_child_weight": 2.1811245077496726, "log10_subsample": -0.016108953625272093, "max_depth": 9.0, "num_boost_round": 13.0}, "datetime": {"datetime": "2024-01-19 00:40:21", "elapsed": 1720.22952, "delta": 0.001939}}
{"target": -13.75784270950115, "params": {"gamma": 724.5234999023571, "log10_alpha": -0.3793999047277774, "log10_colsample_bytree": -0.9114919755576079, "log10_eta": -2.643047500637672, "log10_lambda": -4.488362415090425, "log10_min_child_weight": 2.1811245077496726, "log10_subsample": -0.016108953625272093, "max_depth": 9.0, "num_boost_round": 14.0}, "datetime": {"datetime": "2024-01-19 00:40:21", "elapsed": 1720.231437, "delta": 0.001917}}
{"target": -13.757755357701145, "params": {"gamma": 724.5234999023571, "log10_alpha": -0.3793999047277774, "log10_colsample_bytree": -0.9114919755576079, "log10_eta": -2.643047500637672, "log10_lambda": -4.488362415090425, "log10_min_child_weight": 2.1811245077496726, "log10_subsample": -0.016108953625272093, "max_depth": 9.0, "num_boost_round": 15.0}, "datetime": {"datetime": "2024-01-19 00:40:21", "elapsed": 1720.233603, "delta": 0.002166}}
{"target": -13.757706871399593, "params": {"gamma": 724.5234999023571, "log10_alpha": -0.3793999047277774, "log10_colsample_bytree": -0.9114919755576079, "log10_eta": -2.643047500637672, "log10_lambda": -4.488362415090425, "log10_min_child_weight": 2.1811245077496726, "log10_subsample": -0.016108953625272093, "max_depth": 9.0, "num_boost_round": 16.0}, "datetime": {"datetime": "2024-01-19 00:40:21", "elapsed": 1720.235733, "delta": 0.00213}}
{"target": -13.757559225903838, "params": {"gamma": 724.5234999023571, "log10_alpha": -0.3793999047277774, "log10_colsample_bytree": -0.9114919755576079, "log10_eta": -2.643047500637672, "log10_lambda": -4.488362415090425, "log10_min_child_weight": 2.1811245077496726, "log10_subsample": -0.016108953625272093, "max_depth": 9.0, "num_boost_round": 17.0}, "datetime": {"datetime": "2024-01-19 00:40:21", "elapsed": 1720.237858, "delta": 0.002125}}
{"target": -13.757486669904658, "params": {"gamma": 724.5234999023571, "log10_alpha": -0.3793999047277774, "log10_colsample_bytree": -0.9114919755576079, "log10_eta": -2.643047500637672, "log10_lambda": -4.488362415090425, "log10_min_child_weight": 2.1811245077496726, "log10_subsample": -0.016108953625272093, "max_depth": 9.0, "num_boost_round": 18.0}, "datetime": {"datetime": "2024-01-19 00:40:21", "elapsed": 1720.239868, "delta": 0.00201}}
{"target": -13.75739014353022, "params": {"gamma": 724.5234999023571, "log10_alpha": -0.3793999047277774, "log10_colsample_bytree": -0.9114919755576079, "log10_eta": -2.643047500637672, "log10_lambda": -4.488362415090425, "log10_min_child_weight": 2.1811245077496726, "log10_subsample": -0.016108953625272093, "max_depth": 9.0, "num_boost_round": 19.0}, "datetime": {"datetime": "2024-01-19 00:40:21", "elapsed": 1720.241852, "delta": 0.001984}}
{"target": -13.757338900820717, "params": {"gamma": 724.5234999023571, "log10_alpha": -0.3793999047277774, "log10_colsample_bytree": -0.9114919755576079, "log10_eta": -2.643047500637672, "log10_lambda": -4.488362415090425, "log10_min_child_weight": 2.1811245077496726, "log10_subsample": -0.016108953625272093, "max_depth": 9.0, "num_boost_round": 20.0}, "datetime": {"datetime": "2024-01-19 00:40:21", "elapsed": 1720.243794, "delta": 0.001942}}
{"target": -13.757191521615203, "params": {"gamma": 724.5234999023571, "log10_alpha": -0.3793999047277774, "log10_colsample_bytree": -0.9114919755576079, "log10_eta": -2.643047500637672, "log10_lambda": -4.488362415090425, "log10_min_child_weight": 2.1811245077496726, "log10_subsample": -0.016108953625272093, "max_depth": 9.0, "num_boost_round": 21.0}, "datetime": {"datetime": "2024-01-19 00:40:21", "elapsed": 1720.245758, "delta": 0.001964}}
{"target": -13.75837805884645, "params": {"gamma": 723.1616735424457, "log10_alpha": -2.3560799724150177, "log10_colsample_bytree": -0.9834329275103426, "log10_eta": -2.372493639234184, "log10_lambda": -0.25131023658716245, "log10_min_child_weight": 0.4621568575028079, "log10_subsample": -0.7339436931506027, "max_depth": 9.0, "num_boost_round": 0.0}, "datetime": {"datetime": "2024-01-19 00:40:55", "elapsed": 1755.056818, "delta": 34.81106}}
{"target": -13.758174947113513, "params": {"gamma": 723.1616735424457, "log10_alpha": -2.3560799724150177, "log10_colsample_bytree": -0.9834329275103426, "log10_eta": -2.372493639234184, "log10_lambda": -0.25131023658716245, "log10_min_child_weight": 0.4621568575028079, "log10_subsample": -0.7339436931506027, "max_depth": 9.0, "num_boost_round": 1.0}, "datetime": {"datetime": "2024-01-19 00:40:55", "elapsed": 1755.05947, "delta": 0.002652}}
{"target": -13.758304998767992, "params": {"gamma": 723.1616735424457, "log10_alpha": -2.3560799724150177, "log10_colsample_bytree": -0.9834329275103426, "log10_eta": -2.372493639234184, "log10_lambda": -0.25131023658716245, "log10_min_child_weight": 0.4621568575028079, "log10_subsample": -0.7339436931506027, "max_depth": 9.0, "num_boost_round": 2.0}, "datetime": {"datetime": "2024-01-19 00:40:55", "elapsed": 1755.061808, "delta": 0.002338}}
{"target": -13.758300788542956, "params": {"gamma": 723.1616735424457, "log10_alpha": -2.3560799724150177, "log10_colsample_bytree": -0.9834329275103426, "log10_eta": -2.372493639234184, "log10_lambda": -0.25131023658716245, "log10_min_child_weight": 0.4621568575028079, "log10_subsample": -0.7339436931506027, "max_depth": 9.0, "num_boost_round": 3.0}, "datetime": {"datetime": "2024-01-19 00:40:55", "elapsed": 1755.063904, "delta": 0.002096}}
{"target": -13.758279107396897, "params": {"gamma": 723.1616735424457, "log10_alpha": -2.3560799724150177, "log10_colsample_bytree": -0.9834329275103426, "log10_eta": -2.372493639234184, "log10_lambda": -0.25131023658716245, "log10_min_child_weight": 0.4621568575028079, "log10_subsample": -0.7339436931506027, "max_depth": 9.0, "num_boost_round": 4.0}, "datetime": {"datetime": "2024-01-19 00:40:55", "elapsed": 1755.065908, "delta": 0.002004}}
{"target": -13.758296666965343, "params": {"gamma": 723.1616735424457, "log10_alpha": -2.3560799724150177, "log10_colsample_bytree": -0.9834329275103426, "log10_eta": -2.372493639234184, "log10_lambda": -0.25131023658716245, "log10_min_child_weight": 0.4621568575028079, "log10_subsample": -0.7339436931506027, "max_depth": 9.0, "num_boost_round": 5.0}, "datetime": {"datetime": "2024-01-19 00:40:55", "elapsed": 1755.067999, "delta": 0.002091}}
{"target": -13.758273455885814, "params": {"gamma": 723.1616735424457, "log10_alpha": -2.3560799724150177, "log10_colsample_bytree": -0.9834329275103426, "log10_eta": -2.372493639234184, "log10_lambda": -0.25131023658716245, "log10_min_child_weight": 0.4621568575028079, "log10_subsample": -0.7339436931506027, "max_depth": 9.0, "num_boost_round": 6.0}, "datetime": {"datetime": "2024-01-19 00:40:55", "elapsed": 1755.069968, "delta": 0.001969}}
{"target": -13.75820255081645, "params": {"gamma": 723.1616735424457, "log10_alpha": -2.3560799724150177, "log10_colsample_bytree": -0.9834329275103426, "log10_eta": -2.372493639234184, "log10_lambda": -0.25131023658716245, "log10_min_child_weight": 0.4621568575028079, "log10_subsample": -0.7339436931506027, "max_depth": 9.0, "num_boost_round": 7.0}, "datetime": {"datetime": "2024-01-19 00:40:55", "elapsed": 1755.071985, "delta": 0.002017}}
{"target": -13.758268729344495, "params": {"gamma": 723.1616735424457, "log10_alpha": -2.3560799724150177, "log10_colsample_bytree": -0.9834329275103426, "log10_eta": -2.372493639234184, "log10_lambda": -0.25131023658716245, "log10_min_child_weight": 0.4621568575028079, "log10_subsample": -0.7339436931506027, "max_depth": 9.0, "num_boost_round": 8.0}, "datetime": {"datetime": "2024-01-19 00:40:55", "elapsed": 1755.074076, "delta": 0.002091}}
{"target": -13.758210442091318, "params": {"gamma": 723.1616735424457, "log10_alpha": -2.3560799724150177, "log10_colsample_bytree": -0.9834329275103426, "log10_eta": -2.372493639234184, "log10_lambda": -0.25131023658716245, "log10_min_child_weight": 0.4621568575028079, "log10_subsample": -0.7339436931506027, "max_depth": 9.0, "num_boost_round": 9.0}, "datetime": {"datetime": "2024-01-19 00:40:55", "elapsed": 1755.076078, "delta": 0.002002}}
{"target": -13.758226638252385, "params": {"gamma": 723.1616735424457, "log10_alpha": -2.3560799724150177, "log10_colsample_bytree": -0.9834329275103426, "log10_eta": -2.372493639234184, "log10_lambda": -0.25131023658716245, "log10_min_child_weight": 0.4621568575028079, "log10_subsample": -0.7339436931506027, "max_depth": 9.0, "num_boost_round": 10.0}, "datetime": {"datetime": "2024-01-19 00:40:55", "elapsed": 1755.078085, "delta": 0.002007}}
{"target": -13.75819367071857, "params": {"gamma": 723.1616735424457, "log10_alpha": -2.3560799724150177, "log10_colsample_bytree": -0.9834329275103426, "log10_eta": -2.372493639234184, "log10_lambda": -0.25131023658716245, "log10_min_child_weight": 0.4621568575028079, "log10_subsample": -0.7339436931506027, "max_depth": 9.0, "num_boost_round": 11.0}, "datetime": {"datetime": "2024-01-19 00:40:55", "elapsed": 1755.080073, "delta": 0.001988}}
{"target": -13.758205690192062, "params": {"gamma": 723.1616735424457, "log10_alpha": -2.3560799724150177, "log10_colsample_bytree": -0.9834329275103426, "log10_eta": -2.372493639234184, "log10_lambda": -0.25131023658716245, "log10_min_child_weight": 0.4621568575028079, "log10_subsample": -0.7339436931506027, "max_depth": 9.0, "num_boost_round": 12.0}, "datetime": {"datetime": "2024-01-19 00:40:55", "elapsed": 1755.082186, "delta": 0.002113}}
{"target": -13.758113246390336, "params": {"gamma": 723.1616735424457, "log10_alpha": -2.3560799724150177, "log10_colsample_bytree": -0.9834329275103426, "log10_eta": -2.372493639234184, "log10_lambda": -0.25131023658716245, "log10_min_child_weight": 0.4621568575028079, "log10_subsample": -0.7339436931506027, "max_depth": 9.0, "num_boost_round": 13.0}, "datetime": {"datetime": "2024-01-19 00:40:55", "elapsed": 1755.084252, "delta": 0.002066}}
{"target": -13.758227086189406, "params": {"gamma": 723.1616735424457, "log10_alpha": -2.3560799724150177, "log10_colsample_bytree": -0.9834329275103426, "log10_eta": -2.372493639234184, "log10_lambda": -0.25131023658716245, "log10_min_child_weight": 0.4621568575028079, "log10_subsample": -0.7339436931506027, "max_depth": 9.0, "num_boost_round": 14.0}, "datetime": {"datetime": "2024-01-19 00:40:56", "elapsed": 1755.086261, "delta": 0.002009}}
{"target": -13.758326467291292, "params": {"gamma": 723.1616735424457, "log10_alpha": -2.3560799724150177, "log10_colsample_bytree": -0.9834329275103426, "log10_eta": -2.372493639234184, "log10_lambda": -0.25131023658716245, "log10_min_child_weight": 0.4621568575028079, "log10_subsample": -0.7339436931506027, "max_depth": 9.0, "num_boost_round": 15.0}, "datetime": {"datetime": "2024-01-19 00:40:56", "elapsed": 1755.088309, "delta": 0.002048}}
{"target": -13.758303450374415, "params": {"gamma": 723.1616735424457, "log10_alpha": -2.3560799724150177, "log10_colsample_bytree": -0.9834329275103426, "log10_eta": -2.372493639234184, "log10_lambda": -0.25131023658716245, "log10_min_child_weight": 0.4621568575028079, "log10_subsample": -0.7339436931506027, "max_depth": 9.0, "num_boost_round": 16.0}, "datetime": {"datetime": "2024-01-19 00:40:56", "elapsed": 1755.090317, "delta": 0.002008}}
{"target": -13.758302160269423, "params": {"gamma": 723.1616735424457, "log10_alpha": -2.3560799724150177, "log10_colsample_bytree": -0.9834329275103426, "log10_eta": -2.372493639234184, "log10_lambda": -0.25131023658716245, "log10_min_child_weight": 0.4621568575028079, "log10_subsample": -0.7339436931506027, "max_depth": 9.0, "num_boost_round": 17.0}, "datetime": {"datetime": "2024-01-19 00:40:56", "elapsed": 1755.092379, "delta": 0.002062}}
{"target": -13.758225318124937, "params": {"gamma": 723.1616735424457, "log10_alpha": -2.3560799724150177, "log10_colsample_bytree": -0.9834329275103426, "log10_eta": -2.372493639234184, "log10_lambda": -0.25131023658716245, "log10_min_child_weight": 0.4621568575028079, "log10_subsample": -0.7339436931506027, "max_depth": 9.0, "num_boost_round": 18.0}, "datetime": {"datetime": "2024-01-19 00:40:56", "elapsed": 1755.094394, "delta": 0.002015}}
{"target": -13.75822217162342, "params": {"gamma": 723.1616735424457, "log10_alpha": -2.3560799724150177, "log10_colsample_bytree": -0.9834329275103426, "log10_eta": -2.372493639234184, "log10_lambda": -0.25131023658716245, "log10_min_child_weight": 0.4621568575028079, "log10_subsample": -0.7339436931506027, "max_depth": 9.0, "num_boost_round": 19.0}, "datetime": {"datetime": "2024-01-19 00:40:56", "elapsed": 1755.096402, "delta": 0.002008}}
{"target": -13.75820357557009, "params": {"gamma": 723.1616735424457, "log10_alpha": -2.3560799724150177, "log10_colsample_bytree": -0.9834329275103426, "log10_eta": -2.372493639234184, "log10_lambda": -0.25131023658716245, "log10_min_child_weight": 0.4621568575028079, "log10_subsample": -0.7339436931506027, "max_depth": 9.0, "num_boost_round": 20.0}, "datetime": {"datetime": "2024-01-19 00:40:56", "elapsed": 1755.098413, "delta": 0.002011}}
{"target": -13.758169417051796, "params": {"gamma": 723.1616735424457, "log10_alpha": -2.3560799724150177, "log10_colsample_bytree": -0.9834329275103426, "log10_eta": -2.372493639234184, "log10_lambda": -0.25131023658716245, "log10_min_child_weight": 0.4621568575028079, "log10_subsample": -0.7339436931506027, "max_depth": 9.0, "num_boost_round": 21.0}, "datetime": {"datetime": "2024-01-19 00:40:56", "elapsed": 1755.100408, "delta": 0.001995}}
