{"target": -17.671414909898655, "params": {"gamma": 182.28944410112956, "log10_alpha": -0.131377211185141, "log10_colsample_bytree": -0.40105977080410815, "log10_eta": -2.087106670697241, "log10_lambda": -3.796781322830449, "log10_min_child_weight": 1.8155480047333827, "log10_subsample": -0.889766317506728, "max_depth": 4.0, "num_boost_round": 22.0}, "datetime": {"datetime": "2024-01-19 00:22:35", "elapsed": 639.914833, "delta": 0.000996}}
{"target": -17.670861106972733, "params": {"gamma": 182.28944410112956, "log10_alpha": -0.131377211185141, "log10_colsample_bytree": -0.40105977080410815, "log10_eta": -2.087106670697241, "log10_lambda": -3.796781322830449, "log10_min_child_weight": 1.8155480047333827, "log10_subsample": -0.889766317506728, "max_depth": 4.0, "num_boost_round": 23.0}, "datetime": {"datetime": "2024-01-19 00:22:35", "elapsed": 639.915816, "delta": 0.000983}}
{"target": -17.670625173898195, "params": {"gamma": 182.28944410112956, "log10_alpha": -0.131377211185141, "log10_colsample_bytree": -0.40105977080410815, "log10_eta": -2.087106670697241, "log10_lambda": -3.796781322830449, "log10_min_child_weight": 1.8155480047333827, "log10_subsample": -0.889766317506728, "max_depth": 4.0, "num_boost_round": 24.0}, "datetime": {"datetime": "2024-01-19 00:22:35", "elapsed": 639.916811, "delta": 0.000995}}
{"target": -17.670369484113237, "params": {"gamma": 182.28944410112956, "log10_alpha": -0.131377211185141, "log10_colsample_bytree": -0.40105977080410815, "log10_eta": -2.087106670697241, "log10_lambda": -3.796781322830449, "log10_min_child_weight": 1.8155480047333827, "log10_subsample": -0.889766317506728, "max_depth": 4.0, "num_boost_round": 25.0}, "datetime": {"datetime": "2024-01-19 00:22:35", "elapsed": 639.922334, "delta": 0.005523}}
{"target": -17.670419615103228, "params": {"gamma": 182.28944410112956, "log10_alpha": -0.131377211185141, "log10_colsample_bytree": -0.40105977080410815, "log10_eta": -2.087106670697241, "log10_lambda": -3.796781322830449, "log10_min_child_weight": 1.8155480047333827, "log10_subsample": -0.889766317506728, "max_depth": 4.0, "num_boost_round": 26.0}, "datetime": {"datetime": "2024-01-19 00:22:35", "elapsed": 639.923514, "delta": 0.00118}}
{"target": -17.67043717451886, "params": {"gamma": 182.28944410112956, "log10_alpha": -0.131377211185141, "log10_colsample_bytree": -0.40105977080410815, "log10_eta": -2.087106670697241, "log10_lambda": -3.796781322830449, "log10_min_child_weight": 1.8155480047333827, "log10_subsample": -0.889766317506728, "max_depth": 4.0, "num_boost_round": 27.0}, "datetime": {"datetime": "2024-01-19 00:22:35", "elapsed": 639.924577, "delta": 0.001063}}
{"target": -17.670365244326508, "params": {"gamma": 182.28944410112956, "log10_alpha": -0.131377211185141, "log10_colsample_bytree": -0.40105977080410815, "log10_eta": -2.087106670697241, "log10_lambda": -3.796781322830449, "log10_min_child_weight": 1.8155480047333827, "log10_subsample": -0.889766317506728, "max_depth": 4.0, "num_boost_round": 28.0}, "datetime": {"datetime": "2024-01-19 00:22:35", "elapsed": 639.925619, "delta": 0.001042}}
{"target": -17.670229484457796, "params": {"gamma": 182.28944410112956, "log10_alpha": -0.131377211185141, "log10_colsample_bytree": -0.40105977080410815, "log10_eta": -2.087106670697241, "log10_lambda": -3.796781322830449, "log10_min_child_weight": 1.8155480047333827, "log10_subsample": -0.889766317506728, "max_depth": 4.0, "num_boost_round": 29.0}, "datetime": {"datetime": "2024-01-19 00:22:35", "elapsed": 639.926641, "delta": 0.001022}}
{"target": -17.67026950571714, "params": {"gamma": 182.28944410112956, "log10_alpha": -0.131377211185141, "log10_colsample_bytree": -0.40105977080410815, "log10_eta": -2.087106670697241, "log10_lambda": -3.796781322830449, "log10_min_child_weight": 1.8155480047333827, "log10_subsample": -0.889766317506728, "max_depth": 4.0, "num_boost_round": 30.0}, "datetime": {"datetime": "2024-01-19 00:22:35", "elapsed": 639.927778, "delta": 0.001137}}
{"target": -17.670162848538453, "params": {"gamma": 182.28944410112956, "log10_alpha": -0.131377211185141, "log10_colsample_bytree": -0.40105977080410815, "log10_eta": -2.087106670697241, "log10_lambda": -3.796781322830449, "log10_min_child_weight": 1.8155480047333827, "log10_subsample": -0.889766317506728, "max_depth": 4.0, "num_boost_round": 31.0}, "datetime": {"datetime": "2024-01-19 00:22:35", "elapsed": 639.928776, "delta": 0.000998}}
{"target": -17.670009269389116, "params": {"gamma": 182.28944410112956, "log10_alpha": -0.131377211185141, "log10_colsample_bytree": -0.40105977080410815, "log10_eta": -2.087106670697241, "log10_lambda": -3.796781322830449, "log10_min_child_weight": 1.8155480047333827, "log10_subsample": -0.889766317506728, "max_depth": 4.0, "num_boost_round": 32.0}, "datetime": {"datetime": "2024-01-19 00:22:35", "elapsed": 639.929822, "delta": 0.001046}}
{"target": -17.66975407485349, "params": {"gamma": 182.28944410112956, "log10_alpha": -0.131377211185141, "log10_colsample_bytree": -0.40105977080410815, "log10_eta": -2.087106670697241, "log10_lambda": -3.796781322830449, "log10_min_child_weight": 1.8155480047333827, "log10_subsample": -0.889766317506728, "max_depth": 4.0, "num_boost_round": 33.0}, "datetime": {"datetime": "2024-01-19 00:22:35", "elapsed": 639.930841, "delta": 0.001019}}
{"target": -17.669531732709363, "params": {"gamma": 182.28944410112956, "log10_alpha": -0.131377211185141, "log10_colsample_bytree": -0.40105977080410815, "log10_eta": -2.087106670697241, "log10_lambda": -3.796781322830449, "log10_min_child_weight": 1.8155480047333827, "log10_subsample": -0.889766317506728, "max_depth": 4.0, "num_boost_round": 34.0}, "datetime": {"datetime": "2024-01-19 00:22:35", "elapsed": 639.931855, "delta": 0.001014}}
{"target": -17.669652628458035, "params": {"gamma": 182.28944410112956, "log10_alpha": -0.131377211185141, "log10_colsample_bytree": -0.40105977080410815, "log10_eta": -2.087106670697241, "log10_lambda": -3.796781322830449, "log10_min_child_weight": 1.8155480047333827, "log10_subsample": -0.889766317506728, "max_depth": 4.0, "num_boost_round": 35.0}, "datetime": {"datetime": "2024-01-19 00:22:35", "elapsed": 639.932863, "delta": 0.001008}}
{"target": -17.66973502259815, "params": {"gamma": 182.28944410112956, "log10_alpha": -0.131377211185141, "log10_colsample_bytree": -0.40105977080410815, "log10_eta": -2.087106670697241, "log10_lambda": -3.796781322830449, "log10_min_child_weight": 1.8155480047333827, "log10_subsample": -0.889766317506728, "max_depth": 4.0, "num_boost_round": 36.0}, "datetime": {"datetime": "2024-01-19 00:22:35", "elapsed": 639.933871, "delta": 0.001008}}
{"target": -17.66997732931534, "params": {"gamma": 182.28944410112956, "log10_alpha": -0.131377211185141, "log10_colsample_bytree": -0.40105977080410815, "log10_eta": -2.087106670697241, "log10_lambda": -3.796781322830449, "log10_min_child_weight": 1.8155480047333827, "log10_subsample": -0.889766317506728, "max_depth": 4.0, "num_boost_round": 37.0}, "datetime": {"datetime": "2024-01-19 00:22:35", "elapsed": 639.93487, "delta": 0.000999}}
{"target": -17.669752647628403, "params": {"gamma": 182.28944410112956, "log10_alpha": -0.131377211185141, "log10_colsample_bytree": -0.40105977080410815, "log10_eta": -2.087106670697241, "log10_lambda": -3.796781322830449, "log10_min_child_weight": 1.8155480047333827, "log10_subsample": -0.889766317506728, "max_depth": 4.0, "num_boost_round": 38.0}, "datetime": {"datetime": "2024-01-19 00:22:35", "elapsed": 639.935879, "delta": 0.001009}}
{"target": -17.66997448042765, "params": {"gamma": 182.28944410112956, "log10_alpha": -0.131377211185141, "log10_colsample_bytree": -0.40105977080410815, "log10_eta": -2.087106670697241, "log10_lambda": -3.796781322830449, "log10_min_child_weight": 1.8155480047333827, "log10_subsample": -0.889766317506728, "max_depth": 4.0, "num_boost_round": 39.0}, "datetime": {"datetime": "2024-01-19 00:22:35", "elapsed": 639.93688, "delta": 0.001001}}
{"target": -17.669808184908355, "params": {"gamma": 182.28944410112956, "log10_alpha": -0.131377211185141, "log10_colsample_bytree": -0.40105977080410815, "log10_eta": -2.087106670697241, "log10_lambda": -3.796781322830449, "log10_min_child_weight": 1.8155480047333827, "log10_subsample": -0.889766317506728, "max_depth": 4.0, "num_boost_round": 40.0}, "datetime": {"datetime": "2024-01-19 00:22:35", "elapsed": 639.938039, "delta": 0.001159}}
{"target": -17.66971326041985, "params": {"gamma": 182.28944410112956, "log10_alpha": -0.131377211185141, "log10_colsample_bytree": -0.40105977080410815, "log10_eta": -2.087106670697241, "log10_lambda": -3.796781322830449, "log10_min_child_weight": 1.8155480047333827, "log10_subsample": -0.889766317506728, "max_depth": 4.0, "num_boost_round": 41.0}, "datetime": {"datetime": "2024-01-19 00:22:35", "elapsed": 639.939243, "delta": 0.001204}}
{"target": -17.66975384690193, "params": {"gamma": 182.28944410112956, "log10_alpha": -0.131377211185141, "log10_colsample_bytree": -0.40105977080410815, "log10_eta": -2.087106670697241, "log10_lambda": -3.796781322830449, "log10_min_child_weight": 1.8155480047333827, "log10_subsample": -0.889766317506728, "max_depth": 4.0, "num_boost_round": 42.0}, "datetime": {"datetime": "2024-01-19 00:22:35", "elapsed": 639.940276, "delta": 0.001033}}
{"target": -17.669817954433004, "params": {"gamma": 182.28944410112956, "log10_alpha": -0.131377211185141, "log10_colsample_bytree": -0.40105977080410815, "log10_eta": -2.087106670697241, "log10_lambda": -3.796781322830449, "log10_min_child_weight": 1.8155480047333827, "log10_subsample": -0.889766317506728, "max_depth": 4.0, "num_boost_round": 43.0}, "datetime": {"datetime": "2024-01-19 00:22:35", "elapsed": 639.941304, "delta": 0.001028}}
{"target": -17.66946786895595, "params": {"gamma": 182.28944410112956, "log10_alpha": -0.131377211185141, "log10_colsample_bytree": -0.40105977080410815, "log10_eta": -2.087106670697241, "log10_lambda": -3.796781322830449, "log10_min_child_weight": 1.8155480047333827, "log10_subsample": -0.889766317506728, "max_depth": 4.0, "num_boost_round": 44.0}, "datetime": {"datetime": "2024-01-19 00:22:35", "elapsed": 639.942323, "delta": 0.001019}}
{"target": -17.669309734789458, "params": {"gamma": 182.28944410112956, "log10_alpha": -0.131377211185141, "log10_colsample_bytree": -0.40105977080410815, "log10_eta": -2.087106670697241, "log10_lambda": -3.796781322830449, "log10_min_child_weight": 1.8155480047333827, "log10_subsample": -0.889766317506728, "max_depth": 4.0, "num_boost_round": 45.0}, "datetime": {"datetime": "2024-01-19 00:22:35", "elapsed": 639.943359, "delta": 0.001036}}
{"target": -17.669289907986375, "params": {"gamma": 182.28944410112956, "log10_alpha": -0.131377211185141, "log10_colsample_bytree": -0.40105977080410815, "log10_eta": -2.087106670697241, "log10_lambda": -3.796781322830449, "log10_min_child_weight": 1.8155480047333827, "log10_subsample": -0.889766317506728, "max_depth": 4.0, "num_boost_round": 46.0}, "datetime": {"datetime": "2024-01-19 00:22:35", "elapsed": 639.944378, "delta": 0.001019}}
{"target": -17.669148006040082, "params": {"gamma": 182.28944410112956, "log10_alpha": -0.131377211185141, "log10_colsample_bytree": -0.40105977080410815, "log10_eta": -2.087106670697241, "log10_lambda": -3.796781322830449, "log10_min_child_weight": 1.8155480047333827, "log10_subsample": -0.889766317506728, "max_depth": 4.0, "num_boost_round": 47.0}, "datetime": {"datetime": "2024-01-19 00:22:35", "elapsed": 639.945415, "delta": 0.001037}}
{"target": -17.677228479703317, "params": {"gamma": 190.37304537791343, "log10_alpha": -4.623237147118287, "log10_colsample_bytree": -0.495629832056907, "log10_eta": -2.8423050796189275, "log10_lambda": -4.547633255636967, "log10_min_child_weight": 4.950370885975492, "log10_subsample": -0.678298204286412, "max_depth": 2.0, "num_boost_round": 0.0}, "datetime": {"datetime": "2024-01-19 00:23:08", "elapsed": 673.441465, "delta": 33.49605}}
{"target": -17.677216445546147, "params": {"gamma": 190.37304537791343, "log10_alpha": -4.623237147118287, "log10_colsample_bytree": -0.495629832056907, "log10_eta": -2.8423050796189275, "log10_lambda": -4.547633255636967, "log10_min_child_weight": 4.950370885975492, "log10_subsample": -0.678298204286412, "max_depth": 2.0, "num_boost_round": 1.0}, "datetime": {"datetime": "2024-01-19 00:23:08", "elapsed": 673.44347, "delta": 0.002005}}
{"target": -17.67721630198084, "params": {"gamma": 190.37304537791343, "log10_alpha": -4.623237147118287, "log10_colsample_bytree": -0.495629832056907, "log10_eta": -2.8423050796189275, "log10_lambda": -4.547633255636967, "log10_min_child_weight": 4.950370885975492, "log10_subsample": -0.678298204286412, "max_depth": 2.0, "num_boost_round": 2.0}, "datetime": {"datetime": "2024-01-19 00:23:08", "elapsed": 673.444705, "delta": 0.001235}}
{"target": -17.677204905235875, "params": {"gamma": 190.37304537791343, "log10_alpha": -4.623237147118287, "log10_colsample_bytree": -0.495629832056907, "log10_eta": -2.8423050796189275, "log10_lambda": -4.547633255636967, "log10_min_child_weight": 4.950370885975492, "log10_subsample": -0.678298204286412, "max_depth": 2.0, "num_boost_round": 3.0}, "datetime": {"datetime": "2024-01-19 00:23:08", "elapsed": 673.445778, "delta": 0.001073}}
{"target": -17.6772059064437, "params": {"gamma": 190.37304537791343, "log10_alpha": -4.623237147118287, "log10_colsample_bytree": -0.495629832056907, "log10_eta": -2.8423050796189275, "log10_lambda": -4.547633255636967, "log10_min_child_weight": 4.950370885975492, "log10_subsample": -0.678298204286412, "max_depth": 2.0, "num_boost_round": 4.0}, "datetime": {"datetime": "2024-01-19 00:23:08", "elapsed": 673.446937, "delta": 0.001159}}
{"target": -17.677205872058725, "params": {"gamma": 190.37304537791343, "log10_alpha": -4.623237147118287, "log10_colsample_bytree": -0.495629832056907, "log10_eta": -2.8423050796189275, "log10_lambda": -4.547633255636967, "log10_min_child_weight": 4.950370885975492, "log10_subsample": -0.678298204286412, "max_depth": 2.0, "num_boost_round": 5.0}, "datetime": {"datetime": "2024-01-19 00:23:08", "elapsed": 673.447985, "delta": 0.001048}}
{"target": -17.67720160408516, "params": {"gamma": 190.37304537791343, "log10_alpha": -4.623237147118287, "log10_colsample_bytree": -0.495629832056907, "log10_eta": -2.8423050796189275, "log10_lambda": -4.547633255636967, "log10_min_child_weight": 4.950370885975492, "log10_subsample": -0.678298204286412, "max_depth": 2.0, "num_boost_round": 6.0}, "datetime": {"datetime": "2024-01-19 00:23:08", "elapsed": 673.449064, "delta": 0.001079}}
{"target": -17.677201299629406, "params": {"gamma": 190.37304537791343, "log10_alpha": -4.623237147118287, "log10_colsample_bytree": -0.495629832056907, "log10_eta": -2.8423050796189275, "log10_lambda": -4.547633255636967, "log10_min_child_weight": 4.950370885975492, "log10_subsample": -0.678298204286412, "max_depth": 2.0, "num_boost_round": 7.0}, "datetime": {"datetime": "2024-01-19 00:23:08", "elapsed": 673.450122, "delta": 0.001058}}
{"target": -17.677198969601278, "params": {"gamma": 190.37304537791343, "log10_alpha": -4.623237147118287, "log10_colsample_bytree": -0.495629832056907, "log10_eta": -2.8423050796189275, "log10_lambda": -4.547633255636967, "log10_min_child_weight": 4.950370885975492, "log10_subsample": -0.678298204286412, "max_depth": 2.0, "num_boost_round": 8.0}, "datetime": {"datetime": "2024-01-19 00:23:08", "elapsed": 673.451188, "delta": 0.001066}}
{"target": -17.677191839055254, "params": {"gamma": 190.37304537791343, "log10_alpha": -4.623237147118287, "log10_colsample_bytree": -0.495629832056907, "log10_eta": -2.8423050796189275, "log10_lambda": -4.547633255636967, "log10_min_child_weight": 4.950370885975492, "log10_subsample": -0.678298204286412, "max_depth": 2.0, "num_boost_round": 9.0}, "datetime": {"datetime": "2024-01-19 00:23:08", "elapsed": 673.452228, "delta": 0.00104}}
{"target": -17.677183025714623, "params": {"gamma": 190.37304537791343, "log10_alpha": -4.623237147118287, "log10_colsample_bytree": -0.495629832056907, "log10_eta": -2.8423050796189275, "log10_lambda": -4.547633255636967, "log10_min_child_weight": 4.950370885975492, "log10_subsample": -0.678298204286412, "max_depth": 2.0, "num_boost_round": 10.0}, "datetime": {"datetime": "2024-01-19 00:23:08", "elapsed": 673.453262, "delta": 0.001034}}
{"target": -17.677178999650888, "params": {"gamma": 190.37304537791343, "log10_alpha": -4.623237147118287, "log10_colsample_bytree": -0.495629832056907, "log10_eta": -2.8423050796189275, "log10_lambda": -4.547633255636967, "log10_min_child_weight": 4.950370885975492, "log10_subsample": -0.678298204286412, "max_depth": 2.0, "num_boost_round": 11.0}, "datetime": {"datetime": "2024-01-19 00:23:08", "elapsed": 673.454309, "delta": 0.001047}}
{"target": -17.67717933497566, "params": {"gamma": 190.37304537791343, "log10_alpha": -4.623237147118287, "log10_colsample_bytree": -0.495629832056907, "log10_eta": -2.8423050796189275, "log10_lambda": -4.547633255636967, "log10_min_child_weight": 4.950370885975492, "log10_subsample": -0.678298204286412, "max_depth": 2.0, "num_boost_round": 12.0}, "datetime": {"datetime": "2024-01-19 00:23:08", "elapsed": 673.45536, "delta": 0.001051}}
{"target": -17.67717978584062, "params": {"gamma": 190.37304537791343, "log10_alpha": -4.623237147118287, "log10_colsample_bytree": -0.495629832056907, "log10_eta": -2.8423050796189275, "log10_lambda": -4.547633255636967, "log10_min_child_weight": 4.950370885975492, "log10_subsample": -0.678298204286412, "max_depth": 2.0, "num_boost_round": 13.0}, "datetime": {"datetime": "2024-01-19 00:23:08", "elapsed": 673.456449, "delta": 0.001089}}
{"target": -17.67717565414325, "params": {"gamma": 190.37304537791343, "log10_alpha": -4.623237147118287, "log10_colsample_bytree": -0.495629832056907, "log10_eta": -2.8423050796189275, "log10_lambda": -4.547633255636967, "log10_min_child_weight": 4.950370885975492, "log10_subsample": -0.678298204286412, "max_depth": 2.0, "num_boost_round": 14.0}, "datetime": {"datetime": "2024-01-19 00:23:08", "elapsed": 673.457495, "delta": 0.001046}}
{"target": -17.67716122592729, "params": {"gamma": 190.37304537791343, "log10_alpha": -4.623237147118287, "log10_colsample_bytree": -0.495629832056907, "log10_eta": -2.8423050796189275, "log10_lambda": -4.547633255636967, "log10_min_child_weight": 4.950370885975492, "log10_subsample": -0.678298204286412, "max_depth": 2.0, "num_boost_round": 15.0}, "datetime": {"datetime": "2024-01-19 00:23:08", "elapsed": 673.458569, "delta": 0.001074}}
{"target": -17.67715395188393, "params": {"gamma": 190.37304537791343, "log10_alpha": -4.623237147118287, "log10_colsample_bytree": -0.495629832056907, "log10_eta": -2.8423050796189275, "log10_lambda": -4.547633255636967, "log10_min_child_weight": 4.950370885975492, "log10_subsample": -0.678298204286412, "max_depth": 2.0, "num_boost_round": 16.0}, "datetime": {"datetime": "2024-01-19 00:23:08", "elapsed": 673.459726, "delta": 0.001157}}
{"target": -17.67715443540506, "params": {"gamma": 190.37304537791343, "log10_alpha": -4.623237147118287, "log10_colsample_bytree": -0.495629832056907, "log10_eta": -2.8423050796189275, "log10_lambda": -4.547633255636967, "log10_min_child_weight": 4.950370885975492, "log10_subsample": -0.678298204286412, "max_depth": 2.0, "num_boost_round": 17.0}, "datetime": {"datetime": "2024-01-19 00:23:08", "elapsed": 673.460787, "delta": 0.001061}}
{"target": -17.677152432445233, "params": {"gamma": 190.37304537791343, "log10_alpha": -4.623237147118287, "log10_colsample_bytree": -0.495629832056907, "log10_eta": -2.8423050796189275, "log10_lambda": -4.547633255636967, "log10_min_child_weight": 4.950370885975492, "log10_subsample": -0.678298204286412, "max_depth": 2.0, "num_boost_round": 18.0}, "datetime": {"datetime": "2024-01-19 00:23:08", "elapsed": 673.461848, "delta": 0.001061}}
{"target": -17.67714072967719, "params": {"gamma": 190.37304537791343, "log10_alpha": -4.623237147118287, "log10_colsample_bytree": -0.495629832056907, "log10_eta": -2.8423050796189275, "log10_lambda": -4.547633255636967, "log10_min_child_weight": 4.950370885975492, "log10_subsample": -0.678298204286412, "max_depth": 2.0, "num_boost_round": 19.0}, "datetime": {"datetime": "2024-01-19 00:23:08", "elapsed": 673.4629, "delta": 0.001052}}
{"target": -17.677131253462004, "params": {"gamma": 190.37304537791343, "log10_alpha": -4.623237147118287, "log10_colsample_bytree": -0.495629832056907, "log10_eta": -2.8423050796189275, "log10_lambda": -4.547633255636967, "log10_min_child_weight": 4.950370885975492, "log10_subsample": -0.678298204286412, "max_depth": 2.0, "num_boost_round": 20.0}, "datetime": {"datetime": "2024-01-19 00:23:08", "elapsed": 673.463951, "delta": 0.001051}}
{"target": -17.677113922250637, "params": {"gamma": 190.37304537791343, "log10_alpha": -4.623237147118287, "log10_colsample_bytree": -0.495629832056907, "log10_eta": -2.8423050796189275, "log10_lambda": -4.547633255636967, "log10_min_child_weight": 4.950370885975492, "log10_subsample": -0.678298204286412, "max_depth": 2.0, "num_boost_round": 21.0}, "datetime": {"datetime": "2024-01-19 00:23:08", "elapsed": 673.465005, "delta": 0.001054}}
{"target": -17.67710585303263, "params": {"gamma": 190.37304537791343, "log10_alpha": -4.623237147118287, "log10_colsample_bytree": -0.495629832056907, "log10_eta": -2.8423050796189275, "log10_lambda": -4.547633255636967, "log10_min_child_weight": 4.950370885975492, "log10_subsample": -0.678298204286412, "max_depth": 2.0, "num_boost_round": 22.0}, "datetime": {"datetime": "2024-01-19 00:23:08", "elapsed": 673.466061, "delta": 0.001056}}
