{"target": -17.677067261970723, "params": {"gamma": 397.94982385936606, "log10_alpha": -4.868116077161521, "log10_colsample_bytree": -0.8193804996831007, "log10_eta": -3.8633667488685655, "log10_lambda": -2.061135388052357, "log10_min_child_weight": 0.3634618192325051, "log10_subsample": -0.5755703994514894, "max_depth": 3.0, "num_boost_round": 43.0}, "datetime": {"datetime": "2024-01-19 02:05:30", "elapsed": 6820.162279, "delta": 0.005956}}
{"target": -17.67706370804129, "params": {"gamma": 397.94982385936606, "log10_alpha": -4.868116077161521, "log10_colsample_bytree": -0.8193804996831007, "log10_eta": -3.8633667488685655, "log10_lambda": -2.061135388052357, "log10_min_child_weight": 0.3634618192325051, "log10_subsample": -0.5755703994514894, "max_depth": 3.0, "num_boost_round": 44.0}, "datetime": {"datetime": "2024-01-19 02:05:30", "elapsed": 6820.168278, "delta": 0.005999}}
{"target": -17.677063094249576, "params": {"gamma": 397.94982385936606, "log10_alpha": -4.868116077161521, "log10_colsample_bytree": -0.8193804996831007, "log10_eta": -3.8633667488685655, "log10_lambda": -2.061135388052357, "log10_min_child_weight": 0.3634618192325051, "log10_subsample": -0.5755703994514894, "max_depth": 3.0, "num_boost_round": 45.0}, "datetime": {"datetime": "2024-01-19 02:05:30", "elapsed": 6820.174582, "delta": 0.006304}}
{"target": -17.67723032963614, "params": {"gamma": 393.08112810256335, "log10_alpha": -2.515335673159073, "log10_colsample_bytree": -0.7312461142875826, "log10_eta": -3.708504124731301, "log10_lambda": 0.03416249131704685, "log10_min_child_weight": 0.4372824899342592, "log10_subsample": -0.8042343127279664, "max_depth": 7.0, "num_boost_round": 0.0}, "datetime": {"datetime": "2024-01-19 02:06:33", "elapsed": 6882.96148, "delta": 62.786898}}
{"target": -17.677220339300867, "params": {"gamma": 393.08112810256335, "log10_alpha": -2.515335673159073, "log10_colsample_bytree": -0.7312461142875826, "log10_eta": -3.708504124731301, "log10_lambda": 0.03416249131704685, "log10_min_child_weight": 0.4372824899342592, "log10_subsample": -0.8042343127279664, "max_depth": 7.0, "num_boost_round": 1.0}, "datetime": {"datetime": "2024-01-19 02:06:33", "elapsed": 6882.968958, "delta": 0.007478}}
{"target": -17.677211157433643, "params": {"gamma": 393.08112810256335, "log10_alpha": -2.515335673159073, "log10_colsample_bytree": -0.7312461142875826, "log10_eta": -3.708504124731301, "log10_lambda": 0.03416249131704685, "log10_min_child_weight": 0.4372824899342592, "log10_subsample": -0.8042343127279664, "max_depth": 7.0, "num_boost_round": 2.0}, "datetime": {"datetime": "2024-01-19 02:06:33", "elapsed": 6882.975234, "delta": 0.006276}}
{"target": -17.677215785999206, "params": {"gamma": 393.08112810256335, "log10_alpha": -2.515335673159073, "log10_colsample_bytree": -0.7312461142875826, "log10_eta": -3.708504124731301, "log10_lambda": 0.03416249131704685, "log10_min_child_weight": 0.4372824899342592, "log10_subsample": -0.8042343127279664, "max_depth": 7.0, "num_boost_round": 3.0}, "datetime": {"datetime": "2024-01-19 02:06:33", "elapsed": 6882.981505, "delta": 0.006271}}
{"target": -17.67720583777451, "params": {"gamma": 393.08112810256335, "log10_alpha": -2.515335673159073, "log10_colsample_bytree": -0.7312461142875826, "log10_eta": -3.708504124731301, "log10_lambda": 0.03416249131704685, "log10_min_child_weight": 0.4372824899342592, "log10_subsample": -0.8042343127279664, "max_depth": 7.0, "num_boost_round": 4.0}, "datetime": {"datetime": "2024-01-19 02:06:33", "elapsed": 6882.987632, "delta": 0.006127}}
{"target": -17.677209284141508, "params": {"gamma": 393.08112810256335, "log10_alpha": -2.515335673159073, "log10_colsample_bytree": -0.7312461142875826, "log10_eta": -3.708504124731301, "log10_lambda": 0.03416249131704685, "log10_min_child_weight": 0.4372824899342592, "log10_subsample": -0.8042343127279664, "max_depth": 7.0, "num_boost_round": 5.0}, "datetime": {"datetime": "2024-01-19 02:06:33", "elapsed": 6882.993759, "delta": 0.006127}}
{"target": -17.677201908136325, "params": {"gamma": 393.08112810256335, "log10_alpha": -2.515335673159073, "log10_colsample_bytree": -0.7312461142875826, "log10_eta": -3.708504124731301, "log10_lambda": 0.03416249131704685, "log10_min_child_weight": 0.4372824899342592, "log10_subsample": -0.8042343127279664, "max_depth": 7.0, "num_boost_round": 6.0}, "datetime": {"datetime": "2024-01-19 02:06:33", "elapsed": 6883.000156, "delta": 0.006397}}
{"target": -17.67718378744288, "params": {"gamma": 393.08112810256335, "log10_alpha": -2.515335673159073, "log10_colsample_bytree": -0.7312461142875826, "log10_eta": -3.708504124731301, "log10_lambda": 0.03416249131704685, "log10_min_child_weight": 0.4372824899342592, "log10_subsample": -0.8042343127279664, "max_depth": 7.0, "num_boost_round": 7.0}, "datetime": {"datetime": "2024-01-19 02:06:33", "elapsed": 6883.006371, "delta": 0.006215}}
{"target": -17.677168953481065, "params": {"gamma": 393.08112810256335, "log10_alpha": -2.515335673159073, "log10_colsample_bytree": -0.7312461142875826, "log10_eta": -3.708504124731301, "log10_lambda": 0.03416249131704685, "log10_min_child_weight": 0.4372824899342592, "log10_subsample": -0.8042343127279664, "max_depth": 7.0, "num_boost_round": 8.0}, "datetime": {"datetime": "2024-01-19 02:06:33", "elapsed": 6883.012497, "delta": 0.006126}}
{"target": -17.677181349089732, "params": {"gamma": 393.08112810256335, "log10_alpha": -2.515335673159073, "log10_colsample_bytree": -0.7312461142875826, "log10_eta": -3.708504124731301, "log10_lambda": 0.03416249131704685, "log10_min_child_weight": 0.4372824899342592, "log10_subsample": -0.8042343127279664, "max_depth": 7.0, "num_boost_round": 9.0}, "datetime": {"datetime": "2024-01-19 02:06:33", "elapsed": 6883.018628, "delta": 0.006131}}
{"target": -17.67717323179141, "params": {"gamma": 393.08112810256335, "log10_alpha": -2.515335673159073, "log10_colsample_bytree": -0.7312461142875826, "log10_eta": -3.708504124731301, "log10_lambda": 0.03416249131704685, "log10_min_child_weight": 0.4372824899342592, "log10_subsample": -0.8042343127279664, "max_depth": 7.0, "num_boost_round": 10.0}, "datetime": {"datetime": "2024-01-19 02:06:33", "elapsed": 6883.024733, "delta": 0.006105}}
{"target": -17.677166132857558, "params": {"gamma": 393.08112810256335, "log10_alpha": -2.515335673159073, "log10_colsample_bytree": -0.7312461142875826, "log10_eta": -3.708504124731301, "log10_lambda": 0.03416249131704685, "log10_min_child_weight": 0.4372824899342592, "log10_subsample": -0.8042343127279664, "max_depth": 7.0, "num_boost_round": 11.0}, "datetime": {"datetime": "2024-01-19 02:06:33", "elapsed": 6883.03083, "delta": 0.006097}}
{"target": -17.67715435803434, "params": {"gamma": 393.08112810256335, "log10_alpha": -2.515335673159073, "log10_colsample_bytree": -0.7312461142875826, "log10_eta": -3.708504124731301, "log10_lambda": 0.03416249131704685, "log10_min_child_weight": 0.4372824899342592, "log10_subsample": -0.8042343127279664, "max_depth": 7.0, "num_boost_round": 12.0}, "datetime": {"datetime": "2024-01-19 02:06:33", "elapsed": 6883.036936, "delta": 0.006106}}
{"target": -17.677141193979327, "params": {"gamma": 393.08112810256335, "log10_alpha": -2.515335673159073, "log10_colsample_bytree": -0.7312461142875826, "log10_eta": -3.708504124731301, "log10_lambda": 0.03416249131704685, "log10_min_child_weight": 0.4372824899342592, "log10_subsample": -0.8042343127279664, "max_depth": 7.0, "num_boost_round": 13.0}, "datetime": {"datetime": "2024-01-19 02:06:33", "elapsed": 6883.043017, "delta": 0.006081}}
{"target": -17.67714115682933, "params": {"gamma": 393.08112810256335, "log10_alpha": -2.515335673159073, "log10_colsample_bytree": -0.7312461142875826, "log10_eta": -3.708504124731301, "log10_lambda": 0.03416249131704685, "log10_min_child_weight": 0.4372824899342592, "log10_subsample": -0.8042343127279664, "max_depth": 7.0, "num_boost_round": 14.0}, "datetime": {"datetime": "2024-01-19 02:06:33", "elapsed": 6883.049088, "delta": 0.006071}}
{"target": -17.677129879246962, "params": {"gamma": 393.08112810256335, "log10_alpha": -2.515335673159073, "log10_colsample_bytree": -0.7312461142875826, "log10_eta": -3.708504124731301, "log10_lambda": 0.03416249131704685, "log10_min_child_weight": 0.4372824899342592, "log10_subsample": -0.8042343127279664, "max_depth": 7.0, "num_boost_round": 15.0}, "datetime": {"datetime": "2024-01-19 02:06:33", "elapsed": 6883.055583, "delta": 0.006495}}
{"target": -17.677122579422633, "params": {"gamma": 393.08112810256335, "log10_alpha": -2.515335673159073, "log10_colsample_bytree": -0.7312461142875826, "log10_eta": -3.708504124731301, "log10_lambda": 0.03416249131704685, "log10_min_child_weight": 0.4372824899342592, "log10_subsample": -0.8042343127279664, "max_depth": 7.0, "num_boost_round": 16.0}, "datetime": {"datetime": "2024-01-19 02:06:33", "elapsed": 6883.062075, "delta": 0.006492}}
{"target": -17.67710744508961, "params": {"gamma": 393.08112810256335, "log10_alpha": -2.515335673159073, "log10_colsample_bytree": -0.7312461142875826, "log10_eta": -3.708504124731301, "log10_lambda": 0.03416249131704685, "log10_min_child_weight": 0.4372824899342592, "log10_subsample": -0.8042343127279664, "max_depth": 7.0, "num_boost_round": 17.0}, "datetime": {"datetime": "2024-01-19 02:06:33", "elapsed": 6883.068173, "delta": 0.006098}}
{"target": -17.677116738273664, "params": {"gamma": 393.08112810256335, "log10_alpha": -2.515335673159073, "log10_colsample_bytree": -0.7312461142875826, "log10_eta": -3.708504124731301, "log10_lambda": 0.03416249131704685, "log10_min_child_weight": 0.4372824899342592, "log10_subsample": -0.8042343127279664, "max_depth": 7.0, "num_boost_round": 18.0}, "datetime": {"datetime": "2024-01-19 02:06:33", "elapsed": 6883.074283, "delta": 0.00611}}
{"target": -17.677114231970137, "params": {"gamma": 393.08112810256335, "log10_alpha": -2.515335673159073, "log10_colsample_bytree": -0.7312461142875826, "log10_eta": -3.708504124731301, "log10_lambda": 0.03416249131704685, "log10_min_child_weight": 0.4372824899342592, "log10_subsample": -0.8042343127279664, "max_depth": 7.0, "num_boost_round": 19.0}, "datetime": {"datetime": "2024-01-19 02:06:33", "elapsed": 6883.080289, "delta": 0.006006}}
{"target": -17.677096410497345, "params": {"gamma": 393.08112810256335, "log10_alpha": -2.515335673159073, "log10_colsample_bytree": -0.7312461142875826, "log10_eta": -3.708504124731301, "log10_lambda": 0.03416249131704685, "log10_min_child_weight": 0.4372824899342592, "log10_subsample": -0.8042343127279664, "max_depth": 7.0, "num_boost_round": 20.0}, "datetime": {"datetime": "2024-01-19 02:06:33", "elapsed": 6883.086469, "delta": 0.00618}}
{"target": -17.677079211622672, "params": {"gamma": 393.08112810256335, "log10_alpha": -2.515335673159073, "log10_colsample_bytree": -0.7312461142875826, "log10_eta": -3.708504124731301, "log10_lambda": 0.03416249131704685, "log10_min_child_weight": 0.4372824899342592, "log10_subsample": -0.8042343127279664, "max_depth": 7.0, "num_boost_round": 21.0}, "datetime": {"datetime": "2024-01-19 02:06:33", "elapsed": 6883.092608, "delta": 0.006139}}
{"target": -17.677229563510643, "params": {"gamma": 381.9357627589116, "log10_alpha": -2.7148912274736157, "log10_colsample_bytree": -0.5158890853586471, "log10_eta": -3.829008176027922, "log10_lambda": -1.983106847168667, "log10_min_child_weight": 3.425659430186987, "log10_subsample": -0.7062566050940333, "max_depth": 3.0, "num_boost_round": 0.0}, "datetime": {"datetime": "2024-01-19 02:08:15", "elapsed": 6985.30758, "delta": 102.214972}}
{"target": -17.677227528181966, "params": {"gamma": 381.9357627589116, "log10_alpha": -2.7148912274736157, "log10_colsample_bytree": -0.5158890853586471, "log10_eta": -3.829008176027922, "log10_lambda": -1.983106847168667, "log10_min_child_weight": 3.425659430186987, "log10_subsample": -0.7062566050940333, "max_depth": 3.0, "num_boost_round": 1.0}, "datetime": {"datetime": "2024-01-19 02:08:15", "elapsed": 6985.315737, "delta": 0.008157}}
{"target": -17.677222201838923, "params": {"gamma": 381.9357627589116, "log10_alpha": -2.7148912274736157, "log10_colsample_bytree": -0.5158890853586471, "log10_eta": -3.829008176027922, "log10_lambda": -1.983106847168667, "log10_min_child_weight": 3.425659430186987, "log10_subsample": -0.7062566050940333, "max_depth": 3.0, "num_boost_round": 2.0}, "datetime": {"datetime": "2024-01-19 02:08:15", "elapsed": 6985.32378, "delta": 0.008043}}
{"target": -17.67722371655943, "params": {"gamma": 381.9357627589116, "log10_alpha": -2.7148912274736157, "log10_colsample_bytree": -0.5158890853586471, "log10_eta": -3.829008176027922, "log10_lambda": -1.983106847168667, "log10_min_child_weight": 3.425659430186987, "log10_subsample": -0.7062566050940333, "max_depth": 3.0, "num_boost_round": 3.0}, "datetime": {"datetime": "2024-01-19 02:08:15", "elapsed": 6985.330641, "delta": 0.006861}}
{"target": -17.67722229117987, "params": {"gamma": 381.9357627589116, "log10_alpha": -2.7148912274736157, "log10_colsample_bytree": -0.5158890853586471, "log10_eta": -3.829008176027922, "log10_lambda": -1.983106847168667, "log10_min_child_weight": 3.425659430186987, "log10_subsample": -0.7062566050940333, "max_depth": 3.0, "num_boost_round": 4.0}, "datetime": {"datetime": "2024-01-19 02:08:15", "elapsed": 6985.337918, "delta": 0.007277}}
{"target": -17.677220096711398, "params": {"gamma": 381.9357627589116, "log10_alpha": -2.7148912274736157, "log10_colsample_bytree": -0.5158890853586471, "log10_eta": -3.829008176027922, "log10_lambda": -1.983106847168667, "log10_min_child_weight": 3.425659430186987, "log10_subsample": -0.7062566050940333, "max_depth": 3.0, "num_boost_round": 5.0}, "datetime": {"datetime": "2024-01-19 02:08:15", "elapsed": 6985.344619, "delta": 0.006701}}
{"target": -17.67721614809095, "params": {"gamma": 381.9357627589116, "log10_alpha": -2.7148912274736157, "log10_colsample_bytree": -0.5158890853586471, "log10_eta": -3.829008176027922, "log10_lambda": -1.983106847168667, "log10_min_child_weight": 3.425659430186987, "log10_subsample": -0.7062566050940333, "max_depth": 3.0, "num_boost_round": 6.0}, "datetime": {"datetime": "2024-01-19 02:08:15", "elapsed": 6985.351047, "delta": 0.006428}}
{"target": -17.677212586352457, "params": {"gamma": 381.9357627589116, "log10_alpha": -2.7148912274736157, "log10_colsample_bytree": -0.5158890853586471, "log10_eta": -3.829008176027922, "log10_lambda": -1.983106847168667, "log10_min_child_weight": 3.425659430186987, "log10_subsample": -0.7062566050940333, "max_depth": 3.0, "num_boost_round": 7.0}, "datetime": {"datetime": "2024-01-19 02:08:15", "elapsed": 6985.357297, "delta": 0.00625}}
{"target": -17.677208329074073, "params": {"gamma": 381.9357627589116, "log10_alpha": -2.7148912274736157, "log10_colsample_bytree": -0.5158890853586471, "log10_eta": -3.829008176027922, "log10_lambda": -1.983106847168667, "log10_min_child_weight": 3.425659430186987, "log10_subsample": -0.7062566050940333, "max_depth": 3.0, "num_boost_round": 8.0}, "datetime": {"datetime": "2024-01-19 02:08:15", "elapsed": 6985.36337, "delta": 0.006073}}
{"target": -17.677204852074876, "params": {"gamma": 381.9357627589116, "log10_alpha": -2.7148912274736157, "log10_colsample_bytree": -0.5158890853586471, "log10_eta": -3.829008176027922, "log10_lambda": -1.983106847168667, "log10_min_child_weight": 3.425659430186987, "log10_subsample": -0.7062566050940333, "max_depth": 3.0, "num_boost_round": 9.0}, "datetime": {"datetime": "2024-01-19 02:08:15", "elapsed": 6985.36946, "delta": 0.00609}}
{"target": -17.677201079010505, "params": {"gamma": 381.9357627589116, "log10_alpha": -2.7148912274736157, "log10_colsample_bytree": -0.5158890853586471, "log10_eta": -3.829008176027922, "log10_lambda": -1.983106847168667, "log10_min_child_weight": 3.425659430186987, "log10_subsample": -0.7062566050940333, "max_depth": 3.0, "num_boost_round": 10.0}, "datetime": {"datetime": "2024-01-19 02:08:15", "elapsed": 6985.375763, "delta": 0.006303}}
{"target": -17.677195541351548, "params": {"gamma": 381.9357627589116, "log10_alpha": -2.7148912274736157, "log10_colsample_bytree": -0.5158890853586471, "log10_eta": -3.829008176027922, "log10_lambda": -1.983106847168667, "log10_min_child_weight": 3.425659430186987, "log10_subsample": -0.7062566050940333, "max_depth": 3.0, "num_boost_round": 11.0}, "datetime": {"datetime": "2024-01-19 02:08:15", "elapsed": 6985.382306, "delta": 0.006543}}
{"target": -17.67719002802136, "params": {"gamma": 381.9357627589116, "log10_alpha": -2.7148912274736157, "log10_colsample_bytree": -0.5158890853586471, "log10_eta": -3.829008176027922, "log10_lambda": -1.983106847168667, "log10_min_child_weight": 3.425659430186987, "log10_subsample": -0.7062566050940333, "max_depth": 3.0, "num_boost_round": 12.0}, "datetime": {"datetime": "2024-01-19 02:08:15", "elapsed": 6985.388915, "delta": 0.006609}}
{"target": -17.677227103645297, "params": {"gamma": 404.127485884196, "log10_alpha": 0.6293851583553813, "log10_colsample_bytree": -0.15936056928790998, "log10_eta": -3.7094506089577313, "log10_lambda": -2.2109792057991116, "log10_min_child_weight": 4.027078116573258, "log10_subsample": -0.13495718779573473, "max_depth": 5.0, "num_boost_round": 0.0}, "datetime": {"datetime": "2024-01-19 02:09:23", "elapsed": 7053.314276, "delta": 67.925361}}
{"target": -17.677221256827295, "params": {"gamma": 404.127485884196, "log10_alpha": 0.6293851583553813, "log10_colsample_bytree": -0.15936056928790998, "log10_eta": -3.7094506089577313, "log10_lambda": -2.2109792057991116, "log10_min_child_weight": 4.027078116573258, "log10_subsample": -0.13495718779573473, "max_depth": 5.0, "num_boost_round": 1.0}, "datetime": {"datetime": "2024-01-19 02:09:23", "elapsed": 7053.321563, "delta": 0.007287}}
{"target": -17.677215724014328, "params": {"gamma": 404.127485884196, "log10_alpha": 0.6293851583553813, "log10_colsample_bytree": -0.15936056928790998, "log10_eta": -3.7094506089577313, "log10_lambda": -2.2109792057991116, "log10_min_child_weight": 4.027078116573258, "log10_subsample": -0.13495718779573473, "max_depth": 5.0, "num_boost_round": 2.0}, "datetime": {"datetime": "2024-01-19 02:09:23", "elapsed": 7053.328416, "delta": 0.006853}}
{"target": -17.677213490556788, "params": {"gamma": 404.127485884196, "log10_alpha": 0.6293851583553813, "log10_colsample_bytree": -0.15936056928790998, "log10_eta": -3.7094506089577313, "log10_lambda": -2.2109792057991116, "log10_min_child_weight": 4.027078116573258, "log10_subsample": -0.13495718779573473, "max_depth": 5.0, "num_boost_round": 3.0}, "datetime": {"datetime": "2024-01-19 02:09:23", "elapsed": 7053.336373, "delta": 0.007957}}
{"target": -17.677206246833773, "params": {"gamma": 404.127485884196, "log10_alpha": 0.6293851583553813, "log10_colsample_bytree": -0.15936056928790998, "log10_eta": -3.7094506089577313, "log10_lambda": -2.2109792057991116, "log10_min_child_weight": 4.027078116573258, "log10_subsample": -0.13495718779573473, "max_depth": 5.0, "num_boost_round": 4.0}, "datetime": {"datetime": "2024-01-19 02:09:23", "elapsed": 7053.343508, "delta": 0.007135}}
{"target": -17.677200949647613, "params": {"gamma": 404.127485884196, "log10_alpha": 0.6293851583553813, "log10_colsample_bytree": -0.15936056928790998, "log10_eta": -3.7094506089577313, "log10_lambda": -2.2109792057991116, "log10_min_child_weight": 4.027078116573258, "log10_subsample": -0.13495718779573473, "max_depth": 5.0, "num_boost_round": 5.0}, "datetime": {"datetime": "2024-01-19 02:09:23", "elapsed": 7053.350391, "delta": 0.006883}}
{"target": -17.67719782797811, "params": {"gamma": 404.127485884196, "log10_alpha": 0.6293851583553813, "log10_colsample_bytree": -0.15936056928790998, "log10_eta": -3.7094506089577313, "log10_lambda": -2.2109792057991116, "log10_min_child_weight": 4.027078116573258, "log10_subsample": -0.13495718779573473, "max_depth": 5.0, "num_boost_round": 6.0}, "datetime": {"datetime": "2024-01-19 02:09:23", "elapsed": 7053.356977, "delta": 0.006586}}
{"target": -17.677192067180577, "params": {"gamma": 404.127485884196, "log10_alpha": 0.6293851583553813, "log10_colsample_bytree": -0.15936056928790998, "log10_eta": -3.7094506089577313, "log10_lambda": -2.2109792057991116, "log10_min_child_weight": 4.027078116573258, "log10_subsample": -0.13495718779573473, "max_depth": 5.0, "num_boost_round": 7.0}, "datetime": {"datetime": "2024-01-19 02:09:23", "elapsed": 7053.363442, "delta": 0.006465}}
{"target": -17.677186832413913, "params": {"gamma": 404.127485884196, "log10_alpha": 0.6293851583553813, "log10_colsample_bytree": -0.15936056928790998, "log10_eta": -3.7094506089577313, "log10_lambda": -2.2109792057991116, "log10_min_child_weight": 4.027078116573258, "log10_subsample": -0.13495718779573473, "max_depth": 5.0, "num_boost_round": 8.0}, "datetime": {"datetime": "2024-01-19 02:09:23", "elapsed": 7053.369895, "delta": 0.006453}}
{"target": -17.67718822888795, "params": {"gamma": 404.127485884196, "log10_alpha": 0.6293851583553813, "log10_colsample_bytree": -0.15936056928790998, "log10_eta": -3.7094506089577313, "log10_lambda": -2.2109792057991116, "log10_min_child_weight": 4.027078116573258, "log10_subsample": -0.13495718779573473, "max_depth": 5.0, "num_boost_round": 9.0}, "datetime": {"datetime": "2024-01-19 02:09:23", "elapsed": 7053.501323, "delta": 0.131428}}
{"target": -17.67718319696189, "params": {"gamma": 404.127485884196, "log10_alpha": 0.6293851583553813, "log10_colsample_bytree": -0.15936056928790998, "log10_eta": -3.7094506089577313, "log10_lambda": -2.2109792057991116, "log10_min_child_weight": 4.027078116573258, "log10_subsample": -0.13495718779573473, "max_depth": 5.0, "num_boost_round": 10.0}, "datetime": {"datetime": "2024-01-19 02:09:23", "elapsed": 7053.50961, "delta": 0.008287}}
