{"target": -13.75590308502745, "params": {"gamma": 435.3821940933764, "log10_alpha": -0.6178885962460754, "log10_colsample_bytree": -0.9540062312305284, "log10_eta": -2.326247397443963, "log10_lambda": -0.38382129427254696, "log10_min_child_weight": 2.846986103434188, "log10_subsample": -0.07753236627742477, "max_depth": 7.0, "num_boost_round": 34.0}, "datetime": {"datetime": "2024-01-19 00:22:13", "elapsed": 637.14674, "delta": 0.001434}}
{"target": -13.755783224391735, "params": {"gamma": 435.3821940933764, "log10_alpha": -0.6178885962460754, "log10_colsample_bytree": -0.9540062312305284, "log10_eta": -2.326247397443963, "log10_lambda": -0.38382129427254696, "log10_min_child_weight": 2.846986103434188, "log10_subsample": -0.07753236627742477, "max_depth": 7.0, "num_boost_round": 35.0}, "datetime": {"datetime": "2024-01-19 00:22:13", "elapsed": 637.14817, "delta": 0.00143}}
{"target": -13.755850128721807, "params": {"gamma": 435.3821940933764, "log10_alpha": -0.6178885962460754, "log10_colsample_bytree": -0.9540062312305284, "log10_eta": -2.326247397443963, "log10_lambda": -0.38382129427254696, "log10_min_child_weight": 2.846986103434188, "log10_subsample": -0.07753236627742477, "max_depth": 7.0, "num_boost_round": 36.0}, "datetime": {"datetime": "2024-01-19 00:22:13", "elapsed": 637.149622, "delta": 0.001452}}
{"target": -13.755724246602071, "params": {"gamma": 435.3821940933764, "log10_alpha": -0.6178885962460754, "log10_colsample_bytree": -0.9540062312305284, "log10_eta": -2.326247397443963, "log10_lambda": -0.38382129427254696, "log10_min_child_weight": 2.846986103434188, "log10_subsample": -0.07753236627742477, "max_depth": 7.0, "num_boost_round": 37.0}, "datetime": {"datetime": "2024-01-19 00:22:13", "elapsed": 637.151103, "delta": 0.001481}}
{"target": -13.755762660919931, "params": {"gamma": 435.3821940933764, "log10_alpha": -0.6178885962460754, "log10_colsample_bytree": -0.9540062312305284, "log10_eta": -2.326247397443963, "log10_lambda": -0.38382129427254696, "log10_min_child_weight": 2.846986103434188, "log10_subsample": -0.07753236627742477, "max_depth": 7.0, "num_boost_round": 38.0}, "datetime": {"datetime": "2024-01-19 00:22:13", "elapsed": 637.152538, "delta": 0.001435}}
{"target": -13.75579064690003, "params": {"gamma": 435.3821940933764, "log10_alpha": -0.6178885962460754, "log10_colsample_bytree": -0.9540062312305284, "log10_eta": -2.326247397443963, "log10_lambda": -0.38382129427254696, "log10_min_child_weight": 2.846986103434188, "log10_subsample": -0.07753236627742477, "max_depth": 7.0, "num_boost_round": 39.0}, "datetime": {"datetime": "2024-01-19 00:22:13", "elapsed": 637.153976, "delta": 0.001438}}
{"target": -13.755917364130731, "params": {"gamma": 435.3821940933764, "log10_alpha": -0.6178885962460754, "log10_colsample_bytree": -0.9540062312305284, "log10_eta": -2.326247397443963, "log10_lambda": -0.38382129427254696, "log10_min_child_weight": 2.846986103434188, "log10_subsample": -0.07753236627742477, "max_depth": 7.0, "num_boost_round": 40.0}, "datetime": {"datetime": "2024-01-19 00:22:13", "elapsed": 637.15549, "delta": 0.001514}}
{"target": -13.757826817656971, "params": {"gamma": 458.7679858721701, "log10_alpha": -2.6173860401778644, "log10_colsample_bytree": -0.5837719262891256, "log10_eta": -1.2533316916578863, "log10_lambda": -0.023566373937772944, "log10_min_child_weight": 3.116699451558884, "log10_subsample": -0.7529896060368781, "max_depth": 3.0, "num_boost_round": 0.0}, "datetime": {"datetime": "2024-01-19 00:22:44", "elapsed": 668.026057, "delta": 30.870567}}
{"target": -13.757547404853884, "params": {"gamma": 458.7679858721701, "log10_alpha": -2.6173860401778644, "log10_colsample_bytree": -0.5837719262891256, "log10_eta": -1.2533316916578863, "log10_lambda": -0.023566373937772944, "log10_min_child_weight": 3.116699451558884, "log10_subsample": -0.7529896060368781, "max_depth": 3.0, "num_boost_round": 1.0}, "datetime": {"datetime": "2024-01-19 00:22:44", "elapsed": 668.028119, "delta": 0.002062}}
{"target": -13.758355851089442, "params": {"gamma": 458.7679858721701, "log10_alpha": -2.6173860401778644, "log10_colsample_bytree": -0.5837719262891256, "log10_eta": -1.2533316916578863, "log10_lambda": -0.023566373937772944, "log10_min_child_weight": 3.116699451558884, "log10_subsample": -0.7529896060368781, "max_depth": 3.0, "num_boost_round": 2.0}, "datetime": {"datetime": "2024-01-19 00:22:44", "elapsed": 668.029655, "delta": 0.001536}}
{"target": -13.75851358395606, "params": {"gamma": 458.7679858721701, "log10_alpha": -2.6173860401778644, "log10_colsample_bytree": -0.5837719262891256, "log10_eta": -1.2533316916578863, "log10_lambda": -0.023566373937772944, "log10_min_child_weight": 3.116699451558884, "log10_subsample": -0.7529896060368781, "max_depth": 3.0, "num_boost_round": 3.0}, "datetime": {"datetime": "2024-01-19 00:22:44", "elapsed": 668.031497, "delta": 0.001842}}
{"target": -13.75883793120801, "params": {"gamma": 458.7679858721701, "log10_alpha": -2.6173860401778644, "log10_colsample_bytree": -0.5837719262891256, "log10_eta": -1.2533316916578863, "log10_lambda": -0.023566373937772944, "log10_min_child_weight": 3.116699451558884, "log10_subsample": -0.7529896060368781, "max_depth": 3.0, "num_boost_round": 4.0}, "datetime": {"datetime": "2024-01-19 00:22:44", "elapsed": 668.032955, "delta": 0.001458}}
{"target": -13.759128469234817, "params": {"gamma": 458.7679858721701, "log10_alpha": -2.6173860401778644, "log10_colsample_bytree": -0.5837719262891256, "log10_eta": -1.2533316916578863, "log10_lambda": -0.023566373937772944, "log10_min_child_weight": 3.116699451558884, "log10_subsample": -0.7529896060368781, "max_depth": 3.0, "num_boost_round": 5.0}, "datetime": {"datetime": "2024-01-19 00:22:44", "elapsed": 668.034529, "delta": 0.001574}}
{"target": -13.759539711619249, "params": {"gamma": 458.7679858721701, "log10_alpha": -2.6173860401778644, "log10_colsample_bytree": -0.5837719262891256, "log10_eta": -1.2533316916578863, "log10_lambda": -0.023566373937772944, "log10_min_child_weight": 3.116699451558884, "log10_subsample": -0.7529896060368781, "max_depth": 3.0, "num_boost_round": 6.0}, "datetime": {"datetime": "2024-01-19 00:22:44", "elapsed": 668.035974, "delta": 0.001445}}
{"target": -13.758860752061317, "params": {"gamma": 458.7679858721701, "log10_alpha": -2.6173860401778644, "log10_colsample_bytree": -0.5837719262891256, "log10_eta": -1.2533316916578863, "log10_lambda": -0.023566373937772944, "log10_min_child_weight": 3.116699451558884, "log10_subsample": -0.7529896060368781, "max_depth": 3.0, "num_boost_round": 7.0}, "datetime": {"datetime": "2024-01-19 00:22:44", "elapsed": 668.037426, "delta": 0.001452}}
{"target": -13.758269589042746, "params": {"gamma": 458.7679858721701, "log10_alpha": -2.6173860401778644, "log10_colsample_bytree": -0.5837719262891256, "log10_eta": -1.2533316916578863, "log10_lambda": -0.023566373937772944, "log10_min_child_weight": 3.116699451558884, "log10_subsample": -0.7529896060368781, "max_depth": 3.0, "num_boost_round": 8.0}, "datetime": {"datetime": "2024-01-19 00:22:44", "elapsed": 668.03887, "delta": 0.001444}}
{"target": -13.7582547961855, "params": {"gamma": 458.7679858721701, "log10_alpha": -2.6173860401778644, "log10_colsample_bytree": -0.5837719262891256, "log10_eta": -1.2533316916578863, "log10_lambda": -0.023566373937772944, "log10_min_child_weight": 3.116699451558884, "log10_subsample": -0.7529896060368781, "max_depth": 3.0, "num_boost_round": 9.0}, "datetime": {"datetime": "2024-01-19 00:22:44", "elapsed": 668.040328, "delta": 0.001458}}
{"target": -13.757704227270096, "params": {"gamma": 458.7679858721701, "log10_alpha": -2.6173860401778644, "log10_colsample_bytree": -0.5837719262891256, "log10_eta": -1.2533316916578863, "log10_lambda": -0.023566373937772944, "log10_min_child_weight": 3.116699451558884, "log10_subsample": -0.7529896060368781, "max_depth": 3.0, "num_boost_round": 10.0}, "datetime": {"datetime": "2024-01-19 00:22:44", "elapsed": 668.041787, "delta": 0.001459}}
{"target": -13.75769569109075, "params": {"gamma": 458.7679858721701, "log10_alpha": -2.6173860401778644, "log10_colsample_bytree": -0.5837719262891256, "log10_eta": -1.2533316916578863, "log10_lambda": -0.023566373937772944, "log10_min_child_weight": 3.116699451558884, "log10_subsample": -0.7529896060368781, "max_depth": 3.0, "num_boost_round": 11.0}, "datetime": {"datetime": "2024-01-19 00:22:44", "elapsed": 668.043238, "delta": 0.001451}}
{"target": -13.757782559306944, "params": {"gamma": 458.7679858721701, "log10_alpha": -2.6173860401778644, "log10_colsample_bytree": -0.5837719262891256, "log10_eta": -1.2533316916578863, "log10_lambda": -0.023566373937772944, "log10_min_child_weight": 3.116699451558884, "log10_subsample": -0.7529896060368781, "max_depth": 3.0, "num_boost_round": 12.0}, "datetime": {"datetime": "2024-01-19 00:22:44", "elapsed": 668.044726, "delta": 0.001488}}
{"target": -13.758137150734557, "params": {"gamma": 458.7679858721701, "log10_alpha": -2.6173860401778644, "log10_colsample_bytree": -0.5837719262891256, "log10_eta": -1.2533316916578863, "log10_lambda": -0.023566373937772944, "log10_min_child_weight": 3.116699451558884, "log10_subsample": -0.7529896060368781, "max_depth": 3.0, "num_boost_round": 13.0}, "datetime": {"datetime": "2024-01-19 00:22:44", "elapsed": 668.046179, "delta": 0.001453}}
{"target": -13.75861422787212, "params": {"gamma": 458.7679858721701, "log10_alpha": -2.6173860401778644, "log10_colsample_bytree": -0.5837719262891256, "log10_eta": -1.2533316916578863, "log10_lambda": -0.023566373937772944, "log10_min_child_weight": 3.116699451558884, "log10_subsample": -0.7529896060368781, "max_depth": 3.0, "num_boost_round": 14.0}, "datetime": {"datetime": "2024-01-19 00:22:44", "elapsed": 668.047635, "delta": 0.001456}}
{"target": -13.759019604820423, "params": {"gamma": 458.7679858721701, "log10_alpha": -2.6173860401778644, "log10_colsample_bytree": -0.5837719262891256, "log10_eta": -1.2533316916578863, "log10_lambda": -0.023566373937772944, "log10_min_child_weight": 3.116699451558884, "log10_subsample": -0.7529896060368781, "max_depth": 3.0, "num_boost_round": 15.0}, "datetime": {"datetime": "2024-01-19 00:22:44", "elapsed": 668.049097, "delta": 0.001462}}
{"target": -13.7591506257021, "params": {"gamma": 458.7679858721701, "log10_alpha": -2.6173860401778644, "log10_colsample_bytree": -0.5837719262891256, "log10_eta": -1.2533316916578863, "log10_lambda": -0.023566373937772944, "log10_min_child_weight": 3.116699451558884, "log10_subsample": -0.7529896060368781, "max_depth": 3.0, "num_boost_round": 16.0}, "datetime": {"datetime": "2024-01-19 00:22:44", "elapsed": 668.050611, "delta": 0.001514}}
{"target": -13.760089946394631, "params": {"gamma": 458.7679858721701, "log10_alpha": -2.6173860401778644, "log10_colsample_bytree": -0.5837719262891256, "log10_eta": -1.2533316916578863, "log10_lambda": -0.023566373937772944, "log10_min_child_weight": 3.116699451558884, "log10_subsample": -0.7529896060368781, "max_depth": 3.0, "num_boost_round": 17.0}, "datetime": {"datetime": "2024-01-19 00:22:44", "elapsed": 668.052066, "delta": 0.001455}}
{"target": -13.760104895628013, "params": {"gamma": 458.7679858721701, "log10_alpha": -2.6173860401778644, "log10_colsample_bytree": -0.5837719262891256, "log10_eta": -1.2533316916578863, "log10_lambda": -0.023566373937772944, "log10_min_child_weight": 3.116699451558884, "log10_subsample": -0.7529896060368781, "max_depth": 3.0, "num_boost_round": 18.0}, "datetime": {"datetime": "2024-01-19 00:22:44", "elapsed": 668.053586, "delta": 0.00152}}
{"target": -13.760217357562116, "params": {"gamma": 458.7679858721701, "log10_alpha": -2.6173860401778644, "log10_colsample_bytree": -0.5837719262891256, "log10_eta": -1.2533316916578863, "log10_lambda": -0.023566373937772944, "log10_min_child_weight": 3.116699451558884, "log10_subsample": -0.7529896060368781, "max_depth": 3.0, "num_boost_round": 19.0}, "datetime": {"datetime": "2024-01-19 00:22:44", "elapsed": 668.055115, "delta": 0.001529}}
{"target": -13.761046167231992, "params": {"gamma": 458.7679858721701, "log10_alpha": -2.6173860401778644, "log10_colsample_bytree": -0.5837719262891256, "log10_eta": -1.2533316916578863, "log10_lambda": -0.023566373937772944, "log10_min_child_weight": 3.116699451558884, "log10_subsample": -0.7529896060368781, "max_depth": 3.0, "num_boost_round": 20.0}, "datetime": {"datetime": "2024-01-19 00:22:44", "elapsed": 668.056615, "delta": 0.0015}}
{"target": -13.761358082552324, "params": {"gamma": 458.7679858721701, "log10_alpha": -2.6173860401778644, "log10_colsample_bytree": -0.5837719262891256, "log10_eta": -1.2533316916578863, "log10_lambda": -0.023566373937772944, "log10_min_child_weight": 3.116699451558884, "log10_subsample": -0.7529896060368781, "max_depth": 3.0, "num_boost_round": 21.0}, "datetime": {"datetime": "2024-01-19 00:22:44", "elapsed": 668.05809, "delta": 0.001475}}
{"target": -13.762046954972362, "params": {"gamma": 458.7679858721701, "log10_alpha": -2.6173860401778644, "log10_colsample_bytree": -0.5837719262891256, "log10_eta": -1.2533316916578863, "log10_lambda": -0.023566373937772944, "log10_min_child_weight": 3.116699451558884, "log10_subsample": -0.7529896060368781, "max_depth": 3.0, "num_boost_round": 22.0}, "datetime": {"datetime": "2024-01-19 00:22:44", "elapsed": 668.059589, "delta": 0.001499}}
{"target": -13.761871189974375, "params": {"gamma": 458.7679858721701, "log10_alpha": -2.6173860401778644, "log10_colsample_bytree": -0.5837719262891256, "log10_eta": -1.2533316916578863, "log10_lambda": -0.023566373937772944, "log10_min_child_weight": 3.116699451558884, "log10_subsample": -0.7529896060368781, "max_depth": 3.0, "num_boost_round": 23.0}, "datetime": {"datetime": "2024-01-19 00:22:44", "elapsed": 668.061061, "delta": 0.001472}}
{"target": -13.76183519705686, "params": {"gamma": 458.7679858721701, "log10_alpha": -2.6173860401778644, "log10_colsample_bytree": -0.5837719262891256, "log10_eta": -1.2533316916578863, "log10_lambda": -0.023566373937772944, "log10_min_child_weight": 3.116699451558884, "log10_subsample": -0.7529896060368781, "max_depth": 3.0, "num_boost_round": 24.0}, "datetime": {"datetime": "2024-01-19 00:22:44", "elapsed": 668.062559, "delta": 0.001498}}
{"target": -13.760829798605874, "params": {"gamma": 458.7679858721701, "log10_alpha": -2.6173860401778644, "log10_colsample_bytree": -0.5837719262891256, "log10_eta": -1.2533316916578863, "log10_lambda": -0.023566373937772944, "log10_min_child_weight": 3.116699451558884, "log10_subsample": -0.7529896060368781, "max_depth": 3.0, "num_boost_round": 25.0}, "datetime": {"datetime": "2024-01-19 00:22:44", "elapsed": 668.064072, "delta": 0.001513}}
{"target": -13.761984281141746, "params": {"gamma": 458.7679858721701, "log10_alpha": -2.6173860401778644, "log10_colsample_bytree": -0.5837719262891256, "log10_eta": -1.2533316916578863, "log10_lambda": -0.023566373937772944, "log10_min_child_weight": 3.116699451558884, "log10_subsample": -0.7529896060368781, "max_depth": 3.0, "num_boost_round": 26.0}, "datetime": {"datetime": "2024-01-19 00:22:44", "elapsed": 668.065557, "delta": 0.001485}}
{"target": -13.762167475509168, "params": {"gamma": 458.7679858721701, "log10_alpha": -2.6173860401778644, "log10_colsample_bytree": -0.5837719262891256, "log10_eta": -1.2533316916578863, "log10_lambda": -0.023566373937772944, "log10_min_child_weight": 3.116699451558884, "log10_subsample": -0.7529896060368781, "max_depth": 3.0, "num_boost_round": 27.0}, "datetime": {"datetime": "2024-01-19 00:22:44", "elapsed": 668.067032, "delta": 0.001475}}
{"target": -13.763040523331574, "params": {"gamma": 458.7679858721701, "log10_alpha": -2.6173860401778644, "log10_colsample_bytree": -0.5837719262891256, "log10_eta": -1.2533316916578863, "log10_lambda": -0.023566373937772944, "log10_min_child_weight": 3.116699451558884, "log10_subsample": -0.7529896060368781, "max_depth": 3.0, "num_boost_round": 28.0}, "datetime": {"datetime": "2024-01-19 00:22:44", "elapsed": 668.068503, "delta": 0.001471}}
{"target": -13.763523377476147, "params": {"gamma": 458.7679858721701, "log10_alpha": -2.6173860401778644, "log10_colsample_bytree": -0.5837719262891256, "log10_eta": -1.2533316916578863, "log10_lambda": -0.023566373937772944, "log10_min_child_weight": 3.116699451558884, "log10_subsample": -0.7529896060368781, "max_depth": 3.0, "num_boost_round": 29.0}, "datetime": {"datetime": "2024-01-19 00:22:44", "elapsed": 668.070026, "delta": 0.001523}}
{"target": -13.763375416716599, "params": {"gamma": 458.7679858721701, "log10_alpha": -2.6173860401778644, "log10_colsample_bytree": -0.5837719262891256, "log10_eta": -1.2533316916578863, "log10_lambda": -0.023566373937772944, "log10_min_child_weight": 3.116699451558884, "log10_subsample": -0.7529896060368781, "max_depth": 3.0, "num_boost_round": 30.0}, "datetime": {"datetime": "2024-01-19 00:22:44", "elapsed": 668.071515, "delta": 0.001489}}
{"target": -13.763571901043772, "params": {"gamma": 458.7679858721701, "log10_alpha": -2.6173860401778644, "log10_colsample_bytree": -0.5837719262891256, "log10_eta": -1.2533316916578863, "log10_lambda": -0.023566373937772944, "log10_min_child_weight": 3.116699451558884, "log10_subsample": -0.7529896060368781, "max_depth": 3.0, "num_boost_round": 31.0}, "datetime": {"datetime": "2024-01-19 00:22:44", "elapsed": 668.072987, "delta": 0.001472}}
{"target": -13.763937009225563, "params": {"gamma": 458.7679858721701, "log10_alpha": -2.6173860401778644, "log10_colsample_bytree": -0.5837719262891256, "log10_eta": -1.2533316916578863, "log10_lambda": -0.023566373937772944, "log10_min_child_weight": 3.116699451558884, "log10_subsample": -0.7529896060368781, "max_depth": 3.0, "num_boost_round": 32.0}, "datetime": {"datetime": "2024-01-19 00:22:44", "elapsed": 668.07463, "delta": 0.001643}}
{"target": -13.763755204515105, "params": {"gamma": 458.7679858721701, "log10_alpha": -2.6173860401778644, "log10_colsample_bytree": -0.5837719262891256, "log10_eta": -1.2533316916578863, "log10_lambda": -0.023566373937772944, "log10_min_child_weight": 3.116699451558884, "log10_subsample": -0.7529896060368781, "max_depth": 3.0, "num_boost_round": 33.0}, "datetime": {"datetime": "2024-01-19 00:22:44", "elapsed": 668.076268, "delta": 0.001638}}
{"target": -13.764429899172713, "params": {"gamma": 458.7679858721701, "log10_alpha": -2.6173860401778644, "log10_colsample_bytree": -0.5837719262891256, "log10_eta": -1.2533316916578863, "log10_lambda": -0.023566373937772944, "log10_min_child_weight": 3.116699451558884, "log10_subsample": -0.7529896060368781, "max_depth": 3.0, "num_boost_round": 34.0}, "datetime": {"datetime": "2024-01-19 00:22:44", "elapsed": 668.077884, "delta": 0.001616}}
{"target": -13.764913998061205, "params": {"gamma": 458.7679858721701, "log10_alpha": -2.6173860401778644, "log10_colsample_bytree": -0.5837719262891256, "log10_eta": -1.2533316916578863, "log10_lambda": -0.023566373937772944, "log10_min_child_weight": 3.116699451558884, "log10_subsample": -0.7529896060368781, "max_depth": 3.0, "num_boost_round": 35.0}, "datetime": {"datetime": "2024-01-19 00:22:44", "elapsed": 668.079375, "delta": 0.001491}}
{"target": -13.765765600983483, "params": {"gamma": 458.7679858721701, "log10_alpha": -2.6173860401778644, "log10_colsample_bytree": -0.5837719262891256, "log10_eta": -1.2533316916578863, "log10_lambda": -0.023566373937772944, "log10_min_child_weight": 3.116699451558884, "log10_subsample": -0.7529896060368781, "max_depth": 3.0, "num_boost_round": 36.0}, "datetime": {"datetime": "2024-01-19 00:22:44", "elapsed": 668.08087, "delta": 0.001495}}
{"target": -13.766574055677701, "params": {"gamma": 458.7679858721701, "log10_alpha": -2.6173860401778644, "log10_colsample_bytree": -0.5837719262891256, "log10_eta": -1.2533316916578863, "log10_lambda": -0.023566373937772944, "log10_min_child_weight": 3.116699451558884, "log10_subsample": -0.7529896060368781, "max_depth": 3.0, "num_boost_round": 37.0}, "datetime": {"datetime": "2024-01-19 00:22:44", "elapsed": 668.082361, "delta": 0.001491}}
{"target": -13.766513612351506, "params": {"gamma": 458.7679858721701, "log10_alpha": -2.6173860401778644, "log10_colsample_bytree": -0.5837719262891256, "log10_eta": -1.2533316916578863, "log10_lambda": -0.023566373937772944, "log10_min_child_weight": 3.116699451558884, "log10_subsample": -0.7529896060368781, "max_depth": 3.0, "num_boost_round": 38.0}, "datetime": {"datetime": "2024-01-19 00:22:44", "elapsed": 668.083919, "delta": 0.001558}}
{"target": -13.76598805752807, "params": {"gamma": 458.7679858721701, "log10_alpha": -2.6173860401778644, "log10_colsample_bytree": -0.5837719262891256, "log10_eta": -1.2533316916578863, "log10_lambda": -0.023566373937772944, "log10_min_child_weight": 3.116699451558884, "log10_subsample": -0.7529896060368781, "max_depth": 3.0, "num_boost_round": 39.0}, "datetime": {"datetime": "2024-01-19 00:22:44", "elapsed": 668.085415, "delta": 0.001496}}
{"target": -13.766394927521409, "params": {"gamma": 458.7679858721701, "log10_alpha": -2.6173860401778644, "log10_colsample_bytree": -0.5837719262891256, "log10_eta": -1.2533316916578863, "log10_lambda": -0.023566373937772944, "log10_min_child_weight": 3.116699451558884, "log10_subsample": -0.7529896060368781, "max_depth": 3.0, "num_boost_round": 40.0}, "datetime": {"datetime": "2024-01-19 00:22:44", "elapsed": 668.086892, "delta": 0.001477}}
{"target": -13.766879396075307, "params": {"gamma": 458.7679858721701, "log10_alpha": -2.6173860401778644, "log10_colsample_bytree": -0.5837719262891256, "log10_eta": -1.2533316916578863, "log10_lambda": -0.023566373937772944, "log10_min_child_weight": 3.116699451558884, "log10_subsample": -0.7529896060368781, "max_depth": 3.0, "num_boost_round": 41.0}, "datetime": {"datetime": "2024-01-19 00:22:44", "elapsed": 668.088394, "delta": 0.001502}}
