{"target": -17.677220541005525, "params": {"gamma": 863.7040855971215, "log10_alpha": -1.41346516130284, "log10_colsample_bytree": -0.034605828831572705, "log10_eta": -3.835583077264315, "log10_lambda": -2.774916754431791, "log10_min_child_weight": 3.838405869200068, "log10_subsample": -0.22218483573961634, "max_depth": 7.0, "num_boost_round": 3.0}, "datetime": {"datetime": "2024-01-19 00:19:39", "elapsed": 459.82713, "delta": 0.000842}}
{"target": -17.677217150076924, "params": {"gamma": 863.7040855971215, "log10_alpha": -1.41346516130284, "log10_colsample_bytree": -0.034605828831572705, "log10_eta": -3.835583077264315, "log10_lambda": -2.774916754431791, "log10_min_child_weight": 3.838405869200068, "log10_subsample": -0.22218483573961634, "max_depth": 7.0, "num_boost_round": 4.0}, "datetime": {"datetime": "2024-01-19 00:19:39", "elapsed": 459.827928, "delta": 0.000798}}
{"target": -17.677214220243435, "params": {"gamma": 863.7040855971215, "log10_alpha": -1.41346516130284, "log10_colsample_bytree": -0.034605828831572705, "log10_eta": -3.835583077264315, "log10_lambda": -2.774916754431791, "log10_min_child_weight": 3.838405869200068, "log10_subsample": -0.22218483573961634, "max_depth": 7.0, "num_boost_round": 5.0}, "datetime": {"datetime": "2024-01-19 00:19:39", "elapsed": 459.828879, "delta": 0.000951}}
{"target": -17.67721032615308, "params": {"gamma": 863.7040855971215, "log10_alpha": -1.41346516130284, "log10_colsample_bytree": -0.034605828831572705, "log10_eta": -3.835583077264315, "log10_lambda": -2.774916754431791, "log10_min_child_weight": 3.838405869200068, "log10_subsample": -0.22218483573961634, "max_depth": 7.0, "num_boost_round": 6.0}, "datetime": {"datetime": "2024-01-19 00:19:39", "elapsed": 459.82966, "delta": 0.000781}}
{"target": -17.67720544471734, "params": {"gamma": 863.7040855971215, "log10_alpha": -1.41346516130284, "log10_colsample_bytree": -0.034605828831572705, "log10_eta": -3.835583077264315, "log10_lambda": -2.774916754431791, "log10_min_child_weight": 3.838405869200068, "log10_subsample": -0.22218483573961634, "max_depth": 7.0, "num_boost_round": 7.0}, "datetime": {"datetime": "2024-01-19 00:19:39", "elapsed": 459.830434, "delta": 0.000774}}
{"target": -17.67720101507743, "params": {"gamma": 863.7040855971215, "log10_alpha": -1.41346516130284, "log10_colsample_bytree": -0.034605828831572705, "log10_eta": -3.835583077264315, "log10_lambda": -2.774916754431791, "log10_min_child_weight": 3.838405869200068, "log10_subsample": -0.22218483573961634, "max_depth": 7.0, "num_boost_round": 8.0}, "datetime": {"datetime": "2024-01-19 00:19:39", "elapsed": 459.831319, "delta": 0.000885}}
{"target": -17.67719789556464, "params": {"gamma": 863.7040855971215, "log10_alpha": -1.41346516130284, "log10_colsample_bytree": -0.034605828831572705, "log10_eta": -3.835583077264315, "log10_lambda": -2.774916754431791, "log10_min_child_weight": 3.838405869200068, "log10_subsample": -0.22218483573961634, "max_depth": 7.0, "num_boost_round": 9.0}, "datetime": {"datetime": "2024-01-19 00:19:39", "elapsed": 459.832122, "delta": 0.000803}}
{"target": -17.67719457129636, "params": {"gamma": 863.7040855971215, "log10_alpha": -1.41346516130284, "log10_colsample_bytree": -0.034605828831572705, "log10_eta": -3.835583077264315, "log10_lambda": -2.774916754431791, "log10_min_child_weight": 3.838405869200068, "log10_subsample": -0.22218483573961634, "max_depth": 7.0, "num_boost_round": 10.0}, "datetime": {"datetime": "2024-01-19 00:19:39", "elapsed": 459.832953, "delta": 0.000831}}
{"target": -17.67718998006608, "params": {"gamma": 863.7040855971215, "log10_alpha": -1.41346516130284, "log10_colsample_bytree": -0.034605828831572705, "log10_eta": -3.835583077264315, "log10_lambda": -2.774916754431791, "log10_min_child_weight": 3.838405869200068, "log10_subsample": -0.22218483573961634, "max_depth": 7.0, "num_boost_round": 11.0}, "datetime": {"datetime": "2024-01-19 00:19:39", "elapsed": 459.833751, "delta": 0.000798}}
{"target": -17.67718677263933, "params": {"gamma": 863.7040855971215, "log10_alpha": -1.41346516130284, "log10_colsample_bytree": -0.034605828831572705, "log10_eta": -3.835583077264315, "log10_lambda": -2.774916754431791, "log10_min_child_weight": 3.838405869200068, "log10_subsample": -0.22218483573961634, "max_depth": 7.0, "num_boost_round": 12.0}, "datetime": {"datetime": "2024-01-19 00:19:39", "elapsed": 459.83455, "delta": 0.000799}}
{"target": -17.677180989184755, "params": {"gamma": 863.7040855971215, "log10_alpha": -1.41346516130284, "log10_colsample_bytree": -0.034605828831572705, "log10_eta": -3.835583077264315, "log10_lambda": -2.774916754431791, "log10_min_child_weight": 3.838405869200068, "log10_subsample": -0.22218483573961634, "max_depth": 7.0, "num_boost_round": 13.0}, "datetime": {"datetime": "2024-01-19 00:19:39", "elapsed": 459.835363, "delta": 0.000813}}
{"target": -17.677179105932154, "params": {"gamma": 863.7040855971215, "log10_alpha": -1.41346516130284, "log10_colsample_bytree": -0.034605828831572705, "log10_eta": -3.835583077264315, "log10_lambda": -2.774916754431791, "log10_min_child_weight": 3.838405869200068, "log10_subsample": -0.22218483573961634, "max_depth": 7.0, "num_boost_round": 14.0}, "datetime": {"datetime": "2024-01-19 00:19:39", "elapsed": 459.836228, "delta": 0.000865}}
{"target": -17.677229992354793, "params": {"gamma": 868.140579179894, "log10_alpha": -4.966577959815315, "log10_colsample_bytree": -0.48937700234653936, "log10_eta": -3.817659301418548, "log10_lambda": -1.9582682031778917, "log10_min_child_weight": 3.064480578855975, "log10_subsample": -0.09625291850610218, "max_depth": 9.0, "num_boost_round": 0.0}, "datetime": {"datetime": "2024-01-19 00:20:03", "elapsed": 483.730355, "delta": 23.894127}}
{"target": -17.67722302151731, "params": {"gamma": 868.140579179894, "log10_alpha": -4.966577959815315, "log10_colsample_bytree": -0.48937700234653936, "log10_eta": -3.817659301418548, "log10_lambda": -1.9582682031778917, "log10_min_child_weight": 3.064480578855975, "log10_subsample": -0.09625291850610218, "max_depth": 9.0, "num_boost_round": 1.0}, "datetime": {"datetime": "2024-01-19 00:20:03", "elapsed": 483.732174, "delta": 0.001819}}
{"target": -17.6772155640425, "params": {"gamma": 868.140579179894, "log10_alpha": -4.966577959815315, "log10_colsample_bytree": -0.48937700234653936, "log10_eta": -3.817659301418548, "log10_lambda": -1.9582682031778917, "log10_min_child_weight": 3.064480578855975, "log10_subsample": -0.09625291850610218, "max_depth": 9.0, "num_boost_round": 2.0}, "datetime": {"datetime": "2024-01-19 00:20:03", "elapsed": 483.733034, "delta": 0.00086}}
{"target": -17.67721419049896, "params": {"gamma": 868.140579179894, "log10_alpha": -4.966577959815315, "log10_colsample_bytree": -0.48937700234653936, "log10_eta": -3.817659301418548, "log10_lambda": -1.9582682031778917, "log10_min_child_weight": 3.064480578855975, "log10_subsample": -0.09625291850610218, "max_depth": 9.0, "num_boost_round": 3.0}, "datetime": {"datetime": "2024-01-19 00:20:03", "elapsed": 483.733858, "delta": 0.000824}}
{"target": -17.677203574665118, "params": {"gamma": 868.140579179894, "log10_alpha": -4.966577959815315, "log10_colsample_bytree": -0.48937700234653936, "log10_eta": -3.817659301418548, "log10_lambda": -1.9582682031778917, "log10_min_child_weight": 3.064480578855975, "log10_subsample": -0.09625291850610218, "max_depth": 9.0, "num_boost_round": 4.0}, "datetime": {"datetime": "2024-01-19 00:20:03", "elapsed": 483.73498, "delta": 0.001122}}
{"target": -17.677195816118342, "params": {"gamma": 868.140579179894, "log10_alpha": -4.966577959815315, "log10_colsample_bytree": -0.48937700234653936, "log10_eta": -3.817659301418548, "log10_lambda": -1.9582682031778917, "log10_min_child_weight": 3.064480578855975, "log10_subsample": -0.09625291850610218, "max_depth": 9.0, "num_boost_round": 5.0}, "datetime": {"datetime": "2024-01-19 00:20:03", "elapsed": 483.7358, "delta": 0.00082}}
{"target": -17.677195364604916, "params": {"gamma": 868.140579179894, "log10_alpha": -4.966577959815315, "log10_colsample_bytree": -0.48937700234653936, "log10_eta": -3.817659301418548, "log10_lambda": -1.9582682031778917, "log10_min_child_weight": 3.064480578855975, "log10_subsample": -0.09625291850610218, "max_depth": 9.0, "num_boost_round": 6.0}, "datetime": {"datetime": "2024-01-19 00:20:03", "elapsed": 483.737084, "delta": 0.001284}}
{"target": -17.677186438838547, "params": {"gamma": 868.140579179894, "log10_alpha": -4.966577959815315, "log10_colsample_bytree": -0.48937700234653936, "log10_eta": -3.817659301418548, "log10_lambda": -1.9582682031778917, "log10_min_child_weight": 3.064480578855975, "log10_subsample": -0.09625291850610218, "max_depth": 9.0, "num_boost_round": 7.0}, "datetime": {"datetime": "2024-01-19 00:20:03", "elapsed": 483.737972, "delta": 0.000888}}
{"target": -17.6771848616784, "params": {"gamma": 868.140579179894, "log10_alpha": -4.966577959815315, "log10_colsample_bytree": -0.48937700234653936, "log10_eta": -3.817659301418548, "log10_lambda": -1.9582682031778917, "log10_min_child_weight": 3.064480578855975, "log10_subsample": -0.09625291850610218, "max_depth": 9.0, "num_boost_round": 8.0}, "datetime": {"datetime": "2024-01-19 00:20:03", "elapsed": 483.738866, "delta": 0.000894}}
{"target": -17.677182086614707, "params": {"gamma": 868.140579179894, "log10_alpha": -4.966577959815315, "log10_colsample_bytree": -0.48937700234653936, "log10_eta": -3.817659301418548, "log10_lambda": -1.9582682031778917, "log10_min_child_weight": 3.064480578855975, "log10_subsample": -0.09625291850610218, "max_depth": 9.0, "num_boost_round": 9.0}, "datetime": {"datetime": "2024-01-19 00:20:03", "elapsed": 483.739694, "delta": 0.000828}}
{"target": -17.677164979601475, "params": {"gamma": 868.140579179894, "log10_alpha": -4.966577959815315, "log10_colsample_bytree": -0.48937700234653936, "log10_eta": -3.817659301418548, "log10_lambda": -1.9582682031778917, "log10_min_child_weight": 3.064480578855975, "log10_subsample": -0.09625291850610218, "max_depth": 9.0, "num_boost_round": 10.0}, "datetime": {"datetime": "2024-01-19 00:20:03", "elapsed": 483.740603, "delta": 0.000909}}
{"target": -17.677163895647652, "params": {"gamma": 868.140579179894, "log10_alpha": -4.966577959815315, "log10_colsample_bytree": -0.48937700234653936, "log10_eta": -3.817659301418548, "log10_lambda": -1.9582682031778917, "log10_min_child_weight": 3.064480578855975, "log10_subsample": -0.09625291850610218, "max_depth": 9.0, "num_boost_round": 11.0}, "datetime": {"datetime": "2024-01-19 00:20:03", "elapsed": 483.741421, "delta": 0.000818}}
{"target": -17.67716002324225, "params": {"gamma": 868.140579179894, "log10_alpha": -4.966577959815315, "log10_colsample_bytree": -0.48937700234653936, "log10_eta": -3.817659301418548, "log10_lambda": -1.9582682031778917, "log10_min_child_weight": 3.064480578855975, "log10_subsample": -0.09625291850610218, "max_depth": 9.0, "num_boost_round": 12.0}, "datetime": {"datetime": "2024-01-19 00:20:03", "elapsed": 483.742243, "delta": 0.000822}}
{"target": -17.677148684403782, "params": {"gamma": 868.140579179894, "log10_alpha": -4.966577959815315, "log10_colsample_bytree": -0.48937700234653936, "log10_eta": -3.817659301418548, "log10_lambda": -1.9582682031778917, "log10_min_child_weight": 3.064480578855975, "log10_subsample": -0.09625291850610218, "max_depth": 9.0, "num_boost_round": 13.0}, "datetime": {"datetime": "2024-01-19 00:20:03", "elapsed": 483.743054, "delta": 0.000811}}
{"target": -17.67714820455042, "params": {"gamma": 868.140579179894, "log10_alpha": -4.966577959815315, "log10_colsample_bytree": -0.48937700234653936, "log10_eta": -3.817659301418548, "log10_lambda": -1.9582682031778917, "log10_min_child_weight": 3.064480578855975, "log10_subsample": -0.09625291850610218, "max_depth": 9.0, "num_boost_round": 14.0}, "datetime": {"datetime": "2024-01-19 00:20:03", "elapsed": 483.743881, "delta": 0.000827}}
{"target": -17.677141678574664, "params": {"gamma": 868.140579179894, "log10_alpha": -4.966577959815315, "log10_colsample_bytree": -0.48937700234653936, "log10_eta": -3.817659301418548, "log10_lambda": -1.9582682031778917, "log10_min_child_weight": 3.064480578855975, "log10_subsample": -0.09625291850610218, "max_depth": 9.0, "num_boost_round": 15.0}, "datetime": {"datetime": "2024-01-19 00:20:03", "elapsed": 483.744713, "delta": 0.000832}}
{"target": -17.6771351422938, "params": {"gamma": 868.140579179894, "log10_alpha": -4.966577959815315, "log10_colsample_bytree": -0.48937700234653936, "log10_eta": -3.817659301418548, "log10_lambda": -1.9582682031778917, "log10_min_child_weight": 3.064480578855975, "log10_subsample": -0.09625291850610218, "max_depth": 9.0, "num_boost_round": 16.0}, "datetime": {"datetime": "2024-01-19 00:20:03", "elapsed": 483.745542, "delta": 0.000829}}
{"target": -17.677140783646117, "params": {"gamma": 868.140579179894, "log10_alpha": -4.966577959815315, "log10_colsample_bytree": -0.48937700234653936, "log10_eta": -3.817659301418548, "log10_lambda": -1.9582682031778917, "log10_min_child_weight": 3.064480578855975, "log10_subsample": -0.09625291850610218, "max_depth": 9.0, "num_boost_round": 17.0}, "datetime": {"datetime": "2024-01-19 00:20:03", "elapsed": 483.746356, "delta": 0.000814}}
{"target": -17.67723097764648, "params": {"gamma": 862.4704472851448, "log10_alpha": 0.36050096314795965, "log10_colsample_bytree": -0.3183520914193222, "log10_eta": -3.4259032777027083, "log10_lambda": -4.293257706147824, "log10_min_child_weight": 3.695223700865327, "log10_subsample": -0.807509061400797, "max_depth": 4.0, "num_boost_round": 0.0}, "datetime": {"datetime": "2024-01-19 00:20:23", "elapsed": 504.615034, "delta": 20.868678}}
{"target": -17.67723174992897, "params": {"gamma": 862.4704472851448, "log10_alpha": 0.36050096314795965, "log10_colsample_bytree": -0.3183520914193222, "log10_eta": -3.4259032777027083, "log10_lambda": -4.293257706147824, "log10_min_child_weight": 3.695223700865327, "log10_subsample": -0.807509061400797, "max_depth": 4.0, "num_boost_round": 1.0}, "datetime": {"datetime": "2024-01-19 00:20:23", "elapsed": 504.616183, "delta": 0.001149}}
{"target": -17.677229827094255, "params": {"gamma": 862.4704472851448, "log10_alpha": 0.36050096314795965, "log10_colsample_bytree": -0.3183520914193222, "log10_eta": -3.4259032777027083, "log10_lambda": -4.293257706147824, "log10_min_child_weight": 3.695223700865327, "log10_subsample": -0.807509061400797, "max_depth": 4.0, "num_boost_round": 2.0}, "datetime": {"datetime": "2024-01-19 00:20:23", "elapsed": 504.617723, "delta": 0.00154}}
{"target": -17.677231421868356, "params": {"gamma": 862.4704472851448, "log10_alpha": 0.36050096314795965, "log10_colsample_bytree": -0.3183520914193222, "log10_eta": -3.4259032777027083, "log10_lambda": -4.293257706147824, "log10_min_child_weight": 3.695223700865327, "log10_subsample": -0.807509061400797, "max_depth": 4.0, "num_boost_round": 3.0}, "datetime": {"datetime": "2024-01-19 00:20:23", "elapsed": 504.618603, "delta": 0.00088}}
{"target": -17.677232204118642, "params": {"gamma": 862.4704472851448, "log10_alpha": 0.36050096314795965, "log10_colsample_bytree": -0.3183520914193222, "log10_eta": -3.4259032777027083, "log10_lambda": -4.293257706147824, "log10_min_child_weight": 3.695223700865327, "log10_subsample": -0.807509061400797, "max_depth": 4.0, "num_boost_round": 4.0}, "datetime": {"datetime": "2024-01-19 00:20:23", "elapsed": 504.619435, "delta": 0.000832}}
{"target": -17.677229443168574, "params": {"gamma": 862.4704472851448, "log10_alpha": 0.36050096314795965, "log10_colsample_bytree": -0.3183520914193222, "log10_eta": -3.4259032777027083, "log10_lambda": -4.293257706147824, "log10_min_child_weight": 3.695223700865327, "log10_subsample": -0.807509061400797, "max_depth": 4.0, "num_boost_round": 5.0}, "datetime": {"datetime": "2024-01-19 00:20:23", "elapsed": 504.620486, "delta": 0.001051}}
{"target": -17.67723072695613, "params": {"gamma": 862.4704472851448, "log10_alpha": 0.36050096314795965, "log10_colsample_bytree": -0.3183520914193222, "log10_eta": -3.4259032777027083, "log10_lambda": -4.293257706147824, "log10_min_child_weight": 3.695223700865327, "log10_subsample": -0.807509061400797, "max_depth": 4.0, "num_boost_round": 6.0}, "datetime": {"datetime": "2024-01-19 00:20:23", "elapsed": 504.621453, "delta": 0.000967}}
{"target": -17.67723472878144, "params": {"gamma": 862.4704472851448, "log10_alpha": 0.36050096314795965, "log10_colsample_bytree": -0.3183520914193222, "log10_eta": -3.4259032777027083, "log10_lambda": -4.293257706147824, "log10_min_child_weight": 3.695223700865327, "log10_subsample": -0.807509061400797, "max_depth": 4.0, "num_boost_round": 7.0}, "datetime": {"datetime": "2024-01-19 00:20:23", "elapsed": 504.622372, "delta": 0.000919}}
{"target": -17.677240386408094, "params": {"gamma": 862.4704472851448, "log10_alpha": 0.36050096314795965, "log10_colsample_bytree": -0.3183520914193222, "log10_eta": -3.4259032777027083, "log10_lambda": -4.293257706147824, "log10_min_child_weight": 3.695223700865327, "log10_subsample": -0.807509061400797, "max_depth": 4.0, "num_boost_round": 8.0}, "datetime": {"datetime": "2024-01-19 00:20:23", "elapsed": 504.623216, "delta": 0.000844}}
{"target": -17.677240659751664, "params": {"gamma": 862.4704472851448, "log10_alpha": 0.36050096314795965, "log10_colsample_bytree": -0.3183520914193222, "log10_eta": -3.4259032777027083, "log10_lambda": -4.293257706147824, "log10_min_child_weight": 3.695223700865327, "log10_subsample": -0.807509061400797, "max_depth": 4.0, "num_boost_round": 9.0}, "datetime": {"datetime": "2024-01-19 00:20:23", "elapsed": 504.624323, "delta": 0.001107}}
{"target": -17.677234793113108, "params": {"gamma": 862.4704472851448, "log10_alpha": 0.36050096314795965, "log10_colsample_bytree": -0.3183520914193222, "log10_eta": -3.4259032777027083, "log10_lambda": -4.293257706147824, "log10_min_child_weight": 3.695223700865327, "log10_subsample": -0.807509061400797, "max_depth": 4.0, "num_boost_round": 10.0}, "datetime": {"datetime": "2024-01-19 00:20:23", "elapsed": 504.625248, "delta": 0.000925}}
{"target": -17.677230989109905, "params": {"gamma": 862.4704472851448, "log10_alpha": 0.36050096314795965, "log10_colsample_bytree": -0.3183520914193222, "log10_eta": -3.4259032777027083, "log10_lambda": -4.293257706147824, "log10_min_child_weight": 3.695223700865327, "log10_subsample": -0.807509061400797, "max_depth": 4.0, "num_boost_round": 11.0}, "datetime": {"datetime": "2024-01-19 00:20:23", "elapsed": 504.626104, "delta": 0.000856}}
{"target": -17.67723611210961, "params": {"gamma": 862.4704472851448, "log10_alpha": 0.36050096314795965, "log10_colsample_bytree": -0.3183520914193222, "log10_eta": -3.4259032777027083, "log10_lambda": -4.293257706147824, "log10_min_child_weight": 3.695223700865327, "log10_subsample": -0.807509061400797, "max_depth": 4.0, "num_boost_round": 12.0}, "datetime": {"datetime": "2024-01-19 00:20:23", "elapsed": 504.626937, "delta": 0.000833}}
{"target": -17.67708433824178, "params": {"gamma": 868.5977392615506, "log10_alpha": -3.555565307904711, "log10_colsample_bytree": -0.4922588067220752, "log10_eta": -1.707590363039547, "log10_lambda": -0.9175538687306721, "log10_min_child_weight": 4.712930009655904, "log10_subsample": -0.33076136314337434, "max_depth": 8.0, "num_boost_round": 0.0}, "datetime": {"datetime": "2024-01-19 00:20:48", "elapsed": 528.759159, "delta": 24.132222}}
{"target": -17.676748560296325, "params": {"gamma": 868.5977392615506, "log10_alpha": -3.555565307904711, "log10_colsample_bytree": -0.4922588067220752, "log10_eta": -1.707590363039547, "log10_lambda": -0.9175538687306721, "log10_min_child_weight": 4.712930009655904, "log10_subsample": -0.33076136314337434, "max_depth": 8.0, "num_boost_round": 1.0}, "datetime": {"datetime": "2024-01-19 00:20:48", "elapsed": 528.760792, "delta": 0.001633}}
{"target": -17.676690269142412, "params": {"gamma": 868.5977392615506, "log10_alpha": -3.555565307904711, "log10_colsample_bytree": -0.4922588067220752, "log10_eta": -1.707590363039547, "log10_lambda": -0.9175538687306721, "log10_min_child_weight": 4.712930009655904, "log10_subsample": -0.33076136314337434, "max_depth": 8.0, "num_boost_round": 2.0}, "datetime": {"datetime": "2024-01-19 00:20:48", "elapsed": 528.761951, "delta": 0.001159}}
{"target": -17.67650067434331, "params": {"gamma": 868.5977392615506, "log10_alpha": -3.555565307904711, "log10_colsample_bytree": -0.4922588067220752, "log10_eta": -1.707590363039547, "log10_lambda": -0.9175538687306721, "log10_min_child_weight": 4.712930009655904, "log10_subsample": -0.33076136314337434, "max_depth": 8.0, "num_boost_round": 3.0}, "datetime": {"datetime": "2024-01-19 00:20:48", "elapsed": 528.762814, "delta": 0.000863}}
{"target": -17.676432551118157, "params": {"gamma": 868.5977392615506, "log10_alpha": -3.555565307904711, "log10_colsample_bytree": -0.4922588067220752, "log10_eta": -1.707590363039547, "log10_lambda": -0.9175538687306721, "log10_min_child_weight": 4.712930009655904, "log10_subsample": -0.33076136314337434, "max_depth": 8.0, "num_boost_round": 4.0}, "datetime": {"datetime": "2024-01-19 00:20:48", "elapsed": 528.763667, "delta": 0.000853}}
{"target": -17.676294438099614, "params": {"gamma": 868.5977392615506, "log10_alpha": -3.555565307904711, "log10_colsample_bytree": -0.4922588067220752, "log10_eta": -1.707590363039547, "log10_lambda": -0.9175538687306721, "log10_min_child_weight": 4.712930009655904, "log10_subsample": -0.33076136314337434, "max_depth": 8.0, "num_boost_round": 5.0}, "datetime": {"datetime": "2024-01-19 00:20:48", "elapsed": 528.764968, "delta": 0.001301}}
