{"target": -17.67684565082301, "params": {"gamma": 625.938265783487, "log10_alpha": 0.8964980322085871, "log10_colsample_bytree": -0.34486550570002117, "log10_eta": -1.5189176584811888, "log10_lambda": -0.20510593906927532, "log10_min_child_weight": 0.6138144789735195, "log10_subsample": -0.7122813480446424, "max_depth": 8.0, "num_boost_round": 7.0}, "datetime": {"datetime": "2024-01-19 01:11:20", "elapsed": 3578.202257, "delta": 0.00351}}
{"target": -17.676502437500442, "params": {"gamma": 625.938265783487, "log10_alpha": 0.8964980322085871, "log10_colsample_bytree": -0.34486550570002117, "log10_eta": -1.5189176584811888, "log10_lambda": -0.20510593906927532, "log10_min_child_weight": 0.6138144789735195, "log10_subsample": -0.7122813480446424, "max_depth": 8.0, "num_boost_round": 8.0}, "datetime": {"datetime": "2024-01-19 01:11:20", "elapsed": 3578.205725, "delta": 0.003468}}
{"target": -17.677203770654838, "params": {"gamma": 625.938265783487, "log10_alpha": 0.8964980322085871, "log10_colsample_bytree": -0.34486550570002117, "log10_eta": -1.5189176584811888, "log10_lambda": -0.20510593906927532, "log10_min_child_weight": 0.6138144789735195, "log10_subsample": -0.7122813480446424, "max_depth": 8.0, "num_boost_round": 9.0}, "datetime": {"datetime": "2024-01-19 01:11:20", "elapsed": 3578.20928, "delta": 0.003555}}
{"target": -17.678590940508958, "params": {"gamma": 625.938265783487, "log10_alpha": 0.8964980322085871, "log10_colsample_bytree": -0.34486550570002117, "log10_eta": -1.5189176584811888, "log10_lambda": -0.20510593906927532, "log10_min_child_weight": 0.6138144789735195, "log10_subsample": -0.7122813480446424, "max_depth": 8.0, "num_boost_round": 10.0}, "datetime": {"datetime": "2024-01-19 01:11:20", "elapsed": 3578.212867, "delta": 0.003587}}
{"target": -17.679689011010506, "params": {"gamma": 625.938265783487, "log10_alpha": 0.8964980322085871, "log10_colsample_bytree": -0.34486550570002117, "log10_eta": -1.5189176584811888, "log10_lambda": -0.20510593906927532, "log10_min_child_weight": 0.6138144789735195, "log10_subsample": -0.7122813480446424, "max_depth": 8.0, "num_boost_round": 11.0}, "datetime": {"datetime": "2024-01-19 01:11:20", "elapsed": 3578.216365, "delta": 0.003498}}
{"target": -17.68091084974508, "params": {"gamma": 625.938265783487, "log10_alpha": 0.8964980322085871, "log10_colsample_bytree": -0.34486550570002117, "log10_eta": -1.5189176584811888, "log10_lambda": -0.20510593906927532, "log10_min_child_weight": 0.6138144789735195, "log10_subsample": -0.7122813480446424, "max_depth": 8.0, "num_boost_round": 12.0}, "datetime": {"datetime": "2024-01-19 01:11:20", "elapsed": 3578.219948, "delta": 0.003583}}
{"target": -17.682625933427232, "params": {"gamma": 625.938265783487, "log10_alpha": 0.8964980322085871, "log10_colsample_bytree": -0.34486550570002117, "log10_eta": -1.5189176584811888, "log10_lambda": -0.20510593906927532, "log10_min_child_weight": 0.6138144789735195, "log10_subsample": -0.7122813480446424, "max_depth": 8.0, "num_boost_round": 13.0}, "datetime": {"datetime": "2024-01-19 01:11:20", "elapsed": 3578.223483, "delta": 0.003535}}
{"target": -17.68415744181185, "params": {"gamma": 625.938265783487, "log10_alpha": 0.8964980322085871, "log10_colsample_bytree": -0.34486550570002117, "log10_eta": -1.5189176584811888, "log10_lambda": -0.20510593906927532, "log10_min_child_weight": 0.6138144789735195, "log10_subsample": -0.7122813480446424, "max_depth": 8.0, "num_boost_round": 14.0}, "datetime": {"datetime": "2024-01-19 01:11:20", "elapsed": 3578.226983, "delta": 0.0035}}
{"target": -17.685123210842722, "params": {"gamma": 625.938265783487, "log10_alpha": 0.8964980322085871, "log10_colsample_bytree": -0.34486550570002117, "log10_eta": -1.5189176584811888, "log10_lambda": -0.20510593906927532, "log10_min_child_weight": 0.6138144789735195, "log10_subsample": -0.7122813480446424, "max_depth": 8.0, "num_boost_round": 15.0}, "datetime": {"datetime": "2024-01-19 01:11:20", "elapsed": 3578.230731, "delta": 0.003748}}
{"target": -17.686257153335944, "params": {"gamma": 625.938265783487, "log10_alpha": 0.8964980322085871, "log10_colsample_bytree": -0.34486550570002117, "log10_eta": -1.5189176584811888, "log10_lambda": -0.20510593906927532, "log10_min_child_weight": 0.6138144789735195, "log10_subsample": -0.7122813480446424, "max_depth": 8.0, "num_boost_round": 16.0}, "datetime": {"datetime": "2024-01-19 01:11:20", "elapsed": 3578.234412, "delta": 0.003681}}
{"target": -17.687291424491857, "params": {"gamma": 625.938265783487, "log10_alpha": 0.8964980322085871, "log10_colsample_bytree": -0.34486550570002117, "log10_eta": -1.5189176584811888, "log10_lambda": -0.20510593906927532, "log10_min_child_weight": 0.6138144789735195, "log10_subsample": -0.7122813480446424, "max_depth": 8.0, "num_boost_round": 17.0}, "datetime": {"datetime": "2024-01-19 01:11:20", "elapsed": 3578.238041, "delta": 0.003629}}
{"target": -17.690892282868347, "params": {"gamma": 625.938265783487, "log10_alpha": 0.8964980322085871, "log10_colsample_bytree": -0.34486550570002117, "log10_eta": -1.5189176584811888, "log10_lambda": -0.20510593906927532, "log10_min_child_weight": 0.6138144789735195, "log10_subsample": -0.7122813480446424, "max_depth": 8.0, "num_boost_round": 18.0}, "datetime": {"datetime": "2024-01-19 01:11:20", "elapsed": 3578.241568, "delta": 0.003527}}
{"target": -17.691971853925033, "params": {"gamma": 625.938265783487, "log10_alpha": 0.8964980322085871, "log10_colsample_bytree": -0.34486550570002117, "log10_eta": -1.5189176584811888, "log10_lambda": -0.20510593906927532, "log10_min_child_weight": 0.6138144789735195, "log10_subsample": -0.7122813480446424, "max_depth": 8.0, "num_boost_round": 19.0}, "datetime": {"datetime": "2024-01-19 01:11:20", "elapsed": 3578.245066, "delta": 0.003498}}
{"target": -17.69232993520646, "params": {"gamma": 625.938265783487, "log10_alpha": 0.8964980322085871, "log10_colsample_bytree": -0.34486550570002117, "log10_eta": -1.5189176584811888, "log10_lambda": -0.20510593906927532, "log10_min_child_weight": 0.6138144789735195, "log10_subsample": -0.7122813480446424, "max_depth": 8.0, "num_boost_round": 20.0}, "datetime": {"datetime": "2024-01-19 01:11:20", "elapsed": 3578.248626, "delta": 0.00356}}
{"target": -17.69533390910114, "params": {"gamma": 625.938265783487, "log10_alpha": 0.8964980322085871, "log10_colsample_bytree": -0.34486550570002117, "log10_eta": -1.5189176584811888, "log10_lambda": -0.20510593906927532, "log10_min_child_weight": 0.6138144789735195, "log10_subsample": -0.7122813480446424, "max_depth": 8.0, "num_boost_round": 21.0}, "datetime": {"datetime": "2024-01-19 01:11:20", "elapsed": 3578.252196, "delta": 0.00357}}
{"target": -17.69538137240878, "params": {"gamma": 625.938265783487, "log10_alpha": 0.8964980322085871, "log10_colsample_bytree": -0.34486550570002117, "log10_eta": -1.5189176584811888, "log10_lambda": -0.20510593906927532, "log10_min_child_weight": 0.6138144789735195, "log10_subsample": -0.7122813480446424, "max_depth": 8.0, "num_boost_round": 22.0}, "datetime": {"datetime": "2024-01-19 01:11:20", "elapsed": 3578.255757, "delta": 0.003561}}
{"target": -17.695832881586167, "params": {"gamma": 625.938265783487, "log10_alpha": 0.8964980322085871, "log10_colsample_bytree": -0.34486550570002117, "log10_eta": -1.5189176584811888, "log10_lambda": -0.20510593906927532, "log10_min_child_weight": 0.6138144789735195, "log10_subsample": -0.7122813480446424, "max_depth": 8.0, "num_boost_round": 23.0}, "datetime": {"datetime": "2024-01-19 01:11:20", "elapsed": 3578.259297, "delta": 0.00354}}
{"target": -17.698768256454144, "params": {"gamma": 625.938265783487, "log10_alpha": 0.8964980322085871, "log10_colsample_bytree": -0.34486550570002117, "log10_eta": -1.5189176584811888, "log10_lambda": -0.20510593906927532, "log10_min_child_weight": 0.6138144789735195, "log10_subsample": -0.7122813480446424, "max_depth": 8.0, "num_boost_round": 24.0}, "datetime": {"datetime": "2024-01-19 01:11:20", "elapsed": 3578.262791, "delta": 0.003494}}
{"target": -17.67723266926177, "params": {"gamma": 635.1200823988058, "log10_alpha": -0.08420187039036264, "log10_colsample_bytree": -0.4000019428116518, "log10_eta": -3.9241504359360118, "log10_lambda": 0.4806627258404932, "log10_min_child_weight": 4.488428916644669, "log10_subsample": -0.1727373457524849, "max_depth": 5.0, "num_boost_round": 0.0}, "datetime": {"datetime": "2024-01-19 01:11:56", "elapsed": 3614.262627, "delta": 35.999836}}
{"target": -17.677233848654097, "params": {"gamma": 635.1200823988058, "log10_alpha": -0.08420187039036264, "log10_colsample_bytree": -0.4000019428116518, "log10_eta": -3.9241504359360118, "log10_lambda": 0.4806627258404932, "log10_min_child_weight": 4.488428916644669, "log10_subsample": -0.1727373457524849, "max_depth": 5.0, "num_boost_round": 1.0}, "datetime": {"datetime": "2024-01-19 01:11:56", "elapsed": 3614.267289, "delta": 0.004662}}
{"target": -17.677236681335465, "params": {"gamma": 635.1200823988058, "log10_alpha": -0.08420187039036264, "log10_colsample_bytree": -0.4000019428116518, "log10_eta": -3.9241504359360118, "log10_lambda": 0.4806627258404932, "log10_min_child_weight": 4.488428916644669, "log10_subsample": -0.1727373457524849, "max_depth": 5.0, "num_boost_round": 2.0}, "datetime": {"datetime": "2024-01-19 01:11:56", "elapsed": 3614.271278, "delta": 0.003989}}
{"target": -17.677235418325647, "params": {"gamma": 635.1200823988058, "log10_alpha": -0.08420187039036264, "log10_colsample_bytree": -0.4000019428116518, "log10_eta": -3.9241504359360118, "log10_lambda": 0.4806627258404932, "log10_min_child_weight": 4.488428916644669, "log10_subsample": -0.1727373457524849, "max_depth": 5.0, "num_boost_round": 3.0}, "datetime": {"datetime": "2024-01-19 01:11:56", "elapsed": 3614.274964, "delta": 0.003686}}
{"target": -17.67723528189576, "params": {"gamma": 635.1200823988058, "log10_alpha": -0.08420187039036264, "log10_colsample_bytree": -0.4000019428116518, "log10_eta": -3.9241504359360118, "log10_lambda": 0.4806627258404932, "log10_min_child_weight": 4.488428916644669, "log10_subsample": -0.1727373457524849, "max_depth": 5.0, "num_boost_round": 4.0}, "datetime": {"datetime": "2024-01-19 01:11:56", "elapsed": 3614.278643, "delta": 0.003679}}
{"target": -17.677235013437123, "params": {"gamma": 635.1200823988058, "log10_alpha": -0.08420187039036264, "log10_colsample_bytree": -0.4000019428116518, "log10_eta": -3.9241504359360118, "log10_lambda": 0.4806627258404932, "log10_min_child_weight": 4.488428916644669, "log10_subsample": -0.1727373457524849, "max_depth": 5.0, "num_boost_round": 5.0}, "datetime": {"datetime": "2024-01-19 01:11:56", "elapsed": 3614.282331, "delta": 0.003688}}
{"target": -17.677235724539543, "params": {"gamma": 635.1200823988058, "log10_alpha": -0.08420187039036264, "log10_colsample_bytree": -0.4000019428116518, "log10_eta": -3.9241504359360118, "log10_lambda": 0.4806627258404932, "log10_min_child_weight": 4.488428916644669, "log10_subsample": -0.1727373457524849, "max_depth": 5.0, "num_boost_round": 6.0}, "datetime": {"datetime": "2024-01-19 01:11:56", "elapsed": 3614.286003, "delta": 0.003672}}
{"target": -17.67723513671971, "params": {"gamma": 635.1200823988058, "log10_alpha": -0.08420187039036264, "log10_colsample_bytree": -0.4000019428116518, "log10_eta": -3.9241504359360118, "log10_lambda": 0.4806627258404932, "log10_min_child_weight": 4.488428916644669, "log10_subsample": -0.1727373457524849, "max_depth": 5.0, "num_boost_round": 7.0}, "datetime": {"datetime": "2024-01-19 01:11:56", "elapsed": 3614.28978, "delta": 0.003777}}
{"target": -17.677235898455027, "params": {"gamma": 635.1200823988058, "log10_alpha": -0.08420187039036264, "log10_colsample_bytree": -0.4000019428116518, "log10_eta": -3.9241504359360118, "log10_lambda": 0.4806627258404932, "log10_min_child_weight": 4.488428916644669, "log10_subsample": -0.1727373457524849, "max_depth": 5.0, "num_boost_round": 8.0}, "datetime": {"datetime": "2024-01-19 01:11:56", "elapsed": 3614.29352, "delta": 0.00374}}
{"target": -17.677234174506626, "params": {"gamma": 635.1200823988058, "log10_alpha": -0.08420187039036264, "log10_colsample_bytree": -0.4000019428116518, "log10_eta": -3.9241504359360118, "log10_lambda": 0.4806627258404932, "log10_min_child_weight": 4.488428916644669, "log10_subsample": -0.1727373457524849, "max_depth": 5.0, "num_boost_round": 9.0}, "datetime": {"datetime": "2024-01-19 01:11:56", "elapsed": 3614.297232, "delta": 0.003712}}
{"target": -17.677233586504304, "params": {"gamma": 635.1200823988058, "log10_alpha": -0.08420187039036264, "log10_colsample_bytree": -0.4000019428116518, "log10_eta": -3.9241504359360118, "log10_lambda": 0.4806627258404932, "log10_min_child_weight": 4.488428916644669, "log10_subsample": -0.1727373457524849, "max_depth": 5.0, "num_boost_round": 10.0}, "datetime": {"datetime": "2024-01-19 01:11:56", "elapsed": 3614.300973, "delta": 0.003741}}
{"target": -17.677231293049196, "params": {"gamma": 635.1200823988058, "log10_alpha": -0.08420187039036264, "log10_colsample_bytree": -0.4000019428116518, "log10_eta": -3.9241504359360118, "log10_lambda": 0.4806627258404932, "log10_min_child_weight": 4.488428916644669, "log10_subsample": -0.1727373457524849, "max_depth": 5.0, "num_boost_round": 11.0}, "datetime": {"datetime": "2024-01-19 01:11:56", "elapsed": 3614.304715, "delta": 0.003742}}
{"target": -17.677229963315703, "params": {"gamma": 635.1200823988058, "log10_alpha": -0.08420187039036264, "log10_colsample_bytree": -0.4000019428116518, "log10_eta": -3.9241504359360118, "log10_lambda": 0.4806627258404932, "log10_min_child_weight": 4.488428916644669, "log10_subsample": -0.1727373457524849, "max_depth": 5.0, "num_boost_round": 12.0}, "datetime": {"datetime": "2024-01-19 01:11:56", "elapsed": 3614.308628, "delta": 0.003913}}
{"target": -17.677227680188203, "params": {"gamma": 635.1200823988058, "log10_alpha": -0.08420187039036264, "log10_colsample_bytree": -0.4000019428116518, "log10_eta": -3.9241504359360118, "log10_lambda": 0.4806627258404932, "log10_min_child_weight": 4.488428916644669, "log10_subsample": -0.1727373457524849, "max_depth": 5.0, "num_boost_round": 13.0}, "datetime": {"datetime": "2024-01-19 01:11:56", "elapsed": 3614.31243, "delta": 0.003802}}
{"target": -17.677227648014355, "params": {"gamma": 635.1200823988058, "log10_alpha": -0.08420187039036264, "log10_colsample_bytree": -0.4000019428116518, "log10_eta": -3.9241504359360118, "log10_lambda": 0.4806627258404932, "log10_min_child_weight": 4.488428916644669, "log10_subsample": -0.1727373457524849, "max_depth": 5.0, "num_boost_round": 14.0}, "datetime": {"datetime": "2024-01-19 01:11:56", "elapsed": 3614.316208, "delta": 0.003778}}
{"target": -17.677225362160158, "params": {"gamma": 635.1200823988058, "log10_alpha": -0.08420187039036264, "log10_colsample_bytree": -0.4000019428116518, "log10_eta": -3.9241504359360118, "log10_lambda": 0.4806627258404932, "log10_min_child_weight": 4.488428916644669, "log10_subsample": -0.1727373457524849, "max_depth": 5.0, "num_boost_round": 15.0}, "datetime": {"datetime": "2024-01-19 01:11:56", "elapsed": 3614.319938, "delta": 0.00373}}
{"target": -17.677225251811002, "params": {"gamma": 635.1200823988058, "log10_alpha": -0.08420187039036264, "log10_colsample_bytree": -0.4000019428116518, "log10_eta": -3.9241504359360118, "log10_lambda": 0.4806627258404932, "log10_min_child_weight": 4.488428916644669, "log10_subsample": -0.1727373457524849, "max_depth": 5.0, "num_boost_round": 16.0}, "datetime": {"datetime": "2024-01-19 01:11:56", "elapsed": 3614.323684, "delta": 0.003746}}
{"target": -17.677225460153014, "params": {"gamma": 635.1200823988058, "log10_alpha": -0.08420187039036264, "log10_colsample_bytree": -0.4000019428116518, "log10_eta": -3.9241504359360118, "log10_lambda": 0.4806627258404932, "log10_min_child_weight": 4.488428916644669, "log10_subsample": -0.1727373457524849, "max_depth": 5.0, "num_boost_round": 17.0}, "datetime": {"datetime": "2024-01-19 01:11:56", "elapsed": 3614.327425, "delta": 0.003741}}
{"target": -17.677224319266866, "params": {"gamma": 635.1200823988058, "log10_alpha": -0.08420187039036264, "log10_colsample_bytree": -0.4000019428116518, "log10_eta": -3.9241504359360118, "log10_lambda": 0.4806627258404932, "log10_min_child_weight": 4.488428916644669, "log10_subsample": -0.1727373457524849, "max_depth": 5.0, "num_boost_round": 18.0}, "datetime": {"datetime": "2024-01-19 01:11:56", "elapsed": 3614.331158, "delta": 0.003733}}
{"target": -17.677222046655594, "params": {"gamma": 635.1200823988058, "log10_alpha": -0.08420187039036264, "log10_colsample_bytree": -0.4000019428116518, "log10_eta": -3.9241504359360118, "log10_lambda": 0.4806627258404932, "log10_min_child_weight": 4.488428916644669, "log10_subsample": -0.1727373457524849, "max_depth": 5.0, "num_boost_round": 19.0}, "datetime": {"datetime": "2024-01-19 01:11:56", "elapsed": 3614.334958, "delta": 0.0038}}
{"target": -17.677221466566916, "params": {"gamma": 635.1200823988058, "log10_alpha": -0.08420187039036264, "log10_colsample_bytree": -0.4000019428116518, "log10_eta": -3.9241504359360118, "log10_lambda": 0.4806627258404932, "log10_min_child_weight": 4.488428916644669, "log10_subsample": -0.1727373457524849, "max_depth": 5.0, "num_boost_round": 20.0}, "datetime": {"datetime": "2024-01-19 01:11:56", "elapsed": 3614.338691, "delta": 0.003733}}
{"target": -17.67722035553245, "params": {"gamma": 635.1200823988058, "log10_alpha": -0.08420187039036264, "log10_colsample_bytree": -0.4000019428116518, "log10_eta": -3.9241504359360118, "log10_lambda": 0.4806627258404932, "log10_min_child_weight": 4.488428916644669, "log10_subsample": -0.1727373457524849, "max_depth": 5.0, "num_boost_round": 21.0}, "datetime": {"datetime": "2024-01-19 01:11:57", "elapsed": 3614.342437, "delta": 0.003746}}
{"target": -17.677220406138655, "params": {"gamma": 635.1200823988058, "log10_alpha": -0.08420187039036264, "log10_colsample_bytree": -0.4000019428116518, "log10_eta": -3.9241504359360118, "log10_lambda": 0.4806627258404932, "log10_min_child_weight": 4.488428916644669, "log10_subsample": -0.1727373457524849, "max_depth": 5.0, "num_boost_round": 22.0}, "datetime": {"datetime": "2024-01-19 01:11:57", "elapsed": 3614.346195, "delta": 0.003758}}
{"target": -17.677218381206213, "params": {"gamma": 635.1200823988058, "log10_alpha": -0.08420187039036264, "log10_colsample_bytree": -0.4000019428116518, "log10_eta": -3.9241504359360118, "log10_lambda": 0.4806627258404932, "log10_min_child_weight": 4.488428916644669, "log10_subsample": -0.1727373457524849, "max_depth": 5.0, "num_boost_round": 23.0}, "datetime": {"datetime": "2024-01-19 01:11:57", "elapsed": 3614.349958, "delta": 0.003763}}
{"target": -17.677219078926196, "params": {"gamma": 635.1200823988058, "log10_alpha": -0.08420187039036264, "log10_colsample_bytree": -0.4000019428116518, "log10_eta": -3.9241504359360118, "log10_lambda": 0.4806627258404932, "log10_min_child_weight": 4.488428916644669, "log10_subsample": -0.1727373457524849, "max_depth": 5.0, "num_boost_round": 24.0}, "datetime": {"datetime": "2024-01-19 01:11:57", "elapsed": 3614.353863, "delta": 0.003905}}
{"target": -17.677216881963968, "params": {"gamma": 635.1200823988058, "log10_alpha": -0.08420187039036264, "log10_colsample_bytree": -0.4000019428116518, "log10_eta": -3.9241504359360118, "log10_lambda": 0.4806627258404932, "log10_min_child_weight": 4.488428916644669, "log10_subsample": -0.1727373457524849, "max_depth": 5.0, "num_boost_round": 25.0}, "datetime": {"datetime": "2024-01-19 01:11:57", "elapsed": 3614.357627, "delta": 0.003764}}
{"target": -17.677219439318428, "params": {"gamma": 635.1200823988058, "log10_alpha": -0.08420187039036264, "log10_colsample_bytree": -0.4000019428116518, "log10_eta": -3.9241504359360118, "log10_lambda": 0.4806627258404932, "log10_min_child_weight": 4.488428916644669, "log10_subsample": -0.1727373457524849, "max_depth": 5.0, "num_boost_round": 26.0}, "datetime": {"datetime": "2024-01-19 01:11:57", "elapsed": 3614.361417, "delta": 0.00379}}
{"target": -17.677217827856655, "params": {"gamma": 635.1200823988058, "log10_alpha": -0.08420187039036264, "log10_colsample_bytree": -0.4000019428116518, "log10_eta": -3.9241504359360118, "log10_lambda": 0.4806627258404932, "log10_min_child_weight": 4.488428916644669, "log10_subsample": -0.1727373457524849, "max_depth": 5.0, "num_boost_round": 27.0}, "datetime": {"datetime": "2024-01-19 01:11:57", "elapsed": 3614.365135, "delta": 0.003718}}
{"target": -17.677216880593154, "params": {"gamma": 635.1200823988058, "log10_alpha": -0.08420187039036264, "log10_colsample_bytree": -0.4000019428116518, "log10_eta": -3.9241504359360118, "log10_lambda": 0.4806627258404932, "log10_min_child_weight": 4.488428916644669, "log10_subsample": -0.1727373457524849, "max_depth": 5.0, "num_boost_round": 28.0}, "datetime": {"datetime": "2024-01-19 01:11:57", "elapsed": 3614.368888, "delta": 0.003753}}
{"target": -17.677217607051027, "params": {"gamma": 635.1200823988058, "log10_alpha": -0.08420187039036264, "log10_colsample_bytree": -0.4000019428116518, "log10_eta": -3.9241504359360118, "log10_lambda": 0.4806627258404932, "log10_min_child_weight": 4.488428916644669, "log10_subsample": -0.1727373457524849, "max_depth": 5.0, "num_boost_round": 29.0}, "datetime": {"datetime": "2024-01-19 01:11:57", "elapsed": 3614.372636, "delta": 0.003748}}
{"target": -17.677229470198263, "params": {"gamma": 639.4605108300048, "log10_alpha": 0.931027886767481, "log10_colsample_bytree": -0.32352853353926214, "log10_eta": -3.7008293997276596, "log10_lambda": -4.096594266849122, "log10_min_child_weight": 1.3350337094229314, "log10_subsample": -0.4634229587722125, "max_depth": 2.0, "num_boost_round": 0.0}, "datetime": {"datetime": "2024-01-19 01:12:38", "elapsed": 3655.349277, "delta": 40.976641}}
