{"target": -13.758536079853497, "params": {"gamma": 833.8123168234664, "log10_alpha": -4.721900000689475, "log10_colsample_bytree": -0.6120306611173689, "log10_eta": -3.789393384998295, "log10_lambda": -2.968238728774881, "log10_min_child_weight": 4.9515524132180175, "log10_subsample": -0.4714162110070982, "max_depth": 3.0, "num_boost_round": 3.0}, "datetime": {"datetime": "2024-01-19 02:06:39", "elapsed": 6903.669037, "delta": 0.00678}}
{"target": -13.758535996358363, "params": {"gamma": 833.8123168234664, "log10_alpha": -4.721900000689475, "log10_colsample_bytree": -0.6120306611173689, "log10_eta": -3.789393384998295, "log10_lambda": -2.968238728774881, "log10_min_child_weight": 4.9515524132180175, "log10_subsample": -0.4714162110070982, "max_depth": 3.0, "num_boost_round": 4.0}, "datetime": {"datetime": "2024-01-19 02:06:39", "elapsed": 6903.675838, "delta": 0.006801}}
{"target": -13.758535764936564, "params": {"gamma": 833.8123168234664, "log10_alpha": -4.721900000689475, "log10_colsample_bytree": -0.6120306611173689, "log10_eta": -3.789393384998295, "log10_lambda": -2.968238728774881, "log10_min_child_weight": 4.9515524132180175, "log10_subsample": -0.4714162110070982, "max_depth": 3.0, "num_boost_round": 5.0}, "datetime": {"datetime": "2024-01-19 02:06:39", "elapsed": 6903.682435, "delta": 0.006597}}
{"target": -13.758535422859476, "params": {"gamma": 833.8123168234664, "log10_alpha": -4.721900000689475, "log10_colsample_bytree": -0.6120306611173689, "log10_eta": -3.789393384998295, "log10_lambda": -2.968238728774881, "log10_min_child_weight": 4.9515524132180175, "log10_subsample": -0.4714162110070982, "max_depth": 3.0, "num_boost_round": 6.0}, "datetime": {"datetime": "2024-01-19 02:06:39", "elapsed": 6903.689056, "delta": 0.006621}}
{"target": -13.758534710584732, "params": {"gamma": 833.8123168234664, "log10_alpha": -4.721900000689475, "log10_colsample_bytree": -0.6120306611173689, "log10_eta": -3.789393384998295, "log10_lambda": -2.968238728774881, "log10_min_child_weight": 4.9515524132180175, "log10_subsample": -0.4714162110070982, "max_depth": 3.0, "num_boost_round": 7.0}, "datetime": {"datetime": "2024-01-19 02:06:39", "elapsed": 6903.695833, "delta": 0.006777}}
{"target": -13.758534987148817, "params": {"gamma": 833.8123168234664, "log10_alpha": -4.721900000689475, "log10_colsample_bytree": -0.6120306611173689, "log10_eta": -3.789393384998295, "log10_lambda": -2.968238728774881, "log10_min_child_weight": 4.9515524132180175, "log10_subsample": -0.4714162110070982, "max_depth": 3.0, "num_boost_round": 8.0}, "datetime": {"datetime": "2024-01-19 02:06:39", "elapsed": 6903.702442, "delta": 0.006609}}
{"target": -13.758534045814885, "params": {"gamma": 833.8123168234664, "log10_alpha": -4.721900000689475, "log10_colsample_bytree": -0.6120306611173689, "log10_eta": -3.789393384998295, "log10_lambda": -2.968238728774881, "log10_min_child_weight": 4.9515524132180175, "log10_subsample": -0.4714162110070982, "max_depth": 3.0, "num_boost_round": 9.0}, "datetime": {"datetime": "2024-01-19 02:06:39", "elapsed": 6903.709333, "delta": 0.006891}}
{"target": -13.75853315728707, "params": {"gamma": 833.8123168234664, "log10_alpha": -4.721900000689475, "log10_colsample_bytree": -0.6120306611173689, "log10_eta": -3.789393384998295, "log10_lambda": -2.968238728774881, "log10_min_child_weight": 4.9515524132180175, "log10_subsample": -0.4714162110070982, "max_depth": 3.0, "num_boost_round": 10.0}, "datetime": {"datetime": "2024-01-19 02:06:39", "elapsed": 6903.715934, "delta": 0.006601}}
{"target": -13.758532954837698, "params": {"gamma": 833.8123168234664, "log10_alpha": -4.721900000689475, "log10_colsample_bytree": -0.6120306611173689, "log10_eta": -3.789393384998295, "log10_lambda": -2.968238728774881, "log10_min_child_weight": 4.9515524132180175, "log10_subsample": -0.4714162110070982, "max_depth": 3.0, "num_boost_round": 11.0}, "datetime": {"datetime": "2024-01-19 02:06:39", "elapsed": 6903.722614, "delta": 0.00668}}
{"target": -13.758532724148044, "params": {"gamma": 833.8123168234664, "log10_alpha": -4.721900000689475, "log10_colsample_bytree": -0.6120306611173689, "log10_eta": -3.789393384998295, "log10_lambda": -2.968238728774881, "log10_min_child_weight": 4.9515524132180175, "log10_subsample": -0.4714162110070982, "max_depth": 3.0, "num_boost_round": 12.0}, "datetime": {"datetime": "2024-01-19 02:06:39", "elapsed": 6903.729212, "delta": 0.006598}}
{"target": -13.758532630736907, "params": {"gamma": 833.8123168234664, "log10_alpha": -4.721900000689475, "log10_colsample_bytree": -0.6120306611173689, "log10_eta": -3.789393384998295, "log10_lambda": -2.968238728774881, "log10_min_child_weight": 4.9515524132180175, "log10_subsample": -0.4714162110070982, "max_depth": 3.0, "num_boost_round": 13.0}, "datetime": {"datetime": "2024-01-19 02:06:39", "elapsed": 6903.736209, "delta": 0.006997}}
{"target": -13.758532145509777, "params": {"gamma": 833.8123168234664, "log10_alpha": -4.721900000689475, "log10_colsample_bytree": -0.6120306611173689, "log10_eta": -3.789393384998295, "log10_lambda": -2.968238728774881, "log10_min_child_weight": 4.9515524132180175, "log10_subsample": -0.4714162110070982, "max_depth": 3.0, "num_boost_round": 14.0}, "datetime": {"datetime": "2024-01-19 02:06:39", "elapsed": 6903.743158, "delta": 0.006949}}
{"target": -13.75853136647612, "params": {"gamma": 833.8123168234664, "log10_alpha": -4.721900000689475, "log10_colsample_bytree": -0.6120306611173689, "log10_eta": -3.789393384998295, "log10_lambda": -2.968238728774881, "log10_min_child_weight": 4.9515524132180175, "log10_subsample": -0.4714162110070982, "max_depth": 3.0, "num_boost_round": 15.0}, "datetime": {"datetime": "2024-01-19 02:06:39", "elapsed": 6903.750237, "delta": 0.007079}}
{"target": -13.75853055528801, "params": {"gamma": 833.8123168234664, "log10_alpha": -4.721900000689475, "log10_colsample_bytree": -0.6120306611173689, "log10_eta": -3.789393384998295, "log10_lambda": -2.968238728774881, "log10_min_child_weight": 4.9515524132180175, "log10_subsample": -0.4714162110070982, "max_depth": 3.0, "num_boost_round": 16.0}, "datetime": {"datetime": "2024-01-19 02:06:39", "elapsed": 6903.761376, "delta": 0.011139}}
{"target": -13.758530239351485, "params": {"gamma": 833.8123168234664, "log10_alpha": -4.721900000689475, "log10_colsample_bytree": -0.6120306611173689, "log10_eta": -3.789393384998295, "log10_lambda": -2.968238728774881, "log10_min_child_weight": 4.9515524132180175, "log10_subsample": -0.4714162110070982, "max_depth": 3.0, "num_boost_round": 17.0}, "datetime": {"datetime": "2024-01-19 02:06:39", "elapsed": 6903.768135, "delta": 0.006759}}
{"target": -13.75852946980506, "params": {"gamma": 833.8123168234664, "log10_alpha": -4.721900000689475, "log10_colsample_bytree": -0.6120306611173689, "log10_eta": -3.789393384998295, "log10_lambda": -2.968238728774881, "log10_min_child_weight": 4.9515524132180175, "log10_subsample": -0.4714162110070982, "max_depth": 3.0, "num_boost_round": 18.0}, "datetime": {"datetime": "2024-01-19 02:06:39", "elapsed": 6903.775047, "delta": 0.006912}}
{"target": -13.75852841502619, "params": {"gamma": 833.8123168234664, "log10_alpha": -4.721900000689475, "log10_colsample_bytree": -0.6120306611173689, "log10_eta": -3.789393384998295, "log10_lambda": -2.968238728774881, "log10_min_child_weight": 4.9515524132180175, "log10_subsample": -0.4714162110070982, "max_depth": 3.0, "num_boost_round": 19.0}, "datetime": {"datetime": "2024-01-19 02:06:39", "elapsed": 6903.781745, "delta": 0.006698}}
{"target": -13.758528646328076, "params": {"gamma": 833.8123168234664, "log10_alpha": -4.721900000689475, "log10_colsample_bytree": -0.6120306611173689, "log10_eta": -3.789393384998295, "log10_lambda": -2.968238728774881, "log10_min_child_weight": 4.9515524132180175, "log10_subsample": -0.4714162110070982, "max_depth": 3.0, "num_boost_round": 20.0}, "datetime": {"datetime": "2024-01-19 02:06:39", "elapsed": 6903.788453, "delta": 0.006708}}
{"target": -13.758527619141207, "params": {"gamma": 833.8123168234664, "log10_alpha": -4.721900000689475, "log10_colsample_bytree": -0.6120306611173689, "log10_eta": -3.789393384998295, "log10_lambda": -2.968238728774881, "log10_min_child_weight": 4.9515524132180175, "log10_subsample": -0.4714162110070982, "max_depth": 3.0, "num_boost_round": 21.0}, "datetime": {"datetime": "2024-01-19 02:06:39", "elapsed": 6903.795297, "delta": 0.006844}}
{"target": -13.758526618238223, "params": {"gamma": 833.8123168234664, "log10_alpha": -4.721900000689475, "log10_colsample_bytree": -0.6120306611173689, "log10_eta": -3.789393384998295, "log10_lambda": -2.968238728774881, "log10_min_child_weight": 4.9515524132180175, "log10_subsample": -0.4714162110070982, "max_depth": 3.0, "num_boost_round": 22.0}, "datetime": {"datetime": "2024-01-19 02:06:39", "elapsed": 6903.802057, "delta": 0.00676}}
{"target": -13.758526416489829, "params": {"gamma": 833.8123168234664, "log10_alpha": -4.721900000689475, "log10_colsample_bytree": -0.6120306611173689, "log10_eta": -3.789393384998295, "log10_lambda": -2.968238728774881, "log10_min_child_weight": 4.9515524132180175, "log10_subsample": -0.4714162110070982, "max_depth": 3.0, "num_boost_round": 23.0}, "datetime": {"datetime": "2024-01-19 02:06:39", "elapsed": 6903.80887, "delta": 0.006813}}
{"target": -13.758526532059639, "params": {"gamma": 833.8123168234664, "log10_alpha": -4.721900000689475, "log10_colsample_bytree": -0.6120306611173689, "log10_eta": -3.789393384998295, "log10_lambda": -2.968238728774881, "log10_min_child_weight": 4.9515524132180175, "log10_subsample": -0.4714162110070982, "max_depth": 3.0, "num_boost_round": 24.0}, "datetime": {"datetime": "2024-01-19 02:06:39", "elapsed": 6903.81588, "delta": 0.00701}}
{"target": -13.758526431955634, "params": {"gamma": 833.8123168234664, "log10_alpha": -4.721900000689475, "log10_colsample_bytree": -0.6120306611173689, "log10_eta": -3.789393384998295, "log10_lambda": -2.968238728774881, "log10_min_child_weight": 4.9515524132180175, "log10_subsample": -0.4714162110070982, "max_depth": 3.0, "num_boost_round": 25.0}, "datetime": {"datetime": "2024-01-19 02:06:39", "elapsed": 6903.822779, "delta": 0.006899}}
{"target": -13.758525708660272, "params": {"gamma": 833.8123168234664, "log10_alpha": -4.721900000689475, "log10_colsample_bytree": -0.6120306611173689, "log10_eta": -3.789393384998295, "log10_lambda": -2.968238728774881, "log10_min_child_weight": 4.9515524132180175, "log10_subsample": -0.4714162110070982, "max_depth": 3.0, "num_boost_round": 26.0}, "datetime": {"datetime": "2024-01-19 02:06:39", "elapsed": 6903.829658, "delta": 0.006879}}
{"target": -13.758525202687537, "params": {"gamma": 833.8123168234664, "log10_alpha": -4.721900000689475, "log10_colsample_bytree": -0.6120306611173689, "log10_eta": -3.789393384998295, "log10_lambda": -2.968238728774881, "log10_min_child_weight": 4.9515524132180175, "log10_subsample": -0.4714162110070982, "max_depth": 3.0, "num_boost_round": 27.0}, "datetime": {"datetime": "2024-01-19 02:06:39", "elapsed": 6903.83663, "delta": 0.006972}}
{"target": -13.758523892387132, "params": {"gamma": 833.8123168234664, "log10_alpha": -4.721900000689475, "log10_colsample_bytree": -0.6120306611173689, "log10_eta": -3.789393384998295, "log10_lambda": -2.968238728774881, "log10_min_child_weight": 4.9515524132180175, "log10_subsample": -0.4714162110070982, "max_depth": 3.0, "num_boost_round": 28.0}, "datetime": {"datetime": "2024-01-19 02:06:39", "elapsed": 6903.843534, "delta": 0.006904}}
{"target": -13.758523767999195, "params": {"gamma": 833.8123168234664, "log10_alpha": -4.721900000689475, "log10_colsample_bytree": -0.6120306611173689, "log10_eta": -3.789393384998295, "log10_lambda": -2.968238728774881, "log10_min_child_weight": 4.9515524132180175, "log10_subsample": -0.4714162110070982, "max_depth": 3.0, "num_boost_round": 29.0}, "datetime": {"datetime": "2024-01-19 02:06:39", "elapsed": 6903.850389, "delta": 0.006855}}
{"target": -13.758523180361264, "params": {"gamma": 833.8123168234664, "log10_alpha": -4.721900000689475, "log10_colsample_bytree": -0.6120306611173689, "log10_eta": -3.789393384998295, "log10_lambda": -2.968238728774881, "log10_min_child_weight": 4.9515524132180175, "log10_subsample": -0.4714162110070982, "max_depth": 3.0, "num_boost_round": 30.0}, "datetime": {"datetime": "2024-01-19 02:06:39", "elapsed": 6903.857547, "delta": 0.007158}}
{"target": -13.758522696220906, "params": {"gamma": 833.8123168234664, "log10_alpha": -4.721900000689475, "log10_colsample_bytree": -0.6120306611173689, "log10_eta": -3.789393384998295, "log10_lambda": -2.968238728774881, "log10_min_child_weight": 4.9515524132180175, "log10_subsample": -0.4714162110070982, "max_depth": 3.0, "num_boost_round": 31.0}, "datetime": {"datetime": "2024-01-19 02:06:39", "elapsed": 6903.864731, "delta": 0.007184}}
{"target": -13.758521744433851, "params": {"gamma": 833.8123168234664, "log10_alpha": -4.721900000689475, "log10_colsample_bytree": -0.6120306611173689, "log10_eta": -3.789393384998295, "log10_lambda": -2.968238728774881, "log10_min_child_weight": 4.9515524132180175, "log10_subsample": -0.4714162110070982, "max_depth": 3.0, "num_boost_round": 32.0}, "datetime": {"datetime": "2024-01-19 02:06:39", "elapsed": 6903.872401, "delta": 0.00767}}
{"target": -13.758520742827509, "params": {"gamma": 833.8123168234664, "log10_alpha": -4.721900000689475, "log10_colsample_bytree": -0.6120306611173689, "log10_eta": -3.789393384998295, "log10_lambda": -2.968238728774881, "log10_min_child_weight": 4.9515524132180175, "log10_subsample": -0.4714162110070982, "max_depth": 3.0, "num_boost_round": 33.0}, "datetime": {"datetime": "2024-01-19 02:06:39", "elapsed": 6903.879438, "delta": 0.007037}}
{"target": -13.758520722770866, "params": {"gamma": 833.8123168234664, "log10_alpha": -4.721900000689475, "log10_colsample_bytree": -0.6120306611173689, "log10_eta": -3.789393384998295, "log10_lambda": -2.968238728774881, "log10_min_child_weight": 4.9515524132180175, "log10_subsample": -0.4714162110070982, "max_depth": 3.0, "num_boost_round": 34.0}, "datetime": {"datetime": "2024-01-19 02:06:39", "elapsed": 6903.88618, "delta": 0.006742}}
{"target": -13.75852017065974, "params": {"gamma": 833.8123168234664, "log10_alpha": -4.721900000689475, "log10_colsample_bytree": -0.6120306611173689, "log10_eta": -3.789393384998295, "log10_lambda": -2.968238728774881, "log10_min_child_weight": 4.9515524132180175, "log10_subsample": -0.4714162110070982, "max_depth": 3.0, "num_boost_round": 35.0}, "datetime": {"datetime": "2024-01-19 02:06:39", "elapsed": 6903.893167, "delta": 0.006987}}
{"target": -13.758519479654417, "params": {"gamma": 833.8123168234664, "log10_alpha": -4.721900000689475, "log10_colsample_bytree": -0.6120306611173689, "log10_eta": -3.789393384998295, "log10_lambda": -2.968238728774881, "log10_min_child_weight": 4.9515524132180175, "log10_subsample": -0.4714162110070982, "max_depth": 3.0, "num_boost_round": 36.0}, "datetime": {"datetime": "2024-01-19 02:06:39", "elapsed": 6903.900106, "delta": 0.006939}}
{"target": -13.758519548115137, "params": {"gamma": 833.8123168234664, "log10_alpha": -4.721900000689475, "log10_colsample_bytree": -0.6120306611173689, "log10_eta": -3.789393384998295, "log10_lambda": -2.968238728774881, "log10_min_child_weight": 4.9515524132180175, "log10_subsample": -0.4714162110070982, "max_depth": 3.0, "num_boost_round": 37.0}, "datetime": {"datetime": "2024-01-19 02:06:39", "elapsed": 6903.907078, "delta": 0.006972}}
{"target": -13.758518737673425, "params": {"gamma": 833.8123168234664, "log10_alpha": -4.721900000689475, "log10_colsample_bytree": -0.6120306611173689, "log10_eta": -3.789393384998295, "log10_lambda": -2.968238728774881, "log10_min_child_weight": 4.9515524132180175, "log10_subsample": -0.4714162110070982, "max_depth": 3.0, "num_boost_round": 38.0}, "datetime": {"datetime": "2024-01-19 02:06:39", "elapsed": 6903.914016, "delta": 0.006938}}
{"target": -13.758517430170734, "params": {"gamma": 833.8123168234664, "log10_alpha": -4.721900000689475, "log10_colsample_bytree": -0.6120306611173689, "log10_eta": -3.789393384998295, "log10_lambda": -2.968238728774881, "log10_min_child_weight": 4.9515524132180175, "log10_subsample": -0.4714162110070982, "max_depth": 3.0, "num_boost_round": 39.0}, "datetime": {"datetime": "2024-01-19 02:06:39", "elapsed": 6903.920753, "delta": 0.006737}}
{"target": -13.758516869606687, "params": {"gamma": 833.8123168234664, "log10_alpha": -4.721900000689475, "log10_colsample_bytree": -0.6120306611173689, "log10_eta": -3.789393384998295, "log10_lambda": -2.968238728774881, "log10_min_child_weight": 4.9515524132180175, "log10_subsample": -0.4714162110070982, "max_depth": 3.0, "num_boost_round": 40.0}, "datetime": {"datetime": "2024-01-19 02:06:39", "elapsed": 6903.927392, "delta": 0.006639}}
{"target": -13.75851604562182, "params": {"gamma": 833.8123168234664, "log10_alpha": -4.721900000689475, "log10_colsample_bytree": -0.6120306611173689, "log10_eta": -3.789393384998295, "log10_lambda": -2.968238728774881, "log10_min_child_weight": 4.9515524132180175, "log10_subsample": -0.4714162110070982, "max_depth": 3.0, "num_boost_round": 41.0}, "datetime": {"datetime": "2024-01-19 02:06:39", "elapsed": 6903.934631, "delta": 0.007239}}
{"target": -13.758514607678762, "params": {"gamma": 833.8123168234664, "log10_alpha": -4.721900000689475, "log10_colsample_bytree": -0.6120306611173689, "log10_eta": -3.789393384998295, "log10_lambda": -2.968238728774881, "log10_min_child_weight": 4.9515524132180175, "log10_subsample": -0.4714162110070982, "max_depth": 3.0, "num_boost_round": 42.0}, "datetime": {"datetime": "2024-01-19 02:06:39", "elapsed": 6903.94199, "delta": 0.007359}}
{"target": -13.758514022174506, "params": {"gamma": 833.8123168234664, "log10_alpha": -4.721900000689475, "log10_colsample_bytree": -0.6120306611173689, "log10_eta": -3.789393384998295, "log10_lambda": -2.968238728774881, "log10_min_child_weight": 4.9515524132180175, "log10_subsample": -0.4714162110070982, "max_depth": 3.0, "num_boost_round": 43.0}, "datetime": {"datetime": "2024-01-19 02:06:39", "elapsed": 6903.949931, "delta": 0.007941}}
{"target": -13.758513307219438, "params": {"gamma": 833.8123168234664, "log10_alpha": -4.721900000689475, "log10_colsample_bytree": -0.6120306611173689, "log10_eta": -3.789393384998295, "log10_lambda": -2.968238728774881, "log10_min_child_weight": 4.9515524132180175, "log10_subsample": -0.4714162110070982, "max_depth": 3.0, "num_boost_round": 44.0}, "datetime": {"datetime": "2024-01-19 02:06:39", "elapsed": 6903.956911, "delta": 0.00698}}
{"target": -13.758512128613287, "params": {"gamma": 833.8123168234664, "log10_alpha": -4.721900000689475, "log10_colsample_bytree": -0.6120306611173689, "log10_eta": -3.789393384998295, "log10_lambda": -2.968238728774881, "log10_min_child_weight": 4.9515524132180175, "log10_subsample": -0.4714162110070982, "max_depth": 3.0, "num_boost_round": 45.0}, "datetime": {"datetime": "2024-01-19 02:06:39", "elapsed": 6903.9638, "delta": 0.006889}}
{"target": -13.75851116290273, "params": {"gamma": 833.8123168234664, "log10_alpha": -4.721900000689475, "log10_colsample_bytree": -0.6120306611173689, "log10_eta": -3.789393384998295, "log10_lambda": -2.968238728774881, "log10_min_child_weight": 4.9515524132180175, "log10_subsample": -0.4714162110070982, "max_depth": 3.0, "num_boost_round": 46.0}, "datetime": {"datetime": "2024-01-19 02:06:39", "elapsed": 6903.970775, "delta": 0.006975}}
{"target": -13.758510657477501, "params": {"gamma": 833.8123168234664, "log10_alpha": -4.721900000689475, "log10_colsample_bytree": -0.6120306611173689, "log10_eta": -3.789393384998295, "log10_lambda": -2.968238728774881, "log10_min_child_weight": 4.9515524132180175, "log10_subsample": -0.4714162110070982, "max_depth": 3.0, "num_boost_round": 47.0}, "datetime": {"datetime": "2024-01-19 02:06:39", "elapsed": 6903.977646, "delta": 0.006871}}
{"target": -13.758510050721744, "params": {"gamma": 833.8123168234664, "log10_alpha": -4.721900000689475, "log10_colsample_bytree": -0.6120306611173689, "log10_eta": -3.789393384998295, "log10_lambda": -2.968238728774881, "log10_min_child_weight": 4.9515524132180175, "log10_subsample": -0.4714162110070982, "max_depth": 3.0, "num_boost_round": 48.0}, "datetime": {"datetime": "2024-01-19 02:06:39", "elapsed": 6903.984472, "delta": 0.006826}}
{"target": -13.758509519219778, "params": {"gamma": 833.8123168234664, "log10_alpha": -4.721900000689475, "log10_colsample_bytree": -0.6120306611173689, "log10_eta": -3.789393384998295, "log10_lambda": -2.968238728774881, "log10_min_child_weight": 4.9515524132180175, "log10_subsample": -0.4714162110070982, "max_depth": 3.0, "num_boost_round": 49.0}, "datetime": {"datetime": "2024-01-19 02:06:39", "elapsed": 6903.991325, "delta": 0.006853}}
{"target": -13.75850885380748, "params": {"gamma": 833.8123168234664, "log10_alpha": -4.721900000689475, "log10_colsample_bytree": -0.6120306611173689, "log10_eta": -3.789393384998295, "log10_lambda": -2.968238728774881, "log10_min_child_weight": 4.9515524132180175, "log10_subsample": -0.4714162110070982, "max_depth": 3.0, "num_boost_round": 50.0}, "datetime": {"datetime": "2024-01-19 02:06:39", "elapsed": 6903.998152, "delta": 0.006827}}
{"target": -13.758508328900755, "params": {"gamma": 833.8123168234664, "log10_alpha": -4.721900000689475, "log10_colsample_bytree": -0.6120306611173689, "log10_eta": -3.789393384998295, "log10_lambda": -2.968238728774881, "log10_min_child_weight": 4.9515524132180175, "log10_subsample": -0.4714162110070982, "max_depth": 3.0, "num_boost_round": 51.0}, "datetime": {"datetime": "2024-01-19 02:06:39", "elapsed": 6904.005034, "delta": 0.006882}}
