{"target": -13.757607600188653, "params": {"gamma": 181.03833924857292, "log10_alpha": 0.5816582201770801, "log10_colsample_bytree": -0.5482432534254087, "log10_eta": -1.3522563315827987, "log10_lambda": -0.8204831330747293, "log10_min_child_weight": 0.4933532269743651, "log10_subsample": -0.5245002032073891, "max_depth": 2.0, "num_boost_round": 4.0}, "datetime": {"datetime": "2024-01-19 00:29:16", "elapsed": 1064.117703, "delta": 0.001587}}
{"target": -13.757636111701757, "params": {"gamma": 181.03833924857292, "log10_alpha": 0.5816582201770801, "log10_colsample_bytree": -0.5482432534254087, "log10_eta": -1.3522563315827987, "log10_lambda": -0.8204831330747293, "log10_min_child_weight": 0.4933532269743651, "log10_subsample": -0.5245002032073891, "max_depth": 2.0, "num_boost_round": 5.0}, "datetime": {"datetime": "2024-01-19 00:29:16", "elapsed": 1064.119342, "delta": 0.001639}}
{"target": -13.757203226682423, "params": {"gamma": 181.03833924857292, "log10_alpha": 0.5816582201770801, "log10_colsample_bytree": -0.5482432534254087, "log10_eta": -1.3522563315827987, "log10_lambda": -0.8204831330747293, "log10_min_child_weight": 0.4933532269743651, "log10_subsample": -0.5245002032073891, "max_depth": 2.0, "num_boost_round": 6.0}, "datetime": {"datetime": "2024-01-19 00:29:16", "elapsed": 1064.120865, "delta": 0.001523}}
{"target": -13.757944067787191, "params": {"gamma": 181.03833924857292, "log10_alpha": 0.5816582201770801, "log10_colsample_bytree": -0.5482432534254087, "log10_eta": -1.3522563315827987, "log10_lambda": -0.8204831330747293, "log10_min_child_weight": 0.4933532269743651, "log10_subsample": -0.5245002032073891, "max_depth": 2.0, "num_boost_round": 7.0}, "datetime": {"datetime": "2024-01-19 00:29:16", "elapsed": 1064.126666, "delta": 0.005801}}
{"target": -13.758150103027516, "params": {"gamma": 181.03833924857292, "log10_alpha": 0.5816582201770801, "log10_colsample_bytree": -0.5482432534254087, "log10_eta": -1.3522563315827987, "log10_lambda": -0.8204831330747293, "log10_min_child_weight": 0.4933532269743651, "log10_subsample": -0.5245002032073891, "max_depth": 2.0, "num_boost_round": 8.0}, "datetime": {"datetime": "2024-01-19 00:29:16", "elapsed": 1064.12811, "delta": 0.001444}}
{"target": -13.758005104219519, "params": {"gamma": 181.03833924857292, "log10_alpha": 0.5816582201770801, "log10_colsample_bytree": -0.5482432534254087, "log10_eta": -1.3522563315827987, "log10_lambda": -0.8204831330747293, "log10_min_child_weight": 0.4933532269743651, "log10_subsample": -0.5245002032073891, "max_depth": 2.0, "num_boost_round": 9.0}, "datetime": {"datetime": "2024-01-19 00:29:16", "elapsed": 1064.129532, "delta": 0.001422}}
{"target": -13.757862240561677, "params": {"gamma": 181.03833924857292, "log10_alpha": 0.5816582201770801, "log10_colsample_bytree": -0.5482432534254087, "log10_eta": -1.3522563315827987, "log10_lambda": -0.8204831330747293, "log10_min_child_weight": 0.4933532269743651, "log10_subsample": -0.5245002032073891, "max_depth": 2.0, "num_boost_round": 10.0}, "datetime": {"datetime": "2024-01-19 00:29:16", "elapsed": 1064.131032, "delta": 0.0015}}
{"target": -13.757444074802569, "params": {"gamma": 181.03833924857292, "log10_alpha": 0.5816582201770801, "log10_colsample_bytree": -0.5482432534254087, "log10_eta": -1.3522563315827987, "log10_lambda": -0.8204831330747293, "log10_min_child_weight": 0.4933532269743651, "log10_subsample": -0.5245002032073891, "max_depth": 2.0, "num_boost_round": 11.0}, "datetime": {"datetime": "2024-01-19 00:29:16", "elapsed": 1064.132474, "delta": 0.001442}}
{"target": -13.758001732576377, "params": {"gamma": 181.03833924857292, "log10_alpha": 0.5816582201770801, "log10_colsample_bytree": -0.5482432534254087, "log10_eta": -1.3522563315827987, "log10_lambda": -0.8204831330747293, "log10_min_child_weight": 0.4933532269743651, "log10_subsample": -0.5245002032073891, "max_depth": 2.0, "num_boost_round": 12.0}, "datetime": {"datetime": "2024-01-19 00:29:16", "elapsed": 1064.133882, "delta": 0.001408}}
{"target": -13.758223687760266, "params": {"gamma": 181.03833924857292, "log10_alpha": 0.5816582201770801, "log10_colsample_bytree": -0.5482432534254087, "log10_eta": -1.3522563315827987, "log10_lambda": -0.8204831330747293, "log10_min_child_weight": 0.4933532269743651, "log10_subsample": -0.5245002032073891, "max_depth": 2.0, "num_boost_round": 13.0}, "datetime": {"datetime": "2024-01-19 00:29:16", "elapsed": 1064.135276, "delta": 0.001394}}
{"target": -13.759014311156019, "params": {"gamma": 181.03833924857292, "log10_alpha": 0.5816582201770801, "log10_colsample_bytree": -0.5482432534254087, "log10_eta": -1.3522563315827987, "log10_lambda": -0.8204831330747293, "log10_min_child_weight": 0.4933532269743651, "log10_subsample": -0.5245002032073891, "max_depth": 2.0, "num_boost_round": 14.0}, "datetime": {"datetime": "2024-01-19 00:29:16", "elapsed": 1064.136695, "delta": 0.001419}}
{"target": -13.75879304564035, "params": {"gamma": 181.03833924857292, "log10_alpha": 0.5816582201770801, "log10_colsample_bytree": -0.5482432534254087, "log10_eta": -1.3522563315827987, "log10_lambda": -0.8204831330747293, "log10_min_child_weight": 0.4933532269743651, "log10_subsample": -0.5245002032073891, "max_depth": 2.0, "num_boost_round": 15.0}, "datetime": {"datetime": "2024-01-19 00:29:16", "elapsed": 1064.138167, "delta": 0.001472}}
{"target": -13.758850323187886, "params": {"gamma": 181.03833924857292, "log10_alpha": 0.5816582201770801, "log10_colsample_bytree": -0.5482432534254087, "log10_eta": -1.3522563315827987, "log10_lambda": -0.8204831330747293, "log10_min_child_weight": 0.4933532269743651, "log10_subsample": -0.5245002032073891, "max_depth": 2.0, "num_boost_round": 16.0}, "datetime": {"datetime": "2024-01-19 00:29:16", "elapsed": 1064.139751, "delta": 0.001584}}
{"target": -13.758977085993514, "params": {"gamma": 181.03833924857292, "log10_alpha": 0.5816582201770801, "log10_colsample_bytree": -0.5482432534254087, "log10_eta": -1.3522563315827987, "log10_lambda": -0.8204831330747293, "log10_min_child_weight": 0.4933532269743651, "log10_subsample": -0.5245002032073891, "max_depth": 2.0, "num_boost_round": 17.0}, "datetime": {"datetime": "2024-01-19 00:29:16", "elapsed": 1064.141326, "delta": 0.001575}}
{"target": -13.759080114156422, "params": {"gamma": 181.03833924857292, "log10_alpha": 0.5816582201770801, "log10_colsample_bytree": -0.5482432534254087, "log10_eta": -1.3522563315827987, "log10_lambda": -0.8204831330747293, "log10_min_child_weight": 0.4933532269743651, "log10_subsample": -0.5245002032073891, "max_depth": 2.0, "num_boost_round": 18.0}, "datetime": {"datetime": "2024-01-19 00:29:16", "elapsed": 1064.142813, "delta": 0.001487}}
{"target": -13.759319356575377, "params": {"gamma": 181.03833924857292, "log10_alpha": 0.5816582201770801, "log10_colsample_bytree": -0.5482432534254087, "log10_eta": -1.3522563315827987, "log10_lambda": -0.8204831330747293, "log10_min_child_weight": 0.4933532269743651, "log10_subsample": -0.5245002032073891, "max_depth": 2.0, "num_boost_round": 19.0}, "datetime": {"datetime": "2024-01-19 00:29:16", "elapsed": 1064.144245, "delta": 0.001432}}
{"target": -13.759146362749105, "params": {"gamma": 181.03833924857292, "log10_alpha": 0.5816582201770801, "log10_colsample_bytree": -0.5482432534254087, "log10_eta": -1.3522563315827987, "log10_lambda": -0.8204831330747293, "log10_min_child_weight": 0.4933532269743651, "log10_subsample": -0.5245002032073891, "max_depth": 2.0, "num_boost_round": 20.0}, "datetime": {"datetime": "2024-01-19 00:29:16", "elapsed": 1064.145661, "delta": 0.001416}}
{"target": -13.759513695311306, "params": {"gamma": 181.03833924857292, "log10_alpha": 0.5816582201770801, "log10_colsample_bytree": -0.5482432534254087, "log10_eta": -1.3522563315827987, "log10_lambda": -0.8204831330747293, "log10_min_child_weight": 0.4933532269743651, "log10_subsample": -0.5245002032073891, "max_depth": 2.0, "num_boost_round": 21.0}, "datetime": {"datetime": "2024-01-19 00:29:16", "elapsed": 1064.147073, "delta": 0.001412}}
{"target": -13.760357924009263, "params": {"gamma": 181.03833924857292, "log10_alpha": 0.5816582201770801, "log10_colsample_bytree": -0.5482432534254087, "log10_eta": -1.3522563315827987, "log10_lambda": -0.8204831330747293, "log10_min_child_weight": 0.4933532269743651, "log10_subsample": -0.5245002032073891, "max_depth": 2.0, "num_boost_round": 22.0}, "datetime": {"datetime": "2024-01-19 00:29:16", "elapsed": 1064.148482, "delta": 0.001409}}
{"target": -13.759943246150506, "params": {"gamma": 181.03833924857292, "log10_alpha": 0.5816582201770801, "log10_colsample_bytree": -0.5482432534254087, "log10_eta": -1.3522563315827987, "log10_lambda": -0.8204831330747293, "log10_min_child_weight": 0.4933532269743651, "log10_subsample": -0.5245002032073891, "max_depth": 2.0, "num_boost_round": 23.0}, "datetime": {"datetime": "2024-01-19 00:29:16", "elapsed": 1064.149939, "delta": 0.001457}}
{"target": -13.759872169989901, "params": {"gamma": 181.03833924857292, "log10_alpha": 0.5816582201770801, "log10_colsample_bytree": -0.5482432534254087, "log10_eta": -1.3522563315827987, "log10_lambda": -0.8204831330747293, "log10_min_child_weight": 0.4933532269743651, "log10_subsample": -0.5245002032073891, "max_depth": 2.0, "num_boost_round": 24.0}, "datetime": {"datetime": "2024-01-19 00:29:16", "elapsed": 1064.151439, "delta": 0.0015}}
{"target": -13.7601940522512, "params": {"gamma": 181.03833924857292, "log10_alpha": 0.5816582201770801, "log10_colsample_bytree": -0.5482432534254087, "log10_eta": -1.3522563315827987, "log10_lambda": -0.8204831330747293, "log10_min_child_weight": 0.4933532269743651, "log10_subsample": -0.5245002032073891, "max_depth": 2.0, "num_boost_round": 25.0}, "datetime": {"datetime": "2024-01-19 00:29:16", "elapsed": 1064.152882, "delta": 0.001443}}
{"target": -13.760486197939056, "params": {"gamma": 181.03833924857292, "log10_alpha": 0.5816582201770801, "log10_colsample_bytree": -0.5482432534254087, "log10_eta": -1.3522563315827987, "log10_lambda": -0.8204831330747293, "log10_min_child_weight": 0.4933532269743651, "log10_subsample": -0.5245002032073891, "max_depth": 2.0, "num_boost_round": 26.0}, "datetime": {"datetime": "2024-01-19 00:29:16", "elapsed": 1064.154312, "delta": 0.00143}}
{"target": -13.760298655088585, "params": {"gamma": 181.03833924857292, "log10_alpha": 0.5816582201770801, "log10_colsample_bytree": -0.5482432534254087, "log10_eta": -1.3522563315827987, "log10_lambda": -0.8204831330747293, "log10_min_child_weight": 0.4933532269743651, "log10_subsample": -0.5245002032073891, "max_depth": 2.0, "num_boost_round": 27.0}, "datetime": {"datetime": "2024-01-19 00:29:16", "elapsed": 1064.155732, "delta": 0.00142}}
{"target": -13.760103382791888, "params": {"gamma": 181.03833924857292, "log10_alpha": 0.5816582201770801, "log10_colsample_bytree": -0.5482432534254087, "log10_eta": -1.3522563315827987, "log10_lambda": -0.8204831330747293, "log10_min_child_weight": 0.4933532269743651, "log10_subsample": -0.5245002032073891, "max_depth": 2.0, "num_boost_round": 28.0}, "datetime": {"datetime": "2024-01-19 00:29:16", "elapsed": 1064.157145, "delta": 0.001413}}
{"target": -13.758536776965801, "params": {"gamma": 177.88372937109165, "log10_alpha": -4.373602293282499, "log10_colsample_bytree": -0.12451388776296513, "log10_eta": -3.543916954735756, "log10_lambda": -4.583783545191494, "log10_min_child_weight": 2.0185364709570672, "log10_subsample": -0.059464457352728095, "max_depth": 3.0, "num_boost_round": 0.0}, "datetime": {"datetime": "2024-01-19 00:29:42", "elapsed": 1090.022573, "delta": 25.865428}}
{"target": -13.758535143198594, "params": {"gamma": 177.88372937109165, "log10_alpha": -4.373602293282499, "log10_colsample_bytree": -0.12451388776296513, "log10_eta": -3.543916954735756, "log10_lambda": -4.583783545191494, "log10_min_child_weight": 2.0185364709570672, "log10_subsample": -0.059464457352728095, "max_depth": 3.0, "num_boost_round": 1.0}, "datetime": {"datetime": "2024-01-19 00:29:42", "elapsed": 1090.024732, "delta": 0.002159}}
{"target": -13.758529393771276, "params": {"gamma": 177.88372937109165, "log10_alpha": -4.373602293282499, "log10_colsample_bytree": -0.12451388776296513, "log10_eta": -3.543916954735756, "log10_lambda": -4.583783545191494, "log10_min_child_weight": 2.0185364709570672, "log10_subsample": -0.059464457352728095, "max_depth": 3.0, "num_boost_round": 2.0}, "datetime": {"datetime": "2024-01-19 00:29:42", "elapsed": 1090.026179, "delta": 0.001447}}
{"target": -13.7585261564577, "params": {"gamma": 177.88372937109165, "log10_alpha": -4.373602293282499, "log10_colsample_bytree": -0.12451388776296513, "log10_eta": -3.543916954735756, "log10_lambda": -4.583783545191494, "log10_min_child_weight": 2.0185364709570672, "log10_subsample": -0.059464457352728095, "max_depth": 3.0, "num_boost_round": 3.0}, "datetime": {"datetime": "2024-01-19 00:29:42", "elapsed": 1090.027731, "delta": 0.001552}}
{"target": -13.758528078334216, "params": {"gamma": 177.88372937109165, "log10_alpha": -4.373602293282499, "log10_colsample_bytree": -0.12451388776296513, "log10_eta": -3.543916954735756, "log10_lambda": -4.583783545191494, "log10_min_child_weight": 2.0185364709570672, "log10_subsample": -0.059464457352728095, "max_depth": 3.0, "num_boost_round": 4.0}, "datetime": {"datetime": "2024-01-19 00:29:42", "elapsed": 1090.029465, "delta": 0.001734}}
{"target": -13.758525811340252, "params": {"gamma": 177.88372937109165, "log10_alpha": -4.373602293282499, "log10_colsample_bytree": -0.12451388776296513, "log10_eta": -3.543916954735756, "log10_lambda": -4.583783545191494, "log10_min_child_weight": 2.0185364709570672, "log10_subsample": -0.059464457352728095, "max_depth": 3.0, "num_boost_round": 5.0}, "datetime": {"datetime": "2024-01-19 00:29:42", "elapsed": 1090.030998, "delta": 0.001533}}
{"target": -13.758525542821326, "params": {"gamma": 177.88372937109165, "log10_alpha": -4.373602293282499, "log10_colsample_bytree": -0.12451388776296513, "log10_eta": -3.543916954735756, "log10_lambda": -4.583783545191494, "log10_min_child_weight": 2.0185364709570672, "log10_subsample": -0.059464457352728095, "max_depth": 3.0, "num_boost_round": 6.0}, "datetime": {"datetime": "2024-01-19 00:29:42", "elapsed": 1090.032426, "delta": 0.001428}}
{"target": -13.758523876318177, "params": {"gamma": 177.88372937109165, "log10_alpha": -4.373602293282499, "log10_colsample_bytree": -0.12451388776296513, "log10_eta": -3.543916954735756, "log10_lambda": -4.583783545191494, "log10_min_child_weight": 2.0185364709570672, "log10_subsample": -0.059464457352728095, "max_depth": 3.0, "num_boost_round": 7.0}, "datetime": {"datetime": "2024-01-19 00:29:42", "elapsed": 1090.033865, "delta": 0.001439}}
{"target": -13.758522234210224, "params": {"gamma": 177.88372937109165, "log10_alpha": -4.373602293282499, "log10_colsample_bytree": -0.12451388776296513, "log10_eta": -3.543916954735756, "log10_lambda": -4.583783545191494, "log10_min_child_weight": 2.0185364709570672, "log10_subsample": -0.059464457352728095, "max_depth": 3.0, "num_boost_round": 8.0}, "datetime": {"datetime": "2024-01-19 00:29:42", "elapsed": 1090.035288, "delta": 0.001423}}
{"target": -13.758520658407026, "params": {"gamma": 177.88372937109165, "log10_alpha": -4.373602293282499, "log10_colsample_bytree": -0.12451388776296513, "log10_eta": -3.543916954735756, "log10_lambda": -4.583783545191494, "log10_min_child_weight": 2.0185364709570672, "log10_subsample": -0.059464457352728095, "max_depth": 3.0, "num_boost_round": 9.0}, "datetime": {"datetime": "2024-01-19 00:29:42", "elapsed": 1090.036699, "delta": 0.001411}}
{"target": -13.75851911081819, "params": {"gamma": 177.88372937109165, "log10_alpha": -4.373602293282499, "log10_colsample_bytree": -0.12451388776296513, "log10_eta": -3.543916954735756, "log10_lambda": -4.583783545191494, "log10_min_child_weight": 2.0185364709570672, "log10_subsample": -0.059464457352728095, "max_depth": 3.0, "num_boost_round": 10.0}, "datetime": {"datetime": "2024-01-19 00:29:42", "elapsed": 1090.038176, "delta": 0.001477}}
{"target": -13.758513390338328, "params": {"gamma": 177.88372937109165, "log10_alpha": -4.373602293282499, "log10_colsample_bytree": -0.12451388776296513, "log10_eta": -3.543916954735756, "log10_lambda": -4.583783545191494, "log10_min_child_weight": 2.0185364709570672, "log10_subsample": -0.059464457352728095, "max_depth": 3.0, "num_boost_round": 11.0}, "datetime": {"datetime": "2024-01-19 00:29:42", "elapsed": 1090.039771, "delta": 0.001595}}
{"target": -13.758511722461096, "params": {"gamma": 177.88372937109165, "log10_alpha": -4.373602293282499, "log10_colsample_bytree": -0.12451388776296513, "log10_eta": -3.543916954735756, "log10_lambda": -4.583783545191494, "log10_min_child_weight": 2.0185364709570672, "log10_subsample": -0.059464457352728095, "max_depth": 3.0, "num_boost_round": 12.0}, "datetime": {"datetime": "2024-01-19 00:29:42", "elapsed": 1090.041353, "delta": 0.001582}}
{"target": -13.758510150312889, "params": {"gamma": 177.88372937109165, "log10_alpha": -4.373602293282499, "log10_colsample_bytree": -0.12451388776296513, "log10_eta": -3.543916954735756, "log10_lambda": -4.583783545191494, "log10_min_child_weight": 2.0185364709570672, "log10_subsample": -0.059464457352728095, "max_depth": 3.0, "num_boost_round": 13.0}, "datetime": {"datetime": "2024-01-19 00:29:42", "elapsed": 1090.042863, "delta": 0.00151}}
{"target": -13.758510047003, "params": {"gamma": 177.88372937109165, "log10_alpha": -4.373602293282499, "log10_colsample_bytree": -0.12451388776296513, "log10_eta": -3.543916954735756, "log10_lambda": -4.583783545191494, "log10_min_child_weight": 2.0185364709570672, "log10_subsample": -0.059464457352728095, "max_depth": 3.0, "num_boost_round": 14.0}, "datetime": {"datetime": "2024-01-19 00:29:42", "elapsed": 1090.044288, "delta": 0.001425}}
{"target": -13.758509040672728, "params": {"gamma": 177.88372937109165, "log10_alpha": -4.373602293282499, "log10_colsample_bytree": -0.12451388776296513, "log10_eta": -3.543916954735756, "log10_lambda": -4.583783545191494, "log10_min_child_weight": 2.0185364709570672, "log10_subsample": -0.059464457352728095, "max_depth": 3.0, "num_boost_round": 15.0}, "datetime": {"datetime": "2024-01-19 00:29:42", "elapsed": 1090.045712, "delta": 0.001424}}
{"target": -13.758504303302324, "params": {"gamma": 177.88372937109165, "log10_alpha": -4.373602293282499, "log10_colsample_bytree": -0.12451388776296513, "log10_eta": -3.543916954735756, "log10_lambda": -4.583783545191494, "log10_min_child_weight": 2.0185364709570672, "log10_subsample": -0.059464457352728095, "max_depth": 3.0, "num_boost_round": 16.0}, "datetime": {"datetime": "2024-01-19 00:29:42", "elapsed": 1090.047146, "delta": 0.001434}}
{"target": -13.758501610213784, "params": {"gamma": 177.88372937109165, "log10_alpha": -4.373602293282499, "log10_colsample_bytree": -0.12451388776296513, "log10_eta": -3.543916954735756, "log10_lambda": -4.583783545191494, "log10_min_child_weight": 2.0185364709570672, "log10_subsample": -0.059464457352728095, "max_depth": 3.0, "num_boost_round": 17.0}, "datetime": {"datetime": "2024-01-19 00:29:42", "elapsed": 1090.048569, "delta": 0.001423}}
{"target": -13.758500064291594, "params": {"gamma": 177.88372937109165, "log10_alpha": -4.373602293282499, "log10_colsample_bytree": -0.12451388776296513, "log10_eta": -3.543916954735756, "log10_lambda": -4.583783545191494, "log10_min_child_weight": 2.0185364709570672, "log10_subsample": -0.059464457352728095, "max_depth": 3.0, "num_boost_round": 18.0}, "datetime": {"datetime": "2024-01-19 00:29:42", "elapsed": 1090.050046, "delta": 0.001477}}
{"target": -13.75850040878473, "params": {"gamma": 177.88372937109165, "log10_alpha": -4.373602293282499, "log10_colsample_bytree": -0.12451388776296513, "log10_eta": -3.543916954735756, "log10_lambda": -4.583783545191494, "log10_min_child_weight": 2.0185364709570672, "log10_subsample": -0.059464457352728095, "max_depth": 3.0, "num_boost_round": 19.0}, "datetime": {"datetime": "2024-01-19 00:29:42", "elapsed": 1090.051545, "delta": 0.001499}}
{"target": -13.758499086100798, "params": {"gamma": 177.88372937109165, "log10_alpha": -4.373602293282499, "log10_colsample_bytree": -0.12451388776296513, "log10_eta": -3.543916954735756, "log10_lambda": -4.583783545191494, "log10_min_child_weight": 2.0185364709570672, "log10_subsample": -0.059464457352728095, "max_depth": 3.0, "num_boost_round": 20.0}, "datetime": {"datetime": "2024-01-19 00:29:42", "elapsed": 1090.052997, "delta": 0.001452}}
{"target": -13.75849647356542, "params": {"gamma": 177.88372937109165, "log10_alpha": -4.373602293282499, "log10_colsample_bytree": -0.12451388776296513, "log10_eta": -3.543916954735756, "log10_lambda": -4.583783545191494, "log10_min_child_weight": 2.0185364709570672, "log10_subsample": -0.059464457352728095, "max_depth": 3.0, "num_boost_round": 21.0}, "datetime": {"datetime": "2024-01-19 00:29:42", "elapsed": 1090.05443, "delta": 0.001433}}
{"target": -13.75849189555614, "params": {"gamma": 177.88372937109165, "log10_alpha": -4.373602293282499, "log10_colsample_bytree": -0.12451388776296513, "log10_eta": -3.543916954735756, "log10_lambda": -4.583783545191494, "log10_min_child_weight": 2.0185364709570672, "log10_subsample": -0.059464457352728095, "max_depth": 3.0, "num_boost_round": 22.0}, "datetime": {"datetime": "2024-01-19 00:29:42", "elapsed": 1090.055875, "delta": 0.001445}}
{"target": -13.758490187675468, "params": {"gamma": 177.88372937109165, "log10_alpha": -4.373602293282499, "log10_colsample_bytree": -0.12451388776296513, "log10_eta": -3.543916954735756, "log10_lambda": -4.583783545191494, "log10_min_child_weight": 2.0185364709570672, "log10_subsample": -0.059464457352728095, "max_depth": 3.0, "num_boost_round": 23.0}, "datetime": {"datetime": "2024-01-19 00:29:42", "elapsed": 1090.057302, "delta": 0.001427}}
