{"target": -17.67140289104945, "params": {"gamma": 185.3759682642777, "log10_alpha": 0.1524173243799849, "log10_colsample_bytree": -0.7322077826428746, "log10_eta": -1.8779624481829646, "log10_lambda": -4.654112907844386, "log10_min_child_weight": 2.3396631996733896, "log10_subsample": -0.8571655243641643, "max_depth": 8.0, "num_boost_round": 22.0}, "datetime": {"datetime": "2024-01-19 00:19:38", "elapsed": 463.436301, "delta": 0.001136}}
{"target": -17.67070785405796, "params": {"gamma": 185.3759682642777, "log10_alpha": 0.1524173243799849, "log10_colsample_bytree": -0.7322077826428746, "log10_eta": -1.8779624481829646, "log10_lambda": -4.654112907844386, "log10_min_child_weight": 2.3396631996733896, "log10_subsample": -0.8571655243641643, "max_depth": 8.0, "num_boost_round": 23.0}, "datetime": {"datetime": "2024-01-19 00:19:39", "elapsed": 463.537088, "delta": 0.100787}}
{"target": -17.670178365392943, "params": {"gamma": 185.3759682642777, "log10_alpha": 0.1524173243799849, "log10_colsample_bytree": -0.7322077826428746, "log10_eta": -1.8779624481829646, "log10_lambda": -4.654112907844386, "log10_min_child_weight": 2.3396631996733896, "log10_subsample": -0.8571655243641643, "max_depth": 8.0, "num_boost_round": 24.0}, "datetime": {"datetime": "2024-01-19 00:19:39", "elapsed": 463.538267, "delta": 0.001179}}
{"target": -17.669376533717, "params": {"gamma": 185.3759682642777, "log10_alpha": 0.1524173243799849, "log10_colsample_bytree": -0.7322077826428746, "log10_eta": -1.8779624481829646, "log10_lambda": -4.654112907844386, "log10_min_child_weight": 2.3396631996733896, "log10_subsample": -0.8571655243641643, "max_depth": 8.0, "num_boost_round": 25.0}, "datetime": {"datetime": "2024-01-19 00:19:39", "elapsed": 463.539177, "delta": 0.00091}}
{"target": -17.669501920095726, "params": {"gamma": 185.3759682642777, "log10_alpha": 0.1524173243799849, "log10_colsample_bytree": -0.7322077826428746, "log10_eta": -1.8779624481829646, "log10_lambda": -4.654112907844386, "log10_min_child_weight": 2.3396631996733896, "log10_subsample": -0.8571655243641643, "max_depth": 8.0, "num_boost_round": 26.0}, "datetime": {"datetime": "2024-01-19 00:19:39", "elapsed": 463.540067, "delta": 0.00089}}
{"target": -17.669704929598733, "params": {"gamma": 185.3759682642777, "log10_alpha": 0.1524173243799849, "log10_colsample_bytree": -0.7322077826428746, "log10_eta": -1.8779624481829646, "log10_lambda": -4.654112907844386, "log10_min_child_weight": 2.3396631996733896, "log10_subsample": -0.8571655243641643, "max_depth": 8.0, "num_boost_round": 27.0}, "datetime": {"datetime": "2024-01-19 00:19:39", "elapsed": 463.540842, "delta": 0.000775}}
{"target": -17.677224378893598, "params": {"gamma": 185.40359870197253, "log10_alpha": -0.9127480040280469, "log10_colsample_bytree": -0.0169912381699171, "log10_eta": -3.340633384666359, "log10_lambda": 0.6735212015047969, "log10_min_child_weight": 0.8070487246355751, "log10_subsample": -0.769457718044242, "max_depth": 8.0, "num_boost_round": 0.0}, "datetime": {"datetime": "2024-01-19 00:20:07", "elapsed": 492.359217, "delta": 28.818375}}
{"target": -17.677222390533245, "params": {"gamma": 185.40359870197253, "log10_alpha": -0.9127480040280469, "log10_colsample_bytree": -0.0169912381699171, "log10_eta": -3.340633384666359, "log10_lambda": 0.6735212015047969, "log10_min_child_weight": 0.8070487246355751, "log10_subsample": -0.769457718044242, "max_depth": 8.0, "num_boost_round": 1.0}, "datetime": {"datetime": "2024-01-19 00:20:07", "elapsed": 492.360737, "delta": 0.00152}}
{"target": -17.67720263113881, "params": {"gamma": 185.40359870197253, "log10_alpha": -0.9127480040280469, "log10_colsample_bytree": -0.0169912381699171, "log10_eta": -3.340633384666359, "log10_lambda": 0.6735212015047969, "log10_min_child_weight": 0.8070487246355751, "log10_subsample": -0.769457718044242, "max_depth": 8.0, "num_boost_round": 2.0}, "datetime": {"datetime": "2024-01-19 00:20:07", "elapsed": 492.361558, "delta": 0.000821}}
{"target": -17.67714828871596, "params": {"gamma": 185.40359870197253, "log10_alpha": -0.9127480040280469, "log10_colsample_bytree": -0.0169912381699171, "log10_eta": -3.340633384666359, "log10_lambda": 0.6735212015047969, "log10_min_child_weight": 0.8070487246355751, "log10_subsample": -0.769457718044242, "max_depth": 8.0, "num_boost_round": 3.0}, "datetime": {"datetime": "2024-01-19 00:20:07", "elapsed": 492.362356, "delta": 0.000798}}
{"target": -17.677109119779306, "params": {"gamma": 185.40359870197253, "log10_alpha": -0.9127480040280469, "log10_colsample_bytree": -0.0169912381699171, "log10_eta": -3.340633384666359, "log10_lambda": 0.6735212015047969, "log10_min_child_weight": 0.8070487246355751, "log10_subsample": -0.769457718044242, "max_depth": 8.0, "num_boost_round": 4.0}, "datetime": {"datetime": "2024-01-19 00:20:07", "elapsed": 492.363128, "delta": 0.000772}}
{"target": -17.67710715218148, "params": {"gamma": 185.40359870197253, "log10_alpha": -0.9127480040280469, "log10_colsample_bytree": -0.0169912381699171, "log10_eta": -3.340633384666359, "log10_lambda": 0.6735212015047969, "log10_min_child_weight": 0.8070487246355751, "log10_subsample": -0.769457718044242, "max_depth": 8.0, "num_boost_round": 5.0}, "datetime": {"datetime": "2024-01-19 00:20:07", "elapsed": 492.364077, "delta": 0.000949}}
{"target": -17.67709647508532, "params": {"gamma": 185.40359870197253, "log10_alpha": -0.9127480040280469, "log10_colsample_bytree": -0.0169912381699171, "log10_eta": -3.340633384666359, "log10_lambda": 0.6735212015047969, "log10_min_child_weight": 0.8070487246355751, "log10_subsample": -0.769457718044242, "max_depth": 8.0, "num_boost_round": 6.0}, "datetime": {"datetime": "2024-01-19 00:20:07", "elapsed": 492.364858, "delta": 0.000781}}
{"target": -17.6770729597601, "params": {"gamma": 185.40359870197253, "log10_alpha": -0.9127480040280469, "log10_colsample_bytree": -0.0169912381699171, "log10_eta": -3.340633384666359, "log10_lambda": 0.6735212015047969, "log10_min_child_weight": 0.8070487246355751, "log10_subsample": -0.769457718044242, "max_depth": 8.0, "num_boost_round": 7.0}, "datetime": {"datetime": "2024-01-19 00:20:07", "elapsed": 492.365654, "delta": 0.000796}}
{"target": -17.677049452992307, "params": {"gamma": 185.40359870197253, "log10_alpha": -0.9127480040280469, "log10_colsample_bytree": -0.0169912381699171, "log10_eta": -3.340633384666359, "log10_lambda": 0.6735212015047969, "log10_min_child_weight": 0.8070487246355751, "log10_subsample": -0.769457718044242, "max_depth": 8.0, "num_boost_round": 8.0}, "datetime": {"datetime": "2024-01-19 00:20:07", "elapsed": 492.36644, "delta": 0.000786}}
{"target": -17.67702083305145, "params": {"gamma": 185.40359870197253, "log10_alpha": -0.9127480040280469, "log10_colsample_bytree": -0.0169912381699171, "log10_eta": -3.340633384666359, "log10_lambda": 0.6735212015047969, "log10_min_child_weight": 0.8070487246355751, "log10_subsample": -0.769457718044242, "max_depth": 8.0, "num_boost_round": 9.0}, "datetime": {"datetime": "2024-01-19 00:20:07", "elapsed": 492.367354, "delta": 0.000914}}
{"target": -17.67701000614376, "params": {"gamma": 185.40359870197253, "log10_alpha": -0.9127480040280469, "log10_colsample_bytree": -0.0169912381699171, "log10_eta": -3.340633384666359, "log10_lambda": 0.6735212015047969, "log10_min_child_weight": 0.8070487246355751, "log10_subsample": -0.769457718044242, "max_depth": 8.0, "num_boost_round": 10.0}, "datetime": {"datetime": "2024-01-19 00:20:07", "elapsed": 492.368117, "delta": 0.000763}}
{"target": -17.677042368255865, "params": {"gamma": 185.40359870197253, "log10_alpha": -0.9127480040280469, "log10_colsample_bytree": -0.0169912381699171, "log10_eta": -3.340633384666359, "log10_lambda": 0.6735212015047969, "log10_min_child_weight": 0.8070487246355751, "log10_subsample": -0.769457718044242, "max_depth": 8.0, "num_boost_round": 11.0}, "datetime": {"datetime": "2024-01-19 00:20:07", "elapsed": 492.369098, "delta": 0.000981}}
{"target": -17.677023378838605, "params": {"gamma": 185.40359870197253, "log10_alpha": -0.9127480040280469, "log10_colsample_bytree": -0.0169912381699171, "log10_eta": -3.340633384666359, "log10_lambda": 0.6735212015047969, "log10_min_child_weight": 0.8070487246355751, "log10_subsample": -0.769457718044242, "max_depth": 8.0, "num_boost_round": 12.0}, "datetime": {"datetime": "2024-01-19 00:20:07", "elapsed": 492.369887, "delta": 0.000789}}
{"target": -17.677004413864022, "params": {"gamma": 185.40359870197253, "log10_alpha": -0.9127480040280469, "log10_colsample_bytree": -0.0169912381699171, "log10_eta": -3.340633384666359, "log10_lambda": 0.6735212015047969, "log10_min_child_weight": 0.8070487246355751, "log10_subsample": -0.769457718044242, "max_depth": 8.0, "num_boost_round": 13.0}, "datetime": {"datetime": "2024-01-19 00:20:07", "elapsed": 492.370673, "delta": 0.000786}}
{"target": -17.67696078537092, "params": {"gamma": 185.40359870197253, "log10_alpha": -0.9127480040280469, "log10_colsample_bytree": -0.0169912381699171, "log10_eta": -3.340633384666359, "log10_lambda": 0.6735212015047969, "log10_min_child_weight": 0.8070487246355751, "log10_subsample": -0.769457718044242, "max_depth": 8.0, "num_boost_round": 14.0}, "datetime": {"datetime": "2024-01-19 00:20:07", "elapsed": 492.371465, "delta": 0.000792}}
{"target": -17.676947717296482, "params": {"gamma": 185.40359870197253, "log10_alpha": -0.9127480040280469, "log10_colsample_bytree": -0.0169912381699171, "log10_eta": -3.340633384666359, "log10_lambda": 0.6735212015047969, "log10_min_child_weight": 0.8070487246355751, "log10_subsample": -0.769457718044242, "max_depth": 8.0, "num_boost_round": 15.0}, "datetime": {"datetime": "2024-01-19 00:20:07", "elapsed": 492.372252, "delta": 0.000787}}
{"target": -17.67690869162922, "params": {"gamma": 185.40359870197253, "log10_alpha": -0.9127480040280469, "log10_colsample_bytree": -0.0169912381699171, "log10_eta": -3.340633384666359, "log10_lambda": 0.6735212015047969, "log10_min_child_weight": 0.8070487246355751, "log10_subsample": -0.769457718044242, "max_depth": 8.0, "num_boost_round": 16.0}, "datetime": {"datetime": "2024-01-19 00:20:07", "elapsed": 492.37304, "delta": 0.000788}}
{"target": -17.67686926793076, "params": {"gamma": 185.40359870197253, "log10_alpha": -0.9127480040280469, "log10_colsample_bytree": -0.0169912381699171, "log10_eta": -3.340633384666359, "log10_lambda": 0.6735212015047969, "log10_min_child_weight": 0.8070487246355751, "log10_subsample": -0.769457718044242, "max_depth": 8.0, "num_boost_round": 17.0}, "datetime": {"datetime": "2024-01-19 00:20:07", "elapsed": 492.373822, "delta": 0.000782}}
{"target": -17.67686705803647, "params": {"gamma": 185.40359870197253, "log10_alpha": -0.9127480040280469, "log10_colsample_bytree": -0.0169912381699171, "log10_eta": -3.340633384666359, "log10_lambda": 0.6735212015047969, "log10_min_child_weight": 0.8070487246355751, "log10_subsample": -0.769457718044242, "max_depth": 8.0, "num_boost_round": 18.0}, "datetime": {"datetime": "2024-01-19 00:20:07", "elapsed": 492.374616, "delta": 0.000794}}
{"target": -17.67685686336755, "params": {"gamma": 185.40359870197253, "log10_alpha": -0.9127480040280469, "log10_colsample_bytree": -0.0169912381699171, "log10_eta": -3.340633384666359, "log10_lambda": 0.6735212015047969, "log10_min_child_weight": 0.8070487246355751, "log10_subsample": -0.769457718044242, "max_depth": 8.0, "num_boost_round": 19.0}, "datetime": {"datetime": "2024-01-19 00:20:07", "elapsed": 492.375405, "delta": 0.000789}}
{"target": -17.676850659878532, "params": {"gamma": 185.40359870197253, "log10_alpha": -0.9127480040280469, "log10_colsample_bytree": -0.0169912381699171, "log10_eta": -3.340633384666359, "log10_lambda": 0.6735212015047969, "log10_min_child_weight": 0.8070487246355751, "log10_subsample": -0.769457718044242, "max_depth": 8.0, "num_boost_round": 20.0}, "datetime": {"datetime": "2024-01-19 00:20:07", "elapsed": 492.376183, "delta": 0.000778}}
{"target": -17.6768758408794, "params": {"gamma": 185.40359870197253, "log10_alpha": -0.9127480040280469, "log10_colsample_bytree": -0.0169912381699171, "log10_eta": -3.340633384666359, "log10_lambda": 0.6735212015047969, "log10_min_child_weight": 0.8070487246355751, "log10_subsample": -0.769457718044242, "max_depth": 8.0, "num_boost_round": 21.0}, "datetime": {"datetime": "2024-01-19 00:20:07", "elapsed": 492.376967, "delta": 0.000784}}
{"target": -17.676843908513284, "params": {"gamma": 185.40359870197253, "log10_alpha": -0.9127480040280469, "log10_colsample_bytree": -0.0169912381699171, "log10_eta": -3.340633384666359, "log10_lambda": 0.6735212015047969, "log10_min_child_weight": 0.8070487246355751, "log10_subsample": -0.769457718044242, "max_depth": 8.0, "num_boost_round": 22.0}, "datetime": {"datetime": "2024-01-19 00:20:07", "elapsed": 492.377743, "delta": 0.000776}}
{"target": -17.677231902957274, "params": {"gamma": 182.4384331379173, "log10_alpha": -4.130488714217821, "log10_colsample_bytree": -0.5637200223720514, "log10_eta": -3.880556618849901, "log10_lambda": -4.278467830686969, "log10_min_child_weight": 1.3986777868592382, "log10_subsample": -0.6521640717310297, "max_depth": 2.0, "num_boost_round": 0.0}, "datetime": {"datetime": "2024-01-19 00:20:33", "elapsed": 518.114996, "delta": 25.737253}}
{"target": -17.67722849214124, "params": {"gamma": 182.4384331379173, "log10_alpha": -4.130488714217821, "log10_colsample_bytree": -0.5637200223720514, "log10_eta": -3.880556618849901, "log10_lambda": -4.278467830686969, "log10_min_child_weight": 1.3986777868592382, "log10_subsample": -0.6521640717310297, "max_depth": 2.0, "num_boost_round": 1.0}, "datetime": {"datetime": "2024-01-19 00:20:33", "elapsed": 518.11601, "delta": 0.001014}}
{"target": -17.677226430888958, "params": {"gamma": 182.4384331379173, "log10_alpha": -4.130488714217821, "log10_colsample_bytree": -0.5637200223720514, "log10_eta": -3.880556618849901, "log10_lambda": -4.278467830686969, "log10_min_child_weight": 1.3986777868592382, "log10_subsample": -0.6521640717310297, "max_depth": 2.0, "num_boost_round": 2.0}, "datetime": {"datetime": "2024-01-19 00:20:33", "elapsed": 518.11721, "delta": 0.0012}}
{"target": -17.677225722056555, "params": {"gamma": 182.4384331379173, "log10_alpha": -4.130488714217821, "log10_colsample_bytree": -0.5637200223720514, "log10_eta": -3.880556618849901, "log10_lambda": -4.278467830686969, "log10_min_child_weight": 1.3986777868592382, "log10_subsample": -0.6521640717310297, "max_depth": 2.0, "num_boost_round": 3.0}, "datetime": {"datetime": "2024-01-19 00:20:33", "elapsed": 518.118386, "delta": 0.001176}}
{"target": -17.6772236563727, "params": {"gamma": 182.4384331379173, "log10_alpha": -4.130488714217821, "log10_colsample_bytree": -0.5637200223720514, "log10_eta": -3.880556618849901, "log10_lambda": -4.278467830686969, "log10_min_child_weight": 1.3986777868592382, "log10_subsample": -0.6521640717310297, "max_depth": 2.0, "num_boost_round": 4.0}, "datetime": {"datetime": "2024-01-19 00:20:33", "elapsed": 518.119211, "delta": 0.000825}}
{"target": -17.677221001781646, "params": {"gamma": 182.4384331379173, "log10_alpha": -4.130488714217821, "log10_colsample_bytree": -0.5637200223720514, "log10_eta": -3.880556618849901, "log10_lambda": -4.278467830686969, "log10_min_child_weight": 1.3986777868592382, "log10_subsample": -0.6521640717310297, "max_depth": 2.0, "num_boost_round": 5.0}, "datetime": {"datetime": "2024-01-19 00:20:33", "elapsed": 518.120201, "delta": 0.00099}}
{"target": -17.67721877898128, "params": {"gamma": 182.4384331379173, "log10_alpha": -4.130488714217821, "log10_colsample_bytree": -0.5637200223720514, "log10_eta": -3.880556618849901, "log10_lambda": -4.278467830686969, "log10_min_child_weight": 1.3986777868592382, "log10_subsample": -0.6521640717310297, "max_depth": 2.0, "num_boost_round": 6.0}, "datetime": {"datetime": "2024-01-19 00:20:33", "elapsed": 518.121039, "delta": 0.000838}}
{"target": -17.67721859879842, "params": {"gamma": 182.4384331379173, "log10_alpha": -4.130488714217821, "log10_colsample_bytree": -0.5637200223720514, "log10_eta": -3.880556618849901, "log10_lambda": -4.278467830686969, "log10_min_child_weight": 1.3986777868592382, "log10_subsample": -0.6521640717310297, "max_depth": 2.0, "num_boost_round": 7.0}, "datetime": {"datetime": "2024-01-19 00:20:33", "elapsed": 518.122159, "delta": 0.00112}}
{"target": -17.67721539209291, "params": {"gamma": 182.4384331379173, "log10_alpha": -4.130488714217821, "log10_colsample_bytree": -0.5637200223720514, "log10_eta": -3.880556618849901, "log10_lambda": -4.278467830686969, "log10_min_child_weight": 1.3986777868592382, "log10_subsample": -0.6521640717310297, "max_depth": 2.0, "num_boost_round": 8.0}, "datetime": {"datetime": "2024-01-19 00:20:33", "elapsed": 518.122984, "delta": 0.000825}}
{"target": -17.677209738533573, "params": {"gamma": 182.4384331379173, "log10_alpha": -4.130488714217821, "log10_colsample_bytree": -0.5637200223720514, "log10_eta": -3.880556618849901, "log10_lambda": -4.278467830686969, "log10_min_child_weight": 1.3986777868592382, "log10_subsample": -0.6521640717310297, "max_depth": 2.0, "num_boost_round": 9.0}, "datetime": {"datetime": "2024-01-19 00:20:33", "elapsed": 518.123798, "delta": 0.000814}}
{"target": -17.677204664188817, "params": {"gamma": 182.4384331379173, "log10_alpha": -4.130488714217821, "log10_colsample_bytree": -0.5637200223720514, "log10_eta": -3.880556618849901, "log10_lambda": -4.278467830686969, "log10_min_child_weight": 1.3986777868592382, "log10_subsample": -0.6521640717310297, "max_depth": 2.0, "num_boost_round": 10.0}, "datetime": {"datetime": "2024-01-19 00:20:33", "elapsed": 518.124666, "delta": 0.000868}}
{"target": -17.677201066908736, "params": {"gamma": 182.4384331379173, "log10_alpha": -4.130488714217821, "log10_colsample_bytree": -0.5637200223720514, "log10_eta": -3.880556618849901, "log10_lambda": -4.278467830686969, "log10_min_child_weight": 1.3986777868592382, "log10_subsample": -0.6521640717310297, "max_depth": 2.0, "num_boost_round": 11.0}, "datetime": {"datetime": "2024-01-19 00:20:33", "elapsed": 518.125483, "delta": 0.000817}}
{"target": -17.677197264032372, "params": {"gamma": 182.4384331379173, "log10_alpha": -4.130488714217821, "log10_colsample_bytree": -0.5637200223720514, "log10_eta": -3.880556618849901, "log10_lambda": -4.278467830686969, "log10_min_child_weight": 1.3986777868592382, "log10_subsample": -0.6521640717310297, "max_depth": 2.0, "num_boost_round": 12.0}, "datetime": {"datetime": "2024-01-19 00:20:33", "elapsed": 518.126275, "delta": 0.000792}}
{"target": -17.6771931206244, "params": {"gamma": 182.4384331379173, "log10_alpha": -4.130488714217821, "log10_colsample_bytree": -0.5637200223720514, "log10_eta": -3.880556618849901, "log10_lambda": -4.278467830686969, "log10_min_child_weight": 1.3986777868592382, "log10_subsample": -0.6521640717310297, "max_depth": 2.0, "num_boost_round": 13.0}, "datetime": {"datetime": "2024-01-19 00:20:33", "elapsed": 518.127262, "delta": 0.000987}}
{"target": -17.677192880312628, "params": {"gamma": 182.4384331379173, "log10_alpha": -4.130488714217821, "log10_colsample_bytree": -0.5637200223720514, "log10_eta": -3.880556618849901, "log10_lambda": -4.278467830686969, "log10_min_child_weight": 1.3986777868592382, "log10_subsample": -0.6521640717310297, "max_depth": 2.0, "num_boost_round": 14.0}, "datetime": {"datetime": "2024-01-19 00:20:33", "elapsed": 518.128085, "delta": 0.000823}}
{"target": -17.6771906147097, "params": {"gamma": 182.4384331379173, "log10_alpha": -4.130488714217821, "log10_colsample_bytree": -0.5637200223720514, "log10_eta": -3.880556618849901, "log10_lambda": -4.278467830686969, "log10_min_child_weight": 1.3986777868592382, "log10_subsample": -0.6521640717310297, "max_depth": 2.0, "num_boost_round": 15.0}, "datetime": {"datetime": "2024-01-19 00:20:33", "elapsed": 518.128893, "delta": 0.000808}}
{"target": -17.677188390212738, "params": {"gamma": 182.4384331379173, "log10_alpha": -4.130488714217821, "log10_colsample_bytree": -0.5637200223720514, "log10_eta": -3.880556618849901, "log10_lambda": -4.278467830686969, "log10_min_child_weight": 1.3986777868592382, "log10_subsample": -0.6521640717310297, "max_depth": 2.0, "num_boost_round": 16.0}, "datetime": {"datetime": "2024-01-19 00:20:33", "elapsed": 518.129697, "delta": 0.000804}}
{"target": -17.677185116897103, "params": {"gamma": 182.4384331379173, "log10_alpha": -4.130488714217821, "log10_colsample_bytree": -0.5637200223720514, "log10_eta": -3.880556618849901, "log10_lambda": -4.278467830686969, "log10_min_child_weight": 1.3986777868592382, "log10_subsample": -0.6521640717310297, "max_depth": 2.0, "num_boost_round": 17.0}, "datetime": {"datetime": "2024-01-19 00:20:33", "elapsed": 518.130496, "delta": 0.000799}}
{"target": -17.677184688466024, "params": {"gamma": 182.4384331379173, "log10_alpha": -4.130488714217821, "log10_colsample_bytree": -0.5637200223720514, "log10_eta": -3.880556618849901, "log10_lambda": -4.278467830686969, "log10_min_child_weight": 1.3986777868592382, "log10_subsample": -0.6521640717310297, "max_depth": 2.0, "num_boost_round": 18.0}, "datetime": {"datetime": "2024-01-19 00:20:33", "elapsed": 518.131291, "delta": 0.000795}}
{"target": -17.67718104139173, "params": {"gamma": 182.4384331379173, "log10_alpha": -4.130488714217821, "log10_colsample_bytree": -0.5637200223720514, "log10_eta": -3.880556618849901, "log10_lambda": -4.278467830686969, "log10_min_child_weight": 1.3986777868592382, "log10_subsample": -0.6521640717310297, "max_depth": 2.0, "num_boost_round": 19.0}, "datetime": {"datetime": "2024-01-19 00:20:33", "elapsed": 518.132109, "delta": 0.000818}}
