{"target": -13.75853689769005, "params": {"gamma": 440.71059253563106, "log10_alpha": 1.0, "log10_colsample_bytree": -1.0, "log10_eta": -4.0, "log10_lambda": -1.6023259523209785, "log10_min_child_weight": 5.0, "log10_subsample": -0.29882017812494643, "max_depth": 5.0, "num_boost_round": 5.0}, "datetime": {"datetime": "2024-01-19 02:12:21", "elapsed": 7245.266217, "delta": 0.006287}}
{"target": -13.75853643739318, "params": {"gamma": 440.71059253563106, "log10_alpha": 1.0, "log10_colsample_bytree": -1.0, "log10_eta": -4.0, "log10_lambda": -1.6023259523209785, "log10_min_child_weight": 5.0, "log10_subsample": -0.29882017812494643, "max_depth": 5.0, "num_boost_round": 6.0}, "datetime": {"datetime": "2024-01-19 02:12:21", "elapsed": 7245.272587, "delta": 0.00637}}
{"target": -13.758536147397423, "params": {"gamma": 440.71059253563106, "log10_alpha": 1.0, "log10_colsample_bytree": -1.0, "log10_eta": -4.0, "log10_lambda": -1.6023259523209785, "log10_min_child_weight": 5.0, "log10_subsample": -0.29882017812494643, "max_depth": 5.0, "num_boost_round": 7.0}, "datetime": {"datetime": "2024-01-19 02:12:21", "elapsed": 7245.27893, "delta": 0.006343}}
{"target": -13.758536087479005, "params": {"gamma": 440.71059253563106, "log10_alpha": 1.0, "log10_colsample_bytree": -1.0, "log10_eta": -4.0, "log10_lambda": -1.6023259523209785, "log10_min_child_weight": 5.0, "log10_subsample": -0.29882017812494643, "max_depth": 5.0, "num_boost_round": 8.0}, "datetime": {"datetime": "2024-01-19 02:12:21", "elapsed": 7245.285333, "delta": 0.006403}}
{"target": -13.75853582940894, "params": {"gamma": 440.71059253563106, "log10_alpha": 1.0, "log10_colsample_bytree": -1.0, "log10_eta": -4.0, "log10_lambda": -1.6023259523209785, "log10_min_child_weight": 5.0, "log10_subsample": -0.29882017812494643, "max_depth": 5.0, "num_boost_round": 9.0}, "datetime": {"datetime": "2024-01-19 02:12:21", "elapsed": 7245.291552, "delta": 0.006219}}
{"target": -13.758536405603017, "params": {"gamma": 440.71059253563106, "log10_alpha": 1.0, "log10_colsample_bytree": -1.0, "log10_eta": -4.0, "log10_lambda": -1.6023259523209785, "log10_min_child_weight": 5.0, "log10_subsample": -0.29882017812494643, "max_depth": 5.0, "num_boost_round": 10.0}, "datetime": {"datetime": "2024-01-19 02:12:21", "elapsed": 7245.297848, "delta": 0.006296}}
{"target": -13.758536082694432, "params": {"gamma": 440.71059253563106, "log10_alpha": 1.0, "log10_colsample_bytree": -1.0, "log10_eta": -4.0, "log10_lambda": -1.6023259523209785, "log10_min_child_weight": 5.0, "log10_subsample": -0.29882017812494643, "max_depth": 5.0, "num_boost_round": 11.0}, "datetime": {"datetime": "2024-01-19 02:12:21", "elapsed": 7245.304152, "delta": 0.006304}}
{"target": -13.758535765828253, "params": {"gamma": 440.71059253563106, "log10_alpha": 1.0, "log10_colsample_bytree": -1.0, "log10_eta": -4.0, "log10_lambda": -1.6023259523209785, "log10_min_child_weight": 5.0, "log10_subsample": -0.29882017812494643, "max_depth": 5.0, "num_boost_round": 12.0}, "datetime": {"datetime": "2024-01-19 02:12:21", "elapsed": 7245.310415, "delta": 0.006263}}
{"target": -13.758535197413556, "params": {"gamma": 440.71059253563106, "log10_alpha": 1.0, "log10_colsample_bytree": -1.0, "log10_eta": -4.0, "log10_lambda": -1.6023259523209785, "log10_min_child_weight": 5.0, "log10_subsample": -0.29882017812494643, "max_depth": 5.0, "num_boost_round": 13.0}, "datetime": {"datetime": "2024-01-19 02:12:21", "elapsed": 7245.316666, "delta": 0.006251}}
{"target": -13.758534867567342, "params": {"gamma": 440.71059253563106, "log10_alpha": 1.0, "log10_colsample_bytree": -1.0, "log10_eta": -4.0, "log10_lambda": -1.6023259523209785, "log10_min_child_weight": 5.0, "log10_subsample": -0.29882017812494643, "max_depth": 5.0, "num_boost_round": 14.0}, "datetime": {"datetime": "2024-01-19 02:12:21", "elapsed": 7245.323034, "delta": 0.006368}}
{"target": -13.758534165036659, "params": {"gamma": 440.71059253563106, "log10_alpha": 1.0, "log10_colsample_bytree": -1.0, "log10_eta": -4.0, "log10_lambda": -1.6023259523209785, "log10_min_child_weight": 5.0, "log10_subsample": -0.29882017812494643, "max_depth": 5.0, "num_boost_round": 15.0}, "datetime": {"datetime": "2024-01-19 02:12:21", "elapsed": 7245.329297, "delta": 0.006263}}
{"target": -13.758534026354644, "params": {"gamma": 440.71059253563106, "log10_alpha": 1.0, "log10_colsample_bytree": -1.0, "log10_eta": -4.0, "log10_lambda": -1.6023259523209785, "log10_min_child_weight": 5.0, "log10_subsample": -0.29882017812494643, "max_depth": 5.0, "num_boost_round": 16.0}, "datetime": {"datetime": "2024-01-19 02:12:21", "elapsed": 7245.33636, "delta": 0.007063}}
{"target": -13.758534374055738, "params": {"gamma": 440.71059253563106, "log10_alpha": 1.0, "log10_colsample_bytree": -1.0, "log10_eta": -4.0, "log10_lambda": -1.6023259523209785, "log10_min_child_weight": 5.0, "log10_subsample": -0.29882017812494643, "max_depth": 5.0, "num_boost_round": 17.0}, "datetime": {"datetime": "2024-01-19 02:12:21", "elapsed": 7245.342867, "delta": 0.006507}}
{"target": -13.758534127470703, "params": {"gamma": 440.71059253563106, "log10_alpha": 1.0, "log10_colsample_bytree": -1.0, "log10_eta": -4.0, "log10_lambda": -1.6023259523209785, "log10_min_child_weight": 5.0, "log10_subsample": -0.29882017812494643, "max_depth": 5.0, "num_boost_round": 18.0}, "datetime": {"datetime": "2024-01-19 02:12:21", "elapsed": 7245.349148, "delta": 0.006281}}
{"target": -13.758533507631814, "params": {"gamma": 440.71059253563106, "log10_alpha": 1.0, "log10_colsample_bytree": -1.0, "log10_eta": -4.0, "log10_lambda": -1.6023259523209785, "log10_min_child_weight": 5.0, "log10_subsample": -0.29882017812494643, "max_depth": 5.0, "num_boost_round": 19.0}, "datetime": {"datetime": "2024-01-19 02:12:21", "elapsed": 7245.452306, "delta": 0.103158}}
{"target": -13.758533125154807, "params": {"gamma": 440.71059253563106, "log10_alpha": 1.0, "log10_colsample_bytree": -1.0, "log10_eta": -4.0, "log10_lambda": -1.6023259523209785, "log10_min_child_weight": 5.0, "log10_subsample": -0.29882017812494643, "max_depth": 5.0, "num_boost_round": 20.0}, "datetime": {"datetime": "2024-01-19 02:12:21", "elapsed": 7245.4597, "delta": 0.007394}}
{"target": -13.758532589969294, "params": {"gamma": 440.71059253563106, "log10_alpha": 1.0, "log10_colsample_bytree": -1.0, "log10_eta": -4.0, "log10_lambda": -1.6023259523209785, "log10_min_child_weight": 5.0, "log10_subsample": -0.29882017812494643, "max_depth": 5.0, "num_boost_round": 21.0}, "datetime": {"datetime": "2024-01-19 02:12:21", "elapsed": 7245.466324, "delta": 0.006624}}
{"target": -13.758532784659478, "params": {"gamma": 440.71059253563106, "log10_alpha": 1.0, "log10_colsample_bytree": -1.0, "log10_eta": -4.0, "log10_lambda": -1.6023259523209785, "log10_min_child_weight": 5.0, "log10_subsample": -0.29882017812494643, "max_depth": 5.0, "num_boost_round": 22.0}, "datetime": {"datetime": "2024-01-19 02:12:21", "elapsed": 7245.472655, "delta": 0.006331}}
{"target": -13.758532408160605, "params": {"gamma": 440.71059253563106, "log10_alpha": 1.0, "log10_colsample_bytree": -1.0, "log10_eta": -4.0, "log10_lambda": -1.6023259523209785, "log10_min_child_weight": 5.0, "log10_subsample": -0.29882017812494643, "max_depth": 5.0, "num_boost_round": 23.0}, "datetime": {"datetime": "2024-01-19 02:12:21", "elapsed": 7245.478939, "delta": 0.006284}}
{"target": -13.758532238375816, "params": {"gamma": 440.71059253563106, "log10_alpha": 1.0, "log10_colsample_bytree": -1.0, "log10_eta": -4.0, "log10_lambda": -1.6023259523209785, "log10_min_child_weight": 5.0, "log10_subsample": -0.29882017812494643, "max_depth": 5.0, "num_boost_round": 24.0}, "datetime": {"datetime": "2024-01-19 02:12:21", "elapsed": 7245.485268, "delta": 0.006329}}
{"target": -13.758532097390344, "params": {"gamma": 440.71059253563106, "log10_alpha": 1.0, "log10_colsample_bytree": -1.0, "log10_eta": -4.0, "log10_lambda": -1.6023259523209785, "log10_min_child_weight": 5.0, "log10_subsample": -0.29882017812494643, "max_depth": 5.0, "num_boost_round": 25.0}, "datetime": {"datetime": "2024-01-19 02:12:21", "elapsed": 7245.491593, "delta": 0.006325}}
{"target": -13.75853231871929, "params": {"gamma": 440.71059253563106, "log10_alpha": 1.0, "log10_colsample_bytree": -1.0, "log10_eta": -4.0, "log10_lambda": -1.6023259523209785, "log10_min_child_weight": 5.0, "log10_subsample": -0.29882017812494643, "max_depth": 5.0, "num_boost_round": 26.0}, "datetime": {"datetime": "2024-01-19 02:12:21", "elapsed": 7245.498034, "delta": 0.006441}}
{"target": -13.758532695699447, "params": {"gamma": 440.71059253563106, "log10_alpha": 1.0, "log10_colsample_bytree": -1.0, "log10_eta": -4.0, "log10_lambda": -1.6023259523209785, "log10_min_child_weight": 5.0, "log10_subsample": -0.29882017812494643, "max_depth": 5.0, "num_boost_round": 27.0}, "datetime": {"datetime": "2024-01-19 02:12:21", "elapsed": 7245.504366, "delta": 0.006332}}
{"target": -13.758531958425204, "params": {"gamma": 440.71059253563106, "log10_alpha": 1.0, "log10_colsample_bytree": -1.0, "log10_eta": -4.0, "log10_lambda": -1.6023259523209785, "log10_min_child_weight": 5.0, "log10_subsample": -0.29882017812494643, "max_depth": 5.0, "num_boost_round": 28.0}, "datetime": {"datetime": "2024-01-19 02:12:21", "elapsed": 7245.510675, "delta": 0.006309}}
{"target": -13.758531000566542, "params": {"gamma": 440.71059253563106, "log10_alpha": 1.0, "log10_colsample_bytree": -1.0, "log10_eta": -4.0, "log10_lambda": -1.6023259523209785, "log10_min_child_weight": 5.0, "log10_subsample": -0.29882017812494643, "max_depth": 5.0, "num_boost_round": 29.0}, "datetime": {"datetime": "2024-01-19 02:12:21", "elapsed": 7245.516992, "delta": 0.006317}}
{"target": -13.75853071356479, "params": {"gamma": 440.71059253563106, "log10_alpha": 1.0, "log10_colsample_bytree": -1.0, "log10_eta": -4.0, "log10_lambda": -1.6023259523209785, "log10_min_child_weight": 5.0, "log10_subsample": -0.29882017812494643, "max_depth": 5.0, "num_boost_round": 30.0}, "datetime": {"datetime": "2024-01-19 02:12:21", "elapsed": 7245.523319, "delta": 0.006327}}
{"target": -13.758530346510733, "params": {"gamma": 440.71059253563106, "log10_alpha": 1.0, "log10_colsample_bytree": -1.0, "log10_eta": -4.0, "log10_lambda": -1.6023259523209785, "log10_min_child_weight": 5.0, "log10_subsample": -0.29882017812494643, "max_depth": 5.0, "num_boost_round": 31.0}, "datetime": {"datetime": "2024-01-19 02:12:21", "elapsed": 7245.52967, "delta": 0.006351}}
{"target": -13.758529811539635, "params": {"gamma": 440.71059253563106, "log10_alpha": 1.0, "log10_colsample_bytree": -1.0, "log10_eta": -4.0, "log10_lambda": -1.6023259523209785, "log10_min_child_weight": 5.0, "log10_subsample": -0.29882017812494643, "max_depth": 5.0, "num_boost_round": 32.0}, "datetime": {"datetime": "2024-01-19 02:12:21", "elapsed": 7245.535997, "delta": 0.006327}}
{"target": -13.758529074324944, "params": {"gamma": 440.71059253563106, "log10_alpha": 1.0, "log10_colsample_bytree": -1.0, "log10_eta": -4.0, "log10_lambda": -1.6023259523209785, "log10_min_child_weight": 5.0, "log10_subsample": -0.29882017812494643, "max_depth": 5.0, "num_boost_round": 33.0}, "datetime": {"datetime": "2024-01-19 02:12:21", "elapsed": 7245.542318, "delta": 0.006321}}
{"target": -13.75852875190783, "params": {"gamma": 440.71059253563106, "log10_alpha": 1.0, "log10_colsample_bytree": -1.0, "log10_eta": -4.0, "log10_lambda": -1.6023259523209785, "log10_min_child_weight": 5.0, "log10_subsample": -0.29882017812494643, "max_depth": 5.0, "num_boost_round": 34.0}, "datetime": {"datetime": "2024-01-19 02:12:21", "elapsed": 7245.548642, "delta": 0.006324}}
{"target": -13.758528878538463, "params": {"gamma": 440.71059253563106, "log10_alpha": 1.0, "log10_colsample_bytree": -1.0, "log10_eta": -4.0, "log10_lambda": -1.6023259523209785, "log10_min_child_weight": 5.0, "log10_subsample": -0.29882017812494643, "max_depth": 5.0, "num_boost_round": 35.0}, "datetime": {"datetime": "2024-01-19 02:12:21", "elapsed": 7245.554957, "delta": 0.006315}}
{"target": -13.758528475584518, "params": {"gamma": 440.71059253563106, "log10_alpha": 1.0, "log10_colsample_bytree": -1.0, "log10_eta": -4.0, "log10_lambda": -1.6023259523209785, "log10_min_child_weight": 5.0, "log10_subsample": -0.29882017812494643, "max_depth": 5.0, "num_boost_round": 36.0}, "datetime": {"datetime": "2024-01-19 02:12:21", "elapsed": 7245.561287, "delta": 0.00633}}
{"target": -13.758528581350348, "params": {"gamma": 440.71059253563106, "log10_alpha": 1.0, "log10_colsample_bytree": -1.0, "log10_eta": -4.0, "log10_lambda": -1.6023259523209785, "log10_min_child_weight": 5.0, "log10_subsample": -0.29882017812494643, "max_depth": 5.0, "num_boost_round": 37.0}, "datetime": {"datetime": "2024-01-19 02:12:21", "elapsed": 7245.567665, "delta": 0.006378}}
{"target": -13.758528359901552, "params": {"gamma": 440.71059253563106, "log10_alpha": 1.0, "log10_colsample_bytree": -1.0, "log10_eta": -4.0, "log10_lambda": -1.6023259523209785, "log10_min_child_weight": 5.0, "log10_subsample": -0.29882017812494643, "max_depth": 5.0, "num_boost_round": 38.0}, "datetime": {"datetime": "2024-01-19 02:12:21", "elapsed": 7245.573964, "delta": 0.006299}}
{"target": -13.758527906075983, "params": {"gamma": 440.71059253563106, "log10_alpha": 1.0, "log10_colsample_bytree": -1.0, "log10_eta": -4.0, "log10_lambda": -1.6023259523209785, "log10_min_child_weight": 5.0, "log10_subsample": -0.29882017812494643, "max_depth": 5.0, "num_boost_round": 39.0}, "datetime": {"datetime": "2024-01-19 02:12:21", "elapsed": 7245.580322, "delta": 0.006358}}
{"target": -13.758527879948577, "params": {"gamma": 440.71059253563106, "log10_alpha": 1.0, "log10_colsample_bytree": -1.0, "log10_eta": -4.0, "log10_lambda": -1.6023259523209785, "log10_min_child_weight": 5.0, "log10_subsample": -0.29882017812494643, "max_depth": 5.0, "num_boost_round": 40.0}, "datetime": {"datetime": "2024-01-19 02:12:21", "elapsed": 7245.587285, "delta": 0.006963}}
{"target": -13.758527740648429, "params": {"gamma": 440.71059253563106, "log10_alpha": 1.0, "log10_colsample_bytree": -1.0, "log10_eta": -4.0, "log10_lambda": -1.6023259523209785, "log10_min_child_weight": 5.0, "log10_subsample": -0.29882017812494643, "max_depth": 5.0, "num_boost_round": 41.0}, "datetime": {"datetime": "2024-01-19 02:12:21", "elapsed": 7245.672327, "delta": 0.085042}}
{"target": -13.758528076902808, "params": {"gamma": 440.71059253563106, "log10_alpha": 1.0, "log10_colsample_bytree": -1.0, "log10_eta": -4.0, "log10_lambda": -1.6023259523209785, "log10_min_child_weight": 5.0, "log10_subsample": -0.29882017812494643, "max_depth": 5.0, "num_boost_round": 42.0}, "datetime": {"datetime": "2024-01-19 02:12:21", "elapsed": 7245.679946, "delta": 0.007619}}
{"target": -13.758527874547656, "params": {"gamma": 440.71059253563106, "log10_alpha": 1.0, "log10_colsample_bytree": -1.0, "log10_eta": -4.0, "log10_lambda": -1.6023259523209785, "log10_min_child_weight": 5.0, "log10_subsample": -0.29882017812494643, "max_depth": 5.0, "num_boost_round": 43.0}, "datetime": {"datetime": "2024-01-19 02:12:21", "elapsed": 7245.686634, "delta": 0.006688}}
{"target": -13.758527148826188, "params": {"gamma": 440.71059253563106, "log10_alpha": 1.0, "log10_colsample_bytree": -1.0, "log10_eta": -4.0, "log10_lambda": -1.6023259523209785, "log10_min_child_weight": 5.0, "log10_subsample": -0.29882017812494643, "max_depth": 5.0, "num_boost_round": 44.0}, "datetime": {"datetime": "2024-01-19 02:12:21", "elapsed": 7245.693193, "delta": 0.006559}}
{"target": -13.758526419702049, "params": {"gamma": 440.71059253563106, "log10_alpha": 1.0, "log10_colsample_bytree": -1.0, "log10_eta": -4.0, "log10_lambda": -1.6023259523209785, "log10_min_child_weight": 5.0, "log10_subsample": -0.29882017812494643, "max_depth": 5.0, "num_boost_round": 45.0}, "datetime": {"datetime": "2024-01-19 02:12:21", "elapsed": 7245.699599, "delta": 0.006406}}
{"target": -13.758526133637325, "params": {"gamma": 440.71059253563106, "log10_alpha": 1.0, "log10_colsample_bytree": -1.0, "log10_eta": -4.0, "log10_lambda": -1.6023259523209785, "log10_min_child_weight": 5.0, "log10_subsample": -0.29882017812494643, "max_depth": 5.0, "num_boost_round": 46.0}, "datetime": {"datetime": "2024-01-19 02:12:21", "elapsed": 7245.706159, "delta": 0.00656}}
{"target": -13.75852614139448, "params": {"gamma": 440.71059253563106, "log10_alpha": 1.0, "log10_colsample_bytree": -1.0, "log10_eta": -4.0, "log10_lambda": -1.6023259523209785, "log10_min_child_weight": 5.0, "log10_subsample": -0.29882017812494643, "max_depth": 5.0, "num_boost_round": 47.0}, "datetime": {"datetime": "2024-01-19 02:12:21", "elapsed": 7245.71264, "delta": 0.006481}}
{"target": -13.758526080406027, "params": {"gamma": 440.71059253563106, "log10_alpha": 1.0, "log10_colsample_bytree": -1.0, "log10_eta": -4.0, "log10_lambda": -1.6023259523209785, "log10_min_child_weight": 5.0, "log10_subsample": -0.29882017812494643, "max_depth": 5.0, "num_boost_round": 48.0}, "datetime": {"datetime": "2024-01-19 02:12:21", "elapsed": 7245.719124, "delta": 0.006484}}
{"target": -13.758525923737611, "params": {"gamma": 440.71059253563106, "log10_alpha": 1.0, "log10_colsample_bytree": -1.0, "log10_eta": -4.0, "log10_lambda": -1.6023259523209785, "log10_min_child_weight": 5.0, "log10_subsample": -0.29882017812494643, "max_depth": 5.0, "num_boost_round": 49.0}, "datetime": {"datetime": "2024-01-19 02:12:21", "elapsed": 7245.725564, "delta": 0.00644}}
{"target": -13.758525823321492, "params": {"gamma": 440.71059253563106, "log10_alpha": 1.0, "log10_colsample_bytree": -1.0, "log10_eta": -4.0, "log10_lambda": -1.6023259523209785, "log10_min_child_weight": 5.0, "log10_subsample": -0.29882017812494643, "max_depth": 5.0, "num_boost_round": 50.0}, "datetime": {"datetime": "2024-01-19 02:12:21", "elapsed": 7245.732049, "delta": 0.006485}}
{"target": -13.758525726462365, "params": {"gamma": 440.71059253563106, "log10_alpha": 1.0, "log10_colsample_bytree": -1.0, "log10_eta": -4.0, "log10_lambda": -1.6023259523209785, "log10_min_child_weight": 5.0, "log10_subsample": -0.29882017812494643, "max_depth": 5.0, "num_boost_round": 51.0}, "datetime": {"datetime": "2024-01-19 02:12:21", "elapsed": 7245.738483, "delta": 0.006434}}
{"target": -13.758525813406273, "params": {"gamma": 440.71059253563106, "log10_alpha": 1.0, "log10_colsample_bytree": -1.0, "log10_eta": -4.0, "log10_lambda": -1.6023259523209785, "log10_min_child_weight": 5.0, "log10_subsample": -0.29882017812494643, "max_depth": 5.0, "num_boost_round": 52.0}, "datetime": {"datetime": "2024-01-19 02:12:21", "elapsed": 7245.744887, "delta": 0.006404}}
{"target": -13.758525244675036, "params": {"gamma": 440.71059253563106, "log10_alpha": 1.0, "log10_colsample_bytree": -1.0, "log10_eta": -4.0, "log10_lambda": -1.6023259523209785, "log10_min_child_weight": 5.0, "log10_subsample": -0.29882017812494643, "max_depth": 5.0, "num_boost_round": 53.0}, "datetime": {"datetime": "2024-01-19 02:12:21", "elapsed": 7245.751321, "delta": 0.006434}}
{"target": -13.75852479671544, "params": {"gamma": 440.71059253563106, "log10_alpha": 1.0, "log10_colsample_bytree": -1.0, "log10_eta": -4.0, "log10_lambda": -1.6023259523209785, "log10_min_child_weight": 5.0, "log10_subsample": -0.29882017812494643, "max_depth": 5.0, "num_boost_round": 54.0}, "datetime": {"datetime": "2024-01-19 02:12:21", "elapsed": 7245.75777, "delta": 0.006449}}
{"target": -13.758524729265073, "params": {"gamma": 440.71059253563106, "log10_alpha": 1.0, "log10_colsample_bytree": -1.0, "log10_eta": -4.0, "log10_lambda": -1.6023259523209785, "log10_min_child_weight": 5.0, "log10_subsample": -0.29882017812494643, "max_depth": 5.0, "num_boost_round": 55.0}, "datetime": {"datetime": "2024-01-19 02:12:21", "elapsed": 7245.764204, "delta": 0.006434}}
{"target": -13.758524522200881, "params": {"gamma": 440.71059253563106, "log10_alpha": 1.0, "log10_colsample_bytree": -1.0, "log10_eta": -4.0, "log10_lambda": -1.6023259523209785, "log10_min_child_weight": 5.0, "log10_subsample": -0.29882017812494643, "max_depth": 5.0, "num_boost_round": 56.0}, "datetime": {"datetime": "2024-01-19 02:12:21", "elapsed": 7245.770666, "delta": 0.006462}}
{"target": -13.758524339662621, "params": {"gamma": 440.71059253563106, "log10_alpha": 1.0, "log10_colsample_bytree": -1.0, "log10_eta": -4.0, "log10_lambda": -1.6023259523209785, "log10_min_child_weight": 5.0, "log10_subsample": -0.29882017812494643, "max_depth": 5.0, "num_boost_round": 57.0}, "datetime": {"datetime": "2024-01-19 02:12:21", "elapsed": 7245.777117, "delta": 0.006451}}
{"target": -13.758524228406957, "params": {"gamma": 440.71059253563106, "log10_alpha": 1.0, "log10_colsample_bytree": -1.0, "log10_eta": -4.0, "log10_lambda": -1.6023259523209785, "log10_min_child_weight": 5.0, "log10_subsample": -0.29882017812494643, "max_depth": 5.0, "num_boost_round": 58.0}, "datetime": {"datetime": "2024-01-19 02:12:21", "elapsed": 7245.783678, "delta": 0.006561}}
{"target": -13.758523507259932, "params": {"gamma": 440.71059253563106, "log10_alpha": 1.0, "log10_colsample_bytree": -1.0, "log10_eta": -4.0, "log10_lambda": -1.6023259523209785, "log10_min_child_weight": 5.0, "log10_subsample": -0.29882017812494643, "max_depth": 5.0, "num_boost_round": 59.0}, "datetime": {"datetime": "2024-01-19 02:12:21", "elapsed": 7245.790167, "delta": 0.006489}}
{"target": -13.75852335048205, "params": {"gamma": 440.71059253563106, "log10_alpha": 1.0, "log10_colsample_bytree": -1.0, "log10_eta": -4.0, "log10_lambda": -1.6023259523209785, "log10_min_child_weight": 5.0, "log10_subsample": -0.29882017812494643, "max_depth": 5.0, "num_boost_round": 60.0}, "datetime": {"datetime": "2024-01-19 02:12:21", "elapsed": 7245.796692, "delta": 0.006525}}
