{"target": -13.790617442464995, "params": {"gamma": 18.50275775033483, "log10_alpha": -4.526733773170475, "log10_colsample_bytree": -0.10548228204889365, "log10_eta": -1.7017006304951834, "log10_lambda": -1.4284974066662506, "log10_min_child_weight": 0.8996481203659323, "log10_subsample": -0.03414968011557418, "max_depth": 7.0, "num_boost_round": 29.0}, "datetime": {"datetime": "2024-01-19 01:54:19", "elapsed": 6167.584421, "delta": 0.005543}}
{"target": -13.792546242784432, "params": {"gamma": 18.50275775033483, "log10_alpha": -4.526733773170475, "log10_colsample_bytree": -0.10548228204889365, "log10_eta": -1.7017006304951834, "log10_lambda": -1.4284974066662506, "log10_min_child_weight": 0.8996481203659323, "log10_subsample": -0.03414968011557418, "max_depth": 7.0, "num_boost_round": 30.0}, "datetime": {"datetime": "2024-01-19 01:54:19", "elapsed": 6167.589595, "delta": 0.005174}}
{"target": -13.79287865147504, "params": {"gamma": 18.50275775033483, "log10_alpha": -4.526733773170475, "log10_colsample_bytree": -0.10548228204889365, "log10_eta": -1.7017006304951834, "log10_lambda": -1.4284974066662506, "log10_min_child_weight": 0.8996481203659323, "log10_subsample": -0.03414968011557418, "max_depth": 7.0, "num_boost_round": 31.0}, "datetime": {"datetime": "2024-01-19 01:54:19", "elapsed": 6167.594747, "delta": 0.005152}}
{"target": -13.794923946603147, "params": {"gamma": 18.50275775033483, "log10_alpha": -4.526733773170475, "log10_colsample_bytree": -0.10548228204889365, "log10_eta": -1.7017006304951834, "log10_lambda": -1.4284974066662506, "log10_min_child_weight": 0.8996481203659323, "log10_subsample": -0.03414968011557418, "max_depth": 7.0, "num_boost_round": 32.0}, "datetime": {"datetime": "2024-01-19 01:54:19", "elapsed": 6167.599879, "delta": 0.005132}}
{"target": -13.795792442090532, "params": {"gamma": 18.50275775033483, "log10_alpha": -4.526733773170475, "log10_colsample_bytree": -0.10548228204889365, "log10_eta": -1.7017006304951834, "log10_lambda": -1.4284974066662506, "log10_min_child_weight": 0.8996481203659323, "log10_subsample": -0.03414968011557418, "max_depth": 7.0, "num_boost_round": 33.0}, "datetime": {"datetime": "2024-01-19 01:54:19", "elapsed": 6167.605031, "delta": 0.005152}}
{"target": -13.796796304104232, "params": {"gamma": 18.50275775033483, "log10_alpha": -4.526733773170475, "log10_colsample_bytree": -0.10548228204889365, "log10_eta": -1.7017006304951834, "log10_lambda": -1.4284974066662506, "log10_min_child_weight": 0.8996481203659323, "log10_subsample": -0.03414968011557418, "max_depth": 7.0, "num_boost_round": 34.0}, "datetime": {"datetime": "2024-01-19 01:54:19", "elapsed": 6167.610225, "delta": 0.005194}}
{"target": -13.797142402518874, "params": {"gamma": 18.50275775033483, "log10_alpha": -4.526733773170475, "log10_colsample_bytree": -0.10548228204889365, "log10_eta": -1.7017006304951834, "log10_lambda": -1.4284974066662506, "log10_min_child_weight": 0.8996481203659323, "log10_subsample": -0.03414968011557418, "max_depth": 7.0, "num_boost_round": 35.0}, "datetime": {"datetime": "2024-01-19 01:54:19", "elapsed": 6167.61555, "delta": 0.005325}}
{"target": -13.797913099374874, "params": {"gamma": 18.50275775033483, "log10_alpha": -4.526733773170475, "log10_colsample_bytree": -0.10548228204889365, "log10_eta": -1.7017006304951834, "log10_lambda": -1.4284974066662506, "log10_min_child_weight": 0.8996481203659323, "log10_subsample": -0.03414968011557418, "max_depth": 7.0, "num_boost_round": 36.0}, "datetime": {"datetime": "2024-01-19 01:54:19", "elapsed": 6167.620718, "delta": 0.005168}}
{"target": -13.798855738422406, "params": {"gamma": 18.50275775033483, "log10_alpha": -4.526733773170475, "log10_colsample_bytree": -0.10548228204889365, "log10_eta": -1.7017006304951834, "log10_lambda": -1.4284974066662506, "log10_min_child_weight": 0.8996481203659323, "log10_subsample": -0.03414968011557418, "max_depth": 7.0, "num_boost_round": 37.0}, "datetime": {"datetime": "2024-01-19 01:54:19", "elapsed": 6167.625885, "delta": 0.005167}}
{"target": -13.800298313499502, "params": {"gamma": 18.50275775033483, "log10_alpha": -4.526733773170475, "log10_colsample_bytree": -0.10548228204889365, "log10_eta": -1.7017006304951834, "log10_lambda": -1.4284974066662506, "log10_min_child_weight": 0.8996481203659323, "log10_subsample": -0.03414968011557418, "max_depth": 7.0, "num_boost_round": 38.0}, "datetime": {"datetime": "2024-01-19 01:54:19", "elapsed": 6167.631035, "delta": 0.00515}}
{"target": -13.801066230725109, "params": {"gamma": 18.50275775033483, "log10_alpha": -4.526733773170475, "log10_colsample_bytree": -0.10548228204889365, "log10_eta": -1.7017006304951834, "log10_lambda": -1.4284974066662506, "log10_min_child_weight": 0.8996481203659323, "log10_subsample": -0.03414968011557418, "max_depth": 7.0, "num_boost_round": 39.0}, "datetime": {"datetime": "2024-01-19 01:54:19", "elapsed": 6167.636179, "delta": 0.005144}}
{"target": -13.758534868921194, "params": {"gamma": 40.37478719481069, "log10_alpha": -4.210019502259142, "log10_colsample_bytree": -0.6280112264161621, "log10_eta": -3.881857505572607, "log10_lambda": -2.3090127495668082, "log10_min_child_weight": 0.5981022786096768, "log10_subsample": -0.1622948456743426, "max_depth": 9.0, "num_boost_round": 0.0}, "datetime": {"datetime": "2024-01-19 01:55:33", "elapsed": 6241.773116, "delta": 74.136937}}
{"target": -13.758529469954734, "params": {"gamma": 40.37478719481069, "log10_alpha": -4.210019502259142, "log10_colsample_bytree": -0.6280112264161621, "log10_eta": -3.881857505572607, "log10_lambda": -2.3090127495668082, "log10_min_child_weight": 0.5981022786096768, "log10_subsample": -0.1622948456743426, "max_depth": 9.0, "num_boost_round": 1.0}, "datetime": {"datetime": "2024-01-19 01:55:33", "elapsed": 6241.778934, "delta": 0.005818}}
{"target": -13.758520553433517, "params": {"gamma": 40.37478719481069, "log10_alpha": -4.210019502259142, "log10_colsample_bytree": -0.6280112264161621, "log10_eta": -3.881857505572607, "log10_lambda": -2.3090127495668082, "log10_min_child_weight": 0.5981022786096768, "log10_subsample": -0.1622948456743426, "max_depth": 9.0, "num_boost_round": 2.0}, "datetime": {"datetime": "2024-01-19 01:55:33", "elapsed": 6241.785313, "delta": 0.006379}}
{"target": -13.758510513851034, "params": {"gamma": 40.37478719481069, "log10_alpha": -4.210019502259142, "log10_colsample_bytree": -0.6280112264161621, "log10_eta": -3.881857505572607, "log10_lambda": -2.3090127495668082, "log10_min_child_weight": 0.5981022786096768, "log10_subsample": -0.1622948456743426, "max_depth": 9.0, "num_boost_round": 3.0}, "datetime": {"datetime": "2024-01-19 01:55:33", "elapsed": 6241.790982, "delta": 0.005669}}
{"target": -13.758504859635806, "params": {"gamma": 40.37478719481069, "log10_alpha": -4.210019502259142, "log10_colsample_bytree": -0.6280112264161621, "log10_eta": -3.881857505572607, "log10_lambda": -2.3090127495668082, "log10_min_child_weight": 0.5981022786096768, "log10_subsample": -0.1622948456743426, "max_depth": 9.0, "num_boost_round": 4.0}, "datetime": {"datetime": "2024-01-19 01:55:33", "elapsed": 6241.796314, "delta": 0.005332}}
{"target": -13.758495094653322, "params": {"gamma": 40.37478719481069, "log10_alpha": -4.210019502259142, "log10_colsample_bytree": -0.6280112264161621, "log10_eta": -3.881857505572607, "log10_lambda": -2.3090127495668082, "log10_min_child_weight": 0.5981022786096768, "log10_subsample": -0.1622948456743426, "max_depth": 9.0, "num_boost_round": 5.0}, "datetime": {"datetime": "2024-01-19 01:55:33", "elapsed": 6241.801922, "delta": 0.005608}}
{"target": -13.758492020240059, "params": {"gamma": 40.37478719481069, "log10_alpha": -4.210019502259142, "log10_colsample_bytree": -0.6280112264161621, "log10_eta": -3.881857505572607, "log10_lambda": -2.3090127495668082, "log10_min_child_weight": 0.5981022786096768, "log10_subsample": -0.1622948456743426, "max_depth": 9.0, "num_boost_round": 6.0}, "datetime": {"datetime": "2024-01-19 01:55:33", "elapsed": 6241.807193, "delta": 0.005271}}
{"target": -13.758486584672383, "params": {"gamma": 40.37478719481069, "log10_alpha": -4.210019502259142, "log10_colsample_bytree": -0.6280112264161621, "log10_eta": -3.881857505572607, "log10_lambda": -2.3090127495668082, "log10_min_child_weight": 0.5981022786096768, "log10_subsample": -0.1622948456743426, "max_depth": 9.0, "num_boost_round": 7.0}, "datetime": {"datetime": "2024-01-19 01:55:33", "elapsed": 6241.81249, "delta": 0.005297}}
{"target": -13.7584818918996, "params": {"gamma": 40.37478719481069, "log10_alpha": -4.210019502259142, "log10_colsample_bytree": -0.6280112264161621, "log10_eta": -3.881857505572607, "log10_lambda": -2.3090127495668082, "log10_min_child_weight": 0.5981022786096768, "log10_subsample": -0.1622948456743426, "max_depth": 9.0, "num_boost_round": 8.0}, "datetime": {"datetime": "2024-01-19 01:55:33", "elapsed": 6241.817621, "delta": 0.005131}}
{"target": -13.758471198188118, "params": {"gamma": 40.37478719481069, "log10_alpha": -4.210019502259142, "log10_colsample_bytree": -0.6280112264161621, "log10_eta": -3.881857505572607, "log10_lambda": -2.3090127495668082, "log10_min_child_weight": 0.5981022786096768, "log10_subsample": -0.1622948456743426, "max_depth": 9.0, "num_boost_round": 9.0}, "datetime": {"datetime": "2024-01-19 01:55:33", "elapsed": 6241.822692, "delta": 0.005071}}
{"target": -13.75846265525321, "params": {"gamma": 40.37478719481069, "log10_alpha": -4.210019502259142, "log10_colsample_bytree": -0.6280112264161621, "log10_eta": -3.881857505572607, "log10_lambda": -2.3090127495668082, "log10_min_child_weight": 0.5981022786096768, "log10_subsample": -0.1622948456743426, "max_depth": 9.0, "num_boost_round": 10.0}, "datetime": {"datetime": "2024-01-19 01:55:33", "elapsed": 6241.827841, "delta": 0.005149}}
{"target": -13.758461877402288, "params": {"gamma": 40.37478719481069, "log10_alpha": -4.210019502259142, "log10_colsample_bytree": -0.6280112264161621, "log10_eta": -3.881857505572607, "log10_lambda": -2.3090127495668082, "log10_min_child_weight": 0.5981022786096768, "log10_subsample": -0.1622948456743426, "max_depth": 9.0, "num_boost_round": 11.0}, "datetime": {"datetime": "2024-01-19 01:55:33", "elapsed": 6241.832942, "delta": 0.005101}}
{"target": -13.758459682051361, "params": {"gamma": 40.37478719481069, "log10_alpha": -4.210019502259142, "log10_colsample_bytree": -0.6280112264161621, "log10_eta": -3.881857505572607, "log10_lambda": -2.3090127495668082, "log10_min_child_weight": 0.5981022786096768, "log10_subsample": -0.1622948456743426, "max_depth": 9.0, "num_boost_round": 12.0}, "datetime": {"datetime": "2024-01-19 01:55:33", "elapsed": 6241.838137, "delta": 0.005195}}
{"target": -13.758455611101228, "params": {"gamma": 40.37478719481069, "log10_alpha": -4.210019502259142, "log10_colsample_bytree": -0.6280112264161621, "log10_eta": -3.881857505572607, "log10_lambda": -2.3090127495668082, "log10_min_child_weight": 0.5981022786096768, "log10_subsample": -0.1622948456743426, "max_depth": 9.0, "num_boost_round": 13.0}, "datetime": {"datetime": "2024-01-19 01:55:33", "elapsed": 6241.843612, "delta": 0.005475}}
{"target": -13.758459856983936, "params": {"gamma": 40.37478719481069, "log10_alpha": -4.210019502259142, "log10_colsample_bytree": -0.6280112264161621, "log10_eta": -3.881857505572607, "log10_lambda": -2.3090127495668082, "log10_min_child_weight": 0.5981022786096768, "log10_subsample": -0.1622948456743426, "max_depth": 9.0, "num_boost_round": 14.0}, "datetime": {"datetime": "2024-01-19 01:55:33", "elapsed": 6241.848854, "delta": 0.005242}}
{"target": -13.758450415589898, "params": {"gamma": 40.37478719481069, "log10_alpha": -4.210019502259142, "log10_colsample_bytree": -0.6280112264161621, "log10_eta": -3.881857505572607, "log10_lambda": -2.3090127495668082, "log10_min_child_weight": 0.5981022786096768, "log10_subsample": -0.1622948456743426, "max_depth": 9.0, "num_boost_round": 15.0}, "datetime": {"datetime": "2024-01-19 01:55:33", "elapsed": 6241.853999, "delta": 0.005145}}
{"target": -13.758451133604314, "params": {"gamma": 40.37478719481069, "log10_alpha": -4.210019502259142, "log10_colsample_bytree": -0.6280112264161621, "log10_eta": -3.881857505572607, "log10_lambda": -2.3090127495668082, "log10_min_child_weight": 0.5981022786096768, "log10_subsample": -0.1622948456743426, "max_depth": 9.0, "num_boost_round": 16.0}, "datetime": {"datetime": "2024-01-19 01:55:33", "elapsed": 6241.85908, "delta": 0.005081}}
{"target": -13.758448800186256, "params": {"gamma": 40.37478719481069, "log10_alpha": -4.210019502259142, "log10_colsample_bytree": -0.6280112264161621, "log10_eta": -3.881857505572607, "log10_lambda": -2.3090127495668082, "log10_min_child_weight": 0.5981022786096768, "log10_subsample": -0.1622948456743426, "max_depth": 9.0, "num_boost_round": 17.0}, "datetime": {"datetime": "2024-01-19 01:55:33", "elapsed": 6241.864206, "delta": 0.005126}}
{"target": -13.758446910930665, "params": {"gamma": 40.37478719481069, "log10_alpha": -4.210019502259142, "log10_colsample_bytree": -0.6280112264161621, "log10_eta": -3.881857505572607, "log10_lambda": -2.3090127495668082, "log10_min_child_weight": 0.5981022786096768, "log10_subsample": -0.1622948456743426, "max_depth": 9.0, "num_boost_round": 18.0}, "datetime": {"datetime": "2024-01-19 01:55:33", "elapsed": 6241.869415, "delta": 0.005209}}
{"target": -13.758442793481931, "params": {"gamma": 40.37478719481069, "log10_alpha": -4.210019502259142, "log10_colsample_bytree": -0.6280112264161621, "log10_eta": -3.881857505572607, "log10_lambda": -2.3090127495668082, "log10_min_child_weight": 0.5981022786096768, "log10_subsample": -0.1622948456743426, "max_depth": 9.0, "num_boost_round": 19.0}, "datetime": {"datetime": "2024-01-19 01:55:33", "elapsed": 6241.874779, "delta": 0.005364}}
{"target": -13.758436324459204, "params": {"gamma": 40.37478719481069, "log10_alpha": -4.210019502259142, "log10_colsample_bytree": -0.6280112264161621, "log10_eta": -3.881857505572607, "log10_lambda": -2.3090127495668082, "log10_min_child_weight": 0.5981022786096768, "log10_subsample": -0.1622948456743426, "max_depth": 9.0, "num_boost_round": 20.0}, "datetime": {"datetime": "2024-01-19 01:55:33", "elapsed": 6241.87989, "delta": 0.005111}}
{"target": -13.758433989229141, "params": {"gamma": 40.37478719481069, "log10_alpha": -4.210019502259142, "log10_colsample_bytree": -0.6280112264161621, "log10_eta": -3.881857505572607, "log10_lambda": -2.3090127495668082, "log10_min_child_weight": 0.5981022786096768, "log10_subsample": -0.1622948456743426, "max_depth": 9.0, "num_boost_round": 21.0}, "datetime": {"datetime": "2024-01-19 01:55:33", "elapsed": 6241.88508, "delta": 0.00519}}
{"target": -13.758423786734411, "params": {"gamma": 40.37478719481069, "log10_alpha": -4.210019502259142, "log10_colsample_bytree": -0.6280112264161621, "log10_eta": -3.881857505572607, "log10_lambda": -2.3090127495668082, "log10_min_child_weight": 0.5981022786096768, "log10_subsample": -0.1622948456743426, "max_depth": 9.0, "num_boost_round": 22.0}, "datetime": {"datetime": "2024-01-19 01:55:33", "elapsed": 6241.890161, "delta": 0.005081}}
{"target": -13.75841695938693, "params": {"gamma": 40.37478719481069, "log10_alpha": -4.210019502259142, "log10_colsample_bytree": -0.6280112264161621, "log10_eta": -3.881857505572607, "log10_lambda": -2.3090127495668082, "log10_min_child_weight": 0.5981022786096768, "log10_subsample": -0.1622948456743426, "max_depth": 9.0, "num_boost_round": 23.0}, "datetime": {"datetime": "2024-01-19 01:55:33", "elapsed": 6241.895333, "delta": 0.005172}}
{"target": -13.758421867584637, "params": {"gamma": 40.37478719481069, "log10_alpha": -4.210019502259142, "log10_colsample_bytree": -0.6280112264161621, "log10_eta": -3.881857505572607, "log10_lambda": -2.3090127495668082, "log10_min_child_weight": 0.5981022786096768, "log10_subsample": -0.1622948456743426, "max_depth": 9.0, "num_boost_round": 24.0}, "datetime": {"datetime": "2024-01-19 01:55:33", "elapsed": 6241.900489, "delta": 0.005156}}
{"target": -13.758417085172933, "params": {"gamma": 40.37478719481069, "log10_alpha": -4.210019502259142, "log10_colsample_bytree": -0.6280112264161621, "log10_eta": -3.881857505572607, "log10_lambda": -2.3090127495668082, "log10_min_child_weight": 0.5981022786096768, "log10_subsample": -0.1622948456743426, "max_depth": 9.0, "num_boost_round": 25.0}, "datetime": {"datetime": "2024-01-19 01:55:33", "elapsed": 6241.905746, "delta": 0.005257}}
{"target": -13.758415526865619, "params": {"gamma": 40.37478719481069, "log10_alpha": -4.210019502259142, "log10_colsample_bytree": -0.6280112264161621, "log10_eta": -3.881857505572607, "log10_lambda": -2.3090127495668082, "log10_min_child_weight": 0.5981022786096768, "log10_subsample": -0.1622948456743426, "max_depth": 9.0, "num_boost_round": 26.0}, "datetime": {"datetime": "2024-01-19 01:55:33", "elapsed": 6241.910898, "delta": 0.005152}}
{"target": -13.75841187086284, "params": {"gamma": 40.37478719481069, "log10_alpha": -4.210019502259142, "log10_colsample_bytree": -0.6280112264161621, "log10_eta": -3.881857505572607, "log10_lambda": -2.3090127495668082, "log10_min_child_weight": 0.5981022786096768, "log10_subsample": -0.1622948456743426, "max_depth": 9.0, "num_boost_round": 27.0}, "datetime": {"datetime": "2024-01-19 01:55:33", "elapsed": 6241.916058, "delta": 0.00516}}
{"target": -13.75840227955407, "params": {"gamma": 40.37478719481069, "log10_alpha": -4.210019502259142, "log10_colsample_bytree": -0.6280112264161621, "log10_eta": -3.881857505572607, "log10_lambda": -2.3090127495668082, "log10_min_child_weight": 0.5981022786096768, "log10_subsample": -0.1622948456743426, "max_depth": 9.0, "num_boost_round": 28.0}, "datetime": {"datetime": "2024-01-19 01:55:33", "elapsed": 6241.921208, "delta": 0.00515}}
{"target": -13.758395879163826, "params": {"gamma": 40.37478719481069, "log10_alpha": -4.210019502259142, "log10_colsample_bytree": -0.6280112264161621, "log10_eta": -3.881857505572607, "log10_lambda": -2.3090127495668082, "log10_min_child_weight": 0.5981022786096768, "log10_subsample": -0.1622948456743426, "max_depth": 9.0, "num_boost_round": 29.0}, "datetime": {"datetime": "2024-01-19 01:55:33", "elapsed": 6241.926292, "delta": 0.005084}}
{"target": -13.758513761997854, "params": {"gamma": 42.5810879938664, "log10_alpha": -3.7466655335339514, "log10_colsample_bytree": -0.692887981617479, "log10_eta": -2.8006715938701556, "log10_lambda": -4.909522638295574, "log10_min_child_weight": 0.2230620531934241, "log10_subsample": -0.28231555792545904, "max_depth": 7.0, "num_boost_round": 0.0}, "datetime": {"datetime": "2024-01-19 01:57:06", "elapsed": 6334.92263, "delta": 92.996338}}
{"target": -13.758461957977804, "params": {"gamma": 42.5810879938664, "log10_alpha": -3.7466655335339514, "log10_colsample_bytree": -0.692887981617479, "log10_eta": -2.8006715938701556, "log10_lambda": -4.909522638295574, "log10_min_child_weight": 0.2230620531934241, "log10_subsample": -0.28231555792545904, "max_depth": 7.0, "num_boost_round": 1.0}, "datetime": {"datetime": "2024-01-19 01:57:06", "elapsed": 6334.928295, "delta": 0.005665}}
{"target": -13.758428957306212, "params": {"gamma": 42.5810879938664, "log10_alpha": -3.7466655335339514, "log10_colsample_bytree": -0.692887981617479, "log10_eta": -2.8006715938701556, "log10_lambda": -4.909522638295574, "log10_min_child_weight": 0.2230620531934241, "log10_subsample": -0.28231555792545904, "max_depth": 7.0, "num_boost_round": 2.0}, "datetime": {"datetime": "2024-01-19 01:57:06", "elapsed": 6334.933549, "delta": 0.005254}}
{"target": -13.758365362133894, "params": {"gamma": 42.5810879938664, "log10_alpha": -3.7466655335339514, "log10_colsample_bytree": -0.692887981617479, "log10_eta": -2.8006715938701556, "log10_lambda": -4.909522638295574, "log10_min_child_weight": 0.2230620531934241, "log10_subsample": -0.28231555792545904, "max_depth": 7.0, "num_boost_round": 3.0}, "datetime": {"datetime": "2024-01-19 01:57:06", "elapsed": 6334.938697, "delta": 0.005148}}
{"target": -13.758295040053707, "params": {"gamma": 42.5810879938664, "log10_alpha": -3.7466655335339514, "log10_colsample_bytree": -0.692887981617479, "log10_eta": -2.8006715938701556, "log10_lambda": -4.909522638295574, "log10_min_child_weight": 0.2230620531934241, "log10_subsample": -0.28231555792545904, "max_depth": 7.0, "num_boost_round": 4.0}, "datetime": {"datetime": "2024-01-19 01:57:06", "elapsed": 6334.943925, "delta": 0.005228}}
{"target": -13.758283282962612, "params": {"gamma": 42.5810879938664, "log10_alpha": -3.7466655335339514, "log10_colsample_bytree": -0.692887981617479, "log10_eta": -2.8006715938701556, "log10_lambda": -4.909522638295574, "log10_min_child_weight": 0.2230620531934241, "log10_subsample": -0.28231555792545904, "max_depth": 7.0, "num_boost_round": 5.0}, "datetime": {"datetime": "2024-01-19 01:57:06", "elapsed": 6334.949353, "delta": 0.005428}}
{"target": -13.758250618131985, "params": {"gamma": 42.5810879938664, "log10_alpha": -3.7466655335339514, "log10_colsample_bytree": -0.692887981617479, "log10_eta": -2.8006715938701556, "log10_lambda": -4.909522638295574, "log10_min_child_weight": 0.2230620531934241, "log10_subsample": -0.28231555792545904, "max_depth": 7.0, "num_boost_round": 6.0}, "datetime": {"datetime": "2024-01-19 01:57:06", "elapsed": 6334.954598, "delta": 0.005245}}
{"target": -13.758170233530887, "params": {"gamma": 42.5810879938664, "log10_alpha": -3.7466655335339514, "log10_colsample_bytree": -0.692887981617479, "log10_eta": -2.8006715938701556, "log10_lambda": -4.909522638295574, "log10_min_child_weight": 0.2230620531934241, "log10_subsample": -0.28231555792545904, "max_depth": 7.0, "num_boost_round": 7.0}, "datetime": {"datetime": "2024-01-19 01:57:06", "elapsed": 6334.959971, "delta": 0.005373}}
