{"target": -17.675666989737845, "params": {"gamma": 611.3442588597214, "log10_alpha": -2.9513330342685062, "log10_colsample_bytree": -0.8698230635536326, "log10_eta": -1.5965989549245938, "log10_lambda": -1.5701172190542771, "log10_min_child_weight": 4.320653771983578, "log10_subsample": -0.831606047743203, "max_depth": 2.0, "num_boost_round": 27.0}, "datetime": {"datetime": "2024-01-19 02:14:54", "elapsed": 7391.406667, "delta": 0.006037}}
{"target": -17.675441566303505, "params": {"gamma": 611.3442588597214, "log10_alpha": -2.9513330342685062, "log10_colsample_bytree": -0.8698230635536326, "log10_eta": -1.5965989549245938, "log10_lambda": -1.5701172190542771, "log10_min_child_weight": 4.320653771983578, "log10_subsample": -0.831606047743203, "max_depth": 2.0, "num_boost_round": 28.0}, "datetime": {"datetime": "2024-01-19 02:14:54", "elapsed": 7391.412729, "delta": 0.006062}}
{"target": -17.675221839048778, "params": {"gamma": 611.3442588597214, "log10_alpha": -2.9513330342685062, "log10_colsample_bytree": -0.8698230635536326, "log10_eta": -1.5965989549245938, "log10_lambda": -1.5701172190542771, "log10_min_child_weight": 4.320653771983578, "log10_subsample": -0.831606047743203, "max_depth": 2.0, "num_boost_round": 29.0}, "datetime": {"datetime": "2024-01-19 02:14:54", "elapsed": 7391.418942, "delta": 0.006213}}
{"target": -17.675125255589116, "params": {"gamma": 611.3442588597214, "log10_alpha": -2.9513330342685062, "log10_colsample_bytree": -0.8698230635536326, "log10_eta": -1.5965989549245938, "log10_lambda": -1.5701172190542771, "log10_min_child_weight": 4.320653771983578, "log10_subsample": -0.831606047743203, "max_depth": 2.0, "num_boost_round": 30.0}, "datetime": {"datetime": "2024-01-19 02:14:54", "elapsed": 7391.42516, "delta": 0.006218}}
{"target": -17.675190878886433, "params": {"gamma": 611.3442588597214, "log10_alpha": -2.9513330342685062, "log10_colsample_bytree": -0.8698230635536326, "log10_eta": -1.5965989549245938, "log10_lambda": -1.5701172190542771, "log10_min_child_weight": 4.320653771983578, "log10_subsample": -0.831606047743203, "max_depth": 2.0, "num_boost_round": 31.0}, "datetime": {"datetime": "2024-01-19 02:14:54", "elapsed": 7391.431065, "delta": 0.005905}}
{"target": -17.675122624524874, "params": {"gamma": 611.3442588597214, "log10_alpha": -2.9513330342685062, "log10_colsample_bytree": -0.8698230635536326, "log10_eta": -1.5965989549245938, "log10_lambda": -1.5701172190542771, "log10_min_child_weight": 4.320653771983578, "log10_subsample": -0.831606047743203, "max_depth": 2.0, "num_boost_round": 32.0}, "datetime": {"datetime": "2024-01-19 02:14:54", "elapsed": 7391.436928, "delta": 0.005863}}
{"target": -17.67505028367328, "params": {"gamma": 611.3442588597214, "log10_alpha": -2.9513330342685062, "log10_colsample_bytree": -0.8698230635536326, "log10_eta": -1.5965989549245938, "log10_lambda": -1.5701172190542771, "log10_min_child_weight": 4.320653771983578, "log10_subsample": -0.831606047743203, "max_depth": 2.0, "num_boost_round": 33.0}, "datetime": {"datetime": "2024-01-19 02:14:54", "elapsed": 7391.442881, "delta": 0.005953}}
{"target": -17.675011220150708, "params": {"gamma": 611.3442588597214, "log10_alpha": -2.9513330342685062, "log10_colsample_bytree": -0.8698230635536326, "log10_eta": -1.5965989549245938, "log10_lambda": -1.5701172190542771, "log10_min_child_weight": 4.320653771983578, "log10_subsample": -0.831606047743203, "max_depth": 2.0, "num_boost_round": 34.0}, "datetime": {"datetime": "2024-01-19 02:14:54", "elapsed": 7391.448844, "delta": 0.005963}}
{"target": -17.67513392204601, "params": {"gamma": 611.3442588597214, "log10_alpha": -2.9513330342685062, "log10_colsample_bytree": -0.8698230635536326, "log10_eta": -1.5965989549245938, "log10_lambda": -1.5701172190542771, "log10_min_child_weight": 4.320653771983578, "log10_subsample": -0.831606047743203, "max_depth": 2.0, "num_boost_round": 35.0}, "datetime": {"datetime": "2024-01-19 02:14:54", "elapsed": 7391.455213, "delta": 0.006369}}
{"target": -17.6751792146942, "params": {"gamma": 611.3442588597214, "log10_alpha": -2.9513330342685062, "log10_colsample_bytree": -0.8698230635536326, "log10_eta": -1.5965989549245938, "log10_lambda": -1.5701172190542771, "log10_min_child_weight": 4.320653771983578, "log10_subsample": -0.831606047743203, "max_depth": 2.0, "num_boost_round": 36.0}, "datetime": {"datetime": "2024-01-19 02:14:54", "elapsed": 7391.461542, "delta": 0.006329}}
{"target": -17.675286287534075, "params": {"gamma": 611.3442588597214, "log10_alpha": -2.9513330342685062, "log10_colsample_bytree": -0.8698230635536326, "log10_eta": -1.5965989549245938, "log10_lambda": -1.5701172190542771, "log10_min_child_weight": 4.320653771983578, "log10_subsample": -0.831606047743203, "max_depth": 2.0, "num_boost_round": 37.0}, "datetime": {"datetime": "2024-01-19 02:14:54", "elapsed": 7391.467663, "delta": 0.006121}}
{"target": -17.675203679192688, "params": {"gamma": 611.3442588597214, "log10_alpha": -2.9513330342685062, "log10_colsample_bytree": -0.8698230635536326, "log10_eta": -1.5965989549245938, "log10_lambda": -1.5701172190542771, "log10_min_child_weight": 4.320653771983578, "log10_subsample": -0.831606047743203, "max_depth": 2.0, "num_boost_round": 38.0}, "datetime": {"datetime": "2024-01-19 02:14:54", "elapsed": 7391.474498, "delta": 0.006835}}
{"target": -17.67531984764388, "params": {"gamma": 611.3442588597214, "log10_alpha": -2.9513330342685062, "log10_colsample_bytree": -0.8698230635536326, "log10_eta": -1.5965989549245938, "log10_lambda": -1.5701172190542771, "log10_min_child_weight": 4.320653771983578, "log10_subsample": -0.831606047743203, "max_depth": 2.0, "num_boost_round": 39.0}, "datetime": {"datetime": "2024-01-19 02:14:54", "elapsed": 7391.480723, "delta": 0.006225}}
{"target": -17.67546907539821, "params": {"gamma": 611.3442588597214, "log10_alpha": -2.9513330342685062, "log10_colsample_bytree": -0.8698230635536326, "log10_eta": -1.5965989549245938, "log10_lambda": -1.5701172190542771, "log10_min_child_weight": 4.320653771983578, "log10_subsample": -0.831606047743203, "max_depth": 2.0, "num_boost_round": 40.0}, "datetime": {"datetime": "2024-01-19 02:14:54", "elapsed": 7391.487077, "delta": 0.006354}}
{"target": -17.6755359265131, "params": {"gamma": 611.3442588597214, "log10_alpha": -2.9513330342685062, "log10_colsample_bytree": -0.8698230635536326, "log10_eta": -1.5965989549245938, "log10_lambda": -1.5701172190542771, "log10_min_child_weight": 4.320653771983578, "log10_subsample": -0.831606047743203, "max_depth": 2.0, "num_boost_round": 41.0}, "datetime": {"datetime": "2024-01-19 02:14:54", "elapsed": 7391.497152, "delta": 0.010075}}
{"target": -17.67569485303088, "params": {"gamma": 611.3442588597214, "log10_alpha": -2.9513330342685062, "log10_colsample_bytree": -0.8698230635536326, "log10_eta": -1.5965989549245938, "log10_lambda": -1.5701172190542771, "log10_min_child_weight": 4.320653771983578, "log10_subsample": -0.831606047743203, "max_depth": 2.0, "num_boost_round": 42.0}, "datetime": {"datetime": "2024-01-19 02:14:54", "elapsed": 7391.50344, "delta": 0.006288}}
{"target": -17.675553784006496, "params": {"gamma": 611.3442588597214, "log10_alpha": -2.9513330342685062, "log10_colsample_bytree": -0.8698230635536326, "log10_eta": -1.5965989549245938, "log10_lambda": -1.5701172190542771, "log10_min_child_weight": 4.320653771983578, "log10_subsample": -0.831606047743203, "max_depth": 2.0, "num_boost_round": 43.0}, "datetime": {"datetime": "2024-01-19 02:14:54", "elapsed": 7391.509492, "delta": 0.006052}}
{"target": -17.67557954030155, "params": {"gamma": 611.3442588597214, "log10_alpha": -2.9513330342685062, "log10_colsample_bytree": -0.8698230635536326, "log10_eta": -1.5965989549245938, "log10_lambda": -1.5701172190542771, "log10_min_child_weight": 4.320653771983578, "log10_subsample": -0.831606047743203, "max_depth": 2.0, "num_boost_round": 44.0}, "datetime": {"datetime": "2024-01-19 02:14:54", "elapsed": 7391.515563, "delta": 0.006071}}
{"target": -17.675508207470443, "params": {"gamma": 611.3442588597214, "log10_alpha": -2.9513330342685062, "log10_colsample_bytree": -0.8698230635536326, "log10_eta": -1.5965989549245938, "log10_lambda": -1.5701172190542771, "log10_min_child_weight": 4.320653771983578, "log10_subsample": -0.831606047743203, "max_depth": 2.0, "num_boost_round": 45.0}, "datetime": {"datetime": "2024-01-19 02:14:54", "elapsed": 7391.522112, "delta": 0.006549}}
{"target": -17.67557480822226, "params": {"gamma": 611.3442588597214, "log10_alpha": -2.9513330342685062, "log10_colsample_bytree": -0.8698230635536326, "log10_eta": -1.5965989549245938, "log10_lambda": -1.5701172190542771, "log10_min_child_weight": 4.320653771983578, "log10_subsample": -0.831606047743203, "max_depth": 2.0, "num_boost_round": 46.0}, "datetime": {"datetime": "2024-01-19 02:14:54", "elapsed": 7391.52849, "delta": 0.006378}}
{"target": -17.675483007167742, "params": {"gamma": 611.3442588597214, "log10_alpha": -2.9513330342685062, "log10_colsample_bytree": -0.8698230635536326, "log10_eta": -1.5965989549245938, "log10_lambda": -1.5701172190542771, "log10_min_child_weight": 4.320653771983578, "log10_subsample": -0.831606047743203, "max_depth": 2.0, "num_boost_round": 47.0}, "datetime": {"datetime": "2024-01-19 02:14:54", "elapsed": 7391.534573, "delta": 0.006083}}
{"target": -17.67562378911894, "params": {"gamma": 611.3442588597214, "log10_alpha": -2.9513330342685062, "log10_colsample_bytree": -0.8698230635536326, "log10_eta": -1.5965989549245938, "log10_lambda": -1.5701172190542771, "log10_min_child_weight": 4.320653771983578, "log10_subsample": -0.831606047743203, "max_depth": 2.0, "num_boost_round": 48.0}, "datetime": {"datetime": "2024-01-19 02:14:54", "elapsed": 7391.540576, "delta": 0.006003}}
{"target": -17.675633463313194, "params": {"gamma": 611.3442588597214, "log10_alpha": -2.9513330342685062, "log10_colsample_bytree": -0.8698230635536326, "log10_eta": -1.5965989549245938, "log10_lambda": -1.5701172190542771, "log10_min_child_weight": 4.320653771983578, "log10_subsample": -0.831606047743203, "max_depth": 2.0, "num_boost_round": 49.0}, "datetime": {"datetime": "2024-01-19 02:14:54", "elapsed": 7391.546583, "delta": 0.006007}}
{"target": -17.675824381343432, "params": {"gamma": 611.3442588597214, "log10_alpha": -2.9513330342685062, "log10_colsample_bytree": -0.8698230635536326, "log10_eta": -1.5965989549245938, "log10_lambda": -1.5701172190542771, "log10_min_child_weight": 4.320653771983578, "log10_subsample": -0.831606047743203, "max_depth": 2.0, "num_boost_round": 50.0}, "datetime": {"datetime": "2024-01-19 02:14:54", "elapsed": 7391.552752, "delta": 0.006169}}
{"target": -17.675875034956043, "params": {"gamma": 611.3442588597214, "log10_alpha": -2.9513330342685062, "log10_colsample_bytree": -0.8698230635536326, "log10_eta": -1.5965989549245938, "log10_lambda": -1.5701172190542771, "log10_min_child_weight": 4.320653771983578, "log10_subsample": -0.831606047743203, "max_depth": 2.0, "num_boost_round": 51.0}, "datetime": {"datetime": "2024-01-19 02:14:54", "elapsed": 7391.684909, "delta": 0.132157}}
{"target": -17.675885169156416, "params": {"gamma": 611.3442588597214, "log10_alpha": -2.9513330342685062, "log10_colsample_bytree": -0.8698230635536326, "log10_eta": -1.5965989549245938, "log10_lambda": -1.5701172190542771, "log10_min_child_weight": 4.320653771983578, "log10_subsample": -0.831606047743203, "max_depth": 2.0, "num_boost_round": 52.0}, "datetime": {"datetime": "2024-01-19 02:14:54", "elapsed": 7391.692404, "delta": 0.007495}}
{"target": -17.67572388889353, "params": {"gamma": 611.3442588597214, "log10_alpha": -2.9513330342685062, "log10_colsample_bytree": -0.8698230635536326, "log10_eta": -1.5965989549245938, "log10_lambda": -1.5701172190542771, "log10_min_child_weight": 4.320653771983578, "log10_subsample": -0.831606047743203, "max_depth": 2.0, "num_boost_round": 53.0}, "datetime": {"datetime": "2024-01-19 02:14:54", "elapsed": 7391.699015, "delta": 0.006611}}
{"target": -17.67582231413648, "params": {"gamma": 611.3442588597214, "log10_alpha": -2.9513330342685062, "log10_colsample_bytree": -0.8698230635536326, "log10_eta": -1.5965989549245938, "log10_lambda": -1.5701172190542771, "log10_min_child_weight": 4.320653771983578, "log10_subsample": -0.831606047743203, "max_depth": 2.0, "num_boost_round": 54.0}, "datetime": {"datetime": "2024-01-19 02:14:54", "elapsed": 7391.70676, "delta": 0.007745}}
{"target": -17.67581779975556, "params": {"gamma": 611.3442588597214, "log10_alpha": -2.9513330342685062, "log10_colsample_bytree": -0.8698230635536326, "log10_eta": -1.5965989549245938, "log10_lambda": -1.5701172190542771, "log10_min_child_weight": 4.320653771983578, "log10_subsample": -0.831606047743203, "max_depth": 2.0, "num_boost_round": 55.0}, "datetime": {"datetime": "2024-01-19 02:14:54", "elapsed": 7391.712934, "delta": 0.006174}}
{"target": -17.675956910295053, "params": {"gamma": 611.3442588597214, "log10_alpha": -2.9513330342685062, "log10_colsample_bytree": -0.8698230635536326, "log10_eta": -1.5965989549245938, "log10_lambda": -1.5701172190542771, "log10_min_child_weight": 4.320653771983578, "log10_subsample": -0.831606047743203, "max_depth": 2.0, "num_boost_round": 56.0}, "datetime": {"datetime": "2024-01-19 02:14:54", "elapsed": 7391.719032, "delta": 0.006098}}
{"target": -17.67587999560374, "params": {"gamma": 611.3442588597214, "log10_alpha": -2.9513330342685062, "log10_colsample_bytree": -0.8698230635536326, "log10_eta": -1.5965989549245938, "log10_lambda": -1.5701172190542771, "log10_min_child_weight": 4.320653771983578, "log10_subsample": -0.831606047743203, "max_depth": 2.0, "num_boost_round": 57.0}, "datetime": {"datetime": "2024-01-19 02:14:54", "elapsed": 7391.724973, "delta": 0.005941}}
{"target": -17.676059697219564, "params": {"gamma": 611.3442588597214, "log10_alpha": -2.9513330342685062, "log10_colsample_bytree": -0.8698230635536326, "log10_eta": -1.5965989549245938, "log10_lambda": -1.5701172190542771, "log10_min_child_weight": 4.320653771983578, "log10_subsample": -0.831606047743203, "max_depth": 2.0, "num_boost_round": 58.0}, "datetime": {"datetime": "2024-01-19 02:14:54", "elapsed": 7391.730961, "delta": 0.005988}}
{"target": -17.675879184891514, "params": {"gamma": 611.3442588597214, "log10_alpha": -2.9513330342685062, "log10_colsample_bytree": -0.8698230635536326, "log10_eta": -1.5965989549245938, "log10_lambda": -1.5701172190542771, "log10_min_child_weight": 4.320653771983578, "log10_subsample": -0.831606047743203, "max_depth": 2.0, "num_boost_round": 59.0}, "datetime": {"datetime": "2024-01-19 02:14:54", "elapsed": 7391.736958, "delta": 0.005997}}
{"target": -17.675824701951846, "params": {"gamma": 611.3442588597214, "log10_alpha": -2.9513330342685062, "log10_colsample_bytree": -0.8698230635536326, "log10_eta": -1.5965989549245938, "log10_lambda": -1.5701172190542771, "log10_min_child_weight": 4.320653771983578, "log10_subsample": -0.831606047743203, "max_depth": 2.0, "num_boost_round": 60.0}, "datetime": {"datetime": "2024-01-19 02:14:54", "elapsed": 7391.743008, "delta": 0.00605}}
{"target": -17.676045738202546, "params": {"gamma": 611.3442588597214, "log10_alpha": -2.9513330342685062, "log10_colsample_bytree": -0.8698230635536326, "log10_eta": -1.5965989549245938, "log10_lambda": -1.5701172190542771, "log10_min_child_weight": 4.320653771983578, "log10_subsample": -0.831606047743203, "max_depth": 2.0, "num_boost_round": 61.0}, "datetime": {"datetime": "2024-01-19 02:14:54", "elapsed": 7391.749075, "delta": 0.006067}}
{"target": -17.67613140349145, "params": {"gamma": 611.3442588597214, "log10_alpha": -2.9513330342685062, "log10_colsample_bytree": -0.8698230635536326, "log10_eta": -1.5965989549245938, "log10_lambda": -1.5701172190542771, "log10_min_child_weight": 4.320653771983578, "log10_subsample": -0.831606047743203, "max_depth": 2.0, "num_boost_round": 62.0}, "datetime": {"datetime": "2024-01-19 02:14:54", "elapsed": 7391.755207, "delta": 0.006132}}
{"target": -17.67601050649968, "params": {"gamma": 611.3442588597214, "log10_alpha": -2.9513330342685062, "log10_colsample_bytree": -0.8698230635536326, "log10_eta": -1.5965989549245938, "log10_lambda": -1.5701172190542771, "log10_min_child_weight": 4.320653771983578, "log10_subsample": -0.831606047743203, "max_depth": 2.0, "num_boost_round": 63.0}, "datetime": {"datetime": "2024-01-19 02:14:54", "elapsed": 7391.76213, "delta": 0.006923}}
{"target": -17.676034170226448, "params": {"gamma": 611.3442588597214, "log10_alpha": -2.9513330342685062, "log10_colsample_bytree": -0.8698230635536326, "log10_eta": -1.5965989549245938, "log10_lambda": -1.5701172190542771, "log10_min_child_weight": 4.320653771983578, "log10_subsample": -0.831606047743203, "max_depth": 2.0, "num_boost_round": 64.0}, "datetime": {"datetime": "2024-01-19 02:14:54", "elapsed": 7391.76875, "delta": 0.00662}}
{"target": -17.677232090187477, "params": {"gamma": 607.7909968957418, "log10_alpha": -0.509281184969284, "log10_colsample_bytree": -0.8575853507661603, "log10_eta": -3.896468770385947, "log10_lambda": -0.5178990678460824, "log10_min_child_weight": 4.503412794837167, "log10_subsample": -0.6200213273354845, "max_depth": 7.0, "num_boost_round": 0.0}, "datetime": {"datetime": "2024-01-19 02:17:01", "elapsed": 7518.805617, "delta": 127.036867}}
{"target": -17.67723068775493, "params": {"gamma": 607.7909968957418, "log10_alpha": -0.509281184969284, "log10_colsample_bytree": -0.8575853507661603, "log10_eta": -3.896468770385947, "log10_lambda": -0.5178990678460824, "log10_min_child_weight": 4.503412794837167, "log10_subsample": -0.6200213273354845, "max_depth": 7.0, "num_boost_round": 1.0}, "datetime": {"datetime": "2024-01-19 02:17:01", "elapsed": 7518.812101, "delta": 0.006484}}
{"target": -17.677230231841477, "params": {"gamma": 607.7909968957418, "log10_alpha": -0.509281184969284, "log10_colsample_bytree": -0.8575853507661603, "log10_eta": -3.896468770385947, "log10_lambda": -0.5178990678460824, "log10_min_child_weight": 4.503412794837167, "log10_subsample": -0.6200213273354845, "max_depth": 7.0, "num_boost_round": 2.0}, "datetime": {"datetime": "2024-01-19 02:17:01", "elapsed": 7518.818309, "delta": 0.006208}}
{"target": -17.677229193375965, "params": {"gamma": 607.7909968957418, "log10_alpha": -0.509281184969284, "log10_colsample_bytree": -0.8575853507661603, "log10_eta": -3.896468770385947, "log10_lambda": -0.5178990678460824, "log10_min_child_weight": 4.503412794837167, "log10_subsample": -0.6200213273354845, "max_depth": 7.0, "num_boost_round": 3.0}, "datetime": {"datetime": "2024-01-19 02:17:01", "elapsed": 7518.824687, "delta": 0.006378}}
{"target": -17.677228637456057, "params": {"gamma": 607.7909968957418, "log10_alpha": -0.509281184969284, "log10_colsample_bytree": -0.8575853507661603, "log10_eta": -3.896468770385947, "log10_lambda": -0.5178990678460824, "log10_min_child_weight": 4.503412794837167, "log10_subsample": -0.6200213273354845, "max_depth": 7.0, "num_boost_round": 4.0}, "datetime": {"datetime": "2024-01-19 02:17:01", "elapsed": 7518.831216, "delta": 0.006529}}
{"target": -17.677227842518594, "params": {"gamma": 607.7909968957418, "log10_alpha": -0.509281184969284, "log10_colsample_bytree": -0.8575853507661603, "log10_eta": -3.896468770385947, "log10_lambda": -0.5178990678460824, "log10_min_child_weight": 4.503412794837167, "log10_subsample": -0.6200213273354845, "max_depth": 7.0, "num_boost_round": 5.0}, "datetime": {"datetime": "2024-01-19 02:17:01", "elapsed": 7518.837268, "delta": 0.006052}}
{"target": -17.677226648960694, "params": {"gamma": 607.7909968957418, "log10_alpha": -0.509281184969284, "log10_colsample_bytree": -0.8575853507661603, "log10_eta": -3.896468770385947, "log10_lambda": -0.5178990678460824, "log10_min_child_weight": 4.503412794837167, "log10_subsample": -0.6200213273354845, "max_depth": 7.0, "num_boost_round": 6.0}, "datetime": {"datetime": "2024-01-19 02:17:01", "elapsed": 7518.843951, "delta": 0.006683}}
{"target": -17.67722573117148, "params": {"gamma": 607.7909968957418, "log10_alpha": -0.509281184969284, "log10_colsample_bytree": -0.8575853507661603, "log10_eta": -3.896468770385947, "log10_lambda": -0.5178990678460824, "log10_min_child_weight": 4.503412794837167, "log10_subsample": -0.6200213273354845, "max_depth": 7.0, "num_boost_round": 7.0}, "datetime": {"datetime": "2024-01-19 02:17:01", "elapsed": 7518.850756, "delta": 0.006805}}
{"target": -17.677225324423247, "params": {"gamma": 607.7909968957418, "log10_alpha": -0.509281184969284, "log10_colsample_bytree": -0.8575853507661603, "log10_eta": -3.896468770385947, "log10_lambda": -0.5178990678460824, "log10_min_child_weight": 4.503412794837167, "log10_subsample": -0.6200213273354845, "max_depth": 7.0, "num_boost_round": 8.0}, "datetime": {"datetime": "2024-01-19 02:17:01", "elapsed": 7518.857116, "delta": 0.00636}}
{"target": -17.677225561352614, "params": {"gamma": 607.7909968957418, "log10_alpha": -0.509281184969284, "log10_colsample_bytree": -0.8575853507661603, "log10_eta": -3.896468770385947, "log10_lambda": -0.5178990678460824, "log10_min_child_weight": 4.503412794837167, "log10_subsample": -0.6200213273354845, "max_depth": 7.0, "num_boost_round": 9.0}, "datetime": {"datetime": "2024-01-19 02:17:01", "elapsed": 7518.863418, "delta": 0.006302}}
{"target": -17.67722604992367, "params": {"gamma": 607.7909968957418, "log10_alpha": -0.509281184969284, "log10_colsample_bytree": -0.8575853507661603, "log10_eta": -3.896468770385947, "log10_lambda": -0.5178990678460824, "log10_min_child_weight": 4.503412794837167, "log10_subsample": -0.6200213273354845, "max_depth": 7.0, "num_boost_round": 10.0}, "datetime": {"datetime": "2024-01-19 02:17:01", "elapsed": 7518.869331, "delta": 0.005913}}
