{"target": -17.677213359605457, "params": {"gamma": 711.5835219496407, "log10_alpha": -1.0875715212819612, "log10_colsample_bytree": -0.2541531500317865, "log10_eta": -3.922179284809591, "log10_lambda": 0.3779948781795621, "log10_min_child_weight": 0.562342775604755, "log10_subsample": -0.47305454347177434, "max_depth": 4.0, "num_boost_round": 3.0}, "datetime": {"datetime": "2024-01-19 00:51:09", "elapsed": 2376.780622, "delta": 0.003278}}
{"target": -17.67720847110172, "params": {"gamma": 711.5835219496407, "log10_alpha": -1.0875715212819612, "log10_colsample_bytree": -0.2541531500317865, "log10_eta": -3.922179284809591, "log10_lambda": 0.3779948781795621, "log10_min_child_weight": 0.562342775604755, "log10_subsample": -0.47305454347177434, "max_depth": 4.0, "num_boost_round": 4.0}, "datetime": {"datetime": "2024-01-19 00:51:09", "elapsed": 2376.78381, "delta": 0.003188}}
{"target": -17.677202625243094, "params": {"gamma": 711.5835219496407, "log10_alpha": -1.0875715212819612, "log10_colsample_bytree": -0.2541531500317865, "log10_eta": -3.922179284809591, "log10_lambda": 0.3779948781795621, "log10_min_child_weight": 0.562342775604755, "log10_subsample": -0.47305454347177434, "max_depth": 4.0, "num_boost_round": 5.0}, "datetime": {"datetime": "2024-01-19 00:51:09", "elapsed": 2376.786965, "delta": 0.003155}}
{"target": -17.677197545915963, "params": {"gamma": 711.5835219496407, "log10_alpha": -1.0875715212819612, "log10_colsample_bytree": -0.2541531500317865, "log10_eta": -3.922179284809591, "log10_lambda": 0.3779948781795621, "log10_min_child_weight": 0.562342775604755, "log10_subsample": -0.47305454347177434, "max_depth": 4.0, "num_boost_round": 6.0}, "datetime": {"datetime": "2024-01-19 00:51:09", "elapsed": 2376.790255, "delta": 0.00329}}
{"target": -17.67718891367872, "params": {"gamma": 711.5835219496407, "log10_alpha": -1.0875715212819612, "log10_colsample_bytree": -0.2541531500317865, "log10_eta": -3.922179284809591, "log10_lambda": 0.3779948781795621, "log10_min_child_weight": 0.562342775604755, "log10_subsample": -0.47305454347177434, "max_depth": 4.0, "num_boost_round": 7.0}, "datetime": {"datetime": "2024-01-19 00:51:09", "elapsed": 2376.793391, "delta": 0.003136}}
{"target": -17.677183104618475, "params": {"gamma": 711.5835219496407, "log10_alpha": -1.0875715212819612, "log10_colsample_bytree": -0.2541531500317865, "log10_eta": -3.922179284809591, "log10_lambda": 0.3779948781795621, "log10_min_child_weight": 0.562342775604755, "log10_subsample": -0.47305454347177434, "max_depth": 4.0, "num_boost_round": 8.0}, "datetime": {"datetime": "2024-01-19 00:51:09", "elapsed": 2376.796573, "delta": 0.003182}}
{"target": -17.677181665350286, "params": {"gamma": 711.5835219496407, "log10_alpha": -1.0875715212819612, "log10_colsample_bytree": -0.2541531500317865, "log10_eta": -3.922179284809591, "log10_lambda": 0.3779948781795621, "log10_min_child_weight": 0.562342775604755, "log10_subsample": -0.47305454347177434, "max_depth": 4.0, "num_boost_round": 9.0}, "datetime": {"datetime": "2024-01-19 00:51:09", "elapsed": 2376.799664, "delta": 0.003091}}
{"target": -17.677181127535906, "params": {"gamma": 711.5835219496407, "log10_alpha": -1.0875715212819612, "log10_colsample_bytree": -0.2541531500317865, "log10_eta": -3.922179284809591, "log10_lambda": 0.3779948781795621, "log10_min_child_weight": 0.562342775604755, "log10_subsample": -0.47305454347177434, "max_depth": 4.0, "num_boost_round": 10.0}, "datetime": {"datetime": "2024-01-19 00:51:09", "elapsed": 2376.802745, "delta": 0.003081}}
{"target": -17.67717744706213, "params": {"gamma": 711.5835219496407, "log10_alpha": -1.0875715212819612, "log10_colsample_bytree": -0.2541531500317865, "log10_eta": -3.922179284809591, "log10_lambda": 0.3779948781795621, "log10_min_child_weight": 0.562342775604755, "log10_subsample": -0.47305454347177434, "max_depth": 4.0, "num_boost_round": 11.0}, "datetime": {"datetime": "2024-01-19 00:51:09", "elapsed": 2376.805826, "delta": 0.003081}}
{"target": -17.677171264566045, "params": {"gamma": 711.5835219496407, "log10_alpha": -1.0875715212819612, "log10_colsample_bytree": -0.2541531500317865, "log10_eta": -3.922179284809591, "log10_lambda": 0.3779948781795621, "log10_min_child_weight": 0.562342775604755, "log10_subsample": -0.47305454347177434, "max_depth": 4.0, "num_boost_round": 12.0}, "datetime": {"datetime": "2024-01-19 00:51:09", "elapsed": 2376.80899, "delta": 0.003164}}
{"target": -17.677167692066135, "params": {"gamma": 711.5835219496407, "log10_alpha": -1.0875715212819612, "log10_colsample_bytree": -0.2541531500317865, "log10_eta": -3.922179284809591, "log10_lambda": 0.3779948781795621, "log10_min_child_weight": 0.562342775604755, "log10_subsample": -0.47305454347177434, "max_depth": 4.0, "num_boost_round": 13.0}, "datetime": {"datetime": "2024-01-19 00:51:09", "elapsed": 2376.812058, "delta": 0.003068}}
{"target": -17.677165801196104, "params": {"gamma": 711.5835219496407, "log10_alpha": -1.0875715212819612, "log10_colsample_bytree": -0.2541531500317865, "log10_eta": -3.922179284809591, "log10_lambda": 0.3779948781795621, "log10_min_child_weight": 0.562342775604755, "log10_subsample": -0.47305454347177434, "max_depth": 4.0, "num_boost_round": 14.0}, "datetime": {"datetime": "2024-01-19 00:51:09", "elapsed": 2376.815143, "delta": 0.003085}}
{"target": -17.67716284980618, "params": {"gamma": 711.5835219496407, "log10_alpha": -1.0875715212819612, "log10_colsample_bytree": -0.2541531500317865, "log10_eta": -3.922179284809591, "log10_lambda": 0.3779948781795621, "log10_min_child_weight": 0.562342775604755, "log10_subsample": -0.47305454347177434, "max_depth": 4.0, "num_boost_round": 15.0}, "datetime": {"datetime": "2024-01-19 00:51:09", "elapsed": 2376.818368, "delta": 0.003225}}
{"target": -17.677161411018464, "params": {"gamma": 711.5835219496407, "log10_alpha": -1.0875715212819612, "log10_colsample_bytree": -0.2541531500317865, "log10_eta": -3.922179284809591, "log10_lambda": 0.3779948781795621, "log10_min_child_weight": 0.562342775604755, "log10_subsample": -0.47305454347177434, "max_depth": 4.0, "num_boost_round": 16.0}, "datetime": {"datetime": "2024-01-19 00:51:09", "elapsed": 2376.821463, "delta": 0.003095}}
{"target": -17.67716312755265, "params": {"gamma": 711.5835219496407, "log10_alpha": -1.0875715212819612, "log10_colsample_bytree": -0.2541531500317865, "log10_eta": -3.922179284809591, "log10_lambda": 0.3779948781795621, "log10_min_child_weight": 0.562342775604755, "log10_subsample": -0.47305454347177434, "max_depth": 4.0, "num_boost_round": 17.0}, "datetime": {"datetime": "2024-01-19 00:51:09", "elapsed": 2376.824603, "delta": 0.00314}}
{"target": -17.677159478892325, "params": {"gamma": 711.5835219496407, "log10_alpha": -1.0875715212819612, "log10_colsample_bytree": -0.2541531500317865, "log10_eta": -3.922179284809591, "log10_lambda": 0.3779948781795621, "log10_min_child_weight": 0.562342775604755, "log10_subsample": -0.47305454347177434, "max_depth": 4.0, "num_boost_round": 18.0}, "datetime": {"datetime": "2024-01-19 00:51:09", "elapsed": 2376.827709, "delta": 0.003106}}
{"target": -17.67715443636612, "params": {"gamma": 711.5835219496407, "log10_alpha": -1.0875715212819612, "log10_colsample_bytree": -0.2541531500317865, "log10_eta": -3.922179284809591, "log10_lambda": 0.3779948781795621, "log10_min_child_weight": 0.562342775604755, "log10_subsample": -0.47305454347177434, "max_depth": 4.0, "num_boost_round": 19.0}, "datetime": {"datetime": "2024-01-19 00:51:09", "elapsed": 2376.830978, "delta": 0.003269}}
{"target": -17.6771495647641, "params": {"gamma": 711.5835219496407, "log10_alpha": -1.0875715212819612, "log10_colsample_bytree": -0.2541531500317865, "log10_eta": -3.922179284809591, "log10_lambda": 0.3779948781795621, "log10_min_child_weight": 0.562342775604755, "log10_subsample": -0.47305454347177434, "max_depth": 4.0, "num_boost_round": 20.0}, "datetime": {"datetime": "2024-01-19 00:51:09", "elapsed": 2376.83426, "delta": 0.003282}}
{"target": -17.677140155832674, "params": {"gamma": 711.5835219496407, "log10_alpha": -1.0875715212819612, "log10_colsample_bytree": -0.2541531500317865, "log10_eta": -3.922179284809591, "log10_lambda": 0.3779948781795621, "log10_min_child_weight": 0.562342775604755, "log10_subsample": -0.47305454347177434, "max_depth": 4.0, "num_boost_round": 21.0}, "datetime": {"datetime": "2024-01-19 00:51:09", "elapsed": 2376.837436, "delta": 0.003176}}
{"target": -17.677133719971483, "params": {"gamma": 711.5835219496407, "log10_alpha": -1.0875715212819612, "log10_colsample_bytree": -0.2541531500317865, "log10_eta": -3.922179284809591, "log10_lambda": 0.3779948781795621, "log10_min_child_weight": 0.562342775604755, "log10_subsample": -0.47305454347177434, "max_depth": 4.0, "num_boost_round": 22.0}, "datetime": {"datetime": "2024-01-19 00:51:09", "elapsed": 2376.840541, "delta": 0.003105}}
{"target": -17.677128883065077, "params": {"gamma": 711.5835219496407, "log10_alpha": -1.0875715212819612, "log10_colsample_bytree": -0.2541531500317865, "log10_eta": -3.922179284809591, "log10_lambda": 0.3779948781795621, "log10_min_child_weight": 0.562342775604755, "log10_subsample": -0.47305454347177434, "max_depth": 4.0, "num_boost_round": 23.0}, "datetime": {"datetime": "2024-01-19 00:51:09", "elapsed": 2376.843598, "delta": 0.003057}}
{"target": -17.677119559958708, "params": {"gamma": 711.5835219496407, "log10_alpha": -1.0875715212819612, "log10_colsample_bytree": -0.2541531500317865, "log10_eta": -3.922179284809591, "log10_lambda": 0.3779948781795621, "log10_min_child_weight": 0.562342775604755, "log10_subsample": -0.47305454347177434, "max_depth": 4.0, "num_boost_round": 24.0}, "datetime": {"datetime": "2024-01-19 00:51:09", "elapsed": 2376.846707, "delta": 0.003109}}
{"target": -17.67711569416761, "params": {"gamma": 711.5835219496407, "log10_alpha": -1.0875715212819612, "log10_colsample_bytree": -0.2541531500317865, "log10_eta": -3.922179284809591, "log10_lambda": 0.3779948781795621, "log10_min_child_weight": 0.562342775604755, "log10_subsample": -0.47305454347177434, "max_depth": 4.0, "num_boost_round": 25.0}, "datetime": {"datetime": "2024-01-19 00:51:09", "elapsed": 2376.849893, "delta": 0.003186}}
{"target": -17.677110246408446, "params": {"gamma": 711.5835219496407, "log10_alpha": -1.0875715212819612, "log10_colsample_bytree": -0.2541531500317865, "log10_eta": -3.922179284809591, "log10_lambda": 0.3779948781795621, "log10_min_child_weight": 0.562342775604755, "log10_subsample": -0.47305454347177434, "max_depth": 4.0, "num_boost_round": 26.0}, "datetime": {"datetime": "2024-01-19 00:51:09", "elapsed": 2376.853024, "delta": 0.003131}}
{"target": -17.67710578614416, "params": {"gamma": 711.5835219496407, "log10_alpha": -1.0875715212819612, "log10_colsample_bytree": -0.2541531500317865, "log10_eta": -3.922179284809591, "log10_lambda": 0.3779948781795621, "log10_min_child_weight": 0.562342775604755, "log10_subsample": -0.47305454347177434, "max_depth": 4.0, "num_boost_round": 27.0}, "datetime": {"datetime": "2024-01-19 00:51:09", "elapsed": 2376.856101, "delta": 0.003077}}
{"target": -17.67709937165903, "params": {"gamma": 711.5835219496407, "log10_alpha": -1.0875715212819612, "log10_colsample_bytree": -0.2541531500317865, "log10_eta": -3.922179284809591, "log10_lambda": 0.3779948781795621, "log10_min_child_weight": 0.562342775604755, "log10_subsample": -0.47305454347177434, "max_depth": 4.0, "num_boost_round": 28.0}, "datetime": {"datetime": "2024-01-19 00:51:09", "elapsed": 2376.85927, "delta": 0.003169}}
{"target": -17.67709375954484, "params": {"gamma": 711.5835219496407, "log10_alpha": -1.0875715212819612, "log10_colsample_bytree": -0.2541531500317865, "log10_eta": -3.922179284809591, "log10_lambda": 0.3779948781795621, "log10_min_child_weight": 0.562342775604755, "log10_subsample": -0.47305454347177434, "max_depth": 4.0, "num_boost_round": 29.0}, "datetime": {"datetime": "2024-01-19 00:51:09", "elapsed": 2376.862343, "delta": 0.003073}}
{"target": -17.67708569610442, "params": {"gamma": 711.5835219496407, "log10_alpha": -1.0875715212819612, "log10_colsample_bytree": -0.2541531500317865, "log10_eta": -3.922179284809591, "log10_lambda": 0.3779948781795621, "log10_min_child_weight": 0.562342775604755, "log10_subsample": -0.47305454347177434, "max_depth": 4.0, "num_boost_round": 30.0}, "datetime": {"datetime": "2024-01-19 00:51:09", "elapsed": 2376.865424, "delta": 0.003081}}
{"target": -17.677082699821312, "params": {"gamma": 711.5835219496407, "log10_alpha": -1.0875715212819612, "log10_colsample_bytree": -0.2541531500317865, "log10_eta": -3.922179284809591, "log10_lambda": 0.3779948781795621, "log10_min_child_weight": 0.562342775604755, "log10_subsample": -0.47305454347177434, "max_depth": 4.0, "num_boost_round": 31.0}, "datetime": {"datetime": "2024-01-19 00:51:09", "elapsed": 2376.868593, "delta": 0.003169}}
{"target": -17.67708018304011, "params": {"gamma": 711.5835219496407, "log10_alpha": -1.0875715212819612, "log10_colsample_bytree": -0.2541531500317865, "log10_eta": -3.922179284809591, "log10_lambda": 0.3779948781795621, "log10_min_child_weight": 0.562342775604755, "log10_subsample": -0.47305454347177434, "max_depth": 4.0, "num_boost_round": 32.0}, "datetime": {"datetime": "2024-01-19 00:51:09", "elapsed": 2376.871709, "delta": 0.003116}}
{"target": -17.67707429985587, "params": {"gamma": 711.5835219496407, "log10_alpha": -1.0875715212819612, "log10_colsample_bytree": -0.2541531500317865, "log10_eta": -3.922179284809591, "log10_lambda": 0.3779948781795621, "log10_min_child_weight": 0.562342775604755, "log10_subsample": -0.47305454347177434, "max_depth": 4.0, "num_boost_round": 33.0}, "datetime": {"datetime": "2024-01-19 00:51:09", "elapsed": 2376.874813, "delta": 0.003104}}
{"target": -17.67706883416046, "params": {"gamma": 711.5835219496407, "log10_alpha": -1.0875715212819612, "log10_colsample_bytree": -0.2541531500317865, "log10_eta": -3.922179284809591, "log10_lambda": 0.3779948781795621, "log10_min_child_weight": 0.562342775604755, "log10_subsample": -0.47305454347177434, "max_depth": 4.0, "num_boost_round": 34.0}, "datetime": {"datetime": "2024-01-19 00:51:09", "elapsed": 2376.878128, "delta": 0.003315}}
{"target": -17.677064947055488, "params": {"gamma": 711.5835219496407, "log10_alpha": -1.0875715212819612, "log10_colsample_bytree": -0.2541531500317865, "log10_eta": -3.922179284809591, "log10_lambda": 0.3779948781795621, "log10_min_child_weight": 0.562342775604755, "log10_subsample": -0.47305454347177434, "max_depth": 4.0, "num_boost_round": 35.0}, "datetime": {"datetime": "2024-01-19 00:51:09", "elapsed": 2376.881334, "delta": 0.003206}}
{"target": -17.677057497119478, "params": {"gamma": 711.5835219496407, "log10_alpha": -1.0875715212819612, "log10_colsample_bytree": -0.2541531500317865, "log10_eta": -3.922179284809591, "log10_lambda": 0.3779948781795621, "log10_min_child_weight": 0.562342775604755, "log10_subsample": -0.47305454347177434, "max_depth": 4.0, "num_boost_round": 36.0}, "datetime": {"datetime": "2024-01-19 00:51:09", "elapsed": 2376.884466, "delta": 0.003132}}
{"target": -17.677048994160113, "params": {"gamma": 711.5835219496407, "log10_alpha": -1.0875715212819612, "log10_colsample_bytree": -0.2541531500317865, "log10_eta": -3.922179284809591, "log10_lambda": 0.3779948781795621, "log10_min_child_weight": 0.562342775604755, "log10_subsample": -0.47305454347177434, "max_depth": 4.0, "num_boost_round": 37.0}, "datetime": {"datetime": "2024-01-19 00:51:09", "elapsed": 2376.887651, "delta": 0.003185}}
{"target": -17.677045762913362, "params": {"gamma": 711.5835219496407, "log10_alpha": -1.0875715212819612, "log10_colsample_bytree": -0.2541531500317865, "log10_eta": -3.922179284809591, "log10_lambda": 0.3779948781795621, "log10_min_child_weight": 0.562342775604755, "log10_subsample": -0.47305454347177434, "max_depth": 4.0, "num_boost_round": 38.0}, "datetime": {"datetime": "2024-01-19 00:51:09", "elapsed": 2376.890852, "delta": 0.003201}}
{"target": -17.677043726346827, "params": {"gamma": 711.5835219496407, "log10_alpha": -1.0875715212819612, "log10_colsample_bytree": -0.2541531500317865, "log10_eta": -3.922179284809591, "log10_lambda": 0.3779948781795621, "log10_min_child_weight": 0.562342775604755, "log10_subsample": -0.47305454347177434, "max_depth": 4.0, "num_boost_round": 39.0}, "datetime": {"datetime": "2024-01-19 00:51:09", "elapsed": 2376.894002, "delta": 0.00315}}
{"target": -17.677038771329336, "params": {"gamma": 711.5835219496407, "log10_alpha": -1.0875715212819612, "log10_colsample_bytree": -0.2541531500317865, "log10_eta": -3.922179284809591, "log10_lambda": 0.3779948781795621, "log10_min_child_weight": 0.562342775604755, "log10_subsample": -0.47305454347177434, "max_depth": 4.0, "num_boost_round": 40.0}, "datetime": {"datetime": "2024-01-19 00:51:09", "elapsed": 2376.897213, "delta": 0.003211}}
{"target": -17.677035294621934, "params": {"gamma": 711.5835219496407, "log10_alpha": -1.0875715212819612, "log10_colsample_bytree": -0.2541531500317865, "log10_eta": -3.922179284809591, "log10_lambda": 0.3779948781795621, "log10_min_child_weight": 0.562342775604755, "log10_subsample": -0.47305454347177434, "max_depth": 4.0, "num_boost_round": 41.0}, "datetime": {"datetime": "2024-01-19 00:51:09", "elapsed": 2376.900359, "delta": 0.003146}}
{"target": -17.677029757465263, "params": {"gamma": 711.5835219496407, "log10_alpha": -1.0875715212819612, "log10_colsample_bytree": -0.2541531500317865, "log10_eta": -3.922179284809591, "log10_lambda": 0.3779948781795621, "log10_min_child_weight": 0.562342775604755, "log10_subsample": -0.47305454347177434, "max_depth": 4.0, "num_boost_round": 42.0}, "datetime": {"datetime": "2024-01-19 00:51:09", "elapsed": 2376.903501, "delta": 0.003142}}
{"target": -17.677026425038253, "params": {"gamma": 711.5835219496407, "log10_alpha": -1.0875715212819612, "log10_colsample_bytree": -0.2541531500317865, "log10_eta": -3.922179284809591, "log10_lambda": 0.3779948781795621, "log10_min_child_weight": 0.562342775604755, "log10_subsample": -0.47305454347177434, "max_depth": 4.0, "num_boost_round": 43.0}, "datetime": {"datetime": "2024-01-19 00:51:09", "elapsed": 2376.906675, "delta": 0.003174}}
{"target": -17.67702325227781, "params": {"gamma": 711.5835219496407, "log10_alpha": -1.0875715212819612, "log10_colsample_bytree": -0.2541531500317865, "log10_eta": -3.922179284809591, "log10_lambda": 0.3779948781795621, "log10_min_child_weight": 0.562342775604755, "log10_subsample": -0.47305454347177434, "max_depth": 4.0, "num_boost_round": 44.0}, "datetime": {"datetime": "2024-01-19 00:51:09", "elapsed": 2376.909883, "delta": 0.003208}}
{"target": -17.677231524097294, "params": {"gamma": 729.5747835865754, "log10_alpha": 1.0, "log10_colsample_bytree": 0.0, "log10_eta": -4.0, "log10_lambda": 1.0, "log10_min_child_weight": 5.0, "log10_subsample": 0.0, "max_depth": 10.0, "num_boost_round": 0.0}, "datetime": {"datetime": "2024-01-19 00:52:07", "elapsed": 2434.950377, "delta": 58.040494}}
{"target": -17.677230081204065, "params": {"gamma": 729.5747835865754, "log10_alpha": 1.0, "log10_colsample_bytree": 0.0, "log10_eta": -4.0, "log10_lambda": 1.0, "log10_min_child_weight": 5.0, "log10_subsample": 0.0, "max_depth": 10.0, "num_boost_round": 1.0}, "datetime": {"datetime": "2024-01-19 00:52:07", "elapsed": 2434.953698, "delta": 0.003321}}
{"target": -17.67722864226437, "params": {"gamma": 729.5747835865754, "log10_alpha": 1.0, "log10_colsample_bytree": 0.0, "log10_eta": -4.0, "log10_lambda": 1.0, "log10_min_child_weight": 5.0, "log10_subsample": 0.0, "max_depth": 10.0, "num_boost_round": 2.0}, "datetime": {"datetime": "2024-01-19 00:52:07", "elapsed": 2434.958769, "delta": 0.005071}}
{"target": -17.67722721862956, "params": {"gamma": 729.5747835865754, "log10_alpha": 1.0, "log10_colsample_bytree": 0.0, "log10_eta": -4.0, "log10_lambda": 1.0, "log10_min_child_weight": 5.0, "log10_subsample": 0.0, "max_depth": 10.0, "num_boost_round": 3.0}, "datetime": {"datetime": "2024-01-19 00:52:07", "elapsed": 2434.961946, "delta": 0.003177}}
{"target": -17.677225767357086, "params": {"gamma": 729.5747835865754, "log10_alpha": 1.0, "log10_colsample_bytree": 0.0, "log10_eta": -4.0, "log10_lambda": 1.0, "log10_min_child_weight": 5.0, "log10_subsample": 0.0, "max_depth": 10.0, "num_boost_round": 4.0}, "datetime": {"datetime": "2024-01-19 00:52:07", "elapsed": 2434.965112, "delta": 0.003166}}
{"target": -17.677224336713515, "params": {"gamma": 729.5747835865754, "log10_alpha": 1.0, "log10_colsample_bytree": 0.0, "log10_eta": -4.0, "log10_lambda": 1.0, "log10_min_child_weight": 5.0, "log10_subsample": 0.0, "max_depth": 10.0, "num_boost_round": 5.0}, "datetime": {"datetime": "2024-01-19 00:52:07", "elapsed": 2434.968222, "delta": 0.00311}}
{"target": -17.67722290737221, "params": {"gamma": 729.5747835865754, "log10_alpha": 1.0, "log10_colsample_bytree": 0.0, "log10_eta": -4.0, "log10_lambda": 1.0, "log10_min_child_weight": 5.0, "log10_subsample": 0.0, "max_depth": 10.0, "num_boost_round": 6.0}, "datetime": {"datetime": "2024-01-19 00:52:07", "elapsed": 2434.971351, "delta": 0.003129}}
{"target": -17.67722146446961, "params": {"gamma": 729.5747835865754, "log10_alpha": 1.0, "log10_colsample_bytree": 0.0, "log10_eta": -4.0, "log10_lambda": 1.0, "log10_min_child_weight": 5.0, "log10_subsample": 0.0, "max_depth": 10.0, "num_boost_round": 7.0}, "datetime": {"datetime": "2024-01-19 00:52:07", "elapsed": 2434.975377, "delta": 0.004026}}
{"target": -17.677220022864475, "params": {"gamma": 729.5747835865754, "log10_alpha": 1.0, "log10_colsample_bytree": 0.0, "log10_eta": -4.0, "log10_lambda": 1.0, "log10_min_child_weight": 5.0, "log10_subsample": 0.0, "max_depth": 10.0, "num_boost_round": 8.0}, "datetime": {"datetime": "2024-01-19 00:52:07", "elapsed": 2434.979201, "delta": 0.003824}}
