{"target": -13.758499721719609, "params": {"gamma": 421.9296308736852, "log10_alpha": 0.39302388317273707, "log10_colsample_bytree": -0.4441019427246925, "log10_eta": -3.3234151548566784, "log10_lambda": -4.571336106307214, "log10_min_child_weight": 3.2661800691559737, "log10_subsample": -0.9613601068041044, "max_depth": 5.0, "num_boost_round": 6.0}, "datetime": {"datetime": "2024-01-19 00:22:12", "elapsed": 635.115068, "delta": 0.00147}}
{"target": -13.758486478136634, "params": {"gamma": 421.9296308736852, "log10_alpha": 0.39302388317273707, "log10_colsample_bytree": -0.4441019427246925, "log10_eta": -3.3234151548566784, "log10_lambda": -4.571336106307214, "log10_min_child_weight": 3.2661800691559737, "log10_subsample": -0.9613601068041044, "max_depth": 5.0, "num_boost_round": 7.0}, "datetime": {"datetime": "2024-01-19 00:22:12", "elapsed": 635.116517, "delta": 0.001449}}
{"target": -13.75847571539245, "params": {"gamma": 421.9296308736852, "log10_alpha": 0.39302388317273707, "log10_colsample_bytree": -0.4441019427246925, "log10_eta": -3.3234151548566784, "log10_lambda": -4.571336106307214, "log10_min_child_weight": 3.2661800691559737, "log10_subsample": -0.9613601068041044, "max_depth": 5.0, "num_boost_round": 8.0}, "datetime": {"datetime": "2024-01-19 00:22:12", "elapsed": 635.11798, "delta": 0.001463}}
{"target": -13.758471422911152, "params": {"gamma": 421.9296308736852, "log10_alpha": 0.39302388317273707, "log10_colsample_bytree": -0.4441019427246925, "log10_eta": -3.3234151548566784, "log10_lambda": -4.571336106307214, "log10_min_child_weight": 3.2661800691559737, "log10_subsample": -0.9613601068041044, "max_depth": 5.0, "num_boost_round": 9.0}, "datetime": {"datetime": "2024-01-19 00:22:12", "elapsed": 635.119412, "delta": 0.001432}}
{"target": -13.75846503114587, "params": {"gamma": 421.9296308736852, "log10_alpha": 0.39302388317273707, "log10_colsample_bytree": -0.4441019427246925, "log10_eta": -3.3234151548566784, "log10_lambda": -4.571336106307214, "log10_min_child_weight": 3.2661800691559737, "log10_subsample": -0.9613601068041044, "max_depth": 5.0, "num_boost_round": 10.0}, "datetime": {"datetime": "2024-01-19 00:22:12", "elapsed": 635.120855, "delta": 0.001443}}
{"target": -13.758463452974414, "params": {"gamma": 421.9296308736852, "log10_alpha": 0.39302388317273707, "log10_colsample_bytree": -0.4441019427246925, "log10_eta": -3.3234151548566784, "log10_lambda": -4.571336106307214, "log10_min_child_weight": 3.2661800691559737, "log10_subsample": -0.9613601068041044, "max_depth": 5.0, "num_boost_round": 11.0}, "datetime": {"datetime": "2024-01-19 00:22:12", "elapsed": 635.122299, "delta": 0.001444}}
{"target": -13.758458033869235, "params": {"gamma": 421.9296308736852, "log10_alpha": 0.39302388317273707, "log10_colsample_bytree": -0.4441019427246925, "log10_eta": -3.3234151548566784, "log10_lambda": -4.571336106307214, "log10_min_child_weight": 3.2661800691559737, "log10_subsample": -0.9613601068041044, "max_depth": 5.0, "num_boost_round": 12.0}, "datetime": {"datetime": "2024-01-19 00:22:12", "elapsed": 635.123747, "delta": 0.001448}}
{"target": -13.758450344238405, "params": {"gamma": 421.9296308736852, "log10_alpha": 0.39302388317273707, "log10_colsample_bytree": -0.4441019427246925, "log10_eta": -3.3234151548566784, "log10_lambda": -4.571336106307214, "log10_min_child_weight": 3.2661800691559737, "log10_subsample": -0.9613601068041044, "max_depth": 5.0, "num_boost_round": 13.0}, "datetime": {"datetime": "2024-01-19 00:22:12", "elapsed": 635.125197, "delta": 0.00145}}
{"target": -13.758448342434283, "params": {"gamma": 421.9296308736852, "log10_alpha": 0.39302388317273707, "log10_colsample_bytree": -0.4441019427246925, "log10_eta": -3.3234151548566784, "log10_lambda": -4.571336106307214, "log10_min_child_weight": 3.2661800691559737, "log10_subsample": -0.9613601068041044, "max_depth": 5.0, "num_boost_round": 14.0}, "datetime": {"datetime": "2024-01-19 00:22:12", "elapsed": 635.126649, "delta": 0.001452}}
{"target": -13.758438606187939, "params": {"gamma": 421.9296308736852, "log10_alpha": 0.39302388317273707, "log10_colsample_bytree": -0.4441019427246925, "log10_eta": -3.3234151548566784, "log10_lambda": -4.571336106307214, "log10_min_child_weight": 3.2661800691559737, "log10_subsample": -0.9613601068041044, "max_depth": 5.0, "num_boost_round": 15.0}, "datetime": {"datetime": "2024-01-19 00:22:12", "elapsed": 635.128092, "delta": 0.001443}}
{"target": -13.758442079326736, "params": {"gamma": 421.9296308736852, "log10_alpha": 0.39302388317273707, "log10_colsample_bytree": -0.4441019427246925, "log10_eta": -3.3234151548566784, "log10_lambda": -4.571336106307214, "log10_min_child_weight": 3.2661800691559737, "log10_subsample": -0.9613601068041044, "max_depth": 5.0, "num_boost_round": 16.0}, "datetime": {"datetime": "2024-01-19 00:22:12", "elapsed": 635.12966, "delta": 0.001568}}
{"target": -13.758446733653622, "params": {"gamma": 421.9296308736852, "log10_alpha": 0.39302388317273707, "log10_colsample_bytree": -0.4441019427246925, "log10_eta": -3.3234151548566784, "log10_lambda": -4.571336106307214, "log10_min_child_weight": 3.2661800691559737, "log10_subsample": -0.9613601068041044, "max_depth": 5.0, "num_boost_round": 17.0}, "datetime": {"datetime": "2024-01-19 00:22:12", "elapsed": 635.131104, "delta": 0.001444}}
{"target": -13.758444329150699, "params": {"gamma": 421.9296308736852, "log10_alpha": 0.39302388317273707, "log10_colsample_bytree": -0.4441019427246925, "log10_eta": -3.3234151548566784, "log10_lambda": -4.571336106307214, "log10_min_child_weight": 3.2661800691559737, "log10_subsample": -0.9613601068041044, "max_depth": 5.0, "num_boost_round": 18.0}, "datetime": {"datetime": "2024-01-19 00:22:12", "elapsed": 635.132553, "delta": 0.001449}}
{"target": -13.758432751409458, "params": {"gamma": 421.9296308736852, "log10_alpha": 0.39302388317273707, "log10_colsample_bytree": -0.4441019427246925, "log10_eta": -3.3234151548566784, "log10_lambda": -4.571336106307214, "log10_min_child_weight": 3.2661800691559737, "log10_subsample": -0.9613601068041044, "max_depth": 5.0, "num_boost_round": 19.0}, "datetime": {"datetime": "2024-01-19 00:22:12", "elapsed": 635.134006, "delta": 0.001453}}
{"target": -13.758426182592645, "params": {"gamma": 421.9296308736852, "log10_alpha": 0.39302388317273707, "log10_colsample_bytree": -0.4441019427246925, "log10_eta": -3.3234151548566784, "log10_lambda": -4.571336106307214, "log10_min_child_weight": 3.2661800691559737, "log10_subsample": -0.9613601068041044, "max_depth": 5.0, "num_boost_round": 20.0}, "datetime": {"datetime": "2024-01-19 00:22:12", "elapsed": 635.135446, "delta": 0.00144}}
{"target": -13.758410779160451, "params": {"gamma": 421.9296308736852, "log10_alpha": 0.39302388317273707, "log10_colsample_bytree": -0.4441019427246925, "log10_eta": -3.3234151548566784, "log10_lambda": -4.571336106307214, "log10_min_child_weight": 3.2661800691559737, "log10_subsample": -0.9613601068041044, "max_depth": 5.0, "num_boost_round": 21.0}, "datetime": {"datetime": "2024-01-19 00:22:12", "elapsed": 635.136892, "delta": 0.001446}}
{"target": -13.758404981285558, "params": {"gamma": 421.9296308736852, "log10_alpha": 0.39302388317273707, "log10_colsample_bytree": -0.4441019427246925, "log10_eta": -3.3234151548566784, "log10_lambda": -4.571336106307214, "log10_min_child_weight": 3.2661800691559737, "log10_subsample": -0.9613601068041044, "max_depth": 5.0, "num_boost_round": 22.0}, "datetime": {"datetime": "2024-01-19 00:22:12", "elapsed": 635.138345, "delta": 0.001453}}
{"target": -13.758402855003311, "params": {"gamma": 421.9296308736852, "log10_alpha": 0.39302388317273707, "log10_colsample_bytree": -0.4441019427246925, "log10_eta": -3.3234151548566784, "log10_lambda": -4.571336106307214, "log10_min_child_weight": 3.2661800691559737, "log10_subsample": -0.9613601068041044, "max_depth": 5.0, "num_boost_round": 23.0}, "datetime": {"datetime": "2024-01-19 00:22:12", "elapsed": 635.139795, "delta": 0.00145}}
{"target": -13.758402230270002, "params": {"gamma": 421.9296308736852, "log10_alpha": 0.39302388317273707, "log10_colsample_bytree": -0.4441019427246925, "log10_eta": -3.3234151548566784, "log10_lambda": -4.571336106307214, "log10_min_child_weight": 3.2661800691559737, "log10_subsample": -0.9613601068041044, "max_depth": 5.0, "num_boost_round": 24.0}, "datetime": {"datetime": "2024-01-19 00:22:12", "elapsed": 635.141242, "delta": 0.001447}}
{"target": -13.758401633051596, "params": {"gamma": 421.9296308736852, "log10_alpha": 0.39302388317273707, "log10_colsample_bytree": -0.4441019427246925, "log10_eta": -3.3234151548566784, "log10_lambda": -4.571336106307214, "log10_min_child_weight": 3.2661800691559737, "log10_subsample": -0.9613601068041044, "max_depth": 5.0, "num_boost_round": 25.0}, "datetime": {"datetime": "2024-01-19 00:22:12", "elapsed": 635.142709, "delta": 0.001467}}
{"target": -13.758405675630216, "params": {"gamma": 421.9296308736852, "log10_alpha": 0.39302388317273707, "log10_colsample_bytree": -0.4441019427246925, "log10_eta": -3.3234151548566784, "log10_lambda": -4.571336106307214, "log10_min_child_weight": 3.2661800691559737, "log10_subsample": -0.9613601068041044, "max_depth": 5.0, "num_boost_round": 26.0}, "datetime": {"datetime": "2024-01-19 00:22:12", "elapsed": 635.144158, "delta": 0.001449}}
{"target": -13.758397433623127, "params": {"gamma": 421.9296308736852, "log10_alpha": 0.39302388317273707, "log10_colsample_bytree": -0.4441019427246925, "log10_eta": -3.3234151548566784, "log10_lambda": -4.571336106307214, "log10_min_child_weight": 3.2661800691559737, "log10_subsample": -0.9613601068041044, "max_depth": 5.0, "num_boost_round": 27.0}, "datetime": {"datetime": "2024-01-19 00:22:12", "elapsed": 635.145602, "delta": 0.001444}}
{"target": -13.758388331276597, "params": {"gamma": 421.9296308736852, "log10_alpha": 0.39302388317273707, "log10_colsample_bytree": -0.4441019427246925, "log10_eta": -3.3234151548566784, "log10_lambda": -4.571336106307214, "log10_min_child_weight": 3.2661800691559737, "log10_subsample": -0.9613601068041044, "max_depth": 5.0, "num_boost_round": 28.0}, "datetime": {"datetime": "2024-01-19 00:22:12", "elapsed": 635.147069, "delta": 0.001467}}
{"target": -13.758379679801854, "params": {"gamma": 421.9296308736852, "log10_alpha": 0.39302388317273707, "log10_colsample_bytree": -0.4441019427246925, "log10_eta": -3.3234151548566784, "log10_lambda": -4.571336106307214, "log10_min_child_weight": 3.2661800691559737, "log10_subsample": -0.9613601068041044, "max_depth": 5.0, "num_boost_round": 29.0}, "datetime": {"datetime": "2024-01-19 00:22:12", "elapsed": 635.148544, "delta": 0.001475}}
{"target": -13.758371311974747, "params": {"gamma": 421.9296308736852, "log10_alpha": 0.39302388317273707, "log10_colsample_bytree": -0.4441019427246925, "log10_eta": -3.3234151548566784, "log10_lambda": -4.571336106307214, "log10_min_child_weight": 3.2661800691559737, "log10_subsample": -0.9613601068041044, "max_depth": 5.0, "num_boost_round": 30.0}, "datetime": {"datetime": "2024-01-19 00:22:12", "elapsed": 635.150127, "delta": 0.001583}}
{"target": -13.758358692513294, "params": {"gamma": 421.9296308736852, "log10_alpha": 0.39302388317273707, "log10_colsample_bytree": -0.4441019427246925, "log10_eta": -3.3234151548566784, "log10_lambda": -4.571336106307214, "log10_min_child_weight": 3.2661800691559737, "log10_subsample": -0.9613601068041044, "max_depth": 5.0, "num_boost_round": 31.0}, "datetime": {"datetime": "2024-01-19 00:22:12", "elapsed": 635.151606, "delta": 0.001479}}
{"target": -13.758355351670469, "params": {"gamma": 421.9296308736852, "log10_alpha": 0.39302388317273707, "log10_colsample_bytree": -0.4441019427246925, "log10_eta": -3.3234151548566784, "log10_lambda": -4.571336106307214, "log10_min_child_weight": 3.2661800691559737, "log10_subsample": -0.9613601068041044, "max_depth": 5.0, "num_boost_round": 32.0}, "datetime": {"datetime": "2024-01-19 00:22:12", "elapsed": 635.153099, "delta": 0.001493}}
{"target": -13.7583465368144, "params": {"gamma": 421.9296308736852, "log10_alpha": 0.39302388317273707, "log10_colsample_bytree": -0.4441019427246925, "log10_eta": -3.3234151548566784, "log10_lambda": -4.571336106307214, "log10_min_child_weight": 3.2661800691559737, "log10_subsample": -0.9613601068041044, "max_depth": 5.0, "num_boost_round": 33.0}, "datetime": {"datetime": "2024-01-19 00:22:12", "elapsed": 635.154563, "delta": 0.001464}}
{"target": -13.758339886677716, "params": {"gamma": 421.9296308736852, "log10_alpha": 0.39302388317273707, "log10_colsample_bytree": -0.4441019427246925, "log10_eta": -3.3234151548566784, "log10_lambda": -4.571336106307214, "log10_min_child_weight": 3.2661800691559737, "log10_subsample": -0.9613601068041044, "max_depth": 5.0, "num_boost_round": 34.0}, "datetime": {"datetime": "2024-01-19 00:22:12", "elapsed": 635.156028, "delta": 0.001465}}
{"target": -13.758341108379158, "params": {"gamma": 421.9296308736852, "log10_alpha": 0.39302388317273707, "log10_colsample_bytree": -0.4441019427246925, "log10_eta": -3.3234151548566784, "log10_lambda": -4.571336106307214, "log10_min_child_weight": 3.2661800691559737, "log10_subsample": -0.9613601068041044, "max_depth": 5.0, "num_boost_round": 35.0}, "datetime": {"datetime": "2024-01-19 00:22:12", "elapsed": 635.157492, "delta": 0.001464}}
{"target": -13.758344332525162, "params": {"gamma": 421.9296308736852, "log10_alpha": 0.39302388317273707, "log10_colsample_bytree": -0.4441019427246925, "log10_eta": -3.3234151548566784, "log10_lambda": -4.571336106307214, "log10_min_child_weight": 3.2661800691559737, "log10_subsample": -0.9613601068041044, "max_depth": 5.0, "num_boost_round": 36.0}, "datetime": {"datetime": "2024-01-19 00:22:12", "elapsed": 635.158963, "delta": 0.001471}}
{"target": -13.758344029414426, "params": {"gamma": 421.9296308736852, "log10_alpha": 0.39302388317273707, "log10_colsample_bytree": -0.4441019427246925, "log10_eta": -3.3234151548566784, "log10_lambda": -4.571336106307214, "log10_min_child_weight": 3.2661800691559737, "log10_subsample": -0.9613601068041044, "max_depth": 5.0, "num_boost_round": 37.0}, "datetime": {"datetime": "2024-01-19 00:22:12", "elapsed": 635.16043, "delta": 0.001467}}
{"target": -13.75834023510026, "params": {"gamma": 421.9296308736852, "log10_alpha": 0.39302388317273707, "log10_colsample_bytree": -0.4441019427246925, "log10_eta": -3.3234151548566784, "log10_lambda": -4.571336106307214, "log10_min_child_weight": 3.2661800691559737, "log10_subsample": -0.9613601068041044, "max_depth": 5.0, "num_boost_round": 38.0}, "datetime": {"datetime": "2024-01-19 00:22:12", "elapsed": 635.161903, "delta": 0.001473}}
{"target": -13.758534343668803, "params": {"gamma": 421.75441889832797, "log10_alpha": -0.5626271955188464, "log10_colsample_bytree": -0.5647537166853125, "log10_eta": -3.662782881371061, "log10_lambda": -4.458284789841658, "log10_min_child_weight": 1.305163688260762, "log10_subsample": -0.5237517979652974, "max_depth": 6.0, "num_boost_round": 0.0}, "datetime": {"datetime": "2024-01-19 00:22:49", "elapsed": 672.455423, "delta": 37.29352}}
{"target": -13.758518072103936, "params": {"gamma": 421.75441889832797, "log10_alpha": -0.5626271955188464, "log10_colsample_bytree": -0.5647537166853125, "log10_eta": -3.662782881371061, "log10_lambda": -4.458284789841658, "log10_min_child_weight": 1.305163688260762, "log10_subsample": -0.5237517979652974, "max_depth": 6.0, "num_boost_round": 1.0}, "datetime": {"datetime": "2024-01-19 00:22:49", "elapsed": 672.457108, "delta": 0.001685}}
{"target": -13.758510860742895, "params": {"gamma": 421.75441889832797, "log10_alpha": -0.5626271955188464, "log10_colsample_bytree": -0.5647537166853125, "log10_eta": -3.662782881371061, "log10_lambda": -4.458284789841658, "log10_min_child_weight": 1.305163688260762, "log10_subsample": -0.5237517979652974, "max_depth": 6.0, "num_boost_round": 2.0}, "datetime": {"datetime": "2024-01-19 00:22:49", "elapsed": 672.459073, "delta": 0.001965}}
{"target": -13.758500075742214, "params": {"gamma": 421.75441889832797, "log10_alpha": -0.5626271955188464, "log10_colsample_bytree": -0.5647537166853125, "log10_eta": -3.662782881371061, "log10_lambda": -4.458284789841658, "log10_min_child_weight": 1.305163688260762, "log10_subsample": -0.5237517979652974, "max_depth": 6.0, "num_boost_round": 3.0}, "datetime": {"datetime": "2024-01-19 00:22:49", "elapsed": 672.460722, "delta": 0.001649}}
{"target": -13.758495216309596, "params": {"gamma": 421.75441889832797, "log10_alpha": -0.5626271955188464, "log10_colsample_bytree": -0.5647537166853125, "log10_eta": -3.662782881371061, "log10_lambda": -4.458284789841658, "log10_min_child_weight": 1.305163688260762, "log10_subsample": -0.5237517979652974, "max_depth": 6.0, "num_boost_round": 4.0}, "datetime": {"datetime": "2024-01-19 00:22:49", "elapsed": 672.462211, "delta": 0.001489}}
{"target": -13.758481303196088, "params": {"gamma": 421.75441889832797, "log10_alpha": -0.5626271955188464, "log10_colsample_bytree": -0.5647537166853125, "log10_eta": -3.662782881371061, "log10_lambda": -4.458284789841658, "log10_min_child_weight": 1.305163688260762, "log10_subsample": -0.5237517979652974, "max_depth": 6.0, "num_boost_round": 5.0}, "datetime": {"datetime": "2024-01-19 00:22:49", "elapsed": 672.463825, "delta": 0.001614}}
{"target": -13.758474082361921, "params": {"gamma": 421.75441889832797, "log10_alpha": -0.5626271955188464, "log10_colsample_bytree": -0.5647537166853125, "log10_eta": -3.662782881371061, "log10_lambda": -4.458284789841658, "log10_min_child_weight": 1.305163688260762, "log10_subsample": -0.5237517979652974, "max_depth": 6.0, "num_boost_round": 6.0}, "datetime": {"datetime": "2024-01-19 00:22:49", "elapsed": 672.465425, "delta": 0.0016}}
{"target": -13.758468683566244, "params": {"gamma": 421.75441889832797, "log10_alpha": -0.5626271955188464, "log10_colsample_bytree": -0.5647537166853125, "log10_eta": -3.662782881371061, "log10_lambda": -4.458284789841658, "log10_min_child_weight": 1.305163688260762, "log10_subsample": -0.5237517979652974, "max_depth": 6.0, "num_boost_round": 7.0}, "datetime": {"datetime": "2024-01-19 00:22:49", "elapsed": 672.46694, "delta": 0.001515}}
{"target": -13.758462565250232, "params": {"gamma": 421.75441889832797, "log10_alpha": -0.5626271955188464, "log10_colsample_bytree": -0.5647537166853125, "log10_eta": -3.662782881371061, "log10_lambda": -4.458284789841658, "log10_min_child_weight": 1.305163688260762, "log10_subsample": -0.5237517979652974, "max_depth": 6.0, "num_boost_round": 8.0}, "datetime": {"datetime": "2024-01-19 00:22:49", "elapsed": 672.468562, "delta": 0.001622}}
{"target": -13.758454172874487, "params": {"gamma": 421.75441889832797, "log10_alpha": -0.5626271955188464, "log10_colsample_bytree": -0.5647537166853125, "log10_eta": -3.662782881371061, "log10_lambda": -4.458284789841658, "log10_min_child_weight": 1.305163688260762, "log10_subsample": -0.5237517979652974, "max_depth": 6.0, "num_boost_round": 9.0}, "datetime": {"datetime": "2024-01-19 00:22:49", "elapsed": 672.470044, "delta": 0.001482}}
{"target": -13.75844579576743, "params": {"gamma": 421.75441889832797, "log10_alpha": -0.5626271955188464, "log10_colsample_bytree": -0.5647537166853125, "log10_eta": -3.662782881371061, "log10_lambda": -4.458284789841658, "log10_min_child_weight": 1.305163688260762, "log10_subsample": -0.5237517979652974, "max_depth": 6.0, "num_boost_round": 10.0}, "datetime": {"datetime": "2024-01-19 00:22:49", "elapsed": 672.471525, "delta": 0.001481}}
{"target": -13.758446138744473, "params": {"gamma": 421.75441889832797, "log10_alpha": -0.5626271955188464, "log10_colsample_bytree": -0.5647537166853125, "log10_eta": -3.662782881371061, "log10_lambda": -4.458284789841658, "log10_min_child_weight": 1.305163688260762, "log10_subsample": -0.5237517979652974, "max_depth": 6.0, "num_boost_round": 11.0}, "datetime": {"datetime": "2024-01-19 00:22:49", "elapsed": 672.47302, "delta": 0.001495}}
{"target": -13.75843705772589, "params": {"gamma": 421.75441889832797, "log10_alpha": -0.5626271955188464, "log10_colsample_bytree": -0.5647537166853125, "log10_eta": -3.662782881371061, "log10_lambda": -4.458284789841658, "log10_min_child_weight": 1.305163688260762, "log10_subsample": -0.5237517979652974, "max_depth": 6.0, "num_boost_round": 12.0}, "datetime": {"datetime": "2024-01-19 00:22:49", "elapsed": 672.474502, "delta": 0.001482}}
{"target": -13.758438104698993, "params": {"gamma": 421.75441889832797, "log10_alpha": -0.5626271955188464, "log10_colsample_bytree": -0.5647537166853125, "log10_eta": -3.662782881371061, "log10_lambda": -4.458284789841658, "log10_min_child_weight": 1.305163688260762, "log10_subsample": -0.5237517979652974, "max_depth": 6.0, "num_boost_round": 13.0}, "datetime": {"datetime": "2024-01-19 00:22:49", "elapsed": 672.475985, "delta": 0.001483}}
{"target": -13.758442965900226, "params": {"gamma": 421.75441889832797, "log10_alpha": -0.5626271955188464, "log10_colsample_bytree": -0.5647537166853125, "log10_eta": -3.662782881371061, "log10_lambda": -4.458284789841658, "log10_min_child_weight": 1.305163688260762, "log10_subsample": -0.5237517979652974, "max_depth": 6.0, "num_boost_round": 14.0}, "datetime": {"datetime": "2024-01-19 00:22:49", "elapsed": 672.477464, "delta": 0.001479}}
{"target": -13.758435739972077, "params": {"gamma": 421.75441889832797, "log10_alpha": -0.5626271955188464, "log10_colsample_bytree": -0.5647537166853125, "log10_eta": -3.662782881371061, "log10_lambda": -4.458284789841658, "log10_min_child_weight": 1.305163688260762, "log10_subsample": -0.5237517979652974, "max_depth": 6.0, "num_boost_round": 15.0}, "datetime": {"datetime": "2024-01-19 00:22:49", "elapsed": 672.478955, "delta": 0.001491}}
