{"target": -17.69626285133427, "params": {"gamma": 221.9931710897395, "log10_alpha": 0.22439383706425886, "log10_colsample_bytree": -0.7932808446605736, "log10_eta": -0.3255563682483138, "log10_lambda": -2.0695328672310254, "log10_min_child_weight": 3.0587193145132288, "log10_subsample": -0.23409214351968444, "max_depth": 6.0, "num_boost_round": 0.0}, "datetime": {"datetime": "2024-01-19 00:11:55", "elapsed": 0.0, "delta": 0.0}}
{"target": -17.73762647787061, "params": {"gamma": 221.9931710897395, "log10_alpha": 0.22439383706425886, "log10_colsample_bytree": -0.7932808446605736, "log10_eta": -0.3255563682483138, "log10_lambda": -2.0695328672310254, "log10_min_child_weight": 3.0587193145132288, "log10_subsample": -0.23409214351968444, "max_depth": 6.0, "num_boost_round": 1.0}, "datetime": {"datetime": "2024-01-19 00:11:55", "elapsed": 0.035596, "delta": 0.035596}}
{"target": -17.76500281113894, "params": {"gamma": 221.9931710897395, "log10_alpha": 0.22439383706425886, "log10_colsample_bytree": -0.7932808446605736, "log10_eta": -0.3255563682483138, "log10_lambda": -2.0695328672310254, "log10_min_child_weight": 3.0587193145132288, "log10_subsample": -0.23409214351968444, "max_depth": 6.0, "num_boost_round": 2.0}, "datetime": {"datetime": "2024-01-19 00:11:55", "elapsed": 0.035815, "delta": 0.000219}}
{"target": -17.787234610853705, "params": {"gamma": 221.9931710897395, "log10_alpha": 0.22439383706425886, "log10_colsample_bytree": -0.7932808446605736, "log10_eta": -0.3255563682483138, "log10_lambda": -2.0695328672310254, "log10_min_child_weight": 3.0587193145132288, "log10_subsample": -0.23409214351968444, "max_depth": 6.0, "num_boost_round": 3.0}, "datetime": {"datetime": "2024-01-19 00:11:55", "elapsed": 0.035972, "delta": 0.000157}}
{"target": -17.808896881053254, "params": {"gamma": 221.9931710897395, "log10_alpha": 0.22439383706425886, "log10_colsample_bytree": -0.7932808446605736, "log10_eta": -0.3255563682483138, "log10_lambda": -2.0695328672310254, "log10_min_child_weight": 3.0587193145132288, "log10_subsample": -0.23409214351968444, "max_depth": 6.0, "num_boost_round": 4.0}, "datetime": {"datetime": "2024-01-19 00:11:55", "elapsed": 0.036123, "delta": 0.000151}}
{"target": -17.820275493889756, "params": {"gamma": 221.9931710897395, "log10_alpha": 0.22439383706425886, "log10_colsample_bytree": -0.7932808446605736, "log10_eta": -0.3255563682483138, "log10_lambda": -2.0695328672310254, "log10_min_child_weight": 3.0587193145132288, "log10_subsample": -0.23409214351968444, "max_depth": 6.0, "num_boost_round": 5.0}, "datetime": {"datetime": "2024-01-19 00:11:55", "elapsed": 0.036272, "delta": 0.000149}}
{"target": -17.846458207147876, "params": {"gamma": 221.9931710897395, "log10_alpha": 0.22439383706425886, "log10_colsample_bytree": -0.7932808446605736, "log10_eta": -0.3255563682483138, "log10_lambda": -2.0695328672310254, "log10_min_child_weight": 3.0587193145132288, "log10_subsample": -0.23409214351968444, "max_depth": 6.0, "num_boost_round": 6.0}, "datetime": {"datetime": "2024-01-19 00:11:55", "elapsed": 0.036428, "delta": 0.000156}}
{"target": -17.933547461027707, "params": {"gamma": 221.9931710897395, "log10_alpha": 0.22439383706425886, "log10_colsample_bytree": -0.7932808446605736, "log10_eta": -0.3255563682483138, "log10_lambda": -2.0695328672310254, "log10_min_child_weight": 3.0587193145132288, "log10_subsample": -0.23409214351968444, "max_depth": 6.0, "num_boost_round": 7.0}, "datetime": {"datetime": "2024-01-19 00:11:55", "elapsed": 0.036594, "delta": 0.000166}}
{"target": -17.966258673133133, "params": {"gamma": 221.9931710897395, "log10_alpha": 0.22439383706425886, "log10_colsample_bytree": -0.7932808446605736, "log10_eta": -0.3255563682483138, "log10_lambda": -2.0695328672310254, "log10_min_child_weight": 3.0587193145132288, "log10_subsample": -0.23409214351968444, "max_depth": 6.0, "num_boost_round": 8.0}, "datetime": {"datetime": "2024-01-19 00:11:55", "elapsed": 0.036751, "delta": 0.000157}}
{"target": -17.986474485771563, "params": {"gamma": 221.9931710897395, "log10_alpha": 0.22439383706425886, "log10_colsample_bytree": -0.7932808446605736, "log10_eta": -0.3255563682483138, "log10_lambda": -2.0695328672310254, "log10_min_child_weight": 3.0587193145132288, "log10_subsample": -0.23409214351968444, "max_depth": 6.0, "num_boost_round": 9.0}, "datetime": {"datetime": "2024-01-19 00:11:55", "elapsed": 0.040899, "delta": 0.004148}}
{"target": -17.994153077446356, "params": {"gamma": 221.9931710897395, "log10_alpha": 0.22439383706425886, "log10_colsample_bytree": -0.7932808446605736, "log10_eta": -0.3255563682483138, "log10_lambda": -2.0695328672310254, "log10_min_child_weight": 3.0587193145132288, "log10_subsample": -0.23409214351968444, "max_depth": 6.0, "num_boost_round": 10.0}, "datetime": {"datetime": "2024-01-19 00:11:55", "elapsed": 0.041118, "delta": 0.000219}}
{"target": -17.9931231215543, "params": {"gamma": 221.9931710897395, "log10_alpha": 0.22439383706425886, "log10_colsample_bytree": -0.7932808446605736, "log10_eta": -0.3255563682483138, "log10_lambda": -2.0695328672310254, "log10_min_child_weight": 3.0587193145132288, "log10_subsample": -0.23409214351968444, "max_depth": 6.0, "num_boost_round": 11.0}, "datetime": {"datetime": "2024-01-19 00:11:55", "elapsed": 0.041273, "delta": 0.000155}}
{"target": -18.021968309805253, "params": {"gamma": 221.9931710897395, "log10_alpha": 0.22439383706425886, "log10_colsample_bytree": -0.7932808446605736, "log10_eta": -0.3255563682483138, "log10_lambda": -2.0695328672310254, "log10_min_child_weight": 3.0587193145132288, "log10_subsample": -0.23409214351968444, "max_depth": 6.0, "num_boost_round": 12.0}, "datetime": {"datetime": "2024-01-19 00:11:55", "elapsed": 0.041473, "delta": 0.0002}}
{"target": -18.044243984658415, "params": {"gamma": 221.9931710897395, "log10_alpha": 0.22439383706425886, "log10_colsample_bytree": -0.7932808446605736, "log10_eta": -0.3255563682483138, "log10_lambda": -2.0695328672310254, "log10_min_child_weight": 3.0587193145132288, "log10_subsample": -0.23409214351968444, "max_depth": 6.0, "num_boost_round": 13.0}, "datetime": {"datetime": "2024-01-19 00:11:55", "elapsed": 0.041627, "delta": 0.000154}}
{"target": -18.073093806998106, "params": {"gamma": 221.9931710897395, "log10_alpha": 0.22439383706425886, "log10_colsample_bytree": -0.7932808446605736, "log10_eta": -0.3255563682483138, "log10_lambda": -2.0695328672310254, "log10_min_child_weight": 3.0587193145132288, "log10_subsample": -0.23409214351968444, "max_depth": 6.0, "num_boost_round": 14.0}, "datetime": {"datetime": "2024-01-19 00:11:55", "elapsed": 0.041776, "delta": 0.000149}}
{"target": -18.087440377820474, "params": {"gamma": 221.9931710897395, "log10_alpha": 0.22439383706425886, "log10_colsample_bytree": -0.7932808446605736, "log10_eta": -0.3255563682483138, "log10_lambda": -2.0695328672310254, "log10_min_child_weight": 3.0587193145132288, "log10_subsample": -0.23409214351968444, "max_depth": 6.0, "num_boost_round": 15.0}, "datetime": {"datetime": "2024-01-19 00:11:55", "elapsed": 0.041925, "delta": 0.000149}}
{"target": -18.101002767461974, "params": {"gamma": 221.9931710897395, "log10_alpha": 0.22439383706425886, "log10_colsample_bytree": -0.7932808446605736, "log10_eta": -0.3255563682483138, "log10_lambda": -2.0695328672310254, "log10_min_child_weight": 3.0587193145132288, "log10_subsample": -0.23409214351968444, "max_depth": 6.0, "num_boost_round": 16.0}, "datetime": {"datetime": "2024-01-19 00:11:55", "elapsed": 0.04207, "delta": 0.000145}}
{"target": -18.13965302829977, "params": {"gamma": 221.9931710897395, "log10_alpha": 0.22439383706425886, "log10_colsample_bytree": -0.7932808446605736, "log10_eta": -0.3255563682483138, "log10_lambda": -2.0695328672310254, "log10_min_child_weight": 3.0587193145132288, "log10_subsample": -0.23409214351968444, "max_depth": 6.0, "num_boost_round": 17.0}, "datetime": {"datetime": "2024-01-19 00:11:55", "elapsed": 0.042218, "delta": 0.000148}}
{"target": -18.15186151369707, "params": {"gamma": 221.9931710897395, "log10_alpha": 0.22439383706425886, "log10_colsample_bytree": -0.7932808446605736, "log10_eta": -0.3255563682483138, "log10_lambda": -2.0695328672310254, "log10_min_child_weight": 3.0587193145132288, "log10_subsample": -0.23409214351968444, "max_depth": 6.0, "num_boost_round": 18.0}, "datetime": {"datetime": "2024-01-19 00:11:55", "elapsed": 0.042396, "delta": 0.000178}}
{"target": -18.160175729390506, "params": {"gamma": 221.9931710897395, "log10_alpha": 0.22439383706425886, "log10_colsample_bytree": -0.7932808446605736, "log10_eta": -0.3255563682483138, "log10_lambda": -2.0695328672310254, "log10_min_child_weight": 3.0587193145132288, "log10_subsample": -0.23409214351968444, "max_depth": 6.0, "num_boost_round": 19.0}, "datetime": {"datetime": "2024-01-19 00:11:55", "elapsed": 0.042563, "delta": 0.000167}}
{"target": -18.184610523663554, "params": {"gamma": 221.9931710897395, "log10_alpha": 0.22439383706425886, "log10_colsample_bytree": -0.7932808446605736, "log10_eta": -0.3255563682483138, "log10_lambda": -2.0695328672310254, "log10_min_child_weight": 3.0587193145132288, "log10_subsample": -0.23409214351968444, "max_depth": 6.0, "num_boost_round": 20.0}, "datetime": {"datetime": "2024-01-19 00:11:55", "elapsed": 0.042721, "delta": 0.000158}}
{"target": -18.19961303554196, "params": {"gamma": 221.9931710897395, "log10_alpha": 0.22439383706425886, "log10_colsample_bytree": -0.7932808446605736, "log10_eta": -0.3255563682483138, "log10_lambda": -2.0695328672310254, "log10_min_child_weight": 3.0587193145132288, "log10_subsample": -0.23409214351968444, "max_depth": 6.0, "num_boost_round": 21.0}, "datetime": {"datetime": "2024-01-19 00:11:55", "elapsed": 0.04288, "delta": 0.000159}}
{"target": -18.213072030098168, "params": {"gamma": 221.9931710897395, "log10_alpha": 0.22439383706425886, "log10_colsample_bytree": -0.7932808446605736, "log10_eta": -0.3255563682483138, "log10_lambda": -2.0695328672310254, "log10_min_child_weight": 3.0587193145132288, "log10_subsample": -0.23409214351968444, "max_depth": 6.0, "num_boost_round": 22.0}, "datetime": {"datetime": "2024-01-19 00:11:55", "elapsed": 0.043035, "delta": 0.000155}}
{"target": -18.315311998347433, "params": {"gamma": 221.9931710897395, "log10_alpha": 0.22439383706425886, "log10_colsample_bytree": -0.7932808446605736, "log10_eta": -0.3255563682483138, "log10_lambda": -2.0695328672310254, "log10_min_child_weight": 3.0587193145132288, "log10_subsample": -0.23409214351968444, "max_depth": 6.0, "num_boost_round": 23.0}, "datetime": {"datetime": "2024-01-19 00:11:55", "elapsed": 0.043196, "delta": 0.000161}}
{"target": -18.34738471406903, "params": {"gamma": 221.9931710897395, "log10_alpha": 0.22439383706425886, "log10_colsample_bytree": -0.7932808446605736, "log10_eta": -0.3255563682483138, "log10_lambda": -2.0695328672310254, "log10_min_child_weight": 3.0587193145132288, "log10_subsample": -0.23409214351968444, "max_depth": 6.0, "num_boost_round": 24.0}, "datetime": {"datetime": "2024-01-19 00:11:55", "elapsed": 0.043366, "delta": 0.00017}}
{"target": -18.361318274273838, "params": {"gamma": 221.9931710897395, "log10_alpha": 0.22439383706425886, "log10_colsample_bytree": -0.7932808446605736, "log10_eta": -0.3255563682483138, "log10_lambda": -2.0695328672310254, "log10_min_child_weight": 3.0587193145132288, "log10_subsample": -0.23409214351968444, "max_depth": 6.0, "num_boost_round": 25.0}, "datetime": {"datetime": "2024-01-19 00:11:55", "elapsed": 0.043535, "delta": 0.000169}}
{"target": -18.385168669118208, "params": {"gamma": 221.9931710897395, "log10_alpha": 0.22439383706425886, "log10_colsample_bytree": -0.7932808446605736, "log10_eta": -0.3255563682483138, "log10_lambda": -2.0695328672310254, "log10_min_child_weight": 3.0587193145132288, "log10_subsample": -0.23409214351968444, "max_depth": 6.0, "num_boost_round": 26.0}, "datetime": {"datetime": "2024-01-19 00:11:55", "elapsed": 0.043698, "delta": 0.000163}}
{"target": -18.388162100828225, "params": {"gamma": 221.9931710897395, "log10_alpha": 0.22439383706425886, "log10_colsample_bytree": -0.7932808446605736, "log10_eta": -0.3255563682483138, "log10_lambda": -2.0695328672310254, "log10_min_child_weight": 3.0587193145132288, "log10_subsample": -0.23409214351968444, "max_depth": 6.0, "num_boost_round": 27.0}, "datetime": {"datetime": "2024-01-19 00:11:55", "elapsed": 0.043859, "delta": 0.000161}}
{"target": -18.391833442477612, "params": {"gamma": 221.9931710897395, "log10_alpha": 0.22439383706425886, "log10_colsample_bytree": -0.7932808446605736, "log10_eta": -0.3255563682483138, "log10_lambda": -2.0695328672310254, "log10_min_child_weight": 3.0587193145132288, "log10_subsample": -0.23409214351968444, "max_depth": 6.0, "num_boost_round": 28.0}, "datetime": {"datetime": "2024-01-19 00:11:55", "elapsed": 0.04403, "delta": 0.000171}}
{"target": -18.390569617172915, "params": {"gamma": 221.9931710897395, "log10_alpha": 0.22439383706425886, "log10_colsample_bytree": -0.7932808446605736, "log10_eta": -0.3255563682483138, "log10_lambda": -2.0695328672310254, "log10_min_child_weight": 3.0587193145132288, "log10_subsample": -0.23409214351968444, "max_depth": 6.0, "num_boost_round": 29.0}, "datetime": {"datetime": "2024-01-19 00:11:55", "elapsed": 0.044198, "delta": 0.000168}}
{"target": -18.39499279923557, "params": {"gamma": 221.9931710897395, "log10_alpha": 0.22439383706425886, "log10_colsample_bytree": -0.7932808446605736, "log10_eta": -0.3255563682483138, "log10_lambda": -2.0695328672310254, "log10_min_child_weight": 3.0587193145132288, "log10_subsample": -0.23409214351968444, "max_depth": 6.0, "num_boost_round": 30.0}, "datetime": {"datetime": "2024-01-19 00:11:55", "elapsed": 0.044378, "delta": 0.00018}}
{"target": -18.402643627983803, "params": {"gamma": 221.9931710897395, "log10_alpha": 0.22439383706425886, "log10_colsample_bytree": -0.7932808446605736, "log10_eta": -0.3255563682483138, "log10_lambda": -2.0695328672310254, "log10_min_child_weight": 3.0587193145132288, "log10_subsample": -0.23409214351968444, "max_depth": 6.0, "num_boost_round": 31.0}, "datetime": {"datetime": "2024-01-19 00:11:55", "elapsed": 0.044552, "delta": 0.000174}}
{"target": -18.435991651987756, "params": {"gamma": 221.9931710897395, "log10_alpha": 0.22439383706425886, "log10_colsample_bytree": -0.7932808446605736, "log10_eta": -0.3255563682483138, "log10_lambda": -2.0695328672310254, "log10_min_child_weight": 3.0587193145132288, "log10_subsample": -0.23409214351968444, "max_depth": 6.0, "num_boost_round": 32.0}, "datetime": {"datetime": "2024-01-19 00:11:55", "elapsed": 0.044743, "delta": 0.000191}}
{"target": -18.46156210344883, "params": {"gamma": 221.9931710897395, "log10_alpha": 0.22439383706425886, "log10_colsample_bytree": -0.7932808446605736, "log10_eta": -0.3255563682483138, "log10_lambda": -2.0695328672310254, "log10_min_child_weight": 3.0587193145132288, "log10_subsample": -0.23409214351968444, "max_depth": 6.0, "num_boost_round": 33.0}, "datetime": {"datetime": "2024-01-19 00:11:55", "elapsed": 0.044924, "delta": 0.000181}}
{"target": -18.476714148410448, "params": {"gamma": 221.9931710897395, "log10_alpha": 0.22439383706425886, "log10_colsample_bytree": -0.7932808446605736, "log10_eta": -0.3255563682483138, "log10_lambda": -2.0695328672310254, "log10_min_child_weight": 3.0587193145132288, "log10_subsample": -0.23409214351968444, "max_depth": 6.0, "num_boost_round": 34.0}, "datetime": {"datetime": "2024-01-19 00:11:55", "elapsed": 0.045102, "delta": 0.000178}}
{"target": -18.487326395750667, "params": {"gamma": 221.9931710897395, "log10_alpha": 0.22439383706425886, "log10_colsample_bytree": -0.7932808446605736, "log10_eta": -0.3255563682483138, "log10_lambda": -2.0695328672310254, "log10_min_child_weight": 3.0587193145132288, "log10_subsample": -0.23409214351968444, "max_depth": 6.0, "num_boost_round": 35.0}, "datetime": {"datetime": "2024-01-19 00:11:55", "elapsed": 0.045282, "delta": 0.00018}}
{"target": -18.486690555274627, "params": {"gamma": 221.9931710897395, "log10_alpha": 0.22439383706425886, "log10_colsample_bytree": -0.7932808446605736, "log10_eta": -0.3255563682483138, "log10_lambda": -2.0695328672310254, "log10_min_child_weight": 3.0587193145132288, "log10_subsample": -0.23409214351968444, "max_depth": 6.0, "num_boost_round": 36.0}, "datetime": {"datetime": "2024-01-19 00:11:55", "elapsed": 0.04547, "delta": 0.000188}}
{"target": -18.497864117184502, "params": {"gamma": 221.9931710897395, "log10_alpha": 0.22439383706425886, "log10_colsample_bytree": -0.7932808446605736, "log10_eta": -0.3255563682483138, "log10_lambda": -2.0695328672310254, "log10_min_child_weight": 3.0587193145132288, "log10_subsample": -0.23409214351968444, "max_depth": 6.0, "num_boost_round": 37.0}, "datetime": {"datetime": "2024-01-19 00:11:55", "elapsed": 0.045653, "delta": 0.000183}}
{"target": -18.506081876057635, "params": {"gamma": 221.9931710897395, "log10_alpha": 0.22439383706425886, "log10_colsample_bytree": -0.7932808446605736, "log10_eta": -0.3255563682483138, "log10_lambda": -2.0695328672310254, "log10_min_child_weight": 3.0587193145132288, "log10_subsample": -0.23409214351968444, "max_depth": 6.0, "num_boost_round": 38.0}, "datetime": {"datetime": "2024-01-19 00:11:55", "elapsed": 0.045837, "delta": 0.000184}}
{"target": -18.518275447529753, "params": {"gamma": 221.9931710897395, "log10_alpha": 0.22439383706425886, "log10_colsample_bytree": -0.7932808446605736, "log10_eta": -0.3255563682483138, "log10_lambda": -2.0695328672310254, "log10_min_child_weight": 3.0587193145132288, "log10_subsample": -0.23409214351968444, "max_depth": 6.0, "num_boost_round": 39.0}, "datetime": {"datetime": "2024-01-19 00:11:55", "elapsed": 0.046026, "delta": 0.000189}}
{"target": -18.51920190010953, "params": {"gamma": 221.9931710897395, "log10_alpha": 0.22439383706425886, "log10_colsample_bytree": -0.7932808446605736, "log10_eta": -0.3255563682483138, "log10_lambda": -2.0695328672310254, "log10_min_child_weight": 3.0587193145132288, "log10_subsample": -0.23409214351968444, "max_depth": 6.0, "num_boost_round": 40.0}, "datetime": {"datetime": "2024-01-19 00:11:55", "elapsed": 0.046215, "delta": 0.000189}}
{"target": -18.531507963891514, "params": {"gamma": 221.9931710897395, "log10_alpha": 0.22439383706425886, "log10_colsample_bytree": -0.7932808446605736, "log10_eta": -0.3255563682483138, "log10_lambda": -2.0695328672310254, "log10_min_child_weight": 3.0587193145132288, "log10_subsample": -0.23409214351968444, "max_depth": 6.0, "num_boost_round": 41.0}, "datetime": {"datetime": "2024-01-19 00:11:55", "elapsed": 0.046408, "delta": 0.000193}}
{"target": -18.545591202183573, "params": {"gamma": 221.9931710897395, "log10_alpha": 0.22439383706425886, "log10_colsample_bytree": -0.7932808446605736, "log10_eta": -0.3255563682483138, "log10_lambda": -2.0695328672310254, "log10_min_child_weight": 3.0587193145132288, "log10_subsample": -0.23409214351968444, "max_depth": 6.0, "num_boost_round": 42.0}, "datetime": {"datetime": "2024-01-19 00:11:55", "elapsed": 0.046601, "delta": 0.000193}}
{"target": -18.551073462541996, "params": {"gamma": 221.9931710897395, "log10_alpha": 0.22439383706425886, "log10_colsample_bytree": -0.7932808446605736, "log10_eta": -0.3255563682483138, "log10_lambda": -2.0695328672310254, "log10_min_child_weight": 3.0587193145132288, "log10_subsample": -0.23409214351968444, "max_depth": 6.0, "num_boost_round": 43.0}, "datetime": {"datetime": "2024-01-19 00:11:55", "elapsed": 0.046794, "delta": 0.000193}}
{"target": -18.563918584280923, "params": {"gamma": 221.9931710897395, "log10_alpha": 0.22439383706425886, "log10_colsample_bytree": -0.7932808446605736, "log10_eta": -0.3255563682483138, "log10_lambda": -2.0695328672310254, "log10_min_child_weight": 3.0587193145132288, "log10_subsample": -0.23409214351968444, "max_depth": 6.0, "num_boost_round": 44.0}, "datetime": {"datetime": "2024-01-19 00:11:55", "elapsed": 0.046989, "delta": 0.000195}}
{"target": -18.578865672040646, "params": {"gamma": 221.9931710897395, "log10_alpha": 0.22439383706425886, "log10_colsample_bytree": -0.7932808446605736, "log10_eta": -0.3255563682483138, "log10_lambda": -2.0695328672310254, "log10_min_child_weight": 3.0587193145132288, "log10_subsample": -0.23409214351968444, "max_depth": 6.0, "num_boost_round": 45.0}, "datetime": {"datetime": "2024-01-19 00:11:55", "elapsed": 0.047229, "delta": 0.00024}}
{"target": -18.582433566908588, "params": {"gamma": 221.9931710897395, "log10_alpha": 0.22439383706425886, "log10_colsample_bytree": -0.7932808446605736, "log10_eta": -0.3255563682483138, "log10_lambda": -2.0695328672310254, "log10_min_child_weight": 3.0587193145132288, "log10_subsample": -0.23409214351968444, "max_depth": 6.0, "num_boost_round": 46.0}, "datetime": {"datetime": "2024-01-19 00:11:55", "elapsed": 0.047451, "delta": 0.000222}}
{"target": -18.586334297030003, "params": {"gamma": 221.9931710897395, "log10_alpha": 0.22439383706425886, "log10_colsample_bytree": -0.7932808446605736, "log10_eta": -0.3255563682483138, "log10_lambda": -2.0695328672310254, "log10_min_child_weight": 3.0587193145132288, "log10_subsample": -0.23409214351968444, "max_depth": 6.0, "num_boost_round": 47.0}, "datetime": {"datetime": "2024-01-19 00:11:55", "elapsed": 0.04765, "delta": 0.000199}}
{"target": -18.59713009218422, "params": {"gamma": 221.9931710897395, "log10_alpha": 0.22439383706425886, "log10_colsample_bytree": -0.7932808446605736, "log10_eta": -0.3255563682483138, "log10_lambda": -2.0695328672310254, "log10_min_child_weight": 3.0587193145132288, "log10_subsample": -0.23409214351968444, "max_depth": 6.0, "num_boost_round": 48.0}, "datetime": {"datetime": "2024-01-19 00:11:55", "elapsed": 0.047856, "delta": 0.000206}}
