{"target": -13.758361297919643, "params": {"gamma": 41.5733715177794, "log10_alpha": -4.799741083629996, "log10_colsample_bytree": -0.3330827784900916, "log10_eta": -3.3170647825072725, "log10_lambda": -4.075286366914963, "log10_min_child_weight": 1.2900996023227869, "log10_subsample": -0.9062894859341899, "max_depth": 4.0, "num_boost_round": 15.0}, "datetime": {"datetime": "2024-01-19 00:37:47", "elapsed": 1576.038742, "delta": 0.001736}}
{"target": -13.758347878304537, "params": {"gamma": 41.5733715177794, "log10_alpha": -4.799741083629996, "log10_colsample_bytree": -0.3330827784900916, "log10_eta": -3.3170647825072725, "log10_lambda": -4.075286366914963, "log10_min_child_weight": 1.2900996023227869, "log10_subsample": -0.9062894859341899, "max_depth": 4.0, "num_boost_round": 16.0}, "datetime": {"datetime": "2024-01-19 00:37:47", "elapsed": 1576.0405, "delta": 0.001758}}
{"target": -13.758347881806332, "params": {"gamma": 41.5733715177794, "log10_alpha": -4.799741083629996, "log10_colsample_bytree": -0.3330827784900916, "log10_eta": -3.3170647825072725, "log10_lambda": -4.075286366914963, "log10_min_child_weight": 1.2900996023227869, "log10_subsample": -0.9062894859341899, "max_depth": 4.0, "num_boost_round": 17.0}, "datetime": {"datetime": "2024-01-19 00:37:47", "elapsed": 1576.042258, "delta": 0.001758}}
{"target": -13.758340845920667, "params": {"gamma": 37.74200259250138, "log10_alpha": -0.5464128258511192, "log10_colsample_bytree": -0.26947945918158656, "log10_eta": -2.5557758883326276, "log10_lambda": -2.4609362495422564, "log10_min_child_weight": 2.0541630532904653, "log10_subsample": -0.3627957527711366, "max_depth": 5.0, "num_boost_round": 0.0}, "datetime": {"datetime": "2024-01-19 00:38:10", "elapsed": 1598.202155, "delta": 22.159897}}
{"target": -13.758302938118907, "params": {"gamma": 37.74200259250138, "log10_alpha": -0.5464128258511192, "log10_colsample_bytree": -0.26947945918158656, "log10_eta": -2.5557758883326276, "log10_lambda": -2.4609362495422564, "log10_min_child_weight": 2.0541630532904653, "log10_subsample": -0.3627957527711366, "max_depth": 5.0, "num_boost_round": 1.0}, "datetime": {"datetime": "2024-01-19 00:38:10", "elapsed": 1598.208884, "delta": 0.006729}}
{"target": -13.758234489597573, "params": {"gamma": 37.74200259250138, "log10_alpha": -0.5464128258511192, "log10_colsample_bytree": -0.26947945918158656, "log10_eta": -2.5557758883326276, "log10_lambda": -2.4609362495422564, "log10_min_child_weight": 2.0541630532904653, "log10_subsample": -0.3627957527711366, "max_depth": 5.0, "num_boost_round": 2.0}, "datetime": {"datetime": "2024-01-19 00:38:10", "elapsed": 1598.210788, "delta": 0.001904}}
{"target": -13.758189672055925, "params": {"gamma": 37.74200259250138, "log10_alpha": -0.5464128258511192, "log10_colsample_bytree": -0.26947945918158656, "log10_eta": -2.5557758883326276, "log10_lambda": -2.4609362495422564, "log10_min_child_weight": 2.0541630532904653, "log10_subsample": -0.3627957527711366, "max_depth": 5.0, "num_boost_round": 3.0}, "datetime": {"datetime": "2024-01-19 00:38:10", "elapsed": 1598.212837, "delta": 0.002049}}
{"target": -13.758123007450068, "params": {"gamma": 37.74200259250138, "log10_alpha": -0.5464128258511192, "log10_colsample_bytree": -0.26947945918158656, "log10_eta": -2.5557758883326276, "log10_lambda": -2.4609362495422564, "log10_min_child_weight": 2.0541630532904653, "log10_subsample": -0.3627957527711366, "max_depth": 5.0, "num_boost_round": 4.0}, "datetime": {"datetime": "2024-01-19 00:38:10", "elapsed": 1598.214632, "delta": 0.001795}}
{"target": -13.75811412353146, "params": {"gamma": 37.74200259250138, "log10_alpha": -0.5464128258511192, "log10_colsample_bytree": -0.26947945918158656, "log10_eta": -2.5557758883326276, "log10_lambda": -2.4609362495422564, "log10_min_child_weight": 2.0541630532904653, "log10_subsample": -0.3627957527711366, "max_depth": 5.0, "num_boost_round": 5.0}, "datetime": {"datetime": "2024-01-19 00:38:10", "elapsed": 1598.216462, "delta": 0.00183}}
{"target": -13.758086181671706, "params": {"gamma": 37.74200259250138, "log10_alpha": -0.5464128258511192, "log10_colsample_bytree": -0.26947945918158656, "log10_eta": -2.5557758883326276, "log10_lambda": -2.4609362495422564, "log10_min_child_weight": 2.0541630532904653, "log10_subsample": -0.3627957527711366, "max_depth": 5.0, "num_boost_round": 6.0}, "datetime": {"datetime": "2024-01-19 00:38:10", "elapsed": 1598.218245, "delta": 0.001783}}
{"target": -13.758133214203145, "params": {"gamma": 37.74200259250138, "log10_alpha": -0.5464128258511192, "log10_colsample_bytree": -0.26947945918158656, "log10_eta": -2.5557758883326276, "log10_lambda": -2.4609362495422564, "log10_min_child_weight": 2.0541630532904653, "log10_subsample": -0.3627957527711366, "max_depth": 5.0, "num_boost_round": 7.0}, "datetime": {"datetime": "2024-01-19 00:38:10", "elapsed": 1598.220034, "delta": 0.001789}}
{"target": -13.758049745732112, "params": {"gamma": 37.74200259250138, "log10_alpha": -0.5464128258511192, "log10_colsample_bytree": -0.26947945918158656, "log10_eta": -2.5557758883326276, "log10_lambda": -2.4609362495422564, "log10_min_child_weight": 2.0541630532904653, "log10_subsample": -0.3627957527711366, "max_depth": 5.0, "num_boost_round": 8.0}, "datetime": {"datetime": "2024-01-19 00:38:10", "elapsed": 1598.221819, "delta": 0.001785}}
{"target": -13.757976706586536, "params": {"gamma": 37.74200259250138, "log10_alpha": -0.5464128258511192, "log10_colsample_bytree": -0.26947945918158656, "log10_eta": -2.5557758883326276, "log10_lambda": -2.4609362495422564, "log10_min_child_weight": 2.0541630532904653, "log10_subsample": -0.3627957527711366, "max_depth": 5.0, "num_boost_round": 9.0}, "datetime": {"datetime": "2024-01-19 00:38:10", "elapsed": 1598.223597, "delta": 0.001778}}
{"target": -13.757879970624769, "params": {"gamma": 37.74200259250138, "log10_alpha": -0.5464128258511192, "log10_colsample_bytree": -0.26947945918158656, "log10_eta": -2.5557758883326276, "log10_lambda": -2.4609362495422564, "log10_min_child_weight": 2.0541630532904653, "log10_subsample": -0.3627957527711366, "max_depth": 5.0, "num_boost_round": 10.0}, "datetime": {"datetime": "2024-01-19 00:38:10", "elapsed": 1598.225362, "delta": 0.001765}}
{"target": -13.75783298482682, "params": {"gamma": 37.74200259250138, "log10_alpha": -0.5464128258511192, "log10_colsample_bytree": -0.26947945918158656, "log10_eta": -2.5557758883326276, "log10_lambda": -2.4609362495422564, "log10_min_child_weight": 2.0541630532904653, "log10_subsample": -0.3627957527711366, "max_depth": 5.0, "num_boost_round": 11.0}, "datetime": {"datetime": "2024-01-19 00:38:10", "elapsed": 1598.227139, "delta": 0.001777}}
{"target": -13.757781155001561, "params": {"gamma": 37.74200259250138, "log10_alpha": -0.5464128258511192, "log10_colsample_bytree": -0.26947945918158656, "log10_eta": -2.5557758883326276, "log10_lambda": -2.4609362495422564, "log10_min_child_weight": 2.0541630532904653, "log10_subsample": -0.3627957527711366, "max_depth": 5.0, "num_boost_round": 12.0}, "datetime": {"datetime": "2024-01-19 00:38:10", "elapsed": 1598.229048, "delta": 0.001909}}
{"target": -13.758532000212933, "params": {"gamma": 29.129100060251712, "log10_alpha": 0.27259916155163477, "log10_colsample_bytree": -0.9331494250752352, "log10_eta": -3.898878352788328, "log10_lambda": -3.3471357755198543, "log10_min_child_weight": 1.030640468023143, "log10_subsample": -0.15735919297694956, "max_depth": 6.0, "num_boost_round": 0.0}, "datetime": {"datetime": "2024-01-19 00:38:31", "elapsed": 1620.087507, "delta": 21.858459}}
{"target": -13.758528166941566, "params": {"gamma": 29.129100060251712, "log10_alpha": 0.27259916155163477, "log10_colsample_bytree": -0.9331494250752352, "log10_eta": -3.898878352788328, "log10_lambda": -3.3471357755198543, "log10_min_child_weight": 1.030640468023143, "log10_subsample": -0.15735919297694956, "max_depth": 6.0, "num_boost_round": 1.0}, "datetime": {"datetime": "2024-01-19 00:38:31", "elapsed": 1620.090419, "delta": 0.002912}}
{"target": -13.75852733912272, "params": {"gamma": 29.129100060251712, "log10_alpha": 0.27259916155163477, "log10_colsample_bytree": -0.9331494250752352, "log10_eta": -3.898878352788328, "log10_lambda": -3.3471357755198543, "log10_min_child_weight": 1.030640468023143, "log10_subsample": -0.15735919297694956, "max_depth": 6.0, "num_boost_round": 2.0}, "datetime": {"datetime": "2024-01-19 00:38:31", "elapsed": 1620.092429, "delta": 0.00201}}
{"target": -13.758524936759379, "params": {"gamma": 29.129100060251712, "log10_alpha": 0.27259916155163477, "log10_colsample_bytree": -0.9331494250752352, "log10_eta": -3.898878352788328, "log10_lambda": -3.3471357755198543, "log10_min_child_weight": 1.030640468023143, "log10_subsample": -0.15735919297694956, "max_depth": 6.0, "num_boost_round": 3.0}, "datetime": {"datetime": "2024-01-19 00:38:31", "elapsed": 1620.094498, "delta": 0.002069}}
{"target": -13.758524369163787, "params": {"gamma": 29.129100060251712, "log10_alpha": 0.27259916155163477, "log10_colsample_bytree": -0.9331494250752352, "log10_eta": -3.898878352788328, "log10_lambda": -3.3471357755198543, "log10_min_child_weight": 1.030640468023143, "log10_subsample": -0.15735919297694956, "max_depth": 6.0, "num_boost_round": 4.0}, "datetime": {"datetime": "2024-01-19 00:38:31", "elapsed": 1620.096359, "delta": 0.001861}}
{"target": -13.758522405529272, "params": {"gamma": 29.129100060251712, "log10_alpha": 0.27259916155163477, "log10_colsample_bytree": -0.9331494250752352, "log10_eta": -3.898878352788328, "log10_lambda": -3.3471357755198543, "log10_min_child_weight": 1.030640468023143, "log10_subsample": -0.15735919297694956, "max_depth": 6.0, "num_boost_round": 5.0}, "datetime": {"datetime": "2024-01-19 00:38:31", "elapsed": 1620.098173, "delta": 0.001814}}
{"target": -13.75852513657988, "params": {"gamma": 29.129100060251712, "log10_alpha": 0.27259916155163477, "log10_colsample_bytree": -0.9331494250752352, "log10_eta": -3.898878352788328, "log10_lambda": -3.3471357755198543, "log10_min_child_weight": 1.030640468023143, "log10_subsample": -0.15735919297694956, "max_depth": 6.0, "num_boost_round": 6.0}, "datetime": {"datetime": "2024-01-19 00:38:31", "elapsed": 1620.099952, "delta": 0.001779}}
{"target": -13.758521838430353, "params": {"gamma": 29.129100060251712, "log10_alpha": 0.27259916155163477, "log10_colsample_bytree": -0.9331494250752352, "log10_eta": -3.898878352788328, "log10_lambda": -3.3471357755198543, "log10_min_child_weight": 1.030640468023143, "log10_subsample": -0.15735919297694956, "max_depth": 6.0, "num_boost_round": 7.0}, "datetime": {"datetime": "2024-01-19 00:38:31", "elapsed": 1620.101748, "delta": 0.001796}}
{"target": -13.758519447142225, "params": {"gamma": 29.129100060251712, "log10_alpha": 0.27259916155163477, "log10_colsample_bytree": -0.9331494250752352, "log10_eta": -3.898878352788328, "log10_lambda": -3.3471357755198543, "log10_min_child_weight": 1.030640468023143, "log10_subsample": -0.15735919297694956, "max_depth": 6.0, "num_boost_round": 8.0}, "datetime": {"datetime": "2024-01-19 00:38:31", "elapsed": 1620.103527, "delta": 0.001779}}
{"target": -13.758519512704318, "params": {"gamma": 29.129100060251712, "log10_alpha": 0.27259916155163477, "log10_colsample_bytree": -0.9331494250752352, "log10_eta": -3.898878352788328, "log10_lambda": -3.3471357755198543, "log10_min_child_weight": 1.030640468023143, "log10_subsample": -0.15735919297694956, "max_depth": 6.0, "num_boost_round": 9.0}, "datetime": {"datetime": "2024-01-19 00:38:31", "elapsed": 1620.105292, "delta": 0.001765}}
{"target": -13.75851637066801, "params": {"gamma": 29.129100060251712, "log10_alpha": 0.27259916155163477, "log10_colsample_bytree": -0.9331494250752352, "log10_eta": -3.898878352788328, "log10_lambda": -3.3471357755198543, "log10_min_child_weight": 1.030640468023143, "log10_subsample": -0.15735919297694956, "max_depth": 6.0, "num_boost_round": 10.0}, "datetime": {"datetime": "2024-01-19 00:38:31", "elapsed": 1620.107078, "delta": 0.001786}}
{"target": -13.75853333392784, "params": {"gamma": 31.269407214021072, "log10_alpha": 1.0, "log10_colsample_bytree": -1.0, "log10_eta": -3.483465594978709, "log10_lambda": -4.3838326270739305, "log10_min_child_weight": 3.4979164825431046, "log10_subsample": -0.5404158125479586, "max_depth": 9.0, "num_boost_round": 0.0}, "datetime": {"datetime": "2024-01-19 00:38:53", "elapsed": 1641.54935, "delta": 21.442272}}
{"target": -13.75853251736706, "params": {"gamma": 31.269407214021072, "log10_alpha": 1.0, "log10_colsample_bytree": -1.0, "log10_eta": -3.483465594978709, "log10_lambda": -4.3838326270739305, "log10_min_child_weight": 3.4979164825431046, "log10_subsample": -0.5404158125479586, "max_depth": 9.0, "num_boost_round": 1.0}, "datetime": {"datetime": "2024-01-19 00:38:53", "elapsed": 1641.552082, "delta": 0.002732}}
{"target": -13.758530823268808, "params": {"gamma": 31.269407214021072, "log10_alpha": 1.0, "log10_colsample_bytree": -1.0, "log10_eta": -3.483465594978709, "log10_lambda": -4.3838326270739305, "log10_min_child_weight": 3.4979164825431046, "log10_subsample": -0.5404158125479586, "max_depth": 9.0, "num_boost_round": 2.0}, "datetime": {"datetime": "2024-01-19 00:38:53", "elapsed": 1641.553912, "delta": 0.00183}}
{"target": -13.75853027539572, "params": {"gamma": 31.269407214021072, "log10_alpha": 1.0, "log10_colsample_bytree": -1.0, "log10_eta": -3.483465594978709, "log10_lambda": -4.3838326270739305, "log10_min_child_weight": 3.4979164825431046, "log10_subsample": -0.5404158125479586, "max_depth": 9.0, "num_boost_round": 3.0}, "datetime": {"datetime": "2024-01-19 00:38:53", "elapsed": 1641.555783, "delta": 0.001871}}
{"target": -13.758527562584229, "params": {"gamma": 31.269407214021072, "log10_alpha": 1.0, "log10_colsample_bytree": -1.0, "log10_eta": -3.483465594978709, "log10_lambda": -4.3838326270739305, "log10_min_child_weight": 3.4979164825431046, "log10_subsample": -0.5404158125479586, "max_depth": 9.0, "num_boost_round": 4.0}, "datetime": {"datetime": "2024-01-19 00:38:53", "elapsed": 1641.557637, "delta": 0.001854}}
{"target": -13.758527795752139, "params": {"gamma": 31.269407214021072, "log10_alpha": 1.0, "log10_colsample_bytree": -1.0, "log10_eta": -3.483465594978709, "log10_lambda": -4.3838326270739305, "log10_min_child_weight": 3.4979164825431046, "log10_subsample": -0.5404158125479586, "max_depth": 9.0, "num_boost_round": 5.0}, "datetime": {"datetime": "2024-01-19 00:38:53", "elapsed": 1641.559606, "delta": 0.001969}}
{"target": -13.758530774750609, "params": {"gamma": 31.269407214021072, "log10_alpha": 1.0, "log10_colsample_bytree": -1.0, "log10_eta": -3.483465594978709, "log10_lambda": -4.3838326270739305, "log10_min_child_weight": 3.4979164825431046, "log10_subsample": -0.5404158125479586, "max_depth": 9.0, "num_boost_round": 6.0}, "datetime": {"datetime": "2024-01-19 00:38:53", "elapsed": 1641.561438, "delta": 0.001832}}
{"target": -13.758520821110961, "params": {"gamma": 31.269407214021072, "log10_alpha": 1.0, "log10_colsample_bytree": -1.0, "log10_eta": -3.483465594978709, "log10_lambda": -4.3838326270739305, "log10_min_child_weight": 3.4979164825431046, "log10_subsample": -0.5404158125479586, "max_depth": 9.0, "num_boost_round": 7.0}, "datetime": {"datetime": "2024-01-19 00:38:53", "elapsed": 1641.563253, "delta": 0.001815}}
{"target": -13.758512762578526, "params": {"gamma": 31.269407214021072, "log10_alpha": 1.0, "log10_colsample_bytree": -1.0, "log10_eta": -3.483465594978709, "log10_lambda": -4.3838326270739305, "log10_min_child_weight": 3.4979164825431046, "log10_subsample": -0.5404158125479586, "max_depth": 9.0, "num_boost_round": 8.0}, "datetime": {"datetime": "2024-01-19 00:38:53", "elapsed": 1641.565076, "delta": 0.001823}}
{"target": -13.75851421621876, "params": {"gamma": 31.269407214021072, "log10_alpha": 1.0, "log10_colsample_bytree": -1.0, "log10_eta": -3.483465594978709, "log10_lambda": -4.3838326270739305, "log10_min_child_weight": 3.4979164825431046, "log10_subsample": -0.5404158125479586, "max_depth": 9.0, "num_boost_round": 9.0}, "datetime": {"datetime": "2024-01-19 00:38:53", "elapsed": 1641.566889, "delta": 0.001813}}
{"target": -13.758512060086783, "params": {"gamma": 31.269407214021072, "log10_alpha": 1.0, "log10_colsample_bytree": -1.0, "log10_eta": -3.483465594978709, "log10_lambda": -4.3838326270739305, "log10_min_child_weight": 3.4979164825431046, "log10_subsample": -0.5404158125479586, "max_depth": 9.0, "num_boost_round": 10.0}, "datetime": {"datetime": "2024-01-19 00:38:53", "elapsed": 1641.568816, "delta": 0.001927}}
{"target": -13.758528550545678, "params": {"gamma": 35.49718711830674, "log10_alpha": -3.725358367809452, "log10_colsample_bytree": -0.1979660940046184, "log10_eta": -2.6773000984059947, "log10_lambda": 0.43342804262332635, "log10_min_child_weight": 4.783192580879911, "log10_subsample": -0.7566177436286111, "max_depth": 8.0, "num_boost_round": 0.0}, "datetime": {"datetime": "2024-01-19 00:39:13", "elapsed": 1661.854956, "delta": 20.28614}}
{"target": -13.75852179475818, "params": {"gamma": 35.49718711830674, "log10_alpha": -3.725358367809452, "log10_colsample_bytree": -0.1979660940046184, "log10_eta": -2.6773000984059947, "log10_lambda": 0.43342804262332635, "log10_min_child_weight": 4.783192580879911, "log10_subsample": -0.7566177436286111, "max_depth": 8.0, "num_boost_round": 1.0}, "datetime": {"datetime": "2024-01-19 00:39:13", "elapsed": 1661.857683, "delta": 0.002727}}
{"target": -13.758518878475485, "params": {"gamma": 35.49718711830674, "log10_alpha": -3.725358367809452, "log10_colsample_bytree": -0.1979660940046184, "log10_eta": -2.6773000984059947, "log10_lambda": 0.43342804262332635, "log10_min_child_weight": 4.783192580879911, "log10_subsample": -0.7566177436286111, "max_depth": 8.0, "num_boost_round": 2.0}, "datetime": {"datetime": "2024-01-19 00:39:13", "elapsed": 1661.859521, "delta": 0.001838}}
{"target": -13.758510355684887, "params": {"gamma": 35.49718711830674, "log10_alpha": -3.725358367809452, "log10_colsample_bytree": -0.1979660940046184, "log10_eta": -2.6773000984059947, "log10_lambda": 0.43342804262332635, "log10_min_child_weight": 4.783192580879911, "log10_subsample": -0.7566177436286111, "max_depth": 8.0, "num_boost_round": 3.0}, "datetime": {"datetime": "2024-01-19 00:39:13", "elapsed": 1661.861361, "delta": 0.00184}}
{"target": -13.758504574126531, "params": {"gamma": 35.49718711830674, "log10_alpha": -3.725358367809452, "log10_colsample_bytree": -0.1979660940046184, "log10_eta": -2.6773000984059947, "log10_lambda": 0.43342804262332635, "log10_min_child_weight": 4.783192580879911, "log10_subsample": -0.7566177436286111, "max_depth": 8.0, "num_boost_round": 4.0}, "datetime": {"datetime": "2024-01-19 00:39:13", "elapsed": 1661.863153, "delta": 0.001792}}
{"target": -13.75849630642651, "params": {"gamma": 35.49718711830674, "log10_alpha": -3.725358367809452, "log10_colsample_bytree": -0.1979660940046184, "log10_eta": -2.6773000984059947, "log10_lambda": 0.43342804262332635, "log10_min_child_weight": 4.783192580879911, "log10_subsample": -0.7566177436286111, "max_depth": 8.0, "num_boost_round": 5.0}, "datetime": {"datetime": "2024-01-19 00:39:13", "elapsed": 1661.86495, "delta": 0.001797}}
{"target": -13.758500252721348, "params": {"gamma": 35.49718711830674, "log10_alpha": -3.725358367809452, "log10_colsample_bytree": -0.1979660940046184, "log10_eta": -2.6773000984059947, "log10_lambda": 0.43342804262332635, "log10_min_child_weight": 4.783192580879911, "log10_subsample": -0.7566177436286111, "max_depth": 8.0, "num_boost_round": 6.0}, "datetime": {"datetime": "2024-01-19 00:39:13", "elapsed": 1661.866759, "delta": 0.001809}}
{"target": -13.75849471702521, "params": {"gamma": 35.49718711830674, "log10_alpha": -3.725358367809452, "log10_colsample_bytree": -0.1979660940046184, "log10_eta": -2.6773000984059947, "log10_lambda": 0.43342804262332635, "log10_min_child_weight": 4.783192580879911, "log10_subsample": -0.7566177436286111, "max_depth": 8.0, "num_boost_round": 7.0}, "datetime": {"datetime": "2024-01-19 00:39:13", "elapsed": 1661.868684, "delta": 0.001925}}
{"target": -13.758491038594634, "params": {"gamma": 35.49718711830674, "log10_alpha": -3.725358367809452, "log10_colsample_bytree": -0.1979660940046184, "log10_eta": -2.6773000984059947, "log10_lambda": 0.43342804262332635, "log10_min_child_weight": 4.783192580879911, "log10_subsample": -0.7566177436286111, "max_depth": 8.0, "num_boost_round": 8.0}, "datetime": {"datetime": "2024-01-19 00:39:13", "elapsed": 1661.870502, "delta": 0.001818}}
{"target": -13.758484059069342, "params": {"gamma": 35.49718711830674, "log10_alpha": -3.725358367809452, "log10_colsample_bytree": -0.1979660940046184, "log10_eta": -2.6773000984059947, "log10_lambda": 0.43342804262332635, "log10_min_child_weight": 4.783192580879911, "log10_subsample": -0.7566177436286111, "max_depth": 8.0, "num_boost_round": 9.0}, "datetime": {"datetime": "2024-01-19 00:39:13", "elapsed": 1661.872316, "delta": 0.001814}}
{"target": -13.758477448951394, "params": {"gamma": 35.49718711830674, "log10_alpha": -3.725358367809452, "log10_colsample_bytree": -0.1979660940046184, "log10_eta": -2.6773000984059947, "log10_lambda": 0.43342804262332635, "log10_min_child_weight": 4.783192580879911, "log10_subsample": -0.7566177436286111, "max_depth": 8.0, "num_boost_round": 10.0}, "datetime": {"datetime": "2024-01-19 00:39:13", "elapsed": 1661.874132, "delta": 0.001816}}
{"target": -13.758537109155561, "params": {"gamma": 25.00329716787897, "log10_alpha": 0.4818320494904542, "log10_colsample_bytree": -0.5777244088838274, "log10_eta": -3.6340281642232264, "log10_lambda": -1.7470997887646647, "log10_min_child_weight": 4.95800294946229, "log10_subsample": -0.7468653086132001, "max_depth": 8.0, "num_boost_round": 0.0}, "datetime": {"datetime": "2024-01-19 00:39:37", "elapsed": 1685.828194, "delta": 23.954062}}
