{"target": -17.67722835681974, "params": {"gamma": 643.8461496183528, "log10_alpha": -2.805428928499262, "log10_colsample_bytree": -0.14668502866857303, "log10_eta": -3.623603515529139, "log10_lambda": -0.7149915311216848, "log10_min_child_weight": 4.1424263293090995, "log10_subsample": -0.5584442529244441, "max_depth": 2.0, "num_boost_round": 12.0}, "datetime": {"datetime": "2024-01-19 01:26:21", "elapsed": 4478.475302, "delta": 0.004197}}
{"target": -17.67722739846203, "params": {"gamma": 643.8461496183528, "log10_alpha": -2.805428928499262, "log10_colsample_bytree": -0.14668502866857303, "log10_eta": -3.623603515529139, "log10_lambda": -0.7149915311216848, "log10_min_child_weight": 4.1424263293090995, "log10_subsample": -0.5584442529244441, "max_depth": 2.0, "num_boost_round": 13.0}, "datetime": {"datetime": "2024-01-19 01:26:21", "elapsed": 4478.479514, "delta": 0.004212}}
{"target": -17.677227967709026, "params": {"gamma": 643.8461496183528, "log10_alpha": -2.805428928499262, "log10_colsample_bytree": -0.14668502866857303, "log10_eta": -3.623603515529139, "log10_lambda": -0.7149915311216848, "log10_min_child_weight": 4.1424263293090995, "log10_subsample": -0.5584442529244441, "max_depth": 2.0, "num_boost_round": 14.0}, "datetime": {"datetime": "2024-01-19 01:26:21", "elapsed": 4478.483864, "delta": 0.00435}}
{"target": -17.677230896576297, "params": {"gamma": 643.8461496183528, "log10_alpha": -2.805428928499262, "log10_colsample_bytree": -0.14668502866857303, "log10_eta": -3.623603515529139, "log10_lambda": -0.7149915311216848, "log10_min_child_weight": 4.1424263293090995, "log10_subsample": -0.5584442529244441, "max_depth": 2.0, "num_boost_round": 15.0}, "datetime": {"datetime": "2024-01-19 01:26:21", "elapsed": 4478.488025, "delta": 0.004161}}
{"target": -17.677229488576387, "params": {"gamma": 643.8461496183528, "log10_alpha": -2.805428928499262, "log10_colsample_bytree": -0.14668502866857303, "log10_eta": -3.623603515529139, "log10_lambda": -0.7149915311216848, "log10_min_child_weight": 4.1424263293090995, "log10_subsample": -0.5584442529244441, "max_depth": 2.0, "num_boost_round": 16.0}, "datetime": {"datetime": "2024-01-19 01:26:21", "elapsed": 4478.49235, "delta": 0.004325}}
{"target": -17.6772290719502, "params": {"gamma": 643.8461496183528, "log10_alpha": -2.805428928499262, "log10_colsample_bytree": -0.14668502866857303, "log10_eta": -3.623603515529139, "log10_lambda": -0.7149915311216848, "log10_min_child_weight": 4.1424263293090995, "log10_subsample": -0.5584442529244441, "max_depth": 2.0, "num_boost_round": 17.0}, "datetime": {"datetime": "2024-01-19 01:26:21", "elapsed": 4478.496597, "delta": 0.004247}}
{"target": -17.67722742188051, "params": {"gamma": 643.8461496183528, "log10_alpha": -2.805428928499262, "log10_colsample_bytree": -0.14668502866857303, "log10_eta": -3.623603515529139, "log10_lambda": -0.7149915311216848, "log10_min_child_weight": 4.1424263293090995, "log10_subsample": -0.5584442529244441, "max_depth": 2.0, "num_boost_round": 18.0}, "datetime": {"datetime": "2024-01-19 01:26:21", "elapsed": 4478.500775, "delta": 0.004178}}
{"target": -17.677227864700214, "params": {"gamma": 643.8461496183528, "log10_alpha": -2.805428928499262, "log10_colsample_bytree": -0.14668502866857303, "log10_eta": -3.623603515529139, "log10_lambda": -0.7149915311216848, "log10_min_child_weight": 4.1424263293090995, "log10_subsample": -0.5584442529244441, "max_depth": 2.0, "num_boost_round": 19.0}, "datetime": {"datetime": "2024-01-19 01:26:21", "elapsed": 4478.504916, "delta": 0.004141}}
{"target": -17.677225722274482, "params": {"gamma": 643.8461496183528, "log10_alpha": -2.805428928499262, "log10_colsample_bytree": -0.14668502866857303, "log10_eta": -3.623603515529139, "log10_lambda": -0.7149915311216848, "log10_min_child_weight": 4.1424263293090995, "log10_subsample": -0.5584442529244441, "max_depth": 2.0, "num_boost_round": 20.0}, "datetime": {"datetime": "2024-01-19 01:26:21", "elapsed": 4478.509226, "delta": 0.00431}}
{"target": -17.677229339015415, "params": {"gamma": 643.8461496183528, "log10_alpha": -2.805428928499262, "log10_colsample_bytree": -0.14668502866857303, "log10_eta": -3.623603515529139, "log10_lambda": -0.7149915311216848, "log10_min_child_weight": 4.1424263293090995, "log10_subsample": -0.5584442529244441, "max_depth": 2.0, "num_boost_round": 21.0}, "datetime": {"datetime": "2024-01-19 01:26:21", "elapsed": 4478.513629, "delta": 0.004403}}
{"target": -17.677229394715294, "params": {"gamma": 643.8461496183528, "log10_alpha": -2.805428928499262, "log10_colsample_bytree": -0.14668502866857303, "log10_eta": -3.623603515529139, "log10_lambda": -0.7149915311216848, "log10_min_child_weight": 4.1424263293090995, "log10_subsample": -0.5584442529244441, "max_depth": 2.0, "num_boost_round": 22.0}, "datetime": {"datetime": "2024-01-19 01:26:21", "elapsed": 4478.517936, "delta": 0.004307}}
{"target": -17.67722709729802, "params": {"gamma": 643.8461496183528, "log10_alpha": -2.805428928499262, "log10_colsample_bytree": -0.14668502866857303, "log10_eta": -3.623603515529139, "log10_lambda": -0.7149915311216848, "log10_min_child_weight": 4.1424263293090995, "log10_subsample": -0.5584442529244441, "max_depth": 2.0, "num_boost_round": 23.0}, "datetime": {"datetime": "2024-01-19 01:26:21", "elapsed": 4478.522275, "delta": 0.004339}}
{"target": -17.69564897272697, "params": {"gamma": 649.7099467944973, "log10_alpha": -2.5689768210536177, "log10_colsample_bytree": -0.6301399341264482, "log10_eta": -0.13329657935168937, "log10_lambda": -4.594430125402816, "log10_min_child_weight": 3.7939767496257497, "log10_subsample": -0.4506437202621728, "max_depth": 9.0, "num_boost_round": 0.0}, "datetime": {"datetime": "2024-01-19 01:27:11", "elapsed": 4528.59115, "delta": 50.068875}}
{"target": -17.716452687773256, "params": {"gamma": 649.7099467944973, "log10_alpha": -2.5689768210536177, "log10_colsample_bytree": -0.6301399341264482, "log10_eta": -0.13329657935168937, "log10_lambda": -4.594430125402816, "log10_min_child_weight": 3.7939767496257497, "log10_subsample": -0.4506437202621728, "max_depth": 9.0, "num_boost_round": 1.0}, "datetime": {"datetime": "2024-01-19 01:27:11", "elapsed": 4528.595645, "delta": 0.004495}}
{"target": -17.7538804607901, "params": {"gamma": 649.7099467944973, "log10_alpha": -2.5689768210536177, "log10_colsample_bytree": -0.6301399341264482, "log10_eta": -0.13329657935168937, "log10_lambda": -4.594430125402816, "log10_min_child_weight": 3.7939767496257497, "log10_subsample": -0.4506437202621728, "max_depth": 9.0, "num_boost_round": 2.0}, "datetime": {"datetime": "2024-01-19 01:27:11", "elapsed": 4528.599976, "delta": 0.004331}}
{"target": -17.80297037486178, "params": {"gamma": 649.7099467944973, "log10_alpha": -2.5689768210536177, "log10_colsample_bytree": -0.6301399341264482, "log10_eta": -0.13329657935168937, "log10_lambda": -4.594430125402816, "log10_min_child_weight": 3.7939767496257497, "log10_subsample": -0.4506437202621728, "max_depth": 9.0, "num_boost_round": 3.0}, "datetime": {"datetime": "2024-01-19 01:27:11", "elapsed": 4528.604296, "delta": 0.00432}}
{"target": -17.808523810777018, "params": {"gamma": 649.7099467944973, "log10_alpha": -2.5689768210536177, "log10_colsample_bytree": -0.6301399341264482, "log10_eta": -0.13329657935168937, "log10_lambda": -4.594430125402816, "log10_min_child_weight": 3.7939767496257497, "log10_subsample": -0.4506437202621728, "max_depth": 9.0, "num_boost_round": 4.0}, "datetime": {"datetime": "2024-01-19 01:27:11", "elapsed": 4528.608426, "delta": 0.00413}}
{"target": -17.848186162019296, "params": {"gamma": 649.7099467944973, "log10_alpha": -2.5689768210536177, "log10_colsample_bytree": -0.6301399341264482, "log10_eta": -0.13329657935168937, "log10_lambda": -4.594430125402816, "log10_min_child_weight": 3.7939767496257497, "log10_subsample": -0.4506437202621728, "max_depth": 9.0, "num_boost_round": 5.0}, "datetime": {"datetime": "2024-01-19 01:27:11", "elapsed": 4528.612887, "delta": 0.004461}}
{"target": -17.886140689070842, "params": {"gamma": 649.7099467944973, "log10_alpha": -2.5689768210536177, "log10_colsample_bytree": -0.6301399341264482, "log10_eta": -0.13329657935168937, "log10_lambda": -4.594430125402816, "log10_min_child_weight": 3.7939767496257497, "log10_subsample": -0.4506437202621728, "max_depth": 9.0, "num_boost_round": 6.0}, "datetime": {"datetime": "2024-01-19 01:27:11", "elapsed": 4528.617231, "delta": 0.004344}}
{"target": -17.909608375883817, "params": {"gamma": 649.7099467944973, "log10_alpha": -2.5689768210536177, "log10_colsample_bytree": -0.6301399341264482, "log10_eta": -0.13329657935168937, "log10_lambda": -4.594430125402816, "log10_min_child_weight": 3.7939767496257497, "log10_subsample": -0.4506437202621728, "max_depth": 9.0, "num_boost_round": 7.0}, "datetime": {"datetime": "2024-01-19 01:27:11", "elapsed": 4528.621438, "delta": 0.004207}}
{"target": -17.907772316614647, "params": {"gamma": 649.7099467944973, "log10_alpha": -2.5689768210536177, "log10_colsample_bytree": -0.6301399341264482, "log10_eta": -0.13329657935168937, "log10_lambda": -4.594430125402816, "log10_min_child_weight": 3.7939767496257497, "log10_subsample": -0.4506437202621728, "max_depth": 9.0, "num_boost_round": 8.0}, "datetime": {"datetime": "2024-01-19 01:27:11", "elapsed": 4528.625599, "delta": 0.004161}}
{"target": -17.9195998024492, "params": {"gamma": 649.7099467944973, "log10_alpha": -2.5689768210536177, "log10_colsample_bytree": -0.6301399341264482, "log10_eta": -0.13329657935168937, "log10_lambda": -4.594430125402816, "log10_min_child_weight": 3.7939767496257497, "log10_subsample": -0.4506437202621728, "max_depth": 9.0, "num_boost_round": 9.0}, "datetime": {"datetime": "2024-01-19 01:27:11", "elapsed": 4528.630065, "delta": 0.004466}}
{"target": -17.945900721242115, "params": {"gamma": 649.7099467944973, "log10_alpha": -2.5689768210536177, "log10_colsample_bytree": -0.6301399341264482, "log10_eta": -0.13329657935168937, "log10_lambda": -4.594430125402816, "log10_min_child_weight": 3.7939767496257497, "log10_subsample": -0.4506437202621728, "max_depth": 9.0, "num_boost_round": 10.0}, "datetime": {"datetime": "2024-01-19 01:27:11", "elapsed": 4528.634386, "delta": 0.004321}}
{"target": -17.971701519380073, "params": {"gamma": 649.7099467944973, "log10_alpha": -2.5689768210536177, "log10_colsample_bytree": -0.6301399341264482, "log10_eta": -0.13329657935168937, "log10_lambda": -4.594430125402816, "log10_min_child_weight": 3.7939767496257497, "log10_subsample": -0.4506437202621728, "max_depth": 9.0, "num_boost_round": 11.0}, "datetime": {"datetime": "2024-01-19 01:27:11", "elapsed": 4528.639174, "delta": 0.004788}}
{"target": -17.96616468330676, "params": {"gamma": 649.7099467944973, "log10_alpha": -2.5689768210536177, "log10_colsample_bytree": -0.6301399341264482, "log10_eta": -0.13329657935168937, "log10_lambda": -4.594430125402816, "log10_min_child_weight": 3.7939767496257497, "log10_subsample": -0.4506437202621728, "max_depth": 9.0, "num_boost_round": 12.0}, "datetime": {"datetime": "2024-01-19 01:27:11", "elapsed": 4528.643493, "delta": 0.004319}}
{"target": -17.971835016092726, "params": {"gamma": 649.7099467944973, "log10_alpha": -2.5689768210536177, "log10_colsample_bytree": -0.6301399341264482, "log10_eta": -0.13329657935168937, "log10_lambda": -4.594430125402816, "log10_min_child_weight": 3.7939767496257497, "log10_subsample": -0.4506437202621728, "max_depth": 9.0, "num_boost_round": 13.0}, "datetime": {"datetime": "2024-01-19 01:27:11", "elapsed": 4528.647634, "delta": 0.004141}}
{"target": -17.991440489189973, "params": {"gamma": 649.7099467944973, "log10_alpha": -2.5689768210536177, "log10_colsample_bytree": -0.6301399341264482, "log10_eta": -0.13329657935168937, "log10_lambda": -4.594430125402816, "log10_min_child_weight": 3.7939767496257497, "log10_subsample": -0.4506437202621728, "max_depth": 9.0, "num_boost_round": 14.0}, "datetime": {"datetime": "2024-01-19 01:27:11", "elapsed": 4528.651967, "delta": 0.004333}}
{"target": -18.008308046923162, "params": {"gamma": 649.7099467944973, "log10_alpha": -2.5689768210536177, "log10_colsample_bytree": -0.6301399341264482, "log10_eta": -0.13329657935168937, "log10_lambda": -4.594430125402816, "log10_min_child_weight": 3.7939767496257497, "log10_subsample": -0.4506437202621728, "max_depth": 9.0, "num_boost_round": 15.0}, "datetime": {"datetime": "2024-01-19 01:27:11", "elapsed": 4528.656419, "delta": 0.004452}}
{"target": -17.677232946541253, "params": {"gamma": 637.6532444796959, "log10_alpha": -3.0298354402880525, "log10_colsample_bytree": 0.0, "log10_eta": -3.9232181585138672, "log10_lambda": -5.0, "log10_min_child_weight": 5.0, "log10_subsample": -1.0, "max_depth": 4.0, "num_boost_round": 0.0}, "datetime": {"datetime": "2024-01-19 01:27:48", "elapsed": 4565.815374, "delta": 37.158955}}
{"target": -17.677232982347405, "params": {"gamma": 637.6532444796959, "log10_alpha": -3.0298354402880525, "log10_colsample_bytree": 0.0, "log10_eta": -3.9232181585138672, "log10_lambda": -5.0, "log10_min_child_weight": 5.0, "log10_subsample": -1.0, "max_depth": 4.0, "num_boost_round": 1.0}, "datetime": {"datetime": "2024-01-19 01:27:48", "elapsed": 4565.931537, "delta": 0.116163}}
{"target": -17.67723298833438, "params": {"gamma": 637.6532444796959, "log10_alpha": -3.0298354402880525, "log10_colsample_bytree": 0.0, "log10_eta": -3.9232181585138672, "log10_lambda": -5.0, "log10_min_child_weight": 5.0, "log10_subsample": -1.0, "max_depth": 4.0, "num_boost_round": 2.0}, "datetime": {"datetime": "2024-01-19 01:27:48", "elapsed": 4565.936411, "delta": 0.004874}}
{"target": -17.677233022332747, "params": {"gamma": 637.6532444796959, "log10_alpha": -3.0298354402880525, "log10_colsample_bytree": 0.0, "log10_eta": -3.9232181585138672, "log10_lambda": -5.0, "log10_min_child_weight": 5.0, "log10_subsample": -1.0, "max_depth": 4.0, "num_boost_round": 3.0}, "datetime": {"datetime": "2024-01-19 01:27:48", "elapsed": 4565.940748, "delta": 0.004337}}
{"target": -17.677232990843812, "params": {"gamma": 637.6532444796959, "log10_alpha": -3.0298354402880525, "log10_colsample_bytree": 0.0, "log10_eta": -3.9232181585138672, "log10_lambda": -5.0, "log10_min_child_weight": 5.0, "log10_subsample": -1.0, "max_depth": 4.0, "num_boost_round": 4.0}, "datetime": {"datetime": "2024-01-19 01:27:48", "elapsed": 4565.945067, "delta": 0.004319}}
{"target": -17.677232969459315, "params": {"gamma": 637.6532444796959, "log10_alpha": -3.0298354402880525, "log10_colsample_bytree": 0.0, "log10_eta": -3.9232181585138672, "log10_lambda": -5.0, "log10_min_child_weight": 5.0, "log10_subsample": -1.0, "max_depth": 4.0, "num_boost_round": 5.0}, "datetime": {"datetime": "2024-01-19 01:27:48", "elapsed": 4565.949283, "delta": 0.004216}}
{"target": -17.677232978934445, "params": {"gamma": 637.6532444796959, "log10_alpha": -3.0298354402880525, "log10_colsample_bytree": 0.0, "log10_eta": -3.9232181585138672, "log10_lambda": -5.0, "log10_min_child_weight": 5.0, "log10_subsample": -1.0, "max_depth": 4.0, "num_boost_round": 6.0}, "datetime": {"datetime": "2024-01-19 01:27:48", "elapsed": 4565.953493, "delta": 0.00421}}
{"target": -17.677232928662047, "params": {"gamma": 637.6532444796959, "log10_alpha": -3.0298354402880525, "log10_colsample_bytree": 0.0, "log10_eta": -3.9232181585138672, "log10_lambda": -5.0, "log10_min_child_weight": 5.0, "log10_subsample": -1.0, "max_depth": 4.0, "num_boost_round": 7.0}, "datetime": {"datetime": "2024-01-19 01:27:48", "elapsed": 4565.957703, "delta": 0.00421}}
{"target": -17.677232918973004, "params": {"gamma": 637.6532444796959, "log10_alpha": -3.0298354402880525, "log10_colsample_bytree": 0.0, "log10_eta": -3.9232181585138672, "log10_lambda": -5.0, "log10_min_child_weight": 5.0, "log10_subsample": -1.0, "max_depth": 4.0, "num_boost_round": 8.0}, "datetime": {"datetime": "2024-01-19 01:27:48", "elapsed": 4565.961916, "delta": 0.004213}}
{"target": -17.6772328495896, "params": {"gamma": 637.6532444796959, "log10_alpha": -3.0298354402880525, "log10_colsample_bytree": 0.0, "log10_eta": -3.9232181585138672, "log10_lambda": -5.0, "log10_min_child_weight": 5.0, "log10_subsample": -1.0, "max_depth": 4.0, "num_boost_round": 9.0}, "datetime": {"datetime": "2024-01-19 01:27:48", "elapsed": 4565.966197, "delta": 0.004281}}
{"target": -17.677232908291614, "params": {"gamma": 637.6532444796959, "log10_alpha": -3.0298354402880525, "log10_colsample_bytree": 0.0, "log10_eta": -3.9232181585138672, "log10_lambda": -5.0, "log10_min_child_weight": 5.0, "log10_subsample": -1.0, "max_depth": 4.0, "num_boost_round": 10.0}, "datetime": {"datetime": "2024-01-19 01:27:48", "elapsed": 4565.970543, "delta": 0.004346}}
{"target": -17.67723294351361, "params": {"gamma": 637.6532444796959, "log10_alpha": -3.0298354402880525, "log10_colsample_bytree": 0.0, "log10_eta": -3.9232181585138672, "log10_lambda": -5.0, "log10_min_child_weight": 5.0, "log10_subsample": -1.0, "max_depth": 4.0, "num_boost_round": 11.0}, "datetime": {"datetime": "2024-01-19 01:27:48", "elapsed": 4565.974925, "delta": 0.004382}}
{"target": -17.677232910213277, "params": {"gamma": 637.6532444796959, "log10_alpha": -3.0298354402880525, "log10_colsample_bytree": 0.0, "log10_eta": -3.9232181585138672, "log10_lambda": -5.0, "log10_min_child_weight": 5.0, "log10_subsample": -1.0, "max_depth": 4.0, "num_boost_round": 12.0}, "datetime": {"datetime": "2024-01-19 01:27:48", "elapsed": 4565.979278, "delta": 0.004353}}
{"target": -17.677232964204766, "params": {"gamma": 637.6532444796959, "log10_alpha": -3.0298354402880525, "log10_colsample_bytree": 0.0, "log10_eta": -3.9232181585138672, "log10_lambda": -5.0, "log10_min_child_weight": 5.0, "log10_subsample": -1.0, "max_depth": 4.0, "num_boost_round": 13.0}, "datetime": {"datetime": "2024-01-19 01:27:48", "elapsed": 4565.983558, "delta": 0.00428}}
{"target": -17.677232970257595, "params": {"gamma": 637.6532444796959, "log10_alpha": -3.0298354402880525, "log10_colsample_bytree": 0.0, "log10_eta": -3.9232181585138672, "log10_lambda": -5.0, "log10_min_child_weight": 5.0, "log10_subsample": -1.0, "max_depth": 4.0, "num_boost_round": 14.0}, "datetime": {"datetime": "2024-01-19 01:27:48", "elapsed": 4565.987879, "delta": 0.004321}}
{"target": -17.677232988427992, "params": {"gamma": 637.6532444796959, "log10_alpha": -3.0298354402880525, "log10_colsample_bytree": 0.0, "log10_eta": -3.9232181585138672, "log10_lambda": -5.0, "log10_min_child_weight": 5.0, "log10_subsample": -1.0, "max_depth": 4.0, "num_boost_round": 15.0}, "datetime": {"datetime": "2024-01-19 01:27:48", "elapsed": 4565.992139, "delta": 0.00426}}
{"target": -17.67723296766425, "params": {"gamma": 637.6532444796959, "log10_alpha": -3.0298354402880525, "log10_colsample_bytree": 0.0, "log10_eta": -3.9232181585138672, "log10_lambda": -5.0, "log10_min_child_weight": 5.0, "log10_subsample": -1.0, "max_depth": 4.0, "num_boost_round": 16.0}, "datetime": {"datetime": "2024-01-19 01:27:48", "elapsed": 4565.99639, "delta": 0.004251}}
{"target": -17.677233004089125, "params": {"gamma": 637.6532444796959, "log10_alpha": -3.0298354402880525, "log10_colsample_bytree": 0.0, "log10_eta": -3.9232181585138672, "log10_lambda": -5.0, "log10_min_child_weight": 5.0, "log10_subsample": -1.0, "max_depth": 4.0, "num_boost_round": 17.0}, "datetime": {"datetime": "2024-01-19 01:27:48", "elapsed": 4566.000677, "delta": 0.004287}}
{"target": -17.677233043872562, "params": {"gamma": 637.6532444796959, "log10_alpha": -3.0298354402880525, "log10_colsample_bytree": 0.0, "log10_eta": -3.9232181585138672, "log10_lambda": -5.0, "log10_min_child_weight": 5.0, "log10_subsample": -1.0, "max_depth": 4.0, "num_boost_round": 18.0}, "datetime": {"datetime": "2024-01-19 01:27:48", "elapsed": 4566.004963, "delta": 0.004286}}
{"target": -17.677233029443595, "params": {"gamma": 637.6532444796959, "log10_alpha": -3.0298354402880525, "log10_colsample_bytree": 0.0, "log10_eta": -3.9232181585138672, "log10_lambda": -5.0, "log10_min_child_weight": 5.0, "log10_subsample": -1.0, "max_depth": 4.0, "num_boost_round": 19.0}, "datetime": {"datetime": "2024-01-19 01:27:48", "elapsed": 4566.009227, "delta": 0.004264}}
{"target": -17.67723784001676, "params": {"gamma": 663.7728465714654, "log10_alpha": -3.7549621259260526, "log10_colsample_bytree": -0.23311733941079538, "log10_eta": -2.9536463838408027, "log10_lambda": -1.3886976357857437, "log10_min_child_weight": 4.645044534419914, "log10_subsample": -0.11549226822612824, "max_depth": 8.0, "num_boost_round": 0.0}, "datetime": {"datetime": "2024-01-19 01:28:58", "elapsed": 4636.122602, "delta": 70.113375}}
{"target": -17.677242420711163, "params": {"gamma": 663.7728465714654, "log10_alpha": -3.7549621259260526, "log10_colsample_bytree": -0.23311733941079538, "log10_eta": -2.9536463838408027, "log10_lambda": -1.3886976357857437, "log10_min_child_weight": 4.645044534419914, "log10_subsample": -0.11549226822612824, "max_depth": 8.0, "num_boost_round": 1.0}, "datetime": {"datetime": "2024-01-19 01:28:58", "elapsed": 4636.127248, "delta": 0.004646}}
{"target": -17.677273146076523, "params": {"gamma": 663.7728465714654, "log10_alpha": -3.7549621259260526, "log10_colsample_bytree": -0.23311733941079538, "log10_eta": -2.9536463838408027, "log10_lambda": -1.3886976357857437, "log10_min_child_weight": 4.645044534419914, "log10_subsample": -0.11549226822612824, "max_depth": 8.0, "num_boost_round": 2.0}, "datetime": {"datetime": "2024-01-19 01:28:58", "elapsed": 4636.131641, "delta": 0.004393}}
{"target": -17.67725588018626, "params": {"gamma": 663.7728465714654, "log10_alpha": -3.7549621259260526, "log10_colsample_bytree": -0.23311733941079538, "log10_eta": -2.9536463838408027, "log10_lambda": -1.3886976357857437, "log10_min_child_weight": 4.645044534419914, "log10_subsample": -0.11549226822612824, "max_depth": 8.0, "num_boost_round": 3.0}, "datetime": {"datetime": "2024-01-19 01:28:58", "elapsed": 4636.136198, "delta": 0.004557}}
