{"target": -17.674219568781982, "params": {"gamma": 89.39282485484313, "log10_alpha": 0.7268439348344664, "log10_colsample_bytree": -0.1825804799849139, "log10_eta": -2.1370101211295904, "log10_lambda": 0.628711983169417, "log10_min_child_weight": 3.7441329261811673, "log10_subsample": -0.07574613807614416, "max_depth": 2.0, "num_boost_round": 42.0}, "datetime": {"datetime": "2024-01-19 01:37:14", "elapsed": 5142.154438, "delta": 0.005657}}
{"target": -17.674192606401714, "params": {"gamma": 89.39282485484313, "log10_alpha": 0.7268439348344664, "log10_colsample_bytree": -0.1825804799849139, "log10_eta": -2.1370101211295904, "log10_lambda": 0.628711983169417, "log10_min_child_weight": 3.7441329261811673, "log10_subsample": -0.07574613807614416, "max_depth": 2.0, "num_boost_round": 43.0}, "datetime": {"datetime": "2024-01-19 01:37:14", "elapsed": 5142.160212, "delta": 0.005774}}
{"target": -17.674157862024458, "params": {"gamma": 89.39282485484313, "log10_alpha": 0.7268439348344664, "log10_colsample_bytree": -0.1825804799849139, "log10_eta": -2.1370101211295904, "log10_lambda": 0.628711983169417, "log10_min_child_weight": 3.7441329261811673, "log10_subsample": -0.07574613807614416, "max_depth": 2.0, "num_boost_round": 44.0}, "datetime": {"datetime": "2024-01-19 01:37:14", "elapsed": 5142.166889, "delta": 0.006677}}
{"target": -17.674234243136244, "params": {"gamma": 89.39282485484313, "log10_alpha": 0.7268439348344664, "log10_colsample_bytree": -0.1825804799849139, "log10_eta": -2.1370101211295904, "log10_lambda": 0.628711983169417, "log10_min_child_weight": 3.7441329261811673, "log10_subsample": -0.07574613807614416, "max_depth": 2.0, "num_boost_round": 45.0}, "datetime": {"datetime": "2024-01-19 01:37:14", "elapsed": 5142.173406, "delta": 0.006517}}
{"target": -17.674253850881655, "params": {"gamma": 89.39282485484313, "log10_alpha": 0.7268439348344664, "log10_colsample_bytree": -0.1825804799849139, "log10_eta": -2.1370101211295904, "log10_lambda": 0.628711983169417, "log10_min_child_weight": 3.7441329261811673, "log10_subsample": -0.07574613807614416, "max_depth": 2.0, "num_boost_round": 46.0}, "datetime": {"datetime": "2024-01-19 01:37:14", "elapsed": 5142.179371, "delta": 0.005965}}
{"target": -17.674253660804073, "params": {"gamma": 89.39282485484313, "log10_alpha": 0.7268439348344664, "log10_colsample_bytree": -0.1825804799849139, "log10_eta": -2.1370101211295904, "log10_lambda": 0.628711983169417, "log10_min_child_weight": 3.7441329261811673, "log10_subsample": -0.07574613807614416, "max_depth": 2.0, "num_boost_round": 47.0}, "datetime": {"datetime": "2024-01-19 01:37:14", "elapsed": 5142.18503, "delta": 0.005659}}
{"target": -17.674273475377976, "params": {"gamma": 89.39282485484313, "log10_alpha": 0.7268439348344664, "log10_colsample_bytree": -0.1825804799849139, "log10_eta": -2.1370101211295904, "log10_lambda": 0.628711983169417, "log10_min_child_weight": 3.7441329261811673, "log10_subsample": -0.07574613807614416, "max_depth": 2.0, "num_boost_round": 48.0}, "datetime": {"datetime": "2024-01-19 01:37:14", "elapsed": 5142.190696, "delta": 0.005666}}
{"target": -17.67437868492914, "params": {"gamma": 89.39282485484313, "log10_alpha": 0.7268439348344664, "log10_colsample_bytree": -0.1825804799849139, "log10_eta": -2.1370101211295904, "log10_lambda": 0.628711983169417, "log10_min_child_weight": 3.7441329261811673, "log10_subsample": -0.07574613807614416, "max_depth": 2.0, "num_boost_round": 49.0}, "datetime": {"datetime": "2024-01-19 01:37:14", "elapsed": 5142.196546, "delta": 0.00585}}
{"target": -17.67445743762271, "params": {"gamma": 89.39282485484313, "log10_alpha": 0.7268439348344664, "log10_colsample_bytree": -0.1825804799849139, "log10_eta": -2.1370101211295904, "log10_lambda": 0.628711983169417, "log10_min_child_weight": 3.7441329261811673, "log10_subsample": -0.07574613807614416, "max_depth": 2.0, "num_boost_round": 50.0}, "datetime": {"datetime": "2024-01-19 01:37:14", "elapsed": 5142.20233, "delta": 0.005784}}
{"target": -17.674555676718043, "params": {"gamma": 89.39282485484313, "log10_alpha": 0.7268439348344664, "log10_colsample_bytree": -0.1825804799849139, "log10_eta": -2.1370101211295904, "log10_lambda": 0.628711983169417, "log10_min_child_weight": 3.7441329261811673, "log10_subsample": -0.07574613807614416, "max_depth": 2.0, "num_boost_round": 51.0}, "datetime": {"datetime": "2024-01-19 01:37:14", "elapsed": 5142.208192, "delta": 0.005862}}
{"target": -17.674648473247572, "params": {"gamma": 89.39282485484313, "log10_alpha": 0.7268439348344664, "log10_colsample_bytree": -0.1825804799849139, "log10_eta": -2.1370101211295904, "log10_lambda": 0.628711983169417, "log10_min_child_weight": 3.7441329261811673, "log10_subsample": -0.07574613807614416, "max_depth": 2.0, "num_boost_round": 52.0}, "datetime": {"datetime": "2024-01-19 01:37:14", "elapsed": 5142.214161, "delta": 0.005969}}
{"target": -17.674743335825042, "params": {"gamma": 89.39282485484313, "log10_alpha": 0.7268439348344664, "log10_colsample_bytree": -0.1825804799849139, "log10_eta": -2.1370101211295904, "log10_lambda": 0.628711983169417, "log10_min_child_weight": 3.7441329261811673, "log10_subsample": -0.07574613807614416, "max_depth": 2.0, "num_boost_round": 53.0}, "datetime": {"datetime": "2024-01-19 01:37:14", "elapsed": 5142.219804, "delta": 0.005643}}
{"target": -17.67470280455308, "params": {"gamma": 89.39282485484313, "log10_alpha": 0.7268439348344664, "log10_colsample_bytree": -0.1825804799849139, "log10_eta": -2.1370101211295904, "log10_lambda": 0.628711983169417, "log10_min_child_weight": 3.7441329261811673, "log10_subsample": -0.07574613807614416, "max_depth": 2.0, "num_boost_round": 54.0}, "datetime": {"datetime": "2024-01-19 01:37:14", "elapsed": 5142.22571, "delta": 0.005906}}
{"target": -17.674665320292707, "params": {"gamma": 89.39282485484313, "log10_alpha": 0.7268439348344664, "log10_colsample_bytree": -0.1825804799849139, "log10_eta": -2.1370101211295904, "log10_lambda": 0.628711983169417, "log10_min_child_weight": 3.7441329261811673, "log10_subsample": -0.07574613807614416, "max_depth": 2.0, "num_boost_round": 55.0}, "datetime": {"datetime": "2024-01-19 01:37:14", "elapsed": 5142.231509, "delta": 0.005799}}
{"target": -17.674686214336802, "params": {"gamma": 89.39282485484313, "log10_alpha": 0.7268439348344664, "log10_colsample_bytree": -0.1825804799849139, "log10_eta": -2.1370101211295904, "log10_lambda": 0.628711983169417, "log10_min_child_weight": 3.7441329261811673, "log10_subsample": -0.07574613807614416, "max_depth": 2.0, "num_boost_round": 56.0}, "datetime": {"datetime": "2024-01-19 01:37:14", "elapsed": 5142.237525, "delta": 0.006016}}
{"target": -17.674709724048455, "params": {"gamma": 89.39282485484313, "log10_alpha": 0.7268439348344664, "log10_colsample_bytree": -0.1825804799849139, "log10_eta": -2.1370101211295904, "log10_lambda": 0.628711983169417, "log10_min_child_weight": 3.7441329261811673, "log10_subsample": -0.07574613807614416, "max_depth": 2.0, "num_boost_round": 57.0}, "datetime": {"datetime": "2024-01-19 01:37:15", "elapsed": 5142.361259, "delta": 0.123734}}
{"target": -17.674699829610063, "params": {"gamma": 89.39282485484313, "log10_alpha": 0.7268439348344664, "log10_colsample_bytree": -0.1825804799849139, "log10_eta": -2.1370101211295904, "log10_lambda": 0.628711983169417, "log10_min_child_weight": 3.7441329261811673, "log10_subsample": -0.07574613807614416, "max_depth": 2.0, "num_boost_round": 58.0}, "datetime": {"datetime": "2024-01-19 01:37:15", "elapsed": 5142.368375, "delta": 0.007116}}
{"target": -17.67460247085171, "params": {"gamma": 89.39282485484313, "log10_alpha": 0.7268439348344664, "log10_colsample_bytree": -0.1825804799849139, "log10_eta": -2.1370101211295904, "log10_lambda": 0.628711983169417, "log10_min_child_weight": 3.7441329261811673, "log10_subsample": -0.07574613807614416, "max_depth": 2.0, "num_boost_round": 59.0}, "datetime": {"datetime": "2024-01-19 01:37:15", "elapsed": 5142.375381, "delta": 0.007006}}
{"target": -17.674631092813062, "params": {"gamma": 89.39282485484313, "log10_alpha": 0.7268439348344664, "log10_colsample_bytree": -0.1825804799849139, "log10_eta": -2.1370101211295904, "log10_lambda": 0.628711983169417, "log10_min_child_weight": 3.7441329261811673, "log10_subsample": -0.07574613807614416, "max_depth": 2.0, "num_boost_round": 60.0}, "datetime": {"datetime": "2024-01-19 01:37:15", "elapsed": 5142.381588, "delta": 0.006207}}
{"target": -17.674752536058108, "params": {"gamma": 89.39282485484313, "log10_alpha": 0.7268439348344664, "log10_colsample_bytree": -0.1825804799849139, "log10_eta": -2.1370101211295904, "log10_lambda": 0.628711983169417, "log10_min_child_weight": 3.7441329261811673, "log10_subsample": -0.07574613807614416, "max_depth": 2.0, "num_boost_round": 61.0}, "datetime": {"datetime": "2024-01-19 01:37:15", "elapsed": 5142.387619, "delta": 0.006031}}
{"target": -17.67487036592901, "params": {"gamma": 89.39282485484313, "log10_alpha": 0.7268439348344664, "log10_colsample_bytree": -0.1825804799849139, "log10_eta": -2.1370101211295904, "log10_lambda": 0.628711983169417, "log10_min_child_weight": 3.7441329261811673, "log10_subsample": -0.07574613807614416, "max_depth": 2.0, "num_boost_round": 62.0}, "datetime": {"datetime": "2024-01-19 01:37:15", "elapsed": 5142.393571, "delta": 0.005952}}
{"target": -17.67723152389189, "params": {"gamma": 740.4470696741038, "log10_alpha": -1.5122078316491772, "log10_colsample_bytree": 0.0, "log10_eta": -4.0, "log10_lambda": 1.0, "log10_min_child_weight": 5.0, "log10_subsample": 0.0, "max_depth": 10.0, "num_boost_round": 0.0}, "datetime": {"datetime": "2024-01-19 01:39:04", "elapsed": 5251.583314, "delta": 109.189743}}
{"target": -17.677230081164478, "params": {"gamma": 740.4470696741038, "log10_alpha": -1.5122078316491772, "log10_colsample_bytree": 0.0, "log10_eta": -4.0, "log10_lambda": 1.0, "log10_min_child_weight": 5.0, "log10_subsample": 0.0, "max_depth": 10.0, "num_boost_round": 1.0}, "datetime": {"datetime": "2024-01-19 01:39:04", "elapsed": 5251.590412, "delta": 0.007098}}
{"target": -17.67722864275004, "params": {"gamma": 740.4470696741038, "log10_alpha": -1.5122078316491772, "log10_colsample_bytree": 0.0, "log10_eta": -4.0, "log10_lambda": 1.0, "log10_min_child_weight": 5.0, "log10_subsample": 0.0, "max_depth": 10.0, "num_boost_round": 2.0}, "datetime": {"datetime": "2024-01-19 01:39:04", "elapsed": 5251.596243, "delta": 0.005831}}
{"target": -17.67722721847585, "params": {"gamma": 740.4470696741038, "log10_alpha": -1.5122078316491772, "log10_colsample_bytree": 0.0, "log10_eta": -4.0, "log10_lambda": 1.0, "log10_min_child_weight": 5.0, "log10_subsample": 0.0, "max_depth": 10.0, "num_boost_round": 3.0}, "datetime": {"datetime": "2024-01-19 01:39:04", "elapsed": 5251.602148, "delta": 0.005905}}
{"target": -17.677225766941785, "params": {"gamma": 740.4470696741038, "log10_alpha": -1.5122078316491772, "log10_colsample_bytree": 0.0, "log10_eta": -4.0, "log10_lambda": 1.0, "log10_min_child_weight": 5.0, "log10_subsample": 0.0, "max_depth": 10.0, "num_boost_round": 4.0}, "datetime": {"datetime": "2024-01-19 01:39:04", "elapsed": 5251.608777, "delta": 0.006629}}
{"target": -17.67722433332164, "params": {"gamma": 740.4470696741038, "log10_alpha": -1.5122078316491772, "log10_colsample_bytree": 0.0, "log10_eta": -4.0, "log10_lambda": 1.0, "log10_min_child_weight": 5.0, "log10_subsample": 0.0, "max_depth": 10.0, "num_boost_round": 5.0}, "datetime": {"datetime": "2024-01-19 01:39:04", "elapsed": 5251.614738, "delta": 0.005961}}
{"target": -17.67722290272746, "params": {"gamma": 740.4470696741038, "log10_alpha": -1.5122078316491772, "log10_colsample_bytree": 0.0, "log10_eta": -4.0, "log10_lambda": 1.0, "log10_min_child_weight": 5.0, "log10_subsample": 0.0, "max_depth": 10.0, "num_boost_round": 6.0}, "datetime": {"datetime": "2024-01-19 01:39:04", "elapsed": 5251.620682, "delta": 0.005944}}
{"target": -17.67722146309853, "params": {"gamma": 740.4470696741038, "log10_alpha": -1.5122078316491772, "log10_colsample_bytree": 0.0, "log10_eta": -4.0, "log10_lambda": 1.0, "log10_min_child_weight": 5.0, "log10_subsample": 0.0, "max_depth": 10.0, "num_boost_round": 7.0}, "datetime": {"datetime": "2024-01-19 01:39:04", "elapsed": 5251.626471, "delta": 0.005789}}
{"target": -17.677220022957506, "params": {"gamma": 740.4470696741038, "log10_alpha": -1.5122078316491772, "log10_colsample_bytree": 0.0, "log10_eta": -4.0, "log10_lambda": 1.0, "log10_min_child_weight": 5.0, "log10_subsample": 0.0, "max_depth": 10.0, "num_boost_round": 8.0}, "datetime": {"datetime": "2024-01-19 01:39:04", "elapsed": 5251.632478, "delta": 0.006007}}
{"target": -17.67721858618941, "params": {"gamma": 740.4470696741038, "log10_alpha": -1.5122078316491772, "log10_colsample_bytree": 0.0, "log10_eta": -4.0, "log10_lambda": 1.0, "log10_min_child_weight": 5.0, "log10_subsample": 0.0, "max_depth": 10.0, "num_boost_round": 9.0}, "datetime": {"datetime": "2024-01-19 01:39:04", "elapsed": 5251.638558, "delta": 0.00608}}
{"target": -17.67721717037939, "params": {"gamma": 740.4470696741038, "log10_alpha": -1.5122078316491772, "log10_colsample_bytree": 0.0, "log10_eta": -4.0, "log10_lambda": 1.0, "log10_min_child_weight": 5.0, "log10_subsample": 0.0, "max_depth": 10.0, "num_boost_round": 10.0}, "datetime": {"datetime": "2024-01-19 01:39:04", "elapsed": 5251.64421, "delta": 0.005652}}
{"target": -17.677215729617195, "params": {"gamma": 740.4470696741038, "log10_alpha": -1.5122078316491772, "log10_colsample_bytree": 0.0, "log10_eta": -4.0, "log10_lambda": 1.0, "log10_min_child_weight": 5.0, "log10_subsample": 0.0, "max_depth": 10.0, "num_boost_round": 11.0}, "datetime": {"datetime": "2024-01-19 01:39:04", "elapsed": 5251.649967, "delta": 0.005757}}
{"target": -17.677214299561662, "params": {"gamma": 740.4470696741038, "log10_alpha": -1.5122078316491772, "log10_colsample_bytree": 0.0, "log10_eta": -4.0, "log10_lambda": 1.0, "log10_min_child_weight": 5.0, "log10_subsample": 0.0, "max_depth": 10.0, "num_boost_round": 12.0}, "datetime": {"datetime": "2024-01-19 01:39:04", "elapsed": 5251.655658, "delta": 0.005691}}
{"target": -17.67721287035611, "params": {"gamma": 740.4470696741038, "log10_alpha": -1.5122078316491772, "log10_colsample_bytree": 0.0, "log10_eta": -4.0, "log10_lambda": 1.0, "log10_min_child_weight": 5.0, "log10_subsample": 0.0, "max_depth": 10.0, "num_boost_round": 13.0}, "datetime": {"datetime": "2024-01-19 01:39:04", "elapsed": 5251.661403, "delta": 0.005745}}
{"target": -17.677211439064504, "params": {"gamma": 740.4470696741038, "log10_alpha": -1.5122078316491772, "log10_colsample_bytree": 0.0, "log10_eta": -4.0, "log10_lambda": 1.0, "log10_min_child_weight": 5.0, "log10_subsample": 0.0, "max_depth": 10.0, "num_boost_round": 14.0}, "datetime": {"datetime": "2024-01-19 01:39:04", "elapsed": 5251.667187, "delta": 0.005784}}
{"target": -17.67721000240378, "params": {"gamma": 740.4470696741038, "log10_alpha": -1.5122078316491772, "log10_colsample_bytree": 0.0, "log10_eta": -4.0, "log10_lambda": 1.0, "log10_min_child_weight": 5.0, "log10_subsample": 0.0, "max_depth": 10.0, "num_boost_round": 15.0}, "datetime": {"datetime": "2024-01-19 01:39:04", "elapsed": 5251.673184, "delta": 0.005997}}
{"target": -17.677208589907586, "params": {"gamma": 740.4470696741038, "log10_alpha": -1.5122078316491772, "log10_colsample_bytree": 0.0, "log10_eta": -4.0, "log10_lambda": 1.0, "log10_min_child_weight": 5.0, "log10_subsample": 0.0, "max_depth": 10.0, "num_boost_round": 16.0}, "datetime": {"datetime": "2024-01-19 01:39:04", "elapsed": 5251.679079, "delta": 0.005895}}
{"target": -17.677207148057565, "params": {"gamma": 740.4470696741038, "log10_alpha": -1.5122078316491772, "log10_colsample_bytree": 0.0, "log10_eta": -4.0, "log10_lambda": 1.0, "log10_min_child_weight": 5.0, "log10_subsample": 0.0, "max_depth": 10.0, "num_boost_round": 17.0}, "datetime": {"datetime": "2024-01-19 01:39:04", "elapsed": 5251.684796, "delta": 0.005717}}
{"target": -17.677205729476462, "params": {"gamma": 740.4470696741038, "log10_alpha": -1.5122078316491772, "log10_colsample_bytree": 0.0, "log10_eta": -4.0, "log10_lambda": 1.0, "log10_min_child_weight": 5.0, "log10_subsample": 0.0, "max_depth": 10.0, "num_boost_round": 18.0}, "datetime": {"datetime": "2024-01-19 01:39:04", "elapsed": 5251.690783, "delta": 0.005987}}
{"target": -17.677204298724458, "params": {"gamma": 740.4470696741038, "log10_alpha": -1.5122078316491772, "log10_colsample_bytree": 0.0, "log10_eta": -4.0, "log10_lambda": 1.0, "log10_min_child_weight": 5.0, "log10_subsample": 0.0, "max_depth": 10.0, "num_boost_round": 19.0}, "datetime": {"datetime": "2024-01-19 01:39:04", "elapsed": 5251.696455, "delta": 0.005672}}
{"target": -17.677202867332927, "params": {"gamma": 740.4470696741038, "log10_alpha": -1.5122078316491772, "log10_colsample_bytree": 0.0, "log10_eta": -4.0, "log10_lambda": 1.0, "log10_min_child_weight": 5.0, "log10_subsample": 0.0, "max_depth": 10.0, "num_boost_round": 20.0}, "datetime": {"datetime": "2024-01-19 01:39:04", "elapsed": 5251.702199, "delta": 0.005744}}
{"target": -17.677201459928916, "params": {"gamma": 740.4470696741038, "log10_alpha": -1.5122078316491772, "log10_colsample_bytree": 0.0, "log10_eta": -4.0, "log10_lambda": 1.0, "log10_min_child_weight": 5.0, "log10_subsample": 0.0, "max_depth": 10.0, "num_boost_round": 21.0}, "datetime": {"datetime": "2024-01-19 01:39:04", "elapsed": 5251.708173, "delta": 0.005974}}
{"target": -17.67720002095458, "params": {"gamma": 740.4470696741038, "log10_alpha": -1.5122078316491772, "log10_colsample_bytree": 0.0, "log10_eta": -4.0, "log10_lambda": 1.0, "log10_min_child_weight": 5.0, "log10_subsample": 0.0, "max_depth": 10.0, "num_boost_round": 22.0}, "datetime": {"datetime": "2024-01-19 01:39:04", "elapsed": 5251.714341, "delta": 0.006168}}
{"target": -17.677198599555783, "params": {"gamma": 740.4470696741038, "log10_alpha": -1.5122078316491772, "log10_colsample_bytree": 0.0, "log10_eta": -4.0, "log10_lambda": 1.0, "log10_min_child_weight": 5.0, "log10_subsample": 0.0, "max_depth": 10.0, "num_boost_round": 23.0}, "datetime": {"datetime": "2024-01-19 01:39:04", "elapsed": 5251.720298, "delta": 0.005957}}
{"target": -17.677197168978374, "params": {"gamma": 740.4470696741038, "log10_alpha": -1.5122078316491772, "log10_colsample_bytree": 0.0, "log10_eta": -4.0, "log10_lambda": 1.0, "log10_min_child_weight": 5.0, "log10_subsample": 0.0, "max_depth": 10.0, "num_boost_round": 24.0}, "datetime": {"datetime": "2024-01-19 01:39:04", "elapsed": 5251.726046, "delta": 0.005748}}
{"target": -17.677195759963922, "params": {"gamma": 740.4470696741038, "log10_alpha": -1.5122078316491772, "log10_colsample_bytree": 0.0, "log10_eta": -4.0, "log10_lambda": 1.0, "log10_min_child_weight": 5.0, "log10_subsample": 0.0, "max_depth": 10.0, "num_boost_round": 25.0}, "datetime": {"datetime": "2024-01-19 01:39:04", "elapsed": 5251.732104, "delta": 0.006058}}
{"target": -17.677194321082688, "params": {"gamma": 740.4470696741038, "log10_alpha": -1.5122078316491772, "log10_colsample_bytree": 0.0, "log10_eta": -4.0, "log10_lambda": 1.0, "log10_min_child_weight": 5.0, "log10_subsample": 0.0, "max_depth": 10.0, "num_boost_round": 26.0}, "datetime": {"datetime": "2024-01-19 01:39:04", "elapsed": 5251.738063, "delta": 0.005959}}
{"target": -17.67719291906443, "params": {"gamma": 740.4470696741038, "log10_alpha": -1.5122078316491772, "log10_colsample_bytree": 0.0, "log10_eta": -4.0, "log10_lambda": 1.0, "log10_min_child_weight": 5.0, "log10_subsample": 0.0, "max_depth": 10.0, "num_boost_round": 27.0}, "datetime": {"datetime": "2024-01-19 01:39:04", "elapsed": 5251.743887, "delta": 0.005824}}
{"target": -17.67719148193738, "params": {"gamma": 740.4470696741038, "log10_alpha": -1.5122078316491772, "log10_colsample_bytree": 0.0, "log10_eta": -4.0, "log10_lambda": 1.0, "log10_min_child_weight": 5.0, "log10_subsample": 0.0, "max_depth": 10.0, "num_boost_round": 28.0}, "datetime": {"datetime": "2024-01-19 01:39:04", "elapsed": 5251.749592, "delta": 0.005705}}
{"target": -17.67719009242265, "params": {"gamma": 740.4470696741038, "log10_alpha": -1.5122078316491772, "log10_colsample_bytree": 0.0, "log10_eta": -4.0, "log10_lambda": 1.0, "log10_min_child_weight": 5.0, "log10_subsample": 0.0, "max_depth": 10.0, "num_boost_round": 29.0}, "datetime": {"datetime": "2024-01-19 01:39:04", "elapsed": 5251.755317, "delta": 0.005725}}
{"target": -17.677188649300614, "params": {"gamma": 740.4470696741038, "log10_alpha": -1.5122078316491772, "log10_colsample_bytree": 0.0, "log10_eta": -4.0, "log10_lambda": 1.0, "log10_min_child_weight": 5.0, "log10_subsample": 0.0, "max_depth": 10.0, "num_boost_round": 30.0}, "datetime": {"datetime": "2024-01-19 01:39:04", "elapsed": 5251.761173, "delta": 0.005856}}
{"target": -17.677187230757053, "params": {"gamma": 740.4470696741038, "log10_alpha": -1.5122078316491772, "log10_colsample_bytree": 0.0, "log10_eta": -4.0, "log10_lambda": 1.0, "log10_min_child_weight": 5.0, "log10_subsample": 0.0, "max_depth": 10.0, "num_boost_round": 31.0}, "datetime": {"datetime": "2024-01-19 01:39:04", "elapsed": 5251.766881, "delta": 0.005708}}
{"target": -17.67718581264441, "params": {"gamma": 740.4470696741038, "log10_alpha": -1.5122078316491772, "log10_colsample_bytree": 0.0, "log10_eta": -4.0, "log10_lambda": 1.0, "log10_min_child_weight": 5.0, "log10_subsample": 0.0, "max_depth": 10.0, "num_boost_round": 32.0}, "datetime": {"datetime": "2024-01-19 01:39:04", "elapsed": 5251.77283, "delta": 0.005949}}
{"target": -17.677184394181538, "params": {"gamma": 740.4470696741038, "log10_alpha": -1.5122078316491772, "log10_colsample_bytree": 0.0, "log10_eta": -4.0, "log10_lambda": 1.0, "log10_min_child_weight": 5.0, "log10_subsample": 0.0, "max_depth": 10.0, "num_boost_round": 33.0}, "datetime": {"datetime": "2024-01-19 01:39:04", "elapsed": 5251.778943, "delta": 0.006113}}
