{"target": -17.67720791048901, "params": {"gamma": 740.2253082395977, "log10_alpha": -5.0, "log10_colsample_bytree": -0.5584087537964397, "log10_eta": -4.0, "log10_lambda": -4.696010295923216, "log10_min_child_weight": 5.0, "log10_subsample": 0.0, "max_depth": 6.0, "num_boost_round": 30.0}, "datetime": {"datetime": "2024-01-19 00:59:20", "elapsed": 2867.991345, "delta": 0.123405}}
{"target": -17.677207392967258, "params": {"gamma": 740.2253082395977, "log10_alpha": -5.0, "log10_colsample_bytree": -0.5584087537964397, "log10_eta": -4.0, "log10_lambda": -4.696010295923216, "log10_min_child_weight": 5.0, "log10_subsample": 0.0, "max_depth": 6.0, "num_boost_round": 31.0}, "datetime": {"datetime": "2024-01-19 00:59:20", "elapsed": 2867.995802, "delta": 0.004457}}
{"target": -17.677206323215707, "params": {"gamma": 740.2253082395977, "log10_alpha": -5.0, "log10_colsample_bytree": -0.5584087537964397, "log10_eta": -4.0, "log10_lambda": -4.696010295923216, "log10_min_child_weight": 5.0, "log10_subsample": 0.0, "max_depth": 6.0, "num_boost_round": 32.0}, "datetime": {"datetime": "2024-01-19 00:59:20", "elapsed": 2868.000246, "delta": 0.004444}}
{"target": -17.6772048251438, "params": {"gamma": 740.2253082395977, "log10_alpha": -5.0, "log10_colsample_bytree": -0.5584087537964397, "log10_eta": -4.0, "log10_lambda": -4.696010295923216, "log10_min_child_weight": 5.0, "log10_subsample": 0.0, "max_depth": 6.0, "num_boost_round": 33.0}, "datetime": {"datetime": "2024-01-19 00:59:20", "elapsed": 2868.004292, "delta": 0.004046}}
{"target": -17.67720418191975, "params": {"gamma": 740.2253082395977, "log10_alpha": -5.0, "log10_colsample_bytree": -0.5584087537964397, "log10_eta": -4.0, "log10_lambda": -4.696010295923216, "log10_min_child_weight": 5.0, "log10_subsample": 0.0, "max_depth": 6.0, "num_boost_round": 34.0}, "datetime": {"datetime": "2024-01-19 00:59:20", "elapsed": 2868.008317, "delta": 0.004025}}
{"target": -17.677202995845082, "params": {"gamma": 740.2253082395977, "log10_alpha": -5.0, "log10_colsample_bytree": -0.5584087537964397, "log10_eta": -4.0, "log10_lambda": -4.696010295923216, "log10_min_child_weight": 5.0, "log10_subsample": 0.0, "max_depth": 6.0, "num_boost_round": 35.0}, "datetime": {"datetime": "2024-01-19 00:59:20", "elapsed": 2868.012235, "delta": 0.003918}}
{"target": -17.677203652822513, "params": {"gamma": 740.2253082395977, "log10_alpha": -5.0, "log10_colsample_bytree": -0.5584087537964397, "log10_eta": -4.0, "log10_lambda": -4.696010295923216, "log10_min_child_weight": 5.0, "log10_subsample": 0.0, "max_depth": 6.0, "num_boost_round": 36.0}, "datetime": {"datetime": "2024-01-19 00:59:20", "elapsed": 2868.016238, "delta": 0.004003}}
{"target": -17.67720330158206, "params": {"gamma": 740.2253082395977, "log10_alpha": -5.0, "log10_colsample_bytree": -0.5584087537964397, "log10_eta": -4.0, "log10_lambda": -4.696010295923216, "log10_min_child_weight": 5.0, "log10_subsample": 0.0, "max_depth": 6.0, "num_boost_round": 37.0}, "datetime": {"datetime": "2024-01-19 00:59:20", "elapsed": 2868.020177, "delta": 0.003939}}
{"target": -17.677201840240674, "params": {"gamma": 740.2253082395977, "log10_alpha": -5.0, "log10_colsample_bytree": -0.5584087537964397, "log10_eta": -4.0, "log10_lambda": -4.696010295923216, "log10_min_child_weight": 5.0, "log10_subsample": 0.0, "max_depth": 6.0, "num_boost_round": 38.0}, "datetime": {"datetime": "2024-01-19 00:59:20", "elapsed": 2868.024125, "delta": 0.003948}}
{"target": -17.67720057968359, "params": {"gamma": 740.2253082395977, "log10_alpha": -5.0, "log10_colsample_bytree": -0.5584087537964397, "log10_eta": -4.0, "log10_lambda": -4.696010295923216, "log10_min_child_weight": 5.0, "log10_subsample": 0.0, "max_depth": 6.0, "num_boost_round": 39.0}, "datetime": {"datetime": "2024-01-19 00:59:20", "elapsed": 2868.028026, "delta": 0.003901}}
{"target": -17.67720017751618, "params": {"gamma": 740.2253082395977, "log10_alpha": -5.0, "log10_colsample_bytree": -0.5584087537964397, "log10_eta": -4.0, "log10_lambda": -4.696010295923216, "log10_min_child_weight": 5.0, "log10_subsample": 0.0, "max_depth": 6.0, "num_boost_round": 40.0}, "datetime": {"datetime": "2024-01-19 00:59:20", "elapsed": 2868.031925, "delta": 0.003899}}
{"target": -17.677200189185108, "params": {"gamma": 740.2253082395977, "log10_alpha": -5.0, "log10_colsample_bytree": -0.5584087537964397, "log10_eta": -4.0, "log10_lambda": -4.696010295923216, "log10_min_child_weight": 5.0, "log10_subsample": 0.0, "max_depth": 6.0, "num_boost_round": 41.0}, "datetime": {"datetime": "2024-01-19 00:59:20", "elapsed": 2868.035828, "delta": 0.003903}}
{"target": -17.67719909884368, "params": {"gamma": 740.2253082395977, "log10_alpha": -5.0, "log10_colsample_bytree": -0.5584087537964397, "log10_eta": -4.0, "log10_lambda": -4.696010295923216, "log10_min_child_weight": 5.0, "log10_subsample": 0.0, "max_depth": 6.0, "num_boost_round": 42.0}, "datetime": {"datetime": "2024-01-19 00:59:20", "elapsed": 2868.03987, "delta": 0.004042}}
{"target": -17.677198278676027, "params": {"gamma": 740.2253082395977, "log10_alpha": -5.0, "log10_colsample_bytree": -0.5584087537964397, "log10_eta": -4.0, "log10_lambda": -4.696010295923216, "log10_min_child_weight": 5.0, "log10_subsample": 0.0, "max_depth": 6.0, "num_boost_round": 43.0}, "datetime": {"datetime": "2024-01-19 00:59:20", "elapsed": 2868.04374, "delta": 0.00387}}
{"target": -17.677196990040738, "params": {"gamma": 740.2253082395977, "log10_alpha": -5.0, "log10_colsample_bytree": -0.5584087537964397, "log10_eta": -4.0, "log10_lambda": -4.696010295923216, "log10_min_child_weight": 5.0, "log10_subsample": 0.0, "max_depth": 6.0, "num_boost_round": 44.0}, "datetime": {"datetime": "2024-01-19 00:59:20", "elapsed": 2868.047632, "delta": 0.003892}}
{"target": -17.677196295267706, "params": {"gamma": 740.2253082395977, "log10_alpha": -5.0, "log10_colsample_bytree": -0.5584087537964397, "log10_eta": -4.0, "log10_lambda": -4.696010295923216, "log10_min_child_weight": 5.0, "log10_subsample": 0.0, "max_depth": 6.0, "num_boost_round": 45.0}, "datetime": {"datetime": "2024-01-19 00:59:20", "elapsed": 2868.051456, "delta": 0.003824}}
{"target": -17.677231437760355, "params": {"gamma": 723.2164465043302, "log10_alpha": -4.778299562742601, "log10_colsample_bytree": -0.12888157279021073, "log10_eta": -3.5369181399496252, "log10_lambda": -2.9165558437822057, "log10_min_child_weight": 4.025980254900034, "log10_subsample": -0.4418410490198367, "max_depth": 6.0, "num_boost_round": 0.0}, "datetime": {"datetime": "2024-01-19 01:00:22", "elapsed": 2929.799923, "delta": 61.748467}}
{"target": -17.677241156697857, "params": {"gamma": 723.2164465043302, "log10_alpha": -4.778299562742601, "log10_colsample_bytree": -0.12888157279021073, "log10_eta": -3.5369181399496252, "log10_lambda": -2.9165558437822057, "log10_min_child_weight": 4.025980254900034, "log10_subsample": -0.4418410490198367, "max_depth": 6.0, "num_boost_round": 1.0}, "datetime": {"datetime": "2024-01-19 01:00:22", "elapsed": 2929.804207, "delta": 0.004284}}
{"target": -17.67724666593123, "params": {"gamma": 723.2164465043302, "log10_alpha": -4.778299562742601, "log10_colsample_bytree": -0.12888157279021073, "log10_eta": -3.5369181399496252, "log10_lambda": -2.9165558437822057, "log10_min_child_weight": 4.025980254900034, "log10_subsample": -0.4418410490198367, "max_depth": 6.0, "num_boost_round": 2.0}, "datetime": {"datetime": "2024-01-19 01:00:22", "elapsed": 2929.808654, "delta": 0.004447}}
{"target": -17.677242680990556, "params": {"gamma": 723.2164465043302, "log10_alpha": -4.778299562742601, "log10_colsample_bytree": -0.12888157279021073, "log10_eta": -3.5369181399496252, "log10_lambda": -2.9165558437822057, "log10_min_child_weight": 4.025980254900034, "log10_subsample": -0.4418410490198367, "max_depth": 6.0, "num_boost_round": 3.0}, "datetime": {"datetime": "2024-01-19 01:00:22", "elapsed": 2929.812398, "delta": 0.003744}}
{"target": -17.677244268464182, "params": {"gamma": 723.2164465043302, "log10_alpha": -4.778299562742601, "log10_colsample_bytree": -0.12888157279021073, "log10_eta": -3.5369181399496252, "log10_lambda": -2.9165558437822057, "log10_min_child_weight": 4.025980254900034, "log10_subsample": -0.4418410490198367, "max_depth": 6.0, "num_boost_round": 4.0}, "datetime": {"datetime": "2024-01-19 01:00:22", "elapsed": 2929.816176, "delta": 0.003778}}
{"target": -17.677243525683018, "params": {"gamma": 723.2164465043302, "log10_alpha": -4.778299562742601, "log10_colsample_bytree": -0.12888157279021073, "log10_eta": -3.5369181399496252, "log10_lambda": -2.9165558437822057, "log10_min_child_weight": 4.025980254900034, "log10_subsample": -0.4418410490198367, "max_depth": 6.0, "num_boost_round": 5.0}, "datetime": {"datetime": "2024-01-19 01:00:22", "elapsed": 2929.820027, "delta": 0.003851}}
{"target": -17.67724308985492, "params": {"gamma": 723.2164465043302, "log10_alpha": -4.778299562742601, "log10_colsample_bytree": -0.12888157279021073, "log10_eta": -3.5369181399496252, "log10_lambda": -2.9165558437822057, "log10_min_child_weight": 4.025980254900034, "log10_subsample": -0.4418410490198367, "max_depth": 6.0, "num_boost_round": 6.0}, "datetime": {"datetime": "2024-01-19 01:00:22", "elapsed": 2929.82376, "delta": 0.003733}}
{"target": -17.677239977315928, "params": {"gamma": 723.2164465043302, "log10_alpha": -4.778299562742601, "log10_colsample_bytree": -0.12888157279021073, "log10_eta": -3.5369181399496252, "log10_lambda": -2.9165558437822057, "log10_min_child_weight": 4.025980254900034, "log10_subsample": -0.4418410490198367, "max_depth": 6.0, "num_boost_round": 7.0}, "datetime": {"datetime": "2024-01-19 01:00:22", "elapsed": 2929.827508, "delta": 0.003748}}
{"target": -17.677234361586507, "params": {"gamma": 723.2164465043302, "log10_alpha": -4.778299562742601, "log10_colsample_bytree": -0.12888157279021073, "log10_eta": -3.5369181399496252, "log10_lambda": -2.9165558437822057, "log10_min_child_weight": 4.025980254900034, "log10_subsample": -0.4418410490198367, "max_depth": 6.0, "num_boost_round": 8.0}, "datetime": {"datetime": "2024-01-19 01:00:22", "elapsed": 2929.831528, "delta": 0.00402}}
{"target": -17.677233200007986, "params": {"gamma": 723.2164465043302, "log10_alpha": -4.778299562742601, "log10_colsample_bytree": -0.12888157279021073, "log10_eta": -3.5369181399496252, "log10_lambda": -2.9165558437822057, "log10_min_child_weight": 4.025980254900034, "log10_subsample": -0.4418410490198367, "max_depth": 6.0, "num_boost_round": 9.0}, "datetime": {"datetime": "2024-01-19 01:00:22", "elapsed": 2929.835826, "delta": 0.004298}}
{"target": -17.677240562289832, "params": {"gamma": 723.2164465043302, "log10_alpha": -4.778299562742601, "log10_colsample_bytree": -0.12888157279021073, "log10_eta": -3.5369181399496252, "log10_lambda": -2.9165558437822057, "log10_min_child_weight": 4.025980254900034, "log10_subsample": -0.4418410490198367, "max_depth": 6.0, "num_boost_round": 10.0}, "datetime": {"datetime": "2024-01-19 01:00:22", "elapsed": 2929.839963, "delta": 0.004137}}
{"target": -17.677231447198338, "params": {"gamma": 723.2164465043302, "log10_alpha": -4.778299562742601, "log10_colsample_bytree": -0.12888157279021073, "log10_eta": -3.5369181399496252, "log10_lambda": -2.9165558437822057, "log10_min_child_weight": 4.025980254900034, "log10_subsample": -0.4418410490198367, "max_depth": 6.0, "num_boost_round": 11.0}, "datetime": {"datetime": "2024-01-19 01:00:22", "elapsed": 2929.843689, "delta": 0.003726}}
{"target": -17.67722763734816, "params": {"gamma": 723.2164465043302, "log10_alpha": -4.778299562742601, "log10_colsample_bytree": -0.12888157279021073, "log10_eta": -3.5369181399496252, "log10_lambda": -2.9165558437822057, "log10_min_child_weight": 4.025980254900034, "log10_subsample": -0.4418410490198367, "max_depth": 6.0, "num_boost_round": 12.0}, "datetime": {"datetime": "2024-01-19 01:00:22", "elapsed": 2929.84742, "delta": 0.003731}}
{"target": -17.677221405166154, "params": {"gamma": 723.2164465043302, "log10_alpha": -4.778299562742601, "log10_colsample_bytree": -0.12888157279021073, "log10_eta": -3.5369181399496252, "log10_lambda": -2.9165558437822057, "log10_min_child_weight": 4.025980254900034, "log10_subsample": -0.4418410490198367, "max_depth": 6.0, "num_boost_round": 13.0}, "datetime": {"datetime": "2024-01-19 01:00:22", "elapsed": 2929.851258, "delta": 0.003838}}
{"target": -17.677224605867973, "params": {"gamma": 723.2164465043302, "log10_alpha": -4.778299562742601, "log10_colsample_bytree": -0.12888157279021073, "log10_eta": -3.5369181399496252, "log10_lambda": -2.9165558437822057, "log10_min_child_weight": 4.025980254900034, "log10_subsample": -0.4418410490198367, "max_depth": 6.0, "num_boost_round": 14.0}, "datetime": {"datetime": "2024-01-19 01:00:22", "elapsed": 2929.854985, "delta": 0.003727}}
{"target": -17.677221320301367, "params": {"gamma": 723.2164465043302, "log10_alpha": -4.778299562742601, "log10_colsample_bytree": -0.12888157279021073, "log10_eta": -3.5369181399496252, "log10_lambda": -2.9165558437822057, "log10_min_child_weight": 4.025980254900034, "log10_subsample": -0.4418410490198367, "max_depth": 6.0, "num_boost_round": 15.0}, "datetime": {"datetime": "2024-01-19 01:00:22", "elapsed": 2929.85872, "delta": 0.003735}}
{"target": -17.677221433402625, "params": {"gamma": 723.2164465043302, "log10_alpha": -4.778299562742601, "log10_colsample_bytree": -0.12888157279021073, "log10_eta": -3.5369181399496252, "log10_lambda": -2.9165558437822057, "log10_min_child_weight": 4.025980254900034, "log10_subsample": -0.4418410490198367, "max_depth": 6.0, "num_boost_round": 16.0}, "datetime": {"datetime": "2024-01-19 01:00:22", "elapsed": 2929.86247, "delta": 0.00375}}
{"target": -17.677221116369633, "params": {"gamma": 723.2164465043302, "log10_alpha": -4.778299562742601, "log10_colsample_bytree": -0.12888157279021073, "log10_eta": -3.5369181399496252, "log10_lambda": -2.9165558437822057, "log10_min_child_weight": 4.025980254900034, "log10_subsample": -0.4418410490198367, "max_depth": 6.0, "num_boost_round": 17.0}, "datetime": {"datetime": "2024-01-19 01:00:22", "elapsed": 2929.866259, "delta": 0.003789}}
{"target": -17.677218363875962, "params": {"gamma": 723.2164465043302, "log10_alpha": -4.778299562742601, "log10_colsample_bytree": -0.12888157279021073, "log10_eta": -3.5369181399496252, "log10_lambda": -2.9165558437822057, "log10_min_child_weight": 4.025980254900034, "log10_subsample": -0.4418410490198367, "max_depth": 6.0, "num_boost_round": 18.0}, "datetime": {"datetime": "2024-01-19 01:00:22", "elapsed": 2929.870091, "delta": 0.003832}}
{"target": -17.677217875778073, "params": {"gamma": 723.2164465043302, "log10_alpha": -4.778299562742601, "log10_colsample_bytree": -0.12888157279021073, "log10_eta": -3.5369181399496252, "log10_lambda": -2.9165558437822057, "log10_min_child_weight": 4.025980254900034, "log10_subsample": -0.4418410490198367, "max_depth": 6.0, "num_boost_round": 19.0}, "datetime": {"datetime": "2024-01-19 01:00:22", "elapsed": 2929.873811, "delta": 0.00372}}
{"target": -17.677223986558467, "params": {"gamma": 723.2164465043302, "log10_alpha": -4.778299562742601, "log10_colsample_bytree": -0.12888157279021073, "log10_eta": -3.5369181399496252, "log10_lambda": -2.9165558437822057, "log10_min_child_weight": 4.025980254900034, "log10_subsample": -0.4418410490198367, "max_depth": 6.0, "num_boost_round": 20.0}, "datetime": {"datetime": "2024-01-19 01:00:22", "elapsed": 2929.877735, "delta": 0.003924}}
{"target": -17.677234305383394, "params": {"gamma": 723.2164465043302, "log10_alpha": -4.778299562742601, "log10_colsample_bytree": -0.12888157279021073, "log10_eta": -3.5369181399496252, "log10_lambda": -2.9165558437822057, "log10_min_child_weight": 4.025980254900034, "log10_subsample": -0.4418410490198367, "max_depth": 6.0, "num_boost_round": 21.0}, "datetime": {"datetime": "2024-01-19 01:00:22", "elapsed": 2929.881584, "delta": 0.003849}}
{"target": -17.677227306068033, "params": {"gamma": 723.2164465043302, "log10_alpha": -4.778299562742601, "log10_colsample_bytree": -0.12888157279021073, "log10_eta": -3.5369181399496252, "log10_lambda": -2.9165558437822057, "log10_min_child_weight": 4.025980254900034, "log10_subsample": -0.4418410490198367, "max_depth": 6.0, "num_boost_round": 22.0}, "datetime": {"datetime": "2024-01-19 01:00:22", "elapsed": 2929.885434, "delta": 0.00385}}
{"target": -17.67722068382377, "params": {"gamma": 723.2164465043302, "log10_alpha": -4.778299562742601, "log10_colsample_bytree": -0.12888157279021073, "log10_eta": -3.5369181399496252, "log10_lambda": -2.9165558437822057, "log10_min_child_weight": 4.025980254900034, "log10_subsample": -0.4418410490198367, "max_depth": 6.0, "num_boost_round": 23.0}, "datetime": {"datetime": "2024-01-19 01:00:22", "elapsed": 2929.889357, "delta": 0.003923}}
{"target": -17.67721710672702, "params": {"gamma": 723.2164465043302, "log10_alpha": -4.778299562742601, "log10_colsample_bytree": -0.12888157279021073, "log10_eta": -3.5369181399496252, "log10_lambda": -2.9165558437822057, "log10_min_child_weight": 4.025980254900034, "log10_subsample": -0.4418410490198367, "max_depth": 6.0, "num_boost_round": 24.0}, "datetime": {"datetime": "2024-01-19 01:00:22", "elapsed": 2929.893185, "delta": 0.003828}}
{"target": -17.67722052853273, "params": {"gamma": 723.2164465043302, "log10_alpha": -4.778299562742601, "log10_colsample_bytree": -0.12888157279021073, "log10_eta": -3.5369181399496252, "log10_lambda": -2.9165558437822057, "log10_min_child_weight": 4.025980254900034, "log10_subsample": -0.4418410490198367, "max_depth": 6.0, "num_boost_round": 25.0}, "datetime": {"datetime": "2024-01-19 01:00:22", "elapsed": 2929.897002, "delta": 0.003817}}
{"target": -17.677219501762565, "params": {"gamma": 723.2164465043302, "log10_alpha": -4.778299562742601, "log10_colsample_bytree": -0.12888157279021073, "log10_eta": -3.5369181399496252, "log10_lambda": -2.9165558437822057, "log10_min_child_weight": 4.025980254900034, "log10_subsample": -0.4418410490198367, "max_depth": 6.0, "num_boost_round": 26.0}, "datetime": {"datetime": "2024-01-19 01:00:22", "elapsed": 2929.900745, "delta": 0.003743}}
{"target": -17.677222548070276, "params": {"gamma": 723.2164465043302, "log10_alpha": -4.778299562742601, "log10_colsample_bytree": -0.12888157279021073, "log10_eta": -3.5369181399496252, "log10_lambda": -2.9165558437822057, "log10_min_child_weight": 4.025980254900034, "log10_subsample": -0.4418410490198367, "max_depth": 6.0, "num_boost_round": 27.0}, "datetime": {"datetime": "2024-01-19 01:00:22", "elapsed": 2929.904502, "delta": 0.003757}}
{"target": -17.67722443722958, "params": {"gamma": 723.2164465043302, "log10_alpha": -4.778299562742601, "log10_colsample_bytree": -0.12888157279021073, "log10_eta": -3.5369181399496252, "log10_lambda": -2.9165558437822057, "log10_min_child_weight": 4.025980254900034, "log10_subsample": -0.4418410490198367, "max_depth": 6.0, "num_boost_round": 28.0}, "datetime": {"datetime": "2024-01-19 01:00:22", "elapsed": 2929.908374, "delta": 0.003872}}
{"target": -17.677220233066826, "params": {"gamma": 723.2164465043302, "log10_alpha": -4.778299562742601, "log10_colsample_bytree": -0.12888157279021073, "log10_eta": -3.5369181399496252, "log10_lambda": -2.9165558437822057, "log10_min_child_weight": 4.025980254900034, "log10_subsample": -0.4418410490198367, "max_depth": 6.0, "num_boost_round": 29.0}, "datetime": {"datetime": "2024-01-19 01:00:22", "elapsed": 2929.912158, "delta": 0.003784}}
{"target": -17.677219743249047, "params": {"gamma": 723.2164465043302, "log10_alpha": -4.778299562742601, "log10_colsample_bytree": -0.12888157279021073, "log10_eta": -3.5369181399496252, "log10_lambda": -2.9165558437822057, "log10_min_child_weight": 4.025980254900034, "log10_subsample": -0.4418410490198367, "max_depth": 6.0, "num_boost_round": 30.0}, "datetime": {"datetime": "2024-01-19 01:00:22", "elapsed": 2929.915867, "delta": 0.003709}}
{"target": -17.67722149881024, "params": {"gamma": 723.2164465043302, "log10_alpha": -4.778299562742601, "log10_colsample_bytree": -0.12888157279021073, "log10_eta": -3.5369181399496252, "log10_lambda": -2.9165558437822057, "log10_min_child_weight": 4.025980254900034, "log10_subsample": -0.4418410490198367, "max_depth": 6.0, "num_boost_round": 31.0}, "datetime": {"datetime": "2024-01-19 01:00:22", "elapsed": 2929.919654, "delta": 0.003787}}
{"target": -17.677223843414552, "params": {"gamma": 723.2164465043302, "log10_alpha": -4.778299562742601, "log10_colsample_bytree": -0.12888157279021073, "log10_eta": -3.5369181399496252, "log10_lambda": -2.9165558437822057, "log10_min_child_weight": 4.025980254900034, "log10_subsample": -0.4418410490198367, "max_depth": 6.0, "num_boost_round": 32.0}, "datetime": {"datetime": "2024-01-19 01:00:22", "elapsed": 2929.923432, "delta": 0.003778}}
{"target": -17.677190858387227, "params": {"gamma": 725.495792979373, "log10_alpha": -4.364640709035676, "log10_colsample_bytree": -0.4122814169026848, "log10_eta": -2.5415404151310215, "log10_lambda": -4.681843266076892, "log10_min_child_weight": 4.709241835359623, "log10_subsample": -0.3411879347403435, "max_depth": 9.0, "num_boost_round": 0.0}, "datetime": {"datetime": "2024-01-19 01:01:32", "elapsed": 2999.58948, "delta": 69.666048}}
{"target": -17.677161278405094, "params": {"gamma": 725.495792979373, "log10_alpha": -4.364640709035676, "log10_colsample_bytree": -0.4122814169026848, "log10_eta": -2.5415404151310215, "log10_lambda": -4.681843266076892, "log10_min_child_weight": 4.709241835359623, "log10_subsample": -0.3411879347403435, "max_depth": 9.0, "num_boost_round": 1.0}, "datetime": {"datetime": "2024-01-19 01:01:32", "elapsed": 2999.593494, "delta": 0.004014}}
