{"target": -17.677214026218238, "params": {"gamma": 966.0320830423427, "log10_alpha": -0.8727643432301173, "log10_colsample_bytree": -0.4662839174222523, "log10_eta": -3.762553961857019, "log10_lambda": 0.21190042031685863, "log10_min_child_weight": 4.674236022000157, "log10_subsample": -0.4138135075281103, "max_depth": 9.0, "num_boost_round": 15.0}, "datetime": {"datetime": "2024-01-19 01:03:35", "elapsed": 3109.304291, "delta": 0.003341}}
{"target": -17.677213714803898, "params": {"gamma": 966.0320830423427, "log10_alpha": -0.8727643432301173, "log10_colsample_bytree": -0.4662839174222523, "log10_eta": -3.762553961857019, "log10_lambda": 0.21190042031685863, "log10_min_child_weight": 4.674236022000157, "log10_subsample": -0.4138135075281103, "max_depth": 9.0, "num_boost_round": 16.0}, "datetime": {"datetime": "2024-01-19 01:03:35", "elapsed": 3109.307627, "delta": 0.003336}}
{"target": -17.677212031457426, "params": {"gamma": 966.0320830423427, "log10_alpha": -0.8727643432301173, "log10_colsample_bytree": -0.4662839174222523, "log10_eta": -3.762553961857019, "log10_lambda": 0.21190042031685863, "log10_min_child_weight": 4.674236022000157, "log10_subsample": -0.4138135075281103, "max_depth": 9.0, "num_boost_round": 17.0}, "datetime": {"datetime": "2024-01-19 01:03:35", "elapsed": 3109.311055, "delta": 0.003428}}
{"target": -17.677210471829518, "params": {"gamma": 966.0320830423427, "log10_alpha": -0.8727643432301173, "log10_colsample_bytree": -0.4662839174222523, "log10_eta": -3.762553961857019, "log10_lambda": 0.21190042031685863, "log10_min_child_weight": 4.674236022000157, "log10_subsample": -0.4138135075281103, "max_depth": 9.0, "num_boost_round": 18.0}, "datetime": {"datetime": "2024-01-19 01:03:35", "elapsed": 3109.314641, "delta": 0.003586}}
{"target": -17.677209004035863, "params": {"gamma": 966.0320830423427, "log10_alpha": -0.8727643432301173, "log10_colsample_bytree": -0.4662839174222523, "log10_eta": -3.762553961857019, "log10_lambda": 0.21190042031685863, "log10_min_child_weight": 4.674236022000157, "log10_subsample": -0.4138135075281103, "max_depth": 9.0, "num_boost_round": 19.0}, "datetime": {"datetime": "2024-01-19 01:03:35", "elapsed": 3109.318031, "delta": 0.00339}}
{"target": -17.677206300363174, "params": {"gamma": 966.0320830423427, "log10_alpha": -0.8727643432301173, "log10_colsample_bytree": -0.4662839174222523, "log10_eta": -3.762553961857019, "log10_lambda": 0.21190042031685863, "log10_min_child_weight": 4.674236022000157, "log10_subsample": -0.4138135075281103, "max_depth": 9.0, "num_boost_round": 20.0}, "datetime": {"datetime": "2024-01-19 01:03:35", "elapsed": 3109.321335, "delta": 0.003304}}
{"target": -17.677204575041277, "params": {"gamma": 966.0320830423427, "log10_alpha": -0.8727643432301173, "log10_colsample_bytree": -0.4662839174222523, "log10_eta": -3.762553961857019, "log10_lambda": 0.21190042031685863, "log10_min_child_weight": 4.674236022000157, "log10_subsample": -0.4138135075281103, "max_depth": 9.0, "num_boost_round": 21.0}, "datetime": {"datetime": "2024-01-19 01:03:35", "elapsed": 3109.32474, "delta": 0.003405}}
{"target": -17.677203505071102, "params": {"gamma": 966.0320830423427, "log10_alpha": -0.8727643432301173, "log10_colsample_bytree": -0.4662839174222523, "log10_eta": -3.762553961857019, "log10_lambda": 0.21190042031685863, "log10_min_child_weight": 4.674236022000157, "log10_subsample": -0.4138135075281103, "max_depth": 9.0, "num_boost_round": 22.0}, "datetime": {"datetime": "2024-01-19 01:03:35", "elapsed": 3109.437629, "delta": 0.112889}}
{"target": -17.677201106387972, "params": {"gamma": 966.0320830423427, "log10_alpha": -0.8727643432301173, "log10_colsample_bytree": -0.4662839174222523, "log10_eta": -3.762553961857019, "log10_lambda": 0.21190042031685863, "log10_min_child_weight": 4.674236022000157, "log10_subsample": -0.4138135075281103, "max_depth": 9.0, "num_boost_round": 23.0}, "datetime": {"datetime": "2024-01-19 01:03:35", "elapsed": 3109.441548, "delta": 0.003919}}
{"target": -17.677199722275827, "params": {"gamma": 966.0320830423427, "log10_alpha": -0.8727643432301173, "log10_colsample_bytree": -0.4662839174222523, "log10_eta": -3.762553961857019, "log10_lambda": 0.21190042031685863, "log10_min_child_weight": 4.674236022000157, "log10_subsample": -0.4138135075281103, "max_depth": 9.0, "num_boost_round": 24.0}, "datetime": {"datetime": "2024-01-19 01:03:35", "elapsed": 3109.445195, "delta": 0.003647}}
{"target": -17.677197552485083, "params": {"gamma": 966.0320830423427, "log10_alpha": -0.8727643432301173, "log10_colsample_bytree": -0.4662839174222523, "log10_eta": -3.762553961857019, "log10_lambda": 0.21190042031685863, "log10_min_child_weight": 4.674236022000157, "log10_subsample": -0.4138135075281103, "max_depth": 9.0, "num_boost_round": 25.0}, "datetime": {"datetime": "2024-01-19 01:03:35", "elapsed": 3109.448589, "delta": 0.003394}}
{"target": -17.677197509393643, "params": {"gamma": 966.0320830423427, "log10_alpha": -0.8727643432301173, "log10_colsample_bytree": -0.4662839174222523, "log10_eta": -3.762553961857019, "log10_lambda": 0.21190042031685863, "log10_min_child_weight": 4.674236022000157, "log10_subsample": -0.4138135075281103, "max_depth": 9.0, "num_boost_round": 26.0}, "datetime": {"datetime": "2024-01-19 01:03:35", "elapsed": 3109.452008, "delta": 0.003419}}
{"target": -17.677196783403947, "params": {"gamma": 966.0320830423427, "log10_alpha": -0.8727643432301173, "log10_colsample_bytree": -0.4662839174222523, "log10_eta": -3.762553961857019, "log10_lambda": 0.21190042031685863, "log10_min_child_weight": 4.674236022000157, "log10_subsample": -0.4138135075281103, "max_depth": 9.0, "num_boost_round": 27.0}, "datetime": {"datetime": "2024-01-19 01:03:35", "elapsed": 3109.455409, "delta": 0.003401}}
{"target": -17.67719585595098, "params": {"gamma": 966.0320830423427, "log10_alpha": -0.8727643432301173, "log10_colsample_bytree": -0.4662839174222523, "log10_eta": -3.762553961857019, "log10_lambda": 0.21190042031685863, "log10_min_child_weight": 4.674236022000157, "log10_subsample": -0.4138135075281103, "max_depth": 9.0, "num_boost_round": 28.0}, "datetime": {"datetime": "2024-01-19 01:03:35", "elapsed": 3109.458845, "delta": 0.003436}}
{"target": -17.677194986720643, "params": {"gamma": 966.0320830423427, "log10_alpha": -0.8727643432301173, "log10_colsample_bytree": -0.4662839174222523, "log10_eta": -3.762553961857019, "log10_lambda": 0.21190042031685863, "log10_min_child_weight": 4.674236022000157, "log10_subsample": -0.4138135075281103, "max_depth": 9.0, "num_boost_round": 29.0}, "datetime": {"datetime": "2024-01-19 01:03:35", "elapsed": 3109.462309, "delta": 0.003464}}
{"target": -17.677192031451085, "params": {"gamma": 976.8625413711059, "log10_alpha": -4.2787981262968895, "log10_colsample_bytree": -0.35706526020220386, "log10_eta": -2.8485302557109877, "log10_lambda": 0.5887495147287902, "log10_min_child_weight": 1.3674810332078657, "log10_subsample": -0.4639098261898228, "max_depth": 6.0, "num_boost_round": 0.0}, "datetime": {"datetime": "2024-01-19 01:04:21", "elapsed": 3155.796189, "delta": 46.33388}}
{"target": -17.67706440430138, "params": {"gamma": 976.8625413711059, "log10_alpha": -4.2787981262968895, "log10_colsample_bytree": -0.35706526020220386, "log10_eta": -2.8485302557109877, "log10_lambda": 0.5887495147287902, "log10_min_child_weight": 1.3674810332078657, "log10_subsample": -0.4639098261898228, "max_depth": 6.0, "num_boost_round": 1.0}, "datetime": {"datetime": "2024-01-19 01:04:21", "elapsed": 3155.800501, "delta": 0.004312}}
{"target": -17.67697216265281, "params": {"gamma": 976.8625413711059, "log10_alpha": -4.2787981262968895, "log10_colsample_bytree": -0.35706526020220386, "log10_eta": -2.8485302557109877, "log10_lambda": 0.5887495147287902, "log10_min_child_weight": 1.3674810332078657, "log10_subsample": -0.4639098261898228, "max_depth": 6.0, "num_boost_round": 2.0}, "datetime": {"datetime": "2024-01-19 01:04:22", "elapsed": 3155.804264, "delta": 0.003763}}
{"target": -17.676928043410832, "params": {"gamma": 976.8625413711059, "log10_alpha": -4.2787981262968895, "log10_colsample_bytree": -0.35706526020220386, "log10_eta": -2.8485302557109877, "log10_lambda": 0.5887495147287902, "log10_min_child_weight": 1.3674810332078657, "log10_subsample": -0.4639098261898228, "max_depth": 6.0, "num_boost_round": 3.0}, "datetime": {"datetime": "2024-01-19 01:04:22", "elapsed": 3155.807953, "delta": 0.003689}}
{"target": -17.676932565135473, "params": {"gamma": 976.8625413711059, "log10_alpha": -4.2787981262968895, "log10_colsample_bytree": -0.35706526020220386, "log10_eta": -2.8485302557109877, "log10_lambda": 0.5887495147287902, "log10_min_child_weight": 1.3674810332078657, "log10_subsample": -0.4639098261898228, "max_depth": 6.0, "num_boost_round": 4.0}, "datetime": {"datetime": "2024-01-19 01:04:22", "elapsed": 3155.811524, "delta": 0.003571}}
{"target": -17.676906940668264, "params": {"gamma": 976.8625413711059, "log10_alpha": -4.2787981262968895, "log10_colsample_bytree": -0.35706526020220386, "log10_eta": -2.8485302557109877, "log10_lambda": 0.5887495147287902, "log10_min_child_weight": 1.3674810332078657, "log10_subsample": -0.4639098261898228, "max_depth": 6.0, "num_boost_round": 5.0}, "datetime": {"datetime": "2024-01-19 01:04:22", "elapsed": 3155.815068, "delta": 0.003544}}
{"target": -17.676808065294654, "params": {"gamma": 976.8625413711059, "log10_alpha": -4.2787981262968895, "log10_colsample_bytree": -0.35706526020220386, "log10_eta": -2.8485302557109877, "log10_lambda": 0.5887495147287902, "log10_min_child_weight": 1.3674810332078657, "log10_subsample": -0.4639098261898228, "max_depth": 6.0, "num_boost_round": 6.0}, "datetime": {"datetime": "2024-01-19 01:04:22", "elapsed": 3155.818587, "delta": 0.003519}}
{"target": -17.676696826701846, "params": {"gamma": 976.8625413711059, "log10_alpha": -4.2787981262968895, "log10_colsample_bytree": -0.35706526020220386, "log10_eta": -2.8485302557109877, "log10_lambda": 0.5887495147287902, "log10_min_child_weight": 1.3674810332078657, "log10_subsample": -0.4639098261898228, "max_depth": 6.0, "num_boost_round": 7.0}, "datetime": {"datetime": "2024-01-19 01:04:22", "elapsed": 3155.821994, "delta": 0.003407}}
{"target": -17.676637424890437, "params": {"gamma": 976.8625413711059, "log10_alpha": -4.2787981262968895, "log10_colsample_bytree": -0.35706526020220386, "log10_eta": -2.8485302557109877, "log10_lambda": 0.5887495147287902, "log10_min_child_weight": 1.3674810332078657, "log10_subsample": -0.4639098261898228, "max_depth": 6.0, "num_boost_round": 8.0}, "datetime": {"datetime": "2024-01-19 01:04:22", "elapsed": 3155.825452, "delta": 0.003458}}
{"target": -17.676601931627445, "params": {"gamma": 976.8625413711059, "log10_alpha": -4.2787981262968895, "log10_colsample_bytree": -0.35706526020220386, "log10_eta": -2.8485302557109877, "log10_lambda": 0.5887495147287902, "log10_min_child_weight": 1.3674810332078657, "log10_subsample": -0.4639098261898228, "max_depth": 6.0, "num_boost_round": 9.0}, "datetime": {"datetime": "2024-01-19 01:04:22", "elapsed": 3155.828879, "delta": 0.003427}}
{"target": -17.676551486332166, "params": {"gamma": 976.8625413711059, "log10_alpha": -4.2787981262968895, "log10_colsample_bytree": -0.35706526020220386, "log10_eta": -2.8485302557109877, "log10_lambda": 0.5887495147287902, "log10_min_child_weight": 1.3674810332078657, "log10_subsample": -0.4639098261898228, "max_depth": 6.0, "num_boost_round": 10.0}, "datetime": {"datetime": "2024-01-19 01:04:22", "elapsed": 3155.832423, "delta": 0.003544}}
{"target": -17.67646577982671, "params": {"gamma": 976.8625413711059, "log10_alpha": -4.2787981262968895, "log10_colsample_bytree": -0.35706526020220386, "log10_eta": -2.8485302557109877, "log10_lambda": 0.5887495147287902, "log10_min_child_weight": 1.3674810332078657, "log10_subsample": -0.4639098261898228, "max_depth": 6.0, "num_boost_round": 11.0}, "datetime": {"datetime": "2024-01-19 01:04:22", "elapsed": 3155.835951, "delta": 0.003528}}
{"target": -17.67640078961445, "params": {"gamma": 976.8625413711059, "log10_alpha": -4.2787981262968895, "log10_colsample_bytree": -0.35706526020220386, "log10_eta": -2.8485302557109877, "log10_lambda": 0.5887495147287902, "log10_min_child_weight": 1.3674810332078657, "log10_subsample": -0.4639098261898228, "max_depth": 6.0, "num_boost_round": 12.0}, "datetime": {"datetime": "2024-01-19 01:04:22", "elapsed": 3155.839413, "delta": 0.003462}}
{"target": -17.676401150566342, "params": {"gamma": 976.8625413711059, "log10_alpha": -4.2787981262968895, "log10_colsample_bytree": -0.35706526020220386, "log10_eta": -2.8485302557109877, "log10_lambda": 0.5887495147287902, "log10_min_child_weight": 1.3674810332078657, "log10_subsample": -0.4639098261898228, "max_depth": 6.0, "num_boost_round": 13.0}, "datetime": {"datetime": "2024-01-19 01:04:22", "elapsed": 3155.842928, "delta": 0.003515}}
{"target": -17.676472421163208, "params": {"gamma": 976.8625413711059, "log10_alpha": -4.2787981262968895, "log10_colsample_bytree": -0.35706526020220386, "log10_eta": -2.8485302557109877, "log10_lambda": 0.5887495147287902, "log10_min_child_weight": 1.3674810332078657, "log10_subsample": -0.4639098261898228, "max_depth": 6.0, "num_boost_round": 14.0}, "datetime": {"datetime": "2024-01-19 01:04:22", "elapsed": 3155.846334, "delta": 0.003406}}
{"target": -17.676396180653843, "params": {"gamma": 976.8625413711059, "log10_alpha": -4.2787981262968895, "log10_colsample_bytree": -0.35706526020220386, "log10_eta": -2.8485302557109877, "log10_lambda": 0.5887495147287902, "log10_min_child_weight": 1.3674810332078657, "log10_subsample": -0.4639098261898228, "max_depth": 6.0, "num_boost_round": 15.0}, "datetime": {"datetime": "2024-01-19 01:04:22", "elapsed": 3155.849717, "delta": 0.003383}}
{"target": -17.676340560766228, "params": {"gamma": 976.8625413711059, "log10_alpha": -4.2787981262968895, "log10_colsample_bytree": -0.35706526020220386, "log10_eta": -2.8485302557109877, "log10_lambda": 0.5887495147287902, "log10_min_child_weight": 1.3674810332078657, "log10_subsample": -0.4639098261898228, "max_depth": 6.0, "num_boost_round": 16.0}, "datetime": {"datetime": "2024-01-19 01:04:22", "elapsed": 3155.853128, "delta": 0.003411}}
{"target": -17.676252300517262, "params": {"gamma": 976.8625413711059, "log10_alpha": -4.2787981262968895, "log10_colsample_bytree": -0.35706526020220386, "log10_eta": -2.8485302557109877, "log10_lambda": 0.5887495147287902, "log10_min_child_weight": 1.3674810332078657, "log10_subsample": -0.4639098261898228, "max_depth": 6.0, "num_boost_round": 17.0}, "datetime": {"datetime": "2024-01-19 01:04:22", "elapsed": 3155.856545, "delta": 0.003417}}
{"target": -17.676264694816307, "params": {"gamma": 976.8625413711059, "log10_alpha": -4.2787981262968895, "log10_colsample_bytree": -0.35706526020220386, "log10_eta": -2.8485302557109877, "log10_lambda": 0.5887495147287902, "log10_min_child_weight": 1.3674810332078657, "log10_subsample": -0.4639098261898228, "max_depth": 6.0, "num_boost_round": 18.0}, "datetime": {"datetime": "2024-01-19 01:04:22", "elapsed": 3155.860002, "delta": 0.003457}}
{"target": -17.676200300871923, "params": {"gamma": 976.8625413711059, "log10_alpha": -4.2787981262968895, "log10_colsample_bytree": -0.35706526020220386, "log10_eta": -2.8485302557109877, "log10_lambda": 0.5887495147287902, "log10_min_child_weight": 1.3674810332078657, "log10_subsample": -0.4639098261898228, "max_depth": 6.0, "num_boost_round": 19.0}, "datetime": {"datetime": "2024-01-19 01:04:22", "elapsed": 3155.863462, "delta": 0.00346}}
{"target": -17.67612729420076, "params": {"gamma": 976.8625413711059, "log10_alpha": -4.2787981262968895, "log10_colsample_bytree": -0.35706526020220386, "log10_eta": -2.8485302557109877, "log10_lambda": 0.5887495147287902, "log10_min_child_weight": 1.3674810332078657, "log10_subsample": -0.4639098261898228, "max_depth": 6.0, "num_boost_round": 20.0}, "datetime": {"datetime": "2024-01-19 01:04:22", "elapsed": 3155.866913, "delta": 0.003451}}
{"target": -17.67601137616122, "params": {"gamma": 976.8625413711059, "log10_alpha": -4.2787981262968895, "log10_colsample_bytree": -0.35706526020220386, "log10_eta": -2.8485302557109877, "log10_lambda": 0.5887495147287902, "log10_min_child_weight": 1.3674810332078657, "log10_subsample": -0.4639098261898228, "max_depth": 6.0, "num_boost_round": 21.0}, "datetime": {"datetime": "2024-01-19 01:04:22", "elapsed": 3155.870354, "delta": 0.003441}}
{"target": -17.675952171171787, "params": {"gamma": 976.8625413711059, "log10_alpha": -4.2787981262968895, "log10_colsample_bytree": -0.35706526020220386, "log10_eta": -2.8485302557109877, "log10_lambda": 0.5887495147287902, "log10_min_child_weight": 1.3674810332078657, "log10_subsample": -0.4639098261898228, "max_depth": 6.0, "num_boost_round": 22.0}, "datetime": {"datetime": "2024-01-19 01:04:22", "elapsed": 3155.873819, "delta": 0.003465}}
{"target": -17.675869140348528, "params": {"gamma": 976.8625413711059, "log10_alpha": -4.2787981262968895, "log10_colsample_bytree": -0.35706526020220386, "log10_eta": -2.8485302557109877, "log10_lambda": 0.5887495147287902, "log10_min_child_weight": 1.3674810332078657, "log10_subsample": -0.4639098261898228, "max_depth": 6.0, "num_boost_round": 23.0}, "datetime": {"datetime": "2024-01-19 01:04:22", "elapsed": 3155.877256, "delta": 0.003437}}
{"target": -17.675851944944508, "params": {"gamma": 976.8625413711059, "log10_alpha": -4.2787981262968895, "log10_colsample_bytree": -0.35706526020220386, "log10_eta": -2.8485302557109877, "log10_lambda": 0.5887495147287902, "log10_min_child_weight": 1.3674810332078657, "log10_subsample": -0.4639098261898228, "max_depth": 6.0, "num_boost_round": 24.0}, "datetime": {"datetime": "2024-01-19 01:04:22", "elapsed": 3155.880717, "delta": 0.003461}}
{"target": -17.675812445813, "params": {"gamma": 976.8625413711059, "log10_alpha": -4.2787981262968895, "log10_colsample_bytree": -0.35706526020220386, "log10_eta": -2.8485302557109877, "log10_lambda": 0.5887495147287902, "log10_min_child_weight": 1.3674810332078657, "log10_subsample": -0.4639098261898228, "max_depth": 6.0, "num_boost_round": 25.0}, "datetime": {"datetime": "2024-01-19 01:04:22", "elapsed": 3155.884127, "delta": 0.00341}}
{"target": -17.675768747875125, "params": {"gamma": 976.8625413711059, "log10_alpha": -4.2787981262968895, "log10_colsample_bytree": -0.35706526020220386, "log10_eta": -2.8485302557109877, "log10_lambda": 0.5887495147287902, "log10_min_child_weight": 1.3674810332078657, "log10_subsample": -0.4639098261898228, "max_depth": 6.0, "num_boost_round": 26.0}, "datetime": {"datetime": "2024-01-19 01:04:22", "elapsed": 3155.887562, "delta": 0.003435}}
{"target": -17.67572966666313, "params": {"gamma": 976.8625413711059, "log10_alpha": -4.2787981262968895, "log10_colsample_bytree": -0.35706526020220386, "log10_eta": -2.8485302557109877, "log10_lambda": 0.5887495147287902, "log10_min_child_weight": 1.3674810332078657, "log10_subsample": -0.4639098261898228, "max_depth": 6.0, "num_boost_round": 27.0}, "datetime": {"datetime": "2024-01-19 01:04:22", "elapsed": 3155.890997, "delta": 0.003435}}
{"target": -17.675657814591922, "params": {"gamma": 976.8625413711059, "log10_alpha": -4.2787981262968895, "log10_colsample_bytree": -0.35706526020220386, "log10_eta": -2.8485302557109877, "log10_lambda": 0.5887495147287902, "log10_min_child_weight": 1.3674810332078657, "log10_subsample": -0.4639098261898228, "max_depth": 6.0, "num_boost_round": 28.0}, "datetime": {"datetime": "2024-01-19 01:04:22", "elapsed": 3155.894484, "delta": 0.003487}}
{"target": -17.675580524351815, "params": {"gamma": 976.8625413711059, "log10_alpha": -4.2787981262968895, "log10_colsample_bytree": -0.35706526020220386, "log10_eta": -2.8485302557109877, "log10_lambda": 0.5887495147287902, "log10_min_child_weight": 1.3674810332078657, "log10_subsample": -0.4639098261898228, "max_depth": 6.0, "num_boost_round": 29.0}, "datetime": {"datetime": "2024-01-19 01:04:22", "elapsed": 3155.897965, "delta": 0.003481}}
{"target": -17.675567103540516, "params": {"gamma": 976.8625413711059, "log10_alpha": -4.2787981262968895, "log10_colsample_bytree": -0.35706526020220386, "log10_eta": -2.8485302557109877, "log10_lambda": 0.5887495147287902, "log10_min_child_weight": 1.3674810332078657, "log10_subsample": -0.4639098261898228, "max_depth": 6.0, "num_boost_round": 30.0}, "datetime": {"datetime": "2024-01-19 01:04:22", "elapsed": 3155.901395, "delta": 0.00343}}
{"target": -17.67553357927484, "params": {"gamma": 976.8625413711059, "log10_alpha": -4.2787981262968895, "log10_colsample_bytree": -0.35706526020220386, "log10_eta": -2.8485302557109877, "log10_lambda": 0.5887495147287902, "log10_min_child_weight": 1.3674810332078657, "log10_subsample": -0.4639098261898228, "max_depth": 6.0, "num_boost_round": 31.0}, "datetime": {"datetime": "2024-01-19 01:04:22", "elapsed": 3155.904838, "delta": 0.003443}}
{"target": -17.67550360450349, "params": {"gamma": 976.8625413711059, "log10_alpha": -4.2787981262968895, "log10_colsample_bytree": -0.35706526020220386, "log10_eta": -2.8485302557109877, "log10_lambda": 0.5887495147287902, "log10_min_child_weight": 1.3674810332078657, "log10_subsample": -0.4639098261898228, "max_depth": 6.0, "num_boost_round": 32.0}, "datetime": {"datetime": "2024-01-19 01:04:22", "elapsed": 3155.908293, "delta": 0.003455}}
{"target": -17.67547049443015, "params": {"gamma": 976.8625413711059, "log10_alpha": -4.2787981262968895, "log10_colsample_bytree": -0.35706526020220386, "log10_eta": -2.8485302557109877, "log10_lambda": 0.5887495147287902, "log10_min_child_weight": 1.3674810332078657, "log10_subsample": -0.4639098261898228, "max_depth": 6.0, "num_boost_round": 33.0}, "datetime": {"datetime": "2024-01-19 01:04:22", "elapsed": 3155.911833, "delta": 0.00354}}
