{"target": -17.677212292450974, "params": {"gamma": 885.0264921229763, "log10_alpha": 0.6037339083078166, "log10_colsample_bytree": -0.5588483141110171, "log10_eta": -3.4723589385550153, "log10_lambda": -1.0412634960466223, "log10_min_child_weight": 3.3495067894933457, "log10_subsample": -0.8166661807451102, "max_depth": 2.0, "num_boost_round": 2.0}, "datetime": {"datetime": "2024-01-19 00:47:41", "elapsed": 2141.86622, "delta": 0.002821}}
{"target": -17.67720700156294, "params": {"gamma": 885.0264921229763, "log10_alpha": 0.6037339083078166, "log10_colsample_bytree": -0.5588483141110171, "log10_eta": -3.4723589385550153, "log10_lambda": -1.0412634960466223, "log10_min_child_weight": 3.3495067894933457, "log10_subsample": -0.8166661807451102, "max_depth": 2.0, "num_boost_round": 3.0}, "datetime": {"datetime": "2024-01-19 00:47:41", "elapsed": 2141.870707, "delta": 0.004487}}
{"target": -17.67720335554123, "params": {"gamma": 885.0264921229763, "log10_alpha": 0.6037339083078166, "log10_colsample_bytree": -0.5588483141110171, "log10_eta": -3.4723589385550153, "log10_lambda": -1.0412634960466223, "log10_min_child_weight": 3.3495067894933457, "log10_subsample": -0.8166661807451102, "max_depth": 2.0, "num_boost_round": 4.0}, "datetime": {"datetime": "2024-01-19 00:47:41", "elapsed": 2141.873412, "delta": 0.002705}}
{"target": -17.677198248077108, "params": {"gamma": 885.0264921229763, "log10_alpha": 0.6037339083078166, "log10_colsample_bytree": -0.5588483141110171, "log10_eta": -3.4723589385550153, "log10_lambda": -1.0412634960466223, "log10_min_child_weight": 3.3495067894933457, "log10_subsample": -0.8166661807451102, "max_depth": 2.0, "num_boost_round": 5.0}, "datetime": {"datetime": "2024-01-19 00:47:41", "elapsed": 2141.876087, "delta": 0.002675}}
{"target": -17.677190995546358, "params": {"gamma": 885.0264921229763, "log10_alpha": 0.6037339083078166, "log10_colsample_bytree": -0.5588483141110171, "log10_eta": -3.4723589385550153, "log10_lambda": -1.0412634960466223, "log10_min_child_weight": 3.3495067894933457, "log10_subsample": -0.8166661807451102, "max_depth": 2.0, "num_boost_round": 6.0}, "datetime": {"datetime": "2024-01-19 00:47:41", "elapsed": 2141.87873, "delta": 0.002643}}
{"target": -17.67719262782799, "params": {"gamma": 885.0264921229763, "log10_alpha": 0.6037339083078166, "log10_colsample_bytree": -0.5588483141110171, "log10_eta": -3.4723589385550153, "log10_lambda": -1.0412634960466223, "log10_min_child_weight": 3.3495067894933457, "log10_subsample": -0.8166661807451102, "max_depth": 2.0, "num_boost_round": 7.0}, "datetime": {"datetime": "2024-01-19 00:47:41", "elapsed": 2141.881324, "delta": 0.002594}}
{"target": -17.677186282808677, "params": {"gamma": 885.0264921229763, "log10_alpha": 0.6037339083078166, "log10_colsample_bytree": -0.5588483141110171, "log10_eta": -3.4723589385550153, "log10_lambda": -1.0412634960466223, "log10_min_child_weight": 3.3495067894933457, "log10_subsample": -0.8166661807451102, "max_depth": 2.0, "num_boost_round": 8.0}, "datetime": {"datetime": "2024-01-19 00:47:41", "elapsed": 2141.884054, "delta": 0.00273}}
{"target": -17.67718047921647, "params": {"gamma": 885.0264921229763, "log10_alpha": 0.6037339083078166, "log10_colsample_bytree": -0.5588483141110171, "log10_eta": -3.4723589385550153, "log10_lambda": -1.0412634960466223, "log10_min_child_weight": 3.3495067894933457, "log10_subsample": -0.8166661807451102, "max_depth": 2.0, "num_boost_round": 9.0}, "datetime": {"datetime": "2024-01-19 00:47:41", "elapsed": 2141.887405, "delta": 0.003351}}
{"target": -17.677174601746216, "params": {"gamma": 885.0264921229763, "log10_alpha": 0.6037339083078166, "log10_colsample_bytree": -0.5588483141110171, "log10_eta": -3.4723589385550153, "log10_lambda": -1.0412634960466223, "log10_min_child_weight": 3.3495067894933457, "log10_subsample": -0.8166661807451102, "max_depth": 2.0, "num_boost_round": 10.0}, "datetime": {"datetime": "2024-01-19 00:47:41", "elapsed": 2141.890211, "delta": 0.002806}}
{"target": -17.67717226180123, "params": {"gamma": 885.0264921229763, "log10_alpha": 0.6037339083078166, "log10_colsample_bytree": -0.5588483141110171, "log10_eta": -3.4723589385550153, "log10_lambda": -1.0412634960466223, "log10_min_child_weight": 3.3495067894933457, "log10_subsample": -0.8166661807451102, "max_depth": 2.0, "num_boost_round": 11.0}, "datetime": {"datetime": "2024-01-19 00:47:41", "elapsed": 2141.893224, "delta": 0.003013}}
{"target": -17.677166130092385, "params": {"gamma": 885.0264921229763, "log10_alpha": 0.6037339083078166, "log10_colsample_bytree": -0.5588483141110171, "log10_eta": -3.4723589385550153, "log10_lambda": -1.0412634960466223, "log10_min_child_weight": 3.3495067894933457, "log10_subsample": -0.8166661807451102, "max_depth": 2.0, "num_boost_round": 12.0}, "datetime": {"datetime": "2024-01-19 00:47:41", "elapsed": 2141.895849, "delta": 0.002625}}
{"target": -17.67715806090519, "params": {"gamma": 885.0264921229763, "log10_alpha": 0.6037339083078166, "log10_colsample_bytree": -0.5588483141110171, "log10_eta": -3.4723589385550153, "log10_lambda": -1.0412634960466223, "log10_min_child_weight": 3.3495067894933457, "log10_subsample": -0.8166661807451102, "max_depth": 2.0, "num_boost_round": 13.0}, "datetime": {"datetime": "2024-01-19 00:47:41", "elapsed": 2141.898779, "delta": 0.00293}}
{"target": -17.67715302290088, "params": {"gamma": 885.0264921229763, "log10_alpha": 0.6037339083078166, "log10_colsample_bytree": -0.5588483141110171, "log10_eta": -3.4723589385550153, "log10_lambda": -1.0412634960466223, "log10_min_child_weight": 3.3495067894933457, "log10_subsample": -0.8166661807451102, "max_depth": 2.0, "num_boost_round": 14.0}, "datetime": {"datetime": "2024-01-19 00:47:41", "elapsed": 2141.901535, "delta": 0.002756}}
{"target": -17.677151310389814, "params": {"gamma": 885.0264921229763, "log10_alpha": 0.6037339083078166, "log10_colsample_bytree": -0.5588483141110171, "log10_eta": -3.4723589385550153, "log10_lambda": -1.0412634960466223, "log10_min_child_weight": 3.3495067894933457, "log10_subsample": -0.8166661807451102, "max_depth": 2.0, "num_boost_round": 15.0}, "datetime": {"datetime": "2024-01-19 00:47:41", "elapsed": 2141.904154, "delta": 0.002619}}
{"target": -17.677230380840413, "params": {"gamma": 875.886022204344, "log10_alpha": -3.6770135867479663, "log10_colsample_bytree": -0.5049568458479912, "log10_eta": -3.3390401860675176, "log10_lambda": -0.06817674417789732, "log10_min_child_weight": 2.824060052123442, "log10_subsample": -0.7316449782334196, "max_depth": 6.0, "num_boost_round": 0.0}, "datetime": {"datetime": "2024-01-19 00:48:26", "elapsed": 2187.289152, "delta": 45.384998}}
{"target": -17.67722972251707, "params": {"gamma": 875.886022204344, "log10_alpha": -3.6770135867479663, "log10_colsample_bytree": -0.5049568458479912, "log10_eta": -3.3390401860675176, "log10_lambda": -0.06817674417789732, "log10_min_child_weight": 2.824060052123442, "log10_subsample": -0.7316449782334196, "max_depth": 6.0, "num_boost_round": 1.0}, "datetime": {"datetime": "2024-01-19 00:48:26", "elapsed": 2187.293212, "delta": 0.00406}}
{"target": -17.67720834646437, "params": {"gamma": 875.886022204344, "log10_alpha": -3.6770135867479663, "log10_colsample_bytree": -0.5049568458479912, "log10_eta": -3.3390401860675176, "log10_lambda": -0.06817674417789732, "log10_min_child_weight": 2.824060052123442, "log10_subsample": -0.7316449782334196, "max_depth": 6.0, "num_boost_round": 2.0}, "datetime": {"datetime": "2024-01-19 00:48:26", "elapsed": 2187.295895, "delta": 0.002683}}
{"target": -17.67720339448205, "params": {"gamma": 875.886022204344, "log10_alpha": -3.6770135867479663, "log10_colsample_bytree": -0.5049568458479912, "log10_eta": -3.3390401860675176, "log10_lambda": -0.06817674417789732, "log10_min_child_weight": 2.824060052123442, "log10_subsample": -0.7316449782334196, "max_depth": 6.0, "num_boost_round": 3.0}, "datetime": {"datetime": "2024-01-19 00:48:26", "elapsed": 2187.298643, "delta": 0.002748}}
{"target": -17.677184775173107, "params": {"gamma": 875.886022204344, "log10_alpha": -3.6770135867479663, "log10_colsample_bytree": -0.5049568458479912, "log10_eta": -3.3390401860675176, "log10_lambda": -0.06817674417789732, "log10_min_child_weight": 2.824060052123442, "log10_subsample": -0.7316449782334196, "max_depth": 6.0, "num_boost_round": 4.0}, "datetime": {"datetime": "2024-01-19 00:48:26", "elapsed": 2187.301275, "delta": 0.002632}}
{"target": -17.67718733609328, "params": {"gamma": 875.886022204344, "log10_alpha": -3.6770135867479663, "log10_colsample_bytree": -0.5049568458479912, "log10_eta": -3.3390401860675176, "log10_lambda": -0.06817674417789732, "log10_min_child_weight": 2.824060052123442, "log10_subsample": -0.7316449782334196, "max_depth": 6.0, "num_boost_round": 5.0}, "datetime": {"datetime": "2024-01-19 00:48:26", "elapsed": 2187.303822, "delta": 0.002547}}
{"target": -17.677191274943812, "params": {"gamma": 875.886022204344, "log10_alpha": -3.6770135867479663, "log10_colsample_bytree": -0.5049568458479912, "log10_eta": -3.3390401860675176, "log10_lambda": -0.06817674417789732, "log10_min_child_weight": 2.824060052123442, "log10_subsample": -0.7316449782334196, "max_depth": 6.0, "num_boost_round": 6.0}, "datetime": {"datetime": "2024-01-19 00:48:26", "elapsed": 2187.306386, "delta": 0.002564}}
{"target": -17.677179994626538, "params": {"gamma": 875.886022204344, "log10_alpha": -3.6770135867479663, "log10_colsample_bytree": -0.5049568458479912, "log10_eta": -3.3390401860675176, "log10_lambda": -0.06817674417789732, "log10_min_child_weight": 2.824060052123442, "log10_subsample": -0.7316449782334196, "max_depth": 6.0, "num_boost_round": 7.0}, "datetime": {"datetime": "2024-01-19 00:48:26", "elapsed": 2187.308934, "delta": 0.002548}}
{"target": -17.677167454259767, "params": {"gamma": 875.886022204344, "log10_alpha": -3.6770135867479663, "log10_colsample_bytree": -0.5049568458479912, "log10_eta": -3.3390401860675176, "log10_lambda": -0.06817674417789732, "log10_min_child_weight": 2.824060052123442, "log10_subsample": -0.7316449782334196, "max_depth": 6.0, "num_boost_round": 8.0}, "datetime": {"datetime": "2024-01-19 00:48:26", "elapsed": 2187.311624, "delta": 0.00269}}
{"target": -17.677146624661038, "params": {"gamma": 875.886022204344, "log10_alpha": -3.6770135867479663, "log10_colsample_bytree": -0.5049568458479912, "log10_eta": -3.3390401860675176, "log10_lambda": -0.06817674417789732, "log10_min_child_weight": 2.824060052123442, "log10_subsample": -0.7316449782334196, "max_depth": 6.0, "num_boost_round": 9.0}, "datetime": {"datetime": "2024-01-19 00:48:26", "elapsed": 2187.314189, "delta": 0.002565}}
{"target": -17.677112778995202, "params": {"gamma": 875.886022204344, "log10_alpha": -3.6770135867479663, "log10_colsample_bytree": -0.5049568458479912, "log10_eta": -3.3390401860675176, "log10_lambda": -0.06817674417789732, "log10_min_child_weight": 2.824060052123442, "log10_subsample": -0.7316449782334196, "max_depth": 6.0, "num_boost_round": 10.0}, "datetime": {"datetime": "2024-01-19 00:48:26", "elapsed": 2187.316797, "delta": 0.002608}}
{"target": -17.677111979174214, "params": {"gamma": 875.886022204344, "log10_alpha": -3.6770135867479663, "log10_colsample_bytree": -0.5049568458479912, "log10_eta": -3.3390401860675176, "log10_lambda": -0.06817674417789732, "log10_min_child_weight": 2.824060052123442, "log10_subsample": -0.7316449782334196, "max_depth": 6.0, "num_boost_round": 11.0}, "datetime": {"datetime": "2024-01-19 00:48:26", "elapsed": 2187.319333, "delta": 0.002536}}
{"target": -17.67710127899134, "params": {"gamma": 875.886022204344, "log10_alpha": -3.6770135867479663, "log10_colsample_bytree": -0.5049568458479912, "log10_eta": -3.3390401860675176, "log10_lambda": -0.06817674417789732, "log10_min_child_weight": 2.824060052123442, "log10_subsample": -0.7316449782334196, "max_depth": 6.0, "num_boost_round": 12.0}, "datetime": {"datetime": "2024-01-19 00:48:26", "elapsed": 2187.322056, "delta": 0.002723}}
{"target": -17.67708793806892, "params": {"gamma": 875.886022204344, "log10_alpha": -3.6770135867479663, "log10_colsample_bytree": -0.5049568458479912, "log10_eta": -3.3390401860675176, "log10_lambda": -0.06817674417789732, "log10_min_child_weight": 2.824060052123442, "log10_subsample": -0.7316449782334196, "max_depth": 6.0, "num_boost_round": 13.0}, "datetime": {"datetime": "2024-01-19 00:48:26", "elapsed": 2187.324838, "delta": 0.002782}}
{"target": -17.67709878140653, "params": {"gamma": 875.886022204344, "log10_alpha": -3.6770135867479663, "log10_colsample_bytree": -0.5049568458479912, "log10_eta": -3.3390401860675176, "log10_lambda": -0.06817674417789732, "log10_min_child_weight": 2.824060052123442, "log10_subsample": -0.7316449782334196, "max_depth": 6.0, "num_boost_round": 14.0}, "datetime": {"datetime": "2024-01-19 00:48:26", "elapsed": 2187.32746, "delta": 0.002622}}
{"target": -17.677086984780768, "params": {"gamma": 875.886022204344, "log10_alpha": -3.6770135867479663, "log10_colsample_bytree": -0.5049568458479912, "log10_eta": -3.3390401860675176, "log10_lambda": -0.06817674417789732, "log10_min_child_weight": 2.824060052123442, "log10_subsample": -0.7316449782334196, "max_depth": 6.0, "num_boost_round": 15.0}, "datetime": {"datetime": "2024-01-19 00:48:26", "elapsed": 2187.330043, "delta": 0.002583}}
{"target": -17.677086394386556, "params": {"gamma": 875.886022204344, "log10_alpha": -3.6770135867479663, "log10_colsample_bytree": -0.5049568458479912, "log10_eta": -3.3390401860675176, "log10_lambda": -0.06817674417789732, "log10_min_child_weight": 2.824060052123442, "log10_subsample": -0.7316449782334196, "max_depth": 6.0, "num_boost_round": 16.0}, "datetime": {"datetime": "2024-01-19 00:48:26", "elapsed": 2187.332687, "delta": 0.002644}}
{"target": -17.677087732183036, "params": {"gamma": 875.886022204344, "log10_alpha": -3.6770135867479663, "log10_colsample_bytree": -0.5049568458479912, "log10_eta": -3.3390401860675176, "log10_lambda": -0.06817674417789732, "log10_min_child_weight": 2.824060052123442, "log10_subsample": -0.7316449782334196, "max_depth": 6.0, "num_boost_round": 17.0}, "datetime": {"datetime": "2024-01-19 00:48:26", "elapsed": 2187.335237, "delta": 0.00255}}
{"target": -17.677093431249737, "params": {"gamma": 875.886022204344, "log10_alpha": -3.6770135867479663, "log10_colsample_bytree": -0.5049568458479912, "log10_eta": -3.3390401860675176, "log10_lambda": -0.06817674417789732, "log10_min_child_weight": 2.824060052123442, "log10_subsample": -0.7316449782334196, "max_depth": 6.0, "num_boost_round": 18.0}, "datetime": {"datetime": "2024-01-19 00:48:26", "elapsed": 2187.33793, "delta": 0.002693}}
{"target": -17.677086217031636, "params": {"gamma": 875.886022204344, "log10_alpha": -3.6770135867479663, "log10_colsample_bytree": -0.5049568458479912, "log10_eta": -3.3390401860675176, "log10_lambda": -0.06817674417789732, "log10_min_child_weight": 2.824060052123442, "log10_subsample": -0.7316449782334196, "max_depth": 6.0, "num_boost_round": 19.0}, "datetime": {"datetime": "2024-01-19 00:48:26", "elapsed": 2187.340574, "delta": 0.002644}}
{"target": -17.67706707186179, "params": {"gamma": 875.886022204344, "log10_alpha": -3.6770135867479663, "log10_colsample_bytree": -0.5049568458479912, "log10_eta": -3.3390401860675176, "log10_lambda": -0.06817674417789732, "log10_min_child_weight": 2.824060052123442, "log10_subsample": -0.7316449782334196, "max_depth": 6.0, "num_boost_round": 20.0}, "datetime": {"datetime": "2024-01-19 00:48:26", "elapsed": 2187.343208, "delta": 0.002634}}
{"target": -17.677054532166583, "params": {"gamma": 875.886022204344, "log10_alpha": -3.6770135867479663, "log10_colsample_bytree": -0.5049568458479912, "log10_eta": -3.3390401860675176, "log10_lambda": -0.06817674417789732, "log10_min_child_weight": 2.824060052123442, "log10_subsample": -0.7316449782334196, "max_depth": 6.0, "num_boost_round": 21.0}, "datetime": {"datetime": "2024-01-19 00:48:26", "elapsed": 2187.345775, "delta": 0.002567}}
{"target": -17.677029562653995, "params": {"gamma": 875.886022204344, "log10_alpha": -3.6770135867479663, "log10_colsample_bytree": -0.5049568458479912, "log10_eta": -3.3390401860675176, "log10_lambda": -0.06817674417789732, "log10_min_child_weight": 2.824060052123442, "log10_subsample": -0.7316449782334196, "max_depth": 6.0, "num_boost_round": 22.0}, "datetime": {"datetime": "2024-01-19 00:48:26", "elapsed": 2187.348368, "delta": 0.002593}}
{"target": -17.67700941013352, "params": {"gamma": 875.886022204344, "log10_alpha": -3.6770135867479663, "log10_colsample_bytree": -0.5049568458479912, "log10_eta": -3.3390401860675176, "log10_lambda": -0.06817674417789732, "log10_min_child_weight": 2.824060052123442, "log10_subsample": -0.7316449782334196, "max_depth": 6.0, "num_boost_round": 23.0}, "datetime": {"datetime": "2024-01-19 00:48:26", "elapsed": 2187.350959, "delta": 0.002591}}
{"target": -17.67698449187906, "params": {"gamma": 875.886022204344, "log10_alpha": -3.6770135867479663, "log10_colsample_bytree": -0.5049568458479912, "log10_eta": -3.3390401860675176, "log10_lambda": -0.06817674417789732, "log10_min_child_weight": 2.824060052123442, "log10_subsample": -0.7316449782334196, "max_depth": 6.0, "num_boost_round": 24.0}, "datetime": {"datetime": "2024-01-19 00:48:26", "elapsed": 2187.353595, "delta": 0.002636}}
{"target": -17.67699568255092, "params": {"gamma": 875.886022204344, "log10_alpha": -3.6770135867479663, "log10_colsample_bytree": -0.5049568458479912, "log10_eta": -3.3390401860675176, "log10_lambda": -0.06817674417789732, "log10_min_child_weight": 2.824060052123442, "log10_subsample": -0.7316449782334196, "max_depth": 6.0, "num_boost_round": 25.0}, "datetime": {"datetime": "2024-01-19 00:48:26", "elapsed": 2187.356182, "delta": 0.002587}}
{"target": -17.67699125492958, "params": {"gamma": 875.886022204344, "log10_alpha": -3.6770135867479663, "log10_colsample_bytree": -0.5049568458479912, "log10_eta": -3.3390401860675176, "log10_lambda": -0.06817674417789732, "log10_min_child_weight": 2.824060052123442, "log10_subsample": -0.7316449782334196, "max_depth": 6.0, "num_boost_round": 26.0}, "datetime": {"datetime": "2024-01-19 00:48:26", "elapsed": 2187.358846, "delta": 0.002664}}
{"target": -17.676980012139023, "params": {"gamma": 875.886022204344, "log10_alpha": -3.6770135867479663, "log10_colsample_bytree": -0.5049568458479912, "log10_eta": -3.3390401860675176, "log10_lambda": -0.06817674417789732, "log10_min_child_weight": 2.824060052123442, "log10_subsample": -0.7316449782334196, "max_depth": 6.0, "num_boost_round": 27.0}, "datetime": {"datetime": "2024-01-19 00:48:26", "elapsed": 2187.361513, "delta": 0.002667}}
{"target": -17.676963847317193, "params": {"gamma": 875.886022204344, "log10_alpha": -3.6770135867479663, "log10_colsample_bytree": -0.5049568458479912, "log10_eta": -3.3390401860675176, "log10_lambda": -0.06817674417789732, "log10_min_child_weight": 2.824060052123442, "log10_subsample": -0.7316449782334196, "max_depth": 6.0, "num_boost_round": 28.0}, "datetime": {"datetime": "2024-01-19 00:48:26", "elapsed": 2187.36415, "delta": 0.002637}}
{"target": -17.676927896351412, "params": {"gamma": 875.886022204344, "log10_alpha": -3.6770135867479663, "log10_colsample_bytree": -0.5049568458479912, "log10_eta": -3.3390401860675176, "log10_lambda": -0.06817674417789732, "log10_min_child_weight": 2.824060052123442, "log10_subsample": -0.7316449782334196, "max_depth": 6.0, "num_boost_round": 29.0}, "datetime": {"datetime": "2024-01-19 00:48:26", "elapsed": 2187.366759, "delta": 0.002609}}
{"target": -17.67691685776585, "params": {"gamma": 875.886022204344, "log10_alpha": -3.6770135867479663, "log10_colsample_bytree": -0.5049568458479912, "log10_eta": -3.3390401860675176, "log10_lambda": -0.06817674417789732, "log10_min_child_weight": 2.824060052123442, "log10_subsample": -0.7316449782334196, "max_depth": 6.0, "num_boost_round": 30.0}, "datetime": {"datetime": "2024-01-19 00:48:26", "elapsed": 2187.36937, "delta": 0.002611}}
{"target": -17.67688956611942, "params": {"gamma": 875.886022204344, "log10_alpha": -3.6770135867479663, "log10_colsample_bytree": -0.5049568458479912, "log10_eta": -3.3390401860675176, "log10_lambda": -0.06817674417789732, "log10_min_child_weight": 2.824060052123442, "log10_subsample": -0.7316449782334196, "max_depth": 6.0, "num_boost_round": 31.0}, "datetime": {"datetime": "2024-01-19 00:48:26", "elapsed": 2187.372093, "delta": 0.002723}}
{"target": -17.67687290635353, "params": {"gamma": 875.886022204344, "log10_alpha": -3.6770135867479663, "log10_colsample_bytree": -0.5049568458479912, "log10_eta": -3.3390401860675176, "log10_lambda": -0.06817674417789732, "log10_min_child_weight": 2.824060052123442, "log10_subsample": -0.7316449782334196, "max_depth": 6.0, "num_boost_round": 32.0}, "datetime": {"datetime": "2024-01-19 00:48:26", "elapsed": 2187.374902, "delta": 0.002809}}
{"target": -17.676867708438266, "params": {"gamma": 875.886022204344, "log10_alpha": -3.6770135867479663, "log10_colsample_bytree": -0.5049568458479912, "log10_eta": -3.3390401860675176, "log10_lambda": -0.06817674417789732, "log10_min_child_weight": 2.824060052123442, "log10_subsample": -0.7316449782334196, "max_depth": 6.0, "num_boost_round": 33.0}, "datetime": {"datetime": "2024-01-19 00:48:26", "elapsed": 2187.377593, "delta": 0.002691}}
{"target": -17.676860755777245, "params": {"gamma": 875.886022204344, "log10_alpha": -3.6770135867479663, "log10_colsample_bytree": -0.5049568458479912, "log10_eta": -3.3390401860675176, "log10_lambda": -0.06817674417789732, "log10_min_child_weight": 2.824060052123442, "log10_subsample": -0.7316449782334196, "max_depth": 6.0, "num_boost_round": 34.0}, "datetime": {"datetime": "2024-01-19 00:48:26", "elapsed": 2187.380178, "delta": 0.002585}}
