{"target": -17.67546766245256, "params": {"gamma": 971.497900151784, "log10_alpha": -0.19479340663115963, "log10_colsample_bytree": -0.7182196181580275, "log10_eta": -1.5169137137642408, "log10_lambda": -4.547894908514155, "log10_min_child_weight": 2.740243042355393, "log10_subsample": -0.8661520901668807, "max_depth": 2.0, "num_boost_round": 4.0}, "datetime": {"datetime": "2024-01-19 00:44:02", "elapsed": 1936.2655, "delta": 0.002357}}
{"target": -17.67512931790333, "params": {"gamma": 971.497900151784, "log10_alpha": -0.19479340663115963, "log10_colsample_bytree": -0.7182196181580275, "log10_eta": -1.5169137137642408, "log10_lambda": -4.547894908514155, "log10_min_child_weight": 2.740243042355393, "log10_subsample": -0.8661520901668807, "max_depth": 2.0, "num_boost_round": 5.0}, "datetime": {"datetime": "2024-01-19 00:44:02", "elapsed": 1936.267815, "delta": 0.002315}}
{"target": -17.67519674310581, "params": {"gamma": 971.497900151784, "log10_alpha": -0.19479340663115963, "log10_colsample_bytree": -0.7182196181580275, "log10_eta": -1.5169137137642408, "log10_lambda": -4.547894908514155, "log10_min_child_weight": 2.740243042355393, "log10_subsample": -0.8661520901668807, "max_depth": 2.0, "num_boost_round": 6.0}, "datetime": {"datetime": "2024-01-19 00:44:02", "elapsed": 1936.27015, "delta": 0.002335}}
{"target": -17.674683427775772, "params": {"gamma": 971.497900151784, "log10_alpha": -0.19479340663115963, "log10_colsample_bytree": -0.7182196181580275, "log10_eta": -1.5169137137642408, "log10_lambda": -4.547894908514155, "log10_min_child_weight": 2.740243042355393, "log10_subsample": -0.8661520901668807, "max_depth": 2.0, "num_boost_round": 7.0}, "datetime": {"datetime": "2024-01-19 00:44:02", "elapsed": 1936.272587, "delta": 0.002437}}
{"target": -17.675075553165417, "params": {"gamma": 971.497900151784, "log10_alpha": -0.19479340663115963, "log10_colsample_bytree": -0.7182196181580275, "log10_eta": -1.5169137137642408, "log10_lambda": -4.547894908514155, "log10_min_child_weight": 2.740243042355393, "log10_subsample": -0.8661520901668807, "max_depth": 2.0, "num_boost_round": 8.0}, "datetime": {"datetime": "2024-01-19 00:44:02", "elapsed": 1936.274883, "delta": 0.002296}}
{"target": -17.675138993207895, "params": {"gamma": 971.497900151784, "log10_alpha": -0.19479340663115963, "log10_colsample_bytree": -0.7182196181580275, "log10_eta": -1.5169137137642408, "log10_lambda": -4.547894908514155, "log10_min_child_weight": 2.740243042355393, "log10_subsample": -0.8661520901668807, "max_depth": 2.0, "num_boost_round": 9.0}, "datetime": {"datetime": "2024-01-19 00:44:02", "elapsed": 1936.277162, "delta": 0.002279}}
{"target": -17.674365410442853, "params": {"gamma": 971.497900151784, "log10_alpha": -0.19479340663115963, "log10_colsample_bytree": -0.7182196181580275, "log10_eta": -1.5169137137642408, "log10_lambda": -4.547894908514155, "log10_min_child_weight": 2.740243042355393, "log10_subsample": -0.8661520901668807, "max_depth": 2.0, "num_boost_round": 10.0}, "datetime": {"datetime": "2024-01-19 00:44:02", "elapsed": 1936.279439, "delta": 0.002277}}
{"target": -17.67721608900445, "params": {"gamma": 959.210963846584, "log10_alpha": -2.6998954601969762, "log10_colsample_bytree": -0.5099981450341572, "log10_eta": -3.500845289198718, "log10_lambda": -1.2570640005855305, "log10_min_child_weight": 3.1385353082913996, "log10_subsample": -0.4348405009451375, "max_depth": 8.0, "num_boost_round": 0.0}, "datetime": {"datetime": "2024-01-19 00:44:30", "elapsed": 1964.468185, "delta": 28.188746}}
{"target": -17.677214275670256, "params": {"gamma": 959.210963846584, "log10_alpha": -2.6998954601969762, "log10_colsample_bytree": -0.5099981450341572, "log10_eta": -3.500845289198718, "log10_lambda": -1.2570640005855305, "log10_min_child_weight": 3.1385353082913996, "log10_subsample": -0.4348405009451375, "max_depth": 8.0, "num_boost_round": 1.0}, "datetime": {"datetime": "2024-01-19 00:44:30", "elapsed": 1964.471285, "delta": 0.0031}}
{"target": -17.677201087060205, "params": {"gamma": 959.210963846584, "log10_alpha": -2.6998954601969762, "log10_colsample_bytree": -0.5099981450341572, "log10_eta": -3.500845289198718, "log10_lambda": -1.2570640005855305, "log10_min_child_weight": 3.1385353082913996, "log10_subsample": -0.4348405009451375, "max_depth": 8.0, "num_boost_round": 2.0}, "datetime": {"datetime": "2024-01-19 00:44:30", "elapsed": 1964.473817, "delta": 0.002532}}
{"target": -17.677198411244603, "params": {"gamma": 959.210963846584, "log10_alpha": -2.6998954601969762, "log10_colsample_bytree": -0.5099981450341572, "log10_eta": -3.500845289198718, "log10_lambda": -1.2570640005855305, "log10_min_child_weight": 3.1385353082913996, "log10_subsample": -0.4348405009451375, "max_depth": 8.0, "num_boost_round": 3.0}, "datetime": {"datetime": "2024-01-19 00:44:30", "elapsed": 1964.476174, "delta": 0.002357}}
{"target": -17.677187859971397, "params": {"gamma": 959.210963846584, "log10_alpha": -2.6998954601969762, "log10_colsample_bytree": -0.5099981450341572, "log10_eta": -3.500845289198718, "log10_lambda": -1.2570640005855305, "log10_min_child_weight": 3.1385353082913996, "log10_subsample": -0.4348405009451375, "max_depth": 8.0, "num_boost_round": 4.0}, "datetime": {"datetime": "2024-01-19 00:44:30", "elapsed": 1964.478436, "delta": 0.002262}}
{"target": -17.677186852897915, "params": {"gamma": 959.210963846584, "log10_alpha": -2.6998954601969762, "log10_colsample_bytree": -0.5099981450341572, "log10_eta": -3.500845289198718, "log10_lambda": -1.2570640005855305, "log10_min_child_weight": 3.1385353082913996, "log10_subsample": -0.4348405009451375, "max_depth": 8.0, "num_boost_round": 5.0}, "datetime": {"datetime": "2024-01-19 00:44:30", "elapsed": 1964.48072, "delta": 0.002284}}
{"target": -17.67719133104182, "params": {"gamma": 959.210963846584, "log10_alpha": -2.6998954601969762, "log10_colsample_bytree": -0.5099981450341572, "log10_eta": -3.500845289198718, "log10_lambda": -1.2570640005855305, "log10_min_child_weight": 3.1385353082913996, "log10_subsample": -0.4348405009451375, "max_depth": 8.0, "num_boost_round": 6.0}, "datetime": {"datetime": "2024-01-19 00:44:30", "elapsed": 1964.483038, "delta": 0.002318}}
{"target": -17.677188758807016, "params": {"gamma": 959.210963846584, "log10_alpha": -2.6998954601969762, "log10_colsample_bytree": -0.5099981450341572, "log10_eta": -3.500845289198718, "log10_lambda": -1.2570640005855305, "log10_min_child_weight": 3.1385353082913996, "log10_subsample": -0.4348405009451375, "max_depth": 8.0, "num_boost_round": 7.0}, "datetime": {"datetime": "2024-01-19 00:44:30", "elapsed": 1964.485298, "delta": 0.00226}}
{"target": -17.67717761106843, "params": {"gamma": 959.210963846584, "log10_alpha": -2.6998954601969762, "log10_colsample_bytree": -0.5099981450341572, "log10_eta": -3.500845289198718, "log10_lambda": -1.2570640005855305, "log10_min_child_weight": 3.1385353082913996, "log10_subsample": -0.4348405009451375, "max_depth": 8.0, "num_boost_round": 8.0}, "datetime": {"datetime": "2024-01-19 00:44:30", "elapsed": 1964.487585, "delta": 0.002287}}
{"target": -17.677170234037494, "params": {"gamma": 959.210963846584, "log10_alpha": -2.6998954601969762, "log10_colsample_bytree": -0.5099981450341572, "log10_eta": -3.500845289198718, "log10_lambda": -1.2570640005855305, "log10_min_child_weight": 3.1385353082913996, "log10_subsample": -0.4348405009451375, "max_depth": 8.0, "num_boost_round": 9.0}, "datetime": {"datetime": "2024-01-19 00:44:30", "elapsed": 1964.48988, "delta": 0.002295}}
{"target": -17.67714951958111, "params": {"gamma": 959.210963846584, "log10_alpha": -2.6998954601969762, "log10_colsample_bytree": -0.5099981450341572, "log10_eta": -3.500845289198718, "log10_lambda": -1.2570640005855305, "log10_min_child_weight": 3.1385353082913996, "log10_subsample": -0.4348405009451375, "max_depth": 8.0, "num_boost_round": 10.0}, "datetime": {"datetime": "2024-01-19 00:44:30", "elapsed": 1964.492258, "delta": 0.002378}}
{"target": -17.67713556005495, "params": {"gamma": 959.210963846584, "log10_alpha": -2.6998954601969762, "log10_colsample_bytree": -0.5099981450341572, "log10_eta": -3.500845289198718, "log10_lambda": -1.2570640005855305, "log10_min_child_weight": 3.1385353082913996, "log10_subsample": -0.4348405009451375, "max_depth": 8.0, "num_boost_round": 11.0}, "datetime": {"datetime": "2024-01-19 00:44:30", "elapsed": 1964.49457, "delta": 0.002312}}
{"target": -17.677127414422987, "params": {"gamma": 959.210963846584, "log10_alpha": -2.6998954601969762, "log10_colsample_bytree": -0.5099981450341572, "log10_eta": -3.500845289198718, "log10_lambda": -1.2570640005855305, "log10_min_child_weight": 3.1385353082913996, "log10_subsample": -0.4348405009451375, "max_depth": 8.0, "num_boost_round": 12.0}, "datetime": {"datetime": "2024-01-19 00:44:30", "elapsed": 1964.496874, "delta": 0.002304}}
{"target": -17.677109565131325, "params": {"gamma": 959.210963846584, "log10_alpha": -2.6998954601969762, "log10_colsample_bytree": -0.5099981450341572, "log10_eta": -3.500845289198718, "log10_lambda": -1.2570640005855305, "log10_min_child_weight": 3.1385353082913996, "log10_subsample": -0.4348405009451375, "max_depth": 8.0, "num_boost_round": 13.0}, "datetime": {"datetime": "2024-01-19 00:44:30", "elapsed": 1964.499125, "delta": 0.002251}}
{"target": -17.677109519310715, "params": {"gamma": 959.210963846584, "log10_alpha": -2.6998954601969762, "log10_colsample_bytree": -0.5099981450341572, "log10_eta": -3.500845289198718, "log10_lambda": -1.2570640005855305, "log10_min_child_weight": 3.1385353082913996, "log10_subsample": -0.4348405009451375, "max_depth": 8.0, "num_boost_round": 14.0}, "datetime": {"datetime": "2024-01-19 00:44:30", "elapsed": 1964.501414, "delta": 0.002289}}
{"target": -17.677101296898346, "params": {"gamma": 959.210963846584, "log10_alpha": -2.6998954601969762, "log10_colsample_bytree": -0.5099981450341572, "log10_eta": -3.500845289198718, "log10_lambda": -1.2570640005855305, "log10_min_child_weight": 3.1385353082913996, "log10_subsample": -0.4348405009451375, "max_depth": 8.0, "num_boost_round": 15.0}, "datetime": {"datetime": "2024-01-19 00:44:30", "elapsed": 1964.503769, "delta": 0.002355}}
{"target": -17.67710092961032, "params": {"gamma": 959.210963846584, "log10_alpha": -2.6998954601969762, "log10_colsample_bytree": -0.5099981450341572, "log10_eta": -3.500845289198718, "log10_lambda": -1.2570640005855305, "log10_min_child_weight": 3.1385353082913996, "log10_subsample": -0.4348405009451375, "max_depth": 8.0, "num_boost_round": 16.0}, "datetime": {"datetime": "2024-01-19 00:44:30", "elapsed": 1964.506045, "delta": 0.002276}}
{"target": -17.67707695960873, "params": {"gamma": 959.210963846584, "log10_alpha": -2.6998954601969762, "log10_colsample_bytree": -0.5099981450341572, "log10_eta": -3.500845289198718, "log10_lambda": -1.2570640005855305, "log10_min_child_weight": 3.1385353082913996, "log10_subsample": -0.4348405009451375, "max_depth": 8.0, "num_boost_round": 17.0}, "datetime": {"datetime": "2024-01-19 00:44:30", "elapsed": 1964.50831, "delta": 0.002265}}
{"target": -17.677228186611813, "params": {"gamma": 975.4571920376268, "log10_alpha": -4.342928837610062, "log10_colsample_bytree": -0.932345692467774, "log10_eta": -3.861325484867982, "log10_lambda": -4.62525364749515, "log10_min_child_weight": 2.338886956090231, "log10_subsample": -0.13112966635345724, "max_depth": 2.0, "num_boost_round": 0.0}, "datetime": {"datetime": "2024-01-19 00:44:53", "elapsed": 1987.044364, "delta": 22.536054}}
{"target": -17.677221932915597, "params": {"gamma": 975.4571920376268, "log10_alpha": -4.342928837610062, "log10_colsample_bytree": -0.932345692467774, "log10_eta": -3.861325484867982, "log10_lambda": -4.62525364749515, "log10_min_child_weight": 2.338886956090231, "log10_subsample": -0.13112966635345724, "max_depth": 2.0, "num_boost_round": 1.0}, "datetime": {"datetime": "2024-01-19 00:44:53", "elapsed": 1987.047163, "delta": 0.002799}}
{"target": -17.677220407592028, "params": {"gamma": 975.4571920376268, "log10_alpha": -4.342928837610062, "log10_colsample_bytree": -0.932345692467774, "log10_eta": -3.861325484867982, "log10_lambda": -4.62525364749515, "log10_min_child_weight": 2.338886956090231, "log10_subsample": -0.13112966635345724, "max_depth": 2.0, "num_boost_round": 2.0}, "datetime": {"datetime": "2024-01-19 00:44:53", "elapsed": 1987.049884, "delta": 0.002721}}
{"target": -17.677220037791468, "params": {"gamma": 975.4571920376268, "log10_alpha": -4.342928837610062, "log10_colsample_bytree": -0.932345692467774, "log10_eta": -3.861325484867982, "log10_lambda": -4.62525364749515, "log10_min_child_weight": 2.338886956090231, "log10_subsample": -0.13112966635345724, "max_depth": 2.0, "num_boost_round": 3.0}, "datetime": {"datetime": "2024-01-19 00:44:53", "elapsed": 1987.052284, "delta": 0.0024}}
{"target": -17.677217600306975, "params": {"gamma": 975.4571920376268, "log10_alpha": -4.342928837610062, "log10_colsample_bytree": -0.932345692467774, "log10_eta": -3.861325484867982, "log10_lambda": -4.62525364749515, "log10_min_child_weight": 2.338886956090231, "log10_subsample": -0.13112966635345724, "max_depth": 2.0, "num_boost_round": 4.0}, "datetime": {"datetime": "2024-01-19 00:44:53", "elapsed": 1987.054537, "delta": 0.002253}}
{"target": -17.677213841475716, "params": {"gamma": 975.4571920376268, "log10_alpha": -4.342928837610062, "log10_colsample_bytree": -0.932345692467774, "log10_eta": -3.861325484867982, "log10_lambda": -4.62525364749515, "log10_min_child_weight": 2.338886956090231, "log10_subsample": -0.13112966635345724, "max_depth": 2.0, "num_boost_round": 5.0}, "datetime": {"datetime": "2024-01-19 00:44:53", "elapsed": 1987.056811, "delta": 0.002274}}
{"target": -17.677212436979314, "params": {"gamma": 975.4571920376268, "log10_alpha": -4.342928837610062, "log10_colsample_bytree": -0.932345692467774, "log10_eta": -3.861325484867982, "log10_lambda": -4.62525364749515, "log10_min_child_weight": 2.338886956090231, "log10_subsample": -0.13112966635345724, "max_depth": 2.0, "num_boost_round": 6.0}, "datetime": {"datetime": "2024-01-19 00:44:53", "elapsed": 1987.059054, "delta": 0.002243}}
{"target": -17.677208963814007, "params": {"gamma": 975.4571920376268, "log10_alpha": -4.342928837610062, "log10_colsample_bytree": -0.932345692467774, "log10_eta": -3.861325484867982, "log10_lambda": -4.62525364749515, "log10_min_child_weight": 2.338886956090231, "log10_subsample": -0.13112966635345724, "max_depth": 2.0, "num_boost_round": 7.0}, "datetime": {"datetime": "2024-01-19 00:44:53", "elapsed": 1987.061302, "delta": 0.002248}}
{"target": -17.677210000008124, "params": {"gamma": 975.4571920376268, "log10_alpha": -4.342928837610062, "log10_colsample_bytree": -0.932345692467774, "log10_eta": -3.861325484867982, "log10_lambda": -4.62525364749515, "log10_min_child_weight": 2.338886956090231, "log10_subsample": -0.13112966635345724, "max_depth": 2.0, "num_boost_round": 8.0}, "datetime": {"datetime": "2024-01-19 00:44:53", "elapsed": 1987.063673, "delta": 0.002371}}
{"target": -17.677207720802475, "params": {"gamma": 975.4571920376268, "log10_alpha": -4.342928837610062, "log10_colsample_bytree": -0.932345692467774, "log10_eta": -3.861325484867982, "log10_lambda": -4.62525364749515, "log10_min_child_weight": 2.338886956090231, "log10_subsample": -0.13112966635345724, "max_depth": 2.0, "num_boost_round": 9.0}, "datetime": {"datetime": "2024-01-19 00:44:53", "elapsed": 1987.066018, "delta": 0.002345}}
{"target": -17.677203144802153, "params": {"gamma": 975.4571920376268, "log10_alpha": -4.342928837610062, "log10_colsample_bytree": -0.932345692467774, "log10_eta": -3.861325484867982, "log10_lambda": -4.62525364749515, "log10_min_child_weight": 2.338886956090231, "log10_subsample": -0.13112966635345724, "max_depth": 2.0, "num_boost_round": 10.0}, "datetime": {"datetime": "2024-01-19 00:44:53", "elapsed": 1987.068275, "delta": 0.002257}}
{"target": -17.67713814573883, "params": {"gamma": 971.7887763497217, "log10_alpha": -4.105988110710285, "log10_colsample_bytree": -0.7018906142996658, "log10_eta": -2.501394393836696, "log10_lambda": -2.844312104039342, "log10_min_child_weight": 1.423200391925164, "log10_subsample": -0.4708771942204866, "max_depth": 3.0, "num_boost_round": 0.0}, "datetime": {"datetime": "2024-01-19 00:45:27", "elapsed": 2021.051742, "delta": 33.983467}}
{"target": -17.677004495324418, "params": {"gamma": 971.7887763497217, "log10_alpha": -4.105988110710285, "log10_colsample_bytree": -0.7018906142996658, "log10_eta": -2.501394393836696, "log10_lambda": -2.844312104039342, "log10_min_child_weight": 1.423200391925164, "log10_subsample": -0.4708771942204866, "max_depth": 3.0, "num_boost_round": 1.0}, "datetime": {"datetime": "2024-01-19 00:45:27", "elapsed": 2021.054569, "delta": 0.002827}}
{"target": -17.676893038464385, "params": {"gamma": 971.7887763497217, "log10_alpha": -4.105988110710285, "log10_colsample_bytree": -0.7018906142996658, "log10_eta": -2.501394393836696, "log10_lambda": -2.844312104039342, "log10_min_child_weight": 1.423200391925164, "log10_subsample": -0.4708771942204866, "max_depth": 3.0, "num_boost_round": 2.0}, "datetime": {"datetime": "2024-01-19 00:45:27", "elapsed": 2021.057411, "delta": 0.002842}}
{"target": -17.676827904562494, "params": {"gamma": 971.7887763497217, "log10_alpha": -4.105988110710285, "log10_colsample_bytree": -0.7018906142996658, "log10_eta": -2.501394393836696, "log10_lambda": -2.844312104039342, "log10_min_child_weight": 1.423200391925164, "log10_subsample": -0.4708771942204866, "max_depth": 3.0, "num_boost_round": 3.0}, "datetime": {"datetime": "2024-01-19 00:45:27", "elapsed": 2021.059698, "delta": 0.002287}}
{"target": -17.67680276938805, "params": {"gamma": 971.7887763497217, "log10_alpha": -4.105988110710285, "log10_colsample_bytree": -0.7018906142996658, "log10_eta": -2.501394393836696, "log10_lambda": -2.844312104039342, "log10_min_child_weight": 1.423200391925164, "log10_subsample": -0.4708771942204866, "max_depth": 3.0, "num_boost_round": 4.0}, "datetime": {"datetime": "2024-01-19 00:45:27", "elapsed": 2021.06215, "delta": 0.002452}}
{"target": -17.676744861737827, "params": {"gamma": 971.7887763497217, "log10_alpha": -4.105988110710285, "log10_colsample_bytree": -0.7018906142996658, "log10_eta": -2.501394393836696, "log10_lambda": -2.844312104039342, "log10_min_child_weight": 1.423200391925164, "log10_subsample": -0.4708771942204866, "max_depth": 3.0, "num_boost_round": 5.0}, "datetime": {"datetime": "2024-01-19 00:45:27", "elapsed": 2021.064529, "delta": 0.002379}}
{"target": -17.67672052619844, "params": {"gamma": 971.7887763497217, "log10_alpha": -4.105988110710285, "log10_colsample_bytree": -0.7018906142996658, "log10_eta": -2.501394393836696, "log10_lambda": -2.844312104039342, "log10_min_child_weight": 1.423200391925164, "log10_subsample": -0.4708771942204866, "max_depth": 3.0, "num_boost_round": 6.0}, "datetime": {"datetime": "2024-01-19 00:45:27", "elapsed": 2021.066835, "delta": 0.002306}}
{"target": -17.6766025149551, "params": {"gamma": 971.7887763497217, "log10_alpha": -4.105988110710285, "log10_colsample_bytree": -0.7018906142996658, "log10_eta": -2.501394393836696, "log10_lambda": -2.844312104039342, "log10_min_child_weight": 1.423200391925164, "log10_subsample": -0.4708771942204866, "max_depth": 3.0, "num_boost_round": 7.0}, "datetime": {"datetime": "2024-01-19 00:45:27", "elapsed": 2021.069136, "delta": 0.002301}}
{"target": -17.676517556582347, "params": {"gamma": 971.7887763497217, "log10_alpha": -4.105988110710285, "log10_colsample_bytree": -0.7018906142996658, "log10_eta": -2.501394393836696, "log10_lambda": -2.844312104039342, "log10_min_child_weight": 1.423200391925164, "log10_subsample": -0.4708771942204866, "max_depth": 3.0, "num_boost_round": 8.0}, "datetime": {"datetime": "2024-01-19 00:45:27", "elapsed": 2021.071588, "delta": 0.002452}}
{"target": -17.676426070069116, "params": {"gamma": 971.7887763497217, "log10_alpha": -4.105988110710285, "log10_colsample_bytree": -0.7018906142996658, "log10_eta": -2.501394393836696, "log10_lambda": -2.844312104039342, "log10_min_child_weight": 1.423200391925164, "log10_subsample": -0.4708771942204866, "max_depth": 3.0, "num_boost_round": 9.0}, "datetime": {"datetime": "2024-01-19 00:45:27", "elapsed": 2021.073889, "delta": 0.002301}}
{"target": -17.676401099369123, "params": {"gamma": 971.7887763497217, "log10_alpha": -4.105988110710285, "log10_colsample_bytree": -0.7018906142996658, "log10_eta": -2.501394393836696, "log10_lambda": -2.844312104039342, "log10_min_child_weight": 1.423200391925164, "log10_subsample": -0.4708771942204866, "max_depth": 3.0, "num_boost_round": 10.0}, "datetime": {"datetime": "2024-01-19 00:45:27", "elapsed": 2021.076186, "delta": 0.002297}}
{"target": -17.676350382036144, "params": {"gamma": 971.7887763497217, "log10_alpha": -4.105988110710285, "log10_colsample_bytree": -0.7018906142996658, "log10_eta": -2.501394393836696, "log10_lambda": -2.844312104039342, "log10_min_child_weight": 1.423200391925164, "log10_subsample": -0.4708771942204866, "max_depth": 3.0, "num_boost_round": 11.0}, "datetime": {"datetime": "2024-01-19 00:45:27", "elapsed": 2021.078499, "delta": 0.002313}}
{"target": -17.676211749909616, "params": {"gamma": 971.7887763497217, "log10_alpha": -4.105988110710285, "log10_colsample_bytree": -0.7018906142996658, "log10_eta": -2.501394393836696, "log10_lambda": -2.844312104039342, "log10_min_child_weight": 1.423200391925164, "log10_subsample": -0.4708771942204866, "max_depth": 3.0, "num_boost_round": 12.0}, "datetime": {"datetime": "2024-01-19 00:45:27", "elapsed": 2021.080795, "delta": 0.002296}}
