{"target": -13.758519703350483, "params": {"gamma": 871.1151460409013, "log10_alpha": -4.923281286414183, "log10_colsample_bytree": -0.8160558291267693, "log10_eta": -3.2021032892581838, "log10_lambda": -3.6139074310068926, "log10_min_child_weight": 4.599562655956492, "log10_subsample": -0.41228133207840234, "max_depth": 7.0, "num_boost_round": 15.0}, "datetime": {"datetime": "2024-01-19 02:01:32", "elapsed": 6597.203125, "delta": 0.006993}}
{"target": -13.758516190773442, "params": {"gamma": 871.1151460409013, "log10_alpha": -4.923281286414183, "log10_colsample_bytree": -0.8160558291267693, "log10_eta": -3.2021032892581838, "log10_lambda": -3.6139074310068926, "log10_min_child_weight": 4.599562655956492, "log10_subsample": -0.41228133207840234, "max_depth": 7.0, "num_boost_round": 16.0}, "datetime": {"datetime": "2024-01-19 02:01:32", "elapsed": 6597.21034, "delta": 0.007215}}
{"target": -13.75851552863646, "params": {"gamma": 871.1151460409013, "log10_alpha": -4.923281286414183, "log10_colsample_bytree": -0.8160558291267693, "log10_eta": -3.2021032892581838, "log10_lambda": -3.6139074310068926, "log10_min_child_weight": 4.599562655956492, "log10_subsample": -0.41228133207840234, "max_depth": 7.0, "num_boost_round": 17.0}, "datetime": {"datetime": "2024-01-19 02:01:32", "elapsed": 6597.21733, "delta": 0.00699}}
{"target": -13.758514998109403, "params": {"gamma": 871.1151460409013, "log10_alpha": -4.923281286414183, "log10_colsample_bytree": -0.8160558291267693, "log10_eta": -3.2021032892581838, "log10_lambda": -3.6139074310068926, "log10_min_child_weight": 4.599562655956492, "log10_subsample": -0.41228133207840234, "max_depth": 7.0, "num_boost_round": 18.0}, "datetime": {"datetime": "2024-01-19 02:01:32", "elapsed": 6597.224246, "delta": 0.006916}}
{"target": -13.758512066470187, "params": {"gamma": 871.1151460409013, "log10_alpha": -4.923281286414183, "log10_colsample_bytree": -0.8160558291267693, "log10_eta": -3.2021032892581838, "log10_lambda": -3.6139074310068926, "log10_min_child_weight": 4.599562655956492, "log10_subsample": -0.41228133207840234, "max_depth": 7.0, "num_boost_round": 19.0}, "datetime": {"datetime": "2024-01-19 02:01:32", "elapsed": 6597.231475, "delta": 0.007229}}
{"target": -13.758514362141366, "params": {"gamma": 871.1151460409013, "log10_alpha": -4.923281286414183, "log10_colsample_bytree": -0.8160558291267693, "log10_eta": -3.2021032892581838, "log10_lambda": -3.6139074310068926, "log10_min_child_weight": 4.599562655956492, "log10_subsample": -0.41228133207840234, "max_depth": 7.0, "num_boost_round": 20.0}, "datetime": {"datetime": "2024-01-19 02:01:32", "elapsed": 6597.239058, "delta": 0.007583}}
{"target": -13.758511914122595, "params": {"gamma": 871.1151460409013, "log10_alpha": -4.923281286414183, "log10_colsample_bytree": -0.8160558291267693, "log10_eta": -3.2021032892581838, "log10_lambda": -3.6139074310068926, "log10_min_child_weight": 4.599562655956492, "log10_subsample": -0.41228133207840234, "max_depth": 7.0, "num_boost_round": 21.0}, "datetime": {"datetime": "2024-01-19 02:01:32", "elapsed": 6597.246169, "delta": 0.007111}}
{"target": -13.758514552601778, "params": {"gamma": 871.1151460409013, "log10_alpha": -4.923281286414183, "log10_colsample_bytree": -0.8160558291267693, "log10_eta": -3.2021032892581838, "log10_lambda": -3.6139074310068926, "log10_min_child_weight": 4.599562655956492, "log10_subsample": -0.41228133207840234, "max_depth": 7.0, "num_boost_round": 22.0}, "datetime": {"datetime": "2024-01-19 02:01:32", "elapsed": 6597.253293, "delta": 0.007124}}
{"target": -13.758512465993869, "params": {"gamma": 871.1151460409013, "log10_alpha": -4.923281286414183, "log10_colsample_bytree": -0.8160558291267693, "log10_eta": -3.2021032892581838, "log10_lambda": -3.6139074310068926, "log10_min_child_weight": 4.599562655956492, "log10_subsample": -0.41228133207840234, "max_depth": 7.0, "num_boost_round": 23.0}, "datetime": {"datetime": "2024-01-19 02:01:32", "elapsed": 6597.260264, "delta": 0.006971}}
{"target": -13.758510370373948, "params": {"gamma": 871.1151460409013, "log10_alpha": -4.923281286414183, "log10_colsample_bytree": -0.8160558291267693, "log10_eta": -3.2021032892581838, "log10_lambda": -3.6139074310068926, "log10_min_child_weight": 4.599562655956492, "log10_subsample": -0.41228133207840234, "max_depth": 7.0, "num_boost_round": 24.0}, "datetime": {"datetime": "2024-01-19 02:01:32", "elapsed": 6597.267299, "delta": 0.007035}}
{"target": -13.758509871571812, "params": {"gamma": 871.1151460409013, "log10_alpha": -4.923281286414183, "log10_colsample_bytree": -0.8160558291267693, "log10_eta": -3.2021032892581838, "log10_lambda": -3.6139074310068926, "log10_min_child_weight": 4.599562655956492, "log10_subsample": -0.41228133207840234, "max_depth": 7.0, "num_boost_round": 25.0}, "datetime": {"datetime": "2024-01-19 02:01:32", "elapsed": 6597.274394, "delta": 0.007095}}
{"target": -13.75850601950397, "params": {"gamma": 871.1151460409013, "log10_alpha": -4.923281286414183, "log10_colsample_bytree": -0.8160558291267693, "log10_eta": -3.2021032892581838, "log10_lambda": -3.6139074310068926, "log10_min_child_weight": 4.599562655956492, "log10_subsample": -0.41228133207840234, "max_depth": 7.0, "num_boost_round": 26.0}, "datetime": {"datetime": "2024-01-19 02:01:32", "elapsed": 6597.281425, "delta": 0.007031}}
{"target": -13.758498665846728, "params": {"gamma": 871.1151460409013, "log10_alpha": -4.923281286414183, "log10_colsample_bytree": -0.8160558291267693, "log10_eta": -3.2021032892581838, "log10_lambda": -3.6139074310068926, "log10_min_child_weight": 4.599562655956492, "log10_subsample": -0.41228133207840234, "max_depth": 7.0, "num_boost_round": 27.0}, "datetime": {"datetime": "2024-01-19 02:01:33", "elapsed": 6597.391211, "delta": 0.109786}}
{"target": -13.758492086367314, "params": {"gamma": 871.1151460409013, "log10_alpha": -4.923281286414183, "log10_colsample_bytree": -0.8160558291267693, "log10_eta": -3.2021032892581838, "log10_lambda": -3.6139074310068926, "log10_min_child_weight": 4.599562655956492, "log10_subsample": -0.41228133207840234, "max_depth": 7.0, "num_boost_round": 28.0}, "datetime": {"datetime": "2024-01-19 02:01:33", "elapsed": 6597.399807, "delta": 0.008596}}
{"target": -13.758487925390845, "params": {"gamma": 871.1151460409013, "log10_alpha": -4.923281286414183, "log10_colsample_bytree": -0.8160558291267693, "log10_eta": -3.2021032892581838, "log10_lambda": -3.6139074310068926, "log10_min_child_weight": 4.599562655956492, "log10_subsample": -0.41228133207840234, "max_depth": 7.0, "num_boost_round": 29.0}, "datetime": {"datetime": "2024-01-19 02:01:33", "elapsed": 6597.407551, "delta": 0.007744}}
{"target": -13.758489155956736, "params": {"gamma": 871.1151460409013, "log10_alpha": -4.923281286414183, "log10_colsample_bytree": -0.8160558291267693, "log10_eta": -3.2021032892581838, "log10_lambda": -3.6139074310068926, "log10_min_child_weight": 4.599562655956492, "log10_subsample": -0.41228133207840234, "max_depth": 7.0, "num_boost_round": 30.0}, "datetime": {"datetime": "2024-01-19 02:01:33", "elapsed": 6597.415025, "delta": 0.007474}}
{"target": -13.75848904996118, "params": {"gamma": 871.1151460409013, "log10_alpha": -4.923281286414183, "log10_colsample_bytree": -0.8160558291267693, "log10_eta": -3.2021032892581838, "log10_lambda": -3.6139074310068926, "log10_min_child_weight": 4.599562655956492, "log10_subsample": -0.41228133207840234, "max_depth": 7.0, "num_boost_round": 31.0}, "datetime": {"datetime": "2024-01-19 02:01:33", "elapsed": 6597.422207, "delta": 0.007182}}
{"target": -13.758485428036563, "params": {"gamma": 871.1151460409013, "log10_alpha": -4.923281286414183, "log10_colsample_bytree": -0.8160558291267693, "log10_eta": -3.2021032892581838, "log10_lambda": -3.6139074310068926, "log10_min_child_weight": 4.599562655956492, "log10_subsample": -0.41228133207840234, "max_depth": 7.0, "num_boost_round": 32.0}, "datetime": {"datetime": "2024-01-19 02:01:33", "elapsed": 6597.429608, "delta": 0.007401}}
{"target": -13.758483808354166, "params": {"gamma": 871.1151460409013, "log10_alpha": -4.923281286414183, "log10_colsample_bytree": -0.8160558291267693, "log10_eta": -3.2021032892581838, "log10_lambda": -3.6139074310068926, "log10_min_child_weight": 4.599562655956492, "log10_subsample": -0.41228133207840234, "max_depth": 7.0, "num_boost_round": 33.0}, "datetime": {"datetime": "2024-01-19 02:01:33", "elapsed": 6597.437455, "delta": 0.007847}}
{"target": -13.75848481929049, "params": {"gamma": 871.1151460409013, "log10_alpha": -4.923281286414183, "log10_colsample_bytree": -0.8160558291267693, "log10_eta": -3.2021032892581838, "log10_lambda": -3.6139074310068926, "log10_min_child_weight": 4.599562655956492, "log10_subsample": -0.41228133207840234, "max_depth": 7.0, "num_boost_round": 34.0}, "datetime": {"datetime": "2024-01-19 02:01:33", "elapsed": 6597.445384, "delta": 0.007929}}
{"target": -13.758483444356463, "params": {"gamma": 871.1151460409013, "log10_alpha": -4.923281286414183, "log10_colsample_bytree": -0.8160558291267693, "log10_eta": -3.2021032892581838, "log10_lambda": -3.6139074310068926, "log10_min_child_weight": 4.599562655956492, "log10_subsample": -0.41228133207840234, "max_depth": 7.0, "num_boost_round": 35.0}, "datetime": {"datetime": "2024-01-19 02:01:33", "elapsed": 6597.45356, "delta": 0.008176}}
{"target": -13.758483545713199, "params": {"gamma": 871.1151460409013, "log10_alpha": -4.923281286414183, "log10_colsample_bytree": -0.8160558291267693, "log10_eta": -3.2021032892581838, "log10_lambda": -3.6139074310068926, "log10_min_child_weight": 4.599562655956492, "log10_subsample": -0.41228133207840234, "max_depth": 7.0, "num_boost_round": 36.0}, "datetime": {"datetime": "2024-01-19 02:01:33", "elapsed": 6597.460804, "delta": 0.007244}}
{"target": -13.758479013412266, "params": {"gamma": 871.1151460409013, "log10_alpha": -4.923281286414183, "log10_colsample_bytree": -0.8160558291267693, "log10_eta": -3.2021032892581838, "log10_lambda": -3.6139074310068926, "log10_min_child_weight": 4.599562655956492, "log10_subsample": -0.41228133207840234, "max_depth": 7.0, "num_boost_round": 37.0}, "datetime": {"datetime": "2024-01-19 02:01:33", "elapsed": 6597.467906, "delta": 0.007102}}
{"target": -13.758475558598162, "params": {"gamma": 871.1151460409013, "log10_alpha": -4.923281286414183, "log10_colsample_bytree": -0.8160558291267693, "log10_eta": -3.2021032892581838, "log10_lambda": -3.6139074310068926, "log10_min_child_weight": 4.599562655956492, "log10_subsample": -0.41228133207840234, "max_depth": 7.0, "num_boost_round": 38.0}, "datetime": {"datetime": "2024-01-19 02:01:33", "elapsed": 6597.474927, "delta": 0.007021}}
{"target": -13.75847423735734, "params": {"gamma": 871.1151460409013, "log10_alpha": -4.923281286414183, "log10_colsample_bytree": -0.8160558291267693, "log10_eta": -3.2021032892581838, "log10_lambda": -3.6139074310068926, "log10_min_child_weight": 4.599562655956492, "log10_subsample": -0.41228133207840234, "max_depth": 7.0, "num_boost_round": 39.0}, "datetime": {"datetime": "2024-01-19 02:01:33", "elapsed": 6597.482209, "delta": 0.007282}}
{"target": -13.758470769803573, "params": {"gamma": 871.1151460409013, "log10_alpha": -4.923281286414183, "log10_colsample_bytree": -0.8160558291267693, "log10_eta": -3.2021032892581838, "log10_lambda": -3.6139074310068926, "log10_min_child_weight": 4.599562655956492, "log10_subsample": -0.41228133207840234, "max_depth": 7.0, "num_boost_round": 40.0}, "datetime": {"datetime": "2024-01-19 02:01:33", "elapsed": 6597.4895, "delta": 0.007291}}
{"target": -13.758467847696327, "params": {"gamma": 871.1151460409013, "log10_alpha": -4.923281286414183, "log10_colsample_bytree": -0.8160558291267693, "log10_eta": -3.2021032892581838, "log10_lambda": -3.6139074310068926, "log10_min_child_weight": 4.599562655956492, "log10_subsample": -0.41228133207840234, "max_depth": 7.0, "num_boost_round": 41.0}, "datetime": {"datetime": "2024-01-19 02:01:33", "elapsed": 6597.496648, "delta": 0.007148}}
{"target": -13.758465401612137, "params": {"gamma": 871.1151460409013, "log10_alpha": -4.923281286414183, "log10_colsample_bytree": -0.8160558291267693, "log10_eta": -3.2021032892581838, "log10_lambda": -3.6139074310068926, "log10_min_child_weight": 4.599562655956492, "log10_subsample": -0.41228133207840234, "max_depth": 7.0, "num_boost_round": 42.0}, "datetime": {"datetime": "2024-01-19 02:01:33", "elapsed": 6597.604724, "delta": 0.108076}}
{"target": -13.758461320331902, "params": {"gamma": 871.1151460409013, "log10_alpha": -4.923281286414183, "log10_colsample_bytree": -0.8160558291267693, "log10_eta": -3.2021032892581838, "log10_lambda": -3.6139074310068926, "log10_min_child_weight": 4.599562655956492, "log10_subsample": -0.41228133207840234, "max_depth": 7.0, "num_boost_round": 43.0}, "datetime": {"datetime": "2024-01-19 02:01:33", "elapsed": 6597.612427, "delta": 0.007703}}
{"target": -13.758455443353178, "params": {"gamma": 871.1151460409013, "log10_alpha": -4.923281286414183, "log10_colsample_bytree": -0.8160558291267693, "log10_eta": -3.2021032892581838, "log10_lambda": -3.6139074310068926, "log10_min_child_weight": 4.599562655956492, "log10_subsample": -0.41228133207840234, "max_depth": 7.0, "num_boost_round": 44.0}, "datetime": {"datetime": "2024-01-19 02:01:33", "elapsed": 6597.619981, "delta": 0.007554}}
{"target": -13.75845174764, "params": {"gamma": 871.1151460409013, "log10_alpha": -4.923281286414183, "log10_colsample_bytree": -0.8160558291267693, "log10_eta": -3.2021032892581838, "log10_lambda": -3.6139074310068926, "log10_min_child_weight": 4.599562655956492, "log10_subsample": -0.41228133207840234, "max_depth": 7.0, "num_boost_round": 45.0}, "datetime": {"datetime": "2024-01-19 02:01:33", "elapsed": 6597.627026, "delta": 0.007045}}
{"target": -13.758447001821883, "params": {"gamma": 871.1151460409013, "log10_alpha": -4.923281286414183, "log10_colsample_bytree": -0.8160558291267693, "log10_eta": -3.2021032892581838, "log10_lambda": -3.6139074310068926, "log10_min_child_weight": 4.599562655956492, "log10_subsample": -0.41228133207840234, "max_depth": 7.0, "num_boost_round": 46.0}, "datetime": {"datetime": "2024-01-19 02:01:33", "elapsed": 6597.63392, "delta": 0.006894}}
{"target": -13.758448181230603, "params": {"gamma": 871.1151460409013, "log10_alpha": -4.923281286414183, "log10_colsample_bytree": -0.8160558291267693, "log10_eta": -3.2021032892581838, "log10_lambda": -3.6139074310068926, "log10_min_child_weight": 4.599562655956492, "log10_subsample": -0.41228133207840234, "max_depth": 7.0, "num_boost_round": 47.0}, "datetime": {"datetime": "2024-01-19 02:01:33", "elapsed": 6597.6407, "delta": 0.00678}}
{"target": -13.758443024245034, "params": {"gamma": 871.1151460409013, "log10_alpha": -4.923281286414183, "log10_colsample_bytree": -0.8160558291267693, "log10_eta": -3.2021032892581838, "log10_lambda": -3.6139074310068926, "log10_min_child_weight": 4.599562655956492, "log10_subsample": -0.41228133207840234, "max_depth": 7.0, "num_boost_round": 48.0}, "datetime": {"datetime": "2024-01-19 02:01:33", "elapsed": 6597.647398, "delta": 0.006698}}
{"target": -13.75844512895289, "params": {"gamma": 871.1151460409013, "log10_alpha": -4.923281286414183, "log10_colsample_bytree": -0.8160558291267693, "log10_eta": -3.2021032892581838, "log10_lambda": -3.6139074310068926, "log10_min_child_weight": 4.599562655956492, "log10_subsample": -0.41228133207840234, "max_depth": 7.0, "num_boost_round": 49.0}, "datetime": {"datetime": "2024-01-19 02:01:33", "elapsed": 6597.655076, "delta": 0.007678}}
{"target": -13.758442742821341, "params": {"gamma": 871.1151460409013, "log10_alpha": -4.923281286414183, "log10_colsample_bytree": -0.8160558291267693, "log10_eta": -3.2021032892581838, "log10_lambda": -3.6139074310068926, "log10_min_child_weight": 4.599562655956492, "log10_subsample": -0.41228133207840234, "max_depth": 7.0, "num_boost_round": 50.0}, "datetime": {"datetime": "2024-01-19 02:01:33", "elapsed": 6597.662014, "delta": 0.006938}}
{"target": -13.75844331350427, "params": {"gamma": 871.1151460409013, "log10_alpha": -4.923281286414183, "log10_colsample_bytree": -0.8160558291267693, "log10_eta": -3.2021032892581838, "log10_lambda": -3.6139074310068926, "log10_min_child_weight": 4.599562655956492, "log10_subsample": -0.41228133207840234, "max_depth": 7.0, "num_boost_round": 51.0}, "datetime": {"datetime": "2024-01-19 02:01:33", "elapsed": 6597.668753, "delta": 0.006739}}
{"target": -13.758448603724988, "params": {"gamma": 820.0788126190301, "log10_alpha": 0.4417785652162127, "log10_colsample_bytree": -0.3939907394199019, "log10_eta": -1.777496152271651, "log10_lambda": -3.3964157746921044, "log10_min_child_weight": 4.862156622131918, "log10_subsample": -0.8988792168366105, "max_depth": 4.0, "num_boost_round": 0.0}, "datetime": {"datetime": "2024-01-19 02:02:53", "elapsed": 6677.715668, "delta": 80.046915}}
{"target": -13.758484048943744, "params": {"gamma": 820.0788126190301, "log10_alpha": 0.4417785652162127, "log10_colsample_bytree": -0.3939907394199019, "log10_eta": -1.777496152271651, "log10_lambda": -3.3964157746921044, "log10_min_child_weight": 4.862156622131918, "log10_subsample": -0.8988792168366105, "max_depth": 4.0, "num_boost_round": 1.0}, "datetime": {"datetime": "2024-01-19 02:02:53", "elapsed": 6677.723694, "delta": 0.008026}}
{"target": -13.758525569334866, "params": {"gamma": 820.0788126190301, "log10_alpha": 0.4417785652162127, "log10_colsample_bytree": -0.3939907394199019, "log10_eta": -1.777496152271651, "log10_lambda": -3.3964157746921044, "log10_min_child_weight": 4.862156622131918, "log10_subsample": -0.8988792168366105, "max_depth": 4.0, "num_boost_round": 2.0}, "datetime": {"datetime": "2024-01-19 02:02:53", "elapsed": 6677.730919, "delta": 0.007225}}
{"target": -13.75847788530779, "params": {"gamma": 820.0788126190301, "log10_alpha": 0.4417785652162127, "log10_colsample_bytree": -0.3939907394199019, "log10_eta": -1.777496152271651, "log10_lambda": -3.3964157746921044, "log10_min_child_weight": 4.862156622131918, "log10_subsample": -0.8988792168366105, "max_depth": 4.0, "num_boost_round": 3.0}, "datetime": {"datetime": "2024-01-19 02:02:53", "elapsed": 6677.738035, "delta": 0.007116}}
{"target": -13.75849226047266, "params": {"gamma": 820.0788126190301, "log10_alpha": 0.4417785652162127, "log10_colsample_bytree": -0.3939907394199019, "log10_eta": -1.777496152271651, "log10_lambda": -3.3964157746921044, "log10_min_child_weight": 4.862156622131918, "log10_subsample": -0.8988792168366105, "max_depth": 4.0, "num_boost_round": 4.0}, "datetime": {"datetime": "2024-01-19 02:02:53", "elapsed": 6677.74493, "delta": 0.006895}}
{"target": -13.75846007908666, "params": {"gamma": 820.0788126190301, "log10_alpha": 0.4417785652162127, "log10_colsample_bytree": -0.3939907394199019, "log10_eta": -1.777496152271651, "log10_lambda": -3.3964157746921044, "log10_min_child_weight": 4.862156622131918, "log10_subsample": -0.8988792168366105, "max_depth": 4.0, "num_boost_round": 5.0}, "datetime": {"datetime": "2024-01-19 02:02:53", "elapsed": 6677.751713, "delta": 0.006783}}
{"target": -13.758470567584558, "params": {"gamma": 820.0788126190301, "log10_alpha": 0.4417785652162127, "log10_colsample_bytree": -0.3939907394199019, "log10_eta": -1.777496152271651, "log10_lambda": -3.3964157746921044, "log10_min_child_weight": 4.862156622131918, "log10_subsample": -0.8988792168366105, "max_depth": 4.0, "num_boost_round": 6.0}, "datetime": {"datetime": "2024-01-19 02:02:53", "elapsed": 6677.758299, "delta": 0.006586}}
{"target": -13.758484532230813, "params": {"gamma": 820.0788126190301, "log10_alpha": 0.4417785652162127, "log10_colsample_bytree": -0.3939907394199019, "log10_eta": -1.777496152271651, "log10_lambda": -3.3964157746921044, "log10_min_child_weight": 4.862156622131918, "log10_subsample": -0.8988792168366105, "max_depth": 4.0, "num_boost_round": 7.0}, "datetime": {"datetime": "2024-01-19 02:02:53", "elapsed": 6677.764849, "delta": 0.00655}}
{"target": -13.758472202141835, "params": {"gamma": 820.0788126190301, "log10_alpha": 0.4417785652162127, "log10_colsample_bytree": -0.3939907394199019, "log10_eta": -1.777496152271651, "log10_lambda": -3.3964157746921044, "log10_min_child_weight": 4.862156622131918, "log10_subsample": -0.8988792168366105, "max_depth": 4.0, "num_boost_round": 8.0}, "datetime": {"datetime": "2024-01-19 02:02:53", "elapsed": 6677.771531, "delta": 0.006682}}
{"target": -13.75840025725071, "params": {"gamma": 820.0788126190301, "log10_alpha": 0.4417785652162127, "log10_colsample_bytree": -0.3939907394199019, "log10_eta": -1.777496152271651, "log10_lambda": -3.3964157746921044, "log10_min_child_weight": 4.862156622131918, "log10_subsample": -0.8988792168366105, "max_depth": 4.0, "num_boost_round": 9.0}, "datetime": {"datetime": "2024-01-19 02:02:53", "elapsed": 6677.778165, "delta": 0.006634}}
{"target": -13.758380366478631, "params": {"gamma": 820.0788126190301, "log10_alpha": 0.4417785652162127, "log10_colsample_bytree": -0.3939907394199019, "log10_eta": -1.777496152271651, "log10_lambda": -3.3964157746921044, "log10_min_child_weight": 4.862156622131918, "log10_subsample": -0.8988792168366105, "max_depth": 4.0, "num_boost_round": 10.0}, "datetime": {"datetime": "2024-01-19 02:02:53", "elapsed": 6677.784741, "delta": 0.006576}}
{"target": -13.75832166906576, "params": {"gamma": 820.0788126190301, "log10_alpha": 0.4417785652162127, "log10_colsample_bytree": -0.3939907394199019, "log10_eta": -1.777496152271651, "log10_lambda": -3.3964157746921044, "log10_min_child_weight": 4.862156622131918, "log10_subsample": -0.8988792168366105, "max_depth": 4.0, "num_boost_round": 11.0}, "datetime": {"datetime": "2024-01-19 02:02:53", "elapsed": 6677.791706, "delta": 0.006965}}
