{"target": -15.294271055630492, "params": {"gamma": 878.5258424595673, "log10_alpha": -4.578935456810866, "log10_colsample_bytree": -0.3389999372206147, "log10_eta": -0.2446400105693356, "log10_lambda": 0.7730602185844955, "log10_min_child_weight": 0.6108681186798653, "log10_subsample": -0.142549468127266, "max_depth": 7.0, "num_boost_round": 54.0}, "datetime": {"datetime": "2024-01-19 01:05:59", "elapsed": 3263.814689, "delta": 0.004083}}
{"target": -15.305801491494128, "params": {"gamma": 878.5258424595673, "log10_alpha": -4.578935456810866, "log10_colsample_bytree": -0.3389999372206147, "log10_eta": -0.2446400105693356, "log10_lambda": 0.7730602185844955, "log10_min_child_weight": 0.6108681186798653, "log10_subsample": -0.142549468127266, "max_depth": 7.0, "num_boost_round": 55.0}, "datetime": {"datetime": "2024-01-19 01:05:59", "elapsed": 3263.818703, "delta": 0.004014}}
{"target": -15.315881080925053, "params": {"gamma": 878.5258424595673, "log10_alpha": -4.578935456810866, "log10_colsample_bytree": -0.3389999372206147, "log10_eta": -0.2446400105693356, "log10_lambda": 0.7730602185844955, "log10_min_child_weight": 0.6108681186798653, "log10_subsample": -0.142549468127266, "max_depth": 7.0, "num_boost_round": 56.0}, "datetime": {"datetime": "2024-01-19 01:05:59", "elapsed": 3263.822659, "delta": 0.003956}}
{"target": -15.32586225675219, "params": {"gamma": 878.5258424595673, "log10_alpha": -4.578935456810866, "log10_colsample_bytree": -0.3389999372206147, "log10_eta": -0.2446400105693356, "log10_lambda": 0.7730602185844955, "log10_min_child_weight": 0.6108681186798653, "log10_subsample": -0.142549468127266, "max_depth": 7.0, "num_boost_round": 57.0}, "datetime": {"datetime": "2024-01-19 01:05:59", "elapsed": 3263.826627, "delta": 0.003968}}
{"target": -15.333060068707576, "params": {"gamma": 878.5258424595673, "log10_alpha": -4.578935456810866, "log10_colsample_bytree": -0.3389999372206147, "log10_eta": -0.2446400105693356, "log10_lambda": 0.7730602185844955, "log10_min_child_weight": 0.6108681186798653, "log10_subsample": -0.142549468127266, "max_depth": 7.0, "num_boost_round": 58.0}, "datetime": {"datetime": "2024-01-19 01:05:59", "elapsed": 3263.830642, "delta": 0.004015}}
{"target": -15.339164114804117, "params": {"gamma": 878.5258424595673, "log10_alpha": -4.578935456810866, "log10_colsample_bytree": -0.3389999372206147, "log10_eta": -0.2446400105693356, "log10_lambda": 0.7730602185844955, "log10_min_child_weight": 0.6108681186798653, "log10_subsample": -0.142549468127266, "max_depth": 7.0, "num_boost_round": 59.0}, "datetime": {"datetime": "2024-01-19 01:05:59", "elapsed": 3263.834736, "delta": 0.004094}}
{"target": -15.34667792713531, "params": {"gamma": 878.5258424595673, "log10_alpha": -4.578935456810866, "log10_colsample_bytree": -0.3389999372206147, "log10_eta": -0.2446400105693356, "log10_lambda": 0.7730602185844955, "log10_min_child_weight": 0.6108681186798653, "log10_subsample": -0.142549468127266, "max_depth": 7.0, "num_boost_round": 60.0}, "datetime": {"datetime": "2024-01-19 01:05:59", "elapsed": 3263.954601, "delta": 0.119865}}
{"target": -15.347757665301545, "params": {"gamma": 878.5258424595673, "log10_alpha": -4.578935456810866, "log10_colsample_bytree": -0.3389999372206147, "log10_eta": -0.2446400105693356, "log10_lambda": 0.7730602185844955, "log10_min_child_weight": 0.6108681186798653, "log10_subsample": -0.142549468127266, "max_depth": 7.0, "num_boost_round": 61.0}, "datetime": {"datetime": "2024-01-19 01:05:59", "elapsed": 3263.959944, "delta": 0.005343}}
{"target": -15.359173601884748, "params": {"gamma": 878.5258424595673, "log10_alpha": -4.578935456810866, "log10_colsample_bytree": -0.3389999372206147, "log10_eta": -0.2446400105693356, "log10_lambda": 0.7730602185844955, "log10_min_child_weight": 0.6108681186798653, "log10_subsample": -0.142549468127266, "max_depth": 7.0, "num_boost_round": 62.0}, "datetime": {"datetime": "2024-01-19 01:05:59", "elapsed": 3263.965147, "delta": 0.005203}}
{"target": -15.36657413615301, "params": {"gamma": 878.5258424595673, "log10_alpha": -4.578935456810866, "log10_colsample_bytree": -0.3389999372206147, "log10_eta": -0.2446400105693356, "log10_lambda": 0.7730602185844955, "log10_min_child_weight": 0.6108681186798653, "log10_subsample": -0.142549468127266, "max_depth": 7.0, "num_boost_round": 63.0}, "datetime": {"datetime": "2024-01-19 01:05:59", "elapsed": 3263.969638, "delta": 0.004491}}
{"target": -13.758538096172897, "params": {"gamma": 877.1756961023683, "log10_alpha": 0.5797711853103635, "log10_colsample_bytree": -0.1453750815468674, "log10_eta": -3.9738409474693275, "log10_lambda": -2.974619052096477, "log10_min_child_weight": 4.8991854140724, "log10_subsample": -0.7048802579491781, "max_depth": 3.0, "num_boost_round": 0.0}, "datetime": {"datetime": "2024-01-19 01:07:10", "elapsed": 3334.923948, "delta": 70.95431}}
{"target": -13.758537783219207, "params": {"gamma": 877.1756961023683, "log10_alpha": 0.5797711853103635, "log10_colsample_bytree": -0.1453750815468674, "log10_eta": -3.9738409474693275, "log10_lambda": -2.974619052096477, "log10_min_child_weight": 4.8991854140724, "log10_subsample": -0.7048802579491781, "max_depth": 3.0, "num_boost_round": 1.0}, "datetime": {"datetime": "2024-01-19 01:07:10", "elapsed": 3334.92946, "delta": 0.005512}}
{"target": -13.758537531947427, "params": {"gamma": 877.1756961023683, "log10_alpha": 0.5797711853103635, "log10_colsample_bytree": -0.1453750815468674, "log10_eta": -3.9738409474693275, "log10_lambda": -2.974619052096477, "log10_min_child_weight": 4.8991854140724, "log10_subsample": -0.7048802579491781, "max_depth": 3.0, "num_boost_round": 2.0}, "datetime": {"datetime": "2024-01-19 01:07:10", "elapsed": 3334.934468, "delta": 0.005008}}
{"target": -13.758537049599914, "params": {"gamma": 877.1756961023683, "log10_alpha": 0.5797711853103635, "log10_colsample_bytree": -0.1453750815468674, "log10_eta": -3.9738409474693275, "log10_lambda": -2.974619052096477, "log10_min_child_weight": 4.8991854140724, "log10_subsample": -0.7048802579491781, "max_depth": 3.0, "num_boost_round": 3.0}, "datetime": {"datetime": "2024-01-19 01:07:10", "elapsed": 3334.938949, "delta": 0.004481}}
{"target": -13.758536855703491, "params": {"gamma": 877.1756961023683, "log10_alpha": 0.5797711853103635, "log10_colsample_bytree": -0.1453750815468674, "log10_eta": -3.9738409474693275, "log10_lambda": -2.974619052096477, "log10_min_child_weight": 4.8991854140724, "log10_subsample": -0.7048802579491781, "max_depth": 3.0, "num_boost_round": 4.0}, "datetime": {"datetime": "2024-01-19 01:07:10", "elapsed": 3334.943843, "delta": 0.004894}}
{"target": -13.758536609330962, "params": {"gamma": 877.1756961023683, "log10_alpha": 0.5797711853103635, "log10_colsample_bytree": -0.1453750815468674, "log10_eta": -3.9738409474693275, "log10_lambda": -2.974619052096477, "log10_min_child_weight": 4.8991854140724, "log10_subsample": -0.7048802579491781, "max_depth": 3.0, "num_boost_round": 5.0}, "datetime": {"datetime": "2024-01-19 01:07:10", "elapsed": 3334.948942, "delta": 0.005099}}
{"target": -13.758536109984552, "params": {"gamma": 877.1756961023683, "log10_alpha": 0.5797711853103635, "log10_colsample_bytree": -0.1453750815468674, "log10_eta": -3.9738409474693275, "log10_lambda": -2.974619052096477, "log10_min_child_weight": 4.8991854140724, "log10_subsample": -0.7048802579491781, "max_depth": 3.0, "num_boost_round": 6.0}, "datetime": {"datetime": "2024-01-19 01:07:10", "elapsed": 3334.953218, "delta": 0.004276}}
{"target": -13.758536071375888, "params": {"gamma": 877.1756961023683, "log10_alpha": 0.5797711853103635, "log10_colsample_bytree": -0.1453750815468674, "log10_eta": -3.9738409474693275, "log10_lambda": -2.974619052096477, "log10_min_child_weight": 4.8991854140724, "log10_subsample": -0.7048802579491781, "max_depth": 3.0, "num_boost_round": 7.0}, "datetime": {"datetime": "2024-01-19 01:07:10", "elapsed": 3334.957417, "delta": 0.004199}}
{"target": -13.758535639059573, "params": {"gamma": 877.1756961023683, "log10_alpha": 0.5797711853103635, "log10_colsample_bytree": -0.1453750815468674, "log10_eta": -3.9738409474693275, "log10_lambda": -2.974619052096477, "log10_min_child_weight": 4.8991854140724, "log10_subsample": -0.7048802579491781, "max_depth": 3.0, "num_boost_round": 8.0}, "datetime": {"datetime": "2024-01-19 01:07:10", "elapsed": 3334.961464, "delta": 0.004047}}
{"target": -13.75853558677241, "params": {"gamma": 877.1756961023683, "log10_alpha": 0.5797711853103635, "log10_colsample_bytree": -0.1453750815468674, "log10_eta": -3.9738409474693275, "log10_lambda": -2.974619052096477, "log10_min_child_weight": 4.8991854140724, "log10_subsample": -0.7048802579491781, "max_depth": 3.0, "num_boost_round": 9.0}, "datetime": {"datetime": "2024-01-19 01:07:10", "elapsed": 3334.965741, "delta": 0.004277}}
{"target": -13.758535364875433, "params": {"gamma": 877.1756961023683, "log10_alpha": 0.5797711853103635, "log10_colsample_bytree": -0.1453750815468674, "log10_eta": -3.9738409474693275, "log10_lambda": -2.974619052096477, "log10_min_child_weight": 4.8991854140724, "log10_subsample": -0.7048802579491781, "max_depth": 3.0, "num_boost_round": 10.0}, "datetime": {"datetime": "2024-01-19 01:07:10", "elapsed": 3334.969958, "delta": 0.004217}}
{"target": -13.758534895207596, "params": {"gamma": 877.1756961023683, "log10_alpha": 0.5797711853103635, "log10_colsample_bytree": -0.1453750815468674, "log10_eta": -3.9738409474693275, "log10_lambda": -2.974619052096477, "log10_min_child_weight": 4.8991854140724, "log10_subsample": -0.7048802579491781, "max_depth": 3.0, "num_boost_round": 11.0}, "datetime": {"datetime": "2024-01-19 01:07:10", "elapsed": 3334.974037, "delta": 0.004079}}
{"target": -13.75853463365116, "params": {"gamma": 877.1756961023683, "log10_alpha": 0.5797711853103635, "log10_colsample_bytree": -0.1453750815468674, "log10_eta": -3.9738409474693275, "log10_lambda": -2.974619052096477, "log10_min_child_weight": 4.8991854140724, "log10_subsample": -0.7048802579491781, "max_depth": 3.0, "num_boost_round": 12.0}, "datetime": {"datetime": "2024-01-19 01:07:10", "elapsed": 3334.978164, "delta": 0.004127}}
{"target": -13.758534225310553, "params": {"gamma": 877.1756961023683, "log10_alpha": 0.5797711853103635, "log10_colsample_bytree": -0.1453750815468674, "log10_eta": -3.9738409474693275, "log10_lambda": -2.974619052096477, "log10_min_child_weight": 4.8991854140724, "log10_subsample": -0.7048802579491781, "max_depth": 3.0, "num_boost_round": 13.0}, "datetime": {"datetime": "2024-01-19 01:07:10", "elapsed": 3334.982233, "delta": 0.004069}}
{"target": -13.758533802655316, "params": {"gamma": 877.1756961023683, "log10_alpha": 0.5797711853103635, "log10_colsample_bytree": -0.1453750815468674, "log10_eta": -3.9738409474693275, "log10_lambda": -2.974619052096477, "log10_min_child_weight": 4.8991854140724, "log10_subsample": -0.7048802579491781, "max_depth": 3.0, "num_boost_round": 14.0}, "datetime": {"datetime": "2024-01-19 01:07:10", "elapsed": 3334.986413, "delta": 0.00418}}
{"target": -13.758533452970154, "params": {"gamma": 877.1756961023683, "log10_alpha": 0.5797711853103635, "log10_colsample_bytree": -0.1453750815468674, "log10_eta": -3.9738409474693275, "log10_lambda": -2.974619052096477, "log10_min_child_weight": 4.8991854140724, "log10_subsample": -0.7048802579491781, "max_depth": 3.0, "num_boost_round": 15.0}, "datetime": {"datetime": "2024-01-19 01:07:10", "elapsed": 3334.990507, "delta": 0.004094}}
{"target": -13.758532967394165, "params": {"gamma": 877.1756961023683, "log10_alpha": 0.5797711853103635, "log10_colsample_bytree": -0.1453750815468674, "log10_eta": -3.9738409474693275, "log10_lambda": -2.974619052096477, "log10_min_child_weight": 4.8991854140724, "log10_subsample": -0.7048802579491781, "max_depth": 3.0, "num_boost_round": 16.0}, "datetime": {"datetime": "2024-01-19 01:07:10", "elapsed": 3334.994601, "delta": 0.004094}}
{"target": -13.758532606800566, "params": {"gamma": 877.1756961023683, "log10_alpha": 0.5797711853103635, "log10_colsample_bytree": -0.1453750815468674, "log10_eta": -3.9738409474693275, "log10_lambda": -2.974619052096477, "log10_min_child_weight": 4.8991854140724, "log10_subsample": -0.7048802579491781, "max_depth": 3.0, "num_boost_round": 17.0}, "datetime": {"datetime": "2024-01-19 01:07:10", "elapsed": 3334.998729, "delta": 0.004128}}
{"target": -13.758532437049519, "params": {"gamma": 877.1756961023683, "log10_alpha": 0.5797711853103635, "log10_colsample_bytree": -0.1453750815468674, "log10_eta": -3.9738409474693275, "log10_lambda": -2.974619052096477, "log10_min_child_weight": 4.8991854140724, "log10_subsample": -0.7048802579491781, "max_depth": 3.0, "num_boost_round": 18.0}, "datetime": {"datetime": "2024-01-19 01:07:10", "elapsed": 3335.002894, "delta": 0.004165}}
{"target": -13.758531990089862, "params": {"gamma": 877.1756961023683, "log10_alpha": 0.5797711853103635, "log10_colsample_bytree": -0.1453750815468674, "log10_eta": -3.9738409474693275, "log10_lambda": -2.974619052096477, "log10_min_child_weight": 4.8991854140724, "log10_subsample": -0.7048802579491781, "max_depth": 3.0, "num_boost_round": 19.0}, "datetime": {"datetime": "2024-01-19 01:07:10", "elapsed": 3335.007042, "delta": 0.004148}}
{"target": -13.758531710867599, "params": {"gamma": 877.1756961023683, "log10_alpha": 0.5797711853103635, "log10_colsample_bytree": -0.1453750815468674, "log10_eta": -3.9738409474693275, "log10_lambda": -2.974619052096477, "log10_min_child_weight": 4.8991854140724, "log10_subsample": -0.7048802579491781, "max_depth": 3.0, "num_boost_round": 20.0}, "datetime": {"datetime": "2024-01-19 01:07:10", "elapsed": 3335.011266, "delta": 0.004224}}
{"target": -13.758531652084663, "params": {"gamma": 877.1756961023683, "log10_alpha": 0.5797711853103635, "log10_colsample_bytree": -0.1453750815468674, "log10_eta": -3.9738409474693275, "log10_lambda": -2.974619052096477, "log10_min_child_weight": 4.8991854140724, "log10_subsample": -0.7048802579491781, "max_depth": 3.0, "num_boost_round": 21.0}, "datetime": {"datetime": "2024-01-19 01:07:10", "elapsed": 3335.015492, "delta": 0.004226}}
{"target": -13.758530891184094, "params": {"gamma": 877.1756961023683, "log10_alpha": 0.5797711853103635, "log10_colsample_bytree": -0.1453750815468674, "log10_eta": -3.9738409474693275, "log10_lambda": -2.974619052096477, "log10_min_child_weight": 4.8991854140724, "log10_subsample": -0.7048802579491781, "max_depth": 3.0, "num_boost_round": 22.0}, "datetime": {"datetime": "2024-01-19 01:07:10", "elapsed": 3335.019668, "delta": 0.004176}}
{"target": -13.758530650883706, "params": {"gamma": 877.1756961023683, "log10_alpha": 0.5797711853103635, "log10_colsample_bytree": -0.1453750815468674, "log10_eta": -3.9738409474693275, "log10_lambda": -2.974619052096477, "log10_min_child_weight": 4.8991854140724, "log10_subsample": -0.7048802579491781, "max_depth": 3.0, "num_boost_round": 23.0}, "datetime": {"datetime": "2024-01-19 01:07:10", "elapsed": 3335.023813, "delta": 0.004145}}
{"target": -13.758530580743743, "params": {"gamma": 877.1756961023683, "log10_alpha": 0.5797711853103635, "log10_colsample_bytree": -0.1453750815468674, "log10_eta": -3.9738409474693275, "log10_lambda": -2.974619052096477, "log10_min_child_weight": 4.8991854140724, "log10_subsample": -0.7048802579491781, "max_depth": 3.0, "num_boost_round": 24.0}, "datetime": {"datetime": "2024-01-19 01:07:10", "elapsed": 3335.027934, "delta": 0.004121}}
{"target": -13.758530264697239, "params": {"gamma": 877.1756961023683, "log10_alpha": 0.5797711853103635, "log10_colsample_bytree": -0.1453750815468674, "log10_eta": -3.9738409474693275, "log10_lambda": -2.974619052096477, "log10_min_child_weight": 4.8991854140724, "log10_subsample": -0.7048802579491781, "max_depth": 3.0, "num_boost_round": 25.0}, "datetime": {"datetime": "2024-01-19 01:07:10", "elapsed": 3335.032149, "delta": 0.004215}}
{"target": -13.758529798144997, "params": {"gamma": 877.1756961023683, "log10_alpha": 0.5797711853103635, "log10_colsample_bytree": -0.1453750815468674, "log10_eta": -3.9738409474693275, "log10_lambda": -2.974619052096477, "log10_min_child_weight": 4.8991854140724, "log10_subsample": -0.7048802579491781, "max_depth": 3.0, "num_boost_round": 26.0}, "datetime": {"datetime": "2024-01-19 01:07:10", "elapsed": 3335.036353, "delta": 0.004204}}
{"target": -13.758529307950711, "params": {"gamma": 877.1756961023683, "log10_alpha": 0.5797711853103635, "log10_colsample_bytree": -0.1453750815468674, "log10_eta": -3.9738409474693275, "log10_lambda": -2.974619052096477, "log10_min_child_weight": 4.8991854140724, "log10_subsample": -0.7048802579491781, "max_depth": 3.0, "num_boost_round": 27.0}, "datetime": {"datetime": "2024-01-19 01:07:10", "elapsed": 3335.040485, "delta": 0.004132}}
{"target": -13.758529070554692, "params": {"gamma": 877.1756961023683, "log10_alpha": 0.5797711853103635, "log10_colsample_bytree": -0.1453750815468674, "log10_eta": -3.9738409474693275, "log10_lambda": -2.974619052096477, "log10_min_child_weight": 4.8991854140724, "log10_subsample": -0.7048802579491781, "max_depth": 3.0, "num_boost_round": 28.0}, "datetime": {"datetime": "2024-01-19 01:07:10", "elapsed": 3335.044614, "delta": 0.004129}}
{"target": -13.75852846812324, "params": {"gamma": 877.1756961023683, "log10_alpha": 0.5797711853103635, "log10_colsample_bytree": -0.1453750815468674, "log10_eta": -3.9738409474693275, "log10_lambda": -2.974619052096477, "log10_min_child_weight": 4.8991854140724, "log10_subsample": -0.7048802579491781, "max_depth": 3.0, "num_boost_round": 29.0}, "datetime": {"datetime": "2024-01-19 01:07:10", "elapsed": 3335.048791, "delta": 0.004177}}
{"target": -13.758527916337254, "params": {"gamma": 877.1756961023683, "log10_alpha": 0.5797711853103635, "log10_colsample_bytree": -0.1453750815468674, "log10_eta": -3.9738409474693275, "log10_lambda": -2.974619052096477, "log10_min_child_weight": 4.8991854140724, "log10_subsample": -0.7048802579491781, "max_depth": 3.0, "num_boost_round": 30.0}, "datetime": {"datetime": "2024-01-19 01:07:10", "elapsed": 3335.052917, "delta": 0.004126}}
{"target": -13.758527403836238, "params": {"gamma": 877.1756961023683, "log10_alpha": 0.5797711853103635, "log10_colsample_bytree": -0.1453750815468674, "log10_eta": -3.9738409474693275, "log10_lambda": -2.974619052096477, "log10_min_child_weight": 4.8991854140724, "log10_subsample": -0.7048802579491781, "max_depth": 3.0, "num_boost_round": 31.0}, "datetime": {"datetime": "2024-01-19 01:07:10", "elapsed": 3335.05704, "delta": 0.004123}}
{"target": -13.758527088461626, "params": {"gamma": 877.1756961023683, "log10_alpha": 0.5797711853103635, "log10_colsample_bytree": -0.1453750815468674, "log10_eta": -3.9738409474693275, "log10_lambda": -2.974619052096477, "log10_min_child_weight": 4.8991854140724, "log10_subsample": -0.7048802579491781, "max_depth": 3.0, "num_boost_round": 32.0}, "datetime": {"datetime": "2024-01-19 01:07:10", "elapsed": 3335.061228, "delta": 0.004188}}
{"target": -13.75852680758754, "params": {"gamma": 877.1756961023683, "log10_alpha": 0.5797711853103635, "log10_colsample_bytree": -0.1453750815468674, "log10_eta": -3.9738409474693275, "log10_lambda": -2.974619052096477, "log10_min_child_weight": 4.8991854140724, "log10_subsample": -0.7048802579491781, "max_depth": 3.0, "num_boost_round": 33.0}, "datetime": {"datetime": "2024-01-19 01:07:10", "elapsed": 3335.065361, "delta": 0.004133}}
{"target": -13.758526365699007, "params": {"gamma": 877.1756961023683, "log10_alpha": 0.5797711853103635, "log10_colsample_bytree": -0.1453750815468674, "log10_eta": -3.9738409474693275, "log10_lambda": -2.974619052096477, "log10_min_child_weight": 4.8991854140724, "log10_subsample": -0.7048802579491781, "max_depth": 3.0, "num_boost_round": 34.0}, "datetime": {"datetime": "2024-01-19 01:07:10", "elapsed": 3335.07048, "delta": 0.005119}}
{"target": -13.75852630481459, "params": {"gamma": 877.1756961023683, "log10_alpha": 0.5797711853103635, "log10_colsample_bytree": -0.1453750815468674, "log10_eta": -3.9738409474693275, "log10_lambda": -2.974619052096477, "log10_min_child_weight": 4.8991854140724, "log10_subsample": -0.7048802579491781, "max_depth": 3.0, "num_boost_round": 35.0}, "datetime": {"datetime": "2024-01-19 01:07:10", "elapsed": 3335.074724, "delta": 0.004244}}
{"target": -13.758525820480614, "params": {"gamma": 877.1756961023683, "log10_alpha": 0.5797711853103635, "log10_colsample_bytree": -0.1453750815468674, "log10_eta": -3.9738409474693275, "log10_lambda": -2.974619052096477, "log10_min_child_weight": 4.8991854140724, "log10_subsample": -0.7048802579491781, "max_depth": 3.0, "num_boost_round": 36.0}, "datetime": {"datetime": "2024-01-19 01:07:10", "elapsed": 3335.078948, "delta": 0.004224}}
{"target": -13.758525766848665, "params": {"gamma": 877.1756961023683, "log10_alpha": 0.5797711853103635, "log10_colsample_bytree": -0.1453750815468674, "log10_eta": -3.9738409474693275, "log10_lambda": -2.974619052096477, "log10_min_child_weight": 4.8991854140724, "log10_subsample": -0.7048802579491781, "max_depth": 3.0, "num_boost_round": 37.0}, "datetime": {"datetime": "2024-01-19 01:07:10", "elapsed": 3335.083083, "delta": 0.004135}}
{"target": -13.758525640662763, "params": {"gamma": 877.1756961023683, "log10_alpha": 0.5797711853103635, "log10_colsample_bytree": -0.1453750815468674, "log10_eta": -3.9738409474693275, "log10_lambda": -2.974619052096477, "log10_min_child_weight": 4.8991854140724, "log10_subsample": -0.7048802579491781, "max_depth": 3.0, "num_boost_round": 38.0}, "datetime": {"datetime": "2024-01-19 01:07:10", "elapsed": 3335.087252, "delta": 0.004169}}
