{"target": -18.610658229445377, "params": {"gamma": 221.9931710897395, "log10_alpha": 0.22439383706425886, "log10_colsample_bytree": -0.7932808446605736, "log10_eta": -0.3255563682483138, "log10_lambda": -2.0695328672310254, "log10_min_child_weight": 3.0587193145132288, "log10_subsample": -0.23409214351968444, "max_depth": 6.0, "num_boost_round": 49.0}, "datetime": {"datetime": "2024-01-19 00:11:55", "elapsed": 0.04818, "delta": 0.000324}}
{"target": -18.628095676378294, "params": {"gamma": 221.9931710897395, "log10_alpha": 0.22439383706425886, "log10_colsample_bytree": -0.7932808446605736, "log10_eta": -0.3255563682483138, "log10_lambda": -2.0695328672310254, "log10_min_child_weight": 3.0587193145132288, "log10_subsample": -0.23409214351968444, "max_depth": 6.0, "num_boost_round": 50.0}, "datetime": {"datetime": "2024-01-19 00:11:55", "elapsed": 0.048396, "delta": 0.000216}}
{"target": -18.633361428623942, "params": {"gamma": 221.9931710897395, "log10_alpha": 0.22439383706425886, "log10_colsample_bytree": -0.7932808446605736, "log10_eta": -0.3255563682483138, "log10_lambda": -2.0695328672310254, "log10_min_child_weight": 3.0587193145132288, "log10_subsample": -0.23409214351968444, "max_depth": 6.0, "num_boost_round": 51.0}, "datetime": {"datetime": "2024-01-19 00:11:55", "elapsed": 0.048598, "delta": 0.000202}}
{"target": -18.664411780826498, "params": {"gamma": 221.9931710897395, "log10_alpha": 0.22439383706425886, "log10_colsample_bytree": -0.7932808446605736, "log10_eta": -0.3255563682483138, "log10_lambda": -2.0695328672310254, "log10_min_child_weight": 3.0587193145132288, "log10_subsample": -0.23409214351968444, "max_depth": 6.0, "num_boost_round": 52.0}, "datetime": {"datetime": "2024-01-19 00:11:55", "elapsed": 0.048799, "delta": 0.000201}}
{"target": -18.676402577365508, "params": {"gamma": 221.9931710897395, "log10_alpha": 0.22439383706425886, "log10_colsample_bytree": -0.7932808446605736, "log10_eta": -0.3255563682483138, "log10_lambda": -2.0695328672310254, "log10_min_child_weight": 3.0587193145132288, "log10_subsample": -0.23409214351968444, "max_depth": 6.0, "num_boost_round": 53.0}, "datetime": {"datetime": "2024-01-19 00:11:55", "elapsed": 0.049001, "delta": 0.000202}}
{"target": -18.678259003759603, "params": {"gamma": 221.9931710897395, "log10_alpha": 0.22439383706425886, "log10_colsample_bytree": -0.7932808446605736, "log10_eta": -0.3255563682483138, "log10_lambda": -2.0695328672310254, "log10_min_child_weight": 3.0587193145132288, "log10_subsample": -0.23409214351968444, "max_depth": 6.0, "num_boost_round": 54.0}, "datetime": {"datetime": "2024-01-19 00:11:55", "elapsed": 0.049298, "delta": 0.000297}}
{"target": -18.688290035360275, "params": {"gamma": 221.9931710897395, "log10_alpha": 0.22439383706425886, "log10_colsample_bytree": -0.7932808446605736, "log10_eta": -0.3255563682483138, "log10_lambda": -2.0695328672310254, "log10_min_child_weight": 3.0587193145132288, "log10_subsample": -0.23409214351968444, "max_depth": 6.0, "num_boost_round": 55.0}, "datetime": {"datetime": "2024-01-19 00:11:55", "elapsed": 0.049517, "delta": 0.000219}}
{"target": -18.68806774838946, "params": {"gamma": 221.9931710897395, "log10_alpha": 0.22439383706425886, "log10_colsample_bytree": -0.7932808446605736, "log10_eta": -0.3255563682483138, "log10_lambda": -2.0695328672310254, "log10_min_child_weight": 3.0587193145132288, "log10_subsample": -0.23409214351968444, "max_depth": 6.0, "num_boost_round": 56.0}, "datetime": {"datetime": "2024-01-19 00:11:55", "elapsed": 0.049726, "delta": 0.000209}}
{"target": -18.696933396331197, "params": {"gamma": 221.9931710897395, "log10_alpha": 0.22439383706425886, "log10_colsample_bytree": -0.7932808446605736, "log10_eta": -0.3255563682483138, "log10_lambda": -2.0695328672310254, "log10_min_child_weight": 3.0587193145132288, "log10_subsample": -0.23409214351968444, "max_depth": 6.0, "num_boost_round": 57.0}, "datetime": {"datetime": "2024-01-19 00:11:55", "elapsed": 0.049937, "delta": 0.000211}}
{"target": -18.698361435124312, "params": {"gamma": 221.9931710897395, "log10_alpha": 0.22439383706425886, "log10_colsample_bytree": -0.7932808446605736, "log10_eta": -0.3255563682483138, "log10_lambda": -2.0695328672310254, "log10_min_child_weight": 3.0587193145132288, "log10_subsample": -0.23409214351968444, "max_depth": 6.0, "num_boost_round": 58.0}, "datetime": {"datetime": "2024-01-19 00:11:55", "elapsed": 0.050149, "delta": 0.000212}}
{"target": -18.708608038857623, "params": {"gamma": 221.9931710897395, "log10_alpha": 0.22439383706425886, "log10_colsample_bytree": -0.7932808446605736, "log10_eta": -0.3255563682483138, "log10_lambda": -2.0695328672310254, "log10_min_child_weight": 3.0587193145132288, "log10_subsample": -0.23409214351968444, "max_depth": 6.0, "num_boost_round": 59.0}, "datetime": {"datetime": "2024-01-19 00:11:55", "elapsed": 0.050376, "delta": 0.000227}}
{"target": -18.71545039639227, "params": {"gamma": 221.9931710897395, "log10_alpha": 0.22439383706425886, "log10_colsample_bytree": -0.7932808446605736, "log10_eta": -0.3255563682483138, "log10_lambda": -2.0695328672310254, "log10_min_child_weight": 3.0587193145132288, "log10_subsample": -0.23409214351968444, "max_depth": 6.0, "num_boost_round": 60.0}, "datetime": {"datetime": "2024-01-19 00:11:55", "elapsed": 0.050596, "delta": 0.00022}}
{"target": -18.7240008846478, "params": {"gamma": 221.9931710897395, "log10_alpha": 0.22439383706425886, "log10_colsample_bytree": -0.7932808446605736, "log10_eta": -0.3255563682483138, "log10_lambda": -2.0695328672310254, "log10_min_child_weight": 3.0587193145132288, "log10_subsample": -0.23409214351968444, "max_depth": 6.0, "num_boost_round": 61.0}, "datetime": {"datetime": "2024-01-19 00:11:55", "elapsed": 0.050816, "delta": 0.00022}}
{"target": -18.741443345725266, "params": {"gamma": 221.9931710897395, "log10_alpha": 0.22439383706425886, "log10_colsample_bytree": -0.7932808446605736, "log10_eta": -0.3255563682483138, "log10_lambda": -2.0695328672310254, "log10_min_child_weight": 3.0587193145132288, "log10_subsample": -0.23409214351968444, "max_depth": 6.0, "num_boost_round": 62.0}, "datetime": {"datetime": "2024-01-19 00:11:55", "elapsed": 0.051036, "delta": 0.00022}}
{"target": -18.742201717380695, "params": {"gamma": 221.9931710897395, "log10_alpha": 0.22439383706425886, "log10_colsample_bytree": -0.7932808446605736, "log10_eta": -0.3255563682483138, "log10_lambda": -2.0695328672310254, "log10_min_child_weight": 3.0587193145132288, "log10_subsample": -0.23409214351968444, "max_depth": 6.0, "num_boost_round": 63.0}, "datetime": {"datetime": "2024-01-19 00:11:55", "elapsed": 0.051278, "delta": 0.000242}}
{"target": -18.743879665788747, "params": {"gamma": 221.9931710897395, "log10_alpha": 0.22439383706425886, "log10_colsample_bytree": -0.7932808446605736, "log10_eta": -0.3255563682483138, "log10_lambda": -2.0695328672310254, "log10_min_child_weight": 3.0587193145132288, "log10_subsample": -0.23409214351968444, "max_depth": 6.0, "num_boost_round": 64.0}, "datetime": {"datetime": "2024-01-19 00:11:55", "elapsed": 0.051516, "delta": 0.000238}}
{"target": -18.7416764205846, "params": {"gamma": 221.9931710897395, "log10_alpha": 0.22439383706425886, "log10_colsample_bytree": -0.7932808446605736, "log10_eta": -0.3255563682483138, "log10_lambda": -2.0695328672310254, "log10_min_child_weight": 3.0587193145132288, "log10_subsample": -0.23409214351968444, "max_depth": 6.0, "num_boost_round": 65.0}, "datetime": {"datetime": "2024-01-19 00:11:55", "elapsed": 0.05174, "delta": 0.000224}}
{"target": -17.67722335704572, "params": {"gamma": 219.11197615141177, "log10_alpha": -1.3701707881158791, "log10_colsample_bytree": -0.8715726697182423, "log10_eta": -3.420830730692873, "log10_lambda": -2.440213115365492, "log10_min_child_weight": 1.0736501991037422, "log10_subsample": -0.7184807114846361, "max_depth": 2.0, "num_boost_round": 0.0}, "datetime": {"datetime": "2024-01-19 00:12:14", "elapsed": 18.708567, "delta": 18.656827}}
{"target": -17.677209060756468, "params": {"gamma": 219.11197615141177, "log10_alpha": -1.3701707881158791, "log10_colsample_bytree": -0.8715726697182423, "log10_eta": -3.420830730692873, "log10_lambda": -2.440213115365492, "log10_min_child_weight": 1.0736501991037422, "log10_subsample": -0.7184807114846361, "max_depth": 2.0, "num_boost_round": 1.0}, "datetime": {"datetime": "2024-01-19 00:12:14", "elapsed": 18.70898, "delta": 0.000413}}
{"target": -17.677205886897116, "params": {"gamma": 219.11197615141177, "log10_alpha": -1.3701707881158791, "log10_colsample_bytree": -0.8715726697182423, "log10_eta": -3.420830730692873, "log10_lambda": -2.440213115365492, "log10_min_child_weight": 1.0736501991037422, "log10_subsample": -0.7184807114846361, "max_depth": 2.0, "num_boost_round": 2.0}, "datetime": {"datetime": "2024-01-19 00:12:14", "elapsed": 18.709666, "delta": 0.000686}}
{"target": -17.677197184932766, "params": {"gamma": 219.11197615141177, "log10_alpha": -1.3701707881158791, "log10_colsample_bytree": -0.8715726697182423, "log10_eta": -3.420830730692873, "log10_lambda": -2.440213115365492, "log10_min_child_weight": 1.0736501991037422, "log10_subsample": -0.7184807114846361, "max_depth": 2.0, "num_boost_round": 3.0}, "datetime": {"datetime": "2024-01-19 00:12:14", "elapsed": 18.709937, "delta": 0.000271}}
{"target": -17.67718509994723, "params": {"gamma": 219.11197615141177, "log10_alpha": -1.3701707881158791, "log10_colsample_bytree": -0.8715726697182423, "log10_eta": -3.420830730692873, "log10_lambda": -2.440213115365492, "log10_min_child_weight": 1.0736501991037422, "log10_subsample": -0.7184807114846361, "max_depth": 2.0, "num_boost_round": 4.0}, "datetime": {"datetime": "2024-01-19 00:12:14", "elapsed": 18.710291, "delta": 0.000354}}
{"target": -17.677177071606618, "params": {"gamma": 219.11197615141177, "log10_alpha": -1.3701707881158791, "log10_colsample_bytree": -0.8715726697182423, "log10_eta": -3.420830730692873, "log10_lambda": -2.440213115365492, "log10_min_child_weight": 1.0736501991037422, "log10_subsample": -0.7184807114846361, "max_depth": 2.0, "num_boost_round": 5.0}, "datetime": {"datetime": "2024-01-19 00:12:14", "elapsed": 18.710542, "delta": 0.000251}}
{"target": -17.67717617653158, "params": {"gamma": 219.11197615141177, "log10_alpha": -1.3701707881158791, "log10_colsample_bytree": -0.8715726697182423, "log10_eta": -3.420830730692873, "log10_lambda": -2.440213115365492, "log10_min_child_weight": 1.0736501991037422, "log10_subsample": -0.7184807114846361, "max_depth": 2.0, "num_boost_round": 6.0}, "datetime": {"datetime": "2024-01-19 00:12:14", "elapsed": 18.71079, "delta": 0.000248}}
{"target": -17.677166760564717, "params": {"gamma": 219.11197615141177, "log10_alpha": -1.3701707881158791, "log10_colsample_bytree": -0.8715726697182423, "log10_eta": -3.420830730692873, "log10_lambda": -2.440213115365492, "log10_min_child_weight": 1.0736501991037422, "log10_subsample": -0.7184807114846361, "max_depth": 2.0, "num_boost_round": 7.0}, "datetime": {"datetime": "2024-01-19 00:12:14", "elapsed": 18.71104, "delta": 0.00025}}
{"target": -17.67716959387604, "params": {"gamma": 219.11197615141177, "log10_alpha": -1.3701707881158791, "log10_colsample_bytree": -0.8715726697182423, "log10_eta": -3.420830730692873, "log10_lambda": -2.440213115365492, "log10_min_child_weight": 1.0736501991037422, "log10_subsample": -0.7184807114846361, "max_depth": 2.0, "num_boost_round": 8.0}, "datetime": {"datetime": "2024-01-19 00:12:14", "elapsed": 18.711445, "delta": 0.000405}}
{"target": -17.67716265717395, "params": {"gamma": 219.11197615141177, "log10_alpha": -1.3701707881158791, "log10_colsample_bytree": -0.8715726697182423, "log10_eta": -3.420830730692873, "log10_lambda": -2.440213115365492, "log10_min_child_weight": 1.0736501991037422, "log10_subsample": -0.7184807114846361, "max_depth": 2.0, "num_boost_round": 9.0}, "datetime": {"datetime": "2024-01-19 00:12:14", "elapsed": 18.711692, "delta": 0.000247}}
{"target": -17.67714937418737, "params": {"gamma": 219.11197615141177, "log10_alpha": -1.3701707881158791, "log10_colsample_bytree": -0.8715726697182423, "log10_eta": -3.420830730692873, "log10_lambda": -2.440213115365492, "log10_min_child_weight": 1.0736501991037422, "log10_subsample": -0.7184807114846361, "max_depth": 2.0, "num_boost_round": 10.0}, "datetime": {"datetime": "2024-01-19 00:12:14", "elapsed": 18.711933, "delta": 0.000241}}
{"target": -17.677111134524655, "params": {"gamma": 217.40537672484083, "log10_alpha": -4.1226263317594505, "log10_colsample_bytree": -0.4731828417093399, "log10_eta": -2.4933679550468124, "log10_lambda": -3.699449555273432, "log10_min_child_weight": 2.3936626599198148, "log10_subsample": -0.5673237416080817, "max_depth": 6.0, "num_boost_round": 0.0}, "datetime": {"datetime": "2024-01-19 00:12:33", "elapsed": 37.725594, "delta": 19.013661}}
{"target": -17.676970798690377, "params": {"gamma": 217.40537672484083, "log10_alpha": -4.1226263317594505, "log10_colsample_bytree": -0.4731828417093399, "log10_eta": -2.4933679550468124, "log10_lambda": -3.699449555273432, "log10_min_child_weight": 2.3936626599198148, "log10_subsample": -0.5673237416080817, "max_depth": 6.0, "num_boost_round": 1.0}, "datetime": {"datetime": "2024-01-19 00:12:33", "elapsed": 37.726026, "delta": 0.000432}}
{"target": -17.676798375530545, "params": {"gamma": 217.40537672484083, "log10_alpha": -4.1226263317594505, "log10_colsample_bytree": -0.4731828417093399, "log10_eta": -2.4933679550468124, "log10_lambda": -3.699449555273432, "log10_min_child_weight": 2.3936626599198148, "log10_subsample": -0.5673237416080817, "max_depth": 6.0, "num_boost_round": 2.0}, "datetime": {"datetime": "2024-01-19 00:12:33", "elapsed": 37.726313, "delta": 0.000287}}
{"target": -17.67681105727842, "params": {"gamma": 217.40537672484083, "log10_alpha": -4.1226263317594505, "log10_colsample_bytree": -0.4731828417093399, "log10_eta": -2.4933679550468124, "log10_lambda": -3.699449555273432, "log10_min_child_weight": 2.3936626599198148, "log10_subsample": -0.5673237416080817, "max_depth": 6.0, "num_boost_round": 3.0}, "datetime": {"datetime": "2024-01-19 00:12:33", "elapsed": 37.72658, "delta": 0.000267}}
{"target": -17.676701310619, "params": {"gamma": 217.40537672484083, "log10_alpha": -4.1226263317594505, "log10_colsample_bytree": -0.4731828417093399, "log10_eta": -2.4933679550468124, "log10_lambda": -3.699449555273432, "log10_min_child_weight": 2.3936626599198148, "log10_subsample": -0.5673237416080817, "max_depth": 6.0, "num_boost_round": 4.0}, "datetime": {"datetime": "2024-01-19 00:12:33", "elapsed": 37.726833, "delta": 0.000253}}
{"target": -17.67660492627327, "params": {"gamma": 217.40537672484083, "log10_alpha": -4.1226263317594505, "log10_colsample_bytree": -0.4731828417093399, "log10_eta": -2.4933679550468124, "log10_lambda": -3.699449555273432, "log10_min_child_weight": 2.3936626599198148, "log10_subsample": -0.5673237416080817, "max_depth": 6.0, "num_boost_round": 5.0}, "datetime": {"datetime": "2024-01-19 00:12:33", "elapsed": 37.727257, "delta": 0.000424}}
{"target": -17.676516220819405, "params": {"gamma": 217.40537672484083, "log10_alpha": -4.1226263317594505, "log10_colsample_bytree": -0.4731828417093399, "log10_eta": -2.4933679550468124, "log10_lambda": -3.699449555273432, "log10_min_child_weight": 2.3936626599198148, "log10_subsample": -0.5673237416080817, "max_depth": 6.0, "num_boost_round": 6.0}, "datetime": {"datetime": "2024-01-19 00:12:33", "elapsed": 37.727522, "delta": 0.000265}}
{"target": -17.676384683104132, "params": {"gamma": 217.40537672484083, "log10_alpha": -4.1226263317594505, "log10_colsample_bytree": -0.4731828417093399, "log10_eta": -2.4933679550468124, "log10_lambda": -3.699449555273432, "log10_min_child_weight": 2.3936626599198148, "log10_subsample": -0.5673237416080817, "max_depth": 6.0, "num_boost_round": 7.0}, "datetime": {"datetime": "2024-01-19 00:12:33", "elapsed": 37.728279, "delta": 0.000757}}
{"target": -17.67625349725353, "params": {"gamma": 217.40537672484083, "log10_alpha": -4.1226263317594505, "log10_colsample_bytree": -0.4731828417093399, "log10_eta": -2.4933679550468124, "log10_lambda": -3.699449555273432, "log10_min_child_weight": 2.3936626599198148, "log10_subsample": -0.5673237416080817, "max_depth": 6.0, "num_boost_round": 8.0}, "datetime": {"datetime": "2024-01-19 00:12:33", "elapsed": 37.728554, "delta": 0.000275}}
{"target": -17.676159539002356, "params": {"gamma": 217.40537672484083, "log10_alpha": -4.1226263317594505, "log10_colsample_bytree": -0.4731828417093399, "log10_eta": -2.4933679550468124, "log10_lambda": -3.699449555273432, "log10_min_child_weight": 2.3936626599198148, "log10_subsample": -0.5673237416080817, "max_depth": 6.0, "num_boost_round": 9.0}, "datetime": {"datetime": "2024-01-19 00:12:33", "elapsed": 37.728813, "delta": 0.000259}}
{"target": -17.677063074713022, "params": {"gamma": 213.11373317856263, "log10_alpha": -3.2610457867215645, "log10_colsample_bytree": -0.23905557027142166, "log10_eta": -0.5227287047909366, "log10_lambda": 0.6994716538014236, "log10_min_child_weight": 1.6338038894317564, "log10_subsample": -0.6489026637986908, "max_depth": 2.0, "num_boost_round": 0.0}, "datetime": {"datetime": "2024-01-19 00:12:53", "elapsed": 57.884522, "delta": 20.155709}}
{"target": -17.674887024526868, "params": {"gamma": 213.11373317856263, "log10_alpha": -3.2610457867215645, "log10_colsample_bytree": -0.23905557027142166, "log10_eta": -0.5227287047909366, "log10_lambda": 0.6994716538014236, "log10_min_child_weight": 1.6338038894317564, "log10_subsample": -0.6489026637986908, "max_depth": 2.0, "num_boost_round": 1.0}, "datetime": {"datetime": "2024-01-19 00:12:53", "elapsed": 57.88497, "delta": 0.000448}}
{"target": -17.674510342393347, "params": {"gamma": 213.11373317856263, "log10_alpha": -3.2610457867215645, "log10_colsample_bytree": -0.23905557027142166, "log10_eta": -0.5227287047909366, "log10_lambda": 0.6994716538014236, "log10_min_child_weight": 1.6338038894317564, "log10_subsample": -0.6489026637986908, "max_depth": 2.0, "num_boost_round": 2.0}, "datetime": {"datetime": "2024-01-19 00:12:53", "elapsed": 57.885272, "delta": 0.000302}}
{"target": -17.676064514680135, "params": {"gamma": 213.11373317856263, "log10_alpha": -3.2610457867215645, "log10_colsample_bytree": -0.23905557027142166, "log10_eta": -0.5227287047909366, "log10_lambda": 0.6994716538014236, "log10_min_child_weight": 1.6338038894317564, "log10_subsample": -0.6489026637986908, "max_depth": 2.0, "num_boost_round": 3.0}, "datetime": {"datetime": "2024-01-19 00:12:53", "elapsed": 57.885561, "delta": 0.000289}}
{"target": -17.678420067592743, "params": {"gamma": 213.11373317856263, "log10_alpha": -3.2610457867215645, "log10_colsample_bytree": -0.23905557027142166, "log10_eta": -0.5227287047909366, "log10_lambda": 0.6994716538014236, "log10_min_child_weight": 1.6338038894317564, "log10_subsample": -0.6489026637986908, "max_depth": 2.0, "num_boost_round": 4.0}, "datetime": {"datetime": "2024-01-19 00:12:53", "elapsed": 57.885853, "delta": 0.000292}}
{"target": -17.679034441835253, "params": {"gamma": 213.11373317856263, "log10_alpha": -3.2610457867215645, "log10_colsample_bytree": -0.23905557027142166, "log10_eta": -0.5227287047909366, "log10_lambda": 0.6994716538014236, "log10_min_child_weight": 1.6338038894317564, "log10_subsample": -0.6489026637986908, "max_depth": 2.0, "num_boost_round": 5.0}, "datetime": {"datetime": "2024-01-19 00:12:53", "elapsed": 57.886143, "delta": 0.00029}}
{"target": -17.679015675614256, "params": {"gamma": 213.11373317856263, "log10_alpha": -3.2610457867215645, "log10_colsample_bytree": -0.23905557027142166, "log10_eta": -0.5227287047909366, "log10_lambda": 0.6994716538014236, "log10_min_child_weight": 1.6338038894317564, "log10_subsample": -0.6489026637986908, "max_depth": 2.0, "num_boost_round": 6.0}, "datetime": {"datetime": "2024-01-19 00:12:53", "elapsed": 57.886742, "delta": 0.000599}}
{"target": -17.68586578994976, "params": {"gamma": 213.11373317856263, "log10_alpha": -3.2610457867215645, "log10_colsample_bytree": -0.23905557027142166, "log10_eta": -0.5227287047909366, "log10_lambda": 0.6994716538014236, "log10_min_child_weight": 1.6338038894317564, "log10_subsample": -0.6489026637986908, "max_depth": 2.0, "num_boost_round": 7.0}, "datetime": {"datetime": "2024-01-19 00:12:53", "elapsed": 57.887195, "delta": 0.000453}}
{"target": -17.685492741056237, "params": {"gamma": 213.11373317856263, "log10_alpha": -3.2610457867215645, "log10_colsample_bytree": -0.23905557027142166, "log10_eta": -0.5227287047909366, "log10_lambda": 0.6994716538014236, "log10_min_child_weight": 1.6338038894317564, "log10_subsample": -0.6489026637986908, "max_depth": 2.0, "num_boost_round": 8.0}, "datetime": {"datetime": "2024-01-19 00:12:53", "elapsed": 57.887653, "delta": 0.000458}}
{"target": -17.688924925522407, "params": {"gamma": 213.11373317856263, "log10_alpha": -3.2610457867215645, "log10_colsample_bytree": -0.23905557027142166, "log10_eta": -0.5227287047909366, "log10_lambda": 0.6994716538014236, "log10_min_child_weight": 1.6338038894317564, "log10_subsample": -0.6489026637986908, "max_depth": 2.0, "num_boost_round": 9.0}, "datetime": {"datetime": "2024-01-19 00:12:53", "elapsed": 57.888462, "delta": 0.000809}}
{"target": -17.689357970532, "params": {"gamma": 213.11373317856263, "log10_alpha": -3.2610457867215645, "log10_colsample_bytree": -0.23905557027142166, "log10_eta": -0.5227287047909366, "log10_lambda": 0.6994716538014236, "log10_min_child_weight": 1.6338038894317564, "log10_subsample": -0.6489026637986908, "max_depth": 2.0, "num_boost_round": 10.0}, "datetime": {"datetime": "2024-01-19 00:12:53", "elapsed": 57.888751, "delta": 0.000289}}
