{"target": -17.677079569791886, "params": {"gamma": 583.7678665500482, "log10_alpha": -2.132386585231315, "log10_colsample_bytree": -0.7096455048746798, "log10_eta": -2.9525885402749394, "log10_lambda": -0.3464315260424069, "log10_min_child_weight": 3.216416520455579, "log10_subsample": -0.16131547234087407, "max_depth": 5.0, "num_boost_round": 5.0}, "datetime": {"datetime": "2024-01-19 00:32:57", "elapsed": 1274.746185, "delta": 0.001885}}
{"target": -17.677044398936914, "params": {"gamma": 583.7678665500482, "log10_alpha": -2.132386585231315, "log10_colsample_bytree": -0.7096455048746798, "log10_eta": -2.9525885402749394, "log10_lambda": -0.3464315260424069, "log10_min_child_weight": 3.216416520455579, "log10_subsample": -0.16131547234087407, "max_depth": 5.0, "num_boost_round": 6.0}, "datetime": {"datetime": "2024-01-19 00:32:57", "elapsed": 1274.748012, "delta": 0.001827}}
{"target": -17.67695901867829, "params": {"gamma": 583.7678665500482, "log10_alpha": -2.132386585231315, "log10_colsample_bytree": -0.7096455048746798, "log10_eta": -2.9525885402749394, "log10_lambda": -0.3464315260424069, "log10_min_child_weight": 3.216416520455579, "log10_subsample": -0.16131547234087407, "max_depth": 5.0, "num_boost_round": 7.0}, "datetime": {"datetime": "2024-01-19 00:32:57", "elapsed": 1274.749944, "delta": 0.001932}}
{"target": -17.676933826591704, "params": {"gamma": 583.7678665500482, "log10_alpha": -2.132386585231315, "log10_colsample_bytree": -0.7096455048746798, "log10_eta": -2.9525885402749394, "log10_lambda": -0.3464315260424069, "log10_min_child_weight": 3.216416520455579, "log10_subsample": -0.16131547234087407, "max_depth": 5.0, "num_boost_round": 8.0}, "datetime": {"datetime": "2024-01-19 00:32:57", "elapsed": 1274.751765, "delta": 0.001821}}
{"target": -17.67691430467264, "params": {"gamma": 583.7678665500482, "log10_alpha": -2.132386585231315, "log10_colsample_bytree": -0.7096455048746798, "log10_eta": -2.9525885402749394, "log10_lambda": -0.3464315260424069, "log10_min_child_weight": 3.216416520455579, "log10_subsample": -0.16131547234087407, "max_depth": 5.0, "num_boost_round": 9.0}, "datetime": {"datetime": "2024-01-19 00:32:57", "elapsed": 1274.753671, "delta": 0.001906}}
{"target": -17.676885855591472, "params": {"gamma": 583.7678665500482, "log10_alpha": -2.132386585231315, "log10_colsample_bytree": -0.7096455048746798, "log10_eta": -2.9525885402749394, "log10_lambda": -0.3464315260424069, "log10_min_child_weight": 3.216416520455579, "log10_subsample": -0.16131547234087407, "max_depth": 5.0, "num_boost_round": 10.0}, "datetime": {"datetime": "2024-01-19 00:32:57", "elapsed": 1274.75552, "delta": 0.001849}}
{"target": -17.676867752681325, "params": {"gamma": 583.7678665500482, "log10_alpha": -2.132386585231315, "log10_colsample_bytree": -0.7096455048746798, "log10_eta": -2.9525885402749394, "log10_lambda": -0.3464315260424069, "log10_min_child_weight": 3.216416520455579, "log10_subsample": -0.16131547234087407, "max_depth": 5.0, "num_boost_round": 11.0}, "datetime": {"datetime": "2024-01-19 00:32:57", "elapsed": 1274.757361, "delta": 0.001841}}
{"target": -17.67682506825223, "params": {"gamma": 583.7678665500482, "log10_alpha": -2.132386585231315, "log10_colsample_bytree": -0.7096455048746798, "log10_eta": -2.9525885402749394, "log10_lambda": -0.3464315260424069, "log10_min_child_weight": 3.216416520455579, "log10_subsample": -0.16131547234087407, "max_depth": 5.0, "num_boost_round": 12.0}, "datetime": {"datetime": "2024-01-19 00:32:57", "elapsed": 1274.759191, "delta": 0.00183}}
{"target": -17.67680108521344, "params": {"gamma": 583.7678665500482, "log10_alpha": -2.132386585231315, "log10_colsample_bytree": -0.7096455048746798, "log10_eta": -2.9525885402749394, "log10_lambda": -0.3464315260424069, "log10_min_child_weight": 3.216416520455579, "log10_subsample": -0.16131547234087407, "max_depth": 5.0, "num_boost_round": 13.0}, "datetime": {"datetime": "2024-01-19 00:32:57", "elapsed": 1274.761056, "delta": 0.001865}}
{"target": -17.67677869831171, "params": {"gamma": 583.7678665500482, "log10_alpha": -2.132386585231315, "log10_colsample_bytree": -0.7096455048746798, "log10_eta": -2.9525885402749394, "log10_lambda": -0.3464315260424069, "log10_min_child_weight": 3.216416520455579, "log10_subsample": -0.16131547234087407, "max_depth": 5.0, "num_boost_round": 14.0}, "datetime": {"datetime": "2024-01-19 00:32:57", "elapsed": 1274.762879, "delta": 0.001823}}
{"target": -17.676739905675188, "params": {"gamma": 583.7678665500482, "log10_alpha": -2.132386585231315, "log10_colsample_bytree": -0.7096455048746798, "log10_eta": -2.9525885402749394, "log10_lambda": -0.3464315260424069, "log10_min_child_weight": 3.216416520455579, "log10_subsample": -0.16131547234087407, "max_depth": 5.0, "num_boost_round": 15.0}, "datetime": {"datetime": "2024-01-19 00:32:57", "elapsed": 1274.764708, "delta": 0.001829}}
{"target": -17.676314529161264, "params": {"gamma": 557.255495940511, "log10_alpha": 0.5290713618991916, "log10_colsample_bytree": -0.3207589835727086, "log10_eta": -1.0431688169836875, "log10_lambda": -2.547016340357279, "log10_min_child_weight": 1.0884778844078573, "log10_subsample": -0.6541360324882567, "max_depth": 2.0, "num_boost_round": 0.0}, "datetime": {"datetime": "2024-01-19 00:33:20", "elapsed": 1297.887826, "delta": 23.123118}}
{"target": -17.675537624306962, "params": {"gamma": 557.255495940511, "log10_alpha": 0.5290713618991916, "log10_colsample_bytree": -0.3207589835727086, "log10_eta": -1.0431688169836875, "log10_lambda": -2.547016340357279, "log10_min_child_weight": 1.0884778844078573, "log10_subsample": -0.6541360324882567, "max_depth": 2.0, "num_boost_round": 1.0}, "datetime": {"datetime": "2024-01-19 00:33:20", "elapsed": 1297.89027, "delta": 0.002444}}
{"target": -17.674811599633845, "params": {"gamma": 557.255495940511, "log10_alpha": 0.5290713618991916, "log10_colsample_bytree": -0.3207589835727086, "log10_eta": -1.0431688169836875, "log10_lambda": -2.547016340357279, "log10_min_child_weight": 1.0884778844078573, "log10_subsample": -0.6541360324882567, "max_depth": 2.0, "num_boost_round": 2.0}, "datetime": {"datetime": "2024-01-19 00:33:20", "elapsed": 1297.892909, "delta": 0.002639}}
{"target": -17.675200652723834, "params": {"gamma": 557.255495940511, "log10_alpha": 0.5290713618991916, "log10_colsample_bytree": -0.3207589835727086, "log10_eta": -1.0431688169836875, "log10_lambda": -2.547016340357279, "log10_min_child_weight": 1.0884778844078573, "log10_subsample": -0.6541360324882567, "max_depth": 2.0, "num_boost_round": 3.0}, "datetime": {"datetime": "2024-01-19 00:33:20", "elapsed": 1297.894783, "delta": 0.001874}}
{"target": -17.675735390109928, "params": {"gamma": 557.255495940511, "log10_alpha": 0.5290713618991916, "log10_colsample_bytree": -0.3207589835727086, "log10_eta": -1.0431688169836875, "log10_lambda": -2.547016340357279, "log10_min_child_weight": 1.0884778844078573, "log10_subsample": -0.6541360324882567, "max_depth": 2.0, "num_boost_round": 4.0}, "datetime": {"datetime": "2024-01-19 00:33:20", "elapsed": 1297.896655, "delta": 0.001872}}
{"target": -17.67513430983522, "params": {"gamma": 557.255495940511, "log10_alpha": 0.5290713618991916, "log10_colsample_bytree": -0.3207589835727086, "log10_eta": -1.0431688169836875, "log10_lambda": -2.547016340357279, "log10_min_child_weight": 1.0884778844078573, "log10_subsample": -0.6541360324882567, "max_depth": 2.0, "num_boost_round": 5.0}, "datetime": {"datetime": "2024-01-19 00:33:20", "elapsed": 1297.898507, "delta": 0.001852}}
{"target": -17.673898122976922, "params": {"gamma": 557.255495940511, "log10_alpha": 0.5290713618991916, "log10_colsample_bytree": -0.3207589835727086, "log10_eta": -1.0431688169836875, "log10_lambda": -2.547016340357279, "log10_min_child_weight": 1.0884778844078573, "log10_subsample": -0.6541360324882567, "max_depth": 2.0, "num_boost_round": 6.0}, "datetime": {"datetime": "2024-01-19 00:33:20", "elapsed": 1297.900398, "delta": 0.001891}}
{"target": -17.672866161310203, "params": {"gamma": 557.255495940511, "log10_alpha": 0.5290713618991916, "log10_colsample_bytree": -0.3207589835727086, "log10_eta": -1.0431688169836875, "log10_lambda": -2.547016340357279, "log10_min_child_weight": 1.0884778844078573, "log10_subsample": -0.6541360324882567, "max_depth": 2.0, "num_boost_round": 7.0}, "datetime": {"datetime": "2024-01-19 00:33:20", "elapsed": 1297.90225, "delta": 0.001852}}
{"target": -17.673810519732758, "params": {"gamma": 557.255495940511, "log10_alpha": 0.5290713618991916, "log10_colsample_bytree": -0.3207589835727086, "log10_eta": -1.0431688169836875, "log10_lambda": -2.547016340357279, "log10_min_child_weight": 1.0884778844078573, "log10_subsample": -0.6541360324882567, "max_depth": 2.0, "num_boost_round": 8.0}, "datetime": {"datetime": "2024-01-19 00:33:20", "elapsed": 1297.904106, "delta": 0.001856}}
{"target": -17.673878871203808, "params": {"gamma": 557.255495940511, "log10_alpha": 0.5290713618991916, "log10_colsample_bytree": -0.3207589835727086, "log10_eta": -1.0431688169836875, "log10_lambda": -2.547016340357279, "log10_min_child_weight": 1.0884778844078573, "log10_subsample": -0.6541360324882567, "max_depth": 2.0, "num_boost_round": 9.0}, "datetime": {"datetime": "2024-01-19 00:33:20", "elapsed": 1297.906025, "delta": 0.001919}}
{"target": -17.675081678838485, "params": {"gamma": 557.255495940511, "log10_alpha": 0.5290713618991916, "log10_colsample_bytree": -0.3207589835727086, "log10_eta": -1.0431688169836875, "log10_lambda": -2.547016340357279, "log10_min_child_weight": 1.0884778844078573, "log10_subsample": -0.6541360324882567, "max_depth": 2.0, "num_boost_round": 10.0}, "datetime": {"datetime": "2024-01-19 00:33:20", "elapsed": 1297.907876, "delta": 0.001851}}
{"target": -17.674530704056874, "params": {"gamma": 557.255495940511, "log10_alpha": 0.5290713618991916, "log10_colsample_bytree": -0.3207589835727086, "log10_eta": -1.0431688169836875, "log10_lambda": -2.547016340357279, "log10_min_child_weight": 1.0884778844078573, "log10_subsample": -0.6541360324882567, "max_depth": 2.0, "num_boost_round": 11.0}, "datetime": {"datetime": "2024-01-19 00:33:20", "elapsed": 1297.909805, "delta": 0.001929}}
{"target": -17.67475421826346, "params": {"gamma": 557.255495940511, "log10_alpha": 0.5290713618991916, "log10_colsample_bytree": -0.3207589835727086, "log10_eta": -1.0431688169836875, "log10_lambda": -2.547016340357279, "log10_min_child_weight": 1.0884778844078573, "log10_subsample": -0.6541360324882567, "max_depth": 2.0, "num_boost_round": 12.0}, "datetime": {"datetime": "2024-01-19 00:33:20", "elapsed": 1297.911646, "delta": 0.001841}}
{"target": -17.67613638264514, "params": {"gamma": 557.255495940511, "log10_alpha": 0.5290713618991916, "log10_colsample_bytree": -0.3207589835727086, "log10_eta": -1.0431688169836875, "log10_lambda": -2.547016340357279, "log10_min_child_weight": 1.0884778844078573, "log10_subsample": -0.6541360324882567, "max_depth": 2.0, "num_boost_round": 13.0}, "datetime": {"datetime": "2024-01-19 00:33:20", "elapsed": 1297.913524, "delta": 0.001878}}
{"target": -17.676502779961464, "params": {"gamma": 557.255495940511, "log10_alpha": 0.5290713618991916, "log10_colsample_bytree": -0.3207589835727086, "log10_eta": -1.0431688169836875, "log10_lambda": -2.547016340357279, "log10_min_child_weight": 1.0884778844078573, "log10_subsample": -0.6541360324882567, "max_depth": 2.0, "num_boost_round": 14.0}, "datetime": {"datetime": "2024-01-19 00:33:20", "elapsed": 1297.915387, "delta": 0.001863}}
{"target": -17.676783931241648, "params": {"gamma": 557.255495940511, "log10_alpha": 0.5290713618991916, "log10_colsample_bytree": -0.3207589835727086, "log10_eta": -1.0431688169836875, "log10_lambda": -2.547016340357279, "log10_min_child_weight": 1.0884778844078573, "log10_subsample": -0.6541360324882567, "max_depth": 2.0, "num_boost_round": 15.0}, "datetime": {"datetime": "2024-01-19 00:33:20", "elapsed": 1297.917244, "delta": 0.001857}}
{"target": -17.67691661390974, "params": {"gamma": 557.255495940511, "log10_alpha": 0.5290713618991916, "log10_colsample_bytree": -0.3207589835727086, "log10_eta": -1.0431688169836875, "log10_lambda": -2.547016340357279, "log10_min_child_weight": 1.0884778844078573, "log10_subsample": -0.6541360324882567, "max_depth": 2.0, "num_boost_round": 16.0}, "datetime": {"datetime": "2024-01-19 00:33:20", "elapsed": 1297.919099, "delta": 0.001855}}
{"target": -17.677483167399103, "params": {"gamma": 557.255495940511, "log10_alpha": 0.5290713618991916, "log10_colsample_bytree": -0.3207589835727086, "log10_eta": -1.0431688169836875, "log10_lambda": -2.547016340357279, "log10_min_child_weight": 1.0884778844078573, "log10_subsample": -0.6541360324882567, "max_depth": 2.0, "num_boost_round": 17.0}, "datetime": {"datetime": "2024-01-19 00:33:20", "elapsed": 1297.92099, "delta": 0.001891}}
{"target": -17.67525276609696, "params": {"gamma": 557.255495940511, "log10_alpha": 0.5290713618991916, "log10_colsample_bytree": -0.3207589835727086, "log10_eta": -1.0431688169836875, "log10_lambda": -2.547016340357279, "log10_min_child_weight": 1.0884778844078573, "log10_subsample": -0.6541360324882567, "max_depth": 2.0, "num_boost_round": 18.0}, "datetime": {"datetime": "2024-01-19 00:33:20", "elapsed": 1297.922861, "delta": 0.001871}}
{"target": -17.672905730310557, "params": {"gamma": 557.255495940511, "log10_alpha": 0.5290713618991916, "log10_colsample_bytree": -0.3207589835727086, "log10_eta": -1.0431688169836875, "log10_lambda": -2.547016340357279, "log10_min_child_weight": 1.0884778844078573, "log10_subsample": -0.6541360324882567, "max_depth": 2.0, "num_boost_round": 19.0}, "datetime": {"datetime": "2024-01-19 00:33:20", "elapsed": 1297.924718, "delta": 0.001857}}
{"target": -17.673108422815282, "params": {"gamma": 557.255495940511, "log10_alpha": 0.5290713618991916, "log10_colsample_bytree": -0.3207589835727086, "log10_eta": -1.0431688169836875, "log10_lambda": -2.547016340357279, "log10_min_child_weight": 1.0884778844078573, "log10_subsample": -0.6541360324882567, "max_depth": 2.0, "num_boost_round": 20.0}, "datetime": {"datetime": "2024-01-19 00:33:20", "elapsed": 1297.926585, "delta": 0.001867}}
{"target": -17.677227975213963, "params": {"gamma": 557.1611472693335, "log10_alpha": 0.4317534215209493, "log10_colsample_bytree": -0.34770473266824475, "log10_eta": -3.6853896179770578, "log10_lambda": -3.712272524155564, "log10_min_child_weight": 3.1296370189294387, "log10_subsample": -0.21343459956068989, "max_depth": 2.0, "num_boost_round": 0.0}, "datetime": {"datetime": "2024-01-19 00:33:46", "elapsed": 1323.891636, "delta": 25.965051}}
{"target": -17.677222998746977, "params": {"gamma": 557.1611472693335, "log10_alpha": 0.4317534215209493, "log10_colsample_bytree": -0.34770473266824475, "log10_eta": -3.6853896179770578, "log10_lambda": -3.712272524155564, "log10_min_child_weight": 3.1296370189294387, "log10_subsample": -0.21343459956068989, "max_depth": 2.0, "num_boost_round": 1.0}, "datetime": {"datetime": "2024-01-19 00:33:46", "elapsed": 1323.89417, "delta": 0.002534}}
{"target": -17.677215713681072, "params": {"gamma": 557.1611472693335, "log10_alpha": 0.4317534215209493, "log10_colsample_bytree": -0.34770473266824475, "log10_eta": -3.6853896179770578, "log10_lambda": -3.712272524155564, "log10_min_child_weight": 3.1296370189294387, "log10_subsample": -0.21343459956068989, "max_depth": 2.0, "num_boost_round": 2.0}, "datetime": {"datetime": "2024-01-19 00:33:46", "elapsed": 1323.896263, "delta": 0.002093}}
{"target": -17.677211727565545, "params": {"gamma": 557.1611472693335, "log10_alpha": 0.4317534215209493, "log10_colsample_bytree": -0.34770473266824475, "log10_eta": -3.6853896179770578, "log10_lambda": -3.712272524155564, "log10_min_child_weight": 3.1296370189294387, "log10_subsample": -0.21343459956068989, "max_depth": 2.0, "num_boost_round": 3.0}, "datetime": {"datetime": "2024-01-19 00:33:46", "elapsed": 1323.898174, "delta": 0.001911}}
{"target": -17.67720560175801, "params": {"gamma": 557.1611472693335, "log10_alpha": 0.4317534215209493, "log10_colsample_bytree": -0.34770473266824475, "log10_eta": -3.6853896179770578, "log10_lambda": -3.712272524155564, "log10_min_child_weight": 3.1296370189294387, "log10_subsample": -0.21343459956068989, "max_depth": 2.0, "num_boost_round": 4.0}, "datetime": {"datetime": "2024-01-19 00:33:46", "elapsed": 1323.900082, "delta": 0.001908}}
{"target": -17.677202170090176, "params": {"gamma": 557.1611472693335, "log10_alpha": 0.4317534215209493, "log10_colsample_bytree": -0.34770473266824475, "log10_eta": -3.6853896179770578, "log10_lambda": -3.712272524155564, "log10_min_child_weight": 3.1296370189294387, "log10_subsample": -0.21343459956068989, "max_depth": 2.0, "num_boost_round": 5.0}, "datetime": {"datetime": "2024-01-19 00:33:46", "elapsed": 1323.902048, "delta": 0.001966}}
{"target": -17.67719588162272, "params": {"gamma": 557.1611472693335, "log10_alpha": 0.4317534215209493, "log10_colsample_bytree": -0.34770473266824475, "log10_eta": -3.6853896179770578, "log10_lambda": -3.712272524155564, "log10_min_child_weight": 3.1296370189294387, "log10_subsample": -0.21343459956068989, "max_depth": 2.0, "num_boost_round": 6.0}, "datetime": {"datetime": "2024-01-19 00:33:46", "elapsed": 1323.90391, "delta": 0.001862}}
{"target": -17.67719053203691, "params": {"gamma": 557.1611472693335, "log10_alpha": 0.4317534215209493, "log10_colsample_bytree": -0.34770473266824475, "log10_eta": -3.6853896179770578, "log10_lambda": -3.712272524155564, "log10_min_child_weight": 3.1296370189294387, "log10_subsample": -0.21343459956068989, "max_depth": 2.0, "num_boost_round": 7.0}, "datetime": {"datetime": "2024-01-19 00:33:46", "elapsed": 1323.905835, "delta": 0.001925}}
{"target": -17.677187112931104, "params": {"gamma": 557.1611472693335, "log10_alpha": 0.4317534215209493, "log10_colsample_bytree": -0.34770473266824475, "log10_eta": -3.6853896179770578, "log10_lambda": -3.712272524155564, "log10_min_child_weight": 3.1296370189294387, "log10_subsample": -0.21343459956068989, "max_depth": 2.0, "num_boost_round": 8.0}, "datetime": {"datetime": "2024-01-19 00:33:46", "elapsed": 1323.907699, "delta": 0.001864}}
{"target": -17.67718507946318, "params": {"gamma": 557.1611472693335, "log10_alpha": 0.4317534215209493, "log10_colsample_bytree": -0.34770473266824475, "log10_eta": -3.6853896179770578, "log10_lambda": -3.712272524155564, "log10_min_child_weight": 3.1296370189294387, "log10_subsample": -0.21343459956068989, "max_depth": 2.0, "num_boost_round": 9.0}, "datetime": {"datetime": "2024-01-19 00:33:46", "elapsed": 1323.909641, "delta": 0.001942}}
{"target": -17.677180464622715, "params": {"gamma": 557.1611472693335, "log10_alpha": 0.4317534215209493, "log10_colsample_bytree": -0.34770473266824475, "log10_eta": -3.6853896179770578, "log10_lambda": -3.712272524155564, "log10_min_child_weight": 3.1296370189294387, "log10_subsample": -0.21343459956068989, "max_depth": 2.0, "num_boost_round": 10.0}, "datetime": {"datetime": "2024-01-19 00:33:46", "elapsed": 1323.911508, "delta": 0.001867}}
{"target": -17.6771792500007, "params": {"gamma": 557.1611472693335, "log10_alpha": 0.4317534215209493, "log10_colsample_bytree": -0.34770473266824475, "log10_eta": -3.6853896179770578, "log10_lambda": -3.712272524155564, "log10_min_child_weight": 3.1296370189294387, "log10_subsample": -0.21343459956068989, "max_depth": 2.0, "num_boost_round": 11.0}, "datetime": {"datetime": "2024-01-19 00:33:46", "elapsed": 1323.913416, "delta": 0.001908}}
{"target": -17.67717464710671, "params": {"gamma": 557.1611472693335, "log10_alpha": 0.4317534215209493, "log10_colsample_bytree": -0.34770473266824475, "log10_eta": -3.6853896179770578, "log10_lambda": -3.712272524155564, "log10_min_child_weight": 3.1296370189294387, "log10_subsample": -0.21343459956068989, "max_depth": 2.0, "num_boost_round": 12.0}, "datetime": {"datetime": "2024-01-19 00:33:46", "elapsed": 1323.915287, "delta": 0.001871}}
{"target": -17.677170022584065, "params": {"gamma": 557.1611472693335, "log10_alpha": 0.4317534215209493, "log10_colsample_bytree": -0.34770473266824475, "log10_eta": -3.6853896179770578, "log10_lambda": -3.712272524155564, "log10_min_child_weight": 3.1296370189294387, "log10_subsample": -0.21343459956068989, "max_depth": 2.0, "num_boost_round": 13.0}, "datetime": {"datetime": "2024-01-19 00:33:46", "elapsed": 1323.917151, "delta": 0.001864}}
{"target": -17.67716893668721, "params": {"gamma": 557.1611472693335, "log10_alpha": 0.4317534215209493, "log10_colsample_bytree": -0.34770473266824475, "log10_eta": -3.6853896179770578, "log10_lambda": -3.712272524155564, "log10_min_child_weight": 3.1296370189294387, "log10_subsample": -0.21343459956068989, "max_depth": 2.0, "num_boost_round": 14.0}, "datetime": {"datetime": "2024-01-19 00:33:46", "elapsed": 1323.919026, "delta": 0.001875}}
{"target": -17.67716880955362, "params": {"gamma": 557.1611472693335, "log10_alpha": 0.4317534215209493, "log10_colsample_bytree": -0.34770473266824475, "log10_eta": -3.6853896179770578, "log10_lambda": -3.712272524155564, "log10_min_child_weight": 3.1296370189294387, "log10_subsample": -0.21343459956068989, "max_depth": 2.0, "num_boost_round": 15.0}, "datetime": {"datetime": "2024-01-19 00:33:46", "elapsed": 1323.920917, "delta": 0.001891}}
{"target": -17.677168355560944, "params": {"gamma": 557.1611472693335, "log10_alpha": 0.4317534215209493, "log10_colsample_bytree": -0.34770473266824475, "log10_eta": -3.6853896179770578, "log10_lambda": -3.712272524155564, "log10_min_child_weight": 3.1296370189294387, "log10_subsample": -0.21343459956068989, "max_depth": 2.0, "num_boost_round": 16.0}, "datetime": {"datetime": "2024-01-19 00:33:46", "elapsed": 1323.92282, "delta": 0.001903}}
