{"target": -13.758523970937603, "params": {"gamma": 439.04964269838035, "log10_alpha": -1.4140216667172119, "log10_colsample_bytree": -1.0, "log10_eta": -4.0, "log10_lambda": 1.0, "log10_min_child_weight": 5.0, "log10_subsample": -0.565242353651979, "max_depth": 8.0, "num_boost_round": 56.0}, "datetime": {"datetime": "2024-01-19 00:27:43", "elapsed": 967.117725, "delta": 0.002098}}
{"target": -13.758523649976022, "params": {"gamma": 439.04964269838035, "log10_alpha": -1.4140216667172119, "log10_colsample_bytree": -1.0, "log10_eta": -4.0, "log10_lambda": 1.0, "log10_min_child_weight": 5.0, "log10_subsample": -0.565242353651979, "max_depth": 8.0, "num_boost_round": 57.0}, "datetime": {"datetime": "2024-01-19 00:27:43", "elapsed": 967.119794, "delta": 0.002069}}
{"target": -13.758523515823333, "params": {"gamma": 439.04964269838035, "log10_alpha": -1.4140216667172119, "log10_colsample_bytree": -1.0, "log10_eta": -4.0, "log10_lambda": 1.0, "log10_min_child_weight": 5.0, "log10_subsample": -0.565242353651979, "max_depth": 8.0, "num_boost_round": 58.0}, "datetime": {"datetime": "2024-01-19 00:27:43", "elapsed": 967.121868, "delta": 0.002074}}
{"target": -13.758523048013325, "params": {"gamma": 439.04964269838035, "log10_alpha": -1.4140216667172119, "log10_colsample_bytree": -1.0, "log10_eta": -4.0, "log10_lambda": 1.0, "log10_min_child_weight": 5.0, "log10_subsample": -0.565242353651979, "max_depth": 8.0, "num_boost_round": 59.0}, "datetime": {"datetime": "2024-01-19 00:27:43", "elapsed": 967.124067, "delta": 0.002199}}
{"target": -13.758522951029397, "params": {"gamma": 439.04964269838035, "log10_alpha": -1.4140216667172119, "log10_colsample_bytree": -1.0, "log10_eta": -4.0, "log10_lambda": 1.0, "log10_min_child_weight": 5.0, "log10_subsample": -0.565242353651979, "max_depth": 8.0, "num_boost_round": 60.0}, "datetime": {"datetime": "2024-01-19 00:27:43", "elapsed": 967.126138, "delta": 0.002071}}
{"target": -13.758522316739906, "params": {"gamma": 439.04964269838035, "log10_alpha": -1.4140216667172119, "log10_colsample_bytree": -1.0, "log10_eta": -4.0, "log10_lambda": 1.0, "log10_min_child_weight": 5.0, "log10_subsample": -0.565242353651979, "max_depth": 8.0, "num_boost_round": 61.0}, "datetime": {"datetime": "2024-01-19 00:27:43", "elapsed": 967.128204, "delta": 0.002066}}
{"target": -13.758522178067732, "params": {"gamma": 439.04964269838035, "log10_alpha": -1.4140216667172119, "log10_colsample_bytree": -1.0, "log10_eta": -4.0, "log10_lambda": 1.0, "log10_min_child_weight": 5.0, "log10_subsample": -0.565242353651979, "max_depth": 8.0, "num_boost_round": 62.0}, "datetime": {"datetime": "2024-01-19 00:27:43", "elapsed": 967.130312, "delta": 0.002108}}
{"target": -13.758521844958183, "params": {"gamma": 439.04964269838035, "log10_alpha": -1.4140216667172119, "log10_colsample_bytree": -1.0, "log10_eta": -4.0, "log10_lambda": 1.0, "log10_min_child_weight": 5.0, "log10_subsample": -0.565242353651979, "max_depth": 8.0, "num_boost_round": 63.0}, "datetime": {"datetime": "2024-01-19 00:27:43", "elapsed": 967.132385, "delta": 0.002073}}
{"target": -13.758521766853887, "params": {"gamma": 439.04964269838035, "log10_alpha": -1.4140216667172119, "log10_colsample_bytree": -1.0, "log10_eta": -4.0, "log10_lambda": 1.0, "log10_min_child_weight": 5.0, "log10_subsample": -0.565242353651979, "max_depth": 8.0, "num_boost_round": 64.0}, "datetime": {"datetime": "2024-01-19 00:27:43", "elapsed": 967.134537, "delta": 0.002152}}
{"target": -13.758521723572088, "params": {"gamma": 439.04964269838035, "log10_alpha": -1.4140216667172119, "log10_colsample_bytree": -1.0, "log10_eta": -4.0, "log10_lambda": 1.0, "log10_min_child_weight": 5.0, "log10_subsample": -0.565242353651979, "max_depth": 8.0, "num_boost_round": 65.0}, "datetime": {"datetime": "2024-01-19 00:27:43", "elapsed": 967.136631, "delta": 0.002094}}
{"target": -13.758521444338442, "params": {"gamma": 439.04964269838035, "log10_alpha": -1.4140216667172119, "log10_colsample_bytree": -1.0, "log10_eta": -4.0, "log10_lambda": 1.0, "log10_min_child_weight": 5.0, "log10_subsample": -0.565242353651979, "max_depth": 8.0, "num_boost_round": 66.0}, "datetime": {"datetime": "2024-01-19 00:27:43", "elapsed": 967.138734, "delta": 0.002103}}
{"target": -13.758521428149722, "params": {"gamma": 439.04964269838035, "log10_alpha": -1.4140216667172119, "log10_colsample_bytree": -1.0, "log10_eta": -4.0, "log10_lambda": 1.0, "log10_min_child_weight": 5.0, "log10_subsample": -0.565242353651979, "max_depth": 8.0, "num_boost_round": 67.0}, "datetime": {"datetime": "2024-01-19 00:27:43", "elapsed": 967.140797, "delta": 0.002063}}
{"target": -13.758538025011593, "params": {"gamma": 446.6079472734371, "log10_alpha": -2.9715711578898922, "log10_colsample_bytree": -0.125070727126821, "log10_eta": -3.8571770039110835, "log10_lambda": 0.7941855342527617, "log10_min_child_weight": 3.8529558493726586, "log10_subsample": -0.3337381747069571, "max_depth": 2.0, "num_boost_round": 0.0}, "datetime": {"datetime": "2024-01-19 00:28:17", "elapsed": 1001.942423, "delta": 34.801626}}
{"target": -13.75853638999707, "params": {"gamma": 446.6079472734371, "log10_alpha": -2.9715711578898922, "log10_colsample_bytree": -0.125070727126821, "log10_eta": -3.8571770039110835, "log10_lambda": 0.7941855342527617, "log10_min_child_weight": 3.8529558493726586, "log10_subsample": -0.3337381747069571, "max_depth": 2.0, "num_boost_round": 1.0}, "datetime": {"datetime": "2024-01-19 00:28:17", "elapsed": 1001.944914, "delta": 0.002491}}
{"target": -13.758534828158204, "params": {"gamma": 446.6079472734371, "log10_alpha": -2.9715711578898922, "log10_colsample_bytree": -0.125070727126821, "log10_eta": -3.8571770039110835, "log10_lambda": 0.7941855342527617, "log10_min_child_weight": 3.8529558493726586, "log10_subsample": -0.3337381747069571, "max_depth": 2.0, "num_boost_round": 2.0}, "datetime": {"datetime": "2024-01-19 00:28:17", "elapsed": 1001.947321, "delta": 0.002407}}
{"target": -13.758535070954741, "params": {"gamma": 446.6079472734371, "log10_alpha": -2.9715711578898922, "log10_colsample_bytree": -0.125070727126821, "log10_eta": -3.8571770039110835, "log10_lambda": 0.7941855342527617, "log10_min_child_weight": 3.8529558493726586, "log10_subsample": -0.3337381747069571, "max_depth": 2.0, "num_boost_round": 3.0}, "datetime": {"datetime": "2024-01-19 00:28:17", "elapsed": 1001.949415, "delta": 0.002094}}
{"target": -13.758533189096896, "params": {"gamma": 446.6079472734371, "log10_alpha": -2.9715711578898922, "log10_colsample_bytree": -0.125070727126821, "log10_eta": -3.8571770039110835, "log10_lambda": 0.7941855342527617, "log10_min_child_weight": 3.8529558493726586, "log10_subsample": -0.3337381747069571, "max_depth": 2.0, "num_boost_round": 4.0}, "datetime": {"datetime": "2024-01-19 00:28:17", "elapsed": 1001.951608, "delta": 0.002193}}
{"target": -13.75853160688022, "params": {"gamma": 446.6079472734371, "log10_alpha": -2.9715711578898922, "log10_colsample_bytree": -0.125070727126821, "log10_eta": -3.8571770039110835, "log10_lambda": 0.7941855342527617, "log10_min_child_weight": 3.8529558493726586, "log10_subsample": -0.3337381747069571, "max_depth": 2.0, "num_boost_round": 5.0}, "datetime": {"datetime": "2024-01-19 00:28:17", "elapsed": 1001.953704, "delta": 0.002096}}
{"target": -13.758531301918083, "params": {"gamma": 446.6079472734371, "log10_alpha": -2.9715711578898922, "log10_colsample_bytree": -0.125070727126821, "log10_eta": -3.8571770039110835, "log10_lambda": 0.7941855342527617, "log10_min_child_weight": 3.8529558493726586, "log10_subsample": -0.3337381747069571, "max_depth": 2.0, "num_boost_round": 6.0}, "datetime": {"datetime": "2024-01-19 00:28:17", "elapsed": 1001.95587, "delta": 0.002166}}
{"target": -13.758529753995317, "params": {"gamma": 446.6079472734371, "log10_alpha": -2.9715711578898922, "log10_colsample_bytree": -0.125070727126821, "log10_eta": -3.8571770039110835, "log10_lambda": 0.7941855342527617, "log10_min_child_weight": 3.8529558493726586, "log10_subsample": -0.3337381747069571, "max_depth": 2.0, "num_boost_round": 7.0}, "datetime": {"datetime": "2024-01-19 00:28:17", "elapsed": 1001.957963, "delta": 0.002093}}
{"target": -13.75852815571282, "params": {"gamma": 446.6079472734371, "log10_alpha": -2.9715711578898922, "log10_colsample_bytree": -0.125070727126821, "log10_eta": -3.8571770039110835, "log10_lambda": 0.7941855342527617, "log10_min_child_weight": 3.8529558493726586, "log10_subsample": -0.3337381747069571, "max_depth": 2.0, "num_boost_round": 8.0}, "datetime": {"datetime": "2024-01-19 00:28:17", "elapsed": 1001.961087, "delta": 0.003124}}
{"target": -13.758526559379572, "params": {"gamma": 446.6079472734371, "log10_alpha": -2.9715711578898922, "log10_colsample_bytree": -0.125070727126821, "log10_eta": -3.8571770039110835, "log10_lambda": 0.7941855342527617, "log10_min_child_weight": 3.8529558493726586, "log10_subsample": -0.3337381747069571, "max_depth": 2.0, "num_boost_round": 9.0}, "datetime": {"datetime": "2024-01-19 00:28:17", "elapsed": 1001.963257, "delta": 0.00217}}
{"target": -13.758525011804709, "params": {"gamma": 446.6079472734371, "log10_alpha": -2.9715711578898922, "log10_colsample_bytree": -0.125070727126821, "log10_eta": -3.8571770039110835, "log10_lambda": 0.7941855342527617, "log10_min_child_weight": 3.8529558493726586, "log10_subsample": -0.3337381747069571, "max_depth": 2.0, "num_boost_round": 10.0}, "datetime": {"datetime": "2024-01-19 00:28:17", "elapsed": 1001.965354, "delta": 0.002097}}
{"target": -13.758522396313133, "params": {"gamma": 446.6079472734371, "log10_alpha": -2.9715711578898922, "log10_colsample_bytree": -0.125070727126821, "log10_eta": -3.8571770039110835, "log10_lambda": 0.7941855342527617, "log10_min_child_weight": 3.8529558493726586, "log10_subsample": -0.3337381747069571, "max_depth": 2.0, "num_boost_round": 11.0}, "datetime": {"datetime": "2024-01-19 00:28:17", "elapsed": 1001.967431, "delta": 0.002077}}
{"target": -13.758520853986344, "params": {"gamma": 446.6079472734371, "log10_alpha": -2.9715711578898922, "log10_colsample_bytree": -0.125070727126821, "log10_eta": -3.8571770039110835, "log10_lambda": 0.7941855342527617, "log10_min_child_weight": 3.8529558493726586, "log10_subsample": -0.3337381747069571, "max_depth": 2.0, "num_boost_round": 12.0}, "datetime": {"datetime": "2024-01-19 00:28:17", "elapsed": 1001.969586, "delta": 0.002155}}
{"target": -13.758519305244992, "params": {"gamma": 446.6079472734371, "log10_alpha": -2.9715711578898922, "log10_colsample_bytree": -0.125070727126821, "log10_eta": -3.8571770039110835, "log10_lambda": 0.7941855342527617, "log10_min_child_weight": 3.8529558493726586, "log10_subsample": -0.3337381747069571, "max_depth": 2.0, "num_boost_round": 13.0}, "datetime": {"datetime": "2024-01-19 00:28:17", "elapsed": 1001.971686, "delta": 0.0021}}
{"target": -13.758517703803507, "params": {"gamma": 446.6079472734371, "log10_alpha": -2.9715711578898922, "log10_colsample_bytree": -0.125070727126821, "log10_eta": -3.8571770039110835, "log10_lambda": 0.7941855342527617, "log10_min_child_weight": 3.8529558493726586, "log10_subsample": -0.3337381747069571, "max_depth": 2.0, "num_boost_round": 14.0}, "datetime": {"datetime": "2024-01-19 00:28:17", "elapsed": 1001.97379, "delta": 0.002104}}
{"target": -13.75851615468931, "params": {"gamma": 446.6079472734371, "log10_alpha": -2.9715711578898922, "log10_colsample_bytree": -0.125070727126821, "log10_eta": -3.8571770039110835, "log10_lambda": 0.7941855342527617, "log10_min_child_weight": 3.8529558493726586, "log10_subsample": -0.3337381747069571, "max_depth": 2.0, "num_boost_round": 15.0}, "datetime": {"datetime": "2024-01-19 00:28:17", "elapsed": 1001.976066, "delta": 0.002276}}
{"target": -13.758514381444796, "params": {"gamma": 446.6079472734371, "log10_alpha": -2.9715711578898922, "log10_colsample_bytree": -0.125070727126821, "log10_eta": -3.8571770039110835, "log10_lambda": 0.7941855342527617, "log10_min_child_weight": 3.8529558493726586, "log10_subsample": -0.3337381747069571, "max_depth": 2.0, "num_boost_round": 16.0}, "datetime": {"datetime": "2024-01-19 00:28:17", "elapsed": 1001.978337, "delta": 0.002271}}
{"target": -13.758514290258042, "params": {"gamma": 446.6079472734371, "log10_alpha": -2.9715711578898922, "log10_colsample_bytree": -0.125070727126821, "log10_eta": -3.8571770039110835, "log10_lambda": 0.7941855342527617, "log10_min_child_weight": 3.8529558493726586, "log10_subsample": -0.3337381747069571, "max_depth": 2.0, "num_boost_round": 17.0}, "datetime": {"datetime": "2024-01-19 00:28:17", "elapsed": 1001.980566, "delta": 0.002229}}
{"target": -13.758513998366238, "params": {"gamma": 446.6079472734371, "log10_alpha": -2.9715711578898922, "log10_colsample_bytree": -0.125070727126821, "log10_eta": -3.8571770039110835, "log10_lambda": 0.7941855342527617, "log10_min_child_weight": 3.8529558493726586, "log10_subsample": -0.3337381747069571, "max_depth": 2.0, "num_boost_round": 18.0}, "datetime": {"datetime": "2024-01-19 00:28:17", "elapsed": 1001.982817, "delta": 0.002251}}
{"target": -13.75851266071566, "params": {"gamma": 446.6079472734371, "log10_alpha": -2.9715711578898922, "log10_colsample_bytree": -0.125070727126821, "log10_eta": -3.8571770039110835, "log10_lambda": 0.7941855342527617, "log10_min_child_weight": 3.8529558493726586, "log10_subsample": -0.3337381747069571, "max_depth": 2.0, "num_boost_round": 19.0}, "datetime": {"datetime": "2024-01-19 00:28:17", "elapsed": 1001.98495, "delta": 0.002133}}
{"target": -13.75851111328403, "params": {"gamma": 446.6079472734371, "log10_alpha": -2.9715711578898922, "log10_colsample_bytree": -0.125070727126821, "log10_eta": -3.8571770039110835, "log10_lambda": 0.7941855342527617, "log10_min_child_weight": 3.8529558493726586, "log10_subsample": -0.3337381747069571, "max_depth": 2.0, "num_boost_round": 20.0}, "datetime": {"datetime": "2024-01-19 00:28:18", "elapsed": 1001.987104, "delta": 0.002154}}
{"target": -13.758510198676515, "params": {"gamma": 446.6079472734371, "log10_alpha": -2.9715711578898922, "log10_colsample_bytree": -0.125070727126821, "log10_eta": -3.8571770039110835, "log10_lambda": 0.7941855342527617, "log10_min_child_weight": 3.8529558493726586, "log10_subsample": -0.3337381747069571, "max_depth": 2.0, "num_boost_round": 21.0}, "datetime": {"datetime": "2024-01-19 00:28:18", "elapsed": 1001.98922, "delta": 0.002116}}
{"target": -13.75850871546179, "params": {"gamma": 446.6079472734371, "log10_alpha": -2.9715711578898922, "log10_colsample_bytree": -0.125070727126821, "log10_eta": -3.8571770039110835, "log10_lambda": 0.7941855342527617, "log10_min_child_weight": 3.8529558493726586, "log10_subsample": -0.3337381747069571, "max_depth": 2.0, "num_boost_round": 22.0}, "datetime": {"datetime": "2024-01-19 00:28:18", "elapsed": 1001.99133, "delta": 0.00211}}
{"target": -13.75850765929483, "params": {"gamma": 446.6079472734371, "log10_alpha": -2.9715711578898922, "log10_colsample_bytree": -0.125070727126821, "log10_eta": -3.8571770039110835, "log10_lambda": 0.7941855342527617, "log10_min_child_weight": 3.8529558493726586, "log10_subsample": -0.3337381747069571, "max_depth": 2.0, "num_boost_round": 23.0}, "datetime": {"datetime": "2024-01-19 00:28:18", "elapsed": 1001.993582, "delta": 0.002252}}
{"target": -13.758506123398414, "params": {"gamma": 446.6079472734371, "log10_alpha": -2.9715711578898922, "log10_colsample_bytree": -0.125070727126821, "log10_eta": -3.8571770039110835, "log10_lambda": 0.7941855342527617, "log10_min_child_weight": 3.8529558493726586, "log10_subsample": -0.3337381747069571, "max_depth": 2.0, "num_boost_round": 24.0}, "datetime": {"datetime": "2024-01-19 00:28:18", "elapsed": 1001.995757, "delta": 0.002175}}
{"target": -13.75850585182666, "params": {"gamma": 446.6079472734371, "log10_alpha": -2.9715711578898922, "log10_colsample_bytree": -0.125070727126821, "log10_eta": -3.8571770039110835, "log10_lambda": 0.7941855342527617, "log10_min_child_weight": 3.8529558493726586, "log10_subsample": -0.3337381747069571, "max_depth": 2.0, "num_boost_round": 25.0}, "datetime": {"datetime": "2024-01-19 00:28:18", "elapsed": 1001.997929, "delta": 0.002172}}
{"target": -13.758503981351982, "params": {"gamma": 446.6079472734371, "log10_alpha": -2.9715711578898922, "log10_colsample_bytree": -0.125070727126821, "log10_eta": -3.8571770039110835, "log10_lambda": 0.7941855342527617, "log10_min_child_weight": 3.8529558493726586, "log10_subsample": -0.3337381747069571, "max_depth": 2.0, "num_boost_round": 26.0}, "datetime": {"datetime": "2024-01-19 00:28:18", "elapsed": 1002.000119, "delta": 0.00219}}
{"target": -13.758503826861732, "params": {"gamma": 446.6079472734371, "log10_alpha": -2.9715711578898922, "log10_colsample_bytree": -0.125070727126821, "log10_eta": -3.8571770039110835, "log10_lambda": 0.7941855342527617, "log10_min_child_weight": 3.8529558493726586, "log10_subsample": -0.3337381747069571, "max_depth": 2.0, "num_boost_round": 27.0}, "datetime": {"datetime": "2024-01-19 00:28:18", "elapsed": 1002.002269, "delta": 0.00215}}
{"target": -13.75850286421006, "params": {"gamma": 446.6079472734371, "log10_alpha": -2.9715711578898922, "log10_colsample_bytree": -0.125070727126821, "log10_eta": -3.8571770039110835, "log10_lambda": 0.7941855342527617, "log10_min_child_weight": 3.8529558493726586, "log10_subsample": -0.3337381747069571, "max_depth": 2.0, "num_boost_round": 28.0}, "datetime": {"datetime": "2024-01-19 00:28:18", "elapsed": 1002.00443, "delta": 0.002161}}
{"target": -13.758501283209261, "params": {"gamma": 446.6079472734371, "log10_alpha": -2.9715711578898922, "log10_colsample_bytree": -0.125070727126821, "log10_eta": -3.8571770039110835, "log10_lambda": 0.7941855342527617, "log10_min_child_weight": 3.8529558493726586, "log10_subsample": -0.3337381747069571, "max_depth": 2.0, "num_boost_round": 29.0}, "datetime": {"datetime": "2024-01-19 00:28:18", "elapsed": 1002.006591, "delta": 0.002161}}
{"target": -13.75849977098839, "params": {"gamma": 446.6079472734371, "log10_alpha": -2.9715711578898922, "log10_colsample_bytree": -0.125070727126821, "log10_eta": -3.8571770039110835, "log10_lambda": 0.7941855342527617, "log10_min_child_weight": 3.8529558493726586, "log10_subsample": -0.3337381747069571, "max_depth": 2.0, "num_boost_round": 30.0}, "datetime": {"datetime": "2024-01-19 00:28:18", "elapsed": 1002.008752, "delta": 0.002161}}
{"target": -13.758498251203939, "params": {"gamma": 446.6079472734371, "log10_alpha": -2.9715711578898922, "log10_colsample_bytree": -0.125070727126821, "log10_eta": -3.8571770039110835, "log10_lambda": 0.7941855342527617, "log10_min_child_weight": 3.8529558493726586, "log10_subsample": -0.3337381747069571, "max_depth": 2.0, "num_boost_round": 31.0}, "datetime": {"datetime": "2024-01-19 00:28:18", "elapsed": 1002.010923, "delta": 0.002171}}
{"target": -13.758497996493958, "params": {"gamma": 446.6079472734371, "log10_alpha": -2.9715711578898922, "log10_colsample_bytree": -0.125070727126821, "log10_eta": -3.8571770039110835, "log10_lambda": 0.7941855342527617, "log10_min_child_weight": 3.8529558493726586, "log10_subsample": -0.3337381747069571, "max_depth": 2.0, "num_boost_round": 32.0}, "datetime": {"datetime": "2024-01-19 00:28:18", "elapsed": 1002.013099, "delta": 0.002176}}
{"target": -13.758497494547019, "params": {"gamma": 446.6079472734371, "log10_alpha": -2.9715711578898922, "log10_colsample_bytree": -0.125070727126821, "log10_eta": -3.8571770039110835, "log10_lambda": 0.7941855342527617, "log10_min_child_weight": 3.8529558493726586, "log10_subsample": -0.3337381747069571, "max_depth": 2.0, "num_boost_round": 33.0}, "datetime": {"datetime": "2024-01-19 00:28:18", "elapsed": 1002.015268, "delta": 0.002169}}
{"target": -13.758496420571037, "params": {"gamma": 446.6079472734371, "log10_alpha": -2.9715711578898922, "log10_colsample_bytree": -0.125070727126821, "log10_eta": -3.8571770039110835, "log10_lambda": 0.7941855342527617, "log10_min_child_weight": 3.8529558493726586, "log10_subsample": -0.3337381747069571, "max_depth": 2.0, "num_boost_round": 34.0}, "datetime": {"datetime": "2024-01-19 00:28:18", "elapsed": 1002.017443, "delta": 0.002175}}
{"target": -13.75849620152723, "params": {"gamma": 446.6079472734371, "log10_alpha": -2.9715711578898922, "log10_colsample_bytree": -0.125070727126821, "log10_eta": -3.8571770039110835, "log10_lambda": 0.7941855342527617, "log10_min_child_weight": 3.8529558493726586, "log10_subsample": -0.3337381747069571, "max_depth": 2.0, "num_boost_round": 35.0}, "datetime": {"datetime": "2024-01-19 00:28:18", "elapsed": 1002.019606, "delta": 0.002163}}
{"target": -13.75849567798886, "params": {"gamma": 446.6079472734371, "log10_alpha": -2.9715711578898922, "log10_colsample_bytree": -0.125070727126821, "log10_eta": -3.8571770039110835, "log10_lambda": 0.7941855342527617, "log10_min_child_weight": 3.8529558493726586, "log10_subsample": -0.3337381747069571, "max_depth": 2.0, "num_boost_round": 36.0}, "datetime": {"datetime": "2024-01-19 00:28:18", "elapsed": 1002.021766, "delta": 0.00216}}
{"target": -13.760728193610149, "params": {"gamma": 466.7013447172249, "log10_alpha": 0.9961187677191399, "log10_colsample_bytree": -0.8855237402244736, "log10_eta": -0.13597243311487528, "log10_lambda": 0.9458369575585346, "log10_min_child_weight": 1.8263958913877238, "log10_subsample": -0.8450955102861542, "max_depth": 3.0, "num_boost_round": 0.0}, "datetime": {"datetime": "2024-01-19 00:28:47", "elapsed": 1031.960563, "delta": 29.938797}}
{"target": -13.769547213492084, "params": {"gamma": 466.7013447172249, "log10_alpha": 0.9961187677191399, "log10_colsample_bytree": -0.8855237402244736, "log10_eta": -0.13597243311487528, "log10_lambda": 0.9458369575585346, "log10_min_child_weight": 1.8263958913877238, "log10_subsample": -0.8450955102861542, "max_depth": 3.0, "num_boost_round": 1.0}, "datetime": {"datetime": "2024-01-19 00:28:47", "elapsed": 1031.963343, "delta": 0.00278}}
