{"target": -17.677214472800486, "params": {"gamma": 417.022004702574, "log10_alpha": -0.6780530393470512, "log10_colsample_bytree": -0.9998856251826551, "log10_eta": -2.790669709472641, "log10_lambda": -4.119464655097322, "log10_min_child_weight": 0.461692973843989, "log10_subsample": -0.8137397886223291, "max_depth": 4.0, "num_boost_round": 0.0}, "datetime": {"datetime": "2024-01-19 00:11:50", "elapsed": 0.0, "delta": 0.0}}
{"target": -17.677162141268997, "params": {"gamma": 417.022004702574, "log10_alpha": -0.6780530393470512, "log10_colsample_bytree": -0.9998856251826551, "log10_eta": -2.790669709472641, "log10_lambda": -4.119464655097322, "log10_min_child_weight": 0.461692973843989, "log10_subsample": -0.8137397886223291, "max_depth": 4.0, "num_boost_round": 1.0}, "datetime": {"datetime": "2024-01-19 00:11:50", "elapsed": 0.001693, "delta": 0.001693}}
{"target": -17.67714676514924, "params": {"gamma": 417.022004702574, "log10_alpha": -0.6780530393470512, "log10_colsample_bytree": -0.9998856251826551, "log10_eta": -2.790669709472641, "log10_lambda": -4.119464655097322, "log10_min_child_weight": 0.461692973843989, "log10_subsample": -0.8137397886223291, "max_depth": 4.0, "num_boost_round": 2.0}, "datetime": {"datetime": "2024-01-19 00:11:50", "elapsed": 0.001881, "delta": 0.000188}}
{"target": -17.677114462812995, "params": {"gamma": 417.022004702574, "log10_alpha": -0.6780530393470512, "log10_colsample_bytree": -0.9998856251826551, "log10_eta": -2.790669709472641, "log10_lambda": -4.119464655097322, "log10_min_child_weight": 0.461692973843989, "log10_subsample": -0.8137397886223291, "max_depth": 4.0, "num_boost_round": 3.0}, "datetime": {"datetime": "2024-01-19 00:11:50", "elapsed": 0.00208, "delta": 0.000199}}
{"target": -17.67707700388046, "params": {"gamma": 417.022004702574, "log10_alpha": -0.6780530393470512, "log10_colsample_bytree": -0.9998856251826551, "log10_eta": -2.790669709472641, "log10_lambda": -4.119464655097322, "log10_min_child_weight": 0.461692973843989, "log10_subsample": -0.8137397886223291, "max_depth": 4.0, "num_boost_round": 4.0}, "datetime": {"datetime": "2024-01-19 00:11:50", "elapsed": 0.002231, "delta": 0.000151}}
{"target": -17.67708146997302, "params": {"gamma": 417.022004702574, "log10_alpha": -0.6780530393470512, "log10_colsample_bytree": -0.9998856251826551, "log10_eta": -2.790669709472641, "log10_lambda": -4.119464655097322, "log10_min_child_weight": 0.461692973843989, "log10_subsample": -0.8137397886223291, "max_depth": 4.0, "num_boost_round": 5.0}, "datetime": {"datetime": "2024-01-19 00:11:50", "elapsed": 0.002385, "delta": 0.000154}}
{"target": -17.677117736244593, "params": {"gamma": 417.022004702574, "log10_alpha": -0.6780530393470512, "log10_colsample_bytree": -0.9998856251826551, "log10_eta": -2.790669709472641, "log10_lambda": -4.119464655097322, "log10_min_child_weight": 0.461692973843989, "log10_subsample": -0.8137397886223291, "max_depth": 4.0, "num_boost_round": 6.0}, "datetime": {"datetime": "2024-01-19 00:11:50", "elapsed": 0.002534, "delta": 0.000149}}
{"target": -17.677068994730014, "params": {"gamma": 417.022004702574, "log10_alpha": -0.6780530393470512, "log10_colsample_bytree": -0.9998856251826551, "log10_eta": -2.790669709472641, "log10_lambda": -4.119464655097322, "log10_min_child_weight": 0.461692973843989, "log10_subsample": -0.8137397886223291, "max_depth": 4.0, "num_boost_round": 7.0}, "datetime": {"datetime": "2024-01-19 00:11:50", "elapsed": 0.002691, "delta": 0.000157}}
{"target": -17.677022618668392, "params": {"gamma": 417.022004702574, "log10_alpha": -0.6780530393470512, "log10_colsample_bytree": -0.9998856251826551, "log10_eta": -2.790669709472641, "log10_lambda": -4.119464655097322, "log10_min_child_weight": 0.461692973843989, "log10_subsample": -0.8137397886223291, "max_depth": 4.0, "num_boost_round": 8.0}, "datetime": {"datetime": "2024-01-19 00:11:50", "elapsed": 0.00285, "delta": 0.000159}}
{"target": -17.676997189863826, "params": {"gamma": 417.022004702574, "log10_alpha": -0.6780530393470512, "log10_colsample_bytree": -0.9998856251826551, "log10_eta": -2.790669709472641, "log10_lambda": -4.119464655097322, "log10_min_child_weight": 0.461692973843989, "log10_subsample": -0.8137397886223291, "max_depth": 4.0, "num_boost_round": 9.0}, "datetime": {"datetime": "2024-01-19 00:11:50", "elapsed": 0.00648, "delta": 0.00363}}
{"target": -17.67691202681561, "params": {"gamma": 417.022004702574, "log10_alpha": -0.6780530393470512, "log10_colsample_bytree": -0.9998856251826551, "log10_eta": -2.790669709472641, "log10_lambda": -4.119464655097322, "log10_min_child_weight": 0.461692973843989, "log10_subsample": -0.8137397886223291, "max_depth": 4.0, "num_boost_round": 10.0}, "datetime": {"datetime": "2024-01-19 00:11:50", "elapsed": 0.006653, "delta": 0.000173}}
{"target": -17.676887550370044, "params": {"gamma": 417.022004702574, "log10_alpha": -0.6780530393470512, "log10_colsample_bytree": -0.9998856251826551, "log10_eta": -2.790669709472641, "log10_lambda": -4.119464655097322, "log10_min_child_weight": 0.461692973843989, "log10_subsample": -0.8137397886223291, "max_depth": 4.0, "num_boost_round": 11.0}, "datetime": {"datetime": "2024-01-19 00:11:50", "elapsed": 0.006802, "delta": 0.000149}}
{"target": -17.676821704750857, "params": {"gamma": 417.022004702574, "log10_alpha": -0.6780530393470512, "log10_colsample_bytree": -0.9998856251826551, "log10_eta": -2.790669709472641, "log10_lambda": -4.119464655097322, "log10_min_child_weight": 0.461692973843989, "log10_subsample": -0.8137397886223291, "max_depth": 4.0, "num_boost_round": 12.0}, "datetime": {"datetime": "2024-01-19 00:11:50", "elapsed": 0.006948, "delta": 0.000146}}
{"target": -17.676816412304653, "params": {"gamma": 417.022004702574, "log10_alpha": -0.6780530393470512, "log10_colsample_bytree": -0.9998856251826551, "log10_eta": -2.790669709472641, "log10_lambda": -4.119464655097322, "log10_min_child_weight": 0.461692973843989, "log10_subsample": -0.8137397886223291, "max_depth": 4.0, "num_boost_round": 13.0}, "datetime": {"datetime": "2024-01-19 00:11:50", "elapsed": 0.007101, "delta": 0.000153}}
{"target": -17.67668599601798, "params": {"gamma": 417.022004702574, "log10_alpha": -0.6780530393470512, "log10_colsample_bytree": -0.9998856251826551, "log10_eta": -2.790669709472641, "log10_lambda": -4.119464655097322, "log10_min_child_weight": 0.461692973843989, "log10_subsample": -0.8137397886223291, "max_depth": 4.0, "num_boost_round": 14.0}, "datetime": {"datetime": "2024-01-19 00:11:50", "elapsed": 0.007248, "delta": 0.000147}}
{"target": -17.67662128234764, "params": {"gamma": 417.022004702574, "log10_alpha": -0.6780530393470512, "log10_colsample_bytree": -0.9998856251826551, "log10_eta": -2.790669709472641, "log10_lambda": -4.119464655097322, "log10_min_child_weight": 0.461692973843989, "log10_subsample": -0.8137397886223291, "max_depth": 4.0, "num_boost_round": 15.0}, "datetime": {"datetime": "2024-01-19 00:11:50", "elapsed": 0.007401, "delta": 0.000153}}
{"target": -17.67662857868988, "params": {"gamma": 417.022004702574, "log10_alpha": -0.6780530393470512, "log10_colsample_bytree": -0.9998856251826551, "log10_eta": -2.790669709472641, "log10_lambda": -4.119464655097322, "log10_min_child_weight": 0.461692973843989, "log10_subsample": -0.8137397886223291, "max_depth": 4.0, "num_boost_round": 16.0}, "datetime": {"datetime": "2024-01-19 00:11:50", "elapsed": 0.007548, "delta": 0.000147}}
{"target": -17.676577412932204, "params": {"gamma": 417.022004702574, "log10_alpha": -0.6780530393470512, "log10_colsample_bytree": -0.9998856251826551, "log10_eta": -2.790669709472641, "log10_lambda": -4.119464655097322, "log10_min_child_weight": 0.461692973843989, "log10_subsample": -0.8137397886223291, "max_depth": 4.0, "num_boost_round": 17.0}, "datetime": {"datetime": "2024-01-19 00:11:50", "elapsed": 0.007698, "delta": 0.00015}}
{"target": -17.676560089647495, "params": {"gamma": 417.022004702574, "log10_alpha": -0.6780530393470512, "log10_colsample_bytree": -0.9998856251826551, "log10_eta": -2.790669709472641, "log10_lambda": -4.119464655097322, "log10_min_child_weight": 0.461692973843989, "log10_subsample": -0.8137397886223291, "max_depth": 4.0, "num_boost_round": 18.0}, "datetime": {"datetime": "2024-01-19 00:11:50", "elapsed": 0.007851, "delta": 0.000153}}
{"target": -17.676512422173225, "params": {"gamma": 417.022004702574, "log10_alpha": -0.6780530393470512, "log10_colsample_bytree": -0.9998856251826551, "log10_eta": -2.790669709472641, "log10_lambda": -4.119464655097322, "log10_min_child_weight": 0.461692973843989, "log10_subsample": -0.8137397886223291, "max_depth": 4.0, "num_boost_round": 19.0}, "datetime": {"datetime": "2024-01-19 00:11:50", "elapsed": 0.008012, "delta": 0.000161}}
{"target": -17.67651473952336, "params": {"gamma": 417.022004702574, "log10_alpha": -0.6780530393470512, "log10_colsample_bytree": -0.9998856251826551, "log10_eta": -2.790669709472641, "log10_lambda": -4.119464655097322, "log10_min_child_weight": 0.461692973843989, "log10_subsample": -0.8137397886223291, "max_depth": 4.0, "num_boost_round": 20.0}, "datetime": {"datetime": "2024-01-19 00:11:50", "elapsed": 0.008167, "delta": 0.000155}}
{"target": -17.676452778208617, "params": {"gamma": 417.022004702574, "log10_alpha": -0.6780530393470512, "log10_colsample_bytree": -0.9998856251826551, "log10_eta": -2.790669709472641, "log10_lambda": -4.119464655097322, "log10_min_child_weight": 0.461692973843989, "log10_subsample": -0.8137397886223291, "max_depth": 4.0, "num_boost_round": 21.0}, "datetime": {"datetime": "2024-01-19 00:11:50", "elapsed": 0.008322, "delta": 0.000155}}
{"target": -17.67634503285002, "params": {"gamma": 417.022004702574, "log10_alpha": -0.6780530393470512, "log10_colsample_bytree": -0.9998856251826551, "log10_eta": -2.790669709472641, "log10_lambda": -4.119464655097322, "log10_min_child_weight": 0.461692973843989, "log10_subsample": -0.8137397886223291, "max_depth": 4.0, "num_boost_round": 22.0}, "datetime": {"datetime": "2024-01-19 00:11:50", "elapsed": 0.008489, "delta": 0.000167}}
{"target": -17.676313547806583, "params": {"gamma": 417.022004702574, "log10_alpha": -0.6780530393470512, "log10_colsample_bytree": -0.9998856251826551, "log10_eta": -2.790669709472641, "log10_lambda": -4.119464655097322, "log10_min_child_weight": 0.461692973843989, "log10_subsample": -0.8137397886223291, "max_depth": 4.0, "num_boost_round": 23.0}, "datetime": {"datetime": "2024-01-19 00:11:50", "elapsed": 0.008648, "delta": 0.000159}}
{"target": -17.6763157292905, "params": {"gamma": 417.022004702574, "log10_alpha": -0.6780530393470512, "log10_colsample_bytree": -0.9998856251826551, "log10_eta": -2.790669709472641, "log10_lambda": -4.119464655097322, "log10_min_child_weight": 0.461692973843989, "log10_subsample": -0.8137397886223291, "max_depth": 4.0, "num_boost_round": 24.0}, "datetime": {"datetime": "2024-01-19 00:11:50", "elapsed": 0.008808, "delta": 0.00016}}
{"target": -17.676235259894302, "params": {"gamma": 417.022004702574, "log10_alpha": -0.6780530393470512, "log10_colsample_bytree": -0.9998856251826551, "log10_eta": -2.790669709472641, "log10_lambda": -4.119464655097322, "log10_min_child_weight": 0.461692973843989, "log10_subsample": -0.8137397886223291, "max_depth": 4.0, "num_boost_round": 25.0}, "datetime": {"datetime": "2024-01-19 00:11:50", "elapsed": 0.008966, "delta": 0.000158}}
{"target": -17.67622544757027, "params": {"gamma": 417.022004702574, "log10_alpha": -0.6780530393470512, "log10_colsample_bytree": -0.9998856251826551, "log10_eta": -2.790669709472641, "log10_lambda": -4.119464655097322, "log10_min_child_weight": 0.461692973843989, "log10_subsample": -0.8137397886223291, "max_depth": 4.0, "num_boost_round": 26.0}, "datetime": {"datetime": "2024-01-19 00:11:50", "elapsed": 0.009128, "delta": 0.000162}}
{"target": -17.676149309738612, "params": {"gamma": 417.022004702574, "log10_alpha": -0.6780530393470512, "log10_colsample_bytree": -0.9998856251826551, "log10_eta": -2.790669709472641, "log10_lambda": -4.119464655097322, "log10_min_child_weight": 0.461692973843989, "log10_subsample": -0.8137397886223291, "max_depth": 4.0, "num_boost_round": 27.0}, "datetime": {"datetime": "2024-01-19 00:11:50", "elapsed": 0.009361, "delta": 0.000233}}
{"target": -17.676118341481775, "params": {"gamma": 417.022004702574, "log10_alpha": -0.6780530393470512, "log10_colsample_bytree": -0.9998856251826551, "log10_eta": -2.790669709472641, "log10_lambda": -4.119464655097322, "log10_min_child_weight": 0.461692973843989, "log10_subsample": -0.8137397886223291, "max_depth": 4.0, "num_boost_round": 28.0}, "datetime": {"datetime": "2024-01-19 00:11:50", "elapsed": 0.009541, "delta": 0.00018}}
{"target": -17.67604793380713, "params": {"gamma": 417.022004702574, "log10_alpha": -0.6780530393470512, "log10_colsample_bytree": -0.9998856251826551, "log10_eta": -2.790669709472641, "log10_lambda": -4.119464655097322, "log10_min_child_weight": 0.461692973843989, "log10_subsample": -0.8137397886223291, "max_depth": 4.0, "num_boost_round": 29.0}, "datetime": {"datetime": "2024-01-19 00:11:50", "elapsed": 0.009712, "delta": 0.000171}}
{"target": -17.676077116651502, "params": {"gamma": 417.022004702574, "log10_alpha": -0.6780530393470512, "log10_colsample_bytree": -0.9998856251826551, "log10_eta": -2.790669709472641, "log10_lambda": -4.119464655097322, "log10_min_child_weight": 0.461692973843989, "log10_subsample": -0.8137397886223291, "max_depth": 4.0, "num_boost_round": 30.0}, "datetime": {"datetime": "2024-01-19 00:11:50", "elapsed": 0.009878, "delta": 0.000166}}
{"target": -17.676013998636403, "params": {"gamma": 417.022004702574, "log10_alpha": -0.6780530393470512, "log10_colsample_bytree": -0.9998856251826551, "log10_eta": -2.790669709472641, "log10_lambda": -4.119464655097322, "log10_min_child_weight": 0.461692973843989, "log10_subsample": -0.8137397886223291, "max_depth": 4.0, "num_boost_round": 31.0}, "datetime": {"datetime": "2024-01-19 00:11:50", "elapsed": 0.010047, "delta": 0.000169}}
{"target": -17.67595165154806, "params": {"gamma": 417.022004702574, "log10_alpha": -0.6780530393470512, "log10_colsample_bytree": -0.9998856251826551, "log10_eta": -2.790669709472641, "log10_lambda": -4.119464655097322, "log10_min_child_weight": 0.461692973843989, "log10_subsample": -0.8137397886223291, "max_depth": 4.0, "num_boost_round": 32.0}, "datetime": {"datetime": "2024-01-19 00:11:50", "elapsed": 0.010217, "delta": 0.00017}}
{"target": -17.675851483460644, "params": {"gamma": 417.022004702574, "log10_alpha": -0.6780530393470512, "log10_colsample_bytree": -0.9998856251826551, "log10_eta": -2.790669709472641, "log10_lambda": -4.119464655097322, "log10_min_child_weight": 0.461692973843989, "log10_subsample": -0.8137397886223291, "max_depth": 4.0, "num_boost_round": 33.0}, "datetime": {"datetime": "2024-01-19 00:11:50", "elapsed": 0.010408, "delta": 0.000191}}
{"target": -17.67573882808877, "params": {"gamma": 417.022004702574, "log10_alpha": -0.6780530393470512, "log10_colsample_bytree": -0.9998856251826551, "log10_eta": -2.790669709472641, "log10_lambda": -4.119464655097322, "log10_min_child_weight": 0.461692973843989, "log10_subsample": -0.8137397886223291, "max_depth": 4.0, "num_boost_round": 34.0}, "datetime": {"datetime": "2024-01-19 00:11:50", "elapsed": 0.010645, "delta": 0.000237}}
{"target": -17.675758130137954, "params": {"gamma": 417.022004702574, "log10_alpha": -0.6780530393470512, "log10_colsample_bytree": -0.9998856251826551, "log10_eta": -2.790669709472641, "log10_lambda": -4.119464655097322, "log10_min_child_weight": 0.461692973843989, "log10_subsample": -0.8137397886223291, "max_depth": 4.0, "num_boost_round": 35.0}, "datetime": {"datetime": "2024-01-19 00:11:50", "elapsed": 0.010824, "delta": 0.000179}}
{"target": -17.675730872571858, "params": {"gamma": 417.022004702574, "log10_alpha": -0.6780530393470512, "log10_colsample_bytree": -0.9998856251826551, "log10_eta": -2.790669709472641, "log10_lambda": -4.119464655097322, "log10_min_child_weight": 0.461692973843989, "log10_subsample": -0.8137397886223291, "max_depth": 4.0, "num_boost_round": 36.0}, "datetime": {"datetime": "2024-01-19 00:11:50", "elapsed": 0.010999, "delta": 0.000175}}
{"target": -17.675676468228026, "params": {"gamma": 417.022004702574, "log10_alpha": -0.6780530393470512, "log10_colsample_bytree": -0.9998856251826551, "log10_eta": -2.790669709472641, "log10_lambda": -4.119464655097322, "log10_min_child_weight": 0.461692973843989, "log10_subsample": -0.8137397886223291, "max_depth": 4.0, "num_boost_round": 37.0}, "datetime": {"datetime": "2024-01-19 00:11:50", "elapsed": 0.011173, "delta": 0.000174}}
{"target": -17.675681086741676, "params": {"gamma": 417.022004702574, "log10_alpha": -0.6780530393470512, "log10_colsample_bytree": -0.9998856251826551, "log10_eta": -2.790669709472641, "log10_lambda": -4.119464655097322, "log10_min_child_weight": 0.461692973843989, "log10_subsample": -0.8137397886223291, "max_depth": 4.0, "num_boost_round": 38.0}, "datetime": {"datetime": "2024-01-19 00:11:50", "elapsed": 0.011357, "delta": 0.000184}}
{"target": -17.67566624108568, "params": {"gamma": 417.022004702574, "log10_alpha": -0.6780530393470512, "log10_colsample_bytree": -0.9998856251826551, "log10_eta": -2.790669709472641, "log10_lambda": -4.119464655097322, "log10_min_child_weight": 0.461692973843989, "log10_subsample": -0.8137397886223291, "max_depth": 4.0, "num_boost_round": 39.0}, "datetime": {"datetime": "2024-01-19 00:11:50", "elapsed": 0.011543, "delta": 0.000186}}
{"target": -17.67561514576835, "params": {"gamma": 417.022004702574, "log10_alpha": -0.6780530393470512, "log10_colsample_bytree": -0.9998856251826551, "log10_eta": -2.790669709472641, "log10_lambda": -4.119464655097322, "log10_min_child_weight": 0.461692973843989, "log10_subsample": -0.8137397886223291, "max_depth": 4.0, "num_boost_round": 40.0}, "datetime": {"datetime": "2024-01-19 00:11:50", "elapsed": 0.011724, "delta": 0.000181}}
{"target": -17.675611389777934, "params": {"gamma": 417.022004702574, "log10_alpha": -0.6780530393470512, "log10_colsample_bytree": -0.9998856251826551, "log10_eta": -2.790669709472641, "log10_lambda": -4.119464655097322, "log10_min_child_weight": 0.461692973843989, "log10_subsample": -0.8137397886223291, "max_depth": 4.0, "num_boost_round": 41.0}, "datetime": {"datetime": "2024-01-19 00:11:50", "elapsed": 0.011907, "delta": 0.000183}}
{"target": -17.675623681697004, "params": {"gamma": 417.022004702574, "log10_alpha": -0.6780530393470512, "log10_colsample_bytree": -0.9998856251826551, "log10_eta": -2.790669709472641, "log10_lambda": -4.119464655097322, "log10_min_child_weight": 0.461692973843989, "log10_subsample": -0.8137397886223291, "max_depth": 4.0, "num_boost_round": 42.0}, "datetime": {"datetime": "2024-01-19 00:11:50", "elapsed": 0.012095, "delta": 0.000188}}
{"target": -17.67558938704111, "params": {"gamma": 417.022004702574, "log10_alpha": -0.6780530393470512, "log10_colsample_bytree": -0.9998856251826551, "log10_eta": -2.790669709472641, "log10_lambda": -4.119464655097322, "log10_min_child_weight": 0.461692973843989, "log10_subsample": -0.8137397886223291, "max_depth": 4.0, "num_boost_round": 43.0}, "datetime": {"datetime": "2024-01-19 00:11:50", "elapsed": 0.012284, "delta": 0.000189}}
{"target": -17.67557712473158, "params": {"gamma": 417.022004702574, "log10_alpha": -0.6780530393470512, "log10_colsample_bytree": -0.9998856251826551, "log10_eta": -2.790669709472641, "log10_lambda": -4.119464655097322, "log10_min_child_weight": 0.461692973843989, "log10_subsample": -0.8137397886223291, "max_depth": 4.0, "num_boost_round": 44.0}, "datetime": {"datetime": "2024-01-19 00:11:50", "elapsed": 0.012484, "delta": 0.0002}}
{"target": -17.67554948811996, "params": {"gamma": 417.022004702574, "log10_alpha": -0.6780530393470512, "log10_colsample_bytree": -0.9998856251826551, "log10_eta": -2.790669709472641, "log10_lambda": -4.119464655097322, "log10_min_child_weight": 0.461692973843989, "log10_subsample": -0.8137397886223291, "max_depth": 4.0, "num_boost_round": 45.0}, "datetime": {"datetime": "2024-01-19 00:11:50", "elapsed": 0.012678, "delta": 0.000194}}
{"target": -17.675540711299508, "params": {"gamma": 417.022004702574, "log10_alpha": -0.6780530393470512, "log10_colsample_bytree": -0.9998856251826551, "log10_eta": -2.790669709472641, "log10_lambda": -4.119464655097322, "log10_min_child_weight": 0.461692973843989, "log10_subsample": -0.8137397886223291, "max_depth": 4.0, "num_boost_round": 46.0}, "datetime": {"datetime": "2024-01-19 00:11:50", "elapsed": 0.012869, "delta": 0.000191}}
{"target": -17.675510815712208, "params": {"gamma": 417.022004702574, "log10_alpha": -0.6780530393470512, "log10_colsample_bytree": -0.9998856251826551, "log10_eta": -2.790669709472641, "log10_lambda": -4.119464655097322, "log10_min_child_weight": 0.461692973843989, "log10_subsample": -0.8137397886223291, "max_depth": 4.0, "num_boost_round": 47.0}, "datetime": {"datetime": "2024-01-19 00:11:50", "elapsed": 0.013063, "delta": 0.000194}}
{"target": -17.675509348998187, "params": {"gamma": 417.022004702574, "log10_alpha": -0.6780530393470512, "log10_colsample_bytree": -0.9998856251826551, "log10_eta": -2.790669709472641, "log10_lambda": -4.119464655097322, "log10_min_child_weight": 0.461692973843989, "log10_subsample": -0.8137397886223291, "max_depth": 4.0, "num_boost_round": 48.0}, "datetime": {"datetime": "2024-01-19 00:11:50", "elapsed": 0.013257, "delta": 0.000194}}
{"target": -17.675514796470985, "params": {"gamma": 417.022004702574, "log10_alpha": -0.6780530393470512, "log10_colsample_bytree": -0.9998856251826551, "log10_eta": -2.790669709472641, "log10_lambda": -4.119464655097322, "log10_min_child_weight": 0.461692973843989, "log10_subsample": -0.8137397886223291, "max_depth": 4.0, "num_boost_round": 49.0}, "datetime": {"datetime": "2024-01-19 00:11:50", "elapsed": 0.013457, "delta": 0.0002}}
