{"target": -17.67721907044136, "params": {"gamma": 166.5886540904502, "log10_alpha": 0.4424289526924561, "log10_colsample_bytree": -0.3455000867563027, "log10_eta": -3.513685956012043, "log10_lambda": 0.5011080324186894, "log10_min_child_weight": 4.62923545119607, "log10_subsample": -0.5891678023626963, "max_depth": 5.0, "num_boost_round": 8.0}, "datetime": {"datetime": "2024-01-19 00:32:20", "elapsed": 1225.416224, "delta": 0.001797}}
{"target": -17.677216378001166, "params": {"gamma": 166.5886540904502, "log10_alpha": 0.4424289526924561, "log10_colsample_bytree": -0.3455000867563027, "log10_eta": -3.513685956012043, "log10_lambda": 0.5011080324186894, "log10_min_child_weight": 4.62923545119607, "log10_subsample": -0.5891678023626963, "max_depth": 5.0, "num_boost_round": 9.0}, "datetime": {"datetime": "2024-01-19 00:32:20", "elapsed": 1225.418026, "delta": 0.001802}}
{"target": -17.677214271361017, "params": {"gamma": 166.5886540904502, "log10_alpha": 0.4424289526924561, "log10_colsample_bytree": -0.3455000867563027, "log10_eta": -3.513685956012043, "log10_lambda": 0.5011080324186894, "log10_min_child_weight": 4.62923545119607, "log10_subsample": -0.5891678023626963, "max_depth": 5.0, "num_boost_round": 10.0}, "datetime": {"datetime": "2024-01-19 00:32:20", "elapsed": 1225.419946, "delta": 0.00192}}
{"target": -17.677211788721994, "params": {"gamma": 166.5886540904502, "log10_alpha": 0.4424289526924561, "log10_colsample_bytree": -0.3455000867563027, "log10_eta": -3.513685956012043, "log10_lambda": 0.5011080324186894, "log10_min_child_weight": 4.62923545119607, "log10_subsample": -0.5891678023626963, "max_depth": 5.0, "num_boost_round": 11.0}, "datetime": {"datetime": "2024-01-19 00:32:20", "elapsed": 1225.421791, "delta": 0.001845}}
{"target": -17.677211319514193, "params": {"gamma": 166.5886540904502, "log10_alpha": 0.4424289526924561, "log10_colsample_bytree": -0.3455000867563027, "log10_eta": -3.513685956012043, "log10_lambda": 0.5011080324186894, "log10_min_child_weight": 4.62923545119607, "log10_subsample": -0.5891678023626963, "max_depth": 5.0, "num_boost_round": 12.0}, "datetime": {"datetime": "2024-01-19 00:32:20", "elapsed": 1225.423623, "delta": 0.001832}}
{"target": -17.677209207780894, "params": {"gamma": 166.5886540904502, "log10_alpha": 0.4424289526924561, "log10_colsample_bytree": -0.3455000867563027, "log10_eta": -3.513685956012043, "log10_lambda": 0.5011080324186894, "log10_min_child_weight": 4.62923545119607, "log10_subsample": -0.5891678023626963, "max_depth": 5.0, "num_boost_round": 13.0}, "datetime": {"datetime": "2024-01-19 00:32:20", "elapsed": 1225.425429, "delta": 0.001806}}
{"target": -17.677209202686715, "params": {"gamma": 166.5886540904502, "log10_alpha": 0.4424289526924561, "log10_colsample_bytree": -0.3455000867563027, "log10_eta": -3.513685956012043, "log10_lambda": 0.5011080324186894, "log10_min_child_weight": 4.62923545119607, "log10_subsample": -0.5891678023626963, "max_depth": 5.0, "num_boost_round": 14.0}, "datetime": {"datetime": "2024-01-19 00:32:20", "elapsed": 1225.427361, "delta": 0.001932}}
{"target": -17.677206328581313, "params": {"gamma": 166.5886540904502, "log10_alpha": 0.4424289526924561, "log10_colsample_bytree": -0.3455000867563027, "log10_eta": -3.513685956012043, "log10_lambda": 0.5011080324186894, "log10_min_child_weight": 4.62923545119607, "log10_subsample": -0.5891678023626963, "max_depth": 5.0, "num_boost_round": 15.0}, "datetime": {"datetime": "2024-01-19 00:32:20", "elapsed": 1225.429153, "delta": 0.001792}}
{"target": -17.677205461435616, "params": {"gamma": 166.5886540904502, "log10_alpha": 0.4424289526924561, "log10_colsample_bytree": -0.3455000867563027, "log10_eta": -3.513685956012043, "log10_lambda": 0.5011080324186894, "log10_min_child_weight": 4.62923545119607, "log10_subsample": -0.5891678023626963, "max_depth": 5.0, "num_boost_round": 16.0}, "datetime": {"datetime": "2024-01-19 00:32:20", "elapsed": 1225.430974, "delta": 0.001821}}
{"target": -17.677203755034824, "params": {"gamma": 166.5886540904502, "log10_alpha": 0.4424289526924561, "log10_colsample_bytree": -0.3455000867563027, "log10_eta": -3.513685956012043, "log10_lambda": 0.5011080324186894, "log10_min_child_weight": 4.62923545119607, "log10_subsample": -0.5891678023626963, "max_depth": 5.0, "num_boost_round": 17.0}, "datetime": {"datetime": "2024-01-19 00:32:20", "elapsed": 1225.432771, "delta": 0.001797}}
{"target": -17.677199584173103, "params": {"gamma": 166.5886540904502, "log10_alpha": 0.4424289526924561, "log10_colsample_bytree": -0.3455000867563027, "log10_eta": -3.513685956012043, "log10_lambda": 0.5011080324186894, "log10_min_child_weight": 4.62923545119607, "log10_subsample": -0.5891678023626963, "max_depth": 5.0, "num_boost_round": 18.0}, "datetime": {"datetime": "2024-01-19 00:32:20", "elapsed": 1225.434598, "delta": 0.001827}}
{"target": -17.677195450692125, "params": {"gamma": 166.5886540904502, "log10_alpha": 0.4424289526924561, "log10_colsample_bytree": -0.3455000867563027, "log10_eta": -3.513685956012043, "log10_lambda": 0.5011080324186894, "log10_min_child_weight": 4.62923545119607, "log10_subsample": -0.5891678023626963, "max_depth": 5.0, "num_boost_round": 19.0}, "datetime": {"datetime": "2024-01-19 00:32:20", "elapsed": 1225.436391, "delta": 0.001793}}
{"target": -17.677189347939184, "params": {"gamma": 166.5886540904502, "log10_alpha": 0.4424289526924561, "log10_colsample_bytree": -0.3455000867563027, "log10_eta": -3.513685956012043, "log10_lambda": 0.5011080324186894, "log10_min_child_weight": 4.62923545119607, "log10_subsample": -0.5891678023626963, "max_depth": 5.0, "num_boost_round": 20.0}, "datetime": {"datetime": "2024-01-19 00:32:20", "elapsed": 1225.438206, "delta": 0.001815}}
{"target": -17.677186628231542, "params": {"gamma": 166.5886540904502, "log10_alpha": 0.4424289526924561, "log10_colsample_bytree": -0.3455000867563027, "log10_eta": -3.513685956012043, "log10_lambda": 0.5011080324186894, "log10_min_child_weight": 4.62923545119607, "log10_subsample": -0.5891678023626963, "max_depth": 5.0, "num_boost_round": 21.0}, "datetime": {"datetime": "2024-01-19 00:32:20", "elapsed": 1225.440175, "delta": 0.001969}}
{"target": -17.677183509980576, "params": {"gamma": 166.5886540904502, "log10_alpha": 0.4424289526924561, "log10_colsample_bytree": -0.3455000867563027, "log10_eta": -3.513685956012043, "log10_lambda": 0.5011080324186894, "log10_min_child_weight": 4.62923545119607, "log10_subsample": -0.5891678023626963, "max_depth": 5.0, "num_boost_round": 22.0}, "datetime": {"datetime": "2024-01-19 00:32:20", "elapsed": 1225.442146, "delta": 0.001971}}
{"target": -17.67718085639915, "params": {"gamma": 166.5886540904502, "log10_alpha": 0.4424289526924561, "log10_colsample_bytree": -0.3455000867563027, "log10_eta": -3.513685956012043, "log10_lambda": 0.5011080324186894, "log10_min_child_weight": 4.62923545119607, "log10_subsample": -0.5891678023626963, "max_depth": 5.0, "num_boost_round": 23.0}, "datetime": {"datetime": "2024-01-19 00:32:20", "elapsed": 1225.443984, "delta": 0.001838}}
{"target": -17.677180333881285, "params": {"gamma": 166.5886540904502, "log10_alpha": 0.4424289526924561, "log10_colsample_bytree": -0.3455000867563027, "log10_eta": -3.513685956012043, "log10_lambda": 0.5011080324186894, "log10_min_child_weight": 4.62923545119607, "log10_subsample": -0.5891678023626963, "max_depth": 5.0, "num_boost_round": 24.0}, "datetime": {"datetime": "2024-01-19 00:32:20", "elapsed": 1225.445821, "delta": 0.001837}}
{"target": -17.677175240181924, "params": {"gamma": 166.5886540904502, "log10_alpha": 0.4424289526924561, "log10_colsample_bytree": -0.3455000867563027, "log10_eta": -3.513685956012043, "log10_lambda": 0.5011080324186894, "log10_min_child_weight": 4.62923545119607, "log10_subsample": -0.5891678023626963, "max_depth": 5.0, "num_boost_round": 25.0}, "datetime": {"datetime": "2024-01-19 00:32:20", "elapsed": 1225.447802, "delta": 0.001981}}
{"target": -17.6771756198422, "params": {"gamma": 166.5886540904502, "log10_alpha": 0.4424289526924561, "log10_colsample_bytree": -0.3455000867563027, "log10_eta": -3.513685956012043, "log10_lambda": 0.5011080324186894, "log10_min_child_weight": 4.62923545119607, "log10_subsample": -0.5891678023626963, "max_depth": 5.0, "num_boost_round": 26.0}, "datetime": {"datetime": "2024-01-19 00:32:20", "elapsed": 1225.449637, "delta": 0.001835}}
{"target": -17.677173042736122, "params": {"gamma": 166.5886540904502, "log10_alpha": 0.4424289526924561, "log10_colsample_bytree": -0.3455000867563027, "log10_eta": -3.513685956012043, "log10_lambda": 0.5011080324186894, "log10_min_child_weight": 4.62923545119607, "log10_subsample": -0.5891678023626963, "max_depth": 5.0, "num_boost_round": 27.0}, "datetime": {"datetime": "2024-01-19 00:32:20", "elapsed": 1225.451468, "delta": 0.001831}}
{"target": -17.677170047847756, "params": {"gamma": 166.5886540904502, "log10_alpha": 0.4424289526924561, "log10_colsample_bytree": -0.3455000867563027, "log10_eta": -3.513685956012043, "log10_lambda": 0.5011080324186894, "log10_min_child_weight": 4.62923545119607, "log10_subsample": -0.5891678023626963, "max_depth": 5.0, "num_boost_round": 28.0}, "datetime": {"datetime": "2024-01-19 00:32:20", "elapsed": 1225.453281, "delta": 0.001813}}
{"target": -17.677166745766176, "params": {"gamma": 166.5886540904502, "log10_alpha": 0.4424289526924561, "log10_colsample_bytree": -0.3455000867563027, "log10_eta": -3.513685956012043, "log10_lambda": 0.5011080324186894, "log10_min_child_weight": 4.62923545119607, "log10_subsample": -0.5891678023626963, "max_depth": 5.0, "num_boost_round": 29.0}, "datetime": {"datetime": "2024-01-19 00:32:20", "elapsed": 1225.455124, "delta": 0.001843}}
{"target": -17.677164477985027, "params": {"gamma": 166.5886540904502, "log10_alpha": 0.4424289526924561, "log10_colsample_bytree": -0.3455000867563027, "log10_eta": -3.513685956012043, "log10_lambda": 0.5011080324186894, "log10_min_child_weight": 4.62923545119607, "log10_subsample": -0.5891678023626963, "max_depth": 5.0, "num_boost_round": 30.0}, "datetime": {"datetime": "2024-01-19 00:32:20", "elapsed": 1225.456956, "delta": 0.001832}}
{"target": -17.67716575170807, "params": {"gamma": 166.5886540904502, "log10_alpha": 0.4424289526924561, "log10_colsample_bytree": -0.3455000867563027, "log10_eta": -3.513685956012043, "log10_lambda": 0.5011080324186894, "log10_min_child_weight": 4.62923545119607, "log10_subsample": -0.5891678023626963, "max_depth": 5.0, "num_boost_round": 31.0}, "datetime": {"datetime": "2024-01-19 00:32:20", "elapsed": 1225.458849, "delta": 0.001893}}
{"target": -17.677164695884418, "params": {"gamma": 166.5886540904502, "log10_alpha": 0.4424289526924561, "log10_colsample_bytree": -0.3455000867563027, "log10_eta": -3.513685956012043, "log10_lambda": 0.5011080324186894, "log10_min_child_weight": 4.62923545119607, "log10_subsample": -0.5891678023626963, "max_depth": 5.0, "num_boost_round": 32.0}, "datetime": {"datetime": "2024-01-19 00:32:20", "elapsed": 1225.460681, "delta": 0.001832}}
{"target": -17.67716484061025, "params": {"gamma": 166.5886540904502, "log10_alpha": 0.4424289526924561, "log10_colsample_bytree": -0.3455000867563027, "log10_eta": -3.513685956012043, "log10_lambda": 0.5011080324186894, "log10_min_child_weight": 4.62923545119607, "log10_subsample": -0.5891678023626963, "max_depth": 5.0, "num_boost_round": 33.0}, "datetime": {"datetime": "2024-01-19 00:32:20", "elapsed": 1225.462859, "delta": 0.002178}}
{"target": -17.677165385559263, "params": {"gamma": 166.5886540904502, "log10_alpha": 0.4424289526924561, "log10_colsample_bytree": -0.3455000867563027, "log10_eta": -3.513685956012043, "log10_lambda": 0.5011080324186894, "log10_min_child_weight": 4.62923545119607, "log10_subsample": -0.5891678023626963, "max_depth": 5.0, "num_boost_round": 34.0}, "datetime": {"datetime": "2024-01-19 00:32:20", "elapsed": 1225.464984, "delta": 0.002125}}
{"target": -17.677165339425034, "params": {"gamma": 166.5886540904502, "log10_alpha": 0.4424289526924561, "log10_colsample_bytree": -0.3455000867563027, "log10_eta": -3.513685956012043, "log10_lambda": 0.5011080324186894, "log10_min_child_weight": 4.62923545119607, "log10_subsample": -0.5891678023626963, "max_depth": 5.0, "num_boost_round": 35.0}, "datetime": {"datetime": "2024-01-19 00:32:20", "elapsed": 1225.466785, "delta": 0.001801}}
{"target": -17.67716453687556, "params": {"gamma": 166.5886540904502, "log10_alpha": 0.4424289526924561, "log10_colsample_bytree": -0.3455000867563027, "log10_eta": -3.513685956012043, "log10_lambda": 0.5011080324186894, "log10_min_child_weight": 4.62923545119607, "log10_subsample": -0.5891678023626963, "max_depth": 5.0, "num_boost_round": 36.0}, "datetime": {"datetime": "2024-01-19 00:32:20", "elapsed": 1225.468768, "delta": 0.001983}}
{"target": -17.677165236457885, "params": {"gamma": 166.5886540904502, "log10_alpha": 0.4424289526924561, "log10_colsample_bytree": -0.3455000867563027, "log10_eta": -3.513685956012043, "log10_lambda": 0.5011080324186894, "log10_min_child_weight": 4.62923545119607, "log10_subsample": -0.5891678023626963, "max_depth": 5.0, "num_boost_round": 37.0}, "datetime": {"datetime": "2024-01-19 00:32:20", "elapsed": 1225.470608, "delta": 0.00184}}
{"target": -17.677165011886924, "params": {"gamma": 166.5886540904502, "log10_alpha": 0.4424289526924561, "log10_colsample_bytree": -0.3455000867563027, "log10_eta": -3.513685956012043, "log10_lambda": 0.5011080324186894, "log10_min_child_weight": 4.62923545119607, "log10_subsample": -0.5891678023626963, "max_depth": 5.0, "num_boost_round": 38.0}, "datetime": {"datetime": "2024-01-19 00:32:20", "elapsed": 1225.472441, "delta": 0.001833}}
{"target": -17.67716402279807, "params": {"gamma": 166.5886540904502, "log10_alpha": 0.4424289526924561, "log10_colsample_bytree": -0.3455000867563027, "log10_eta": -3.513685956012043, "log10_lambda": 0.5011080324186894, "log10_min_child_weight": 4.62923545119607, "log10_subsample": -0.5891678023626963, "max_depth": 5.0, "num_boost_round": 39.0}, "datetime": {"datetime": "2024-01-19 00:32:20", "elapsed": 1225.474242, "delta": 0.001801}}
{"target": -17.677161877035935, "params": {"gamma": 166.5886540904502, "log10_alpha": 0.4424289526924561, "log10_colsample_bytree": -0.3455000867563027, "log10_eta": -3.513685956012043, "log10_lambda": 0.5011080324186894, "log10_min_child_weight": 4.62923545119607, "log10_subsample": -0.5891678023626963, "max_depth": 5.0, "num_boost_round": 40.0}, "datetime": {"datetime": "2024-01-19 00:32:20", "elapsed": 1225.476054, "delta": 0.001812}}
{"target": -17.677158024656542, "params": {"gamma": 166.5886540904502, "log10_alpha": 0.4424289526924561, "log10_colsample_bytree": -0.3455000867563027, "log10_eta": -3.513685956012043, "log10_lambda": 0.5011080324186894, "log10_min_child_weight": 4.62923545119607, "log10_subsample": -0.5891678023626963, "max_depth": 5.0, "num_boost_round": 41.0}, "datetime": {"datetime": "2024-01-19 00:32:20", "elapsed": 1225.477873, "delta": 0.001819}}
{"target": -17.67715506521665, "params": {"gamma": 166.5886540904502, "log10_alpha": 0.4424289526924561, "log10_colsample_bytree": -0.3455000867563027, "log10_eta": -3.513685956012043, "log10_lambda": 0.5011080324186894, "log10_min_child_weight": 4.62923545119607, "log10_subsample": -0.5891678023626963, "max_depth": 5.0, "num_boost_round": 42.0}, "datetime": {"datetime": "2024-01-19 00:32:20", "elapsed": 1225.479815, "delta": 0.001942}}
{"target": -17.67715391996023, "params": {"gamma": 166.5886540904502, "log10_alpha": 0.4424289526924561, "log10_colsample_bytree": -0.3455000867563027, "log10_eta": -3.513685956012043, "log10_lambda": 0.5011080324186894, "log10_min_child_weight": 4.62923545119607, "log10_subsample": -0.5891678023626963, "max_depth": 5.0, "num_boost_round": 43.0}, "datetime": {"datetime": "2024-01-19 00:32:20", "elapsed": 1225.481667, "delta": 0.001852}}
{"target": -17.677154765392903, "params": {"gamma": 166.5886540904502, "log10_alpha": 0.4424289526924561, "log10_colsample_bytree": -0.3455000867563027, "log10_eta": -3.513685956012043, "log10_lambda": 0.5011080324186894, "log10_min_child_weight": 4.62923545119607, "log10_subsample": -0.5891678023626963, "max_depth": 5.0, "num_boost_round": 44.0}, "datetime": {"datetime": "2024-01-19 00:32:20", "elapsed": 1225.483537, "delta": 0.00187}}
{"target": -17.677153454077825, "params": {"gamma": 166.5886540904502, "log10_alpha": 0.4424289526924561, "log10_colsample_bytree": -0.3455000867563027, "log10_eta": -3.513685956012043, "log10_lambda": 0.5011080324186894, "log10_min_child_weight": 4.62923545119607, "log10_subsample": -0.5891678023626963, "max_depth": 5.0, "num_boost_round": 45.0}, "datetime": {"datetime": "2024-01-19 00:32:20", "elapsed": 1225.485388, "delta": 0.001851}}
{"target": -17.677150971988894, "params": {"gamma": 166.5886540904502, "log10_alpha": 0.4424289526924561, "log10_colsample_bytree": -0.3455000867563027, "log10_eta": -3.513685956012043, "log10_lambda": 0.5011080324186894, "log10_min_child_weight": 4.62923545119607, "log10_subsample": -0.5891678023626963, "max_depth": 5.0, "num_boost_round": 46.0}, "datetime": {"datetime": "2024-01-19 00:32:20", "elapsed": 1225.487398, "delta": 0.00201}}
{"target": -17.67714998653426, "params": {"gamma": 166.5886540904502, "log10_alpha": 0.4424289526924561, "log10_colsample_bytree": -0.3455000867563027, "log10_eta": -3.513685956012043, "log10_lambda": 0.5011080324186894, "log10_min_child_weight": 4.62923545119607, "log10_subsample": -0.5891678023626963, "max_depth": 5.0, "num_boost_round": 47.0}, "datetime": {"datetime": "2024-01-19 00:32:20", "elapsed": 1225.489373, "delta": 0.001975}}
{"target": -17.677149984598596, "params": {"gamma": 166.5886540904502, "log10_alpha": 0.4424289526924561, "log10_colsample_bytree": -0.3455000867563027, "log10_eta": -3.513685956012043, "log10_lambda": 0.5011080324186894, "log10_min_child_weight": 4.62923545119607, "log10_subsample": -0.5891678023626963, "max_depth": 5.0, "num_boost_round": 48.0}, "datetime": {"datetime": "2024-01-19 00:32:20", "elapsed": 1225.491369, "delta": 0.001996}}
{"target": -17.677147362404646, "params": {"gamma": 166.5886540904502, "log10_alpha": 0.4424289526924561, "log10_colsample_bytree": -0.3455000867563027, "log10_eta": -3.513685956012043, "log10_lambda": 0.5011080324186894, "log10_min_child_weight": 4.62923545119607, "log10_subsample": -0.5891678023626963, "max_depth": 5.0, "num_boost_round": 49.0}, "datetime": {"datetime": "2024-01-19 00:32:20", "elapsed": 1225.493224, "delta": 0.001855}}
{"target": -17.677147046148193, "params": {"gamma": 166.5886540904502, "log10_alpha": 0.4424289526924561, "log10_colsample_bytree": -0.3455000867563027, "log10_eta": -3.513685956012043, "log10_lambda": 0.5011080324186894, "log10_min_child_weight": 4.62923545119607, "log10_subsample": -0.5891678023626963, "max_depth": 5.0, "num_boost_round": 50.0}, "datetime": {"datetime": "2024-01-19 00:32:20", "elapsed": 1225.495083, "delta": 0.001859}}
{"target": -17.677145457152456, "params": {"gamma": 166.5886540904502, "log10_alpha": 0.4424289526924561, "log10_colsample_bytree": -0.3455000867563027, "log10_eta": -3.513685956012043, "log10_lambda": 0.5011080324186894, "log10_min_child_weight": 4.62923545119607, "log10_subsample": -0.5891678023626963, "max_depth": 5.0, "num_boost_round": 51.0}, "datetime": {"datetime": "2024-01-19 00:32:20", "elapsed": 1225.496939, "delta": 0.001856}}
{"target": -17.677144418833045, "params": {"gamma": 166.5886540904502, "log10_alpha": 0.4424289526924561, "log10_colsample_bytree": -0.3455000867563027, "log10_eta": -3.513685956012043, "log10_lambda": 0.5011080324186894, "log10_min_child_weight": 4.62923545119607, "log10_subsample": -0.5891678023626963, "max_depth": 5.0, "num_boost_round": 52.0}, "datetime": {"datetime": "2024-01-19 00:32:20", "elapsed": 1225.498916, "delta": 0.001977}}
{"target": -17.677146114123794, "params": {"gamma": 166.5886540904502, "log10_alpha": 0.4424289526924561, "log10_colsample_bytree": -0.3455000867563027, "log10_eta": -3.513685956012043, "log10_lambda": 0.5011080324186894, "log10_min_child_weight": 4.62923545119607, "log10_subsample": -0.5891678023626963, "max_depth": 5.0, "num_boost_round": 53.0}, "datetime": {"datetime": "2024-01-19 00:32:20", "elapsed": 1225.500752, "delta": 0.001836}}
{"target": -17.677143150747103, "params": {"gamma": 166.5886540904502, "log10_alpha": 0.4424289526924561, "log10_colsample_bytree": -0.3455000867563027, "log10_eta": -3.513685956012043, "log10_lambda": 0.5011080324186894, "log10_min_child_weight": 4.62923545119607, "log10_subsample": -0.5891678023626963, "max_depth": 5.0, "num_boost_round": 54.0}, "datetime": {"datetime": "2024-01-19 00:32:20", "elapsed": 1225.50261, "delta": 0.001858}}
{"target": -17.677139391483518, "params": {"gamma": 166.5886540904502, "log10_alpha": 0.4424289526924561, "log10_colsample_bytree": -0.3455000867563027, "log10_eta": -3.513685956012043, "log10_lambda": 0.5011080324186894, "log10_min_child_weight": 4.62923545119607, "log10_subsample": -0.5891678023626963, "max_depth": 5.0, "num_boost_round": 55.0}, "datetime": {"datetime": "2024-01-19 00:32:20", "elapsed": 1225.504455, "delta": 0.001845}}
{"target": -17.676527467141156, "params": {"gamma": 149.90521702476755, "log10_alpha": -4.052806220924031, "log10_colsample_bytree": -0.5975443305810706, "log10_eta": -1.402117948896349, "log10_lambda": -3.5729620766562915, "log10_min_child_weight": 1.4875186421474595, "log10_subsample": -0.9487646559598042, "max_depth": 8.0, "num_boost_round": 0.0}, "datetime": {"datetime": "2024-01-19 00:33:05", "elapsed": 1270.445896, "delta": 44.941441}}
