{"target": -17.67718187429009, "params": {"gamma": 418.32118974542834, "log10_alpha": -5.0, "log10_colsample_bytree": -1.0, "log10_eta": -4.0, "log10_lambda": -2.4349097188206805, "log10_min_child_weight": 0.0, "log10_subsample": -1.0, "max_depth": 7.0, "num_boost_round": 24.0}, "datetime": {"datetime": "2024-01-19 00:33:30", "elapsed": 1303.538344, "delta": 0.002337}}
{"target": -17.677178732461552, "params": {"gamma": 418.32118974542834, "log10_alpha": -5.0, "log10_colsample_bytree": -1.0, "log10_eta": -4.0, "log10_lambda": -2.4349097188206805, "log10_min_child_weight": 0.0, "log10_subsample": -1.0, "max_depth": 7.0, "num_boost_round": 25.0}, "datetime": {"datetime": "2024-01-19 00:33:30", "elapsed": 1303.540689, "delta": 0.002345}}
{"target": -17.677175418537956, "params": {"gamma": 418.32118974542834, "log10_alpha": -5.0, "log10_colsample_bytree": -1.0, "log10_eta": -4.0, "log10_lambda": -2.4349097188206805, "log10_min_child_weight": 0.0, "log10_subsample": -1.0, "max_depth": 7.0, "num_boost_round": 26.0}, "datetime": {"datetime": "2024-01-19 00:33:30", "elapsed": 1303.54312, "delta": 0.002431}}
{"target": -17.67717065655851, "params": {"gamma": 418.32118974542834, "log10_alpha": -5.0, "log10_colsample_bytree": -1.0, "log10_eta": -4.0, "log10_lambda": -2.4349097188206805, "log10_min_child_weight": 0.0, "log10_subsample": -1.0, "max_depth": 7.0, "num_boost_round": 27.0}, "datetime": {"datetime": "2024-01-19 00:33:30", "elapsed": 1303.545439, "delta": 0.002319}}
{"target": -17.677169055150497, "params": {"gamma": 418.32118974542834, "log10_alpha": -5.0, "log10_colsample_bytree": -1.0, "log10_eta": -4.0, "log10_lambda": -2.4349097188206805, "log10_min_child_weight": 0.0, "log10_subsample": -1.0, "max_depth": 7.0, "num_boost_round": 28.0}, "datetime": {"datetime": "2024-01-19 00:33:30", "elapsed": 1303.547841, "delta": 0.002402}}
{"target": -17.677164756863615, "params": {"gamma": 418.32118974542834, "log10_alpha": -5.0, "log10_colsample_bytree": -1.0, "log10_eta": -4.0, "log10_lambda": -2.4349097188206805, "log10_min_child_weight": 0.0, "log10_subsample": -1.0, "max_depth": 7.0, "num_boost_round": 29.0}, "datetime": {"datetime": "2024-01-19 00:33:30", "elapsed": 1303.5502, "delta": 0.002359}}
{"target": -17.67716238100919, "params": {"gamma": 418.32118974542834, "log10_alpha": -5.0, "log10_colsample_bytree": -1.0, "log10_eta": -4.0, "log10_lambda": -2.4349097188206805, "log10_min_child_weight": 0.0, "log10_subsample": -1.0, "max_depth": 7.0, "num_boost_round": 30.0}, "datetime": {"datetime": "2024-01-19 00:33:30", "elapsed": 1303.553172, "delta": 0.002972}}
{"target": -17.67715968935027, "params": {"gamma": 418.32118974542834, "log10_alpha": -5.0, "log10_colsample_bytree": -1.0, "log10_eta": -4.0, "log10_lambda": -2.4349097188206805, "log10_min_child_weight": 0.0, "log10_subsample": -1.0, "max_depth": 7.0, "num_boost_round": 31.0}, "datetime": {"datetime": "2024-01-19 00:33:30", "elapsed": 1303.555613, "delta": 0.002441}}
{"target": -17.71249505492724, "params": {"gamma": 406.10636797815425, "log10_alpha": -0.2014332860941428, "log10_colsample_bytree": -0.5359986351926446, "log10_eta": -0.35966837665524265, "log10_lambda": -2.61347883445288, "log10_min_child_weight": 0.8334234770189702, "log10_subsample": -0.9326159941506719, "max_depth": 5.0, "num_boost_round": 0.0}, "datetime": {"datetime": "2024-01-19 00:34:00", "elapsed": 1332.992512, "delta": 29.436899}}
{"target": -17.75348592156912, "params": {"gamma": 406.10636797815425, "log10_alpha": -0.2014332860941428, "log10_colsample_bytree": -0.5359986351926446, "log10_eta": -0.35966837665524265, "log10_lambda": -2.61347883445288, "log10_min_child_weight": 0.8334234770189702, "log10_subsample": -0.9326159941506719, "max_depth": 5.0, "num_boost_round": 1.0}, "datetime": {"datetime": "2024-01-19 00:34:00", "elapsed": 1332.995628, "delta": 0.003116}}
{"target": -17.777368602030204, "params": {"gamma": 406.10636797815425, "log10_alpha": -0.2014332860941428, "log10_colsample_bytree": -0.5359986351926446, "log10_eta": -0.35966837665524265, "log10_lambda": -2.61347883445288, "log10_min_child_weight": 0.8334234770189702, "log10_subsample": -0.9326159941506719, "max_depth": 5.0, "num_boost_round": 2.0}, "datetime": {"datetime": "2024-01-19 00:34:00", "elapsed": 1332.99843, "delta": 0.002802}}
{"target": -17.81113089600231, "params": {"gamma": 406.10636797815425, "log10_alpha": -0.2014332860941428, "log10_colsample_bytree": -0.5359986351926446, "log10_eta": -0.35966837665524265, "log10_lambda": -2.61347883445288, "log10_min_child_weight": 0.8334234770189702, "log10_subsample": -0.9326159941506719, "max_depth": 5.0, "num_boost_round": 3.0}, "datetime": {"datetime": "2024-01-19 00:34:00", "elapsed": 1333.000851, "delta": 0.002421}}
{"target": -17.83542456353479, "params": {"gamma": 406.10636797815425, "log10_alpha": -0.2014332860941428, "log10_colsample_bytree": -0.5359986351926446, "log10_eta": -0.35966837665524265, "log10_lambda": -2.61347883445288, "log10_min_child_weight": 0.8334234770189702, "log10_subsample": -0.9326159941506719, "max_depth": 5.0, "num_boost_round": 4.0}, "datetime": {"datetime": "2024-01-19 00:34:00", "elapsed": 1333.003496, "delta": 0.002645}}
{"target": -17.86401541483255, "params": {"gamma": 406.10636797815425, "log10_alpha": -0.2014332860941428, "log10_colsample_bytree": -0.5359986351926446, "log10_eta": -0.35966837665524265, "log10_lambda": -2.61347883445288, "log10_min_child_weight": 0.8334234770189702, "log10_subsample": -0.9326159941506719, "max_depth": 5.0, "num_boost_round": 5.0}, "datetime": {"datetime": "2024-01-19 00:34:00", "elapsed": 1333.006113, "delta": 0.002617}}
{"target": -17.894793922970358, "params": {"gamma": 406.10636797815425, "log10_alpha": -0.2014332860941428, "log10_colsample_bytree": -0.5359986351926446, "log10_eta": -0.35966837665524265, "log10_lambda": -2.61347883445288, "log10_min_child_weight": 0.8334234770189702, "log10_subsample": -0.9326159941506719, "max_depth": 5.0, "num_boost_round": 6.0}, "datetime": {"datetime": "2024-01-19 00:34:00", "elapsed": 1333.008577, "delta": 0.002464}}
{"target": -18.102723905858465, "params": {"gamma": 406.10636797815425, "log10_alpha": -0.2014332860941428, "log10_colsample_bytree": -0.5359986351926446, "log10_eta": -0.35966837665524265, "log10_lambda": -2.61347883445288, "log10_min_child_weight": 0.8334234770189702, "log10_subsample": -0.9326159941506719, "max_depth": 5.0, "num_boost_round": 7.0}, "datetime": {"datetime": "2024-01-19 00:34:00", "elapsed": 1333.011088, "delta": 0.002511}}
{"target": -18.113657451581812, "params": {"gamma": 406.10636797815425, "log10_alpha": -0.2014332860941428, "log10_colsample_bytree": -0.5359986351926446, "log10_eta": -0.35966837665524265, "log10_lambda": -2.61347883445288, "log10_min_child_weight": 0.8334234770189702, "log10_subsample": -0.9326159941506719, "max_depth": 5.0, "num_boost_round": 8.0}, "datetime": {"datetime": "2024-01-19 00:34:00", "elapsed": 1333.013528, "delta": 0.00244}}
{"target": -18.127519715345436, "params": {"gamma": 406.10636797815425, "log10_alpha": -0.2014332860941428, "log10_colsample_bytree": -0.5359986351926446, "log10_eta": -0.35966837665524265, "log10_lambda": -2.61347883445288, "log10_min_child_weight": 0.8334234770189702, "log10_subsample": -0.9326159941506719, "max_depth": 5.0, "num_boost_round": 9.0}, "datetime": {"datetime": "2024-01-19 00:34:00", "elapsed": 1333.015971, "delta": 0.002443}}
{"target": -18.14186867946603, "params": {"gamma": 406.10636797815425, "log10_alpha": -0.2014332860941428, "log10_colsample_bytree": -0.5359986351926446, "log10_eta": -0.35966837665524265, "log10_lambda": -2.61347883445288, "log10_min_child_weight": 0.8334234770189702, "log10_subsample": -0.9326159941506719, "max_depth": 5.0, "num_boost_round": 10.0}, "datetime": {"datetime": "2024-01-19 00:34:00", "elapsed": 1333.018407, "delta": 0.002436}}
{"target": -18.155928600334367, "params": {"gamma": 406.10636797815425, "log10_alpha": -0.2014332860941428, "log10_colsample_bytree": -0.5359986351926446, "log10_eta": -0.35966837665524265, "log10_lambda": -2.61347883445288, "log10_min_child_weight": 0.8334234770189702, "log10_subsample": -0.9326159941506719, "max_depth": 5.0, "num_boost_round": 11.0}, "datetime": {"datetime": "2024-01-19 00:34:00", "elapsed": 1333.020843, "delta": 0.002436}}
{"target": -18.21716991851246, "params": {"gamma": 406.10636797815425, "log10_alpha": -0.2014332860941428, "log10_colsample_bytree": -0.5359986351926446, "log10_eta": -0.35966837665524265, "log10_lambda": -2.61347883445288, "log10_min_child_weight": 0.8334234770189702, "log10_subsample": -0.9326159941506719, "max_depth": 5.0, "num_boost_round": 12.0}, "datetime": {"datetime": "2024-01-19 00:34:00", "elapsed": 1333.023358, "delta": 0.002515}}
{"target": -18.245818046273342, "params": {"gamma": 406.10636797815425, "log10_alpha": -0.2014332860941428, "log10_colsample_bytree": -0.5359986351926446, "log10_eta": -0.35966837665524265, "log10_lambda": -2.61347883445288, "log10_min_child_weight": 0.8334234770189702, "log10_subsample": -0.9326159941506719, "max_depth": 5.0, "num_boost_round": 13.0}, "datetime": {"datetime": "2024-01-19 00:34:00", "elapsed": 1333.025763, "delta": 0.002405}}
{"target": -18.25698521874377, "params": {"gamma": 406.10636797815425, "log10_alpha": -0.2014332860941428, "log10_colsample_bytree": -0.5359986351926446, "log10_eta": -0.35966837665524265, "log10_lambda": -2.61347883445288, "log10_min_child_weight": 0.8334234770189702, "log10_subsample": -0.9326159941506719, "max_depth": 5.0, "num_boost_round": 14.0}, "datetime": {"datetime": "2024-01-19 00:34:00", "elapsed": 1333.028295, "delta": 0.002532}}
{"target": -18.287915537724707, "params": {"gamma": 406.10636797815425, "log10_alpha": -0.2014332860941428, "log10_colsample_bytree": -0.5359986351926446, "log10_eta": -0.35966837665524265, "log10_lambda": -2.61347883445288, "log10_min_child_weight": 0.8334234770189702, "log10_subsample": -0.9326159941506719, "max_depth": 5.0, "num_boost_round": 15.0}, "datetime": {"datetime": "2024-01-19 00:34:00", "elapsed": 1333.03079, "delta": 0.002495}}
{"target": -18.336813157108825, "params": {"gamma": 406.10636797815425, "log10_alpha": -0.2014332860941428, "log10_colsample_bytree": -0.5359986351926446, "log10_eta": -0.35966837665524265, "log10_lambda": -2.61347883445288, "log10_min_child_weight": 0.8334234770189702, "log10_subsample": -0.9326159941506719, "max_depth": 5.0, "num_boost_round": 16.0}, "datetime": {"datetime": "2024-01-19 00:34:00", "elapsed": 1333.033281, "delta": 0.002491}}
{"target": -18.411990490126342, "params": {"gamma": 406.10636797815425, "log10_alpha": -0.2014332860941428, "log10_colsample_bytree": -0.5359986351926446, "log10_eta": -0.35966837665524265, "log10_lambda": -2.61347883445288, "log10_min_child_weight": 0.8334234770189702, "log10_subsample": -0.9326159941506719, "max_depth": 5.0, "num_boost_round": 17.0}, "datetime": {"datetime": "2024-01-19 00:34:00", "elapsed": 1333.035746, "delta": 0.002465}}
{"target": -18.431346620786442, "params": {"gamma": 406.10636797815425, "log10_alpha": -0.2014332860941428, "log10_colsample_bytree": -0.5359986351926446, "log10_eta": -0.35966837665524265, "log10_lambda": -2.61347883445288, "log10_min_child_weight": 0.8334234770189702, "log10_subsample": -0.9326159941506719, "max_depth": 5.0, "num_boost_round": 18.0}, "datetime": {"datetime": "2024-01-19 00:34:00", "elapsed": 1333.038196, "delta": 0.00245}}
{"target": -18.455081382229494, "params": {"gamma": 406.10636797815425, "log10_alpha": -0.2014332860941428, "log10_colsample_bytree": -0.5359986351926446, "log10_eta": -0.35966837665524265, "log10_lambda": -2.61347883445288, "log10_min_child_weight": 0.8334234770189702, "log10_subsample": -0.9326159941506719, "max_depth": 5.0, "num_boost_round": 19.0}, "datetime": {"datetime": "2024-01-19 00:34:00", "elapsed": 1333.040647, "delta": 0.002451}}
{"target": -18.45901760173678, "params": {"gamma": 406.10636797815425, "log10_alpha": -0.2014332860941428, "log10_colsample_bytree": -0.5359986351926446, "log10_eta": -0.35966837665524265, "log10_lambda": -2.61347883445288, "log10_min_child_weight": 0.8334234770189702, "log10_subsample": -0.9326159941506719, "max_depth": 5.0, "num_boost_round": 20.0}, "datetime": {"datetime": "2024-01-19 00:34:00", "elapsed": 1333.043209, "delta": 0.002562}}
{"target": -17.677220516270378, "params": {"gamma": 415.81065900706636, "log10_alpha": -2.5663448856638347, "log10_colsample_bytree": -0.9590808538095392, "log10_eta": -3.405831941854802, "log10_lambda": -0.35171236505238035, "log10_min_child_weight": 2.680898658658905, "log10_subsample": -0.21241640104372872, "max_depth": 8.0, "num_boost_round": 0.0}, "datetime": {"datetime": "2024-01-19 00:34:29", "elapsed": 1361.891548, "delta": 28.848339}}
{"target": -17.67721253313065, "params": {"gamma": 415.81065900706636, "log10_alpha": -2.5663448856638347, "log10_colsample_bytree": -0.9590808538095392, "log10_eta": -3.405831941854802, "log10_lambda": -0.35171236505238035, "log10_min_child_weight": 2.680898658658905, "log10_subsample": -0.21241640104372872, "max_depth": 8.0, "num_boost_round": 1.0}, "datetime": {"datetime": "2024-01-19 00:34:29", "elapsed": 1361.894552, "delta": 0.003004}}
{"target": -17.677214869657483, "params": {"gamma": 415.81065900706636, "log10_alpha": -2.5663448856638347, "log10_colsample_bytree": -0.9590808538095392, "log10_eta": -3.405831941854802, "log10_lambda": -0.35171236505238035, "log10_min_child_weight": 2.680898658658905, "log10_subsample": -0.21241640104372872, "max_depth": 8.0, "num_boost_round": 2.0}, "datetime": {"datetime": "2024-01-19 00:34:29", "elapsed": 1361.897, "delta": 0.002448}}
{"target": -17.677199537949615, "params": {"gamma": 415.81065900706636, "log10_alpha": -2.5663448856638347, "log10_colsample_bytree": -0.9590808538095392, "log10_eta": -3.405831941854802, "log10_lambda": -0.35171236505238035, "log10_min_child_weight": 2.680898658658905, "log10_subsample": -0.21241640104372872, "max_depth": 8.0, "num_boost_round": 3.0}, "datetime": {"datetime": "2024-01-19 00:34:29", "elapsed": 1361.899509, "delta": 0.002509}}
{"target": -17.677167062489122, "params": {"gamma": 415.81065900706636, "log10_alpha": -2.5663448856638347, "log10_colsample_bytree": -0.9590808538095392, "log10_eta": -3.405831941854802, "log10_lambda": -0.35171236505238035, "log10_min_child_weight": 2.680898658658905, "log10_subsample": -0.21241640104372872, "max_depth": 8.0, "num_boost_round": 4.0}, "datetime": {"datetime": "2024-01-19 00:34:29", "elapsed": 1361.902067, "delta": 0.002558}}
{"target": -17.677151432792776, "params": {"gamma": 415.81065900706636, "log10_alpha": -2.5663448856638347, "log10_colsample_bytree": -0.9590808538095392, "log10_eta": -3.405831941854802, "log10_lambda": -0.35171236505238035, "log10_min_child_weight": 2.680898658658905, "log10_subsample": -0.21241640104372872, "max_depth": 8.0, "num_boost_round": 5.0}, "datetime": {"datetime": "2024-01-19 00:34:29", "elapsed": 1361.904627, "delta": 0.00256}}
{"target": -17.677156088648974, "params": {"gamma": 415.81065900706636, "log10_alpha": -2.5663448856638347, "log10_colsample_bytree": -0.9590808538095392, "log10_eta": -3.405831941854802, "log10_lambda": -0.35171236505238035, "log10_min_child_weight": 2.680898658658905, "log10_subsample": -0.21241640104372872, "max_depth": 8.0, "num_boost_round": 6.0}, "datetime": {"datetime": "2024-01-19 00:34:29", "elapsed": 1361.907159, "delta": 0.002532}}
{"target": -17.67712436421194, "params": {"gamma": 415.81065900706636, "log10_alpha": -2.5663448856638347, "log10_colsample_bytree": -0.9590808538095392, "log10_eta": -3.405831941854802, "log10_lambda": -0.35171236505238035, "log10_min_child_weight": 2.680898658658905, "log10_subsample": -0.21241640104372872, "max_depth": 8.0, "num_boost_round": 7.0}, "datetime": {"datetime": "2024-01-19 00:34:29", "elapsed": 1361.909602, "delta": 0.002443}}
{"target": -17.677107352100133, "params": {"gamma": 415.81065900706636, "log10_alpha": -2.5663448856638347, "log10_colsample_bytree": -0.9590808538095392, "log10_eta": -3.405831941854802, "log10_lambda": -0.35171236505238035, "log10_min_child_weight": 2.680898658658905, "log10_subsample": -0.21241640104372872, "max_depth": 8.0, "num_boost_round": 8.0}, "datetime": {"datetime": "2024-01-19 00:34:29", "elapsed": 1361.912137, "delta": 0.002535}}
{"target": -17.677098033279822, "params": {"gamma": 415.81065900706636, "log10_alpha": -2.5663448856638347, "log10_colsample_bytree": -0.9590808538095392, "log10_eta": -3.405831941854802, "log10_lambda": -0.35171236505238035, "log10_min_child_weight": 2.680898658658905, "log10_subsample": -0.21241640104372872, "max_depth": 8.0, "num_boost_round": 9.0}, "datetime": {"datetime": "2024-01-19 00:34:29", "elapsed": 1361.914618, "delta": 0.002481}}
{"target": -17.677084170535082, "params": {"gamma": 415.81065900706636, "log10_alpha": -2.5663448856638347, "log10_colsample_bytree": -0.9590808538095392, "log10_eta": -3.405831941854802, "log10_lambda": -0.35171236505238035, "log10_min_child_weight": 2.680898658658905, "log10_subsample": -0.21241640104372872, "max_depth": 8.0, "num_boost_round": 10.0}, "datetime": {"datetime": "2024-01-19 00:34:29", "elapsed": 1361.917048, "delta": 0.00243}}
{"target": -17.677077912602186, "params": {"gamma": 415.81065900706636, "log10_alpha": -2.5663448856638347, "log10_colsample_bytree": -0.9590808538095392, "log10_eta": -3.405831941854802, "log10_lambda": -0.35171236505238035, "log10_min_child_weight": 2.680898658658905, "log10_subsample": -0.21241640104372872, "max_depth": 8.0, "num_boost_round": 11.0}, "datetime": {"datetime": "2024-01-19 00:34:29", "elapsed": 1361.919503, "delta": 0.002455}}
{"target": -17.677054773917984, "params": {"gamma": 415.81065900706636, "log10_alpha": -2.5663448856638347, "log10_colsample_bytree": -0.9590808538095392, "log10_eta": -3.405831941854802, "log10_lambda": -0.35171236505238035, "log10_min_child_weight": 2.680898658658905, "log10_subsample": -0.21241640104372872, "max_depth": 8.0, "num_boost_round": 12.0}, "datetime": {"datetime": "2024-01-19 00:34:29", "elapsed": 1361.921951, "delta": 0.002448}}
{"target": -17.677139134294514, "params": {"gamma": 418.90424466610534, "log10_alpha": -4.128122411898813, "log10_colsample_bytree": -0.0365452898235229, "log10_eta": -2.499352392787545, "log10_lambda": -3.840985996764987, "log10_min_child_weight": 1.079259490457432, "log10_subsample": -0.00864707197176151, "max_depth": 2.0, "num_boost_round": 0.0}, "datetime": {"datetime": "2024-01-19 00:34:56", "elapsed": 1388.675875, "delta": 26.753924}}
{"target": -17.677047593887657, "params": {"gamma": 418.90424466610534, "log10_alpha": -4.128122411898813, "log10_colsample_bytree": -0.0365452898235229, "log10_eta": -2.499352392787545, "log10_lambda": -3.840985996764987, "log10_min_child_weight": 1.079259490457432, "log10_subsample": -0.00864707197176151, "max_depth": 2.0, "num_boost_round": 1.0}, "datetime": {"datetime": "2024-01-19 00:34:56", "elapsed": 1388.679232, "delta": 0.003357}}
{"target": -17.676957756624137, "params": {"gamma": 418.90424466610534, "log10_alpha": -4.128122411898813, "log10_colsample_bytree": -0.0365452898235229, "log10_eta": -2.499352392787545, "log10_lambda": -3.840985996764987, "log10_min_child_weight": 1.079259490457432, "log10_subsample": -0.00864707197176151, "max_depth": 2.0, "num_boost_round": 2.0}, "datetime": {"datetime": "2024-01-19 00:34:56", "elapsed": 1388.681741, "delta": 0.002509}}
{"target": -17.676870186695155, "params": {"gamma": 418.90424466610534, "log10_alpha": -4.128122411898813, "log10_colsample_bytree": -0.0365452898235229, "log10_eta": -2.499352392787545, "log10_lambda": -3.840985996764987, "log10_min_child_weight": 1.079259490457432, "log10_subsample": -0.00864707197176151, "max_depth": 2.0, "num_boost_round": 3.0}, "datetime": {"datetime": "2024-01-19 00:34:56", "elapsed": 1388.684133, "delta": 0.002392}}
{"target": -17.676794056830325, "params": {"gamma": 418.90424466610534, "log10_alpha": -4.128122411898813, "log10_colsample_bytree": -0.0365452898235229, "log10_eta": -2.499352392787545, "log10_lambda": -3.840985996764987, "log10_min_child_weight": 1.079259490457432, "log10_subsample": -0.00864707197176151, "max_depth": 2.0, "num_boost_round": 4.0}, "datetime": {"datetime": "2024-01-19 00:34:56", "elapsed": 1388.686498, "delta": 0.002365}}
{"target": -17.67670948725567, "params": {"gamma": 418.90424466610534, "log10_alpha": -4.128122411898813, "log10_colsample_bytree": -0.0365452898235229, "log10_eta": -2.499352392787545, "log10_lambda": -3.840985996764987, "log10_min_child_weight": 1.079259490457432, "log10_subsample": -0.00864707197176151, "max_depth": 2.0, "num_boost_round": 5.0}, "datetime": {"datetime": "2024-01-19 00:34:56", "elapsed": 1388.68892, "delta": 0.002422}}
{"target": -17.67662710782467, "params": {"gamma": 418.90424466610534, "log10_alpha": -4.128122411898813, "log10_colsample_bytree": -0.0365452898235229, "log10_eta": -2.499352392787545, "log10_lambda": -3.840985996764987, "log10_min_child_weight": 1.079259490457432, "log10_subsample": -0.00864707197176151, "max_depth": 2.0, "num_boost_round": 6.0}, "datetime": {"datetime": "2024-01-19 00:34:56", "elapsed": 1388.691369, "delta": 0.002449}}
{"target": -17.676546352330448, "params": {"gamma": 418.90424466610534, "log10_alpha": -4.128122411898813, "log10_colsample_bytree": -0.0365452898235229, "log10_eta": -2.499352392787545, "log10_lambda": -3.840985996764987, "log10_min_child_weight": 1.079259490457432, "log10_subsample": -0.00864707197176151, "max_depth": 2.0, "num_boost_round": 7.0}, "datetime": {"datetime": "2024-01-19 00:34:56", "elapsed": 1388.694181, "delta": 0.002812}}
