{"target": -13.758440016659623, "params": {"gamma": 569.6609367386441, "log10_alpha": 1.0, "log10_colsample_bytree": -1.0, "log10_eta": -3.9426741031363286, "log10_lambda": -1.8836629581571926, "log10_min_child_weight": 0.4128759163559473, "log10_subsample": -0.4158140108703805, "max_depth": 9.0, "num_boost_round": 40.0}, "datetime": {"datetime": "2024-01-19 02:06:34", "elapsed": 6926.276825, "delta": 0.006914}}
{"target": -13.75843930372991, "params": {"gamma": 569.6609367386441, "log10_alpha": 1.0, "log10_colsample_bytree": -1.0, "log10_eta": -3.9426741031363286, "log10_lambda": -1.8836629581571926, "log10_min_child_weight": 0.4128759163559473, "log10_subsample": -0.4158140108703805, "max_depth": 9.0, "num_boost_round": 41.0}, "datetime": {"datetime": "2024-01-19 02:06:34", "elapsed": 6926.28356, "delta": 0.006735}}
{"target": -13.758442303827414, "params": {"gamma": 569.6609367386441, "log10_alpha": 1.0, "log10_colsample_bytree": -1.0, "log10_eta": -3.9426741031363286, "log10_lambda": -1.8836629581571926, "log10_min_child_weight": 0.4128759163559473, "log10_subsample": -0.4158140108703805, "max_depth": 9.0, "num_boost_round": 42.0}, "datetime": {"datetime": "2024-01-19 02:06:34", "elapsed": 6926.290306, "delta": 0.006746}}
{"target": -13.75843831556508, "params": {"gamma": 569.6609367386441, "log10_alpha": 1.0, "log10_colsample_bytree": -1.0, "log10_eta": -3.9426741031363286, "log10_lambda": -1.8836629581571926, "log10_min_child_weight": 0.4128759163559473, "log10_subsample": -0.4158140108703805, "max_depth": 9.0, "num_boost_round": 43.0}, "datetime": {"datetime": "2024-01-19 02:06:34", "elapsed": 6926.297017, "delta": 0.006711}}
{"target": -13.75843712602678, "params": {"gamma": 569.6609367386441, "log10_alpha": 1.0, "log10_colsample_bytree": -1.0, "log10_eta": -3.9426741031363286, "log10_lambda": -1.8836629581571926, "log10_min_child_weight": 0.4128759163559473, "log10_subsample": -0.4158140108703805, "max_depth": 9.0, "num_boost_round": 44.0}, "datetime": {"datetime": "2024-01-19 02:06:34", "elapsed": 6926.304986, "delta": 0.007969}}
{"target": -13.758435139675628, "params": {"gamma": 569.6609367386441, "log10_alpha": 1.0, "log10_colsample_bytree": -1.0, "log10_eta": -3.9426741031363286, "log10_lambda": -1.8836629581571926, "log10_min_child_weight": 0.4128759163559473, "log10_subsample": -0.4158140108703805, "max_depth": 9.0, "num_boost_round": 45.0}, "datetime": {"datetime": "2024-01-19 02:06:34", "elapsed": 6926.311931, "delta": 0.006945}}
{"target": -13.758437866131041, "params": {"gamma": 569.6609367386441, "log10_alpha": 1.0, "log10_colsample_bytree": -1.0, "log10_eta": -3.9426741031363286, "log10_lambda": -1.8836629581571926, "log10_min_child_weight": 0.4128759163559473, "log10_subsample": -0.4158140108703805, "max_depth": 9.0, "num_boost_round": 46.0}, "datetime": {"datetime": "2024-01-19 02:06:34", "elapsed": 6926.319625, "delta": 0.007694}}
{"target": -13.758437647769808, "params": {"gamma": 569.6609367386441, "log10_alpha": 1.0, "log10_colsample_bytree": -1.0, "log10_eta": -3.9426741031363286, "log10_lambda": -1.8836629581571926, "log10_min_child_weight": 0.4128759163559473, "log10_subsample": -0.4158140108703805, "max_depth": 9.0, "num_boost_round": 47.0}, "datetime": {"datetime": "2024-01-19 02:06:34", "elapsed": 6926.326418, "delta": 0.006793}}
{"target": -13.758436784377215, "params": {"gamma": 569.6609367386441, "log10_alpha": 1.0, "log10_colsample_bytree": -1.0, "log10_eta": -3.9426741031363286, "log10_lambda": -1.8836629581571926, "log10_min_child_weight": 0.4128759163559473, "log10_subsample": -0.4158140108703805, "max_depth": 9.0, "num_boost_round": 48.0}, "datetime": {"datetime": "2024-01-19 02:06:34", "elapsed": 6926.333038, "delta": 0.00662}}
{"target": -13.758440122633985, "params": {"gamma": 569.6609367386441, "log10_alpha": 1.0, "log10_colsample_bytree": -1.0, "log10_eta": -3.9426741031363286, "log10_lambda": -1.8836629581571926, "log10_min_child_weight": 0.4128759163559473, "log10_subsample": -0.4158140108703805, "max_depth": 9.0, "num_boost_round": 49.0}, "datetime": {"datetime": "2024-01-19 02:06:34", "elapsed": 6926.339947, "delta": 0.006909}}
{"target": -13.758438341099792, "params": {"gamma": 569.6609367386441, "log10_alpha": 1.0, "log10_colsample_bytree": -1.0, "log10_eta": -3.9426741031363286, "log10_lambda": -1.8836629581571926, "log10_min_child_weight": 0.4128759163559473, "log10_subsample": -0.4158140108703805, "max_depth": 9.0, "num_boost_round": 50.0}, "datetime": {"datetime": "2024-01-19 02:06:34", "elapsed": 6926.34746, "delta": 0.007513}}
{"target": -13.75844162249391, "params": {"gamma": 569.6609367386441, "log10_alpha": 1.0, "log10_colsample_bytree": -1.0, "log10_eta": -3.9426741031363286, "log10_lambda": -1.8836629581571926, "log10_min_child_weight": 0.4128759163559473, "log10_subsample": -0.4158140108703805, "max_depth": 9.0, "num_boost_round": 51.0}, "datetime": {"datetime": "2024-01-19 02:06:34", "elapsed": 6926.354943, "delta": 0.007483}}
{"target": -13.75843835273663, "params": {"gamma": 569.6609367386441, "log10_alpha": 1.0, "log10_colsample_bytree": -1.0, "log10_eta": -3.9426741031363286, "log10_lambda": -1.8836629581571926, "log10_min_child_weight": 0.4128759163559473, "log10_subsample": -0.4158140108703805, "max_depth": 9.0, "num_boost_round": 52.0}, "datetime": {"datetime": "2024-01-19 02:06:34", "elapsed": 6926.362666, "delta": 0.007723}}
{"target": -13.758436330456128, "params": {"gamma": 569.6609367386441, "log10_alpha": 1.0, "log10_colsample_bytree": -1.0, "log10_eta": -3.9426741031363286, "log10_lambda": -1.8836629581571926, "log10_min_child_weight": 0.4128759163559473, "log10_subsample": -0.4158140108703805, "max_depth": 9.0, "num_boost_round": 53.0}, "datetime": {"datetime": "2024-01-19 02:06:34", "elapsed": 6926.369661, "delta": 0.006995}}
{"target": -13.75843665909967, "params": {"gamma": 569.6609367386441, "log10_alpha": 1.0, "log10_colsample_bytree": -1.0, "log10_eta": -3.9426741031363286, "log10_lambda": -1.8836629581571926, "log10_min_child_weight": 0.4128759163559473, "log10_subsample": -0.4158140108703805, "max_depth": 9.0, "num_boost_round": 54.0}, "datetime": {"datetime": "2024-01-19 02:06:34", "elapsed": 6926.376452, "delta": 0.006791}}
{"target": -13.758434304312601, "params": {"gamma": 569.6609367386441, "log10_alpha": 1.0, "log10_colsample_bytree": -1.0, "log10_eta": -3.9426741031363286, "log10_lambda": -1.8836629581571926, "log10_min_child_weight": 0.4128759163559473, "log10_subsample": -0.4158140108703805, "max_depth": 9.0, "num_boost_round": 55.0}, "datetime": {"datetime": "2024-01-19 02:06:34", "elapsed": 6926.38312, "delta": 0.006668}}
{"target": -13.758436370023356, "params": {"gamma": 569.6609367386441, "log10_alpha": 1.0, "log10_colsample_bytree": -1.0, "log10_eta": -3.9426741031363286, "log10_lambda": -1.8836629581571926, "log10_min_child_weight": 0.4128759163559473, "log10_subsample": -0.4158140108703805, "max_depth": 9.0, "num_boost_round": 56.0}, "datetime": {"datetime": "2024-01-19 02:06:34", "elapsed": 6926.389818, "delta": 0.006698}}
{"target": -13.758439879168835, "params": {"gamma": 569.6609367386441, "log10_alpha": 1.0, "log10_colsample_bytree": -1.0, "log10_eta": -3.9426741031363286, "log10_lambda": -1.8836629581571926, "log10_min_child_weight": 0.4128759163559473, "log10_subsample": -0.4158140108703805, "max_depth": 9.0, "num_boost_round": 57.0}, "datetime": {"datetime": "2024-01-19 02:06:34", "elapsed": 6926.396496, "delta": 0.006678}}
{"target": -13.758433374414002, "params": {"gamma": 569.6609367386441, "log10_alpha": 1.0, "log10_colsample_bytree": -1.0, "log10_eta": -3.9426741031363286, "log10_lambda": -1.8836629581571926, "log10_min_child_weight": 0.4128759163559473, "log10_subsample": -0.4158140108703805, "max_depth": 9.0, "num_boost_round": 58.0}, "datetime": {"datetime": "2024-01-19 02:06:34", "elapsed": 6926.403191, "delta": 0.006695}}
{"target": -13.758426683000634, "params": {"gamma": 569.6609367386441, "log10_alpha": 1.0, "log10_colsample_bytree": -1.0, "log10_eta": -3.9426741031363286, "log10_lambda": -1.8836629581571926, "log10_min_child_weight": 0.4128759163559473, "log10_subsample": -0.4158140108703805, "max_depth": 9.0, "num_boost_round": 59.0}, "datetime": {"datetime": "2024-01-19 02:06:34", "elapsed": 6926.40989, "delta": 0.006699}}
{"target": -13.758513387426635, "params": {"gamma": 558.4307880831035, "log10_alpha": -2.0183857879133598, "log10_colsample_bytree": -0.2957507268666346, "log10_eta": -2.9854753956903926, "log10_lambda": -0.11203830727913378, "log10_min_child_weight": 2.4724462711993973, "log10_subsample": -0.09644087818404323, "max_depth": 8.0, "num_boost_round": 0.0}, "datetime": {"datetime": "2024-01-19 02:07:46", "elapsed": 6997.86436, "delta": 71.45447}}
{"target": -13.758501261769794, "params": {"gamma": 558.4307880831035, "log10_alpha": -2.0183857879133598, "log10_colsample_bytree": -0.2957507268666346, "log10_eta": -2.9854753956903926, "log10_lambda": -0.11203830727913378, "log10_min_child_weight": 2.4724462711993973, "log10_subsample": -0.09644087818404323, "max_depth": 8.0, "num_boost_round": 1.0}, "datetime": {"datetime": "2024-01-19 02:07:46", "elapsed": 6997.871582, "delta": 0.007222}}
{"target": -13.758453740706296, "params": {"gamma": 558.4307880831035, "log10_alpha": -2.0183857879133598, "log10_colsample_bytree": -0.2957507268666346, "log10_eta": -2.9854753956903926, "log10_lambda": -0.11203830727913378, "log10_min_child_weight": 2.4724462711993973, "log10_subsample": -0.09644087818404323, "max_depth": 8.0, "num_boost_round": 2.0}, "datetime": {"datetime": "2024-01-19 02:07:46", "elapsed": 6997.878344, "delta": 0.006762}}
{"target": -13.75842821929997, "params": {"gamma": 558.4307880831035, "log10_alpha": -2.0183857879133598, "log10_colsample_bytree": -0.2957507268666346, "log10_eta": -2.9854753956903926, "log10_lambda": -0.11203830727913378, "log10_min_child_weight": 2.4724462711993973, "log10_subsample": -0.09644087818404323, "max_depth": 8.0, "num_boost_round": 3.0}, "datetime": {"datetime": "2024-01-19 02:07:46", "elapsed": 6997.885017, "delta": 0.006673}}
{"target": -13.758390353755102, "params": {"gamma": 558.4307880831035, "log10_alpha": -2.0183857879133598, "log10_colsample_bytree": -0.2957507268666346, "log10_eta": -2.9854753956903926, "log10_lambda": -0.11203830727913378, "log10_min_child_weight": 2.4724462711993973, "log10_subsample": -0.09644087818404323, "max_depth": 8.0, "num_boost_round": 4.0}, "datetime": {"datetime": "2024-01-19 02:07:46", "elapsed": 6997.891711, "delta": 0.006694}}
{"target": -13.758357272230388, "params": {"gamma": 558.4307880831035, "log10_alpha": -2.0183857879133598, "log10_colsample_bytree": -0.2957507268666346, "log10_eta": -2.9854753956903926, "log10_lambda": -0.11203830727913378, "log10_min_child_weight": 2.4724462711993973, "log10_subsample": -0.09644087818404323, "max_depth": 8.0, "num_boost_round": 5.0}, "datetime": {"datetime": "2024-01-19 02:07:46", "elapsed": 6997.898411, "delta": 0.0067}}
{"target": -13.75836489428876, "params": {"gamma": 558.4307880831035, "log10_alpha": -2.0183857879133598, "log10_colsample_bytree": -0.2957507268666346, "log10_eta": -2.9854753956903926, "log10_lambda": -0.11203830727913378, "log10_min_child_weight": 2.4724462711993973, "log10_subsample": -0.09644087818404323, "max_depth": 8.0, "num_boost_round": 6.0}, "datetime": {"datetime": "2024-01-19 02:07:46", "elapsed": 6998.030512, "delta": 0.132101}}
{"target": -13.758400585739727, "params": {"gamma": 558.4307880831035, "log10_alpha": -2.0183857879133598, "log10_colsample_bytree": -0.2957507268666346, "log10_eta": -2.9854753956903926, "log10_lambda": -0.11203830727913378, "log10_min_child_weight": 2.4724462711993973, "log10_subsample": -0.09644087818404323, "max_depth": 8.0, "num_boost_round": 7.0}, "datetime": {"datetime": "2024-01-19 02:07:46", "elapsed": 6998.0387, "delta": 0.008188}}
{"target": -13.758350264826575, "params": {"gamma": 558.4307880831035, "log10_alpha": -2.0183857879133598, "log10_colsample_bytree": -0.2957507268666346, "log10_eta": -2.9854753956903926, "log10_lambda": -0.11203830727913378, "log10_min_child_weight": 2.4724462711993973, "log10_subsample": -0.09644087818404323, "max_depth": 8.0, "num_boost_round": 8.0}, "datetime": {"datetime": "2024-01-19 02:07:46", "elapsed": 6998.045805, "delta": 0.007105}}
{"target": -13.758302964335464, "params": {"gamma": 558.4307880831035, "log10_alpha": -2.0183857879133598, "log10_colsample_bytree": -0.2957507268666346, "log10_eta": -2.9854753956903926, "log10_lambda": -0.11203830727913378, "log10_min_child_weight": 2.4724462711993973, "log10_subsample": -0.09644087818404323, "max_depth": 8.0, "num_boost_round": 9.0}, "datetime": {"datetime": "2024-01-19 02:07:46", "elapsed": 6998.052869, "delta": 0.007064}}
{"target": -13.758252167487482, "params": {"gamma": 558.4307880831035, "log10_alpha": -2.0183857879133598, "log10_colsample_bytree": -0.2957507268666346, "log10_eta": -2.9854753956903926, "log10_lambda": -0.11203830727913378, "log10_min_child_weight": 2.4724462711993973, "log10_subsample": -0.09644087818404323, "max_depth": 8.0, "num_boost_round": 10.0}, "datetime": {"datetime": "2024-01-19 02:07:46", "elapsed": 6998.059995, "delta": 0.007126}}
{"target": -13.758235196704389, "params": {"gamma": 558.4307880831035, "log10_alpha": -2.0183857879133598, "log10_colsample_bytree": -0.2957507268666346, "log10_eta": -2.9854753956903926, "log10_lambda": -0.11203830727913378, "log10_min_child_weight": 2.4724462711993973, "log10_subsample": -0.09644087818404323, "max_depth": 8.0, "num_boost_round": 11.0}, "datetime": {"datetime": "2024-01-19 02:07:46", "elapsed": 6998.066841, "delta": 0.006846}}
{"target": -13.758231593294965, "params": {"gamma": 558.4307880831035, "log10_alpha": -2.0183857879133598, "log10_colsample_bytree": -0.2957507268666346, "log10_eta": -2.9854753956903926, "log10_lambda": -0.11203830727913378, "log10_min_child_weight": 2.4724462711993973, "log10_subsample": -0.09644087818404323, "max_depth": 8.0, "num_boost_round": 12.0}, "datetime": {"datetime": "2024-01-19 02:07:46", "elapsed": 6998.074677, "delta": 0.007836}}
{"target": -13.758237573565905, "params": {"gamma": 558.4307880831035, "log10_alpha": -2.0183857879133598, "log10_colsample_bytree": -0.2957507268666346, "log10_eta": -2.9854753956903926, "log10_lambda": -0.11203830727913378, "log10_min_child_weight": 2.4724462711993973, "log10_subsample": -0.09644087818404323, "max_depth": 8.0, "num_boost_round": 13.0}, "datetime": {"datetime": "2024-01-19 02:07:46", "elapsed": 6998.081661, "delta": 0.006984}}
{"target": -13.758217547754677, "params": {"gamma": 558.4307880831035, "log10_alpha": -2.0183857879133598, "log10_colsample_bytree": -0.2957507268666346, "log10_eta": -2.9854753956903926, "log10_lambda": -0.11203830727913378, "log10_min_child_weight": 2.4724462711993973, "log10_subsample": -0.09644087818404323, "max_depth": 8.0, "num_boost_round": 14.0}, "datetime": {"datetime": "2024-01-19 02:07:46", "elapsed": 6998.088841, "delta": 0.00718}}
{"target": -13.758202150261454, "params": {"gamma": 558.4307880831035, "log10_alpha": -2.0183857879133598, "log10_colsample_bytree": -0.2957507268666346, "log10_eta": -2.9854753956903926, "log10_lambda": -0.11203830727913378, "log10_min_child_weight": 2.4724462711993973, "log10_subsample": -0.09644087818404323, "max_depth": 8.0, "num_boost_round": 15.0}, "datetime": {"datetime": "2024-01-19 02:07:46", "elapsed": 6998.095709, "delta": 0.006868}}
{"target": -13.75816367183761, "params": {"gamma": 558.4307880831035, "log10_alpha": -2.0183857879133598, "log10_colsample_bytree": -0.2957507268666346, "log10_eta": -2.9854753956903926, "log10_lambda": -0.11203830727913378, "log10_min_child_weight": 2.4724462711993973, "log10_subsample": -0.09644087818404323, "max_depth": 8.0, "num_boost_round": 16.0}, "datetime": {"datetime": "2024-01-19 02:07:46", "elapsed": 6998.102681, "delta": 0.006972}}
{"target": -13.758144561901549, "params": {"gamma": 558.4307880831035, "log10_alpha": -2.0183857879133598, "log10_colsample_bytree": -0.2957507268666346, "log10_eta": -2.9854753956903926, "log10_lambda": -0.11203830727913378, "log10_min_child_weight": 2.4724462711993973, "log10_subsample": -0.09644087818404323, "max_depth": 8.0, "num_boost_round": 17.0}, "datetime": {"datetime": "2024-01-19 02:07:46", "elapsed": 6998.109736, "delta": 0.007055}}
{"target": -13.758150408243717, "params": {"gamma": 558.4307880831035, "log10_alpha": -2.0183857879133598, "log10_colsample_bytree": -0.2957507268666346, "log10_eta": -2.9854753956903926, "log10_lambda": -0.11203830727913378, "log10_min_child_weight": 2.4724462711993973, "log10_subsample": -0.09644087818404323, "max_depth": 8.0, "num_boost_round": 18.0}, "datetime": {"datetime": "2024-01-19 02:07:46", "elapsed": 6998.116553, "delta": 0.006817}}
{"target": -13.758085532083559, "params": {"gamma": 558.4307880831035, "log10_alpha": -2.0183857879133598, "log10_colsample_bytree": -0.2957507268666346, "log10_eta": -2.9854753956903926, "log10_lambda": -0.11203830727913378, "log10_min_child_weight": 2.4724462711993973, "log10_subsample": -0.09644087818404323, "max_depth": 8.0, "num_boost_round": 19.0}, "datetime": {"datetime": "2024-01-19 02:07:46", "elapsed": 6998.12335, "delta": 0.006797}}
{"target": -13.758013317870224, "params": {"gamma": 558.4307880831035, "log10_alpha": -2.0183857879133598, "log10_colsample_bytree": -0.2957507268666346, "log10_eta": -2.9854753956903926, "log10_lambda": -0.11203830727913378, "log10_min_child_weight": 2.4724462711993973, "log10_subsample": -0.09644087818404323, "max_depth": 8.0, "num_boost_round": 20.0}, "datetime": {"datetime": "2024-01-19 02:07:46", "elapsed": 6998.130204, "delta": 0.006854}}
{"target": -13.758019502815147, "params": {"gamma": 558.4307880831035, "log10_alpha": -2.0183857879133598, "log10_colsample_bytree": -0.2957507268666346, "log10_eta": -2.9854753956903926, "log10_lambda": -0.11203830727913378, "log10_min_child_weight": 2.4724462711993973, "log10_subsample": -0.09644087818404323, "max_depth": 8.0, "num_boost_round": 21.0}, "datetime": {"datetime": "2024-01-19 02:07:46", "elapsed": 6998.137034, "delta": 0.00683}}
{"target": -13.75796514712363, "params": {"gamma": 558.4307880831035, "log10_alpha": -2.0183857879133598, "log10_colsample_bytree": -0.2957507268666346, "log10_eta": -2.9854753956903926, "log10_lambda": -0.11203830727913378, "log10_min_child_weight": 2.4724462711993973, "log10_subsample": -0.09644087818404323, "max_depth": 8.0, "num_boost_round": 22.0}, "datetime": {"datetime": "2024-01-19 02:07:46", "elapsed": 6998.143777, "delta": 0.006743}}
{"target": -13.757888849852185, "params": {"gamma": 558.4307880831035, "log10_alpha": -2.0183857879133598, "log10_colsample_bytree": -0.2957507268666346, "log10_eta": -2.9854753956903926, "log10_lambda": -0.11203830727913378, "log10_min_child_weight": 2.4724462711993973, "log10_subsample": -0.09644087818404323, "max_depth": 8.0, "num_boost_round": 23.0}, "datetime": {"datetime": "2024-01-19 02:07:46", "elapsed": 6998.150699, "delta": 0.006922}}
{"target": -13.757897986474916, "params": {"gamma": 558.4307880831035, "log10_alpha": -2.0183857879133598, "log10_colsample_bytree": -0.2957507268666346, "log10_eta": -2.9854753956903926, "log10_lambda": -0.11203830727913378, "log10_min_child_weight": 2.4724462711993973, "log10_subsample": -0.09644087818404323, "max_depth": 8.0, "num_boost_round": 24.0}, "datetime": {"datetime": "2024-01-19 02:07:46", "elapsed": 6998.157551, "delta": 0.006852}}
{"target": -13.757883966881987, "params": {"gamma": 558.4307880831035, "log10_alpha": -2.0183857879133598, "log10_colsample_bytree": -0.2957507268666346, "log10_eta": -2.9854753956903926, "log10_lambda": -0.11203830727913378, "log10_min_child_weight": 2.4724462711993973, "log10_subsample": -0.09644087818404323, "max_depth": 8.0, "num_boost_round": 25.0}, "datetime": {"datetime": "2024-01-19 02:07:46", "elapsed": 6998.164581, "delta": 0.00703}}
{"target": -13.757889681709848, "params": {"gamma": 558.4307880831035, "log10_alpha": -2.0183857879133598, "log10_colsample_bytree": -0.2957507268666346, "log10_eta": -2.9854753956903926, "log10_lambda": -0.11203830727913378, "log10_min_child_weight": 2.4724462711993973, "log10_subsample": -0.09644087818404323, "max_depth": 8.0, "num_boost_round": 26.0}, "datetime": {"datetime": "2024-01-19 02:07:46", "elapsed": 6998.171758, "delta": 0.007177}}
{"target": -13.757906103089276, "params": {"gamma": 558.4307880831035, "log10_alpha": -2.0183857879133598, "log10_colsample_bytree": -0.2957507268666346, "log10_eta": -2.9854753956903926, "log10_lambda": -0.11203830727913378, "log10_min_child_weight": 2.4724462711993973, "log10_subsample": -0.09644087818404323, "max_depth": 8.0, "num_boost_round": 27.0}, "datetime": {"datetime": "2024-01-19 02:07:46", "elapsed": 6998.179803, "delta": 0.008045}}
{"target": -13.757891283063705, "params": {"gamma": 558.4307880831035, "log10_alpha": -2.0183857879133598, "log10_colsample_bytree": -0.2957507268666346, "log10_eta": -2.9854753956903926, "log10_lambda": -0.11203830727913378, "log10_min_child_weight": 2.4724462711993973, "log10_subsample": -0.09644087818404323, "max_depth": 8.0, "num_boost_round": 28.0}, "datetime": {"datetime": "2024-01-19 02:07:46", "elapsed": 6998.187784, "delta": 0.007981}}
{"target": -13.757908102017133, "params": {"gamma": 558.4307880831035, "log10_alpha": -2.0183857879133598, "log10_colsample_bytree": -0.2957507268666346, "log10_eta": -2.9854753956903926, "log10_lambda": -0.11203830727913378, "log10_min_child_weight": 2.4724462711993973, "log10_subsample": -0.09644087818404323, "max_depth": 8.0, "num_boost_round": 29.0}, "datetime": {"datetime": "2024-01-19 02:07:46", "elapsed": 6998.30056, "delta": 0.112776}}
