{"target": -17.67700162651037, "params": {"gamma": 424.7990691359108, "log10_alpha": -4.831041059101808, "log10_colsample_bytree": -0.4967918443516949, "log10_eta": -3.020849824657553, "log10_lambda": -0.029939341902135652, "log10_min_child_weight": 1.4812575063837374, "log10_subsample": -0.9959728030650118, "max_depth": 7.0, "num_boost_round": 7.0}, "datetime": {"datetime": "2024-01-19 00:36:44", "elapsed": 1509.145649, "delta": 0.001505}}
{"target": -17.676976721180317, "params": {"gamma": 424.7990691359108, "log10_alpha": -4.831041059101808, "log10_colsample_bytree": -0.4967918443516949, "log10_eta": -3.020849824657553, "log10_lambda": -0.029939341902135652, "log10_min_child_weight": 1.4812575063837374, "log10_subsample": -0.9959728030650118, "max_depth": 7.0, "num_boost_round": 8.0}, "datetime": {"datetime": "2024-01-19 00:36:44", "elapsed": 1509.147132, "delta": 0.001483}}
{"target": -17.67696090222299, "params": {"gamma": 424.7990691359108, "log10_alpha": -4.831041059101808, "log10_colsample_bytree": -0.4967918443516949, "log10_eta": -3.020849824657553, "log10_lambda": -0.029939341902135652, "log10_min_child_weight": 1.4812575063837374, "log10_subsample": -0.9959728030650118, "max_depth": 7.0, "num_boost_round": 9.0}, "datetime": {"datetime": "2024-01-19 00:36:44", "elapsed": 1509.148612, "delta": 0.00148}}
{"target": -17.67689983253548, "params": {"gamma": 424.7990691359108, "log10_alpha": -4.831041059101808, "log10_colsample_bytree": -0.4967918443516949, "log10_eta": -3.020849824657553, "log10_lambda": -0.029939341902135652, "log10_min_child_weight": 1.4812575063837374, "log10_subsample": -0.9959728030650118, "max_depth": 7.0, "num_boost_round": 10.0}, "datetime": {"datetime": "2024-01-19 00:36:44", "elapsed": 1509.150153, "delta": 0.001541}}
{"target": -17.67688035257732, "params": {"gamma": 424.7990691359108, "log10_alpha": -4.831041059101808, "log10_colsample_bytree": -0.4967918443516949, "log10_eta": -3.020849824657553, "log10_lambda": -0.029939341902135652, "log10_min_child_weight": 1.4812575063837374, "log10_subsample": -0.9959728030650118, "max_depth": 7.0, "num_boost_round": 11.0}, "datetime": {"datetime": "2024-01-19 00:36:44", "elapsed": 1509.15167, "delta": 0.001517}}
{"target": -17.676855449221783, "params": {"gamma": 424.7990691359108, "log10_alpha": -4.831041059101808, "log10_colsample_bytree": -0.4967918443516949, "log10_eta": -3.020849824657553, "log10_lambda": -0.029939341902135652, "log10_min_child_weight": 1.4812575063837374, "log10_subsample": -0.9959728030650118, "max_depth": 7.0, "num_boost_round": 12.0}, "datetime": {"datetime": "2024-01-19 00:36:44", "elapsed": 1509.15316, "delta": 0.00149}}
{"target": -17.67681167492236, "params": {"gamma": 424.7990691359108, "log10_alpha": -4.831041059101808, "log10_colsample_bytree": -0.4967918443516949, "log10_eta": -3.020849824657553, "log10_lambda": -0.029939341902135652, "log10_min_child_weight": 1.4812575063837374, "log10_subsample": -0.9959728030650118, "max_depth": 7.0, "num_boost_round": 13.0}, "datetime": {"datetime": "2024-01-19 00:36:44", "elapsed": 1509.154748, "delta": 0.001588}}
{"target": -17.676781799353122, "params": {"gamma": 424.7990691359108, "log10_alpha": -4.831041059101808, "log10_colsample_bytree": -0.4967918443516949, "log10_eta": -3.020849824657553, "log10_lambda": -0.029939341902135652, "log10_min_child_weight": 1.4812575063837374, "log10_subsample": -0.9959728030650118, "max_depth": 7.0, "num_boost_round": 14.0}, "datetime": {"datetime": "2024-01-19 00:36:44", "elapsed": 1509.156233, "delta": 0.001485}}
{"target": -17.676738762696935, "params": {"gamma": 424.7990691359108, "log10_alpha": -4.831041059101808, "log10_colsample_bytree": -0.4967918443516949, "log10_eta": -3.020849824657553, "log10_lambda": -0.029939341902135652, "log10_min_child_weight": 1.4812575063837374, "log10_subsample": -0.9959728030650118, "max_depth": 7.0, "num_boost_round": 15.0}, "datetime": {"datetime": "2024-01-19 00:36:44", "elapsed": 1509.157744, "delta": 0.001511}}
{"target": -17.676715592259097, "params": {"gamma": 424.7990691359108, "log10_alpha": -4.831041059101808, "log10_colsample_bytree": -0.4967918443516949, "log10_eta": -3.020849824657553, "log10_lambda": -0.029939341902135652, "log10_min_child_weight": 1.4812575063837374, "log10_subsample": -0.9959728030650118, "max_depth": 7.0, "num_boost_round": 16.0}, "datetime": {"datetime": "2024-01-19 00:36:44", "elapsed": 1509.159224, "delta": 0.00148}}
{"target": -17.677229169399027, "params": {"gamma": 432.53330292875603, "log10_alpha": -3.6146212999663723, "log10_colsample_bytree": -0.49083618191540224, "log10_eta": -3.4757594001849443, "log10_lambda": -0.7435424514042985, "log10_min_child_weight": 4.408778599915406, "log10_subsample": -0.7652954933475368, "max_depth": 5.0, "num_boost_round": 0.0}, "datetime": {"datetime": "2024-01-19 00:37:09", "elapsed": 1533.581559, "delta": 24.422335}}
{"target": -17.677228434830994, "params": {"gamma": 432.53330292875603, "log10_alpha": -3.6146212999663723, "log10_colsample_bytree": -0.49083618191540224, "log10_eta": -3.4757594001849443, "log10_lambda": -0.7435424514042985, "log10_min_child_weight": 4.408778599915406, "log10_subsample": -0.7652954933475368, "max_depth": 5.0, "num_boost_round": 1.0}, "datetime": {"datetime": "2024-01-19 00:37:09", "elapsed": 1533.583637, "delta": 0.002078}}
{"target": -17.677228433318227, "params": {"gamma": 432.53330292875603, "log10_alpha": -3.6146212999663723, "log10_colsample_bytree": -0.49083618191540224, "log10_eta": -3.4757594001849443, "log10_lambda": -0.7435424514042985, "log10_min_child_weight": 4.408778599915406, "log10_subsample": -0.7652954933475368, "max_depth": 5.0, "num_boost_round": 2.0}, "datetime": {"datetime": "2024-01-19 00:37:09", "elapsed": 1533.585157, "delta": 0.00152}}
{"target": -17.67722687365987, "params": {"gamma": 432.53330292875603, "log10_alpha": -3.6146212999663723, "log10_colsample_bytree": -0.49083618191540224, "log10_eta": -3.4757594001849443, "log10_lambda": -0.7435424514042985, "log10_min_child_weight": 4.408778599915406, "log10_subsample": -0.7652954933475368, "max_depth": 5.0, "num_boost_round": 3.0}, "datetime": {"datetime": "2024-01-19 00:37:09", "elapsed": 1533.586783, "delta": 0.001626}}
{"target": -17.677224762076904, "params": {"gamma": 432.53330292875603, "log10_alpha": -3.6146212999663723, "log10_colsample_bytree": -0.49083618191540224, "log10_eta": -3.4757594001849443, "log10_lambda": -0.7435424514042985, "log10_min_child_weight": 4.408778599915406, "log10_subsample": -0.7652954933475368, "max_depth": 5.0, "num_boost_round": 4.0}, "datetime": {"datetime": "2024-01-19 00:37:09", "elapsed": 1533.588567, "delta": 0.001784}}
{"target": -17.6772219688088, "params": {"gamma": 432.53330292875603, "log10_alpha": -3.6146212999663723, "log10_colsample_bytree": -0.49083618191540224, "log10_eta": -3.4757594001849443, "log10_lambda": -0.7435424514042985, "log10_min_child_weight": 4.408778599915406, "log10_subsample": -0.7652954933475368, "max_depth": 5.0, "num_boost_round": 5.0}, "datetime": {"datetime": "2024-01-19 00:37:09", "elapsed": 1533.590155, "delta": 0.001588}}
{"target": -17.67722063484916, "params": {"gamma": 432.53330292875603, "log10_alpha": -3.6146212999663723, "log10_colsample_bytree": -0.49083618191540224, "log10_eta": -3.4757594001849443, "log10_lambda": -0.7435424514042985, "log10_min_child_weight": 4.408778599915406, "log10_subsample": -0.7652954933475368, "max_depth": 5.0, "num_boost_round": 6.0}, "datetime": {"datetime": "2024-01-19 00:37:09", "elapsed": 1533.591661, "delta": 0.001506}}
{"target": -17.67722189866632, "params": {"gamma": 432.53330292875603, "log10_alpha": -3.6146212999663723, "log10_colsample_bytree": -0.49083618191540224, "log10_eta": -3.4757594001849443, "log10_lambda": -0.7435424514042985, "log10_min_child_weight": 4.408778599915406, "log10_subsample": -0.7652954933475368, "max_depth": 5.0, "num_boost_round": 7.0}, "datetime": {"datetime": "2024-01-19 00:37:09", "elapsed": 1533.593158, "delta": 0.001497}}
{"target": -17.677217958175635, "params": {"gamma": 432.53330292875603, "log10_alpha": -3.6146212999663723, "log10_colsample_bytree": -0.49083618191540224, "log10_eta": -3.4757594001849443, "log10_lambda": -0.7435424514042985, "log10_min_child_weight": 4.408778599915406, "log10_subsample": -0.7652954933475368, "max_depth": 5.0, "num_boost_round": 8.0}, "datetime": {"datetime": "2024-01-19 00:37:09", "elapsed": 1533.594795, "delta": 0.001637}}
{"target": -17.67721365639679, "params": {"gamma": 432.53330292875603, "log10_alpha": -3.6146212999663723, "log10_colsample_bytree": -0.49083618191540224, "log10_eta": -3.4757594001849443, "log10_lambda": -0.7435424514042985, "log10_min_child_weight": 4.408778599915406, "log10_subsample": -0.7652954933475368, "max_depth": 5.0, "num_boost_round": 9.0}, "datetime": {"datetime": "2024-01-19 00:37:09", "elapsed": 1533.596304, "delta": 0.001509}}
{"target": -17.67721271691324, "params": {"gamma": 432.53330292875603, "log10_alpha": -3.6146212999663723, "log10_colsample_bytree": -0.49083618191540224, "log10_eta": -3.4757594001849443, "log10_lambda": -0.7435424514042985, "log10_min_child_weight": 4.408778599915406, "log10_subsample": -0.7652954933475368, "max_depth": 5.0, "num_boost_round": 10.0}, "datetime": {"datetime": "2024-01-19 00:37:09", "elapsed": 1533.59784, "delta": 0.001536}}
{"target": -17.677207921069645, "params": {"gamma": 432.53330292875603, "log10_alpha": -3.6146212999663723, "log10_colsample_bytree": -0.49083618191540224, "log10_eta": -3.4757594001849443, "log10_lambda": -0.7435424514042985, "log10_min_child_weight": 4.408778599915406, "log10_subsample": -0.7652954933475368, "max_depth": 5.0, "num_boost_round": 11.0}, "datetime": {"datetime": "2024-01-19 00:37:09", "elapsed": 1533.599345, "delta": 0.001505}}
{"target": -17.677209638073112, "params": {"gamma": 432.53330292875603, "log10_alpha": -3.6146212999663723, "log10_colsample_bytree": -0.49083618191540224, "log10_eta": -3.4757594001849443, "log10_lambda": -0.7435424514042985, "log10_min_child_weight": 4.408778599915406, "log10_subsample": -0.7652954933475368, "max_depth": 5.0, "num_boost_round": 12.0}, "datetime": {"datetime": "2024-01-19 00:37:09", "elapsed": 1533.600884, "delta": 0.001539}}
{"target": -17.677211392311108, "params": {"gamma": 427.3701279955132, "log10_alpha": -3.8570545968109076, "log10_colsample_bytree": -0.9957836884232409, "log10_eta": -2.953604685514341, "log10_lambda": 0.6121527867869494, "log10_min_child_weight": 3.9468565634479735, "log10_subsample": -0.488596476199166, "max_depth": 3.0, "num_boost_round": 0.0}, "datetime": {"datetime": "2024-01-19 00:37:36", "elapsed": 1561.144894, "delta": 27.54401}}
{"target": -17.67722085177884, "params": {"gamma": 427.3701279955132, "log10_alpha": -3.8570545968109076, "log10_colsample_bytree": -0.9957836884232409, "log10_eta": -2.953604685514341, "log10_lambda": 0.6121527867869494, "log10_min_child_weight": 3.9468565634479735, "log10_subsample": -0.488596476199166, "max_depth": 3.0, "num_boost_round": 1.0}, "datetime": {"datetime": "2024-01-19 00:37:36", "elapsed": 1561.1471, "delta": 0.002206}}
{"target": -17.677211634752933, "params": {"gamma": 427.3701279955132, "log10_alpha": -3.8570545968109076, "log10_colsample_bytree": -0.9957836884232409, "log10_eta": -2.953604685514341, "log10_lambda": 0.6121527867869494, "log10_min_child_weight": 3.9468565634479735, "log10_subsample": -0.488596476199166, "max_depth": 3.0, "num_boost_round": 2.0}, "datetime": {"datetime": "2024-01-19 00:37:36", "elapsed": 1561.148849, "delta": 0.001749}}
{"target": -17.677214057304248, "params": {"gamma": 427.3701279955132, "log10_alpha": -3.8570545968109076, "log10_colsample_bytree": -0.9957836884232409, "log10_eta": -2.953604685514341, "log10_lambda": 0.6121527867869494, "log10_min_child_weight": 3.9468565634479735, "log10_subsample": -0.488596476199166, "max_depth": 3.0, "num_boost_round": 3.0}, "datetime": {"datetime": "2024-01-19 00:37:36", "elapsed": 1561.150531, "delta": 0.001682}}
{"target": -17.677201222614578, "params": {"gamma": 427.3701279955132, "log10_alpha": -3.8570545968109076, "log10_colsample_bytree": -0.9957836884232409, "log10_eta": -2.953604685514341, "log10_lambda": 0.6121527867869494, "log10_min_child_weight": 3.9468565634479735, "log10_subsample": -0.488596476199166, "max_depth": 3.0, "num_boost_round": 4.0}, "datetime": {"datetime": "2024-01-19 00:37:36", "elapsed": 1561.152049, "delta": 0.001518}}
{"target": -17.677208109341766, "params": {"gamma": 427.3701279955132, "log10_alpha": -3.8570545968109076, "log10_colsample_bytree": -0.9957836884232409, "log10_eta": -2.953604685514341, "log10_lambda": 0.6121527867869494, "log10_min_child_weight": 3.9468565634479735, "log10_subsample": -0.488596476199166, "max_depth": 3.0, "num_boost_round": 5.0}, "datetime": {"datetime": "2024-01-19 00:37:36", "elapsed": 1561.153689, "delta": 0.00164}}
{"target": -17.67721531468448, "params": {"gamma": 427.3701279955132, "log10_alpha": -3.8570545968109076, "log10_colsample_bytree": -0.9957836884232409, "log10_eta": -2.953604685514341, "log10_lambda": 0.6121527867869494, "log10_min_child_weight": 3.9468565634479735, "log10_subsample": -0.488596476199166, "max_depth": 3.0, "num_boost_round": 6.0}, "datetime": {"datetime": "2024-01-19 00:37:36", "elapsed": 1561.155238, "delta": 0.001549}}
{"target": -17.677191851814232, "params": {"gamma": 427.3701279955132, "log10_alpha": -3.8570545968109076, "log10_colsample_bytree": -0.9957836884232409, "log10_eta": -2.953604685514341, "log10_lambda": 0.6121527867869494, "log10_min_child_weight": 3.9468565634479735, "log10_subsample": -0.488596476199166, "max_depth": 3.0, "num_boost_round": 7.0}, "datetime": {"datetime": "2024-01-19 00:37:36", "elapsed": 1561.156776, "delta": 0.001538}}
{"target": -17.67719699874828, "params": {"gamma": 427.3701279955132, "log10_alpha": -3.8570545968109076, "log10_colsample_bytree": -0.9957836884232409, "log10_eta": -2.953604685514341, "log10_lambda": 0.6121527867869494, "log10_min_child_weight": 3.9468565634479735, "log10_subsample": -0.488596476199166, "max_depth": 3.0, "num_boost_round": 8.0}, "datetime": {"datetime": "2024-01-19 00:37:36", "elapsed": 1561.158294, "delta": 0.001518}}
{"target": -17.677182626200178, "params": {"gamma": 427.3701279955132, "log10_alpha": -3.8570545968109076, "log10_colsample_bytree": -0.9957836884232409, "log10_eta": -2.953604685514341, "log10_lambda": 0.6121527867869494, "log10_min_child_weight": 3.9468565634479735, "log10_subsample": -0.488596476199166, "max_depth": 3.0, "num_boost_round": 9.0}, "datetime": {"datetime": "2024-01-19 00:37:36", "elapsed": 1561.15981, "delta": 0.001516}}
{"target": -17.677178625868862, "params": {"gamma": 427.3701279955132, "log10_alpha": -3.8570545968109076, "log10_colsample_bytree": -0.9957836884232409, "log10_eta": -2.953604685514341, "log10_lambda": 0.6121527867869494, "log10_min_child_weight": 3.9468565634479735, "log10_subsample": -0.488596476199166, "max_depth": 3.0, "num_boost_round": 10.0}, "datetime": {"datetime": "2024-01-19 00:37:36", "elapsed": 1561.161337, "delta": 0.001527}}
{"target": -17.677166469150915, "params": {"gamma": 427.3701279955132, "log10_alpha": -3.8570545968109076, "log10_colsample_bytree": -0.9957836884232409, "log10_eta": -2.953604685514341, "log10_lambda": 0.6121527867869494, "log10_min_child_weight": 3.9468565634479735, "log10_subsample": -0.488596476199166, "max_depth": 3.0, "num_boost_round": 11.0}, "datetime": {"datetime": "2024-01-19 00:37:36", "elapsed": 1561.162856, "delta": 0.001519}}
{"target": -17.677149177908294, "params": {"gamma": 427.3701279955132, "log10_alpha": -3.8570545968109076, "log10_colsample_bytree": -0.9957836884232409, "log10_eta": -2.953604685514341, "log10_lambda": 0.6121527867869494, "log10_min_child_weight": 3.9468565634479735, "log10_subsample": -0.488596476199166, "max_depth": 3.0, "num_boost_round": 12.0}, "datetime": {"datetime": "2024-01-19 00:37:36", "elapsed": 1561.164365, "delta": 0.001509}}
{"target": -17.677132407508832, "params": {"gamma": 427.3701279955132, "log10_alpha": -3.8570545968109076, "log10_colsample_bytree": -0.9957836884232409, "log10_eta": -2.953604685514341, "log10_lambda": 0.6121527867869494, "log10_min_child_weight": 3.9468565634479735, "log10_subsample": -0.488596476199166, "max_depth": 3.0, "num_boost_round": 13.0}, "datetime": {"datetime": "2024-01-19 00:37:36", "elapsed": 1561.165876, "delta": 0.001511}}
{"target": -17.67714160840974, "params": {"gamma": 427.3701279955132, "log10_alpha": -3.8570545968109076, "log10_colsample_bytree": -0.9957836884232409, "log10_eta": -2.953604685514341, "log10_lambda": 0.6121527867869494, "log10_min_child_weight": 3.9468565634479735, "log10_subsample": -0.488596476199166, "max_depth": 3.0, "num_boost_round": 14.0}, "datetime": {"datetime": "2024-01-19 00:37:36", "elapsed": 1561.1674, "delta": 0.001524}}
{"target": -17.67714208950282, "params": {"gamma": 427.3701279955132, "log10_alpha": -3.8570545968109076, "log10_colsample_bytree": -0.9957836884232409, "log10_eta": -2.953604685514341, "log10_lambda": 0.6121527867869494, "log10_min_child_weight": 3.9468565634479735, "log10_subsample": -0.488596476199166, "max_depth": 3.0, "num_boost_round": 15.0}, "datetime": {"datetime": "2024-01-19 00:37:36", "elapsed": 1561.168917, "delta": 0.001517}}
{"target": -17.67722692167033, "params": {"gamma": 429.32012497960824, "log10_alpha": -1.444691457209415, "log10_colsample_bytree": -0.09648016195745823, "log10_eta": -2.570178041577513, "log10_lambda": -1.2254485056046507, "log10_min_child_weight": 4.692171833354963, "log10_subsample": -0.597149225240923, "max_depth": 8.0, "num_boost_round": 0.0}, "datetime": {"datetime": "2024-01-19 00:38:02", "elapsed": 1587.508311, "delta": 26.339394}}
{"target": -17.6772230140427, "params": {"gamma": 429.32012497960824, "log10_alpha": -1.444691457209415, "log10_colsample_bytree": -0.09648016195745823, "log10_eta": -2.570178041577513, "log10_lambda": -1.2254485056046507, "log10_min_child_weight": 4.692171833354963, "log10_subsample": -0.597149225240923, "max_depth": 8.0, "num_boost_round": 1.0}, "datetime": {"datetime": "2024-01-19 00:38:02", "elapsed": 1587.510674, "delta": 0.002363}}
{"target": -17.677218441185904, "params": {"gamma": 429.32012497960824, "log10_alpha": -1.444691457209415, "log10_colsample_bytree": -0.09648016195745823, "log10_eta": -2.570178041577513, "log10_lambda": -1.2254485056046507, "log10_min_child_weight": 4.692171833354963, "log10_subsample": -0.597149225240923, "max_depth": 8.0, "num_boost_round": 2.0}, "datetime": {"datetime": "2024-01-19 00:38:03", "elapsed": 1587.512548, "delta": 0.001874}}
{"target": -17.677202547514874, "params": {"gamma": 429.32012497960824, "log10_alpha": -1.444691457209415, "log10_colsample_bytree": -0.09648016195745823, "log10_eta": -2.570178041577513, "log10_lambda": -1.2254485056046507, "log10_min_child_weight": 4.692171833354963, "log10_subsample": -0.597149225240923, "max_depth": 8.0, "num_boost_round": 3.0}, "datetime": {"datetime": "2024-01-19 00:38:03", "elapsed": 1587.514314, "delta": 0.001766}}
{"target": -17.67719758775923, "params": {"gamma": 429.32012497960824, "log10_alpha": -1.444691457209415, "log10_colsample_bytree": -0.09648016195745823, "log10_eta": -2.570178041577513, "log10_lambda": -1.2254485056046507, "log10_min_child_weight": 4.692171833354963, "log10_subsample": -0.597149225240923, "max_depth": 8.0, "num_boost_round": 4.0}, "datetime": {"datetime": "2024-01-19 00:38:03", "elapsed": 1587.515885, "delta": 0.001571}}
{"target": -17.677180495597156, "params": {"gamma": 429.32012497960824, "log10_alpha": -1.444691457209415, "log10_colsample_bytree": -0.09648016195745823, "log10_eta": -2.570178041577513, "log10_lambda": -1.2254485056046507, "log10_min_child_weight": 4.692171833354963, "log10_subsample": -0.597149225240923, "max_depth": 8.0, "num_boost_round": 5.0}, "datetime": {"datetime": "2024-01-19 00:38:03", "elapsed": 1587.517494, "delta": 0.001609}}
{"target": -17.677173791060266, "params": {"gamma": 429.32012497960824, "log10_alpha": -1.444691457209415, "log10_colsample_bytree": -0.09648016195745823, "log10_eta": -2.570178041577513, "log10_lambda": -1.2254485056046507, "log10_min_child_weight": 4.692171833354963, "log10_subsample": -0.597149225240923, "max_depth": 8.0, "num_boost_round": 6.0}, "datetime": {"datetime": "2024-01-19 00:38:03", "elapsed": 1587.519084, "delta": 0.00159}}
{"target": -17.677148359227846, "params": {"gamma": 429.32012497960824, "log10_alpha": -1.444691457209415, "log10_colsample_bytree": -0.09648016195745823, "log10_eta": -2.570178041577513, "log10_lambda": -1.2254485056046507, "log10_min_child_weight": 4.692171833354963, "log10_subsample": -0.597149225240923, "max_depth": 8.0, "num_boost_round": 7.0}, "datetime": {"datetime": "2024-01-19 00:38:03", "elapsed": 1587.520629, "delta": 0.001545}}
{"target": -17.677141398040426, "params": {"gamma": 429.32012497960824, "log10_alpha": -1.444691457209415, "log10_colsample_bytree": -0.09648016195745823, "log10_eta": -2.570178041577513, "log10_lambda": -1.2254485056046507, "log10_min_child_weight": 4.692171833354963, "log10_subsample": -0.597149225240923, "max_depth": 8.0, "num_boost_round": 8.0}, "datetime": {"datetime": "2024-01-19 00:38:03", "elapsed": 1587.522168, "delta": 0.001539}}
{"target": -17.677120758710867, "params": {"gamma": 429.32012497960824, "log10_alpha": -1.444691457209415, "log10_colsample_bytree": -0.09648016195745823, "log10_eta": -2.570178041577513, "log10_lambda": -1.2254485056046507, "log10_min_child_weight": 4.692171833354963, "log10_subsample": -0.597149225240923, "max_depth": 8.0, "num_boost_round": 9.0}, "datetime": {"datetime": "2024-01-19 00:38:03", "elapsed": 1587.523716, "delta": 0.001548}}
