{"target": -13.75847989599779, "params": {"gamma": 407.27393356397323, "log10_alpha": -1.7689029385770283, "log10_colsample_bytree": -0.47940181177692387, "log10_eta": -3.587760274160216, "log10_lambda": -1.5295488796612378, "log10_min_child_weight": 1.8155663671296873, "log10_subsample": -0.28257525108078574, "max_depth": 7.0, "num_boost_round": 2.0}, "datetime": {"datetime": "2024-01-19 01:54:17", "elapsed": 6160.506124, "delta": 0.006294}}
{"target": -13.758465729818685, "params": {"gamma": 407.27393356397323, "log10_alpha": -1.7689029385770283, "log10_colsample_bytree": -0.47940181177692387, "log10_eta": -3.587760274160216, "log10_lambda": -1.5295488796612378, "log10_min_child_weight": 1.8155663671296873, "log10_subsample": -0.28257525108078574, "max_depth": 7.0, "num_boost_round": 3.0}, "datetime": {"datetime": "2024-01-19 01:54:17", "elapsed": 6160.512493, "delta": 0.006369}}
{"target": -13.758457159788236, "params": {"gamma": 407.27393356397323, "log10_alpha": -1.7689029385770283, "log10_colsample_bytree": -0.47940181177692387, "log10_eta": -3.587760274160216, "log10_lambda": -1.5295488796612378, "log10_min_child_weight": 1.8155663671296873, "log10_subsample": -0.28257525108078574, "max_depth": 7.0, "num_boost_round": 4.0}, "datetime": {"datetime": "2024-01-19 01:54:17", "elapsed": 6160.518735, "delta": 0.006242}}
{"target": -13.758450754525967, "params": {"gamma": 407.27393356397323, "log10_alpha": -1.7689029385770283, "log10_colsample_bytree": -0.47940181177692387, "log10_eta": -3.587760274160216, "log10_lambda": -1.5295488796612378, "log10_min_child_weight": 1.8155663671296873, "log10_subsample": -0.28257525108078574, "max_depth": 7.0, "num_boost_round": 5.0}, "datetime": {"datetime": "2024-01-19 01:54:17", "elapsed": 6160.525026, "delta": 0.006291}}
{"target": -13.758446319499157, "params": {"gamma": 407.27393356397323, "log10_alpha": -1.7689029385770283, "log10_colsample_bytree": -0.47940181177692387, "log10_eta": -3.587760274160216, "log10_lambda": -1.5295488796612378, "log10_min_child_weight": 1.8155663671296873, "log10_subsample": -0.28257525108078574, "max_depth": 7.0, "num_boost_round": 6.0}, "datetime": {"datetime": "2024-01-19 01:54:17", "elapsed": 6160.531485, "delta": 0.006459}}
{"target": -13.758437105955181, "params": {"gamma": 407.27393356397323, "log10_alpha": -1.7689029385770283, "log10_colsample_bytree": -0.47940181177692387, "log10_eta": -3.587760274160216, "log10_lambda": -1.5295488796612378, "log10_min_child_weight": 1.8155663671296873, "log10_subsample": -0.28257525108078574, "max_depth": 7.0, "num_boost_round": 7.0}, "datetime": {"datetime": "2024-01-19 01:54:17", "elapsed": 6160.53772, "delta": 0.006235}}
{"target": -13.758420739465066, "params": {"gamma": 407.27393356397323, "log10_alpha": -1.7689029385770283, "log10_colsample_bytree": -0.47940181177692387, "log10_eta": -3.587760274160216, "log10_lambda": -1.5295488796612378, "log10_min_child_weight": 1.8155663671296873, "log10_subsample": -0.28257525108078574, "max_depth": 7.0, "num_boost_round": 8.0}, "datetime": {"datetime": "2024-01-19 01:54:17", "elapsed": 6160.544484, "delta": 0.006764}}
{"target": -13.758409229051244, "params": {"gamma": 407.27393356397323, "log10_alpha": -1.7689029385770283, "log10_colsample_bytree": -0.47940181177692387, "log10_eta": -3.587760274160216, "log10_lambda": -1.5295488796612378, "log10_min_child_weight": 1.8155663671296873, "log10_subsample": -0.28257525108078574, "max_depth": 7.0, "num_boost_round": 9.0}, "datetime": {"datetime": "2024-01-19 01:54:17", "elapsed": 6160.550917, "delta": 0.006433}}
{"target": -13.75840520440614, "params": {"gamma": 407.27393356397323, "log10_alpha": -1.7689029385770283, "log10_colsample_bytree": -0.47940181177692387, "log10_eta": -3.587760274160216, "log10_lambda": -1.5295488796612378, "log10_min_child_weight": 1.8155663671296873, "log10_subsample": -0.28257525108078574, "max_depth": 7.0, "num_boost_round": 10.0}, "datetime": {"datetime": "2024-01-19 01:54:17", "elapsed": 6160.557207, "delta": 0.00629}}
{"target": -13.758395418899433, "params": {"gamma": 407.27393356397323, "log10_alpha": -1.7689029385770283, "log10_colsample_bytree": -0.47940181177692387, "log10_eta": -3.587760274160216, "log10_lambda": -1.5295488796612378, "log10_min_child_weight": 1.8155663671296873, "log10_subsample": -0.28257525108078574, "max_depth": 7.0, "num_boost_round": 11.0}, "datetime": {"datetime": "2024-01-19 01:54:17", "elapsed": 6160.563519, "delta": 0.006312}}
{"target": -13.758393838078458, "params": {"gamma": 407.27393356397323, "log10_alpha": -1.7689029385770283, "log10_colsample_bytree": -0.47940181177692387, "log10_eta": -3.587760274160216, "log10_lambda": -1.5295488796612378, "log10_min_child_weight": 1.8155663671296873, "log10_subsample": -0.28257525108078574, "max_depth": 7.0, "num_boost_round": 12.0}, "datetime": {"datetime": "2024-01-19 01:54:17", "elapsed": 6160.649315, "delta": 0.085796}}
{"target": -13.758390593361906, "params": {"gamma": 407.27393356397323, "log10_alpha": -1.7689029385770283, "log10_colsample_bytree": -0.47940181177692387, "log10_eta": -3.587760274160216, "log10_lambda": -1.5295488796612378, "log10_min_child_weight": 1.8155663671296873, "log10_subsample": -0.28257525108078574, "max_depth": 7.0, "num_boost_round": 13.0}, "datetime": {"datetime": "2024-01-19 01:54:17", "elapsed": 6160.656177, "delta": 0.006862}}
{"target": -13.758387869382496, "params": {"gamma": 407.27393356397323, "log10_alpha": -1.7689029385770283, "log10_colsample_bytree": -0.47940181177692387, "log10_eta": -3.587760274160216, "log10_lambda": -1.5295488796612378, "log10_min_child_weight": 1.8155663671296873, "log10_subsample": -0.28257525108078574, "max_depth": 7.0, "num_boost_round": 14.0}, "datetime": {"datetime": "2024-01-19 01:54:17", "elapsed": 6160.662402, "delta": 0.006225}}
{"target": -13.758375952747246, "params": {"gamma": 407.27393356397323, "log10_alpha": -1.7689029385770283, "log10_colsample_bytree": -0.47940181177692387, "log10_eta": -3.587760274160216, "log10_lambda": -1.5295488796612378, "log10_min_child_weight": 1.8155663671296873, "log10_subsample": -0.28257525108078574, "max_depth": 7.0, "num_boost_round": 15.0}, "datetime": {"datetime": "2024-01-19 01:54:17", "elapsed": 6160.668567, "delta": 0.006165}}
{"target": -13.758372583655758, "params": {"gamma": 407.27393356397323, "log10_alpha": -1.7689029385770283, "log10_colsample_bytree": -0.47940181177692387, "log10_eta": -3.587760274160216, "log10_lambda": -1.5295488796612378, "log10_min_child_weight": 1.8155663671296873, "log10_subsample": -0.28257525108078574, "max_depth": 7.0, "num_boost_round": 16.0}, "datetime": {"datetime": "2024-01-19 01:54:17", "elapsed": 6160.674555, "delta": 0.005988}}
{"target": -13.75837073218517, "params": {"gamma": 407.27393356397323, "log10_alpha": -1.7689029385770283, "log10_colsample_bytree": -0.47940181177692387, "log10_eta": -3.587760274160216, "log10_lambda": -1.5295488796612378, "log10_min_child_weight": 1.8155663671296873, "log10_subsample": -0.28257525108078574, "max_depth": 7.0, "num_boost_round": 17.0}, "datetime": {"datetime": "2024-01-19 01:54:17", "elapsed": 6160.680565, "delta": 0.00601}}
{"target": -13.7583691727278, "params": {"gamma": 407.27393356397323, "log10_alpha": -1.7689029385770283, "log10_colsample_bytree": -0.47940181177692387, "log10_eta": -3.587760274160216, "log10_lambda": -1.5295488796612378, "log10_min_child_weight": 1.8155663671296873, "log10_subsample": -0.28257525108078574, "max_depth": 7.0, "num_boost_round": 18.0}, "datetime": {"datetime": "2024-01-19 01:54:17", "elapsed": 6160.686621, "delta": 0.006056}}
{"target": -13.758352626582441, "params": {"gamma": 407.27393356397323, "log10_alpha": -1.7689029385770283, "log10_colsample_bytree": -0.47940181177692387, "log10_eta": -3.587760274160216, "log10_lambda": -1.5295488796612378, "log10_min_child_weight": 1.8155663671296873, "log10_subsample": -0.28257525108078574, "max_depth": 7.0, "num_boost_round": 19.0}, "datetime": {"datetime": "2024-01-19 01:54:17", "elapsed": 6160.692647, "delta": 0.006026}}
{"target": -13.758532836477748, "params": {"gamma": 406.2406044359919, "log10_alpha": 0.3410021474376208, "log10_colsample_bytree": -0.9469376774072111, "log10_eta": -2.8785580683883003, "log10_lambda": -4.997332316679969, "log10_min_child_weight": 3.41152343992944, "log10_subsample": -0.5524853251090578, "max_depth": 9.0, "num_boost_round": 0.0}, "datetime": {"datetime": "2024-01-19 01:56:16", "elapsed": 6279.891972, "delta": 119.199325}}
{"target": -13.758538935903113, "params": {"gamma": 406.2406044359919, "log10_alpha": 0.3410021474376208, "log10_colsample_bytree": -0.9469376774072111, "log10_eta": -2.8785580683883003, "log10_lambda": -4.997332316679969, "log10_min_child_weight": 3.41152343992944, "log10_subsample": -0.5524853251090578, "max_depth": 9.0, "num_boost_round": 1.0}, "datetime": {"datetime": "2024-01-19 01:56:16", "elapsed": 6279.899025, "delta": 0.007053}}
{"target": -13.75852443964612, "params": {"gamma": 406.2406044359919, "log10_alpha": 0.3410021474376208, "log10_colsample_bytree": -0.9469376774072111, "log10_eta": -2.8785580683883003, "log10_lambda": -4.997332316679969, "log10_min_child_weight": 3.41152343992944, "log10_subsample": -0.5524853251090578, "max_depth": 9.0, "num_boost_round": 2.0}, "datetime": {"datetime": "2024-01-19 01:56:16", "elapsed": 6279.905541, "delta": 0.006516}}
{"target": -13.758518248594465, "params": {"gamma": 406.2406044359919, "log10_alpha": 0.3410021474376208, "log10_colsample_bytree": -0.9469376774072111, "log10_eta": -2.8785580683883003, "log10_lambda": -4.997332316679969, "log10_min_child_weight": 3.41152343992944, "log10_subsample": -0.5524853251090578, "max_depth": 9.0, "num_boost_round": 3.0}, "datetime": {"datetime": "2024-01-19 01:56:16", "elapsed": 6279.911656, "delta": 0.006115}}
{"target": -13.758501815423081, "params": {"gamma": 406.2406044359919, "log10_alpha": 0.3410021474376208, "log10_colsample_bytree": -0.9469376774072111, "log10_eta": -2.8785580683883003, "log10_lambda": -4.997332316679969, "log10_min_child_weight": 3.41152343992944, "log10_subsample": -0.5524853251090578, "max_depth": 9.0, "num_boost_round": 4.0}, "datetime": {"datetime": "2024-01-19 01:56:16", "elapsed": 6279.917674, "delta": 0.006018}}
{"target": -13.758505032720816, "params": {"gamma": 406.2406044359919, "log10_alpha": 0.3410021474376208, "log10_colsample_bytree": -0.9469376774072111, "log10_eta": -2.8785580683883003, "log10_lambda": -4.997332316679969, "log10_min_child_weight": 3.41152343992944, "log10_subsample": -0.5524853251090578, "max_depth": 9.0, "num_boost_round": 5.0}, "datetime": {"datetime": "2024-01-19 01:56:16", "elapsed": 6279.92369, "delta": 0.006016}}
{"target": -13.758519014241125, "params": {"gamma": 406.2406044359919, "log10_alpha": 0.3410021474376208, "log10_colsample_bytree": -0.9469376774072111, "log10_eta": -2.8785580683883003, "log10_lambda": -4.997332316679969, "log10_min_child_weight": 3.41152343992944, "log10_subsample": -0.5524853251090578, "max_depth": 9.0, "num_boost_round": 6.0}, "datetime": {"datetime": "2024-01-19 01:56:16", "elapsed": 6279.929799, "delta": 0.006109}}
{"target": -13.75849869709348, "params": {"gamma": 406.2406044359919, "log10_alpha": 0.3410021474376208, "log10_colsample_bytree": -0.9469376774072111, "log10_eta": -2.8785580683883003, "log10_lambda": -4.997332316679969, "log10_min_child_weight": 3.41152343992944, "log10_subsample": -0.5524853251090578, "max_depth": 9.0, "num_boost_round": 7.0}, "datetime": {"datetime": "2024-01-19 01:56:16", "elapsed": 6279.935752, "delta": 0.005953}}
{"target": -13.758457615408691, "params": {"gamma": 406.2406044359919, "log10_alpha": 0.3410021474376208, "log10_colsample_bytree": -0.9469376774072111, "log10_eta": -2.8785580683883003, "log10_lambda": -4.997332316679969, "log10_min_child_weight": 3.41152343992944, "log10_subsample": -0.5524853251090578, "max_depth": 9.0, "num_boost_round": 8.0}, "datetime": {"datetime": "2024-01-19 01:56:16", "elapsed": 6279.941762, "delta": 0.00601}}
{"target": -13.758454773190065, "params": {"gamma": 406.2406044359919, "log10_alpha": 0.3410021474376208, "log10_colsample_bytree": -0.9469376774072111, "log10_eta": -2.8785580683883003, "log10_lambda": -4.997332316679969, "log10_min_child_weight": 3.41152343992944, "log10_subsample": -0.5524853251090578, "max_depth": 9.0, "num_boost_round": 9.0}, "datetime": {"datetime": "2024-01-19 01:56:16", "elapsed": 6279.947729, "delta": 0.005967}}
{"target": -13.75844240324872, "params": {"gamma": 406.2406044359919, "log10_alpha": 0.3410021474376208, "log10_colsample_bytree": -0.9469376774072111, "log10_eta": -2.8785580683883003, "log10_lambda": -4.997332316679969, "log10_min_child_weight": 3.41152343992944, "log10_subsample": -0.5524853251090578, "max_depth": 9.0, "num_boost_round": 10.0}, "datetime": {"datetime": "2024-01-19 01:56:16", "elapsed": 6279.953838, "delta": 0.006109}}
{"target": -13.758431601685086, "params": {"gamma": 406.2406044359919, "log10_alpha": 0.3410021474376208, "log10_colsample_bytree": -0.9469376774072111, "log10_eta": -2.8785580683883003, "log10_lambda": -4.997332316679969, "log10_min_child_weight": 3.41152343992944, "log10_subsample": -0.5524853251090578, "max_depth": 9.0, "num_boost_round": 11.0}, "datetime": {"datetime": "2024-01-19 01:56:16", "elapsed": 6279.95982, "delta": 0.005982}}
{"target": -13.758395796673826, "params": {"gamma": 406.2406044359919, "log10_alpha": 0.3410021474376208, "log10_colsample_bytree": -0.9469376774072111, "log10_eta": -2.8785580683883003, "log10_lambda": -4.997332316679969, "log10_min_child_weight": 3.41152343992944, "log10_subsample": -0.5524853251090578, "max_depth": 9.0, "num_boost_round": 12.0}, "datetime": {"datetime": "2024-01-19 01:56:16", "elapsed": 6279.965808, "delta": 0.005988}}
{"target": -13.758375348951029, "params": {"gamma": 406.2406044359919, "log10_alpha": 0.3410021474376208, "log10_colsample_bytree": -0.9469376774072111, "log10_eta": -2.8785580683883003, "log10_lambda": -4.997332316679969, "log10_min_child_weight": 3.41152343992944, "log10_subsample": -0.5524853251090578, "max_depth": 9.0, "num_boost_round": 13.0}, "datetime": {"datetime": "2024-01-19 01:56:16", "elapsed": 6279.971863, "delta": 0.006055}}
{"target": -13.758343726871013, "params": {"gamma": 406.2406044359919, "log10_alpha": 0.3410021474376208, "log10_colsample_bytree": -0.9469376774072111, "log10_eta": -2.8785580683883003, "log10_lambda": -4.997332316679969, "log10_min_child_weight": 3.41152343992944, "log10_subsample": -0.5524853251090578, "max_depth": 9.0, "num_boost_round": 14.0}, "datetime": {"datetime": "2024-01-19 01:56:16", "elapsed": 6279.97784, "delta": 0.005977}}
{"target": -13.758318810851616, "params": {"gamma": 406.2406044359919, "log10_alpha": 0.3410021474376208, "log10_colsample_bytree": -0.9469376774072111, "log10_eta": -2.8785580683883003, "log10_lambda": -4.997332316679969, "log10_min_child_weight": 3.41152343992944, "log10_subsample": -0.5524853251090578, "max_depth": 9.0, "num_boost_round": 15.0}, "datetime": {"datetime": "2024-01-19 01:56:16", "elapsed": 6279.98384, "delta": 0.006}}
{"target": -13.758314988387264, "params": {"gamma": 406.2406044359919, "log10_alpha": 0.3410021474376208, "log10_colsample_bytree": -0.9469376774072111, "log10_eta": -2.8785580683883003, "log10_lambda": -4.997332316679969, "log10_min_child_weight": 3.41152343992944, "log10_subsample": -0.5524853251090578, "max_depth": 9.0, "num_boost_round": 16.0}, "datetime": {"datetime": "2024-01-19 01:56:16", "elapsed": 6279.990044, "delta": 0.006204}}
{"target": -13.75827219226327, "params": {"gamma": 406.2406044359919, "log10_alpha": 0.3410021474376208, "log10_colsample_bytree": -0.9469376774072111, "log10_eta": -2.8785580683883003, "log10_lambda": -4.997332316679969, "log10_min_child_weight": 3.41152343992944, "log10_subsample": -0.5524853251090578, "max_depth": 9.0, "num_boost_round": 17.0}, "datetime": {"datetime": "2024-01-19 01:56:16", "elapsed": 6279.996341, "delta": 0.006297}}
{"target": -13.758254132443591, "params": {"gamma": 406.2406044359919, "log10_alpha": 0.3410021474376208, "log10_colsample_bytree": -0.9469376774072111, "log10_eta": -2.8785580683883003, "log10_lambda": -4.997332316679969, "log10_min_child_weight": 3.41152343992944, "log10_subsample": -0.5524853251090578, "max_depth": 9.0, "num_boost_round": 18.0}, "datetime": {"datetime": "2024-01-19 01:56:16", "elapsed": 6280.002425, "delta": 0.006084}}
{"target": -13.758228768136927, "params": {"gamma": 406.2406044359919, "log10_alpha": 0.3410021474376208, "log10_colsample_bytree": -0.9469376774072111, "log10_eta": -2.8785580683883003, "log10_lambda": -4.997332316679969, "log10_min_child_weight": 3.41152343992944, "log10_subsample": -0.5524853251090578, "max_depth": 9.0, "num_boost_round": 19.0}, "datetime": {"datetime": "2024-01-19 01:56:16", "elapsed": 6280.008532, "delta": 0.006107}}
{"target": -13.758235990531306, "params": {"gamma": 406.2406044359919, "log10_alpha": 0.3410021474376208, "log10_colsample_bytree": -0.9469376774072111, "log10_eta": -2.8785580683883003, "log10_lambda": -4.997332316679969, "log10_min_child_weight": 3.41152343992944, "log10_subsample": -0.5524853251090578, "max_depth": 9.0, "num_boost_round": 20.0}, "datetime": {"datetime": "2024-01-19 01:56:16", "elapsed": 6280.014523, "delta": 0.005991}}
{"target": -13.75821132526573, "params": {"gamma": 406.2406044359919, "log10_alpha": 0.3410021474376208, "log10_colsample_bytree": -0.9469376774072111, "log10_eta": -2.8785580683883003, "log10_lambda": -4.997332316679969, "log10_min_child_weight": 3.41152343992944, "log10_subsample": -0.5524853251090578, "max_depth": 9.0, "num_boost_round": 21.0}, "datetime": {"datetime": "2024-01-19 01:56:16", "elapsed": 6280.020508, "delta": 0.005985}}
{"target": -13.758188182276681, "params": {"gamma": 406.2406044359919, "log10_alpha": 0.3410021474376208, "log10_colsample_bytree": -0.9469376774072111, "log10_eta": -2.8785580683883003, "log10_lambda": -4.997332316679969, "log10_min_child_weight": 3.41152343992944, "log10_subsample": -0.5524853251090578, "max_depth": 9.0, "num_boost_round": 22.0}, "datetime": {"datetime": "2024-01-19 01:56:16", "elapsed": 6280.026509, "delta": 0.006001}}
{"target": -13.758153607000514, "params": {"gamma": 406.2406044359919, "log10_alpha": 0.3410021474376208, "log10_colsample_bytree": -0.9469376774072111, "log10_eta": -2.8785580683883003, "log10_lambda": -4.997332316679969, "log10_min_child_weight": 3.41152343992944, "log10_subsample": -0.5524853251090578, "max_depth": 9.0, "num_boost_round": 23.0}, "datetime": {"datetime": "2024-01-19 01:56:16", "elapsed": 6280.032596, "delta": 0.006087}}
{"target": -13.758133285079472, "params": {"gamma": 406.2406044359919, "log10_alpha": 0.3410021474376208, "log10_colsample_bytree": -0.9469376774072111, "log10_eta": -2.8785580683883003, "log10_lambda": -4.997332316679969, "log10_min_child_weight": 3.41152343992944, "log10_subsample": -0.5524853251090578, "max_depth": 9.0, "num_boost_round": 24.0}, "datetime": {"datetime": "2024-01-19 01:56:16", "elapsed": 6280.038567, "delta": 0.005971}}
{"target": -13.758137150059204, "params": {"gamma": 406.2406044359919, "log10_alpha": 0.3410021474376208, "log10_colsample_bytree": -0.9469376774072111, "log10_eta": -2.8785580683883003, "log10_lambda": -4.997332316679969, "log10_min_child_weight": 3.41152343992944, "log10_subsample": -0.5524853251090578, "max_depth": 9.0, "num_boost_round": 25.0}, "datetime": {"datetime": "2024-01-19 01:56:16", "elapsed": 6280.044626, "delta": 0.006059}}
{"target": -13.758508813728756, "params": {"gamma": 452.18922212468203, "log10_alpha": 0.5243180063007431, "log10_colsample_bytree": -0.9623527185683852, "log10_eta": -2.778216188433378, "log10_lambda": -2.80756522425764, "log10_min_child_weight": 0.41995583408465154, "log10_subsample": -0.8069069254351027, "max_depth": 5.0, "num_boost_round": 0.0}, "datetime": {"datetime": "2024-01-19 01:57:17", "elapsed": 6340.905446, "delta": 60.86082}}
{"target": -13.758498736111674, "params": {"gamma": 452.18922212468203, "log10_alpha": 0.5243180063007431, "log10_colsample_bytree": -0.9623527185683852, "log10_eta": -2.778216188433378, "log10_lambda": -2.80756522425764, "log10_min_child_weight": 0.41995583408465154, "log10_subsample": -0.8069069254351027, "max_depth": 5.0, "num_boost_round": 1.0}, "datetime": {"datetime": "2024-01-19 01:57:17", "elapsed": 6340.911827, "delta": 0.006381}}
{"target": -13.758469574509794, "params": {"gamma": 452.18922212468203, "log10_alpha": 0.5243180063007431, "log10_colsample_bytree": -0.9623527185683852, "log10_eta": -2.778216188433378, "log10_lambda": -2.80756522425764, "log10_min_child_weight": 0.41995583408465154, "log10_subsample": -0.8069069254351027, "max_depth": 5.0, "num_boost_round": 2.0}, "datetime": {"datetime": "2024-01-19 01:57:17", "elapsed": 6340.918036, "delta": 0.006209}}
{"target": -13.7584692317049, "params": {"gamma": 452.18922212468203, "log10_alpha": 0.5243180063007431, "log10_colsample_bytree": -0.9623527185683852, "log10_eta": -2.778216188433378, "log10_lambda": -2.80756522425764, "log10_min_child_weight": 0.41995583408465154, "log10_subsample": -0.8069069254351027, "max_depth": 5.0, "num_boost_round": 3.0}, "datetime": {"datetime": "2024-01-19 01:57:17", "elapsed": 6340.924251, "delta": 0.006215}}
{"target": -13.758463064781983, "params": {"gamma": 452.18922212468203, "log10_alpha": 0.5243180063007431, "log10_colsample_bytree": -0.9623527185683852, "log10_eta": -2.778216188433378, "log10_lambda": -2.80756522425764, "log10_min_child_weight": 0.41995583408465154, "log10_subsample": -0.8069069254351027, "max_depth": 5.0, "num_boost_round": 4.0}, "datetime": {"datetime": "2024-01-19 01:57:17", "elapsed": 6340.930537, "delta": 0.006286}}
