{"target": -13.758415187230913, "params": {"gamma": 134.32773664219144, "log10_alpha": -1.6286954078072498, "log10_colsample_bytree": -0.11179624795771326, "log10_eta": -3.4429612034912007, "log10_lambda": -0.9397497440969085, "log10_min_child_weight": 1.990037964885898, "log10_subsample": -0.06822748927580768, "max_depth": 4.0, "num_boost_round": 30.0}, "datetime": {"datetime": "2024-01-19 01:05:27", "elapsed": 3235.308304, "delta": 0.003479}}
{"target": -13.758533899393006, "params": {"gamma": 128.0805447252481, "log10_alpha": 0.4993652595290481, "log10_colsample_bytree": -0.3901932638074833, "log10_eta": -3.54093876282837, "log10_lambda": -0.4388902970274353, "log10_min_child_weight": 0.21609928225898078, "log10_subsample": -0.8129536196740812, "max_depth": 2.0, "num_boost_round": 0.0}, "datetime": {"datetime": "2024-01-19 01:06:04", "elapsed": 3271.721904, "delta": 36.4136}}
{"target": -13.758528377062289, "params": {"gamma": 128.0805447252481, "log10_alpha": 0.4993652595290481, "log10_colsample_bytree": -0.3901932638074833, "log10_eta": -3.54093876282837, "log10_lambda": -0.4388902970274353, "log10_min_child_weight": 0.21609928225898078, "log10_subsample": -0.8129536196740812, "max_depth": 2.0, "num_boost_round": 1.0}, "datetime": {"datetime": "2024-01-19 01:06:04", "elapsed": 3271.72581, "delta": 0.003906}}
{"target": -13.758525970899132, "params": {"gamma": 128.0805447252481, "log10_alpha": 0.4993652595290481, "log10_colsample_bytree": -0.3901932638074833, "log10_eta": -3.54093876282837, "log10_lambda": -0.4388902970274353, "log10_min_child_weight": 0.21609928225898078, "log10_subsample": -0.8129536196740812, "max_depth": 2.0, "num_boost_round": 2.0}, "datetime": {"datetime": "2024-01-19 01:06:04", "elapsed": 3271.7305, "delta": 0.00469}}
{"target": -13.758523230860446, "params": {"gamma": 128.0805447252481, "log10_alpha": 0.4993652595290481, "log10_colsample_bytree": -0.3901932638074833, "log10_eta": -3.54093876282837, "log10_lambda": -0.4388902970274353, "log10_min_child_weight": 0.21609928225898078, "log10_subsample": -0.8129536196740812, "max_depth": 2.0, "num_boost_round": 3.0}, "datetime": {"datetime": "2024-01-19 01:06:04", "elapsed": 3271.734224, "delta": 0.003724}}
{"target": -13.758519743608208, "params": {"gamma": 128.0805447252481, "log10_alpha": 0.4993652595290481, "log10_colsample_bytree": -0.3901932638074833, "log10_eta": -3.54093876282837, "log10_lambda": -0.4388902970274353, "log10_min_child_weight": 0.21609928225898078, "log10_subsample": -0.8129536196740812, "max_depth": 2.0, "num_boost_round": 4.0}, "datetime": {"datetime": "2024-01-19 01:06:04", "elapsed": 3271.737885, "delta": 0.003661}}
{"target": -13.758518726743077, "params": {"gamma": 128.0805447252481, "log10_alpha": 0.4993652595290481, "log10_colsample_bytree": -0.3901932638074833, "log10_eta": -3.54093876282837, "log10_lambda": -0.4388902970274353, "log10_min_child_weight": 0.21609928225898078, "log10_subsample": -0.8129536196740812, "max_depth": 2.0, "num_boost_round": 5.0}, "datetime": {"datetime": "2024-01-19 01:06:04", "elapsed": 3271.741507, "delta": 0.003622}}
{"target": -13.758517651027008, "params": {"gamma": 128.0805447252481, "log10_alpha": 0.4993652595290481, "log10_colsample_bytree": -0.3901932638074833, "log10_eta": -3.54093876282837, "log10_lambda": -0.4388902970274353, "log10_min_child_weight": 0.21609928225898078, "log10_subsample": -0.8129536196740812, "max_depth": 2.0, "num_boost_round": 6.0}, "datetime": {"datetime": "2024-01-19 01:06:04", "elapsed": 3271.746806, "delta": 0.005299}}
{"target": -13.758515777105695, "params": {"gamma": 128.0805447252481, "log10_alpha": 0.4993652595290481, "log10_colsample_bytree": -0.3901932638074833, "log10_eta": -3.54093876282837, "log10_lambda": -0.4388902970274353, "log10_min_child_weight": 0.21609928225898078, "log10_subsample": -0.8129536196740812, "max_depth": 2.0, "num_boost_round": 7.0}, "datetime": {"datetime": "2024-01-19 01:06:04", "elapsed": 3271.751271, "delta": 0.004465}}
{"target": -13.758512195762481, "params": {"gamma": 128.0805447252481, "log10_alpha": 0.4993652595290481, "log10_colsample_bytree": -0.3901932638074833, "log10_eta": -3.54093876282837, "log10_lambda": -0.4388902970274353, "log10_min_child_weight": 0.21609928225898078, "log10_subsample": -0.8129536196740812, "max_depth": 2.0, "num_boost_round": 8.0}, "datetime": {"datetime": "2024-01-19 01:06:04", "elapsed": 3271.754988, "delta": 0.003717}}
{"target": -13.75850805526088, "params": {"gamma": 128.0805447252481, "log10_alpha": 0.4993652595290481, "log10_colsample_bytree": -0.3901932638074833, "log10_eta": -3.54093876282837, "log10_lambda": -0.4388902970274353, "log10_min_child_weight": 0.21609928225898078, "log10_subsample": -0.8129536196740812, "max_depth": 2.0, "num_boost_round": 9.0}, "datetime": {"datetime": "2024-01-19 01:06:04", "elapsed": 3271.758727, "delta": 0.003739}}
{"target": -13.758504678698035, "params": {"gamma": 128.0805447252481, "log10_alpha": 0.4993652595290481, "log10_colsample_bytree": -0.3901932638074833, "log10_eta": -3.54093876282837, "log10_lambda": -0.4388902970274353, "log10_min_child_weight": 0.21609928225898078, "log10_subsample": -0.8129536196740812, "max_depth": 2.0, "num_boost_round": 10.0}, "datetime": {"datetime": "2024-01-19 01:06:04", "elapsed": 3271.762326, "delta": 0.003599}}
{"target": -13.758331792162892, "params": {"gamma": 130.49036853122274, "log10_alpha": 0.4895139666994588, "log10_colsample_bytree": -0.6883438972528622, "log10_eta": -2.039070288948748, "log10_lambda": -1.6116707648472017, "log10_min_child_weight": 3.525705721074284, "log10_subsample": -0.10869304018830706, "max_depth": 5.0, "num_boost_round": 0.0}, "datetime": {"datetime": "2024-01-19 01:06:39", "elapsed": 3306.783675, "delta": 35.021349}}
{"target": -13.75818049767559, "params": {"gamma": 130.49036853122274, "log10_alpha": 0.4895139666994588, "log10_colsample_bytree": -0.6883438972528622, "log10_eta": -2.039070288948748, "log10_lambda": -1.6116707648472017, "log10_min_child_weight": 3.525705721074284, "log10_subsample": -0.10869304018830706, "max_depth": 5.0, "num_boost_round": 1.0}, "datetime": {"datetime": "2024-01-19 01:06:39", "elapsed": 3306.788815, "delta": 0.00514}}
{"target": -13.757958457660756, "params": {"gamma": 130.49036853122274, "log10_alpha": 0.4895139666994588, "log10_colsample_bytree": -0.6883438972528622, "log10_eta": -2.039070288948748, "log10_lambda": -1.6116707648472017, "log10_min_child_weight": 3.525705721074284, "log10_subsample": -0.10869304018830706, "max_depth": 5.0, "num_boost_round": 2.0}, "datetime": {"datetime": "2024-01-19 01:06:39", "elapsed": 3306.792632, "delta": 0.003817}}
{"target": -13.757949390606809, "params": {"gamma": 130.49036853122274, "log10_alpha": 0.4895139666994588, "log10_colsample_bytree": -0.6883438972528622, "log10_eta": -2.039070288948748, "log10_lambda": -1.6116707648472017, "log10_min_child_weight": 3.525705721074284, "log10_subsample": -0.10869304018830706, "max_depth": 5.0, "num_boost_round": 3.0}, "datetime": {"datetime": "2024-01-19 01:06:39", "elapsed": 3306.796261, "delta": 0.003629}}
{"target": -13.757671921136469, "params": {"gamma": 130.49036853122274, "log10_alpha": 0.4895139666994588, "log10_colsample_bytree": -0.6883438972528622, "log10_eta": -2.039070288948748, "log10_lambda": -1.6116707648472017, "log10_min_child_weight": 3.525705721074284, "log10_subsample": -0.10869304018830706, "max_depth": 5.0, "num_boost_round": 4.0}, "datetime": {"datetime": "2024-01-19 01:06:39", "elapsed": 3306.799891, "delta": 0.00363}}
{"target": -13.75768176058838, "params": {"gamma": 130.49036853122274, "log10_alpha": 0.4895139666994588, "log10_colsample_bytree": -0.6883438972528622, "log10_eta": -2.039070288948748, "log10_lambda": -1.6116707648472017, "log10_min_child_weight": 3.525705721074284, "log10_subsample": -0.10869304018830706, "max_depth": 5.0, "num_boost_round": 5.0}, "datetime": {"datetime": "2024-01-19 01:06:39", "elapsed": 3306.80344, "delta": 0.003549}}
{"target": -13.757625508622258, "params": {"gamma": 130.49036853122274, "log10_alpha": 0.4895139666994588, "log10_colsample_bytree": -0.6883438972528622, "log10_eta": -2.039070288948748, "log10_lambda": -1.6116707648472017, "log10_min_child_weight": 3.525705721074284, "log10_subsample": -0.10869304018830706, "max_depth": 5.0, "num_boost_round": 6.0}, "datetime": {"datetime": "2024-01-19 01:06:39", "elapsed": 3306.806929, "delta": 0.003489}}
{"target": -13.757394561902862, "params": {"gamma": 130.49036853122274, "log10_alpha": 0.4895139666994588, "log10_colsample_bytree": -0.6883438972528622, "log10_eta": -2.039070288948748, "log10_lambda": -1.6116707648472017, "log10_min_child_weight": 3.525705721074284, "log10_subsample": -0.10869304018830706, "max_depth": 5.0, "num_boost_round": 7.0}, "datetime": {"datetime": "2024-01-19 01:06:39", "elapsed": 3306.810424, "delta": 0.003495}}
{"target": -13.757261478268278, "params": {"gamma": 130.49036853122274, "log10_alpha": 0.4895139666994588, "log10_colsample_bytree": -0.6883438972528622, "log10_eta": -2.039070288948748, "log10_lambda": -1.6116707648472017, "log10_min_child_weight": 3.525705721074284, "log10_subsample": -0.10869304018830706, "max_depth": 5.0, "num_boost_round": 8.0}, "datetime": {"datetime": "2024-01-19 01:06:39", "elapsed": 3306.81392, "delta": 0.003496}}
{"target": -13.757226015950133, "params": {"gamma": 130.49036853122274, "log10_alpha": 0.4895139666994588, "log10_colsample_bytree": -0.6883438972528622, "log10_eta": -2.039070288948748, "log10_lambda": -1.6116707648472017, "log10_min_child_weight": 3.525705721074284, "log10_subsample": -0.10869304018830706, "max_depth": 5.0, "num_boost_round": 9.0}, "datetime": {"datetime": "2024-01-19 01:06:39", "elapsed": 3306.817413, "delta": 0.003493}}
{"target": -13.75695790072651, "params": {"gamma": 130.49036853122274, "log10_alpha": 0.4895139666994588, "log10_colsample_bytree": -0.6883438972528622, "log10_eta": -2.039070288948748, "log10_lambda": -1.6116707648472017, "log10_min_child_weight": 3.525705721074284, "log10_subsample": -0.10869304018830706, "max_depth": 5.0, "num_boost_round": 10.0}, "datetime": {"datetime": "2024-01-19 01:06:39", "elapsed": 3306.82089, "delta": 0.003477}}
{"target": -13.756908543746642, "params": {"gamma": 130.49036853122274, "log10_alpha": 0.4895139666994588, "log10_colsample_bytree": -0.6883438972528622, "log10_eta": -2.039070288948748, "log10_lambda": -1.6116707648472017, "log10_min_child_weight": 3.525705721074284, "log10_subsample": -0.10869304018830706, "max_depth": 5.0, "num_boost_round": 11.0}, "datetime": {"datetime": "2024-01-19 01:06:39", "elapsed": 3306.824375, "delta": 0.003485}}
{"target": -13.756814693854354, "params": {"gamma": 130.49036853122274, "log10_alpha": 0.4895139666994588, "log10_colsample_bytree": -0.6883438972528622, "log10_eta": -2.039070288948748, "log10_lambda": -1.6116707648472017, "log10_min_child_weight": 3.525705721074284, "log10_subsample": -0.10869304018830706, "max_depth": 5.0, "num_boost_round": 12.0}, "datetime": {"datetime": "2024-01-19 01:06:39", "elapsed": 3306.827854, "delta": 0.003479}}
{"target": -13.75671172989004, "params": {"gamma": 130.49036853122274, "log10_alpha": 0.4895139666994588, "log10_colsample_bytree": -0.6883438972528622, "log10_eta": -2.039070288948748, "log10_lambda": -1.6116707648472017, "log10_min_child_weight": 3.525705721074284, "log10_subsample": -0.10869304018830706, "max_depth": 5.0, "num_boost_round": 13.0}, "datetime": {"datetime": "2024-01-19 01:06:39", "elapsed": 3306.831234, "delta": 0.00338}}
{"target": -13.756660082697065, "params": {"gamma": 130.49036853122274, "log10_alpha": 0.4895139666994588, "log10_colsample_bytree": -0.6883438972528622, "log10_eta": -2.039070288948748, "log10_lambda": -1.6116707648472017, "log10_min_child_weight": 3.525705721074284, "log10_subsample": -0.10869304018830706, "max_depth": 5.0, "num_boost_round": 14.0}, "datetime": {"datetime": "2024-01-19 01:06:39", "elapsed": 3306.834579, "delta": 0.003345}}
{"target": -13.756586104084189, "params": {"gamma": 130.49036853122274, "log10_alpha": 0.4895139666994588, "log10_colsample_bytree": -0.6883438972528622, "log10_eta": -2.039070288948748, "log10_lambda": -1.6116707648472017, "log10_min_child_weight": 3.525705721074284, "log10_subsample": -0.10869304018830706, "max_depth": 5.0, "num_boost_round": 15.0}, "datetime": {"datetime": "2024-01-19 01:06:39", "elapsed": 3306.837874, "delta": 0.003295}}
{"target": -13.75653349270216, "params": {"gamma": 130.49036853122274, "log10_alpha": 0.4895139666994588, "log10_colsample_bytree": -0.6883438972528622, "log10_eta": -2.039070288948748, "log10_lambda": -1.6116707648472017, "log10_min_child_weight": 3.525705721074284, "log10_subsample": -0.10869304018830706, "max_depth": 5.0, "num_boost_round": 16.0}, "datetime": {"datetime": "2024-01-19 01:06:39", "elapsed": 3306.841202, "delta": 0.003328}}
{"target": -13.756580278253262, "params": {"gamma": 130.49036853122274, "log10_alpha": 0.4895139666994588, "log10_colsample_bytree": -0.6883438972528622, "log10_eta": -2.039070288948748, "log10_lambda": -1.6116707648472017, "log10_min_child_weight": 3.525705721074284, "log10_subsample": -0.10869304018830706, "max_depth": 5.0, "num_boost_round": 17.0}, "datetime": {"datetime": "2024-01-19 01:06:39", "elapsed": 3306.844482, "delta": 0.00328}}
{"target": -13.756596016723607, "params": {"gamma": 130.49036853122274, "log10_alpha": 0.4895139666994588, "log10_colsample_bytree": -0.6883438972528622, "log10_eta": -2.039070288948748, "log10_lambda": -1.6116707648472017, "log10_min_child_weight": 3.525705721074284, "log10_subsample": -0.10869304018830706, "max_depth": 5.0, "num_boost_round": 18.0}, "datetime": {"datetime": "2024-01-19 01:06:39", "elapsed": 3306.848405, "delta": 0.003923}}
{"target": -13.756629507820168, "params": {"gamma": 130.49036853122274, "log10_alpha": 0.4895139666994588, "log10_colsample_bytree": -0.6883438972528622, "log10_eta": -2.039070288948748, "log10_lambda": -1.6116707648472017, "log10_min_child_weight": 3.525705721074284, "log10_subsample": -0.10869304018830706, "max_depth": 5.0, "num_boost_round": 19.0}, "datetime": {"datetime": "2024-01-19 01:06:39", "elapsed": 3306.852253, "delta": 0.003848}}
{"target": -13.756543485789464, "params": {"gamma": 130.49036853122274, "log10_alpha": 0.4895139666994588, "log10_colsample_bytree": -0.6883438972528622, "log10_eta": -2.039070288948748, "log10_lambda": -1.6116707648472017, "log10_min_child_weight": 3.525705721074284, "log10_subsample": -0.10869304018830706, "max_depth": 5.0, "num_boost_round": 20.0}, "datetime": {"datetime": "2024-01-19 01:06:39", "elapsed": 3306.855802, "delta": 0.003549}}
{"target": -13.75644674596364, "params": {"gamma": 130.49036853122274, "log10_alpha": 0.4895139666994588, "log10_colsample_bytree": -0.6883438972528622, "log10_eta": -2.039070288948748, "log10_lambda": -1.6116707648472017, "log10_min_child_weight": 3.525705721074284, "log10_subsample": -0.10869304018830706, "max_depth": 5.0, "num_boost_round": 21.0}, "datetime": {"datetime": "2024-01-19 01:06:39", "elapsed": 3306.859442, "delta": 0.00364}}
{"target": -13.756394257997904, "params": {"gamma": 130.49036853122274, "log10_alpha": 0.4895139666994588, "log10_colsample_bytree": -0.6883438972528622, "log10_eta": -2.039070288948748, "log10_lambda": -1.6116707648472017, "log10_min_child_weight": 3.525705721074284, "log10_subsample": -0.10869304018830706, "max_depth": 5.0, "num_boost_round": 22.0}, "datetime": {"datetime": "2024-01-19 01:06:39", "elapsed": 3306.862833, "delta": 0.003391}}
{"target": -13.75631682365139, "params": {"gamma": 130.49036853122274, "log10_alpha": 0.4895139666994588, "log10_colsample_bytree": -0.6883438972528622, "log10_eta": -2.039070288948748, "log10_lambda": -1.6116707648472017, "log10_min_child_weight": 3.525705721074284, "log10_subsample": -0.10869304018830706, "max_depth": 5.0, "num_boost_round": 23.0}, "datetime": {"datetime": "2024-01-19 01:06:39", "elapsed": 3306.866201, "delta": 0.003368}}
{"target": -13.756394838225422, "params": {"gamma": 130.49036853122274, "log10_alpha": 0.4895139666994588, "log10_colsample_bytree": -0.6883438972528622, "log10_eta": -2.039070288948748, "log10_lambda": -1.6116707648472017, "log10_min_child_weight": 3.525705721074284, "log10_subsample": -0.10869304018830706, "max_depth": 5.0, "num_boost_round": 24.0}, "datetime": {"datetime": "2024-01-19 01:06:39", "elapsed": 3306.869571, "delta": 0.00337}}
{"target": -13.756209924382226, "params": {"gamma": 130.49036853122274, "log10_alpha": 0.4895139666994588, "log10_colsample_bytree": -0.6883438972528622, "log10_eta": -2.039070288948748, "log10_lambda": -1.6116707648472017, "log10_min_child_weight": 3.525705721074284, "log10_subsample": -0.10869304018830706, "max_depth": 5.0, "num_boost_round": 25.0}, "datetime": {"datetime": "2024-01-19 01:06:39", "elapsed": 3306.872993, "delta": 0.003422}}
{"target": -13.756244385695487, "params": {"gamma": 130.49036853122274, "log10_alpha": 0.4895139666994588, "log10_colsample_bytree": -0.6883438972528622, "log10_eta": -2.039070288948748, "log10_lambda": -1.6116707648472017, "log10_min_child_weight": 3.525705721074284, "log10_subsample": -0.10869304018830706, "max_depth": 5.0, "num_boost_round": 26.0}, "datetime": {"datetime": "2024-01-19 01:06:39", "elapsed": 3306.876373, "delta": 0.00338}}
{"target": -13.758536793680543, "params": {"gamma": 126.65220641049812, "log10_alpha": -1.7119758039720168, "log10_colsample_bytree": -0.7002570480527728, "log10_eta": -3.9030919440463894, "log10_lambda": -2.7354226800856667, "log10_min_child_weight": 4.1170800964548535, "log10_subsample": -0.09205409306874612, "max_depth": 3.0, "num_boost_round": 0.0}, "datetime": {"datetime": "2024-01-19 01:07:23", "elapsed": 3351.062276, "delta": 44.185903}}
{"target": -13.758534067160648, "params": {"gamma": 126.65220641049812, "log10_alpha": -1.7119758039720168, "log10_colsample_bytree": -0.7002570480527728, "log10_eta": -3.9030919440463894, "log10_lambda": -2.7354226800856667, "log10_min_child_weight": 4.1170800964548535, "log10_subsample": -0.09205409306874612, "max_depth": 3.0, "num_boost_round": 1.0}, "datetime": {"datetime": "2024-01-19 01:07:23", "elapsed": 3351.066932, "delta": 0.004656}}
{"target": -13.75853337796824, "params": {"gamma": 126.65220641049812, "log10_alpha": -1.7119758039720168, "log10_colsample_bytree": -0.7002570480527728, "log10_eta": -3.9030919440463894, "log10_lambda": -2.7354226800856667, "log10_min_child_weight": 4.1170800964548535, "log10_subsample": -0.09205409306874612, "max_depth": 3.0, "num_boost_round": 2.0}, "datetime": {"datetime": "2024-01-19 01:07:23", "elapsed": 3351.070557, "delta": 0.003625}}
{"target": -13.75853338144214, "params": {"gamma": 126.65220641049812, "log10_alpha": -1.7119758039720168, "log10_colsample_bytree": -0.7002570480527728, "log10_eta": -3.9030919440463894, "log10_lambda": -2.7354226800856667, "log10_min_child_weight": 4.1170800964548535, "log10_subsample": -0.09205409306874612, "max_depth": 3.0, "num_boost_round": 3.0}, "datetime": {"datetime": "2024-01-19 01:07:23", "elapsed": 3351.073973, "delta": 0.003416}}
{"target": -13.758532179712034, "params": {"gamma": 126.65220641049812, "log10_alpha": -1.7119758039720168, "log10_colsample_bytree": -0.7002570480527728, "log10_eta": -3.9030919440463894, "log10_lambda": -2.7354226800856667, "log10_min_child_weight": 4.1170800964548535, "log10_subsample": -0.09205409306874612, "max_depth": 3.0, "num_boost_round": 4.0}, "datetime": {"datetime": "2024-01-19 01:07:23", "elapsed": 3351.077394, "delta": 0.003421}}
{"target": -13.758531715892042, "params": {"gamma": 126.65220641049812, "log10_alpha": -1.7119758039720168, "log10_colsample_bytree": -0.7002570480527728, "log10_eta": -3.9030919440463894, "log10_lambda": -2.7354226800856667, "log10_min_child_weight": 4.1170800964548535, "log10_subsample": -0.09205409306874612, "max_depth": 3.0, "num_boost_round": 5.0}, "datetime": {"datetime": "2024-01-19 01:07:23", "elapsed": 3351.080846, "delta": 0.003452}}
{"target": -13.758531804314591, "params": {"gamma": 126.65220641049812, "log10_alpha": -1.7119758039720168, "log10_colsample_bytree": -0.7002570480527728, "log10_eta": -3.9030919440463894, "log10_lambda": -2.7354226800856667, "log10_min_child_weight": 4.1170800964548535, "log10_subsample": -0.09205409306874612, "max_depth": 3.0, "num_boost_round": 6.0}, "datetime": {"datetime": "2024-01-19 01:07:23", "elapsed": 3351.0842, "delta": 0.003354}}
{"target": -13.758531202953113, "params": {"gamma": 126.65220641049812, "log10_alpha": -1.7119758039720168, "log10_colsample_bytree": -0.7002570480527728, "log10_eta": -3.9030919440463894, "log10_lambda": -2.7354226800856667, "log10_min_child_weight": 4.1170800964548535, "log10_subsample": -0.09205409306874612, "max_depth": 3.0, "num_boost_round": 7.0}, "datetime": {"datetime": "2024-01-19 01:07:23", "elapsed": 3351.087499, "delta": 0.003299}}
{"target": -13.758530096486503, "params": {"gamma": 126.65220641049812, "log10_alpha": -1.7119758039720168, "log10_colsample_bytree": -0.7002570480527728, "log10_eta": -3.9030919440463894, "log10_lambda": -2.7354226800856667, "log10_min_child_weight": 4.1170800964548535, "log10_subsample": -0.09205409306874612, "max_depth": 3.0, "num_boost_round": 8.0}, "datetime": {"datetime": "2024-01-19 01:07:23", "elapsed": 3351.090928, "delta": 0.003429}}
{"target": -13.758529538299154, "params": {"gamma": 126.65220641049812, "log10_alpha": -1.7119758039720168, "log10_colsample_bytree": -0.7002570480527728, "log10_eta": -3.9030919440463894, "log10_lambda": -2.7354226800856667, "log10_min_child_weight": 4.1170800964548535, "log10_subsample": -0.09205409306874612, "max_depth": 3.0, "num_boost_round": 9.0}, "datetime": {"datetime": "2024-01-19 01:07:23", "elapsed": 3351.094278, "delta": 0.00335}}
