{"target": -13.758533376534153, "params": {"gamma": 405.52391890204575, "log10_alpha": -4.642235984536937, "log10_colsample_bytree": -0.9993200956284741, "log10_eta": -3.7226638904164906, "log10_lambda": -2.5525573294298285, "log10_min_child_weight": 3.3755471304907783, "log10_subsample": -0.40966644187611134, "max_depth": 8.0, "num_boost_round": 5.0}, "datetime": {"datetime": "2024-01-19 01:42:05", "elapsed": 5428.303831, "delta": 0.006008}}
{"target": -13.758532408564802, "params": {"gamma": 405.52391890204575, "log10_alpha": -4.642235984536937, "log10_colsample_bytree": -0.9993200956284741, "log10_eta": -3.7226638904164906, "log10_lambda": -2.5525573294298285, "log10_min_child_weight": 3.3755471304907783, "log10_subsample": -0.40966644187611134, "max_depth": 8.0, "num_boost_round": 6.0}, "datetime": {"datetime": "2024-01-19 01:42:05", "elapsed": 5428.309599, "delta": 0.005768}}
{"target": -13.758527526594387, "params": {"gamma": 405.52391890204575, "log10_alpha": -4.642235984536937, "log10_colsample_bytree": -0.9993200956284741, "log10_eta": -3.7226638904164906, "log10_lambda": -2.5525573294298285, "log10_min_child_weight": 3.3755471304907783, "log10_subsample": -0.40966644187611134, "max_depth": 8.0, "num_boost_round": 7.0}, "datetime": {"datetime": "2024-01-19 01:42:05", "elapsed": 5428.315313, "delta": 0.005714}}
{"target": -13.75852229777153, "params": {"gamma": 405.52391890204575, "log10_alpha": -4.642235984536937, "log10_colsample_bytree": -0.9993200956284741, "log10_eta": -3.7226638904164906, "log10_lambda": -2.5525573294298285, "log10_min_child_weight": 3.3755471304907783, "log10_subsample": -0.40966644187611134, "max_depth": 8.0, "num_boost_round": 8.0}, "datetime": {"datetime": "2024-01-19 01:42:05", "elapsed": 5428.321123, "delta": 0.00581}}
{"target": -13.758519811075518, "params": {"gamma": 405.52391890204575, "log10_alpha": -4.642235984536937, "log10_colsample_bytree": -0.9993200956284741, "log10_eta": -3.7226638904164906, "log10_lambda": -2.5525573294298285, "log10_min_child_weight": 3.3755471304907783, "log10_subsample": -0.40966644187611134, "max_depth": 8.0, "num_boost_round": 9.0}, "datetime": {"datetime": "2024-01-19 01:42:05", "elapsed": 5428.326952, "delta": 0.005829}}
{"target": -13.758518496954387, "params": {"gamma": 405.52391890204575, "log10_alpha": -4.642235984536937, "log10_colsample_bytree": -0.9993200956284741, "log10_eta": -3.7226638904164906, "log10_lambda": -2.5525573294298285, "log10_min_child_weight": 3.3755471304907783, "log10_subsample": -0.40966644187611134, "max_depth": 8.0, "num_boost_round": 10.0}, "datetime": {"datetime": "2024-01-19 01:42:05", "elapsed": 5428.332879, "delta": 0.005927}}
{"target": -13.758521929612241, "params": {"gamma": 405.52391890204575, "log10_alpha": -4.642235984536937, "log10_colsample_bytree": -0.9993200956284741, "log10_eta": -3.7226638904164906, "log10_lambda": -2.5525573294298285, "log10_min_child_weight": 3.3755471304907783, "log10_subsample": -0.40966644187611134, "max_depth": 8.0, "num_boost_round": 11.0}, "datetime": {"datetime": "2024-01-19 01:42:05", "elapsed": 5428.338839, "delta": 0.00596}}
{"target": -13.758517370630674, "params": {"gamma": 405.52391890204575, "log10_alpha": -4.642235984536937, "log10_colsample_bytree": -0.9993200956284741, "log10_eta": -3.7226638904164906, "log10_lambda": -2.5525573294298285, "log10_min_child_weight": 3.3755471304907783, "log10_subsample": -0.40966644187611134, "max_depth": 8.0, "num_boost_round": 12.0}, "datetime": {"datetime": "2024-01-19 01:42:05", "elapsed": 5428.344601, "delta": 0.005762}}
{"target": -13.75853885595315, "params": {"gamma": 388.7137803863734, "log10_alpha": -4.048213537142763, "log10_colsample_bytree": -0.855184897460566, "log10_eta": -3.8337542612840116, "log10_lambda": -1.77566153166552, "log10_min_child_weight": 1.5905830304004343, "log10_subsample": -0.8931710757650291, "max_depth": 9.0, "num_boost_round": 0.0}, "datetime": {"datetime": "2024-01-19 01:43:10", "elapsed": 5493.553109, "delta": 65.208508}}
{"target": -13.758542842731693, "params": {"gamma": 388.7137803863734, "log10_alpha": -4.048213537142763, "log10_colsample_bytree": -0.855184897460566, "log10_eta": -3.8337542612840116, "log10_lambda": -1.77566153166552, "log10_min_child_weight": 1.5905830304004343, "log10_subsample": -0.8931710757650291, "max_depth": 9.0, "num_boost_round": 1.0}, "datetime": {"datetime": "2024-01-19 01:43:10", "elapsed": 5493.559684, "delta": 0.006575}}
{"target": -13.758538361852999, "params": {"gamma": 388.7137803863734, "log10_alpha": -4.048213537142763, "log10_colsample_bytree": -0.855184897460566, "log10_eta": -3.8337542612840116, "log10_lambda": -1.77566153166552, "log10_min_child_weight": 1.5905830304004343, "log10_subsample": -0.8931710757650291, "max_depth": 9.0, "num_boost_round": 2.0}, "datetime": {"datetime": "2024-01-19 01:43:10", "elapsed": 5493.565733, "delta": 0.006049}}
{"target": -13.75853427308836, "params": {"gamma": 388.7137803863734, "log10_alpha": -4.048213537142763, "log10_colsample_bytree": -0.855184897460566, "log10_eta": -3.8337542612840116, "log10_lambda": -1.77566153166552, "log10_min_child_weight": 1.5905830304004343, "log10_subsample": -0.8931710757650291, "max_depth": 9.0, "num_boost_round": 3.0}, "datetime": {"datetime": "2024-01-19 01:43:10", "elapsed": 5493.571567, "delta": 0.005834}}
{"target": -13.758533823455124, "params": {"gamma": 388.7137803863734, "log10_alpha": -4.048213537142763, "log10_colsample_bytree": -0.855184897460566, "log10_eta": -3.8337542612840116, "log10_lambda": -1.77566153166552, "log10_min_child_weight": 1.5905830304004343, "log10_subsample": -0.8931710757650291, "max_depth": 9.0, "num_boost_round": 4.0}, "datetime": {"datetime": "2024-01-19 01:43:10", "elapsed": 5493.578329, "delta": 0.006762}}
{"target": -13.758532206685883, "params": {"gamma": 388.7137803863734, "log10_alpha": -4.048213537142763, "log10_colsample_bytree": -0.855184897460566, "log10_eta": -3.8337542612840116, "log10_lambda": -1.77566153166552, "log10_min_child_weight": 1.5905830304004343, "log10_subsample": -0.8931710757650291, "max_depth": 9.0, "num_boost_round": 5.0}, "datetime": {"datetime": "2024-01-19 01:43:10", "elapsed": 5493.584059, "delta": 0.00573}}
{"target": -13.758539796416338, "params": {"gamma": 388.7137803863734, "log10_alpha": -4.048213537142763, "log10_colsample_bytree": -0.855184897460566, "log10_eta": -3.8337542612840116, "log10_lambda": -1.77566153166552, "log10_min_child_weight": 1.5905830304004343, "log10_subsample": -0.8931710757650291, "max_depth": 9.0, "num_boost_round": 6.0}, "datetime": {"datetime": "2024-01-19 01:43:10", "elapsed": 5493.590011, "delta": 0.005952}}
{"target": -13.758531625953601, "params": {"gamma": 388.7137803863734, "log10_alpha": -4.048213537142763, "log10_colsample_bytree": -0.855184897460566, "log10_eta": -3.8337542612840116, "log10_lambda": -1.77566153166552, "log10_min_child_weight": 1.5905830304004343, "log10_subsample": -0.8931710757650291, "max_depth": 9.0, "num_boost_round": 7.0}, "datetime": {"datetime": "2024-01-19 01:43:10", "elapsed": 5493.596017, "delta": 0.006006}}
{"target": -13.758528206019244, "params": {"gamma": 388.7137803863734, "log10_alpha": -4.048213537142763, "log10_colsample_bytree": -0.855184897460566, "log10_eta": -3.8337542612840116, "log10_lambda": -1.77566153166552, "log10_min_child_weight": 1.5905830304004343, "log10_subsample": -0.8931710757650291, "max_depth": 9.0, "num_boost_round": 8.0}, "datetime": {"datetime": "2024-01-19 01:43:10", "elapsed": 5493.601956, "delta": 0.005939}}
{"target": -13.758529420581507, "params": {"gamma": 388.7137803863734, "log10_alpha": -4.048213537142763, "log10_colsample_bytree": -0.855184897460566, "log10_eta": -3.8337542612840116, "log10_lambda": -1.77566153166552, "log10_min_child_weight": 1.5905830304004343, "log10_subsample": -0.8931710757650291, "max_depth": 9.0, "num_boost_round": 9.0}, "datetime": {"datetime": "2024-01-19 01:43:10", "elapsed": 5493.607746, "delta": 0.00579}}
{"target": -13.758521102227506, "params": {"gamma": 388.7137803863734, "log10_alpha": -4.048213537142763, "log10_colsample_bytree": -0.855184897460566, "log10_eta": -3.8337542612840116, "log10_lambda": -1.77566153166552, "log10_min_child_weight": 1.5905830304004343, "log10_subsample": -0.8931710757650291, "max_depth": 9.0, "num_boost_round": 10.0}, "datetime": {"datetime": "2024-01-19 01:43:10", "elapsed": 5493.613464, "delta": 0.005718}}
{"target": -13.758525029299827, "params": {"gamma": 388.7137803863734, "log10_alpha": -4.048213537142763, "log10_colsample_bytree": -0.855184897460566, "log10_eta": -3.8337542612840116, "log10_lambda": -1.77566153166552, "log10_min_child_weight": 1.5905830304004343, "log10_subsample": -0.8931710757650291, "max_depth": 9.0, "num_boost_round": 11.0}, "datetime": {"datetime": "2024-01-19 01:43:10", "elapsed": 5493.619202, "delta": 0.005738}}
{"target": -13.758525382224352, "params": {"gamma": 388.7137803863734, "log10_alpha": -4.048213537142763, "log10_colsample_bytree": -0.855184897460566, "log10_eta": -3.8337542612840116, "log10_lambda": -1.77566153166552, "log10_min_child_weight": 1.5905830304004343, "log10_subsample": -0.8931710757650291, "max_depth": 9.0, "num_boost_round": 12.0}, "datetime": {"datetime": "2024-01-19 01:43:10", "elapsed": 5493.624942, "delta": 0.00574}}
{"target": -13.758520751544273, "params": {"gamma": 388.7137803863734, "log10_alpha": -4.048213537142763, "log10_colsample_bytree": -0.855184897460566, "log10_eta": -3.8337542612840116, "log10_lambda": -1.77566153166552, "log10_min_child_weight": 1.5905830304004343, "log10_subsample": -0.8931710757650291, "max_depth": 9.0, "num_boost_round": 13.0}, "datetime": {"datetime": "2024-01-19 01:43:10", "elapsed": 5493.630721, "delta": 0.005779}}
{"target": -13.758515603105458, "params": {"gamma": 388.7137803863734, "log10_alpha": -4.048213537142763, "log10_colsample_bytree": -0.855184897460566, "log10_eta": -3.8337542612840116, "log10_lambda": -1.77566153166552, "log10_min_child_weight": 1.5905830304004343, "log10_subsample": -0.8931710757650291, "max_depth": 9.0, "num_boost_round": 14.0}, "datetime": {"datetime": "2024-01-19 01:43:10", "elapsed": 5493.63655, "delta": 0.005829}}
{"target": -13.758510045873706, "params": {"gamma": 388.7137803863734, "log10_alpha": -4.048213537142763, "log10_colsample_bytree": -0.855184897460566, "log10_eta": -3.8337542612840116, "log10_lambda": -1.77566153166552, "log10_min_child_weight": 1.5905830304004343, "log10_subsample": -0.8931710757650291, "max_depth": 9.0, "num_boost_round": 15.0}, "datetime": {"datetime": "2024-01-19 01:43:10", "elapsed": 5493.642442, "delta": 0.005892}}
{"target": -13.758507638264572, "params": {"gamma": 388.7137803863734, "log10_alpha": -4.048213537142763, "log10_colsample_bytree": -0.855184897460566, "log10_eta": -3.8337542612840116, "log10_lambda": -1.77566153166552, "log10_min_child_weight": 1.5905830304004343, "log10_subsample": -0.8931710757650291, "max_depth": 9.0, "num_boost_round": 16.0}, "datetime": {"datetime": "2024-01-19 01:43:10", "elapsed": 5493.648382, "delta": 0.00594}}
{"target": -13.75850057604872, "params": {"gamma": 388.7137803863734, "log10_alpha": -4.048213537142763, "log10_colsample_bytree": -0.855184897460566, "log10_eta": -3.8337542612840116, "log10_lambda": -1.77566153166552, "log10_min_child_weight": 1.5905830304004343, "log10_subsample": -0.8931710757650291, "max_depth": 9.0, "num_boost_round": 17.0}, "datetime": {"datetime": "2024-01-19 01:43:10", "elapsed": 5493.654141, "delta": 0.005759}}
{"target": -13.758499247263991, "params": {"gamma": 388.7137803863734, "log10_alpha": -4.048213537142763, "log10_colsample_bytree": -0.855184897460566, "log10_eta": -3.8337542612840116, "log10_lambda": -1.77566153166552, "log10_min_child_weight": 1.5905830304004343, "log10_subsample": -0.8931710757650291, "max_depth": 9.0, "num_boost_round": 18.0}, "datetime": {"datetime": "2024-01-19 01:43:10", "elapsed": 5493.65984, "delta": 0.005699}}
{"target": -13.758491506595869, "params": {"gamma": 388.7137803863734, "log10_alpha": -4.048213537142763, "log10_colsample_bytree": -0.855184897460566, "log10_eta": -3.8337542612840116, "log10_lambda": -1.77566153166552, "log10_min_child_weight": 1.5905830304004343, "log10_subsample": -0.8931710757650291, "max_depth": 9.0, "num_boost_round": 19.0}, "datetime": {"datetime": "2024-01-19 01:43:10", "elapsed": 5493.665965, "delta": 0.006125}}
{"target": -13.758479604101431, "params": {"gamma": 388.7137803863734, "log10_alpha": -4.048213537142763, "log10_colsample_bytree": -0.855184897460566, "log10_eta": -3.8337542612840116, "log10_lambda": -1.77566153166552, "log10_min_child_weight": 1.5905830304004343, "log10_subsample": -0.8931710757650291, "max_depth": 9.0, "num_boost_round": 20.0}, "datetime": {"datetime": "2024-01-19 01:43:10", "elapsed": 5493.671753, "delta": 0.005788}}
{"target": -13.758469106003808, "params": {"gamma": 388.7137803863734, "log10_alpha": -4.048213537142763, "log10_colsample_bytree": -0.855184897460566, "log10_eta": -3.8337542612840116, "log10_lambda": -1.77566153166552, "log10_min_child_weight": 1.5905830304004343, "log10_subsample": -0.8931710757650291, "max_depth": 9.0, "num_boost_round": 21.0}, "datetime": {"datetime": "2024-01-19 01:43:10", "elapsed": 5493.677669, "delta": 0.005916}}
{"target": -13.7584626061839, "params": {"gamma": 388.7137803863734, "log10_alpha": -4.048213537142763, "log10_colsample_bytree": -0.855184897460566, "log10_eta": -3.8337542612840116, "log10_lambda": -1.77566153166552, "log10_min_child_weight": 1.5905830304004343, "log10_subsample": -0.8931710757650291, "max_depth": 9.0, "num_boost_round": 22.0}, "datetime": {"datetime": "2024-01-19 01:43:10", "elapsed": 5493.683422, "delta": 0.005753}}
{"target": -13.758454150007491, "params": {"gamma": 388.7137803863734, "log10_alpha": -4.048213537142763, "log10_colsample_bytree": -0.855184897460566, "log10_eta": -3.8337542612840116, "log10_lambda": -1.77566153166552, "log10_min_child_weight": 1.5905830304004343, "log10_subsample": -0.8931710757650291, "max_depth": 9.0, "num_boost_round": 23.0}, "datetime": {"datetime": "2024-01-19 01:43:10", "elapsed": 5493.689197, "delta": 0.005775}}
{"target": -13.758450895466352, "params": {"gamma": 388.7137803863734, "log10_alpha": -4.048213537142763, "log10_colsample_bytree": -0.855184897460566, "log10_eta": -3.8337542612840116, "log10_lambda": -1.77566153166552, "log10_min_child_weight": 1.5905830304004343, "log10_subsample": -0.8931710757650291, "max_depth": 9.0, "num_boost_round": 24.0}, "datetime": {"datetime": "2024-01-19 01:43:10", "elapsed": 5493.694981, "delta": 0.005784}}
{"target": -13.758446741609035, "params": {"gamma": 388.7137803863734, "log10_alpha": -4.048213537142763, "log10_colsample_bytree": -0.855184897460566, "log10_eta": -3.8337542612840116, "log10_lambda": -1.77566153166552, "log10_min_child_weight": 1.5905830304004343, "log10_subsample": -0.8931710757650291, "max_depth": 9.0, "num_boost_round": 25.0}, "datetime": {"datetime": "2024-01-19 01:43:10", "elapsed": 5493.792708, "delta": 0.097727}}
{"target": -13.758444637298936, "params": {"gamma": 388.7137803863734, "log10_alpha": -4.048213537142763, "log10_colsample_bytree": -0.855184897460566, "log10_eta": -3.8337542612840116, "log10_lambda": -1.77566153166552, "log10_min_child_weight": 1.5905830304004343, "log10_subsample": -0.8931710757650291, "max_depth": 9.0, "num_boost_round": 26.0}, "datetime": {"datetime": "2024-01-19 01:43:10", "elapsed": 5493.799385, "delta": 0.006677}}
{"target": -13.758443017798834, "params": {"gamma": 388.7137803863734, "log10_alpha": -4.048213537142763, "log10_colsample_bytree": -0.855184897460566, "log10_eta": -3.8337542612840116, "log10_lambda": -1.77566153166552, "log10_min_child_weight": 1.5905830304004343, "log10_subsample": -0.8931710757650291, "max_depth": 9.0, "num_boost_round": 27.0}, "datetime": {"datetime": "2024-01-19 01:43:10", "elapsed": 5493.805632, "delta": 0.006247}}
{"target": -13.758538987849834, "params": {"gamma": 392.672470144115, "log10_alpha": -2.32802099066099, "log10_colsample_bytree": -0.9341712184449739, "log10_eta": -3.3776866777577097, "log10_lambda": -4.133289486703351, "log10_min_child_weight": 4.256161563507248, "log10_subsample": -0.47698827069029304, "max_depth": 2.0, "num_boost_round": 0.0}, "datetime": {"datetime": "2024-01-19 01:44:10", "elapsed": 5553.634363, "delta": 59.828731}}
{"target": -13.758537605671926, "params": {"gamma": 392.672470144115, "log10_alpha": -2.32802099066099, "log10_colsample_bytree": -0.9341712184449739, "log10_eta": -3.3776866777577097, "log10_lambda": -4.133289486703351, "log10_min_child_weight": 4.256161563507248, "log10_subsample": -0.47698827069029304, "max_depth": 2.0, "num_boost_round": 1.0}, "datetime": {"datetime": "2024-01-19 01:44:10", "elapsed": 5553.640537, "delta": 0.006174}}
{"target": -13.758539269781924, "params": {"gamma": 392.672470144115, "log10_alpha": -2.32802099066099, "log10_colsample_bytree": -0.9341712184449739, "log10_eta": -3.3776866777577097, "log10_lambda": -4.133289486703351, "log10_min_child_weight": 4.256161563507248, "log10_subsample": -0.47698827069029304, "max_depth": 2.0, "num_boost_round": 2.0}, "datetime": {"datetime": "2024-01-19 01:44:10", "elapsed": 5553.646404, "delta": 0.005867}}
{"target": -13.758541036276268, "params": {"gamma": 392.672470144115, "log10_alpha": -2.32802099066099, "log10_colsample_bytree": -0.9341712184449739, "log10_eta": -3.3776866777577097, "log10_lambda": -4.133289486703351, "log10_min_child_weight": 4.256161563507248, "log10_subsample": -0.47698827069029304, "max_depth": 2.0, "num_boost_round": 3.0}, "datetime": {"datetime": "2024-01-19 01:44:10", "elapsed": 5553.652444, "delta": 0.00604}}
{"target": -13.758541150324366, "params": {"gamma": 392.672470144115, "log10_alpha": -2.32802099066099, "log10_colsample_bytree": -0.9341712184449739, "log10_eta": -3.3776866777577097, "log10_lambda": -4.133289486703351, "log10_min_child_weight": 4.256161563507248, "log10_subsample": -0.47698827069029304, "max_depth": 2.0, "num_boost_round": 4.0}, "datetime": {"datetime": "2024-01-19 01:44:10", "elapsed": 5553.65831, "delta": 0.005866}}
{"target": -13.758539028754235, "params": {"gamma": 392.672470144115, "log10_alpha": -2.32802099066099, "log10_colsample_bytree": -0.9341712184449739, "log10_eta": -3.3776866777577097, "log10_lambda": -4.133289486703351, "log10_min_child_weight": 4.256161563507248, "log10_subsample": -0.47698827069029304, "max_depth": 2.0, "num_boost_round": 5.0}, "datetime": {"datetime": "2024-01-19 01:44:10", "elapsed": 5553.664208, "delta": 0.005898}}
{"target": -13.75853913363818, "params": {"gamma": 392.672470144115, "log10_alpha": -2.32802099066099, "log10_colsample_bytree": -0.9341712184449739, "log10_eta": -3.3776866777577097, "log10_lambda": -4.133289486703351, "log10_min_child_weight": 4.256161563507248, "log10_subsample": -0.47698827069029304, "max_depth": 2.0, "num_boost_round": 6.0}, "datetime": {"datetime": "2024-01-19 01:44:10", "elapsed": 5553.670324, "delta": 0.006116}}
{"target": -13.75853720221097, "params": {"gamma": 392.672470144115, "log10_alpha": -2.32802099066099, "log10_colsample_bytree": -0.9341712184449739, "log10_eta": -3.3776866777577097, "log10_lambda": -4.133289486703351, "log10_min_child_weight": 4.256161563507248, "log10_subsample": -0.47698827069029304, "max_depth": 2.0, "num_boost_round": 7.0}, "datetime": {"datetime": "2024-01-19 01:44:10", "elapsed": 5553.676401, "delta": 0.006077}}
{"target": -13.758539677173186, "params": {"gamma": 392.672470144115, "log10_alpha": -2.32802099066099, "log10_colsample_bytree": -0.9341712184449739, "log10_eta": -3.3776866777577097, "log10_lambda": -4.133289486703351, "log10_min_child_weight": 4.256161563507248, "log10_subsample": -0.47698827069029304, "max_depth": 2.0, "num_boost_round": 8.0}, "datetime": {"datetime": "2024-01-19 01:44:10", "elapsed": 5553.682546, "delta": 0.006145}}
{"target": -13.758537644973961, "params": {"gamma": 392.672470144115, "log10_alpha": -2.32802099066099, "log10_colsample_bytree": -0.9341712184449739, "log10_eta": -3.3776866777577097, "log10_lambda": -4.133289486703351, "log10_min_child_weight": 4.256161563507248, "log10_subsample": -0.47698827069029304, "max_depth": 2.0, "num_boost_round": 9.0}, "datetime": {"datetime": "2024-01-19 01:44:10", "elapsed": 5553.688404, "delta": 0.005858}}
{"target": -13.758536560645338, "params": {"gamma": 392.672470144115, "log10_alpha": -2.32802099066099, "log10_colsample_bytree": -0.9341712184449739, "log10_eta": -3.3776866777577097, "log10_lambda": -4.133289486703351, "log10_min_child_weight": 4.256161563507248, "log10_subsample": -0.47698827069029304, "max_depth": 2.0, "num_boost_round": 10.0}, "datetime": {"datetime": "2024-01-19 01:44:10", "elapsed": 5553.694422, "delta": 0.006018}}
{"target": -13.758536356781855, "params": {"gamma": 392.672470144115, "log10_alpha": -2.32802099066099, "log10_colsample_bytree": -0.9341712184449739, "log10_eta": -3.3776866777577097, "log10_lambda": -4.133289486703351, "log10_min_child_weight": 4.256161563507248, "log10_subsample": -0.47698827069029304, "max_depth": 2.0, "num_boost_round": 11.0}, "datetime": {"datetime": "2024-01-19 01:44:10", "elapsed": 5553.700505, "delta": 0.006083}}
{"target": -13.758536013679823, "params": {"gamma": 392.672470144115, "log10_alpha": -2.32802099066099, "log10_colsample_bytree": -0.9341712184449739, "log10_eta": -3.3776866777577097, "log10_lambda": -4.133289486703351, "log10_min_child_weight": 4.256161563507248, "log10_subsample": -0.47698827069029304, "max_depth": 2.0, "num_boost_round": 12.0}, "datetime": {"datetime": "2024-01-19 01:44:10", "elapsed": 5553.70655, "delta": 0.006045}}
