{"target": -17.677199720436345, "params": {"gamma": 55.231557749711556, "log10_alpha": -4.211419398823557, "log10_colsample_bytree": -0.7815039008094773, "log10_eta": -3.8929963881713494, "log10_lambda": -0.3806648362952165, "log10_min_child_weight": 2.953870881457415, "log10_subsample": -0.715898491804355, "max_depth": 5.0, "num_boost_round": 11.0}, "datetime": {"datetime": "2024-01-19 01:29:06", "elapsed": 4699.884572, "delta": 0.004021}}
{"target": -17.677198269452386, "params": {"gamma": 55.231557749711556, "log10_alpha": -4.211419398823557, "log10_colsample_bytree": -0.7815039008094773, "log10_eta": -3.8929963881713494, "log10_lambda": -0.3806648362952165, "log10_min_child_weight": 2.953870881457415, "log10_subsample": -0.715898491804355, "max_depth": 5.0, "num_boost_round": 12.0}, "datetime": {"datetime": "2024-01-19 01:29:06", "elapsed": 4699.888547, "delta": 0.003975}}
{"target": -17.67719008567953, "params": {"gamma": 55.231557749711556, "log10_alpha": -4.211419398823557, "log10_colsample_bytree": -0.7815039008094773, "log10_eta": -3.8929963881713494, "log10_lambda": -0.3806648362952165, "log10_min_child_weight": 2.953870881457415, "log10_subsample": -0.715898491804355, "max_depth": 5.0, "num_boost_round": 13.0}, "datetime": {"datetime": "2024-01-19 01:29:06", "elapsed": 4699.892391, "delta": 0.003844}}
{"target": -17.677188017490604, "params": {"gamma": 55.231557749711556, "log10_alpha": -4.211419398823557, "log10_colsample_bytree": -0.7815039008094773, "log10_eta": -3.8929963881713494, "log10_lambda": -0.3806648362952165, "log10_min_child_weight": 2.953870881457415, "log10_subsample": -0.715898491804355, "max_depth": 5.0, "num_boost_round": 14.0}, "datetime": {"datetime": "2024-01-19 01:29:06", "elapsed": 4699.896249, "delta": 0.003858}}
{"target": -17.67671321123106, "params": {"gamma": 47.13188764169751, "log10_alpha": -2.330949513920185, "log10_colsample_bytree": -0.19173675070786045, "log10_eta": -1.9373693398500444, "log10_lambda": 0.7855936102497667, "log10_min_child_weight": 1.8188651519626946, "log10_subsample": -0.6537412877128511, "max_depth": 3.0, "num_boost_round": 0.0}, "datetime": {"datetime": "2024-01-19 01:30:15", "elapsed": 4768.964469, "delta": 69.06822}}
{"target": -17.676039694119837, "params": {"gamma": 47.13188764169751, "log10_alpha": -2.330949513920185, "log10_colsample_bytree": -0.19173675070786045, "log10_eta": -1.9373693398500444, "log10_lambda": 0.7855936102497667, "log10_min_child_weight": 1.8188651519626946, "log10_subsample": -0.6537412877128511, "max_depth": 3.0, "num_boost_round": 1.0}, "datetime": {"datetime": "2024-01-19 01:30:15", "elapsed": 4768.968989, "delta": 0.00452}}
{"target": -17.675690242618096, "params": {"gamma": 47.13188764169751, "log10_alpha": -2.330949513920185, "log10_colsample_bytree": -0.19173675070786045, "log10_eta": -1.9373693398500444, "log10_lambda": 0.7855936102497667, "log10_min_child_weight": 1.8188651519626946, "log10_subsample": -0.6537412877128511, "max_depth": 3.0, "num_boost_round": 2.0}, "datetime": {"datetime": "2024-01-19 01:30:15", "elapsed": 4768.972965, "delta": 0.003976}}
{"target": -17.675385076595543, "params": {"gamma": 47.13188764169751, "log10_alpha": -2.330949513920185, "log10_colsample_bytree": -0.19173675070786045, "log10_eta": -1.9373693398500444, "log10_lambda": 0.7855936102497667, "log10_min_child_weight": 1.8188651519626946, "log10_subsample": -0.6537412877128511, "max_depth": 3.0, "num_boost_round": 3.0}, "datetime": {"datetime": "2024-01-19 01:30:15", "elapsed": 4768.976854, "delta": 0.003889}}
{"target": -17.67513275251248, "params": {"gamma": 47.13188764169751, "log10_alpha": -2.330949513920185, "log10_colsample_bytree": -0.19173675070786045, "log10_eta": -1.9373693398500444, "log10_lambda": 0.7855936102497667, "log10_min_child_weight": 1.8188651519626946, "log10_subsample": -0.6537412877128511, "max_depth": 3.0, "num_boost_round": 4.0}, "datetime": {"datetime": "2024-01-19 01:30:15", "elapsed": 4768.980584, "delta": 0.00373}}
{"target": -17.674906261080423, "params": {"gamma": 47.13188764169751, "log10_alpha": -2.330949513920185, "log10_colsample_bytree": -0.19173675070786045, "log10_eta": -1.9373693398500444, "log10_lambda": 0.7855936102497667, "log10_min_child_weight": 1.8188651519626946, "log10_subsample": -0.6537412877128511, "max_depth": 3.0, "num_boost_round": 5.0}, "datetime": {"datetime": "2024-01-19 01:30:15", "elapsed": 4768.984645, "delta": 0.004061}}
{"target": -17.674658515550377, "params": {"gamma": 47.13188764169751, "log10_alpha": -2.330949513920185, "log10_colsample_bytree": -0.19173675070786045, "log10_eta": -1.9373693398500444, "log10_lambda": 0.7855936102497667, "log10_min_child_weight": 1.8188651519626946, "log10_subsample": -0.6537412877128511, "max_depth": 3.0, "num_boost_round": 6.0}, "datetime": {"datetime": "2024-01-19 01:30:15", "elapsed": 4768.98856, "delta": 0.003915}}
{"target": -17.674418323200854, "params": {"gamma": 47.13188764169751, "log10_alpha": -2.330949513920185, "log10_colsample_bytree": -0.19173675070786045, "log10_eta": -1.9373693398500444, "log10_lambda": 0.7855936102497667, "log10_min_child_weight": 1.8188651519626946, "log10_subsample": -0.6537412877128511, "max_depth": 3.0, "num_boost_round": 7.0}, "datetime": {"datetime": "2024-01-19 01:30:15", "elapsed": 4768.99253, "delta": 0.00397}}
{"target": -17.673998567703116, "params": {"gamma": 47.13188764169751, "log10_alpha": -2.330949513920185, "log10_colsample_bytree": -0.19173675070786045, "log10_eta": -1.9373693398500444, "log10_lambda": 0.7855936102497667, "log10_min_child_weight": 1.8188651519626946, "log10_subsample": -0.6537412877128511, "max_depth": 3.0, "num_boost_round": 8.0}, "datetime": {"datetime": "2024-01-19 01:30:15", "elapsed": 4768.996297, "delta": 0.003767}}
{"target": -17.673797734142415, "params": {"gamma": 47.13188764169751, "log10_alpha": -2.330949513920185, "log10_colsample_bytree": -0.19173675070786045, "log10_eta": -1.9373693398500444, "log10_lambda": 0.7855936102497667, "log10_min_child_weight": 1.8188651519626946, "log10_subsample": -0.6537412877128511, "max_depth": 3.0, "num_boost_round": 9.0}, "datetime": {"datetime": "2024-01-19 01:30:15", "elapsed": 4769.000133, "delta": 0.003836}}
{"target": -17.673682647893248, "params": {"gamma": 47.13188764169751, "log10_alpha": -2.330949513920185, "log10_colsample_bytree": -0.19173675070786045, "log10_eta": -1.9373693398500444, "log10_lambda": 0.7855936102497667, "log10_min_child_weight": 1.8188651519626946, "log10_subsample": -0.6537412877128511, "max_depth": 3.0, "num_boost_round": 10.0}, "datetime": {"datetime": "2024-01-19 01:30:15", "elapsed": 4769.004055, "delta": 0.003922}}
{"target": -17.673379422073943, "params": {"gamma": 47.13188764169751, "log10_alpha": -2.330949513920185, "log10_colsample_bytree": -0.19173675070786045, "log10_eta": -1.9373693398500444, "log10_lambda": 0.7855936102497667, "log10_min_child_weight": 1.8188651519626946, "log10_subsample": -0.6537412877128511, "max_depth": 3.0, "num_boost_round": 11.0}, "datetime": {"datetime": "2024-01-19 01:30:15", "elapsed": 4769.008343, "delta": 0.004288}}
{"target": -17.673271122883857, "params": {"gamma": 47.13188764169751, "log10_alpha": -2.330949513920185, "log10_colsample_bytree": -0.19173675070786045, "log10_eta": -1.9373693398500444, "log10_lambda": 0.7855936102497667, "log10_min_child_weight": 1.8188651519626946, "log10_subsample": -0.6537412877128511, "max_depth": 3.0, "num_boost_round": 12.0}, "datetime": {"datetime": "2024-01-19 01:30:15", "elapsed": 4769.012792, "delta": 0.004449}}
{"target": -17.673167779931433, "params": {"gamma": 47.13188764169751, "log10_alpha": -2.330949513920185, "log10_colsample_bytree": -0.19173675070786045, "log10_eta": -1.9373693398500444, "log10_lambda": 0.7855936102497667, "log10_min_child_weight": 1.8188651519626946, "log10_subsample": -0.6537412877128511, "max_depth": 3.0, "num_boost_round": 13.0}, "datetime": {"datetime": "2024-01-19 01:30:15", "elapsed": 4769.016935, "delta": 0.004143}}
{"target": -17.673192805030343, "params": {"gamma": 47.13188764169751, "log10_alpha": -2.330949513920185, "log10_colsample_bytree": -0.19173675070786045, "log10_eta": -1.9373693398500444, "log10_lambda": 0.7855936102497667, "log10_min_child_weight": 1.8188651519626946, "log10_subsample": -0.6537412877128511, "max_depth": 3.0, "num_boost_round": 14.0}, "datetime": {"datetime": "2024-01-19 01:30:15", "elapsed": 4769.020964, "delta": 0.004029}}
{"target": -17.6729002265983, "params": {"gamma": 47.13188764169751, "log10_alpha": -2.330949513920185, "log10_colsample_bytree": -0.19173675070786045, "log10_eta": -1.9373693398500444, "log10_lambda": 0.7855936102497667, "log10_min_child_weight": 1.8188651519626946, "log10_subsample": -0.6537412877128511, "max_depth": 3.0, "num_boost_round": 15.0}, "datetime": {"datetime": "2024-01-19 01:30:15", "elapsed": 4769.025113, "delta": 0.004149}}
{"target": -17.672646919414937, "params": {"gamma": 47.13188764169751, "log10_alpha": -2.330949513920185, "log10_colsample_bytree": -0.19173675070786045, "log10_eta": -1.9373693398500444, "log10_lambda": 0.7855936102497667, "log10_min_child_weight": 1.8188651519626946, "log10_subsample": -0.6537412877128511, "max_depth": 3.0, "num_boost_round": 16.0}, "datetime": {"datetime": "2024-01-19 01:30:15", "elapsed": 4769.029112, "delta": 0.003999}}
{"target": -17.67247292176405, "params": {"gamma": 47.13188764169751, "log10_alpha": -2.330949513920185, "log10_colsample_bytree": -0.19173675070786045, "log10_eta": -1.9373693398500444, "log10_lambda": 0.7855936102497667, "log10_min_child_weight": 1.8188651519626946, "log10_subsample": -0.6537412877128511, "max_depth": 3.0, "num_boost_round": 17.0}, "datetime": {"datetime": "2024-01-19 01:30:15", "elapsed": 4769.032969, "delta": 0.003857}}
{"target": -17.672399712687856, "params": {"gamma": 47.13188764169751, "log10_alpha": -2.330949513920185, "log10_colsample_bytree": -0.19173675070786045, "log10_eta": -1.9373693398500444, "log10_lambda": 0.7855936102497667, "log10_min_child_weight": 1.8188651519626946, "log10_subsample": -0.6537412877128511, "max_depth": 3.0, "num_boost_round": 18.0}, "datetime": {"datetime": "2024-01-19 01:30:15", "elapsed": 4769.036811, "delta": 0.003842}}
{"target": -17.67226826749066, "params": {"gamma": 47.13188764169751, "log10_alpha": -2.330949513920185, "log10_colsample_bytree": -0.19173675070786045, "log10_eta": -1.9373693398500444, "log10_lambda": 0.7855936102497667, "log10_min_child_weight": 1.8188651519626946, "log10_subsample": -0.6537412877128511, "max_depth": 3.0, "num_boost_round": 19.0}, "datetime": {"datetime": "2024-01-19 01:30:15", "elapsed": 4769.040663, "delta": 0.003852}}
{"target": -17.672096933735407, "params": {"gamma": 47.13188764169751, "log10_alpha": -2.330949513920185, "log10_colsample_bytree": -0.19173675070786045, "log10_eta": -1.9373693398500444, "log10_lambda": 0.7855936102497667, "log10_min_child_weight": 1.8188651519626946, "log10_subsample": -0.6537412877128511, "max_depth": 3.0, "num_boost_round": 20.0}, "datetime": {"datetime": "2024-01-19 01:30:15", "elapsed": 4769.044617, "delta": 0.003954}}
{"target": -17.672018954085896, "params": {"gamma": 47.13188764169751, "log10_alpha": -2.330949513920185, "log10_colsample_bytree": -0.19173675070786045, "log10_eta": -1.9373693398500444, "log10_lambda": 0.7855936102497667, "log10_min_child_weight": 1.8188651519626946, "log10_subsample": -0.6537412877128511, "max_depth": 3.0, "num_boost_round": 21.0}, "datetime": {"datetime": "2024-01-19 01:30:15", "elapsed": 4769.048426, "delta": 0.003809}}
{"target": -17.671673312387732, "params": {"gamma": 47.13188764169751, "log10_alpha": -2.330949513920185, "log10_colsample_bytree": -0.19173675070786045, "log10_eta": -1.9373693398500444, "log10_lambda": 0.7855936102497667, "log10_min_child_weight": 1.8188651519626946, "log10_subsample": -0.6537412877128511, "max_depth": 3.0, "num_boost_round": 22.0}, "datetime": {"datetime": "2024-01-19 01:30:15", "elapsed": 4769.052412, "delta": 0.003986}}
{"target": -17.67100552113258, "params": {"gamma": 47.13188764169751, "log10_alpha": -2.330949513920185, "log10_colsample_bytree": -0.19173675070786045, "log10_eta": -1.9373693398500444, "log10_lambda": 0.7855936102497667, "log10_min_child_weight": 1.8188651519626946, "log10_subsample": -0.6537412877128511, "max_depth": 3.0, "num_boost_round": 23.0}, "datetime": {"datetime": "2024-01-19 01:30:15", "elapsed": 4769.05626, "delta": 0.003848}}
{"target": -17.670727576735125, "params": {"gamma": 47.13188764169751, "log10_alpha": -2.330949513920185, "log10_colsample_bytree": -0.19173675070786045, "log10_eta": -1.9373693398500444, "log10_lambda": 0.7855936102497667, "log10_min_child_weight": 1.8188651519626946, "log10_subsample": -0.6537412877128511, "max_depth": 3.0, "num_boost_round": 24.0}, "datetime": {"datetime": "2024-01-19 01:30:15", "elapsed": 4769.060133, "delta": 0.003873}}
{"target": -17.67073074286267, "params": {"gamma": 47.13188764169751, "log10_alpha": -2.330949513920185, "log10_colsample_bytree": -0.19173675070786045, "log10_eta": -1.9373693398500444, "log10_lambda": 0.7855936102497667, "log10_min_child_weight": 1.8188651519626946, "log10_subsample": -0.6537412877128511, "max_depth": 3.0, "num_boost_round": 25.0}, "datetime": {"datetime": "2024-01-19 01:30:15", "elapsed": 4769.064168, "delta": 0.004035}}
{"target": -17.670802774343404, "params": {"gamma": 47.13188764169751, "log10_alpha": -2.330949513920185, "log10_colsample_bytree": -0.19173675070786045, "log10_eta": -1.9373693398500444, "log10_lambda": 0.7855936102497667, "log10_min_child_weight": 1.8188651519626946, "log10_subsample": -0.6537412877128511, "max_depth": 3.0, "num_boost_round": 26.0}, "datetime": {"datetime": "2024-01-19 01:30:15", "elapsed": 4769.067962, "delta": 0.003794}}
{"target": -17.670906558114797, "params": {"gamma": 47.13188764169751, "log10_alpha": -2.330949513920185, "log10_colsample_bytree": -0.19173675070786045, "log10_eta": -1.9373693398500444, "log10_lambda": 0.7855936102497667, "log10_min_child_weight": 1.8188651519626946, "log10_subsample": -0.6537412877128511, "max_depth": 3.0, "num_boost_round": 27.0}, "datetime": {"datetime": "2024-01-19 01:30:15", "elapsed": 4769.07183, "delta": 0.003868}}
{"target": -17.670880942338187, "params": {"gamma": 47.13188764169751, "log10_alpha": -2.330949513920185, "log10_colsample_bytree": -0.19173675070786045, "log10_eta": -1.9373693398500444, "log10_lambda": 0.7855936102497667, "log10_min_child_weight": 1.8188651519626946, "log10_subsample": -0.6537412877128511, "max_depth": 3.0, "num_boost_round": 28.0}, "datetime": {"datetime": "2024-01-19 01:30:15", "elapsed": 4769.076509, "delta": 0.004679}}
{"target": -17.67055205132795, "params": {"gamma": 47.13188764169751, "log10_alpha": -2.330949513920185, "log10_colsample_bytree": -0.19173675070786045, "log10_eta": -1.9373693398500444, "log10_lambda": 0.7855936102497667, "log10_min_child_weight": 1.8188651519626946, "log10_subsample": -0.6537412877128511, "max_depth": 3.0, "num_boost_round": 29.0}, "datetime": {"datetime": "2024-01-19 01:30:15", "elapsed": 4769.080471, "delta": 0.003962}}
{"target": -17.6706184426546, "params": {"gamma": 47.13188764169751, "log10_alpha": -2.330949513920185, "log10_colsample_bytree": -0.19173675070786045, "log10_eta": -1.9373693398500444, "log10_lambda": 0.7855936102497667, "log10_min_child_weight": 1.8188651519626946, "log10_subsample": -0.6537412877128511, "max_depth": 3.0, "num_boost_round": 30.0}, "datetime": {"datetime": "2024-01-19 01:30:15", "elapsed": 4769.084406, "delta": 0.003935}}
{"target": -17.670710113048266, "params": {"gamma": 47.13188764169751, "log10_alpha": -2.330949513920185, "log10_colsample_bytree": -0.19173675070786045, "log10_eta": -1.9373693398500444, "log10_lambda": 0.7855936102497667, "log10_min_child_weight": 1.8188651519626946, "log10_subsample": -0.6537412877128511, "max_depth": 3.0, "num_boost_round": 31.0}, "datetime": {"datetime": "2024-01-19 01:30:15", "elapsed": 4769.088291, "delta": 0.003885}}
{"target": -17.6710088974565, "params": {"gamma": 47.13188764169751, "log10_alpha": -2.330949513920185, "log10_colsample_bytree": -0.19173675070786045, "log10_eta": -1.9373693398500444, "log10_lambda": 0.7855936102497667, "log10_min_child_weight": 1.8188651519626946, "log10_subsample": -0.6537412877128511, "max_depth": 3.0, "num_boost_round": 32.0}, "datetime": {"datetime": "2024-01-19 01:30:15", "elapsed": 4769.092164, "delta": 0.003873}}
{"target": -17.671302462747402, "params": {"gamma": 47.13188764169751, "log10_alpha": -2.330949513920185, "log10_colsample_bytree": -0.19173675070786045, "log10_eta": -1.9373693398500444, "log10_lambda": 0.7855936102497667, "log10_min_child_weight": 1.8188651519626946, "log10_subsample": -0.6537412877128511, "max_depth": 3.0, "num_boost_round": 33.0}, "datetime": {"datetime": "2024-01-19 01:30:15", "elapsed": 4769.096041, "delta": 0.003877}}
{"target": -17.67122500794069, "params": {"gamma": 47.13188764169751, "log10_alpha": -2.330949513920185, "log10_colsample_bytree": -0.19173675070786045, "log10_eta": -1.9373693398500444, "log10_lambda": 0.7855936102497667, "log10_min_child_weight": 1.8188651519626946, "log10_subsample": -0.6537412877128511, "max_depth": 3.0, "num_boost_round": 34.0}, "datetime": {"datetime": "2024-01-19 01:30:15", "elapsed": 4769.09999, "delta": 0.003949}}
{"target": -17.671307049342783, "params": {"gamma": 47.13188764169751, "log10_alpha": -2.330949513920185, "log10_colsample_bytree": -0.19173675070786045, "log10_eta": -1.9373693398500444, "log10_lambda": 0.7855936102497667, "log10_min_child_weight": 1.8188651519626946, "log10_subsample": -0.6537412877128511, "max_depth": 3.0, "num_boost_round": 35.0}, "datetime": {"datetime": "2024-01-19 01:30:15", "elapsed": 4769.103869, "delta": 0.003879}}
{"target": -17.67123875283304, "params": {"gamma": 47.13188764169751, "log10_alpha": -2.330949513920185, "log10_colsample_bytree": -0.19173675070786045, "log10_eta": -1.9373693398500444, "log10_lambda": 0.7855936102497667, "log10_min_child_weight": 1.8188651519626946, "log10_subsample": -0.6537412877128511, "max_depth": 3.0, "num_boost_round": 36.0}, "datetime": {"datetime": "2024-01-19 01:30:15", "elapsed": 4769.107725, "delta": 0.003856}}
{"target": -17.671247571920098, "params": {"gamma": 47.13188764169751, "log10_alpha": -2.330949513920185, "log10_colsample_bytree": -0.19173675070786045, "log10_eta": -1.9373693398500444, "log10_lambda": 0.7855936102497667, "log10_min_child_weight": 1.8188651519626946, "log10_subsample": -0.6537412877128511, "max_depth": 3.0, "num_boost_round": 37.0}, "datetime": {"datetime": "2024-01-19 01:30:15", "elapsed": 4769.112533, "delta": 0.004808}}
{"target": -17.671663116976013, "params": {"gamma": 47.13188764169751, "log10_alpha": -2.330949513920185, "log10_colsample_bytree": -0.19173675070786045, "log10_eta": -1.9373693398500444, "log10_lambda": 0.7855936102497667, "log10_min_child_weight": 1.8188651519626946, "log10_subsample": -0.6537412877128511, "max_depth": 3.0, "num_boost_round": 38.0}, "datetime": {"datetime": "2024-01-19 01:30:15", "elapsed": 4769.116639, "delta": 0.004106}}
{"target": -17.671844253416815, "params": {"gamma": 47.13188764169751, "log10_alpha": -2.330949513920185, "log10_colsample_bytree": -0.19173675070786045, "log10_eta": -1.9373693398500444, "log10_lambda": 0.7855936102497667, "log10_min_child_weight": 1.8188651519626946, "log10_subsample": -0.6537412877128511, "max_depth": 3.0, "num_boost_round": 39.0}, "datetime": {"datetime": "2024-01-19 01:30:15", "elapsed": 4769.121517, "delta": 0.004878}}
{"target": -17.671894653048987, "params": {"gamma": 47.13188764169751, "log10_alpha": -2.330949513920185, "log10_colsample_bytree": -0.19173675070786045, "log10_eta": -1.9373693398500444, "log10_lambda": 0.7855936102497667, "log10_min_child_weight": 1.8188651519626946, "log10_subsample": -0.6537412877128511, "max_depth": 3.0, "num_boost_round": 40.0}, "datetime": {"datetime": "2024-01-19 01:30:15", "elapsed": 4769.126304, "delta": 0.004787}}
{"target": -17.671873924256992, "params": {"gamma": 47.13188764169751, "log10_alpha": -2.330949513920185, "log10_colsample_bytree": -0.19173675070786045, "log10_eta": -1.9373693398500444, "log10_lambda": 0.7855936102497667, "log10_min_child_weight": 1.8188651519626946, "log10_subsample": -0.6537412877128511, "max_depth": 3.0, "num_boost_round": 41.0}, "datetime": {"datetime": "2024-01-19 01:30:15", "elapsed": 4769.130397, "delta": 0.004093}}
{"target": -17.67184459915993, "params": {"gamma": 47.13188764169751, "log10_alpha": -2.330949513920185, "log10_colsample_bytree": -0.19173675070786045, "log10_eta": -1.9373693398500444, "log10_lambda": 0.7855936102497667, "log10_min_child_weight": 1.8188651519626946, "log10_subsample": -0.6537412877128511, "max_depth": 3.0, "num_boost_round": 42.0}, "datetime": {"datetime": "2024-01-19 01:30:15", "elapsed": 4769.1343, "delta": 0.003903}}
{"target": -17.67723076050642, "params": {"gamma": 52.138722906469816, "log10_alpha": -0.7605051054888232, "log10_colsample_bytree": -0.8314853834584469, "log10_eta": -3.954135459379096, "log10_lambda": 0.9340602195818466, "log10_min_child_weight": 3.83054099665217, "log10_subsample": -0.04449739947088904, "max_depth": 8.0, "num_boost_round": 0.0}, "datetime": {"datetime": "2024-01-19 01:31:16", "elapsed": 4829.977959, "delta": 60.843659}}
{"target": -17.677230323618044, "params": {"gamma": 52.138722906469816, "log10_alpha": -0.7605051054888232, "log10_colsample_bytree": -0.8314853834584469, "log10_eta": -3.954135459379096, "log10_lambda": 0.9340602195818466, "log10_min_child_weight": 3.83054099665217, "log10_subsample": -0.04449739947088904, "max_depth": 8.0, "num_boost_round": 1.0}, "datetime": {"datetime": "2024-01-19 01:31:16", "elapsed": 4829.982494, "delta": 0.004535}}
