{"target": -17.910813852772087, "params": {"gamma": 529.201800447278, "log10_alpha": -2.813473171524941, "log10_colsample_bytree": -0.7972653485913407, "log10_eta": -0.26993624607948075, "log10_lambda": 0.52647933288962, "log10_min_child_weight": 2.793449313689345, "log10_subsample": -0.9981352568939243, "max_depth": 5.0, "num_boost_round": 13.0}, "datetime": {"datetime": "2024-01-19 00:20:26", "elapsed": 523.80236, "delta": 0.000835}}
{"target": -17.934244352842097, "params": {"gamma": 529.201800447278, "log10_alpha": -2.813473171524941, "log10_colsample_bytree": -0.7972653485913407, "log10_eta": -0.26993624607948075, "log10_lambda": 0.52647933288962, "log10_min_child_weight": 2.793449313689345, "log10_subsample": -0.9981352568939243, "max_depth": 5.0, "num_boost_round": 14.0}, "datetime": {"datetime": "2024-01-19 00:20:26", "elapsed": 523.803189, "delta": 0.000829}}
{"target": -17.939616779775648, "params": {"gamma": 529.201800447278, "log10_alpha": -2.813473171524941, "log10_colsample_bytree": -0.7972653485913407, "log10_eta": -0.26993624607948075, "log10_lambda": 0.52647933288962, "log10_min_child_weight": 2.793449313689345, "log10_subsample": -0.9981352568939243, "max_depth": 5.0, "num_boost_round": 15.0}, "datetime": {"datetime": "2024-01-19 00:20:26", "elapsed": 523.804022, "delta": 0.000833}}
{"target": -17.93889017442088, "params": {"gamma": 529.201800447278, "log10_alpha": -2.813473171524941, "log10_colsample_bytree": -0.7972653485913407, "log10_eta": -0.26993624607948075, "log10_lambda": 0.52647933288962, "log10_min_child_weight": 2.793449313689345, "log10_subsample": -0.9981352568939243, "max_depth": 5.0, "num_boost_round": 16.0}, "datetime": {"datetime": "2024-01-19 00:20:26", "elapsed": 523.804855, "delta": 0.000833}}
{"target": -17.954989707061827, "params": {"gamma": 529.201800447278, "log10_alpha": -2.813473171524941, "log10_colsample_bytree": -0.7972653485913407, "log10_eta": -0.26993624607948075, "log10_lambda": 0.52647933288962, "log10_min_child_weight": 2.793449313689345, "log10_subsample": -0.9981352568939243, "max_depth": 5.0, "num_boost_round": 17.0}, "datetime": {"datetime": "2024-01-19 00:20:26", "elapsed": 523.805687, "delta": 0.000832}}
{"target": -17.957719348447224, "params": {"gamma": 529.201800447278, "log10_alpha": -2.813473171524941, "log10_colsample_bytree": -0.7972653485913407, "log10_eta": -0.26993624607948075, "log10_lambda": 0.52647933288962, "log10_min_child_weight": 2.793449313689345, "log10_subsample": -0.9981352568939243, "max_depth": 5.0, "num_boost_round": 18.0}, "datetime": {"datetime": "2024-01-19 00:20:26", "elapsed": 523.806523, "delta": 0.000836}}
{"target": -17.978692692498935, "params": {"gamma": 529.201800447278, "log10_alpha": -2.813473171524941, "log10_colsample_bytree": -0.7972653485913407, "log10_eta": -0.26993624607948075, "log10_lambda": 0.52647933288962, "log10_min_child_weight": 2.793449313689345, "log10_subsample": -0.9981352568939243, "max_depth": 5.0, "num_boost_round": 19.0}, "datetime": {"datetime": "2024-01-19 00:20:26", "elapsed": 523.807362, "delta": 0.000839}}
{"target": -17.99160639081053, "params": {"gamma": 529.201800447278, "log10_alpha": -2.813473171524941, "log10_colsample_bytree": -0.7972653485913407, "log10_eta": -0.26993624607948075, "log10_lambda": 0.52647933288962, "log10_min_child_weight": 2.793449313689345, "log10_subsample": -0.9981352568939243, "max_depth": 5.0, "num_boost_round": 20.0}, "datetime": {"datetime": "2024-01-19 00:20:26", "elapsed": 523.808198, "delta": 0.000836}}
{"target": -18.00762794404563, "params": {"gamma": 529.201800447278, "log10_alpha": -2.813473171524941, "log10_colsample_bytree": -0.7972653485913407, "log10_eta": -0.26993624607948075, "log10_lambda": 0.52647933288962, "log10_min_child_weight": 2.793449313689345, "log10_subsample": -0.9981352568939243, "max_depth": 5.0, "num_boost_round": 21.0}, "datetime": {"datetime": "2024-01-19 00:20:26", "elapsed": 523.809045, "delta": 0.000847}}
{"target": -18.01177179233766, "params": {"gamma": 529.201800447278, "log10_alpha": -2.813473171524941, "log10_colsample_bytree": -0.7972653485913407, "log10_eta": -0.26993624607948075, "log10_lambda": 0.52647933288962, "log10_min_child_weight": 2.793449313689345, "log10_subsample": -0.9981352568939243, "max_depth": 5.0, "num_boost_round": 22.0}, "datetime": {"datetime": "2024-01-19 00:20:26", "elapsed": 523.80999, "delta": 0.000945}}
{"target": -18.03887537392226, "params": {"gamma": 529.201800447278, "log10_alpha": -2.813473171524941, "log10_colsample_bytree": -0.7972653485913407, "log10_eta": -0.26993624607948075, "log10_lambda": 0.52647933288962, "log10_min_child_weight": 2.793449313689345, "log10_subsample": -0.9981352568939243, "max_depth": 5.0, "num_boost_round": 23.0}, "datetime": {"datetime": "2024-01-19 00:20:26", "elapsed": 523.810833, "delta": 0.000843}}
{"target": -18.06478663669257, "params": {"gamma": 529.201800447278, "log10_alpha": -2.813473171524941, "log10_colsample_bytree": -0.7972653485913407, "log10_eta": -0.26993624607948075, "log10_lambda": 0.52647933288962, "log10_min_child_weight": 2.793449313689345, "log10_subsample": -0.9981352568939243, "max_depth": 5.0, "num_boost_round": 24.0}, "datetime": {"datetime": "2024-01-19 00:20:26", "elapsed": 523.811663, "delta": 0.00083}}
{"target": -18.061314632985173, "params": {"gamma": 529.201800447278, "log10_alpha": -2.813473171524941, "log10_colsample_bytree": -0.7972653485913407, "log10_eta": -0.26993624607948075, "log10_lambda": 0.52647933288962, "log10_min_child_weight": 2.793449313689345, "log10_subsample": -0.9981352568939243, "max_depth": 5.0, "num_boost_round": 25.0}, "datetime": {"datetime": "2024-01-19 00:20:26", "elapsed": 523.812546, "delta": 0.000883}}
{"target": -18.08617828234222, "params": {"gamma": 529.201800447278, "log10_alpha": -2.813473171524941, "log10_colsample_bytree": -0.7972653485913407, "log10_eta": -0.26993624607948075, "log10_lambda": 0.52647933288962, "log10_min_child_weight": 2.793449313689345, "log10_subsample": -0.9981352568939243, "max_depth": 5.0, "num_boost_round": 26.0}, "datetime": {"datetime": "2024-01-19 00:20:26", "elapsed": 523.813389, "delta": 0.000843}}
{"target": -18.095556576115275, "params": {"gamma": 529.201800447278, "log10_alpha": -2.813473171524941, "log10_colsample_bytree": -0.7972653485913407, "log10_eta": -0.26993624607948075, "log10_lambda": 0.52647933288962, "log10_min_child_weight": 2.793449313689345, "log10_subsample": -0.9981352568939243, "max_depth": 5.0, "num_boost_round": 27.0}, "datetime": {"datetime": "2024-01-19 00:20:26", "elapsed": 523.814232, "delta": 0.000843}}
{"target": -18.120944905692273, "params": {"gamma": 529.201800447278, "log10_alpha": -2.813473171524941, "log10_colsample_bytree": -0.7972653485913407, "log10_eta": -0.26993624607948075, "log10_lambda": 0.52647933288962, "log10_min_child_weight": 2.793449313689345, "log10_subsample": -0.9981352568939243, "max_depth": 5.0, "num_boost_round": 28.0}, "datetime": {"datetime": "2024-01-19 00:20:26", "elapsed": 523.815073, "delta": 0.000841}}
{"target": -17.677229130633386, "params": {"gamma": 554.5142521268582, "log10_alpha": -1.2955439887089044, "log10_colsample_bytree": -0.6052502319696967, "log10_eta": -3.8481018788720784, "log10_lambda": -1.1692824936259738, "log10_min_child_weight": 3.7704473199550446, "log10_subsample": -0.179299221989902, "max_depth": 5.0, "num_boost_round": 0.0}, "datetime": {"datetime": "2024-01-19 00:20:45", "elapsed": 542.986726, "delta": 19.171653}}
{"target": -17.677229457912823, "params": {"gamma": 554.5142521268582, "log10_alpha": -1.2955439887089044, "log10_colsample_bytree": -0.6052502319696967, "log10_eta": -3.8481018788720784, "log10_lambda": -1.1692824936259738, "log10_min_child_weight": 3.7704473199550446, "log10_subsample": -0.179299221989902, "max_depth": 5.0, "num_boost_round": 1.0}, "datetime": {"datetime": "2024-01-19 00:20:45", "elapsed": 542.987966, "delta": 0.00124}}
{"target": -17.67722725703094, "params": {"gamma": 554.5142521268582, "log10_alpha": -1.2955439887089044, "log10_colsample_bytree": -0.6052502319696967, "log10_eta": -3.8481018788720784, "log10_lambda": -1.1692824936259738, "log10_min_child_weight": 3.7704473199550446, "log10_subsample": -0.179299221989902, "max_depth": 5.0, "num_boost_round": 2.0}, "datetime": {"datetime": "2024-01-19 00:20:45", "elapsed": 542.989004, "delta": 0.001038}}
{"target": -17.67722648939787, "params": {"gamma": 554.5142521268582, "log10_alpha": -1.2955439887089044, "log10_colsample_bytree": -0.6052502319696967, "log10_eta": -3.8481018788720784, "log10_lambda": -1.1692824936259738, "log10_min_child_weight": 3.7704473199550446, "log10_subsample": -0.179299221989902, "max_depth": 5.0, "num_boost_round": 3.0}, "datetime": {"datetime": "2024-01-19 00:20:45", "elapsed": 542.990461, "delta": 0.001457}}
{"target": -17.677220088608518, "params": {"gamma": 554.5142521268582, "log10_alpha": -1.2955439887089044, "log10_colsample_bytree": -0.6052502319696967, "log10_eta": -3.8481018788720784, "log10_lambda": -1.1692824936259738, "log10_min_child_weight": 3.7704473199550446, "log10_subsample": -0.179299221989902, "max_depth": 5.0, "num_boost_round": 4.0}, "datetime": {"datetime": "2024-01-19 00:20:45", "elapsed": 542.99133, "delta": 0.000869}}
{"target": -17.67721678256788, "params": {"gamma": 554.5142521268582, "log10_alpha": -1.2955439887089044, "log10_colsample_bytree": -0.6052502319696967, "log10_eta": -3.8481018788720784, "log10_lambda": -1.1692824936259738, "log10_min_child_weight": 3.7704473199550446, "log10_subsample": -0.179299221989902, "max_depth": 5.0, "num_boost_round": 5.0}, "datetime": {"datetime": "2024-01-19 00:20:45", "elapsed": 542.992338, "delta": 0.001008}}
{"target": -17.677214435045315, "params": {"gamma": 554.5142521268582, "log10_alpha": -1.2955439887089044, "log10_colsample_bytree": -0.6052502319696967, "log10_eta": -3.8481018788720784, "log10_lambda": -1.1692824936259738, "log10_min_child_weight": 3.7704473199550446, "log10_subsample": -0.179299221989902, "max_depth": 5.0, "num_boost_round": 6.0}, "datetime": {"datetime": "2024-01-19 00:20:45", "elapsed": 542.993209, "delta": 0.000871}}
{"target": -17.67721137521609, "params": {"gamma": 554.5142521268582, "log10_alpha": -1.2955439887089044, "log10_colsample_bytree": -0.6052502319696967, "log10_eta": -3.8481018788720784, "log10_lambda": -1.1692824936259738, "log10_min_child_weight": 3.7704473199550446, "log10_subsample": -0.179299221989902, "max_depth": 5.0, "num_boost_round": 7.0}, "datetime": {"datetime": "2024-01-19 00:20:45", "elapsed": 542.994067, "delta": 0.000858}}
{"target": -17.677206025142958, "params": {"gamma": 554.5142521268582, "log10_alpha": -1.2955439887089044, "log10_colsample_bytree": -0.6052502319696967, "log10_eta": -3.8481018788720784, "log10_lambda": -1.1692824936259738, "log10_min_child_weight": 3.7704473199550446, "log10_subsample": -0.179299221989902, "max_depth": 5.0, "num_boost_round": 8.0}, "datetime": {"datetime": "2024-01-19 00:20:45", "elapsed": 542.994927, "delta": 0.00086}}
{"target": -17.67720347425952, "params": {"gamma": 554.5142521268582, "log10_alpha": -1.2955439887089044, "log10_colsample_bytree": -0.6052502319696967, "log10_eta": -3.8481018788720784, "log10_lambda": -1.1692824936259738, "log10_min_child_weight": 3.7704473199550446, "log10_subsample": -0.179299221989902, "max_depth": 5.0, "num_boost_round": 9.0}, "datetime": {"datetime": "2024-01-19 00:20:45", "elapsed": 542.995781, "delta": 0.000854}}
{"target": -17.67720024713297, "params": {"gamma": 554.5142521268582, "log10_alpha": -1.2955439887089044, "log10_colsample_bytree": -0.6052502319696967, "log10_eta": -3.8481018788720784, "log10_lambda": -1.1692824936259738, "log10_min_child_weight": 3.7704473199550446, "log10_subsample": -0.179299221989902, "max_depth": 5.0, "num_boost_round": 10.0}, "datetime": {"datetime": "2024-01-19 00:20:45", "elapsed": 542.996669, "delta": 0.000888}}
{"target": -17.677200285261346, "params": {"gamma": 554.5142521268582, "log10_alpha": -1.2955439887089044, "log10_colsample_bytree": -0.6052502319696967, "log10_eta": -3.8481018788720784, "log10_lambda": -1.1692824936259738, "log10_min_child_weight": 3.7704473199550446, "log10_subsample": -0.179299221989902, "max_depth": 5.0, "num_boost_round": 11.0}, "datetime": {"datetime": "2024-01-19 00:20:45", "elapsed": 542.997528, "delta": 0.000859}}
{"target": -17.67721297425105, "params": {"gamma": 537.6350009294431, "log10_alpha": -0.4690027640217034, "log10_colsample_bytree": -0.8930877942941445, "log10_eta": -2.3570636028236303, "log10_lambda": -1.9781645796679568, "log10_min_child_weight": 4.995356652760662, "log10_subsample": -0.8370649129864471, "max_depth": 4.0, "num_boost_round": 0.0}, "datetime": {"datetime": "2024-01-19 00:21:05", "elapsed": 562.735502, "delta": 19.737974}}
{"target": -17.67717169404306, "params": {"gamma": 537.6350009294431, "log10_alpha": -0.4690027640217034, "log10_colsample_bytree": -0.8930877942941445, "log10_eta": -2.3570636028236303, "log10_lambda": -1.9781645796679568, "log10_min_child_weight": 4.995356652760662, "log10_subsample": -0.8370649129864471, "max_depth": 4.0, "num_boost_round": 1.0}, "datetime": {"datetime": "2024-01-19 00:21:05", "elapsed": 562.736547, "delta": 0.001045}}
{"target": -17.67718319004533, "params": {"gamma": 537.6350009294431, "log10_alpha": -0.4690027640217034, "log10_colsample_bytree": -0.8930877942941445, "log10_eta": -2.3570636028236303, "log10_lambda": -1.9781645796679568, "log10_min_child_weight": 4.995356652760662, "log10_subsample": -0.8370649129864471, "max_depth": 4.0, "num_boost_round": 2.0}, "datetime": {"datetime": "2024-01-19 00:21:05", "elapsed": 562.737722, "delta": 0.001175}}
{"target": -17.677179502798065, "params": {"gamma": 537.6350009294431, "log10_alpha": -0.4690027640217034, "log10_colsample_bytree": -0.8930877942941445, "log10_eta": -2.3570636028236303, "log10_lambda": -1.9781645796679568, "log10_min_child_weight": 4.995356652760662, "log10_subsample": -0.8370649129864471, "max_depth": 4.0, "num_boost_round": 3.0}, "datetime": {"datetime": "2024-01-19 00:21:05", "elapsed": 562.738803, "delta": 0.001081}}
{"target": -17.677156917542575, "params": {"gamma": 537.6350009294431, "log10_alpha": -0.4690027640217034, "log10_colsample_bytree": -0.8930877942941445, "log10_eta": -2.3570636028236303, "log10_lambda": -1.9781645796679568, "log10_min_child_weight": 4.995356652760662, "log10_subsample": -0.8370649129864471, "max_depth": 4.0, "num_boost_round": 4.0}, "datetime": {"datetime": "2024-01-19 00:21:05", "elapsed": 562.739677, "delta": 0.000874}}
{"target": -17.677171401346282, "params": {"gamma": 537.6350009294431, "log10_alpha": -0.4690027640217034, "log10_colsample_bytree": -0.8930877942941445, "log10_eta": -2.3570636028236303, "log10_lambda": -1.9781645796679568, "log10_min_child_weight": 4.995356652760662, "log10_subsample": -0.8370649129864471, "max_depth": 4.0, "num_boost_round": 5.0}, "datetime": {"datetime": "2024-01-19 00:21:05", "elapsed": 562.7407, "delta": 0.001023}}
{"target": -17.677165868825742, "params": {"gamma": 537.6350009294431, "log10_alpha": -0.4690027640217034, "log10_colsample_bytree": -0.8930877942941445, "log10_eta": -2.3570636028236303, "log10_lambda": -1.9781645796679568, "log10_min_child_weight": 4.995356652760662, "log10_subsample": -0.8370649129864471, "max_depth": 4.0, "num_boost_round": 6.0}, "datetime": {"datetime": "2024-01-19 00:21:05", "elapsed": 562.741587, "delta": 0.000887}}
{"target": -17.677139092945815, "params": {"gamma": 537.6350009294431, "log10_alpha": -0.4690027640217034, "log10_colsample_bytree": -0.8930877942941445, "log10_eta": -2.3570636028236303, "log10_lambda": -1.9781645796679568, "log10_min_child_weight": 4.995356652760662, "log10_subsample": -0.8370649129864471, "max_depth": 4.0, "num_boost_round": 7.0}, "datetime": {"datetime": "2024-01-19 00:21:05", "elapsed": 562.742462, "delta": 0.000875}}
{"target": -17.677121048637474, "params": {"gamma": 537.6350009294431, "log10_alpha": -0.4690027640217034, "log10_colsample_bytree": -0.8930877942941445, "log10_eta": -2.3570636028236303, "log10_lambda": -1.9781645796679568, "log10_min_child_weight": 4.995356652760662, "log10_subsample": -0.8370649129864471, "max_depth": 4.0, "num_boost_round": 8.0}, "datetime": {"datetime": "2024-01-19 00:21:05", "elapsed": 562.743335, "delta": 0.000873}}
{"target": -17.677132749539346, "params": {"gamma": 537.6350009294431, "log10_alpha": -0.4690027640217034, "log10_colsample_bytree": -0.8930877942941445, "log10_eta": -2.3570636028236303, "log10_lambda": -1.9781645796679568, "log10_min_child_weight": 4.995356652760662, "log10_subsample": -0.8370649129864471, "max_depth": 4.0, "num_boost_round": 9.0}, "datetime": {"datetime": "2024-01-19 00:21:05", "elapsed": 562.744204, "delta": 0.000869}}
{"target": -17.677135253902215, "params": {"gamma": 537.6350009294431, "log10_alpha": -0.4690027640217034, "log10_colsample_bytree": -0.8930877942941445, "log10_eta": -2.3570636028236303, "log10_lambda": -1.9781645796679568, "log10_min_child_weight": 4.995356652760662, "log10_subsample": -0.8370649129864471, "max_depth": 4.0, "num_boost_round": 10.0}, "datetime": {"datetime": "2024-01-19 00:21:05", "elapsed": 562.745284, "delta": 0.00108}}
{"target": -17.67709378765611, "params": {"gamma": 537.6350009294431, "log10_alpha": -0.4690027640217034, "log10_colsample_bytree": -0.8930877942941445, "log10_eta": -2.3570636028236303, "log10_lambda": -1.9781645796679568, "log10_min_child_weight": 4.995356652760662, "log10_subsample": -0.8370649129864471, "max_depth": 4.0, "num_boost_round": 11.0}, "datetime": {"datetime": "2024-01-19 00:21:05", "elapsed": 562.746186, "delta": 0.000902}}
{"target": -17.677066364795742, "params": {"gamma": 537.6350009294431, "log10_alpha": -0.4690027640217034, "log10_colsample_bytree": -0.8930877942941445, "log10_eta": -2.3570636028236303, "log10_lambda": -1.9781645796679568, "log10_min_child_weight": 4.995356652760662, "log10_subsample": -0.8370649129864471, "max_depth": 4.0, "num_boost_round": 12.0}, "datetime": {"datetime": "2024-01-19 00:21:05", "elapsed": 562.747073, "delta": 0.000887}}
{"target": -17.677073026626992, "params": {"gamma": 537.6350009294431, "log10_alpha": -0.4690027640217034, "log10_colsample_bytree": -0.8930877942941445, "log10_eta": -2.3570636028236303, "log10_lambda": -1.9781645796679568, "log10_min_child_weight": 4.995356652760662, "log10_subsample": -0.8370649129864471, "max_depth": 4.0, "num_boost_round": 13.0}, "datetime": {"datetime": "2024-01-19 00:21:05", "elapsed": 562.74796, "delta": 0.000887}}
{"target": -17.677051036780522, "params": {"gamma": 553.611678063055, "log10_alpha": -4.778763685546826, "log10_colsample_bytree": -0.5178553557232796, "log10_eta": -2.549942068288216, "log10_lambda": 0.6991213830590315, "log10_min_child_weight": 2.456002077906207, "log10_subsample": -0.3417160902293068, "max_depth": 4.0, "num_boost_round": 0.0}, "datetime": {"datetime": "2024-01-19 00:21:24", "elapsed": 581.474021, "delta": 18.726061}}
{"target": -17.676949506990173, "params": {"gamma": 553.611678063055, "log10_alpha": -4.778763685546826, "log10_colsample_bytree": -0.5178553557232796, "log10_eta": -2.549942068288216, "log10_lambda": 0.6991213830590315, "log10_min_child_weight": 2.456002077906207, "log10_subsample": -0.3417160902293068, "max_depth": 4.0, "num_boost_round": 1.0}, "datetime": {"datetime": "2024-01-19 00:21:24", "elapsed": 581.475267, "delta": 0.001246}}
{"target": -17.676823814242855, "params": {"gamma": 553.611678063055, "log10_alpha": -4.778763685546826, "log10_colsample_bytree": -0.5178553557232796, "log10_eta": -2.549942068288216, "log10_lambda": 0.6991213830590315, "log10_min_child_weight": 2.456002077906207, "log10_subsample": -0.3417160902293068, "max_depth": 4.0, "num_boost_round": 2.0}, "datetime": {"datetime": "2024-01-19 00:21:24", "elapsed": 581.476194, "delta": 0.000927}}
{"target": -17.676818657544906, "params": {"gamma": 553.611678063055, "log10_alpha": -4.778763685546826, "log10_colsample_bytree": -0.5178553557232796, "log10_eta": -2.549942068288216, "log10_lambda": 0.6991213830590315, "log10_min_child_weight": 2.456002077906207, "log10_subsample": -0.3417160902293068, "max_depth": 4.0, "num_boost_round": 3.0}, "datetime": {"datetime": "2024-01-19 00:21:24", "elapsed": 581.477095, "delta": 0.000901}}
{"target": -17.676799688053936, "params": {"gamma": 553.611678063055, "log10_alpha": -4.778763685546826, "log10_colsample_bytree": -0.5178553557232796, "log10_eta": -2.549942068288216, "log10_lambda": 0.6991213830590315, "log10_min_child_weight": 2.456002077906207, "log10_subsample": -0.3417160902293068, "max_depth": 4.0, "num_boost_round": 4.0}, "datetime": {"datetime": "2024-01-19 00:21:24", "elapsed": 581.477991, "delta": 0.000896}}
{"target": -17.67670620084569, "params": {"gamma": 553.611678063055, "log10_alpha": -4.778763685546826, "log10_colsample_bytree": -0.5178553557232796, "log10_eta": -2.549942068288216, "log10_lambda": 0.6991213830590315, "log10_min_child_weight": 2.456002077906207, "log10_subsample": -0.3417160902293068, "max_depth": 4.0, "num_boost_round": 5.0}, "datetime": {"datetime": "2024-01-19 00:21:24", "elapsed": 581.479263, "delta": 0.001272}}
{"target": -17.676580897913134, "params": {"gamma": 553.611678063055, "log10_alpha": -4.778763685546826, "log10_colsample_bytree": -0.5178553557232796, "log10_eta": -2.549942068288216, "log10_lambda": 0.6991213830590315, "log10_min_child_weight": 2.456002077906207, "log10_subsample": -0.3417160902293068, "max_depth": 4.0, "num_boost_round": 6.0}, "datetime": {"datetime": "2024-01-19 00:21:24", "elapsed": 581.480294, "delta": 0.001031}}
