{"target": -17.674812121709955, "params": {"gamma": 433.2534433285603, "log10_alpha": -2.897993209899802, "log10_colsample_bytree": -0.21830752866271652, "log10_eta": -1.3378288427474407, "log10_lambda": -1.1309489864500373, "log10_min_child_weight": 0.4890157963727987, "log10_subsample": -0.04773385234347116, "max_depth": 4.0, "num_boost_round": 10.0}, "datetime": {"datetime": "2024-01-19 00:15:08", "elapsed": 201.363454, "delta": 0.000588}}
{"target": -17.6738570616441, "params": {"gamma": 433.2534433285603, "log10_alpha": -2.897993209899802, "log10_colsample_bytree": -0.21830752866271652, "log10_eta": -1.3378288427474407, "log10_lambda": -1.1309489864500373, "log10_min_child_weight": 0.4890157963727987, "log10_subsample": -0.04773385234347116, "max_depth": 4.0, "num_boost_round": 11.0}, "datetime": {"datetime": "2024-01-19 00:15:08", "elapsed": 201.364036, "delta": 0.000582}}
{"target": -17.673879182577863, "params": {"gamma": 433.2534433285603, "log10_alpha": -2.897993209899802, "log10_colsample_bytree": -0.21830752866271652, "log10_eta": -1.3378288427474407, "log10_lambda": -1.1309489864500373, "log10_min_child_weight": 0.4890157963727987, "log10_subsample": -0.04773385234347116, "max_depth": 4.0, "num_boost_round": 12.0}, "datetime": {"datetime": "2024-01-19 00:15:08", "elapsed": 201.368172, "delta": 0.004136}}
{"target": -17.676358492755597, "params": {"gamma": 433.2534433285603, "log10_alpha": -2.897993209899802, "log10_colsample_bytree": -0.21830752866271652, "log10_eta": -1.3378288427474407, "log10_lambda": -1.1309489864500373, "log10_min_child_weight": 0.4890157963727987, "log10_subsample": -0.04773385234347116, "max_depth": 4.0, "num_boost_round": 13.0}, "datetime": {"datetime": "2024-01-19 00:15:08", "elapsed": 201.368767, "delta": 0.000595}}
{"target": -17.677723170480146, "params": {"gamma": 433.2534433285603, "log10_alpha": -2.897993209899802, "log10_colsample_bytree": -0.21830752866271652, "log10_eta": -1.3378288427474407, "log10_lambda": -1.1309489864500373, "log10_min_child_weight": 0.4890157963727987, "log10_subsample": -0.04773385234347116, "max_depth": 4.0, "num_boost_round": 14.0}, "datetime": {"datetime": "2024-01-19 00:15:08", "elapsed": 201.369359, "delta": 0.000592}}
{"target": -17.67839912255812, "params": {"gamma": 433.2534433285603, "log10_alpha": -2.897993209899802, "log10_colsample_bytree": -0.21830752866271652, "log10_eta": -1.3378288427474407, "log10_lambda": -1.1309489864500373, "log10_min_child_weight": 0.4890157963727987, "log10_subsample": -0.04773385234347116, "max_depth": 4.0, "num_boost_round": 15.0}, "datetime": {"datetime": "2024-01-19 00:15:08", "elapsed": 201.370018, "delta": 0.000659}}
{"target": -17.6786024220119, "params": {"gamma": 433.2534433285603, "log10_alpha": -2.897993209899802, "log10_colsample_bytree": -0.21830752866271652, "log10_eta": -1.3378288427474407, "log10_lambda": -1.1309489864500373, "log10_min_child_weight": 0.4890157963727987, "log10_subsample": -0.04773385234347116, "max_depth": 4.0, "num_boost_round": 16.0}, "datetime": {"datetime": "2024-01-19 00:15:08", "elapsed": 201.370619, "delta": 0.000601}}
{"target": -17.679077865615096, "params": {"gamma": 433.2534433285603, "log10_alpha": -2.897993209899802, "log10_colsample_bytree": -0.21830752866271652, "log10_eta": -1.3378288427474407, "log10_lambda": -1.1309489864500373, "log10_min_child_weight": 0.4890157963727987, "log10_subsample": -0.04773385234347116, "max_depth": 4.0, "num_boost_round": 17.0}, "datetime": {"datetime": "2024-01-19 00:15:08", "elapsed": 201.371208, "delta": 0.000589}}
{"target": -17.680945104484767, "params": {"gamma": 433.2534433285603, "log10_alpha": -2.897993209899802, "log10_colsample_bytree": -0.21830752866271652, "log10_eta": -1.3378288427474407, "log10_lambda": -1.1309489864500373, "log10_min_child_weight": 0.4890157963727987, "log10_subsample": -0.04773385234347116, "max_depth": 4.0, "num_boost_round": 18.0}, "datetime": {"datetime": "2024-01-19 00:15:08", "elapsed": 201.371796, "delta": 0.000588}}
{"target": -17.681904168331556, "params": {"gamma": 433.2534433285603, "log10_alpha": -2.897993209899802, "log10_colsample_bytree": -0.21830752866271652, "log10_eta": -1.3378288427474407, "log10_lambda": -1.1309489864500373, "log10_min_child_weight": 0.4890157963727987, "log10_subsample": -0.04773385234347116, "max_depth": 4.0, "num_boost_round": 19.0}, "datetime": {"datetime": "2024-01-19 00:15:08", "elapsed": 201.372386, "delta": 0.00059}}
{"target": -17.68088366739418, "params": {"gamma": 433.2534433285603, "log10_alpha": -2.897993209899802, "log10_colsample_bytree": -0.21830752866271652, "log10_eta": -1.3378288427474407, "log10_lambda": -1.1309489864500373, "log10_min_child_weight": 0.4890157963727987, "log10_subsample": -0.04773385234347116, "max_depth": 4.0, "num_boost_round": 20.0}, "datetime": {"datetime": "2024-01-19 00:15:08", "elapsed": 201.372972, "delta": 0.000586}}
{"target": -17.680351194382844, "params": {"gamma": 433.2534433285603, "log10_alpha": -2.897993209899802, "log10_colsample_bytree": -0.21830752866271652, "log10_eta": -1.3378288427474407, "log10_lambda": -1.1309489864500373, "log10_min_child_weight": 0.4890157963727987, "log10_subsample": -0.04773385234347116, "max_depth": 4.0, "num_boost_round": 21.0}, "datetime": {"datetime": "2024-01-19 00:15:08", "elapsed": 201.373572, "delta": 0.0006}}
{"target": -17.679104967634576, "params": {"gamma": 433.2534433285603, "log10_alpha": -2.897993209899802, "log10_colsample_bytree": -0.21830752866271652, "log10_eta": -1.3378288427474407, "log10_lambda": -1.1309489864500373, "log10_min_child_weight": 0.4890157963727987, "log10_subsample": -0.04773385234347116, "max_depth": 4.0, "num_boost_round": 22.0}, "datetime": {"datetime": "2024-01-19 00:15:08", "elapsed": 201.374173, "delta": 0.000601}}
{"target": -17.682040383871332, "params": {"gamma": 433.2534433285603, "log10_alpha": -2.897993209899802, "log10_colsample_bytree": -0.21830752866271652, "log10_eta": -1.3378288427474407, "log10_lambda": -1.1309489864500373, "log10_min_child_weight": 0.4890157963727987, "log10_subsample": -0.04773385234347116, "max_depth": 4.0, "num_boost_round": 23.0}, "datetime": {"datetime": "2024-01-19 00:15:08", "elapsed": 201.374773, "delta": 0.0006}}
{"target": -17.682154599644218, "params": {"gamma": 433.2534433285603, "log10_alpha": -2.897993209899802, "log10_colsample_bytree": -0.21830752866271652, "log10_eta": -1.3378288427474407, "log10_lambda": -1.1309489864500373, "log10_min_child_weight": 0.4890157963727987, "log10_subsample": -0.04773385234347116, "max_depth": 4.0, "num_boost_round": 24.0}, "datetime": {"datetime": "2024-01-19 00:15:08", "elapsed": 201.375396, "delta": 0.000623}}
{"target": -17.684366681820322, "params": {"gamma": 433.2534433285603, "log10_alpha": -2.897993209899802, "log10_colsample_bytree": -0.21830752866271652, "log10_eta": -1.3378288427474407, "log10_lambda": -1.1309489864500373, "log10_min_child_weight": 0.4890157963727987, "log10_subsample": -0.04773385234347116, "max_depth": 4.0, "num_boost_round": 25.0}, "datetime": {"datetime": "2024-01-19 00:15:08", "elapsed": 201.376006, "delta": 0.00061}}
{"target": -17.68625245376065, "params": {"gamma": 433.2534433285603, "log10_alpha": -2.897993209899802, "log10_colsample_bytree": -0.21830752866271652, "log10_eta": -1.3378288427474407, "log10_lambda": -1.1309489864500373, "log10_min_child_weight": 0.4890157963727987, "log10_subsample": -0.04773385234347116, "max_depth": 4.0, "num_boost_round": 26.0}, "datetime": {"datetime": "2024-01-19 00:15:08", "elapsed": 201.376626, "delta": 0.00062}}
{"target": -17.688563182852093, "params": {"gamma": 433.2534433285603, "log10_alpha": -2.897993209899802, "log10_colsample_bytree": -0.21830752866271652, "log10_eta": -1.3378288427474407, "log10_lambda": -1.1309489864500373, "log10_min_child_weight": 0.4890157963727987, "log10_subsample": -0.04773385234347116, "max_depth": 4.0, "num_boost_round": 27.0}, "datetime": {"datetime": "2024-01-19 00:15:08", "elapsed": 201.37724, "delta": 0.000614}}
{"target": -17.691630974357906, "params": {"gamma": 433.2534433285603, "log10_alpha": -2.897993209899802, "log10_colsample_bytree": -0.21830752866271652, "log10_eta": -1.3378288427474407, "log10_lambda": -1.1309489864500373, "log10_min_child_weight": 0.4890157963727987, "log10_subsample": -0.04773385234347116, "max_depth": 4.0, "num_boost_round": 28.0}, "datetime": {"datetime": "2024-01-19 00:15:08", "elapsed": 201.377842, "delta": 0.000602}}
{"target": -17.69377107079979, "params": {"gamma": 433.2534433285603, "log10_alpha": -2.897993209899802, "log10_colsample_bytree": -0.21830752866271652, "log10_eta": -1.3378288427474407, "log10_lambda": -1.1309489864500373, "log10_min_child_weight": 0.4890157963727987, "log10_subsample": -0.04773385234347116, "max_depth": 4.0, "num_boost_round": 29.0}, "datetime": {"datetime": "2024-01-19 00:15:08", "elapsed": 201.378453, "delta": 0.000611}}
{"target": -17.69437803330903, "params": {"gamma": 433.2534433285603, "log10_alpha": -2.897993209899802, "log10_colsample_bytree": -0.21830752866271652, "log10_eta": -1.3378288427474407, "log10_lambda": -1.1309489864500373, "log10_min_child_weight": 0.4890157963727987, "log10_subsample": -0.04773385234347116, "max_depth": 4.0, "num_boost_round": 30.0}, "datetime": {"datetime": "2024-01-19 00:15:08", "elapsed": 201.379062, "delta": 0.000609}}
{"target": -17.693272603338325, "params": {"gamma": 433.2534433285603, "log10_alpha": -2.897993209899802, "log10_colsample_bytree": -0.21830752866271652, "log10_eta": -1.3378288427474407, "log10_lambda": -1.1309489864500373, "log10_min_child_weight": 0.4890157963727987, "log10_subsample": -0.04773385234347116, "max_depth": 4.0, "num_boost_round": 31.0}, "datetime": {"datetime": "2024-01-19 00:15:08", "elapsed": 201.379673, "delta": 0.000611}}
{"target": -17.69655579834277, "params": {"gamma": 433.2534433285603, "log10_alpha": -2.897993209899802, "log10_colsample_bytree": -0.21830752866271652, "log10_eta": -1.3378288427474407, "log10_lambda": -1.1309489864500373, "log10_min_child_weight": 0.4890157963727987, "log10_subsample": -0.04773385234347116, "max_depth": 4.0, "num_boost_round": 32.0}, "datetime": {"datetime": "2024-01-19 00:15:08", "elapsed": 201.38029, "delta": 0.000617}}
{"target": -17.6973131757092, "params": {"gamma": 433.2534433285603, "log10_alpha": -2.897993209899802, "log10_colsample_bytree": -0.21830752866271652, "log10_eta": -1.3378288427474407, "log10_lambda": -1.1309489864500373, "log10_min_child_weight": 0.4890157963727987, "log10_subsample": -0.04773385234347116, "max_depth": 4.0, "num_boost_round": 33.0}, "datetime": {"datetime": "2024-01-19 00:15:08", "elapsed": 201.380899, "delta": 0.000609}}
{"target": -17.69852875386732, "params": {"gamma": 433.2534433285603, "log10_alpha": -2.897993209899802, "log10_colsample_bytree": -0.21830752866271652, "log10_eta": -1.3378288427474407, "log10_lambda": -1.1309489864500373, "log10_min_child_weight": 0.4890157963727987, "log10_subsample": -0.04773385234347116, "max_depth": 4.0, "num_boost_round": 34.0}, "datetime": {"datetime": "2024-01-19 00:15:08", "elapsed": 201.38153, "delta": 0.000631}}
{"target": -17.699670159401823, "params": {"gamma": 433.2534433285603, "log10_alpha": -2.897993209899802, "log10_colsample_bytree": -0.21830752866271652, "log10_eta": -1.3378288427474407, "log10_lambda": -1.1309489864500373, "log10_min_child_weight": 0.4890157963727987, "log10_subsample": -0.04773385234347116, "max_depth": 4.0, "num_boost_round": 35.0}, "datetime": {"datetime": "2024-01-19 00:15:08", "elapsed": 201.382156, "delta": 0.000626}}
{"target": -17.70407434644808, "params": {"gamma": 433.2534433285603, "log10_alpha": -2.897993209899802, "log10_colsample_bytree": -0.21830752866271652, "log10_eta": -1.3378288427474407, "log10_lambda": -1.1309489864500373, "log10_min_child_weight": 0.4890157963727987, "log10_subsample": -0.04773385234347116, "max_depth": 4.0, "num_boost_round": 36.0}, "datetime": {"datetime": "2024-01-19 00:15:08", "elapsed": 201.382775, "delta": 0.000619}}
{"target": -17.70936387451558, "params": {"gamma": 433.2534433285603, "log10_alpha": -2.897993209899802, "log10_colsample_bytree": -0.21830752866271652, "log10_eta": -1.3378288427474407, "log10_lambda": -1.1309489864500373, "log10_min_child_weight": 0.4890157963727987, "log10_subsample": -0.04773385234347116, "max_depth": 4.0, "num_boost_round": 37.0}, "datetime": {"datetime": "2024-01-19 00:15:08", "elapsed": 201.3834, "delta": 0.000625}}
{"target": -17.70999152055277, "params": {"gamma": 433.2534433285603, "log10_alpha": -2.897993209899802, "log10_colsample_bytree": -0.21830752866271652, "log10_eta": -1.3378288427474407, "log10_lambda": -1.1309489864500373, "log10_min_child_weight": 0.4890157963727987, "log10_subsample": -0.04773385234347116, "max_depth": 4.0, "num_boost_round": 38.0}, "datetime": {"datetime": "2024-01-19 00:15:08", "elapsed": 201.384021, "delta": 0.000621}}
{"target": -17.711802705068138, "params": {"gamma": 433.2534433285603, "log10_alpha": -2.897993209899802, "log10_colsample_bytree": -0.21830752866271652, "log10_eta": -1.3378288427474407, "log10_lambda": -1.1309489864500373, "log10_min_child_weight": 0.4890157963727987, "log10_subsample": -0.04773385234347116, "max_depth": 4.0, "num_boost_round": 39.0}, "datetime": {"datetime": "2024-01-19 00:15:08", "elapsed": 201.384651, "delta": 0.00063}}
{"target": -17.71212137678868, "params": {"gamma": 433.2534433285603, "log10_alpha": -2.897993209899802, "log10_colsample_bytree": -0.21830752866271652, "log10_eta": -1.3378288427474407, "log10_lambda": -1.1309489864500373, "log10_min_child_weight": 0.4890157963727987, "log10_subsample": -0.04773385234347116, "max_depth": 4.0, "num_boost_round": 40.0}, "datetime": {"datetime": "2024-01-19 00:15:08", "elapsed": 201.385275, "delta": 0.000624}}
{"target": -17.711322027072026, "params": {"gamma": 433.2534433285603, "log10_alpha": -2.897993209899802, "log10_colsample_bytree": -0.21830752866271652, "log10_eta": -1.3378288427474407, "log10_lambda": -1.1309489864500373, "log10_min_child_weight": 0.4890157963727987, "log10_subsample": -0.04773385234347116, "max_depth": 4.0, "num_boost_round": 41.0}, "datetime": {"datetime": "2024-01-19 00:15:08", "elapsed": 201.386224, "delta": 0.000949}}
{"target": -17.717055811503844, "params": {"gamma": 433.2534433285603, "log10_alpha": -2.897993209899802, "log10_colsample_bytree": -0.21830752866271652, "log10_eta": -1.3378288427474407, "log10_lambda": -1.1309489864500373, "log10_min_child_weight": 0.4890157963727987, "log10_subsample": -0.04773385234347116, "max_depth": 4.0, "num_boost_round": 42.0}, "datetime": {"datetime": "2024-01-19 00:15:08", "elapsed": 201.386968, "delta": 0.000744}}
{"target": -17.720135335770436, "params": {"gamma": 433.2534433285603, "log10_alpha": -2.897993209899802, "log10_colsample_bytree": -0.21830752866271652, "log10_eta": -1.3378288427474407, "log10_lambda": -1.1309489864500373, "log10_min_child_weight": 0.4890157963727987, "log10_subsample": -0.04773385234347116, "max_depth": 4.0, "num_boost_round": 43.0}, "datetime": {"datetime": "2024-01-19 00:15:08", "elapsed": 201.387612, "delta": 0.000644}}
{"target": -17.72499751660462, "params": {"gamma": 433.2534433285603, "log10_alpha": -2.897993209899802, "log10_colsample_bytree": -0.21830752866271652, "log10_eta": -1.3378288427474407, "log10_lambda": -1.1309489864500373, "log10_min_child_weight": 0.4890157963727987, "log10_subsample": -0.04773385234347116, "max_depth": 4.0, "num_boost_round": 44.0}, "datetime": {"datetime": "2024-01-19 00:15:08", "elapsed": 201.388256, "delta": 0.000644}}
{"target": -17.732463404667094, "params": {"gamma": 433.2534433285603, "log10_alpha": -2.897993209899802, "log10_colsample_bytree": -0.21830752866271652, "log10_eta": -1.3378288427474407, "log10_lambda": -1.1309489864500373, "log10_min_child_weight": 0.4890157963727987, "log10_subsample": -0.04773385234347116, "max_depth": 4.0, "num_boost_round": 45.0}, "datetime": {"datetime": "2024-01-19 00:15:08", "elapsed": 201.388891, "delta": 0.000635}}
{"target": -17.733120057979697, "params": {"gamma": 433.2534433285603, "log10_alpha": -2.897993209899802, "log10_colsample_bytree": -0.21830752866271652, "log10_eta": -1.3378288427474407, "log10_lambda": -1.1309489864500373, "log10_min_child_weight": 0.4890157963727987, "log10_subsample": -0.04773385234347116, "max_depth": 4.0, "num_boost_round": 46.0}, "datetime": {"datetime": "2024-01-19 00:15:08", "elapsed": 201.389531, "delta": 0.00064}}
{"target": -17.734413191890933, "params": {"gamma": 433.2534433285603, "log10_alpha": -2.897993209899802, "log10_colsample_bytree": -0.21830752866271652, "log10_eta": -1.3378288427474407, "log10_lambda": -1.1309489864500373, "log10_min_child_weight": 0.4890157963727987, "log10_subsample": -0.04773385234347116, "max_depth": 4.0, "num_boost_round": 47.0}, "datetime": {"datetime": "2024-01-19 00:15:08", "elapsed": 201.390252, "delta": 0.000721}}
{"target": -17.732431767826533, "params": {"gamma": 433.2534433285603, "log10_alpha": -2.897993209899802, "log10_colsample_bytree": -0.21830752866271652, "log10_eta": -1.3378288427474407, "log10_lambda": -1.1309489864500373, "log10_min_child_weight": 0.4890157963727987, "log10_subsample": -0.04773385234347116, "max_depth": 4.0, "num_boost_round": 48.0}, "datetime": {"datetime": "2024-01-19 00:15:08", "elapsed": 201.390885, "delta": 0.000633}}
{"target": -17.732480002284102, "params": {"gamma": 433.2534433285603, "log10_alpha": -2.897993209899802, "log10_colsample_bytree": -0.21830752866271652, "log10_eta": -1.3378288427474407, "log10_lambda": -1.1309489864500373, "log10_min_child_weight": 0.4890157963727987, "log10_subsample": -0.04773385234347116, "max_depth": 4.0, "num_boost_round": 49.0}, "datetime": {"datetime": "2024-01-19 00:15:08", "elapsed": 201.391532, "delta": 0.000647}}
{"target": -17.7333786824284, "params": {"gamma": 433.2534433285603, "log10_alpha": -2.897993209899802, "log10_colsample_bytree": -0.21830752866271652, "log10_eta": -1.3378288427474407, "log10_lambda": -1.1309489864500373, "log10_min_child_weight": 0.4890157963727987, "log10_subsample": -0.04773385234347116, "max_depth": 4.0, "num_boost_round": 50.0}, "datetime": {"datetime": "2024-01-19 00:15:08", "elapsed": 201.392176, "delta": 0.000644}}
{"target": -17.73455019273019, "params": {"gamma": 433.2534433285603, "log10_alpha": -2.897993209899802, "log10_colsample_bytree": -0.21830752866271652, "log10_eta": -1.3378288427474407, "log10_lambda": -1.1309489864500373, "log10_min_child_weight": 0.4890157963727987, "log10_subsample": -0.04773385234347116, "max_depth": 4.0, "num_boost_round": 51.0}, "datetime": {"datetime": "2024-01-19 00:15:08", "elapsed": 201.392841, "delta": 0.000665}}
{"target": -17.739786777211375, "params": {"gamma": 433.2534433285603, "log10_alpha": -2.897993209899802, "log10_colsample_bytree": -0.21830752866271652, "log10_eta": -1.3378288427474407, "log10_lambda": -1.1309489864500373, "log10_min_child_weight": 0.4890157963727987, "log10_subsample": -0.04773385234347116, "max_depth": 4.0, "num_boost_round": 52.0}, "datetime": {"datetime": "2024-01-19 00:15:08", "elapsed": 201.393427, "delta": 0.000586}}
{"target": -17.744593348471152, "params": {"gamma": 433.2534433285603, "log10_alpha": -2.897993209899802, "log10_colsample_bytree": -0.21830752866271652, "log10_eta": -1.3378288427474407, "log10_lambda": -1.1309489864500373, "log10_min_child_weight": 0.4890157963727987, "log10_subsample": -0.04773385234347116, "max_depth": 4.0, "num_boost_round": 53.0}, "datetime": {"datetime": "2024-01-19 00:15:08", "elapsed": 201.394062, "delta": 0.000635}}
{"target": -17.74538256587613, "params": {"gamma": 433.2534433285603, "log10_alpha": -2.897993209899802, "log10_colsample_bytree": -0.21830752866271652, "log10_eta": -1.3378288427474407, "log10_lambda": -1.1309489864500373, "log10_min_child_weight": 0.4890157963727987, "log10_subsample": -0.04773385234347116, "max_depth": 4.0, "num_boost_round": 54.0}, "datetime": {"datetime": "2024-01-19 00:15:08", "elapsed": 201.394711, "delta": 0.000649}}
{"target": -17.74682539931859, "params": {"gamma": 433.2534433285603, "log10_alpha": -2.897993209899802, "log10_colsample_bytree": -0.21830752866271652, "log10_eta": -1.3378288427474407, "log10_lambda": -1.1309489864500373, "log10_min_child_weight": 0.4890157963727987, "log10_subsample": -0.04773385234347116, "max_depth": 4.0, "num_boost_round": 55.0}, "datetime": {"datetime": "2024-01-19 00:15:08", "elapsed": 201.39536, "delta": 0.000649}}
{"target": -17.747271354169104, "params": {"gamma": 433.2534433285603, "log10_alpha": -2.897993209899802, "log10_colsample_bytree": -0.21830752866271652, "log10_eta": -1.3378288427474407, "log10_lambda": -1.1309489864500373, "log10_min_child_weight": 0.4890157963727987, "log10_subsample": -0.04773385234347116, "max_depth": 4.0, "num_boost_round": 56.0}, "datetime": {"datetime": "2024-01-19 00:15:08", "elapsed": 201.396006, "delta": 0.000646}}
{"target": -17.75141038543543, "params": {"gamma": 433.2534433285603, "log10_alpha": -2.897993209899802, "log10_colsample_bytree": -0.21830752866271652, "log10_eta": -1.3378288427474407, "log10_lambda": -1.1309489864500373, "log10_min_child_weight": 0.4890157963727987, "log10_subsample": -0.04773385234347116, "max_depth": 4.0, "num_boost_round": 57.0}, "datetime": {"datetime": "2024-01-19 00:15:08", "elapsed": 201.396664, "delta": 0.000658}}
{"target": -17.677230288577572, "params": {"gamma": 438.0931662646217, "log10_alpha": -4.519104887165063, "log10_colsample_bytree": -0.3179558652155552, "log10_eta": -3.985660584364058, "log10_lambda": -0.9989823783941603, "log10_min_child_weight": 1.8136395860558163, "log10_subsample": -0.905702123768316, "max_depth": 9.0, "num_boost_round": 0.0}, "datetime": {"datetime": "2024-01-19 00:15:43", "elapsed": 235.672062, "delta": 34.275398}}
