{"target": -13.758510011123454, "params": {"gamma": 202.40559370127997, "log10_alpha": 0.5042664883922336, "log10_colsample_bytree": -0.893703859974996, "log10_eta": -2.889618408517853, "log10_lambda": -0.017118320255253394, "log10_min_child_weight": 4.449190776606063, "log10_subsample": -0.0452266922020339, "max_depth": 7.0, "num_boost_round": 7.0}, "datetime": {"datetime": "2024-01-19 00:20:34", "elapsed": 541.692461, "delta": 0.000803}}
{"target": -13.758512253684719, "params": {"gamma": 202.40559370127997, "log10_alpha": 0.5042664883922336, "log10_colsample_bytree": -0.893703859974996, "log10_eta": -2.889618408517853, "log10_lambda": -0.017118320255253394, "log10_min_child_weight": 4.449190776606063, "log10_subsample": -0.0452266922020339, "max_depth": 7.0, "num_boost_round": 8.0}, "datetime": {"datetime": "2024-01-19 00:20:34", "elapsed": 541.693318, "delta": 0.000857}}
{"target": -13.758519153246606, "params": {"gamma": 202.40559370127997, "log10_alpha": 0.5042664883922336, "log10_colsample_bytree": -0.893703859974996, "log10_eta": -2.889618408517853, "log10_lambda": -0.017118320255253394, "log10_min_child_weight": 4.449190776606063, "log10_subsample": -0.0452266922020339, "max_depth": 7.0, "num_boost_round": 9.0}, "datetime": {"datetime": "2024-01-19 00:20:34", "elapsed": 541.694194, "delta": 0.000876}}
{"target": -13.758535675375427, "params": {"gamma": 203.37908576180564, "log10_alpha": -4.733799276898438, "log10_colsample_bytree": -0.30158565600063136, "log10_eta": -3.70683408720471, "log10_lambda": -3.6685432165485707, "log10_min_child_weight": 0.14954293180821698, "log10_subsample": -0.6367057523834965, "max_depth": 4.0, "num_boost_round": 0.0}, "datetime": {"datetime": "2024-01-19 00:20:56", "elapsed": 564.271323, "delta": 22.577129}}
{"target": -13.758533641635369, "params": {"gamma": 203.37908576180564, "log10_alpha": -4.733799276898438, "log10_colsample_bytree": -0.30158565600063136, "log10_eta": -3.70683408720471, "log10_lambda": -3.6685432165485707, "log10_min_child_weight": 0.14954293180821698, "log10_subsample": -0.6367057523834965, "max_depth": 4.0, "num_boost_round": 1.0}, "datetime": {"datetime": "2024-01-19 00:20:56", "elapsed": 564.272359, "delta": 0.001036}}
{"target": -13.758530529034031, "params": {"gamma": 203.37908576180564, "log10_alpha": -4.733799276898438, "log10_colsample_bytree": -0.30158565600063136, "log10_eta": -3.70683408720471, "log10_lambda": -3.6685432165485707, "log10_min_child_weight": 0.14954293180821698, "log10_subsample": -0.6367057523834965, "max_depth": 4.0, "num_boost_round": 2.0}, "datetime": {"datetime": "2024-01-19 00:20:56", "elapsed": 564.273254, "delta": 0.000895}}
{"target": -13.758530722532983, "params": {"gamma": 203.37908576180564, "log10_alpha": -4.733799276898438, "log10_colsample_bytree": -0.30158565600063136, "log10_eta": -3.70683408720471, "log10_lambda": -3.6685432165485707, "log10_min_child_weight": 0.14954293180821698, "log10_subsample": -0.6367057523834965, "max_depth": 4.0, "num_boost_round": 3.0}, "datetime": {"datetime": "2024-01-19 00:20:56", "elapsed": 564.2744, "delta": 0.001146}}
{"target": -13.758524113423507, "params": {"gamma": 203.37908576180564, "log10_alpha": -4.733799276898438, "log10_colsample_bytree": -0.30158565600063136, "log10_eta": -3.70683408720471, "log10_lambda": -3.6685432165485707, "log10_min_child_weight": 0.14954293180821698, "log10_subsample": -0.6367057523834965, "max_depth": 4.0, "num_boost_round": 4.0}, "datetime": {"datetime": "2024-01-19 00:20:56", "elapsed": 564.275246, "delta": 0.000846}}
{"target": -13.758518585466685, "params": {"gamma": 203.37908576180564, "log10_alpha": -4.733799276898438, "log10_colsample_bytree": -0.30158565600063136, "log10_eta": -3.70683408720471, "log10_lambda": -3.6685432165485707, "log10_min_child_weight": 0.14954293180821698, "log10_subsample": -0.6367057523834965, "max_depth": 4.0, "num_boost_round": 5.0}, "datetime": {"datetime": "2024-01-19 00:20:56", "elapsed": 564.276073, "delta": 0.000827}}
{"target": -13.758519820775945, "params": {"gamma": 203.37908576180564, "log10_alpha": -4.733799276898438, "log10_colsample_bytree": -0.30158565600063136, "log10_eta": -3.70683408720471, "log10_lambda": -3.6685432165485707, "log10_min_child_weight": 0.14954293180821698, "log10_subsample": -0.6367057523834965, "max_depth": 4.0, "num_boost_round": 6.0}, "datetime": {"datetime": "2024-01-19 00:20:56", "elapsed": 564.276902, "delta": 0.000829}}
{"target": -13.758516372722308, "params": {"gamma": 203.37908576180564, "log10_alpha": -4.733799276898438, "log10_colsample_bytree": -0.30158565600063136, "log10_eta": -3.70683408720471, "log10_lambda": -3.6685432165485707, "log10_min_child_weight": 0.14954293180821698, "log10_subsample": -0.6367057523834965, "max_depth": 4.0, "num_boost_round": 7.0}, "datetime": {"datetime": "2024-01-19 00:20:56", "elapsed": 564.277732, "delta": 0.00083}}
{"target": -13.758511002533256, "params": {"gamma": 203.37908576180564, "log10_alpha": -4.733799276898438, "log10_colsample_bytree": -0.30158565600063136, "log10_eta": -3.70683408720471, "log10_lambda": -3.6685432165485707, "log10_min_child_weight": 0.14954293180821698, "log10_subsample": -0.6367057523834965, "max_depth": 4.0, "num_boost_round": 8.0}, "datetime": {"datetime": "2024-01-19 00:20:56", "elapsed": 564.278566, "delta": 0.000834}}
{"target": -13.758509453948394, "params": {"gamma": 203.37908576180564, "log10_alpha": -4.733799276898438, "log10_colsample_bytree": -0.30158565600063136, "log10_eta": -3.70683408720471, "log10_lambda": -3.6685432165485707, "log10_min_child_weight": 0.14954293180821698, "log10_subsample": -0.6367057523834965, "max_depth": 4.0, "num_boost_round": 9.0}, "datetime": {"datetime": "2024-01-19 00:20:56", "elapsed": 564.279402, "delta": 0.000836}}
{"target": -13.758504389694291, "params": {"gamma": 203.37908576180564, "log10_alpha": -4.733799276898438, "log10_colsample_bytree": -0.30158565600063136, "log10_eta": -3.70683408720471, "log10_lambda": -3.6685432165485707, "log10_min_child_weight": 0.14954293180821698, "log10_subsample": -0.6367057523834965, "max_depth": 4.0, "num_boost_round": 10.0}, "datetime": {"datetime": "2024-01-19 00:20:56", "elapsed": 564.28024, "delta": 0.000838}}
{"target": -13.758502222595856, "params": {"gamma": 203.37908576180564, "log10_alpha": -4.733799276898438, "log10_colsample_bytree": -0.30158565600063136, "log10_eta": -3.70683408720471, "log10_lambda": -3.6685432165485707, "log10_min_child_weight": 0.14954293180821698, "log10_subsample": -0.6367057523834965, "max_depth": 4.0, "num_boost_round": 11.0}, "datetime": {"datetime": "2024-01-19 00:20:56", "elapsed": 564.28193, "delta": 0.00169}}
{"target": -13.758497932841802, "params": {"gamma": 203.37908576180564, "log10_alpha": -4.733799276898438, "log10_colsample_bytree": -0.30158565600063136, "log10_eta": -3.70683408720471, "log10_lambda": -3.6685432165485707, "log10_min_child_weight": 0.14954293180821698, "log10_subsample": -0.6367057523834965, "max_depth": 4.0, "num_boost_round": 12.0}, "datetime": {"datetime": "2024-01-19 00:20:56", "elapsed": 564.282785, "delta": 0.000855}}
{"target": -13.758493853838663, "params": {"gamma": 203.37908576180564, "log10_alpha": -4.733799276898438, "log10_colsample_bytree": -0.30158565600063136, "log10_eta": -3.70683408720471, "log10_lambda": -3.6685432165485707, "log10_min_child_weight": 0.14954293180821698, "log10_subsample": -0.6367057523834965, "max_depth": 4.0, "num_boost_round": 13.0}, "datetime": {"datetime": "2024-01-19 00:20:56", "elapsed": 564.283632, "delta": 0.000847}}
{"target": -13.758486934651392, "params": {"gamma": 203.37908576180564, "log10_alpha": -4.733799276898438, "log10_colsample_bytree": -0.30158565600063136, "log10_eta": -3.70683408720471, "log10_lambda": -3.6685432165485707, "log10_min_child_weight": 0.14954293180821698, "log10_subsample": -0.6367057523834965, "max_depth": 4.0, "num_boost_round": 14.0}, "datetime": {"datetime": "2024-01-19 00:20:56", "elapsed": 564.28448, "delta": 0.000848}}
{"target": -13.75848280596393, "params": {"gamma": 203.37908576180564, "log10_alpha": -4.733799276898438, "log10_colsample_bytree": -0.30158565600063136, "log10_eta": -3.70683408720471, "log10_lambda": -3.6685432165485707, "log10_min_child_weight": 0.14954293180821698, "log10_subsample": -0.6367057523834965, "max_depth": 4.0, "num_boost_round": 15.0}, "datetime": {"datetime": "2024-01-19 00:20:56", "elapsed": 564.285328, "delta": 0.000848}}
{"target": -13.758477864892432, "params": {"gamma": 203.37908576180564, "log10_alpha": -4.733799276898438, "log10_colsample_bytree": -0.30158565600063136, "log10_eta": -3.70683408720471, "log10_lambda": -3.6685432165485707, "log10_min_child_weight": 0.14954293180821698, "log10_subsample": -0.6367057523834965, "max_depth": 4.0, "num_boost_round": 16.0}, "datetime": {"datetime": "2024-01-19 00:20:56", "elapsed": 564.286185, "delta": 0.000857}}
{"target": -13.758478074917074, "params": {"gamma": 203.37908576180564, "log10_alpha": -4.733799276898438, "log10_colsample_bytree": -0.30158565600063136, "log10_eta": -3.70683408720471, "log10_lambda": -3.6685432165485707, "log10_min_child_weight": 0.14954293180821698, "log10_subsample": -0.6367057523834965, "max_depth": 4.0, "num_boost_round": 17.0}, "datetime": {"datetime": "2024-01-19 00:20:56", "elapsed": 564.287029, "delta": 0.000844}}
{"target": -13.75847526840483, "params": {"gamma": 203.37908576180564, "log10_alpha": -4.733799276898438, "log10_colsample_bytree": -0.30158565600063136, "log10_eta": -3.70683408720471, "log10_lambda": -3.6685432165485707, "log10_min_child_weight": 0.14954293180821698, "log10_subsample": -0.6367057523834965, "max_depth": 4.0, "num_boost_round": 18.0}, "datetime": {"datetime": "2024-01-19 00:20:56", "elapsed": 564.287867, "delta": 0.000838}}
{"target": -13.758473654453141, "params": {"gamma": 203.37908576180564, "log10_alpha": -4.733799276898438, "log10_colsample_bytree": -0.30158565600063136, "log10_eta": -3.70683408720471, "log10_lambda": -3.6685432165485707, "log10_min_child_weight": 0.14954293180821698, "log10_subsample": -0.6367057523834965, "max_depth": 4.0, "num_boost_round": 19.0}, "datetime": {"datetime": "2024-01-19 00:20:56", "elapsed": 564.288704, "delta": 0.000837}}
{"target": -13.758464655035313, "params": {"gamma": 203.37908576180564, "log10_alpha": -4.733799276898438, "log10_colsample_bytree": -0.30158565600063136, "log10_eta": -3.70683408720471, "log10_lambda": -3.6685432165485707, "log10_min_child_weight": 0.14954293180821698, "log10_subsample": -0.6367057523834965, "max_depth": 4.0, "num_boost_round": 20.0}, "datetime": {"datetime": "2024-01-19 00:20:56", "elapsed": 564.28954, "delta": 0.000836}}
{"target": -13.758461128659947, "params": {"gamma": 203.37908576180564, "log10_alpha": -4.733799276898438, "log10_colsample_bytree": -0.30158565600063136, "log10_eta": -3.70683408720471, "log10_lambda": -3.6685432165485707, "log10_min_child_weight": 0.14954293180821698, "log10_subsample": -0.6367057523834965, "max_depth": 4.0, "num_boost_round": 21.0}, "datetime": {"datetime": "2024-01-19 00:20:56", "elapsed": 564.290382, "delta": 0.000842}}
{"target": -13.758535327230499, "params": {"gamma": 199.63040589087257, "log10_alpha": -2.3380672107945424, "log10_colsample_bytree": -0.9356359697622709, "log10_eta": -3.317522559618666, "log10_lambda": 0.8889602576848139, "log10_min_child_weight": 1.4986220411317264, "log10_subsample": -0.6454819253413001, "max_depth": 8.0, "num_boost_round": 0.0}, "datetime": {"datetime": "2024-01-19 00:21:20", "elapsed": 587.73642, "delta": 23.446038}}
{"target": -13.758537058071063, "params": {"gamma": 199.63040589087257, "log10_alpha": -2.3380672107945424, "log10_colsample_bytree": -0.9356359697622709, "log10_eta": -3.317522559618666, "log10_lambda": 0.8889602576848139, "log10_min_child_weight": 1.4986220411317264, "log10_subsample": -0.6454819253413001, "max_depth": 8.0, "num_boost_round": 1.0}, "datetime": {"datetime": "2024-01-19 00:21:20", "elapsed": 587.737463, "delta": 0.001043}}
{"target": -13.758528347459045, "params": {"gamma": 199.63040589087257, "log10_alpha": -2.3380672107945424, "log10_colsample_bytree": -0.9356359697622709, "log10_eta": -3.317522559618666, "log10_lambda": 0.8889602576848139, "log10_min_child_weight": 1.4986220411317264, "log10_subsample": -0.6454819253413001, "max_depth": 8.0, "num_boost_round": 2.0}, "datetime": {"datetime": "2024-01-19 00:21:20", "elapsed": 587.738631, "delta": 0.001168}}
{"target": -13.75851535950467, "params": {"gamma": 199.63040589087257, "log10_alpha": -2.3380672107945424, "log10_colsample_bytree": -0.9356359697622709, "log10_eta": -3.317522559618666, "log10_lambda": 0.8889602576848139, "log10_min_child_weight": 1.4986220411317264, "log10_subsample": -0.6454819253413001, "max_depth": 8.0, "num_boost_round": 3.0}, "datetime": {"datetime": "2024-01-19 00:21:20", "elapsed": 587.739511, "delta": 0.00088}}
{"target": -13.758505590222471, "params": {"gamma": 199.63040589087257, "log10_alpha": -2.3380672107945424, "log10_colsample_bytree": -0.9356359697622709, "log10_eta": -3.317522559618666, "log10_lambda": 0.8889602576848139, "log10_min_child_weight": 1.4986220411317264, "log10_subsample": -0.6454819253413001, "max_depth": 8.0, "num_boost_round": 4.0}, "datetime": {"datetime": "2024-01-19 00:21:20", "elapsed": 587.740366, "delta": 0.000855}}
{"target": -13.758500274808243, "params": {"gamma": 199.63040589087257, "log10_alpha": -2.3380672107945424, "log10_colsample_bytree": -0.9356359697622709, "log10_eta": -3.317522559618666, "log10_lambda": 0.8889602576848139, "log10_min_child_weight": 1.4986220411317264, "log10_subsample": -0.6454819253413001, "max_depth": 8.0, "num_boost_round": 5.0}, "datetime": {"datetime": "2024-01-19 00:21:20", "elapsed": 587.741213, "delta": 0.000847}}
{"target": -13.75850998042212, "params": {"gamma": 199.63040589087257, "log10_alpha": -2.3380672107945424, "log10_colsample_bytree": -0.9356359697622709, "log10_eta": -3.317522559618666, "log10_lambda": 0.8889602576848139, "log10_min_child_weight": 1.4986220411317264, "log10_subsample": -0.6454819253413001, "max_depth": 8.0, "num_boost_round": 6.0}, "datetime": {"datetime": "2024-01-19 00:21:20", "elapsed": 587.742065, "delta": 0.000852}}
{"target": -13.758495242502974, "params": {"gamma": 199.63040589087257, "log10_alpha": -2.3380672107945424, "log10_colsample_bytree": -0.9356359697622709, "log10_eta": -3.317522559618666, "log10_lambda": 0.8889602576848139, "log10_min_child_weight": 1.4986220411317264, "log10_subsample": -0.6454819253413001, "max_depth": 8.0, "num_boost_round": 7.0}, "datetime": {"datetime": "2024-01-19 00:21:20", "elapsed": 587.742913, "delta": 0.000848}}
{"target": -13.758489642418931, "params": {"gamma": 199.63040589087257, "log10_alpha": -2.3380672107945424, "log10_colsample_bytree": -0.9356359697622709, "log10_eta": -3.317522559618666, "log10_lambda": 0.8889602576848139, "log10_min_child_weight": 1.4986220411317264, "log10_subsample": -0.6454819253413001, "max_depth": 8.0, "num_boost_round": 8.0}, "datetime": {"datetime": "2024-01-19 00:21:20", "elapsed": 587.743759, "delta": 0.000846}}
{"target": -13.75848537242199, "params": {"gamma": 199.63040589087257, "log10_alpha": -2.3380672107945424, "log10_colsample_bytree": -0.9356359697622709, "log10_eta": -3.317522559618666, "log10_lambda": 0.8889602576848139, "log10_min_child_weight": 1.4986220411317264, "log10_subsample": -0.6454819253413001, "max_depth": 8.0, "num_boost_round": 9.0}, "datetime": {"datetime": "2024-01-19 00:21:20", "elapsed": 587.744595, "delta": 0.000836}}
{"target": -13.758461521073755, "params": {"gamma": 199.63040589087257, "log10_alpha": -2.3380672107945424, "log10_colsample_bytree": -0.9356359697622709, "log10_eta": -3.317522559618666, "log10_lambda": 0.8889602576848139, "log10_min_child_weight": 1.4986220411317264, "log10_subsample": -0.6454819253413001, "max_depth": 8.0, "num_boost_round": 10.0}, "datetime": {"datetime": "2024-01-19 00:21:20", "elapsed": 587.745446, "delta": 0.000851}}
{"target": -13.758461445417542, "params": {"gamma": 199.63040589087257, "log10_alpha": -2.3380672107945424, "log10_colsample_bytree": -0.9356359697622709, "log10_eta": -3.317522559618666, "log10_lambda": 0.8889602576848139, "log10_min_child_weight": 1.4986220411317264, "log10_subsample": -0.6454819253413001, "max_depth": 8.0, "num_boost_round": 11.0}, "datetime": {"datetime": "2024-01-19 00:21:20", "elapsed": 587.746301, "delta": 0.000855}}
{"target": -13.7584474827348, "params": {"gamma": 199.63040589087257, "log10_alpha": -2.3380672107945424, "log10_colsample_bytree": -0.9356359697622709, "log10_eta": -3.317522559618666, "log10_lambda": 0.8889602576848139, "log10_min_child_weight": 1.4986220411317264, "log10_subsample": -0.6454819253413001, "max_depth": 8.0, "num_boost_round": 12.0}, "datetime": {"datetime": "2024-01-19 00:21:20", "elapsed": 587.747161, "delta": 0.00086}}
{"target": -13.758427969061357, "params": {"gamma": 199.63040589087257, "log10_alpha": -2.3380672107945424, "log10_colsample_bytree": -0.9356359697622709, "log10_eta": -3.317522559618666, "log10_lambda": 0.8889602576848139, "log10_min_child_weight": 1.4986220411317264, "log10_subsample": -0.6454819253413001, "max_depth": 8.0, "num_boost_round": 13.0}, "datetime": {"datetime": "2024-01-19 00:21:20", "elapsed": 587.748038, "delta": 0.000877}}
{"target": -13.758424662491135, "params": {"gamma": 199.63040589087257, "log10_alpha": -2.3380672107945424, "log10_colsample_bytree": -0.9356359697622709, "log10_eta": -3.317522559618666, "log10_lambda": 0.8889602576848139, "log10_min_child_weight": 1.4986220411317264, "log10_subsample": -0.6454819253413001, "max_depth": 8.0, "num_boost_round": 14.0}, "datetime": {"datetime": "2024-01-19 00:21:20", "elapsed": 587.749976, "delta": 0.001938}}
{"target": -13.758411172250172, "params": {"gamma": 199.63040589087257, "log10_alpha": -2.3380672107945424, "log10_colsample_bytree": -0.9356359697622709, "log10_eta": -3.317522559618666, "log10_lambda": 0.8889602576848139, "log10_min_child_weight": 1.4986220411317264, "log10_subsample": -0.6454819253413001, "max_depth": 8.0, "num_boost_round": 15.0}, "datetime": {"datetime": "2024-01-19 00:21:20", "elapsed": 587.751475, "delta": 0.001499}}
{"target": -13.758407293646638, "params": {"gamma": 199.63040589087257, "log10_alpha": -2.3380672107945424, "log10_colsample_bytree": -0.9356359697622709, "log10_eta": -3.317522559618666, "log10_lambda": 0.8889602576848139, "log10_min_child_weight": 1.4986220411317264, "log10_subsample": -0.6454819253413001, "max_depth": 8.0, "num_boost_round": 16.0}, "datetime": {"datetime": "2024-01-19 00:21:20", "elapsed": 587.752668, "delta": 0.001193}}
{"target": -13.758382011925617, "params": {"gamma": 199.63040589087257, "log10_alpha": -2.3380672107945424, "log10_colsample_bytree": -0.9356359697622709, "log10_eta": -3.317522559618666, "log10_lambda": 0.8889602576848139, "log10_min_child_weight": 1.4986220411317264, "log10_subsample": -0.6454819253413001, "max_depth": 8.0, "num_boost_round": 17.0}, "datetime": {"datetime": "2024-01-19 00:21:20", "elapsed": 587.753676, "delta": 0.001008}}
{"target": -13.758486284267516, "params": {"gamma": 201.41437366001958, "log10_alpha": 0.6824878022154302, "log10_colsample_bytree": -0.12463500902083569, "log10_eta": -2.2721673690463375, "log10_lambda": -4.932433960339522, "log10_min_child_weight": 1.0818614863487404, "log10_subsample": -0.8144695032843254, "max_depth": 2.0, "num_boost_round": 0.0}, "datetime": {"datetime": "2024-01-19 00:21:41", "elapsed": 609.345893, "delta": 21.592217}}
{"target": -13.758434526704592, "params": {"gamma": 201.41437366001958, "log10_alpha": 0.6824878022154302, "log10_colsample_bytree": -0.12463500902083569, "log10_eta": -2.2721673690463375, "log10_lambda": -4.932433960339522, "log10_min_child_weight": 1.0818614863487404, "log10_subsample": -0.8144695032843254, "max_depth": 2.0, "num_boost_round": 1.0}, "datetime": {"datetime": "2024-01-19 00:21:41", "elapsed": 609.347465, "delta": 0.001572}}
{"target": -13.758341421559903, "params": {"gamma": 201.41437366001958, "log10_alpha": 0.6824878022154302, "log10_colsample_bytree": -0.12463500902083569, "log10_eta": -2.2721673690463375, "log10_lambda": -4.932433960339522, "log10_min_child_weight": 1.0818614863487404, "log10_subsample": -0.8144695032843254, "max_depth": 2.0, "num_boost_round": 2.0}, "datetime": {"datetime": "2024-01-19 00:21:41", "elapsed": 609.348437, "delta": 0.000972}}
{"target": -13.75831437197525, "params": {"gamma": 201.41437366001958, "log10_alpha": 0.6824878022154302, "log10_colsample_bytree": -0.12463500902083569, "log10_eta": -2.2721673690463375, "log10_lambda": -4.932433960339522, "log10_min_child_weight": 1.0818614863487404, "log10_subsample": -0.8144695032843254, "max_depth": 2.0, "num_boost_round": 3.0}, "datetime": {"datetime": "2024-01-19 00:21:41", "elapsed": 609.349327, "delta": 0.00089}}
{"target": -13.758259870128406, "params": {"gamma": 201.41437366001958, "log10_alpha": 0.6824878022154302, "log10_colsample_bytree": -0.12463500902083569, "log10_eta": -2.2721673690463375, "log10_lambda": -4.932433960339522, "log10_min_child_weight": 1.0818614863487404, "log10_subsample": -0.8144695032843254, "max_depth": 2.0, "num_boost_round": 4.0}, "datetime": {"datetime": "2024-01-19 00:21:41", "elapsed": 609.350201, "delta": 0.000874}}
{"target": -13.758241017640179, "params": {"gamma": 201.41437366001958, "log10_alpha": 0.6824878022154302, "log10_colsample_bytree": -0.12463500902083569, "log10_eta": -2.2721673690463375, "log10_lambda": -4.932433960339522, "log10_min_child_weight": 1.0818614863487404, "log10_subsample": -0.8144695032843254, "max_depth": 2.0, "num_boost_round": 5.0}, "datetime": {"datetime": "2024-01-19 00:21:41", "elapsed": 609.351628, "delta": 0.001427}}
