{"target": -13.758525151579102, "params": {"gamma": 877.1756961023683, "log10_alpha": 0.5797711853103635, "log10_colsample_bytree": -0.1453750815468674, "log10_eta": -3.9738409474693275, "log10_lambda": -2.974619052096477, "log10_min_child_weight": 4.8991854140724, "log10_subsample": -0.7048802579491781, "max_depth": 3.0, "num_boost_round": 39.0}, "datetime": {"datetime": "2024-01-19 01:07:10", "elapsed": 3335.091394, "delta": 0.004142}}
{"target": -13.75852480173483, "params": {"gamma": 877.1756961023683, "log10_alpha": 0.5797711853103635, "log10_colsample_bytree": -0.1453750815468674, "log10_eta": -3.9738409474693275, "log10_lambda": -2.974619052096477, "log10_min_child_weight": 4.8991854140724, "log10_subsample": -0.7048802579491781, "max_depth": 3.0, "num_boost_round": 40.0}, "datetime": {"datetime": "2024-01-19 01:07:10", "elapsed": 3335.095528, "delta": 0.004134}}
{"target": -13.758524437330124, "params": {"gamma": 877.1756961023683, "log10_alpha": 0.5797711853103635, "log10_colsample_bytree": -0.1453750815468674, "log10_eta": -3.9738409474693275, "log10_lambda": -2.974619052096477, "log10_min_child_weight": 4.8991854140724, "log10_subsample": -0.7048802579491781, "max_depth": 3.0, "num_boost_round": 41.0}, "datetime": {"datetime": "2024-01-19 01:07:10", "elapsed": 3335.099728, "delta": 0.0042}}
{"target": -13.758523822479214, "params": {"gamma": 877.1756961023683, "log10_alpha": 0.5797711853103635, "log10_colsample_bytree": -0.1453750815468674, "log10_eta": -3.9738409474693275, "log10_lambda": -2.974619052096477, "log10_min_child_weight": 4.8991854140724, "log10_subsample": -0.7048802579491781, "max_depth": 3.0, "num_boost_round": 42.0}, "datetime": {"datetime": "2024-01-19 01:07:10", "elapsed": 3335.103906, "delta": 0.004178}}
{"target": -13.75852335746945, "params": {"gamma": 877.1756961023683, "log10_alpha": 0.5797711853103635, "log10_colsample_bytree": -0.1453750815468674, "log10_eta": -3.9738409474693275, "log10_lambda": -2.974619052096477, "log10_min_child_weight": 4.8991854140724, "log10_subsample": -0.7048802579491781, "max_depth": 3.0, "num_boost_round": 43.0}, "datetime": {"datetime": "2024-01-19 01:07:10", "elapsed": 3335.10807, "delta": 0.004164}}
{"target": -13.758522870271369, "params": {"gamma": 877.1756961023683, "log10_alpha": 0.5797711853103635, "log10_colsample_bytree": -0.1453750815468674, "log10_eta": -3.9738409474693275, "log10_lambda": -2.974619052096477, "log10_min_child_weight": 4.8991854140724, "log10_subsample": -0.7048802579491781, "max_depth": 3.0, "num_boost_round": 44.0}, "datetime": {"datetime": "2024-01-19 01:07:10", "elapsed": 3335.112276, "delta": 0.004206}}
{"target": -13.75852256776939, "params": {"gamma": 877.1756961023683, "log10_alpha": 0.5797711853103635, "log10_colsample_bytree": -0.1453750815468674, "log10_eta": -3.9738409474693275, "log10_lambda": -2.974619052096477, "log10_min_child_weight": 4.8991854140724, "log10_subsample": -0.7048802579491781, "max_depth": 3.0, "num_boost_round": 45.0}, "datetime": {"datetime": "2024-01-19 01:07:10", "elapsed": 3335.116398, "delta": 0.004122}}
{"target": -13.758522241800456, "params": {"gamma": 877.1756961023683, "log10_alpha": 0.5797711853103635, "log10_colsample_bytree": -0.1453750815468674, "log10_eta": -3.9738409474693275, "log10_lambda": -2.974619052096477, "log10_min_child_weight": 4.8991854140724, "log10_subsample": -0.7048802579491781, "max_depth": 3.0, "num_boost_round": 46.0}, "datetime": {"datetime": "2024-01-19 01:07:10", "elapsed": 3335.120593, "delta": 0.004195}}
{"target": -13.75852182829453, "params": {"gamma": 877.1756961023683, "log10_alpha": 0.5797711853103635, "log10_colsample_bytree": -0.1453750815468674, "log10_eta": -3.9738409474693275, "log10_lambda": -2.974619052096477, "log10_min_child_weight": 4.8991854140724, "log10_subsample": -0.7048802579491781, "max_depth": 3.0, "num_boost_round": 47.0}, "datetime": {"datetime": "2024-01-19 01:07:10", "elapsed": 3335.124842, "delta": 0.004249}}
{"target": -13.758521782003527, "params": {"gamma": 877.1756961023683, "log10_alpha": 0.5797711853103635, "log10_colsample_bytree": -0.1453750815468674, "log10_eta": -3.9738409474693275, "log10_lambda": -2.974619052096477, "log10_min_child_weight": 4.8991854140724, "log10_subsample": -0.7048802579491781, "max_depth": 3.0, "num_boost_round": 48.0}, "datetime": {"datetime": "2024-01-19 01:07:10", "elapsed": 3335.12904, "delta": 0.004198}}
{"target": -13.758521492047205, "params": {"gamma": 877.1756961023683, "log10_alpha": 0.5797711853103635, "log10_colsample_bytree": -0.1453750815468674, "log10_eta": -3.9738409474693275, "log10_lambda": -2.974619052096477, "log10_min_child_weight": 4.8991854140724, "log10_subsample": -0.7048802579491781, "max_depth": 3.0, "num_boost_round": 49.0}, "datetime": {"datetime": "2024-01-19 01:07:10", "elapsed": 3335.133242, "delta": 0.004202}}
{"target": -13.758537302775485, "params": {"gamma": 866.747925104593, "log10_alpha": -1.8935889861003945, "log10_colsample_bytree": -0.509296855379506, "log10_eta": -3.908821310146531, "log10_lambda": -1.4254916231154198, "log10_min_child_weight": 2.388467974865492, "log10_subsample": -0.9905346189271137, "max_depth": 4.0, "num_boost_round": 0.0}, "datetime": {"datetime": "2024-01-19 01:07:57", "elapsed": 3381.465686, "delta": 46.332444}}
{"target": -13.758533687637371, "params": {"gamma": 866.747925104593, "log10_alpha": -1.8935889861003945, "log10_colsample_bytree": -0.509296855379506, "log10_eta": -3.908821310146531, "log10_lambda": -1.4254916231154198, "log10_min_child_weight": 2.388467974865492, "log10_subsample": -0.9905346189271137, "max_depth": 4.0, "num_boost_round": 1.0}, "datetime": {"datetime": "2024-01-19 01:07:57", "elapsed": 3381.47044, "delta": 0.004754}}
{"target": -13.758532134227046, "params": {"gamma": 866.747925104593, "log10_alpha": -1.8935889861003945, "log10_colsample_bytree": -0.509296855379506, "log10_eta": -3.908821310146531, "log10_lambda": -1.4254916231154198, "log10_min_child_weight": 2.388467974865492, "log10_subsample": -0.9905346189271137, "max_depth": 4.0, "num_boost_round": 2.0}, "datetime": {"datetime": "2024-01-19 01:07:57", "elapsed": 3381.475594, "delta": 0.005154}}
{"target": -13.758528147691075, "params": {"gamma": 866.747925104593, "log10_alpha": -1.8935889861003945, "log10_colsample_bytree": -0.509296855379506, "log10_eta": -3.908821310146531, "log10_lambda": -1.4254916231154198, "log10_min_child_weight": 2.388467974865492, "log10_subsample": -0.9905346189271137, "max_depth": 4.0, "num_boost_round": 3.0}, "datetime": {"datetime": "2024-01-19 01:07:57", "elapsed": 3381.479761, "delta": 0.004167}}
{"target": -13.758527092179044, "params": {"gamma": 866.747925104593, "log10_alpha": -1.8935889861003945, "log10_colsample_bytree": -0.509296855379506, "log10_eta": -3.908821310146531, "log10_lambda": -1.4254916231154198, "log10_min_child_weight": 2.388467974865492, "log10_subsample": -0.9905346189271137, "max_depth": 4.0, "num_boost_round": 4.0}, "datetime": {"datetime": "2024-01-19 01:07:57", "elapsed": 3381.483868, "delta": 0.004107}}
{"target": -13.758528996493373, "params": {"gamma": 866.747925104593, "log10_alpha": -1.8935889861003945, "log10_colsample_bytree": -0.509296855379506, "log10_eta": -3.908821310146531, "log10_lambda": -1.4254916231154198, "log10_min_child_weight": 2.388467974865492, "log10_subsample": -0.9905346189271137, "max_depth": 4.0, "num_boost_round": 5.0}, "datetime": {"datetime": "2024-01-19 01:07:57", "elapsed": 3381.488138, "delta": 0.00427}}
{"target": -13.758526243185244, "params": {"gamma": 866.747925104593, "log10_alpha": -1.8935889861003945, "log10_colsample_bytree": -0.509296855379506, "log10_eta": -3.908821310146531, "log10_lambda": -1.4254916231154198, "log10_min_child_weight": 2.388467974865492, "log10_subsample": -0.9905346189271137, "max_depth": 4.0, "num_boost_round": 6.0}, "datetime": {"datetime": "2024-01-19 01:07:57", "elapsed": 3381.49243, "delta": 0.004292}}
{"target": -13.758522780840973, "params": {"gamma": 866.747925104593, "log10_alpha": -1.8935889861003945, "log10_colsample_bytree": -0.509296855379506, "log10_eta": -3.908821310146531, "log10_lambda": -1.4254916231154198, "log10_min_child_weight": 2.388467974865492, "log10_subsample": -0.9905346189271137, "max_depth": 4.0, "num_boost_round": 7.0}, "datetime": {"datetime": "2024-01-19 01:07:57", "elapsed": 3381.496542, "delta": 0.004112}}
{"target": -13.758521429723704, "params": {"gamma": 866.747925104593, "log10_alpha": -1.8935889861003945, "log10_colsample_bytree": -0.509296855379506, "log10_eta": -3.908821310146531, "log10_lambda": -1.4254916231154198, "log10_min_child_weight": 2.388467974865492, "log10_subsample": -0.9905346189271137, "max_depth": 4.0, "num_boost_round": 8.0}, "datetime": {"datetime": "2024-01-19 01:07:57", "elapsed": 3381.50077, "delta": 0.004228}}
{"target": -13.758519391864523, "params": {"gamma": 866.747925104593, "log10_alpha": -1.8935889861003945, "log10_colsample_bytree": -0.509296855379506, "log10_eta": -3.908821310146531, "log10_lambda": -1.4254916231154198, "log10_min_child_weight": 2.388467974865492, "log10_subsample": -0.9905346189271137, "max_depth": 4.0, "num_boost_round": 9.0}, "datetime": {"datetime": "2024-01-19 01:07:57", "elapsed": 3381.504859, "delta": 0.004089}}
{"target": -13.758519370870438, "params": {"gamma": 866.747925104593, "log10_alpha": -1.8935889861003945, "log10_colsample_bytree": -0.509296855379506, "log10_eta": -3.908821310146531, "log10_lambda": -1.4254916231154198, "log10_min_child_weight": 2.388467974865492, "log10_subsample": -0.9905346189271137, "max_depth": 4.0, "num_boost_round": 10.0}, "datetime": {"datetime": "2024-01-19 01:07:57", "elapsed": 3381.508938, "delta": 0.004079}}
{"target": -13.758516082790795, "params": {"gamma": 866.747925104593, "log10_alpha": -1.8935889861003945, "log10_colsample_bytree": -0.509296855379506, "log10_eta": -3.908821310146531, "log10_lambda": -1.4254916231154198, "log10_min_child_weight": 2.388467974865492, "log10_subsample": -0.9905346189271137, "max_depth": 4.0, "num_boost_round": 11.0}, "datetime": {"datetime": "2024-01-19 01:07:57", "elapsed": 3381.51335, "delta": 0.004412}}
{"target": -13.758514913108424, "params": {"gamma": 866.747925104593, "log10_alpha": -1.8935889861003945, "log10_colsample_bytree": -0.509296855379506, "log10_eta": -3.908821310146531, "log10_lambda": -1.4254916231154198, "log10_min_child_weight": 2.388467974865492, "log10_subsample": -0.9905346189271137, "max_depth": 4.0, "num_boost_round": 12.0}, "datetime": {"datetime": "2024-01-19 01:07:57", "elapsed": 3381.517432, "delta": 0.004082}}
{"target": -13.75851343330009, "params": {"gamma": 866.747925104593, "log10_alpha": -1.8935889861003945, "log10_colsample_bytree": -0.509296855379506, "log10_eta": -3.908821310146531, "log10_lambda": -1.4254916231154198, "log10_min_child_weight": 2.388467974865492, "log10_subsample": -0.9905346189271137, "max_depth": 4.0, "num_boost_round": 13.0}, "datetime": {"datetime": "2024-01-19 01:07:57", "elapsed": 3381.521557, "delta": 0.004125}}
{"target": -13.758513544044122, "params": {"gamma": 866.747925104593, "log10_alpha": -1.8935889861003945, "log10_colsample_bytree": -0.509296855379506, "log10_eta": -3.908821310146531, "log10_lambda": -1.4254916231154198, "log10_min_child_weight": 2.388467974865492, "log10_subsample": -0.9905346189271137, "max_depth": 4.0, "num_boost_round": 14.0}, "datetime": {"datetime": "2024-01-19 01:07:57", "elapsed": 3381.525739, "delta": 0.004182}}
{"target": -13.758510500359037, "params": {"gamma": 866.747925104593, "log10_alpha": -1.8935889861003945, "log10_colsample_bytree": -0.509296855379506, "log10_eta": -3.908821310146531, "log10_lambda": -1.4254916231154198, "log10_min_child_weight": 2.388467974865492, "log10_subsample": -0.9905346189271137, "max_depth": 4.0, "num_boost_round": 15.0}, "datetime": {"datetime": "2024-01-19 01:07:57", "elapsed": 3381.529823, "delta": 0.004084}}
{"target": -13.758509295823206, "params": {"gamma": 866.747925104593, "log10_alpha": -1.8935889861003945, "log10_colsample_bytree": -0.509296855379506, "log10_eta": -3.908821310146531, "log10_lambda": -1.4254916231154198, "log10_min_child_weight": 2.388467974865492, "log10_subsample": -0.9905346189271137, "max_depth": 4.0, "num_boost_round": 16.0}, "datetime": {"datetime": "2024-01-19 01:07:57", "elapsed": 3381.534157, "delta": 0.004334}}
{"target": -13.758510266654444, "params": {"gamma": 866.747925104593, "log10_alpha": -1.8935889861003945, "log10_colsample_bytree": -0.509296855379506, "log10_eta": -3.908821310146531, "log10_lambda": -1.4254916231154198, "log10_min_child_weight": 2.388467974865492, "log10_subsample": -0.9905346189271137, "max_depth": 4.0, "num_boost_round": 17.0}, "datetime": {"datetime": "2024-01-19 01:07:57", "elapsed": 3381.538518, "delta": 0.004361}}
{"target": -13.758511276239647, "params": {"gamma": 866.747925104593, "log10_alpha": -1.8935889861003945, "log10_colsample_bytree": -0.509296855379506, "log10_eta": -3.908821310146531, "log10_lambda": -1.4254916231154198, "log10_min_child_weight": 2.388467974865492, "log10_subsample": -0.9905346189271137, "max_depth": 4.0, "num_boost_round": 18.0}, "datetime": {"datetime": "2024-01-19 01:07:57", "elapsed": 3381.542673, "delta": 0.004155}}
{"target": -13.758507384369342, "params": {"gamma": 866.747925104593, "log10_alpha": -1.8935889861003945, "log10_colsample_bytree": -0.509296855379506, "log10_eta": -3.908821310146531, "log10_lambda": -1.4254916231154198, "log10_min_child_weight": 2.388467974865492, "log10_subsample": -0.9905346189271137, "max_depth": 4.0, "num_boost_round": 19.0}, "datetime": {"datetime": "2024-01-19 01:07:57", "elapsed": 3381.546867, "delta": 0.004194}}
{"target": -13.758507104489556, "params": {"gamma": 866.747925104593, "log10_alpha": -1.8935889861003945, "log10_colsample_bytree": -0.509296855379506, "log10_eta": -3.908821310146531, "log10_lambda": -1.4254916231154198, "log10_min_child_weight": 2.388467974865492, "log10_subsample": -0.9905346189271137, "max_depth": 4.0, "num_boost_round": 20.0}, "datetime": {"datetime": "2024-01-19 01:07:57", "elapsed": 3381.551203, "delta": 0.004336}}
{"target": -13.758508362658306, "params": {"gamma": 866.747925104593, "log10_alpha": -1.8935889861003945, "log10_colsample_bytree": -0.509296855379506, "log10_eta": -3.908821310146531, "log10_lambda": -1.4254916231154198, "log10_min_child_weight": 2.388467974865492, "log10_subsample": -0.9905346189271137, "max_depth": 4.0, "num_boost_round": 21.0}, "datetime": {"datetime": "2024-01-19 01:07:57", "elapsed": 3381.555585, "delta": 0.004382}}
{"target": -13.758508058737217, "params": {"gamma": 866.747925104593, "log10_alpha": -1.8935889861003945, "log10_colsample_bytree": -0.509296855379506, "log10_eta": -3.908821310146531, "log10_lambda": -1.4254916231154198, "log10_min_child_weight": 2.388467974865492, "log10_subsample": -0.9905346189271137, "max_depth": 4.0, "num_boost_round": 22.0}, "datetime": {"datetime": "2024-01-19 01:07:57", "elapsed": 3381.55977, "delta": 0.004185}}
{"target": -13.75850643057255, "params": {"gamma": 866.747925104593, "log10_alpha": -1.8935889861003945, "log10_colsample_bytree": -0.509296855379506, "log10_eta": -3.908821310146531, "log10_lambda": -1.4254916231154198, "log10_min_child_weight": 2.388467974865492, "log10_subsample": -0.9905346189271137, "max_depth": 4.0, "num_boost_round": 23.0}, "datetime": {"datetime": "2024-01-19 01:07:57", "elapsed": 3381.563991, "delta": 0.004221}}
{"target": -13.758505624775202, "params": {"gamma": 866.747925104593, "log10_alpha": -1.8935889861003945, "log10_colsample_bytree": -0.509296855379506, "log10_eta": -3.908821310146531, "log10_lambda": -1.4254916231154198, "log10_min_child_weight": 2.388467974865492, "log10_subsample": -0.9905346189271137, "max_depth": 4.0, "num_boost_round": 24.0}, "datetime": {"datetime": "2024-01-19 01:07:57", "elapsed": 3381.568122, "delta": 0.004131}}
{"target": -13.75850551393387, "params": {"gamma": 866.747925104593, "log10_alpha": -1.8935889861003945, "log10_colsample_bytree": -0.509296855379506, "log10_eta": -3.908821310146531, "log10_lambda": -1.4254916231154198, "log10_min_child_weight": 2.388467974865492, "log10_subsample": -0.9905346189271137, "max_depth": 4.0, "num_boost_round": 25.0}, "datetime": {"datetime": "2024-01-19 01:07:57", "elapsed": 3381.572406, "delta": 0.004284}}
{"target": -13.75850211729401, "params": {"gamma": 866.747925104593, "log10_alpha": -1.8935889861003945, "log10_colsample_bytree": -0.509296855379506, "log10_eta": -3.908821310146531, "log10_lambda": -1.4254916231154198, "log10_min_child_weight": 2.388467974865492, "log10_subsample": -0.9905346189271137, "max_depth": 4.0, "num_boost_round": 26.0}, "datetime": {"datetime": "2024-01-19 01:07:57", "elapsed": 3381.57665, "delta": 0.004244}}
{"target": -13.758500679948604, "params": {"gamma": 866.747925104593, "log10_alpha": -1.8935889861003945, "log10_colsample_bytree": -0.509296855379506, "log10_eta": -3.908821310146531, "log10_lambda": -1.4254916231154198, "log10_min_child_weight": 2.388467974865492, "log10_subsample": -0.9905346189271137, "max_depth": 4.0, "num_boost_round": 27.0}, "datetime": {"datetime": "2024-01-19 01:07:57", "elapsed": 3381.580767, "delta": 0.004117}}
{"target": -13.758498472012963, "params": {"gamma": 866.747925104593, "log10_alpha": -1.8935889861003945, "log10_colsample_bytree": -0.509296855379506, "log10_eta": -3.908821310146531, "log10_lambda": -1.4254916231154198, "log10_min_child_weight": 2.388467974865492, "log10_subsample": -0.9905346189271137, "max_depth": 4.0, "num_boost_round": 28.0}, "datetime": {"datetime": "2024-01-19 01:07:57", "elapsed": 3381.584888, "delta": 0.004121}}
{"target": -13.758495863143375, "params": {"gamma": 866.747925104593, "log10_alpha": -1.8935889861003945, "log10_colsample_bytree": -0.509296855379506, "log10_eta": -3.908821310146531, "log10_lambda": -1.4254916231154198, "log10_min_child_weight": 2.388467974865492, "log10_subsample": -0.9905346189271137, "max_depth": 4.0, "num_boost_round": 29.0}, "datetime": {"datetime": "2024-01-19 01:07:57", "elapsed": 3381.589125, "delta": 0.004237}}
{"target": -13.758493213285325, "params": {"gamma": 866.747925104593, "log10_alpha": -1.8935889861003945, "log10_colsample_bytree": -0.509296855379506, "log10_eta": -3.908821310146531, "log10_lambda": -1.4254916231154198, "log10_min_child_weight": 2.388467974865492, "log10_subsample": -0.9905346189271137, "max_depth": 4.0, "num_boost_round": 30.0}, "datetime": {"datetime": "2024-01-19 01:07:57", "elapsed": 3381.710349, "delta": 0.121224}}
{"target": -13.758486626997977, "params": {"gamma": 866.747925104593, "log10_alpha": -1.8935889861003945, "log10_colsample_bytree": -0.509296855379506, "log10_eta": -3.908821310146531, "log10_lambda": -1.4254916231154198, "log10_min_child_weight": 2.388467974865492, "log10_subsample": -0.9905346189271137, "max_depth": 4.0, "num_boost_round": 31.0}, "datetime": {"datetime": "2024-01-19 01:07:57", "elapsed": 3381.715268, "delta": 0.004919}}
{"target": -13.758485913756425, "params": {"gamma": 866.747925104593, "log10_alpha": -1.8935889861003945, "log10_colsample_bytree": -0.509296855379506, "log10_eta": -3.908821310146531, "log10_lambda": -1.4254916231154198, "log10_min_child_weight": 2.388467974865492, "log10_subsample": -0.9905346189271137, "max_depth": 4.0, "num_boost_round": 32.0}, "datetime": {"datetime": "2024-01-19 01:07:57", "elapsed": 3381.719963, "delta": 0.004695}}
{"target": -13.758483903222654, "params": {"gamma": 866.747925104593, "log10_alpha": -1.8935889861003945, "log10_colsample_bytree": -0.509296855379506, "log10_eta": -3.908821310146531, "log10_lambda": -1.4254916231154198, "log10_min_child_weight": 2.388467974865492, "log10_subsample": -0.9905346189271137, "max_depth": 4.0, "num_boost_round": 33.0}, "datetime": {"datetime": "2024-01-19 01:07:57", "elapsed": 3381.724281, "delta": 0.004318}}
{"target": -13.75848374033826, "params": {"gamma": 866.747925104593, "log10_alpha": -1.8935889861003945, "log10_colsample_bytree": -0.509296855379506, "log10_eta": -3.908821310146531, "log10_lambda": -1.4254916231154198, "log10_min_child_weight": 2.388467974865492, "log10_subsample": -0.9905346189271137, "max_depth": 4.0, "num_boost_round": 34.0}, "datetime": {"datetime": "2024-01-19 01:07:57", "elapsed": 3381.728539, "delta": 0.004258}}
{"target": -13.758485062050665, "params": {"gamma": 866.747925104593, "log10_alpha": -1.8935889861003945, "log10_colsample_bytree": -0.509296855379506, "log10_eta": -3.908821310146531, "log10_lambda": -1.4254916231154198, "log10_min_child_weight": 2.388467974865492, "log10_subsample": -0.9905346189271137, "max_depth": 4.0, "num_boost_round": 35.0}, "datetime": {"datetime": "2024-01-19 01:07:57", "elapsed": 3381.733065, "delta": 0.004526}}
{"target": -13.758486408886684, "params": {"gamma": 866.747925104593, "log10_alpha": -1.8935889861003945, "log10_colsample_bytree": -0.509296855379506, "log10_eta": -3.908821310146531, "log10_lambda": -1.4254916231154198, "log10_min_child_weight": 2.388467974865492, "log10_subsample": -0.9905346189271137, "max_depth": 4.0, "num_boost_round": 36.0}, "datetime": {"datetime": "2024-01-19 01:07:57", "elapsed": 3381.737454, "delta": 0.004389}}
{"target": -13.758481334291021, "params": {"gamma": 866.747925104593, "log10_alpha": -1.8935889861003945, "log10_colsample_bytree": -0.509296855379506, "log10_eta": -3.908821310146531, "log10_lambda": -1.4254916231154198, "log10_min_child_weight": 2.388467974865492, "log10_subsample": -0.9905346189271137, "max_depth": 4.0, "num_boost_round": 37.0}, "datetime": {"datetime": "2024-01-19 01:07:57", "elapsed": 3381.741934, "delta": 0.00448}}
