{"target": -17.674861391074682, "params": {"gamma": 835.9071942870095, "log10_alpha": -2.2167197016869062, "log10_colsample_bytree": -0.5619087083619807, "log10_eta": -2.431510537775794, "log10_lambda": -0.2841962323291183, "log10_min_child_weight": 2.1961732415847006, "log10_subsample": -0.9654749349241801, "max_depth": 8.0, "num_boost_round": 19.0}, "datetime": {"datetime": "2024-01-19 02:15:48", "elapsed": 7433.489082, "delta": 0.009246}}
{"target": -17.674744858750078, "params": {"gamma": 835.9071942870095, "log10_alpha": -2.2167197016869062, "log10_colsample_bytree": -0.5619087083619807, "log10_eta": -2.431510537775794, "log10_lambda": -0.2841962323291183, "log10_min_child_weight": 2.1961732415847006, "log10_subsample": -0.9654749349241801, "max_depth": 8.0, "num_boost_round": 20.0}, "datetime": {"datetime": "2024-01-19 02:15:48", "elapsed": 7433.49806, "delta": 0.008978}}
{"target": -17.67450326314864, "params": {"gamma": 835.9071942870095, "log10_alpha": -2.2167197016869062, "log10_colsample_bytree": -0.5619087083619807, "log10_eta": -2.431510537775794, "log10_lambda": -0.2841962323291183, "log10_min_child_weight": 2.1961732415847006, "log10_subsample": -0.9654749349241801, "max_depth": 8.0, "num_boost_round": 21.0}, "datetime": {"datetime": "2024-01-19 02:15:48", "elapsed": 7433.506699, "delta": 0.008639}}
{"target": -17.67420077792887, "params": {"gamma": 835.9071942870095, "log10_alpha": -2.2167197016869062, "log10_colsample_bytree": -0.5619087083619807, "log10_eta": -2.431510537775794, "log10_lambda": -0.2841962323291183, "log10_min_child_weight": 2.1961732415847006, "log10_subsample": -0.9654749349241801, "max_depth": 8.0, "num_boost_round": 22.0}, "datetime": {"datetime": "2024-01-19 02:15:48", "elapsed": 7433.515071, "delta": 0.008372}}
{"target": -17.67409455083031, "params": {"gamma": 835.9071942870095, "log10_alpha": -2.2167197016869062, "log10_colsample_bytree": -0.5619087083619807, "log10_eta": -2.431510537775794, "log10_lambda": -0.2841962323291183, "log10_min_child_weight": 2.1961732415847006, "log10_subsample": -0.9654749349241801, "max_depth": 8.0, "num_boost_round": 23.0}, "datetime": {"datetime": "2024-01-19 02:15:48", "elapsed": 7433.523516, "delta": 0.008445}}
{"target": -17.67398996207869, "params": {"gamma": 835.9071942870095, "log10_alpha": -2.2167197016869062, "log10_colsample_bytree": -0.5619087083619807, "log10_eta": -2.431510537775794, "log10_lambda": -0.2841962323291183, "log10_min_child_weight": 2.1961732415847006, "log10_subsample": -0.9654749349241801, "max_depth": 8.0, "num_boost_round": 24.0}, "datetime": {"datetime": "2024-01-19 02:15:49", "elapsed": 7433.532384, "delta": 0.008868}}
{"target": -17.673840746217905, "params": {"gamma": 835.9071942870095, "log10_alpha": -2.2167197016869062, "log10_colsample_bytree": -0.5619087083619807, "log10_eta": -2.431510537775794, "log10_lambda": -0.2841962323291183, "log10_min_child_weight": 2.1961732415847006, "log10_subsample": -0.9654749349241801, "max_depth": 8.0, "num_boost_round": 25.0}, "datetime": {"datetime": "2024-01-19 02:15:49", "elapsed": 7433.541285, "delta": 0.008901}}
{"target": -17.677237266846827, "params": {"gamma": 835.0994699651883, "log10_alpha": -4.999708538204672, "log10_colsample_bytree": -0.577743631172949, "log10_eta": -3.919557679000437, "log10_lambda": -3.577304307366889, "log10_min_child_weight": 1.8511026598523967, "log10_subsample": -0.7657927291622307, "max_depth": 7.0, "num_boost_round": 0.0}, "datetime": {"datetime": "2024-01-19 02:18:33", "elapsed": 7597.815671, "delta": 164.274386}}
{"target": -17.67723194594027, "params": {"gamma": 835.0994699651883, "log10_alpha": -4.999708538204672, "log10_colsample_bytree": -0.577743631172949, "log10_eta": -3.919557679000437, "log10_lambda": -3.577304307366889, "log10_min_child_weight": 1.8511026598523967, "log10_subsample": -0.7657927291622307, "max_depth": 7.0, "num_boost_round": 1.0}, "datetime": {"datetime": "2024-01-19 02:18:33", "elapsed": 7597.823512, "delta": 0.007841}}
{"target": -17.677215334691844, "params": {"gamma": 835.0994699651883, "log10_alpha": -4.999708538204672, "log10_colsample_bytree": -0.577743631172949, "log10_eta": -3.919557679000437, "log10_lambda": -3.577304307366889, "log10_min_child_weight": 1.8511026598523967, "log10_subsample": -0.7657927291622307, "max_depth": 7.0, "num_boost_round": 2.0}, "datetime": {"datetime": "2024-01-19 02:18:33", "elapsed": 7597.831234, "delta": 0.007722}}
{"target": -17.677214882584344, "params": {"gamma": 835.0994699651883, "log10_alpha": -4.999708538204672, "log10_colsample_bytree": -0.577743631172949, "log10_eta": -3.919557679000437, "log10_lambda": -3.577304307366889, "log10_min_child_weight": 1.8511026598523967, "log10_subsample": -0.7657927291622307, "max_depth": 7.0, "num_boost_round": 3.0}, "datetime": {"datetime": "2024-01-19 02:18:33", "elapsed": 7597.838891, "delta": 0.007657}}
{"target": -17.677215844814683, "params": {"gamma": 835.0994699651883, "log10_alpha": -4.999708538204672, "log10_colsample_bytree": -0.577743631172949, "log10_eta": -3.919557679000437, "log10_lambda": -3.577304307366889, "log10_min_child_weight": 1.8511026598523967, "log10_subsample": -0.7657927291622307, "max_depth": 7.0, "num_boost_round": 4.0}, "datetime": {"datetime": "2024-01-19 02:18:33", "elapsed": 7597.846841, "delta": 0.00795}}
{"target": -17.67721080028467, "params": {"gamma": 835.0994699651883, "log10_alpha": -4.999708538204672, "log10_colsample_bytree": -0.577743631172949, "log10_eta": -3.919557679000437, "log10_lambda": -3.577304307366889, "log10_min_child_weight": 1.8511026598523967, "log10_subsample": -0.7657927291622307, "max_depth": 7.0, "num_boost_round": 5.0}, "datetime": {"datetime": "2024-01-19 02:18:33", "elapsed": 7597.854348, "delta": 0.007507}}
{"target": -17.67720867753264, "params": {"gamma": 835.0994699651883, "log10_alpha": -4.999708538204672, "log10_colsample_bytree": -0.577743631172949, "log10_eta": -3.919557679000437, "log10_lambda": -3.577304307366889, "log10_min_child_weight": 1.8511026598523967, "log10_subsample": -0.7657927291622307, "max_depth": 7.0, "num_boost_round": 6.0}, "datetime": {"datetime": "2024-01-19 02:18:33", "elapsed": 7597.862058, "delta": 0.00771}}
{"target": -17.677212578805953, "params": {"gamma": 835.0994699651883, "log10_alpha": -4.999708538204672, "log10_colsample_bytree": -0.577743631172949, "log10_eta": -3.919557679000437, "log10_lambda": -3.577304307366889, "log10_min_child_weight": 1.8511026598523967, "log10_subsample": -0.7657927291622307, "max_depth": 7.0, "num_boost_round": 7.0}, "datetime": {"datetime": "2024-01-19 02:18:33", "elapsed": 7597.869433, "delta": 0.007375}}
{"target": -17.677208569992164, "params": {"gamma": 835.0994699651883, "log10_alpha": -4.999708538204672, "log10_colsample_bytree": -0.577743631172949, "log10_eta": -3.919557679000437, "log10_lambda": -3.577304307366889, "log10_min_child_weight": 1.8511026598523967, "log10_subsample": -0.7657927291622307, "max_depth": 7.0, "num_boost_round": 8.0}, "datetime": {"datetime": "2024-01-19 02:18:33", "elapsed": 7597.876914, "delta": 0.007481}}
{"target": -17.67720221662852, "params": {"gamma": 835.0994699651883, "log10_alpha": -4.999708538204672, "log10_colsample_bytree": -0.577743631172949, "log10_eta": -3.919557679000437, "log10_lambda": -3.577304307366889, "log10_min_child_weight": 1.8511026598523967, "log10_subsample": -0.7657927291622307, "max_depth": 7.0, "num_boost_round": 9.0}, "datetime": {"datetime": "2024-01-19 02:18:33", "elapsed": 7597.884328, "delta": 0.007414}}
{"target": -17.677190994022865, "params": {"gamma": 835.0994699651883, "log10_alpha": -4.999708538204672, "log10_colsample_bytree": -0.577743631172949, "log10_eta": -3.919557679000437, "log10_lambda": -3.577304307366889, "log10_min_child_weight": 1.8511026598523967, "log10_subsample": -0.7657927291622307, "max_depth": 7.0, "num_boost_round": 10.0}, "datetime": {"datetime": "2024-01-19 02:18:33", "elapsed": 7597.892028, "delta": 0.0077}}
{"target": -17.677187550072148, "params": {"gamma": 835.0994699651883, "log10_alpha": -4.999708538204672, "log10_colsample_bytree": -0.577743631172949, "log10_eta": -3.919557679000437, "log10_lambda": -3.577304307366889, "log10_min_child_weight": 1.8511026598523967, "log10_subsample": -0.7657927291622307, "max_depth": 7.0, "num_boost_round": 11.0}, "datetime": {"datetime": "2024-01-19 02:18:33", "elapsed": 7597.899663, "delta": 0.007635}}
{"target": -17.67718512417133, "params": {"gamma": 835.0994699651883, "log10_alpha": -4.999708538204672, "log10_colsample_bytree": -0.577743631172949, "log10_eta": -3.919557679000437, "log10_lambda": -3.577304307366889, "log10_min_child_weight": 1.8511026598523967, "log10_subsample": -0.7657927291622307, "max_depth": 7.0, "num_boost_round": 12.0}, "datetime": {"datetime": "2024-01-19 02:18:33", "elapsed": 7597.907353, "delta": 0.00769}}
{"target": -17.677170413759708, "params": {"gamma": 835.0994699651883, "log10_alpha": -4.999708538204672, "log10_colsample_bytree": -0.577743631172949, "log10_eta": -3.919557679000437, "log10_lambda": -3.577304307366889, "log10_min_child_weight": 1.8511026598523967, "log10_subsample": -0.7657927291622307, "max_depth": 7.0, "num_boost_round": 13.0}, "datetime": {"datetime": "2024-01-19 02:18:33", "elapsed": 7597.914744, "delta": 0.007391}}
{"target": -17.677175458778077, "params": {"gamma": 835.0994699651883, "log10_alpha": -4.999708538204672, "log10_colsample_bytree": -0.577743631172949, "log10_eta": -3.919557679000437, "log10_lambda": -3.577304307366889, "log10_min_child_weight": 1.8511026598523967, "log10_subsample": -0.7657927291622307, "max_depth": 7.0, "num_boost_round": 14.0}, "datetime": {"datetime": "2024-01-19 02:18:33", "elapsed": 7597.922466, "delta": 0.007722}}
{"target": -17.67716919696989, "params": {"gamma": 835.0994699651883, "log10_alpha": -4.999708538204672, "log10_colsample_bytree": -0.577743631172949, "log10_eta": -3.919557679000437, "log10_lambda": -3.577304307366889, "log10_min_child_weight": 1.8511026598523967, "log10_subsample": -0.7657927291622307, "max_depth": 7.0, "num_boost_round": 15.0}, "datetime": {"datetime": "2024-01-19 02:18:33", "elapsed": 7597.930171, "delta": 0.007705}}
{"target": -17.67717239390839, "params": {"gamma": 835.0994699651883, "log10_alpha": -4.999708538204672, "log10_colsample_bytree": -0.577743631172949, "log10_eta": -3.919557679000437, "log10_lambda": -3.577304307366889, "log10_min_child_weight": 1.8511026598523967, "log10_subsample": -0.7657927291622307, "max_depth": 7.0, "num_boost_round": 16.0}, "datetime": {"datetime": "2024-01-19 02:18:33", "elapsed": 7597.938089, "delta": 0.007918}}
{"target": -17.67716519836382, "params": {"gamma": 835.0994699651883, "log10_alpha": -4.999708538204672, "log10_colsample_bytree": -0.577743631172949, "log10_eta": -3.919557679000437, "log10_lambda": -3.577304307366889, "log10_min_child_weight": 1.8511026598523967, "log10_subsample": -0.7657927291622307, "max_depth": 7.0, "num_boost_round": 17.0}, "datetime": {"datetime": "2024-01-19 02:18:33", "elapsed": 7597.945691, "delta": 0.007602}}
{"target": -17.67716355152012, "params": {"gamma": 835.0994699651883, "log10_alpha": -4.999708538204672, "log10_colsample_bytree": -0.577743631172949, "log10_eta": -3.919557679000437, "log10_lambda": -3.577304307366889, "log10_min_child_weight": 1.8511026598523967, "log10_subsample": -0.7657927291622307, "max_depth": 7.0, "num_boost_round": 18.0}, "datetime": {"datetime": "2024-01-19 02:18:33", "elapsed": 7597.953229, "delta": 0.007538}}
{"target": -17.677155818234727, "params": {"gamma": 835.0994699651883, "log10_alpha": -4.999708538204672, "log10_colsample_bytree": -0.577743631172949, "log10_eta": -3.919557679000437, "log10_lambda": -3.577304307366889, "log10_min_child_weight": 1.8511026598523967, "log10_subsample": -0.7657927291622307, "max_depth": 7.0, "num_boost_round": 19.0}, "datetime": {"datetime": "2024-01-19 02:18:33", "elapsed": 7597.960878, "delta": 0.007649}}
{"target": -17.6771494706629, "params": {"gamma": 835.0994699651883, "log10_alpha": -4.999708538204672, "log10_colsample_bytree": -0.577743631172949, "log10_eta": -3.919557679000437, "log10_lambda": -3.577304307366889, "log10_min_child_weight": 1.8511026598523967, "log10_subsample": -0.7657927291622307, "max_depth": 7.0, "num_boost_round": 20.0}, "datetime": {"datetime": "2024-01-19 02:18:33", "elapsed": 7597.968393, "delta": 0.007515}}
{"target": -17.677147675666678, "params": {"gamma": 835.0994699651883, "log10_alpha": -4.999708538204672, "log10_colsample_bytree": -0.577743631172949, "log10_eta": -3.919557679000437, "log10_lambda": -3.577304307366889, "log10_min_child_weight": 1.8511026598523967, "log10_subsample": -0.7657927291622307, "max_depth": 7.0, "num_boost_round": 21.0}, "datetime": {"datetime": "2024-01-19 02:18:33", "elapsed": 7597.976141, "delta": 0.007748}}
{"target": -17.677139643794877, "params": {"gamma": 835.0994699651883, "log10_alpha": -4.999708538204672, "log10_colsample_bytree": -0.577743631172949, "log10_eta": -3.919557679000437, "log10_lambda": -3.577304307366889, "log10_min_child_weight": 1.8511026598523967, "log10_subsample": -0.7657927291622307, "max_depth": 7.0, "num_boost_round": 22.0}, "datetime": {"datetime": "2024-01-19 02:18:33", "elapsed": 7597.98359, "delta": 0.007449}}
{"target": -17.677132126007383, "params": {"gamma": 835.0994699651883, "log10_alpha": -4.999708538204672, "log10_colsample_bytree": -0.577743631172949, "log10_eta": -3.919557679000437, "log10_lambda": -3.577304307366889, "log10_min_child_weight": 1.8511026598523967, "log10_subsample": -0.7657927291622307, "max_depth": 7.0, "num_boost_round": 23.0}, "datetime": {"datetime": "2024-01-19 02:18:33", "elapsed": 7597.991199, "delta": 0.007609}}
{"target": -17.67712955826278, "params": {"gamma": 835.0994699651883, "log10_alpha": -4.999708538204672, "log10_colsample_bytree": -0.577743631172949, "log10_eta": -3.919557679000437, "log10_lambda": -3.577304307366889, "log10_min_child_weight": 1.8511026598523967, "log10_subsample": -0.7657927291622307, "max_depth": 7.0, "num_boost_round": 24.0}, "datetime": {"datetime": "2024-01-19 02:18:33", "elapsed": 7597.999428, "delta": 0.008229}}
{"target": -17.677117216427416, "params": {"gamma": 835.0994699651883, "log10_alpha": -4.999708538204672, "log10_colsample_bytree": -0.577743631172949, "log10_eta": -3.919557679000437, "log10_lambda": -3.577304307366889, "log10_min_child_weight": 1.8511026598523967, "log10_subsample": -0.7657927291622307, "max_depth": 7.0, "num_boost_round": 25.0}, "datetime": {"datetime": "2024-01-19 02:18:33", "elapsed": 7598.007066, "delta": 0.007638}}
{"target": -17.677115061798485, "params": {"gamma": 835.0994699651883, "log10_alpha": -4.999708538204672, "log10_colsample_bytree": -0.577743631172949, "log10_eta": -3.919557679000437, "log10_lambda": -3.577304307366889, "log10_min_child_weight": 1.8511026598523967, "log10_subsample": -0.7657927291622307, "max_depth": 7.0, "num_boost_round": 26.0}, "datetime": {"datetime": "2024-01-19 02:18:33", "elapsed": 7598.014748, "delta": 0.007682}}
{"target": -17.67711282292631, "params": {"gamma": 835.0994699651883, "log10_alpha": -4.999708538204672, "log10_colsample_bytree": -0.577743631172949, "log10_eta": -3.919557679000437, "log10_lambda": -3.577304307366889, "log10_min_child_weight": 1.8511026598523967, "log10_subsample": -0.7657927291622307, "max_depth": 7.0, "num_boost_round": 27.0}, "datetime": {"datetime": "2024-01-19 02:18:33", "elapsed": 7598.022186, "delta": 0.007438}}
{"target": -17.677102827865, "params": {"gamma": 835.0994699651883, "log10_alpha": -4.999708538204672, "log10_colsample_bytree": -0.577743631172949, "log10_eta": -3.919557679000437, "log10_lambda": -3.577304307366889, "log10_min_child_weight": 1.8511026598523967, "log10_subsample": -0.7657927291622307, "max_depth": 7.0, "num_boost_round": 28.0}, "datetime": {"datetime": "2024-01-19 02:18:33", "elapsed": 7598.030022, "delta": 0.007836}}
{"target": -17.67709384504266, "params": {"gamma": 835.0994699651883, "log10_alpha": -4.999708538204672, "log10_colsample_bytree": -0.577743631172949, "log10_eta": -3.919557679000437, "log10_lambda": -3.577304307366889, "log10_min_child_weight": 1.8511026598523967, "log10_subsample": -0.7657927291622307, "max_depth": 7.0, "num_boost_round": 29.0}, "datetime": {"datetime": "2024-01-19 02:18:33", "elapsed": 7598.037758, "delta": 0.007736}}
{"target": -17.677093882030327, "params": {"gamma": 835.0994699651883, "log10_alpha": -4.999708538204672, "log10_colsample_bytree": -0.577743631172949, "log10_eta": -3.919557679000437, "log10_lambda": -3.577304307366889, "log10_min_child_weight": 1.8511026598523967, "log10_subsample": -0.7657927291622307, "max_depth": 7.0, "num_boost_round": 30.0}, "datetime": {"datetime": "2024-01-19 02:18:33", "elapsed": 7598.045839, "delta": 0.008081}}
{"target": -17.677088553075343, "params": {"gamma": 835.0994699651883, "log10_alpha": -4.999708538204672, "log10_colsample_bytree": -0.577743631172949, "log10_eta": -3.919557679000437, "log10_lambda": -3.577304307366889, "log10_min_child_weight": 1.8511026598523967, "log10_subsample": -0.7657927291622307, "max_depth": 7.0, "num_boost_round": 31.0}, "datetime": {"datetime": "2024-01-19 02:18:33", "elapsed": 7598.054227, "delta": 0.008388}}
