{"target": -13.758529020910165, "params": {"gamma": 704.119558004949, "log10_alpha": 0.7191285184337453, "log10_colsample_bytree": -0.5244157536072146, "log10_eta": -3.7655021200142023, "log10_lambda": 0.9923794130758905, "log10_min_child_weight": 3.9850112036200875, "log10_subsample": -0.73907308954626, "max_depth": 4.0, "num_boost_round": 15.0}, "datetime": {"datetime": "2024-01-19 01:29:54", "elapsed": 4702.212865, "delta": 0.004411}}
{"target": -13.758527961354288, "params": {"gamma": 704.119558004949, "log10_alpha": 0.7191285184337453, "log10_colsample_bytree": -0.5244157536072146, "log10_eta": -3.7655021200142023, "log10_lambda": 0.9923794130758905, "log10_min_child_weight": 3.9850112036200875, "log10_subsample": -0.73907308954626, "max_depth": 4.0, "num_boost_round": 16.0}, "datetime": {"datetime": "2024-01-19 01:29:54", "elapsed": 4702.217338, "delta": 0.004473}}
{"target": -13.758528141384225, "params": {"gamma": 704.119558004949, "log10_alpha": 0.7191285184337453, "log10_colsample_bytree": -0.5244157536072146, "log10_eta": -3.7655021200142023, "log10_lambda": 0.9923794130758905, "log10_min_child_weight": 3.9850112036200875, "log10_subsample": -0.73907308954626, "max_depth": 4.0, "num_boost_round": 17.0}, "datetime": {"datetime": "2024-01-19 01:29:54", "elapsed": 4702.22194, "delta": 0.004602}}
{"target": -13.758537566452683, "params": {"gamma": 716.7788242210032, "log10_alpha": -2.873688424726153, "log10_colsample_bytree": -0.15694945028279608, "log10_eta": -4.0, "log10_lambda": -3.943969519603496, "log10_min_child_weight": 2.4076720369606526, "log10_subsample": -1.0, "max_depth": 5.0, "num_boost_round": 0.0}, "datetime": {"datetime": "2024-01-19 01:31:06", "elapsed": 4774.12489, "delta": 71.90295}}
{"target": -13.75853154529403, "params": {"gamma": 716.7788242210032, "log10_alpha": -2.873688424726153, "log10_colsample_bytree": -0.15694945028279608, "log10_eta": -4.0, "log10_lambda": -3.943969519603496, "log10_min_child_weight": 2.4076720369606526, "log10_subsample": -1.0, "max_depth": 5.0, "num_boost_round": 1.0}, "datetime": {"datetime": "2024-01-19 01:31:06", "elapsed": 4774.130707, "delta": 0.005817}}
{"target": -13.758531921414136, "params": {"gamma": 716.7788242210032, "log10_alpha": -2.873688424726153, "log10_colsample_bytree": -0.15694945028279608, "log10_eta": -4.0, "log10_lambda": -3.943969519603496, "log10_min_child_weight": 2.4076720369606526, "log10_subsample": -1.0, "max_depth": 5.0, "num_boost_round": 2.0}, "datetime": {"datetime": "2024-01-19 01:31:06", "elapsed": 4774.135877, "delta": 0.00517}}
{"target": -13.758530688532426, "params": {"gamma": 716.7788242210032, "log10_alpha": -2.873688424726153, "log10_colsample_bytree": -0.15694945028279608, "log10_eta": -4.0, "log10_lambda": -3.943969519603496, "log10_min_child_weight": 2.4076720369606526, "log10_subsample": -1.0, "max_depth": 5.0, "num_boost_round": 3.0}, "datetime": {"datetime": "2024-01-19 01:31:06", "elapsed": 4774.141272, "delta": 0.005395}}
{"target": -13.758527850944825, "params": {"gamma": 716.7788242210032, "log10_alpha": -2.873688424726153, "log10_colsample_bytree": -0.15694945028279608, "log10_eta": -4.0, "log10_lambda": -3.943969519603496, "log10_min_child_weight": 2.4076720369606526, "log10_subsample": -1.0, "max_depth": 5.0, "num_boost_round": 4.0}, "datetime": {"datetime": "2024-01-19 01:31:06", "elapsed": 4774.146483, "delta": 0.005211}}
{"target": -13.758526848228408, "params": {"gamma": 716.7788242210032, "log10_alpha": -2.873688424726153, "log10_colsample_bytree": -0.15694945028279608, "log10_eta": -4.0, "log10_lambda": -3.943969519603496, "log10_min_child_weight": 2.4076720369606526, "log10_subsample": -1.0, "max_depth": 5.0, "num_boost_round": 5.0}, "datetime": {"datetime": "2024-01-19 01:31:06", "elapsed": 4774.151623, "delta": 0.00514}}
{"target": -13.758528054476846, "params": {"gamma": 716.7788242210032, "log10_alpha": -2.873688424726153, "log10_colsample_bytree": -0.15694945028279608, "log10_eta": -4.0, "log10_lambda": -3.943969519603496, "log10_min_child_weight": 2.4076720369606526, "log10_subsample": -1.0, "max_depth": 5.0, "num_boost_round": 6.0}, "datetime": {"datetime": "2024-01-19 01:31:06", "elapsed": 4774.156469, "delta": 0.004846}}
{"target": -13.7585275390308, "params": {"gamma": 716.7788242210032, "log10_alpha": -2.873688424726153, "log10_colsample_bytree": -0.15694945028279608, "log10_eta": -4.0, "log10_lambda": -3.943969519603496, "log10_min_child_weight": 2.4076720369606526, "log10_subsample": -1.0, "max_depth": 5.0, "num_boost_round": 7.0}, "datetime": {"datetime": "2024-01-19 01:31:06", "elapsed": 4774.161542, "delta": 0.005073}}
{"target": -13.758527223362496, "params": {"gamma": 716.7788242210032, "log10_alpha": -2.873688424726153, "log10_colsample_bytree": -0.15694945028279608, "log10_eta": -4.0, "log10_lambda": -3.943969519603496, "log10_min_child_weight": 2.4076720369606526, "log10_subsample": -1.0, "max_depth": 5.0, "num_boost_round": 8.0}, "datetime": {"datetime": "2024-01-19 01:31:06", "elapsed": 4774.166553, "delta": 0.005011}}
{"target": -13.758524094757197, "params": {"gamma": 716.7788242210032, "log10_alpha": -2.873688424726153, "log10_colsample_bytree": -0.15694945028279608, "log10_eta": -4.0, "log10_lambda": -3.943969519603496, "log10_min_child_weight": 2.4076720369606526, "log10_subsample": -1.0, "max_depth": 5.0, "num_boost_round": 9.0}, "datetime": {"datetime": "2024-01-19 01:31:06", "elapsed": 4774.17153, "delta": 0.004977}}
{"target": -13.758521461027279, "params": {"gamma": 716.7788242210032, "log10_alpha": -2.873688424726153, "log10_colsample_bytree": -0.15694945028279608, "log10_eta": -4.0, "log10_lambda": -3.943969519603496, "log10_min_child_weight": 2.4076720369606526, "log10_subsample": -1.0, "max_depth": 5.0, "num_boost_round": 10.0}, "datetime": {"datetime": "2024-01-19 01:31:06", "elapsed": 4774.176409, "delta": 0.004879}}
{"target": -13.758520427298597, "params": {"gamma": 716.7788242210032, "log10_alpha": -2.873688424726153, "log10_colsample_bytree": -0.15694945028279608, "log10_eta": -4.0, "log10_lambda": -3.943969519603496, "log10_min_child_weight": 2.4076720369606526, "log10_subsample": -1.0, "max_depth": 5.0, "num_boost_round": 11.0}, "datetime": {"datetime": "2024-01-19 01:31:06", "elapsed": 4774.18147, "delta": 0.005061}}
{"target": -13.758519597160761, "params": {"gamma": 716.7788242210032, "log10_alpha": -2.873688424726153, "log10_colsample_bytree": -0.15694945028279608, "log10_eta": -4.0, "log10_lambda": -3.943969519603496, "log10_min_child_weight": 2.4076720369606526, "log10_subsample": -1.0, "max_depth": 5.0, "num_boost_round": 12.0}, "datetime": {"datetime": "2024-01-19 01:31:06", "elapsed": 4774.186369, "delta": 0.004899}}
{"target": -13.758519162149751, "params": {"gamma": 716.7788242210032, "log10_alpha": -2.873688424726153, "log10_colsample_bytree": -0.15694945028279608, "log10_eta": -4.0, "log10_lambda": -3.943969519603496, "log10_min_child_weight": 2.4076720369606526, "log10_subsample": -1.0, "max_depth": 5.0, "num_boost_round": 13.0}, "datetime": {"datetime": "2024-01-19 01:31:06", "elapsed": 4774.191548, "delta": 0.005179}}
{"target": -13.758517800485517, "params": {"gamma": 716.7788242210032, "log10_alpha": -2.873688424726153, "log10_colsample_bytree": -0.15694945028279608, "log10_eta": -4.0, "log10_lambda": -3.943969519603496, "log10_min_child_weight": 2.4076720369606526, "log10_subsample": -1.0, "max_depth": 5.0, "num_boost_round": 14.0}, "datetime": {"datetime": "2024-01-19 01:31:06", "elapsed": 4774.19648, "delta": 0.004932}}
{"target": -13.758516554088539, "params": {"gamma": 716.7788242210032, "log10_alpha": -2.873688424726153, "log10_colsample_bytree": -0.15694945028279608, "log10_eta": -4.0, "log10_lambda": -3.943969519603496, "log10_min_child_weight": 2.4076720369606526, "log10_subsample": -1.0, "max_depth": 5.0, "num_boost_round": 15.0}, "datetime": {"datetime": "2024-01-19 01:31:06", "elapsed": 4774.201464, "delta": 0.004984}}
{"target": -13.758514121032015, "params": {"gamma": 716.7788242210032, "log10_alpha": -2.873688424726153, "log10_colsample_bytree": -0.15694945028279608, "log10_eta": -4.0, "log10_lambda": -3.943969519603496, "log10_min_child_weight": 2.4076720369606526, "log10_subsample": -1.0, "max_depth": 5.0, "num_boost_round": 16.0}, "datetime": {"datetime": "2024-01-19 01:31:06", "elapsed": 4774.206518, "delta": 0.005054}}
{"target": -13.758511155685797, "params": {"gamma": 716.7788242210032, "log10_alpha": -2.873688424726153, "log10_colsample_bytree": -0.15694945028279608, "log10_eta": -4.0, "log10_lambda": -3.943969519603496, "log10_min_child_weight": 2.4076720369606526, "log10_subsample": -1.0, "max_depth": 5.0, "num_boost_round": 17.0}, "datetime": {"datetime": "2024-01-19 01:31:06", "elapsed": 4774.211628, "delta": 0.00511}}
{"target": -13.758511231435584, "params": {"gamma": 716.7788242210032, "log10_alpha": -2.873688424726153, "log10_colsample_bytree": -0.15694945028279608, "log10_eta": -4.0, "log10_lambda": -3.943969519603496, "log10_min_child_weight": 2.4076720369606526, "log10_subsample": -1.0, "max_depth": 5.0, "num_boost_round": 18.0}, "datetime": {"datetime": "2024-01-19 01:31:06", "elapsed": 4774.2165, "delta": 0.004872}}
{"target": -13.758508475753569, "params": {"gamma": 716.7788242210032, "log10_alpha": -2.873688424726153, "log10_colsample_bytree": -0.15694945028279608, "log10_eta": -4.0, "log10_lambda": -3.943969519603496, "log10_min_child_weight": 2.4076720369606526, "log10_subsample": -1.0, "max_depth": 5.0, "num_boost_round": 19.0}, "datetime": {"datetime": "2024-01-19 01:31:06", "elapsed": 4774.22171, "delta": 0.00521}}
{"target": -13.758506922292348, "params": {"gamma": 716.7788242210032, "log10_alpha": -2.873688424726153, "log10_colsample_bytree": -0.15694945028279608, "log10_eta": -4.0, "log10_lambda": -3.943969519603496, "log10_min_child_weight": 2.4076720369606526, "log10_subsample": -1.0, "max_depth": 5.0, "num_boost_round": 20.0}, "datetime": {"datetime": "2024-01-19 01:31:06", "elapsed": 4774.226707, "delta": 0.004997}}
{"target": -13.758502990515762, "params": {"gamma": 716.7788242210032, "log10_alpha": -2.873688424726153, "log10_colsample_bytree": -0.15694945028279608, "log10_eta": -4.0, "log10_lambda": -3.943969519603496, "log10_min_child_weight": 2.4076720369606526, "log10_subsample": -1.0, "max_depth": 5.0, "num_boost_round": 21.0}, "datetime": {"datetime": "2024-01-19 01:31:06", "elapsed": 4774.231654, "delta": 0.004947}}
{"target": -13.758500945227375, "params": {"gamma": 716.7788242210032, "log10_alpha": -2.873688424726153, "log10_colsample_bytree": -0.15694945028279608, "log10_eta": -4.0, "log10_lambda": -3.943969519603496, "log10_min_child_weight": 2.4076720369606526, "log10_subsample": -1.0, "max_depth": 5.0, "num_boost_round": 22.0}, "datetime": {"datetime": "2024-01-19 01:31:06", "elapsed": 4774.236512, "delta": 0.004858}}
{"target": -13.758500013962497, "params": {"gamma": 716.7788242210032, "log10_alpha": -2.873688424726153, "log10_colsample_bytree": -0.15694945028279608, "log10_eta": -4.0, "log10_lambda": -3.943969519603496, "log10_min_child_weight": 2.4076720369606526, "log10_subsample": -1.0, "max_depth": 5.0, "num_boost_round": 23.0}, "datetime": {"datetime": "2024-01-19 01:31:06", "elapsed": 4774.241986, "delta": 0.005474}}
{"target": -13.758498415434355, "params": {"gamma": 716.7788242210032, "log10_alpha": -2.873688424726153, "log10_colsample_bytree": -0.15694945028279608, "log10_eta": -4.0, "log10_lambda": -3.943969519603496, "log10_min_child_weight": 2.4076720369606526, "log10_subsample": -1.0, "max_depth": 5.0, "num_boost_round": 24.0}, "datetime": {"datetime": "2024-01-19 01:31:06", "elapsed": 4774.247324, "delta": 0.005338}}
{"target": -13.758498902442472, "params": {"gamma": 716.7788242210032, "log10_alpha": -2.873688424726153, "log10_colsample_bytree": -0.15694945028279608, "log10_eta": -4.0, "log10_lambda": -3.943969519603496, "log10_min_child_weight": 2.4076720369606526, "log10_subsample": -1.0, "max_depth": 5.0, "num_boost_round": 25.0}, "datetime": {"datetime": "2024-01-19 01:31:06", "elapsed": 4774.253289, "delta": 0.005965}}
{"target": -13.758500117421903, "params": {"gamma": 716.7788242210032, "log10_alpha": -2.873688424726153, "log10_colsample_bytree": -0.15694945028279608, "log10_eta": -4.0, "log10_lambda": -3.943969519603496, "log10_min_child_weight": 2.4076720369606526, "log10_subsample": -1.0, "max_depth": 5.0, "num_boost_round": 26.0}, "datetime": {"datetime": "2024-01-19 01:31:06", "elapsed": 4774.258897, "delta": 0.005608}}
{"target": -13.758496933090587, "params": {"gamma": 716.7788242210032, "log10_alpha": -2.873688424726153, "log10_colsample_bytree": -0.15694945028279608, "log10_eta": -4.0, "log10_lambda": -3.943969519603496, "log10_min_child_weight": 2.4076720369606526, "log10_subsample": -1.0, "max_depth": 5.0, "num_boost_round": 27.0}, "datetime": {"datetime": "2024-01-19 01:31:06", "elapsed": 4774.263958, "delta": 0.005061}}
{"target": -13.758524346294898, "params": {"gamma": 710.7345648694824, "log10_alpha": -4.875360609357525, "log10_colsample_bytree": -0.8116285664067618, "log10_eta": -2.946919841569316, "log10_lambda": -0.3144544647516465, "log10_min_child_weight": 2.3362826584295258, "log10_subsample": -0.6085779000213107, "max_depth": 4.0, "num_boost_round": 0.0}, "datetime": {"datetime": "2024-01-19 01:31:46", "elapsed": 4813.581536, "delta": 39.317578}}
{"target": -13.758525434974828, "params": {"gamma": 710.7345648694824, "log10_alpha": -4.875360609357525, "log10_colsample_bytree": -0.8116285664067618, "log10_eta": -2.946919841569316, "log10_lambda": -0.3144544647516465, "log10_min_child_weight": 2.3362826584295258, "log10_subsample": -0.6085779000213107, "max_depth": 4.0, "num_boost_round": 1.0}, "datetime": {"datetime": "2024-01-19 01:31:46", "elapsed": 4813.587371, "delta": 0.005835}}
{"target": -13.758512528217947, "params": {"gamma": 710.7345648694824, "log10_alpha": -4.875360609357525, "log10_colsample_bytree": -0.8116285664067618, "log10_eta": -2.946919841569316, "log10_lambda": -0.3144544647516465, "log10_min_child_weight": 2.3362826584295258, "log10_subsample": -0.6085779000213107, "max_depth": 4.0, "num_boost_round": 2.0}, "datetime": {"datetime": "2024-01-19 01:31:46", "elapsed": 4813.59264, "delta": 0.005269}}
{"target": -13.758500192247222, "params": {"gamma": 710.7345648694824, "log10_alpha": -4.875360609357525, "log10_colsample_bytree": -0.8116285664067618, "log10_eta": -2.946919841569316, "log10_lambda": -0.3144544647516465, "log10_min_child_weight": 2.3362826584295258, "log10_subsample": -0.6085779000213107, "max_depth": 4.0, "num_boost_round": 3.0}, "datetime": {"datetime": "2024-01-19 01:31:46", "elapsed": 4813.597586, "delta": 0.004946}}
{"target": -13.758495280205278, "params": {"gamma": 710.7345648694824, "log10_alpha": -4.875360609357525, "log10_colsample_bytree": -0.8116285664067618, "log10_eta": -2.946919841569316, "log10_lambda": -0.3144544647516465, "log10_min_child_weight": 2.3362826584295258, "log10_subsample": -0.6085779000213107, "max_depth": 4.0, "num_boost_round": 4.0}, "datetime": {"datetime": "2024-01-19 01:31:46", "elapsed": 4813.602355, "delta": 0.004769}}
{"target": -13.758474142488858, "params": {"gamma": 710.7345648694824, "log10_alpha": -4.875360609357525, "log10_colsample_bytree": -0.8116285664067618, "log10_eta": -2.946919841569316, "log10_lambda": -0.3144544647516465, "log10_min_child_weight": 2.3362826584295258, "log10_subsample": -0.6085779000213107, "max_depth": 4.0, "num_boost_round": 5.0}, "datetime": {"datetime": "2024-01-19 01:31:46", "elapsed": 4813.607459, "delta": 0.005104}}
{"target": -13.758471029840234, "params": {"gamma": 710.7345648694824, "log10_alpha": -4.875360609357525, "log10_colsample_bytree": -0.8116285664067618, "log10_eta": -2.946919841569316, "log10_lambda": -0.3144544647516465, "log10_min_child_weight": 2.3362826584295258, "log10_subsample": -0.6085779000213107, "max_depth": 4.0, "num_boost_round": 6.0}, "datetime": {"datetime": "2024-01-19 01:31:46", "elapsed": 4813.612505, "delta": 0.005046}}
{"target": -13.758435314237733, "params": {"gamma": 710.7345648694824, "log10_alpha": -4.875360609357525, "log10_colsample_bytree": -0.8116285664067618, "log10_eta": -2.946919841569316, "log10_lambda": -0.3144544647516465, "log10_min_child_weight": 2.3362826584295258, "log10_subsample": -0.6085779000213107, "max_depth": 4.0, "num_boost_round": 7.0}, "datetime": {"datetime": "2024-01-19 01:31:46", "elapsed": 4813.617342, "delta": 0.004837}}
{"target": -13.758427555582145, "params": {"gamma": 710.7345648694824, "log10_alpha": -4.875360609357525, "log10_colsample_bytree": -0.8116285664067618, "log10_eta": -2.946919841569316, "log10_lambda": -0.3144544647516465, "log10_min_child_weight": 2.3362826584295258, "log10_subsample": -0.6085779000213107, "max_depth": 4.0, "num_boost_round": 8.0}, "datetime": {"datetime": "2024-01-19 01:31:46", "elapsed": 4813.622344, "delta": 0.005002}}
{"target": -13.758424881487038, "params": {"gamma": 710.7345648694824, "log10_alpha": -4.875360609357525, "log10_colsample_bytree": -0.8116285664067618, "log10_eta": -2.946919841569316, "log10_lambda": -0.3144544647516465, "log10_min_child_weight": 2.3362826584295258, "log10_subsample": -0.6085779000213107, "max_depth": 4.0, "num_boost_round": 9.0}, "datetime": {"datetime": "2024-01-19 01:31:46", "elapsed": 4813.627273, "delta": 0.004929}}
{"target": -13.758397190886225, "params": {"gamma": 710.7345648694824, "log10_alpha": -4.875360609357525, "log10_colsample_bytree": -0.8116285664067618, "log10_eta": -2.946919841569316, "log10_lambda": -0.3144544647516465, "log10_min_child_weight": 2.3362826584295258, "log10_subsample": -0.6085779000213107, "max_depth": 4.0, "num_boost_round": 10.0}, "datetime": {"datetime": "2024-01-19 01:31:46", "elapsed": 4813.631931, "delta": 0.004658}}
{"target": -13.758381251601175, "params": {"gamma": 710.7345648694824, "log10_alpha": -4.875360609357525, "log10_colsample_bytree": -0.8116285664067618, "log10_eta": -2.946919841569316, "log10_lambda": -0.3144544647516465, "log10_min_child_weight": 2.3362826584295258, "log10_subsample": -0.6085779000213107, "max_depth": 4.0, "num_boost_round": 11.0}, "datetime": {"datetime": "2024-01-19 01:31:46", "elapsed": 4813.636781, "delta": 0.00485}}
{"target": -13.75837893147222, "params": {"gamma": 710.7345648694824, "log10_alpha": -4.875360609357525, "log10_colsample_bytree": -0.8116285664067618, "log10_eta": -2.946919841569316, "log10_lambda": -0.3144544647516465, "log10_min_child_weight": 2.3362826584295258, "log10_subsample": -0.6085779000213107, "max_depth": 4.0, "num_boost_round": 12.0}, "datetime": {"datetime": "2024-01-19 01:31:46", "elapsed": 4813.642089, "delta": 0.005308}}
{"target": -13.758342907887416, "params": {"gamma": 710.7345648694824, "log10_alpha": -4.875360609357525, "log10_colsample_bytree": -0.8116285664067618, "log10_eta": -2.946919841569316, "log10_lambda": -0.3144544647516465, "log10_min_child_weight": 2.3362826584295258, "log10_subsample": -0.6085779000213107, "max_depth": 4.0, "num_boost_round": 13.0}, "datetime": {"datetime": "2024-01-19 01:31:46", "elapsed": 4813.647004, "delta": 0.004915}}
{"target": -13.758330137677982, "params": {"gamma": 710.7345648694824, "log10_alpha": -4.875360609357525, "log10_colsample_bytree": -0.8116285664067618, "log10_eta": -2.946919841569316, "log10_lambda": -0.3144544647516465, "log10_min_child_weight": 2.3362826584295258, "log10_subsample": -0.6085779000213107, "max_depth": 4.0, "num_boost_round": 14.0}, "datetime": {"datetime": "2024-01-19 01:31:46", "elapsed": 4813.651777, "delta": 0.004773}}
{"target": -13.758305444489169, "params": {"gamma": 710.7345648694824, "log10_alpha": -4.875360609357525, "log10_colsample_bytree": -0.8116285664067618, "log10_eta": -2.946919841569316, "log10_lambda": -0.3144544647516465, "log10_min_child_weight": 2.3362826584295258, "log10_subsample": -0.6085779000213107, "max_depth": 4.0, "num_boost_round": 15.0}, "datetime": {"datetime": "2024-01-19 01:31:46", "elapsed": 4813.656637, "delta": 0.00486}}
{"target": -13.75853638887291, "params": {"gamma": 704.453495813701, "log10_alpha": -4.078922157295548, "log10_colsample_bytree": -0.7075031118870853, "log10_eta": -3.8997023787894816, "log10_lambda": 0.6642103669040589, "log10_min_child_weight": 1.6618637572622834, "log10_subsample": -0.6882395442495225, "max_depth": 3.0, "num_boost_round": 0.0}, "datetime": {"datetime": "2024-01-19 01:33:00", "elapsed": 4887.916614, "delta": 74.259977}}
{"target": -13.758532904547096, "params": {"gamma": 704.453495813701, "log10_alpha": -4.078922157295548, "log10_colsample_bytree": -0.7075031118870853, "log10_eta": -3.8997023787894816, "log10_lambda": 0.6642103669040589, "log10_min_child_weight": 1.6618637572622834, "log10_subsample": -0.6882395442495225, "max_depth": 3.0, "num_boost_round": 1.0}, "datetime": {"datetime": "2024-01-19 01:33:00", "elapsed": 4887.923309, "delta": 0.006695}}
{"target": -13.758531747518132, "params": {"gamma": 704.453495813701, "log10_alpha": -4.078922157295548, "log10_colsample_bytree": -0.7075031118870853, "log10_eta": -3.8997023787894816, "log10_lambda": 0.6642103669040589, "log10_min_child_weight": 1.6618637572622834, "log10_subsample": -0.6882395442495225, "max_depth": 3.0, "num_boost_round": 2.0}, "datetime": {"datetime": "2024-01-19 01:33:00", "elapsed": 4887.928535, "delta": 0.005226}}
{"target": -13.758530967115133, "params": {"gamma": 704.453495813701, "log10_alpha": -4.078922157295548, "log10_colsample_bytree": -0.7075031118870853, "log10_eta": -3.8997023787894816, "log10_lambda": 0.6642103669040589, "log10_min_child_weight": 1.6618637572622834, "log10_subsample": -0.6882395442495225, "max_depth": 3.0, "num_boost_round": 3.0}, "datetime": {"datetime": "2024-01-19 01:33:00", "elapsed": 4887.933331, "delta": 0.004796}}
