{"target": -13.758529304767173, "params": {"gamma": 28.39763716735355, "log10_alpha": -3.891924069588411, "log10_colsample_bytree": -0.48939417965732956, "log10_eta": -3.2480008897915527, "log10_lambda": -4.0537371392368655, "log10_min_child_weight": 4.1071672371761725, "log10_subsample": -0.4423868591265001, "max_depth": 8.0, "num_boost_round": 5.0}, "datetime": {"datetime": "2024-01-19 02:23:36", "elapsed": 7925.065007, "delta": 0.005904}}
{"target": -13.75853143189104, "params": {"gamma": 28.39763716735355, "log10_alpha": -3.891924069588411, "log10_colsample_bytree": -0.48939417965732956, "log10_eta": -3.2480008897915527, "log10_lambda": -4.0537371392368655, "log10_min_child_weight": 4.1071672371761725, "log10_subsample": -0.4423868591265001, "max_depth": 8.0, "num_boost_round": 6.0}, "datetime": {"datetime": "2024-01-19 02:23:36", "elapsed": 7925.070961, "delta": 0.005954}}
{"target": -13.758532200527297, "params": {"gamma": 28.39763716735355, "log10_alpha": -3.891924069588411, "log10_colsample_bytree": -0.48939417965732956, "log10_eta": -3.2480008897915527, "log10_lambda": -4.0537371392368655, "log10_min_child_weight": 4.1071672371761725, "log10_subsample": -0.4423868591265001, "max_depth": 8.0, "num_boost_round": 7.0}, "datetime": {"datetime": "2024-01-19 02:23:36", "elapsed": 7925.077037, "delta": 0.006076}}
{"target": -13.75853003610628, "params": {"gamma": 28.39763716735355, "log10_alpha": -3.891924069588411, "log10_colsample_bytree": -0.48939417965732956, "log10_eta": -3.2480008897915527, "log10_lambda": -4.0537371392368655, "log10_min_child_weight": 4.1071672371761725, "log10_subsample": -0.4423868591265001, "max_depth": 8.0, "num_boost_round": 8.0}, "datetime": {"datetime": "2024-01-19 02:23:36", "elapsed": 7925.083288, "delta": 0.006251}}
{"target": -13.758523998647856, "params": {"gamma": 28.39763716735355, "log10_alpha": -3.891924069588411, "log10_colsample_bytree": -0.48939417965732956, "log10_eta": -3.2480008897915527, "log10_lambda": -4.0537371392368655, "log10_min_child_weight": 4.1071672371761725, "log10_subsample": -0.4423868591265001, "max_depth": 8.0, "num_boost_round": 9.0}, "datetime": {"datetime": "2024-01-19 02:23:36", "elapsed": 7925.089617, "delta": 0.006329}}
{"target": -13.75852174111605, "params": {"gamma": 28.39763716735355, "log10_alpha": -3.891924069588411, "log10_colsample_bytree": -0.48939417965732956, "log10_eta": -3.2480008897915527, "log10_lambda": -4.0537371392368655, "log10_min_child_weight": 4.1071672371761725, "log10_subsample": -0.4423868591265001, "max_depth": 8.0, "num_boost_round": 10.0}, "datetime": {"datetime": "2024-01-19 02:23:37", "elapsed": 7925.204799, "delta": 0.115182}}
{"target": -13.75851774162619, "params": {"gamma": 28.39763716735355, "log10_alpha": -3.891924069588411, "log10_colsample_bytree": -0.48939417965732956, "log10_eta": -3.2480008897915527, "log10_lambda": -4.0537371392368655, "log10_min_child_weight": 4.1071672371761725, "log10_subsample": -0.4423868591265001, "max_depth": 8.0, "num_boost_round": 11.0}, "datetime": {"datetime": "2024-01-19 02:23:37", "elapsed": 7925.211355, "delta": 0.006556}}
{"target": -13.758518958052598, "params": {"gamma": 28.39763716735355, "log10_alpha": -3.891924069588411, "log10_colsample_bytree": -0.48939417965732956, "log10_eta": -3.2480008897915527, "log10_lambda": -4.0537371392368655, "log10_min_child_weight": 4.1071672371761725, "log10_subsample": -0.4423868591265001, "max_depth": 8.0, "num_boost_round": 12.0}, "datetime": {"datetime": "2024-01-19 02:23:37", "elapsed": 7925.217412, "delta": 0.006057}}
{"target": -13.75851879830589, "params": {"gamma": 28.39763716735355, "log10_alpha": -3.891924069588411, "log10_colsample_bytree": -0.48939417965732956, "log10_eta": -3.2480008897915527, "log10_lambda": -4.0537371392368655, "log10_min_child_weight": 4.1071672371761725, "log10_subsample": -0.4423868591265001, "max_depth": 8.0, "num_boost_round": 13.0}, "datetime": {"datetime": "2024-01-19 02:23:37", "elapsed": 7925.227313, "delta": 0.009901}}
{"target": -13.758511147324501, "params": {"gamma": 28.39763716735355, "log10_alpha": -3.891924069588411, "log10_colsample_bytree": -0.48939417965732956, "log10_eta": -3.2480008897915527, "log10_lambda": -4.0537371392368655, "log10_min_child_weight": 4.1071672371761725, "log10_subsample": -0.4423868591265001, "max_depth": 8.0, "num_boost_round": 14.0}, "datetime": {"datetime": "2024-01-19 02:23:37", "elapsed": 7925.233226, "delta": 0.005913}}
{"target": -13.758502725939257, "params": {"gamma": 28.39763716735355, "log10_alpha": -3.891924069588411, "log10_colsample_bytree": -0.48939417965732956, "log10_eta": -3.2480008897915527, "log10_lambda": -4.0537371392368655, "log10_min_child_weight": 4.1071672371761725, "log10_subsample": -0.4423868591265001, "max_depth": 8.0, "num_boost_round": 15.0}, "datetime": {"datetime": "2024-01-19 02:23:37", "elapsed": 7925.23916, "delta": 0.005934}}
{"target": -13.758500371591586, "params": {"gamma": 28.39763716735355, "log10_alpha": -3.891924069588411, "log10_colsample_bytree": -0.48939417965732956, "log10_eta": -3.2480008897915527, "log10_lambda": -4.0537371392368655, "log10_min_child_weight": 4.1071672371761725, "log10_subsample": -0.4423868591265001, "max_depth": 8.0, "num_boost_round": 16.0}, "datetime": {"datetime": "2024-01-19 02:23:37", "elapsed": 7925.245003, "delta": 0.005843}}
{"target": -13.758500132792735, "params": {"gamma": 28.39763716735355, "log10_alpha": -3.891924069588411, "log10_colsample_bytree": -0.48939417965732956, "log10_eta": -3.2480008897915527, "log10_lambda": -4.0537371392368655, "log10_min_child_weight": 4.1071672371761725, "log10_subsample": -0.4423868591265001, "max_depth": 8.0, "num_boost_round": 17.0}, "datetime": {"datetime": "2024-01-19 02:23:37", "elapsed": 7925.251037, "delta": 0.006034}}
{"target": -13.758496195151222, "params": {"gamma": 28.39763716735355, "log10_alpha": -3.891924069588411, "log10_colsample_bytree": -0.48939417965732956, "log10_eta": -3.2480008897915527, "log10_lambda": -4.0537371392368655, "log10_min_child_weight": 4.1071672371761725, "log10_subsample": -0.4423868591265001, "max_depth": 8.0, "num_boost_round": 18.0}, "datetime": {"datetime": "2024-01-19 02:23:37", "elapsed": 7925.25706, "delta": 0.006023}}
{"target": -13.758487809035353, "params": {"gamma": 28.39763716735355, "log10_alpha": -3.891924069588411, "log10_colsample_bytree": -0.48939417965732956, "log10_eta": -3.2480008897915527, "log10_lambda": -4.0537371392368655, "log10_min_child_weight": 4.1071672371761725, "log10_subsample": -0.4423868591265001, "max_depth": 8.0, "num_boost_round": 19.0}, "datetime": {"datetime": "2024-01-19 02:23:37", "elapsed": 7925.263052, "delta": 0.005992}}
{"target": -13.758485807305085, "params": {"gamma": 28.39763716735355, "log10_alpha": -3.891924069588411, "log10_colsample_bytree": -0.48939417965732956, "log10_eta": -3.2480008897915527, "log10_lambda": -4.0537371392368655, "log10_min_child_weight": 4.1071672371761725, "log10_subsample": -0.4423868591265001, "max_depth": 8.0, "num_boost_round": 20.0}, "datetime": {"datetime": "2024-01-19 02:23:37", "elapsed": 7925.269286, "delta": 0.006234}}
{"target": -13.758481375788104, "params": {"gamma": 28.39763716735355, "log10_alpha": -3.891924069588411, "log10_colsample_bytree": -0.48939417965732956, "log10_eta": -3.2480008897915527, "log10_lambda": -4.0537371392368655, "log10_min_child_weight": 4.1071672371761725, "log10_subsample": -0.4423868591265001, "max_depth": 8.0, "num_boost_round": 21.0}, "datetime": {"datetime": "2024-01-19 02:23:37", "elapsed": 7925.275623, "delta": 0.006337}}
{"target": -13.758483224283138, "params": {"gamma": 28.39763716735355, "log10_alpha": -3.891924069588411, "log10_colsample_bytree": -0.48939417965732956, "log10_eta": -3.2480008897915527, "log10_lambda": -4.0537371392368655, "log10_min_child_weight": 4.1071672371761725, "log10_subsample": -0.4423868591265001, "max_depth": 8.0, "num_boost_round": 22.0}, "datetime": {"datetime": "2024-01-19 02:23:37", "elapsed": 7925.281449, "delta": 0.005826}}
{"target": -13.758479338429737, "params": {"gamma": 28.39763716735355, "log10_alpha": -3.891924069588411, "log10_colsample_bytree": -0.48939417965732956, "log10_eta": -3.2480008897915527, "log10_lambda": -4.0537371392368655, "log10_min_child_weight": 4.1071672371761725, "log10_subsample": -0.4423868591265001, "max_depth": 8.0, "num_boost_round": 23.0}, "datetime": {"datetime": "2024-01-19 02:23:37", "elapsed": 7925.287936, "delta": 0.006487}}
{"target": -13.758474487528302, "params": {"gamma": 28.39763716735355, "log10_alpha": -3.891924069588411, "log10_colsample_bytree": -0.48939417965732956, "log10_eta": -3.2480008897915527, "log10_lambda": -4.0537371392368655, "log10_min_child_weight": 4.1071672371761725, "log10_subsample": -0.4423868591265001, "max_depth": 8.0, "num_boost_round": 24.0}, "datetime": {"datetime": "2024-01-19 02:23:37", "elapsed": 7925.294065, "delta": 0.006129}}
{"target": -13.758469148536529, "params": {"gamma": 28.39763716735355, "log10_alpha": -3.891924069588411, "log10_colsample_bytree": -0.48939417965732956, "log10_eta": -3.2480008897915527, "log10_lambda": -4.0537371392368655, "log10_min_child_weight": 4.1071672371761725, "log10_subsample": -0.4423868591265001, "max_depth": 8.0, "num_boost_round": 25.0}, "datetime": {"datetime": "2024-01-19 02:23:37", "elapsed": 7925.300101, "delta": 0.006036}}
{"target": -13.758469268143024, "params": {"gamma": 28.39763716735355, "log10_alpha": -3.891924069588411, "log10_colsample_bytree": -0.48939417965732956, "log10_eta": -3.2480008897915527, "log10_lambda": -4.0537371392368655, "log10_min_child_weight": 4.1071672371761725, "log10_subsample": -0.4423868591265001, "max_depth": 8.0, "num_boost_round": 26.0}, "datetime": {"datetime": "2024-01-19 02:23:37", "elapsed": 7925.306958, "delta": 0.006857}}
{"target": -13.758458878939162, "params": {"gamma": 28.39763716735355, "log10_alpha": -3.891924069588411, "log10_colsample_bytree": -0.48939417965732956, "log10_eta": -3.2480008897915527, "log10_lambda": -4.0537371392368655, "log10_min_child_weight": 4.1071672371761725, "log10_subsample": -0.4423868591265001, "max_depth": 8.0, "num_boost_round": 27.0}, "datetime": {"datetime": "2024-01-19 02:23:37", "elapsed": 7925.313005, "delta": 0.006047}}
{"target": -13.758457853738099, "params": {"gamma": 28.39763716735355, "log10_alpha": -3.891924069588411, "log10_colsample_bytree": -0.48939417965732956, "log10_eta": -3.2480008897915527, "log10_lambda": -4.0537371392368655, "log10_min_child_weight": 4.1071672371761725, "log10_subsample": -0.4423868591265001, "max_depth": 8.0, "num_boost_round": 28.0}, "datetime": {"datetime": "2024-01-19 02:23:37", "elapsed": 7925.318905, "delta": 0.0059}}
{"target": -13.758456968006357, "params": {"gamma": 28.39763716735355, "log10_alpha": -3.891924069588411, "log10_colsample_bytree": -0.48939417965732956, "log10_eta": -3.2480008897915527, "log10_lambda": -4.0537371392368655, "log10_min_child_weight": 4.1071672371761725, "log10_subsample": -0.4423868591265001, "max_depth": 8.0, "num_boost_round": 29.0}, "datetime": {"datetime": "2024-01-19 02:23:37", "elapsed": 7925.324784, "delta": 0.005879}}
{"target": -13.75853821421287, "params": {"gamma": 13.661602080961345, "log10_alpha": -2.003904460995175, "log10_colsample_bytree": -0.9752010130163845, "log10_eta": -3.624281810432217, "log10_lambda": -0.4763343519752459, "log10_min_child_weight": 1.9143958448482983, "log10_subsample": -0.34519181164425294, "max_depth": 3.0, "num_boost_round": 0.0}, "datetime": {"datetime": "2024-01-19 02:24:37", "elapsed": 7985.548996, "delta": 60.224212}}
{"target": -13.75853623189138, "params": {"gamma": 13.661602080961345, "log10_alpha": -2.003904460995175, "log10_colsample_bytree": -0.9752010130163845, "log10_eta": -3.624281810432217, "log10_lambda": -0.4763343519752459, "log10_min_child_weight": 1.9143958448482983, "log10_subsample": -0.34519181164425294, "max_depth": 3.0, "num_boost_round": 1.0}, "datetime": {"datetime": "2024-01-19 02:24:37", "elapsed": 7985.555935, "delta": 0.006939}}
{"target": -13.758535180965968, "params": {"gamma": 13.661602080961345, "log10_alpha": -2.003904460995175, "log10_colsample_bytree": -0.9752010130163845, "log10_eta": -3.624281810432217, "log10_lambda": -0.4763343519752459, "log10_min_child_weight": 1.9143958448482983, "log10_subsample": -0.34519181164425294, "max_depth": 3.0, "num_boost_round": 2.0}, "datetime": {"datetime": "2024-01-19 02:24:37", "elapsed": 7985.562162, "delta": 0.006227}}
{"target": -13.758536160908896, "params": {"gamma": 13.661602080961345, "log10_alpha": -2.003904460995175, "log10_colsample_bytree": -0.9752010130163845, "log10_eta": -3.624281810432217, "log10_lambda": -0.4763343519752459, "log10_min_child_weight": 1.9143958448482983, "log10_subsample": -0.34519181164425294, "max_depth": 3.0, "num_boost_round": 3.0}, "datetime": {"datetime": "2024-01-19 02:24:37", "elapsed": 7985.568133, "delta": 0.005971}}
{"target": -13.758532757656045, "params": {"gamma": 13.661602080961345, "log10_alpha": -2.003904460995175, "log10_colsample_bytree": -0.9752010130163845, "log10_eta": -3.624281810432217, "log10_lambda": -0.4763343519752459, "log10_min_child_weight": 1.9143958448482983, "log10_subsample": -0.34519181164425294, "max_depth": 3.0, "num_boost_round": 4.0}, "datetime": {"datetime": "2024-01-19 02:24:37", "elapsed": 7985.573992, "delta": 0.005859}}
{"target": -13.758530356499316, "params": {"gamma": 13.661602080961345, "log10_alpha": -2.003904460995175, "log10_colsample_bytree": -0.9752010130163845, "log10_eta": -3.624281810432217, "log10_lambda": -0.4763343519752459, "log10_min_child_weight": 1.9143958448482983, "log10_subsample": -0.34519181164425294, "max_depth": 3.0, "num_boost_round": 5.0}, "datetime": {"datetime": "2024-01-19 02:24:37", "elapsed": 7985.579869, "delta": 0.005877}}
{"target": -13.75853310039621, "params": {"gamma": 13.661602080961345, "log10_alpha": -2.003904460995175, "log10_colsample_bytree": -0.9752010130163845, "log10_eta": -3.624281810432217, "log10_lambda": -0.4763343519752459, "log10_min_child_weight": 1.9143958448482983, "log10_subsample": -0.34519181164425294, "max_depth": 3.0, "num_boost_round": 6.0}, "datetime": {"datetime": "2024-01-19 02:24:37", "elapsed": 7985.585872, "delta": 0.006003}}
{"target": -13.758527164580828, "params": {"gamma": 13.661602080961345, "log10_alpha": -2.003904460995175, "log10_colsample_bytree": -0.9752010130163845, "log10_eta": -3.624281810432217, "log10_lambda": -0.4763343519752459, "log10_min_child_weight": 1.9143958448482983, "log10_subsample": -0.34519181164425294, "max_depth": 3.0, "num_boost_round": 7.0}, "datetime": {"datetime": "2024-01-19 02:24:37", "elapsed": 7985.591955, "delta": 0.006083}}
{"target": -13.758529069853621, "params": {"gamma": 13.661602080961345, "log10_alpha": -2.003904460995175, "log10_colsample_bytree": -0.9752010130163845, "log10_eta": -3.624281810432217, "log10_lambda": -0.4763343519752459, "log10_min_child_weight": 1.9143958448482983, "log10_subsample": -0.34519181164425294, "max_depth": 3.0, "num_boost_round": 8.0}, "datetime": {"datetime": "2024-01-19 02:24:37", "elapsed": 7985.597796, "delta": 0.005841}}
{"target": -13.758526949535709, "params": {"gamma": 13.661602080961345, "log10_alpha": -2.003904460995175, "log10_colsample_bytree": -0.9752010130163845, "log10_eta": -3.624281810432217, "log10_lambda": -0.4763343519752459, "log10_min_child_weight": 1.9143958448482983, "log10_subsample": -0.34519181164425294, "max_depth": 3.0, "num_boost_round": 9.0}, "datetime": {"datetime": "2024-01-19 02:24:37", "elapsed": 7985.603671, "delta": 0.005875}}
{"target": -13.75852411505488, "params": {"gamma": 13.661602080961345, "log10_alpha": -2.003904460995175, "log10_colsample_bytree": -0.9752010130163845, "log10_eta": -3.624281810432217, "log10_lambda": -0.4763343519752459, "log10_min_child_weight": 1.9143958448482983, "log10_subsample": -0.34519181164425294, "max_depth": 3.0, "num_boost_round": 10.0}, "datetime": {"datetime": "2024-01-19 02:24:37", "elapsed": 7985.609609, "delta": 0.005938}}
{"target": -13.75852177025953, "params": {"gamma": 13.661602080961345, "log10_alpha": -2.003904460995175, "log10_colsample_bytree": -0.9752010130163845, "log10_eta": -3.624281810432217, "log10_lambda": -0.4763343519752459, "log10_min_child_weight": 1.9143958448482983, "log10_subsample": -0.34519181164425294, "max_depth": 3.0, "num_boost_round": 11.0}, "datetime": {"datetime": "2024-01-19 02:24:37", "elapsed": 7985.61569, "delta": 0.006081}}
{"target": -13.75851942676059, "params": {"gamma": 13.661602080961345, "log10_alpha": -2.003904460995175, "log10_colsample_bytree": -0.9752010130163845, "log10_eta": -3.624281810432217, "log10_lambda": -0.4763343519752459, "log10_min_child_weight": 1.9143958448482983, "log10_subsample": -0.34519181164425294, "max_depth": 3.0, "num_boost_round": 12.0}, "datetime": {"datetime": "2024-01-19 02:24:37", "elapsed": 7985.621797, "delta": 0.006107}}
{"target": -13.758511307187158, "params": {"gamma": 13.661602080961345, "log10_alpha": -2.003904460995175, "log10_colsample_bytree": -0.9752010130163845, "log10_eta": -3.624281810432217, "log10_lambda": -0.4763343519752459, "log10_min_child_weight": 1.9143958448482983, "log10_subsample": -0.34519181164425294, "max_depth": 3.0, "num_boost_round": 13.0}, "datetime": {"datetime": "2024-01-19 02:24:37", "elapsed": 7985.627947, "delta": 0.00615}}
{"target": -13.758508810194318, "params": {"gamma": 13.661602080961345, "log10_alpha": -2.003904460995175, "log10_colsample_bytree": -0.9752010130163845, "log10_eta": -3.624281810432217, "log10_lambda": -0.4763343519752459, "log10_min_child_weight": 1.9143958448482983, "log10_subsample": -0.34519181164425294, "max_depth": 3.0, "num_boost_round": 14.0}, "datetime": {"datetime": "2024-01-19 02:24:37", "elapsed": 7985.634142, "delta": 0.006195}}
{"target": -13.758504923149937, "params": {"gamma": 13.661602080961345, "log10_alpha": -2.003904460995175, "log10_colsample_bytree": -0.9752010130163845, "log10_eta": -3.624281810432217, "log10_lambda": -0.4763343519752459, "log10_min_child_weight": 1.9143958448482983, "log10_subsample": -0.34519181164425294, "max_depth": 3.0, "num_boost_round": 15.0}, "datetime": {"datetime": "2024-01-19 02:24:37", "elapsed": 7985.64007, "delta": 0.005928}}
{"target": -13.758503865928404, "params": {"gamma": 13.661602080961345, "log10_alpha": -2.003904460995175, "log10_colsample_bytree": -0.9752010130163845, "log10_eta": -3.624281810432217, "log10_lambda": -0.4763343519752459, "log10_min_child_weight": 1.9143958448482983, "log10_subsample": -0.34519181164425294, "max_depth": 3.0, "num_boost_round": 16.0}, "datetime": {"datetime": "2024-01-19 02:24:37", "elapsed": 7985.645926, "delta": 0.005856}}
{"target": -13.758500830328513, "params": {"gamma": 13.661602080961345, "log10_alpha": -2.003904460995175, "log10_colsample_bytree": -0.9752010130163845, "log10_eta": -3.624281810432217, "log10_lambda": -0.4763343519752459, "log10_min_child_weight": 1.9143958448482983, "log10_subsample": -0.34519181164425294, "max_depth": 3.0, "num_boost_round": 17.0}, "datetime": {"datetime": "2024-01-19 02:24:37", "elapsed": 7985.65186, "delta": 0.005934}}
{"target": -13.758498254272338, "params": {"gamma": 13.661602080961345, "log10_alpha": -2.003904460995175, "log10_colsample_bytree": -0.9752010130163845, "log10_eta": -3.624281810432217, "log10_lambda": -0.4763343519752459, "log10_min_child_weight": 1.9143958448482983, "log10_subsample": -0.34519181164425294, "max_depth": 3.0, "num_boost_round": 18.0}, "datetime": {"datetime": "2024-01-19 02:24:37", "elapsed": 7985.657698, "delta": 0.005838}}
{"target": -13.758494806384366, "params": {"gamma": 13.661602080961345, "log10_alpha": -2.003904460995175, "log10_colsample_bytree": -0.9752010130163845, "log10_eta": -3.624281810432217, "log10_lambda": -0.4763343519752459, "log10_min_child_weight": 1.9143958448482983, "log10_subsample": -0.34519181164425294, "max_depth": 3.0, "num_boost_round": 19.0}, "datetime": {"datetime": "2024-01-19 02:24:37", "elapsed": 7985.663722, "delta": 0.006024}}
{"target": -13.758493187074833, "params": {"gamma": 13.661602080961345, "log10_alpha": -2.003904460995175, "log10_colsample_bytree": -0.9752010130163845, "log10_eta": -3.624281810432217, "log10_lambda": -0.4763343519752459, "log10_min_child_weight": 1.9143958448482983, "log10_subsample": -0.34519181164425294, "max_depth": 3.0, "num_boost_round": 20.0}, "datetime": {"datetime": "2024-01-19 02:24:37", "elapsed": 7985.669706, "delta": 0.005984}}
{"target": -13.758484062143314, "params": {"gamma": 13.661602080961345, "log10_alpha": -2.003904460995175, "log10_colsample_bytree": -0.9752010130163845, "log10_eta": -3.624281810432217, "log10_lambda": -0.4763343519752459, "log10_min_child_weight": 1.9143958448482983, "log10_subsample": -0.34519181164425294, "max_depth": 3.0, "num_boost_round": 21.0}, "datetime": {"datetime": "2024-01-19 02:24:37", "elapsed": 7985.675644, "delta": 0.005938}}
{"target": -13.758482623896464, "params": {"gamma": 13.661602080961345, "log10_alpha": -2.003904460995175, "log10_colsample_bytree": -0.9752010130163845, "log10_eta": -3.624281810432217, "log10_lambda": -0.4763343519752459, "log10_min_child_weight": 1.9143958448482983, "log10_subsample": -0.34519181164425294, "max_depth": 3.0, "num_boost_round": 22.0}, "datetime": {"datetime": "2024-01-19 02:24:37", "elapsed": 7985.681581, "delta": 0.005937}}
{"target": -13.758477978030555, "params": {"gamma": 13.661602080961345, "log10_alpha": -2.003904460995175, "log10_colsample_bytree": -0.9752010130163845, "log10_eta": -3.624281810432217, "log10_lambda": -0.4763343519752459, "log10_min_child_weight": 1.9143958448482983, "log10_subsample": -0.34519181164425294, "max_depth": 3.0, "num_boost_round": 23.0}, "datetime": {"datetime": "2024-01-19 02:24:37", "elapsed": 7985.687516, "delta": 0.005935}}
