{"target": -17.677214267305533, "params": {"gamma": 57.033927045738615, "log10_alpha": -2.526744024694402, "log10_colsample_bytree": 0.0, "log10_eta": -4.0, "log10_lambda": -5.0, "log10_min_child_weight": 5.0, "log10_subsample": 0.0, "max_depth": 10.0, "num_boost_round": 12.0}, "datetime": {"datetime": "2024-01-19 02:15:44", "elapsed": 7498.589309, "delta": 0.13532}}
{"target": -17.677212802625036, "params": {"gamma": 57.033927045738615, "log10_alpha": -2.526744024694402, "log10_colsample_bytree": 0.0, "log10_eta": -4.0, "log10_lambda": -5.0, "log10_min_child_weight": 5.0, "log10_subsample": 0.0, "max_depth": 10.0, "num_boost_round": 13.0}, "datetime": {"datetime": "2024-01-19 02:15:44", "elapsed": 7498.595882, "delta": 0.006573}}
{"target": -17.6772113954191, "params": {"gamma": 57.033927045738615, "log10_alpha": -2.526744024694402, "log10_colsample_bytree": 0.0, "log10_eta": -4.0, "log10_lambda": -5.0, "log10_min_child_weight": 5.0, "log10_subsample": 0.0, "max_depth": 10.0, "num_boost_round": 14.0}, "datetime": {"datetime": "2024-01-19 02:15:44", "elapsed": 7498.601924, "delta": 0.006042}}
{"target": -17.677209972449603, "params": {"gamma": 57.033927045738615, "log10_alpha": -2.526744024694402, "log10_colsample_bytree": 0.0, "log10_eta": -4.0, "log10_lambda": -5.0, "log10_min_child_weight": 5.0, "log10_subsample": 0.0, "max_depth": 10.0, "num_boost_round": 15.0}, "datetime": {"datetime": "2024-01-19 02:15:44", "elapsed": 7498.607277, "delta": 0.005353}}
{"target": -17.67720852745327, "params": {"gamma": 57.033927045738615, "log10_alpha": -2.526744024694402, "log10_colsample_bytree": 0.0, "log10_eta": -4.0, "log10_lambda": -5.0, "log10_min_child_weight": 5.0, "log10_subsample": 0.0, "max_depth": 10.0, "num_boost_round": 16.0}, "datetime": {"datetime": "2024-01-19 02:15:44", "elapsed": 7498.612754, "delta": 0.005477}}
{"target": -17.67720710556657, "params": {"gamma": 57.033927045738615, "log10_alpha": -2.526744024694402, "log10_colsample_bytree": 0.0, "log10_eta": -4.0, "log10_lambda": -5.0, "log10_min_child_weight": 5.0, "log10_subsample": 0.0, "max_depth": 10.0, "num_boost_round": 17.0}, "datetime": {"datetime": "2024-01-19 02:15:44", "elapsed": 7498.61806, "delta": 0.005306}}
{"target": -17.677205667436557, "params": {"gamma": 57.033927045738615, "log10_alpha": -2.526744024694402, "log10_colsample_bytree": 0.0, "log10_eta": -4.0, "log10_lambda": -5.0, "log10_min_child_weight": 5.0, "log10_subsample": 0.0, "max_depth": 10.0, "num_boost_round": 18.0}, "datetime": {"datetime": "2024-01-19 02:15:44", "elapsed": 7498.623578, "delta": 0.005518}}
{"target": -17.67720424642905, "params": {"gamma": 57.033927045738615, "log10_alpha": -2.526744024694402, "log10_colsample_bytree": 0.0, "log10_eta": -4.0, "log10_lambda": -5.0, "log10_min_child_weight": 5.0, "log10_subsample": 0.0, "max_depth": 10.0, "num_boost_round": 19.0}, "datetime": {"datetime": "2024-01-19 02:15:44", "elapsed": 7498.628981, "delta": 0.005403}}
{"target": -17.67720280594093, "params": {"gamma": 57.033927045738615, "log10_alpha": -2.526744024694402, "log10_colsample_bytree": 0.0, "log10_eta": -4.0, "log10_lambda": -5.0, "log10_min_child_weight": 5.0, "log10_subsample": 0.0, "max_depth": 10.0, "num_boost_round": 20.0}, "datetime": {"datetime": "2024-01-19 02:15:44", "elapsed": 7498.634495, "delta": 0.005514}}
{"target": -17.677201385374858, "params": {"gamma": 57.033927045738615, "log10_alpha": -2.526744024694402, "log10_colsample_bytree": 0.0, "log10_eta": -4.0, "log10_lambda": -5.0, "log10_min_child_weight": 5.0, "log10_subsample": 0.0, "max_depth": 10.0, "num_boost_round": 21.0}, "datetime": {"datetime": "2024-01-19 02:15:44", "elapsed": 7498.639903, "delta": 0.005408}}
{"target": -17.67719996322907, "params": {"gamma": 57.033927045738615, "log10_alpha": -2.526744024694402, "log10_colsample_bytree": 0.0, "log10_eta": -4.0, "log10_lambda": -5.0, "log10_min_child_weight": 5.0, "log10_subsample": 0.0, "max_depth": 10.0, "num_boost_round": 22.0}, "datetime": {"datetime": "2024-01-19 02:15:44", "elapsed": 7498.645478, "delta": 0.005575}}
{"target": -17.677198529094753, "params": {"gamma": 57.033927045738615, "log10_alpha": -2.526744024694402, "log10_colsample_bytree": 0.0, "log10_eta": -4.0, "log10_lambda": -5.0, "log10_min_child_weight": 5.0, "log10_subsample": 0.0, "max_depth": 10.0, "num_boost_round": 23.0}, "datetime": {"datetime": "2024-01-19 02:15:44", "elapsed": 7498.650936, "delta": 0.005458}}
{"target": -17.677197121429337, "params": {"gamma": 57.033927045738615, "log10_alpha": -2.526744024694402, "log10_colsample_bytree": 0.0, "log10_eta": -4.0, "log10_lambda": -5.0, "log10_min_child_weight": 5.0, "log10_subsample": 0.0, "max_depth": 10.0, "num_boost_round": 24.0}, "datetime": {"datetime": "2024-01-19 02:15:44", "elapsed": 7498.656658, "delta": 0.005722}}
{"target": -17.677195702732952, "params": {"gamma": 57.033927045738615, "log10_alpha": -2.526744024694402, "log10_colsample_bytree": 0.0, "log10_eta": -4.0, "log10_lambda": -5.0, "log10_min_child_weight": 5.0, "log10_subsample": 0.0, "max_depth": 10.0, "num_boost_round": 25.0}, "datetime": {"datetime": "2024-01-19 02:15:44", "elapsed": 7498.662347, "delta": 0.005689}}
{"target": -17.67719427000021, "params": {"gamma": 57.033927045738615, "log10_alpha": -2.526744024694402, "log10_colsample_bytree": 0.0, "log10_eta": -4.0, "log10_lambda": -5.0, "log10_min_child_weight": 5.0, "log10_subsample": 0.0, "max_depth": 10.0, "num_boost_round": 26.0}, "datetime": {"datetime": "2024-01-19 02:15:44", "elapsed": 7498.668221, "delta": 0.005874}}
{"target": -17.677192847721017, "params": {"gamma": 57.033927045738615, "log10_alpha": -2.526744024694402, "log10_colsample_bytree": 0.0, "log10_eta": -4.0, "log10_lambda": -5.0, "log10_min_child_weight": 5.0, "log10_subsample": 0.0, "max_depth": 10.0, "num_boost_round": 27.0}, "datetime": {"datetime": "2024-01-19 02:15:44", "elapsed": 7498.673578, "delta": 0.005357}}
{"target": -17.6771914336213, "params": {"gamma": 57.033927045738615, "log10_alpha": -2.526744024694402, "log10_colsample_bytree": 0.0, "log10_eta": -4.0, "log10_lambda": -5.0, "log10_min_child_weight": 5.0, "log10_subsample": 0.0, "max_depth": 10.0, "num_boost_round": 28.0}, "datetime": {"datetime": "2024-01-19 02:15:44", "elapsed": 7498.67906, "delta": 0.005482}}
{"target": -17.67718999588354, "params": {"gamma": 57.033927045738615, "log10_alpha": -2.526744024694402, "log10_colsample_bytree": 0.0, "log10_eta": -4.0, "log10_lambda": -5.0, "log10_min_child_weight": 5.0, "log10_subsample": 0.0, "max_depth": 10.0, "num_boost_round": 29.0}, "datetime": {"datetime": "2024-01-19 02:15:44", "elapsed": 7498.684448, "delta": 0.005388}}
{"target": -17.677188583408274, "params": {"gamma": 57.033927045738615, "log10_alpha": -2.526744024694402, "log10_colsample_bytree": 0.0, "log10_eta": -4.0, "log10_lambda": -5.0, "log10_min_child_weight": 5.0, "log10_subsample": 0.0, "max_depth": 10.0, "num_boost_round": 30.0}, "datetime": {"datetime": "2024-01-19 02:15:45", "elapsed": 7498.689853, "delta": 0.005405}}
{"target": -17.677187177856354, "params": {"gamma": 57.033927045738615, "log10_alpha": -2.526744024694402, "log10_colsample_bytree": 0.0, "log10_eta": -4.0, "log10_lambda": -5.0, "log10_min_child_weight": 5.0, "log10_subsample": 0.0, "max_depth": 10.0, "num_boost_round": 31.0}, "datetime": {"datetime": "2024-01-19 02:15:45", "elapsed": 7498.695332, "delta": 0.005479}}
{"target": -17.677185741821294, "params": {"gamma": 57.033927045738615, "log10_alpha": -2.526744024694402, "log10_colsample_bytree": 0.0, "log10_eta": -4.0, "log10_lambda": -5.0, "log10_min_child_weight": 5.0, "log10_subsample": 0.0, "max_depth": 10.0, "num_boost_round": 32.0}, "datetime": {"datetime": "2024-01-19 02:15:45", "elapsed": 7498.700794, "delta": 0.005462}}
{"target": -17.67718433302085, "params": {"gamma": 57.033927045738615, "log10_alpha": -2.526744024694402, "log10_colsample_bytree": 0.0, "log10_eta": -4.0, "log10_lambda": -5.0, "log10_min_child_weight": 5.0, "log10_subsample": 0.0, "max_depth": 10.0, "num_boost_round": 33.0}, "datetime": {"datetime": "2024-01-19 02:15:45", "elapsed": 7498.7062, "delta": 0.005406}}
{"target": -17.67718292661929, "params": {"gamma": 57.033927045738615, "log10_alpha": -2.526744024694402, "log10_colsample_bytree": 0.0, "log10_eta": -4.0, "log10_lambda": -5.0, "log10_min_child_weight": 5.0, "log10_subsample": 0.0, "max_depth": 10.0, "num_boost_round": 34.0}, "datetime": {"datetime": "2024-01-19 02:15:45", "elapsed": 7498.711659, "delta": 0.005459}}
{"target": -17.6771815059311, "params": {"gamma": 57.033927045738615, "log10_alpha": -2.526744024694402, "log10_colsample_bytree": 0.0, "log10_eta": -4.0, "log10_lambda": -5.0, "log10_min_child_weight": 5.0, "log10_subsample": 0.0, "max_depth": 10.0, "num_boost_round": 35.0}, "datetime": {"datetime": "2024-01-19 02:15:45", "elapsed": 7498.717135, "delta": 0.005476}}
{"target": -17.677180098998313, "params": {"gamma": 57.033927045738615, "log10_alpha": -2.526744024694402, "log10_colsample_bytree": 0.0, "log10_eta": -4.0, "log10_lambda": -5.0, "log10_min_child_weight": 5.0, "log10_subsample": 0.0, "max_depth": 10.0, "num_boost_round": 36.0}, "datetime": {"datetime": "2024-01-19 02:15:45", "elapsed": 7498.723547, "delta": 0.006412}}
{"target": -17.677178699130184, "params": {"gamma": 57.033927045738615, "log10_alpha": -2.526744024694402, "log10_colsample_bytree": 0.0, "log10_eta": -4.0, "log10_lambda": -5.0, "log10_min_child_weight": 5.0, "log10_subsample": 0.0, "max_depth": 10.0, "num_boost_round": 37.0}, "datetime": {"datetime": "2024-01-19 02:15:45", "elapsed": 7498.729226, "delta": 0.005679}}
{"target": -17.677177258637794, "params": {"gamma": 57.033927045738615, "log10_alpha": -2.526744024694402, "log10_colsample_bytree": 0.0, "log10_eta": -4.0, "log10_lambda": -5.0, "log10_min_child_weight": 5.0, "log10_subsample": 0.0, "max_depth": 10.0, "num_boost_round": 38.0}, "datetime": {"datetime": "2024-01-19 02:15:45", "elapsed": 7498.735028, "delta": 0.005802}}
{"target": -17.67717587308413, "params": {"gamma": 57.033927045738615, "log10_alpha": -2.526744024694402, "log10_colsample_bytree": 0.0, "log10_eta": -4.0, "log10_lambda": -5.0, "log10_min_child_weight": 5.0, "log10_subsample": 0.0, "max_depth": 10.0, "num_boost_round": 39.0}, "datetime": {"datetime": "2024-01-19 02:15:45", "elapsed": 7498.740714, "delta": 0.005686}}
{"target": -17.677174462983906, "params": {"gamma": 57.033927045738615, "log10_alpha": -2.526744024694402, "log10_colsample_bytree": 0.0, "log10_eta": -4.0, "log10_lambda": -5.0, "log10_min_child_weight": 5.0, "log10_subsample": 0.0, "max_depth": 10.0, "num_boost_round": 40.0}, "datetime": {"datetime": "2024-01-19 02:15:45", "elapsed": 7498.746136, "delta": 0.005422}}
{"target": -17.677173044668645, "params": {"gamma": 57.033927045738615, "log10_alpha": -2.526744024694402, "log10_colsample_bytree": 0.0, "log10_eta": -4.0, "log10_lambda": -5.0, "log10_min_child_weight": 5.0, "log10_subsample": 0.0, "max_depth": 10.0, "num_boost_round": 41.0}, "datetime": {"datetime": "2024-01-19 02:15:45", "elapsed": 7498.751624, "delta": 0.005488}}
{"target": -17.677171509788604, "params": {"gamma": 57.033927045738615, "log10_alpha": -2.526744024694402, "log10_colsample_bytree": 0.0, "log10_eta": -4.0, "log10_lambda": -5.0, "log10_min_child_weight": 5.0, "log10_subsample": 0.0, "max_depth": 10.0, "num_boost_round": 42.0}, "datetime": {"datetime": "2024-01-19 02:15:45", "elapsed": 7498.757045, "delta": 0.005421}}
{"target": -17.677170118744307, "params": {"gamma": 57.033927045738615, "log10_alpha": -2.526744024694402, "log10_colsample_bytree": 0.0, "log10_eta": -4.0, "log10_lambda": -5.0, "log10_min_child_weight": 5.0, "log10_subsample": 0.0, "max_depth": 10.0, "num_boost_round": 43.0}, "datetime": {"datetime": "2024-01-19 02:15:45", "elapsed": 7498.762541, "delta": 0.005496}}
{"target": -17.6771686096734, "params": {"gamma": 57.033927045738615, "log10_alpha": -2.526744024694402, "log10_colsample_bytree": 0.0, "log10_eta": -4.0, "log10_lambda": -5.0, "log10_min_child_weight": 5.0, "log10_subsample": 0.0, "max_depth": 10.0, "num_boost_round": 44.0}, "datetime": {"datetime": "2024-01-19 02:15:45", "elapsed": 7498.768024, "delta": 0.005483}}
{"target": -17.67716709347109, "params": {"gamma": 57.033927045738615, "log10_alpha": -2.526744024694402, "log10_colsample_bytree": 0.0, "log10_eta": -4.0, "log10_lambda": -5.0, "log10_min_child_weight": 5.0, "log10_subsample": 0.0, "max_depth": 10.0, "num_boost_round": 45.0}, "datetime": {"datetime": "2024-01-19 02:15:45", "elapsed": 7498.77345, "delta": 0.005426}}
{"target": -17.677165677086805, "params": {"gamma": 57.033927045738615, "log10_alpha": -2.526744024694402, "log10_colsample_bytree": 0.0, "log10_eta": -4.0, "log10_lambda": -5.0, "log10_min_child_weight": 5.0, "log10_subsample": 0.0, "max_depth": 10.0, "num_boost_round": 46.0}, "datetime": {"datetime": "2024-01-19 02:15:45", "elapsed": 7498.778988, "delta": 0.005538}}
{"target": -17.677164170187773, "params": {"gamma": 57.033927045738615, "log10_alpha": -2.526744024694402, "log10_colsample_bytree": 0.0, "log10_eta": -4.0, "log10_lambda": -5.0, "log10_min_child_weight": 5.0, "log10_subsample": 0.0, "max_depth": 10.0, "num_boost_round": 47.0}, "datetime": {"datetime": "2024-01-19 02:15:45", "elapsed": 7498.784467, "delta": 0.005479}}
{"target": -17.677162773313153, "params": {"gamma": 57.033927045738615, "log10_alpha": -2.526744024694402, "log10_colsample_bytree": 0.0, "log10_eta": -4.0, "log10_lambda": -5.0, "log10_min_child_weight": 5.0, "log10_subsample": 0.0, "max_depth": 10.0, "num_boost_round": 48.0}, "datetime": {"datetime": "2024-01-19 02:15:45", "elapsed": 7498.789964, "delta": 0.005497}}
{"target": -17.677161251794047, "params": {"gamma": 57.033927045738615, "log10_alpha": -2.526744024694402, "log10_colsample_bytree": 0.0, "log10_eta": -4.0, "log10_lambda": -5.0, "log10_min_child_weight": 5.0, "log10_subsample": 0.0, "max_depth": 10.0, "num_boost_round": 49.0}, "datetime": {"datetime": "2024-01-19 02:15:45", "elapsed": 7498.795518, "delta": 0.005554}}
{"target": -17.67715985808096, "params": {"gamma": 57.033927045738615, "log10_alpha": -2.526744024694402, "log10_colsample_bytree": 0.0, "log10_eta": -4.0, "log10_lambda": -5.0, "log10_min_child_weight": 5.0, "log10_subsample": 0.0, "max_depth": 10.0, "num_boost_round": 50.0}, "datetime": {"datetime": "2024-01-19 02:15:45", "elapsed": 7498.801383, "delta": 0.005865}}
{"target": -17.677158359321368, "params": {"gamma": 57.033927045738615, "log10_alpha": -2.526744024694402, "log10_colsample_bytree": 0.0, "log10_eta": -4.0, "log10_lambda": -5.0, "log10_min_child_weight": 5.0, "log10_subsample": 0.0, "max_depth": 10.0, "num_boost_round": 51.0}, "datetime": {"datetime": "2024-01-19 02:15:45", "elapsed": 7498.807106, "delta": 0.005723}}
{"target": -17.677228337754542, "params": {"gamma": 56.73586971260258, "log10_alpha": 0.8527241803852394, "log10_colsample_bytree": -0.005785836977100889, "log10_eta": -3.8322408585313585, "log10_lambda": -0.11335918205791184, "log10_min_child_weight": 1.46987895369667, "log10_subsample": -0.8038653588995445, "max_depth": 8.0, "num_boost_round": 0.0}, "datetime": {"datetime": "2024-01-19 02:17:29", "elapsed": 7603.004821, "delta": 104.197715}}
{"target": -17.677213497030035, "params": {"gamma": 56.73586971260258, "log10_alpha": 0.8527241803852394, "log10_colsample_bytree": -0.005785836977100889, "log10_eta": -3.8322408585313585, "log10_lambda": -0.11335918205791184, "log10_min_child_weight": 1.46987895369667, "log10_subsample": -0.8038653588995445, "max_depth": 8.0, "num_boost_round": 1.0}, "datetime": {"datetime": "2024-01-19 02:17:29", "elapsed": 7603.012449, "delta": 0.007628}}
{"target": -17.67720885163152, "params": {"gamma": 56.73586971260258, "log10_alpha": 0.8527241803852394, "log10_colsample_bytree": -0.005785836977100889, "log10_eta": -3.8322408585313585, "log10_lambda": -0.11335918205791184, "log10_min_child_weight": 1.46987895369667, "log10_subsample": -0.8038653588995445, "max_depth": 8.0, "num_boost_round": 2.0}, "datetime": {"datetime": "2024-01-19 02:17:29", "elapsed": 7603.018153, "delta": 0.005704}}
{"target": -17.677197997541352, "params": {"gamma": 56.73586971260258, "log10_alpha": 0.8527241803852394, "log10_colsample_bytree": -0.005785836977100889, "log10_eta": -3.8322408585313585, "log10_lambda": -0.11335918205791184, "log10_min_child_weight": 1.46987895369667, "log10_subsample": -0.8038653588995445, "max_depth": 8.0, "num_boost_round": 3.0}, "datetime": {"datetime": "2024-01-19 02:17:29", "elapsed": 7603.024193, "delta": 0.00604}}
{"target": -17.677195918555686, "params": {"gamma": 56.73586971260258, "log10_alpha": 0.8527241803852394, "log10_colsample_bytree": -0.005785836977100889, "log10_eta": -3.8322408585313585, "log10_lambda": -0.11335918205791184, "log10_min_child_weight": 1.46987895369667, "log10_subsample": -0.8038653588995445, "max_depth": 8.0, "num_boost_round": 4.0}, "datetime": {"datetime": "2024-01-19 02:17:29", "elapsed": 7603.029694, "delta": 0.005501}}
{"target": -17.677186799223527, "params": {"gamma": 56.73586971260258, "log10_alpha": 0.8527241803852394, "log10_colsample_bytree": -0.005785836977100889, "log10_eta": -3.8322408585313585, "log10_lambda": -0.11335918205791184, "log10_min_child_weight": 1.46987895369667, "log10_subsample": -0.8038653588995445, "max_depth": 8.0, "num_boost_round": 5.0}, "datetime": {"datetime": "2024-01-19 02:17:29", "elapsed": 7603.035234, "delta": 0.00554}}
{"target": -17.677166464202248, "params": {"gamma": 56.73586971260258, "log10_alpha": 0.8527241803852394, "log10_colsample_bytree": -0.005785836977100889, "log10_eta": -3.8322408585313585, "log10_lambda": -0.11335918205791184, "log10_min_child_weight": 1.46987895369667, "log10_subsample": -0.8038653588995445, "max_depth": 8.0, "num_boost_round": 6.0}, "datetime": {"datetime": "2024-01-19 02:17:29", "elapsed": 7603.040698, "delta": 0.005464}}
{"target": -17.677156060732926, "params": {"gamma": 56.73586971260258, "log10_alpha": 0.8527241803852394, "log10_colsample_bytree": -0.005785836977100889, "log10_eta": -3.8322408585313585, "log10_lambda": -0.11335918205791184, "log10_min_child_weight": 1.46987895369667, "log10_subsample": -0.8038653588995445, "max_depth": 8.0, "num_boost_round": 7.0}, "datetime": {"datetime": "2024-01-19 02:17:29", "elapsed": 7603.046143, "delta": 0.005445}}
{"target": -17.67716793512714, "params": {"gamma": 56.73586971260258, "log10_alpha": 0.8527241803852394, "log10_colsample_bytree": -0.005785836977100889, "log10_eta": -3.8322408585313585, "log10_lambda": -0.11335918205791184, "log10_min_child_weight": 1.46987895369667, "log10_subsample": -0.8038653588995445, "max_depth": 8.0, "num_boost_round": 8.0}, "datetime": {"datetime": "2024-01-19 02:17:29", "elapsed": 7603.051769, "delta": 0.005626}}
{"target": -17.67715125491717, "params": {"gamma": 56.73586971260258, "log10_alpha": 0.8527241803852394, "log10_colsample_bytree": -0.005785836977100889, "log10_eta": -3.8322408585313585, "log10_lambda": -0.11335918205791184, "log10_min_child_weight": 1.46987895369667, "log10_subsample": -0.8038653588995445, "max_depth": 8.0, "num_boost_round": 9.0}, "datetime": {"datetime": "2024-01-19 02:17:29", "elapsed": 7603.057462, "delta": 0.005693}}
{"target": -17.677146564696166, "params": {"gamma": 56.73586971260258, "log10_alpha": 0.8527241803852394, "log10_colsample_bytree": -0.005785836977100889, "log10_eta": -3.8322408585313585, "log10_lambda": -0.11335918205791184, "log10_min_child_weight": 1.46987895369667, "log10_subsample": -0.8038653588995445, "max_depth": 8.0, "num_boost_round": 10.0}, "datetime": {"datetime": "2024-01-19 02:17:29", "elapsed": 7603.063285, "delta": 0.005823}}
{"target": -17.677145868795094, "params": {"gamma": 56.73586971260258, "log10_alpha": 0.8527241803852394, "log10_colsample_bytree": -0.005785836977100889, "log10_eta": -3.8322408585313585, "log10_lambda": -0.11335918205791184, "log10_min_child_weight": 1.46987895369667, "log10_subsample": -0.8038653588995445, "max_depth": 8.0, "num_boost_round": 11.0}, "datetime": {"datetime": "2024-01-19 02:17:29", "elapsed": 7603.069155, "delta": 0.00587}}
{"target": -17.677139904683333, "params": {"gamma": 56.73586971260258, "log10_alpha": 0.8527241803852394, "log10_colsample_bytree": -0.005785836977100889, "log10_eta": -3.8322408585313585, "log10_lambda": -0.11335918205791184, "log10_min_child_weight": 1.46987895369667, "log10_subsample": -0.8038653588995445, "max_depth": 8.0, "num_boost_round": 12.0}, "datetime": {"datetime": "2024-01-19 02:17:29", "elapsed": 7603.074664, "delta": 0.005509}}
{"target": -17.67722340095047, "params": {"gamma": 46.09184035298408, "log10_alpha": 0.46542163646560475, "log10_colsample_bytree": -0.1302217694016683, "log10_eta": -3.815447456014636, "log10_lambda": -1.3266038388382304, "log10_min_child_weight": 2.01832268572653, "log10_subsample": -0.8210513981547676, "max_depth": 4.0, "num_boost_round": 0.0}, "datetime": {"datetime": "2024-01-19 02:18:57", "elapsed": 7690.901947, "delta": 87.827283}}
{"target": -17.677214799223194, "params": {"gamma": 46.09184035298408, "log10_alpha": 0.46542163646560475, "log10_colsample_bytree": -0.1302217694016683, "log10_eta": -3.815447456014636, "log10_lambda": -1.3266038388382304, "log10_min_child_weight": 2.01832268572653, "log10_subsample": -0.8210513981547676, "max_depth": 4.0, "num_boost_round": 1.0}, "datetime": {"datetime": "2024-01-19 02:18:57", "elapsed": 7690.908459, "delta": 0.006512}}
{"target": -17.677209853751904, "params": {"gamma": 46.09184035298408, "log10_alpha": 0.46542163646560475, "log10_colsample_bytree": -0.1302217694016683, "log10_eta": -3.815447456014636, "log10_lambda": -1.3266038388382304, "log10_min_child_weight": 2.01832268572653, "log10_subsample": -0.8210513981547676, "max_depth": 4.0, "num_boost_round": 2.0}, "datetime": {"datetime": "2024-01-19 02:18:57", "elapsed": 7690.914229, "delta": 0.00577}}
