{"target": -17.677126345712487, "params": {"gamma": 458.86407004687436, "log10_alpha": -3.321752471394544, "log10_colsample_bytree": -0.7712447963829389, "log10_eta": -3.1949338099672975, "log10_lambda": 0.407948104836076, "log10_min_child_weight": 4.5179100639566965, "log10_subsample": -0.34152489120689966, "max_depth": 7.0, "num_boost_round": 22.0}, "datetime": {"datetime": "2024-01-19 01:44:08", "elapsed": 5541.357246, "delta": 0.004886}}
{"target": -17.677118074739894, "params": {"gamma": 458.86407004687436, "log10_alpha": -3.321752471394544, "log10_colsample_bytree": -0.7712447963829389, "log10_eta": -3.1949338099672975, "log10_lambda": 0.407948104836076, "log10_min_child_weight": 4.5179100639566965, "log10_subsample": -0.34152489120689966, "max_depth": 7.0, "num_boost_round": 23.0}, "datetime": {"datetime": "2024-01-19 01:44:08", "elapsed": 5541.362301, "delta": 0.005055}}
{"target": -17.677110034443892, "params": {"gamma": 458.86407004687436, "log10_alpha": -3.321752471394544, "log10_colsample_bytree": -0.7712447963829389, "log10_eta": -3.1949338099672975, "log10_lambda": 0.407948104836076, "log10_min_child_weight": 4.5179100639566965, "log10_subsample": -0.34152489120689966, "max_depth": 7.0, "num_boost_round": 24.0}, "datetime": {"datetime": "2024-01-19 01:44:08", "elapsed": 5541.367254, "delta": 0.004953}}
{"target": -17.677104785959163, "params": {"gamma": 458.86407004687436, "log10_alpha": -3.321752471394544, "log10_colsample_bytree": -0.7712447963829389, "log10_eta": -3.1949338099672975, "log10_lambda": 0.407948104836076, "log10_min_child_weight": 4.5179100639566965, "log10_subsample": -0.34152489120689966, "max_depth": 7.0, "num_boost_round": 25.0}, "datetime": {"datetime": "2024-01-19 01:44:08", "elapsed": 5541.372203, "delta": 0.004949}}
{"target": -17.677104956675183, "params": {"gamma": 458.86407004687436, "log10_alpha": -3.321752471394544, "log10_colsample_bytree": -0.7712447963829389, "log10_eta": -3.1949338099672975, "log10_lambda": 0.407948104836076, "log10_min_child_weight": 4.5179100639566965, "log10_subsample": -0.34152489120689966, "max_depth": 7.0, "num_boost_round": 26.0}, "datetime": {"datetime": "2024-01-19 01:44:08", "elapsed": 5541.377185, "delta": 0.004982}}
{"target": -17.677101438017743, "params": {"gamma": 458.86407004687436, "log10_alpha": -3.321752471394544, "log10_colsample_bytree": -0.7712447963829389, "log10_eta": -3.1949338099672975, "log10_lambda": 0.407948104836076, "log10_min_child_weight": 4.5179100639566965, "log10_subsample": -0.34152489120689966, "max_depth": 7.0, "num_boost_round": 27.0}, "datetime": {"datetime": "2024-01-19 01:44:08", "elapsed": 5541.382202, "delta": 0.005017}}
{"target": -17.67709476045718, "params": {"gamma": 458.86407004687436, "log10_alpha": -3.321752471394544, "log10_colsample_bytree": -0.7712447963829389, "log10_eta": -3.1949338099672975, "log10_lambda": 0.407948104836076, "log10_min_child_weight": 4.5179100639566965, "log10_subsample": -0.34152489120689966, "max_depth": 7.0, "num_boost_round": 28.0}, "datetime": {"datetime": "2024-01-19 01:44:08", "elapsed": 5541.387102, "delta": 0.0049}}
{"target": -17.67709349639445, "params": {"gamma": 458.86407004687436, "log10_alpha": -3.321752471394544, "log10_colsample_bytree": -0.7712447963829389, "log10_eta": -3.1949338099672975, "log10_lambda": 0.407948104836076, "log10_min_child_weight": 4.5179100639566965, "log10_subsample": -0.34152489120689966, "max_depth": 7.0, "num_boost_round": 29.0}, "datetime": {"datetime": "2024-01-19 01:44:08", "elapsed": 5541.392073, "delta": 0.004971}}
{"target": -17.677085677543822, "params": {"gamma": 458.86407004687436, "log10_alpha": -3.321752471394544, "log10_colsample_bytree": -0.7712447963829389, "log10_eta": -3.1949338099672975, "log10_lambda": 0.407948104836076, "log10_min_child_weight": 4.5179100639566965, "log10_subsample": -0.34152489120689966, "max_depth": 7.0, "num_boost_round": 30.0}, "datetime": {"datetime": "2024-01-19 01:44:08", "elapsed": 5541.397691, "delta": 0.005618}}
{"target": -17.677084960597774, "params": {"gamma": 458.86407004687436, "log10_alpha": -3.321752471394544, "log10_colsample_bytree": -0.7712447963829389, "log10_eta": -3.1949338099672975, "log10_lambda": 0.407948104836076, "log10_min_child_weight": 4.5179100639566965, "log10_subsample": -0.34152489120689966, "max_depth": 7.0, "num_boost_round": 31.0}, "datetime": {"datetime": "2024-01-19 01:44:08", "elapsed": 5541.402866, "delta": 0.005175}}
{"target": -17.677088339931718, "params": {"gamma": 458.86407004687436, "log10_alpha": -3.321752471394544, "log10_colsample_bytree": -0.7712447963829389, "log10_eta": -3.1949338099672975, "log10_lambda": 0.407948104836076, "log10_min_child_weight": 4.5179100639566965, "log10_subsample": -0.34152489120689966, "max_depth": 7.0, "num_boost_round": 32.0}, "datetime": {"datetime": "2024-01-19 01:44:08", "elapsed": 5541.408375, "delta": 0.005509}}
{"target": -17.67722815289904, "params": {"gamma": 442.5860619424747, "log10_alpha": -0.021481929941185456, "log10_colsample_bytree": -1.0, "log10_eta": -4.0, "log10_lambda": -5.0, "log10_min_child_weight": 2.7983313145949515, "log10_subsample": -0.9717061714105155, "max_depth": 10.0, "num_boost_round": 0.0}, "datetime": {"datetime": "2024-01-19 01:45:36", "elapsed": 5628.653688, "delta": 87.245313}}
{"target": -17.677230841055337, "params": {"gamma": 442.5860619424747, "log10_alpha": -0.021481929941185456, "log10_colsample_bytree": -1.0, "log10_eta": -4.0, "log10_lambda": -5.0, "log10_min_child_weight": 2.7983313145949515, "log10_subsample": -0.9717061714105155, "max_depth": 10.0, "num_boost_round": 1.0}, "datetime": {"datetime": "2024-01-19 01:45:36", "elapsed": 5628.659812, "delta": 0.006124}}
{"target": -17.677228470706577, "params": {"gamma": 442.5860619424747, "log10_alpha": -0.021481929941185456, "log10_colsample_bytree": -1.0, "log10_eta": -4.0, "log10_lambda": -5.0, "log10_min_child_weight": 2.7983313145949515, "log10_subsample": -0.9717061714105155, "max_depth": 10.0, "num_boost_round": 2.0}, "datetime": {"datetime": "2024-01-19 01:45:36", "elapsed": 5628.665529, "delta": 0.005717}}
{"target": -17.677227743649233, "params": {"gamma": 442.5860619424747, "log10_alpha": -0.021481929941185456, "log10_colsample_bytree": -1.0, "log10_eta": -4.0, "log10_lambda": -5.0, "log10_min_child_weight": 2.7983313145949515, "log10_subsample": -0.9717061714105155, "max_depth": 10.0, "num_boost_round": 3.0}, "datetime": {"datetime": "2024-01-19 01:45:36", "elapsed": 5628.670904, "delta": 0.005375}}
{"target": -17.67722376594316, "params": {"gamma": 442.5860619424747, "log10_alpha": -0.021481929941185456, "log10_colsample_bytree": -1.0, "log10_eta": -4.0, "log10_lambda": -5.0, "log10_min_child_weight": 2.7983313145949515, "log10_subsample": -0.9717061714105155, "max_depth": 10.0, "num_boost_round": 4.0}, "datetime": {"datetime": "2024-01-19 01:45:36", "elapsed": 5628.676063, "delta": 0.005159}}
{"target": -17.677221520051248, "params": {"gamma": 442.5860619424747, "log10_alpha": -0.021481929941185456, "log10_colsample_bytree": -1.0, "log10_eta": -4.0, "log10_lambda": -5.0, "log10_min_child_weight": 2.7983313145949515, "log10_subsample": -0.9717061714105155, "max_depth": 10.0, "num_boost_round": 5.0}, "datetime": {"datetime": "2024-01-19 01:45:36", "elapsed": 5628.681477, "delta": 0.005414}}
{"target": -17.677221255504154, "params": {"gamma": 442.5860619424747, "log10_alpha": -0.021481929941185456, "log10_colsample_bytree": -1.0, "log10_eta": -4.0, "log10_lambda": -5.0, "log10_min_child_weight": 2.7983313145949515, "log10_subsample": -0.9717061714105155, "max_depth": 10.0, "num_boost_round": 6.0}, "datetime": {"datetime": "2024-01-19 01:45:36", "elapsed": 5628.686929, "delta": 0.005452}}
{"target": -17.677218791420813, "params": {"gamma": 442.5860619424747, "log10_alpha": -0.021481929941185456, "log10_colsample_bytree": -1.0, "log10_eta": -4.0, "log10_lambda": -5.0, "log10_min_child_weight": 2.7983313145949515, "log10_subsample": -0.9717061714105155, "max_depth": 10.0, "num_boost_round": 7.0}, "datetime": {"datetime": "2024-01-19 01:45:36", "elapsed": 5628.692511, "delta": 0.005582}}
{"target": -17.677215014798858, "params": {"gamma": 442.5860619424747, "log10_alpha": -0.021481929941185456, "log10_colsample_bytree": -1.0, "log10_eta": -4.0, "log10_lambda": -5.0, "log10_min_child_weight": 2.7983313145949515, "log10_subsample": -0.9717061714105155, "max_depth": 10.0, "num_boost_round": 8.0}, "datetime": {"datetime": "2024-01-19 01:45:36", "elapsed": 5628.697965, "delta": 0.005454}}
{"target": -17.67721462190484, "params": {"gamma": 442.5860619424747, "log10_alpha": -0.021481929941185456, "log10_colsample_bytree": -1.0, "log10_eta": -4.0, "log10_lambda": -5.0, "log10_min_child_weight": 2.7983313145949515, "log10_subsample": -0.9717061714105155, "max_depth": 10.0, "num_boost_round": 9.0}, "datetime": {"datetime": "2024-01-19 01:45:36", "elapsed": 5628.703574, "delta": 0.005609}}
{"target": -17.676654905076564, "params": {"gamma": 453.23417806970747, "log10_alpha": -3.9031188021635783, "log10_colsample_bytree": -0.32854335348076125, "log10_eta": -1.926235098889344, "log10_lambda": -3.415330559166426, "log10_min_child_weight": 2.63797445827967, "log10_subsample": -0.9490180789527866, "max_depth": 8.0, "num_boost_round": 0.0}, "datetime": {"datetime": "2024-01-19 01:47:53", "elapsed": 5765.802403, "delta": 137.098829}}
{"target": -17.676393562018998, "params": {"gamma": 453.23417806970747, "log10_alpha": -3.9031188021635783, "log10_colsample_bytree": -0.32854335348076125, "log10_eta": -1.926235098889344, "log10_lambda": -3.415330559166426, "log10_min_child_weight": 2.63797445827967, "log10_subsample": -0.9490180789527866, "max_depth": 8.0, "num_boost_round": 1.0}, "datetime": {"datetime": "2024-01-19 01:47:53", "elapsed": 5765.809185, "delta": 0.006782}}
{"target": -17.67600231972225, "params": {"gamma": 453.23417806970747, "log10_alpha": -3.9031188021635783, "log10_colsample_bytree": -0.32854335348076125, "log10_eta": -1.926235098889344, "log10_lambda": -3.415330559166426, "log10_min_child_weight": 2.63797445827967, "log10_subsample": -0.9490180789527866, "max_depth": 8.0, "num_boost_round": 2.0}, "datetime": {"datetime": "2024-01-19 01:47:53", "elapsed": 5765.814853, "delta": 0.005668}}
{"target": -17.675704981872922, "params": {"gamma": 453.23417806970747, "log10_alpha": -3.9031188021635783, "log10_colsample_bytree": -0.32854335348076125, "log10_eta": -1.926235098889344, "log10_lambda": -3.415330559166426, "log10_min_child_weight": 2.63797445827967, "log10_subsample": -0.9490180789527866, "max_depth": 8.0, "num_boost_round": 3.0}, "datetime": {"datetime": "2024-01-19 01:47:53", "elapsed": 5765.820348, "delta": 0.005495}}
{"target": -17.675530778094235, "params": {"gamma": 453.23417806970747, "log10_alpha": -3.9031188021635783, "log10_colsample_bytree": -0.32854335348076125, "log10_eta": -1.926235098889344, "log10_lambda": -3.415330559166426, "log10_min_child_weight": 2.63797445827967, "log10_subsample": -0.9490180789527866, "max_depth": 8.0, "num_boost_round": 4.0}, "datetime": {"datetime": "2024-01-19 01:47:53", "elapsed": 5765.826263, "delta": 0.005915}}
{"target": -17.675206346172285, "params": {"gamma": 453.23417806970747, "log10_alpha": -3.9031188021635783, "log10_colsample_bytree": -0.32854335348076125, "log10_eta": -1.926235098889344, "log10_lambda": -3.415330559166426, "log10_min_child_weight": 2.63797445827967, "log10_subsample": -0.9490180789527866, "max_depth": 8.0, "num_boost_round": 5.0}, "datetime": {"datetime": "2024-01-19 01:47:53", "elapsed": 5765.831844, "delta": 0.005581}}
{"target": -17.675351519846256, "params": {"gamma": 453.23417806970747, "log10_alpha": -3.9031188021635783, "log10_colsample_bytree": -0.32854335348076125, "log10_eta": -1.926235098889344, "log10_lambda": -3.415330559166426, "log10_min_child_weight": 2.63797445827967, "log10_subsample": -0.9490180789527866, "max_depth": 8.0, "num_boost_round": 6.0}, "datetime": {"datetime": "2024-01-19 01:47:53", "elapsed": 5765.837461, "delta": 0.005617}}
{"target": -17.674939882581405, "params": {"gamma": 453.23417806970747, "log10_alpha": -3.9031188021635783, "log10_colsample_bytree": -0.32854335348076125, "log10_eta": -1.926235098889344, "log10_lambda": -3.415330559166426, "log10_min_child_weight": 2.63797445827967, "log10_subsample": -0.9490180789527866, "max_depth": 8.0, "num_boost_round": 7.0}, "datetime": {"datetime": "2024-01-19 01:47:53", "elapsed": 5765.843006, "delta": 0.005545}}
{"target": -17.674321977045643, "params": {"gamma": 453.23417806970747, "log10_alpha": -3.9031188021635783, "log10_colsample_bytree": -0.32854335348076125, "log10_eta": -1.926235098889344, "log10_lambda": -3.415330559166426, "log10_min_child_weight": 2.63797445827967, "log10_subsample": -0.9490180789527866, "max_depth": 8.0, "num_boost_round": 8.0}, "datetime": {"datetime": "2024-01-19 01:47:53", "elapsed": 5765.848612, "delta": 0.005606}}
{"target": -17.674339174316856, "params": {"gamma": 453.23417806970747, "log10_alpha": -3.9031188021635783, "log10_colsample_bytree": -0.32854335348076125, "log10_eta": -1.926235098889344, "log10_lambda": -3.415330559166426, "log10_min_child_weight": 2.63797445827967, "log10_subsample": -0.9490180789527866, "max_depth": 8.0, "num_boost_round": 9.0}, "datetime": {"datetime": "2024-01-19 01:47:53", "elapsed": 5765.854264, "delta": 0.005652}}
{"target": -17.674459956887546, "params": {"gamma": 453.23417806970747, "log10_alpha": -3.9031188021635783, "log10_colsample_bytree": -0.32854335348076125, "log10_eta": -1.926235098889344, "log10_lambda": -3.415330559166426, "log10_min_child_weight": 2.63797445827967, "log10_subsample": -0.9490180789527866, "max_depth": 8.0, "num_boost_round": 10.0}, "datetime": {"datetime": "2024-01-19 01:47:53", "elapsed": 5765.860522, "delta": 0.006258}}
{"target": -17.674347981928253, "params": {"gamma": 453.23417806970747, "log10_alpha": -3.9031188021635783, "log10_colsample_bytree": -0.32854335348076125, "log10_eta": -1.926235098889344, "log10_lambda": -3.415330559166426, "log10_min_child_weight": 2.63797445827967, "log10_subsample": -0.9490180789527866, "max_depth": 8.0, "num_boost_round": 11.0}, "datetime": {"datetime": "2024-01-19 01:47:53", "elapsed": 5765.866034, "delta": 0.005512}}
{"target": -17.674389365867214, "params": {"gamma": 453.23417806970747, "log10_alpha": -3.9031188021635783, "log10_colsample_bytree": -0.32854335348076125, "log10_eta": -1.926235098889344, "log10_lambda": -3.415330559166426, "log10_min_child_weight": 2.63797445827967, "log10_subsample": -0.9490180789527866, "max_depth": 8.0, "num_boost_round": 12.0}, "datetime": {"datetime": "2024-01-19 01:47:53", "elapsed": 5765.871497, "delta": 0.005463}}
{"target": -17.674531771260853, "params": {"gamma": 453.23417806970747, "log10_alpha": -3.9031188021635783, "log10_colsample_bytree": -0.32854335348076125, "log10_eta": -1.926235098889344, "log10_lambda": -3.415330559166426, "log10_min_child_weight": 2.63797445827967, "log10_subsample": -0.9490180789527866, "max_depth": 8.0, "num_boost_round": 13.0}, "datetime": {"datetime": "2024-01-19 01:47:53", "elapsed": 5765.877006, "delta": 0.005509}}
{"target": -17.674356330879064, "params": {"gamma": 453.23417806970747, "log10_alpha": -3.9031188021635783, "log10_colsample_bytree": -0.32854335348076125, "log10_eta": -1.926235098889344, "log10_lambda": -3.415330559166426, "log10_min_child_weight": 2.63797445827967, "log10_subsample": -0.9490180789527866, "max_depth": 8.0, "num_boost_round": 14.0}, "datetime": {"datetime": "2024-01-19 01:47:53", "elapsed": 5765.882466, "delta": 0.00546}}
{"target": -17.674392811047465, "params": {"gamma": 453.23417806970747, "log10_alpha": -3.9031188021635783, "log10_colsample_bytree": -0.32854335348076125, "log10_eta": -1.926235098889344, "log10_lambda": -3.415330559166426, "log10_min_child_weight": 2.63797445827967, "log10_subsample": -0.9490180789527866, "max_depth": 8.0, "num_boost_round": 15.0}, "datetime": {"datetime": "2024-01-19 01:47:53", "elapsed": 5765.888114, "delta": 0.005648}}
{"target": -17.674568266505943, "params": {"gamma": 453.23417806970747, "log10_alpha": -3.9031188021635783, "log10_colsample_bytree": -0.32854335348076125, "log10_eta": -1.926235098889344, "log10_lambda": -3.415330559166426, "log10_min_child_weight": 2.63797445827967, "log10_subsample": -0.9490180789527866, "max_depth": 8.0, "num_boost_round": 16.0}, "datetime": {"datetime": "2024-01-19 01:47:53", "elapsed": 5765.893612, "delta": 0.005498}}
{"target": -17.67482199980865, "params": {"gamma": 453.23417806970747, "log10_alpha": -3.9031188021635783, "log10_colsample_bytree": -0.32854335348076125, "log10_eta": -1.926235098889344, "log10_lambda": -3.415330559166426, "log10_min_child_weight": 2.63797445827967, "log10_subsample": -0.9490180789527866, "max_depth": 8.0, "num_boost_round": 17.0}, "datetime": {"datetime": "2024-01-19 01:47:53", "elapsed": 5765.899029, "delta": 0.005417}}
{"target": -17.675084697758518, "params": {"gamma": 453.23417806970747, "log10_alpha": -3.9031188021635783, "log10_colsample_bytree": -0.32854335348076125, "log10_eta": -1.926235098889344, "log10_lambda": -3.415330559166426, "log10_min_child_weight": 2.63797445827967, "log10_subsample": -0.9490180789527866, "max_depth": 8.0, "num_boost_round": 18.0}, "datetime": {"datetime": "2024-01-19 01:47:53", "elapsed": 5765.904738, "delta": 0.005709}}
{"target": -17.674758758657486, "params": {"gamma": 453.23417806970747, "log10_alpha": -3.9031188021635783, "log10_colsample_bytree": -0.32854335348076125, "log10_eta": -1.926235098889344, "log10_lambda": -3.415330559166426, "log10_min_child_weight": 2.63797445827967, "log10_subsample": -0.9490180789527866, "max_depth": 8.0, "num_boost_round": 19.0}, "datetime": {"datetime": "2024-01-19 01:47:53", "elapsed": 5765.910411, "delta": 0.005673}}
{"target": -17.674196946909756, "params": {"gamma": 453.23417806970747, "log10_alpha": -3.9031188021635783, "log10_colsample_bytree": -0.32854335348076125, "log10_eta": -1.926235098889344, "log10_lambda": -3.415330559166426, "log10_min_child_weight": 2.63797445827967, "log10_subsample": -0.9490180789527866, "max_depth": 8.0, "num_boost_round": 20.0}, "datetime": {"datetime": "2024-01-19 01:47:53", "elapsed": 5765.915821, "delta": 0.00541}}
{"target": -17.674041199551517, "params": {"gamma": 453.23417806970747, "log10_alpha": -3.9031188021635783, "log10_colsample_bytree": -0.32854335348076125, "log10_eta": -1.926235098889344, "log10_lambda": -3.415330559166426, "log10_min_child_weight": 2.63797445827967, "log10_subsample": -0.9490180789527866, "max_depth": 8.0, "num_boost_round": 21.0}, "datetime": {"datetime": "2024-01-19 01:47:53", "elapsed": 5765.921214, "delta": 0.005393}}
{"target": -17.673533213266996, "params": {"gamma": 453.23417806970747, "log10_alpha": -3.9031188021635783, "log10_colsample_bytree": -0.32854335348076125, "log10_eta": -1.926235098889344, "log10_lambda": -3.415330559166426, "log10_min_child_weight": 2.63797445827967, "log10_subsample": -0.9490180789527866, "max_depth": 8.0, "num_boost_round": 22.0}, "datetime": {"datetime": "2024-01-19 01:47:53", "elapsed": 5765.926806, "delta": 0.005592}}
{"target": -17.673218401188336, "params": {"gamma": 453.23417806970747, "log10_alpha": -3.9031188021635783, "log10_colsample_bytree": -0.32854335348076125, "log10_eta": -1.926235098889344, "log10_lambda": -3.415330559166426, "log10_min_child_weight": 2.63797445827967, "log10_subsample": -0.9490180789527866, "max_depth": 8.0, "num_boost_round": 23.0}, "datetime": {"datetime": "2024-01-19 01:47:53", "elapsed": 5765.932041, "delta": 0.005235}}
{"target": -17.67374916263806, "params": {"gamma": 453.23417806970747, "log10_alpha": -3.9031188021635783, "log10_colsample_bytree": -0.32854335348076125, "log10_eta": -1.926235098889344, "log10_lambda": -3.415330559166426, "log10_min_child_weight": 2.63797445827967, "log10_subsample": -0.9490180789527866, "max_depth": 8.0, "num_boost_round": 24.0}, "datetime": {"datetime": "2024-01-19 01:47:53", "elapsed": 5765.937364, "delta": 0.005323}}
{"target": -17.67343022833219, "params": {"gamma": 453.23417806970747, "log10_alpha": -3.9031188021635783, "log10_colsample_bytree": -0.32854335348076125, "log10_eta": -1.926235098889344, "log10_lambda": -3.415330559166426, "log10_min_child_weight": 2.63797445827967, "log10_subsample": -0.9490180789527866, "max_depth": 8.0, "num_boost_round": 25.0}, "datetime": {"datetime": "2024-01-19 01:47:53", "elapsed": 5765.942573, "delta": 0.005209}}
{"target": -17.674020844936358, "params": {"gamma": 453.23417806970747, "log10_alpha": -3.9031188021635783, "log10_colsample_bytree": -0.32854335348076125, "log10_eta": -1.926235098889344, "log10_lambda": -3.415330559166426, "log10_min_child_weight": 2.63797445827967, "log10_subsample": -0.9490180789527866, "max_depth": 8.0, "num_boost_round": 26.0}, "datetime": {"datetime": "2024-01-19 01:47:53", "elapsed": 5765.947981, "delta": 0.005408}}
{"target": -17.674317609423973, "params": {"gamma": 453.23417806970747, "log10_alpha": -3.9031188021635783, "log10_colsample_bytree": -0.32854335348076125, "log10_eta": -1.926235098889344, "log10_lambda": -3.415330559166426, "log10_min_child_weight": 2.63797445827967, "log10_subsample": -0.9490180789527866, "max_depth": 8.0, "num_boost_round": 27.0}, "datetime": {"datetime": "2024-01-19 01:47:53", "elapsed": 5765.953361, "delta": 0.00538}}
{"target": -17.674208198041153, "params": {"gamma": 453.23417806970747, "log10_alpha": -3.9031188021635783, "log10_colsample_bytree": -0.32854335348076125, "log10_eta": -1.926235098889344, "log10_lambda": -3.415330559166426, "log10_min_child_weight": 2.63797445827967, "log10_subsample": -0.9490180789527866, "max_depth": 8.0, "num_boost_round": 28.0}, "datetime": {"datetime": "2024-01-19 01:47:53", "elapsed": 5765.958664, "delta": 0.005303}}
