{"target": -17.677170996223733, "params": {"gamma": 451.23318107730205, "log10_alpha": 0.9100427862519958, "log10_colsample_bytree": -0.5488211469327454, "log10_eta": -2.6717569508422705, "log10_lambda": -0.3479798221477184, "log10_min_child_weight": 3.650318124009815, "log10_subsample": -0.8991371862805186, "max_depth": 6.0, "num_boost_round": 42.0}, "datetime": {"datetime": "2024-01-19 02:48:28", "elapsed": 9412.956572, "delta": 0.006097}}
{"target": -17.677174963861315, "params": {"gamma": 451.23318107730205, "log10_alpha": 0.9100427862519958, "log10_colsample_bytree": -0.5488211469327454, "log10_eta": -2.6717569508422705, "log10_lambda": -0.3479798221477184, "log10_min_child_weight": 3.650318124009815, "log10_subsample": -0.8991371862805186, "max_depth": 6.0, "num_boost_round": 43.0}, "datetime": {"datetime": "2024-01-19 02:48:28", "elapsed": 9412.962143, "delta": 0.005571}}
{"target": -17.67718829860911, "params": {"gamma": 451.23318107730205, "log10_alpha": 0.9100427862519958, "log10_colsample_bytree": -0.5488211469327454, "log10_eta": -2.6717569508422705, "log10_lambda": -0.3479798221477184, "log10_min_child_weight": 3.650318124009815, "log10_subsample": -0.8991371862805186, "max_depth": 6.0, "num_boost_round": 44.0}, "datetime": {"datetime": "2024-01-19 02:48:28", "elapsed": 9412.96731, "delta": 0.005167}}
{"target": -17.677171123844527, "params": {"gamma": 451.23318107730205, "log10_alpha": 0.9100427862519958, "log10_colsample_bytree": -0.5488211469327454, "log10_eta": -2.6717569508422705, "log10_lambda": -0.3479798221477184, "log10_min_child_weight": 3.650318124009815, "log10_subsample": -0.8991371862805186, "max_depth": 6.0, "num_boost_round": 45.0}, "datetime": {"datetime": "2024-01-19 02:48:28", "elapsed": 9412.972494, "delta": 0.005184}}
{"target": -17.677161234943227, "params": {"gamma": 451.23318107730205, "log10_alpha": 0.9100427862519958, "log10_colsample_bytree": -0.5488211469327454, "log10_eta": -2.6717569508422705, "log10_lambda": -0.3479798221477184, "log10_min_child_weight": 3.650318124009815, "log10_subsample": -0.8991371862805186, "max_depth": 6.0, "num_boost_round": 46.0}, "datetime": {"datetime": "2024-01-19 02:48:28", "elapsed": 9412.9777, "delta": 0.005206}}
{"target": -17.677139870653438, "params": {"gamma": 451.23318107730205, "log10_alpha": 0.9100427862519958, "log10_colsample_bytree": -0.5488211469327454, "log10_eta": -2.6717569508422705, "log10_lambda": -0.3479798221477184, "log10_min_child_weight": 3.650318124009815, "log10_subsample": -0.8991371862805186, "max_depth": 6.0, "num_boost_round": 47.0}, "datetime": {"datetime": "2024-01-19 02:48:28", "elapsed": 9412.983042, "delta": 0.005342}}
{"target": -17.677153828325913, "params": {"gamma": 451.23318107730205, "log10_alpha": 0.9100427862519958, "log10_colsample_bytree": -0.5488211469327454, "log10_eta": -2.6717569508422705, "log10_lambda": -0.3479798221477184, "log10_min_child_weight": 3.650318124009815, "log10_subsample": -0.8991371862805186, "max_depth": 6.0, "num_boost_round": 48.0}, "datetime": {"datetime": "2024-01-19 02:48:28", "elapsed": 9412.988287, "delta": 0.005245}}
{"target": -17.67713539490222, "params": {"gamma": 451.23318107730205, "log10_alpha": 0.9100427862519958, "log10_colsample_bytree": -0.5488211469327454, "log10_eta": -2.6717569508422705, "log10_lambda": -0.3479798221477184, "log10_min_child_weight": 3.650318124009815, "log10_subsample": -0.8991371862805186, "max_depth": 6.0, "num_boost_round": 49.0}, "datetime": {"datetime": "2024-01-19 02:48:28", "elapsed": 9412.993486, "delta": 0.005199}}
{"target": -17.677192816579783, "params": {"gamma": 451.23318107730205, "log10_alpha": 0.9100427862519958, "log10_colsample_bytree": -0.5488211469327454, "log10_eta": -2.6717569508422705, "log10_lambda": -0.3479798221477184, "log10_min_child_weight": 3.650318124009815, "log10_subsample": -0.8991371862805186, "max_depth": 6.0, "num_boost_round": 50.0}, "datetime": {"datetime": "2024-01-19 02:48:28", "elapsed": 9412.998554, "delta": 0.005068}}
{"target": -17.677245935924656, "params": {"gamma": 451.23318107730205, "log10_alpha": 0.9100427862519958, "log10_colsample_bytree": -0.5488211469327454, "log10_eta": -2.6717569508422705, "log10_lambda": -0.3479798221477184, "log10_min_child_weight": 3.650318124009815, "log10_subsample": -0.8991371862805186, "max_depth": 6.0, "num_boost_round": 51.0}, "datetime": {"datetime": "2024-01-19 02:48:28", "elapsed": 9413.003724, "delta": 0.00517}}
{"target": -17.695104567080605, "params": {"gamma": 447.94066400369525, "log10_alpha": -2.6702287743337925, "log10_colsample_bytree": -0.7610552379875235, "log10_eta": -0.7086375697170135, "log10_lambda": 0.7703108439016617, "log10_min_child_weight": 0.8665131469580273, "log10_subsample": -0.271984715650328, "max_depth": 9.0, "num_boost_round": 0.0}, "datetime": {"datetime": "2024-01-19 02:50:57", "elapsed": 9561.840217, "delta": 148.836493}}
{"target": -17.711347977496118, "params": {"gamma": 447.94066400369525, "log10_alpha": -2.6702287743337925, "log10_colsample_bytree": -0.7610552379875235, "log10_eta": -0.7086375697170135, "log10_lambda": 0.7703108439016617, "log10_min_child_weight": 0.8665131469580273, "log10_subsample": -0.271984715650328, "max_depth": 9.0, "num_boost_round": 1.0}, "datetime": {"datetime": "2024-01-19 02:50:57", "elapsed": 9561.846103, "delta": 0.005886}}
{"target": -17.72480840522268, "params": {"gamma": 447.94066400369525, "log10_alpha": -2.6702287743337925, "log10_colsample_bytree": -0.7610552379875235, "log10_eta": -0.7086375697170135, "log10_lambda": 0.7703108439016617, "log10_min_child_weight": 0.8665131469580273, "log10_subsample": -0.271984715650328, "max_depth": 9.0, "num_boost_round": 2.0}, "datetime": {"datetime": "2024-01-19 02:50:57", "elapsed": 9561.851447, "delta": 0.005344}}
{"target": -17.743536361111786, "params": {"gamma": 447.94066400369525, "log10_alpha": -2.6702287743337925, "log10_colsample_bytree": -0.7610552379875235, "log10_eta": -0.7086375697170135, "log10_lambda": 0.7703108439016617, "log10_min_child_weight": 0.8665131469580273, "log10_subsample": -0.271984715650328, "max_depth": 9.0, "num_boost_round": 3.0}, "datetime": {"datetime": "2024-01-19 02:50:57", "elapsed": 9561.856637, "delta": 0.00519}}
{"target": -17.751073499209088, "params": {"gamma": 447.94066400369525, "log10_alpha": -2.6702287743337925, "log10_colsample_bytree": -0.7610552379875235, "log10_eta": -0.7086375697170135, "log10_lambda": 0.7703108439016617, "log10_min_child_weight": 0.8665131469580273, "log10_subsample": -0.271984715650328, "max_depth": 9.0, "num_boost_round": 4.0}, "datetime": {"datetime": "2024-01-19 02:50:57", "elapsed": 9561.861751, "delta": 0.005114}}
{"target": -17.76923336889891, "params": {"gamma": 447.94066400369525, "log10_alpha": -2.6702287743337925, "log10_colsample_bytree": -0.7610552379875235, "log10_eta": -0.7086375697170135, "log10_lambda": 0.7703108439016617, "log10_min_child_weight": 0.8665131469580273, "log10_subsample": -0.271984715650328, "max_depth": 9.0, "num_boost_round": 5.0}, "datetime": {"datetime": "2024-01-19 02:50:57", "elapsed": 9561.866925, "delta": 0.005174}}
{"target": -17.789179588032567, "params": {"gamma": 447.94066400369525, "log10_alpha": -2.6702287743337925, "log10_colsample_bytree": -0.7610552379875235, "log10_eta": -0.7086375697170135, "log10_lambda": 0.7703108439016617, "log10_min_child_weight": 0.8665131469580273, "log10_subsample": -0.271984715650328, "max_depth": 9.0, "num_boost_round": 6.0}, "datetime": {"datetime": "2024-01-19 02:50:57", "elapsed": 9561.87255, "delta": 0.005625}}
{"target": -17.84004377625018, "params": {"gamma": 447.94066400369525, "log10_alpha": -2.6702287743337925, "log10_colsample_bytree": -0.7610552379875235, "log10_eta": -0.7086375697170135, "log10_lambda": 0.7703108439016617, "log10_min_child_weight": 0.8665131469580273, "log10_subsample": -0.271984715650328, "max_depth": 9.0, "num_boost_round": 7.0}, "datetime": {"datetime": "2024-01-19 02:50:57", "elapsed": 9561.877797, "delta": 0.005247}}
{"target": -17.86111270773899, "params": {"gamma": 447.94066400369525, "log10_alpha": -2.6702287743337925, "log10_colsample_bytree": -0.7610552379875235, "log10_eta": -0.7086375697170135, "log10_lambda": 0.7703108439016617, "log10_min_child_weight": 0.8665131469580273, "log10_subsample": -0.271984715650328, "max_depth": 9.0, "num_boost_round": 8.0}, "datetime": {"datetime": "2024-01-19 02:50:57", "elapsed": 9561.882969, "delta": 0.005172}}
{"target": -17.869623035918, "params": {"gamma": 447.94066400369525, "log10_alpha": -2.6702287743337925, "log10_colsample_bytree": -0.7610552379875235, "log10_eta": -0.7086375697170135, "log10_lambda": 0.7703108439016617, "log10_min_child_weight": 0.8665131469580273, "log10_subsample": -0.271984715650328, "max_depth": 9.0, "num_boost_round": 9.0}, "datetime": {"datetime": "2024-01-19 02:50:57", "elapsed": 9561.888123, "delta": 0.005154}}
{"target": -17.90780519462601, "params": {"gamma": 447.94066400369525, "log10_alpha": -2.6702287743337925, "log10_colsample_bytree": -0.7610552379875235, "log10_eta": -0.7086375697170135, "log10_lambda": 0.7703108439016617, "log10_min_child_weight": 0.8665131469580273, "log10_subsample": -0.271984715650328, "max_depth": 9.0, "num_boost_round": 10.0}, "datetime": {"datetime": "2024-01-19 02:50:57", "elapsed": 9561.893294, "delta": 0.005171}}
{"target": -17.91440433688647, "params": {"gamma": 447.94066400369525, "log10_alpha": -2.6702287743337925, "log10_colsample_bytree": -0.7610552379875235, "log10_eta": -0.7086375697170135, "log10_lambda": 0.7703108439016617, "log10_min_child_weight": 0.8665131469580273, "log10_subsample": -0.271984715650328, "max_depth": 9.0, "num_boost_round": 11.0}, "datetime": {"datetime": "2024-01-19 02:50:57", "elapsed": 9561.898463, "delta": 0.005169}}
{"target": -17.93133256977366, "params": {"gamma": 447.94066400369525, "log10_alpha": -2.6702287743337925, "log10_colsample_bytree": -0.7610552379875235, "log10_eta": -0.7086375697170135, "log10_lambda": 0.7703108439016617, "log10_min_child_weight": 0.8665131469580273, "log10_subsample": -0.271984715650328, "max_depth": 9.0, "num_boost_round": 12.0}, "datetime": {"datetime": "2024-01-19 02:50:57", "elapsed": 9561.903776, "delta": 0.005313}}
{"target": -17.95043020669344, "params": {"gamma": 447.94066400369525, "log10_alpha": -2.6702287743337925, "log10_colsample_bytree": -0.7610552379875235, "log10_eta": -0.7086375697170135, "log10_lambda": 0.7703108439016617, "log10_min_child_weight": 0.8665131469580273, "log10_subsample": -0.271984715650328, "max_depth": 9.0, "num_boost_round": 13.0}, "datetime": {"datetime": "2024-01-19 02:50:57", "elapsed": 9561.908928, "delta": 0.005152}}
{"target": -17.961065160153808, "params": {"gamma": 447.94066400369525, "log10_alpha": -2.6702287743337925, "log10_colsample_bytree": -0.7610552379875235, "log10_eta": -0.7086375697170135, "log10_lambda": 0.7703108439016617, "log10_min_child_weight": 0.8665131469580273, "log10_subsample": -0.271984715650328, "max_depth": 9.0, "num_boost_round": 14.0}, "datetime": {"datetime": "2024-01-19 02:50:57", "elapsed": 9561.914102, "delta": 0.005174}}
{"target": -17.970231656077555, "params": {"gamma": 447.94066400369525, "log10_alpha": -2.6702287743337925, "log10_colsample_bytree": -0.7610552379875235, "log10_eta": -0.7086375697170135, "log10_lambda": 0.7703108439016617, "log10_min_child_weight": 0.8665131469580273, "log10_subsample": -0.271984715650328, "max_depth": 9.0, "num_boost_round": 15.0}, "datetime": {"datetime": "2024-01-19 02:50:57", "elapsed": 9561.919197, "delta": 0.005095}}
{"target": -17.98054729147417, "params": {"gamma": 447.94066400369525, "log10_alpha": -2.6702287743337925, "log10_colsample_bytree": -0.7610552379875235, "log10_eta": -0.7086375697170135, "log10_lambda": 0.7703108439016617, "log10_min_child_weight": 0.8665131469580273, "log10_subsample": -0.271984715650328, "max_depth": 9.0, "num_boost_round": 16.0}, "datetime": {"datetime": "2024-01-19 02:50:57", "elapsed": 9561.924283, "delta": 0.005086}}
{"target": -17.987908693675347, "params": {"gamma": 447.94066400369525, "log10_alpha": -2.6702287743337925, "log10_colsample_bytree": -0.7610552379875235, "log10_eta": -0.7086375697170135, "log10_lambda": 0.7703108439016617, "log10_min_child_weight": 0.8665131469580273, "log10_subsample": -0.271984715650328, "max_depth": 9.0, "num_boost_round": 17.0}, "datetime": {"datetime": "2024-01-19 02:50:57", "elapsed": 9561.929533, "delta": 0.00525}}
{"target": -18.006691272977317, "params": {"gamma": 447.94066400369525, "log10_alpha": -2.6702287743337925, "log10_colsample_bytree": -0.7610552379875235, "log10_eta": -0.7086375697170135, "log10_lambda": 0.7703108439016617, "log10_min_child_weight": 0.8665131469580273, "log10_subsample": -0.271984715650328, "max_depth": 9.0, "num_boost_round": 18.0}, "datetime": {"datetime": "2024-01-19 02:50:57", "elapsed": 9561.934961, "delta": 0.005428}}
{"target": -18.02541003638586, "params": {"gamma": 447.94066400369525, "log10_alpha": -2.6702287743337925, "log10_colsample_bytree": -0.7610552379875235, "log10_eta": -0.7086375697170135, "log10_lambda": 0.7703108439016617, "log10_min_child_weight": 0.8665131469580273, "log10_subsample": -0.271984715650328, "max_depth": 9.0, "num_boost_round": 19.0}, "datetime": {"datetime": "2024-01-19 02:50:57", "elapsed": 9561.940148, "delta": 0.005187}}
{"target": -18.03696304073886, "params": {"gamma": 447.94066400369525, "log10_alpha": -2.6702287743337925, "log10_colsample_bytree": -0.7610552379875235, "log10_eta": -0.7086375697170135, "log10_lambda": 0.7703108439016617, "log10_min_child_weight": 0.8665131469580273, "log10_subsample": -0.271984715650328, "max_depth": 9.0, "num_boost_round": 20.0}, "datetime": {"datetime": "2024-01-19 02:50:57", "elapsed": 9561.945251, "delta": 0.005103}}
{"target": -18.050288448102147, "params": {"gamma": 447.94066400369525, "log10_alpha": -2.6702287743337925, "log10_colsample_bytree": -0.7610552379875235, "log10_eta": -0.7086375697170135, "log10_lambda": 0.7703108439016617, "log10_min_child_weight": 0.8665131469580273, "log10_subsample": -0.271984715650328, "max_depth": 9.0, "num_boost_round": 21.0}, "datetime": {"datetime": "2024-01-19 02:50:57", "elapsed": 9561.950429, "delta": 0.005178}}
{"target": -18.055290743615732, "params": {"gamma": 447.94066400369525, "log10_alpha": -2.6702287743337925, "log10_colsample_bytree": -0.7610552379875235, "log10_eta": -0.7086375697170135, "log10_lambda": 0.7703108439016617, "log10_min_child_weight": 0.8665131469580273, "log10_subsample": -0.271984715650328, "max_depth": 9.0, "num_boost_round": 22.0}, "datetime": {"datetime": "2024-01-19 02:50:57", "elapsed": 9561.956043, "delta": 0.005614}}
{"target": -18.136203116035375, "params": {"gamma": 447.94066400369525, "log10_alpha": -2.6702287743337925, "log10_colsample_bytree": -0.7610552379875235, "log10_eta": -0.7086375697170135, "log10_lambda": 0.7703108439016617, "log10_min_child_weight": 0.8665131469580273, "log10_subsample": -0.271984715650328, "max_depth": 9.0, "num_boost_round": 23.0}, "datetime": {"datetime": "2024-01-19 02:50:57", "elapsed": 9561.962023, "delta": 0.00598}}
{"target": -18.190067588173054, "params": {"gamma": 447.94066400369525, "log10_alpha": -2.6702287743337925, "log10_colsample_bytree": -0.7610552379875235, "log10_eta": -0.7086375697170135, "log10_lambda": 0.7703108439016617, "log10_min_child_weight": 0.8665131469580273, "log10_subsample": -0.271984715650328, "max_depth": 9.0, "num_boost_round": 24.0}, "datetime": {"datetime": "2024-01-19 02:50:57", "elapsed": 9561.967414, "delta": 0.005391}}
{"target": -18.233828283107293, "params": {"gamma": 447.94066400369525, "log10_alpha": -2.6702287743337925, "log10_colsample_bytree": -0.7610552379875235, "log10_eta": -0.7086375697170135, "log10_lambda": 0.7703108439016617, "log10_min_child_weight": 0.8665131469580273, "log10_subsample": -0.271984715650328, "max_depth": 9.0, "num_boost_round": 25.0}, "datetime": {"datetime": "2024-01-19 02:50:57", "elapsed": 9561.972776, "delta": 0.005362}}
{"target": -18.2646221199699, "params": {"gamma": 447.94066400369525, "log10_alpha": -2.6702287743337925, "log10_colsample_bytree": -0.7610552379875235, "log10_eta": -0.7086375697170135, "log10_lambda": 0.7703108439016617, "log10_min_child_weight": 0.8665131469580273, "log10_subsample": -0.271984715650328, "max_depth": 9.0, "num_boost_round": 26.0}, "datetime": {"datetime": "2024-01-19 02:50:57", "elapsed": 9561.978093, "delta": 0.005317}}
{"target": -18.281160195767125, "params": {"gamma": 447.94066400369525, "log10_alpha": -2.6702287743337925, "log10_colsample_bytree": -0.7610552379875235, "log10_eta": -0.7086375697170135, "log10_lambda": 0.7703108439016617, "log10_min_child_weight": 0.8665131469580273, "log10_subsample": -0.271984715650328, "max_depth": 9.0, "num_boost_round": 27.0}, "datetime": {"datetime": "2024-01-19 02:50:57", "elapsed": 9561.983388, "delta": 0.005295}}
{"target": -18.28871869075813, "params": {"gamma": 447.94066400369525, "log10_alpha": -2.6702287743337925, "log10_colsample_bytree": -0.7610552379875235, "log10_eta": -0.7086375697170135, "log10_lambda": 0.7703108439016617, "log10_min_child_weight": 0.8665131469580273, "log10_subsample": -0.271984715650328, "max_depth": 9.0, "num_boost_round": 28.0}, "datetime": {"datetime": "2024-01-19 02:50:57", "elapsed": 9561.988573, "delta": 0.005185}}
{"target": -18.293264400502924, "params": {"gamma": 447.94066400369525, "log10_alpha": -2.6702287743337925, "log10_colsample_bytree": -0.7610552379875235, "log10_eta": -0.7086375697170135, "log10_lambda": 0.7703108439016617, "log10_min_child_weight": 0.8665131469580273, "log10_subsample": -0.271984715650328, "max_depth": 9.0, "num_boost_round": 29.0}, "datetime": {"datetime": "2024-01-19 02:50:57", "elapsed": 9561.993785, "delta": 0.005212}}
{"target": -18.30359811451641, "params": {"gamma": 447.94066400369525, "log10_alpha": -2.6702287743337925, "log10_colsample_bytree": -0.7610552379875235, "log10_eta": -0.7086375697170135, "log10_lambda": 0.7703108439016617, "log10_min_child_weight": 0.8665131469580273, "log10_subsample": -0.271984715650328, "max_depth": 9.0, "num_boost_round": 30.0}, "datetime": {"datetime": "2024-01-19 02:50:57", "elapsed": 9561.999092, "delta": 0.005307}}
{"target": -18.317244715538514, "params": {"gamma": 447.94066400369525, "log10_alpha": -2.6702287743337925, "log10_colsample_bytree": -0.7610552379875235, "log10_eta": -0.7086375697170135, "log10_lambda": 0.7703108439016617, "log10_min_child_weight": 0.8665131469580273, "log10_subsample": -0.271984715650328, "max_depth": 9.0, "num_boost_round": 31.0}, "datetime": {"datetime": "2024-01-19 02:50:57", "elapsed": 9562.004179, "delta": 0.005087}}
{"target": -18.3337286508336, "params": {"gamma": 447.94066400369525, "log10_alpha": -2.6702287743337925, "log10_colsample_bytree": -0.7610552379875235, "log10_eta": -0.7086375697170135, "log10_lambda": 0.7703108439016617, "log10_min_child_weight": 0.8665131469580273, "log10_subsample": -0.271984715650328, "max_depth": 9.0, "num_boost_round": 32.0}, "datetime": {"datetime": "2024-01-19 02:50:57", "elapsed": 9562.009334, "delta": 0.005155}}
{"target": -18.339514701531225, "params": {"gamma": 447.94066400369525, "log10_alpha": -2.6702287743337925, "log10_colsample_bytree": -0.7610552379875235, "log10_eta": -0.7086375697170135, "log10_lambda": 0.7703108439016617, "log10_min_child_weight": 0.8665131469580273, "log10_subsample": -0.271984715650328, "max_depth": 9.0, "num_boost_round": 33.0}, "datetime": {"datetime": "2024-01-19 02:50:57", "elapsed": 9562.014499, "delta": 0.005165}}
{"target": -18.35184125372161, "params": {"gamma": 447.94066400369525, "log10_alpha": -2.6702287743337925, "log10_colsample_bytree": -0.7610552379875235, "log10_eta": -0.7086375697170135, "log10_lambda": 0.7703108439016617, "log10_min_child_weight": 0.8665131469580273, "log10_subsample": -0.271984715650328, "max_depth": 9.0, "num_boost_round": 34.0}, "datetime": {"datetime": "2024-01-19 02:50:57", "elapsed": 9562.019772, "delta": 0.005273}}
{"target": -18.372352534249657, "params": {"gamma": 447.94066400369525, "log10_alpha": -2.6702287743337925, "log10_colsample_bytree": -0.7610552379875235, "log10_eta": -0.7086375697170135, "log10_lambda": 0.7703108439016617, "log10_min_child_weight": 0.8665131469580273, "log10_subsample": -0.271984715650328, "max_depth": 9.0, "num_boost_round": 35.0}, "datetime": {"datetime": "2024-01-19 02:50:57", "elapsed": 9562.024979, "delta": 0.005207}}
{"target": -18.37986713684495, "params": {"gamma": 447.94066400369525, "log10_alpha": -2.6702287743337925, "log10_colsample_bytree": -0.7610552379875235, "log10_eta": -0.7086375697170135, "log10_lambda": 0.7703108439016617, "log10_min_child_weight": 0.8665131469580273, "log10_subsample": -0.271984715650328, "max_depth": 9.0, "num_boost_round": 36.0}, "datetime": {"datetime": "2024-01-19 02:50:57", "elapsed": 9562.030349, "delta": 0.00537}}
{"target": -18.39101502115321, "params": {"gamma": 447.94066400369525, "log10_alpha": -2.6702287743337925, "log10_colsample_bytree": -0.7610552379875235, "log10_eta": -0.7086375697170135, "log10_lambda": 0.7703108439016617, "log10_min_child_weight": 0.8665131469580273, "log10_subsample": -0.271984715650328, "max_depth": 9.0, "num_boost_round": 37.0}, "datetime": {"datetime": "2024-01-19 02:50:57", "elapsed": 9562.035466, "delta": 0.005117}}
{"target": -18.39884909207025, "params": {"gamma": 447.94066400369525, "log10_alpha": -2.6702287743337925, "log10_colsample_bytree": -0.7610552379875235, "log10_eta": -0.7086375697170135, "log10_lambda": 0.7703108439016617, "log10_min_child_weight": 0.8665131469580273, "log10_subsample": -0.271984715650328, "max_depth": 9.0, "num_boost_round": 38.0}, "datetime": {"datetime": "2024-01-19 02:50:57", "elapsed": 9562.040583, "delta": 0.005117}}
