{"target": -13.758516385293374, "params": {"gamma": 857.9609410793807, "log10_alpha": -0.940673679756908, "log10_colsample_bytree": -0.023340040085811253, "log10_eta": -3.562766627193951, "log10_lambda": -1.4852762372930992, "log10_min_child_weight": 4.7365000960276005, "log10_subsample": -0.42079772937584636, "max_depth": 4.0, "num_boost_round": 25.0}, "datetime": {"datetime": "2024-01-19 01:42:39", "elapsed": 5463.628098, "delta": 0.006185}}
{"target": -13.758515743606662, "params": {"gamma": 857.9609410793807, "log10_alpha": -0.940673679756908, "log10_colsample_bytree": -0.023340040085811253, "log10_eta": -3.562766627193951, "log10_lambda": -1.4852762372930992, "log10_min_child_weight": 4.7365000960276005, "log10_subsample": -0.42079772937584636, "max_depth": 4.0, "num_boost_round": 26.0}, "datetime": {"datetime": "2024-01-19 01:42:39", "elapsed": 5463.634225, "delta": 0.006127}}
{"target": -13.758513635157932, "params": {"gamma": 857.9609410793807, "log10_alpha": -0.940673679756908, "log10_colsample_bytree": -0.023340040085811253, "log10_eta": -3.562766627193951, "log10_lambda": -1.4852762372930992, "log10_min_child_weight": 4.7365000960276005, "log10_subsample": -0.42079772937584636, "max_depth": 4.0, "num_boost_round": 27.0}, "datetime": {"datetime": "2024-01-19 01:42:39", "elapsed": 5463.640313, "delta": 0.006088}}
{"target": -13.758512767796407, "params": {"gamma": 857.9609410793807, "log10_alpha": -0.940673679756908, "log10_colsample_bytree": -0.023340040085811253, "log10_eta": -3.562766627193951, "log10_lambda": -1.4852762372930992, "log10_min_child_weight": 4.7365000960276005, "log10_subsample": -0.42079772937584636, "max_depth": 4.0, "num_boost_round": 28.0}, "datetime": {"datetime": "2024-01-19 01:42:39", "elapsed": 5463.646303, "delta": 0.00599}}
{"target": -13.758513116309162, "params": {"gamma": 857.9609410793807, "log10_alpha": -0.940673679756908, "log10_colsample_bytree": -0.023340040085811253, "log10_eta": -3.562766627193951, "log10_lambda": -1.4852762372930992, "log10_min_child_weight": 4.7365000960276005, "log10_subsample": -0.42079772937584636, "max_depth": 4.0, "num_boost_round": 29.0}, "datetime": {"datetime": "2024-01-19 01:42:39", "elapsed": 5463.652388, "delta": 0.006085}}
{"target": -13.758511109714004, "params": {"gamma": 857.9609410793807, "log10_alpha": -0.940673679756908, "log10_colsample_bytree": -0.023340040085811253, "log10_eta": -3.562766627193951, "log10_lambda": -1.4852762372930992, "log10_min_child_weight": 4.7365000960276005, "log10_subsample": -0.42079772937584636, "max_depth": 4.0, "num_boost_round": 30.0}, "datetime": {"datetime": "2024-01-19 01:42:39", "elapsed": 5463.658466, "delta": 0.006078}}
{"target": -13.758508628918797, "params": {"gamma": 857.9609410793807, "log10_alpha": -0.940673679756908, "log10_colsample_bytree": -0.023340040085811253, "log10_eta": -3.562766627193951, "log10_lambda": -1.4852762372930992, "log10_min_child_weight": 4.7365000960276005, "log10_subsample": -0.42079772937584636, "max_depth": 4.0, "num_boost_round": 31.0}, "datetime": {"datetime": "2024-01-19 01:42:39", "elapsed": 5463.664491, "delta": 0.006025}}
{"target": -13.758509085642476, "params": {"gamma": 857.9609410793807, "log10_alpha": -0.940673679756908, "log10_colsample_bytree": -0.023340040085811253, "log10_eta": -3.562766627193951, "log10_lambda": -1.4852762372930992, "log10_min_child_weight": 4.7365000960276005, "log10_subsample": -0.42079772937584636, "max_depth": 4.0, "num_boost_round": 32.0}, "datetime": {"datetime": "2024-01-19 01:42:39", "elapsed": 5463.670295, "delta": 0.005804}}
{"target": -13.758508226818156, "params": {"gamma": 857.9609410793807, "log10_alpha": -0.940673679756908, "log10_colsample_bytree": -0.023340040085811253, "log10_eta": -3.562766627193951, "log10_lambda": -1.4852762372930992, "log10_min_child_weight": 4.7365000960276005, "log10_subsample": -0.42079772937584636, "max_depth": 4.0, "num_boost_round": 33.0}, "datetime": {"datetime": "2024-01-19 01:42:39", "elapsed": 5463.676247, "delta": 0.005952}}
{"target": -13.758550988783687, "params": {"gamma": 822.3325766713864, "log10_alpha": 0.9906507152837634, "log10_colsample_bytree": -0.5781751592658769, "log10_eta": -2.4787846678432555, "log10_lambda": 0.8475700448032786, "log10_min_child_weight": 2.800134578524609, "log10_subsample": -0.13103346906638813, "max_depth": 7.0, "num_boost_round": 0.0}, "datetime": {"datetime": "2024-01-19 01:44:32", "elapsed": 5577.193369, "delta": 113.517122}}
{"target": -13.758411630493256, "params": {"gamma": 822.3325766713864, "log10_alpha": 0.9906507152837634, "log10_colsample_bytree": -0.5781751592658769, "log10_eta": -2.4787846678432555, "log10_lambda": 0.8475700448032786, "log10_min_child_weight": 2.800134578524609, "log10_subsample": -0.13103346906638813, "max_depth": 7.0, "num_boost_round": 1.0}, "datetime": {"datetime": "2024-01-19 01:44:32", "elapsed": 5577.200259, "delta": 0.00689}}
{"target": -13.758276366040164, "params": {"gamma": 822.3325766713864, "log10_alpha": 0.9906507152837634, "log10_colsample_bytree": -0.5781751592658769, "log10_eta": -2.4787846678432555, "log10_lambda": 0.8475700448032786, "log10_min_child_weight": 2.800134578524609, "log10_subsample": -0.13103346906638813, "max_depth": 7.0, "num_boost_round": 2.0}, "datetime": {"datetime": "2024-01-19 01:44:32", "elapsed": 5577.206239, "delta": 0.00598}}
{"target": -13.758067349006076, "params": {"gamma": 822.3325766713864, "log10_alpha": 0.9906507152837634, "log10_colsample_bytree": -0.5781751592658769, "log10_eta": -2.4787846678432555, "log10_lambda": 0.8475700448032786, "log10_min_child_weight": 2.800134578524609, "log10_subsample": -0.13103346906638813, "max_depth": 7.0, "num_boost_round": 3.0}, "datetime": {"datetime": "2024-01-19 01:44:32", "elapsed": 5577.212161, "delta": 0.005922}}
{"target": -13.757953791153213, "params": {"gamma": 822.3325766713864, "log10_alpha": 0.9906507152837634, "log10_colsample_bytree": -0.5781751592658769, "log10_eta": -2.4787846678432555, "log10_lambda": 0.8475700448032786, "log10_min_child_weight": 2.800134578524609, "log10_subsample": -0.13103346906638813, "max_depth": 7.0, "num_boost_round": 4.0}, "datetime": {"datetime": "2024-01-19 01:44:32", "elapsed": 5577.218087, "delta": 0.005926}}
{"target": -13.757879084699454, "params": {"gamma": 822.3325766713864, "log10_alpha": 0.9906507152837634, "log10_colsample_bytree": -0.5781751592658769, "log10_eta": -2.4787846678432555, "log10_lambda": 0.8475700448032786, "log10_min_child_weight": 2.800134578524609, "log10_subsample": -0.13103346906638813, "max_depth": 7.0, "num_boost_round": 5.0}, "datetime": {"datetime": "2024-01-19 01:44:32", "elapsed": 5577.223992, "delta": 0.005905}}
{"target": -13.757781777587436, "params": {"gamma": 822.3325766713864, "log10_alpha": 0.9906507152837634, "log10_colsample_bytree": -0.5781751592658769, "log10_eta": -2.4787846678432555, "log10_lambda": 0.8475700448032786, "log10_min_child_weight": 2.800134578524609, "log10_subsample": -0.13103346906638813, "max_depth": 7.0, "num_boost_round": 6.0}, "datetime": {"datetime": "2024-01-19 01:44:32", "elapsed": 5577.229902, "delta": 0.00591}}
{"target": -13.757738790515747, "params": {"gamma": 822.3325766713864, "log10_alpha": 0.9906507152837634, "log10_colsample_bytree": -0.5781751592658769, "log10_eta": -2.4787846678432555, "log10_lambda": 0.8475700448032786, "log10_min_child_weight": 2.800134578524609, "log10_subsample": -0.13103346906638813, "max_depth": 7.0, "num_boost_round": 7.0}, "datetime": {"datetime": "2024-01-19 01:44:32", "elapsed": 5577.236199, "delta": 0.006297}}
{"target": -13.75766952879719, "params": {"gamma": 822.3325766713864, "log10_alpha": 0.9906507152837634, "log10_colsample_bytree": -0.5781751592658769, "log10_eta": -2.4787846678432555, "log10_lambda": 0.8475700448032786, "log10_min_child_weight": 2.800134578524609, "log10_subsample": -0.13103346906638813, "max_depth": 7.0, "num_boost_round": 8.0}, "datetime": {"datetime": "2024-01-19 01:44:32", "elapsed": 5577.242525, "delta": 0.006326}}
{"target": -13.757615284619888, "params": {"gamma": 822.3325766713864, "log10_alpha": 0.9906507152837634, "log10_colsample_bytree": -0.5781751592658769, "log10_eta": -2.4787846678432555, "log10_lambda": 0.8475700448032786, "log10_min_child_weight": 2.800134578524609, "log10_subsample": -0.13103346906638813, "max_depth": 7.0, "num_boost_round": 9.0}, "datetime": {"datetime": "2024-01-19 01:44:32", "elapsed": 5577.248662, "delta": 0.006137}}
{"target": -13.75749063225794, "params": {"gamma": 822.3325766713864, "log10_alpha": 0.9906507152837634, "log10_colsample_bytree": -0.5781751592658769, "log10_eta": -2.4787846678432555, "log10_lambda": 0.8475700448032786, "log10_min_child_weight": 2.800134578524609, "log10_subsample": -0.13103346906638813, "max_depth": 7.0, "num_boost_round": 10.0}, "datetime": {"datetime": "2024-01-19 01:44:32", "elapsed": 5577.254591, "delta": 0.005929}}
{"target": -13.757450625920173, "params": {"gamma": 822.3325766713864, "log10_alpha": 0.9906507152837634, "log10_colsample_bytree": -0.5781751592658769, "log10_eta": -2.4787846678432555, "log10_lambda": 0.8475700448032786, "log10_min_child_weight": 2.800134578524609, "log10_subsample": -0.13103346906638813, "max_depth": 7.0, "num_boost_round": 11.0}, "datetime": {"datetime": "2024-01-19 01:44:32", "elapsed": 5577.260339, "delta": 0.005748}}
{"target": -13.757418813381397, "params": {"gamma": 822.3325766713864, "log10_alpha": 0.9906507152837634, "log10_colsample_bytree": -0.5781751592658769, "log10_eta": -2.4787846678432555, "log10_lambda": 0.8475700448032786, "log10_min_child_weight": 2.800134578524609, "log10_subsample": -0.13103346906638813, "max_depth": 7.0, "num_boost_round": 12.0}, "datetime": {"datetime": "2024-01-19 01:44:32", "elapsed": 5577.26613, "delta": 0.005791}}
{"target": -13.757460290895995, "params": {"gamma": 822.3325766713864, "log10_alpha": 0.9906507152837634, "log10_colsample_bytree": -0.5781751592658769, "log10_eta": -2.4787846678432555, "log10_lambda": 0.8475700448032786, "log10_min_child_weight": 2.800134578524609, "log10_subsample": -0.13103346906638813, "max_depth": 7.0, "num_boost_round": 13.0}, "datetime": {"datetime": "2024-01-19 01:44:32", "elapsed": 5577.272161, "delta": 0.006031}}
{"target": -13.757468008518419, "params": {"gamma": 822.3325766713864, "log10_alpha": 0.9906507152837634, "log10_colsample_bytree": -0.5781751592658769, "log10_eta": -2.4787846678432555, "log10_lambda": 0.8475700448032786, "log10_min_child_weight": 2.800134578524609, "log10_subsample": -0.13103346906638813, "max_depth": 7.0, "num_boost_round": 14.0}, "datetime": {"datetime": "2024-01-19 01:44:32", "elapsed": 5577.278157, "delta": 0.005996}}
{"target": -13.757323133490946, "params": {"gamma": 822.3325766713864, "log10_alpha": 0.9906507152837634, "log10_colsample_bytree": -0.5781751592658769, "log10_eta": -2.4787846678432555, "log10_lambda": 0.8475700448032786, "log10_min_child_weight": 2.800134578524609, "log10_subsample": -0.13103346906638813, "max_depth": 7.0, "num_boost_round": 15.0}, "datetime": {"datetime": "2024-01-19 01:44:32", "elapsed": 5577.283958, "delta": 0.005801}}
{"target": -13.757337213532407, "params": {"gamma": 822.3325766713864, "log10_alpha": 0.9906507152837634, "log10_colsample_bytree": -0.5781751592658769, "log10_eta": -2.4787846678432555, "log10_lambda": 0.8475700448032786, "log10_min_child_weight": 2.800134578524609, "log10_subsample": -0.13103346906638813, "max_depth": 7.0, "num_boost_round": 16.0}, "datetime": {"datetime": "2024-01-19 01:44:32", "elapsed": 5577.289731, "delta": 0.005773}}
{"target": -13.757378464220507, "params": {"gamma": 822.3325766713864, "log10_alpha": 0.9906507152837634, "log10_colsample_bytree": -0.5781751592658769, "log10_eta": -2.4787846678432555, "log10_lambda": 0.8475700448032786, "log10_min_child_weight": 2.800134578524609, "log10_subsample": -0.13103346906638813, "max_depth": 7.0, "num_boost_round": 17.0}, "datetime": {"datetime": "2024-01-19 01:44:32", "elapsed": 5577.29566, "delta": 0.005929}}
{"target": -13.75744401357088, "params": {"gamma": 822.3325766713864, "log10_alpha": 0.9906507152837634, "log10_colsample_bytree": -0.5781751592658769, "log10_eta": -2.4787846678432555, "log10_lambda": 0.8475700448032786, "log10_min_child_weight": 2.800134578524609, "log10_subsample": -0.13103346906638813, "max_depth": 7.0, "num_boost_round": 18.0}, "datetime": {"datetime": "2024-01-19 01:44:33", "elapsed": 5577.301576, "delta": 0.005916}}
{"target": -13.757284752008141, "params": {"gamma": 822.3325766713864, "log10_alpha": 0.9906507152837634, "log10_colsample_bytree": -0.5781751592658769, "log10_eta": -2.4787846678432555, "log10_lambda": 0.8475700448032786, "log10_min_child_weight": 2.800134578524609, "log10_subsample": -0.13103346906638813, "max_depth": 7.0, "num_boost_round": 19.0}, "datetime": {"datetime": "2024-01-19 01:44:33", "elapsed": 5577.425697, "delta": 0.124121}}
{"target": -13.757149726690344, "params": {"gamma": 822.3325766713864, "log10_alpha": 0.9906507152837634, "log10_colsample_bytree": -0.5781751592658769, "log10_eta": -2.4787846678432555, "log10_lambda": 0.8475700448032786, "log10_min_child_weight": 2.800134578524609, "log10_subsample": -0.13103346906638813, "max_depth": 7.0, "num_boost_round": 20.0}, "datetime": {"datetime": "2024-01-19 01:44:33", "elapsed": 5577.433327, "delta": 0.00763}}
{"target": -13.757163368058954, "params": {"gamma": 822.3325766713864, "log10_alpha": 0.9906507152837634, "log10_colsample_bytree": -0.5781751592658769, "log10_eta": -2.4787846678432555, "log10_lambda": 0.8475700448032786, "log10_min_child_weight": 2.800134578524609, "log10_subsample": -0.13103346906638813, "max_depth": 7.0, "num_boost_round": 21.0}, "datetime": {"datetime": "2024-01-19 01:44:33", "elapsed": 5577.440578, "delta": 0.007251}}
{"target": -13.75714773333608, "params": {"gamma": 822.3325766713864, "log10_alpha": 0.9906507152837634, "log10_colsample_bytree": -0.5781751592658769, "log10_eta": -2.4787846678432555, "log10_lambda": 0.8475700448032786, "log10_min_child_weight": 2.800134578524609, "log10_subsample": -0.13103346906638813, "max_depth": 7.0, "num_boost_round": 22.0}, "datetime": {"datetime": "2024-01-19 01:44:33", "elapsed": 5577.447256, "delta": 0.006678}}
{"target": -13.757098855182285, "params": {"gamma": 822.3325766713864, "log10_alpha": 0.9906507152837634, "log10_colsample_bytree": -0.5781751592658769, "log10_eta": -2.4787846678432555, "log10_lambda": 0.8475700448032786, "log10_min_child_weight": 2.800134578524609, "log10_subsample": -0.13103346906638813, "max_depth": 7.0, "num_boost_round": 23.0}, "datetime": {"datetime": "2024-01-19 01:44:33", "elapsed": 5577.453575, "delta": 0.006319}}
{"target": -13.757075919551093, "params": {"gamma": 822.3325766713864, "log10_alpha": 0.9906507152837634, "log10_colsample_bytree": -0.5781751592658769, "log10_eta": -2.4787846678432555, "log10_lambda": 0.8475700448032786, "log10_min_child_weight": 2.800134578524609, "log10_subsample": -0.13103346906638813, "max_depth": 7.0, "num_boost_round": 24.0}, "datetime": {"datetime": "2024-01-19 01:44:33", "elapsed": 5577.459621, "delta": 0.006046}}
{"target": -13.75710537188605, "params": {"gamma": 822.3325766713864, "log10_alpha": 0.9906507152837634, "log10_colsample_bytree": -0.5781751592658769, "log10_eta": -2.4787846678432555, "log10_lambda": 0.8475700448032786, "log10_min_child_weight": 2.800134578524609, "log10_subsample": -0.13103346906638813, "max_depth": 7.0, "num_boost_round": 25.0}, "datetime": {"datetime": "2024-01-19 01:44:33", "elapsed": 5577.465564, "delta": 0.005943}}
{"target": -13.757163072036056, "params": {"gamma": 822.3325766713864, "log10_alpha": 0.9906507152837634, "log10_colsample_bytree": -0.5781751592658769, "log10_eta": -2.4787846678432555, "log10_lambda": 0.8475700448032786, "log10_min_child_weight": 2.800134578524609, "log10_subsample": -0.13103346906638813, "max_depth": 7.0, "num_boost_round": 26.0}, "datetime": {"datetime": "2024-01-19 01:44:33", "elapsed": 5577.471433, "delta": 0.005869}}
{"target": -13.757158198980495, "params": {"gamma": 822.3325766713864, "log10_alpha": 0.9906507152837634, "log10_colsample_bytree": -0.5781751592658769, "log10_eta": -2.4787846678432555, "log10_lambda": 0.8475700448032786, "log10_min_child_weight": 2.800134578524609, "log10_subsample": -0.13103346906638813, "max_depth": 7.0, "num_boost_round": 27.0}, "datetime": {"datetime": "2024-01-19 01:44:33", "elapsed": 5577.477283, "delta": 0.00585}}
{"target": -13.757215351528364, "params": {"gamma": 822.3325766713864, "log10_alpha": 0.9906507152837634, "log10_colsample_bytree": -0.5781751592658769, "log10_eta": -2.4787846678432555, "log10_lambda": 0.8475700448032786, "log10_min_child_weight": 2.800134578524609, "log10_subsample": -0.13103346906638813, "max_depth": 7.0, "num_boost_round": 28.0}, "datetime": {"datetime": "2024-01-19 01:44:33", "elapsed": 5577.483412, "delta": 0.006129}}
{"target": -13.757136217571055, "params": {"gamma": 822.3325766713864, "log10_alpha": 0.9906507152837634, "log10_colsample_bytree": -0.5781751592658769, "log10_eta": -2.4787846678432555, "log10_lambda": 0.8475700448032786, "log10_min_child_weight": 2.800134578524609, "log10_subsample": -0.13103346906638813, "max_depth": 7.0, "num_boost_round": 29.0}, "datetime": {"datetime": "2024-01-19 01:44:33", "elapsed": 5577.489573, "delta": 0.006161}}
{"target": -13.757058891039334, "params": {"gamma": 822.3325766713864, "log10_alpha": 0.9906507152837634, "log10_colsample_bytree": -0.5781751592658769, "log10_eta": -2.4787846678432555, "log10_lambda": 0.8475700448032786, "log10_min_child_weight": 2.800134578524609, "log10_subsample": -0.13103346906638813, "max_depth": 7.0, "num_boost_round": 30.0}, "datetime": {"datetime": "2024-01-19 01:44:33", "elapsed": 5577.495679, "delta": 0.006106}}
{"target": -13.756932523130835, "params": {"gamma": 822.3325766713864, "log10_alpha": 0.9906507152837634, "log10_colsample_bytree": -0.5781751592658769, "log10_eta": -2.4787846678432555, "log10_lambda": 0.8475700448032786, "log10_min_child_weight": 2.800134578524609, "log10_subsample": -0.13103346906638813, "max_depth": 7.0, "num_boost_round": 31.0}, "datetime": {"datetime": "2024-01-19 01:44:33", "elapsed": 5577.501892, "delta": 0.006213}}
{"target": -13.756955123601212, "params": {"gamma": 822.3325766713864, "log10_alpha": 0.9906507152837634, "log10_colsample_bytree": -0.5781751592658769, "log10_eta": -2.4787846678432555, "log10_lambda": 0.8475700448032786, "log10_min_child_weight": 2.800134578524609, "log10_subsample": -0.13103346906638813, "max_depth": 7.0, "num_boost_round": 32.0}, "datetime": {"datetime": "2024-01-19 01:44:33", "elapsed": 5577.508117, "delta": 0.006225}}
{"target": -13.756926274886084, "params": {"gamma": 822.3325766713864, "log10_alpha": 0.9906507152837634, "log10_colsample_bytree": -0.5781751592658769, "log10_eta": -2.4787846678432555, "log10_lambda": 0.8475700448032786, "log10_min_child_weight": 2.800134578524609, "log10_subsample": -0.13103346906638813, "max_depth": 7.0, "num_boost_round": 33.0}, "datetime": {"datetime": "2024-01-19 01:44:33", "elapsed": 5577.514032, "delta": 0.005915}}
{"target": -13.757007996951364, "params": {"gamma": 822.3325766713864, "log10_alpha": 0.9906507152837634, "log10_colsample_bytree": -0.5781751592658769, "log10_eta": -2.4787846678432555, "log10_lambda": 0.8475700448032786, "log10_min_child_weight": 2.800134578524609, "log10_subsample": -0.13103346906638813, "max_depth": 7.0, "num_boost_round": 34.0}, "datetime": {"datetime": "2024-01-19 01:44:33", "elapsed": 5577.519967, "delta": 0.005935}}
{"target": -13.756971841789905, "params": {"gamma": 822.3325766713864, "log10_alpha": 0.9906507152837634, "log10_colsample_bytree": -0.5781751592658769, "log10_eta": -2.4787846678432555, "log10_lambda": 0.8475700448032786, "log10_min_child_weight": 2.800134578524609, "log10_subsample": -0.13103346906638813, "max_depth": 7.0, "num_boost_round": 35.0}, "datetime": {"datetime": "2024-01-19 01:44:33", "elapsed": 5577.525881, "delta": 0.005914}}
{"target": -13.756986830516311, "params": {"gamma": 822.3325766713864, "log10_alpha": 0.9906507152837634, "log10_colsample_bytree": -0.5781751592658769, "log10_eta": -2.4787846678432555, "log10_lambda": 0.8475700448032786, "log10_min_child_weight": 2.800134578524609, "log10_subsample": -0.13103346906638813, "max_depth": 7.0, "num_boost_round": 36.0}, "datetime": {"datetime": "2024-01-19 01:44:33", "elapsed": 5577.531813, "delta": 0.005932}}
{"target": -13.757017281745126, "params": {"gamma": 822.3325766713864, "log10_alpha": 0.9906507152837634, "log10_colsample_bytree": -0.5781751592658769, "log10_eta": -2.4787846678432555, "log10_lambda": 0.8475700448032786, "log10_min_child_weight": 2.800134578524609, "log10_subsample": -0.13103346906638813, "max_depth": 7.0, "num_boost_round": 37.0}, "datetime": {"datetime": "2024-01-19 01:44:33", "elapsed": 5577.53777, "delta": 0.005957}}
{"target": -13.756920489202356, "params": {"gamma": 822.3325766713864, "log10_alpha": 0.9906507152837634, "log10_colsample_bytree": -0.5781751592658769, "log10_eta": -2.4787846678432555, "log10_lambda": 0.8475700448032786, "log10_min_child_weight": 2.800134578524609, "log10_subsample": -0.13103346906638813, "max_depth": 7.0, "num_boost_round": 38.0}, "datetime": {"datetime": "2024-01-19 01:44:33", "elapsed": 5577.543668, "delta": 0.005898}}
{"target": -13.756779760479745, "params": {"gamma": 822.3325766713864, "log10_alpha": 0.9906507152837634, "log10_colsample_bytree": -0.5781751592658769, "log10_eta": -2.4787846678432555, "log10_lambda": 0.8475700448032786, "log10_min_child_weight": 2.800134578524609, "log10_subsample": -0.13103346906638813, "max_depth": 7.0, "num_boost_round": 39.0}, "datetime": {"datetime": "2024-01-19 01:44:33", "elapsed": 5577.549533, "delta": 0.005865}}
