{"target": -13.757282152691541, "params": {"gamma": 423.0845540557271, "log10_alpha": -0.25590260926845687, "log10_colsample_bytree": -0.6365021177300695, "log10_eta": -2.4324845284853946, "log10_lambda": -4.301292933194624, "log10_min_child_weight": 3.272707902287771, "log10_subsample": -0.8576324407433393, "max_depth": 6.0, "num_boost_round": 31.0}, "datetime": {"datetime": "2024-01-19 00:19:58", "elapsed": 501.645248, "delta": 0.001252}}
{"target": -13.757237431402906, "params": {"gamma": 423.0845540557271, "log10_alpha": -0.25590260926845687, "log10_colsample_bytree": -0.6365021177300695, "log10_eta": -2.4324845284853946, "log10_lambda": -4.301292933194624, "log10_min_child_weight": 3.272707902287771, "log10_subsample": -0.8576324407433393, "max_depth": 6.0, "num_boost_round": 32.0}, "datetime": {"datetime": "2024-01-19 00:19:58", "elapsed": 501.646509, "delta": 0.001261}}
{"target": -13.757225490270994, "params": {"gamma": 423.0845540557271, "log10_alpha": -0.25590260926845687, "log10_colsample_bytree": -0.6365021177300695, "log10_eta": -2.4324845284853946, "log10_lambda": -4.301292933194624, "log10_min_child_weight": 3.272707902287771, "log10_subsample": -0.8576324407433393, "max_depth": 6.0, "num_boost_round": 33.0}, "datetime": {"datetime": "2024-01-19 00:19:58", "elapsed": 501.647768, "delta": 0.001259}}
{"target": -13.757174474424314, "params": {"gamma": 423.0845540557271, "log10_alpha": -0.25590260926845687, "log10_colsample_bytree": -0.6365021177300695, "log10_eta": -2.4324845284853946, "log10_lambda": -4.301292933194624, "log10_min_child_weight": 3.272707902287771, "log10_subsample": -0.8576324407433393, "max_depth": 6.0, "num_boost_round": 34.0}, "datetime": {"datetime": "2024-01-19 00:19:58", "elapsed": 501.649026, "delta": 0.001258}}
{"target": -13.757178600331617, "params": {"gamma": 423.0845540557271, "log10_alpha": -0.25590260926845687, "log10_colsample_bytree": -0.6365021177300695, "log10_eta": -2.4324845284853946, "log10_lambda": -4.301292933194624, "log10_min_child_weight": 3.272707902287771, "log10_subsample": -0.8576324407433393, "max_depth": 6.0, "num_boost_round": 35.0}, "datetime": {"datetime": "2024-01-19 00:19:58", "elapsed": 501.650418, "delta": 0.001392}}
{"target": -13.75717917953851, "params": {"gamma": 423.0845540557271, "log10_alpha": -0.25590260926845687, "log10_colsample_bytree": -0.6365021177300695, "log10_eta": -2.4324845284853946, "log10_lambda": -4.301292933194624, "log10_min_child_weight": 3.272707902287771, "log10_subsample": -0.8576324407433393, "max_depth": 6.0, "num_boost_round": 36.0}, "datetime": {"datetime": "2024-01-19 00:19:58", "elapsed": 501.651689, "delta": 0.001271}}
{"target": -13.757125924753723, "params": {"gamma": 423.0845540557271, "log10_alpha": -0.25590260926845687, "log10_colsample_bytree": -0.6365021177300695, "log10_eta": -2.4324845284853946, "log10_lambda": -4.301292933194624, "log10_min_child_weight": 3.272707902287771, "log10_subsample": -0.8576324407433393, "max_depth": 6.0, "num_boost_round": 37.0}, "datetime": {"datetime": "2024-01-19 00:19:58", "elapsed": 501.652955, "delta": 0.001266}}
{"target": -13.757111314607542, "params": {"gamma": 423.0845540557271, "log10_alpha": -0.25590260926845687, "log10_colsample_bytree": -0.6365021177300695, "log10_eta": -2.4324845284853946, "log10_lambda": -4.301292933194624, "log10_min_child_weight": 3.272707902287771, "log10_subsample": -0.8576324407433393, "max_depth": 6.0, "num_boost_round": 38.0}, "datetime": {"datetime": "2024-01-19 00:19:58", "elapsed": 501.654229, "delta": 0.001274}}
{"target": -13.757073046750973, "params": {"gamma": 423.0845540557271, "log10_alpha": -0.25590260926845687, "log10_colsample_bytree": -0.6365021177300695, "log10_eta": -2.4324845284853946, "log10_lambda": -4.301292933194624, "log10_min_child_weight": 3.272707902287771, "log10_subsample": -0.8576324407433393, "max_depth": 6.0, "num_boost_round": 39.0}, "datetime": {"datetime": "2024-01-19 00:19:58", "elapsed": 501.655508, "delta": 0.001279}}
{"target": -13.757144519354549, "params": {"gamma": 423.0845540557271, "log10_alpha": -0.25590260926845687, "log10_colsample_bytree": -0.6365021177300695, "log10_eta": -2.4324845284853946, "log10_lambda": -4.301292933194624, "log10_min_child_weight": 3.272707902287771, "log10_subsample": -0.8576324407433393, "max_depth": 6.0, "num_boost_round": 40.0}, "datetime": {"datetime": "2024-01-19 00:19:58", "elapsed": 501.656778, "delta": 0.00127}}
{"target": -13.757138553212172, "params": {"gamma": 423.0845540557271, "log10_alpha": -0.25590260926845687, "log10_colsample_bytree": -0.6365021177300695, "log10_eta": -2.4324845284853946, "log10_lambda": -4.301292933194624, "log10_min_child_weight": 3.272707902287771, "log10_subsample": -0.8576324407433393, "max_depth": 6.0, "num_boost_round": 41.0}, "datetime": {"datetime": "2024-01-19 00:19:58", "elapsed": 501.658051, "delta": 0.001273}}
{"target": -13.757091990525565, "params": {"gamma": 423.0845540557271, "log10_alpha": -0.25590260926845687, "log10_colsample_bytree": -0.6365021177300695, "log10_eta": -2.4324845284853946, "log10_lambda": -4.301292933194624, "log10_min_child_weight": 3.272707902287771, "log10_subsample": -0.8576324407433393, "max_depth": 6.0, "num_boost_round": 42.0}, "datetime": {"datetime": "2024-01-19 00:19:58", "elapsed": 501.659321, "delta": 0.00127}}
{"target": -13.757057418528674, "params": {"gamma": 423.0845540557271, "log10_alpha": -0.25590260926845687, "log10_colsample_bytree": -0.6365021177300695, "log10_eta": -2.4324845284853946, "log10_lambda": -4.301292933194624, "log10_min_child_weight": 3.272707902287771, "log10_subsample": -0.8576324407433393, "max_depth": 6.0, "num_boost_round": 43.0}, "datetime": {"datetime": "2024-01-19 00:19:58", "elapsed": 501.660595, "delta": 0.001274}}
{"target": -13.756990121564753, "params": {"gamma": 423.0845540557271, "log10_alpha": -0.25590260926845687, "log10_colsample_bytree": -0.6365021177300695, "log10_eta": -2.4324845284853946, "log10_lambda": -4.301292933194624, "log10_min_child_weight": 3.272707902287771, "log10_subsample": -0.8576324407433393, "max_depth": 6.0, "num_boost_round": 44.0}, "datetime": {"datetime": "2024-01-19 00:19:58", "elapsed": 501.661874, "delta": 0.001279}}
{"target": -13.758537707753142, "params": {"gamma": 420.17826980416004, "log10_alpha": -2.4583775096642153, "log10_colsample_bytree": -0.861990036160944, "log10_eta": -3.3590553234061935, "log10_lambda": -1.842063540271567, "log10_min_child_weight": 0.31392529290695526, "log10_subsample": -0.7207922148966541, "max_depth": 2.0, "num_boost_round": 0.0}, "datetime": {"datetime": "2024-01-19 00:20:34", "elapsed": 537.611545, "delta": 35.949671}}
{"target": -13.758532343156954, "params": {"gamma": 420.17826980416004, "log10_alpha": -2.4583775096642153, "log10_colsample_bytree": -0.861990036160944, "log10_eta": -3.3590553234061935, "log10_lambda": -1.842063540271567, "log10_min_child_weight": 0.31392529290695526, "log10_subsample": -0.7207922148966541, "max_depth": 2.0, "num_boost_round": 1.0}, "datetime": {"datetime": "2024-01-19 00:20:34", "elapsed": 537.613292, "delta": 0.001747}}
{"target": -13.758518940790143, "params": {"gamma": 420.17826980416004, "log10_alpha": -2.4583775096642153, "log10_colsample_bytree": -0.861990036160944, "log10_eta": -3.3590553234061935, "log10_lambda": -1.842063540271567, "log10_min_child_weight": 0.31392529290695526, "log10_subsample": -0.7207922148966541, "max_depth": 2.0, "num_boost_round": 2.0}, "datetime": {"datetime": "2024-01-19 00:20:34", "elapsed": 537.614834, "delta": 0.001542}}
{"target": -13.758517129386682, "params": {"gamma": 420.17826980416004, "log10_alpha": -2.4583775096642153, "log10_colsample_bytree": -0.861990036160944, "log10_eta": -3.3590553234061935, "log10_lambda": -1.842063540271567, "log10_min_child_weight": 0.31392529290695526, "log10_subsample": -0.7207922148966541, "max_depth": 2.0, "num_boost_round": 3.0}, "datetime": {"datetime": "2024-01-19 00:20:34", "elapsed": 537.616506, "delta": 0.001672}}
{"target": -13.758517638579045, "params": {"gamma": 420.17826980416004, "log10_alpha": -2.4583775096642153, "log10_colsample_bytree": -0.861990036160944, "log10_eta": -3.3590553234061935, "log10_lambda": -1.842063540271567, "log10_min_child_weight": 0.31392529290695526, "log10_subsample": -0.7207922148966541, "max_depth": 2.0, "num_boost_round": 4.0}, "datetime": {"datetime": "2024-01-19 00:20:34", "elapsed": 537.617832, "delta": 0.001326}}
{"target": -13.758513009308043, "params": {"gamma": 420.17826980416004, "log10_alpha": -2.4583775096642153, "log10_colsample_bytree": -0.861990036160944, "log10_eta": -3.3590553234061935, "log10_lambda": -1.842063540271567, "log10_min_child_weight": 0.31392529290695526, "log10_subsample": -0.7207922148966541, "max_depth": 2.0, "num_boost_round": 5.0}, "datetime": {"datetime": "2024-01-19 00:20:34", "elapsed": 537.619128, "delta": 0.001296}}
{"target": -13.758513691686312, "params": {"gamma": 420.17826980416004, "log10_alpha": -2.4583775096642153, "log10_colsample_bytree": -0.861990036160944, "log10_eta": -3.3590553234061935, "log10_lambda": -1.842063540271567, "log10_min_child_weight": 0.31392529290695526, "log10_subsample": -0.7207922148966541, "max_depth": 2.0, "num_boost_round": 6.0}, "datetime": {"datetime": "2024-01-19 00:20:34", "elapsed": 537.620444, "delta": 0.001316}}
{"target": -13.75850887586744, "params": {"gamma": 420.17826980416004, "log10_alpha": -2.4583775096642153, "log10_colsample_bytree": -0.861990036160944, "log10_eta": -3.3590553234061935, "log10_lambda": -1.842063540271567, "log10_min_child_weight": 0.31392529290695526, "log10_subsample": -0.7207922148966541, "max_depth": 2.0, "num_boost_round": 7.0}, "datetime": {"datetime": "2024-01-19 00:20:34", "elapsed": 537.62175, "delta": 0.001306}}
{"target": -13.75851265184634, "params": {"gamma": 420.17826980416004, "log10_alpha": -2.4583775096642153, "log10_colsample_bytree": -0.861990036160944, "log10_eta": -3.3590553234061935, "log10_lambda": -1.842063540271567, "log10_min_child_weight": 0.31392529290695526, "log10_subsample": -0.7207922148966541, "max_depth": 2.0, "num_boost_round": 8.0}, "datetime": {"datetime": "2024-01-19 00:20:34", "elapsed": 537.623042, "delta": 0.001292}}
{"target": -13.758508595638382, "params": {"gamma": 420.17826980416004, "log10_alpha": -2.4583775096642153, "log10_colsample_bytree": -0.861990036160944, "log10_eta": -3.3590553234061935, "log10_lambda": -1.842063540271567, "log10_min_child_weight": 0.31392529290695526, "log10_subsample": -0.7207922148966541, "max_depth": 2.0, "num_boost_round": 9.0}, "datetime": {"datetime": "2024-01-19 00:20:34", "elapsed": 537.62434, "delta": 0.001298}}
{"target": -13.758505028703802, "params": {"gamma": 420.17826980416004, "log10_alpha": -2.4583775096642153, "log10_colsample_bytree": -0.861990036160944, "log10_eta": -3.3590553234061935, "log10_lambda": -1.842063540271567, "log10_min_child_weight": 0.31392529290695526, "log10_subsample": -0.7207922148966541, "max_depth": 2.0, "num_boost_round": 10.0}, "datetime": {"datetime": "2024-01-19 00:20:34", "elapsed": 537.625627, "delta": 0.001287}}
{"target": -13.758500440276592, "params": {"gamma": 420.17826980416004, "log10_alpha": -2.4583775096642153, "log10_colsample_bytree": -0.861990036160944, "log10_eta": -3.3590553234061935, "log10_lambda": -1.842063540271567, "log10_min_child_weight": 0.31392529290695526, "log10_subsample": -0.7207922148966541, "max_depth": 2.0, "num_boost_round": 11.0}, "datetime": {"datetime": "2024-01-19 00:20:34", "elapsed": 537.626926, "delta": 0.001299}}
{"target": -13.75849541402515, "params": {"gamma": 420.17826980416004, "log10_alpha": -2.4583775096642153, "log10_colsample_bytree": -0.861990036160944, "log10_eta": -3.3590553234061935, "log10_lambda": -1.842063540271567, "log10_min_child_weight": 0.31392529290695526, "log10_subsample": -0.7207922148966541, "max_depth": 2.0, "num_boost_round": 12.0}, "datetime": {"datetime": "2024-01-19 00:20:34", "elapsed": 537.628213, "delta": 0.001287}}
{"target": -13.758487628475589, "params": {"gamma": 420.17826980416004, "log10_alpha": -2.4583775096642153, "log10_colsample_bytree": -0.861990036160944, "log10_eta": -3.3590553234061935, "log10_lambda": -1.842063540271567, "log10_min_child_weight": 0.31392529290695526, "log10_subsample": -0.7207922148966541, "max_depth": 2.0, "num_boost_round": 13.0}, "datetime": {"datetime": "2024-01-19 00:20:34", "elapsed": 537.629647, "delta": 0.001434}}
{"target": -13.758485603477132, "params": {"gamma": 420.17826980416004, "log10_alpha": -2.4583775096642153, "log10_colsample_bytree": -0.861990036160944, "log10_eta": -3.3590553234061935, "log10_lambda": -1.842063540271567, "log10_min_child_weight": 0.31392529290695526, "log10_subsample": -0.7207922148966541, "max_depth": 2.0, "num_boost_round": 14.0}, "datetime": {"datetime": "2024-01-19 00:20:34", "elapsed": 537.630942, "delta": 0.001295}}
{"target": -13.758478271738118, "params": {"gamma": 420.17826980416004, "log10_alpha": -2.4583775096642153, "log10_colsample_bytree": -0.861990036160944, "log10_eta": -3.3590553234061935, "log10_lambda": -1.842063540271567, "log10_min_child_weight": 0.31392529290695526, "log10_subsample": -0.7207922148966541, "max_depth": 2.0, "num_boost_round": 15.0}, "datetime": {"datetime": "2024-01-19 00:20:34", "elapsed": 537.632249, "delta": 0.001307}}
{"target": -13.758476565818507, "params": {"gamma": 420.17826980416004, "log10_alpha": -2.4583775096642153, "log10_colsample_bytree": -0.861990036160944, "log10_eta": -3.3590553234061935, "log10_lambda": -1.842063540271567, "log10_min_child_weight": 0.31392529290695526, "log10_subsample": -0.7207922148966541, "max_depth": 2.0, "num_boost_round": 16.0}, "datetime": {"datetime": "2024-01-19 00:20:34", "elapsed": 537.633541, "delta": 0.001292}}
{"target": -13.758472276922944, "params": {"gamma": 420.17826980416004, "log10_alpha": -2.4583775096642153, "log10_colsample_bytree": -0.861990036160944, "log10_eta": -3.3590553234061935, "log10_lambda": -1.842063540271567, "log10_min_child_weight": 0.31392529290695526, "log10_subsample": -0.7207922148966541, "max_depth": 2.0, "num_boost_round": 17.0}, "datetime": {"datetime": "2024-01-19 00:20:34", "elapsed": 537.634834, "delta": 0.001293}}
{"target": -13.758468246858088, "params": {"gamma": 420.17826980416004, "log10_alpha": -2.4583775096642153, "log10_colsample_bytree": -0.861990036160944, "log10_eta": -3.3590553234061935, "log10_lambda": -1.842063540271567, "log10_min_child_weight": 0.31392529290695526, "log10_subsample": -0.7207922148966541, "max_depth": 2.0, "num_boost_round": 18.0}, "datetime": {"datetime": "2024-01-19 00:20:34", "elapsed": 537.636137, "delta": 0.001303}}
{"target": -13.758459241847875, "params": {"gamma": 420.17826980416004, "log10_alpha": -2.4583775096642153, "log10_colsample_bytree": -0.861990036160944, "log10_eta": -3.3590553234061935, "log10_lambda": -1.842063540271567, "log10_min_child_weight": 0.31392529290695526, "log10_subsample": -0.7207922148966541, "max_depth": 2.0, "num_boost_round": 19.0}, "datetime": {"datetime": "2024-01-19 00:20:34", "elapsed": 537.63744, "delta": 0.001303}}
{"target": -13.758456026494741, "params": {"gamma": 420.17826980416004, "log10_alpha": -2.4583775096642153, "log10_colsample_bytree": -0.861990036160944, "log10_eta": -3.3590553234061935, "log10_lambda": -1.842063540271567, "log10_min_child_weight": 0.31392529290695526, "log10_subsample": -0.7207922148966541, "max_depth": 2.0, "num_boost_round": 20.0}, "datetime": {"datetime": "2024-01-19 00:20:34", "elapsed": 537.638739, "delta": 0.001299}}
{"target": -13.758452820539185, "params": {"gamma": 420.17826980416004, "log10_alpha": -2.4583775096642153, "log10_colsample_bytree": -0.861990036160944, "log10_eta": -3.3590553234061935, "log10_lambda": -1.842063540271567, "log10_min_child_weight": 0.31392529290695526, "log10_subsample": -0.7207922148966541, "max_depth": 2.0, "num_boost_round": 21.0}, "datetime": {"datetime": "2024-01-19 00:20:34", "elapsed": 537.64005, "delta": 0.001311}}
{"target": -13.758452978075733, "params": {"gamma": 420.17826980416004, "log10_alpha": -2.4583775096642153, "log10_colsample_bytree": -0.861990036160944, "log10_eta": -3.3590553234061935, "log10_lambda": -1.842063540271567, "log10_min_child_weight": 0.31392529290695526, "log10_subsample": -0.7207922148966541, "max_depth": 2.0, "num_boost_round": 22.0}, "datetime": {"datetime": "2024-01-19 00:20:34", "elapsed": 537.641344, "delta": 0.001294}}
{"target": -13.758449128770868, "params": {"gamma": 420.17826980416004, "log10_alpha": -2.4583775096642153, "log10_colsample_bytree": -0.861990036160944, "log10_eta": -3.3590553234061935, "log10_lambda": -1.842063540271567, "log10_min_child_weight": 0.31392529290695526, "log10_subsample": -0.7207922148966541, "max_depth": 2.0, "num_boost_round": 23.0}, "datetime": {"datetime": "2024-01-19 00:20:34", "elapsed": 537.642653, "delta": 0.001309}}
{"target": -13.758449191027909, "params": {"gamma": 420.17826980416004, "log10_alpha": -2.4583775096642153, "log10_colsample_bytree": -0.861990036160944, "log10_eta": -3.3590553234061935, "log10_lambda": -1.842063540271567, "log10_min_child_weight": 0.31392529290695526, "log10_subsample": -0.7207922148966541, "max_depth": 2.0, "num_boost_round": 24.0}, "datetime": {"datetime": "2024-01-19 00:20:34", "elapsed": 537.643951, "delta": 0.001298}}
{"target": -13.758442973195557, "params": {"gamma": 420.17826980416004, "log10_alpha": -2.4583775096642153, "log10_colsample_bytree": -0.861990036160944, "log10_eta": -3.3590553234061935, "log10_lambda": -1.842063540271567, "log10_min_child_weight": 0.31392529290695526, "log10_subsample": -0.7207922148966541, "max_depth": 2.0, "num_boost_round": 25.0}, "datetime": {"datetime": "2024-01-19 00:20:34", "elapsed": 537.645264, "delta": 0.001313}}
{"target": -13.758439067515855, "params": {"gamma": 420.17826980416004, "log10_alpha": -2.4583775096642153, "log10_colsample_bytree": -0.861990036160944, "log10_eta": -3.3590553234061935, "log10_lambda": -1.842063540271567, "log10_min_child_weight": 0.31392529290695526, "log10_subsample": -0.7207922148966541, "max_depth": 2.0, "num_boost_round": 26.0}, "datetime": {"datetime": "2024-01-19 00:20:34", "elapsed": 537.646573, "delta": 0.001309}}
{"target": -13.75843111557966, "params": {"gamma": 420.17826980416004, "log10_alpha": -2.4583775096642153, "log10_colsample_bytree": -0.861990036160944, "log10_eta": -3.3590553234061935, "log10_lambda": -1.842063540271567, "log10_min_child_weight": 0.31392529290695526, "log10_subsample": -0.7207922148966541, "max_depth": 2.0, "num_boost_round": 27.0}, "datetime": {"datetime": "2024-01-19 00:20:34", "elapsed": 537.647882, "delta": 0.001309}}
{"target": -13.758424046103332, "params": {"gamma": 420.17826980416004, "log10_alpha": -2.4583775096642153, "log10_colsample_bytree": -0.861990036160944, "log10_eta": -3.3590553234061935, "log10_lambda": -1.842063540271567, "log10_min_child_weight": 0.31392529290695526, "log10_subsample": -0.7207922148966541, "max_depth": 2.0, "num_boost_round": 28.0}, "datetime": {"datetime": "2024-01-19 00:20:34", "elapsed": 537.649306, "delta": 0.001424}}
{"target": -13.758415617421065, "params": {"gamma": 420.17826980416004, "log10_alpha": -2.4583775096642153, "log10_colsample_bytree": -0.861990036160944, "log10_eta": -3.3590553234061935, "log10_lambda": -1.842063540271567, "log10_min_child_weight": 0.31392529290695526, "log10_subsample": -0.7207922148966541, "max_depth": 2.0, "num_boost_round": 29.0}, "datetime": {"datetime": "2024-01-19 00:20:34", "elapsed": 537.650609, "delta": 0.001303}}
{"target": -13.758408828838824, "params": {"gamma": 420.17826980416004, "log10_alpha": -2.4583775096642153, "log10_colsample_bytree": -0.861990036160944, "log10_eta": -3.3590553234061935, "log10_lambda": -1.842063540271567, "log10_min_child_weight": 0.31392529290695526, "log10_subsample": -0.7207922148966541, "max_depth": 2.0, "num_boost_round": 30.0}, "datetime": {"datetime": "2024-01-19 00:20:34", "elapsed": 537.651915, "delta": 0.001306}}
{"target": -13.758401056272735, "params": {"gamma": 420.17826980416004, "log10_alpha": -2.4583775096642153, "log10_colsample_bytree": -0.861990036160944, "log10_eta": -3.3590553234061935, "log10_lambda": -1.842063540271567, "log10_min_child_weight": 0.31392529290695526, "log10_subsample": -0.7207922148966541, "max_depth": 2.0, "num_boost_round": 31.0}, "datetime": {"datetime": "2024-01-19 00:20:34", "elapsed": 537.653223, "delta": 0.001308}}
{"target": -13.758395917143543, "params": {"gamma": 420.17826980416004, "log10_alpha": -2.4583775096642153, "log10_colsample_bytree": -0.861990036160944, "log10_eta": -3.3590553234061935, "log10_lambda": -1.842063540271567, "log10_min_child_weight": 0.31392529290695526, "log10_subsample": -0.7207922148966541, "max_depth": 2.0, "num_boost_round": 32.0}, "datetime": {"datetime": "2024-01-19 00:20:34", "elapsed": 537.654532, "delta": 0.001309}}
{"target": -13.75839689667655, "params": {"gamma": 420.17826980416004, "log10_alpha": -2.4583775096642153, "log10_colsample_bytree": -0.861990036160944, "log10_eta": -3.3590553234061935, "log10_lambda": -1.842063540271567, "log10_min_child_weight": 0.31392529290695526, "log10_subsample": -0.7207922148966541, "max_depth": 2.0, "num_boost_round": 33.0}, "datetime": {"datetime": "2024-01-19 00:20:34", "elapsed": 537.655854, "delta": 0.001322}}
{"target": -13.758393186627412, "params": {"gamma": 420.17826980416004, "log10_alpha": -2.4583775096642153, "log10_colsample_bytree": -0.861990036160944, "log10_eta": -3.3590553234061935, "log10_lambda": -1.842063540271567, "log10_min_child_weight": 0.31392529290695526, "log10_subsample": -0.7207922148966541, "max_depth": 2.0, "num_boost_round": 34.0}, "datetime": {"datetime": "2024-01-19 00:20:34", "elapsed": 537.65716, "delta": 0.001306}}
