{"target": -17.677110026153866, "params": {"gamma": 408.0707789645759, "log10_alpha": -1.3570102212818784, "log10_colsample_bytree": -0.1533455447351567, "log10_eta": -3.746531868158837, "log10_lambda": 0.8772179002389953, "log10_min_child_weight": 3.5818115088245928, "log10_subsample": -0.4992791640499512, "max_depth": 9.0, "num_boost_round": 24.0}, "datetime": {"datetime": "2024-01-19 01:20:06", "elapsed": 4096.490577, "delta": 0.004676}}
{"target": -17.67710452320925, "params": {"gamma": 408.0707789645759, "log10_alpha": -1.3570102212818784, "log10_colsample_bytree": -0.1533455447351567, "log10_eta": -3.746531868158837, "log10_lambda": 0.8772179002389953, "log10_min_child_weight": 3.5818115088245928, "log10_subsample": -0.4992791640499512, "max_depth": 9.0, "num_boost_round": 25.0}, "datetime": {"datetime": "2024-01-19 01:20:06", "elapsed": 4096.495199, "delta": 0.004622}}
{"target": -17.67710238740049, "params": {"gamma": 408.0707789645759, "log10_alpha": -1.3570102212818784, "log10_colsample_bytree": -0.1533455447351567, "log10_eta": -3.746531868158837, "log10_lambda": 0.8772179002389953, "log10_min_child_weight": 3.5818115088245928, "log10_subsample": -0.4992791640499512, "max_depth": 9.0, "num_boost_round": 26.0}, "datetime": {"datetime": "2024-01-19 01:20:06", "elapsed": 4096.500437, "delta": 0.005238}}
{"target": -17.6771042016375, "params": {"gamma": 408.0707789645759, "log10_alpha": -1.3570102212818784, "log10_colsample_bytree": -0.1533455447351567, "log10_eta": -3.746531868158837, "log10_lambda": 0.8772179002389953, "log10_min_child_weight": 3.5818115088245928, "log10_subsample": -0.4992791640499512, "max_depth": 9.0, "num_boost_round": 27.0}, "datetime": {"datetime": "2024-01-19 01:20:06", "elapsed": 4096.505288, "delta": 0.004851}}
{"target": -17.677097854386975, "params": {"gamma": 408.0707789645759, "log10_alpha": -1.3570102212818784, "log10_colsample_bytree": -0.1533455447351567, "log10_eta": -3.746531868158837, "log10_lambda": 0.8772179002389953, "log10_min_child_weight": 3.5818115088245928, "log10_subsample": -0.4992791640499512, "max_depth": 9.0, "num_boost_round": 28.0}, "datetime": {"datetime": "2024-01-19 01:20:06", "elapsed": 4096.514307, "delta": 0.009019}}
{"target": -17.6770858869258, "params": {"gamma": 408.0707789645759, "log10_alpha": -1.3570102212818784, "log10_colsample_bytree": -0.1533455447351567, "log10_eta": -3.746531868158837, "log10_lambda": 0.8772179002389953, "log10_min_child_weight": 3.5818115088245928, "log10_subsample": -0.4992791640499512, "max_depth": 9.0, "num_boost_round": 29.0}, "datetime": {"datetime": "2024-01-19 01:20:06", "elapsed": 4096.519088, "delta": 0.004781}}
{"target": -17.677075708011802, "params": {"gamma": 408.0707789645759, "log10_alpha": -1.3570102212818784, "log10_colsample_bytree": -0.1533455447351567, "log10_eta": -3.746531868158837, "log10_lambda": 0.8772179002389953, "log10_min_child_weight": 3.5818115088245928, "log10_subsample": -0.4992791640499512, "max_depth": 9.0, "num_boost_round": 30.0}, "datetime": {"datetime": "2024-01-19 01:20:06", "elapsed": 4096.523687, "delta": 0.004599}}
{"target": -17.677065616137583, "params": {"gamma": 408.0707789645759, "log10_alpha": -1.3570102212818784, "log10_colsample_bytree": -0.1533455447351567, "log10_eta": -3.746531868158837, "log10_lambda": 0.8772179002389953, "log10_min_child_weight": 3.5818115088245928, "log10_subsample": -0.4992791640499512, "max_depth": 9.0, "num_boost_round": 31.0}, "datetime": {"datetime": "2024-01-19 01:20:06", "elapsed": 4096.528317, "delta": 0.00463}}
{"target": -17.67706724186005, "params": {"gamma": 408.0707789645759, "log10_alpha": -1.3570102212818784, "log10_colsample_bytree": -0.1533455447351567, "log10_eta": -3.746531868158837, "log10_lambda": 0.8772179002389953, "log10_min_child_weight": 3.5818115088245928, "log10_subsample": -0.4992791640499512, "max_depth": 9.0, "num_boost_round": 32.0}, "datetime": {"datetime": "2024-01-19 01:20:06", "elapsed": 4096.532904, "delta": 0.004587}}
{"target": -17.677063380283386, "params": {"gamma": 408.0707789645759, "log10_alpha": -1.3570102212818784, "log10_colsample_bytree": -0.1533455447351567, "log10_eta": -3.746531868158837, "log10_lambda": 0.8772179002389953, "log10_min_child_weight": 3.5818115088245928, "log10_subsample": -0.4992791640499512, "max_depth": 9.0, "num_boost_round": 33.0}, "datetime": {"datetime": "2024-01-19 01:20:06", "elapsed": 4096.537485, "delta": 0.004581}}
{"target": -17.677229226391216, "params": {"gamma": 398.8546190668706, "log10_alpha": -4.084487611364399, "log10_colsample_bytree": -0.7125437358314581, "log10_eta": -3.5916962371925556, "log10_lambda": -3.1044383187617526, "log10_min_child_weight": 4.30506642771569, "log10_subsample": -0.49318665021926933, "max_depth": 7.0, "num_boost_round": 0.0}, "datetime": {"datetime": "2024-01-19 01:21:31", "elapsed": 4180.863011, "delta": 84.325526}}
{"target": -17.677224677237223, "params": {"gamma": 398.8546190668706, "log10_alpha": -4.084487611364399, "log10_colsample_bytree": -0.7125437358314581, "log10_eta": -3.5916962371925556, "log10_lambda": -3.1044383187617526, "log10_min_child_weight": 4.30506642771569, "log10_subsample": -0.49318665021926933, "max_depth": 7.0, "num_boost_round": 1.0}, "datetime": {"datetime": "2024-01-19 01:21:31", "elapsed": 4180.868413, "delta": 0.005402}}
{"target": -17.67722574196138, "params": {"gamma": 398.8546190668706, "log10_alpha": -4.084487611364399, "log10_colsample_bytree": -0.7125437358314581, "log10_eta": -3.5916962371925556, "log10_lambda": -3.1044383187617526, "log10_min_child_weight": 4.30506642771569, "log10_subsample": -0.49318665021926933, "max_depth": 7.0, "num_boost_round": 2.0}, "datetime": {"datetime": "2024-01-19 01:21:31", "elapsed": 4180.873233, "delta": 0.00482}}
{"target": -17.67722272976598, "params": {"gamma": 398.8546190668706, "log10_alpha": -4.084487611364399, "log10_colsample_bytree": -0.7125437358314581, "log10_eta": -3.5916962371925556, "log10_lambda": -3.1044383187617526, "log10_min_child_weight": 4.30506642771569, "log10_subsample": -0.49318665021926933, "max_depth": 7.0, "num_boost_round": 3.0}, "datetime": {"datetime": "2024-01-19 01:21:31", "elapsed": 4180.877941, "delta": 0.004708}}
{"target": -17.677218213634994, "params": {"gamma": 398.8546190668706, "log10_alpha": -4.084487611364399, "log10_colsample_bytree": -0.7125437358314581, "log10_eta": -3.5916962371925556, "log10_lambda": -3.1044383187617526, "log10_min_child_weight": 4.30506642771569, "log10_subsample": -0.49318665021926933, "max_depth": 7.0, "num_boost_round": 4.0}, "datetime": {"datetime": "2024-01-19 01:21:31", "elapsed": 4180.882712, "delta": 0.004771}}
{"target": -17.67721651616038, "params": {"gamma": 398.8546190668706, "log10_alpha": -4.084487611364399, "log10_colsample_bytree": -0.7125437358314581, "log10_eta": -3.5916962371925556, "log10_lambda": -3.1044383187617526, "log10_min_child_weight": 4.30506642771569, "log10_subsample": -0.49318665021926933, "max_depth": 7.0, "num_boost_round": 5.0}, "datetime": {"datetime": "2024-01-19 01:21:31", "elapsed": 4180.887494, "delta": 0.004782}}
{"target": -17.67722048497971, "params": {"gamma": 398.8546190668706, "log10_alpha": -4.084487611364399, "log10_colsample_bytree": -0.7125437358314581, "log10_eta": -3.5916962371925556, "log10_lambda": -3.1044383187617526, "log10_min_child_weight": 4.30506642771569, "log10_subsample": -0.49318665021926933, "max_depth": 7.0, "num_boost_round": 6.0}, "datetime": {"datetime": "2024-01-19 01:21:31", "elapsed": 4180.89227, "delta": 0.004776}}
{"target": -17.677219401124216, "params": {"gamma": 398.8546190668706, "log10_alpha": -4.084487611364399, "log10_colsample_bytree": -0.7125437358314581, "log10_eta": -3.5916962371925556, "log10_lambda": -3.1044383187617526, "log10_min_child_weight": 4.30506642771569, "log10_subsample": -0.49318665021926933, "max_depth": 7.0, "num_boost_round": 7.0}, "datetime": {"datetime": "2024-01-19 01:21:31", "elapsed": 4180.896849, "delta": 0.004579}}
{"target": -17.677217557540477, "params": {"gamma": 398.8546190668706, "log10_alpha": -4.084487611364399, "log10_colsample_bytree": -0.7125437358314581, "log10_eta": -3.5916962371925556, "log10_lambda": -3.1044383187617526, "log10_min_child_weight": 4.30506642771569, "log10_subsample": -0.49318665021926933, "max_depth": 7.0, "num_boost_round": 8.0}, "datetime": {"datetime": "2024-01-19 01:21:31", "elapsed": 4180.90145, "delta": 0.004601}}
{"target": -17.67721748452151, "params": {"gamma": 398.8546190668706, "log10_alpha": -4.084487611364399, "log10_colsample_bytree": -0.7125437358314581, "log10_eta": -3.5916962371925556, "log10_lambda": -3.1044383187617526, "log10_min_child_weight": 4.30506642771569, "log10_subsample": -0.49318665021926933, "max_depth": 7.0, "num_boost_round": 9.0}, "datetime": {"datetime": "2024-01-19 01:21:31", "elapsed": 4180.906341, "delta": 0.004891}}
{"target": -17.677214648614605, "params": {"gamma": 398.8546190668706, "log10_alpha": -4.084487611364399, "log10_colsample_bytree": -0.7125437358314581, "log10_eta": -3.5916962371925556, "log10_lambda": -3.1044383187617526, "log10_min_child_weight": 4.30506642771569, "log10_subsample": -0.49318665021926933, "max_depth": 7.0, "num_boost_round": 10.0}, "datetime": {"datetime": "2024-01-19 01:21:31", "elapsed": 4180.91101, "delta": 0.004669}}
{"target": -17.67721087621437, "params": {"gamma": 398.8546190668706, "log10_alpha": -4.084487611364399, "log10_colsample_bytree": -0.7125437358314581, "log10_eta": -3.5916962371925556, "log10_lambda": -3.1044383187617526, "log10_min_child_weight": 4.30506642771569, "log10_subsample": -0.49318665021926933, "max_depth": 7.0, "num_boost_round": 11.0}, "datetime": {"datetime": "2024-01-19 01:21:31", "elapsed": 4180.915708, "delta": 0.004698}}
{"target": -17.677208933955864, "params": {"gamma": 398.8546190668706, "log10_alpha": -4.084487611364399, "log10_colsample_bytree": -0.7125437358314581, "log10_eta": -3.5916962371925556, "log10_lambda": -3.1044383187617526, "log10_min_child_weight": 4.30506642771569, "log10_subsample": -0.49318665021926933, "max_depth": 7.0, "num_boost_round": 12.0}, "datetime": {"datetime": "2024-01-19 01:21:31", "elapsed": 4180.920377, "delta": 0.004669}}
{"target": -17.67721055304678, "params": {"gamma": 398.8546190668706, "log10_alpha": -4.084487611364399, "log10_colsample_bytree": -0.7125437358314581, "log10_eta": -3.5916962371925556, "log10_lambda": -3.1044383187617526, "log10_min_child_weight": 4.30506642771569, "log10_subsample": -0.49318665021926933, "max_depth": 7.0, "num_boost_round": 13.0}, "datetime": {"datetime": "2024-01-19 01:21:31", "elapsed": 4180.925249, "delta": 0.004872}}
{"target": -17.677209453272262, "params": {"gamma": 398.8546190668706, "log10_alpha": -4.084487611364399, "log10_colsample_bytree": -0.7125437358314581, "log10_eta": -3.5916962371925556, "log10_lambda": -3.1044383187617526, "log10_min_child_weight": 4.30506642771569, "log10_subsample": -0.49318665021926933, "max_depth": 7.0, "num_boost_round": 14.0}, "datetime": {"datetime": "2024-01-19 01:21:31", "elapsed": 4180.929869, "delta": 0.00462}}
{"target": -17.677205456364973, "params": {"gamma": 398.8546190668706, "log10_alpha": -4.084487611364399, "log10_colsample_bytree": -0.7125437358314581, "log10_eta": -3.5916962371925556, "log10_lambda": -3.1044383187617526, "log10_min_child_weight": 4.30506642771569, "log10_subsample": -0.49318665021926933, "max_depth": 7.0, "num_boost_round": 15.0}, "datetime": {"datetime": "2024-01-19 01:21:31", "elapsed": 4180.934477, "delta": 0.004608}}
{"target": -17.677201412527243, "params": {"gamma": 398.8546190668706, "log10_alpha": -4.084487611364399, "log10_colsample_bytree": -0.7125437358314581, "log10_eta": -3.5916962371925556, "log10_lambda": -3.1044383187617526, "log10_min_child_weight": 4.30506642771569, "log10_subsample": -0.49318665021926933, "max_depth": 7.0, "num_boost_round": 16.0}, "datetime": {"datetime": "2024-01-19 01:21:31", "elapsed": 4180.939026, "delta": 0.004549}}
{"target": -17.67719806512252, "params": {"gamma": 398.8546190668706, "log10_alpha": -4.084487611364399, "log10_colsample_bytree": -0.7125437358314581, "log10_eta": -3.5916962371925556, "log10_lambda": -3.1044383187617526, "log10_min_child_weight": 4.30506642771569, "log10_subsample": -0.49318665021926933, "max_depth": 7.0, "num_boost_round": 17.0}, "datetime": {"datetime": "2024-01-19 01:21:31", "elapsed": 4180.94388, "delta": 0.004854}}
{"target": -17.67719967973712, "params": {"gamma": 398.8546190668706, "log10_alpha": -4.084487611364399, "log10_colsample_bytree": -0.7125437358314581, "log10_eta": -3.5916962371925556, "log10_lambda": -3.1044383187617526, "log10_min_child_weight": 4.30506642771569, "log10_subsample": -0.49318665021926933, "max_depth": 7.0, "num_boost_round": 18.0}, "datetime": {"datetime": "2024-01-19 01:21:31", "elapsed": 4180.948575, "delta": 0.004695}}
{"target": -17.677194137441365, "params": {"gamma": 398.8546190668706, "log10_alpha": -4.084487611364399, "log10_colsample_bytree": -0.7125437358314581, "log10_eta": -3.5916962371925556, "log10_lambda": -3.1044383187617526, "log10_min_child_weight": 4.30506642771569, "log10_subsample": -0.49318665021926933, "max_depth": 7.0, "num_boost_round": 19.0}, "datetime": {"datetime": "2024-01-19 01:21:31", "elapsed": 4180.953331, "delta": 0.004756}}
{"target": -17.677193720769882, "params": {"gamma": 398.8546190668706, "log10_alpha": -4.084487611364399, "log10_colsample_bytree": -0.7125437358314581, "log10_eta": -3.5916962371925556, "log10_lambda": -3.1044383187617526, "log10_min_child_weight": 4.30506642771569, "log10_subsample": -0.49318665021926933, "max_depth": 7.0, "num_boost_round": 20.0}, "datetime": {"datetime": "2024-01-19 01:21:31", "elapsed": 4180.957901, "delta": 0.00457}}
{"target": -17.67719658630766, "params": {"gamma": 398.8546190668706, "log10_alpha": -4.084487611364399, "log10_colsample_bytree": -0.7125437358314581, "log10_eta": -3.5916962371925556, "log10_lambda": -3.1044383187617526, "log10_min_child_weight": 4.30506642771569, "log10_subsample": -0.49318665021926933, "max_depth": 7.0, "num_boost_round": 21.0}, "datetime": {"datetime": "2024-01-19 01:21:31", "elapsed": 4180.962722, "delta": 0.004821}}
{"target": -17.677196338725896, "params": {"gamma": 398.8546190668706, "log10_alpha": -4.084487611364399, "log10_colsample_bytree": -0.7125437358314581, "log10_eta": -3.5916962371925556, "log10_lambda": -3.1044383187617526, "log10_min_child_weight": 4.30506642771569, "log10_subsample": -0.49318665021926933, "max_depth": 7.0, "num_boost_round": 22.0}, "datetime": {"datetime": "2024-01-19 01:21:31", "elapsed": 4180.967266, "delta": 0.004544}}
{"target": -17.67719370734784, "params": {"gamma": 398.8546190668706, "log10_alpha": -4.084487611364399, "log10_colsample_bytree": -0.7125437358314581, "log10_eta": -3.5916962371925556, "log10_lambda": -3.1044383187617526, "log10_min_child_weight": 4.30506642771569, "log10_subsample": -0.49318665021926933, "max_depth": 7.0, "num_boost_round": 23.0}, "datetime": {"datetime": "2024-01-19 01:21:31", "elapsed": 4180.971818, "delta": 0.004552}}
{"target": -17.677211353457373, "params": {"gamma": 401.5530812201106, "log10_alpha": -4.565869234947409, "log10_colsample_bytree": -0.24902945985272584, "log10_eta": -3.433186210619057, "log10_lambda": -3.1463416306131378, "log10_min_child_weight": 1.9788583156433686, "log10_subsample": -0.040477636582059495, "max_depth": 6.0, "num_boost_round": 0.0}, "datetime": {"datetime": "2024-01-19 01:22:20", "elapsed": 4230.244543, "delta": 49.272725}}
{"target": -17.677168488031842, "params": {"gamma": 401.5530812201106, "log10_alpha": -4.565869234947409, "log10_colsample_bytree": -0.24902945985272584, "log10_eta": -3.433186210619057, "log10_lambda": -3.1463416306131378, "log10_min_child_weight": 1.9788583156433686, "log10_subsample": -0.040477636582059495, "max_depth": 6.0, "num_boost_round": 1.0}, "datetime": {"datetime": "2024-01-19 01:22:20", "elapsed": 4230.250249, "delta": 0.005706}}
{"target": -17.677152925261524, "params": {"gamma": 401.5530812201106, "log10_alpha": -4.565869234947409, "log10_colsample_bytree": -0.24902945985272584, "log10_eta": -3.433186210619057, "log10_lambda": -3.1463416306131378, "log10_min_child_weight": 1.9788583156433686, "log10_subsample": -0.040477636582059495, "max_depth": 6.0, "num_boost_round": 2.0}, "datetime": {"datetime": "2024-01-19 01:22:20", "elapsed": 4230.255542, "delta": 0.005293}}
{"target": -17.67714486912223, "params": {"gamma": 401.5530812201106, "log10_alpha": -4.565869234947409, "log10_colsample_bytree": -0.24902945985272584, "log10_eta": -3.433186210619057, "log10_lambda": -3.1463416306131378, "log10_min_child_weight": 1.9788583156433686, "log10_subsample": -0.040477636582059495, "max_depth": 6.0, "num_boost_round": 3.0}, "datetime": {"datetime": "2024-01-19 01:22:20", "elapsed": 4230.260655, "delta": 0.005113}}
{"target": -17.677142974707174, "params": {"gamma": 401.5530812201106, "log10_alpha": -4.565869234947409, "log10_colsample_bytree": -0.24902945985272584, "log10_eta": -3.433186210619057, "log10_lambda": -3.1463416306131378, "log10_min_child_weight": 1.9788583156433686, "log10_subsample": -0.040477636582059495, "max_depth": 6.0, "num_boost_round": 4.0}, "datetime": {"datetime": "2024-01-19 01:22:20", "elapsed": 4230.265834, "delta": 0.005179}}
{"target": -17.677120902578327, "params": {"gamma": 401.5530812201106, "log10_alpha": -4.565869234947409, "log10_colsample_bytree": -0.24902945985272584, "log10_eta": -3.433186210619057, "log10_lambda": -3.1463416306131378, "log10_min_child_weight": 1.9788583156433686, "log10_subsample": -0.040477636582059495, "max_depth": 6.0, "num_boost_round": 5.0}, "datetime": {"datetime": "2024-01-19 01:22:20", "elapsed": 4230.270738, "delta": 0.004904}}
{"target": -17.67709661507053, "params": {"gamma": 401.5530812201106, "log10_alpha": -4.565869234947409, "log10_colsample_bytree": -0.24902945985272584, "log10_eta": -3.433186210619057, "log10_lambda": -3.1463416306131378, "log10_min_child_weight": 1.9788583156433686, "log10_subsample": -0.040477636582059495, "max_depth": 6.0, "num_boost_round": 6.0}, "datetime": {"datetime": "2024-01-19 01:22:20", "elapsed": 4230.27565, "delta": 0.004912}}
{"target": -17.67706781385665, "params": {"gamma": 401.5530812201106, "log10_alpha": -4.565869234947409, "log10_colsample_bytree": -0.24902945985272584, "log10_eta": -3.433186210619057, "log10_lambda": -3.1463416306131378, "log10_min_child_weight": 1.9788583156433686, "log10_subsample": -0.040477636582059495, "max_depth": 6.0, "num_boost_round": 7.0}, "datetime": {"datetime": "2024-01-19 01:22:20", "elapsed": 4230.280594, "delta": 0.004944}}
{"target": -17.677042626218928, "params": {"gamma": 401.5530812201106, "log10_alpha": -4.565869234947409, "log10_colsample_bytree": -0.24902945985272584, "log10_eta": -3.433186210619057, "log10_lambda": -3.1463416306131378, "log10_min_child_weight": 1.9788583156433686, "log10_subsample": -0.040477636582059495, "max_depth": 6.0, "num_boost_round": 8.0}, "datetime": {"datetime": "2024-01-19 01:22:20", "elapsed": 4230.285543, "delta": 0.004949}}
{"target": -17.67700249322832, "params": {"gamma": 401.5530812201106, "log10_alpha": -4.565869234947409, "log10_colsample_bytree": -0.24902945985272584, "log10_eta": -3.433186210619057, "log10_lambda": -3.1463416306131378, "log10_min_child_weight": 1.9788583156433686, "log10_subsample": -0.040477636582059495, "max_depth": 6.0, "num_boost_round": 9.0}, "datetime": {"datetime": "2024-01-19 01:22:20", "elapsed": 4230.29036, "delta": 0.004817}}
{"target": -17.67699872978544, "params": {"gamma": 401.5530812201106, "log10_alpha": -4.565869234947409, "log10_colsample_bytree": -0.24902945985272584, "log10_eta": -3.433186210619057, "log10_lambda": -3.1463416306131378, "log10_min_child_weight": 1.9788583156433686, "log10_subsample": -0.040477636582059495, "max_depth": 6.0, "num_boost_round": 10.0}, "datetime": {"datetime": "2024-01-19 01:22:20", "elapsed": 4230.295392, "delta": 0.005032}}
{"target": -17.676973576906278, "params": {"gamma": 401.5530812201106, "log10_alpha": -4.565869234947409, "log10_colsample_bytree": -0.24902945985272584, "log10_eta": -3.433186210619057, "log10_lambda": -3.1463416306131378, "log10_min_child_weight": 1.9788583156433686, "log10_subsample": -0.040477636582059495, "max_depth": 6.0, "num_boost_round": 11.0}, "datetime": {"datetime": "2024-01-19 01:22:20", "elapsed": 4230.300364, "delta": 0.004972}}
{"target": -17.676945116945742, "params": {"gamma": 401.5530812201106, "log10_alpha": -4.565869234947409, "log10_colsample_bytree": -0.24902945985272584, "log10_eta": -3.433186210619057, "log10_lambda": -3.1463416306131378, "log10_min_child_weight": 1.9788583156433686, "log10_subsample": -0.040477636582059495, "max_depth": 6.0, "num_boost_round": 12.0}, "datetime": {"datetime": "2024-01-19 01:22:20", "elapsed": 4230.305365, "delta": 0.005001}}
{"target": -17.676918719938094, "params": {"gamma": 401.5530812201106, "log10_alpha": -4.565869234947409, "log10_colsample_bytree": -0.24902945985272584, "log10_eta": -3.433186210619057, "log10_lambda": -3.1463416306131378, "log10_min_child_weight": 1.9788583156433686, "log10_subsample": -0.040477636582059495, "max_depth": 6.0, "num_boost_round": 13.0}, "datetime": {"datetime": "2024-01-19 01:22:20", "elapsed": 4230.310327, "delta": 0.004962}}
{"target": -17.676922480768194, "params": {"gamma": 401.5530812201106, "log10_alpha": -4.565869234947409, "log10_colsample_bytree": -0.24902945985272584, "log10_eta": -3.433186210619057, "log10_lambda": -3.1463416306131378, "log10_min_child_weight": 1.9788583156433686, "log10_subsample": -0.040477636582059495, "max_depth": 6.0, "num_boost_round": 14.0}, "datetime": {"datetime": "2024-01-19 01:22:20", "elapsed": 4230.315303, "delta": 0.004976}}
