{"target": -13.758139534211844, "params": {"gamma": 13.961888943853197, "log10_alpha": 0.480687327451629, "log10_colsample_bytree": -0.3055609994542243, "log10_eta": -2.840556426971274, "log10_lambda": -4.872583884575813, "log10_min_child_weight": 0.8801746410385075, "log10_subsample": -0.750115296786624, "max_depth": 9.0, "num_boost_round": 13.0}, "datetime": {"datetime": "2024-01-19 00:20:00", "elapsed": 508.859881, "delta": 0.000823}}
{"target": -13.758157881788497, "params": {"gamma": 13.961888943853197, "log10_alpha": 0.480687327451629, "log10_colsample_bytree": -0.3055609994542243, "log10_eta": -2.840556426971274, "log10_lambda": -4.872583884575813, "log10_min_child_weight": 0.8801746410385075, "log10_subsample": -0.750115296786624, "max_depth": 9.0, "num_boost_round": 14.0}, "datetime": {"datetime": "2024-01-19 00:20:00", "elapsed": 508.860707, "delta": 0.000826}}
{"target": -13.758106070163866, "params": {"gamma": 13.961888943853197, "log10_alpha": 0.480687327451629, "log10_colsample_bytree": -0.3055609994542243, "log10_eta": -2.840556426971274, "log10_lambda": -4.872583884575813, "log10_min_child_weight": 0.8801746410385075, "log10_subsample": -0.750115296786624, "max_depth": 9.0, "num_boost_round": 15.0}, "datetime": {"datetime": "2024-01-19 00:20:00", "elapsed": 508.861533, "delta": 0.000826}}
{"target": -13.758038543168677, "params": {"gamma": 13.961888943853197, "log10_alpha": 0.480687327451629, "log10_colsample_bytree": -0.3055609994542243, "log10_eta": -2.840556426971274, "log10_lambda": -4.872583884575813, "log10_min_child_weight": 0.8801746410385075, "log10_subsample": -0.750115296786624, "max_depth": 9.0, "num_boost_round": 16.0}, "datetime": {"datetime": "2024-01-19 00:20:00", "elapsed": 508.862361, "delta": 0.000828}}
{"target": -13.758065297017113, "params": {"gamma": 13.961888943853197, "log10_alpha": 0.480687327451629, "log10_colsample_bytree": -0.3055609994542243, "log10_eta": -2.840556426971274, "log10_lambda": -4.872583884575813, "log10_min_child_weight": 0.8801746410385075, "log10_subsample": -0.750115296786624, "max_depth": 9.0, "num_boost_round": 17.0}, "datetime": {"datetime": "2024-01-19 00:20:00", "elapsed": 508.863187, "delta": 0.000826}}
{"target": -13.75793123918139, "params": {"gamma": 13.961888943853197, "log10_alpha": 0.480687327451629, "log10_colsample_bytree": -0.3055609994542243, "log10_eta": -2.840556426971274, "log10_lambda": -4.872583884575813, "log10_min_child_weight": 0.8801746410385075, "log10_subsample": -0.750115296786624, "max_depth": 9.0, "num_boost_round": 18.0}, "datetime": {"datetime": "2024-01-19 00:20:00", "elapsed": 508.864025, "delta": 0.000838}}
{"target": -13.758542791050562, "params": {"gamma": 8.651297978608197, "log10_alpha": -3.66016153563704, "log10_colsample_bytree": -0.003261523063071925, "log10_eta": -3.741106203968141, "log10_lambda": -4.991843614630487, "log10_min_child_weight": 2.2818716036004116, "log10_subsample": -0.6591247684623843, "max_depth": 7.0, "num_boost_round": 0.0}, "datetime": {"datetime": "2024-01-19 00:20:22", "elapsed": 530.314137, "delta": 21.450112}}
{"target": -13.758542898465901, "params": {"gamma": 8.651297978608197, "log10_alpha": -3.66016153563704, "log10_colsample_bytree": -0.003261523063071925, "log10_eta": -3.741106203968141, "log10_lambda": -4.991843614630487, "log10_min_child_weight": 2.2818716036004116, "log10_subsample": -0.6591247684623843, "max_depth": 7.0, "num_boost_round": 1.0}, "datetime": {"datetime": "2024-01-19 00:20:22", "elapsed": 530.315109, "delta": 0.000972}}
{"target": -13.758548318182568, "params": {"gamma": 8.651297978608197, "log10_alpha": -3.66016153563704, "log10_colsample_bytree": -0.003261523063071925, "log10_eta": -3.741106203968141, "log10_lambda": -4.991843614630487, "log10_min_child_weight": 2.2818716036004116, "log10_subsample": -0.6591247684623843, "max_depth": 7.0, "num_boost_round": 2.0}, "datetime": {"datetime": "2024-01-19 00:20:22", "elapsed": 530.316493, "delta": 0.001384}}
{"target": -13.758547497395318, "params": {"gamma": 8.651297978608197, "log10_alpha": -3.66016153563704, "log10_colsample_bytree": -0.003261523063071925, "log10_eta": -3.741106203968141, "log10_lambda": -4.991843614630487, "log10_min_child_weight": 2.2818716036004116, "log10_subsample": -0.6591247684623843, "max_depth": 7.0, "num_boost_round": 3.0}, "datetime": {"datetime": "2024-01-19 00:20:22", "elapsed": 530.317333, "delta": 0.00084}}
{"target": -13.75854026774192, "params": {"gamma": 8.651297978608197, "log10_alpha": -3.66016153563704, "log10_colsample_bytree": -0.003261523063071925, "log10_eta": -3.741106203968141, "log10_lambda": -4.991843614630487, "log10_min_child_weight": 2.2818716036004116, "log10_subsample": -0.6591247684623843, "max_depth": 7.0, "num_boost_round": 4.0}, "datetime": {"datetime": "2024-01-19 00:20:22", "elapsed": 530.318179, "delta": 0.000846}}
{"target": -13.758537206461373, "params": {"gamma": 8.651297978608197, "log10_alpha": -3.66016153563704, "log10_colsample_bytree": -0.003261523063071925, "log10_eta": -3.741106203968141, "log10_lambda": -4.991843614630487, "log10_min_child_weight": 2.2818716036004116, "log10_subsample": -0.6591247684623843, "max_depth": 7.0, "num_boost_round": 5.0}, "datetime": {"datetime": "2024-01-19 00:20:22", "elapsed": 530.319131, "delta": 0.000952}}
{"target": -13.758534115360842, "params": {"gamma": 8.651297978608197, "log10_alpha": -3.66016153563704, "log10_colsample_bytree": -0.003261523063071925, "log10_eta": -3.741106203968141, "log10_lambda": -4.991843614630487, "log10_min_child_weight": 2.2818716036004116, "log10_subsample": -0.6591247684623843, "max_depth": 7.0, "num_boost_round": 6.0}, "datetime": {"datetime": "2024-01-19 00:20:22", "elapsed": 530.319975, "delta": 0.000844}}
{"target": -13.758539314349315, "params": {"gamma": 8.651297978608197, "log10_alpha": -3.66016153563704, "log10_colsample_bytree": -0.003261523063071925, "log10_eta": -3.741106203968141, "log10_lambda": -4.991843614630487, "log10_min_child_weight": 2.2818716036004116, "log10_subsample": -0.6591247684623843, "max_depth": 7.0, "num_boost_round": 7.0}, "datetime": {"datetime": "2024-01-19 00:20:22", "elapsed": 530.320818, "delta": 0.000843}}
{"target": -13.758538959288442, "params": {"gamma": 8.651297978608197, "log10_alpha": -3.66016153563704, "log10_colsample_bytree": -0.003261523063071925, "log10_eta": -3.741106203968141, "log10_lambda": -4.991843614630487, "log10_min_child_weight": 2.2818716036004116, "log10_subsample": -0.6591247684623843, "max_depth": 7.0, "num_boost_round": 8.0}, "datetime": {"datetime": "2024-01-19 00:20:22", "elapsed": 530.321661, "delta": 0.000843}}
{"target": -13.758531788679532, "params": {"gamma": 8.651297978608197, "log10_alpha": -3.66016153563704, "log10_colsample_bytree": -0.003261523063071925, "log10_eta": -3.741106203968141, "log10_lambda": -4.991843614630487, "log10_min_child_weight": 2.2818716036004116, "log10_subsample": -0.6591247684623843, "max_depth": 7.0, "num_boost_round": 9.0}, "datetime": {"datetime": "2024-01-19 00:20:22", "elapsed": 530.322511, "delta": 0.00085}}
{"target": -13.758532376073056, "params": {"gamma": 8.651297978608197, "log10_alpha": -3.66016153563704, "log10_colsample_bytree": -0.003261523063071925, "log10_eta": -3.741106203968141, "log10_lambda": -4.991843614630487, "log10_min_child_weight": 2.2818716036004116, "log10_subsample": -0.6591247684623843, "max_depth": 7.0, "num_boost_round": 10.0}, "datetime": {"datetime": "2024-01-19 00:20:22", "elapsed": 530.32338, "delta": 0.000869}}
{"target": -13.758533355917324, "params": {"gamma": 8.651297978608197, "log10_alpha": -3.66016153563704, "log10_colsample_bytree": -0.003261523063071925, "log10_eta": -3.741106203968141, "log10_lambda": -4.991843614630487, "log10_min_child_weight": 2.2818716036004116, "log10_subsample": -0.6591247684623843, "max_depth": 7.0, "num_boost_round": 11.0}, "datetime": {"datetime": "2024-01-19 00:20:22", "elapsed": 530.324224, "delta": 0.000844}}
{"target": -13.758535698420573, "params": {"gamma": 8.651297978608197, "log10_alpha": -3.66016153563704, "log10_colsample_bytree": -0.003261523063071925, "log10_eta": -3.741106203968141, "log10_lambda": -4.991843614630487, "log10_min_child_weight": 2.2818716036004116, "log10_subsample": -0.6591247684623843, "max_depth": 7.0, "num_boost_round": 12.0}, "datetime": {"datetime": "2024-01-19 00:20:22", "elapsed": 530.32508, "delta": 0.000856}}
{"target": -13.758535290724744, "params": {"gamma": 8.651297978608197, "log10_alpha": -3.66016153563704, "log10_colsample_bytree": -0.003261523063071925, "log10_eta": -3.741106203968141, "log10_lambda": -4.991843614630487, "log10_min_child_weight": 2.2818716036004116, "log10_subsample": -0.6591247684623843, "max_depth": 7.0, "num_boost_round": 13.0}, "datetime": {"datetime": "2024-01-19 00:20:22", "elapsed": 530.325915, "delta": 0.000835}}
{"target": -13.758533858839225, "params": {"gamma": 8.651297978608197, "log10_alpha": -3.66016153563704, "log10_colsample_bytree": -0.003261523063071925, "log10_eta": -3.741106203968141, "log10_lambda": -4.991843614630487, "log10_min_child_weight": 2.2818716036004116, "log10_subsample": -0.6591247684623843, "max_depth": 7.0, "num_boost_round": 14.0}, "datetime": {"datetime": "2024-01-19 00:20:22", "elapsed": 530.326834, "delta": 0.000919}}
{"target": -13.758536975849292, "params": {"gamma": 8.651297978608197, "log10_alpha": -3.66016153563704, "log10_colsample_bytree": -0.003261523063071925, "log10_eta": -3.741106203968141, "log10_lambda": -4.991843614630487, "log10_min_child_weight": 2.2818716036004116, "log10_subsample": -0.6591247684623843, "max_depth": 7.0, "num_boost_round": 15.0}, "datetime": {"datetime": "2024-01-19 00:20:22", "elapsed": 530.32769, "delta": 0.000856}}
{"target": -13.758532485077096, "params": {"gamma": 8.651297978608197, "log10_alpha": -3.66016153563704, "log10_colsample_bytree": -0.003261523063071925, "log10_eta": -3.741106203968141, "log10_lambda": -4.991843614630487, "log10_min_child_weight": 2.2818716036004116, "log10_subsample": -0.6591247684623843, "max_depth": 7.0, "num_boost_round": 16.0}, "datetime": {"datetime": "2024-01-19 00:20:22", "elapsed": 530.328531, "delta": 0.000841}}
{"target": -13.758524723359988, "params": {"gamma": 0.3738152383834237, "log10_alpha": -0.16081454999204148, "log10_colsample_bytree": -0.42738941511396156, "log10_eta": -2.754365163822154, "log10_lambda": -0.48142785024570767, "log10_min_child_weight": 4.161429901380052, "log10_subsample": -0.6375298883778013, "max_depth": 6.0, "num_boost_round": 0.0}, "datetime": {"datetime": "2024-01-19 00:20:43", "elapsed": 551.24116, "delta": 20.912629}}
{"target": -13.758524611132888, "params": {"gamma": 0.3738152383834237, "log10_alpha": -0.16081454999204148, "log10_colsample_bytree": -0.42738941511396156, "log10_eta": -2.754365163822154, "log10_lambda": -0.48142785024570767, "log10_min_child_weight": 4.161429901380052, "log10_subsample": -0.6375298883778013, "max_depth": 6.0, "num_boost_round": 1.0}, "datetime": {"datetime": "2024-01-19 00:20:43", "elapsed": 551.242214, "delta": 0.001054}}
{"target": -13.758534284351366, "params": {"gamma": 0.3738152383834237, "log10_alpha": -0.16081454999204148, "log10_colsample_bytree": -0.42738941511396156, "log10_eta": -2.754365163822154, "log10_lambda": -0.48142785024570767, "log10_min_child_weight": 4.161429901380052, "log10_subsample": -0.6375298883778013, "max_depth": 6.0, "num_boost_round": 2.0}, "datetime": {"datetime": "2024-01-19 00:20:43", "elapsed": 551.243543, "delta": 0.001329}}
{"target": -13.758536576672844, "params": {"gamma": 0.3738152383834237, "log10_alpha": -0.16081454999204148, "log10_colsample_bytree": -0.42738941511396156, "log10_eta": -2.754365163822154, "log10_lambda": -0.48142785024570767, "log10_min_child_weight": 4.161429901380052, "log10_subsample": -0.6375298883778013, "max_depth": 6.0, "num_boost_round": 3.0}, "datetime": {"datetime": "2024-01-19 00:20:43", "elapsed": 551.244414, "delta": 0.000871}}
{"target": -13.758541516141486, "params": {"gamma": 0.3738152383834237, "log10_alpha": -0.16081454999204148, "log10_colsample_bytree": -0.42738941511396156, "log10_eta": -2.754365163822154, "log10_lambda": -0.48142785024570767, "log10_min_child_weight": 4.161429901380052, "log10_subsample": -0.6375298883778013, "max_depth": 6.0, "num_boost_round": 4.0}, "datetime": {"datetime": "2024-01-19 00:20:43", "elapsed": 551.245551, "delta": 0.001137}}
{"target": -13.758527759911374, "params": {"gamma": 0.3738152383834237, "log10_alpha": -0.16081454999204148, "log10_colsample_bytree": -0.42738941511396156, "log10_eta": -2.754365163822154, "log10_lambda": -0.48142785024570767, "log10_min_child_weight": 4.161429901380052, "log10_subsample": -0.6375298883778013, "max_depth": 6.0, "num_boost_round": 5.0}, "datetime": {"datetime": "2024-01-19 00:20:43", "elapsed": 551.246535, "delta": 0.000984}}
{"target": -13.758536879799621, "params": {"gamma": 0.3738152383834237, "log10_alpha": -0.16081454999204148, "log10_colsample_bytree": -0.42738941511396156, "log10_eta": -2.754365163822154, "log10_lambda": -0.48142785024570767, "log10_min_child_weight": 4.161429901380052, "log10_subsample": -0.6375298883778013, "max_depth": 6.0, "num_boost_round": 6.0}, "datetime": {"datetime": "2024-01-19 00:20:43", "elapsed": 551.247396, "delta": 0.000861}}
{"target": -13.758535194951477, "params": {"gamma": 0.3738152383834237, "log10_alpha": -0.16081454999204148, "log10_colsample_bytree": -0.42738941511396156, "log10_eta": -2.754365163822154, "log10_lambda": -0.48142785024570767, "log10_min_child_weight": 4.161429901380052, "log10_subsample": -0.6375298883778013, "max_depth": 6.0, "num_boost_round": 7.0}, "datetime": {"datetime": "2024-01-19 00:20:43", "elapsed": 551.248248, "delta": 0.000852}}
{"target": -13.758524570381883, "params": {"gamma": 0.3738152383834237, "log10_alpha": -0.16081454999204148, "log10_colsample_bytree": -0.42738941511396156, "log10_eta": -2.754365163822154, "log10_lambda": -0.48142785024570767, "log10_min_child_weight": 4.161429901380052, "log10_subsample": -0.6375298883778013, "max_depth": 6.0, "num_boost_round": 8.0}, "datetime": {"datetime": "2024-01-19 00:20:43", "elapsed": 551.249239, "delta": 0.000991}}
{"target": -13.758504253919464, "params": {"gamma": 0.3738152383834237, "log10_alpha": -0.16081454999204148, "log10_colsample_bytree": -0.42738941511396156, "log10_eta": -2.754365163822154, "log10_lambda": -0.48142785024570767, "log10_min_child_weight": 4.161429901380052, "log10_subsample": -0.6375298883778013, "max_depth": 6.0, "num_boost_round": 9.0}, "datetime": {"datetime": "2024-01-19 00:20:43", "elapsed": 551.2501, "delta": 0.000861}}
{"target": -13.758491770696182, "params": {"gamma": 0.3738152383834237, "log10_alpha": -0.16081454999204148, "log10_colsample_bytree": -0.42738941511396156, "log10_eta": -2.754365163822154, "log10_lambda": -0.48142785024570767, "log10_min_child_weight": 4.161429901380052, "log10_subsample": -0.6375298883778013, "max_depth": 6.0, "num_boost_round": 10.0}, "datetime": {"datetime": "2024-01-19 00:20:43", "elapsed": 551.250989, "delta": 0.000889}}
{"target": -13.758497409215467, "params": {"gamma": 0.3738152383834237, "log10_alpha": -0.16081454999204148, "log10_colsample_bytree": -0.42738941511396156, "log10_eta": -2.754365163822154, "log10_lambda": -0.48142785024570767, "log10_min_child_weight": 4.161429901380052, "log10_subsample": -0.6375298883778013, "max_depth": 6.0, "num_boost_round": 11.0}, "datetime": {"datetime": "2024-01-19 00:20:43", "elapsed": 551.251858, "delta": 0.000869}}
{"target": -13.758498960097997, "params": {"gamma": 0.3738152383834237, "log10_alpha": -0.16081454999204148, "log10_colsample_bytree": -0.42738941511396156, "log10_eta": -2.754365163822154, "log10_lambda": -0.48142785024570767, "log10_min_child_weight": 4.161429901380052, "log10_subsample": -0.6375298883778013, "max_depth": 6.0, "num_boost_round": 12.0}, "datetime": {"datetime": "2024-01-19 00:20:43", "elapsed": 551.252713, "delta": 0.000855}}
{"target": -13.758490888733965, "params": {"gamma": 0.3738152383834237, "log10_alpha": -0.16081454999204148, "log10_colsample_bytree": -0.42738941511396156, "log10_eta": -2.754365163822154, "log10_lambda": -0.48142785024570767, "log10_min_child_weight": 4.161429901380052, "log10_subsample": -0.6375298883778013, "max_depth": 6.0, "num_boost_round": 13.0}, "datetime": {"datetime": "2024-01-19 00:20:43", "elapsed": 551.253587, "delta": 0.000874}}
{"target": -13.758477134942893, "params": {"gamma": 0.3738152383834237, "log10_alpha": -0.16081454999204148, "log10_colsample_bytree": -0.42738941511396156, "log10_eta": -2.754365163822154, "log10_lambda": -0.48142785024570767, "log10_min_child_weight": 4.161429901380052, "log10_subsample": -0.6375298883778013, "max_depth": 6.0, "num_boost_round": 14.0}, "datetime": {"datetime": "2024-01-19 00:20:43", "elapsed": 551.254442, "delta": 0.000855}}
{"target": -13.758447134383443, "params": {"gamma": 0.3738152383834237, "log10_alpha": -0.16081454999204148, "log10_colsample_bytree": -0.42738941511396156, "log10_eta": -2.754365163822154, "log10_lambda": -0.48142785024570767, "log10_min_child_weight": 4.161429901380052, "log10_subsample": -0.6375298883778013, "max_depth": 6.0, "num_boost_round": 15.0}, "datetime": {"datetime": "2024-01-19 00:20:43", "elapsed": 551.255344, "delta": 0.000902}}
{"target": -13.758526618574153, "params": {"gamma": 12.29325221086297, "log10_alpha": 0.7391394588035354, "log10_colsample_bytree": -0.8307494007507389, "log10_eta": -3.546077053324507, "log10_lambda": -3.26877511549185, "log10_min_child_weight": 1.9459176631329127, "log10_subsample": -0.36616885532780064, "max_depth": 7.0, "num_boost_round": 0.0}, "datetime": {"datetime": "2024-01-19 00:21:06", "elapsed": 574.656755, "delta": 23.401411}}
{"target": -13.758512410392692, "params": {"gamma": 12.29325221086297, "log10_alpha": 0.7391394588035354, "log10_colsample_bytree": -0.8307494007507389, "log10_eta": -3.546077053324507, "log10_lambda": -3.26877511549185, "log10_min_child_weight": 1.9459176631329127, "log10_subsample": -0.36616885532780064, "max_depth": 7.0, "num_boost_round": 1.0}, "datetime": {"datetime": "2024-01-19 00:21:06", "elapsed": 574.657798, "delta": 0.001043}}
{"target": -13.75849769103235, "params": {"gamma": 12.29325221086297, "log10_alpha": 0.7391394588035354, "log10_colsample_bytree": -0.8307494007507389, "log10_eta": -3.546077053324507, "log10_lambda": -3.26877511549185, "log10_min_child_weight": 1.9459176631329127, "log10_subsample": -0.36616885532780064, "max_depth": 7.0, "num_boost_round": 2.0}, "datetime": {"datetime": "2024-01-19 00:21:06", "elapsed": 574.658697, "delta": 0.000899}}
{"target": -13.758495831253716, "params": {"gamma": 12.29325221086297, "log10_alpha": 0.7391394588035354, "log10_colsample_bytree": -0.8307494007507389, "log10_eta": -3.546077053324507, "log10_lambda": -3.26877511549185, "log10_min_child_weight": 1.9459176631329127, "log10_subsample": -0.36616885532780064, "max_depth": 7.0, "num_boost_round": 3.0}, "datetime": {"datetime": "2024-01-19 00:21:06", "elapsed": 574.65958, "delta": 0.000883}}
{"target": -13.758488166217251, "params": {"gamma": 12.29325221086297, "log10_alpha": 0.7391394588035354, "log10_colsample_bytree": -0.8307494007507389, "log10_eta": -3.546077053324507, "log10_lambda": -3.26877511549185, "log10_min_child_weight": 1.9459176631329127, "log10_subsample": -0.36616885532780064, "max_depth": 7.0, "num_boost_round": 4.0}, "datetime": {"datetime": "2024-01-19 00:21:06", "elapsed": 574.660456, "delta": 0.000876}}
{"target": -13.758483778167104, "params": {"gamma": 12.29325221086297, "log10_alpha": 0.7391394588035354, "log10_colsample_bytree": -0.8307494007507389, "log10_eta": -3.546077053324507, "log10_lambda": -3.26877511549185, "log10_min_child_weight": 1.9459176631329127, "log10_subsample": -0.36616885532780064, "max_depth": 7.0, "num_boost_round": 5.0}, "datetime": {"datetime": "2024-01-19 00:21:06", "elapsed": 574.661326, "delta": 0.00087}}
{"target": -13.758486732215067, "params": {"gamma": 12.29325221086297, "log10_alpha": 0.7391394588035354, "log10_colsample_bytree": -0.8307494007507389, "log10_eta": -3.546077053324507, "log10_lambda": -3.26877511549185, "log10_min_child_weight": 1.9459176631329127, "log10_subsample": -0.36616885532780064, "max_depth": 7.0, "num_boost_round": 6.0}, "datetime": {"datetime": "2024-01-19 00:21:06", "elapsed": 574.662214, "delta": 0.000888}}
{"target": -13.758473407048513, "params": {"gamma": 12.29325221086297, "log10_alpha": 0.7391394588035354, "log10_colsample_bytree": -0.8307494007507389, "log10_eta": -3.546077053324507, "log10_lambda": -3.26877511549185, "log10_min_child_weight": 1.9459176631329127, "log10_subsample": -0.36616885532780064, "max_depth": 7.0, "num_boost_round": 7.0}, "datetime": {"datetime": "2024-01-19 00:21:06", "elapsed": 574.663098, "delta": 0.000884}}
{"target": -13.758470232733451, "params": {"gamma": 12.29325221086297, "log10_alpha": 0.7391394588035354, "log10_colsample_bytree": -0.8307494007507389, "log10_eta": -3.546077053324507, "log10_lambda": -3.26877511549185, "log10_min_child_weight": 1.9459176631329127, "log10_subsample": -0.36616885532780064, "max_depth": 7.0, "num_boost_round": 8.0}, "datetime": {"datetime": "2024-01-19 00:21:06", "elapsed": 574.663969, "delta": 0.000871}}
{"target": -13.758471318406482, "params": {"gamma": 12.29325221086297, "log10_alpha": 0.7391394588035354, "log10_colsample_bytree": -0.8307494007507389, "log10_eta": -3.546077053324507, "log10_lambda": -3.26877511549185, "log10_min_child_weight": 1.9459176631329127, "log10_subsample": -0.36616885532780064, "max_depth": 7.0, "num_boost_round": 9.0}, "datetime": {"datetime": "2024-01-19 00:21:06", "elapsed": 574.665075, "delta": 0.001106}}
