{"target": -17.67646728591043, "params": {"gamma": 425.7422468027873, "log10_alpha": -0.17307660367884736, "log10_colsample_bytree": -0.6620297242265757, "log10_eta": -2.8802714476996565, "log10_lambda": -4.077793138459246, "log10_min_child_weight": 0.6354894674869688, "log10_subsample": -0.07093726020763513, "max_depth": 6.0, "num_boost_round": 11.0}, "datetime": {"datetime": "2024-01-19 00:14:44", "elapsed": 174.105618, "delta": 0.00065}}
{"target": -17.676405852506353, "params": {"gamma": 425.7422468027873, "log10_alpha": -0.17307660367884736, "log10_colsample_bytree": -0.6620297242265757, "log10_eta": -2.8802714476996565, "log10_lambda": -4.077793138459246, "log10_min_child_weight": 0.6354894674869688, "log10_subsample": -0.07093726020763513, "max_depth": 6.0, "num_boost_round": 12.0}, "datetime": {"datetime": "2024-01-19 00:14:44", "elapsed": 174.106258, "delta": 0.00064}}
{"target": -17.676320167415042, "params": {"gamma": 425.7422468027873, "log10_alpha": -0.17307660367884736, "log10_colsample_bytree": -0.6620297242265757, "log10_eta": -2.8802714476996565, "log10_lambda": -4.077793138459246, "log10_min_child_weight": 0.6354894674869688, "log10_subsample": -0.07093726020763513, "max_depth": 6.0, "num_boost_round": 13.0}, "datetime": {"datetime": "2024-01-19 00:14:44", "elapsed": 174.106898, "delta": 0.00064}}
{"target": -17.676352181841075, "params": {"gamma": 425.7422468027873, "log10_alpha": -0.17307660367884736, "log10_colsample_bytree": -0.6620297242265757, "log10_eta": -2.8802714476996565, "log10_lambda": -4.077793138459246, "log10_min_child_weight": 0.6354894674869688, "log10_subsample": -0.07093726020763513, "max_depth": 6.0, "num_boost_round": 14.0}, "datetime": {"datetime": "2024-01-19 00:14:44", "elapsed": 174.107552, "delta": 0.000654}}
{"target": -17.67625766343349, "params": {"gamma": 425.7422468027873, "log10_alpha": -0.17307660367884736, "log10_colsample_bytree": -0.6620297242265757, "log10_eta": -2.8802714476996565, "log10_lambda": -4.077793138459246, "log10_min_child_weight": 0.6354894674869688, "log10_subsample": -0.07093726020763513, "max_depth": 6.0, "num_boost_round": 15.0}, "datetime": {"datetime": "2024-01-19 00:14:44", "elapsed": 174.108194, "delta": 0.000642}}
{"target": -17.676266304811687, "params": {"gamma": 425.7422468027873, "log10_alpha": -0.17307660367884736, "log10_colsample_bytree": -0.6620297242265757, "log10_eta": -2.8802714476996565, "log10_lambda": -4.077793138459246, "log10_min_child_weight": 0.6354894674869688, "log10_subsample": -0.07093726020763513, "max_depth": 6.0, "num_boost_round": 16.0}, "datetime": {"datetime": "2024-01-19 00:14:44", "elapsed": 174.108845, "delta": 0.000651}}
{"target": -17.676189240962092, "params": {"gamma": 425.7422468027873, "log10_alpha": -0.17307660367884736, "log10_colsample_bytree": -0.6620297242265757, "log10_eta": -2.8802714476996565, "log10_lambda": -4.077793138459246, "log10_min_child_weight": 0.6354894674869688, "log10_subsample": -0.07093726020763513, "max_depth": 6.0, "num_boost_round": 17.0}, "datetime": {"datetime": "2024-01-19 00:14:44", "elapsed": 174.109508, "delta": 0.000663}}
{"target": -17.676145227859685, "params": {"gamma": 425.7422468027873, "log10_alpha": -0.17307660367884736, "log10_colsample_bytree": -0.6620297242265757, "log10_eta": -2.8802714476996565, "log10_lambda": -4.077793138459246, "log10_min_child_weight": 0.6354894674869688, "log10_subsample": -0.07093726020763513, "max_depth": 6.0, "num_boost_round": 18.0}, "datetime": {"datetime": "2024-01-19 00:14:44", "elapsed": 174.110092, "delta": 0.000584}}
{"target": -17.676160410164563, "params": {"gamma": 425.7422468027873, "log10_alpha": -0.17307660367884736, "log10_colsample_bytree": -0.6620297242265757, "log10_eta": -2.8802714476996565, "log10_lambda": -4.077793138459246, "log10_min_child_weight": 0.6354894674869688, "log10_subsample": -0.07093726020763513, "max_depth": 6.0, "num_boost_round": 19.0}, "datetime": {"datetime": "2024-01-19 00:14:44", "elapsed": 174.110745, "delta": 0.000653}}
{"target": -17.676097599374746, "params": {"gamma": 425.7422468027873, "log10_alpha": -0.17307660367884736, "log10_colsample_bytree": -0.6620297242265757, "log10_eta": -2.8802714476996565, "log10_lambda": -4.077793138459246, "log10_min_child_weight": 0.6354894674869688, "log10_subsample": -0.07093726020763513, "max_depth": 6.0, "num_boost_round": 20.0}, "datetime": {"datetime": "2024-01-19 00:14:44", "elapsed": 174.111465, "delta": 0.00072}}
{"target": -17.67602460716061, "params": {"gamma": 425.7422468027873, "log10_alpha": -0.17307660367884736, "log10_colsample_bytree": -0.6620297242265757, "log10_eta": -2.8802714476996565, "log10_lambda": -4.077793138459246, "log10_min_child_weight": 0.6354894674869688, "log10_subsample": -0.07093726020763513, "max_depth": 6.0, "num_boost_round": 21.0}, "datetime": {"datetime": "2024-01-19 00:14:44", "elapsed": 174.112055, "delta": 0.00059}}
{"target": -17.67595173034813, "params": {"gamma": 425.7422468027873, "log10_alpha": -0.17307660367884736, "log10_colsample_bytree": -0.6620297242265757, "log10_eta": -2.8802714476996565, "log10_lambda": -4.077793138459246, "log10_min_child_weight": 0.6354894674869688, "log10_subsample": -0.07093726020763513, "max_depth": 6.0, "num_boost_round": 22.0}, "datetime": {"datetime": "2024-01-19 00:14:44", "elapsed": 174.112713, "delta": 0.000658}}
{"target": -17.675916929647894, "params": {"gamma": 425.7422468027873, "log10_alpha": -0.17307660367884736, "log10_colsample_bytree": -0.6620297242265757, "log10_eta": -2.8802714476996565, "log10_lambda": -4.077793138459246, "log10_min_child_weight": 0.6354894674869688, "log10_subsample": -0.07093726020763513, "max_depth": 6.0, "num_boost_round": 23.0}, "datetime": {"datetime": "2024-01-19 00:14:44", "elapsed": 174.113303, "delta": 0.00059}}
{"target": -17.675913994424793, "params": {"gamma": 425.7422468027873, "log10_alpha": -0.17307660367884736, "log10_colsample_bytree": -0.6620297242265757, "log10_eta": -2.8802714476996565, "log10_lambda": -4.077793138459246, "log10_min_child_weight": 0.6354894674869688, "log10_subsample": -0.07093726020763513, "max_depth": 6.0, "num_boost_round": 24.0}, "datetime": {"datetime": "2024-01-19 00:14:44", "elapsed": 174.113962, "delta": 0.000659}}
{"target": -17.675881904279656, "params": {"gamma": 425.7422468027873, "log10_alpha": -0.17307660367884736, "log10_colsample_bytree": -0.6620297242265757, "log10_eta": -2.8802714476996565, "log10_lambda": -4.077793138459246, "log10_min_child_weight": 0.6354894674869688, "log10_subsample": -0.07093726020763513, "max_depth": 6.0, "num_boost_round": 25.0}, "datetime": {"datetime": "2024-01-19 00:14:44", "elapsed": 174.114627, "delta": 0.000665}}
{"target": -17.675809652892735, "params": {"gamma": 425.7422468027873, "log10_alpha": -0.17307660367884736, "log10_colsample_bytree": -0.6620297242265757, "log10_eta": -2.8802714476996565, "log10_lambda": -4.077793138459246, "log10_min_child_weight": 0.6354894674869688, "log10_subsample": -0.07093726020763513, "max_depth": 6.0, "num_boost_round": 26.0}, "datetime": {"datetime": "2024-01-19 00:14:44", "elapsed": 174.115221, "delta": 0.000594}}
{"target": -17.675745208327495, "params": {"gamma": 425.7422468027873, "log10_alpha": -0.17307660367884736, "log10_colsample_bytree": -0.6620297242265757, "log10_eta": -2.8802714476996565, "log10_lambda": -4.077793138459246, "log10_min_child_weight": 0.6354894674869688, "log10_subsample": -0.07093726020763513, "max_depth": 6.0, "num_boost_round": 27.0}, "datetime": {"datetime": "2024-01-19 00:14:44", "elapsed": 174.115881, "delta": 0.00066}}
{"target": -17.67561836423105, "params": {"gamma": 425.7422468027873, "log10_alpha": -0.17307660367884736, "log10_colsample_bytree": -0.6620297242265757, "log10_eta": -2.8802714476996565, "log10_lambda": -4.077793138459246, "log10_min_child_weight": 0.6354894674869688, "log10_subsample": -0.07093726020763513, "max_depth": 6.0, "num_boost_round": 28.0}, "datetime": {"datetime": "2024-01-19 00:14:44", "elapsed": 174.116483, "delta": 0.000602}}
{"target": -17.675582322982784, "params": {"gamma": 425.7422468027873, "log10_alpha": -0.17307660367884736, "log10_colsample_bytree": -0.6620297242265757, "log10_eta": -2.8802714476996565, "log10_lambda": -4.077793138459246, "log10_min_child_weight": 0.6354894674869688, "log10_subsample": -0.07093726020763513, "max_depth": 6.0, "num_boost_round": 29.0}, "datetime": {"datetime": "2024-01-19 00:14:44", "elapsed": 174.117143, "delta": 0.00066}}
{"target": -17.67557941941808, "params": {"gamma": 425.7422468027873, "log10_alpha": -0.17307660367884736, "log10_colsample_bytree": -0.6620297242265757, "log10_eta": -2.8802714476996565, "log10_lambda": -4.077793138459246, "log10_min_child_weight": 0.6354894674869688, "log10_subsample": -0.07093726020763513, "max_depth": 6.0, "num_boost_round": 30.0}, "datetime": {"datetime": "2024-01-19 00:14:44", "elapsed": 174.117756, "delta": 0.000613}}
{"target": -17.67544138576262, "params": {"gamma": 425.7422468027873, "log10_alpha": -0.17307660367884736, "log10_colsample_bytree": -0.6620297242265757, "log10_eta": -2.8802714476996565, "log10_lambda": -4.077793138459246, "log10_min_child_weight": 0.6354894674869688, "log10_subsample": -0.07093726020763513, "max_depth": 6.0, "num_boost_round": 31.0}, "datetime": {"datetime": "2024-01-19 00:14:44", "elapsed": 174.118426, "delta": 0.00067}}
{"target": -17.675313733780797, "params": {"gamma": 425.7422468027873, "log10_alpha": -0.17307660367884736, "log10_colsample_bytree": -0.6620297242265757, "log10_eta": -2.8802714476996565, "log10_lambda": -4.077793138459246, "log10_min_child_weight": 0.6354894674869688, "log10_subsample": -0.07093726020763513, "max_depth": 6.0, "num_boost_round": 32.0}, "datetime": {"datetime": "2024-01-19 00:14:44", "elapsed": 174.119031, "delta": 0.000605}}
{"target": -17.67525176643638, "params": {"gamma": 425.7422468027873, "log10_alpha": -0.17307660367884736, "log10_colsample_bytree": -0.6620297242265757, "log10_eta": -2.8802714476996565, "log10_lambda": -4.077793138459246, "log10_min_child_weight": 0.6354894674869688, "log10_subsample": -0.07093726020763513, "max_depth": 6.0, "num_boost_round": 33.0}, "datetime": {"datetime": "2024-01-19 00:14:44", "elapsed": 174.119712, "delta": 0.000681}}
{"target": -17.67515051704625, "params": {"gamma": 425.7422468027873, "log10_alpha": -0.17307660367884736, "log10_colsample_bytree": -0.6620297242265757, "log10_eta": -2.8802714476996565, "log10_lambda": -4.077793138459246, "log10_min_child_weight": 0.6354894674869688, "log10_subsample": -0.07093726020763513, "max_depth": 6.0, "num_boost_round": 34.0}, "datetime": {"datetime": "2024-01-19 00:14:44", "elapsed": 174.120418, "delta": 0.000706}}
{"target": -17.67500483858647, "params": {"gamma": 425.7422468027873, "log10_alpha": -0.17307660367884736, "log10_colsample_bytree": -0.6620297242265757, "log10_eta": -2.8802714476996565, "log10_lambda": -4.077793138459246, "log10_min_child_weight": 0.6354894674869688, "log10_subsample": -0.07093726020763513, "max_depth": 6.0, "num_boost_round": 35.0}, "datetime": {"datetime": "2024-01-19 00:14:44", "elapsed": 174.121108, "delta": 0.00069}}
{"target": -17.675001084113152, "params": {"gamma": 425.7422468027873, "log10_alpha": -0.17307660367884736, "log10_colsample_bytree": -0.6620297242265757, "log10_eta": -2.8802714476996565, "log10_lambda": -4.077793138459246, "log10_min_child_weight": 0.6354894674869688, "log10_subsample": -0.07093726020763513, "max_depth": 6.0, "num_boost_round": 36.0}, "datetime": {"datetime": "2024-01-19 00:14:44", "elapsed": 174.121886, "delta": 0.000778}}
{"target": -17.674975492167256, "params": {"gamma": 425.7422468027873, "log10_alpha": -0.17307660367884736, "log10_colsample_bytree": -0.6620297242265757, "log10_eta": -2.8802714476996565, "log10_lambda": -4.077793138459246, "log10_min_child_weight": 0.6354894674869688, "log10_subsample": -0.07093726020763513, "max_depth": 6.0, "num_boost_round": 37.0}, "datetime": {"datetime": "2024-01-19 00:14:44", "elapsed": 174.122591, "delta": 0.000705}}
{"target": -17.67492926489793, "params": {"gamma": 425.7422468027873, "log10_alpha": -0.17307660367884736, "log10_colsample_bytree": -0.6620297242265757, "log10_eta": -2.8802714476996565, "log10_lambda": -4.077793138459246, "log10_min_child_weight": 0.6354894674869688, "log10_subsample": -0.07093726020763513, "max_depth": 6.0, "num_boost_round": 38.0}, "datetime": {"datetime": "2024-01-19 00:14:44", "elapsed": 174.123283, "delta": 0.000692}}
{"target": -17.67492443714885, "params": {"gamma": 425.7422468027873, "log10_alpha": -0.17307660367884736, "log10_colsample_bytree": -0.6620297242265757, "log10_eta": -2.8802714476996565, "log10_lambda": -4.077793138459246, "log10_min_child_weight": 0.6354894674869688, "log10_subsample": -0.07093726020763513, "max_depth": 6.0, "num_boost_round": 39.0}, "datetime": {"datetime": "2024-01-19 00:14:44", "elapsed": 174.124095, "delta": 0.000812}}
{"target": -17.674898893740668, "params": {"gamma": 425.7422468027873, "log10_alpha": -0.17307660367884736, "log10_colsample_bytree": -0.6620297242265757, "log10_eta": -2.8802714476996565, "log10_lambda": -4.077793138459246, "log10_min_child_weight": 0.6354894674869688, "log10_subsample": -0.07093726020763513, "max_depth": 6.0, "num_boost_round": 40.0}, "datetime": {"datetime": "2024-01-19 00:14:44", "elapsed": 174.124805, "delta": 0.00071}}
{"target": -17.674892301401602, "params": {"gamma": 425.7422468027873, "log10_alpha": -0.17307660367884736, "log10_colsample_bytree": -0.6620297242265757, "log10_eta": -2.8802714476996565, "log10_lambda": -4.077793138459246, "log10_min_child_weight": 0.6354894674869688, "log10_subsample": -0.07093726020763513, "max_depth": 6.0, "num_boost_round": 41.0}, "datetime": {"datetime": "2024-01-19 00:14:44", "elapsed": 174.125543, "delta": 0.000738}}
{"target": -17.674790881714593, "params": {"gamma": 425.7422468027873, "log10_alpha": -0.17307660367884736, "log10_colsample_bytree": -0.6620297242265757, "log10_eta": -2.8802714476996565, "log10_lambda": -4.077793138459246, "log10_min_child_weight": 0.6354894674869688, "log10_subsample": -0.07093726020763513, "max_depth": 6.0, "num_boost_round": 42.0}, "datetime": {"datetime": "2024-01-19 00:14:44", "elapsed": 174.126252, "delta": 0.000709}}
{"target": -17.67476880153267, "params": {"gamma": 425.7422468027873, "log10_alpha": -0.17307660367884736, "log10_colsample_bytree": -0.6620297242265757, "log10_eta": -2.8802714476996565, "log10_lambda": -4.077793138459246, "log10_min_child_weight": 0.6354894674869688, "log10_subsample": -0.07093726020763513, "max_depth": 6.0, "num_boost_round": 43.0}, "datetime": {"datetime": "2024-01-19 00:14:44", "elapsed": 174.126966, "delta": 0.000714}}
{"target": -17.67475873056249, "params": {"gamma": 425.7422468027873, "log10_alpha": -0.17307660367884736, "log10_colsample_bytree": -0.6620297242265757, "log10_eta": -2.8802714476996565, "log10_lambda": -4.077793138459246, "log10_min_child_weight": 0.6354894674869688, "log10_subsample": -0.07093726020763513, "max_depth": 6.0, "num_boost_round": 44.0}, "datetime": {"datetime": "2024-01-19 00:14:44", "elapsed": 174.12772, "delta": 0.000754}}
{"target": -17.674631049131545, "params": {"gamma": 425.7422468027873, "log10_alpha": -0.17307660367884736, "log10_colsample_bytree": -0.6620297242265757, "log10_eta": -2.8802714476996565, "log10_lambda": -4.077793138459246, "log10_min_child_weight": 0.6354894674869688, "log10_subsample": -0.07093726020763513, "max_depth": 6.0, "num_boost_round": 45.0}, "datetime": {"datetime": "2024-01-19 00:14:44", "elapsed": 174.128437, "delta": 0.000717}}
{"target": -17.67462258704493, "params": {"gamma": 425.7422468027873, "log10_alpha": -0.17307660367884736, "log10_colsample_bytree": -0.6620297242265757, "log10_eta": -2.8802714476996565, "log10_lambda": -4.077793138459246, "log10_min_child_weight": 0.6354894674869688, "log10_subsample": -0.07093726020763513, "max_depth": 6.0, "num_boost_round": 46.0}, "datetime": {"datetime": "2024-01-19 00:14:44", "elapsed": 174.129144, "delta": 0.000707}}
{"target": -17.67453097765072, "params": {"gamma": 425.7422468027873, "log10_alpha": -0.17307660367884736, "log10_colsample_bytree": -0.6620297242265757, "log10_eta": -2.8802714476996565, "log10_lambda": -4.077793138459246, "log10_min_child_weight": 0.6354894674869688, "log10_subsample": -0.07093726020763513, "max_depth": 6.0, "num_boost_round": 47.0}, "datetime": {"datetime": "2024-01-19 00:14:44", "elapsed": 174.129858, "delta": 0.000714}}
{"target": -17.674504582236406, "params": {"gamma": 425.7422468027873, "log10_alpha": -0.17307660367884736, "log10_colsample_bytree": -0.6620297242265757, "log10_eta": -2.8802714476996565, "log10_lambda": -4.077793138459246, "log10_min_child_weight": 0.6354894674869688, "log10_subsample": -0.07093726020763513, "max_depth": 6.0, "num_boost_round": 48.0}, "datetime": {"datetime": "2024-01-19 00:14:44", "elapsed": 174.130571, "delta": 0.000713}}
{"target": -17.67447503741257, "params": {"gamma": 425.7422468027873, "log10_alpha": -0.17307660367884736, "log10_colsample_bytree": -0.6620297242265757, "log10_eta": -2.8802714476996565, "log10_lambda": -4.077793138459246, "log10_min_child_weight": 0.6354894674869688, "log10_subsample": -0.07093726020763513, "max_depth": 6.0, "num_boost_round": 49.0}, "datetime": {"datetime": "2024-01-19 00:14:44", "elapsed": 174.131303, "delta": 0.000732}}
{"target": -17.674428491177004, "params": {"gamma": 425.7422468027873, "log10_alpha": -0.17307660367884736, "log10_colsample_bytree": -0.6620297242265757, "log10_eta": -2.8802714476996565, "log10_lambda": -4.077793138459246, "log10_min_child_weight": 0.6354894674869688, "log10_subsample": -0.07093726020763513, "max_depth": 6.0, "num_boost_round": 50.0}, "datetime": {"datetime": "2024-01-19 00:14:44", "elapsed": 174.132096, "delta": 0.000793}}
{"target": -17.67438912950929, "params": {"gamma": 425.7422468027873, "log10_alpha": -0.17307660367884736, "log10_colsample_bytree": -0.6620297242265757, "log10_eta": -2.8802714476996565, "log10_lambda": -4.077793138459246, "log10_min_child_weight": 0.6354894674869688, "log10_subsample": -0.07093726020763513, "max_depth": 6.0, "num_boost_round": 51.0}, "datetime": {"datetime": "2024-01-19 00:14:44", "elapsed": 174.132821, "delta": 0.000725}}
{"target": -17.674383288881895, "params": {"gamma": 425.7422468027873, "log10_alpha": -0.17307660367884736, "log10_colsample_bytree": -0.6620297242265757, "log10_eta": -2.8802714476996565, "log10_lambda": -4.077793138459246, "log10_min_child_weight": 0.6354894674869688, "log10_subsample": -0.07093726020763513, "max_depth": 6.0, "num_boost_round": 52.0}, "datetime": {"datetime": "2024-01-19 00:14:44", "elapsed": 174.133574, "delta": 0.000753}}
{"target": -17.674326281873146, "params": {"gamma": 425.7422468027873, "log10_alpha": -0.17307660367884736, "log10_colsample_bytree": -0.6620297242265757, "log10_eta": -2.8802714476996565, "log10_lambda": -4.077793138459246, "log10_min_child_weight": 0.6354894674869688, "log10_subsample": -0.07093726020763513, "max_depth": 6.0, "num_boost_round": 53.0}, "datetime": {"datetime": "2024-01-19 00:14:44", "elapsed": 174.134322, "delta": 0.000748}}
{"target": -17.674287018064444, "params": {"gamma": 425.7422468027873, "log10_alpha": -0.17307660367884736, "log10_colsample_bytree": -0.6620297242265757, "log10_eta": -2.8802714476996565, "log10_lambda": -4.077793138459246, "log10_min_child_weight": 0.6354894674869688, "log10_subsample": -0.07093726020763513, "max_depth": 6.0, "num_boost_round": 54.0}, "datetime": {"datetime": "2024-01-19 00:14:44", "elapsed": 174.135073, "delta": 0.000751}}
{"target": -17.67425526082483, "params": {"gamma": 425.7422468027873, "log10_alpha": -0.17307660367884736, "log10_colsample_bytree": -0.6620297242265757, "log10_eta": -2.8802714476996565, "log10_lambda": -4.077793138459246, "log10_min_child_weight": 0.6354894674869688, "log10_subsample": -0.07093726020763513, "max_depth": 6.0, "num_boost_round": 55.0}, "datetime": {"datetime": "2024-01-19 00:14:44", "elapsed": 174.135849, "delta": 0.000776}}
{"target": -17.674250525890656, "params": {"gamma": 425.7422468027873, "log10_alpha": -0.17307660367884736, "log10_colsample_bytree": -0.6620297242265757, "log10_eta": -2.8802714476996565, "log10_lambda": -4.077793138459246, "log10_min_child_weight": 0.6354894674869688, "log10_subsample": -0.07093726020763513, "max_depth": 6.0, "num_boost_round": 56.0}, "datetime": {"datetime": "2024-01-19 00:14:44", "elapsed": 174.136602, "delta": 0.000753}}
{"target": -17.674247250095277, "params": {"gamma": 425.7422468027873, "log10_alpha": -0.17307660367884736, "log10_colsample_bytree": -0.6620297242265757, "log10_eta": -2.8802714476996565, "log10_lambda": -4.077793138459246, "log10_min_child_weight": 0.6354894674869688, "log10_subsample": -0.07093726020763513, "max_depth": 6.0, "num_boost_round": 57.0}, "datetime": {"datetime": "2024-01-19 00:14:44", "elapsed": 174.137382, "delta": 0.00078}}
{"target": -17.674194686981615, "params": {"gamma": 425.7422468027873, "log10_alpha": -0.17307660367884736, "log10_colsample_bytree": -0.6620297242265757, "log10_eta": -2.8802714476996565, "log10_lambda": -4.077793138459246, "log10_min_child_weight": 0.6354894674869688, "log10_subsample": -0.07093726020763513, "max_depth": 6.0, "num_boost_round": 58.0}, "datetime": {"datetime": "2024-01-19 00:14:44", "elapsed": 174.138135, "delta": 0.000753}}
{"target": -17.67411236225189, "params": {"gamma": 425.7422468027873, "log10_alpha": -0.17307660367884736, "log10_colsample_bytree": -0.6620297242265757, "log10_eta": -2.8802714476996565, "log10_lambda": -4.077793138459246, "log10_min_child_weight": 0.6354894674869688, "log10_subsample": -0.07093726020763513, "max_depth": 6.0, "num_boost_round": 59.0}, "datetime": {"datetime": "2024-01-19 00:14:44", "elapsed": 174.138902, "delta": 0.000767}}
