{"target": -13.758481932291492, "params": {"gamma": 472.56204134160595, "log10_alpha": -2.890049652256357, "log10_colsample_bytree": -0.9228192696347749, "log10_eta": -3.648801715546407, "log10_lambda": -2.345339415922508, "log10_min_child_weight": 3.7608719267078157, "log10_subsample": -0.15390637210323754, "max_depth": 8.0, "num_boost_round": 19.0}, "datetime": {"datetime": "2024-01-19 01:58:16", "elapsed": 6400.652971, "delta": 0.006116}}
{"target": -13.758477524237664, "params": {"gamma": 472.56204134160595, "log10_alpha": -2.890049652256357, "log10_colsample_bytree": -0.9228192696347749, "log10_eta": -3.648801715546407, "log10_lambda": -2.345339415922508, "log10_min_child_weight": 3.7608719267078157, "log10_subsample": -0.15390637210323754, "max_depth": 8.0, "num_boost_round": 20.0}, "datetime": {"datetime": "2024-01-19 01:58:16", "elapsed": 6400.65911, "delta": 0.006139}}
{"target": -13.758474435398094, "params": {"gamma": 472.56204134160595, "log10_alpha": -2.890049652256357, "log10_colsample_bytree": -0.9228192696347749, "log10_eta": -3.648801715546407, "log10_lambda": -2.345339415922508, "log10_min_child_weight": 3.7608719267078157, "log10_subsample": -0.15390637210323754, "max_depth": 8.0, "num_boost_round": 21.0}, "datetime": {"datetime": "2024-01-19 01:58:16", "elapsed": 6400.665649, "delta": 0.006539}}
{"target": -13.758467236648038, "params": {"gamma": 472.56204134160595, "log10_alpha": -2.890049652256357, "log10_colsample_bytree": -0.9228192696347749, "log10_eta": -3.648801715546407, "log10_lambda": -2.345339415922508, "log10_min_child_weight": 3.7608719267078157, "log10_subsample": -0.15390637210323754, "max_depth": 8.0, "num_boost_round": 22.0}, "datetime": {"datetime": "2024-01-19 01:58:16", "elapsed": 6400.671969, "delta": 0.00632}}
{"target": -13.758460971624743, "params": {"gamma": 472.56204134160595, "log10_alpha": -2.890049652256357, "log10_colsample_bytree": -0.9228192696347749, "log10_eta": -3.648801715546407, "log10_lambda": -2.345339415922508, "log10_min_child_weight": 3.7608719267078157, "log10_subsample": -0.15390637210323754, "max_depth": 8.0, "num_boost_round": 23.0}, "datetime": {"datetime": "2024-01-19 01:58:16", "elapsed": 6400.785949, "delta": 0.11398}}
{"target": -13.758460559263469, "params": {"gamma": 472.56204134160595, "log10_alpha": -2.890049652256357, "log10_colsample_bytree": -0.9228192696347749, "log10_eta": -3.648801715546407, "log10_lambda": -2.345339415922508, "log10_min_child_weight": 3.7608719267078157, "log10_subsample": -0.15390637210323754, "max_depth": 8.0, "num_boost_round": 24.0}, "datetime": {"datetime": "2024-01-19 01:58:16", "elapsed": 6400.7935, "delta": 0.007551}}
{"target": -13.758460213424542, "params": {"gamma": 472.56204134160595, "log10_alpha": -2.890049652256357, "log10_colsample_bytree": -0.9228192696347749, "log10_eta": -3.648801715546407, "log10_lambda": -2.345339415922508, "log10_min_child_weight": 3.7608719267078157, "log10_subsample": -0.15390637210323754, "max_depth": 8.0, "num_boost_round": 25.0}, "datetime": {"datetime": "2024-01-19 01:58:16", "elapsed": 6400.799878, "delta": 0.006378}}
{"target": -13.758456732969766, "params": {"gamma": 472.56204134160595, "log10_alpha": -2.890049652256357, "log10_colsample_bytree": -0.9228192696347749, "log10_eta": -3.648801715546407, "log10_lambda": -2.345339415922508, "log10_min_child_weight": 3.7608719267078157, "log10_subsample": -0.15390637210323754, "max_depth": 8.0, "num_boost_round": 26.0}, "datetime": {"datetime": "2024-01-19 01:58:16", "elapsed": 6400.806086, "delta": 0.006208}}
{"target": -13.758453573816578, "params": {"gamma": 472.56204134160595, "log10_alpha": -2.890049652256357, "log10_colsample_bytree": -0.9228192696347749, "log10_eta": -3.648801715546407, "log10_lambda": -2.345339415922508, "log10_min_child_weight": 3.7608719267078157, "log10_subsample": -0.15390637210323754, "max_depth": 8.0, "num_boost_round": 27.0}, "datetime": {"datetime": "2024-01-19 01:58:16", "elapsed": 6400.812305, "delta": 0.006219}}
{"target": -13.758451820850027, "params": {"gamma": 472.56204134160595, "log10_alpha": -2.890049652256357, "log10_colsample_bytree": -0.9228192696347749, "log10_eta": -3.648801715546407, "log10_lambda": -2.345339415922508, "log10_min_child_weight": 3.7608719267078157, "log10_subsample": -0.15390637210323754, "max_depth": 8.0, "num_boost_round": 28.0}, "datetime": {"datetime": "2024-01-19 01:58:16", "elapsed": 6400.818601, "delta": 0.006296}}
{"target": -13.758448416310362, "params": {"gamma": 472.56204134160595, "log10_alpha": -2.890049652256357, "log10_colsample_bytree": -0.9228192696347749, "log10_eta": -3.648801715546407, "log10_lambda": -2.345339415922508, "log10_min_child_weight": 3.7608719267078157, "log10_subsample": -0.15390637210323754, "max_depth": 8.0, "num_boost_round": 29.0}, "datetime": {"datetime": "2024-01-19 01:58:16", "elapsed": 6400.824794, "delta": 0.006193}}
{"target": -13.758446064032901, "params": {"gamma": 472.56204134160595, "log10_alpha": -2.890049652256357, "log10_colsample_bytree": -0.9228192696347749, "log10_eta": -3.648801715546407, "log10_lambda": -2.345339415922508, "log10_min_child_weight": 3.7608719267078157, "log10_subsample": -0.15390637210323754, "max_depth": 8.0, "num_boost_round": 30.0}, "datetime": {"datetime": "2024-01-19 01:58:16", "elapsed": 6400.830995, "delta": 0.006201}}
{"target": -13.75843892348429, "params": {"gamma": 472.56204134160595, "log10_alpha": -2.890049652256357, "log10_colsample_bytree": -0.9228192696347749, "log10_eta": -3.648801715546407, "log10_lambda": -2.345339415922508, "log10_min_child_weight": 3.7608719267078157, "log10_subsample": -0.15390637210323754, "max_depth": 8.0, "num_boost_round": 31.0}, "datetime": {"datetime": "2024-01-19 01:58:16", "elapsed": 6400.837231, "delta": 0.006236}}
{"target": -13.758433992795634, "params": {"gamma": 472.56204134160595, "log10_alpha": -2.890049652256357, "log10_colsample_bytree": -0.9228192696347749, "log10_eta": -3.648801715546407, "log10_lambda": -2.345339415922508, "log10_min_child_weight": 3.7608719267078157, "log10_subsample": -0.15390637210323754, "max_depth": 8.0, "num_boost_round": 32.0}, "datetime": {"datetime": "2024-01-19 01:58:16", "elapsed": 6400.843415, "delta": 0.006184}}
{"target": -13.758428177138525, "params": {"gamma": 472.56204134160595, "log10_alpha": -2.890049652256357, "log10_colsample_bytree": -0.9228192696347749, "log10_eta": -3.648801715546407, "log10_lambda": -2.345339415922508, "log10_min_child_weight": 3.7608719267078157, "log10_subsample": -0.15390637210323754, "max_depth": 8.0, "num_boost_round": 33.0}, "datetime": {"datetime": "2024-01-19 01:58:16", "elapsed": 6400.849621, "delta": 0.006206}}
{"target": -13.758425250452017, "params": {"gamma": 472.56204134160595, "log10_alpha": -2.890049652256357, "log10_colsample_bytree": -0.9228192696347749, "log10_eta": -3.648801715546407, "log10_lambda": -2.345339415922508, "log10_min_child_weight": 3.7608719267078157, "log10_subsample": -0.15390637210323754, "max_depth": 8.0, "num_boost_round": 34.0}, "datetime": {"datetime": "2024-01-19 01:58:16", "elapsed": 6400.855926, "delta": 0.006305}}
{"target": -13.758423003142187, "params": {"gamma": 472.56204134160595, "log10_alpha": -2.890049652256357, "log10_colsample_bytree": -0.9228192696347749, "log10_eta": -3.648801715546407, "log10_lambda": -2.345339415922508, "log10_min_child_weight": 3.7608719267078157, "log10_subsample": -0.15390637210323754, "max_depth": 8.0, "num_boost_round": 35.0}, "datetime": {"datetime": "2024-01-19 01:58:16", "elapsed": 6400.862152, "delta": 0.006226}}
{"target": -13.75842354562042, "params": {"gamma": 472.56204134160595, "log10_alpha": -2.890049652256357, "log10_colsample_bytree": -0.9228192696347749, "log10_eta": -3.648801715546407, "log10_lambda": -2.345339415922508, "log10_min_child_weight": 3.7608719267078157, "log10_subsample": -0.15390637210323754, "max_depth": 8.0, "num_boost_round": 36.0}, "datetime": {"datetime": "2024-01-19 01:58:16", "elapsed": 6400.868386, "delta": 0.006234}}
{"target": -13.758420104055446, "params": {"gamma": 472.56204134160595, "log10_alpha": -2.890049652256357, "log10_colsample_bytree": -0.9228192696347749, "log10_eta": -3.648801715546407, "log10_lambda": -2.345339415922508, "log10_min_child_weight": 3.7608719267078157, "log10_subsample": -0.15390637210323754, "max_depth": 8.0, "num_boost_round": 37.0}, "datetime": {"datetime": "2024-01-19 01:58:16", "elapsed": 6400.874626, "delta": 0.00624}}
{"target": -13.758420747514062, "params": {"gamma": 472.56204134160595, "log10_alpha": -2.890049652256357, "log10_colsample_bytree": -0.9228192696347749, "log10_eta": -3.648801715546407, "log10_lambda": -2.345339415922508, "log10_min_child_weight": 3.7608719267078157, "log10_subsample": -0.15390637210323754, "max_depth": 8.0, "num_boost_round": 38.0}, "datetime": {"datetime": "2024-01-19 01:58:16", "elapsed": 6400.880855, "delta": 0.006229}}
{"target": -13.758419218643088, "params": {"gamma": 472.56204134160595, "log10_alpha": -2.890049652256357, "log10_colsample_bytree": -0.9228192696347749, "log10_eta": -3.648801715546407, "log10_lambda": -2.345339415922508, "log10_min_child_weight": 3.7608719267078157, "log10_subsample": -0.15390637210323754, "max_depth": 8.0, "num_boost_round": 39.0}, "datetime": {"datetime": "2024-01-19 01:58:16", "elapsed": 6400.887083, "delta": 0.006228}}
{"target": -13.758417604603126, "params": {"gamma": 472.56204134160595, "log10_alpha": -2.890049652256357, "log10_colsample_bytree": -0.9228192696347749, "log10_eta": -3.648801715546407, "log10_lambda": -2.345339415922508, "log10_min_child_weight": 3.7608719267078157, "log10_subsample": -0.15390637210323754, "max_depth": 8.0, "num_boost_round": 40.0}, "datetime": {"datetime": "2024-01-19 01:58:16", "elapsed": 6400.893334, "delta": 0.006251}}
{"target": -13.75853769621955, "params": {"gamma": 477.51119735940875, "log10_alpha": 1.0, "log10_colsample_bytree": -0.6251994360814135, "log10_eta": -4.0, "log10_lambda": -5.0, "log10_min_child_weight": 5.0, "log10_subsample": -0.1609200046267265, "max_depth": 6.0, "num_boost_round": 0.0}, "datetime": {"datetime": "2024-01-19 02:00:28", "elapsed": 6532.765802, "delta": 131.872468}}
{"target": -13.758537480951507, "params": {"gamma": 477.51119735940875, "log10_alpha": 1.0, "log10_colsample_bytree": -0.6251994360814135, "log10_eta": -4.0, "log10_lambda": -5.0, "log10_min_child_weight": 5.0, "log10_subsample": -0.1609200046267265, "max_depth": 6.0, "num_boost_round": 1.0}, "datetime": {"datetime": "2024-01-19 02:00:28", "elapsed": 6532.772984, "delta": 0.007182}}
{"target": -13.758537264223005, "params": {"gamma": 477.51119735940875, "log10_alpha": 1.0, "log10_colsample_bytree": -0.6251994360814135, "log10_eta": -4.0, "log10_lambda": -5.0, "log10_min_child_weight": 5.0, "log10_subsample": -0.1609200046267265, "max_depth": 6.0, "num_boost_round": 2.0}, "datetime": {"datetime": "2024-01-19 02:00:28", "elapsed": 6532.779225, "delta": 0.006241}}
{"target": -13.758536857528002, "params": {"gamma": 477.51119735940875, "log10_alpha": 1.0, "log10_colsample_bytree": -0.6251994360814135, "log10_eta": -4.0, "log10_lambda": -5.0, "log10_min_child_weight": 5.0, "log10_subsample": -0.1609200046267265, "max_depth": 6.0, "num_boost_round": 3.0}, "datetime": {"datetime": "2024-01-19 02:00:28", "elapsed": 6532.785371, "delta": 0.006146}}
{"target": -13.758536908265045, "params": {"gamma": 477.51119735940875, "log10_alpha": 1.0, "log10_colsample_bytree": -0.6251994360814135, "log10_eta": -4.0, "log10_lambda": -5.0, "log10_min_child_weight": 5.0, "log10_subsample": -0.1609200046267265, "max_depth": 6.0, "num_boost_round": 4.0}, "datetime": {"datetime": "2024-01-19 02:00:28", "elapsed": 6532.791365, "delta": 0.005994}}
{"target": -13.75853634560021, "params": {"gamma": 477.51119735940875, "log10_alpha": 1.0, "log10_colsample_bytree": -0.6251994360814135, "log10_eta": -4.0, "log10_lambda": -5.0, "log10_min_child_weight": 5.0, "log10_subsample": -0.1609200046267265, "max_depth": 6.0, "num_boost_round": 5.0}, "datetime": {"datetime": "2024-01-19 02:00:28", "elapsed": 6532.797317, "delta": 0.005952}}
{"target": -13.75853618156471, "params": {"gamma": 477.51119735940875, "log10_alpha": 1.0, "log10_colsample_bytree": -0.6251994360814135, "log10_eta": -4.0, "log10_lambda": -5.0, "log10_min_child_weight": 5.0, "log10_subsample": -0.1609200046267265, "max_depth": 6.0, "num_boost_round": 6.0}, "datetime": {"datetime": "2024-01-19 02:00:28", "elapsed": 6532.803168, "delta": 0.005851}}
{"target": -13.758535110717608, "params": {"gamma": 477.51119735940875, "log10_alpha": 1.0, "log10_colsample_bytree": -0.6251994360814135, "log10_eta": -4.0, "log10_lambda": -5.0, "log10_min_child_weight": 5.0, "log10_subsample": -0.1609200046267265, "max_depth": 6.0, "num_boost_round": 7.0}, "datetime": {"datetime": "2024-01-19 02:00:28", "elapsed": 6532.809144, "delta": 0.005976}}
{"target": -13.758535050662678, "params": {"gamma": 477.51119735940875, "log10_alpha": 1.0, "log10_colsample_bytree": -0.6251994360814135, "log10_eta": -4.0, "log10_lambda": -5.0, "log10_min_child_weight": 5.0, "log10_subsample": -0.1609200046267265, "max_depth": 6.0, "num_boost_round": 8.0}, "datetime": {"datetime": "2024-01-19 02:00:28", "elapsed": 6532.815108, "delta": 0.005964}}
{"target": -13.75853472807537, "params": {"gamma": 477.51119735940875, "log10_alpha": 1.0, "log10_colsample_bytree": -0.6251994360814135, "log10_eta": -4.0, "log10_lambda": -5.0, "log10_min_child_weight": 5.0, "log10_subsample": -0.1609200046267265, "max_depth": 6.0, "num_boost_round": 9.0}, "datetime": {"datetime": "2024-01-19 02:00:28", "elapsed": 6532.821025, "delta": 0.005917}}
{"target": -13.7585339061131, "params": {"gamma": 477.51119735940875, "log10_alpha": 1.0, "log10_colsample_bytree": -0.6251994360814135, "log10_eta": -4.0, "log10_lambda": -5.0, "log10_min_child_weight": 5.0, "log10_subsample": -0.1609200046267265, "max_depth": 6.0, "num_boost_round": 10.0}, "datetime": {"datetime": "2024-01-19 02:00:28", "elapsed": 6532.827042, "delta": 0.006017}}
{"target": -13.758533721644692, "params": {"gamma": 477.51119735940875, "log10_alpha": 1.0, "log10_colsample_bytree": -0.6251994360814135, "log10_eta": -4.0, "log10_lambda": -5.0, "log10_min_child_weight": 5.0, "log10_subsample": -0.1609200046267265, "max_depth": 6.0, "num_boost_round": 11.0}, "datetime": {"datetime": "2024-01-19 02:00:28", "elapsed": 6532.833008, "delta": 0.005966}}
{"target": -13.758534373504185, "params": {"gamma": 477.51119735940875, "log10_alpha": 1.0, "log10_colsample_bytree": -0.6251994360814135, "log10_eta": -4.0, "log10_lambda": -5.0, "log10_min_child_weight": 5.0, "log10_subsample": -0.1609200046267265, "max_depth": 6.0, "num_boost_round": 12.0}, "datetime": {"datetime": "2024-01-19 02:00:28", "elapsed": 6532.838983, "delta": 0.005975}}
{"target": -13.758534757493722, "params": {"gamma": 477.51119735940875, "log10_alpha": 1.0, "log10_colsample_bytree": -0.6251994360814135, "log10_eta": -4.0, "log10_lambda": -5.0, "log10_min_child_weight": 5.0, "log10_subsample": -0.1609200046267265, "max_depth": 6.0, "num_boost_round": 13.0}, "datetime": {"datetime": "2024-01-19 02:00:28", "elapsed": 6532.844927, "delta": 0.005944}}
{"target": -13.758534554538365, "params": {"gamma": 477.51119735940875, "log10_alpha": 1.0, "log10_colsample_bytree": -0.6251994360814135, "log10_eta": -4.0, "log10_lambda": -5.0, "log10_min_child_weight": 5.0, "log10_subsample": -0.1609200046267265, "max_depth": 6.0, "num_boost_round": 14.0}, "datetime": {"datetime": "2024-01-19 02:00:28", "elapsed": 6532.851009, "delta": 0.006082}}
{"target": -13.758533709320536, "params": {"gamma": 477.51119735940875, "log10_alpha": 1.0, "log10_colsample_bytree": -0.6251994360814135, "log10_eta": -4.0, "log10_lambda": -5.0, "log10_min_child_weight": 5.0, "log10_subsample": -0.1609200046267265, "max_depth": 6.0, "num_boost_round": 15.0}, "datetime": {"datetime": "2024-01-19 02:00:28", "elapsed": 6532.857009, "delta": 0.006}}
{"target": -13.758533704387263, "params": {"gamma": 477.51119735940875, "log10_alpha": 1.0, "log10_colsample_bytree": -0.6251994360814135, "log10_eta": -4.0, "log10_lambda": -5.0, "log10_min_child_weight": 5.0, "log10_subsample": -0.1609200046267265, "max_depth": 6.0, "num_boost_round": 16.0}, "datetime": {"datetime": "2024-01-19 02:00:28", "elapsed": 6532.862934, "delta": 0.005925}}
{"target": -13.758534023259989, "params": {"gamma": 477.51119735940875, "log10_alpha": 1.0, "log10_colsample_bytree": -0.6251994360814135, "log10_eta": -4.0, "log10_lambda": -5.0, "log10_min_child_weight": 5.0, "log10_subsample": -0.1609200046267265, "max_depth": 6.0, "num_boost_round": 17.0}, "datetime": {"datetime": "2024-01-19 02:00:28", "elapsed": 6532.868954, "delta": 0.00602}}
{"target": -13.758533221365658, "params": {"gamma": 477.51119735940875, "log10_alpha": 1.0, "log10_colsample_bytree": -0.6251994360814135, "log10_eta": -4.0, "log10_lambda": -5.0, "log10_min_child_weight": 5.0, "log10_subsample": -0.1609200046267265, "max_depth": 6.0, "num_boost_round": 18.0}, "datetime": {"datetime": "2024-01-19 02:00:28", "elapsed": 6532.875064, "delta": 0.00611}}
{"target": -13.758532891266631, "params": {"gamma": 477.51119735940875, "log10_alpha": 1.0, "log10_colsample_bytree": -0.6251994360814135, "log10_eta": -4.0, "log10_lambda": -5.0, "log10_min_child_weight": 5.0, "log10_subsample": -0.1609200046267265, "max_depth": 6.0, "num_boost_round": 19.0}, "datetime": {"datetime": "2024-01-19 02:00:28", "elapsed": 6532.881041, "delta": 0.005977}}
{"target": -13.758532769632106, "params": {"gamma": 477.51119735940875, "log10_alpha": 1.0, "log10_colsample_bytree": -0.6251994360814135, "log10_eta": -4.0, "log10_lambda": -5.0, "log10_min_child_weight": 5.0, "log10_subsample": -0.1609200046267265, "max_depth": 6.0, "num_boost_round": 20.0}, "datetime": {"datetime": "2024-01-19 02:00:28", "elapsed": 6532.886974, "delta": 0.005933}}
{"target": -13.758532958007303, "params": {"gamma": 477.51119735940875, "log10_alpha": 1.0, "log10_colsample_bytree": -0.6251994360814135, "log10_eta": -4.0, "log10_lambda": -5.0, "log10_min_child_weight": 5.0, "log10_subsample": -0.1609200046267265, "max_depth": 6.0, "num_boost_round": 21.0}, "datetime": {"datetime": "2024-01-19 02:00:28", "elapsed": 6532.892911, "delta": 0.005937}}
{"target": -13.758531846212366, "params": {"gamma": 477.51119735940875, "log10_alpha": 1.0, "log10_colsample_bytree": -0.6251994360814135, "log10_eta": -4.0, "log10_lambda": -5.0, "log10_min_child_weight": 5.0, "log10_subsample": -0.1609200046267265, "max_depth": 6.0, "num_boost_round": 22.0}, "datetime": {"datetime": "2024-01-19 02:00:28", "elapsed": 6532.898869, "delta": 0.005958}}
{"target": -13.75853096005372, "params": {"gamma": 477.51119735940875, "log10_alpha": 1.0, "log10_colsample_bytree": -0.6251994360814135, "log10_eta": -4.0, "log10_lambda": -5.0, "log10_min_child_weight": 5.0, "log10_subsample": -0.1609200046267265, "max_depth": 6.0, "num_boost_round": 23.0}, "datetime": {"datetime": "2024-01-19 02:00:28", "elapsed": 6532.904806, "delta": 0.005937}}
{"target": -13.758530450930825, "params": {"gamma": 477.51119735940875, "log10_alpha": 1.0, "log10_colsample_bytree": -0.6251994360814135, "log10_eta": -4.0, "log10_lambda": -5.0, "log10_min_child_weight": 5.0, "log10_subsample": -0.1609200046267265, "max_depth": 6.0, "num_boost_round": 24.0}, "datetime": {"datetime": "2024-01-19 02:00:28", "elapsed": 6532.910769, "delta": 0.005963}}
{"target": -13.758530244116027, "params": {"gamma": 477.51119735940875, "log10_alpha": 1.0, "log10_colsample_bytree": -0.6251994360814135, "log10_eta": -4.0, "log10_lambda": -5.0, "log10_min_child_weight": 5.0, "log10_subsample": -0.1609200046267265, "max_depth": 6.0, "num_boost_round": 25.0}, "datetime": {"datetime": "2024-01-19 02:00:28", "elapsed": 6532.916774, "delta": 0.006005}}
{"target": -13.758530157950005, "params": {"gamma": 477.51119735940875, "log10_alpha": 1.0, "log10_colsample_bytree": -0.6251994360814135, "log10_eta": -4.0, "log10_lambda": -5.0, "log10_min_child_weight": 5.0, "log10_subsample": -0.1609200046267265, "max_depth": 6.0, "num_boost_round": 26.0}, "datetime": {"datetime": "2024-01-19 02:00:28", "elapsed": 6532.923247, "delta": 0.006473}}
{"target": -13.758529134687326, "params": {"gamma": 477.51119735940875, "log10_alpha": 1.0, "log10_colsample_bytree": -0.6251994360814135, "log10_eta": -4.0, "log10_lambda": -5.0, "log10_min_child_weight": 5.0, "log10_subsample": -0.1609200046267265, "max_depth": 6.0, "num_boost_round": 27.0}, "datetime": {"datetime": "2024-01-19 02:00:28", "elapsed": 6532.92935, "delta": 0.006103}}
{"target": -13.758528095418344, "params": {"gamma": 477.51119735940875, "log10_alpha": 1.0, "log10_colsample_bytree": -0.6251994360814135, "log10_eta": -4.0, "log10_lambda": -5.0, "log10_min_child_weight": 5.0, "log10_subsample": -0.1609200046267265, "max_depth": 6.0, "num_boost_round": 28.0}, "datetime": {"datetime": "2024-01-19 02:00:28", "elapsed": 6532.93547, "delta": 0.00612}}
{"target": -13.758527919678306, "params": {"gamma": 477.51119735940875, "log10_alpha": 1.0, "log10_colsample_bytree": -0.6251994360814135, "log10_eta": -4.0, "log10_lambda": -5.0, "log10_min_child_weight": 5.0, "log10_subsample": -0.1609200046267265, "max_depth": 6.0, "num_boost_round": 29.0}, "datetime": {"datetime": "2024-01-19 02:00:28", "elapsed": 6532.945226, "delta": 0.009756}}
{"target": -13.75852740897197, "params": {"gamma": 477.51119735940875, "log10_alpha": 1.0, "log10_colsample_bytree": -0.6251994360814135, "log10_eta": -4.0, "log10_lambda": -5.0, "log10_min_child_weight": 5.0, "log10_subsample": -0.1609200046267265, "max_depth": 6.0, "num_boost_round": 30.0}, "datetime": {"datetime": "2024-01-19 02:00:28", "elapsed": 6532.951309, "delta": 0.006083}}
