{"target": -17.67716324765799, "params": {"gamma": 10.973376146511281, "log10_alpha": -1.1511351619157804, "log10_colsample_bytree": -0.7016302027878961, "log10_eta": -3.604669949087066, "log10_lambda": -2.5338355675577633, "log10_min_child_weight": 4.3619730956603835, "log10_subsample": -0.6109222609422359, "max_depth": 8.0, "num_boost_round": 39.0}, "datetime": {"datetime": "2024-01-19 00:21:59", "elapsed": 672.774811, "delta": 0.00085}}
{"target": -17.675810994153743, "params": {"gamma": 13.718930421792287, "log10_alpha": -0.7360489699685164, "log10_colsample_bytree": -0.10509780088081477, "log10_eta": -1.6688996753655458, "log10_lambda": -3.538682590214102, "log10_min_child_weight": 1.9023209544571607, "log10_subsample": -0.8189528964464877, "max_depth": 7.0, "num_boost_round": 0.0}, "datetime": {"datetime": "2024-01-19 00:22:33", "elapsed": 707.115989, "delta": 34.341178}}
{"target": -17.67521506379874, "params": {"gamma": 13.718930421792287, "log10_alpha": -0.7360489699685164, "log10_colsample_bytree": -0.10509780088081477, "log10_eta": -1.6688996753655458, "log10_lambda": -3.538682590214102, "log10_min_child_weight": 1.9023209544571607, "log10_subsample": -0.8189528964464877, "max_depth": 7.0, "num_boost_round": 1.0}, "datetime": {"datetime": "2024-01-19 00:22:33", "elapsed": 707.118106, "delta": 0.002117}}
{"target": -17.67547786945574, "params": {"gamma": 13.718930421792287, "log10_alpha": -0.7360489699685164, "log10_colsample_bytree": -0.10509780088081477, "log10_eta": -1.6688996753655458, "log10_lambda": -3.538682590214102, "log10_min_child_weight": 1.9023209544571607, "log10_subsample": -0.8189528964464877, "max_depth": 7.0, "num_boost_round": 2.0}, "datetime": {"datetime": "2024-01-19 00:22:33", "elapsed": 707.12299, "delta": 0.004884}}
{"target": -17.67399370167476, "params": {"gamma": 13.718930421792287, "log10_alpha": -0.7360489699685164, "log10_colsample_bytree": -0.10509780088081477, "log10_eta": -1.6688996753655458, "log10_lambda": -3.538682590214102, "log10_min_child_weight": 1.9023209544571607, "log10_subsample": -0.8189528964464877, "max_depth": 7.0, "num_boost_round": 3.0}, "datetime": {"datetime": "2024-01-19 00:22:33", "elapsed": 707.123958, "delta": 0.000968}}
{"target": -17.67435138245518, "params": {"gamma": 13.718930421792287, "log10_alpha": -0.7360489699685164, "log10_colsample_bytree": -0.10509780088081477, "log10_eta": -1.6688996753655458, "log10_lambda": -3.538682590214102, "log10_min_child_weight": 1.9023209544571607, "log10_subsample": -0.8189528964464877, "max_depth": 7.0, "num_boost_round": 4.0}, "datetime": {"datetime": "2024-01-19 00:22:33", "elapsed": 707.124882, "delta": 0.000924}}
{"target": -17.674117199669855, "params": {"gamma": 13.718930421792287, "log10_alpha": -0.7360489699685164, "log10_colsample_bytree": -0.10509780088081477, "log10_eta": -1.6688996753655458, "log10_lambda": -3.538682590214102, "log10_min_child_weight": 1.9023209544571607, "log10_subsample": -0.8189528964464877, "max_depth": 7.0, "num_boost_round": 5.0}, "datetime": {"datetime": "2024-01-19 00:22:33", "elapsed": 707.125902, "delta": 0.00102}}
{"target": -17.674163575742675, "params": {"gamma": 13.718930421792287, "log10_alpha": -0.7360489699685164, "log10_colsample_bytree": -0.10509780088081477, "log10_eta": -1.6688996753655458, "log10_lambda": -3.538682590214102, "log10_min_child_weight": 1.9023209544571607, "log10_subsample": -0.8189528964464877, "max_depth": 7.0, "num_boost_round": 6.0}, "datetime": {"datetime": "2024-01-19 00:22:33", "elapsed": 707.12682, "delta": 0.000918}}
{"target": -17.673539896842275, "params": {"gamma": 13.718930421792287, "log10_alpha": -0.7360489699685164, "log10_colsample_bytree": -0.10509780088081477, "log10_eta": -1.6688996753655458, "log10_lambda": -3.538682590214102, "log10_min_child_weight": 1.9023209544571607, "log10_subsample": -0.8189528964464877, "max_depth": 7.0, "num_boost_round": 7.0}, "datetime": {"datetime": "2024-01-19 00:22:33", "elapsed": 707.127751, "delta": 0.000931}}
{"target": -17.67447921529721, "params": {"gamma": 13.718930421792287, "log10_alpha": -0.7360489699685164, "log10_colsample_bytree": -0.10509780088081477, "log10_eta": -1.6688996753655458, "log10_lambda": -3.538682590214102, "log10_min_child_weight": 1.9023209544571607, "log10_subsample": -0.8189528964464877, "max_depth": 7.0, "num_boost_round": 8.0}, "datetime": {"datetime": "2024-01-19 00:22:33", "elapsed": 707.128637, "delta": 0.000886}}
{"target": -17.675599737978263, "params": {"gamma": 13.718930421792287, "log10_alpha": -0.7360489699685164, "log10_colsample_bytree": -0.10509780088081477, "log10_eta": -1.6688996753655458, "log10_lambda": -3.538682590214102, "log10_min_child_weight": 1.9023209544571607, "log10_subsample": -0.8189528964464877, "max_depth": 7.0, "num_boost_round": 9.0}, "datetime": {"datetime": "2024-01-19 00:22:33", "elapsed": 707.129535, "delta": 0.000898}}
{"target": -17.67835436105641, "params": {"gamma": 13.718930421792287, "log10_alpha": -0.7360489699685164, "log10_colsample_bytree": -0.10509780088081477, "log10_eta": -1.6688996753655458, "log10_lambda": -3.538682590214102, "log10_min_child_weight": 1.9023209544571607, "log10_subsample": -0.8189528964464877, "max_depth": 7.0, "num_boost_round": 10.0}, "datetime": {"datetime": "2024-01-19 00:22:33", "elapsed": 707.13042, "delta": 0.000885}}
{"target": -17.679943420272775, "params": {"gamma": 13.718930421792287, "log10_alpha": -0.7360489699685164, "log10_colsample_bytree": -0.10509780088081477, "log10_eta": -1.6688996753655458, "log10_lambda": -3.538682590214102, "log10_min_child_weight": 1.9023209544571607, "log10_subsample": -0.8189528964464877, "max_depth": 7.0, "num_boost_round": 11.0}, "datetime": {"datetime": "2024-01-19 00:22:33", "elapsed": 707.131429, "delta": 0.001009}}
{"target": -17.680303296879053, "params": {"gamma": 13.718930421792287, "log10_alpha": -0.7360489699685164, "log10_colsample_bytree": -0.10509780088081477, "log10_eta": -1.6688996753655458, "log10_lambda": -3.538682590214102, "log10_min_child_weight": 1.9023209544571607, "log10_subsample": -0.8189528964464877, "max_depth": 7.0, "num_boost_round": 12.0}, "datetime": {"datetime": "2024-01-19 00:22:33", "elapsed": 707.132396, "delta": 0.000967}}
{"target": -17.682480421054898, "params": {"gamma": 13.718930421792287, "log10_alpha": -0.7360489699685164, "log10_colsample_bytree": -0.10509780088081477, "log10_eta": -1.6688996753655458, "log10_lambda": -3.538682590214102, "log10_min_child_weight": 1.9023209544571607, "log10_subsample": -0.8189528964464877, "max_depth": 7.0, "num_boost_round": 13.0}, "datetime": {"datetime": "2024-01-19 00:22:33", "elapsed": 707.133324, "delta": 0.000928}}
{"target": -17.683978867901843, "params": {"gamma": 13.718930421792287, "log10_alpha": -0.7360489699685164, "log10_colsample_bytree": -0.10509780088081477, "log10_eta": -1.6688996753655458, "log10_lambda": -3.538682590214102, "log10_min_child_weight": 1.9023209544571607, "log10_subsample": -0.8189528964464877, "max_depth": 7.0, "num_boost_round": 14.0}, "datetime": {"datetime": "2024-01-19 00:22:33", "elapsed": 707.134238, "delta": 0.000914}}
{"target": -17.68519974631451, "params": {"gamma": 13.718930421792287, "log10_alpha": -0.7360489699685164, "log10_colsample_bytree": -0.10509780088081477, "log10_eta": -1.6688996753655458, "log10_lambda": -3.538682590214102, "log10_min_child_weight": 1.9023209544571607, "log10_subsample": -0.8189528964464877, "max_depth": 7.0, "num_boost_round": 15.0}, "datetime": {"datetime": "2024-01-19 00:22:33", "elapsed": 707.135125, "delta": 0.000887}}
{"target": -17.685608547665577, "params": {"gamma": 13.718930421792287, "log10_alpha": -0.7360489699685164, "log10_colsample_bytree": -0.10509780088081477, "log10_eta": -1.6688996753655458, "log10_lambda": -3.538682590214102, "log10_min_child_weight": 1.9023209544571607, "log10_subsample": -0.8189528964464877, "max_depth": 7.0, "num_boost_round": 16.0}, "datetime": {"datetime": "2024-01-19 00:22:33", "elapsed": 707.136075, "delta": 0.00095}}
{"target": -17.686543434110558, "params": {"gamma": 13.718930421792287, "log10_alpha": -0.7360489699685164, "log10_colsample_bytree": -0.10509780088081477, "log10_eta": -1.6688996753655458, "log10_lambda": -3.538682590214102, "log10_min_child_weight": 1.9023209544571607, "log10_subsample": -0.8189528964464877, "max_depth": 7.0, "num_boost_round": 17.0}, "datetime": {"datetime": "2024-01-19 00:22:33", "elapsed": 707.136989, "delta": 0.000914}}
{"target": -17.687697537336817, "params": {"gamma": 13.718930421792287, "log10_alpha": -0.7360489699685164, "log10_colsample_bytree": -0.10509780088081477, "log10_eta": -1.6688996753655458, "log10_lambda": -3.538682590214102, "log10_min_child_weight": 1.9023209544571607, "log10_subsample": -0.8189528964464877, "max_depth": 7.0, "num_boost_round": 18.0}, "datetime": {"datetime": "2024-01-19 00:22:33", "elapsed": 707.13791, "delta": 0.000921}}
{"target": -17.689861315173445, "params": {"gamma": 13.718930421792287, "log10_alpha": -0.7360489699685164, "log10_colsample_bytree": -0.10509780088081477, "log10_eta": -1.6688996753655458, "log10_lambda": -3.538682590214102, "log10_min_child_weight": 1.9023209544571607, "log10_subsample": -0.8189528964464877, "max_depth": 7.0, "num_boost_round": 19.0}, "datetime": {"datetime": "2024-01-19 00:22:33", "elapsed": 707.138817, "delta": 0.000907}}
{"target": -17.69073903841898, "params": {"gamma": 13.718930421792287, "log10_alpha": -0.7360489699685164, "log10_colsample_bytree": -0.10509780088081477, "log10_eta": -1.6688996753655458, "log10_lambda": -3.538682590214102, "log10_min_child_weight": 1.9023209544571607, "log10_subsample": -0.8189528964464877, "max_depth": 7.0, "num_boost_round": 20.0}, "datetime": {"datetime": "2024-01-19 00:22:33", "elapsed": 707.139714, "delta": 0.000897}}
{"target": -17.69209596160144, "params": {"gamma": 13.718930421792287, "log10_alpha": -0.7360489699685164, "log10_colsample_bytree": -0.10509780088081477, "log10_eta": -1.6688996753655458, "log10_lambda": -3.538682590214102, "log10_min_child_weight": 1.9023209544571607, "log10_subsample": -0.8189528964464877, "max_depth": 7.0, "num_boost_round": 21.0}, "datetime": {"datetime": "2024-01-19 00:22:33", "elapsed": 707.140606, "delta": 0.000892}}
{"target": -17.692587196245523, "params": {"gamma": 13.718930421792287, "log10_alpha": -0.7360489699685164, "log10_colsample_bytree": -0.10509780088081477, "log10_eta": -1.6688996753655458, "log10_lambda": -3.538682590214102, "log10_min_child_weight": 1.9023209544571607, "log10_subsample": -0.8189528964464877, "max_depth": 7.0, "num_boost_round": 22.0}, "datetime": {"datetime": "2024-01-19 00:22:33", "elapsed": 707.141521, "delta": 0.000915}}
{"target": -17.693407355905638, "params": {"gamma": 13.718930421792287, "log10_alpha": -0.7360489699685164, "log10_colsample_bytree": -0.10509780088081477, "log10_eta": -1.6688996753655458, "log10_lambda": -3.538682590214102, "log10_min_child_weight": 1.9023209544571607, "log10_subsample": -0.8189528964464877, "max_depth": 7.0, "num_boost_round": 23.0}, "datetime": {"datetime": "2024-01-19 00:22:33", "elapsed": 707.142424, "delta": 0.000903}}
{"target": -17.694829930944636, "params": {"gamma": 13.718930421792287, "log10_alpha": -0.7360489699685164, "log10_colsample_bytree": -0.10509780088081477, "log10_eta": -1.6688996753655458, "log10_lambda": -3.538682590214102, "log10_min_child_weight": 1.9023209544571607, "log10_subsample": -0.8189528964464877, "max_depth": 7.0, "num_boost_round": 24.0}, "datetime": {"datetime": "2024-01-19 00:22:33", "elapsed": 707.143316, "delta": 0.000892}}
{"target": -17.695060094416068, "params": {"gamma": 13.718930421792287, "log10_alpha": -0.7360489699685164, "log10_colsample_bytree": -0.10509780088081477, "log10_eta": -1.6688996753655458, "log10_lambda": -3.538682590214102, "log10_min_child_weight": 1.9023209544571607, "log10_subsample": -0.8189528964464877, "max_depth": 7.0, "num_boost_round": 25.0}, "datetime": {"datetime": "2024-01-19 00:22:33", "elapsed": 707.144237, "delta": 0.000921}}
{"target": -17.69769252393959, "params": {"gamma": 13.718930421792287, "log10_alpha": -0.7360489699685164, "log10_colsample_bytree": -0.10509780088081477, "log10_eta": -1.6688996753655458, "log10_lambda": -3.538682590214102, "log10_min_child_weight": 1.9023209544571607, "log10_subsample": -0.8189528964464877, "max_depth": 7.0, "num_boost_round": 26.0}, "datetime": {"datetime": "2024-01-19 00:22:33", "elapsed": 707.145147, "delta": 0.00091}}
{"target": -17.697886603611085, "params": {"gamma": 13.718930421792287, "log10_alpha": -0.7360489699685164, "log10_colsample_bytree": -0.10509780088081477, "log10_eta": -1.6688996753655458, "log10_lambda": -3.538682590214102, "log10_min_child_weight": 1.9023209544571607, "log10_subsample": -0.8189528964464877, "max_depth": 7.0, "num_boost_round": 27.0}, "datetime": {"datetime": "2024-01-19 00:22:33", "elapsed": 707.146164, "delta": 0.001017}}
{"target": -17.697633264383878, "params": {"gamma": 13.718930421792287, "log10_alpha": -0.7360489699685164, "log10_colsample_bytree": -0.10509780088081477, "log10_eta": -1.6688996753655458, "log10_lambda": -3.538682590214102, "log10_min_child_weight": 1.9023209544571607, "log10_subsample": -0.8189528964464877, "max_depth": 7.0, "num_boost_round": 28.0}, "datetime": {"datetime": "2024-01-19 00:22:33", "elapsed": 707.147073, "delta": 0.000909}}
{"target": -17.69711328126029, "params": {"gamma": 13.718930421792287, "log10_alpha": -0.7360489699685164, "log10_colsample_bytree": -0.10509780088081477, "log10_eta": -1.6688996753655458, "log10_lambda": -3.538682590214102, "log10_min_child_weight": 1.9023209544571607, "log10_subsample": -0.8189528964464877, "max_depth": 7.0, "num_boost_round": 29.0}, "datetime": {"datetime": "2024-01-19 00:22:33", "elapsed": 707.147978, "delta": 0.000905}}
{"target": -17.698626227673262, "params": {"gamma": 13.718930421792287, "log10_alpha": -0.7360489699685164, "log10_colsample_bytree": -0.10509780088081477, "log10_eta": -1.6688996753655458, "log10_lambda": -3.538682590214102, "log10_min_child_weight": 1.9023209544571607, "log10_subsample": -0.8189528964464877, "max_depth": 7.0, "num_boost_round": 30.0}, "datetime": {"datetime": "2024-01-19 00:22:33", "elapsed": 707.148883, "delta": 0.000905}}
{"target": -17.700266146465953, "params": {"gamma": 13.718930421792287, "log10_alpha": -0.7360489699685164, "log10_colsample_bytree": -0.10509780088081477, "log10_eta": -1.6688996753655458, "log10_lambda": -3.538682590214102, "log10_min_child_weight": 1.9023209544571607, "log10_subsample": -0.8189528964464877, "max_depth": 7.0, "num_boost_round": 31.0}, "datetime": {"datetime": "2024-01-19 00:22:33", "elapsed": 707.149824, "delta": 0.000941}}
{"target": -17.67722317409978, "params": {"gamma": 11.92978131884106, "log10_alpha": 1.0, "log10_colsample_bytree": -0.7805431160215014, "log10_eta": -4.0, "log10_lambda": -2.9401188306854737, "log10_min_child_weight": 1.9270924111226897, "log10_subsample": -0.7398935724463297, "max_depth": 10.0, "num_boost_round": 0.0}, "datetime": {"datetime": "2024-01-19 00:23:15", "elapsed": 749.343263, "delta": 42.193439}}
{"target": -17.677220156359724, "params": {"gamma": 11.92978131884106, "log10_alpha": 1.0, "log10_colsample_bytree": -0.7805431160215014, "log10_eta": -4.0, "log10_lambda": -2.9401188306854737, "log10_min_child_weight": 1.9270924111226897, "log10_subsample": -0.7398935724463297, "max_depth": 10.0, "num_boost_round": 1.0}, "datetime": {"datetime": "2024-01-19 00:23:15", "elapsed": 749.344879, "delta": 0.001616}}
{"target": -17.67721770179972, "params": {"gamma": 11.92978131884106, "log10_alpha": 1.0, "log10_colsample_bytree": -0.7805431160215014, "log10_eta": -4.0, "log10_lambda": -2.9401188306854737, "log10_min_child_weight": 1.9270924111226897, "log10_subsample": -0.7398935724463297, "max_depth": 10.0, "num_boost_round": 2.0}, "datetime": {"datetime": "2024-01-19 00:23:15", "elapsed": 749.34626, "delta": 0.001381}}
{"target": -17.67721760553496, "params": {"gamma": 11.92978131884106, "log10_alpha": 1.0, "log10_colsample_bytree": -0.7805431160215014, "log10_eta": -4.0, "log10_lambda": -2.9401188306854737, "log10_min_child_weight": 1.9270924111226897, "log10_subsample": -0.7398935724463297, "max_depth": 10.0, "num_boost_round": 3.0}, "datetime": {"datetime": "2024-01-19 00:23:15", "elapsed": 749.347348, "delta": 0.001088}}
{"target": -17.67721009030677, "params": {"gamma": 11.92978131884106, "log10_alpha": 1.0, "log10_colsample_bytree": -0.7805431160215014, "log10_eta": -4.0, "log10_lambda": -2.9401188306854737, "log10_min_child_weight": 1.9270924111226897, "log10_subsample": -0.7398935724463297, "max_depth": 10.0, "num_boost_round": 4.0}, "datetime": {"datetime": "2024-01-19 00:23:15", "elapsed": 749.348305, "delta": 0.000957}}
{"target": -17.677208307202505, "params": {"gamma": 11.92978131884106, "log10_alpha": 1.0, "log10_colsample_bytree": -0.7805431160215014, "log10_eta": -4.0, "log10_lambda": -2.9401188306854737, "log10_min_child_weight": 1.9270924111226897, "log10_subsample": -0.7398935724463297, "max_depth": 10.0, "num_boost_round": 5.0}, "datetime": {"datetime": "2024-01-19 00:23:15", "elapsed": 749.349263, "delta": 0.000958}}
{"target": -17.677209929218638, "params": {"gamma": 11.92978131884106, "log10_alpha": 1.0, "log10_colsample_bytree": -0.7805431160215014, "log10_eta": -4.0, "log10_lambda": -2.9401188306854737, "log10_min_child_weight": 1.9270924111226897, "log10_subsample": -0.7398935724463297, "max_depth": 10.0, "num_boost_round": 6.0}, "datetime": {"datetime": "2024-01-19 00:23:15", "elapsed": 749.350215, "delta": 0.000952}}
{"target": -17.67719829213898, "params": {"gamma": 11.92978131884106, "log10_alpha": 1.0, "log10_colsample_bytree": -0.7805431160215014, "log10_eta": -4.0, "log10_lambda": -2.9401188306854737, "log10_min_child_weight": 1.9270924111226897, "log10_subsample": -0.7398935724463297, "max_depth": 10.0, "num_boost_round": 7.0}, "datetime": {"datetime": "2024-01-19 00:23:15", "elapsed": 749.351159, "delta": 0.000944}}
{"target": -17.67719568945703, "params": {"gamma": 11.92978131884106, "log10_alpha": 1.0, "log10_colsample_bytree": -0.7805431160215014, "log10_eta": -4.0, "log10_lambda": -2.9401188306854737, "log10_min_child_weight": 1.9270924111226897, "log10_subsample": -0.7398935724463297, "max_depth": 10.0, "num_boost_round": 8.0}, "datetime": {"datetime": "2024-01-19 00:23:15", "elapsed": 749.352168, "delta": 0.001009}}
{"target": -17.67719422100024, "params": {"gamma": 11.92978131884106, "log10_alpha": 1.0, "log10_colsample_bytree": -0.7805431160215014, "log10_eta": -4.0, "log10_lambda": -2.9401188306854737, "log10_min_child_weight": 1.9270924111226897, "log10_subsample": -0.7398935724463297, "max_depth": 10.0, "num_boost_round": 9.0}, "datetime": {"datetime": "2024-01-19 00:23:15", "elapsed": 749.353121, "delta": 0.000953}}
{"target": -17.677193359695227, "params": {"gamma": 11.92978131884106, "log10_alpha": 1.0, "log10_colsample_bytree": -0.7805431160215014, "log10_eta": -4.0, "log10_lambda": -2.9401188306854737, "log10_min_child_weight": 1.9270924111226897, "log10_subsample": -0.7398935724463297, "max_depth": 10.0, "num_boost_round": 10.0}, "datetime": {"datetime": "2024-01-19 00:23:15", "elapsed": 749.354068, "delta": 0.000947}}
{"target": -17.677193301762685, "params": {"gamma": 11.92978131884106, "log10_alpha": 1.0, "log10_colsample_bytree": -0.7805431160215014, "log10_eta": -4.0, "log10_lambda": -2.9401188306854737, "log10_min_child_weight": 1.9270924111226897, "log10_subsample": -0.7398935724463297, "max_depth": 10.0, "num_boost_round": 11.0}, "datetime": {"datetime": "2024-01-19 00:23:15", "elapsed": 749.355001, "delta": 0.000933}}
{"target": -17.677194961388746, "params": {"gamma": 11.92978131884106, "log10_alpha": 1.0, "log10_colsample_bytree": -0.7805431160215014, "log10_eta": -4.0, "log10_lambda": -2.9401188306854737, "log10_min_child_weight": 1.9270924111226897, "log10_subsample": -0.7398935724463297, "max_depth": 10.0, "num_boost_round": 12.0}, "datetime": {"datetime": "2024-01-19 00:23:15", "elapsed": 749.355991, "delta": 0.00099}}
{"target": -17.677189061752156, "params": {"gamma": 11.92978131884106, "log10_alpha": 1.0, "log10_colsample_bytree": -0.7805431160215014, "log10_eta": -4.0, "log10_lambda": -2.9401188306854737, "log10_min_child_weight": 1.9270924111226897, "log10_subsample": -0.7398935724463297, "max_depth": 10.0, "num_boost_round": 13.0}, "datetime": {"datetime": "2024-01-19 00:23:15", "elapsed": 749.356969, "delta": 0.000978}}
{"target": -17.677191032948727, "params": {"gamma": 11.92978131884106, "log10_alpha": 1.0, "log10_colsample_bytree": -0.7805431160215014, "log10_eta": -4.0, "log10_lambda": -2.9401188306854737, "log10_min_child_weight": 1.9270924111226897, "log10_subsample": -0.7398935724463297, "max_depth": 10.0, "num_boost_round": 14.0}, "datetime": {"datetime": "2024-01-19 00:23:15", "elapsed": 749.357922, "delta": 0.000953}}
{"target": -17.677184620655428, "params": {"gamma": 11.92978131884106, "log10_alpha": 1.0, "log10_colsample_bytree": -0.7805431160215014, "log10_eta": -4.0, "log10_lambda": -2.9401188306854737, "log10_min_child_weight": 1.9270924111226897, "log10_subsample": -0.7398935724463297, "max_depth": 10.0, "num_boost_round": 15.0}, "datetime": {"datetime": "2024-01-19 00:23:15", "elapsed": 749.358881, "delta": 0.000959}}
{"target": -17.67718015571808, "params": {"gamma": 11.92978131884106, "log10_alpha": 1.0, "log10_colsample_bytree": -0.7805431160215014, "log10_eta": -4.0, "log10_lambda": -2.9401188306854737, "log10_min_child_weight": 1.9270924111226897, "log10_subsample": -0.7398935724463297, "max_depth": 10.0, "num_boost_round": 16.0}, "datetime": {"datetime": "2024-01-19 00:23:15", "elapsed": 749.359837, "delta": 0.000956}}
