{"target": -17.67360793132133, "params": {"gamma": 65.35677833898346, "log10_alpha": -3.2568330731358768, "log10_colsample_bytree": -0.4958891038873079, "log10_eta": -0.29862657305942086, "log10_lambda": 0.4374567858778917, "log10_min_child_weight": 0.020508699082650295, "log10_subsample": -0.5165499533903357, "max_depth": 2.0, "num_boost_round": 4.0}, "datetime": {"datetime": "2024-01-19 00:14:43", "elapsed": 190.785757, "delta": 0.000423}}
{"target": -17.684597459856292, "params": {"gamma": 65.35677833898346, "log10_alpha": -3.2568330731358768, "log10_colsample_bytree": -0.4958891038873079, "log10_eta": -0.29862657305942086, "log10_lambda": 0.4374567858778917, "log10_min_child_weight": 0.020508699082650295, "log10_subsample": -0.5165499533903357, "max_depth": 2.0, "num_boost_round": 5.0}, "datetime": {"datetime": "2024-01-19 00:14:43", "elapsed": 190.786187, "delta": 0.00043}}
{"target": -17.702050820835225, "params": {"gamma": 65.35677833898346, "log10_alpha": -3.2568330731358768, "log10_colsample_bytree": -0.4958891038873079, "log10_eta": -0.29862657305942086, "log10_lambda": 0.4374567858778917, "log10_min_child_weight": 0.020508699082650295, "log10_subsample": -0.5165499533903357, "max_depth": 2.0, "num_boost_round": 6.0}, "datetime": {"datetime": "2024-01-19 00:14:43", "elapsed": 190.786618, "delta": 0.000431}}
{"target": -17.71021012764427, "params": {"gamma": 65.35677833898346, "log10_alpha": -3.2568330731358768, "log10_colsample_bytree": -0.4958891038873079, "log10_eta": -0.29862657305942086, "log10_lambda": 0.4374567858778917, "log10_min_child_weight": 0.020508699082650295, "log10_subsample": -0.5165499533903357, "max_depth": 2.0, "num_boost_round": 7.0}, "datetime": {"datetime": "2024-01-19 00:14:43", "elapsed": 190.787275, "delta": 0.000657}}
{"target": -17.71211691489092, "params": {"gamma": 65.35677833898346, "log10_alpha": -3.2568330731358768, "log10_colsample_bytree": -0.4958891038873079, "log10_eta": -0.29862657305942086, "log10_lambda": 0.4374567858778917, "log10_min_child_weight": 0.020508699082650295, "log10_subsample": -0.5165499533903357, "max_depth": 2.0, "num_boost_round": 8.0}, "datetime": {"datetime": "2024-01-19 00:14:43", "elapsed": 190.78772, "delta": 0.000445}}
{"target": -17.716255916307446, "params": {"gamma": 65.35677833898346, "log10_alpha": -3.2568330731358768, "log10_colsample_bytree": -0.4958891038873079, "log10_eta": -0.29862657305942086, "log10_lambda": 0.4374567858778917, "log10_min_child_weight": 0.020508699082650295, "log10_subsample": -0.5165499533903357, "max_depth": 2.0, "num_boost_round": 9.0}, "datetime": {"datetime": "2024-01-19 00:14:43", "elapsed": 190.788158, "delta": 0.000438}}
{"target": -17.724302480134465, "params": {"gamma": 65.35677833898346, "log10_alpha": -3.2568330731358768, "log10_colsample_bytree": -0.4958891038873079, "log10_eta": -0.29862657305942086, "log10_lambda": 0.4374567858778917, "log10_min_child_weight": 0.020508699082650295, "log10_subsample": -0.5165499533903357, "max_depth": 2.0, "num_boost_round": 10.0}, "datetime": {"datetime": "2024-01-19 00:14:43", "elapsed": 190.788685, "delta": 0.000527}}
{"target": -17.734708654956748, "params": {"gamma": 65.35677833898346, "log10_alpha": -3.2568330731358768, "log10_colsample_bytree": -0.4958891038873079, "log10_eta": -0.29862657305942086, "log10_lambda": 0.4374567858778917, "log10_min_child_weight": 0.020508699082650295, "log10_subsample": -0.5165499533903357, "max_depth": 2.0, "num_boost_round": 11.0}, "datetime": {"datetime": "2024-01-19 00:14:43", "elapsed": 190.78912, "delta": 0.000435}}
{"target": -17.7423481801899, "params": {"gamma": 65.35677833898346, "log10_alpha": -3.2568330731358768, "log10_colsample_bytree": -0.4958891038873079, "log10_eta": -0.29862657305942086, "log10_lambda": 0.4374567858778917, "log10_min_child_weight": 0.020508699082650295, "log10_subsample": -0.5165499533903357, "max_depth": 2.0, "num_boost_round": 12.0}, "datetime": {"datetime": "2024-01-19 00:14:43", "elapsed": 190.789548, "delta": 0.000428}}
{"target": -17.86527868432228, "params": {"gamma": 65.35677833898346, "log10_alpha": -3.2568330731358768, "log10_colsample_bytree": -0.4958891038873079, "log10_eta": -0.29862657305942086, "log10_lambda": 0.4374567858778917, "log10_min_child_weight": 0.020508699082650295, "log10_subsample": -0.5165499533903357, "max_depth": 2.0, "num_boost_round": 13.0}, "datetime": {"datetime": "2024-01-19 00:14:43", "elapsed": 190.789986, "delta": 0.000438}}
{"target": -17.874755591663835, "params": {"gamma": 65.35677833898346, "log10_alpha": -3.2568330731358768, "log10_colsample_bytree": -0.4958891038873079, "log10_eta": -0.29862657305942086, "log10_lambda": 0.4374567858778917, "log10_min_child_weight": 0.020508699082650295, "log10_subsample": -0.5165499533903357, "max_depth": 2.0, "num_boost_round": 14.0}, "datetime": {"datetime": "2024-01-19 00:14:43", "elapsed": 190.790423, "delta": 0.000437}}
{"target": -17.677197320277042, "params": {"gamma": 74.2510943466853, "log10_alpha": 0.27812627136351864, "log10_colsample_bytree": -0.5129940667345142, "log10_eta": -2.292775636583144, "log10_lambda": 0.7368954339253158, "log10_min_child_weight": 1.3488889790840912, "log10_subsample": -0.6784414584707024, "max_depth": 4.0, "num_boost_round": 0.0}, "datetime": {"datetime": "2024-01-19 00:15:03", "elapsed": 211.177615, "delta": 20.387192}}
{"target": -17.676916511975715, "params": {"gamma": 74.2510943466853, "log10_alpha": 0.27812627136351864, "log10_colsample_bytree": -0.5129940667345142, "log10_eta": -2.292775636583144, "log10_lambda": 0.7368954339253158, "log10_min_child_weight": 1.3488889790840912, "log10_subsample": -0.6784414584707024, "max_depth": 4.0, "num_boost_round": 1.0}, "datetime": {"datetime": "2024-01-19 00:15:03", "elapsed": 211.178292, "delta": 0.000677}}
{"target": -17.676750373346046, "params": {"gamma": 74.2510943466853, "log10_alpha": 0.27812627136351864, "log10_colsample_bytree": -0.5129940667345142, "log10_eta": -2.292775636583144, "log10_lambda": 0.7368954339253158, "log10_min_child_weight": 1.3488889790840912, "log10_subsample": -0.6784414584707024, "max_depth": 4.0, "num_boost_round": 2.0}, "datetime": {"datetime": "2024-01-19 00:15:03", "elapsed": 211.178765, "delta": 0.000473}}
{"target": -17.676736435312453, "params": {"gamma": 74.2510943466853, "log10_alpha": 0.27812627136351864, "log10_colsample_bytree": -0.5129940667345142, "log10_eta": -2.292775636583144, "log10_lambda": 0.7368954339253158, "log10_min_child_weight": 1.3488889790840912, "log10_subsample": -0.6784414584707024, "max_depth": 4.0, "num_boost_round": 3.0}, "datetime": {"datetime": "2024-01-19 00:15:03", "elapsed": 211.179225, "delta": 0.00046}}
{"target": -17.676700609769146, "params": {"gamma": 74.2510943466853, "log10_alpha": 0.27812627136351864, "log10_colsample_bytree": -0.5129940667345142, "log10_eta": -2.292775636583144, "log10_lambda": 0.7368954339253158, "log10_min_child_weight": 1.3488889790840912, "log10_subsample": -0.6784414584707024, "max_depth": 4.0, "num_boost_round": 4.0}, "datetime": {"datetime": "2024-01-19 00:15:03", "elapsed": 211.180123, "delta": 0.000898}}
{"target": -17.67649451483352, "params": {"gamma": 74.2510943466853, "log10_alpha": 0.27812627136351864, "log10_colsample_bytree": -0.5129940667345142, "log10_eta": -2.292775636583144, "log10_lambda": 0.7368954339253158, "log10_min_child_weight": 1.3488889790840912, "log10_subsample": -0.6784414584707024, "max_depth": 4.0, "num_boost_round": 5.0}, "datetime": {"datetime": "2024-01-19 00:15:03", "elapsed": 211.180689, "delta": 0.000566}}
{"target": -17.676258702860423, "params": {"gamma": 74.2510943466853, "log10_alpha": 0.27812627136351864, "log10_colsample_bytree": -0.5129940667345142, "log10_eta": -2.292775636583144, "log10_lambda": 0.7368954339253158, "log10_min_child_weight": 1.3488889790840912, "log10_subsample": -0.6784414584707024, "max_depth": 4.0, "num_boost_round": 6.0}, "datetime": {"datetime": "2024-01-19 00:15:03", "elapsed": 211.181156, "delta": 0.000467}}
{"target": -17.67608160310877, "params": {"gamma": 74.2510943466853, "log10_alpha": 0.27812627136351864, "log10_colsample_bytree": -0.5129940667345142, "log10_eta": -2.292775636583144, "log10_lambda": 0.7368954339253158, "log10_min_child_weight": 1.3488889790840912, "log10_subsample": -0.6784414584707024, "max_depth": 4.0, "num_boost_round": 7.0}, "datetime": {"datetime": "2024-01-19 00:15:03", "elapsed": 211.181608, "delta": 0.000452}}
{"target": -17.676096345031482, "params": {"gamma": 74.2510943466853, "log10_alpha": 0.27812627136351864, "log10_colsample_bytree": -0.5129940667345142, "log10_eta": -2.292775636583144, "log10_lambda": 0.7368954339253158, "log10_min_child_weight": 1.3488889790840912, "log10_subsample": -0.6784414584707024, "max_depth": 4.0, "num_boost_round": 8.0}, "datetime": {"datetime": "2024-01-19 00:15:03", "elapsed": 211.182073, "delta": 0.000465}}
{"target": -17.67597592710056, "params": {"gamma": 74.2510943466853, "log10_alpha": 0.27812627136351864, "log10_colsample_bytree": -0.5129940667345142, "log10_eta": -2.292775636583144, "log10_lambda": 0.7368954339253158, "log10_min_child_weight": 1.3488889790840912, "log10_subsample": -0.6784414584707024, "max_depth": 4.0, "num_boost_round": 9.0}, "datetime": {"datetime": "2024-01-19 00:15:03", "elapsed": 211.182525, "delta": 0.000452}}
{"target": -17.675640288025743, "params": {"gamma": 74.2510943466853, "log10_alpha": 0.27812627136351864, "log10_colsample_bytree": -0.5129940667345142, "log10_eta": -2.292775636583144, "log10_lambda": 0.7368954339253158, "log10_min_child_weight": 1.3488889790840912, "log10_subsample": -0.6784414584707024, "max_depth": 4.0, "num_boost_round": 10.0}, "datetime": {"datetime": "2024-01-19 00:15:03", "elapsed": 211.183124, "delta": 0.000599}}
{"target": -17.67552367565822, "params": {"gamma": 74.2510943466853, "log10_alpha": 0.27812627136351864, "log10_colsample_bytree": -0.5129940667345142, "log10_eta": -2.292775636583144, "log10_lambda": 0.7368954339253158, "log10_min_child_weight": 1.3488889790840912, "log10_subsample": -0.6784414584707024, "max_depth": 4.0, "num_boost_round": 11.0}, "datetime": {"datetime": "2024-01-19 00:15:03", "elapsed": 211.183592, "delta": 0.000468}}
{"target": -17.675291124034878, "params": {"gamma": 74.2510943466853, "log10_alpha": 0.27812627136351864, "log10_colsample_bytree": -0.5129940667345142, "log10_eta": -2.292775636583144, "log10_lambda": 0.7368954339253158, "log10_min_child_weight": 1.3488889790840912, "log10_subsample": -0.6784414584707024, "max_depth": 4.0, "num_boost_round": 12.0}, "datetime": {"datetime": "2024-01-19 00:15:03", "elapsed": 211.184051, "delta": 0.000459}}
{"target": -17.675161670879643, "params": {"gamma": 74.2510943466853, "log10_alpha": 0.27812627136351864, "log10_colsample_bytree": -0.5129940667345142, "log10_eta": -2.292775636583144, "log10_lambda": 0.7368954339253158, "log10_min_child_weight": 1.3488889790840912, "log10_subsample": -0.6784414584707024, "max_depth": 4.0, "num_boost_round": 13.0}, "datetime": {"datetime": "2024-01-19 00:15:03", "elapsed": 211.184505, "delta": 0.000454}}
{"target": -17.677233059558198, "params": {"gamma": 77.49067478406602, "log10_alpha": 0.4812598814710505, "log10_colsample_bytree": -0.4971684600591175, "log10_eta": -3.290820468275808, "log10_lambda": -0.031099234086745753, "log10_min_child_weight": 4.281753700764025, "log10_subsample": -0.40941767965053366, "max_depth": 4.0, "num_boost_round": 0.0}, "datetime": {"datetime": "2024-01-19 00:15:23", "elapsed": 230.636586, "delta": 19.452081}}
{"target": -17.677239622407374, "params": {"gamma": 77.49067478406602, "log10_alpha": 0.4812598814710505, "log10_colsample_bytree": -0.4971684600591175, "log10_eta": -3.290820468275808, "log10_lambda": -0.031099234086745753, "log10_min_child_weight": 4.281753700764025, "log10_subsample": -0.40941767965053366, "max_depth": 4.0, "num_boost_round": 1.0}, "datetime": {"datetime": "2024-01-19 00:15:23", "elapsed": 230.637211, "delta": 0.000625}}
{"target": -17.677252884723174, "params": {"gamma": 77.49067478406602, "log10_alpha": 0.4812598814710505, "log10_colsample_bytree": -0.4971684600591175, "log10_eta": -3.290820468275808, "log10_lambda": -0.031099234086745753, "log10_min_child_weight": 4.281753700764025, "log10_subsample": -0.40941767965053366, "max_depth": 4.0, "num_boost_round": 2.0}, "datetime": {"datetime": "2024-01-19 00:15:23", "elapsed": 230.637718, "delta": 0.000507}}
{"target": -17.677249345521382, "params": {"gamma": 77.49067478406602, "log10_alpha": 0.4812598814710505, "log10_colsample_bytree": -0.4971684600591175, "log10_eta": -3.290820468275808, "log10_lambda": -0.031099234086745753, "log10_min_child_weight": 4.281753700764025, "log10_subsample": -0.40941767965053366, "max_depth": 4.0, "num_boost_round": 3.0}, "datetime": {"datetime": "2024-01-19 00:15:23", "elapsed": 230.638208, "delta": 0.00049}}
{"target": -17.677242084476863, "params": {"gamma": 77.49067478406602, "log10_alpha": 0.4812598814710505, "log10_colsample_bytree": -0.4971684600591175, "log10_eta": -3.290820468275808, "log10_lambda": -0.031099234086745753, "log10_min_child_weight": 4.281753700764025, "log10_subsample": -0.40941767965053366, "max_depth": 4.0, "num_boost_round": 4.0}, "datetime": {"datetime": "2024-01-19 00:15:23", "elapsed": 230.638682, "delta": 0.000474}}
{"target": -17.677240318133144, "params": {"gamma": 77.49067478406602, "log10_alpha": 0.4812598814710505, "log10_colsample_bytree": -0.4971684600591175, "log10_eta": -3.290820468275808, "log10_lambda": -0.031099234086745753, "log10_min_child_weight": 4.281753700764025, "log10_subsample": -0.40941767965053366, "max_depth": 4.0, "num_boost_round": 5.0}, "datetime": {"datetime": "2024-01-19 00:15:23", "elapsed": 230.639695, "delta": 0.001013}}
{"target": -17.67724529346306, "params": {"gamma": 77.49067478406602, "log10_alpha": 0.4812598814710505, "log10_colsample_bytree": -0.4971684600591175, "log10_eta": -3.290820468275808, "log10_lambda": -0.031099234086745753, "log10_min_child_weight": 4.281753700764025, "log10_subsample": -0.40941767965053366, "max_depth": 4.0, "num_boost_round": 6.0}, "datetime": {"datetime": "2024-01-19 00:15:23", "elapsed": 230.640183, "delta": 0.000488}}
{"target": -17.677249493327693, "params": {"gamma": 77.49067478406602, "log10_alpha": 0.4812598814710505, "log10_colsample_bytree": -0.4971684600591175, "log10_eta": -3.290820468275808, "log10_lambda": -0.031099234086745753, "log10_min_child_weight": 4.281753700764025, "log10_subsample": -0.40941767965053366, "max_depth": 4.0, "num_boost_round": 7.0}, "datetime": {"datetime": "2024-01-19 00:15:23", "elapsed": 230.64065, "delta": 0.000467}}
{"target": -17.677254339816344, "params": {"gamma": 77.49067478406602, "log10_alpha": 0.4812598814710505, "log10_colsample_bytree": -0.4971684600591175, "log10_eta": -3.290820468275808, "log10_lambda": -0.031099234086745753, "log10_min_child_weight": 4.281753700764025, "log10_subsample": -0.40941767965053366, "max_depth": 4.0, "num_boost_round": 8.0}, "datetime": {"datetime": "2024-01-19 00:15:23", "elapsed": 230.641126, "delta": 0.000476}}
{"target": -17.67724989668549, "params": {"gamma": 77.49067478406602, "log10_alpha": 0.4812598814710505, "log10_colsample_bytree": -0.4971684600591175, "log10_eta": -3.290820468275808, "log10_lambda": -0.031099234086745753, "log10_min_child_weight": 4.281753700764025, "log10_subsample": -0.40941767965053366, "max_depth": 4.0, "num_boost_round": 9.0}, "datetime": {"datetime": "2024-01-19 00:15:23", "elapsed": 230.641591, "delta": 0.000465}}
{"target": -17.676886396755407, "params": {"gamma": 74.29256029882735, "log10_alpha": -0.7986927298932709, "log10_colsample_bytree": -0.4592573529623719, "log10_eta": -1.7459665508380966, "log10_lambda": 1.0, "log10_min_child_weight": 3.5742380202647643, "log10_subsample": -0.4851331850231665, "max_depth": 2.0, "num_boost_round": 0.0}, "datetime": {"datetime": "2024-01-19 00:15:42", "elapsed": 249.548384, "delta": 18.906793}}
{"target": -17.67650236181109, "params": {"gamma": 74.29256029882735, "log10_alpha": -0.7986927298932709, "log10_colsample_bytree": -0.4592573529623719, "log10_eta": -1.7459665508380966, "log10_lambda": 1.0, "log10_min_child_weight": 3.5742380202647643, "log10_subsample": -0.4851331850231665, "max_depth": 2.0, "num_boost_round": 1.0}, "datetime": {"datetime": "2024-01-19 00:15:42", "elapsed": 249.549024, "delta": 0.00064}}
{"target": -17.6761248489836, "params": {"gamma": 74.29256029882735, "log10_alpha": -0.7986927298932709, "log10_colsample_bytree": -0.4592573529623719, "log10_eta": -1.7459665508380966, "log10_lambda": 1.0, "log10_min_child_weight": 3.5742380202647643, "log10_subsample": -0.4851331850231665, "max_depth": 2.0, "num_boost_round": 2.0}, "datetime": {"datetime": "2024-01-19 00:15:42", "elapsed": 249.549533, "delta": 0.000509}}
{"target": -17.67627607181482, "params": {"gamma": 74.29256029882735, "log10_alpha": -0.7986927298932709, "log10_colsample_bytree": -0.4592573529623719, "log10_eta": -1.7459665508380966, "log10_lambda": 1.0, "log10_min_child_weight": 3.5742380202647643, "log10_subsample": -0.4851331850231665, "max_depth": 2.0, "num_boost_round": 3.0}, "datetime": {"datetime": "2024-01-19 00:15:42", "elapsed": 249.55003, "delta": 0.000497}}
{"target": -17.676196225563807, "params": {"gamma": 74.29256029882735, "log10_alpha": -0.7986927298932709, "log10_colsample_bytree": -0.4592573529623719, "log10_eta": -1.7459665508380966, "log10_lambda": 1.0, "log10_min_child_weight": 3.5742380202647643, "log10_subsample": -0.4851331850231665, "max_depth": 2.0, "num_boost_round": 4.0}, "datetime": {"datetime": "2024-01-19 00:15:42", "elapsed": 249.550515, "delta": 0.000485}}
{"target": -17.676069295997284, "params": {"gamma": 74.29256029882735, "log10_alpha": -0.7986927298932709, "log10_colsample_bytree": -0.4592573529623719, "log10_eta": -1.7459665508380966, "log10_lambda": 1.0, "log10_min_child_weight": 3.5742380202647643, "log10_subsample": -0.4851331850231665, "max_depth": 2.0, "num_boost_round": 5.0}, "datetime": {"datetime": "2024-01-19 00:15:42", "elapsed": 249.551457, "delta": 0.000942}}
{"target": -17.676079237989747, "params": {"gamma": 74.29256029882735, "log10_alpha": -0.7986927298932709, "log10_colsample_bytree": -0.4592573529623719, "log10_eta": -1.7459665508380966, "log10_lambda": 1.0, "log10_min_child_weight": 3.5742380202647643, "log10_subsample": -0.4851331850231665, "max_depth": 2.0, "num_boost_round": 6.0}, "datetime": {"datetime": "2024-01-19 00:15:42", "elapsed": 249.552065, "delta": 0.000608}}
{"target": -17.675787028609786, "params": {"gamma": 74.29256029882735, "log10_alpha": -0.7986927298932709, "log10_colsample_bytree": -0.4592573529623719, "log10_eta": -1.7459665508380966, "log10_lambda": 1.0, "log10_min_child_weight": 3.5742380202647643, "log10_subsample": -0.4851331850231665, "max_depth": 2.0, "num_boost_round": 7.0}, "datetime": {"datetime": "2024-01-19 00:15:42", "elapsed": 249.55256, "delta": 0.000495}}
{"target": -17.675611193242105, "params": {"gamma": 74.29256029882735, "log10_alpha": -0.7986927298932709, "log10_colsample_bytree": -0.4592573529623719, "log10_eta": -1.7459665508380966, "log10_lambda": 1.0, "log10_min_child_weight": 3.5742380202647643, "log10_subsample": -0.4851331850231665, "max_depth": 2.0, "num_boost_round": 8.0}, "datetime": {"datetime": "2024-01-19 00:15:42", "elapsed": 249.55319, "delta": 0.00063}}
{"target": -17.675193874253143, "params": {"gamma": 74.29256029882735, "log10_alpha": -0.7986927298932709, "log10_colsample_bytree": -0.4592573529623719, "log10_eta": -1.7459665508380966, "log10_lambda": 1.0, "log10_min_child_weight": 3.5742380202647643, "log10_subsample": -0.4851331850231665, "max_depth": 2.0, "num_boost_round": 9.0}, "datetime": {"datetime": "2024-01-19 00:15:42", "elapsed": 249.553673, "delta": 0.000483}}
{"target": -17.677227864947884, "params": {"gamma": 71.24760580365586, "log10_alpha": -3.2746122802121227, "log10_colsample_bytree": -0.9348141736126524, "log10_eta": -3.770105171114881, "log10_lambda": -0.35657128971794183, "log10_min_child_weight": 1.8452564732391963, "log10_subsample": -0.2631547580424126, "max_depth": 5.0, "num_boost_round": 0.0}, "datetime": {"datetime": "2024-01-19 00:16:03", "elapsed": 270.788363, "delta": 21.23469}}
{"target": -17.677223660713118, "params": {"gamma": 71.24760580365586, "log10_alpha": -3.2746122802121227, "log10_colsample_bytree": -0.9348141736126524, "log10_eta": -3.770105171114881, "log10_lambda": -0.35657128971794183, "log10_min_child_weight": 1.8452564732391963, "log10_subsample": -0.2631547580424126, "max_depth": 5.0, "num_boost_round": 1.0}, "datetime": {"datetime": "2024-01-19 00:16:03", "elapsed": 270.789267, "delta": 0.000904}}
{"target": -17.67721785447965, "params": {"gamma": 71.24760580365586, "log10_alpha": -3.2746122802121227, "log10_colsample_bytree": -0.9348141736126524, "log10_eta": -3.770105171114881, "log10_lambda": -0.35657128971794183, "log10_min_child_weight": 1.8452564732391963, "log10_subsample": -0.2631547580424126, "max_depth": 5.0, "num_boost_round": 2.0}, "datetime": {"datetime": "2024-01-19 00:16:03", "elapsed": 270.789793, "delta": 0.000526}}
{"target": -17.677212520006023, "params": {"gamma": 71.24760580365586, "log10_alpha": -3.2746122802121227, "log10_colsample_bytree": -0.9348141736126524, "log10_eta": -3.770105171114881, "log10_lambda": -0.35657128971794183, "log10_min_child_weight": 1.8452564732391963, "log10_subsample": -0.2631547580424126, "max_depth": 5.0, "num_boost_round": 3.0}, "datetime": {"datetime": "2024-01-19 00:16:03", "elapsed": 270.790306, "delta": 0.000513}}
