{"target": -17.674911685180362, "params": {"gamma": 206.67267954132396, "log10_alpha": -4.875378861593047, "log10_colsample_bytree": -0.7243890956049294, "log10_eta": -2.090549165089225, "log10_lambda": -1.9958369352574126, "log10_min_child_weight": 1.4758041664919257, "log10_subsample": -0.4588188892019591, "max_depth": 7.0, "num_boost_round": 6.0}, "datetime": {"datetime": "2024-01-19 00:15:46", "elapsed": 230.772918, "delta": 0.000582}}
{"target": -17.674679805827456, "params": {"gamma": 206.67267954132396, "log10_alpha": -4.875378861593047, "log10_colsample_bytree": -0.7243890956049294, "log10_eta": -2.090549165089225, "log10_lambda": -1.9958369352574126, "log10_min_child_weight": 1.4758041664919257, "log10_subsample": -0.4588188892019591, "max_depth": 7.0, "num_boost_round": 7.0}, "datetime": {"datetime": "2024-01-19 00:15:46", "elapsed": 230.773368, "delta": 0.00045}}
{"target": -17.67451157802035, "params": {"gamma": 206.67267954132396, "log10_alpha": -4.875378861593047, "log10_colsample_bytree": -0.7243890956049294, "log10_eta": -2.090549165089225, "log10_lambda": -1.9958369352574126, "log10_min_child_weight": 1.4758041664919257, "log10_subsample": -0.4588188892019591, "max_depth": 7.0, "num_boost_round": 8.0}, "datetime": {"datetime": "2024-01-19 00:15:46", "elapsed": 230.773817, "delta": 0.000449}}
{"target": -17.67445877848303, "params": {"gamma": 206.67267954132396, "log10_alpha": -4.875378861593047, "log10_colsample_bytree": -0.7243890956049294, "log10_eta": -2.090549165089225, "log10_lambda": -1.9958369352574126, "log10_min_child_weight": 1.4758041664919257, "log10_subsample": -0.4588188892019591, "max_depth": 7.0, "num_boost_round": 9.0}, "datetime": {"datetime": "2024-01-19 00:15:46", "elapsed": 230.774258, "delta": 0.000441}}
{"target": -17.67401979693368, "params": {"gamma": 206.67267954132396, "log10_alpha": -4.875378861593047, "log10_colsample_bytree": -0.7243890956049294, "log10_eta": -2.090549165089225, "log10_lambda": -1.9958369352574126, "log10_min_child_weight": 1.4758041664919257, "log10_subsample": -0.4588188892019591, "max_depth": 7.0, "num_boost_round": 10.0}, "datetime": {"datetime": "2024-01-19 00:15:46", "elapsed": 230.774694, "delta": 0.000436}}
{"target": -17.677003049644334, "params": {"gamma": 197.20513331423373, "log10_alpha": -0.15201599728485604, "log10_colsample_bytree": -0.36662258571448925, "log10_eta": -1.925324921126904, "log10_lambda": 0.6263231813066357, "log10_min_child_weight": 1.0312693992314426, "log10_subsample": -0.5959470258114021, "max_depth": 8.0, "num_boost_round": 0.0}, "datetime": {"datetime": "2024-01-19 00:16:07", "elapsed": 252.06764, "delta": 21.292946}}
{"target": -17.67678805313137, "params": {"gamma": 197.20513331423373, "log10_alpha": -0.15201599728485604, "log10_colsample_bytree": -0.36662258571448925, "log10_eta": -1.925324921126904, "log10_lambda": 0.6263231813066357, "log10_min_child_weight": 1.0312693992314426, "log10_subsample": -0.5959470258114021, "max_depth": 8.0, "num_boost_round": 1.0}, "datetime": {"datetime": "2024-01-19 00:16:07", "elapsed": 252.068292, "delta": 0.000652}}
{"target": -17.67605137843296, "params": {"gamma": 197.20513331423373, "log10_alpha": -0.15201599728485604, "log10_colsample_bytree": -0.36662258571448925, "log10_eta": -1.925324921126904, "log10_lambda": 0.6263231813066357, "log10_min_child_weight": 1.0312693992314426, "log10_subsample": -0.5959470258114021, "max_depth": 8.0, "num_boost_round": 2.0}, "datetime": {"datetime": "2024-01-19 00:16:07", "elapsed": 252.068775, "delta": 0.000483}}
{"target": -17.675505653022242, "params": {"gamma": 197.20513331423373, "log10_alpha": -0.15201599728485604, "log10_colsample_bytree": -0.36662258571448925, "log10_eta": -1.925324921126904, "log10_lambda": 0.6263231813066357, "log10_min_child_weight": 1.0312693992314426, "log10_subsample": -0.5959470258114021, "max_depth": 8.0, "num_boost_round": 3.0}, "datetime": {"datetime": "2024-01-19 00:16:07", "elapsed": 252.069738, "delta": 0.000963}}
{"target": -17.675698957717078, "params": {"gamma": 197.20513331423373, "log10_alpha": -0.15201599728485604, "log10_colsample_bytree": -0.36662258571448925, "log10_eta": -1.925324921126904, "log10_lambda": 0.6263231813066357, "log10_min_child_weight": 1.0312693992314426, "log10_subsample": -0.5959470258114021, "max_depth": 8.0, "num_boost_round": 4.0}, "datetime": {"datetime": "2024-01-19 00:16:07", "elapsed": 252.070374, "delta": 0.000636}}
{"target": -17.675036012065632, "params": {"gamma": 197.20513331423373, "log10_alpha": -0.15201599728485604, "log10_colsample_bytree": -0.36662258571448925, "log10_eta": -1.925324921126904, "log10_lambda": 0.6263231813066357, "log10_min_child_weight": 1.0312693992314426, "log10_subsample": -0.5959470258114021, "max_depth": 8.0, "num_boost_round": 5.0}, "datetime": {"datetime": "2024-01-19 00:16:07", "elapsed": 252.070849, "delta": 0.000475}}
{"target": -17.67543398548077, "params": {"gamma": 197.20513331423373, "log10_alpha": -0.15201599728485604, "log10_colsample_bytree": -0.36662258571448925, "log10_eta": -1.925324921126904, "log10_lambda": 0.6263231813066357, "log10_min_child_weight": 1.0312693992314426, "log10_subsample": -0.5959470258114021, "max_depth": 8.0, "num_boost_round": 6.0}, "datetime": {"datetime": "2024-01-19 00:16:07", "elapsed": 252.071297, "delta": 0.000448}}
{"target": -17.675951264582388, "params": {"gamma": 197.20513331423373, "log10_alpha": -0.15201599728485604, "log10_colsample_bytree": -0.36662258571448925, "log10_eta": -1.925324921126904, "log10_lambda": 0.6263231813066357, "log10_min_child_weight": 1.0312693992314426, "log10_subsample": -0.5959470258114021, "max_depth": 8.0, "num_boost_round": 7.0}, "datetime": {"datetime": "2024-01-19 00:16:07", "elapsed": 252.071753, "delta": 0.000456}}
{"target": -17.6749700226112, "params": {"gamma": 197.20513331423373, "log10_alpha": -0.15201599728485604, "log10_colsample_bytree": -0.36662258571448925, "log10_eta": -1.925324921126904, "log10_lambda": 0.6263231813066357, "log10_min_child_weight": 1.0312693992314426, "log10_subsample": -0.5959470258114021, "max_depth": 8.0, "num_boost_round": 8.0}, "datetime": {"datetime": "2024-01-19 00:16:07", "elapsed": 252.072204, "delta": 0.000451}}
{"target": -17.674822830367667, "params": {"gamma": 197.20513331423373, "log10_alpha": -0.15201599728485604, "log10_colsample_bytree": -0.36662258571448925, "log10_eta": -1.925324921126904, "log10_lambda": 0.6263231813066357, "log10_min_child_weight": 1.0312693992314426, "log10_subsample": -0.5959470258114021, "max_depth": 8.0, "num_boost_round": 9.0}, "datetime": {"datetime": "2024-01-19 00:16:07", "elapsed": 252.072808, "delta": 0.000604}}
{"target": -17.67474664157942, "params": {"gamma": 197.20513331423373, "log10_alpha": -0.15201599728485604, "log10_colsample_bytree": -0.36662258571448925, "log10_eta": -1.925324921126904, "log10_lambda": 0.6263231813066357, "log10_min_child_weight": 1.0312693992314426, "log10_subsample": -0.5959470258114021, "max_depth": 8.0, "num_boost_round": 10.0}, "datetime": {"datetime": "2024-01-19 00:16:07", "elapsed": 252.073267, "delta": 0.000459}}
{"target": -17.67454164339741, "params": {"gamma": 197.20513331423373, "log10_alpha": -0.15201599728485604, "log10_colsample_bytree": -0.36662258571448925, "log10_eta": -1.925324921126904, "log10_lambda": 0.6263231813066357, "log10_min_child_weight": 1.0312693992314426, "log10_subsample": -0.5959470258114021, "max_depth": 8.0, "num_boost_round": 11.0}, "datetime": {"datetime": "2024-01-19 00:16:07", "elapsed": 252.07374, "delta": 0.000473}}
{"target": -17.67712244525854, "params": {"gamma": 198.19200375964286, "log10_alpha": -0.42721853364340934, "log10_colsample_bytree": -0.4907716375360992, "log10_eta": -2.416288937219434, "log10_lambda": -4.444620896164931, "log10_min_child_weight": 0.022587236955977086, "log10_subsample": -0.7523437687832757, "max_depth": 6.0, "num_boost_round": 0.0}, "datetime": {"datetime": "2024-01-19 00:16:27", "elapsed": 271.86769, "delta": 19.79395}}
{"target": -17.676868502184035, "params": {"gamma": 198.19200375964286, "log10_alpha": -0.42721853364340934, "log10_colsample_bytree": -0.4907716375360992, "log10_eta": -2.416288937219434, "log10_lambda": -4.444620896164931, "log10_min_child_weight": 0.022587236955977086, "log10_subsample": -0.7523437687832757, "max_depth": 6.0, "num_boost_round": 1.0}, "datetime": {"datetime": "2024-01-19 00:16:27", "elapsed": 271.868386, "delta": 0.000696}}
{"target": -17.676749298250677, "params": {"gamma": 198.19200375964286, "log10_alpha": -0.42721853364340934, "log10_colsample_bytree": -0.4907716375360992, "log10_eta": -2.416288937219434, "log10_lambda": -4.444620896164931, "log10_min_child_weight": 0.022587236955977086, "log10_subsample": -0.7523437687832757, "max_depth": 6.0, "num_boost_round": 2.0}, "datetime": {"datetime": "2024-01-19 00:16:27", "elapsed": 271.868915, "delta": 0.000529}}
{"target": -17.6766200163957, "params": {"gamma": 198.19200375964286, "log10_alpha": -0.42721853364340934, "log10_colsample_bytree": -0.4907716375360992, "log10_eta": -2.416288937219434, "log10_lambda": -4.444620896164931, "log10_min_child_weight": 0.022587236955977086, "log10_subsample": -0.7523437687832757, "max_depth": 6.0, "num_boost_round": 3.0}, "datetime": {"datetime": "2024-01-19 00:16:27", "elapsed": 271.869385, "delta": 0.00047}}
{"target": -17.676550930270654, "params": {"gamma": 198.19200375964286, "log10_alpha": -0.42721853364340934, "log10_colsample_bytree": -0.4907716375360992, "log10_eta": -2.416288937219434, "log10_lambda": -4.444620896164931, "log10_min_child_weight": 0.022587236955977086, "log10_subsample": -0.7523437687832757, "max_depth": 6.0, "num_boost_round": 4.0}, "datetime": {"datetime": "2024-01-19 00:16:27", "elapsed": 271.870127, "delta": 0.000742}}
{"target": -17.676456920891646, "params": {"gamma": 198.19200375964286, "log10_alpha": -0.42721853364340934, "log10_colsample_bytree": -0.4907716375360992, "log10_eta": -2.416288937219434, "log10_lambda": -4.444620896164931, "log10_min_child_weight": 0.022587236955977086, "log10_subsample": -0.7523437687832757, "max_depth": 6.0, "num_boost_round": 5.0}, "datetime": {"datetime": "2024-01-19 00:16:27", "elapsed": 271.870719, "delta": 0.000592}}
{"target": -17.67639259233859, "params": {"gamma": 198.19200375964286, "log10_alpha": -0.42721853364340934, "log10_colsample_bytree": -0.4907716375360992, "log10_eta": -2.416288937219434, "log10_lambda": -4.444620896164931, "log10_min_child_weight": 0.022587236955977086, "log10_subsample": -0.7523437687832757, "max_depth": 6.0, "num_boost_round": 6.0}, "datetime": {"datetime": "2024-01-19 00:16:27", "elapsed": 271.871181, "delta": 0.000462}}
{"target": -17.676482057786693, "params": {"gamma": 198.19200375964286, "log10_alpha": -0.42721853364340934, "log10_colsample_bytree": -0.4907716375360992, "log10_eta": -2.416288937219434, "log10_lambda": -4.444620896164931, "log10_min_child_weight": 0.022587236955977086, "log10_subsample": -0.7523437687832757, "max_depth": 6.0, "num_boost_round": 7.0}, "datetime": {"datetime": "2024-01-19 00:16:27", "elapsed": 271.87176, "delta": 0.000579}}
{"target": -17.6762503428847, "params": {"gamma": 198.19200375964286, "log10_alpha": -0.42721853364340934, "log10_colsample_bytree": -0.4907716375360992, "log10_eta": -2.416288937219434, "log10_lambda": -4.444620896164931, "log10_min_child_weight": 0.022587236955977086, "log10_subsample": -0.7523437687832757, "max_depth": 6.0, "num_boost_round": 8.0}, "datetime": {"datetime": "2024-01-19 00:16:27", "elapsed": 271.872419, "delta": 0.000659}}
{"target": -17.676125417675017, "params": {"gamma": 198.19200375964286, "log10_alpha": -0.42721853364340934, "log10_colsample_bytree": -0.4907716375360992, "log10_eta": -2.416288937219434, "log10_lambda": -4.444620896164931, "log10_min_child_weight": 0.022587236955977086, "log10_subsample": -0.7523437687832757, "max_depth": 6.0, "num_boost_round": 9.0}, "datetime": {"datetime": "2024-01-19 00:16:27", "elapsed": 271.87289, "delta": 0.000471}}
{"target": -17.675845464683498, "params": {"gamma": 198.19200375964286, "log10_alpha": -0.42721853364340934, "log10_colsample_bytree": -0.4907716375360992, "log10_eta": -2.416288937219434, "log10_lambda": -4.444620896164931, "log10_min_child_weight": 0.022587236955977086, "log10_subsample": -0.7523437687832757, "max_depth": 6.0, "num_boost_round": 10.0}, "datetime": {"datetime": "2024-01-19 00:16:27", "elapsed": 271.87336, "delta": 0.00047}}
{"target": -17.67712200183345, "params": {"gamma": 200.21252427247228, "log10_alpha": -0.9904101961609832, "log10_colsample_bytree": -0.4857732583878941, "log10_eta": -2.700408289090515, "log10_lambda": -0.15153184639701145, "log10_min_child_weight": 0.22472060191200738, "log10_subsample": -0.5921921426564322, "max_depth": 5.0, "num_boost_round": 0.0}, "datetime": {"datetime": "2024-01-19 00:16:49", "elapsed": 293.658159, "delta": 21.784799}}
{"target": -17.677059042249866, "params": {"gamma": 200.21252427247228, "log10_alpha": -0.9904101961609832, "log10_colsample_bytree": -0.4857732583878941, "log10_eta": -2.700408289090515, "log10_lambda": -0.15153184639701145, "log10_min_child_weight": 0.22472060191200738, "log10_subsample": -0.5921921426564322, "max_depth": 5.0, "num_boost_round": 1.0}, "datetime": {"datetime": "2024-01-19 00:16:49", "elapsed": 293.658939, "delta": 0.00078}}
{"target": -17.67692575897074, "params": {"gamma": 200.21252427247228, "log10_alpha": -0.9904101961609832, "log10_colsample_bytree": -0.4857732583878941, "log10_eta": -2.700408289090515, "log10_lambda": -0.15153184639701145, "log10_min_child_weight": 0.22472060191200738, "log10_subsample": -0.5921921426564322, "max_depth": 5.0, "num_boost_round": 2.0}, "datetime": {"datetime": "2024-01-19 00:16:49", "elapsed": 293.662255, "delta": 0.003316}}
{"target": -17.676906390136168, "params": {"gamma": 200.21252427247228, "log10_alpha": -0.9904101961609832, "log10_colsample_bytree": -0.4857732583878941, "log10_eta": -2.700408289090515, "log10_lambda": -0.15153184639701145, "log10_min_child_weight": 0.22472060191200738, "log10_subsample": -0.5921921426564322, "max_depth": 5.0, "num_boost_round": 3.0}, "datetime": {"datetime": "2024-01-19 00:16:49", "elapsed": 293.663527, "delta": 0.001272}}
{"target": -17.676878944978416, "params": {"gamma": 200.21252427247228, "log10_alpha": -0.9904101961609832, "log10_colsample_bytree": -0.4857732583878941, "log10_eta": -2.700408289090515, "log10_lambda": -0.15153184639701145, "log10_min_child_weight": 0.22472060191200738, "log10_subsample": -0.5921921426564322, "max_depth": 5.0, "num_boost_round": 4.0}, "datetime": {"datetime": "2024-01-19 00:16:49", "elapsed": 293.66402, "delta": 0.000493}}
{"target": -17.676801045437845, "params": {"gamma": 200.21252427247228, "log10_alpha": -0.9904101961609832, "log10_colsample_bytree": -0.4857732583878941, "log10_eta": -2.700408289090515, "log10_lambda": -0.15153184639701145, "log10_min_child_weight": 0.22472060191200738, "log10_subsample": -0.5921921426564322, "max_depth": 5.0, "num_boost_round": 5.0}, "datetime": {"datetime": "2024-01-19 00:16:49", "elapsed": 293.664512, "delta": 0.000492}}
{"target": -17.676793325299258, "params": {"gamma": 200.21252427247228, "log10_alpha": -0.9904101961609832, "log10_colsample_bytree": -0.4857732583878941, "log10_eta": -2.700408289090515, "log10_lambda": -0.15153184639701145, "log10_min_child_weight": 0.22472060191200738, "log10_subsample": -0.5921921426564322, "max_depth": 5.0, "num_boost_round": 6.0}, "datetime": {"datetime": "2024-01-19 00:16:49", "elapsed": 293.664994, "delta": 0.000482}}
{"target": -17.676727331736426, "params": {"gamma": 200.21252427247228, "log10_alpha": -0.9904101961609832, "log10_colsample_bytree": -0.4857732583878941, "log10_eta": -2.700408289090515, "log10_lambda": -0.15153184639701145, "log10_min_child_weight": 0.22472060191200738, "log10_subsample": -0.5921921426564322, "max_depth": 5.0, "num_boost_round": 7.0}, "datetime": {"datetime": "2024-01-19 00:16:49", "elapsed": 293.665504, "delta": 0.00051}}
{"target": -17.676659899326573, "params": {"gamma": 200.21252427247228, "log10_alpha": -0.9904101961609832, "log10_colsample_bytree": -0.4857732583878941, "log10_eta": -2.700408289090515, "log10_lambda": -0.15153184639701145, "log10_min_child_weight": 0.22472060191200738, "log10_subsample": -0.5921921426564322, "max_depth": 5.0, "num_boost_round": 8.0}, "datetime": {"datetime": "2024-01-19 00:16:49", "elapsed": 293.666009, "delta": 0.000505}}
{"target": -17.676580871703784, "params": {"gamma": 200.21252427247228, "log10_alpha": -0.9904101961609832, "log10_colsample_bytree": -0.4857732583878941, "log10_eta": -2.700408289090515, "log10_lambda": -0.15153184639701145, "log10_min_child_weight": 0.22472060191200738, "log10_subsample": -0.5921921426564322, "max_depth": 5.0, "num_boost_round": 9.0}, "datetime": {"datetime": "2024-01-19 00:16:49", "elapsed": 293.666507, "delta": 0.000498}}
{"target": -17.676425867584804, "params": {"gamma": 200.21252427247228, "log10_alpha": -0.9904101961609832, "log10_colsample_bytree": -0.4857732583878941, "log10_eta": -2.700408289090515, "log10_lambda": -0.15153184639701145, "log10_min_child_weight": 0.22472060191200738, "log10_subsample": -0.5921921426564322, "max_depth": 5.0, "num_boost_round": 10.0}, "datetime": {"datetime": "2024-01-19 00:16:49", "elapsed": 293.667133, "delta": 0.000626}}
{"target": -17.676307431715014, "params": {"gamma": 200.21252427247228, "log10_alpha": -0.9904101961609832, "log10_colsample_bytree": -0.4857732583878941, "log10_eta": -2.700408289090515, "log10_lambda": -0.15153184639701145, "log10_min_child_weight": 0.22472060191200738, "log10_subsample": -0.5921921426564322, "max_depth": 5.0, "num_boost_round": 11.0}, "datetime": {"datetime": "2024-01-19 00:16:49", "elapsed": 293.667631, "delta": 0.000498}}
{"target": -17.67623486048244, "params": {"gamma": 200.21252427247228, "log10_alpha": -0.9904101961609832, "log10_colsample_bytree": -0.4857732583878941, "log10_eta": -2.700408289090515, "log10_lambda": -0.15153184639701145, "log10_min_child_weight": 0.22472060191200738, "log10_subsample": -0.5921921426564322, "max_depth": 5.0, "num_boost_round": 12.0}, "datetime": {"datetime": "2024-01-19 00:16:49", "elapsed": 293.668122, "delta": 0.000491}}
{"target": -17.676087379007285, "params": {"gamma": 200.21252427247228, "log10_alpha": -0.9904101961609832, "log10_colsample_bytree": -0.4857732583878941, "log10_eta": -2.700408289090515, "log10_lambda": -0.15153184639701145, "log10_min_child_weight": 0.22472060191200738, "log10_subsample": -0.5921921426564322, "max_depth": 5.0, "num_boost_round": 13.0}, "datetime": {"datetime": "2024-01-19 00:16:49", "elapsed": 293.66861, "delta": 0.000488}}
{"target": -17.676215188263388, "params": {"gamma": 200.21252427247228, "log10_alpha": -0.9904101961609832, "log10_colsample_bytree": -0.4857732583878941, "log10_eta": -2.700408289090515, "log10_lambda": -0.15153184639701145, "log10_min_child_weight": 0.22472060191200738, "log10_subsample": -0.5921921426564322, "max_depth": 5.0, "num_boost_round": 14.0}, "datetime": {"datetime": "2024-01-19 00:16:49", "elapsed": 293.669091, "delta": 0.000481}}
{"target": -17.67624343928467, "params": {"gamma": 200.21252427247228, "log10_alpha": -0.9904101961609832, "log10_colsample_bytree": -0.4857732583878941, "log10_eta": -2.700408289090515, "log10_lambda": -0.15153184639701145, "log10_min_child_weight": 0.22472060191200738, "log10_subsample": -0.5921921426564322, "max_depth": 5.0, "num_boost_round": 15.0}, "datetime": {"datetime": "2024-01-19 00:16:49", "elapsed": 293.669589, "delta": 0.000498}}
{"target": -17.676113805231097, "params": {"gamma": 200.21252427247228, "log10_alpha": -0.9904101961609832, "log10_colsample_bytree": -0.4857732583878941, "log10_eta": -2.700408289090515, "log10_lambda": -0.15153184639701145, "log10_min_child_weight": 0.22472060191200738, "log10_subsample": -0.5921921426564322, "max_depth": 5.0, "num_boost_round": 16.0}, "datetime": {"datetime": "2024-01-19 00:16:49", "elapsed": 293.670079, "delta": 0.00049}}
{"target": -17.67614933257829, "params": {"gamma": 200.21252427247228, "log10_alpha": -0.9904101961609832, "log10_colsample_bytree": -0.4857732583878941, "log10_eta": -2.700408289090515, "log10_lambda": -0.15153184639701145, "log10_min_child_weight": 0.22472060191200738, "log10_subsample": -0.5921921426564322, "max_depth": 5.0, "num_boost_round": 17.0}, "datetime": {"datetime": "2024-01-19 00:16:49", "elapsed": 293.670591, "delta": 0.000512}}
{"target": -17.677185860548608, "params": {"gamma": 192.38552547634868, "log10_alpha": -1.9792144849961915, "log10_colsample_bytree": -0.9433837370801981, "log10_eta": -2.2830867183785677, "log10_lambda": -2.994370241920435, "log10_min_child_weight": 4.205119114666249, "log10_subsample": -0.7322642519093029, "max_depth": 9.0, "num_boost_round": 0.0}, "datetime": {"datetime": "2024-01-19 00:17:15", "elapsed": 319.735443, "delta": 26.064852}}
{"target": -17.677118237793906, "params": {"gamma": 192.38552547634868, "log10_alpha": -1.9792144849961915, "log10_colsample_bytree": -0.9433837370801981, "log10_eta": -2.2830867183785677, "log10_lambda": -2.994370241920435, "log10_min_child_weight": 4.205119114666249, "log10_subsample": -0.7322642519093029, "max_depth": 9.0, "num_boost_round": 1.0}, "datetime": {"datetime": "2024-01-19 00:17:15", "elapsed": 319.736647, "delta": 0.001204}}
{"target": -17.677153147117526, "params": {"gamma": 192.38552547634868, "log10_alpha": -1.9792144849961915, "log10_colsample_bytree": -0.9433837370801981, "log10_eta": -2.2830867183785677, "log10_lambda": -2.994370241920435, "log10_min_child_weight": 4.205119114666249, "log10_subsample": -0.7322642519093029, "max_depth": 9.0, "num_boost_round": 2.0}, "datetime": {"datetime": "2024-01-19 00:17:15", "elapsed": 319.737484, "delta": 0.000837}}
