{"target": -17.680048777170512, "params": {"gamma": 427.5724998975574, "log10_alpha": 0.5428884563719834, "log10_colsample_bytree": -0.4089491943429088, "log10_eta": -1.5110091867787738, "log10_lambda": 0.5683554921702463, "log10_min_child_weight": 0.13395470359568784, "log10_subsample": -0.2462464976215002, "max_depth": 7.0, "num_boost_round": 11.0}, "datetime": {"datetime": "2024-01-19 00:48:11", "elapsed": 2196.295374, "delta": 0.002054}}
{"target": -17.68158977080647, "params": {"gamma": 427.5724998975574, "log10_alpha": 0.5428884563719834, "log10_colsample_bytree": -0.4089491943429088, "log10_eta": -1.5110091867787738, "log10_lambda": 0.5683554921702463, "log10_min_child_weight": 0.13395470359568784, "log10_subsample": -0.2462464976215002, "max_depth": 7.0, "num_boost_round": 12.0}, "datetime": {"datetime": "2024-01-19 00:48:11", "elapsed": 2196.297339, "delta": 0.001965}}
{"target": -17.682623677507657, "params": {"gamma": 427.5724998975574, "log10_alpha": 0.5428884563719834, "log10_colsample_bytree": -0.4089491943429088, "log10_eta": -1.5110091867787738, "log10_lambda": 0.5683554921702463, "log10_min_child_weight": 0.13395470359568784, "log10_subsample": -0.2462464976215002, "max_depth": 7.0, "num_boost_round": 13.0}, "datetime": {"datetime": "2024-01-19 00:48:11", "elapsed": 2196.299301, "delta": 0.001962}}
{"target": -17.68335770586766, "params": {"gamma": 427.5724998975574, "log10_alpha": 0.5428884563719834, "log10_colsample_bytree": -0.4089491943429088, "log10_eta": -1.5110091867787738, "log10_lambda": 0.5683554921702463, "log10_min_child_weight": 0.13395470359568784, "log10_subsample": -0.2462464976215002, "max_depth": 7.0, "num_boost_round": 14.0}, "datetime": {"datetime": "2024-01-19 00:48:11", "elapsed": 2196.301269, "delta": 0.001968}}
{"target": -17.684354570126715, "params": {"gamma": 427.5724998975574, "log10_alpha": 0.5428884563719834, "log10_colsample_bytree": -0.4089491943429088, "log10_eta": -1.5110091867787738, "log10_lambda": 0.5683554921702463, "log10_min_child_weight": 0.13395470359568784, "log10_subsample": -0.2462464976215002, "max_depth": 7.0, "num_boost_round": 15.0}, "datetime": {"datetime": "2024-01-19 00:48:11", "elapsed": 2196.303234, "delta": 0.001965}}
{"target": -17.688835752936825, "params": {"gamma": 427.5724998975574, "log10_alpha": 0.5428884563719834, "log10_colsample_bytree": -0.4089491943429088, "log10_eta": -1.5110091867787738, "log10_lambda": 0.5683554921702463, "log10_min_child_weight": 0.13395470359568784, "log10_subsample": -0.2462464976215002, "max_depth": 7.0, "num_boost_round": 16.0}, "datetime": {"datetime": "2024-01-19 00:48:11", "elapsed": 2196.305189, "delta": 0.001955}}
{"target": -17.690738912713623, "params": {"gamma": 427.5724998975574, "log10_alpha": 0.5428884563719834, "log10_colsample_bytree": -0.4089491943429088, "log10_eta": -1.5110091867787738, "log10_lambda": 0.5683554921702463, "log10_min_child_weight": 0.13395470359568784, "log10_subsample": -0.2462464976215002, "max_depth": 7.0, "num_boost_round": 17.0}, "datetime": {"datetime": "2024-01-19 00:48:11", "elapsed": 2196.307153, "delta": 0.001964}}
{"target": -17.69290743846742, "params": {"gamma": 427.5724998975574, "log10_alpha": 0.5428884563719834, "log10_colsample_bytree": -0.4089491943429088, "log10_eta": -1.5110091867787738, "log10_lambda": 0.5683554921702463, "log10_min_child_weight": 0.13395470359568784, "log10_subsample": -0.2462464976215002, "max_depth": 7.0, "num_boost_round": 18.0}, "datetime": {"datetime": "2024-01-19 00:48:11", "elapsed": 2196.30912, "delta": 0.001967}}
{"target": -17.693538723187423, "params": {"gamma": 427.5724998975574, "log10_alpha": 0.5428884563719834, "log10_colsample_bytree": -0.4089491943429088, "log10_eta": -1.5110091867787738, "log10_lambda": 0.5683554921702463, "log10_min_child_weight": 0.13395470359568784, "log10_subsample": -0.2462464976215002, "max_depth": 7.0, "num_boost_round": 19.0}, "datetime": {"datetime": "2024-01-19 00:48:11", "elapsed": 2196.311161, "delta": 0.002041}}
{"target": -17.694335154872867, "params": {"gamma": 427.5724998975574, "log10_alpha": 0.5428884563719834, "log10_colsample_bytree": -0.4089491943429088, "log10_eta": -1.5110091867787738, "log10_lambda": 0.5683554921702463, "log10_min_child_weight": 0.13395470359568784, "log10_subsample": -0.2462464976215002, "max_depth": 7.0, "num_boost_round": 20.0}, "datetime": {"datetime": "2024-01-19 00:48:11", "elapsed": 2196.313219, "delta": 0.002058}}
{"target": -17.69647252396736, "params": {"gamma": 427.5724998975574, "log10_alpha": 0.5428884563719834, "log10_colsample_bytree": -0.4089491943429088, "log10_eta": -1.5110091867787738, "log10_lambda": 0.5683554921702463, "log10_min_child_weight": 0.13395470359568784, "log10_subsample": -0.2462464976215002, "max_depth": 7.0, "num_boost_round": 21.0}, "datetime": {"datetime": "2024-01-19 00:48:11", "elapsed": 2196.31524, "delta": 0.002021}}
{"target": -17.697843324781154, "params": {"gamma": 427.5724998975574, "log10_alpha": 0.5428884563719834, "log10_colsample_bytree": -0.4089491943429088, "log10_eta": -1.5110091867787738, "log10_lambda": 0.5683554921702463, "log10_min_child_weight": 0.13395470359568784, "log10_subsample": -0.2462464976215002, "max_depth": 7.0, "num_boost_round": 22.0}, "datetime": {"datetime": "2024-01-19 00:48:11", "elapsed": 2196.317243, "delta": 0.002003}}
{"target": -17.677246005583754, "params": {"gamma": 428.7709320539727, "log10_alpha": -3.792101288620395, "log10_colsample_bytree": -0.4368875913694027, "log10_eta": -3.261476622205845, "log10_lambda": -3.948066176222693, "log10_min_child_weight": 0.5212117562691759, "log10_subsample": -0.8310575462904496, "max_depth": 9.0, "num_boost_round": 0.0}, "datetime": {"datetime": "2024-01-19 00:48:49", "elapsed": 2234.288586, "delta": 37.971343}}
{"target": -17.677228506999416, "params": {"gamma": 428.7709320539727, "log10_alpha": -3.792101288620395, "log10_colsample_bytree": -0.4368875913694027, "log10_eta": -3.261476622205845, "log10_lambda": -3.948066176222693, "log10_min_child_weight": 0.5212117562691759, "log10_subsample": -0.8310575462904496, "max_depth": 9.0, "num_boost_round": 1.0}, "datetime": {"datetime": "2024-01-19 00:48:49", "elapsed": 2234.291669, "delta": 0.003083}}
{"target": -17.67722138131629, "params": {"gamma": 428.7709320539727, "log10_alpha": -3.792101288620395, "log10_colsample_bytree": -0.4368875913694027, "log10_eta": -3.261476622205845, "log10_lambda": -3.948066176222693, "log10_min_child_weight": 0.5212117562691759, "log10_subsample": -0.8310575462904496, "max_depth": 9.0, "num_boost_round": 2.0}, "datetime": {"datetime": "2024-01-19 00:48:49", "elapsed": 2234.293869, "delta": 0.0022}}
{"target": -17.67721316617732, "params": {"gamma": 428.7709320539727, "log10_alpha": -3.792101288620395, "log10_colsample_bytree": -0.4368875913694027, "log10_eta": -3.261476622205845, "log10_lambda": -3.948066176222693, "log10_min_child_weight": 0.5212117562691759, "log10_subsample": -0.8310575462904496, "max_depth": 9.0, "num_boost_round": 3.0}, "datetime": {"datetime": "2024-01-19 00:48:49", "elapsed": 2234.295944, "delta": 0.002075}}
{"target": -17.677168421066575, "params": {"gamma": 428.7709320539727, "log10_alpha": -3.792101288620395, "log10_colsample_bytree": -0.4368875913694027, "log10_eta": -3.261476622205845, "log10_lambda": -3.948066176222693, "log10_min_child_weight": 0.5212117562691759, "log10_subsample": -0.8310575462904496, "max_depth": 9.0, "num_boost_round": 4.0}, "datetime": {"datetime": "2024-01-19 00:48:49", "elapsed": 2234.298015, "delta": 0.002071}}
{"target": -17.677169095979455, "params": {"gamma": 428.7709320539727, "log10_alpha": -3.792101288620395, "log10_colsample_bytree": -0.4368875913694027, "log10_eta": -3.261476622205845, "log10_lambda": -3.948066176222693, "log10_min_child_weight": 0.5212117562691759, "log10_subsample": -0.8310575462904496, "max_depth": 9.0, "num_boost_round": 5.0}, "datetime": {"datetime": "2024-01-19 00:48:49", "elapsed": 2234.300054, "delta": 0.002039}}
{"target": -17.677090032233732, "params": {"gamma": 428.7709320539727, "log10_alpha": -3.792101288620395, "log10_colsample_bytree": -0.4368875913694027, "log10_eta": -3.261476622205845, "log10_lambda": -3.948066176222693, "log10_min_child_weight": 0.5212117562691759, "log10_subsample": -0.8310575462904496, "max_depth": 9.0, "num_boost_round": 6.0}, "datetime": {"datetime": "2024-01-19 00:48:49", "elapsed": 2234.302071, "delta": 0.002017}}
{"target": -17.677067321980946, "params": {"gamma": 428.7709320539727, "log10_alpha": -3.792101288620395, "log10_colsample_bytree": -0.4368875913694027, "log10_eta": -3.261476622205845, "log10_lambda": -3.948066176222693, "log10_min_child_weight": 0.5212117562691759, "log10_subsample": -0.8310575462904496, "max_depth": 9.0, "num_boost_round": 7.0}, "datetime": {"datetime": "2024-01-19 00:48:49", "elapsed": 2234.304136, "delta": 0.002065}}
{"target": -17.677061006098423, "params": {"gamma": 428.7709320539727, "log10_alpha": -3.792101288620395, "log10_colsample_bytree": -0.4368875913694027, "log10_eta": -3.261476622205845, "log10_lambda": -3.948066176222693, "log10_min_child_weight": 0.5212117562691759, "log10_subsample": -0.8310575462904496, "max_depth": 9.0, "num_boost_round": 8.0}, "datetime": {"datetime": "2024-01-19 00:48:49", "elapsed": 2234.30616, "delta": 0.002024}}
{"target": -17.67704774323619, "params": {"gamma": 428.7709320539727, "log10_alpha": -3.792101288620395, "log10_colsample_bytree": -0.4368875913694027, "log10_eta": -3.261476622205845, "log10_lambda": -3.948066176222693, "log10_min_child_weight": 0.5212117562691759, "log10_subsample": -0.8310575462904496, "max_depth": 9.0, "num_boost_round": 9.0}, "datetime": {"datetime": "2024-01-19 00:48:49", "elapsed": 2234.308171, "delta": 0.002011}}
{"target": -17.676969033073426, "params": {"gamma": 428.7709320539727, "log10_alpha": -3.792101288620395, "log10_colsample_bytree": -0.4368875913694027, "log10_eta": -3.261476622205845, "log10_lambda": -3.948066176222693, "log10_min_child_weight": 0.5212117562691759, "log10_subsample": -0.8310575462904496, "max_depth": 9.0, "num_boost_round": 10.0}, "datetime": {"datetime": "2024-01-19 00:48:49", "elapsed": 2234.310326, "delta": 0.002155}}
{"target": -17.676906018483535, "params": {"gamma": 428.7709320539727, "log10_alpha": -3.792101288620395, "log10_colsample_bytree": -0.4368875913694027, "log10_eta": -3.261476622205845, "log10_lambda": -3.948066176222693, "log10_min_child_weight": 0.5212117562691759, "log10_subsample": -0.8310575462904496, "max_depth": 9.0, "num_boost_round": 11.0}, "datetime": {"datetime": "2024-01-19 00:48:49", "elapsed": 2234.408277, "delta": 0.097951}}
{"target": -17.676902375436832, "params": {"gamma": 428.7709320539727, "log10_alpha": -3.792101288620395, "log10_colsample_bytree": -0.4368875913694027, "log10_eta": -3.261476622205845, "log10_lambda": -3.948066176222693, "log10_min_child_weight": 0.5212117562691759, "log10_subsample": -0.8310575462904496, "max_depth": 9.0, "num_boost_round": 12.0}, "datetime": {"datetime": "2024-01-19 00:48:49", "elapsed": 2234.410779, "delta": 0.002502}}
{"target": -17.676824799113493, "params": {"gamma": 428.7709320539727, "log10_alpha": -3.792101288620395, "log10_colsample_bytree": -0.4368875913694027, "log10_eta": -3.261476622205845, "log10_lambda": -3.948066176222693, "log10_min_child_weight": 0.5212117562691759, "log10_subsample": -0.8310575462904496, "max_depth": 9.0, "num_boost_round": 13.0}, "datetime": {"datetime": "2024-01-19 00:48:49", "elapsed": 2234.413023, "delta": 0.002244}}
{"target": -17.67675772921523, "params": {"gamma": 428.7709320539727, "log10_alpha": -3.792101288620395, "log10_colsample_bytree": -0.4368875913694027, "log10_eta": -3.261476622205845, "log10_lambda": -3.948066176222693, "log10_min_child_weight": 0.5212117562691759, "log10_subsample": -0.8310575462904496, "max_depth": 9.0, "num_boost_round": 14.0}, "datetime": {"datetime": "2024-01-19 00:48:49", "elapsed": 2234.415618, "delta": 0.002595}}
{"target": -17.676742868678144, "params": {"gamma": 428.7709320539727, "log10_alpha": -3.792101288620395, "log10_colsample_bytree": -0.4368875913694027, "log10_eta": -3.261476622205845, "log10_lambda": -3.948066176222693, "log10_min_child_weight": 0.5212117562691759, "log10_subsample": -0.8310575462904496, "max_depth": 9.0, "num_boost_round": 15.0}, "datetime": {"datetime": "2024-01-19 00:48:49", "elapsed": 2234.418221, "delta": 0.002603}}
{"target": -17.676706274756448, "params": {"gamma": 428.7709320539727, "log10_alpha": -3.792101288620395, "log10_colsample_bytree": -0.4368875913694027, "log10_eta": -3.261476622205845, "log10_lambda": -3.948066176222693, "log10_min_child_weight": 0.5212117562691759, "log10_subsample": -0.8310575462904496, "max_depth": 9.0, "num_boost_round": 16.0}, "datetime": {"datetime": "2024-01-19 00:48:49", "elapsed": 2234.42073, "delta": 0.002509}}
{"target": -17.67671053264849, "params": {"gamma": 428.7709320539727, "log10_alpha": -3.792101288620395, "log10_colsample_bytree": -0.4368875913694027, "log10_eta": -3.261476622205845, "log10_lambda": -3.948066176222693, "log10_min_child_weight": 0.5212117562691759, "log10_subsample": -0.8310575462904496, "max_depth": 9.0, "num_boost_round": 17.0}, "datetime": {"datetime": "2024-01-19 00:48:49", "elapsed": 2234.422896, "delta": 0.002166}}
{"target": -17.67669999523394, "params": {"gamma": 428.7709320539727, "log10_alpha": -3.792101288620395, "log10_colsample_bytree": -0.4368875913694027, "log10_eta": -3.261476622205845, "log10_lambda": -3.948066176222693, "log10_min_child_weight": 0.5212117562691759, "log10_subsample": -0.8310575462904496, "max_depth": 9.0, "num_boost_round": 18.0}, "datetime": {"datetime": "2024-01-19 00:48:49", "elapsed": 2234.42505, "delta": 0.002154}}
{"target": -17.67669180432155, "params": {"gamma": 428.7709320539727, "log10_alpha": -3.792101288620395, "log10_colsample_bytree": -0.4368875913694027, "log10_eta": -3.261476622205845, "log10_lambda": -3.948066176222693, "log10_min_child_weight": 0.5212117562691759, "log10_subsample": -0.8310575462904496, "max_depth": 9.0, "num_boost_round": 19.0}, "datetime": {"datetime": "2024-01-19 00:48:49", "elapsed": 2234.427192, "delta": 0.002142}}
{"target": -17.676629817812938, "params": {"gamma": 428.7709320539727, "log10_alpha": -3.792101288620395, "log10_colsample_bytree": -0.4368875913694027, "log10_eta": -3.261476622205845, "log10_lambda": -3.948066176222693, "log10_min_child_weight": 0.5212117562691759, "log10_subsample": -0.8310575462904496, "max_depth": 9.0, "num_boost_round": 20.0}, "datetime": {"datetime": "2024-01-19 00:48:49", "elapsed": 2234.429339, "delta": 0.002147}}
{"target": -17.676595351594585, "params": {"gamma": 428.7709320539727, "log10_alpha": -3.792101288620395, "log10_colsample_bytree": -0.4368875913694027, "log10_eta": -3.261476622205845, "log10_lambda": -3.948066176222693, "log10_min_child_weight": 0.5212117562691759, "log10_subsample": -0.8310575462904496, "max_depth": 9.0, "num_boost_round": 21.0}, "datetime": {"datetime": "2024-01-19 00:48:49", "elapsed": 2234.431515, "delta": 0.002176}}
{"target": -17.67653342924043, "params": {"gamma": 428.7709320539727, "log10_alpha": -3.792101288620395, "log10_colsample_bytree": -0.4368875913694027, "log10_eta": -3.261476622205845, "log10_lambda": -3.948066176222693, "log10_min_child_weight": 0.5212117562691759, "log10_subsample": -0.8310575462904496, "max_depth": 9.0, "num_boost_round": 22.0}, "datetime": {"datetime": "2024-01-19 00:48:49", "elapsed": 2234.433784, "delta": 0.002269}}
{"target": -17.676503801495848, "params": {"gamma": 428.7709320539727, "log10_alpha": -3.792101288620395, "log10_colsample_bytree": -0.4368875913694027, "log10_eta": -3.261476622205845, "log10_lambda": -3.948066176222693, "log10_min_child_weight": 0.5212117562691759, "log10_subsample": -0.8310575462904496, "max_depth": 9.0, "num_boost_round": 23.0}, "datetime": {"datetime": "2024-01-19 00:48:49", "elapsed": 2234.435975, "delta": 0.002191}}
{"target": -17.67722792197202, "params": {"gamma": 429.40184145063023, "log10_alpha": -0.2363391403749464, "log10_colsample_bytree": -0.22071142769524366, "log10_eta": -2.214977772366841, "log10_lambda": -3.0667257030626214, "log10_min_child_weight": 1.7927247581089651, "log10_subsample": -0.018392014141849433, "max_depth": 8.0, "num_boost_round": 0.0}, "datetime": {"datetime": "2024-01-19 00:49:22", "elapsed": 2267.188163, "delta": 32.752188}}
{"target": -17.677006472691925, "params": {"gamma": 429.40184145063023, "log10_alpha": -0.2363391403749464, "log10_colsample_bytree": -0.22071142769524366, "log10_eta": -2.214977772366841, "log10_lambda": -3.0667257030626214, "log10_min_child_weight": 1.7927247581089651, "log10_subsample": -0.018392014141849433, "max_depth": 8.0, "num_boost_round": 1.0}, "datetime": {"datetime": "2024-01-19 00:49:22", "elapsed": 2267.190902, "delta": 0.002739}}
{"target": -17.676927452609753, "params": {"gamma": 429.40184145063023, "log10_alpha": -0.2363391403749464, "log10_colsample_bytree": -0.22071142769524366, "log10_eta": -2.214977772366841, "log10_lambda": -3.0667257030626214, "log10_min_child_weight": 1.7927247581089651, "log10_subsample": -0.018392014141849433, "max_depth": 8.0, "num_boost_round": 2.0}, "datetime": {"datetime": "2024-01-19 00:49:22", "elapsed": 2267.193098, "delta": 0.002196}}
{"target": -17.676780450730206, "params": {"gamma": 429.40184145063023, "log10_alpha": -0.2363391403749464, "log10_colsample_bytree": -0.22071142769524366, "log10_eta": -2.214977772366841, "log10_lambda": -3.0667257030626214, "log10_min_child_weight": 1.7927247581089651, "log10_subsample": -0.018392014141849433, "max_depth": 8.0, "num_boost_round": 3.0}, "datetime": {"datetime": "2024-01-19 00:49:22", "elapsed": 2267.195316, "delta": 0.002218}}
{"target": -17.675977486523774, "params": {"gamma": 429.40184145063023, "log10_alpha": -0.2363391403749464, "log10_colsample_bytree": -0.22071142769524366, "log10_eta": -2.214977772366841, "log10_lambda": -3.0667257030626214, "log10_min_child_weight": 1.7927247581089651, "log10_subsample": -0.018392014141849433, "max_depth": 8.0, "num_boost_round": 4.0}, "datetime": {"datetime": "2024-01-19 00:49:22", "elapsed": 2267.197458, "delta": 0.002142}}
{"target": -17.675377181792634, "params": {"gamma": 429.40184145063023, "log10_alpha": -0.2363391403749464, "log10_colsample_bytree": -0.22071142769524366, "log10_eta": -2.214977772366841, "log10_lambda": -3.0667257030626214, "log10_min_child_weight": 1.7927247581089651, "log10_subsample": -0.018392014141849433, "max_depth": 8.0, "num_boost_round": 5.0}, "datetime": {"datetime": "2024-01-19 00:49:22", "elapsed": 2267.199568, "delta": 0.00211}}
{"target": -17.67533423867007, "params": {"gamma": 429.40184145063023, "log10_alpha": -0.2363391403749464, "log10_colsample_bytree": -0.22071142769524366, "log10_eta": -2.214977772366841, "log10_lambda": -3.0667257030626214, "log10_min_child_weight": 1.7927247581089651, "log10_subsample": -0.018392014141849433, "max_depth": 8.0, "num_boost_round": 6.0}, "datetime": {"datetime": "2024-01-19 00:49:22", "elapsed": 2267.201682, "delta": 0.002114}}
{"target": -17.674835813602844, "params": {"gamma": 429.40184145063023, "log10_alpha": -0.2363391403749464, "log10_colsample_bytree": -0.22071142769524366, "log10_eta": -2.214977772366841, "log10_lambda": -3.0667257030626214, "log10_min_child_weight": 1.7927247581089651, "log10_subsample": -0.018392014141849433, "max_depth": 8.0, "num_boost_round": 7.0}, "datetime": {"datetime": "2024-01-19 00:49:22", "elapsed": 2267.203797, "delta": 0.002115}}
{"target": -17.67435312306721, "params": {"gamma": 429.40184145063023, "log10_alpha": -0.2363391403749464, "log10_colsample_bytree": -0.22071142769524366, "log10_eta": -2.214977772366841, "log10_lambda": -3.0667257030626214, "log10_min_child_weight": 1.7927247581089651, "log10_subsample": -0.018392014141849433, "max_depth": 8.0, "num_boost_round": 8.0}, "datetime": {"datetime": "2024-01-19 00:49:22", "elapsed": 2267.20591, "delta": 0.002113}}
{"target": -17.674174484369832, "params": {"gamma": 429.40184145063023, "log10_alpha": -0.2363391403749464, "log10_colsample_bytree": -0.22071142769524366, "log10_eta": -2.214977772366841, "log10_lambda": -3.0667257030626214, "log10_min_child_weight": 1.7927247581089651, "log10_subsample": -0.018392014141849433, "max_depth": 8.0, "num_boost_round": 9.0}, "datetime": {"datetime": "2024-01-19 00:49:22", "elapsed": 2267.208018, "delta": 0.002108}}
{"target": -17.674490261181003, "params": {"gamma": 429.40184145063023, "log10_alpha": -0.2363391403749464, "log10_colsample_bytree": -0.22071142769524366, "log10_eta": -2.214977772366841, "log10_lambda": -3.0667257030626214, "log10_min_child_weight": 1.7927247581089651, "log10_subsample": -0.018392014141849433, "max_depth": 8.0, "num_boost_round": 10.0}, "datetime": {"datetime": "2024-01-19 00:49:22", "elapsed": 2267.210129, "delta": 0.002111}}
{"target": -17.67452335422223, "params": {"gamma": 429.40184145063023, "log10_alpha": -0.2363391403749464, "log10_colsample_bytree": -0.22071142769524366, "log10_eta": -2.214977772366841, "log10_lambda": -3.0667257030626214, "log10_min_child_weight": 1.7927247581089651, "log10_subsample": -0.018392014141849433, "max_depth": 8.0, "num_boost_round": 11.0}, "datetime": {"datetime": "2024-01-19 00:49:22", "elapsed": 2267.212431, "delta": 0.002302}}
{"target": -17.674172950635498, "params": {"gamma": 429.40184145063023, "log10_alpha": -0.2363391403749464, "log10_colsample_bytree": -0.22071142769524366, "log10_eta": -2.214977772366841, "log10_lambda": -3.0667257030626214, "log10_min_child_weight": 1.7927247581089651, "log10_subsample": -0.018392014141849433, "max_depth": 8.0, "num_boost_round": 12.0}, "datetime": {"datetime": "2024-01-19 00:49:22", "elapsed": 2267.214621, "delta": 0.00219}}
