{"target": -17.67735250509836, "params": {"gamma": 621.0488033180727, "log10_alpha": -0.5590879288813575, "log10_colsample_bytree": -0.4588164918925962, "log10_eta": -1.3107000744787958, "log10_lambda": -2.595877780773975, "log10_min_child_weight": 4.986545989826939, "log10_subsample": -0.773694599800766, "max_depth": 2.0, "num_boost_round": 56.0}, "datetime": {"datetime": "2024-01-19 02:07:20", "elapsed": 6938.324153, "delta": 0.005935}}
{"target": -17.67667125603968, "params": {"gamma": 614.0019460720338, "log10_alpha": -2.024381591455282, "log10_colsample_bytree": -0.18203901980277448, "log10_eta": -2.080563026908702, "log10_lambda": -1.5047726760843205, "log10_min_child_weight": 1.1648658867203436, "log10_subsample": -0.7072452245827006, "max_depth": 9.0, "num_boost_round": 0.0}, "datetime": {"datetime": "2024-01-19 02:09:12", "elapsed": 7049.771544, "delta": 111.447391}}
{"target": -17.676017874003097, "params": {"gamma": 614.0019460720338, "log10_alpha": -2.024381591455282, "log10_colsample_bytree": -0.18203901980277448, "log10_eta": -2.080563026908702, "log10_lambda": -1.5047726760843205, "log10_min_child_weight": 1.1648658867203436, "log10_subsample": -0.7072452245827006, "max_depth": 9.0, "num_boost_round": 1.0}, "datetime": {"datetime": "2024-01-19 02:09:12", "elapsed": 7049.777856, "delta": 0.006312}}
{"target": -17.67505170289991, "params": {"gamma": 614.0019460720338, "log10_alpha": -2.024381591455282, "log10_colsample_bytree": -0.18203901980277448, "log10_eta": -2.080563026908702, "log10_lambda": -1.5047726760843205, "log10_min_child_weight": 1.1648658867203436, "log10_subsample": -0.7072452245827006, "max_depth": 9.0, "num_boost_round": 2.0}, "datetime": {"datetime": "2024-01-19 02:09:12", "elapsed": 7049.78384, "delta": 0.005984}}
{"target": -17.674509145929456, "params": {"gamma": 614.0019460720338, "log10_alpha": -2.024381591455282, "log10_colsample_bytree": -0.18203901980277448, "log10_eta": -2.080563026908702, "log10_lambda": -1.5047726760843205, "log10_min_child_weight": 1.1648658867203436, "log10_subsample": -0.7072452245827006, "max_depth": 9.0, "num_boost_round": 3.0}, "datetime": {"datetime": "2024-01-19 02:09:12", "elapsed": 7049.789614, "delta": 0.005774}}
{"target": -17.674460313005543, "params": {"gamma": 614.0019460720338, "log10_alpha": -2.024381591455282, "log10_colsample_bytree": -0.18203901980277448, "log10_eta": -2.080563026908702, "log10_lambda": -1.5047726760843205, "log10_min_child_weight": 1.1648658867203436, "log10_subsample": -0.7072452245827006, "max_depth": 9.0, "num_boost_round": 4.0}, "datetime": {"datetime": "2024-01-19 02:09:12", "elapsed": 7049.795354, "delta": 0.00574}}
{"target": -17.674578834343954, "params": {"gamma": 614.0019460720338, "log10_alpha": -2.024381591455282, "log10_colsample_bytree": -0.18203901980277448, "log10_eta": -2.080563026908702, "log10_lambda": -1.5047726760843205, "log10_min_child_weight": 1.1648658867203436, "log10_subsample": -0.7072452245827006, "max_depth": 9.0, "num_boost_round": 5.0}, "datetime": {"datetime": "2024-01-19 02:09:12", "elapsed": 7049.801076, "delta": 0.005722}}
{"target": -17.67471188323546, "params": {"gamma": 614.0019460720338, "log10_alpha": -2.024381591455282, "log10_colsample_bytree": -0.18203901980277448, "log10_eta": -2.080563026908702, "log10_lambda": -1.5047726760843205, "log10_min_child_weight": 1.1648658867203436, "log10_subsample": -0.7072452245827006, "max_depth": 9.0, "num_boost_round": 6.0}, "datetime": {"datetime": "2024-01-19 02:09:12", "elapsed": 7049.806727, "delta": 0.005651}}
{"target": -17.67425726762865, "params": {"gamma": 614.0019460720338, "log10_alpha": -2.024381591455282, "log10_colsample_bytree": -0.18203901980277448, "log10_eta": -2.080563026908702, "log10_lambda": -1.5047726760843205, "log10_min_child_weight": 1.1648658867203436, "log10_subsample": -0.7072452245827006, "max_depth": 9.0, "num_boost_round": 7.0}, "datetime": {"datetime": "2024-01-19 02:09:12", "elapsed": 7049.812483, "delta": 0.005756}}
{"target": -17.674851259600487, "params": {"gamma": 614.0019460720338, "log10_alpha": -2.024381591455282, "log10_colsample_bytree": -0.18203901980277448, "log10_eta": -2.080563026908702, "log10_lambda": -1.5047726760843205, "log10_min_child_weight": 1.1648658867203436, "log10_subsample": -0.7072452245827006, "max_depth": 9.0, "num_boost_round": 8.0}, "datetime": {"datetime": "2024-01-19 02:09:12", "elapsed": 7049.818218, "delta": 0.005735}}
{"target": -17.675130065988004, "params": {"gamma": 614.0019460720338, "log10_alpha": -2.024381591455282, "log10_colsample_bytree": -0.18203901980277448, "log10_eta": -2.080563026908702, "log10_lambda": -1.5047726760843205, "log10_min_child_weight": 1.1648658867203436, "log10_subsample": -0.7072452245827006, "max_depth": 9.0, "num_boost_round": 9.0}, "datetime": {"datetime": "2024-01-19 02:09:12", "elapsed": 7049.823966, "delta": 0.005748}}
{"target": -17.675333386167665, "params": {"gamma": 614.0019460720338, "log10_alpha": -2.024381591455282, "log10_colsample_bytree": -0.18203901980277448, "log10_eta": -2.080563026908702, "log10_lambda": -1.5047726760843205, "log10_min_child_weight": 1.1648658867203436, "log10_subsample": -0.7072452245827006, "max_depth": 9.0, "num_boost_round": 10.0}, "datetime": {"datetime": "2024-01-19 02:09:12", "elapsed": 7049.82998, "delta": 0.006014}}
{"target": -17.675747742215062, "params": {"gamma": 614.0019460720338, "log10_alpha": -2.024381591455282, "log10_colsample_bytree": -0.18203901980277448, "log10_eta": -2.080563026908702, "log10_lambda": -1.5047726760843205, "log10_min_child_weight": 1.1648658867203436, "log10_subsample": -0.7072452245827006, "max_depth": 9.0, "num_boost_round": 11.0}, "datetime": {"datetime": "2024-01-19 02:09:12", "elapsed": 7049.836317, "delta": 0.006337}}
{"target": -17.67599264533157, "params": {"gamma": 614.0019460720338, "log10_alpha": -2.024381591455282, "log10_colsample_bytree": -0.18203901980277448, "log10_eta": -2.080563026908702, "log10_lambda": -1.5047726760843205, "log10_min_child_weight": 1.1648658867203436, "log10_subsample": -0.7072452245827006, "max_depth": 9.0, "num_boost_round": 12.0}, "datetime": {"datetime": "2024-01-19 02:09:12", "elapsed": 7049.843125, "delta": 0.006808}}
{"target": -17.676149568535276, "params": {"gamma": 614.0019460720338, "log10_alpha": -2.024381591455282, "log10_colsample_bytree": -0.18203901980277448, "log10_eta": -2.080563026908702, "log10_lambda": -1.5047726760843205, "log10_min_child_weight": 1.1648658867203436, "log10_subsample": -0.7072452245827006, "max_depth": 9.0, "num_boost_round": 13.0}, "datetime": {"datetime": "2024-01-19 02:09:12", "elapsed": 7049.850005, "delta": 0.00688}}
{"target": -17.67595942284109, "params": {"gamma": 614.0019460720338, "log10_alpha": -2.024381591455282, "log10_colsample_bytree": -0.18203901980277448, "log10_eta": -2.080563026908702, "log10_lambda": -1.5047726760843205, "log10_min_child_weight": 1.1648658867203436, "log10_subsample": -0.7072452245827006, "max_depth": 9.0, "num_boost_round": 14.0}, "datetime": {"datetime": "2024-01-19 02:09:12", "elapsed": 7049.855928, "delta": 0.005923}}
{"target": -17.67552748640394, "params": {"gamma": 614.0019460720338, "log10_alpha": -2.024381591455282, "log10_colsample_bytree": -0.18203901980277448, "log10_eta": -2.080563026908702, "log10_lambda": -1.5047726760843205, "log10_min_child_weight": 1.1648658867203436, "log10_subsample": -0.7072452245827006, "max_depth": 9.0, "num_boost_round": 15.0}, "datetime": {"datetime": "2024-01-19 02:09:12", "elapsed": 7049.861719, "delta": 0.005791}}
{"target": -17.675813835976754, "params": {"gamma": 614.0019460720338, "log10_alpha": -2.024381591455282, "log10_colsample_bytree": -0.18203901980277448, "log10_eta": -2.080563026908702, "log10_lambda": -1.5047726760843205, "log10_min_child_weight": 1.1648658867203436, "log10_subsample": -0.7072452245827006, "max_depth": 9.0, "num_boost_round": 16.0}, "datetime": {"datetime": "2024-01-19 02:09:12", "elapsed": 7049.867417, "delta": 0.005698}}
{"target": -17.675527318143835, "params": {"gamma": 614.0019460720338, "log10_alpha": -2.024381591455282, "log10_colsample_bytree": -0.18203901980277448, "log10_eta": -2.080563026908702, "log10_lambda": -1.5047726760843205, "log10_min_child_weight": 1.1648658867203436, "log10_subsample": -0.7072452245827006, "max_depth": 9.0, "num_boost_round": 17.0}, "datetime": {"datetime": "2024-01-19 02:09:12", "elapsed": 7049.873115, "delta": 0.005698}}
{"target": -17.675723521563377, "params": {"gamma": 614.0019460720338, "log10_alpha": -2.024381591455282, "log10_colsample_bytree": -0.18203901980277448, "log10_eta": -2.080563026908702, "log10_lambda": -1.5047726760843205, "log10_min_child_weight": 1.1648658867203436, "log10_subsample": -0.7072452245827006, "max_depth": 9.0, "num_boost_round": 18.0}, "datetime": {"datetime": "2024-01-19 02:09:12", "elapsed": 7049.878798, "delta": 0.005683}}
{"target": -17.675773868059036, "params": {"gamma": 614.0019460720338, "log10_alpha": -2.024381591455282, "log10_colsample_bytree": -0.18203901980277448, "log10_eta": -2.080563026908702, "log10_lambda": -1.5047726760843205, "log10_min_child_weight": 1.1648658867203436, "log10_subsample": -0.7072452245827006, "max_depth": 9.0, "num_boost_round": 19.0}, "datetime": {"datetime": "2024-01-19 02:09:12", "elapsed": 7049.884535, "delta": 0.005737}}
{"target": -17.67612306638427, "params": {"gamma": 614.0019460720338, "log10_alpha": -2.024381591455282, "log10_colsample_bytree": -0.18203901980277448, "log10_eta": -2.080563026908702, "log10_lambda": -1.5047726760843205, "log10_min_child_weight": 1.1648658867203436, "log10_subsample": -0.7072452245827006, "max_depth": 9.0, "num_boost_round": 20.0}, "datetime": {"datetime": "2024-01-19 02:09:12", "elapsed": 7049.890289, "delta": 0.005754}}
{"target": -17.676407045990416, "params": {"gamma": 614.0019460720338, "log10_alpha": -2.024381591455282, "log10_colsample_bytree": -0.18203901980277448, "log10_eta": -2.080563026908702, "log10_lambda": -1.5047726760843205, "log10_min_child_weight": 1.1648658867203436, "log10_subsample": -0.7072452245827006, "max_depth": 9.0, "num_boost_round": 21.0}, "datetime": {"datetime": "2024-01-19 02:09:12", "elapsed": 7049.89609, "delta": 0.005801}}
{"target": -17.675737885087376, "params": {"gamma": 614.0019460720338, "log10_alpha": -2.024381591455282, "log10_colsample_bytree": -0.18203901980277448, "log10_eta": -2.080563026908702, "log10_lambda": -1.5047726760843205, "log10_min_child_weight": 1.1648658867203436, "log10_subsample": -0.7072452245827006, "max_depth": 9.0, "num_boost_round": 22.0}, "datetime": {"datetime": "2024-01-19 02:09:12", "elapsed": 7049.901971, "delta": 0.005881}}
{"target": -17.675609555904785, "params": {"gamma": 614.0019460720338, "log10_alpha": -2.024381591455282, "log10_colsample_bytree": -0.18203901980277448, "log10_eta": -2.080563026908702, "log10_lambda": -1.5047726760843205, "log10_min_child_weight": 1.1648658867203436, "log10_subsample": -0.7072452245827006, "max_depth": 9.0, "num_boost_round": 23.0}, "datetime": {"datetime": "2024-01-19 02:09:12", "elapsed": 7049.908228, "delta": 0.006257}}
{"target": -17.67600412734844, "params": {"gamma": 614.0019460720338, "log10_alpha": -2.024381591455282, "log10_colsample_bytree": -0.18203901980277448, "log10_eta": -2.080563026908702, "log10_lambda": -1.5047726760843205, "log10_min_child_weight": 1.1648658867203436, "log10_subsample": -0.7072452245827006, "max_depth": 9.0, "num_boost_round": 24.0}, "datetime": {"datetime": "2024-01-19 02:09:12", "elapsed": 7049.914515, "delta": 0.006287}}
{"target": -17.676033741411725, "params": {"gamma": 614.0019460720338, "log10_alpha": -2.024381591455282, "log10_colsample_bytree": -0.18203901980277448, "log10_eta": -2.080563026908702, "log10_lambda": -1.5047726760843205, "log10_min_child_weight": 1.1648658867203436, "log10_subsample": -0.7072452245827006, "max_depth": 9.0, "num_boost_round": 25.0}, "datetime": {"datetime": "2024-01-19 02:09:12", "elapsed": 7049.920324, "delta": 0.005809}}
{"target": -17.676243523017387, "params": {"gamma": 614.0019460720338, "log10_alpha": -2.024381591455282, "log10_colsample_bytree": -0.18203901980277448, "log10_eta": -2.080563026908702, "log10_lambda": -1.5047726760843205, "log10_min_child_weight": 1.1648658867203436, "log10_subsample": -0.7072452245827006, "max_depth": 9.0, "num_boost_round": 26.0}, "datetime": {"datetime": "2024-01-19 02:09:12", "elapsed": 7049.926047, "delta": 0.005723}}
{"target": -17.676845616080236, "params": {"gamma": 614.0019460720338, "log10_alpha": -2.024381591455282, "log10_colsample_bytree": -0.18203901980277448, "log10_eta": -2.080563026908702, "log10_lambda": -1.5047726760843205, "log10_min_child_weight": 1.1648658867203436, "log10_subsample": -0.7072452245827006, "max_depth": 9.0, "num_boost_round": 27.0}, "datetime": {"datetime": "2024-01-19 02:09:12", "elapsed": 7049.931831, "delta": 0.005784}}
{"target": -17.676443673892653, "params": {"gamma": 614.0019460720338, "log10_alpha": -2.024381591455282, "log10_colsample_bytree": -0.18203901980277448, "log10_eta": -2.080563026908702, "log10_lambda": -1.5047726760843205, "log10_min_child_weight": 1.1648658867203436, "log10_subsample": -0.7072452245827006, "max_depth": 9.0, "num_boost_round": 28.0}, "datetime": {"datetime": "2024-01-19 02:09:12", "elapsed": 7049.937554, "delta": 0.005723}}
{"target": -17.676759691547357, "params": {"gamma": 614.0019460720338, "log10_alpha": -2.024381591455282, "log10_colsample_bytree": -0.18203901980277448, "log10_eta": -2.080563026908702, "log10_lambda": -1.5047726760843205, "log10_min_child_weight": 1.1648658867203436, "log10_subsample": -0.7072452245827006, "max_depth": 9.0, "num_boost_round": 29.0}, "datetime": {"datetime": "2024-01-19 02:09:12", "elapsed": 7049.943333, "delta": 0.005779}}
{"target": -17.677215105054014, "params": {"gamma": 614.0019460720338, "log10_alpha": -2.024381591455282, "log10_colsample_bytree": -0.18203901980277448, "log10_eta": -2.080563026908702, "log10_lambda": -1.5047726760843205, "log10_min_child_weight": 1.1648658867203436, "log10_subsample": -0.7072452245827006, "max_depth": 9.0, "num_boost_round": 30.0}, "datetime": {"datetime": "2024-01-19 02:09:12", "elapsed": 7049.949069, "delta": 0.005736}}
{"target": -17.67736467353738, "params": {"gamma": 614.0019460720338, "log10_alpha": -2.024381591455282, "log10_colsample_bytree": -0.18203901980277448, "log10_eta": -2.080563026908702, "log10_lambda": -1.5047726760843205, "log10_min_child_weight": 1.1648658867203436, "log10_subsample": -0.7072452245827006, "max_depth": 9.0, "num_boost_round": 31.0}, "datetime": {"datetime": "2024-01-19 02:09:12", "elapsed": 7049.954784, "delta": 0.005715}}
{"target": -17.677457554180787, "params": {"gamma": 614.0019460720338, "log10_alpha": -2.024381591455282, "log10_colsample_bytree": -0.18203901980277448, "log10_eta": -2.080563026908702, "log10_lambda": -1.5047726760843205, "log10_min_child_weight": 1.1648658867203436, "log10_subsample": -0.7072452245827006, "max_depth": 9.0, "num_boost_round": 32.0}, "datetime": {"datetime": "2024-01-19 02:09:12", "elapsed": 7049.960565, "delta": 0.005781}}
{"target": -17.677911981371647, "params": {"gamma": 614.0019460720338, "log10_alpha": -2.024381591455282, "log10_colsample_bytree": -0.18203901980277448, "log10_eta": -2.080563026908702, "log10_lambda": -1.5047726760843205, "log10_min_child_weight": 1.1648658867203436, "log10_subsample": -0.7072452245827006, "max_depth": 9.0, "num_boost_round": 33.0}, "datetime": {"datetime": "2024-01-19 02:09:12", "elapsed": 7049.966375, "delta": 0.00581}}
{"target": -17.678414648280125, "params": {"gamma": 614.0019460720338, "log10_alpha": -2.024381591455282, "log10_colsample_bytree": -0.18203901980277448, "log10_eta": -2.080563026908702, "log10_lambda": -1.5047726760843205, "log10_min_child_weight": 1.1648658867203436, "log10_subsample": -0.7072452245827006, "max_depth": 9.0, "num_boost_round": 34.0}, "datetime": {"datetime": "2024-01-19 02:09:12", "elapsed": 7049.972293, "delta": 0.005918}}
{"target": -17.67867032676997, "params": {"gamma": 614.0019460720338, "log10_alpha": -2.024381591455282, "log10_colsample_bytree": -0.18203901980277448, "log10_eta": -2.080563026908702, "log10_lambda": -1.5047726760843205, "log10_min_child_weight": 1.1648658867203436, "log10_subsample": -0.7072452245827006, "max_depth": 9.0, "num_boost_round": 35.0}, "datetime": {"datetime": "2024-01-19 02:09:12", "elapsed": 7049.979343, "delta": 0.00705}}
{"target": -17.679545428046605, "params": {"gamma": 614.0019460720338, "log10_alpha": -2.024381591455282, "log10_colsample_bytree": -0.18203901980277448, "log10_eta": -2.080563026908702, "log10_lambda": -1.5047726760843205, "log10_min_child_weight": 1.1648658867203436, "log10_subsample": -0.7072452245827006, "max_depth": 9.0, "num_boost_round": 36.0}, "datetime": {"datetime": "2024-01-19 02:09:12", "elapsed": 7049.9857, "delta": 0.006357}}
{"target": -17.679679158336466, "params": {"gamma": 614.0019460720338, "log10_alpha": -2.024381591455282, "log10_colsample_bytree": -0.18203901980277448, "log10_eta": -2.080563026908702, "log10_lambda": -1.5047726760843205, "log10_min_child_weight": 1.1648658867203436, "log10_subsample": -0.7072452245827006, "max_depth": 9.0, "num_boost_round": 37.0}, "datetime": {"datetime": "2024-01-19 02:09:12", "elapsed": 7049.99152, "delta": 0.00582}}
{"target": -17.68069592800198, "params": {"gamma": 614.0019460720338, "log10_alpha": -2.024381591455282, "log10_colsample_bytree": -0.18203901980277448, "log10_eta": -2.080563026908702, "log10_lambda": -1.5047726760843205, "log10_min_child_weight": 1.1648658867203436, "log10_subsample": -0.7072452245827006, "max_depth": 9.0, "num_boost_round": 38.0}, "datetime": {"datetime": "2024-01-19 02:09:12", "elapsed": 7049.997221, "delta": 0.005701}}
{"target": -17.681322436011605, "params": {"gamma": 614.0019460720338, "log10_alpha": -2.024381591455282, "log10_colsample_bytree": -0.18203901980277448, "log10_eta": -2.080563026908702, "log10_lambda": -1.5047726760843205, "log10_min_child_weight": 1.1648658867203436, "log10_subsample": -0.7072452245827006, "max_depth": 9.0, "num_boost_round": 39.0}, "datetime": {"datetime": "2024-01-19 02:09:12", "elapsed": 7050.00292, "delta": 0.005699}}
{"target": -17.682394057048814, "params": {"gamma": 614.0019460720338, "log10_alpha": -2.024381591455282, "log10_colsample_bytree": -0.18203901980277448, "log10_eta": -2.080563026908702, "log10_lambda": -1.5047726760843205, "log10_min_child_weight": 1.1648658867203436, "log10_subsample": -0.7072452245827006, "max_depth": 9.0, "num_boost_round": 40.0}, "datetime": {"datetime": "2024-01-19 02:09:12", "elapsed": 7050.008596, "delta": 0.005676}}
{"target": -17.68287290289271, "params": {"gamma": 614.0019460720338, "log10_alpha": -2.024381591455282, "log10_colsample_bytree": -0.18203901980277448, "log10_eta": -2.080563026908702, "log10_lambda": -1.5047726760843205, "log10_min_child_weight": 1.1648658867203436, "log10_subsample": -0.7072452245827006, "max_depth": 9.0, "num_boost_round": 41.0}, "datetime": {"datetime": "2024-01-19 02:09:12", "elapsed": 7050.014348, "delta": 0.005752}}
{"target": -17.682943747370135, "params": {"gamma": 614.0019460720338, "log10_alpha": -2.024381591455282, "log10_colsample_bytree": -0.18203901980277448, "log10_eta": -2.080563026908702, "log10_lambda": -1.5047726760843205, "log10_min_child_weight": 1.1648658867203436, "log10_subsample": -0.7072452245827006, "max_depth": 9.0, "num_boost_round": 42.0}, "datetime": {"datetime": "2024-01-19 02:09:12", "elapsed": 7050.020141, "delta": 0.005793}}
{"target": -17.68348863543968, "params": {"gamma": 614.0019460720338, "log10_alpha": -2.024381591455282, "log10_colsample_bytree": -0.18203901980277448, "log10_eta": -2.080563026908702, "log10_lambda": -1.5047726760843205, "log10_min_child_weight": 1.1648658867203436, "log10_subsample": -0.7072452245827006, "max_depth": 9.0, "num_boost_round": 43.0}, "datetime": {"datetime": "2024-01-19 02:09:12", "elapsed": 7050.025896, "delta": 0.005755}}
{"target": -17.68377419805212, "params": {"gamma": 614.0019460720338, "log10_alpha": -2.024381591455282, "log10_colsample_bytree": -0.18203901980277448, "log10_eta": -2.080563026908702, "log10_lambda": -1.5047726760843205, "log10_min_child_weight": 1.1648658867203436, "log10_subsample": -0.7072452245827006, "max_depth": 9.0, "num_boost_round": 44.0}, "datetime": {"datetime": "2024-01-19 02:09:12", "elapsed": 7050.03171, "delta": 0.005814}}
{"target": -17.68389632220734, "params": {"gamma": 614.0019460720338, "log10_alpha": -2.024381591455282, "log10_colsample_bytree": -0.18203901980277448, "log10_eta": -2.080563026908702, "log10_lambda": -1.5047726760843205, "log10_min_child_weight": 1.1648658867203436, "log10_subsample": -0.7072452245827006, "max_depth": 9.0, "num_boost_round": 45.0}, "datetime": {"datetime": "2024-01-19 02:09:12", "elapsed": 7050.037639, "delta": 0.005929}}
{"target": -17.684566005477013, "params": {"gamma": 614.0019460720338, "log10_alpha": -2.024381591455282, "log10_colsample_bytree": -0.18203901980277448, "log10_eta": -2.080563026908702, "log10_lambda": -1.5047726760843205, "log10_min_child_weight": 1.1648658867203436, "log10_subsample": -0.7072452245827006, "max_depth": 9.0, "num_boost_round": 46.0}, "datetime": {"datetime": "2024-01-19 02:09:12", "elapsed": 7050.043826, "delta": 0.006187}}
{"target": -17.68481060693503, "params": {"gamma": 614.0019460720338, "log10_alpha": -2.024381591455282, "log10_colsample_bytree": -0.18203901980277448, "log10_eta": -2.080563026908702, "log10_lambda": -1.5047726760843205, "log10_min_child_weight": 1.1648658867203436, "log10_subsample": -0.7072452245827006, "max_depth": 9.0, "num_boost_round": 47.0}, "datetime": {"datetime": "2024-01-19 02:09:12", "elapsed": 7050.049922, "delta": 0.006096}}
