{"target": -13.758521248440902, "params": {"gamma": 868.9206165123105, "log10_alpha": 0.7109154220633638, "log10_colsample_bytree": -0.8997176204274844, "log10_eta": -3.191869097407485, "log10_lambda": -0.08278326966104288, "log10_min_child_weight": 3.930645536429056, "log10_subsample": -0.2823125707965416, "max_depth": 6.0, "num_boost_round": 6.0}, "datetime": {"datetime": "2024-01-19 00:40:02", "elapsed": 1722.273911, "delta": 0.002081}}
{"target": -13.758515209749739, "params": {"gamma": 868.9206165123105, "log10_alpha": 0.7109154220633638, "log10_colsample_bytree": -0.8997176204274844, "log10_eta": -3.191869097407485, "log10_lambda": -0.08278326966104288, "log10_min_child_weight": 3.930645536429056, "log10_subsample": -0.2823125707965416, "max_depth": 6.0, "num_boost_round": 7.0}, "datetime": {"datetime": "2024-01-19 00:40:02", "elapsed": 1722.27604, "delta": 0.002129}}
{"target": -13.758499496496434, "params": {"gamma": 868.9206165123105, "log10_alpha": 0.7109154220633638, "log10_colsample_bytree": -0.8997176204274844, "log10_eta": -3.191869097407485, "log10_lambda": -0.08278326966104288, "log10_min_child_weight": 3.930645536429056, "log10_subsample": -0.2823125707965416, "max_depth": 6.0, "num_boost_round": 8.0}, "datetime": {"datetime": "2024-01-19 00:40:02", "elapsed": 1722.2779, "delta": 0.00186}}
{"target": -13.758494954457555, "params": {"gamma": 868.9206165123105, "log10_alpha": 0.7109154220633638, "log10_colsample_bytree": -0.8997176204274844, "log10_eta": -3.191869097407485, "log10_lambda": -0.08278326966104288, "log10_min_child_weight": 3.930645536429056, "log10_subsample": -0.2823125707965416, "max_depth": 6.0, "num_boost_round": 9.0}, "datetime": {"datetime": "2024-01-19 00:40:02", "elapsed": 1722.279901, "delta": 0.002001}}
{"target": -13.758482433306591, "params": {"gamma": 868.9206165123105, "log10_alpha": 0.7109154220633638, "log10_colsample_bytree": -0.8997176204274844, "log10_eta": -3.191869097407485, "log10_lambda": -0.08278326966104288, "log10_min_child_weight": 3.930645536429056, "log10_subsample": -0.2823125707965416, "max_depth": 6.0, "num_boost_round": 10.0}, "datetime": {"datetime": "2024-01-19 00:40:02", "elapsed": 1722.281949, "delta": 0.002048}}
{"target": -13.758487324450252, "params": {"gamma": 868.9206165123105, "log10_alpha": 0.7109154220633638, "log10_colsample_bytree": -0.8997176204274844, "log10_eta": -3.191869097407485, "log10_lambda": -0.08278326966104288, "log10_min_child_weight": 3.930645536429056, "log10_subsample": -0.2823125707965416, "max_depth": 6.0, "num_boost_round": 11.0}, "datetime": {"datetime": "2024-01-19 00:40:02", "elapsed": 1722.283908, "delta": 0.001959}}
{"target": -13.758473539351725, "params": {"gamma": 868.9206165123105, "log10_alpha": 0.7109154220633638, "log10_colsample_bytree": -0.8997176204274844, "log10_eta": -3.191869097407485, "log10_lambda": -0.08278326966104288, "log10_min_child_weight": 3.930645536429056, "log10_subsample": -0.2823125707965416, "max_depth": 6.0, "num_boost_round": 12.0}, "datetime": {"datetime": "2024-01-19 00:40:02", "elapsed": 1722.285829, "delta": 0.001921}}
{"target": -13.75847058440185, "params": {"gamma": 868.9206165123105, "log10_alpha": 0.7109154220633638, "log10_colsample_bytree": -0.8997176204274844, "log10_eta": -3.191869097407485, "log10_lambda": -0.08278326966104288, "log10_min_child_weight": 3.930645536429056, "log10_subsample": -0.2823125707965416, "max_depth": 6.0, "num_boost_round": 13.0}, "datetime": {"datetime": "2024-01-19 00:40:02", "elapsed": 1722.287729, "delta": 0.0019}}
{"target": -13.75846354224474, "params": {"gamma": 868.9206165123105, "log10_alpha": 0.7109154220633638, "log10_colsample_bytree": -0.8997176204274844, "log10_eta": -3.191869097407485, "log10_lambda": -0.08278326966104288, "log10_min_child_weight": 3.930645536429056, "log10_subsample": -0.2823125707965416, "max_depth": 6.0, "num_boost_round": 14.0}, "datetime": {"datetime": "2024-01-19 00:40:02", "elapsed": 1722.289756, "delta": 0.002027}}
{"target": -13.7584456347862, "params": {"gamma": 868.9206165123105, "log10_alpha": 0.7109154220633638, "log10_colsample_bytree": -0.8997176204274844, "log10_eta": -3.191869097407485, "log10_lambda": -0.08278326966104288, "log10_min_child_weight": 3.930645536429056, "log10_subsample": -0.2823125707965416, "max_depth": 6.0, "num_boost_round": 15.0}, "datetime": {"datetime": "2024-01-19 00:40:02", "elapsed": 1722.291738, "delta": 0.001982}}
{"target": -13.758447102278181, "params": {"gamma": 868.9206165123105, "log10_alpha": 0.7109154220633638, "log10_colsample_bytree": -0.8997176204274844, "log10_eta": -3.191869097407485, "log10_lambda": -0.08278326966104288, "log10_min_child_weight": 3.930645536429056, "log10_subsample": -0.2823125707965416, "max_depth": 6.0, "num_boost_round": 16.0}, "datetime": {"datetime": "2024-01-19 00:40:02", "elapsed": 1722.293746, "delta": 0.002008}}
{"target": -13.75843766244052, "params": {"gamma": 868.9206165123105, "log10_alpha": 0.7109154220633638, "log10_colsample_bytree": -0.8997176204274844, "log10_eta": -3.191869097407485, "log10_lambda": -0.08278326966104288, "log10_min_child_weight": 3.930645536429056, "log10_subsample": -0.2823125707965416, "max_depth": 6.0, "num_boost_round": 17.0}, "datetime": {"datetime": "2024-01-19 00:40:02", "elapsed": 1722.295612, "delta": 0.001866}}
{"target": -13.758433540696059, "params": {"gamma": 868.9206165123105, "log10_alpha": 0.7109154220633638, "log10_colsample_bytree": -0.8997176204274844, "log10_eta": -3.191869097407485, "log10_lambda": -0.08278326966104288, "log10_min_child_weight": 3.930645536429056, "log10_subsample": -0.2823125707965416, "max_depth": 6.0, "num_boost_round": 18.0}, "datetime": {"datetime": "2024-01-19 00:40:02", "elapsed": 1722.297561, "delta": 0.001949}}
{"target": -13.758433719172514, "params": {"gamma": 868.9206165123105, "log10_alpha": 0.7109154220633638, "log10_colsample_bytree": -0.8997176204274844, "log10_eta": -3.191869097407485, "log10_lambda": -0.08278326966104288, "log10_min_child_weight": 3.930645536429056, "log10_subsample": -0.2823125707965416, "max_depth": 6.0, "num_boost_round": 19.0}, "datetime": {"datetime": "2024-01-19 00:40:02", "elapsed": 1722.299566, "delta": 0.002005}}
{"target": -13.758427536371817, "params": {"gamma": 868.9206165123105, "log10_alpha": 0.7109154220633638, "log10_colsample_bytree": -0.8997176204274844, "log10_eta": -3.191869097407485, "log10_lambda": -0.08278326966104288, "log10_min_child_weight": 3.930645536429056, "log10_subsample": -0.2823125707965416, "max_depth": 6.0, "num_boost_round": 20.0}, "datetime": {"datetime": "2024-01-19 00:40:02", "elapsed": 1722.301682, "delta": 0.002116}}
{"target": -13.75842128782302, "params": {"gamma": 868.9206165123105, "log10_alpha": 0.7109154220633638, "log10_colsample_bytree": -0.8997176204274844, "log10_eta": -3.191869097407485, "log10_lambda": -0.08278326966104288, "log10_min_child_weight": 3.930645536429056, "log10_subsample": -0.2823125707965416, "max_depth": 6.0, "num_boost_round": 21.0}, "datetime": {"datetime": "2024-01-19 00:40:02", "elapsed": 1722.303612, "delta": 0.00193}}
{"target": -13.758408450059683, "params": {"gamma": 868.9206165123105, "log10_alpha": 0.7109154220633638, "log10_colsample_bytree": -0.8997176204274844, "log10_eta": -3.191869097407485, "log10_lambda": -0.08278326966104288, "log10_min_child_weight": 3.930645536429056, "log10_subsample": -0.2823125707965416, "max_depth": 6.0, "num_boost_round": 22.0}, "datetime": {"datetime": "2024-01-19 00:40:02", "elapsed": 1722.305499, "delta": 0.001887}}
{"target": -13.758404449438904, "params": {"gamma": 868.9206165123105, "log10_alpha": 0.7109154220633638, "log10_colsample_bytree": -0.8997176204274844, "log10_eta": -3.191869097407485, "log10_lambda": -0.08278326966104288, "log10_min_child_weight": 3.930645536429056, "log10_subsample": -0.2823125707965416, "max_depth": 6.0, "num_boost_round": 23.0}, "datetime": {"datetime": "2024-01-19 00:40:02", "elapsed": 1722.307394, "delta": 0.001895}}
{"target": -13.758397869090958, "params": {"gamma": 868.9206165123105, "log10_alpha": 0.7109154220633638, "log10_colsample_bytree": -0.8997176204274844, "log10_eta": -3.191869097407485, "log10_lambda": -0.08278326966104288, "log10_min_child_weight": 3.930645536429056, "log10_subsample": -0.2823125707965416, "max_depth": 6.0, "num_boost_round": 24.0}, "datetime": {"datetime": "2024-01-19 00:40:02", "elapsed": 1722.309294, "delta": 0.0019}}
{"target": -13.758451056317758, "params": {"gamma": 843.2430764063487, "log10_alpha": -4.0191001966109035, "log10_colsample_bytree": -0.5595751598722206, "log10_eta": -1.9351289471416622, "log10_lambda": -0.019965366703157628, "log10_min_child_weight": 4.602617456340485, "log10_subsample": -0.9279244412635523, "max_depth": 3.0, "num_boost_round": 0.0}, "datetime": {"datetime": "2024-01-19 00:40:26", "elapsed": 1746.885541, "delta": 24.576247}}
{"target": -13.758424177776263, "params": {"gamma": 843.2430764063487, "log10_alpha": -4.0191001966109035, "log10_colsample_bytree": -0.5595751598722206, "log10_eta": -1.9351289471416622, "log10_lambda": -0.019965366703157628, "log10_min_child_weight": 4.602617456340485, "log10_subsample": -0.9279244412635523, "max_depth": 3.0, "num_boost_round": 1.0}, "datetime": {"datetime": "2024-01-19 00:40:26", "elapsed": 1746.888432, "delta": 0.002891}}
{"target": -13.758424127769318, "params": {"gamma": 843.2430764063487, "log10_alpha": -4.0191001966109035, "log10_colsample_bytree": -0.5595751598722206, "log10_eta": -1.9351289471416622, "log10_lambda": -0.019965366703157628, "log10_min_child_weight": 4.602617456340485, "log10_subsample": -0.9279244412635523, "max_depth": 3.0, "num_boost_round": 2.0}, "datetime": {"datetime": "2024-01-19 00:40:26", "elapsed": 1746.890566, "delta": 0.002134}}
{"target": -13.758395792560863, "params": {"gamma": 843.2430764063487, "log10_alpha": -4.0191001966109035, "log10_colsample_bytree": -0.5595751598722206, "log10_eta": -1.9351289471416622, "log10_lambda": -0.019965366703157628, "log10_min_child_weight": 4.602617456340485, "log10_subsample": -0.9279244412635523, "max_depth": 3.0, "num_boost_round": 3.0}, "datetime": {"datetime": "2024-01-19 00:40:26", "elapsed": 1746.892629, "delta": 0.002063}}
{"target": -13.75835703066422, "params": {"gamma": 843.2430764063487, "log10_alpha": -4.0191001966109035, "log10_colsample_bytree": -0.5595751598722206, "log10_eta": -1.9351289471416622, "log10_lambda": -0.019965366703157628, "log10_min_child_weight": 4.602617456340485, "log10_subsample": -0.9279244412635523, "max_depth": 3.0, "num_boost_round": 4.0}, "datetime": {"datetime": "2024-01-19 00:40:26", "elapsed": 1746.894644, "delta": 0.002015}}
{"target": -13.758304660676277, "params": {"gamma": 843.2430764063487, "log10_alpha": -4.0191001966109035, "log10_colsample_bytree": -0.5595751598722206, "log10_eta": -1.9351289471416622, "log10_lambda": -0.019965366703157628, "log10_min_child_weight": 4.602617456340485, "log10_subsample": -0.9279244412635523, "max_depth": 3.0, "num_boost_round": 5.0}, "datetime": {"datetime": "2024-01-19 00:40:26", "elapsed": 1746.896656, "delta": 0.002012}}
{"target": -13.75833621853742, "params": {"gamma": 843.2430764063487, "log10_alpha": -4.0191001966109035, "log10_colsample_bytree": -0.5595751598722206, "log10_eta": -1.9351289471416622, "log10_lambda": -0.019965366703157628, "log10_min_child_weight": 4.602617456340485, "log10_subsample": -0.9279244412635523, "max_depth": 3.0, "num_boost_round": 6.0}, "datetime": {"datetime": "2024-01-19 00:40:26", "elapsed": 1746.898842, "delta": 0.002186}}
{"target": -13.758328202810509, "params": {"gamma": 843.2430764063487, "log10_alpha": -4.0191001966109035, "log10_colsample_bytree": -0.5595751598722206, "log10_eta": -1.9351289471416622, "log10_lambda": -0.019965366703157628, "log10_min_child_weight": 4.602617456340485, "log10_subsample": -0.9279244412635523, "max_depth": 3.0, "num_boost_round": 7.0}, "datetime": {"datetime": "2024-01-19 00:40:26", "elapsed": 1746.900931, "delta": 0.002089}}
{"target": -13.758343920769466, "params": {"gamma": 843.2430764063487, "log10_alpha": -4.0191001966109035, "log10_colsample_bytree": -0.5595751598722206, "log10_eta": -1.9351289471416622, "log10_lambda": -0.019965366703157628, "log10_min_child_weight": 4.602617456340485, "log10_subsample": -0.9279244412635523, "max_depth": 3.0, "num_boost_round": 8.0}, "datetime": {"datetime": "2024-01-19 00:40:26", "elapsed": 1746.902892, "delta": 0.001961}}
{"target": -13.758289485789563, "params": {"gamma": 843.2430764063487, "log10_alpha": -4.0191001966109035, "log10_colsample_bytree": -0.5595751598722206, "log10_eta": -1.9351289471416622, "log10_lambda": -0.019965366703157628, "log10_min_child_weight": 4.602617456340485, "log10_subsample": -0.9279244412635523, "max_depth": 3.0, "num_boost_round": 9.0}, "datetime": {"datetime": "2024-01-19 00:40:26", "elapsed": 1746.90481, "delta": 0.001918}}
{"target": -13.75826388531904, "params": {"gamma": 843.2430764063487, "log10_alpha": -4.0191001966109035, "log10_colsample_bytree": -0.5595751598722206, "log10_eta": -1.9351289471416622, "log10_lambda": -0.019965366703157628, "log10_min_child_weight": 4.602617456340485, "log10_subsample": -0.9279244412635523, "max_depth": 3.0, "num_boost_round": 10.0}, "datetime": {"datetime": "2024-01-19 00:40:26", "elapsed": 1746.906759, "delta": 0.001949}}
{"target": -13.758212849865243, "params": {"gamma": 843.2430764063487, "log10_alpha": -4.0191001966109035, "log10_colsample_bytree": -0.5595751598722206, "log10_eta": -1.9351289471416622, "log10_lambda": -0.019965366703157628, "log10_min_child_weight": 4.602617456340485, "log10_subsample": -0.9279244412635523, "max_depth": 3.0, "num_boost_round": 11.0}, "datetime": {"datetime": "2024-01-19 00:40:26", "elapsed": 1746.908745, "delta": 0.001986}}
{"target": -13.75822564387509, "params": {"gamma": 843.2430764063487, "log10_alpha": -4.0191001966109035, "log10_colsample_bytree": -0.5595751598722206, "log10_eta": -1.9351289471416622, "log10_lambda": -0.019965366703157628, "log10_min_child_weight": 4.602617456340485, "log10_subsample": -0.9279244412635523, "max_depth": 3.0, "num_boost_round": 12.0}, "datetime": {"datetime": "2024-01-19 00:40:26", "elapsed": 1746.910722, "delta": 0.001977}}
{"target": -13.75821064979913, "params": {"gamma": 843.2430764063487, "log10_alpha": -4.0191001966109035, "log10_colsample_bytree": -0.5595751598722206, "log10_eta": -1.9351289471416622, "log10_lambda": -0.019965366703157628, "log10_min_child_weight": 4.602617456340485, "log10_subsample": -0.9279244412635523, "max_depth": 3.0, "num_boost_round": 13.0}, "datetime": {"datetime": "2024-01-19 00:40:26", "elapsed": 1746.912652, "delta": 0.00193}}
{"target": -13.75821515542618, "params": {"gamma": 843.2430764063487, "log10_alpha": -4.0191001966109035, "log10_colsample_bytree": -0.5595751598722206, "log10_eta": -1.9351289471416622, "log10_lambda": -0.019965366703157628, "log10_min_child_weight": 4.602617456340485, "log10_subsample": -0.9279244412635523, "max_depth": 3.0, "num_boost_round": 14.0}, "datetime": {"datetime": "2024-01-19 00:40:26", "elapsed": 1746.914792, "delta": 0.00214}}
{"target": -13.758147530774163, "params": {"gamma": 843.2430764063487, "log10_alpha": -4.0191001966109035, "log10_colsample_bytree": -0.5595751598722206, "log10_eta": -1.9351289471416622, "log10_lambda": -0.019965366703157628, "log10_min_child_weight": 4.602617456340485, "log10_subsample": -0.9279244412635523, "max_depth": 3.0, "num_boost_round": 15.0}, "datetime": {"datetime": "2024-01-19 00:40:26", "elapsed": 1746.916746, "delta": 0.001954}}
{"target": -13.758079097693185, "params": {"gamma": 843.2430764063487, "log10_alpha": -4.0191001966109035, "log10_colsample_bytree": -0.5595751598722206, "log10_eta": -1.9351289471416622, "log10_lambda": -0.019965366703157628, "log10_min_child_weight": 4.602617456340485, "log10_subsample": -0.9279244412635523, "max_depth": 3.0, "num_boost_round": 16.0}, "datetime": {"datetime": "2024-01-19 00:40:26", "elapsed": 1746.918777, "delta": 0.002031}}
{"target": -13.758070937186458, "params": {"gamma": 843.2430764063487, "log10_alpha": -4.0191001966109035, "log10_colsample_bytree": -0.5595751598722206, "log10_eta": -1.9351289471416622, "log10_lambda": -0.019965366703157628, "log10_min_child_weight": 4.602617456340485, "log10_subsample": -0.9279244412635523, "max_depth": 3.0, "num_boost_round": 17.0}, "datetime": {"datetime": "2024-01-19 00:40:26", "elapsed": 1746.920841, "delta": 0.002064}}
{"target": -13.758511614778202, "params": {"gamma": 841.9356046814709, "log10_alpha": -4.610028637054144, "log10_colsample_bytree": -0.5022115830249496, "log10_eta": -3.191120289314551, "log10_lambda": -0.029980974060975996, "log10_min_child_weight": 2.5598459890767793, "log10_subsample": -0.3604173521863767, "max_depth": 7.0, "num_boost_round": 0.0}, "datetime": {"datetime": "2024-01-19 00:40:50", "elapsed": 1770.883981, "delta": 23.96314}}
{"target": -13.758470531755707, "params": {"gamma": 841.9356046814709, "log10_alpha": -4.610028637054144, "log10_colsample_bytree": -0.5022115830249496, "log10_eta": -3.191120289314551, "log10_lambda": -0.029980974060975996, "log10_min_child_weight": 2.5598459890767793, "log10_subsample": -0.3604173521863767, "max_depth": 7.0, "num_boost_round": 1.0}, "datetime": {"datetime": "2024-01-19 00:40:50", "elapsed": 1770.886608, "delta": 0.002627}}
{"target": -13.75845192560991, "params": {"gamma": 841.9356046814709, "log10_alpha": -4.610028637054144, "log10_colsample_bytree": -0.5022115830249496, "log10_eta": -3.191120289314551, "log10_lambda": -0.029980974060975996, "log10_min_child_weight": 2.5598459890767793, "log10_subsample": -0.3604173521863767, "max_depth": 7.0, "num_boost_round": 2.0}, "datetime": {"datetime": "2024-01-19 00:40:50", "elapsed": 1770.888964, "delta": 0.002356}}
{"target": -13.758445171714257, "params": {"gamma": 841.9356046814709, "log10_alpha": -4.610028637054144, "log10_colsample_bytree": -0.5022115830249496, "log10_eta": -3.191120289314551, "log10_lambda": -0.029980974060975996, "log10_min_child_weight": 2.5598459890767793, "log10_subsample": -0.3604173521863767, "max_depth": 7.0, "num_boost_round": 3.0}, "datetime": {"datetime": "2024-01-19 00:40:50", "elapsed": 1770.890955, "delta": 0.001991}}
{"target": -13.75843931059026, "params": {"gamma": 841.9356046814709, "log10_alpha": -4.610028637054144, "log10_colsample_bytree": -0.5022115830249496, "log10_eta": -3.191120289314551, "log10_lambda": -0.029980974060975996, "log10_min_child_weight": 2.5598459890767793, "log10_subsample": -0.3604173521863767, "max_depth": 7.0, "num_boost_round": 4.0}, "datetime": {"datetime": "2024-01-19 00:40:50", "elapsed": 1770.893014, "delta": 0.002059}}
{"target": -13.758432510766708, "params": {"gamma": 841.9356046814709, "log10_alpha": -4.610028637054144, "log10_colsample_bytree": -0.5022115830249496, "log10_eta": -3.191120289314551, "log10_lambda": -0.029980974060975996, "log10_min_child_weight": 2.5598459890767793, "log10_subsample": -0.3604173521863767, "max_depth": 7.0, "num_boost_round": 5.0}, "datetime": {"datetime": "2024-01-19 00:40:50", "elapsed": 1770.894943, "delta": 0.001929}}
{"target": -13.758432830847594, "params": {"gamma": 841.9356046814709, "log10_alpha": -4.610028637054144, "log10_colsample_bytree": -0.5022115830249496, "log10_eta": -3.191120289314551, "log10_lambda": -0.029980974060975996, "log10_min_child_weight": 2.5598459890767793, "log10_subsample": -0.3604173521863767, "max_depth": 7.0, "num_boost_round": 6.0}, "datetime": {"datetime": "2024-01-19 00:40:50", "elapsed": 1770.896873, "delta": 0.00193}}
{"target": -13.758427063503012, "params": {"gamma": 841.9356046814709, "log10_alpha": -4.610028637054144, "log10_colsample_bytree": -0.5022115830249496, "log10_eta": -3.191120289314551, "log10_lambda": -0.029980974060975996, "log10_min_child_weight": 2.5598459890767793, "log10_subsample": -0.3604173521863767, "max_depth": 7.0, "num_boost_round": 7.0}, "datetime": {"datetime": "2024-01-19 00:40:50", "elapsed": 1770.898846, "delta": 0.001973}}
{"target": -13.7584142631244, "params": {"gamma": 841.9356046814709, "log10_alpha": -4.610028637054144, "log10_colsample_bytree": -0.5022115830249496, "log10_eta": -3.191120289314551, "log10_lambda": -0.029980974060975996, "log10_min_child_weight": 2.5598459890767793, "log10_subsample": -0.3604173521863767, "max_depth": 7.0, "num_boost_round": 8.0}, "datetime": {"datetime": "2024-01-19 00:40:50", "elapsed": 1770.900762, "delta": 0.001916}}
{"target": -13.758379899383476, "params": {"gamma": 841.9356046814709, "log10_alpha": -4.610028637054144, "log10_colsample_bytree": -0.5022115830249496, "log10_eta": -3.191120289314551, "log10_lambda": -0.029980974060975996, "log10_min_child_weight": 2.5598459890767793, "log10_subsample": -0.3604173521863767, "max_depth": 7.0, "num_boost_round": 9.0}, "datetime": {"datetime": "2024-01-19 00:40:50", "elapsed": 1770.902769, "delta": 0.002007}}
{"target": -13.758373606173274, "params": {"gamma": 841.9356046814709, "log10_alpha": -4.610028637054144, "log10_colsample_bytree": -0.5022115830249496, "log10_eta": -3.191120289314551, "log10_lambda": -0.029980974060975996, "log10_min_child_weight": 2.5598459890767793, "log10_subsample": -0.3604173521863767, "max_depth": 7.0, "num_boost_round": 10.0}, "datetime": {"datetime": "2024-01-19 00:40:50", "elapsed": 1770.904701, "delta": 0.001932}}
{"target": -13.75834686084792, "params": {"gamma": 841.9356046814709, "log10_alpha": -4.610028637054144, "log10_colsample_bytree": -0.5022115830249496, "log10_eta": -3.191120289314551, "log10_lambda": -0.029980974060975996, "log10_min_child_weight": 2.5598459890767793, "log10_subsample": -0.3604173521863767, "max_depth": 7.0, "num_boost_round": 11.0}, "datetime": {"datetime": "2024-01-19 00:40:50", "elapsed": 1770.906642, "delta": 0.001941}}
