{"target": -17.67100889231708, "params": {"gamma": 441.3938560000882, "log10_alpha": -3.4037639929941577, "log10_colsample_bytree": -0.9522173190344034, "log10_eta": -1.9767383870325963, "log10_lambda": 0.4280853692107911, "log10_min_child_weight": 1.0134706554200645, "log10_subsample": -0.7721993800209888, "max_depth": 4.0, "num_boost_round": 25.0}, "datetime": {"datetime": "2024-01-19 02:30:26", "elapsed": 8319.3964, "delta": 0.008229}}
{"target": -17.67075577115682, "params": {"gamma": 441.3938560000882, "log10_alpha": -3.4037639929941577, "log10_colsample_bytree": -0.9522173190344034, "log10_eta": -1.9767383870325963, "log10_lambda": 0.4280853692107911, "log10_min_child_weight": 1.0134706554200645, "log10_subsample": -0.7721993800209888, "max_depth": 4.0, "num_boost_round": 26.0}, "datetime": {"datetime": "2024-01-19 02:30:26", "elapsed": 8319.40346, "delta": 0.00706}}
{"target": -17.670525033079535, "params": {"gamma": 441.3938560000882, "log10_alpha": -3.4037639929941577, "log10_colsample_bytree": -0.9522173190344034, "log10_eta": -1.9767383870325963, "log10_lambda": 0.4280853692107911, "log10_min_child_weight": 1.0134706554200645, "log10_subsample": -0.7721993800209888, "max_depth": 4.0, "num_boost_round": 27.0}, "datetime": {"datetime": "2024-01-19 02:30:26", "elapsed": 8319.410762, "delta": 0.007302}}
{"target": -17.670535665306897, "params": {"gamma": 441.3938560000882, "log10_alpha": -3.4037639929941577, "log10_colsample_bytree": -0.9522173190344034, "log10_eta": -1.9767383870325963, "log10_lambda": 0.4280853692107911, "log10_min_child_weight": 1.0134706554200645, "log10_subsample": -0.7721993800209888, "max_depth": 4.0, "num_boost_round": 28.0}, "datetime": {"datetime": "2024-01-19 02:30:26", "elapsed": 8319.418081, "delta": 0.007319}}
{"target": -17.670398350247098, "params": {"gamma": 441.3938560000882, "log10_alpha": -3.4037639929941577, "log10_colsample_bytree": -0.9522173190344034, "log10_eta": -1.9767383870325963, "log10_lambda": 0.4280853692107911, "log10_min_child_weight": 1.0134706554200645, "log10_subsample": -0.7721993800209888, "max_depth": 4.0, "num_boost_round": 29.0}, "datetime": {"datetime": "2024-01-19 02:30:26", "elapsed": 8319.424882, "delta": 0.006801}}
{"target": -17.670134226611456, "params": {"gamma": 441.3938560000882, "log10_alpha": -3.4037639929941577, "log10_colsample_bytree": -0.9522173190344034, "log10_eta": -1.9767383870325963, "log10_lambda": 0.4280853692107911, "log10_min_child_weight": 1.0134706554200645, "log10_subsample": -0.7721993800209888, "max_depth": 4.0, "num_boost_round": 30.0}, "datetime": {"datetime": "2024-01-19 02:30:26", "elapsed": 8319.431397, "delta": 0.006515}}
{"target": -17.669709173638022, "params": {"gamma": 441.3938560000882, "log10_alpha": -3.4037639929941577, "log10_colsample_bytree": -0.9522173190344034, "log10_eta": -1.9767383870325963, "log10_lambda": 0.4280853692107911, "log10_min_child_weight": 1.0134706554200645, "log10_subsample": -0.7721993800209888, "max_depth": 4.0, "num_boost_round": 31.0}, "datetime": {"datetime": "2024-01-19 02:30:26", "elapsed": 8319.43788, "delta": 0.006483}}
{"target": -17.669584992051444, "params": {"gamma": 441.3938560000882, "log10_alpha": -3.4037639929941577, "log10_colsample_bytree": -0.9522173190344034, "log10_eta": -1.9767383870325963, "log10_lambda": 0.4280853692107911, "log10_min_child_weight": 1.0134706554200645, "log10_subsample": -0.7721993800209888, "max_depth": 4.0, "num_boost_round": 32.0}, "datetime": {"datetime": "2024-01-19 02:30:26", "elapsed": 8319.444567, "delta": 0.006687}}
{"target": -17.669466089347342, "params": {"gamma": 441.3938560000882, "log10_alpha": -3.4037639929941577, "log10_colsample_bytree": -0.9522173190344034, "log10_eta": -1.9767383870325963, "log10_lambda": 0.4280853692107911, "log10_min_child_weight": 1.0134706554200645, "log10_subsample": -0.7721993800209888, "max_depth": 4.0, "num_boost_round": 33.0}, "datetime": {"datetime": "2024-01-19 02:30:26", "elapsed": 8319.451049, "delta": 0.006482}}
{"target": -17.66911137546587, "params": {"gamma": 441.3938560000882, "log10_alpha": -3.4037639929941577, "log10_colsample_bytree": -0.9522173190344034, "log10_eta": -1.9767383870325963, "log10_lambda": 0.4280853692107911, "log10_min_child_weight": 1.0134706554200645, "log10_subsample": -0.7721993800209888, "max_depth": 4.0, "num_boost_round": 34.0}, "datetime": {"datetime": "2024-01-19 02:30:26", "elapsed": 8319.457916, "delta": 0.006867}}
{"target": -17.66917161558098, "params": {"gamma": 441.3938560000882, "log10_alpha": -3.4037639929941577, "log10_colsample_bytree": -0.9522173190344034, "log10_eta": -1.9767383870325963, "log10_lambda": 0.4280853692107911, "log10_min_child_weight": 1.0134706554200645, "log10_subsample": -0.7721993800209888, "max_depth": 4.0, "num_boost_round": 35.0}, "datetime": {"datetime": "2024-01-19 02:30:26", "elapsed": 8319.464926, "delta": 0.00701}}
{"target": -17.66916058028097, "params": {"gamma": 441.3938560000882, "log10_alpha": -3.4037639929941577, "log10_colsample_bytree": -0.9522173190344034, "log10_eta": -1.9767383870325963, "log10_lambda": 0.4280853692107911, "log10_min_child_weight": 1.0134706554200645, "log10_subsample": -0.7721993800209888, "max_depth": 4.0, "num_boost_round": 36.0}, "datetime": {"datetime": "2024-01-19 02:30:26", "elapsed": 8319.471731, "delta": 0.006805}}
{"target": -17.669270873374195, "params": {"gamma": 441.3938560000882, "log10_alpha": -3.4037639929941577, "log10_colsample_bytree": -0.9522173190344034, "log10_eta": -1.9767383870325963, "log10_lambda": 0.4280853692107911, "log10_min_child_weight": 1.0134706554200645, "log10_subsample": -0.7721993800209888, "max_depth": 4.0, "num_boost_round": 37.0}, "datetime": {"datetime": "2024-01-19 02:30:26", "elapsed": 8319.478899, "delta": 0.007168}}
{"target": -17.669338938168945, "params": {"gamma": 441.3938560000882, "log10_alpha": -3.4037639929941577, "log10_colsample_bytree": -0.9522173190344034, "log10_eta": -1.9767383870325963, "log10_lambda": 0.4280853692107911, "log10_min_child_weight": 1.0134706554200645, "log10_subsample": -0.7721993800209888, "max_depth": 4.0, "num_boost_round": 38.0}, "datetime": {"datetime": "2024-01-19 02:30:26", "elapsed": 8319.486411, "delta": 0.007512}}
{"target": -17.669340033741037, "params": {"gamma": 441.3938560000882, "log10_alpha": -3.4037639929941577, "log10_colsample_bytree": -0.9522173190344034, "log10_eta": -1.9767383870325963, "log10_lambda": 0.4280853692107911, "log10_min_child_weight": 1.0134706554200645, "log10_subsample": -0.7721993800209888, "max_depth": 4.0, "num_boost_round": 39.0}, "datetime": {"datetime": "2024-01-19 02:30:26", "elapsed": 8319.493472, "delta": 0.007061}}
{"target": -17.66954780989712, "params": {"gamma": 441.3938560000882, "log10_alpha": -3.4037639929941577, "log10_colsample_bytree": -0.9522173190344034, "log10_eta": -1.9767383870325963, "log10_lambda": 0.4280853692107911, "log10_min_child_weight": 1.0134706554200645, "log10_subsample": -0.7721993800209888, "max_depth": 4.0, "num_boost_round": 40.0}, "datetime": {"datetime": "2024-01-19 02:30:26", "elapsed": 8319.500201, "delta": 0.006729}}
{"target": -17.66963459858219, "params": {"gamma": 441.3938560000882, "log10_alpha": -3.4037639929941577, "log10_colsample_bytree": -0.9522173190344034, "log10_eta": -1.9767383870325963, "log10_lambda": 0.4280853692107911, "log10_min_child_weight": 1.0134706554200645, "log10_subsample": -0.7721993800209888, "max_depth": 4.0, "num_boost_round": 41.0}, "datetime": {"datetime": "2024-01-19 02:30:26", "elapsed": 8319.506742, "delta": 0.006541}}
{"target": -17.66952127543746, "params": {"gamma": 441.3938560000882, "log10_alpha": -3.4037639929941577, "log10_colsample_bytree": -0.9522173190344034, "log10_eta": -1.9767383870325963, "log10_lambda": 0.4280853692107911, "log10_min_child_weight": 1.0134706554200645, "log10_subsample": -0.7721993800209888, "max_depth": 4.0, "num_boost_round": 42.0}, "datetime": {"datetime": "2024-01-19 02:30:26", "elapsed": 8319.51298, "delta": 0.006238}}
{"target": -17.669490228520083, "params": {"gamma": 441.3938560000882, "log10_alpha": -3.4037639929941577, "log10_colsample_bytree": -0.9522173190344034, "log10_eta": -1.9767383870325963, "log10_lambda": 0.4280853692107911, "log10_min_child_weight": 1.0134706554200645, "log10_subsample": -0.7721993800209888, "max_depth": 4.0, "num_boost_round": 43.0}, "datetime": {"datetime": "2024-01-19 02:30:26", "elapsed": 8319.519234, "delta": 0.006254}}
{"target": -17.669436028032685, "params": {"gamma": 441.3938560000882, "log10_alpha": -3.4037639929941577, "log10_colsample_bytree": -0.9522173190344034, "log10_eta": -1.9767383870325963, "log10_lambda": 0.4280853692107911, "log10_min_child_weight": 1.0134706554200645, "log10_subsample": -0.7721993800209888, "max_depth": 4.0, "num_boost_round": 44.0}, "datetime": {"datetime": "2024-01-19 02:30:26", "elapsed": 8319.525509, "delta": 0.006275}}
{"target": -17.669483124903522, "params": {"gamma": 441.3938560000882, "log10_alpha": -3.4037639929941577, "log10_colsample_bytree": -0.9522173190344034, "log10_eta": -1.9767383870325963, "log10_lambda": 0.4280853692107911, "log10_min_child_weight": 1.0134706554200645, "log10_subsample": -0.7721993800209888, "max_depth": 4.0, "num_boost_round": 45.0}, "datetime": {"datetime": "2024-01-19 02:30:26", "elapsed": 8319.531921, "delta": 0.006412}}
{"target": -17.669759510215005, "params": {"gamma": 441.3938560000882, "log10_alpha": -3.4037639929941577, "log10_colsample_bytree": -0.9522173190344034, "log10_eta": -1.9767383870325963, "log10_lambda": 0.4280853692107911, "log10_min_child_weight": 1.0134706554200645, "log10_subsample": -0.7721993800209888, "max_depth": 4.0, "num_boost_round": 46.0}, "datetime": {"datetime": "2024-01-19 02:30:26", "elapsed": 8319.538179, "delta": 0.006258}}
{"target": -17.669471792611358, "params": {"gamma": 441.3938560000882, "log10_alpha": -3.4037639929941577, "log10_colsample_bytree": -0.9522173190344034, "log10_eta": -1.9767383870325963, "log10_lambda": 0.4280853692107911, "log10_min_child_weight": 1.0134706554200645, "log10_subsample": -0.7721993800209888, "max_depth": 4.0, "num_boost_round": 47.0}, "datetime": {"datetime": "2024-01-19 02:30:26", "elapsed": 8319.544659, "delta": 0.00648}}
{"target": -17.669252062705475, "params": {"gamma": 441.3938560000882, "log10_alpha": -3.4037639929941577, "log10_colsample_bytree": -0.9522173190344034, "log10_eta": -1.9767383870325963, "log10_lambda": 0.4280853692107911, "log10_min_child_weight": 1.0134706554200645, "log10_subsample": -0.7721993800209888, "max_depth": 4.0, "num_boost_round": 48.0}, "datetime": {"datetime": "2024-01-19 02:30:26", "elapsed": 8319.551068, "delta": 0.006409}}
{"target": -17.669267098736604, "params": {"gamma": 441.3938560000882, "log10_alpha": -3.4037639929941577, "log10_colsample_bytree": -0.9522173190344034, "log10_eta": -1.9767383870325963, "log10_lambda": 0.4280853692107911, "log10_min_child_weight": 1.0134706554200645, "log10_subsample": -0.7721993800209888, "max_depth": 4.0, "num_boost_round": 49.0}, "datetime": {"datetime": "2024-01-19 02:30:26", "elapsed": 8319.558464, "delta": 0.007396}}
{"target": -17.66949431635977, "params": {"gamma": 441.3938560000882, "log10_alpha": -3.4037639929941577, "log10_colsample_bytree": -0.9522173190344034, "log10_eta": -1.9767383870325963, "log10_lambda": 0.4280853692107911, "log10_min_child_weight": 1.0134706554200645, "log10_subsample": -0.7721993800209888, "max_depth": 4.0, "num_boost_round": 50.0}, "datetime": {"datetime": "2024-01-19 02:30:26", "elapsed": 8319.56501, "delta": 0.006546}}
{"target": -17.66942717126319, "params": {"gamma": 441.3938560000882, "log10_alpha": -3.4037639929941577, "log10_colsample_bytree": -0.9522173190344034, "log10_eta": -1.9767383870325963, "log10_lambda": 0.4280853692107911, "log10_min_child_weight": 1.0134706554200645, "log10_subsample": -0.7721993800209888, "max_depth": 4.0, "num_boost_round": 51.0}, "datetime": {"datetime": "2024-01-19 02:30:26", "elapsed": 8319.571277, "delta": 0.006267}}
{"target": -17.669089589994865, "params": {"gamma": 441.3938560000882, "log10_alpha": -3.4037639929941577, "log10_colsample_bytree": -0.9522173190344034, "log10_eta": -1.9767383870325963, "log10_lambda": 0.4280853692107911, "log10_min_child_weight": 1.0134706554200645, "log10_subsample": -0.7721993800209888, "max_depth": 4.0, "num_boost_round": 52.0}, "datetime": {"datetime": "2024-01-19 02:30:26", "elapsed": 8319.577758, "delta": 0.006481}}
{"target": -17.668993192429134, "params": {"gamma": 441.3938560000882, "log10_alpha": -3.4037639929941577, "log10_colsample_bytree": -0.9522173190344034, "log10_eta": -1.9767383870325963, "log10_lambda": 0.4280853692107911, "log10_min_child_weight": 1.0134706554200645, "log10_subsample": -0.7721993800209888, "max_depth": 4.0, "num_boost_round": 53.0}, "datetime": {"datetime": "2024-01-19 02:30:26", "elapsed": 8319.584413, "delta": 0.006655}}
{"target": -17.669182889455037, "params": {"gamma": 441.3938560000882, "log10_alpha": -3.4037639929941577, "log10_colsample_bytree": -0.9522173190344034, "log10_eta": -1.9767383870325963, "log10_lambda": 0.4280853692107911, "log10_min_child_weight": 1.0134706554200645, "log10_subsample": -0.7721993800209888, "max_depth": 4.0, "num_boost_round": 54.0}, "datetime": {"datetime": "2024-01-19 02:30:26", "elapsed": 8319.591228, "delta": 0.006815}}
{"target": -17.669147058871665, "params": {"gamma": 441.3938560000882, "log10_alpha": -3.4037639929941577, "log10_colsample_bytree": -0.9522173190344034, "log10_eta": -1.9767383870325963, "log10_lambda": 0.4280853692107911, "log10_min_child_weight": 1.0134706554200645, "log10_subsample": -0.7721993800209888, "max_depth": 4.0, "num_boost_round": 55.0}, "datetime": {"datetime": "2024-01-19 02:30:26", "elapsed": 8319.597642, "delta": 0.006414}}
{"target": -17.669347294723426, "params": {"gamma": 441.3938560000882, "log10_alpha": -3.4037639929941577, "log10_colsample_bytree": -0.9522173190344034, "log10_eta": -1.9767383870325963, "log10_lambda": 0.4280853692107911, "log10_min_child_weight": 1.0134706554200645, "log10_subsample": -0.7721993800209888, "max_depth": 4.0, "num_boost_round": 56.0}, "datetime": {"datetime": "2024-01-19 02:30:26", "elapsed": 8319.603842, "delta": 0.0062}}
{"target": -17.669158887290738, "params": {"gamma": 441.3938560000882, "log10_alpha": -3.4037639929941577, "log10_colsample_bytree": -0.9522173190344034, "log10_eta": -1.9767383870325963, "log10_lambda": 0.4280853692107911, "log10_min_child_weight": 1.0134706554200645, "log10_subsample": -0.7721993800209888, "max_depth": 4.0, "num_boost_round": 57.0}, "datetime": {"datetime": "2024-01-19 02:30:26", "elapsed": 8319.610016, "delta": 0.006174}}
{"target": -17.66902299358798, "params": {"gamma": 441.3938560000882, "log10_alpha": -3.4037639929941577, "log10_colsample_bytree": -0.9522173190344034, "log10_eta": -1.9767383870325963, "log10_lambda": 0.4280853692107911, "log10_min_child_weight": 1.0134706554200645, "log10_subsample": -0.7721993800209888, "max_depth": 4.0, "num_boost_round": 58.0}, "datetime": {"datetime": "2024-01-19 02:30:26", "elapsed": 8319.616653, "delta": 0.006637}}
{"target": -17.668809413984103, "params": {"gamma": 441.3938560000882, "log10_alpha": -3.4037639929941577, "log10_colsample_bytree": -0.9522173190344034, "log10_eta": -1.9767383870325963, "log10_lambda": 0.4280853692107911, "log10_min_child_weight": 1.0134706554200645, "log10_subsample": -0.7721993800209888, "max_depth": 4.0, "num_boost_round": 59.0}, "datetime": {"datetime": "2024-01-19 02:30:26", "elapsed": 8319.623316, "delta": 0.006663}}
{"target": -17.66925893986847, "params": {"gamma": 441.3938560000882, "log10_alpha": -3.4037639929941577, "log10_colsample_bytree": -0.9522173190344034, "log10_eta": -1.9767383870325963, "log10_lambda": 0.4280853692107911, "log10_min_child_weight": 1.0134706554200645, "log10_subsample": -0.7721993800209888, "max_depth": 4.0, "num_boost_round": 60.0}, "datetime": {"datetime": "2024-01-19 02:30:26", "elapsed": 8319.629878, "delta": 0.006562}}
{"target": -17.669533037603063, "params": {"gamma": 441.3938560000882, "log10_alpha": -3.4037639929941577, "log10_colsample_bytree": -0.9522173190344034, "log10_eta": -1.9767383870325963, "log10_lambda": 0.4280853692107911, "log10_min_child_weight": 1.0134706554200645, "log10_subsample": -0.7721993800209888, "max_depth": 4.0, "num_boost_round": 61.0}, "datetime": {"datetime": "2024-01-19 02:30:26", "elapsed": 8319.63718, "delta": 0.007302}}
{"target": -17.66936317242038, "params": {"gamma": 441.3938560000882, "log10_alpha": -3.4037639929941577, "log10_colsample_bytree": -0.9522173190344034, "log10_eta": -1.9767383870325963, "log10_lambda": 0.4280853692107911, "log10_min_child_weight": 1.0134706554200645, "log10_subsample": -0.7721993800209888, "max_depth": 4.0, "num_boost_round": 62.0}, "datetime": {"datetime": "2024-01-19 02:30:26", "elapsed": 8319.644022, "delta": 0.006842}}
{"target": -17.66928395156041, "params": {"gamma": 441.3938560000882, "log10_alpha": -3.4037639929941577, "log10_colsample_bytree": -0.9522173190344034, "log10_eta": -1.9767383870325963, "log10_lambda": 0.4280853692107911, "log10_min_child_weight": 1.0134706554200645, "log10_subsample": -0.7721993800209888, "max_depth": 4.0, "num_boost_round": 63.0}, "datetime": {"datetime": "2024-01-19 02:30:27", "elapsed": 8319.650547, "delta": 0.006525}}
{"target": -17.669469645580087, "params": {"gamma": 441.3938560000882, "log10_alpha": -3.4037639929941577, "log10_colsample_bytree": -0.9522173190344034, "log10_eta": -1.9767383870325963, "log10_lambda": 0.4280853692107911, "log10_min_child_weight": 1.0134706554200645, "log10_subsample": -0.7721993800209888, "max_depth": 4.0, "num_boost_round": 64.0}, "datetime": {"datetime": "2024-01-19 02:30:27", "elapsed": 8319.657019, "delta": 0.006472}}
{"target": -17.669567611320524, "params": {"gamma": 441.3938560000882, "log10_alpha": -3.4037639929941577, "log10_colsample_bytree": -0.9522173190344034, "log10_eta": -1.9767383870325963, "log10_lambda": 0.4280853692107911, "log10_min_child_weight": 1.0134706554200645, "log10_subsample": -0.7721993800209888, "max_depth": 4.0, "num_boost_round": 65.0}, "datetime": {"datetime": "2024-01-19 02:30:27", "elapsed": 8319.663512, "delta": 0.006493}}
{"target": -17.669506647715867, "params": {"gamma": 441.3938560000882, "log10_alpha": -3.4037639929941577, "log10_colsample_bytree": -0.9522173190344034, "log10_eta": -1.9767383870325963, "log10_lambda": 0.4280853692107911, "log10_min_child_weight": 1.0134706554200645, "log10_subsample": -0.7721993800209888, "max_depth": 4.0, "num_boost_round": 66.0}, "datetime": {"datetime": "2024-01-19 02:30:27", "elapsed": 8319.67006, "delta": 0.006548}}
{"target": -17.669543433561326, "params": {"gamma": 441.3938560000882, "log10_alpha": -3.4037639929941577, "log10_colsample_bytree": -0.9522173190344034, "log10_eta": -1.9767383870325963, "log10_lambda": 0.4280853692107911, "log10_min_child_weight": 1.0134706554200645, "log10_subsample": -0.7721993800209888, "max_depth": 4.0, "num_boost_round": 67.0}, "datetime": {"datetime": "2024-01-19 02:30:27", "elapsed": 8319.676565, "delta": 0.006505}}
{"target": -17.66960132056654, "params": {"gamma": 441.3938560000882, "log10_alpha": -3.4037639929941577, "log10_colsample_bytree": -0.9522173190344034, "log10_eta": -1.9767383870325963, "log10_lambda": 0.4280853692107911, "log10_min_child_weight": 1.0134706554200645, "log10_subsample": -0.7721993800209888, "max_depth": 4.0, "num_boost_round": 68.0}, "datetime": {"datetime": "2024-01-19 02:30:27", "elapsed": 8319.683117, "delta": 0.006552}}
{"target": -17.67724374935861, "params": {"gamma": 450.84321160979067, "log10_alpha": -3.6492690853765186, "log10_colsample_bytree": -0.15071045529259597, "log10_eta": -2.840627481625543, "log10_lambda": -0.1895530651929178, "log10_min_child_weight": 1.8542691764321562, "log10_subsample": -0.3503058989140685, "max_depth": 9.0, "num_boost_round": 0.0}, "datetime": {"datetime": "2024-01-19 02:31:38", "elapsed": 8390.748133, "delta": 71.065016}}
{"target": -17.677203278806008, "params": {"gamma": 450.84321160979067, "log10_alpha": -3.6492690853765186, "log10_colsample_bytree": -0.15071045529259597, "log10_eta": -2.840627481625543, "log10_lambda": -0.1895530651929178, "log10_min_child_weight": 1.8542691764321562, "log10_subsample": -0.3503058989140685, "max_depth": 9.0, "num_boost_round": 1.0}, "datetime": {"datetime": "2024-01-19 02:31:38", "elapsed": 8390.756255, "delta": 0.008122}}
{"target": -17.67706165345253, "params": {"gamma": 450.84321160979067, "log10_alpha": -3.6492690853765186, "log10_colsample_bytree": -0.15071045529259597, "log10_eta": -2.840627481625543, "log10_lambda": -0.1895530651929178, "log10_min_child_weight": 1.8542691764321562, "log10_subsample": -0.3503058989140685, "max_depth": 9.0, "num_boost_round": 2.0}, "datetime": {"datetime": "2024-01-19 02:31:38", "elapsed": 8390.764313, "delta": 0.008058}}
{"target": -17.676980667035085, "params": {"gamma": 450.84321160979067, "log10_alpha": -3.6492690853765186, "log10_colsample_bytree": -0.15071045529259597, "log10_eta": -2.840627481625543, "log10_lambda": -0.1895530651929178, "log10_min_child_weight": 1.8542691764321562, "log10_subsample": -0.3503058989140685, "max_depth": 9.0, "num_boost_round": 3.0}, "datetime": {"datetime": "2024-01-19 02:31:38", "elapsed": 8390.771514, "delta": 0.007201}}
{"target": -17.67687699696656, "params": {"gamma": 450.84321160979067, "log10_alpha": -3.6492690853765186, "log10_colsample_bytree": -0.15071045529259597, "log10_eta": -2.840627481625543, "log10_lambda": -0.1895530651929178, "log10_min_child_weight": 1.8542691764321562, "log10_subsample": -0.3503058989140685, "max_depth": 9.0, "num_boost_round": 4.0}, "datetime": {"datetime": "2024-01-19 02:31:38", "elapsed": 8390.778518, "delta": 0.007004}}
