{"target": -17.674848930323755, "params": {"gamma": 430.1296510078125, "log10_alpha": -4.6082783086456685, "log10_colsample_bytree": -0.28840175385231703, "log10_eta": -2.297613919256651, "log10_lambda": 0.27418888769590843, "log10_min_child_weight": 2.9696177493651215, "log10_subsample": -0.15135113896021368, "max_depth": 7.0, "num_boost_round": 25.0}, "datetime": {"datetime": "2024-01-19 00:44:20", "elapsed": 1965.448353, "delta": 0.001857}}
{"target": -17.67722333371503, "params": {"gamma": 420.5335458891909, "log10_alpha": -0.4555358796157103, "log10_colsample_bytree": -0.8870259632919686, "log10_eta": -3.494725998794384, "log10_lambda": 0.6036527545812103, "log10_min_child_weight": 2.532733072354035, "log10_subsample": -0.41719956586047247, "max_depth": 2.0, "num_boost_round": 0.0}, "datetime": {"datetime": "2024-01-19 00:44:47", "elapsed": 1992.509682, "delta": 27.061329}}
{"target": -17.67721847247431, "params": {"gamma": 420.5335458891909, "log10_alpha": -0.4555358796157103, "log10_colsample_bytree": -0.8870259632919686, "log10_eta": -3.494725998794384, "log10_lambda": 0.6036527545812103, "log10_min_child_weight": 2.532733072354035, "log10_subsample": -0.41719956586047247, "max_depth": 2.0, "num_boost_round": 1.0}, "datetime": {"datetime": "2024-01-19 00:44:48", "elapsed": 1992.51171, "delta": 0.002028}}
{"target": -17.67721836385259, "params": {"gamma": 420.5335458891909, "log10_alpha": -0.4555358796157103, "log10_colsample_bytree": -0.8870259632919686, "log10_eta": -3.494725998794384, "log10_lambda": 0.6036527545812103, "log10_min_child_weight": 2.532733072354035, "log10_subsample": -0.41719956586047247, "max_depth": 2.0, "num_boost_round": 2.0}, "datetime": {"datetime": "2024-01-19 00:44:48", "elapsed": 1992.513573, "delta": 0.001863}}
{"target": -17.677217063674618, "params": {"gamma": 420.5335458891909, "log10_alpha": -0.4555358796157103, "log10_colsample_bytree": -0.8870259632919686, "log10_eta": -3.494725998794384, "log10_lambda": 0.6036527545812103, "log10_min_child_weight": 2.532733072354035, "log10_subsample": -0.41719956586047247, "max_depth": 2.0, "num_boost_round": 3.0}, "datetime": {"datetime": "2024-01-19 00:44:48", "elapsed": 1992.515565, "delta": 0.001992}}
{"target": -17.677214712538518, "params": {"gamma": 420.5335458891909, "log10_alpha": -0.4555358796157103, "log10_colsample_bytree": -0.8870259632919686, "log10_eta": -3.494725998794384, "log10_lambda": 0.6036527545812103, "log10_min_child_weight": 2.532733072354035, "log10_subsample": -0.41719956586047247, "max_depth": 2.0, "num_boost_round": 4.0}, "datetime": {"datetime": "2024-01-19 00:44:48", "elapsed": 1992.517639, "delta": 0.002074}}
{"target": -17.677208279431554, "params": {"gamma": 420.5335458891909, "log10_alpha": -0.4555358796157103, "log10_colsample_bytree": -0.8870259632919686, "log10_eta": -3.494725998794384, "log10_lambda": 0.6036527545812103, "log10_min_child_weight": 2.532733072354035, "log10_subsample": -0.41719956586047247, "max_depth": 2.0, "num_boost_round": 5.0}, "datetime": {"datetime": "2024-01-19 00:44:48", "elapsed": 1992.520315, "delta": 0.002676}}
{"target": -17.67720259974158, "params": {"gamma": 420.5335458891909, "log10_alpha": -0.4555358796157103, "log10_colsample_bytree": -0.8870259632919686, "log10_eta": -3.494725998794384, "log10_lambda": 0.6036527545812103, "log10_min_child_weight": 2.532733072354035, "log10_subsample": -0.41719956586047247, "max_depth": 2.0, "num_boost_round": 6.0}, "datetime": {"datetime": "2024-01-19 00:44:48", "elapsed": 1992.522176, "delta": 0.001861}}
{"target": -17.677191519818507, "params": {"gamma": 420.5335458891909, "log10_alpha": -0.4555358796157103, "log10_colsample_bytree": -0.8870259632919686, "log10_eta": -3.494725998794384, "log10_lambda": 0.6036527545812103, "log10_min_child_weight": 2.532733072354035, "log10_subsample": -0.41719956586047247, "max_depth": 2.0, "num_boost_round": 7.0}, "datetime": {"datetime": "2024-01-19 00:44:48", "elapsed": 1992.524063, "delta": 0.001887}}
{"target": -17.677195238642938, "params": {"gamma": 420.5335458891909, "log10_alpha": -0.4555358796157103, "log10_colsample_bytree": -0.8870259632919686, "log10_eta": -3.494725998794384, "log10_lambda": 0.6036527545812103, "log10_min_child_weight": 2.532733072354035, "log10_subsample": -0.41719956586047247, "max_depth": 2.0, "num_boost_round": 8.0}, "datetime": {"datetime": "2024-01-19 00:44:48", "elapsed": 1992.525927, "delta": 0.001864}}
{"target": -17.67719059751677, "params": {"gamma": 420.5335458891909, "log10_alpha": -0.4555358796157103, "log10_colsample_bytree": -0.8870259632919686, "log10_eta": -3.494725998794384, "log10_lambda": 0.6036527545812103, "log10_min_child_weight": 2.532733072354035, "log10_subsample": -0.41719956586047247, "max_depth": 2.0, "num_boost_round": 9.0}, "datetime": {"datetime": "2024-01-19 00:44:48", "elapsed": 1992.527791, "delta": 0.001864}}
{"target": -17.67718373388433, "params": {"gamma": 420.5335458891909, "log10_alpha": -0.4555358796157103, "log10_colsample_bytree": -0.8870259632919686, "log10_eta": -3.494725998794384, "log10_lambda": 0.6036527545812103, "log10_min_child_weight": 2.532733072354035, "log10_subsample": -0.41719956586047247, "max_depth": 2.0, "num_boost_round": 10.0}, "datetime": {"datetime": "2024-01-19 00:44:48", "elapsed": 1992.52965, "delta": 0.001859}}
{"target": -17.677174266557866, "params": {"gamma": 420.5335458891909, "log10_alpha": -0.4555358796157103, "log10_colsample_bytree": -0.8870259632919686, "log10_eta": -3.494725998794384, "log10_lambda": 0.6036527545812103, "log10_min_child_weight": 2.532733072354035, "log10_subsample": -0.41719956586047247, "max_depth": 2.0, "num_boost_round": 11.0}, "datetime": {"datetime": "2024-01-19 00:44:48", "elapsed": 1992.531572, "delta": 0.001922}}
{"target": -17.67716739980947, "params": {"gamma": 420.5335458891909, "log10_alpha": -0.4555358796157103, "log10_colsample_bytree": -0.8870259632919686, "log10_eta": -3.494725998794384, "log10_lambda": 0.6036527545812103, "log10_min_child_weight": 2.532733072354035, "log10_subsample": -0.41719956586047247, "max_depth": 2.0, "num_boost_round": 12.0}, "datetime": {"datetime": "2024-01-19 00:44:48", "elapsed": 1992.533409, "delta": 0.001837}}
{"target": -17.67723230230652, "params": {"gamma": 435.9595688115511, "log10_alpha": 0.7328084356080146, "log10_colsample_bytree": -0.8674544190946999, "log10_eta": -4.0, "log10_lambda": 0.6473520391446659, "log10_min_child_weight": 3.7165498565072164, "log10_subsample": -0.1915289665277502, "max_depth": 4.0, "num_boost_round": 0.0}, "datetime": {"datetime": "2024-01-19 00:45:20", "elapsed": 2024.62258, "delta": 32.089171}}
{"target": -17.677233167521052, "params": {"gamma": 435.9595688115511, "log10_alpha": 0.7328084356080146, "log10_colsample_bytree": -0.8674544190946999, "log10_eta": -4.0, "log10_lambda": 0.6473520391446659, "log10_min_child_weight": 3.7165498565072164, "log10_subsample": -0.1915289665277502, "max_depth": 4.0, "num_boost_round": 1.0}, "datetime": {"datetime": "2024-01-19 00:45:20", "elapsed": 2024.625111, "delta": 0.002531}}
{"target": -17.67723287291634, "params": {"gamma": 435.9595688115511, "log10_alpha": 0.7328084356080146, "log10_colsample_bytree": -0.8674544190946999, "log10_eta": -4.0, "log10_lambda": 0.6473520391446659, "log10_min_child_weight": 3.7165498565072164, "log10_subsample": -0.1915289665277502, "max_depth": 4.0, "num_boost_round": 2.0}, "datetime": {"datetime": "2024-01-19 00:45:20", "elapsed": 2024.627127, "delta": 0.002016}}
{"target": -17.677232441222507, "params": {"gamma": 435.9595688115511, "log10_alpha": 0.7328084356080146, "log10_colsample_bytree": -0.8674544190946999, "log10_eta": -4.0, "log10_lambda": 0.6473520391446659, "log10_min_child_weight": 3.7165498565072164, "log10_subsample": -0.1915289665277502, "max_depth": 4.0, "num_boost_round": 3.0}, "datetime": {"datetime": "2024-01-19 00:45:20", "elapsed": 2024.629016, "delta": 0.001889}}
{"target": -17.67722991019745, "params": {"gamma": 435.9595688115511, "log10_alpha": 0.7328084356080146, "log10_colsample_bytree": -0.8674544190946999, "log10_eta": -4.0, "log10_lambda": 0.6473520391446659, "log10_min_child_weight": 3.7165498565072164, "log10_subsample": -0.1915289665277502, "max_depth": 4.0, "num_boost_round": 4.0}, "datetime": {"datetime": "2024-01-19 00:45:20", "elapsed": 2024.630965, "delta": 0.001949}}
{"target": -17.677229994922726, "params": {"gamma": 435.9595688115511, "log10_alpha": 0.7328084356080146, "log10_colsample_bytree": -0.8674544190946999, "log10_eta": -4.0, "log10_lambda": 0.6473520391446659, "log10_min_child_weight": 3.7165498565072164, "log10_subsample": -0.1915289665277502, "max_depth": 4.0, "num_boost_round": 5.0}, "datetime": {"datetime": "2024-01-19 00:45:20", "elapsed": 2024.632927, "delta": 0.001962}}
{"target": -17.677229598329628, "params": {"gamma": 435.9595688115511, "log10_alpha": 0.7328084356080146, "log10_colsample_bytree": -0.8674544190946999, "log10_eta": -4.0, "log10_lambda": 0.6473520391446659, "log10_min_child_weight": 3.7165498565072164, "log10_subsample": -0.1915289665277502, "max_depth": 4.0, "num_boost_round": 6.0}, "datetime": {"datetime": "2024-01-19 00:45:20", "elapsed": 2024.634906, "delta": 0.001979}}
{"target": -17.67722798716077, "params": {"gamma": 435.9595688115511, "log10_alpha": 0.7328084356080146, "log10_colsample_bytree": -0.8674544190946999, "log10_eta": -4.0, "log10_lambda": 0.6473520391446659, "log10_min_child_weight": 3.7165498565072164, "log10_subsample": -0.1915289665277502, "max_depth": 4.0, "num_boost_round": 7.0}, "datetime": {"datetime": "2024-01-19 00:45:20", "elapsed": 2024.636818, "delta": 0.001912}}
{"target": -17.677225215536787, "params": {"gamma": 435.9595688115511, "log10_alpha": 0.7328084356080146, "log10_colsample_bytree": -0.8674544190946999, "log10_eta": -4.0, "log10_lambda": 0.6473520391446659, "log10_min_child_weight": 3.7165498565072164, "log10_subsample": -0.1915289665277502, "max_depth": 4.0, "num_boost_round": 8.0}, "datetime": {"datetime": "2024-01-19 00:45:20", "elapsed": 2024.638688, "delta": 0.00187}}
{"target": -17.677222967967026, "params": {"gamma": 435.9595688115511, "log10_alpha": 0.7328084356080146, "log10_colsample_bytree": -0.8674544190946999, "log10_eta": -4.0, "log10_lambda": 0.6473520391446659, "log10_min_child_weight": 3.7165498565072164, "log10_subsample": -0.1915289665277502, "max_depth": 4.0, "num_boost_round": 9.0}, "datetime": {"datetime": "2024-01-19 00:45:20", "elapsed": 2024.640583, "delta": 0.001895}}
{"target": -17.677220895180003, "params": {"gamma": 435.9595688115511, "log10_alpha": 0.7328084356080146, "log10_colsample_bytree": -0.8674544190946999, "log10_eta": -4.0, "log10_lambda": 0.6473520391446659, "log10_min_child_weight": 3.7165498565072164, "log10_subsample": -0.1915289665277502, "max_depth": 4.0, "num_boost_round": 10.0}, "datetime": {"datetime": "2024-01-19 00:45:20", "elapsed": 2024.642467, "delta": 0.001884}}
{"target": -17.677219484547084, "params": {"gamma": 435.9595688115511, "log10_alpha": 0.7328084356080146, "log10_colsample_bytree": -0.8674544190946999, "log10_eta": -4.0, "log10_lambda": 0.6473520391446659, "log10_min_child_weight": 3.7165498565072164, "log10_subsample": -0.1915289665277502, "max_depth": 4.0, "num_boost_round": 11.0}, "datetime": {"datetime": "2024-01-19 00:45:20", "elapsed": 2024.644354, "delta": 0.001887}}
{"target": -17.677216946649505, "params": {"gamma": 435.9595688115511, "log10_alpha": 0.7328084356080146, "log10_colsample_bytree": -0.8674544190946999, "log10_eta": -4.0, "log10_lambda": 0.6473520391446659, "log10_min_child_weight": 3.7165498565072164, "log10_subsample": -0.1915289665277502, "max_depth": 4.0, "num_boost_round": 12.0}, "datetime": {"datetime": "2024-01-19 00:45:20", "elapsed": 2024.646229, "delta": 0.001875}}
{"target": -17.677215324587234, "params": {"gamma": 435.9595688115511, "log10_alpha": 0.7328084356080146, "log10_colsample_bytree": -0.8674544190946999, "log10_eta": -4.0, "log10_lambda": 0.6473520391446659, "log10_min_child_weight": 3.7165498565072164, "log10_subsample": -0.1915289665277502, "max_depth": 4.0, "num_boost_round": 13.0}, "datetime": {"datetime": "2024-01-19 00:45:20", "elapsed": 2024.648127, "delta": 0.001898}}
{"target": -17.677207534731767, "params": {"gamma": 429.85156102126297, "log10_alpha": -0.28497497045561815, "log10_colsample_bytree": -0.3042629690507086, "log10_eta": -2.700101748646199, "log10_lambda": -3.564570055830689, "log10_min_child_weight": 4.232945632482824, "log10_subsample": -0.3517572247922288, "max_depth": 8.0, "num_boost_round": 0.0}, "datetime": {"datetime": "2024-01-19 00:46:00", "elapsed": 2065.428626, "delta": 40.780499}}
{"target": -17.67722369376746, "params": {"gamma": 429.85156102126297, "log10_alpha": -0.28497497045561815, "log10_colsample_bytree": -0.3042629690507086, "log10_eta": -2.700101748646199, "log10_lambda": -3.564570055830689, "log10_min_child_weight": 4.232945632482824, "log10_subsample": -0.3517572247922288, "max_depth": 8.0, "num_boost_round": 1.0}, "datetime": {"datetime": "2024-01-19 00:46:00", "elapsed": 2065.430977, "delta": 0.002351}}
{"target": -17.677263693924825, "params": {"gamma": 429.85156102126297, "log10_alpha": -0.28497497045561815, "log10_colsample_bytree": -0.3042629690507086, "log10_eta": -2.700101748646199, "log10_lambda": -3.564570055830689, "log10_min_child_weight": 4.232945632482824, "log10_subsample": -0.3517572247922288, "max_depth": 8.0, "num_boost_round": 2.0}, "datetime": {"datetime": "2024-01-19 00:46:00", "elapsed": 2065.433545, "delta": 0.002568}}
{"target": -17.677260831884972, "params": {"gamma": 429.85156102126297, "log10_alpha": -0.28497497045561815, "log10_colsample_bytree": -0.3042629690507086, "log10_eta": -2.700101748646199, "log10_lambda": -3.564570055830689, "log10_min_child_weight": 4.232945632482824, "log10_subsample": -0.3517572247922288, "max_depth": 8.0, "num_boost_round": 3.0}, "datetime": {"datetime": "2024-01-19 00:46:00", "elapsed": 2065.435509, "delta": 0.001964}}
{"target": -17.677252131118657, "params": {"gamma": 429.85156102126297, "log10_alpha": -0.28497497045561815, "log10_colsample_bytree": -0.3042629690507086, "log10_eta": -2.700101748646199, "log10_lambda": -3.564570055830689, "log10_min_child_weight": 4.232945632482824, "log10_subsample": -0.3517572247922288, "max_depth": 8.0, "num_boost_round": 4.0}, "datetime": {"datetime": "2024-01-19 00:46:00", "elapsed": 2065.437381, "delta": 0.001872}}
{"target": -17.677243818451643, "params": {"gamma": 429.85156102126297, "log10_alpha": -0.28497497045561815, "log10_colsample_bytree": -0.3042629690507086, "log10_eta": -2.700101748646199, "log10_lambda": -3.564570055830689, "log10_min_child_weight": 4.232945632482824, "log10_subsample": -0.3517572247922288, "max_depth": 8.0, "num_boost_round": 5.0}, "datetime": {"datetime": "2024-01-19 00:46:00", "elapsed": 2065.4393, "delta": 0.001919}}
{"target": -17.677238362135768, "params": {"gamma": 429.85156102126297, "log10_alpha": -0.28497497045561815, "log10_colsample_bytree": -0.3042629690507086, "log10_eta": -2.700101748646199, "log10_lambda": -3.564570055830689, "log10_min_child_weight": 4.232945632482824, "log10_subsample": -0.3517572247922288, "max_depth": 8.0, "num_boost_round": 6.0}, "datetime": {"datetime": "2024-01-19 00:46:00", "elapsed": 2065.44121, "delta": 0.00191}}
{"target": -17.677240032765607, "params": {"gamma": 429.85156102126297, "log10_alpha": -0.28497497045561815, "log10_colsample_bytree": -0.3042629690507086, "log10_eta": -2.700101748646199, "log10_lambda": -3.564570055830689, "log10_min_child_weight": 4.232945632482824, "log10_subsample": -0.3517572247922288, "max_depth": 8.0, "num_boost_round": 7.0}, "datetime": {"datetime": "2024-01-19 00:46:00", "elapsed": 2065.443094, "delta": 0.001884}}
{"target": -17.677209276263888, "params": {"gamma": 429.85156102126297, "log10_alpha": -0.28497497045561815, "log10_colsample_bytree": -0.3042629690507086, "log10_eta": -2.700101748646199, "log10_lambda": -3.564570055830689, "log10_min_child_weight": 4.232945632482824, "log10_subsample": -0.3517572247922288, "max_depth": 8.0, "num_boost_round": 8.0}, "datetime": {"datetime": "2024-01-19 00:46:00", "elapsed": 2065.444964, "delta": 0.00187}}
{"target": -17.677147992323256, "params": {"gamma": 429.85156102126297, "log10_alpha": -0.28497497045561815, "log10_colsample_bytree": -0.3042629690507086, "log10_eta": -2.700101748646199, "log10_lambda": -3.564570055830689, "log10_min_child_weight": 4.232945632482824, "log10_subsample": -0.3517572247922288, "max_depth": 8.0, "num_boost_round": 9.0}, "datetime": {"datetime": "2024-01-19 00:46:00", "elapsed": 2065.446853, "delta": 0.001889}}
{"target": -17.677089380319515, "params": {"gamma": 429.85156102126297, "log10_alpha": -0.28497497045561815, "log10_colsample_bytree": -0.3042629690507086, "log10_eta": -2.700101748646199, "log10_lambda": -3.564570055830689, "log10_min_child_weight": 4.232945632482824, "log10_subsample": -0.3517572247922288, "max_depth": 8.0, "num_boost_round": 10.0}, "datetime": {"datetime": "2024-01-19 00:46:00", "elapsed": 2065.448759, "delta": 0.001906}}
{"target": -17.677047896655893, "params": {"gamma": 429.85156102126297, "log10_alpha": -0.28497497045561815, "log10_colsample_bytree": -0.3042629690507086, "log10_eta": -2.700101748646199, "log10_lambda": -3.564570055830689, "log10_min_child_weight": 4.232945632482824, "log10_subsample": -0.3517572247922288, "max_depth": 8.0, "num_boost_round": 11.0}, "datetime": {"datetime": "2024-01-19 00:46:00", "elapsed": 2065.451025, "delta": 0.002266}}
{"target": -17.67703746889973, "params": {"gamma": 429.85156102126297, "log10_alpha": -0.28497497045561815, "log10_colsample_bytree": -0.3042629690507086, "log10_eta": -2.700101748646199, "log10_lambda": -3.564570055830689, "log10_min_child_weight": 4.232945632482824, "log10_subsample": -0.3517572247922288, "max_depth": 8.0, "num_boost_round": 12.0}, "datetime": {"datetime": "2024-01-19 00:46:00", "elapsed": 2065.453344, "delta": 0.002319}}
{"target": -17.6770834373657, "params": {"gamma": 429.85156102126297, "log10_alpha": -0.28497497045561815, "log10_colsample_bytree": -0.3042629690507086, "log10_eta": -2.700101748646199, "log10_lambda": -3.564570055830689, "log10_min_child_weight": 4.232945632482824, "log10_subsample": -0.3517572247922288, "max_depth": 8.0, "num_boost_round": 13.0}, "datetime": {"datetime": "2024-01-19 00:46:00", "elapsed": 2065.455851, "delta": 0.002507}}
{"target": -17.67705967845632, "params": {"gamma": 429.85156102126297, "log10_alpha": -0.28497497045561815, "log10_colsample_bytree": -0.3042629690507086, "log10_eta": -2.700101748646199, "log10_lambda": -3.564570055830689, "log10_min_child_weight": 4.232945632482824, "log10_subsample": -0.3517572247922288, "max_depth": 8.0, "num_boost_round": 14.0}, "datetime": {"datetime": "2024-01-19 00:46:00", "elapsed": 2065.457763, "delta": 0.001912}}
{"target": -17.677012506536535, "params": {"gamma": 429.85156102126297, "log10_alpha": -0.28497497045561815, "log10_colsample_bytree": -0.3042629690507086, "log10_eta": -2.700101748646199, "log10_lambda": -3.564570055830689, "log10_min_child_weight": 4.232945632482824, "log10_subsample": -0.3517572247922288, "max_depth": 8.0, "num_boost_round": 15.0}, "datetime": {"datetime": "2024-01-19 00:46:00", "elapsed": 2065.459636, "delta": 0.001873}}
{"target": -17.67699998656197, "params": {"gamma": 429.85156102126297, "log10_alpha": -0.28497497045561815, "log10_colsample_bytree": -0.3042629690507086, "log10_eta": -2.700101748646199, "log10_lambda": -3.564570055830689, "log10_min_child_weight": 4.232945632482824, "log10_subsample": -0.3517572247922288, "max_depth": 8.0, "num_boost_round": 16.0}, "datetime": {"datetime": "2024-01-19 00:46:00", "elapsed": 2065.461512, "delta": 0.001876}}
{"target": -17.676990315363025, "params": {"gamma": 429.85156102126297, "log10_alpha": -0.28497497045561815, "log10_colsample_bytree": -0.3042629690507086, "log10_eta": -2.700101748646199, "log10_lambda": -3.564570055830689, "log10_min_child_weight": 4.232945632482824, "log10_subsample": -0.3517572247922288, "max_depth": 8.0, "num_boost_round": 17.0}, "datetime": {"datetime": "2024-01-19 00:46:00", "elapsed": 2065.463461, "delta": 0.001949}}
{"target": -17.676966477308838, "params": {"gamma": 429.85156102126297, "log10_alpha": -0.28497497045561815, "log10_colsample_bytree": -0.3042629690507086, "log10_eta": -2.700101748646199, "log10_lambda": -3.564570055830689, "log10_min_child_weight": 4.232945632482824, "log10_subsample": -0.3517572247922288, "max_depth": 8.0, "num_boost_round": 18.0}, "datetime": {"datetime": "2024-01-19 00:46:00", "elapsed": 2065.465355, "delta": 0.001894}}
{"target": -17.67690449260454, "params": {"gamma": 429.85156102126297, "log10_alpha": -0.28497497045561815, "log10_colsample_bytree": -0.3042629690507086, "log10_eta": -2.700101748646199, "log10_lambda": -3.564570055830689, "log10_min_child_weight": 4.232945632482824, "log10_subsample": -0.3517572247922288, "max_depth": 8.0, "num_boost_round": 19.0}, "datetime": {"datetime": "2024-01-19 00:46:00", "elapsed": 2065.467241, "delta": 0.001886}}
{"target": -17.67687797233911, "params": {"gamma": 429.85156102126297, "log10_alpha": -0.28497497045561815, "log10_colsample_bytree": -0.3042629690507086, "log10_eta": -2.700101748646199, "log10_lambda": -3.564570055830689, "log10_min_child_weight": 4.232945632482824, "log10_subsample": -0.3517572247922288, "max_depth": 8.0, "num_boost_round": 20.0}, "datetime": {"datetime": "2024-01-19 00:46:00", "elapsed": 2065.46912, "delta": 0.001879}}
