{"target": -13.753466447771265, "params": {"gamma": 726.4349122365048, "log10_alpha": -4.778027202843017, "log10_colsample_bytree": -0.9149103099860899, "log10_eta": -1.969786177734731, "log10_lambda": 0.6122015796023366, "log10_min_child_weight": 2.9876197442924743, "log10_subsample": -0.6546742374330871, "max_depth": 8.0, "num_boost_round": 58.0}, "datetime": {"datetime": "2024-01-19 01:55:13", "elapsed": 6221.186098, "delta": 0.00778}}
{"target": -13.75332703426341, "params": {"gamma": 726.4349122365048, "log10_alpha": -4.778027202843017, "log10_colsample_bytree": -0.9149103099860899, "log10_eta": -1.969786177734731, "log10_lambda": 0.6122015796023366, "log10_min_child_weight": 2.9876197442924743, "log10_subsample": -0.6546742374330871, "max_depth": 8.0, "num_boost_round": 59.0}, "datetime": {"datetime": "2024-01-19 01:55:13", "elapsed": 6221.192921, "delta": 0.006823}}
{"target": -13.753303519076011, "params": {"gamma": 726.4349122365048, "log10_alpha": -4.778027202843017, "log10_colsample_bytree": -0.9149103099860899, "log10_eta": -1.969786177734731, "log10_lambda": 0.6122015796023366, "log10_min_child_weight": 2.9876197442924743, "log10_subsample": -0.6546742374330871, "max_depth": 8.0, "num_boost_round": 60.0}, "datetime": {"datetime": "2024-01-19 01:55:13", "elapsed": 6221.198693, "delta": 0.005772}}
{"target": -13.753572589161408, "params": {"gamma": 726.4349122365048, "log10_alpha": -4.778027202843017, "log10_colsample_bytree": -0.9149103099860899, "log10_eta": -1.969786177734731, "log10_lambda": 0.6122015796023366, "log10_min_child_weight": 2.9876197442924743, "log10_subsample": -0.6546742374330871, "max_depth": 8.0, "num_boost_round": 61.0}, "datetime": {"datetime": "2024-01-19 01:55:13", "elapsed": 6221.204626, "delta": 0.005933}}
{"target": -13.753772171182224, "params": {"gamma": 726.4349122365048, "log10_alpha": -4.778027202843017, "log10_colsample_bytree": -0.9149103099860899, "log10_eta": -1.969786177734731, "log10_lambda": 0.6122015796023366, "log10_min_child_weight": 2.9876197442924743, "log10_subsample": -0.6546742374330871, "max_depth": 8.0, "num_boost_round": 62.0}, "datetime": {"datetime": "2024-01-19 01:55:13", "elapsed": 6221.21081, "delta": 0.006184}}
{"target": -13.7535201032168, "params": {"gamma": 726.4349122365048, "log10_alpha": -4.778027202843017, "log10_colsample_bytree": -0.9149103099860899, "log10_eta": -1.969786177734731, "log10_lambda": 0.6122015796023366, "log10_min_child_weight": 2.9876197442924743, "log10_subsample": -0.6546742374330871, "max_depth": 8.0, "num_boost_round": 63.0}, "datetime": {"datetime": "2024-01-19 01:55:13", "elapsed": 6221.217125, "delta": 0.006315}}
{"target": -13.753631015132912, "params": {"gamma": 726.4349122365048, "log10_alpha": -4.778027202843017, "log10_colsample_bytree": -0.9149103099860899, "log10_eta": -1.969786177734731, "log10_lambda": 0.6122015796023366, "log10_min_child_weight": 2.9876197442924743, "log10_subsample": -0.6546742374330871, "max_depth": 8.0, "num_boost_round": 64.0}, "datetime": {"datetime": "2024-01-19 01:55:13", "elapsed": 6221.223436, "delta": 0.006311}}
{"target": -13.753670529362582, "params": {"gamma": 726.4349122365048, "log10_alpha": -4.778027202843017, "log10_colsample_bytree": -0.9149103099860899, "log10_eta": -1.969786177734731, "log10_lambda": 0.6122015796023366, "log10_min_child_weight": 2.9876197442924743, "log10_subsample": -0.6546742374330871, "max_depth": 8.0, "num_boost_round": 65.0}, "datetime": {"datetime": "2024-01-19 01:55:13", "elapsed": 6221.229662, "delta": 0.006226}}
{"target": -13.78352777685619, "params": {"gamma": 718.0219185617464, "log10_alpha": -2.8427723694938813, "log10_colsample_bytree": -0.5030966792848375, "log10_eta": -0.2997461356705098, "log10_lambda": -4.17632322555167, "log10_min_child_weight": 2.6551846332723343, "log10_subsample": -0.8970134894723927, "max_depth": 8.0, "num_boost_round": 0.0}, "datetime": {"datetime": "2024-01-19 01:57:17", "elapsed": 6345.442701, "delta": 124.213039}}
{"target": -13.826874130183805, "params": {"gamma": 718.0219185617464, "log10_alpha": -2.8427723694938813, "log10_colsample_bytree": -0.5030966792848375, "log10_eta": -0.2997461356705098, "log10_lambda": -4.17632322555167, "log10_min_child_weight": 2.6551846332723343, "log10_subsample": -0.8970134894723927, "max_depth": 8.0, "num_boost_round": 1.0}, "datetime": {"datetime": "2024-01-19 01:57:17", "elapsed": 6345.449774, "delta": 0.007073}}
{"target": -13.85326868922828, "params": {"gamma": 718.0219185617464, "log10_alpha": -2.8427723694938813, "log10_colsample_bytree": -0.5030966792848375, "log10_eta": -0.2997461356705098, "log10_lambda": -4.17632322555167, "log10_min_child_weight": 2.6551846332723343, "log10_subsample": -0.8970134894723927, "max_depth": 8.0, "num_boost_round": 2.0}, "datetime": {"datetime": "2024-01-19 01:57:17", "elapsed": 6345.456577, "delta": 0.006803}}
{"target": -13.896877103287668, "params": {"gamma": 718.0219185617464, "log10_alpha": -2.8427723694938813, "log10_colsample_bytree": -0.5030966792848375, "log10_eta": -0.2997461356705098, "log10_lambda": -4.17632322555167, "log10_min_child_weight": 2.6551846332723343, "log10_subsample": -0.8970134894723927, "max_depth": 8.0, "num_boost_round": 3.0}, "datetime": {"datetime": "2024-01-19 01:57:17", "elapsed": 6345.462492, "delta": 0.005915}}
{"target": -13.921208939425219, "params": {"gamma": 718.0219185617464, "log10_alpha": -2.8427723694938813, "log10_colsample_bytree": -0.5030966792848375, "log10_eta": -0.2997461356705098, "log10_lambda": -4.17632322555167, "log10_min_child_weight": 2.6551846332723343, "log10_subsample": -0.8970134894723927, "max_depth": 8.0, "num_boost_round": 4.0}, "datetime": {"datetime": "2024-01-19 01:57:17", "elapsed": 6345.468278, "delta": 0.005786}}
{"target": -13.938921095757054, "params": {"gamma": 718.0219185617464, "log10_alpha": -2.8427723694938813, "log10_colsample_bytree": -0.5030966792848375, "log10_eta": -0.2997461356705098, "log10_lambda": -4.17632322555167, "log10_min_child_weight": 2.6551846332723343, "log10_subsample": -0.8970134894723927, "max_depth": 8.0, "num_boost_round": 5.0}, "datetime": {"datetime": "2024-01-19 01:57:17", "elapsed": 6345.474305, "delta": 0.006027}}
{"target": -13.973617052885553, "params": {"gamma": 718.0219185617464, "log10_alpha": -2.8427723694938813, "log10_colsample_bytree": -0.5030966792848375, "log10_eta": -0.2997461356705098, "log10_lambda": -4.17632322555167, "log10_min_child_weight": 2.6551846332723343, "log10_subsample": -0.8970134894723927, "max_depth": 8.0, "num_boost_round": 6.0}, "datetime": {"datetime": "2024-01-19 01:57:17", "elapsed": 6345.480302, "delta": 0.005997}}
{"target": -14.04828703604608, "params": {"gamma": 718.0219185617464, "log10_alpha": -2.8427723694938813, "log10_colsample_bytree": -0.5030966792848375, "log10_eta": -0.2997461356705098, "log10_lambda": -4.17632322555167, "log10_min_child_weight": 2.6551846332723343, "log10_subsample": -0.8970134894723927, "max_depth": 8.0, "num_boost_round": 7.0}, "datetime": {"datetime": "2024-01-19 01:57:17", "elapsed": 6345.486236, "delta": 0.005934}}
{"target": -14.060235968589451, "params": {"gamma": 718.0219185617464, "log10_alpha": -2.8427723694938813, "log10_colsample_bytree": -0.5030966792848375, "log10_eta": -0.2997461356705098, "log10_lambda": -4.17632322555167, "log10_min_child_weight": 2.6551846332723343, "log10_subsample": -0.8970134894723927, "max_depth": 8.0, "num_boost_round": 8.0}, "datetime": {"datetime": "2024-01-19 01:57:17", "elapsed": 6345.492371, "delta": 0.006135}}
{"target": -14.094621833972647, "params": {"gamma": 718.0219185617464, "log10_alpha": -2.8427723694938813, "log10_colsample_bytree": -0.5030966792848375, "log10_eta": -0.2997461356705098, "log10_lambda": -4.17632322555167, "log10_min_child_weight": 2.6551846332723343, "log10_subsample": -0.8970134894723927, "max_depth": 8.0, "num_boost_round": 9.0}, "datetime": {"datetime": "2024-01-19 01:57:17", "elapsed": 6345.49848, "delta": 0.006109}}
{"target": -14.120703632940124, "params": {"gamma": 718.0219185617464, "log10_alpha": -2.8427723694938813, "log10_colsample_bytree": -0.5030966792848375, "log10_eta": -0.2997461356705098, "log10_lambda": -4.17632322555167, "log10_min_child_weight": 2.6551846332723343, "log10_subsample": -0.8970134894723927, "max_depth": 8.0, "num_boost_round": 10.0}, "datetime": {"datetime": "2024-01-19 01:57:17", "elapsed": 6345.504602, "delta": 0.006122}}
{"target": -14.12017802257225, "params": {"gamma": 718.0219185617464, "log10_alpha": -2.8427723694938813, "log10_colsample_bytree": -0.5030966792848375, "log10_eta": -0.2997461356705098, "log10_lambda": -4.17632322555167, "log10_min_child_weight": 2.6551846332723343, "log10_subsample": -0.8970134894723927, "max_depth": 8.0, "num_boost_round": 11.0}, "datetime": {"datetime": "2024-01-19 01:57:17", "elapsed": 6345.510921, "delta": 0.006319}}
{"target": -14.12816616122983, "params": {"gamma": 718.0219185617464, "log10_alpha": -2.8427723694938813, "log10_colsample_bytree": -0.5030966792848375, "log10_eta": -0.2997461356705098, "log10_lambda": -4.17632322555167, "log10_min_child_weight": 2.6551846332723343, "log10_subsample": -0.8970134894723927, "max_depth": 8.0, "num_boost_round": 12.0}, "datetime": {"datetime": "2024-01-19 01:57:17", "elapsed": 6345.516896, "delta": 0.005975}}
{"target": -14.131599623943009, "params": {"gamma": 718.0219185617464, "log10_alpha": -2.8427723694938813, "log10_colsample_bytree": -0.5030966792848375, "log10_eta": -0.2997461356705098, "log10_lambda": -4.17632322555167, "log10_min_child_weight": 2.6551846332723343, "log10_subsample": -0.8970134894723927, "max_depth": 8.0, "num_boost_round": 13.0}, "datetime": {"datetime": "2024-01-19 01:57:17", "elapsed": 6345.522935, "delta": 0.006039}}
{"target": -14.156339923415917, "params": {"gamma": 718.0219185617464, "log10_alpha": -2.8427723694938813, "log10_colsample_bytree": -0.5030966792848375, "log10_eta": -0.2997461356705098, "log10_lambda": -4.17632322555167, "log10_min_child_weight": 2.6551846332723343, "log10_subsample": -0.8970134894723927, "max_depth": 8.0, "num_boost_round": 14.0}, "datetime": {"datetime": "2024-01-19 01:57:17", "elapsed": 6345.528926, "delta": 0.005991}}
{"target": -14.168292812046401, "params": {"gamma": 718.0219185617464, "log10_alpha": -2.8427723694938813, "log10_colsample_bytree": -0.5030966792848375, "log10_eta": -0.2997461356705098, "log10_lambda": -4.17632322555167, "log10_min_child_weight": 2.6551846332723343, "log10_subsample": -0.8970134894723927, "max_depth": 8.0, "num_boost_round": 15.0}, "datetime": {"datetime": "2024-01-19 01:57:17", "elapsed": 6345.534936, "delta": 0.00601}}
{"target": -14.17641412965379, "params": {"gamma": 718.0219185617464, "log10_alpha": -2.8427723694938813, "log10_colsample_bytree": -0.5030966792848375, "log10_eta": -0.2997461356705098, "log10_lambda": -4.17632322555167, "log10_min_child_weight": 2.6551846332723343, "log10_subsample": -0.8970134894723927, "max_depth": 8.0, "num_boost_round": 16.0}, "datetime": {"datetime": "2024-01-19 01:57:17", "elapsed": 6345.541402, "delta": 0.006466}}
{"target": -14.212090610907408, "params": {"gamma": 718.0219185617464, "log10_alpha": -2.8427723694938813, "log10_colsample_bytree": -0.5030966792848375, "log10_eta": -0.2997461356705098, "log10_lambda": -4.17632322555167, "log10_min_child_weight": 2.6551846332723343, "log10_subsample": -0.8970134894723927, "max_depth": 8.0, "num_boost_round": 17.0}, "datetime": {"datetime": "2024-01-19 01:57:17", "elapsed": 6345.547647, "delta": 0.006245}}
{"target": -14.235052130485325, "params": {"gamma": 718.0219185617464, "log10_alpha": -2.8427723694938813, "log10_colsample_bytree": -0.5030966792848375, "log10_eta": -0.2997461356705098, "log10_lambda": -4.17632322555167, "log10_min_child_weight": 2.6551846332723343, "log10_subsample": -0.8970134894723927, "max_depth": 8.0, "num_boost_round": 18.0}, "datetime": {"datetime": "2024-01-19 01:57:17", "elapsed": 6345.553277, "delta": 0.00563}}
{"target": -14.255422020672425, "params": {"gamma": 718.0219185617464, "log10_alpha": -2.8427723694938813, "log10_colsample_bytree": -0.5030966792848375, "log10_eta": -0.2997461356705098, "log10_lambda": -4.17632322555167, "log10_min_child_weight": 2.6551846332723343, "log10_subsample": -0.8970134894723927, "max_depth": 8.0, "num_boost_round": 19.0}, "datetime": {"datetime": "2024-01-19 01:57:17", "elapsed": 6345.559011, "delta": 0.005734}}
{"target": -14.26618898600005, "params": {"gamma": 718.0219185617464, "log10_alpha": -2.8427723694938813, "log10_colsample_bytree": -0.5030966792848375, "log10_eta": -0.2997461356705098, "log10_lambda": -4.17632322555167, "log10_min_child_weight": 2.6551846332723343, "log10_subsample": -0.8970134894723927, "max_depth": 8.0, "num_boost_round": 20.0}, "datetime": {"datetime": "2024-01-19 01:57:17", "elapsed": 6345.564744, "delta": 0.005733}}
{"target": -14.331109925071544, "params": {"gamma": 718.0219185617464, "log10_alpha": -2.8427723694938813, "log10_colsample_bytree": -0.5030966792848375, "log10_eta": -0.2997461356705098, "log10_lambda": -4.17632322555167, "log10_min_child_weight": 2.6551846332723343, "log10_subsample": -0.8970134894723927, "max_depth": 8.0, "num_boost_round": 21.0}, "datetime": {"datetime": "2024-01-19 01:57:17", "elapsed": 6345.57063, "delta": 0.005886}}
{"target": -14.352879350781587, "params": {"gamma": 718.0219185617464, "log10_alpha": -2.8427723694938813, "log10_colsample_bytree": -0.5030966792848375, "log10_eta": -0.2997461356705098, "log10_lambda": -4.17632322555167, "log10_min_child_weight": 2.6551846332723343, "log10_subsample": -0.8970134894723927, "max_depth": 8.0, "num_boost_round": 22.0}, "datetime": {"datetime": "2024-01-19 01:57:18", "elapsed": 6345.576468, "delta": 0.005838}}
{"target": -14.422182133256959, "params": {"gamma": 718.0219185617464, "log10_alpha": -2.8427723694938813, "log10_colsample_bytree": -0.5030966792848375, "log10_eta": -0.2997461356705098, "log10_lambda": -4.17632322555167, "log10_min_child_weight": 2.6551846332723343, "log10_subsample": -0.8970134894723927, "max_depth": 8.0, "num_boost_round": 23.0}, "datetime": {"datetime": "2024-01-19 01:57:18", "elapsed": 6345.582765, "delta": 0.006297}}
{"target": -14.431432770898065, "params": {"gamma": 718.0219185617464, "log10_alpha": -2.8427723694938813, "log10_colsample_bytree": -0.5030966792848375, "log10_eta": -0.2997461356705098, "log10_lambda": -4.17632322555167, "log10_min_child_weight": 2.6551846332723343, "log10_subsample": -0.8970134894723927, "max_depth": 8.0, "num_boost_round": 24.0}, "datetime": {"datetime": "2024-01-19 01:57:18", "elapsed": 6345.588304, "delta": 0.005539}}
{"target": -14.436080627052263, "params": {"gamma": 718.0219185617464, "log10_alpha": -2.8427723694938813, "log10_colsample_bytree": -0.5030966792848375, "log10_eta": -0.2997461356705098, "log10_lambda": -4.17632322555167, "log10_min_child_weight": 2.6551846332723343, "log10_subsample": -0.8970134894723927, "max_depth": 8.0, "num_boost_round": 25.0}, "datetime": {"datetime": "2024-01-19 01:57:18", "elapsed": 6345.594237, "delta": 0.005933}}
{"target": -14.447504465369098, "params": {"gamma": 718.0219185617464, "log10_alpha": -2.8427723694938813, "log10_colsample_bytree": -0.5030966792848375, "log10_eta": -0.2997461356705098, "log10_lambda": -4.17632322555167, "log10_min_child_weight": 2.6551846332723343, "log10_subsample": -0.8970134894723927, "max_depth": 8.0, "num_boost_round": 26.0}, "datetime": {"datetime": "2024-01-19 01:57:18", "elapsed": 6345.600156, "delta": 0.005919}}
{"target": -14.459964785195488, "params": {"gamma": 718.0219185617464, "log10_alpha": -2.8427723694938813, "log10_colsample_bytree": -0.5030966792848375, "log10_eta": -0.2997461356705098, "log10_lambda": -4.17632322555167, "log10_min_child_weight": 2.6551846332723343, "log10_subsample": -0.8970134894723927, "max_depth": 8.0, "num_boost_round": 27.0}, "datetime": {"datetime": "2024-01-19 01:57:18", "elapsed": 6345.606113, "delta": 0.005957}}
{"target": -14.474409665805483, "params": {"gamma": 718.0219185617464, "log10_alpha": -2.8427723694938813, "log10_colsample_bytree": -0.5030966792848375, "log10_eta": -0.2997461356705098, "log10_lambda": -4.17632322555167, "log10_min_child_weight": 2.6551846332723343, "log10_subsample": -0.8970134894723927, "max_depth": 8.0, "num_boost_round": 28.0}, "datetime": {"datetime": "2024-01-19 01:57:18", "elapsed": 6345.612372, "delta": 0.006259}}
{"target": -14.483578516968297, "params": {"gamma": 718.0219185617464, "log10_alpha": -2.8427723694938813, "log10_colsample_bytree": -0.5030966792848375, "log10_eta": -0.2997461356705098, "log10_lambda": -4.17632322555167, "log10_min_child_weight": 2.6551846332723343, "log10_subsample": -0.8970134894723927, "max_depth": 8.0, "num_boost_round": 29.0}, "datetime": {"datetime": "2024-01-19 01:57:18", "elapsed": 6345.618993, "delta": 0.006621}}
{"target": -14.486635197552737, "params": {"gamma": 718.0219185617464, "log10_alpha": -2.8427723694938813, "log10_colsample_bytree": -0.5030966792848375, "log10_eta": -0.2997461356705098, "log10_lambda": -4.17632322555167, "log10_min_child_weight": 2.6551846332723343, "log10_subsample": -0.8970134894723927, "max_depth": 8.0, "num_boost_round": 30.0}, "datetime": {"datetime": "2024-01-19 01:57:18", "elapsed": 6345.758528, "delta": 0.139535}}
{"target": -14.496722181163904, "params": {"gamma": 718.0219185617464, "log10_alpha": -2.8427723694938813, "log10_colsample_bytree": -0.5030966792848375, "log10_eta": -0.2997461356705098, "log10_lambda": -4.17632322555167, "log10_min_child_weight": 2.6551846332723343, "log10_subsample": -0.8970134894723927, "max_depth": 8.0, "num_boost_round": 31.0}, "datetime": {"datetime": "2024-01-19 01:57:18", "elapsed": 6345.765516, "delta": 0.006988}}
{"target": -14.498643403218415, "params": {"gamma": 718.0219185617464, "log10_alpha": -2.8427723694938813, "log10_colsample_bytree": -0.5030966792848375, "log10_eta": -0.2997461356705098, "log10_lambda": -4.17632322555167, "log10_min_child_weight": 2.6551846332723343, "log10_subsample": -0.8970134894723927, "max_depth": 8.0, "num_boost_round": 32.0}, "datetime": {"datetime": "2024-01-19 01:57:18", "elapsed": 6345.771926, "delta": 0.00641}}
{"target": -14.51481510544628, "params": {"gamma": 718.0219185617464, "log10_alpha": -2.8427723694938813, "log10_colsample_bytree": -0.5030966792848375, "log10_eta": -0.2997461356705098, "log10_lambda": -4.17632322555167, "log10_min_child_weight": 2.6551846332723343, "log10_subsample": -0.8970134894723927, "max_depth": 8.0, "num_boost_round": 33.0}, "datetime": {"datetime": "2024-01-19 01:57:18", "elapsed": 6345.778081, "delta": 0.006155}}
{"target": -14.520066876473566, "params": {"gamma": 718.0219185617464, "log10_alpha": -2.8427723694938813, "log10_colsample_bytree": -0.5030966792848375, "log10_eta": -0.2997461356705098, "log10_lambda": -4.17632322555167, "log10_min_child_weight": 2.6551846332723343, "log10_subsample": -0.8970134894723927, "max_depth": 8.0, "num_boost_round": 34.0}, "datetime": {"datetime": "2024-01-19 01:57:18", "elapsed": 6345.784567, "delta": 0.006486}}
{"target": -14.53797744946722, "params": {"gamma": 718.0219185617464, "log10_alpha": -2.8427723694938813, "log10_colsample_bytree": -0.5030966792848375, "log10_eta": -0.2997461356705098, "log10_lambda": -4.17632322555167, "log10_min_child_weight": 2.6551846332723343, "log10_subsample": -0.8970134894723927, "max_depth": 8.0, "num_boost_round": 35.0}, "datetime": {"datetime": "2024-01-19 01:57:18", "elapsed": 6345.791171, "delta": 0.006604}}
{"target": -14.542333429018553, "params": {"gamma": 718.0219185617464, "log10_alpha": -2.8427723694938813, "log10_colsample_bytree": -0.5030966792848375, "log10_eta": -0.2997461356705098, "log10_lambda": -4.17632322555167, "log10_min_child_weight": 2.6551846332723343, "log10_subsample": -0.8970134894723927, "max_depth": 8.0, "num_boost_round": 36.0}, "datetime": {"datetime": "2024-01-19 01:57:18", "elapsed": 6345.797058, "delta": 0.005887}}
{"target": -14.568108619063198, "params": {"gamma": 718.0219185617464, "log10_alpha": -2.8427723694938813, "log10_colsample_bytree": -0.5030966792848375, "log10_eta": -0.2997461356705098, "log10_lambda": -4.17632322555167, "log10_min_child_weight": 2.6551846332723343, "log10_subsample": -0.8970134894723927, "max_depth": 8.0, "num_boost_round": 37.0}, "datetime": {"datetime": "2024-01-19 01:57:18", "elapsed": 6345.80294, "delta": 0.005882}}
{"target": -14.566141967554953, "params": {"gamma": 718.0219185617464, "log10_alpha": -2.8427723694938813, "log10_colsample_bytree": -0.5030966792848375, "log10_eta": -0.2997461356705098, "log10_lambda": -4.17632322555167, "log10_min_child_weight": 2.6551846332723343, "log10_subsample": -0.8970134894723927, "max_depth": 8.0, "num_boost_round": 38.0}, "datetime": {"datetime": "2024-01-19 01:57:18", "elapsed": 6345.808963, "delta": 0.006023}}
{"target": -14.573364748448055, "params": {"gamma": 718.0219185617464, "log10_alpha": -2.8427723694938813, "log10_colsample_bytree": -0.5030966792848375, "log10_eta": -0.2997461356705098, "log10_lambda": -4.17632322555167, "log10_min_child_weight": 2.6551846332723343, "log10_subsample": -0.8970134894723927, "max_depth": 8.0, "num_boost_round": 39.0}, "datetime": {"datetime": "2024-01-19 01:57:18", "elapsed": 6345.815704, "delta": 0.006741}}
{"target": -14.5603488523784, "params": {"gamma": 718.0219185617464, "log10_alpha": -2.8427723694938813, "log10_colsample_bytree": -0.5030966792848375, "log10_eta": -0.2997461356705098, "log10_lambda": -4.17632322555167, "log10_min_child_weight": 2.6551846332723343, "log10_subsample": -0.8970134894723927, "max_depth": 8.0, "num_boost_round": 40.0}, "datetime": {"datetime": "2024-01-19 01:57:18", "elapsed": 6345.821884, "delta": 0.00618}}
