{"target": -17.67712579537261, "params": {"gamma": 409.0199674850454, "log10_alpha": -1.4007771803900058, "log10_colsample_bytree": -0.6861460073830997, "log10_eta": -3.7067134329473235, "log10_lambda": -4.617796492735924, "log10_min_child_weight": 3.343173135024201, "log10_subsample": -0.8529888636559215, "max_depth": 9.0, "num_boost_round": 21.0}, "datetime": {"datetime": "2024-01-19 01:01:47", "elapsed": 2997.675144, "delta": 0.003737}}
{"target": -17.677232837257744, "params": {"gamma": 442.3663935080819, "log10_alpha": -5.0, "log10_colsample_bytree": -0.5325990675410371, "log10_eta": -4.0, "log10_lambda": -0.28331351118298287, "log10_min_child_weight": 5.0, "log10_subsample": -0.35166833893959126, "max_depth": 4.0, "num_boost_round": 0.0}, "datetime": {"datetime": "2024-01-19 01:02:19", "elapsed": 3029.313426, "delta": 31.638282}}
{"target": -17.677232028601704, "params": {"gamma": 442.3663935080819, "log10_alpha": -5.0, "log10_colsample_bytree": -0.5325990675410371, "log10_eta": -4.0, "log10_lambda": -0.28331351118298287, "log10_min_child_weight": 5.0, "log10_subsample": -0.35166833893959126, "max_depth": 4.0, "num_boost_round": 1.0}, "datetime": {"datetime": "2024-01-19 01:02:19", "elapsed": 3029.436617, "delta": 0.123191}}
{"target": -17.677231939125548, "params": {"gamma": 442.3663935080819, "log10_alpha": -5.0, "log10_colsample_bytree": -0.5325990675410371, "log10_eta": -4.0, "log10_lambda": -0.28331351118298287, "log10_min_child_weight": 5.0, "log10_subsample": -0.35166833893959126, "max_depth": 4.0, "num_boost_round": 2.0}, "datetime": {"datetime": "2024-01-19 01:02:19", "elapsed": 3029.44151, "delta": 0.004893}}
{"target": -17.67723163875303, "params": {"gamma": 442.3663935080819, "log10_alpha": -5.0, "log10_colsample_bytree": -0.5325990675410371, "log10_eta": -4.0, "log10_lambda": -0.28331351118298287, "log10_min_child_weight": 5.0, "log10_subsample": -0.35166833893959126, "max_depth": 4.0, "num_boost_round": 3.0}, "datetime": {"datetime": "2024-01-19 01:02:19", "elapsed": 3029.445879, "delta": 0.004369}}
{"target": -17.677231860609268, "params": {"gamma": 442.3663935080819, "log10_alpha": -5.0, "log10_colsample_bytree": -0.5325990675410371, "log10_eta": -4.0, "log10_lambda": -0.28331351118298287, "log10_min_child_weight": 5.0, "log10_subsample": -0.35166833893959126, "max_depth": 4.0, "num_boost_round": 4.0}, "datetime": {"datetime": "2024-01-19 01:02:19", "elapsed": 3029.454721, "delta": 0.008842}}
{"target": -17.677231900829472, "params": {"gamma": 442.3663935080819, "log10_alpha": -5.0, "log10_colsample_bytree": -0.5325990675410371, "log10_eta": -4.0, "log10_lambda": -0.28331351118298287, "log10_min_child_weight": 5.0, "log10_subsample": -0.35166833893959126, "max_depth": 4.0, "num_boost_round": 5.0}, "datetime": {"datetime": "2024-01-19 01:02:19", "elapsed": 3029.459221, "delta": 0.0045}}
{"target": -17.677231667203124, "params": {"gamma": 442.3663935080819, "log10_alpha": -5.0, "log10_colsample_bytree": -0.5325990675410371, "log10_eta": -4.0, "log10_lambda": -0.28331351118298287, "log10_min_child_weight": 5.0, "log10_subsample": -0.35166833893959126, "max_depth": 4.0, "num_boost_round": 6.0}, "datetime": {"datetime": "2024-01-19 01:02:19", "elapsed": 3029.463445, "delta": 0.004224}}
{"target": -17.677232036253677, "params": {"gamma": 442.3663935080819, "log10_alpha": -5.0, "log10_colsample_bytree": -0.5325990675410371, "log10_eta": -4.0, "log10_lambda": -0.28331351118298287, "log10_min_child_weight": 5.0, "log10_subsample": -0.35166833893959126, "max_depth": 4.0, "num_boost_round": 7.0}, "datetime": {"datetime": "2024-01-19 01:02:19", "elapsed": 3029.467728, "delta": 0.004283}}
{"target": -17.677230748002483, "params": {"gamma": 442.3663935080819, "log10_alpha": -5.0, "log10_colsample_bytree": -0.5325990675410371, "log10_eta": -4.0, "log10_lambda": -0.28331351118298287, "log10_min_child_weight": 5.0, "log10_subsample": -0.35166833893959126, "max_depth": 4.0, "num_boost_round": 8.0}, "datetime": {"datetime": "2024-01-19 01:02:19", "elapsed": 3029.471898, "delta": 0.00417}}
{"target": -17.677229300729024, "params": {"gamma": 442.3663935080819, "log10_alpha": -5.0, "log10_colsample_bytree": -0.5325990675410371, "log10_eta": -4.0, "log10_lambda": -0.28331351118298287, "log10_min_child_weight": 5.0, "log10_subsample": -0.35166833893959126, "max_depth": 4.0, "num_boost_round": 9.0}, "datetime": {"datetime": "2024-01-19 01:02:19", "elapsed": 3029.4761, "delta": 0.004202}}
{"target": -17.67722554942002, "params": {"gamma": 406.18605781953676, "log10_alpha": -0.14282984406087174, "log10_colsample_bytree": -0.9769230942414638, "log10_eta": -3.4454415454479133, "log10_lambda": -1.6733552792486224, "log10_min_child_weight": 3.2609549903585866, "log10_subsample": -0.815229418643722, "max_depth": 9.0, "num_boost_round": 0.0}, "datetime": {"datetime": "2024-01-19 01:03:10", "elapsed": 3079.940728, "delta": 50.464628}}
{"target": -17.677224032031347, "params": {"gamma": 406.18605781953676, "log10_alpha": -0.14282984406087174, "log10_colsample_bytree": -0.9769230942414638, "log10_eta": -3.4454415454479133, "log10_lambda": -1.6733552792486224, "log10_min_child_weight": 3.2609549903585866, "log10_subsample": -0.815229418643722, "max_depth": 9.0, "num_boost_round": 1.0}, "datetime": {"datetime": "2024-01-19 01:03:10", "elapsed": 3079.945172, "delta": 0.004444}}
{"target": -17.677218724781373, "params": {"gamma": 406.18605781953676, "log10_alpha": -0.14282984406087174, "log10_colsample_bytree": -0.9769230942414638, "log10_eta": -3.4454415454479133, "log10_lambda": -1.6733552792486224, "log10_min_child_weight": 3.2609549903585866, "log10_subsample": -0.815229418643722, "max_depth": 9.0, "num_boost_round": 2.0}, "datetime": {"datetime": "2024-01-19 01:03:10", "elapsed": 3079.94907, "delta": 0.003898}}
{"target": -17.677214858885044, "params": {"gamma": 406.18605781953676, "log10_alpha": -0.14282984406087174, "log10_colsample_bytree": -0.9769230942414638, "log10_eta": -3.4454415454479133, "log10_lambda": -1.6733552792486224, "log10_min_child_weight": 3.2609549903585866, "log10_subsample": -0.815229418643722, "max_depth": 9.0, "num_boost_round": 3.0}, "datetime": {"datetime": "2024-01-19 01:03:10", "elapsed": 3079.953566, "delta": 0.004496}}
{"target": -17.67721031289848, "params": {"gamma": 406.18605781953676, "log10_alpha": -0.14282984406087174, "log10_colsample_bytree": -0.9769230942414638, "log10_eta": -3.4454415454479133, "log10_lambda": -1.6733552792486224, "log10_min_child_weight": 3.2609549903585866, "log10_subsample": -0.815229418643722, "max_depth": 9.0, "num_boost_round": 4.0}, "datetime": {"datetime": "2024-01-19 01:03:10", "elapsed": 3079.957267, "delta": 0.003701}}
{"target": -17.67720471352515, "params": {"gamma": 406.18605781953676, "log10_alpha": -0.14282984406087174, "log10_colsample_bytree": -0.9769230942414638, "log10_eta": -3.4454415454479133, "log10_lambda": -1.6733552792486224, "log10_min_child_weight": 3.2609549903585866, "log10_subsample": -0.815229418643722, "max_depth": 9.0, "num_boost_round": 5.0}, "datetime": {"datetime": "2024-01-19 01:03:10", "elapsed": 3079.960969, "delta": 0.003702}}
{"target": -17.67720891623296, "params": {"gamma": 406.18605781953676, "log10_alpha": -0.14282984406087174, "log10_colsample_bytree": -0.9769230942414638, "log10_eta": -3.4454415454479133, "log10_lambda": -1.6733552792486224, "log10_min_child_weight": 3.2609549903585866, "log10_subsample": -0.815229418643722, "max_depth": 9.0, "num_boost_round": 6.0}, "datetime": {"datetime": "2024-01-19 01:03:10", "elapsed": 3079.964789, "delta": 0.00382}}
{"target": -17.67719685568111, "params": {"gamma": 406.18605781953676, "log10_alpha": -0.14282984406087174, "log10_colsample_bytree": -0.9769230942414638, "log10_eta": -3.4454415454479133, "log10_lambda": -1.6733552792486224, "log10_min_child_weight": 3.2609549903585866, "log10_subsample": -0.815229418643722, "max_depth": 9.0, "num_boost_round": 7.0}, "datetime": {"datetime": "2024-01-19 01:03:10", "elapsed": 3079.968471, "delta": 0.003682}}
{"target": -17.67718449072738, "params": {"gamma": 406.18605781953676, "log10_alpha": -0.14282984406087174, "log10_colsample_bytree": -0.9769230942414638, "log10_eta": -3.4454415454479133, "log10_lambda": -1.6733552792486224, "log10_min_child_weight": 3.2609549903585866, "log10_subsample": -0.815229418643722, "max_depth": 9.0, "num_boost_round": 8.0}, "datetime": {"datetime": "2024-01-19 01:03:10", "elapsed": 3079.972228, "delta": 0.003757}}
{"target": -17.67718306304862, "params": {"gamma": 406.18605781953676, "log10_alpha": -0.14282984406087174, "log10_colsample_bytree": -0.9769230942414638, "log10_eta": -3.4454415454479133, "log10_lambda": -1.6733552792486224, "log10_min_child_weight": 3.2609549903585866, "log10_subsample": -0.815229418643722, "max_depth": 9.0, "num_boost_round": 9.0}, "datetime": {"datetime": "2024-01-19 01:03:10", "elapsed": 3079.975886, "delta": 0.003658}}
{"target": -17.67717599640693, "params": {"gamma": 406.18605781953676, "log10_alpha": -0.14282984406087174, "log10_colsample_bytree": -0.9769230942414638, "log10_eta": -3.4454415454479133, "log10_lambda": -1.6733552792486224, "log10_min_child_weight": 3.2609549903585866, "log10_subsample": -0.815229418643722, "max_depth": 9.0, "num_boost_round": 10.0}, "datetime": {"datetime": "2024-01-19 01:03:10", "elapsed": 3079.97955, "delta": 0.003664}}
{"target": -17.677176498390512, "params": {"gamma": 406.18605781953676, "log10_alpha": -0.14282984406087174, "log10_colsample_bytree": -0.9769230942414638, "log10_eta": -3.4454415454479133, "log10_lambda": -1.6733552792486224, "log10_min_child_weight": 3.2609549903585866, "log10_subsample": -0.815229418643722, "max_depth": 9.0, "num_boost_round": 11.0}, "datetime": {"datetime": "2024-01-19 01:03:10", "elapsed": 3079.983333, "delta": 0.003783}}
{"target": -17.677159231998186, "params": {"gamma": 406.18605781953676, "log10_alpha": -0.14282984406087174, "log10_colsample_bytree": -0.9769230942414638, "log10_eta": -3.4454415454479133, "log10_lambda": -1.6733552792486224, "log10_min_child_weight": 3.2609549903585866, "log10_subsample": -0.815229418643722, "max_depth": 9.0, "num_boost_round": 12.0}, "datetime": {"datetime": "2024-01-19 01:03:10", "elapsed": 3079.987106, "delta": 0.003773}}
{"target": -17.677151003319878, "params": {"gamma": 406.18605781953676, "log10_alpha": -0.14282984406087174, "log10_colsample_bytree": -0.9769230942414638, "log10_eta": -3.4454415454479133, "log10_lambda": -1.6733552792486224, "log10_min_child_weight": 3.2609549903585866, "log10_subsample": -0.815229418643722, "max_depth": 9.0, "num_boost_round": 13.0}, "datetime": {"datetime": "2024-01-19 01:03:10", "elapsed": 3079.99168, "delta": 0.004574}}
{"target": -17.677150286914983, "params": {"gamma": 406.18605781953676, "log10_alpha": -0.14282984406087174, "log10_colsample_bytree": -0.9769230942414638, "log10_eta": -3.4454415454479133, "log10_lambda": -1.6733552792486224, "log10_min_child_weight": 3.2609549903585866, "log10_subsample": -0.815229418643722, "max_depth": 9.0, "num_boost_round": 14.0}, "datetime": {"datetime": "2024-01-19 01:03:10", "elapsed": 3079.996228, "delta": 0.004548}}
{"target": -17.677141410010297, "params": {"gamma": 406.18605781953676, "log10_alpha": -0.14282984406087174, "log10_colsample_bytree": -0.9769230942414638, "log10_eta": -3.4454415454479133, "log10_lambda": -1.6733552792486224, "log10_min_child_weight": 3.2609549903585866, "log10_subsample": -0.815229418643722, "max_depth": 9.0, "num_boost_round": 15.0}, "datetime": {"datetime": "2024-01-19 01:03:10", "elapsed": 3080.000173, "delta": 0.003945}}
{"target": -17.677143587777145, "params": {"gamma": 406.18605781953676, "log10_alpha": -0.14282984406087174, "log10_colsample_bytree": -0.9769230942414638, "log10_eta": -3.4454415454479133, "log10_lambda": -1.6733552792486224, "log10_min_child_weight": 3.2609549903585866, "log10_subsample": -0.815229418643722, "max_depth": 9.0, "num_boost_round": 16.0}, "datetime": {"datetime": "2024-01-19 01:03:10", "elapsed": 3080.003988, "delta": 0.003815}}
{"target": -17.677139573624817, "params": {"gamma": 406.18605781953676, "log10_alpha": -0.14282984406087174, "log10_colsample_bytree": -0.9769230942414638, "log10_eta": -3.4454415454479133, "log10_lambda": -1.6733552792486224, "log10_min_child_weight": 3.2609549903585866, "log10_subsample": -0.815229418643722, "max_depth": 9.0, "num_boost_round": 17.0}, "datetime": {"datetime": "2024-01-19 01:03:10", "elapsed": 3080.007709, "delta": 0.003721}}
{"target": -17.67713716190057, "params": {"gamma": 406.18605781953676, "log10_alpha": -0.14282984406087174, "log10_colsample_bytree": -0.9769230942414638, "log10_eta": -3.4454415454479133, "log10_lambda": -1.6733552792486224, "log10_min_child_weight": 3.2609549903585866, "log10_subsample": -0.815229418643722, "max_depth": 9.0, "num_boost_round": 18.0}, "datetime": {"datetime": "2024-01-19 01:03:10", "elapsed": 3080.011381, "delta": 0.003672}}
{"target": -17.677125818593424, "params": {"gamma": 406.18605781953676, "log10_alpha": -0.14282984406087174, "log10_colsample_bytree": -0.9769230942414638, "log10_eta": -3.4454415454479133, "log10_lambda": -1.6733552792486224, "log10_min_child_weight": 3.2609549903585866, "log10_subsample": -0.815229418643722, "max_depth": 9.0, "num_boost_round": 19.0}, "datetime": {"datetime": "2024-01-19 01:03:10", "elapsed": 3080.015113, "delta": 0.003732}}
{"target": -17.67712445143894, "params": {"gamma": 406.18605781953676, "log10_alpha": -0.14282984406087174, "log10_colsample_bytree": -0.9769230942414638, "log10_eta": -3.4454415454479133, "log10_lambda": -1.6733552792486224, "log10_min_child_weight": 3.2609549903585866, "log10_subsample": -0.815229418643722, "max_depth": 9.0, "num_boost_round": 20.0}, "datetime": {"datetime": "2024-01-19 01:03:10", "elapsed": 3080.018883, "delta": 0.00377}}
{"target": -17.677109060765993, "params": {"gamma": 406.18605781953676, "log10_alpha": -0.14282984406087174, "log10_colsample_bytree": -0.9769230942414638, "log10_eta": -3.4454415454479133, "log10_lambda": -1.6733552792486224, "log10_min_child_weight": 3.2609549903585866, "log10_subsample": -0.815229418643722, "max_depth": 9.0, "num_boost_round": 21.0}, "datetime": {"datetime": "2024-01-19 01:03:10", "elapsed": 3080.02261, "delta": 0.003727}}
{"target": -17.677085127196516, "params": {"gamma": 406.18605781953676, "log10_alpha": -0.14282984406087174, "log10_colsample_bytree": -0.9769230942414638, "log10_eta": -3.4454415454479133, "log10_lambda": -1.6733552792486224, "log10_min_child_weight": 3.2609549903585866, "log10_subsample": -0.815229418643722, "max_depth": 9.0, "num_boost_round": 22.0}, "datetime": {"datetime": "2024-01-19 01:03:10", "elapsed": 3080.026337, "delta": 0.003727}}
{"target": -17.67707939262873, "params": {"gamma": 406.18605781953676, "log10_alpha": -0.14282984406087174, "log10_colsample_bytree": -0.9769230942414638, "log10_eta": -3.4454415454479133, "log10_lambda": -1.6733552792486224, "log10_min_child_weight": 3.2609549903585866, "log10_subsample": -0.815229418643722, "max_depth": 9.0, "num_boost_round": 23.0}, "datetime": {"datetime": "2024-01-19 01:03:10", "elapsed": 3080.030045, "delta": 0.003708}}
{"target": -17.67675748392826, "params": {"gamma": 407.7964115463174, "log10_alpha": -0.24953490218973684, "log10_colsample_bytree": -0.4724412229568523, "log10_eta": -1.9218563827803559, "log10_lambda": -4.523020311406159, "log10_min_child_weight": 3.1186018931905126, "log10_subsample": -0.67458255727105, "max_depth": 7.0, "num_boost_round": 0.0}, "datetime": {"datetime": "2024-01-19 01:03:55", "elapsed": 3125.30372, "delta": 45.273675}}
{"target": -17.676387554956214, "params": {"gamma": 407.7964115463174, "log10_alpha": -0.24953490218973684, "log10_colsample_bytree": -0.4724412229568523, "log10_eta": -1.9218563827803559, "log10_lambda": -4.523020311406159, "log10_min_child_weight": 3.1186018931905126, "log10_subsample": -0.67458255727105, "max_depth": 7.0, "num_boost_round": 1.0}, "datetime": {"datetime": "2024-01-19 01:03:55", "elapsed": 3125.308724, "delta": 0.005004}}
{"target": -17.676143914177203, "params": {"gamma": 407.7964115463174, "log10_alpha": -0.24953490218973684, "log10_colsample_bytree": -0.4724412229568523, "log10_eta": -1.9218563827803559, "log10_lambda": -4.523020311406159, "log10_min_child_weight": 3.1186018931905126, "log10_subsample": -0.67458255727105, "max_depth": 7.0, "num_boost_round": 2.0}, "datetime": {"datetime": "2024-01-19 01:03:55", "elapsed": 3125.312997, "delta": 0.004273}}
{"target": -17.676300702473497, "params": {"gamma": 407.7964115463174, "log10_alpha": -0.24953490218973684, "log10_colsample_bytree": -0.4724412229568523, "log10_eta": -1.9218563827803559, "log10_lambda": -4.523020311406159, "log10_min_child_weight": 3.1186018931905126, "log10_subsample": -0.67458255727105, "max_depth": 7.0, "num_boost_round": 3.0}, "datetime": {"datetime": "2024-01-19 01:03:55", "elapsed": 3125.316792, "delta": 0.003795}}
{"target": -17.67569899364476, "params": {"gamma": 407.7964115463174, "log10_alpha": -0.24953490218973684, "log10_colsample_bytree": -0.4724412229568523, "log10_eta": -1.9218563827803559, "log10_lambda": -4.523020311406159, "log10_min_child_weight": 3.1186018931905126, "log10_subsample": -0.67458255727105, "max_depth": 7.0, "num_boost_round": 4.0}, "datetime": {"datetime": "2024-01-19 01:03:55", "elapsed": 3125.320554, "delta": 0.003762}}
{"target": -17.675658978066544, "params": {"gamma": 407.7964115463174, "log10_alpha": -0.24953490218973684, "log10_colsample_bytree": -0.4724412229568523, "log10_eta": -1.9218563827803559, "log10_lambda": -4.523020311406159, "log10_min_child_weight": 3.1186018931905126, "log10_subsample": -0.67458255727105, "max_depth": 7.0, "num_boost_round": 5.0}, "datetime": {"datetime": "2024-01-19 01:03:55", "elapsed": 3125.324541, "delta": 0.003987}}
{"target": -17.675841079614365, "params": {"gamma": 407.7964115463174, "log10_alpha": -0.24953490218973684, "log10_colsample_bytree": -0.4724412229568523, "log10_eta": -1.9218563827803559, "log10_lambda": -4.523020311406159, "log10_min_child_weight": 3.1186018931905126, "log10_subsample": -0.67458255727105, "max_depth": 7.0, "num_boost_round": 6.0}, "datetime": {"datetime": "2024-01-19 01:03:55", "elapsed": 3125.328472, "delta": 0.003931}}
{"target": -17.675091244952835, "params": {"gamma": 407.7964115463174, "log10_alpha": -0.24953490218973684, "log10_colsample_bytree": -0.4724412229568523, "log10_eta": -1.9218563827803559, "log10_lambda": -4.523020311406159, "log10_min_child_weight": 3.1186018931905126, "log10_subsample": -0.67458255727105, "max_depth": 7.0, "num_boost_round": 7.0}, "datetime": {"datetime": "2024-01-19 01:03:55", "elapsed": 3125.333175, "delta": 0.004703}}
{"target": -17.67448140246831, "params": {"gamma": 407.7964115463174, "log10_alpha": -0.24953490218973684, "log10_colsample_bytree": -0.4724412229568523, "log10_eta": -1.9218563827803559, "log10_lambda": -4.523020311406159, "log10_min_child_weight": 3.1186018931905126, "log10_subsample": -0.67458255727105, "max_depth": 7.0, "num_boost_round": 8.0}, "datetime": {"datetime": "2024-01-19 01:03:55", "elapsed": 3125.337743, "delta": 0.004568}}
{"target": -17.674219275612415, "params": {"gamma": 407.7964115463174, "log10_alpha": -0.24953490218973684, "log10_colsample_bytree": -0.4724412229568523, "log10_eta": -1.9218563827803559, "log10_lambda": -4.523020311406159, "log10_min_child_weight": 3.1186018931905126, "log10_subsample": -0.67458255727105, "max_depth": 7.0, "num_boost_round": 9.0}, "datetime": {"datetime": "2024-01-19 01:03:55", "elapsed": 3125.341605, "delta": 0.003862}}
{"target": -17.673758338580768, "params": {"gamma": 407.7964115463174, "log10_alpha": -0.24953490218973684, "log10_colsample_bytree": -0.4724412229568523, "log10_eta": -1.9218563827803559, "log10_lambda": -4.523020311406159, "log10_min_child_weight": 3.1186018931905126, "log10_subsample": -0.67458255727105, "max_depth": 7.0, "num_boost_round": 10.0}, "datetime": {"datetime": "2024-01-19 01:03:55", "elapsed": 3125.345586, "delta": 0.003981}}
{"target": -17.67326856191299, "params": {"gamma": 407.7964115463174, "log10_alpha": -0.24953490218973684, "log10_colsample_bytree": -0.4724412229568523, "log10_eta": -1.9218563827803559, "log10_lambda": -4.523020311406159, "log10_min_child_weight": 3.1186018931905126, "log10_subsample": -0.67458255727105, "max_depth": 7.0, "num_boost_round": 11.0}, "datetime": {"datetime": "2024-01-19 01:03:55", "elapsed": 3125.3495, "delta": 0.003914}}
{"target": -17.673350928615047, "params": {"gamma": 407.7964115463174, "log10_alpha": -0.24953490218973684, "log10_colsample_bytree": -0.4724412229568523, "log10_eta": -1.9218563827803559, "log10_lambda": -4.523020311406159, "log10_min_child_weight": 3.1186018931905126, "log10_subsample": -0.67458255727105, "max_depth": 7.0, "num_boost_round": 12.0}, "datetime": {"datetime": "2024-01-19 01:03:55", "elapsed": 3125.353289, "delta": 0.003789}}
{"target": -17.67322969940852, "params": {"gamma": 407.7964115463174, "log10_alpha": -0.24953490218973684, "log10_colsample_bytree": -0.4724412229568523, "log10_eta": -1.9218563827803559, "log10_lambda": -4.523020311406159, "log10_min_child_weight": 3.1186018931905126, "log10_subsample": -0.67458255727105, "max_depth": 7.0, "num_boost_round": 13.0}, "datetime": {"datetime": "2024-01-19 01:03:55", "elapsed": 3125.357123, "delta": 0.003834}}
{"target": -17.67382869684794, "params": {"gamma": 407.7964115463174, "log10_alpha": -0.24953490218973684, "log10_colsample_bytree": -0.4724412229568523, "log10_eta": -1.9218563827803559, "log10_lambda": -4.523020311406159, "log10_min_child_weight": 3.1186018931905126, "log10_subsample": -0.67458255727105, "max_depth": 7.0, "num_boost_round": 14.0}, "datetime": {"datetime": "2024-01-19 01:03:55", "elapsed": 3125.36104, "delta": 0.003917}}
