{"target": -17.6769306328688, "params": {"gamma": 450.5298524559098, "log10_alpha": -4.255598723031242, "log10_colsample_bytree": -0.2146371554462524, "log10_eta": -1.403492856062896, "log10_lambda": -4.6597877834515415, "log10_min_child_weight": 4.58329048544477, "log10_subsample": -0.5066768088986462, "max_depth": 5.0, "num_boost_round": 12.0}, "datetime": {"datetime": "2024-01-19 02:34:19", "elapsed": 8564.08417, "delta": 0.004931}}
{"target": -17.6770364338302, "params": {"gamma": 450.5298524559098, "log10_alpha": -4.255598723031242, "log10_colsample_bytree": -0.2146371554462524, "log10_eta": -1.403492856062896, "log10_lambda": -4.6597877834515415, "log10_min_child_weight": 4.58329048544477, "log10_subsample": -0.5066768088986462, "max_depth": 5.0, "num_boost_round": 13.0}, "datetime": {"datetime": "2024-01-19 02:34:19", "elapsed": 8564.089103, "delta": 0.004933}}
{"target": -17.677543982528988, "params": {"gamma": 450.5298524559098, "log10_alpha": -4.255598723031242, "log10_colsample_bytree": -0.2146371554462524, "log10_eta": -1.403492856062896, "log10_lambda": -4.6597877834515415, "log10_min_child_weight": 4.58329048544477, "log10_subsample": -0.5066768088986462, "max_depth": 5.0, "num_boost_round": 14.0}, "datetime": {"datetime": "2024-01-19 02:34:19", "elapsed": 8564.094021, "delta": 0.004918}}
{"target": -17.67748076291586, "params": {"gamma": 450.5298524559098, "log10_alpha": -4.255598723031242, "log10_colsample_bytree": -0.2146371554462524, "log10_eta": -1.403492856062896, "log10_lambda": -4.6597877834515415, "log10_min_child_weight": 4.58329048544477, "log10_subsample": -0.5066768088986462, "max_depth": 5.0, "num_boost_round": 15.0}, "datetime": {"datetime": "2024-01-19 02:34:19", "elapsed": 8564.098944, "delta": 0.004923}}
{"target": -17.677369016011813, "params": {"gamma": 450.5298524559098, "log10_alpha": -4.255598723031242, "log10_colsample_bytree": -0.2146371554462524, "log10_eta": -1.403492856062896, "log10_lambda": -4.6597877834515415, "log10_min_child_weight": 4.58329048544477, "log10_subsample": -0.5066768088986462, "max_depth": 5.0, "num_boost_round": 16.0}, "datetime": {"datetime": "2024-01-19 02:34:19", "elapsed": 8564.104007, "delta": 0.005063}}
{"target": -17.677539511033434, "params": {"gamma": 450.5298524559098, "log10_alpha": -4.255598723031242, "log10_colsample_bytree": -0.2146371554462524, "log10_eta": -1.403492856062896, "log10_lambda": -4.6597877834515415, "log10_min_child_weight": 4.58329048544477, "log10_subsample": -0.5066768088986462, "max_depth": 5.0, "num_boost_round": 17.0}, "datetime": {"datetime": "2024-01-19 02:34:19", "elapsed": 8564.108873, "delta": 0.004866}}
{"target": -17.677747239364816, "params": {"gamma": 450.5298524559098, "log10_alpha": -4.255598723031242, "log10_colsample_bytree": -0.2146371554462524, "log10_eta": -1.403492856062896, "log10_lambda": -4.6597877834515415, "log10_min_child_weight": 4.58329048544477, "log10_subsample": -0.5066768088986462, "max_depth": 5.0, "num_boost_round": 18.0}, "datetime": {"datetime": "2024-01-19 02:34:19", "elapsed": 8564.113841, "delta": 0.004968}}
{"target": -17.67767667572938, "params": {"gamma": 450.5298524559098, "log10_alpha": -4.255598723031242, "log10_colsample_bytree": -0.2146371554462524, "log10_eta": -1.403492856062896, "log10_lambda": -4.6597877834515415, "log10_min_child_weight": 4.58329048544477, "log10_subsample": -0.5066768088986462, "max_depth": 5.0, "num_boost_round": 19.0}, "datetime": {"datetime": "2024-01-19 02:34:19", "elapsed": 8564.118715, "delta": 0.004874}}
{"target": -17.67784229468249, "params": {"gamma": 450.5298524559098, "log10_alpha": -4.255598723031242, "log10_colsample_bytree": -0.2146371554462524, "log10_eta": -1.403492856062896, "log10_lambda": -4.6597877834515415, "log10_min_child_weight": 4.58329048544477, "log10_subsample": -0.5066768088986462, "max_depth": 5.0, "num_boost_round": 20.0}, "datetime": {"datetime": "2024-01-19 02:34:19", "elapsed": 8564.12359, "delta": 0.004875}}
{"target": -17.677898088106282, "params": {"gamma": 450.5298524559098, "log10_alpha": -4.255598723031242, "log10_colsample_bytree": -0.2146371554462524, "log10_eta": -1.403492856062896, "log10_lambda": -4.6597877834515415, "log10_min_child_weight": 4.58329048544477, "log10_subsample": -0.5066768088986462, "max_depth": 5.0, "num_boost_round": 21.0}, "datetime": {"datetime": "2024-01-19 02:34:19", "elapsed": 8564.233609, "delta": 0.110019}}
{"target": -17.67802082998736, "params": {"gamma": 450.5298524559098, "log10_alpha": -4.255598723031242, "log10_colsample_bytree": -0.2146371554462524, "log10_eta": -1.403492856062896, "log10_lambda": -4.6597877834515415, "log10_min_child_weight": 4.58329048544477, "log10_subsample": -0.5066768088986462, "max_depth": 5.0, "num_boost_round": 22.0}, "datetime": {"datetime": "2024-01-19 02:34:19", "elapsed": 8564.239018, "delta": 0.005409}}
{"target": -17.67804812306602, "params": {"gamma": 450.5298524559098, "log10_alpha": -4.255598723031242, "log10_colsample_bytree": -0.2146371554462524, "log10_eta": -1.403492856062896, "log10_lambda": -4.6597877834515415, "log10_min_child_weight": 4.58329048544477, "log10_subsample": -0.5066768088986462, "max_depth": 5.0, "num_boost_round": 23.0}, "datetime": {"datetime": "2024-01-19 02:34:19", "elapsed": 8564.244244, "delta": 0.005226}}
{"target": -17.678345665909326, "params": {"gamma": 450.5298524559098, "log10_alpha": -4.255598723031242, "log10_colsample_bytree": -0.2146371554462524, "log10_eta": -1.403492856062896, "log10_lambda": -4.6597877834515415, "log10_min_child_weight": 4.58329048544477, "log10_subsample": -0.5066768088986462, "max_depth": 5.0, "num_boost_round": 24.0}, "datetime": {"datetime": "2024-01-19 02:34:19", "elapsed": 8564.249278, "delta": 0.005034}}
{"target": -17.677217024545463, "params": {"gamma": 432.0474070183204, "log10_alpha": -2.835493828862644, "log10_colsample_bytree": -0.9374112591135294, "log10_eta": -3.398735761265152, "log10_lambda": -0.708530711162112, "log10_min_child_weight": 0.23813425473833139, "log10_subsample": -0.7490400291921634, "max_depth": 8.0, "num_boost_round": 0.0}, "datetime": {"datetime": "2024-01-19 02:36:10", "elapsed": 8674.521316, "delta": 110.272038}}
{"target": -17.677194580906562, "params": {"gamma": 432.0474070183204, "log10_alpha": -2.835493828862644, "log10_colsample_bytree": -0.9374112591135294, "log10_eta": -3.398735761265152, "log10_lambda": -0.708530711162112, "log10_min_child_weight": 0.23813425473833139, "log10_subsample": -0.7490400291921634, "max_depth": 8.0, "num_boost_round": 1.0}, "datetime": {"datetime": "2024-01-19 02:36:10", "elapsed": 8674.52694, "delta": 0.005624}}
{"target": -17.677169301546876, "params": {"gamma": 432.0474070183204, "log10_alpha": -2.835493828862644, "log10_colsample_bytree": -0.9374112591135294, "log10_eta": -3.398735761265152, "log10_lambda": -0.708530711162112, "log10_min_child_weight": 0.23813425473833139, "log10_subsample": -0.7490400291921634, "max_depth": 8.0, "num_boost_round": 2.0}, "datetime": {"datetime": "2024-01-19 02:36:10", "elapsed": 8674.532063, "delta": 0.005123}}
{"target": -17.677155224609, "params": {"gamma": 432.0474070183204, "log10_alpha": -2.835493828862644, "log10_colsample_bytree": -0.9374112591135294, "log10_eta": -3.398735761265152, "log10_lambda": -0.708530711162112, "log10_min_child_weight": 0.23813425473833139, "log10_subsample": -0.7490400291921634, "max_depth": 8.0, "num_boost_round": 3.0}, "datetime": {"datetime": "2024-01-19 02:36:10", "elapsed": 8674.53727, "delta": 0.005207}}
{"target": -17.677119999490213, "params": {"gamma": 432.0474070183204, "log10_alpha": -2.835493828862644, "log10_colsample_bytree": -0.9374112591135294, "log10_eta": -3.398735761265152, "log10_lambda": -0.708530711162112, "log10_min_child_weight": 0.23813425473833139, "log10_subsample": -0.7490400291921634, "max_depth": 8.0, "num_boost_round": 4.0}, "datetime": {"datetime": "2024-01-19 02:36:10", "elapsed": 8674.542131, "delta": 0.004861}}
{"target": -17.677133539566515, "params": {"gamma": 432.0474070183204, "log10_alpha": -2.835493828862644, "log10_colsample_bytree": -0.9374112591135294, "log10_eta": -3.398735761265152, "log10_lambda": -0.708530711162112, "log10_min_child_weight": 0.23813425473833139, "log10_subsample": -0.7490400291921634, "max_depth": 8.0, "num_boost_round": 5.0}, "datetime": {"datetime": "2024-01-19 02:36:10", "elapsed": 8674.547043, "delta": 0.004912}}
{"target": -17.677152936860015, "params": {"gamma": 432.0474070183204, "log10_alpha": -2.835493828862644, "log10_colsample_bytree": -0.9374112591135294, "log10_eta": -3.398735761265152, "log10_lambda": -0.708530711162112, "log10_min_child_weight": 0.23813425473833139, "log10_subsample": -0.7490400291921634, "max_depth": 8.0, "num_boost_round": 6.0}, "datetime": {"datetime": "2024-01-19 02:36:10", "elapsed": 8674.552065, "delta": 0.005022}}
{"target": -17.677143521771136, "params": {"gamma": 432.0474070183204, "log10_alpha": -2.835493828862644, "log10_colsample_bytree": -0.9374112591135294, "log10_eta": -3.398735761265152, "log10_lambda": -0.708530711162112, "log10_min_child_weight": 0.23813425473833139, "log10_subsample": -0.7490400291921634, "max_depth": 8.0, "num_boost_round": 7.0}, "datetime": {"datetime": "2024-01-19 02:36:10", "elapsed": 8674.556985, "delta": 0.00492}}
{"target": -17.677131288696483, "params": {"gamma": 432.0474070183204, "log10_alpha": -2.835493828862644, "log10_colsample_bytree": -0.9374112591135294, "log10_eta": -3.398735761265152, "log10_lambda": -0.708530711162112, "log10_min_child_weight": 0.23813425473833139, "log10_subsample": -0.7490400291921634, "max_depth": 8.0, "num_boost_round": 8.0}, "datetime": {"datetime": "2024-01-19 02:36:10", "elapsed": 8674.561987, "delta": 0.005002}}
{"target": -17.677128609977647, "params": {"gamma": 432.0474070183204, "log10_alpha": -2.835493828862644, "log10_colsample_bytree": -0.9374112591135294, "log10_eta": -3.398735761265152, "log10_lambda": -0.708530711162112, "log10_min_child_weight": 0.23813425473833139, "log10_subsample": -0.7490400291921634, "max_depth": 8.0, "num_boost_round": 9.0}, "datetime": {"datetime": "2024-01-19 02:36:10", "elapsed": 8674.567159, "delta": 0.005172}}
{"target": -17.677123924833836, "params": {"gamma": 432.0474070183204, "log10_alpha": -2.835493828862644, "log10_colsample_bytree": -0.9374112591135294, "log10_eta": -3.398735761265152, "log10_lambda": -0.708530711162112, "log10_min_child_weight": 0.23813425473833139, "log10_subsample": -0.7490400291921634, "max_depth": 8.0, "num_boost_round": 10.0}, "datetime": {"datetime": "2024-01-19 02:36:10", "elapsed": 8674.572312, "delta": 0.005153}}
{"target": -17.67708891450604, "params": {"gamma": 432.0474070183204, "log10_alpha": -2.835493828862644, "log10_colsample_bytree": -0.9374112591135294, "log10_eta": -3.398735761265152, "log10_lambda": -0.708530711162112, "log10_min_child_weight": 0.23813425473833139, "log10_subsample": -0.7490400291921634, "max_depth": 8.0, "num_boost_round": 11.0}, "datetime": {"datetime": "2024-01-19 02:36:10", "elapsed": 8674.577348, "delta": 0.005036}}
{"target": -17.677054808747318, "params": {"gamma": 432.0474070183204, "log10_alpha": -2.835493828862644, "log10_colsample_bytree": -0.9374112591135294, "log10_eta": -3.398735761265152, "log10_lambda": -0.708530711162112, "log10_min_child_weight": 0.23813425473833139, "log10_subsample": -0.7490400291921634, "max_depth": 8.0, "num_boost_round": 12.0}, "datetime": {"datetime": "2024-01-19 02:36:10", "elapsed": 8674.582348, "delta": 0.005}}
{"target": -17.67704522647203, "params": {"gamma": 432.0474070183204, "log10_alpha": -2.835493828862644, "log10_colsample_bytree": -0.9374112591135294, "log10_eta": -3.398735761265152, "log10_lambda": -0.708530711162112, "log10_min_child_weight": 0.23813425473833139, "log10_subsample": -0.7490400291921634, "max_depth": 8.0, "num_boost_round": 13.0}, "datetime": {"datetime": "2024-01-19 02:36:10", "elapsed": 8674.587258, "delta": 0.00491}}
{"target": -17.677050928843727, "params": {"gamma": 432.0474070183204, "log10_alpha": -2.835493828862644, "log10_colsample_bytree": -0.9374112591135294, "log10_eta": -3.398735761265152, "log10_lambda": -0.708530711162112, "log10_min_child_weight": 0.23813425473833139, "log10_subsample": -0.7490400291921634, "max_depth": 8.0, "num_boost_round": 14.0}, "datetime": {"datetime": "2024-01-19 02:36:10", "elapsed": 8674.592528, "delta": 0.00527}}
{"target": -17.6770601439484, "params": {"gamma": 432.0474070183204, "log10_alpha": -2.835493828862644, "log10_colsample_bytree": -0.9374112591135294, "log10_eta": -3.398735761265152, "log10_lambda": -0.708530711162112, "log10_min_child_weight": 0.23813425473833139, "log10_subsample": -0.7490400291921634, "max_depth": 8.0, "num_boost_round": 15.0}, "datetime": {"datetime": "2024-01-19 02:36:10", "elapsed": 8674.597717, "delta": 0.005189}}
{"target": -17.677053142944633, "params": {"gamma": 432.0474070183204, "log10_alpha": -2.835493828862644, "log10_colsample_bytree": -0.9374112591135294, "log10_eta": -3.398735761265152, "log10_lambda": -0.708530711162112, "log10_min_child_weight": 0.23813425473833139, "log10_subsample": -0.7490400291921634, "max_depth": 8.0, "num_boost_round": 16.0}, "datetime": {"datetime": "2024-01-19 02:36:10", "elapsed": 8674.602626, "delta": 0.004909}}
{"target": -17.677227544070696, "params": {"gamma": 429.77116401480345, "log10_alpha": -4.838584129564756, "log10_colsample_bytree": -0.984375957507322, "log10_eta": -3.5940517796439915, "log10_lambda": -0.2537942602831249, "log10_min_child_weight": 1.808805948776195, "log10_subsample": -0.6529972469949031, "max_depth": 7.0, "num_boost_round": 0.0}, "datetime": {"datetime": "2024-01-19 02:37:40", "elapsed": 8765.422517, "delta": 90.819891}}
{"target": -17.677221260478024, "params": {"gamma": 429.77116401480345, "log10_alpha": -4.838584129564756, "log10_colsample_bytree": -0.984375957507322, "log10_eta": -3.5940517796439915, "log10_lambda": -0.2537942602831249, "log10_min_child_weight": 1.808805948776195, "log10_subsample": -0.6529972469949031, "max_depth": 7.0, "num_boost_round": 1.0}, "datetime": {"datetime": "2024-01-19 02:37:40", "elapsed": 8765.428485, "delta": 0.005968}}
{"target": -17.677219912290997, "params": {"gamma": 429.77116401480345, "log10_alpha": -4.838584129564756, "log10_colsample_bytree": -0.984375957507322, "log10_eta": -3.5940517796439915, "log10_lambda": -0.2537942602831249, "log10_min_child_weight": 1.808805948776195, "log10_subsample": -0.6529972469949031, "max_depth": 7.0, "num_boost_round": 2.0}, "datetime": {"datetime": "2024-01-19 02:37:40", "elapsed": 8765.43363, "delta": 0.005145}}
{"target": -17.67721503233764, "params": {"gamma": 429.77116401480345, "log10_alpha": -4.838584129564756, "log10_colsample_bytree": -0.984375957507322, "log10_eta": -3.5940517796439915, "log10_lambda": -0.2537942602831249, "log10_min_child_weight": 1.808805948776195, "log10_subsample": -0.6529972469949031, "max_depth": 7.0, "num_boost_round": 3.0}, "datetime": {"datetime": "2024-01-19 02:37:40", "elapsed": 8765.438492, "delta": 0.004862}}
{"target": -17.67719747688094, "params": {"gamma": 429.77116401480345, "log10_alpha": -4.838584129564756, "log10_colsample_bytree": -0.984375957507322, "log10_eta": -3.5940517796439915, "log10_lambda": -0.2537942602831249, "log10_min_child_weight": 1.808805948776195, "log10_subsample": -0.6529972469949031, "max_depth": 7.0, "num_boost_round": 4.0}, "datetime": {"datetime": "2024-01-19 02:37:40", "elapsed": 8765.443474, "delta": 0.004982}}
{"target": -17.677188404731492, "params": {"gamma": 429.77116401480345, "log10_alpha": -4.838584129564756, "log10_colsample_bytree": -0.984375957507322, "log10_eta": -3.5940517796439915, "log10_lambda": -0.2537942602831249, "log10_min_child_weight": 1.808805948776195, "log10_subsample": -0.6529972469949031, "max_depth": 7.0, "num_boost_round": 5.0}, "datetime": {"datetime": "2024-01-19 02:37:40", "elapsed": 8765.448353, "delta": 0.004879}}
{"target": -17.677187502541482, "params": {"gamma": 429.77116401480345, "log10_alpha": -4.838584129564756, "log10_colsample_bytree": -0.984375957507322, "log10_eta": -3.5940517796439915, "log10_lambda": -0.2537942602831249, "log10_min_child_weight": 1.808805948776195, "log10_subsample": -0.6529972469949031, "max_depth": 7.0, "num_boost_round": 6.0}, "datetime": {"datetime": "2024-01-19 02:37:40", "elapsed": 8765.453459, "delta": 0.005106}}
{"target": -17.677178049926848, "params": {"gamma": 429.77116401480345, "log10_alpha": -4.838584129564756, "log10_colsample_bytree": -0.984375957507322, "log10_eta": -3.5940517796439915, "log10_lambda": -0.2537942602831249, "log10_min_child_weight": 1.808805948776195, "log10_subsample": -0.6529972469949031, "max_depth": 7.0, "num_boost_round": 7.0}, "datetime": {"datetime": "2024-01-19 02:37:40", "elapsed": 8765.459255, "delta": 0.005796}}
{"target": -17.677176434620144, "params": {"gamma": 429.77116401480345, "log10_alpha": -4.838584129564756, "log10_colsample_bytree": -0.984375957507322, "log10_eta": -3.5940517796439915, "log10_lambda": -0.2537942602831249, "log10_min_child_weight": 1.808805948776195, "log10_subsample": -0.6529972469949031, "max_depth": 7.0, "num_boost_round": 8.0}, "datetime": {"datetime": "2024-01-19 02:37:40", "elapsed": 8765.464635, "delta": 0.00538}}
{"target": -17.677179221902712, "params": {"gamma": 429.77116401480345, "log10_alpha": -4.838584129564756, "log10_colsample_bytree": -0.984375957507322, "log10_eta": -3.5940517796439915, "log10_lambda": -0.2537942602831249, "log10_min_child_weight": 1.808805948776195, "log10_subsample": -0.6529972469949031, "max_depth": 7.0, "num_boost_round": 9.0}, "datetime": {"datetime": "2024-01-19 02:37:40", "elapsed": 8765.469565, "delta": 0.00493}}
{"target": -17.677168012557306, "params": {"gamma": 429.77116401480345, "log10_alpha": -4.838584129564756, "log10_colsample_bytree": -0.984375957507322, "log10_eta": -3.5940517796439915, "log10_lambda": -0.2537942602831249, "log10_min_child_weight": 1.808805948776195, "log10_subsample": -0.6529972469949031, "max_depth": 7.0, "num_boost_round": 10.0}, "datetime": {"datetime": "2024-01-19 02:37:40", "elapsed": 8765.474543, "delta": 0.004978}}
{"target": -17.677158230390518, "params": {"gamma": 429.77116401480345, "log10_alpha": -4.838584129564756, "log10_colsample_bytree": -0.984375957507322, "log10_eta": -3.5940517796439915, "log10_lambda": -0.2537942602831249, "log10_min_child_weight": 1.808805948776195, "log10_subsample": -0.6529972469949031, "max_depth": 7.0, "num_boost_round": 11.0}, "datetime": {"datetime": "2024-01-19 02:37:40", "elapsed": 8765.479527, "delta": 0.004984}}
{"target": -17.67715189171897, "params": {"gamma": 429.77116401480345, "log10_alpha": -4.838584129564756, "log10_colsample_bytree": -0.984375957507322, "log10_eta": -3.5940517796439915, "log10_lambda": -0.2537942602831249, "log10_min_child_weight": 1.808805948776195, "log10_subsample": -0.6529972469949031, "max_depth": 7.0, "num_boost_round": 12.0}, "datetime": {"datetime": "2024-01-19 02:37:40", "elapsed": 8765.484737, "delta": 0.00521}}
{"target": -17.677144353321985, "params": {"gamma": 429.77116401480345, "log10_alpha": -4.838584129564756, "log10_colsample_bytree": -0.984375957507322, "log10_eta": -3.5940517796439915, "log10_lambda": -0.2537942602831249, "log10_min_child_weight": 1.808805948776195, "log10_subsample": -0.6529972469949031, "max_depth": 7.0, "num_boost_round": 13.0}, "datetime": {"datetime": "2024-01-19 02:37:40", "elapsed": 8765.489931, "delta": 0.005194}}
{"target": -17.67715360670787, "params": {"gamma": 429.77116401480345, "log10_alpha": -4.838584129564756, "log10_colsample_bytree": -0.984375957507322, "log10_eta": -3.5940517796439915, "log10_lambda": -0.2537942602831249, "log10_min_child_weight": 1.808805948776195, "log10_subsample": -0.6529972469949031, "max_depth": 7.0, "num_boost_round": 14.0}, "datetime": {"datetime": "2024-01-19 02:37:40", "elapsed": 8765.494779, "delta": 0.004848}}
{"target": -17.677144729802436, "params": {"gamma": 429.77116401480345, "log10_alpha": -4.838584129564756, "log10_colsample_bytree": -0.984375957507322, "log10_eta": -3.5940517796439915, "log10_lambda": -0.2537942602831249, "log10_min_child_weight": 1.808805948776195, "log10_subsample": -0.6529972469949031, "max_depth": 7.0, "num_boost_round": 15.0}, "datetime": {"datetime": "2024-01-19 02:37:40", "elapsed": 8765.499568, "delta": 0.004789}}
{"target": -17.67714151019104, "params": {"gamma": 429.77116401480345, "log10_alpha": -4.838584129564756, "log10_colsample_bytree": -0.984375957507322, "log10_eta": -3.5940517796439915, "log10_lambda": -0.2537942602831249, "log10_min_child_weight": 1.808805948776195, "log10_subsample": -0.6529972469949031, "max_depth": 7.0, "num_boost_round": 16.0}, "datetime": {"datetime": "2024-01-19 02:37:40", "elapsed": 8765.504391, "delta": 0.004823}}
{"target": -17.677230217506832, "params": {"gamma": 411.03510291392854, "log10_alpha": -2.4127448939503653, "log10_colsample_bytree": -0.9787979288350894, "log10_eta": -3.974197840126004, "log10_lambda": 0.49827458764554944, "log10_min_child_weight": 0.31519071176922153, "log10_subsample": -0.19438117217269157, "max_depth": 7.0, "num_boost_round": 0.0}, "datetime": {"datetime": "2024-01-19 02:39:16", "elapsed": 8860.634865, "delta": 95.130474}}
{"target": -17.67722947878235, "params": {"gamma": 411.03510291392854, "log10_alpha": -2.4127448939503653, "log10_colsample_bytree": -0.9787979288350894, "log10_eta": -3.974197840126004, "log10_lambda": 0.49827458764554944, "log10_min_child_weight": 0.31519071176922153, "log10_subsample": -0.19438117217269157, "max_depth": 7.0, "num_boost_round": 1.0}, "datetime": {"datetime": "2024-01-19 02:39:16", "elapsed": 8860.640257, "delta": 0.005392}}
