{"target": -13.75849735637722, "params": {"gamma": 9.540203025181548, "log10_alpha": -0.6546688508655807, "log10_colsample_bytree": -0.7995078860796966, "log10_eta": -3.4589610805194115, "log10_lambda": -3.9077669189822486, "log10_min_child_weight": 0.8171526090096648, "log10_subsample": -0.22687368321932522, "max_depth": 3.0, "num_boost_round": 9.0}, "datetime": {"datetime": "2024-01-19 00:26:58", "elapsed": 926.603464, "delta": 0.001217}}
{"target": -13.758492658724046, "params": {"gamma": 9.540203025181548, "log10_alpha": -0.6546688508655807, "log10_colsample_bytree": -0.7995078860796966, "log10_eta": -3.4589610805194115, "log10_lambda": -3.9077669189822486, "log10_min_child_weight": 0.8171526090096648, "log10_subsample": -0.22687368321932522, "max_depth": 3.0, "num_boost_round": 10.0}, "datetime": {"datetime": "2024-01-19 00:26:58", "elapsed": 926.604671, "delta": 0.001207}}
{"target": -13.758487993457155, "params": {"gamma": 9.540203025181548, "log10_alpha": -0.6546688508655807, "log10_colsample_bytree": -0.7995078860796966, "log10_eta": -3.4589610805194115, "log10_lambda": -3.9077669189822486, "log10_min_child_weight": 0.8171526090096648, "log10_subsample": -0.22687368321932522, "max_depth": 3.0, "num_boost_round": 11.0}, "datetime": {"datetime": "2024-01-19 00:26:58", "elapsed": 926.605866, "delta": 0.001195}}
{"target": -13.758483576427821, "params": {"gamma": 9.540203025181548, "log10_alpha": -0.6546688508655807, "log10_colsample_bytree": -0.7995078860796966, "log10_eta": -3.4589610805194115, "log10_lambda": -3.9077669189822486, "log10_min_child_weight": 0.8171526090096648, "log10_subsample": -0.22687368321932522, "max_depth": 3.0, "num_boost_round": 12.0}, "datetime": {"datetime": "2024-01-19 00:26:58", "elapsed": 926.607069, "delta": 0.001203}}
{"target": -13.758476485817631, "params": {"gamma": 9.540203025181548, "log10_alpha": -0.6546688508655807, "log10_colsample_bytree": -0.7995078860796966, "log10_eta": -3.4589610805194115, "log10_lambda": -3.9077669189822486, "log10_min_child_weight": 0.8171526090096648, "log10_subsample": -0.22687368321932522, "max_depth": 3.0, "num_boost_round": 13.0}, "datetime": {"datetime": "2024-01-19 00:26:58", "elapsed": 926.60837, "delta": 0.001301}}
{"target": -13.758474196998076, "params": {"gamma": 9.540203025181548, "log10_alpha": -0.6546688508655807, "log10_colsample_bytree": -0.7995078860796966, "log10_eta": -3.4589610805194115, "log10_lambda": -3.9077669189822486, "log10_min_child_weight": 0.8171526090096648, "log10_subsample": -0.22687368321932522, "max_depth": 3.0, "num_boost_round": 14.0}, "datetime": {"datetime": "2024-01-19 00:26:58", "elapsed": 926.609604, "delta": 0.001234}}
{"target": -13.758466682939117, "params": {"gamma": 9.540203025181548, "log10_alpha": -0.6546688508655807, "log10_colsample_bytree": -0.7995078860796966, "log10_eta": -3.4589610805194115, "log10_lambda": -3.9077669189822486, "log10_min_child_weight": 0.8171526090096648, "log10_subsample": -0.22687368321932522, "max_depth": 3.0, "num_boost_round": 15.0}, "datetime": {"datetime": "2024-01-19 00:26:58", "elapsed": 926.610792, "delta": 0.001188}}
{"target": -13.758464765747691, "params": {"gamma": 9.540203025181548, "log10_alpha": -0.6546688508655807, "log10_colsample_bytree": -0.7995078860796966, "log10_eta": -3.4589610805194115, "log10_lambda": -3.9077669189822486, "log10_min_child_weight": 0.8171526090096648, "log10_subsample": -0.22687368321932522, "max_depth": 3.0, "num_boost_round": 16.0}, "datetime": {"datetime": "2024-01-19 00:26:58", "elapsed": 926.611989, "delta": 0.001197}}
{"target": -13.758464404181657, "params": {"gamma": 9.540203025181548, "log10_alpha": -0.6546688508655807, "log10_colsample_bytree": -0.7995078860796966, "log10_eta": -3.4589610805194115, "log10_lambda": -3.9077669189822486, "log10_min_child_weight": 0.8171526090096648, "log10_subsample": -0.22687368321932522, "max_depth": 3.0, "num_boost_round": 17.0}, "datetime": {"datetime": "2024-01-19 00:26:58", "elapsed": 926.613177, "delta": 0.001188}}
{"target": -13.75845982313126, "params": {"gamma": 9.540203025181548, "log10_alpha": -0.6546688508655807, "log10_colsample_bytree": -0.7995078860796966, "log10_eta": -3.4589610805194115, "log10_lambda": -3.9077669189822486, "log10_min_child_weight": 0.8171526090096648, "log10_subsample": -0.22687368321932522, "max_depth": 3.0, "num_boost_round": 18.0}, "datetime": {"datetime": "2024-01-19 00:26:58", "elapsed": 926.61438, "delta": 0.001203}}
{"target": -13.75834233861947, "params": {"gamma": 29.680102165234757, "log10_alpha": 0.0633131770090305, "log10_colsample_bytree": -0.4849103442111531, "log10_eta": -1.3257703411111068, "log10_lambda": -0.03480831021312536, "log10_min_child_weight": 4.213455024372541, "log10_subsample": -0.7721361751228322, "max_depth": 7.0, "num_boost_round": 0.0}, "datetime": {"datetime": "2024-01-19 00:27:20", "elapsed": 949.086855, "delta": 22.472475}}
{"target": -13.758341487523953, "params": {"gamma": 29.680102165234757, "log10_alpha": 0.0633131770090305, "log10_colsample_bytree": -0.4849103442111531, "log10_eta": -1.3257703411111068, "log10_lambda": -0.03480831021312536, "log10_min_child_weight": 4.213455024372541, "log10_subsample": -0.7721361751228322, "max_depth": 7.0, "num_boost_round": 1.0}, "datetime": {"datetime": "2024-01-19 00:27:20", "elapsed": 949.088587, "delta": 0.001732}}
{"target": -13.759035970328407, "params": {"gamma": 29.680102165234757, "log10_alpha": 0.0633131770090305, "log10_colsample_bytree": -0.4849103442111531, "log10_eta": -1.3257703411111068, "log10_lambda": -0.03480831021312536, "log10_min_child_weight": 4.213455024372541, "log10_subsample": -0.7721361751228322, "max_depth": 7.0, "num_boost_round": 2.0}, "datetime": {"datetime": "2024-01-19 00:27:20", "elapsed": 949.090184, "delta": 0.001597}}
{"target": -13.759163426240237, "params": {"gamma": 29.680102165234757, "log10_alpha": 0.0633131770090305, "log10_colsample_bytree": -0.4849103442111531, "log10_eta": -1.3257703411111068, "log10_lambda": -0.03480831021312536, "log10_min_child_weight": 4.213455024372541, "log10_subsample": -0.7721361751228322, "max_depth": 7.0, "num_boost_round": 3.0}, "datetime": {"datetime": "2024-01-19 00:27:20", "elapsed": 949.091624, "delta": 0.00144}}
{"target": -13.759576399149118, "params": {"gamma": 29.680102165234757, "log10_alpha": 0.0633131770090305, "log10_colsample_bytree": -0.4849103442111531, "log10_eta": -1.3257703411111068, "log10_lambda": -0.03480831021312536, "log10_min_child_weight": 4.213455024372541, "log10_subsample": -0.7721361751228322, "max_depth": 7.0, "num_boost_round": 4.0}, "datetime": {"datetime": "2024-01-19 00:27:20", "elapsed": 949.092838, "delta": 0.001214}}
{"target": -13.759389774326486, "params": {"gamma": 29.680102165234757, "log10_alpha": 0.0633131770090305, "log10_colsample_bytree": -0.4849103442111531, "log10_eta": -1.3257703411111068, "log10_lambda": -0.03480831021312536, "log10_min_child_weight": 4.213455024372541, "log10_subsample": -0.7721361751228322, "max_depth": 7.0, "num_boost_round": 5.0}, "datetime": {"datetime": "2024-01-19 00:27:20", "elapsed": 949.094208, "delta": 0.00137}}
{"target": -13.759577917765611, "params": {"gamma": 29.680102165234757, "log10_alpha": 0.0633131770090305, "log10_colsample_bytree": -0.4849103442111531, "log10_eta": -1.3257703411111068, "log10_lambda": -0.03480831021312536, "log10_min_child_weight": 4.213455024372541, "log10_subsample": -0.7721361751228322, "max_depth": 7.0, "num_boost_round": 6.0}, "datetime": {"datetime": "2024-01-19 00:27:20", "elapsed": 949.095486, "delta": 0.001278}}
{"target": -13.760060828022931, "params": {"gamma": 29.680102165234757, "log10_alpha": 0.0633131770090305, "log10_colsample_bytree": -0.4849103442111531, "log10_eta": -1.3257703411111068, "log10_lambda": -0.03480831021312536, "log10_min_child_weight": 4.213455024372541, "log10_subsample": -0.7721361751228322, "max_depth": 7.0, "num_boost_round": 7.0}, "datetime": {"datetime": "2024-01-19 00:27:20", "elapsed": 949.096712, "delta": 0.001226}}
{"target": -13.760041395002228, "params": {"gamma": 29.680102165234757, "log10_alpha": 0.0633131770090305, "log10_colsample_bytree": -0.4849103442111531, "log10_eta": -1.3257703411111068, "log10_lambda": -0.03480831021312536, "log10_min_child_weight": 4.213455024372541, "log10_subsample": -0.7721361751228322, "max_depth": 7.0, "num_boost_round": 8.0}, "datetime": {"datetime": "2024-01-19 00:27:20", "elapsed": 949.097934, "delta": 0.001222}}
{"target": -13.760407216667902, "params": {"gamma": 29.680102165234757, "log10_alpha": 0.0633131770090305, "log10_colsample_bytree": -0.4849103442111531, "log10_eta": -1.3257703411111068, "log10_lambda": -0.03480831021312536, "log10_min_child_weight": 4.213455024372541, "log10_subsample": -0.7721361751228322, "max_depth": 7.0, "num_boost_round": 9.0}, "datetime": {"datetime": "2024-01-19 00:27:20", "elapsed": 949.099158, "delta": 0.001224}}
{"target": -13.760264235765636, "params": {"gamma": 29.680102165234757, "log10_alpha": 0.0633131770090305, "log10_colsample_bytree": -0.4849103442111531, "log10_eta": -1.3257703411111068, "log10_lambda": -0.03480831021312536, "log10_min_child_weight": 4.213455024372541, "log10_subsample": -0.7721361751228322, "max_depth": 7.0, "num_boost_round": 10.0}, "datetime": {"datetime": "2024-01-19 00:27:20", "elapsed": 949.100392, "delta": 0.001234}}
{"target": -13.76049284060399, "params": {"gamma": 29.680102165234757, "log10_alpha": 0.0633131770090305, "log10_colsample_bytree": -0.4849103442111531, "log10_eta": -1.3257703411111068, "log10_lambda": -0.03480831021312536, "log10_min_child_weight": 4.213455024372541, "log10_subsample": -0.7721361751228322, "max_depth": 7.0, "num_boost_round": 11.0}, "datetime": {"datetime": "2024-01-19 00:27:20", "elapsed": 949.101611, "delta": 0.001219}}
{"target": -13.76072625975686, "params": {"gamma": 29.680102165234757, "log10_alpha": 0.0633131770090305, "log10_colsample_bytree": -0.4849103442111531, "log10_eta": -1.3257703411111068, "log10_lambda": -0.03480831021312536, "log10_min_child_weight": 4.213455024372541, "log10_subsample": -0.7721361751228322, "max_depth": 7.0, "num_boost_round": 12.0}, "datetime": {"datetime": "2024-01-19 00:27:20", "elapsed": 949.102822, "delta": 0.001211}}
{"target": -13.760747760258818, "params": {"gamma": 29.680102165234757, "log10_alpha": 0.0633131770090305, "log10_colsample_bytree": -0.4849103442111531, "log10_eta": -1.3257703411111068, "log10_lambda": -0.03480831021312536, "log10_min_child_weight": 4.213455024372541, "log10_subsample": -0.7721361751228322, "max_depth": 7.0, "num_boost_round": 13.0}, "datetime": {"datetime": "2024-01-19 00:27:20", "elapsed": 949.104057, "delta": 0.001235}}
{"target": -13.760563264790498, "params": {"gamma": 29.680102165234757, "log10_alpha": 0.0633131770090305, "log10_colsample_bytree": -0.4849103442111531, "log10_eta": -1.3257703411111068, "log10_lambda": -0.03480831021312536, "log10_min_child_weight": 4.213455024372541, "log10_subsample": -0.7721361751228322, "max_depth": 7.0, "num_boost_round": 14.0}, "datetime": {"datetime": "2024-01-19 00:27:20", "elapsed": 949.105286, "delta": 0.001229}}
{"target": -13.760553590602193, "params": {"gamma": 29.680102165234757, "log10_alpha": 0.0633131770090305, "log10_colsample_bytree": -0.4849103442111531, "log10_eta": -1.3257703411111068, "log10_lambda": -0.03480831021312536, "log10_min_child_weight": 4.213455024372541, "log10_subsample": -0.7721361751228322, "max_depth": 7.0, "num_boost_round": 15.0}, "datetime": {"datetime": "2024-01-19 00:27:20", "elapsed": 949.106518, "delta": 0.001232}}
{"target": -13.760833459404562, "params": {"gamma": 29.680102165234757, "log10_alpha": 0.0633131770090305, "log10_colsample_bytree": -0.4849103442111531, "log10_eta": -1.3257703411111068, "log10_lambda": -0.03480831021312536, "log10_min_child_weight": 4.213455024372541, "log10_subsample": -0.7721361751228322, "max_depth": 7.0, "num_boost_round": 16.0}, "datetime": {"datetime": "2024-01-19 00:27:20", "elapsed": 949.107766, "delta": 0.001248}}
{"target": -13.758529293677773, "params": {"gamma": 34.04824143154972, "log10_alpha": -3.973879360314388, "log10_colsample_bytree": -0.7397753368606852, "log10_eta": -3.473263607779439, "log10_lambda": -4.957295432082209, "log10_min_child_weight": 1.123494684991237, "log10_subsample": -0.8189949454647926, "max_depth": 7.0, "num_boost_round": 0.0}, "datetime": {"datetime": "2024-01-19 00:27:41", "elapsed": 969.306702, "delta": 20.198936}}
{"target": -13.758523078377198, "params": {"gamma": 34.04824143154972, "log10_alpha": -3.973879360314388, "log10_colsample_bytree": -0.7397753368606852, "log10_eta": -3.473263607779439, "log10_lambda": -4.957295432082209, "log10_min_child_weight": 1.123494684991237, "log10_subsample": -0.8189949454647926, "max_depth": 7.0, "num_boost_round": 1.0}, "datetime": {"datetime": "2024-01-19 00:27:41", "elapsed": 969.308563, "delta": 0.001861}}
{"target": -13.758489871884912, "params": {"gamma": 34.04824143154972, "log10_alpha": -3.973879360314388, "log10_colsample_bytree": -0.7397753368606852, "log10_eta": -3.473263607779439, "log10_lambda": -4.957295432082209, "log10_min_child_weight": 1.123494684991237, "log10_subsample": -0.8189949454647926, "max_depth": 7.0, "num_boost_round": 2.0}, "datetime": {"datetime": "2024-01-19 00:27:41", "elapsed": 969.309956, "delta": 0.001393}}
{"target": -13.758485438562534, "params": {"gamma": 34.04824143154972, "log10_alpha": -3.973879360314388, "log10_colsample_bytree": -0.7397753368606852, "log10_eta": -3.473263607779439, "log10_lambda": -4.957295432082209, "log10_min_child_weight": 1.123494684991237, "log10_subsample": -0.8189949454647926, "max_depth": 7.0, "num_boost_round": 3.0}, "datetime": {"datetime": "2024-01-19 00:27:41", "elapsed": 969.311194, "delta": 0.001238}}
{"target": -13.758483819643127, "params": {"gamma": 34.04824143154972, "log10_alpha": -3.973879360314388, "log10_colsample_bytree": -0.7397753368606852, "log10_eta": -3.473263607779439, "log10_lambda": -4.957295432082209, "log10_min_child_weight": 1.123494684991237, "log10_subsample": -0.8189949454647926, "max_depth": 7.0, "num_boost_round": 4.0}, "datetime": {"datetime": "2024-01-19 00:27:41", "elapsed": 969.312671, "delta": 0.001477}}
{"target": -13.758468168415948, "params": {"gamma": 34.04824143154972, "log10_alpha": -3.973879360314388, "log10_colsample_bytree": -0.7397753368606852, "log10_eta": -3.473263607779439, "log10_lambda": -4.957295432082209, "log10_min_child_weight": 1.123494684991237, "log10_subsample": -0.8189949454647926, "max_depth": 7.0, "num_boost_round": 5.0}, "datetime": {"datetime": "2024-01-19 00:27:41", "elapsed": 969.313971, "delta": 0.0013}}
{"target": -13.758456687047339, "params": {"gamma": 34.04824143154972, "log10_alpha": -3.973879360314388, "log10_colsample_bytree": -0.7397753368606852, "log10_eta": -3.473263607779439, "log10_lambda": -4.957295432082209, "log10_min_child_weight": 1.123494684991237, "log10_subsample": -0.8189949454647926, "max_depth": 7.0, "num_boost_round": 6.0}, "datetime": {"datetime": "2024-01-19 00:27:41", "elapsed": 969.31526, "delta": 0.001289}}
{"target": -13.758446219813745, "params": {"gamma": 34.04824143154972, "log10_alpha": -3.973879360314388, "log10_colsample_bytree": -0.7397753368606852, "log10_eta": -3.473263607779439, "log10_lambda": -4.957295432082209, "log10_min_child_weight": 1.123494684991237, "log10_subsample": -0.8189949454647926, "max_depth": 7.0, "num_boost_round": 7.0}, "datetime": {"datetime": "2024-01-19 00:27:41", "elapsed": 969.316506, "delta": 0.001246}}
{"target": -13.75844224999057, "params": {"gamma": 34.04824143154972, "log10_alpha": -3.973879360314388, "log10_colsample_bytree": -0.7397753368606852, "log10_eta": -3.473263607779439, "log10_lambda": -4.957295432082209, "log10_min_child_weight": 1.123494684991237, "log10_subsample": -0.8189949454647926, "max_depth": 7.0, "num_boost_round": 8.0}, "datetime": {"datetime": "2024-01-19 00:27:41", "elapsed": 969.317752, "delta": 0.001246}}
{"target": -13.75843417511421, "params": {"gamma": 34.04824143154972, "log10_alpha": -3.973879360314388, "log10_colsample_bytree": -0.7397753368606852, "log10_eta": -3.473263607779439, "log10_lambda": -4.957295432082209, "log10_min_child_weight": 1.123494684991237, "log10_subsample": -0.8189949454647926, "max_depth": 7.0, "num_boost_round": 9.0}, "datetime": {"datetime": "2024-01-19 00:27:41", "elapsed": 969.319011, "delta": 0.001259}}
{"target": -13.758419875180406, "params": {"gamma": 34.04824143154972, "log10_alpha": -3.973879360314388, "log10_colsample_bytree": -0.7397753368606852, "log10_eta": -3.473263607779439, "log10_lambda": -4.957295432082209, "log10_min_child_weight": 1.123494684991237, "log10_subsample": -0.8189949454647926, "max_depth": 7.0, "num_boost_round": 10.0}, "datetime": {"datetime": "2024-01-19 00:27:41", "elapsed": 969.32026, "delta": 0.001249}}
{"target": -13.758413951391045, "params": {"gamma": 34.04824143154972, "log10_alpha": -3.973879360314388, "log10_colsample_bytree": -0.7397753368606852, "log10_eta": -3.473263607779439, "log10_lambda": -4.957295432082209, "log10_min_child_weight": 1.123494684991237, "log10_subsample": -0.8189949454647926, "max_depth": 7.0, "num_boost_round": 11.0}, "datetime": {"datetime": "2024-01-19 00:27:41", "elapsed": 969.321518, "delta": 0.001258}}
{"target": -13.756216884307408, "params": {"gamma": 28.214764748309307, "log10_alpha": -2.8927373607399773, "log10_colsample_bytree": -0.9462609692117399, "log10_eta": -0.9239159097164649, "log10_lambda": -3.875769095379632, "log10_min_child_weight": 1.1627781755729498, "log10_subsample": -0.9314086669875626, "max_depth": 3.0, "num_boost_round": 0.0}, "datetime": {"datetime": "2024-01-19 00:27:59", "elapsed": 987.999601, "delta": 18.678083}}
{"target": -13.754368954271435, "params": {"gamma": 28.214764748309307, "log10_alpha": -2.8927373607399773, "log10_colsample_bytree": -0.9462609692117399, "log10_eta": -0.9239159097164649, "log10_lambda": -3.875769095379632, "log10_min_child_weight": 1.1627781755729498, "log10_subsample": -0.9314086669875626, "max_depth": 3.0, "num_boost_round": 1.0}, "datetime": {"datetime": "2024-01-19 00:27:59", "elapsed": 988.001048, "delta": 0.001447}}
{"target": -13.7542418165968, "params": {"gamma": 28.214764748309307, "log10_alpha": -2.8927373607399773, "log10_colsample_bytree": -0.9462609692117399, "log10_eta": -0.9239159097164649, "log10_lambda": -3.875769095379632, "log10_min_child_weight": 1.1627781755729498, "log10_subsample": -0.9314086669875626, "max_depth": 3.0, "num_boost_round": 2.0}, "datetime": {"datetime": "2024-01-19 00:27:59", "elapsed": 988.0025, "delta": 0.001452}}
{"target": -13.75459028515349, "params": {"gamma": 28.214764748309307, "log10_alpha": -2.8927373607399773, "log10_colsample_bytree": -0.9462609692117399, "log10_eta": -0.9239159097164649, "log10_lambda": -3.875769095379632, "log10_min_child_weight": 1.1627781755729498, "log10_subsample": -0.9314086669875626, "max_depth": 3.0, "num_boost_round": 3.0}, "datetime": {"datetime": "2024-01-19 00:27:59", "elapsed": 988.004059, "delta": 0.001559}}
{"target": -13.755573102907636, "params": {"gamma": 28.214764748309307, "log10_alpha": -2.8927373607399773, "log10_colsample_bytree": -0.9462609692117399, "log10_eta": -0.9239159097164649, "log10_lambda": -3.875769095379632, "log10_min_child_weight": 1.1627781755729498, "log10_subsample": -0.9314086669875626, "max_depth": 3.0, "num_boost_round": 4.0}, "datetime": {"datetime": "2024-01-19 00:27:59", "elapsed": 988.005341, "delta": 0.001282}}
{"target": -13.756842709015121, "params": {"gamma": 28.214764748309307, "log10_alpha": -2.8927373607399773, "log10_colsample_bytree": -0.9462609692117399, "log10_eta": -0.9239159097164649, "log10_lambda": -3.875769095379632, "log10_min_child_weight": 1.1627781755729498, "log10_subsample": -0.9314086669875626, "max_depth": 3.0, "num_boost_round": 5.0}, "datetime": {"datetime": "2024-01-19 00:27:59", "elapsed": 988.006641, "delta": 0.0013}}
{"target": -13.758243273838064, "params": {"gamma": 28.214764748309307, "log10_alpha": -2.8927373607399773, "log10_colsample_bytree": -0.9462609692117399, "log10_eta": -0.9239159097164649, "log10_lambda": -3.875769095379632, "log10_min_child_weight": 1.1627781755729498, "log10_subsample": -0.9314086669875626, "max_depth": 3.0, "num_boost_round": 6.0}, "datetime": {"datetime": "2024-01-19 00:27:59", "elapsed": 988.007911, "delta": 0.00127}}
{"target": -13.757788593109465, "params": {"gamma": 28.214764748309307, "log10_alpha": -2.8927373607399773, "log10_colsample_bytree": -0.9462609692117399, "log10_eta": -0.9239159097164649, "log10_lambda": -3.875769095379632, "log10_min_child_weight": 1.1627781755729498, "log10_subsample": -0.9314086669875626, "max_depth": 3.0, "num_boost_round": 7.0}, "datetime": {"datetime": "2024-01-19 00:27:59", "elapsed": 988.009316, "delta": 0.001405}}
{"target": -13.762093334953207, "params": {"gamma": 28.214764748309307, "log10_alpha": -2.8927373607399773, "log10_colsample_bytree": -0.9462609692117399, "log10_eta": -0.9239159097164649, "log10_lambda": -3.875769095379632, "log10_min_child_weight": 1.1627781755729498, "log10_subsample": -0.9314086669875626, "max_depth": 3.0, "num_boost_round": 8.0}, "datetime": {"datetime": "2024-01-19 00:27:59", "elapsed": 988.010583, "delta": 0.001267}}
{"target": -13.762086347212854, "params": {"gamma": 28.214764748309307, "log10_alpha": -2.8927373607399773, "log10_colsample_bytree": -0.9462609692117399, "log10_eta": -0.9239159097164649, "log10_lambda": -3.875769095379632, "log10_min_child_weight": 1.1627781755729498, "log10_subsample": -0.9314086669875626, "max_depth": 3.0, "num_boost_round": 9.0}, "datetime": {"datetime": "2024-01-19 00:27:59", "elapsed": 988.011856, "delta": 0.001273}}
