{"target": -17.676682998148216, "params": {"gamma": 972.5208267060146, "log10_alpha": -0.48585635476814204, "log10_colsample_bytree": -0.14787475832548935, "log10_eta": -3.293698041670821, "log10_lambda": -4.846477062251833, "log10_min_child_weight": 2.6351275531606735, "log10_subsample": -0.5721910567968259, "max_depth": 7.0, "num_boost_round": 31.0}, "datetime": {"datetime": "2024-01-19 01:27:25", "elapsed": 4539.661359, "delta": 0.004688}}
{"target": -17.676665850302197, "params": {"gamma": 972.5208267060146, "log10_alpha": -0.48585635476814204, "log10_colsample_bytree": -0.14787475832548935, "log10_eta": -3.293698041670821, "log10_lambda": -4.846477062251833, "log10_min_child_weight": 2.6351275531606735, "log10_subsample": -0.5721910567968259, "max_depth": 7.0, "num_boost_round": 32.0}, "datetime": {"datetime": "2024-01-19 01:27:25", "elapsed": 4539.66592, "delta": 0.004561}}
{"target": -17.676652582075643, "params": {"gamma": 972.5208267060146, "log10_alpha": -0.48585635476814204, "log10_colsample_bytree": -0.14787475832548935, "log10_eta": -3.293698041670821, "log10_lambda": -4.846477062251833, "log10_min_child_weight": 2.6351275531606735, "log10_subsample": -0.5721910567968259, "max_depth": 7.0, "num_boost_round": 33.0}, "datetime": {"datetime": "2024-01-19 01:27:25", "elapsed": 4539.67057, "delta": 0.00465}}
{"target": -17.676619812021556, "params": {"gamma": 972.5208267060146, "log10_alpha": -0.48585635476814204, "log10_colsample_bytree": -0.14787475832548935, "log10_eta": -3.293698041670821, "log10_lambda": -4.846477062251833, "log10_min_child_weight": 2.6351275531606735, "log10_subsample": -0.5721910567968259, "max_depth": 7.0, "num_boost_round": 34.0}, "datetime": {"datetime": "2024-01-19 01:27:25", "elapsed": 4539.67517, "delta": 0.0046}}
{"target": -17.67660039767585, "params": {"gamma": 972.5208267060146, "log10_alpha": -0.48585635476814204, "log10_colsample_bytree": -0.14787475832548935, "log10_eta": -3.293698041670821, "log10_lambda": -4.846477062251833, "log10_min_child_weight": 2.6351275531606735, "log10_subsample": -0.5721910567968259, "max_depth": 7.0, "num_boost_round": 35.0}, "datetime": {"datetime": "2024-01-19 01:27:25", "elapsed": 4539.679858, "delta": 0.004688}}
{"target": -17.676580561663584, "params": {"gamma": 972.5208267060146, "log10_alpha": -0.48585635476814204, "log10_colsample_bytree": -0.14787475832548935, "log10_eta": -3.293698041670821, "log10_lambda": -4.846477062251833, "log10_min_child_weight": 2.6351275531606735, "log10_subsample": -0.5721910567968259, "max_depth": 7.0, "num_boost_round": 36.0}, "datetime": {"datetime": "2024-01-19 01:27:25", "elapsed": 4539.6846, "delta": 0.004742}}
{"target": -17.676576718150063, "params": {"gamma": 972.5208267060146, "log10_alpha": -0.48585635476814204, "log10_colsample_bytree": -0.14787475832548935, "log10_eta": -3.293698041670821, "log10_lambda": -4.846477062251833, "log10_min_child_weight": 2.6351275531606735, "log10_subsample": -0.5721910567968259, "max_depth": 7.0, "num_boost_round": 37.0}, "datetime": {"datetime": "2024-01-19 01:27:25", "elapsed": 4539.689301, "delta": 0.004701}}
{"target": -17.676550830043997, "params": {"gamma": 972.5208267060146, "log10_alpha": -0.48585635476814204, "log10_colsample_bytree": -0.14787475832548935, "log10_eta": -3.293698041670821, "log10_lambda": -4.846477062251833, "log10_min_child_weight": 2.6351275531606735, "log10_subsample": -0.5721910567968259, "max_depth": 7.0, "num_boost_round": 38.0}, "datetime": {"datetime": "2024-01-19 01:27:25", "elapsed": 4539.693894, "delta": 0.004593}}
{"target": -17.676553816779435, "params": {"gamma": 972.5208267060146, "log10_alpha": -0.48585635476814204, "log10_colsample_bytree": -0.14787475832548935, "log10_eta": -3.293698041670821, "log10_lambda": -4.846477062251833, "log10_min_child_weight": 2.6351275531606735, "log10_subsample": -0.5721910567968259, "max_depth": 7.0, "num_boost_round": 39.0}, "datetime": {"datetime": "2024-01-19 01:27:25", "elapsed": 4539.702827, "delta": 0.008933}}
{"target": -17.676534383017994, "params": {"gamma": 972.5208267060146, "log10_alpha": -0.48585635476814204, "log10_colsample_bytree": -0.14787475832548935, "log10_eta": -3.293698041670821, "log10_lambda": -4.846477062251833, "log10_min_child_weight": 2.6351275531606735, "log10_subsample": -0.5721910567968259, "max_depth": 7.0, "num_boost_round": 40.0}, "datetime": {"datetime": "2024-01-19 01:27:25", "elapsed": 4539.707364, "delta": 0.004537}}
{"target": -17.67651257420017, "params": {"gamma": 972.5208267060146, "log10_alpha": -0.48585635476814204, "log10_colsample_bytree": -0.14787475832548935, "log10_eta": -3.293698041670821, "log10_lambda": -4.846477062251833, "log10_min_child_weight": 2.6351275531606735, "log10_subsample": -0.5721910567968259, "max_depth": 7.0, "num_boost_round": 41.0}, "datetime": {"datetime": "2024-01-19 01:27:25", "elapsed": 4539.712006, "delta": 0.004642}}
{"target": -17.676489951136748, "params": {"gamma": 972.5208267060146, "log10_alpha": -0.48585635476814204, "log10_colsample_bytree": -0.14787475832548935, "log10_eta": -3.293698041670821, "log10_lambda": -4.846477062251833, "log10_min_child_weight": 2.6351275531606735, "log10_subsample": -0.5721910567968259, "max_depth": 7.0, "num_boost_round": 42.0}, "datetime": {"datetime": "2024-01-19 01:27:25", "elapsed": 4539.716533, "delta": 0.004527}}
{"target": -17.676465288510123, "params": {"gamma": 972.5208267060146, "log10_alpha": -0.48585635476814204, "log10_colsample_bytree": -0.14787475832548935, "log10_eta": -3.293698041670821, "log10_lambda": -4.846477062251833, "log10_min_child_weight": 2.6351275531606735, "log10_subsample": -0.5721910567968259, "max_depth": 7.0, "num_boost_round": 43.0}, "datetime": {"datetime": "2024-01-19 01:27:25", "elapsed": 4539.721149, "delta": 0.004616}}
{"target": -17.676470966322217, "params": {"gamma": 972.5208267060146, "log10_alpha": -0.48585635476814204, "log10_colsample_bytree": -0.14787475832548935, "log10_eta": -3.293698041670821, "log10_lambda": -4.846477062251833, "log10_min_child_weight": 2.6351275531606735, "log10_subsample": -0.5721910567968259, "max_depth": 7.0, "num_boost_round": 44.0}, "datetime": {"datetime": "2024-01-19 01:27:25", "elapsed": 4539.725718, "delta": 0.004569}}
{"target": -17.676454565046825, "params": {"gamma": 972.5208267060146, "log10_alpha": -0.48585635476814204, "log10_colsample_bytree": -0.14787475832548935, "log10_eta": -3.293698041670821, "log10_lambda": -4.846477062251833, "log10_min_child_weight": 2.6351275531606735, "log10_subsample": -0.5721910567968259, "max_depth": 7.0, "num_boost_round": 45.0}, "datetime": {"datetime": "2024-01-19 01:27:25", "elapsed": 4539.73027, "delta": 0.004552}}
{"target": -17.67643377034779, "params": {"gamma": 972.5208267060146, "log10_alpha": -0.48585635476814204, "log10_colsample_bytree": -0.14787475832548935, "log10_eta": -3.293698041670821, "log10_lambda": -4.846477062251833, "log10_min_child_weight": 2.6351275531606735, "log10_subsample": -0.5721910567968259, "max_depth": 7.0, "num_boost_round": 46.0}, "datetime": {"datetime": "2024-01-19 01:27:25", "elapsed": 4539.734864, "delta": 0.004594}}
{"target": -17.676402843532266, "params": {"gamma": 972.5208267060146, "log10_alpha": -0.48585635476814204, "log10_colsample_bytree": -0.14787475832548935, "log10_eta": -3.293698041670821, "log10_lambda": -4.846477062251833, "log10_min_child_weight": 2.6351275531606735, "log10_subsample": -0.5721910567968259, "max_depth": 7.0, "num_boost_round": 47.0}, "datetime": {"datetime": "2024-01-19 01:27:25", "elapsed": 4539.739538, "delta": 0.004674}}
{"target": -17.67638062761361, "params": {"gamma": 972.5208267060146, "log10_alpha": -0.48585635476814204, "log10_colsample_bytree": -0.14787475832548935, "log10_eta": -3.293698041670821, "log10_lambda": -4.846477062251833, "log10_min_child_weight": 2.6351275531606735, "log10_subsample": -0.5721910567968259, "max_depth": 7.0, "num_boost_round": 48.0}, "datetime": {"datetime": "2024-01-19 01:27:25", "elapsed": 4539.744124, "delta": 0.004586}}
{"target": -17.676365645334357, "params": {"gamma": 972.5208267060146, "log10_alpha": -0.48585635476814204, "log10_colsample_bytree": -0.14787475832548935, "log10_eta": -3.293698041670821, "log10_lambda": -4.846477062251833, "log10_min_child_weight": 2.6351275531606735, "log10_subsample": -0.5721910567968259, "max_depth": 7.0, "num_boost_round": 49.0}, "datetime": {"datetime": "2024-01-19 01:27:25", "elapsed": 4539.748688, "delta": 0.004564}}
{"target": -17.67721287234452, "params": {"gamma": 982.63152214813, "log10_alpha": -3.6280540713999176, "log10_colsample_bytree": -0.22934832748421885, "log10_eta": -2.010971444583879, "log10_lambda": -3.9272434743239524, "log10_min_child_weight": 4.575816917577356, "log10_subsample": -0.32235420617872235, "max_depth": 5.0, "num_boost_round": 0.0}, "datetime": {"datetime": "2024-01-19 01:28:16", "elapsed": 4589.886655, "delta": 50.137967}}
{"target": -17.677066324508726, "params": {"gamma": 982.63152214813, "log10_alpha": -3.6280540713999176, "log10_colsample_bytree": -0.22934832748421885, "log10_eta": -2.010971444583879, "log10_lambda": -3.9272434743239524, "log10_min_child_weight": 4.575816917577356, "log10_subsample": -0.32235420617872235, "max_depth": 5.0, "num_boost_round": 1.0}, "datetime": {"datetime": "2024-01-19 01:28:16", "elapsed": 4589.892078, "delta": 0.005423}}
{"target": -17.677018008732468, "params": {"gamma": 982.63152214813, "log10_alpha": -3.6280540713999176, "log10_colsample_bytree": -0.22934832748421885, "log10_eta": -2.010971444583879, "log10_lambda": -3.9272434743239524, "log10_min_child_weight": 4.575816917577356, "log10_subsample": -0.32235420617872235, "max_depth": 5.0, "num_boost_round": 2.0}, "datetime": {"datetime": "2024-01-19 01:28:16", "elapsed": 4589.896785, "delta": 0.004707}}
{"target": -17.676994540923808, "params": {"gamma": 982.63152214813, "log10_alpha": -3.6280540713999176, "log10_colsample_bytree": -0.22934832748421885, "log10_eta": -2.010971444583879, "log10_lambda": -3.9272434743239524, "log10_min_child_weight": 4.575816917577356, "log10_subsample": -0.32235420617872235, "max_depth": 5.0, "num_boost_round": 3.0}, "datetime": {"datetime": "2024-01-19 01:28:16", "elapsed": 4589.901254, "delta": 0.004469}}
{"target": -17.676953149877583, "params": {"gamma": 982.63152214813, "log10_alpha": -3.6280540713999176, "log10_colsample_bytree": -0.22934832748421885, "log10_eta": -2.010971444583879, "log10_lambda": -3.9272434743239524, "log10_min_child_weight": 4.575816917577356, "log10_subsample": -0.32235420617872235, "max_depth": 5.0, "num_boost_round": 4.0}, "datetime": {"datetime": "2024-01-19 01:28:16", "elapsed": 4589.905923, "delta": 0.004669}}
{"target": -17.676839035069786, "params": {"gamma": 982.63152214813, "log10_alpha": -3.6280540713999176, "log10_colsample_bytree": -0.22934832748421885, "log10_eta": -2.010971444583879, "log10_lambda": -3.9272434743239524, "log10_min_child_weight": 4.575816917577356, "log10_subsample": -0.32235420617872235, "max_depth": 5.0, "num_boost_round": 5.0}, "datetime": {"datetime": "2024-01-19 01:28:16", "elapsed": 4589.910626, "delta": 0.004703}}
{"target": -17.676894012402684, "params": {"gamma": 982.63152214813, "log10_alpha": -3.6280540713999176, "log10_colsample_bytree": -0.22934832748421885, "log10_eta": -2.010971444583879, "log10_lambda": -3.9272434743239524, "log10_min_child_weight": 4.575816917577356, "log10_subsample": -0.32235420617872235, "max_depth": 5.0, "num_boost_round": 6.0}, "datetime": {"datetime": "2024-01-19 01:28:16", "elapsed": 4589.915284, "delta": 0.004658}}
{"target": -17.676918559348923, "params": {"gamma": 982.63152214813, "log10_alpha": -3.6280540713999176, "log10_colsample_bytree": -0.22934832748421885, "log10_eta": -2.010971444583879, "log10_lambda": -3.9272434743239524, "log10_min_child_weight": 4.575816917577356, "log10_subsample": -0.32235420617872235, "max_depth": 5.0, "num_boost_round": 7.0}, "datetime": {"datetime": "2024-01-19 01:28:16", "elapsed": 4589.920004, "delta": 0.00472}}
{"target": -17.676834228383157, "params": {"gamma": 982.63152214813, "log10_alpha": -3.6280540713999176, "log10_colsample_bytree": -0.22934832748421885, "log10_eta": -2.010971444583879, "log10_lambda": -3.9272434743239524, "log10_min_child_weight": 4.575816917577356, "log10_subsample": -0.32235420617872235, "max_depth": 5.0, "num_boost_round": 8.0}, "datetime": {"datetime": "2024-01-19 01:28:16", "elapsed": 4589.924666, "delta": 0.004662}}
{"target": -17.676732609573698, "params": {"gamma": 982.63152214813, "log10_alpha": -3.6280540713999176, "log10_colsample_bytree": -0.22934832748421885, "log10_eta": -2.010971444583879, "log10_lambda": -3.9272434743239524, "log10_min_child_weight": 4.575816917577356, "log10_subsample": -0.32235420617872235, "max_depth": 5.0, "num_boost_round": 9.0}, "datetime": {"datetime": "2024-01-19 01:28:16", "elapsed": 4589.929159, "delta": 0.004493}}
{"target": -17.67672365925559, "params": {"gamma": 982.63152214813, "log10_alpha": -3.6280540713999176, "log10_colsample_bytree": -0.22934832748421885, "log10_eta": -2.010971444583879, "log10_lambda": -3.9272434743239524, "log10_min_child_weight": 4.575816917577356, "log10_subsample": -0.32235420617872235, "max_depth": 5.0, "num_boost_round": 10.0}, "datetime": {"datetime": "2024-01-19 01:28:16", "elapsed": 4589.933786, "delta": 0.004627}}
{"target": -17.676608660749082, "params": {"gamma": 982.63152214813, "log10_alpha": -3.6280540713999176, "log10_colsample_bytree": -0.22934832748421885, "log10_eta": -2.010971444583879, "log10_lambda": -3.9272434743239524, "log10_min_child_weight": 4.575816917577356, "log10_subsample": -0.32235420617872235, "max_depth": 5.0, "num_boost_round": 11.0}, "datetime": {"datetime": "2024-01-19 01:28:16", "elapsed": 4589.938265, "delta": 0.004479}}
{"target": -17.67667829078195, "params": {"gamma": 982.63152214813, "log10_alpha": -3.6280540713999176, "log10_colsample_bytree": -0.22934832748421885, "log10_eta": -2.010971444583879, "log10_lambda": -3.9272434743239524, "log10_min_child_weight": 4.575816917577356, "log10_subsample": -0.32235420617872235, "max_depth": 5.0, "num_boost_round": 12.0}, "datetime": {"datetime": "2024-01-19 01:28:16", "elapsed": 4589.942947, "delta": 0.004682}}
{"target": -17.67652465153674, "params": {"gamma": 982.63152214813, "log10_alpha": -3.6280540713999176, "log10_colsample_bytree": -0.22934832748421885, "log10_eta": -2.010971444583879, "log10_lambda": -3.9272434743239524, "log10_min_child_weight": 4.575816917577356, "log10_subsample": -0.32235420617872235, "max_depth": 5.0, "num_boost_round": 13.0}, "datetime": {"datetime": "2024-01-19 01:28:16", "elapsed": 4589.947426, "delta": 0.004479}}
{"target": -17.676498699615156, "params": {"gamma": 982.63152214813, "log10_alpha": -3.6280540713999176, "log10_colsample_bytree": -0.22934832748421885, "log10_eta": -2.010971444583879, "log10_lambda": -3.9272434743239524, "log10_min_child_weight": 4.575816917577356, "log10_subsample": -0.32235420617872235, "max_depth": 5.0, "num_boost_round": 14.0}, "datetime": {"datetime": "2024-01-19 01:28:16", "elapsed": 4589.952004, "delta": 0.004578}}
{"target": -17.676391179618005, "params": {"gamma": 982.63152214813, "log10_alpha": -3.6280540713999176, "log10_colsample_bytree": -0.22934832748421885, "log10_eta": -2.010971444583879, "log10_lambda": -3.9272434743239524, "log10_min_child_weight": 4.575816917577356, "log10_subsample": -0.32235420617872235, "max_depth": 5.0, "num_boost_round": 15.0}, "datetime": {"datetime": "2024-01-19 01:28:16", "elapsed": 4589.95651, "delta": 0.004506}}
{"target": -17.67625140974437, "params": {"gamma": 982.63152214813, "log10_alpha": -3.6280540713999176, "log10_colsample_bytree": -0.22934832748421885, "log10_eta": -2.010971444583879, "log10_lambda": -3.9272434743239524, "log10_min_child_weight": 4.575816917577356, "log10_subsample": -0.32235420617872235, "max_depth": 5.0, "num_boost_round": 16.0}, "datetime": {"datetime": "2024-01-19 01:28:16", "elapsed": 4589.96112, "delta": 0.00461}}
{"target": -17.676159908523054, "params": {"gamma": 982.63152214813, "log10_alpha": -3.6280540713999176, "log10_colsample_bytree": -0.22934832748421885, "log10_eta": -2.010971444583879, "log10_lambda": -3.9272434743239524, "log10_min_child_weight": 4.575816917577356, "log10_subsample": -0.32235420617872235, "max_depth": 5.0, "num_boost_round": 17.0}, "datetime": {"datetime": "2024-01-19 01:28:16", "elapsed": 4589.965774, "delta": 0.004654}}
{"target": -17.67614648847555, "params": {"gamma": 982.63152214813, "log10_alpha": -3.6280540713999176, "log10_colsample_bytree": -0.22934832748421885, "log10_eta": -2.010971444583879, "log10_lambda": -3.9272434743239524, "log10_min_child_weight": 4.575816917577356, "log10_subsample": -0.32235420617872235, "max_depth": 5.0, "num_boost_round": 18.0}, "datetime": {"datetime": "2024-01-19 01:28:16", "elapsed": 4589.970611, "delta": 0.004837}}
{"target": -17.6761440090453, "params": {"gamma": 982.63152214813, "log10_alpha": -3.6280540713999176, "log10_colsample_bytree": -0.22934832748421885, "log10_eta": -2.010971444583879, "log10_lambda": -3.9272434743239524, "log10_min_child_weight": 4.575816917577356, "log10_subsample": -0.32235420617872235, "max_depth": 5.0, "num_boost_round": 19.0}, "datetime": {"datetime": "2024-01-19 01:28:16", "elapsed": 4589.975237, "delta": 0.004626}}
{"target": -17.676150776562515, "params": {"gamma": 982.63152214813, "log10_alpha": -3.6280540713999176, "log10_colsample_bytree": -0.22934832748421885, "log10_eta": -2.010971444583879, "log10_lambda": -3.9272434743239524, "log10_min_child_weight": 4.575816917577356, "log10_subsample": -0.32235420617872235, "max_depth": 5.0, "num_boost_round": 20.0}, "datetime": {"datetime": "2024-01-19 01:28:16", "elapsed": 4589.979939, "delta": 0.004702}}
{"target": -17.67616329491402, "params": {"gamma": 982.63152214813, "log10_alpha": -3.6280540713999176, "log10_colsample_bytree": -0.22934832748421885, "log10_eta": -2.010971444583879, "log10_lambda": -3.9272434743239524, "log10_min_child_weight": 4.575816917577356, "log10_subsample": -0.32235420617872235, "max_depth": 5.0, "num_boost_round": 21.0}, "datetime": {"datetime": "2024-01-19 01:28:16", "elapsed": 4589.984638, "delta": 0.004699}}
{"target": -17.676039425832176, "params": {"gamma": 982.63152214813, "log10_alpha": -3.6280540713999176, "log10_colsample_bytree": -0.22934832748421885, "log10_eta": -2.010971444583879, "log10_lambda": -3.9272434743239524, "log10_min_child_weight": 4.575816917577356, "log10_subsample": -0.32235420617872235, "max_depth": 5.0, "num_boost_round": 22.0}, "datetime": {"datetime": "2024-01-19 01:28:16", "elapsed": 4589.989259, "delta": 0.004621}}
{"target": -17.675936921655396, "params": {"gamma": 982.63152214813, "log10_alpha": -3.6280540713999176, "log10_colsample_bytree": -0.22934832748421885, "log10_eta": -2.010971444583879, "log10_lambda": -3.9272434743239524, "log10_min_child_weight": 4.575816917577356, "log10_subsample": -0.32235420617872235, "max_depth": 5.0, "num_boost_round": 23.0}, "datetime": {"datetime": "2024-01-19 01:28:16", "elapsed": 4589.994013, "delta": 0.004754}}
{"target": -17.676003999240034, "params": {"gamma": 982.63152214813, "log10_alpha": -3.6280540713999176, "log10_colsample_bytree": -0.22934832748421885, "log10_eta": -2.010971444583879, "log10_lambda": -3.9272434743239524, "log10_min_child_weight": 4.575816917577356, "log10_subsample": -0.32235420617872235, "max_depth": 5.0, "num_boost_round": 24.0}, "datetime": {"datetime": "2024-01-19 01:28:16", "elapsed": 4589.998877, "delta": 0.004864}}
{"target": -17.67599144956025, "params": {"gamma": 982.63152214813, "log10_alpha": -3.6280540713999176, "log10_colsample_bytree": -0.22934832748421885, "log10_eta": -2.010971444583879, "log10_lambda": -3.9272434743239524, "log10_min_child_weight": 4.575816917577356, "log10_subsample": -0.32235420617872235, "max_depth": 5.0, "num_boost_round": 25.0}, "datetime": {"datetime": "2024-01-19 01:28:16", "elapsed": 4590.003614, "delta": 0.004737}}
{"target": -17.676016956199426, "params": {"gamma": 982.63152214813, "log10_alpha": -3.6280540713999176, "log10_colsample_bytree": -0.22934832748421885, "log10_eta": -2.010971444583879, "log10_lambda": -3.9272434743239524, "log10_min_child_weight": 4.575816917577356, "log10_subsample": -0.32235420617872235, "max_depth": 5.0, "num_boost_round": 26.0}, "datetime": {"datetime": "2024-01-19 01:28:16", "elapsed": 4590.008426, "delta": 0.004812}}
{"target": -17.67604551663217, "params": {"gamma": 982.63152214813, "log10_alpha": -3.6280540713999176, "log10_colsample_bytree": -0.22934832748421885, "log10_eta": -2.010971444583879, "log10_lambda": -3.9272434743239524, "log10_min_child_weight": 4.575816917577356, "log10_subsample": -0.32235420617872235, "max_depth": 5.0, "num_boost_round": 27.0}, "datetime": {"datetime": "2024-01-19 01:28:16", "elapsed": 4590.01326, "delta": 0.004834}}
{"target": -17.676216568567057, "params": {"gamma": 982.63152214813, "log10_alpha": -3.6280540713999176, "log10_colsample_bytree": -0.22934832748421885, "log10_eta": -2.010971444583879, "log10_lambda": -3.9272434743239524, "log10_min_child_weight": 4.575816917577356, "log10_subsample": -0.32235420617872235, "max_depth": 5.0, "num_boost_round": 28.0}, "datetime": {"datetime": "2024-01-19 01:28:16", "elapsed": 4590.018336, "delta": 0.005076}}
{"target": -17.676227736798847, "params": {"gamma": 982.63152214813, "log10_alpha": -3.6280540713999176, "log10_colsample_bytree": -0.22934832748421885, "log10_eta": -2.010971444583879, "log10_lambda": -3.9272434743239524, "log10_min_child_weight": 4.575816917577356, "log10_subsample": -0.32235420617872235, "max_depth": 5.0, "num_boost_round": 29.0}, "datetime": {"datetime": "2024-01-19 01:28:16", "elapsed": 4590.023039, "delta": 0.004703}}
