{"target": -13.758486178737886, "params": {"gamma": 836.9224971904515, "log10_alpha": -2.3947083655533987, "log10_colsample_bytree": -0.9719801093712827, "log10_eta": -2.3140955142951287, "log10_lambda": -0.7999781193093138, "log10_min_child_weight": 4.467367712148305, "log10_subsample": -0.19275328033353323, "max_depth": 9.0, "num_boost_round": 10.0}, "datetime": {"datetime": "2024-01-19 01:25:34", "elapsed": 4438.932551, "delta": 0.005428}}
{"target": -13.75850487749887, "params": {"gamma": 836.9224971904515, "log10_alpha": -2.3947083655533987, "log10_colsample_bytree": -0.9719801093712827, "log10_eta": -2.3140955142951287, "log10_lambda": -0.7999781193093138, "log10_min_child_weight": 4.467367712148305, "log10_subsample": -0.19275328033353323, "max_depth": 9.0, "num_boost_round": 11.0}, "datetime": {"datetime": "2024-01-19 01:25:34", "elapsed": 4438.937749, "delta": 0.005198}}
{"target": -13.758487914022343, "params": {"gamma": 836.9224971904515, "log10_alpha": -2.3947083655533987, "log10_colsample_bytree": -0.9719801093712827, "log10_eta": -2.3140955142951287, "log10_lambda": -0.7999781193093138, "log10_min_child_weight": 4.467367712148305, "log10_subsample": -0.19275328033353323, "max_depth": 9.0, "num_boost_round": 12.0}, "datetime": {"datetime": "2024-01-19 01:25:34", "elapsed": 4438.942892, "delta": 0.005143}}
{"target": -13.758424587282404, "params": {"gamma": 836.9224971904515, "log10_alpha": -2.3947083655533987, "log10_colsample_bytree": -0.9719801093712827, "log10_eta": -2.3140955142951287, "log10_lambda": -0.7999781193093138, "log10_min_child_weight": 4.467367712148305, "log10_subsample": -0.19275328033353323, "max_depth": 9.0, "num_boost_round": 13.0}, "datetime": {"datetime": "2024-01-19 01:25:34", "elapsed": 4438.948605, "delta": 0.005713}}
{"target": -13.758441289514026, "params": {"gamma": 836.9224971904515, "log10_alpha": -2.3947083655533987, "log10_colsample_bytree": -0.9719801093712827, "log10_eta": -2.3140955142951287, "log10_lambda": -0.7999781193093138, "log10_min_child_weight": 4.467367712148305, "log10_subsample": -0.19275328033353323, "max_depth": 9.0, "num_boost_round": 14.0}, "datetime": {"datetime": "2024-01-19 01:25:34", "elapsed": 4438.954715, "delta": 0.00611}}
{"target": -13.758388755328875, "params": {"gamma": 836.9224971904515, "log10_alpha": -2.3947083655533987, "log10_colsample_bytree": -0.9719801093712827, "log10_eta": -2.3140955142951287, "log10_lambda": -0.7999781193093138, "log10_min_child_weight": 4.467367712148305, "log10_subsample": -0.19275328033353323, "max_depth": 9.0, "num_boost_round": 15.0}, "datetime": {"datetime": "2024-01-19 01:25:34", "elapsed": 4438.959831, "delta": 0.005116}}
{"target": -13.758372879739193, "params": {"gamma": 836.9224971904515, "log10_alpha": -2.3947083655533987, "log10_colsample_bytree": -0.9719801093712827, "log10_eta": -2.3140955142951287, "log10_lambda": -0.7999781193093138, "log10_min_child_weight": 4.467367712148305, "log10_subsample": -0.19275328033353323, "max_depth": 9.0, "num_boost_round": 16.0}, "datetime": {"datetime": "2024-01-19 01:25:34", "elapsed": 4438.964839, "delta": 0.005008}}
{"target": -13.758384629565253, "params": {"gamma": 836.9224971904515, "log10_alpha": -2.3947083655533987, "log10_colsample_bytree": -0.9719801093712827, "log10_eta": -2.3140955142951287, "log10_lambda": -0.7999781193093138, "log10_min_child_weight": 4.467367712148305, "log10_subsample": -0.19275328033353323, "max_depth": 9.0, "num_boost_round": 17.0}, "datetime": {"datetime": "2024-01-19 01:25:34", "elapsed": 4438.969815, "delta": 0.004976}}
{"target": -13.758340773791286, "params": {"gamma": 836.9224971904515, "log10_alpha": -2.3947083655533987, "log10_colsample_bytree": -0.9719801093712827, "log10_eta": -2.3140955142951287, "log10_lambda": -0.7999781193093138, "log10_min_child_weight": 4.467367712148305, "log10_subsample": -0.19275328033353323, "max_depth": 9.0, "num_boost_round": 18.0}, "datetime": {"datetime": "2024-01-19 01:25:34", "elapsed": 4438.974899, "delta": 0.005084}}
{"target": -13.758289050343796, "params": {"gamma": 836.9224971904515, "log10_alpha": -2.3947083655533987, "log10_colsample_bytree": -0.9719801093712827, "log10_eta": -2.3140955142951287, "log10_lambda": -0.7999781193093138, "log10_min_child_weight": 4.467367712148305, "log10_subsample": -0.19275328033353323, "max_depth": 9.0, "num_boost_round": 19.0}, "datetime": {"datetime": "2024-01-19 01:25:34", "elapsed": 4438.979875, "delta": 0.004976}}
{"target": -13.758264453358173, "params": {"gamma": 836.9224971904515, "log10_alpha": -2.3947083655533987, "log10_colsample_bytree": -0.9719801093712827, "log10_eta": -2.3140955142951287, "log10_lambda": -0.7999781193093138, "log10_min_child_weight": 4.467367712148305, "log10_subsample": -0.19275328033353323, "max_depth": 9.0, "num_boost_round": 20.0}, "datetime": {"datetime": "2024-01-19 01:25:34", "elapsed": 4438.984803, "delta": 0.004928}}
{"target": -13.75827964410722, "params": {"gamma": 836.9224971904515, "log10_alpha": -2.3947083655533987, "log10_colsample_bytree": -0.9719801093712827, "log10_eta": -2.3140955142951287, "log10_lambda": -0.7999781193093138, "log10_min_child_weight": 4.467367712148305, "log10_subsample": -0.19275328033353323, "max_depth": 9.0, "num_boost_round": 21.0}, "datetime": {"datetime": "2024-01-19 01:25:34", "elapsed": 4438.989953, "delta": 0.00515}}
{"target": -13.758322914658297, "params": {"gamma": 836.9224971904515, "log10_alpha": -2.3947083655533987, "log10_colsample_bytree": -0.9719801093712827, "log10_eta": -2.3140955142951287, "log10_lambda": -0.7999781193093138, "log10_min_child_weight": 4.467367712148305, "log10_subsample": -0.19275328033353323, "max_depth": 9.0, "num_boost_round": 22.0}, "datetime": {"datetime": "2024-01-19 01:25:34", "elapsed": 4438.995204, "delta": 0.005251}}
{"target": -13.75831403735752, "params": {"gamma": 836.9224971904515, "log10_alpha": -2.3947083655533987, "log10_colsample_bytree": -0.9719801093712827, "log10_eta": -2.3140955142951287, "log10_lambda": -0.7999781193093138, "log10_min_child_weight": 4.467367712148305, "log10_subsample": -0.19275328033353323, "max_depth": 9.0, "num_boost_round": 23.0}, "datetime": {"datetime": "2024-01-19 01:25:34", "elapsed": 4439.00029, "delta": 0.005086}}
{"target": -13.758537748442409, "params": {"gamma": 833.301045155873, "log10_alpha": -4.598436556966206, "log10_colsample_bytree": -0.2270357358008297, "log10_eta": -2.6156985249206857, "log10_lambda": -3.248788301847485, "log10_min_child_weight": 4.568386432672104, "log10_subsample": -0.6874572731820899, "max_depth": 6.0, "num_boost_round": 0.0}, "datetime": {"datetime": "2024-01-19 01:26:37", "elapsed": 4502.247981, "delta": 63.247691}}
{"target": -13.758538754594934, "params": {"gamma": 833.301045155873, "log10_alpha": -4.598436556966206, "log10_colsample_bytree": -0.2270357358008297, "log10_eta": -2.6156985249206857, "log10_lambda": -3.248788301847485, "log10_min_child_weight": 4.568386432672104, "log10_subsample": -0.6874572731820899, "max_depth": 6.0, "num_boost_round": 1.0}, "datetime": {"datetime": "2024-01-19 01:26:37", "elapsed": 4502.25392, "delta": 0.005939}}
{"target": -13.758536294481884, "params": {"gamma": 833.301045155873, "log10_alpha": -4.598436556966206, "log10_colsample_bytree": -0.2270357358008297, "log10_eta": -2.6156985249206857, "log10_lambda": -3.248788301847485, "log10_min_child_weight": 4.568386432672104, "log10_subsample": -0.6874572731820899, "max_depth": 6.0, "num_boost_round": 2.0}, "datetime": {"datetime": "2024-01-19 01:26:37", "elapsed": 4502.259071, "delta": 0.005151}}
{"target": -13.758531475099149, "params": {"gamma": 833.301045155873, "log10_alpha": -4.598436556966206, "log10_colsample_bytree": -0.2270357358008297, "log10_eta": -2.6156985249206857, "log10_lambda": -3.248788301847485, "log10_min_child_weight": 4.568386432672104, "log10_subsample": -0.6874572731820899, "max_depth": 6.0, "num_boost_round": 3.0}, "datetime": {"datetime": "2024-01-19 01:26:37", "elapsed": 4502.264054, "delta": 0.004983}}
{"target": -13.75853186404285, "params": {"gamma": 833.301045155873, "log10_alpha": -4.598436556966206, "log10_colsample_bytree": -0.2270357358008297, "log10_eta": -2.6156985249206857, "log10_lambda": -3.248788301847485, "log10_min_child_weight": 4.568386432672104, "log10_subsample": -0.6874572731820899, "max_depth": 6.0, "num_boost_round": 4.0}, "datetime": {"datetime": "2024-01-19 01:26:37", "elapsed": 4502.269109, "delta": 0.005055}}
{"target": -13.758519557805982, "params": {"gamma": 833.301045155873, "log10_alpha": -4.598436556966206, "log10_colsample_bytree": -0.2270357358008297, "log10_eta": -2.6156985249206857, "log10_lambda": -3.248788301847485, "log10_min_child_weight": 4.568386432672104, "log10_subsample": -0.6874572731820899, "max_depth": 6.0, "num_boost_round": 5.0}, "datetime": {"datetime": "2024-01-19 01:26:37", "elapsed": 4502.274278, "delta": 0.005169}}
{"target": -13.75851548955696, "params": {"gamma": 833.301045155873, "log10_alpha": -4.598436556966206, "log10_colsample_bytree": -0.2270357358008297, "log10_eta": -2.6156985249206857, "log10_lambda": -3.248788301847485, "log10_min_child_weight": 4.568386432672104, "log10_subsample": -0.6874572731820899, "max_depth": 6.0, "num_boost_round": 6.0}, "datetime": {"datetime": "2024-01-19 01:26:37", "elapsed": 4502.27929, "delta": 0.005012}}
{"target": -13.758513388447243, "params": {"gamma": 833.301045155873, "log10_alpha": -4.598436556966206, "log10_colsample_bytree": -0.2270357358008297, "log10_eta": -2.6156985249206857, "log10_lambda": -3.248788301847485, "log10_min_child_weight": 4.568386432672104, "log10_subsample": -0.6874572731820899, "max_depth": 6.0, "num_boost_round": 7.0}, "datetime": {"datetime": "2024-01-19 01:26:37", "elapsed": 4502.284306, "delta": 0.005016}}
{"target": -13.758514912581779, "params": {"gamma": 833.301045155873, "log10_alpha": -4.598436556966206, "log10_colsample_bytree": -0.2270357358008297, "log10_eta": -2.6156985249206857, "log10_lambda": -3.248788301847485, "log10_min_child_weight": 4.568386432672104, "log10_subsample": -0.6874572731820899, "max_depth": 6.0, "num_boost_round": 8.0}, "datetime": {"datetime": "2024-01-19 01:26:37", "elapsed": 4502.289326, "delta": 0.00502}}
{"target": -13.758501611555175, "params": {"gamma": 833.301045155873, "log10_alpha": -4.598436556966206, "log10_colsample_bytree": -0.2270357358008297, "log10_eta": -2.6156985249206857, "log10_lambda": -3.248788301847485, "log10_min_child_weight": 4.568386432672104, "log10_subsample": -0.6874572731820899, "max_depth": 6.0, "num_boost_round": 9.0}, "datetime": {"datetime": "2024-01-19 01:26:37", "elapsed": 4502.2944, "delta": 0.005074}}
{"target": -13.758489922886481, "params": {"gamma": 833.301045155873, "log10_alpha": -4.598436556966206, "log10_colsample_bytree": -0.2270357358008297, "log10_eta": -2.6156985249206857, "log10_lambda": -3.248788301847485, "log10_min_child_weight": 4.568386432672104, "log10_subsample": -0.6874572731820899, "max_depth": 6.0, "num_boost_round": 10.0}, "datetime": {"datetime": "2024-01-19 01:26:37", "elapsed": 4502.299355, "delta": 0.004955}}
{"target": -13.75847800506157, "params": {"gamma": 833.301045155873, "log10_alpha": -4.598436556966206, "log10_colsample_bytree": -0.2270357358008297, "log10_eta": -2.6156985249206857, "log10_lambda": -3.248788301847485, "log10_min_child_weight": 4.568386432672104, "log10_subsample": -0.6874572731820899, "max_depth": 6.0, "num_boost_round": 11.0}, "datetime": {"datetime": "2024-01-19 01:26:38", "elapsed": 4502.304251, "delta": 0.004896}}
{"target": -13.758476532249896, "params": {"gamma": 833.301045155873, "log10_alpha": -4.598436556966206, "log10_colsample_bytree": -0.2270357358008297, "log10_eta": -2.6156985249206857, "log10_lambda": -3.248788301847485, "log10_min_child_weight": 4.568386432672104, "log10_subsample": -0.6874572731820899, "max_depth": 6.0, "num_boost_round": 12.0}, "datetime": {"datetime": "2024-01-19 01:26:38", "elapsed": 4502.309214, "delta": 0.004963}}
{"target": -13.758478911460022, "params": {"gamma": 833.301045155873, "log10_alpha": -4.598436556966206, "log10_colsample_bytree": -0.2270357358008297, "log10_eta": -2.6156985249206857, "log10_lambda": -3.248788301847485, "log10_min_child_weight": 4.568386432672104, "log10_subsample": -0.6874572731820899, "max_depth": 6.0, "num_boost_round": 13.0}, "datetime": {"datetime": "2024-01-19 01:26:38", "elapsed": 4502.314343, "delta": 0.005129}}
{"target": -13.758470732759992, "params": {"gamma": 833.301045155873, "log10_alpha": -4.598436556966206, "log10_colsample_bytree": -0.2270357358008297, "log10_eta": -2.6156985249206857, "log10_lambda": -3.248788301847485, "log10_min_child_weight": 4.568386432672104, "log10_subsample": -0.6874572731820899, "max_depth": 6.0, "num_boost_round": 14.0}, "datetime": {"datetime": "2024-01-19 01:26:38", "elapsed": 4502.319315, "delta": 0.004972}}
{"target": -13.758456977765876, "params": {"gamma": 833.301045155873, "log10_alpha": -4.598436556966206, "log10_colsample_bytree": -0.2270357358008297, "log10_eta": -2.6156985249206857, "log10_lambda": -3.248788301847485, "log10_min_child_weight": 4.568386432672104, "log10_subsample": -0.6874572731820899, "max_depth": 6.0, "num_boost_round": 15.0}, "datetime": {"datetime": "2024-01-19 01:26:38", "elapsed": 4502.324234, "delta": 0.004919}}
{"target": -13.75845408760014, "params": {"gamma": 833.301045155873, "log10_alpha": -4.598436556966206, "log10_colsample_bytree": -0.2270357358008297, "log10_eta": -2.6156985249206857, "log10_lambda": -3.248788301847485, "log10_min_child_weight": 4.568386432672104, "log10_subsample": -0.6874572731820899, "max_depth": 6.0, "num_boost_round": 16.0}, "datetime": {"datetime": "2024-01-19 01:26:38", "elapsed": 4502.329222, "delta": 0.004988}}
{"target": -13.758464016192276, "params": {"gamma": 833.301045155873, "log10_alpha": -4.598436556966206, "log10_colsample_bytree": -0.2270357358008297, "log10_eta": -2.6156985249206857, "log10_lambda": -3.248788301847485, "log10_min_child_weight": 4.568386432672104, "log10_subsample": -0.6874572731820899, "max_depth": 6.0, "num_boost_round": 17.0}, "datetime": {"datetime": "2024-01-19 01:26:38", "elapsed": 4502.334586, "delta": 0.005364}}
{"target": -13.75847305264141, "params": {"gamma": 833.301045155873, "log10_alpha": -4.598436556966206, "log10_colsample_bytree": -0.2270357358008297, "log10_eta": -2.6156985249206857, "log10_lambda": -3.248788301847485, "log10_min_child_weight": 4.568386432672104, "log10_subsample": -0.6874572731820899, "max_depth": 6.0, "num_boost_round": 18.0}, "datetime": {"datetime": "2024-01-19 01:26:38", "elapsed": 4502.339741, "delta": 0.005155}}
{"target": -13.758464218664697, "params": {"gamma": 833.301045155873, "log10_alpha": -4.598436556966206, "log10_colsample_bytree": -0.2270357358008297, "log10_eta": -2.6156985249206857, "log10_lambda": -3.248788301847485, "log10_min_child_weight": 4.568386432672104, "log10_subsample": -0.6874572731820899, "max_depth": 6.0, "num_boost_round": 19.0}, "datetime": {"datetime": "2024-01-19 01:26:38", "elapsed": 4502.344972, "delta": 0.005231}}
{"target": -13.758447328885284, "params": {"gamma": 833.301045155873, "log10_alpha": -4.598436556966206, "log10_colsample_bytree": -0.2270357358008297, "log10_eta": -2.6156985249206857, "log10_lambda": -3.248788301847485, "log10_min_child_weight": 4.568386432672104, "log10_subsample": -0.6874572731820899, "max_depth": 6.0, "num_boost_round": 20.0}, "datetime": {"datetime": "2024-01-19 01:26:38", "elapsed": 4502.349952, "delta": 0.00498}}
{"target": -13.758449210551106, "params": {"gamma": 833.301045155873, "log10_alpha": -4.598436556966206, "log10_colsample_bytree": -0.2270357358008297, "log10_eta": -2.6156985249206857, "log10_lambda": -3.248788301847485, "log10_min_child_weight": 4.568386432672104, "log10_subsample": -0.6874572731820899, "max_depth": 6.0, "num_boost_round": 21.0}, "datetime": {"datetime": "2024-01-19 01:26:38", "elapsed": 4502.355258, "delta": 0.005306}}
{"target": -13.758441517931592, "params": {"gamma": 833.301045155873, "log10_alpha": -4.598436556966206, "log10_colsample_bytree": -0.2270357358008297, "log10_eta": -2.6156985249206857, "log10_lambda": -3.248788301847485, "log10_min_child_weight": 4.568386432672104, "log10_subsample": -0.6874572731820899, "max_depth": 6.0, "num_boost_round": 22.0}, "datetime": {"datetime": "2024-01-19 01:26:38", "elapsed": 4502.360235, "delta": 0.004977}}
{"target": -13.758436321883488, "params": {"gamma": 833.301045155873, "log10_alpha": -4.598436556966206, "log10_colsample_bytree": -0.2270357358008297, "log10_eta": -2.6156985249206857, "log10_lambda": -3.248788301847485, "log10_min_child_weight": 4.568386432672104, "log10_subsample": -0.6874572731820899, "max_depth": 6.0, "num_boost_round": 23.0}, "datetime": {"datetime": "2024-01-19 01:26:38", "elapsed": 4502.365206, "delta": 0.004971}}
{"target": -13.758430627051695, "params": {"gamma": 833.301045155873, "log10_alpha": -4.598436556966206, "log10_colsample_bytree": -0.2270357358008297, "log10_eta": -2.6156985249206857, "log10_lambda": -3.248788301847485, "log10_min_child_weight": 4.568386432672104, "log10_subsample": -0.6874572731820899, "max_depth": 6.0, "num_boost_round": 24.0}, "datetime": {"datetime": "2024-01-19 01:26:38", "elapsed": 4502.370181, "delta": 0.004975}}
{"target": -13.758420041866266, "params": {"gamma": 833.301045155873, "log10_alpha": -4.598436556966206, "log10_colsample_bytree": -0.2270357358008297, "log10_eta": -2.6156985249206857, "log10_lambda": -3.248788301847485, "log10_min_child_weight": 4.568386432672104, "log10_subsample": -0.6874572731820899, "max_depth": 6.0, "num_boost_round": 25.0}, "datetime": {"datetime": "2024-01-19 01:26:38", "elapsed": 4502.375505, "delta": 0.005324}}
{"target": -13.758403085617722, "params": {"gamma": 833.301045155873, "log10_alpha": -4.598436556966206, "log10_colsample_bytree": -0.2270357358008297, "log10_eta": -2.6156985249206857, "log10_lambda": -3.248788301847485, "log10_min_child_weight": 4.568386432672104, "log10_subsample": -0.6874572731820899, "max_depth": 6.0, "num_boost_round": 26.0}, "datetime": {"datetime": "2024-01-19 01:26:38", "elapsed": 4502.380579, "delta": 0.005074}}
{"target": -13.758399149663436, "params": {"gamma": 833.301045155873, "log10_alpha": -4.598436556966206, "log10_colsample_bytree": -0.2270357358008297, "log10_eta": -2.6156985249206857, "log10_lambda": -3.248788301847485, "log10_min_child_weight": 4.568386432672104, "log10_subsample": -0.6874572731820899, "max_depth": 6.0, "num_boost_round": 27.0}, "datetime": {"datetime": "2024-01-19 01:26:38", "elapsed": 4502.385601, "delta": 0.005022}}
{"target": -13.75838150690669, "params": {"gamma": 833.301045155873, "log10_alpha": -4.598436556966206, "log10_colsample_bytree": -0.2270357358008297, "log10_eta": -2.6156985249206857, "log10_lambda": -3.248788301847485, "log10_min_child_weight": 4.568386432672104, "log10_subsample": -0.6874572731820899, "max_depth": 6.0, "num_boost_round": 28.0}, "datetime": {"datetime": "2024-01-19 01:26:38", "elapsed": 4502.390622, "delta": 0.005021}}
{"target": -13.758365296121172, "params": {"gamma": 833.301045155873, "log10_alpha": -4.598436556966206, "log10_colsample_bytree": -0.2270357358008297, "log10_eta": -2.6156985249206857, "log10_lambda": -3.248788301847485, "log10_min_child_weight": 4.568386432672104, "log10_subsample": -0.6874572731820899, "max_depth": 6.0, "num_boost_round": 29.0}, "datetime": {"datetime": "2024-01-19 01:26:38", "elapsed": 4502.395719, "delta": 0.005097}}
{"target": -13.758367598686622, "params": {"gamma": 833.301045155873, "log10_alpha": -4.598436556966206, "log10_colsample_bytree": -0.2270357358008297, "log10_eta": -2.6156985249206857, "log10_lambda": -3.248788301847485, "log10_min_child_weight": 4.568386432672104, "log10_subsample": -0.6874572731820899, "max_depth": 6.0, "num_boost_round": 30.0}, "datetime": {"datetime": "2024-01-19 01:26:38", "elapsed": 4502.400796, "delta": 0.005077}}
{"target": -13.758360568806166, "params": {"gamma": 833.301045155873, "log10_alpha": -4.598436556966206, "log10_colsample_bytree": -0.2270357358008297, "log10_eta": -2.6156985249206857, "log10_lambda": -3.248788301847485, "log10_min_child_weight": 4.568386432672104, "log10_subsample": -0.6874572731820899, "max_depth": 6.0, "num_boost_round": 31.0}, "datetime": {"datetime": "2024-01-19 01:26:38", "elapsed": 4502.406041, "delta": 0.005245}}
{"target": -13.758362496373323, "params": {"gamma": 833.301045155873, "log10_alpha": -4.598436556966206, "log10_colsample_bytree": -0.2270357358008297, "log10_eta": -2.6156985249206857, "log10_lambda": -3.248788301847485, "log10_min_child_weight": 4.568386432672104, "log10_subsample": -0.6874572731820899, "max_depth": 6.0, "num_boost_round": 32.0}, "datetime": {"datetime": "2024-01-19 01:26:38", "elapsed": 4502.411088, "delta": 0.005047}}
{"target": -13.75836251857981, "params": {"gamma": 833.301045155873, "log10_alpha": -4.598436556966206, "log10_colsample_bytree": -0.2270357358008297, "log10_eta": -2.6156985249206857, "log10_lambda": -3.248788301847485, "log10_min_child_weight": 4.568386432672104, "log10_subsample": -0.6874572731820899, "max_depth": 6.0, "num_boost_round": 33.0}, "datetime": {"datetime": "2024-01-19 01:26:38", "elapsed": 4502.416364, "delta": 0.005276}}
{"target": -13.758370602483255, "params": {"gamma": 833.301045155873, "log10_alpha": -4.598436556966206, "log10_colsample_bytree": -0.2270357358008297, "log10_eta": -2.6156985249206857, "log10_lambda": -3.248788301847485, "log10_min_child_weight": 4.568386432672104, "log10_subsample": -0.6874572731820899, "max_depth": 6.0, "num_boost_round": 34.0}, "datetime": {"datetime": "2024-01-19 01:26:38", "elapsed": 4502.421462, "delta": 0.005098}}
