{"target": -17.676963301240274, "params": {"gamma": 404.1449945645754, "log10_alpha": -4.952507729106889, "log10_colsample_bytree": -0.037925268845957816, "log10_eta": -2.1973499997625128, "log10_lambda": 0.34212267481184444, "log10_min_child_weight": 4.857089235190725, "log10_subsample": -0.3942379719633863, "max_depth": 9.0, "num_boost_round": 6.0}, "datetime": {"datetime": "2024-01-19 02:20:58", "elapsed": 7748.298122, "delta": 0.006583}}
{"target": -17.676949320055062, "params": {"gamma": 404.1449945645754, "log10_alpha": -4.952507729106889, "log10_colsample_bytree": -0.037925268845957816, "log10_eta": -2.1973499997625128, "log10_lambda": 0.34212267481184444, "log10_min_child_weight": 4.857089235190725, "log10_subsample": -0.3942379719633863, "max_depth": 9.0, "num_boost_round": 7.0}, "datetime": {"datetime": "2024-01-19 02:20:58", "elapsed": 7748.304823, "delta": 0.006701}}
{"target": -17.676890553745324, "params": {"gamma": 404.1449945645754, "log10_alpha": -4.952507729106889, "log10_colsample_bytree": -0.037925268845957816, "log10_eta": -2.1973499997625128, "log10_lambda": 0.34212267481184444, "log10_min_child_weight": 4.857089235190725, "log10_subsample": -0.3942379719633863, "max_depth": 9.0, "num_boost_round": 8.0}, "datetime": {"datetime": "2024-01-19 02:20:58", "elapsed": 7748.311464, "delta": 0.006641}}
{"target": -17.676845989734232, "params": {"gamma": 404.1449945645754, "log10_alpha": -4.952507729106889, "log10_colsample_bytree": -0.037925268845957816, "log10_eta": -2.1973499997625128, "log10_lambda": 0.34212267481184444, "log10_min_child_weight": 4.857089235190725, "log10_subsample": -0.3942379719633863, "max_depth": 9.0, "num_boost_round": 9.0}, "datetime": {"datetime": "2024-01-19 02:20:58", "elapsed": 7748.421394, "delta": 0.10993}}
{"target": -17.67681322854297, "params": {"gamma": 404.1449945645754, "log10_alpha": -4.952507729106889, "log10_colsample_bytree": -0.037925268845957816, "log10_eta": -2.1973499997625128, "log10_lambda": 0.34212267481184444, "log10_min_child_weight": 4.857089235190725, "log10_subsample": -0.3942379719633863, "max_depth": 9.0, "num_boost_round": 10.0}, "datetime": {"datetime": "2024-01-19 02:20:58", "elapsed": 7748.429301, "delta": 0.007907}}
{"target": -17.676810519011624, "params": {"gamma": 404.1449945645754, "log10_alpha": -4.952507729106889, "log10_colsample_bytree": -0.037925268845957816, "log10_eta": -2.1973499997625128, "log10_lambda": 0.34212267481184444, "log10_min_child_weight": 4.857089235190725, "log10_subsample": -0.3942379719633863, "max_depth": 9.0, "num_boost_round": 11.0}, "datetime": {"datetime": "2024-01-19 02:20:58", "elapsed": 7748.436173, "delta": 0.006872}}
{"target": -17.67677921671753, "params": {"gamma": 404.1449945645754, "log10_alpha": -4.952507729106889, "log10_colsample_bytree": -0.037925268845957816, "log10_eta": -2.1973499997625128, "log10_lambda": 0.34212267481184444, "log10_min_child_weight": 4.857089235190725, "log10_subsample": -0.3942379719633863, "max_depth": 9.0, "num_boost_round": 12.0}, "datetime": {"datetime": "2024-01-19 02:20:58", "elapsed": 7748.442824, "delta": 0.006651}}
{"target": -17.676727975540416, "params": {"gamma": 404.1449945645754, "log10_alpha": -4.952507729106889, "log10_colsample_bytree": -0.037925268845957816, "log10_eta": -2.1973499997625128, "log10_lambda": 0.34212267481184444, "log10_min_child_weight": 4.857089235190725, "log10_subsample": -0.3942379719633863, "max_depth": 9.0, "num_boost_round": 13.0}, "datetime": {"datetime": "2024-01-19 02:20:58", "elapsed": 7748.449488, "delta": 0.006664}}
{"target": -17.676733940764983, "params": {"gamma": 404.1449945645754, "log10_alpha": -4.952507729106889, "log10_colsample_bytree": -0.037925268845957816, "log10_eta": -2.1973499997625128, "log10_lambda": 0.34212267481184444, "log10_min_child_weight": 4.857089235190725, "log10_subsample": -0.3942379719633863, "max_depth": 9.0, "num_boost_round": 14.0}, "datetime": {"datetime": "2024-01-19 02:20:58", "elapsed": 7748.456129, "delta": 0.006641}}
{"target": -17.67673345103002, "params": {"gamma": 404.1449945645754, "log10_alpha": -4.952507729106889, "log10_colsample_bytree": -0.037925268845957816, "log10_eta": -2.1973499997625128, "log10_lambda": 0.34212267481184444, "log10_min_child_weight": 4.857089235190725, "log10_subsample": -0.3942379719633863, "max_depth": 9.0, "num_boost_round": 15.0}, "datetime": {"datetime": "2024-01-19 02:20:58", "elapsed": 7748.462811, "delta": 0.006682}}
{"target": -17.676672359008116, "params": {"gamma": 404.1449945645754, "log10_alpha": -4.952507729106889, "log10_colsample_bytree": -0.037925268845957816, "log10_eta": -2.1973499997625128, "log10_lambda": 0.34212267481184444, "log10_min_child_weight": 4.857089235190725, "log10_subsample": -0.3942379719633863, "max_depth": 9.0, "num_boost_round": 16.0}, "datetime": {"datetime": "2024-01-19 02:20:58", "elapsed": 7748.469498, "delta": 0.006687}}
{"target": -17.67663994700045, "params": {"gamma": 404.1449945645754, "log10_alpha": -4.952507729106889, "log10_colsample_bytree": -0.037925268845957816, "log10_eta": -2.1973499997625128, "log10_lambda": 0.34212267481184444, "log10_min_child_weight": 4.857089235190725, "log10_subsample": -0.3942379719633863, "max_depth": 9.0, "num_boost_round": 17.0}, "datetime": {"datetime": "2024-01-19 02:20:58", "elapsed": 7748.476194, "delta": 0.006696}}
{"target": -17.676623166796396, "params": {"gamma": 404.1449945645754, "log10_alpha": -4.952507729106889, "log10_colsample_bytree": -0.037925268845957816, "log10_eta": -2.1973499997625128, "log10_lambda": 0.34212267481184444, "log10_min_child_weight": 4.857089235190725, "log10_subsample": -0.3942379719633863, "max_depth": 9.0, "num_boost_round": 18.0}, "datetime": {"datetime": "2024-01-19 02:20:58", "elapsed": 7748.482812, "delta": 0.006618}}
{"target": -17.676617779004378, "params": {"gamma": 404.1449945645754, "log10_alpha": -4.952507729106889, "log10_colsample_bytree": -0.037925268845957816, "log10_eta": -2.1973499997625128, "log10_lambda": 0.34212267481184444, "log10_min_child_weight": 4.857089235190725, "log10_subsample": -0.3942379719633863, "max_depth": 9.0, "num_boost_round": 19.0}, "datetime": {"datetime": "2024-01-19 02:20:58", "elapsed": 7748.489444, "delta": 0.006632}}
{"target": -17.676606216452164, "params": {"gamma": 404.1449945645754, "log10_alpha": -4.952507729106889, "log10_colsample_bytree": -0.037925268845957816, "log10_eta": -2.1973499997625128, "log10_lambda": 0.34212267481184444, "log10_min_child_weight": 4.857089235190725, "log10_subsample": -0.3942379719633863, "max_depth": 9.0, "num_boost_round": 20.0}, "datetime": {"datetime": "2024-01-19 02:20:58", "elapsed": 7748.496405, "delta": 0.006961}}
{"target": -17.676591168506302, "params": {"gamma": 404.1449945645754, "log10_alpha": -4.952507729106889, "log10_colsample_bytree": -0.037925268845957816, "log10_eta": -2.1973499997625128, "log10_lambda": 0.34212267481184444, "log10_min_child_weight": 4.857089235190725, "log10_subsample": -0.3942379719633863, "max_depth": 9.0, "num_boost_round": 21.0}, "datetime": {"datetime": "2024-01-19 02:20:58", "elapsed": 7748.503158, "delta": 0.006753}}
{"target": -17.676537712121227, "params": {"gamma": 404.1449945645754, "log10_alpha": -4.952507729106889, "log10_colsample_bytree": -0.037925268845957816, "log10_eta": -2.1973499997625128, "log10_lambda": 0.34212267481184444, "log10_min_child_weight": 4.857089235190725, "log10_subsample": -0.3942379719633863, "max_depth": 9.0, "num_boost_round": 22.0}, "datetime": {"datetime": "2024-01-19 02:20:58", "elapsed": 7748.509843, "delta": 0.006685}}
{"target": -17.67650708406223, "params": {"gamma": 404.1449945645754, "log10_alpha": -4.952507729106889, "log10_colsample_bytree": -0.037925268845957816, "log10_eta": -2.1973499997625128, "log10_lambda": 0.34212267481184444, "log10_min_child_weight": 4.857089235190725, "log10_subsample": -0.3942379719633863, "max_depth": 9.0, "num_boost_round": 23.0}, "datetime": {"datetime": "2024-01-19 02:20:58", "elapsed": 7748.516484, "delta": 0.006641}}
{"target": -17.676519391601737, "params": {"gamma": 404.1449945645754, "log10_alpha": -4.952507729106889, "log10_colsample_bytree": -0.037925268845957816, "log10_eta": -2.1973499997625128, "log10_lambda": 0.34212267481184444, "log10_min_child_weight": 4.857089235190725, "log10_subsample": -0.3942379719633863, "max_depth": 9.0, "num_boost_round": 24.0}, "datetime": {"datetime": "2024-01-19 02:20:58", "elapsed": 7748.523127, "delta": 0.006643}}
{"target": -17.676529449107615, "params": {"gamma": 404.1449945645754, "log10_alpha": -4.952507729106889, "log10_colsample_bytree": -0.037925268845957816, "log10_eta": -2.1973499997625128, "log10_lambda": 0.34212267481184444, "log10_min_child_weight": 4.857089235190725, "log10_subsample": -0.3942379719633863, "max_depth": 9.0, "num_boost_round": 25.0}, "datetime": {"datetime": "2024-01-19 02:20:58", "elapsed": 7748.52974, "delta": 0.006613}}
{"target": -17.676543892163803, "params": {"gamma": 404.1449945645754, "log10_alpha": -4.952507729106889, "log10_colsample_bytree": -0.037925268845957816, "log10_eta": -2.1973499997625128, "log10_lambda": 0.34212267481184444, "log10_min_child_weight": 4.857089235190725, "log10_subsample": -0.3942379719633863, "max_depth": 9.0, "num_boost_round": 26.0}, "datetime": {"datetime": "2024-01-19 02:20:58", "elapsed": 7748.536332, "delta": 0.006592}}
{"target": -17.676557250234612, "params": {"gamma": 404.1449945645754, "log10_alpha": -4.952507729106889, "log10_colsample_bytree": -0.037925268845957816, "log10_eta": -2.1973499997625128, "log10_lambda": 0.34212267481184444, "log10_min_child_weight": 4.857089235190725, "log10_subsample": -0.3942379719633863, "max_depth": 9.0, "num_boost_round": 27.0}, "datetime": {"datetime": "2024-01-19 02:20:58", "elapsed": 7748.616497, "delta": 0.080165}}
{"target": -17.67655499373948, "params": {"gamma": 404.1449945645754, "log10_alpha": -4.952507729106889, "log10_colsample_bytree": -0.037925268845957816, "log10_eta": -2.1973499997625128, "log10_lambda": 0.34212267481184444, "log10_min_child_weight": 4.857089235190725, "log10_subsample": -0.3942379719633863, "max_depth": 9.0, "num_boost_round": 28.0}, "datetime": {"datetime": "2024-01-19 02:20:58", "elapsed": 7748.624166, "delta": 0.007669}}
{"target": -17.67656432204222, "params": {"gamma": 404.1449945645754, "log10_alpha": -4.952507729106889, "log10_colsample_bytree": -0.037925268845957816, "log10_eta": -2.1973499997625128, "log10_lambda": 0.34212267481184444, "log10_min_child_weight": 4.857089235190725, "log10_subsample": -0.3942379719633863, "max_depth": 9.0, "num_boost_round": 29.0}, "datetime": {"datetime": "2024-01-19 02:20:58", "elapsed": 7748.631291, "delta": 0.007125}}
{"target": -17.676541869046446, "params": {"gamma": 404.1449945645754, "log10_alpha": -4.952507729106889, "log10_colsample_bytree": -0.037925268845957816, "log10_eta": -2.1973499997625128, "log10_lambda": 0.34212267481184444, "log10_min_child_weight": 4.857089235190725, "log10_subsample": -0.3942379719633863, "max_depth": 9.0, "num_boost_round": 30.0}, "datetime": {"datetime": "2024-01-19 02:20:58", "elapsed": 7748.638208, "delta": 0.006917}}
{"target": -17.67652627560492, "params": {"gamma": 404.1449945645754, "log10_alpha": -4.952507729106889, "log10_colsample_bytree": -0.037925268845957816, "log10_eta": -2.1973499997625128, "log10_lambda": 0.34212267481184444, "log10_min_child_weight": 4.857089235190725, "log10_subsample": -0.3942379719633863, "max_depth": 9.0, "num_boost_round": 31.0}, "datetime": {"datetime": "2024-01-19 02:20:58", "elapsed": 7748.645038, "delta": 0.00683}}
{"target": -17.676542343220987, "params": {"gamma": 404.1449945645754, "log10_alpha": -4.952507729106889, "log10_colsample_bytree": -0.037925268845957816, "log10_eta": -2.1973499997625128, "log10_lambda": 0.34212267481184444, "log10_min_child_weight": 4.857089235190725, "log10_subsample": -0.3942379719633863, "max_depth": 9.0, "num_boost_round": 32.0}, "datetime": {"datetime": "2024-01-19 02:20:58", "elapsed": 7748.651688, "delta": 0.00665}}
{"target": -17.676524614512918, "params": {"gamma": 404.1449945645754, "log10_alpha": -4.952507729106889, "log10_colsample_bytree": -0.037925268845957816, "log10_eta": -2.1973499997625128, "log10_lambda": 0.34212267481184444, "log10_min_child_weight": 4.857089235190725, "log10_subsample": -0.3942379719633863, "max_depth": 9.0, "num_boost_round": 33.0}, "datetime": {"datetime": "2024-01-19 02:20:58", "elapsed": 7748.658419, "delta": 0.006731}}
{"target": -17.676567521358052, "params": {"gamma": 404.1449945645754, "log10_alpha": -4.952507729106889, "log10_colsample_bytree": -0.037925268845957816, "log10_eta": -2.1973499997625128, "log10_lambda": 0.34212267481184444, "log10_min_child_weight": 4.857089235190725, "log10_subsample": -0.3942379719633863, "max_depth": 9.0, "num_boost_round": 34.0}, "datetime": {"datetime": "2024-01-19 02:20:58", "elapsed": 7748.665107, "delta": 0.006688}}
{"target": -17.676595174112297, "params": {"gamma": 404.1449945645754, "log10_alpha": -4.952507729106889, "log10_colsample_bytree": -0.037925268845957816, "log10_eta": -2.1973499997625128, "log10_lambda": 0.34212267481184444, "log10_min_child_weight": 4.857089235190725, "log10_subsample": -0.3942379719633863, "max_depth": 9.0, "num_boost_round": 35.0}, "datetime": {"datetime": "2024-01-19 02:20:58", "elapsed": 7748.671813, "delta": 0.006706}}
{"target": -17.67662366347061, "params": {"gamma": 404.1449945645754, "log10_alpha": -4.952507729106889, "log10_colsample_bytree": -0.037925268845957816, "log10_eta": -2.1973499997625128, "log10_lambda": 0.34212267481184444, "log10_min_child_weight": 4.857089235190725, "log10_subsample": -0.3942379719633863, "max_depth": 9.0, "num_boost_round": 36.0}, "datetime": {"datetime": "2024-01-19 02:20:58", "elapsed": 7748.678488, "delta": 0.006675}}
{"target": -17.676639651999153, "params": {"gamma": 404.1449945645754, "log10_alpha": -4.952507729106889, "log10_colsample_bytree": -0.037925268845957816, "log10_eta": -2.1973499997625128, "log10_lambda": 0.34212267481184444, "log10_min_child_weight": 4.857089235190725, "log10_subsample": -0.3942379719633863, "max_depth": 9.0, "num_boost_round": 37.0}, "datetime": {"datetime": "2024-01-19 02:20:58", "elapsed": 7748.685192, "delta": 0.006704}}
{"target": -17.67666393296154, "params": {"gamma": 404.1449945645754, "log10_alpha": -4.952507729106889, "log10_colsample_bytree": -0.037925268845957816, "log10_eta": -2.1973499997625128, "log10_lambda": 0.34212267481184444, "log10_min_child_weight": 4.857089235190725, "log10_subsample": -0.3942379719633863, "max_depth": 9.0, "num_boost_round": 38.0}, "datetime": {"datetime": "2024-01-19 02:20:58", "elapsed": 7748.691928, "delta": 0.006736}}
