{"target": -13.758346371879957, "params": {"gamma": 723.1616735424457, "log10_alpha": -2.3560799724150177, "log10_colsample_bytree": -0.9834329275103426, "log10_eta": -2.372493639234184, "log10_lambda": -0.25131023658716245, "log10_min_child_weight": 0.4621568575028079, "log10_subsample": -0.7339436931506027, "max_depth": 9.0, "num_boost_round": 22.0}, "datetime": {"datetime": "2024-01-19 00:40:56", "elapsed": 1755.102501, "delta": 0.002093}}
{"target": -13.7583576959318, "params": {"gamma": 723.1616735424457, "log10_alpha": -2.3560799724150177, "log10_colsample_bytree": -0.9834329275103426, "log10_eta": -2.372493639234184, "log10_lambda": -0.25131023658716245, "log10_min_child_weight": 0.4621568575028079, "log10_subsample": -0.7339436931506027, "max_depth": 9.0, "num_boost_round": 23.0}, "datetime": {"datetime": "2024-01-19 00:40:56", "elapsed": 1755.104485, "delta": 0.001984}}
{"target": -13.75850340141434, "params": {"gamma": 717.1697938835912, "log10_alpha": -4.340033286419281, "log10_colsample_bytree": -0.2464906843067659, "log10_eta": -1.2907037678386728, "log10_lambda": -4.189588427242056, "log10_min_child_weight": 4.456213074454571, "log10_subsample": -0.31999718702745406, "max_depth": 9.0, "num_boost_round": 0.0}, "datetime": {"datetime": "2024-01-19 00:41:40", "elapsed": 1799.840285, "delta": 44.7358}}
{"target": -13.758335054579437, "params": {"gamma": 717.1697938835912, "log10_alpha": -4.340033286419281, "log10_colsample_bytree": -0.2464906843067659, "log10_eta": -1.2907037678386728, "log10_lambda": -4.189588427242056, "log10_min_child_weight": 4.456213074454571, "log10_subsample": -0.31999718702745406, "max_depth": 9.0, "num_boost_round": 1.0}, "datetime": {"datetime": "2024-01-19 00:41:40", "elapsed": 1799.842827, "delta": 0.002542}}
{"target": -13.758617201882005, "params": {"gamma": 717.1697938835912, "log10_alpha": -4.340033286419281, "log10_colsample_bytree": -0.2464906843067659, "log10_eta": -1.2907037678386728, "log10_lambda": -4.189588427242056, "log10_min_child_weight": 4.456213074454571, "log10_subsample": -0.31999718702745406, "max_depth": 9.0, "num_boost_round": 2.0}, "datetime": {"datetime": "2024-01-19 00:41:40", "elapsed": 1799.844876, "delta": 0.002049}}
{"target": -13.759002112849776, "params": {"gamma": 717.1697938835912, "log10_alpha": -4.340033286419281, "log10_colsample_bytree": -0.2464906843067659, "log10_eta": -1.2907037678386728, "log10_lambda": -4.189588427242056, "log10_min_child_weight": 4.456213074454571, "log10_subsample": -0.31999718702745406, "max_depth": 9.0, "num_boost_round": 3.0}, "datetime": {"datetime": "2024-01-19 00:41:40", "elapsed": 1799.846907, "delta": 0.002031}}
{"target": -13.759605972091125, "params": {"gamma": 717.1697938835912, "log10_alpha": -4.340033286419281, "log10_colsample_bytree": -0.2464906843067659, "log10_eta": -1.2907037678386728, "log10_lambda": -4.189588427242056, "log10_min_child_weight": 4.456213074454571, "log10_subsample": -0.31999718702745406, "max_depth": 9.0, "num_boost_round": 4.0}, "datetime": {"datetime": "2024-01-19 00:41:40", "elapsed": 1799.84892, "delta": 0.002013}}
{"target": -13.759406991036766, "params": {"gamma": 717.1697938835912, "log10_alpha": -4.340033286419281, "log10_colsample_bytree": -0.2464906843067659, "log10_eta": -1.2907037678386728, "log10_lambda": -4.189588427242056, "log10_min_child_weight": 4.456213074454571, "log10_subsample": -0.31999718702745406, "max_depth": 9.0, "num_boost_round": 5.0}, "datetime": {"datetime": "2024-01-19 00:41:40", "elapsed": 1799.850944, "delta": 0.002024}}
{"target": -13.76006179559418, "params": {"gamma": 717.1697938835912, "log10_alpha": -4.340033286419281, "log10_colsample_bytree": -0.2464906843067659, "log10_eta": -1.2907037678386728, "log10_lambda": -4.189588427242056, "log10_min_child_weight": 4.456213074454571, "log10_subsample": -0.31999718702745406, "max_depth": 9.0, "num_boost_round": 6.0}, "datetime": {"datetime": "2024-01-19 00:41:40", "elapsed": 1799.853729, "delta": 0.002785}}
{"target": -13.759471400739045, "params": {"gamma": 717.1697938835912, "log10_alpha": -4.340033286419281, "log10_colsample_bytree": -0.2464906843067659, "log10_eta": -1.2907037678386728, "log10_lambda": -4.189588427242056, "log10_min_child_weight": 4.456213074454571, "log10_subsample": -0.31999718702745406, "max_depth": 9.0, "num_boost_round": 7.0}, "datetime": {"datetime": "2024-01-19 00:41:40", "elapsed": 1799.855761, "delta": 0.002032}}
{"target": -13.7605489167559, "params": {"gamma": 717.1697938835912, "log10_alpha": -4.340033286419281, "log10_colsample_bytree": -0.2464906843067659, "log10_eta": -1.2907037678386728, "log10_lambda": -4.189588427242056, "log10_min_child_weight": 4.456213074454571, "log10_subsample": -0.31999718702745406, "max_depth": 9.0, "num_boost_round": 8.0}, "datetime": {"datetime": "2024-01-19 00:41:40", "elapsed": 1799.857824, "delta": 0.002063}}
{"target": -13.761302825335834, "params": {"gamma": 717.1697938835912, "log10_alpha": -4.340033286419281, "log10_colsample_bytree": -0.2464906843067659, "log10_eta": -1.2907037678386728, "log10_lambda": -4.189588427242056, "log10_min_child_weight": 4.456213074454571, "log10_subsample": -0.31999718702745406, "max_depth": 9.0, "num_boost_round": 9.0}, "datetime": {"datetime": "2024-01-19 00:41:40", "elapsed": 1799.859909, "delta": 0.002085}}
{"target": -13.761300731186456, "params": {"gamma": 717.1697938835912, "log10_alpha": -4.340033286419281, "log10_colsample_bytree": -0.2464906843067659, "log10_eta": -1.2907037678386728, "log10_lambda": -4.189588427242056, "log10_min_child_weight": 4.456213074454571, "log10_subsample": -0.31999718702745406, "max_depth": 9.0, "num_boost_round": 10.0}, "datetime": {"datetime": "2024-01-19 00:41:40", "elapsed": 1799.861985, "delta": 0.002076}}
{"target": -13.761392102514446, "params": {"gamma": 717.1697938835912, "log10_alpha": -4.340033286419281, "log10_colsample_bytree": -0.2464906843067659, "log10_eta": -1.2907037678386728, "log10_lambda": -4.189588427242056, "log10_min_child_weight": 4.456213074454571, "log10_subsample": -0.31999718702745406, "max_depth": 9.0, "num_boost_round": 11.0}, "datetime": {"datetime": "2024-01-19 00:41:40", "elapsed": 1799.864012, "delta": 0.002027}}
{"target": -13.762890978226894, "params": {"gamma": 717.1697938835912, "log10_alpha": -4.340033286419281, "log10_colsample_bytree": -0.2464906843067659, "log10_eta": -1.2907037678386728, "log10_lambda": -4.189588427242056, "log10_min_child_weight": 4.456213074454571, "log10_subsample": -0.31999718702745406, "max_depth": 9.0, "num_boost_round": 12.0}, "datetime": {"datetime": "2024-01-19 00:41:40", "elapsed": 1799.866039, "delta": 0.002027}}
{"target": -13.763603265715286, "params": {"gamma": 717.1697938835912, "log10_alpha": -4.340033286419281, "log10_colsample_bytree": -0.2464906843067659, "log10_eta": -1.2907037678386728, "log10_lambda": -4.189588427242056, "log10_min_child_weight": 4.456213074454571, "log10_subsample": -0.31999718702745406, "max_depth": 9.0, "num_boost_round": 13.0}, "datetime": {"datetime": "2024-01-19 00:41:40", "elapsed": 1799.868194, "delta": 0.002155}}
{"target": -13.76388544532138, "params": {"gamma": 717.1697938835912, "log10_alpha": -4.340033286419281, "log10_colsample_bytree": -0.2464906843067659, "log10_eta": -1.2907037678386728, "log10_lambda": -4.189588427242056, "log10_min_child_weight": 4.456213074454571, "log10_subsample": -0.31999718702745406, "max_depth": 9.0, "num_boost_round": 14.0}, "datetime": {"datetime": "2024-01-19 00:41:40", "elapsed": 1799.870211, "delta": 0.002017}}
{"target": -13.764325894184722, "params": {"gamma": 717.1697938835912, "log10_alpha": -4.340033286419281, "log10_colsample_bytree": -0.2464906843067659, "log10_eta": -1.2907037678386728, "log10_lambda": -4.189588427242056, "log10_min_child_weight": 4.456213074454571, "log10_subsample": -0.31999718702745406, "max_depth": 9.0, "num_boost_round": 15.0}, "datetime": {"datetime": "2024-01-19 00:41:40", "elapsed": 1799.872599, "delta": 0.002388}}
{"target": -13.764346357301534, "params": {"gamma": 717.1697938835912, "log10_alpha": -4.340033286419281, "log10_colsample_bytree": -0.2464906843067659, "log10_eta": -1.2907037678386728, "log10_lambda": -4.189588427242056, "log10_min_child_weight": 4.456213074454571, "log10_subsample": -0.31999718702745406, "max_depth": 9.0, "num_boost_round": 16.0}, "datetime": {"datetime": "2024-01-19 00:41:40", "elapsed": 1799.875048, "delta": 0.002449}}
{"target": -13.764650003971726, "params": {"gamma": 717.1697938835912, "log10_alpha": -4.340033286419281, "log10_colsample_bytree": -0.2464906843067659, "log10_eta": -1.2907037678386728, "log10_lambda": -4.189588427242056, "log10_min_child_weight": 4.456213074454571, "log10_subsample": -0.31999718702745406, "max_depth": 9.0, "num_boost_round": 17.0}, "datetime": {"datetime": "2024-01-19 00:41:40", "elapsed": 1799.877105, "delta": 0.002057}}
{"target": -13.765172917220108, "params": {"gamma": 717.1697938835912, "log10_alpha": -4.340033286419281, "log10_colsample_bytree": -0.2464906843067659, "log10_eta": -1.2907037678386728, "log10_lambda": -4.189588427242056, "log10_min_child_weight": 4.456213074454571, "log10_subsample": -0.31999718702745406, "max_depth": 9.0, "num_boost_round": 18.0}, "datetime": {"datetime": "2024-01-19 00:41:40", "elapsed": 1799.879118, "delta": 0.002013}}
{"target": -13.765254475300507, "params": {"gamma": 717.1697938835912, "log10_alpha": -4.340033286419281, "log10_colsample_bytree": -0.2464906843067659, "log10_eta": -1.2907037678386728, "log10_lambda": -4.189588427242056, "log10_min_child_weight": 4.456213074454571, "log10_subsample": -0.31999718702745406, "max_depth": 9.0, "num_boost_round": 19.0}, "datetime": {"datetime": "2024-01-19 00:41:40", "elapsed": 1799.88116, "delta": 0.002042}}
{"target": -13.765946074475753, "params": {"gamma": 717.1697938835912, "log10_alpha": -4.340033286419281, "log10_colsample_bytree": -0.2464906843067659, "log10_eta": -1.2907037678386728, "log10_lambda": -4.189588427242056, "log10_min_child_weight": 4.456213074454571, "log10_subsample": -0.31999718702745406, "max_depth": 9.0, "num_boost_round": 20.0}, "datetime": {"datetime": "2024-01-19 00:41:40", "elapsed": 1799.883323, "delta": 0.002163}}
{"target": -13.766314803412431, "params": {"gamma": 717.1697938835912, "log10_alpha": -4.340033286419281, "log10_colsample_bytree": -0.2464906843067659, "log10_eta": -1.2907037678386728, "log10_lambda": -4.189588427242056, "log10_min_child_weight": 4.456213074454571, "log10_subsample": -0.31999718702745406, "max_depth": 9.0, "num_boost_round": 21.0}, "datetime": {"datetime": "2024-01-19 00:41:40", "elapsed": 1799.885459, "delta": 0.002136}}
{"target": -13.767278647172942, "params": {"gamma": 717.1697938835912, "log10_alpha": -4.340033286419281, "log10_colsample_bytree": -0.2464906843067659, "log10_eta": -1.2907037678386728, "log10_lambda": -4.189588427242056, "log10_min_child_weight": 4.456213074454571, "log10_subsample": -0.31999718702745406, "max_depth": 9.0, "num_boost_round": 22.0}, "datetime": {"datetime": "2024-01-19 00:41:40", "elapsed": 1799.887535, "delta": 0.002076}}
{"target": -13.767350222370657, "params": {"gamma": 717.1697938835912, "log10_alpha": -4.340033286419281, "log10_colsample_bytree": -0.2464906843067659, "log10_eta": -1.2907037678386728, "log10_lambda": -4.189588427242056, "log10_min_child_weight": 4.456213074454571, "log10_subsample": -0.31999718702745406, "max_depth": 9.0, "num_boost_round": 23.0}, "datetime": {"datetime": "2024-01-19 00:41:40", "elapsed": 1799.889557, "delta": 0.002022}}
{"target": -13.767692835482766, "params": {"gamma": 717.1697938835912, "log10_alpha": -4.340033286419281, "log10_colsample_bytree": -0.2464906843067659, "log10_eta": -1.2907037678386728, "log10_lambda": -4.189588427242056, "log10_min_child_weight": 4.456213074454571, "log10_subsample": -0.31999718702745406, "max_depth": 9.0, "num_boost_round": 24.0}, "datetime": {"datetime": "2024-01-19 00:41:40", "elapsed": 1799.891598, "delta": 0.002041}}
{"target": -13.768387513116268, "params": {"gamma": 717.1697938835912, "log10_alpha": -4.340033286419281, "log10_colsample_bytree": -0.2464906843067659, "log10_eta": -1.2907037678386728, "log10_lambda": -4.189588427242056, "log10_min_child_weight": 4.456213074454571, "log10_subsample": -0.31999718702745406, "max_depth": 9.0, "num_boost_round": 25.0}, "datetime": {"datetime": "2024-01-19 00:41:40", "elapsed": 1799.893728, "delta": 0.00213}}
{"target": -13.769228213212083, "params": {"gamma": 717.1697938835912, "log10_alpha": -4.340033286419281, "log10_colsample_bytree": -0.2464906843067659, "log10_eta": -1.2907037678386728, "log10_lambda": -4.189588427242056, "log10_min_child_weight": 4.456213074454571, "log10_subsample": -0.31999718702745406, "max_depth": 9.0, "num_boost_round": 26.0}, "datetime": {"datetime": "2024-01-19 00:41:40", "elapsed": 1799.895736, "delta": 0.002008}}
{"target": -13.769585315626214, "params": {"gamma": 717.1697938835912, "log10_alpha": -4.340033286419281, "log10_colsample_bytree": -0.2464906843067659, "log10_eta": -1.2907037678386728, "log10_lambda": -4.189588427242056, "log10_min_child_weight": 4.456213074454571, "log10_subsample": -0.31999718702745406, "max_depth": 9.0, "num_boost_round": 27.0}, "datetime": {"datetime": "2024-01-19 00:41:40", "elapsed": 1799.897781, "delta": 0.002045}}
{"target": -13.769927604901245, "params": {"gamma": 717.1697938835912, "log10_alpha": -4.340033286419281, "log10_colsample_bytree": -0.2464906843067659, "log10_eta": -1.2907037678386728, "log10_lambda": -4.189588427242056, "log10_min_child_weight": 4.456213074454571, "log10_subsample": -0.31999718702745406, "max_depth": 9.0, "num_boost_round": 28.0}, "datetime": {"datetime": "2024-01-19 00:41:40", "elapsed": 1799.899822, "delta": 0.002041}}
{"target": -13.770987227529893, "params": {"gamma": 717.1697938835912, "log10_alpha": -4.340033286419281, "log10_colsample_bytree": -0.2464906843067659, "log10_eta": -1.2907037678386728, "log10_lambda": -4.189588427242056, "log10_min_child_weight": 4.456213074454571, "log10_subsample": -0.31999718702745406, "max_depth": 9.0, "num_boost_round": 29.0}, "datetime": {"datetime": "2024-01-19 00:41:40", "elapsed": 1799.901844, "delta": 0.002022}}
{"target": -13.77194196461241, "params": {"gamma": 717.1697938835912, "log10_alpha": -4.340033286419281, "log10_colsample_bytree": -0.2464906843067659, "log10_eta": -1.2907037678386728, "log10_lambda": -4.189588427242056, "log10_min_child_weight": 4.456213074454571, "log10_subsample": -0.31999718702745406, "max_depth": 9.0, "num_boost_round": 30.0}, "datetime": {"datetime": "2024-01-19 00:41:40", "elapsed": 1799.903897, "delta": 0.002053}}
{"target": -13.77249897713245, "params": {"gamma": 717.1697938835912, "log10_alpha": -4.340033286419281, "log10_colsample_bytree": -0.2464906843067659, "log10_eta": -1.2907037678386728, "log10_lambda": -4.189588427242056, "log10_min_child_weight": 4.456213074454571, "log10_subsample": -0.31999718702745406, "max_depth": 9.0, "num_boost_round": 31.0}, "datetime": {"datetime": "2024-01-19 00:41:40", "elapsed": 1799.905949, "delta": 0.002052}}
{"target": -13.772825191515274, "params": {"gamma": 717.1697938835912, "log10_alpha": -4.340033286419281, "log10_colsample_bytree": -0.2464906843067659, "log10_eta": -1.2907037678386728, "log10_lambda": -4.189588427242056, "log10_min_child_weight": 4.456213074454571, "log10_subsample": -0.31999718702745406, "max_depth": 9.0, "num_boost_round": 32.0}, "datetime": {"datetime": "2024-01-19 00:41:40", "elapsed": 1799.908069, "delta": 0.00212}}
{"target": -13.773612570851718, "params": {"gamma": 717.1697938835912, "log10_alpha": -4.340033286419281, "log10_colsample_bytree": -0.2464906843067659, "log10_eta": -1.2907037678386728, "log10_lambda": -4.189588427242056, "log10_min_child_weight": 4.456213074454571, "log10_subsample": -0.31999718702745406, "max_depth": 9.0, "num_boost_round": 33.0}, "datetime": {"datetime": "2024-01-19 00:41:40", "elapsed": 1799.91013, "delta": 0.002061}}
{"target": -13.774532564732665, "params": {"gamma": 717.1697938835912, "log10_alpha": -4.340033286419281, "log10_colsample_bytree": -0.2464906843067659, "log10_eta": -1.2907037678386728, "log10_lambda": -4.189588427242056, "log10_min_child_weight": 4.456213074454571, "log10_subsample": -0.31999718702745406, "max_depth": 9.0, "num_boost_round": 34.0}, "datetime": {"datetime": "2024-01-19 00:41:40", "elapsed": 1799.912179, "delta": 0.002049}}
{"target": -13.775253501214236, "params": {"gamma": 717.1697938835912, "log10_alpha": -4.340033286419281, "log10_colsample_bytree": -0.2464906843067659, "log10_eta": -1.2907037678386728, "log10_lambda": -4.189588427242056, "log10_min_child_weight": 4.456213074454571, "log10_subsample": -0.31999718702745406, "max_depth": 9.0, "num_boost_round": 35.0}, "datetime": {"datetime": "2024-01-19 00:41:40", "elapsed": 1799.914306, "delta": 0.002127}}
{"target": -13.776185909771522, "params": {"gamma": 717.1697938835912, "log10_alpha": -4.340033286419281, "log10_colsample_bytree": -0.2464906843067659, "log10_eta": -1.2907037678386728, "log10_lambda": -4.189588427242056, "log10_min_child_weight": 4.456213074454571, "log10_subsample": -0.31999718702745406, "max_depth": 9.0, "num_boost_round": 36.0}, "datetime": {"datetime": "2024-01-19 00:41:40", "elapsed": 1799.916377, "delta": 0.002071}}
{"target": -13.777021901772102, "params": {"gamma": 717.1697938835912, "log10_alpha": -4.340033286419281, "log10_colsample_bytree": -0.2464906843067659, "log10_eta": -1.2907037678386728, "log10_lambda": -4.189588427242056, "log10_min_child_weight": 4.456213074454571, "log10_subsample": -0.31999718702745406, "max_depth": 9.0, "num_boost_round": 37.0}, "datetime": {"datetime": "2024-01-19 00:41:40", "elapsed": 1799.918432, "delta": 0.002055}}
{"target": -13.777774238270178, "params": {"gamma": 717.1697938835912, "log10_alpha": -4.340033286419281, "log10_colsample_bytree": -0.2464906843067659, "log10_eta": -1.2907037678386728, "log10_lambda": -4.189588427242056, "log10_min_child_weight": 4.456213074454571, "log10_subsample": -0.31999718702745406, "max_depth": 9.0, "num_boost_round": 38.0}, "datetime": {"datetime": "2024-01-19 00:41:40", "elapsed": 1799.920481, "delta": 0.002049}}
{"target": -13.777849863590848, "params": {"gamma": 717.1697938835912, "log10_alpha": -4.340033286419281, "log10_colsample_bytree": -0.2464906843067659, "log10_eta": -1.2907037678386728, "log10_lambda": -4.189588427242056, "log10_min_child_weight": 4.456213074454571, "log10_subsample": -0.31999718702745406, "max_depth": 9.0, "num_boost_round": 39.0}, "datetime": {"datetime": "2024-01-19 00:41:40", "elapsed": 1799.922595, "delta": 0.002114}}
{"target": -13.7783444150409, "params": {"gamma": 717.1697938835912, "log10_alpha": -4.340033286419281, "log10_colsample_bytree": -0.2464906843067659, "log10_eta": -1.2907037678386728, "log10_lambda": -4.189588427242056, "log10_min_child_weight": 4.456213074454571, "log10_subsample": -0.31999718702745406, "max_depth": 9.0, "num_boost_round": 40.0}, "datetime": {"datetime": "2024-01-19 00:41:40", "elapsed": 1799.924638, "delta": 0.002043}}
{"target": -13.778780492452627, "params": {"gamma": 717.1697938835912, "log10_alpha": -4.340033286419281, "log10_colsample_bytree": -0.2464906843067659, "log10_eta": -1.2907037678386728, "log10_lambda": -4.189588427242056, "log10_min_child_weight": 4.456213074454571, "log10_subsample": -0.31999718702745406, "max_depth": 9.0, "num_boost_round": 41.0}, "datetime": {"datetime": "2024-01-19 00:41:40", "elapsed": 1799.926738, "delta": 0.0021}}
{"target": -13.77932598696793, "params": {"gamma": 717.1697938835912, "log10_alpha": -4.340033286419281, "log10_colsample_bytree": -0.2464906843067659, "log10_eta": -1.2907037678386728, "log10_lambda": -4.189588427242056, "log10_min_child_weight": 4.456213074454571, "log10_subsample": -0.31999718702745406, "max_depth": 9.0, "num_boost_round": 42.0}, "datetime": {"datetime": "2024-01-19 00:41:40", "elapsed": 1799.928797, "delta": 0.002059}}
{"target": -13.779669312357857, "params": {"gamma": 717.1697938835912, "log10_alpha": -4.340033286419281, "log10_colsample_bytree": -0.2464906843067659, "log10_eta": -1.2907037678386728, "log10_lambda": -4.189588427242056, "log10_min_child_weight": 4.456213074454571, "log10_subsample": -0.31999718702745406, "max_depth": 9.0, "num_boost_round": 43.0}, "datetime": {"datetime": "2024-01-19 00:41:40", "elapsed": 1799.930868, "delta": 0.002071}}
{"target": -13.780709724319284, "params": {"gamma": 717.1697938835912, "log10_alpha": -4.340033286419281, "log10_colsample_bytree": -0.2464906843067659, "log10_eta": -1.2907037678386728, "log10_lambda": -4.189588427242056, "log10_min_child_weight": 4.456213074454571, "log10_subsample": -0.31999718702745406, "max_depth": 9.0, "num_boost_round": 44.0}, "datetime": {"datetime": "2024-01-19 00:41:40", "elapsed": 1799.933131, "delta": 0.002263}}
{"target": -13.780826485292835, "params": {"gamma": 717.1697938835912, "log10_alpha": -4.340033286419281, "log10_colsample_bytree": -0.2464906843067659, "log10_eta": -1.2907037678386728, "log10_lambda": -4.189588427242056, "log10_min_child_weight": 4.456213074454571, "log10_subsample": -0.31999718702745406, "max_depth": 9.0, "num_boost_round": 45.0}, "datetime": {"datetime": "2024-01-19 00:41:40", "elapsed": 1799.935314, "delta": 0.002183}}
{"target": -13.781588503755344, "params": {"gamma": 717.1697938835912, "log10_alpha": -4.340033286419281, "log10_colsample_bytree": -0.2464906843067659, "log10_eta": -1.2907037678386728, "log10_lambda": -4.189588427242056, "log10_min_child_weight": 4.456213074454571, "log10_subsample": -0.31999718702745406, "max_depth": 9.0, "num_boost_round": 46.0}, "datetime": {"datetime": "2024-01-19 00:41:40", "elapsed": 1799.937552, "delta": 0.002238}}
