{"target": -17.67674377292766, "params": {"gamma": 428.1911457547972, "log10_alpha": -3.264286574729436, "log10_colsample_bytree": -0.8995972073224411, "log10_eta": -2.7345669229903073, "log10_lambda": -0.5604128189174418, "log10_min_child_weight": 2.782668109269962, "log10_subsample": -0.199847173119596, "max_depth": 5.0, "num_boost_round": 9.0}, "datetime": {"datetime": "2024-01-19 00:40:53", "elapsed": 1757.61161, "delta": 0.001675}}
{"target": -17.676649040602356, "params": {"gamma": 428.1911457547972, "log10_alpha": -3.264286574729436, "log10_colsample_bytree": -0.8995972073224411, "log10_eta": -2.7345669229903073, "log10_lambda": -0.5604128189174418, "log10_min_child_weight": 2.782668109269962, "log10_subsample": -0.199847173119596, "max_depth": 5.0, "num_boost_round": 10.0}, "datetime": {"datetime": "2024-01-19 00:40:53", "elapsed": 1757.613282, "delta": 0.001672}}
{"target": -17.676584090521644, "params": {"gamma": 428.1911457547972, "log10_alpha": -3.264286574729436, "log10_colsample_bytree": -0.8995972073224411, "log10_eta": -2.7345669229903073, "log10_lambda": -0.5604128189174418, "log10_min_child_weight": 2.782668109269962, "log10_subsample": -0.199847173119596, "max_depth": 5.0, "num_boost_round": 11.0}, "datetime": {"datetime": "2024-01-19 00:40:53", "elapsed": 1757.615088, "delta": 0.001806}}
{"target": -17.676530693041556, "params": {"gamma": 428.1911457547972, "log10_alpha": -3.264286574729436, "log10_colsample_bytree": -0.8995972073224411, "log10_eta": -2.7345669229903073, "log10_lambda": -0.5604128189174418, "log10_min_child_weight": 2.782668109269962, "log10_subsample": -0.199847173119596, "max_depth": 5.0, "num_boost_round": 12.0}, "datetime": {"datetime": "2024-01-19 00:40:53", "elapsed": 1757.616763, "delta": 0.001675}}
{"target": -17.676412014479432, "params": {"gamma": 428.1911457547972, "log10_alpha": -3.264286574729436, "log10_colsample_bytree": -0.8995972073224411, "log10_eta": -2.7345669229903073, "log10_lambda": -0.5604128189174418, "log10_min_child_weight": 2.782668109269962, "log10_subsample": -0.199847173119596, "max_depth": 5.0, "num_boost_round": 13.0}, "datetime": {"datetime": "2024-01-19 00:40:53", "elapsed": 1757.618447, "delta": 0.001684}}
{"target": -17.676383597718498, "params": {"gamma": 428.1911457547972, "log10_alpha": -3.264286574729436, "log10_colsample_bytree": -0.8995972073224411, "log10_eta": -2.7345669229903073, "log10_lambda": -0.5604128189174418, "log10_min_child_weight": 2.782668109269962, "log10_subsample": -0.199847173119596, "max_depth": 5.0, "num_boost_round": 14.0}, "datetime": {"datetime": "2024-01-19 00:40:53", "elapsed": 1757.623886, "delta": 0.005439}}
{"target": -17.676297845018553, "params": {"gamma": 428.1911457547972, "log10_alpha": -3.264286574729436, "log10_colsample_bytree": -0.8995972073224411, "log10_eta": -2.7345669229903073, "log10_lambda": -0.5604128189174418, "log10_min_child_weight": 2.782668109269962, "log10_subsample": -0.199847173119596, "max_depth": 5.0, "num_boost_round": 15.0}, "datetime": {"datetime": "2024-01-19 00:40:53", "elapsed": 1757.625594, "delta": 0.001708}}
{"target": -17.676263575928633, "params": {"gamma": 428.1911457547972, "log10_alpha": -3.264286574729436, "log10_colsample_bytree": -0.8995972073224411, "log10_eta": -2.7345669229903073, "log10_lambda": -0.5604128189174418, "log10_min_child_weight": 2.782668109269962, "log10_subsample": -0.199847173119596, "max_depth": 5.0, "num_boost_round": 16.0}, "datetime": {"datetime": "2024-01-19 00:40:53", "elapsed": 1757.627269, "delta": 0.001675}}
{"target": -17.677211146498312, "params": {"gamma": 426.19220594746344, "log10_alpha": -1.4058264013882047, "log10_colsample_bytree": -0.41207040035541265, "log10_eta": -3.3476362202565895, "log10_lambda": -0.3124195759246229, "log10_min_child_weight": 0.7321136974184889, "log10_subsample": -0.5515198970394819, "max_depth": 5.0, "num_boost_round": 0.0}, "datetime": {"datetime": "2024-01-19 00:41:20", "elapsed": 1785.503202, "delta": 27.875933}}
{"target": -17.6771762488562, "params": {"gamma": 426.19220594746344, "log10_alpha": -1.4058264013882047, "log10_colsample_bytree": -0.41207040035541265, "log10_eta": -3.3476362202565895, "log10_lambda": -0.3124195759246229, "log10_min_child_weight": 0.7321136974184889, "log10_subsample": -0.5515198970394819, "max_depth": 5.0, "num_boost_round": 1.0}, "datetime": {"datetime": "2024-01-19 00:41:20", "elapsed": 1785.505323, "delta": 0.002121}}
{"target": -17.677150849484907, "params": {"gamma": 426.19220594746344, "log10_alpha": -1.4058264013882047, "log10_colsample_bytree": -0.41207040035541265, "log10_eta": -3.3476362202565895, "log10_lambda": -0.3124195759246229, "log10_min_child_weight": 0.7321136974184889, "log10_subsample": -0.5515198970394819, "max_depth": 5.0, "num_boost_round": 2.0}, "datetime": {"datetime": "2024-01-19 00:41:20", "elapsed": 1785.507844, "delta": 0.002521}}
{"target": -17.677142309669698, "params": {"gamma": 426.19220594746344, "log10_alpha": -1.4058264013882047, "log10_colsample_bytree": -0.41207040035541265, "log10_eta": -3.3476362202565895, "log10_lambda": -0.3124195759246229, "log10_min_child_weight": 0.7321136974184889, "log10_subsample": -0.5515198970394819, "max_depth": 5.0, "num_boost_round": 3.0}, "datetime": {"datetime": "2024-01-19 00:41:20", "elapsed": 1785.509556, "delta": 0.001712}}
{"target": -17.677118281638993, "params": {"gamma": 426.19220594746344, "log10_alpha": -1.4058264013882047, "log10_colsample_bytree": -0.41207040035541265, "log10_eta": -3.3476362202565895, "log10_lambda": -0.3124195759246229, "log10_min_child_weight": 0.7321136974184889, "log10_subsample": -0.5515198970394819, "max_depth": 5.0, "num_boost_round": 4.0}, "datetime": {"datetime": "2024-01-19 00:41:21", "elapsed": 1785.511466, "delta": 0.00191}}
{"target": -17.677095175163267, "params": {"gamma": 426.19220594746344, "log10_alpha": -1.4058264013882047, "log10_colsample_bytree": -0.41207040035541265, "log10_eta": -3.3476362202565895, "log10_lambda": -0.3124195759246229, "log10_min_child_weight": 0.7321136974184889, "log10_subsample": -0.5515198970394819, "max_depth": 5.0, "num_boost_round": 5.0}, "datetime": {"datetime": "2024-01-19 00:41:21", "elapsed": 1785.513235, "delta": 0.001769}}
{"target": -17.677082918390916, "params": {"gamma": 426.19220594746344, "log10_alpha": -1.4058264013882047, "log10_colsample_bytree": -0.41207040035541265, "log10_eta": -3.3476362202565895, "log10_lambda": -0.3124195759246229, "log10_min_child_weight": 0.7321136974184889, "log10_subsample": -0.5515198970394819, "max_depth": 5.0, "num_boost_round": 6.0}, "datetime": {"datetime": "2024-01-19 00:41:21", "elapsed": 1785.515064, "delta": 0.001829}}
{"target": -17.677072561421177, "params": {"gamma": 426.19220594746344, "log10_alpha": -1.4058264013882047, "log10_colsample_bytree": -0.41207040035541265, "log10_eta": -3.3476362202565895, "log10_lambda": -0.3124195759246229, "log10_min_child_weight": 0.7321136974184889, "log10_subsample": -0.5515198970394819, "max_depth": 5.0, "num_boost_round": 7.0}, "datetime": {"datetime": "2024-01-19 00:41:21", "elapsed": 1785.516755, "delta": 0.001691}}
{"target": -17.6770645162711, "params": {"gamma": 426.19220594746344, "log10_alpha": -1.4058264013882047, "log10_colsample_bytree": -0.41207040035541265, "log10_eta": -3.3476362202565895, "log10_lambda": -0.3124195759246229, "log10_min_child_weight": 0.7321136974184889, "log10_subsample": -0.5515198970394819, "max_depth": 5.0, "num_boost_round": 8.0}, "datetime": {"datetime": "2024-01-19 00:41:21", "elapsed": 1785.518482, "delta": 0.001727}}
{"target": -17.677018282230968, "params": {"gamma": 426.19220594746344, "log10_alpha": -1.4058264013882047, "log10_colsample_bytree": -0.41207040035541265, "log10_eta": -3.3476362202565895, "log10_lambda": -0.3124195759246229, "log10_min_child_weight": 0.7321136974184889, "log10_subsample": -0.5515198970394819, "max_depth": 5.0, "num_boost_round": 9.0}, "datetime": {"datetime": "2024-01-19 00:41:21", "elapsed": 1785.520204, "delta": 0.001722}}
{"target": -17.67698892637397, "params": {"gamma": 426.19220594746344, "log10_alpha": -1.4058264013882047, "log10_colsample_bytree": -0.41207040035541265, "log10_eta": -3.3476362202565895, "log10_lambda": -0.3124195759246229, "log10_min_child_weight": 0.7321136974184889, "log10_subsample": -0.5515198970394819, "max_depth": 5.0, "num_boost_round": 10.0}, "datetime": {"datetime": "2024-01-19 00:41:21", "elapsed": 1785.521896, "delta": 0.001692}}
{"target": -17.676959326707518, "params": {"gamma": 426.19220594746344, "log10_alpha": -1.4058264013882047, "log10_colsample_bytree": -0.41207040035541265, "log10_eta": -3.3476362202565895, "log10_lambda": -0.3124195759246229, "log10_min_child_weight": 0.7321136974184889, "log10_subsample": -0.5515198970394819, "max_depth": 5.0, "num_boost_round": 11.0}, "datetime": {"datetime": "2024-01-19 00:41:21", "elapsed": 1785.523591, "delta": 0.001695}}
{"target": -17.676929648557635, "params": {"gamma": 426.19220594746344, "log10_alpha": -1.4058264013882047, "log10_colsample_bytree": -0.41207040035541265, "log10_eta": -3.3476362202565895, "log10_lambda": -0.3124195759246229, "log10_min_child_weight": 0.7321136974184889, "log10_subsample": -0.5515198970394819, "max_depth": 5.0, "num_boost_round": 12.0}, "datetime": {"datetime": "2024-01-19 00:41:21", "elapsed": 1785.525291, "delta": 0.0017}}
{"target": -17.67691024243785, "params": {"gamma": 426.19220594746344, "log10_alpha": -1.4058264013882047, "log10_colsample_bytree": -0.41207040035541265, "log10_eta": -3.3476362202565895, "log10_lambda": -0.3124195759246229, "log10_min_child_weight": 0.7321136974184889, "log10_subsample": -0.5515198970394819, "max_depth": 5.0, "num_boost_round": 13.0}, "datetime": {"datetime": "2024-01-19 00:41:21", "elapsed": 1785.527005, "delta": 0.001714}}
{"target": -17.676898395058632, "params": {"gamma": 426.19220594746344, "log10_alpha": -1.4058264013882047, "log10_colsample_bytree": -0.41207040035541265, "log10_eta": -3.3476362202565895, "log10_lambda": -0.3124195759246229, "log10_min_child_weight": 0.7321136974184889, "log10_subsample": -0.5515198970394819, "max_depth": 5.0, "num_boost_round": 14.0}, "datetime": {"datetime": "2024-01-19 00:41:21", "elapsed": 1785.528705, "delta": 0.0017}}
{"target": -17.676891064904435, "params": {"gamma": 426.19220594746344, "log10_alpha": -1.4058264013882047, "log10_colsample_bytree": -0.41207040035541265, "log10_eta": -3.3476362202565895, "log10_lambda": -0.3124195759246229, "log10_min_child_weight": 0.7321136974184889, "log10_subsample": -0.5515198970394819, "max_depth": 5.0, "num_boost_round": 15.0}, "datetime": {"datetime": "2024-01-19 00:41:21", "elapsed": 1785.530456, "delta": 0.001751}}
{"target": -17.676881545715442, "params": {"gamma": 426.19220594746344, "log10_alpha": -1.4058264013882047, "log10_colsample_bytree": -0.41207040035541265, "log10_eta": -3.3476362202565895, "log10_lambda": -0.3124195759246229, "log10_min_child_weight": 0.7321136974184889, "log10_subsample": -0.5515198970394819, "max_depth": 5.0, "num_boost_round": 16.0}, "datetime": {"datetime": "2024-01-19 00:41:21", "elapsed": 1785.532153, "delta": 0.001697}}
{"target": -17.67689390267666, "params": {"gamma": 426.19220594746344, "log10_alpha": -1.4058264013882047, "log10_colsample_bytree": -0.41207040035541265, "log10_eta": -3.3476362202565895, "log10_lambda": -0.3124195759246229, "log10_min_child_weight": 0.7321136974184889, "log10_subsample": -0.5515198970394819, "max_depth": 5.0, "num_boost_round": 17.0}, "datetime": {"datetime": "2024-01-19 00:41:21", "elapsed": 1785.533984, "delta": 0.001831}}
{"target": -17.67688769911938, "params": {"gamma": 426.19220594746344, "log10_alpha": -1.4058264013882047, "log10_colsample_bytree": -0.41207040035541265, "log10_eta": -3.3476362202565895, "log10_lambda": -0.3124195759246229, "log10_min_child_weight": 0.7321136974184889, "log10_subsample": -0.5515198970394819, "max_depth": 5.0, "num_boost_round": 18.0}, "datetime": {"datetime": "2024-01-19 00:41:21", "elapsed": 1785.535703, "delta": 0.001719}}
{"target": -17.677228712477866, "params": {"gamma": 427.66166490927816, "log10_alpha": -1.5273332085096518, "log10_colsample_bytree": -0.698356227869572, "log10_eta": -3.9897789024775956, "log10_lambda": -0.6376894624735083, "log10_min_child_weight": 3.2111839322005635, "log10_subsample": -0.325748668347871, "max_depth": 6.0, "num_boost_round": 0.0}, "datetime": {"datetime": "2024-01-19 00:41:51", "elapsed": 1815.540456, "delta": 30.004753}}
{"target": -17.67722560641503, "params": {"gamma": 427.66166490927816, "log10_alpha": -1.5273332085096518, "log10_colsample_bytree": -0.698356227869572, "log10_eta": -3.9897789024775956, "log10_lambda": -0.6376894624735083, "log10_min_child_weight": 3.2111839322005635, "log10_subsample": -0.325748668347871, "max_depth": 6.0, "num_boost_round": 1.0}, "datetime": {"datetime": "2024-01-19 00:41:51", "elapsed": 1815.542798, "delta": 0.002342}}
{"target": -17.67722071673422, "params": {"gamma": 427.66166490927816, "log10_alpha": -1.5273332085096518, "log10_colsample_bytree": -0.698356227869572, "log10_eta": -3.9897789024775956, "log10_lambda": -0.6376894624735083, "log10_min_child_weight": 3.2111839322005635, "log10_subsample": -0.325748668347871, "max_depth": 6.0, "num_boost_round": 2.0}, "datetime": {"datetime": "2024-01-19 00:41:51", "elapsed": 1815.545102, "delta": 0.002304}}
{"target": -17.67722217345368, "params": {"gamma": 427.66166490927816, "log10_alpha": -1.5273332085096518, "log10_colsample_bytree": -0.698356227869572, "log10_eta": -3.9897789024775956, "log10_lambda": -0.6376894624735083, "log10_min_child_weight": 3.2111839322005635, "log10_subsample": -0.325748668347871, "max_depth": 6.0, "num_boost_round": 3.0}, "datetime": {"datetime": "2024-01-19 00:41:51", "elapsed": 1815.54683, "delta": 0.001728}}
{"target": -17.677217343027454, "params": {"gamma": 427.66166490927816, "log10_alpha": -1.5273332085096518, "log10_colsample_bytree": -0.698356227869572, "log10_eta": -3.9897789024775956, "log10_lambda": -0.6376894624735083, "log10_min_child_weight": 3.2111839322005635, "log10_subsample": -0.325748668347871, "max_depth": 6.0, "num_boost_round": 4.0}, "datetime": {"datetime": "2024-01-19 00:41:51", "elapsed": 1815.548541, "delta": 0.001711}}
{"target": -17.677218300568388, "params": {"gamma": 427.66166490927816, "log10_alpha": -1.5273332085096518, "log10_colsample_bytree": -0.698356227869572, "log10_eta": -3.9897789024775956, "log10_lambda": -0.6376894624735083, "log10_min_child_weight": 3.2111839322005635, "log10_subsample": -0.325748668347871, "max_depth": 6.0, "num_boost_round": 5.0}, "datetime": {"datetime": "2024-01-19 00:41:51", "elapsed": 1815.550377, "delta": 0.001836}}
{"target": -17.677216981638352, "params": {"gamma": 427.66166490927816, "log10_alpha": -1.5273332085096518, "log10_colsample_bytree": -0.698356227869572, "log10_eta": -3.9897789024775956, "log10_lambda": -0.6376894624735083, "log10_min_child_weight": 3.2111839322005635, "log10_subsample": -0.325748668347871, "max_depth": 6.0, "num_boost_round": 6.0}, "datetime": {"datetime": "2024-01-19 00:41:51", "elapsed": 1815.552111, "delta": 0.001734}}
{"target": -17.67721033219994, "params": {"gamma": 427.66166490927816, "log10_alpha": -1.5273332085096518, "log10_colsample_bytree": -0.698356227869572, "log10_eta": -3.9897789024775956, "log10_lambda": -0.6376894624735083, "log10_min_child_weight": 3.2111839322005635, "log10_subsample": -0.325748668347871, "max_depth": 6.0, "num_boost_round": 7.0}, "datetime": {"datetime": "2024-01-19 00:41:51", "elapsed": 1815.553937, "delta": 0.001826}}
{"target": -17.67720503705823, "params": {"gamma": 427.66166490927816, "log10_alpha": -1.5273332085096518, "log10_colsample_bytree": -0.698356227869572, "log10_eta": -3.9897789024775956, "log10_lambda": -0.6376894624735083, "log10_min_child_weight": 3.2111839322005635, "log10_subsample": -0.325748668347871, "max_depth": 6.0, "num_boost_round": 8.0}, "datetime": {"datetime": "2024-01-19 00:41:51", "elapsed": 1815.555658, "delta": 0.001721}}
{"target": -17.677203954929148, "params": {"gamma": 427.66166490927816, "log10_alpha": -1.5273332085096518, "log10_colsample_bytree": -0.698356227869572, "log10_eta": -3.9897789024775956, "log10_lambda": -0.6376894624735083, "log10_min_child_weight": 3.2111839322005635, "log10_subsample": -0.325748668347871, "max_depth": 6.0, "num_boost_round": 9.0}, "datetime": {"datetime": "2024-01-19 00:41:51", "elapsed": 1815.557401, "delta": 0.001743}}
{"target": -17.677198495580964, "params": {"gamma": 427.66166490927816, "log10_alpha": -1.5273332085096518, "log10_colsample_bytree": -0.698356227869572, "log10_eta": -3.9897789024775956, "log10_lambda": -0.6376894624735083, "log10_min_child_weight": 3.2111839322005635, "log10_subsample": -0.325748668347871, "max_depth": 6.0, "num_boost_round": 10.0}, "datetime": {"datetime": "2024-01-19 00:41:51", "elapsed": 1815.559123, "delta": 0.001722}}
{"target": -17.677198049843994, "params": {"gamma": 427.66166490927816, "log10_alpha": -1.5273332085096518, "log10_colsample_bytree": -0.698356227869572, "log10_eta": -3.9897789024775956, "log10_lambda": -0.6376894624735083, "log10_min_child_weight": 3.2111839322005635, "log10_subsample": -0.325748668347871, "max_depth": 6.0, "num_boost_round": 11.0}, "datetime": {"datetime": "2024-01-19 00:41:51", "elapsed": 1815.560846, "delta": 0.001723}}
{"target": -17.677196009501305, "params": {"gamma": 427.66166490927816, "log10_alpha": -1.5273332085096518, "log10_colsample_bytree": -0.698356227869572, "log10_eta": -3.9897789024775956, "log10_lambda": -0.6376894624735083, "log10_min_child_weight": 3.2111839322005635, "log10_subsample": -0.325748668347871, "max_depth": 6.0, "num_boost_round": 12.0}, "datetime": {"datetime": "2024-01-19 00:41:51", "elapsed": 1815.562582, "delta": 0.001736}}
{"target": -17.67719382661186, "params": {"gamma": 427.66166490927816, "log10_alpha": -1.5273332085096518, "log10_colsample_bytree": -0.698356227869572, "log10_eta": -3.9897789024775956, "log10_lambda": -0.6376894624735083, "log10_min_child_weight": 3.2111839322005635, "log10_subsample": -0.325748668347871, "max_depth": 6.0, "num_boost_round": 13.0}, "datetime": {"datetime": "2024-01-19 00:41:51", "elapsed": 1815.564315, "delta": 0.001733}}
{"target": -17.677191602957826, "params": {"gamma": 427.66166490927816, "log10_alpha": -1.5273332085096518, "log10_colsample_bytree": -0.698356227869572, "log10_eta": -3.9897789024775956, "log10_lambda": -0.6376894624735083, "log10_min_child_weight": 3.2111839322005635, "log10_subsample": -0.325748668347871, "max_depth": 6.0, "num_boost_round": 14.0}, "datetime": {"datetime": "2024-01-19 00:41:51", "elapsed": 1815.566046, "delta": 0.001731}}
{"target": -17.67718816170863, "params": {"gamma": 427.66166490927816, "log10_alpha": -1.5273332085096518, "log10_colsample_bytree": -0.698356227869572, "log10_eta": -3.9897789024775956, "log10_lambda": -0.6376894624735083, "log10_min_child_weight": 3.2111839322005635, "log10_subsample": -0.325748668347871, "max_depth": 6.0, "num_boost_round": 15.0}, "datetime": {"datetime": "2024-01-19 00:41:51", "elapsed": 1815.567768, "delta": 0.001722}}
{"target": -17.67718722378149, "params": {"gamma": 427.66166490927816, "log10_alpha": -1.5273332085096518, "log10_colsample_bytree": -0.698356227869572, "log10_eta": -3.9897789024775956, "log10_lambda": -0.6376894624735083, "log10_min_child_weight": 3.2111839322005635, "log10_subsample": -0.325748668347871, "max_depth": 6.0, "num_boost_round": 16.0}, "datetime": {"datetime": "2024-01-19 00:41:51", "elapsed": 1815.569488, "delta": 0.00172}}
{"target": -17.677185983774436, "params": {"gamma": 427.66166490927816, "log10_alpha": -1.5273332085096518, "log10_colsample_bytree": -0.698356227869572, "log10_eta": -3.9897789024775956, "log10_lambda": -0.6376894624735083, "log10_min_child_weight": 3.2111839322005635, "log10_subsample": -0.325748668347871, "max_depth": 6.0, "num_boost_round": 17.0}, "datetime": {"datetime": "2024-01-19 00:41:51", "elapsed": 1815.571298, "delta": 0.00181}}
{"target": -17.677185312893045, "params": {"gamma": 427.66166490927816, "log10_alpha": -1.5273332085096518, "log10_colsample_bytree": -0.698356227869572, "log10_eta": -3.9897789024775956, "log10_lambda": -0.6376894624735083, "log10_min_child_weight": 3.2111839322005635, "log10_subsample": -0.325748668347871, "max_depth": 6.0, "num_boost_round": 18.0}, "datetime": {"datetime": "2024-01-19 00:41:51", "elapsed": 1815.573022, "delta": 0.001724}}
{"target": -17.677182907015897, "params": {"gamma": 427.66166490927816, "log10_alpha": -1.5273332085096518, "log10_colsample_bytree": -0.698356227869572, "log10_eta": -3.9897789024775956, "log10_lambda": -0.6376894624735083, "log10_min_child_weight": 3.2111839322005635, "log10_subsample": -0.325748668347871, "max_depth": 6.0, "num_boost_round": 19.0}, "datetime": {"datetime": "2024-01-19 00:41:51", "elapsed": 1815.574998, "delta": 0.001976}}
{"target": -17.6771778997387, "params": {"gamma": 427.66166490927816, "log10_alpha": -1.5273332085096518, "log10_colsample_bytree": -0.698356227869572, "log10_eta": -3.9897789024775956, "log10_lambda": -0.6376894624735083, "log10_min_child_weight": 3.2111839322005635, "log10_subsample": -0.325748668347871, "max_depth": 6.0, "num_boost_round": 20.0}, "datetime": {"datetime": "2024-01-19 00:41:51", "elapsed": 1815.576884, "delta": 0.001886}}
{"target": -17.677173491901502, "params": {"gamma": 427.66166490927816, "log10_alpha": -1.5273332085096518, "log10_colsample_bytree": -0.698356227869572, "log10_eta": -3.9897789024775956, "log10_lambda": -0.6376894624735083, "log10_min_child_weight": 3.2111839322005635, "log10_subsample": -0.325748668347871, "max_depth": 6.0, "num_boost_round": 21.0}, "datetime": {"datetime": "2024-01-19 00:41:51", "elapsed": 1815.578791, "delta": 0.001907}}
