{"target": -13.758459584295405, "params": {"gamma": 438.11720498208683, "log10_alpha": -1.0722061326436734, "log10_colsample_bytree": -0.5752388061849834, "log10_eta": -3.644598141489614, "log10_lambda": -4.164604432557178, "log10_min_child_weight": 3.5597971300382585, "log10_subsample": -0.8987627222506333, "max_depth": 7.0, "num_boost_round": 69.0}, "datetime": {"datetime": "2024-01-19 02:02:14", "elapsed": 6638.008102, "delta": 0.006377}}
{"target": -13.758459129141963, "params": {"gamma": 438.11720498208683, "log10_alpha": -1.0722061326436734, "log10_colsample_bytree": -0.5752388061849834, "log10_eta": -3.644598141489614, "log10_lambda": -4.164604432557178, "log10_min_child_weight": 3.5597971300382585, "log10_subsample": -0.8987627222506333, "max_depth": 7.0, "num_boost_round": 70.0}, "datetime": {"datetime": "2024-01-19 02:02:14", "elapsed": 6638.014384, "delta": 0.006282}}
{"target": -13.758459973092851, "params": {"gamma": 438.11720498208683, "log10_alpha": -1.0722061326436734, "log10_colsample_bytree": -0.5752388061849834, "log10_eta": -3.644598141489614, "log10_lambda": -4.164604432557178, "log10_min_child_weight": 3.5597971300382585, "log10_subsample": -0.8987627222506333, "max_depth": 7.0, "num_boost_round": 71.0}, "datetime": {"datetime": "2024-01-19 02:02:14", "elapsed": 6638.02062, "delta": 0.006236}}
{"target": -13.758457954071904, "params": {"gamma": 438.11720498208683, "log10_alpha": -1.0722061326436734, "log10_colsample_bytree": -0.5752388061849834, "log10_eta": -3.644598141489614, "log10_lambda": -4.164604432557178, "log10_min_child_weight": 3.5597971300382585, "log10_subsample": -0.8987627222506333, "max_depth": 7.0, "num_boost_round": 72.0}, "datetime": {"datetime": "2024-01-19 02:02:14", "elapsed": 6638.026819, "delta": 0.006199}}
{"target": -13.758454784755854, "params": {"gamma": 438.11720498208683, "log10_alpha": -1.0722061326436734, "log10_colsample_bytree": -0.5752388061849834, "log10_eta": -3.644598141489614, "log10_lambda": -4.164604432557178, "log10_min_child_weight": 3.5597971300382585, "log10_subsample": -0.8987627222506333, "max_depth": 7.0, "num_boost_round": 73.0}, "datetime": {"datetime": "2024-01-19 02:02:14", "elapsed": 6638.033216, "delta": 0.006397}}
{"target": -13.758450005477556, "params": {"gamma": 438.11720498208683, "log10_alpha": -1.0722061326436734, "log10_colsample_bytree": -0.5752388061849834, "log10_eta": -3.644598141489614, "log10_lambda": -4.164604432557178, "log10_min_child_weight": 3.5597971300382585, "log10_subsample": -0.8987627222506333, "max_depth": 7.0, "num_boost_round": 74.0}, "datetime": {"datetime": "2024-01-19 02:02:14", "elapsed": 6638.039469, "delta": 0.006253}}
{"target": -13.758446744069458, "params": {"gamma": 438.11720498208683, "log10_alpha": -1.0722061326436734, "log10_colsample_bytree": -0.5752388061849834, "log10_eta": -3.644598141489614, "log10_lambda": -4.164604432557178, "log10_min_child_weight": 3.5597971300382585, "log10_subsample": -0.8987627222506333, "max_depth": 7.0, "num_boost_round": 75.0}, "datetime": {"datetime": "2024-01-19 02:02:14", "elapsed": 6638.045789, "delta": 0.00632}}
{"target": -13.758443969722892, "params": {"gamma": 438.11720498208683, "log10_alpha": -1.0722061326436734, "log10_colsample_bytree": -0.5752388061849834, "log10_eta": -3.644598141489614, "log10_lambda": -4.164604432557178, "log10_min_child_weight": 3.5597971300382585, "log10_subsample": -0.8987627222506333, "max_depth": 7.0, "num_boost_round": 76.0}, "datetime": {"datetime": "2024-01-19 02:02:14", "elapsed": 6638.052155, "delta": 0.006366}}
{"target": -13.758445622289237, "params": {"gamma": 438.11720498208683, "log10_alpha": -1.0722061326436734, "log10_colsample_bytree": -0.5752388061849834, "log10_eta": -3.644598141489614, "log10_lambda": -4.164604432557178, "log10_min_child_weight": 3.5597971300382585, "log10_subsample": -0.8987627222506333, "max_depth": 7.0, "num_boost_round": 77.0}, "datetime": {"datetime": "2024-01-19 02:02:14", "elapsed": 6638.058404, "delta": 0.006249}}
{"target": -13.758441168223277, "params": {"gamma": 438.11720498208683, "log10_alpha": -1.0722061326436734, "log10_colsample_bytree": -0.5752388061849834, "log10_eta": -3.644598141489614, "log10_lambda": -4.164604432557178, "log10_min_child_weight": 3.5597971300382585, "log10_subsample": -0.8987627222506333, "max_depth": 7.0, "num_boost_round": 78.0}, "datetime": {"datetime": "2024-01-19 02:02:14", "elapsed": 6638.064668, "delta": 0.006264}}
{"target": -13.758437895897883, "params": {"gamma": 438.11720498208683, "log10_alpha": -1.0722061326436734, "log10_colsample_bytree": -0.5752388061849834, "log10_eta": -3.644598141489614, "log10_lambda": -4.164604432557178, "log10_min_child_weight": 3.5597971300382585, "log10_subsample": -0.8987627222506333, "max_depth": 7.0, "num_boost_round": 79.0}, "datetime": {"datetime": "2024-01-19 02:02:14", "elapsed": 6638.071034, "delta": 0.006366}}
{"target": -13.758434442619233, "params": {"gamma": 438.11720498208683, "log10_alpha": -1.0722061326436734, "log10_colsample_bytree": -0.5752388061849834, "log10_eta": -3.644598141489614, "log10_lambda": -4.164604432557178, "log10_min_child_weight": 3.5597971300382585, "log10_subsample": -0.8987627222506333, "max_depth": 7.0, "num_boost_round": 80.0}, "datetime": {"datetime": "2024-01-19 02:02:14", "elapsed": 6638.078338, "delta": 0.007304}}
{"target": -13.758535451122999, "params": {"gamma": 403.0022452724075, "log10_alpha": 0.8885913738585396, "log10_colsample_bytree": -0.6726334927408154, "log10_eta": -3.320919463649103, "log10_lambda": -4.6600057665293315, "log10_min_child_weight": 4.03239925046069, "log10_subsample": -0.9074585544350247, "max_depth": 9.0, "num_boost_round": 0.0}, "datetime": {"datetime": "2024-01-19 02:03:47", "elapsed": 6730.656042, "delta": 92.577704}}
{"target": -13.758534064702308, "params": {"gamma": 403.0022452724075, "log10_alpha": 0.8885913738585396, "log10_colsample_bytree": -0.6726334927408154, "log10_eta": -3.320919463649103, "log10_lambda": -4.6600057665293315, "log10_min_child_weight": 4.03239925046069, "log10_subsample": -0.9074585544350247, "max_depth": 9.0, "num_boost_round": 1.0}, "datetime": {"datetime": "2024-01-19 02:03:47", "elapsed": 6730.663093, "delta": 0.007051}}
{"target": -13.758534739599034, "params": {"gamma": 403.0022452724075, "log10_alpha": 0.8885913738585396, "log10_colsample_bytree": -0.6726334927408154, "log10_eta": -3.320919463649103, "log10_lambda": -4.6600057665293315, "log10_min_child_weight": 4.03239925046069, "log10_subsample": -0.9074585544350247, "max_depth": 9.0, "num_boost_round": 2.0}, "datetime": {"datetime": "2024-01-19 02:03:47", "elapsed": 6730.669604, "delta": 0.006511}}
{"target": -13.758532771812309, "params": {"gamma": 403.0022452724075, "log10_alpha": 0.8885913738585396, "log10_colsample_bytree": -0.6726334927408154, "log10_eta": -3.320919463649103, "log10_lambda": -4.6600057665293315, "log10_min_child_weight": 4.03239925046069, "log10_subsample": -0.9074585544350247, "max_depth": 9.0, "num_boost_round": 3.0}, "datetime": {"datetime": "2024-01-19 02:03:47", "elapsed": 6730.67595, "delta": 0.006346}}
{"target": -13.758532471887985, "params": {"gamma": 403.0022452724075, "log10_alpha": 0.8885913738585396, "log10_colsample_bytree": -0.6726334927408154, "log10_eta": -3.320919463649103, "log10_lambda": -4.6600057665293315, "log10_min_child_weight": 4.03239925046069, "log10_subsample": -0.9074585544350247, "max_depth": 9.0, "num_boost_round": 4.0}, "datetime": {"datetime": "2024-01-19 02:03:47", "elapsed": 6730.682271, "delta": 0.006321}}
{"target": -13.758528931737857, "params": {"gamma": 403.0022452724075, "log10_alpha": 0.8885913738585396, "log10_colsample_bytree": -0.6726334927408154, "log10_eta": -3.320919463649103, "log10_lambda": -4.6600057665293315, "log10_min_child_weight": 4.03239925046069, "log10_subsample": -0.9074585544350247, "max_depth": 9.0, "num_boost_round": 5.0}, "datetime": {"datetime": "2024-01-19 02:03:47", "elapsed": 6730.688824, "delta": 0.006553}}
{"target": -13.758531666913937, "params": {"gamma": 403.0022452724075, "log10_alpha": 0.8885913738585396, "log10_colsample_bytree": -0.6726334927408154, "log10_eta": -3.320919463649103, "log10_lambda": -4.6600057665293315, "log10_min_child_weight": 4.03239925046069, "log10_subsample": -0.9074585544350247, "max_depth": 9.0, "num_boost_round": 6.0}, "datetime": {"datetime": "2024-01-19 02:03:47", "elapsed": 6730.695541, "delta": 0.006717}}
{"target": -13.758531707487586, "params": {"gamma": 403.0022452724075, "log10_alpha": 0.8885913738585396, "log10_colsample_bytree": -0.6726334927408154, "log10_eta": -3.320919463649103, "log10_lambda": -4.6600057665293315, "log10_min_child_weight": 4.03239925046069, "log10_subsample": -0.9074585544350247, "max_depth": 9.0, "num_boost_round": 7.0}, "datetime": {"datetime": "2024-01-19 02:03:47", "elapsed": 6730.702054, "delta": 0.006513}}
{"target": -13.75852966880153, "params": {"gamma": 403.0022452724075, "log10_alpha": 0.8885913738585396, "log10_colsample_bytree": -0.6726334927408154, "log10_eta": -3.320919463649103, "log10_lambda": -4.6600057665293315, "log10_min_child_weight": 4.03239925046069, "log10_subsample": -0.9074585544350247, "max_depth": 9.0, "num_boost_round": 8.0}, "datetime": {"datetime": "2024-01-19 02:03:47", "elapsed": 6730.708501, "delta": 0.006447}}
{"target": -13.75852658198227, "params": {"gamma": 403.0022452724075, "log10_alpha": 0.8885913738585396, "log10_colsample_bytree": -0.6726334927408154, "log10_eta": -3.320919463649103, "log10_lambda": -4.6600057665293315, "log10_min_child_weight": 4.03239925046069, "log10_subsample": -0.9074585544350247, "max_depth": 9.0, "num_boost_round": 9.0}, "datetime": {"datetime": "2024-01-19 02:03:47", "elapsed": 6730.71488, "delta": 0.006379}}
{"target": -13.7585242427139, "params": {"gamma": 403.0022452724075, "log10_alpha": 0.8885913738585396, "log10_colsample_bytree": -0.6726334927408154, "log10_eta": -3.320919463649103, "log10_lambda": -4.6600057665293315, "log10_min_child_weight": 4.03239925046069, "log10_subsample": -0.9074585544350247, "max_depth": 9.0, "num_boost_round": 10.0}, "datetime": {"datetime": "2024-01-19 02:03:47", "elapsed": 6730.721251, "delta": 0.006371}}
{"target": -13.758522214543701, "params": {"gamma": 403.0022452724075, "log10_alpha": 0.8885913738585396, "log10_colsample_bytree": -0.6726334927408154, "log10_eta": -3.320919463649103, "log10_lambda": -4.6600057665293315, "log10_min_child_weight": 4.03239925046069, "log10_subsample": -0.9074585544350247, "max_depth": 9.0, "num_boost_round": 11.0}, "datetime": {"datetime": "2024-01-19 02:03:47", "elapsed": 6730.727816, "delta": 0.006565}}
{"target": -13.758521000486564, "params": {"gamma": 403.0022452724075, "log10_alpha": 0.8885913738585396, "log10_colsample_bytree": -0.6726334927408154, "log10_eta": -3.320919463649103, "log10_lambda": -4.6600057665293315, "log10_min_child_weight": 4.03239925046069, "log10_subsample": -0.9074585544350247, "max_depth": 9.0, "num_boost_round": 12.0}, "datetime": {"datetime": "2024-01-19 02:03:47", "elapsed": 6730.734272, "delta": 0.006456}}
{"target": -13.758520268461169, "params": {"gamma": 403.0022452724075, "log10_alpha": 0.8885913738585396, "log10_colsample_bytree": -0.6726334927408154, "log10_eta": -3.320919463649103, "log10_lambda": -4.6600057665293315, "log10_min_child_weight": 4.03239925046069, "log10_subsample": -0.9074585544350247, "max_depth": 9.0, "num_boost_round": 13.0}, "datetime": {"datetime": "2024-01-19 02:03:47", "elapsed": 6730.740954, "delta": 0.006682}}
{"target": -13.758516175033238, "params": {"gamma": 403.0022452724075, "log10_alpha": 0.8885913738585396, "log10_colsample_bytree": -0.6726334927408154, "log10_eta": -3.320919463649103, "log10_lambda": -4.6600057665293315, "log10_min_child_weight": 4.03239925046069, "log10_subsample": -0.9074585544350247, "max_depth": 9.0, "num_boost_round": 14.0}, "datetime": {"datetime": "2024-01-19 02:03:47", "elapsed": 6730.747776, "delta": 0.006822}}
{"target": -13.758507779786179, "params": {"gamma": 403.0022452724075, "log10_alpha": 0.8885913738585396, "log10_colsample_bytree": -0.6726334927408154, "log10_eta": -3.320919463649103, "log10_lambda": -4.6600057665293315, "log10_min_child_weight": 4.03239925046069, "log10_subsample": -0.9074585544350247, "max_depth": 9.0, "num_boost_round": 15.0}, "datetime": {"datetime": "2024-01-19 02:03:47", "elapsed": 6730.754422, "delta": 0.006646}}
{"target": -13.758505193415816, "params": {"gamma": 403.0022452724075, "log10_alpha": 0.8885913738585396, "log10_colsample_bytree": -0.6726334927408154, "log10_eta": -3.320919463649103, "log10_lambda": -4.6600057665293315, "log10_min_child_weight": 4.03239925046069, "log10_subsample": -0.9074585544350247, "max_depth": 9.0, "num_boost_round": 16.0}, "datetime": {"datetime": "2024-01-19 02:03:47", "elapsed": 6730.760926, "delta": 0.006504}}
{"target": -13.758504609189984, "params": {"gamma": 403.0022452724075, "log10_alpha": 0.8885913738585396, "log10_colsample_bytree": -0.6726334927408154, "log10_eta": -3.320919463649103, "log10_lambda": -4.6600057665293315, "log10_min_child_weight": 4.03239925046069, "log10_subsample": -0.9074585544350247, "max_depth": 9.0, "num_boost_round": 17.0}, "datetime": {"datetime": "2024-01-19 02:03:47", "elapsed": 6730.767483, "delta": 0.006557}}
{"target": -13.758502912508488, "params": {"gamma": 403.0022452724075, "log10_alpha": 0.8885913738585396, "log10_colsample_bytree": -0.6726334927408154, "log10_eta": -3.320919463649103, "log10_lambda": -4.6600057665293315, "log10_min_child_weight": 4.03239925046069, "log10_subsample": -0.9074585544350247, "max_depth": 9.0, "num_boost_round": 18.0}, "datetime": {"datetime": "2024-01-19 02:03:47", "elapsed": 6730.773891, "delta": 0.006408}}
{"target": -13.758500040321909, "params": {"gamma": 403.0022452724075, "log10_alpha": 0.8885913738585396, "log10_colsample_bytree": -0.6726334927408154, "log10_eta": -3.320919463649103, "log10_lambda": -4.6600057665293315, "log10_min_child_weight": 4.03239925046069, "log10_subsample": -0.9074585544350247, "max_depth": 9.0, "num_boost_round": 19.0}, "datetime": {"datetime": "2024-01-19 02:03:47", "elapsed": 6730.780244, "delta": 0.006353}}
{"target": -13.758501299368579, "params": {"gamma": 403.0022452724075, "log10_alpha": 0.8885913738585396, "log10_colsample_bytree": -0.6726334927408154, "log10_eta": -3.320919463649103, "log10_lambda": -4.6600057665293315, "log10_min_child_weight": 4.03239925046069, "log10_subsample": -0.9074585544350247, "max_depth": 9.0, "num_boost_round": 20.0}, "datetime": {"datetime": "2024-01-19 02:03:47", "elapsed": 6730.786723, "delta": 0.006479}}
{"target": -13.758500010521523, "params": {"gamma": 403.0022452724075, "log10_alpha": 0.8885913738585396, "log10_colsample_bytree": -0.6726334927408154, "log10_eta": -3.320919463649103, "log10_lambda": -4.6600057665293315, "log10_min_child_weight": 4.03239925046069, "log10_subsample": -0.9074585544350247, "max_depth": 9.0, "num_boost_round": 21.0}, "datetime": {"datetime": "2024-01-19 02:03:47", "elapsed": 6730.793281, "delta": 0.006558}}
{"target": -13.758499705972774, "params": {"gamma": 403.0022452724075, "log10_alpha": 0.8885913738585396, "log10_colsample_bytree": -0.6726334927408154, "log10_eta": -3.320919463649103, "log10_lambda": -4.6600057665293315, "log10_min_child_weight": 4.03239925046069, "log10_subsample": -0.9074585544350247, "max_depth": 9.0, "num_boost_round": 22.0}, "datetime": {"datetime": "2024-01-19 02:03:47", "elapsed": 6730.799935, "delta": 0.006654}}
{"target": -13.758496305303835, "params": {"gamma": 403.0022452724075, "log10_alpha": 0.8885913738585396, "log10_colsample_bytree": -0.6726334927408154, "log10_eta": -3.320919463649103, "log10_lambda": -4.6600057665293315, "log10_min_child_weight": 4.03239925046069, "log10_subsample": -0.9074585544350247, "max_depth": 9.0, "num_boost_round": 23.0}, "datetime": {"datetime": "2024-01-19 02:03:47", "elapsed": 6730.806458, "delta": 0.006523}}
{"target": -13.758493387317541, "params": {"gamma": 403.0022452724075, "log10_alpha": 0.8885913738585396, "log10_colsample_bytree": -0.6726334927408154, "log10_eta": -3.320919463649103, "log10_lambda": -4.6600057665293315, "log10_min_child_weight": 4.03239925046069, "log10_subsample": -0.9074585544350247, "max_depth": 9.0, "num_boost_round": 24.0}, "datetime": {"datetime": "2024-01-19 02:03:47", "elapsed": 6730.812864, "delta": 0.006406}}
