{"target": -13.758527064329279, "params": {"gamma": 423.09409208016626, "log10_alpha": -3.326081999034619, "log10_colsample_bytree": -0.05542175651068304, "log10_eta": -3.9788730177915888, "log10_lambda": -3.9656983858539525, "log10_min_child_weight": 2.50472614712352, "log10_subsample": -0.15018910814095332, "max_depth": 2.0, "num_boost_round": 10.0}, "datetime": {"datetime": "2024-01-19 00:17:26", "elapsed": 350.05321, "delta": 0.001001}}
{"target": -13.758525981583073, "params": {"gamma": 423.09409208016626, "log10_alpha": -3.326081999034619, "log10_colsample_bytree": -0.05542175651068304, "log10_eta": -3.9788730177915888, "log10_lambda": -3.9656983858539525, "log10_min_child_weight": 2.50472614712352, "log10_subsample": -0.15018910814095332, "max_depth": 2.0, "num_boost_round": 11.0}, "datetime": {"datetime": "2024-01-19 00:17:26", "elapsed": 350.054218, "delta": 0.001008}}
{"target": -13.758524888692959, "params": {"gamma": 423.09409208016626, "log10_alpha": -3.326081999034619, "log10_colsample_bytree": -0.05542175651068304, "log10_eta": -3.9788730177915888, "log10_lambda": -3.9656983858539525, "log10_min_child_weight": 2.50472614712352, "log10_subsample": -0.15018910814095332, "max_depth": 2.0, "num_boost_round": 12.0}, "datetime": {"datetime": "2024-01-19 00:17:26", "elapsed": 350.05522, "delta": 0.001002}}
{"target": -13.758523799343353, "params": {"gamma": 423.09409208016626, "log10_alpha": -3.326081999034619, "log10_colsample_bytree": -0.05542175651068304, "log10_eta": -3.9788730177915888, "log10_lambda": -3.9656983858539525, "log10_min_child_weight": 2.50472614712352, "log10_subsample": -0.15018910814095332, "max_depth": 2.0, "num_boost_round": 13.0}, "datetime": {"datetime": "2024-01-19 00:17:26", "elapsed": 350.059906, "delta": 0.004686}}
{"target": -13.758522676166603, "params": {"gamma": 423.09409208016626, "log10_alpha": -3.326081999034619, "log10_colsample_bytree": -0.05542175651068304, "log10_eta": -3.9788730177915888, "log10_lambda": -3.9656983858539525, "log10_min_child_weight": 2.50472614712352, "log10_subsample": -0.15018910814095332, "max_depth": 2.0, "num_boost_round": 14.0}, "datetime": {"datetime": "2024-01-19 00:17:26", "elapsed": 350.060915, "delta": 0.001009}}
{"target": -13.75852160148055, "params": {"gamma": 423.09409208016626, "log10_alpha": -3.326081999034619, "log10_colsample_bytree": -0.05542175651068304, "log10_eta": -3.9788730177915888, "log10_lambda": -3.9656983858539525, "log10_min_child_weight": 2.50472614712352, "log10_subsample": -0.15018910814095332, "max_depth": 2.0, "num_boost_round": 15.0}, "datetime": {"datetime": "2024-01-19 00:17:26", "elapsed": 350.061927, "delta": 0.001012}}
{"target": -13.758520166482826, "params": {"gamma": 423.09409208016626, "log10_alpha": -3.326081999034619, "log10_colsample_bytree": -0.05542175651068304, "log10_eta": -3.9788730177915888, "log10_lambda": -3.9656983858539525, "log10_min_child_weight": 2.50472614712352, "log10_subsample": -0.15018910814095332, "max_depth": 2.0, "num_boost_round": 16.0}, "datetime": {"datetime": "2024-01-19 00:17:26", "elapsed": 350.062932, "delta": 0.001005}}
{"target": -13.758518629455581, "params": {"gamma": 423.09409208016626, "log10_alpha": -3.326081999034619, "log10_colsample_bytree": -0.05542175651068304, "log10_eta": -3.9788730177915888, "log10_lambda": -3.9656983858539525, "log10_min_child_weight": 2.50472614712352, "log10_subsample": -0.15018910814095332, "max_depth": 2.0, "num_boost_round": 17.0}, "datetime": {"datetime": "2024-01-19 00:17:26", "elapsed": 350.063947, "delta": 0.001015}}
{"target": -13.7585175582615, "params": {"gamma": 423.09409208016626, "log10_alpha": -3.326081999034619, "log10_colsample_bytree": -0.05542175651068304, "log10_eta": -3.9788730177915888, "log10_lambda": -3.9656983858539525, "log10_min_child_weight": 2.50472614712352, "log10_subsample": -0.15018910814095332, "max_depth": 2.0, "num_boost_round": 18.0}, "datetime": {"datetime": "2024-01-19 00:17:26", "elapsed": 350.06496, "delta": 0.001013}}
{"target": -13.758516104139572, "params": {"gamma": 423.09409208016626, "log10_alpha": -3.326081999034619, "log10_colsample_bytree": -0.05542175651068304, "log10_eta": -3.9788730177915888, "log10_lambda": -3.9656983858539525, "log10_min_child_weight": 2.50472614712352, "log10_subsample": -0.15018910814095332, "max_depth": 2.0, "num_boost_round": 19.0}, "datetime": {"datetime": "2024-01-19 00:17:26", "elapsed": 350.065977, "delta": 0.001017}}
{"target": -13.75851499984535, "params": {"gamma": 423.09409208016626, "log10_alpha": -3.326081999034619, "log10_colsample_bytree": -0.05542175651068304, "log10_eta": -3.9788730177915888, "log10_lambda": -3.9656983858539525, "log10_min_child_weight": 2.50472614712352, "log10_subsample": -0.15018910814095332, "max_depth": 2.0, "num_boost_round": 20.0}, "datetime": {"datetime": "2024-01-19 00:17:26", "elapsed": 350.06699, "delta": 0.001013}}
{"target": -13.7585138719057, "params": {"gamma": 423.09409208016626, "log10_alpha": -3.326081999034619, "log10_colsample_bytree": -0.05542175651068304, "log10_eta": -3.9788730177915888, "log10_lambda": -3.9656983858539525, "log10_min_child_weight": 2.50472614712352, "log10_subsample": -0.15018910814095332, "max_depth": 2.0, "num_boost_round": 21.0}, "datetime": {"datetime": "2024-01-19 00:17:26", "elapsed": 350.068137, "delta": 0.001147}}
{"target": -13.758512012862212, "params": {"gamma": 423.09409208016626, "log10_alpha": -3.326081999034619, "log10_colsample_bytree": -0.05542175651068304, "log10_eta": -3.9788730177915888, "log10_lambda": -3.9656983858539525, "log10_min_child_weight": 2.50472614712352, "log10_subsample": -0.15018910814095332, "max_depth": 2.0, "num_boost_round": 22.0}, "datetime": {"datetime": "2024-01-19 00:17:26", "elapsed": 350.069506, "delta": 0.001369}}
{"target": -13.758510914745962, "params": {"gamma": 423.09409208016626, "log10_alpha": -3.326081999034619, "log10_colsample_bytree": -0.05542175651068304, "log10_eta": -3.9788730177915888, "log10_lambda": -3.9656983858539525, "log10_min_child_weight": 2.50472614712352, "log10_subsample": -0.15018910814095332, "max_depth": 2.0, "num_boost_round": 23.0}, "datetime": {"datetime": "2024-01-19 00:17:26", "elapsed": 350.071144, "delta": 0.001638}}
{"target": -13.758509869187636, "params": {"gamma": 423.09409208016626, "log10_alpha": -3.326081999034619, "log10_colsample_bytree": -0.05542175651068304, "log10_eta": -3.9788730177915888, "log10_lambda": -3.9656983858539525, "log10_min_child_weight": 2.50472614712352, "log10_subsample": -0.15018910814095332, "max_depth": 2.0, "num_boost_round": 24.0}, "datetime": {"datetime": "2024-01-19 00:17:26", "elapsed": 350.072477, "delta": 0.001333}}
{"target": -13.758508787701633, "params": {"gamma": 423.09409208016626, "log10_alpha": -3.326081999034619, "log10_colsample_bytree": -0.05542175651068304, "log10_eta": -3.9788730177915888, "log10_lambda": -3.9656983858539525, "log10_min_child_weight": 2.50472614712352, "log10_subsample": -0.15018910814095332, "max_depth": 2.0, "num_boost_round": 25.0}, "datetime": {"datetime": "2024-01-19 00:17:26", "elapsed": 350.073506, "delta": 0.001029}}
{"target": -13.758507675714664, "params": {"gamma": 423.09409208016626, "log10_alpha": -3.326081999034619, "log10_colsample_bytree": -0.05542175651068304, "log10_eta": -3.9788730177915888, "log10_lambda": -3.9656983858539525, "log10_min_child_weight": 2.50472614712352, "log10_subsample": -0.15018910814095332, "max_depth": 2.0, "num_boost_round": 26.0}, "datetime": {"datetime": "2024-01-19 00:17:26", "elapsed": 350.074535, "delta": 0.001029}}
{"target": -13.758507473668148, "params": {"gamma": 423.09409208016626, "log10_alpha": -3.326081999034619, "log10_colsample_bytree": -0.05542175651068304, "log10_eta": -3.9788730177915888, "log10_lambda": -3.9656983858539525, "log10_min_child_weight": 2.50472614712352, "log10_subsample": -0.15018910814095332, "max_depth": 2.0, "num_boost_round": 27.0}, "datetime": {"datetime": "2024-01-19 00:17:26", "elapsed": 350.075561, "delta": 0.001026}}
{"target": -13.758506381715073, "params": {"gamma": 423.09409208016626, "log10_alpha": -3.326081999034619, "log10_colsample_bytree": -0.05542175651068304, "log10_eta": -3.9788730177915888, "log10_lambda": -3.9656983858539525, "log10_min_child_weight": 2.50472614712352, "log10_subsample": -0.15018910814095332, "max_depth": 2.0, "num_boost_round": 28.0}, "datetime": {"datetime": "2024-01-19 00:17:26", "elapsed": 350.076577, "delta": 0.001016}}
{"target": -13.758504497038405, "params": {"gamma": 423.09409208016626, "log10_alpha": -3.326081999034619, "log10_colsample_bytree": -0.05542175651068304, "log10_eta": -3.9788730177915888, "log10_lambda": -3.9656983858539525, "log10_min_child_weight": 2.50472614712352, "log10_subsample": -0.15018910814095332, "max_depth": 2.0, "num_boost_round": 29.0}, "datetime": {"datetime": "2024-01-19 00:17:26", "elapsed": 350.077596, "delta": 0.001019}}
{"target": -13.758503435860082, "params": {"gamma": 423.09409208016626, "log10_alpha": -3.326081999034619, "log10_colsample_bytree": -0.05542175651068304, "log10_eta": -3.9788730177915888, "log10_lambda": -3.9656983858539525, "log10_min_child_weight": 2.50472614712352, "log10_subsample": -0.15018910814095332, "max_depth": 2.0, "num_boost_round": 30.0}, "datetime": {"datetime": "2024-01-19 00:17:26", "elapsed": 350.078632, "delta": 0.001036}}
{"target": -13.758502355378086, "params": {"gamma": 423.09409208016626, "log10_alpha": -3.326081999034619, "log10_colsample_bytree": -0.05542175651068304, "log10_eta": -3.9788730177915888, "log10_lambda": -3.9656983858539525, "log10_min_child_weight": 2.50472614712352, "log10_subsample": -0.15018910814095332, "max_depth": 2.0, "num_boost_round": 31.0}, "datetime": {"datetime": "2024-01-19 00:17:26", "elapsed": 350.07966, "delta": 0.001028}}
{"target": -13.758501336876309, "params": {"gamma": 423.09409208016626, "log10_alpha": -3.326081999034619, "log10_colsample_bytree": -0.05542175651068304, "log10_eta": -3.9788730177915888, "log10_lambda": -3.9656983858539525, "log10_min_child_weight": 2.50472614712352, "log10_subsample": -0.15018910814095332, "max_depth": 2.0, "num_boost_round": 32.0}, "datetime": {"datetime": "2024-01-19 00:17:26", "elapsed": 350.080685, "delta": 0.001025}}
{"target": -13.758501294333044, "params": {"gamma": 423.09409208016626, "log10_alpha": -3.326081999034619, "log10_colsample_bytree": -0.05542175651068304, "log10_eta": -3.9788730177915888, "log10_lambda": -3.9656983858539525, "log10_min_child_weight": 2.50472614712352, "log10_subsample": -0.15018910814095332, "max_depth": 2.0, "num_boost_round": 33.0}, "datetime": {"datetime": "2024-01-19 00:17:26", "elapsed": 350.081711, "delta": 0.001026}}
{"target": -13.758500208069481, "params": {"gamma": 423.09409208016626, "log10_alpha": -3.326081999034619, "log10_colsample_bytree": -0.05542175651068304, "log10_eta": -3.9788730177915888, "log10_lambda": -3.9656983858539525, "log10_min_child_weight": 2.50472614712352, "log10_subsample": -0.15018910814095332, "max_depth": 2.0, "num_boost_round": 34.0}, "datetime": {"datetime": "2024-01-19 00:17:26", "elapsed": 350.082739, "delta": 0.001028}}
{"target": -13.758499096147524, "params": {"gamma": 423.09409208016626, "log10_alpha": -3.326081999034619, "log10_colsample_bytree": -0.05542175651068304, "log10_eta": -3.9788730177915888, "log10_lambda": -3.9656983858539525, "log10_min_child_weight": 2.50472614712352, "log10_subsample": -0.15018910814095332, "max_depth": 2.0, "num_boost_round": 35.0}, "datetime": {"datetime": "2024-01-19 00:17:26", "elapsed": 350.083779, "delta": 0.00104}}
{"target": -13.758499084638187, "params": {"gamma": 423.09409208016626, "log10_alpha": -3.326081999034619, "log10_colsample_bytree": -0.05542175651068304, "log10_eta": -3.9788730177915888, "log10_lambda": -3.9656983858539525, "log10_min_child_weight": 2.50472614712352, "log10_subsample": -0.15018910814095332, "max_depth": 2.0, "num_boost_round": 36.0}, "datetime": {"datetime": "2024-01-19 00:17:26", "elapsed": 350.084814, "delta": 0.001035}}
{"target": -13.758498008557797, "params": {"gamma": 423.09409208016626, "log10_alpha": -3.326081999034619, "log10_colsample_bytree": -0.05542175651068304, "log10_eta": -3.9788730177915888, "log10_lambda": -3.9656983858539525, "log10_min_child_weight": 2.50472614712352, "log10_subsample": -0.15018910814095332, "max_depth": 2.0, "num_boost_round": 37.0}, "datetime": {"datetime": "2024-01-19 00:17:26", "elapsed": 350.085856, "delta": 0.001042}}
{"target": -13.758496972007933, "params": {"gamma": 423.09409208016626, "log10_alpha": -3.326081999034619, "log10_colsample_bytree": -0.05542175651068304, "log10_eta": -3.9788730177915888, "log10_lambda": -3.9656983858539525, "log10_min_child_weight": 2.50472614712352, "log10_subsample": -0.15018910814095332, "max_depth": 2.0, "num_boost_round": 38.0}, "datetime": {"datetime": "2024-01-19 00:17:26", "elapsed": 350.08688, "delta": 0.001024}}
{"target": -13.758495913054732, "params": {"gamma": 423.09409208016626, "log10_alpha": -3.326081999034619, "log10_colsample_bytree": -0.05542175651068304, "log10_eta": -3.9788730177915888, "log10_lambda": -3.9656983858539525, "log10_min_child_weight": 2.50472614712352, "log10_subsample": -0.15018910814095332, "max_depth": 2.0, "num_boost_round": 39.0}, "datetime": {"datetime": "2024-01-19 00:17:26", "elapsed": 350.088067, "delta": 0.001187}}
{"target": -13.758494845582689, "params": {"gamma": 423.09409208016626, "log10_alpha": -3.326081999034619, "log10_colsample_bytree": -0.05542175651068304, "log10_eta": -3.9788730177915888, "log10_lambda": -3.9656983858539525, "log10_min_child_weight": 2.50472614712352, "log10_subsample": -0.15018910814095332, "max_depth": 2.0, "num_boost_round": 40.0}, "datetime": {"datetime": "2024-01-19 00:17:26", "elapsed": 350.089247, "delta": 0.00118}}
{"target": -13.758493833409522, "params": {"gamma": 423.09409208016626, "log10_alpha": -3.326081999034619, "log10_colsample_bytree": -0.05542175651068304, "log10_eta": -3.9788730177915888, "log10_lambda": -3.9656983858539525, "log10_min_child_weight": 2.50472614712352, "log10_subsample": -0.15018910814095332, "max_depth": 2.0, "num_boost_round": 41.0}, "datetime": {"datetime": "2024-01-19 00:17:26", "elapsed": 350.090504, "delta": 0.001257}}
{"target": -13.758492761188233, "params": {"gamma": 423.09409208016626, "log10_alpha": -3.326081999034619, "log10_colsample_bytree": -0.05542175651068304, "log10_eta": -3.9788730177915888, "log10_lambda": -3.9656983858539525, "log10_min_child_weight": 2.50472614712352, "log10_subsample": -0.15018910814095332, "max_depth": 2.0, "num_boost_round": 42.0}, "datetime": {"datetime": "2024-01-19 00:17:26", "elapsed": 350.091829, "delta": 0.001325}}
{"target": -13.75849256618239, "params": {"gamma": 423.09409208016626, "log10_alpha": -3.326081999034619, "log10_colsample_bytree": -0.05542175651068304, "log10_eta": -3.9788730177915888, "log10_lambda": -3.9656983858539525, "log10_min_child_weight": 2.50472614712352, "log10_subsample": -0.15018910814095332, "max_depth": 2.0, "num_boost_round": 43.0}, "datetime": {"datetime": "2024-01-19 00:17:26", "elapsed": 350.093022, "delta": 0.001193}}
{"target": -13.758491484241823, "params": {"gamma": 423.09409208016626, "log10_alpha": -3.326081999034619, "log10_colsample_bytree": -0.05542175651068304, "log10_eta": -3.9788730177915888, "log10_lambda": -3.9656983858539525, "log10_min_child_weight": 2.50472614712352, "log10_subsample": -0.15018910814095332, "max_depth": 2.0, "num_boost_round": 44.0}, "datetime": {"datetime": "2024-01-19 00:17:26", "elapsed": 350.094078, "delta": 0.001056}}
{"target": -13.758491451080538, "params": {"gamma": 423.09409208016626, "log10_alpha": -3.326081999034619, "log10_colsample_bytree": -0.05542175651068304, "log10_eta": -3.9788730177915888, "log10_lambda": -3.9656983858539525, "log10_min_child_weight": 2.50472614712352, "log10_subsample": -0.15018910814095332, "max_depth": 2.0, "num_boost_round": 45.0}, "datetime": {"datetime": "2024-01-19 00:17:26", "elapsed": 350.095196, "delta": 0.001118}}
{"target": -13.758490403046652, "params": {"gamma": 423.09409208016626, "log10_alpha": -3.326081999034619, "log10_colsample_bytree": -0.05542175651068304, "log10_eta": -3.9788730177915888, "log10_lambda": -3.9656983858539525, "log10_min_child_weight": 2.50472614712352, "log10_subsample": -0.15018910814095332, "max_depth": 2.0, "num_boost_round": 46.0}, "datetime": {"datetime": "2024-01-19 00:17:26", "elapsed": 350.09631, "delta": 0.001114}}
{"target": -13.758537226018444, "params": {"gamma": 422.16512237704285, "log10_alpha": -2.0710901159085235, "log10_colsample_bytree": -0.2758607477696531, "log10_eta": -3.981255755145516, "log10_lambda": -4.548923393776294, "log10_min_child_weight": 3.0861895532355406, "log10_subsample": -0.5960405589053437, "max_depth": 8.0, "num_boost_round": 0.0}, "datetime": {"datetime": "2024-01-19 00:17:59", "elapsed": 382.624288, "delta": 32.527978}}
{"target": -13.758534798931066, "params": {"gamma": 422.16512237704285, "log10_alpha": -2.0710901159085235, "log10_colsample_bytree": -0.2758607477696531, "log10_eta": -3.981255755145516, "log10_lambda": -4.548923393776294, "log10_min_child_weight": 3.0861895532355406, "log10_subsample": -0.5960405589053437, "max_depth": 8.0, "num_boost_round": 1.0}, "datetime": {"datetime": "2024-01-19 00:17:59", "elapsed": 382.625867, "delta": 0.001579}}
{"target": -13.758532925399177, "params": {"gamma": 422.16512237704285, "log10_alpha": -2.0710901159085235, "log10_colsample_bytree": -0.2758607477696531, "log10_eta": -3.981255755145516, "log10_lambda": -4.548923393776294, "log10_min_child_weight": 3.0861895532355406, "log10_subsample": -0.5960405589053437, "max_depth": 8.0, "num_boost_round": 2.0}, "datetime": {"datetime": "2024-01-19 00:17:59", "elapsed": 382.627085, "delta": 0.001218}}
{"target": -13.7585326607412, "params": {"gamma": 422.16512237704285, "log10_alpha": -2.0710901159085235, "log10_colsample_bytree": -0.2758607477696531, "log10_eta": -3.981255755145516, "log10_lambda": -4.548923393776294, "log10_min_child_weight": 3.0861895532355406, "log10_subsample": -0.5960405589053437, "max_depth": 8.0, "num_boost_round": 3.0}, "datetime": {"datetime": "2024-01-19 00:17:59", "elapsed": 382.628274, "delta": 0.001189}}
{"target": -13.758529218461632, "params": {"gamma": 422.16512237704285, "log10_alpha": -2.0710901159085235, "log10_colsample_bytree": -0.2758607477696531, "log10_eta": -3.981255755145516, "log10_lambda": -4.548923393776294, "log10_min_child_weight": 3.0861895532355406, "log10_subsample": -0.5960405589053437, "max_depth": 8.0, "num_boost_round": 4.0}, "datetime": {"datetime": "2024-01-19 00:17:59", "elapsed": 382.629561, "delta": 0.001287}}
{"target": -13.758525485868299, "params": {"gamma": 422.16512237704285, "log10_alpha": -2.0710901159085235, "log10_colsample_bytree": -0.2758607477696531, "log10_eta": -3.981255755145516, "log10_lambda": -4.548923393776294, "log10_min_child_weight": 3.0861895532355406, "log10_subsample": -0.5960405589053437, "max_depth": 8.0, "num_boost_round": 5.0}, "datetime": {"datetime": "2024-01-19 00:17:59", "elapsed": 382.698404, "delta": 0.068843}}
{"target": -13.758524331006555, "params": {"gamma": 422.16512237704285, "log10_alpha": -2.0710901159085235, "log10_colsample_bytree": -0.2758607477696531, "log10_eta": -3.981255755145516, "log10_lambda": -4.548923393776294, "log10_min_child_weight": 3.0861895532355406, "log10_subsample": -0.5960405589053437, "max_depth": 8.0, "num_boost_round": 6.0}, "datetime": {"datetime": "2024-01-19 00:17:59", "elapsed": 382.699738, "delta": 0.001334}}
{"target": -13.758523083646468, "params": {"gamma": 422.16512237704285, "log10_alpha": -2.0710901159085235, "log10_colsample_bytree": -0.2758607477696531, "log10_eta": -3.981255755145516, "log10_lambda": -4.548923393776294, "log10_min_child_weight": 3.0861895532355406, "log10_subsample": -0.5960405589053437, "max_depth": 8.0, "num_boost_round": 7.0}, "datetime": {"datetime": "2024-01-19 00:17:59", "elapsed": 382.700913, "delta": 0.001175}}
{"target": -13.758520810961159, "params": {"gamma": 422.16512237704285, "log10_alpha": -2.0710901159085235, "log10_colsample_bytree": -0.2758607477696531, "log10_eta": -3.981255755145516, "log10_lambda": -4.548923393776294, "log10_min_child_weight": 3.0861895532355406, "log10_subsample": -0.5960405589053437, "max_depth": 8.0, "num_boost_round": 8.0}, "datetime": {"datetime": "2024-01-19 00:17:59", "elapsed": 382.702066, "delta": 0.001153}}
{"target": -13.758521360391674, "params": {"gamma": 422.16512237704285, "log10_alpha": -2.0710901159085235, "log10_colsample_bytree": -0.2758607477696531, "log10_eta": -3.981255755145516, "log10_lambda": -4.548923393776294, "log10_min_child_weight": 3.0861895532355406, "log10_subsample": -0.5960405589053437, "max_depth": 8.0, "num_boost_round": 9.0}, "datetime": {"datetime": "2024-01-19 00:17:59", "elapsed": 382.703143, "delta": 0.001077}}
{"target": -13.758519129220202, "params": {"gamma": 422.16512237704285, "log10_alpha": -2.0710901159085235, "log10_colsample_bytree": -0.2758607477696531, "log10_eta": -3.981255755145516, "log10_lambda": -4.548923393776294, "log10_min_child_weight": 3.0861895532355406, "log10_subsample": -0.5960405589053437, "max_depth": 8.0, "num_boost_round": 10.0}, "datetime": {"datetime": "2024-01-19 00:17:59", "elapsed": 382.704211, "delta": 0.001068}}
{"target": -13.758517178471864, "params": {"gamma": 422.16512237704285, "log10_alpha": -2.0710901159085235, "log10_colsample_bytree": -0.2758607477696531, "log10_eta": -3.981255755145516, "log10_lambda": -4.548923393776294, "log10_min_child_weight": 3.0861895532355406, "log10_subsample": -0.5960405589053437, "max_depth": 8.0, "num_boost_round": 11.0}, "datetime": {"datetime": "2024-01-19 00:17:59", "elapsed": 382.705284, "delta": 0.001073}}
