{"target": -17.676918113701934, "params": {"gamma": 544.1248760657836, "log10_alpha": -3.9732211326834195, "log10_colsample_bytree": -0.5701460115620826, "log10_eta": -3.3101542185820696, "log10_lambda": -3.6538436664879206, "log10_min_child_weight": 0.27203910200372106, "log10_subsample": -0.09179881262789613, "max_depth": 2.0, "num_boost_round": 28.0}, "datetime": {"datetime": "2024-01-19 00:18:51", "elapsed": 428.84014, "delta": 0.0007}}
{"target": -17.676905784061795, "params": {"gamma": 544.1248760657836, "log10_alpha": -3.9732211326834195, "log10_colsample_bytree": -0.5701460115620826, "log10_eta": -3.3101542185820696, "log10_lambda": -3.6538436664879206, "log10_min_child_weight": 0.27203910200372106, "log10_subsample": -0.09179881262789613, "max_depth": 2.0, "num_boost_round": 29.0}, "datetime": {"datetime": "2024-01-19 00:18:51", "elapsed": 428.840772, "delta": 0.000632}}
{"target": -17.67689668667847, "params": {"gamma": 544.1248760657836, "log10_alpha": -3.9732211326834195, "log10_colsample_bytree": -0.5701460115620826, "log10_eta": -3.3101542185820696, "log10_lambda": -3.6538436664879206, "log10_min_child_weight": 0.27203910200372106, "log10_subsample": -0.09179881262789613, "max_depth": 2.0, "num_boost_round": 30.0}, "datetime": {"datetime": "2024-01-19 00:18:51", "elapsed": 428.841441, "delta": 0.000669}}
{"target": -17.676886689069534, "params": {"gamma": 544.1248760657836, "log10_alpha": -3.9732211326834195, "log10_colsample_bytree": -0.5701460115620826, "log10_eta": -3.3101542185820696, "log10_lambda": -3.6538436664879206, "log10_min_child_weight": 0.27203910200372106, "log10_subsample": -0.09179881262789613, "max_depth": 2.0, "num_boost_round": 31.0}, "datetime": {"datetime": "2024-01-19 00:18:51", "elapsed": 428.842071, "delta": 0.00063}}
{"target": -17.676878103554913, "params": {"gamma": 544.1248760657836, "log10_alpha": -3.9732211326834195, "log10_colsample_bytree": -0.5701460115620826, "log10_eta": -3.3101542185820696, "log10_lambda": -3.6538436664879206, "log10_min_child_weight": 0.27203910200372106, "log10_subsample": -0.09179881262789613, "max_depth": 2.0, "num_boost_round": 32.0}, "datetime": {"datetime": "2024-01-19 00:18:51", "elapsed": 428.842759, "delta": 0.000688}}
{"target": -17.67686392351601, "params": {"gamma": 544.1248760657836, "log10_alpha": -3.9732211326834195, "log10_colsample_bytree": -0.5701460115620826, "log10_eta": -3.3101542185820696, "log10_lambda": -3.6538436664879206, "log10_min_child_weight": 0.27203910200372106, "log10_subsample": -0.09179881262789613, "max_depth": 2.0, "num_boost_round": 33.0}, "datetime": {"datetime": "2024-01-19 00:18:51", "elapsed": 428.843454, "delta": 0.000695}}
{"target": -17.676968360994444, "params": {"gamma": 538.188424304717, "log10_alpha": -4.755144286003353, "log10_colsample_bytree": -0.16338923912299697, "log10_eta": -2.1812517227622044, "log10_lambda": -3.479296040028048, "log10_min_child_weight": 0.6558754322391958, "log10_subsample": -0.29413732219464983, "max_depth": 5.0, "num_boost_round": 0.0}, "datetime": {"datetime": "2024-01-19 00:19:17", "elapsed": 455.199598, "delta": 26.356144}}
{"target": -17.676625800119517, "params": {"gamma": 538.188424304717, "log10_alpha": -4.755144286003353, "log10_colsample_bytree": -0.16338923912299697, "log10_eta": -2.1812517227622044, "log10_lambda": -3.479296040028048, "log10_min_child_weight": 0.6558754322391958, "log10_subsample": -0.29413732219464983, "max_depth": 5.0, "num_boost_round": 1.0}, "datetime": {"datetime": "2024-01-19 00:19:17", "elapsed": 455.200454, "delta": 0.000856}}
{"target": -17.6761738533501, "params": {"gamma": 538.188424304717, "log10_alpha": -4.755144286003353, "log10_colsample_bytree": -0.16338923912299697, "log10_eta": -2.1812517227622044, "log10_lambda": -3.479296040028048, "log10_min_child_weight": 0.6558754322391958, "log10_subsample": -0.29413732219464983, "max_depth": 5.0, "num_boost_round": 2.0}, "datetime": {"datetime": "2024-01-19 00:19:17", "elapsed": 455.20116, "delta": 0.000706}}
{"target": -17.675928522992358, "params": {"gamma": 538.188424304717, "log10_alpha": -4.755144286003353, "log10_colsample_bytree": -0.16338923912299697, "log10_eta": -2.1812517227622044, "log10_lambda": -3.479296040028048, "log10_min_child_weight": 0.6558754322391958, "log10_subsample": -0.29413732219464983, "max_depth": 5.0, "num_boost_round": 3.0}, "datetime": {"datetime": "2024-01-19 00:19:17", "elapsed": 455.201861, "delta": 0.000701}}
{"target": -17.675400769796585, "params": {"gamma": 538.188424304717, "log10_alpha": -4.755144286003353, "log10_colsample_bytree": -0.16338923912299697, "log10_eta": -2.1812517227622044, "log10_lambda": -3.479296040028048, "log10_min_child_weight": 0.6558754322391958, "log10_subsample": -0.29413732219464983, "max_depth": 5.0, "num_boost_round": 4.0}, "datetime": {"datetime": "2024-01-19 00:19:17", "elapsed": 455.202543, "delta": 0.000682}}
{"target": -17.675165968476573, "params": {"gamma": 538.188424304717, "log10_alpha": -4.755144286003353, "log10_colsample_bytree": -0.16338923912299697, "log10_eta": -2.1812517227622044, "log10_lambda": -3.479296040028048, "log10_min_child_weight": 0.6558754322391958, "log10_subsample": -0.29413732219464983, "max_depth": 5.0, "num_boost_round": 5.0}, "datetime": {"datetime": "2024-01-19 00:19:17", "elapsed": 455.20315, "delta": 0.000607}}
{"target": -17.674708167799, "params": {"gamma": 538.188424304717, "log10_alpha": -4.755144286003353, "log10_colsample_bytree": -0.16338923912299697, "log10_eta": -2.1812517227622044, "log10_lambda": -3.479296040028048, "log10_min_child_weight": 0.6558754322391958, "log10_subsample": -0.29413732219464983, "max_depth": 5.0, "num_boost_round": 6.0}, "datetime": {"datetime": "2024-01-19 00:19:17", "elapsed": 455.203819, "delta": 0.000669}}
{"target": -17.67427195791005, "params": {"gamma": 538.188424304717, "log10_alpha": -4.755144286003353, "log10_colsample_bytree": -0.16338923912299697, "log10_eta": -2.1812517227622044, "log10_lambda": -3.479296040028048, "log10_min_child_weight": 0.6558754322391958, "log10_subsample": -0.29413732219464983, "max_depth": 5.0, "num_boost_round": 7.0}, "datetime": {"datetime": "2024-01-19 00:19:17", "elapsed": 455.204416, "delta": 0.000597}}
{"target": -17.674119230364376, "params": {"gamma": 538.188424304717, "log10_alpha": -4.755144286003353, "log10_colsample_bytree": -0.16338923912299697, "log10_eta": -2.1812517227622044, "log10_lambda": -3.479296040028048, "log10_min_child_weight": 0.6558754322391958, "log10_subsample": -0.29413732219464983, "max_depth": 5.0, "num_boost_round": 8.0}, "datetime": {"datetime": "2024-01-19 00:19:17", "elapsed": 455.205079, "delta": 0.000663}}
{"target": -17.673904214510554, "params": {"gamma": 538.188424304717, "log10_alpha": -4.755144286003353, "log10_colsample_bytree": -0.16338923912299697, "log10_eta": -2.1812517227622044, "log10_lambda": -3.479296040028048, "log10_min_child_weight": 0.6558754322391958, "log10_subsample": -0.29413732219464983, "max_depth": 5.0, "num_boost_round": 9.0}, "datetime": {"datetime": "2024-01-19 00:19:17", "elapsed": 455.205678, "delta": 0.000599}}
{"target": -17.673570031465175, "params": {"gamma": 538.188424304717, "log10_alpha": -4.755144286003353, "log10_colsample_bytree": -0.16338923912299697, "log10_eta": -2.1812517227622044, "log10_lambda": -3.479296040028048, "log10_min_child_weight": 0.6558754322391958, "log10_subsample": -0.29413732219464983, "max_depth": 5.0, "num_boost_round": 10.0}, "datetime": {"datetime": "2024-01-19 00:19:17", "elapsed": 455.206594, "delta": 0.000916}}
{"target": -17.673476681643844, "params": {"gamma": 538.188424304717, "log10_alpha": -4.755144286003353, "log10_colsample_bytree": -0.16338923912299697, "log10_eta": -2.1812517227622044, "log10_lambda": -3.479296040028048, "log10_min_child_weight": 0.6558754322391958, "log10_subsample": -0.29413732219464983, "max_depth": 5.0, "num_boost_round": 11.0}, "datetime": {"datetime": "2024-01-19 00:19:17", "elapsed": 455.207295, "delta": 0.000701}}
{"target": -17.67330816099117, "params": {"gamma": 538.188424304717, "log10_alpha": -4.755144286003353, "log10_colsample_bytree": -0.16338923912299697, "log10_eta": -2.1812517227622044, "log10_lambda": -3.479296040028048, "log10_min_child_weight": 0.6558754322391958, "log10_subsample": -0.29413732219464983, "max_depth": 5.0, "num_boost_round": 12.0}, "datetime": {"datetime": "2024-01-19 00:19:17", "elapsed": 455.208005, "delta": 0.00071}}
{"target": -17.673262416373525, "params": {"gamma": 538.188424304717, "log10_alpha": -4.755144286003353, "log10_colsample_bytree": -0.16338923912299697, "log10_eta": -2.1812517227622044, "log10_lambda": -3.479296040028048, "log10_min_child_weight": 0.6558754322391958, "log10_subsample": -0.29413732219464983, "max_depth": 5.0, "num_boost_round": 13.0}, "datetime": {"datetime": "2024-01-19 00:19:17", "elapsed": 455.208696, "delta": 0.000691}}
{"target": -17.673075707054256, "params": {"gamma": 538.188424304717, "log10_alpha": -4.755144286003353, "log10_colsample_bytree": -0.16338923912299697, "log10_eta": -2.1812517227622044, "log10_lambda": -3.479296040028048, "log10_min_child_weight": 0.6558754322391958, "log10_subsample": -0.29413732219464983, "max_depth": 5.0, "num_boost_round": 14.0}, "datetime": {"datetime": "2024-01-19 00:19:17", "elapsed": 455.209307, "delta": 0.000611}}
{"target": -17.67269205385934, "params": {"gamma": 538.188424304717, "log10_alpha": -4.755144286003353, "log10_colsample_bytree": -0.16338923912299697, "log10_eta": -2.1812517227622044, "log10_lambda": -3.479296040028048, "log10_min_child_weight": 0.6558754322391958, "log10_subsample": -0.29413732219464983, "max_depth": 5.0, "num_boost_round": 15.0}, "datetime": {"datetime": "2024-01-19 00:19:17", "elapsed": 455.209987, "delta": 0.00068}}
{"target": -17.67268142965651, "params": {"gamma": 538.188424304717, "log10_alpha": -4.755144286003353, "log10_colsample_bytree": -0.16338923912299697, "log10_eta": -2.1812517227622044, "log10_lambda": -3.479296040028048, "log10_min_child_weight": 0.6558754322391958, "log10_subsample": -0.29413732219464983, "max_depth": 5.0, "num_boost_round": 16.0}, "datetime": {"datetime": "2024-01-19 00:19:17", "elapsed": 455.210596, "delta": 0.000609}}
{"target": -17.672573237678293, "params": {"gamma": 538.188424304717, "log10_alpha": -4.755144286003353, "log10_colsample_bytree": -0.16338923912299697, "log10_eta": -2.1812517227622044, "log10_lambda": -3.479296040028048, "log10_min_child_weight": 0.6558754322391958, "log10_subsample": -0.29413732219464983, "max_depth": 5.0, "num_boost_round": 17.0}, "datetime": {"datetime": "2024-01-19 00:19:17", "elapsed": 455.211275, "delta": 0.000679}}
{"target": -17.672595030349047, "params": {"gamma": 538.188424304717, "log10_alpha": -4.755144286003353, "log10_colsample_bytree": -0.16338923912299697, "log10_eta": -2.1812517227622044, "log10_lambda": -3.479296040028048, "log10_min_child_weight": 0.6558754322391958, "log10_subsample": -0.29413732219464983, "max_depth": 5.0, "num_boost_round": 18.0}, "datetime": {"datetime": "2024-01-19 00:19:17", "elapsed": 455.21199, "delta": 0.000715}}
{"target": -17.672632728470372, "params": {"gamma": 538.188424304717, "log10_alpha": -4.755144286003353, "log10_colsample_bytree": -0.16338923912299697, "log10_eta": -2.1812517227622044, "log10_lambda": -3.479296040028048, "log10_min_child_weight": 0.6558754322391958, "log10_subsample": -0.29413732219464983, "max_depth": 5.0, "num_boost_round": 19.0}, "datetime": {"datetime": "2024-01-19 00:19:17", "elapsed": 455.213356, "delta": 0.001366}}
{"target": -17.6723812109044, "params": {"gamma": 538.188424304717, "log10_alpha": -4.755144286003353, "log10_colsample_bytree": -0.16338923912299697, "log10_eta": -2.1812517227622044, "log10_lambda": -3.479296040028048, "log10_min_child_weight": 0.6558754322391958, "log10_subsample": -0.29413732219464983, "max_depth": 5.0, "num_boost_round": 20.0}, "datetime": {"datetime": "2024-01-19 00:19:17", "elapsed": 455.214078, "delta": 0.000722}}
{"target": -17.672143268549657, "params": {"gamma": 538.188424304717, "log10_alpha": -4.755144286003353, "log10_colsample_bytree": -0.16338923912299697, "log10_eta": -2.1812517227622044, "log10_lambda": -3.479296040028048, "log10_min_child_weight": 0.6558754322391958, "log10_subsample": -0.29413732219464983, "max_depth": 5.0, "num_boost_round": 21.0}, "datetime": {"datetime": "2024-01-19 00:19:17", "elapsed": 455.214792, "delta": 0.000714}}
{"target": -17.671783085003362, "params": {"gamma": 538.188424304717, "log10_alpha": -4.755144286003353, "log10_colsample_bytree": -0.16338923912299697, "log10_eta": -2.1812517227622044, "log10_lambda": -3.479296040028048, "log10_min_child_weight": 0.6558754322391958, "log10_subsample": -0.29413732219464983, "max_depth": 5.0, "num_boost_round": 22.0}, "datetime": {"datetime": "2024-01-19 00:19:17", "elapsed": 455.215498, "delta": 0.000706}}
{"target": -17.671650780932943, "params": {"gamma": 538.188424304717, "log10_alpha": -4.755144286003353, "log10_colsample_bytree": -0.16338923912299697, "log10_eta": -2.1812517227622044, "log10_lambda": -3.479296040028048, "log10_min_child_weight": 0.6558754322391958, "log10_subsample": -0.29413732219464983, "max_depth": 5.0, "num_boost_round": 23.0}, "datetime": {"datetime": "2024-01-19 00:19:17", "elapsed": 455.216118, "delta": 0.00062}}
{"target": -17.67151756005038, "params": {"gamma": 538.188424304717, "log10_alpha": -4.755144286003353, "log10_colsample_bytree": -0.16338923912299697, "log10_eta": -2.1812517227622044, "log10_lambda": -3.479296040028048, "log10_min_child_weight": 0.6558754322391958, "log10_subsample": -0.29413732219464983, "max_depth": 5.0, "num_boost_round": 24.0}, "datetime": {"datetime": "2024-01-19 00:19:17", "elapsed": 455.216818, "delta": 0.0007}}
{"target": -17.67125641395351, "params": {"gamma": 538.188424304717, "log10_alpha": -4.755144286003353, "log10_colsample_bytree": -0.16338923912299697, "log10_eta": -2.1812517227622044, "log10_lambda": -3.479296040028048, "log10_min_child_weight": 0.6558754322391958, "log10_subsample": -0.29413732219464983, "max_depth": 5.0, "num_boost_round": 25.0}, "datetime": {"datetime": "2024-01-19 00:19:17", "elapsed": 455.21752, "delta": 0.000702}}
{"target": -17.67132817600176, "params": {"gamma": 538.188424304717, "log10_alpha": -4.755144286003353, "log10_colsample_bytree": -0.16338923912299697, "log10_eta": -2.1812517227622044, "log10_lambda": -3.479296040028048, "log10_min_child_weight": 0.6558754322391958, "log10_subsample": -0.29413732219464983, "max_depth": 5.0, "num_boost_round": 26.0}, "datetime": {"datetime": "2024-01-19 00:19:17", "elapsed": 455.218202, "delta": 0.000682}}
{"target": -17.671435790535785, "params": {"gamma": 538.188424304717, "log10_alpha": -4.755144286003353, "log10_colsample_bytree": -0.16338923912299697, "log10_eta": -2.1812517227622044, "log10_lambda": -3.479296040028048, "log10_min_child_weight": 0.6558754322391958, "log10_subsample": -0.29413732219464983, "max_depth": 5.0, "num_boost_round": 27.0}, "datetime": {"datetime": "2024-01-19 00:19:17", "elapsed": 455.218914, "delta": 0.000712}}
{"target": -17.67162729816417, "params": {"gamma": 538.188424304717, "log10_alpha": -4.755144286003353, "log10_colsample_bytree": -0.16338923912299697, "log10_eta": -2.1812517227622044, "log10_lambda": -3.479296040028048, "log10_min_child_weight": 0.6558754322391958, "log10_subsample": -0.29413732219464983, "max_depth": 5.0, "num_boost_round": 28.0}, "datetime": {"datetime": "2024-01-19 00:19:17", "elapsed": 455.219688, "delta": 0.000774}}
{"target": -17.671197656586518, "params": {"gamma": 538.188424304717, "log10_alpha": -4.755144286003353, "log10_colsample_bytree": -0.16338923912299697, "log10_eta": -2.1812517227622044, "log10_lambda": -3.479296040028048, "log10_min_child_weight": 0.6558754322391958, "log10_subsample": -0.29413732219464983, "max_depth": 5.0, "num_boost_round": 29.0}, "datetime": {"datetime": "2024-01-19 00:19:17", "elapsed": 455.220402, "delta": 0.000714}}
{"target": -17.671535949356194, "params": {"gamma": 538.188424304717, "log10_alpha": -4.755144286003353, "log10_colsample_bytree": -0.16338923912299697, "log10_eta": -2.1812517227622044, "log10_lambda": -3.479296040028048, "log10_min_child_weight": 0.6558754322391958, "log10_subsample": -0.29413732219464983, "max_depth": 5.0, "num_boost_round": 30.0}, "datetime": {"datetime": "2024-01-19 00:19:17", "elapsed": 455.221151, "delta": 0.000749}}
{"target": -17.671236773464067, "params": {"gamma": 538.188424304717, "log10_alpha": -4.755144286003353, "log10_colsample_bytree": -0.16338923912299697, "log10_eta": -2.1812517227622044, "log10_lambda": -3.479296040028048, "log10_min_child_weight": 0.6558754322391958, "log10_subsample": -0.29413732219464983, "max_depth": 5.0, "num_boost_round": 31.0}, "datetime": {"datetime": "2024-01-19 00:19:17", "elapsed": 455.221869, "delta": 0.000718}}
{"target": -17.67144213428385, "params": {"gamma": 538.188424304717, "log10_alpha": -4.755144286003353, "log10_colsample_bytree": -0.16338923912299697, "log10_eta": -2.1812517227622044, "log10_lambda": -3.479296040028048, "log10_min_child_weight": 0.6558754322391958, "log10_subsample": -0.29413732219464983, "max_depth": 5.0, "num_boost_round": 32.0}, "datetime": {"datetime": "2024-01-19 00:19:17", "elapsed": 455.2226, "delta": 0.000731}}
{"target": -17.6772270581209, "params": {"gamma": 555.4842366263787, "log10_alpha": -3.352190160239094, "log10_colsample_bytree": -0.3882643648817764, "log10_eta": -3.2765862613125325, "log10_lambda": -1.1936826436570716, "log10_min_child_weight": 4.4586320479726895, "log10_subsample": -0.710570165768183, "max_depth": 2.0, "num_boost_round": 0.0}, "datetime": {"datetime": "2024-01-19 00:19:36", "elapsed": 474.291725, "delta": 19.069125}}
{"target": -17.677224973563227, "params": {"gamma": 555.4842366263787, "log10_alpha": -3.352190160239094, "log10_colsample_bytree": -0.3882643648817764, "log10_eta": -3.2765862613125325, "log10_lambda": -1.1936826436570716, "log10_min_child_weight": 4.4586320479726895, "log10_subsample": -0.710570165768183, "max_depth": 2.0, "num_boost_round": 1.0}, "datetime": {"datetime": "2024-01-19 00:19:36", "elapsed": 474.293064, "delta": 0.001339}}
{"target": -17.677226181441615, "params": {"gamma": 555.4842366263787, "log10_alpha": -3.352190160239094, "log10_colsample_bytree": -0.3882643648817764, "log10_eta": -3.2765862613125325, "log10_lambda": -1.1936826436570716, "log10_min_child_weight": 4.4586320479726895, "log10_subsample": -0.710570165768183, "max_depth": 2.0, "num_boost_round": 2.0}, "datetime": {"datetime": "2024-01-19 00:19:36", "elapsed": 474.294311, "delta": 0.001247}}
{"target": -17.67722542362443, "params": {"gamma": 555.4842366263787, "log10_alpha": -3.352190160239094, "log10_colsample_bytree": -0.3882643648817764, "log10_eta": -3.2765862613125325, "log10_lambda": -1.1936826436570716, "log10_min_child_weight": 4.4586320479726895, "log10_subsample": -0.710570165768183, "max_depth": 2.0, "num_boost_round": 3.0}, "datetime": {"datetime": "2024-01-19 00:19:36", "elapsed": 474.29521, "delta": 0.000899}}
{"target": -17.67722386039943, "params": {"gamma": 555.4842366263787, "log10_alpha": -3.352190160239094, "log10_colsample_bytree": -0.3882643648817764, "log10_eta": -3.2765862613125325, "log10_lambda": -1.1936826436570716, "log10_min_child_weight": 4.4586320479726895, "log10_subsample": -0.710570165768183, "max_depth": 2.0, "num_boost_round": 4.0}, "datetime": {"datetime": "2024-01-19 00:19:36", "elapsed": 474.295978, "delta": 0.000768}}
{"target": -17.67722468612386, "params": {"gamma": 555.4842366263787, "log10_alpha": -3.352190160239094, "log10_colsample_bytree": -0.3882643648817764, "log10_eta": -3.2765862613125325, "log10_lambda": -1.1936826436570716, "log10_min_child_weight": 4.4586320479726895, "log10_subsample": -0.710570165768183, "max_depth": 2.0, "num_boost_round": 5.0}, "datetime": {"datetime": "2024-01-19 00:19:36", "elapsed": 474.296876, "delta": 0.000898}}
{"target": -17.677225320647633, "params": {"gamma": 555.4842366263787, "log10_alpha": -3.352190160239094, "log10_colsample_bytree": -0.3882643648817764, "log10_eta": -3.2765862613125325, "log10_lambda": -1.1936826436570716, "log10_min_child_weight": 4.4586320479726895, "log10_subsample": -0.710570165768183, "max_depth": 2.0, "num_boost_round": 6.0}, "datetime": {"datetime": "2024-01-19 00:19:36", "elapsed": 474.297634, "delta": 0.000758}}
{"target": -17.677225734044512, "params": {"gamma": 555.4842366263787, "log10_alpha": -3.352190160239094, "log10_colsample_bytree": -0.3882643648817764, "log10_eta": -3.2765862613125325, "log10_lambda": -1.1936826436570716, "log10_min_child_weight": 4.4586320479726895, "log10_subsample": -0.710570165768183, "max_depth": 2.0, "num_boost_round": 7.0}, "datetime": {"datetime": "2024-01-19 00:19:36", "elapsed": 474.298409, "delta": 0.000775}}
{"target": -17.67721993024356, "params": {"gamma": 555.4842366263787, "log10_alpha": -3.352190160239094, "log10_colsample_bytree": -0.3882643648817764, "log10_eta": -3.2765862613125325, "log10_lambda": -1.1936826436570716, "log10_min_child_weight": 4.4586320479726895, "log10_subsample": -0.710570165768183, "max_depth": 2.0, "num_boost_round": 8.0}, "datetime": {"datetime": "2024-01-19 00:19:36", "elapsed": 474.29918, "delta": 0.000771}}
{"target": -17.677215724226876, "params": {"gamma": 555.4842366263787, "log10_alpha": -3.352190160239094, "log10_colsample_bytree": -0.3882643648817764, "log10_eta": -3.2765862613125325, "log10_lambda": -1.1936826436570716, "log10_min_child_weight": 4.4586320479726895, "log10_subsample": -0.710570165768183, "max_depth": 2.0, "num_boost_round": 9.0}, "datetime": {"datetime": "2024-01-19 00:19:36", "elapsed": 474.300021, "delta": 0.000841}}
