{"target": -17.677080679661422, "params": {"gamma": 742.2929048661349, "log10_alpha": -4.630678627009305, "log10_colsample_bytree": -0.29356736070180967, "log10_eta": -3.6905311162981334, "log10_lambda": -4.8579620040887335, "log10_min_child_weight": 3.0629478269126875, "log10_subsample": -0.48117184488580744, "max_depth": 9.0, "num_boost_round": 20.0}, "datetime": {"datetime": "2024-01-19 01:12:55", "elapsed": 3683.104028, "delta": 0.004542}}
{"target": -17.67708219550945, "params": {"gamma": 742.2929048661349, "log10_alpha": -4.630678627009305, "log10_colsample_bytree": -0.29356736070180967, "log10_eta": -3.6905311162981334, "log10_lambda": -4.8579620040887335, "log10_min_child_weight": 3.0629478269126875, "log10_subsample": -0.48117184488580744, "max_depth": 9.0, "num_boost_round": 21.0}, "datetime": {"datetime": "2024-01-19 01:12:55", "elapsed": 3683.108694, "delta": 0.004666}}
{"target": -17.67707032119617, "params": {"gamma": 742.2929048661349, "log10_alpha": -4.630678627009305, "log10_colsample_bytree": -0.29356736070180967, "log10_eta": -3.6905311162981334, "log10_lambda": -4.8579620040887335, "log10_min_child_weight": 3.0629478269126875, "log10_subsample": -0.48117184488580744, "max_depth": 9.0, "num_boost_round": 22.0}, "datetime": {"datetime": "2024-01-19 01:12:55", "elapsed": 3683.11313, "delta": 0.004436}}
{"target": -17.67705895468992, "params": {"gamma": 742.2929048661349, "log10_alpha": -4.630678627009305, "log10_colsample_bytree": -0.29356736070180967, "log10_eta": -3.6905311162981334, "log10_lambda": -4.8579620040887335, "log10_min_child_weight": 3.0629478269126875, "log10_subsample": -0.48117184488580744, "max_depth": 9.0, "num_boost_round": 23.0}, "datetime": {"datetime": "2024-01-19 01:12:55", "elapsed": 3683.117609, "delta": 0.004479}}
{"target": -17.677042876949272, "params": {"gamma": 742.2929048661349, "log10_alpha": -4.630678627009305, "log10_colsample_bytree": -0.29356736070180967, "log10_eta": -3.6905311162981334, "log10_lambda": -4.8579620040887335, "log10_min_child_weight": 3.0629478269126875, "log10_subsample": -0.48117184488580744, "max_depth": 9.0, "num_boost_round": 24.0}, "datetime": {"datetime": "2024-01-19 01:12:55", "elapsed": 3683.123365, "delta": 0.005756}}
{"target": -17.677044183323872, "params": {"gamma": 742.2929048661349, "log10_alpha": -4.630678627009305, "log10_colsample_bytree": -0.29356736070180967, "log10_eta": -3.6905311162981334, "log10_lambda": -4.8579620040887335, "log10_min_child_weight": 3.0629478269126875, "log10_subsample": -0.48117184488580744, "max_depth": 9.0, "num_boost_round": 25.0}, "datetime": {"datetime": "2024-01-19 01:12:55", "elapsed": 3683.128127, "delta": 0.004762}}
{"target": -17.67704437484457, "params": {"gamma": 742.2929048661349, "log10_alpha": -4.630678627009305, "log10_colsample_bytree": -0.29356736070180967, "log10_eta": -3.6905311162981334, "log10_lambda": -4.8579620040887335, "log10_min_child_weight": 3.0629478269126875, "log10_subsample": -0.48117184488580744, "max_depth": 9.0, "num_boost_round": 26.0}, "datetime": {"datetime": "2024-01-19 01:12:55", "elapsed": 3683.132606, "delta": 0.004479}}
{"target": -17.677041343054363, "params": {"gamma": 742.2929048661349, "log10_alpha": -4.630678627009305, "log10_colsample_bytree": -0.29356736070180967, "log10_eta": -3.6905311162981334, "log10_lambda": -4.8579620040887335, "log10_min_child_weight": 3.0629478269126875, "log10_subsample": -0.48117184488580744, "max_depth": 9.0, "num_boost_round": 27.0}, "datetime": {"datetime": "2024-01-19 01:12:55", "elapsed": 3683.137266, "delta": 0.00466}}
{"target": -17.67703360770789, "params": {"gamma": 742.2929048661349, "log10_alpha": -4.630678627009305, "log10_colsample_bytree": -0.29356736070180967, "log10_eta": -3.6905311162981334, "log10_lambda": -4.8579620040887335, "log10_min_child_weight": 3.0629478269126875, "log10_subsample": -0.48117184488580744, "max_depth": 9.0, "num_boost_round": 28.0}, "datetime": {"datetime": "2024-01-19 01:12:55", "elapsed": 3683.141746, "delta": 0.00448}}
{"target": -17.677022319605122, "params": {"gamma": 742.2929048661349, "log10_alpha": -4.630678627009305, "log10_colsample_bytree": -0.29356736070180967, "log10_eta": -3.6905311162981334, "log10_lambda": -4.8579620040887335, "log10_min_child_weight": 3.0629478269126875, "log10_subsample": -0.48117184488580744, "max_depth": 9.0, "num_boost_round": 29.0}, "datetime": {"datetime": "2024-01-19 01:12:55", "elapsed": 3683.146174, "delta": 0.004428}}
{"target": -17.677016785898406, "params": {"gamma": 742.2929048661349, "log10_alpha": -4.630678627009305, "log10_colsample_bytree": -0.29356736070180967, "log10_eta": -3.6905311162981334, "log10_lambda": -4.8579620040887335, "log10_min_child_weight": 3.0629478269126875, "log10_subsample": -0.48117184488580744, "max_depth": 9.0, "num_boost_round": 30.0}, "datetime": {"datetime": "2024-01-19 01:12:55", "elapsed": 3683.150722, "delta": 0.004548}}
{"target": -17.677003010103306, "params": {"gamma": 742.2929048661349, "log10_alpha": -4.630678627009305, "log10_colsample_bytree": -0.29356736070180967, "log10_eta": -3.6905311162981334, "log10_lambda": -4.8579620040887335, "log10_min_child_weight": 3.0629478269126875, "log10_subsample": -0.48117184488580744, "max_depth": 9.0, "num_boost_round": 31.0}, "datetime": {"datetime": "2024-01-19 01:12:55", "elapsed": 3683.155114, "delta": 0.004392}}
{"target": -17.676998139469354, "params": {"gamma": 742.2929048661349, "log10_alpha": -4.630678627009305, "log10_colsample_bytree": -0.29356736070180967, "log10_eta": -3.6905311162981334, "log10_lambda": -4.8579620040887335, "log10_min_child_weight": 3.0629478269126875, "log10_subsample": -0.48117184488580744, "max_depth": 9.0, "num_boost_round": 32.0}, "datetime": {"datetime": "2024-01-19 01:12:55", "elapsed": 3683.159591, "delta": 0.004477}}
{"target": -17.67699988692555, "params": {"gamma": 742.2929048661349, "log10_alpha": -4.630678627009305, "log10_colsample_bytree": -0.29356736070180967, "log10_eta": -3.6905311162981334, "log10_lambda": -4.8579620040887335, "log10_min_child_weight": 3.0629478269126875, "log10_subsample": -0.48117184488580744, "max_depth": 9.0, "num_boost_round": 33.0}, "datetime": {"datetime": "2024-01-19 01:12:55", "elapsed": 3683.164206, "delta": 0.004615}}
{"target": -17.676991571466786, "params": {"gamma": 742.2929048661349, "log10_alpha": -4.630678627009305, "log10_colsample_bytree": -0.29356736070180967, "log10_eta": -3.6905311162981334, "log10_lambda": -4.8579620040887335, "log10_min_child_weight": 3.0629478269126875, "log10_subsample": -0.48117184488580744, "max_depth": 9.0, "num_boost_round": 34.0}, "datetime": {"datetime": "2024-01-19 01:12:55", "elapsed": 3683.16866, "delta": 0.004454}}
{"target": -17.67699384668259, "params": {"gamma": 742.2929048661349, "log10_alpha": -4.630678627009305, "log10_colsample_bytree": -0.29356736070180967, "log10_eta": -3.6905311162981334, "log10_lambda": -4.8579620040887335, "log10_min_child_weight": 3.0629478269126875, "log10_subsample": -0.48117184488580744, "max_depth": 9.0, "num_boost_round": 35.0}, "datetime": {"datetime": "2024-01-19 01:12:55", "elapsed": 3683.173153, "delta": 0.004493}}
{"target": -17.676998461078874, "params": {"gamma": 742.2929048661349, "log10_alpha": -4.630678627009305, "log10_colsample_bytree": -0.29356736070180967, "log10_eta": -3.6905311162981334, "log10_lambda": -4.8579620040887335, "log10_min_child_weight": 3.0629478269126875, "log10_subsample": -0.48117184488580744, "max_depth": 9.0, "num_boost_round": 36.0}, "datetime": {"datetime": "2024-01-19 01:12:55", "elapsed": 3683.17776, "delta": 0.004607}}
{"target": -17.67699387486978, "params": {"gamma": 742.2929048661349, "log10_alpha": -4.630678627009305, "log10_colsample_bytree": -0.29356736070180967, "log10_eta": -3.6905311162981334, "log10_lambda": -4.8579620040887335, "log10_min_child_weight": 3.0629478269126875, "log10_subsample": -0.48117184488580744, "max_depth": 9.0, "num_boost_round": 37.0}, "datetime": {"datetime": "2024-01-19 01:12:55", "elapsed": 3683.18229, "delta": 0.00453}}
{"target": -17.676993749261847, "params": {"gamma": 742.2929048661349, "log10_alpha": -4.630678627009305, "log10_colsample_bytree": -0.29356736070180967, "log10_eta": -3.6905311162981334, "log10_lambda": -4.8579620040887335, "log10_min_child_weight": 3.0629478269126875, "log10_subsample": -0.48117184488580744, "max_depth": 9.0, "num_boost_round": 38.0}, "datetime": {"datetime": "2024-01-19 01:12:55", "elapsed": 3683.186911, "delta": 0.004621}}
{"target": -17.676982629485995, "params": {"gamma": 742.2929048661349, "log10_alpha": -4.630678627009305, "log10_colsample_bytree": -0.29356736070180967, "log10_eta": -3.6905311162981334, "log10_lambda": -4.8579620040887335, "log10_min_child_weight": 3.0629478269126875, "log10_subsample": -0.48117184488580744, "max_depth": 9.0, "num_boost_round": 39.0}, "datetime": {"datetime": "2024-01-19 01:12:55", "elapsed": 3683.191601, "delta": 0.00469}}
{"target": -17.676977717712592, "params": {"gamma": 742.2929048661349, "log10_alpha": -4.630678627009305, "log10_colsample_bytree": -0.29356736070180967, "log10_eta": -3.6905311162981334, "log10_lambda": -4.8579620040887335, "log10_min_child_weight": 3.0629478269126875, "log10_subsample": -0.48117184488580744, "max_depth": 9.0, "num_boost_round": 40.0}, "datetime": {"datetime": "2024-01-19 01:12:55", "elapsed": 3683.196139, "delta": 0.004538}}
{"target": -17.676963317579407, "params": {"gamma": 742.2929048661349, "log10_alpha": -4.630678627009305, "log10_colsample_bytree": -0.29356736070180967, "log10_eta": -3.6905311162981334, "log10_lambda": -4.8579620040887335, "log10_min_child_weight": 3.0629478269126875, "log10_subsample": -0.48117184488580744, "max_depth": 9.0, "num_boost_round": 41.0}, "datetime": {"datetime": "2024-01-19 01:12:55", "elapsed": 3683.200749, "delta": 0.00461}}
{"target": -17.676946915553234, "params": {"gamma": 742.2929048661349, "log10_alpha": -4.630678627009305, "log10_colsample_bytree": -0.29356736070180967, "log10_eta": -3.6905311162981334, "log10_lambda": -4.8579620040887335, "log10_min_child_weight": 3.0629478269126875, "log10_subsample": -0.48117184488580744, "max_depth": 9.0, "num_boost_round": 42.0}, "datetime": {"datetime": "2024-01-19 01:12:55", "elapsed": 3683.205452, "delta": 0.004703}}
{"target": -17.67694857815342, "params": {"gamma": 742.2929048661349, "log10_alpha": -4.630678627009305, "log10_colsample_bytree": -0.29356736070180967, "log10_eta": -3.6905311162981334, "log10_lambda": -4.8579620040887335, "log10_min_child_weight": 3.0629478269126875, "log10_subsample": -0.48117184488580744, "max_depth": 9.0, "num_boost_round": 43.0}, "datetime": {"datetime": "2024-01-19 01:12:55", "elapsed": 3683.209998, "delta": 0.004546}}
{"target": -17.676946648601245, "params": {"gamma": 742.2929048661349, "log10_alpha": -4.630678627009305, "log10_colsample_bytree": -0.29356736070180967, "log10_eta": -3.6905311162981334, "log10_lambda": -4.8579620040887335, "log10_min_child_weight": 3.0629478269126875, "log10_subsample": -0.48117184488580744, "max_depth": 9.0, "num_boost_round": 44.0}, "datetime": {"datetime": "2024-01-19 01:12:55", "elapsed": 3683.214546, "delta": 0.004548}}
{"target": -17.676936390638154, "params": {"gamma": 742.2929048661349, "log10_alpha": -4.630678627009305, "log10_colsample_bytree": -0.29356736070180967, "log10_eta": -3.6905311162981334, "log10_lambda": -4.8579620040887335, "log10_min_child_weight": 3.0629478269126875, "log10_subsample": -0.48117184488580744, "max_depth": 9.0, "num_boost_round": 45.0}, "datetime": {"datetime": "2024-01-19 01:12:55", "elapsed": 3683.220557, "delta": 0.006011}}
{"target": -17.676943795006533, "params": {"gamma": 742.2929048661349, "log10_alpha": -4.630678627009305, "log10_colsample_bytree": -0.29356736070180967, "log10_eta": -3.6905311162981334, "log10_lambda": -4.8579620040887335, "log10_min_child_weight": 3.0629478269126875, "log10_subsample": -0.48117184488580744, "max_depth": 9.0, "num_boost_round": 46.0}, "datetime": {"datetime": "2024-01-19 01:12:55", "elapsed": 3683.225314, "delta": 0.004757}}
{"target": -17.67692563278919, "params": {"gamma": 742.2929048661349, "log10_alpha": -4.630678627009305, "log10_colsample_bytree": -0.29356736070180967, "log10_eta": -3.6905311162981334, "log10_lambda": -4.8579620040887335, "log10_min_child_weight": 3.0629478269126875, "log10_subsample": -0.48117184488580744, "max_depth": 9.0, "num_boost_round": 47.0}, "datetime": {"datetime": "2024-01-19 01:12:55", "elapsed": 3683.230091, "delta": 0.004777}}
{"target": -17.676928595319275, "params": {"gamma": 742.2929048661349, "log10_alpha": -4.630678627009305, "log10_colsample_bytree": -0.29356736070180967, "log10_eta": -3.6905311162981334, "log10_lambda": -4.8579620040887335, "log10_min_child_weight": 3.0629478269126875, "log10_subsample": -0.48117184488580744, "max_depth": 9.0, "num_boost_round": 48.0}, "datetime": {"datetime": "2024-01-19 01:12:55", "elapsed": 3683.234636, "delta": 0.004545}}
{"target": -17.676930273515875, "params": {"gamma": 742.2929048661349, "log10_alpha": -4.630678627009305, "log10_colsample_bytree": -0.29356736070180967, "log10_eta": -3.6905311162981334, "log10_lambda": -4.8579620040887335, "log10_min_child_weight": 3.0629478269126875, "log10_subsample": -0.48117184488580744, "max_depth": 9.0, "num_boost_round": 49.0}, "datetime": {"datetime": "2024-01-19 01:12:55", "elapsed": 3683.239143, "delta": 0.004507}}
{"target": -17.676916334404908, "params": {"gamma": 742.2929048661349, "log10_alpha": -4.630678627009305, "log10_colsample_bytree": -0.29356736070180967, "log10_eta": -3.6905311162981334, "log10_lambda": -4.8579620040887335, "log10_min_child_weight": 3.0629478269126875, "log10_subsample": -0.48117184488580744, "max_depth": 9.0, "num_boost_round": 50.0}, "datetime": {"datetime": "2024-01-19 01:12:55", "elapsed": 3683.243634, "delta": 0.004491}}
{"target": -17.676917417828978, "params": {"gamma": 742.2929048661349, "log10_alpha": -4.630678627009305, "log10_colsample_bytree": -0.29356736070180967, "log10_eta": -3.6905311162981334, "log10_lambda": -4.8579620040887335, "log10_min_child_weight": 3.0629478269126875, "log10_subsample": -0.48117184488580744, "max_depth": 9.0, "num_boost_round": 51.0}, "datetime": {"datetime": "2024-01-19 01:12:56", "elapsed": 3683.370693, "delta": 0.127059}}
{"target": -17.67692541734925, "params": {"gamma": 742.2929048661349, "log10_alpha": -4.630678627009305, "log10_colsample_bytree": -0.29356736070180967, "log10_eta": -3.6905311162981334, "log10_lambda": -4.8579620040887335, "log10_min_child_weight": 3.0629478269126875, "log10_subsample": -0.48117184488580744, "max_depth": 9.0, "num_boost_round": 52.0}, "datetime": {"datetime": "2024-01-19 01:12:56", "elapsed": 3683.376203, "delta": 0.00551}}
{"target": -17.67723179744078, "params": {"gamma": 63.59257349349268, "log10_alpha": 0.4878350201531063, "log10_colsample_bytree": -0.9604096955672107, "log10_eta": -3.100892878886773, "log10_lambda": -0.8021413643953927, "log10_min_child_weight": 4.265004468737387, "log10_subsample": -0.4384554867721212, "max_depth": 2.0, "num_boost_round": 0.0}, "datetime": {"datetime": "2024-01-19 01:14:09", "elapsed": 3757.167883, "delta": 73.79168}}
{"target": -17.677229262688115, "params": {"gamma": 63.59257349349268, "log10_alpha": 0.4878350201531063, "log10_colsample_bytree": -0.9604096955672107, "log10_eta": -3.100892878886773, "log10_lambda": -0.8021413643953927, "log10_min_child_weight": 4.265004468737387, "log10_subsample": -0.4384554867721212, "max_depth": 2.0, "num_boost_round": 1.0}, "datetime": {"datetime": "2024-01-19 01:14:09", "elapsed": 3757.173508, "delta": 0.005625}}
{"target": -17.677232748163878, "params": {"gamma": 63.59257349349268, "log10_alpha": 0.4878350201531063, "log10_colsample_bytree": -0.9604096955672107, "log10_eta": -3.100892878886773, "log10_lambda": -0.8021413643953927, "log10_min_child_weight": 4.265004468737387, "log10_subsample": -0.4384554867721212, "max_depth": 2.0, "num_boost_round": 2.0}, "datetime": {"datetime": "2024-01-19 01:14:09", "elapsed": 3757.178616, "delta": 0.005108}}
{"target": -17.677233262672054, "params": {"gamma": 63.59257349349268, "log10_alpha": 0.4878350201531063, "log10_colsample_bytree": -0.9604096955672107, "log10_eta": -3.100892878886773, "log10_lambda": -0.8021413643953927, "log10_min_child_weight": 4.265004468737387, "log10_subsample": -0.4384554867721212, "max_depth": 2.0, "num_boost_round": 3.0}, "datetime": {"datetime": "2024-01-19 01:14:09", "elapsed": 3757.18339, "delta": 0.004774}}
{"target": -17.677233756689798, "params": {"gamma": 63.59257349349268, "log10_alpha": 0.4878350201531063, "log10_colsample_bytree": -0.9604096955672107, "log10_eta": -3.100892878886773, "log10_lambda": -0.8021413643953927, "log10_min_child_weight": 4.265004468737387, "log10_subsample": -0.4384554867721212, "max_depth": 2.0, "num_boost_round": 4.0}, "datetime": {"datetime": "2024-01-19 01:14:09", "elapsed": 3757.188109, "delta": 0.004719}}
{"target": -17.67722699261203, "params": {"gamma": 63.59257349349268, "log10_alpha": 0.4878350201531063, "log10_colsample_bytree": -0.9604096955672107, "log10_eta": -3.100892878886773, "log10_lambda": -0.8021413643953927, "log10_min_child_weight": 4.265004468737387, "log10_subsample": -0.4384554867721212, "max_depth": 2.0, "num_boost_round": 5.0}, "datetime": {"datetime": "2024-01-19 01:14:09", "elapsed": 3757.19288, "delta": 0.004771}}
{"target": -17.6772259075989, "params": {"gamma": 63.59257349349268, "log10_alpha": 0.4878350201531063, "log10_colsample_bytree": -0.9604096955672107, "log10_eta": -3.100892878886773, "log10_lambda": -0.8021413643953927, "log10_min_child_weight": 4.265004468737387, "log10_subsample": -0.4384554867721212, "max_depth": 2.0, "num_boost_round": 6.0}, "datetime": {"datetime": "2024-01-19 01:14:09", "elapsed": 3757.197566, "delta": 0.004686}}
{"target": -17.67722087446109, "params": {"gamma": 63.59257349349268, "log10_alpha": 0.4878350201531063, "log10_colsample_bytree": -0.9604096955672107, "log10_eta": -3.100892878886773, "log10_lambda": -0.8021413643953927, "log10_min_child_weight": 4.265004468737387, "log10_subsample": -0.4384554867721212, "max_depth": 2.0, "num_boost_round": 7.0}, "datetime": {"datetime": "2024-01-19 01:14:09", "elapsed": 3757.202287, "delta": 0.004721}}
{"target": -17.67722810578331, "params": {"gamma": 63.59257349349268, "log10_alpha": 0.4878350201531063, "log10_colsample_bytree": -0.9604096955672107, "log10_eta": -3.100892878886773, "log10_lambda": -0.8021413643953927, "log10_min_child_weight": 4.265004468737387, "log10_subsample": -0.4384554867721212, "max_depth": 2.0, "num_boost_round": 8.0}, "datetime": {"datetime": "2024-01-19 01:14:09", "elapsed": 3757.206905, "delta": 0.004618}}
{"target": -17.677230013461543, "params": {"gamma": 63.59257349349268, "log10_alpha": 0.4878350201531063, "log10_colsample_bytree": -0.9604096955672107, "log10_eta": -3.100892878886773, "log10_lambda": -0.8021413643953927, "log10_min_child_weight": 4.265004468737387, "log10_subsample": -0.4384554867721212, "max_depth": 2.0, "num_boost_round": 9.0}, "datetime": {"datetime": "2024-01-19 01:14:09", "elapsed": 3757.211703, "delta": 0.004798}}
{"target": -17.677226585573482, "params": {"gamma": 63.59257349349268, "log10_alpha": 0.4878350201531063, "log10_colsample_bytree": -0.9604096955672107, "log10_eta": -3.100892878886773, "log10_lambda": -0.8021413643953927, "log10_min_child_weight": 4.265004468737387, "log10_subsample": -0.4384554867721212, "max_depth": 2.0, "num_boost_round": 10.0}, "datetime": {"datetime": "2024-01-19 01:14:09", "elapsed": 3757.216525, "delta": 0.004822}}
{"target": -17.677219574603846, "params": {"gamma": 63.59257349349268, "log10_alpha": 0.4878350201531063, "log10_colsample_bytree": -0.9604096955672107, "log10_eta": -3.100892878886773, "log10_lambda": -0.8021413643953927, "log10_min_child_weight": 4.265004468737387, "log10_subsample": -0.4384554867721212, "max_depth": 2.0, "num_boost_round": 11.0}, "datetime": {"datetime": "2024-01-19 01:14:09", "elapsed": 3757.221333, "delta": 0.004808}}
{"target": -17.677210060681464, "params": {"gamma": 63.59257349349268, "log10_alpha": 0.4878350201531063, "log10_colsample_bytree": -0.9604096955672107, "log10_eta": -3.100892878886773, "log10_lambda": -0.8021413643953927, "log10_min_child_weight": 4.265004468737387, "log10_subsample": -0.4384554867721212, "max_depth": 2.0, "num_boost_round": 12.0}, "datetime": {"datetime": "2024-01-19 01:14:09", "elapsed": 3757.225964, "delta": 0.004631}}
{"target": -17.677199852882186, "params": {"gamma": 63.59257349349268, "log10_alpha": 0.4878350201531063, "log10_colsample_bytree": -0.9604096955672107, "log10_eta": -3.100892878886773, "log10_lambda": -0.8021413643953927, "log10_min_child_weight": 4.265004468737387, "log10_subsample": -0.4384554867721212, "max_depth": 2.0, "num_boost_round": 13.0}, "datetime": {"datetime": "2024-01-19 01:14:09", "elapsed": 3757.230924, "delta": 0.00496}}
{"target": -17.677188383644673, "params": {"gamma": 63.59257349349268, "log10_alpha": 0.4878350201531063, "log10_colsample_bytree": -0.9604096955672107, "log10_eta": -3.100892878886773, "log10_lambda": -0.8021413643953927, "log10_min_child_weight": 4.265004468737387, "log10_subsample": -0.4384554867721212, "max_depth": 2.0, "num_boost_round": 14.0}, "datetime": {"datetime": "2024-01-19 01:14:09", "elapsed": 3757.235698, "delta": 0.004774}}
{"target": -17.677183625831766, "params": {"gamma": 63.59257349349268, "log10_alpha": 0.4878350201531063, "log10_colsample_bytree": -0.9604096955672107, "log10_eta": -3.100892878886773, "log10_lambda": -0.8021413643953927, "log10_min_child_weight": 4.265004468737387, "log10_subsample": -0.4384554867721212, "max_depth": 2.0, "num_boost_round": 15.0}, "datetime": {"datetime": "2024-01-19 01:14:09", "elapsed": 3757.240467, "delta": 0.004769}}
