{"target": -17.67717960517444, "params": {"gamma": 607.7909968957418, "log10_alpha": -0.509281184969284, "log10_colsample_bytree": -0.8575853507661603, "log10_eta": -3.896468770385947, "log10_lambda": -0.5178990678460824, "log10_min_child_weight": 4.503412794837167, "log10_subsample": -0.6200213273354845, "max_depth": 7.0, "num_boost_round": 60.0}, "datetime": {"datetime": "2024-01-19 02:17:02", "elapsed": 7519.379278, "delta": 0.00643}}
{"target": -17.677179117376305, "params": {"gamma": 607.7909968957418, "log10_alpha": -0.509281184969284, "log10_colsample_bytree": -0.8575853507661603, "log10_eta": -3.896468770385947, "log10_lambda": -0.5178990678460824, "log10_min_child_weight": 4.503412794837167, "log10_subsample": -0.6200213273354845, "max_depth": 7.0, "num_boost_round": 61.0}, "datetime": {"datetime": "2024-01-19 02:17:02", "elapsed": 7519.385706, "delta": 0.006428}}
{"target": -17.67717788500322, "params": {"gamma": 607.7909968957418, "log10_alpha": -0.509281184969284, "log10_colsample_bytree": -0.8575853507661603, "log10_eta": -3.896468770385947, "log10_lambda": -0.5178990678460824, "log10_min_child_weight": 4.503412794837167, "log10_subsample": -0.6200213273354845, "max_depth": 7.0, "num_boost_round": 62.0}, "datetime": {"datetime": "2024-01-19 02:17:02", "elapsed": 7519.392122, "delta": 0.006416}}
{"target": -17.677175801712433, "params": {"gamma": 607.7909968957418, "log10_alpha": -0.509281184969284, "log10_colsample_bytree": -0.8575853507661603, "log10_eta": -3.896468770385947, "log10_lambda": -0.5178990678460824, "log10_min_child_weight": 4.503412794837167, "log10_subsample": -0.6200213273354845, "max_depth": 7.0, "num_boost_round": 63.0}, "datetime": {"datetime": "2024-01-19 02:17:02", "elapsed": 7519.398528, "delta": 0.006406}}
{"target": -17.677232946493636, "params": {"gamma": 656.7694192300343, "log10_alpha": 1.0, "log10_colsample_bytree": -1.0, "log10_eta": -4.0, "log10_lambda": -5.0, "log10_min_child_weight": 5.0, "log10_subsample": -1.0, "max_depth": 2.0, "num_boost_round": 0.0}, "datetime": {"datetime": "2024-01-19 02:18:04", "elapsed": 7581.361739, "delta": 61.963211}}
{"target": -17.67723297879355, "params": {"gamma": 656.7694192300343, "log10_alpha": 1.0, "log10_colsample_bytree": -1.0, "log10_eta": -4.0, "log10_lambda": -5.0, "log10_min_child_weight": 5.0, "log10_subsample": -1.0, "max_depth": 2.0, "num_boost_round": 1.0}, "datetime": {"datetime": "2024-01-19 02:18:04", "elapsed": 7581.36828, "delta": 0.006541}}
{"target": -17.677232978916656, "params": {"gamma": 656.7694192300343, "log10_alpha": 1.0, "log10_colsample_bytree": -1.0, "log10_eta": -4.0, "log10_lambda": -5.0, "log10_min_child_weight": 5.0, "log10_subsample": -1.0, "max_depth": 2.0, "num_boost_round": 2.0}, "datetime": {"datetime": "2024-01-19 02:18:04", "elapsed": 7581.374388, "delta": 0.006108}}
{"target": -17.677233026111516, "params": {"gamma": 656.7694192300343, "log10_alpha": 1.0, "log10_colsample_bytree": -1.0, "log10_eta": -4.0, "log10_lambda": -5.0, "log10_min_child_weight": 5.0, "log10_subsample": -1.0, "max_depth": 2.0, "num_boost_round": 3.0}, "datetime": {"datetime": "2024-01-19 02:18:04", "elapsed": 7581.380551, "delta": 0.006163}}
{"target": -17.67723297045092, "params": {"gamma": 656.7694192300343, "log10_alpha": 1.0, "log10_colsample_bytree": -1.0, "log10_eta": -4.0, "log10_lambda": -5.0, "log10_min_child_weight": 5.0, "log10_subsample": -1.0, "max_depth": 2.0, "num_boost_round": 4.0}, "datetime": {"datetime": "2024-01-19 02:18:04", "elapsed": 7581.386789, "delta": 0.006238}}
{"target": -17.677232990484626, "params": {"gamma": 656.7694192300343, "log10_alpha": 1.0, "log10_colsample_bytree": -1.0, "log10_eta": -4.0, "log10_lambda": -5.0, "log10_min_child_weight": 5.0, "log10_subsample": -1.0, "max_depth": 2.0, "num_boost_round": 5.0}, "datetime": {"datetime": "2024-01-19 02:18:04", "elapsed": 7581.39297, "delta": 0.006181}}
{"target": -17.677233004789812, "params": {"gamma": 656.7694192300343, "log10_alpha": 1.0, "log10_colsample_bytree": -1.0, "log10_eta": -4.0, "log10_lambda": -5.0, "log10_min_child_weight": 5.0, "log10_subsample": -1.0, "max_depth": 2.0, "num_boost_round": 6.0}, "datetime": {"datetime": "2024-01-19 02:18:04", "elapsed": 7581.399023, "delta": 0.006053}}
{"target": -17.677232926803566, "params": {"gamma": 656.7694192300343, "log10_alpha": 1.0, "log10_colsample_bytree": -1.0, "log10_eta": -4.0, "log10_lambda": -5.0, "log10_min_child_weight": 5.0, "log10_subsample": -1.0, "max_depth": 2.0, "num_boost_round": 7.0}, "datetime": {"datetime": "2024-01-19 02:18:04", "elapsed": 7581.405423, "delta": 0.0064}}
{"target": -17.677232921930823, "params": {"gamma": 656.7694192300343, "log10_alpha": 1.0, "log10_colsample_bytree": -1.0, "log10_eta": -4.0, "log10_lambda": -5.0, "log10_min_child_weight": 5.0, "log10_subsample": -1.0, "max_depth": 2.0, "num_boost_round": 8.0}, "datetime": {"datetime": "2024-01-19 02:18:04", "elapsed": 7581.4116, "delta": 0.006177}}
{"target": -17.6772329007635, "params": {"gamma": 656.7694192300343, "log10_alpha": 1.0, "log10_colsample_bytree": -1.0, "log10_eta": -4.0, "log10_lambda": -5.0, "log10_min_child_weight": 5.0, "log10_subsample": -1.0, "max_depth": 2.0, "num_boost_round": 9.0}, "datetime": {"datetime": "2024-01-19 02:18:04", "elapsed": 7581.417688, "delta": 0.006088}}
{"target": -17.677232921769587, "params": {"gamma": 656.7694192300343, "log10_alpha": 1.0, "log10_colsample_bytree": -1.0, "log10_eta": -4.0, "log10_lambda": -5.0, "log10_min_child_weight": 5.0, "log10_subsample": -1.0, "max_depth": 2.0, "num_boost_round": 10.0}, "datetime": {"datetime": "2024-01-19 02:18:04", "elapsed": 7581.423816, "delta": 0.006128}}
{"target": -17.677232906626454, "params": {"gamma": 656.7694192300343, "log10_alpha": 1.0, "log10_colsample_bytree": -1.0, "log10_eta": -4.0, "log10_lambda": -5.0, "log10_min_child_weight": 5.0, "log10_subsample": -1.0, "max_depth": 2.0, "num_boost_round": 11.0}, "datetime": {"datetime": "2024-01-19 02:18:04", "elapsed": 7581.429934, "delta": 0.006118}}
{"target": -17.693354669221094, "params": {"gamma": 604.2692412045648, "log10_alpha": -3.3330581226037297, "log10_colsample_bytree": -0.7232076724916027, "log10_eta": -0.29117453068685384, "log10_lambda": -1.5620155777908291, "log10_min_child_weight": 2.9135278720273567, "log10_subsample": -0.877057768215938, "max_depth": 5.0, "num_boost_round": 0.0}, "datetime": {"datetime": "2024-01-19 02:19:39", "elapsed": 7676.623713, "delta": 95.193779}}
{"target": -17.699489446565636, "params": {"gamma": 604.2692412045648, "log10_alpha": -3.3330581226037297, "log10_colsample_bytree": -0.7232076724916027, "log10_eta": -0.29117453068685384, "log10_lambda": -1.5620155777908291, "log10_min_child_weight": 2.9135278720273567, "log10_subsample": -0.877057768215938, "max_depth": 5.0, "num_boost_round": 1.0}, "datetime": {"datetime": "2024-01-19 02:19:39", "elapsed": 7676.744353, "delta": 0.12064}}
{"target": -17.712350921811602, "params": {"gamma": 604.2692412045648, "log10_alpha": -3.3330581226037297, "log10_colsample_bytree": -0.7232076724916027, "log10_eta": -0.29117453068685384, "log10_lambda": -1.5620155777908291, "log10_min_child_weight": 2.9135278720273567, "log10_subsample": -0.877057768215938, "max_depth": 5.0, "num_boost_round": 2.0}, "datetime": {"datetime": "2024-01-19 02:19:39", "elapsed": 7676.751641, "delta": 0.007288}}
{"target": -17.738157815665588, "params": {"gamma": 604.2692412045648, "log10_alpha": -3.3330581226037297, "log10_colsample_bytree": -0.7232076724916027, "log10_eta": -0.29117453068685384, "log10_lambda": -1.5620155777908291, "log10_min_child_weight": 2.9135278720273567, "log10_subsample": -0.877057768215938, "max_depth": 5.0, "num_boost_round": 3.0}, "datetime": {"datetime": "2024-01-19 02:19:39", "elapsed": 7676.757997, "delta": 0.006356}}
{"target": -17.75828607158694, "params": {"gamma": 604.2692412045648, "log10_alpha": -3.3330581226037297, "log10_colsample_bytree": -0.7232076724916027, "log10_eta": -0.29117453068685384, "log10_lambda": -1.5620155777908291, "log10_min_child_weight": 2.9135278720273567, "log10_subsample": -0.877057768215938, "max_depth": 5.0, "num_boost_round": 4.0}, "datetime": {"datetime": "2024-01-19 02:19:39", "elapsed": 7676.764244, "delta": 0.006247}}
{"target": -17.795924642301248, "params": {"gamma": 604.2692412045648, "log10_alpha": -3.3330581226037297, "log10_colsample_bytree": -0.7232076724916027, "log10_eta": -0.29117453068685384, "log10_lambda": -1.5620155777908291, "log10_min_child_weight": 2.9135278720273567, "log10_subsample": -0.877057768215938, "max_depth": 5.0, "num_boost_round": 5.0}, "datetime": {"datetime": "2024-01-19 02:19:39", "elapsed": 7676.770501, "delta": 0.006257}}
{"target": -17.811860197081945, "params": {"gamma": 604.2692412045648, "log10_alpha": -3.3330581226037297, "log10_colsample_bytree": -0.7232076724916027, "log10_eta": -0.29117453068685384, "log10_lambda": -1.5620155777908291, "log10_min_child_weight": 2.9135278720273567, "log10_subsample": -0.877057768215938, "max_depth": 5.0, "num_boost_round": 6.0}, "datetime": {"datetime": "2024-01-19 02:19:39", "elapsed": 7676.776771, "delta": 0.00627}}
{"target": -17.833035414927863, "params": {"gamma": 604.2692412045648, "log10_alpha": -3.3330581226037297, "log10_colsample_bytree": -0.7232076724916027, "log10_eta": -0.29117453068685384, "log10_lambda": -1.5620155777908291, "log10_min_child_weight": 2.9135278720273567, "log10_subsample": -0.877057768215938, "max_depth": 5.0, "num_boost_round": 7.0}, "datetime": {"datetime": "2024-01-19 02:19:39", "elapsed": 7676.783431, "delta": 0.00666}}
{"target": -17.853675591839227, "params": {"gamma": 604.2692412045648, "log10_alpha": -3.3330581226037297, "log10_colsample_bytree": -0.7232076724916027, "log10_eta": -0.29117453068685384, "log10_lambda": -1.5620155777908291, "log10_min_child_weight": 2.9135278720273567, "log10_subsample": -0.877057768215938, "max_depth": 5.0, "num_boost_round": 8.0}, "datetime": {"datetime": "2024-01-19 02:19:39", "elapsed": 7676.789808, "delta": 0.006377}}
{"target": -17.860798807298178, "params": {"gamma": 604.2692412045648, "log10_alpha": -3.3330581226037297, "log10_colsample_bytree": -0.7232076724916027, "log10_eta": -0.29117453068685384, "log10_lambda": -1.5620155777908291, "log10_min_child_weight": 2.9135278720273567, "log10_subsample": -0.877057768215938, "max_depth": 5.0, "num_boost_round": 9.0}, "datetime": {"datetime": "2024-01-19 02:19:39", "elapsed": 7676.796093, "delta": 0.006285}}
{"target": -17.88256787422514, "params": {"gamma": 604.2692412045648, "log10_alpha": -3.3330581226037297, "log10_colsample_bytree": -0.7232076724916027, "log10_eta": -0.29117453068685384, "log10_lambda": -1.5620155777908291, "log10_min_child_weight": 2.9135278720273567, "log10_subsample": -0.877057768215938, "max_depth": 5.0, "num_boost_round": 10.0}, "datetime": {"datetime": "2024-01-19 02:19:39", "elapsed": 7676.802345, "delta": 0.006252}}
{"target": -17.891343029322925, "params": {"gamma": 604.2692412045648, "log10_alpha": -3.3330581226037297, "log10_colsample_bytree": -0.7232076724916027, "log10_eta": -0.29117453068685384, "log10_lambda": -1.5620155777908291, "log10_min_child_weight": 2.9135278720273567, "log10_subsample": -0.877057768215938, "max_depth": 5.0, "num_boost_round": 11.0}, "datetime": {"datetime": "2024-01-19 02:19:39", "elapsed": 7676.808588, "delta": 0.006243}}
{"target": -17.914728236767385, "params": {"gamma": 604.2692412045648, "log10_alpha": -3.3330581226037297, "log10_colsample_bytree": -0.7232076724916027, "log10_eta": -0.29117453068685384, "log10_lambda": -1.5620155777908291, "log10_min_child_weight": 2.9135278720273567, "log10_subsample": -0.877057768215938, "max_depth": 5.0, "num_boost_round": 12.0}, "datetime": {"datetime": "2024-01-19 02:19:39", "elapsed": 7676.814849, "delta": 0.006261}}
{"target": -17.93968841807096, "params": {"gamma": 604.2692412045648, "log10_alpha": -3.3330581226037297, "log10_colsample_bytree": -0.7232076724916027, "log10_eta": -0.29117453068685384, "log10_lambda": -1.5620155777908291, "log10_min_child_weight": 2.9135278720273567, "log10_subsample": -0.877057768215938, "max_depth": 5.0, "num_boost_round": 13.0}, "datetime": {"datetime": "2024-01-19 02:19:39", "elapsed": 7676.821119, "delta": 0.00627}}
{"target": -17.947999081097496, "params": {"gamma": 604.2692412045648, "log10_alpha": -3.3330581226037297, "log10_colsample_bytree": -0.7232076724916027, "log10_eta": -0.29117453068685384, "log10_lambda": -1.5620155777908291, "log10_min_child_weight": 2.9135278720273567, "log10_subsample": -0.877057768215938, "max_depth": 5.0, "num_boost_round": 14.0}, "datetime": {"datetime": "2024-01-19 02:19:39", "elapsed": 7676.82736, "delta": 0.006241}}
{"target": -17.95423442465791, "params": {"gamma": 604.2692412045648, "log10_alpha": -3.3330581226037297, "log10_colsample_bytree": -0.7232076724916027, "log10_eta": -0.29117453068685384, "log10_lambda": -1.5620155777908291, "log10_min_child_weight": 2.9135278720273567, "log10_subsample": -0.877057768215938, "max_depth": 5.0, "num_boost_round": 15.0}, "datetime": {"datetime": "2024-01-19 02:19:39", "elapsed": 7676.833672, "delta": 0.006312}}
{"target": -17.951236784024246, "params": {"gamma": 604.2692412045648, "log10_alpha": -3.3330581226037297, "log10_colsample_bytree": -0.7232076724916027, "log10_eta": -0.29117453068685384, "log10_lambda": -1.5620155777908291, "log10_min_child_weight": 2.9135278720273567, "log10_subsample": -0.877057768215938, "max_depth": 5.0, "num_boost_round": 16.0}, "datetime": {"datetime": "2024-01-19 02:19:39", "elapsed": 7676.839944, "delta": 0.006272}}
{"target": -17.951807085735, "params": {"gamma": 604.2692412045648, "log10_alpha": -3.3330581226037297, "log10_colsample_bytree": -0.7232076724916027, "log10_eta": -0.29117453068685384, "log10_lambda": -1.5620155777908291, "log10_min_child_weight": 2.9135278720273567, "log10_subsample": -0.877057768215938, "max_depth": 5.0, "num_boost_round": 17.0}, "datetime": {"datetime": "2024-01-19 02:19:39", "elapsed": 7676.846753, "delta": 0.006809}}
{"target": -17.988093320072064, "params": {"gamma": 604.2692412045648, "log10_alpha": -3.3330581226037297, "log10_colsample_bytree": -0.7232076724916027, "log10_eta": -0.29117453068685384, "log10_lambda": -1.5620155777908291, "log10_min_child_weight": 2.9135278720273567, "log10_subsample": -0.877057768215938, "max_depth": 5.0, "num_boost_round": 18.0}, "datetime": {"datetime": "2024-01-19 02:19:39", "elapsed": 7676.853209, "delta": 0.006456}}
{"target": -17.979927086045553, "params": {"gamma": 604.2692412045648, "log10_alpha": -3.3330581226037297, "log10_colsample_bytree": -0.7232076724916027, "log10_eta": -0.29117453068685384, "log10_lambda": -1.5620155777908291, "log10_min_child_weight": 2.9135278720273567, "log10_subsample": -0.877057768215938, "max_depth": 5.0, "num_boost_round": 19.0}, "datetime": {"datetime": "2024-01-19 02:19:39", "elapsed": 7676.860357, "delta": 0.007148}}
{"target": -18.002089272490558, "params": {"gamma": 604.2692412045648, "log10_alpha": -3.3330581226037297, "log10_colsample_bytree": -0.7232076724916027, "log10_eta": -0.29117453068685384, "log10_lambda": -1.5620155777908291, "log10_min_child_weight": 2.9135278720273567, "log10_subsample": -0.877057768215938, "max_depth": 5.0, "num_boost_round": 20.0}, "datetime": {"datetime": "2024-01-19 02:19:39", "elapsed": 7676.866722, "delta": 0.006365}}
{"target": -18.035557596813725, "params": {"gamma": 604.2692412045648, "log10_alpha": -3.3330581226037297, "log10_colsample_bytree": -0.7232076724916027, "log10_eta": -0.29117453068685384, "log10_lambda": -1.5620155777908291, "log10_min_child_weight": 2.9135278720273567, "log10_subsample": -0.877057768215938, "max_depth": 5.0, "num_boost_round": 21.0}, "datetime": {"datetime": "2024-01-19 02:19:39", "elapsed": 7676.873101, "delta": 0.006379}}
{"target": -18.03741455248367, "params": {"gamma": 604.2692412045648, "log10_alpha": -3.3330581226037297, "log10_colsample_bytree": -0.7232076724916027, "log10_eta": -0.29117453068685384, "log10_lambda": -1.5620155777908291, "log10_min_child_weight": 2.9135278720273567, "log10_subsample": -0.877057768215938, "max_depth": 5.0, "num_boost_round": 22.0}, "datetime": {"datetime": "2024-01-19 02:19:39", "elapsed": 7676.880781, "delta": 0.00768}}
{"target": -18.03856986652906, "params": {"gamma": 604.2692412045648, "log10_alpha": -3.3330581226037297, "log10_colsample_bytree": -0.7232076724916027, "log10_eta": -0.29117453068685384, "log10_lambda": -1.5620155777908291, "log10_min_child_weight": 2.9135278720273567, "log10_subsample": -0.877057768215938, "max_depth": 5.0, "num_boost_round": 23.0}, "datetime": {"datetime": "2024-01-19 02:19:39", "elapsed": 7676.887155, "delta": 0.006374}}
{"target": -18.050672185410672, "params": {"gamma": 604.2692412045648, "log10_alpha": -3.3330581226037297, "log10_colsample_bytree": -0.7232076724916027, "log10_eta": -0.29117453068685384, "log10_lambda": -1.5620155777908291, "log10_min_child_weight": 2.9135278720273567, "log10_subsample": -0.877057768215938, "max_depth": 5.0, "num_boost_round": 24.0}, "datetime": {"datetime": "2024-01-19 02:19:39", "elapsed": 7676.893477, "delta": 0.006322}}
{"target": -18.070762851260987, "params": {"gamma": 604.2692412045648, "log10_alpha": -3.3330581226037297, "log10_colsample_bytree": -0.7232076724916027, "log10_eta": -0.29117453068685384, "log10_lambda": -1.5620155777908291, "log10_min_child_weight": 2.9135278720273567, "log10_subsample": -0.877057768215938, "max_depth": 5.0, "num_boost_round": 25.0}, "datetime": {"datetime": "2024-01-19 02:19:39", "elapsed": 7676.89962, "delta": 0.006143}}
{"target": -18.091701174290897, "params": {"gamma": 604.2692412045648, "log10_alpha": -3.3330581226037297, "log10_colsample_bytree": -0.7232076724916027, "log10_eta": -0.29117453068685384, "log10_lambda": -1.5620155777908291, "log10_min_child_weight": 2.9135278720273567, "log10_subsample": -0.877057768215938, "max_depth": 5.0, "num_boost_round": 26.0}, "datetime": {"datetime": "2024-01-19 02:19:39", "elapsed": 7676.905818, "delta": 0.006198}}
{"target": -18.096116632333956, "params": {"gamma": 604.2692412045648, "log10_alpha": -3.3330581226037297, "log10_colsample_bytree": -0.7232076724916027, "log10_eta": -0.29117453068685384, "log10_lambda": -1.5620155777908291, "log10_min_child_weight": 2.9135278720273567, "log10_subsample": -0.877057768215938, "max_depth": 5.0, "num_boost_round": 27.0}, "datetime": {"datetime": "2024-01-19 02:19:39", "elapsed": 7676.912063, "delta": 0.006245}}
{"target": -18.117862507893683, "params": {"gamma": 604.2692412045648, "log10_alpha": -3.3330581226037297, "log10_colsample_bytree": -0.7232076724916027, "log10_eta": -0.29117453068685384, "log10_lambda": -1.5620155777908291, "log10_min_child_weight": 2.9135278720273567, "log10_subsample": -0.877057768215938, "max_depth": 5.0, "num_boost_round": 28.0}, "datetime": {"datetime": "2024-01-19 02:19:39", "elapsed": 7676.91869, "delta": 0.006627}}
{"target": -18.135875151443788, "params": {"gamma": 604.2692412045648, "log10_alpha": -3.3330581226037297, "log10_colsample_bytree": -0.7232076724916027, "log10_eta": -0.29117453068685384, "log10_lambda": -1.5620155777908291, "log10_min_child_weight": 2.9135278720273567, "log10_subsample": -0.877057768215938, "max_depth": 5.0, "num_boost_round": 29.0}, "datetime": {"datetime": "2024-01-19 02:19:39", "elapsed": 7676.92502, "delta": 0.00633}}
{"target": -18.15608409098752, "params": {"gamma": 604.2692412045648, "log10_alpha": -3.3330581226037297, "log10_colsample_bytree": -0.7232076724916027, "log10_eta": -0.29117453068685384, "log10_lambda": -1.5620155777908291, "log10_min_child_weight": 2.9135278720273567, "log10_subsample": -0.877057768215938, "max_depth": 5.0, "num_boost_round": 30.0}, "datetime": {"datetime": "2024-01-19 02:19:39", "elapsed": 7676.931229, "delta": 0.006209}}
{"target": -18.16959354813099, "params": {"gamma": 604.2692412045648, "log10_alpha": -3.3330581226037297, "log10_colsample_bytree": -0.7232076724916027, "log10_eta": -0.29117453068685384, "log10_lambda": -1.5620155777908291, "log10_min_child_weight": 2.9135278720273567, "log10_subsample": -0.877057768215938, "max_depth": 5.0, "num_boost_round": 31.0}, "datetime": {"datetime": "2024-01-19 02:19:39", "elapsed": 7677.028811, "delta": 0.097582}}
{"target": -18.187014876738342, "params": {"gamma": 604.2692412045648, "log10_alpha": -3.3330581226037297, "log10_colsample_bytree": -0.7232076724916027, "log10_eta": -0.29117453068685384, "log10_lambda": -1.5620155777908291, "log10_min_child_weight": 2.9135278720273567, "log10_subsample": -0.877057768215938, "max_depth": 5.0, "num_boost_round": 32.0}, "datetime": {"datetime": "2024-01-19 02:19:39", "elapsed": 7677.035999, "delta": 0.007188}}
{"target": -18.20606363637112, "params": {"gamma": 604.2692412045648, "log10_alpha": -3.3330581226037297, "log10_colsample_bytree": -0.7232076724916027, "log10_eta": -0.29117453068685384, "log10_lambda": -1.5620155777908291, "log10_min_child_weight": 2.9135278720273567, "log10_subsample": -0.877057768215938, "max_depth": 5.0, "num_boost_round": 33.0}, "datetime": {"datetime": "2024-01-19 02:19:39", "elapsed": 7677.042422, "delta": 0.006423}}
{"target": -18.219619068647123, "params": {"gamma": 604.2692412045648, "log10_alpha": -3.3330581226037297, "log10_colsample_bytree": -0.7232076724916027, "log10_eta": -0.29117453068685384, "log10_lambda": -1.5620155777908291, "log10_min_child_weight": 2.9135278720273567, "log10_subsample": -0.877057768215938, "max_depth": 5.0, "num_boost_round": 34.0}, "datetime": {"datetime": "2024-01-19 02:19:39", "elapsed": 7677.048798, "delta": 0.006376}}
