{"target": -17.677042217250566, "params": {"gamma": 399.2758610623861, "log10_alpha": -4.4181028462593686, "log10_colsample_bytree": -0.23505425708390648, "log10_eta": -3.6381644246774663, "log10_lambda": -1.1762720303051912, "log10_min_child_weight": 0.07455319448543996, "log10_subsample": -0.6348559585518431, "max_depth": 5.0, "num_boost_round": 16.0}, "datetime": {"datetime": "2024-01-19 02:14:42", "elapsed": 7371.962572, "delta": 0.006552}}
{"target": -17.677033866348662, "params": {"gamma": 399.2758610623861, "log10_alpha": -4.4181028462593686, "log10_colsample_bytree": -0.23505425708390648, "log10_eta": -3.6381644246774663, "log10_lambda": -1.1762720303051912, "log10_min_child_weight": 0.07455319448543996, "log10_subsample": -0.6348559585518431, "max_depth": 5.0, "num_boost_round": 17.0}, "datetime": {"datetime": "2024-01-19 02:14:42", "elapsed": 7371.96916, "delta": 0.006588}}
{"target": -17.677029394106498, "params": {"gamma": 399.2758610623861, "log10_alpha": -4.4181028462593686, "log10_colsample_bytree": -0.23505425708390648, "log10_eta": -3.6381644246774663, "log10_lambda": -1.1762720303051912, "log10_min_child_weight": 0.07455319448543996, "log10_subsample": -0.6348559585518431, "max_depth": 5.0, "num_boost_round": 18.0}, "datetime": {"datetime": "2024-01-19 02:14:42", "elapsed": 7371.976437, "delta": 0.007277}}
{"target": -17.677030210504093, "params": {"gamma": 399.2758610623861, "log10_alpha": -4.4181028462593686, "log10_colsample_bytree": -0.23505425708390648, "log10_eta": -3.6381644246774663, "log10_lambda": -1.1762720303051912, "log10_min_child_weight": 0.07455319448543996, "log10_subsample": -0.6348559585518431, "max_depth": 5.0, "num_boost_round": 19.0}, "datetime": {"datetime": "2024-01-19 02:14:42", "elapsed": 7371.983234, "delta": 0.006797}}
{"target": -17.677033019176903, "params": {"gamma": 399.2758610623861, "log10_alpha": -4.4181028462593686, "log10_colsample_bytree": -0.23505425708390648, "log10_eta": -3.6381644246774663, "log10_lambda": -1.1762720303051912, "log10_min_child_weight": 0.07455319448543996, "log10_subsample": -0.6348559585518431, "max_depth": 5.0, "num_boost_round": 20.0}, "datetime": {"datetime": "2024-01-19 02:14:42", "elapsed": 7371.989879, "delta": 0.006645}}
{"target": -17.67701694901077, "params": {"gamma": 399.2758610623861, "log10_alpha": -4.4181028462593686, "log10_colsample_bytree": -0.23505425708390648, "log10_eta": -3.6381644246774663, "log10_lambda": -1.1762720303051912, "log10_min_child_weight": 0.07455319448543996, "log10_subsample": -0.6348559585518431, "max_depth": 5.0, "num_boost_round": 21.0}, "datetime": {"datetime": "2024-01-19 02:14:42", "elapsed": 7371.996588, "delta": 0.006709}}
{"target": -17.677008213593012, "params": {"gamma": 399.2758610623861, "log10_alpha": -4.4181028462593686, "log10_colsample_bytree": -0.23505425708390648, "log10_eta": -3.6381644246774663, "log10_lambda": -1.1762720303051912, "log10_min_child_weight": 0.07455319448543996, "log10_subsample": -0.6348559585518431, "max_depth": 5.0, "num_boost_round": 22.0}, "datetime": {"datetime": "2024-01-19 02:14:42", "elapsed": 7372.003273, "delta": 0.006685}}
{"target": -17.676985824037743, "params": {"gamma": 399.2758610623861, "log10_alpha": -4.4181028462593686, "log10_colsample_bytree": -0.23505425708390648, "log10_eta": -3.6381644246774663, "log10_lambda": -1.1762720303051912, "log10_min_child_weight": 0.07455319448543996, "log10_subsample": -0.6348559585518431, "max_depth": 5.0, "num_boost_round": 23.0}, "datetime": {"datetime": "2024-01-19 02:14:42", "elapsed": 7372.009914, "delta": 0.006641}}
{"target": -17.67697644401538, "params": {"gamma": 399.2758610623861, "log10_alpha": -4.4181028462593686, "log10_colsample_bytree": -0.23505425708390648, "log10_eta": -3.6381644246774663, "log10_lambda": -1.1762720303051912, "log10_min_child_weight": 0.07455319448543996, "log10_subsample": -0.6348559585518431, "max_depth": 5.0, "num_boost_round": 24.0}, "datetime": {"datetime": "2024-01-19 02:14:42", "elapsed": 7372.016504, "delta": 0.00659}}
{"target": -17.67696769142039, "params": {"gamma": 399.2758610623861, "log10_alpha": -4.4181028462593686, "log10_colsample_bytree": -0.23505425708390648, "log10_eta": -3.6381644246774663, "log10_lambda": -1.1762720303051912, "log10_min_child_weight": 0.07455319448543996, "log10_subsample": -0.6348559585518431, "max_depth": 5.0, "num_boost_round": 25.0}, "datetime": {"datetime": "2024-01-19 02:14:42", "elapsed": 7372.023117, "delta": 0.006613}}
{"target": -17.67720535511345, "params": {"gamma": 393.9215749699152, "log10_alpha": -4.2953951355728055, "log10_colsample_bytree": -0.24624995434530406, "log10_eta": -3.0516714928984716, "log10_lambda": -2.2438216165142677, "log10_min_child_weight": 0.694515516381411, "log10_subsample": -0.7935103550215353, "max_depth": 7.0, "num_boost_round": 0.0}, "datetime": {"datetime": "2024-01-19 02:15:54", "elapsed": 7444.038036, "delta": 72.014919}}
{"target": -17.67715748634168, "params": {"gamma": 393.9215749699152, "log10_alpha": -4.2953951355728055, "log10_colsample_bytree": -0.24624995434530406, "log10_eta": -3.0516714928984716, "log10_lambda": -2.2438216165142677, "log10_min_child_weight": 0.694515516381411, "log10_subsample": -0.7935103550215353, "max_depth": 7.0, "num_boost_round": 1.0}, "datetime": {"datetime": "2024-01-19 02:15:54", "elapsed": 7444.046762, "delta": 0.008726}}
{"target": -17.677140579384123, "params": {"gamma": 393.9215749699152, "log10_alpha": -4.2953951355728055, "log10_colsample_bytree": -0.24624995434530406, "log10_eta": -3.0516714928984716, "log10_lambda": -2.2438216165142677, "log10_min_child_weight": 0.694515516381411, "log10_subsample": -0.7935103550215353, "max_depth": 7.0, "num_boost_round": 2.0}, "datetime": {"datetime": "2024-01-19 02:15:54", "elapsed": 7444.054595, "delta": 0.007833}}
{"target": -17.677109760347683, "params": {"gamma": 393.9215749699152, "log10_alpha": -4.2953951355728055, "log10_colsample_bytree": -0.24624995434530406, "log10_eta": -3.0516714928984716, "log10_lambda": -2.2438216165142677, "log10_min_child_weight": 0.694515516381411, "log10_subsample": -0.7935103550215353, "max_depth": 7.0, "num_boost_round": 3.0}, "datetime": {"datetime": "2024-01-19 02:15:54", "elapsed": 7444.062091, "delta": 0.007496}}
{"target": -17.677085382431315, "params": {"gamma": 393.9215749699152, "log10_alpha": -4.2953951355728055, "log10_colsample_bytree": -0.24624995434530406, "log10_eta": -3.0516714928984716, "log10_lambda": -2.2438216165142677, "log10_min_child_weight": 0.694515516381411, "log10_subsample": -0.7935103550215353, "max_depth": 7.0, "num_boost_round": 4.0}, "datetime": {"datetime": "2024-01-19 02:15:54", "elapsed": 7444.069546, "delta": 0.007455}}
{"target": -17.677113134701003, "params": {"gamma": 393.9215749699152, "log10_alpha": -4.2953951355728055, "log10_colsample_bytree": -0.24624995434530406, "log10_eta": -3.0516714928984716, "log10_lambda": -2.2438216165142677, "log10_min_child_weight": 0.694515516381411, "log10_subsample": -0.7935103550215353, "max_depth": 7.0, "num_boost_round": 5.0}, "datetime": {"datetime": "2024-01-19 02:15:54", "elapsed": 7444.077077, "delta": 0.007531}}
{"target": -17.677010667842286, "params": {"gamma": 393.9215749699152, "log10_alpha": -4.2953951355728055, "log10_colsample_bytree": -0.24624995434530406, "log10_eta": -3.0516714928984716, "log10_lambda": -2.2438216165142677, "log10_min_child_weight": 0.694515516381411, "log10_subsample": -0.7935103550215353, "max_depth": 7.0, "num_boost_round": 6.0}, "datetime": {"datetime": "2024-01-19 02:15:54", "elapsed": 7444.084499, "delta": 0.007422}}
{"target": -17.676937667687458, "params": {"gamma": 393.9215749699152, "log10_alpha": -4.2953951355728055, "log10_colsample_bytree": -0.24624995434530406, "log10_eta": -3.0516714928984716, "log10_lambda": -2.2438216165142677, "log10_min_child_weight": 0.694515516381411, "log10_subsample": -0.7935103550215353, "max_depth": 7.0, "num_boost_round": 7.0}, "datetime": {"datetime": "2024-01-19 02:15:54", "elapsed": 7444.091962, "delta": 0.007463}}
{"target": -17.676905100251492, "params": {"gamma": 393.9215749699152, "log10_alpha": -4.2953951355728055, "log10_colsample_bytree": -0.24624995434530406, "log10_eta": -3.0516714928984716, "log10_lambda": -2.2438216165142677, "log10_min_child_weight": 0.694515516381411, "log10_subsample": -0.7935103550215353, "max_depth": 7.0, "num_boost_round": 8.0}, "datetime": {"datetime": "2024-01-19 02:15:54", "elapsed": 7444.09993, "delta": 0.007968}}
{"target": -17.676793428326416, "params": {"gamma": 393.9215749699152, "log10_alpha": -4.2953951355728055, "log10_colsample_bytree": -0.24624995434530406, "log10_eta": -3.0516714928984716, "log10_lambda": -2.2438216165142677, "log10_min_child_weight": 0.694515516381411, "log10_subsample": -0.7935103550215353, "max_depth": 7.0, "num_boost_round": 9.0}, "datetime": {"datetime": "2024-01-19 02:15:54", "elapsed": 7444.108052, "delta": 0.008122}}
{"target": -17.676700574066984, "params": {"gamma": 393.9215749699152, "log10_alpha": -4.2953951355728055, "log10_colsample_bytree": -0.24624995434530406, "log10_eta": -3.0516714928984716, "log10_lambda": -2.2438216165142677, "log10_min_child_weight": 0.694515516381411, "log10_subsample": -0.7935103550215353, "max_depth": 7.0, "num_boost_round": 10.0}, "datetime": {"datetime": "2024-01-19 02:15:54", "elapsed": 7444.116289, "delta": 0.008237}}
{"target": -17.676632369936925, "params": {"gamma": 393.9215749699152, "log10_alpha": -4.2953951355728055, "log10_colsample_bytree": -0.24624995434530406, "log10_eta": -3.0516714928984716, "log10_lambda": -2.2438216165142677, "log10_min_child_weight": 0.694515516381411, "log10_subsample": -0.7935103550215353, "max_depth": 7.0, "num_boost_round": 11.0}, "datetime": {"datetime": "2024-01-19 02:15:54", "elapsed": 7444.123738, "delta": 0.007449}}
{"target": -17.676554936070396, "params": {"gamma": 393.9215749699152, "log10_alpha": -4.2953951355728055, "log10_colsample_bytree": -0.24624995434530406, "log10_eta": -3.0516714928984716, "log10_lambda": -2.2438216165142677, "log10_min_child_weight": 0.694515516381411, "log10_subsample": -0.7935103550215353, "max_depth": 7.0, "num_boost_round": 12.0}, "datetime": {"datetime": "2024-01-19 02:15:54", "elapsed": 7444.131055, "delta": 0.007317}}
{"target": -17.676484232238412, "params": {"gamma": 393.9215749699152, "log10_alpha": -4.2953951355728055, "log10_colsample_bytree": -0.24624995434530406, "log10_eta": -3.0516714928984716, "log10_lambda": -2.2438216165142677, "log10_min_child_weight": 0.694515516381411, "log10_subsample": -0.7935103550215353, "max_depth": 7.0, "num_boost_round": 13.0}, "datetime": {"datetime": "2024-01-19 02:15:54", "elapsed": 7444.138391, "delta": 0.007336}}
{"target": -17.67639403337487, "params": {"gamma": 393.9215749699152, "log10_alpha": -4.2953951355728055, "log10_colsample_bytree": -0.24624995434530406, "log10_eta": -3.0516714928984716, "log10_lambda": -2.2438216165142677, "log10_min_child_weight": 0.694515516381411, "log10_subsample": -0.7935103550215353, "max_depth": 7.0, "num_boost_round": 14.0}, "datetime": {"datetime": "2024-01-19 02:15:54", "elapsed": 7444.146026, "delta": 0.007635}}
{"target": -17.67638831608337, "params": {"gamma": 393.9215749699152, "log10_alpha": -4.2953951355728055, "log10_colsample_bytree": -0.24624995434530406, "log10_eta": -3.0516714928984716, "log10_lambda": -2.2438216165142677, "log10_min_child_weight": 0.694515516381411, "log10_subsample": -0.7935103550215353, "max_depth": 7.0, "num_boost_round": 15.0}, "datetime": {"datetime": "2024-01-19 02:15:54", "elapsed": 7444.153571, "delta": 0.007545}}
{"target": -17.676379348073173, "params": {"gamma": 393.9215749699152, "log10_alpha": -4.2953951355728055, "log10_colsample_bytree": -0.24624995434530406, "log10_eta": -3.0516714928984716, "log10_lambda": -2.2438216165142677, "log10_min_child_weight": 0.694515516381411, "log10_subsample": -0.7935103550215353, "max_depth": 7.0, "num_boost_round": 16.0}, "datetime": {"datetime": "2024-01-19 02:15:54", "elapsed": 7444.160937, "delta": 0.007366}}
{"target": -17.676381303870837, "params": {"gamma": 393.9215749699152, "log10_alpha": -4.2953951355728055, "log10_colsample_bytree": -0.24624995434530406, "log10_eta": -3.0516714928984716, "log10_lambda": -2.2438216165142677, "log10_min_child_weight": 0.694515516381411, "log10_subsample": -0.7935103550215353, "max_depth": 7.0, "num_boost_round": 17.0}, "datetime": {"datetime": "2024-01-19 02:15:54", "elapsed": 7444.168364, "delta": 0.007427}}
{"target": -17.676365682098094, "params": {"gamma": 393.9215749699152, "log10_alpha": -4.2953951355728055, "log10_colsample_bytree": -0.24624995434530406, "log10_eta": -3.0516714928984716, "log10_lambda": -2.2438216165142677, "log10_min_child_weight": 0.694515516381411, "log10_subsample": -0.7935103550215353, "max_depth": 7.0, "num_boost_round": 18.0}, "datetime": {"datetime": "2024-01-19 02:15:54", "elapsed": 7444.270525, "delta": 0.102161}}
{"target": -17.676314961478617, "params": {"gamma": 393.9215749699152, "log10_alpha": -4.2953951355728055, "log10_colsample_bytree": -0.24624995434530406, "log10_eta": -3.0516714928984716, "log10_lambda": -2.2438216165142677, "log10_min_child_weight": 0.694515516381411, "log10_subsample": -0.7935103550215353, "max_depth": 7.0, "num_boost_round": 19.0}, "datetime": {"datetime": "2024-01-19 02:15:54", "elapsed": 7444.279105, "delta": 0.00858}}
{"target": -17.67628031635031, "params": {"gamma": 393.9215749699152, "log10_alpha": -4.2953951355728055, "log10_colsample_bytree": -0.24624995434530406, "log10_eta": -3.0516714928984716, "log10_lambda": -2.2438216165142677, "log10_min_child_weight": 0.694515516381411, "log10_subsample": -0.7935103550215353, "max_depth": 7.0, "num_boost_round": 20.0}, "datetime": {"datetime": "2024-01-19 02:15:54", "elapsed": 7444.28659, "delta": 0.007485}}
{"target": -17.6761686678616, "params": {"gamma": 393.9215749699152, "log10_alpha": -4.2953951355728055, "log10_colsample_bytree": -0.24624995434530406, "log10_eta": -3.0516714928984716, "log10_lambda": -2.2438216165142677, "log10_min_child_weight": 0.694515516381411, "log10_subsample": -0.7935103550215353, "max_depth": 7.0, "num_boost_round": 21.0}, "datetime": {"datetime": "2024-01-19 02:15:54", "elapsed": 7444.293939, "delta": 0.007349}}
{"target": -17.676111028998395, "params": {"gamma": 393.9215749699152, "log10_alpha": -4.2953951355728055, "log10_colsample_bytree": -0.24624995434530406, "log10_eta": -3.0516714928984716, "log10_lambda": -2.2438216165142677, "log10_min_child_weight": 0.694515516381411, "log10_subsample": -0.7935103550215353, "max_depth": 7.0, "num_boost_round": 22.0}, "datetime": {"datetime": "2024-01-19 02:15:54", "elapsed": 7444.301882, "delta": 0.007943}}
{"target": -17.676099980373245, "params": {"gamma": 393.9215749699152, "log10_alpha": -4.2953951355728055, "log10_colsample_bytree": -0.24624995434530406, "log10_eta": -3.0516714928984716, "log10_lambda": -2.2438216165142677, "log10_min_child_weight": 0.694515516381411, "log10_subsample": -0.7935103550215353, "max_depth": 7.0, "num_boost_round": 23.0}, "datetime": {"datetime": "2024-01-19 02:15:54", "elapsed": 7444.309381, "delta": 0.007499}}
{"target": -17.67603207868869, "params": {"gamma": 393.9215749699152, "log10_alpha": -4.2953951355728055, "log10_colsample_bytree": -0.24624995434530406, "log10_eta": -3.0516714928984716, "log10_lambda": -2.2438216165142677, "log10_min_child_weight": 0.694515516381411, "log10_subsample": -0.7935103550215353, "max_depth": 7.0, "num_boost_round": 24.0}, "datetime": {"datetime": "2024-01-19 02:15:54", "elapsed": 7444.316741, "delta": 0.00736}}
{"target": -17.676034669292317, "params": {"gamma": 393.9215749699152, "log10_alpha": -4.2953951355728055, "log10_colsample_bytree": -0.24624995434530406, "log10_eta": -3.0516714928984716, "log10_lambda": -2.2438216165142677, "log10_min_child_weight": 0.694515516381411, "log10_subsample": -0.7935103550215353, "max_depth": 7.0, "num_boost_round": 25.0}, "datetime": {"datetime": "2024-01-19 02:15:54", "elapsed": 7444.324236, "delta": 0.007495}}
{"target": -17.675966578764317, "params": {"gamma": 393.9215749699152, "log10_alpha": -4.2953951355728055, "log10_colsample_bytree": -0.24624995434530406, "log10_eta": -3.0516714928984716, "log10_lambda": -2.2438216165142677, "log10_min_child_weight": 0.694515516381411, "log10_subsample": -0.7935103550215353, "max_depth": 7.0, "num_boost_round": 26.0}, "datetime": {"datetime": "2024-01-19 02:15:54", "elapsed": 7444.331933, "delta": 0.007697}}
{"target": -17.675881600416783, "params": {"gamma": 393.9215749699152, "log10_alpha": -4.2953951355728055, "log10_colsample_bytree": -0.24624995434530406, "log10_eta": -3.0516714928984716, "log10_lambda": -2.2438216165142677, "log10_min_child_weight": 0.694515516381411, "log10_subsample": -0.7935103550215353, "max_depth": 7.0, "num_boost_round": 27.0}, "datetime": {"datetime": "2024-01-19 02:15:54", "elapsed": 7444.34036, "delta": 0.008427}}
{"target": -17.675796634094905, "params": {"gamma": 393.9215749699152, "log10_alpha": -4.2953951355728055, "log10_colsample_bytree": -0.24624995434530406, "log10_eta": -3.0516714928984716, "log10_lambda": -2.2438216165142677, "log10_min_child_weight": 0.694515516381411, "log10_subsample": -0.7935103550215353, "max_depth": 7.0, "num_boost_round": 28.0}, "datetime": {"datetime": "2024-01-19 02:15:54", "elapsed": 7444.348293, "delta": 0.007933}}
{"target": -17.675723855781513, "params": {"gamma": 393.9215749699152, "log10_alpha": -4.2953951355728055, "log10_colsample_bytree": -0.24624995434530406, "log10_eta": -3.0516714928984716, "log10_lambda": -2.2438216165142677, "log10_min_child_weight": 0.694515516381411, "log10_subsample": -0.7935103550215353, "max_depth": 7.0, "num_boost_round": 29.0}, "datetime": {"datetime": "2024-01-19 02:15:54", "elapsed": 7444.356017, "delta": 0.007724}}
{"target": -17.675743658849612, "params": {"gamma": 393.9215749699152, "log10_alpha": -4.2953951355728055, "log10_colsample_bytree": -0.24624995434530406, "log10_eta": -3.0516714928984716, "log10_lambda": -2.2438216165142677, "log10_min_child_weight": 0.694515516381411, "log10_subsample": -0.7935103550215353, "max_depth": 7.0, "num_boost_round": 30.0}, "datetime": {"datetime": "2024-01-19 02:15:54", "elapsed": 7444.363495, "delta": 0.007478}}
{"target": -17.675735405519063, "params": {"gamma": 393.9215749699152, "log10_alpha": -4.2953951355728055, "log10_colsample_bytree": -0.24624995434530406, "log10_eta": -3.0516714928984716, "log10_lambda": -2.2438216165142677, "log10_min_child_weight": 0.694515516381411, "log10_subsample": -0.7935103550215353, "max_depth": 7.0, "num_boost_round": 31.0}, "datetime": {"datetime": "2024-01-19 02:15:54", "elapsed": 7444.370851, "delta": 0.007356}}
{"target": -17.675691066867294, "params": {"gamma": 393.9215749699152, "log10_alpha": -4.2953951355728055, "log10_colsample_bytree": -0.24624995434530406, "log10_eta": -3.0516714928984716, "log10_lambda": -2.2438216165142677, "log10_min_child_weight": 0.694515516381411, "log10_subsample": -0.7935103550215353, "max_depth": 7.0, "num_boost_round": 32.0}, "datetime": {"datetime": "2024-01-19 02:15:54", "elapsed": 7444.378171, "delta": 0.00732}}
{"target": -17.675713917703494, "params": {"gamma": 393.9215749699152, "log10_alpha": -4.2953951355728055, "log10_colsample_bytree": -0.24624995434530406, "log10_eta": -3.0516714928984716, "log10_lambda": -2.2438216165142677, "log10_min_child_weight": 0.694515516381411, "log10_subsample": -0.7935103550215353, "max_depth": 7.0, "num_boost_round": 33.0}, "datetime": {"datetime": "2024-01-19 02:15:54", "elapsed": 7444.385465, "delta": 0.007294}}
{"target": -17.675672685863795, "params": {"gamma": 393.9215749699152, "log10_alpha": -4.2953951355728055, "log10_colsample_bytree": -0.24624995434530406, "log10_eta": -3.0516714928984716, "log10_lambda": -2.2438216165142677, "log10_min_child_weight": 0.694515516381411, "log10_subsample": -0.7935103550215353, "max_depth": 7.0, "num_boost_round": 34.0}, "datetime": {"datetime": "2024-01-19 02:15:54", "elapsed": 7444.484489, "delta": 0.099024}}
{"target": -17.677275981653345, "params": {"gamma": 402.25788156966, "log10_alpha": -4.897344722935087, "log10_colsample_bytree": -0.3655321007176644, "log10_eta": -2.766368230636917, "log10_lambda": 0.27658021139094924, "log10_min_child_weight": 2.2057777603675, "log10_subsample": -0.49525997771280694, "max_depth": 7.0, "num_boost_round": 0.0}, "datetime": {"datetime": "2024-01-19 02:17:01", "elapsed": 7511.504566, "delta": 67.020077}}
{"target": -17.677193732184335, "params": {"gamma": 402.25788156966, "log10_alpha": -4.897344722935087, "log10_colsample_bytree": -0.3655321007176644, "log10_eta": -2.766368230636917, "log10_lambda": 0.27658021139094924, "log10_min_child_weight": 2.2057777603675, "log10_subsample": -0.49525997771280694, "max_depth": 7.0, "num_boost_round": 1.0}, "datetime": {"datetime": "2024-01-19 02:17:01", "elapsed": 7511.511196, "delta": 0.00663}}
{"target": -17.67711822013557, "params": {"gamma": 402.25788156966, "log10_alpha": -4.897344722935087, "log10_colsample_bytree": -0.3655321007176644, "log10_eta": -2.766368230636917, "log10_lambda": 0.27658021139094924, "log10_min_child_weight": 2.2057777603675, "log10_subsample": -0.49525997771280694, "max_depth": 7.0, "num_boost_round": 2.0}, "datetime": {"datetime": "2024-01-19 02:17:01", "elapsed": 7511.517544, "delta": 0.006348}}
{"target": -17.67706840796587, "params": {"gamma": 402.25788156966, "log10_alpha": -4.897344722935087, "log10_colsample_bytree": -0.3655321007176644, "log10_eta": -2.766368230636917, "log10_lambda": 0.27658021139094924, "log10_min_child_weight": 2.2057777603675, "log10_subsample": -0.49525997771280694, "max_depth": 7.0, "num_boost_round": 3.0}, "datetime": {"datetime": "2024-01-19 02:17:01", "elapsed": 7511.523932, "delta": 0.006388}}
