{"target": -17.674113065144347, "params": {"gamma": 425.7422468027873, "log10_alpha": -0.17307660367884736, "log10_colsample_bytree": -0.6620297242265757, "log10_eta": -2.8802714476996565, "log10_lambda": -4.077793138459246, "log10_min_child_weight": 0.6354894674869688, "log10_subsample": -0.07093726020763513, "max_depth": 6.0, "num_boost_round": 60.0}, "datetime": {"datetime": "2024-01-19 00:14:44", "elapsed": 174.139839, "delta": 0.000937}}
{"target": -17.674107050584656, "params": {"gamma": 425.7422468027873, "log10_alpha": -0.17307660367884736, "log10_colsample_bytree": -0.6620297242265757, "log10_eta": -2.8802714476996565, "log10_lambda": -4.077793138459246, "log10_min_child_weight": 0.6354894674869688, "log10_subsample": -0.07093726020763513, "max_depth": 6.0, "num_boost_round": 61.0}, "datetime": {"datetime": "2024-01-19 00:14:44", "elapsed": 174.140607, "delta": 0.000768}}
{"target": -17.674083623939335, "params": {"gamma": 425.7422468027873, "log10_alpha": -0.17307660367884736, "log10_colsample_bytree": -0.6620297242265757, "log10_eta": -2.8802714476996565, "log10_lambda": -4.077793138459246, "log10_min_child_weight": 0.6354894674869688, "log10_subsample": -0.07093726020763513, "max_depth": 6.0, "num_boost_round": 62.0}, "datetime": {"datetime": "2024-01-19 00:14:44", "elapsed": 174.141384, "delta": 0.000777}}
{"target": -17.674034292508825, "params": {"gamma": 425.7422468027873, "log10_alpha": -0.17307660367884736, "log10_colsample_bytree": -0.6620297242265757, "log10_eta": -2.8802714476996565, "log10_lambda": -4.077793138459246, "log10_min_child_weight": 0.6354894674869688, "log10_subsample": -0.07093726020763513, "max_depth": 6.0, "num_boost_round": 63.0}, "datetime": {"datetime": "2024-01-19 00:14:44", "elapsed": 174.142312, "delta": 0.000928}}
{"target": -17.67400516340728, "params": {"gamma": 425.7422468027873, "log10_alpha": -0.17307660367884736, "log10_colsample_bytree": -0.6620297242265757, "log10_eta": -2.8802714476996565, "log10_lambda": -4.077793138459246, "log10_min_child_weight": 0.6354894674869688, "log10_subsample": -0.07093726020763513, "max_depth": 6.0, "num_boost_round": 64.0}, "datetime": {"datetime": "2024-01-19 00:14:44", "elapsed": 174.143213, "delta": 0.000901}}
{"target": -17.673892660677005, "params": {"gamma": 425.7422468027873, "log10_alpha": -0.17307660367884736, "log10_colsample_bytree": -0.6620297242265757, "log10_eta": -2.8802714476996565, "log10_lambda": -4.077793138459246, "log10_min_child_weight": 0.6354894674869688, "log10_subsample": -0.07093726020763513, "max_depth": 6.0, "num_boost_round": 65.0}, "datetime": {"datetime": "2024-01-19 00:14:44", "elapsed": 174.1441, "delta": 0.000887}}
{"target": -17.673829178052497, "params": {"gamma": 425.7422468027873, "log10_alpha": -0.17307660367884736, "log10_colsample_bytree": -0.6620297242265757, "log10_eta": -2.8802714476996565, "log10_lambda": -4.077793138459246, "log10_min_child_weight": 0.6354894674869688, "log10_subsample": -0.07093726020763513, "max_depth": 6.0, "num_boost_round": 66.0}, "datetime": {"datetime": "2024-01-19 00:14:44", "elapsed": 174.145006, "delta": 0.000906}}
{"target": -17.673741440749936, "params": {"gamma": 425.7422468027873, "log10_alpha": -0.17307660367884736, "log10_colsample_bytree": -0.6620297242265757, "log10_eta": -2.8802714476996565, "log10_lambda": -4.077793138459246, "log10_min_child_weight": 0.6354894674869688, "log10_subsample": -0.07093726020763513, "max_depth": 6.0, "num_boost_round": 67.0}, "datetime": {"datetime": "2024-01-19 00:14:44", "elapsed": 174.145782, "delta": 0.000776}}
{"target": -17.673694741261976, "params": {"gamma": 425.7422468027873, "log10_alpha": -0.17307660367884736, "log10_colsample_bytree": -0.6620297242265757, "log10_eta": -2.8802714476996565, "log10_lambda": -4.077793138459246, "log10_min_child_weight": 0.6354894674869688, "log10_subsample": -0.07093726020763513, "max_depth": 6.0, "num_boost_round": 68.0}, "datetime": {"datetime": "2024-01-19 00:14:44", "elapsed": 174.146553, "delta": 0.000771}}
{"target": -17.673717232811615, "params": {"gamma": 425.7422468027873, "log10_alpha": -0.17307660367884736, "log10_colsample_bytree": -0.6620297242265757, "log10_eta": -2.8802714476996565, "log10_lambda": -4.077793138459246, "log10_min_child_weight": 0.6354894674869688, "log10_subsample": -0.07093726020763513, "max_depth": 6.0, "num_boost_round": 69.0}, "datetime": {"datetime": "2024-01-19 00:14:44", "elapsed": 174.147322, "delta": 0.000769}}
{"target": -17.673706497488, "params": {"gamma": 425.7422468027873, "log10_alpha": -0.17307660367884736, "log10_colsample_bytree": -0.6620297242265757, "log10_eta": -2.8802714476996565, "log10_lambda": -4.077793138459246, "log10_min_child_weight": 0.6354894674869688, "log10_subsample": -0.07093726020763513, "max_depth": 6.0, "num_boost_round": 70.0}, "datetime": {"datetime": "2024-01-19 00:14:44", "elapsed": 174.148089, "delta": 0.000767}}
{"target": -17.673612554433348, "params": {"gamma": 425.7422468027873, "log10_alpha": -0.17307660367884736, "log10_colsample_bytree": -0.6620297242265757, "log10_eta": -2.8802714476996565, "log10_lambda": -4.077793138459246, "log10_min_child_weight": 0.6354894674869688, "log10_subsample": -0.07093726020763513, "max_depth": 6.0, "num_boost_round": 71.0}, "datetime": {"datetime": "2024-01-19 00:14:44", "elapsed": 174.14886, "delta": 0.000771}}
{"target": -17.67355446462993, "params": {"gamma": 425.7422468027873, "log10_alpha": -0.17307660367884736, "log10_colsample_bytree": -0.6620297242265757, "log10_eta": -2.8802714476996565, "log10_lambda": -4.077793138459246, "log10_min_child_weight": 0.6354894674869688, "log10_subsample": -0.07093726020763513, "max_depth": 6.0, "num_boost_round": 72.0}, "datetime": {"datetime": "2024-01-19 00:14:44", "elapsed": 174.149639, "delta": 0.000779}}
{"target": -17.673513392682242, "params": {"gamma": 425.7422468027873, "log10_alpha": -0.17307660367884736, "log10_colsample_bytree": -0.6620297242265757, "log10_eta": -2.8802714476996565, "log10_lambda": -4.077793138459246, "log10_min_child_weight": 0.6354894674869688, "log10_subsample": -0.07093726020763513, "max_depth": 6.0, "num_boost_round": 73.0}, "datetime": {"datetime": "2024-01-19 00:14:44", "elapsed": 174.150412, "delta": 0.000773}}
{"target": -17.673476386040477, "params": {"gamma": 425.7422468027873, "log10_alpha": -0.17307660367884736, "log10_colsample_bytree": -0.6620297242265757, "log10_eta": -2.8802714476996565, "log10_lambda": -4.077793138459246, "log10_min_child_weight": 0.6354894674869688, "log10_subsample": -0.07093726020763513, "max_depth": 6.0, "num_boost_round": 74.0}, "datetime": {"datetime": "2024-01-19 00:14:44", "elapsed": 174.151231, "delta": 0.000819}}
{"target": -17.67331161951898, "params": {"gamma": 425.7422468027873, "log10_alpha": -0.17307660367884736, "log10_colsample_bytree": -0.6620297242265757, "log10_eta": -2.8802714476996565, "log10_lambda": -4.077793138459246, "log10_min_child_weight": 0.6354894674869688, "log10_subsample": -0.07093726020763513, "max_depth": 6.0, "num_boost_round": 75.0}, "datetime": {"datetime": "2024-01-19 00:14:44", "elapsed": 174.152006, "delta": 0.000775}}
{"target": -17.673228533783533, "params": {"gamma": 425.7422468027873, "log10_alpha": -0.17307660367884736, "log10_colsample_bytree": -0.6620297242265757, "log10_eta": -2.8802714476996565, "log10_lambda": -4.077793138459246, "log10_min_child_weight": 0.6354894674869688, "log10_subsample": -0.07093726020763513, "max_depth": 6.0, "num_boost_round": 76.0}, "datetime": {"datetime": "2024-01-19 00:14:44", "elapsed": 174.152779, "delta": 0.000773}}
{"target": -17.677113057304386, "params": {"gamma": 425.01481660070584, "log10_alpha": -3.2909900400783387, "log10_colsample_bytree": -0.49423596932816327, "log10_eta": -2.84777191735317, "log10_lambda": -4.5521432558635215, "log10_min_child_weight": 0.4393171516348815, "log10_subsample": -0.030240328755802848, "max_depth": 4.0, "num_boost_round": 0.0}, "datetime": {"datetime": "2024-01-19 00:15:25", "elapsed": 215.049496, "delta": 40.896717}}
{"target": -17.677057786058423, "params": {"gamma": 425.01481660070584, "log10_alpha": -3.2909900400783387, "log10_colsample_bytree": -0.49423596932816327, "log10_eta": -2.84777191735317, "log10_lambda": -4.5521432558635215, "log10_min_child_weight": 0.4393171516348815, "log10_subsample": -0.030240328755802848, "max_depth": 4.0, "num_boost_round": 1.0}, "datetime": {"datetime": "2024-01-19 00:15:25", "elapsed": 215.05053, "delta": 0.001034}}
{"target": -17.676993249477555, "params": {"gamma": 425.01481660070584, "log10_alpha": -3.2909900400783387, "log10_colsample_bytree": -0.49423596932816327, "log10_eta": -2.84777191735317, "log10_lambda": -4.5521432558635215, "log10_min_child_weight": 0.4393171516348815, "log10_subsample": -0.030240328755802848, "max_depth": 4.0, "num_boost_round": 2.0}, "datetime": {"datetime": "2024-01-19 00:15:25", "elapsed": 215.051324, "delta": 0.000794}}
{"target": -17.67697323761901, "params": {"gamma": 425.01481660070584, "log10_alpha": -3.2909900400783387, "log10_colsample_bytree": -0.49423596932816327, "log10_eta": -2.84777191735317, "log10_lambda": -4.5521432558635215, "log10_min_child_weight": 0.4393171516348815, "log10_subsample": -0.030240328755802848, "max_depth": 4.0, "num_boost_round": 3.0}, "datetime": {"datetime": "2024-01-19 00:15:25", "elapsed": 215.052277, "delta": 0.000953}}
{"target": -17.676914320801792, "params": {"gamma": 425.01481660070584, "log10_alpha": -3.2909900400783387, "log10_colsample_bytree": -0.49423596932816327, "log10_eta": -2.84777191735317, "log10_lambda": -4.5521432558635215, "log10_min_child_weight": 0.4393171516348815, "log10_subsample": -0.030240328755802848, "max_depth": 4.0, "num_boost_round": 4.0}, "datetime": {"datetime": "2024-01-19 00:15:25", "elapsed": 215.053315, "delta": 0.001038}}
{"target": -17.676875482246842, "params": {"gamma": 425.01481660070584, "log10_alpha": -3.2909900400783387, "log10_colsample_bytree": -0.49423596932816327, "log10_eta": -2.84777191735317, "log10_lambda": -4.5521432558635215, "log10_min_child_weight": 0.4393171516348815, "log10_subsample": -0.030240328755802848, "max_depth": 4.0, "num_boost_round": 5.0}, "datetime": {"datetime": "2024-01-19 00:15:25", "elapsed": 215.054109, "delta": 0.000794}}
{"target": -17.676813935001057, "params": {"gamma": 425.01481660070584, "log10_alpha": -3.2909900400783387, "log10_colsample_bytree": -0.49423596932816327, "log10_eta": -2.84777191735317, "log10_lambda": -4.5521432558635215, "log10_min_child_weight": 0.4393171516348815, "log10_subsample": -0.030240328755802848, "max_depth": 4.0, "num_boost_round": 6.0}, "datetime": {"datetime": "2024-01-19 00:15:25", "elapsed": 215.054908, "delta": 0.000799}}
{"target": -17.676798564557913, "params": {"gamma": 425.01481660070584, "log10_alpha": -3.2909900400783387, "log10_colsample_bytree": -0.49423596932816327, "log10_eta": -2.84777191735317, "log10_lambda": -4.5521432558635215, "log10_min_child_weight": 0.4393171516348815, "log10_subsample": -0.030240328755802848, "max_depth": 4.0, "num_boost_round": 7.0}, "datetime": {"datetime": "2024-01-19 00:15:25", "elapsed": 215.055699, "delta": 0.000791}}
{"target": -17.676769714269167, "params": {"gamma": 425.01481660070584, "log10_alpha": -3.2909900400783387, "log10_colsample_bytree": -0.49423596932816327, "log10_eta": -2.84777191735317, "log10_lambda": -4.5521432558635215, "log10_min_child_weight": 0.4393171516348815, "log10_subsample": -0.030240328755802848, "max_depth": 4.0, "num_boost_round": 8.0}, "datetime": {"datetime": "2024-01-19 00:15:25", "elapsed": 215.05655, "delta": 0.000851}}
{"target": -17.67671216084681, "params": {"gamma": 425.01481660070584, "log10_alpha": -3.2909900400783387, "log10_colsample_bytree": -0.49423596932816327, "log10_eta": -2.84777191735317, "log10_lambda": -4.5521432558635215, "log10_min_child_weight": 0.4393171516348815, "log10_subsample": -0.030240328755802848, "max_depth": 4.0, "num_boost_round": 9.0}, "datetime": {"datetime": "2024-01-19 00:15:25", "elapsed": 215.05733, "delta": 0.00078}}
{"target": -17.6765996817792, "params": {"gamma": 425.01481660070584, "log10_alpha": -3.2909900400783387, "log10_colsample_bytree": -0.49423596932816327, "log10_eta": -2.84777191735317, "log10_lambda": -4.5521432558635215, "log10_min_child_weight": 0.4393171516348815, "log10_subsample": -0.030240328755802848, "max_depth": 4.0, "num_boost_round": 10.0}, "datetime": {"datetime": "2024-01-19 00:15:25", "elapsed": 215.05812, "delta": 0.00079}}
{"target": -17.676554752751432, "params": {"gamma": 425.01481660070584, "log10_alpha": -3.2909900400783387, "log10_colsample_bytree": -0.49423596932816327, "log10_eta": -2.84777191735317, "log10_lambda": -4.5521432558635215, "log10_min_child_weight": 0.4393171516348815, "log10_subsample": -0.030240328755802848, "max_depth": 4.0, "num_boost_round": 11.0}, "datetime": {"datetime": "2024-01-19 00:15:25", "elapsed": 215.058929, "delta": 0.000809}}
{"target": -17.67647194866283, "params": {"gamma": 425.01481660070584, "log10_alpha": -3.2909900400783387, "log10_colsample_bytree": -0.49423596932816327, "log10_eta": -2.84777191735317, "log10_lambda": -4.5521432558635215, "log10_min_child_weight": 0.4393171516348815, "log10_subsample": -0.030240328755802848, "max_depth": 4.0, "num_boost_round": 12.0}, "datetime": {"datetime": "2024-01-19 00:15:25", "elapsed": 215.05972, "delta": 0.000791}}
{"target": -17.676455342465594, "params": {"gamma": 425.01481660070584, "log10_alpha": -3.2909900400783387, "log10_colsample_bytree": -0.49423596932816327, "log10_eta": -2.84777191735317, "log10_lambda": -4.5521432558635215, "log10_min_child_weight": 0.4393171516348815, "log10_subsample": -0.030240328755802848, "max_depth": 4.0, "num_boost_round": 13.0}, "datetime": {"datetime": "2024-01-19 00:15:25", "elapsed": 215.060517, "delta": 0.000797}}
{"target": -17.676467896339137, "params": {"gamma": 425.01481660070584, "log10_alpha": -3.2909900400783387, "log10_colsample_bytree": -0.49423596932816327, "log10_eta": -2.84777191735317, "log10_lambda": -4.5521432558635215, "log10_min_child_weight": 0.4393171516348815, "log10_subsample": -0.030240328755802848, "max_depth": 4.0, "num_boost_round": 14.0}, "datetime": {"datetime": "2024-01-19 00:15:25", "elapsed": 215.061296, "delta": 0.000779}}
{"target": -17.676384048060047, "params": {"gamma": 425.01481660070584, "log10_alpha": -3.2909900400783387, "log10_colsample_bytree": -0.49423596932816327, "log10_eta": -2.84777191735317, "log10_lambda": -4.5521432558635215, "log10_min_child_weight": 0.4393171516348815, "log10_subsample": -0.030240328755802848, "max_depth": 4.0, "num_boost_round": 15.0}, "datetime": {"datetime": "2024-01-19 00:15:25", "elapsed": 215.062213, "delta": 0.000917}}
{"target": -17.6763263909991, "params": {"gamma": 425.01481660070584, "log10_alpha": -3.2909900400783387, "log10_colsample_bytree": -0.49423596932816327, "log10_eta": -2.84777191735317, "log10_lambda": -4.5521432558635215, "log10_min_child_weight": 0.4393171516348815, "log10_subsample": -0.030240328755802848, "max_depth": 4.0, "num_boost_round": 16.0}, "datetime": {"datetime": "2024-01-19 00:15:25", "elapsed": 215.063034, "delta": 0.000821}}
{"target": -17.676329904507767, "params": {"gamma": 425.01481660070584, "log10_alpha": -3.2909900400783387, "log10_colsample_bytree": -0.49423596932816327, "log10_eta": -2.84777191735317, "log10_lambda": -4.5521432558635215, "log10_min_child_weight": 0.4393171516348815, "log10_subsample": -0.030240328755802848, "max_depth": 4.0, "num_boost_round": 17.0}, "datetime": {"datetime": "2024-01-19 00:15:25", "elapsed": 215.063831, "delta": 0.000797}}
{"target": -17.676305394270315, "params": {"gamma": 425.01481660070584, "log10_alpha": -3.2909900400783387, "log10_colsample_bytree": -0.49423596932816327, "log10_eta": -2.84777191735317, "log10_lambda": -4.5521432558635215, "log10_min_child_weight": 0.4393171516348815, "log10_subsample": -0.030240328755802848, "max_depth": 4.0, "num_boost_round": 18.0}, "datetime": {"datetime": "2024-01-19 00:15:25", "elapsed": 215.064628, "delta": 0.000797}}
{"target": -17.67629889075772, "params": {"gamma": 425.01481660070584, "log10_alpha": -3.2909900400783387, "log10_colsample_bytree": -0.49423596932816327, "log10_eta": -2.84777191735317, "log10_lambda": -4.5521432558635215, "log10_min_child_weight": 0.4393171516348815, "log10_subsample": -0.030240328755802848, "max_depth": 4.0, "num_boost_round": 19.0}, "datetime": {"datetime": "2024-01-19 00:15:25", "elapsed": 215.065429, "delta": 0.000801}}
{"target": -17.676253625683444, "params": {"gamma": 425.01481660070584, "log10_alpha": -3.2909900400783387, "log10_colsample_bytree": -0.49423596932816327, "log10_eta": -2.84777191735317, "log10_lambda": -4.5521432558635215, "log10_min_child_weight": 0.4393171516348815, "log10_subsample": -0.030240328755802848, "max_depth": 4.0, "num_boost_round": 20.0}, "datetime": {"datetime": "2024-01-19 00:15:25", "elapsed": 215.066222, "delta": 0.000793}}
{"target": -17.676146833826884, "params": {"gamma": 425.01481660070584, "log10_alpha": -3.2909900400783387, "log10_colsample_bytree": -0.49423596932816327, "log10_eta": -2.84777191735317, "log10_lambda": -4.5521432558635215, "log10_min_child_weight": 0.4393171516348815, "log10_subsample": -0.030240328755802848, "max_depth": 4.0, "num_boost_round": 21.0}, "datetime": {"datetime": "2024-01-19 00:15:25", "elapsed": 215.067015, "delta": 0.000793}}
{"target": -17.676066867398557, "params": {"gamma": 425.01481660070584, "log10_alpha": -3.2909900400783387, "log10_colsample_bytree": -0.49423596932816327, "log10_eta": -2.84777191735317, "log10_lambda": -4.5521432558635215, "log10_min_child_weight": 0.4393171516348815, "log10_subsample": -0.030240328755802848, "max_depth": 4.0, "num_boost_round": 22.0}, "datetime": {"datetime": "2024-01-19 00:15:25", "elapsed": 215.06781, "delta": 0.000795}}
{"target": -17.675967921642616, "params": {"gamma": 425.01481660070584, "log10_alpha": -3.2909900400783387, "log10_colsample_bytree": -0.49423596932816327, "log10_eta": -2.84777191735317, "log10_lambda": -4.5521432558635215, "log10_min_child_weight": 0.4393171516348815, "log10_subsample": -0.030240328755802848, "max_depth": 4.0, "num_boost_round": 23.0}, "datetime": {"datetime": "2024-01-19 00:15:25", "elapsed": 215.068614, "delta": 0.000804}}
{"target": -17.675927763571757, "params": {"gamma": 425.01481660070584, "log10_alpha": -3.2909900400783387, "log10_colsample_bytree": -0.49423596932816327, "log10_eta": -2.84777191735317, "log10_lambda": -4.5521432558635215, "log10_min_child_weight": 0.4393171516348815, "log10_subsample": -0.030240328755802848, "max_depth": 4.0, "num_boost_round": 24.0}, "datetime": {"datetime": "2024-01-19 00:15:25", "elapsed": 215.069424, "delta": 0.00081}}
{"target": -17.675882880329432, "params": {"gamma": 425.01481660070584, "log10_alpha": -3.2909900400783387, "log10_colsample_bytree": -0.49423596932816327, "log10_eta": -2.84777191735317, "log10_lambda": -4.5521432558635215, "log10_min_child_weight": 0.4393171516348815, "log10_subsample": -0.030240328755802848, "max_depth": 4.0, "num_boost_round": 25.0}, "datetime": {"datetime": "2024-01-19 00:15:25", "elapsed": 215.070223, "delta": 0.000799}}
{"target": -17.675865535910937, "params": {"gamma": 425.01481660070584, "log10_alpha": -3.2909900400783387, "log10_colsample_bytree": -0.49423596932816327, "log10_eta": -2.84777191735317, "log10_lambda": -4.5521432558635215, "log10_min_child_weight": 0.4393171516348815, "log10_subsample": -0.030240328755802848, "max_depth": 4.0, "num_boost_round": 26.0}, "datetime": {"datetime": "2024-01-19 00:15:25", "elapsed": 215.07103, "delta": 0.000807}}
{"target": -17.675811063298802, "params": {"gamma": 425.01481660070584, "log10_alpha": -3.2909900400783387, "log10_colsample_bytree": -0.49423596932816327, "log10_eta": -2.84777191735317, "log10_lambda": -4.5521432558635215, "log10_min_child_weight": 0.4393171516348815, "log10_subsample": -0.030240328755802848, "max_depth": 4.0, "num_boost_round": 27.0}, "datetime": {"datetime": "2024-01-19 00:15:25", "elapsed": 215.071834, "delta": 0.000804}}
{"target": -17.67574514028053, "params": {"gamma": 425.01481660070584, "log10_alpha": -3.2909900400783387, "log10_colsample_bytree": -0.49423596932816327, "log10_eta": -2.84777191735317, "log10_lambda": -4.5521432558635215, "log10_min_child_weight": 0.4393171516348815, "log10_subsample": -0.030240328755802848, "max_depth": 4.0, "num_boost_round": 28.0}, "datetime": {"datetime": "2024-01-19 00:15:25", "elapsed": 215.0727, "delta": 0.000866}}
{"target": -17.67565722087798, "params": {"gamma": 425.01481660070584, "log10_alpha": -3.2909900400783387, "log10_colsample_bytree": -0.49423596932816327, "log10_eta": -2.84777191735317, "log10_lambda": -4.5521432558635215, "log10_min_child_weight": 0.4393171516348815, "log10_subsample": -0.030240328755802848, "max_depth": 4.0, "num_boost_round": 29.0}, "datetime": {"datetime": "2024-01-19 00:15:25", "elapsed": 215.073516, "delta": 0.000816}}
{"target": -17.675613348077494, "params": {"gamma": 425.01481660070584, "log10_alpha": -3.2909900400783387, "log10_colsample_bytree": -0.49423596932816327, "log10_eta": -2.84777191735317, "log10_lambda": -4.5521432558635215, "log10_min_child_weight": 0.4393171516348815, "log10_subsample": -0.030240328755802848, "max_depth": 4.0, "num_boost_round": 30.0}, "datetime": {"datetime": "2024-01-19 00:15:25", "elapsed": 215.074322, "delta": 0.000806}}
{"target": -17.675537246667997, "params": {"gamma": 425.01481660070584, "log10_alpha": -3.2909900400783387, "log10_colsample_bytree": -0.49423596932816327, "log10_eta": -2.84777191735317, "log10_lambda": -4.5521432558635215, "log10_min_child_weight": 0.4393171516348815, "log10_subsample": -0.030240328755802848, "max_depth": 4.0, "num_boost_round": 31.0}, "datetime": {"datetime": "2024-01-19 00:15:25", "elapsed": 215.075131, "delta": 0.000809}}
