{"target": -13.758369914104266, "params": {"gamma": 556.4284437606665, "log10_alpha": -0.8113148830920016, "log10_colsample_bytree": -0.8417716203343888, "log10_eta": -3.3280164708078406, "log10_lambda": -2.7484831015146867, "log10_min_child_weight": 2.3614511772134295, "log10_subsample": -0.5991611205237022, "max_depth": 7.0, "num_boost_round": 19.0}, "datetime": {"datetime": "2024-01-19 00:30:37", "elapsed": 1090.292395, "delta": 0.001742}}
{"target": -13.758349736573784, "params": {"gamma": 556.4284437606665, "log10_alpha": -0.8113148830920016, "log10_colsample_bytree": -0.8417716203343888, "log10_eta": -3.3280164708078406, "log10_lambda": -2.7484831015146867, "log10_min_child_weight": 2.3614511772134295, "log10_subsample": -0.5991611205237022, "max_depth": 7.0, "num_boost_round": 20.0}, "datetime": {"datetime": "2024-01-19 00:30:37", "elapsed": 1090.294328, "delta": 0.001933}}
{"target": -13.758338089218212, "params": {"gamma": 556.4284437606665, "log10_alpha": -0.8113148830920016, "log10_colsample_bytree": -0.8417716203343888, "log10_eta": -3.3280164708078406, "log10_lambda": -2.7484831015146867, "log10_min_child_weight": 2.3614511772134295, "log10_subsample": -0.5991611205237022, "max_depth": 7.0, "num_boost_round": 21.0}, "datetime": {"datetime": "2024-01-19 00:30:37", "elapsed": 1090.296212, "delta": 0.001884}}
{"target": -13.758327838542575, "params": {"gamma": 556.4284437606665, "log10_alpha": -0.8113148830920016, "log10_colsample_bytree": -0.8417716203343888, "log10_eta": -3.3280164708078406, "log10_lambda": -2.7484831015146867, "log10_min_child_weight": 2.3614511772134295, "log10_subsample": -0.5991611205237022, "max_depth": 7.0, "num_boost_round": 22.0}, "datetime": {"datetime": "2024-01-19 00:30:37", "elapsed": 1090.298017, "delta": 0.001805}}
{"target": -13.75830346398914, "params": {"gamma": 556.4284437606665, "log10_alpha": -0.8113148830920016, "log10_colsample_bytree": -0.8417716203343888, "log10_eta": -3.3280164708078406, "log10_lambda": -2.7484831015146867, "log10_min_child_weight": 2.3614511772134295, "log10_subsample": -0.5991611205237022, "max_depth": 7.0, "num_boost_round": 23.0}, "datetime": {"datetime": "2024-01-19 00:30:37", "elapsed": 1090.29982, "delta": 0.001803}}
{"target": -13.758297292095282, "params": {"gamma": 556.4284437606665, "log10_alpha": -0.8113148830920016, "log10_colsample_bytree": -0.8417716203343888, "log10_eta": -3.3280164708078406, "log10_lambda": -2.7484831015146867, "log10_min_child_weight": 2.3614511772134295, "log10_subsample": -0.5991611205237022, "max_depth": 7.0, "num_boost_round": 24.0}, "datetime": {"datetime": "2024-01-19 00:30:37", "elapsed": 1090.301531, "delta": 0.001711}}
{"target": -13.758277247545541, "params": {"gamma": 556.4284437606665, "log10_alpha": -0.8113148830920016, "log10_colsample_bytree": -0.8417716203343888, "log10_eta": -3.3280164708078406, "log10_lambda": -2.7484831015146867, "log10_min_child_weight": 2.3614511772134295, "log10_subsample": -0.5991611205237022, "max_depth": 7.0, "num_boost_round": 25.0}, "datetime": {"datetime": "2024-01-19 00:30:37", "elapsed": 1090.303246, "delta": 0.001715}}
{"target": -13.75827522607916, "params": {"gamma": 556.4284437606665, "log10_alpha": -0.8113148830920016, "log10_colsample_bytree": -0.8417716203343888, "log10_eta": -3.3280164708078406, "log10_lambda": -2.7484831015146867, "log10_min_child_weight": 2.3614511772134295, "log10_subsample": -0.5991611205237022, "max_depth": 7.0, "num_boost_round": 26.0}, "datetime": {"datetime": "2024-01-19 00:30:37", "elapsed": 1090.30496, "delta": 0.001714}}
{"target": -13.758264900983491, "params": {"gamma": 556.4284437606665, "log10_alpha": -0.8113148830920016, "log10_colsample_bytree": -0.8417716203343888, "log10_eta": -3.3280164708078406, "log10_lambda": -2.7484831015146867, "log10_min_child_weight": 2.3614511772134295, "log10_subsample": -0.5991611205237022, "max_depth": 7.0, "num_boost_round": 27.0}, "datetime": {"datetime": "2024-01-19 00:30:37", "elapsed": 1090.30668, "delta": 0.00172}}
{"target": -13.758259230479196, "params": {"gamma": 556.4284437606665, "log10_alpha": -0.8113148830920016, "log10_colsample_bytree": -0.8417716203343888, "log10_eta": -3.3280164708078406, "log10_lambda": -2.7484831015146867, "log10_min_child_weight": 2.3614511772134295, "log10_subsample": -0.5991611205237022, "max_depth": 7.0, "num_boost_round": 28.0}, "datetime": {"datetime": "2024-01-19 00:30:37", "elapsed": 1090.308399, "delta": 0.001719}}
{"target": -13.758239187027543, "params": {"gamma": 556.4284437606665, "log10_alpha": -0.8113148830920016, "log10_colsample_bytree": -0.8417716203343888, "log10_eta": -3.3280164708078406, "log10_lambda": -2.7484831015146867, "log10_min_child_weight": 2.3614511772134295, "log10_subsample": -0.5991611205237022, "max_depth": 7.0, "num_boost_round": 29.0}, "datetime": {"datetime": "2024-01-19 00:30:37", "elapsed": 1090.310116, "delta": 0.001717}}
{"target": -13.758230166485609, "params": {"gamma": 556.4284437606665, "log10_alpha": -0.8113148830920016, "log10_colsample_bytree": -0.8417716203343888, "log10_eta": -3.3280164708078406, "log10_lambda": -2.7484831015146867, "log10_min_child_weight": 2.3614511772134295, "log10_subsample": -0.5991611205237022, "max_depth": 7.0, "num_boost_round": 30.0}, "datetime": {"datetime": "2024-01-19 00:30:37", "elapsed": 1090.31186, "delta": 0.001744}}
{"target": -13.758216631223684, "params": {"gamma": 556.4284437606665, "log10_alpha": -0.8113148830920016, "log10_colsample_bytree": -0.8417716203343888, "log10_eta": -3.3280164708078406, "log10_lambda": -2.7484831015146867, "log10_min_child_weight": 2.3614511772134295, "log10_subsample": -0.5991611205237022, "max_depth": 7.0, "num_boost_round": 31.0}, "datetime": {"datetime": "2024-01-19 00:30:37", "elapsed": 1090.313619, "delta": 0.001759}}
{"target": -13.758204597741397, "params": {"gamma": 556.4284437606665, "log10_alpha": -0.8113148830920016, "log10_colsample_bytree": -0.8417716203343888, "log10_eta": -3.3280164708078406, "log10_lambda": -2.7484831015146867, "log10_min_child_weight": 2.3614511772134295, "log10_subsample": -0.5991611205237022, "max_depth": 7.0, "num_boost_round": 32.0}, "datetime": {"datetime": "2024-01-19 00:30:37", "elapsed": 1090.315544, "delta": 0.001925}}
{"target": -13.758195686092392, "params": {"gamma": 556.4284437606665, "log10_alpha": -0.8113148830920016, "log10_colsample_bytree": -0.8417716203343888, "log10_eta": -3.3280164708078406, "log10_lambda": -2.7484831015146867, "log10_min_child_weight": 2.3614511772134295, "log10_subsample": -0.5991611205237022, "max_depth": 7.0, "num_boost_round": 33.0}, "datetime": {"datetime": "2024-01-19 00:30:37", "elapsed": 1090.317309, "delta": 0.001765}}
{"target": -13.758189798642551, "params": {"gamma": 556.4284437606665, "log10_alpha": -0.8113148830920016, "log10_colsample_bytree": -0.8417716203343888, "log10_eta": -3.3280164708078406, "log10_lambda": -2.7484831015146867, "log10_min_child_weight": 2.3614511772134295, "log10_subsample": -0.5991611205237022, "max_depth": 7.0, "num_boost_round": 34.0}, "datetime": {"datetime": "2024-01-19 00:30:37", "elapsed": 1090.319067, "delta": 0.001758}}
{"target": -13.758181411177143, "params": {"gamma": 556.4284437606665, "log10_alpha": -0.8113148830920016, "log10_colsample_bytree": -0.8417716203343888, "log10_eta": -3.3280164708078406, "log10_lambda": -2.7484831015146867, "log10_min_child_weight": 2.3614511772134295, "log10_subsample": -0.5991611205237022, "max_depth": 7.0, "num_boost_round": 35.0}, "datetime": {"datetime": "2024-01-19 00:30:37", "elapsed": 1090.320818, "delta": 0.001751}}
{"target": -13.758187002973482, "params": {"gamma": 556.4284437606665, "log10_alpha": -0.8113148830920016, "log10_colsample_bytree": -0.8417716203343888, "log10_eta": -3.3280164708078406, "log10_lambda": -2.7484831015146867, "log10_min_child_weight": 2.3614511772134295, "log10_subsample": -0.5991611205237022, "max_depth": 7.0, "num_boost_round": 36.0}, "datetime": {"datetime": "2024-01-19 00:30:37", "elapsed": 1090.322561, "delta": 0.001743}}
{"target": -13.758178289151338, "params": {"gamma": 556.4284437606665, "log10_alpha": -0.8113148830920016, "log10_colsample_bytree": -0.8417716203343888, "log10_eta": -3.3280164708078406, "log10_lambda": -2.7484831015146867, "log10_min_child_weight": 2.3614511772134295, "log10_subsample": -0.5991611205237022, "max_depth": 7.0, "num_boost_round": 37.0}, "datetime": {"datetime": "2024-01-19 00:30:37", "elapsed": 1090.324297, "delta": 0.001736}}
{"target": -13.758173037653133, "params": {"gamma": 556.4284437606665, "log10_alpha": -0.8113148830920016, "log10_colsample_bytree": -0.8417716203343888, "log10_eta": -3.3280164708078406, "log10_lambda": -2.7484831015146867, "log10_min_child_weight": 2.3614511772134295, "log10_subsample": -0.5991611205237022, "max_depth": 7.0, "num_boost_round": 38.0}, "datetime": {"datetime": "2024-01-19 00:30:37", "elapsed": 1090.326025, "delta": 0.001728}}
{"target": -13.758174939143094, "params": {"gamma": 556.4284437606665, "log10_alpha": -0.8113148830920016, "log10_colsample_bytree": -0.8417716203343888, "log10_eta": -3.3280164708078406, "log10_lambda": -2.7484831015146867, "log10_min_child_weight": 2.3614511772134295, "log10_subsample": -0.5991611205237022, "max_depth": 7.0, "num_boost_round": 39.0}, "datetime": {"datetime": "2024-01-19 00:30:37", "elapsed": 1090.327759, "delta": 0.001734}}
{"target": -13.758176282229845, "params": {"gamma": 556.4284437606665, "log10_alpha": -0.8113148830920016, "log10_colsample_bytree": -0.8417716203343888, "log10_eta": -3.3280164708078406, "log10_lambda": -2.7484831015146867, "log10_min_child_weight": 2.3614511772134295, "log10_subsample": -0.5991611205237022, "max_depth": 7.0, "num_boost_round": 40.0}, "datetime": {"datetime": "2024-01-19 00:30:37", "elapsed": 1090.329493, "delta": 0.001734}}
{"target": -13.758178345896662, "params": {"gamma": 556.4284437606665, "log10_alpha": -0.8113148830920016, "log10_colsample_bytree": -0.8417716203343888, "log10_eta": -3.3280164708078406, "log10_lambda": -2.7484831015146867, "log10_min_child_weight": 2.3614511772134295, "log10_subsample": -0.5991611205237022, "max_depth": 7.0, "num_boost_round": 41.0}, "datetime": {"datetime": "2024-01-19 00:30:37", "elapsed": 1090.331218, "delta": 0.001725}}
{"target": -13.75814647705433, "params": {"gamma": 556.4284437606665, "log10_alpha": -0.8113148830920016, "log10_colsample_bytree": -0.8417716203343888, "log10_eta": -3.3280164708078406, "log10_lambda": -2.7484831015146867, "log10_min_child_weight": 2.3614511772134295, "log10_subsample": -0.5991611205237022, "max_depth": 7.0, "num_boost_round": 42.0}, "datetime": {"datetime": "2024-01-19 00:30:37", "elapsed": 1090.333104, "delta": 0.001886}}
{"target": -13.758522362718065, "params": {"gamma": 565.4556225795014, "log10_alpha": -3.033147753100606, "log10_colsample_bytree": -0.46195409926871456, "log10_eta": -3.4686852983323107, "log10_lambda": -3.0884383317931485, "log10_min_child_weight": 1.5551350668910346, "log10_subsample": -0.9739186538222235, "max_depth": 4.0, "num_boost_round": 0.0}, "datetime": {"datetime": "2024-01-19 00:31:02", "elapsed": 1114.720069, "delta": 24.386965}}
{"target": -13.758520086172286, "params": {"gamma": 565.4556225795014, "log10_alpha": -3.033147753100606, "log10_colsample_bytree": -0.46195409926871456, "log10_eta": -3.4686852983323107, "log10_lambda": -3.0884383317931485, "log10_min_child_weight": 1.5551350668910346, "log10_subsample": -0.9739186538222235, "max_depth": 4.0, "num_boost_round": 1.0}, "datetime": {"datetime": "2024-01-19 00:31:02", "elapsed": 1114.722383, "delta": 0.002314}}
{"target": -13.7585086953082, "params": {"gamma": 565.4556225795014, "log10_alpha": -3.033147753100606, "log10_colsample_bytree": -0.46195409926871456, "log10_eta": -3.4686852983323107, "log10_lambda": -3.0884383317931485, "log10_min_child_weight": 1.5551350668910346, "log10_subsample": -0.9739186538222235, "max_depth": 4.0, "num_boost_round": 2.0}, "datetime": {"datetime": "2024-01-19 00:31:02", "elapsed": 1114.724383, "delta": 0.002}}
{"target": -13.758509718637233, "params": {"gamma": 565.4556225795014, "log10_alpha": -3.033147753100606, "log10_colsample_bytree": -0.46195409926871456, "log10_eta": -3.4686852983323107, "log10_lambda": -3.0884383317931485, "log10_min_child_weight": 1.5551350668910346, "log10_subsample": -0.9739186538222235, "max_depth": 4.0, "num_boost_round": 3.0}, "datetime": {"datetime": "2024-01-19 00:31:02", "elapsed": 1114.726148, "delta": 0.001765}}
{"target": -13.758500665975966, "params": {"gamma": 565.4556225795014, "log10_alpha": -3.033147753100606, "log10_colsample_bytree": -0.46195409926871456, "log10_eta": -3.4686852983323107, "log10_lambda": -3.0884383317931485, "log10_min_child_weight": 1.5551350668910346, "log10_subsample": -0.9739186538222235, "max_depth": 4.0, "num_boost_round": 4.0}, "datetime": {"datetime": "2024-01-19 00:31:02", "elapsed": 1114.727947, "delta": 0.001799}}
{"target": -13.758497427761956, "params": {"gamma": 565.4556225795014, "log10_alpha": -3.033147753100606, "log10_colsample_bytree": -0.46195409926871456, "log10_eta": -3.4686852983323107, "log10_lambda": -3.0884383317931485, "log10_min_child_weight": 1.5551350668910346, "log10_subsample": -0.9739186538222235, "max_depth": 4.0, "num_boost_round": 5.0}, "datetime": {"datetime": "2024-01-19 00:31:02", "elapsed": 1114.729754, "delta": 0.001807}}
{"target": -13.758501412780126, "params": {"gamma": 565.4556225795014, "log10_alpha": -3.033147753100606, "log10_colsample_bytree": -0.46195409926871456, "log10_eta": -3.4686852983323107, "log10_lambda": -3.0884383317931485, "log10_min_child_weight": 1.5551350668910346, "log10_subsample": -0.9739186538222235, "max_depth": 4.0, "num_boost_round": 6.0}, "datetime": {"datetime": "2024-01-19 00:31:02", "elapsed": 1114.731496, "delta": 0.001742}}
{"target": -13.75849378241289, "params": {"gamma": 565.4556225795014, "log10_alpha": -3.033147753100606, "log10_colsample_bytree": -0.46195409926871456, "log10_eta": -3.4686852983323107, "log10_lambda": -3.0884383317931485, "log10_min_child_weight": 1.5551350668910346, "log10_subsample": -0.9739186538222235, "max_depth": 4.0, "num_boost_round": 7.0}, "datetime": {"datetime": "2024-01-19 00:31:02", "elapsed": 1114.73342, "delta": 0.001924}}
{"target": -13.758490849671379, "params": {"gamma": 565.4556225795014, "log10_alpha": -3.033147753100606, "log10_colsample_bytree": -0.46195409926871456, "log10_eta": -3.4686852983323107, "log10_lambda": -3.0884383317931485, "log10_min_child_weight": 1.5551350668910346, "log10_subsample": -0.9739186538222235, "max_depth": 4.0, "num_boost_round": 8.0}, "datetime": {"datetime": "2024-01-19 00:31:02", "elapsed": 1114.735196, "delta": 0.001776}}
{"target": -13.758484686853768, "params": {"gamma": 565.4556225795014, "log10_alpha": -3.033147753100606, "log10_colsample_bytree": -0.46195409926871456, "log10_eta": -3.4686852983323107, "log10_lambda": -3.0884383317931485, "log10_min_child_weight": 1.5551350668910346, "log10_subsample": -0.9739186538222235, "max_depth": 4.0, "num_boost_round": 9.0}, "datetime": {"datetime": "2024-01-19 00:31:02", "elapsed": 1114.736966, "delta": 0.00177}}
{"target": -13.758471969507822, "params": {"gamma": 565.4556225795014, "log10_alpha": -3.033147753100606, "log10_colsample_bytree": -0.46195409926871456, "log10_eta": -3.4686852983323107, "log10_lambda": -3.0884383317931485, "log10_min_child_weight": 1.5551350668910346, "log10_subsample": -0.9739186538222235, "max_depth": 4.0, "num_boost_round": 10.0}, "datetime": {"datetime": "2024-01-19 00:31:02", "elapsed": 1114.738761, "delta": 0.001795}}
{"target": -13.75846710876928, "params": {"gamma": 565.4556225795014, "log10_alpha": -3.033147753100606, "log10_colsample_bytree": -0.46195409926871456, "log10_eta": -3.4686852983323107, "log10_lambda": -3.0884383317931485, "log10_min_child_weight": 1.5551350668910346, "log10_subsample": -0.9739186538222235, "max_depth": 4.0, "num_boost_round": 11.0}, "datetime": {"datetime": "2024-01-19 00:31:02", "elapsed": 1114.740524, "delta": 0.001763}}
{"target": -13.758455871035748, "params": {"gamma": 565.4556225795014, "log10_alpha": -3.033147753100606, "log10_colsample_bytree": -0.46195409926871456, "log10_eta": -3.4686852983323107, "log10_lambda": -3.0884383317931485, "log10_min_child_weight": 1.5551350668910346, "log10_subsample": -0.9739186538222235, "max_depth": 4.0, "num_boost_round": 12.0}, "datetime": {"datetime": "2024-01-19 00:31:02", "elapsed": 1114.742271, "delta": 0.001747}}
{"target": -13.758558508247473, "params": {"gamma": 551.5768709209959, "log10_alpha": -0.8001810985210334, "log10_colsample_bytree": -0.08625210225550373, "log10_eta": -2.1495839143460573, "log10_lambda": -2.2858720577479184, "log10_min_child_weight": 1.5325891524617345, "log10_subsample": -0.45408513909629644, "max_depth": 8.0, "num_boost_round": 0.0}, "datetime": {"datetime": "2024-01-19 00:31:41", "elapsed": 1154.107757, "delta": 39.365486}}
{"target": -13.75859352634907, "params": {"gamma": 551.5768709209959, "log10_alpha": -0.8001810985210334, "log10_colsample_bytree": -0.08625210225550373, "log10_eta": -2.1495839143460573, "log10_lambda": -2.2858720577479184, "log10_min_child_weight": 1.5325891524617345, "log10_subsample": -0.45408513909629644, "max_depth": 8.0, "num_boost_round": 1.0}, "datetime": {"datetime": "2024-01-19 00:31:41", "elapsed": 1154.110081, "delta": 0.002324}}
{"target": -13.758907196905403, "params": {"gamma": 551.5768709209959, "log10_alpha": -0.8001810985210334, "log10_colsample_bytree": -0.08625210225550373, "log10_eta": -2.1495839143460573, "log10_lambda": -2.2858720577479184, "log10_min_child_weight": 1.5325891524617345, "log10_subsample": -0.45408513909629644, "max_depth": 8.0, "num_boost_round": 2.0}, "datetime": {"datetime": "2024-01-19 00:31:41", "elapsed": 1154.211289, "delta": 0.101208}}
{"target": -13.75904060644287, "params": {"gamma": 551.5768709209959, "log10_alpha": -0.8001810985210334, "log10_colsample_bytree": -0.08625210225550373, "log10_eta": -2.1495839143460573, "log10_lambda": -2.2858720577479184, "log10_min_child_weight": 1.5325891524617345, "log10_subsample": -0.45408513909629644, "max_depth": 8.0, "num_boost_round": 3.0}, "datetime": {"datetime": "2024-01-19 00:31:41", "elapsed": 1154.2136, "delta": 0.002311}}
{"target": -13.7585225107851, "params": {"gamma": 551.5768709209959, "log10_alpha": -0.8001810985210334, "log10_colsample_bytree": -0.08625210225550373, "log10_eta": -2.1495839143460573, "log10_lambda": -2.2858720577479184, "log10_min_child_weight": 1.5325891524617345, "log10_subsample": -0.45408513909629644, "max_depth": 8.0, "num_boost_round": 4.0}, "datetime": {"datetime": "2024-01-19 00:31:41", "elapsed": 1154.21546, "delta": 0.00186}}
{"target": -13.7583010111518, "params": {"gamma": 551.5768709209959, "log10_alpha": -0.8001810985210334, "log10_colsample_bytree": -0.08625210225550373, "log10_eta": -2.1495839143460573, "log10_lambda": -2.2858720577479184, "log10_min_child_weight": 1.5325891524617345, "log10_subsample": -0.45408513909629644, "max_depth": 8.0, "num_boost_round": 5.0}, "datetime": {"datetime": "2024-01-19 00:31:41", "elapsed": 1154.217259, "delta": 0.001799}}
{"target": -13.758520291673257, "params": {"gamma": 551.5768709209959, "log10_alpha": -0.8001810985210334, "log10_colsample_bytree": -0.08625210225550373, "log10_eta": -2.1495839143460573, "log10_lambda": -2.2858720577479184, "log10_min_child_weight": 1.5325891524617345, "log10_subsample": -0.45408513909629644, "max_depth": 8.0, "num_boost_round": 6.0}, "datetime": {"datetime": "2024-01-19 00:31:41", "elapsed": 1154.219178, "delta": 0.001919}}
{"target": -13.758764168457613, "params": {"gamma": 551.5768709209959, "log10_alpha": -0.8001810985210334, "log10_colsample_bytree": -0.08625210225550373, "log10_eta": -2.1495839143460573, "log10_lambda": -2.2858720577479184, "log10_min_child_weight": 1.5325891524617345, "log10_subsample": -0.45408513909629644, "max_depth": 8.0, "num_boost_round": 7.0}, "datetime": {"datetime": "2024-01-19 00:31:41", "elapsed": 1154.220982, "delta": 0.001804}}
{"target": -13.758711018349015, "params": {"gamma": 551.5768709209959, "log10_alpha": -0.8001810985210334, "log10_colsample_bytree": -0.08625210225550373, "log10_eta": -2.1495839143460573, "log10_lambda": -2.2858720577479184, "log10_min_child_weight": 1.5325891524617345, "log10_subsample": -0.45408513909629644, "max_depth": 8.0, "num_boost_round": 8.0}, "datetime": {"datetime": "2024-01-19 00:31:41", "elapsed": 1154.222852, "delta": 0.00187}}
{"target": -13.758873530750497, "params": {"gamma": 551.5768709209959, "log10_alpha": -0.8001810985210334, "log10_colsample_bytree": -0.08625210225550373, "log10_eta": -2.1495839143460573, "log10_lambda": -2.2858720577479184, "log10_min_child_weight": 1.5325891524617345, "log10_subsample": -0.45408513909629644, "max_depth": 8.0, "num_boost_round": 9.0}, "datetime": {"datetime": "2024-01-19 00:31:41", "elapsed": 1154.224693, "delta": 0.001841}}
{"target": -13.759076779732485, "params": {"gamma": 551.5768709209959, "log10_alpha": -0.8001810985210334, "log10_colsample_bytree": -0.08625210225550373, "log10_eta": -2.1495839143460573, "log10_lambda": -2.2858720577479184, "log10_min_child_weight": 1.5325891524617345, "log10_subsample": -0.45408513909629644, "max_depth": 8.0, "num_boost_round": 10.0}, "datetime": {"datetime": "2024-01-19 00:31:41", "elapsed": 1154.226575, "delta": 0.001882}}
{"target": -13.759358738854225, "params": {"gamma": 551.5768709209959, "log10_alpha": -0.8001810985210334, "log10_colsample_bytree": -0.08625210225550373, "log10_eta": -2.1495839143460573, "log10_lambda": -2.2858720577479184, "log10_min_child_weight": 1.5325891524617345, "log10_subsample": -0.45408513909629644, "max_depth": 8.0, "num_boost_round": 11.0}, "datetime": {"datetime": "2024-01-19 00:31:41", "elapsed": 1154.228429, "delta": 0.001854}}
