{"target": -13.757711118841046, "params": {"gamma": 967.5450790130747, "log10_alpha": 0.923852566142715, "log10_colsample_bytree": -0.9395193329575866, "log10_eta": -1.426241720236463, "log10_lambda": -2.526804634730227, "log10_min_child_weight": 4.386595434391515, "log10_subsample": -0.007415452189127647, "max_depth": 2.0, "num_boost_round": 17.0}, "datetime": {"datetime": "2024-01-19 00:16:50", "elapsed": 311.4782, "delta": 0.000582}}
{"target": -13.757751382793622, "params": {"gamma": 967.5450790130747, "log10_alpha": 0.923852566142715, "log10_colsample_bytree": -0.9395193329575866, "log10_eta": -1.426241720236463, "log10_lambda": -2.526804634730227, "log10_min_child_weight": 4.386595434391515, "log10_subsample": -0.007415452189127647, "max_depth": 2.0, "num_boost_round": 18.0}, "datetime": {"datetime": "2024-01-19 00:16:50", "elapsed": 311.478777, "delta": 0.000577}}
{"target": -13.757540940474843, "params": {"gamma": 967.5450790130747, "log10_alpha": 0.923852566142715, "log10_colsample_bytree": -0.9395193329575866, "log10_eta": -1.426241720236463, "log10_lambda": -2.526804634730227, "log10_min_child_weight": 4.386595434391515, "log10_subsample": -0.007415452189127647, "max_depth": 2.0, "num_boost_round": 19.0}, "datetime": {"datetime": "2024-01-19 00:16:50", "elapsed": 311.482958, "delta": 0.004181}}
{"target": -13.75799037164442, "params": {"gamma": 967.5450790130747, "log10_alpha": 0.923852566142715, "log10_colsample_bytree": -0.9395193329575866, "log10_eta": -1.426241720236463, "log10_lambda": -2.526804634730227, "log10_min_child_weight": 4.386595434391515, "log10_subsample": -0.007415452189127647, "max_depth": 2.0, "num_boost_round": 20.0}, "datetime": {"datetime": "2024-01-19 00:16:50", "elapsed": 311.483552, "delta": 0.000594}}
{"target": -13.758230858015883, "params": {"gamma": 967.5450790130747, "log10_alpha": 0.923852566142715, "log10_colsample_bytree": -0.9395193329575866, "log10_eta": -1.426241720236463, "log10_lambda": -2.526804634730227, "log10_min_child_weight": 4.386595434391515, "log10_subsample": -0.007415452189127647, "max_depth": 2.0, "num_boost_round": 21.0}, "datetime": {"datetime": "2024-01-19 00:16:50", "elapsed": 311.484143, "delta": 0.000591}}
{"target": -13.758760355999874, "params": {"gamma": 967.5450790130747, "log10_alpha": 0.923852566142715, "log10_colsample_bytree": -0.9395193329575866, "log10_eta": -1.426241720236463, "log10_lambda": -2.526804634730227, "log10_min_child_weight": 4.386595434391515, "log10_subsample": -0.007415452189127647, "max_depth": 2.0, "num_boost_round": 22.0}, "datetime": {"datetime": "2024-01-19 00:16:50", "elapsed": 311.484733, "delta": 0.00059}}
{"target": -13.75872774548482, "params": {"gamma": 967.5450790130747, "log10_alpha": 0.923852566142715, "log10_colsample_bytree": -0.9395193329575866, "log10_eta": -1.426241720236463, "log10_lambda": -2.526804634730227, "log10_min_child_weight": 4.386595434391515, "log10_subsample": -0.007415452189127647, "max_depth": 2.0, "num_boost_round": 23.0}, "datetime": {"datetime": "2024-01-19 00:16:50", "elapsed": 311.485631, "delta": 0.000898}}
{"target": -13.75890161209251, "params": {"gamma": 967.5450790130747, "log10_alpha": 0.923852566142715, "log10_colsample_bytree": -0.9395193329575866, "log10_eta": -1.426241720236463, "log10_lambda": -2.526804634730227, "log10_min_child_weight": 4.386595434391515, "log10_subsample": -0.007415452189127647, "max_depth": 2.0, "num_boost_round": 24.0}, "datetime": {"datetime": "2024-01-19 00:16:50", "elapsed": 311.486325, "delta": 0.000694}}
{"target": -13.758924947198242, "params": {"gamma": 967.5450790130747, "log10_alpha": 0.923852566142715, "log10_colsample_bytree": -0.9395193329575866, "log10_eta": -1.426241720236463, "log10_lambda": -2.526804634730227, "log10_min_child_weight": 4.386595434391515, "log10_subsample": -0.007415452189127647, "max_depth": 2.0, "num_boost_round": 25.0}, "datetime": {"datetime": "2024-01-19 00:16:50", "elapsed": 311.487204, "delta": 0.000879}}
{"target": -13.759042223370512, "params": {"gamma": 967.5450790130747, "log10_alpha": 0.923852566142715, "log10_colsample_bytree": -0.9395193329575866, "log10_eta": -1.426241720236463, "log10_lambda": -2.526804634730227, "log10_min_child_weight": 4.386595434391515, "log10_subsample": -0.007415452189127647, "max_depth": 2.0, "num_boost_round": 26.0}, "datetime": {"datetime": "2024-01-19 00:16:50", "elapsed": 311.488033, "delta": 0.000829}}
{"target": -13.759106048124574, "params": {"gamma": 967.5450790130747, "log10_alpha": 0.923852566142715, "log10_colsample_bytree": -0.9395193329575866, "log10_eta": -1.426241720236463, "log10_lambda": -2.526804634730227, "log10_min_child_weight": 4.386595434391515, "log10_subsample": -0.007415452189127647, "max_depth": 2.0, "num_boost_round": 27.0}, "datetime": {"datetime": "2024-01-19 00:16:50", "elapsed": 311.488623, "delta": 0.00059}}
{"target": -13.759054754488378, "params": {"gamma": 967.5450790130747, "log10_alpha": 0.923852566142715, "log10_colsample_bytree": -0.9395193329575866, "log10_eta": -1.426241720236463, "log10_lambda": -2.526804634730227, "log10_min_child_weight": 4.386595434391515, "log10_subsample": -0.007415452189127647, "max_depth": 2.0, "num_boost_round": 28.0}, "datetime": {"datetime": "2024-01-19 00:16:50", "elapsed": 311.489219, "delta": 0.000596}}
{"target": -13.759361355226549, "params": {"gamma": 967.5450790130747, "log10_alpha": 0.923852566142715, "log10_colsample_bytree": -0.9395193329575866, "log10_eta": -1.426241720236463, "log10_lambda": -2.526804634730227, "log10_min_child_weight": 4.386595434391515, "log10_subsample": -0.007415452189127647, "max_depth": 2.0, "num_boost_round": 29.0}, "datetime": {"datetime": "2024-01-19 00:16:50", "elapsed": 311.490048, "delta": 0.000829}}
{"target": -13.75914934703657, "params": {"gamma": 967.5450790130747, "log10_alpha": 0.923852566142715, "log10_colsample_bytree": -0.9395193329575866, "log10_eta": -1.426241720236463, "log10_lambda": -2.526804634730227, "log10_min_child_weight": 4.386595434391515, "log10_subsample": -0.007415452189127647, "max_depth": 2.0, "num_boost_round": 30.0}, "datetime": {"datetime": "2024-01-19 00:16:50", "elapsed": 311.490646, "delta": 0.000598}}
{"target": -13.75901806711449, "params": {"gamma": 967.5450790130747, "log10_alpha": 0.923852566142715, "log10_colsample_bytree": -0.9395193329575866, "log10_eta": -1.426241720236463, "log10_lambda": -2.526804634730227, "log10_min_child_weight": 4.386595434391515, "log10_subsample": -0.007415452189127647, "max_depth": 2.0, "num_boost_round": 31.0}, "datetime": {"datetime": "2024-01-19 00:16:50", "elapsed": 311.491249, "delta": 0.000603}}
{"target": -13.75853138699816, "params": {"gamma": 976.7552075878597, "log10_alpha": -1.7395504987946584, "log10_colsample_bytree": -0.22177488763142394, "log10_eta": -3.5832571716447355, "log10_lambda": -0.5518711536955117, "log10_min_child_weight": 2.6283156208992304, "log10_subsample": -0.2620772705981005, "max_depth": 3.0, "num_boost_round": 0.0}, "datetime": {"datetime": "2024-01-19 00:17:13", "elapsed": 334.51312, "delta": 23.021871}}
{"target": -13.758528701676102, "params": {"gamma": 976.7552075878597, "log10_alpha": -1.7395504987946584, "log10_colsample_bytree": -0.22177488763142394, "log10_eta": -3.5832571716447355, "log10_lambda": -0.5518711536955117, "log10_min_child_weight": 2.6283156208992304, "log10_subsample": -0.2620772705981005, "max_depth": 3.0, "num_boost_round": 1.0}, "datetime": {"datetime": "2024-01-19 00:17:13", "elapsed": 334.513876, "delta": 0.000756}}
{"target": -13.758529385572016, "params": {"gamma": 976.7552075878597, "log10_alpha": -1.7395504987946584, "log10_colsample_bytree": -0.22177488763142394, "log10_eta": -3.5832571716447355, "log10_lambda": -0.5518711536955117, "log10_min_child_weight": 2.6283156208992304, "log10_subsample": -0.2620772705981005, "max_depth": 3.0, "num_boost_round": 2.0}, "datetime": {"datetime": "2024-01-19 00:17:13", "elapsed": 334.514525, "delta": 0.000649}}
{"target": -13.758530655627593, "params": {"gamma": 976.7552075878597, "log10_alpha": -1.7395504987946584, "log10_colsample_bytree": -0.22177488763142394, "log10_eta": -3.5832571716447355, "log10_lambda": -0.5518711536955117, "log10_min_child_weight": 2.6283156208992304, "log10_subsample": -0.2620772705981005, "max_depth": 3.0, "num_boost_round": 3.0}, "datetime": {"datetime": "2024-01-19 00:17:13", "elapsed": 334.515182, "delta": 0.000657}}
{"target": -13.758533157296249, "params": {"gamma": 976.7552075878597, "log10_alpha": -1.7395504987946584, "log10_colsample_bytree": -0.22177488763142394, "log10_eta": -3.5832571716447355, "log10_lambda": -0.5518711536955117, "log10_min_child_weight": 2.6283156208992304, "log10_subsample": -0.2620772705981005, "max_depth": 3.0, "num_boost_round": 4.0}, "datetime": {"datetime": "2024-01-19 00:17:13", "elapsed": 334.516344, "delta": 0.001162}}
{"target": -13.758532379792726, "params": {"gamma": 976.7552075878597, "log10_alpha": -1.7395504987946584, "log10_colsample_bytree": -0.22177488763142394, "log10_eta": -3.5832571716447355, "log10_lambda": -0.5518711536955117, "log10_min_child_weight": 2.6283156208992304, "log10_subsample": -0.2620772705981005, "max_depth": 3.0, "num_boost_round": 5.0}, "datetime": {"datetime": "2024-01-19 00:17:13", "elapsed": 334.517011, "delta": 0.000667}}
{"target": -13.758530890798466, "params": {"gamma": 976.7552075878597, "log10_alpha": -1.7395504987946584, "log10_colsample_bytree": -0.22177488763142394, "log10_eta": -3.5832571716447355, "log10_lambda": -0.5518711536955117, "log10_min_child_weight": 2.6283156208992304, "log10_subsample": -0.2620772705981005, "max_depth": 3.0, "num_boost_round": 6.0}, "datetime": {"datetime": "2024-01-19 00:17:13", "elapsed": 334.517804, "delta": 0.000793}}
{"target": -13.75852960643774, "params": {"gamma": 976.7552075878597, "log10_alpha": -1.7395504987946584, "log10_colsample_bytree": -0.22177488763142394, "log10_eta": -3.5832571716447355, "log10_lambda": -0.5518711536955117, "log10_min_child_weight": 2.6283156208992304, "log10_subsample": -0.2620772705981005, "max_depth": 3.0, "num_boost_round": 7.0}, "datetime": {"datetime": "2024-01-19 00:17:13", "elapsed": 334.518423, "delta": 0.000619}}
{"target": -13.75852931027358, "params": {"gamma": 976.7552075878597, "log10_alpha": -1.7395504987946584, "log10_colsample_bytree": -0.22177488763142394, "log10_eta": -3.5832571716447355, "log10_lambda": -0.5518711536955117, "log10_min_child_weight": 2.6283156208992304, "log10_subsample": -0.2620772705981005, "max_depth": 3.0, "num_boost_round": 8.0}, "datetime": {"datetime": "2024-01-19 00:17:13", "elapsed": 334.519033, "delta": 0.00061}}
{"target": -13.758525272665485, "params": {"gamma": 976.7552075878597, "log10_alpha": -1.7395504987946584, "log10_colsample_bytree": -0.22177488763142394, "log10_eta": -3.5832571716447355, "log10_lambda": -0.5518711536955117, "log10_min_child_weight": 2.6283156208992304, "log10_subsample": -0.2620772705981005, "max_depth": 3.0, "num_boost_round": 9.0}, "datetime": {"datetime": "2024-01-19 00:17:13", "elapsed": 334.519636, "delta": 0.000603}}
{"target": -13.75852297805754, "params": {"gamma": 976.7552075878597, "log10_alpha": -1.7395504987946584, "log10_colsample_bytree": -0.22177488763142394, "log10_eta": -3.5832571716447355, "log10_lambda": -0.5518711536955117, "log10_min_child_weight": 2.6283156208992304, "log10_subsample": -0.2620772705981005, "max_depth": 3.0, "num_boost_round": 10.0}, "datetime": {"datetime": "2024-01-19 00:17:13", "elapsed": 334.520244, "delta": 0.000608}}
{"target": -13.75852164043797, "params": {"gamma": 976.7552075878597, "log10_alpha": -1.7395504987946584, "log10_colsample_bytree": -0.22177488763142394, "log10_eta": -3.5832571716447355, "log10_lambda": -0.5518711536955117, "log10_min_child_weight": 2.6283156208992304, "log10_subsample": -0.2620772705981005, "max_depth": 3.0, "num_boost_round": 11.0}, "datetime": {"datetime": "2024-01-19 00:17:13", "elapsed": 334.520851, "delta": 0.000607}}
{"target": -13.75852040746295, "params": {"gamma": 976.7552075878597, "log10_alpha": -1.7395504987946584, "log10_colsample_bytree": -0.22177488763142394, "log10_eta": -3.5832571716447355, "log10_lambda": -0.5518711536955117, "log10_min_child_weight": 2.6283156208992304, "log10_subsample": -0.2620772705981005, "max_depth": 3.0, "num_boost_round": 12.0}, "datetime": {"datetime": "2024-01-19 00:17:13", "elapsed": 334.521463, "delta": 0.000612}}
{"target": -13.758517060453507, "params": {"gamma": 976.7552075878597, "log10_alpha": -1.7395504987946584, "log10_colsample_bytree": -0.22177488763142394, "log10_eta": -3.5832571716447355, "log10_lambda": -0.5518711536955117, "log10_min_child_weight": 2.6283156208992304, "log10_subsample": -0.2620772705981005, "max_depth": 3.0, "num_boost_round": 13.0}, "datetime": {"datetime": "2024-01-19 00:17:13", "elapsed": 334.522077, "delta": 0.000614}}
{"target": -13.75851592078435, "params": {"gamma": 976.7552075878597, "log10_alpha": -1.7395504987946584, "log10_colsample_bytree": -0.22177488763142394, "log10_eta": -3.5832571716447355, "log10_lambda": -0.5518711536955117, "log10_min_child_weight": 2.6283156208992304, "log10_subsample": -0.2620772705981005, "max_depth": 3.0, "num_boost_round": 14.0}, "datetime": {"datetime": "2024-01-19 00:17:13", "elapsed": 334.522686, "delta": 0.000609}}
{"target": -13.7585168669527, "params": {"gamma": 976.7552075878597, "log10_alpha": -1.7395504987946584, "log10_colsample_bytree": -0.22177488763142394, "log10_eta": -3.5832571716447355, "log10_lambda": -0.5518711536955117, "log10_min_child_weight": 2.6283156208992304, "log10_subsample": -0.2620772705981005, "max_depth": 3.0, "num_boost_round": 15.0}, "datetime": {"datetime": "2024-01-19 00:17:13", "elapsed": 334.52334, "delta": 0.000654}}
{"target": -13.758509879332168, "params": {"gamma": 976.7552075878597, "log10_alpha": -1.7395504987946584, "log10_colsample_bytree": -0.22177488763142394, "log10_eta": -3.5832571716447355, "log10_lambda": -0.5518711536955117, "log10_min_child_weight": 2.6283156208992304, "log10_subsample": -0.2620772705981005, "max_depth": 3.0, "num_boost_round": 16.0}, "datetime": {"datetime": "2024-01-19 00:17:13", "elapsed": 334.523963, "delta": 0.000623}}
{"target": -13.75850577045946, "params": {"gamma": 976.7552075878597, "log10_alpha": -1.7395504987946584, "log10_colsample_bytree": -0.22177488763142394, "log10_eta": -3.5832571716447355, "log10_lambda": -0.5518711536955117, "log10_min_child_weight": 2.6283156208992304, "log10_subsample": -0.2620772705981005, "max_depth": 3.0, "num_boost_round": 17.0}, "datetime": {"datetime": "2024-01-19 00:17:13", "elapsed": 334.524586, "delta": 0.000623}}
{"target": -13.758504515298718, "params": {"gamma": 976.7552075878597, "log10_alpha": -1.7395504987946584, "log10_colsample_bytree": -0.22177488763142394, "log10_eta": -3.5832571716447355, "log10_lambda": -0.5518711536955117, "log10_min_child_weight": 2.6283156208992304, "log10_subsample": -0.2620772705981005, "max_depth": 3.0, "num_boost_round": 18.0}, "datetime": {"datetime": "2024-01-19 00:17:13", "elapsed": 334.52521, "delta": 0.000624}}
{"target": -13.758498444713245, "params": {"gamma": 976.7552075878597, "log10_alpha": -1.7395504987946584, "log10_colsample_bytree": -0.22177488763142394, "log10_eta": -3.5832571716447355, "log10_lambda": -0.5518711536955117, "log10_min_child_weight": 2.6283156208992304, "log10_subsample": -0.2620772705981005, "max_depth": 3.0, "num_boost_round": 19.0}, "datetime": {"datetime": "2024-01-19 00:17:13", "elapsed": 334.525817, "delta": 0.000607}}
{"target": -13.758493609322674, "params": {"gamma": 976.7552075878597, "log10_alpha": -1.7395504987946584, "log10_colsample_bytree": -0.22177488763142394, "log10_eta": -3.5832571716447355, "log10_lambda": -0.5518711536955117, "log10_min_child_weight": 2.6283156208992304, "log10_subsample": -0.2620772705981005, "max_depth": 3.0, "num_boost_round": 20.0}, "datetime": {"datetime": "2024-01-19 00:17:13", "elapsed": 334.526437, "delta": 0.00062}}
{"target": -13.758494734773963, "params": {"gamma": 976.7552075878597, "log10_alpha": -1.7395504987946584, "log10_colsample_bytree": -0.22177488763142394, "log10_eta": -3.5832571716447355, "log10_lambda": -0.5518711536955117, "log10_min_child_weight": 2.6283156208992304, "log10_subsample": -0.2620772705981005, "max_depth": 3.0, "num_boost_round": 21.0}, "datetime": {"datetime": "2024-01-19 00:17:13", "elapsed": 334.527145, "delta": 0.000708}}
{"target": -13.758493315300475, "params": {"gamma": 976.7552075878597, "log10_alpha": -1.7395504987946584, "log10_colsample_bytree": -0.22177488763142394, "log10_eta": -3.5832571716447355, "log10_lambda": -0.5518711536955117, "log10_min_child_weight": 2.6283156208992304, "log10_subsample": -0.2620772705981005, "max_depth": 3.0, "num_boost_round": 22.0}, "datetime": {"datetime": "2024-01-19 00:17:13", "elapsed": 334.52777, "delta": 0.000625}}
{"target": -13.75849005700192, "params": {"gamma": 976.7552075878597, "log10_alpha": -1.7395504987946584, "log10_colsample_bytree": -0.22177488763142394, "log10_eta": -3.5832571716447355, "log10_lambda": -0.5518711536955117, "log10_min_child_weight": 2.6283156208992304, "log10_subsample": -0.2620772705981005, "max_depth": 3.0, "num_boost_round": 23.0}, "datetime": {"datetime": "2024-01-19 00:17:13", "elapsed": 334.528405, "delta": 0.000635}}
{"target": -13.758489604446442, "params": {"gamma": 976.7552075878597, "log10_alpha": -1.7395504987946584, "log10_colsample_bytree": -0.22177488763142394, "log10_eta": -3.5832571716447355, "log10_lambda": -0.5518711536955117, "log10_min_child_weight": 2.6283156208992304, "log10_subsample": -0.2620772705981005, "max_depth": 3.0, "num_boost_round": 24.0}, "datetime": {"datetime": "2024-01-19 00:17:13", "elapsed": 334.529037, "delta": 0.000632}}
{"target": -13.758490205138951, "params": {"gamma": 976.7552075878597, "log10_alpha": -1.7395504987946584, "log10_colsample_bytree": -0.22177488763142394, "log10_eta": -3.5832571716447355, "log10_lambda": -0.5518711536955117, "log10_min_child_weight": 2.6283156208992304, "log10_subsample": -0.2620772705981005, "max_depth": 3.0, "num_boost_round": 25.0}, "datetime": {"datetime": "2024-01-19 00:17:13", "elapsed": 334.529679, "delta": 0.000642}}
{"target": -13.758538065688226, "params": {"gamma": 962.9996685926692, "log10_alpha": -1.9330906676820518, "log10_colsample_bytree": -0.30020891888938894, "log10_eta": -3.3961954186185923, "log10_lambda": -1.230833379989404, "log10_min_child_weight": 3.436462598087837, "log10_subsample": -0.6836475752432452, "max_depth": 3.0, "num_boost_round": 0.0}, "datetime": {"datetime": "2024-01-19 00:17:37", "elapsed": 358.087556, "delta": 23.557877}}
{"target": -13.758536636730566, "params": {"gamma": 962.9996685926692, "log10_alpha": -1.9330906676820518, "log10_colsample_bytree": -0.30020891888938894, "log10_eta": -3.3961954186185923, "log10_lambda": -1.230833379989404, "log10_min_child_weight": 3.436462598087837, "log10_subsample": -0.6836475752432452, "max_depth": 3.0, "num_boost_round": 1.0}, "datetime": {"datetime": "2024-01-19 00:17:37", "elapsed": 358.088771, "delta": 0.001215}}
{"target": -13.758533902131841, "params": {"gamma": 962.9996685926692, "log10_alpha": -1.9330906676820518, "log10_colsample_bytree": -0.30020891888938894, "log10_eta": -3.3961954186185923, "log10_lambda": -1.230833379989404, "log10_min_child_weight": 3.436462598087837, "log10_subsample": -0.6836475752432452, "max_depth": 3.0, "num_boost_round": 2.0}, "datetime": {"datetime": "2024-01-19 00:17:37", "elapsed": 358.089561, "delta": 0.00079}}
{"target": -13.758533588383864, "params": {"gamma": 962.9996685926692, "log10_alpha": -1.9330906676820518, "log10_colsample_bytree": -0.30020891888938894, "log10_eta": -3.3961954186185923, "log10_lambda": -1.230833379989404, "log10_min_child_weight": 3.436462598087837, "log10_subsample": -0.6836475752432452, "max_depth": 3.0, "num_boost_round": 3.0}, "datetime": {"datetime": "2024-01-19 00:17:37", "elapsed": 358.090151, "delta": 0.00059}}
{"target": -13.758531399482253, "params": {"gamma": 962.9996685926692, "log10_alpha": -1.9330906676820518, "log10_colsample_bytree": -0.30020891888938894, "log10_eta": -3.3961954186185923, "log10_lambda": -1.230833379989404, "log10_min_child_weight": 3.436462598087837, "log10_subsample": -0.6836475752432452, "max_depth": 3.0, "num_boost_round": 4.0}, "datetime": {"datetime": "2024-01-19 00:17:37", "elapsed": 358.090783, "delta": 0.000632}}
{"target": -13.75852211130296, "params": {"gamma": 962.9996685926692, "log10_alpha": -1.9330906676820518, "log10_colsample_bytree": -0.30020891888938894, "log10_eta": -3.3961954186185923, "log10_lambda": -1.230833379989404, "log10_min_child_weight": 3.436462598087837, "log10_subsample": -0.6836475752432452, "max_depth": 3.0, "num_boost_round": 5.0}, "datetime": {"datetime": "2024-01-19 00:17:37", "elapsed": 358.091423, "delta": 0.00064}}
{"target": -13.758526325483542, "params": {"gamma": 962.9996685926692, "log10_alpha": -1.9330906676820518, "log10_colsample_bytree": -0.30020891888938894, "log10_eta": -3.3961954186185923, "log10_lambda": -1.230833379989404, "log10_min_child_weight": 3.436462598087837, "log10_subsample": -0.6836475752432452, "max_depth": 3.0, "num_boost_round": 6.0}, "datetime": {"datetime": "2024-01-19 00:17:37", "elapsed": 358.092075, "delta": 0.000652}}
{"target": -13.758522051780222, "params": {"gamma": 962.9996685926692, "log10_alpha": -1.9330906676820518, "log10_colsample_bytree": -0.30020891888938894, "log10_eta": -3.3961954186185923, "log10_lambda": -1.230833379989404, "log10_min_child_weight": 3.436462598087837, "log10_subsample": -0.6836475752432452, "max_depth": 3.0, "num_boost_round": 7.0}, "datetime": {"datetime": "2024-01-19 00:17:37", "elapsed": 358.092832, "delta": 0.000757}}
