{"target": -17.67682518880303, "params": {"gamma": 15.525820660751144, "log10_alpha": -4.5831325784286, "log10_colsample_bytree": -0.39544513952301186, "log10_eta": -3.38720941422485, "log10_lambda": 0.19664788116628085, "log10_min_child_weight": 2.1948665405640453, "log10_subsample": -0.6589142067091311, "max_depth": 9.0, "num_boost_round": 21.0}, "datetime": {"datetime": "2024-01-19 00:51:30", "elapsed": 2444.638736, "delta": 0.002525}}
{"target": -17.676781891367657, "params": {"gamma": 15.525820660751144, "log10_alpha": -4.5831325784286, "log10_colsample_bytree": -0.39544513952301186, "log10_eta": -3.38720941422485, "log10_lambda": 0.19664788116628085, "log10_min_child_weight": 2.1948665405640453, "log10_subsample": -0.6589142067091311, "max_depth": 9.0, "num_boost_round": 22.0}, "datetime": {"datetime": "2024-01-19 00:51:30", "elapsed": 2444.641311, "delta": 0.002575}}
{"target": -17.67676048559576, "params": {"gamma": 15.525820660751144, "log10_alpha": -4.5831325784286, "log10_colsample_bytree": -0.39544513952301186, "log10_eta": -3.38720941422485, "log10_lambda": 0.19664788116628085, "log10_min_child_weight": 2.1948665405640453, "log10_subsample": -0.6589142067091311, "max_depth": 9.0, "num_boost_round": 23.0}, "datetime": {"datetime": "2024-01-19 00:51:30", "elapsed": 2444.643953, "delta": 0.002642}}
{"target": -17.676704311817847, "params": {"gamma": 15.525820660751144, "log10_alpha": -4.5831325784286, "log10_colsample_bytree": -0.39544513952301186, "log10_eta": -3.38720941422485, "log10_lambda": 0.19664788116628085, "log10_min_child_weight": 2.1948665405640453, "log10_subsample": -0.6589142067091311, "max_depth": 9.0, "num_boost_round": 24.0}, "datetime": {"datetime": "2024-01-19 00:51:30", "elapsed": 2444.646722, "delta": 0.002769}}
{"target": -17.67667717165475, "params": {"gamma": 15.525820660751144, "log10_alpha": -4.5831325784286, "log10_colsample_bytree": -0.39544513952301186, "log10_eta": -3.38720941422485, "log10_lambda": 0.19664788116628085, "log10_min_child_weight": 2.1948665405640453, "log10_subsample": -0.6589142067091311, "max_depth": 9.0, "num_boost_round": 25.0}, "datetime": {"datetime": "2024-01-19 00:51:30", "elapsed": 2444.649204, "delta": 0.002482}}
{"target": -17.67668514060605, "params": {"gamma": 15.525820660751144, "log10_alpha": -4.5831325784286, "log10_colsample_bytree": -0.39544513952301186, "log10_eta": -3.38720941422485, "log10_lambda": 0.19664788116628085, "log10_min_child_weight": 2.1948665405640453, "log10_subsample": -0.6589142067091311, "max_depth": 9.0, "num_boost_round": 26.0}, "datetime": {"datetime": "2024-01-19 00:51:30", "elapsed": 2444.651803, "delta": 0.002599}}
{"target": -17.67668055060934, "params": {"gamma": 15.525820660751144, "log10_alpha": -4.5831325784286, "log10_colsample_bytree": -0.39544513952301186, "log10_eta": -3.38720941422485, "log10_lambda": 0.19664788116628085, "log10_min_child_weight": 2.1948665405640453, "log10_subsample": -0.6589142067091311, "max_depth": 9.0, "num_boost_round": 27.0}, "datetime": {"datetime": "2024-01-19 00:51:30", "elapsed": 2444.654303, "delta": 0.0025}}
{"target": -17.676673466147257, "params": {"gamma": 15.525820660751144, "log10_alpha": -4.5831325784286, "log10_colsample_bytree": -0.39544513952301186, "log10_eta": -3.38720941422485, "log10_lambda": 0.19664788116628085, "log10_min_child_weight": 2.1948665405640453, "log10_subsample": -0.6589142067091311, "max_depth": 9.0, "num_boost_round": 28.0}, "datetime": {"datetime": "2024-01-19 00:51:30", "elapsed": 2444.656997, "delta": 0.002694}}
{"target": -17.67665253723442, "params": {"gamma": 15.525820660751144, "log10_alpha": -4.5831325784286, "log10_colsample_bytree": -0.39544513952301186, "log10_eta": -3.38720941422485, "log10_lambda": 0.19664788116628085, "log10_min_child_weight": 2.1948665405640453, "log10_subsample": -0.6589142067091311, "max_depth": 9.0, "num_boost_round": 29.0}, "datetime": {"datetime": "2024-01-19 00:51:30", "elapsed": 2444.659534, "delta": 0.002537}}
{"target": -17.676672502977407, "params": {"gamma": 15.525820660751144, "log10_alpha": -4.5831325784286, "log10_colsample_bytree": -0.39544513952301186, "log10_eta": -3.38720941422485, "log10_lambda": 0.19664788116628085, "log10_min_child_weight": 2.1948665405640453, "log10_subsample": -0.6589142067091311, "max_depth": 9.0, "num_boost_round": 30.0}, "datetime": {"datetime": "2024-01-19 00:51:30", "elapsed": 2444.662092, "delta": 0.002558}}
{"target": -17.676645153442607, "params": {"gamma": 15.525820660751144, "log10_alpha": -4.5831325784286, "log10_colsample_bytree": -0.39544513952301186, "log10_eta": -3.38720941422485, "log10_lambda": 0.19664788116628085, "log10_min_child_weight": 2.1948665405640453, "log10_subsample": -0.6589142067091311, "max_depth": 9.0, "num_boost_round": 31.0}, "datetime": {"datetime": "2024-01-19 00:51:30", "elapsed": 2444.664742, "delta": 0.00265}}
{"target": -17.676630646631523, "params": {"gamma": 15.525820660751144, "log10_alpha": -4.5831325784286, "log10_colsample_bytree": -0.39544513952301186, "log10_eta": -3.38720941422485, "log10_lambda": 0.19664788116628085, "log10_min_child_weight": 2.1948665405640453, "log10_subsample": -0.6589142067091311, "max_depth": 9.0, "num_boost_round": 32.0}, "datetime": {"datetime": "2024-01-19 00:51:30", "elapsed": 2444.667617, "delta": 0.002875}}
{"target": -17.67659213794157, "params": {"gamma": 15.525820660751144, "log10_alpha": -4.5831325784286, "log10_colsample_bytree": -0.39544513952301186, "log10_eta": -3.38720941422485, "log10_lambda": 0.19664788116628085, "log10_min_child_weight": 2.1948665405640453, "log10_subsample": -0.6589142067091311, "max_depth": 9.0, "num_boost_round": 33.0}, "datetime": {"datetime": "2024-01-19 00:51:30", "elapsed": 2444.670189, "delta": 0.002572}}
{"target": -17.676599441020354, "params": {"gamma": 15.525820660751144, "log10_alpha": -4.5831325784286, "log10_colsample_bytree": -0.39544513952301186, "log10_eta": -3.38720941422485, "log10_lambda": 0.19664788116628085, "log10_min_child_weight": 2.1948665405640453, "log10_subsample": -0.6589142067091311, "max_depth": 9.0, "num_boost_round": 34.0}, "datetime": {"datetime": "2024-01-19 00:51:30", "elapsed": 2444.673035, "delta": 0.002846}}
{"target": -17.676585016899033, "params": {"gamma": 15.525820660751144, "log10_alpha": -4.5831325784286, "log10_colsample_bytree": -0.39544513952301186, "log10_eta": -3.38720941422485, "log10_lambda": 0.19664788116628085, "log10_min_child_weight": 2.1948665405640453, "log10_subsample": -0.6589142067091311, "max_depth": 9.0, "num_boost_round": 35.0}, "datetime": {"datetime": "2024-01-19 00:51:30", "elapsed": 2444.675881, "delta": 0.002846}}
{"target": -17.676570659466883, "params": {"gamma": 15.525820660751144, "log10_alpha": -4.5831325784286, "log10_colsample_bytree": -0.39544513952301186, "log10_eta": -3.38720941422485, "log10_lambda": 0.19664788116628085, "log10_min_child_weight": 2.1948665405640453, "log10_subsample": -0.6589142067091311, "max_depth": 9.0, "num_boost_round": 36.0}, "datetime": {"datetime": "2024-01-19 00:51:30", "elapsed": 2444.678402, "delta": 0.002521}}
{"target": -17.676567377079575, "params": {"gamma": 15.525820660751144, "log10_alpha": -4.5831325784286, "log10_colsample_bytree": -0.39544513952301186, "log10_eta": -3.38720941422485, "log10_lambda": 0.19664788116628085, "log10_min_child_weight": 2.1948665405640453, "log10_subsample": -0.6589142067091311, "max_depth": 9.0, "num_boost_round": 37.0}, "datetime": {"datetime": "2024-01-19 00:51:30", "elapsed": 2444.681023, "delta": 0.002621}}
{"target": -17.676555471519773, "params": {"gamma": 15.525820660751144, "log10_alpha": -4.5831325784286, "log10_colsample_bytree": -0.39544513952301186, "log10_eta": -3.38720941422485, "log10_lambda": 0.19664788116628085, "log10_min_child_weight": 2.1948665405640453, "log10_subsample": -0.6589142067091311, "max_depth": 9.0, "num_boost_round": 38.0}, "datetime": {"datetime": "2024-01-19 00:51:30", "elapsed": 2444.683605, "delta": 0.002582}}
{"target": -17.676525039855505, "params": {"gamma": 15.525820660751144, "log10_alpha": -4.5831325784286, "log10_colsample_bytree": -0.39544513952301186, "log10_eta": -3.38720941422485, "log10_lambda": 0.19664788116628085, "log10_min_child_weight": 2.1948665405640453, "log10_subsample": -0.6589142067091311, "max_depth": 9.0, "num_boost_round": 39.0}, "datetime": {"datetime": "2024-01-19 00:51:30", "elapsed": 2444.686358, "delta": 0.002753}}
{"target": -17.676500198334022, "params": {"gamma": 15.525820660751144, "log10_alpha": -4.5831325784286, "log10_colsample_bytree": -0.39544513952301186, "log10_eta": -3.38720941422485, "log10_lambda": 0.19664788116628085, "log10_min_child_weight": 2.1948665405640453, "log10_subsample": -0.6589142067091311, "max_depth": 9.0, "num_boost_round": 40.0}, "datetime": {"datetime": "2024-01-19 00:51:31", "elapsed": 2444.688876, "delta": 0.002518}}
{"target": -17.67650860388199, "params": {"gamma": 15.525820660751144, "log10_alpha": -4.5831325784286, "log10_colsample_bytree": -0.39544513952301186, "log10_eta": -3.38720941422485, "log10_lambda": 0.19664788116628085, "log10_min_child_weight": 2.1948665405640453, "log10_subsample": -0.6589142067091311, "max_depth": 9.0, "num_boost_round": 41.0}, "datetime": {"datetime": "2024-01-19 00:51:31", "elapsed": 2444.691579, "delta": 0.002703}}
{"target": -17.676453789038426, "params": {"gamma": 15.525820660751144, "log10_alpha": -4.5831325784286, "log10_colsample_bytree": -0.39544513952301186, "log10_eta": -3.38720941422485, "log10_lambda": 0.19664788116628085, "log10_min_child_weight": 2.1948665405640453, "log10_subsample": -0.6589142067091311, "max_depth": 9.0, "num_boost_round": 42.0}, "datetime": {"datetime": "2024-01-19 00:51:31", "elapsed": 2444.69414, "delta": 0.002561}}
{"target": -17.676463310875935, "params": {"gamma": 15.525820660751144, "log10_alpha": -4.5831325784286, "log10_colsample_bytree": -0.39544513952301186, "log10_eta": -3.38720941422485, "log10_lambda": 0.19664788116628085, "log10_min_child_weight": 2.1948665405640453, "log10_subsample": -0.6589142067091311, "max_depth": 9.0, "num_boost_round": 43.0}, "datetime": {"datetime": "2024-01-19 00:51:31", "elapsed": 2444.696908, "delta": 0.002768}}
{"target": -17.676436583984884, "params": {"gamma": 15.525820660751144, "log10_alpha": -4.5831325784286, "log10_colsample_bytree": -0.39544513952301186, "log10_eta": -3.38720941422485, "log10_lambda": 0.19664788116628085, "log10_min_child_weight": 2.1948665405640453, "log10_subsample": -0.6589142067091311, "max_depth": 9.0, "num_boost_round": 44.0}, "datetime": {"datetime": "2024-01-19 00:51:31", "elapsed": 2444.699444, "delta": 0.002536}}
{"target": -17.677229853340723, "params": {"gamma": 31.646967725958135, "log10_alpha": -1.4738767745728698, "log10_colsample_bytree": 0.0, "log10_eta": -4.0, "log10_lambda": -4.971768805261366, "log10_min_child_weight": 0.0, "log10_subsample": -1.0, "max_depth": 2.0, "num_boost_round": 0.0}, "datetime": {"datetime": "2024-01-19 00:52:05", "elapsed": 2478.709736, "delta": 34.010292}}
{"target": -17.677227247805313, "params": {"gamma": 31.646967725958135, "log10_alpha": -1.4738767745728698, "log10_colsample_bytree": 0.0, "log10_eta": -4.0, "log10_lambda": -4.971768805261366, "log10_min_child_weight": 0.0, "log10_subsample": -1.0, "max_depth": 2.0, "num_boost_round": 1.0}, "datetime": {"datetime": "2024-01-19 00:52:05", "elapsed": 2478.712902, "delta": 0.003166}}
{"target": -17.6772240981626, "params": {"gamma": 31.646967725958135, "log10_alpha": -1.4738767745728698, "log10_colsample_bytree": 0.0, "log10_eta": -4.0, "log10_lambda": -4.971768805261366, "log10_min_child_weight": 0.0, "log10_subsample": -1.0, "max_depth": 2.0, "num_boost_round": 2.0}, "datetime": {"datetime": "2024-01-19 00:52:05", "elapsed": 2478.715701, "delta": 0.002799}}
{"target": -17.677221322939534, "params": {"gamma": 31.646967725958135, "log10_alpha": -1.4738767745728698, "log10_colsample_bytree": 0.0, "log10_eta": -4.0, "log10_lambda": -4.971768805261366, "log10_min_child_weight": 0.0, "log10_subsample": -1.0, "max_depth": 2.0, "num_boost_round": 3.0}, "datetime": {"datetime": "2024-01-19 00:52:05", "elapsed": 2478.820097, "delta": 0.104396}}
{"target": -17.67721934970276, "params": {"gamma": 31.646967725958135, "log10_alpha": -1.4738767745728698, "log10_colsample_bytree": 0.0, "log10_eta": -4.0, "log10_lambda": -4.971768805261366, "log10_min_child_weight": 0.0, "log10_subsample": -1.0, "max_depth": 2.0, "num_boost_round": 4.0}, "datetime": {"datetime": "2024-01-19 00:52:05", "elapsed": 2478.823259, "delta": 0.003162}}
{"target": -17.67721635628632, "params": {"gamma": 31.646967725958135, "log10_alpha": -1.4738767745728698, "log10_colsample_bytree": 0.0, "log10_eta": -4.0, "log10_lambda": -4.971768805261366, "log10_min_child_weight": 0.0, "log10_subsample": -1.0, "max_depth": 2.0, "num_boost_round": 5.0}, "datetime": {"datetime": "2024-01-19 00:52:05", "elapsed": 2478.826271, "delta": 0.003012}}
{"target": -17.67721329379297, "params": {"gamma": 31.646967725958135, "log10_alpha": -1.4738767745728698, "log10_colsample_bytree": 0.0, "log10_eta": -4.0, "log10_lambda": -4.971768805261366, "log10_min_child_weight": 0.0, "log10_subsample": -1.0, "max_depth": 2.0, "num_boost_round": 6.0}, "datetime": {"datetime": "2024-01-19 00:52:05", "elapsed": 2478.829156, "delta": 0.002885}}
{"target": -17.677211196663546, "params": {"gamma": 31.646967725958135, "log10_alpha": -1.4738767745728698, "log10_colsample_bytree": 0.0, "log10_eta": -4.0, "log10_lambda": -4.971768805261366, "log10_min_child_weight": 0.0, "log10_subsample": -1.0, "max_depth": 2.0, "num_boost_round": 7.0}, "datetime": {"datetime": "2024-01-19 00:52:05", "elapsed": 2478.832036, "delta": 0.00288}}
{"target": -17.677208038433825, "params": {"gamma": 31.646967725958135, "log10_alpha": -1.4738767745728698, "log10_colsample_bytree": 0.0, "log10_eta": -4.0, "log10_lambda": -4.971768805261366, "log10_min_child_weight": 0.0, "log10_subsample": -1.0, "max_depth": 2.0, "num_boost_round": 8.0}, "datetime": {"datetime": "2024-01-19 00:52:05", "elapsed": 2478.834815, "delta": 0.002779}}
{"target": -17.677204266883155, "params": {"gamma": 31.646967725958135, "log10_alpha": -1.4738767745728698, "log10_colsample_bytree": 0.0, "log10_eta": -4.0, "log10_lambda": -4.971768805261366, "log10_min_child_weight": 0.0, "log10_subsample": -1.0, "max_depth": 2.0, "num_boost_round": 9.0}, "datetime": {"datetime": "2024-01-19 00:52:05", "elapsed": 2478.837542, "delta": 0.002727}}
{"target": -17.67720128712218, "params": {"gamma": 31.646967725958135, "log10_alpha": -1.4738767745728698, "log10_colsample_bytree": 0.0, "log10_eta": -4.0, "log10_lambda": -4.971768805261366, "log10_min_child_weight": 0.0, "log10_subsample": -1.0, "max_depth": 2.0, "num_boost_round": 10.0}, "datetime": {"datetime": "2024-01-19 00:52:05", "elapsed": 2478.840286, "delta": 0.002744}}
{"target": -17.677198394828583, "params": {"gamma": 31.646967725958135, "log10_alpha": -1.4738767745728698, "log10_colsample_bytree": 0.0, "log10_eta": -4.0, "log10_lambda": -4.971768805261366, "log10_min_child_weight": 0.0, "log10_subsample": -1.0, "max_depth": 2.0, "num_boost_round": 11.0}, "datetime": {"datetime": "2024-01-19 00:52:05", "elapsed": 2478.843036, "delta": 0.00275}}
{"target": -17.677195322822268, "params": {"gamma": 31.646967725958135, "log10_alpha": -1.4738767745728698, "log10_colsample_bytree": 0.0, "log10_eta": -4.0, "log10_lambda": -4.971768805261366, "log10_min_child_weight": 0.0, "log10_subsample": -1.0, "max_depth": 2.0, "num_boost_round": 12.0}, "datetime": {"datetime": "2024-01-19 00:52:05", "elapsed": 2478.845863, "delta": 0.002827}}
{"target": -17.6771924633315, "params": {"gamma": 31.646967725958135, "log10_alpha": -1.4738767745728698, "log10_colsample_bytree": 0.0, "log10_eta": -4.0, "log10_lambda": -4.971768805261366, "log10_min_child_weight": 0.0, "log10_subsample": -1.0, "max_depth": 2.0, "num_boost_round": 13.0}, "datetime": {"datetime": "2024-01-19 00:52:05", "elapsed": 2478.848669, "delta": 0.002806}}
{"target": -17.677189792455593, "params": {"gamma": 31.646967725958135, "log10_alpha": -1.4738767745728698, "log10_colsample_bytree": 0.0, "log10_eta": -4.0, "log10_lambda": -4.971768805261366, "log10_min_child_weight": 0.0, "log10_subsample": -1.0, "max_depth": 2.0, "num_boost_round": 14.0}, "datetime": {"datetime": "2024-01-19 00:52:05", "elapsed": 2478.85143, "delta": 0.002761}}
{"target": -17.677187029671995, "params": {"gamma": 31.646967725958135, "log10_alpha": -1.4738767745728698, "log10_colsample_bytree": 0.0, "log10_eta": -4.0, "log10_lambda": -4.971768805261366, "log10_min_child_weight": 0.0, "log10_subsample": -1.0, "max_depth": 2.0, "num_boost_round": 15.0}, "datetime": {"datetime": "2024-01-19 00:52:05", "elapsed": 2478.854192, "delta": 0.002762}}
{"target": -17.677183363180884, "params": {"gamma": 31.646967725958135, "log10_alpha": -1.4738767745728698, "log10_colsample_bytree": 0.0, "log10_eta": -4.0, "log10_lambda": -4.971768805261366, "log10_min_child_weight": 0.0, "log10_subsample": -1.0, "max_depth": 2.0, "num_boost_round": 16.0}, "datetime": {"datetime": "2024-01-19 00:52:05", "elapsed": 2478.856952, "delta": 0.00276}}
{"target": -17.67717955332955, "params": {"gamma": 31.646967725958135, "log10_alpha": -1.4738767745728698, "log10_colsample_bytree": 0.0, "log10_eta": -4.0, "log10_lambda": -4.971768805261366, "log10_min_child_weight": 0.0, "log10_subsample": -1.0, "max_depth": 2.0, "num_boost_round": 17.0}, "datetime": {"datetime": "2024-01-19 00:52:05", "elapsed": 2478.859735, "delta": 0.002783}}
{"target": -17.677176502640304, "params": {"gamma": 31.646967725958135, "log10_alpha": -1.4738767745728698, "log10_colsample_bytree": 0.0, "log10_eta": -4.0, "log10_lambda": -4.971768805261366, "log10_min_child_weight": 0.0, "log10_subsample": -1.0, "max_depth": 2.0, "num_boost_round": 18.0}, "datetime": {"datetime": "2024-01-19 00:52:05", "elapsed": 2478.862508, "delta": 0.002773}}
{"target": -17.677173512781987, "params": {"gamma": 31.646967725958135, "log10_alpha": -1.4738767745728698, "log10_colsample_bytree": 0.0, "log10_eta": -4.0, "log10_lambda": -4.971768805261366, "log10_min_child_weight": 0.0, "log10_subsample": -1.0, "max_depth": 2.0, "num_boost_round": 19.0}, "datetime": {"datetime": "2024-01-19 00:52:05", "elapsed": 2478.865397, "delta": 0.002889}}
{"target": -17.67717074362442, "params": {"gamma": 31.646967725958135, "log10_alpha": -1.4738767745728698, "log10_colsample_bytree": 0.0, "log10_eta": -4.0, "log10_lambda": -4.971768805261366, "log10_min_child_weight": 0.0, "log10_subsample": -1.0, "max_depth": 2.0, "num_boost_round": 20.0}, "datetime": {"datetime": "2024-01-19 00:52:05", "elapsed": 2478.868207, "delta": 0.00281}}
{"target": -17.67723138771936, "params": {"gamma": 32.84147997228914, "log10_alpha": -4.413411167915688, "log10_colsample_bytree": -0.5083502466121049, "log10_eta": -3.961926419456349, "log10_lambda": 0.6749950031995962, "log10_min_child_weight": 4.807697200974276, "log10_subsample": -0.11729917817520674, "max_depth": 8.0, "num_boost_round": 0.0}, "datetime": {"datetime": "2024-01-19 00:52:54", "elapsed": 2527.70331, "delta": 48.835103}}
{"target": -17.677231008419557, "params": {"gamma": 32.84147997228914, "log10_alpha": -4.413411167915688, "log10_colsample_bytree": -0.5083502466121049, "log10_eta": -3.961926419456349, "log10_lambda": 0.6749950031995962, "log10_min_child_weight": 4.807697200974276, "log10_subsample": -0.11729917817520674, "max_depth": 8.0, "num_boost_round": 1.0}, "datetime": {"datetime": "2024-01-19 00:52:54", "elapsed": 2527.707146, "delta": 0.003836}}
{"target": -17.67723045990399, "params": {"gamma": 32.84147997228914, "log10_alpha": -4.413411167915688, "log10_colsample_bytree": -0.5083502466121049, "log10_eta": -3.961926419456349, "log10_lambda": 0.6749950031995962, "log10_min_child_weight": 4.807697200974276, "log10_subsample": -0.11729917817520674, "max_depth": 8.0, "num_boost_round": 2.0}, "datetime": {"datetime": "2024-01-19 00:52:54", "elapsed": 2527.709717, "delta": 0.002571}}
{"target": -17.677229394659182, "params": {"gamma": 32.84147997228914, "log10_alpha": -4.413411167915688, "log10_colsample_bytree": -0.5083502466121049, "log10_eta": -3.961926419456349, "log10_lambda": 0.6749950031995962, "log10_min_child_weight": 4.807697200974276, "log10_subsample": -0.11729917817520674, "max_depth": 8.0, "num_boost_round": 3.0}, "datetime": {"datetime": "2024-01-19 00:52:54", "elapsed": 2527.712283, "delta": 0.002566}}
{"target": -17.677228248255368, "params": {"gamma": 32.84147997228914, "log10_alpha": -4.413411167915688, "log10_colsample_bytree": -0.5083502466121049, "log10_eta": -3.961926419456349, "log10_lambda": 0.6749950031995962, "log10_min_child_weight": 4.807697200974276, "log10_subsample": -0.11729917817520674, "max_depth": 8.0, "num_boost_round": 4.0}, "datetime": {"datetime": "2024-01-19 00:52:54", "elapsed": 2527.714789, "delta": 0.002506}}
{"target": -17.6772277121685, "params": {"gamma": 32.84147997228914, "log10_alpha": -4.413411167915688, "log10_colsample_bytree": -0.5083502466121049, "log10_eta": -3.961926419456349, "log10_lambda": 0.6749950031995962, "log10_min_child_weight": 4.807697200974276, "log10_subsample": -0.11729917817520674, "max_depth": 8.0, "num_boost_round": 5.0}, "datetime": {"datetime": "2024-01-19 00:52:54", "elapsed": 2527.717483, "delta": 0.002694}}
{"target": -17.677227268872176, "params": {"gamma": 32.84147997228914, "log10_alpha": -4.413411167915688, "log10_colsample_bytree": -0.5083502466121049, "log10_eta": -3.961926419456349, "log10_lambda": 0.6749950031995962, "log10_min_child_weight": 4.807697200974276, "log10_subsample": -0.11729917817520674, "max_depth": 8.0, "num_boost_round": 6.0}, "datetime": {"datetime": "2024-01-19 00:52:54", "elapsed": 2527.720044, "delta": 0.002561}}
