{"target": -13.758417327872596, "params": {"gamma": 436.1485123741031, "log10_alpha": -1.1595593109316358, "log10_colsample_bytree": -0.7223366605950057, "log10_eta": -2.626103774963922, "log10_lambda": -3.5473225629798812, "log10_min_child_weight": 4.944036471006485, "log10_subsample": -0.2895252276847533, "max_depth": 8.0, "num_boost_round": 24.0}, "datetime": {"datetime": "2024-01-19 01:12:13", "elapsed": 3636.938049, "delta": 0.004649}}
{"target": -13.75841765582397, "params": {"gamma": 436.1485123741031, "log10_alpha": -1.1595593109316358, "log10_colsample_bytree": -0.7223366605950057, "log10_eta": -2.626103774963922, "log10_lambda": -3.5473225629798812, "log10_min_child_weight": 4.944036471006485, "log10_subsample": -0.2895252276847533, "max_depth": 8.0, "num_boost_round": 25.0}, "datetime": {"datetime": "2024-01-19 01:12:13", "elapsed": 3636.942629, "delta": 0.00458}}
{"target": -13.758417397106708, "params": {"gamma": 436.1485123741031, "log10_alpha": -1.1595593109316358, "log10_colsample_bytree": -0.7223366605950057, "log10_eta": -2.626103774963922, "log10_lambda": -3.5473225629798812, "log10_min_child_weight": 4.944036471006485, "log10_subsample": -0.2895252276847533, "max_depth": 8.0, "num_boost_round": 26.0}, "datetime": {"datetime": "2024-01-19 01:12:13", "elapsed": 3636.947227, "delta": 0.004598}}
{"target": -13.75840822570629, "params": {"gamma": 436.1485123741031, "log10_alpha": -1.1595593109316358, "log10_colsample_bytree": -0.7223366605950057, "log10_eta": -2.626103774963922, "log10_lambda": -3.5473225629798812, "log10_min_child_weight": 4.944036471006485, "log10_subsample": -0.2895252276847533, "max_depth": 8.0, "num_boost_round": 27.0}, "datetime": {"datetime": "2024-01-19 01:12:13", "elapsed": 3636.951968, "delta": 0.004741}}
{"target": -13.758387672729127, "params": {"gamma": 436.1485123741031, "log10_alpha": -1.1595593109316358, "log10_colsample_bytree": -0.7223366605950057, "log10_eta": -2.626103774963922, "log10_lambda": -3.5473225629798812, "log10_min_child_weight": 4.944036471006485, "log10_subsample": -0.2895252276847533, "max_depth": 8.0, "num_boost_round": 28.0}, "datetime": {"datetime": "2024-01-19 01:12:13", "elapsed": 3636.956642, "delta": 0.004674}}
{"target": -13.75837516778149, "params": {"gamma": 436.1485123741031, "log10_alpha": -1.1595593109316358, "log10_colsample_bytree": -0.7223366605950057, "log10_eta": -2.626103774963922, "log10_lambda": -3.5473225629798812, "log10_min_child_weight": 4.944036471006485, "log10_subsample": -0.2895252276847533, "max_depth": 8.0, "num_boost_round": 29.0}, "datetime": {"datetime": "2024-01-19 01:12:13", "elapsed": 3636.961247, "delta": 0.004605}}
{"target": -13.7583644963738, "params": {"gamma": 436.1485123741031, "log10_alpha": -1.1595593109316358, "log10_colsample_bytree": -0.7223366605950057, "log10_eta": -2.626103774963922, "log10_lambda": -3.5473225629798812, "log10_min_child_weight": 4.944036471006485, "log10_subsample": -0.2895252276847533, "max_depth": 8.0, "num_boost_round": 30.0}, "datetime": {"datetime": "2024-01-19 01:12:13", "elapsed": 3636.965865, "delta": 0.004618}}
{"target": -13.75835106764573, "params": {"gamma": 436.1485123741031, "log10_alpha": -1.1595593109316358, "log10_colsample_bytree": -0.7223366605950057, "log10_eta": -2.626103774963922, "log10_lambda": -3.5473225629798812, "log10_min_child_weight": 4.944036471006485, "log10_subsample": -0.2895252276847533, "max_depth": 8.0, "num_boost_round": 31.0}, "datetime": {"datetime": "2024-01-19 01:12:13", "elapsed": 3636.970616, "delta": 0.004751}}
{"target": -13.758339191070222, "params": {"gamma": 436.1485123741031, "log10_alpha": -1.1595593109316358, "log10_colsample_bytree": -0.7223366605950057, "log10_eta": -2.626103774963922, "log10_lambda": -3.5473225629798812, "log10_min_child_weight": 4.944036471006485, "log10_subsample": -0.2895252276847533, "max_depth": 8.0, "num_boost_round": 32.0}, "datetime": {"datetime": "2024-01-19 01:12:13", "elapsed": 3636.975268, "delta": 0.004652}}
{"target": -13.758337164776593, "params": {"gamma": 436.1485123741031, "log10_alpha": -1.1595593109316358, "log10_colsample_bytree": -0.7223366605950057, "log10_eta": -2.626103774963922, "log10_lambda": -3.5473225629798812, "log10_min_child_weight": 4.944036471006485, "log10_subsample": -0.2895252276847533, "max_depth": 8.0, "num_boost_round": 33.0}, "datetime": {"datetime": "2024-01-19 01:12:13", "elapsed": 3636.979863, "delta": 0.004595}}
{"target": -13.758329954248518, "params": {"gamma": 436.1485123741031, "log10_alpha": -1.1595593109316358, "log10_colsample_bytree": -0.7223366605950057, "log10_eta": -2.626103774963922, "log10_lambda": -3.5473225629798812, "log10_min_child_weight": 4.944036471006485, "log10_subsample": -0.2895252276847533, "max_depth": 8.0, "num_boost_round": 34.0}, "datetime": {"datetime": "2024-01-19 01:12:13", "elapsed": 3636.984484, "delta": 0.004621}}
{"target": -13.758332931476854, "params": {"gamma": 436.1485123741031, "log10_alpha": -1.1595593109316358, "log10_colsample_bytree": -0.7223366605950057, "log10_eta": -2.626103774963922, "log10_lambda": -3.5473225629798812, "log10_min_child_weight": 4.944036471006485, "log10_subsample": -0.2895252276847533, "max_depth": 8.0, "num_boost_round": 35.0}, "datetime": {"datetime": "2024-01-19 01:12:13", "elapsed": 3636.989099, "delta": 0.004615}}
{"target": -13.758330316001084, "params": {"gamma": 436.1485123741031, "log10_alpha": -1.1595593109316358, "log10_colsample_bytree": -0.7223366605950057, "log10_eta": -2.626103774963922, "log10_lambda": -3.5473225629798812, "log10_min_child_weight": 4.944036471006485, "log10_subsample": -0.2895252276847533, "max_depth": 8.0, "num_boost_round": 36.0}, "datetime": {"datetime": "2024-01-19 01:12:13", "elapsed": 3636.99398, "delta": 0.004881}}
{"target": -13.75833325686515, "params": {"gamma": 436.1485123741031, "log10_alpha": -1.1595593109316358, "log10_colsample_bytree": -0.7223366605950057, "log10_eta": -2.626103774963922, "log10_lambda": -3.5473225629798812, "log10_min_child_weight": 4.944036471006485, "log10_subsample": -0.2895252276847533, "max_depth": 8.0, "num_boost_round": 37.0}, "datetime": {"datetime": "2024-01-19 01:12:13", "elapsed": 3636.99868, "delta": 0.0047}}
{"target": -13.758319782521243, "params": {"gamma": 436.1485123741031, "log10_alpha": -1.1595593109316358, "log10_colsample_bytree": -0.7223366605950057, "log10_eta": -2.626103774963922, "log10_lambda": -3.5473225629798812, "log10_min_child_weight": 4.944036471006485, "log10_subsample": -0.2895252276847533, "max_depth": 8.0, "num_boost_round": 38.0}, "datetime": {"datetime": "2024-01-19 01:12:13", "elapsed": 3637.003487, "delta": 0.004807}}
{"target": -13.758309972519163, "params": {"gamma": 436.1485123741031, "log10_alpha": -1.1595593109316358, "log10_colsample_bytree": -0.7223366605950057, "log10_eta": -2.626103774963922, "log10_lambda": -3.5473225629798812, "log10_min_child_weight": 4.944036471006485, "log10_subsample": -0.2895252276847533, "max_depth": 8.0, "num_boost_round": 39.0}, "datetime": {"datetime": "2024-01-19 01:12:13", "elapsed": 3637.008106, "delta": 0.004619}}
{"target": -13.75830391138109, "params": {"gamma": 436.1485123741031, "log10_alpha": -1.1595593109316358, "log10_colsample_bytree": -0.7223366605950057, "log10_eta": -2.626103774963922, "log10_lambda": -3.5473225629798812, "log10_min_child_weight": 4.944036471006485, "log10_subsample": -0.2895252276847533, "max_depth": 8.0, "num_boost_round": 40.0}, "datetime": {"datetime": "2024-01-19 01:12:13", "elapsed": 3637.012988, "delta": 0.004882}}
{"target": -13.758289174328917, "params": {"gamma": 436.1485123741031, "log10_alpha": -1.1595593109316358, "log10_colsample_bytree": -0.7223366605950057, "log10_eta": -2.626103774963922, "log10_lambda": -3.5473225629798812, "log10_min_child_weight": 4.944036471006485, "log10_subsample": -0.2895252276847533, "max_depth": 8.0, "num_boost_round": 41.0}, "datetime": {"datetime": "2024-01-19 01:12:13", "elapsed": 3637.017671, "delta": 0.004683}}
{"target": -13.75828222538241, "params": {"gamma": 436.1485123741031, "log10_alpha": -1.1595593109316358, "log10_colsample_bytree": -0.7223366605950057, "log10_eta": -2.626103774963922, "log10_lambda": -3.5473225629798812, "log10_min_child_weight": 4.944036471006485, "log10_subsample": -0.2895252276847533, "max_depth": 8.0, "num_boost_round": 42.0}, "datetime": {"datetime": "2024-01-19 01:12:13", "elapsed": 3637.022643, "delta": 0.004972}}
{"target": -13.75827462024904, "params": {"gamma": 436.1485123741031, "log10_alpha": -1.1595593109316358, "log10_colsample_bytree": -0.7223366605950057, "log10_eta": -2.626103774963922, "log10_lambda": -3.5473225629798812, "log10_min_child_weight": 4.944036471006485, "log10_subsample": -0.2895252276847533, "max_depth": 8.0, "num_boost_round": 43.0}, "datetime": {"datetime": "2024-01-19 01:12:13", "elapsed": 3637.027292, "delta": 0.004649}}
{"target": -13.758259001663873, "params": {"gamma": 436.1485123741031, "log10_alpha": -1.1595593109316358, "log10_colsample_bytree": -0.7223366605950057, "log10_eta": -2.626103774963922, "log10_lambda": -3.5473225629798812, "log10_min_child_weight": 4.944036471006485, "log10_subsample": -0.2895252276847533, "max_depth": 8.0, "num_boost_round": 44.0}, "datetime": {"datetime": "2024-01-19 01:12:13", "elapsed": 3637.032102, "delta": 0.00481}}
{"target": -13.758249734628023, "params": {"gamma": 436.1485123741031, "log10_alpha": -1.1595593109316358, "log10_colsample_bytree": -0.7223366605950057, "log10_eta": -2.626103774963922, "log10_lambda": -3.5473225629798812, "log10_min_child_weight": 4.944036471006485, "log10_subsample": -0.2895252276847533, "max_depth": 8.0, "num_boost_round": 45.0}, "datetime": {"datetime": "2024-01-19 01:12:13", "elapsed": 3637.03674, "delta": 0.004638}}
{"target": -13.758239011440375, "params": {"gamma": 436.1485123741031, "log10_alpha": -1.1595593109316358, "log10_colsample_bytree": -0.7223366605950057, "log10_eta": -2.626103774963922, "log10_lambda": -3.5473225629798812, "log10_min_child_weight": 4.944036471006485, "log10_subsample": -0.2895252276847533, "max_depth": 8.0, "num_boost_round": 46.0}, "datetime": {"datetime": "2024-01-19 01:12:13", "elapsed": 3637.041355, "delta": 0.004615}}
{"target": -13.758238328897903, "params": {"gamma": 436.1485123741031, "log10_alpha": -1.1595593109316358, "log10_colsample_bytree": -0.7223366605950057, "log10_eta": -2.626103774963922, "log10_lambda": -3.5473225629798812, "log10_min_child_weight": 4.944036471006485, "log10_subsample": -0.2895252276847533, "max_depth": 8.0, "num_boost_round": 47.0}, "datetime": {"datetime": "2024-01-19 01:12:13", "elapsed": 3637.046061, "delta": 0.004706}}
{"target": -13.758243566316516, "params": {"gamma": 436.1485123741031, "log10_alpha": -1.1595593109316358, "log10_colsample_bytree": -0.7223366605950057, "log10_eta": -2.626103774963922, "log10_lambda": -3.5473225629798812, "log10_min_child_weight": 4.944036471006485, "log10_subsample": -0.2895252276847533, "max_depth": 8.0, "num_boost_round": 48.0}, "datetime": {"datetime": "2024-01-19 01:12:13", "elapsed": 3637.05085, "delta": 0.004789}}
{"target": -13.758248189458746, "params": {"gamma": 436.1485123741031, "log10_alpha": -1.1595593109316358, "log10_colsample_bytree": -0.7223366605950057, "log10_eta": -2.626103774963922, "log10_lambda": -3.5473225629798812, "log10_min_child_weight": 4.944036471006485, "log10_subsample": -0.2895252276847533, "max_depth": 8.0, "num_boost_round": 49.0}, "datetime": {"datetime": "2024-01-19 01:12:13", "elapsed": 3637.055479, "delta": 0.004629}}
{"target": -13.758247221965094, "params": {"gamma": 436.1485123741031, "log10_alpha": -1.1595593109316358, "log10_colsample_bytree": -0.7223366605950057, "log10_eta": -2.626103774963922, "log10_lambda": -3.5473225629798812, "log10_min_child_weight": 4.944036471006485, "log10_subsample": -0.2895252276847533, "max_depth": 8.0, "num_boost_round": 50.0}, "datetime": {"datetime": "2024-01-19 01:12:13", "elapsed": 3637.06014, "delta": 0.004661}}
{"target": -13.758250466011907, "params": {"gamma": 436.1485123741031, "log10_alpha": -1.1595593109316358, "log10_colsample_bytree": -0.7223366605950057, "log10_eta": -2.626103774963922, "log10_lambda": -3.5473225629798812, "log10_min_child_weight": 4.944036471006485, "log10_subsample": -0.2895252276847533, "max_depth": 8.0, "num_boost_round": 51.0}, "datetime": {"datetime": "2024-01-19 01:12:13", "elapsed": 3637.064786, "delta": 0.004646}}
{"target": -13.758249523771672, "params": {"gamma": 436.1485123741031, "log10_alpha": -1.1595593109316358, "log10_colsample_bytree": -0.7223366605950057, "log10_eta": -2.626103774963922, "log10_lambda": -3.5473225629798812, "log10_min_child_weight": 4.944036471006485, "log10_subsample": -0.2895252276847533, "max_depth": 8.0, "num_boost_round": 52.0}, "datetime": {"datetime": "2024-01-19 01:12:13", "elapsed": 3637.069457, "delta": 0.004671}}
{"target": -13.758248165159321, "params": {"gamma": 436.1485123741031, "log10_alpha": -1.1595593109316358, "log10_colsample_bytree": -0.7223366605950057, "log10_eta": -2.626103774963922, "log10_lambda": -3.5473225629798812, "log10_min_child_weight": 4.944036471006485, "log10_subsample": -0.2895252276847533, "max_depth": 8.0, "num_boost_round": 53.0}, "datetime": {"datetime": "2024-01-19 01:12:13", "elapsed": 3637.075323, "delta": 0.005866}}
{"target": -13.758242856145213, "params": {"gamma": 436.1485123741031, "log10_alpha": -1.1595593109316358, "log10_colsample_bytree": -0.7223366605950057, "log10_eta": -2.626103774963922, "log10_lambda": -3.5473225629798812, "log10_min_child_weight": 4.944036471006485, "log10_subsample": -0.2895252276847533, "max_depth": 8.0, "num_boost_round": 54.0}, "datetime": {"datetime": "2024-01-19 01:12:13", "elapsed": 3637.080005, "delta": 0.004682}}
{"target": -13.758245820440036, "params": {"gamma": 436.1485123741031, "log10_alpha": -1.1595593109316358, "log10_colsample_bytree": -0.7223366605950057, "log10_eta": -2.626103774963922, "log10_lambda": -3.5473225629798812, "log10_min_child_weight": 4.944036471006485, "log10_subsample": -0.2895252276847533, "max_depth": 8.0, "num_boost_round": 55.0}, "datetime": {"datetime": "2024-01-19 01:12:13", "elapsed": 3637.084633, "delta": 0.004628}}
{"target": -13.758246962354585, "params": {"gamma": 436.1485123741031, "log10_alpha": -1.1595593109316358, "log10_colsample_bytree": -0.7223366605950057, "log10_eta": -2.626103774963922, "log10_lambda": -3.5473225629798812, "log10_min_child_weight": 4.944036471006485, "log10_subsample": -0.2895252276847533, "max_depth": 8.0, "num_boost_round": 56.0}, "datetime": {"datetime": "2024-01-19 01:12:13", "elapsed": 3637.089299, "delta": 0.004666}}
{"target": -13.758242137819467, "params": {"gamma": 436.1485123741031, "log10_alpha": -1.1595593109316358, "log10_colsample_bytree": -0.7223366605950057, "log10_eta": -2.626103774963922, "log10_lambda": -3.5473225629798812, "log10_min_child_weight": 4.944036471006485, "log10_subsample": -0.2895252276847533, "max_depth": 8.0, "num_boost_round": 57.0}, "datetime": {"datetime": "2024-01-19 01:12:13", "elapsed": 3637.094325, "delta": 0.005026}}
{"target": -13.75822999759883, "params": {"gamma": 436.1485123741031, "log10_alpha": -1.1595593109316358, "log10_colsample_bytree": -0.7223366605950057, "log10_eta": -2.626103774963922, "log10_lambda": -3.5473225629798812, "log10_min_child_weight": 4.944036471006485, "log10_subsample": -0.2895252276847533, "max_depth": 8.0, "num_boost_round": 58.0}, "datetime": {"datetime": "2024-01-19 01:12:14", "elapsed": 3637.099077, "delta": 0.004752}}
{"target": -13.758211688637916, "params": {"gamma": 436.1485123741031, "log10_alpha": -1.1595593109316358, "log10_colsample_bytree": -0.7223366605950057, "log10_eta": -2.626103774963922, "log10_lambda": -3.5473225629798812, "log10_min_child_weight": 4.944036471006485, "log10_subsample": -0.2895252276847533, "max_depth": 8.0, "num_boost_round": 59.0}, "datetime": {"datetime": "2024-01-19 01:12:14", "elapsed": 3637.103986, "delta": 0.004909}}
{"target": -13.758218644828888, "params": {"gamma": 436.1485123741031, "log10_alpha": -1.1595593109316358, "log10_colsample_bytree": -0.7223366605950057, "log10_eta": -2.626103774963922, "log10_lambda": -3.5473225629798812, "log10_min_child_weight": 4.944036471006485, "log10_subsample": -0.2895252276847533, "max_depth": 8.0, "num_boost_round": 60.0}, "datetime": {"datetime": "2024-01-19 01:12:14", "elapsed": 3637.108789, "delta": 0.004803}}
{"target": -13.758538221683963, "params": {"gamma": 398.2500963093061, "log10_alpha": 1.0, "log10_colsample_bytree": -0.6267554482448481, "log10_eta": -4.0, "log10_lambda": -5.0, "log10_min_child_weight": 2.369421362687161, "log10_subsample": -0.8587738540626205, "max_depth": 2.0, "num_boost_round": 0.0}, "datetime": {"datetime": "2024-01-19 01:13:20", "elapsed": 3703.603145, "delta": 66.494356}}
{"target": -13.758537304447072, "params": {"gamma": 398.2500963093061, "log10_alpha": 1.0, "log10_colsample_bytree": -0.6267554482448481, "log10_eta": -4.0, "log10_lambda": -5.0, "log10_min_child_weight": 2.369421362687161, "log10_subsample": -0.8587738540626205, "max_depth": 2.0, "num_boost_round": 1.0}, "datetime": {"datetime": "2024-01-19 01:13:20", "elapsed": 3703.608994, "delta": 0.005849}}
{"target": -13.758535456438718, "params": {"gamma": 398.2500963093061, "log10_alpha": 1.0, "log10_colsample_bytree": -0.6267554482448481, "log10_eta": -4.0, "log10_lambda": -5.0, "log10_min_child_weight": 2.369421362687161, "log10_subsample": -0.8587738540626205, "max_depth": 2.0, "num_boost_round": 2.0}, "datetime": {"datetime": "2024-01-19 01:13:20", "elapsed": 3703.61374, "delta": 0.004746}}
{"target": -13.75853519176999, "params": {"gamma": 398.2500963093061, "log10_alpha": 1.0, "log10_colsample_bytree": -0.6267554482448481, "log10_eta": -4.0, "log10_lambda": -5.0, "log10_min_child_weight": 2.369421362687161, "log10_subsample": -0.8587738540626205, "max_depth": 2.0, "num_boost_round": 3.0}, "datetime": {"datetime": "2024-01-19 01:13:20", "elapsed": 3703.618395, "delta": 0.004655}}
{"target": -13.758535104894355, "params": {"gamma": 398.2500963093061, "log10_alpha": 1.0, "log10_colsample_bytree": -0.6267554482448481, "log10_eta": -4.0, "log10_lambda": -5.0, "log10_min_child_weight": 2.369421362687161, "log10_subsample": -0.8587738540626205, "max_depth": 2.0, "num_boost_round": 4.0}, "datetime": {"datetime": "2024-01-19 01:13:20", "elapsed": 3703.623065, "delta": 0.00467}}
{"target": -13.758534414570764, "params": {"gamma": 398.2500963093061, "log10_alpha": 1.0, "log10_colsample_bytree": -0.6267554482448481, "log10_eta": -4.0, "log10_lambda": -5.0, "log10_min_child_weight": 2.369421362687161, "log10_subsample": -0.8587738540626205, "max_depth": 2.0, "num_boost_round": 5.0}, "datetime": {"datetime": "2024-01-19 01:13:20", "elapsed": 3703.627779, "delta": 0.004714}}
{"target": -13.758534393488274, "params": {"gamma": 398.2500963093061, "log10_alpha": 1.0, "log10_colsample_bytree": -0.6267554482448481, "log10_eta": -4.0, "log10_lambda": -5.0, "log10_min_child_weight": 2.369421362687161, "log10_subsample": -0.8587738540626205, "max_depth": 2.0, "num_boost_round": 6.0}, "datetime": {"datetime": "2024-01-19 01:13:20", "elapsed": 3703.632589, "delta": 0.00481}}
{"target": -13.75853299213355, "params": {"gamma": 398.2500963093061, "log10_alpha": 1.0, "log10_colsample_bytree": -0.6267554482448481, "log10_eta": -4.0, "log10_lambda": -5.0, "log10_min_child_weight": 2.369421362687161, "log10_subsample": -0.8587738540626205, "max_depth": 2.0, "num_boost_round": 7.0}, "datetime": {"datetime": "2024-01-19 01:13:20", "elapsed": 3703.637265, "delta": 0.004676}}
{"target": -13.758531273002433, "params": {"gamma": 398.2500963093061, "log10_alpha": 1.0, "log10_colsample_bytree": -0.6267554482448481, "log10_eta": -4.0, "log10_lambda": -5.0, "log10_min_child_weight": 2.369421362687161, "log10_subsample": -0.8587738540626205, "max_depth": 2.0, "num_boost_round": 8.0}, "datetime": {"datetime": "2024-01-19 01:13:20", "elapsed": 3703.641957, "delta": 0.004692}}
{"target": -13.758528317601858, "params": {"gamma": 398.2500963093061, "log10_alpha": 1.0, "log10_colsample_bytree": -0.6267554482448481, "log10_eta": -4.0, "log10_lambda": -5.0, "log10_min_child_weight": 2.369421362687161, "log10_subsample": -0.8587738540626205, "max_depth": 2.0, "num_boost_round": 9.0}, "datetime": {"datetime": "2024-01-19 01:13:20", "elapsed": 3703.646727, "delta": 0.00477}}
{"target": -13.758527587851052, "params": {"gamma": 398.2500963093061, "log10_alpha": 1.0, "log10_colsample_bytree": -0.6267554482448481, "log10_eta": -4.0, "log10_lambda": -5.0, "log10_min_child_weight": 2.369421362687161, "log10_subsample": -0.8587738540626205, "max_depth": 2.0, "num_boost_round": 10.0}, "datetime": {"datetime": "2024-01-19 01:13:20", "elapsed": 3703.651469, "delta": 0.004742}}
{"target": -13.758526572475368, "params": {"gamma": 398.2500963093061, "log10_alpha": 1.0, "log10_colsample_bytree": -0.6267554482448481, "log10_eta": -4.0, "log10_lambda": -5.0, "log10_min_child_weight": 2.369421362687161, "log10_subsample": -0.8587738540626205, "max_depth": 2.0, "num_boost_round": 11.0}, "datetime": {"datetime": "2024-01-19 01:13:20", "elapsed": 3703.656173, "delta": 0.004704}}
{"target": -13.75852522915603, "params": {"gamma": 398.2500963093061, "log10_alpha": 1.0, "log10_colsample_bytree": -0.6267554482448481, "log10_eta": -4.0, "log10_lambda": -5.0, "log10_min_child_weight": 2.369421362687161, "log10_subsample": -0.8587738540626205, "max_depth": 2.0, "num_boost_round": 12.0}, "datetime": {"datetime": "2024-01-19 01:13:20", "elapsed": 3703.660859, "delta": 0.004686}}
