{"target": -17.677214045164575, "params": {"gamma": 885.2211610765975, "log10_alpha": -4.5329973276539075, "log10_colsample_bytree": -0.481053523388281, "log10_eta": -3.992597660213298, "log10_lambda": -4.482681675839502, "log10_min_child_weight": 0.9300971909888422, "log10_subsample": -0.9524663801643292, "max_depth": 8.0, "num_boost_round": 4.0}, "datetime": {"datetime": "2024-01-19 00:54:20", "elapsed": 2541.351392, "delta": 0.00383}}
{"target": -17.677215713252743, "params": {"gamma": 885.2211610765975, "log10_alpha": -4.5329973276539075, "log10_colsample_bytree": -0.481053523388281, "log10_eta": -3.992597660213298, "log10_lambda": -4.482681675839502, "log10_min_child_weight": 0.9300971909888422, "log10_subsample": -0.9524663801643292, "max_depth": 8.0, "num_boost_round": 5.0}, "datetime": {"datetime": "2024-01-19 00:54:20", "elapsed": 2541.354285, "delta": 0.002893}}
{"target": -17.677210052701025, "params": {"gamma": 885.2211610765975, "log10_alpha": -4.5329973276539075, "log10_colsample_bytree": -0.481053523388281, "log10_eta": -3.992597660213298, "log10_lambda": -4.482681675839502, "log10_min_child_weight": 0.9300971909888422, "log10_subsample": -0.9524663801643292, "max_depth": 8.0, "num_boost_round": 6.0}, "datetime": {"datetime": "2024-01-19 00:54:20", "elapsed": 2541.357176, "delta": 0.002891}}
{"target": -17.677207652658353, "params": {"gamma": 885.2211610765975, "log10_alpha": -4.5329973276539075, "log10_colsample_bytree": -0.481053523388281, "log10_eta": -3.992597660213298, "log10_lambda": -4.482681675839502, "log10_min_child_weight": 0.9300971909888422, "log10_subsample": -0.9524663801643292, "max_depth": 8.0, "num_boost_round": 7.0}, "datetime": {"datetime": "2024-01-19 00:54:20", "elapsed": 2541.360032, "delta": 0.002856}}
{"target": -17.677201081841382, "params": {"gamma": 885.2211610765975, "log10_alpha": -4.5329973276539075, "log10_colsample_bytree": -0.481053523388281, "log10_eta": -3.992597660213298, "log10_lambda": -4.482681675839502, "log10_min_child_weight": 0.9300971909888422, "log10_subsample": -0.9524663801643292, "max_depth": 8.0, "num_boost_round": 8.0}, "datetime": {"datetime": "2024-01-19 00:54:20", "elapsed": 2541.362917, "delta": 0.002885}}
{"target": -17.677194055850823, "params": {"gamma": 885.2211610765975, "log10_alpha": -4.5329973276539075, "log10_colsample_bytree": -0.481053523388281, "log10_eta": -3.992597660213298, "log10_lambda": -4.482681675839502, "log10_min_child_weight": 0.9300971909888422, "log10_subsample": -0.9524663801643292, "max_depth": 8.0, "num_boost_round": 9.0}, "datetime": {"datetime": "2024-01-19 00:54:20", "elapsed": 2541.3658, "delta": 0.002883}}
{"target": -17.677182862843427, "params": {"gamma": 885.2211610765975, "log10_alpha": -4.5329973276539075, "log10_colsample_bytree": -0.481053523388281, "log10_eta": -3.992597660213298, "log10_lambda": -4.482681675839502, "log10_min_child_weight": 0.9300971909888422, "log10_subsample": -0.9524663801643292, "max_depth": 8.0, "num_boost_round": 10.0}, "datetime": {"datetime": "2024-01-19 00:54:20", "elapsed": 2541.368657, "delta": 0.002857}}
{"target": -17.677180419386573, "params": {"gamma": 885.2211610765975, "log10_alpha": -4.5329973276539075, "log10_colsample_bytree": -0.481053523388281, "log10_eta": -3.992597660213298, "log10_lambda": -4.482681675839502, "log10_min_child_weight": 0.9300971909888422, "log10_subsample": -0.9524663801643292, "max_depth": 8.0, "num_boost_round": 11.0}, "datetime": {"datetime": "2024-01-19 00:54:20", "elapsed": 2541.371614, "delta": 0.002957}}
{"target": -17.67717939862433, "params": {"gamma": 885.2211610765975, "log10_alpha": -4.5329973276539075, "log10_colsample_bytree": -0.481053523388281, "log10_eta": -3.992597660213298, "log10_lambda": -4.482681675839502, "log10_min_child_weight": 0.9300971909888422, "log10_subsample": -0.9524663801643292, "max_depth": 8.0, "num_boost_round": 12.0}, "datetime": {"datetime": "2024-01-19 00:54:20", "elapsed": 2541.374631, "delta": 0.003017}}
{"target": -17.67717962505349, "params": {"gamma": 885.2211610765975, "log10_alpha": -4.5329973276539075, "log10_colsample_bytree": -0.481053523388281, "log10_eta": -3.992597660213298, "log10_lambda": -4.482681675839502, "log10_min_child_weight": 0.9300971909888422, "log10_subsample": -0.9524663801643292, "max_depth": 8.0, "num_boost_round": 13.0}, "datetime": {"datetime": "2024-01-19 00:54:20", "elapsed": 2541.377552, "delta": 0.002921}}
{"target": -17.67718100427139, "params": {"gamma": 885.2211610765975, "log10_alpha": -4.5329973276539075, "log10_colsample_bytree": -0.481053523388281, "log10_eta": -3.992597660213298, "log10_lambda": -4.482681675839502, "log10_min_child_weight": 0.9300971909888422, "log10_subsample": -0.9524663801643292, "max_depth": 8.0, "num_boost_round": 14.0}, "datetime": {"datetime": "2024-01-19 00:54:20", "elapsed": 2541.380637, "delta": 0.003085}}
{"target": -17.67718142261448, "params": {"gamma": 885.2211610765975, "log10_alpha": -4.5329973276539075, "log10_colsample_bytree": -0.481053523388281, "log10_eta": -3.992597660213298, "log10_lambda": -4.482681675839502, "log10_min_child_weight": 0.9300971909888422, "log10_subsample": -0.9524663801643292, "max_depth": 8.0, "num_boost_round": 15.0}, "datetime": {"datetime": "2024-01-19 00:54:20", "elapsed": 2541.38355, "delta": 0.002913}}
{"target": -17.67718430073287, "params": {"gamma": 885.2211610765975, "log10_alpha": -4.5329973276539075, "log10_colsample_bytree": -0.481053523388281, "log10_eta": -3.992597660213298, "log10_lambda": -4.482681675839502, "log10_min_child_weight": 0.9300971909888422, "log10_subsample": -0.9524663801643292, "max_depth": 8.0, "num_boost_round": 16.0}, "datetime": {"datetime": "2024-01-19 00:54:20", "elapsed": 2541.386372, "delta": 0.002822}}
{"target": -17.677181168532933, "params": {"gamma": 885.2211610765975, "log10_alpha": -4.5329973276539075, "log10_colsample_bytree": -0.481053523388281, "log10_eta": -3.992597660213298, "log10_lambda": -4.482681675839502, "log10_min_child_weight": 0.9300971909888422, "log10_subsample": -0.9524663801643292, "max_depth": 8.0, "num_boost_round": 17.0}, "datetime": {"datetime": "2024-01-19 00:54:20", "elapsed": 2541.38918, "delta": 0.002808}}
{"target": -17.67718502829483, "params": {"gamma": 885.2211610765975, "log10_alpha": -4.5329973276539075, "log10_colsample_bytree": -0.481053523388281, "log10_eta": -3.992597660213298, "log10_lambda": -4.482681675839502, "log10_min_child_weight": 0.9300971909888422, "log10_subsample": -0.9524663801643292, "max_depth": 8.0, "num_boost_round": 18.0}, "datetime": {"datetime": "2024-01-19 00:54:20", "elapsed": 2541.392095, "delta": 0.002915}}
{"target": -17.67717334478122, "params": {"gamma": 885.2211610765975, "log10_alpha": -4.5329973276539075, "log10_colsample_bytree": -0.481053523388281, "log10_eta": -3.992597660213298, "log10_lambda": -4.482681675839502, "log10_min_child_weight": 0.9300971909888422, "log10_subsample": -0.9524663801643292, "max_depth": 8.0, "num_boost_round": 19.0}, "datetime": {"datetime": "2024-01-19 00:54:20", "elapsed": 2541.394991, "delta": 0.002896}}
{"target": -17.677228208113835, "params": {"gamma": 888.52096965772, "log10_alpha": 0.8415014236488965, "log10_colsample_bytree": -0.8834191750085211, "log10_eta": -3.6933628691399063, "log10_lambda": -2.2520589768588932, "log10_min_child_weight": 0.8074447614424046, "log10_subsample": -0.8370725649920033, "max_depth": 2.0, "num_boost_round": 0.0}, "datetime": {"datetime": "2024-01-19 00:54:59", "elapsed": 2580.060865, "delta": 38.665874}}
{"target": -17.677215875083, "params": {"gamma": 888.52096965772, "log10_alpha": 0.8415014236488965, "log10_colsample_bytree": -0.8834191750085211, "log10_eta": -3.6933628691399063, "log10_lambda": -2.2520589768588932, "log10_min_child_weight": 0.8074447614424046, "log10_subsample": -0.8370725649920033, "max_depth": 2.0, "num_boost_round": 1.0}, "datetime": {"datetime": "2024-01-19 00:54:59", "elapsed": 2580.064751, "delta": 0.003886}}
{"target": -17.677211891761697, "params": {"gamma": 888.52096965772, "log10_alpha": 0.8415014236488965, "log10_colsample_bytree": -0.8834191750085211, "log10_eta": -3.6933628691399063, "log10_lambda": -2.2520589768588932, "log10_min_child_weight": 0.8074447614424046, "log10_subsample": -0.8370725649920033, "max_depth": 2.0, "num_boost_round": 2.0}, "datetime": {"datetime": "2024-01-19 00:54:59", "elapsed": 2580.06778, "delta": 0.003029}}
{"target": -17.677213172320375, "params": {"gamma": 888.52096965772, "log10_alpha": 0.8415014236488965, "log10_colsample_bytree": -0.8834191750085211, "log10_eta": -3.6933628691399063, "log10_lambda": -2.2520589768588932, "log10_min_child_weight": 0.8074447614424046, "log10_subsample": -0.8370725649920033, "max_depth": 2.0, "num_boost_round": 3.0}, "datetime": {"datetime": "2024-01-19 00:54:59", "elapsed": 2580.070747, "delta": 0.002967}}
{"target": -17.67721051076952, "params": {"gamma": 888.52096965772, "log10_alpha": 0.8415014236488965, "log10_colsample_bytree": -0.8834191750085211, "log10_eta": -3.6933628691399063, "log10_lambda": -2.2520589768588932, "log10_min_child_weight": 0.8074447614424046, "log10_subsample": -0.8370725649920033, "max_depth": 2.0, "num_boost_round": 4.0}, "datetime": {"datetime": "2024-01-19 00:54:59", "elapsed": 2580.073763, "delta": 0.003016}}
{"target": -17.677205634940076, "params": {"gamma": 888.52096965772, "log10_alpha": 0.8415014236488965, "log10_colsample_bytree": -0.8834191750085211, "log10_eta": -3.6933628691399063, "log10_lambda": -2.2520589768588932, "log10_min_child_weight": 0.8074447614424046, "log10_subsample": -0.8370725649920033, "max_depth": 2.0, "num_boost_round": 5.0}, "datetime": {"datetime": "2024-01-19 00:54:59", "elapsed": 2580.076882, "delta": 0.003119}}
{"target": -17.677202200545363, "params": {"gamma": 888.52096965772, "log10_alpha": 0.8415014236488965, "log10_colsample_bytree": -0.8834191750085211, "log10_eta": -3.6933628691399063, "log10_lambda": -2.2520589768588932, "log10_min_child_weight": 0.8074447614424046, "log10_subsample": -0.8370725649920033, "max_depth": 2.0, "num_boost_round": 6.0}, "datetime": {"datetime": "2024-01-19 00:54:59", "elapsed": 2580.079747, "delta": 0.002865}}
{"target": -17.677195256144216, "params": {"gamma": 888.52096965772, "log10_alpha": 0.8415014236488965, "log10_colsample_bytree": -0.8834191750085211, "log10_eta": -3.6933628691399063, "log10_lambda": -2.2520589768588932, "log10_min_child_weight": 0.8074447614424046, "log10_subsample": -0.8370725649920033, "max_depth": 2.0, "num_boost_round": 7.0}, "datetime": {"datetime": "2024-01-19 00:54:59", "elapsed": 2580.082751, "delta": 0.003004}}
{"target": -17.677193748195773, "params": {"gamma": 888.52096965772, "log10_alpha": 0.8415014236488965, "log10_colsample_bytree": -0.8834191750085211, "log10_eta": -3.6933628691399063, "log10_lambda": -2.2520589768588932, "log10_min_child_weight": 0.8074447614424046, "log10_subsample": -0.8370725649920033, "max_depth": 2.0, "num_boost_round": 8.0}, "datetime": {"datetime": "2024-01-19 00:54:59", "elapsed": 2580.085654, "delta": 0.002903}}
{"target": -17.677189951872368, "params": {"gamma": 888.52096965772, "log10_alpha": 0.8415014236488965, "log10_colsample_bytree": -0.8834191750085211, "log10_eta": -3.6933628691399063, "log10_lambda": -2.2520589768588932, "log10_min_child_weight": 0.8074447614424046, "log10_subsample": -0.8370725649920033, "max_depth": 2.0, "num_boost_round": 9.0}, "datetime": {"datetime": "2024-01-19 00:54:59", "elapsed": 2580.088584, "delta": 0.00293}}
{"target": -17.677187880715532, "params": {"gamma": 888.52096965772, "log10_alpha": 0.8415014236488965, "log10_colsample_bytree": -0.8834191750085211, "log10_eta": -3.6933628691399063, "log10_lambda": -2.2520589768588932, "log10_min_child_weight": 0.8074447614424046, "log10_subsample": -0.8370725649920033, "max_depth": 2.0, "num_boost_round": 10.0}, "datetime": {"datetime": "2024-01-19 00:54:59", "elapsed": 2580.091448, "delta": 0.002864}}
{"target": -17.677188017777507, "params": {"gamma": 888.52096965772, "log10_alpha": 0.8415014236488965, "log10_colsample_bytree": -0.8834191750085211, "log10_eta": -3.6933628691399063, "log10_lambda": -2.2520589768588932, "log10_min_child_weight": 0.8074447614424046, "log10_subsample": -0.8370725649920033, "max_depth": 2.0, "num_boost_round": 11.0}, "datetime": {"datetime": "2024-01-19 00:54:59", "elapsed": 2580.094409, "delta": 0.002961}}
{"target": -17.677183496925014, "params": {"gamma": 888.52096965772, "log10_alpha": 0.8415014236488965, "log10_colsample_bytree": -0.8834191750085211, "log10_eta": -3.6933628691399063, "log10_lambda": -2.2520589768588932, "log10_min_child_weight": 0.8074447614424046, "log10_subsample": -0.8370725649920033, "max_depth": 2.0, "num_boost_round": 12.0}, "datetime": {"datetime": "2024-01-19 00:54:59", "elapsed": 2580.097359, "delta": 0.00295}}
{"target": -17.677176487748447, "params": {"gamma": 888.52096965772, "log10_alpha": 0.8415014236488965, "log10_colsample_bytree": -0.8834191750085211, "log10_eta": -3.6933628691399063, "log10_lambda": -2.2520589768588932, "log10_min_child_weight": 0.8074447614424046, "log10_subsample": -0.8370725649920033, "max_depth": 2.0, "num_boost_round": 13.0}, "datetime": {"datetime": "2024-01-19 00:54:59", "elapsed": 2580.100259, "delta": 0.0029}}
{"target": -17.677175716345534, "params": {"gamma": 888.52096965772, "log10_alpha": 0.8415014236488965, "log10_colsample_bytree": -0.8834191750085211, "log10_eta": -3.6933628691399063, "log10_lambda": -2.2520589768588932, "log10_min_child_weight": 0.8074447614424046, "log10_subsample": -0.8370725649920033, "max_depth": 2.0, "num_boost_round": 14.0}, "datetime": {"datetime": "2024-01-19 00:54:59", "elapsed": 2580.103175, "delta": 0.002916}}
{"target": -17.677171453099266, "params": {"gamma": 888.52096965772, "log10_alpha": 0.8415014236488965, "log10_colsample_bytree": -0.8834191750085211, "log10_eta": -3.6933628691399063, "log10_lambda": -2.2520589768588932, "log10_min_child_weight": 0.8074447614424046, "log10_subsample": -0.8370725649920033, "max_depth": 2.0, "num_boost_round": 15.0}, "datetime": {"datetime": "2024-01-19 00:54:59", "elapsed": 2580.221834, "delta": 0.118659}}
{"target": -17.677169502186114, "params": {"gamma": 888.52096965772, "log10_alpha": 0.8415014236488965, "log10_colsample_bytree": -0.8834191750085211, "log10_eta": -3.6933628691399063, "log10_lambda": -2.2520589768588932, "log10_min_child_weight": 0.8074447614424046, "log10_subsample": -0.8370725649920033, "max_depth": 2.0, "num_boost_round": 16.0}, "datetime": {"datetime": "2024-01-19 00:54:59", "elapsed": 2580.225609, "delta": 0.003775}}
{"target": -17.67716506781377, "params": {"gamma": 888.52096965772, "log10_alpha": 0.8415014236488965, "log10_colsample_bytree": -0.8834191750085211, "log10_eta": -3.6933628691399063, "log10_lambda": -2.2520589768588932, "log10_min_child_weight": 0.8074447614424046, "log10_subsample": -0.8370725649920033, "max_depth": 2.0, "num_boost_round": 17.0}, "datetime": {"datetime": "2024-01-19 00:54:59", "elapsed": 2580.229123, "delta": 0.003514}}
{"target": -17.67716057081449, "params": {"gamma": 888.52096965772, "log10_alpha": 0.8415014236488965, "log10_colsample_bytree": -0.8834191750085211, "log10_eta": -3.6933628691399063, "log10_lambda": -2.2520589768588932, "log10_min_child_weight": 0.8074447614424046, "log10_subsample": -0.8370725649920033, "max_depth": 2.0, "num_boost_round": 18.0}, "datetime": {"datetime": "2024-01-19 00:54:59", "elapsed": 2580.2323, "delta": 0.003177}}
{"target": -17.677156867592206, "params": {"gamma": 888.52096965772, "log10_alpha": 0.8415014236488965, "log10_colsample_bytree": -0.8834191750085211, "log10_eta": -3.6933628691399063, "log10_lambda": -2.2520589768588932, "log10_min_child_weight": 0.8074447614424046, "log10_subsample": -0.8370725649920033, "max_depth": 2.0, "num_boost_round": 19.0}, "datetime": {"datetime": "2024-01-19 00:54:59", "elapsed": 2580.235451, "delta": 0.003151}}
{"target": -17.677150315318325, "params": {"gamma": 888.52096965772, "log10_alpha": 0.8415014236488965, "log10_colsample_bytree": -0.8834191750085211, "log10_eta": -3.6933628691399063, "log10_lambda": -2.2520589768588932, "log10_min_child_weight": 0.8074447614424046, "log10_subsample": -0.8370725649920033, "max_depth": 2.0, "num_boost_round": 20.0}, "datetime": {"datetime": "2024-01-19 00:54:59", "elapsed": 2580.23851, "delta": 0.003059}}
{"target": -17.677146348409543, "params": {"gamma": 888.52096965772, "log10_alpha": 0.8415014236488965, "log10_colsample_bytree": -0.8834191750085211, "log10_eta": -3.6933628691399063, "log10_lambda": -2.2520589768588932, "log10_min_child_weight": 0.8074447614424046, "log10_subsample": -0.8370725649920033, "max_depth": 2.0, "num_boost_round": 21.0}, "datetime": {"datetime": "2024-01-19 00:54:59", "elapsed": 2580.241638, "delta": 0.003128}}
{"target": -17.677143016717334, "params": {"gamma": 888.52096965772, "log10_alpha": 0.8415014236488965, "log10_colsample_bytree": -0.8834191750085211, "log10_eta": -3.6933628691399063, "log10_lambda": -2.2520589768588932, "log10_min_child_weight": 0.8074447614424046, "log10_subsample": -0.8370725649920033, "max_depth": 2.0, "num_boost_round": 22.0}, "datetime": {"datetime": "2024-01-19 00:54:59", "elapsed": 2580.244732, "delta": 0.003094}}
{"target": -17.677133143208877, "params": {"gamma": 888.52096965772, "log10_alpha": 0.8415014236488965, "log10_colsample_bytree": -0.8834191750085211, "log10_eta": -3.6933628691399063, "log10_lambda": -2.2520589768588932, "log10_min_child_weight": 0.8074447614424046, "log10_subsample": -0.8370725649920033, "max_depth": 2.0, "num_boost_round": 23.0}, "datetime": {"datetime": "2024-01-19 00:54:59", "elapsed": 2580.24788, "delta": 0.003148}}
{"target": -17.677132991350238, "params": {"gamma": 888.52096965772, "log10_alpha": 0.8415014236488965, "log10_colsample_bytree": -0.8834191750085211, "log10_eta": -3.6933628691399063, "log10_lambda": -2.2520589768588932, "log10_min_child_weight": 0.8074447614424046, "log10_subsample": -0.8370725649920033, "max_depth": 2.0, "num_boost_round": 24.0}, "datetime": {"datetime": "2024-01-19 00:54:59", "elapsed": 2580.250972, "delta": 0.003092}}
{"target": -17.677123610050153, "params": {"gamma": 888.52096965772, "log10_alpha": 0.8415014236488965, "log10_colsample_bytree": -0.8834191750085211, "log10_eta": -3.6933628691399063, "log10_lambda": -2.2520589768588932, "log10_min_child_weight": 0.8074447614424046, "log10_subsample": -0.8370725649920033, "max_depth": 2.0, "num_boost_round": 25.0}, "datetime": {"datetime": "2024-01-19 00:54:59", "elapsed": 2580.254125, "delta": 0.003153}}
{"target": -17.67712033354395, "params": {"gamma": 888.52096965772, "log10_alpha": 0.8415014236488965, "log10_colsample_bytree": -0.8834191750085211, "log10_eta": -3.6933628691399063, "log10_lambda": -2.2520589768588932, "log10_min_child_weight": 0.8074447614424046, "log10_subsample": -0.8370725649920033, "max_depth": 2.0, "num_boost_round": 26.0}, "datetime": {"datetime": "2024-01-19 00:54:59", "elapsed": 2580.257243, "delta": 0.003118}}
{"target": -17.677232134096126, "params": {"gamma": 890.1785369353593, "log10_alpha": 0.8052706389759878, "log10_colsample_bytree": -0.18844386189204743, "log10_eta": -3.862261712837501, "log10_lambda": -0.12018164595496916, "log10_min_child_weight": 2.0562967030151165, "log10_subsample": -0.9389207933105057, "max_depth": 7.0, "num_boost_round": 0.0}, "datetime": {"datetime": "2024-01-19 00:55:35", "elapsed": 2616.638321, "delta": 36.381078}}
{"target": -17.677226617441278, "params": {"gamma": 890.1785369353593, "log10_alpha": 0.8052706389759878, "log10_colsample_bytree": -0.18844386189204743, "log10_eta": -3.862261712837501, "log10_lambda": -0.12018164595496916, "log10_min_child_weight": 2.0562967030151165, "log10_subsample": -0.9389207933105057, "max_depth": 7.0, "num_boost_round": 1.0}, "datetime": {"datetime": "2024-01-19 00:55:35", "elapsed": 2616.642282, "delta": 0.003961}}
{"target": -17.677218063475628, "params": {"gamma": 890.1785369353593, "log10_alpha": 0.8052706389759878, "log10_colsample_bytree": -0.18844386189204743, "log10_eta": -3.862261712837501, "log10_lambda": -0.12018164595496916, "log10_min_child_weight": 2.0562967030151165, "log10_subsample": -0.9389207933105057, "max_depth": 7.0, "num_boost_round": 2.0}, "datetime": {"datetime": "2024-01-19 00:55:35", "elapsed": 2616.645507, "delta": 0.003225}}
{"target": -17.677209036013178, "params": {"gamma": 890.1785369353593, "log10_alpha": 0.8052706389759878, "log10_colsample_bytree": -0.18844386189204743, "log10_eta": -3.862261712837501, "log10_lambda": -0.12018164595496916, "log10_min_child_weight": 2.0562967030151165, "log10_subsample": -0.9389207933105057, "max_depth": 7.0, "num_boost_round": 3.0}, "datetime": {"datetime": "2024-01-19 00:55:36", "elapsed": 2616.648617, "delta": 0.00311}}
{"target": -17.67720172216717, "params": {"gamma": 890.1785369353593, "log10_alpha": 0.8052706389759878, "log10_colsample_bytree": -0.18844386189204743, "log10_eta": -3.862261712837501, "log10_lambda": -0.12018164595496916, "log10_min_child_weight": 2.0562967030151165, "log10_subsample": -0.9389207933105057, "max_depth": 7.0, "num_boost_round": 4.0}, "datetime": {"datetime": "2024-01-19 00:55:36", "elapsed": 2616.651776, "delta": 0.003159}}
{"target": -17.677194900226592, "params": {"gamma": 890.1785369353593, "log10_alpha": 0.8052706389759878, "log10_colsample_bytree": -0.18844386189204743, "log10_eta": -3.862261712837501, "log10_lambda": -0.12018164595496916, "log10_min_child_weight": 2.0562967030151165, "log10_subsample": -0.9389207933105057, "max_depth": 7.0, "num_boost_round": 5.0}, "datetime": {"datetime": "2024-01-19 00:55:36", "elapsed": 2616.65485, "delta": 0.003074}}
