{"target": -17.67722936451065, "params": {"gamma": 439.33598619265626, "log10_alpha": -1.1677000079230124, "log10_colsample_bytree": -0.09908309313344721, "log10_eta": -3.653418545399502, "log10_lambda": -4.539994633753107, "log10_min_child_weight": 4.795696490817564, "log10_subsample": -0.856788912612173, "max_depth": 8.0, "num_boost_round": 4.0}, "datetime": {"datetime": "2024-01-19 00:53:42", "elapsed": 2514.851751, "delta": 0.003443}}
{"target": -17.677227438104023, "params": {"gamma": 439.33598619265626, "log10_alpha": -1.1677000079230124, "log10_colsample_bytree": -0.09908309313344721, "log10_eta": -3.653418545399502, "log10_lambda": -4.539994633753107, "log10_min_child_weight": 4.795696490817564, "log10_subsample": -0.856788912612173, "max_depth": 8.0, "num_boost_round": 5.0}, "datetime": {"datetime": "2024-01-19 00:53:42", "elapsed": 2514.855232, "delta": 0.003481}}
{"target": -17.677225592149316, "params": {"gamma": 439.33598619265626, "log10_alpha": -1.1677000079230124, "log10_colsample_bytree": -0.09908309313344721, "log10_eta": -3.653418545399502, "log10_lambda": -4.539994633753107, "log10_min_child_weight": 4.795696490817564, "log10_subsample": -0.856788912612173, "max_depth": 8.0, "num_boost_round": 6.0}, "datetime": {"datetime": "2024-01-19 00:53:42", "elapsed": 2514.858555, "delta": 0.003323}}
{"target": -17.677225545272083, "params": {"gamma": 439.33598619265626, "log10_alpha": -1.1677000079230124, "log10_colsample_bytree": -0.09908309313344721, "log10_eta": -3.653418545399502, "log10_lambda": -4.539994633753107, "log10_min_child_weight": 4.795696490817564, "log10_subsample": -0.856788912612173, "max_depth": 8.0, "num_boost_round": 7.0}, "datetime": {"datetime": "2024-01-19 00:53:42", "elapsed": 2514.861972, "delta": 0.003417}}
{"target": -17.677225546636336, "params": {"gamma": 439.33598619265626, "log10_alpha": -1.1677000079230124, "log10_colsample_bytree": -0.09908309313344721, "log10_eta": -3.653418545399502, "log10_lambda": -4.539994633753107, "log10_min_child_weight": 4.795696490817564, "log10_subsample": -0.856788912612173, "max_depth": 8.0, "num_boost_round": 8.0}, "datetime": {"datetime": "2024-01-19 00:53:42", "elapsed": 2514.865339, "delta": 0.003367}}
{"target": -17.677223634165188, "params": {"gamma": 439.33598619265626, "log10_alpha": -1.1677000079230124, "log10_colsample_bytree": -0.09908309313344721, "log10_eta": -3.653418545399502, "log10_lambda": -4.539994633753107, "log10_min_child_weight": 4.795696490817564, "log10_subsample": -0.856788912612173, "max_depth": 8.0, "num_boost_round": 9.0}, "datetime": {"datetime": "2024-01-19 00:53:42", "elapsed": 2514.868729, "delta": 0.00339}}
{"target": -17.67722306182718, "params": {"gamma": 439.33598619265626, "log10_alpha": -1.1677000079230124, "log10_colsample_bytree": -0.09908309313344721, "log10_eta": -3.653418545399502, "log10_lambda": -4.539994633753107, "log10_min_child_weight": 4.795696490817564, "log10_subsample": -0.856788912612173, "max_depth": 8.0, "num_boost_round": 10.0}, "datetime": {"datetime": "2024-01-19 00:53:42", "elapsed": 2514.872137, "delta": 0.003408}}
{"target": -17.836493309545563, "params": {"gamma": 415.2717332061551, "log10_alpha": -3.302286717427914, "log10_colsample_bytree": -0.339803305859789, "log10_eta": -0.21489951122155837, "log10_lambda": -4.476447992404023, "log10_min_child_weight": 1.7941528127023187, "log10_subsample": -0.639890796163165, "max_depth": 6.0, "num_boost_round": 0.0}, "datetime": {"datetime": "2024-01-19 00:54:43", "elapsed": 2576.278963, "delta": 61.406826}}
{"target": -17.911382464307838, "params": {"gamma": 415.2717332061551, "log10_alpha": -3.302286717427914, "log10_colsample_bytree": -0.339803305859789, "log10_eta": -0.21489951122155837, "log10_lambda": -4.476447992404023, "log10_min_child_weight": 1.7941528127023187, "log10_subsample": -0.639890796163165, "max_depth": 6.0, "num_boost_round": 1.0}, "datetime": {"datetime": "2024-01-19 00:54:43", "elapsed": 2576.283038, "delta": 0.004075}}
{"target": -18.109916397696583, "params": {"gamma": 415.2717332061551, "log10_alpha": -3.302286717427914, "log10_colsample_bytree": -0.339803305859789, "log10_eta": -0.21489951122155837, "log10_lambda": -4.476447992404023, "log10_min_child_weight": 1.7941528127023187, "log10_subsample": -0.639890796163165, "max_depth": 6.0, "num_boost_round": 2.0}, "datetime": {"datetime": "2024-01-19 00:54:43", "elapsed": 2576.286524, "delta": 0.003486}}
{"target": -18.152988189601444, "params": {"gamma": 415.2717332061551, "log10_alpha": -3.302286717427914, "log10_colsample_bytree": -0.339803305859789, "log10_eta": -0.21489951122155837, "log10_lambda": -4.476447992404023, "log10_min_child_weight": 1.7941528127023187, "log10_subsample": -0.639890796163165, "max_depth": 6.0, "num_boost_round": 3.0}, "datetime": {"datetime": "2024-01-19 00:54:43", "elapsed": 2576.289916, "delta": 0.003392}}
{"target": -18.18904220407968, "params": {"gamma": 415.2717332061551, "log10_alpha": -3.302286717427914, "log10_colsample_bytree": -0.339803305859789, "log10_eta": -0.21489951122155837, "log10_lambda": -4.476447992404023, "log10_min_child_weight": 1.7941528127023187, "log10_subsample": -0.639890796163165, "max_depth": 6.0, "num_boost_round": 4.0}, "datetime": {"datetime": "2024-01-19 00:54:43", "elapsed": 2576.293396, "delta": 0.00348}}
{"target": -18.337852099267405, "params": {"gamma": 415.2717332061551, "log10_alpha": -3.302286717427914, "log10_colsample_bytree": -0.339803305859789, "log10_eta": -0.21489951122155837, "log10_lambda": -4.476447992404023, "log10_min_child_weight": 1.7941528127023187, "log10_subsample": -0.639890796163165, "max_depth": 6.0, "num_boost_round": 5.0}, "datetime": {"datetime": "2024-01-19 00:54:43", "elapsed": 2576.296817, "delta": 0.003421}}
{"target": -18.37836939410138, "params": {"gamma": 415.2717332061551, "log10_alpha": -3.302286717427914, "log10_colsample_bytree": -0.339803305859789, "log10_eta": -0.21489951122155837, "log10_lambda": -4.476447992404023, "log10_min_child_weight": 1.7941528127023187, "log10_subsample": -0.639890796163165, "max_depth": 6.0, "num_boost_round": 6.0}, "datetime": {"datetime": "2024-01-19 00:54:43", "elapsed": 2576.300197, "delta": 0.00338}}
{"target": -18.472841649304453, "params": {"gamma": 415.2717332061551, "log10_alpha": -3.302286717427914, "log10_colsample_bytree": -0.339803305859789, "log10_eta": -0.21489951122155837, "log10_lambda": -4.476447992404023, "log10_min_child_weight": 1.7941528127023187, "log10_subsample": -0.639890796163165, "max_depth": 6.0, "num_boost_round": 7.0}, "datetime": {"datetime": "2024-01-19 00:54:43", "elapsed": 2576.303714, "delta": 0.003517}}
{"target": -18.527505187972114, "params": {"gamma": 415.2717332061551, "log10_alpha": -3.302286717427914, "log10_colsample_bytree": -0.339803305859789, "log10_eta": -0.21489951122155837, "log10_lambda": -4.476447992404023, "log10_min_child_weight": 1.7941528127023187, "log10_subsample": -0.639890796163165, "max_depth": 6.0, "num_boost_round": 8.0}, "datetime": {"datetime": "2024-01-19 00:54:43", "elapsed": 2576.307254, "delta": 0.00354}}
{"target": -18.573514693298677, "params": {"gamma": 415.2717332061551, "log10_alpha": -3.302286717427914, "log10_colsample_bytree": -0.339803305859789, "log10_eta": -0.21489951122155837, "log10_lambda": -4.476447992404023, "log10_min_child_weight": 1.7941528127023187, "log10_subsample": -0.639890796163165, "max_depth": 6.0, "num_boost_round": 9.0}, "datetime": {"datetime": "2024-01-19 00:54:43", "elapsed": 2576.310716, "delta": 0.003462}}
{"target": -18.613295727973888, "params": {"gamma": 415.2717332061551, "log10_alpha": -3.302286717427914, "log10_colsample_bytree": -0.339803305859789, "log10_eta": -0.21489951122155837, "log10_lambda": -4.476447992404023, "log10_min_child_weight": 1.7941528127023187, "log10_subsample": -0.639890796163165, "max_depth": 6.0, "num_boost_round": 10.0}, "datetime": {"datetime": "2024-01-19 00:54:43", "elapsed": 2576.314114, "delta": 0.003398}}
{"target": -18.69142775537296, "params": {"gamma": 415.2717332061551, "log10_alpha": -3.302286717427914, "log10_colsample_bytree": -0.339803305859789, "log10_eta": -0.21489951122155837, "log10_lambda": -4.476447992404023, "log10_min_child_weight": 1.7941528127023187, "log10_subsample": -0.639890796163165, "max_depth": 6.0, "num_boost_round": 11.0}, "datetime": {"datetime": "2024-01-19 00:54:43", "elapsed": 2576.317492, "delta": 0.003378}}
{"target": -18.72715268727254, "params": {"gamma": 415.2717332061551, "log10_alpha": -3.302286717427914, "log10_colsample_bytree": -0.339803305859789, "log10_eta": -0.21489951122155837, "log10_lambda": -4.476447992404023, "log10_min_child_weight": 1.7941528127023187, "log10_subsample": -0.639890796163165, "max_depth": 6.0, "num_boost_round": 12.0}, "datetime": {"datetime": "2024-01-19 00:54:43", "elapsed": 2576.320979, "delta": 0.003487}}
{"target": -18.800569996564533, "params": {"gamma": 415.2717332061551, "log10_alpha": -3.302286717427914, "log10_colsample_bytree": -0.339803305859789, "log10_eta": -0.21489951122155837, "log10_lambda": -4.476447992404023, "log10_min_child_weight": 1.7941528127023187, "log10_subsample": -0.639890796163165, "max_depth": 6.0, "num_boost_round": 13.0}, "datetime": {"datetime": "2024-01-19 00:54:43", "elapsed": 2576.324358, "delta": 0.003379}}
{"target": -18.916433305598623, "params": {"gamma": 415.2717332061551, "log10_alpha": -3.302286717427914, "log10_colsample_bytree": -0.339803305859789, "log10_eta": -0.21489951122155837, "log10_lambda": -4.476447992404023, "log10_min_child_weight": 1.7941528127023187, "log10_subsample": -0.639890796163165, "max_depth": 6.0, "num_boost_round": 14.0}, "datetime": {"datetime": "2024-01-19 00:54:43", "elapsed": 2576.32784, "delta": 0.003482}}
{"target": -19.00635026208477, "params": {"gamma": 415.2717332061551, "log10_alpha": -3.302286717427914, "log10_colsample_bytree": -0.339803305859789, "log10_eta": -0.21489951122155837, "log10_lambda": -4.476447992404023, "log10_min_child_weight": 1.7941528127023187, "log10_subsample": -0.639890796163165, "max_depth": 6.0, "num_boost_round": 15.0}, "datetime": {"datetime": "2024-01-19 00:54:43", "elapsed": 2576.331357, "delta": 0.003517}}
{"target": -19.05959860723472, "params": {"gamma": 415.2717332061551, "log10_alpha": -3.302286717427914, "log10_colsample_bytree": -0.339803305859789, "log10_eta": -0.21489951122155837, "log10_lambda": -4.476447992404023, "log10_min_child_weight": 1.7941528127023187, "log10_subsample": -0.639890796163165, "max_depth": 6.0, "num_boost_round": 16.0}, "datetime": {"datetime": "2024-01-19 00:54:43", "elapsed": 2576.334689, "delta": 0.003332}}
{"target": -19.101094091254538, "params": {"gamma": 415.2717332061551, "log10_alpha": -3.302286717427914, "log10_colsample_bytree": -0.339803305859789, "log10_eta": -0.21489951122155837, "log10_lambda": -4.476447992404023, "log10_min_child_weight": 1.7941528127023187, "log10_subsample": -0.639890796163165, "max_depth": 6.0, "num_boost_round": 17.0}, "datetime": {"datetime": "2024-01-19 00:54:43", "elapsed": 2576.33802, "delta": 0.003331}}
{"target": -19.12693833739839, "params": {"gamma": 415.2717332061551, "log10_alpha": -3.302286717427914, "log10_colsample_bytree": -0.339803305859789, "log10_eta": -0.21489951122155837, "log10_lambda": -4.476447992404023, "log10_min_child_weight": 1.7941528127023187, "log10_subsample": -0.639890796163165, "max_depth": 6.0, "num_boost_round": 18.0}, "datetime": {"datetime": "2024-01-19 00:54:43", "elapsed": 2576.341525, "delta": 0.003505}}
{"target": -19.138415603439004, "params": {"gamma": 415.2717332061551, "log10_alpha": -3.302286717427914, "log10_colsample_bytree": -0.339803305859789, "log10_eta": -0.21489951122155837, "log10_lambda": -4.476447992404023, "log10_min_child_weight": 1.7941528127023187, "log10_subsample": -0.639890796163165, "max_depth": 6.0, "num_boost_round": 19.0}, "datetime": {"datetime": "2024-01-19 00:54:43", "elapsed": 2576.344852, "delta": 0.003327}}
{"target": -19.162448939113695, "params": {"gamma": 415.2717332061551, "log10_alpha": -3.302286717427914, "log10_colsample_bytree": -0.339803305859789, "log10_eta": -0.21489951122155837, "log10_lambda": -4.476447992404023, "log10_min_child_weight": 1.7941528127023187, "log10_subsample": -0.639890796163165, "max_depth": 6.0, "num_boost_round": 20.0}, "datetime": {"datetime": "2024-01-19 00:54:43", "elapsed": 2576.348277, "delta": 0.003425}}
{"target": -19.19800091595567, "params": {"gamma": 415.2717332061551, "log10_alpha": -3.302286717427914, "log10_colsample_bytree": -0.339803305859789, "log10_eta": -0.21489951122155837, "log10_lambda": -4.476447992404023, "log10_min_child_weight": 1.7941528127023187, "log10_subsample": -0.639890796163165, "max_depth": 6.0, "num_boost_round": 21.0}, "datetime": {"datetime": "2024-01-19 00:54:43", "elapsed": 2576.351777, "delta": 0.0035}}
{"target": -19.22711268263329, "params": {"gamma": 415.2717332061551, "log10_alpha": -3.302286717427914, "log10_colsample_bytree": -0.339803305859789, "log10_eta": -0.21489951122155837, "log10_lambda": -4.476447992404023, "log10_min_child_weight": 1.7941528127023187, "log10_subsample": -0.639890796163165, "max_depth": 6.0, "num_boost_round": 22.0}, "datetime": {"datetime": "2024-01-19 00:54:43", "elapsed": 2576.35529, "delta": 0.003513}}
{"target": -19.25244893069577, "params": {"gamma": 415.2717332061551, "log10_alpha": -3.302286717427914, "log10_colsample_bytree": -0.339803305859789, "log10_eta": -0.21489951122155837, "log10_lambda": -4.476447992404023, "log10_min_child_weight": 1.7941528127023187, "log10_subsample": -0.639890796163165, "max_depth": 6.0, "num_boost_round": 23.0}, "datetime": {"datetime": "2024-01-19 00:54:43", "elapsed": 2576.358636, "delta": 0.003346}}
{"target": -19.2903896406234, "params": {"gamma": 415.2717332061551, "log10_alpha": -3.302286717427914, "log10_colsample_bytree": -0.339803305859789, "log10_eta": -0.21489951122155837, "log10_lambda": -4.476447992404023, "log10_min_child_weight": 1.7941528127023187, "log10_subsample": -0.639890796163165, "max_depth": 6.0, "num_boost_round": 24.0}, "datetime": {"datetime": "2024-01-19 00:54:43", "elapsed": 2576.362095, "delta": 0.003459}}
{"target": -19.304992725116435, "params": {"gamma": 415.2717332061551, "log10_alpha": -3.302286717427914, "log10_colsample_bytree": -0.339803305859789, "log10_eta": -0.21489951122155837, "log10_lambda": -4.476447992404023, "log10_min_child_weight": 1.7941528127023187, "log10_subsample": -0.639890796163165, "max_depth": 6.0, "num_boost_round": 25.0}, "datetime": {"datetime": "2024-01-19 00:54:43", "elapsed": 2576.365473, "delta": 0.003378}}
{"target": -19.32504973507934, "params": {"gamma": 415.2717332061551, "log10_alpha": -3.302286717427914, "log10_colsample_bytree": -0.339803305859789, "log10_eta": -0.21489951122155837, "log10_lambda": -4.476447992404023, "log10_min_child_weight": 1.7941528127023187, "log10_subsample": -0.639890796163165, "max_depth": 6.0, "num_boost_round": 26.0}, "datetime": {"datetime": "2024-01-19 00:54:43", "elapsed": 2576.368919, "delta": 0.003446}}
{"target": -19.330938114211303, "params": {"gamma": 415.2717332061551, "log10_alpha": -3.302286717427914, "log10_colsample_bytree": -0.339803305859789, "log10_eta": -0.21489951122155837, "log10_lambda": -4.476447992404023, "log10_min_child_weight": 1.7941528127023187, "log10_subsample": -0.639890796163165, "max_depth": 6.0, "num_boost_round": 27.0}, "datetime": {"datetime": "2024-01-19 00:54:43", "elapsed": 2576.372352, "delta": 0.003433}}
{"target": -19.371813026000282, "params": {"gamma": 415.2717332061551, "log10_alpha": -3.302286717427914, "log10_colsample_bytree": -0.339803305859789, "log10_eta": -0.21489951122155837, "log10_lambda": -4.476447992404023, "log10_min_child_weight": 1.7941528127023187, "log10_subsample": -0.639890796163165, "max_depth": 6.0, "num_boost_round": 28.0}, "datetime": {"datetime": "2024-01-19 00:54:43", "elapsed": 2576.375734, "delta": 0.003382}}
{"target": -19.386654391056872, "params": {"gamma": 415.2717332061551, "log10_alpha": -3.302286717427914, "log10_colsample_bytree": -0.339803305859789, "log10_eta": -0.21489951122155837, "log10_lambda": -4.476447992404023, "log10_min_child_weight": 1.7941528127023187, "log10_subsample": -0.639890796163165, "max_depth": 6.0, "num_boost_round": 29.0}, "datetime": {"datetime": "2024-01-19 00:54:43", "elapsed": 2576.379082, "delta": 0.003348}}
{"target": -19.402808707611776, "params": {"gamma": 415.2717332061551, "log10_alpha": -3.302286717427914, "log10_colsample_bytree": -0.339803305859789, "log10_eta": -0.21489951122155837, "log10_lambda": -4.476447992404023, "log10_min_child_weight": 1.7941528127023187, "log10_subsample": -0.639890796163165, "max_depth": 6.0, "num_boost_round": 30.0}, "datetime": {"datetime": "2024-01-19 00:54:43", "elapsed": 2576.382515, "delta": 0.003433}}
{"target": -19.43904785013904, "params": {"gamma": 415.2717332061551, "log10_alpha": -3.302286717427914, "log10_colsample_bytree": -0.339803305859789, "log10_eta": -0.21489951122155837, "log10_lambda": -4.476447992404023, "log10_min_child_weight": 1.7941528127023187, "log10_subsample": -0.639890796163165, "max_depth": 6.0, "num_boost_round": 31.0}, "datetime": {"datetime": "2024-01-19 00:54:43", "elapsed": 2576.385995, "delta": 0.00348}}
{"target": -19.46039751111816, "params": {"gamma": 415.2717332061551, "log10_alpha": -3.302286717427914, "log10_colsample_bytree": -0.339803305859789, "log10_eta": -0.21489951122155837, "log10_lambda": -4.476447992404023, "log10_min_child_weight": 1.7941528127023187, "log10_subsample": -0.639890796163165, "max_depth": 6.0, "num_boost_round": 32.0}, "datetime": {"datetime": "2024-01-19 00:54:43", "elapsed": 2576.38951, "delta": 0.003515}}
{"target": -19.47832334567114, "params": {"gamma": 415.2717332061551, "log10_alpha": -3.302286717427914, "log10_colsample_bytree": -0.339803305859789, "log10_eta": -0.21489951122155837, "log10_lambda": -4.476447992404023, "log10_min_child_weight": 1.7941528127023187, "log10_subsample": -0.639890796163165, "max_depth": 6.0, "num_boost_round": 33.0}, "datetime": {"datetime": "2024-01-19 00:54:43", "elapsed": 2576.392958, "delta": 0.003448}}
{"target": -19.497227080811033, "params": {"gamma": 415.2717332061551, "log10_alpha": -3.302286717427914, "log10_colsample_bytree": -0.339803305859789, "log10_eta": -0.21489951122155837, "log10_lambda": -4.476447992404023, "log10_min_child_weight": 1.7941528127023187, "log10_subsample": -0.639890796163165, "max_depth": 6.0, "num_boost_round": 34.0}, "datetime": {"datetime": "2024-01-19 00:54:43", "elapsed": 2576.396336, "delta": 0.003378}}
{"target": -19.498558219332505, "params": {"gamma": 415.2717332061551, "log10_alpha": -3.302286717427914, "log10_colsample_bytree": -0.339803305859789, "log10_eta": -0.21489951122155837, "log10_lambda": -4.476447992404023, "log10_min_child_weight": 1.7941528127023187, "log10_subsample": -0.639890796163165, "max_depth": 6.0, "num_boost_round": 35.0}, "datetime": {"datetime": "2024-01-19 00:54:43", "elapsed": 2576.39969, "delta": 0.003354}}
{"target": -19.52365844732371, "params": {"gamma": 415.2717332061551, "log10_alpha": -3.302286717427914, "log10_colsample_bytree": -0.339803305859789, "log10_eta": -0.21489951122155837, "log10_lambda": -4.476447992404023, "log10_min_child_weight": 1.7941528127023187, "log10_subsample": -0.639890796163165, "max_depth": 6.0, "num_boost_round": 36.0}, "datetime": {"datetime": "2024-01-19 00:54:43", "elapsed": 2576.403203, "delta": 0.003513}}
{"target": -19.544420008759822, "params": {"gamma": 415.2717332061551, "log10_alpha": -3.302286717427914, "log10_colsample_bytree": -0.339803305859789, "log10_eta": -0.21489951122155837, "log10_lambda": -4.476447992404023, "log10_min_child_weight": 1.7941528127023187, "log10_subsample": -0.639890796163165, "max_depth": 6.0, "num_boost_round": 37.0}, "datetime": {"datetime": "2024-01-19 00:54:43", "elapsed": 2576.406774, "delta": 0.003571}}
{"target": -19.565266886599236, "params": {"gamma": 415.2717332061551, "log10_alpha": -3.302286717427914, "log10_colsample_bytree": -0.339803305859789, "log10_eta": -0.21489951122155837, "log10_lambda": -4.476447992404023, "log10_min_child_weight": 1.7941528127023187, "log10_subsample": -0.639890796163165, "max_depth": 6.0, "num_boost_round": 38.0}, "datetime": {"datetime": "2024-01-19 00:54:43", "elapsed": 2576.410263, "delta": 0.003489}}
{"target": -19.595825865808525, "params": {"gamma": 415.2717332061551, "log10_alpha": -3.302286717427914, "log10_colsample_bytree": -0.339803305859789, "log10_eta": -0.21489951122155837, "log10_lambda": -4.476447992404023, "log10_min_child_weight": 1.7941528127023187, "log10_subsample": -0.639890796163165, "max_depth": 6.0, "num_boost_round": 39.0}, "datetime": {"datetime": "2024-01-19 00:54:43", "elapsed": 2576.413696, "delta": 0.003433}}
{"target": -17.67722727373344, "params": {"gamma": 423.1806955430336, "log10_alpha": -4.781631150808209, "log10_colsample_bytree": -0.35253414115320014, "log10_eta": -3.5042178475683285, "log10_lambda": -2.115707442880633, "log10_min_child_weight": 2.896128652912484, "log10_subsample": -0.7515995850888973, "max_depth": 2.0, "num_boost_round": 0.0}, "datetime": {"datetime": "2024-01-19 00:55:33", "elapsed": 2625.847473, "delta": 49.433777}}
{"target": -17.677222137237248, "params": {"gamma": 423.1806955430336, "log10_alpha": -4.781631150808209, "log10_colsample_bytree": -0.35253414115320014, "log10_eta": -3.5042178475683285, "log10_lambda": -2.115707442880633, "log10_min_child_weight": 2.896128652912484, "log10_subsample": -0.7515995850888973, "max_depth": 2.0, "num_boost_round": 1.0}, "datetime": {"datetime": "2024-01-19 00:55:33", "elapsed": 2625.851434, "delta": 0.003961}}
