{"target": -17.673298705745093, "params": {"gamma": 101.564354210406, "log10_alpha": 0.6743480518969136, "log10_colsample_bytree": -0.16353565682819216, "log10_eta": -1.2673435827094197, "log10_lambda": -1.5598071766885564, "log10_min_child_weight": 1.6386448464244452, "log10_subsample": -0.734198999530315, "max_depth": 2.0, "num_boost_round": 20.0}, "datetime": {"datetime": "2024-01-19 02:00:40", "elapsed": 6547.61223, "delta": 0.006889}}
{"target": -17.674053640557478, "params": {"gamma": 101.564354210406, "log10_alpha": 0.6743480518969136, "log10_colsample_bytree": -0.16353565682819216, "log10_eta": -1.2673435827094197, "log10_lambda": -1.5598071766885564, "log10_min_child_weight": 1.6386448464244452, "log10_subsample": -0.734198999530315, "max_depth": 2.0, "num_boost_round": 21.0}, "datetime": {"datetime": "2024-01-19 02:00:40", "elapsed": 6547.61913, "delta": 0.0069}}
{"target": -17.673465560718977, "params": {"gamma": 101.564354210406, "log10_alpha": 0.6743480518969136, "log10_colsample_bytree": -0.16353565682819216, "log10_eta": -1.2673435827094197, "log10_lambda": -1.5598071766885564, "log10_min_child_weight": 1.6386448464244452, "log10_subsample": -0.734198999530315, "max_depth": 2.0, "num_boost_round": 22.0}, "datetime": {"datetime": "2024-01-19 02:00:40", "elapsed": 6547.626112, "delta": 0.006982}}
{"target": -17.672732587821653, "params": {"gamma": 101.564354210406, "log10_alpha": 0.6743480518969136, "log10_colsample_bytree": -0.16353565682819216, "log10_eta": -1.2673435827094197, "log10_lambda": -1.5598071766885564, "log10_min_child_weight": 1.6386448464244452, "log10_subsample": -0.734198999530315, "max_depth": 2.0, "num_boost_round": 23.0}, "datetime": {"datetime": "2024-01-19 02:00:40", "elapsed": 6547.633061, "delta": 0.006949}}
{"target": -17.67330045748827, "params": {"gamma": 101.564354210406, "log10_alpha": 0.6743480518969136, "log10_colsample_bytree": -0.16353565682819216, "log10_eta": -1.2673435827094197, "log10_lambda": -1.5598071766885564, "log10_min_child_weight": 1.6386448464244452, "log10_subsample": -0.734198999530315, "max_depth": 2.0, "num_boost_round": 24.0}, "datetime": {"datetime": "2024-01-19 02:00:40", "elapsed": 6547.639969, "delta": 0.006908}}
{"target": -17.67341529310961, "params": {"gamma": 101.564354210406, "log10_alpha": 0.6743480518969136, "log10_colsample_bytree": -0.16353565682819216, "log10_eta": -1.2673435827094197, "log10_lambda": -1.5598071766885564, "log10_min_child_weight": 1.6386448464244452, "log10_subsample": -0.734198999530315, "max_depth": 2.0, "num_boost_round": 25.0}, "datetime": {"datetime": "2024-01-19 02:00:40", "elapsed": 6547.646883, "delta": 0.006914}}
{"target": -17.67355814740227, "params": {"gamma": 101.564354210406, "log10_alpha": 0.6743480518969136, "log10_colsample_bytree": -0.16353565682819216, "log10_eta": -1.2673435827094197, "log10_lambda": -1.5598071766885564, "log10_min_child_weight": 1.6386448464244452, "log10_subsample": -0.734198999530315, "max_depth": 2.0, "num_boost_round": 26.0}, "datetime": {"datetime": "2024-01-19 02:00:40", "elapsed": 6547.65387, "delta": 0.006987}}
{"target": -17.673517007940223, "params": {"gamma": 101.564354210406, "log10_alpha": 0.6743480518969136, "log10_colsample_bytree": -0.16353565682819216, "log10_eta": -1.2673435827094197, "log10_lambda": -1.5598071766885564, "log10_min_child_weight": 1.6386448464244452, "log10_subsample": -0.734198999530315, "max_depth": 2.0, "num_boost_round": 27.0}, "datetime": {"datetime": "2024-01-19 02:00:40", "elapsed": 6547.660881, "delta": 0.007011}}
{"target": -17.673712705165237, "params": {"gamma": 101.564354210406, "log10_alpha": 0.6743480518969136, "log10_colsample_bytree": -0.16353565682819216, "log10_eta": -1.2673435827094197, "log10_lambda": -1.5598071766885564, "log10_min_child_weight": 1.6386448464244452, "log10_subsample": -0.734198999530315, "max_depth": 2.0, "num_boost_round": 28.0}, "datetime": {"datetime": "2024-01-19 02:00:40", "elapsed": 6547.667754, "delta": 0.006873}}
{"target": -17.671791301869828, "params": {"gamma": 101.564354210406, "log10_alpha": 0.6743480518969136, "log10_colsample_bytree": -0.16353565682819216, "log10_eta": -1.2673435827094197, "log10_lambda": -1.5598071766885564, "log10_min_child_weight": 1.6386448464244452, "log10_subsample": -0.734198999530315, "max_depth": 2.0, "num_boost_round": 29.0}, "datetime": {"datetime": "2024-01-19 02:00:40", "elapsed": 6547.676261, "delta": 0.008507}}
{"target": -17.67226564482932, "params": {"gamma": 101.564354210406, "log10_alpha": 0.6743480518969136, "log10_colsample_bytree": -0.16353565682819216, "log10_eta": -1.2673435827094197, "log10_lambda": -1.5598071766885564, "log10_min_child_weight": 1.6386448464244452, "log10_subsample": -0.734198999530315, "max_depth": 2.0, "num_boost_round": 30.0}, "datetime": {"datetime": "2024-01-19 02:00:40", "elapsed": 6547.684389, "delta": 0.008128}}
{"target": -17.672826085268195, "params": {"gamma": 101.564354210406, "log10_alpha": 0.6743480518969136, "log10_colsample_bytree": -0.16353565682819216, "log10_eta": -1.2673435827094197, "log10_lambda": -1.5598071766885564, "log10_min_child_weight": 1.6386448464244452, "log10_subsample": -0.734198999530315, "max_depth": 2.0, "num_boost_round": 31.0}, "datetime": {"datetime": "2024-01-19 02:00:40", "elapsed": 6547.6915, "delta": 0.007111}}
{"target": -17.675751371120693, "params": {"gamma": 101.564354210406, "log10_alpha": 0.6743480518969136, "log10_colsample_bytree": -0.16353565682819216, "log10_eta": -1.2673435827094197, "log10_lambda": -1.5598071766885564, "log10_min_child_weight": 1.6386448464244452, "log10_subsample": -0.734198999530315, "max_depth": 2.0, "num_boost_round": 32.0}, "datetime": {"datetime": "2024-01-19 02:00:40", "elapsed": 6547.698432, "delta": 0.006932}}
{"target": -17.674594458858223, "params": {"gamma": 101.564354210406, "log10_alpha": 0.6743480518969136, "log10_colsample_bytree": -0.16353565682819216, "log10_eta": -1.2673435827094197, "log10_lambda": -1.5598071766885564, "log10_min_child_weight": 1.6386448464244452, "log10_subsample": -0.734198999530315, "max_depth": 2.0, "num_boost_round": 33.0}, "datetime": {"datetime": "2024-01-19 02:00:40", "elapsed": 6547.705393, "delta": 0.006961}}
{"target": -17.674427067202036, "params": {"gamma": 101.564354210406, "log10_alpha": 0.6743480518969136, "log10_colsample_bytree": -0.16353565682819216, "log10_eta": -1.2673435827094197, "log10_lambda": -1.5598071766885564, "log10_min_child_weight": 1.6386448464244452, "log10_subsample": -0.734198999530315, "max_depth": 2.0, "num_boost_round": 34.0}, "datetime": {"datetime": "2024-01-19 02:00:40", "elapsed": 6547.712424, "delta": 0.007031}}
{"target": -17.673256898795803, "params": {"gamma": 101.564354210406, "log10_alpha": 0.6743480518969136, "log10_colsample_bytree": -0.16353565682819216, "log10_eta": -1.2673435827094197, "log10_lambda": -1.5598071766885564, "log10_min_child_weight": 1.6386448464244452, "log10_subsample": -0.734198999530315, "max_depth": 2.0, "num_boost_round": 35.0}, "datetime": {"datetime": "2024-01-19 02:00:40", "elapsed": 6547.719391, "delta": 0.006967}}
{"target": -17.674233049339403, "params": {"gamma": 101.564354210406, "log10_alpha": 0.6743480518969136, "log10_colsample_bytree": -0.16353565682819216, "log10_eta": -1.2673435827094197, "log10_lambda": -1.5598071766885564, "log10_min_child_weight": 1.6386448464244452, "log10_subsample": -0.734198999530315, "max_depth": 2.0, "num_boost_round": 36.0}, "datetime": {"datetime": "2024-01-19 02:00:40", "elapsed": 6547.726394, "delta": 0.007003}}
{"target": -17.674733622821762, "params": {"gamma": 101.564354210406, "log10_alpha": 0.6743480518969136, "log10_colsample_bytree": -0.16353565682819216, "log10_eta": -1.2673435827094197, "log10_lambda": -1.5598071766885564, "log10_min_child_weight": 1.6386448464244452, "log10_subsample": -0.734198999530315, "max_depth": 2.0, "num_boost_round": 37.0}, "datetime": {"datetime": "2024-01-19 02:00:40", "elapsed": 6547.733539, "delta": 0.007145}}
{"target": -17.675221652399845, "params": {"gamma": 101.564354210406, "log10_alpha": 0.6743480518969136, "log10_colsample_bytree": -0.16353565682819216, "log10_eta": -1.2673435827094197, "log10_lambda": -1.5598071766885564, "log10_min_child_weight": 1.6386448464244452, "log10_subsample": -0.734198999530315, "max_depth": 2.0, "num_boost_round": 38.0}, "datetime": {"datetime": "2024-01-19 02:00:40", "elapsed": 6547.740611, "delta": 0.007072}}
{"target": -17.67599380069178, "params": {"gamma": 101.564354210406, "log10_alpha": 0.6743480518969136, "log10_colsample_bytree": -0.16353565682819216, "log10_eta": -1.2673435827094197, "log10_lambda": -1.5598071766885564, "log10_min_child_weight": 1.6386448464244452, "log10_subsample": -0.734198999530315, "max_depth": 2.0, "num_boost_round": 39.0}, "datetime": {"datetime": "2024-01-19 02:00:40", "elapsed": 6547.747773, "delta": 0.007162}}
{"target": -17.676362710723758, "params": {"gamma": 101.564354210406, "log10_alpha": 0.6743480518969136, "log10_colsample_bytree": -0.16353565682819216, "log10_eta": -1.2673435827094197, "log10_lambda": -1.5598071766885564, "log10_min_child_weight": 1.6386448464244452, "log10_subsample": -0.734198999530315, "max_depth": 2.0, "num_boost_round": 40.0}, "datetime": {"datetime": "2024-01-19 02:00:40", "elapsed": 6547.754861, "delta": 0.007088}}
{"target": -17.67523880743028, "params": {"gamma": 101.564354210406, "log10_alpha": 0.6743480518969136, "log10_colsample_bytree": -0.16353565682819216, "log10_eta": -1.2673435827094197, "log10_lambda": -1.5598071766885564, "log10_min_child_weight": 1.6386448464244452, "log10_subsample": -0.734198999530315, "max_depth": 2.0, "num_boost_round": 41.0}, "datetime": {"datetime": "2024-01-19 02:00:40", "elapsed": 6547.761878, "delta": 0.007017}}
{"target": -17.675395024789456, "params": {"gamma": 101.564354210406, "log10_alpha": 0.6743480518969136, "log10_colsample_bytree": -0.16353565682819216, "log10_eta": -1.2673435827094197, "log10_lambda": -1.5598071766885564, "log10_min_child_weight": 1.6386448464244452, "log10_subsample": -0.734198999530315, "max_depth": 2.0, "num_boost_round": 42.0}, "datetime": {"datetime": "2024-01-19 02:00:40", "elapsed": 6547.769915, "delta": 0.008037}}
{"target": -17.675764751656125, "params": {"gamma": 101.564354210406, "log10_alpha": 0.6743480518969136, "log10_colsample_bytree": -0.16353565682819216, "log10_eta": -1.2673435827094197, "log10_lambda": -1.5598071766885564, "log10_min_child_weight": 1.6386448464244452, "log10_subsample": -0.734198999530315, "max_depth": 2.0, "num_boost_round": 43.0}, "datetime": {"datetime": "2024-01-19 02:00:40", "elapsed": 6547.77717, "delta": 0.007255}}
{"target": -17.676180513248305, "params": {"gamma": 101.564354210406, "log10_alpha": 0.6743480518969136, "log10_colsample_bytree": -0.16353565682819216, "log10_eta": -1.2673435827094197, "log10_lambda": -1.5598071766885564, "log10_min_child_weight": 1.6386448464244452, "log10_subsample": -0.734198999530315, "max_depth": 2.0, "num_boost_round": 44.0}, "datetime": {"datetime": "2024-01-19 02:00:40", "elapsed": 6547.784187, "delta": 0.007017}}
{"target": -17.67754305175263, "params": {"gamma": 101.564354210406, "log10_alpha": 0.6743480518969136, "log10_colsample_bytree": -0.16353565682819216, "log10_eta": -1.2673435827094197, "log10_lambda": -1.5598071766885564, "log10_min_child_weight": 1.6386448464244452, "log10_subsample": -0.734198999530315, "max_depth": 2.0, "num_boost_round": 45.0}, "datetime": {"datetime": "2024-01-19 02:00:40", "elapsed": 6547.791185, "delta": 0.006998}}
{"target": -17.681119294366667, "params": {"gamma": 101.564354210406, "log10_alpha": 0.6743480518969136, "log10_colsample_bytree": -0.16353565682819216, "log10_eta": -1.2673435827094197, "log10_lambda": -1.5598071766885564, "log10_min_child_weight": 1.6386448464244452, "log10_subsample": -0.734198999530315, "max_depth": 2.0, "num_boost_round": 46.0}, "datetime": {"datetime": "2024-01-19 02:00:40", "elapsed": 6547.798114, "delta": 0.006929}}
{"target": -17.683252913823434, "params": {"gamma": 101.564354210406, "log10_alpha": 0.6743480518969136, "log10_colsample_bytree": -0.16353565682819216, "log10_eta": -1.2673435827094197, "log10_lambda": -1.5598071766885564, "log10_min_child_weight": 1.6386448464244452, "log10_subsample": -0.734198999530315, "max_depth": 2.0, "num_boost_round": 47.0}, "datetime": {"datetime": "2024-01-19 02:00:40", "elapsed": 6547.804992, "delta": 0.006878}}
{"target": -17.67722865533153, "params": {"gamma": 59.38585160534484, "log10_alpha": -0.6298245480886703, "log10_colsample_bytree": -0.2598866695605681, "log10_eta": -4.0, "log10_lambda": -0.9194172980019266, "log10_min_child_weight": 1.5280021846330136, "log10_subsample": -1.0, "max_depth": 3.0, "num_boost_round": 0.0}, "datetime": {"datetime": "2024-01-19 02:02:20", "elapsed": 6647.55486, "delta": 99.749868}}
{"target": -17.677222569304323, "params": {"gamma": 59.38585160534484, "log10_alpha": -0.6298245480886703, "log10_colsample_bytree": -0.2598866695605681, "log10_eta": -4.0, "log10_lambda": -0.9194172980019266, "log10_min_child_weight": 1.5280021846330136, "log10_subsample": -1.0, "max_depth": 3.0, "num_boost_round": 1.0}, "datetime": {"datetime": "2024-01-19 02:02:20", "elapsed": 6647.562745, "delta": 0.007885}}
{"target": -17.677217362472142, "params": {"gamma": 59.38585160534484, "log10_alpha": -0.6298245480886703, "log10_colsample_bytree": -0.2598866695605681, "log10_eta": -4.0, "log10_lambda": -0.9194172980019266, "log10_min_child_weight": 1.5280021846330136, "log10_subsample": -1.0, "max_depth": 3.0, "num_boost_round": 2.0}, "datetime": {"datetime": "2024-01-19 02:02:20", "elapsed": 6647.569972, "delta": 0.007227}}
{"target": -17.677217424848052, "params": {"gamma": 59.38585160534484, "log10_alpha": -0.6298245480886703, "log10_colsample_bytree": -0.2598866695605681, "log10_eta": -4.0, "log10_lambda": -0.9194172980019266, "log10_min_child_weight": 1.5280021846330136, "log10_subsample": -1.0, "max_depth": 3.0, "num_boost_round": 3.0}, "datetime": {"datetime": "2024-01-19 02:02:20", "elapsed": 6647.577153, "delta": 0.007181}}
{"target": -17.67721525574624, "params": {"gamma": 59.38585160534484, "log10_alpha": -0.6298245480886703, "log10_colsample_bytree": -0.2598866695605681, "log10_eta": -4.0, "log10_lambda": -0.9194172980019266, "log10_min_child_weight": 1.5280021846330136, "log10_subsample": -1.0, "max_depth": 3.0, "num_boost_round": 4.0}, "datetime": {"datetime": "2024-01-19 02:02:20", "elapsed": 6647.584111, "delta": 0.006958}}
{"target": -17.67721386624222, "params": {"gamma": 59.38585160534484, "log10_alpha": -0.6298245480886703, "log10_colsample_bytree": -0.2598866695605681, "log10_eta": -4.0, "log10_lambda": -0.9194172980019266, "log10_min_child_weight": 1.5280021846330136, "log10_subsample": -1.0, "max_depth": 3.0, "num_boost_round": 5.0}, "datetime": {"datetime": "2024-01-19 02:02:20", "elapsed": 6647.591146, "delta": 0.007035}}
{"target": -17.677210571952088, "params": {"gamma": 59.38585160534484, "log10_alpha": -0.6298245480886703, "log10_colsample_bytree": -0.2598866695605681, "log10_eta": -4.0, "log10_lambda": -0.9194172980019266, "log10_min_child_weight": 1.5280021846330136, "log10_subsample": -1.0, "max_depth": 3.0, "num_boost_round": 6.0}, "datetime": {"datetime": "2024-01-19 02:02:20", "elapsed": 6647.597616, "delta": 0.00647}}
{"target": -17.67720829934569, "params": {"gamma": 59.38585160534484, "log10_alpha": -0.6298245480886703, "log10_colsample_bytree": -0.2598866695605681, "log10_eta": -4.0, "log10_lambda": -0.9194172980019266, "log10_min_child_weight": 1.5280021846330136, "log10_subsample": -1.0, "max_depth": 3.0, "num_boost_round": 7.0}, "datetime": {"datetime": "2024-01-19 02:02:20", "elapsed": 6647.60431, "delta": 0.006694}}
{"target": -17.67720347919501, "params": {"gamma": 59.38585160534484, "log10_alpha": -0.6298245480886703, "log10_colsample_bytree": -0.2598866695605681, "log10_eta": -4.0, "log10_lambda": -0.9194172980019266, "log10_min_child_weight": 1.5280021846330136, "log10_subsample": -1.0, "max_depth": 3.0, "num_boost_round": 8.0}, "datetime": {"datetime": "2024-01-19 02:02:20", "elapsed": 6647.611235, "delta": 0.006925}}
{"target": -17.67719988275503, "params": {"gamma": 59.38585160534484, "log10_alpha": -0.6298245480886703, "log10_colsample_bytree": -0.2598866695605681, "log10_eta": -4.0, "log10_lambda": -0.9194172980019266, "log10_min_child_weight": 1.5280021846330136, "log10_subsample": -1.0, "max_depth": 3.0, "num_boost_round": 9.0}, "datetime": {"datetime": "2024-01-19 02:02:20", "elapsed": 6647.618138, "delta": 0.006903}}
{"target": -17.677198852223015, "params": {"gamma": 59.38585160534484, "log10_alpha": -0.6298245480886703, "log10_colsample_bytree": -0.2598866695605681, "log10_eta": -4.0, "log10_lambda": -0.9194172980019266, "log10_min_child_weight": 1.5280021846330136, "log10_subsample": -1.0, "max_depth": 3.0, "num_boost_round": 10.0}, "datetime": {"datetime": "2024-01-19 02:02:20", "elapsed": 6647.625222, "delta": 0.007084}}
{"target": -17.67719755527965, "params": {"gamma": 59.38585160534484, "log10_alpha": -0.6298245480886703, "log10_colsample_bytree": -0.2598866695605681, "log10_eta": -4.0, "log10_lambda": -0.9194172980019266, "log10_min_child_weight": 1.5280021846330136, "log10_subsample": -1.0, "max_depth": 3.0, "num_boost_round": 11.0}, "datetime": {"datetime": "2024-01-19 02:02:20", "elapsed": 6647.632481, "delta": 0.007259}}
{"target": -17.67719468271268, "params": {"gamma": 59.38585160534484, "log10_alpha": -0.6298245480886703, "log10_colsample_bytree": -0.2598866695605681, "log10_eta": -4.0, "log10_lambda": -0.9194172980019266, "log10_min_child_weight": 1.5280021846330136, "log10_subsample": -1.0, "max_depth": 3.0, "num_boost_round": 12.0}, "datetime": {"datetime": "2024-01-19 02:02:20", "elapsed": 6647.639488, "delta": 0.007007}}
{"target": -17.677191410006575, "params": {"gamma": 59.38585160534484, "log10_alpha": -0.6298245480886703, "log10_colsample_bytree": -0.2598866695605681, "log10_eta": -4.0, "log10_lambda": -0.9194172980019266, "log10_min_child_weight": 1.5280021846330136, "log10_subsample": -1.0, "max_depth": 3.0, "num_boost_round": 13.0}, "datetime": {"datetime": "2024-01-19 02:02:20", "elapsed": 6647.646448, "delta": 0.00696}}
{"target": -17.677188506860862, "params": {"gamma": 59.38585160534484, "log10_alpha": -0.6298245480886703, "log10_colsample_bytree": -0.2598866695605681, "log10_eta": -4.0, "log10_lambda": -0.9194172980019266, "log10_min_child_weight": 1.5280021846330136, "log10_subsample": -1.0, "max_depth": 3.0, "num_boost_round": 14.0}, "datetime": {"datetime": "2024-01-19 02:02:20", "elapsed": 6647.653423, "delta": 0.006975}}
{"target": -17.677185986523238, "params": {"gamma": 59.38585160534484, "log10_alpha": -0.6298245480886703, "log10_colsample_bytree": -0.2598866695605681, "log10_eta": -4.0, "log10_lambda": -0.9194172980019266, "log10_min_child_weight": 1.5280021846330136, "log10_subsample": -1.0, "max_depth": 3.0, "num_boost_round": 15.0}, "datetime": {"datetime": "2024-01-19 02:02:20", "elapsed": 6647.660334, "delta": 0.006911}}
{"target": -17.67718004966284, "params": {"gamma": 59.38585160534484, "log10_alpha": -0.6298245480886703, "log10_colsample_bytree": -0.2598866695605681, "log10_eta": -4.0, "log10_lambda": -0.9194172980019266, "log10_min_child_weight": 1.5280021846330136, "log10_subsample": -1.0, "max_depth": 3.0, "num_boost_round": 16.0}, "datetime": {"datetime": "2024-01-19 02:02:20", "elapsed": 6647.667112, "delta": 0.006778}}
{"target": -17.677180931118624, "params": {"gamma": 59.38585160534484, "log10_alpha": -0.6298245480886703, "log10_colsample_bytree": -0.2598866695605681, "log10_eta": -4.0, "log10_lambda": -0.9194172980019266, "log10_min_child_weight": 1.5280021846330136, "log10_subsample": -1.0, "max_depth": 3.0, "num_boost_round": 17.0}, "datetime": {"datetime": "2024-01-19 02:02:20", "elapsed": 6647.673991, "delta": 0.006879}}
{"target": -17.677178666211624, "params": {"gamma": 59.38585160534484, "log10_alpha": -0.6298245480886703, "log10_colsample_bytree": -0.2598866695605681, "log10_eta": -4.0, "log10_lambda": -0.9194172980019266, "log10_min_child_weight": 1.5280021846330136, "log10_subsample": -1.0, "max_depth": 3.0, "num_boost_round": 18.0}, "datetime": {"datetime": "2024-01-19 02:02:20", "elapsed": 6647.681025, "delta": 0.007034}}
{"target": -17.677173690015003, "params": {"gamma": 59.38585160534484, "log10_alpha": -0.6298245480886703, "log10_colsample_bytree": -0.2598866695605681, "log10_eta": -4.0, "log10_lambda": -0.9194172980019266, "log10_min_child_weight": 1.5280021846330136, "log10_subsample": -1.0, "max_depth": 3.0, "num_boost_round": 19.0}, "datetime": {"datetime": "2024-01-19 02:02:20", "elapsed": 6647.688148, "delta": 0.007123}}
{"target": -17.677170550295124, "params": {"gamma": 59.38585160534484, "log10_alpha": -0.6298245480886703, "log10_colsample_bytree": -0.2598866695605681, "log10_eta": -4.0, "log10_lambda": -0.9194172980019266, "log10_min_child_weight": 1.5280021846330136, "log10_subsample": -1.0, "max_depth": 3.0, "num_boost_round": 20.0}, "datetime": {"datetime": "2024-01-19 02:02:20", "elapsed": 6647.695131, "delta": 0.006983}}
{"target": -17.677165585904742, "params": {"gamma": 59.38585160534484, "log10_alpha": -0.6298245480886703, "log10_colsample_bytree": -0.2598866695605681, "log10_eta": -4.0, "log10_lambda": -0.9194172980019266, "log10_min_child_weight": 1.5280021846330136, "log10_subsample": -1.0, "max_depth": 3.0, "num_boost_round": 21.0}, "datetime": {"datetime": "2024-01-19 02:02:20", "elapsed": 6647.702092, "delta": 0.006961}}
