{"target": -13.758537201138926, "params": {"gamma": 202.1580034502566, "log10_alpha": -0.14678498965691666, "log10_colsample_bytree": -0.9591816080772406, "log10_eta": -3.8745277171702717, "log10_lambda": -3.251476201486745, "log10_min_child_weight": 3.8642837161181607, "log10_subsample": -0.28914423916880494, "max_depth": 4.0, "num_boost_round": 0.0}, "datetime": {"datetime": "2024-01-19 00:24:28", "elapsed": 776.128813, "delta": 18.790131}}
{"target": -13.75853718251328, "params": {"gamma": 202.1580034502566, "log10_alpha": -0.14678498965691666, "log10_colsample_bytree": -0.9591816080772406, "log10_eta": -3.8745277171702717, "log10_lambda": -3.251476201486745, "log10_min_child_weight": 3.8642837161181607, "log10_subsample": -0.28914423916880494, "max_depth": 4.0, "num_boost_round": 1.0}, "datetime": {"datetime": "2024-01-19 00:24:28", "elapsed": 776.130603, "delta": 0.00179}}
{"target": -13.758536589834938, "params": {"gamma": 202.1580034502566, "log10_alpha": -0.14678498965691666, "log10_colsample_bytree": -0.9591816080772406, "log10_eta": -3.8745277171702717, "log10_lambda": -3.251476201486745, "log10_min_child_weight": 3.8642837161181607, "log10_subsample": -0.28914423916880494, "max_depth": 4.0, "num_boost_round": 2.0}, "datetime": {"datetime": "2024-01-19 00:24:28", "elapsed": 776.131827, "delta": 0.001224}}
{"target": -13.758536436300846, "params": {"gamma": 202.1580034502566, "log10_alpha": -0.14678498965691666, "log10_colsample_bytree": -0.9591816080772406, "log10_eta": -3.8745277171702717, "log10_lambda": -3.251476201486745, "log10_min_child_weight": 3.8642837161181607, "log10_subsample": -0.28914423916880494, "max_depth": 4.0, "num_boost_round": 3.0}, "datetime": {"datetime": "2024-01-19 00:24:28", "elapsed": 776.132912, "delta": 0.001085}}
{"target": -13.75853543959447, "params": {"gamma": 202.1580034502566, "log10_alpha": -0.14678498965691666, "log10_colsample_bytree": -0.9591816080772406, "log10_eta": -3.8745277171702717, "log10_lambda": -3.251476201486745, "log10_min_child_weight": 3.8642837161181607, "log10_subsample": -0.28914423916880494, "max_depth": 4.0, "num_boost_round": 4.0}, "datetime": {"datetime": "2024-01-19 00:24:28", "elapsed": 776.133995, "delta": 0.001083}}
{"target": -13.758534297022738, "params": {"gamma": 202.1580034502566, "log10_alpha": -0.14678498965691666, "log10_colsample_bytree": -0.9591816080772406, "log10_eta": -3.8745277171702717, "log10_lambda": -3.251476201486745, "log10_min_child_weight": 3.8642837161181607, "log10_subsample": -0.28914423916880494, "max_depth": 4.0, "num_boost_round": 5.0}, "datetime": {"datetime": "2024-01-19 00:24:28", "elapsed": 776.135049, "delta": 0.001054}}
{"target": -13.758535474754417, "params": {"gamma": 202.1580034502566, "log10_alpha": -0.14678498965691666, "log10_colsample_bytree": -0.9591816080772406, "log10_eta": -3.8745277171702717, "log10_lambda": -3.251476201486745, "log10_min_child_weight": 3.8642837161181607, "log10_subsample": -0.28914423916880494, "max_depth": 4.0, "num_boost_round": 6.0}, "datetime": {"datetime": "2024-01-19 00:24:28", "elapsed": 776.136157, "delta": 0.001108}}
{"target": -13.758533788726313, "params": {"gamma": 202.1580034502566, "log10_alpha": -0.14678498965691666, "log10_colsample_bytree": -0.9591816080772406, "log10_eta": -3.8745277171702717, "log10_lambda": -3.251476201486745, "log10_min_child_weight": 3.8642837161181607, "log10_subsample": -0.28914423916880494, "max_depth": 4.0, "num_boost_round": 7.0}, "datetime": {"datetime": "2024-01-19 00:24:28", "elapsed": 776.137293, "delta": 0.001136}}
{"target": -13.758530039263517, "params": {"gamma": 202.1580034502566, "log10_alpha": -0.14678498965691666, "log10_colsample_bytree": -0.9591816080772406, "log10_eta": -3.8745277171702717, "log10_lambda": -3.251476201486745, "log10_min_child_weight": 3.8642837161181607, "log10_subsample": -0.28914423916880494, "max_depth": 4.0, "num_boost_round": 8.0}, "datetime": {"datetime": "2024-01-19 00:24:28", "elapsed": 776.138359, "delta": 0.001066}}
{"target": -13.758529871841153, "params": {"gamma": 202.1580034502566, "log10_alpha": -0.14678498965691666, "log10_colsample_bytree": -0.9591816080772406, "log10_eta": -3.8745277171702717, "log10_lambda": -3.251476201486745, "log10_min_child_weight": 3.8642837161181607, "log10_subsample": -0.28914423916880494, "max_depth": 4.0, "num_boost_round": 9.0}, "datetime": {"datetime": "2024-01-19 00:24:28", "elapsed": 776.139578, "delta": 0.001219}}
{"target": -13.758537757797166, "params": {"gamma": 200.9906717932952, "log10_alpha": -4.74486205094356, "log10_colsample_bytree": -0.11185657233420099, "log10_eta": -3.3935462734905935, "log10_lambda": -2.9200138487792766, "log10_min_child_weight": 4.716172918297698, "log10_subsample": -0.12185509411933382, "max_depth": 3.0, "num_boost_round": 0.0}, "datetime": {"datetime": "2024-01-19 00:24:50", "elapsed": 797.705727, "delta": 21.566149}}
{"target": -13.75853757068517, "params": {"gamma": 200.9906717932952, "log10_alpha": -4.74486205094356, "log10_colsample_bytree": -0.11185657233420099, "log10_eta": -3.3935462734905935, "log10_lambda": -2.9200138487792766, "log10_min_child_weight": 4.716172918297698, "log10_subsample": -0.12185509411933382, "max_depth": 3.0, "num_boost_round": 1.0}, "datetime": {"datetime": "2024-01-19 00:24:50", "elapsed": 797.707002, "delta": 0.001275}}
{"target": -13.758536972526894, "params": {"gamma": 200.9906717932952, "log10_alpha": -4.74486205094356, "log10_colsample_bytree": -0.11185657233420099, "log10_eta": -3.3935462734905935, "log10_lambda": -2.9200138487792766, "log10_min_child_weight": 4.716172918297698, "log10_subsample": -0.12185509411933382, "max_depth": 3.0, "num_boost_round": 2.0}, "datetime": {"datetime": "2024-01-19 00:24:50", "elapsed": 797.708103, "delta": 0.001101}}
{"target": -13.758536883735935, "params": {"gamma": 200.9906717932952, "log10_alpha": -4.74486205094356, "log10_colsample_bytree": -0.11185657233420099, "log10_eta": -3.3935462734905935, "log10_lambda": -2.9200138487792766, "log10_min_child_weight": 4.716172918297698, "log10_subsample": -0.12185509411933382, "max_depth": 3.0, "num_boost_round": 3.0}, "datetime": {"datetime": "2024-01-19 00:24:50", "elapsed": 797.709184, "delta": 0.001081}}
{"target": -13.75853617353421, "params": {"gamma": 200.9906717932952, "log10_alpha": -4.74486205094356, "log10_colsample_bytree": -0.11185657233420099, "log10_eta": -3.3935462734905935, "log10_lambda": -2.9200138487792766, "log10_min_child_weight": 4.716172918297698, "log10_subsample": -0.12185509411933382, "max_depth": 3.0, "num_boost_round": 4.0}, "datetime": {"datetime": "2024-01-19 00:24:50", "elapsed": 797.710255, "delta": 0.001071}}
{"target": -13.758536327956385, "params": {"gamma": 200.9906717932952, "log10_alpha": -4.74486205094356, "log10_colsample_bytree": -0.11185657233420099, "log10_eta": -3.3935462734905935, "log10_lambda": -2.9200138487792766, "log10_min_child_weight": 4.716172918297698, "log10_subsample": -0.12185509411933382, "max_depth": 3.0, "num_boost_round": 5.0}, "datetime": {"datetime": "2024-01-19 00:24:50", "elapsed": 797.711337, "delta": 0.001082}}
{"target": -13.758536558359458, "params": {"gamma": 200.9906717932952, "log10_alpha": -4.74486205094356, "log10_colsample_bytree": -0.11185657233420099, "log10_eta": -3.3935462734905935, "log10_lambda": -2.9200138487792766, "log10_min_child_weight": 4.716172918297698, "log10_subsample": -0.12185509411933382, "max_depth": 3.0, "num_boost_round": 6.0}, "datetime": {"datetime": "2024-01-19 00:24:50", "elapsed": 797.712413, "delta": 0.001076}}
{"target": -13.75853684902396, "params": {"gamma": 200.9906717932952, "log10_alpha": -4.74486205094356, "log10_colsample_bytree": -0.11185657233420099, "log10_eta": -3.3935462734905935, "log10_lambda": -2.9200138487792766, "log10_min_child_weight": 4.716172918297698, "log10_subsample": -0.12185509411933382, "max_depth": 3.0, "num_boost_round": 7.0}, "datetime": {"datetime": "2024-01-19 00:24:50", "elapsed": 797.713483, "delta": 0.00107}}
{"target": -13.758537022146442, "params": {"gamma": 200.9906717932952, "log10_alpha": -4.74486205094356, "log10_colsample_bytree": -0.11185657233420099, "log10_eta": -3.3935462734905935, "log10_lambda": -2.9200138487792766, "log10_min_child_weight": 4.716172918297698, "log10_subsample": -0.12185509411933382, "max_depth": 3.0, "num_boost_round": 8.0}, "datetime": {"datetime": "2024-01-19 00:24:50", "elapsed": 797.714559, "delta": 0.001076}}
{"target": -13.758536932885557, "params": {"gamma": 200.9906717932952, "log10_alpha": -4.74486205094356, "log10_colsample_bytree": -0.11185657233420099, "log10_eta": -3.3935462734905935, "log10_lambda": -2.9200138487792766, "log10_min_child_weight": 4.716172918297698, "log10_subsample": -0.12185509411933382, "max_depth": 3.0, "num_boost_round": 9.0}, "datetime": {"datetime": "2024-01-19 00:24:50", "elapsed": 797.715627, "delta": 0.001068}}
{"target": -13.758537184353123, "params": {"gamma": 200.9906717932952, "log10_alpha": -4.74486205094356, "log10_colsample_bytree": -0.11185657233420099, "log10_eta": -3.3935462734905935, "log10_lambda": -2.9200138487792766, "log10_min_child_weight": 4.716172918297698, "log10_subsample": -0.12185509411933382, "max_depth": 3.0, "num_boost_round": 10.0}, "datetime": {"datetime": "2024-01-19 00:24:50", "elapsed": 797.716974, "delta": 0.001347}}
{"target": -13.758536148100468, "params": {"gamma": 200.9906717932952, "log10_alpha": -4.74486205094356, "log10_colsample_bytree": -0.11185657233420099, "log10_eta": -3.3935462734905935, "log10_lambda": -2.9200138487792766, "log10_min_child_weight": 4.716172918297698, "log10_subsample": -0.12185509411933382, "max_depth": 3.0, "num_boost_round": 11.0}, "datetime": {"datetime": "2024-01-19 00:24:50", "elapsed": 797.718423, "delta": 0.001449}}
{"target": -13.75853605875744, "params": {"gamma": 200.9906717932952, "log10_alpha": -4.74486205094356, "log10_colsample_bytree": -0.11185657233420099, "log10_eta": -3.3935462734905935, "log10_lambda": -2.9200138487792766, "log10_min_child_weight": 4.716172918297698, "log10_subsample": -0.12185509411933382, "max_depth": 3.0, "num_boost_round": 12.0}, "datetime": {"datetime": "2024-01-19 00:24:50", "elapsed": 797.720165, "delta": 0.001742}}
{"target": -13.7585363030806, "params": {"gamma": 200.9906717932952, "log10_alpha": -4.74486205094356, "log10_colsample_bytree": -0.11185657233420099, "log10_eta": -3.3935462734905935, "log10_lambda": -2.9200138487792766, "log10_min_child_weight": 4.716172918297698, "log10_subsample": -0.12185509411933382, "max_depth": 3.0, "num_boost_round": 13.0}, "datetime": {"datetime": "2024-01-19 00:24:50", "elapsed": 797.72128, "delta": 0.001115}}
{"target": -13.758537941550298, "params": {"gamma": 200.9906717932952, "log10_alpha": -4.74486205094356, "log10_colsample_bytree": -0.11185657233420099, "log10_eta": -3.3935462734905935, "log10_lambda": -2.9200138487792766, "log10_min_child_weight": 4.716172918297698, "log10_subsample": -0.12185509411933382, "max_depth": 3.0, "num_boost_round": 14.0}, "datetime": {"datetime": "2024-01-19 00:24:50", "elapsed": 797.722382, "delta": 0.001102}}
{"target": -13.75853818064536, "params": {"gamma": 200.9906717932952, "log10_alpha": -4.74486205094356, "log10_colsample_bytree": -0.11185657233420099, "log10_eta": -3.3935462734905935, "log10_lambda": -2.9200138487792766, "log10_min_child_weight": 4.716172918297698, "log10_subsample": -0.12185509411933382, "max_depth": 3.0, "num_boost_round": 15.0}, "datetime": {"datetime": "2024-01-19 00:24:50", "elapsed": 797.723462, "delta": 0.00108}}
{"target": -13.758537694997216, "params": {"gamma": 200.9906717932952, "log10_alpha": -4.74486205094356, "log10_colsample_bytree": -0.11185657233420099, "log10_eta": -3.3935462734905935, "log10_lambda": -2.9200138487792766, "log10_min_child_weight": 4.716172918297698, "log10_subsample": -0.12185509411933382, "max_depth": 3.0, "num_boost_round": 16.0}, "datetime": {"datetime": "2024-01-19 00:24:50", "elapsed": 797.72456, "delta": 0.001098}}
{"target": -13.758511351866408, "params": {"gamma": 193.60946735338968, "log10_alpha": 0.46603943630009237, "log10_colsample_bytree": -0.8925080513858414, "log10_eta": -2.955498049747264, "log10_lambda": -2.6668155583963458, "log10_min_child_weight": 0.5495895369871334, "log10_subsample": -0.5506732398587968, "max_depth": 5.0, "num_boost_round": 0.0}, "datetime": {"datetime": "2024-01-19 00:25:12", "elapsed": 819.635343, "delta": 21.910783}}
{"target": -13.758515514639134, "params": {"gamma": 193.60946735338968, "log10_alpha": 0.46603943630009237, "log10_colsample_bytree": -0.8925080513858414, "log10_eta": -2.955498049747264, "log10_lambda": -2.6668155583963458, "log10_min_child_weight": 0.5495895369871334, "log10_subsample": -0.5506732398587968, "max_depth": 5.0, "num_boost_round": 1.0}, "datetime": {"datetime": "2024-01-19 00:25:12", "elapsed": 819.637397, "delta": 0.002054}}
{"target": -13.758509456537167, "params": {"gamma": 193.60946735338968, "log10_alpha": 0.46603943630009237, "log10_colsample_bytree": -0.8925080513858414, "log10_eta": -2.955498049747264, "log10_lambda": -2.6668155583963458, "log10_min_child_weight": 0.5495895369871334, "log10_subsample": -0.5506732398587968, "max_depth": 5.0, "num_boost_round": 2.0}, "datetime": {"datetime": "2024-01-19 00:25:12", "elapsed": 819.638941, "delta": 0.001544}}
{"target": -13.758500784407808, "params": {"gamma": 193.60946735338968, "log10_alpha": 0.46603943630009237, "log10_colsample_bytree": -0.8925080513858414, "log10_eta": -2.955498049747264, "log10_lambda": -2.6668155583963458, "log10_min_child_weight": 0.5495895369871334, "log10_subsample": -0.5506732398587968, "max_depth": 5.0, "num_boost_round": 3.0}, "datetime": {"datetime": "2024-01-19 00:25:12", "elapsed": 819.64024, "delta": 0.001299}}
{"target": -13.758497152152641, "params": {"gamma": 193.60946735338968, "log10_alpha": 0.46603943630009237, "log10_colsample_bytree": -0.8925080513858414, "log10_eta": -2.955498049747264, "log10_lambda": -2.6668155583963458, "log10_min_child_weight": 0.5495895369871334, "log10_subsample": -0.5506732398587968, "max_depth": 5.0, "num_boost_round": 4.0}, "datetime": {"datetime": "2024-01-19 00:25:12", "elapsed": 819.641483, "delta": 0.001243}}
{"target": -13.758469045439158, "params": {"gamma": 193.60946735338968, "log10_alpha": 0.46603943630009237, "log10_colsample_bytree": -0.8925080513858414, "log10_eta": -2.955498049747264, "log10_lambda": -2.6668155583963458, "log10_min_child_weight": 0.5495895369871334, "log10_subsample": -0.5506732398587968, "max_depth": 5.0, "num_boost_round": 5.0}, "datetime": {"datetime": "2024-01-19 00:25:12", "elapsed": 819.642772, "delta": 0.001289}}
{"target": -13.758490719585415, "params": {"gamma": 193.60946735338968, "log10_alpha": 0.46603943630009237, "log10_colsample_bytree": -0.8925080513858414, "log10_eta": -2.955498049747264, "log10_lambda": -2.6668155583963458, "log10_min_child_weight": 0.5495895369871334, "log10_subsample": -0.5506732398587968, "max_depth": 5.0, "num_boost_round": 6.0}, "datetime": {"datetime": "2024-01-19 00:25:12", "elapsed": 819.643924, "delta": 0.001152}}
{"target": -13.758459459450146, "params": {"gamma": 193.60946735338968, "log10_alpha": 0.46603943630009237, "log10_colsample_bytree": -0.8925080513858414, "log10_eta": -2.955498049747264, "log10_lambda": -2.6668155583963458, "log10_min_child_weight": 0.5495895369871334, "log10_subsample": -0.5506732398587968, "max_depth": 5.0, "num_boost_round": 7.0}, "datetime": {"datetime": "2024-01-19 00:25:12", "elapsed": 819.645006, "delta": 0.001082}}
{"target": -13.758452042324134, "params": {"gamma": 193.60946735338968, "log10_alpha": 0.46603943630009237, "log10_colsample_bytree": -0.8925080513858414, "log10_eta": -2.955498049747264, "log10_lambda": -2.6668155583963458, "log10_min_child_weight": 0.5495895369871334, "log10_subsample": -0.5506732398587968, "max_depth": 5.0, "num_boost_round": 8.0}, "datetime": {"datetime": "2024-01-19 00:25:12", "elapsed": 819.646094, "delta": 0.001088}}
{"target": -13.758442433000292, "params": {"gamma": 193.60946735338968, "log10_alpha": 0.46603943630009237, "log10_colsample_bytree": -0.8925080513858414, "log10_eta": -2.955498049747264, "log10_lambda": -2.6668155583963458, "log10_min_child_weight": 0.5495895369871334, "log10_subsample": -0.5506732398587968, "max_depth": 5.0, "num_boost_round": 9.0}, "datetime": {"datetime": "2024-01-19 00:25:12", "elapsed": 819.647186, "delta": 0.001092}}
{"target": -13.758426388415828, "params": {"gamma": 193.60946735338968, "log10_alpha": 0.46603943630009237, "log10_colsample_bytree": -0.8925080513858414, "log10_eta": -2.955498049747264, "log10_lambda": -2.6668155583963458, "log10_min_child_weight": 0.5495895369871334, "log10_subsample": -0.5506732398587968, "max_depth": 5.0, "num_boost_round": 10.0}, "datetime": {"datetime": "2024-01-19 00:25:12", "elapsed": 819.648276, "delta": 0.00109}}
{"target": -13.758401297073325, "params": {"gamma": 193.60946735338968, "log10_alpha": 0.46603943630009237, "log10_colsample_bytree": -0.8925080513858414, "log10_eta": -2.955498049747264, "log10_lambda": -2.6668155583963458, "log10_min_child_weight": 0.5495895369871334, "log10_subsample": -0.5506732398587968, "max_depth": 5.0, "num_boost_round": 11.0}, "datetime": {"datetime": "2024-01-19 00:25:12", "elapsed": 819.649368, "delta": 0.001092}}
{"target": -13.758386172948864, "params": {"gamma": 193.60946735338968, "log10_alpha": 0.46603943630009237, "log10_colsample_bytree": -0.8925080513858414, "log10_eta": -2.955498049747264, "log10_lambda": -2.6668155583963458, "log10_min_child_weight": 0.5495895369871334, "log10_subsample": -0.5506732398587968, "max_depth": 5.0, "num_boost_round": 12.0}, "datetime": {"datetime": "2024-01-19 00:25:12", "elapsed": 819.650454, "delta": 0.001086}}
{"target": -13.758330398338863, "params": {"gamma": 193.60946735338968, "log10_alpha": 0.46603943630009237, "log10_colsample_bytree": -0.8925080513858414, "log10_eta": -2.955498049747264, "log10_lambda": -2.6668155583963458, "log10_min_child_weight": 0.5495895369871334, "log10_subsample": -0.5506732398587968, "max_depth": 5.0, "num_boost_round": 13.0}, "datetime": {"datetime": "2024-01-19 00:25:12", "elapsed": 819.651616, "delta": 0.001162}}
{"target": -13.75834054532201, "params": {"gamma": 193.60946735338968, "log10_alpha": 0.46603943630009237, "log10_colsample_bytree": -0.8925080513858414, "log10_eta": -2.955498049747264, "log10_lambda": -2.6668155583963458, "log10_min_child_weight": 0.5495895369871334, "log10_subsample": -0.5506732398587968, "max_depth": 5.0, "num_boost_round": 14.0}, "datetime": {"datetime": "2024-01-19 00:25:12", "elapsed": 819.652759, "delta": 0.001143}}
{"target": -13.758325352279929, "params": {"gamma": 193.60946735338968, "log10_alpha": 0.46603943630009237, "log10_colsample_bytree": -0.8925080513858414, "log10_eta": -2.955498049747264, "log10_lambda": -2.6668155583963458, "log10_min_child_weight": 0.5495895369871334, "log10_subsample": -0.5506732398587968, "max_depth": 5.0, "num_boost_round": 15.0}, "datetime": {"datetime": "2024-01-19 00:25:12", "elapsed": 819.653866, "delta": 0.001107}}
{"target": -13.758539082318837, "params": {"gamma": 196.34751843006924, "log10_alpha": -3.956326938225679, "log10_colsample_bytree": -0.015014698398556181, "log10_eta": -3.2519297211302653, "log10_lambda": -1.1867279222329996, "log10_min_child_weight": 4.363551107488906, "log10_subsample": -0.4434303657942871, "max_depth": 5.0, "num_boost_round": 0.0}, "datetime": {"datetime": "2024-01-19 00:25:37", "elapsed": 844.64227, "delta": 24.988404}}
{"target": -13.75853737007518, "params": {"gamma": 196.34751843006924, "log10_alpha": -3.956326938225679, "log10_colsample_bytree": -0.015014698398556181, "log10_eta": -3.2519297211302653, "log10_lambda": -1.1867279222329996, "log10_min_child_weight": 4.363551107488906, "log10_subsample": -0.4434303657942871, "max_depth": 5.0, "num_boost_round": 1.0}, "datetime": {"datetime": "2024-01-19 00:25:37", "elapsed": 844.643658, "delta": 0.001388}}
{"target": -13.758536410578094, "params": {"gamma": 196.34751843006924, "log10_alpha": -3.956326938225679, "log10_colsample_bytree": -0.015014698398556181, "log10_eta": -3.2519297211302653, "log10_lambda": -1.1867279222329996, "log10_min_child_weight": 4.363551107488906, "log10_subsample": -0.4434303657942871, "max_depth": 5.0, "num_boost_round": 2.0}, "datetime": {"datetime": "2024-01-19 00:25:37", "elapsed": 844.645307, "delta": 0.001649}}
{"target": -13.758536816947238, "params": {"gamma": 196.34751843006924, "log10_alpha": -3.956326938225679, "log10_colsample_bytree": -0.015014698398556181, "log10_eta": -3.2519297211302653, "log10_lambda": -1.1867279222329996, "log10_min_child_weight": 4.363551107488906, "log10_subsample": -0.4434303657942871, "max_depth": 5.0, "num_boost_round": 3.0}, "datetime": {"datetime": "2024-01-19 00:25:37", "elapsed": 844.646449, "delta": 0.001142}}
{"target": -13.75853876648505, "params": {"gamma": 196.34751843006924, "log10_alpha": -3.956326938225679, "log10_colsample_bytree": -0.015014698398556181, "log10_eta": -3.2519297211302653, "log10_lambda": -1.1867279222329996, "log10_min_child_weight": 4.363551107488906, "log10_subsample": -0.4434303657942871, "max_depth": 5.0, "num_boost_round": 4.0}, "datetime": {"datetime": "2024-01-19 00:25:37", "elapsed": 844.647718, "delta": 0.001269}}
{"target": -13.758538824626006, "params": {"gamma": 196.34751843006924, "log10_alpha": -3.956326938225679, "log10_colsample_bytree": -0.015014698398556181, "log10_eta": -3.2519297211302653, "log10_lambda": -1.1867279222329996, "log10_min_child_weight": 4.363551107488906, "log10_subsample": -0.4434303657942871, "max_depth": 5.0, "num_boost_round": 5.0}, "datetime": {"datetime": "2024-01-19 00:25:37", "elapsed": 844.648838, "delta": 0.00112}}
