{"target": -13.75852810233821, "params": {"gamma": 707.5398691280274, "log10_alpha": -2.016877477502926, "log10_colsample_bytree": -0.1545006400882707, "log10_eta": -3.7785499574086288, "log10_lambda": -2.103279912943029, "log10_min_child_weight": 0.31138360779416396, "log10_subsample": -0.8887976727350853, "max_depth": 3.0, "num_boost_round": 10.0}, "datetime": {"datetime": "2024-01-19 00:43:31", "elapsed": 1910.43743, "delta": 0.002444}}
{"target": -13.758525153867174, "params": {"gamma": 707.5398691280274, "log10_alpha": -2.016877477502926, "log10_colsample_bytree": -0.1545006400882707, "log10_eta": -3.7785499574086288, "log10_lambda": -2.103279912943029, "log10_min_child_weight": 0.31138360779416396, "log10_subsample": -0.8887976727350853, "max_depth": 3.0, "num_boost_round": 11.0}, "datetime": {"datetime": "2024-01-19 00:43:31", "elapsed": 1910.439737, "delta": 0.002307}}
{"target": -13.758520362156673, "params": {"gamma": 707.5398691280274, "log10_alpha": -2.016877477502926, "log10_colsample_bytree": -0.1545006400882707, "log10_eta": -3.7785499574086288, "log10_lambda": -2.103279912943029, "log10_min_child_weight": 0.31138360779416396, "log10_subsample": -0.8887976727350853, "max_depth": 3.0, "num_boost_round": 12.0}, "datetime": {"datetime": "2024-01-19 00:43:31", "elapsed": 1910.441954, "delta": 0.002217}}
{"target": -13.75851600247101, "params": {"gamma": 707.5398691280274, "log10_alpha": -2.016877477502926, "log10_colsample_bytree": -0.1545006400882707, "log10_eta": -3.7785499574086288, "log10_lambda": -2.103279912943029, "log10_min_child_weight": 0.31138360779416396, "log10_subsample": -0.8887976727350853, "max_depth": 3.0, "num_boost_round": 13.0}, "datetime": {"datetime": "2024-01-19 00:43:31", "elapsed": 1910.444259, "delta": 0.002305}}
{"target": -13.758515266227525, "params": {"gamma": 707.5398691280274, "log10_alpha": -2.016877477502926, "log10_colsample_bytree": -0.1545006400882707, "log10_eta": -3.7785499574086288, "log10_lambda": -2.103279912943029, "log10_min_child_weight": 0.31138360779416396, "log10_subsample": -0.8887976727350853, "max_depth": 3.0, "num_boost_round": 14.0}, "datetime": {"datetime": "2024-01-19 00:43:31", "elapsed": 1910.446492, "delta": 0.002233}}
{"target": -13.758510238583778, "params": {"gamma": 707.5398691280274, "log10_alpha": -2.016877477502926, "log10_colsample_bytree": -0.1545006400882707, "log10_eta": -3.7785499574086288, "log10_lambda": -2.103279912943029, "log10_min_child_weight": 0.31138360779416396, "log10_subsample": -0.8887976727350853, "max_depth": 3.0, "num_boost_round": 15.0}, "datetime": {"datetime": "2024-01-19 00:43:31", "elapsed": 1910.448742, "delta": 0.00225}}
{"target": -13.758506685825443, "params": {"gamma": 707.5398691280274, "log10_alpha": -2.016877477502926, "log10_colsample_bytree": -0.1545006400882707, "log10_eta": -3.7785499574086288, "log10_lambda": -2.103279912943029, "log10_min_child_weight": 0.31138360779416396, "log10_subsample": -0.8887976727350853, "max_depth": 3.0, "num_boost_round": 16.0}, "datetime": {"datetime": "2024-01-19 00:43:31", "elapsed": 1910.451021, "delta": 0.002279}}
{"target": -13.758504175308573, "params": {"gamma": 707.5398691280274, "log10_alpha": -2.016877477502926, "log10_colsample_bytree": -0.1545006400882707, "log10_eta": -3.7785499574086288, "log10_lambda": -2.103279912943029, "log10_min_child_weight": 0.31138360779416396, "log10_subsample": -0.8887976727350853, "max_depth": 3.0, "num_boost_round": 17.0}, "datetime": {"datetime": "2024-01-19 00:43:31", "elapsed": 1910.453338, "delta": 0.002317}}
{"target": -13.75850309154314, "params": {"gamma": 707.5398691280274, "log10_alpha": -2.016877477502926, "log10_colsample_bytree": -0.1545006400882707, "log10_eta": -3.7785499574086288, "log10_lambda": -2.103279912943029, "log10_min_child_weight": 0.31138360779416396, "log10_subsample": -0.8887976727350853, "max_depth": 3.0, "num_boost_round": 18.0}, "datetime": {"datetime": "2024-01-19 00:43:31", "elapsed": 1910.455572, "delta": 0.002234}}
{"target": -13.75850106706104, "params": {"gamma": 707.5398691280274, "log10_alpha": -2.016877477502926, "log10_colsample_bytree": -0.1545006400882707, "log10_eta": -3.7785499574086288, "log10_lambda": -2.103279912943029, "log10_min_child_weight": 0.31138360779416396, "log10_subsample": -0.8887976727350853, "max_depth": 3.0, "num_boost_round": 19.0}, "datetime": {"datetime": "2024-01-19 00:43:31", "elapsed": 1910.457823, "delta": 0.002251}}
{"target": -13.758498058886145, "params": {"gamma": 707.5398691280274, "log10_alpha": -2.016877477502926, "log10_colsample_bytree": -0.1545006400882707, "log10_eta": -3.7785499574086288, "log10_lambda": -2.103279912943029, "log10_min_child_weight": 0.31138360779416396, "log10_subsample": -0.8887976727350853, "max_depth": 3.0, "num_boost_round": 20.0}, "datetime": {"datetime": "2024-01-19 00:43:31", "elapsed": 1910.459979, "delta": 0.002156}}
{"target": -13.758497066348323, "params": {"gamma": 707.5398691280274, "log10_alpha": -2.016877477502926, "log10_colsample_bytree": -0.1545006400882707, "log10_eta": -3.7785499574086288, "log10_lambda": -2.103279912943029, "log10_min_child_weight": 0.31138360779416396, "log10_subsample": -0.8887976727350853, "max_depth": 3.0, "num_boost_round": 21.0}, "datetime": {"datetime": "2024-01-19 00:43:31", "elapsed": 1910.462203, "delta": 0.002224}}
{"target": -13.758493752757584, "params": {"gamma": 707.5398691280274, "log10_alpha": -2.016877477502926, "log10_colsample_bytree": -0.1545006400882707, "log10_eta": -3.7785499574086288, "log10_lambda": -2.103279912943029, "log10_min_child_weight": 0.31138360779416396, "log10_subsample": -0.8887976727350853, "max_depth": 3.0, "num_boost_round": 22.0}, "datetime": {"datetime": "2024-01-19 00:43:31", "elapsed": 1910.464541, "delta": 0.002338}}
{"target": -13.75849203208165, "params": {"gamma": 707.5398691280274, "log10_alpha": -2.016877477502926, "log10_colsample_bytree": -0.1545006400882707, "log10_eta": -3.7785499574086288, "log10_lambda": -2.103279912943029, "log10_min_child_weight": 0.31138360779416396, "log10_subsample": -0.8887976727350853, "max_depth": 3.0, "num_boost_round": 23.0}, "datetime": {"datetime": "2024-01-19 00:43:31", "elapsed": 1910.466795, "delta": 0.002254}}
{"target": -13.75848628343492, "params": {"gamma": 707.5398691280274, "log10_alpha": -2.016877477502926, "log10_colsample_bytree": -0.1545006400882707, "log10_eta": -3.7785499574086288, "log10_lambda": -2.103279912943029, "log10_min_child_weight": 0.31138360779416396, "log10_subsample": -0.8887976727350853, "max_depth": 3.0, "num_boost_round": 24.0}, "datetime": {"datetime": "2024-01-19 00:43:31", "elapsed": 1910.469018, "delta": 0.002223}}
{"target": -13.758482860542609, "params": {"gamma": 707.5398691280274, "log10_alpha": -2.016877477502926, "log10_colsample_bytree": -0.1545006400882707, "log10_eta": -3.7785499574086288, "log10_lambda": -2.103279912943029, "log10_min_child_weight": 0.31138360779416396, "log10_subsample": -0.8887976727350853, "max_depth": 3.0, "num_boost_round": 25.0}, "datetime": {"datetime": "2024-01-19 00:43:31", "elapsed": 1910.471239, "delta": 0.002221}}
{"target": -13.758481983728934, "params": {"gamma": 707.5398691280274, "log10_alpha": -2.016877477502926, "log10_colsample_bytree": -0.1545006400882707, "log10_eta": -3.7785499574086288, "log10_lambda": -2.103279912943029, "log10_min_child_weight": 0.31138360779416396, "log10_subsample": -0.8887976727350853, "max_depth": 3.0, "num_boost_round": 26.0}, "datetime": {"datetime": "2024-01-19 00:43:31", "elapsed": 1910.47402, "delta": 0.002781}}
{"target": -13.758479837191082, "params": {"gamma": 707.5398691280274, "log10_alpha": -2.016877477502926, "log10_colsample_bytree": -0.1545006400882707, "log10_eta": -3.7785499574086288, "log10_lambda": -2.103279912943029, "log10_min_child_weight": 0.31138360779416396, "log10_subsample": -0.8887976727350853, "max_depth": 3.0, "num_boost_round": 27.0}, "datetime": {"datetime": "2024-01-19 00:43:31", "elapsed": 1910.476238, "delta": 0.002218}}
{"target": -13.758477818503707, "params": {"gamma": 707.5398691280274, "log10_alpha": -2.016877477502926, "log10_colsample_bytree": -0.1545006400882707, "log10_eta": -3.7785499574086288, "log10_lambda": -2.103279912943029, "log10_min_child_weight": 0.31138360779416396, "log10_subsample": -0.8887976727350853, "max_depth": 3.0, "num_boost_round": 28.0}, "datetime": {"datetime": "2024-01-19 00:43:31", "elapsed": 1910.478504, "delta": 0.002266}}
{"target": -13.758473465977056, "params": {"gamma": 707.5398691280274, "log10_alpha": -2.016877477502926, "log10_colsample_bytree": -0.1545006400882707, "log10_eta": -3.7785499574086288, "log10_lambda": -2.103279912943029, "log10_min_child_weight": 0.31138360779416396, "log10_subsample": -0.8887976727350853, "max_depth": 3.0, "num_boost_round": 29.0}, "datetime": {"datetime": "2024-01-19 00:43:31", "elapsed": 1910.480724, "delta": 0.00222}}
{"target": -13.758470834323656, "params": {"gamma": 707.5398691280274, "log10_alpha": -2.016877477502926, "log10_colsample_bytree": -0.1545006400882707, "log10_eta": -3.7785499574086288, "log10_lambda": -2.103279912943029, "log10_min_child_weight": 0.31138360779416396, "log10_subsample": -0.8887976727350853, "max_depth": 3.0, "num_boost_round": 30.0}, "datetime": {"datetime": "2024-01-19 00:43:31", "elapsed": 1910.483073, "delta": 0.002349}}
{"target": -13.758468369734594, "params": {"gamma": 707.5398691280274, "log10_alpha": -2.016877477502926, "log10_colsample_bytree": -0.1545006400882707, "log10_eta": -3.7785499574086288, "log10_lambda": -2.103279912943029, "log10_min_child_weight": 0.31138360779416396, "log10_subsample": -0.8887976727350853, "max_depth": 3.0, "num_boost_round": 31.0}, "datetime": {"datetime": "2024-01-19 00:43:31", "elapsed": 1910.485563, "delta": 0.00249}}
{"target": -13.758467678158475, "params": {"gamma": 707.5398691280274, "log10_alpha": -2.016877477502926, "log10_colsample_bytree": -0.1545006400882707, "log10_eta": -3.7785499574086288, "log10_lambda": -2.103279912943029, "log10_min_child_weight": 0.31138360779416396, "log10_subsample": -0.8887976727350853, "max_depth": 3.0, "num_boost_round": 32.0}, "datetime": {"datetime": "2024-01-19 00:43:31", "elapsed": 1910.487979, "delta": 0.002416}}
{"target": -13.758465102198272, "params": {"gamma": 707.5398691280274, "log10_alpha": -2.016877477502926, "log10_colsample_bytree": -0.1545006400882707, "log10_eta": -3.7785499574086288, "log10_lambda": -2.103279912943029, "log10_min_child_weight": 0.31138360779416396, "log10_subsample": -0.8887976727350853, "max_depth": 3.0, "num_boost_round": 33.0}, "datetime": {"datetime": "2024-01-19 00:43:31", "elapsed": 1910.490216, "delta": 0.002237}}
{"target": -13.758463102939794, "params": {"gamma": 707.5398691280274, "log10_alpha": -2.016877477502926, "log10_colsample_bytree": -0.1545006400882707, "log10_eta": -3.7785499574086288, "log10_lambda": -2.103279912943029, "log10_min_child_weight": 0.31138360779416396, "log10_subsample": -0.8887976727350853, "max_depth": 3.0, "num_boost_round": 34.0}, "datetime": {"datetime": "2024-01-19 00:43:31", "elapsed": 1910.492506, "delta": 0.00229}}
{"target": -13.758458751838882, "params": {"gamma": 707.5398691280274, "log10_alpha": -2.016877477502926, "log10_colsample_bytree": -0.1545006400882707, "log10_eta": -3.7785499574086288, "log10_lambda": -2.103279912943029, "log10_min_child_weight": 0.31138360779416396, "log10_subsample": -0.8887976727350853, "max_depth": 3.0, "num_boost_round": 35.0}, "datetime": {"datetime": "2024-01-19 00:43:31", "elapsed": 1910.494769, "delta": 0.002263}}
{"target": -13.758459032256269, "params": {"gamma": 707.5398691280274, "log10_alpha": -2.016877477502926, "log10_colsample_bytree": -0.1545006400882707, "log10_eta": -3.7785499574086288, "log10_lambda": -2.103279912943029, "log10_min_child_weight": 0.31138360779416396, "log10_subsample": -0.8887976727350853, "max_depth": 3.0, "num_boost_round": 36.0}, "datetime": {"datetime": "2024-01-19 00:43:31", "elapsed": 1910.496999, "delta": 0.00223}}
{"target": -13.758456789921766, "params": {"gamma": 707.5398691280274, "log10_alpha": -2.016877477502926, "log10_colsample_bytree": -0.1545006400882707, "log10_eta": -3.7785499574086288, "log10_lambda": -2.103279912943029, "log10_min_child_weight": 0.31138360779416396, "log10_subsample": -0.8887976727350853, "max_depth": 3.0, "num_boost_round": 37.0}, "datetime": {"datetime": "2024-01-19 00:43:31", "elapsed": 1910.499303, "delta": 0.002304}}
{"target": -13.758455771566883, "params": {"gamma": 707.5398691280274, "log10_alpha": -2.016877477502926, "log10_colsample_bytree": -0.1545006400882707, "log10_eta": -3.7785499574086288, "log10_lambda": -2.103279912943029, "log10_min_child_weight": 0.31138360779416396, "log10_subsample": -0.8887976727350853, "max_depth": 3.0, "num_boost_round": 38.0}, "datetime": {"datetime": "2024-01-19 00:43:31", "elapsed": 1910.501613, "delta": 0.00231}}
{"target": -13.75845430890906, "params": {"gamma": 707.5398691280274, "log10_alpha": -2.016877477502926, "log10_colsample_bytree": -0.1545006400882707, "log10_eta": -3.7785499574086288, "log10_lambda": -2.103279912943029, "log10_min_child_weight": 0.31138360779416396, "log10_subsample": -0.8887976727350853, "max_depth": 3.0, "num_boost_round": 39.0}, "datetime": {"datetime": "2024-01-19 00:43:31", "elapsed": 1910.503927, "delta": 0.002314}}
{"target": -13.75845417814656, "params": {"gamma": 707.5398691280274, "log10_alpha": -2.016877477502926, "log10_colsample_bytree": -0.1545006400882707, "log10_eta": -3.7785499574086288, "log10_lambda": -2.103279912943029, "log10_min_child_weight": 0.31138360779416396, "log10_subsample": -0.8887976727350853, "max_depth": 3.0, "num_boost_round": 40.0}, "datetime": {"datetime": "2024-01-19 00:43:31", "elapsed": 1910.506207, "delta": 0.00228}}
{"target": -13.758451188593128, "params": {"gamma": 707.5398691280274, "log10_alpha": -2.016877477502926, "log10_colsample_bytree": -0.1545006400882707, "log10_eta": -3.7785499574086288, "log10_lambda": -2.103279912943029, "log10_min_child_weight": 0.31138360779416396, "log10_subsample": -0.8887976727350853, "max_depth": 3.0, "num_boost_round": 41.0}, "datetime": {"datetime": "2024-01-19 00:43:31", "elapsed": 1910.508514, "delta": 0.002307}}
{"target": -13.758535562694513, "params": {"gamma": 717.9629210123447, "log10_alpha": -4.467969931302286, "log10_colsample_bytree": -0.57411082624281, "log10_eta": -3.9146916342920326, "log10_lambda": -3.70243810266759, "log10_min_child_weight": 2.3310962776735433, "log10_subsample": -0.1882635028055858, "max_depth": 4.0, "num_boost_round": 0.0}, "datetime": {"datetime": "2024-01-19 00:44:01", "elapsed": 1940.654551, "delta": 30.146037}}
{"target": -13.758530214510948, "params": {"gamma": 717.9629210123447, "log10_alpha": -4.467969931302286, "log10_colsample_bytree": -0.57411082624281, "log10_eta": -3.9146916342920326, "log10_lambda": -3.70243810266759, "log10_min_child_weight": 2.3310962776735433, "log10_subsample": -0.1882635028055858, "max_depth": 4.0, "num_boost_round": 1.0}, "datetime": {"datetime": "2024-01-19 00:44:01", "elapsed": 1940.657223, "delta": 0.002672}}
{"target": -13.758526975158194, "params": {"gamma": 717.9629210123447, "log10_alpha": -4.467969931302286, "log10_colsample_bytree": -0.57411082624281, "log10_eta": -3.9146916342920326, "log10_lambda": -3.70243810266759, "log10_min_child_weight": 2.3310962776735433, "log10_subsample": -0.1882635028055858, "max_depth": 4.0, "num_boost_round": 2.0}, "datetime": {"datetime": "2024-01-19 00:44:01", "elapsed": 1940.66011, "delta": 0.002887}}
{"target": -13.758523742043911, "params": {"gamma": 717.9629210123447, "log10_alpha": -4.467969931302286, "log10_colsample_bytree": -0.57411082624281, "log10_eta": -3.9146916342920326, "log10_lambda": -3.70243810266759, "log10_min_child_weight": 2.3310962776735433, "log10_subsample": -0.1882635028055858, "max_depth": 4.0, "num_boost_round": 3.0}, "datetime": {"datetime": "2024-01-19 00:44:01", "elapsed": 1940.66235, "delta": 0.00224}}
{"target": -13.7585186624932, "params": {"gamma": 717.9629210123447, "log10_alpha": -4.467969931302286, "log10_colsample_bytree": -0.57411082624281, "log10_eta": -3.9146916342920326, "log10_lambda": -3.70243810266759, "log10_min_child_weight": 2.3310962776735433, "log10_subsample": -0.1882635028055858, "max_depth": 4.0, "num_boost_round": 4.0}, "datetime": {"datetime": "2024-01-19 00:44:01", "elapsed": 1940.6647, "delta": 0.00235}}
{"target": -13.758512123206053, "params": {"gamma": 717.9629210123447, "log10_alpha": -4.467969931302286, "log10_colsample_bytree": -0.57411082624281, "log10_eta": -3.9146916342920326, "log10_lambda": -3.70243810266759, "log10_min_child_weight": 2.3310962776735433, "log10_subsample": -0.1882635028055858, "max_depth": 4.0, "num_boost_round": 5.0}, "datetime": {"datetime": "2024-01-19 00:44:01", "elapsed": 1940.667063, "delta": 0.002363}}
{"target": -13.758508185223516, "params": {"gamma": 717.9629210123447, "log10_alpha": -4.467969931302286, "log10_colsample_bytree": -0.57411082624281, "log10_eta": -3.9146916342920326, "log10_lambda": -3.70243810266759, "log10_min_child_weight": 2.3310962776735433, "log10_subsample": -0.1882635028055858, "max_depth": 4.0, "num_boost_round": 6.0}, "datetime": {"datetime": "2024-01-19 00:44:01", "elapsed": 1940.669323, "delta": 0.00226}}
{"target": -13.758506048312299, "params": {"gamma": 717.9629210123447, "log10_alpha": -4.467969931302286, "log10_colsample_bytree": -0.57411082624281, "log10_eta": -3.9146916342920326, "log10_lambda": -3.70243810266759, "log10_min_child_weight": 2.3310962776735433, "log10_subsample": -0.1882635028055858, "max_depth": 4.0, "num_boost_round": 7.0}, "datetime": {"datetime": "2024-01-19 00:44:01", "elapsed": 1940.671564, "delta": 0.002241}}
{"target": -13.758505163858358, "params": {"gamma": 717.9629210123447, "log10_alpha": -4.467969931302286, "log10_colsample_bytree": -0.57411082624281, "log10_eta": -3.9146916342920326, "log10_lambda": -3.70243810266759, "log10_min_child_weight": 2.3310962776735433, "log10_subsample": -0.1882635028055858, "max_depth": 4.0, "num_boost_round": 8.0}, "datetime": {"datetime": "2024-01-19 00:44:01", "elapsed": 1940.673895, "delta": 0.002331}}
{"target": -13.758503102168637, "params": {"gamma": 717.9629210123447, "log10_alpha": -4.467969931302286, "log10_colsample_bytree": -0.57411082624281, "log10_eta": -3.9146916342920326, "log10_lambda": -3.70243810266759, "log10_min_child_weight": 2.3310962776735433, "log10_subsample": -0.1882635028055858, "max_depth": 4.0, "num_boost_round": 9.0}, "datetime": {"datetime": "2024-01-19 00:44:01", "elapsed": 1940.676133, "delta": 0.002238}}
{"target": -13.758502436439887, "params": {"gamma": 717.9629210123447, "log10_alpha": -4.467969931302286, "log10_colsample_bytree": -0.57411082624281, "log10_eta": -3.9146916342920326, "log10_lambda": -3.70243810266759, "log10_min_child_weight": 2.3310962776735433, "log10_subsample": -0.1882635028055858, "max_depth": 4.0, "num_boost_round": 10.0}, "datetime": {"datetime": "2024-01-19 00:44:01", "elapsed": 1940.678379, "delta": 0.002246}}
{"target": -13.758499596085136, "params": {"gamma": 717.9629210123447, "log10_alpha": -4.467969931302286, "log10_colsample_bytree": -0.57411082624281, "log10_eta": -3.9146916342920326, "log10_lambda": -3.70243810266759, "log10_min_child_weight": 2.3310962776735433, "log10_subsample": -0.1882635028055858, "max_depth": 4.0, "num_boost_round": 11.0}, "datetime": {"datetime": "2024-01-19 00:44:01", "elapsed": 1940.68057, "delta": 0.002191}}
{"target": -13.758534988849787, "params": {"gamma": 721.2950741867202, "log10_alpha": 0.06185236154972085, "log10_colsample_bytree": -0.6945554598659833, "log10_eta": -3.569263581275222, "log10_lambda": 0.2146415903714205, "log10_min_child_weight": 4.374464484566157, "log10_subsample": -0.3553504492122114, "max_depth": 6.0, "num_boost_round": 0.0}, "datetime": {"datetime": "2024-01-19 00:44:45", "elapsed": 1984.421336, "delta": 43.740766}}
{"target": -13.758533311145657, "params": {"gamma": 721.2950741867202, "log10_alpha": 0.06185236154972085, "log10_colsample_bytree": -0.6945554598659833, "log10_eta": -3.569263581275222, "log10_lambda": 0.2146415903714205, "log10_min_child_weight": 4.374464484566157, "log10_subsample": -0.3553504492122114, "max_depth": 6.0, "num_boost_round": 1.0}, "datetime": {"datetime": "2024-01-19 00:44:45", "elapsed": 1984.424353, "delta": 0.003017}}
{"target": -13.758533588843964, "params": {"gamma": 721.2950741867202, "log10_alpha": 0.06185236154972085, "log10_colsample_bytree": -0.6945554598659833, "log10_eta": -3.569263581275222, "log10_lambda": 0.2146415903714205, "log10_min_child_weight": 4.374464484566157, "log10_subsample": -0.3553504492122114, "max_depth": 6.0, "num_boost_round": 2.0}, "datetime": {"datetime": "2024-01-19 00:44:45", "elapsed": 1984.426837, "delta": 0.002484}}
{"target": -13.75853062883249, "params": {"gamma": 721.2950741867202, "log10_alpha": 0.06185236154972085, "log10_colsample_bytree": -0.6945554598659833, "log10_eta": -3.569263581275222, "log10_lambda": 0.2146415903714205, "log10_min_child_weight": 4.374464484566157, "log10_subsample": -0.3553504492122114, "max_depth": 6.0, "num_boost_round": 3.0}, "datetime": {"datetime": "2024-01-19 00:44:45", "elapsed": 1984.429113, "delta": 0.002276}}
{"target": -13.758531892300018, "params": {"gamma": 721.2950741867202, "log10_alpha": 0.06185236154972085, "log10_colsample_bytree": -0.6945554598659833, "log10_eta": -3.569263581275222, "log10_lambda": 0.2146415903714205, "log10_min_child_weight": 4.374464484566157, "log10_subsample": -0.3553504492122114, "max_depth": 6.0, "num_boost_round": 4.0}, "datetime": {"datetime": "2024-01-19 00:44:45", "elapsed": 1984.43149, "delta": 0.002377}}
