{"target": -13.758532398830162, "params": {"gamma": 392.672470144115, "log10_alpha": -2.32802099066099, "log10_colsample_bytree": -0.9341712184449739, "log10_eta": -3.3776866777577097, "log10_lambda": -4.133289486703351, "log10_min_child_weight": 4.256161563507248, "log10_subsample": -0.47698827069029304, "max_depth": 2.0, "num_boost_round": 13.0}, "datetime": {"datetime": "2024-01-19 01:44:10", "elapsed": 5553.712597, "delta": 0.006047}}
{"target": -13.758529561309347, "params": {"gamma": 392.672470144115, "log10_alpha": -2.32802099066099, "log10_colsample_bytree": -0.9341712184449739, "log10_eta": -3.3776866777577097, "log10_lambda": -4.133289486703351, "log10_min_child_weight": 4.256161563507248, "log10_subsample": -0.47698827069029304, "max_depth": 2.0, "num_boost_round": 14.0}, "datetime": {"datetime": "2024-01-19 01:44:10", "elapsed": 5553.718459, "delta": 0.005862}}
{"target": -13.758526490598017, "params": {"gamma": 392.672470144115, "log10_alpha": -2.32802099066099, "log10_colsample_bytree": -0.9341712184449739, "log10_eta": -3.3776866777577097, "log10_lambda": -4.133289486703351, "log10_min_child_weight": 4.256161563507248, "log10_subsample": -0.47698827069029304, "max_depth": 2.0, "num_boost_round": 15.0}, "datetime": {"datetime": "2024-01-19 01:44:10", "elapsed": 5553.724363, "delta": 0.005904}}
{"target": -13.758055813024663, "params": {"gamma": 406.54606920845583, "log10_alpha": 0.5463489358690445, "log10_colsample_bytree": -0.26835248234803033, "log10_eta": -1.88760400917691, "log10_lambda": -3.5685664739687875, "log10_min_child_weight": 2.0341856386506207, "log10_subsample": -0.13605434850610465, "max_depth": 7.0, "num_boost_round": 0.0}, "datetime": {"datetime": "2024-01-19 01:46:24", "elapsed": 5687.683766, "delta": 133.959403}}
{"target": -13.758264761597603, "params": {"gamma": 406.54606920845583, "log10_alpha": 0.5463489358690445, "log10_colsample_bytree": -0.26835248234803033, "log10_eta": -1.88760400917691, "log10_lambda": -3.5685664739687875, "log10_min_child_weight": 2.0341856386506207, "log10_subsample": -0.13605434850610465, "max_depth": 7.0, "num_boost_round": 1.0}, "datetime": {"datetime": "2024-01-19 01:46:24", "elapsed": 5687.690913, "delta": 0.007147}}
{"target": -13.75801623371405, "params": {"gamma": 406.54606920845583, "log10_alpha": 0.5463489358690445, "log10_colsample_bytree": -0.26835248234803033, "log10_eta": -1.88760400917691, "log10_lambda": -3.5685664739687875, "log10_min_child_weight": 2.0341856386506207, "log10_subsample": -0.13605434850610465, "max_depth": 7.0, "num_boost_round": 2.0}, "datetime": {"datetime": "2024-01-19 01:46:24", "elapsed": 5687.697361, "delta": 0.006448}}
{"target": -13.757416280344927, "params": {"gamma": 406.54606920845583, "log10_alpha": 0.5463489358690445, "log10_colsample_bytree": -0.26835248234803033, "log10_eta": -1.88760400917691, "log10_lambda": -3.5685664739687875, "log10_min_child_weight": 2.0341856386506207, "log10_subsample": -0.13605434850610465, "max_depth": 7.0, "num_boost_round": 3.0}, "datetime": {"datetime": "2024-01-19 01:46:24", "elapsed": 5687.703856, "delta": 0.006495}}
{"target": -13.757225027443258, "params": {"gamma": 406.54606920845583, "log10_alpha": 0.5463489358690445, "log10_colsample_bytree": -0.26835248234803033, "log10_eta": -1.88760400917691, "log10_lambda": -3.5685664739687875, "log10_min_child_weight": 2.0341856386506207, "log10_subsample": -0.13605434850610465, "max_depth": 7.0, "num_boost_round": 4.0}, "datetime": {"datetime": "2024-01-19 01:46:24", "elapsed": 5687.709873, "delta": 0.006017}}
{"target": -13.756694464339178, "params": {"gamma": 406.54606920845583, "log10_alpha": 0.5463489358690445, "log10_colsample_bytree": -0.26835248234803033, "log10_eta": -1.88760400917691, "log10_lambda": -3.5685664739687875, "log10_min_child_weight": 2.0341856386506207, "log10_subsample": -0.13605434850610465, "max_depth": 7.0, "num_boost_round": 5.0}, "datetime": {"datetime": "2024-01-19 01:46:24", "elapsed": 5687.715746, "delta": 0.005873}}
{"target": -13.756692155653031, "params": {"gamma": 406.54606920845583, "log10_alpha": 0.5463489358690445, "log10_colsample_bytree": -0.26835248234803033, "log10_eta": -1.88760400917691, "log10_lambda": -3.5685664739687875, "log10_min_child_weight": 2.0341856386506207, "log10_subsample": -0.13605434850610465, "max_depth": 7.0, "num_boost_round": 6.0}, "datetime": {"datetime": "2024-01-19 01:46:24", "elapsed": 5687.721623, "delta": 0.005877}}
{"target": -13.757063619000691, "params": {"gamma": 406.54606920845583, "log10_alpha": 0.5463489358690445, "log10_colsample_bytree": -0.26835248234803033, "log10_eta": -1.88760400917691, "log10_lambda": -3.5685664739687875, "log10_min_child_weight": 2.0341856386506207, "log10_subsample": -0.13605434850610465, "max_depth": 7.0, "num_boost_round": 7.0}, "datetime": {"datetime": "2024-01-19 01:46:24", "elapsed": 5687.730595, "delta": 0.008972}}
{"target": -13.756940506524174, "params": {"gamma": 406.54606920845583, "log10_alpha": 0.5463489358690445, "log10_colsample_bytree": -0.26835248234803033, "log10_eta": -1.88760400917691, "log10_lambda": -3.5685664739687875, "log10_min_child_weight": 2.0341856386506207, "log10_subsample": -0.13605434850610465, "max_depth": 7.0, "num_boost_round": 8.0}, "datetime": {"datetime": "2024-01-19 01:46:24", "elapsed": 5687.736429, "delta": 0.005834}}
{"target": -13.756835807784343, "params": {"gamma": 406.54606920845583, "log10_alpha": 0.5463489358690445, "log10_colsample_bytree": -0.26835248234803033, "log10_eta": -1.88760400917691, "log10_lambda": -3.5685664739687875, "log10_min_child_weight": 2.0341856386506207, "log10_subsample": -0.13605434850610465, "max_depth": 7.0, "num_boost_round": 9.0}, "datetime": {"datetime": "2024-01-19 01:46:24", "elapsed": 5687.742245, "delta": 0.005816}}
{"target": -13.757548627901212, "params": {"gamma": 406.54606920845583, "log10_alpha": 0.5463489358690445, "log10_colsample_bytree": -0.26835248234803033, "log10_eta": -1.88760400917691, "log10_lambda": -3.5685664739687875, "log10_min_child_weight": 2.0341856386506207, "log10_subsample": -0.13605434850610465, "max_depth": 7.0, "num_boost_round": 10.0}, "datetime": {"datetime": "2024-01-19 01:46:24", "elapsed": 5687.748197, "delta": 0.005952}}
{"target": -13.757611456503835, "params": {"gamma": 406.54606920845583, "log10_alpha": 0.5463489358690445, "log10_colsample_bytree": -0.26835248234803033, "log10_eta": -1.88760400917691, "log10_lambda": -3.5685664739687875, "log10_min_child_weight": 2.0341856386506207, "log10_subsample": -0.13605434850610465, "max_depth": 7.0, "num_boost_round": 11.0}, "datetime": {"datetime": "2024-01-19 01:46:24", "elapsed": 5687.75412, "delta": 0.005923}}
{"target": -13.758099291856286, "params": {"gamma": 406.54606920845583, "log10_alpha": 0.5463489358690445, "log10_colsample_bytree": -0.26835248234803033, "log10_eta": -1.88760400917691, "log10_lambda": -3.5685664739687875, "log10_min_child_weight": 2.0341856386506207, "log10_subsample": -0.13605434850610465, "max_depth": 7.0, "num_boost_round": 12.0}, "datetime": {"datetime": "2024-01-19 01:46:24", "elapsed": 5687.760016, "delta": 0.005896}}
{"target": -13.758568540473604, "params": {"gamma": 406.54606920845583, "log10_alpha": 0.5463489358690445, "log10_colsample_bytree": -0.26835248234803033, "log10_eta": -1.88760400917691, "log10_lambda": -3.5685664739687875, "log10_min_child_weight": 2.0341856386506207, "log10_subsample": -0.13605434850610465, "max_depth": 7.0, "num_boost_round": 13.0}, "datetime": {"datetime": "2024-01-19 01:46:24", "elapsed": 5687.765886, "delta": 0.00587}}
{"target": -13.759125303731802, "params": {"gamma": 406.54606920845583, "log10_alpha": 0.5463489358690445, "log10_colsample_bytree": -0.26835248234803033, "log10_eta": -1.88760400917691, "log10_lambda": -3.5685664739687875, "log10_min_child_weight": 2.0341856386506207, "log10_subsample": -0.13605434850610465, "max_depth": 7.0, "num_boost_round": 14.0}, "datetime": {"datetime": "2024-01-19 01:46:24", "elapsed": 5687.771832, "delta": 0.005946}}
{"target": -13.758593284228422, "params": {"gamma": 406.54606920845583, "log10_alpha": 0.5463489358690445, "log10_colsample_bytree": -0.26835248234803033, "log10_eta": -1.88760400917691, "log10_lambda": -3.5685664739687875, "log10_min_child_weight": 2.0341856386506207, "log10_subsample": -0.13605434850610465, "max_depth": 7.0, "num_boost_round": 15.0}, "datetime": {"datetime": "2024-01-19 01:46:24", "elapsed": 5687.777646, "delta": 0.005814}}
{"target": -13.969061088768015, "params": {"gamma": 390.319088490601, "log10_alpha": 0.9863607330694055, "log10_colsample_bytree": -0.3667782663522574, "log10_eta": -0.13176143507966698, "log10_lambda": -4.6777309003864875, "log10_min_child_weight": 1.5806609126026965, "log10_subsample": -0.9145988503160047, "max_depth": 9.0, "num_boost_round": 0.0}, "datetime": {"datetime": "2024-01-19 01:48:01", "elapsed": 5784.418682, "delta": 96.641036}}
{"target": -14.074438705137435, "params": {"gamma": 390.319088490601, "log10_alpha": 0.9863607330694055, "log10_colsample_bytree": -0.3667782663522574, "log10_eta": -0.13176143507966698, "log10_lambda": -4.6777309003864875, "log10_min_child_weight": 1.5806609126026965, "log10_subsample": -0.9145988503160047, "max_depth": 9.0, "num_boost_round": 1.0}, "datetime": {"datetime": "2024-01-19 01:48:01", "elapsed": 5784.425348, "delta": 0.006666}}
{"target": -14.304820314128472, "params": {"gamma": 390.319088490601, "log10_alpha": 0.9863607330694055, "log10_colsample_bytree": -0.3667782663522574, "log10_eta": -0.13176143507966698, "log10_lambda": -4.6777309003864875, "log10_min_child_weight": 1.5806609126026965, "log10_subsample": -0.9145988503160047, "max_depth": 9.0, "num_boost_round": 2.0}, "datetime": {"datetime": "2024-01-19 01:48:01", "elapsed": 5784.431454, "delta": 0.006106}}
{"target": -14.492530377672615, "params": {"gamma": 390.319088490601, "log10_alpha": 0.9863607330694055, "log10_colsample_bytree": -0.3667782663522574, "log10_eta": -0.13176143507966698, "log10_lambda": -4.6777309003864875, "log10_min_child_weight": 1.5806609126026965, "log10_subsample": -0.9145988503160047, "max_depth": 9.0, "num_boost_round": 3.0}, "datetime": {"datetime": "2024-01-19 01:48:01", "elapsed": 5784.437341, "delta": 0.005887}}
{"target": -14.611722155464713, "params": {"gamma": 390.319088490601, "log10_alpha": 0.9863607330694055, "log10_colsample_bytree": -0.3667782663522574, "log10_eta": -0.13176143507966698, "log10_lambda": -4.6777309003864875, "log10_min_child_weight": 1.5806609126026965, "log10_subsample": -0.9145988503160047, "max_depth": 9.0, "num_boost_round": 4.0}, "datetime": {"datetime": "2024-01-19 01:48:01", "elapsed": 5784.443202, "delta": 0.005861}}
{"target": -15.095000341051511, "params": {"gamma": 390.319088490601, "log10_alpha": 0.9863607330694055, "log10_colsample_bytree": -0.3667782663522574, "log10_eta": -0.13176143507966698, "log10_lambda": -4.6777309003864875, "log10_min_child_weight": 1.5806609126026965, "log10_subsample": -0.9145988503160047, "max_depth": 9.0, "num_boost_round": 5.0}, "datetime": {"datetime": "2024-01-19 01:48:01", "elapsed": 5784.449185, "delta": 0.005983}}
{"target": -15.285177561428304, "params": {"gamma": 390.319088490601, "log10_alpha": 0.9863607330694055, "log10_colsample_bytree": -0.3667782663522574, "log10_eta": -0.13176143507966698, "log10_lambda": -4.6777309003864875, "log10_min_child_weight": 1.5806609126026965, "log10_subsample": -0.9145988503160047, "max_depth": 9.0, "num_boost_round": 6.0}, "datetime": {"datetime": "2024-01-19 01:48:01", "elapsed": 5784.455037, "delta": 0.005852}}
{"target": -15.364561293583051, "params": {"gamma": 390.319088490601, "log10_alpha": 0.9863607330694055, "log10_colsample_bytree": -0.3667782663522574, "log10_eta": -0.13176143507966698, "log10_lambda": -4.6777309003864875, "log10_min_child_weight": 1.5806609126026965, "log10_subsample": -0.9145988503160047, "max_depth": 9.0, "num_boost_round": 7.0}, "datetime": {"datetime": "2024-01-19 01:48:01", "elapsed": 5784.460909, "delta": 0.005872}}
{"target": -15.423979423631293, "params": {"gamma": 390.319088490601, "log10_alpha": 0.9863607330694055, "log10_colsample_bytree": -0.3667782663522574, "log10_eta": -0.13176143507966698, "log10_lambda": -4.6777309003864875, "log10_min_child_weight": 1.5806609126026965, "log10_subsample": -0.9145988503160047, "max_depth": 9.0, "num_boost_round": 8.0}, "datetime": {"datetime": "2024-01-19 01:48:01", "elapsed": 5784.466769, "delta": 0.00586}}
{"target": -15.470021265793186, "params": {"gamma": 390.319088490601, "log10_alpha": 0.9863607330694055, "log10_colsample_bytree": -0.3667782663522574, "log10_eta": -0.13176143507966698, "log10_lambda": -4.6777309003864875, "log10_min_child_weight": 1.5806609126026965, "log10_subsample": -0.9145988503160047, "max_depth": 9.0, "num_boost_round": 9.0}, "datetime": {"datetime": "2024-01-19 01:48:01", "elapsed": 5784.472744, "delta": 0.005975}}
{"target": -15.501849804901276, "params": {"gamma": 390.319088490601, "log10_alpha": 0.9863607330694055, "log10_colsample_bytree": -0.3667782663522574, "log10_eta": -0.13176143507966698, "log10_lambda": -4.6777309003864875, "log10_min_child_weight": 1.5806609126026965, "log10_subsample": -0.9145988503160047, "max_depth": 9.0, "num_boost_round": 10.0}, "datetime": {"datetime": "2024-01-19 01:48:01", "elapsed": 5784.478629, "delta": 0.005885}}
{"target": -15.585187369498765, "params": {"gamma": 390.319088490601, "log10_alpha": 0.9863607330694055, "log10_colsample_bytree": -0.3667782663522574, "log10_eta": -0.13176143507966698, "log10_lambda": -4.6777309003864875, "log10_min_child_weight": 1.5806609126026965, "log10_subsample": -0.9145988503160047, "max_depth": 9.0, "num_boost_round": 11.0}, "datetime": {"datetime": "2024-01-19 01:48:01", "elapsed": 5784.484519, "delta": 0.00589}}
{"target": -15.632552151084353, "params": {"gamma": 390.319088490601, "log10_alpha": 0.9863607330694055, "log10_colsample_bytree": -0.3667782663522574, "log10_eta": -0.13176143507966698, "log10_lambda": -4.6777309003864875, "log10_min_child_weight": 1.5806609126026965, "log10_subsample": -0.9145988503160047, "max_depth": 9.0, "num_boost_round": 12.0}, "datetime": {"datetime": "2024-01-19 01:48:01", "elapsed": 5784.490652, "delta": 0.006133}}
{"target": -15.667739551333332, "params": {"gamma": 390.319088490601, "log10_alpha": 0.9863607330694055, "log10_colsample_bytree": -0.3667782663522574, "log10_eta": -0.13176143507966698, "log10_lambda": -4.6777309003864875, "log10_min_child_weight": 1.5806609126026965, "log10_subsample": -0.9145988503160047, "max_depth": 9.0, "num_boost_round": 13.0}, "datetime": {"datetime": "2024-01-19 01:48:01", "elapsed": 5784.496675, "delta": 0.006023}}
{"target": -15.731033571555141, "params": {"gamma": 390.319088490601, "log10_alpha": 0.9863607330694055, "log10_colsample_bytree": -0.3667782663522574, "log10_eta": -0.13176143507966698, "log10_lambda": -4.6777309003864875, "log10_min_child_weight": 1.5806609126026965, "log10_subsample": -0.9145988503160047, "max_depth": 9.0, "num_boost_round": 14.0}, "datetime": {"datetime": "2024-01-19 01:48:01", "elapsed": 5784.502707, "delta": 0.006032}}
{"target": -15.79803025651166, "params": {"gamma": 390.319088490601, "log10_alpha": 0.9863607330694055, "log10_colsample_bytree": -0.3667782663522574, "log10_eta": -0.13176143507966698, "log10_lambda": -4.6777309003864875, "log10_min_child_weight": 1.5806609126026965, "log10_subsample": -0.9145988503160047, "max_depth": 9.0, "num_boost_round": 15.0}, "datetime": {"datetime": "2024-01-19 01:48:01", "elapsed": 5784.508751, "delta": 0.006044}}
{"target": -15.848024261486634, "params": {"gamma": 390.319088490601, "log10_alpha": 0.9863607330694055, "log10_colsample_bytree": -0.3667782663522574, "log10_eta": -0.13176143507966698, "log10_lambda": -4.6777309003864875, "log10_min_child_weight": 1.5806609126026965, "log10_subsample": -0.9145988503160047, "max_depth": 9.0, "num_boost_round": 16.0}, "datetime": {"datetime": "2024-01-19 01:48:01", "elapsed": 5784.514769, "delta": 0.006018}}
{"target": -15.893651729781348, "params": {"gamma": 390.319088490601, "log10_alpha": 0.9863607330694055, "log10_colsample_bytree": -0.3667782663522574, "log10_eta": -0.13176143507966698, "log10_lambda": -4.6777309003864875, "log10_min_child_weight": 1.5806609126026965, "log10_subsample": -0.9145988503160047, "max_depth": 9.0, "num_boost_round": 17.0}, "datetime": {"datetime": "2024-01-19 01:48:01", "elapsed": 5784.520659, "delta": 0.00589}}
{"target": -13.758535239072769, "params": {"gamma": 404.5573323444515, "log10_alpha": -4.724703417498795, "log10_colsample_bytree": -0.9680553371228697, "log10_eta": -3.757784112716537, "log10_lambda": -1.0570827539175207, "log10_min_child_weight": 2.980364800145308, "log10_subsample": -0.2295525911153804, "max_depth": 6.0, "num_boost_round": 0.0}, "datetime": {"datetime": "2024-01-19 01:50:12", "elapsed": 5915.63507, "delta": 131.114411}}
{"target": -13.7585374504365, "params": {"gamma": 404.5573323444515, "log10_alpha": -4.724703417498795, "log10_colsample_bytree": -0.9680553371228697, "log10_eta": -3.757784112716537, "log10_lambda": -1.0570827539175207, "log10_min_child_weight": 2.980364800145308, "log10_subsample": -0.2295525911153804, "max_depth": 6.0, "num_boost_round": 1.0}, "datetime": {"datetime": "2024-01-19 01:50:12", "elapsed": 5915.641853, "delta": 0.006783}}
{"target": -13.758534930932674, "params": {"gamma": 404.5573323444515, "log10_alpha": -4.724703417498795, "log10_colsample_bytree": -0.9680553371228697, "log10_eta": -3.757784112716537, "log10_lambda": -1.0570827539175207, "log10_min_child_weight": 2.980364800145308, "log10_subsample": -0.2295525911153804, "max_depth": 6.0, "num_boost_round": 2.0}, "datetime": {"datetime": "2024-01-19 01:50:12", "elapsed": 5915.648088, "delta": 0.006235}}
{"target": -13.758531760231762, "params": {"gamma": 404.5573323444515, "log10_alpha": -4.724703417498795, "log10_colsample_bytree": -0.9680553371228697, "log10_eta": -3.757784112716537, "log10_lambda": -1.0570827539175207, "log10_min_child_weight": 2.980364800145308, "log10_subsample": -0.2295525911153804, "max_depth": 6.0, "num_boost_round": 3.0}, "datetime": {"datetime": "2024-01-19 01:50:12", "elapsed": 5915.746141, "delta": 0.098053}}
{"target": -13.75852909863758, "params": {"gamma": 404.5573323444515, "log10_alpha": -4.724703417498795, "log10_colsample_bytree": -0.9680553371228697, "log10_eta": -3.757784112716537, "log10_lambda": -1.0570827539175207, "log10_min_child_weight": 2.980364800145308, "log10_subsample": -0.2295525911153804, "max_depth": 6.0, "num_boost_round": 4.0}, "datetime": {"datetime": "2024-01-19 01:50:12", "elapsed": 5915.753124, "delta": 0.006983}}
{"target": -13.7585257423322, "params": {"gamma": 404.5573323444515, "log10_alpha": -4.724703417498795, "log10_colsample_bytree": -0.9680553371228697, "log10_eta": -3.757784112716537, "log10_lambda": -1.0570827539175207, "log10_min_child_weight": 2.980364800145308, "log10_subsample": -0.2295525911153804, "max_depth": 6.0, "num_boost_round": 5.0}, "datetime": {"datetime": "2024-01-19 01:50:12", "elapsed": 5915.759368, "delta": 0.006244}}
{"target": -13.758526657962188, "params": {"gamma": 404.5573323444515, "log10_alpha": -4.724703417498795, "log10_colsample_bytree": -0.9680553371228697, "log10_eta": -3.757784112716537, "log10_lambda": -1.0570827539175207, "log10_min_child_weight": 2.980364800145308, "log10_subsample": -0.2295525911153804, "max_depth": 6.0, "num_boost_round": 6.0}, "datetime": {"datetime": "2024-01-19 01:50:12", "elapsed": 5915.765501, "delta": 0.006133}}
{"target": -13.758518477678995, "params": {"gamma": 404.5573323444515, "log10_alpha": -4.724703417498795, "log10_colsample_bytree": -0.9680553371228697, "log10_eta": -3.757784112716537, "log10_lambda": -1.0570827539175207, "log10_min_child_weight": 2.980364800145308, "log10_subsample": -0.2295525911153804, "max_depth": 6.0, "num_boost_round": 7.0}, "datetime": {"datetime": "2024-01-19 01:50:12", "elapsed": 5915.771824, "delta": 0.006323}}
{"target": -13.758517854011577, "params": {"gamma": 404.5573323444515, "log10_alpha": -4.724703417498795, "log10_colsample_bytree": -0.9680553371228697, "log10_eta": -3.757784112716537, "log10_lambda": -1.0570827539175207, "log10_min_child_weight": 2.980364800145308, "log10_subsample": -0.2295525911153804, "max_depth": 6.0, "num_boost_round": 8.0}, "datetime": {"datetime": "2024-01-19 01:50:12", "elapsed": 5915.777965, "delta": 0.006141}}
{"target": -13.758517700055611, "params": {"gamma": 404.5573323444515, "log10_alpha": -4.724703417498795, "log10_colsample_bytree": -0.9680553371228697, "log10_eta": -3.757784112716537, "log10_lambda": -1.0570827539175207, "log10_min_child_weight": 2.980364800145308, "log10_subsample": -0.2295525911153804, "max_depth": 6.0, "num_boost_round": 9.0}, "datetime": {"datetime": "2024-01-19 01:50:12", "elapsed": 5915.784139, "delta": 0.006174}}
{"target": -13.758516243699713, "params": {"gamma": 404.5573323444515, "log10_alpha": -4.724703417498795, "log10_colsample_bytree": -0.9680553371228697, "log10_eta": -3.757784112716537, "log10_lambda": -1.0570827539175207, "log10_min_child_weight": 2.980364800145308, "log10_subsample": -0.2295525911153804, "max_depth": 6.0, "num_boost_round": 10.0}, "datetime": {"datetime": "2024-01-19 01:50:12", "elapsed": 5915.790611, "delta": 0.006472}}
{"target": -13.75851333309238, "params": {"gamma": 404.5573323444515, "log10_alpha": -4.724703417498795, "log10_colsample_bytree": -0.9680553371228697, "log10_eta": -3.757784112716537, "log10_lambda": -1.0570827539175207, "log10_min_child_weight": 2.980364800145308, "log10_subsample": -0.2295525911153804, "max_depth": 6.0, "num_boost_round": 11.0}, "datetime": {"datetime": "2024-01-19 01:50:12", "elapsed": 5915.796967, "delta": 0.006356}}
