{"target": -13.758488724109103, "params": {"gamma": 177.88372937109165, "log10_alpha": -4.373602293282499, "log10_colsample_bytree": -0.12451388776296513, "log10_eta": -3.543916954735756, "log10_lambda": -4.583783545191494, "log10_min_child_weight": 2.0185364709570672, "log10_subsample": -0.059464457352728095, "max_depth": 3.0, "num_boost_round": 24.0}, "datetime": {"datetime": "2024-01-19 00:29:42", "elapsed": 1090.058792, "delta": 0.00149}}
{"target": -13.75848319444788, "params": {"gamma": 177.88372937109165, "log10_alpha": -4.373602293282499, "log10_colsample_bytree": -0.12451388776296513, "log10_eta": -3.543916954735756, "log10_lambda": -4.583783545191494, "log10_min_child_weight": 2.0185364709570672, "log10_subsample": -0.059464457352728095, "max_depth": 3.0, "num_boost_round": 25.0}, "datetime": {"datetime": "2024-01-19 00:29:42", "elapsed": 1090.060311, "delta": 0.001519}}
{"target": -13.758481571055471, "params": {"gamma": 177.88372937109165, "log10_alpha": -4.373602293282499, "log10_colsample_bytree": -0.12451388776296513, "log10_eta": -3.543916954735756, "log10_lambda": -4.583783545191494, "log10_min_child_weight": 2.0185364709570672, "log10_subsample": -0.059464457352728095, "max_depth": 3.0, "num_boost_round": 26.0}, "datetime": {"datetime": "2024-01-19 00:29:42", "elapsed": 1090.061757, "delta": 0.001446}}
{"target": -13.758537212353643, "params": {"gamma": 206.02768373991356, "log10_alpha": -5.0, "log10_colsample_bytree": 0.0, "log10_eta": -4.0, "log10_lambda": -0.3230027527289352, "log10_min_child_weight": 0.0, "log10_subsample": 0.0, "max_depth": 2.0, "num_boost_round": 0.0}, "datetime": {"datetime": "2024-01-19 00:30:01", "elapsed": 1109.299744, "delta": 19.237987}}
{"target": -13.758536053809973, "params": {"gamma": 206.02768373991356, "log10_alpha": -5.0, "log10_colsample_bytree": 0.0, "log10_eta": -4.0, "log10_lambda": -0.3230027527289352, "log10_min_child_weight": 0.0, "log10_subsample": 0.0, "max_depth": 2.0, "num_boost_round": 1.0}, "datetime": {"datetime": "2024-01-19 00:30:01", "elapsed": 1109.30181, "delta": 0.002066}}
{"target": -13.758534937621109, "params": {"gamma": 206.02768373991356, "log10_alpha": -5.0, "log10_colsample_bytree": 0.0, "log10_eta": -4.0, "log10_lambda": -0.3230027527289352, "log10_min_child_weight": 0.0, "log10_subsample": 0.0, "max_depth": 2.0, "num_boost_round": 2.0}, "datetime": {"datetime": "2024-01-19 00:30:01", "elapsed": 1109.303308, "delta": 0.001498}}
{"target": -13.75853378418267, "params": {"gamma": 206.02768373991356, "log10_alpha": -5.0, "log10_colsample_bytree": 0.0, "log10_eta": -4.0, "log10_lambda": -0.3230027527289352, "log10_min_child_weight": 0.0, "log10_subsample": 0.0, "max_depth": 2.0, "num_boost_round": 3.0}, "datetime": {"datetime": "2024-01-19 00:30:01", "elapsed": 1109.304937, "delta": 0.001629}}
{"target": -13.758532700267908, "params": {"gamma": 206.02768373991356, "log10_alpha": -5.0, "log10_colsample_bytree": 0.0, "log10_eta": -4.0, "log10_lambda": -0.3230027527289352, "log10_min_child_weight": 0.0, "log10_subsample": 0.0, "max_depth": 2.0, "num_boost_round": 4.0}, "datetime": {"datetime": "2024-01-19 00:30:01", "elapsed": 1109.306395, "delta": 0.001458}}
{"target": -13.758531547954888, "params": {"gamma": 206.02768373991356, "log10_alpha": -5.0, "log10_colsample_bytree": 0.0, "log10_eta": -4.0, "log10_lambda": -0.3230027527289352, "log10_min_child_weight": 0.0, "log10_subsample": 0.0, "max_depth": 2.0, "num_boost_round": 5.0}, "datetime": {"datetime": "2024-01-19 00:30:01", "elapsed": 1109.30789, "delta": 0.001495}}
{"target": -13.758530429041487, "params": {"gamma": 206.02768373991356, "log10_alpha": -5.0, "log10_colsample_bytree": 0.0, "log10_eta": -4.0, "log10_lambda": -0.3230027527289352, "log10_min_child_weight": 0.0, "log10_subsample": 0.0, "max_depth": 2.0, "num_boost_round": 6.0}, "datetime": {"datetime": "2024-01-19 00:30:01", "elapsed": 1109.309405, "delta": 0.001515}}
{"target": -13.758529280754423, "params": {"gamma": 206.02768373991356, "log10_alpha": -5.0, "log10_colsample_bytree": 0.0, "log10_eta": -4.0, "log10_lambda": -0.3230027527289352, "log10_min_child_weight": 0.0, "log10_subsample": 0.0, "max_depth": 2.0, "num_boost_round": 7.0}, "datetime": {"datetime": "2024-01-19 00:30:01", "elapsed": 1109.310856, "delta": 0.001451}}
{"target": -13.758528194233127, "params": {"gamma": 206.02768373991356, "log10_alpha": -5.0, "log10_colsample_bytree": 0.0, "log10_eta": -4.0, "log10_lambda": -0.3230027527289352, "log10_min_child_weight": 0.0, "log10_subsample": 0.0, "max_depth": 2.0, "num_boost_round": 8.0}, "datetime": {"datetime": "2024-01-19 00:30:01", "elapsed": 1109.312383, "delta": 0.001527}}
{"target": -13.758527065440463, "params": {"gamma": 206.02768373991356, "log10_alpha": -5.0, "log10_colsample_bytree": 0.0, "log10_eta": -4.0, "log10_lambda": -0.3230027527289352, "log10_min_child_weight": 0.0, "log10_subsample": 0.0, "max_depth": 2.0, "num_boost_round": 9.0}, "datetime": {"datetime": "2024-01-19 00:30:01", "elapsed": 1109.313818, "delta": 0.001435}}
{"target": -13.758491290729646, "params": {"gamma": 167.22565407658752, "log10_alpha": -3.0266773682974497, "log10_colsample_bytree": -0.7828934979381735, "log10_eta": -2.5453615624242567, "log10_lambda": -2.309776192130879, "log10_min_child_weight": 0.7149910258885722, "log10_subsample": -0.19885008480443, "max_depth": 3.0, "num_boost_round": 0.0}, "datetime": {"datetime": "2024-01-19 00:30:24", "elapsed": 1132.194679, "delta": 22.880861}}
{"target": -13.758465118334692, "params": {"gamma": 167.22565407658752, "log10_alpha": -3.0266773682974497, "log10_colsample_bytree": -0.7828934979381735, "log10_eta": -2.5453615624242567, "log10_lambda": -2.309776192130879, "log10_min_child_weight": 0.7149910258885722, "log10_subsample": -0.19885008480443, "max_depth": 3.0, "num_boost_round": 1.0}, "datetime": {"datetime": "2024-01-19 00:30:24", "elapsed": 1132.196719, "delta": 0.00204}}
{"target": -13.75842643973908, "params": {"gamma": 167.22565407658752, "log10_alpha": -3.0266773682974497, "log10_colsample_bytree": -0.7828934979381735, "log10_eta": -2.5453615624242567, "log10_lambda": -2.309776192130879, "log10_min_child_weight": 0.7149910258885722, "log10_subsample": -0.19885008480443, "max_depth": 3.0, "num_boost_round": 2.0}, "datetime": {"datetime": "2024-01-19 00:30:24", "elapsed": 1132.198536, "delta": 0.001817}}
{"target": -13.758338627326257, "params": {"gamma": 167.22565407658752, "log10_alpha": -3.0266773682974497, "log10_colsample_bytree": -0.7828934979381735, "log10_eta": -2.5453615624242567, "log10_lambda": -2.309776192130879, "log10_min_child_weight": 0.7149910258885722, "log10_subsample": -0.19885008480443, "max_depth": 3.0, "num_boost_round": 3.0}, "datetime": {"datetime": "2024-01-19 00:30:24", "elapsed": 1132.200217, "delta": 0.001681}}
{"target": -13.758341636972354, "params": {"gamma": 167.22565407658752, "log10_alpha": -3.0266773682974497, "log10_colsample_bytree": -0.7828934979381735, "log10_eta": -2.5453615624242567, "log10_lambda": -2.309776192130879, "log10_min_child_weight": 0.7149910258885722, "log10_subsample": -0.19885008480443, "max_depth": 3.0, "num_boost_round": 4.0}, "datetime": {"datetime": "2024-01-19 00:30:24", "elapsed": 1132.201679, "delta": 0.001462}}
{"target": -13.758337811647639, "params": {"gamma": 167.22565407658752, "log10_alpha": -3.0266773682974497, "log10_colsample_bytree": -0.7828934979381735, "log10_eta": -2.5453615624242567, "log10_lambda": -2.309776192130879, "log10_min_child_weight": 0.7149910258885722, "log10_subsample": -0.19885008480443, "max_depth": 3.0, "num_boost_round": 5.0}, "datetime": {"datetime": "2024-01-19 00:30:24", "elapsed": 1132.203203, "delta": 0.001524}}
{"target": -13.758290870569985, "params": {"gamma": 167.22565407658752, "log10_alpha": -3.0266773682974497, "log10_colsample_bytree": -0.7828934979381735, "log10_eta": -2.5453615624242567, "log10_lambda": -2.309776192130879, "log10_min_child_weight": 0.7149910258885722, "log10_subsample": -0.19885008480443, "max_depth": 3.0, "num_boost_round": 6.0}, "datetime": {"datetime": "2024-01-19 00:30:24", "elapsed": 1132.204753, "delta": 0.00155}}
{"target": -13.758246436833208, "params": {"gamma": 167.22565407658752, "log10_alpha": -3.0266773682974497, "log10_colsample_bytree": -0.7828934979381735, "log10_eta": -2.5453615624242567, "log10_lambda": -2.309776192130879, "log10_min_child_weight": 0.7149910258885722, "log10_subsample": -0.19885008480443, "max_depth": 3.0, "num_boost_round": 7.0}, "datetime": {"datetime": "2024-01-19 00:30:24", "elapsed": 1132.206223, "delta": 0.00147}}
{"target": -13.758269892946606, "params": {"gamma": 167.22565407658752, "log10_alpha": -3.0266773682974497, "log10_colsample_bytree": -0.7828934979381735, "log10_eta": -2.5453615624242567, "log10_lambda": -2.309776192130879, "log10_min_child_weight": 0.7149910258885722, "log10_subsample": -0.19885008480443, "max_depth": 3.0, "num_boost_round": 8.0}, "datetime": {"datetime": "2024-01-19 00:30:24", "elapsed": 1132.207674, "delta": 0.001451}}
{"target": -13.758275702159924, "params": {"gamma": 167.22565407658752, "log10_alpha": -3.0266773682974497, "log10_colsample_bytree": -0.7828934979381735, "log10_eta": -2.5453615624242567, "log10_lambda": -2.309776192130879, "log10_min_child_weight": 0.7149910258885722, "log10_subsample": -0.19885008480443, "max_depth": 3.0, "num_boost_round": 9.0}, "datetime": {"datetime": "2024-01-19 00:30:24", "elapsed": 1132.209124, "delta": 0.00145}}
{"target": -13.758237883061447, "params": {"gamma": 167.22565407658752, "log10_alpha": -3.0266773682974497, "log10_colsample_bytree": -0.7828934979381735, "log10_eta": -2.5453615624242567, "log10_lambda": -2.309776192130879, "log10_min_child_weight": 0.7149910258885722, "log10_subsample": -0.19885008480443, "max_depth": 3.0, "num_boost_round": 10.0}, "datetime": {"datetime": "2024-01-19 00:30:24", "elapsed": 1132.210666, "delta": 0.001542}}
{"target": -13.758200316078192, "params": {"gamma": 167.22565407658752, "log10_alpha": -3.0266773682974497, "log10_colsample_bytree": -0.7828934979381735, "log10_eta": -2.5453615624242567, "log10_lambda": -2.309776192130879, "log10_min_child_weight": 0.7149910258885722, "log10_subsample": -0.19885008480443, "max_depth": 3.0, "num_boost_round": 11.0}, "datetime": {"datetime": "2024-01-19 00:30:24", "elapsed": 1132.212133, "delta": 0.001467}}
{"target": -13.758152661147978, "params": {"gamma": 167.22565407658752, "log10_alpha": -3.0266773682974497, "log10_colsample_bytree": -0.7828934979381735, "log10_eta": -2.5453615624242567, "log10_lambda": -2.309776192130879, "log10_min_child_weight": 0.7149910258885722, "log10_subsample": -0.19885008480443, "max_depth": 3.0, "num_boost_round": 12.0}, "datetime": {"datetime": "2024-01-19 00:30:24", "elapsed": 1132.213593, "delta": 0.00146}}
{"target": -13.75811352977477, "params": {"gamma": 167.22565407658752, "log10_alpha": -3.0266773682974497, "log10_colsample_bytree": -0.7828934979381735, "log10_eta": -2.5453615624242567, "log10_lambda": -2.309776192130879, "log10_min_child_weight": 0.7149910258885722, "log10_subsample": -0.19885008480443, "max_depth": 3.0, "num_boost_round": 13.0}, "datetime": {"datetime": "2024-01-19 00:30:24", "elapsed": 1132.215068, "delta": 0.001475}}
{"target": -13.758091794852408, "params": {"gamma": 167.22565407658752, "log10_alpha": -3.0266773682974497, "log10_colsample_bytree": -0.7828934979381735, "log10_eta": -2.5453615624242567, "log10_lambda": -2.309776192130879, "log10_min_child_weight": 0.7149910258885722, "log10_subsample": -0.19885008480443, "max_depth": 3.0, "num_boost_round": 14.0}, "datetime": {"datetime": "2024-01-19 00:30:24", "elapsed": 1132.216534, "delta": 0.001466}}
{"target": -13.7580740235, "params": {"gamma": 167.22565407658752, "log10_alpha": -3.0266773682974497, "log10_colsample_bytree": -0.7828934979381735, "log10_eta": -2.5453615624242567, "log10_lambda": -2.309776192130879, "log10_min_child_weight": 0.7149910258885722, "log10_subsample": -0.19885008480443, "max_depth": 3.0, "num_boost_round": 15.0}, "datetime": {"datetime": "2024-01-19 00:30:24", "elapsed": 1132.218134, "delta": 0.0016}}
{"target": -13.758062206436007, "params": {"gamma": 167.22565407658752, "log10_alpha": -3.0266773682974497, "log10_colsample_bytree": -0.7828934979381735, "log10_eta": -2.5453615624242567, "log10_lambda": -2.309776192130879, "log10_min_child_weight": 0.7149910258885722, "log10_subsample": -0.19885008480443, "max_depth": 3.0, "num_boost_round": 16.0}, "datetime": {"datetime": "2024-01-19 00:30:24", "elapsed": 1132.219684, "delta": 0.00155}}
{"target": -13.758061484302827, "params": {"gamma": 167.22565407658752, "log10_alpha": -3.0266773682974497, "log10_colsample_bytree": -0.7828934979381735, "log10_eta": -2.5453615624242567, "log10_lambda": -2.309776192130879, "log10_min_child_weight": 0.7149910258885722, "log10_subsample": -0.19885008480443, "max_depth": 3.0, "num_boost_round": 17.0}, "datetime": {"datetime": "2024-01-19 00:30:24", "elapsed": 1132.221159, "delta": 0.001475}}
{"target": -13.75803707561373, "params": {"gamma": 167.22565407658752, "log10_alpha": -3.0266773682974497, "log10_colsample_bytree": -0.7828934979381735, "log10_eta": -2.5453615624242567, "log10_lambda": -2.309776192130879, "log10_min_child_weight": 0.7149910258885722, "log10_subsample": -0.19885008480443, "max_depth": 3.0, "num_boost_round": 18.0}, "datetime": {"datetime": "2024-01-19 00:30:24", "elapsed": 1132.222644, "delta": 0.001485}}
{"target": -13.758440241152197, "params": {"gamma": 173.90050202380903, "log10_alpha": 0.3445081788769482, "log10_colsample_bytree": -0.0700380630750983, "log10_eta": -2.0354184601839944, "log10_lambda": 0.37896660964355533, "log10_min_child_weight": 0.7721373841514367, "log10_subsample": -0.6657441978179688, "max_depth": 2.0, "num_boost_round": 0.0}, "datetime": {"datetime": "2024-01-19 00:30:46", "elapsed": 1154.211867, "delta": 21.989223}}
{"target": -13.758360425670594, "params": {"gamma": 173.90050202380903, "log10_alpha": 0.3445081788769482, "log10_colsample_bytree": -0.0700380630750983, "log10_eta": -2.0354184601839944, "log10_lambda": 0.37896660964355533, "log10_min_child_weight": 0.7721373841514367, "log10_subsample": -0.6657441978179688, "max_depth": 2.0, "num_boost_round": 1.0}, "datetime": {"datetime": "2024-01-19 00:30:46", "elapsed": 1154.214062, "delta": 0.002195}}
{"target": -13.758299880120074, "params": {"gamma": 173.90050202380903, "log10_alpha": 0.3445081788769482, "log10_colsample_bytree": -0.0700380630750983, "log10_eta": -2.0354184601839944, "log10_lambda": 0.37896660964355533, "log10_min_child_weight": 0.7721373841514367, "log10_subsample": -0.6657441978179688, "max_depth": 2.0, "num_boost_round": 2.0}, "datetime": {"datetime": "2024-01-19 00:30:46", "elapsed": 1154.215641, "delta": 0.001579}}
{"target": -13.758311179062723, "params": {"gamma": 173.90050202380903, "log10_alpha": 0.3445081788769482, "log10_colsample_bytree": -0.0700380630750983, "log10_eta": -2.0354184601839944, "log10_lambda": 0.37896660964355533, "log10_min_child_weight": 0.7721373841514367, "log10_subsample": -0.6657441978179688, "max_depth": 2.0, "num_boost_round": 3.0}, "datetime": {"datetime": "2024-01-19 00:30:46", "elapsed": 1154.217403, "delta": 0.001762}}
{"target": -13.758328347928604, "params": {"gamma": 173.90050202380903, "log10_alpha": 0.3445081788769482, "log10_colsample_bytree": -0.0700380630750983, "log10_eta": -2.0354184601839944, "log10_lambda": 0.37896660964355533, "log10_min_child_weight": 0.7721373841514367, "log10_subsample": -0.6657441978179688, "max_depth": 2.0, "num_boost_round": 4.0}, "datetime": {"datetime": "2024-01-19 00:30:46", "elapsed": 1154.2193, "delta": 0.001897}}
{"target": -13.758273602416338, "params": {"gamma": 173.90050202380903, "log10_alpha": 0.3445081788769482, "log10_colsample_bytree": -0.0700380630750983, "log10_eta": -2.0354184601839944, "log10_lambda": 0.37896660964355533, "log10_min_child_weight": 0.7721373841514367, "log10_subsample": -0.6657441978179688, "max_depth": 2.0, "num_boost_round": 5.0}, "datetime": {"datetime": "2024-01-19 00:30:46", "elapsed": 1154.220935, "delta": 0.001635}}
{"target": -13.758229550067156, "params": {"gamma": 173.90050202380903, "log10_alpha": 0.3445081788769482, "log10_colsample_bytree": -0.0700380630750983, "log10_eta": -2.0354184601839944, "log10_lambda": 0.37896660964355533, "log10_min_child_weight": 0.7721373841514367, "log10_subsample": -0.6657441978179688, "max_depth": 2.0, "num_boost_round": 6.0}, "datetime": {"datetime": "2024-01-19 00:30:46", "elapsed": 1154.222421, "delta": 0.001486}}
{"target": -13.758180089716047, "params": {"gamma": 173.90050202380903, "log10_alpha": 0.3445081788769482, "log10_colsample_bytree": -0.0700380630750983, "log10_eta": -2.0354184601839944, "log10_lambda": 0.37896660964355533, "log10_min_child_weight": 0.7721373841514367, "log10_subsample": -0.6657441978179688, "max_depth": 2.0, "num_boost_round": 7.0}, "datetime": {"datetime": "2024-01-19 00:30:46", "elapsed": 1154.223903, "delta": 0.001482}}
{"target": -13.758173379344875, "params": {"gamma": 173.90050202380903, "log10_alpha": 0.3445081788769482, "log10_colsample_bytree": -0.0700380630750983, "log10_eta": -2.0354184601839944, "log10_lambda": 0.37896660964355533, "log10_min_child_weight": 0.7721373841514367, "log10_subsample": -0.6657441978179688, "max_depth": 2.0, "num_boost_round": 8.0}, "datetime": {"datetime": "2024-01-19 00:30:46", "elapsed": 1154.225398, "delta": 0.001495}}
{"target": -13.75823859608616, "params": {"gamma": 173.90050202380903, "log10_alpha": 0.3445081788769482, "log10_colsample_bytree": -0.0700380630750983, "log10_eta": -2.0354184601839944, "log10_lambda": 0.37896660964355533, "log10_min_child_weight": 0.7721373841514367, "log10_subsample": -0.6657441978179688, "max_depth": 2.0, "num_boost_round": 9.0}, "datetime": {"datetime": "2024-01-19 00:30:46", "elapsed": 1154.226884, "delta": 0.001486}}
{"target": -13.758233621243855, "params": {"gamma": 173.90050202380903, "log10_alpha": 0.3445081788769482, "log10_colsample_bytree": -0.0700380630750983, "log10_eta": -2.0354184601839944, "log10_lambda": 0.37896660964355533, "log10_min_child_weight": 0.7721373841514367, "log10_subsample": -0.6657441978179688, "max_depth": 2.0, "num_boost_round": 10.0}, "datetime": {"datetime": "2024-01-19 00:30:46", "elapsed": 1154.228382, "delta": 0.001498}}
{"target": -13.75829780908635, "params": {"gamma": 173.90050202380903, "log10_alpha": 0.3445081788769482, "log10_colsample_bytree": -0.0700380630750983, "log10_eta": -2.0354184601839944, "log10_lambda": 0.37896660964355533, "log10_min_child_weight": 0.7721373841514367, "log10_subsample": -0.6657441978179688, "max_depth": 2.0, "num_boost_round": 11.0}, "datetime": {"datetime": "2024-01-19 00:30:46", "elapsed": 1154.229867, "delta": 0.001485}}
{"target": -13.758320933480457, "params": {"gamma": 173.90050202380903, "log10_alpha": 0.3445081788769482, "log10_colsample_bytree": -0.0700380630750983, "log10_eta": -2.0354184601839944, "log10_lambda": 0.37896660964355533, "log10_min_child_weight": 0.7721373841514367, "log10_subsample": -0.6657441978179688, "max_depth": 2.0, "num_boost_round": 12.0}, "datetime": {"datetime": "2024-01-19 00:30:46", "elapsed": 1154.231424, "delta": 0.001557}}
{"target": -13.758310402400562, "params": {"gamma": 173.90050202380903, "log10_alpha": 0.3445081788769482, "log10_colsample_bytree": -0.0700380630750983, "log10_eta": -2.0354184601839944, "log10_lambda": 0.37896660964355533, "log10_min_child_weight": 0.7721373841514367, "log10_subsample": -0.6657441978179688, "max_depth": 2.0, "num_boost_round": 13.0}, "datetime": {"datetime": "2024-01-19 00:30:46", "elapsed": 1154.232905, "delta": 0.001481}}
{"target": -13.75834817435875, "params": {"gamma": 173.90050202380903, "log10_alpha": 0.3445081788769482, "log10_colsample_bytree": -0.0700380630750983, "log10_eta": -2.0354184601839944, "log10_lambda": 0.37896660964355533, "log10_min_child_weight": 0.7721373841514367, "log10_subsample": -0.6657441978179688, "max_depth": 2.0, "num_boost_round": 14.0}, "datetime": {"datetime": "2024-01-19 00:30:46", "elapsed": 1154.234384, "delta": 0.001479}}
{"target": -13.758369691462033, "params": {"gamma": 173.90050202380903, "log10_alpha": 0.3445081788769482, "log10_colsample_bytree": -0.0700380630750983, "log10_eta": -2.0354184601839944, "log10_lambda": 0.37896660964355533, "log10_min_child_weight": 0.7721373841514367, "log10_subsample": -0.6657441978179688, "max_depth": 2.0, "num_boost_round": 15.0}, "datetime": {"datetime": "2024-01-19 00:30:46", "elapsed": 1154.235864, "delta": 0.00148}}
{"target": -13.758500389988377, "params": {"gamma": 173.79478035184658, "log10_alpha": -2.2099116518158404, "log10_colsample_bytree": -0.23218538778761666, "log10_eta": -1.994661209168724, "log10_lambda": -3.430459817476625, "log10_min_child_weight": 4.696564962349063, "log10_subsample": -0.7983350249110596, "max_depth": 2.0, "num_boost_round": 0.0}, "datetime": {"datetime": "2024-01-19 00:31:10", "elapsed": 1178.168102, "delta": 23.932238}}
{"target": -13.758483395142935, "params": {"gamma": 173.79478035184658, "log10_alpha": -2.2099116518158404, "log10_colsample_bytree": -0.23218538778761666, "log10_eta": -1.994661209168724, "log10_lambda": -3.430459817476625, "log10_min_child_weight": 4.696564962349063, "log10_subsample": -0.7983350249110596, "max_depth": 2.0, "num_boost_round": 1.0}, "datetime": {"datetime": "2024-01-19 00:31:10", "elapsed": 1178.169819, "delta": 0.001717}}
{"target": -13.758473647977423, "params": {"gamma": 173.79478035184658, "log10_alpha": -2.2099116518158404, "log10_colsample_bytree": -0.23218538778761666, "log10_eta": -1.994661209168724, "log10_lambda": -3.430459817476625, "log10_min_child_weight": 4.696564962349063, "log10_subsample": -0.7983350249110596, "max_depth": 2.0, "num_boost_round": 2.0}, "datetime": {"datetime": "2024-01-19 00:31:10", "elapsed": 1178.171395, "delta": 0.001576}}
