{"target": -17.67715198903749, "params": {"gamma": 878.755363482746, "log10_alpha": -1.6382975253415735, "log10_colsample_bytree": -0.8329281005071958, "log10_eta": -3.544474755373666, "log10_lambda": -4.389273995982496, "log10_min_child_weight": 1.0503490256249641, "log10_subsample": -0.3351610493861642, "max_depth": 2.0, "num_boost_round": 14.0}, "datetime": {"datetime": "2024-01-19 00:29:57", "elapsed": 1078.448278, "delta": 0.001384}}
{"target": -17.677143141353287, "params": {"gamma": 878.755363482746, "log10_alpha": -1.6382975253415735, "log10_colsample_bytree": -0.8329281005071958, "log10_eta": -3.544474755373666, "log10_lambda": -4.389273995982496, "log10_min_child_weight": 1.0503490256249641, "log10_subsample": -0.3351610493861642, "max_depth": 2.0, "num_boost_round": 15.0}, "datetime": {"datetime": "2024-01-19 00:29:57", "elapsed": 1078.449647, "delta": 0.001369}}
{"target": -17.677138211057773, "params": {"gamma": 878.755363482746, "log10_alpha": -1.6382975253415735, "log10_colsample_bytree": -0.8329281005071958, "log10_eta": -3.544474755373666, "log10_lambda": -4.389273995982496, "log10_min_child_weight": 1.0503490256249641, "log10_subsample": -0.3351610493861642, "max_depth": 2.0, "num_boost_round": 16.0}, "datetime": {"datetime": "2024-01-19 00:29:57", "elapsed": 1078.451024, "delta": 0.001377}}
{"target": -17.67713233751942, "params": {"gamma": 878.755363482746, "log10_alpha": -1.6382975253415735, "log10_colsample_bytree": -0.8329281005071958, "log10_eta": -3.544474755373666, "log10_lambda": -4.389273995982496, "log10_min_child_weight": 1.0503490256249641, "log10_subsample": -0.3351610493861642, "max_depth": 2.0, "num_boost_round": 17.0}, "datetime": {"datetime": "2024-01-19 00:29:57", "elapsed": 1078.45247, "delta": 0.001446}}
{"target": -17.677128082961936, "params": {"gamma": 878.755363482746, "log10_alpha": -1.6382975253415735, "log10_colsample_bytree": -0.8329281005071958, "log10_eta": -3.544474755373666, "log10_lambda": -4.389273995982496, "log10_min_child_weight": 1.0503490256249641, "log10_subsample": -0.3351610493861642, "max_depth": 2.0, "num_boost_round": 18.0}, "datetime": {"datetime": "2024-01-19 00:29:57", "elapsed": 1078.453846, "delta": 0.001376}}
{"target": -17.67712285197359, "params": {"gamma": 878.755363482746, "log10_alpha": -1.6382975253415735, "log10_colsample_bytree": -0.8329281005071958, "log10_eta": -3.544474755373666, "log10_lambda": -4.389273995982496, "log10_min_child_weight": 1.0503490256249641, "log10_subsample": -0.3351610493861642, "max_depth": 2.0, "num_boost_round": 19.0}, "datetime": {"datetime": "2024-01-19 00:29:57", "elapsed": 1078.455216, "delta": 0.00137}}
{"target": -17.677114461837284, "params": {"gamma": 878.755363482746, "log10_alpha": -1.6382975253415735, "log10_colsample_bytree": -0.8329281005071958, "log10_eta": -3.544474755373666, "log10_lambda": -4.389273995982496, "log10_min_child_weight": 1.0503490256249641, "log10_subsample": -0.3351610493861642, "max_depth": 2.0, "num_boost_round": 20.0}, "datetime": {"datetime": "2024-01-19 00:29:57", "elapsed": 1078.456681, "delta": 0.001465}}
{"target": -17.67710494969932, "params": {"gamma": 878.755363482746, "log10_alpha": -1.6382975253415735, "log10_colsample_bytree": -0.8329281005071958, "log10_eta": -3.544474755373666, "log10_lambda": -4.389273995982496, "log10_min_child_weight": 1.0503490256249641, "log10_subsample": -0.3351610493861642, "max_depth": 2.0, "num_boost_round": 21.0}, "datetime": {"datetime": "2024-01-19 00:29:57", "elapsed": 1078.458062, "delta": 0.001381}}
{"target": -17.67710002528589, "params": {"gamma": 878.755363482746, "log10_alpha": -1.6382975253415735, "log10_colsample_bytree": -0.8329281005071958, "log10_eta": -3.544474755373666, "log10_lambda": -4.389273995982496, "log10_min_child_weight": 1.0503490256249641, "log10_subsample": -0.3351610493861642, "max_depth": 2.0, "num_boost_round": 22.0}, "datetime": {"datetime": "2024-01-19 00:29:57", "elapsed": 1078.45944, "delta": 0.001378}}
{"target": -17.677087080760188, "params": {"gamma": 878.755363482746, "log10_alpha": -1.6382975253415735, "log10_colsample_bytree": -0.8329281005071958, "log10_eta": -3.544474755373666, "log10_lambda": -4.389273995982496, "log10_min_child_weight": 1.0503490256249641, "log10_subsample": -0.3351610493861642, "max_depth": 2.0, "num_boost_round": 23.0}, "datetime": {"datetime": "2024-01-19 00:29:57", "elapsed": 1078.460907, "delta": 0.001467}}
{"target": -17.677083512300094, "params": {"gamma": 878.755363482746, "log10_alpha": -1.6382975253415735, "log10_colsample_bytree": -0.8329281005071958, "log10_eta": -3.544474755373666, "log10_lambda": -4.389273995982496, "log10_min_child_weight": 1.0503490256249641, "log10_subsample": -0.3351610493861642, "max_depth": 2.0, "num_boost_round": 24.0}, "datetime": {"datetime": "2024-01-19 00:29:57", "elapsed": 1078.462301, "delta": 0.001394}}
{"target": -17.67707139029456, "params": {"gamma": 878.755363482746, "log10_alpha": -1.6382975253415735, "log10_colsample_bytree": -0.8329281005071958, "log10_eta": -3.544474755373666, "log10_lambda": -4.389273995982496, "log10_min_child_weight": 1.0503490256249641, "log10_subsample": -0.3351610493861642, "max_depth": 2.0, "num_boost_round": 25.0}, "datetime": {"datetime": "2024-01-19 00:29:57", "elapsed": 1078.463684, "delta": 0.001383}}
{"target": -17.677068044477448, "params": {"gamma": 878.755363482746, "log10_alpha": -1.6382975253415735, "log10_colsample_bytree": -0.8329281005071958, "log10_eta": -3.544474755373666, "log10_lambda": -4.389273995982496, "log10_min_child_weight": 1.0503490256249641, "log10_subsample": -0.3351610493861642, "max_depth": 2.0, "num_boost_round": 26.0}, "datetime": {"datetime": "2024-01-19 00:29:57", "elapsed": 1078.465089, "delta": 0.001405}}
{"target": -17.6770624830521, "params": {"gamma": 878.755363482746, "log10_alpha": -1.6382975253415735, "log10_colsample_bytree": -0.8329281005071958, "log10_eta": -3.544474755373666, "log10_lambda": -4.389273995982496, "log10_min_child_weight": 1.0503490256249641, "log10_subsample": -0.3351610493861642, "max_depth": 2.0, "num_boost_round": 27.0}, "datetime": {"datetime": "2024-01-19 00:29:57", "elapsed": 1078.466476, "delta": 0.001387}}
{"target": -17.677054417335622, "params": {"gamma": 878.755363482746, "log10_alpha": -1.6382975253415735, "log10_colsample_bytree": -0.8329281005071958, "log10_eta": -3.544474755373666, "log10_lambda": -4.389273995982496, "log10_min_child_weight": 1.0503490256249641, "log10_subsample": -0.3351610493861642, "max_depth": 2.0, "num_boost_round": 28.0}, "datetime": {"datetime": "2024-01-19 00:29:57", "elapsed": 1078.46788, "delta": 0.001404}}
{"target": -17.677045489443238, "params": {"gamma": 878.755363482746, "log10_alpha": -1.6382975253415735, "log10_colsample_bytree": -0.8329281005071958, "log10_eta": -3.544474755373666, "log10_lambda": -4.389273995982496, "log10_min_child_weight": 1.0503490256249641, "log10_subsample": -0.3351610493861642, "max_depth": 2.0, "num_boost_round": 29.0}, "datetime": {"datetime": "2024-01-19 00:29:57", "elapsed": 1078.469269, "delta": 0.001389}}
{"target": -17.677043237472382, "params": {"gamma": 878.755363482746, "log10_alpha": -1.6382975253415735, "log10_colsample_bytree": -0.8329281005071958, "log10_eta": -3.544474755373666, "log10_lambda": -4.389273995982496, "log10_min_child_weight": 1.0503490256249641, "log10_subsample": -0.3351610493861642, "max_depth": 2.0, "num_boost_round": 30.0}, "datetime": {"datetime": "2024-01-19 00:29:57", "elapsed": 1078.470679, "delta": 0.00141}}
{"target": -17.677037292304316, "params": {"gamma": 878.755363482746, "log10_alpha": -1.6382975253415735, "log10_colsample_bytree": -0.8329281005071958, "log10_eta": -3.544474755373666, "log10_lambda": -4.389273995982496, "log10_min_child_weight": 1.0503490256249641, "log10_subsample": -0.3351610493861642, "max_depth": 2.0, "num_boost_round": 31.0}, "datetime": {"datetime": "2024-01-19 00:29:57", "elapsed": 1078.472254, "delta": 0.001575}}
{"target": -17.677030614083584, "params": {"gamma": 878.755363482746, "log10_alpha": -1.6382975253415735, "log10_colsample_bytree": -0.8329281005071958, "log10_eta": -3.544474755373666, "log10_lambda": -4.389273995982496, "log10_min_child_weight": 1.0503490256249641, "log10_subsample": -0.3351610493861642, "max_depth": 2.0, "num_boost_round": 32.0}, "datetime": {"datetime": "2024-01-19 00:29:57", "elapsed": 1078.473775, "delta": 0.001521}}
{"target": -17.677022508515456, "params": {"gamma": 878.755363482746, "log10_alpha": -1.6382975253415735, "log10_colsample_bytree": -0.8329281005071958, "log10_eta": -3.544474755373666, "log10_lambda": -4.389273995982496, "log10_min_child_weight": 1.0503490256249641, "log10_subsample": -0.3351610493861642, "max_depth": 2.0, "num_boost_round": 33.0}, "datetime": {"datetime": "2024-01-19 00:29:57", "elapsed": 1078.475236, "delta": 0.001461}}
{"target": -17.677016242975668, "params": {"gamma": 878.755363482746, "log10_alpha": -1.6382975253415735, "log10_colsample_bytree": -0.8329281005071958, "log10_eta": -3.544474755373666, "log10_lambda": -4.389273995982496, "log10_min_child_weight": 1.0503490256249641, "log10_subsample": -0.3351610493861642, "max_depth": 2.0, "num_boost_round": 34.0}, "datetime": {"datetime": "2024-01-19 00:29:57", "elapsed": 1078.476694, "delta": 0.001458}}
{"target": -17.677014316764655, "params": {"gamma": 878.755363482746, "log10_alpha": -1.6382975253415735, "log10_colsample_bytree": -0.8329281005071958, "log10_eta": -3.544474755373666, "log10_lambda": -4.389273995982496, "log10_min_child_weight": 1.0503490256249641, "log10_subsample": -0.3351610493861642, "max_depth": 2.0, "num_boost_round": 35.0}, "datetime": {"datetime": "2024-01-19 00:29:57", "elapsed": 1078.478111, "delta": 0.001417}}
{"target": -17.67700587759608, "params": {"gamma": 878.755363482746, "log10_alpha": -1.6382975253415735, "log10_colsample_bytree": -0.8329281005071958, "log10_eta": -3.544474755373666, "log10_lambda": -4.389273995982496, "log10_min_child_weight": 1.0503490256249641, "log10_subsample": -0.3351610493861642, "max_depth": 2.0, "num_boost_round": 36.0}, "datetime": {"datetime": "2024-01-19 00:29:57", "elapsed": 1078.479537, "delta": 0.001426}}
{"target": -17.676994320639608, "params": {"gamma": 878.755363482746, "log10_alpha": -1.6382975253415735, "log10_colsample_bytree": -0.8329281005071958, "log10_eta": -3.544474755373666, "log10_lambda": -4.389273995982496, "log10_min_child_weight": 1.0503490256249641, "log10_subsample": -0.3351610493861642, "max_depth": 2.0, "num_boost_round": 37.0}, "datetime": {"datetime": "2024-01-19 00:29:57", "elapsed": 1078.481017, "delta": 0.00148}}
{"target": -17.67686787417234, "params": {"gamma": 883.4320503016143, "log10_alpha": -2.850282968433928, "log10_colsample_bytree": -0.17493511075463586, "log10_eta": -1.8854307786140065, "log10_lambda": -2.5325590559024853, "log10_min_child_weight": 1.265739580434837, "log10_subsample": -0.6079256097953889, "max_depth": 2.0, "num_boost_round": 0.0}, "datetime": {"datetime": "2024-01-19 00:30:18", "elapsed": 1099.611654, "delta": 21.130637}}
{"target": -17.676382978431423, "params": {"gamma": 883.4320503016143, "log10_alpha": -2.850282968433928, "log10_colsample_bytree": -0.17493511075463586, "log10_eta": -1.8854307786140065, "log10_lambda": -2.5325590559024853, "log10_min_child_weight": 1.265739580434837, "log10_subsample": -0.6079256097953889, "max_depth": 2.0, "num_boost_round": 1.0}, "datetime": {"datetime": "2024-01-19 00:30:18", "elapsed": 1099.61357, "delta": 0.001916}}
{"target": -17.676057650498343, "params": {"gamma": 883.4320503016143, "log10_alpha": -2.850282968433928, "log10_colsample_bytree": -0.17493511075463586, "log10_eta": -1.8854307786140065, "log10_lambda": -2.5325590559024853, "log10_min_child_weight": 1.265739580434837, "log10_subsample": -0.6079256097953889, "max_depth": 2.0, "num_boost_round": 2.0}, "datetime": {"datetime": "2024-01-19 00:30:18", "elapsed": 1099.61517, "delta": 0.0016}}
{"target": -17.675879682341275, "params": {"gamma": 883.4320503016143, "log10_alpha": -2.850282968433928, "log10_colsample_bytree": -0.17493511075463586, "log10_eta": -1.8854307786140065, "log10_lambda": -2.5325590559024853, "log10_min_child_weight": 1.265739580434837, "log10_subsample": -0.6079256097953889, "max_depth": 2.0, "num_boost_round": 3.0}, "datetime": {"datetime": "2024-01-19 00:30:18", "elapsed": 1099.616672, "delta": 0.001502}}
{"target": -17.675817916750155, "params": {"gamma": 883.4320503016143, "log10_alpha": -2.850282968433928, "log10_colsample_bytree": -0.17493511075463586, "log10_eta": -1.8854307786140065, "log10_lambda": -2.5325590559024853, "log10_min_child_weight": 1.265739580434837, "log10_subsample": -0.6079256097953889, "max_depth": 2.0, "num_boost_round": 4.0}, "datetime": {"datetime": "2024-01-19 00:30:18", "elapsed": 1099.618081, "delta": 0.001409}}
{"target": -17.675546483286908, "params": {"gamma": 883.4320503016143, "log10_alpha": -2.850282968433928, "log10_colsample_bytree": -0.17493511075463586, "log10_eta": -1.8854307786140065, "log10_lambda": -2.5325590559024853, "log10_min_child_weight": 1.265739580434837, "log10_subsample": -0.6079256097953889, "max_depth": 2.0, "num_boost_round": 5.0}, "datetime": {"datetime": "2024-01-19 00:30:18", "elapsed": 1099.619714, "delta": 0.001633}}
{"target": -17.675189873036715, "params": {"gamma": 883.4320503016143, "log10_alpha": -2.850282968433928, "log10_colsample_bytree": -0.17493511075463586, "log10_eta": -1.8854307786140065, "log10_lambda": -2.5325590559024853, "log10_min_child_weight": 1.265739580434837, "log10_subsample": -0.6079256097953889, "max_depth": 2.0, "num_boost_round": 6.0}, "datetime": {"datetime": "2024-01-19 00:30:18", "elapsed": 1099.621278, "delta": 0.001564}}
{"target": -17.67497834706423, "params": {"gamma": 883.4320503016143, "log10_alpha": -2.850282968433928, "log10_colsample_bytree": -0.17493511075463586, "log10_eta": -1.8854307786140065, "log10_lambda": -2.5325590559024853, "log10_min_child_weight": 1.265739580434837, "log10_subsample": -0.6079256097953889, "max_depth": 2.0, "num_boost_round": 7.0}, "datetime": {"datetime": "2024-01-19 00:30:18", "elapsed": 1099.622802, "delta": 0.001524}}
{"target": -17.674773453051824, "params": {"gamma": 883.4320503016143, "log10_alpha": -2.850282968433928, "log10_colsample_bytree": -0.17493511075463586, "log10_eta": -1.8854307786140065, "log10_lambda": -2.5325590559024853, "log10_min_child_weight": 1.265739580434837, "log10_subsample": -0.6079256097953889, "max_depth": 2.0, "num_boost_round": 8.0}, "datetime": {"datetime": "2024-01-19 00:30:18", "elapsed": 1099.624288, "delta": 0.001486}}
{"target": -17.674760395471818, "params": {"gamma": 883.4320503016143, "log10_alpha": -2.850282968433928, "log10_colsample_bytree": -0.17493511075463586, "log10_eta": -1.8854307786140065, "log10_lambda": -2.5325590559024853, "log10_min_child_weight": 1.265739580434837, "log10_subsample": -0.6079256097953889, "max_depth": 2.0, "num_boost_round": 9.0}, "datetime": {"datetime": "2024-01-19 00:30:18", "elapsed": 1099.625726, "delta": 0.001438}}
{"target": -17.674590454206527, "params": {"gamma": 883.4320503016143, "log10_alpha": -2.850282968433928, "log10_colsample_bytree": -0.17493511075463586, "log10_eta": -1.8854307786140065, "log10_lambda": -2.5325590559024853, "log10_min_child_weight": 1.265739580434837, "log10_subsample": -0.6079256097953889, "max_depth": 2.0, "num_boost_round": 10.0}, "datetime": {"datetime": "2024-01-19 00:30:18", "elapsed": 1099.627136, "delta": 0.00141}}
{"target": -17.674433177578713, "params": {"gamma": 883.4320503016143, "log10_alpha": -2.850282968433928, "log10_colsample_bytree": -0.17493511075463586, "log10_eta": -1.8854307786140065, "log10_lambda": -2.5325590559024853, "log10_min_child_weight": 1.265739580434837, "log10_subsample": -0.6079256097953889, "max_depth": 2.0, "num_boost_round": 11.0}, "datetime": {"datetime": "2024-01-19 00:30:18", "elapsed": 1099.628556, "delta": 0.00142}}
{"target": -17.674296440855834, "params": {"gamma": 883.4320503016143, "log10_alpha": -2.850282968433928, "log10_colsample_bytree": -0.17493511075463586, "log10_eta": -1.8854307786140065, "log10_lambda": -2.5325590559024853, "log10_min_child_weight": 1.265739580434837, "log10_subsample": -0.6079256097953889, "max_depth": 2.0, "num_boost_round": 12.0}, "datetime": {"datetime": "2024-01-19 00:30:18", "elapsed": 1099.629963, "delta": 0.001407}}
{"target": -17.67722232267346, "params": {"gamma": 877.7718360594847, "log10_alpha": 0.9680471333167491, "log10_colsample_bytree": -0.9826366618952547, "log10_eta": -2.9836551033857517, "log10_lambda": -2.3363035776160066, "log10_min_child_weight": 0.6879306491613074, "log10_subsample": -0.9180040313816337, "max_depth": 4.0, "num_boost_round": 0.0}, "datetime": {"datetime": "2024-01-19 00:30:47", "elapsed": 1128.263795, "delta": 28.633832}}
{"target": -17.677140553236747, "params": {"gamma": 877.7718360594847, "log10_alpha": 0.9680471333167491, "log10_colsample_bytree": -0.9826366618952547, "log10_eta": -2.9836551033857517, "log10_lambda": -2.3363035776160066, "log10_min_child_weight": 0.6879306491613074, "log10_subsample": -0.9180040313816337, "max_depth": 4.0, "num_boost_round": 1.0}, "datetime": {"datetime": "2024-01-19 00:30:47", "elapsed": 1128.265368, "delta": 0.001573}}
{"target": -17.677136472209817, "params": {"gamma": 877.7718360594847, "log10_alpha": 0.9680471333167491, "log10_colsample_bytree": -0.9826366618952547, "log10_eta": -2.9836551033857517, "log10_lambda": -2.3363035776160066, "log10_min_child_weight": 0.6879306491613074, "log10_subsample": -0.9180040313816337, "max_depth": 4.0, "num_boost_round": 2.0}, "datetime": {"datetime": "2024-01-19 00:30:47", "elapsed": 1128.266827, "delta": 0.001459}}
{"target": -17.677112200682142, "params": {"gamma": 877.7718360594847, "log10_alpha": 0.9680471333167491, "log10_colsample_bytree": -0.9826366618952547, "log10_eta": -2.9836551033857517, "log10_lambda": -2.3363035776160066, "log10_min_child_weight": 0.6879306491613074, "log10_subsample": -0.9180040313816337, "max_depth": 4.0, "num_boost_round": 3.0}, "datetime": {"datetime": "2024-01-19 00:30:47", "elapsed": 1128.26859, "delta": 0.001763}}
{"target": -17.677082593618135, "params": {"gamma": 877.7718360594847, "log10_alpha": 0.9680471333167491, "log10_colsample_bytree": -0.9826366618952547, "log10_eta": -2.9836551033857517, "log10_lambda": -2.3363035776160066, "log10_min_child_weight": 0.6879306491613074, "log10_subsample": -0.9180040313816337, "max_depth": 4.0, "num_boost_round": 4.0}, "datetime": {"datetime": "2024-01-19 00:30:47", "elapsed": 1128.270032, "delta": 0.001442}}
{"target": -17.6770509545013, "params": {"gamma": 877.7718360594847, "log10_alpha": 0.9680471333167491, "log10_colsample_bytree": -0.9826366618952547, "log10_eta": -2.9836551033857517, "log10_lambda": -2.3363035776160066, "log10_min_child_weight": 0.6879306491613074, "log10_subsample": -0.9180040313816337, "max_depth": 4.0, "num_boost_round": 5.0}, "datetime": {"datetime": "2024-01-19 00:30:47", "elapsed": 1128.271851, "delta": 0.001819}}
{"target": -17.677080351467115, "params": {"gamma": 877.7718360594847, "log10_alpha": 0.9680471333167491, "log10_colsample_bytree": -0.9826366618952547, "log10_eta": -2.9836551033857517, "log10_lambda": -2.3363035776160066, "log10_min_child_weight": 0.6879306491613074, "log10_subsample": -0.9180040313816337, "max_depth": 4.0, "num_boost_round": 6.0}, "datetime": {"datetime": "2024-01-19 00:30:47", "elapsed": 1128.273692, "delta": 0.001841}}
{"target": -17.677033391457034, "params": {"gamma": 877.7718360594847, "log10_alpha": 0.9680471333167491, "log10_colsample_bytree": -0.9826366618952547, "log10_eta": -2.9836551033857517, "log10_lambda": -2.3363035776160066, "log10_min_child_weight": 0.6879306491613074, "log10_subsample": -0.9180040313816337, "max_depth": 4.0, "num_boost_round": 7.0}, "datetime": {"datetime": "2024-01-19 00:30:47", "elapsed": 1128.275544, "delta": 0.001852}}
{"target": -17.67701734429363, "params": {"gamma": 877.7718360594847, "log10_alpha": 0.9680471333167491, "log10_colsample_bytree": -0.9826366618952547, "log10_eta": -2.9836551033857517, "log10_lambda": -2.3363035776160066, "log10_min_child_weight": 0.6879306491613074, "log10_subsample": -0.9180040313816337, "max_depth": 4.0, "num_boost_round": 8.0}, "datetime": {"datetime": "2024-01-19 00:30:47", "elapsed": 1128.277258, "delta": 0.001714}}
{"target": -17.676995613059912, "params": {"gamma": 877.7718360594847, "log10_alpha": 0.9680471333167491, "log10_colsample_bytree": -0.9826366618952547, "log10_eta": -2.9836551033857517, "log10_lambda": -2.3363035776160066, "log10_min_child_weight": 0.6879306491613074, "log10_subsample": -0.9180040313816337, "max_depth": 4.0, "num_boost_round": 9.0}, "datetime": {"datetime": "2024-01-19 00:30:47", "elapsed": 1128.278822, "delta": 0.001564}}
{"target": -17.676947411902265, "params": {"gamma": 877.7718360594847, "log10_alpha": 0.9680471333167491, "log10_colsample_bytree": -0.9826366618952547, "log10_eta": -2.9836551033857517, "log10_lambda": -2.3363035776160066, "log10_min_child_weight": 0.6879306491613074, "log10_subsample": -0.9180040313816337, "max_depth": 4.0, "num_boost_round": 10.0}, "datetime": {"datetime": "2024-01-19 00:30:47", "elapsed": 1128.280351, "delta": 0.001529}}
{"target": -17.6769299713103, "params": {"gamma": 877.7718360594847, "log10_alpha": 0.9680471333167491, "log10_colsample_bytree": -0.9826366618952547, "log10_eta": -2.9836551033857517, "log10_lambda": -2.3363035776160066, "log10_min_child_weight": 0.6879306491613074, "log10_subsample": -0.9180040313816337, "max_depth": 4.0, "num_boost_round": 11.0}, "datetime": {"datetime": "2024-01-19 00:30:47", "elapsed": 1128.281797, "delta": 0.001446}}
