{"target": -17.67713737002776, "params": {"gamma": 10.11324089012955, "log10_alpha": -4.2838096322849175, "log10_colsample_bytree": -0.47846892441177935, "log10_eta": -3.621779613496325, "log10_lambda": 0.6404159681658088, "log10_min_child_weight": 0.36142976016607875, "log10_subsample": -0.08620468109819057, "max_depth": 9.0, "num_boost_round": 10.0}, "datetime": {"datetime": "2024-01-19 00:16:33", "elapsed": 347.096711, "delta": 0.000487}}
{"target": -17.67713248404214, "params": {"gamma": 10.11324089012955, "log10_alpha": -4.2838096322849175, "log10_colsample_bytree": -0.47846892441177935, "log10_eta": -3.621779613496325, "log10_lambda": 0.6404159681658088, "log10_min_child_weight": 0.36142976016607875, "log10_subsample": -0.08620468109819057, "max_depth": 9.0, "num_boost_round": 11.0}, "datetime": {"datetime": "2024-01-19 00:16:33", "elapsed": 347.097186, "delta": 0.000475}}
{"target": -17.67712848420052, "params": {"gamma": 10.11324089012955, "log10_alpha": -4.2838096322849175, "log10_colsample_bytree": -0.47846892441177935, "log10_eta": -3.621779613496325, "log10_lambda": 0.6404159681658088, "log10_min_child_weight": 0.36142976016607875, "log10_subsample": -0.08620468109819057, "max_depth": 9.0, "num_boost_round": 12.0}, "datetime": {"datetime": "2024-01-19 00:16:33", "elapsed": 347.101437, "delta": 0.004251}}
{"target": -17.677119598263946, "params": {"gamma": 10.11324089012955, "log10_alpha": -4.2838096322849175, "log10_colsample_bytree": -0.47846892441177935, "log10_eta": -3.621779613496325, "log10_lambda": 0.6404159681658088, "log10_min_child_weight": 0.36142976016607875, "log10_subsample": -0.08620468109819057, "max_depth": 9.0, "num_boost_round": 13.0}, "datetime": {"datetime": "2024-01-19 00:16:33", "elapsed": 347.101929, "delta": 0.000492}}
{"target": -17.67713097828667, "params": {"gamma": 10.11324089012955, "log10_alpha": -4.2838096322849175, "log10_colsample_bytree": -0.47846892441177935, "log10_eta": -3.621779613496325, "log10_lambda": 0.6404159681658088, "log10_min_child_weight": 0.36142976016607875, "log10_subsample": -0.08620468109819057, "max_depth": 9.0, "num_boost_round": 14.0}, "datetime": {"datetime": "2024-01-19 00:16:33", "elapsed": 347.102423, "delta": 0.000494}}
{"target": -17.677117091465057, "params": {"gamma": 10.11324089012955, "log10_alpha": -4.2838096322849175, "log10_colsample_bytree": -0.47846892441177935, "log10_eta": -3.621779613496325, "log10_lambda": 0.6404159681658088, "log10_min_child_weight": 0.36142976016607875, "log10_subsample": -0.08620468109819057, "max_depth": 9.0, "num_boost_round": 15.0}, "datetime": {"datetime": "2024-01-19 00:16:33", "elapsed": 347.102919, "delta": 0.000496}}
{"target": -17.67712581440146, "params": {"gamma": 10.11324089012955, "log10_alpha": -4.2838096322849175, "log10_colsample_bytree": -0.47846892441177935, "log10_eta": -3.621779613496325, "log10_lambda": 0.6404159681658088, "log10_min_child_weight": 0.36142976016607875, "log10_subsample": -0.08620468109819057, "max_depth": 9.0, "num_boost_round": 16.0}, "datetime": {"datetime": "2024-01-19 00:16:33", "elapsed": 347.103413, "delta": 0.000494}}
{"target": -17.677126506749058, "params": {"gamma": 10.11324089012955, "log10_alpha": -4.2838096322849175, "log10_colsample_bytree": -0.47846892441177935, "log10_eta": -3.621779613496325, "log10_lambda": 0.6404159681658088, "log10_min_child_weight": 0.36142976016607875, "log10_subsample": -0.08620468109819057, "max_depth": 9.0, "num_boost_round": 17.0}, "datetime": {"datetime": "2024-01-19 00:16:33", "elapsed": 347.103901, "delta": 0.000488}}
{"target": -17.67715599750017, "params": {"gamma": 10.11324089012955, "log10_alpha": -4.2838096322849175, "log10_colsample_bytree": -0.47846892441177935, "log10_eta": -3.621779613496325, "log10_lambda": 0.6404159681658088, "log10_min_child_weight": 0.36142976016607875, "log10_subsample": -0.08620468109819057, "max_depth": 9.0, "num_boost_round": 18.0}, "datetime": {"datetime": "2024-01-19 00:16:33", "elapsed": 347.104386, "delta": 0.000485}}
{"target": -17.677152489993713, "params": {"gamma": 10.11324089012955, "log10_alpha": -4.2838096322849175, "log10_colsample_bytree": -0.47846892441177935, "log10_eta": -3.621779613496325, "log10_lambda": 0.6404159681658088, "log10_min_child_weight": 0.36142976016607875, "log10_subsample": -0.08620468109819057, "max_depth": 9.0, "num_boost_round": 19.0}, "datetime": {"datetime": "2024-01-19 00:16:33", "elapsed": 347.106112, "delta": 0.001726}}
{"target": -17.677124963959628, "params": {"gamma": 10.11324089012955, "log10_alpha": -4.2838096322849175, "log10_colsample_bytree": -0.47846892441177935, "log10_eta": -3.621779613496325, "log10_lambda": 0.6404159681658088, "log10_min_child_weight": 0.36142976016607875, "log10_subsample": -0.08620468109819057, "max_depth": 9.0, "num_boost_round": 20.0}, "datetime": {"datetime": "2024-01-19 00:16:33", "elapsed": 347.10677, "delta": 0.000658}}
{"target": -17.677111023892074, "params": {"gamma": 10.11324089012955, "log10_alpha": -4.2838096322849175, "log10_colsample_bytree": -0.47846892441177935, "log10_eta": -3.621779613496325, "log10_lambda": 0.6404159681658088, "log10_min_child_weight": 0.36142976016607875, "log10_subsample": -0.08620468109819057, "max_depth": 9.0, "num_boost_round": 21.0}, "datetime": {"datetime": "2024-01-19 00:16:33", "elapsed": 347.107297, "delta": 0.000527}}
{"target": -17.67709401911791, "params": {"gamma": 10.11324089012955, "log10_alpha": -4.2838096322849175, "log10_colsample_bytree": -0.47846892441177935, "log10_eta": -3.621779613496325, "log10_lambda": 0.6404159681658088, "log10_min_child_weight": 0.36142976016607875, "log10_subsample": -0.08620468109819057, "max_depth": 9.0, "num_boost_round": 22.0}, "datetime": {"datetime": "2024-01-19 00:16:33", "elapsed": 347.107823, "delta": 0.000526}}
{"target": -17.677095270547614, "params": {"gamma": 10.11324089012955, "log10_alpha": -4.2838096322849175, "log10_colsample_bytree": -0.47846892441177935, "log10_eta": -3.621779613496325, "log10_lambda": 0.6404159681658088, "log10_min_child_weight": 0.36142976016607875, "log10_subsample": -0.08620468109819057, "max_depth": 9.0, "num_boost_round": 23.0}, "datetime": {"datetime": "2024-01-19 00:16:33", "elapsed": 347.108335, "delta": 0.000512}}
{"target": -17.67709209332677, "params": {"gamma": 10.11324089012955, "log10_alpha": -4.2838096322849175, "log10_colsample_bytree": -0.47846892441177935, "log10_eta": -3.621779613496325, "log10_lambda": 0.6404159681658088, "log10_min_child_weight": 0.36142976016607875, "log10_subsample": -0.08620468109819057, "max_depth": 9.0, "num_boost_round": 24.0}, "datetime": {"datetime": "2024-01-19 00:16:33", "elapsed": 347.108851, "delta": 0.000516}}
{"target": -17.677077349933842, "params": {"gamma": 10.11324089012955, "log10_alpha": -4.2838096322849175, "log10_colsample_bytree": -0.47846892441177935, "log10_eta": -3.621779613496325, "log10_lambda": 0.6404159681658088, "log10_min_child_weight": 0.36142976016607875, "log10_subsample": -0.08620468109819057, "max_depth": 9.0, "num_boost_round": 25.0}, "datetime": {"datetime": "2024-01-19 00:16:33", "elapsed": 347.109357, "delta": 0.000506}}
{"target": -17.677065574002413, "params": {"gamma": 10.11324089012955, "log10_alpha": -4.2838096322849175, "log10_colsample_bytree": -0.47846892441177935, "log10_eta": -3.621779613496325, "log10_lambda": 0.6404159681658088, "log10_min_child_weight": 0.36142976016607875, "log10_subsample": -0.08620468109819057, "max_depth": 9.0, "num_boost_round": 26.0}, "datetime": {"datetime": "2024-01-19 00:16:33", "elapsed": 347.109872, "delta": 0.000515}}
{"target": -17.67705715737791, "params": {"gamma": 10.11324089012955, "log10_alpha": -4.2838096322849175, "log10_colsample_bytree": -0.47846892441177935, "log10_eta": -3.621779613496325, "log10_lambda": 0.6404159681658088, "log10_min_child_weight": 0.36142976016607875, "log10_subsample": -0.08620468109819057, "max_depth": 9.0, "num_boost_round": 27.0}, "datetime": {"datetime": "2024-01-19 00:16:33", "elapsed": 347.110378, "delta": 0.000506}}
{"target": -17.677047564613186, "params": {"gamma": 10.11324089012955, "log10_alpha": -4.2838096322849175, "log10_colsample_bytree": -0.47846892441177935, "log10_eta": -3.621779613496325, "log10_lambda": 0.6404159681658088, "log10_min_child_weight": 0.36142976016607875, "log10_subsample": -0.08620468109819057, "max_depth": 9.0, "num_boost_round": 28.0}, "datetime": {"datetime": "2024-01-19 00:16:33", "elapsed": 347.110915, "delta": 0.000537}}
{"target": -17.677025606239248, "params": {"gamma": 10.11324089012955, "log10_alpha": -4.2838096322849175, "log10_colsample_bytree": -0.47846892441177935, "log10_eta": -3.621779613496325, "log10_lambda": 0.6404159681658088, "log10_min_child_weight": 0.36142976016607875, "log10_subsample": -0.08620468109819057, "max_depth": 9.0, "num_boost_round": 29.0}, "datetime": {"datetime": "2024-01-19 00:16:33", "elapsed": 347.111427, "delta": 0.000512}}
{"target": -17.677001428824898, "params": {"gamma": 10.310464757899318, "log10_alpha": 0.4788223467601451, "log10_colsample_bytree": -0.7835808983793449, "log10_eta": -2.633350295213903, "log10_lambda": -1.6861002200297617, "log10_min_child_weight": 2.387209343217431, "log10_subsample": -0.49971535697171, "max_depth": 9.0, "num_boost_round": 0.0}, "datetime": {"datetime": "2024-01-19 00:17:14", "elapsed": 387.926368, "delta": 40.814941}}
{"target": -17.6768645766977, "params": {"gamma": 10.310464757899318, "log10_alpha": 0.4788223467601451, "log10_colsample_bytree": -0.7835808983793449, "log10_eta": -2.633350295213903, "log10_lambda": -1.6861002200297617, "log10_min_child_weight": 2.387209343217431, "log10_subsample": -0.49971535697171, "max_depth": 9.0, "num_boost_round": 1.0}, "datetime": {"datetime": "2024-01-19 00:17:14", "elapsed": 387.927512, "delta": 0.001144}}
{"target": -17.676683011827876, "params": {"gamma": 10.310464757899318, "log10_alpha": 0.4788223467601451, "log10_colsample_bytree": -0.7835808983793449, "log10_eta": -2.633350295213903, "log10_lambda": -1.6861002200297617, "log10_min_child_weight": 2.387209343217431, "log10_subsample": -0.49971535697171, "max_depth": 9.0, "num_boost_round": 2.0}, "datetime": {"datetime": "2024-01-19 00:17:14", "elapsed": 387.928048, "delta": 0.000536}}
{"target": -17.676683069619365, "params": {"gamma": 10.310464757899318, "log10_alpha": 0.4788223467601451, "log10_colsample_bytree": -0.7835808983793449, "log10_eta": -2.633350295213903, "log10_lambda": -1.6861002200297617, "log10_min_child_weight": 2.387209343217431, "log10_subsample": -0.49971535697171, "max_depth": 9.0, "num_boost_round": 3.0}, "datetime": {"datetime": "2024-01-19 00:17:14", "elapsed": 387.928576, "delta": 0.000528}}
{"target": -17.676523647809795, "params": {"gamma": 10.310464757899318, "log10_alpha": 0.4788223467601451, "log10_colsample_bytree": -0.7835808983793449, "log10_eta": -2.633350295213903, "log10_lambda": -1.6861002200297617, "log10_min_child_weight": 2.387209343217431, "log10_subsample": -0.49971535697171, "max_depth": 9.0, "num_boost_round": 4.0}, "datetime": {"datetime": "2024-01-19 00:17:14", "elapsed": 387.929093, "delta": 0.000517}}
{"target": -17.676419152630455, "params": {"gamma": 10.310464757899318, "log10_alpha": 0.4788223467601451, "log10_colsample_bytree": -0.7835808983793449, "log10_eta": -2.633350295213903, "log10_lambda": -1.6861002200297617, "log10_min_child_weight": 2.387209343217431, "log10_subsample": -0.49971535697171, "max_depth": 9.0, "num_boost_round": 5.0}, "datetime": {"datetime": "2024-01-19 00:17:14", "elapsed": 387.929619, "delta": 0.000526}}
{"target": -17.67653111921837, "params": {"gamma": 10.310464757899318, "log10_alpha": 0.4788223467601451, "log10_colsample_bytree": -0.7835808983793449, "log10_eta": -2.633350295213903, "log10_lambda": -1.6861002200297617, "log10_min_child_weight": 2.387209343217431, "log10_subsample": -0.49971535697171, "max_depth": 9.0, "num_boost_round": 6.0}, "datetime": {"datetime": "2024-01-19 00:17:14", "elapsed": 387.930144, "delta": 0.000525}}
{"target": -17.676358440914953, "params": {"gamma": 10.310464757899318, "log10_alpha": 0.4788223467601451, "log10_colsample_bytree": -0.7835808983793449, "log10_eta": -2.633350295213903, "log10_lambda": -1.6861002200297617, "log10_min_child_weight": 2.387209343217431, "log10_subsample": -0.49971535697171, "max_depth": 9.0, "num_boost_round": 7.0}, "datetime": {"datetime": "2024-01-19 00:17:14", "elapsed": 387.931054, "delta": 0.00091}}
{"target": -17.67636588179353, "params": {"gamma": 10.310464757899318, "log10_alpha": 0.4788223467601451, "log10_colsample_bytree": -0.7835808983793449, "log10_eta": -2.633350295213903, "log10_lambda": -1.6861002200297617, "log10_min_child_weight": 2.387209343217431, "log10_subsample": -0.49971535697171, "max_depth": 9.0, "num_boost_round": 8.0}, "datetime": {"datetime": "2024-01-19 00:17:14", "elapsed": 387.931703, "delta": 0.000649}}
{"target": -17.676350033066548, "params": {"gamma": 10.310464757899318, "log10_alpha": 0.4788223467601451, "log10_colsample_bytree": -0.7835808983793449, "log10_eta": -2.633350295213903, "log10_lambda": -1.6861002200297617, "log10_min_child_weight": 2.387209343217431, "log10_subsample": -0.49971535697171, "max_depth": 9.0, "num_boost_round": 9.0}, "datetime": {"datetime": "2024-01-19 00:17:14", "elapsed": 387.932231, "delta": 0.000528}}
{"target": -17.676287116652187, "params": {"gamma": 10.310464757899318, "log10_alpha": 0.4788223467601451, "log10_colsample_bytree": -0.7835808983793449, "log10_eta": -2.633350295213903, "log10_lambda": -1.6861002200297617, "log10_min_child_weight": 2.387209343217431, "log10_subsample": -0.49971535697171, "max_depth": 9.0, "num_boost_round": 10.0}, "datetime": {"datetime": "2024-01-19 00:17:14", "elapsed": 387.932754, "delta": 0.000523}}
{"target": -17.676219277953418, "params": {"gamma": 10.310464757899318, "log10_alpha": 0.4788223467601451, "log10_colsample_bytree": -0.7835808983793449, "log10_eta": -2.633350295213903, "log10_lambda": -1.6861002200297617, "log10_min_child_weight": 2.387209343217431, "log10_subsample": -0.49971535697171, "max_depth": 9.0, "num_boost_round": 11.0}, "datetime": {"datetime": "2024-01-19 00:17:14", "elapsed": 387.933271, "delta": 0.000517}}
{"target": -17.676300670927922, "params": {"gamma": 10.310464757899318, "log10_alpha": 0.4788223467601451, "log10_colsample_bytree": -0.7835808983793449, "log10_eta": -2.633350295213903, "log10_lambda": -1.6861002200297617, "log10_min_child_weight": 2.387209343217431, "log10_subsample": -0.49971535697171, "max_depth": 9.0, "num_boost_round": 12.0}, "datetime": {"datetime": "2024-01-19 00:17:14", "elapsed": 387.933796, "delta": 0.000525}}
{"target": -17.67609390372374, "params": {"gamma": 10.310464757899318, "log10_alpha": 0.4788223467601451, "log10_colsample_bytree": -0.7835808983793449, "log10_eta": -2.633350295213903, "log10_lambda": -1.6861002200297617, "log10_min_child_weight": 2.387209343217431, "log10_subsample": -0.49971535697171, "max_depth": 9.0, "num_boost_round": 13.0}, "datetime": {"datetime": "2024-01-19 00:17:14", "elapsed": 387.934313, "delta": 0.000517}}
{"target": -17.67613567538211, "params": {"gamma": 10.310464757899318, "log10_alpha": 0.4788223467601451, "log10_colsample_bytree": -0.7835808983793449, "log10_eta": -2.633350295213903, "log10_lambda": -1.6861002200297617, "log10_min_child_weight": 2.387209343217431, "log10_subsample": -0.49971535697171, "max_depth": 9.0, "num_boost_round": 14.0}, "datetime": {"datetime": "2024-01-19 00:17:14", "elapsed": 387.934919, "delta": 0.000606}}
{"target": -17.676060606739256, "params": {"gamma": 10.310464757899318, "log10_alpha": 0.4788223467601451, "log10_colsample_bytree": -0.7835808983793449, "log10_eta": -2.633350295213903, "log10_lambda": -1.6861002200297617, "log10_min_child_weight": 2.387209343217431, "log10_subsample": -0.49971535697171, "max_depth": 9.0, "num_boost_round": 15.0}, "datetime": {"datetime": "2024-01-19 00:17:14", "elapsed": 387.935448, "delta": 0.000529}}
{"target": -17.676020885279137, "params": {"gamma": 10.310464757899318, "log10_alpha": 0.4788223467601451, "log10_colsample_bytree": -0.7835808983793449, "log10_eta": -2.633350295213903, "log10_lambda": -1.6861002200297617, "log10_min_child_weight": 2.387209343217431, "log10_subsample": -0.49971535697171, "max_depth": 9.0, "num_boost_round": 16.0}, "datetime": {"datetime": "2024-01-19 00:17:14", "elapsed": 387.935971, "delta": 0.000523}}
{"target": -17.675875101669945, "params": {"gamma": 10.310464757899318, "log10_alpha": 0.4788223467601451, "log10_colsample_bytree": -0.7835808983793449, "log10_eta": -2.633350295213903, "log10_lambda": -1.6861002200297617, "log10_min_child_weight": 2.387209343217431, "log10_subsample": -0.49971535697171, "max_depth": 9.0, "num_boost_round": 17.0}, "datetime": {"datetime": "2024-01-19 00:17:14", "elapsed": 387.936503, "delta": 0.000532}}
{"target": -17.675823235017738, "params": {"gamma": 10.310464757899318, "log10_alpha": 0.4788223467601451, "log10_colsample_bytree": -0.7835808983793449, "log10_eta": -2.633350295213903, "log10_lambda": -1.6861002200297617, "log10_min_child_weight": 2.387209343217431, "log10_subsample": -0.49971535697171, "max_depth": 9.0, "num_boost_round": 18.0}, "datetime": {"datetime": "2024-01-19 00:17:14", "elapsed": 387.937038, "delta": 0.000535}}
{"target": -17.675689193788624, "params": {"gamma": 10.310464757899318, "log10_alpha": 0.4788223467601451, "log10_colsample_bytree": -0.7835808983793449, "log10_eta": -2.633350295213903, "log10_lambda": -1.6861002200297617, "log10_min_child_weight": 2.387209343217431, "log10_subsample": -0.49971535697171, "max_depth": 9.0, "num_boost_round": 19.0}, "datetime": {"datetime": "2024-01-19 00:17:14", "elapsed": 387.937576, "delta": 0.000538}}
{"target": -17.675607165901216, "params": {"gamma": 10.310464757899318, "log10_alpha": 0.4788223467601451, "log10_colsample_bytree": -0.7835808983793449, "log10_eta": -2.633350295213903, "log10_lambda": -1.6861002200297617, "log10_min_child_weight": 2.387209343217431, "log10_subsample": -0.49971535697171, "max_depth": 9.0, "num_boost_round": 20.0}, "datetime": {"datetime": "2024-01-19 00:17:14", "elapsed": 387.938113, "delta": 0.000537}}
{"target": -17.675564098975705, "params": {"gamma": 10.310464757899318, "log10_alpha": 0.4788223467601451, "log10_colsample_bytree": -0.7835808983793449, "log10_eta": -2.633350295213903, "log10_lambda": -1.6861002200297617, "log10_min_child_weight": 2.387209343217431, "log10_subsample": -0.49971535697171, "max_depth": 9.0, "num_boost_round": 21.0}, "datetime": {"datetime": "2024-01-19 00:17:14", "elapsed": 387.938645, "delta": 0.000532}}
{"target": -17.675392673751258, "params": {"gamma": 10.310464757899318, "log10_alpha": 0.4788223467601451, "log10_colsample_bytree": -0.7835808983793449, "log10_eta": -2.633350295213903, "log10_lambda": -1.6861002200297617, "log10_min_child_weight": 2.387209343217431, "log10_subsample": -0.49971535697171, "max_depth": 9.0, "num_boost_round": 22.0}, "datetime": {"datetime": "2024-01-19 00:17:14", "elapsed": 387.939174, "delta": 0.000529}}
{"target": -17.675239969710184, "params": {"gamma": 10.310464757899318, "log10_alpha": 0.4788223467601451, "log10_colsample_bytree": -0.7835808983793449, "log10_eta": -2.633350295213903, "log10_lambda": -1.6861002200297617, "log10_min_child_weight": 2.387209343217431, "log10_subsample": -0.49971535697171, "max_depth": 9.0, "num_boost_round": 23.0}, "datetime": {"datetime": "2024-01-19 00:17:14", "elapsed": 387.939709, "delta": 0.000535}}
{"target": -17.675162308881127, "params": {"gamma": 10.310464757899318, "log10_alpha": 0.4788223467601451, "log10_colsample_bytree": -0.7835808983793449, "log10_eta": -2.633350295213903, "log10_lambda": -1.6861002200297617, "log10_min_child_weight": 2.387209343217431, "log10_subsample": -0.49971535697171, "max_depth": 9.0, "num_boost_round": 24.0}, "datetime": {"datetime": "2024-01-19 00:17:14", "elapsed": 387.940705, "delta": 0.000996}}
{"target": -17.675034250410626, "params": {"gamma": 10.310464757899318, "log10_alpha": 0.4788223467601451, "log10_colsample_bytree": -0.7835808983793449, "log10_eta": -2.633350295213903, "log10_lambda": -1.6861002200297617, "log10_min_child_weight": 2.387209343217431, "log10_subsample": -0.49971535697171, "max_depth": 9.0, "num_boost_round": 25.0}, "datetime": {"datetime": "2024-01-19 00:17:14", "elapsed": 387.941263, "delta": 0.000558}}
{"target": -17.674845230454586, "params": {"gamma": 10.310464757899318, "log10_alpha": 0.4788223467601451, "log10_colsample_bytree": -0.7835808983793449, "log10_eta": -2.633350295213903, "log10_lambda": -1.6861002200297617, "log10_min_child_weight": 2.387209343217431, "log10_subsample": -0.49971535697171, "max_depth": 9.0, "num_boost_round": 26.0}, "datetime": {"datetime": "2024-01-19 00:17:14", "elapsed": 387.941803, "delta": 0.00054}}
{"target": -17.674767666427798, "params": {"gamma": 10.310464757899318, "log10_alpha": 0.4788223467601451, "log10_colsample_bytree": -0.7835808983793449, "log10_eta": -2.633350295213903, "log10_lambda": -1.6861002200297617, "log10_min_child_weight": 2.387209343217431, "log10_subsample": -0.49971535697171, "max_depth": 9.0, "num_boost_round": 27.0}, "datetime": {"datetime": "2024-01-19 00:17:14", "elapsed": 387.942349, "delta": 0.000546}}
{"target": -17.674664176275957, "params": {"gamma": 10.310464757899318, "log10_alpha": 0.4788223467601451, "log10_colsample_bytree": -0.7835808983793449, "log10_eta": -2.633350295213903, "log10_lambda": -1.6861002200297617, "log10_min_child_weight": 2.387209343217431, "log10_subsample": -0.49971535697171, "max_depth": 9.0, "num_boost_round": 28.0}, "datetime": {"datetime": "2024-01-19 00:17:14", "elapsed": 387.942896, "delta": 0.000547}}
