{"target": -13.770461219683574, "params": {"gamma": 705.004582487841, "log10_alpha": 0.2515194416379787, "log10_colsample_bytree": -0.5174171403463484, "log10_eta": -1.6533322155506625, "log10_lambda": -3.4186984093768964, "log10_min_child_weight": 1.2836832748300613, "log10_subsample": -0.1942957011954618, "max_depth": 9.0, "num_boost_round": 30.0}, "datetime": {"datetime": "2024-01-19 01:05:59", "elapsed": 3258.942817, "delta": 0.003632}}
{"target": -13.770716935045845, "params": {"gamma": 705.004582487841, "log10_alpha": 0.2515194416379787, "log10_colsample_bytree": -0.5174171403463484, "log10_eta": -1.6533322155506625, "log10_lambda": -3.4186984093768964, "log10_min_child_weight": 1.2836832748300613, "log10_subsample": -0.1942957011954618, "max_depth": 9.0, "num_boost_round": 31.0}, "datetime": {"datetime": "2024-01-19 01:05:59", "elapsed": 3258.94645, "delta": 0.003633}}
{"target": -13.771705742698073, "params": {"gamma": 705.004582487841, "log10_alpha": 0.2515194416379787, "log10_colsample_bytree": -0.5174171403463484, "log10_eta": -1.6533322155506625, "log10_lambda": -3.4186984093768964, "log10_min_child_weight": 1.2836832748300613, "log10_subsample": -0.1942957011954618, "max_depth": 9.0, "num_boost_round": 32.0}, "datetime": {"datetime": "2024-01-19 01:05:59", "elapsed": 3258.949953, "delta": 0.003503}}
{"target": -13.772954083136792, "params": {"gamma": 705.004582487841, "log10_alpha": 0.2515194416379787, "log10_colsample_bytree": -0.5174171403463484, "log10_eta": -1.6533322155506625, "log10_lambda": -3.4186984093768964, "log10_min_child_weight": 1.2836832748300613, "log10_subsample": -0.1942957011954618, "max_depth": 9.0, "num_boost_round": 33.0}, "datetime": {"datetime": "2024-01-19 01:05:59", "elapsed": 3258.953467, "delta": 0.003514}}
{"target": -13.774450169395099, "params": {"gamma": 705.004582487841, "log10_alpha": 0.2515194416379787, "log10_colsample_bytree": -0.5174171403463484, "log10_eta": -1.6533322155506625, "log10_lambda": -3.4186984093768964, "log10_min_child_weight": 1.2836832748300613, "log10_subsample": -0.1942957011954618, "max_depth": 9.0, "num_boost_round": 34.0}, "datetime": {"datetime": "2024-01-19 01:05:59", "elapsed": 3258.956975, "delta": 0.003508}}
{"target": -13.775771290805938, "params": {"gamma": 705.004582487841, "log10_alpha": 0.2515194416379787, "log10_colsample_bytree": -0.5174171403463484, "log10_eta": -1.6533322155506625, "log10_lambda": -3.4186984093768964, "log10_min_child_weight": 1.2836832748300613, "log10_subsample": -0.1942957011954618, "max_depth": 9.0, "num_boost_round": 35.0}, "datetime": {"datetime": "2024-01-19 01:05:59", "elapsed": 3258.960605, "delta": 0.00363}}
{"target": -13.776763661994512, "params": {"gamma": 705.004582487841, "log10_alpha": 0.2515194416379787, "log10_colsample_bytree": -0.5174171403463484, "log10_eta": -1.6533322155506625, "log10_lambda": -3.4186984093768964, "log10_min_child_weight": 1.2836832748300613, "log10_subsample": -0.1942957011954618, "max_depth": 9.0, "num_boost_round": 36.0}, "datetime": {"datetime": "2024-01-19 01:05:59", "elapsed": 3258.964213, "delta": 0.003608}}
{"target": -13.777608809344564, "params": {"gamma": 705.004582487841, "log10_alpha": 0.2515194416379787, "log10_colsample_bytree": -0.5174171403463484, "log10_eta": -1.6533322155506625, "log10_lambda": -3.4186984093768964, "log10_min_child_weight": 1.2836832748300613, "log10_subsample": -0.1942957011954618, "max_depth": 9.0, "num_boost_round": 37.0}, "datetime": {"datetime": "2024-01-19 01:05:59", "elapsed": 3258.967896, "delta": 0.003683}}
{"target": -13.778340668888546, "params": {"gamma": 705.004582487841, "log10_alpha": 0.2515194416379787, "log10_colsample_bytree": -0.5174171403463484, "log10_eta": -1.6533322155506625, "log10_lambda": -3.4186984093768964, "log10_min_child_weight": 1.2836832748300613, "log10_subsample": -0.1942957011954618, "max_depth": 9.0, "num_boost_round": 38.0}, "datetime": {"datetime": "2024-01-19 01:05:59", "elapsed": 3258.971475, "delta": 0.003579}}
{"target": -13.77897153476419, "params": {"gamma": 705.004582487841, "log10_alpha": 0.2515194416379787, "log10_colsample_bytree": -0.5174171403463484, "log10_eta": -1.6533322155506625, "log10_lambda": -3.4186984093768964, "log10_min_child_weight": 1.2836832748300613, "log10_subsample": -0.1942957011954618, "max_depth": 9.0, "num_boost_round": 39.0}, "datetime": {"datetime": "2024-01-19 01:05:59", "elapsed": 3258.975039, "delta": 0.003564}}
{"target": -13.780831831123374, "params": {"gamma": 705.004582487841, "log10_alpha": 0.2515194416379787, "log10_colsample_bytree": -0.5174171403463484, "log10_eta": -1.6533322155506625, "log10_lambda": -3.4186984093768964, "log10_min_child_weight": 1.2836832748300613, "log10_subsample": -0.1942957011954618, "max_depth": 9.0, "num_boost_round": 40.0}, "datetime": {"datetime": "2024-01-19 01:05:59", "elapsed": 3258.97857, "delta": 0.003531}}
{"target": -13.781245703427924, "params": {"gamma": 705.004582487841, "log10_alpha": 0.2515194416379787, "log10_colsample_bytree": -0.5174171403463484, "log10_eta": -1.6533322155506625, "log10_lambda": -3.4186984093768964, "log10_min_child_weight": 1.2836832748300613, "log10_subsample": -0.1942957011954618, "max_depth": 9.0, "num_boost_round": 41.0}, "datetime": {"datetime": "2024-01-19 01:05:59", "elapsed": 3258.982219, "delta": 0.003649}}
{"target": -13.783326337404596, "params": {"gamma": 705.004582487841, "log10_alpha": 0.2515194416379787, "log10_colsample_bytree": -0.5174171403463484, "log10_eta": -1.6533322155506625, "log10_lambda": -3.4186984093768964, "log10_min_child_weight": 1.2836832748300613, "log10_subsample": -0.1942957011954618, "max_depth": 9.0, "num_boost_round": 42.0}, "datetime": {"datetime": "2024-01-19 01:05:59", "elapsed": 3258.98674, "delta": 0.004521}}
{"target": -13.78558038714651, "params": {"gamma": 705.004582487841, "log10_alpha": 0.2515194416379787, "log10_colsample_bytree": -0.5174171403463484, "log10_eta": -1.6533322155506625, "log10_lambda": -3.4186984093768964, "log10_min_child_weight": 1.2836832748300613, "log10_subsample": -0.1942957011954618, "max_depth": 9.0, "num_boost_round": 43.0}, "datetime": {"datetime": "2024-01-19 01:05:59", "elapsed": 3258.991158, "delta": 0.004418}}
{"target": -13.786385758955843, "params": {"gamma": 705.004582487841, "log10_alpha": 0.2515194416379787, "log10_colsample_bytree": -0.5174171403463484, "log10_eta": -1.6533322155506625, "log10_lambda": -3.4186984093768964, "log10_min_child_weight": 1.2836832748300613, "log10_subsample": -0.1942957011954618, "max_depth": 9.0, "num_boost_round": 44.0}, "datetime": {"datetime": "2024-01-19 01:05:59", "elapsed": 3258.99496, "delta": 0.003802}}
{"target": -13.788286263469542, "params": {"gamma": 705.004582487841, "log10_alpha": 0.2515194416379787, "log10_colsample_bytree": -0.5174171403463484, "log10_eta": -1.6533322155506625, "log10_lambda": -3.4186984093768964, "log10_min_child_weight": 1.2836832748300613, "log10_subsample": -0.1942957011954618, "max_depth": 9.0, "num_boost_round": 45.0}, "datetime": {"datetime": "2024-01-19 01:05:59", "elapsed": 3258.998646, "delta": 0.003686}}
{"target": -13.789019045339558, "params": {"gamma": 705.004582487841, "log10_alpha": 0.2515194416379787, "log10_colsample_bytree": -0.5174171403463484, "log10_eta": -1.6533322155506625, "log10_lambda": -3.4186984093768964, "log10_min_child_weight": 1.2836832748300613, "log10_subsample": -0.1942957011954618, "max_depth": 9.0, "num_boost_round": 46.0}, "datetime": {"datetime": "2024-01-19 01:05:59", "elapsed": 3259.002256, "delta": 0.00361}}
{"target": -13.789755953506656, "params": {"gamma": 705.004582487841, "log10_alpha": 0.2515194416379787, "log10_colsample_bytree": -0.5174171403463484, "log10_eta": -1.6533322155506625, "log10_lambda": -3.4186984093768964, "log10_min_child_weight": 1.2836832748300613, "log10_subsample": -0.1942957011954618, "max_depth": 9.0, "num_boost_round": 47.0}, "datetime": {"datetime": "2024-01-19 01:05:59", "elapsed": 3259.00599, "delta": 0.003734}}
{"target": -13.790902785836963, "params": {"gamma": 705.004582487841, "log10_alpha": 0.2515194416379787, "log10_colsample_bytree": -0.5174171403463484, "log10_eta": -1.6533322155506625, "log10_lambda": -3.4186984093768964, "log10_min_child_weight": 1.2836832748300613, "log10_subsample": -0.1942957011954618, "max_depth": 9.0, "num_boost_round": 48.0}, "datetime": {"datetime": "2024-01-19 01:05:59", "elapsed": 3259.009686, "delta": 0.003696}}
{"target": -13.791022385719641, "params": {"gamma": 705.004582487841, "log10_alpha": 0.2515194416379787, "log10_colsample_bytree": -0.5174171403463484, "log10_eta": -1.6533322155506625, "log10_lambda": -3.4186984093768964, "log10_min_child_weight": 1.2836832748300613, "log10_subsample": -0.1942957011954618, "max_depth": 9.0, "num_boost_round": 49.0}, "datetime": {"datetime": "2024-01-19 01:05:59", "elapsed": 3259.013206, "delta": 0.00352}}
{"target": -13.792429395002038, "params": {"gamma": 705.004582487841, "log10_alpha": 0.2515194416379787, "log10_colsample_bytree": -0.5174171403463484, "log10_eta": -1.6533322155506625, "log10_lambda": -3.4186984093768964, "log10_min_child_weight": 1.2836832748300613, "log10_subsample": -0.1942957011954618, "max_depth": 9.0, "num_boost_round": 50.0}, "datetime": {"datetime": "2024-01-19 01:05:59", "elapsed": 3259.016821, "delta": 0.003615}}
{"target": -13.792864257159552, "params": {"gamma": 705.004582487841, "log10_alpha": 0.2515194416379787, "log10_colsample_bytree": -0.5174171403463484, "log10_eta": -1.6533322155506625, "log10_lambda": -3.4186984093768964, "log10_min_child_weight": 1.2836832748300613, "log10_subsample": -0.1942957011954618, "max_depth": 9.0, "num_boost_round": 51.0}, "datetime": {"datetime": "2024-01-19 01:05:59", "elapsed": 3259.020361, "delta": 0.00354}}
{"target": -13.793238276636574, "params": {"gamma": 705.004582487841, "log10_alpha": 0.2515194416379787, "log10_colsample_bytree": -0.5174171403463484, "log10_eta": -1.6533322155506625, "log10_lambda": -3.4186984093768964, "log10_min_child_weight": 1.2836832748300613, "log10_subsample": -0.1942957011954618, "max_depth": 9.0, "num_boost_round": 52.0}, "datetime": {"datetime": "2024-01-19 01:05:59", "elapsed": 3259.023935, "delta": 0.003574}}
{"target": -13.794601556551141, "params": {"gamma": 705.004582487841, "log10_alpha": 0.2515194416379787, "log10_colsample_bytree": -0.5174171403463484, "log10_eta": -1.6533322155506625, "log10_lambda": -3.4186984093768964, "log10_min_child_weight": 1.2836832748300613, "log10_subsample": -0.1942957011954618, "max_depth": 9.0, "num_boost_round": 53.0}, "datetime": {"datetime": "2024-01-19 01:05:59", "elapsed": 3259.027686, "delta": 0.003751}}
{"target": -13.795790291218847, "params": {"gamma": 705.004582487841, "log10_alpha": 0.2515194416379787, "log10_colsample_bytree": -0.5174171403463484, "log10_eta": -1.6533322155506625, "log10_lambda": -3.4186984093768964, "log10_min_child_weight": 1.2836832748300613, "log10_subsample": -0.1942957011954618, "max_depth": 9.0, "num_boost_round": 54.0}, "datetime": {"datetime": "2024-01-19 01:05:59", "elapsed": 3259.031385, "delta": 0.003699}}
{"target": -13.79664454080054, "params": {"gamma": 705.004582487841, "log10_alpha": 0.2515194416379787, "log10_colsample_bytree": -0.5174171403463484, "log10_eta": -1.6533322155506625, "log10_lambda": -3.4186984093768964, "log10_min_child_weight": 1.2836832748300613, "log10_subsample": -0.1942957011954618, "max_depth": 9.0, "num_boost_round": 55.0}, "datetime": {"datetime": "2024-01-19 01:05:59", "elapsed": 3259.035004, "delta": 0.003619}}
{"target": -13.799042390427111, "params": {"gamma": 705.004582487841, "log10_alpha": 0.2515194416379787, "log10_colsample_bytree": -0.5174171403463484, "log10_eta": -1.6533322155506625, "log10_lambda": -3.4186984093768964, "log10_min_child_weight": 1.2836832748300613, "log10_subsample": -0.1942957011954618, "max_depth": 9.0, "num_boost_round": 56.0}, "datetime": {"datetime": "2024-01-19 01:05:59", "elapsed": 3259.038627, "delta": 0.003623}}
{"target": -13.79999220155938, "params": {"gamma": 705.004582487841, "log10_alpha": 0.2515194416379787, "log10_colsample_bytree": -0.5174171403463484, "log10_eta": -1.6533322155506625, "log10_lambda": -3.4186984093768964, "log10_min_child_weight": 1.2836832748300613, "log10_subsample": -0.1942957011954618, "max_depth": 9.0, "num_boost_round": 57.0}, "datetime": {"datetime": "2024-01-19 01:05:59", "elapsed": 3259.042286, "delta": 0.003659}}
{"target": -13.801116060088745, "params": {"gamma": 705.004582487841, "log10_alpha": 0.2515194416379787, "log10_colsample_bytree": -0.5174171403463484, "log10_eta": -1.6533322155506625, "log10_lambda": -3.4186984093768964, "log10_min_child_weight": 1.2836832748300613, "log10_subsample": -0.1942957011954618, "max_depth": 9.0, "num_boost_round": 58.0}, "datetime": {"datetime": "2024-01-19 01:05:59", "elapsed": 3259.046068, "delta": 0.003782}}
{"target": -13.803175255019301, "params": {"gamma": 705.004582487841, "log10_alpha": 0.2515194416379787, "log10_colsample_bytree": -0.5174171403463484, "log10_eta": -1.6533322155506625, "log10_lambda": -3.4186984093768964, "log10_min_child_weight": 1.2836832748300613, "log10_subsample": -0.1942957011954618, "max_depth": 9.0, "num_boost_round": 59.0}, "datetime": {"datetime": "2024-01-19 01:05:59", "elapsed": 3259.04972, "delta": 0.003652}}
{"target": -13.803790759701156, "params": {"gamma": 705.004582487841, "log10_alpha": 0.2515194416379787, "log10_colsample_bytree": -0.5174171403463484, "log10_eta": -1.6533322155506625, "log10_lambda": -3.4186984093768964, "log10_min_child_weight": 1.2836832748300613, "log10_subsample": -0.1942957011954618, "max_depth": 9.0, "num_boost_round": 60.0}, "datetime": {"datetime": "2024-01-19 01:05:59", "elapsed": 3259.0534, "delta": 0.00368}}
{"target": -13.804775912772936, "params": {"gamma": 705.004582487841, "log10_alpha": 0.2515194416379787, "log10_colsample_bytree": -0.5174171403463484, "log10_eta": -1.6533322155506625, "log10_lambda": -3.4186984093768964, "log10_min_child_weight": 1.2836832748300613, "log10_subsample": -0.1942957011954618, "max_depth": 9.0, "num_boost_round": 61.0}, "datetime": {"datetime": "2024-01-19 01:05:59", "elapsed": 3259.057045, "delta": 0.003645}}
{"target": -13.806412024636929, "params": {"gamma": 705.004582487841, "log10_alpha": 0.2515194416379787, "log10_colsample_bytree": -0.5174171403463484, "log10_eta": -1.6533322155506625, "log10_lambda": -3.4186984093768964, "log10_min_child_weight": 1.2836832748300613, "log10_subsample": -0.1942957011954618, "max_depth": 9.0, "num_boost_round": 62.0}, "datetime": {"datetime": "2024-01-19 01:05:59", "elapsed": 3259.060607, "delta": 0.003562}}
{"target": -13.806361637395119, "params": {"gamma": 705.004582487841, "log10_alpha": 0.2515194416379787, "log10_colsample_bytree": -0.5174171403463484, "log10_eta": -1.6533322155506625, "log10_lambda": -3.4186984093768964, "log10_min_child_weight": 1.2836832748300613, "log10_subsample": -0.1942957011954618, "max_depth": 9.0, "num_boost_round": 63.0}, "datetime": {"datetime": "2024-01-19 01:05:59", "elapsed": 3259.064287, "delta": 0.00368}}
{"target": -13.806324844037992, "params": {"gamma": 705.004582487841, "log10_alpha": 0.2515194416379787, "log10_colsample_bytree": -0.5174171403463484, "log10_eta": -1.6533322155506625, "log10_lambda": -3.4186984093768964, "log10_min_child_weight": 1.2836832748300613, "log10_subsample": -0.1942957011954618, "max_depth": 9.0, "num_boost_round": 64.0}, "datetime": {"datetime": "2024-01-19 01:05:59", "elapsed": 3259.067895, "delta": 0.003608}}
{"target": -13.809634054522679, "params": {"gamma": 705.004582487841, "log10_alpha": 0.2515194416379787, "log10_colsample_bytree": -0.5174171403463484, "log10_eta": -1.6533322155506625, "log10_lambda": -3.4186984093768964, "log10_min_child_weight": 1.2836832748300613, "log10_subsample": -0.1942957011954618, "max_depth": 9.0, "num_boost_round": 65.0}, "datetime": {"datetime": "2024-01-19 01:05:59", "elapsed": 3259.07163, "delta": 0.003735}}
{"target": -13.758534057331627, "params": {"gamma": 712.0449975648831, "log10_alpha": -3.5772598356577134, "log10_colsample_bytree": -0.9190858797631821, "log10_eta": -2.9352301686483395, "log10_lambda": -4.783145197072773, "log10_min_child_weight": 4.308431715638347, "log10_subsample": -0.7456332125151066, "max_depth": 9.0, "num_boost_round": 0.0}, "datetime": {"datetime": "2024-01-19 01:06:47", "elapsed": 3306.643816, "delta": 47.572186}}
{"target": -13.758523516945624, "params": {"gamma": 712.0449975648831, "log10_alpha": -3.5772598356577134, "log10_colsample_bytree": -0.9190858797631821, "log10_eta": -2.9352301686483395, "log10_lambda": -4.783145197072773, "log10_min_child_weight": 4.308431715638347, "log10_subsample": -0.7456332125151066, "max_depth": 9.0, "num_boost_round": 1.0}, "datetime": {"datetime": "2024-01-19 01:06:47", "elapsed": 3306.648199, "delta": 0.004383}}
{"target": -13.758522511116718, "params": {"gamma": 712.0449975648831, "log10_alpha": -3.5772598356577134, "log10_colsample_bytree": -0.9190858797631821, "log10_eta": -2.9352301686483395, "log10_lambda": -4.783145197072773, "log10_min_child_weight": 4.308431715638347, "log10_subsample": -0.7456332125151066, "max_depth": 9.0, "num_boost_round": 2.0}, "datetime": {"datetime": "2024-01-19 01:06:47", "elapsed": 3306.651902, "delta": 0.003703}}
{"target": -13.758525377983878, "params": {"gamma": 712.0449975648831, "log10_alpha": -3.5772598356577134, "log10_colsample_bytree": -0.9190858797631821, "log10_eta": -2.9352301686483395, "log10_lambda": -4.783145197072773, "log10_min_child_weight": 4.308431715638347, "log10_subsample": -0.7456332125151066, "max_depth": 9.0, "num_boost_round": 3.0}, "datetime": {"datetime": "2024-01-19 01:06:47", "elapsed": 3306.655708, "delta": 0.003806}}
{"target": -13.758520413193143, "params": {"gamma": 712.0449975648831, "log10_alpha": -3.5772598356577134, "log10_colsample_bytree": -0.9190858797631821, "log10_eta": -2.9352301686483395, "log10_lambda": -4.783145197072773, "log10_min_child_weight": 4.308431715638347, "log10_subsample": -0.7456332125151066, "max_depth": 9.0, "num_boost_round": 4.0}, "datetime": {"datetime": "2024-01-19 01:06:47", "elapsed": 3306.659331, "delta": 0.003623}}
{"target": -13.758518563761655, "params": {"gamma": 712.0449975648831, "log10_alpha": -3.5772598356577134, "log10_colsample_bytree": -0.9190858797631821, "log10_eta": -2.9352301686483395, "log10_lambda": -4.783145197072773, "log10_min_child_weight": 4.308431715638347, "log10_subsample": -0.7456332125151066, "max_depth": 9.0, "num_boost_round": 5.0}, "datetime": {"datetime": "2024-01-19 01:06:47", "elapsed": 3306.662985, "delta": 0.003654}}
{"target": -13.758519947737657, "params": {"gamma": 712.0449975648831, "log10_alpha": -3.5772598356577134, "log10_colsample_bytree": -0.9190858797631821, "log10_eta": -2.9352301686483395, "log10_lambda": -4.783145197072773, "log10_min_child_weight": 4.308431715638347, "log10_subsample": -0.7456332125151066, "max_depth": 9.0, "num_boost_round": 6.0}, "datetime": {"datetime": "2024-01-19 01:06:47", "elapsed": 3306.666457, "delta": 0.003472}}
{"target": -13.758516699341993, "params": {"gamma": 712.0449975648831, "log10_alpha": -3.5772598356577134, "log10_colsample_bytree": -0.9190858797631821, "log10_eta": -2.9352301686483395, "log10_lambda": -4.783145197072773, "log10_min_child_weight": 4.308431715638347, "log10_subsample": -0.7456332125151066, "max_depth": 9.0, "num_boost_round": 7.0}, "datetime": {"datetime": "2024-01-19 01:06:47", "elapsed": 3306.670106, "delta": 0.003649}}
{"target": -13.758515643760955, "params": {"gamma": 712.0449975648831, "log10_alpha": -3.5772598356577134, "log10_colsample_bytree": -0.9190858797631821, "log10_eta": -2.9352301686483395, "log10_lambda": -4.783145197072773, "log10_min_child_weight": 4.308431715638347, "log10_subsample": -0.7456332125151066, "max_depth": 9.0, "num_boost_round": 8.0}, "datetime": {"datetime": "2024-01-19 01:06:47", "elapsed": 3306.673839, "delta": 0.003733}}
{"target": -13.758520638002953, "params": {"gamma": 712.0449975648831, "log10_alpha": -3.5772598356577134, "log10_colsample_bytree": -0.9190858797631821, "log10_eta": -2.9352301686483395, "log10_lambda": -4.783145197072773, "log10_min_child_weight": 4.308431715638347, "log10_subsample": -0.7456332125151066, "max_depth": 9.0, "num_boost_round": 9.0}, "datetime": {"datetime": "2024-01-19 01:06:47", "elapsed": 3306.67748, "delta": 0.003641}}
{"target": -13.758511303405797, "params": {"gamma": 712.0449975648831, "log10_alpha": -3.5772598356577134, "log10_colsample_bytree": -0.9190858797631821, "log10_eta": -2.9352301686483395, "log10_lambda": -4.783145197072773, "log10_min_child_weight": 4.308431715638347, "log10_subsample": -0.7456332125151066, "max_depth": 9.0, "num_boost_round": 10.0}, "datetime": {"datetime": "2024-01-19 01:06:47", "elapsed": 3306.681131, "delta": 0.003651}}
{"target": -13.758508605469016, "params": {"gamma": 712.0449975648831, "log10_alpha": -3.5772598356577134, "log10_colsample_bytree": -0.9190858797631821, "log10_eta": -2.9352301686483395, "log10_lambda": -4.783145197072773, "log10_min_child_weight": 4.308431715638347, "log10_subsample": -0.7456332125151066, "max_depth": 9.0, "num_boost_round": 11.0}, "datetime": {"datetime": "2024-01-19 01:06:47", "elapsed": 3306.684948, "delta": 0.003817}}
{"target": -13.758514247387858, "params": {"gamma": 712.0449975648831, "log10_alpha": -3.5772598356577134, "log10_colsample_bytree": -0.9190858797631821, "log10_eta": -2.9352301686483395, "log10_lambda": -4.783145197072773, "log10_min_child_weight": 4.308431715638347, "log10_subsample": -0.7456332125151066, "max_depth": 9.0, "num_boost_round": 12.0}, "datetime": {"datetime": "2024-01-19 01:06:47", "elapsed": 3306.68852, "delta": 0.003572}}
