{"target": -17.677105223452763, "params": {"gamma": 43.45287558085753, "log10_alpha": -4.441104027795729, "log10_colsample_bytree": -0.2866020260831619, "log10_eta": -3.9045246318520785, "log10_lambda": -1.1170044789914115, "log10_min_child_weight": 4.029901945096568, "log10_subsample": -0.12581192242932426, "max_depth": 7.0, "num_boost_round": 36.0}, "datetime": {"datetime": "2024-01-19 01:41:48", "elapsed": 5462.404958, "delta": 0.004577}}
{"target": -17.677102474821922, "params": {"gamma": 43.45287558085753, "log10_alpha": -4.441104027795729, "log10_colsample_bytree": -0.2866020260831619, "log10_eta": -3.9045246318520785, "log10_lambda": -1.1170044789914115, "log10_min_child_weight": 4.029901945096568, "log10_subsample": -0.12581192242932426, "max_depth": 7.0, "num_boost_round": 37.0}, "datetime": {"datetime": "2024-01-19 01:41:48", "elapsed": 5462.409358, "delta": 0.0044}}
{"target": -17.677097159107092, "params": {"gamma": 43.45287558085753, "log10_alpha": -4.441104027795729, "log10_colsample_bytree": -0.2866020260831619, "log10_eta": -3.9045246318520785, "log10_lambda": -1.1170044789914115, "log10_min_child_weight": 4.029901945096568, "log10_subsample": -0.12581192242932426, "max_depth": 7.0, "num_boost_round": 38.0}, "datetime": {"datetime": "2024-01-19 01:41:48", "elapsed": 5462.413912, "delta": 0.004554}}
{"target": -17.677091844836355, "params": {"gamma": 43.45287558085753, "log10_alpha": -4.441104027795729, "log10_colsample_bytree": -0.2866020260831619, "log10_eta": -3.9045246318520785, "log10_lambda": -1.1170044789914115, "log10_min_child_weight": 4.029901945096568, "log10_subsample": -0.12581192242932426, "max_depth": 7.0, "num_boost_round": 39.0}, "datetime": {"datetime": "2024-01-19 01:41:48", "elapsed": 5462.418443, "delta": 0.004531}}
{"target": -17.677086790199365, "params": {"gamma": 43.45287558085753, "log10_alpha": -4.441104027795729, "log10_colsample_bytree": -0.2866020260831619, "log10_eta": -3.9045246318520785, "log10_lambda": -1.1170044789914115, "log10_min_child_weight": 4.029901945096568, "log10_subsample": -0.12581192242932426, "max_depth": 7.0, "num_boost_round": 40.0}, "datetime": {"datetime": "2024-01-19 01:41:48", "elapsed": 5462.423123, "delta": 0.00468}}
{"target": -17.677081708497735, "params": {"gamma": 43.45287558085753, "log10_alpha": -4.441104027795729, "log10_colsample_bytree": -0.2866020260831619, "log10_eta": -3.9045246318520785, "log10_lambda": -1.1170044789914115, "log10_min_child_weight": 4.029901945096568, "log10_subsample": -0.12581192242932426, "max_depth": 7.0, "num_boost_round": 41.0}, "datetime": {"datetime": "2024-01-19 01:41:48", "elapsed": 5462.427475, "delta": 0.004352}}
{"target": -17.67707634344127, "params": {"gamma": 43.45287558085753, "log10_alpha": -4.441104027795729, "log10_colsample_bytree": -0.2866020260831619, "log10_eta": -3.9045246318520785, "log10_lambda": -1.1170044789914115, "log10_min_child_weight": 4.029901945096568, "log10_subsample": -0.12581192242932426, "max_depth": 7.0, "num_boost_round": 42.0}, "datetime": {"datetime": "2024-01-19 01:41:48", "elapsed": 5462.4319, "delta": 0.004425}}
{"target": -17.67707318977755, "params": {"gamma": 43.45287558085753, "log10_alpha": -4.441104027795729, "log10_colsample_bytree": -0.2866020260831619, "log10_eta": -3.9045246318520785, "log10_lambda": -1.1170044789914115, "log10_min_child_weight": 4.029901945096568, "log10_subsample": -0.12581192242932426, "max_depth": 7.0, "num_boost_round": 43.0}, "datetime": {"datetime": "2024-01-19 01:41:48", "elapsed": 5462.436227, "delta": 0.004327}}
{"target": -17.677072140005865, "params": {"gamma": 43.45287558085753, "log10_alpha": -4.441104027795729, "log10_colsample_bytree": -0.2866020260831619, "log10_eta": -3.9045246318520785, "log10_lambda": -1.1170044789914115, "log10_min_child_weight": 4.029901945096568, "log10_subsample": -0.12581192242932426, "max_depth": 7.0, "num_boost_round": 44.0}, "datetime": {"datetime": "2024-01-19 01:41:48", "elapsed": 5462.440678, "delta": 0.004451}}
{"target": -17.677065045892963, "params": {"gamma": 43.45287558085753, "log10_alpha": -4.441104027795729, "log10_colsample_bytree": -0.2866020260831619, "log10_eta": -3.9045246318520785, "log10_lambda": -1.1170044789914115, "log10_min_child_weight": 4.029901945096568, "log10_subsample": -0.12581192242932426, "max_depth": 7.0, "num_boost_round": 45.0}, "datetime": {"datetime": "2024-01-19 01:41:48", "elapsed": 5462.445139, "delta": 0.004461}}
{"target": -17.677061941269322, "params": {"gamma": 43.45287558085753, "log10_alpha": -4.441104027795729, "log10_colsample_bytree": -0.2866020260831619, "log10_eta": -3.9045246318520785, "log10_lambda": -1.1170044789914115, "log10_min_child_weight": 4.029901945096568, "log10_subsample": -0.12581192242932426, "max_depth": 7.0, "num_boost_round": 46.0}, "datetime": {"datetime": "2024-01-19 01:41:48", "elapsed": 5462.449539, "delta": 0.0044}}
{"target": -17.67705888646084, "params": {"gamma": 43.45287558085753, "log10_alpha": -4.441104027795729, "log10_colsample_bytree": -0.2866020260831619, "log10_eta": -3.9045246318520785, "log10_lambda": -1.1170044789914115, "log10_min_child_weight": 4.029901945096568, "log10_subsample": -0.12581192242932426, "max_depth": 7.0, "num_boost_round": 47.0}, "datetime": {"datetime": "2024-01-19 01:41:48", "elapsed": 5462.455297, "delta": 0.005758}}
{"target": -17.677060310975023, "params": {"gamma": 43.45287558085753, "log10_alpha": -4.441104027795729, "log10_colsample_bytree": -0.2866020260831619, "log10_eta": -3.9045246318520785, "log10_lambda": -1.1170044789914115, "log10_min_child_weight": 4.029901945096568, "log10_subsample": -0.12581192242932426, "max_depth": 7.0, "num_boost_round": 48.0}, "datetime": {"datetime": "2024-01-19 01:41:48", "elapsed": 5462.460262, "delta": 0.004965}}
{"target": -17.677059218762743, "params": {"gamma": 43.45287558085753, "log10_alpha": -4.441104027795729, "log10_colsample_bytree": -0.2866020260831619, "log10_eta": -3.9045246318520785, "log10_lambda": -1.1170044789914115, "log10_min_child_weight": 4.029901945096568, "log10_subsample": -0.12581192242932426, "max_depth": 7.0, "num_boost_round": 49.0}, "datetime": {"datetime": "2024-01-19 01:41:48", "elapsed": 5462.465078, "delta": 0.004816}}
{"target": -17.677055974853143, "params": {"gamma": 43.45287558085753, "log10_alpha": -4.441104027795729, "log10_colsample_bytree": -0.2866020260831619, "log10_eta": -3.9045246318520785, "log10_lambda": -1.1170044789914115, "log10_min_child_weight": 4.029901945096568, "log10_subsample": -0.12581192242932426, "max_depth": 7.0, "num_boost_round": 50.0}, "datetime": {"datetime": "2024-01-19 01:41:48", "elapsed": 5462.469514, "delta": 0.004436}}
{"target": -17.677231284727448, "params": {"gamma": 48.190844291483124, "log10_alpha": 0.4577309625688084, "log10_colsample_bytree": -0.9618752858857945, "log10_eta": -3.8189060431372748, "log10_lambda": -3.0807858122422536, "log10_min_child_weight": 4.085107193587371, "log10_subsample": -0.4385428206709243, "max_depth": 3.0, "num_boost_round": 0.0}, "datetime": {"datetime": "2024-01-19 01:42:37", "elapsed": 5511.498792, "delta": 49.029278}}
{"target": -17.677231113067496, "params": {"gamma": 48.190844291483124, "log10_alpha": 0.4577309625688084, "log10_colsample_bytree": -0.9618752858857945, "log10_eta": -3.8189060431372748, "log10_lambda": -3.0807858122422536, "log10_min_child_weight": 4.085107193587371, "log10_subsample": -0.4385428206709243, "max_depth": 3.0, "num_boost_round": 1.0}, "datetime": {"datetime": "2024-01-19 01:42:37", "elapsed": 5511.503906, "delta": 0.005114}}
{"target": -17.677233013649914, "params": {"gamma": 48.190844291483124, "log10_alpha": 0.4577309625688084, "log10_colsample_bytree": -0.9618752858857945, "log10_eta": -3.8189060431372748, "log10_lambda": -3.0807858122422536, "log10_min_child_weight": 4.085107193587371, "log10_subsample": -0.4385428206709243, "max_depth": 3.0, "num_boost_round": 2.0}, "datetime": {"datetime": "2024-01-19 01:42:37", "elapsed": 5511.508454, "delta": 0.004548}}
{"target": -17.677233844795992, "params": {"gamma": 48.190844291483124, "log10_alpha": 0.4577309625688084, "log10_colsample_bytree": -0.9618752858857945, "log10_eta": -3.8189060431372748, "log10_lambda": -3.0807858122422536, "log10_min_child_weight": 4.085107193587371, "log10_subsample": -0.4385428206709243, "max_depth": 3.0, "num_boost_round": 3.0}, "datetime": {"datetime": "2024-01-19 01:42:37", "elapsed": 5511.512937, "delta": 0.004483}}
{"target": -17.677232146005167, "params": {"gamma": 48.190844291483124, "log10_alpha": 0.4577309625688084, "log10_colsample_bytree": -0.9618752858857945, "log10_eta": -3.8189060431372748, "log10_lambda": -3.0807858122422536, "log10_min_child_weight": 4.085107193587371, "log10_subsample": -0.4385428206709243, "max_depth": 3.0, "num_boost_round": 4.0}, "datetime": {"datetime": "2024-01-19 01:42:37", "elapsed": 5511.517621, "delta": 0.004684}}
{"target": -17.677232440995624, "params": {"gamma": 48.190844291483124, "log10_alpha": 0.4577309625688084, "log10_colsample_bytree": -0.9618752858857945, "log10_eta": -3.8189060431372748, "log10_lambda": -3.0807858122422536, "log10_min_child_weight": 4.085107193587371, "log10_subsample": -0.4385428206709243, "max_depth": 3.0, "num_boost_round": 5.0}, "datetime": {"datetime": "2024-01-19 01:42:37", "elapsed": 5511.522292, "delta": 0.004671}}
{"target": -17.677233560217246, "params": {"gamma": 48.190844291483124, "log10_alpha": 0.4577309625688084, "log10_colsample_bytree": -0.9618752858857945, "log10_eta": -3.8189060431372748, "log10_lambda": -3.0807858122422536, "log10_min_child_weight": 4.085107193587371, "log10_subsample": -0.4385428206709243, "max_depth": 3.0, "num_boost_round": 6.0}, "datetime": {"datetime": "2024-01-19 01:42:37", "elapsed": 5511.527559, "delta": 0.005267}}
{"target": -17.677229481923213, "params": {"gamma": 48.190844291483124, "log10_alpha": 0.4577309625688084, "log10_colsample_bytree": -0.9618752858857945, "log10_eta": -3.8189060431372748, "log10_lambda": -3.0807858122422536, "log10_min_child_weight": 4.085107193587371, "log10_subsample": -0.4385428206709243, "max_depth": 3.0, "num_boost_round": 7.0}, "datetime": {"datetime": "2024-01-19 01:42:37", "elapsed": 5511.532301, "delta": 0.004742}}
{"target": -17.67723035742974, "params": {"gamma": 48.190844291483124, "log10_alpha": 0.4577309625688084, "log10_colsample_bytree": -0.9618752858857945, "log10_eta": -3.8189060431372748, "log10_lambda": -3.0807858122422536, "log10_min_child_weight": 4.085107193587371, "log10_subsample": -0.4385428206709243, "max_depth": 3.0, "num_boost_round": 8.0}, "datetime": {"datetime": "2024-01-19 01:42:37", "elapsed": 5511.53699, "delta": 0.004689}}
{"target": -17.677229930867313, "params": {"gamma": 48.190844291483124, "log10_alpha": 0.4577309625688084, "log10_colsample_bytree": -0.9618752858857945, "log10_eta": -3.8189060431372748, "log10_lambda": -3.0807858122422536, "log10_min_child_weight": 4.085107193587371, "log10_subsample": -0.4385428206709243, "max_depth": 3.0, "num_boost_round": 9.0}, "datetime": {"datetime": "2024-01-19 01:42:37", "elapsed": 5511.541408, "delta": 0.004418}}
{"target": -17.67722930984605, "params": {"gamma": 48.190844291483124, "log10_alpha": 0.4577309625688084, "log10_colsample_bytree": -0.9618752858857945, "log10_eta": -3.8189060431372748, "log10_lambda": -3.0807858122422536, "log10_min_child_weight": 4.085107193587371, "log10_subsample": -0.4385428206709243, "max_depth": 3.0, "num_boost_round": 10.0}, "datetime": {"datetime": "2024-01-19 01:42:37", "elapsed": 5511.545859, "delta": 0.004451}}
{"target": -17.677227995216715, "params": {"gamma": 48.190844291483124, "log10_alpha": 0.4577309625688084, "log10_colsample_bytree": -0.9618752858857945, "log10_eta": -3.8189060431372748, "log10_lambda": -3.0807858122422536, "log10_min_child_weight": 4.085107193587371, "log10_subsample": -0.4385428206709243, "max_depth": 3.0, "num_boost_round": 11.0}, "datetime": {"datetime": "2024-01-19 01:42:37", "elapsed": 5511.550338, "delta": 0.004479}}
{"target": -17.677224816293617, "params": {"gamma": 48.190844291483124, "log10_alpha": 0.4577309625688084, "log10_colsample_bytree": -0.9618752858857945, "log10_eta": -3.8189060431372748, "log10_lambda": -3.0807858122422536, "log10_min_child_weight": 4.085107193587371, "log10_subsample": -0.4385428206709243, "max_depth": 3.0, "num_boost_round": 12.0}, "datetime": {"datetime": "2024-01-19 01:42:37", "elapsed": 5511.55495, "delta": 0.004612}}
{"target": -17.677222346305154, "params": {"gamma": 48.190844291483124, "log10_alpha": 0.4577309625688084, "log10_colsample_bytree": -0.9618752858857945, "log10_eta": -3.8189060431372748, "log10_lambda": -3.0807858122422536, "log10_min_child_weight": 4.085107193587371, "log10_subsample": -0.4385428206709243, "max_depth": 3.0, "num_boost_round": 13.0}, "datetime": {"datetime": "2024-01-19 01:42:37", "elapsed": 5511.559473, "delta": 0.004523}}
{"target": -17.677222783634186, "params": {"gamma": 48.190844291483124, "log10_alpha": 0.4577309625688084, "log10_colsample_bytree": -0.9618752858857945, "log10_eta": -3.8189060431372748, "log10_lambda": -3.0807858122422536, "log10_min_child_weight": 4.085107193587371, "log10_subsample": -0.4385428206709243, "max_depth": 3.0, "num_boost_round": 14.0}, "datetime": {"datetime": "2024-01-19 01:42:37", "elapsed": 5511.563972, "delta": 0.004499}}
{"target": -17.67722218758961, "params": {"gamma": 48.190844291483124, "log10_alpha": 0.4577309625688084, "log10_colsample_bytree": -0.9618752858857945, "log10_eta": -3.8189060431372748, "log10_lambda": -3.0807858122422536, "log10_min_child_weight": 4.085107193587371, "log10_subsample": -0.4385428206709243, "max_depth": 3.0, "num_boost_round": 15.0}, "datetime": {"datetime": "2024-01-19 01:42:37", "elapsed": 5511.568511, "delta": 0.004539}}
{"target": -17.677222124660844, "params": {"gamma": 48.190844291483124, "log10_alpha": 0.4577309625688084, "log10_colsample_bytree": -0.9618752858857945, "log10_eta": -3.8189060431372748, "log10_lambda": -3.0807858122422536, "log10_min_child_weight": 4.085107193587371, "log10_subsample": -0.4385428206709243, "max_depth": 3.0, "num_boost_round": 16.0}, "datetime": {"datetime": "2024-01-19 01:42:37", "elapsed": 5511.573003, "delta": 0.004492}}
{"target": -17.677222638030763, "params": {"gamma": 48.190844291483124, "log10_alpha": 0.4577309625688084, "log10_colsample_bytree": -0.9618752858857945, "log10_eta": -3.8189060431372748, "log10_lambda": -3.0807858122422536, "log10_min_child_weight": 4.085107193587371, "log10_subsample": -0.4385428206709243, "max_depth": 3.0, "num_boost_round": 17.0}, "datetime": {"datetime": "2024-01-19 01:42:37", "elapsed": 5511.577351, "delta": 0.004348}}
{"target": -17.677229211916657, "params": {"gamma": 54.354411960603755, "log10_alpha": -4.446402928036628, "log10_colsample_bytree": -0.7223373465994908, "log10_eta": -3.898962343447949, "log10_lambda": -4.097276019957067, "log10_min_child_weight": 2.6974932242756307, "log10_subsample": -0.9578970809596558, "max_depth": 4.0, "num_boost_round": 0.0}, "datetime": {"datetime": "2024-01-19 01:43:36", "elapsed": 5570.197433, "delta": 58.620082}}
{"target": -17.6772239522512, "params": {"gamma": 54.354411960603755, "log10_alpha": -4.446402928036628, "log10_colsample_bytree": -0.7223373465994908, "log10_eta": -3.898962343447949, "log10_lambda": -4.097276019957067, "log10_min_child_weight": 2.6974932242756307, "log10_subsample": -0.9578970809596558, "max_depth": 4.0, "num_boost_round": 1.0}, "datetime": {"datetime": "2024-01-19 01:43:36", "elapsed": 5570.202523, "delta": 0.00509}}
{"target": -17.677223001937, "params": {"gamma": 54.354411960603755, "log10_alpha": -4.446402928036628, "log10_colsample_bytree": -0.7223373465994908, "log10_eta": -3.898962343447949, "log10_lambda": -4.097276019957067, "log10_min_child_weight": 2.6974932242756307, "log10_subsample": -0.9578970809596558, "max_depth": 4.0, "num_boost_round": 2.0}, "datetime": {"datetime": "2024-01-19 01:43:36", "elapsed": 5570.207225, "delta": 0.004702}}
{"target": -17.677223968507946, "params": {"gamma": 54.354411960603755, "log10_alpha": -4.446402928036628, "log10_colsample_bytree": -0.7223373465994908, "log10_eta": -3.898962343447949, "log10_lambda": -4.097276019957067, "log10_min_child_weight": 2.6974932242756307, "log10_subsample": -0.9578970809596558, "max_depth": 4.0, "num_boost_round": 3.0}, "datetime": {"datetime": "2024-01-19 01:43:36", "elapsed": 5570.211753, "delta": 0.004528}}
{"target": -17.677216859394072, "params": {"gamma": 54.354411960603755, "log10_alpha": -4.446402928036628, "log10_colsample_bytree": -0.7223373465994908, "log10_eta": -3.898962343447949, "log10_lambda": -4.097276019957067, "log10_min_child_weight": 2.6974932242756307, "log10_subsample": -0.9578970809596558, "max_depth": 4.0, "num_boost_round": 4.0}, "datetime": {"datetime": "2024-01-19 01:43:36", "elapsed": 5570.216494, "delta": 0.004741}}
{"target": -17.67721437900766, "params": {"gamma": 54.354411960603755, "log10_alpha": -4.446402928036628, "log10_colsample_bytree": -0.7223373465994908, "log10_eta": -3.898962343447949, "log10_lambda": -4.097276019957067, "log10_min_child_weight": 2.6974932242756307, "log10_subsample": -0.9578970809596558, "max_depth": 4.0, "num_boost_round": 5.0}, "datetime": {"datetime": "2024-01-19 01:43:36", "elapsed": 5570.221071, "delta": 0.004577}}
{"target": -17.677211377264936, "params": {"gamma": 54.354411960603755, "log10_alpha": -4.446402928036628, "log10_colsample_bytree": -0.7223373465994908, "log10_eta": -3.898962343447949, "log10_lambda": -4.097276019957067, "log10_min_child_weight": 2.6974932242756307, "log10_subsample": -0.9578970809596558, "max_depth": 4.0, "num_boost_round": 6.0}, "datetime": {"datetime": "2024-01-19 01:43:36", "elapsed": 5570.22563, "delta": 0.004559}}
{"target": -17.67720219022558, "params": {"gamma": 54.354411960603755, "log10_alpha": -4.446402928036628, "log10_colsample_bytree": -0.7223373465994908, "log10_eta": -3.898962343447949, "log10_lambda": -4.097276019957067, "log10_min_child_weight": 2.6974932242756307, "log10_subsample": -0.9578970809596558, "max_depth": 4.0, "num_boost_round": 7.0}, "datetime": {"datetime": "2024-01-19 01:43:36", "elapsed": 5570.230111, "delta": 0.004481}}
{"target": -17.677198558772076, "params": {"gamma": 54.354411960603755, "log10_alpha": -4.446402928036628, "log10_colsample_bytree": -0.7223373465994908, "log10_eta": -3.898962343447949, "log10_lambda": -4.097276019957067, "log10_min_child_weight": 2.6974932242756307, "log10_subsample": -0.9578970809596558, "max_depth": 4.0, "num_boost_round": 8.0}, "datetime": {"datetime": "2024-01-19 01:43:36", "elapsed": 5570.234876, "delta": 0.004765}}
{"target": -17.67719550912304, "params": {"gamma": 54.354411960603755, "log10_alpha": -4.446402928036628, "log10_colsample_bytree": -0.7223373465994908, "log10_eta": -3.898962343447949, "log10_lambda": -4.097276019957067, "log10_min_child_weight": 2.6974932242756307, "log10_subsample": -0.9578970809596558, "max_depth": 4.0, "num_boost_round": 9.0}, "datetime": {"datetime": "2024-01-19 01:43:36", "elapsed": 5570.239387, "delta": 0.004511}}
{"target": -17.677190227537203, "params": {"gamma": 54.354411960603755, "log10_alpha": -4.446402928036628, "log10_colsample_bytree": -0.7223373465994908, "log10_eta": -3.898962343447949, "log10_lambda": -4.097276019957067, "log10_min_child_weight": 2.6974932242756307, "log10_subsample": -0.9578970809596558, "max_depth": 4.0, "num_boost_round": 10.0}, "datetime": {"datetime": "2024-01-19 01:43:36", "elapsed": 5570.243896, "delta": 0.004509}}
{"target": -17.677188603523597, "params": {"gamma": 54.354411960603755, "log10_alpha": -4.446402928036628, "log10_colsample_bytree": -0.7223373465994908, "log10_eta": -3.898962343447949, "log10_lambda": -4.097276019957067, "log10_min_child_weight": 2.6974932242756307, "log10_subsample": -0.9578970809596558, "max_depth": 4.0, "num_boost_round": 11.0}, "datetime": {"datetime": "2024-01-19 01:43:36", "elapsed": 5570.248481, "delta": 0.004585}}
{"target": -17.67718569487875, "params": {"gamma": 54.354411960603755, "log10_alpha": -4.446402928036628, "log10_colsample_bytree": -0.7223373465994908, "log10_eta": -3.898962343447949, "log10_lambda": -4.097276019957067, "log10_min_child_weight": 2.6974932242756307, "log10_subsample": -0.9578970809596558, "max_depth": 4.0, "num_boost_round": 12.0}, "datetime": {"datetime": "2024-01-19 01:43:36", "elapsed": 5570.253258, "delta": 0.004777}}
{"target": -17.677183231589115, "params": {"gamma": 54.354411960603755, "log10_alpha": -4.446402928036628, "log10_colsample_bytree": -0.7223373465994908, "log10_eta": -3.898962343447949, "log10_lambda": -4.097276019957067, "log10_min_child_weight": 2.6974932242756307, "log10_subsample": -0.9578970809596558, "max_depth": 4.0, "num_boost_round": 13.0}, "datetime": {"datetime": "2024-01-19 01:43:36", "elapsed": 5570.257953, "delta": 0.004695}}
{"target": -17.67718290138433, "params": {"gamma": 54.354411960603755, "log10_alpha": -4.446402928036628, "log10_colsample_bytree": -0.7223373465994908, "log10_eta": -3.898962343447949, "log10_lambda": -4.097276019957067, "log10_min_child_weight": 2.6974932242756307, "log10_subsample": -0.9578970809596558, "max_depth": 4.0, "num_boost_round": 14.0}, "datetime": {"datetime": "2024-01-19 01:43:36", "elapsed": 5570.262385, "delta": 0.004432}}
{"target": -17.67717859661734, "params": {"gamma": 54.354411960603755, "log10_alpha": -4.446402928036628, "log10_colsample_bytree": -0.7223373465994908, "log10_eta": -3.898962343447949, "log10_lambda": -4.097276019957067, "log10_min_child_weight": 2.6974932242756307, "log10_subsample": -0.9578970809596558, "max_depth": 4.0, "num_boost_round": 15.0}, "datetime": {"datetime": "2024-01-19 01:43:36", "elapsed": 5570.267063, "delta": 0.004678}}
