{"target": -17.67717712403937, "params": {"gamma": 401.5231751464258, "log10_alpha": -4.035889507810694, "log10_colsample_bytree": -0.7877428948374304, "log10_eta": -3.612361365107144, "log10_lambda": 0.45390963968027975, "log10_min_child_weight": 2.228949222734602, "log10_subsample": -0.707178387854456, "max_depth": 9.0, "num_boost_round": 5.0}, "datetime": {"datetime": "2024-01-19 01:39:55", "elapsed": 5288.269851, "delta": 0.004805}}
{"target": -17.677177298445685, "params": {"gamma": 401.5231751464258, "log10_alpha": -4.035889507810694, "log10_colsample_bytree": -0.7877428948374304, "log10_eta": -3.612361365107144, "log10_lambda": 0.45390963968027975, "log10_min_child_weight": 2.228949222734602, "log10_subsample": -0.707178387854456, "max_depth": 9.0, "num_boost_round": 6.0}, "datetime": {"datetime": "2024-01-19 01:39:55", "elapsed": 5288.387795, "delta": 0.117944}}
{"target": -17.677160585224794, "params": {"gamma": 401.5231751464258, "log10_alpha": -4.035889507810694, "log10_colsample_bytree": -0.7877428948374304, "log10_eta": -3.612361365107144, "log10_lambda": 0.45390963968027975, "log10_min_child_weight": 2.228949222734602, "log10_subsample": -0.707178387854456, "max_depth": 9.0, "num_boost_round": 7.0}, "datetime": {"datetime": "2024-01-19 01:39:55", "elapsed": 5288.393452, "delta": 0.005657}}
{"target": -17.677164324322757, "params": {"gamma": 401.5231751464258, "log10_alpha": -4.035889507810694, "log10_colsample_bytree": -0.7877428948374304, "log10_eta": -3.612361365107144, "log10_lambda": 0.45390963968027975, "log10_min_child_weight": 2.228949222734602, "log10_subsample": -0.707178387854456, "max_depth": 9.0, "num_boost_round": 8.0}, "datetime": {"datetime": "2024-01-19 01:39:55", "elapsed": 5288.398537, "delta": 0.005085}}
{"target": -17.677155668420852, "params": {"gamma": 401.5231751464258, "log10_alpha": -4.035889507810694, "log10_colsample_bytree": -0.7877428948374304, "log10_eta": -3.612361365107144, "log10_lambda": 0.45390963968027975, "log10_min_child_weight": 2.228949222734602, "log10_subsample": -0.707178387854456, "max_depth": 9.0, "num_boost_round": 9.0}, "datetime": {"datetime": "2024-01-19 01:39:55", "elapsed": 5288.403575, "delta": 0.005038}}
{"target": -17.677128009405934, "params": {"gamma": 401.5231751464258, "log10_alpha": -4.035889507810694, "log10_colsample_bytree": -0.7877428948374304, "log10_eta": -3.612361365107144, "log10_lambda": 0.45390963968027975, "log10_min_child_weight": 2.228949222734602, "log10_subsample": -0.707178387854456, "max_depth": 9.0, "num_boost_round": 10.0}, "datetime": {"datetime": "2024-01-19 01:39:55", "elapsed": 5288.408717, "delta": 0.005142}}
{"target": -17.677122025848192, "params": {"gamma": 401.5231751464258, "log10_alpha": -4.035889507810694, "log10_colsample_bytree": -0.7877428948374304, "log10_eta": -3.612361365107144, "log10_lambda": 0.45390963968027975, "log10_min_child_weight": 2.228949222734602, "log10_subsample": -0.707178387854456, "max_depth": 9.0, "num_boost_round": 11.0}, "datetime": {"datetime": "2024-01-19 01:39:55", "elapsed": 5288.413713, "delta": 0.004996}}
{"target": -17.67712718104545, "params": {"gamma": 401.5231751464258, "log10_alpha": -4.035889507810694, "log10_colsample_bytree": -0.7877428948374304, "log10_eta": -3.612361365107144, "log10_lambda": 0.45390963968027975, "log10_min_child_weight": 2.228949222734602, "log10_subsample": -0.707178387854456, "max_depth": 9.0, "num_boost_round": 12.0}, "datetime": {"datetime": "2024-01-19 01:39:55", "elapsed": 5288.41862, "delta": 0.004907}}
{"target": -17.677102357284383, "params": {"gamma": 401.5231751464258, "log10_alpha": -4.035889507810694, "log10_colsample_bytree": -0.7877428948374304, "log10_eta": -3.612361365107144, "log10_lambda": 0.45390963968027975, "log10_min_child_weight": 2.228949222734602, "log10_subsample": -0.707178387854456, "max_depth": 9.0, "num_boost_round": 13.0}, "datetime": {"datetime": "2024-01-19 01:39:55", "elapsed": 5288.423548, "delta": 0.004928}}
{"target": -17.67709083834947, "params": {"gamma": 401.5231751464258, "log10_alpha": -4.035889507810694, "log10_colsample_bytree": -0.7877428948374304, "log10_eta": -3.612361365107144, "log10_lambda": 0.45390963968027975, "log10_min_child_weight": 2.228949222734602, "log10_subsample": -0.707178387854456, "max_depth": 9.0, "num_boost_round": 14.0}, "datetime": {"datetime": "2024-01-19 01:39:55", "elapsed": 5288.428624, "delta": 0.005076}}
{"target": -17.67707763224846, "params": {"gamma": 401.5231751464258, "log10_alpha": -4.035889507810694, "log10_colsample_bytree": -0.7877428948374304, "log10_eta": -3.612361365107144, "log10_lambda": 0.45390963968027975, "log10_min_child_weight": 2.228949222734602, "log10_subsample": -0.707178387854456, "max_depth": 9.0, "num_boost_round": 15.0}, "datetime": {"datetime": "2024-01-19 01:39:55", "elapsed": 5288.433448, "delta": 0.004824}}
{"target": -17.677072018558572, "params": {"gamma": 401.5231751464258, "log10_alpha": -4.035889507810694, "log10_colsample_bytree": -0.7877428948374304, "log10_eta": -3.612361365107144, "log10_lambda": 0.45390963968027975, "log10_min_child_weight": 2.228949222734602, "log10_subsample": -0.707178387854456, "max_depth": 9.0, "num_boost_round": 16.0}, "datetime": {"datetime": "2024-01-19 01:39:55", "elapsed": 5288.438201, "delta": 0.004753}}
{"target": -17.677059842306818, "params": {"gamma": 401.5231751464258, "log10_alpha": -4.035889507810694, "log10_colsample_bytree": -0.7877428948374304, "log10_eta": -3.612361365107144, "log10_lambda": 0.45390963968027975, "log10_min_child_weight": 2.228949222734602, "log10_subsample": -0.707178387854456, "max_depth": 9.0, "num_boost_round": 17.0}, "datetime": {"datetime": "2024-01-19 01:39:55", "elapsed": 5288.443037, "delta": 0.004836}}
{"target": -17.67705188412659, "params": {"gamma": 401.5231751464258, "log10_alpha": -4.035889507810694, "log10_colsample_bytree": -0.7877428948374304, "log10_eta": -3.612361365107144, "log10_lambda": 0.45390963968027975, "log10_min_child_weight": 2.228949222734602, "log10_subsample": -0.707178387854456, "max_depth": 9.0, "num_boost_round": 18.0}, "datetime": {"datetime": "2024-01-19 01:39:55", "elapsed": 5288.448099, "delta": 0.005062}}
{"target": -17.6770319515327, "params": {"gamma": 401.5231751464258, "log10_alpha": -4.035889507810694, "log10_colsample_bytree": -0.7877428948374304, "log10_eta": -3.612361365107144, "log10_lambda": 0.45390963968027975, "log10_min_child_weight": 2.228949222734602, "log10_subsample": -0.707178387854456, "max_depth": 9.0, "num_boost_round": 19.0}, "datetime": {"datetime": "2024-01-19 01:39:55", "elapsed": 5288.453026, "delta": 0.004927}}
{"target": -17.677025790776444, "params": {"gamma": 401.5231751464258, "log10_alpha": -4.035889507810694, "log10_colsample_bytree": -0.7877428948374304, "log10_eta": -3.612361365107144, "log10_lambda": 0.45390963968027975, "log10_min_child_weight": 2.228949222734602, "log10_subsample": -0.707178387854456, "max_depth": 9.0, "num_boost_round": 20.0}, "datetime": {"datetime": "2024-01-19 01:39:55", "elapsed": 5288.458024, "delta": 0.004998}}
{"target": -17.677008860411572, "params": {"gamma": 401.5231751464258, "log10_alpha": -4.035889507810694, "log10_colsample_bytree": -0.7877428948374304, "log10_eta": -3.612361365107144, "log10_lambda": 0.45390963968027975, "log10_min_child_weight": 2.228949222734602, "log10_subsample": -0.707178387854456, "max_depth": 9.0, "num_boost_round": 21.0}, "datetime": {"datetime": "2024-01-19 01:39:55", "elapsed": 5288.462945, "delta": 0.004921}}
{"target": -17.67698479631279, "params": {"gamma": 401.5231751464258, "log10_alpha": -4.035889507810694, "log10_colsample_bytree": -0.7877428948374304, "log10_eta": -3.612361365107144, "log10_lambda": 0.45390963968027975, "log10_min_child_weight": 2.228949222734602, "log10_subsample": -0.707178387854456, "max_depth": 9.0, "num_boost_round": 22.0}, "datetime": {"datetime": "2024-01-19 01:39:55", "elapsed": 5288.468018, "delta": 0.005073}}
{"target": -17.676969850421752, "params": {"gamma": 401.5231751464258, "log10_alpha": -4.035889507810694, "log10_colsample_bytree": -0.7877428948374304, "log10_eta": -3.612361365107144, "log10_lambda": 0.45390963968027975, "log10_min_child_weight": 2.228949222734602, "log10_subsample": -0.707178387854456, "max_depth": 9.0, "num_boost_round": 23.0}, "datetime": {"datetime": "2024-01-19 01:39:55", "elapsed": 5288.472921, "delta": 0.004903}}
{"target": -17.67697542634814, "params": {"gamma": 401.5231751464258, "log10_alpha": -4.035889507810694, "log10_colsample_bytree": -0.7877428948374304, "log10_eta": -3.612361365107144, "log10_lambda": 0.45390963968027975, "log10_min_child_weight": 2.228949222734602, "log10_subsample": -0.707178387854456, "max_depth": 9.0, "num_boost_round": 24.0}, "datetime": {"datetime": "2024-01-19 01:39:55", "elapsed": 5288.477723, "delta": 0.004802}}
{"target": -17.676961358340314, "params": {"gamma": 401.5231751464258, "log10_alpha": -4.035889507810694, "log10_colsample_bytree": -0.7877428948374304, "log10_eta": -3.612361365107144, "log10_lambda": 0.45390963968027975, "log10_min_child_weight": 2.228949222734602, "log10_subsample": -0.707178387854456, "max_depth": 9.0, "num_boost_round": 25.0}, "datetime": {"datetime": "2024-01-19 01:39:55", "elapsed": 5288.482634, "delta": 0.004911}}
{"target": -17.676951294768315, "params": {"gamma": 401.5231751464258, "log10_alpha": -4.035889507810694, "log10_colsample_bytree": -0.7877428948374304, "log10_eta": -3.612361365107144, "log10_lambda": 0.45390963968027975, "log10_min_child_weight": 2.228949222734602, "log10_subsample": -0.707178387854456, "max_depth": 9.0, "num_boost_round": 26.0}, "datetime": {"datetime": "2024-01-19 01:39:55", "elapsed": 5288.487735, "delta": 0.005101}}
{"target": -17.67693201648603, "params": {"gamma": 401.5231751464258, "log10_alpha": -4.035889507810694, "log10_colsample_bytree": -0.7877428948374304, "log10_eta": -3.612361365107144, "log10_lambda": 0.45390963968027975, "log10_min_child_weight": 2.228949222734602, "log10_subsample": -0.707178387854456, "max_depth": 9.0, "num_boost_round": 27.0}, "datetime": {"datetime": "2024-01-19 01:39:55", "elapsed": 5288.492632, "delta": 0.004897}}
{"target": -17.67721726956119, "params": {"gamma": 417.0613691538899, "log10_alpha": -1.0985243763351322, "log10_colsample_bytree": -0.012867542508026464, "log10_eta": -3.2942373606426036, "log10_lambda": 0.9188847581777697, "log10_min_child_weight": 0.7458090672985274, "log10_subsample": -0.3474129442960131, "max_depth": 3.0, "num_boost_round": 0.0}, "datetime": {"datetime": "2024-01-19 01:41:11", "elapsed": 5364.57865, "delta": 76.086018}}
{"target": -17.677194914929125, "params": {"gamma": 417.0613691538899, "log10_alpha": -1.0985243763351322, "log10_colsample_bytree": -0.012867542508026464, "log10_eta": -3.2942373606426036, "log10_lambda": 0.9188847581777697, "log10_min_child_weight": 0.7458090672985274, "log10_subsample": -0.3474129442960131, "max_depth": 3.0, "num_boost_round": 1.0}, "datetime": {"datetime": "2024-01-19 01:41:11", "elapsed": 5364.584865, "delta": 0.006215}}
{"target": -17.677179705862038, "params": {"gamma": 417.0613691538899, "log10_alpha": -1.0985243763351322, "log10_colsample_bytree": -0.012867542508026464, "log10_eta": -3.2942373606426036, "log10_lambda": 0.9188847581777697, "log10_min_child_weight": 0.7458090672985274, "log10_subsample": -0.3474129442960131, "max_depth": 3.0, "num_boost_round": 2.0}, "datetime": {"datetime": "2024-01-19 01:41:11", "elapsed": 5364.590716, "delta": 0.005851}}
{"target": -17.67716162203106, "params": {"gamma": 417.0613691538899, "log10_alpha": -1.0985243763351322, "log10_colsample_bytree": -0.012867542508026464, "log10_eta": -3.2942373606426036, "log10_lambda": 0.9188847581777697, "log10_min_child_weight": 0.7458090672985274, "log10_subsample": -0.3474129442960131, "max_depth": 3.0, "num_boost_round": 3.0}, "datetime": {"datetime": "2024-01-19 01:41:11", "elapsed": 5364.596184, "delta": 0.005468}}
{"target": -17.677137754551875, "params": {"gamma": 417.0613691538899, "log10_alpha": -1.0985243763351322, "log10_colsample_bytree": -0.012867542508026464, "log10_eta": -3.2942373606426036, "log10_lambda": 0.9188847581777697, "log10_min_child_weight": 0.7458090672985274, "log10_subsample": -0.3474129442960131, "max_depth": 3.0, "num_boost_round": 4.0}, "datetime": {"datetime": "2024-01-19 01:41:11", "elapsed": 5364.601918, "delta": 0.005734}}
{"target": -17.677117987828833, "params": {"gamma": 417.0613691538899, "log10_alpha": -1.0985243763351322, "log10_colsample_bytree": -0.012867542508026464, "log10_eta": -3.2942373606426036, "log10_lambda": 0.9188847581777697, "log10_min_child_weight": 0.7458090672985274, "log10_subsample": -0.3474129442960131, "max_depth": 3.0, "num_boost_round": 5.0}, "datetime": {"datetime": "2024-01-19 01:41:11", "elapsed": 5364.608064, "delta": 0.006146}}
{"target": -17.677098745758705, "params": {"gamma": 417.0613691538899, "log10_alpha": -1.0985243763351322, "log10_colsample_bytree": -0.012867542508026464, "log10_eta": -3.2942373606426036, "log10_lambda": 0.9188847581777697, "log10_min_child_weight": 0.7458090672985274, "log10_subsample": -0.3474129442960131, "max_depth": 3.0, "num_boost_round": 6.0}, "datetime": {"datetime": "2024-01-19 01:41:11", "elapsed": 5364.61331, "delta": 0.005246}}
{"target": -17.67708157174129, "params": {"gamma": 417.0613691538899, "log10_alpha": -1.0985243763351322, "log10_colsample_bytree": -0.012867542508026464, "log10_eta": -3.2942373606426036, "log10_lambda": 0.9188847581777697, "log10_min_child_weight": 0.7458090672985274, "log10_subsample": -0.3474129442960131, "max_depth": 3.0, "num_boost_round": 7.0}, "datetime": {"datetime": "2024-01-19 01:41:11", "elapsed": 5364.618549, "delta": 0.005239}}
{"target": -17.67705808508438, "params": {"gamma": 417.0613691538899, "log10_alpha": -1.0985243763351322, "log10_colsample_bytree": -0.012867542508026464, "log10_eta": -3.2942373606426036, "log10_lambda": 0.9188847581777697, "log10_min_child_weight": 0.7458090672985274, "log10_subsample": -0.3474129442960131, "max_depth": 3.0, "num_boost_round": 8.0}, "datetime": {"datetime": "2024-01-19 01:41:11", "elapsed": 5364.623705, "delta": 0.005156}}
{"target": -17.67704218792021, "params": {"gamma": 417.0613691538899, "log10_alpha": -1.0985243763351322, "log10_colsample_bytree": -0.012867542508026464, "log10_eta": -3.2942373606426036, "log10_lambda": 0.9188847581777697, "log10_min_child_weight": 0.7458090672985274, "log10_subsample": -0.3474129442960131, "max_depth": 3.0, "num_boost_round": 9.0}, "datetime": {"datetime": "2024-01-19 01:41:11", "elapsed": 5364.629063, "delta": 0.005358}}
{"target": -17.677026018917932, "params": {"gamma": 417.0613691538899, "log10_alpha": -1.0985243763351322, "log10_colsample_bytree": -0.012867542508026464, "log10_eta": -3.2942373606426036, "log10_lambda": 0.9188847581777697, "log10_min_child_weight": 0.7458090672985274, "log10_subsample": -0.3474129442960131, "max_depth": 3.0, "num_boost_round": 10.0}, "datetime": {"datetime": "2024-01-19 01:41:11", "elapsed": 5364.634256, "delta": 0.005193}}
{"target": -17.677008099266, "params": {"gamma": 417.0613691538899, "log10_alpha": -1.0985243763351322, "log10_colsample_bytree": -0.012867542508026464, "log10_eta": -3.2942373606426036, "log10_lambda": 0.9188847581777697, "log10_min_child_weight": 0.7458090672985274, "log10_subsample": -0.3474129442960131, "max_depth": 3.0, "num_boost_round": 11.0}, "datetime": {"datetime": "2024-01-19 01:41:11", "elapsed": 5364.639506, "delta": 0.00525}}
{"target": -17.676991831325477, "params": {"gamma": 417.0613691538899, "log10_alpha": -1.0985243763351322, "log10_colsample_bytree": -0.012867542508026464, "log10_eta": -3.2942373606426036, "log10_lambda": 0.9188847581777697, "log10_min_child_weight": 0.7458090672985274, "log10_subsample": -0.3474129442960131, "max_depth": 3.0, "num_boost_round": 12.0}, "datetime": {"datetime": "2024-01-19 01:41:11", "elapsed": 5364.644638, "delta": 0.005132}}
{"target": -17.67697800905506, "params": {"gamma": 417.0613691538899, "log10_alpha": -1.0985243763351322, "log10_colsample_bytree": -0.012867542508026464, "log10_eta": -3.2942373606426036, "log10_lambda": 0.9188847581777697, "log10_min_child_weight": 0.7458090672985274, "log10_subsample": -0.3474129442960131, "max_depth": 3.0, "num_boost_round": 13.0}, "datetime": {"datetime": "2024-01-19 01:41:12", "elapsed": 5364.649981, "delta": 0.005343}}
{"target": -17.676956099828573, "params": {"gamma": 417.0613691538899, "log10_alpha": -1.0985243763351322, "log10_colsample_bytree": -0.012867542508026464, "log10_eta": -3.2942373606426036, "log10_lambda": 0.9188847581777697, "log10_min_child_weight": 0.7458090672985274, "log10_subsample": -0.3474129442960131, "max_depth": 3.0, "num_boost_round": 14.0}, "datetime": {"datetime": "2024-01-19 01:41:12", "elapsed": 5364.655158, "delta": 0.005177}}
{"target": -17.676940645453598, "params": {"gamma": 417.0613691538899, "log10_alpha": -1.0985243763351322, "log10_colsample_bytree": -0.012867542508026464, "log10_eta": -3.2942373606426036, "log10_lambda": 0.9188847581777697, "log10_min_child_weight": 0.7458090672985274, "log10_subsample": -0.3474129442960131, "max_depth": 3.0, "num_boost_round": 15.0}, "datetime": {"datetime": "2024-01-19 01:41:12", "elapsed": 5364.660315, "delta": 0.005157}}
{"target": -17.676916510310168, "params": {"gamma": 417.0613691538899, "log10_alpha": -1.0985243763351322, "log10_colsample_bytree": -0.012867542508026464, "log10_eta": -3.2942373606426036, "log10_lambda": 0.9188847581777697, "log10_min_child_weight": 0.7458090672985274, "log10_subsample": -0.3474129442960131, "max_depth": 3.0, "num_boost_round": 16.0}, "datetime": {"datetime": "2024-01-19 01:41:12", "elapsed": 5364.665425, "delta": 0.00511}}
{"target": -17.676908768230593, "params": {"gamma": 417.0613691538899, "log10_alpha": -1.0985243763351322, "log10_colsample_bytree": -0.012867542508026464, "log10_eta": -3.2942373606426036, "log10_lambda": 0.9188847581777697, "log10_min_child_weight": 0.7458090672985274, "log10_subsample": -0.3474129442960131, "max_depth": 3.0, "num_boost_round": 17.0}, "datetime": {"datetime": "2024-01-19 01:41:12", "elapsed": 5364.670783, "delta": 0.005358}}
{"target": -17.676894528433483, "params": {"gamma": 417.0613691538899, "log10_alpha": -1.0985243763351322, "log10_colsample_bytree": -0.012867542508026464, "log10_eta": -3.2942373606426036, "log10_lambda": 0.9188847581777697, "log10_min_child_weight": 0.7458090672985274, "log10_subsample": -0.3474129442960131, "max_depth": 3.0, "num_boost_round": 18.0}, "datetime": {"datetime": "2024-01-19 01:41:12", "elapsed": 5364.67601, "delta": 0.005227}}
{"target": -17.676879559518337, "params": {"gamma": 417.0613691538899, "log10_alpha": -1.0985243763351322, "log10_colsample_bytree": -0.012867542508026464, "log10_eta": -3.2942373606426036, "log10_lambda": 0.9188847581777697, "log10_min_child_weight": 0.7458090672985274, "log10_subsample": -0.3474129442960131, "max_depth": 3.0, "num_boost_round": 19.0}, "datetime": {"datetime": "2024-01-19 01:41:12", "elapsed": 5364.681267, "delta": 0.005257}}
{"target": -17.676863016282557, "params": {"gamma": 417.0613691538899, "log10_alpha": -1.0985243763351322, "log10_colsample_bytree": -0.012867542508026464, "log10_eta": -3.2942373606426036, "log10_lambda": 0.9188847581777697, "log10_min_child_weight": 0.7458090672985274, "log10_subsample": -0.3474129442960131, "max_depth": 3.0, "num_boost_round": 20.0}, "datetime": {"datetime": "2024-01-19 01:41:12", "elapsed": 5364.686502, "delta": 0.005235}}
{"target": -17.676835452319857, "params": {"gamma": 417.0613691538899, "log10_alpha": -1.0985243763351322, "log10_colsample_bytree": -0.012867542508026464, "log10_eta": -3.2942373606426036, "log10_lambda": 0.9188847581777697, "log10_min_child_weight": 0.7458090672985274, "log10_subsample": -0.3474129442960131, "max_depth": 3.0, "num_boost_round": 21.0}, "datetime": {"datetime": "2024-01-19 01:41:12", "elapsed": 5364.692832, "delta": 0.00633}}
{"target": -17.676807932500168, "params": {"gamma": 417.0613691538899, "log10_alpha": -1.0985243763351322, "log10_colsample_bytree": -0.012867542508026464, "log10_eta": -3.2942373606426036, "log10_lambda": 0.9188847581777697, "log10_min_child_weight": 0.7458090672985274, "log10_subsample": -0.3474129442960131, "max_depth": 3.0, "num_boost_round": 22.0}, "datetime": {"datetime": "2024-01-19 01:41:12", "elapsed": 5364.69811, "delta": 0.005278}}
{"target": -17.676793071858263, "params": {"gamma": 417.0613691538899, "log10_alpha": -1.0985243763351322, "log10_colsample_bytree": -0.012867542508026464, "log10_eta": -3.2942373606426036, "log10_lambda": 0.9188847581777697, "log10_min_child_weight": 0.7458090672985274, "log10_subsample": -0.3474129442960131, "max_depth": 3.0, "num_boost_round": 23.0}, "datetime": {"datetime": "2024-01-19 01:41:12", "elapsed": 5364.703191, "delta": 0.005081}}
{"target": -17.676766779556058, "params": {"gamma": 417.0613691538899, "log10_alpha": -1.0985243763351322, "log10_colsample_bytree": -0.012867542508026464, "log10_eta": -3.2942373606426036, "log10_lambda": 0.9188847581777697, "log10_min_child_weight": 0.7458090672985274, "log10_subsample": -0.3474129442960131, "max_depth": 3.0, "num_boost_round": 24.0}, "datetime": {"datetime": "2024-01-19 01:41:12", "elapsed": 5364.708411, "delta": 0.00522}}
{"target": -17.676751966546288, "params": {"gamma": 417.0613691538899, "log10_alpha": -1.0985243763351322, "log10_colsample_bytree": -0.012867542508026464, "log10_eta": -3.2942373606426036, "log10_lambda": 0.9188847581777697, "log10_min_child_weight": 0.7458090672985274, "log10_subsample": -0.3474129442960131, "max_depth": 3.0, "num_boost_round": 25.0}, "datetime": {"datetime": "2024-01-19 01:41:12", "elapsed": 5364.713734, "delta": 0.005323}}
