{"target": -17.677220828320365, "params": {"gamma": 432.274095070536, "log10_alpha": -4.205941232780894, "log10_colsample_bytree": -0.992358592756339, "log10_eta": -3.9519738664649036, "log10_lambda": -2.5267497134666446, "log10_min_child_weight": 4.198176101890855, "log10_subsample": -0.5870715863820006, "max_depth": 6.0, "num_boost_round": 12.0}, "datetime": {"datetime": "2024-01-19 00:14:32", "elapsed": 165.080666, "delta": 0.000512}}
{"target": -17.677218783097377, "params": {"gamma": 432.274095070536, "log10_alpha": -4.205941232780894, "log10_colsample_bytree": -0.992358592756339, "log10_eta": -3.9519738664649036, "log10_lambda": -2.5267497134666446, "log10_min_child_weight": 4.198176101890855, "log10_subsample": -0.5870715863820006, "max_depth": 6.0, "num_boost_round": 13.0}, "datetime": {"datetime": "2024-01-19 00:14:32", "elapsed": 165.08127, "delta": 0.000604}}
{"target": -17.67721881340253, "params": {"gamma": 432.274095070536, "log10_alpha": -4.205941232780894, "log10_colsample_bytree": -0.992358592756339, "log10_eta": -3.9519738664649036, "log10_lambda": -2.5267497134666446, "log10_min_child_weight": 4.198176101890855, "log10_subsample": -0.5870715863820006, "max_depth": 6.0, "num_boost_round": 14.0}, "datetime": {"datetime": "2024-01-19 00:14:32", "elapsed": 165.081789, "delta": 0.000519}}
{"target": -17.677217070669688, "params": {"gamma": 432.274095070536, "log10_alpha": -4.205941232780894, "log10_colsample_bytree": -0.992358592756339, "log10_eta": -3.9519738664649036, "log10_lambda": -2.5267497134666446, "log10_min_child_weight": 4.198176101890855, "log10_subsample": -0.5870715863820006, "max_depth": 6.0, "num_boost_round": 15.0}, "datetime": {"datetime": "2024-01-19 00:14:32", "elapsed": 165.08231, "delta": 0.000521}}
{"target": -17.67721692168442, "params": {"gamma": 432.274095070536, "log10_alpha": -4.205941232780894, "log10_colsample_bytree": -0.992358592756339, "log10_eta": -3.9519738664649036, "log10_lambda": -2.5267497134666446, "log10_min_child_weight": 4.198176101890855, "log10_subsample": -0.5870715863820006, "max_depth": 6.0, "num_boost_round": 16.0}, "datetime": {"datetime": "2024-01-19 00:14:32", "elapsed": 165.082823, "delta": 0.000513}}
{"target": -17.677216994793547, "params": {"gamma": 432.274095070536, "log10_alpha": -4.205941232780894, "log10_colsample_bytree": -0.992358592756339, "log10_eta": -3.9519738664649036, "log10_lambda": -2.5267497134666446, "log10_min_child_weight": 4.198176101890855, "log10_subsample": -0.5870715863820006, "max_depth": 6.0, "num_boost_round": 17.0}, "datetime": {"datetime": "2024-01-19 00:14:32", "elapsed": 165.083353, "delta": 0.00053}}
{"target": -17.677215285047474, "params": {"gamma": 432.274095070536, "log10_alpha": -4.205941232780894, "log10_colsample_bytree": -0.992358592756339, "log10_eta": -3.9519738664649036, "log10_lambda": -2.5267497134666446, "log10_min_child_weight": 4.198176101890855, "log10_subsample": -0.5870715863820006, "max_depth": 6.0, "num_boost_round": 18.0}, "datetime": {"datetime": "2024-01-19 00:14:32", "elapsed": 165.08387, "delta": 0.000517}}
{"target": -17.677213109531554, "params": {"gamma": 432.274095070536, "log10_alpha": -4.205941232780894, "log10_colsample_bytree": -0.992358592756339, "log10_eta": -3.9519738664649036, "log10_lambda": -2.5267497134666446, "log10_min_child_weight": 4.198176101890855, "log10_subsample": -0.5870715863820006, "max_depth": 6.0, "num_boost_round": 19.0}, "datetime": {"datetime": "2024-01-19 00:14:32", "elapsed": 165.084389, "delta": 0.000519}}
{"target": -17.677212939599787, "params": {"gamma": 432.274095070536, "log10_alpha": -4.205941232780894, "log10_colsample_bytree": -0.992358592756339, "log10_eta": -3.9519738664649036, "log10_lambda": -2.5267497134666446, "log10_min_child_weight": 4.198176101890855, "log10_subsample": -0.5870715863820006, "max_depth": 6.0, "num_boost_round": 20.0}, "datetime": {"datetime": "2024-01-19 00:14:32", "elapsed": 165.08491, "delta": 0.000521}}
{"target": -17.67721127350007, "params": {"gamma": 432.274095070536, "log10_alpha": -4.205941232780894, "log10_colsample_bytree": -0.992358592756339, "log10_eta": -3.9519738664649036, "log10_lambda": -2.5267497134666446, "log10_min_child_weight": 4.198176101890855, "log10_subsample": -0.5870715863820006, "max_depth": 6.0, "num_boost_round": 21.0}, "datetime": {"datetime": "2024-01-19 00:14:32", "elapsed": 165.085442, "delta": 0.000532}}
{"target": -17.6772106358788, "params": {"gamma": 432.274095070536, "log10_alpha": -4.205941232780894, "log10_colsample_bytree": -0.992358592756339, "log10_eta": -3.9519738664649036, "log10_lambda": -2.5267497134666446, "log10_min_child_weight": 4.198176101890855, "log10_subsample": -0.5870715863820006, "max_depth": 6.0, "num_boost_round": 22.0}, "datetime": {"datetime": "2024-01-19 00:14:32", "elapsed": 165.085979, "delta": 0.000537}}
{"target": -17.677209069446107, "params": {"gamma": 432.274095070536, "log10_alpha": -4.205941232780894, "log10_colsample_bytree": -0.992358592756339, "log10_eta": -3.9519738664649036, "log10_lambda": -2.5267497134666446, "log10_min_child_weight": 4.198176101890855, "log10_subsample": -0.5870715863820006, "max_depth": 6.0, "num_boost_round": 23.0}, "datetime": {"datetime": "2024-01-19 00:14:32", "elapsed": 165.08657, "delta": 0.000591}}
{"target": -17.677207943288934, "params": {"gamma": 432.274095070536, "log10_alpha": -4.205941232780894, "log10_colsample_bytree": -0.992358592756339, "log10_eta": -3.9519738664649036, "log10_lambda": -2.5267497134666446, "log10_min_child_weight": 4.198176101890855, "log10_subsample": -0.5870715863820006, "max_depth": 6.0, "num_boost_round": 24.0}, "datetime": {"datetime": "2024-01-19 00:14:32", "elapsed": 165.087107, "delta": 0.000537}}
{"target": -17.677207053703743, "params": {"gamma": 432.274095070536, "log10_alpha": -4.205941232780894, "log10_colsample_bytree": -0.992358592756339, "log10_eta": -3.9519738664649036, "log10_lambda": -2.5267497134666446, "log10_min_child_weight": 4.198176101890855, "log10_subsample": -0.5870715863820006, "max_depth": 6.0, "num_boost_round": 25.0}, "datetime": {"datetime": "2024-01-19 00:14:32", "elapsed": 165.087634, "delta": 0.000527}}
{"target": -17.677209604921885, "params": {"gamma": 432.274095070536, "log10_alpha": -4.205941232780894, "log10_colsample_bytree": -0.992358592756339, "log10_eta": -3.9519738664649036, "log10_lambda": -2.5267497134666446, "log10_min_child_weight": 4.198176101890855, "log10_subsample": -0.5870715863820006, "max_depth": 6.0, "num_boost_round": 26.0}, "datetime": {"datetime": "2024-01-19 00:14:32", "elapsed": 165.088166, "delta": 0.000532}}
{"target": -17.677208959506064, "params": {"gamma": 432.274095070536, "log10_alpha": -4.205941232780894, "log10_colsample_bytree": -0.992358592756339, "log10_eta": -3.9519738664649036, "log10_lambda": -2.5267497134666446, "log10_min_child_weight": 4.198176101890855, "log10_subsample": -0.5870715863820006, "max_depth": 6.0, "num_boost_round": 27.0}, "datetime": {"datetime": "2024-01-19 00:14:32", "elapsed": 165.088691, "delta": 0.000525}}
{"target": -17.677207131003936, "params": {"gamma": 432.274095070536, "log10_alpha": -4.205941232780894, "log10_colsample_bytree": -0.992358592756339, "log10_eta": -3.9519738664649036, "log10_lambda": -2.5267497134666446, "log10_min_child_weight": 4.198176101890855, "log10_subsample": -0.5870715863820006, "max_depth": 6.0, "num_boost_round": 28.0}, "datetime": {"datetime": "2024-01-19 00:14:32", "elapsed": 165.08922, "delta": 0.000529}}
{"target": -17.677205369467917, "params": {"gamma": 432.274095070536, "log10_alpha": -4.205941232780894, "log10_colsample_bytree": -0.992358592756339, "log10_eta": -3.9519738664649036, "log10_lambda": -2.5267497134666446, "log10_min_child_weight": 4.198176101890855, "log10_subsample": -0.5870715863820006, "max_depth": 6.0, "num_boost_round": 29.0}, "datetime": {"datetime": "2024-01-19 00:14:32", "elapsed": 165.089826, "delta": 0.000606}}
{"target": -17.67720353901618, "params": {"gamma": 432.274095070536, "log10_alpha": -4.205941232780894, "log10_colsample_bytree": -0.992358592756339, "log10_eta": -3.9519738664649036, "log10_lambda": -2.5267497134666446, "log10_min_child_weight": 4.198176101890855, "log10_subsample": -0.5870715863820006, "max_depth": 6.0, "num_boost_round": 30.0}, "datetime": {"datetime": "2024-01-19 00:14:32", "elapsed": 165.090364, "delta": 0.000538}}
{"target": -17.677203722965203, "params": {"gamma": 432.274095070536, "log10_alpha": -4.205941232780894, "log10_colsample_bytree": -0.992358592756339, "log10_eta": -3.9519738664649036, "log10_lambda": -2.5267497134666446, "log10_min_child_weight": 4.198176101890855, "log10_subsample": -0.5870715863820006, "max_depth": 6.0, "num_boost_round": 31.0}, "datetime": {"datetime": "2024-01-19 00:14:32", "elapsed": 165.090898, "delta": 0.000534}}
{"target": -17.677206841100872, "params": {"gamma": 432.274095070536, "log10_alpha": -4.205941232780894, "log10_colsample_bytree": -0.992358592756339, "log10_eta": -3.9519738664649036, "log10_lambda": -2.5267497134666446, "log10_min_child_weight": 4.198176101890855, "log10_subsample": -0.5870715863820006, "max_depth": 6.0, "num_boost_round": 32.0}, "datetime": {"datetime": "2024-01-19 00:14:32", "elapsed": 165.091442, "delta": 0.000544}}
{"target": -17.677207271184756, "params": {"gamma": 432.274095070536, "log10_alpha": -4.205941232780894, "log10_colsample_bytree": -0.992358592756339, "log10_eta": -3.9519738664649036, "log10_lambda": -2.5267497134666446, "log10_min_child_weight": 4.198176101890855, "log10_subsample": -0.5870715863820006, "max_depth": 6.0, "num_boost_round": 33.0}, "datetime": {"datetime": "2024-01-19 00:14:32", "elapsed": 165.091979, "delta": 0.000537}}
{"target": -17.677205895696424, "params": {"gamma": 432.274095070536, "log10_alpha": -4.205941232780894, "log10_colsample_bytree": -0.992358592756339, "log10_eta": -3.9519738664649036, "log10_lambda": -2.5267497134666446, "log10_min_child_weight": 4.198176101890855, "log10_subsample": -0.5870715863820006, "max_depth": 6.0, "num_boost_round": 34.0}, "datetime": {"datetime": "2024-01-19 00:14:32", "elapsed": 165.092521, "delta": 0.000542}}
{"target": -17.67720548631907, "params": {"gamma": 432.274095070536, "log10_alpha": -4.205941232780894, "log10_colsample_bytree": -0.992358592756339, "log10_eta": -3.9519738664649036, "log10_lambda": -2.5267497134666446, "log10_min_child_weight": 4.198176101890855, "log10_subsample": -0.5870715863820006, "max_depth": 6.0, "num_boost_round": 35.0}, "datetime": {"datetime": "2024-01-19 00:14:32", "elapsed": 165.093072, "delta": 0.000551}}
{"target": -17.677204195075873, "params": {"gamma": 432.274095070536, "log10_alpha": -4.205941232780894, "log10_colsample_bytree": -0.992358592756339, "log10_eta": -3.9519738664649036, "log10_lambda": -2.5267497134666446, "log10_min_child_weight": 4.198176101890855, "log10_subsample": -0.5870715863820006, "max_depth": 6.0, "num_boost_round": 36.0}, "datetime": {"datetime": "2024-01-19 00:14:32", "elapsed": 165.093637, "delta": 0.000565}}
{"target": -17.677203436700925, "params": {"gamma": 432.274095070536, "log10_alpha": -4.205941232780894, "log10_colsample_bytree": -0.992358592756339, "log10_eta": -3.9519738664649036, "log10_lambda": -2.5267497134666446, "log10_min_child_weight": 4.198176101890855, "log10_subsample": -0.5870715863820006, "max_depth": 6.0, "num_boost_round": 37.0}, "datetime": {"datetime": "2024-01-19 00:14:32", "elapsed": 165.094191, "delta": 0.000554}}
{"target": -17.677202875031398, "params": {"gamma": 432.274095070536, "log10_alpha": -4.205941232780894, "log10_colsample_bytree": -0.992358592756339, "log10_eta": -3.9519738664649036, "log10_lambda": -2.5267497134666446, "log10_min_child_weight": 4.198176101890855, "log10_subsample": -0.5870715863820006, "max_depth": 6.0, "num_boost_round": 38.0}, "datetime": {"datetime": "2024-01-19 00:14:32", "elapsed": 165.094741, "delta": 0.00055}}
{"target": -17.677201832573427, "params": {"gamma": 432.274095070536, "log10_alpha": -4.205941232780894, "log10_colsample_bytree": -0.992358592756339, "log10_eta": -3.9519738664649036, "log10_lambda": -2.5267497134666446, "log10_min_child_weight": 4.198176101890855, "log10_subsample": -0.5870715863820006, "max_depth": 6.0, "num_boost_round": 39.0}, "datetime": {"datetime": "2024-01-19 00:14:32", "elapsed": 165.095292, "delta": 0.000551}}
{"target": -17.677200852269184, "params": {"gamma": 432.274095070536, "log10_alpha": -4.205941232780894, "log10_colsample_bytree": -0.992358592756339, "log10_eta": -3.9519738664649036, "log10_lambda": -2.5267497134666446, "log10_min_child_weight": 4.198176101890855, "log10_subsample": -0.5870715863820006, "max_depth": 6.0, "num_boost_round": 40.0}, "datetime": {"datetime": "2024-01-19 00:14:32", "elapsed": 165.09584, "delta": 0.000548}}
{"target": -17.677200041364824, "params": {"gamma": 432.274095070536, "log10_alpha": -4.205941232780894, "log10_colsample_bytree": -0.992358592756339, "log10_eta": -3.9519738664649036, "log10_lambda": -2.5267497134666446, "log10_min_child_weight": 4.198176101890855, "log10_subsample": -0.5870715863820006, "max_depth": 6.0, "num_boost_round": 41.0}, "datetime": {"datetime": "2024-01-19 00:14:32", "elapsed": 165.096393, "delta": 0.000553}}
{"target": -17.67720043581314, "params": {"gamma": 432.274095070536, "log10_alpha": -4.205941232780894, "log10_colsample_bytree": -0.992358592756339, "log10_eta": -3.9519738664649036, "log10_lambda": -2.5267497134666446, "log10_min_child_weight": 4.198176101890855, "log10_subsample": -0.5870715863820006, "max_depth": 6.0, "num_boost_round": 42.0}, "datetime": {"datetime": "2024-01-19 00:14:32", "elapsed": 165.096945, "delta": 0.000552}}
{"target": -17.677199879857113, "params": {"gamma": 432.274095070536, "log10_alpha": -4.205941232780894, "log10_colsample_bytree": -0.992358592756339, "log10_eta": -3.9519738664649036, "log10_lambda": -2.5267497134666446, "log10_min_child_weight": 4.198176101890855, "log10_subsample": -0.5870715863820006, "max_depth": 6.0, "num_boost_round": 43.0}, "datetime": {"datetime": "2024-01-19 00:14:32", "elapsed": 165.097515, "delta": 0.00057}}
{"target": -17.67719841951565, "params": {"gamma": 432.274095070536, "log10_alpha": -4.205941232780894, "log10_colsample_bytree": -0.992358592756339, "log10_eta": -3.9519738664649036, "log10_lambda": -2.5267497134666446, "log10_min_child_weight": 4.198176101890855, "log10_subsample": -0.5870715863820006, "max_depth": 6.0, "num_boost_round": 44.0}, "datetime": {"datetime": "2024-01-19 00:14:32", "elapsed": 165.09807, "delta": 0.000555}}
{"target": -17.67719671813442, "params": {"gamma": 432.274095070536, "log10_alpha": -4.205941232780894, "log10_colsample_bytree": -0.992358592756339, "log10_eta": -3.9519738664649036, "log10_lambda": -2.5267497134666446, "log10_min_child_weight": 4.198176101890855, "log10_subsample": -0.5870715863820006, "max_depth": 6.0, "num_boost_round": 45.0}, "datetime": {"datetime": "2024-01-19 00:14:32", "elapsed": 165.098638, "delta": 0.000568}}
{"target": -17.677195347264266, "params": {"gamma": 432.274095070536, "log10_alpha": -4.205941232780894, "log10_colsample_bytree": -0.992358592756339, "log10_eta": -3.9519738664649036, "log10_lambda": -2.5267497134666446, "log10_min_child_weight": 4.198176101890855, "log10_subsample": -0.5870715863820006, "max_depth": 6.0, "num_boost_round": 46.0}, "datetime": {"datetime": "2024-01-19 00:14:32", "elapsed": 165.099199, "delta": 0.000561}}
{"target": -17.677194440524975, "params": {"gamma": 432.274095070536, "log10_alpha": -4.205941232780894, "log10_colsample_bytree": -0.992358592756339, "log10_eta": -3.9519738664649036, "log10_lambda": -2.5267497134666446, "log10_min_child_weight": 4.198176101890855, "log10_subsample": -0.5870715863820006, "max_depth": 6.0, "num_boost_round": 47.0}, "datetime": {"datetime": "2024-01-19 00:14:32", "elapsed": 165.099763, "delta": 0.000564}}
{"target": -17.677193940290504, "params": {"gamma": 432.274095070536, "log10_alpha": -4.205941232780894, "log10_colsample_bytree": -0.992358592756339, "log10_eta": -3.9519738664649036, "log10_lambda": -2.5267497134666446, "log10_min_child_weight": 4.198176101890855, "log10_subsample": -0.5870715863820006, "max_depth": 6.0, "num_boost_round": 48.0}, "datetime": {"datetime": "2024-01-19 00:14:32", "elapsed": 165.100702, "delta": 0.000939}}
{"target": -17.67719426900083, "params": {"gamma": 432.274095070536, "log10_alpha": -4.205941232780894, "log10_colsample_bytree": -0.992358592756339, "log10_eta": -3.9519738664649036, "log10_lambda": -2.5267497134666446, "log10_min_child_weight": 4.198176101890855, "log10_subsample": -0.5870715863820006, "max_depth": 6.0, "num_boost_round": 49.0}, "datetime": {"datetime": "2024-01-19 00:14:32", "elapsed": 165.101436, "delta": 0.000734}}
{"target": -17.677193424684422, "params": {"gamma": 432.274095070536, "log10_alpha": -4.205941232780894, "log10_colsample_bytree": -0.992358592756339, "log10_eta": -3.9519738664649036, "log10_lambda": -2.5267497134666446, "log10_min_child_weight": 4.198176101890855, "log10_subsample": -0.5870715863820006, "max_depth": 6.0, "num_boost_round": 50.0}, "datetime": {"datetime": "2024-01-19 00:14:32", "elapsed": 165.102155, "delta": 0.000719}}
{"target": -17.675343547952536, "params": {"gamma": 433.2534433285603, "log10_alpha": -2.897993209899802, "log10_colsample_bytree": -0.21830752866271652, "log10_eta": -1.3378288427474407, "log10_lambda": -1.1309489864500373, "log10_min_child_weight": 0.4890157963727987, "log10_subsample": -0.04773385234347116, "max_depth": 4.0, "num_boost_round": 0.0}, "datetime": {"datetime": "2024-01-19 00:15:08", "elapsed": 201.356809, "delta": 36.254654}}
{"target": -17.67415859600959, "params": {"gamma": 433.2534433285603, "log10_alpha": -2.897993209899802, "log10_colsample_bytree": -0.21830752866271652, "log10_eta": -1.3378288427474407, "log10_lambda": -1.1309489864500373, "log10_min_child_weight": 0.4890157963727987, "log10_subsample": -0.04773385234347116, "max_depth": 4.0, "num_boost_round": 1.0}, "datetime": {"datetime": "2024-01-19 00:15:08", "elapsed": 201.357803, "delta": 0.000994}}
{"target": -17.671879975189952, "params": {"gamma": 433.2534433285603, "log10_alpha": -2.897993209899802, "log10_colsample_bytree": -0.21830752866271652, "log10_eta": -1.3378288427474407, "log10_lambda": -1.1309489864500373, "log10_min_child_weight": 0.4890157963727987, "log10_subsample": -0.04773385234347116, "max_depth": 4.0, "num_boost_round": 2.0}, "datetime": {"datetime": "2024-01-19 00:15:08", "elapsed": 201.358411, "delta": 0.000608}}
{"target": -17.670549761296083, "params": {"gamma": 433.2534433285603, "log10_alpha": -2.897993209899802, "log10_colsample_bytree": -0.21830752866271652, "log10_eta": -1.3378288427474407, "log10_lambda": -1.1309489864500373, "log10_min_child_weight": 0.4890157963727987, "log10_subsample": -0.04773385234347116, "max_depth": 4.0, "num_boost_round": 3.0}, "datetime": {"datetime": "2024-01-19 00:15:08", "elapsed": 201.359001, "delta": 0.00059}}
{"target": -17.67037262826886, "params": {"gamma": 433.2534433285603, "log10_alpha": -2.897993209899802, "log10_colsample_bytree": -0.21830752866271652, "log10_eta": -1.3378288427474407, "log10_lambda": -1.1309489864500373, "log10_min_child_weight": 0.4890157963727987, "log10_subsample": -0.04773385234347116, "max_depth": 4.0, "num_boost_round": 4.0}, "datetime": {"datetime": "2024-01-19 00:15:08", "elapsed": 201.359592, "delta": 0.000591}}
{"target": -17.6705941711462, "params": {"gamma": 433.2534433285603, "log10_alpha": -2.897993209899802, "log10_colsample_bytree": -0.21830752866271652, "log10_eta": -1.3378288427474407, "log10_lambda": -1.1309489864500373, "log10_min_child_weight": 0.4890157963727987, "log10_subsample": -0.04773385234347116, "max_depth": 4.0, "num_boost_round": 5.0}, "datetime": {"datetime": "2024-01-19 00:15:08", "elapsed": 201.360187, "delta": 0.000595}}
{"target": -17.67157177402431, "params": {"gamma": 433.2534433285603, "log10_alpha": -2.897993209899802, "log10_colsample_bytree": -0.21830752866271652, "log10_eta": -1.3378288427474407, "log10_lambda": -1.1309489864500373, "log10_min_child_weight": 0.4890157963727987, "log10_subsample": -0.04773385234347116, "max_depth": 4.0, "num_boost_round": 6.0}, "datetime": {"datetime": "2024-01-19 00:15:08", "elapsed": 201.360775, "delta": 0.000588}}
{"target": -17.672094506414133, "params": {"gamma": 433.2534433285603, "log10_alpha": -2.897993209899802, "log10_colsample_bytree": -0.21830752866271652, "log10_eta": -1.3378288427474407, "log10_lambda": -1.1309489864500373, "log10_min_child_weight": 0.4890157963727987, "log10_subsample": -0.04773385234347116, "max_depth": 4.0, "num_boost_round": 7.0}, "datetime": {"datetime": "2024-01-19 00:15:08", "elapsed": 201.361558, "delta": 0.000783}}
{"target": -17.67320600998578, "params": {"gamma": 433.2534433285603, "log10_alpha": -2.897993209899802, "log10_colsample_bytree": -0.21830752866271652, "log10_eta": -1.3378288427474407, "log10_lambda": -1.1309489864500373, "log10_min_child_weight": 0.4890157963727987, "log10_subsample": -0.04773385234347116, "max_depth": 4.0, "num_boost_round": 8.0}, "datetime": {"datetime": "2024-01-19 00:15:08", "elapsed": 201.362284, "delta": 0.000726}}
{"target": -17.672582223732704, "params": {"gamma": 433.2534433285603, "log10_alpha": -2.897993209899802, "log10_colsample_bytree": -0.21830752866271652, "log10_eta": -1.3378288427474407, "log10_lambda": -1.1309489864500373, "log10_min_child_weight": 0.4890157963727987, "log10_subsample": -0.04773385234347116, "max_depth": 4.0, "num_boost_round": 9.0}, "datetime": {"datetime": "2024-01-19 00:15:08", "elapsed": 201.362866, "delta": 0.000582}}
