{"target": -13.753055743228712, "params": {"gamma": 94.82111640025958, "log10_alpha": -4.916100069268653, "log10_colsample_bytree": -0.8015030486047728, "log10_eta": -0.8977112497843152, "log10_lambda": -1.089763900790191, "log10_min_child_weight": 0.8435962659908242, "log10_subsample": -0.8834662999394368, "max_depth": 5.0, "num_boost_round": 1.0}, "datetime": {"datetime": "2024-01-19 00:24:39", "elapsed": 778.394123, "delta": 0.001888}}
{"target": -13.751102759456183, "params": {"gamma": 94.82111640025958, "log10_alpha": -4.916100069268653, "log10_colsample_bytree": -0.8015030486047728, "log10_eta": -0.8977112497843152, "log10_lambda": -1.089763900790191, "log10_min_child_weight": 0.8435962659908242, "log10_subsample": -0.8834662999394368, "max_depth": 5.0, "num_boost_round": 2.0}, "datetime": {"datetime": "2024-01-19 00:24:39", "elapsed": 778.395161, "delta": 0.001038}}
{"target": -13.75106718468301, "params": {"gamma": 94.82111640025958, "log10_alpha": -4.916100069268653, "log10_colsample_bytree": -0.8015030486047728, "log10_eta": -0.8977112497843152, "log10_lambda": -1.089763900790191, "log10_min_child_weight": 0.8435962659908242, "log10_subsample": -0.8834662999394368, "max_depth": 5.0, "num_boost_round": 3.0}, "datetime": {"datetime": "2024-01-19 00:24:39", "elapsed": 778.396176, "delta": 0.001015}}
{"target": -13.752935510303178, "params": {"gamma": 94.82111640025958, "log10_alpha": -4.916100069268653, "log10_colsample_bytree": -0.8015030486047728, "log10_eta": -0.8977112497843152, "log10_lambda": -1.089763900790191, "log10_min_child_weight": 0.8435962659908242, "log10_subsample": -0.8834662999394368, "max_depth": 5.0, "num_boost_round": 4.0}, "datetime": {"datetime": "2024-01-19 00:24:39", "elapsed": 778.397304, "delta": 0.001128}}
{"target": -13.754825836755595, "params": {"gamma": 94.82111640025958, "log10_alpha": -4.916100069268653, "log10_colsample_bytree": -0.8015030486047728, "log10_eta": -0.8977112497843152, "log10_lambda": -1.089763900790191, "log10_min_child_weight": 0.8435962659908242, "log10_subsample": -0.8834662999394368, "max_depth": 5.0, "num_boost_round": 5.0}, "datetime": {"datetime": "2024-01-19 00:24:39", "elapsed": 778.401996, "delta": 0.004692}}
{"target": -13.756480885909783, "params": {"gamma": 94.82111640025958, "log10_alpha": -4.916100069268653, "log10_colsample_bytree": -0.8015030486047728, "log10_eta": -0.8977112497843152, "log10_lambda": -1.089763900790191, "log10_min_child_weight": 0.8435962659908242, "log10_subsample": -0.8834662999394368, "max_depth": 5.0, "num_boost_round": 6.0}, "datetime": {"datetime": "2024-01-19 00:24:39", "elapsed": 778.403081, "delta": 0.001085}}
{"target": -13.75938871953053, "params": {"gamma": 94.82111640025958, "log10_alpha": -4.916100069268653, "log10_colsample_bytree": -0.8015030486047728, "log10_eta": -0.8977112497843152, "log10_lambda": -1.089763900790191, "log10_min_child_weight": 0.8435962659908242, "log10_subsample": -0.8834662999394368, "max_depth": 5.0, "num_boost_round": 7.0}, "datetime": {"datetime": "2024-01-19 00:24:39", "elapsed": 778.404118, "delta": 0.001037}}
{"target": -13.762385630444786, "params": {"gamma": 94.82111640025958, "log10_alpha": -4.916100069268653, "log10_colsample_bytree": -0.8015030486047728, "log10_eta": -0.8977112497843152, "log10_lambda": -1.089763900790191, "log10_min_child_weight": 0.8435962659908242, "log10_subsample": -0.8834662999394368, "max_depth": 5.0, "num_boost_round": 8.0}, "datetime": {"datetime": "2024-01-19 00:24:39", "elapsed": 778.405109, "delta": 0.000991}}
{"target": -13.764705202944947, "params": {"gamma": 94.82111640025958, "log10_alpha": -4.916100069268653, "log10_colsample_bytree": -0.8015030486047728, "log10_eta": -0.8977112497843152, "log10_lambda": -1.089763900790191, "log10_min_child_weight": 0.8435962659908242, "log10_subsample": -0.8834662999394368, "max_depth": 5.0, "num_boost_round": 9.0}, "datetime": {"datetime": "2024-01-19 00:24:39", "elapsed": 778.406112, "delta": 0.001003}}
{"target": -13.766135239355886, "params": {"gamma": 94.82111640025958, "log10_alpha": -4.916100069268653, "log10_colsample_bytree": -0.8015030486047728, "log10_eta": -0.8977112497843152, "log10_lambda": -1.089763900790191, "log10_min_child_weight": 0.8435962659908242, "log10_subsample": -0.8834662999394368, "max_depth": 5.0, "num_boost_round": 10.0}, "datetime": {"datetime": "2024-01-19 00:24:39", "elapsed": 778.407403, "delta": 0.001291}}
{"target": -13.766982503155454, "params": {"gamma": 94.82111640025958, "log10_alpha": -4.916100069268653, "log10_colsample_bytree": -0.8015030486047728, "log10_eta": -0.8977112497843152, "log10_lambda": -1.089763900790191, "log10_min_child_weight": 0.8435962659908242, "log10_subsample": -0.8834662999394368, "max_depth": 5.0, "num_boost_round": 11.0}, "datetime": {"datetime": "2024-01-19 00:24:39", "elapsed": 778.408435, "delta": 0.001032}}
{"target": -13.769639882965901, "params": {"gamma": 94.82111640025958, "log10_alpha": -4.916100069268653, "log10_colsample_bytree": -0.8015030486047728, "log10_eta": -0.8977112497843152, "log10_lambda": -1.089763900790191, "log10_min_child_weight": 0.8435962659908242, "log10_subsample": -0.8834662999394368, "max_depth": 5.0, "num_boost_round": 12.0}, "datetime": {"datetime": "2024-01-19 00:24:39", "elapsed": 778.40946, "delta": 0.001025}}
{"target": -13.772940647170305, "params": {"gamma": 94.82111640025958, "log10_alpha": -4.916100069268653, "log10_colsample_bytree": -0.8015030486047728, "log10_eta": -0.8977112497843152, "log10_lambda": -1.089763900790191, "log10_min_child_weight": 0.8435962659908242, "log10_subsample": -0.8834662999394368, "max_depth": 5.0, "num_boost_round": 13.0}, "datetime": {"datetime": "2024-01-19 00:24:39", "elapsed": 778.410479, "delta": 0.001019}}
{"target": -13.778312638128822, "params": {"gamma": 94.82111640025958, "log10_alpha": -4.916100069268653, "log10_colsample_bytree": -0.8015030486047728, "log10_eta": -0.8977112497843152, "log10_lambda": -1.089763900790191, "log10_min_child_weight": 0.8435962659908242, "log10_subsample": -0.8834662999394368, "max_depth": 5.0, "num_boost_round": 14.0}, "datetime": {"datetime": "2024-01-19 00:24:39", "elapsed": 778.41149, "delta": 0.001011}}
{"target": -13.783450391142102, "params": {"gamma": 94.82111640025958, "log10_alpha": -4.916100069268653, "log10_colsample_bytree": -0.8015030486047728, "log10_eta": -0.8977112497843152, "log10_lambda": -1.089763900790191, "log10_min_child_weight": 0.8435962659908242, "log10_subsample": -0.8834662999394368, "max_depth": 5.0, "num_boost_round": 15.0}, "datetime": {"datetime": "2024-01-19 00:24:39", "elapsed": 778.412594, "delta": 0.001104}}
{"target": -13.78575522010017, "params": {"gamma": 94.82111640025958, "log10_alpha": -4.916100069268653, "log10_colsample_bytree": -0.8015030486047728, "log10_eta": -0.8977112497843152, "log10_lambda": -1.089763900790191, "log10_min_child_weight": 0.8435962659908242, "log10_subsample": -0.8834662999394368, "max_depth": 5.0, "num_boost_round": 16.0}, "datetime": {"datetime": "2024-01-19 00:24:39", "elapsed": 778.413605, "delta": 0.001011}}
{"target": -13.785502895198606, "params": {"gamma": 94.82111640025958, "log10_alpha": -4.916100069268653, "log10_colsample_bytree": -0.8015030486047728, "log10_eta": -0.8977112497843152, "log10_lambda": -1.089763900790191, "log10_min_child_weight": 0.8435962659908242, "log10_subsample": -0.8834662999394368, "max_depth": 5.0, "num_boost_round": 17.0}, "datetime": {"datetime": "2024-01-19 00:24:39", "elapsed": 778.414625, "delta": 0.00102}}
{"target": -13.786995076675684, "params": {"gamma": 94.82111640025958, "log10_alpha": -4.916100069268653, "log10_colsample_bytree": -0.8015030486047728, "log10_eta": -0.8977112497843152, "log10_lambda": -1.089763900790191, "log10_min_child_weight": 0.8435962659908242, "log10_subsample": -0.8834662999394368, "max_depth": 5.0, "num_boost_round": 18.0}, "datetime": {"datetime": "2024-01-19 00:24:39", "elapsed": 778.415647, "delta": 0.001022}}
{"target": -13.787376179759276, "params": {"gamma": 94.82111640025958, "log10_alpha": -4.916100069268653, "log10_colsample_bytree": -0.8015030486047728, "log10_eta": -0.8977112497843152, "log10_lambda": -1.089763900790191, "log10_min_child_weight": 0.8435962659908242, "log10_subsample": -0.8834662999394368, "max_depth": 5.0, "num_boost_round": 19.0}, "datetime": {"datetime": "2024-01-19 00:24:39", "elapsed": 778.416671, "delta": 0.001024}}
{"target": -13.792626631988943, "params": {"gamma": 94.82111640025958, "log10_alpha": -4.916100069268653, "log10_colsample_bytree": -0.8015030486047728, "log10_eta": -0.8977112497843152, "log10_lambda": -1.089763900790191, "log10_min_child_weight": 0.8435962659908242, "log10_subsample": -0.8834662999394368, "max_depth": 5.0, "num_boost_round": 20.0}, "datetime": {"datetime": "2024-01-19 00:24:39", "elapsed": 778.417698, "delta": 0.001027}}
{"target": -13.79624830641417, "params": {"gamma": 94.82111640025958, "log10_alpha": -4.916100069268653, "log10_colsample_bytree": -0.8015030486047728, "log10_eta": -0.8977112497843152, "log10_lambda": -1.089763900790191, "log10_min_child_weight": 0.8435962659908242, "log10_subsample": -0.8834662999394368, "max_depth": 5.0, "num_boost_round": 21.0}, "datetime": {"datetime": "2024-01-19 00:24:39", "elapsed": 778.418708, "delta": 0.00101}}
{"target": -13.800273809170045, "params": {"gamma": 94.82111640025958, "log10_alpha": -4.916100069268653, "log10_colsample_bytree": -0.8015030486047728, "log10_eta": -0.8977112497843152, "log10_lambda": -1.089763900790191, "log10_min_child_weight": 0.8435962659908242, "log10_subsample": -0.8834662999394368, "max_depth": 5.0, "num_boost_round": 22.0}, "datetime": {"datetime": "2024-01-19 00:24:39", "elapsed": 778.419716, "delta": 0.001008}}
{"target": -13.813548777624652, "params": {"gamma": 94.82111640025958, "log10_alpha": -4.916100069268653, "log10_colsample_bytree": -0.8015030486047728, "log10_eta": -0.8977112497843152, "log10_lambda": -1.089763900790191, "log10_min_child_weight": 0.8435962659908242, "log10_subsample": -0.8834662999394368, "max_depth": 5.0, "num_boost_round": 23.0}, "datetime": {"datetime": "2024-01-19 00:24:39", "elapsed": 778.420739, "delta": 0.001023}}
{"target": -13.819574061992856, "params": {"gamma": 94.82111640025958, "log10_alpha": -4.916100069268653, "log10_colsample_bytree": -0.8015030486047728, "log10_eta": -0.8977112497843152, "log10_lambda": -1.089763900790191, "log10_min_child_weight": 0.8435962659908242, "log10_subsample": -0.8834662999394368, "max_depth": 5.0, "num_boost_round": 24.0}, "datetime": {"datetime": "2024-01-19 00:24:39", "elapsed": 778.421775, "delta": 0.001036}}
{"target": -13.842161572795362, "params": {"gamma": 94.82111640025958, "log10_alpha": -4.916100069268653, "log10_colsample_bytree": -0.8015030486047728, "log10_eta": -0.8977112497843152, "log10_lambda": -1.089763900790191, "log10_min_child_weight": 0.8435962659908242, "log10_subsample": -0.8834662999394368, "max_depth": 5.0, "num_boost_round": 25.0}, "datetime": {"datetime": "2024-01-19 00:24:39", "elapsed": 778.422858, "delta": 0.001083}}
{"target": -13.84593389037382, "params": {"gamma": 94.82111640025958, "log10_alpha": -4.916100069268653, "log10_colsample_bytree": -0.8015030486047728, "log10_eta": -0.8977112497843152, "log10_lambda": -1.089763900790191, "log10_min_child_weight": 0.8435962659908242, "log10_subsample": -0.8834662999394368, "max_depth": 5.0, "num_boost_round": 26.0}, "datetime": {"datetime": "2024-01-19 00:24:39", "elapsed": 778.423864, "delta": 0.001006}}
{"target": -13.843371016323793, "params": {"gamma": 94.82111640025958, "log10_alpha": -4.916100069268653, "log10_colsample_bytree": -0.8015030486047728, "log10_eta": -0.8977112497843152, "log10_lambda": -1.089763900790191, "log10_min_child_weight": 0.8435962659908242, "log10_subsample": -0.8834662999394368, "max_depth": 5.0, "num_boost_round": 27.0}, "datetime": {"datetime": "2024-01-19 00:24:39", "elapsed": 778.424896, "delta": 0.001032}}
{"target": -13.844318802085079, "params": {"gamma": 94.82111640025958, "log10_alpha": -4.916100069268653, "log10_colsample_bytree": -0.8015030486047728, "log10_eta": -0.8977112497843152, "log10_lambda": -1.089763900790191, "log10_min_child_weight": 0.8435962659908242, "log10_subsample": -0.8834662999394368, "max_depth": 5.0, "num_boost_round": 28.0}, "datetime": {"datetime": "2024-01-19 00:24:39", "elapsed": 778.425935, "delta": 0.001039}}
{"target": -13.847020653688292, "params": {"gamma": 94.82111640025958, "log10_alpha": -4.916100069268653, "log10_colsample_bytree": -0.8015030486047728, "log10_eta": -0.8977112497843152, "log10_lambda": -1.089763900790191, "log10_min_child_weight": 0.8435962659908242, "log10_subsample": -0.8834662999394368, "max_depth": 5.0, "num_boost_round": 29.0}, "datetime": {"datetime": "2024-01-19 00:24:39", "elapsed": 778.42702, "delta": 0.001085}}
{"target": -13.8484462869797, "params": {"gamma": 94.82111640025958, "log10_alpha": -4.916100069268653, "log10_colsample_bytree": -0.8015030486047728, "log10_eta": -0.8977112497843152, "log10_lambda": -1.089763900790191, "log10_min_child_weight": 0.8435962659908242, "log10_subsample": -0.8834662999394368, "max_depth": 5.0, "num_boost_round": 30.0}, "datetime": {"datetime": "2024-01-19 00:24:39", "elapsed": 778.428054, "delta": 0.001034}}
{"target": -13.851129231780655, "params": {"gamma": 94.82111640025958, "log10_alpha": -4.916100069268653, "log10_colsample_bytree": -0.8015030486047728, "log10_eta": -0.8977112497843152, "log10_lambda": -1.089763900790191, "log10_min_child_weight": 0.8435962659908242, "log10_subsample": -0.8834662999394368, "max_depth": 5.0, "num_boost_round": 31.0}, "datetime": {"datetime": "2024-01-19 00:24:39", "elapsed": 778.429086, "delta": 0.001032}}
{"target": -13.855820658156869, "params": {"gamma": 94.82111640025958, "log10_alpha": -4.916100069268653, "log10_colsample_bytree": -0.8015030486047728, "log10_eta": -0.8977112497843152, "log10_lambda": -1.089763900790191, "log10_min_child_weight": 0.8435962659908242, "log10_subsample": -0.8834662999394368, "max_depth": 5.0, "num_boost_round": 32.0}, "datetime": {"datetime": "2024-01-19 00:24:39", "elapsed": 778.430123, "delta": 0.001037}}
{"target": -13.859187339017145, "params": {"gamma": 94.82111640025958, "log10_alpha": -4.916100069268653, "log10_colsample_bytree": -0.8015030486047728, "log10_eta": -0.8977112497843152, "log10_lambda": -1.089763900790191, "log10_min_child_weight": 0.8435962659908242, "log10_subsample": -0.8834662999394368, "max_depth": 5.0, "num_boost_round": 33.0}, "datetime": {"datetime": "2024-01-19 00:24:39", "elapsed": 778.431158, "delta": 0.001035}}
{"target": -13.863976886710171, "params": {"gamma": 94.82111640025958, "log10_alpha": -4.916100069268653, "log10_colsample_bytree": -0.8015030486047728, "log10_eta": -0.8977112497843152, "log10_lambda": -1.089763900790191, "log10_min_child_weight": 0.8435962659908242, "log10_subsample": -0.8834662999394368, "max_depth": 5.0, "num_boost_round": 34.0}, "datetime": {"datetime": "2024-01-19 00:24:39", "elapsed": 778.43219, "delta": 0.001032}}
{"target": -13.868024270208261, "params": {"gamma": 94.82111640025958, "log10_alpha": -4.916100069268653, "log10_colsample_bytree": -0.8015030486047728, "log10_eta": -0.8977112497843152, "log10_lambda": -1.089763900790191, "log10_min_child_weight": 0.8435962659908242, "log10_subsample": -0.8834662999394368, "max_depth": 5.0, "num_boost_round": 35.0}, "datetime": {"datetime": "2024-01-19 00:24:39", "elapsed": 778.433394, "delta": 0.001204}}
{"target": -13.86916403383987, "params": {"gamma": 94.82111640025958, "log10_alpha": -4.916100069268653, "log10_colsample_bytree": -0.8015030486047728, "log10_eta": -0.8977112497843152, "log10_lambda": -1.089763900790191, "log10_min_child_weight": 0.8435962659908242, "log10_subsample": -0.8834662999394368, "max_depth": 5.0, "num_boost_round": 36.0}, "datetime": {"datetime": "2024-01-19 00:24:39", "elapsed": 778.434569, "delta": 0.001175}}
{"target": -13.869530798675415, "params": {"gamma": 94.82111640025958, "log10_alpha": -4.916100069268653, "log10_colsample_bytree": -0.8015030486047728, "log10_eta": -0.8977112497843152, "log10_lambda": -1.089763900790191, "log10_min_child_weight": 0.8435962659908242, "log10_subsample": -0.8834662999394368, "max_depth": 5.0, "num_boost_round": 37.0}, "datetime": {"datetime": "2024-01-19 00:24:39", "elapsed": 778.435694, "delta": 0.001125}}
{"target": -13.758510348625823, "params": {"gamma": 83.25546289750463, "log10_alpha": -3.768149810493097, "log10_colsample_bytree": -0.20264335148932, "log10_eta": -2.1964693133661592, "log10_lambda": -1.6321151773410305, "log10_min_child_weight": 4.198691759094182, "log10_subsample": -0.8007098637649187, "max_depth": 7.0, "num_boost_round": 0.0}, "datetime": {"datetime": "2024-01-19 00:25:11", "elapsed": 810.425828, "delta": 31.990134}}
{"target": -13.758444575016481, "params": {"gamma": 83.25546289750463, "log10_alpha": -3.768149810493097, "log10_colsample_bytree": -0.20264335148932, "log10_eta": -2.1964693133661592, "log10_lambda": -1.6321151773410305, "log10_min_child_weight": 4.198691759094182, "log10_subsample": -0.8007098637649187, "max_depth": 7.0, "num_boost_round": 1.0}, "datetime": {"datetime": "2024-01-19 00:25:11", "elapsed": 810.427456, "delta": 0.001628}}
{"target": -13.758427941004406, "params": {"gamma": 83.25546289750463, "log10_alpha": -3.768149810493097, "log10_colsample_bytree": -0.20264335148932, "log10_eta": -2.1964693133661592, "log10_lambda": -1.6321151773410305, "log10_min_child_weight": 4.198691759094182, "log10_subsample": -0.8007098637649187, "max_depth": 7.0, "num_boost_round": 2.0}, "datetime": {"datetime": "2024-01-19 00:25:11", "elapsed": 810.428669, "delta": 0.001213}}
{"target": -13.758455192310137, "params": {"gamma": 83.25546289750463, "log10_alpha": -3.768149810493097, "log10_colsample_bytree": -0.20264335148932, "log10_eta": -2.1964693133661592, "log10_lambda": -1.6321151773410305, "log10_min_child_weight": 4.198691759094182, "log10_subsample": -0.8007098637649187, "max_depth": 7.0, "num_boost_round": 3.0}, "datetime": {"datetime": "2024-01-19 00:25:11", "elapsed": 810.429732, "delta": 0.001063}}
{"target": -13.758522278567687, "params": {"gamma": 83.25546289750463, "log10_alpha": -3.768149810493097, "log10_colsample_bytree": -0.20264335148932, "log10_eta": -2.1964693133661592, "log10_lambda": -1.6321151773410305, "log10_min_child_weight": 4.198691759094182, "log10_subsample": -0.8007098637649187, "max_depth": 7.0, "num_boost_round": 4.0}, "datetime": {"datetime": "2024-01-19 00:25:11", "elapsed": 810.430799, "delta": 0.001067}}
{"target": -13.758442385464953, "params": {"gamma": 83.25546289750463, "log10_alpha": -3.768149810493097, "log10_colsample_bytree": -0.20264335148932, "log10_eta": -2.1964693133661592, "log10_lambda": -1.6321151773410305, "log10_min_child_weight": 4.198691759094182, "log10_subsample": -0.8007098637649187, "max_depth": 7.0, "num_boost_round": 5.0}, "datetime": {"datetime": "2024-01-19 00:25:11", "elapsed": 810.432177, "delta": 0.001378}}
{"target": -13.758446246148425, "params": {"gamma": 83.25546289750463, "log10_alpha": -3.768149810493097, "log10_colsample_bytree": -0.20264335148932, "log10_eta": -2.1964693133661592, "log10_lambda": -1.6321151773410305, "log10_min_child_weight": 4.198691759094182, "log10_subsample": -0.8007098637649187, "max_depth": 7.0, "num_boost_round": 6.0}, "datetime": {"datetime": "2024-01-19 00:25:11", "elapsed": 810.433436, "delta": 0.001259}}
{"target": -13.758376496995346, "params": {"gamma": 83.25546289750463, "log10_alpha": -3.768149810493097, "log10_colsample_bytree": -0.20264335148932, "log10_eta": -2.1964693133661592, "log10_lambda": -1.6321151773410305, "log10_min_child_weight": 4.198691759094182, "log10_subsample": -0.8007098637649187, "max_depth": 7.0, "num_boost_round": 7.0}, "datetime": {"datetime": "2024-01-19 00:25:11", "elapsed": 810.43462, "delta": 0.001184}}
{"target": -13.758361873757407, "params": {"gamma": 83.25546289750463, "log10_alpha": -3.768149810493097, "log10_colsample_bytree": -0.20264335148932, "log10_eta": -2.1964693133661592, "log10_lambda": -1.6321151773410305, "log10_min_child_weight": 4.198691759094182, "log10_subsample": -0.8007098637649187, "max_depth": 7.0, "num_boost_round": 8.0}, "datetime": {"datetime": "2024-01-19 00:25:11", "elapsed": 810.435854, "delta": 0.001234}}
{"target": -13.758352648630387, "params": {"gamma": 83.25546289750463, "log10_alpha": -3.768149810493097, "log10_colsample_bytree": -0.20264335148932, "log10_eta": -2.1964693133661592, "log10_lambda": -1.6321151773410305, "log10_min_child_weight": 4.198691759094182, "log10_subsample": -0.8007098637649187, "max_depth": 7.0, "num_boost_round": 9.0}, "datetime": {"datetime": "2024-01-19 00:25:11", "elapsed": 810.436925, "delta": 0.001071}}
{"target": -13.758301706901573, "params": {"gamma": 83.25546289750463, "log10_alpha": -3.768149810493097, "log10_colsample_bytree": -0.20264335148932, "log10_eta": -2.1964693133661592, "log10_lambda": -1.6321151773410305, "log10_min_child_weight": 4.198691759094182, "log10_subsample": -0.8007098637649187, "max_depth": 7.0, "num_boost_round": 10.0}, "datetime": {"datetime": "2024-01-19 00:25:11", "elapsed": 810.437992, "delta": 0.001067}}
{"target": -13.758271171623546, "params": {"gamma": 83.25546289750463, "log10_alpha": -3.768149810493097, "log10_colsample_bytree": -0.20264335148932, "log10_eta": -2.1964693133661592, "log10_lambda": -1.6321151773410305, "log10_min_child_weight": 4.198691759094182, "log10_subsample": -0.8007098637649187, "max_depth": 7.0, "num_boost_round": 11.0}, "datetime": {"datetime": "2024-01-19 00:25:11", "elapsed": 810.439053, "delta": 0.001061}}
