{"target": -13.759666530903067, "params": {"gamma": 485.7871425087855, "log10_alpha": -2.5623761563435945, "log10_colsample_bytree": -0.17227808636659014, "log10_eta": -1.4662453214372282, "log10_lambda": -4.796143313667922, "log10_min_child_weight": 4.24646415948381, "log10_subsample": -0.8537174508316815, "max_depth": 8.0, "num_boost_round": 10.0}, "datetime": {"datetime": "2024-01-19 01:56:16", "elapsed": 6280.075287, "delta": 0.006172}}
{"target": -13.759612068654317, "params": {"gamma": 485.7871425087855, "log10_alpha": -2.5623761563435945, "log10_colsample_bytree": -0.17227808636659014, "log10_eta": -1.4662453214372282, "log10_lambda": -4.796143313667922, "log10_min_child_weight": 4.24646415948381, "log10_subsample": -0.8537174508316815, "max_depth": 8.0, "num_boost_round": 11.0}, "datetime": {"datetime": "2024-01-19 01:56:16", "elapsed": 6280.081433, "delta": 0.006146}}
{"target": -13.759748122387895, "params": {"gamma": 485.7871425087855, "log10_alpha": -2.5623761563435945, "log10_colsample_bytree": -0.17227808636659014, "log10_eta": -1.4662453214372282, "log10_lambda": -4.796143313667922, "log10_min_child_weight": 4.24646415948381, "log10_subsample": -0.8537174508316815, "max_depth": 8.0, "num_boost_round": 12.0}, "datetime": {"datetime": "2024-01-19 01:56:16", "elapsed": 6280.087496, "delta": 0.006063}}
{"target": -13.759819416249398, "params": {"gamma": 485.7871425087855, "log10_alpha": -2.5623761563435945, "log10_colsample_bytree": -0.17227808636659014, "log10_eta": -1.4662453214372282, "log10_lambda": -4.796143313667922, "log10_min_child_weight": 4.24646415948381, "log10_subsample": -0.8537174508316815, "max_depth": 8.0, "num_boost_round": 13.0}, "datetime": {"datetime": "2024-01-19 01:56:16", "elapsed": 6280.093608, "delta": 0.006112}}
{"target": -13.759988090085617, "params": {"gamma": 485.7871425087855, "log10_alpha": -2.5623761563435945, "log10_colsample_bytree": -0.17227808636659014, "log10_eta": -1.4662453214372282, "log10_lambda": -4.796143313667922, "log10_min_child_weight": 4.24646415948381, "log10_subsample": -0.8537174508316815, "max_depth": 8.0, "num_boost_round": 14.0}, "datetime": {"datetime": "2024-01-19 01:56:16", "elapsed": 6280.099697, "delta": 0.006089}}
{"target": -13.760168289082738, "params": {"gamma": 485.7871425087855, "log10_alpha": -2.5623761563435945, "log10_colsample_bytree": -0.17227808636659014, "log10_eta": -1.4662453214372282, "log10_lambda": -4.796143313667922, "log10_min_child_weight": 4.24646415948381, "log10_subsample": -0.8537174508316815, "max_depth": 8.0, "num_boost_round": 15.0}, "datetime": {"datetime": "2024-01-19 01:56:16", "elapsed": 6280.105809, "delta": 0.006112}}
{"target": -13.760319945551624, "params": {"gamma": 485.7871425087855, "log10_alpha": -2.5623761563435945, "log10_colsample_bytree": -0.17227808636659014, "log10_eta": -1.4662453214372282, "log10_lambda": -4.796143313667922, "log10_min_child_weight": 4.24646415948381, "log10_subsample": -0.8537174508316815, "max_depth": 8.0, "num_boost_round": 16.0}, "datetime": {"datetime": "2024-01-19 01:56:16", "elapsed": 6280.111885, "delta": 0.006076}}
{"target": -13.760406875627275, "params": {"gamma": 485.7871425087855, "log10_alpha": -2.5623761563435945, "log10_colsample_bytree": -0.17227808636659014, "log10_eta": -1.4662453214372282, "log10_lambda": -4.796143313667922, "log10_min_child_weight": 4.24646415948381, "log10_subsample": -0.8537174508316815, "max_depth": 8.0, "num_boost_round": 17.0}, "datetime": {"datetime": "2024-01-19 01:56:16", "elapsed": 6280.117977, "delta": 0.006092}}
{"target": -13.76077043461656, "params": {"gamma": 485.7871425087855, "log10_alpha": -2.5623761563435945, "log10_colsample_bytree": -0.17227808636659014, "log10_eta": -1.4662453214372282, "log10_lambda": -4.796143313667922, "log10_min_child_weight": 4.24646415948381, "log10_subsample": -0.8537174508316815, "max_depth": 8.0, "num_boost_round": 18.0}, "datetime": {"datetime": "2024-01-19 01:56:16", "elapsed": 6280.124076, "delta": 0.006099}}
{"target": -13.761199928825796, "params": {"gamma": 485.7871425087855, "log10_alpha": -2.5623761563435945, "log10_colsample_bytree": -0.17227808636659014, "log10_eta": -1.4662453214372282, "log10_lambda": -4.796143313667922, "log10_min_child_weight": 4.24646415948381, "log10_subsample": -0.8537174508316815, "max_depth": 8.0, "num_boost_round": 19.0}, "datetime": {"datetime": "2024-01-19 01:56:16", "elapsed": 6280.130213, "delta": 0.006137}}
{"target": -13.761230696082508, "params": {"gamma": 485.7871425087855, "log10_alpha": -2.5623761563435945, "log10_colsample_bytree": -0.17227808636659014, "log10_eta": -1.4662453214372282, "log10_lambda": -4.796143313667922, "log10_min_child_weight": 4.24646415948381, "log10_subsample": -0.8537174508316815, "max_depth": 8.0, "num_boost_round": 20.0}, "datetime": {"datetime": "2024-01-19 01:56:16", "elapsed": 6280.136284, "delta": 0.006071}}
{"target": -13.76181932880283, "params": {"gamma": 485.7871425087855, "log10_alpha": -2.5623761563435945, "log10_colsample_bytree": -0.17227808636659014, "log10_eta": -1.4662453214372282, "log10_lambda": -4.796143313667922, "log10_min_child_weight": 4.24646415948381, "log10_subsample": -0.8537174508316815, "max_depth": 8.0, "num_boost_round": 21.0}, "datetime": {"datetime": "2024-01-19 01:56:16", "elapsed": 6280.142351, "delta": 0.006067}}
{"target": -13.762122142761077, "params": {"gamma": 485.7871425087855, "log10_alpha": -2.5623761563435945, "log10_colsample_bytree": -0.17227808636659014, "log10_eta": -1.4662453214372282, "log10_lambda": -4.796143313667922, "log10_min_child_weight": 4.24646415948381, "log10_subsample": -0.8537174508316815, "max_depth": 8.0, "num_boost_round": 22.0}, "datetime": {"datetime": "2024-01-19 01:56:16", "elapsed": 6280.229971, "delta": 0.08762}}
{"target": -13.762115215662929, "params": {"gamma": 485.7871425087855, "log10_alpha": -2.5623761563435945, "log10_colsample_bytree": -0.17227808636659014, "log10_eta": -1.4662453214372282, "log10_lambda": -4.796143313667922, "log10_min_child_weight": 4.24646415948381, "log10_subsample": -0.8537174508316815, "max_depth": 8.0, "num_boost_round": 23.0}, "datetime": {"datetime": "2024-01-19 01:56:16", "elapsed": 6280.23709, "delta": 0.007119}}
{"target": -13.762182928334823, "params": {"gamma": 485.7871425087855, "log10_alpha": -2.5623761563435945, "log10_colsample_bytree": -0.17227808636659014, "log10_eta": -1.4662453214372282, "log10_lambda": -4.796143313667922, "log10_min_child_weight": 4.24646415948381, "log10_subsample": -0.8537174508316815, "max_depth": 8.0, "num_boost_round": 24.0}, "datetime": {"datetime": "2024-01-19 01:56:16", "elapsed": 6280.243461, "delta": 0.006371}}
{"target": -13.762356758070451, "params": {"gamma": 485.7871425087855, "log10_alpha": -2.5623761563435945, "log10_colsample_bytree": -0.17227808636659014, "log10_eta": -1.4662453214372282, "log10_lambda": -4.796143313667922, "log10_min_child_weight": 4.24646415948381, "log10_subsample": -0.8537174508316815, "max_depth": 8.0, "num_boost_round": 25.0}, "datetime": {"datetime": "2024-01-19 01:56:16", "elapsed": 6280.249724, "delta": 0.006263}}
{"target": -13.762440455987237, "params": {"gamma": 485.7871425087855, "log10_alpha": -2.5623761563435945, "log10_colsample_bytree": -0.17227808636659014, "log10_eta": -1.4662453214372282, "log10_lambda": -4.796143313667922, "log10_min_child_weight": 4.24646415948381, "log10_subsample": -0.8537174508316815, "max_depth": 8.0, "num_boost_round": 26.0}, "datetime": {"datetime": "2024-01-19 01:56:16", "elapsed": 6280.25667, "delta": 0.006946}}
{"target": -13.762625932737102, "params": {"gamma": 485.7871425087855, "log10_alpha": -2.5623761563435945, "log10_colsample_bytree": -0.17227808636659014, "log10_eta": -1.4662453214372282, "log10_lambda": -4.796143313667922, "log10_min_child_weight": 4.24646415948381, "log10_subsample": -0.8537174508316815, "max_depth": 8.0, "num_boost_round": 27.0}, "datetime": {"datetime": "2024-01-19 01:56:16", "elapsed": 6280.263135, "delta": 0.006465}}
{"target": -13.762597247157892, "params": {"gamma": 485.7871425087855, "log10_alpha": -2.5623761563435945, "log10_colsample_bytree": -0.17227808636659014, "log10_eta": -1.4662453214372282, "log10_lambda": -4.796143313667922, "log10_min_child_weight": 4.24646415948381, "log10_subsample": -0.8537174508316815, "max_depth": 8.0, "num_boost_round": 28.0}, "datetime": {"datetime": "2024-01-19 01:56:16", "elapsed": 6280.269443, "delta": 0.006308}}
{"target": -13.762988193354806, "params": {"gamma": 485.7871425087855, "log10_alpha": -2.5623761563435945, "log10_colsample_bytree": -0.17227808636659014, "log10_eta": -1.4662453214372282, "log10_lambda": -4.796143313667922, "log10_min_child_weight": 4.24646415948381, "log10_subsample": -0.8537174508316815, "max_depth": 8.0, "num_boost_round": 29.0}, "datetime": {"datetime": "2024-01-19 01:56:16", "elapsed": 6280.275885, "delta": 0.006442}}
{"target": -13.763344260816146, "params": {"gamma": 485.7871425087855, "log10_alpha": -2.5623761563435945, "log10_colsample_bytree": -0.17227808636659014, "log10_eta": -1.4662453214372282, "log10_lambda": -4.796143313667922, "log10_min_child_weight": 4.24646415948381, "log10_subsample": -0.8537174508316815, "max_depth": 8.0, "num_boost_round": 30.0}, "datetime": {"datetime": "2024-01-19 01:56:16", "elapsed": 6280.282146, "delta": 0.006261}}
{"target": -13.76341745436771, "params": {"gamma": 485.7871425087855, "log10_alpha": -2.5623761563435945, "log10_colsample_bytree": -0.17227808636659014, "log10_eta": -1.4662453214372282, "log10_lambda": -4.796143313667922, "log10_min_child_weight": 4.24646415948381, "log10_subsample": -0.8537174508316815, "max_depth": 8.0, "num_boost_round": 31.0}, "datetime": {"datetime": "2024-01-19 01:56:16", "elapsed": 6280.288472, "delta": 0.006326}}
{"target": -13.763613545344883, "params": {"gamma": 485.7871425087855, "log10_alpha": -2.5623761563435945, "log10_colsample_bytree": -0.17227808636659014, "log10_eta": -1.4662453214372282, "log10_lambda": -4.796143313667922, "log10_min_child_weight": 4.24646415948381, "log10_subsample": -0.8537174508316815, "max_depth": 8.0, "num_boost_round": 32.0}, "datetime": {"datetime": "2024-01-19 01:56:16", "elapsed": 6280.294791, "delta": 0.006319}}
{"target": -13.763862397818347, "params": {"gamma": 485.7871425087855, "log10_alpha": -2.5623761563435945, "log10_colsample_bytree": -0.17227808636659014, "log10_eta": -1.4662453214372282, "log10_lambda": -4.796143313667922, "log10_min_child_weight": 4.24646415948381, "log10_subsample": -0.8537174508316815, "max_depth": 8.0, "num_boost_round": 33.0}, "datetime": {"datetime": "2024-01-19 01:56:16", "elapsed": 6280.301101, "delta": 0.00631}}
{"target": -13.764225468157388, "params": {"gamma": 485.7871425087855, "log10_alpha": -2.5623761563435945, "log10_colsample_bytree": -0.17227808636659014, "log10_eta": -1.4662453214372282, "log10_lambda": -4.796143313667922, "log10_min_child_weight": 4.24646415948381, "log10_subsample": -0.8537174508316815, "max_depth": 8.0, "num_boost_round": 34.0}, "datetime": {"datetime": "2024-01-19 01:56:16", "elapsed": 6280.307431, "delta": 0.00633}}
{"target": -13.764558160204889, "params": {"gamma": 485.7871425087855, "log10_alpha": -2.5623761563435945, "log10_colsample_bytree": -0.17227808636659014, "log10_eta": -1.4662453214372282, "log10_lambda": -4.796143313667922, "log10_min_child_weight": 4.24646415948381, "log10_subsample": -0.8537174508316815, "max_depth": 8.0, "num_boost_round": 35.0}, "datetime": {"datetime": "2024-01-19 01:56:16", "elapsed": 6280.313725, "delta": 0.006294}}
{"target": -13.764923858840294, "params": {"gamma": 485.7871425087855, "log10_alpha": -2.5623761563435945, "log10_colsample_bytree": -0.17227808636659014, "log10_eta": -1.4662453214372282, "log10_lambda": -4.796143313667922, "log10_min_child_weight": 4.24646415948381, "log10_subsample": -0.8537174508316815, "max_depth": 8.0, "num_boost_round": 36.0}, "datetime": {"datetime": "2024-01-19 01:56:16", "elapsed": 6280.32002, "delta": 0.006295}}
{"target": -13.765148460134151, "params": {"gamma": 485.7871425087855, "log10_alpha": -2.5623761563435945, "log10_colsample_bytree": -0.17227808636659014, "log10_eta": -1.4662453214372282, "log10_lambda": -4.796143313667922, "log10_min_child_weight": 4.24646415948381, "log10_subsample": -0.8537174508316815, "max_depth": 8.0, "num_boost_round": 37.0}, "datetime": {"datetime": "2024-01-19 01:56:16", "elapsed": 6280.326324, "delta": 0.006304}}
{"target": -13.765560666423623, "params": {"gamma": 485.7871425087855, "log10_alpha": -2.5623761563435945, "log10_colsample_bytree": -0.17227808636659014, "log10_eta": -1.4662453214372282, "log10_lambda": -4.796143313667922, "log10_min_child_weight": 4.24646415948381, "log10_subsample": -0.8537174508316815, "max_depth": 8.0, "num_boost_round": 38.0}, "datetime": {"datetime": "2024-01-19 01:56:16", "elapsed": 6280.415617, "delta": 0.089293}}
{"target": -13.765586298279072, "params": {"gamma": 485.7871425087855, "log10_alpha": -2.5623761563435945, "log10_colsample_bytree": -0.17227808636659014, "log10_eta": -1.4662453214372282, "log10_lambda": -4.796143313667922, "log10_min_child_weight": 4.24646415948381, "log10_subsample": -0.8537174508316815, "max_depth": 8.0, "num_boost_round": 39.0}, "datetime": {"datetime": "2024-01-19 01:56:16", "elapsed": 6280.423031, "delta": 0.007414}}
{"target": -13.758534487347097, "params": {"gamma": 472.56204134160595, "log10_alpha": -2.890049652256357, "log10_colsample_bytree": -0.9228192696347749, "log10_eta": -3.648801715546407, "log10_lambda": -2.345339415922508, "log10_min_child_weight": 3.7608719267078157, "log10_subsample": -0.15390637210323754, "max_depth": 8.0, "num_boost_round": 0.0}, "datetime": {"datetime": "2024-01-19 01:58:16", "elapsed": 6400.535838, "delta": 120.112807}}
{"target": -13.758532476714814, "params": {"gamma": 472.56204134160595, "log10_alpha": -2.890049652256357, "log10_colsample_bytree": -0.9228192696347749, "log10_eta": -3.648801715546407, "log10_lambda": -2.345339415922508, "log10_min_child_weight": 3.7608719267078157, "log10_subsample": -0.15390637210323754, "max_depth": 8.0, "num_boost_round": 1.0}, "datetime": {"datetime": "2024-01-19 01:58:16", "elapsed": 6400.542368, "delta": 0.00653}}
{"target": -13.758527719830603, "params": {"gamma": 472.56204134160595, "log10_alpha": -2.890049652256357, "log10_colsample_bytree": -0.9228192696347749, "log10_eta": -3.648801715546407, "log10_lambda": -2.345339415922508, "log10_min_child_weight": 3.7608719267078157, "log10_subsample": -0.15390637210323754, "max_depth": 8.0, "num_boost_round": 2.0}, "datetime": {"datetime": "2024-01-19 01:58:16", "elapsed": 6400.548722, "delta": 0.006354}}
{"target": -13.758527504441295, "params": {"gamma": 472.56204134160595, "log10_alpha": -2.890049652256357, "log10_colsample_bytree": -0.9228192696347749, "log10_eta": -3.648801715546407, "log10_lambda": -2.345339415922508, "log10_min_child_weight": 3.7608719267078157, "log10_subsample": -0.15390637210323754, "max_depth": 8.0, "num_boost_round": 3.0}, "datetime": {"datetime": "2024-01-19 01:58:16", "elapsed": 6400.55487, "delta": 0.006148}}
{"target": -13.758523938388928, "params": {"gamma": 472.56204134160595, "log10_alpha": -2.890049652256357, "log10_colsample_bytree": -0.9228192696347749, "log10_eta": -3.648801715546407, "log10_lambda": -2.345339415922508, "log10_min_child_weight": 3.7608719267078157, "log10_subsample": -0.15390637210323754, "max_depth": 8.0, "num_boost_round": 4.0}, "datetime": {"datetime": "2024-01-19 01:58:16", "elapsed": 6400.560931, "delta": 0.006061}}
{"target": -13.758520257425273, "params": {"gamma": 472.56204134160595, "log10_alpha": -2.890049652256357, "log10_colsample_bytree": -0.9228192696347749, "log10_eta": -3.648801715546407, "log10_lambda": -2.345339415922508, "log10_min_child_weight": 3.7608719267078157, "log10_subsample": -0.15390637210323754, "max_depth": 8.0, "num_boost_round": 5.0}, "datetime": {"datetime": "2024-01-19 01:58:16", "elapsed": 6400.56707, "delta": 0.006139}}
{"target": -13.758524683535843, "params": {"gamma": 472.56204134160595, "log10_alpha": -2.890049652256357, "log10_colsample_bytree": -0.9228192696347749, "log10_eta": -3.648801715546407, "log10_lambda": -2.345339415922508, "log10_min_child_weight": 3.7608719267078157, "log10_subsample": -0.15390637210323754, "max_depth": 8.0, "num_boost_round": 6.0}, "datetime": {"datetime": "2024-01-19 01:58:16", "elapsed": 6400.573171, "delta": 0.006101}}
{"target": -13.758518356273534, "params": {"gamma": 472.56204134160595, "log10_alpha": -2.890049652256357, "log10_colsample_bytree": -0.9228192696347749, "log10_eta": -3.648801715546407, "log10_lambda": -2.345339415922508, "log10_min_child_weight": 3.7608719267078157, "log10_subsample": -0.15390637210323754, "max_depth": 8.0, "num_boost_round": 7.0}, "datetime": {"datetime": "2024-01-19 01:58:16", "elapsed": 6400.579408, "delta": 0.006237}}
{"target": -13.758512230741344, "params": {"gamma": 472.56204134160595, "log10_alpha": -2.890049652256357, "log10_colsample_bytree": -0.9228192696347749, "log10_eta": -3.648801715546407, "log10_lambda": -2.345339415922508, "log10_min_child_weight": 3.7608719267078157, "log10_subsample": -0.15390637210323754, "max_depth": 8.0, "num_boost_round": 8.0}, "datetime": {"datetime": "2024-01-19 01:58:16", "elapsed": 6400.58563, "delta": 0.006222}}
{"target": -13.758513417263925, "params": {"gamma": 472.56204134160595, "log10_alpha": -2.890049652256357, "log10_colsample_bytree": -0.9228192696347749, "log10_eta": -3.648801715546407, "log10_lambda": -2.345339415922508, "log10_min_child_weight": 3.7608719267078157, "log10_subsample": -0.15390637210323754, "max_depth": 8.0, "num_boost_round": 9.0}, "datetime": {"datetime": "2024-01-19 01:58:16", "elapsed": 6400.59177, "delta": 0.00614}}
{"target": -13.758510923134208, "params": {"gamma": 472.56204134160595, "log10_alpha": -2.890049652256357, "log10_colsample_bytree": -0.9228192696347749, "log10_eta": -3.648801715546407, "log10_lambda": -2.345339415922508, "log10_min_child_weight": 3.7608719267078157, "log10_subsample": -0.15390637210323754, "max_depth": 8.0, "num_boost_round": 10.0}, "datetime": {"datetime": "2024-01-19 01:58:16", "elapsed": 6400.597922, "delta": 0.006152}}
{"target": -13.758508014283729, "params": {"gamma": 472.56204134160595, "log10_alpha": -2.890049652256357, "log10_colsample_bytree": -0.9228192696347749, "log10_eta": -3.648801715546407, "log10_lambda": -2.345339415922508, "log10_min_child_weight": 3.7608719267078157, "log10_subsample": -0.15390637210323754, "max_depth": 8.0, "num_boost_round": 11.0}, "datetime": {"datetime": "2024-01-19 01:58:16", "elapsed": 6400.603999, "delta": 0.006077}}
{"target": -13.758504535561567, "params": {"gamma": 472.56204134160595, "log10_alpha": -2.890049652256357, "log10_colsample_bytree": -0.9228192696347749, "log10_eta": -3.648801715546407, "log10_lambda": -2.345339415922508, "log10_min_child_weight": 3.7608719267078157, "log10_subsample": -0.15390637210323754, "max_depth": 8.0, "num_boost_round": 12.0}, "datetime": {"datetime": "2024-01-19 01:58:16", "elapsed": 6400.61011, "delta": 0.006111}}
{"target": -13.758501691400241, "params": {"gamma": 472.56204134160595, "log10_alpha": -2.890049652256357, "log10_colsample_bytree": -0.9228192696347749, "log10_eta": -3.648801715546407, "log10_lambda": -2.345339415922508, "log10_min_child_weight": 3.7608719267078157, "log10_subsample": -0.15390637210323754, "max_depth": 8.0, "num_boost_round": 13.0}, "datetime": {"datetime": "2024-01-19 01:58:16", "elapsed": 6400.616248, "delta": 0.006138}}
{"target": -13.758501005385114, "params": {"gamma": 472.56204134160595, "log10_alpha": -2.890049652256357, "log10_colsample_bytree": -0.9228192696347749, "log10_eta": -3.648801715546407, "log10_lambda": -2.345339415922508, "log10_min_child_weight": 3.7608719267078157, "log10_subsample": -0.15390637210323754, "max_depth": 8.0, "num_boost_round": 14.0}, "datetime": {"datetime": "2024-01-19 01:58:16", "elapsed": 6400.622334, "delta": 0.006086}}
{"target": -13.758495496756108, "params": {"gamma": 472.56204134160595, "log10_alpha": -2.890049652256357, "log10_colsample_bytree": -0.9228192696347749, "log10_eta": -3.648801715546407, "log10_lambda": -2.345339415922508, "log10_min_child_weight": 3.7608719267078157, "log10_subsample": -0.15390637210323754, "max_depth": 8.0, "num_boost_round": 15.0}, "datetime": {"datetime": "2024-01-19 01:58:16", "elapsed": 6400.628497, "delta": 0.006163}}
{"target": -13.758493417252378, "params": {"gamma": 472.56204134160595, "log10_alpha": -2.890049652256357, "log10_colsample_bytree": -0.9228192696347749, "log10_eta": -3.648801715546407, "log10_lambda": -2.345339415922508, "log10_min_child_weight": 3.7608719267078157, "log10_subsample": -0.15390637210323754, "max_depth": 8.0, "num_boost_round": 16.0}, "datetime": {"datetime": "2024-01-19 01:58:16", "elapsed": 6400.634675, "delta": 0.006178}}
{"target": -13.758488675725983, "params": {"gamma": 472.56204134160595, "log10_alpha": -2.890049652256357, "log10_colsample_bytree": -0.9228192696347749, "log10_eta": -3.648801715546407, "log10_lambda": -2.345339415922508, "log10_min_child_weight": 3.7608719267078157, "log10_subsample": -0.15390637210323754, "max_depth": 8.0, "num_boost_round": 17.0}, "datetime": {"datetime": "2024-01-19 01:58:16", "elapsed": 6400.64074, "delta": 0.006065}}
{"target": -13.75848441476634, "params": {"gamma": 472.56204134160595, "log10_alpha": -2.890049652256357, "log10_colsample_bytree": -0.9228192696347749, "log10_eta": -3.648801715546407, "log10_lambda": -2.345339415922508, "log10_min_child_weight": 3.7608719267078157, "log10_subsample": -0.15390637210323754, "max_depth": 8.0, "num_boost_round": 18.0}, "datetime": {"datetime": "2024-01-19 01:58:16", "elapsed": 6400.646855, "delta": 0.006115}}
