{"target": -17.67710332599268, "params": {"gamma": 175.6927863789085, "log10_alpha": -3.4226074217004463, "log10_colsample_bytree": -0.09358126339748751, "log10_eta": -3.2361924034418577, "log10_lambda": -3.3038441900734927, "log10_min_child_weight": 1.7015762612813328, "log10_subsample": -0.09480516081117962, "max_depth": 4.0, "num_boost_round": 5.0}, "datetime": {"datetime": "2024-01-19 00:42:13", "elapsed": 1818.482216, "delta": 0.002562}}
{"target": -17.67708576770295, "params": {"gamma": 175.6927863789085, "log10_alpha": -3.4226074217004463, "log10_colsample_bytree": -0.09358126339748751, "log10_eta": -3.2361924034418577, "log10_lambda": -3.3038441900734927, "log10_min_child_weight": 1.7015762612813328, "log10_subsample": -0.09480516081117962, "max_depth": 4.0, "num_boost_round": 6.0}, "datetime": {"datetime": "2024-01-19 00:42:13", "elapsed": 1818.48478, "delta": 0.002564}}
{"target": -17.677063520724477, "params": {"gamma": 175.6927863789085, "log10_alpha": -3.4226074217004463, "log10_colsample_bytree": -0.09358126339748751, "log10_eta": -3.2361924034418577, "log10_lambda": -3.3038441900734927, "log10_min_child_weight": 1.7015762612813328, "log10_subsample": -0.09480516081117962, "max_depth": 4.0, "num_boost_round": 7.0}, "datetime": {"datetime": "2024-01-19 00:42:13", "elapsed": 1818.487353, "delta": 0.002573}}
{"target": -17.677039234916794, "params": {"gamma": 175.6927863789085, "log10_alpha": -3.4226074217004463, "log10_colsample_bytree": -0.09358126339748751, "log10_eta": -3.2361924034418577, "log10_lambda": -3.3038441900734927, "log10_min_child_weight": 1.7015762612813328, "log10_subsample": -0.09480516081117962, "max_depth": 4.0, "num_boost_round": 8.0}, "datetime": {"datetime": "2024-01-19 00:42:13", "elapsed": 1818.490045, "delta": 0.002692}}
{"target": -17.67702137355305, "params": {"gamma": 175.6927863789085, "log10_alpha": -3.4226074217004463, "log10_colsample_bytree": -0.09358126339748751, "log10_eta": -3.2361924034418577, "log10_lambda": -3.3038441900734927, "log10_min_child_weight": 1.7015762612813328, "log10_subsample": -0.09480516081117962, "max_depth": 4.0, "num_boost_round": 9.0}, "datetime": {"datetime": "2024-01-19 00:42:13", "elapsed": 1818.492783, "delta": 0.002738}}
{"target": -17.677002371573963, "params": {"gamma": 175.6927863789085, "log10_alpha": -3.4226074217004463, "log10_colsample_bytree": -0.09358126339748751, "log10_eta": -3.2361924034418577, "log10_lambda": -3.3038441900734927, "log10_min_child_weight": 1.7015762612813328, "log10_subsample": -0.09480516081117962, "max_depth": 4.0, "num_boost_round": 10.0}, "datetime": {"datetime": "2024-01-19 00:42:13", "elapsed": 1818.495478, "delta": 0.002695}}
{"target": -17.676977946790853, "params": {"gamma": 175.6927863789085, "log10_alpha": -3.4226074217004463, "log10_colsample_bytree": -0.09358126339748751, "log10_eta": -3.2361924034418577, "log10_lambda": -3.3038441900734927, "log10_min_child_weight": 1.7015762612813328, "log10_subsample": -0.09480516081117962, "max_depth": 4.0, "num_boost_round": 11.0}, "datetime": {"datetime": "2024-01-19 00:42:13", "elapsed": 1818.49804, "delta": 0.002562}}
{"target": -17.676956859411217, "params": {"gamma": 175.6927863789085, "log10_alpha": -3.4226074217004463, "log10_colsample_bytree": -0.09358126339748751, "log10_eta": -3.2361924034418577, "log10_lambda": -3.3038441900734927, "log10_min_child_weight": 1.7015762612813328, "log10_subsample": -0.09480516081117962, "max_depth": 4.0, "num_boost_round": 12.0}, "datetime": {"datetime": "2024-01-19 00:42:13", "elapsed": 1818.505574, "delta": 0.007534}}
{"target": -17.67693685829058, "params": {"gamma": 175.6927863789085, "log10_alpha": -3.4226074217004463, "log10_colsample_bytree": -0.09358126339748751, "log10_eta": -3.2361924034418577, "log10_lambda": -3.3038441900734927, "log10_min_child_weight": 1.7015762612813328, "log10_subsample": -0.09480516081117962, "max_depth": 4.0, "num_boost_round": 13.0}, "datetime": {"datetime": "2024-01-19 00:42:13", "elapsed": 1818.5083, "delta": 0.002726}}
{"target": -17.676910114231788, "params": {"gamma": 175.6927863789085, "log10_alpha": -3.4226074217004463, "log10_colsample_bytree": -0.09358126339748751, "log10_eta": -3.2361924034418577, "log10_lambda": -3.3038441900734927, "log10_min_child_weight": 1.7015762612813328, "log10_subsample": -0.09480516081117962, "max_depth": 4.0, "num_boost_round": 14.0}, "datetime": {"datetime": "2024-01-19 00:42:13", "elapsed": 1818.510875, "delta": 0.002575}}
{"target": -17.6768847833477, "params": {"gamma": 175.6927863789085, "log10_alpha": -3.4226074217004463, "log10_colsample_bytree": -0.09358126339748751, "log10_eta": -3.2361924034418577, "log10_lambda": -3.3038441900734927, "log10_min_child_weight": 1.7015762612813328, "log10_subsample": -0.09480516081117962, "max_depth": 4.0, "num_boost_round": 15.0}, "datetime": {"datetime": "2024-01-19 00:42:13", "elapsed": 1818.513555, "delta": 0.00268}}
{"target": -17.676860281266947, "params": {"gamma": 175.6927863789085, "log10_alpha": -3.4226074217004463, "log10_colsample_bytree": -0.09358126339748751, "log10_eta": -3.2361924034418577, "log10_lambda": -3.3038441900734927, "log10_min_child_weight": 1.7015762612813328, "log10_subsample": -0.09480516081117962, "max_depth": 4.0, "num_boost_round": 16.0}, "datetime": {"datetime": "2024-01-19 00:42:13", "elapsed": 1818.516111, "delta": 0.002556}}
{"target": -17.676865124412227, "params": {"gamma": 175.6927863789085, "log10_alpha": -3.4226074217004463, "log10_colsample_bytree": -0.09358126339748751, "log10_eta": -3.2361924034418577, "log10_lambda": -3.3038441900734927, "log10_min_child_weight": 1.7015762612813328, "log10_subsample": -0.09480516081117962, "max_depth": 4.0, "num_boost_round": 17.0}, "datetime": {"datetime": "2024-01-19 00:42:13", "elapsed": 1818.518814, "delta": 0.002703}}
{"target": -17.6768506325284, "params": {"gamma": 175.6927863789085, "log10_alpha": -3.4226074217004463, "log10_colsample_bytree": -0.09358126339748751, "log10_eta": -3.2361924034418577, "log10_lambda": -3.3038441900734927, "log10_min_child_weight": 1.7015762612813328, "log10_subsample": -0.09480516081117962, "max_depth": 4.0, "num_boost_round": 18.0}, "datetime": {"datetime": "2024-01-19 00:42:13", "elapsed": 1818.521423, "delta": 0.002609}}
{"target": -17.676815719797087, "params": {"gamma": 175.6927863789085, "log10_alpha": -3.4226074217004463, "log10_colsample_bytree": -0.09358126339748751, "log10_eta": -3.2361924034418577, "log10_lambda": -3.3038441900734927, "log10_min_child_weight": 1.7015762612813328, "log10_subsample": -0.09480516081117962, "max_depth": 4.0, "num_boost_round": 19.0}, "datetime": {"datetime": "2024-01-19 00:42:13", "elapsed": 1818.523994, "delta": 0.002571}}
{"target": -17.676795351304865, "params": {"gamma": 175.6927863789085, "log10_alpha": -3.4226074217004463, "log10_colsample_bytree": -0.09358126339748751, "log10_eta": -3.2361924034418577, "log10_lambda": -3.3038441900734927, "log10_min_child_weight": 1.7015762612813328, "log10_subsample": -0.09480516081117962, "max_depth": 4.0, "num_boost_round": 20.0}, "datetime": {"datetime": "2024-01-19 00:42:13", "elapsed": 1818.52656, "delta": 0.002566}}
{"target": -17.67677546927173, "params": {"gamma": 175.6927863789085, "log10_alpha": -3.4226074217004463, "log10_colsample_bytree": -0.09358126339748751, "log10_eta": -3.2361924034418577, "log10_lambda": -3.3038441900734927, "log10_min_child_weight": 1.7015762612813328, "log10_subsample": -0.09480516081117962, "max_depth": 4.0, "num_boost_round": 21.0}, "datetime": {"datetime": "2024-01-19 00:42:14", "elapsed": 1818.52922, "delta": 0.00266}}
{"target": -17.676740962661654, "params": {"gamma": 175.6927863789085, "log10_alpha": -3.4226074217004463, "log10_colsample_bytree": -0.09358126339748751, "log10_eta": -3.2361924034418577, "log10_lambda": -3.3038441900734927, "log10_min_child_weight": 1.7015762612813328, "log10_subsample": -0.09480516081117962, "max_depth": 4.0, "num_boost_round": 22.0}, "datetime": {"datetime": "2024-01-19 00:42:14", "elapsed": 1818.531795, "delta": 0.002575}}
{"target": -17.6767094561024, "params": {"gamma": 175.6927863789085, "log10_alpha": -3.4226074217004463, "log10_colsample_bytree": -0.09358126339748751, "log10_eta": -3.2361924034418577, "log10_lambda": -3.3038441900734927, "log10_min_child_weight": 1.7015762612813328, "log10_subsample": -0.09480516081117962, "max_depth": 4.0, "num_boost_round": 23.0}, "datetime": {"datetime": "2024-01-19 00:42:14", "elapsed": 1818.53447, "delta": 0.002675}}
{"target": -17.6766914538637, "params": {"gamma": 175.6927863789085, "log10_alpha": -3.4226074217004463, "log10_colsample_bytree": -0.09358126339748751, "log10_eta": -3.2361924034418577, "log10_lambda": -3.3038441900734927, "log10_min_child_weight": 1.7015762612813328, "log10_subsample": -0.09480516081117962, "max_depth": 4.0, "num_boost_round": 24.0}, "datetime": {"datetime": "2024-01-19 00:42:14", "elapsed": 1818.537094, "delta": 0.002624}}
{"target": -17.67666990226858, "params": {"gamma": 175.6927863789085, "log10_alpha": -3.4226074217004463, "log10_colsample_bytree": -0.09358126339748751, "log10_eta": -3.2361924034418577, "log10_lambda": -3.3038441900734927, "log10_min_child_weight": 1.7015762612813328, "log10_subsample": -0.09480516081117962, "max_depth": 4.0, "num_boost_round": 25.0}, "datetime": {"datetime": "2024-01-19 00:42:14", "elapsed": 1818.539777, "delta": 0.002683}}
{"target": -17.676639766492418, "params": {"gamma": 175.6927863789085, "log10_alpha": -3.4226074217004463, "log10_colsample_bytree": -0.09358126339748751, "log10_eta": -3.2361924034418577, "log10_lambda": -3.3038441900734927, "log10_min_child_weight": 1.7015762612813328, "log10_subsample": -0.09480516081117962, "max_depth": 4.0, "num_boost_round": 26.0}, "datetime": {"datetime": "2024-01-19 00:42:14", "elapsed": 1818.542562, "delta": 0.002785}}
{"target": -17.67662975364546, "params": {"gamma": 175.6927863789085, "log10_alpha": -3.4226074217004463, "log10_colsample_bytree": -0.09358126339748751, "log10_eta": -3.2361924034418577, "log10_lambda": -3.3038441900734927, "log10_min_child_weight": 1.7015762612813328, "log10_subsample": -0.09480516081117962, "max_depth": 4.0, "num_boost_round": 27.0}, "datetime": {"datetime": "2024-01-19 00:42:14", "elapsed": 1818.545148, "delta": 0.002586}}
{"target": -17.67660517601883, "params": {"gamma": 175.6927863789085, "log10_alpha": -3.4226074217004463, "log10_colsample_bytree": -0.09358126339748751, "log10_eta": -3.2361924034418577, "log10_lambda": -3.3038441900734927, "log10_min_child_weight": 1.7015762612813328, "log10_subsample": -0.09480516081117962, "max_depth": 4.0, "num_boost_round": 28.0}, "datetime": {"datetime": "2024-01-19 00:42:14", "elapsed": 1818.547842, "delta": 0.002694}}
{"target": -17.676569359291143, "params": {"gamma": 175.6927863789085, "log10_alpha": -3.4226074217004463, "log10_colsample_bytree": -0.09358126339748751, "log10_eta": -3.2361924034418577, "log10_lambda": -3.3038441900734927, "log10_min_child_weight": 1.7015762612813328, "log10_subsample": -0.09480516081117962, "max_depth": 4.0, "num_boost_round": 29.0}, "datetime": {"datetime": "2024-01-19 00:42:14", "elapsed": 1818.550477, "delta": 0.002635}}
{"target": -17.676554883577758, "params": {"gamma": 175.6927863789085, "log10_alpha": -3.4226074217004463, "log10_colsample_bytree": -0.09358126339748751, "log10_eta": -3.2361924034418577, "log10_lambda": -3.3038441900734927, "log10_min_child_weight": 1.7015762612813328, "log10_subsample": -0.09480516081117962, "max_depth": 4.0, "num_boost_round": 30.0}, "datetime": {"datetime": "2024-01-19 00:42:14", "elapsed": 1818.553121, "delta": 0.002644}}
{"target": -17.676539105988883, "params": {"gamma": 175.6927863789085, "log10_alpha": -3.4226074217004463, "log10_colsample_bytree": -0.09358126339748751, "log10_eta": -3.2361924034418577, "log10_lambda": -3.3038441900734927, "log10_min_child_weight": 1.7015762612813328, "log10_subsample": -0.09480516081117962, "max_depth": 4.0, "num_boost_round": 31.0}, "datetime": {"datetime": "2024-01-19 00:42:14", "elapsed": 1818.555741, "delta": 0.00262}}
{"target": -17.67652313883801, "params": {"gamma": 175.6927863789085, "log10_alpha": -3.4226074217004463, "log10_colsample_bytree": -0.09358126339748751, "log10_eta": -3.2361924034418577, "log10_lambda": -3.3038441900734927, "log10_min_child_weight": 1.7015762612813328, "log10_subsample": -0.09480516081117962, "max_depth": 4.0, "num_boost_round": 32.0}, "datetime": {"datetime": "2024-01-19 00:42:14", "elapsed": 1818.558427, "delta": 0.002686}}
{"target": -17.67649957863948, "params": {"gamma": 175.6927863789085, "log10_alpha": -3.4226074217004463, "log10_colsample_bytree": -0.09358126339748751, "log10_eta": -3.2361924034418577, "log10_lambda": -3.3038441900734927, "log10_min_child_weight": 1.7015762612813328, "log10_subsample": -0.09480516081117962, "max_depth": 4.0, "num_boost_round": 33.0}, "datetime": {"datetime": "2024-01-19 00:42:14", "elapsed": 1818.561074, "delta": 0.002647}}
{"target": -17.67646566612431, "params": {"gamma": 175.6927863789085, "log10_alpha": -3.4226074217004463, "log10_colsample_bytree": -0.09358126339748751, "log10_eta": -3.2361924034418577, "log10_lambda": -3.3038441900734927, "log10_min_child_weight": 1.7015762612813328, "log10_subsample": -0.09480516081117962, "max_depth": 4.0, "num_boost_round": 34.0}, "datetime": {"datetime": "2024-01-19 00:42:14", "elapsed": 1818.563739, "delta": 0.002665}}
{"target": -17.67644718083475, "params": {"gamma": 175.6927863789085, "log10_alpha": -3.4226074217004463, "log10_colsample_bytree": -0.09358126339748751, "log10_eta": -3.2361924034418577, "log10_lambda": -3.3038441900734927, "log10_min_child_weight": 1.7015762612813328, "log10_subsample": -0.09480516081117962, "max_depth": 4.0, "num_boost_round": 35.0}, "datetime": {"datetime": "2024-01-19 00:42:14", "elapsed": 1818.56632, "delta": 0.002581}}
{"target": -17.67641938465992, "params": {"gamma": 175.6927863789085, "log10_alpha": -3.4226074217004463, "log10_colsample_bytree": -0.09358126339748751, "log10_eta": -3.2361924034418577, "log10_lambda": -3.3038441900734927, "log10_min_child_weight": 1.7015762612813328, "log10_subsample": -0.09480516081117962, "max_depth": 4.0, "num_boost_round": 36.0}, "datetime": {"datetime": "2024-01-19 00:42:14", "elapsed": 1818.569084, "delta": 0.002764}}
{"target": -17.67640037746292, "params": {"gamma": 175.6927863789085, "log10_alpha": -3.4226074217004463, "log10_colsample_bytree": -0.09358126339748751, "log10_eta": -3.2361924034418577, "log10_lambda": -3.3038441900734927, "log10_min_child_weight": 1.7015762612813328, "log10_subsample": -0.09480516081117962, "max_depth": 4.0, "num_boost_round": 37.0}, "datetime": {"datetime": "2024-01-19 00:42:14", "elapsed": 1818.571692, "delta": 0.002608}}
{"target": -17.676390885219142, "params": {"gamma": 175.6927863789085, "log10_alpha": -3.4226074217004463, "log10_colsample_bytree": -0.09358126339748751, "log10_eta": -3.2361924034418577, "log10_lambda": -3.3038441900734927, "log10_min_child_weight": 1.7015762612813328, "log10_subsample": -0.09480516081117962, "max_depth": 4.0, "num_boost_round": 38.0}, "datetime": {"datetime": "2024-01-19 00:42:14", "elapsed": 1818.574238, "delta": 0.002546}}
{"target": -17.67637200228732, "params": {"gamma": 175.6927863789085, "log10_alpha": -3.4226074217004463, "log10_colsample_bytree": -0.09358126339748751, "log10_eta": -3.2361924034418577, "log10_lambda": -3.3038441900734927, "log10_min_child_weight": 1.7015762612813328, "log10_subsample": -0.09480516081117962, "max_depth": 4.0, "num_boost_round": 39.0}, "datetime": {"datetime": "2024-01-19 00:42:14", "elapsed": 1818.576839, "delta": 0.002601}}
{"target": -17.67635371354662, "params": {"gamma": 175.6927863789085, "log10_alpha": -3.4226074217004463, "log10_colsample_bytree": -0.09358126339748751, "log10_eta": -3.2361924034418577, "log10_lambda": -3.3038441900734927, "log10_min_child_weight": 1.7015762612813328, "log10_subsample": -0.09480516081117962, "max_depth": 4.0, "num_boost_round": 40.0}, "datetime": {"datetime": "2024-01-19 00:42:14", "elapsed": 1818.579496, "delta": 0.002657}}
{"target": -17.676336779344318, "params": {"gamma": 175.6927863789085, "log10_alpha": -3.4226074217004463, "log10_colsample_bytree": -0.09358126339748751, "log10_eta": -3.2361924034418577, "log10_lambda": -3.3038441900734927, "log10_min_child_weight": 1.7015762612813328, "log10_subsample": -0.09480516081117962, "max_depth": 4.0, "num_boost_round": 41.0}, "datetime": {"datetime": "2024-01-19 00:42:14", "elapsed": 1818.582174, "delta": 0.002678}}
{"target": -17.676307276466503, "params": {"gamma": 175.6927863789085, "log10_alpha": -3.4226074217004463, "log10_colsample_bytree": -0.09358126339748751, "log10_eta": -3.2361924034418577, "log10_lambda": -3.3038441900734927, "log10_min_child_weight": 1.7015762612813328, "log10_subsample": -0.09480516081117962, "max_depth": 4.0, "num_boost_round": 42.0}, "datetime": {"datetime": "2024-01-19 00:42:14", "elapsed": 1818.584786, "delta": 0.002612}}
{"target": -17.677232595474848, "params": {"gamma": 172.2192564853492, "log10_alpha": 0.6439066164324458, "log10_colsample_bytree": -0.4928434748528633, "log10_eta": -3.9895359196774707, "log10_lambda": -1.7577426197179915, "log10_min_child_weight": 4.168039574602444, "log10_subsample": -0.5356532410404438, "max_depth": 4.0, "num_boost_round": 0.0}, "datetime": {"datetime": "2024-01-19 00:42:50", "elapsed": 1855.497017, "delta": 36.912231}}
{"target": -17.677232881128475, "params": {"gamma": 172.2192564853492, "log10_alpha": 0.6439066164324458, "log10_colsample_bytree": -0.4928434748528633, "log10_eta": -3.9895359196774707, "log10_lambda": -1.7577426197179915, "log10_min_child_weight": 4.168039574602444, "log10_subsample": -0.5356532410404438, "max_depth": 4.0, "num_boost_round": 1.0}, "datetime": {"datetime": "2024-01-19 00:42:50", "elapsed": 1855.500711, "delta": 0.003694}}
{"target": -17.67723375902782, "params": {"gamma": 172.2192564853492, "log10_alpha": 0.6439066164324458, "log10_colsample_bytree": -0.4928434748528633, "log10_eta": -3.9895359196774707, "log10_lambda": -1.7577426197179915, "log10_min_child_weight": 4.168039574602444, "log10_subsample": -0.5356532410404438, "max_depth": 4.0, "num_boost_round": 2.0}, "datetime": {"datetime": "2024-01-19 00:42:50", "elapsed": 1855.5036, "delta": 0.002889}}
{"target": -17.677233315874897, "params": {"gamma": 172.2192564853492, "log10_alpha": 0.6439066164324458, "log10_colsample_bytree": -0.4928434748528633, "log10_eta": -3.9895359196774707, "log10_lambda": -1.7577426197179915, "log10_min_child_weight": 4.168039574602444, "log10_subsample": -0.5356532410404438, "max_depth": 4.0, "num_boost_round": 3.0}, "datetime": {"datetime": "2024-01-19 00:42:50", "elapsed": 1855.506315, "delta": 0.002715}}
{"target": -17.677231593236357, "params": {"gamma": 172.2192564853492, "log10_alpha": 0.6439066164324458, "log10_colsample_bytree": -0.4928434748528633, "log10_eta": -3.9895359196774707, "log10_lambda": -1.7577426197179915, "log10_min_child_weight": 4.168039574602444, "log10_subsample": -0.5356532410404438, "max_depth": 4.0, "num_boost_round": 4.0}, "datetime": {"datetime": "2024-01-19 00:42:50", "elapsed": 1855.509142, "delta": 0.002827}}
{"target": -17.67723126757564, "params": {"gamma": 172.2192564853492, "log10_alpha": 0.6439066164324458, "log10_colsample_bytree": -0.4928434748528633, "log10_eta": -3.9895359196774707, "log10_lambda": -1.7577426197179915, "log10_min_child_weight": 4.168039574602444, "log10_subsample": -0.5356532410404438, "max_depth": 4.0, "num_boost_round": 5.0}, "datetime": {"datetime": "2024-01-19 00:42:50", "elapsed": 1855.511855, "delta": 0.002713}}
{"target": -17.67723194708965, "params": {"gamma": 172.2192564853492, "log10_alpha": 0.6439066164324458, "log10_colsample_bytree": -0.4928434748528633, "log10_eta": -3.9895359196774707, "log10_lambda": -1.7577426197179915, "log10_min_child_weight": 4.168039574602444, "log10_subsample": -0.5356532410404438, "max_depth": 4.0, "num_boost_round": 6.0}, "datetime": {"datetime": "2024-01-19 00:42:50", "elapsed": 1855.514549, "delta": 0.002694}}
{"target": -17.677232135043393, "params": {"gamma": 172.2192564853492, "log10_alpha": 0.6439066164324458, "log10_colsample_bytree": -0.4928434748528633, "log10_eta": -3.9895359196774707, "log10_lambda": -1.7577426197179915, "log10_min_child_weight": 4.168039574602444, "log10_subsample": -0.5356532410404438, "max_depth": 4.0, "num_boost_round": 7.0}, "datetime": {"datetime": "2024-01-19 00:42:50", "elapsed": 1855.517277, "delta": 0.002728}}
{"target": -17.677232529598665, "params": {"gamma": 172.2192564853492, "log10_alpha": 0.6439066164324458, "log10_colsample_bytree": -0.4928434748528633, "log10_eta": -3.9895359196774707, "log10_lambda": -1.7577426197179915, "log10_min_child_weight": 4.168039574602444, "log10_subsample": -0.5356532410404438, "max_depth": 4.0, "num_boost_round": 8.0}, "datetime": {"datetime": "2024-01-19 00:42:50", "elapsed": 1855.520066, "delta": 0.002789}}
{"target": -17.6772313390934, "params": {"gamma": 172.2192564853492, "log10_alpha": 0.6439066164324458, "log10_colsample_bytree": -0.4928434748528633, "log10_eta": -3.9895359196774707, "log10_lambda": -1.7577426197179915, "log10_min_child_weight": 4.168039574602444, "log10_subsample": -0.5356532410404438, "max_depth": 4.0, "num_boost_round": 9.0}, "datetime": {"datetime": "2024-01-19 00:42:50", "elapsed": 1855.522757, "delta": 0.002691}}
{"target": -17.677230158258446, "params": {"gamma": 172.2192564853492, "log10_alpha": 0.6439066164324458, "log10_colsample_bytree": -0.4928434748528633, "log10_eta": -3.9895359196774707, "log10_lambda": -1.7577426197179915, "log10_min_child_weight": 4.168039574602444, "log10_subsample": -0.5356532410404438, "max_depth": 4.0, "num_boost_round": 10.0}, "datetime": {"datetime": "2024-01-19 00:42:50", "elapsed": 1855.525464, "delta": 0.002707}}
