{"target": -17.677208168572, "params": {"gamma": 46.09184035298408, "log10_alpha": 0.46542163646560475, "log10_colsample_bytree": -0.1302217694016683, "log10_eta": -3.815447456014636, "log10_lambda": -1.3266038388382304, "log10_min_child_weight": 2.01832268572653, "log10_subsample": -0.8210513981547676, "max_depth": 4.0, "num_boost_round": 3.0}, "datetime": {"datetime": "2024-01-19 02:18:57", "elapsed": 7690.920031, "delta": 0.005802}}
{"target": -17.67720242423141, "params": {"gamma": 46.09184035298408, "log10_alpha": 0.46542163646560475, "log10_colsample_bytree": -0.1302217694016683, "log10_eta": -3.815447456014636, "log10_lambda": -1.3266038388382304, "log10_min_child_weight": 2.01832268572653, "log10_subsample": -0.8210513981547676, "max_depth": 4.0, "num_boost_round": 4.0}, "datetime": {"datetime": "2024-01-19 02:18:57", "elapsed": 7690.925878, "delta": 0.005847}}
{"target": -17.677197133289322, "params": {"gamma": 46.09184035298408, "log10_alpha": 0.46542163646560475, "log10_colsample_bytree": -0.1302217694016683, "log10_eta": -3.815447456014636, "log10_lambda": -1.3266038388382304, "log10_min_child_weight": 2.01832268572653, "log10_subsample": -0.8210513981547676, "max_depth": 4.0, "num_boost_round": 5.0}, "datetime": {"datetime": "2024-01-19 02:18:57", "elapsed": 7690.931352, "delta": 0.005474}}
{"target": -17.677192075565426, "params": {"gamma": 46.09184035298408, "log10_alpha": 0.46542163646560475, "log10_colsample_bytree": -0.1302217694016683, "log10_eta": -3.815447456014636, "log10_lambda": -1.3266038388382304, "log10_min_child_weight": 2.01832268572653, "log10_subsample": -0.8210513981547676, "max_depth": 4.0, "num_boost_round": 6.0}, "datetime": {"datetime": "2024-01-19 02:18:57", "elapsed": 7690.936782, "delta": 0.00543}}
{"target": -17.67718253659043, "params": {"gamma": 46.09184035298408, "log10_alpha": 0.46542163646560475, "log10_colsample_bytree": -0.1302217694016683, "log10_eta": -3.815447456014636, "log10_lambda": -1.3266038388382304, "log10_min_child_weight": 2.01832268572653, "log10_subsample": -0.8210513981547676, "max_depth": 4.0, "num_boost_round": 7.0}, "datetime": {"datetime": "2024-01-19 02:18:57", "elapsed": 7690.942349, "delta": 0.005567}}
{"target": -17.677175877340506, "params": {"gamma": 46.09184035298408, "log10_alpha": 0.46542163646560475, "log10_colsample_bytree": -0.1302217694016683, "log10_eta": -3.815447456014636, "log10_lambda": -1.3266038388382304, "log10_min_child_weight": 2.01832268572653, "log10_subsample": -0.8210513981547676, "max_depth": 4.0, "num_boost_round": 8.0}, "datetime": {"datetime": "2024-01-19 02:18:57", "elapsed": 7690.947778, "delta": 0.005429}}
{"target": -17.67716890539508, "params": {"gamma": 46.09184035298408, "log10_alpha": 0.46542163646560475, "log10_colsample_bytree": -0.1302217694016683, "log10_eta": -3.815447456014636, "log10_lambda": -1.3266038388382304, "log10_min_child_weight": 2.01832268572653, "log10_subsample": -0.8210513981547676, "max_depth": 4.0, "num_boost_round": 9.0}, "datetime": {"datetime": "2024-01-19 02:18:57", "elapsed": 7690.953333, "delta": 0.005555}}
{"target": -17.67716416243168, "params": {"gamma": 46.09184035298408, "log10_alpha": 0.46542163646560475, "log10_colsample_bytree": -0.1302217694016683, "log10_eta": -3.815447456014636, "log10_lambda": -1.3266038388382304, "log10_min_child_weight": 2.01832268572653, "log10_subsample": -0.8210513981547676, "max_depth": 4.0, "num_boost_round": 10.0}, "datetime": {"datetime": "2024-01-19 02:18:57", "elapsed": 7690.95878, "delta": 0.005447}}
{"target": -17.677157071893703, "params": {"gamma": 46.09184035298408, "log10_alpha": 0.46542163646560475, "log10_colsample_bytree": -0.1302217694016683, "log10_eta": -3.815447456014636, "log10_lambda": -1.3266038388382304, "log10_min_child_weight": 2.01832268572653, "log10_subsample": -0.8210513981547676, "max_depth": 4.0, "num_boost_round": 11.0}, "datetime": {"datetime": "2024-01-19 02:18:57", "elapsed": 7690.964162, "delta": 0.005382}}
{"target": -17.677152587401988, "params": {"gamma": 46.09184035298408, "log10_alpha": 0.46542163646560475, "log10_colsample_bytree": -0.1302217694016683, "log10_eta": -3.815447456014636, "log10_lambda": -1.3266038388382304, "log10_min_child_weight": 2.01832268572653, "log10_subsample": -0.8210513981547676, "max_depth": 4.0, "num_boost_round": 12.0}, "datetime": {"datetime": "2024-01-19 02:18:57", "elapsed": 7690.969652, "delta": 0.00549}}
{"target": -17.677149372709952, "params": {"gamma": 46.09184035298408, "log10_alpha": 0.46542163646560475, "log10_colsample_bytree": -0.1302217694016683, "log10_eta": -3.815447456014636, "log10_lambda": -1.3266038388382304, "log10_min_child_weight": 2.01832268572653, "log10_subsample": -0.8210513981547676, "max_depth": 4.0, "num_boost_round": 13.0}, "datetime": {"datetime": "2024-01-19 02:18:57", "elapsed": 7690.975339, "delta": 0.005687}}
{"target": -17.677139652708863, "params": {"gamma": 46.09184035298408, "log10_alpha": 0.46542163646560475, "log10_colsample_bytree": -0.1302217694016683, "log10_eta": -3.815447456014636, "log10_lambda": -1.3266038388382304, "log10_min_child_weight": 2.01832268572653, "log10_subsample": -0.8210513981547676, "max_depth": 4.0, "num_boost_round": 14.0}, "datetime": {"datetime": "2024-01-19 02:18:57", "elapsed": 7690.981144, "delta": 0.005805}}
{"target": -17.67713706992115, "params": {"gamma": 46.09184035298408, "log10_alpha": 0.46542163646560475, "log10_colsample_bytree": -0.1302217694016683, "log10_eta": -3.815447456014636, "log10_lambda": -1.3266038388382304, "log10_min_child_weight": 2.01832268572653, "log10_subsample": -0.8210513981547676, "max_depth": 4.0, "num_boost_round": 15.0}, "datetime": {"datetime": "2024-01-19 02:18:57", "elapsed": 7690.990665, "delta": 0.009521}}
{"target": -17.677126934011383, "params": {"gamma": 46.09184035298408, "log10_alpha": 0.46542163646560475, "log10_colsample_bytree": -0.1302217694016683, "log10_eta": -3.815447456014636, "log10_lambda": -1.3266038388382304, "log10_min_child_weight": 2.01832268572653, "log10_subsample": -0.8210513981547676, "max_depth": 4.0, "num_boost_round": 16.0}, "datetime": {"datetime": "2024-01-19 02:18:57", "elapsed": 7690.996377, "delta": 0.005712}}
{"target": -17.677121498359142, "params": {"gamma": 46.09184035298408, "log10_alpha": 0.46542163646560475, "log10_colsample_bytree": -0.1302217694016683, "log10_eta": -3.815447456014636, "log10_lambda": -1.3266038388382304, "log10_min_child_weight": 2.01832268572653, "log10_subsample": -0.8210513981547676, "max_depth": 4.0, "num_boost_round": 17.0}, "datetime": {"datetime": "2024-01-19 02:18:57", "elapsed": 7691.00214, "delta": 0.005763}}
{"target": -17.677119063803573, "params": {"gamma": 46.09184035298408, "log10_alpha": 0.46542163646560475, "log10_colsample_bytree": -0.1302217694016683, "log10_eta": -3.815447456014636, "log10_lambda": -1.3266038388382304, "log10_min_child_weight": 2.01832268572653, "log10_subsample": -0.8210513981547676, "max_depth": 4.0, "num_boost_round": 18.0}, "datetime": {"datetime": "2024-01-19 02:18:57", "elapsed": 7691.008301, "delta": 0.006161}}
{"target": -17.677110666605223, "params": {"gamma": 46.09184035298408, "log10_alpha": 0.46542163646560475, "log10_colsample_bytree": -0.1302217694016683, "log10_eta": -3.815447456014636, "log10_lambda": -1.3266038388382304, "log10_min_child_weight": 2.01832268572653, "log10_subsample": -0.8210513981547676, "max_depth": 4.0, "num_boost_round": 19.0}, "datetime": {"datetime": "2024-01-19 02:18:57", "elapsed": 7691.014424, "delta": 0.006123}}
{"target": -17.67710796892345, "params": {"gamma": 46.09184035298408, "log10_alpha": 0.46542163646560475, "log10_colsample_bytree": -0.1302217694016683, "log10_eta": -3.815447456014636, "log10_lambda": -1.3266038388382304, "log10_min_child_weight": 2.01832268572653, "log10_subsample": -0.8210513981547676, "max_depth": 4.0, "num_boost_round": 20.0}, "datetime": {"datetime": "2024-01-19 02:18:57", "elapsed": 7691.020575, "delta": 0.006151}}
{"target": -17.67710107108549, "params": {"gamma": 46.09184035298408, "log10_alpha": 0.46542163646560475, "log10_colsample_bytree": -0.1302217694016683, "log10_eta": -3.815447456014636, "log10_lambda": -1.3266038388382304, "log10_min_child_weight": 2.01832268572653, "log10_subsample": -0.8210513981547676, "max_depth": 4.0, "num_boost_round": 21.0}, "datetime": {"datetime": "2024-01-19 02:18:57", "elapsed": 7691.026797, "delta": 0.006222}}
{"target": -17.67709033162449, "params": {"gamma": 46.09184035298408, "log10_alpha": 0.46542163646560475, "log10_colsample_bytree": -0.1302217694016683, "log10_eta": -3.815447456014636, "log10_lambda": -1.3266038388382304, "log10_min_child_weight": 2.01832268572653, "log10_subsample": -0.8210513981547676, "max_depth": 4.0, "num_boost_round": 22.0}, "datetime": {"datetime": "2024-01-19 02:18:57", "elapsed": 7691.03254, "delta": 0.005743}}
{"target": -17.677080887628403, "params": {"gamma": 46.09184035298408, "log10_alpha": 0.46542163646560475, "log10_colsample_bytree": -0.1302217694016683, "log10_eta": -3.815447456014636, "log10_lambda": -1.3266038388382304, "log10_min_child_weight": 2.01832268572653, "log10_subsample": -0.8210513981547676, "max_depth": 4.0, "num_boost_round": 23.0}, "datetime": {"datetime": "2024-01-19 02:18:57", "elapsed": 7691.038027, "delta": 0.005487}}
{"target": -17.675184388577108, "params": {"gamma": 64.56219659554475, "log10_alpha": -0.20657174295184877, "log10_colsample_bytree": -0.9678967631199826, "log10_eta": -1.3023080111855583, "log10_lambda": -4.621045763593032, "log10_min_child_weight": 2.9642334121188374, "log10_subsample": -0.17825525041249213, "max_depth": 8.0, "num_boost_round": 0.0}, "datetime": {"datetime": "2024-01-19 02:21:57", "elapsed": 7870.805067, "delta": 179.76704}}
{"target": -17.676453629426025, "params": {"gamma": 64.56219659554475, "log10_alpha": -0.20657174295184877, "log10_colsample_bytree": -0.9678967631199826, "log10_eta": -1.3023080111855583, "log10_lambda": -4.621045763593032, "log10_min_child_weight": 2.9642334121188374, "log10_subsample": -0.17825525041249213, "max_depth": 8.0, "num_boost_round": 1.0}, "datetime": {"datetime": "2024-01-19 02:21:57", "elapsed": 7870.811813, "delta": 0.006746}}
{"target": -17.6759294492786, "params": {"gamma": 64.56219659554475, "log10_alpha": -0.20657174295184877, "log10_colsample_bytree": -0.9678967631199826, "log10_eta": -1.3023080111855583, "log10_lambda": -4.621045763593032, "log10_min_child_weight": 2.9642334121188374, "log10_subsample": -0.17825525041249213, "max_depth": 8.0, "num_boost_round": 2.0}, "datetime": {"datetime": "2024-01-19 02:21:57", "elapsed": 7870.817464, "delta": 0.005651}}
{"target": -17.675370882372214, "params": {"gamma": 64.56219659554475, "log10_alpha": -0.20657174295184877, "log10_colsample_bytree": -0.9678967631199826, "log10_eta": -1.3023080111855583, "log10_lambda": -4.621045763593032, "log10_min_child_weight": 2.9642334121188374, "log10_subsample": -0.17825525041249213, "max_depth": 8.0, "num_boost_round": 3.0}, "datetime": {"datetime": "2024-01-19 02:21:57", "elapsed": 7870.822995, "delta": 0.005531}}
{"target": -17.674768121907988, "params": {"gamma": 64.56219659554475, "log10_alpha": -0.20657174295184877, "log10_colsample_bytree": -0.9678967631199826, "log10_eta": -1.3023080111855583, "log10_lambda": -4.621045763593032, "log10_min_child_weight": 2.9642334121188374, "log10_subsample": -0.17825525041249213, "max_depth": 8.0, "num_boost_round": 4.0}, "datetime": {"datetime": "2024-01-19 02:21:57", "elapsed": 7870.828293, "delta": 0.005298}}
{"target": -17.673405397847766, "params": {"gamma": 64.56219659554475, "log10_alpha": -0.20657174295184877, "log10_colsample_bytree": -0.9678967631199826, "log10_eta": -1.3023080111855583, "log10_lambda": -4.621045763593032, "log10_min_child_weight": 2.9642334121188374, "log10_subsample": -0.17825525041249213, "max_depth": 8.0, "num_boost_round": 5.0}, "datetime": {"datetime": "2024-01-19 02:21:57", "elapsed": 7870.833619, "delta": 0.005326}}
{"target": -17.67575149682791, "params": {"gamma": 64.56219659554475, "log10_alpha": -0.20657174295184877, "log10_colsample_bytree": -0.9678967631199826, "log10_eta": -1.3023080111855583, "log10_lambda": -4.621045763593032, "log10_min_child_weight": 2.9642334121188374, "log10_subsample": -0.17825525041249213, "max_depth": 8.0, "num_boost_round": 6.0}, "datetime": {"datetime": "2024-01-19 02:21:57", "elapsed": 7870.839061, "delta": 0.005442}}
{"target": -17.67210137233459, "params": {"gamma": 64.56219659554475, "log10_alpha": -0.20657174295184877, "log10_colsample_bytree": -0.9678967631199826, "log10_eta": -1.3023080111855583, "log10_lambda": -4.621045763593032, "log10_min_child_weight": 2.9642334121188374, "log10_subsample": -0.17825525041249213, "max_depth": 8.0, "num_boost_round": 7.0}, "datetime": {"datetime": "2024-01-19 02:21:57", "elapsed": 7870.844528, "delta": 0.005467}}
{"target": -17.673532736574014, "params": {"gamma": 64.56219659554475, "log10_alpha": -0.20657174295184877, "log10_colsample_bytree": -0.9678967631199826, "log10_eta": -1.3023080111855583, "log10_lambda": -4.621045763593032, "log10_min_child_weight": 2.9642334121188374, "log10_subsample": -0.17825525041249213, "max_depth": 8.0, "num_boost_round": 8.0}, "datetime": {"datetime": "2024-01-19 02:21:57", "elapsed": 7870.85, "delta": 0.005472}}
{"target": -17.673090858794016, "params": {"gamma": 64.56219659554475, "log10_alpha": -0.20657174295184877, "log10_colsample_bytree": -0.9678967631199826, "log10_eta": -1.3023080111855583, "log10_lambda": -4.621045763593032, "log10_min_child_weight": 2.9642334121188374, "log10_subsample": -0.17825525041249213, "max_depth": 8.0, "num_boost_round": 9.0}, "datetime": {"datetime": "2024-01-19 02:21:57", "elapsed": 7870.855608, "delta": 0.005608}}
{"target": -17.673274523955037, "params": {"gamma": 64.56219659554475, "log10_alpha": -0.20657174295184877, "log10_colsample_bytree": -0.9678967631199826, "log10_eta": -1.3023080111855583, "log10_lambda": -4.621045763593032, "log10_min_child_weight": 2.9642334121188374, "log10_subsample": -0.17825525041249213, "max_depth": 8.0, "num_boost_round": 10.0}, "datetime": {"datetime": "2024-01-19 02:21:57", "elapsed": 7870.861272, "delta": 0.005664}}
{"target": -17.673626822543483, "params": {"gamma": 64.56219659554475, "log10_alpha": -0.20657174295184877, "log10_colsample_bytree": -0.9678967631199826, "log10_eta": -1.3023080111855583, "log10_lambda": -4.621045763593032, "log10_min_child_weight": 2.9642334121188374, "log10_subsample": -0.17825525041249213, "max_depth": 8.0, "num_boost_round": 11.0}, "datetime": {"datetime": "2024-01-19 02:21:57", "elapsed": 7870.866463, "delta": 0.005191}}
{"target": -17.67384638948018, "params": {"gamma": 64.56219659554475, "log10_alpha": -0.20657174295184877, "log10_colsample_bytree": -0.9678967631199826, "log10_eta": -1.3023080111855583, "log10_lambda": -4.621045763593032, "log10_min_child_weight": 2.9642334121188374, "log10_subsample": -0.17825525041249213, "max_depth": 8.0, "num_boost_round": 12.0}, "datetime": {"datetime": "2024-01-19 02:21:57", "elapsed": 7870.871873, "delta": 0.00541}}
{"target": -17.67392966516681, "params": {"gamma": 64.56219659554475, "log10_alpha": -0.20657174295184877, "log10_colsample_bytree": -0.9678967631199826, "log10_eta": -1.3023080111855583, "log10_lambda": -4.621045763593032, "log10_min_child_weight": 2.9642334121188374, "log10_subsample": -0.17825525041249213, "max_depth": 8.0, "num_boost_round": 13.0}, "datetime": {"datetime": "2024-01-19 02:21:57", "elapsed": 7870.877071, "delta": 0.005198}}
{"target": -17.672855794337, "params": {"gamma": 64.56219659554475, "log10_alpha": -0.20657174295184877, "log10_colsample_bytree": -0.9678967631199826, "log10_eta": -1.3023080111855583, "log10_lambda": -4.621045763593032, "log10_min_child_weight": 2.9642334121188374, "log10_subsample": -0.17825525041249213, "max_depth": 8.0, "num_boost_round": 14.0}, "datetime": {"datetime": "2024-01-19 02:21:57", "elapsed": 7870.882449, "delta": 0.005378}}
{"target": -17.672334855198326, "params": {"gamma": 64.56219659554475, "log10_alpha": -0.20657174295184877, "log10_colsample_bytree": -0.9678967631199826, "log10_eta": -1.3023080111855583, "log10_lambda": -4.621045763593032, "log10_min_child_weight": 2.9642334121188374, "log10_subsample": -0.17825525041249213, "max_depth": 8.0, "num_boost_round": 15.0}, "datetime": {"datetime": "2024-01-19 02:21:57", "elapsed": 7870.887623, "delta": 0.005174}}
{"target": -17.672954035294545, "params": {"gamma": 64.56219659554475, "log10_alpha": -0.20657174295184877, "log10_colsample_bytree": -0.9678967631199826, "log10_eta": -1.3023080111855583, "log10_lambda": -4.621045763593032, "log10_min_child_weight": 2.9642334121188374, "log10_subsample": -0.17825525041249213, "max_depth": 8.0, "num_boost_round": 16.0}, "datetime": {"datetime": "2024-01-19 02:21:57", "elapsed": 7870.893017, "delta": 0.005394}}
{"target": -17.673132979291463, "params": {"gamma": 64.56219659554475, "log10_alpha": -0.20657174295184877, "log10_colsample_bytree": -0.9678967631199826, "log10_eta": -1.3023080111855583, "log10_lambda": -4.621045763593032, "log10_min_child_weight": 2.9642334121188374, "log10_subsample": -0.17825525041249213, "max_depth": 8.0, "num_boost_round": 17.0}, "datetime": {"datetime": "2024-01-19 02:21:57", "elapsed": 7870.898346, "delta": 0.005329}}
{"target": -17.673288138243848, "params": {"gamma": 64.56219659554475, "log10_alpha": -0.20657174295184877, "log10_colsample_bytree": -0.9678967631199826, "log10_eta": -1.3023080111855583, "log10_lambda": -4.621045763593032, "log10_min_child_weight": 2.9642334121188374, "log10_subsample": -0.17825525041249213, "max_depth": 8.0, "num_boost_round": 18.0}, "datetime": {"datetime": "2024-01-19 02:21:57", "elapsed": 7870.903691, "delta": 0.005345}}
{"target": -17.67306255770155, "params": {"gamma": 64.56219659554475, "log10_alpha": -0.20657174295184877, "log10_colsample_bytree": -0.9678967631199826, "log10_eta": -1.3023080111855583, "log10_lambda": -4.621045763593032, "log10_min_child_weight": 2.9642334121188374, "log10_subsample": -0.17825525041249213, "max_depth": 8.0, "num_boost_round": 19.0}, "datetime": {"datetime": "2024-01-19 02:21:57", "elapsed": 7870.90904, "delta": 0.005349}}
{"target": -17.6738011055731, "params": {"gamma": 64.56219659554475, "log10_alpha": -0.20657174295184877, "log10_colsample_bytree": -0.9678967631199826, "log10_eta": -1.3023080111855583, "log10_lambda": -4.621045763593032, "log10_min_child_weight": 2.9642334121188374, "log10_subsample": -0.17825525041249213, "max_depth": 8.0, "num_boost_round": 20.0}, "datetime": {"datetime": "2024-01-19 02:21:57", "elapsed": 7870.914653, "delta": 0.005613}}
{"target": -17.675930192676038, "params": {"gamma": 64.56219659554475, "log10_alpha": -0.20657174295184877, "log10_colsample_bytree": -0.9678967631199826, "log10_eta": -1.3023080111855583, "log10_lambda": -4.621045763593032, "log10_min_child_weight": 2.9642334121188374, "log10_subsample": -0.17825525041249213, "max_depth": 8.0, "num_boost_round": 21.0}, "datetime": {"datetime": "2024-01-19 02:21:57", "elapsed": 7870.920308, "delta": 0.005655}}
{"target": -17.67552733430942, "params": {"gamma": 64.56219659554475, "log10_alpha": -0.20657174295184877, "log10_colsample_bytree": -0.9678967631199826, "log10_eta": -1.3023080111855583, "log10_lambda": -4.621045763593032, "log10_min_child_weight": 2.9642334121188374, "log10_subsample": -0.17825525041249213, "max_depth": 8.0, "num_boost_round": 22.0}, "datetime": {"datetime": "2024-01-19 02:21:57", "elapsed": 7870.926099, "delta": 0.005791}}
{"target": -17.676328914269206, "params": {"gamma": 64.56219659554475, "log10_alpha": -0.20657174295184877, "log10_colsample_bytree": -0.9678967631199826, "log10_eta": -1.3023080111855583, "log10_lambda": -4.621045763593032, "log10_min_child_weight": 2.9642334121188374, "log10_subsample": -0.17825525041249213, "max_depth": 8.0, "num_boost_round": 23.0}, "datetime": {"datetime": "2024-01-19 02:21:57", "elapsed": 7870.931527, "delta": 0.005428}}
{"target": -17.678309697925453, "params": {"gamma": 64.56219659554475, "log10_alpha": -0.20657174295184877, "log10_colsample_bytree": -0.9678967631199826, "log10_eta": -1.3023080111855583, "log10_lambda": -4.621045763593032, "log10_min_child_weight": 2.9642334121188374, "log10_subsample": -0.17825525041249213, "max_depth": 8.0, "num_boost_round": 24.0}, "datetime": {"datetime": "2024-01-19 02:21:57", "elapsed": 7870.937979, "delta": 0.006452}}
{"target": -17.68094590320333, "params": {"gamma": 64.56219659554475, "log10_alpha": -0.20657174295184877, "log10_colsample_bytree": -0.9678967631199826, "log10_eta": -1.3023080111855583, "log10_lambda": -4.621045763593032, "log10_min_child_weight": 2.9642334121188374, "log10_subsample": -0.17825525041249213, "max_depth": 8.0, "num_boost_round": 25.0}, "datetime": {"datetime": "2024-01-19 02:21:57", "elapsed": 7870.943848, "delta": 0.005869}}
{"target": -17.68375932012167, "params": {"gamma": 64.56219659554475, "log10_alpha": -0.20657174295184877, "log10_colsample_bytree": -0.9678967631199826, "log10_eta": -1.3023080111855583, "log10_lambda": -4.621045763593032, "log10_min_child_weight": 2.9642334121188374, "log10_subsample": -0.17825525041249213, "max_depth": 8.0, "num_boost_round": 26.0}, "datetime": {"datetime": "2024-01-19 02:21:57", "elapsed": 7870.94938, "delta": 0.005532}}
{"target": -17.685543945352553, "params": {"gamma": 64.56219659554475, "log10_alpha": -0.20657174295184877, "log10_colsample_bytree": -0.9678967631199826, "log10_eta": -1.3023080111855583, "log10_lambda": -4.621045763593032, "log10_min_child_weight": 2.9642334121188374, "log10_subsample": -0.17825525041249213, "max_depth": 8.0, "num_boost_round": 27.0}, "datetime": {"datetime": "2024-01-19 02:21:57", "elapsed": 7870.954976, "delta": 0.005596}}
