{"target": -17.675423945933392, "params": {"gamma": 444.15641900220237, "log10_alpha": 0.7293695141367627, "log10_colsample_bytree": -0.43526155573868053, "log10_eta": -2.838116973300587, "log10_lambda": -4.92284043342364, "log10_min_child_weight": 1.7476848134461842, "log10_subsample": -0.8461002505273433, "max_depth": 9.0, "num_boost_round": 27.0}, "datetime": {"datetime": "2024-01-19 00:42:15", "elapsed": 1828.41869, "delta": 0.002717}}
{"target": -17.67541051034885, "params": {"gamma": 444.15641900220237, "log10_alpha": 0.7293695141367627, "log10_colsample_bytree": -0.43526155573868053, "log10_eta": -2.838116973300587, "log10_lambda": -4.92284043342364, "log10_min_child_weight": 1.7476848134461842, "log10_subsample": -0.8461002505273433, "max_depth": 9.0, "num_boost_round": 28.0}, "datetime": {"datetime": "2024-01-19 00:42:15", "elapsed": 1828.421501, "delta": 0.002811}}
{"target": -17.675242498125336, "params": {"gamma": 444.15641900220237, "log10_alpha": 0.7293695141367627, "log10_colsample_bytree": -0.43526155573868053, "log10_eta": -2.838116973300587, "log10_lambda": -4.92284043342364, "log10_min_child_weight": 1.7476848134461842, "log10_subsample": -0.8461002505273433, "max_depth": 9.0, "num_boost_round": 29.0}, "datetime": {"datetime": "2024-01-19 00:42:15", "elapsed": 1828.424231, "delta": 0.00273}}
{"target": -17.675197451075533, "params": {"gamma": 444.15641900220237, "log10_alpha": 0.7293695141367627, "log10_colsample_bytree": -0.43526155573868053, "log10_eta": -2.838116973300587, "log10_lambda": -4.92284043342364, "log10_min_child_weight": 1.7476848134461842, "log10_subsample": -0.8461002505273433, "max_depth": 9.0, "num_boost_round": 30.0}, "datetime": {"datetime": "2024-01-19 00:42:15", "elapsed": 1828.427142, "delta": 0.002911}}
{"target": -17.67516582377, "params": {"gamma": 444.15641900220237, "log10_alpha": 0.7293695141367627, "log10_colsample_bytree": -0.43526155573868053, "log10_eta": -2.838116973300587, "log10_lambda": -4.92284043342364, "log10_min_child_weight": 1.7476848134461842, "log10_subsample": -0.8461002505273433, "max_depth": 9.0, "num_boost_round": 31.0}, "datetime": {"datetime": "2024-01-19 00:42:15", "elapsed": 1828.429866, "delta": 0.002724}}
{"target": -17.675132401864392, "params": {"gamma": 444.15641900220237, "log10_alpha": 0.7293695141367627, "log10_colsample_bytree": -0.43526155573868053, "log10_eta": -2.838116973300587, "log10_lambda": -4.92284043342364, "log10_min_child_weight": 1.7476848134461842, "log10_subsample": -0.8461002505273433, "max_depth": 9.0, "num_boost_round": 32.0}, "datetime": {"datetime": "2024-01-19 00:42:15", "elapsed": 1828.432691, "delta": 0.002825}}
{"target": -17.675057103182652, "params": {"gamma": 444.15641900220237, "log10_alpha": 0.7293695141367627, "log10_colsample_bytree": -0.43526155573868053, "log10_eta": -2.838116973300587, "log10_lambda": -4.92284043342364, "log10_min_child_weight": 1.7476848134461842, "log10_subsample": -0.8461002505273433, "max_depth": 9.0, "num_boost_round": 33.0}, "datetime": {"datetime": "2024-01-19 00:42:15", "elapsed": 1828.435443, "delta": 0.002752}}
{"target": -17.67496095840189, "params": {"gamma": 444.15641900220237, "log10_alpha": 0.7293695141367627, "log10_colsample_bytree": -0.43526155573868053, "log10_eta": -2.838116973300587, "log10_lambda": -4.92284043342364, "log10_min_child_weight": 1.7476848134461842, "log10_subsample": -0.8461002505273433, "max_depth": 9.0, "num_boost_round": 34.0}, "datetime": {"datetime": "2024-01-19 00:42:15", "elapsed": 1828.438212, "delta": 0.002769}}
{"target": -17.674904784711277, "params": {"gamma": 444.15641900220237, "log10_alpha": 0.7293695141367627, "log10_colsample_bytree": -0.43526155573868053, "log10_eta": -2.838116973300587, "log10_lambda": -4.92284043342364, "log10_min_child_weight": 1.7476848134461842, "log10_subsample": -0.8461002505273433, "max_depth": 9.0, "num_boost_round": 35.0}, "datetime": {"datetime": "2024-01-19 00:42:15", "elapsed": 1828.441012, "delta": 0.0028}}
{"target": -17.674941738136752, "params": {"gamma": 444.15641900220237, "log10_alpha": 0.7293695141367627, "log10_colsample_bytree": -0.43526155573868053, "log10_eta": -2.838116973300587, "log10_lambda": -4.92284043342364, "log10_min_child_weight": 1.7476848134461842, "log10_subsample": -0.8461002505273433, "max_depth": 9.0, "num_boost_round": 36.0}, "datetime": {"datetime": "2024-01-19 00:42:15", "elapsed": 1828.443746, "delta": 0.002734}}
{"target": -17.6749552020102, "params": {"gamma": 444.15641900220237, "log10_alpha": 0.7293695141367627, "log10_colsample_bytree": -0.43526155573868053, "log10_eta": -2.838116973300587, "log10_lambda": -4.92284043342364, "log10_min_child_weight": 1.7476848134461842, "log10_subsample": -0.8461002505273433, "max_depth": 9.0, "num_boost_round": 37.0}, "datetime": {"datetime": "2024-01-19 00:42:15", "elapsed": 1828.446475, "delta": 0.002729}}
{"target": -17.674939159135103, "params": {"gamma": 444.15641900220237, "log10_alpha": 0.7293695141367627, "log10_colsample_bytree": -0.43526155573868053, "log10_eta": -2.838116973300587, "log10_lambda": -4.92284043342364, "log10_min_child_weight": 1.7476848134461842, "log10_subsample": -0.8461002505273433, "max_depth": 9.0, "num_boost_round": 38.0}, "datetime": {"datetime": "2024-01-19 00:42:15", "elapsed": 1828.449253, "delta": 0.002778}}
{"target": -17.67483572250058, "params": {"gamma": 444.15641900220237, "log10_alpha": 0.7293695141367627, "log10_colsample_bytree": -0.43526155573868053, "log10_eta": -2.838116973300587, "log10_lambda": -4.92284043342364, "log10_min_child_weight": 1.7476848134461842, "log10_subsample": -0.8461002505273433, "max_depth": 9.0, "num_boost_round": 39.0}, "datetime": {"datetime": "2024-01-19 00:42:15", "elapsed": 1828.452054, "delta": 0.002801}}
{"target": -17.6748496645945, "params": {"gamma": 444.15641900220237, "log10_alpha": 0.7293695141367627, "log10_colsample_bytree": -0.43526155573868053, "log10_eta": -2.838116973300587, "log10_lambda": -4.92284043342364, "log10_min_child_weight": 1.7476848134461842, "log10_subsample": -0.8461002505273433, "max_depth": 9.0, "num_boost_round": 40.0}, "datetime": {"datetime": "2024-01-19 00:42:15", "elapsed": 1828.45494, "delta": 0.002886}}
{"target": -17.674872127232707, "params": {"gamma": 444.15641900220237, "log10_alpha": 0.7293695141367627, "log10_colsample_bytree": -0.43526155573868053, "log10_eta": -2.838116973300587, "log10_lambda": -4.92284043342364, "log10_min_child_weight": 1.7476848134461842, "log10_subsample": -0.8461002505273433, "max_depth": 9.0, "num_boost_round": 41.0}, "datetime": {"datetime": "2024-01-19 00:42:15", "elapsed": 1828.457666, "delta": 0.002726}}
{"target": -17.674730230529043, "params": {"gamma": 444.15641900220237, "log10_alpha": 0.7293695141367627, "log10_colsample_bytree": -0.43526155573868053, "log10_eta": -2.838116973300587, "log10_lambda": -4.92284043342364, "log10_min_child_weight": 1.7476848134461842, "log10_subsample": -0.8461002505273433, "max_depth": 9.0, "num_boost_round": 42.0}, "datetime": {"datetime": "2024-01-19 00:42:15", "elapsed": 1828.460446, "delta": 0.00278}}
{"target": -17.67465547662918, "params": {"gamma": 444.15641900220237, "log10_alpha": 0.7293695141367627, "log10_colsample_bytree": -0.43526155573868053, "log10_eta": -2.838116973300587, "log10_lambda": -4.92284043342364, "log10_min_child_weight": 1.7476848134461842, "log10_subsample": -0.8461002505273433, "max_depth": 9.0, "num_boost_round": 43.0}, "datetime": {"datetime": "2024-01-19 00:42:15", "elapsed": 1828.463239, "delta": 0.002793}}
{"target": -17.67459330645335, "params": {"gamma": 444.15641900220237, "log10_alpha": 0.7293695141367627, "log10_colsample_bytree": -0.43526155573868053, "log10_eta": -2.838116973300587, "log10_lambda": -4.92284043342364, "log10_min_child_weight": 1.7476848134461842, "log10_subsample": -0.8461002505273433, "max_depth": 9.0, "num_boost_round": 44.0}, "datetime": {"datetime": "2024-01-19 00:42:15", "elapsed": 1828.465975, "delta": 0.002736}}
{"target": -17.67455493562784, "params": {"gamma": 444.15641900220237, "log10_alpha": 0.7293695141367627, "log10_colsample_bytree": -0.43526155573868053, "log10_eta": -2.838116973300587, "log10_lambda": -4.92284043342364, "log10_min_child_weight": 1.7476848134461842, "log10_subsample": -0.8461002505273433, "max_depth": 9.0, "num_boost_round": 45.0}, "datetime": {"datetime": "2024-01-19 00:42:15", "elapsed": 1828.468779, "delta": 0.002804}}
{"target": -17.674524612776214, "params": {"gamma": 444.15641900220237, "log10_alpha": 0.7293695141367627, "log10_colsample_bytree": -0.43526155573868053, "log10_eta": -2.838116973300587, "log10_lambda": -4.92284043342364, "log10_min_child_weight": 1.7476848134461842, "log10_subsample": -0.8461002505273433, "max_depth": 9.0, "num_boost_round": 46.0}, "datetime": {"datetime": "2024-01-19 00:42:15", "elapsed": 1828.471542, "delta": 0.002763}}
{"target": -17.674445977345865, "params": {"gamma": 444.15641900220237, "log10_alpha": 0.7293695141367627, "log10_colsample_bytree": -0.43526155573868053, "log10_eta": -2.838116973300587, "log10_lambda": -4.92284043342364, "log10_min_child_weight": 1.7476848134461842, "log10_subsample": -0.8461002505273433, "max_depth": 9.0, "num_boost_round": 47.0}, "datetime": {"datetime": "2024-01-19 00:42:15", "elapsed": 1828.474281, "delta": 0.002739}}
{"target": -17.674503574900843, "params": {"gamma": 444.15641900220237, "log10_alpha": 0.7293695141367627, "log10_colsample_bytree": -0.43526155573868053, "log10_eta": -2.838116973300587, "log10_lambda": -4.92284043342364, "log10_min_child_weight": 1.7476848134461842, "log10_subsample": -0.8461002505273433, "max_depth": 9.0, "num_boost_round": 48.0}, "datetime": {"datetime": "2024-01-19 00:42:15", "elapsed": 1828.476994, "delta": 0.002713}}
{"target": -17.67449284732916, "params": {"gamma": 444.15641900220237, "log10_alpha": 0.7293695141367627, "log10_colsample_bytree": -0.43526155573868053, "log10_eta": -2.838116973300587, "log10_lambda": -4.92284043342364, "log10_min_child_weight": 1.7476848134461842, "log10_subsample": -0.8461002505273433, "max_depth": 9.0, "num_boost_round": 49.0}, "datetime": {"datetime": "2024-01-19 00:42:15", "elapsed": 1828.479817, "delta": 0.002823}}
{"target": -17.674286702532967, "params": {"gamma": 444.15641900220237, "log10_alpha": 0.7293695141367627, "log10_colsample_bytree": -0.43526155573868053, "log10_eta": -2.838116973300587, "log10_lambda": -4.92284043342364, "log10_min_child_weight": 1.7476848134461842, "log10_subsample": -0.8461002505273433, "max_depth": 9.0, "num_boost_round": 50.0}, "datetime": {"datetime": "2024-01-19 00:42:15", "elapsed": 1828.482618, "delta": 0.002801}}
{"target": -17.67699674075, "params": {"gamma": 418.19783577704084, "log10_alpha": -1.9433675807904494, "log10_colsample_bytree": -0.35481903548971294, "log10_eta": -2.346261050558838, "log10_lambda": -1.718967286663652, "log10_min_child_weight": 1.992176868823055, "log10_subsample": -0.01828026238849645, "max_depth": 3.0, "num_boost_round": 0.0}, "datetime": {"datetime": "2024-01-19 00:42:54", "elapsed": 1867.554357, "delta": 39.071739}}
{"target": -17.676796746629257, "params": {"gamma": 418.19783577704084, "log10_alpha": -1.9433675807904494, "log10_colsample_bytree": -0.35481903548971294, "log10_eta": -2.346261050558838, "log10_lambda": -1.718967286663652, "log10_min_child_weight": 1.992176868823055, "log10_subsample": -0.01828026238849645, "max_depth": 3.0, "num_boost_round": 1.0}, "datetime": {"datetime": "2024-01-19 00:42:54", "elapsed": 1867.558578, "delta": 0.004221}}
{"target": -17.676631477144813, "params": {"gamma": 418.19783577704084, "log10_alpha": -1.9433675807904494, "log10_colsample_bytree": -0.35481903548971294, "log10_eta": -2.346261050558838, "log10_lambda": -1.718967286663652, "log10_min_child_weight": 1.992176868823055, "log10_subsample": -0.01828026238849645, "max_depth": 3.0, "num_boost_round": 2.0}, "datetime": {"datetime": "2024-01-19 00:42:54", "elapsed": 1867.562106, "delta": 0.003528}}
{"target": -17.676524105519917, "params": {"gamma": 418.19783577704084, "log10_alpha": -1.9433675807904494, "log10_colsample_bytree": -0.35481903548971294, "log10_eta": -2.346261050558838, "log10_lambda": -1.718967286663652, "log10_min_child_weight": 1.992176868823055, "log10_subsample": -0.01828026238849645, "max_depth": 3.0, "num_boost_round": 3.0}, "datetime": {"datetime": "2024-01-19 00:42:54", "elapsed": 1867.565301, "delta": 0.003195}}
{"target": -17.67646724787231, "params": {"gamma": 418.19783577704084, "log10_alpha": -1.9433675807904494, "log10_colsample_bytree": -0.35481903548971294, "log10_eta": -2.346261050558838, "log10_lambda": -1.718967286663652, "log10_min_child_weight": 1.992176868823055, "log10_subsample": -0.01828026238849645, "max_depth": 3.0, "num_boost_round": 4.0}, "datetime": {"datetime": "2024-01-19 00:42:54", "elapsed": 1867.568315, "delta": 0.003014}}
{"target": -17.676394221710616, "params": {"gamma": 418.19783577704084, "log10_alpha": -1.9433675807904494, "log10_colsample_bytree": -0.35481903548971294, "log10_eta": -2.346261050558838, "log10_lambda": -1.718967286663652, "log10_min_child_weight": 1.992176868823055, "log10_subsample": -0.01828026238849645, "max_depth": 3.0, "num_boost_round": 5.0}, "datetime": {"datetime": "2024-01-19 00:42:54", "elapsed": 1867.571448, "delta": 0.003133}}
{"target": -17.676245173881703, "params": {"gamma": 418.19783577704084, "log10_alpha": -1.9433675807904494, "log10_colsample_bytree": -0.35481903548971294, "log10_eta": -2.346261050558838, "log10_lambda": -1.718967286663652, "log10_min_child_weight": 1.992176868823055, "log10_subsample": -0.01828026238849645, "max_depth": 3.0, "num_boost_round": 6.0}, "datetime": {"datetime": "2024-01-19 00:42:54", "elapsed": 1867.57453, "delta": 0.003082}}
{"target": -17.676112412168585, "params": {"gamma": 418.19783577704084, "log10_alpha": -1.9433675807904494, "log10_colsample_bytree": -0.35481903548971294, "log10_eta": -2.346261050558838, "log10_lambda": -1.718967286663652, "log10_min_child_weight": 1.992176868823055, "log10_subsample": -0.01828026238849645, "max_depth": 3.0, "num_boost_round": 7.0}, "datetime": {"datetime": "2024-01-19 00:42:54", "elapsed": 1867.577514, "delta": 0.002984}}
{"target": -17.676026031835764, "params": {"gamma": 418.19783577704084, "log10_alpha": -1.9433675807904494, "log10_colsample_bytree": -0.35481903548971294, "log10_eta": -2.346261050558838, "log10_lambda": -1.718967286663652, "log10_min_child_weight": 1.992176868823055, "log10_subsample": -0.01828026238849645, "max_depth": 3.0, "num_boost_round": 8.0}, "datetime": {"datetime": "2024-01-19 00:42:54", "elapsed": 1867.580512, "delta": 0.002998}}
{"target": -17.675981540888397, "params": {"gamma": 418.19783577704084, "log10_alpha": -1.9433675807904494, "log10_colsample_bytree": -0.35481903548971294, "log10_eta": -2.346261050558838, "log10_lambda": -1.718967286663652, "log10_min_child_weight": 1.992176868823055, "log10_subsample": -0.01828026238849645, "max_depth": 3.0, "num_boost_round": 9.0}, "datetime": {"datetime": "2024-01-19 00:42:54", "elapsed": 1867.583486, "delta": 0.002974}}
{"target": -17.675870163735684, "params": {"gamma": 418.19783577704084, "log10_alpha": -1.9433675807904494, "log10_colsample_bytree": -0.35481903548971294, "log10_eta": -2.346261050558838, "log10_lambda": -1.718967286663652, "log10_min_child_weight": 1.992176868823055, "log10_subsample": -0.01828026238849645, "max_depth": 3.0, "num_boost_round": 10.0}, "datetime": {"datetime": "2024-01-19 00:42:54", "elapsed": 1867.58653, "delta": 0.003044}}
{"target": -17.675670497256995, "params": {"gamma": 418.19783577704084, "log10_alpha": -1.9433675807904494, "log10_colsample_bytree": -0.35481903548971294, "log10_eta": -2.346261050558838, "log10_lambda": -1.718967286663652, "log10_min_child_weight": 1.992176868823055, "log10_subsample": -0.01828026238849645, "max_depth": 3.0, "num_boost_round": 11.0}, "datetime": {"datetime": "2024-01-19 00:42:54", "elapsed": 1867.589651, "delta": 0.003121}}
{"target": -17.67554212604008, "params": {"gamma": 418.19783577704084, "log10_alpha": -1.9433675807904494, "log10_colsample_bytree": -0.35481903548971294, "log10_eta": -2.346261050558838, "log10_lambda": -1.718967286663652, "log10_min_child_weight": 1.992176868823055, "log10_subsample": -0.01828026238849645, "max_depth": 3.0, "num_boost_round": 12.0}, "datetime": {"datetime": "2024-01-19 00:42:54", "elapsed": 1867.592722, "delta": 0.003071}}
{"target": -17.675430192174918, "params": {"gamma": 418.19783577704084, "log10_alpha": -1.9433675807904494, "log10_colsample_bytree": -0.35481903548971294, "log10_eta": -2.346261050558838, "log10_lambda": -1.718967286663652, "log10_min_child_weight": 1.992176868823055, "log10_subsample": -0.01828026238849645, "max_depth": 3.0, "num_boost_round": 13.0}, "datetime": {"datetime": "2024-01-19 00:42:54", "elapsed": 1867.595715, "delta": 0.002993}}
{"target": -17.675376694854137, "params": {"gamma": 418.19783577704084, "log10_alpha": -1.9433675807904494, "log10_colsample_bytree": -0.35481903548971294, "log10_eta": -2.346261050558838, "log10_lambda": -1.718967286663652, "log10_min_child_weight": 1.992176868823055, "log10_subsample": -0.01828026238849645, "max_depth": 3.0, "num_boost_round": 14.0}, "datetime": {"datetime": "2024-01-19 00:42:54", "elapsed": 1867.598675, "delta": 0.00296}}
{"target": -17.67519639876484, "params": {"gamma": 418.19783577704084, "log10_alpha": -1.9433675807904494, "log10_colsample_bytree": -0.35481903548971294, "log10_eta": -2.346261050558838, "log10_lambda": -1.718967286663652, "log10_min_child_weight": 1.992176868823055, "log10_subsample": -0.01828026238849645, "max_depth": 3.0, "num_boost_round": 15.0}, "datetime": {"datetime": "2024-01-19 00:42:54", "elapsed": 1867.601654, "delta": 0.002979}}
{"target": -17.675082271193556, "params": {"gamma": 418.19783577704084, "log10_alpha": -1.9433675807904494, "log10_colsample_bytree": -0.35481903548971294, "log10_eta": -2.346261050558838, "log10_lambda": -1.718967286663652, "log10_min_child_weight": 1.992176868823055, "log10_subsample": -0.01828026238849645, "max_depth": 3.0, "num_boost_round": 16.0}, "datetime": {"datetime": "2024-01-19 00:42:54", "elapsed": 1867.604597, "delta": 0.002943}}
{"target": -17.675009879935658, "params": {"gamma": 418.19783577704084, "log10_alpha": -1.9433675807904494, "log10_colsample_bytree": -0.35481903548971294, "log10_eta": -2.346261050558838, "log10_lambda": -1.718967286663652, "log10_min_child_weight": 1.992176868823055, "log10_subsample": -0.01828026238849645, "max_depth": 3.0, "num_boost_round": 17.0}, "datetime": {"datetime": "2024-01-19 00:42:54", "elapsed": 1867.60761, "delta": 0.003013}}
{"target": -17.674954599817408, "params": {"gamma": 418.19783577704084, "log10_alpha": -1.9433675807904494, "log10_colsample_bytree": -0.35481903548971294, "log10_eta": -2.346261050558838, "log10_lambda": -1.718967286663652, "log10_min_child_weight": 1.992176868823055, "log10_subsample": -0.01828026238849645, "max_depth": 3.0, "num_boost_round": 18.0}, "datetime": {"datetime": "2024-01-19 00:42:54", "elapsed": 1867.610579, "delta": 0.002969}}
{"target": -17.674775706309294, "params": {"gamma": 418.19783577704084, "log10_alpha": -1.9433675807904494, "log10_colsample_bytree": -0.35481903548971294, "log10_eta": -2.346261050558838, "log10_lambda": -1.718967286663652, "log10_min_child_weight": 1.992176868823055, "log10_subsample": -0.01828026238849645, "max_depth": 3.0, "num_boost_round": 19.0}, "datetime": {"datetime": "2024-01-19 00:42:54", "elapsed": 1867.613512, "delta": 0.002933}}
{"target": -17.674635886116093, "params": {"gamma": 418.19783577704084, "log10_alpha": -1.9433675807904494, "log10_colsample_bytree": -0.35481903548971294, "log10_eta": -2.346261050558838, "log10_lambda": -1.718967286663652, "log10_min_child_weight": 1.992176868823055, "log10_subsample": -0.01828026238849645, "max_depth": 3.0, "num_boost_round": 20.0}, "datetime": {"datetime": "2024-01-19 00:42:54", "elapsed": 1867.616514, "delta": 0.003002}}
{"target": -17.674524286791566, "params": {"gamma": 418.19783577704084, "log10_alpha": -1.9433675807904494, "log10_colsample_bytree": -0.35481903548971294, "log10_eta": -2.346261050558838, "log10_lambda": -1.718967286663652, "log10_min_child_weight": 1.992176868823055, "log10_subsample": -0.01828026238849645, "max_depth": 3.0, "num_boost_round": 21.0}, "datetime": {"datetime": "2024-01-19 00:42:54", "elapsed": 1867.619459, "delta": 0.002945}}
{"target": -17.67424653447922, "params": {"gamma": 418.19783577704084, "log10_alpha": -1.9433675807904494, "log10_colsample_bytree": -0.35481903548971294, "log10_eta": -2.346261050558838, "log10_lambda": -1.718967286663652, "log10_min_child_weight": 1.992176868823055, "log10_subsample": -0.01828026238849645, "max_depth": 3.0, "num_boost_round": 22.0}, "datetime": {"datetime": "2024-01-19 00:42:54", "elapsed": 1867.62242, "delta": 0.002961}}
{"target": -17.674125866471503, "params": {"gamma": 418.19783577704084, "log10_alpha": -1.9433675807904494, "log10_colsample_bytree": -0.35481903548971294, "log10_eta": -2.346261050558838, "log10_lambda": -1.718967286663652, "log10_min_child_weight": 1.992176868823055, "log10_subsample": -0.01828026238849645, "max_depth": 3.0, "num_boost_round": 23.0}, "datetime": {"datetime": "2024-01-19 00:42:54", "elapsed": 1867.625355, "delta": 0.002935}}
{"target": -17.674130276831512, "params": {"gamma": 418.19783577704084, "log10_alpha": -1.9433675807904494, "log10_colsample_bytree": -0.35481903548971294, "log10_eta": -2.346261050558838, "log10_lambda": -1.718967286663652, "log10_min_child_weight": 1.992176868823055, "log10_subsample": -0.01828026238849645, "max_depth": 3.0, "num_boost_round": 24.0}, "datetime": {"datetime": "2024-01-19 00:42:54", "elapsed": 1867.628434, "delta": 0.003079}}
