{"target": -17.676886930887633, "params": {"gamma": 438.98386765777485, "log10_alpha": 0.6403719591396282, "log10_colsample_bytree": -0.057145936173281786, "log10_eta": -3.3638608043839575, "log10_lambda": -4.576153250805531, "log10_min_child_weight": 2.8913244693597004, "log10_subsample": -0.6548784696493398, "max_depth": 6.0, "num_boost_round": 40.0}, "datetime": {"datetime": "2024-01-19 00:51:26", "elapsed": 2378.943212, "delta": 0.003326}}
{"target": -17.676877293836416, "params": {"gamma": 438.98386765777485, "log10_alpha": 0.6403719591396282, "log10_colsample_bytree": -0.057145936173281786, "log10_eta": -3.3638608043839575, "log10_lambda": -4.576153250805531, "log10_min_child_weight": 2.8913244693597004, "log10_subsample": -0.6548784696493398, "max_depth": 6.0, "num_boost_round": 41.0}, "datetime": {"datetime": "2024-01-19 00:51:26", "elapsed": 2378.946493, "delta": 0.003281}}
{"target": -17.676858067141215, "params": {"gamma": 438.98386765777485, "log10_alpha": 0.6403719591396282, "log10_colsample_bytree": -0.057145936173281786, "log10_eta": -3.3638608043839575, "log10_lambda": -4.576153250805531, "log10_min_child_weight": 2.8913244693597004, "log10_subsample": -0.6548784696493398, "max_depth": 6.0, "num_boost_round": 42.0}, "datetime": {"datetime": "2024-01-19 00:51:26", "elapsed": 2378.949818, "delta": 0.003325}}
{"target": -17.67683160395242, "params": {"gamma": 438.98386765777485, "log10_alpha": 0.6403719591396282, "log10_colsample_bytree": -0.057145936173281786, "log10_eta": -3.3638608043839575, "log10_lambda": -4.576153250805531, "log10_min_child_weight": 2.8913244693597004, "log10_subsample": -0.6548784696493398, "max_depth": 6.0, "num_boost_round": 43.0}, "datetime": {"datetime": "2024-01-19 00:51:26", "elapsed": 2378.953312, "delta": 0.003494}}
{"target": -17.676823538417846, "params": {"gamma": 438.98386765777485, "log10_alpha": 0.6403719591396282, "log10_colsample_bytree": -0.057145936173281786, "log10_eta": -3.3638608043839575, "log10_lambda": -4.576153250805531, "log10_min_child_weight": 2.8913244693597004, "log10_subsample": -0.6548784696493398, "max_depth": 6.0, "num_boost_round": 44.0}, "datetime": {"datetime": "2024-01-19 00:51:26", "elapsed": 2378.956677, "delta": 0.003365}}
{"target": -17.67681166789328, "params": {"gamma": 438.98386765777485, "log10_alpha": 0.6403719591396282, "log10_colsample_bytree": -0.057145936173281786, "log10_eta": -3.3638608043839575, "log10_lambda": -4.576153250805531, "log10_min_child_weight": 2.8913244693597004, "log10_subsample": -0.6548784696493398, "max_depth": 6.0, "num_boost_round": 45.0}, "datetime": {"datetime": "2024-01-19 00:51:26", "elapsed": 2378.95997, "delta": 0.003293}}
{"target": -17.676808824997636, "params": {"gamma": 438.98386765777485, "log10_alpha": 0.6403719591396282, "log10_colsample_bytree": -0.057145936173281786, "log10_eta": -3.3638608043839575, "log10_lambda": -4.576153250805531, "log10_min_child_weight": 2.8913244693597004, "log10_subsample": -0.6548784696493398, "max_depth": 6.0, "num_boost_round": 46.0}, "datetime": {"datetime": "2024-01-19 00:51:26", "elapsed": 2378.963324, "delta": 0.003354}}
{"target": -17.676783903619302, "params": {"gamma": 438.98386765777485, "log10_alpha": 0.6403719591396282, "log10_colsample_bytree": -0.057145936173281786, "log10_eta": -3.3638608043839575, "log10_lambda": -4.576153250805531, "log10_min_child_weight": 2.8913244693597004, "log10_subsample": -0.6548784696493398, "max_depth": 6.0, "num_boost_round": 47.0}, "datetime": {"datetime": "2024-01-19 00:51:26", "elapsed": 2378.966625, "delta": 0.003301}}
{"target": -17.676773929206274, "params": {"gamma": 438.98386765777485, "log10_alpha": 0.6403719591396282, "log10_colsample_bytree": -0.057145936173281786, "log10_eta": -3.3638608043839575, "log10_lambda": -4.576153250805531, "log10_min_child_weight": 2.8913244693597004, "log10_subsample": -0.6548784696493398, "max_depth": 6.0, "num_boost_round": 48.0}, "datetime": {"datetime": "2024-01-19 00:51:26", "elapsed": 2378.970033, "delta": 0.003408}}
{"target": -17.676771507273063, "params": {"gamma": 438.98386765777485, "log10_alpha": 0.6403719591396282, "log10_colsample_bytree": -0.057145936173281786, "log10_eta": -3.3638608043839575, "log10_lambda": -4.576153250805531, "log10_min_child_weight": 2.8913244693597004, "log10_subsample": -0.6548784696493398, "max_depth": 6.0, "num_boost_round": 49.0}, "datetime": {"datetime": "2024-01-19 00:51:26", "elapsed": 2378.973411, "delta": 0.003378}}
{"target": -17.676761614109548, "params": {"gamma": 438.98386765777485, "log10_alpha": 0.6403719591396282, "log10_colsample_bytree": -0.057145936173281786, "log10_eta": -3.3638608043839575, "log10_lambda": -4.576153250805531, "log10_min_child_weight": 2.8913244693597004, "log10_subsample": -0.6548784696493398, "max_depth": 6.0, "num_boost_round": 50.0}, "datetime": {"datetime": "2024-01-19 00:51:26", "elapsed": 2378.976715, "delta": 0.003304}}
{"target": -17.67675997551802, "params": {"gamma": 438.98386765777485, "log10_alpha": 0.6403719591396282, "log10_colsample_bytree": -0.057145936173281786, "log10_eta": -3.3638608043839575, "log10_lambda": -4.576153250805531, "log10_min_child_weight": 2.8913244693597004, "log10_subsample": -0.6548784696493398, "max_depth": 6.0, "num_boost_round": 51.0}, "datetime": {"datetime": "2024-01-19 00:51:26", "elapsed": 2378.980123, "delta": 0.003408}}
{"target": -17.67674964269984, "params": {"gamma": 438.98386765777485, "log10_alpha": 0.6403719591396282, "log10_colsample_bytree": -0.057145936173281786, "log10_eta": -3.3638608043839575, "log10_lambda": -4.576153250805531, "log10_min_child_weight": 2.8913244693597004, "log10_subsample": -0.6548784696493398, "max_depth": 6.0, "num_boost_round": 52.0}, "datetime": {"datetime": "2024-01-19 00:51:26", "elapsed": 2378.983499, "delta": 0.003376}}
{"target": -17.676762309948888, "params": {"gamma": 438.98386765777485, "log10_alpha": 0.6403719591396282, "log10_colsample_bytree": -0.057145936173281786, "log10_eta": -3.3638608043839575, "log10_lambda": -4.576153250805531, "log10_min_child_weight": 2.8913244693597004, "log10_subsample": -0.6548784696493398, "max_depth": 6.0, "num_boost_round": 53.0}, "datetime": {"datetime": "2024-01-19 00:51:26", "elapsed": 2378.986797, "delta": 0.003298}}
{"target": -17.67674744956299, "params": {"gamma": 438.98386765777485, "log10_alpha": 0.6403719591396282, "log10_colsample_bytree": -0.057145936173281786, "log10_eta": -3.3638608043839575, "log10_lambda": -4.576153250805531, "log10_min_child_weight": 2.8913244693597004, "log10_subsample": -0.6548784696493398, "max_depth": 6.0, "num_boost_round": 54.0}, "datetime": {"datetime": "2024-01-19 00:51:26", "elapsed": 2378.990168, "delta": 0.003371}}
{"target": -17.67674051217584, "params": {"gamma": 438.98386765777485, "log10_alpha": 0.6403719591396282, "log10_colsample_bytree": -0.057145936173281786, "log10_eta": -3.3638608043839575, "log10_lambda": -4.576153250805531, "log10_min_child_weight": 2.8913244693597004, "log10_subsample": -0.6548784696493398, "max_depth": 6.0, "num_boost_round": 55.0}, "datetime": {"datetime": "2024-01-19 00:51:26", "elapsed": 2378.993471, "delta": 0.003303}}
{"target": -17.67672403883163, "params": {"gamma": 438.98386765777485, "log10_alpha": 0.6403719591396282, "log10_colsample_bytree": -0.057145936173281786, "log10_eta": -3.3638608043839575, "log10_lambda": -4.576153250805531, "log10_min_child_weight": 2.8913244693597004, "log10_subsample": -0.6548784696493398, "max_depth": 6.0, "num_boost_round": 56.0}, "datetime": {"datetime": "2024-01-19 00:51:26", "elapsed": 2378.996785, "delta": 0.003314}}
{"target": -17.676708740132334, "params": {"gamma": 438.98386765777485, "log10_alpha": 0.6403719591396282, "log10_colsample_bytree": -0.057145936173281786, "log10_eta": -3.3638608043839575, "log10_lambda": -4.576153250805531, "log10_min_child_weight": 2.8913244693597004, "log10_subsample": -0.6548784696493398, "max_depth": 6.0, "num_boost_round": 57.0}, "datetime": {"datetime": "2024-01-19 00:51:26", "elapsed": 2379.000068, "delta": 0.003283}}
{"target": -17.676696209421017, "params": {"gamma": 438.98386765777485, "log10_alpha": 0.6403719591396282, "log10_colsample_bytree": -0.057145936173281786, "log10_eta": -3.3638608043839575, "log10_lambda": -4.576153250805531, "log10_min_child_weight": 2.8913244693597004, "log10_subsample": -0.6548784696493398, "max_depth": 6.0, "num_boost_round": 58.0}, "datetime": {"datetime": "2024-01-19 00:51:26", "elapsed": 2379.00348, "delta": 0.003412}}
{"target": -17.676696296368675, "params": {"gamma": 438.98386765777485, "log10_alpha": 0.6403719591396282, "log10_colsample_bytree": -0.057145936173281786, "log10_eta": -3.3638608043839575, "log10_lambda": -4.576153250805531, "log10_min_child_weight": 2.8913244693597004, "log10_subsample": -0.6548784696493398, "max_depth": 6.0, "num_boost_round": 59.0}, "datetime": {"datetime": "2024-01-19 00:51:26", "elapsed": 2379.006966, "delta": 0.003486}}
{"target": -17.676671430247477, "params": {"gamma": 438.98386765777485, "log10_alpha": 0.6403719591396282, "log10_colsample_bytree": -0.057145936173281786, "log10_eta": -3.3638608043839575, "log10_lambda": -4.576153250805531, "log10_min_child_weight": 2.8913244693597004, "log10_subsample": -0.6548784696493398, "max_depth": 6.0, "num_boost_round": 60.0}, "datetime": {"datetime": "2024-01-19 00:51:26", "elapsed": 2379.010315, "delta": 0.003349}}
{"target": -17.676668580465126, "params": {"gamma": 438.98386765777485, "log10_alpha": 0.6403719591396282, "log10_colsample_bytree": -0.057145936173281786, "log10_eta": -3.3638608043839575, "log10_lambda": -4.576153250805531, "log10_min_child_weight": 2.8913244693597004, "log10_subsample": -0.6548784696493398, "max_depth": 6.0, "num_boost_round": 61.0}, "datetime": {"datetime": "2024-01-19 00:51:26", "elapsed": 2379.013629, "delta": 0.003314}}
{"target": -17.676646604509813, "params": {"gamma": 438.98386765777485, "log10_alpha": 0.6403719591396282, "log10_colsample_bytree": -0.057145936173281786, "log10_eta": -3.3638608043839575, "log10_lambda": -4.576153250805531, "log10_min_child_weight": 2.8913244693597004, "log10_subsample": -0.6548784696493398, "max_depth": 6.0, "num_boost_round": 62.0}, "datetime": {"datetime": "2024-01-19 00:51:26", "elapsed": 2379.016936, "delta": 0.003307}}
{"target": -17.676646341228412, "params": {"gamma": 438.98386765777485, "log10_alpha": 0.6403719591396282, "log10_colsample_bytree": -0.057145936173281786, "log10_eta": -3.3638608043839575, "log10_lambda": -4.576153250805531, "log10_min_child_weight": 2.8913244693597004, "log10_subsample": -0.6548784696493398, "max_depth": 6.0, "num_boost_round": 63.0}, "datetime": {"datetime": "2024-01-19 00:51:26", "elapsed": 2379.020239, "delta": 0.003303}}
{"target": -17.676636918534918, "params": {"gamma": 438.98386765777485, "log10_alpha": 0.6403719591396282, "log10_colsample_bytree": -0.057145936173281786, "log10_eta": -3.3638608043839575, "log10_lambda": -4.576153250805531, "log10_min_child_weight": 2.8913244693597004, "log10_subsample": -0.6548784696493398, "max_depth": 6.0, "num_boost_round": 64.0}, "datetime": {"datetime": "2024-01-19 00:51:26", "elapsed": 2379.023573, "delta": 0.003334}}
{"target": -17.676631156632507, "params": {"gamma": 438.98386765777485, "log10_alpha": 0.6403719591396282, "log10_colsample_bytree": -0.057145936173281786, "log10_eta": -3.3638608043839575, "log10_lambda": -4.576153250805531, "log10_min_child_weight": 2.8913244693597004, "log10_subsample": -0.6548784696493398, "max_depth": 6.0, "num_boost_round": 65.0}, "datetime": {"datetime": "2024-01-19 00:51:26", "elapsed": 2379.026984, "delta": 0.003411}}
{"target": -17.676613363939204, "params": {"gamma": 438.98386765777485, "log10_alpha": 0.6403719591396282, "log10_colsample_bytree": -0.057145936173281786, "log10_eta": -3.3638608043839575, "log10_lambda": -4.576153250805531, "log10_min_child_weight": 2.8913244693597004, "log10_subsample": -0.6548784696493398, "max_depth": 6.0, "num_boost_round": 66.0}, "datetime": {"datetime": "2024-01-19 00:51:26", "elapsed": 2379.030325, "delta": 0.003341}}
{"target": -17.676609001781888, "params": {"gamma": 438.98386765777485, "log10_alpha": 0.6403719591396282, "log10_colsample_bytree": -0.057145936173281786, "log10_eta": -3.3638608043839575, "log10_lambda": -4.576153250805531, "log10_min_child_weight": 2.8913244693597004, "log10_subsample": -0.6548784696493398, "max_depth": 6.0, "num_boost_round": 67.0}, "datetime": {"datetime": "2024-01-19 00:51:26", "elapsed": 2379.033598, "delta": 0.003273}}
{"target": -17.6765901076831, "params": {"gamma": 438.98386765777485, "log10_alpha": 0.6403719591396282, "log10_colsample_bytree": -0.057145936173281786, "log10_eta": -3.3638608043839575, "log10_lambda": -4.576153250805531, "log10_min_child_weight": 2.8913244693597004, "log10_subsample": -0.6548784696493398, "max_depth": 6.0, "num_boost_round": 68.0}, "datetime": {"datetime": "2024-01-19 00:51:26", "elapsed": 2379.03688, "delta": 0.003282}}
{"target": -17.677162851104043, "params": {"gamma": 453.9713972306112, "log10_alpha": 0.6079633598861705, "log10_colsample_bytree": -0.8471698107768169, "log10_eta": -2.2073235194421588, "log10_lambda": -0.2049626571933647, "log10_min_child_weight": 4.663491447737523, "log10_subsample": -0.7970867075524842, "max_depth": 3.0, "num_boost_round": 0.0}, "datetime": {"datetime": "2024-01-19 00:52:13", "elapsed": 2425.871358, "delta": 46.834478}}
{"target": -17.677108406752502, "params": {"gamma": 453.9713972306112, "log10_alpha": 0.6079633598861705, "log10_colsample_bytree": -0.8471698107768169, "log10_eta": -2.2073235194421588, "log10_lambda": -0.2049626571933647, "log10_min_child_weight": 4.663491447737523, "log10_subsample": -0.7970867075524842, "max_depth": 3.0, "num_boost_round": 1.0}, "datetime": {"datetime": "2024-01-19 00:52:13", "elapsed": 2425.875297, "delta": 0.003939}}
{"target": -17.677088129950615, "params": {"gamma": 453.9713972306112, "log10_alpha": 0.6079633598861705, "log10_colsample_bytree": -0.8471698107768169, "log10_eta": -2.2073235194421588, "log10_lambda": -0.2049626571933647, "log10_min_child_weight": 4.663491447737523, "log10_subsample": -0.7970867075524842, "max_depth": 3.0, "num_boost_round": 2.0}, "datetime": {"datetime": "2024-01-19 00:52:13", "elapsed": 2425.878624, "delta": 0.003327}}
{"target": -17.677011015527732, "params": {"gamma": 453.9713972306112, "log10_alpha": 0.6079633598861705, "log10_colsample_bytree": -0.8471698107768169, "log10_eta": -2.2073235194421588, "log10_lambda": -0.2049626571933647, "log10_min_child_weight": 4.663491447737523, "log10_subsample": -0.7970867075524842, "max_depth": 3.0, "num_boost_round": 3.0}, "datetime": {"datetime": "2024-01-19 00:52:13", "elapsed": 2425.88199, "delta": 0.003366}}
{"target": -17.67699952388374, "params": {"gamma": 453.9713972306112, "log10_alpha": 0.6079633598861705, "log10_colsample_bytree": -0.8471698107768169, "log10_eta": -2.2073235194421588, "log10_lambda": -0.2049626571933647, "log10_min_child_weight": 4.663491447737523, "log10_subsample": -0.7970867075524842, "max_depth": 3.0, "num_boost_round": 4.0}, "datetime": {"datetime": "2024-01-19 00:52:13", "elapsed": 2425.88533, "delta": 0.00334}}
{"target": -17.6770081171107, "params": {"gamma": 453.9713972306112, "log10_alpha": 0.6079633598861705, "log10_colsample_bytree": -0.8471698107768169, "log10_eta": -2.2073235194421588, "log10_lambda": -0.2049626571933647, "log10_min_child_weight": 4.663491447737523, "log10_subsample": -0.7970867075524842, "max_depth": 3.0, "num_boost_round": 5.0}, "datetime": {"datetime": "2024-01-19 00:52:13", "elapsed": 2425.888624, "delta": 0.003294}}
{"target": -17.676958148268938, "params": {"gamma": 453.9713972306112, "log10_alpha": 0.6079633598861705, "log10_colsample_bytree": -0.8471698107768169, "log10_eta": -2.2073235194421588, "log10_lambda": -0.2049626571933647, "log10_min_child_weight": 4.663491447737523, "log10_subsample": -0.7970867075524842, "max_depth": 3.0, "num_boost_round": 6.0}, "datetime": {"datetime": "2024-01-19 00:52:13", "elapsed": 2425.891972, "delta": 0.003348}}
{"target": -17.67692829058044, "params": {"gamma": 453.9713972306112, "log10_alpha": 0.6079633598861705, "log10_colsample_bytree": -0.8471698107768169, "log10_eta": -2.2073235194421588, "log10_lambda": -0.2049626571933647, "log10_min_child_weight": 4.663491447737523, "log10_subsample": -0.7970867075524842, "max_depth": 3.0, "num_boost_round": 7.0}, "datetime": {"datetime": "2024-01-19 00:52:13", "elapsed": 2425.895221, "delta": 0.003249}}
{"target": -17.676856993856397, "params": {"gamma": 453.9713972306112, "log10_alpha": 0.6079633598861705, "log10_colsample_bytree": -0.8471698107768169, "log10_eta": -2.2073235194421588, "log10_lambda": -0.2049626571933647, "log10_min_child_weight": 4.663491447737523, "log10_subsample": -0.7970867075524842, "max_depth": 3.0, "num_boost_round": 8.0}, "datetime": {"datetime": "2024-01-19 00:52:13", "elapsed": 2425.89852, "delta": 0.003299}}
{"target": -17.676868572778083, "params": {"gamma": 453.9713972306112, "log10_alpha": 0.6079633598861705, "log10_colsample_bytree": -0.8471698107768169, "log10_eta": -2.2073235194421588, "log10_lambda": -0.2049626571933647, "log10_min_child_weight": 4.663491447737523, "log10_subsample": -0.7970867075524842, "max_depth": 3.0, "num_boost_round": 9.0}, "datetime": {"datetime": "2024-01-19 00:52:13", "elapsed": 2425.90176, "delta": 0.00324}}
{"target": -17.6768406524695, "params": {"gamma": 453.9713972306112, "log10_alpha": 0.6079633598861705, "log10_colsample_bytree": -0.8471698107768169, "log10_eta": -2.2073235194421588, "log10_lambda": -0.2049626571933647, "log10_min_child_weight": 4.663491447737523, "log10_subsample": -0.7970867075524842, "max_depth": 3.0, "num_boost_round": 10.0}, "datetime": {"datetime": "2024-01-19 00:52:13", "elapsed": 2425.905146, "delta": 0.003386}}
{"target": -17.67676787998579, "params": {"gamma": 453.9713972306112, "log10_alpha": 0.6079633598861705, "log10_colsample_bytree": -0.8471698107768169, "log10_eta": -2.2073235194421588, "log10_lambda": -0.2049626571933647, "log10_min_child_weight": 4.663491447737523, "log10_subsample": -0.7970867075524842, "max_depth": 3.0, "num_boost_round": 11.0}, "datetime": {"datetime": "2024-01-19 00:52:13", "elapsed": 2425.908623, "delta": 0.003477}}
{"target": -17.676717192565576, "params": {"gamma": 453.9713972306112, "log10_alpha": 0.6079633598861705, "log10_colsample_bytree": -0.8471698107768169, "log10_eta": -2.2073235194421588, "log10_lambda": -0.2049626571933647, "log10_min_child_weight": 4.663491447737523, "log10_subsample": -0.7970867075524842, "max_depth": 3.0, "num_boost_round": 12.0}, "datetime": {"datetime": "2024-01-19 00:52:13", "elapsed": 2425.912, "delta": 0.003377}}
{"target": -17.676704029921684, "params": {"gamma": 453.9713972306112, "log10_alpha": 0.6079633598861705, "log10_colsample_bytree": -0.8471698107768169, "log10_eta": -2.2073235194421588, "log10_lambda": -0.2049626571933647, "log10_min_child_weight": 4.663491447737523, "log10_subsample": -0.7970867075524842, "max_depth": 3.0, "num_boost_round": 13.0}, "datetime": {"datetime": "2024-01-19 00:52:13", "elapsed": 2425.915246, "delta": 0.003246}}
{"target": -17.67723296417803, "params": {"gamma": 430.8949855972248, "log10_alpha": -5.0, "log10_colsample_bytree": -1.0, "log10_eta": -4.0, "log10_lambda": -2.4698301854851987, "log10_min_child_weight": 5.0, "log10_subsample": -1.0, "max_depth": 7.0, "num_boost_round": 0.0}, "datetime": {"datetime": "2024-01-19 00:52:59", "elapsed": 2472.238926, "delta": 46.32368}}
{"target": -17.677232947223374, "params": {"gamma": 430.8949855972248, "log10_alpha": -5.0, "log10_colsample_bytree": -1.0, "log10_eta": -4.0, "log10_lambda": -2.4698301854851987, "log10_min_child_weight": 5.0, "log10_subsample": -1.0, "max_depth": 7.0, "num_boost_round": 1.0}, "datetime": {"datetime": "2024-01-19 00:52:59", "elapsed": 2472.243036, "delta": 0.00411}}
{"target": -17.67723297047177, "params": {"gamma": 430.8949855972248, "log10_alpha": -5.0, "log10_colsample_bytree": -1.0, "log10_eta": -4.0, "log10_lambda": -2.4698301854851987, "log10_min_child_weight": 5.0, "log10_subsample": -1.0, "max_depth": 7.0, "num_boost_round": 2.0}, "datetime": {"datetime": "2024-01-19 00:52:59", "elapsed": 2472.246289, "delta": 0.003253}}
{"target": -17.677233026153125, "params": {"gamma": 430.8949855972248, "log10_alpha": -5.0, "log10_colsample_bytree": -1.0, "log10_eta": -4.0, "log10_lambda": -2.4698301854851987, "log10_min_child_weight": 5.0, "log10_subsample": -1.0, "max_depth": 7.0, "num_boost_round": 3.0}, "datetime": {"datetime": "2024-01-19 00:52:59", "elapsed": 2472.249626, "delta": 0.003337}}
{"target": -17.677233029345494, "params": {"gamma": 430.8949855972248, "log10_alpha": -5.0, "log10_colsample_bytree": -1.0, "log10_eta": -4.0, "log10_lambda": -2.4698301854851987, "log10_min_child_weight": 5.0, "log10_subsample": -1.0, "max_depth": 7.0, "num_boost_round": 4.0}, "datetime": {"datetime": "2024-01-19 00:52:59", "elapsed": 2472.253062, "delta": 0.003436}}
{"target": -17.677233061099304, "params": {"gamma": 430.8949855972248, "log10_alpha": -5.0, "log10_colsample_bytree": -1.0, "log10_eta": -4.0, "log10_lambda": -2.4698301854851987, "log10_min_child_weight": 5.0, "log10_subsample": -1.0, "max_depth": 7.0, "num_boost_round": 5.0}, "datetime": {"datetime": "2024-01-19 00:52:59", "elapsed": 2472.256396, "delta": 0.003334}}
{"target": -17.677233049723185, "params": {"gamma": 430.8949855972248, "log10_alpha": -5.0, "log10_colsample_bytree": -1.0, "log10_eta": -4.0, "log10_lambda": -2.4698301854851987, "log10_min_child_weight": 5.0, "log10_subsample": -1.0, "max_depth": 7.0, "num_boost_round": 6.0}, "datetime": {"datetime": "2024-01-19 00:52:59", "elapsed": 2472.259556, "delta": 0.00316}}
