{"target": -17.67109591795636, "params": {"gamma": 834.6833697727204, "log10_alpha": -1.0665124357449285, "log10_colsample_bytree": -0.667977252061251, "log10_eta": -1.8167386250532833, "log10_lambda": -2.460105706488921, "log10_min_child_weight": 3.2048419786652955, "log10_subsample": -0.2078849126866784, "max_depth": 7.0, "num_boost_round": 26.0}, "datetime": {"datetime": "2024-01-19 01:14:32", "elapsed": 3756.767181, "delta": 0.00581}}
{"target": -17.677683496359865, "params": {"gamma": 827.6551545393571, "log10_alpha": -2.089129207130217, "log10_colsample_bytree": -0.8914272488772494, "log10_eta": -1.108525443406776, "log10_lambda": -4.26337068011232, "log10_min_child_weight": 1.3621568007223517, "log10_subsample": -0.5663979586973201, "max_depth": 6.0, "num_boost_round": 0.0}, "datetime": {"datetime": "2024-01-19 01:16:14", "elapsed": 3858.801283, "delta": 102.034102}}
{"target": -17.678848976544163, "params": {"gamma": 827.6551545393571, "log10_alpha": -2.089129207130217, "log10_colsample_bytree": -0.8914272488772494, "log10_eta": -1.108525443406776, "log10_lambda": -4.26337068011232, "log10_min_child_weight": 1.3621568007223517, "log10_subsample": -0.5663979586973201, "max_depth": 6.0, "num_boost_round": 1.0}, "datetime": {"datetime": "2024-01-19 01:16:14", "elapsed": 3858.806935, "delta": 0.005652}}
{"target": -17.6783590157511, "params": {"gamma": 827.6551545393571, "log10_alpha": -2.089129207130217, "log10_colsample_bytree": -0.8914272488772494, "log10_eta": -1.108525443406776, "log10_lambda": -4.26337068011232, "log10_min_child_weight": 1.3621568007223517, "log10_subsample": -0.5663979586973201, "max_depth": 6.0, "num_boost_round": 2.0}, "datetime": {"datetime": "2024-01-19 01:16:14", "elapsed": 3858.812286, "delta": 0.005351}}
{"target": -17.67781565219973, "params": {"gamma": 827.6551545393571, "log10_alpha": -2.089129207130217, "log10_colsample_bytree": -0.8914272488772494, "log10_eta": -1.108525443406776, "log10_lambda": -4.26337068011232, "log10_min_child_weight": 1.3621568007223517, "log10_subsample": -0.5663979586973201, "max_depth": 6.0, "num_boost_round": 3.0}, "datetime": {"datetime": "2024-01-19 01:16:14", "elapsed": 3858.817608, "delta": 0.005322}}
{"target": -17.677633690743594, "params": {"gamma": 827.6551545393571, "log10_alpha": -2.089129207130217, "log10_colsample_bytree": -0.8914272488772494, "log10_eta": -1.108525443406776, "log10_lambda": -4.26337068011232, "log10_min_child_weight": 1.3621568007223517, "log10_subsample": -0.5663979586973201, "max_depth": 6.0, "num_boost_round": 4.0}, "datetime": {"datetime": "2024-01-19 01:16:14", "elapsed": 3858.822913, "delta": 0.005305}}
{"target": -17.67906994899395, "params": {"gamma": 827.6551545393571, "log10_alpha": -2.089129207130217, "log10_colsample_bytree": -0.8914272488772494, "log10_eta": -1.108525443406776, "log10_lambda": -4.26337068011232, "log10_min_child_weight": 1.3621568007223517, "log10_subsample": -0.5663979586973201, "max_depth": 6.0, "num_boost_round": 5.0}, "datetime": {"datetime": "2024-01-19 01:16:14", "elapsed": 3858.82845, "delta": 0.005537}}
{"target": -17.682581072446773, "params": {"gamma": 827.6551545393571, "log10_alpha": -2.089129207130217, "log10_colsample_bytree": -0.8914272488772494, "log10_eta": -1.108525443406776, "log10_lambda": -4.26337068011232, "log10_min_child_weight": 1.3621568007223517, "log10_subsample": -0.5663979586973201, "max_depth": 6.0, "num_boost_round": 6.0}, "datetime": {"datetime": "2024-01-19 01:16:14", "elapsed": 3858.833893, "delta": 0.005443}}
{"target": -17.684245003657683, "params": {"gamma": 827.6551545393571, "log10_alpha": -2.089129207130217, "log10_colsample_bytree": -0.8914272488772494, "log10_eta": -1.108525443406776, "log10_lambda": -4.26337068011232, "log10_min_child_weight": 1.3621568007223517, "log10_subsample": -0.5663979586973201, "max_depth": 6.0, "num_boost_round": 7.0}, "datetime": {"datetime": "2024-01-19 01:16:14", "elapsed": 3858.839169, "delta": 0.005276}}
{"target": -17.685395603149484, "params": {"gamma": 827.6551545393571, "log10_alpha": -2.089129207130217, "log10_colsample_bytree": -0.8914272488772494, "log10_eta": -1.108525443406776, "log10_lambda": -4.26337068011232, "log10_min_child_weight": 1.3621568007223517, "log10_subsample": -0.5663979586973201, "max_depth": 6.0, "num_boost_round": 8.0}, "datetime": {"datetime": "2024-01-19 01:16:14", "elapsed": 3858.844618, "delta": 0.005449}}
{"target": -17.684780959378084, "params": {"gamma": 827.6551545393571, "log10_alpha": -2.089129207130217, "log10_colsample_bytree": -0.8914272488772494, "log10_eta": -1.108525443406776, "log10_lambda": -4.26337068011232, "log10_min_child_weight": 1.3621568007223517, "log10_subsample": -0.5663979586973201, "max_depth": 6.0, "num_boost_round": 9.0}, "datetime": {"datetime": "2024-01-19 01:16:14", "elapsed": 3858.854018, "delta": 0.0094}}
{"target": -17.689882468432206, "params": {"gamma": 827.6551545393571, "log10_alpha": -2.089129207130217, "log10_colsample_bytree": -0.8914272488772494, "log10_eta": -1.108525443406776, "log10_lambda": -4.26337068011232, "log10_min_child_weight": 1.3621568007223517, "log10_subsample": -0.5663979586973201, "max_depth": 6.0, "num_boost_round": 10.0}, "datetime": {"datetime": "2024-01-19 01:16:14", "elapsed": 3858.859305, "delta": 0.005287}}
{"target": -17.690234399134212, "params": {"gamma": 827.6551545393571, "log10_alpha": -2.089129207130217, "log10_colsample_bytree": -0.8914272488772494, "log10_eta": -1.108525443406776, "log10_lambda": -4.26337068011232, "log10_min_child_weight": 1.3621568007223517, "log10_subsample": -0.5663979586973201, "max_depth": 6.0, "num_boost_round": 11.0}, "datetime": {"datetime": "2024-01-19 01:16:14", "elapsed": 3858.864609, "delta": 0.005304}}
{"target": -17.690646659009353, "params": {"gamma": 827.6551545393571, "log10_alpha": -2.089129207130217, "log10_colsample_bytree": -0.8914272488772494, "log10_eta": -1.108525443406776, "log10_lambda": -4.26337068011232, "log10_min_child_weight": 1.3621568007223517, "log10_subsample": -0.5663979586973201, "max_depth": 6.0, "num_boost_round": 12.0}, "datetime": {"datetime": "2024-01-19 01:16:14", "elapsed": 3858.869964, "delta": 0.005355}}
{"target": -17.690035694348875, "params": {"gamma": 827.6551545393571, "log10_alpha": -2.089129207130217, "log10_colsample_bytree": -0.8914272488772494, "log10_eta": -1.108525443406776, "log10_lambda": -4.26337068011232, "log10_min_child_weight": 1.3621568007223517, "log10_subsample": -0.5663979586973201, "max_depth": 6.0, "num_boost_round": 13.0}, "datetime": {"datetime": "2024-01-19 01:16:14", "elapsed": 3858.875259, "delta": 0.005295}}
{"target": -17.694207861760926, "params": {"gamma": 827.6551545393571, "log10_alpha": -2.089129207130217, "log10_colsample_bytree": -0.8914272488772494, "log10_eta": -1.108525443406776, "log10_lambda": -4.26337068011232, "log10_min_child_weight": 1.3621568007223517, "log10_subsample": -0.5663979586973201, "max_depth": 6.0, "num_boost_round": 14.0}, "datetime": {"datetime": "2024-01-19 01:16:14", "elapsed": 3858.880613, "delta": 0.005354}}
{"target": -17.69404846668762, "params": {"gamma": 827.6551545393571, "log10_alpha": -2.089129207130217, "log10_colsample_bytree": -0.8914272488772494, "log10_eta": -1.108525443406776, "log10_lambda": -4.26337068011232, "log10_min_child_weight": 1.3621568007223517, "log10_subsample": -0.5663979586973201, "max_depth": 6.0, "num_boost_round": 15.0}, "datetime": {"datetime": "2024-01-19 01:16:14", "elapsed": 3858.88612, "delta": 0.005507}}
{"target": -17.694775613741438, "params": {"gamma": 827.6551545393571, "log10_alpha": -2.089129207130217, "log10_colsample_bytree": -0.8914272488772494, "log10_eta": -1.108525443406776, "log10_lambda": -4.26337068011232, "log10_min_child_weight": 1.3621568007223517, "log10_subsample": -0.5663979586973201, "max_depth": 6.0, "num_boost_round": 16.0}, "datetime": {"datetime": "2024-01-19 01:16:14", "elapsed": 3858.891892, "delta": 0.005772}}
{"target": -17.695072761315416, "params": {"gamma": 827.6551545393571, "log10_alpha": -2.089129207130217, "log10_colsample_bytree": -0.8914272488772494, "log10_eta": -1.108525443406776, "log10_lambda": -4.26337068011232, "log10_min_child_weight": 1.3621568007223517, "log10_subsample": -0.5663979586973201, "max_depth": 6.0, "num_boost_round": 17.0}, "datetime": {"datetime": "2024-01-19 01:16:14", "elapsed": 3858.897351, "delta": 0.005459}}
{"target": -17.696583665436368, "params": {"gamma": 827.6551545393571, "log10_alpha": -2.089129207130217, "log10_colsample_bytree": -0.8914272488772494, "log10_eta": -1.108525443406776, "log10_lambda": -4.26337068011232, "log10_min_child_weight": 1.3621568007223517, "log10_subsample": -0.5663979586973201, "max_depth": 6.0, "num_boost_round": 18.0}, "datetime": {"datetime": "2024-01-19 01:16:14", "elapsed": 3858.902926, "delta": 0.005575}}
{"target": -17.69421990028854, "params": {"gamma": 827.6551545393571, "log10_alpha": -2.089129207130217, "log10_colsample_bytree": -0.8914272488772494, "log10_eta": -1.108525443406776, "log10_lambda": -4.26337068011232, "log10_min_child_weight": 1.3621568007223517, "log10_subsample": -0.5663979586973201, "max_depth": 6.0, "num_boost_round": 19.0}, "datetime": {"datetime": "2024-01-19 01:16:14", "elapsed": 3858.908284, "delta": 0.005358}}
{"target": -17.69559135820035, "params": {"gamma": 827.6551545393571, "log10_alpha": -2.089129207130217, "log10_colsample_bytree": -0.8914272488772494, "log10_eta": -1.108525443406776, "log10_lambda": -4.26337068011232, "log10_min_child_weight": 1.3621568007223517, "log10_subsample": -0.5663979586973201, "max_depth": 6.0, "num_boost_round": 20.0}, "datetime": {"datetime": "2024-01-19 01:16:14", "elapsed": 3858.91369, "delta": 0.005406}}
{"target": -17.69993396856253, "params": {"gamma": 827.6551545393571, "log10_alpha": -2.089129207130217, "log10_colsample_bytree": -0.8914272488772494, "log10_eta": -1.108525443406776, "log10_lambda": -4.26337068011232, "log10_min_child_weight": 1.3621568007223517, "log10_subsample": -0.5663979586973201, "max_depth": 6.0, "num_boost_round": 21.0}, "datetime": {"datetime": "2024-01-19 01:16:14", "elapsed": 3858.919109, "delta": 0.005419}}
{"target": -17.70156686497456, "params": {"gamma": 827.6551545393571, "log10_alpha": -2.089129207130217, "log10_colsample_bytree": -0.8914272488772494, "log10_eta": -1.108525443406776, "log10_lambda": -4.26337068011232, "log10_min_child_weight": 1.3621568007223517, "log10_subsample": -0.5663979586973201, "max_depth": 6.0, "num_boost_round": 22.0}, "datetime": {"datetime": "2024-01-19 01:16:14", "elapsed": 3858.924576, "delta": 0.005467}}
{"target": -17.716615450243253, "params": {"gamma": 827.6551545393571, "log10_alpha": -2.089129207130217, "log10_colsample_bytree": -0.8914272488772494, "log10_eta": -1.108525443406776, "log10_lambda": -4.26337068011232, "log10_min_child_weight": 1.3621568007223517, "log10_subsample": -0.5663979586973201, "max_depth": 6.0, "num_boost_round": 23.0}, "datetime": {"datetime": "2024-01-19 01:16:14", "elapsed": 3858.929967, "delta": 0.005391}}
{"target": -17.720235200175505, "params": {"gamma": 827.6551545393571, "log10_alpha": -2.089129207130217, "log10_colsample_bytree": -0.8914272488772494, "log10_eta": -1.108525443406776, "log10_lambda": -4.26337068011232, "log10_min_child_weight": 1.3621568007223517, "log10_subsample": -0.5663979586973201, "max_depth": 6.0, "num_boost_round": 24.0}, "datetime": {"datetime": "2024-01-19 01:16:14", "elapsed": 3858.935305, "delta": 0.005338}}
{"target": -17.733002058806733, "params": {"gamma": 827.6551545393571, "log10_alpha": -2.089129207130217, "log10_colsample_bytree": -0.8914272488772494, "log10_eta": -1.108525443406776, "log10_lambda": -4.26337068011232, "log10_min_child_weight": 1.3621568007223517, "log10_subsample": -0.5663979586973201, "max_depth": 6.0, "num_boost_round": 25.0}, "datetime": {"datetime": "2024-01-19 01:16:14", "elapsed": 3858.940808, "delta": 0.005503}}
{"target": -17.73638488093937, "params": {"gamma": 827.6551545393571, "log10_alpha": -2.089129207130217, "log10_colsample_bytree": -0.8914272488772494, "log10_eta": -1.108525443406776, "log10_lambda": -4.26337068011232, "log10_min_child_weight": 1.3621568007223517, "log10_subsample": -0.5663979586973201, "max_depth": 6.0, "num_boost_round": 26.0}, "datetime": {"datetime": "2024-01-19 01:16:14", "elapsed": 3858.946189, "delta": 0.005381}}
{"target": -17.738793482244958, "params": {"gamma": 827.6551545393571, "log10_alpha": -2.089129207130217, "log10_colsample_bytree": -0.8914272488772494, "log10_eta": -1.108525443406776, "log10_lambda": -4.26337068011232, "log10_min_child_weight": 1.3621568007223517, "log10_subsample": -0.5663979586973201, "max_depth": 6.0, "num_boost_round": 27.0}, "datetime": {"datetime": "2024-01-19 01:16:14", "elapsed": 3858.951736, "delta": 0.005547}}
{"target": -17.740308036694255, "params": {"gamma": 827.6551545393571, "log10_alpha": -2.089129207130217, "log10_colsample_bytree": -0.8914272488772494, "log10_eta": -1.108525443406776, "log10_lambda": -4.26337068011232, "log10_min_child_weight": 1.3621568007223517, "log10_subsample": -0.5663979586973201, "max_depth": 6.0, "num_boost_round": 28.0}, "datetime": {"datetime": "2024-01-19 01:16:14", "elapsed": 3858.956985, "delta": 0.005249}}
{"target": -17.74158728212064, "params": {"gamma": 827.6551545393571, "log10_alpha": -2.089129207130217, "log10_colsample_bytree": -0.8914272488772494, "log10_eta": -1.108525443406776, "log10_lambda": -4.26337068011232, "log10_min_child_weight": 1.3621568007223517, "log10_subsample": -0.5663979586973201, "max_depth": 6.0, "num_boost_round": 29.0}, "datetime": {"datetime": "2024-01-19 01:16:14", "elapsed": 3858.962495, "delta": 0.00551}}
{"target": -17.74266266377965, "params": {"gamma": 827.6551545393571, "log10_alpha": -2.089129207130217, "log10_colsample_bytree": -0.8914272488772494, "log10_eta": -1.108525443406776, "log10_lambda": -4.26337068011232, "log10_min_child_weight": 1.3621568007223517, "log10_subsample": -0.5663979586973201, "max_depth": 6.0, "num_boost_round": 30.0}, "datetime": {"datetime": "2024-01-19 01:16:14", "elapsed": 3858.967868, "delta": 0.005373}}
{"target": -17.745138442479288, "params": {"gamma": 827.6551545393571, "log10_alpha": -2.089129207130217, "log10_colsample_bytree": -0.8914272488772494, "log10_eta": -1.108525443406776, "log10_lambda": -4.26337068011232, "log10_min_child_weight": 1.3621568007223517, "log10_subsample": -0.5663979586973201, "max_depth": 6.0, "num_boost_round": 31.0}, "datetime": {"datetime": "2024-01-19 01:16:14", "elapsed": 3858.973202, "delta": 0.005334}}
{"target": -17.750538381757227, "params": {"gamma": 827.6551545393571, "log10_alpha": -2.089129207130217, "log10_colsample_bytree": -0.8914272488772494, "log10_eta": -1.108525443406776, "log10_lambda": -4.26337068011232, "log10_min_child_weight": 1.3621568007223517, "log10_subsample": -0.5663979586973201, "max_depth": 6.0, "num_boost_round": 32.0}, "datetime": {"datetime": "2024-01-19 01:16:14", "elapsed": 3858.978529, "delta": 0.005327}}
{"target": -17.749802198840964, "params": {"gamma": 827.6551545393571, "log10_alpha": -2.089129207130217, "log10_colsample_bytree": -0.8914272488772494, "log10_eta": -1.108525443406776, "log10_lambda": -4.26337068011232, "log10_min_child_weight": 1.3621568007223517, "log10_subsample": -0.5663979586973201, "max_depth": 6.0, "num_boost_round": 33.0}, "datetime": {"datetime": "2024-01-19 01:16:14", "elapsed": 3858.983863, "delta": 0.005334}}
{"target": -17.753859844834686, "params": {"gamma": 827.6551545393571, "log10_alpha": -2.089129207130217, "log10_colsample_bytree": -0.8914272488772494, "log10_eta": -1.108525443406776, "log10_lambda": -4.26337068011232, "log10_min_child_weight": 1.3621568007223517, "log10_subsample": -0.5663979586973201, "max_depth": 6.0, "num_boost_round": 34.0}, "datetime": {"datetime": "2024-01-19 01:16:14", "elapsed": 3858.989616, "delta": 0.005753}}
{"target": -17.757691825962922, "params": {"gamma": 827.6551545393571, "log10_alpha": -2.089129207130217, "log10_colsample_bytree": -0.8914272488772494, "log10_eta": -1.108525443406776, "log10_lambda": -4.26337068011232, "log10_min_child_weight": 1.3621568007223517, "log10_subsample": -0.5663979586973201, "max_depth": 6.0, "num_boost_round": 35.0}, "datetime": {"datetime": "2024-01-19 01:16:14", "elapsed": 3858.99526, "delta": 0.005644}}
{"target": -17.76190573339862, "params": {"gamma": 827.6551545393571, "log10_alpha": -2.089129207130217, "log10_colsample_bytree": -0.8914272488772494, "log10_eta": -1.108525443406776, "log10_lambda": -4.26337068011232, "log10_min_child_weight": 1.3621568007223517, "log10_subsample": -0.5663979586973201, "max_depth": 6.0, "num_boost_round": 36.0}, "datetime": {"datetime": "2024-01-19 01:16:14", "elapsed": 3859.000724, "delta": 0.005464}}
{"target": -17.763757482618, "params": {"gamma": 827.6551545393571, "log10_alpha": -2.089129207130217, "log10_colsample_bytree": -0.8914272488772494, "log10_eta": -1.108525443406776, "log10_lambda": -4.26337068011232, "log10_min_child_weight": 1.3621568007223517, "log10_subsample": -0.5663979586973201, "max_depth": 6.0, "num_boost_round": 37.0}, "datetime": {"datetime": "2024-01-19 01:16:14", "elapsed": 3859.006027, "delta": 0.005303}}
{"target": -17.726363539442527, "params": {"gamma": 836.2188667254754, "log10_alpha": 0.8835728858398744, "log10_colsample_bytree": -0.8764513276476267, "log10_eta": -0.11240893215699366, "log10_lambda": -3.82335369222678, "log10_min_child_weight": 1.7653721236872872, "log10_subsample": -0.028192568773227955, "max_depth": 5.0, "num_boost_round": 0.0}, "datetime": {"datetime": "2024-01-19 01:17:06", "elapsed": 3911.092401, "delta": 52.086374}}
{"target": -17.831782590274592, "params": {"gamma": 836.2188667254754, "log10_alpha": 0.8835728858398744, "log10_colsample_bytree": -0.8764513276476267, "log10_eta": -0.11240893215699366, "log10_lambda": -3.82335369222678, "log10_min_child_weight": 1.7653721236872872, "log10_subsample": -0.028192568773227955, "max_depth": 5.0, "num_boost_round": 1.0}, "datetime": {"datetime": "2024-01-19 01:17:06", "elapsed": 3911.097957, "delta": 0.005556}}
{"target": -17.903365667842966, "params": {"gamma": 836.2188667254754, "log10_alpha": 0.8835728858398744, "log10_colsample_bytree": -0.8764513276476267, "log10_eta": -0.11240893215699366, "log10_lambda": -3.82335369222678, "log10_min_child_weight": 1.7653721236872872, "log10_subsample": -0.028192568773227955, "max_depth": 5.0, "num_boost_round": 2.0}, "datetime": {"datetime": "2024-01-19 01:17:06", "elapsed": 3911.1037, "delta": 0.005743}}
{"target": -17.934915219276075, "params": {"gamma": 836.2188667254754, "log10_alpha": 0.8835728858398744, "log10_colsample_bytree": -0.8764513276476267, "log10_eta": -0.11240893215699366, "log10_lambda": -3.82335369222678, "log10_min_child_weight": 1.7653721236872872, "log10_subsample": -0.028192568773227955, "max_depth": 5.0, "num_boost_round": 3.0}, "datetime": {"datetime": "2024-01-19 01:17:06", "elapsed": 3911.108981, "delta": 0.005281}}
{"target": -17.954612287904045, "params": {"gamma": 836.2188667254754, "log10_alpha": 0.8835728858398744, "log10_colsample_bytree": -0.8764513276476267, "log10_eta": -0.11240893215699366, "log10_lambda": -3.82335369222678, "log10_min_child_weight": 1.7653721236872872, "log10_subsample": -0.028192568773227955, "max_depth": 5.0, "num_boost_round": 4.0}, "datetime": {"datetime": "2024-01-19 01:17:06", "elapsed": 3911.114112, "delta": 0.005131}}
{"target": -18.00883617207543, "params": {"gamma": 836.2188667254754, "log10_alpha": 0.8835728858398744, "log10_colsample_bytree": -0.8764513276476267, "log10_eta": -0.11240893215699366, "log10_lambda": -3.82335369222678, "log10_min_child_weight": 1.7653721236872872, "log10_subsample": -0.028192568773227955, "max_depth": 5.0, "num_boost_round": 5.0}, "datetime": {"datetime": "2024-01-19 01:17:06", "elapsed": 3911.119404, "delta": 0.005292}}
{"target": -18.04267297461818, "params": {"gamma": 836.2188667254754, "log10_alpha": 0.8835728858398744, "log10_colsample_bytree": -0.8764513276476267, "log10_eta": -0.11240893215699366, "log10_lambda": -3.82335369222678, "log10_min_child_weight": 1.7653721236872872, "log10_subsample": -0.028192568773227955, "max_depth": 5.0, "num_boost_round": 6.0}, "datetime": {"datetime": "2024-01-19 01:17:06", "elapsed": 3911.124886, "delta": 0.005482}}
{"target": -18.348075215512306, "params": {"gamma": 836.2188667254754, "log10_alpha": 0.8835728858398744, "log10_colsample_bytree": -0.8764513276476267, "log10_eta": -0.11240893215699366, "log10_lambda": -3.82335369222678, "log10_min_child_weight": 1.7653721236872872, "log10_subsample": -0.028192568773227955, "max_depth": 5.0, "num_boost_round": 7.0}, "datetime": {"datetime": "2024-01-19 01:17:06", "elapsed": 3911.130279, "delta": 0.005393}}
{"target": -18.391987023258753, "params": {"gamma": 836.2188667254754, "log10_alpha": 0.8835728858398744, "log10_colsample_bytree": -0.8764513276476267, "log10_eta": -0.11240893215699366, "log10_lambda": -3.82335369222678, "log10_min_child_weight": 1.7653721236872872, "log10_subsample": -0.028192568773227955, "max_depth": 5.0, "num_boost_round": 8.0}, "datetime": {"datetime": "2024-01-19 01:17:06", "elapsed": 3911.135478, "delta": 0.005199}}
{"target": -18.41322929803024, "params": {"gamma": 836.2188667254754, "log10_alpha": 0.8835728858398744, "log10_colsample_bytree": -0.8764513276476267, "log10_eta": -0.11240893215699366, "log10_lambda": -3.82335369222678, "log10_min_child_weight": 1.7653721236872872, "log10_subsample": -0.028192568773227955, "max_depth": 5.0, "num_boost_round": 9.0}, "datetime": {"datetime": "2024-01-19 01:17:06", "elapsed": 3911.140976, "delta": 0.005498}}
