{"target": -17.677115478214102, "params": {"gamma": 68.5414958983963, "log10_alpha": -1.2717883597858979, "log10_colsample_bytree": -0.788905783439865, "log10_eta": -3.885339984593752, "log10_lambda": -2.5625552334354964, "log10_min_child_weight": 1.1338995826928733, "log10_subsample": -0.0770801487913656, "max_depth": 8.0, "num_boost_round": 16.0}, "datetime": {"datetime": "2024-01-19 00:30:29", "elapsed": 1137.033433, "delta": 0.001628}}
{"target": -17.67710979318551, "params": {"gamma": 68.5414958983963, "log10_alpha": -1.2717883597858979, "log10_colsample_bytree": -0.788905783439865, "log10_eta": -3.885339984593752, "log10_lambda": -2.5625552334354964, "log10_min_child_weight": 1.1338995826928733, "log10_subsample": -0.0770801487913656, "max_depth": 8.0, "num_boost_round": 17.0}, "datetime": {"datetime": "2024-01-19 00:30:29", "elapsed": 1137.03506, "delta": 0.001627}}
{"target": -17.67710563533, "params": {"gamma": 68.5414958983963, "log10_alpha": -1.2717883597858979, "log10_colsample_bytree": -0.788905783439865, "log10_eta": -3.885339984593752, "log10_lambda": -2.5625552334354964, "log10_min_child_weight": 1.1338995826928733, "log10_subsample": -0.0770801487913656, "max_depth": 8.0, "num_boost_round": 18.0}, "datetime": {"datetime": "2024-01-19 00:30:29", "elapsed": 1137.036597, "delta": 0.001537}}
{"target": -17.67709913547503, "params": {"gamma": 68.5414958983963, "log10_alpha": -1.2717883597858979, "log10_colsample_bytree": -0.788905783439865, "log10_eta": -3.885339984593752, "log10_lambda": -2.5625552334354964, "log10_min_child_weight": 1.1338995826928733, "log10_subsample": -0.0770801487913656, "max_depth": 8.0, "num_boost_round": 19.0}, "datetime": {"datetime": "2024-01-19 00:30:29", "elapsed": 1137.038113, "delta": 0.001516}}
{"target": -17.677093557060594, "params": {"gamma": 68.5414958983963, "log10_alpha": -1.2717883597858979, "log10_colsample_bytree": -0.788905783439865, "log10_eta": -3.885339984593752, "log10_lambda": -2.5625552334354964, "log10_min_child_weight": 1.1338995826928733, "log10_subsample": -0.0770801487913656, "max_depth": 8.0, "num_boost_round": 20.0}, "datetime": {"datetime": "2024-01-19 00:30:29", "elapsed": 1137.039644, "delta": 0.001531}}
{"target": -17.67708050388098, "params": {"gamma": 68.5414958983963, "log10_alpha": -1.2717883597858979, "log10_colsample_bytree": -0.788905783439865, "log10_eta": -3.885339984593752, "log10_lambda": -2.5625552334354964, "log10_min_child_weight": 1.1338995826928733, "log10_subsample": -0.0770801487913656, "max_depth": 8.0, "num_boost_round": 21.0}, "datetime": {"datetime": "2024-01-19 00:30:29", "elapsed": 1137.041166, "delta": 0.001522}}
{"target": -17.677067157275744, "params": {"gamma": 68.5414958983963, "log10_alpha": -1.2717883597858979, "log10_colsample_bytree": -0.788905783439865, "log10_eta": -3.885339984593752, "log10_lambda": -2.5625552334354964, "log10_min_child_weight": 1.1338995826928733, "log10_subsample": -0.0770801487913656, "max_depth": 8.0, "num_boost_round": 22.0}, "datetime": {"datetime": "2024-01-19 00:30:29", "elapsed": 1137.042719, "delta": 0.001553}}
{"target": -17.677059644001496, "params": {"gamma": 68.5414958983963, "log10_alpha": -1.2717883597858979, "log10_colsample_bytree": -0.788905783439865, "log10_eta": -3.885339984593752, "log10_lambda": -2.5625552334354964, "log10_min_child_weight": 1.1338995826928733, "log10_subsample": -0.0770801487913656, "max_depth": 8.0, "num_boost_round": 23.0}, "datetime": {"datetime": "2024-01-19 00:30:29", "elapsed": 1137.044276, "delta": 0.001557}}
{"target": -17.677059487555532, "params": {"gamma": 68.5414958983963, "log10_alpha": -1.2717883597858979, "log10_colsample_bytree": -0.788905783439865, "log10_eta": -3.885339984593752, "log10_lambda": -2.5625552334354964, "log10_min_child_weight": 1.1338995826928733, "log10_subsample": -0.0770801487913656, "max_depth": 8.0, "num_boost_round": 24.0}, "datetime": {"datetime": "2024-01-19 00:30:29", "elapsed": 1137.045827, "delta": 0.001551}}
{"target": -17.677203856457893, "params": {"gamma": 69.77190312578973, "log10_alpha": -1.5122605408785397, "log10_colsample_bytree": -0.9642913126905187, "log10_eta": -3.0360305426969316, "log10_lambda": 0.12004590194320386, "log10_min_child_weight": 2.9789220116965165, "log10_subsample": -0.6963154507922389, "max_depth": 8.0, "num_boost_round": 0.0}, "datetime": {"datetime": "2024-01-19 00:30:52", "elapsed": 1159.605779, "delta": 22.559952}}
{"target": -17.677190738351264, "params": {"gamma": 69.77190312578973, "log10_alpha": -1.5122605408785397, "log10_colsample_bytree": -0.9642913126905187, "log10_eta": -3.0360305426969316, "log10_lambda": 0.12004590194320386, "log10_min_child_weight": 2.9789220116965165, "log10_subsample": -0.6963154507922389, "max_depth": 8.0, "num_boost_round": 1.0}, "datetime": {"datetime": "2024-01-19 00:30:52", "elapsed": 1159.608019, "delta": 0.00224}}
{"target": -17.677145439294303, "params": {"gamma": 69.77190312578973, "log10_alpha": -1.5122605408785397, "log10_colsample_bytree": -0.9642913126905187, "log10_eta": -3.0360305426969316, "log10_lambda": 0.12004590194320386, "log10_min_child_weight": 2.9789220116965165, "log10_subsample": -0.6963154507922389, "max_depth": 8.0, "num_boost_round": 2.0}, "datetime": {"datetime": "2024-01-19 00:30:52", "elapsed": 1159.609819, "delta": 0.0018}}
{"target": -17.67711061279964, "params": {"gamma": 69.77190312578973, "log10_alpha": -1.5122605408785397, "log10_colsample_bytree": -0.9642913126905187, "log10_eta": -3.0360305426969316, "log10_lambda": 0.12004590194320386, "log10_min_child_weight": 2.9789220116965165, "log10_subsample": -0.6963154507922389, "max_depth": 8.0, "num_boost_round": 3.0}, "datetime": {"datetime": "2024-01-19 00:30:52", "elapsed": 1159.611343, "delta": 0.001524}}
{"target": -17.677082891620717, "params": {"gamma": 69.77190312578973, "log10_alpha": -1.5122605408785397, "log10_colsample_bytree": -0.9642913126905187, "log10_eta": -3.0360305426969316, "log10_lambda": 0.12004590194320386, "log10_min_child_weight": 2.9789220116965165, "log10_subsample": -0.6963154507922389, "max_depth": 8.0, "num_boost_round": 4.0}, "datetime": {"datetime": "2024-01-19 00:30:52", "elapsed": 1159.612846, "delta": 0.001503}}
{"target": -17.677074638183036, "params": {"gamma": 69.77190312578973, "log10_alpha": -1.5122605408785397, "log10_colsample_bytree": -0.9642913126905187, "log10_eta": -3.0360305426969316, "log10_lambda": 0.12004590194320386, "log10_min_child_weight": 2.9789220116965165, "log10_subsample": -0.6963154507922389, "max_depth": 8.0, "num_boost_round": 5.0}, "datetime": {"datetime": "2024-01-19 00:30:52", "elapsed": 1159.614574, "delta": 0.001728}}
{"target": -17.677070628634652, "params": {"gamma": 69.77190312578973, "log10_alpha": -1.5122605408785397, "log10_colsample_bytree": -0.9642913126905187, "log10_eta": -3.0360305426969316, "log10_lambda": 0.12004590194320386, "log10_min_child_weight": 2.9789220116965165, "log10_subsample": -0.6963154507922389, "max_depth": 8.0, "num_boost_round": 6.0}, "datetime": {"datetime": "2024-01-19 00:30:52", "elapsed": 1159.6162, "delta": 0.001626}}
{"target": -17.67701872577929, "params": {"gamma": 69.77190312578973, "log10_alpha": -1.5122605408785397, "log10_colsample_bytree": -0.9642913126905187, "log10_eta": -3.0360305426969316, "log10_lambda": 0.12004590194320386, "log10_min_child_weight": 2.9789220116965165, "log10_subsample": -0.6963154507922389, "max_depth": 8.0, "num_boost_round": 7.0}, "datetime": {"datetime": "2024-01-19 00:30:52", "elapsed": 1159.617681, "delta": 0.001481}}
{"target": -17.67700377211928, "params": {"gamma": 69.77190312578973, "log10_alpha": -1.5122605408785397, "log10_colsample_bytree": -0.9642913126905187, "log10_eta": -3.0360305426969316, "log10_lambda": 0.12004590194320386, "log10_min_child_weight": 2.9789220116965165, "log10_subsample": -0.6963154507922389, "max_depth": 8.0, "num_boost_round": 8.0}, "datetime": {"datetime": "2024-01-19 00:30:52", "elapsed": 1159.619163, "delta": 0.001482}}
{"target": -17.676991393762286, "params": {"gamma": 69.77190312578973, "log10_alpha": -1.5122605408785397, "log10_colsample_bytree": -0.9642913126905187, "log10_eta": -3.0360305426969316, "log10_lambda": 0.12004590194320386, "log10_min_child_weight": 2.9789220116965165, "log10_subsample": -0.6963154507922389, "max_depth": 8.0, "num_boost_round": 9.0}, "datetime": {"datetime": "2024-01-19 00:30:52", "elapsed": 1159.620662, "delta": 0.001499}}
{"target": -17.676953298951542, "params": {"gamma": 69.77190312578973, "log10_alpha": -1.5122605408785397, "log10_colsample_bytree": -0.9642913126905187, "log10_eta": -3.0360305426969316, "log10_lambda": 0.12004590194320386, "log10_min_child_weight": 2.9789220116965165, "log10_subsample": -0.6963154507922389, "max_depth": 8.0, "num_boost_round": 10.0}, "datetime": {"datetime": "2024-01-19 00:30:52", "elapsed": 1159.622168, "delta": 0.001506}}
{"target": -17.67692062826009, "params": {"gamma": 69.77190312578973, "log10_alpha": -1.5122605408785397, "log10_colsample_bytree": -0.9642913126905187, "log10_eta": -3.0360305426969316, "log10_lambda": 0.12004590194320386, "log10_min_child_weight": 2.9789220116965165, "log10_subsample": -0.6963154507922389, "max_depth": 8.0, "num_boost_round": 11.0}, "datetime": {"datetime": "2024-01-19 00:30:52", "elapsed": 1159.623679, "delta": 0.001511}}
{"target": -17.676874990329843, "params": {"gamma": 69.77190312578973, "log10_alpha": -1.5122605408785397, "log10_colsample_bytree": -0.9642913126905187, "log10_eta": -3.0360305426969316, "log10_lambda": 0.12004590194320386, "log10_min_child_weight": 2.9789220116965165, "log10_subsample": -0.6963154507922389, "max_depth": 8.0, "num_boost_round": 12.0}, "datetime": {"datetime": "2024-01-19 00:30:52", "elapsed": 1159.625198, "delta": 0.001519}}
{"target": -17.67722678343023, "params": {"gamma": 70.41280780878714, "log10_alpha": -4.060202240364999, "log10_colsample_bytree": -0.8555016166176346, "log10_eta": -4.0, "log10_lambda": -1.1453634477191126, "log10_min_child_weight": 2.7357336347868766, "log10_subsample": -0.624472420626007, "max_depth": 7.0, "num_boost_round": 0.0}, "datetime": {"datetime": "2024-01-19 00:31:16", "elapsed": 1184.288774, "delta": 24.663576}}
{"target": -17.677224747848978, "params": {"gamma": 70.41280780878714, "log10_alpha": -4.060202240364999, "log10_colsample_bytree": -0.8555016166176346, "log10_eta": -4.0, "log10_lambda": -1.1453634477191126, "log10_min_child_weight": 2.7357336347868766, "log10_subsample": -0.624472420626007, "max_depth": 7.0, "num_boost_round": 1.0}, "datetime": {"datetime": "2024-01-19 00:31:16", "elapsed": 1184.290499, "delta": 0.001725}}
{"target": -17.677217997029043, "params": {"gamma": 70.41280780878714, "log10_alpha": -4.060202240364999, "log10_colsample_bytree": -0.8555016166176346, "log10_eta": -4.0, "log10_lambda": -1.1453634477191126, "log10_min_child_weight": 2.7357336347868766, "log10_subsample": -0.624472420626007, "max_depth": 7.0, "num_boost_round": 2.0}, "datetime": {"datetime": "2024-01-19 00:31:16", "elapsed": 1184.292547, "delta": 0.002048}}
{"target": -17.67722233055521, "params": {"gamma": 70.41280780878714, "log10_alpha": -4.060202240364999, "log10_colsample_bytree": -0.8555016166176346, "log10_eta": -4.0, "log10_lambda": -1.1453634477191126, "log10_min_child_weight": 2.7357336347868766, "log10_subsample": -0.624472420626007, "max_depth": 7.0, "num_boost_round": 3.0}, "datetime": {"datetime": "2024-01-19 00:31:16", "elapsed": 1184.2941, "delta": 0.001553}}
{"target": -17.677217952616385, "params": {"gamma": 70.41280780878714, "log10_alpha": -4.060202240364999, "log10_colsample_bytree": -0.8555016166176346, "log10_eta": -4.0, "log10_lambda": -1.1453634477191126, "log10_min_child_weight": 2.7357336347868766, "log10_subsample": -0.624472420626007, "max_depth": 7.0, "num_boost_round": 4.0}, "datetime": {"datetime": "2024-01-19 00:31:16", "elapsed": 1184.295768, "delta": 0.001668}}
{"target": -17.677210576269484, "params": {"gamma": 70.41280780878714, "log10_alpha": -4.060202240364999, "log10_colsample_bytree": -0.8555016166176346, "log10_eta": -4.0, "log10_lambda": -1.1453634477191126, "log10_min_child_weight": 2.7357336347868766, "log10_subsample": -0.624472420626007, "max_depth": 7.0, "num_boost_round": 5.0}, "datetime": {"datetime": "2024-01-19 00:31:16", "elapsed": 1184.297282, "delta": 0.001514}}
{"target": -17.677212526348843, "params": {"gamma": 70.41280780878714, "log10_alpha": -4.060202240364999, "log10_colsample_bytree": -0.8555016166176346, "log10_eta": -4.0, "log10_lambda": -1.1453634477191126, "log10_min_child_weight": 2.7357336347868766, "log10_subsample": -0.624472420626007, "max_depth": 7.0, "num_boost_round": 6.0}, "datetime": {"datetime": "2024-01-19 00:31:16", "elapsed": 1184.298806, "delta": 0.001524}}
{"target": -17.67720345331218, "params": {"gamma": 70.41280780878714, "log10_alpha": -4.060202240364999, "log10_colsample_bytree": -0.8555016166176346, "log10_eta": -4.0, "log10_lambda": -1.1453634477191126, "log10_min_child_weight": 2.7357336347868766, "log10_subsample": -0.624472420626007, "max_depth": 7.0, "num_boost_round": 7.0}, "datetime": {"datetime": "2024-01-19 00:31:16", "elapsed": 1184.300326, "delta": 0.00152}}
{"target": -17.677203082202148, "params": {"gamma": 70.41280780878714, "log10_alpha": -4.060202240364999, "log10_colsample_bytree": -0.8555016166176346, "log10_eta": -4.0, "log10_lambda": -1.1453634477191126, "log10_min_child_weight": 2.7357336347868766, "log10_subsample": -0.624472420626007, "max_depth": 7.0, "num_boost_round": 8.0}, "datetime": {"datetime": "2024-01-19 00:31:16", "elapsed": 1184.301865, "delta": 0.001539}}
{"target": -17.677201706052806, "params": {"gamma": 70.41280780878714, "log10_alpha": -4.060202240364999, "log10_colsample_bytree": -0.8555016166176346, "log10_eta": -4.0, "log10_lambda": -1.1453634477191126, "log10_min_child_weight": 2.7357336347868766, "log10_subsample": -0.624472420626007, "max_depth": 7.0, "num_boost_round": 9.0}, "datetime": {"datetime": "2024-01-19 00:31:16", "elapsed": 1184.303378, "delta": 0.001513}}
{"target": -17.67719639242596, "params": {"gamma": 70.41280780878714, "log10_alpha": -4.060202240364999, "log10_colsample_bytree": -0.8555016166176346, "log10_eta": -4.0, "log10_lambda": -1.1453634477191126, "log10_min_child_weight": 2.7357336347868766, "log10_subsample": -0.624472420626007, "max_depth": 7.0, "num_boost_round": 10.0}, "datetime": {"datetime": "2024-01-19 00:31:16", "elapsed": 1184.304895, "delta": 0.001517}}
{"target": -17.67719390476418, "params": {"gamma": 70.41280780878714, "log10_alpha": -4.060202240364999, "log10_colsample_bytree": -0.8555016166176346, "log10_eta": -4.0, "log10_lambda": -1.1453634477191126, "log10_min_child_weight": 2.7357336347868766, "log10_subsample": -0.624472420626007, "max_depth": 7.0, "num_boost_round": 11.0}, "datetime": {"datetime": "2024-01-19 00:31:16", "elapsed": 1184.306433, "delta": 0.001538}}
{"target": -17.677192230978736, "params": {"gamma": 70.41280780878714, "log10_alpha": -4.060202240364999, "log10_colsample_bytree": -0.8555016166176346, "log10_eta": -4.0, "log10_lambda": -1.1453634477191126, "log10_min_child_weight": 2.7357336347868766, "log10_subsample": -0.624472420626007, "max_depth": 7.0, "num_boost_round": 12.0}, "datetime": {"datetime": "2024-01-19 00:31:16", "elapsed": 1184.308077, "delta": 0.001644}}
{"target": -17.6771864084622, "params": {"gamma": 70.41280780878714, "log10_alpha": -4.060202240364999, "log10_colsample_bytree": -0.8555016166176346, "log10_eta": -4.0, "log10_lambda": -1.1453634477191126, "log10_min_child_weight": 2.7357336347868766, "log10_subsample": -0.624472420626007, "max_depth": 7.0, "num_boost_round": 13.0}, "datetime": {"datetime": "2024-01-19 00:31:16", "elapsed": 1184.309603, "delta": 0.001526}}
{"target": -17.677181926470094, "params": {"gamma": 70.41280780878714, "log10_alpha": -4.060202240364999, "log10_colsample_bytree": -0.8555016166176346, "log10_eta": -4.0, "log10_lambda": -1.1453634477191126, "log10_min_child_weight": 2.7357336347868766, "log10_subsample": -0.624472420626007, "max_depth": 7.0, "num_boost_round": 14.0}, "datetime": {"datetime": "2024-01-19 00:31:16", "elapsed": 1184.311132, "delta": 0.001529}}
{"target": -17.67718325214396, "params": {"gamma": 70.41280780878714, "log10_alpha": -4.060202240364999, "log10_colsample_bytree": -0.8555016166176346, "log10_eta": -4.0, "log10_lambda": -1.1453634477191126, "log10_min_child_weight": 2.7357336347868766, "log10_subsample": -0.624472420626007, "max_depth": 7.0, "num_boost_round": 15.0}, "datetime": {"datetime": "2024-01-19 00:31:16", "elapsed": 1184.312656, "delta": 0.001524}}
{"target": -17.677179595330134, "params": {"gamma": 70.41280780878714, "log10_alpha": -4.060202240364999, "log10_colsample_bytree": -0.8555016166176346, "log10_eta": -4.0, "log10_lambda": -1.1453634477191126, "log10_min_child_weight": 2.7357336347868766, "log10_subsample": -0.624472420626007, "max_depth": 7.0, "num_boost_round": 16.0}, "datetime": {"datetime": "2024-01-19 00:31:16", "elapsed": 1184.31419, "delta": 0.001534}}
{"target": -17.677182213280123, "params": {"gamma": 70.41280780878714, "log10_alpha": -4.060202240364999, "log10_colsample_bytree": -0.8555016166176346, "log10_eta": -4.0, "log10_lambda": -1.1453634477191126, "log10_min_child_weight": 2.7357336347868766, "log10_subsample": -0.624472420626007, "max_depth": 7.0, "num_boost_round": 17.0}, "datetime": {"datetime": "2024-01-19 00:31:16", "elapsed": 1184.315782, "delta": 0.001592}}
{"target": -17.677171593825882, "params": {"gamma": 714.5647410222499, "log10_alpha": -3.7691456089347892, "log10_colsample_bytree": -0.9276053649281988, "log10_eta": -2.854751910008964, "log10_lambda": -1.2555155770518298, "log10_min_child_weight": 1.618321644539621, "log10_subsample": -0.19459007357189584, "max_depth": 6.0, "num_boost_round": 0.0}, "datetime": {"datetime": "2024-01-19 00:32:04", "elapsed": 1231.5237, "delta": 47.207918}}
{"target": -17.677141950371325, "params": {"gamma": 714.5647410222499, "log10_alpha": -3.7691456089347892, "log10_colsample_bytree": -0.9276053649281988, "log10_eta": -2.854751910008964, "log10_lambda": -1.2555155770518298, "log10_min_child_weight": 1.618321644539621, "log10_subsample": -0.19459007357189584, "max_depth": 6.0, "num_boost_round": 1.0}, "datetime": {"datetime": "2024-01-19 00:32:04", "elapsed": 1231.525936, "delta": 0.002236}}
{"target": -17.677108907969654, "params": {"gamma": 714.5647410222499, "log10_alpha": -3.7691456089347892, "log10_colsample_bytree": -0.9276053649281988, "log10_eta": -2.854751910008964, "log10_lambda": -1.2555155770518298, "log10_min_child_weight": 1.618321644539621, "log10_subsample": -0.19459007357189584, "max_depth": 6.0, "num_boost_round": 2.0}, "datetime": {"datetime": "2024-01-19 00:32:04", "elapsed": 1231.527882, "delta": 0.001946}}
{"target": -17.677074487224942, "params": {"gamma": 714.5647410222499, "log10_alpha": -3.7691456089347892, "log10_colsample_bytree": -0.9276053649281988, "log10_eta": -2.854751910008964, "log10_lambda": -1.2555155770518298, "log10_min_child_weight": 1.618321644539621, "log10_subsample": -0.19459007357189584, "max_depth": 6.0, "num_boost_round": 3.0}, "datetime": {"datetime": "2024-01-19 00:32:04", "elapsed": 1231.529772, "delta": 0.00189}}
{"target": -17.676977706579336, "params": {"gamma": 714.5647410222499, "log10_alpha": -3.7691456089347892, "log10_colsample_bytree": -0.9276053649281988, "log10_eta": -2.854751910008964, "log10_lambda": -1.2555155770518298, "log10_min_child_weight": 1.618321644539621, "log10_subsample": -0.19459007357189584, "max_depth": 6.0, "num_boost_round": 4.0}, "datetime": {"datetime": "2024-01-19 00:32:04", "elapsed": 1231.531439, "delta": 0.001667}}
{"target": -17.676940457838057, "params": {"gamma": 714.5647410222499, "log10_alpha": -3.7691456089347892, "log10_colsample_bytree": -0.9276053649281988, "log10_eta": -2.854751910008964, "log10_lambda": -1.2555155770518298, "log10_min_child_weight": 1.618321644539621, "log10_subsample": -0.19459007357189584, "max_depth": 6.0, "num_boost_round": 5.0}, "datetime": {"datetime": "2024-01-19 00:32:04", "elapsed": 1231.533126, "delta": 0.001687}}
{"target": -17.67695822705595, "params": {"gamma": 714.5647410222499, "log10_alpha": -3.7691456089347892, "log10_colsample_bytree": -0.9276053649281988, "log10_eta": -2.854751910008964, "log10_lambda": -1.2555155770518298, "log10_min_child_weight": 1.618321644539621, "log10_subsample": -0.19459007357189584, "max_depth": 6.0, "num_boost_round": 6.0}, "datetime": {"datetime": "2024-01-19 00:32:04", "elapsed": 1231.53474, "delta": 0.001614}}
{"target": -17.676902543025246, "params": {"gamma": 714.5647410222499, "log10_alpha": -3.7691456089347892, "log10_colsample_bytree": -0.9276053649281988, "log10_eta": -2.854751910008964, "log10_lambda": -1.2555155770518298, "log10_min_child_weight": 1.618321644539621, "log10_subsample": -0.19459007357189584, "max_depth": 6.0, "num_boost_round": 7.0}, "datetime": {"datetime": "2024-01-19 00:32:04", "elapsed": 1231.536299, "delta": 0.001559}}
{"target": -17.67689004629211, "params": {"gamma": 714.5647410222499, "log10_alpha": -3.7691456089347892, "log10_colsample_bytree": -0.9276053649281988, "log10_eta": -2.854751910008964, "log10_lambda": -1.2555155770518298, "log10_min_child_weight": 1.618321644539621, "log10_subsample": -0.19459007357189584, "max_depth": 6.0, "num_boost_round": 8.0}, "datetime": {"datetime": "2024-01-19 00:32:04", "elapsed": 1231.537849, "delta": 0.00155}}
{"target": -17.676857230925023, "params": {"gamma": 714.5647410222499, "log10_alpha": -3.7691456089347892, "log10_colsample_bytree": -0.9276053649281988, "log10_eta": -2.854751910008964, "log10_lambda": -1.2555155770518298, "log10_min_child_weight": 1.618321644539621, "log10_subsample": -0.19459007357189584, "max_depth": 6.0, "num_boost_round": 9.0}, "datetime": {"datetime": "2024-01-19 00:32:04", "elapsed": 1231.539394, "delta": 0.001545}}
