{"target": -13.758474329753158, "params": {"gamma": 973.4551098865358, "log10_alpha": -4.4702488874723105, "log10_colsample_bytree": -0.5312104899649105, "log10_eta": -3.5975161537953197, "log10_lambda": -0.6934474290250936, "log10_min_child_weight": 1.1306688350604914, "log10_subsample": -0.4704171825657887, "max_depth": 2.0, "num_boost_round": 28.0}, "datetime": {"datetime": "2024-01-19 00:15:58", "elapsed": 259.342944, "delta": 0.000507}}
{"target": -13.758472525142128, "params": {"gamma": 973.4551098865358, "log10_alpha": -4.4702488874723105, "log10_colsample_bytree": -0.5312104899649105, "log10_eta": -3.5975161537953197, "log10_lambda": -0.6934474290250936, "log10_min_child_weight": 1.1306688350604914, "log10_subsample": -0.4704171825657887, "max_depth": 2.0, "num_boost_round": 29.0}, "datetime": {"datetime": "2024-01-19 00:15:58", "elapsed": 259.343441, "delta": 0.000497}}
{"target": -13.758470604340353, "params": {"gamma": 973.4551098865358, "log10_alpha": -4.4702488874723105, "log10_colsample_bytree": -0.5312104899649105, "log10_eta": -3.5975161537953197, "log10_lambda": -0.6934474290250936, "log10_min_child_weight": 1.1306688350604914, "log10_subsample": -0.4704171825657887, "max_depth": 2.0, "num_boost_round": 30.0}, "datetime": {"datetime": "2024-01-19 00:15:58", "elapsed": 259.343946, "delta": 0.000505}}
{"target": -13.838586677919325, "params": {"gamma": 969.6257754550252, "log10_alpha": -4.630658614440133, "log10_colsample_bytree": -0.5918513639927071, "log10_eta": -0.09593137081038394, "log10_lambda": 0.27823579241650176, "log10_min_child_weight": 0.7322367665377533, "log10_subsample": -0.6428717472861932, "max_depth": 6.0, "num_boost_round": 0.0}, "datetime": {"datetime": "2024-01-19 00:16:25", "elapsed": 286.018543, "delta": 26.674597}}
{"target": -13.965044478857948, "params": {"gamma": 969.6257754550252, "log10_alpha": -4.630658614440133, "log10_colsample_bytree": -0.5918513639927071, "log10_eta": -0.09593137081038394, "log10_lambda": 0.27823579241650176, "log10_min_child_weight": 0.7322367665377533, "log10_subsample": -0.6428717472861932, "max_depth": 6.0, "num_boost_round": 1.0}, "datetime": {"datetime": "2024-01-19 00:16:25", "elapsed": 286.019202, "delta": 0.000659}}
{"target": -13.986836334233537, "params": {"gamma": 969.6257754550252, "log10_alpha": -4.630658614440133, "log10_colsample_bytree": -0.5918513639927071, "log10_eta": -0.09593137081038394, "log10_lambda": 0.27823579241650176, "log10_min_child_weight": 0.7322367665377533, "log10_subsample": -0.6428717472861932, "max_depth": 6.0, "num_boost_round": 2.0}, "datetime": {"datetime": "2024-01-19 00:16:25", "elapsed": 286.019737, "delta": 0.000535}}
{"target": -14.087051498355942, "params": {"gamma": 969.6257754550252, "log10_alpha": -4.630658614440133, "log10_colsample_bytree": -0.5918513639927071, "log10_eta": -0.09593137081038394, "log10_lambda": 0.27823579241650176, "log10_min_child_weight": 0.7322367665377533, "log10_subsample": -0.6428717472861932, "max_depth": 6.0, "num_boost_round": 3.0}, "datetime": {"datetime": "2024-01-19 00:16:25", "elapsed": 286.020264, "delta": 0.000527}}
{"target": -14.115769202798221, "params": {"gamma": 969.6257754550252, "log10_alpha": -4.630658614440133, "log10_colsample_bytree": -0.5918513639927071, "log10_eta": -0.09593137081038394, "log10_lambda": 0.27823579241650176, "log10_min_child_weight": 0.7322367665377533, "log10_subsample": -0.6428717472861932, "max_depth": 6.0, "num_boost_round": 4.0}, "datetime": {"datetime": "2024-01-19 00:16:25", "elapsed": 286.021126, "delta": 0.000862}}
{"target": -14.204363498451913, "params": {"gamma": 969.6257754550252, "log10_alpha": -4.630658614440133, "log10_colsample_bytree": -0.5918513639927071, "log10_eta": -0.09593137081038394, "log10_lambda": 0.27823579241650176, "log10_min_child_weight": 0.7322367665377533, "log10_subsample": -0.6428717472861932, "max_depth": 6.0, "num_boost_round": 5.0}, "datetime": {"datetime": "2024-01-19 00:16:25", "elapsed": 286.021722, "delta": 0.000596}}
{"target": -14.241121485759807, "params": {"gamma": 969.6257754550252, "log10_alpha": -4.630658614440133, "log10_colsample_bytree": -0.5918513639927071, "log10_eta": -0.09593137081038394, "log10_lambda": 0.27823579241650176, "log10_min_child_weight": 0.7322367665377533, "log10_subsample": -0.6428717472861932, "max_depth": 6.0, "num_boost_round": 6.0}, "datetime": {"datetime": "2024-01-19 00:16:25", "elapsed": 286.02235, "delta": 0.000628}}
{"target": -14.717099674798193, "params": {"gamma": 969.6257754550252, "log10_alpha": -4.630658614440133, "log10_colsample_bytree": -0.5918513639927071, "log10_eta": -0.09593137081038394, "log10_lambda": 0.27823579241650176, "log10_min_child_weight": 0.7322367665377533, "log10_subsample": -0.6428717472861932, "max_depth": 6.0, "num_boost_round": 7.0}, "datetime": {"datetime": "2024-01-19 00:16:25", "elapsed": 286.022871, "delta": 0.000521}}
{"target": -14.756896619144376, "params": {"gamma": 969.6257754550252, "log10_alpha": -4.630658614440133, "log10_colsample_bytree": -0.5918513639927071, "log10_eta": -0.09593137081038394, "log10_lambda": 0.27823579241650176, "log10_min_child_weight": 0.7322367665377533, "log10_subsample": -0.6428717472861932, "max_depth": 6.0, "num_boost_round": 8.0}, "datetime": {"datetime": "2024-01-19 00:16:25", "elapsed": 286.023491, "delta": 0.00062}}
{"target": -14.79549718864855, "params": {"gamma": 969.6257754550252, "log10_alpha": -4.630658614440133, "log10_colsample_bytree": -0.5918513639927071, "log10_eta": -0.09593137081038394, "log10_lambda": 0.27823579241650176, "log10_min_child_weight": 0.7322367665377533, "log10_subsample": -0.6428717472861932, "max_depth": 6.0, "num_boost_round": 9.0}, "datetime": {"datetime": "2024-01-19 00:16:25", "elapsed": 286.02401, "delta": 0.000519}}
{"target": -14.840383722545992, "params": {"gamma": 969.6257754550252, "log10_alpha": -4.630658614440133, "log10_colsample_bytree": -0.5918513639927071, "log10_eta": -0.09593137081038394, "log10_lambda": 0.27823579241650176, "log10_min_child_weight": 0.7322367665377533, "log10_subsample": -0.6428717472861932, "max_depth": 6.0, "num_boost_round": 10.0}, "datetime": {"datetime": "2024-01-19 00:16:25", "elapsed": 286.024524, "delta": 0.000514}}
{"target": -14.875589468585419, "params": {"gamma": 969.6257754550252, "log10_alpha": -4.630658614440133, "log10_colsample_bytree": -0.5918513639927071, "log10_eta": -0.09593137081038394, "log10_lambda": 0.27823579241650176, "log10_min_child_weight": 0.7322367665377533, "log10_subsample": -0.6428717472861932, "max_depth": 6.0, "num_boost_round": 11.0}, "datetime": {"datetime": "2024-01-19 00:16:25", "elapsed": 286.025044, "delta": 0.00052}}
{"target": -14.900585013773288, "params": {"gamma": 969.6257754550252, "log10_alpha": -4.630658614440133, "log10_colsample_bytree": -0.5918513639927071, "log10_eta": -0.09593137081038394, "log10_lambda": 0.27823579241650176, "log10_min_child_weight": 0.7322367665377533, "log10_subsample": -0.6428717472861932, "max_depth": 6.0, "num_boost_round": 12.0}, "datetime": {"datetime": "2024-01-19 00:16:25", "elapsed": 286.025608, "delta": 0.000564}}
{"target": -14.977864490106812, "params": {"gamma": 969.6257754550252, "log10_alpha": -4.630658614440133, "log10_colsample_bytree": -0.5918513639927071, "log10_eta": -0.09593137081038394, "log10_lambda": 0.27823579241650176, "log10_min_child_weight": 0.7322367665377533, "log10_subsample": -0.6428717472861932, "max_depth": 6.0, "num_boost_round": 13.0}, "datetime": {"datetime": "2024-01-19 00:16:25", "elapsed": 286.026131, "delta": 0.000523}}
{"target": -14.996778193999402, "params": {"gamma": 969.6257754550252, "log10_alpha": -4.630658614440133, "log10_colsample_bytree": -0.5918513639927071, "log10_eta": -0.09593137081038394, "log10_lambda": 0.27823579241650176, "log10_min_child_weight": 0.7322367665377533, "log10_subsample": -0.6428717472861932, "max_depth": 6.0, "num_boost_round": 14.0}, "datetime": {"datetime": "2024-01-19 00:16:25", "elapsed": 286.026724, "delta": 0.000593}}
{"target": -15.066293298343293, "params": {"gamma": 969.6257754550252, "log10_alpha": -4.630658614440133, "log10_colsample_bytree": -0.5918513639927071, "log10_eta": -0.09593137081038394, "log10_lambda": 0.27823579241650176, "log10_min_child_weight": 0.7322367665377533, "log10_subsample": -0.6428717472861932, "max_depth": 6.0, "num_boost_round": 15.0}, "datetime": {"datetime": "2024-01-19 00:16:25", "elapsed": 286.027255, "delta": 0.000531}}
{"target": -15.093606378941487, "params": {"gamma": 969.6257754550252, "log10_alpha": -4.630658614440133, "log10_colsample_bytree": -0.5918513639927071, "log10_eta": -0.09593137081038394, "log10_lambda": 0.27823579241650176, "log10_min_child_weight": 0.7322367665377533, "log10_subsample": -0.6428717472861932, "max_depth": 6.0, "num_boost_round": 16.0}, "datetime": {"datetime": "2024-01-19 00:16:25", "elapsed": 286.027817, "delta": 0.000562}}
{"target": -15.113172829025544, "params": {"gamma": 969.6257754550252, "log10_alpha": -4.630658614440133, "log10_colsample_bytree": -0.5918513639927071, "log10_eta": -0.09593137081038394, "log10_lambda": 0.27823579241650176, "log10_min_child_weight": 0.7322367665377533, "log10_subsample": -0.6428717472861932, "max_depth": 6.0, "num_boost_round": 17.0}, "datetime": {"datetime": "2024-01-19 00:16:25", "elapsed": 286.028346, "delta": 0.000529}}
{"target": -15.156365701454757, "params": {"gamma": 969.6257754550252, "log10_alpha": -4.630658614440133, "log10_colsample_bytree": -0.5918513639927071, "log10_eta": -0.09593137081038394, "log10_lambda": 0.27823579241650176, "log10_min_child_weight": 0.7322367665377533, "log10_subsample": -0.6428717472861932, "max_depth": 6.0, "num_boost_round": 18.0}, "datetime": {"datetime": "2024-01-19 00:16:25", "elapsed": 286.028871, "delta": 0.000525}}
{"target": -15.187581483445285, "params": {"gamma": 969.6257754550252, "log10_alpha": -4.630658614440133, "log10_colsample_bytree": -0.5918513639927071, "log10_eta": -0.09593137081038394, "log10_lambda": 0.27823579241650176, "log10_min_child_weight": 0.7322367665377533, "log10_subsample": -0.6428717472861932, "max_depth": 6.0, "num_boost_round": 19.0}, "datetime": {"datetime": "2024-01-19 00:16:25", "elapsed": 286.029404, "delta": 0.000533}}
{"target": -15.216888400937973, "params": {"gamma": 969.6257754550252, "log10_alpha": -4.630658614440133, "log10_colsample_bytree": -0.5918513639927071, "log10_eta": -0.09593137081038394, "log10_lambda": 0.27823579241650176, "log10_min_child_weight": 0.7322367665377533, "log10_subsample": -0.6428717472861932, "max_depth": 6.0, "num_boost_round": 20.0}, "datetime": {"datetime": "2024-01-19 00:16:25", "elapsed": 286.029938, "delta": 0.000534}}
{"target": -15.234162870364184, "params": {"gamma": 969.6257754550252, "log10_alpha": -4.630658614440133, "log10_colsample_bytree": -0.5918513639927071, "log10_eta": -0.09593137081038394, "log10_lambda": 0.27823579241650176, "log10_min_child_weight": 0.7322367665377533, "log10_subsample": -0.6428717472861932, "max_depth": 6.0, "num_boost_round": 21.0}, "datetime": {"datetime": "2024-01-19 00:16:25", "elapsed": 286.030469, "delta": 0.000531}}
{"target": -15.269000703616623, "params": {"gamma": 969.6257754550252, "log10_alpha": -4.630658614440133, "log10_colsample_bytree": -0.5918513639927071, "log10_eta": -0.09593137081038394, "log10_lambda": 0.27823579241650176, "log10_min_child_weight": 0.7322367665377533, "log10_subsample": -0.6428717472861932, "max_depth": 6.0, "num_boost_round": 22.0}, "datetime": {"datetime": "2024-01-19 00:16:25", "elapsed": 286.031002, "delta": 0.000533}}
{"target": -15.251987292792123, "params": {"gamma": 969.6257754550252, "log10_alpha": -4.630658614440133, "log10_colsample_bytree": -0.5918513639927071, "log10_eta": -0.09593137081038394, "log10_lambda": 0.27823579241650176, "log10_min_child_weight": 0.7322367665377533, "log10_subsample": -0.6428717472861932, "max_depth": 6.0, "num_boost_round": 23.0}, "datetime": {"datetime": "2024-01-19 00:16:25", "elapsed": 286.031529, "delta": 0.000527}}
{"target": -15.318696265398636, "params": {"gamma": 969.6257754550252, "log10_alpha": -4.630658614440133, "log10_colsample_bytree": -0.5918513639927071, "log10_eta": -0.09593137081038394, "log10_lambda": 0.27823579241650176, "log10_min_child_weight": 0.7322367665377533, "log10_subsample": -0.6428717472861932, "max_depth": 6.0, "num_boost_round": 24.0}, "datetime": {"datetime": "2024-01-19 00:16:25", "elapsed": 286.032061, "delta": 0.000532}}
{"target": -15.33368875574716, "params": {"gamma": 969.6257754550252, "log10_alpha": -4.630658614440133, "log10_colsample_bytree": -0.5918513639927071, "log10_eta": -0.09593137081038394, "log10_lambda": 0.27823579241650176, "log10_min_child_weight": 0.7322367665377533, "log10_subsample": -0.6428717472861932, "max_depth": 6.0, "num_boost_round": 25.0}, "datetime": {"datetime": "2024-01-19 00:16:25", "elapsed": 286.032598, "delta": 0.000537}}
{"target": -15.341691981803487, "params": {"gamma": 969.6257754550252, "log10_alpha": -4.630658614440133, "log10_colsample_bytree": -0.5918513639927071, "log10_eta": -0.09593137081038394, "log10_lambda": 0.27823579241650176, "log10_min_child_weight": 0.7322367665377533, "log10_subsample": -0.6428717472861932, "max_depth": 6.0, "num_boost_round": 26.0}, "datetime": {"datetime": "2024-01-19 00:16:25", "elapsed": 286.033145, "delta": 0.000547}}
{"target": -15.361486802200373, "params": {"gamma": 969.6257754550252, "log10_alpha": -4.630658614440133, "log10_colsample_bytree": -0.5918513639927071, "log10_eta": -0.09593137081038394, "log10_lambda": 0.27823579241650176, "log10_min_child_weight": 0.7322367665377533, "log10_subsample": -0.6428717472861932, "max_depth": 6.0, "num_boost_round": 27.0}, "datetime": {"datetime": "2024-01-19 00:16:25", "elapsed": 286.033686, "delta": 0.000541}}
{"target": -15.375425196788864, "params": {"gamma": 969.6257754550252, "log10_alpha": -4.630658614440133, "log10_colsample_bytree": -0.5918513639927071, "log10_eta": -0.09593137081038394, "log10_lambda": 0.27823579241650176, "log10_min_child_weight": 0.7322367665377533, "log10_subsample": -0.6428717472861932, "max_depth": 6.0, "num_boost_round": 28.0}, "datetime": {"datetime": "2024-01-19 00:16:25", "elapsed": 286.034226, "delta": 0.00054}}
{"target": -13.758416143732918, "params": {"gamma": 967.5450790130747, "log10_alpha": 0.923852566142715, "log10_colsample_bytree": -0.9395193329575866, "log10_eta": -1.426241720236463, "log10_lambda": -2.526804634730227, "log10_min_child_weight": 4.386595434391515, "log10_subsample": -0.007415452189127647, "max_depth": 2.0, "num_boost_round": 0.0}, "datetime": {"datetime": "2024-01-19 00:16:50", "elapsed": 311.467005, "delta": 25.432779}}
{"target": -13.758281445261138, "params": {"gamma": 967.5450790130747, "log10_alpha": 0.923852566142715, "log10_colsample_bytree": -0.9395193329575866, "log10_eta": -1.426241720236463, "log10_lambda": -2.526804634730227, "log10_min_child_weight": 4.386595434391515, "log10_subsample": -0.007415452189127647, "max_depth": 2.0, "num_boost_round": 1.0}, "datetime": {"datetime": "2024-01-19 00:16:50", "elapsed": 311.467741, "delta": 0.000736}}
{"target": -13.75859300447662, "params": {"gamma": 967.5450790130747, "log10_alpha": 0.923852566142715, "log10_colsample_bytree": -0.9395193329575866, "log10_eta": -1.426241720236463, "log10_lambda": -2.526804634730227, "log10_min_child_weight": 4.386595434391515, "log10_subsample": -0.007415452189127647, "max_depth": 2.0, "num_boost_round": 2.0}, "datetime": {"datetime": "2024-01-19 00:16:50", "elapsed": 311.46901, "delta": 0.001269}}
{"target": -13.75865761796695, "params": {"gamma": 967.5450790130747, "log10_alpha": 0.923852566142715, "log10_colsample_bytree": -0.9395193329575866, "log10_eta": -1.426241720236463, "log10_lambda": -2.526804634730227, "log10_min_child_weight": 4.386595434391515, "log10_subsample": -0.007415452189127647, "max_depth": 2.0, "num_boost_round": 3.0}, "datetime": {"datetime": "2024-01-19 00:16:50", "elapsed": 311.470069, "delta": 0.001059}}
{"target": -13.758599665915641, "params": {"gamma": 967.5450790130747, "log10_alpha": 0.923852566142715, "log10_colsample_bytree": -0.9395193329575866, "log10_eta": -1.426241720236463, "log10_lambda": -2.526804634730227, "log10_min_child_weight": 4.386595434391515, "log10_subsample": -0.007415452189127647, "max_depth": 2.0, "num_boost_round": 4.0}, "datetime": {"datetime": "2024-01-19 00:16:50", "elapsed": 311.470634, "delta": 0.000565}}
{"target": -13.758380684293071, "params": {"gamma": 967.5450790130747, "log10_alpha": 0.923852566142715, "log10_colsample_bytree": -0.9395193329575866, "log10_eta": -1.426241720236463, "log10_lambda": -2.526804634730227, "log10_min_child_weight": 4.386595434391515, "log10_subsample": -0.007415452189127647, "max_depth": 2.0, "num_boost_round": 5.0}, "datetime": {"datetime": "2024-01-19 00:16:50", "elapsed": 311.471199, "delta": 0.000565}}
{"target": -13.758527984071339, "params": {"gamma": 967.5450790130747, "log10_alpha": 0.923852566142715, "log10_colsample_bytree": -0.9395193329575866, "log10_eta": -1.426241720236463, "log10_lambda": -2.526804634730227, "log10_min_child_weight": 4.386595434391515, "log10_subsample": -0.007415452189127647, "max_depth": 2.0, "num_boost_round": 6.0}, "datetime": {"datetime": "2024-01-19 00:16:50", "elapsed": 311.471757, "delta": 0.000558}}
{"target": -13.758396941742065, "params": {"gamma": 967.5450790130747, "log10_alpha": 0.923852566142715, "log10_colsample_bytree": -0.9395193329575866, "log10_eta": -1.426241720236463, "log10_lambda": -2.526804634730227, "log10_min_child_weight": 4.386595434391515, "log10_subsample": -0.007415452189127647, "max_depth": 2.0, "num_boost_round": 7.0}, "datetime": {"datetime": "2024-01-19 00:16:50", "elapsed": 311.472431, "delta": 0.000674}}
{"target": -13.758704712977021, "params": {"gamma": 967.5450790130747, "log10_alpha": 0.923852566142715, "log10_colsample_bytree": -0.9395193329575866, "log10_eta": -1.426241720236463, "log10_lambda": -2.526804634730227, "log10_min_child_weight": 4.386595434391515, "log10_subsample": -0.007415452189127647, "max_depth": 2.0, "num_boost_round": 8.0}, "datetime": {"datetime": "2024-01-19 00:16:50", "elapsed": 311.473002, "delta": 0.000571}}
{"target": -13.758452016337033, "params": {"gamma": 967.5450790130747, "log10_alpha": 0.923852566142715, "log10_colsample_bytree": -0.9395193329575866, "log10_eta": -1.426241720236463, "log10_lambda": -2.526804634730227, "log10_min_child_weight": 4.386595434391515, "log10_subsample": -0.007415452189127647, "max_depth": 2.0, "num_boost_round": 9.0}, "datetime": {"datetime": "2024-01-19 00:16:50", "elapsed": 311.473565, "delta": 0.000563}}
{"target": -13.758475426526942, "params": {"gamma": 967.5450790130747, "log10_alpha": 0.923852566142715, "log10_colsample_bytree": -0.9395193329575866, "log10_eta": -1.426241720236463, "log10_lambda": -2.526804634730227, "log10_min_child_weight": 4.386595434391515, "log10_subsample": -0.007415452189127647, "max_depth": 2.0, "num_boost_round": 10.0}, "datetime": {"datetime": "2024-01-19 00:16:50", "elapsed": 311.474132, "delta": 0.000567}}
{"target": -13.758246190223478, "params": {"gamma": 967.5450790130747, "log10_alpha": 0.923852566142715, "log10_colsample_bytree": -0.9395193329575866, "log10_eta": -1.426241720236463, "log10_lambda": -2.526804634730227, "log10_min_child_weight": 4.386595434391515, "log10_subsample": -0.007415452189127647, "max_depth": 2.0, "num_boost_round": 11.0}, "datetime": {"datetime": "2024-01-19 00:16:50", "elapsed": 311.474695, "delta": 0.000563}}
{"target": -13.758012754920447, "params": {"gamma": 967.5450790130747, "log10_alpha": 0.923852566142715, "log10_colsample_bytree": -0.9395193329575866, "log10_eta": -1.426241720236463, "log10_lambda": -2.526804634730227, "log10_min_child_weight": 4.386595434391515, "log10_subsample": -0.007415452189127647, "max_depth": 2.0, "num_boost_round": 12.0}, "datetime": {"datetime": "2024-01-19 00:16:50", "elapsed": 311.475267, "delta": 0.000572}}
{"target": -13.758009516921867, "params": {"gamma": 967.5450790130747, "log10_alpha": 0.923852566142715, "log10_colsample_bytree": -0.9395193329575866, "log10_eta": -1.426241720236463, "log10_lambda": -2.526804634730227, "log10_min_child_weight": 4.386595434391515, "log10_subsample": -0.007415452189127647, "max_depth": 2.0, "num_boost_round": 13.0}, "datetime": {"datetime": "2024-01-19 00:16:50", "elapsed": 311.475839, "delta": 0.000572}}
{"target": -13.75794607362759, "params": {"gamma": 967.5450790130747, "log10_alpha": 0.923852566142715, "log10_colsample_bytree": -0.9395193329575866, "log10_eta": -1.426241720236463, "log10_lambda": -2.526804634730227, "log10_min_child_weight": 4.386595434391515, "log10_subsample": -0.007415452189127647, "max_depth": 2.0, "num_boost_round": 14.0}, "datetime": {"datetime": "2024-01-19 00:16:50", "elapsed": 311.476423, "delta": 0.000584}}
{"target": -13.757781586599716, "params": {"gamma": 967.5450790130747, "log10_alpha": 0.923852566142715, "log10_colsample_bytree": -0.9395193329575866, "log10_eta": -1.426241720236463, "log10_lambda": -2.526804634730227, "log10_min_child_weight": 4.386595434391515, "log10_subsample": -0.007415452189127647, "max_depth": 2.0, "num_boost_round": 15.0}, "datetime": {"datetime": "2024-01-19 00:16:50", "elapsed": 311.47705, "delta": 0.000627}}
{"target": -13.757794481734118, "params": {"gamma": 967.5450790130747, "log10_alpha": 0.923852566142715, "log10_colsample_bytree": -0.9395193329575866, "log10_eta": -1.426241720236463, "log10_lambda": -2.526804634730227, "log10_min_child_weight": 4.386595434391515, "log10_subsample": -0.007415452189127647, "max_depth": 2.0, "num_boost_round": 16.0}, "datetime": {"datetime": "2024-01-19 00:16:50", "elapsed": 311.477618, "delta": 0.000568}}
