{"target": -17.676527840005328, "params": {"gamma": 637.4845276149736, "log10_alpha": -4.4292473463536535, "log10_colsample_bytree": -0.021648863356502845, "log10_eta": -1.6090522573934933, "log10_lambda": -3.339732216507124, "log10_min_child_weight": 4.27059827276458, "log10_subsample": -0.8451222709743089, "max_depth": 8.0, "num_boost_round": 17.0}, "datetime": {"datetime": "2024-01-19 01:17:25", "elapsed": 3942.724859, "delta": 0.003968}}
{"target": -17.67681900873829, "params": {"gamma": 637.4845276149736, "log10_alpha": -4.4292473463536535, "log10_colsample_bytree": -0.021648863356502845, "log10_eta": -1.6090522573934933, "log10_lambda": -3.339732216507124, "log10_min_child_weight": 4.27059827276458, "log10_subsample": -0.8451222709743089, "max_depth": 8.0, "num_boost_round": 18.0}, "datetime": {"datetime": "2024-01-19 01:17:25", "elapsed": 3942.728798, "delta": 0.003939}}
{"target": -17.676780191502544, "params": {"gamma": 637.4845276149736, "log10_alpha": -4.4292473463536535, "log10_colsample_bytree": -0.021648863356502845, "log10_eta": -1.6090522573934933, "log10_lambda": -3.339732216507124, "log10_min_child_weight": 4.27059827276458, "log10_subsample": -0.8451222709743089, "max_depth": 8.0, "num_boost_round": 19.0}, "datetime": {"datetime": "2024-01-19 01:17:25", "elapsed": 3942.732866, "delta": 0.004068}}
{"target": -17.676913486292218, "params": {"gamma": 637.4845276149736, "log10_alpha": -4.4292473463536535, "log10_colsample_bytree": -0.021648863356502845, "log10_eta": -1.6090522573934933, "log10_lambda": -3.339732216507124, "log10_min_child_weight": 4.27059827276458, "log10_subsample": -0.8451222709743089, "max_depth": 8.0, "num_boost_round": 20.0}, "datetime": {"datetime": "2024-01-19 01:17:25", "elapsed": 3942.736862, "delta": 0.003996}}
{"target": -17.676916808459342, "params": {"gamma": 637.4845276149736, "log10_alpha": -4.4292473463536535, "log10_colsample_bytree": -0.021648863356502845, "log10_eta": -1.6090522573934933, "log10_lambda": -3.339732216507124, "log10_min_child_weight": 4.27059827276458, "log10_subsample": -0.8451222709743089, "max_depth": 8.0, "num_boost_round": 21.0}, "datetime": {"datetime": "2024-01-19 01:17:25", "elapsed": 3942.740778, "delta": 0.003916}}
{"target": -17.677082328234373, "params": {"gamma": 637.4845276149736, "log10_alpha": -4.4292473463536535, "log10_colsample_bytree": -0.021648863356502845, "log10_eta": -1.6090522573934933, "log10_lambda": -3.339732216507124, "log10_min_child_weight": 4.27059827276458, "log10_subsample": -0.8451222709743089, "max_depth": 8.0, "num_boost_round": 22.0}, "datetime": {"datetime": "2024-01-19 01:17:25", "elapsed": 3942.74481, "delta": 0.004032}}
{"target": -17.67721911109635, "params": {"gamma": 644.503725673873, "log10_alpha": -3.9042365779834727, "log10_colsample_bytree": -0.8770161339804551, "log10_eta": -2.6265065270937074, "log10_lambda": -1.5484015743813133, "log10_min_child_weight": 4.289938605041526, "log10_subsample": -0.9204765021372768, "max_depth": 9.0, "num_boost_round": 0.0}, "datetime": {"datetime": "2024-01-19 01:17:58", "elapsed": 3976.213855, "delta": 33.469045}}
{"target": -17.67720705142502, "params": {"gamma": 644.503725673873, "log10_alpha": -3.9042365779834727, "log10_colsample_bytree": -0.8770161339804551, "log10_eta": -2.6265065270937074, "log10_lambda": -1.5484015743813133, "log10_min_child_weight": 4.289938605041526, "log10_subsample": -0.9204765021372768, "max_depth": 9.0, "num_boost_round": 1.0}, "datetime": {"datetime": "2024-01-19 01:17:58", "elapsed": 3976.218871, "delta": 0.005016}}
{"target": -17.677215800214828, "params": {"gamma": 644.503725673873, "log10_alpha": -3.9042365779834727, "log10_colsample_bytree": -0.8770161339804551, "log10_eta": -2.6265065270937074, "log10_lambda": -1.5484015743813133, "log10_min_child_weight": 4.289938605041526, "log10_subsample": -0.9204765021372768, "max_depth": 9.0, "num_boost_round": 2.0}, "datetime": {"datetime": "2024-01-19 01:17:58", "elapsed": 3976.222962, "delta": 0.004091}}
{"target": -17.677199044685718, "params": {"gamma": 644.503725673873, "log10_alpha": -3.9042365779834727, "log10_colsample_bytree": -0.8770161339804551, "log10_eta": -2.6265065270937074, "log10_lambda": -1.5484015743813133, "log10_min_child_weight": 4.289938605041526, "log10_subsample": -0.9204765021372768, "max_depth": 9.0, "num_boost_round": 3.0}, "datetime": {"datetime": "2024-01-19 01:17:58", "elapsed": 3976.226853, "delta": 0.003891}}
{"target": -17.6771911879948, "params": {"gamma": 644.503725673873, "log10_alpha": -3.9042365779834727, "log10_colsample_bytree": -0.8770161339804551, "log10_eta": -2.6265065270937074, "log10_lambda": -1.5484015743813133, "log10_min_child_weight": 4.289938605041526, "log10_subsample": -0.9204765021372768, "max_depth": 9.0, "num_boost_round": 4.0}, "datetime": {"datetime": "2024-01-19 01:17:58", "elapsed": 3976.23091, "delta": 0.004057}}
{"target": -17.677189308777113, "params": {"gamma": 644.503725673873, "log10_alpha": -3.9042365779834727, "log10_colsample_bytree": -0.8770161339804551, "log10_eta": -2.6265065270937074, "log10_lambda": -1.5484015743813133, "log10_min_child_weight": 4.289938605041526, "log10_subsample": -0.9204765021372768, "max_depth": 9.0, "num_boost_round": 5.0}, "datetime": {"datetime": "2024-01-19 01:17:58", "elapsed": 3976.234879, "delta": 0.003969}}
{"target": -17.677163332961136, "params": {"gamma": 644.503725673873, "log10_alpha": -3.9042365779834727, "log10_colsample_bytree": -0.8770161339804551, "log10_eta": -2.6265065270937074, "log10_lambda": -1.5484015743813133, "log10_min_child_weight": 4.289938605041526, "log10_subsample": -0.9204765021372768, "max_depth": 9.0, "num_boost_round": 6.0}, "datetime": {"datetime": "2024-01-19 01:17:58", "elapsed": 3976.238957, "delta": 0.004078}}
{"target": -17.677157240659195, "params": {"gamma": 644.503725673873, "log10_alpha": -3.9042365779834727, "log10_colsample_bytree": -0.8770161339804551, "log10_eta": -2.6265065270937074, "log10_lambda": -1.5484015743813133, "log10_min_child_weight": 4.289938605041526, "log10_subsample": -0.9204765021372768, "max_depth": 9.0, "num_boost_round": 7.0}, "datetime": {"datetime": "2024-01-19 01:17:58", "elapsed": 3976.243043, "delta": 0.004086}}
{"target": -17.67713168746331, "params": {"gamma": 644.503725673873, "log10_alpha": -3.9042365779834727, "log10_colsample_bytree": -0.8770161339804551, "log10_eta": -2.6265065270937074, "log10_lambda": -1.5484015743813133, "log10_min_child_weight": 4.289938605041526, "log10_subsample": -0.9204765021372768, "max_depth": 9.0, "num_boost_round": 8.0}, "datetime": {"datetime": "2024-01-19 01:17:58", "elapsed": 3976.24694, "delta": 0.003897}}
{"target": -17.677136700726898, "params": {"gamma": 644.503725673873, "log10_alpha": -3.9042365779834727, "log10_colsample_bytree": -0.8770161339804551, "log10_eta": -2.6265065270937074, "log10_lambda": -1.5484015743813133, "log10_min_child_weight": 4.289938605041526, "log10_subsample": -0.9204765021372768, "max_depth": 9.0, "num_boost_round": 9.0}, "datetime": {"datetime": "2024-01-19 01:17:58", "elapsed": 3976.251011, "delta": 0.004071}}
{"target": -17.677135789813253, "params": {"gamma": 644.503725673873, "log10_alpha": -3.9042365779834727, "log10_colsample_bytree": -0.8770161339804551, "log10_eta": -2.6265065270937074, "log10_lambda": -1.5484015743813133, "log10_min_child_weight": 4.289938605041526, "log10_subsample": -0.9204765021372768, "max_depth": 9.0, "num_boost_round": 10.0}, "datetime": {"datetime": "2024-01-19 01:17:58", "elapsed": 3976.255058, "delta": 0.004047}}
{"target": -17.67711541890108, "params": {"gamma": 644.503725673873, "log10_alpha": -3.9042365779834727, "log10_colsample_bytree": -0.8770161339804551, "log10_eta": -2.6265065270937074, "log10_lambda": -1.5484015743813133, "log10_min_child_weight": 4.289938605041526, "log10_subsample": -0.9204765021372768, "max_depth": 9.0, "num_boost_round": 11.0}, "datetime": {"datetime": "2024-01-19 01:17:58", "elapsed": 3976.258965, "delta": 0.003907}}
{"target": -17.67814812543088, "params": {"gamma": 638.6142182609617, "log10_alpha": -4.890021334178383, "log10_colsample_bytree": -0.47305655052350737, "log10_eta": -0.9256296016329446, "log10_lambda": -0.6662054016227446, "log10_min_child_weight": 1.2857531102368362, "log10_subsample": -0.06021540558187333, "max_depth": 7.0, "num_boost_round": 0.0}, "datetime": {"datetime": "2024-01-19 01:18:41", "elapsed": 4018.535597, "delta": 42.276632}}
{"target": -17.685047909251406, "params": {"gamma": 638.6142182609617, "log10_alpha": -4.890021334178383, "log10_colsample_bytree": -0.47305655052350737, "log10_eta": -0.9256296016329446, "log10_lambda": -0.6662054016227446, "log10_min_child_weight": 1.2857531102368362, "log10_subsample": -0.06021540558187333, "max_depth": 7.0, "num_boost_round": 1.0}, "datetime": {"datetime": "2024-01-19 01:18:41", "elapsed": 4018.540194, "delta": 0.004597}}
{"target": -17.69510037554113, "params": {"gamma": 638.6142182609617, "log10_alpha": -4.890021334178383, "log10_colsample_bytree": -0.47305655052350737, "log10_eta": -0.9256296016329446, "log10_lambda": -0.6662054016227446, "log10_min_child_weight": 1.2857531102368362, "log10_subsample": -0.06021540558187333, "max_depth": 7.0, "num_boost_round": 2.0}, "datetime": {"datetime": "2024-01-19 01:18:41", "elapsed": 4018.544454, "delta": 0.00426}}
{"target": -17.70101880367115, "params": {"gamma": 638.6142182609617, "log10_alpha": -4.890021334178383, "log10_colsample_bytree": -0.47305655052350737, "log10_eta": -0.9256296016329446, "log10_lambda": -0.6662054016227446, "log10_min_child_weight": 1.2857531102368362, "log10_subsample": -0.06021540558187333, "max_depth": 7.0, "num_boost_round": 3.0}, "datetime": {"datetime": "2024-01-19 01:18:41", "elapsed": 4018.54856, "delta": 0.004106}}
{"target": -17.704135946388238, "params": {"gamma": 638.6142182609617, "log10_alpha": -4.890021334178383, "log10_colsample_bytree": -0.47305655052350737, "log10_eta": -0.9256296016329446, "log10_lambda": -0.6662054016227446, "log10_min_child_weight": 1.2857531102368362, "log10_subsample": -0.06021540558187333, "max_depth": 7.0, "num_boost_round": 4.0}, "datetime": {"datetime": "2024-01-19 01:18:41", "elapsed": 4018.552652, "delta": 0.004092}}
{"target": -17.717729316506894, "params": {"gamma": 638.6142182609617, "log10_alpha": -4.890021334178383, "log10_colsample_bytree": -0.47305655052350737, "log10_eta": -0.9256296016329446, "log10_lambda": -0.6662054016227446, "log10_min_child_weight": 1.2857531102368362, "log10_subsample": -0.06021540558187333, "max_depth": 7.0, "num_boost_round": 5.0}, "datetime": {"datetime": "2024-01-19 01:18:41", "elapsed": 4018.556653, "delta": 0.004001}}
{"target": -17.72880548838724, "params": {"gamma": 638.6142182609617, "log10_alpha": -4.890021334178383, "log10_colsample_bytree": -0.47305655052350737, "log10_eta": -0.9256296016329446, "log10_lambda": -0.6662054016227446, "log10_min_child_weight": 1.2857531102368362, "log10_subsample": -0.06021540558187333, "max_depth": 7.0, "num_boost_round": 6.0}, "datetime": {"datetime": "2024-01-19 01:18:41", "elapsed": 4018.560589, "delta": 0.003936}}
{"target": -17.7455254822882, "params": {"gamma": 638.6142182609617, "log10_alpha": -4.890021334178383, "log10_colsample_bytree": -0.47305655052350737, "log10_eta": -0.9256296016329446, "log10_lambda": -0.6662054016227446, "log10_min_child_weight": 1.2857531102368362, "log10_subsample": -0.06021540558187333, "max_depth": 7.0, "num_boost_round": 7.0}, "datetime": {"datetime": "2024-01-19 01:18:41", "elapsed": 4018.564499, "delta": 0.00391}}
{"target": -17.743388943296935, "params": {"gamma": 638.6142182609617, "log10_alpha": -4.890021334178383, "log10_colsample_bytree": -0.47305655052350737, "log10_eta": -0.9256296016329446, "log10_lambda": -0.6662054016227446, "log10_min_child_weight": 1.2857531102368362, "log10_subsample": -0.06021540558187333, "max_depth": 7.0, "num_boost_round": 8.0}, "datetime": {"datetime": "2024-01-19 01:18:41", "elapsed": 4018.568438, "delta": 0.003939}}
{"target": -17.762436429687337, "params": {"gamma": 638.6142182609617, "log10_alpha": -4.890021334178383, "log10_colsample_bytree": -0.47305655052350737, "log10_eta": -0.9256296016329446, "log10_lambda": -0.6662054016227446, "log10_min_child_weight": 1.2857531102368362, "log10_subsample": -0.06021540558187333, "max_depth": 7.0, "num_boost_round": 9.0}, "datetime": {"datetime": "2024-01-19 01:18:41", "elapsed": 4018.572994, "delta": 0.004556}}
{"target": -17.76966091950331, "params": {"gamma": 638.6142182609617, "log10_alpha": -4.890021334178383, "log10_colsample_bytree": -0.47305655052350737, "log10_eta": -0.9256296016329446, "log10_lambda": -0.6662054016227446, "log10_min_child_weight": 1.2857531102368362, "log10_subsample": -0.06021540558187333, "max_depth": 7.0, "num_boost_round": 10.0}, "datetime": {"datetime": "2024-01-19 01:18:41", "elapsed": 4018.577645, "delta": 0.004651}}
{"target": -17.774314615632495, "params": {"gamma": 638.6142182609617, "log10_alpha": -4.890021334178383, "log10_colsample_bytree": -0.47305655052350737, "log10_eta": -0.9256296016329446, "log10_lambda": -0.6662054016227446, "log10_min_child_weight": 1.2857531102368362, "log10_subsample": -0.06021540558187333, "max_depth": 7.0, "num_boost_round": 11.0}, "datetime": {"datetime": "2024-01-19 01:18:41", "elapsed": 4018.58177, "delta": 0.004125}}
{"target": -17.782938511346973, "params": {"gamma": 638.6142182609617, "log10_alpha": -4.890021334178383, "log10_colsample_bytree": -0.47305655052350737, "log10_eta": -0.9256296016329446, "log10_lambda": -0.6662054016227446, "log10_min_child_weight": 1.2857531102368362, "log10_subsample": -0.06021540558187333, "max_depth": 7.0, "num_boost_round": 12.0}, "datetime": {"datetime": "2024-01-19 01:18:41", "elapsed": 4018.585728, "delta": 0.003958}}
{"target": -17.79914542955302, "params": {"gamma": 638.6142182609617, "log10_alpha": -4.890021334178383, "log10_colsample_bytree": -0.47305655052350737, "log10_eta": -0.9256296016329446, "log10_lambda": -0.6662054016227446, "log10_min_child_weight": 1.2857531102368362, "log10_subsample": -0.06021540558187333, "max_depth": 7.0, "num_boost_round": 13.0}, "datetime": {"datetime": "2024-01-19 01:18:41", "elapsed": 4018.589708, "delta": 0.00398}}
{"target": -17.803340108811938, "params": {"gamma": 638.6142182609617, "log10_alpha": -4.890021334178383, "log10_colsample_bytree": -0.47305655052350737, "log10_eta": -0.9256296016329446, "log10_lambda": -0.6662054016227446, "log10_min_child_weight": 1.2857531102368362, "log10_subsample": -0.06021540558187333, "max_depth": 7.0, "num_boost_round": 14.0}, "datetime": {"datetime": "2024-01-19 01:18:41", "elapsed": 4018.593648, "delta": 0.00394}}
{"target": -17.809467537424215, "params": {"gamma": 638.6142182609617, "log10_alpha": -4.890021334178383, "log10_colsample_bytree": -0.47305655052350737, "log10_eta": -0.9256296016329446, "log10_lambda": -0.6662054016227446, "log10_min_child_weight": 1.2857531102368362, "log10_subsample": -0.06021540558187333, "max_depth": 7.0, "num_boost_round": 15.0}, "datetime": {"datetime": "2024-01-19 01:18:41", "elapsed": 4018.597547, "delta": 0.003899}}
{"target": -17.82019829694294, "params": {"gamma": 638.6142182609617, "log10_alpha": -4.890021334178383, "log10_colsample_bytree": -0.47305655052350737, "log10_eta": -0.9256296016329446, "log10_lambda": -0.6662054016227446, "log10_min_child_weight": 1.2857531102368362, "log10_subsample": -0.06021540558187333, "max_depth": 7.0, "num_boost_round": 16.0}, "datetime": {"datetime": "2024-01-19 01:18:41", "elapsed": 4018.601495, "delta": 0.003948}}
{"target": -17.840322126101178, "params": {"gamma": 638.6142182609617, "log10_alpha": -4.890021334178383, "log10_colsample_bytree": -0.47305655052350737, "log10_eta": -0.9256296016329446, "log10_lambda": -0.6662054016227446, "log10_min_child_weight": 1.2857531102368362, "log10_subsample": -0.06021540558187333, "max_depth": 7.0, "num_boost_round": 17.0}, "datetime": {"datetime": "2024-01-19 01:18:41", "elapsed": 4018.605609, "delta": 0.004114}}
{"target": -17.844734290456532, "params": {"gamma": 638.6142182609617, "log10_alpha": -4.890021334178383, "log10_colsample_bytree": -0.47305655052350737, "log10_eta": -0.9256296016329446, "log10_lambda": -0.6662054016227446, "log10_min_child_weight": 1.2857531102368362, "log10_subsample": -0.06021540558187333, "max_depth": 7.0, "num_boost_round": 18.0}, "datetime": {"datetime": "2024-01-19 01:18:41", "elapsed": 4018.609692, "delta": 0.004083}}
{"target": -17.853989307202365, "params": {"gamma": 638.6142182609617, "log10_alpha": -4.890021334178383, "log10_colsample_bytree": -0.47305655052350737, "log10_eta": -0.9256296016329446, "log10_lambda": -0.6662054016227446, "log10_min_child_weight": 1.2857531102368362, "log10_subsample": -0.06021540558187333, "max_depth": 7.0, "num_boost_round": 19.0}, "datetime": {"datetime": "2024-01-19 01:18:41", "elapsed": 4018.613659, "delta": 0.003967}}
{"target": -17.869727845174296, "params": {"gamma": 638.6142182609617, "log10_alpha": -4.890021334178383, "log10_colsample_bytree": -0.47305655052350737, "log10_eta": -0.9256296016329446, "log10_lambda": -0.6662054016227446, "log10_min_child_weight": 1.2857531102368362, "log10_subsample": -0.06021540558187333, "max_depth": 7.0, "num_boost_round": 20.0}, "datetime": {"datetime": "2024-01-19 01:18:41", "elapsed": 4018.617576, "delta": 0.003917}}
{"target": -17.897643062904653, "params": {"gamma": 638.6142182609617, "log10_alpha": -4.890021334178383, "log10_colsample_bytree": -0.47305655052350737, "log10_eta": -0.9256296016329446, "log10_lambda": -0.6662054016227446, "log10_min_child_weight": 1.2857531102368362, "log10_subsample": -0.06021540558187333, "max_depth": 7.0, "num_boost_round": 21.0}, "datetime": {"datetime": "2024-01-19 01:18:41", "elapsed": 4018.621619, "delta": 0.004043}}
{"target": -17.90202846088306, "params": {"gamma": 638.6142182609617, "log10_alpha": -4.890021334178383, "log10_colsample_bytree": -0.47305655052350737, "log10_eta": -0.9256296016329446, "log10_lambda": -0.6662054016227446, "log10_min_child_weight": 1.2857531102368362, "log10_subsample": -0.06021540558187333, "max_depth": 7.0, "num_boost_round": 22.0}, "datetime": {"datetime": "2024-01-19 01:18:41", "elapsed": 4018.625707, "delta": 0.004088}}
{"target": -17.934078821809806, "params": {"gamma": 638.6142182609617, "log10_alpha": -4.890021334178383, "log10_colsample_bytree": -0.47305655052350737, "log10_eta": -0.9256296016329446, "log10_lambda": -0.6662054016227446, "log10_min_child_weight": 1.2857531102368362, "log10_subsample": -0.06021540558187333, "max_depth": 7.0, "num_boost_round": 23.0}, "datetime": {"datetime": "2024-01-19 01:18:41", "elapsed": 4018.629769, "delta": 0.004062}}
{"target": -17.948876902107294, "params": {"gamma": 638.6142182609617, "log10_alpha": -4.890021334178383, "log10_colsample_bytree": -0.47305655052350737, "log10_eta": -0.9256296016329446, "log10_lambda": -0.6662054016227446, "log10_min_child_weight": 1.2857531102368362, "log10_subsample": -0.06021540558187333, "max_depth": 7.0, "num_boost_round": 24.0}, "datetime": {"datetime": "2024-01-19 01:18:41", "elapsed": 4018.63382, "delta": 0.004051}}
{"target": -17.952074304430273, "params": {"gamma": 638.6142182609617, "log10_alpha": -4.890021334178383, "log10_colsample_bytree": -0.47305655052350737, "log10_eta": -0.9256296016329446, "log10_lambda": -0.6662054016227446, "log10_min_child_weight": 1.2857531102368362, "log10_subsample": -0.06021540558187333, "max_depth": 7.0, "num_boost_round": 25.0}, "datetime": {"datetime": "2024-01-19 01:18:41", "elapsed": 4018.637893, "delta": 0.004073}}
{"target": -17.963978946401976, "params": {"gamma": 638.6142182609617, "log10_alpha": -4.890021334178383, "log10_colsample_bytree": -0.47305655052350737, "log10_eta": -0.9256296016329446, "log10_lambda": -0.6662054016227446, "log10_min_child_weight": 1.2857531102368362, "log10_subsample": -0.06021540558187333, "max_depth": 7.0, "num_boost_round": 26.0}, "datetime": {"datetime": "2024-01-19 01:18:41", "elapsed": 4018.641836, "delta": 0.003943}}
{"target": -17.969616307235736, "params": {"gamma": 638.6142182609617, "log10_alpha": -4.890021334178383, "log10_colsample_bytree": -0.47305655052350737, "log10_eta": -0.9256296016329446, "log10_lambda": -0.6662054016227446, "log10_min_child_weight": 1.2857531102368362, "log10_subsample": -0.06021540558187333, "max_depth": 7.0, "num_boost_round": 27.0}, "datetime": {"datetime": "2024-01-19 01:18:41", "elapsed": 4018.645768, "delta": 0.003932}}
{"target": -17.972073470664377, "params": {"gamma": 638.6142182609617, "log10_alpha": -4.890021334178383, "log10_colsample_bytree": -0.47305655052350737, "log10_eta": -0.9256296016329446, "log10_lambda": -0.6662054016227446, "log10_min_child_weight": 1.2857531102368362, "log10_subsample": -0.06021540558187333, "max_depth": 7.0, "num_boost_round": 28.0}, "datetime": {"datetime": "2024-01-19 01:18:41", "elapsed": 4018.649773, "delta": 0.004005}}
{"target": -17.974004372315044, "params": {"gamma": 638.6142182609617, "log10_alpha": -4.890021334178383, "log10_colsample_bytree": -0.47305655052350737, "log10_eta": -0.9256296016329446, "log10_lambda": -0.6662054016227446, "log10_min_child_weight": 1.2857531102368362, "log10_subsample": -0.06021540558187333, "max_depth": 7.0, "num_boost_round": 29.0}, "datetime": {"datetime": "2024-01-19 01:18:41", "elapsed": 4018.653844, "delta": 0.004071}}
{"target": -17.98211414282701, "params": {"gamma": 638.6142182609617, "log10_alpha": -4.890021334178383, "log10_colsample_bytree": -0.47305655052350737, "log10_eta": -0.9256296016329446, "log10_lambda": -0.6662054016227446, "log10_min_child_weight": 1.2857531102368362, "log10_subsample": -0.06021540558187333, "max_depth": 7.0, "num_boost_round": 30.0}, "datetime": {"datetime": "2024-01-19 01:18:41", "elapsed": 4018.657932, "delta": 0.004088}}
