{"target": -14.061368313449872, "params": {"gamma": 498.3503767265348, "log10_alpha": -1.7345076268295987, "log10_colsample_bytree": -0.825112789096789, "log10_eta": -0.3820451331867898, "log10_lambda": -1.3951178477183759, "log10_min_child_weight": 2.089881895255308, "log10_subsample": -0.18369177410925353, "max_depth": 9.0, "num_boost_round": 6.0}, "datetime": {"datetime": "2024-01-19 01:08:17", "elapsed": 3401.395642, "delta": 0.004224}}
{"target": -14.171680193725342, "params": {"gamma": 498.3503767265348, "log10_alpha": -1.7345076268295987, "log10_colsample_bytree": -0.825112789096789, "log10_eta": -0.3820451331867898, "log10_lambda": -1.3951178477183759, "log10_min_child_weight": 2.089881895255308, "log10_subsample": -0.18369177410925353, "max_depth": 9.0, "num_boost_round": 7.0}, "datetime": {"datetime": "2024-01-19 01:08:17", "elapsed": 3401.399771, "delta": 0.004129}}
{"target": -14.205809985428976, "params": {"gamma": 498.3503767265348, "log10_alpha": -1.7345076268295987, "log10_colsample_bytree": -0.825112789096789, "log10_eta": -0.3820451331867898, "log10_lambda": -1.3951178477183759, "log10_min_child_weight": 2.089881895255308, "log10_subsample": -0.18369177410925353, "max_depth": 9.0, "num_boost_round": 8.0}, "datetime": {"datetime": "2024-01-19 01:08:17", "elapsed": 3401.403945, "delta": 0.004174}}
{"target": -14.233093439594171, "params": {"gamma": 498.3503767265348, "log10_alpha": -1.7345076268295987, "log10_colsample_bytree": -0.825112789096789, "log10_eta": -0.3820451331867898, "log10_lambda": -1.3951178477183759, "log10_min_child_weight": 2.089881895255308, "log10_subsample": -0.18369177410925353, "max_depth": 9.0, "num_boost_round": 9.0}, "datetime": {"datetime": "2024-01-19 01:08:17", "elapsed": 3401.408099, "delta": 0.004154}}
{"target": -14.262693190031074, "params": {"gamma": 498.3503767265348, "log10_alpha": -1.7345076268295987, "log10_colsample_bytree": -0.825112789096789, "log10_eta": -0.3820451331867898, "log10_lambda": -1.3951178477183759, "log10_min_child_weight": 2.089881895255308, "log10_subsample": -0.18369177410925353, "max_depth": 9.0, "num_boost_round": 10.0}, "datetime": {"datetime": "2024-01-19 01:08:17", "elapsed": 3401.412346, "delta": 0.004247}}
{"target": -14.304008433016262, "params": {"gamma": 498.3503767265348, "log10_alpha": -1.7345076268295987, "log10_colsample_bytree": -0.825112789096789, "log10_eta": -0.3820451331867898, "log10_lambda": -1.3951178477183759, "log10_min_child_weight": 2.089881895255308, "log10_subsample": -0.18369177410925353, "max_depth": 9.0, "num_boost_round": 11.0}, "datetime": {"datetime": "2024-01-19 01:08:17", "elapsed": 3401.416549, "delta": 0.004203}}
{"target": -14.332676903878077, "params": {"gamma": 498.3503767265348, "log10_alpha": -1.7345076268295987, "log10_colsample_bytree": -0.825112789096789, "log10_eta": -0.3820451331867898, "log10_lambda": -1.3951178477183759, "log10_min_child_weight": 2.089881895255308, "log10_subsample": -0.18369177410925353, "max_depth": 9.0, "num_boost_round": 12.0}, "datetime": {"datetime": "2024-01-19 01:08:17", "elapsed": 3401.421116, "delta": 0.004567}}
{"target": -14.353466767080588, "params": {"gamma": 498.3503767265348, "log10_alpha": -1.7345076268295987, "log10_colsample_bytree": -0.825112789096789, "log10_eta": -0.3820451331867898, "log10_lambda": -1.3951178477183759, "log10_min_child_weight": 2.089881895255308, "log10_subsample": -0.18369177410925353, "max_depth": 9.0, "num_boost_round": 13.0}, "datetime": {"datetime": "2024-01-19 01:08:17", "elapsed": 3401.425392, "delta": 0.004276}}
{"target": -14.391328403517322, "params": {"gamma": 498.3503767265348, "log10_alpha": -1.7345076268295987, "log10_colsample_bytree": -0.825112789096789, "log10_eta": -0.3820451331867898, "log10_lambda": -1.3951178477183759, "log10_min_child_weight": 2.089881895255308, "log10_subsample": -0.18369177410925353, "max_depth": 9.0, "num_boost_round": 14.0}, "datetime": {"datetime": "2024-01-19 01:08:17", "elapsed": 3401.429737, "delta": 0.004345}}
{"target": -14.407730581811926, "params": {"gamma": 498.3503767265348, "log10_alpha": -1.7345076268295987, "log10_colsample_bytree": -0.825112789096789, "log10_eta": -0.3820451331867898, "log10_lambda": -1.3951178477183759, "log10_min_child_weight": 2.089881895255308, "log10_subsample": -0.18369177410925353, "max_depth": 9.0, "num_boost_round": 15.0}, "datetime": {"datetime": "2024-01-19 01:08:17", "elapsed": 3401.434029, "delta": 0.004292}}
{"target": -14.41243568032914, "params": {"gamma": 498.3503767265348, "log10_alpha": -1.7345076268295987, "log10_colsample_bytree": -0.825112789096789, "log10_eta": -0.3820451331867898, "log10_lambda": -1.3951178477183759, "log10_min_child_weight": 2.089881895255308, "log10_subsample": -0.18369177410925353, "max_depth": 9.0, "num_boost_round": 16.0}, "datetime": {"datetime": "2024-01-19 01:08:17", "elapsed": 3401.438284, "delta": 0.004255}}
{"target": -14.420330666810228, "params": {"gamma": 498.3503767265348, "log10_alpha": -1.7345076268295987, "log10_colsample_bytree": -0.825112789096789, "log10_eta": -0.3820451331867898, "log10_lambda": -1.3951178477183759, "log10_min_child_weight": 2.089881895255308, "log10_subsample": -0.18369177410925353, "max_depth": 9.0, "num_boost_round": 17.0}, "datetime": {"datetime": "2024-01-19 01:08:17", "elapsed": 3401.442439, "delta": 0.004155}}
{"target": -14.43172893377633, "params": {"gamma": 498.3503767265348, "log10_alpha": -1.7345076268295987, "log10_colsample_bytree": -0.825112789096789, "log10_eta": -0.3820451331867898, "log10_lambda": -1.3951178477183759, "log10_min_child_weight": 2.089881895255308, "log10_subsample": -0.18369177410925353, "max_depth": 9.0, "num_boost_round": 18.0}, "datetime": {"datetime": "2024-01-19 01:08:17", "elapsed": 3401.446601, "delta": 0.004162}}
{"target": -14.458328393342924, "params": {"gamma": 498.3503767265348, "log10_alpha": -1.7345076268295987, "log10_colsample_bytree": -0.825112789096789, "log10_eta": -0.3820451331867898, "log10_lambda": -1.3951178477183759, "log10_min_child_weight": 2.089881895255308, "log10_subsample": -0.18369177410925353, "max_depth": 9.0, "num_boost_round": 19.0}, "datetime": {"datetime": "2024-01-19 01:08:17", "elapsed": 3401.450778, "delta": 0.004177}}
{"target": -14.469212250923144, "params": {"gamma": 498.3503767265348, "log10_alpha": -1.7345076268295987, "log10_colsample_bytree": -0.825112789096789, "log10_eta": -0.3820451331867898, "log10_lambda": -1.3951178477183759, "log10_min_child_weight": 2.089881895255308, "log10_subsample": -0.18369177410925353, "max_depth": 9.0, "num_boost_round": 20.0}, "datetime": {"datetime": "2024-01-19 01:08:17", "elapsed": 3401.454996, "delta": 0.004218}}
{"target": -14.481951433280852, "params": {"gamma": 498.3503767265348, "log10_alpha": -1.7345076268295987, "log10_colsample_bytree": -0.825112789096789, "log10_eta": -0.3820451331867898, "log10_lambda": -1.3951178477183759, "log10_min_child_weight": 2.089881895255308, "log10_subsample": -0.18369177410925353, "max_depth": 9.0, "num_boost_round": 21.0}, "datetime": {"datetime": "2024-01-19 01:08:17", "elapsed": 3401.459237, "delta": 0.004241}}
{"target": -14.501125260503553, "params": {"gamma": 498.3503767265348, "log10_alpha": -1.7345076268295987, "log10_colsample_bytree": -0.825112789096789, "log10_eta": -0.3820451331867898, "log10_lambda": -1.3951178477183759, "log10_min_child_weight": 2.089881895255308, "log10_subsample": -0.18369177410925353, "max_depth": 9.0, "num_boost_round": 22.0}, "datetime": {"datetime": "2024-01-19 01:08:17", "elapsed": 3401.463649, "delta": 0.004412}}
{"target": -14.624384997389377, "params": {"gamma": 498.3503767265348, "log10_alpha": -1.7345076268295987, "log10_colsample_bytree": -0.825112789096789, "log10_eta": -0.3820451331867898, "log10_lambda": -1.3951178477183759, "log10_min_child_weight": 2.089881895255308, "log10_subsample": -0.18369177410925353, "max_depth": 9.0, "num_boost_round": 23.0}, "datetime": {"datetime": "2024-01-19 01:08:17", "elapsed": 3401.467874, "delta": 0.004225}}
{"target": -14.664296530949494, "params": {"gamma": 498.3503767265348, "log10_alpha": -1.7345076268295987, "log10_colsample_bytree": -0.825112789096789, "log10_eta": -0.3820451331867898, "log10_lambda": -1.3951178477183759, "log10_min_child_weight": 2.089881895255308, "log10_subsample": -0.18369177410925353, "max_depth": 9.0, "num_boost_round": 24.0}, "datetime": {"datetime": "2024-01-19 01:08:17", "elapsed": 3401.472118, "delta": 0.004244}}
{"target": -14.666017862170994, "params": {"gamma": 498.3503767265348, "log10_alpha": -1.7345076268295987, "log10_colsample_bytree": -0.825112789096789, "log10_eta": -0.3820451331867898, "log10_lambda": -1.3951178477183759, "log10_min_child_weight": 2.089881895255308, "log10_subsample": -0.18369177410925353, "max_depth": 9.0, "num_boost_round": 25.0}, "datetime": {"datetime": "2024-01-19 01:08:17", "elapsed": 3401.476359, "delta": 0.004241}}
{"target": -14.689034586607331, "params": {"gamma": 498.3503767265348, "log10_alpha": -1.7345076268295987, "log10_colsample_bytree": -0.825112789096789, "log10_eta": -0.3820451331867898, "log10_lambda": -1.3951178477183759, "log10_min_child_weight": 2.089881895255308, "log10_subsample": -0.18369177410925353, "max_depth": 9.0, "num_boost_round": 26.0}, "datetime": {"datetime": "2024-01-19 01:08:17", "elapsed": 3401.480837, "delta": 0.004478}}
{"target": -14.715205322144271, "params": {"gamma": 498.3503767265348, "log10_alpha": -1.7345076268295987, "log10_colsample_bytree": -0.825112789096789, "log10_eta": -0.3820451331867898, "log10_lambda": -1.3951178477183759, "log10_min_child_weight": 2.089881895255308, "log10_subsample": -0.18369177410925353, "max_depth": 9.0, "num_boost_round": 27.0}, "datetime": {"datetime": "2024-01-19 01:08:17", "elapsed": 3401.485065, "delta": 0.004228}}
{"target": -14.733065829387263, "params": {"gamma": 498.3503767265348, "log10_alpha": -1.7345076268295987, "log10_colsample_bytree": -0.825112789096789, "log10_eta": -0.3820451331867898, "log10_lambda": -1.3951178477183759, "log10_min_child_weight": 2.089881895255308, "log10_subsample": -0.18369177410925353, "max_depth": 9.0, "num_boost_round": 28.0}, "datetime": {"datetime": "2024-01-19 01:08:17", "elapsed": 3401.489299, "delta": 0.004234}}
{"target": -14.752672390865168, "params": {"gamma": 498.3503767265348, "log10_alpha": -1.7345076268295987, "log10_colsample_bytree": -0.825112789096789, "log10_eta": -0.3820451331867898, "log10_lambda": -1.3951178477183759, "log10_min_child_weight": 2.089881895255308, "log10_subsample": -0.18369177410925353, "max_depth": 9.0, "num_boost_round": 29.0}, "datetime": {"datetime": "2024-01-19 01:08:17", "elapsed": 3401.493503, "delta": 0.004204}}
{"target": -14.761072948355496, "params": {"gamma": 498.3503767265348, "log10_alpha": -1.7345076268295987, "log10_colsample_bytree": -0.825112789096789, "log10_eta": -0.3820451331867898, "log10_lambda": -1.3951178477183759, "log10_min_child_weight": 2.089881895255308, "log10_subsample": -0.18369177410925353, "max_depth": 9.0, "num_boost_round": 30.0}, "datetime": {"datetime": "2024-01-19 01:08:17", "elapsed": 3401.497754, "delta": 0.004251}}
{"target": -14.780756549704169, "params": {"gamma": 498.3503767265348, "log10_alpha": -1.7345076268295987, "log10_colsample_bytree": -0.825112789096789, "log10_eta": -0.3820451331867898, "log10_lambda": -1.3951178477183759, "log10_min_child_weight": 2.089881895255308, "log10_subsample": -0.18369177410925353, "max_depth": 9.0, "num_boost_round": 31.0}, "datetime": {"datetime": "2024-01-19 01:08:17", "elapsed": 3401.501948, "delta": 0.004194}}
{"target": -14.808940284556659, "params": {"gamma": 498.3503767265348, "log10_alpha": -1.7345076268295987, "log10_colsample_bytree": -0.825112789096789, "log10_eta": -0.3820451331867898, "log10_lambda": -1.3951178477183759, "log10_min_child_weight": 2.089881895255308, "log10_subsample": -0.18369177410925353, "max_depth": 9.0, "num_boost_round": 32.0}, "datetime": {"datetime": "2024-01-19 01:08:17", "elapsed": 3401.506124, "delta": 0.004176}}
{"target": -14.831644996987963, "params": {"gamma": 498.3503767265348, "log10_alpha": -1.7345076268295987, "log10_colsample_bytree": -0.825112789096789, "log10_eta": -0.3820451331867898, "log10_lambda": -1.3951178477183759, "log10_min_child_weight": 2.089881895255308, "log10_subsample": -0.18369177410925353, "max_depth": 9.0, "num_boost_round": 33.0}, "datetime": {"datetime": "2024-01-19 01:08:17", "elapsed": 3401.51031, "delta": 0.004186}}
{"target": -14.858691601875433, "params": {"gamma": 498.3503767265348, "log10_alpha": -1.7345076268295987, "log10_colsample_bytree": -0.825112789096789, "log10_eta": -0.3820451331867898, "log10_lambda": -1.3951178477183759, "log10_min_child_weight": 2.089881895255308, "log10_subsample": -0.18369177410925353, "max_depth": 9.0, "num_boost_round": 34.0}, "datetime": {"datetime": "2024-01-19 01:08:17", "elapsed": 3401.514549, "delta": 0.004239}}
{"target": -14.908612879264188, "params": {"gamma": 498.3503767265348, "log10_alpha": -1.7345076268295987, "log10_colsample_bytree": -0.825112789096789, "log10_eta": -0.3820451331867898, "log10_lambda": -1.3951178477183759, "log10_min_child_weight": 2.089881895255308, "log10_subsample": -0.18369177410925353, "max_depth": 9.0, "num_boost_round": 35.0}, "datetime": {"datetime": "2024-01-19 01:08:17", "elapsed": 3401.518792, "delta": 0.004243}}
{"target": -14.914222827284709, "params": {"gamma": 498.3503767265348, "log10_alpha": -1.7345076268295987, "log10_colsample_bytree": -0.825112789096789, "log10_eta": -0.3820451331867898, "log10_lambda": -1.3951178477183759, "log10_min_child_weight": 2.089881895255308, "log10_subsample": -0.18369177410925353, "max_depth": 9.0, "num_boost_round": 36.0}, "datetime": {"datetime": "2024-01-19 01:08:17", "elapsed": 3401.523039, "delta": 0.004247}}
{"target": -14.919507203586711, "params": {"gamma": 498.3503767265348, "log10_alpha": -1.7345076268295987, "log10_colsample_bytree": -0.825112789096789, "log10_eta": -0.3820451331867898, "log10_lambda": -1.3951178477183759, "log10_min_child_weight": 2.089881895255308, "log10_subsample": -0.18369177410925353, "max_depth": 9.0, "num_boost_round": 37.0}, "datetime": {"datetime": "2024-01-19 01:08:17", "elapsed": 3401.527353, "delta": 0.004314}}
{"target": -14.922353135084867, "params": {"gamma": 498.3503767265348, "log10_alpha": -1.7345076268295987, "log10_colsample_bytree": -0.825112789096789, "log10_eta": -0.3820451331867898, "log10_lambda": -1.3951178477183759, "log10_min_child_weight": 2.089881895255308, "log10_subsample": -0.18369177410925353, "max_depth": 9.0, "num_boost_round": 38.0}, "datetime": {"datetime": "2024-01-19 01:08:17", "elapsed": 3401.531589, "delta": 0.004236}}
{"target": -14.925814907330787, "params": {"gamma": 498.3503767265348, "log10_alpha": -1.7345076268295987, "log10_colsample_bytree": -0.825112789096789, "log10_eta": -0.3820451331867898, "log10_lambda": -1.3951178477183759, "log10_min_child_weight": 2.089881895255308, "log10_subsample": -0.18369177410925353, "max_depth": 9.0, "num_boost_round": 39.0}, "datetime": {"datetime": "2024-01-19 01:08:17", "elapsed": 3401.535831, "delta": 0.004242}}
{"target": -14.937867958634664, "params": {"gamma": 498.3503767265348, "log10_alpha": -1.7345076268295987, "log10_colsample_bytree": -0.825112789096789, "log10_eta": -0.3820451331867898, "log10_lambda": -1.3951178477183759, "log10_min_child_weight": 2.089881895255308, "log10_subsample": -0.18369177410925353, "max_depth": 9.0, "num_boost_round": 40.0}, "datetime": {"datetime": "2024-01-19 01:08:17", "elapsed": 3401.540053, "delta": 0.004222}}
{"target": -14.943508438235135, "params": {"gamma": 498.3503767265348, "log10_alpha": -1.7345076268295987, "log10_colsample_bytree": -0.825112789096789, "log10_eta": -0.3820451331867898, "log10_lambda": -1.3951178477183759, "log10_min_child_weight": 2.089881895255308, "log10_subsample": -0.18369177410925353, "max_depth": 9.0, "num_boost_round": 41.0}, "datetime": {"datetime": "2024-01-19 01:08:17", "elapsed": 3401.544291, "delta": 0.004238}}
{"target": -14.954797299861935, "params": {"gamma": 498.3503767265348, "log10_alpha": -1.7345076268295987, "log10_colsample_bytree": -0.825112789096789, "log10_eta": -0.3820451331867898, "log10_lambda": -1.3951178477183759, "log10_min_child_weight": 2.089881895255308, "log10_subsample": -0.18369177410925353, "max_depth": 9.0, "num_boost_round": 42.0}, "datetime": {"datetime": "2024-01-19 01:08:17", "elapsed": 3401.549231, "delta": 0.00494}}
{"target": -14.963918588149227, "params": {"gamma": 498.3503767265348, "log10_alpha": -1.7345076268295987, "log10_colsample_bytree": -0.825112789096789, "log10_eta": -0.3820451331867898, "log10_lambda": -1.3951178477183759, "log10_min_child_weight": 2.089881895255308, "log10_subsample": -0.18369177410925353, "max_depth": 9.0, "num_boost_round": 43.0}, "datetime": {"datetime": "2024-01-19 01:08:17", "elapsed": 3401.553465, "delta": 0.004234}}
{"target": -14.972904721666305, "params": {"gamma": 498.3503767265348, "log10_alpha": -1.7345076268295987, "log10_colsample_bytree": -0.825112789096789, "log10_eta": -0.3820451331867898, "log10_lambda": -1.3951178477183759, "log10_min_child_weight": 2.089881895255308, "log10_subsample": -0.18369177410925353, "max_depth": 9.0, "num_boost_round": 44.0}, "datetime": {"datetime": "2024-01-19 01:08:17", "elapsed": 3401.55829, "delta": 0.004825}}
{"target": -14.995192991622647, "params": {"gamma": 498.3503767265348, "log10_alpha": -1.7345076268295987, "log10_colsample_bytree": -0.825112789096789, "log10_eta": -0.3820451331867898, "log10_lambda": -1.3951178477183759, "log10_min_child_weight": 2.089881895255308, "log10_subsample": -0.18369177410925353, "max_depth": 9.0, "num_boost_round": 45.0}, "datetime": {"datetime": "2024-01-19 01:08:17", "elapsed": 3401.563307, "delta": 0.005017}}
{"target": -15.003091492095344, "params": {"gamma": 498.3503767265348, "log10_alpha": -1.7345076268295987, "log10_colsample_bytree": -0.825112789096789, "log10_eta": -0.3820451331867898, "log10_lambda": -1.3951178477183759, "log10_min_child_weight": 2.089881895255308, "log10_subsample": -0.18369177410925353, "max_depth": 9.0, "num_boost_round": 46.0}, "datetime": {"datetime": "2024-01-19 01:08:17", "elapsed": 3401.567783, "delta": 0.004476}}
{"target": -15.00911514222149, "params": {"gamma": 498.3503767265348, "log10_alpha": -1.7345076268295987, "log10_colsample_bytree": -0.825112789096789, "log10_eta": -0.3820451331867898, "log10_lambda": -1.3951178477183759, "log10_min_child_weight": 2.089881895255308, "log10_subsample": -0.18369177410925353, "max_depth": 9.0, "num_boost_round": 47.0}, "datetime": {"datetime": "2024-01-19 01:08:17", "elapsed": 3401.572167, "delta": 0.004384}}
{"target": -15.029436144039042, "params": {"gamma": 498.3503767265348, "log10_alpha": -1.7345076268295987, "log10_colsample_bytree": -0.825112789096789, "log10_eta": -0.3820451331867898, "log10_lambda": -1.3951178477183759, "log10_min_child_weight": 2.089881895255308, "log10_subsample": -0.18369177410925353, "max_depth": 9.0, "num_boost_round": 48.0}, "datetime": {"datetime": "2024-01-19 01:08:17", "elapsed": 3401.576617, "delta": 0.00445}}
{"target": -15.038196416222503, "params": {"gamma": 498.3503767265348, "log10_alpha": -1.7345076268295987, "log10_colsample_bytree": -0.825112789096789, "log10_eta": -0.3820451331867898, "log10_lambda": -1.3951178477183759, "log10_min_child_weight": 2.089881895255308, "log10_subsample": -0.18369177410925353, "max_depth": 9.0, "num_boost_round": 49.0}, "datetime": {"datetime": "2024-01-19 01:08:17", "elapsed": 3401.581034, "delta": 0.004417}}
{"target": -15.044774264299862, "params": {"gamma": 498.3503767265348, "log10_alpha": -1.7345076268295987, "log10_colsample_bytree": -0.825112789096789, "log10_eta": -0.3820451331867898, "log10_lambda": -1.3951178477183759, "log10_min_child_weight": 2.089881895255308, "log10_subsample": -0.18369177410925353, "max_depth": 9.0, "num_boost_round": 50.0}, "datetime": {"datetime": "2024-01-19 01:08:17", "elapsed": 3401.585468, "delta": 0.004434}}
{"target": -15.053214312961728, "params": {"gamma": 498.3503767265348, "log10_alpha": -1.7345076268295987, "log10_colsample_bytree": -0.825112789096789, "log10_eta": -0.3820451331867898, "log10_lambda": -1.3951178477183759, "log10_min_child_weight": 2.089881895255308, "log10_subsample": -0.18369177410925353, "max_depth": 9.0, "num_boost_round": 51.0}, "datetime": {"datetime": "2024-01-19 01:08:17", "elapsed": 3401.589793, "delta": 0.004325}}
{"target": -15.063866694628436, "params": {"gamma": 498.3503767265348, "log10_alpha": -1.7345076268295987, "log10_colsample_bytree": -0.825112789096789, "log10_eta": -0.3820451331867898, "log10_lambda": -1.3951178477183759, "log10_min_child_weight": 2.089881895255308, "log10_subsample": -0.18369177410925353, "max_depth": 9.0, "num_boost_round": 52.0}, "datetime": {"datetime": "2024-01-19 01:08:17", "elapsed": 3401.594001, "delta": 0.004208}}
{"target": -15.07318819617297, "params": {"gamma": 498.3503767265348, "log10_alpha": -1.7345076268295987, "log10_colsample_bytree": -0.825112789096789, "log10_eta": -0.3820451331867898, "log10_lambda": -1.3951178477183759, "log10_min_child_weight": 2.089881895255308, "log10_subsample": -0.18369177410925353, "max_depth": 9.0, "num_boost_round": 53.0}, "datetime": {"datetime": "2024-01-19 01:08:17", "elapsed": 3401.598306, "delta": 0.004305}}
{"target": -15.077991219070412, "params": {"gamma": 498.3503767265348, "log10_alpha": -1.7345076268295987, "log10_colsample_bytree": -0.825112789096789, "log10_eta": -0.3820451331867898, "log10_lambda": -1.3951178477183759, "log10_min_child_weight": 2.089881895255308, "log10_subsample": -0.18369177410925353, "max_depth": 9.0, "num_boost_round": 54.0}, "datetime": {"datetime": "2024-01-19 01:08:17", "elapsed": 3401.602614, "delta": 0.004308}}
