{"target": -17.67718024499986, "params": {"gamma": 645.799264861535, "log10_alpha": -4.654644975428597, "log10_colsample_bytree": -0.2003601574487639, "log10_eta": -2.800672470788331, "log10_lambda": -4.400628763258716, "log10_min_child_weight": 4.6788142924850336, "log10_subsample": -0.3419645045592761, "max_depth": 5.0, "num_boost_round": 4.0}, "datetime": {"datetime": "2024-01-19 01:23:31", "elapsed": 4308.836266, "delta": 0.00416}}
{"target": -17.677155613072195, "params": {"gamma": 645.799264861535, "log10_alpha": -4.654644975428597, "log10_colsample_bytree": -0.2003601574487639, "log10_eta": -2.800672470788331, "log10_lambda": -4.400628763258716, "log10_min_child_weight": 4.6788142924850336, "log10_subsample": -0.3419645045592761, "max_depth": 5.0, "num_boost_round": 5.0}, "datetime": {"datetime": "2024-01-19 01:23:31", "elapsed": 4308.840428, "delta": 0.004162}}
{"target": -17.67715267355004, "params": {"gamma": 645.799264861535, "log10_alpha": -4.654644975428597, "log10_colsample_bytree": -0.2003601574487639, "log10_eta": -2.800672470788331, "log10_lambda": -4.400628763258716, "log10_min_child_weight": 4.6788142924850336, "log10_subsample": -0.3419645045592761, "max_depth": 5.0, "num_boost_round": 6.0}, "datetime": {"datetime": "2024-01-19 01:23:31", "elapsed": 4308.845549, "delta": 0.005121}}
{"target": -17.67714206256244, "params": {"gamma": 645.799264861535, "log10_alpha": -4.654644975428597, "log10_colsample_bytree": -0.2003601574487639, "log10_eta": -2.800672470788331, "log10_lambda": -4.400628763258716, "log10_min_child_weight": 4.6788142924850336, "log10_subsample": -0.3419645045592761, "max_depth": 5.0, "num_boost_round": 7.0}, "datetime": {"datetime": "2024-01-19 01:23:31", "elapsed": 4308.849826, "delta": 0.004277}}
{"target": -17.677133276963563, "params": {"gamma": 645.799264861535, "log10_alpha": -4.654644975428597, "log10_colsample_bytree": -0.2003601574487639, "log10_eta": -2.800672470788331, "log10_lambda": -4.400628763258716, "log10_min_child_weight": 4.6788142924850336, "log10_subsample": -0.3419645045592761, "max_depth": 5.0, "num_boost_round": 8.0}, "datetime": {"datetime": "2024-01-19 01:23:31", "elapsed": 4308.853933, "delta": 0.004107}}
{"target": -17.677115462536666, "params": {"gamma": 645.799264861535, "log10_alpha": -4.654644975428597, "log10_colsample_bytree": -0.2003601574487639, "log10_eta": -2.800672470788331, "log10_lambda": -4.400628763258716, "log10_min_child_weight": 4.6788142924850336, "log10_subsample": -0.3419645045592761, "max_depth": 5.0, "num_boost_round": 9.0}, "datetime": {"datetime": "2024-01-19 01:23:31", "elapsed": 4308.858198, "delta": 0.004265}}
{"target": -17.67709557448345, "params": {"gamma": 645.799264861535, "log10_alpha": -4.654644975428597, "log10_colsample_bytree": -0.2003601574487639, "log10_eta": -2.800672470788331, "log10_lambda": -4.400628763258716, "log10_min_child_weight": 4.6788142924850336, "log10_subsample": -0.3419645045592761, "max_depth": 5.0, "num_boost_round": 10.0}, "datetime": {"datetime": "2024-01-19 01:23:31", "elapsed": 4308.966225, "delta": 0.108027}}
{"target": -17.677074361940505, "params": {"gamma": 645.799264861535, "log10_alpha": -4.654644975428597, "log10_colsample_bytree": -0.2003601574487639, "log10_eta": -2.800672470788331, "log10_lambda": -4.400628763258716, "log10_min_child_weight": 4.6788142924850336, "log10_subsample": -0.3419645045592761, "max_depth": 5.0, "num_boost_round": 11.0}, "datetime": {"datetime": "2024-01-19 01:23:31", "elapsed": 4308.970897, "delta": 0.004672}}
{"target": -17.67707610552128, "params": {"gamma": 645.799264861535, "log10_alpha": -4.654644975428597, "log10_colsample_bytree": -0.2003601574487639, "log10_eta": -2.800672470788331, "log10_lambda": -4.400628763258716, "log10_min_child_weight": 4.6788142924850336, "log10_subsample": -0.3419645045592761, "max_depth": 5.0, "num_boost_round": 12.0}, "datetime": {"datetime": "2024-01-19 01:23:31", "elapsed": 4308.975303, "delta": 0.004406}}
{"target": -17.676867293165987, "params": {"gamma": 657.4589303873908, "log10_alpha": 0.26517876322662204, "log10_colsample_bytree": -0.6304848399039747, "log10_eta": -2.2868061669224167, "log10_lambda": -3.750367839189788, "log10_min_child_weight": 2.804956092466313, "log10_subsample": -0.3544459262934887, "max_depth": 8.0, "num_boost_round": 0.0}, "datetime": {"datetime": "2024-01-19 01:24:31", "elapsed": 4368.826378, "delta": 59.851075}}
{"target": -17.676576793465898, "params": {"gamma": 657.4589303873908, "log10_alpha": 0.26517876322662204, "log10_colsample_bytree": -0.6304848399039747, "log10_eta": -2.2868061669224167, "log10_lambda": -3.750367839189788, "log10_min_child_weight": 2.804956092466313, "log10_subsample": -0.3544459262934887, "max_depth": 8.0, "num_boost_round": 1.0}, "datetime": {"datetime": "2024-01-19 01:24:31", "elapsed": 4368.830935, "delta": 0.004557}}
{"target": -17.676013372591946, "params": {"gamma": 657.4589303873908, "log10_alpha": 0.26517876322662204, "log10_colsample_bytree": -0.6304848399039747, "log10_eta": -2.2868061669224167, "log10_lambda": -3.750367839189788, "log10_min_child_weight": 2.804956092466313, "log10_subsample": -0.3544459262934887, "max_depth": 8.0, "num_boost_round": 2.0}, "datetime": {"datetime": "2024-01-19 01:24:31", "elapsed": 4368.836083, "delta": 0.005148}}
{"target": -17.676123540718706, "params": {"gamma": 657.4589303873908, "log10_alpha": 0.26517876322662204, "log10_colsample_bytree": -0.6304848399039747, "log10_eta": -2.2868061669224167, "log10_lambda": -3.750367839189788, "log10_min_child_weight": 2.804956092466313, "log10_subsample": -0.3544459262934887, "max_depth": 8.0, "num_boost_round": 3.0}, "datetime": {"datetime": "2024-01-19 01:24:31", "elapsed": 4368.840717, "delta": 0.004634}}
{"target": -17.67591648587649, "params": {"gamma": 657.4589303873908, "log10_alpha": 0.26517876322662204, "log10_colsample_bytree": -0.6304848399039747, "log10_eta": -2.2868061669224167, "log10_lambda": -3.750367839189788, "log10_min_child_weight": 2.804956092466313, "log10_subsample": -0.3544459262934887, "max_depth": 8.0, "num_boost_round": 4.0}, "datetime": {"datetime": "2024-01-19 01:24:31", "elapsed": 4368.845284, "delta": 0.004567}}
{"target": -17.675657707891446, "params": {"gamma": 657.4589303873908, "log10_alpha": 0.26517876322662204, "log10_colsample_bytree": -0.6304848399039747, "log10_eta": -2.2868061669224167, "log10_lambda": -3.750367839189788, "log10_min_child_weight": 2.804956092466313, "log10_subsample": -0.3544459262934887, "max_depth": 8.0, "num_boost_round": 5.0}, "datetime": {"datetime": "2024-01-19 01:24:31", "elapsed": 4368.849554, "delta": 0.00427}}
{"target": -17.675458665122466, "params": {"gamma": 657.4589303873908, "log10_alpha": 0.26517876322662204, "log10_colsample_bytree": -0.6304848399039747, "log10_eta": -2.2868061669224167, "log10_lambda": -3.750367839189788, "log10_min_child_weight": 2.804956092466313, "log10_subsample": -0.3544459262934887, "max_depth": 8.0, "num_boost_round": 6.0}, "datetime": {"datetime": "2024-01-19 01:24:31", "elapsed": 4368.853845, "delta": 0.004291}}
{"target": -17.67495693115671, "params": {"gamma": 657.4589303873908, "log10_alpha": 0.26517876322662204, "log10_colsample_bytree": -0.6304848399039747, "log10_eta": -2.2868061669224167, "log10_lambda": -3.750367839189788, "log10_min_child_weight": 2.804956092466313, "log10_subsample": -0.3544459262934887, "max_depth": 8.0, "num_boost_round": 7.0}, "datetime": {"datetime": "2024-01-19 01:24:31", "elapsed": 4368.858279, "delta": 0.004434}}
{"target": -17.674696326700502, "params": {"gamma": 657.4589303873908, "log10_alpha": 0.26517876322662204, "log10_colsample_bytree": -0.6304848399039747, "log10_eta": -2.2868061669224167, "log10_lambda": -3.750367839189788, "log10_min_child_weight": 2.804956092466313, "log10_subsample": -0.3544459262934887, "max_depth": 8.0, "num_boost_round": 8.0}, "datetime": {"datetime": "2024-01-19 01:24:31", "elapsed": 4368.862426, "delta": 0.004147}}
{"target": -17.67444476154294, "params": {"gamma": 657.4589303873908, "log10_alpha": 0.26517876322662204, "log10_colsample_bytree": -0.6304848399039747, "log10_eta": -2.2868061669224167, "log10_lambda": -3.750367839189788, "log10_min_child_weight": 2.804956092466313, "log10_subsample": -0.3544459262934887, "max_depth": 8.0, "num_boost_round": 9.0}, "datetime": {"datetime": "2024-01-19 01:24:31", "elapsed": 4368.866585, "delta": 0.004159}}
{"target": -17.674120220051144, "params": {"gamma": 657.4589303873908, "log10_alpha": 0.26517876322662204, "log10_colsample_bytree": -0.6304848399039747, "log10_eta": -2.2868061669224167, "log10_lambda": -3.750367839189788, "log10_min_child_weight": 2.804956092466313, "log10_subsample": -0.3544459262934887, "max_depth": 8.0, "num_boost_round": 10.0}, "datetime": {"datetime": "2024-01-19 01:24:31", "elapsed": 4368.871012, "delta": 0.004427}}
{"target": -17.677224871232568, "params": {"gamma": 644.2045348311257, "log10_alpha": -3.0784839305819123, "log10_colsample_bytree": -0.7009395158282975, "log10_eta": -3.166281806049698, "log10_lambda": -0.11205473029724367, "log10_min_child_weight": 4.501338182690808, "log10_subsample": -0.2378362754915203, "max_depth": 4.0, "num_boost_round": 0.0}, "datetime": {"datetime": "2024-01-19 01:25:41", "elapsed": 4438.626217, "delta": 69.755205}}
{"target": -17.677218555815447, "params": {"gamma": 644.2045348311257, "log10_alpha": -3.0784839305819123, "log10_colsample_bytree": -0.7009395158282975, "log10_eta": -3.166281806049698, "log10_lambda": -0.11205473029724367, "log10_min_child_weight": 4.501338182690808, "log10_subsample": -0.2378362754915203, "max_depth": 4.0, "num_boost_round": 1.0}, "datetime": {"datetime": "2024-01-19 01:25:41", "elapsed": 4438.631241, "delta": 0.005024}}
{"target": -17.677224718887473, "params": {"gamma": 644.2045348311257, "log10_alpha": -3.0784839305819123, "log10_colsample_bytree": -0.7009395158282975, "log10_eta": -3.166281806049698, "log10_lambda": -0.11205473029724367, "log10_min_child_weight": 4.501338182690808, "log10_subsample": -0.2378362754915203, "max_depth": 4.0, "num_boost_round": 2.0}, "datetime": {"datetime": "2024-01-19 01:25:41", "elapsed": 4438.636033, "delta": 0.004792}}
{"target": -17.677217627053235, "params": {"gamma": 644.2045348311257, "log10_alpha": -3.0784839305819123, "log10_colsample_bytree": -0.7009395158282975, "log10_eta": -3.166281806049698, "log10_lambda": -0.11205473029724367, "log10_min_child_weight": 4.501338182690808, "log10_subsample": -0.2378362754915203, "max_depth": 4.0, "num_boost_round": 3.0}, "datetime": {"datetime": "2024-01-19 01:25:41", "elapsed": 4438.640227, "delta": 0.004194}}
{"target": -17.677204347877, "params": {"gamma": 644.2045348311257, "log10_alpha": -3.0784839305819123, "log10_colsample_bytree": -0.7009395158282975, "log10_eta": -3.166281806049698, "log10_lambda": -0.11205473029724367, "log10_min_child_weight": 4.501338182690808, "log10_subsample": -0.2378362754915203, "max_depth": 4.0, "num_boost_round": 4.0}, "datetime": {"datetime": "2024-01-19 01:25:41", "elapsed": 4438.644321, "delta": 0.004094}}
{"target": -17.677200984327474, "params": {"gamma": 644.2045348311257, "log10_alpha": -3.0784839305819123, "log10_colsample_bytree": -0.7009395158282975, "log10_eta": -3.166281806049698, "log10_lambda": -0.11205473029724367, "log10_min_child_weight": 4.501338182690808, "log10_subsample": -0.2378362754915203, "max_depth": 4.0, "num_boost_round": 5.0}, "datetime": {"datetime": "2024-01-19 01:25:41", "elapsed": 4438.6485, "delta": 0.004179}}
{"target": -17.677212051043085, "params": {"gamma": 644.2045348311257, "log10_alpha": -3.0784839305819123, "log10_colsample_bytree": -0.7009395158282975, "log10_eta": -3.166281806049698, "log10_lambda": -0.11205473029724367, "log10_min_child_weight": 4.501338182690808, "log10_subsample": -0.2378362754915203, "max_depth": 4.0, "num_boost_round": 6.0}, "datetime": {"datetime": "2024-01-19 01:25:41", "elapsed": 4438.652722, "delta": 0.004222}}
{"target": -17.677201471725134, "params": {"gamma": 644.2045348311257, "log10_alpha": -3.0784839305819123, "log10_colsample_bytree": -0.7009395158282975, "log10_eta": -3.166281806049698, "log10_lambda": -0.11205473029724367, "log10_min_child_weight": 4.501338182690808, "log10_subsample": -0.2378362754915203, "max_depth": 4.0, "num_boost_round": 7.0}, "datetime": {"datetime": "2024-01-19 01:25:41", "elapsed": 4438.657032, "delta": 0.00431}}
{"target": -17.677210013162345, "params": {"gamma": 644.2045348311257, "log10_alpha": -3.0784839305819123, "log10_colsample_bytree": -0.7009395158282975, "log10_eta": -3.166281806049698, "log10_lambda": -0.11205473029724367, "log10_min_child_weight": 4.501338182690808, "log10_subsample": -0.2378362754915203, "max_depth": 4.0, "num_boost_round": 8.0}, "datetime": {"datetime": "2024-01-19 01:25:41", "elapsed": 4438.661261, "delta": 0.004229}}
{"target": -17.677203425279053, "params": {"gamma": 644.2045348311257, "log10_alpha": -3.0784839305819123, "log10_colsample_bytree": -0.7009395158282975, "log10_eta": -3.166281806049698, "log10_lambda": -0.11205473029724367, "log10_min_child_weight": 4.501338182690808, "log10_subsample": -0.2378362754915203, "max_depth": 4.0, "num_boost_round": 9.0}, "datetime": {"datetime": "2024-01-19 01:25:41", "elapsed": 4438.66542, "delta": 0.004159}}
{"target": -17.677200957010733, "params": {"gamma": 644.2045348311257, "log10_alpha": -3.0784839305819123, "log10_colsample_bytree": -0.7009395158282975, "log10_eta": -3.166281806049698, "log10_lambda": -0.11205473029724367, "log10_min_child_weight": 4.501338182690808, "log10_subsample": -0.2378362754915203, "max_depth": 4.0, "num_boost_round": 10.0}, "datetime": {"datetime": "2024-01-19 01:25:41", "elapsed": 4438.671238, "delta": 0.005818}}
{"target": -17.677204427947657, "params": {"gamma": 644.2045348311257, "log10_alpha": -3.0784839305819123, "log10_colsample_bytree": -0.7009395158282975, "log10_eta": -3.166281806049698, "log10_lambda": -0.11205473029724367, "log10_min_child_weight": 4.501338182690808, "log10_subsample": -0.2378362754915203, "max_depth": 4.0, "num_boost_round": 11.0}, "datetime": {"datetime": "2024-01-19 01:25:41", "elapsed": 4438.675491, "delta": 0.004253}}
{"target": -17.677211387583107, "params": {"gamma": 644.2045348311257, "log10_alpha": -3.0784839305819123, "log10_colsample_bytree": -0.7009395158282975, "log10_eta": -3.166281806049698, "log10_lambda": -0.11205473029724367, "log10_min_child_weight": 4.501338182690808, "log10_subsample": -0.2378362754915203, "max_depth": 4.0, "num_boost_round": 12.0}, "datetime": {"datetime": "2024-01-19 01:25:41", "elapsed": 4438.679714, "delta": 0.004223}}
{"target": -17.67721534920669, "params": {"gamma": 644.2045348311257, "log10_alpha": -3.0784839305819123, "log10_colsample_bytree": -0.7009395158282975, "log10_eta": -3.166281806049698, "log10_lambda": -0.11205473029724367, "log10_min_child_weight": 4.501338182690808, "log10_subsample": -0.2378362754915203, "max_depth": 4.0, "num_boost_round": 13.0}, "datetime": {"datetime": "2024-01-19 01:25:41", "elapsed": 4438.683884, "delta": 0.00417}}
{"target": -17.677213778088134, "params": {"gamma": 644.2045348311257, "log10_alpha": -3.0784839305819123, "log10_colsample_bytree": -0.7009395158282975, "log10_eta": -3.166281806049698, "log10_lambda": -0.11205473029724367, "log10_min_child_weight": 4.501338182690808, "log10_subsample": -0.2378362754915203, "max_depth": 4.0, "num_boost_round": 14.0}, "datetime": {"datetime": "2024-01-19 01:25:41", "elapsed": 4438.68807, "delta": 0.004186}}
{"target": -17.677203961951257, "params": {"gamma": 644.2045348311257, "log10_alpha": -3.0784839305819123, "log10_colsample_bytree": -0.7009395158282975, "log10_eta": -3.166281806049698, "log10_lambda": -0.11205473029724367, "log10_min_child_weight": 4.501338182690808, "log10_subsample": -0.2378362754915203, "max_depth": 4.0, "num_boost_round": 15.0}, "datetime": {"datetime": "2024-01-19 01:25:41", "elapsed": 4438.692295, "delta": 0.004225}}
{"target": -17.677192450306208, "params": {"gamma": 644.2045348311257, "log10_alpha": -3.0784839305819123, "log10_colsample_bytree": -0.7009395158282975, "log10_eta": -3.166281806049698, "log10_lambda": -0.11205473029724367, "log10_min_child_weight": 4.501338182690808, "log10_subsample": -0.2378362754915203, "max_depth": 4.0, "num_boost_round": 16.0}, "datetime": {"datetime": "2024-01-19 01:25:41", "elapsed": 4438.696457, "delta": 0.004162}}
{"target": -17.677233058380143, "params": {"gamma": 643.8461496183528, "log10_alpha": -2.805428928499262, "log10_colsample_bytree": -0.14668502866857303, "log10_eta": -3.623603515529139, "log10_lambda": -0.7149915311216848, "log10_min_child_weight": 4.1424263293090995, "log10_subsample": -0.5584442529244441, "max_depth": 2.0, "num_boost_round": 0.0}, "datetime": {"datetime": "2024-01-19 01:26:21", "elapsed": 4478.423152, "delta": 39.726695}}
{"target": -17.677235343179134, "params": {"gamma": 643.8461496183528, "log10_alpha": -2.805428928499262, "log10_colsample_bytree": -0.14668502866857303, "log10_eta": -3.623603515529139, "log10_lambda": -0.7149915311216848, "log10_min_child_weight": 4.1424263293090995, "log10_subsample": -0.5584442529244441, "max_depth": 2.0, "num_boost_round": 1.0}, "datetime": {"datetime": "2024-01-19 01:26:21", "elapsed": 4478.427964, "delta": 0.004812}}
{"target": -17.677237826863085, "params": {"gamma": 643.8461496183528, "log10_alpha": -2.805428928499262, "log10_colsample_bytree": -0.14668502866857303, "log10_eta": -3.623603515529139, "log10_lambda": -0.7149915311216848, "log10_min_child_weight": 4.1424263293090995, "log10_subsample": -0.5584442529244441, "max_depth": 2.0, "num_boost_round": 2.0}, "datetime": {"datetime": "2024-01-19 01:26:21", "elapsed": 4478.432514, "delta": 0.00455}}
{"target": -17.677238600701894, "params": {"gamma": 643.8461496183528, "log10_alpha": -2.805428928499262, "log10_colsample_bytree": -0.14668502866857303, "log10_eta": -3.623603515529139, "log10_lambda": -0.7149915311216848, "log10_min_child_weight": 4.1424263293090995, "log10_subsample": -0.5584442529244441, "max_depth": 2.0, "num_boost_round": 3.0}, "datetime": {"datetime": "2024-01-19 01:26:21", "elapsed": 4478.436781, "delta": 0.004267}}
{"target": -17.677241100530622, "params": {"gamma": 643.8461496183528, "log10_alpha": -2.805428928499262, "log10_colsample_bytree": -0.14668502866857303, "log10_eta": -3.623603515529139, "log10_lambda": -0.7149915311216848, "log10_min_child_weight": 4.1424263293090995, "log10_subsample": -0.5584442529244441, "max_depth": 2.0, "num_boost_round": 4.0}, "datetime": {"datetime": "2024-01-19 01:26:21", "elapsed": 4478.441228, "delta": 0.004447}}
{"target": -17.67723925826106, "params": {"gamma": 643.8461496183528, "log10_alpha": -2.805428928499262, "log10_colsample_bytree": -0.14668502866857303, "log10_eta": -3.623603515529139, "log10_lambda": -0.7149915311216848, "log10_min_child_weight": 4.1424263293090995, "log10_subsample": -0.5584442529244441, "max_depth": 2.0, "num_boost_round": 5.0}, "datetime": {"datetime": "2024-01-19 01:26:21", "elapsed": 4478.445521, "delta": 0.004293}}
{"target": -17.677237547233336, "params": {"gamma": 643.8461496183528, "log10_alpha": -2.805428928499262, "log10_colsample_bytree": -0.14668502866857303, "log10_eta": -3.623603515529139, "log10_lambda": -0.7149915311216848, "log10_min_child_weight": 4.1424263293090995, "log10_subsample": -0.5584442529244441, "max_depth": 2.0, "num_boost_round": 6.0}, "datetime": {"datetime": "2024-01-19 01:26:21", "elapsed": 4478.449806, "delta": 0.004285}}
{"target": -17.677236475378237, "params": {"gamma": 643.8461496183528, "log10_alpha": -2.805428928499262, "log10_colsample_bytree": -0.14668502866857303, "log10_eta": -3.623603515529139, "log10_lambda": -0.7149915311216848, "log10_min_child_weight": 4.1424263293090995, "log10_subsample": -0.5584442529244441, "max_depth": 2.0, "num_boost_round": 7.0}, "datetime": {"datetime": "2024-01-19 01:26:21", "elapsed": 4478.454124, "delta": 0.004318}}
{"target": -17.67723484111896, "params": {"gamma": 643.8461496183528, "log10_alpha": -2.805428928499262, "log10_colsample_bytree": -0.14668502866857303, "log10_eta": -3.623603515529139, "log10_lambda": -0.7149915311216848, "log10_min_child_weight": 4.1424263293090995, "log10_subsample": -0.5584442529244441, "max_depth": 2.0, "num_boost_round": 8.0}, "datetime": {"datetime": "2024-01-19 01:26:21", "elapsed": 4478.458404, "delta": 0.00428}}
{"target": -17.67723313329879, "params": {"gamma": 643.8461496183528, "log10_alpha": -2.805428928499262, "log10_colsample_bytree": -0.14668502866857303, "log10_eta": -3.623603515529139, "log10_lambda": -0.7149915311216848, "log10_min_child_weight": 4.1424263293090995, "log10_subsample": -0.5584442529244441, "max_depth": 2.0, "num_boost_round": 9.0}, "datetime": {"datetime": "2024-01-19 01:26:21", "elapsed": 4478.462608, "delta": 0.004204}}
{"target": -17.67723035684617, "params": {"gamma": 643.8461496183528, "log10_alpha": -2.805428928499262, "log10_colsample_bytree": -0.14668502866857303, "log10_eta": -3.623603515529139, "log10_lambda": -0.7149915311216848, "log10_min_child_weight": 4.1424263293090995, "log10_subsample": -0.5584442529244441, "max_depth": 2.0, "num_boost_round": 10.0}, "datetime": {"datetime": "2024-01-19 01:26:21", "elapsed": 4478.466786, "delta": 0.004178}}
{"target": -17.677228076709095, "params": {"gamma": 643.8461496183528, "log10_alpha": -2.805428928499262, "log10_colsample_bytree": -0.14668502866857303, "log10_eta": -3.623603515529139, "log10_lambda": -0.7149915311216848, "log10_min_child_weight": 4.1424263293090995, "log10_subsample": -0.5584442529244441, "max_depth": 2.0, "num_boost_round": 11.0}, "datetime": {"datetime": "2024-01-19 01:26:21", "elapsed": 4478.471105, "delta": 0.004319}}
