{"target": -13.75851581848011, "params": {"gamma": 962.9996685926692, "log10_alpha": -1.9330906676820518, "log10_colsample_bytree": -0.30020891888938894, "log10_eta": -3.3961954186185923, "log10_lambda": -1.230833379989404, "log10_min_child_weight": 3.436462598087837, "log10_subsample": -0.6836475752432452, "max_depth": 3.0, "num_boost_round": 8.0}, "datetime": {"datetime": "2024-01-19 00:17:37", "elapsed": 358.093425, "delta": 0.000593}}
{"target": -13.758518655339433, "params": {"gamma": 962.9996685926692, "log10_alpha": -1.9330906676820518, "log10_colsample_bytree": -0.30020891888938894, "log10_eta": -3.3961954186185923, "log10_lambda": -1.230833379989404, "log10_min_child_weight": 3.436462598087837, "log10_subsample": -0.6836475752432452, "max_depth": 3.0, "num_boost_round": 9.0}, "datetime": {"datetime": "2024-01-19 00:17:37", "elapsed": 358.094079, "delta": 0.000654}}
{"target": -13.758512329023928, "params": {"gamma": 962.9996685926692, "log10_alpha": -1.9330906676820518, "log10_colsample_bytree": -0.30020891888938894, "log10_eta": -3.3961954186185923, "log10_lambda": -1.230833379989404, "log10_min_child_weight": 3.436462598087837, "log10_subsample": -0.6836475752432452, "max_depth": 3.0, "num_boost_round": 10.0}, "datetime": {"datetime": "2024-01-19 00:17:37", "elapsed": 358.094726, "delta": 0.000647}}
{"target": -13.758504266291538, "params": {"gamma": 962.9996685926692, "log10_alpha": -1.9330906676820518, "log10_colsample_bytree": -0.30020891888938894, "log10_eta": -3.3961954186185923, "log10_lambda": -1.230833379989404, "log10_min_child_weight": 3.436462598087837, "log10_subsample": -0.6836475752432452, "max_depth": 3.0, "num_boost_round": 11.0}, "datetime": {"datetime": "2024-01-19 00:17:37", "elapsed": 358.095378, "delta": 0.000652}}
{"target": -13.758496783073559, "params": {"gamma": 962.9996685926692, "log10_alpha": -1.9330906676820518, "log10_colsample_bytree": -0.30020891888938894, "log10_eta": -3.3961954186185923, "log10_lambda": -1.230833379989404, "log10_min_child_weight": 3.436462598087837, "log10_subsample": -0.6836475752432452, "max_depth": 3.0, "num_boost_round": 12.0}, "datetime": {"datetime": "2024-01-19 00:17:37", "elapsed": 358.096032, "delta": 0.000654}}
{"target": -13.758492508394854, "params": {"gamma": 962.9996685926692, "log10_alpha": -1.9330906676820518, "log10_colsample_bytree": -0.30020891888938894, "log10_eta": -3.3961954186185923, "log10_lambda": -1.230833379989404, "log10_min_child_weight": 3.436462598087837, "log10_subsample": -0.6836475752432452, "max_depth": 3.0, "num_boost_round": 13.0}, "datetime": {"datetime": "2024-01-19 00:17:37", "elapsed": 358.096682, "delta": 0.00065}}
{"target": -13.75848937665579, "params": {"gamma": 962.9996685926692, "log10_alpha": -1.9330906676820518, "log10_colsample_bytree": -0.30020891888938894, "log10_eta": -3.3961954186185923, "log10_lambda": -1.230833379989404, "log10_min_child_weight": 3.436462598087837, "log10_subsample": -0.6836475752432452, "max_depth": 3.0, "num_boost_round": 14.0}, "datetime": {"datetime": "2024-01-19 00:17:37", "elapsed": 358.097449, "delta": 0.000767}}
{"target": -13.758479732275084, "params": {"gamma": 962.9996685926692, "log10_alpha": -1.9330906676820518, "log10_colsample_bytree": -0.30020891888938894, "log10_eta": -3.3961954186185923, "log10_lambda": -1.230833379989404, "log10_min_child_weight": 3.436462598087837, "log10_subsample": -0.6836475752432452, "max_depth": 3.0, "num_boost_round": 15.0}, "datetime": {"datetime": "2024-01-19 00:17:37", "elapsed": 358.098047, "delta": 0.000598}}
{"target": -13.758473117205405, "params": {"gamma": 962.9996685926692, "log10_alpha": -1.9330906676820518, "log10_colsample_bytree": -0.30020891888938894, "log10_eta": -3.3961954186185923, "log10_lambda": -1.230833379989404, "log10_min_child_weight": 3.436462598087837, "log10_subsample": -0.6836475752432452, "max_depth": 3.0, "num_boost_round": 16.0}, "datetime": {"datetime": "2024-01-19 00:17:37", "elapsed": 358.098696, "delta": 0.000649}}
{"target": -13.758463868086352, "params": {"gamma": 962.9996685926692, "log10_alpha": -1.9330906676820518, "log10_colsample_bytree": -0.30020891888938894, "log10_eta": -3.3961954186185923, "log10_lambda": -1.230833379989404, "log10_min_child_weight": 3.436462598087837, "log10_subsample": -0.6836475752432452, "max_depth": 3.0, "num_boost_round": 17.0}, "datetime": {"datetime": "2024-01-19 00:17:37", "elapsed": 358.099348, "delta": 0.000652}}
{"target": -13.758461664880691, "params": {"gamma": 962.9996685926692, "log10_alpha": -1.9330906676820518, "log10_colsample_bytree": -0.30020891888938894, "log10_eta": -3.3961954186185923, "log10_lambda": -1.230833379989404, "log10_min_child_weight": 3.436462598087837, "log10_subsample": -0.6836475752432452, "max_depth": 3.0, "num_boost_round": 18.0}, "datetime": {"datetime": "2024-01-19 00:17:37", "elapsed": 358.100001, "delta": 0.000653}}
{"target": -13.75845362823777, "params": {"gamma": 962.9996685926692, "log10_alpha": -1.9330906676820518, "log10_colsample_bytree": -0.30020891888938894, "log10_eta": -3.3961954186185923, "log10_lambda": -1.230833379989404, "log10_min_child_weight": 3.436462598087837, "log10_subsample": -0.6836475752432452, "max_depth": 3.0, "num_boost_round": 19.0}, "datetime": {"datetime": "2024-01-19 00:17:37", "elapsed": 358.100861, "delta": 0.00086}}
{"target": -13.75844649229074, "params": {"gamma": 962.9996685926692, "log10_alpha": -1.9330906676820518, "log10_colsample_bytree": -0.30020891888938894, "log10_eta": -3.3961954186185923, "log10_lambda": -1.230833379989404, "log10_min_child_weight": 3.436462598087837, "log10_subsample": -0.6836475752432452, "max_depth": 3.0, "num_boost_round": 20.0}, "datetime": {"datetime": "2024-01-19 00:17:37", "elapsed": 358.101543, "delta": 0.000682}}
{"target": -13.758439855099354, "params": {"gamma": 962.9996685926692, "log10_alpha": -1.9330906676820518, "log10_colsample_bytree": -0.30020891888938894, "log10_eta": -3.3961954186185923, "log10_lambda": -1.230833379989404, "log10_min_child_weight": 3.436462598087837, "log10_subsample": -0.6836475752432452, "max_depth": 3.0, "num_boost_round": 21.0}, "datetime": {"datetime": "2024-01-19 00:17:37", "elapsed": 358.102153, "delta": 0.00061}}
{"target": -13.758433013922094, "params": {"gamma": 962.9996685926692, "log10_alpha": -1.9330906676820518, "log10_colsample_bytree": -0.30020891888938894, "log10_eta": -3.3961954186185923, "log10_lambda": -1.230833379989404, "log10_min_child_weight": 3.436462598087837, "log10_subsample": -0.6836475752432452, "max_depth": 3.0, "num_boost_round": 22.0}, "datetime": {"datetime": "2024-01-19 00:17:37", "elapsed": 358.102811, "delta": 0.000658}}
{"target": -13.75842933354746, "params": {"gamma": 962.9996685926692, "log10_alpha": -1.9330906676820518, "log10_colsample_bytree": -0.30020891888938894, "log10_eta": -3.3961954186185923, "log10_lambda": -1.230833379989404, "log10_min_child_weight": 3.436462598087837, "log10_subsample": -0.6836475752432452, "max_depth": 3.0, "num_boost_round": 23.0}, "datetime": {"datetime": "2024-01-19 00:17:37", "elapsed": 358.103423, "delta": 0.000612}}
{"target": -13.758429812542294, "params": {"gamma": 962.9996685926692, "log10_alpha": -1.9330906676820518, "log10_colsample_bytree": -0.30020891888938894, "log10_eta": -3.3961954186185923, "log10_lambda": -1.230833379989404, "log10_min_child_weight": 3.436462598087837, "log10_subsample": -0.6836475752432452, "max_depth": 3.0, "num_boost_round": 24.0}, "datetime": {"datetime": "2024-01-19 00:17:37", "elapsed": 358.104088, "delta": 0.000665}}
{"target": -13.758426880632614, "params": {"gamma": 962.9996685926692, "log10_alpha": -1.9330906676820518, "log10_colsample_bytree": -0.30020891888938894, "log10_eta": -3.3961954186185923, "log10_lambda": -1.230833379989404, "log10_min_child_weight": 3.436462598087837, "log10_subsample": -0.6836475752432452, "max_depth": 3.0, "num_boost_round": 25.0}, "datetime": {"datetime": "2024-01-19 00:17:37", "elapsed": 358.104684, "delta": 0.000596}}
{"target": -13.75842783208839, "params": {"gamma": 962.9996685926692, "log10_alpha": -1.9330906676820518, "log10_colsample_bytree": -0.30020891888938894, "log10_eta": -3.3961954186185923, "log10_lambda": -1.230833379989404, "log10_min_child_weight": 3.436462598087837, "log10_subsample": -0.6836475752432452, "max_depth": 3.0, "num_boost_round": 26.0}, "datetime": {"datetime": "2024-01-19 00:17:37", "elapsed": 358.105356, "delta": 0.000672}}
{"target": -13.758424477947196, "params": {"gamma": 962.9996685926692, "log10_alpha": -1.9330906676820518, "log10_colsample_bytree": -0.30020891888938894, "log10_eta": -3.3961954186185923, "log10_lambda": -1.230833379989404, "log10_min_child_weight": 3.436462598087837, "log10_subsample": -0.6836475752432452, "max_depth": 3.0, "num_boost_round": 27.0}, "datetime": {"datetime": "2024-01-19 00:17:37", "elapsed": 358.106189, "delta": 0.000833}}
{"target": -13.758423904615064, "params": {"gamma": 962.9996685926692, "log10_alpha": -1.9330906676820518, "log10_colsample_bytree": -0.30020891888938894, "log10_eta": -3.3961954186185923, "log10_lambda": -1.230833379989404, "log10_min_child_weight": 3.436462598087837, "log10_subsample": -0.6836475752432452, "max_depth": 3.0, "num_boost_round": 28.0}, "datetime": {"datetime": "2024-01-19 00:17:37", "elapsed": 358.107016, "delta": 0.000827}}
{"target": -13.758417486157432, "params": {"gamma": 962.9996685926692, "log10_alpha": -1.9330906676820518, "log10_colsample_bytree": -0.30020891888938894, "log10_eta": -3.3961954186185923, "log10_lambda": -1.230833379989404, "log10_min_child_weight": 3.436462598087837, "log10_subsample": -0.6836475752432452, "max_depth": 3.0, "num_boost_round": 29.0}, "datetime": {"datetime": "2024-01-19 00:17:37", "elapsed": 358.107757, "delta": 0.000741}}
{"target": -13.758538236993834, "params": {"gamma": 976.9608002201577, "log10_alpha": -4.063209120818368, "log10_colsample_bytree": -0.5490620556842081, "log10_eta": -3.98960137511071, "log10_lambda": -2.705833978640804, "log10_min_child_weight": 4.876118846615283, "log10_subsample": -0.021426237802325332, "max_depth": 2.0, "num_boost_round": 0.0}, "datetime": {"datetime": "2024-01-19 00:17:59", "elapsed": 380.502458, "delta": 22.394701}}
{"target": -13.758538542994854, "params": {"gamma": 976.9608002201577, "log10_alpha": -4.063209120818368, "log10_colsample_bytree": -0.5490620556842081, "log10_eta": -3.98960137511071, "log10_lambda": -2.705833978640804, "log10_min_child_weight": 4.876118846615283, "log10_subsample": -0.021426237802325332, "max_depth": 2.0, "num_boost_round": 1.0}, "datetime": {"datetime": "2024-01-19 00:17:59", "elapsed": 380.503277, "delta": 0.000819}}
{"target": -13.758538649509555, "params": {"gamma": 976.9608002201577, "log10_alpha": -4.063209120818368, "log10_colsample_bytree": -0.5490620556842081, "log10_eta": -3.98960137511071, "log10_lambda": -2.705833978640804, "log10_min_child_weight": 4.876118846615283, "log10_subsample": -0.021426237802325332, "max_depth": 2.0, "num_boost_round": 2.0}, "datetime": {"datetime": "2024-01-19 00:17:59", "elapsed": 380.504482, "delta": 0.001205}}
{"target": -13.758538484537832, "params": {"gamma": 976.9608002201577, "log10_alpha": -4.063209120818368, "log10_colsample_bytree": -0.5490620556842081, "log10_eta": -3.98960137511071, "log10_lambda": -2.705833978640804, "log10_min_child_weight": 4.876118846615283, "log10_subsample": -0.021426237802325332, "max_depth": 2.0, "num_boost_round": 3.0}, "datetime": {"datetime": "2024-01-19 00:17:59", "elapsed": 380.505206, "delta": 0.000724}}
{"target": -13.758537851820966, "params": {"gamma": 976.9608002201577, "log10_alpha": -4.063209120818368, "log10_colsample_bytree": -0.5490620556842081, "log10_eta": -3.98960137511071, "log10_lambda": -2.705833978640804, "log10_min_child_weight": 4.876118846615283, "log10_subsample": -0.021426237802325332, "max_depth": 2.0, "num_boost_round": 4.0}, "datetime": {"datetime": "2024-01-19 00:17:59", "elapsed": 380.505973, "delta": 0.000767}}
{"target": -13.758537985336291, "params": {"gamma": 976.9608002201577, "log10_alpha": -4.063209120818368, "log10_colsample_bytree": -0.5490620556842081, "log10_eta": -3.98960137511071, "log10_lambda": -2.705833978640804, "log10_min_child_weight": 4.876118846615283, "log10_subsample": -0.021426237802325332, "max_depth": 2.0, "num_boost_round": 5.0}, "datetime": {"datetime": "2024-01-19 00:17:59", "elapsed": 380.506675, "delta": 0.000702}}
{"target": -13.75853868369877, "params": {"gamma": 976.9608002201577, "log10_alpha": -4.063209120818368, "log10_colsample_bytree": -0.5490620556842081, "log10_eta": -3.98960137511071, "log10_lambda": -2.705833978640804, "log10_min_child_weight": 4.876118846615283, "log10_subsample": -0.021426237802325332, "max_depth": 2.0, "num_boost_round": 6.0}, "datetime": {"datetime": "2024-01-19 00:17:59", "elapsed": 380.507542, "delta": 0.000867}}
{"target": -13.75853859105935, "params": {"gamma": 976.9608002201577, "log10_alpha": -4.063209120818368, "log10_colsample_bytree": -0.5490620556842081, "log10_eta": -3.98960137511071, "log10_lambda": -2.705833978640804, "log10_min_child_weight": 4.876118846615283, "log10_subsample": -0.021426237802325332, "max_depth": 2.0, "num_boost_round": 7.0}, "datetime": {"datetime": "2024-01-19 00:17:59", "elapsed": 380.50844, "delta": 0.000898}}
{"target": -13.758538699952421, "params": {"gamma": 976.9608002201577, "log10_alpha": -4.063209120818368, "log10_colsample_bytree": -0.5490620556842081, "log10_eta": -3.98960137511071, "log10_lambda": -2.705833978640804, "log10_min_child_weight": 4.876118846615283, "log10_subsample": -0.021426237802325332, "max_depth": 2.0, "num_boost_round": 8.0}, "datetime": {"datetime": "2024-01-19 00:17:59", "elapsed": 380.509239, "delta": 0.000799}}
{"target": -13.758537963176154, "params": {"gamma": 976.9608002201577, "log10_alpha": -4.063209120818368, "log10_colsample_bytree": -0.5490620556842081, "log10_eta": -3.98960137511071, "log10_lambda": -2.705833978640804, "log10_min_child_weight": 4.876118846615283, "log10_subsample": -0.021426237802325332, "max_depth": 2.0, "num_boost_round": 9.0}, "datetime": {"datetime": "2024-01-19 00:17:59", "elapsed": 380.509953, "delta": 0.000714}}
{"target": -13.758537922207065, "params": {"gamma": 976.9608002201577, "log10_alpha": -4.063209120818368, "log10_colsample_bytree": -0.5490620556842081, "log10_eta": -3.98960137511071, "log10_lambda": -2.705833978640804, "log10_min_child_weight": 4.876118846615283, "log10_subsample": -0.021426237802325332, "max_depth": 2.0, "num_boost_round": 10.0}, "datetime": {"datetime": "2024-01-19 00:17:59", "elapsed": 380.51065, "delta": 0.000697}}
{"target": -13.758537198813517, "params": {"gamma": 976.9608002201577, "log10_alpha": -4.063209120818368, "log10_colsample_bytree": -0.5490620556842081, "log10_eta": -3.98960137511071, "log10_lambda": -2.705833978640804, "log10_min_child_weight": 4.876118846615283, "log10_subsample": -0.021426237802325332, "max_depth": 2.0, "num_boost_round": 11.0}, "datetime": {"datetime": "2024-01-19 00:17:59", "elapsed": 380.511389, "delta": 0.000739}}
{"target": -13.758537285259008, "params": {"gamma": 976.9608002201577, "log10_alpha": -4.063209120818368, "log10_colsample_bytree": -0.5490620556842081, "log10_eta": -3.98960137511071, "log10_lambda": -2.705833978640804, "log10_min_child_weight": 4.876118846615283, "log10_subsample": -0.021426237802325332, "max_depth": 2.0, "num_boost_round": 12.0}, "datetime": {"datetime": "2024-01-19 00:17:59", "elapsed": 380.512101, "delta": 0.000712}}
{"target": -13.758537046791968, "params": {"gamma": 976.9608002201577, "log10_alpha": -4.063209120818368, "log10_colsample_bytree": -0.5490620556842081, "log10_eta": -3.98960137511071, "log10_lambda": -2.705833978640804, "log10_min_child_weight": 4.876118846615283, "log10_subsample": -0.021426237802325332, "max_depth": 2.0, "num_boost_round": 13.0}, "datetime": {"datetime": "2024-01-19 00:17:59", "elapsed": 380.512821, "delta": 0.00072}}
{"target": -13.758537187800824, "params": {"gamma": 976.9608002201577, "log10_alpha": -4.063209120818368, "log10_colsample_bytree": -0.5490620556842081, "log10_eta": -3.98960137511071, "log10_lambda": -2.705833978640804, "log10_min_child_weight": 4.876118846615283, "log10_subsample": -0.021426237802325332, "max_depth": 2.0, "num_boost_round": 14.0}, "datetime": {"datetime": "2024-01-19 00:17:59", "elapsed": 380.513533, "delta": 0.000712}}
{"target": -13.75853656559058, "params": {"gamma": 976.9608002201577, "log10_alpha": -4.063209120818368, "log10_colsample_bytree": -0.5490620556842081, "log10_eta": -3.98960137511071, "log10_lambda": -2.705833978640804, "log10_min_child_weight": 4.876118846615283, "log10_subsample": -0.021426237802325332, "max_depth": 2.0, "num_boost_round": 15.0}, "datetime": {"datetime": "2024-01-19 00:17:59", "elapsed": 380.514266, "delta": 0.000733}}
{"target": -13.758536069687372, "params": {"gamma": 976.9608002201577, "log10_alpha": -4.063209120818368, "log10_colsample_bytree": -0.5490620556842081, "log10_eta": -3.98960137511071, "log10_lambda": -2.705833978640804, "log10_min_child_weight": 4.876118846615283, "log10_subsample": -0.021426237802325332, "max_depth": 2.0, "num_boost_round": 16.0}, "datetime": {"datetime": "2024-01-19 00:17:59", "elapsed": 380.515006, "delta": 0.00074}}
{"target": -13.758536491040937, "params": {"gamma": 976.9608002201577, "log10_alpha": -4.063209120818368, "log10_colsample_bytree": -0.5490620556842081, "log10_eta": -3.98960137511071, "log10_lambda": -2.705833978640804, "log10_min_child_weight": 4.876118846615283, "log10_subsample": -0.021426237802325332, "max_depth": 2.0, "num_boost_round": 17.0}, "datetime": {"datetime": "2024-01-19 00:17:59", "elapsed": 380.515728, "delta": 0.000722}}
{"target": -13.758536670006825, "params": {"gamma": 976.9608002201577, "log10_alpha": -4.063209120818368, "log10_colsample_bytree": -0.5490620556842081, "log10_eta": -3.98960137511071, "log10_lambda": -2.705833978640804, "log10_min_child_weight": 4.876118846615283, "log10_subsample": -0.021426237802325332, "max_depth": 2.0, "num_boost_round": 18.0}, "datetime": {"datetime": "2024-01-19 00:17:59", "elapsed": 380.516438, "delta": 0.00071}}
{"target": -13.758536142057599, "params": {"gamma": 976.9608002201577, "log10_alpha": -4.063209120818368, "log10_colsample_bytree": -0.5490620556842081, "log10_eta": -3.98960137511071, "log10_lambda": -2.705833978640804, "log10_min_child_weight": 4.876118846615283, "log10_subsample": -0.021426237802325332, "max_depth": 2.0, "num_boost_round": 19.0}, "datetime": {"datetime": "2024-01-19 00:17:59", "elapsed": 380.517183, "delta": 0.000745}}
{"target": -13.758536197779048, "params": {"gamma": 976.9608002201577, "log10_alpha": -4.063209120818368, "log10_colsample_bytree": -0.5490620556842081, "log10_eta": -3.98960137511071, "log10_lambda": -2.705833978640804, "log10_min_child_weight": 4.876118846615283, "log10_subsample": -0.021426237802325332, "max_depth": 2.0, "num_boost_round": 20.0}, "datetime": {"datetime": "2024-01-19 00:17:59", "elapsed": 380.51806, "delta": 0.000877}}
{"target": -13.758537167983386, "params": {"gamma": 976.9608002201577, "log10_alpha": -4.063209120818368, "log10_colsample_bytree": -0.5490620556842081, "log10_eta": -3.98960137511071, "log10_lambda": -2.705833978640804, "log10_min_child_weight": 4.876118846615283, "log10_subsample": -0.021426237802325332, "max_depth": 2.0, "num_boost_round": 21.0}, "datetime": {"datetime": "2024-01-19 00:17:59", "elapsed": 380.51882, "delta": 0.00076}}
{"target": -13.75853813286251, "params": {"gamma": 976.9608002201577, "log10_alpha": -4.063209120818368, "log10_colsample_bytree": -0.5490620556842081, "log10_eta": -3.98960137511071, "log10_lambda": -2.705833978640804, "log10_min_child_weight": 4.876118846615283, "log10_subsample": -0.021426237802325332, "max_depth": 2.0, "num_boost_round": 22.0}, "datetime": {"datetime": "2024-01-19 00:17:59", "elapsed": 380.519573, "delta": 0.000753}}
{"target": -13.75853759198894, "params": {"gamma": 976.9608002201577, "log10_alpha": -4.063209120818368, "log10_colsample_bytree": -0.5490620556842081, "log10_eta": -3.98960137511071, "log10_lambda": -2.705833978640804, "log10_min_child_weight": 4.876118846615283, "log10_subsample": -0.021426237802325332, "max_depth": 2.0, "num_boost_round": 23.0}, "datetime": {"datetime": "2024-01-19 00:17:59", "elapsed": 380.520324, "delta": 0.000751}}
{"target": -13.75853803263964, "params": {"gamma": 976.9608002201577, "log10_alpha": -4.063209120818368, "log10_colsample_bytree": -0.5490620556842081, "log10_eta": -3.98960137511071, "log10_lambda": -2.705833978640804, "log10_min_child_weight": 4.876118846615283, "log10_subsample": -0.021426237802325332, "max_depth": 2.0, "num_boost_round": 24.0}, "datetime": {"datetime": "2024-01-19 00:17:59", "elapsed": 380.521071, "delta": 0.000747}}
{"target": -13.758454002258624, "params": {"gamma": 963.5664773784231, "log10_alpha": -0.33078414964607994, "log10_colsample_bytree": -0.4031433435158285, "log10_eta": -2.3589180502168428, "log10_lambda": -2.281459495776563, "log10_min_child_weight": 0.5442157384814428, "log10_subsample": -0.5770849977127919, "max_depth": 3.0, "num_boost_round": 0.0}, "datetime": {"datetime": "2024-01-19 00:18:21", "elapsed": 402.35453, "delta": 21.833459}}
{"target": -13.758308364964329, "params": {"gamma": 963.5664773784231, "log10_alpha": -0.33078414964607994, "log10_colsample_bytree": -0.4031433435158285, "log10_eta": -2.3589180502168428, "log10_lambda": -2.281459495776563, "log10_min_child_weight": 0.5442157384814428, "log10_subsample": -0.5770849977127919, "max_depth": 3.0, "num_boost_round": 1.0}, "datetime": {"datetime": "2024-01-19 00:18:21", "elapsed": 402.355795, "delta": 0.001265}}
