{"target": -13.771162932917756, "params": {"gamma": 654.0768829685308, "log10_alpha": -2.888983743317225, "log10_colsample_bytree": -0.11344906774046182, "log10_eta": -1.2075596831005337, "log10_lambda": -4.988475563573122, "log10_min_child_weight": 1.1868284060019796, "log10_subsample": -0.711594090296658, "max_depth": 2.0, "num_boost_round": 36.0}, "datetime": {"datetime": "2024-01-19 01:41:58", "elapsed": 5371.170212, "delta": 0.004858}}
{"target": -13.77163534662027, "params": {"gamma": 654.0768829685308, "log10_alpha": -2.888983743317225, "log10_colsample_bytree": -0.11344906774046182, "log10_eta": -1.2075596831005337, "log10_lambda": -4.988475563573122, "log10_min_child_weight": 1.1868284060019796, "log10_subsample": -0.711594090296658, "max_depth": 2.0, "num_boost_round": 37.0}, "datetime": {"datetime": "2024-01-19 01:41:58", "elapsed": 5371.175223, "delta": 0.005011}}
{"target": -13.772310920394679, "params": {"gamma": 654.0768829685308, "log10_alpha": -2.888983743317225, "log10_colsample_bytree": -0.11344906774046182, "log10_eta": -1.2075596831005337, "log10_lambda": -4.988475563573122, "log10_min_child_weight": 1.1868284060019796, "log10_subsample": -0.711594090296658, "max_depth": 2.0, "num_boost_round": 38.0}, "datetime": {"datetime": "2024-01-19 01:41:58", "elapsed": 5371.180078, "delta": 0.004855}}
{"target": -13.772311159395917, "params": {"gamma": 654.0768829685308, "log10_alpha": -2.888983743317225, "log10_colsample_bytree": -0.11344906774046182, "log10_eta": -1.2075596831005337, "log10_lambda": -4.988475563573122, "log10_min_child_weight": 1.1868284060019796, "log10_subsample": -0.711594090296658, "max_depth": 2.0, "num_boost_round": 39.0}, "datetime": {"datetime": "2024-01-19 01:41:58", "elapsed": 5371.185008, "delta": 0.00493}}
{"target": -13.773220439444247, "params": {"gamma": 654.0768829685308, "log10_alpha": -2.888983743317225, "log10_colsample_bytree": -0.11344906774046182, "log10_eta": -1.2075596831005337, "log10_lambda": -4.988475563573122, "log10_min_child_weight": 1.1868284060019796, "log10_subsample": -0.711594090296658, "max_depth": 2.0, "num_boost_round": 40.0}, "datetime": {"datetime": "2024-01-19 01:41:58", "elapsed": 5371.189903, "delta": 0.004895}}
{"target": -13.75852515900338, "params": {"gamma": 540.922257856738, "log10_alpha": 0.516181299448319, "log10_colsample_bytree": -0.5385301076372155, "log10_eta": -2.229038067058948, "log10_lambda": 0.9896038382825054, "log10_min_child_weight": 4.13033168596073, "log10_subsample": -0.42700275092003026, "max_depth": 9.0, "num_boost_round": 0.0}, "datetime": {"datetime": "2024-01-19 01:42:48", "elapsed": 5421.39608, "delta": 50.206177}}
{"target": -13.758514393565, "params": {"gamma": 540.922257856738, "log10_alpha": 0.516181299448319, "log10_colsample_bytree": -0.5385301076372155, "log10_eta": -2.229038067058948, "log10_lambda": 0.9896038382825054, "log10_min_child_weight": 4.13033168596073, "log10_subsample": -0.42700275092003026, "max_depth": 9.0, "num_boost_round": 1.0}, "datetime": {"datetime": "2024-01-19 01:42:48", "elapsed": 5421.401941, "delta": 0.005861}}
{"target": -13.758562165792856, "params": {"gamma": 540.922257856738, "log10_alpha": 0.516181299448319, "log10_colsample_bytree": -0.5385301076372155, "log10_eta": -2.229038067058948, "log10_lambda": 0.9896038382825054, "log10_min_child_weight": 4.13033168596073, "log10_subsample": -0.42700275092003026, "max_depth": 9.0, "num_boost_round": 2.0}, "datetime": {"datetime": "2024-01-19 01:42:48", "elapsed": 5421.406762, "delta": 0.004821}}
{"target": -13.758524978073119, "params": {"gamma": 540.922257856738, "log10_alpha": 0.516181299448319, "log10_colsample_bytree": -0.5385301076372155, "log10_eta": -2.229038067058948, "log10_lambda": 0.9896038382825054, "log10_min_child_weight": 4.13033168596073, "log10_subsample": -0.42700275092003026, "max_depth": 9.0, "num_boost_round": 3.0}, "datetime": {"datetime": "2024-01-19 01:42:48", "elapsed": 5421.411847, "delta": 0.005085}}
{"target": -13.758452919024796, "params": {"gamma": 540.922257856738, "log10_alpha": 0.516181299448319, "log10_colsample_bytree": -0.5385301076372155, "log10_eta": -2.229038067058948, "log10_lambda": 0.9896038382825054, "log10_min_child_weight": 4.13033168596073, "log10_subsample": -0.42700275092003026, "max_depth": 9.0, "num_boost_round": 4.0}, "datetime": {"datetime": "2024-01-19 01:42:48", "elapsed": 5421.416767, "delta": 0.00492}}
{"target": -13.75842476462088, "params": {"gamma": 540.922257856738, "log10_alpha": 0.516181299448319, "log10_colsample_bytree": -0.5385301076372155, "log10_eta": -2.229038067058948, "log10_lambda": 0.9896038382825054, "log10_min_child_weight": 4.13033168596073, "log10_subsample": -0.42700275092003026, "max_depth": 9.0, "num_boost_round": 5.0}, "datetime": {"datetime": "2024-01-19 01:42:48", "elapsed": 5421.421587, "delta": 0.00482}}
{"target": -13.758431264549857, "params": {"gamma": 540.922257856738, "log10_alpha": 0.516181299448319, "log10_colsample_bytree": -0.5385301076372155, "log10_eta": -2.229038067058948, "log10_lambda": 0.9896038382825054, "log10_min_child_weight": 4.13033168596073, "log10_subsample": -0.42700275092003026, "max_depth": 9.0, "num_boost_round": 6.0}, "datetime": {"datetime": "2024-01-19 01:42:48", "elapsed": 5421.426384, "delta": 0.004797}}
{"target": -13.758420949418648, "params": {"gamma": 540.922257856738, "log10_alpha": 0.516181299448319, "log10_colsample_bytree": -0.5385301076372155, "log10_eta": -2.229038067058948, "log10_lambda": 0.9896038382825054, "log10_min_child_weight": 4.13033168596073, "log10_subsample": -0.42700275092003026, "max_depth": 9.0, "num_boost_round": 7.0}, "datetime": {"datetime": "2024-01-19 01:42:48", "elapsed": 5421.431326, "delta": 0.004942}}
{"target": -13.758404370342495, "params": {"gamma": 540.922257856738, "log10_alpha": 0.516181299448319, "log10_colsample_bytree": -0.5385301076372155, "log10_eta": -2.229038067058948, "log10_lambda": 0.9896038382825054, "log10_min_child_weight": 4.13033168596073, "log10_subsample": -0.42700275092003026, "max_depth": 9.0, "num_boost_round": 8.0}, "datetime": {"datetime": "2024-01-19 01:42:48", "elapsed": 5421.436284, "delta": 0.004958}}
{"target": -13.758389407928671, "params": {"gamma": 540.922257856738, "log10_alpha": 0.516181299448319, "log10_colsample_bytree": -0.5385301076372155, "log10_eta": -2.229038067058948, "log10_lambda": 0.9896038382825054, "log10_min_child_weight": 4.13033168596073, "log10_subsample": -0.42700275092003026, "max_depth": 9.0, "num_boost_round": 9.0}, "datetime": {"datetime": "2024-01-19 01:42:48", "elapsed": 5421.441116, "delta": 0.004832}}
{"target": -13.758341930843452, "params": {"gamma": 540.922257856738, "log10_alpha": 0.516181299448319, "log10_colsample_bytree": -0.5385301076372155, "log10_eta": -2.229038067058948, "log10_lambda": 0.9896038382825054, "log10_min_child_weight": 4.13033168596073, "log10_subsample": -0.42700275092003026, "max_depth": 9.0, "num_boost_round": 10.0}, "datetime": {"datetime": "2024-01-19 01:42:48", "elapsed": 5421.445954, "delta": 0.004838}}
{"target": -13.758308947632854, "params": {"gamma": 540.922257856738, "log10_alpha": 0.516181299448319, "log10_colsample_bytree": -0.5385301076372155, "log10_eta": -2.229038067058948, "log10_lambda": 0.9896038382825054, "log10_min_child_weight": 4.13033168596073, "log10_subsample": -0.42700275092003026, "max_depth": 9.0, "num_boost_round": 11.0}, "datetime": {"datetime": "2024-01-19 01:42:48", "elapsed": 5421.450909, "delta": 0.004955}}
{"target": -13.758285831868921, "params": {"gamma": 540.922257856738, "log10_alpha": 0.516181299448319, "log10_colsample_bytree": -0.5385301076372155, "log10_eta": -2.229038067058948, "log10_lambda": 0.9896038382825054, "log10_min_child_weight": 4.13033168596073, "log10_subsample": -0.42700275092003026, "max_depth": 9.0, "num_boost_round": 12.0}, "datetime": {"datetime": "2024-01-19 01:42:48", "elapsed": 5421.455903, "delta": 0.004994}}
{"target": -13.75828395641091, "params": {"gamma": 540.922257856738, "log10_alpha": 0.516181299448319, "log10_colsample_bytree": -0.5385301076372155, "log10_eta": -2.229038067058948, "log10_lambda": 0.9896038382825054, "log10_min_child_weight": 4.13033168596073, "log10_subsample": -0.42700275092003026, "max_depth": 9.0, "num_boost_round": 13.0}, "datetime": {"datetime": "2024-01-19 01:42:48", "elapsed": 5421.460721, "delta": 0.004818}}
{"target": -13.758244641310641, "params": {"gamma": 540.922257856738, "log10_alpha": 0.516181299448319, "log10_colsample_bytree": -0.5385301076372155, "log10_eta": -2.229038067058948, "log10_lambda": 0.9896038382825054, "log10_min_child_weight": 4.13033168596073, "log10_subsample": -0.42700275092003026, "max_depth": 9.0, "num_boost_round": 14.0}, "datetime": {"datetime": "2024-01-19 01:42:48", "elapsed": 5421.465486, "delta": 0.004765}}
{"target": -13.758180713801588, "params": {"gamma": 540.922257856738, "log10_alpha": 0.516181299448319, "log10_colsample_bytree": -0.5385301076372155, "log10_eta": -2.229038067058948, "log10_lambda": 0.9896038382825054, "log10_min_child_weight": 4.13033168596073, "log10_subsample": -0.42700275092003026, "max_depth": 9.0, "num_boost_round": 15.0}, "datetime": {"datetime": "2024-01-19 01:42:48", "elapsed": 5421.470398, "delta": 0.004912}}
{"target": -13.75816451394319, "params": {"gamma": 540.922257856738, "log10_alpha": 0.516181299448319, "log10_colsample_bytree": -0.5385301076372155, "log10_eta": -2.229038067058948, "log10_lambda": 0.9896038382825054, "log10_min_child_weight": 4.13033168596073, "log10_subsample": -0.42700275092003026, "max_depth": 9.0, "num_boost_round": 16.0}, "datetime": {"datetime": "2024-01-19 01:42:48", "elapsed": 5421.475415, "delta": 0.005017}}
{"target": -13.758186592044556, "params": {"gamma": 540.922257856738, "log10_alpha": 0.516181299448319, "log10_colsample_bytree": -0.5385301076372155, "log10_eta": -2.229038067058948, "log10_lambda": 0.9896038382825054, "log10_min_child_weight": 4.13033168596073, "log10_subsample": -0.42700275092003026, "max_depth": 9.0, "num_boost_round": 17.0}, "datetime": {"datetime": "2024-01-19 01:42:48", "elapsed": 5421.480293, "delta": 0.004878}}
{"target": -13.758528064629836, "params": {"gamma": 641.2038115541709, "log10_alpha": 0.3372669133531039, "log10_colsample_bytree": -0.6278218083828313, "log10_eta": -2.959095916603715, "log10_lambda": -2.010993135083483, "log10_min_child_weight": 0.5387007003923483, "log10_subsample": -0.12584041201186535, "max_depth": 9.0, "num_boost_round": 0.0}, "datetime": {"datetime": "2024-01-19 01:44:03", "elapsed": 5496.029927, "delta": 74.549634}}
{"target": -13.758448754357154, "params": {"gamma": 641.2038115541709, "log10_alpha": 0.3372669133531039, "log10_colsample_bytree": -0.6278218083828313, "log10_eta": -2.959095916603715, "log10_lambda": -2.010993135083483, "log10_min_child_weight": 0.5387007003923483, "log10_subsample": -0.12584041201186535, "max_depth": 9.0, "num_boost_round": 1.0}, "datetime": {"datetime": "2024-01-19 01:44:03", "elapsed": 5496.03614, "delta": 0.006213}}
{"target": -13.758380938592936, "params": {"gamma": 641.2038115541709, "log10_alpha": 0.3372669133531039, "log10_colsample_bytree": -0.6278218083828313, "log10_eta": -2.959095916603715, "log10_lambda": -2.010993135083483, "log10_min_child_weight": 0.5387007003923483, "log10_subsample": -0.12584041201186535, "max_depth": 9.0, "num_boost_round": 2.0}, "datetime": {"datetime": "2024-01-19 01:44:03", "elapsed": 5496.041153, "delta": 0.005013}}
{"target": -13.758302399906706, "params": {"gamma": 641.2038115541709, "log10_alpha": 0.3372669133531039, "log10_colsample_bytree": -0.6278218083828313, "log10_eta": -2.959095916603715, "log10_lambda": -2.010993135083483, "log10_min_child_weight": 0.5387007003923483, "log10_subsample": -0.12584041201186535, "max_depth": 9.0, "num_boost_round": 3.0}, "datetime": {"datetime": "2024-01-19 01:44:03", "elapsed": 5496.046092, "delta": 0.004939}}
{"target": -13.75827428700822, "params": {"gamma": 641.2038115541709, "log10_alpha": 0.3372669133531039, "log10_colsample_bytree": -0.6278218083828313, "log10_eta": -2.959095916603715, "log10_lambda": -2.010993135083483, "log10_min_child_weight": 0.5387007003923483, "log10_subsample": -0.12584041201186535, "max_depth": 9.0, "num_boost_round": 4.0}, "datetime": {"datetime": "2024-01-19 01:44:03", "elapsed": 5496.051038, "delta": 0.004946}}
{"target": -13.758174149591678, "params": {"gamma": 641.2038115541709, "log10_alpha": 0.3372669133531039, "log10_colsample_bytree": -0.6278218083828313, "log10_eta": -2.959095916603715, "log10_lambda": -2.010993135083483, "log10_min_child_weight": 0.5387007003923483, "log10_subsample": -0.12584041201186535, "max_depth": 9.0, "num_boost_round": 5.0}, "datetime": {"datetime": "2024-01-19 01:44:03", "elapsed": 5496.056151, "delta": 0.005113}}
{"target": -13.758131923607449, "params": {"gamma": 641.2038115541709, "log10_alpha": 0.3372669133531039, "log10_colsample_bytree": -0.6278218083828313, "log10_eta": -2.959095916603715, "log10_lambda": -2.010993135083483, "log10_min_child_weight": 0.5387007003923483, "log10_subsample": -0.12584041201186535, "max_depth": 9.0, "num_boost_round": 6.0}, "datetime": {"datetime": "2024-01-19 01:44:03", "elapsed": 5496.0612, "delta": 0.005049}}
{"target": -13.758114104604157, "params": {"gamma": 641.2038115541709, "log10_alpha": 0.3372669133531039, "log10_colsample_bytree": -0.6278218083828313, "log10_eta": -2.959095916603715, "log10_lambda": -2.010993135083483, "log10_min_child_weight": 0.5387007003923483, "log10_subsample": -0.12584041201186535, "max_depth": 9.0, "num_boost_round": 7.0}, "datetime": {"datetime": "2024-01-19 01:44:03", "elapsed": 5496.066294, "delta": 0.005094}}
{"target": -13.75804706949973, "params": {"gamma": 641.2038115541709, "log10_alpha": 0.3372669133531039, "log10_colsample_bytree": -0.6278218083828313, "log10_eta": -2.959095916603715, "log10_lambda": -2.010993135083483, "log10_min_child_weight": 0.5387007003923483, "log10_subsample": -0.12584041201186535, "max_depth": 9.0, "num_boost_round": 8.0}, "datetime": {"datetime": "2024-01-19 01:44:03", "elapsed": 5496.071267, "delta": 0.004973}}
{"target": -13.75805574895158, "params": {"gamma": 641.2038115541709, "log10_alpha": 0.3372669133531039, "log10_colsample_bytree": -0.6278218083828313, "log10_eta": -2.959095916603715, "log10_lambda": -2.010993135083483, "log10_min_child_weight": 0.5387007003923483, "log10_subsample": -0.12584041201186535, "max_depth": 9.0, "num_boost_round": 9.0}, "datetime": {"datetime": "2024-01-19 01:44:03", "elapsed": 5496.076522, "delta": 0.005255}}
{"target": -13.75800469995787, "params": {"gamma": 641.2038115541709, "log10_alpha": 0.3372669133531039, "log10_colsample_bytree": -0.6278218083828313, "log10_eta": -2.959095916603715, "log10_lambda": -2.010993135083483, "log10_min_child_weight": 0.5387007003923483, "log10_subsample": -0.12584041201186535, "max_depth": 9.0, "num_boost_round": 10.0}, "datetime": {"datetime": "2024-01-19 01:44:03", "elapsed": 5496.081553, "delta": 0.005031}}
{"target": -13.757967650866954, "params": {"gamma": 641.2038115541709, "log10_alpha": 0.3372669133531039, "log10_colsample_bytree": -0.6278218083828313, "log10_eta": -2.959095916603715, "log10_lambda": -2.010993135083483, "log10_min_child_weight": 0.5387007003923483, "log10_subsample": -0.12584041201186535, "max_depth": 9.0, "num_boost_round": 11.0}, "datetime": {"datetime": "2024-01-19 01:44:03", "elapsed": 5496.086527, "delta": 0.004974}}
{"target": -13.75797216229581, "params": {"gamma": 641.2038115541709, "log10_alpha": 0.3372669133531039, "log10_colsample_bytree": -0.6278218083828313, "log10_eta": -2.959095916603715, "log10_lambda": -2.010993135083483, "log10_min_child_weight": 0.5387007003923483, "log10_subsample": -0.12584041201186535, "max_depth": 9.0, "num_boost_round": 12.0}, "datetime": {"datetime": "2024-01-19 01:44:03", "elapsed": 5496.09166, "delta": 0.005133}}
{"target": -13.757934799487208, "params": {"gamma": 641.2038115541709, "log10_alpha": 0.3372669133531039, "log10_colsample_bytree": -0.6278218083828313, "log10_eta": -2.959095916603715, "log10_lambda": -2.010993135083483, "log10_min_child_weight": 0.5387007003923483, "log10_subsample": -0.12584041201186535, "max_depth": 9.0, "num_boost_round": 13.0}, "datetime": {"datetime": "2024-01-19 01:44:03", "elapsed": 5496.09696, "delta": 0.0053}}
{"target": -13.757920111182376, "params": {"gamma": 641.2038115541709, "log10_alpha": 0.3372669133531039, "log10_colsample_bytree": -0.6278218083828313, "log10_eta": -2.959095916603715, "log10_lambda": -2.010993135083483, "log10_min_child_weight": 0.5387007003923483, "log10_subsample": -0.12584041201186535, "max_depth": 9.0, "num_boost_round": 14.0}, "datetime": {"datetime": "2024-01-19 01:44:03", "elapsed": 5496.102178, "delta": 0.005218}}
{"target": -13.757873080114997, "params": {"gamma": 641.2038115541709, "log10_alpha": 0.3372669133531039, "log10_colsample_bytree": -0.6278218083828313, "log10_eta": -2.959095916603715, "log10_lambda": -2.010993135083483, "log10_min_child_weight": 0.5387007003923483, "log10_subsample": -0.12584041201186535, "max_depth": 9.0, "num_boost_round": 15.0}, "datetime": {"datetime": "2024-01-19 01:44:03", "elapsed": 5496.107624, "delta": 0.005446}}
{"target": -13.757909998654743, "params": {"gamma": 641.2038115541709, "log10_alpha": 0.3372669133531039, "log10_colsample_bytree": -0.6278218083828313, "log10_eta": -2.959095916603715, "log10_lambda": -2.010993135083483, "log10_min_child_weight": 0.5387007003923483, "log10_subsample": -0.12584041201186535, "max_depth": 9.0, "num_boost_round": 16.0}, "datetime": {"datetime": "2024-01-19 01:44:03", "elapsed": 5496.112942, "delta": 0.005318}}
{"target": -13.75787699495084, "params": {"gamma": 641.2038115541709, "log10_alpha": 0.3372669133531039, "log10_colsample_bytree": -0.6278218083828313, "log10_eta": -2.959095916603715, "log10_lambda": -2.010993135083483, "log10_min_child_weight": 0.5387007003923483, "log10_subsample": -0.12584041201186535, "max_depth": 9.0, "num_boost_round": 17.0}, "datetime": {"datetime": "2024-01-19 01:44:03", "elapsed": 5496.11784, "delta": 0.004898}}
{"target": -13.757912511404355, "params": {"gamma": 641.2038115541709, "log10_alpha": 0.3372669133531039, "log10_colsample_bytree": -0.6278218083828313, "log10_eta": -2.959095916603715, "log10_lambda": -2.010993135083483, "log10_min_child_weight": 0.5387007003923483, "log10_subsample": -0.12584041201186535, "max_depth": 9.0, "num_boost_round": 18.0}, "datetime": {"datetime": "2024-01-19 01:44:03", "elapsed": 5496.12279, "delta": 0.00495}}
{"target": -13.757949116299955, "params": {"gamma": 641.2038115541709, "log10_alpha": 0.3372669133531039, "log10_colsample_bytree": -0.6278218083828313, "log10_eta": -2.959095916603715, "log10_lambda": -2.010993135083483, "log10_min_child_weight": 0.5387007003923483, "log10_subsample": -0.12584041201186535, "max_depth": 9.0, "num_boost_round": 19.0}, "datetime": {"datetime": "2024-01-19 01:44:03", "elapsed": 5496.127806, "delta": 0.005016}}
{"target": -13.757894933238655, "params": {"gamma": 641.2038115541709, "log10_alpha": 0.3372669133531039, "log10_colsample_bytree": -0.6278218083828313, "log10_eta": -2.959095916603715, "log10_lambda": -2.010993135083483, "log10_min_child_weight": 0.5387007003923483, "log10_subsample": -0.12584041201186535, "max_depth": 9.0, "num_boost_round": 20.0}, "datetime": {"datetime": "2024-01-19 01:44:03", "elapsed": 5496.132801, "delta": 0.004995}}
{"target": -13.757936929176081, "params": {"gamma": 641.2038115541709, "log10_alpha": 0.3372669133531039, "log10_colsample_bytree": -0.6278218083828313, "log10_eta": -2.959095916603715, "log10_lambda": -2.010993135083483, "log10_min_child_weight": 0.5387007003923483, "log10_subsample": -0.12584041201186535, "max_depth": 9.0, "num_boost_round": 21.0}, "datetime": {"datetime": "2024-01-19 01:44:03", "elapsed": 5496.137655, "delta": 0.004854}}
{"target": -13.757922920300867, "params": {"gamma": 641.2038115541709, "log10_alpha": 0.3372669133531039, "log10_colsample_bytree": -0.6278218083828313, "log10_eta": -2.959095916603715, "log10_lambda": -2.010993135083483, "log10_min_child_weight": 0.5387007003923483, "log10_subsample": -0.12584041201186535, "max_depth": 9.0, "num_boost_round": 22.0}, "datetime": {"datetime": "2024-01-19 01:44:03", "elapsed": 5496.142453, "delta": 0.004798}}
{"target": -13.757887041563219, "params": {"gamma": 641.2038115541709, "log10_alpha": 0.3372669133531039, "log10_colsample_bytree": -0.6278218083828313, "log10_eta": -2.959095916603715, "log10_lambda": -2.010993135083483, "log10_min_child_weight": 0.5387007003923483, "log10_subsample": -0.12584041201186535, "max_depth": 9.0, "num_boost_round": 23.0}, "datetime": {"datetime": "2024-01-19 01:44:03", "elapsed": 5496.147347, "delta": 0.004894}}
{"target": -13.757929012714857, "params": {"gamma": 641.2038115541709, "log10_alpha": 0.3372669133531039, "log10_colsample_bytree": -0.6278218083828313, "log10_eta": -2.959095916603715, "log10_lambda": -2.010993135083483, "log10_min_child_weight": 0.5387007003923483, "log10_subsample": -0.12584041201186535, "max_depth": 9.0, "num_boost_round": 24.0}, "datetime": {"datetime": "2024-01-19 01:44:03", "elapsed": 5496.152583, "delta": 0.005236}}
{"target": -13.757907586655383, "params": {"gamma": 641.2038115541709, "log10_alpha": 0.3372669133531039, "log10_colsample_bytree": -0.6278218083828313, "log10_eta": -2.959095916603715, "log10_lambda": -2.010993135083483, "log10_min_child_weight": 0.5387007003923483, "log10_subsample": -0.12584041201186535, "max_depth": 9.0, "num_boost_round": 25.0}, "datetime": {"datetime": "2024-01-19 01:44:03", "elapsed": 5496.1578, "delta": 0.005217}}
