{"target": -15.08446065563672, "params": {"gamma": 498.3503767265348, "log10_alpha": -1.7345076268295987, "log10_colsample_bytree": -0.825112789096789, "log10_eta": -0.3820451331867898, "log10_lambda": -1.3951178477183759, "log10_min_child_weight": 2.089881895255308, "log10_subsample": -0.18369177410925353, "max_depth": 9.0, "num_boost_round": 55.0}, "datetime": {"datetime": "2024-01-19 01:08:17", "elapsed": 3401.60685, "delta": 0.004236}}
{"target": -15.090723111138438, "params": {"gamma": 498.3503767265348, "log10_alpha": -1.7345076268295987, "log10_colsample_bytree": -0.825112789096789, "log10_eta": -0.3820451331867898, "log10_lambda": -1.3951178477183759, "log10_min_child_weight": 2.089881895255308, "log10_subsample": -0.18369177410925353, "max_depth": 9.0, "num_boost_round": 56.0}, "datetime": {"datetime": "2024-01-19 01:08:17", "elapsed": 3401.61121, "delta": 0.00436}}
{"target": -15.100565319044772, "params": {"gamma": 498.3503767265348, "log10_alpha": -1.7345076268295987, "log10_colsample_bytree": -0.825112789096789, "log10_eta": -0.3820451331867898, "log10_lambda": -1.3951178477183759, "log10_min_child_weight": 2.089881895255308, "log10_subsample": -0.18369177410925353, "max_depth": 9.0, "num_boost_round": 57.0}, "datetime": {"datetime": "2024-01-19 01:08:17", "elapsed": 3401.615438, "delta": 0.004228}}
{"target": -15.106098930137163, "params": {"gamma": 498.3503767265348, "log10_alpha": -1.7345076268295987, "log10_colsample_bytree": -0.825112789096789, "log10_eta": -0.3820451331867898, "log10_lambda": -1.3951178477183759, "log10_min_child_weight": 2.089881895255308, "log10_subsample": -0.18369177410925353, "max_depth": 9.0, "num_boost_round": 58.0}, "datetime": {"datetime": "2024-01-19 01:08:17", "elapsed": 3401.619701, "delta": 0.004263}}
{"target": -15.126832932554327, "params": {"gamma": 498.3503767265348, "log10_alpha": -1.7345076268295987, "log10_colsample_bytree": -0.825112789096789, "log10_eta": -0.3820451331867898, "log10_lambda": -1.3951178477183759, "log10_min_child_weight": 2.089881895255308, "log10_subsample": -0.18369177410925353, "max_depth": 9.0, "num_boost_round": 59.0}, "datetime": {"datetime": "2024-01-19 01:08:17", "elapsed": 3401.624086, "delta": 0.004385}}
{"target": -15.135119086476815, "params": {"gamma": 498.3503767265348, "log10_alpha": -1.7345076268295987, "log10_colsample_bytree": -0.825112789096789, "log10_eta": -0.3820451331867898, "log10_lambda": -1.3951178477183759, "log10_min_child_weight": 2.089881895255308, "log10_subsample": -0.18369177410925353, "max_depth": 9.0, "num_boost_round": 60.0}, "datetime": {"datetime": "2024-01-19 01:08:17", "elapsed": 3401.628369, "delta": 0.004283}}
{"target": -15.142185047275504, "params": {"gamma": 498.3503767265348, "log10_alpha": -1.7345076268295987, "log10_colsample_bytree": -0.825112789096789, "log10_eta": -0.3820451331867898, "log10_lambda": -1.3951178477183759, "log10_min_child_weight": 2.089881895255308, "log10_subsample": -0.18369177410925353, "max_depth": 9.0, "num_boost_round": 61.0}, "datetime": {"datetime": "2024-01-19 01:08:17", "elapsed": 3401.632644, "delta": 0.004275}}
{"target": -15.151185676437187, "params": {"gamma": 498.3503767265348, "log10_alpha": -1.7345076268295987, "log10_colsample_bytree": -0.825112789096789, "log10_eta": -0.3820451331867898, "log10_lambda": -1.3951178477183759, "log10_min_child_weight": 2.089881895255308, "log10_subsample": -0.18369177410925353, "max_depth": 9.0, "num_boost_round": 62.0}, "datetime": {"datetime": "2024-01-19 01:08:17", "elapsed": 3401.636949, "delta": 0.004305}}
{"target": -15.157065232646612, "params": {"gamma": 498.3503767265348, "log10_alpha": -1.7345076268295987, "log10_colsample_bytree": -0.825112789096789, "log10_eta": -0.3820451331867898, "log10_lambda": -1.3951178477183759, "log10_min_child_weight": 2.089881895255308, "log10_subsample": -0.18369177410925353, "max_depth": 9.0, "num_boost_round": 63.0}, "datetime": {"datetime": "2024-01-19 01:08:17", "elapsed": 3401.641217, "delta": 0.004268}}
{"target": -15.165876162795618, "params": {"gamma": 498.3503767265348, "log10_alpha": -1.7345076268295987, "log10_colsample_bytree": -0.825112789096789, "log10_eta": -0.3820451331867898, "log10_lambda": -1.3951178477183759, "log10_min_child_weight": 2.089881895255308, "log10_subsample": -0.18369177410925353, "max_depth": 9.0, "num_boost_round": 64.0}, "datetime": {"datetime": "2024-01-19 01:08:17", "elapsed": 3401.645491, "delta": 0.004274}}
{"target": -15.16819611796609, "params": {"gamma": 498.3503767265348, "log10_alpha": -1.7345076268295987, "log10_colsample_bytree": -0.825112789096789, "log10_eta": -0.3820451331867898, "log10_lambda": -1.3951178477183759, "log10_min_child_weight": 2.089881895255308, "log10_subsample": -0.18369177410925353, "max_depth": 9.0, "num_boost_round": 65.0}, "datetime": {"datetime": "2024-01-19 01:08:17", "elapsed": 3401.649773, "delta": 0.004282}}
{"target": -15.174591628902668, "params": {"gamma": 498.3503767265348, "log10_alpha": -1.7345076268295987, "log10_colsample_bytree": -0.825112789096789, "log10_eta": -0.3820451331867898, "log10_lambda": -1.3951178477183759, "log10_min_child_weight": 2.089881895255308, "log10_subsample": -0.18369177410925353, "max_depth": 9.0, "num_boost_round": 66.0}, "datetime": {"datetime": "2024-01-19 01:08:17", "elapsed": 3401.654128, "delta": 0.004355}}
{"target": -15.174923046886141, "params": {"gamma": 498.3503767265348, "log10_alpha": -1.7345076268295987, "log10_colsample_bytree": -0.825112789096789, "log10_eta": -0.3820451331867898, "log10_lambda": -1.3951178477183759, "log10_min_child_weight": 2.089881895255308, "log10_subsample": -0.18369177410925353, "max_depth": 9.0, "num_boost_round": 67.0}, "datetime": {"datetime": "2024-01-19 01:08:17", "elapsed": 3401.658377, "delta": 0.004249}}
{"target": -15.175468925970414, "params": {"gamma": 498.3503767265348, "log10_alpha": -1.7345076268295987, "log10_colsample_bytree": -0.825112789096789, "log10_eta": -0.3820451331867898, "log10_lambda": -1.3951178477183759, "log10_min_child_weight": 2.089881895255308, "log10_subsample": -0.18369177410925353, "max_depth": 9.0, "num_boost_round": 68.0}, "datetime": {"datetime": "2024-01-19 01:08:17", "elapsed": 3401.662669, "delta": 0.004292}}
{"target": -15.185632268262713, "params": {"gamma": 498.3503767265348, "log10_alpha": -1.7345076268295987, "log10_colsample_bytree": -0.825112789096789, "log10_eta": -0.3820451331867898, "log10_lambda": -1.3951178477183759, "log10_min_child_weight": 2.089881895255308, "log10_subsample": -0.18369177410925353, "max_depth": 9.0, "num_boost_round": 69.0}, "datetime": {"datetime": "2024-01-19 01:08:17", "elapsed": 3401.666949, "delta": 0.00428}}
{"target": -15.187369525316466, "params": {"gamma": 498.3503767265348, "log10_alpha": -1.7345076268295987, "log10_colsample_bytree": -0.825112789096789, "log10_eta": -0.3820451331867898, "log10_lambda": -1.3951178477183759, "log10_min_child_weight": 2.089881895255308, "log10_subsample": -0.18369177410925353, "max_depth": 9.0, "num_boost_round": 70.0}, "datetime": {"datetime": "2024-01-19 01:08:17", "elapsed": 3401.671294, "delta": 0.004345}}
{"target": -15.203608242612948, "params": {"gamma": 498.3503767265348, "log10_alpha": -1.7345076268295987, "log10_colsample_bytree": -0.825112789096789, "log10_eta": -0.3820451331867898, "log10_lambda": -1.3951178477183759, "log10_min_child_weight": 2.089881895255308, "log10_subsample": -0.18369177410925353, "max_depth": 9.0, "num_boost_round": 71.0}, "datetime": {"datetime": "2024-01-19 01:08:17", "elapsed": 3401.675567, "delta": 0.004273}}
{"target": -15.234097565522145, "params": {"gamma": 498.3503767265348, "log10_alpha": -1.7345076268295987, "log10_colsample_bytree": -0.825112789096789, "log10_eta": -0.3820451331867898, "log10_lambda": -1.3951178477183759, "log10_min_child_weight": 2.089881895255308, "log10_subsample": -0.18369177410925353, "max_depth": 9.0, "num_boost_round": 72.0}, "datetime": {"datetime": "2024-01-19 01:08:17", "elapsed": 3401.679845, "delta": 0.004278}}
{"target": -13.758529156064215, "params": {"gamma": 489.88624107757386, "log10_alpha": 0.8155725449307782, "log10_colsample_bytree": -0.05861986162313915, "log10_eta": -3.3518835351464062, "log10_lambda": -3.2636827567811304, "log10_min_child_weight": 0.10223858607611158, "log10_subsample": -0.6019044482941623, "max_depth": 8.0, "num_boost_round": 0.0}, "datetime": {"datetime": "2024-01-19 01:10:20", "elapsed": 3524.945151, "delta": 123.265306}}
{"target": -13.758509872565249, "params": {"gamma": 489.88624107757386, "log10_alpha": 0.8155725449307782, "log10_colsample_bytree": -0.05861986162313915, "log10_eta": -3.3518835351464062, "log10_lambda": -3.2636827567811304, "log10_min_child_weight": 0.10223858607611158, "log10_subsample": -0.6019044482941623, "max_depth": 8.0, "num_boost_round": 1.0}, "datetime": {"datetime": "2024-01-19 01:10:20", "elapsed": 3524.950363, "delta": 0.005212}}
{"target": -13.758536262040815, "params": {"gamma": 489.88624107757386, "log10_alpha": 0.8155725449307782, "log10_colsample_bytree": -0.05861986162313915, "log10_eta": -3.3518835351464062, "log10_lambda": -3.2636827567811304, "log10_min_child_weight": 0.10223858607611158, "log10_subsample": -0.6019044482941623, "max_depth": 8.0, "num_boost_round": 2.0}, "datetime": {"datetime": "2024-01-19 01:10:20", "elapsed": 3524.95583, "delta": 0.005467}}
{"target": -13.758518628247108, "params": {"gamma": 489.88624107757386, "log10_alpha": 0.8155725449307782, "log10_colsample_bytree": -0.05861986162313915, "log10_eta": -3.3518835351464062, "log10_lambda": -3.2636827567811304, "log10_min_child_weight": 0.10223858607611158, "log10_subsample": -0.6019044482941623, "max_depth": 8.0, "num_boost_round": 3.0}, "datetime": {"datetime": "2024-01-19 01:10:20", "elapsed": 3524.961747, "delta": 0.005917}}
{"target": -13.758510305291022, "params": {"gamma": 489.88624107757386, "log10_alpha": 0.8155725449307782, "log10_colsample_bytree": -0.05861986162313915, "log10_eta": -3.3518835351464062, "log10_lambda": -3.2636827567811304, "log10_min_child_weight": 0.10223858607611158, "log10_subsample": -0.6019044482941623, "max_depth": 8.0, "num_boost_round": 4.0}, "datetime": {"datetime": "2024-01-19 01:10:20", "elapsed": 3524.967152, "delta": 0.005405}}
{"target": -13.758501765999384, "params": {"gamma": 489.88624107757386, "log10_alpha": 0.8155725449307782, "log10_colsample_bytree": -0.05861986162313915, "log10_eta": -3.3518835351464062, "log10_lambda": -3.2636827567811304, "log10_min_child_weight": 0.10223858607611158, "log10_subsample": -0.6019044482941623, "max_depth": 8.0, "num_boost_round": 5.0}, "datetime": {"datetime": "2024-01-19 01:10:20", "elapsed": 3524.971801, "delta": 0.004649}}
{"target": -13.758487145066097, "params": {"gamma": 489.88624107757386, "log10_alpha": 0.8155725449307782, "log10_colsample_bytree": -0.05861986162313915, "log10_eta": -3.3518835351464062, "log10_lambda": -3.2636827567811304, "log10_min_child_weight": 0.10223858607611158, "log10_subsample": -0.6019044482941623, "max_depth": 8.0, "num_boost_round": 6.0}, "datetime": {"datetime": "2024-01-19 01:10:20", "elapsed": 3524.976392, "delta": 0.004591}}
{"target": -13.758480452075128, "params": {"gamma": 489.88624107757386, "log10_alpha": 0.8155725449307782, "log10_colsample_bytree": -0.05861986162313915, "log10_eta": -3.3518835351464062, "log10_lambda": -3.2636827567811304, "log10_min_child_weight": 0.10223858607611158, "log10_subsample": -0.6019044482941623, "max_depth": 8.0, "num_boost_round": 7.0}, "datetime": {"datetime": "2024-01-19 01:10:20", "elapsed": 3524.981021, "delta": 0.004629}}
{"target": -13.758473905634569, "params": {"gamma": 489.88624107757386, "log10_alpha": 0.8155725449307782, "log10_colsample_bytree": -0.05861986162313915, "log10_eta": -3.3518835351464062, "log10_lambda": -3.2636827567811304, "log10_min_child_weight": 0.10223858607611158, "log10_subsample": -0.6019044482941623, "max_depth": 8.0, "num_boost_round": 8.0}, "datetime": {"datetime": "2024-01-19 01:10:21", "elapsed": 3524.985644, "delta": 0.004623}}
{"target": -13.758476051215387, "params": {"gamma": 489.88624107757386, "log10_alpha": 0.8155725449307782, "log10_colsample_bytree": -0.05861986162313915, "log10_eta": -3.3518835351464062, "log10_lambda": -3.2636827567811304, "log10_min_child_weight": 0.10223858607611158, "log10_subsample": -0.6019044482941623, "max_depth": 8.0, "num_boost_round": 9.0}, "datetime": {"datetime": "2024-01-19 01:10:21", "elapsed": 3524.990193, "delta": 0.004549}}
{"target": -13.758471724730652, "params": {"gamma": 489.88624107757386, "log10_alpha": 0.8155725449307782, "log10_colsample_bytree": -0.05861986162313915, "log10_eta": -3.3518835351464062, "log10_lambda": -3.2636827567811304, "log10_min_child_weight": 0.10223858607611158, "log10_subsample": -0.6019044482941623, "max_depth": 8.0, "num_boost_round": 10.0}, "datetime": {"datetime": "2024-01-19 01:10:21", "elapsed": 3524.994561, "delta": 0.004368}}
{"target": -13.758472481281958, "params": {"gamma": 489.88624107757386, "log10_alpha": 0.8155725449307782, "log10_colsample_bytree": -0.05861986162313915, "log10_eta": -3.3518835351464062, "log10_lambda": -3.2636827567811304, "log10_min_child_weight": 0.10223858607611158, "log10_subsample": -0.6019044482941623, "max_depth": 8.0, "num_boost_round": 11.0}, "datetime": {"datetime": "2024-01-19 01:10:21", "elapsed": 3524.999022, "delta": 0.004461}}
{"target": -13.75843446768399, "params": {"gamma": 489.88624107757386, "log10_alpha": 0.8155725449307782, "log10_colsample_bytree": -0.05861986162313915, "log10_eta": -3.3518835351464062, "log10_lambda": -3.2636827567811304, "log10_min_child_weight": 0.10223858607611158, "log10_subsample": -0.6019044482941623, "max_depth": 8.0, "num_boost_round": 12.0}, "datetime": {"datetime": "2024-01-19 01:10:21", "elapsed": 3525.003327, "delta": 0.004305}}
{"target": -13.758423894744375, "params": {"gamma": 489.88624107757386, "log10_alpha": 0.8155725449307782, "log10_colsample_bytree": -0.05861986162313915, "log10_eta": -3.3518835351464062, "log10_lambda": -3.2636827567811304, "log10_min_child_weight": 0.10223858607611158, "log10_subsample": -0.6019044482941623, "max_depth": 8.0, "num_boost_round": 13.0}, "datetime": {"datetime": "2024-01-19 01:10:21", "elapsed": 3525.007691, "delta": 0.004364}}
{"target": -13.758422767086785, "params": {"gamma": 489.88624107757386, "log10_alpha": 0.8155725449307782, "log10_colsample_bytree": -0.05861986162313915, "log10_eta": -3.3518835351464062, "log10_lambda": -3.2636827567811304, "log10_min_child_weight": 0.10223858607611158, "log10_subsample": -0.6019044482941623, "max_depth": 8.0, "num_boost_round": 14.0}, "datetime": {"datetime": "2024-01-19 01:10:21", "elapsed": 3525.012051, "delta": 0.00436}}
{"target": -13.758420915659029, "params": {"gamma": 489.88624107757386, "log10_alpha": 0.8155725449307782, "log10_colsample_bytree": -0.05861986162313915, "log10_eta": -3.3518835351464062, "log10_lambda": -3.2636827567811304, "log10_min_child_weight": 0.10223858607611158, "log10_subsample": -0.6019044482941623, "max_depth": 8.0, "num_boost_round": 15.0}, "datetime": {"datetime": "2024-01-19 01:10:21", "elapsed": 3525.132004, "delta": 0.119953}}
{"target": -13.758391642451475, "params": {"gamma": 489.88624107757386, "log10_alpha": 0.8155725449307782, "log10_colsample_bytree": -0.05861986162313915, "log10_eta": -3.3518835351464062, "log10_lambda": -3.2636827567811304, "log10_min_child_weight": 0.10223858607611158, "log10_subsample": -0.6019044482941623, "max_depth": 8.0, "num_boost_round": 16.0}, "datetime": {"datetime": "2024-01-19 01:10:21", "elapsed": 3525.137252, "delta": 0.005248}}
{"target": -13.758382683420802, "params": {"gamma": 489.88624107757386, "log10_alpha": 0.8155725449307782, "log10_colsample_bytree": -0.05861986162313915, "log10_eta": -3.3518835351464062, "log10_lambda": -3.2636827567811304, "log10_min_child_weight": 0.10223858607611158, "log10_subsample": -0.6019044482941623, "max_depth": 8.0, "num_boost_round": 17.0}, "datetime": {"datetime": "2024-01-19 01:10:21", "elapsed": 3525.142199, "delta": 0.004947}}
{"target": -13.758380426676258, "params": {"gamma": 489.88624107757386, "log10_alpha": 0.8155725449307782, "log10_colsample_bytree": -0.05861986162313915, "log10_eta": -3.3518835351464062, "log10_lambda": -3.2636827567811304, "log10_min_child_weight": 0.10223858607611158, "log10_subsample": -0.6019044482941623, "max_depth": 8.0, "num_boost_round": 18.0}, "datetime": {"datetime": "2024-01-19 01:10:21", "elapsed": 3525.146836, "delta": 0.004637}}
{"target": -13.758382615236531, "params": {"gamma": 489.88624107757386, "log10_alpha": 0.8155725449307782, "log10_colsample_bytree": -0.05861986162313915, "log10_eta": -3.3518835351464062, "log10_lambda": -3.2636827567811304, "log10_min_child_weight": 0.10223858607611158, "log10_subsample": -0.6019044482941623, "max_depth": 8.0, "num_boost_round": 19.0}, "datetime": {"datetime": "2024-01-19 01:10:21", "elapsed": 3525.151473, "delta": 0.004637}}
{"target": -13.758376754612922, "params": {"gamma": 489.88624107757386, "log10_alpha": 0.8155725449307782, "log10_colsample_bytree": -0.05861986162313915, "log10_eta": -3.3518835351464062, "log10_lambda": -3.2636827567811304, "log10_min_child_weight": 0.10223858607611158, "log10_subsample": -0.6019044482941623, "max_depth": 8.0, "num_boost_round": 20.0}, "datetime": {"datetime": "2024-01-19 01:10:21", "elapsed": 3525.155965, "delta": 0.004492}}
{"target": -13.758366939459385, "params": {"gamma": 489.88624107757386, "log10_alpha": 0.8155725449307782, "log10_colsample_bytree": -0.05861986162313915, "log10_eta": -3.3518835351464062, "log10_lambda": -3.2636827567811304, "log10_min_child_weight": 0.10223858607611158, "log10_subsample": -0.6019044482941623, "max_depth": 8.0, "num_boost_round": 21.0}, "datetime": {"datetime": "2024-01-19 01:10:21", "elapsed": 3525.160433, "delta": 0.004468}}
{"target": -13.758382015603898, "params": {"gamma": 489.88624107757386, "log10_alpha": 0.8155725449307782, "log10_colsample_bytree": -0.05861986162313915, "log10_eta": -3.3518835351464062, "log10_lambda": -3.2636827567811304, "log10_min_child_weight": 0.10223858607611158, "log10_subsample": -0.6019044482941623, "max_depth": 8.0, "num_boost_round": 22.0}, "datetime": {"datetime": "2024-01-19 01:10:21", "elapsed": 3525.164882, "delta": 0.004449}}
{"target": -13.758369531795049, "params": {"gamma": 489.88624107757386, "log10_alpha": 0.8155725449307782, "log10_colsample_bytree": -0.05861986162313915, "log10_eta": -3.3518835351464062, "log10_lambda": -3.2636827567811304, "log10_min_child_weight": 0.10223858607611158, "log10_subsample": -0.6019044482941623, "max_depth": 8.0, "num_boost_round": 23.0}, "datetime": {"datetime": "2024-01-19 01:10:21", "elapsed": 3525.169404, "delta": 0.004522}}
{"target": -13.758392548683721, "params": {"gamma": 489.88624107757386, "log10_alpha": 0.8155725449307782, "log10_colsample_bytree": -0.05861986162313915, "log10_eta": -3.3518835351464062, "log10_lambda": -3.2636827567811304, "log10_min_child_weight": 0.10223858607611158, "log10_subsample": -0.6019044482941623, "max_depth": 8.0, "num_boost_round": 24.0}, "datetime": {"datetime": "2024-01-19 01:10:21", "elapsed": 3525.173822, "delta": 0.004418}}
{"target": -13.758413349612796, "params": {"gamma": 489.88624107757386, "log10_alpha": 0.8155725449307782, "log10_colsample_bytree": -0.05861986162313915, "log10_eta": -3.3518835351464062, "log10_lambda": -3.2636827567811304, "log10_min_child_weight": 0.10223858607611158, "log10_subsample": -0.6019044482941623, "max_depth": 8.0, "num_boost_round": 25.0}, "datetime": {"datetime": "2024-01-19 01:10:21", "elapsed": 3525.178311, "delta": 0.004489}}
{"target": -13.758421887481894, "params": {"gamma": 489.88624107757386, "log10_alpha": 0.8155725449307782, "log10_colsample_bytree": -0.05861986162313915, "log10_eta": -3.3518835351464062, "log10_lambda": -3.2636827567811304, "log10_min_child_weight": 0.10223858607611158, "log10_subsample": -0.6019044482941623, "max_depth": 8.0, "num_boost_round": 26.0}, "datetime": {"datetime": "2024-01-19 01:10:21", "elapsed": 3525.18276, "delta": 0.004449}}
{"target": -13.758422977927173, "params": {"gamma": 489.88624107757386, "log10_alpha": 0.8155725449307782, "log10_colsample_bytree": -0.05861986162313915, "log10_eta": -3.3518835351464062, "log10_lambda": -3.2636827567811304, "log10_min_child_weight": 0.10223858607611158, "log10_subsample": -0.6019044482941623, "max_depth": 8.0, "num_boost_round": 27.0}, "datetime": {"datetime": "2024-01-19 01:10:21", "elapsed": 3525.187302, "delta": 0.004542}}
{"target": -13.758435246588252, "params": {"gamma": 489.88624107757386, "log10_alpha": 0.8155725449307782, "log10_colsample_bytree": -0.05861986162313915, "log10_eta": -3.3518835351464062, "log10_lambda": -3.2636827567811304, "log10_min_child_weight": 0.10223858607611158, "log10_subsample": -0.6019044482941623, "max_depth": 8.0, "num_boost_round": 28.0}, "datetime": {"datetime": "2024-01-19 01:10:21", "elapsed": 3525.191739, "delta": 0.004437}}
{"target": -13.758413714198547, "params": {"gamma": 489.88624107757386, "log10_alpha": 0.8155725449307782, "log10_colsample_bytree": -0.05861986162313915, "log10_eta": -3.3518835351464062, "log10_lambda": -3.2636827567811304, "log10_min_child_weight": 0.10223858607611158, "log10_subsample": -0.6019044482941623, "max_depth": 8.0, "num_boost_round": 29.0}, "datetime": {"datetime": "2024-01-19 01:10:21", "elapsed": 3525.196307, "delta": 0.004568}}
{"target": -13.758421939538179, "params": {"gamma": 489.88624107757386, "log10_alpha": 0.8155725449307782, "log10_colsample_bytree": -0.05861986162313915, "log10_eta": -3.3518835351464062, "log10_lambda": -3.2636827567811304, "log10_min_child_weight": 0.10223858607611158, "log10_subsample": -0.6019044482941623, "max_depth": 8.0, "num_boost_round": 30.0}, "datetime": {"datetime": "2024-01-19 01:10:21", "elapsed": 3525.200708, "delta": 0.004401}}
