{"target": -13.758472808275913, "params": {"gamma": 556.4441196797961, "log10_alpha": 0.7026568940342619, "log10_colsample_bytree": -0.97070078317376, "log10_eta": -3.8287258184385253, "log10_lambda": -1.379002060852896, "log10_min_child_weight": 1.5637255394678207, "log10_subsample": -0.3468106664347962, "max_depth": 9.0, "num_boost_round": 14.0}, "datetime": {"datetime": "2024-01-19 00:33:57", "elapsed": 1369.274287, "delta": 0.00157}}
{"target": -13.758472077905035, "params": {"gamma": 556.4441196797961, "log10_alpha": 0.7026568940342619, "log10_colsample_bytree": -0.97070078317376, "log10_eta": -3.8287258184385253, "log10_lambda": -1.379002060852896, "log10_min_child_weight": 1.5637255394678207, "log10_subsample": -0.3468106664347962, "max_depth": 9.0, "num_boost_round": 15.0}, "datetime": {"datetime": "2024-01-19 00:33:57", "elapsed": 1369.275849, "delta": 0.001562}}
{"target": -13.758469161511464, "params": {"gamma": 556.4441196797961, "log10_alpha": 0.7026568940342619, "log10_colsample_bytree": -0.97070078317376, "log10_eta": -3.8287258184385253, "log10_lambda": -1.379002060852896, "log10_min_child_weight": 1.5637255394678207, "log10_subsample": -0.3468106664347962, "max_depth": 9.0, "num_boost_round": 16.0}, "datetime": {"datetime": "2024-01-19 00:33:57", "elapsed": 1369.277426, "delta": 0.001577}}
{"target": -13.758465550375385, "params": {"gamma": 556.4441196797961, "log10_alpha": 0.7026568940342619, "log10_colsample_bytree": -0.97070078317376, "log10_eta": -3.8287258184385253, "log10_lambda": -1.379002060852896, "log10_min_child_weight": 1.5637255394678207, "log10_subsample": -0.3468106664347962, "max_depth": 9.0, "num_boost_round": 17.0}, "datetime": {"datetime": "2024-01-19 00:33:57", "elapsed": 1369.279003, "delta": 0.001577}}
{"target": -13.758460116668992, "params": {"gamma": 556.4441196797961, "log10_alpha": 0.7026568940342619, "log10_colsample_bytree": -0.97070078317376, "log10_eta": -3.8287258184385253, "log10_lambda": -1.379002060852896, "log10_min_child_weight": 1.5637255394678207, "log10_subsample": -0.3468106664347962, "max_depth": 9.0, "num_boost_round": 18.0}, "datetime": {"datetime": "2024-01-19 00:33:57", "elapsed": 1369.280574, "delta": 0.001571}}
{"target": -13.758457730337378, "params": {"gamma": 556.4441196797961, "log10_alpha": 0.7026568940342619, "log10_colsample_bytree": -0.97070078317376, "log10_eta": -3.8287258184385253, "log10_lambda": -1.379002060852896, "log10_min_child_weight": 1.5637255394678207, "log10_subsample": -0.3468106664347962, "max_depth": 9.0, "num_boost_round": 19.0}, "datetime": {"datetime": "2024-01-19 00:33:57", "elapsed": 1369.282148, "delta": 0.001574}}
{"target": -13.758455167172732, "params": {"gamma": 556.4441196797961, "log10_alpha": 0.7026568940342619, "log10_colsample_bytree": -0.97070078317376, "log10_eta": -3.8287258184385253, "log10_lambda": -1.379002060852896, "log10_min_child_weight": 1.5637255394678207, "log10_subsample": -0.3468106664347962, "max_depth": 9.0, "num_boost_round": 20.0}, "datetime": {"datetime": "2024-01-19 00:33:57", "elapsed": 1369.283808, "delta": 0.00166}}
{"target": -13.75844331238905, "params": {"gamma": 556.4441196797961, "log10_alpha": 0.7026568940342619, "log10_colsample_bytree": -0.97070078317376, "log10_eta": -3.8287258184385253, "log10_lambda": -1.379002060852896, "log10_min_child_weight": 1.5637255394678207, "log10_subsample": -0.3468106664347962, "max_depth": 9.0, "num_boost_round": 21.0}, "datetime": {"datetime": "2024-01-19 00:33:57", "elapsed": 1369.28538, "delta": 0.001572}}
{"target": -13.758397398001096, "params": {"gamma": 556.918116411247, "log10_alpha": -4.652217919003635, "log10_colsample_bytree": -0.5403231410145075, "log10_eta": -2.1883779728825954, "log10_lambda": 0.591936334113516, "log10_min_child_weight": 2.726532959442771, "log10_subsample": -0.9738126044549464, "max_depth": 9.0, "num_boost_round": 0.0}, "datetime": {"datetime": "2024-01-19 00:34:30", "elapsed": 1402.514296, "delta": 33.228916}}
{"target": -13.758280080999553, "params": {"gamma": 556.918116411247, "log10_alpha": -4.652217919003635, "log10_colsample_bytree": -0.5403231410145075, "log10_eta": -2.1883779728825954, "log10_lambda": 0.591936334113516, "log10_min_child_weight": 2.726532959442771, "log10_subsample": -0.9738126044549464, "max_depth": 9.0, "num_boost_round": 1.0}, "datetime": {"datetime": "2024-01-19 00:34:30", "elapsed": 1402.516405, "delta": 0.002109}}
{"target": -13.758097952638373, "params": {"gamma": 556.918116411247, "log10_alpha": -4.652217919003635, "log10_colsample_bytree": -0.5403231410145075, "log10_eta": -2.1883779728825954, "log10_lambda": 0.591936334113516, "log10_min_child_weight": 2.726532959442771, "log10_subsample": -0.9738126044549464, "max_depth": 9.0, "num_boost_round": 2.0}, "datetime": {"datetime": "2024-01-19 00:34:30", "elapsed": 1402.518413, "delta": 0.002008}}
{"target": -13.758119383273518, "params": {"gamma": 556.918116411247, "log10_alpha": -4.652217919003635, "log10_colsample_bytree": -0.5403231410145075, "log10_eta": -2.1883779728825954, "log10_lambda": 0.591936334113516, "log10_min_child_weight": 2.726532959442771, "log10_subsample": -0.9738126044549464, "max_depth": 9.0, "num_boost_round": 3.0}, "datetime": {"datetime": "2024-01-19 00:34:30", "elapsed": 1402.520123, "delta": 0.00171}}
{"target": -13.757994935934562, "params": {"gamma": 556.918116411247, "log10_alpha": -4.652217919003635, "log10_colsample_bytree": -0.5403231410145075, "log10_eta": -2.1883779728825954, "log10_lambda": 0.591936334113516, "log10_min_child_weight": 2.726532959442771, "log10_subsample": -0.9738126044549464, "max_depth": 9.0, "num_boost_round": 4.0}, "datetime": {"datetime": "2024-01-19 00:34:30", "elapsed": 1402.521727, "delta": 0.001604}}
{"target": -13.757950860312814, "params": {"gamma": 556.918116411247, "log10_alpha": -4.652217919003635, "log10_colsample_bytree": -0.5403231410145075, "log10_eta": -2.1883779728825954, "log10_lambda": 0.591936334113516, "log10_min_child_weight": 2.726532959442771, "log10_subsample": -0.9738126044549464, "max_depth": 9.0, "num_boost_round": 5.0}, "datetime": {"datetime": "2024-01-19 00:34:30", "elapsed": 1402.523408, "delta": 0.001681}}
{"target": -13.75782499622687, "params": {"gamma": 556.918116411247, "log10_alpha": -4.652217919003635, "log10_colsample_bytree": -0.5403231410145075, "log10_eta": -2.1883779728825954, "log10_lambda": 0.591936334113516, "log10_min_child_weight": 2.726532959442771, "log10_subsample": -0.9738126044549464, "max_depth": 9.0, "num_boost_round": 6.0}, "datetime": {"datetime": "2024-01-19 00:34:30", "elapsed": 1402.524973, "delta": 0.001565}}
{"target": -13.75771373507352, "params": {"gamma": 556.918116411247, "log10_alpha": -4.652217919003635, "log10_colsample_bytree": -0.5403231410145075, "log10_eta": -2.1883779728825954, "log10_lambda": 0.591936334113516, "log10_min_child_weight": 2.726532959442771, "log10_subsample": -0.9738126044549464, "max_depth": 9.0, "num_boost_round": 7.0}, "datetime": {"datetime": "2024-01-19 00:34:30", "elapsed": 1402.526671, "delta": 0.001698}}
{"target": -13.757436643786834, "params": {"gamma": 556.918116411247, "log10_alpha": -4.652217919003635, "log10_colsample_bytree": -0.5403231410145075, "log10_eta": -2.1883779728825954, "log10_lambda": 0.591936334113516, "log10_min_child_weight": 2.726532959442771, "log10_subsample": -0.9738126044549464, "max_depth": 9.0, "num_boost_round": 8.0}, "datetime": {"datetime": "2024-01-19 00:34:30", "elapsed": 1402.528298, "delta": 0.001627}}
{"target": -13.757438508742032, "params": {"gamma": 556.918116411247, "log10_alpha": -4.652217919003635, "log10_colsample_bytree": -0.5403231410145075, "log10_eta": -2.1883779728825954, "log10_lambda": 0.591936334113516, "log10_min_child_weight": 2.726532959442771, "log10_subsample": -0.9738126044549464, "max_depth": 9.0, "num_boost_round": 9.0}, "datetime": {"datetime": "2024-01-19 00:34:30", "elapsed": 1402.529867, "delta": 0.001569}}
{"target": -13.757305328480323, "params": {"gamma": 556.918116411247, "log10_alpha": -4.652217919003635, "log10_colsample_bytree": -0.5403231410145075, "log10_eta": -2.1883779728825954, "log10_lambda": 0.591936334113516, "log10_min_child_weight": 2.726532959442771, "log10_subsample": -0.9738126044549464, "max_depth": 9.0, "num_boost_round": 10.0}, "datetime": {"datetime": "2024-01-19 00:34:30", "elapsed": 1402.531453, "delta": 0.001586}}
{"target": -13.757204521099313, "params": {"gamma": 556.918116411247, "log10_alpha": -4.652217919003635, "log10_colsample_bytree": -0.5403231410145075, "log10_eta": -2.1883779728825954, "log10_lambda": 0.591936334113516, "log10_min_child_weight": 2.726532959442771, "log10_subsample": -0.9738126044549464, "max_depth": 9.0, "num_boost_round": 11.0}, "datetime": {"datetime": "2024-01-19 00:34:30", "elapsed": 1402.533027, "delta": 0.001574}}
{"target": -13.756959613598665, "params": {"gamma": 556.918116411247, "log10_alpha": -4.652217919003635, "log10_colsample_bytree": -0.5403231410145075, "log10_eta": -2.1883779728825954, "log10_lambda": 0.591936334113516, "log10_min_child_weight": 2.726532959442771, "log10_subsample": -0.9738126044549464, "max_depth": 9.0, "num_boost_round": 12.0}, "datetime": {"datetime": "2024-01-19 00:34:30", "elapsed": 1402.534595, "delta": 0.001568}}
{"target": -13.756785379611717, "params": {"gamma": 556.918116411247, "log10_alpha": -4.652217919003635, "log10_colsample_bytree": -0.5403231410145075, "log10_eta": -2.1883779728825954, "log10_lambda": 0.591936334113516, "log10_min_child_weight": 2.726532959442771, "log10_subsample": -0.9738126044549464, "max_depth": 9.0, "num_boost_round": 13.0}, "datetime": {"datetime": "2024-01-19 00:34:30", "elapsed": 1402.536173, "delta": 0.001578}}
{"target": -13.756665266990531, "params": {"gamma": 556.918116411247, "log10_alpha": -4.652217919003635, "log10_colsample_bytree": -0.5403231410145075, "log10_eta": -2.1883779728825954, "log10_lambda": 0.591936334113516, "log10_min_child_weight": 2.726532959442771, "log10_subsample": -0.9738126044549464, "max_depth": 9.0, "num_boost_round": 14.0}, "datetime": {"datetime": "2024-01-19 00:34:30", "elapsed": 1402.537772, "delta": 0.001599}}
{"target": -13.756532649034217, "params": {"gamma": 556.918116411247, "log10_alpha": -4.652217919003635, "log10_colsample_bytree": -0.5403231410145075, "log10_eta": -2.1883779728825954, "log10_lambda": 0.591936334113516, "log10_min_child_weight": 2.726532959442771, "log10_subsample": -0.9738126044549464, "max_depth": 9.0, "num_boost_round": 15.0}, "datetime": {"datetime": "2024-01-19 00:34:30", "elapsed": 1402.539354, "delta": 0.001582}}
{"target": -13.756631447492735, "params": {"gamma": 556.918116411247, "log10_alpha": -4.652217919003635, "log10_colsample_bytree": -0.5403231410145075, "log10_eta": -2.1883779728825954, "log10_lambda": 0.591936334113516, "log10_min_child_weight": 2.726532959442771, "log10_subsample": -0.9738126044549464, "max_depth": 9.0, "num_boost_round": 16.0}, "datetime": {"datetime": "2024-01-19 00:34:30", "elapsed": 1402.540933, "delta": 0.001579}}
{"target": -13.756651571996027, "params": {"gamma": 556.918116411247, "log10_alpha": -4.652217919003635, "log10_colsample_bytree": -0.5403231410145075, "log10_eta": -2.1883779728825954, "log10_lambda": 0.591936334113516, "log10_min_child_weight": 2.726532959442771, "log10_subsample": -0.9738126044549464, "max_depth": 9.0, "num_boost_round": 17.0}, "datetime": {"datetime": "2024-01-19 00:34:30", "elapsed": 1402.542542, "delta": 0.001609}}
{"target": -13.756699782336959, "params": {"gamma": 556.918116411247, "log10_alpha": -4.652217919003635, "log10_colsample_bytree": -0.5403231410145075, "log10_eta": -2.1883779728825954, "log10_lambda": 0.591936334113516, "log10_min_child_weight": 2.726532959442771, "log10_subsample": -0.9738126044549464, "max_depth": 9.0, "num_boost_round": 18.0}, "datetime": {"datetime": "2024-01-19 00:34:30", "elapsed": 1402.544182, "delta": 0.00164}}
{"target": -13.756584924560736, "params": {"gamma": 556.918116411247, "log10_alpha": -4.652217919003635, "log10_colsample_bytree": -0.5403231410145075, "log10_eta": -2.1883779728825954, "log10_lambda": 0.591936334113516, "log10_min_child_weight": 2.726532959442771, "log10_subsample": -0.9738126044549464, "max_depth": 9.0, "num_boost_round": 19.0}, "datetime": {"datetime": "2024-01-19 00:34:30", "elapsed": 1402.545761, "delta": 0.001579}}
{"target": -13.756449154386953, "params": {"gamma": 556.918116411247, "log10_alpha": -4.652217919003635, "log10_colsample_bytree": -0.5403231410145075, "log10_eta": -2.1883779728825954, "log10_lambda": 0.591936334113516, "log10_min_child_weight": 2.726532959442771, "log10_subsample": -0.9738126044549464, "max_depth": 9.0, "num_boost_round": 20.0}, "datetime": {"datetime": "2024-01-19 00:34:30", "elapsed": 1402.547571, "delta": 0.00181}}
{"target": -13.756339566510363, "params": {"gamma": 556.918116411247, "log10_alpha": -4.652217919003635, "log10_colsample_bytree": -0.5403231410145075, "log10_eta": -2.1883779728825954, "log10_lambda": 0.591936334113516, "log10_min_child_weight": 2.726532959442771, "log10_subsample": -0.9738126044549464, "max_depth": 9.0, "num_boost_round": 21.0}, "datetime": {"datetime": "2024-01-19 00:34:30", "elapsed": 1402.549254, "delta": 0.001683}}
{"target": -13.756260882868265, "params": {"gamma": 556.918116411247, "log10_alpha": -4.652217919003635, "log10_colsample_bytree": -0.5403231410145075, "log10_eta": -2.1883779728825954, "log10_lambda": 0.591936334113516, "log10_min_child_weight": 2.726532959442771, "log10_subsample": -0.9738126044549464, "max_depth": 9.0, "num_boost_round": 22.0}, "datetime": {"datetime": "2024-01-19 00:34:30", "elapsed": 1402.550989, "delta": 0.001735}}
{"target": -13.756151920158722, "params": {"gamma": 556.918116411247, "log10_alpha": -4.652217919003635, "log10_colsample_bytree": -0.5403231410145075, "log10_eta": -2.1883779728825954, "log10_lambda": 0.591936334113516, "log10_min_child_weight": 2.726532959442771, "log10_subsample": -0.9738126044549464, "max_depth": 9.0, "num_boost_round": 23.0}, "datetime": {"datetime": "2024-01-19 00:34:30", "elapsed": 1402.552657, "delta": 0.001668}}
{"target": -13.756177814007778, "params": {"gamma": 556.918116411247, "log10_alpha": -4.652217919003635, "log10_colsample_bytree": -0.5403231410145075, "log10_eta": -2.1883779728825954, "log10_lambda": 0.591936334113516, "log10_min_child_weight": 2.726532959442771, "log10_subsample": -0.9738126044549464, "max_depth": 9.0, "num_boost_round": 24.0}, "datetime": {"datetime": "2024-01-19 00:34:30", "elapsed": 1402.554236, "delta": 0.001579}}
{"target": -13.756116267932837, "params": {"gamma": 556.918116411247, "log10_alpha": -4.652217919003635, "log10_colsample_bytree": -0.5403231410145075, "log10_eta": -2.1883779728825954, "log10_lambda": 0.591936334113516, "log10_min_child_weight": 2.726532959442771, "log10_subsample": -0.9738126044549464, "max_depth": 9.0, "num_boost_round": 25.0}, "datetime": {"datetime": "2024-01-19 00:34:30", "elapsed": 1402.555847, "delta": 0.001611}}
{"target": -13.756191299220133, "params": {"gamma": 556.918116411247, "log10_alpha": -4.652217919003635, "log10_colsample_bytree": -0.5403231410145075, "log10_eta": -2.1883779728825954, "log10_lambda": 0.591936334113516, "log10_min_child_weight": 2.726532959442771, "log10_subsample": -0.9738126044549464, "max_depth": 9.0, "num_boost_round": 26.0}, "datetime": {"datetime": "2024-01-19 00:34:30", "elapsed": 1402.557439, "delta": 0.001592}}
{"target": -13.755989259466745, "params": {"gamma": 556.918116411247, "log10_alpha": -4.652217919003635, "log10_colsample_bytree": -0.5403231410145075, "log10_eta": -2.1883779728825954, "log10_lambda": 0.591936334113516, "log10_min_child_weight": 2.726532959442771, "log10_subsample": -0.9738126044549464, "max_depth": 9.0, "num_boost_round": 27.0}, "datetime": {"datetime": "2024-01-19 00:34:30", "elapsed": 1402.559007, "delta": 0.001568}}
{"target": -13.755965027067354, "params": {"gamma": 556.918116411247, "log10_alpha": -4.652217919003635, "log10_colsample_bytree": -0.5403231410145075, "log10_eta": -2.1883779728825954, "log10_lambda": 0.591936334113516, "log10_min_child_weight": 2.726532959442771, "log10_subsample": -0.9738126044549464, "max_depth": 9.0, "num_boost_round": 28.0}, "datetime": {"datetime": "2024-01-19 00:34:30", "elapsed": 1402.56059, "delta": 0.001583}}
{"target": -13.755897563725991, "params": {"gamma": 556.918116411247, "log10_alpha": -4.652217919003635, "log10_colsample_bytree": -0.5403231410145075, "log10_eta": -2.1883779728825954, "log10_lambda": 0.591936334113516, "log10_min_child_weight": 2.726532959442771, "log10_subsample": -0.9738126044549464, "max_depth": 9.0, "num_boost_round": 29.0}, "datetime": {"datetime": "2024-01-19 00:34:30", "elapsed": 1402.56218, "delta": 0.00159}}
{"target": -13.755881207013026, "params": {"gamma": 556.918116411247, "log10_alpha": -4.652217919003635, "log10_colsample_bytree": -0.5403231410145075, "log10_eta": -2.1883779728825954, "log10_lambda": 0.591936334113516, "log10_min_child_weight": 2.726532959442771, "log10_subsample": -0.9738126044549464, "max_depth": 9.0, "num_boost_round": 30.0}, "datetime": {"datetime": "2024-01-19 00:34:30", "elapsed": 1402.563851, "delta": 0.001671}}
{"target": -13.75571161956942, "params": {"gamma": 556.918116411247, "log10_alpha": -4.652217919003635, "log10_colsample_bytree": -0.5403231410145075, "log10_eta": -2.1883779728825954, "log10_lambda": 0.591936334113516, "log10_min_child_weight": 2.726532959442771, "log10_subsample": -0.9738126044549464, "max_depth": 9.0, "num_boost_round": 31.0}, "datetime": {"datetime": "2024-01-19 00:34:30", "elapsed": 1402.565451, "delta": 0.0016}}
{"target": -13.755764348038397, "params": {"gamma": 556.918116411247, "log10_alpha": -4.652217919003635, "log10_colsample_bytree": -0.5403231410145075, "log10_eta": -2.1883779728825954, "log10_lambda": 0.591936334113516, "log10_min_child_weight": 2.726532959442771, "log10_subsample": -0.9738126044549464, "max_depth": 9.0, "num_boost_round": 32.0}, "datetime": {"datetime": "2024-01-19 00:34:30", "elapsed": 1402.567136, "delta": 0.001685}}
{"target": -13.755692201771444, "params": {"gamma": 556.918116411247, "log10_alpha": -4.652217919003635, "log10_colsample_bytree": -0.5403231410145075, "log10_eta": -2.1883779728825954, "log10_lambda": 0.591936334113516, "log10_min_child_weight": 2.726532959442771, "log10_subsample": -0.9738126044549464, "max_depth": 9.0, "num_boost_round": 33.0}, "datetime": {"datetime": "2024-01-19 00:34:30", "elapsed": 1402.568736, "delta": 0.0016}}
{"target": -13.755857945734281, "params": {"gamma": 556.918116411247, "log10_alpha": -4.652217919003635, "log10_colsample_bytree": -0.5403231410145075, "log10_eta": -2.1883779728825954, "log10_lambda": 0.591936334113516, "log10_min_child_weight": 2.726532959442771, "log10_subsample": -0.9738126044549464, "max_depth": 9.0, "num_boost_round": 34.0}, "datetime": {"datetime": "2024-01-19 00:34:30", "elapsed": 1402.570332, "delta": 0.001596}}
{"target": -13.756016515876885, "params": {"gamma": 556.918116411247, "log10_alpha": -4.652217919003635, "log10_colsample_bytree": -0.5403231410145075, "log10_eta": -2.1883779728825954, "log10_lambda": 0.591936334113516, "log10_min_child_weight": 2.726532959442771, "log10_subsample": -0.9738126044549464, "max_depth": 9.0, "num_boost_round": 35.0}, "datetime": {"datetime": "2024-01-19 00:34:30", "elapsed": 1402.571922, "delta": 0.00159}}
{"target": -13.756120504319185, "params": {"gamma": 556.918116411247, "log10_alpha": -4.652217919003635, "log10_colsample_bytree": -0.5403231410145075, "log10_eta": -2.1883779728825954, "log10_lambda": 0.591936334113516, "log10_min_child_weight": 2.726532959442771, "log10_subsample": -0.9738126044549464, "max_depth": 9.0, "num_boost_round": 36.0}, "datetime": {"datetime": "2024-01-19 00:34:30", "elapsed": 1402.573505, "delta": 0.001583}}
{"target": -13.756186293630257, "params": {"gamma": 556.918116411247, "log10_alpha": -4.652217919003635, "log10_colsample_bytree": -0.5403231410145075, "log10_eta": -2.1883779728825954, "log10_lambda": 0.591936334113516, "log10_min_child_weight": 2.726532959442771, "log10_subsample": -0.9738126044549464, "max_depth": 9.0, "num_boost_round": 37.0}, "datetime": {"datetime": "2024-01-19 00:34:30", "elapsed": 1402.575155, "delta": 0.00165}}
{"target": -13.756074081165307, "params": {"gamma": 556.918116411247, "log10_alpha": -4.652217919003635, "log10_colsample_bytree": -0.5403231410145075, "log10_eta": -2.1883779728825954, "log10_lambda": 0.591936334113516, "log10_min_child_weight": 2.726532959442771, "log10_subsample": -0.9738126044549464, "max_depth": 9.0, "num_boost_round": 38.0}, "datetime": {"datetime": "2024-01-19 00:34:30", "elapsed": 1402.576796, "delta": 0.001641}}
{"target": -13.755982603030347, "params": {"gamma": 556.918116411247, "log10_alpha": -4.652217919003635, "log10_colsample_bytree": -0.5403231410145075, "log10_eta": -2.1883779728825954, "log10_lambda": 0.591936334113516, "log10_min_child_weight": 2.726532959442771, "log10_subsample": -0.9738126044549464, "max_depth": 9.0, "num_boost_round": 39.0}, "datetime": {"datetime": "2024-01-19 00:34:30", "elapsed": 1402.578413, "delta": 0.001617}}
{"target": -13.760814467436795, "params": {"gamma": 525.4876464642092, "log10_alpha": -0.3461736781331153, "log10_colsample_bytree": -0.374027699294736, "log10_eta": -1.2147935046169303, "log10_lambda": -1.1919222954130495, "log10_min_child_weight": 1.0670042608060921, "log10_subsample": -0.042136179513915906, "max_depth": 7.0, "num_boost_round": 0.0}, "datetime": {"datetime": "2024-01-19 00:34:52", "elapsed": 1423.979253, "delta": 21.40084}}
