{"target": -17.67715989220423, "params": {"gamma": 7.610716859335009, "log10_alpha": -0.46264371281638006, "log10_colsample_bytree": -0.9957795686195998, "log10_eta": -3.332830974336536, "log10_lambda": -4.635639244183762, "log10_min_child_weight": 2.0034906276572286, "log10_subsample": -0.6550275313544469, "max_depth": 2.0, "num_boost_round": 8.0}, "datetime": {"datetime": "2024-01-19 00:24:15", "elapsed": 809.685311, "delta": 0.001088}}
{"target": -17.677154218590893, "params": {"gamma": 7.610716859335009, "log10_alpha": -0.46264371281638006, "log10_colsample_bytree": -0.9957795686195998, "log10_eta": -3.332830974336536, "log10_lambda": -4.635639244183762, "log10_min_child_weight": 2.0034906276572286, "log10_subsample": -0.6550275313544469, "max_depth": 2.0, "num_boost_round": 9.0}, "datetime": {"datetime": "2024-01-19 00:24:15", "elapsed": 809.686714, "delta": 0.001403}}
{"target": -17.67714657794735, "params": {"gamma": 7.610716859335009, "log10_alpha": -0.46264371281638006, "log10_colsample_bytree": -0.9957795686195998, "log10_eta": -3.332830974336536, "log10_lambda": -4.635639244183762, "log10_min_child_weight": 2.0034906276572286, "log10_subsample": -0.6550275313544469, "max_depth": 2.0, "num_boost_round": 10.0}, "datetime": {"datetime": "2024-01-19 00:24:16", "elapsed": 809.687739, "delta": 0.001025}}
{"target": -17.67713455495354, "params": {"gamma": 7.610716859335009, "log10_alpha": -0.46264371281638006, "log10_colsample_bytree": -0.9957795686195998, "log10_eta": -3.332830974336536, "log10_lambda": -4.635639244183762, "log10_min_child_weight": 2.0034906276572286, "log10_subsample": -0.6550275313544469, "max_depth": 2.0, "num_boost_round": 11.0}, "datetime": {"datetime": "2024-01-19 00:24:16", "elapsed": 809.688718, "delta": 0.000979}}
{"target": -17.677128958609888, "params": {"gamma": 7.610716859335009, "log10_alpha": -0.46264371281638006, "log10_colsample_bytree": -0.9957795686195998, "log10_eta": -3.332830974336536, "log10_lambda": -4.635639244183762, "log10_min_child_weight": 2.0034906276572286, "log10_subsample": -0.6550275313544469, "max_depth": 2.0, "num_boost_round": 12.0}, "datetime": {"datetime": "2024-01-19 00:24:16", "elapsed": 809.689685, "delta": 0.000967}}
{"target": -17.677117915155875, "params": {"gamma": 7.610716859335009, "log10_alpha": -0.46264371281638006, "log10_colsample_bytree": -0.9957795686195998, "log10_eta": -3.332830974336536, "log10_lambda": -4.635639244183762, "log10_min_child_weight": 2.0034906276572286, "log10_subsample": -0.6550275313544469, "max_depth": 2.0, "num_boost_round": 13.0}, "datetime": {"datetime": "2024-01-19 00:24:16", "elapsed": 809.690656, "delta": 0.000971}}
{"target": -17.67711177705917, "params": {"gamma": 7.610716859335009, "log10_alpha": -0.46264371281638006, "log10_colsample_bytree": -0.9957795686195998, "log10_eta": -3.332830974336536, "log10_lambda": -4.635639244183762, "log10_min_child_weight": 2.0034906276572286, "log10_subsample": -0.6550275313544469, "max_depth": 2.0, "num_boost_round": 14.0}, "datetime": {"datetime": "2024-01-19 00:24:16", "elapsed": 809.691721, "delta": 0.001065}}
{"target": -17.677105632100748, "params": {"gamma": 7.610716859335009, "log10_alpha": -0.46264371281638006, "log10_colsample_bytree": -0.9957795686195998, "log10_eta": -3.332830974336536, "log10_lambda": -4.635639244183762, "log10_min_child_weight": 2.0034906276572286, "log10_subsample": -0.6550275313544469, "max_depth": 2.0, "num_boost_round": 15.0}, "datetime": {"datetime": "2024-01-19 00:24:16", "elapsed": 809.692698, "delta": 0.000977}}
{"target": -17.677100305708, "params": {"gamma": 7.610716859335009, "log10_alpha": -0.46264371281638006, "log10_colsample_bytree": -0.9957795686195998, "log10_eta": -3.332830974336536, "log10_lambda": -4.635639244183762, "log10_min_child_weight": 2.0034906276572286, "log10_subsample": -0.6550275313544469, "max_depth": 2.0, "num_boost_round": 16.0}, "datetime": {"datetime": "2024-01-19 00:24:16", "elapsed": 809.693713, "delta": 0.001015}}
{"target": -17.67709224340226, "params": {"gamma": 7.610716859335009, "log10_alpha": -0.46264371281638006, "log10_colsample_bytree": -0.9957795686195998, "log10_eta": -3.332830974336536, "log10_lambda": -4.635639244183762, "log10_min_child_weight": 2.0034906276572286, "log10_subsample": -0.6550275313544469, "max_depth": 2.0, "num_boost_round": 17.0}, "datetime": {"datetime": "2024-01-19 00:24:16", "elapsed": 809.694719, "delta": 0.001006}}
{"target": -17.67707980363672, "params": {"gamma": 7.610716859335009, "log10_alpha": -0.46264371281638006, "log10_colsample_bytree": -0.9957795686195998, "log10_eta": -3.332830974336536, "log10_lambda": -4.635639244183762, "log10_min_child_weight": 2.0034906276572286, "log10_subsample": -0.6550275313544469, "max_depth": 2.0, "num_boost_round": 18.0}, "datetime": {"datetime": "2024-01-19 00:24:16", "elapsed": 809.695728, "delta": 0.001009}}
{"target": -17.677076387443904, "params": {"gamma": 7.610716859335009, "log10_alpha": -0.46264371281638006, "log10_colsample_bytree": -0.9957795686195998, "log10_eta": -3.332830974336536, "log10_lambda": -4.635639244183762, "log10_min_child_weight": 2.0034906276572286, "log10_subsample": -0.6550275313544469, "max_depth": 2.0, "num_boost_round": 19.0}, "datetime": {"datetime": "2024-01-19 00:24:16", "elapsed": 809.696813, "delta": 0.001085}}
{"target": -17.677075420138706, "params": {"gamma": 7.610716859335009, "log10_alpha": -0.46264371281638006, "log10_colsample_bytree": -0.9957795686195998, "log10_eta": -3.332830974336536, "log10_lambda": -4.635639244183762, "log10_min_child_weight": 2.0034906276572286, "log10_subsample": -0.6550275313544469, "max_depth": 2.0, "num_boost_round": 20.0}, "datetime": {"datetime": "2024-01-19 00:24:16", "elapsed": 809.697839, "delta": 0.001026}}
{"target": -17.677059029606216, "params": {"gamma": 7.610716859335009, "log10_alpha": -0.46264371281638006, "log10_colsample_bytree": -0.9957795686195998, "log10_eta": -3.332830974336536, "log10_lambda": -4.635639244183762, "log10_min_child_weight": 2.0034906276572286, "log10_subsample": -0.6550275313544469, "max_depth": 2.0, "num_boost_round": 21.0}, "datetime": {"datetime": "2024-01-19 00:24:16", "elapsed": 809.698831, "delta": 0.000992}}
{"target": -17.67705088814366, "params": {"gamma": 7.610716859335009, "log10_alpha": -0.46264371281638006, "log10_colsample_bytree": -0.9957795686195998, "log10_eta": -3.332830974336536, "log10_lambda": -4.635639244183762, "log10_min_child_weight": 2.0034906276572286, "log10_subsample": -0.6550275313544469, "max_depth": 2.0, "num_boost_round": 22.0}, "datetime": {"datetime": "2024-01-19 00:24:16", "elapsed": 809.699833, "delta": 0.001002}}
{"target": -17.677031158316666, "params": {"gamma": 7.610716859335009, "log10_alpha": -0.46264371281638006, "log10_colsample_bytree": -0.9957795686195998, "log10_eta": -3.332830974336536, "log10_lambda": -4.635639244183762, "log10_min_child_weight": 2.0034906276572286, "log10_subsample": -0.6550275313544469, "max_depth": 2.0, "num_boost_round": 23.0}, "datetime": {"datetime": "2024-01-19 00:24:16", "elapsed": 809.700792, "delta": 0.000959}}
{"target": -17.677025975467973, "params": {"gamma": 7.610716859335009, "log10_alpha": -0.46264371281638006, "log10_colsample_bytree": -0.9957795686195998, "log10_eta": -3.332830974336536, "log10_lambda": -4.635639244183762, "log10_min_child_weight": 2.0034906276572286, "log10_subsample": -0.6550275313544469, "max_depth": 2.0, "num_boost_round": 24.0}, "datetime": {"datetime": "2024-01-19 00:24:16", "elapsed": 809.701728, "delta": 0.000936}}
{"target": -17.67701501680627, "params": {"gamma": 7.610716859335009, "log10_alpha": -0.46264371281638006, "log10_colsample_bytree": -0.9957795686195998, "log10_eta": -3.332830974336536, "log10_lambda": -4.635639244183762, "log10_min_child_weight": 2.0034906276572286, "log10_subsample": -0.6550275313544469, "max_depth": 2.0, "num_boost_round": 25.0}, "datetime": {"datetime": "2024-01-19 00:24:16", "elapsed": 809.702667, "delta": 0.000939}}
{"target": -17.677010278930602, "params": {"gamma": 7.610716859335009, "log10_alpha": -0.46264371281638006, "log10_colsample_bytree": -0.9957795686195998, "log10_eta": -3.332830974336536, "log10_lambda": -4.635639244183762, "log10_min_child_weight": 2.0034906276572286, "log10_subsample": -0.6550275313544469, "max_depth": 2.0, "num_boost_round": 26.0}, "datetime": {"datetime": "2024-01-19 00:24:16", "elapsed": 809.703649, "delta": 0.000982}}
{"target": -17.676999617014513, "params": {"gamma": 7.610716859335009, "log10_alpha": -0.46264371281638006, "log10_colsample_bytree": -0.9957795686195998, "log10_eta": -3.332830974336536, "log10_lambda": -4.635639244183762, "log10_min_child_weight": 2.0034906276572286, "log10_subsample": -0.6550275313544469, "max_depth": 2.0, "num_boost_round": 27.0}, "datetime": {"datetime": "2024-01-19 00:24:16", "elapsed": 809.704633, "delta": 0.000984}}
{"target": -17.6769975515619, "params": {"gamma": 7.610716859335009, "log10_alpha": -0.46264371281638006, "log10_colsample_bytree": -0.9957795686195998, "log10_eta": -3.332830974336536, "log10_lambda": -4.635639244183762, "log10_min_child_weight": 2.0034906276572286, "log10_subsample": -0.6550275313544469, "max_depth": 2.0, "num_boost_round": 28.0}, "datetime": {"datetime": "2024-01-19 00:24:16", "elapsed": 809.705627, "delta": 0.000994}}
{"target": -17.677214280155876, "params": {"gamma": 8.651297978608197, "log10_alpha": -3.66016153563704, "log10_colsample_bytree": -0.003261523063071925, "log10_eta": -3.741106203968141, "log10_lambda": -4.991843614630487, "log10_min_child_weight": 2.2818716036004116, "log10_subsample": -0.6591247684623843, "max_depth": 7.0, "num_boost_round": 0.0}, "datetime": {"datetime": "2024-01-19 00:24:41", "elapsed": 834.717477, "delta": 25.01185}}
{"target": -17.677206107502197, "params": {"gamma": 8.651297978608197, "log10_alpha": -3.66016153563704, "log10_colsample_bytree": -0.003261523063071925, "log10_eta": -3.741106203968141, "log10_lambda": -4.991843614630487, "log10_min_child_weight": 2.2818716036004116, "log10_subsample": -0.6591247684623843, "max_depth": 7.0, "num_boost_round": 1.0}, "datetime": {"datetime": "2024-01-19 00:24:41", "elapsed": 834.719258, "delta": 0.001781}}
{"target": -17.67720130590242, "params": {"gamma": 8.651297978608197, "log10_alpha": -3.66016153563704, "log10_colsample_bytree": -0.003261523063071925, "log10_eta": -3.741106203968141, "log10_lambda": -4.991843614630487, "log10_min_child_weight": 2.2818716036004116, "log10_subsample": -0.6591247684623843, "max_depth": 7.0, "num_boost_round": 2.0}, "datetime": {"datetime": "2024-01-19 00:24:41", "elapsed": 834.720422, "delta": 0.001164}}
{"target": -17.67719101719683, "params": {"gamma": 8.651297978608197, "log10_alpha": -3.66016153563704, "log10_colsample_bytree": -0.003261523063071925, "log10_eta": -3.741106203968141, "log10_lambda": -4.991843614630487, "log10_min_child_weight": 2.2818716036004116, "log10_subsample": -0.6591247684623843, "max_depth": 7.0, "num_boost_round": 3.0}, "datetime": {"datetime": "2024-01-19 00:24:41", "elapsed": 834.721464, "delta": 0.001042}}
{"target": -17.677185188003254, "params": {"gamma": 8.651297978608197, "log10_alpha": -3.66016153563704, "log10_colsample_bytree": -0.003261523063071925, "log10_eta": -3.741106203968141, "log10_lambda": -4.991843614630487, "log10_min_child_weight": 2.2818716036004116, "log10_subsample": -0.6591247684623843, "max_depth": 7.0, "num_boost_round": 4.0}, "datetime": {"datetime": "2024-01-19 00:24:41", "elapsed": 834.722486, "delta": 0.001022}}
{"target": -17.677164880630823, "params": {"gamma": 8.651297978608197, "log10_alpha": -3.66016153563704, "log10_colsample_bytree": -0.003261523063071925, "log10_eta": -3.741106203968141, "log10_lambda": -4.991843614630487, "log10_min_child_weight": 2.2818716036004116, "log10_subsample": -0.6591247684623843, "max_depth": 7.0, "num_boost_round": 5.0}, "datetime": {"datetime": "2024-01-19 00:24:41", "elapsed": 834.723501, "delta": 0.001015}}
{"target": -17.677145698758807, "params": {"gamma": 8.651297978608197, "log10_alpha": -3.66016153563704, "log10_colsample_bytree": -0.003261523063071925, "log10_eta": -3.741106203968141, "log10_lambda": -4.991843614630487, "log10_min_child_weight": 2.2818716036004116, "log10_subsample": -0.6591247684623843, "max_depth": 7.0, "num_boost_round": 6.0}, "datetime": {"datetime": "2024-01-19 00:24:41", "elapsed": 834.724541, "delta": 0.00104}}
{"target": -17.67713432368279, "params": {"gamma": 8.651297978608197, "log10_alpha": -3.66016153563704, "log10_colsample_bytree": -0.003261523063071925, "log10_eta": -3.741106203968141, "log10_lambda": -4.991843614630487, "log10_min_child_weight": 2.2818716036004116, "log10_subsample": -0.6591247684623843, "max_depth": 7.0, "num_boost_round": 7.0}, "datetime": {"datetime": "2024-01-19 00:24:41", "elapsed": 834.725618, "delta": 0.001077}}
{"target": -17.67713601719148, "params": {"gamma": 8.651297978608197, "log10_alpha": -3.66016153563704, "log10_colsample_bytree": -0.003261523063071925, "log10_eta": -3.741106203968141, "log10_lambda": -4.991843614630487, "log10_min_child_weight": 2.2818716036004116, "log10_subsample": -0.6591247684623843, "max_depth": 7.0, "num_boost_round": 8.0}, "datetime": {"datetime": "2024-01-19 00:24:41", "elapsed": 834.726723, "delta": 0.001105}}
{"target": -17.67712252571247, "params": {"gamma": 8.651297978608197, "log10_alpha": -3.66016153563704, "log10_colsample_bytree": -0.003261523063071925, "log10_eta": -3.741106203968141, "log10_lambda": -4.991843614630487, "log10_min_child_weight": 2.2818716036004116, "log10_subsample": -0.6591247684623843, "max_depth": 7.0, "num_boost_round": 9.0}, "datetime": {"datetime": "2024-01-19 00:24:41", "elapsed": 834.727739, "delta": 0.001016}}
{"target": -17.67711481405537, "params": {"gamma": 8.651297978608197, "log10_alpha": -3.66016153563704, "log10_colsample_bytree": -0.003261523063071925, "log10_eta": -3.741106203968141, "log10_lambda": -4.991843614630487, "log10_min_child_weight": 2.2818716036004116, "log10_subsample": -0.6591247684623843, "max_depth": 7.0, "num_boost_round": 10.0}, "datetime": {"datetime": "2024-01-19 00:24:41", "elapsed": 834.728782, "delta": 0.001043}}
{"target": -17.677104476320082, "params": {"gamma": 8.651297978608197, "log10_alpha": -3.66016153563704, "log10_colsample_bytree": -0.003261523063071925, "log10_eta": -3.741106203968141, "log10_lambda": -4.991843614630487, "log10_min_child_weight": 2.2818716036004116, "log10_subsample": -0.6591247684623843, "max_depth": 7.0, "num_boost_round": 11.0}, "datetime": {"datetime": "2024-01-19 00:24:41", "elapsed": 834.72981, "delta": 0.001028}}
{"target": -17.677095071040213, "params": {"gamma": 8.651297978608197, "log10_alpha": -3.66016153563704, "log10_colsample_bytree": -0.003261523063071925, "log10_eta": -3.741106203968141, "log10_lambda": -4.991843614630487, "log10_min_child_weight": 2.2818716036004116, "log10_subsample": -0.6591247684623843, "max_depth": 7.0, "num_boost_round": 12.0}, "datetime": {"datetime": "2024-01-19 00:24:41", "elapsed": 834.730968, "delta": 0.001158}}
{"target": -17.677087790243437, "params": {"gamma": 8.651297978608197, "log10_alpha": -3.66016153563704, "log10_colsample_bytree": -0.003261523063071925, "log10_eta": -3.741106203968141, "log10_lambda": -4.991843614630487, "log10_min_child_weight": 2.2818716036004116, "log10_subsample": -0.6591247684623843, "max_depth": 7.0, "num_boost_round": 13.0}, "datetime": {"datetime": "2024-01-19 00:24:41", "elapsed": 834.732068, "delta": 0.0011}}
{"target": -17.67708102007805, "params": {"gamma": 8.651297978608197, "log10_alpha": -3.66016153563704, "log10_colsample_bytree": -0.003261523063071925, "log10_eta": -3.741106203968141, "log10_lambda": -4.991843614630487, "log10_min_child_weight": 2.2818716036004116, "log10_subsample": -0.6591247684623843, "max_depth": 7.0, "num_boost_round": 14.0}, "datetime": {"datetime": "2024-01-19 00:24:41", "elapsed": 834.733115, "delta": 0.001047}}
{"target": -17.67707914480357, "params": {"gamma": 8.651297978608197, "log10_alpha": -3.66016153563704, "log10_colsample_bytree": -0.003261523063071925, "log10_eta": -3.741106203968141, "log10_lambda": -4.991843614630487, "log10_min_child_weight": 2.2818716036004116, "log10_subsample": -0.6591247684623843, "max_depth": 7.0, "num_boost_round": 15.0}, "datetime": {"datetime": "2024-01-19 00:24:41", "elapsed": 834.734141, "delta": 0.001026}}
{"target": -17.677063481411412, "params": {"gamma": 8.651297978608197, "log10_alpha": -3.66016153563704, "log10_colsample_bytree": -0.003261523063071925, "log10_eta": -3.741106203968141, "log10_lambda": -4.991843614630487, "log10_min_child_weight": 2.2818716036004116, "log10_subsample": -0.6591247684623843, "max_depth": 7.0, "num_boost_round": 16.0}, "datetime": {"datetime": "2024-01-19 00:24:41", "elapsed": 834.73522, "delta": 0.001079}}
{"target": -17.674341504996114, "params": {"gamma": 24.124537077442334, "log10_alpha": -4.27417756181003, "log10_colsample_bytree": -0.9812526261386809, "log10_eta": -0.5935892819958282, "log10_lambda": 0.9440552895486318, "log10_min_child_weight": 0.771943790131781, "log10_subsample": -0.39045198432551886, "max_depth": 5.0, "num_boost_round": 0.0}, "datetime": {"datetime": "2024-01-19 00:25:11", "elapsed": 865.666497, "delta": 30.931277}}
{"target": -17.67674452052532, "params": {"gamma": 24.124537077442334, "log10_alpha": -4.27417756181003, "log10_colsample_bytree": -0.9812526261386809, "log10_eta": -0.5935892819958282, "log10_lambda": 0.9440552895486318, "log10_min_child_weight": 0.771943790131781, "log10_subsample": -0.39045198432551886, "max_depth": 5.0, "num_boost_round": 1.0}, "datetime": {"datetime": "2024-01-19 00:25:11", "elapsed": 865.668195, "delta": 0.001698}}
{"target": -17.68887398854382, "params": {"gamma": 24.124537077442334, "log10_alpha": -4.27417756181003, "log10_colsample_bytree": -0.9812526261386809, "log10_eta": -0.5935892819958282, "log10_lambda": 0.9440552895486318, "log10_min_child_weight": 0.771943790131781, "log10_subsample": -0.39045198432551886, "max_depth": 5.0, "num_boost_round": 2.0}, "datetime": {"datetime": "2024-01-19 00:25:11", "elapsed": 865.669364, "delta": 0.001169}}
{"target": -17.695014689066223, "params": {"gamma": 24.124537077442334, "log10_alpha": -4.27417756181003, "log10_colsample_bytree": -0.9812526261386809, "log10_eta": -0.5935892819958282, "log10_lambda": 0.9440552895486318, "log10_min_child_weight": 0.771943790131781, "log10_subsample": -0.39045198432551886, "max_depth": 5.0, "num_boost_round": 3.0}, "datetime": {"datetime": "2024-01-19 00:25:11", "elapsed": 865.670754, "delta": 0.00139}}
{"target": -17.688643741155495, "params": {"gamma": 24.124537077442334, "log10_alpha": -4.27417756181003, "log10_colsample_bytree": -0.9812526261386809, "log10_eta": -0.5935892819958282, "log10_lambda": 0.9440552895486318, "log10_min_child_weight": 0.771943790131781, "log10_subsample": -0.39045198432551886, "max_depth": 5.0, "num_boost_round": 4.0}, "datetime": {"datetime": "2024-01-19 00:25:11", "elapsed": 865.671854, "delta": 0.0011}}
{"target": -17.69623602341979, "params": {"gamma": 24.124537077442334, "log10_alpha": -4.27417756181003, "log10_colsample_bytree": -0.9812526261386809, "log10_eta": -0.5935892819958282, "log10_lambda": 0.9440552895486318, "log10_min_child_weight": 0.771943790131781, "log10_subsample": -0.39045198432551886, "max_depth": 5.0, "num_boost_round": 5.0}, "datetime": {"datetime": "2024-01-19 00:25:11", "elapsed": 865.672931, "delta": 0.001077}}
{"target": -17.705424633783636, "params": {"gamma": 24.124537077442334, "log10_alpha": -4.27417756181003, "log10_colsample_bytree": -0.9812526261386809, "log10_eta": -0.5935892819958282, "log10_lambda": 0.9440552895486318, "log10_min_child_weight": 0.771943790131781, "log10_subsample": -0.39045198432551886, "max_depth": 5.0, "num_boost_round": 6.0}, "datetime": {"datetime": "2024-01-19 00:25:11", "elapsed": 865.673984, "delta": 0.001053}}
{"target": -17.706914866527086, "params": {"gamma": 24.124537077442334, "log10_alpha": -4.27417756181003, "log10_colsample_bytree": -0.9812526261386809, "log10_eta": -0.5935892819958282, "log10_lambda": 0.9440552895486318, "log10_min_child_weight": 0.771943790131781, "log10_subsample": -0.39045198432551886, "max_depth": 5.0, "num_boost_round": 7.0}, "datetime": {"datetime": "2024-01-19 00:25:11", "elapsed": 865.675108, "delta": 0.001124}}
{"target": -17.71561384854047, "params": {"gamma": 24.124537077442334, "log10_alpha": -4.27417756181003, "log10_colsample_bytree": -0.9812526261386809, "log10_eta": -0.5935892819958282, "log10_lambda": 0.9440552895486318, "log10_min_child_weight": 0.771943790131781, "log10_subsample": -0.39045198432551886, "max_depth": 5.0, "num_boost_round": 8.0}, "datetime": {"datetime": "2024-01-19 00:25:11", "elapsed": 865.676159, "delta": 0.001051}}
{"target": -17.717330064227625, "params": {"gamma": 24.124537077442334, "log10_alpha": -4.27417756181003, "log10_colsample_bytree": -0.9812526261386809, "log10_eta": -0.5935892819958282, "log10_lambda": 0.9440552895486318, "log10_min_child_weight": 0.771943790131781, "log10_subsample": -0.39045198432551886, "max_depth": 5.0, "num_boost_round": 9.0}, "datetime": {"datetime": "2024-01-19 00:25:11", "elapsed": 865.677205, "delta": 0.001046}}
{"target": -17.746115097966737, "params": {"gamma": 24.124537077442334, "log10_alpha": -4.27417756181003, "log10_colsample_bytree": -0.9812526261386809, "log10_eta": -0.5935892819958282, "log10_lambda": 0.9440552895486318, "log10_min_child_weight": 0.771943790131781, "log10_subsample": -0.39045198432551886, "max_depth": 5.0, "num_boost_round": 10.0}, "datetime": {"datetime": "2024-01-19 00:25:11", "elapsed": 865.67825, "delta": 0.001045}}
