{"target": -17.677158867075967, "params": {"gamma": 536.433784932686, "log10_alpha": -1.538822795242325, "log10_colsample_bytree": -0.9406402642335335, "log10_eta": -3.7725646755945967, "log10_lambda": -2.920097307438004, "log10_min_child_weight": 0.3442646313445197, "log10_subsample": -0.6504949554807414, "max_depth": 5.0, "num_boost_round": 15.0}, "datetime": {"datetime": "2024-01-19 00:25:39", "elapsed": 836.438946, "delta": 0.001275}}
{"target": -17.677157385272118, "params": {"gamma": 536.433784932686, "log10_alpha": -1.538822795242325, "log10_colsample_bytree": -0.9406402642335335, "log10_eta": -3.7725646755945967, "log10_lambda": -2.920097307438004, "log10_min_child_weight": 0.3442646313445197, "log10_subsample": -0.6504949554807414, "max_depth": 5.0, "num_boost_round": 16.0}, "datetime": {"datetime": "2024-01-19 00:25:39", "elapsed": 836.440289, "delta": 0.001343}}
{"target": -17.677154243856986, "params": {"gamma": 536.433784932686, "log10_alpha": -1.538822795242325, "log10_colsample_bytree": -0.9406402642335335, "log10_eta": -3.7725646755945967, "log10_lambda": -2.920097307438004, "log10_min_child_weight": 0.3442646313445197, "log10_subsample": -0.6504949554807414, "max_depth": 5.0, "num_boost_round": 17.0}, "datetime": {"datetime": "2024-01-19 00:25:39", "elapsed": 836.441578, "delta": 0.001289}}
{"target": -17.67714882930889, "params": {"gamma": 536.433784932686, "log10_alpha": -1.538822795242325, "log10_colsample_bytree": -0.9406402642335335, "log10_eta": -3.7725646755945967, "log10_lambda": -2.920097307438004, "log10_min_child_weight": 0.3442646313445197, "log10_subsample": -0.6504949554807414, "max_depth": 5.0, "num_boost_round": 18.0}, "datetime": {"datetime": "2024-01-19 00:25:39", "elapsed": 836.442863, "delta": 0.001285}}
{"target": -17.67714047093337, "params": {"gamma": 536.433784932686, "log10_alpha": -1.538822795242325, "log10_colsample_bytree": -0.9406402642335335, "log10_eta": -3.7725646755945967, "log10_lambda": -2.920097307438004, "log10_min_child_weight": 0.3442646313445197, "log10_subsample": -0.6504949554807414, "max_depth": 5.0, "num_boost_round": 19.0}, "datetime": {"datetime": "2024-01-19 00:25:39", "elapsed": 836.444143, "delta": 0.00128}}
{"target": -17.67713463932029, "params": {"gamma": 536.433784932686, "log10_alpha": -1.538822795242325, "log10_colsample_bytree": -0.9406402642335335, "log10_eta": -3.7725646755945967, "log10_lambda": -2.920097307438004, "log10_min_child_weight": 0.3442646313445197, "log10_subsample": -0.6504949554807414, "max_depth": 5.0, "num_boost_round": 20.0}, "datetime": {"datetime": "2024-01-19 00:25:39", "elapsed": 836.44543, "delta": 0.001287}}
{"target": -17.67712080552244, "params": {"gamma": 536.433784932686, "log10_alpha": -1.538822795242325, "log10_colsample_bytree": -0.9406402642335335, "log10_eta": -3.7725646755945967, "log10_lambda": -2.920097307438004, "log10_min_child_weight": 0.3442646313445197, "log10_subsample": -0.6504949554807414, "max_depth": 5.0, "num_boost_round": 21.0}, "datetime": {"datetime": "2024-01-19 00:25:39", "elapsed": 836.446716, "delta": 0.001286}}
{"target": -17.67711344568515, "params": {"gamma": 536.433784932686, "log10_alpha": -1.538822795242325, "log10_colsample_bytree": -0.9406402642335335, "log10_eta": -3.7725646755945967, "log10_lambda": -2.920097307438004, "log10_min_child_weight": 0.3442646313445197, "log10_subsample": -0.6504949554807414, "max_depth": 5.0, "num_boost_round": 22.0}, "datetime": {"datetime": "2024-01-19 00:25:39", "elapsed": 836.448011, "delta": 0.001295}}
{"target": -17.677101860371952, "params": {"gamma": 536.433784932686, "log10_alpha": -1.538822795242325, "log10_colsample_bytree": -0.9406402642335335, "log10_eta": -3.7725646755945967, "log10_lambda": -2.920097307438004, "log10_min_child_weight": 0.3442646313445197, "log10_subsample": -0.6504949554807414, "max_depth": 5.0, "num_boost_round": 23.0}, "datetime": {"datetime": "2024-01-19 00:25:39", "elapsed": 836.449301, "delta": 0.00129}}
{"target": -17.67710335106854, "params": {"gamma": 536.433784932686, "log10_alpha": -1.538822795242325, "log10_colsample_bytree": -0.9406402642335335, "log10_eta": -3.7725646755945967, "log10_lambda": -2.920097307438004, "log10_min_child_weight": 0.3442646313445197, "log10_subsample": -0.6504949554807414, "max_depth": 5.0, "num_boost_round": 24.0}, "datetime": {"datetime": "2024-01-19 00:25:39", "elapsed": 836.45067, "delta": 0.001369}}
{"target": -17.677093438742016, "params": {"gamma": 536.433784932686, "log10_alpha": -1.538822795242325, "log10_colsample_bytree": -0.9406402642335335, "log10_eta": -3.7725646755945967, "log10_lambda": -2.920097307438004, "log10_min_child_weight": 0.3442646313445197, "log10_subsample": -0.6504949554807414, "max_depth": 5.0, "num_boost_round": 25.0}, "datetime": {"datetime": "2024-01-19 00:25:39", "elapsed": 836.45195, "delta": 0.00128}}
{"target": -17.677087506642156, "params": {"gamma": 536.433784932686, "log10_alpha": -1.538822795242325, "log10_colsample_bytree": -0.9406402642335335, "log10_eta": -3.7725646755945967, "log10_lambda": -2.920097307438004, "log10_min_child_weight": 0.3442646313445197, "log10_subsample": -0.6504949554807414, "max_depth": 5.0, "num_boost_round": 26.0}, "datetime": {"datetime": "2024-01-19 00:25:39", "elapsed": 836.453323, "delta": 0.001373}}
{"target": -17.677081551857377, "params": {"gamma": 536.433784932686, "log10_alpha": -1.538822795242325, "log10_colsample_bytree": -0.9406402642335335, "log10_eta": -3.7725646755945967, "log10_lambda": -2.920097307438004, "log10_min_child_weight": 0.3442646313445197, "log10_subsample": -0.6504949554807414, "max_depth": 5.0, "num_boost_round": 27.0}, "datetime": {"datetime": "2024-01-19 00:25:39", "elapsed": 836.454602, "delta": 0.001279}}
{"target": -17.67707759182528, "params": {"gamma": 536.433784932686, "log10_alpha": -1.538822795242325, "log10_colsample_bytree": -0.9406402642335335, "log10_eta": -3.7725646755945967, "log10_lambda": -2.920097307438004, "log10_min_child_weight": 0.3442646313445197, "log10_subsample": -0.6504949554807414, "max_depth": 5.0, "num_boost_round": 28.0}, "datetime": {"datetime": "2024-01-19 00:25:39", "elapsed": 836.455901, "delta": 0.001299}}
{"target": -17.677070629171187, "params": {"gamma": 536.433784932686, "log10_alpha": -1.538822795242325, "log10_colsample_bytree": -0.9406402642335335, "log10_eta": -3.7725646755945967, "log10_lambda": -2.920097307438004, "log10_min_child_weight": 0.3442646313445197, "log10_subsample": -0.6504949554807414, "max_depth": 5.0, "num_boost_round": 29.0}, "datetime": {"datetime": "2024-01-19 00:25:39", "elapsed": 836.457201, "delta": 0.0013}}
{"target": -17.67706873148058, "params": {"gamma": 536.433784932686, "log10_alpha": -1.538822795242325, "log10_colsample_bytree": -0.9406402642335335, "log10_eta": -3.7725646755945967, "log10_lambda": -2.920097307438004, "log10_min_child_weight": 0.3442646313445197, "log10_subsample": -0.6504949554807414, "max_depth": 5.0, "num_boost_round": 30.0}, "datetime": {"datetime": "2024-01-19 00:25:39", "elapsed": 836.458481, "delta": 0.00128}}
{"target": -17.677064469898227, "params": {"gamma": 536.433784932686, "log10_alpha": -1.538822795242325, "log10_colsample_bytree": -0.9406402642335335, "log10_eta": -3.7725646755945967, "log10_lambda": -2.920097307438004, "log10_min_child_weight": 0.3442646313445197, "log10_subsample": -0.6504949554807414, "max_depth": 5.0, "num_boost_round": 31.0}, "datetime": {"datetime": "2024-01-19 00:25:39", "elapsed": 836.459776, "delta": 0.001295}}
{"target": -17.67705289617188, "params": {"gamma": 536.433784932686, "log10_alpha": -1.538822795242325, "log10_colsample_bytree": -0.9406402642335335, "log10_eta": -3.7725646755945967, "log10_lambda": -2.920097307438004, "log10_min_child_weight": 0.3442646313445197, "log10_subsample": -0.6504949554807414, "max_depth": 5.0, "num_boost_round": 32.0}, "datetime": {"datetime": "2024-01-19 00:25:39", "elapsed": 836.461136, "delta": 0.00136}}
{"target": -17.67705089419831, "params": {"gamma": 536.433784932686, "log10_alpha": -1.538822795242325, "log10_colsample_bytree": -0.9406402642335335, "log10_eta": -3.7725646755945967, "log10_lambda": -2.920097307438004, "log10_min_child_weight": 0.3442646313445197, "log10_subsample": -0.6504949554807414, "max_depth": 5.0, "num_boost_round": 33.0}, "datetime": {"datetime": "2024-01-19 00:25:39", "elapsed": 836.462438, "delta": 0.001302}}
{"target": -17.67722782455346, "params": {"gamma": 537.9421534634185, "log10_alpha": -3.6352244903997453, "log10_colsample_bytree": -0.006064592404337099, "log10_eta": -3.9132754456372365, "log10_lambda": 0.5883758208157008, "log10_min_child_weight": 2.044642144235362, "log10_subsample": -0.8265896195348885, "max_depth": 7.0, "num_boost_round": 0.0}, "datetime": {"datetime": "2024-01-19 00:26:07", "elapsed": 864.675187, "delta": 28.212749}}
{"target": -17.677225803241498, "params": {"gamma": 537.9421534634185, "log10_alpha": -3.6352244903997453, "log10_colsample_bytree": -0.006064592404337099, "log10_eta": -3.9132754456372365, "log10_lambda": 0.5883758208157008, "log10_min_child_weight": 2.044642144235362, "log10_subsample": -0.8265896195348885, "max_depth": 7.0, "num_boost_round": 1.0}, "datetime": {"datetime": "2024-01-19 00:26:07", "elapsed": 864.676974, "delta": 0.001787}}
{"target": -17.677216292257523, "params": {"gamma": 537.9421534634185, "log10_alpha": -3.6352244903997453, "log10_colsample_bytree": -0.006064592404337099, "log10_eta": -3.9132754456372365, "log10_lambda": 0.5883758208157008, "log10_min_child_weight": 2.044642144235362, "log10_subsample": -0.8265896195348885, "max_depth": 7.0, "num_boost_round": 2.0}, "datetime": {"datetime": "2024-01-19 00:26:07", "elapsed": 864.678796, "delta": 0.001822}}
{"target": -17.677209177269077, "params": {"gamma": 537.9421534634185, "log10_alpha": -3.6352244903997453, "log10_colsample_bytree": -0.006064592404337099, "log10_eta": -3.9132754456372365, "log10_lambda": 0.5883758208157008, "log10_min_child_weight": 2.044642144235362, "log10_subsample": -0.8265896195348885, "max_depth": 7.0, "num_boost_round": 3.0}, "datetime": {"datetime": "2024-01-19 00:26:07", "elapsed": 864.680276, "delta": 0.00148}}
{"target": -17.67720387670459, "params": {"gamma": 537.9421534634185, "log10_alpha": -3.6352244903997453, "log10_colsample_bytree": -0.006064592404337099, "log10_eta": -3.9132754456372365, "log10_lambda": 0.5883758208157008, "log10_min_child_weight": 2.044642144235362, "log10_subsample": -0.8265896195348885, "max_depth": 7.0, "num_boost_round": 4.0}, "datetime": {"datetime": "2024-01-19 00:26:07", "elapsed": 864.681781, "delta": 0.001505}}
{"target": -17.67719906335226, "params": {"gamma": 537.9421534634185, "log10_alpha": -3.6352244903997453, "log10_colsample_bytree": -0.006064592404337099, "log10_eta": -3.9132754456372365, "log10_lambda": 0.5883758208157008, "log10_min_child_weight": 2.044642144235362, "log10_subsample": -0.8265896195348885, "max_depth": 7.0, "num_boost_round": 5.0}, "datetime": {"datetime": "2024-01-19 00:26:07", "elapsed": 864.683237, "delta": 0.001456}}
{"target": -17.677197122906907, "params": {"gamma": 537.9421534634185, "log10_alpha": -3.6352244903997453, "log10_colsample_bytree": -0.006064592404337099, "log10_eta": -3.9132754456372365, "log10_lambda": 0.5883758208157008, "log10_min_child_weight": 2.044642144235362, "log10_subsample": -0.8265896195348885, "max_depth": 7.0, "num_boost_round": 6.0}, "datetime": {"datetime": "2024-01-19 00:26:07", "elapsed": 864.684649, "delta": 0.001412}}
{"target": -17.677194884796595, "params": {"gamma": 537.9421534634185, "log10_alpha": -3.6352244903997453, "log10_colsample_bytree": -0.006064592404337099, "log10_eta": -3.9132754456372365, "log10_lambda": 0.5883758208157008, "log10_min_child_weight": 2.044642144235362, "log10_subsample": -0.8265896195348885, "max_depth": 7.0, "num_boost_round": 7.0}, "datetime": {"datetime": "2024-01-19 00:26:07", "elapsed": 864.685994, "delta": 0.001345}}
{"target": -17.67718876277842, "params": {"gamma": 537.9421534634185, "log10_alpha": -3.6352244903997453, "log10_colsample_bytree": -0.006064592404337099, "log10_eta": -3.9132754456372365, "log10_lambda": 0.5883758208157008, "log10_min_child_weight": 2.044642144235362, "log10_subsample": -0.8265896195348885, "max_depth": 7.0, "num_boost_round": 8.0}, "datetime": {"datetime": "2024-01-19 00:26:07", "elapsed": 864.687328, "delta": 0.001334}}
{"target": -17.677186715106526, "params": {"gamma": 537.9421534634185, "log10_alpha": -3.6352244903997453, "log10_colsample_bytree": -0.006064592404337099, "log10_eta": -3.9132754456372365, "log10_lambda": 0.5883758208157008, "log10_min_child_weight": 2.044642144235362, "log10_subsample": -0.8265896195348885, "max_depth": 7.0, "num_boost_round": 9.0}, "datetime": {"datetime": "2024-01-19 00:26:07", "elapsed": 864.688664, "delta": 0.001336}}
{"target": -17.67717869546847, "params": {"gamma": 537.9421534634185, "log10_alpha": -3.6352244903997453, "log10_colsample_bytree": -0.006064592404337099, "log10_eta": -3.9132754456372365, "log10_lambda": 0.5883758208157008, "log10_min_child_weight": 2.044642144235362, "log10_subsample": -0.8265896195348885, "max_depth": 7.0, "num_boost_round": 10.0}, "datetime": {"datetime": "2024-01-19 00:26:07", "elapsed": 864.690035, "delta": 0.001371}}
{"target": -17.677171699200613, "params": {"gamma": 537.9421534634185, "log10_alpha": -3.6352244903997453, "log10_colsample_bytree": -0.006064592404337099, "log10_eta": -3.9132754456372365, "log10_lambda": 0.5883758208157008, "log10_min_child_weight": 2.044642144235362, "log10_subsample": -0.8265896195348885, "max_depth": 7.0, "num_boost_round": 11.0}, "datetime": {"datetime": "2024-01-19 00:26:07", "elapsed": 864.691425, "delta": 0.00139}}
{"target": -17.677166736050093, "params": {"gamma": 537.9421534634185, "log10_alpha": -3.6352244903997453, "log10_colsample_bytree": -0.006064592404337099, "log10_eta": -3.9132754456372365, "log10_lambda": 0.5883758208157008, "log10_min_child_weight": 2.044642144235362, "log10_subsample": -0.8265896195348885, "max_depth": 7.0, "num_boost_round": 12.0}, "datetime": {"datetime": "2024-01-19 00:26:07", "elapsed": 864.692821, "delta": 0.001396}}
{"target": -17.67716576708115, "params": {"gamma": 537.9421534634185, "log10_alpha": -3.6352244903997453, "log10_colsample_bytree": -0.006064592404337099, "log10_eta": -3.9132754456372365, "log10_lambda": 0.5883758208157008, "log10_min_child_weight": 2.044642144235362, "log10_subsample": -0.8265896195348885, "max_depth": 7.0, "num_boost_round": 13.0}, "datetime": {"datetime": "2024-01-19 00:26:07", "elapsed": 864.694225, "delta": 0.001404}}
{"target": -17.67715976686977, "params": {"gamma": 537.9421534634185, "log10_alpha": -3.6352244903997453, "log10_colsample_bytree": -0.006064592404337099, "log10_eta": -3.9132754456372365, "log10_lambda": 0.5883758208157008, "log10_min_child_weight": 2.044642144235362, "log10_subsample": -0.8265896195348885, "max_depth": 7.0, "num_boost_round": 14.0}, "datetime": {"datetime": "2024-01-19 00:26:07", "elapsed": 864.695617, "delta": 0.001392}}
{"target": -17.677153322879672, "params": {"gamma": 537.9421534634185, "log10_alpha": -3.6352244903997453, "log10_colsample_bytree": -0.006064592404337099, "log10_eta": -3.9132754456372365, "log10_lambda": 0.5883758208157008, "log10_min_child_weight": 2.044642144235362, "log10_subsample": -0.8265896195348885, "max_depth": 7.0, "num_boost_round": 15.0}, "datetime": {"datetime": "2024-01-19 00:26:07", "elapsed": 864.697011, "delta": 0.001394}}
{"target": -17.677151256579975, "params": {"gamma": 537.9421534634185, "log10_alpha": -3.6352244903997453, "log10_colsample_bytree": -0.006064592404337099, "log10_eta": -3.9132754456372365, "log10_lambda": 0.5883758208157008, "log10_min_child_weight": 2.044642144235362, "log10_subsample": -0.8265896195348885, "max_depth": 7.0, "num_boost_round": 16.0}, "datetime": {"datetime": "2024-01-19 00:26:07", "elapsed": 864.698392, "delta": 0.001381}}
{"target": -17.677144905547348, "params": {"gamma": 537.9421534634185, "log10_alpha": -3.6352244903997453, "log10_colsample_bytree": -0.006064592404337099, "log10_eta": -3.9132754456372365, "log10_lambda": 0.5883758208157008, "log10_min_child_weight": 2.044642144235362, "log10_subsample": -0.8265896195348885, "max_depth": 7.0, "num_boost_round": 17.0}, "datetime": {"datetime": "2024-01-19 00:26:07", "elapsed": 864.699781, "delta": 0.001389}}
{"target": -17.677136011437863, "params": {"gamma": 537.9421534634185, "log10_alpha": -3.6352244903997453, "log10_colsample_bytree": -0.006064592404337099, "log10_eta": -3.9132754456372365, "log10_lambda": 0.5883758208157008, "log10_min_child_weight": 2.044642144235362, "log10_subsample": -0.8265896195348885, "max_depth": 7.0, "num_boost_round": 18.0}, "datetime": {"datetime": "2024-01-19 00:26:07", "elapsed": 864.701185, "delta": 0.001404}}
{"target": -17.6771293779035, "params": {"gamma": 537.9421534634185, "log10_alpha": -3.6352244903997453, "log10_colsample_bytree": -0.006064592404337099, "log10_eta": -3.9132754456372365, "log10_lambda": 0.5883758208157008, "log10_min_child_weight": 2.044642144235362, "log10_subsample": -0.8265896195348885, "max_depth": 7.0, "num_boost_round": 19.0}, "datetime": {"datetime": "2024-01-19 00:26:07", "elapsed": 864.702583, "delta": 0.001398}}
{"target": -17.677126802982805, "params": {"gamma": 537.9421534634185, "log10_alpha": -3.6352244903997453, "log10_colsample_bytree": -0.006064592404337099, "log10_eta": -3.9132754456372365, "log10_lambda": 0.5883758208157008, "log10_min_child_weight": 2.044642144235362, "log10_subsample": -0.8265896195348885, "max_depth": 7.0, "num_boost_round": 20.0}, "datetime": {"datetime": "2024-01-19 00:26:07", "elapsed": 864.703981, "delta": 0.001398}}
{"target": -17.677131708169956, "params": {"gamma": 537.9421534634185, "log10_alpha": -3.6352244903997453, "log10_colsample_bytree": -0.006064592404337099, "log10_eta": -3.9132754456372365, "log10_lambda": 0.5883758208157008, "log10_min_child_weight": 2.044642144235362, "log10_subsample": -0.8265896195348885, "max_depth": 7.0, "num_boost_round": 21.0}, "datetime": {"datetime": "2024-01-19 00:26:07", "elapsed": 864.705377, "delta": 0.001396}}
{"target": -17.67712624509061, "params": {"gamma": 537.9421534634185, "log10_alpha": -3.6352244903997453, "log10_colsample_bytree": -0.006064592404337099, "log10_eta": -3.9132754456372365, "log10_lambda": 0.5883758208157008, "log10_min_child_weight": 2.044642144235362, "log10_subsample": -0.8265896195348885, "max_depth": 7.0, "num_boost_round": 22.0}, "datetime": {"datetime": "2024-01-19 00:26:07", "elapsed": 864.706784, "delta": 0.001407}}
{"target": -17.677121004340595, "params": {"gamma": 537.9421534634185, "log10_alpha": -3.6352244903997453, "log10_colsample_bytree": -0.006064592404337099, "log10_eta": -3.9132754456372365, "log10_lambda": 0.5883758208157008, "log10_min_child_weight": 2.044642144235362, "log10_subsample": -0.8265896195348885, "max_depth": 7.0, "num_boost_round": 23.0}, "datetime": {"datetime": "2024-01-19 00:26:07", "elapsed": 864.708171, "delta": 0.001387}}
{"target": -17.67711515553716, "params": {"gamma": 537.9421534634185, "log10_alpha": -3.6352244903997453, "log10_colsample_bytree": -0.006064592404337099, "log10_eta": -3.9132754456372365, "log10_lambda": 0.5883758208157008, "log10_min_child_weight": 2.044642144235362, "log10_subsample": -0.8265896195348885, "max_depth": 7.0, "num_boost_round": 24.0}, "datetime": {"datetime": "2024-01-19 00:26:07", "elapsed": 864.709583, "delta": 0.001412}}
{"target": -17.677110047178182, "params": {"gamma": 537.9421534634185, "log10_alpha": -3.6352244903997453, "log10_colsample_bytree": -0.006064592404337099, "log10_eta": -3.9132754456372365, "log10_lambda": 0.5883758208157008, "log10_min_child_weight": 2.044642144235362, "log10_subsample": -0.8265896195348885, "max_depth": 7.0, "num_boost_round": 25.0}, "datetime": {"datetime": "2024-01-19 00:26:07", "elapsed": 864.710987, "delta": 0.001404}}
{"target": -17.67710215556119, "params": {"gamma": 537.9421534634185, "log10_alpha": -3.6352244903997453, "log10_colsample_bytree": -0.006064592404337099, "log10_eta": -3.9132754456372365, "log10_lambda": 0.5883758208157008, "log10_min_child_weight": 2.044642144235362, "log10_subsample": -0.8265896195348885, "max_depth": 7.0, "num_boost_round": 26.0}, "datetime": {"datetime": "2024-01-19 00:26:07", "elapsed": 864.712404, "delta": 0.001417}}
{"target": -17.677095014076777, "params": {"gamma": 537.9421534634185, "log10_alpha": -3.6352244903997453, "log10_colsample_bytree": -0.006064592404337099, "log10_eta": -3.9132754456372365, "log10_lambda": 0.5883758208157008, "log10_min_child_weight": 2.044642144235362, "log10_subsample": -0.8265896195348885, "max_depth": 7.0, "num_boost_round": 27.0}, "datetime": {"datetime": "2024-01-19 00:26:07", "elapsed": 864.7138, "delta": 0.001396}}
{"target": -17.677087453075544, "params": {"gamma": 537.9421534634185, "log10_alpha": -3.6352244903997453, "log10_colsample_bytree": -0.006064592404337099, "log10_eta": -3.9132754456372365, "log10_lambda": 0.5883758208157008, "log10_min_child_weight": 2.044642144235362, "log10_subsample": -0.8265896195348885, "max_depth": 7.0, "num_boost_round": 28.0}, "datetime": {"datetime": "2024-01-19 00:26:07", "elapsed": 864.715197, "delta": 0.001397}}
{"target": -17.67707867470588, "params": {"gamma": 537.9421534634185, "log10_alpha": -3.6352244903997453, "log10_colsample_bytree": -0.006064592404337099, "log10_eta": -3.9132754456372365, "log10_lambda": 0.5883758208157008, "log10_min_child_weight": 2.044642144235362, "log10_subsample": -0.8265896195348885, "max_depth": 7.0, "num_boost_round": 29.0}, "datetime": {"datetime": "2024-01-19 00:26:07", "elapsed": 864.71661, "delta": 0.001413}}
