{"target": -17.688087552404415, "params": {"gamma": 873.4294027918163, "log10_alpha": 0.8112439769255921, "log10_colsample_bytree": -0.13080545978608005, "log10_eta": -1.876577233777604, "log10_lambda": -3.6036300321362558, "log10_min_child_weight": 0.056994021387149485, "log10_subsample": -0.5695311817075095, "max_depth": 5.0, "num_boost_round": 49.0}, "datetime": {"datetime": "2024-01-19 00:11:59", "elapsed": 0.022543, "delta": 0.000198}}
{"target": -17.68880328060027, "params": {"gamma": 873.4294027918163, "log10_alpha": 0.8112439769255921, "log10_colsample_bytree": -0.13080545978608005, "log10_eta": -1.876577233777604, "log10_lambda": -3.6036300321362558, "log10_min_child_weight": 0.056994021387149485, "log10_subsample": -0.5695311817075095, "max_depth": 5.0, "num_boost_round": 50.0}, "datetime": {"datetime": "2024-01-19 00:11:59", "elapsed": 0.02274, "delta": 0.000197}}
{"target": -17.689682425203397, "params": {"gamma": 873.4294027918163, "log10_alpha": 0.8112439769255921, "log10_colsample_bytree": -0.13080545978608005, "log10_eta": -1.876577233777604, "log10_lambda": -3.6036300321362558, "log10_min_child_weight": 0.056994021387149485, "log10_subsample": -0.5695311817075095, "max_depth": 5.0, "num_boost_round": 51.0}, "datetime": {"datetime": "2024-01-19 00:11:59", "elapsed": 0.022934, "delta": 0.000194}}
{"target": -17.689927795300623, "params": {"gamma": 873.4294027918163, "log10_alpha": 0.8112439769255921, "log10_colsample_bytree": -0.13080545978608005, "log10_eta": -1.876577233777604, "log10_lambda": -3.6036300321362558, "log10_min_child_weight": 0.056994021387149485, "log10_subsample": -0.5695311817075095, "max_depth": 5.0, "num_boost_round": 52.0}, "datetime": {"datetime": "2024-01-19 00:11:59", "elapsed": 0.023132, "delta": 0.000198}}
{"target": -17.690227211362174, "params": {"gamma": 873.4294027918163, "log10_alpha": 0.8112439769255921, "log10_colsample_bytree": -0.13080545978608005, "log10_eta": -1.876577233777604, "log10_lambda": -3.6036300321362558, "log10_min_child_weight": 0.056994021387149485, "log10_subsample": -0.5695311817075095, "max_depth": 5.0, "num_boost_round": 53.0}, "datetime": {"datetime": "2024-01-19 00:11:59", "elapsed": 0.023327, "delta": 0.000195}}
{"target": -17.68933972407418, "params": {"gamma": 873.4294027918163, "log10_alpha": 0.8112439769255921, "log10_colsample_bytree": -0.13080545978608005, "log10_eta": -1.876577233777604, "log10_lambda": -3.6036300321362558, "log10_min_child_weight": 0.056994021387149485, "log10_subsample": -0.5695311817075095, "max_depth": 5.0, "num_boost_round": 54.0}, "datetime": {"datetime": "2024-01-19 00:11:59", "elapsed": 0.023533, "delta": 0.000206}}
{"target": -17.689874838335772, "params": {"gamma": 873.4294027918163, "log10_alpha": 0.8112439769255921, "log10_colsample_bytree": -0.13080545978608005, "log10_eta": -1.876577233777604, "log10_lambda": -3.6036300321362558, "log10_min_child_weight": 0.056994021387149485, "log10_subsample": -0.5695311817075095, "max_depth": 5.0, "num_boost_round": 55.0}, "datetime": {"datetime": "2024-01-19 00:11:59", "elapsed": 0.023731, "delta": 0.000198}}
{"target": -17.690526912018385, "params": {"gamma": 873.4294027918163, "log10_alpha": 0.8112439769255921, "log10_colsample_bytree": -0.13080545978608005, "log10_eta": -1.876577233777604, "log10_lambda": -3.6036300321362558, "log10_min_child_weight": 0.056994021387149485, "log10_subsample": -0.5695311817075095, "max_depth": 5.0, "num_boost_round": 56.0}, "datetime": {"datetime": "2024-01-19 00:11:59", "elapsed": 0.023929, "delta": 0.000198}}
{"target": -17.69114886270121, "params": {"gamma": 873.4294027918163, "log10_alpha": 0.8112439769255921, "log10_colsample_bytree": -0.13080545978608005, "log10_eta": -1.876577233777604, "log10_lambda": -3.6036300321362558, "log10_min_child_weight": 0.056994021387149485, "log10_subsample": -0.5695311817075095, "max_depth": 5.0, "num_boost_round": 57.0}, "datetime": {"datetime": "2024-01-19 00:11:59", "elapsed": 0.024135, "delta": 0.000206}}
{"target": -17.690910754388046, "params": {"gamma": 873.4294027918163, "log10_alpha": 0.8112439769255921, "log10_colsample_bytree": -0.13080545978608005, "log10_eta": -1.876577233777604, "log10_lambda": -3.6036300321362558, "log10_min_child_weight": 0.056994021387149485, "log10_subsample": -0.5695311817075095, "max_depth": 5.0, "num_boost_round": 58.0}, "datetime": {"datetime": "2024-01-19 00:11:59", "elapsed": 0.024338, "delta": 0.000203}}
{"target": -17.6917080457965, "params": {"gamma": 873.4294027918163, "log10_alpha": 0.8112439769255921, "log10_colsample_bytree": -0.13080545978608005, "log10_eta": -1.876577233777604, "log10_lambda": -3.6036300321362558, "log10_min_child_weight": 0.056994021387149485, "log10_subsample": -0.5695311817075095, "max_depth": 5.0, "num_boost_round": 59.0}, "datetime": {"datetime": "2024-01-19 00:11:59", "elapsed": 0.02455, "delta": 0.000212}}
{"target": -17.692305869184004, "params": {"gamma": 873.4294027918163, "log10_alpha": 0.8112439769255921, "log10_colsample_bytree": -0.13080545978608005, "log10_eta": -1.876577233777604, "log10_lambda": -3.6036300321362558, "log10_min_child_weight": 0.056994021387149485, "log10_subsample": -0.5695311817075095, "max_depth": 5.0, "num_boost_round": 60.0}, "datetime": {"datetime": "2024-01-19 00:11:59", "elapsed": 0.02477, "delta": 0.00022}}
{"target": -17.693193327760717, "params": {"gamma": 873.4294027918163, "log10_alpha": 0.8112439769255921, "log10_colsample_bytree": -0.13080545978608005, "log10_eta": -1.876577233777604, "log10_lambda": -3.6036300321362558, "log10_min_child_weight": 0.056994021387149485, "log10_subsample": -0.5695311817075095, "max_depth": 5.0, "num_boost_round": 61.0}, "datetime": {"datetime": "2024-01-19 00:11:59", "elapsed": 0.024985, "delta": 0.000215}}
{"target": -17.693976413029688, "params": {"gamma": 873.4294027918163, "log10_alpha": 0.8112439769255921, "log10_colsample_bytree": -0.13080545978608005, "log10_eta": -1.876577233777604, "log10_lambda": -3.6036300321362558, "log10_min_child_weight": 0.056994021387149485, "log10_subsample": -0.5695311817075095, "max_depth": 5.0, "num_boost_round": 62.0}, "datetime": {"datetime": "2024-01-19 00:11:59", "elapsed": 0.025197, "delta": 0.000212}}
{"target": -17.695100704789095, "params": {"gamma": 873.4294027918163, "log10_alpha": 0.8112439769255921, "log10_colsample_bytree": -0.13080545978608005, "log10_eta": -1.876577233777604, "log10_lambda": -3.6036300321362558, "log10_min_child_weight": 0.056994021387149485, "log10_subsample": -0.5695311817075095, "max_depth": 5.0, "num_boost_round": 63.0}, "datetime": {"datetime": "2024-01-19 00:11:59", "elapsed": 0.025411, "delta": 0.000214}}
{"target": -17.69498531958587, "params": {"gamma": 873.4294027918163, "log10_alpha": 0.8112439769255921, "log10_colsample_bytree": -0.13080545978608005, "log10_eta": -1.876577233777604, "log10_lambda": -3.6036300321362558, "log10_min_child_weight": 0.056994021387149485, "log10_subsample": -0.5695311817075095, "max_depth": 5.0, "num_boost_round": 64.0}, "datetime": {"datetime": "2024-01-19 00:11:59", "elapsed": 0.025643, "delta": 0.000232}}
{"target": -17.69554697255622, "params": {"gamma": 873.4294027918163, "log10_alpha": 0.8112439769255921, "log10_colsample_bytree": -0.13080545978608005, "log10_eta": -1.876577233777604, "log10_lambda": -3.6036300321362558, "log10_min_child_weight": 0.056994021387149485, "log10_subsample": -0.5695311817075095, "max_depth": 5.0, "num_boost_round": 65.0}, "datetime": {"datetime": "2024-01-19 00:11:59", "elapsed": 0.025866, "delta": 0.000223}}
{"target": -17.69590598342233, "params": {"gamma": 873.4294027918163, "log10_alpha": 0.8112439769255921, "log10_colsample_bytree": -0.13080545978608005, "log10_eta": -1.876577233777604, "log10_lambda": -3.6036300321362558, "log10_min_child_weight": 0.056994021387149485, "log10_subsample": -0.5695311817075095, "max_depth": 5.0, "num_boost_round": 66.0}, "datetime": {"datetime": "2024-01-19 00:11:59", "elapsed": 0.026081, "delta": 0.000215}}
{"target": -17.69689011022325, "params": {"gamma": 873.4294027918163, "log10_alpha": 0.8112439769255921, "log10_colsample_bytree": -0.13080545978608005, "log10_eta": -1.876577233777604, "log10_lambda": -3.6036300321362558, "log10_min_child_weight": 0.056994021387149485, "log10_subsample": -0.5695311817075095, "max_depth": 5.0, "num_boost_round": 67.0}, "datetime": {"datetime": "2024-01-19 00:11:59", "elapsed": 0.026293, "delta": 0.000212}}
{"target": -17.69719484720068, "params": {"gamma": 873.4294027918163, "log10_alpha": 0.8112439769255921, "log10_colsample_bytree": -0.13080545978608005, "log10_eta": -1.876577233777604, "log10_lambda": -3.6036300321362558, "log10_min_child_weight": 0.056994021387149485, "log10_subsample": -0.5695311817075095, "max_depth": 5.0, "num_boost_round": 68.0}, "datetime": {"datetime": "2024-01-19 00:11:59", "elapsed": 0.026514, "delta": 0.000221}}
{"target": -17.697295342794515, "params": {"gamma": 873.4294027918163, "log10_alpha": 0.8112439769255921, "log10_colsample_bytree": -0.13080545978608005, "log10_eta": -1.876577233777604, "log10_lambda": -3.6036300321362558, "log10_min_child_weight": 0.056994021387149485, "log10_subsample": -0.5695311817075095, "max_depth": 5.0, "num_boost_round": 69.0}, "datetime": {"datetime": "2024-01-19 00:11:59", "elapsed": 0.026734, "delta": 0.00022}}
{"target": -17.69774693197088, "params": {"gamma": 873.4294027918163, "log10_alpha": 0.8112439769255921, "log10_colsample_bytree": -0.13080545978608005, "log10_eta": -1.876577233777604, "log10_lambda": -3.6036300321362558, "log10_min_child_weight": 0.056994021387149485, "log10_subsample": -0.5695311817075095, "max_depth": 5.0, "num_boost_round": 70.0}, "datetime": {"datetime": "2024-01-19 00:11:59", "elapsed": 0.026948, "delta": 0.000214}}
{"target": -17.697783118389626, "params": {"gamma": 873.4294027918163, "log10_alpha": 0.8112439769255921, "log10_colsample_bytree": -0.13080545978608005, "log10_eta": -1.876577233777604, "log10_lambda": -3.6036300321362558, "log10_min_child_weight": 0.056994021387149485, "log10_subsample": -0.5695311817075095, "max_depth": 5.0, "num_boost_round": 71.0}, "datetime": {"datetime": "2024-01-19 00:11:59", "elapsed": 0.027167, "delta": 0.000219}}
{"target": -17.698494238518407, "params": {"gamma": 873.4294027918163, "log10_alpha": 0.8112439769255921, "log10_colsample_bytree": -0.13080545978608005, "log10_eta": -1.876577233777604, "log10_lambda": -3.6036300321362558, "log10_min_child_weight": 0.056994021387149485, "log10_subsample": -0.5695311817075095, "max_depth": 5.0, "num_boost_round": 72.0}, "datetime": {"datetime": "2024-01-19 00:11:59", "elapsed": 0.027386, "delta": 0.000219}}
{"target": -17.698351630285536, "params": {"gamma": 873.4294027918163, "log10_alpha": 0.8112439769255921, "log10_colsample_bytree": -0.13080545978608005, "log10_eta": -1.876577233777604, "log10_lambda": -3.6036300321362558, "log10_min_child_weight": 0.056994021387149485, "log10_subsample": -0.5695311817075095, "max_depth": 5.0, "num_boost_round": 73.0}, "datetime": {"datetime": "2024-01-19 00:11:59", "elapsed": 0.027616, "delta": 0.00023}}
{"target": -17.69912645638622, "params": {"gamma": 873.4294027918163, "log10_alpha": 0.8112439769255921, "log10_colsample_bytree": -0.13080545978608005, "log10_eta": -1.876577233777604, "log10_lambda": -3.6036300321362558, "log10_min_child_weight": 0.056994021387149485, "log10_subsample": -0.5695311817075095, "max_depth": 5.0, "num_boost_round": 74.0}, "datetime": {"datetime": "2024-01-19 00:11:59", "elapsed": 0.027843, "delta": 0.000227}}
{"target": -17.69911077510796, "params": {"gamma": 873.4294027918163, "log10_alpha": 0.8112439769255921, "log10_colsample_bytree": -0.13080545978608005, "log10_eta": -1.876577233777604, "log10_lambda": -3.6036300321362558, "log10_min_child_weight": 0.056994021387149485, "log10_subsample": -0.5695311817075095, "max_depth": 5.0, "num_boost_round": 75.0}, "datetime": {"datetime": "2024-01-19 00:11:59", "elapsed": 0.028065, "delta": 0.000222}}
{"target": -17.698740137239007, "params": {"gamma": 873.4294027918163, "log10_alpha": 0.8112439769255921, "log10_colsample_bytree": -0.13080545978608005, "log10_eta": -1.876577233777604, "log10_lambda": -3.6036300321362558, "log10_min_child_weight": 0.056994021387149485, "log10_subsample": -0.5695311817075095, "max_depth": 5.0, "num_boost_round": 76.0}, "datetime": {"datetime": "2024-01-19 00:11:59", "elapsed": 0.028296, "delta": 0.000231}}
{"target": -17.69882480385398, "params": {"gamma": 873.4294027918163, "log10_alpha": 0.8112439769255921, "log10_colsample_bytree": -0.13080545978608005, "log10_eta": -1.876577233777604, "log10_lambda": -3.6036300321362558, "log10_min_child_weight": 0.056994021387149485, "log10_subsample": -0.5695311817075095, "max_depth": 5.0, "num_boost_round": 77.0}, "datetime": {"datetime": "2024-01-19 00:11:59", "elapsed": 0.028547, "delta": 0.000251}}
{"target": -17.699570732955213, "params": {"gamma": 873.4294027918163, "log10_alpha": 0.8112439769255921, "log10_colsample_bytree": -0.13080545978608005, "log10_eta": -1.876577233777604, "log10_lambda": -3.6036300321362558, "log10_min_child_weight": 0.056994021387149485, "log10_subsample": -0.5695311817075095, "max_depth": 5.0, "num_boost_round": 78.0}, "datetime": {"datetime": "2024-01-19 00:11:59", "elapsed": 0.02879, "delta": 0.000243}}
{"target": -17.699797367053414, "params": {"gamma": 873.4294027918163, "log10_alpha": 0.8112439769255921, "log10_colsample_bytree": -0.13080545978608005, "log10_eta": -1.876577233777604, "log10_lambda": -3.6036300321362558, "log10_min_child_weight": 0.056994021387149485, "log10_subsample": -0.5695311817075095, "max_depth": 5.0, "num_boost_round": 79.0}, "datetime": {"datetime": "2024-01-19 00:11:59", "elapsed": 0.029028, "delta": 0.000238}}
{"target": -17.70089436882714, "params": {"gamma": 873.4294027918163, "log10_alpha": 0.8112439769255921, "log10_colsample_bytree": -0.13080545978608005, "log10_eta": -1.876577233777604, "log10_lambda": -3.6036300321362558, "log10_min_child_weight": 0.056994021387149485, "log10_subsample": -0.5695311817075095, "max_depth": 5.0, "num_boost_round": 80.0}, "datetime": {"datetime": "2024-01-19 00:11:59", "elapsed": 0.029263, "delta": 0.000235}}
{"target": -17.70158079900023, "params": {"gamma": 873.4294027918163, "log10_alpha": 0.8112439769255921, "log10_colsample_bytree": -0.13080545978608005, "log10_eta": -1.876577233777604, "log10_lambda": -3.6036300321362558, "log10_min_child_weight": 0.056994021387149485, "log10_subsample": -0.5695311817075095, "max_depth": 5.0, "num_boost_round": 81.0}, "datetime": {"datetime": "2024-01-19 00:11:59", "elapsed": 0.029513, "delta": 0.00025}}
{"target": -17.70256112408182, "params": {"gamma": 873.4294027918163, "log10_alpha": 0.8112439769255921, "log10_colsample_bytree": -0.13080545978608005, "log10_eta": -1.876577233777604, "log10_lambda": -3.6036300321362558, "log10_min_child_weight": 0.056994021387149485, "log10_subsample": -0.5695311817075095, "max_depth": 5.0, "num_boost_round": 82.0}, "datetime": {"datetime": "2024-01-19 00:11:59", "elapsed": 0.029756, "delta": 0.000243}}
{"target": -17.703111431092736, "params": {"gamma": 873.4294027918163, "log10_alpha": 0.8112439769255921, "log10_colsample_bytree": -0.13080545978608005, "log10_eta": -1.876577233777604, "log10_lambda": -3.6036300321362558, "log10_min_child_weight": 0.056994021387149485, "log10_subsample": -0.5695311817075095, "max_depth": 5.0, "num_boost_round": 83.0}, "datetime": {"datetime": "2024-01-19 00:11:59", "elapsed": 0.029995, "delta": 0.000239}}
{"target": -17.704911082089207, "params": {"gamma": 873.4294027918163, "log10_alpha": 0.8112439769255921, "log10_colsample_bytree": -0.13080545978608005, "log10_eta": -1.876577233777604, "log10_lambda": -3.6036300321362558, "log10_min_child_weight": 0.056994021387149485, "log10_subsample": -0.5695311817075095, "max_depth": 5.0, "num_boost_round": 84.0}, "datetime": {"datetime": "2024-01-19 00:11:59", "elapsed": 0.030237, "delta": 0.000242}}
{"target": -17.70507522312727, "params": {"gamma": 873.4294027918163, "log10_alpha": 0.8112439769255921, "log10_colsample_bytree": -0.13080545978608005, "log10_eta": -1.876577233777604, "log10_lambda": -3.6036300321362558, "log10_min_child_weight": 0.056994021387149485, "log10_subsample": -0.5695311817075095, "max_depth": 5.0, "num_boost_round": 85.0}, "datetime": {"datetime": "2024-01-19 00:11:59", "elapsed": 0.030478, "delta": 0.000241}}
{"target": -17.70581905138192, "params": {"gamma": 873.4294027918163, "log10_alpha": 0.8112439769255921, "log10_colsample_bytree": -0.13080545978608005, "log10_eta": -1.876577233777604, "log10_lambda": -3.6036300321362558, "log10_min_child_weight": 0.056994021387149485, "log10_subsample": -0.5695311817075095, "max_depth": 5.0, "num_boost_round": 86.0}, "datetime": {"datetime": "2024-01-19 00:11:59", "elapsed": 0.030734, "delta": 0.000256}}
{"target": -17.70560932151461, "params": {"gamma": 873.4294027918163, "log10_alpha": 0.8112439769255921, "log10_colsample_bytree": -0.13080545978608005, "log10_eta": -1.876577233777604, "log10_lambda": -3.6036300321362558, "log10_min_child_weight": 0.056994021387149485, "log10_subsample": -0.5695311817075095, "max_depth": 5.0, "num_boost_round": 87.0}, "datetime": {"datetime": "2024-01-19 00:11:59", "elapsed": 0.030985, "delta": 0.000251}}
{"target": -17.705662619534607, "params": {"gamma": 873.4294027918163, "log10_alpha": 0.8112439769255921, "log10_colsample_bytree": -0.13080545978608005, "log10_eta": -1.876577233777604, "log10_lambda": -3.6036300321362558, "log10_min_child_weight": 0.056994021387149485, "log10_subsample": -0.5695311817075095, "max_depth": 5.0, "num_boost_round": 88.0}, "datetime": {"datetime": "2024-01-19 00:11:59", "elapsed": 0.031335, "delta": 0.00035}}
{"target": -17.706389327688388, "params": {"gamma": 873.4294027918163, "log10_alpha": 0.8112439769255921, "log10_colsample_bytree": -0.13080545978608005, "log10_eta": -1.876577233777604, "log10_lambda": -3.6036300321362558, "log10_min_child_weight": 0.056994021387149485, "log10_subsample": -0.5695311817075095, "max_depth": 5.0, "num_boost_round": 89.0}, "datetime": {"datetime": "2024-01-19 00:11:59", "elapsed": 0.031592, "delta": 0.000257}}
{"target": -17.706209405202518, "params": {"gamma": 873.4294027918163, "log10_alpha": 0.8112439769255921, "log10_colsample_bytree": -0.13080545978608005, "log10_eta": -1.876577233777604, "log10_lambda": -3.6036300321362558, "log10_min_child_weight": 0.056994021387149485, "log10_subsample": -0.5695311817075095, "max_depth": 5.0, "num_boost_round": 90.0}, "datetime": {"datetime": "2024-01-19 00:11:59", "elapsed": 0.031844, "delta": 0.000252}}
{"target": -17.70674895164795, "params": {"gamma": 873.4294027918163, "log10_alpha": 0.8112439769255921, "log10_colsample_bytree": -0.13080545978608005, "log10_eta": -1.876577233777604, "log10_lambda": -3.6036300321362558, "log10_min_child_weight": 0.056994021387149485, "log10_subsample": -0.5695311817075095, "max_depth": 5.0, "num_boost_round": 91.0}, "datetime": {"datetime": "2024-01-19 00:11:59", "elapsed": 0.032095, "delta": 0.000251}}
{"target": -17.708559445133577, "params": {"gamma": 873.4294027918163, "log10_alpha": 0.8112439769255921, "log10_colsample_bytree": -0.13080545978608005, "log10_eta": -1.876577233777604, "log10_lambda": -3.6036300321362558, "log10_min_child_weight": 0.056994021387149485, "log10_subsample": -0.5695311817075095, "max_depth": 5.0, "num_boost_round": 92.0}, "datetime": {"datetime": "2024-01-19 00:11:59", "elapsed": 0.032354, "delta": 0.000259}}
{"target": -17.70965340871246, "params": {"gamma": 873.4294027918163, "log10_alpha": 0.8112439769255921, "log10_colsample_bytree": -0.13080545978608005, "log10_eta": -1.876577233777604, "log10_lambda": -3.6036300321362558, "log10_min_child_weight": 0.056994021387149485, "log10_subsample": -0.5695311817075095, "max_depth": 5.0, "num_boost_round": 93.0}, "datetime": {"datetime": "2024-01-19 00:11:59", "elapsed": 0.032618, "delta": 0.000264}}
{"target": -17.710433740284042, "params": {"gamma": 873.4294027918163, "log10_alpha": 0.8112439769255921, "log10_colsample_bytree": -0.13080545978608005, "log10_eta": -1.876577233777604, "log10_lambda": -3.6036300321362558, "log10_min_child_weight": 0.056994021387149485, "log10_subsample": -0.5695311817075095, "max_depth": 5.0, "num_boost_round": 94.0}, "datetime": {"datetime": "2024-01-19 00:11:59", "elapsed": 0.032873, "delta": 0.000255}}
{"target": -17.710603971421804, "params": {"gamma": 873.4294027918163, "log10_alpha": 0.8112439769255921, "log10_colsample_bytree": -0.13080545978608005, "log10_eta": -1.876577233777604, "log10_lambda": -3.6036300321362558, "log10_min_child_weight": 0.056994021387149485, "log10_subsample": -0.5695311817075095, "max_depth": 5.0, "num_boost_round": 95.0}, "datetime": {"datetime": "2024-01-19 00:11:59", "elapsed": 0.033128, "delta": 0.000255}}
{"target": -17.71084541308623, "params": {"gamma": 873.4294027918163, "log10_alpha": 0.8112439769255921, "log10_colsample_bytree": -0.13080545978608005, "log10_eta": -1.876577233777604, "log10_lambda": -3.6036300321362558, "log10_min_child_weight": 0.056994021387149485, "log10_subsample": -0.5695311817075095, "max_depth": 5.0, "num_boost_round": 96.0}, "datetime": {"datetime": "2024-01-19 00:11:59", "elapsed": 0.033382, "delta": 0.000254}}
{"target": -17.71146983517461, "params": {"gamma": 873.4294027918163, "log10_alpha": 0.8112439769255921, "log10_colsample_bytree": -0.13080545978608005, "log10_eta": -1.876577233777604, "log10_lambda": -3.6036300321362558, "log10_min_child_weight": 0.056994021387149485, "log10_subsample": -0.5695311817075095, "max_depth": 5.0, "num_boost_round": 97.0}, "datetime": {"datetime": "2024-01-19 00:11:59", "elapsed": 0.033658, "delta": 0.000276}}
