{"target": -17.676560088133236, "params": {"gamma": 46.01202123644654, "log10_alpha": 0.966291177831101, "log10_colsample_bytree": -0.11534455747719485, "log10_eta": -2.508389345806617, "log10_lambda": -0.16930550753507578, "log10_min_child_weight": 2.944399853921629, "log10_subsample": -0.9044542160583098, "max_depth": 7.0, "num_boost_round": 7.0}, "datetime": {"datetime": "2024-01-19 01:16:57", "elapsed": 3971.219278, "delta": 0.003507}}
{"target": -17.676419985646245, "params": {"gamma": 46.01202123644654, "log10_alpha": 0.966291177831101, "log10_colsample_bytree": -0.11534455747719485, "log10_eta": -2.508389345806617, "log10_lambda": -0.16930550753507578, "log10_min_child_weight": 2.944399853921629, "log10_subsample": -0.9044542160583098, "max_depth": 7.0, "num_boost_round": 8.0}, "datetime": {"datetime": "2024-01-19 01:16:57", "elapsed": 3971.222688, "delta": 0.00341}}
{"target": -17.676271482889568, "params": {"gamma": 46.01202123644654, "log10_alpha": 0.966291177831101, "log10_colsample_bytree": -0.11534455747719485, "log10_eta": -2.508389345806617, "log10_lambda": -0.16930550753507578, "log10_min_child_weight": 2.944399853921629, "log10_subsample": -0.9044542160583098, "max_depth": 7.0, "num_boost_round": 9.0}, "datetime": {"datetime": "2024-01-19 01:16:57", "elapsed": 3971.226247, "delta": 0.003559}}
{"target": -17.67618385054842, "params": {"gamma": 46.01202123644654, "log10_alpha": 0.966291177831101, "log10_colsample_bytree": -0.11534455747719485, "log10_eta": -2.508389345806617, "log10_lambda": -0.16930550753507578, "log10_min_child_weight": 2.944399853921629, "log10_subsample": -0.9044542160583098, "max_depth": 7.0, "num_boost_round": 10.0}, "datetime": {"datetime": "2024-01-19 01:16:57", "elapsed": 3971.229617, "delta": 0.00337}}
{"target": -17.676134149067227, "params": {"gamma": 46.01202123644654, "log10_alpha": 0.966291177831101, "log10_colsample_bytree": -0.11534455747719485, "log10_eta": -2.508389345806617, "log10_lambda": -0.16930550753507578, "log10_min_child_weight": 2.944399853921629, "log10_subsample": -0.9044542160583098, "max_depth": 7.0, "num_boost_round": 11.0}, "datetime": {"datetime": "2024-01-19 01:16:57", "elapsed": 3971.233311, "delta": 0.003694}}
{"target": -17.676163119209267, "params": {"gamma": 46.01202123644654, "log10_alpha": 0.966291177831101, "log10_colsample_bytree": -0.11534455747719485, "log10_eta": -2.508389345806617, "log10_lambda": -0.16930550753507578, "log10_min_child_weight": 2.944399853921629, "log10_subsample": -0.9044542160583098, "max_depth": 7.0, "num_boost_round": 12.0}, "datetime": {"datetime": "2024-01-19 01:16:57", "elapsed": 3971.236799, "delta": 0.003488}}
{"target": -17.67613571826653, "params": {"gamma": 46.01202123644654, "log10_alpha": 0.966291177831101, "log10_colsample_bytree": -0.11534455747719485, "log10_eta": -2.508389345806617, "log10_lambda": -0.16930550753507578, "log10_min_child_weight": 2.944399853921629, "log10_subsample": -0.9044542160583098, "max_depth": 7.0, "num_boost_round": 13.0}, "datetime": {"datetime": "2024-01-19 01:16:57", "elapsed": 3971.240352, "delta": 0.003553}}
{"target": -17.67612375411841, "params": {"gamma": 46.01202123644654, "log10_alpha": 0.966291177831101, "log10_colsample_bytree": -0.11534455747719485, "log10_eta": -2.508389345806617, "log10_lambda": -0.16930550753507578, "log10_min_child_weight": 2.944399853921629, "log10_subsample": -0.9044542160583098, "max_depth": 7.0, "num_boost_round": 14.0}, "datetime": {"datetime": "2024-01-19 01:16:57", "elapsed": 3971.2438, "delta": 0.003448}}
{"target": -17.676200617365687, "params": {"gamma": 46.01202123644654, "log10_alpha": 0.966291177831101, "log10_colsample_bytree": -0.11534455747719485, "log10_eta": -2.508389345806617, "log10_lambda": -0.16930550753507578, "log10_min_child_weight": 2.944399853921629, "log10_subsample": -0.9044542160583098, "max_depth": 7.0, "num_boost_round": 15.0}, "datetime": {"datetime": "2024-01-19 01:16:57", "elapsed": 3971.251262, "delta": 0.007462}}
{"target": -17.677118666720098, "params": {"gamma": 54.75432537321468, "log10_alpha": -0.9386900177160271, "log10_colsample_bytree": -0.672606299904964, "log10_eta": -2.7183354087626372, "log10_lambda": -0.9886762263170361, "log10_min_child_weight": 1.1744121787639799, "log10_subsample": -0.5220341366723695, "max_depth": 4.0, "num_boost_round": 0.0}, "datetime": {"datetime": "2024-01-19 01:18:18", "elapsed": 4052.647259, "delta": 81.395997}}
{"target": -17.67700341988734, "params": {"gamma": 54.75432537321468, "log10_alpha": -0.9386900177160271, "log10_colsample_bytree": -0.672606299904964, "log10_eta": -2.7183354087626372, "log10_lambda": -0.9886762263170361, "log10_min_child_weight": 1.1744121787639799, "log10_subsample": -0.5220341366723695, "max_depth": 4.0, "num_boost_round": 1.0}, "datetime": {"datetime": "2024-01-19 01:18:18", "elapsed": 4052.651517, "delta": 0.004258}}
{"target": -17.676870023822936, "params": {"gamma": 54.75432537321468, "log10_alpha": -0.9386900177160271, "log10_colsample_bytree": -0.672606299904964, "log10_eta": -2.7183354087626372, "log10_lambda": -0.9886762263170361, "log10_min_child_weight": 1.1744121787639799, "log10_subsample": -0.5220341366723695, "max_depth": 4.0, "num_boost_round": 2.0}, "datetime": {"datetime": "2024-01-19 01:18:18", "elapsed": 4052.65522, "delta": 0.003703}}
{"target": -17.676883968433557, "params": {"gamma": 54.75432537321468, "log10_alpha": -0.9386900177160271, "log10_colsample_bytree": -0.672606299904964, "log10_eta": -2.7183354087626372, "log10_lambda": -0.9886762263170361, "log10_min_child_weight": 1.1744121787639799, "log10_subsample": -0.5220341366723695, "max_depth": 4.0, "num_boost_round": 3.0}, "datetime": {"datetime": "2024-01-19 01:18:18", "elapsed": 4052.659009, "delta": 0.003789}}
{"target": -17.67685617979274, "params": {"gamma": 54.75432537321468, "log10_alpha": -0.9386900177160271, "log10_colsample_bytree": -0.672606299904964, "log10_eta": -2.7183354087626372, "log10_lambda": -0.9886762263170361, "log10_min_child_weight": 1.1744121787639799, "log10_subsample": -0.5220341366723695, "max_depth": 4.0, "num_boost_round": 4.0}, "datetime": {"datetime": "2024-01-19 01:18:18", "elapsed": 4052.662606, "delta": 0.003597}}
{"target": -17.67677592463419, "params": {"gamma": 54.75432537321468, "log10_alpha": -0.9386900177160271, "log10_colsample_bytree": -0.672606299904964, "log10_eta": -2.7183354087626372, "log10_lambda": -0.9886762263170361, "log10_min_child_weight": 1.1744121787639799, "log10_subsample": -0.5220341366723695, "max_depth": 4.0, "num_boost_round": 5.0}, "datetime": {"datetime": "2024-01-19 01:18:18", "elapsed": 4052.666093, "delta": 0.003487}}
{"target": -17.676703627382917, "params": {"gamma": 54.75432537321468, "log10_alpha": -0.9386900177160271, "log10_colsample_bytree": -0.672606299904964, "log10_eta": -2.7183354087626372, "log10_lambda": -0.9886762263170361, "log10_min_child_weight": 1.1744121787639799, "log10_subsample": -0.5220341366723695, "max_depth": 4.0, "num_boost_round": 6.0}, "datetime": {"datetime": "2024-01-19 01:18:18", "elapsed": 4052.669683, "delta": 0.00359}}
{"target": -17.676637730060907, "params": {"gamma": 54.75432537321468, "log10_alpha": -0.9386900177160271, "log10_colsample_bytree": -0.672606299904964, "log10_eta": -2.7183354087626372, "log10_lambda": -0.9886762263170361, "log10_min_child_weight": 1.1744121787639799, "log10_subsample": -0.5220341366723695, "max_depth": 4.0, "num_boost_round": 7.0}, "datetime": {"datetime": "2024-01-19 01:18:18", "elapsed": 4052.673249, "delta": 0.003566}}
{"target": -17.676595672943918, "params": {"gamma": 54.75432537321468, "log10_alpha": -0.9386900177160271, "log10_colsample_bytree": -0.672606299904964, "log10_eta": -2.7183354087626372, "log10_lambda": -0.9886762263170361, "log10_min_child_weight": 1.1744121787639799, "log10_subsample": -0.5220341366723695, "max_depth": 4.0, "num_boost_round": 8.0}, "datetime": {"datetime": "2024-01-19 01:18:18", "elapsed": 4052.676937, "delta": 0.003688}}
{"target": -17.676505557131602, "params": {"gamma": 54.75432537321468, "log10_alpha": -0.9386900177160271, "log10_colsample_bytree": -0.672606299904964, "log10_eta": -2.7183354087626372, "log10_lambda": -0.9886762263170361, "log10_min_child_weight": 1.1744121787639799, "log10_subsample": -0.5220341366723695, "max_depth": 4.0, "num_boost_round": 9.0}, "datetime": {"datetime": "2024-01-19 01:18:18", "elapsed": 4052.680473, "delta": 0.003536}}
{"target": -17.67647666255332, "params": {"gamma": 54.75432537321468, "log10_alpha": -0.9386900177160271, "log10_colsample_bytree": -0.672606299904964, "log10_eta": -2.7183354087626372, "log10_lambda": -0.9886762263170361, "log10_min_child_weight": 1.1744121787639799, "log10_subsample": -0.5220341366723695, "max_depth": 4.0, "num_boost_round": 10.0}, "datetime": {"datetime": "2024-01-19 01:18:18", "elapsed": 4052.684075, "delta": 0.003602}}
{"target": -17.676389552841076, "params": {"gamma": 54.75432537321468, "log10_alpha": -0.9386900177160271, "log10_colsample_bytree": -0.672606299904964, "log10_eta": -2.7183354087626372, "log10_lambda": -0.9886762263170361, "log10_min_child_weight": 1.1744121787639799, "log10_subsample": -0.5220341366723695, "max_depth": 4.0, "num_boost_round": 11.0}, "datetime": {"datetime": "2024-01-19 01:18:19", "elapsed": 4052.687602, "delta": 0.003527}}
{"target": -17.67628334946195, "params": {"gamma": 54.75432537321468, "log10_alpha": -0.9386900177160271, "log10_colsample_bytree": -0.672606299904964, "log10_eta": -2.7183354087626372, "log10_lambda": -0.9886762263170361, "log10_min_child_weight": 1.1744121787639799, "log10_subsample": -0.5220341366723695, "max_depth": 4.0, "num_boost_round": 12.0}, "datetime": {"datetime": "2024-01-19 01:18:19", "elapsed": 4052.691129, "delta": 0.003527}}
{"target": -17.676234541726245, "params": {"gamma": 54.75432537321468, "log10_alpha": -0.9386900177160271, "log10_colsample_bytree": -0.672606299904964, "log10_eta": -2.7183354087626372, "log10_lambda": -0.9886762263170361, "log10_min_child_weight": 1.1744121787639799, "log10_subsample": -0.5220341366723695, "max_depth": 4.0, "num_boost_round": 13.0}, "datetime": {"datetime": "2024-01-19 01:18:19", "elapsed": 4052.694805, "delta": 0.003676}}
{"target": -17.67624720611263, "params": {"gamma": 54.75432537321468, "log10_alpha": -0.9386900177160271, "log10_colsample_bytree": -0.672606299904964, "log10_eta": -2.7183354087626372, "log10_lambda": -0.9886762263170361, "log10_min_child_weight": 1.1744121787639799, "log10_subsample": -0.5220341366723695, "max_depth": 4.0, "num_boost_round": 14.0}, "datetime": {"datetime": "2024-01-19 01:18:19", "elapsed": 4052.698355, "delta": 0.00355}}
{"target": -17.67624517846873, "params": {"gamma": 54.75432537321468, "log10_alpha": -0.9386900177160271, "log10_colsample_bytree": -0.672606299904964, "log10_eta": -2.7183354087626372, "log10_lambda": -0.9886762263170361, "log10_min_child_weight": 1.1744121787639799, "log10_subsample": -0.5220341366723695, "max_depth": 4.0, "num_boost_round": 15.0}, "datetime": {"datetime": "2024-01-19 01:18:19", "elapsed": 4052.702027, "delta": 0.003672}}
{"target": -17.676231367954344, "params": {"gamma": 54.75432537321468, "log10_alpha": -0.9386900177160271, "log10_colsample_bytree": -0.672606299904964, "log10_eta": -2.7183354087626372, "log10_lambda": -0.9886762263170361, "log10_min_child_weight": 1.1744121787639799, "log10_subsample": -0.5220341366723695, "max_depth": 4.0, "num_boost_round": 16.0}, "datetime": {"datetime": "2024-01-19 01:18:19", "elapsed": 4052.705629, "delta": 0.003602}}
{"target": -17.67619519537089, "params": {"gamma": 54.75432537321468, "log10_alpha": -0.9386900177160271, "log10_colsample_bytree": -0.672606299904964, "log10_eta": -2.7183354087626372, "log10_lambda": -0.9886762263170361, "log10_min_child_weight": 1.1744121787639799, "log10_subsample": -0.5220341366723695, "max_depth": 4.0, "num_boost_round": 17.0}, "datetime": {"datetime": "2024-01-19 01:18:19", "elapsed": 4052.709187, "delta": 0.003558}}
{"target": -17.67615951245671, "params": {"gamma": 54.75432537321468, "log10_alpha": -0.9386900177160271, "log10_colsample_bytree": -0.672606299904964, "log10_eta": -2.7183354087626372, "log10_lambda": -0.9886762263170361, "log10_min_child_weight": 1.1744121787639799, "log10_subsample": -0.5220341366723695, "max_depth": 4.0, "num_boost_round": 18.0}, "datetime": {"datetime": "2024-01-19 01:18:19", "elapsed": 4052.712772, "delta": 0.003585}}
{"target": -17.676181692217636, "params": {"gamma": 54.75432537321468, "log10_alpha": -0.9386900177160271, "log10_colsample_bytree": -0.672606299904964, "log10_eta": -2.7183354087626372, "log10_lambda": -0.9886762263170361, "log10_min_child_weight": 1.1744121787639799, "log10_subsample": -0.5220341366723695, "max_depth": 4.0, "num_boost_round": 19.0}, "datetime": {"datetime": "2024-01-19 01:18:19", "elapsed": 4052.716389, "delta": 0.003617}}
{"target": -17.676119614866764, "params": {"gamma": 54.75432537321468, "log10_alpha": -0.9386900177160271, "log10_colsample_bytree": -0.672606299904964, "log10_eta": -2.7183354087626372, "log10_lambda": -0.9886762263170361, "log10_min_child_weight": 1.1744121787639799, "log10_subsample": -0.5220341366723695, "max_depth": 4.0, "num_boost_round": 20.0}, "datetime": {"datetime": "2024-01-19 01:18:19", "elapsed": 4052.720175, "delta": 0.003786}}
{"target": -17.67602998767029, "params": {"gamma": 54.75432537321468, "log10_alpha": -0.9386900177160271, "log10_colsample_bytree": -0.672606299904964, "log10_eta": -2.7183354087626372, "log10_lambda": -0.9886762263170361, "log10_min_child_weight": 1.1744121787639799, "log10_subsample": -0.5220341366723695, "max_depth": 4.0, "num_boost_round": 21.0}, "datetime": {"datetime": "2024-01-19 01:18:19", "elapsed": 4052.723813, "delta": 0.003638}}
{"target": -17.675917523507508, "params": {"gamma": 54.75432537321468, "log10_alpha": -0.9386900177160271, "log10_colsample_bytree": -0.672606299904964, "log10_eta": -2.7183354087626372, "log10_lambda": -0.9886762263170361, "log10_min_child_weight": 1.1744121787639799, "log10_subsample": -0.5220341366723695, "max_depth": 4.0, "num_boost_round": 22.0}, "datetime": {"datetime": "2024-01-19 01:18:19", "elapsed": 4052.72745, "delta": 0.003637}}
{"target": -17.675720532251685, "params": {"gamma": 54.75432537321468, "log10_alpha": -0.9386900177160271, "log10_colsample_bytree": -0.672606299904964, "log10_eta": -2.7183354087626372, "log10_lambda": -0.9886762263170361, "log10_min_child_weight": 1.1744121787639799, "log10_subsample": -0.5220341366723695, "max_depth": 4.0, "num_boost_round": 23.0}, "datetime": {"datetime": "2024-01-19 01:18:19", "elapsed": 4052.730986, "delta": 0.003536}}
{"target": -17.675675398700793, "params": {"gamma": 54.75432537321468, "log10_alpha": -0.9386900177160271, "log10_colsample_bytree": -0.672606299904964, "log10_eta": -2.7183354087626372, "log10_lambda": -0.9886762263170361, "log10_min_child_weight": 1.1744121787639799, "log10_subsample": -0.5220341366723695, "max_depth": 4.0, "num_boost_round": 24.0}, "datetime": {"datetime": "2024-01-19 01:18:19", "elapsed": 4052.734641, "delta": 0.003655}}
{"target": -17.675638499910793, "params": {"gamma": 54.75432537321468, "log10_alpha": -0.9386900177160271, "log10_colsample_bytree": -0.672606299904964, "log10_eta": -2.7183354087626372, "log10_lambda": -0.9886762263170361, "log10_min_child_weight": 1.1744121787639799, "log10_subsample": -0.5220341366723695, "max_depth": 4.0, "num_boost_round": 25.0}, "datetime": {"datetime": "2024-01-19 01:18:19", "elapsed": 4052.738217, "delta": 0.003576}}
{"target": -17.67560366984454, "params": {"gamma": 54.75432537321468, "log10_alpha": -0.9386900177160271, "log10_colsample_bytree": -0.672606299904964, "log10_eta": -2.7183354087626372, "log10_lambda": -0.9886762263170361, "log10_min_child_weight": 1.1744121787639799, "log10_subsample": -0.5220341366723695, "max_depth": 4.0, "num_boost_round": 26.0}, "datetime": {"datetime": "2024-01-19 01:18:19", "elapsed": 4052.74176, "delta": 0.003543}}
{"target": -17.675514308521567, "params": {"gamma": 54.75432537321468, "log10_alpha": -0.9386900177160271, "log10_colsample_bytree": -0.672606299904964, "log10_eta": -2.7183354087626372, "log10_lambda": -0.9886762263170361, "log10_min_child_weight": 1.1744121787639799, "log10_subsample": -0.5220341366723695, "max_depth": 4.0, "num_boost_round": 27.0}, "datetime": {"datetime": "2024-01-19 01:18:19", "elapsed": 4052.745509, "delta": 0.003749}}
{"target": -17.67543888368677, "params": {"gamma": 54.75432537321468, "log10_alpha": -0.9386900177160271, "log10_colsample_bytree": -0.672606299904964, "log10_eta": -2.7183354087626372, "log10_lambda": -0.9886762263170361, "log10_min_child_weight": 1.1744121787639799, "log10_subsample": -0.5220341366723695, "max_depth": 4.0, "num_boost_round": 28.0}, "datetime": {"datetime": "2024-01-19 01:18:19", "elapsed": 4052.749094, "delta": 0.003585}}
{"target": -17.675334920771665, "params": {"gamma": 54.75432537321468, "log10_alpha": -0.9386900177160271, "log10_colsample_bytree": -0.672606299904964, "log10_eta": -2.7183354087626372, "log10_lambda": -0.9886762263170361, "log10_min_child_weight": 1.1744121787639799, "log10_subsample": -0.5220341366723695, "max_depth": 4.0, "num_boost_round": 29.0}, "datetime": {"datetime": "2024-01-19 01:18:19", "elapsed": 4052.752828, "delta": 0.003734}}
{"target": -17.675243414325237, "params": {"gamma": 54.75432537321468, "log10_alpha": -0.9386900177160271, "log10_colsample_bytree": -0.672606299904964, "log10_eta": -2.7183354087626372, "log10_lambda": -0.9886762263170361, "log10_min_child_weight": 1.1744121787639799, "log10_subsample": -0.5220341366723695, "max_depth": 4.0, "num_boost_round": 30.0}, "datetime": {"datetime": "2024-01-19 01:18:19", "elapsed": 4052.757145, "delta": 0.004317}}
{"target": -17.67520636808993, "params": {"gamma": 54.75432537321468, "log10_alpha": -0.9386900177160271, "log10_colsample_bytree": -0.672606299904964, "log10_eta": -2.7183354087626372, "log10_lambda": -0.9886762263170361, "log10_min_child_weight": 1.1744121787639799, "log10_subsample": -0.5220341366723695, "max_depth": 4.0, "num_boost_round": 31.0}, "datetime": {"datetime": "2024-01-19 01:18:19", "elapsed": 4052.760787, "delta": 0.003642}}
{"target": -17.675144966078708, "params": {"gamma": 54.75432537321468, "log10_alpha": -0.9386900177160271, "log10_colsample_bytree": -0.672606299904964, "log10_eta": -2.7183354087626372, "log10_lambda": -0.9886762263170361, "log10_min_child_weight": 1.1744121787639799, "log10_subsample": -0.5220341366723695, "max_depth": 4.0, "num_boost_round": 32.0}, "datetime": {"datetime": "2024-01-19 01:18:19", "elapsed": 4052.765132, "delta": 0.004345}}
{"target": -17.67506794432608, "params": {"gamma": 54.75432537321468, "log10_alpha": -0.9386900177160271, "log10_colsample_bytree": -0.672606299904964, "log10_eta": -2.7183354087626372, "log10_lambda": -0.9886762263170361, "log10_min_child_weight": 1.1744121787639799, "log10_subsample": -0.5220341366723695, "max_depth": 4.0, "num_boost_round": 33.0}, "datetime": {"datetime": "2024-01-19 01:18:19", "elapsed": 4052.769304, "delta": 0.004172}}
{"target": -17.674981857345166, "params": {"gamma": 54.75432537321468, "log10_alpha": -0.9386900177160271, "log10_colsample_bytree": -0.672606299904964, "log10_eta": -2.7183354087626372, "log10_lambda": -0.9886762263170361, "log10_min_child_weight": 1.1744121787639799, "log10_subsample": -0.5220341366723695, "max_depth": 4.0, "num_boost_round": 34.0}, "datetime": {"datetime": "2024-01-19 01:18:19", "elapsed": 4052.773365, "delta": 0.004061}}
{"target": -17.674944342784816, "params": {"gamma": 54.75432537321468, "log10_alpha": -0.9386900177160271, "log10_colsample_bytree": -0.672606299904964, "log10_eta": -2.7183354087626372, "log10_lambda": -0.9886762263170361, "log10_min_child_weight": 1.1744121787639799, "log10_subsample": -0.5220341366723695, "max_depth": 4.0, "num_boost_round": 35.0}, "datetime": {"datetime": "2024-01-19 01:18:19", "elapsed": 4052.777176, "delta": 0.003811}}
{"target": -17.674929742976662, "params": {"gamma": 54.75432537321468, "log10_alpha": -0.9386900177160271, "log10_colsample_bytree": -0.672606299904964, "log10_eta": -2.7183354087626372, "log10_lambda": -0.9886762263170361, "log10_min_child_weight": 1.1744121787639799, "log10_subsample": -0.5220341366723695, "max_depth": 4.0, "num_boost_round": 36.0}, "datetime": {"datetime": "2024-01-19 01:18:19", "elapsed": 4052.780994, "delta": 0.003818}}
{"target": -17.674901313591672, "params": {"gamma": 54.75432537321468, "log10_alpha": -0.9386900177160271, "log10_colsample_bytree": -0.672606299904964, "log10_eta": -2.7183354087626372, "log10_lambda": -0.9886762263170361, "log10_min_child_weight": 1.1744121787639799, "log10_subsample": -0.5220341366723695, "max_depth": 4.0, "num_boost_round": 37.0}, "datetime": {"datetime": "2024-01-19 01:18:19", "elapsed": 4052.784815, "delta": 0.003821}}
{"target": -17.674834473320704, "params": {"gamma": 54.75432537321468, "log10_alpha": -0.9386900177160271, "log10_colsample_bytree": -0.672606299904964, "log10_eta": -2.7183354087626372, "log10_lambda": -0.9886762263170361, "log10_min_child_weight": 1.1744121787639799, "log10_subsample": -0.5220341366723695, "max_depth": 4.0, "num_boost_round": 38.0}, "datetime": {"datetime": "2024-01-19 01:18:19", "elapsed": 4052.788553, "delta": 0.003738}}
{"target": -17.674830714412742, "params": {"gamma": 54.75432537321468, "log10_alpha": -0.9386900177160271, "log10_colsample_bytree": -0.672606299904964, "log10_eta": -2.7183354087626372, "log10_lambda": -0.9886762263170361, "log10_min_child_weight": 1.1744121787639799, "log10_subsample": -0.5220341366723695, "max_depth": 4.0, "num_boost_round": 39.0}, "datetime": {"datetime": "2024-01-19 01:18:19", "elapsed": 4052.792157, "delta": 0.003604}}
