{"target": -13.822967989347942, "params": {"gamma": 947.5388624444765, "log10_alpha": -1.7345113941864492, "log10_colsample_bytree": -0.42335847766415435, "log10_eta": -1.229550580156002, "log10_lambda": 0.9260849150041421, "log10_min_child_weight": 3.306982247202642, "log10_subsample": -0.27967332024110425, "max_depth": 8.0, "num_boost_round": 42.0}, "datetime": {"datetime": "2024-01-19 01:02:49", "elapsed": 3070.434429, "delta": 0.004064}}
{"target": -13.825067078281226, "params": {"gamma": 947.5388624444765, "log10_alpha": -1.7345113941864492, "log10_colsample_bytree": -0.42335847766415435, "log10_eta": -1.229550580156002, "log10_lambda": 0.9260849150041421, "log10_min_child_weight": 3.306982247202642, "log10_subsample": -0.27967332024110425, "max_depth": 8.0, "num_boost_round": 43.0}, "datetime": {"datetime": "2024-01-19 01:02:49", "elapsed": 3070.438391, "delta": 0.003962}}
{"target": -13.829079424528194, "params": {"gamma": 947.5388624444765, "log10_alpha": -1.7345113941864492, "log10_colsample_bytree": -0.42335847766415435, "log10_eta": -1.229550580156002, "log10_lambda": 0.9260849150041421, "log10_min_child_weight": 3.306982247202642, "log10_subsample": -0.27967332024110425, "max_depth": 8.0, "num_boost_round": 44.0}, "datetime": {"datetime": "2024-01-19 01:02:49", "elapsed": 3070.442382, "delta": 0.003991}}
{"target": -13.83197848209698, "params": {"gamma": 947.5388624444765, "log10_alpha": -1.7345113941864492, "log10_colsample_bytree": -0.42335847766415435, "log10_eta": -1.229550580156002, "log10_lambda": 0.9260849150041421, "log10_min_child_weight": 3.306982247202642, "log10_subsample": -0.27967332024110425, "max_depth": 8.0, "num_boost_round": 45.0}, "datetime": {"datetime": "2024-01-19 01:02:49", "elapsed": 3070.446332, "delta": 0.00395}}
{"target": -13.758537061285738, "params": {"gamma": 945.5056703565477, "log10_alpha": -1.6929688690718918, "log10_colsample_bytree": -0.1673626600758319, "log10_eta": -3.352907667934861, "log10_lambda": 0.19503781081381621, "log10_min_child_weight": 4.299717060356996, "log10_subsample": -0.831377088197025, "max_depth": 7.0, "num_boost_round": 0.0}, "datetime": {"datetime": "2024-01-19 01:03:37", "elapsed": 3118.31352, "delta": 47.867188}}
{"target": -13.758535850506794, "params": {"gamma": 945.5056703565477, "log10_alpha": -1.6929688690718918, "log10_colsample_bytree": -0.1673626600758319, "log10_eta": -3.352907667934861, "log10_lambda": 0.19503781081381621, "log10_min_child_weight": 4.299717060356996, "log10_subsample": -0.831377088197025, "max_depth": 7.0, "num_boost_round": 1.0}, "datetime": {"datetime": "2024-01-19 01:03:37", "elapsed": 3118.317681, "delta": 0.004161}}
{"target": -13.758534555413547, "params": {"gamma": 945.5056703565477, "log10_alpha": -1.6929688690718918, "log10_colsample_bytree": -0.1673626600758319, "log10_eta": -3.352907667934861, "log10_lambda": 0.19503781081381621, "log10_min_child_weight": 4.299717060356996, "log10_subsample": -0.831377088197025, "max_depth": 7.0, "num_boost_round": 2.0}, "datetime": {"datetime": "2024-01-19 01:03:37", "elapsed": 3118.321614, "delta": 0.003933}}
{"target": -13.75853319094483, "params": {"gamma": 945.5056703565477, "log10_alpha": -1.6929688690718918, "log10_colsample_bytree": -0.1673626600758319, "log10_eta": -3.352907667934861, "log10_lambda": 0.19503781081381621, "log10_min_child_weight": 4.299717060356996, "log10_subsample": -0.831377088197025, "max_depth": 7.0, "num_boost_round": 3.0}, "datetime": {"datetime": "2024-01-19 01:03:37", "elapsed": 3118.32552, "delta": 0.003906}}
{"target": -13.758535683296618, "params": {"gamma": 945.5056703565477, "log10_alpha": -1.6929688690718918, "log10_colsample_bytree": -0.1673626600758319, "log10_eta": -3.352907667934861, "log10_lambda": 0.19503781081381621, "log10_min_child_weight": 4.299717060356996, "log10_subsample": -0.831377088197025, "max_depth": 7.0, "num_boost_round": 4.0}, "datetime": {"datetime": "2024-01-19 01:03:37", "elapsed": 3118.329449, "delta": 0.003929}}
{"target": -13.758531790481824, "params": {"gamma": 945.5056703565477, "log10_alpha": -1.6929688690718918, "log10_colsample_bytree": -0.1673626600758319, "log10_eta": -3.352907667934861, "log10_lambda": 0.19503781081381621, "log10_min_child_weight": 4.299717060356996, "log10_subsample": -0.831377088197025, "max_depth": 7.0, "num_boost_round": 5.0}, "datetime": {"datetime": "2024-01-19 01:03:37", "elapsed": 3118.333445, "delta": 0.003996}}
{"target": -13.758526980408549, "params": {"gamma": 945.5056703565477, "log10_alpha": -1.6929688690718918, "log10_colsample_bytree": -0.1673626600758319, "log10_eta": -3.352907667934861, "log10_lambda": 0.19503781081381621, "log10_min_child_weight": 4.299717060356996, "log10_subsample": -0.831377088197025, "max_depth": 7.0, "num_boost_round": 6.0}, "datetime": {"datetime": "2024-01-19 01:03:37", "elapsed": 3118.337371, "delta": 0.003926}}
{"target": -13.758526931320281, "params": {"gamma": 945.5056703565477, "log10_alpha": -1.6929688690718918, "log10_colsample_bytree": -0.1673626600758319, "log10_eta": -3.352907667934861, "log10_lambda": 0.19503781081381621, "log10_min_child_weight": 4.299717060356996, "log10_subsample": -0.831377088197025, "max_depth": 7.0, "num_boost_round": 7.0}, "datetime": {"datetime": "2024-01-19 01:03:37", "elapsed": 3118.34133, "delta": 0.003959}}
{"target": -13.758524460986283, "params": {"gamma": 945.5056703565477, "log10_alpha": -1.6929688690718918, "log10_colsample_bytree": -0.1673626600758319, "log10_eta": -3.352907667934861, "log10_lambda": 0.19503781081381621, "log10_min_child_weight": 4.299717060356996, "log10_subsample": -0.831377088197025, "max_depth": 7.0, "num_boost_round": 8.0}, "datetime": {"datetime": "2024-01-19 01:03:37", "elapsed": 3118.345266, "delta": 0.003936}}
{"target": -13.758524620956681, "params": {"gamma": 945.5056703565477, "log10_alpha": -1.6929688690718918, "log10_colsample_bytree": -0.1673626600758319, "log10_eta": -3.352907667934861, "log10_lambda": 0.19503781081381621, "log10_min_child_weight": 4.299717060356996, "log10_subsample": -0.831377088197025, "max_depth": 7.0, "num_boost_round": 9.0}, "datetime": {"datetime": "2024-01-19 01:03:37", "elapsed": 3118.349233, "delta": 0.003967}}
{"target": -13.758523018688551, "params": {"gamma": 945.5056703565477, "log10_alpha": -1.6929688690718918, "log10_colsample_bytree": -0.1673626600758319, "log10_eta": -3.352907667934861, "log10_lambda": 0.19503781081381621, "log10_min_child_weight": 4.299717060356996, "log10_subsample": -0.831377088197025, "max_depth": 7.0, "num_boost_round": 10.0}, "datetime": {"datetime": "2024-01-19 01:03:37", "elapsed": 3118.353115, "delta": 0.003882}}
{"target": -13.758524033191955, "params": {"gamma": 945.5056703565477, "log10_alpha": -1.6929688690718918, "log10_colsample_bytree": -0.1673626600758319, "log10_eta": -3.352907667934861, "log10_lambda": 0.19503781081381621, "log10_min_child_weight": 4.299717060356996, "log10_subsample": -0.831377088197025, "max_depth": 7.0, "num_boost_round": 11.0}, "datetime": {"datetime": "2024-01-19 01:03:37", "elapsed": 3118.357021, "delta": 0.003906}}
{"target": -13.75852521647586, "params": {"gamma": 945.5056703565477, "log10_alpha": -1.6929688690718918, "log10_colsample_bytree": -0.1673626600758319, "log10_eta": -3.352907667934861, "log10_lambda": 0.19503781081381621, "log10_min_child_weight": 4.299717060356996, "log10_subsample": -0.831377088197025, "max_depth": 7.0, "num_boost_round": 12.0}, "datetime": {"datetime": "2024-01-19 01:03:37", "elapsed": 3118.360977, "delta": 0.003956}}
{"target": -13.758526037936472, "params": {"gamma": 945.5056703565477, "log10_alpha": -1.6929688690718918, "log10_colsample_bytree": -0.1673626600758319, "log10_eta": -3.352907667934861, "log10_lambda": 0.19503781081381621, "log10_min_child_weight": 4.299717060356996, "log10_subsample": -0.831377088197025, "max_depth": 7.0, "num_boost_round": 13.0}, "datetime": {"datetime": "2024-01-19 01:03:37", "elapsed": 3118.364884, "delta": 0.003907}}
{"target": -13.758524404424955, "params": {"gamma": 945.5056703565477, "log10_alpha": -1.6929688690718918, "log10_colsample_bytree": -0.1673626600758319, "log10_eta": -3.352907667934861, "log10_lambda": 0.19503781081381621, "log10_min_child_weight": 4.299717060356996, "log10_subsample": -0.831377088197025, "max_depth": 7.0, "num_boost_round": 14.0}, "datetime": {"datetime": "2024-01-19 01:03:37", "elapsed": 3118.369407, "delta": 0.004523}}
{"target": -13.758522178407649, "params": {"gamma": 945.5056703565477, "log10_alpha": -1.6929688690718918, "log10_colsample_bytree": -0.1673626600758319, "log10_eta": -3.352907667934861, "log10_lambda": 0.19503781081381621, "log10_min_child_weight": 4.299717060356996, "log10_subsample": -0.831377088197025, "max_depth": 7.0, "num_boost_round": 15.0}, "datetime": {"datetime": "2024-01-19 01:03:37", "elapsed": 3118.373329, "delta": 0.003922}}
{"target": -13.758522704413343, "params": {"gamma": 945.5056703565477, "log10_alpha": -1.6929688690718918, "log10_colsample_bytree": -0.1673626600758319, "log10_eta": -3.352907667934861, "log10_lambda": 0.19503781081381621, "log10_min_child_weight": 4.299717060356996, "log10_subsample": -0.831377088197025, "max_depth": 7.0, "num_boost_round": 16.0}, "datetime": {"datetime": "2024-01-19 01:03:37", "elapsed": 3118.378353, "delta": 0.005024}}
{"target": -13.75852417413931, "params": {"gamma": 945.5056703565477, "log10_alpha": -1.6929688690718918, "log10_colsample_bytree": -0.1673626600758319, "log10_eta": -3.352907667934861, "log10_lambda": 0.19503781081381621, "log10_min_child_weight": 4.299717060356996, "log10_subsample": -0.831377088197025, "max_depth": 7.0, "num_boost_round": 17.0}, "datetime": {"datetime": "2024-01-19 01:03:37", "elapsed": 3118.382722, "delta": 0.004369}}
{"target": -13.75852382290589, "params": {"gamma": 945.5056703565477, "log10_alpha": -1.6929688690718918, "log10_colsample_bytree": -0.1673626600758319, "log10_eta": -3.352907667934861, "log10_lambda": 0.19503781081381621, "log10_min_child_weight": 4.299717060356996, "log10_subsample": -0.831377088197025, "max_depth": 7.0, "num_boost_round": 18.0}, "datetime": {"datetime": "2024-01-19 01:03:37", "elapsed": 3118.386749, "delta": 0.004027}}
{"target": -13.75852236854085, "params": {"gamma": 945.5056703565477, "log10_alpha": -1.6929688690718918, "log10_colsample_bytree": -0.1673626600758319, "log10_eta": -3.352907667934861, "log10_lambda": 0.19503781081381621, "log10_min_child_weight": 4.299717060356996, "log10_subsample": -0.831377088197025, "max_depth": 7.0, "num_boost_round": 19.0}, "datetime": {"datetime": "2024-01-19 01:03:37", "elapsed": 3118.390801, "delta": 0.004052}}
{"target": -13.758518658252429, "params": {"gamma": 945.5056703565477, "log10_alpha": -1.6929688690718918, "log10_colsample_bytree": -0.1673626600758319, "log10_eta": -3.352907667934861, "log10_lambda": 0.19503781081381621, "log10_min_child_weight": 4.299717060356996, "log10_subsample": -0.831377088197025, "max_depth": 7.0, "num_boost_round": 20.0}, "datetime": {"datetime": "2024-01-19 01:03:37", "elapsed": 3118.394803, "delta": 0.004002}}
{"target": -13.758516115325166, "params": {"gamma": 945.5056703565477, "log10_alpha": -1.6929688690718918, "log10_colsample_bytree": -0.1673626600758319, "log10_eta": -3.352907667934861, "log10_lambda": 0.19503781081381621, "log10_min_child_weight": 4.299717060356996, "log10_subsample": -0.831377088197025, "max_depth": 7.0, "num_boost_round": 21.0}, "datetime": {"datetime": "2024-01-19 01:03:37", "elapsed": 3118.398693, "delta": 0.00389}}
{"target": -13.75851391129248, "params": {"gamma": 945.5056703565477, "log10_alpha": -1.6929688690718918, "log10_colsample_bytree": -0.1673626600758319, "log10_eta": -3.352907667934861, "log10_lambda": 0.19503781081381621, "log10_min_child_weight": 4.299717060356996, "log10_subsample": -0.831377088197025, "max_depth": 7.0, "num_boost_round": 22.0}, "datetime": {"datetime": "2024-01-19 01:03:37", "elapsed": 3118.402625, "delta": 0.003932}}
{"target": -13.758513920019626, "params": {"gamma": 945.5056703565477, "log10_alpha": -1.6929688690718918, "log10_colsample_bytree": -0.1673626600758319, "log10_eta": -3.352907667934861, "log10_lambda": 0.19503781081381621, "log10_min_child_weight": 4.299717060356996, "log10_subsample": -0.831377088197025, "max_depth": 7.0, "num_boost_round": 23.0}, "datetime": {"datetime": "2024-01-19 01:03:37", "elapsed": 3118.40654, "delta": 0.003915}}
{"target": -13.758537853730715, "params": {"gamma": 945.6328258878393, "log10_alpha": -1.4928005711068035, "log10_colsample_bytree": -0.9952409505515359, "log10_eta": -3.843970384719658, "log10_lambda": -1.9989515889422504, "log10_min_child_weight": 3.805710024327786, "log10_subsample": -0.10722317740128284, "max_depth": 6.0, "num_boost_round": 0.0}, "datetime": {"datetime": "2024-01-19 01:04:19", "elapsed": 3160.135443, "delta": 41.728903}}
{"target": -13.75853861100157, "params": {"gamma": 945.6328258878393, "log10_alpha": -1.4928005711068035, "log10_colsample_bytree": -0.9952409505515359, "log10_eta": -3.843970384719658, "log10_lambda": -1.9989515889422504, "log10_min_child_weight": 3.805710024327786, "log10_subsample": -0.10722317740128284, "max_depth": 6.0, "num_boost_round": 1.0}, "datetime": {"datetime": "2024-01-19 01:04:19", "elapsed": 3160.140442, "delta": 0.004999}}
{"target": -13.758537550749914, "params": {"gamma": 945.6328258878393, "log10_alpha": -1.4928005711068035, "log10_colsample_bytree": -0.9952409505515359, "log10_eta": -3.843970384719658, "log10_lambda": -1.9989515889422504, "log10_min_child_weight": 3.805710024327786, "log10_subsample": -0.10722317740128284, "max_depth": 6.0, "num_boost_round": 2.0}, "datetime": {"datetime": "2024-01-19 01:04:19", "elapsed": 3160.144339, "delta": 0.003897}}
{"target": -13.758537130722907, "params": {"gamma": 945.6328258878393, "log10_alpha": -1.4928005711068035, "log10_colsample_bytree": -0.9952409505515359, "log10_eta": -3.843970384719658, "log10_lambda": -1.9989515889422504, "log10_min_child_weight": 3.805710024327786, "log10_subsample": -0.10722317740128284, "max_depth": 6.0, "num_boost_round": 3.0}, "datetime": {"datetime": "2024-01-19 01:04:19", "elapsed": 3160.148347, "delta": 0.004008}}
{"target": -13.758536006153514, "params": {"gamma": 945.6328258878393, "log10_alpha": -1.4928005711068035, "log10_colsample_bytree": -0.9952409505515359, "log10_eta": -3.843970384719658, "log10_lambda": -1.9989515889422504, "log10_min_child_weight": 3.805710024327786, "log10_subsample": -0.10722317740128284, "max_depth": 6.0, "num_boost_round": 4.0}, "datetime": {"datetime": "2024-01-19 01:04:19", "elapsed": 3160.152563, "delta": 0.004216}}
{"target": -13.758535025160725, "params": {"gamma": 945.6328258878393, "log10_alpha": -1.4928005711068035, "log10_colsample_bytree": -0.9952409505515359, "log10_eta": -3.843970384719658, "log10_lambda": -1.9989515889422504, "log10_min_child_weight": 3.805710024327786, "log10_subsample": -0.10722317740128284, "max_depth": 6.0, "num_boost_round": 5.0}, "datetime": {"datetime": "2024-01-19 01:04:19", "elapsed": 3160.156511, "delta": 0.003948}}
{"target": -13.758535246130291, "params": {"gamma": 945.6328258878393, "log10_alpha": -1.4928005711068035, "log10_colsample_bytree": -0.9952409505515359, "log10_eta": -3.843970384719658, "log10_lambda": -1.9989515889422504, "log10_min_child_weight": 3.805710024327786, "log10_subsample": -0.10722317740128284, "max_depth": 6.0, "num_boost_round": 6.0}, "datetime": {"datetime": "2024-01-19 01:04:19", "elapsed": 3160.160392, "delta": 0.003881}}
{"target": -13.758531306700817, "params": {"gamma": 945.6328258878393, "log10_alpha": -1.4928005711068035, "log10_colsample_bytree": -0.9952409505515359, "log10_eta": -3.843970384719658, "log10_lambda": -1.9989515889422504, "log10_min_child_weight": 3.805710024327786, "log10_subsample": -0.10722317740128284, "max_depth": 6.0, "num_boost_round": 7.0}, "datetime": {"datetime": "2024-01-19 01:04:19", "elapsed": 3160.164268, "delta": 0.003876}}
{"target": -13.758527528437412, "params": {"gamma": 945.6328258878393, "log10_alpha": -1.4928005711068035, "log10_colsample_bytree": -0.9952409505515359, "log10_eta": -3.843970384719658, "log10_lambda": -1.9989515889422504, "log10_min_child_weight": 3.805710024327786, "log10_subsample": -0.10722317740128284, "max_depth": 6.0, "num_boost_round": 8.0}, "datetime": {"datetime": "2024-01-19 01:04:19", "elapsed": 3160.168121, "delta": 0.003853}}
{"target": -13.758528242357645, "params": {"gamma": 945.6328258878393, "log10_alpha": -1.4928005711068035, "log10_colsample_bytree": -0.9952409505515359, "log10_eta": -3.843970384719658, "log10_lambda": -1.9989515889422504, "log10_min_child_weight": 3.805710024327786, "log10_subsample": -0.10722317740128284, "max_depth": 6.0, "num_boost_round": 9.0}, "datetime": {"datetime": "2024-01-19 01:04:19", "elapsed": 3160.172083, "delta": 0.003962}}
{"target": -13.758526919456049, "params": {"gamma": 945.6328258878393, "log10_alpha": -1.4928005711068035, "log10_colsample_bytree": -0.9952409505515359, "log10_eta": -3.843970384719658, "log10_lambda": -1.9989515889422504, "log10_min_child_weight": 3.805710024327786, "log10_subsample": -0.10722317740128284, "max_depth": 6.0, "num_boost_round": 10.0}, "datetime": {"datetime": "2024-01-19 01:04:19", "elapsed": 3160.176004, "delta": 0.003921}}
{"target": -13.758526711719842, "params": {"gamma": 945.6328258878393, "log10_alpha": -1.4928005711068035, "log10_colsample_bytree": -0.9952409505515359, "log10_eta": -3.843970384719658, "log10_lambda": -1.9989515889422504, "log10_min_child_weight": 3.805710024327786, "log10_subsample": -0.10722317740128284, "max_depth": 6.0, "num_boost_round": 11.0}, "datetime": {"datetime": "2024-01-19 01:04:19", "elapsed": 3160.179942, "delta": 0.003938}}
{"target": -13.758523647013092, "params": {"gamma": 945.6328258878393, "log10_alpha": -1.4928005711068035, "log10_colsample_bytree": -0.9952409505515359, "log10_eta": -3.843970384719658, "log10_lambda": -1.9989515889422504, "log10_min_child_weight": 3.805710024327786, "log10_subsample": -0.10722317740128284, "max_depth": 6.0, "num_boost_round": 12.0}, "datetime": {"datetime": "2024-01-19 01:04:19", "elapsed": 3160.183842, "delta": 0.0039}}
{"target": -13.758521473588635, "params": {"gamma": 945.6328258878393, "log10_alpha": -1.4928005711068035, "log10_colsample_bytree": -0.9952409505515359, "log10_eta": -3.843970384719658, "log10_lambda": -1.9989515889422504, "log10_min_child_weight": 3.805710024327786, "log10_subsample": -0.10722317740128284, "max_depth": 6.0, "num_boost_round": 13.0}, "datetime": {"datetime": "2024-01-19 01:04:19", "elapsed": 3160.187751, "delta": 0.003909}}
{"target": -13.75852025048435, "params": {"gamma": 945.6328258878393, "log10_alpha": -1.4928005711068035, "log10_colsample_bytree": -0.9952409505515359, "log10_eta": -3.843970384719658, "log10_lambda": -1.9989515889422504, "log10_min_child_weight": 3.805710024327786, "log10_subsample": -0.10722317740128284, "max_depth": 6.0, "num_boost_round": 14.0}, "datetime": {"datetime": "2024-01-19 01:04:19", "elapsed": 3160.19166, "delta": 0.003909}}
{"target": -13.75851843356053, "params": {"gamma": 945.6328258878393, "log10_alpha": -1.4928005711068035, "log10_colsample_bytree": -0.9952409505515359, "log10_eta": -3.843970384719658, "log10_lambda": -1.9989515889422504, "log10_min_child_weight": 3.805710024327786, "log10_subsample": -0.10722317740128284, "max_depth": 6.0, "num_boost_round": 15.0}, "datetime": {"datetime": "2024-01-19 01:04:19", "elapsed": 3160.195577, "delta": 0.003917}}
{"target": -13.75851762420407, "params": {"gamma": 945.6328258878393, "log10_alpha": -1.4928005711068035, "log10_colsample_bytree": -0.9952409505515359, "log10_eta": -3.843970384719658, "log10_lambda": -1.9989515889422504, "log10_min_child_weight": 3.805710024327786, "log10_subsample": -0.10722317740128284, "max_depth": 6.0, "num_boost_round": 16.0}, "datetime": {"datetime": "2024-01-19 01:04:19", "elapsed": 3160.199535, "delta": 0.003958}}
{"target": -13.758517089705261, "params": {"gamma": 945.6328258878393, "log10_alpha": -1.4928005711068035, "log10_colsample_bytree": -0.9952409505515359, "log10_eta": -3.843970384719658, "log10_lambda": -1.9989515889422504, "log10_min_child_weight": 3.805710024327786, "log10_subsample": -0.10722317740128284, "max_depth": 6.0, "num_boost_round": 17.0}, "datetime": {"datetime": "2024-01-19 01:04:19", "elapsed": 3160.203432, "delta": 0.003897}}
{"target": -13.758515196277292, "params": {"gamma": 945.6328258878393, "log10_alpha": -1.4928005711068035, "log10_colsample_bytree": -0.9952409505515359, "log10_eta": -3.843970384719658, "log10_lambda": -1.9989515889422504, "log10_min_child_weight": 3.805710024327786, "log10_subsample": -0.10722317740128284, "max_depth": 6.0, "num_boost_round": 18.0}, "datetime": {"datetime": "2024-01-19 01:04:19", "elapsed": 3160.207357, "delta": 0.003925}}
{"target": -13.758512938762463, "params": {"gamma": 945.6328258878393, "log10_alpha": -1.4928005711068035, "log10_colsample_bytree": -0.9952409505515359, "log10_eta": -3.843970384719658, "log10_lambda": -1.9989515889422504, "log10_min_child_weight": 3.805710024327786, "log10_subsample": -0.10722317740128284, "max_depth": 6.0, "num_boost_round": 19.0}, "datetime": {"datetime": "2024-01-19 01:04:19", "elapsed": 3160.211278, "delta": 0.003921}}
{"target": -13.758511718694812, "params": {"gamma": 945.6328258878393, "log10_alpha": -1.4928005711068035, "log10_colsample_bytree": -0.9952409505515359, "log10_eta": -3.843970384719658, "log10_lambda": -1.9989515889422504, "log10_min_child_weight": 3.805710024327786, "log10_subsample": -0.10722317740128284, "max_depth": 6.0, "num_boost_round": 20.0}, "datetime": {"datetime": "2024-01-19 01:04:19", "elapsed": 3160.21522, "delta": 0.003942}}
