{"target": -13.767263368011974, "params": {"gamma": 875.5550534808876, "log10_alpha": -0.20064041429916024, "log10_colsample_bytree": -0.7156196026296665, "log10_eta": -0.46197653620806145, "log10_lambda": -1.8303436874106551, "log10_min_child_weight": 0.8412759187823182, "log10_subsample": -0.9872764502224928, "max_depth": 2.0, "num_boost_round": 3.0}, "datetime": {"datetime": "2024-01-19 00:12:25", "elapsed": 65.13543, "delta": 0.000322}}
{"target": -13.76887800539043, "params": {"gamma": 875.5550534808876, "log10_alpha": -0.20064041429916024, "log10_colsample_bytree": -0.7156196026296665, "log10_eta": -0.46197653620806145, "log10_lambda": -1.8303436874106551, "log10_min_child_weight": 0.8412759187823182, "log10_subsample": -0.9872764502224928, "max_depth": 2.0, "num_boost_round": 4.0}, "datetime": {"datetime": "2024-01-19 00:12:25", "elapsed": 65.135755, "delta": 0.000325}}
{"target": -13.775791327808495, "params": {"gamma": 875.5550534808876, "log10_alpha": -0.20064041429916024, "log10_colsample_bytree": -0.7156196026296665, "log10_eta": -0.46197653620806145, "log10_lambda": -1.8303436874106551, "log10_min_child_weight": 0.8412759187823182, "log10_subsample": -0.9872764502224928, "max_depth": 2.0, "num_boost_round": 5.0}, "datetime": {"datetime": "2024-01-19 00:12:25", "elapsed": 65.136067, "delta": 0.000312}}
{"target": -13.78304322041344, "params": {"gamma": 875.5550534808876, "log10_alpha": -0.20064041429916024, "log10_colsample_bytree": -0.7156196026296665, "log10_eta": -0.46197653620806145, "log10_lambda": -1.8303436874106551, "log10_min_child_weight": 0.8412759187823182, "log10_subsample": -0.9872764502224928, "max_depth": 2.0, "num_boost_round": 6.0}, "datetime": {"datetime": "2024-01-19 00:12:25", "elapsed": 65.136373, "delta": 0.000306}}
{"target": -13.783287013903239, "params": {"gamma": 875.5550534808876, "log10_alpha": -0.20064041429916024, "log10_colsample_bytree": -0.7156196026296665, "log10_eta": -0.46197653620806145, "log10_lambda": -1.8303436874106551, "log10_min_child_weight": 0.8412759187823182, "log10_subsample": -0.9872764502224928, "max_depth": 2.0, "num_boost_round": 7.0}, "datetime": {"datetime": "2024-01-19 00:12:25", "elapsed": 65.136685, "delta": 0.000312}}
{"target": -13.788348195863232, "params": {"gamma": 875.5550534808876, "log10_alpha": -0.20064041429916024, "log10_colsample_bytree": -0.7156196026296665, "log10_eta": -0.46197653620806145, "log10_lambda": -1.8303436874106551, "log10_min_child_weight": 0.8412759187823182, "log10_subsample": -0.9872764502224928, "max_depth": 2.0, "num_boost_round": 8.0}, "datetime": {"datetime": "2024-01-19 00:12:25", "elapsed": 65.136993, "delta": 0.000308}}
{"target": -13.787480734773313, "params": {"gamma": 875.5550534808876, "log10_alpha": -0.20064041429916024, "log10_colsample_bytree": -0.7156196026296665, "log10_eta": -0.46197653620806145, "log10_lambda": -1.8303436874106551, "log10_min_child_weight": 0.8412759187823182, "log10_subsample": -0.9872764502224928, "max_depth": 2.0, "num_boost_round": 9.0}, "datetime": {"datetime": "2024-01-19 00:12:25", "elapsed": 65.137411, "delta": 0.000418}}
{"target": -13.7875840307685, "params": {"gamma": 875.5550534808876, "log10_alpha": -0.20064041429916024, "log10_colsample_bytree": -0.7156196026296665, "log10_eta": -0.46197653620806145, "log10_lambda": -1.8303436874106551, "log10_min_child_weight": 0.8412759187823182, "log10_subsample": -0.9872764502224928, "max_depth": 2.0, "num_boost_round": 10.0}, "datetime": {"datetime": "2024-01-19 00:12:25", "elapsed": 65.137738, "delta": 0.000327}}
{"target": -13.791681474913851, "params": {"gamma": 875.5550534808876, "log10_alpha": -0.20064041429916024, "log10_colsample_bytree": -0.7156196026296665, "log10_eta": -0.46197653620806145, "log10_lambda": -1.8303436874106551, "log10_min_child_weight": 0.8412759187823182, "log10_subsample": -0.9872764502224928, "max_depth": 2.0, "num_boost_round": 11.0}, "datetime": {"datetime": "2024-01-19 00:12:25", "elapsed": 65.138054, "delta": 0.000316}}
{"target": -13.801639812214688, "params": {"gamma": 875.5550534808876, "log10_alpha": -0.20064041429916024, "log10_colsample_bytree": -0.7156196026296665, "log10_eta": -0.46197653620806145, "log10_lambda": -1.8303436874106551, "log10_min_child_weight": 0.8412759187823182, "log10_subsample": -0.9872764502224928, "max_depth": 2.0, "num_boost_round": 12.0}, "datetime": {"datetime": "2024-01-19 00:12:25", "elapsed": 65.138369, "delta": 0.000315}}
{"target": -13.804994593061167, "params": {"gamma": 875.5550534808876, "log10_alpha": -0.20064041429916024, "log10_colsample_bytree": -0.7156196026296665, "log10_eta": -0.46197653620806145, "log10_lambda": -1.8303436874106551, "log10_min_child_weight": 0.8412759187823182, "log10_subsample": -0.9872764502224928, "max_depth": 2.0, "num_boost_round": 13.0}, "datetime": {"datetime": "2024-01-19 00:12:25", "elapsed": 65.138749, "delta": 0.00038}}
{"target": -13.810027896216132, "params": {"gamma": 875.5550534808876, "log10_alpha": -0.20064041429916024, "log10_colsample_bytree": -0.7156196026296665, "log10_eta": -0.46197653620806145, "log10_lambda": -1.8303436874106551, "log10_min_child_weight": 0.8412759187823182, "log10_subsample": -0.9872764502224928, "max_depth": 2.0, "num_boost_round": 14.0}, "datetime": {"datetime": "2024-01-19 00:12:25", "elapsed": 65.139072, "delta": 0.000323}}
{"target": -13.812095369547063, "params": {"gamma": 875.5550534808876, "log10_alpha": -0.20064041429916024, "log10_colsample_bytree": -0.7156196026296665, "log10_eta": -0.46197653620806145, "log10_lambda": -1.8303436874106551, "log10_min_child_weight": 0.8412759187823182, "log10_subsample": -0.9872764502224928, "max_depth": 2.0, "num_boost_round": 15.0}, "datetime": {"datetime": "2024-01-19 00:12:25", "elapsed": 65.139392, "delta": 0.00032}}
{"target": -13.811854934769068, "params": {"gamma": 875.5550534808876, "log10_alpha": -0.20064041429916024, "log10_colsample_bytree": -0.7156196026296665, "log10_eta": -0.46197653620806145, "log10_lambda": -1.8303436874106551, "log10_min_child_weight": 0.8412759187823182, "log10_subsample": -0.9872764502224928, "max_depth": 2.0, "num_boost_round": 16.0}, "datetime": {"datetime": "2024-01-19 00:12:25", "elapsed": 65.139716, "delta": 0.000324}}
{"target": -13.819027750392525, "params": {"gamma": 875.5550534808876, "log10_alpha": -0.20064041429916024, "log10_colsample_bytree": -0.7156196026296665, "log10_eta": -0.46197653620806145, "log10_lambda": -1.8303436874106551, "log10_min_child_weight": 0.8412759187823182, "log10_subsample": -0.9872764502224928, "max_depth": 2.0, "num_boost_round": 17.0}, "datetime": {"datetime": "2024-01-19 00:12:25", "elapsed": 65.14004, "delta": 0.000324}}
{"target": -13.82185063101072, "params": {"gamma": 875.5550534808876, "log10_alpha": -0.20064041429916024, "log10_colsample_bytree": -0.7156196026296665, "log10_eta": -0.46197653620806145, "log10_lambda": -1.8303436874106551, "log10_min_child_weight": 0.8412759187823182, "log10_subsample": -0.9872764502224928, "max_depth": 2.0, "num_boost_round": 18.0}, "datetime": {"datetime": "2024-01-19 00:12:25", "elapsed": 65.140364, "delta": 0.000324}}
{"target": -13.82140941619892, "params": {"gamma": 875.5550534808876, "log10_alpha": -0.20064041429916024, "log10_colsample_bytree": -0.7156196026296665, "log10_eta": -0.46197653620806145, "log10_lambda": -1.8303436874106551, "log10_min_child_weight": 0.8412759187823182, "log10_subsample": -0.9872764502224928, "max_depth": 2.0, "num_boost_round": 19.0}, "datetime": {"datetime": "2024-01-19 00:12:25", "elapsed": 65.140692, "delta": 0.000328}}
{"target": -13.82233226382709, "params": {"gamma": 875.5550534808876, "log10_alpha": -0.20064041429916024, "log10_colsample_bytree": -0.7156196026296665, "log10_eta": -0.46197653620806145, "log10_lambda": -1.8303436874106551, "log10_min_child_weight": 0.8412759187823182, "log10_subsample": -0.9872764502224928, "max_depth": 2.0, "num_boost_round": 20.0}, "datetime": {"datetime": "2024-01-19 00:12:25", "elapsed": 65.141121, "delta": 0.000429}}
{"target": -13.823454725837337, "params": {"gamma": 875.5550534808876, "log10_alpha": -0.20064041429916024, "log10_colsample_bytree": -0.7156196026296665, "log10_eta": -0.46197653620806145, "log10_lambda": -1.8303436874106551, "log10_min_child_weight": 0.8412759187823182, "log10_subsample": -0.9872764502224928, "max_depth": 2.0, "num_boost_round": 21.0}, "datetime": {"datetime": "2024-01-19 00:12:25", "elapsed": 65.141466, "delta": 0.000345}}
{"target": -13.820573660373997, "params": {"gamma": 875.5550534808876, "log10_alpha": -0.20064041429916024, "log10_colsample_bytree": -0.7156196026296665, "log10_eta": -0.46197653620806145, "log10_lambda": -1.8303436874106551, "log10_min_child_weight": 0.8412759187823182, "log10_subsample": -0.9872764502224928, "max_depth": 2.0, "num_boost_round": 22.0}, "datetime": {"datetime": "2024-01-19 00:12:25", "elapsed": 65.141803, "delta": 0.000337}}
{"target": -13.873208141835063, "params": {"gamma": 875.5550534808876, "log10_alpha": -0.20064041429916024, "log10_colsample_bytree": -0.7156196026296665, "log10_eta": -0.46197653620806145, "log10_lambda": -1.8303436874106551, "log10_min_child_weight": 0.8412759187823182, "log10_subsample": -0.9872764502224928, "max_depth": 2.0, "num_boost_round": 23.0}, "datetime": {"datetime": "2024-01-19 00:12:25", "elapsed": 65.142138, "delta": 0.000335}}
{"target": -13.892110246142128, "params": {"gamma": 875.5550534808876, "log10_alpha": -0.20064041429916024, "log10_colsample_bytree": -0.7156196026296665, "log10_eta": -0.46197653620806145, "log10_lambda": -1.8303436874106551, "log10_min_child_weight": 0.8412759187823182, "log10_subsample": -0.9872764502224928, "max_depth": 2.0, "num_boost_round": 24.0}, "datetime": {"datetime": "2024-01-19 00:12:25", "elapsed": 65.142469, "delta": 0.000331}}
{"target": -13.8966315120815, "params": {"gamma": 875.5550534808876, "log10_alpha": -0.20064041429916024, "log10_colsample_bytree": -0.7156196026296665, "log10_eta": -0.46197653620806145, "log10_lambda": -1.8303436874106551, "log10_min_child_weight": 0.8412759187823182, "log10_subsample": -0.9872764502224928, "max_depth": 2.0, "num_boost_round": 25.0}, "datetime": {"datetime": "2024-01-19 00:12:25", "elapsed": 65.142808, "delta": 0.000339}}
{"target": -13.896614516257635, "params": {"gamma": 875.5550534808876, "log10_alpha": -0.20064041429916024, "log10_colsample_bytree": -0.7156196026296665, "log10_eta": -0.46197653620806145, "log10_lambda": -1.8303436874106551, "log10_min_child_weight": 0.8412759187823182, "log10_subsample": -0.9872764502224928, "max_depth": 2.0, "num_boost_round": 26.0}, "datetime": {"datetime": "2024-01-19 00:12:25", "elapsed": 65.143149, "delta": 0.000341}}
{"target": -13.894384946488113, "params": {"gamma": 875.5550534808876, "log10_alpha": -0.20064041429916024, "log10_colsample_bytree": -0.7156196026296665, "log10_eta": -0.46197653620806145, "log10_lambda": -1.8303436874106551, "log10_min_child_weight": 0.8412759187823182, "log10_subsample": -0.9872764502224928, "max_depth": 2.0, "num_boost_round": 27.0}, "datetime": {"datetime": "2024-01-19 00:12:25", "elapsed": 65.143484, "delta": 0.000335}}
{"target": -13.894579181844643, "params": {"gamma": 875.5550534808876, "log10_alpha": -0.20064041429916024, "log10_colsample_bytree": -0.7156196026296665, "log10_eta": -0.46197653620806145, "log10_lambda": -1.8303436874106551, "log10_min_child_weight": 0.8412759187823182, "log10_subsample": -0.9872764502224928, "max_depth": 2.0, "num_boost_round": 28.0}, "datetime": {"datetime": "2024-01-19 00:12:25", "elapsed": 65.143836, "delta": 0.000352}}
{"target": -13.898794786156643, "params": {"gamma": 875.5550534808876, "log10_alpha": -0.20064041429916024, "log10_colsample_bytree": -0.7156196026296665, "log10_eta": -0.46197653620806145, "log10_lambda": -1.8303436874106551, "log10_min_child_weight": 0.8412759187823182, "log10_subsample": -0.9872764502224928, "max_depth": 2.0, "num_boost_round": 29.0}, "datetime": {"datetime": "2024-01-19 00:12:25", "elapsed": 65.14418, "delta": 0.000344}}
{"target": -13.90210449304043, "params": {"gamma": 875.5550534808876, "log10_alpha": -0.20064041429916024, "log10_colsample_bytree": -0.7156196026296665, "log10_eta": -0.46197653620806145, "log10_lambda": -1.8303436874106551, "log10_min_child_weight": 0.8412759187823182, "log10_subsample": -0.9872764502224928, "max_depth": 2.0, "num_boost_round": 30.0}, "datetime": {"datetime": "2024-01-19 00:12:25", "elapsed": 65.144523, "delta": 0.000343}}
{"target": -13.758338308447458, "params": {"gamma": 875.3574893922453, "log10_alpha": 0.459077434209493, "log10_colsample_bytree": -0.21755749774227628, "log10_eta": -2.031200638497037, "log10_lambda": -0.4378148891402178, "log10_min_child_weight": 1.656693882896601, "log10_subsample": -0.10837679364391328, "max_depth": 9.0, "num_boost_round": 0.0}, "datetime": {"datetime": "2024-01-19 00:12:45", "elapsed": 85.510061, "delta": 20.365538}}
{"target": -13.758132235336685, "params": {"gamma": 875.3574893922453, "log10_alpha": 0.459077434209493, "log10_colsample_bytree": -0.21755749774227628, "log10_eta": -2.031200638497037, "log10_lambda": -0.4378148891402178, "log10_min_child_weight": 1.656693882896601, "log10_subsample": -0.10837679364391328, "max_depth": 9.0, "num_boost_round": 1.0}, "datetime": {"datetime": "2024-01-19 00:12:45", "elapsed": 85.510959, "delta": 0.000898}}
{"target": -13.757774280640968, "params": {"gamma": 875.3574893922453, "log10_alpha": 0.459077434209493, "log10_colsample_bytree": -0.21755749774227628, "log10_eta": -2.031200638497037, "log10_lambda": -0.4378148891402178, "log10_min_child_weight": 1.656693882896601, "log10_subsample": -0.10837679364391328, "max_depth": 9.0, "num_boost_round": 2.0}, "datetime": {"datetime": "2024-01-19 00:12:45", "elapsed": 85.511423, "delta": 0.000464}}
{"target": -13.757774841750697, "params": {"gamma": 875.3574893922453, "log10_alpha": 0.459077434209493, "log10_colsample_bytree": -0.21755749774227628, "log10_eta": -2.031200638497037, "log10_lambda": -0.4378148891402178, "log10_min_child_weight": 1.656693882896601, "log10_subsample": -0.10837679364391328, "max_depth": 9.0, "num_boost_round": 3.0}, "datetime": {"datetime": "2024-01-19 00:12:45", "elapsed": 85.511785, "delta": 0.000362}}
{"target": -13.757712964496461, "params": {"gamma": 875.3574893922453, "log10_alpha": 0.459077434209493, "log10_colsample_bytree": -0.21755749774227628, "log10_eta": -2.031200638497037, "log10_lambda": -0.4378148891402178, "log10_min_child_weight": 1.656693882896601, "log10_subsample": -0.10837679364391328, "max_depth": 9.0, "num_boost_round": 4.0}, "datetime": {"datetime": "2024-01-19 00:12:45", "elapsed": 85.512136, "delta": 0.000351}}
{"target": -13.757475775524927, "params": {"gamma": 875.3574893922453, "log10_alpha": 0.459077434209493, "log10_colsample_bytree": -0.21755749774227628, "log10_eta": -2.031200638497037, "log10_lambda": -0.4378148891402178, "log10_min_child_weight": 1.656693882896601, "log10_subsample": -0.10837679364391328, "max_depth": 9.0, "num_boost_round": 5.0}, "datetime": {"datetime": "2024-01-19 00:12:45", "elapsed": 85.512574, "delta": 0.000438}}
{"target": -13.757518455515507, "params": {"gamma": 875.3574893922453, "log10_alpha": 0.459077434209493, "log10_colsample_bytree": -0.21755749774227628, "log10_eta": -2.031200638497037, "log10_lambda": -0.4378148891402178, "log10_min_child_weight": 1.656693882896601, "log10_subsample": -0.10837679364391328, "max_depth": 9.0, "num_boost_round": 6.0}, "datetime": {"datetime": "2024-01-19 00:12:45", "elapsed": 85.512941, "delta": 0.000367}}
{"target": -13.757658002254693, "params": {"gamma": 875.3574893922453, "log10_alpha": 0.459077434209493, "log10_colsample_bytree": -0.21755749774227628, "log10_eta": -2.031200638497037, "log10_lambda": -0.4378148891402178, "log10_min_child_weight": 1.656693882896601, "log10_subsample": -0.10837679364391328, "max_depth": 9.0, "num_boost_round": 7.0}, "datetime": {"datetime": "2024-01-19 00:12:45", "elapsed": 85.513295, "delta": 0.000354}}
{"target": -13.758006281777389, "params": {"gamma": 875.3574893922453, "log10_alpha": 0.459077434209493, "log10_colsample_bytree": -0.21755749774227628, "log10_eta": -2.031200638497037, "log10_lambda": -0.4378148891402178, "log10_min_child_weight": 1.656693882896601, "log10_subsample": -0.10837679364391328, "max_depth": 9.0, "num_boost_round": 8.0}, "datetime": {"datetime": "2024-01-19 00:12:45", "elapsed": 85.51366, "delta": 0.000365}}
{"target": -13.758207590523611, "params": {"gamma": 875.3574893922453, "log10_alpha": 0.459077434209493, "log10_colsample_bytree": -0.21755749774227628, "log10_eta": -2.031200638497037, "log10_lambda": -0.4378148891402178, "log10_min_child_weight": 1.656693882896601, "log10_subsample": -0.10837679364391328, "max_depth": 9.0, "num_boost_round": 9.0}, "datetime": {"datetime": "2024-01-19 00:12:45", "elapsed": 85.514019, "delta": 0.000359}}
{"target": -13.758537199520989, "params": {"gamma": 872.7601576395272, "log10_alpha": -1.1663197824179727, "log10_colsample_bytree": -0.6898112475654633, "log10_eta": -3.7345726193040356, "log10_lambda": -1.402934935679212, "log10_min_child_weight": 4.751848114046728, "log10_subsample": -0.09622641209602034, "max_depth": 9.0, "num_boost_round": 0.0}, "datetime": {"datetime": "2024-01-19 00:13:08", "elapsed": 108.319357, "delta": 22.805338}}
{"target": -13.758535775902896, "params": {"gamma": 872.7601576395272, "log10_alpha": -1.1663197824179727, "log10_colsample_bytree": -0.6898112475654633, "log10_eta": -3.7345726193040356, "log10_lambda": -1.402934935679212, "log10_min_child_weight": 4.751848114046728, "log10_subsample": -0.09622641209602034, "max_depth": 9.0, "num_boost_round": 1.0}, "datetime": {"datetime": "2024-01-19 00:13:08", "elapsed": 108.320992, "delta": 0.001635}}
{"target": -13.758535173220462, "params": {"gamma": 872.7601576395272, "log10_alpha": -1.1663197824179727, "log10_colsample_bytree": -0.6898112475654633, "log10_eta": -3.7345726193040356, "log10_lambda": -1.402934935679212, "log10_min_child_weight": 4.751848114046728, "log10_subsample": -0.09622641209602034, "max_depth": 9.0, "num_boost_round": 2.0}, "datetime": {"datetime": "2024-01-19 00:13:08", "elapsed": 108.321707, "delta": 0.000715}}
{"target": -13.758533328303919, "params": {"gamma": 872.7601576395272, "log10_alpha": -1.1663197824179727, "log10_colsample_bytree": -0.6898112475654633, "log10_eta": -3.7345726193040356, "log10_lambda": -1.402934935679212, "log10_min_child_weight": 4.751848114046728, "log10_subsample": -0.09622641209602034, "max_depth": 9.0, "num_boost_round": 3.0}, "datetime": {"datetime": "2024-01-19 00:13:08", "elapsed": 108.322169, "delta": 0.000462}}
{"target": -13.75853358731737, "params": {"gamma": 872.7601576395272, "log10_alpha": -1.1663197824179727, "log10_colsample_bytree": -0.6898112475654633, "log10_eta": -3.7345726193040356, "log10_lambda": -1.402934935679212, "log10_min_child_weight": 4.751848114046728, "log10_subsample": -0.09622641209602034, "max_depth": 9.0, "num_boost_round": 4.0}, "datetime": {"datetime": "2024-01-19 00:13:08", "elapsed": 108.322569, "delta": 0.0004}}
{"target": -13.758532528178089, "params": {"gamma": 872.7601576395272, "log10_alpha": -1.1663197824179727, "log10_colsample_bytree": -0.6898112475654633, "log10_eta": -3.7345726193040356, "log10_lambda": -1.402934935679212, "log10_min_child_weight": 4.751848114046728, "log10_subsample": -0.09622641209602034, "max_depth": 9.0, "num_boost_round": 5.0}, "datetime": {"datetime": "2024-01-19 00:13:08", "elapsed": 108.323029, "delta": 0.00046}}
{"target": -13.758533942063462, "params": {"gamma": 872.7601576395272, "log10_alpha": -1.1663197824179727, "log10_colsample_bytree": -0.6898112475654633, "log10_eta": -3.7345726193040356, "log10_lambda": -1.402934935679212, "log10_min_child_weight": 4.751848114046728, "log10_subsample": -0.09622641209602034, "max_depth": 9.0, "num_boost_round": 6.0}, "datetime": {"datetime": "2024-01-19 00:13:08", "elapsed": 108.323402, "delta": 0.000373}}
{"target": -13.758532555972002, "params": {"gamma": 872.7601576395272, "log10_alpha": -1.1663197824179727, "log10_colsample_bytree": -0.6898112475654633, "log10_eta": -3.7345726193040356, "log10_lambda": -1.402934935679212, "log10_min_child_weight": 4.751848114046728, "log10_subsample": -0.09622641209602034, "max_depth": 9.0, "num_boost_round": 7.0}, "datetime": {"datetime": "2024-01-19 00:13:08", "elapsed": 108.323793, "delta": 0.000391}}
{"target": -13.758531547916254, "params": {"gamma": 872.7601576395272, "log10_alpha": -1.1663197824179727, "log10_colsample_bytree": -0.6898112475654633, "log10_eta": -3.7345726193040356, "log10_lambda": -1.402934935679212, "log10_min_child_weight": 4.751848114046728, "log10_subsample": -0.09622641209602034, "max_depth": 9.0, "num_boost_round": 8.0}, "datetime": {"datetime": "2024-01-19 00:13:08", "elapsed": 108.32418, "delta": 0.000387}}
{"target": -13.758530645460542, "params": {"gamma": 872.7601576395272, "log10_alpha": -1.1663197824179727, "log10_colsample_bytree": -0.6898112475654633, "log10_eta": -3.7345726193040356, "log10_lambda": -1.402934935679212, "log10_min_child_weight": 4.751848114046728, "log10_subsample": -0.09622641209602034, "max_depth": 9.0, "num_boost_round": 9.0}, "datetime": {"datetime": "2024-01-19 00:13:08", "elapsed": 108.324577, "delta": 0.000397}}
{"target": -13.758529954259501, "params": {"gamma": 872.7601576395272, "log10_alpha": -1.1663197824179727, "log10_colsample_bytree": -0.6898112475654633, "log10_eta": -3.7345726193040356, "log10_lambda": -1.402934935679212, "log10_min_child_weight": 4.751848114046728, "log10_subsample": -0.09622641209602034, "max_depth": 9.0, "num_boost_round": 10.0}, "datetime": {"datetime": "2024-01-19 00:13:08", "elapsed": 108.325, "delta": 0.000423}}
