{"target": -13.758346799172587, "params": {"gamma": 49.7296235089022, "log10_alpha": -2.345730986605925, "log10_colsample_bytree": -0.9414996518055144, "log10_eta": -2.9371885673934894, "log10_lambda": -3.634437336788674, "log10_min_child_weight": 3.7356860110481453, "log10_subsample": -0.12651806382147424, "max_depth": 7.0, "num_boost_round": 17.0}, "datetime": {"datetime": "2024-01-19 01:10:18", "elapsed": 3526.40422, "delta": 0.00352}}
{"target": -13.758315832764486, "params": {"gamma": 49.7296235089022, "log10_alpha": -2.345730986605925, "log10_colsample_bytree": -0.9414996518055144, "log10_eta": -2.9371885673934894, "log10_lambda": -3.634437336788674, "log10_min_child_weight": 3.7356860110481453, "log10_subsample": -0.12651806382147424, "max_depth": 7.0, "num_boost_round": 18.0}, "datetime": {"datetime": "2024-01-19 01:10:18", "elapsed": 3526.40766, "delta": 0.00344}}
{"target": -13.758294290210435, "params": {"gamma": 49.7296235089022, "log10_alpha": -2.345730986605925, "log10_colsample_bytree": -0.9414996518055144, "log10_eta": -2.9371885673934894, "log10_lambda": -3.634437336788674, "log10_min_child_weight": 3.7356860110481453, "log10_subsample": -0.12651806382147424, "max_depth": 7.0, "num_boost_round": 19.0}, "datetime": {"datetime": "2024-01-19 01:10:18", "elapsed": 3526.411257, "delta": 0.003597}}
{"target": -13.758279873456308, "params": {"gamma": 49.7296235089022, "log10_alpha": -2.345730986605925, "log10_colsample_bytree": -0.9414996518055144, "log10_eta": -2.9371885673934894, "log10_lambda": -3.634437336788674, "log10_min_child_weight": 3.7356860110481453, "log10_subsample": -0.12651806382147424, "max_depth": 7.0, "num_boost_round": 20.0}, "datetime": {"datetime": "2024-01-19 01:10:18", "elapsed": 3526.414667, "delta": 0.00341}}
{"target": -13.758249468867454, "params": {"gamma": 49.7296235089022, "log10_alpha": -2.345730986605925, "log10_colsample_bytree": -0.9414996518055144, "log10_eta": -2.9371885673934894, "log10_lambda": -3.634437336788674, "log10_min_child_weight": 3.7356860110481453, "log10_subsample": -0.12651806382147424, "max_depth": 7.0, "num_boost_round": 21.0}, "datetime": {"datetime": "2024-01-19 01:10:18", "elapsed": 3526.418202, "delta": 0.003535}}
{"target": -13.758228877437876, "params": {"gamma": 49.7296235089022, "log10_alpha": -2.345730986605925, "log10_colsample_bytree": -0.9414996518055144, "log10_eta": -2.9371885673934894, "log10_lambda": -3.634437336788674, "log10_min_child_weight": 3.7356860110481453, "log10_subsample": -0.12651806382147424, "max_depth": 7.0, "num_boost_round": 22.0}, "datetime": {"datetime": "2024-01-19 01:10:18", "elapsed": 3526.421652, "delta": 0.00345}}
{"target": -13.758202199176296, "params": {"gamma": 49.7296235089022, "log10_alpha": -2.345730986605925, "log10_colsample_bytree": -0.9414996518055144, "log10_eta": -2.9371885673934894, "log10_lambda": -3.634437336788674, "log10_min_child_weight": 3.7356860110481453, "log10_subsample": -0.12651806382147424, "max_depth": 7.0, "num_boost_round": 23.0}, "datetime": {"datetime": "2024-01-19 01:10:18", "elapsed": 3526.425143, "delta": 0.003491}}
{"target": -13.758209987510993, "params": {"gamma": 49.7296235089022, "log10_alpha": -2.345730986605925, "log10_colsample_bytree": -0.9414996518055144, "log10_eta": -2.9371885673934894, "log10_lambda": -3.634437336788674, "log10_min_child_weight": 3.7356860110481453, "log10_subsample": -0.12651806382147424, "max_depth": 7.0, "num_boost_round": 24.0}, "datetime": {"datetime": "2024-01-19 01:10:18", "elapsed": 3526.428663, "delta": 0.00352}}
{"target": -13.758205512503613, "params": {"gamma": 49.7296235089022, "log10_alpha": -2.345730986605925, "log10_colsample_bytree": -0.9414996518055144, "log10_eta": -2.9371885673934894, "log10_lambda": -3.634437336788674, "log10_min_child_weight": 3.7356860110481453, "log10_subsample": -0.12651806382147424, "max_depth": 7.0, "num_boost_round": 25.0}, "datetime": {"datetime": "2024-01-19 01:10:18", "elapsed": 3526.432146, "delta": 0.003483}}
{"target": -13.758183012193541, "params": {"gamma": 49.7296235089022, "log10_alpha": -2.345730986605925, "log10_colsample_bytree": -0.9414996518055144, "log10_eta": -2.9371885673934894, "log10_lambda": -3.634437336788674, "log10_min_child_weight": 3.7356860110481453, "log10_subsample": -0.12651806382147424, "max_depth": 7.0, "num_boost_round": 26.0}, "datetime": {"datetime": "2024-01-19 01:10:18", "elapsed": 3526.435619, "delta": 0.003473}}
{"target": -13.758170284624128, "params": {"gamma": 49.7296235089022, "log10_alpha": -2.345730986605925, "log10_colsample_bytree": -0.9414996518055144, "log10_eta": -2.9371885673934894, "log10_lambda": -3.634437336788674, "log10_min_child_weight": 3.7356860110481453, "log10_subsample": -0.12651806382147424, "max_depth": 7.0, "num_boost_round": 27.0}, "datetime": {"datetime": "2024-01-19 01:10:18", "elapsed": 3526.439108, "delta": 0.003489}}
{"target": -13.758152198106464, "params": {"gamma": 49.7296235089022, "log10_alpha": -2.345730986605925, "log10_colsample_bytree": -0.9414996518055144, "log10_eta": -2.9371885673934894, "log10_lambda": -3.634437336788674, "log10_min_child_weight": 3.7356860110481453, "log10_subsample": -0.12651806382147424, "max_depth": 7.0, "num_boost_round": 28.0}, "datetime": {"datetime": "2024-01-19 01:10:18", "elapsed": 3526.442534, "delta": 0.003426}}
{"target": -13.758135525394076, "params": {"gamma": 49.7296235089022, "log10_alpha": -2.345730986605925, "log10_colsample_bytree": -0.9414996518055144, "log10_eta": -2.9371885673934894, "log10_lambda": -3.634437336788674, "log10_min_child_weight": 3.7356860110481453, "log10_subsample": -0.12651806382147424, "max_depth": 7.0, "num_boost_round": 29.0}, "datetime": {"datetime": "2024-01-19 01:10:18", "elapsed": 3526.446029, "delta": 0.003495}}
{"target": -13.758124566525163, "params": {"gamma": 49.7296235089022, "log10_alpha": -2.345730986605925, "log10_colsample_bytree": -0.9414996518055144, "log10_eta": -2.9371885673934894, "log10_lambda": -3.634437336788674, "log10_min_child_weight": 3.7356860110481453, "log10_subsample": -0.12651806382147424, "max_depth": 7.0, "num_boost_round": 30.0}, "datetime": {"datetime": "2024-01-19 01:10:18", "elapsed": 3526.449506, "delta": 0.003477}}
{"target": -13.758082431919217, "params": {"gamma": 49.7296235089022, "log10_alpha": -2.345730986605925, "log10_colsample_bytree": -0.9414996518055144, "log10_eta": -2.9371885673934894, "log10_lambda": -3.634437336788674, "log10_min_child_weight": 3.7356860110481453, "log10_subsample": -0.12651806382147424, "max_depth": 7.0, "num_boost_round": 31.0}, "datetime": {"datetime": "2024-01-19 01:10:18", "elapsed": 3526.453085, "delta": 0.003579}}
{"target": -13.758064517146515, "params": {"gamma": 49.7296235089022, "log10_alpha": -2.345730986605925, "log10_colsample_bytree": -0.9414996518055144, "log10_eta": -2.9371885673934894, "log10_lambda": -3.634437336788674, "log10_min_child_weight": 3.7356860110481453, "log10_subsample": -0.12651806382147424, "max_depth": 7.0, "num_boost_round": 32.0}, "datetime": {"datetime": "2024-01-19 01:10:18", "elapsed": 3526.456582, "delta": 0.003497}}
{"target": -13.758027155154434, "params": {"gamma": 49.7296235089022, "log10_alpha": -2.345730986605925, "log10_colsample_bytree": -0.9414996518055144, "log10_eta": -2.9371885673934894, "log10_lambda": -3.634437336788674, "log10_min_child_weight": 3.7356860110481453, "log10_subsample": -0.12651806382147424, "max_depth": 7.0, "num_boost_round": 33.0}, "datetime": {"datetime": "2024-01-19 01:10:18", "elapsed": 3526.460083, "delta": 0.003501}}
{"target": -13.758420107084442, "params": {"gamma": 53.481832756454125, "log10_alpha": -4.074514977186299, "log10_colsample_bytree": -0.3590316694938719, "log10_eta": -1.771786817338679, "log10_lambda": -3.630660139239899, "log10_min_child_weight": 4.777916997151665, "log10_subsample": -0.8275896828838055, "max_depth": 4.0, "num_boost_round": 0.0}, "datetime": {"datetime": "2024-01-19 01:11:00", "elapsed": 3568.192692, "delta": 41.732609}}
{"target": -13.758378531203588, "params": {"gamma": 53.481832756454125, "log10_alpha": -4.074514977186299, "log10_colsample_bytree": -0.3590316694938719, "log10_eta": -1.771786817338679, "log10_lambda": -3.630660139239899, "log10_min_child_weight": 4.777916997151665, "log10_subsample": -0.8275896828838055, "max_depth": 4.0, "num_boost_round": 1.0}, "datetime": {"datetime": "2024-01-19 01:11:00", "elapsed": 3568.196449, "delta": 0.003757}}
{"target": -13.758354263232137, "params": {"gamma": 53.481832756454125, "log10_alpha": -4.074514977186299, "log10_colsample_bytree": -0.3590316694938719, "log10_eta": -1.771786817338679, "log10_lambda": -3.630660139239899, "log10_min_child_weight": 4.777916997151665, "log10_subsample": -0.8275896828838055, "max_depth": 4.0, "num_boost_round": 2.0}, "datetime": {"datetime": "2024-01-19 01:11:00", "elapsed": 3568.199998, "delta": 0.003549}}
{"target": -13.758294131982254, "params": {"gamma": 53.481832756454125, "log10_alpha": -4.074514977186299, "log10_colsample_bytree": -0.3590316694938719, "log10_eta": -1.771786817338679, "log10_lambda": -3.630660139239899, "log10_min_child_weight": 4.777916997151665, "log10_subsample": -0.8275896828838055, "max_depth": 4.0, "num_boost_round": 3.0}, "datetime": {"datetime": "2024-01-19 01:11:00", "elapsed": 3568.20342, "delta": 0.003422}}
{"target": -13.758262806429993, "params": {"gamma": 53.481832756454125, "log10_alpha": -4.074514977186299, "log10_colsample_bytree": -0.3590316694938719, "log10_eta": -1.771786817338679, "log10_lambda": -3.630660139239899, "log10_min_child_weight": 4.777916997151665, "log10_subsample": -0.8275896828838055, "max_depth": 4.0, "num_boost_round": 4.0}, "datetime": {"datetime": "2024-01-19 01:11:00", "elapsed": 3568.206899, "delta": 0.003479}}
{"target": -13.758197850806857, "params": {"gamma": 53.481832756454125, "log10_alpha": -4.074514977186299, "log10_colsample_bytree": -0.3590316694938719, "log10_eta": -1.771786817338679, "log10_lambda": -3.630660139239899, "log10_min_child_weight": 4.777916997151665, "log10_subsample": -0.8275896828838055, "max_depth": 4.0, "num_boost_round": 5.0}, "datetime": {"datetime": "2024-01-19 01:11:00", "elapsed": 3568.210477, "delta": 0.003578}}
{"target": -13.758211237703573, "params": {"gamma": 53.481832756454125, "log10_alpha": -4.074514977186299, "log10_colsample_bytree": -0.3590316694938719, "log10_eta": -1.771786817338679, "log10_lambda": -3.630660139239899, "log10_min_child_weight": 4.777916997151665, "log10_subsample": -0.8275896828838055, "max_depth": 4.0, "num_boost_round": 6.0}, "datetime": {"datetime": "2024-01-19 01:11:00", "elapsed": 3568.213929, "delta": 0.003452}}
{"target": -13.75819287273033, "params": {"gamma": 53.481832756454125, "log10_alpha": -4.074514977186299, "log10_colsample_bytree": -0.3590316694938719, "log10_eta": -1.771786817338679, "log10_lambda": -3.630660139239899, "log10_min_child_weight": 4.777916997151665, "log10_subsample": -0.8275896828838055, "max_depth": 4.0, "num_boost_round": 7.0}, "datetime": {"datetime": "2024-01-19 01:11:00", "elapsed": 3568.217396, "delta": 0.003467}}
{"target": -13.7582110317773, "params": {"gamma": 53.481832756454125, "log10_alpha": -4.074514977186299, "log10_colsample_bytree": -0.3590316694938719, "log10_eta": -1.771786817338679, "log10_lambda": -3.630660139239899, "log10_min_child_weight": 4.777916997151665, "log10_subsample": -0.8275896828838055, "max_depth": 4.0, "num_boost_round": 8.0}, "datetime": {"datetime": "2024-01-19 01:11:00", "elapsed": 3568.22084, "delta": 0.003444}}
{"target": -13.758232270084129, "params": {"gamma": 53.481832756454125, "log10_alpha": -4.074514977186299, "log10_colsample_bytree": -0.3590316694938719, "log10_eta": -1.771786817338679, "log10_lambda": -3.630660139239899, "log10_min_child_weight": 4.777916997151665, "log10_subsample": -0.8275896828838055, "max_depth": 4.0, "num_boost_round": 9.0}, "datetime": {"datetime": "2024-01-19 01:11:00", "elapsed": 3568.224276, "delta": 0.003436}}
{"target": -13.758210185834855, "params": {"gamma": 53.481832756454125, "log10_alpha": -4.074514977186299, "log10_colsample_bytree": -0.3590316694938719, "log10_eta": -1.771786817338679, "log10_lambda": -3.630660139239899, "log10_min_child_weight": 4.777916997151665, "log10_subsample": -0.8275896828838055, "max_depth": 4.0, "num_boost_round": 10.0}, "datetime": {"datetime": "2024-01-19 01:11:00", "elapsed": 3568.227707, "delta": 0.003431}}
{"target": -13.758140441134879, "params": {"gamma": 53.481832756454125, "log10_alpha": -4.074514977186299, "log10_colsample_bytree": -0.3590316694938719, "log10_eta": -1.771786817338679, "log10_lambda": -3.630660139239899, "log10_min_child_weight": 4.777916997151665, "log10_subsample": -0.8275896828838055, "max_depth": 4.0, "num_boost_round": 11.0}, "datetime": {"datetime": "2024-01-19 01:11:00", "elapsed": 3568.231218, "delta": 0.003511}}
{"target": -13.758507710607349, "params": {"gamma": 44.254026049646896, "log10_alpha": -4.133927484094981, "log10_colsample_bytree": -0.46946865968605334, "log10_eta": -2.8697604798854757, "log10_lambda": -4.084906153217236, "log10_min_child_weight": 0.922314003087466, "log10_subsample": -0.9539500829263556, "max_depth": 2.0, "num_boost_round": 0.0}, "datetime": {"datetime": "2024-01-19 01:11:45", "elapsed": 3613.323431, "delta": 45.092213}}
{"target": -13.758484228073257, "params": {"gamma": 44.254026049646896, "log10_alpha": -4.133927484094981, "log10_colsample_bytree": -0.46946865968605334, "log10_eta": -2.8697604798854757, "log10_lambda": -4.084906153217236, "log10_min_child_weight": 0.922314003087466, "log10_subsample": -0.9539500829263556, "max_depth": 2.0, "num_boost_round": 1.0}, "datetime": {"datetime": "2024-01-19 01:11:45", "elapsed": 3613.327117, "delta": 0.003686}}
{"target": -13.758445265883907, "params": {"gamma": 44.254026049646896, "log10_alpha": -4.133927484094981, "log10_colsample_bytree": -0.46946865968605334, "log10_eta": -2.8697604798854757, "log10_lambda": -4.084906153217236, "log10_min_child_weight": 0.922314003087466, "log10_subsample": -0.9539500829263556, "max_depth": 2.0, "num_boost_round": 2.0}, "datetime": {"datetime": "2024-01-19 01:11:45", "elapsed": 3613.330818, "delta": 0.003701}}
{"target": -13.758445703318836, "params": {"gamma": 44.254026049646896, "log10_alpha": -4.133927484094981, "log10_colsample_bytree": -0.46946865968605334, "log10_eta": -2.8697604798854757, "log10_lambda": -4.084906153217236, "log10_min_child_weight": 0.922314003087466, "log10_subsample": -0.9539500829263556, "max_depth": 2.0, "num_boost_round": 3.0}, "datetime": {"datetime": "2024-01-19 01:11:45", "elapsed": 3613.334279, "delta": 0.003461}}
{"target": -13.758428587091625, "params": {"gamma": 44.254026049646896, "log10_alpha": -4.133927484094981, "log10_colsample_bytree": -0.46946865968605334, "log10_eta": -2.8697604798854757, "log10_lambda": -4.084906153217236, "log10_min_child_weight": 0.922314003087466, "log10_subsample": -0.9539500829263556, "max_depth": 2.0, "num_boost_round": 4.0}, "datetime": {"datetime": "2024-01-19 01:11:45", "elapsed": 3613.337771, "delta": 0.003492}}
{"target": -13.75841796857947, "params": {"gamma": 44.254026049646896, "log10_alpha": -4.133927484094981, "log10_colsample_bytree": -0.46946865968605334, "log10_eta": -2.8697604798854757, "log10_lambda": -4.084906153217236, "log10_min_child_weight": 0.922314003087466, "log10_subsample": -0.9539500829263556, "max_depth": 2.0, "num_boost_round": 5.0}, "datetime": {"datetime": "2024-01-19 01:11:45", "elapsed": 3613.341192, "delta": 0.003421}}
{"target": -13.758419127623725, "params": {"gamma": 44.254026049646896, "log10_alpha": -4.133927484094981, "log10_colsample_bytree": -0.46946865968605334, "log10_eta": -2.8697604798854757, "log10_lambda": -4.084906153217236, "log10_min_child_weight": 0.922314003087466, "log10_subsample": -0.9539500829263556, "max_depth": 2.0, "num_boost_round": 6.0}, "datetime": {"datetime": "2024-01-19 01:11:45", "elapsed": 3613.34472, "delta": 0.003528}}
{"target": -13.758411378498021, "params": {"gamma": 44.254026049646896, "log10_alpha": -4.133927484094981, "log10_colsample_bytree": -0.46946865968605334, "log10_eta": -2.8697604798854757, "log10_lambda": -4.084906153217236, "log10_min_child_weight": 0.922314003087466, "log10_subsample": -0.9539500829263556, "max_depth": 2.0, "num_boost_round": 7.0}, "datetime": {"datetime": "2024-01-19 01:11:45", "elapsed": 3613.348383, "delta": 0.003663}}
{"target": -13.758401497764947, "params": {"gamma": 44.254026049646896, "log10_alpha": -4.133927484094981, "log10_colsample_bytree": -0.46946865968605334, "log10_eta": -2.8697604798854757, "log10_lambda": -4.084906153217236, "log10_min_child_weight": 0.922314003087466, "log10_subsample": -0.9539500829263556, "max_depth": 2.0, "num_boost_round": 8.0}, "datetime": {"datetime": "2024-01-19 01:11:45", "elapsed": 3613.351878, "delta": 0.003495}}
{"target": -13.758387931386789, "params": {"gamma": 44.254026049646896, "log10_alpha": -4.133927484094981, "log10_colsample_bytree": -0.46946865968605334, "log10_eta": -2.8697604798854757, "log10_lambda": -4.084906153217236, "log10_min_child_weight": 0.922314003087466, "log10_subsample": -0.9539500829263556, "max_depth": 2.0, "num_boost_round": 9.0}, "datetime": {"datetime": "2024-01-19 01:11:45", "elapsed": 3613.355345, "delta": 0.003467}}
{"target": -13.758360193172129, "params": {"gamma": 44.254026049646896, "log10_alpha": -4.133927484094981, "log10_colsample_bytree": -0.46946865968605334, "log10_eta": -2.8697604798854757, "log10_lambda": -4.084906153217236, "log10_min_child_weight": 0.922314003087466, "log10_subsample": -0.9539500829263556, "max_depth": 2.0, "num_boost_round": 10.0}, "datetime": {"datetime": "2024-01-19 01:11:45", "elapsed": 3613.358789, "delta": 0.003444}}
{"target": -13.758341312571314, "params": {"gamma": 44.254026049646896, "log10_alpha": -4.133927484094981, "log10_colsample_bytree": -0.46946865968605334, "log10_eta": -2.8697604798854757, "log10_lambda": -4.084906153217236, "log10_min_child_weight": 0.922314003087466, "log10_subsample": -0.9539500829263556, "max_depth": 2.0, "num_boost_round": 11.0}, "datetime": {"datetime": "2024-01-19 01:11:45", "elapsed": 3613.362246, "delta": 0.003457}}
{"target": -13.758331089608287, "params": {"gamma": 44.254026049646896, "log10_alpha": -4.133927484094981, "log10_colsample_bytree": -0.46946865968605334, "log10_eta": -2.8697604798854757, "log10_lambda": -4.084906153217236, "log10_min_child_weight": 0.922314003087466, "log10_subsample": -0.9539500829263556, "max_depth": 2.0, "num_boost_round": 12.0}, "datetime": {"datetime": "2024-01-19 01:11:45", "elapsed": 3613.365729, "delta": 0.003483}}
{"target": -13.758332349149123, "params": {"gamma": 44.254026049646896, "log10_alpha": -4.133927484094981, "log10_colsample_bytree": -0.46946865968605334, "log10_eta": -2.8697604798854757, "log10_lambda": -4.084906153217236, "log10_min_child_weight": 0.922314003087466, "log10_subsample": -0.9539500829263556, "max_depth": 2.0, "num_boost_round": 13.0}, "datetime": {"datetime": "2024-01-19 01:11:45", "elapsed": 3613.369179, "delta": 0.00345}}
{"target": -13.758320149213311, "params": {"gamma": 44.254026049646896, "log10_alpha": -4.133927484094981, "log10_colsample_bytree": -0.46946865968605334, "log10_eta": -2.8697604798854757, "log10_lambda": -4.084906153217236, "log10_min_child_weight": 0.922314003087466, "log10_subsample": -0.9539500829263556, "max_depth": 2.0, "num_boost_round": 14.0}, "datetime": {"datetime": "2024-01-19 01:11:45", "elapsed": 3613.372695, "delta": 0.003516}}
{"target": -13.758305932077686, "params": {"gamma": 44.254026049646896, "log10_alpha": -4.133927484094981, "log10_colsample_bytree": -0.46946865968605334, "log10_eta": -2.8697604798854757, "log10_lambda": -4.084906153217236, "log10_min_child_weight": 0.922314003087466, "log10_subsample": -0.9539500829263556, "max_depth": 2.0, "num_boost_round": 15.0}, "datetime": {"datetime": "2024-01-19 01:11:45", "elapsed": 3613.37618, "delta": 0.003485}}
{"target": -13.758291301592713, "params": {"gamma": 44.254026049646896, "log10_alpha": -4.133927484094981, "log10_colsample_bytree": -0.46946865968605334, "log10_eta": -2.8697604798854757, "log10_lambda": -4.084906153217236, "log10_min_child_weight": 0.922314003087466, "log10_subsample": -0.9539500829263556, "max_depth": 2.0, "num_boost_round": 16.0}, "datetime": {"datetime": "2024-01-19 01:11:45", "elapsed": 3613.379617, "delta": 0.003437}}
{"target": -13.758289822734719, "params": {"gamma": 44.254026049646896, "log10_alpha": -4.133927484094981, "log10_colsample_bytree": -0.46946865968605334, "log10_eta": -2.8697604798854757, "log10_lambda": -4.084906153217236, "log10_min_child_weight": 0.922314003087466, "log10_subsample": -0.9539500829263556, "max_depth": 2.0, "num_boost_round": 17.0}, "datetime": {"datetime": "2024-01-19 01:11:45", "elapsed": 3613.383033, "delta": 0.003416}}
{"target": -13.758288520115393, "params": {"gamma": 44.254026049646896, "log10_alpha": -4.133927484094981, "log10_colsample_bytree": -0.46946865968605334, "log10_eta": -2.8697604798854757, "log10_lambda": -4.084906153217236, "log10_min_child_weight": 0.922314003087466, "log10_subsample": -0.9539500829263556, "max_depth": 2.0, "num_boost_round": 18.0}, "datetime": {"datetime": "2024-01-19 01:11:45", "elapsed": 3613.386474, "delta": 0.003441}}
{"target": -13.758271246820929, "params": {"gamma": 44.254026049646896, "log10_alpha": -4.133927484094981, "log10_colsample_bytree": -0.46946865968605334, "log10_eta": -2.8697604798854757, "log10_lambda": -4.084906153217236, "log10_min_child_weight": 0.922314003087466, "log10_subsample": -0.9539500829263556, "max_depth": 2.0, "num_boost_round": 19.0}, "datetime": {"datetime": "2024-01-19 01:11:45", "elapsed": 3613.390072, "delta": 0.003598}}
