{"target": -17.720596078972697, "params": {"gamma": 622.3053231142118, "log10_alpha": -4.821072130310133, "log10_colsample_bytree": -0.6276393651455379, "log10_eta": -0.9571665385580155, "log10_lambda": -3.666646450062482, "log10_min_child_weight": 4.4303703883628005, "log10_subsample": -0.05712109892937567, "max_depth": 8.0, "num_boost_round": 37.0}, "datetime": {"datetime": "2024-01-19 02:12:12", "elapsed": 7229.63445, "delta": 0.006677}}
{"target": -17.720879874308647, "params": {"gamma": 622.3053231142118, "log10_alpha": -4.821072130310133, "log10_colsample_bytree": -0.6276393651455379, "log10_eta": -0.9571665385580155, "log10_lambda": -3.666646450062482, "log10_min_child_weight": 4.4303703883628005, "log10_subsample": -0.05712109892937567, "max_depth": 8.0, "num_boost_round": 38.0}, "datetime": {"datetime": "2024-01-19 02:12:12", "elapsed": 7229.640888, "delta": 0.006438}}
{"target": -17.72109243528955, "params": {"gamma": 622.3053231142118, "log10_alpha": -4.821072130310133, "log10_colsample_bytree": -0.6276393651455379, "log10_eta": -0.9571665385580155, "log10_lambda": -3.666646450062482, "log10_min_child_weight": 4.4303703883628005, "log10_subsample": -0.05712109892937567, "max_depth": 8.0, "num_boost_round": 39.0}, "datetime": {"datetime": "2024-01-19 02:12:12", "elapsed": 7229.646597, "delta": 0.005709}}
{"target": -17.723772013373154, "params": {"gamma": 622.3053231142118, "log10_alpha": -4.821072130310133, "log10_colsample_bytree": -0.6276393651455379, "log10_eta": -0.9571665385580155, "log10_lambda": -3.666646450062482, "log10_min_child_weight": 4.4303703883628005, "log10_subsample": -0.05712109892937567, "max_depth": 8.0, "num_boost_round": 40.0}, "datetime": {"datetime": "2024-01-19 02:12:12", "elapsed": 7229.652465, "delta": 0.005868}}
{"target": -17.72589055769002, "params": {"gamma": 622.3053231142118, "log10_alpha": -4.821072130310133, "log10_colsample_bytree": -0.6276393651455379, "log10_eta": -0.9571665385580155, "log10_lambda": -3.666646450062482, "log10_min_child_weight": 4.4303703883628005, "log10_subsample": -0.05712109892937567, "max_depth": 8.0, "num_boost_round": 41.0}, "datetime": {"datetime": "2024-01-19 02:12:12", "elapsed": 7229.658264, "delta": 0.005799}}
{"target": -17.727334470816384, "params": {"gamma": 622.3053231142118, "log10_alpha": -4.821072130310133, "log10_colsample_bytree": -0.6276393651455379, "log10_eta": -0.9571665385580155, "log10_lambda": -3.666646450062482, "log10_min_child_weight": 4.4303703883628005, "log10_subsample": -0.05712109892937567, "max_depth": 8.0, "num_boost_round": 42.0}, "datetime": {"datetime": "2024-01-19 02:12:12", "elapsed": 7229.664078, "delta": 0.005814}}
{"target": -17.72813943170217, "params": {"gamma": 622.3053231142118, "log10_alpha": -4.821072130310133, "log10_colsample_bytree": -0.6276393651455379, "log10_eta": -0.9571665385580155, "log10_lambda": -3.666646450062482, "log10_min_child_weight": 4.4303703883628005, "log10_subsample": -0.05712109892937567, "max_depth": 8.0, "num_boost_round": 43.0}, "datetime": {"datetime": "2024-01-19 02:12:12", "elapsed": 7229.669925, "delta": 0.005847}}
{"target": -17.729200331615726, "params": {"gamma": 622.3053231142118, "log10_alpha": -4.821072130310133, "log10_colsample_bytree": -0.6276393651455379, "log10_eta": -0.9571665385580155, "log10_lambda": -3.666646450062482, "log10_min_child_weight": 4.4303703883628005, "log10_subsample": -0.05712109892937567, "max_depth": 8.0, "num_boost_round": 44.0}, "datetime": {"datetime": "2024-01-19 02:12:12", "elapsed": 7229.67566, "delta": 0.005735}}
{"target": -17.730894624130137, "params": {"gamma": 622.3053231142118, "log10_alpha": -4.821072130310133, "log10_colsample_bytree": -0.6276393651455379, "log10_eta": -0.9571665385580155, "log10_lambda": -3.666646450062482, "log10_min_child_weight": 4.4303703883628005, "log10_subsample": -0.05712109892937567, "max_depth": 8.0, "num_boost_round": 45.0}, "datetime": {"datetime": "2024-01-19 02:12:12", "elapsed": 7229.681399, "delta": 0.005739}}
{"target": -17.73112418459908, "params": {"gamma": 622.3053231142118, "log10_alpha": -4.821072130310133, "log10_colsample_bytree": -0.6276393651455379, "log10_eta": -0.9571665385580155, "log10_lambda": -3.666646450062482, "log10_min_child_weight": 4.4303703883628005, "log10_subsample": -0.05712109892937567, "max_depth": 8.0, "num_boost_round": 46.0}, "datetime": {"datetime": "2024-01-19 02:12:12", "elapsed": 7229.799188, "delta": 0.117789}}
{"target": -17.733596787754088, "params": {"gamma": 622.3053231142118, "log10_alpha": -4.821072130310133, "log10_colsample_bytree": -0.6276393651455379, "log10_eta": -0.9571665385580155, "log10_lambda": -3.666646450062482, "log10_min_child_weight": 4.4303703883628005, "log10_subsample": -0.05712109892937567, "max_depth": 8.0, "num_boost_round": 47.0}, "datetime": {"datetime": "2024-01-19 02:12:12", "elapsed": 7229.805965, "delta": 0.006777}}
{"target": -17.735874118125004, "params": {"gamma": 622.3053231142118, "log10_alpha": -4.821072130310133, "log10_colsample_bytree": -0.6276393651455379, "log10_eta": -0.9571665385580155, "log10_lambda": -3.666646450062482, "log10_min_child_weight": 4.4303703883628005, "log10_subsample": -0.05712109892937567, "max_depth": 8.0, "num_boost_round": 48.0}, "datetime": {"datetime": "2024-01-19 02:12:12", "elapsed": 7229.812071, "delta": 0.006106}}
{"target": -17.736976022707818, "params": {"gamma": 622.3053231142118, "log10_alpha": -4.821072130310133, "log10_colsample_bytree": -0.6276393651455379, "log10_eta": -0.9571665385580155, "log10_lambda": -3.666646450062482, "log10_min_child_weight": 4.4303703883628005, "log10_subsample": -0.05712109892937567, "max_depth": 8.0, "num_boost_round": 49.0}, "datetime": {"datetime": "2024-01-19 02:12:12", "elapsed": 7229.818186, "delta": 0.006115}}
{"target": -17.738977110353233, "params": {"gamma": 622.3053231142118, "log10_alpha": -4.821072130310133, "log10_colsample_bytree": -0.6276393651455379, "log10_eta": -0.9571665385580155, "log10_lambda": -3.666646450062482, "log10_min_child_weight": 4.4303703883628005, "log10_subsample": -0.05712109892937567, "max_depth": 8.0, "num_boost_round": 50.0}, "datetime": {"datetime": "2024-01-19 02:12:12", "elapsed": 7229.824165, "delta": 0.005979}}
{"target": -17.74016079986158, "params": {"gamma": 622.3053231142118, "log10_alpha": -4.821072130310133, "log10_colsample_bytree": -0.6276393651455379, "log10_eta": -0.9571665385580155, "log10_lambda": -3.666646450062482, "log10_min_child_weight": 4.4303703883628005, "log10_subsample": -0.05712109892937567, "max_depth": 8.0, "num_boost_round": 51.0}, "datetime": {"datetime": "2024-01-19 02:12:12", "elapsed": 7229.829973, "delta": 0.005808}}
{"target": -17.74034612707998, "params": {"gamma": 622.3053231142118, "log10_alpha": -4.821072130310133, "log10_colsample_bytree": -0.6276393651455379, "log10_eta": -0.9571665385580155, "log10_lambda": -3.666646450062482, "log10_min_child_weight": 4.4303703883628005, "log10_subsample": -0.05712109892937567, "max_depth": 8.0, "num_boost_round": 52.0}, "datetime": {"datetime": "2024-01-19 02:12:12", "elapsed": 7229.835811, "delta": 0.005838}}
{"target": -17.74137110999575, "params": {"gamma": 622.3053231142118, "log10_alpha": -4.821072130310133, "log10_colsample_bytree": -0.6276393651455379, "log10_eta": -0.9571665385580155, "log10_lambda": -3.666646450062482, "log10_min_child_weight": 4.4303703883628005, "log10_subsample": -0.05712109892937567, "max_depth": 8.0, "num_boost_round": 53.0}, "datetime": {"datetime": "2024-01-19 02:12:12", "elapsed": 7229.84162, "delta": 0.005809}}
{"target": -17.742763278269276, "params": {"gamma": 622.3053231142118, "log10_alpha": -4.821072130310133, "log10_colsample_bytree": -0.6276393651455379, "log10_eta": -0.9571665385580155, "log10_lambda": -3.666646450062482, "log10_min_child_weight": 4.4303703883628005, "log10_subsample": -0.05712109892937567, "max_depth": 8.0, "num_boost_round": 54.0}, "datetime": {"datetime": "2024-01-19 02:12:12", "elapsed": 7229.847457, "delta": 0.005837}}
{"target": -17.745101900431706, "params": {"gamma": 622.3053231142118, "log10_alpha": -4.821072130310133, "log10_colsample_bytree": -0.6276393651455379, "log10_eta": -0.9571665385580155, "log10_lambda": -3.666646450062482, "log10_min_child_weight": 4.4303703883628005, "log10_subsample": -0.05712109892937567, "max_depth": 8.0, "num_boost_round": 55.0}, "datetime": {"datetime": "2024-01-19 02:12:12", "elapsed": 7229.853693, "delta": 0.006236}}
{"target": -17.74647548210174, "params": {"gamma": 622.3053231142118, "log10_alpha": -4.821072130310133, "log10_colsample_bytree": -0.6276393651455379, "log10_eta": -0.9571665385580155, "log10_lambda": -3.666646450062482, "log10_min_child_weight": 4.4303703883628005, "log10_subsample": -0.05712109892937567, "max_depth": 8.0, "num_boost_round": 56.0}, "datetime": {"datetime": "2024-01-19 02:12:12", "elapsed": 7229.859754, "delta": 0.006061}}
{"target": -17.749078099105933, "params": {"gamma": 622.3053231142118, "log10_alpha": -4.821072130310133, "log10_colsample_bytree": -0.6276393651455379, "log10_eta": -0.9571665385580155, "log10_lambda": -3.666646450062482, "log10_min_child_weight": 4.4303703883628005, "log10_subsample": -0.05712109892937567, "max_depth": 8.0, "num_boost_round": 57.0}, "datetime": {"datetime": "2024-01-19 02:12:12", "elapsed": 7229.865585, "delta": 0.005831}}
{"target": -17.750723943332016, "params": {"gamma": 622.3053231142118, "log10_alpha": -4.821072130310133, "log10_colsample_bytree": -0.6276393651455379, "log10_eta": -0.9571665385580155, "log10_lambda": -3.666646450062482, "log10_min_child_weight": 4.4303703883628005, "log10_subsample": -0.05712109892937567, "max_depth": 8.0, "num_boost_round": 58.0}, "datetime": {"datetime": "2024-01-19 02:12:12", "elapsed": 7229.871483, "delta": 0.005898}}
{"target": -17.677034019130186, "params": {"gamma": 611.3442588597214, "log10_alpha": -2.9513330342685062, "log10_colsample_bytree": -0.8698230635536326, "log10_eta": -1.5965989549245938, "log10_lambda": -1.5701172190542771, "log10_min_child_weight": 4.320653771983578, "log10_subsample": -0.831606047743203, "max_depth": 2.0, "num_boost_round": 0.0}, "datetime": {"datetime": "2024-01-19 02:14:53", "elapsed": 7391.240798, "delta": 161.369315}}
{"target": -17.676772491618756, "params": {"gamma": 611.3442588597214, "log10_alpha": -2.9513330342685062, "log10_colsample_bytree": -0.8698230635536326, "log10_eta": -1.5965989549245938, "log10_lambda": -1.5701172190542771, "log10_min_child_weight": 4.320653771983578, "log10_subsample": -0.831606047743203, "max_depth": 2.0, "num_boost_round": 1.0}, "datetime": {"datetime": "2024-01-19 02:14:53", "elapsed": 7391.248006, "delta": 0.007208}}
{"target": -17.676831379957306, "params": {"gamma": 611.3442588597214, "log10_alpha": -2.9513330342685062, "log10_colsample_bytree": -0.8698230635536326, "log10_eta": -1.5965989549245938, "log10_lambda": -1.5701172190542771, "log10_min_child_weight": 4.320653771983578, "log10_subsample": -0.831606047743203, "max_depth": 2.0, "num_boost_round": 2.0}, "datetime": {"datetime": "2024-01-19 02:14:53", "elapsed": 7391.253988, "delta": 0.005982}}
{"target": -17.676750995585433, "params": {"gamma": 611.3442588597214, "log10_alpha": -2.9513330342685062, "log10_colsample_bytree": -0.8698230635536326, "log10_eta": -1.5965989549245938, "log10_lambda": -1.5701172190542771, "log10_min_child_weight": 4.320653771983578, "log10_subsample": -0.831606047743203, "max_depth": 2.0, "num_boost_round": 3.0}, "datetime": {"datetime": "2024-01-19 02:14:53", "elapsed": 7391.259938, "delta": 0.00595}}
{"target": -17.67647526876169, "params": {"gamma": 611.3442588597214, "log10_alpha": -2.9513330342685062, "log10_colsample_bytree": -0.8698230635536326, "log10_eta": -1.5965989549245938, "log10_lambda": -1.5701172190542771, "log10_min_child_weight": 4.320653771983578, "log10_subsample": -0.831606047743203, "max_depth": 2.0, "num_boost_round": 4.0}, "datetime": {"datetime": "2024-01-19 02:14:53", "elapsed": 7391.265879, "delta": 0.005941}}
{"target": -17.676455845171496, "params": {"gamma": 611.3442588597214, "log10_alpha": -2.9513330342685062, "log10_colsample_bytree": -0.8698230635536326, "log10_eta": -1.5965989549245938, "log10_lambda": -1.5701172190542771, "log10_min_child_weight": 4.320653771983578, "log10_subsample": -0.831606047743203, "max_depth": 2.0, "num_boost_round": 5.0}, "datetime": {"datetime": "2024-01-19 02:14:53", "elapsed": 7391.272043, "delta": 0.006164}}
{"target": -17.676289920582118, "params": {"gamma": 611.3442588597214, "log10_alpha": -2.9513330342685062, "log10_colsample_bytree": -0.8698230635536326, "log10_eta": -1.5965989549245938, "log10_lambda": -1.5701172190542771, "log10_min_child_weight": 4.320653771983578, "log10_subsample": -0.831606047743203, "max_depth": 2.0, "num_boost_round": 6.0}, "datetime": {"datetime": "2024-01-19 02:14:53", "elapsed": 7391.278183, "delta": 0.00614}}
{"target": -17.676107932135835, "params": {"gamma": 611.3442588597214, "log10_alpha": -2.9513330342685062, "log10_colsample_bytree": -0.8698230635536326, "log10_eta": -1.5965989549245938, "log10_lambda": -1.5701172190542771, "log10_min_child_weight": 4.320653771983578, "log10_subsample": -0.831606047743203, "max_depth": 2.0, "num_boost_round": 7.0}, "datetime": {"datetime": "2024-01-19 02:14:53", "elapsed": 7391.284066, "delta": 0.005883}}
{"target": -17.676211674621808, "params": {"gamma": 611.3442588597214, "log10_alpha": -2.9513330342685062, "log10_colsample_bytree": -0.8698230635536326, "log10_eta": -1.5965989549245938, "log10_lambda": -1.5701172190542771, "log10_min_child_weight": 4.320653771983578, "log10_subsample": -0.831606047743203, "max_depth": 2.0, "num_boost_round": 8.0}, "datetime": {"datetime": "2024-01-19 02:14:53", "elapsed": 7391.290018, "delta": 0.005952}}
{"target": -17.6762857217641, "params": {"gamma": 611.3442588597214, "log10_alpha": -2.9513330342685062, "log10_colsample_bytree": -0.8698230635536326, "log10_eta": -1.5965989549245938, "log10_lambda": -1.5701172190542771, "log10_min_child_weight": 4.320653771983578, "log10_subsample": -0.831606047743203, "max_depth": 2.0, "num_boost_round": 9.0}, "datetime": {"datetime": "2024-01-19 02:14:53", "elapsed": 7391.295923, "delta": 0.005905}}
{"target": -17.676364708159554, "params": {"gamma": 611.3442588597214, "log10_alpha": -2.9513330342685062, "log10_colsample_bytree": -0.8698230635536326, "log10_eta": -1.5965989549245938, "log10_lambda": -1.5701172190542771, "log10_min_child_weight": 4.320653771983578, "log10_subsample": -0.831606047743203, "max_depth": 2.0, "num_boost_round": 10.0}, "datetime": {"datetime": "2024-01-19 02:14:53", "elapsed": 7391.302212, "delta": 0.006289}}
{"target": -17.676035991671785, "params": {"gamma": 611.3442588597214, "log10_alpha": -2.9513330342685062, "log10_colsample_bytree": -0.8698230635536326, "log10_eta": -1.5965989549245938, "log10_lambda": -1.5701172190542771, "log10_min_child_weight": 4.320653771983578, "log10_subsample": -0.831606047743203, "max_depth": 2.0, "num_boost_round": 11.0}, "datetime": {"datetime": "2024-01-19 02:14:53", "elapsed": 7391.308324, "delta": 0.006112}}
{"target": -17.675978281233135, "params": {"gamma": 611.3442588597214, "log10_alpha": -2.9513330342685062, "log10_colsample_bytree": -0.8698230635536326, "log10_eta": -1.5965989549245938, "log10_lambda": -1.5701172190542771, "log10_min_child_weight": 4.320653771983578, "log10_subsample": -0.831606047743203, "max_depth": 2.0, "num_boost_round": 12.0}, "datetime": {"datetime": "2024-01-19 02:14:53", "elapsed": 7391.314255, "delta": 0.005931}}
{"target": -17.67576933043973, "params": {"gamma": 611.3442588597214, "log10_alpha": -2.9513330342685062, "log10_colsample_bytree": -0.8698230635536326, "log10_eta": -1.5965989549245938, "log10_lambda": -1.5701172190542771, "log10_min_child_weight": 4.320653771983578, "log10_subsample": -0.831606047743203, "max_depth": 2.0, "num_boost_round": 13.0}, "datetime": {"datetime": "2024-01-19 02:14:53", "elapsed": 7391.320103, "delta": 0.005848}}
{"target": -17.675866665984447, "params": {"gamma": 611.3442588597214, "log10_alpha": -2.9513330342685062, "log10_colsample_bytree": -0.8698230635536326, "log10_eta": -1.5965989549245938, "log10_lambda": -1.5701172190542771, "log10_min_child_weight": 4.320653771983578, "log10_subsample": -0.831606047743203, "max_depth": 2.0, "num_boost_round": 14.0}, "datetime": {"datetime": "2024-01-19 02:14:53", "elapsed": 7391.325944, "delta": 0.005841}}
{"target": -17.675601981939106, "params": {"gamma": 611.3442588597214, "log10_alpha": -2.9513330342685062, "log10_colsample_bytree": -0.8698230635536326, "log10_eta": -1.5965989549245938, "log10_lambda": -1.5701172190542771, "log10_min_child_weight": 4.320653771983578, "log10_subsample": -0.831606047743203, "max_depth": 2.0, "num_boost_round": 15.0}, "datetime": {"datetime": "2024-01-19 02:14:53", "elapsed": 7391.332144, "delta": 0.0062}}
{"target": -17.675366467519748, "params": {"gamma": 611.3442588597214, "log10_alpha": -2.9513330342685062, "log10_colsample_bytree": -0.8698230635536326, "log10_eta": -1.5965989549245938, "log10_lambda": -1.5701172190542771, "log10_min_child_weight": 4.320653771983578, "log10_subsample": -0.831606047743203, "max_depth": 2.0, "num_boost_round": 16.0}, "datetime": {"datetime": "2024-01-19 02:14:53", "elapsed": 7391.338404, "delta": 0.00626}}
{"target": -17.675396564637285, "params": {"gamma": 611.3442588597214, "log10_alpha": -2.9513330342685062, "log10_colsample_bytree": -0.8698230635536326, "log10_eta": -1.5965989549245938, "log10_lambda": -1.5701172190542771, "log10_min_child_weight": 4.320653771983578, "log10_subsample": -0.831606047743203, "max_depth": 2.0, "num_boost_round": 17.0}, "datetime": {"datetime": "2024-01-19 02:14:54", "elapsed": 7391.345361, "delta": 0.006957}}
{"target": -17.67541749008109, "params": {"gamma": 611.3442588597214, "log10_alpha": -2.9513330342685062, "log10_colsample_bytree": -0.8698230635536326, "log10_eta": -1.5965989549245938, "log10_lambda": -1.5701172190542771, "log10_min_child_weight": 4.320653771983578, "log10_subsample": -0.831606047743203, "max_depth": 2.0, "num_boost_round": 18.0}, "datetime": {"datetime": "2024-01-19 02:14:54", "elapsed": 7391.352121, "delta": 0.00676}}
{"target": -17.675394899404445, "params": {"gamma": 611.3442588597214, "log10_alpha": -2.9513330342685062, "log10_colsample_bytree": -0.8698230635536326, "log10_eta": -1.5965989549245938, "log10_lambda": -1.5701172190542771, "log10_min_child_weight": 4.320653771983578, "log10_subsample": -0.831606047743203, "max_depth": 2.0, "num_boost_round": 19.0}, "datetime": {"datetime": "2024-01-19 02:14:54", "elapsed": 7391.358244, "delta": 0.006123}}
{"target": -17.675431008734606, "params": {"gamma": 611.3442588597214, "log10_alpha": -2.9513330342685062, "log10_colsample_bytree": -0.8698230635536326, "log10_eta": -1.5965989549245938, "log10_lambda": -1.5701172190542771, "log10_min_child_weight": 4.320653771983578, "log10_subsample": -0.831606047743203, "max_depth": 2.0, "num_boost_round": 20.0}, "datetime": {"datetime": "2024-01-19 02:14:54", "elapsed": 7391.36415, "delta": 0.005906}}
{"target": -17.675594247481463, "params": {"gamma": 611.3442588597214, "log10_alpha": -2.9513330342685062, "log10_colsample_bytree": -0.8698230635536326, "log10_eta": -1.5965989549245938, "log10_lambda": -1.5701172190542771, "log10_min_child_weight": 4.320653771983578, "log10_subsample": -0.831606047743203, "max_depth": 2.0, "num_boost_round": 21.0}, "datetime": {"datetime": "2024-01-19 02:14:54", "elapsed": 7391.37002, "delta": 0.00587}}
{"target": -17.675645100752988, "params": {"gamma": 611.3442588597214, "log10_alpha": -2.9513330342685062, "log10_colsample_bytree": -0.8698230635536326, "log10_eta": -1.5965989549245938, "log10_lambda": -1.5701172190542771, "log10_min_child_weight": 4.320653771983578, "log10_subsample": -0.831606047743203, "max_depth": 2.0, "num_boost_round": 22.0}, "datetime": {"datetime": "2024-01-19 02:14:54", "elapsed": 7391.376238, "delta": 0.006218}}
{"target": -17.675589712811643, "params": {"gamma": 611.3442588597214, "log10_alpha": -2.9513330342685062, "log10_colsample_bytree": -0.8698230635536326, "log10_eta": -1.5965989549245938, "log10_lambda": -1.5701172190542771, "log10_min_child_weight": 4.320653771983578, "log10_subsample": -0.831606047743203, "max_depth": 2.0, "num_boost_round": 23.0}, "datetime": {"datetime": "2024-01-19 02:14:54", "elapsed": 7391.382609, "delta": 0.006371}}
{"target": -17.675744425901105, "params": {"gamma": 611.3442588597214, "log10_alpha": -2.9513330342685062, "log10_colsample_bytree": -0.8698230635536326, "log10_eta": -1.5965989549245938, "log10_lambda": -1.5701172190542771, "log10_min_child_weight": 4.320653771983578, "log10_subsample": -0.831606047743203, "max_depth": 2.0, "num_boost_round": 24.0}, "datetime": {"datetime": "2024-01-19 02:14:54", "elapsed": 7391.388649, "delta": 0.00604}}
{"target": -17.67565338660787, "params": {"gamma": 611.3442588597214, "log10_alpha": -2.9513330342685062, "log10_colsample_bytree": -0.8698230635536326, "log10_eta": -1.5965989549245938, "log10_lambda": -1.5701172190542771, "log10_min_child_weight": 4.320653771983578, "log10_subsample": -0.831606047743203, "max_depth": 2.0, "num_boost_round": 25.0}, "datetime": {"datetime": "2024-01-19 02:14:54", "elapsed": 7391.39459, "delta": 0.005941}}
{"target": -17.675766111594378, "params": {"gamma": 611.3442588597214, "log10_alpha": -2.9513330342685062, "log10_colsample_bytree": -0.8698230635536326, "log10_eta": -1.5965989549245938, "log10_lambda": -1.5701172190542771, "log10_min_child_weight": 4.320653771983578, "log10_subsample": -0.831606047743203, "max_depth": 2.0, "num_boost_round": 26.0}, "datetime": {"datetime": "2024-01-19 02:14:54", "elapsed": 7391.40063, "delta": 0.00604}}
