{"target": -17.677121197427592, "params": {"gamma": 828.3401353266738, "log10_alpha": -2.2487103241168445, "log10_colsample_bytree": -0.9242135692863348, "log10_eta": -3.4584822990046926, "log10_lambda": -0.38154793445481694, "log10_min_child_weight": 3.592428322437089, "log10_subsample": -0.9276716292158755, "max_depth": 8.0, "num_boost_round": 27.0}, "datetime": {"datetime": "2024-01-19 01:08:27", "elapsed": 3392.234329, "delta": 0.004587}}
{"target": -17.67711742674694, "params": {"gamma": 828.3401353266738, "log10_alpha": -2.2487103241168445, "log10_colsample_bytree": -0.9242135692863348, "log10_eta": -3.4584822990046926, "log10_lambda": -0.38154793445481694, "log10_min_child_weight": 3.592428322437089, "log10_subsample": -0.9276716292158755, "max_depth": 8.0, "num_boost_round": 28.0}, "datetime": {"datetime": "2024-01-19 01:08:27", "elapsed": 3392.238853, "delta": 0.004524}}
{"target": -17.67710693685868, "params": {"gamma": 828.3401353266738, "log10_alpha": -2.2487103241168445, "log10_colsample_bytree": -0.9242135692863348, "log10_eta": -3.4584822990046926, "log10_lambda": -0.38154793445481694, "log10_min_child_weight": 3.592428322437089, "log10_subsample": -0.9276716292158755, "max_depth": 8.0, "num_boost_round": 29.0}, "datetime": {"datetime": "2024-01-19 01:08:27", "elapsed": 3392.243378, "delta": 0.004525}}
{"target": -17.677098797649048, "params": {"gamma": 828.3401353266738, "log10_alpha": -2.2487103241168445, "log10_colsample_bytree": -0.9242135692863348, "log10_eta": -3.4584822990046926, "log10_lambda": -0.38154793445481694, "log10_min_child_weight": 3.592428322437089, "log10_subsample": -0.9276716292158755, "max_depth": 8.0, "num_boost_round": 30.0}, "datetime": {"datetime": "2024-01-19 01:08:27", "elapsed": 3392.247902, "delta": 0.004524}}
{"target": -17.67710217276431, "params": {"gamma": 828.3401353266738, "log10_alpha": -2.2487103241168445, "log10_colsample_bytree": -0.9242135692863348, "log10_eta": -3.4584822990046926, "log10_lambda": -0.38154793445481694, "log10_min_child_weight": 3.592428322437089, "log10_subsample": -0.9276716292158755, "max_depth": 8.0, "num_boost_round": 31.0}, "datetime": {"datetime": "2024-01-19 01:08:27", "elapsed": 3392.252374, "delta": 0.004472}}
{"target": -17.677102257065442, "params": {"gamma": 828.3401353266738, "log10_alpha": -2.2487103241168445, "log10_colsample_bytree": -0.9242135692863348, "log10_eta": -3.4584822990046926, "log10_lambda": -0.38154793445481694, "log10_min_child_weight": 3.592428322437089, "log10_subsample": -0.9276716292158755, "max_depth": 8.0, "num_boost_round": 32.0}, "datetime": {"datetime": "2024-01-19 01:08:27", "elapsed": 3392.256913, "delta": 0.004539}}
{"target": -17.67710097031084, "params": {"gamma": 828.3401353266738, "log10_alpha": -2.2487103241168445, "log10_colsample_bytree": -0.9242135692863348, "log10_eta": -3.4584822990046926, "log10_lambda": -0.38154793445481694, "log10_min_child_weight": 3.592428322437089, "log10_subsample": -0.9276716292158755, "max_depth": 8.0, "num_boost_round": 33.0}, "datetime": {"datetime": "2024-01-19 01:08:27", "elapsed": 3392.261496, "delta": 0.004583}}
{"target": -17.677097398788806, "params": {"gamma": 828.3401353266738, "log10_alpha": -2.2487103241168445, "log10_colsample_bytree": -0.9242135692863348, "log10_eta": -3.4584822990046926, "log10_lambda": -0.38154793445481694, "log10_min_child_weight": 3.592428322437089, "log10_subsample": -0.9276716292158755, "max_depth": 8.0, "num_boost_round": 34.0}, "datetime": {"datetime": "2024-01-19 01:08:27", "elapsed": 3392.266024, "delta": 0.004528}}
{"target": -17.677089156300692, "params": {"gamma": 828.3401353266738, "log10_alpha": -2.2487103241168445, "log10_colsample_bytree": -0.9242135692863348, "log10_eta": -3.4584822990046926, "log10_lambda": -0.38154793445481694, "log10_min_child_weight": 3.592428322437089, "log10_subsample": -0.9276716292158755, "max_depth": 8.0, "num_boost_round": 35.0}, "datetime": {"datetime": "2024-01-19 01:08:27", "elapsed": 3392.271537, "delta": 0.005513}}
{"target": -17.677092300855215, "params": {"gamma": 828.3401353266738, "log10_alpha": -2.2487103241168445, "log10_colsample_bytree": -0.9242135692863348, "log10_eta": -3.4584822990046926, "log10_lambda": -0.38154793445481694, "log10_min_child_weight": 3.592428322437089, "log10_subsample": -0.9276716292158755, "max_depth": 8.0, "num_boost_round": 36.0}, "datetime": {"datetime": "2024-01-19 01:08:27", "elapsed": 3392.27637, "delta": 0.004833}}
{"target": -17.677093494961195, "params": {"gamma": 828.3401353266738, "log10_alpha": -2.2487103241168445, "log10_colsample_bytree": -0.9242135692863348, "log10_eta": -3.4584822990046926, "log10_lambda": -0.38154793445481694, "log10_min_child_weight": 3.592428322437089, "log10_subsample": -0.9276716292158755, "max_depth": 8.0, "num_boost_round": 37.0}, "datetime": {"datetime": "2024-01-19 01:08:27", "elapsed": 3392.280949, "delta": 0.004579}}
{"target": -17.677089842254553, "params": {"gamma": 828.3401353266738, "log10_alpha": -2.2487103241168445, "log10_colsample_bytree": -0.9242135692863348, "log10_eta": -3.4584822990046926, "log10_lambda": -0.38154793445481694, "log10_min_child_weight": 3.592428322437089, "log10_subsample": -0.9276716292158755, "max_depth": 8.0, "num_boost_round": 38.0}, "datetime": {"datetime": "2024-01-19 01:08:27", "elapsed": 3392.285433, "delta": 0.004484}}
{"target": -17.677089541093533, "params": {"gamma": 828.3401353266738, "log10_alpha": -2.2487103241168445, "log10_colsample_bytree": -0.9242135692863348, "log10_eta": -3.4584822990046926, "log10_lambda": -0.38154793445481694, "log10_min_child_weight": 3.592428322437089, "log10_subsample": -0.9276716292158755, "max_depth": 8.0, "num_boost_round": 39.0}, "datetime": {"datetime": "2024-01-19 01:08:27", "elapsed": 3392.290107, "delta": 0.004674}}
{"target": -17.677092723355802, "params": {"gamma": 828.3401353266738, "log10_alpha": -2.2487103241168445, "log10_colsample_bytree": -0.9242135692863348, "log10_eta": -3.4584822990046926, "log10_lambda": -0.38154793445481694, "log10_min_child_weight": 3.592428322437089, "log10_subsample": -0.9276716292158755, "max_depth": 8.0, "num_boost_round": 40.0}, "datetime": {"datetime": "2024-01-19 01:08:27", "elapsed": 3392.294696, "delta": 0.004589}}
{"target": -17.67709398169265, "params": {"gamma": 828.3401353266738, "log10_alpha": -2.2487103241168445, "log10_colsample_bytree": -0.9242135692863348, "log10_eta": -3.4584822990046926, "log10_lambda": -0.38154793445481694, "log10_min_child_weight": 3.592428322437089, "log10_subsample": -0.9276716292158755, "max_depth": 8.0, "num_boost_round": 41.0}, "datetime": {"datetime": "2024-01-19 01:08:27", "elapsed": 3392.299251, "delta": 0.004555}}
{"target": -17.6770894147135, "params": {"gamma": 828.3401353266738, "log10_alpha": -2.2487103241168445, "log10_colsample_bytree": -0.9242135692863348, "log10_eta": -3.4584822990046926, "log10_lambda": -0.38154793445481694, "log10_min_child_weight": 3.592428322437089, "log10_subsample": -0.9276716292158755, "max_depth": 8.0, "num_boost_round": 42.0}, "datetime": {"datetime": "2024-01-19 01:08:27", "elapsed": 3392.303891, "delta": 0.00464}}
{"target": -17.677083415266594, "params": {"gamma": 828.3401353266738, "log10_alpha": -2.2487103241168445, "log10_colsample_bytree": -0.9242135692863348, "log10_eta": -3.4584822990046926, "log10_lambda": -0.38154793445481694, "log10_min_child_weight": 3.592428322437089, "log10_subsample": -0.9276716292158755, "max_depth": 8.0, "num_boost_round": 43.0}, "datetime": {"datetime": "2024-01-19 01:08:27", "elapsed": 3392.308511, "delta": 0.00462}}
{"target": -17.677078725576276, "params": {"gamma": 828.3401353266738, "log10_alpha": -2.2487103241168445, "log10_colsample_bytree": -0.9242135692863348, "log10_eta": -3.4584822990046926, "log10_lambda": -0.38154793445481694, "log10_min_child_weight": 3.592428322437089, "log10_subsample": -0.9276716292158755, "max_depth": 8.0, "num_boost_round": 44.0}, "datetime": {"datetime": "2024-01-19 01:08:27", "elapsed": 3392.313069, "delta": 0.004558}}
{"target": -17.677073918652166, "params": {"gamma": 828.3401353266738, "log10_alpha": -2.2487103241168445, "log10_colsample_bytree": -0.9242135692863348, "log10_eta": -3.4584822990046926, "log10_lambda": -0.38154793445481694, "log10_min_child_weight": 3.592428322437089, "log10_subsample": -0.9276716292158755, "max_depth": 8.0, "num_boost_round": 45.0}, "datetime": {"datetime": "2024-01-19 01:08:27", "elapsed": 3392.317643, "delta": 0.004574}}
{"target": -17.677073328484838, "params": {"gamma": 828.3401353266738, "log10_alpha": -2.2487103241168445, "log10_colsample_bytree": -0.9242135692863348, "log10_eta": -3.4584822990046926, "log10_lambda": -0.38154793445481694, "log10_min_child_weight": 3.592428322437089, "log10_subsample": -0.9276716292158755, "max_depth": 8.0, "num_boost_round": 46.0}, "datetime": {"datetime": "2024-01-19 01:08:27", "elapsed": 3392.322245, "delta": 0.004602}}
{"target": -17.677071525678343, "params": {"gamma": 828.3401353266738, "log10_alpha": -2.2487103241168445, "log10_colsample_bytree": -0.9242135692863348, "log10_eta": -3.4584822990046926, "log10_lambda": -0.38154793445481694, "log10_min_child_weight": 3.592428322437089, "log10_subsample": -0.9276716292158755, "max_depth": 8.0, "num_boost_round": 47.0}, "datetime": {"datetime": "2024-01-19 01:08:27", "elapsed": 3392.326883, "delta": 0.004638}}
{"target": -17.677070762100954, "params": {"gamma": 828.3401353266738, "log10_alpha": -2.2487103241168445, "log10_colsample_bytree": -0.9242135692863348, "log10_eta": -3.4584822990046926, "log10_lambda": -0.38154793445481694, "log10_min_child_weight": 3.592428322437089, "log10_subsample": -0.9276716292158755, "max_depth": 8.0, "num_boost_round": 48.0}, "datetime": {"datetime": "2024-01-19 01:08:27", "elapsed": 3392.331561, "delta": 0.004678}}
{"target": -17.677077209528864, "params": {"gamma": 828.3401353266738, "log10_alpha": -2.2487103241168445, "log10_colsample_bytree": -0.9242135692863348, "log10_eta": -3.4584822990046926, "log10_lambda": -0.38154793445481694, "log10_min_child_weight": 3.592428322437089, "log10_subsample": -0.9276716292158755, "max_depth": 8.0, "num_boost_round": 49.0}, "datetime": {"datetime": "2024-01-19 01:08:27", "elapsed": 3392.336121, "delta": 0.00456}}
{"target": -17.677076252705437, "params": {"gamma": 828.3401353266738, "log10_alpha": -2.2487103241168445, "log10_colsample_bytree": -0.9242135692863348, "log10_eta": -3.4584822990046926, "log10_lambda": -0.38154793445481694, "log10_min_child_weight": 3.592428322437089, "log10_subsample": -0.9276716292158755, "max_depth": 8.0, "num_boost_round": 50.0}, "datetime": {"datetime": "2024-01-19 01:08:27", "elapsed": 3392.340667, "delta": 0.004546}}
{"target": -17.677079775308812, "params": {"gamma": 828.3401353266738, "log10_alpha": -2.2487103241168445, "log10_colsample_bytree": -0.9242135692863348, "log10_eta": -3.4584822990046926, "log10_lambda": -0.38154793445481694, "log10_min_child_weight": 3.592428322437089, "log10_subsample": -0.9276716292158755, "max_depth": 8.0, "num_boost_round": 51.0}, "datetime": {"datetime": "2024-01-19 01:08:27", "elapsed": 3392.345289, "delta": 0.004622}}
{"target": -17.67707760003866, "params": {"gamma": 828.3401353266738, "log10_alpha": -2.2487103241168445, "log10_colsample_bytree": -0.9242135692863348, "log10_eta": -3.4584822990046926, "log10_lambda": -0.38154793445481694, "log10_min_child_weight": 3.592428322437089, "log10_subsample": -0.9276716292158755, "max_depth": 8.0, "num_boost_round": 52.0}, "datetime": {"datetime": "2024-01-19 01:08:27", "elapsed": 3392.350892, "delta": 0.005603}}
{"target": -17.677070952786856, "params": {"gamma": 828.3401353266738, "log10_alpha": -2.2487103241168445, "log10_colsample_bytree": -0.9242135692863348, "log10_eta": -3.4584822990046926, "log10_lambda": -0.38154793445481694, "log10_min_child_weight": 3.592428322437089, "log10_subsample": -0.9276716292158755, "max_depth": 8.0, "num_boost_round": 53.0}, "datetime": {"datetime": "2024-01-19 01:08:27", "elapsed": 3392.355602, "delta": 0.00471}}
{"target": -17.677067705971375, "params": {"gamma": 828.3401353266738, "log10_alpha": -2.2487103241168445, "log10_colsample_bytree": -0.9242135692863348, "log10_eta": -3.4584822990046926, "log10_lambda": -0.38154793445481694, "log10_min_child_weight": 3.592428322437089, "log10_subsample": -0.9276716292158755, "max_depth": 8.0, "num_boost_round": 54.0}, "datetime": {"datetime": "2024-01-19 01:08:27", "elapsed": 3392.360173, "delta": 0.004571}}
{"target": -17.677065319007436, "params": {"gamma": 828.3401353266738, "log10_alpha": -2.2487103241168445, "log10_colsample_bytree": -0.9242135692863348, "log10_eta": -3.4584822990046926, "log10_lambda": -0.38154793445481694, "log10_min_child_weight": 3.592428322437089, "log10_subsample": -0.9276716292158755, "max_depth": 8.0, "num_boost_round": 55.0}, "datetime": {"datetime": "2024-01-19 01:08:27", "elapsed": 3392.364734, "delta": 0.004561}}
{"target": -17.677070914957607, "params": {"gamma": 828.3401353266738, "log10_alpha": -2.2487103241168445, "log10_colsample_bytree": -0.9242135692863348, "log10_eta": -3.4584822990046926, "log10_lambda": -0.38154793445481694, "log10_min_child_weight": 3.592428322437089, "log10_subsample": -0.9276716292158755, "max_depth": 8.0, "num_boost_round": 56.0}, "datetime": {"datetime": "2024-01-19 01:08:27", "elapsed": 3392.369192, "delta": 0.004458}}
{"target": -17.677072590447192, "params": {"gamma": 828.3401353266738, "log10_alpha": -2.2487103241168445, "log10_colsample_bytree": -0.9242135692863348, "log10_eta": -3.4584822990046926, "log10_lambda": -0.38154793445481694, "log10_min_child_weight": 3.592428322437089, "log10_subsample": -0.9276716292158755, "max_depth": 8.0, "num_boost_round": 57.0}, "datetime": {"datetime": "2024-01-19 01:08:27", "elapsed": 3392.373729, "delta": 0.004537}}
{"target": -17.67707548889568, "params": {"gamma": 828.3401353266738, "log10_alpha": -2.2487103241168445, "log10_colsample_bytree": -0.9242135692863348, "log10_eta": -3.4584822990046926, "log10_lambda": -0.38154793445481694, "log10_min_child_weight": 3.592428322437089, "log10_subsample": -0.9276716292158755, "max_depth": 8.0, "num_boost_round": 58.0}, "datetime": {"datetime": "2024-01-19 01:08:27", "elapsed": 3392.378316, "delta": 0.004587}}
{"target": -17.67707202229502, "params": {"gamma": 828.3401353266738, "log10_alpha": -2.2487103241168445, "log10_colsample_bytree": -0.9242135692863348, "log10_eta": -3.4584822990046926, "log10_lambda": -0.38154793445481694, "log10_min_child_weight": 3.592428322437089, "log10_subsample": -0.9276716292158755, "max_depth": 8.0, "num_boost_round": 59.0}, "datetime": {"datetime": "2024-01-19 01:08:27", "elapsed": 3392.382983, "delta": 0.004667}}
{"target": -17.677071636832387, "params": {"gamma": 828.3401353266738, "log10_alpha": -2.2487103241168445, "log10_colsample_bytree": -0.9242135692863348, "log10_eta": -3.4584822990046926, "log10_lambda": -0.38154793445481694, "log10_min_child_weight": 3.592428322437089, "log10_subsample": -0.9276716292158755, "max_depth": 8.0, "num_boost_round": 60.0}, "datetime": {"datetime": "2024-01-19 01:08:27", "elapsed": 3392.387625, "delta": 0.004642}}
{"target": -17.67706804133685, "params": {"gamma": 828.3401353266738, "log10_alpha": -2.2487103241168445, "log10_colsample_bytree": -0.9242135692863348, "log10_eta": -3.4584822990046926, "log10_lambda": -0.38154793445481694, "log10_min_child_weight": 3.592428322437089, "log10_subsample": -0.9276716292158755, "max_depth": 8.0, "num_boost_round": 61.0}, "datetime": {"datetime": "2024-01-19 01:08:27", "elapsed": 3392.392144, "delta": 0.004519}}
{"target": -17.677063087688886, "params": {"gamma": 828.3401353266738, "log10_alpha": -2.2487103241168445, "log10_colsample_bytree": -0.9242135692863348, "log10_eta": -3.4584822990046926, "log10_lambda": -0.38154793445481694, "log10_min_child_weight": 3.592428322437089, "log10_subsample": -0.9276716292158755, "max_depth": 8.0, "num_boost_round": 62.0}, "datetime": {"datetime": "2024-01-19 01:08:27", "elapsed": 3392.396728, "delta": 0.004584}}
{"target": -17.677056093103356, "params": {"gamma": 828.3401353266738, "log10_alpha": -2.2487103241168445, "log10_colsample_bytree": -0.9242135692863348, "log10_eta": -3.4584822990046926, "log10_lambda": -0.38154793445481694, "log10_min_child_weight": 3.592428322437089, "log10_subsample": -0.9276716292158755, "max_depth": 8.0, "num_boost_round": 63.0}, "datetime": {"datetime": "2024-01-19 01:08:27", "elapsed": 3392.401524, "delta": 0.004796}}
{"target": -17.677057865274687, "params": {"gamma": 828.3401353266738, "log10_alpha": -2.2487103241168445, "log10_colsample_bytree": -0.9242135692863348, "log10_eta": -3.4584822990046926, "log10_lambda": -0.38154793445481694, "log10_min_child_weight": 3.592428322437089, "log10_subsample": -0.9276716292158755, "max_depth": 8.0, "num_boost_round": 64.0}, "datetime": {"datetime": "2024-01-19 01:08:27", "elapsed": 3392.406167, "delta": 0.004643}}
{"target": -17.677054267562774, "params": {"gamma": 828.3401353266738, "log10_alpha": -2.2487103241168445, "log10_colsample_bytree": -0.9242135692863348, "log10_eta": -3.4584822990046926, "log10_lambda": -0.38154793445481694, "log10_min_child_weight": 3.592428322437089, "log10_subsample": -0.9276716292158755, "max_depth": 8.0, "num_boost_round": 65.0}, "datetime": {"datetime": "2024-01-19 01:08:27", "elapsed": 3392.410695, "delta": 0.004528}}
{"target": -17.67705142158392, "params": {"gamma": 828.3401353266738, "log10_alpha": -2.2487103241168445, "log10_colsample_bytree": -0.9242135692863348, "log10_eta": -3.4584822990046926, "log10_lambda": -0.38154793445481694, "log10_min_child_weight": 3.592428322437089, "log10_subsample": -0.9276716292158755, "max_depth": 8.0, "num_boost_round": 66.0}, "datetime": {"datetime": "2024-01-19 01:08:27", "elapsed": 3392.415302, "delta": 0.004607}}
{"target": -17.677045797925096, "params": {"gamma": 828.3401353266738, "log10_alpha": -2.2487103241168445, "log10_colsample_bytree": -0.9242135692863348, "log10_eta": -3.4584822990046926, "log10_lambda": -0.38154793445481694, "log10_min_child_weight": 3.592428322437089, "log10_subsample": -0.9276716292158755, "max_depth": 8.0, "num_boost_round": 67.0}, "datetime": {"datetime": "2024-01-19 01:08:27", "elapsed": 3392.419872, "delta": 0.00457}}
{"target": -17.67722617544731, "params": {"gamma": 837.0786070883985, "log10_alpha": 1.0, "log10_colsample_bytree": -1.0, "log10_eta": -4.0, "log10_lambda": 1.0, "log10_min_child_weight": 1.711749506730464, "log10_subsample": 0.0, "max_depth": 10.0, "num_boost_round": 0.0}, "datetime": {"datetime": "2024-01-19 01:09:28", "elapsed": 3453.369987, "delta": 60.950115}}
{"target": -17.677224737228844, "params": {"gamma": 837.0786070883985, "log10_alpha": 1.0, "log10_colsample_bytree": -1.0, "log10_eta": -4.0, "log10_lambda": 1.0, "log10_min_child_weight": 1.711749506730464, "log10_subsample": 0.0, "max_depth": 10.0, "num_boost_round": 1.0}, "datetime": {"datetime": "2024-01-19 01:09:28", "elapsed": 3453.37525, "delta": 0.005263}}
{"target": -17.677227940569736, "params": {"gamma": 837.0786070883985, "log10_alpha": 1.0, "log10_colsample_bytree": -1.0, "log10_eta": -4.0, "log10_lambda": 1.0, "log10_min_child_weight": 1.711749506730464, "log10_subsample": 0.0, "max_depth": 10.0, "num_boost_round": 2.0}, "datetime": {"datetime": "2024-01-19 01:09:28", "elapsed": 3453.379886, "delta": 0.004636}}
{"target": -17.67722649989289, "params": {"gamma": 837.0786070883985, "log10_alpha": 1.0, "log10_colsample_bytree": -1.0, "log10_eta": -4.0, "log10_lambda": 1.0, "log10_min_child_weight": 1.711749506730464, "log10_subsample": 0.0, "max_depth": 10.0, "num_boost_round": 3.0}, "datetime": {"datetime": "2024-01-19 01:09:28", "elapsed": 3453.384507, "delta": 0.004621}}
{"target": -17.677214989521755, "params": {"gamma": 837.0786070883985, "log10_alpha": 1.0, "log10_colsample_bytree": -1.0, "log10_eta": -4.0, "log10_lambda": 1.0, "log10_min_child_weight": 1.711749506730464, "log10_subsample": 0.0, "max_depth": 10.0, "num_boost_round": 4.0}, "datetime": {"datetime": "2024-01-19 01:09:28", "elapsed": 3453.389406, "delta": 0.004899}}
{"target": -17.677211576919795, "params": {"gamma": 837.0786070883985, "log10_alpha": 1.0, "log10_colsample_bytree": -1.0, "log10_eta": -4.0, "log10_lambda": 1.0, "log10_min_child_weight": 1.711749506730464, "log10_subsample": 0.0, "max_depth": 10.0, "num_boost_round": 5.0}, "datetime": {"datetime": "2024-01-19 01:09:28", "elapsed": 3453.394256, "delta": 0.00485}}
{"target": -17.677212793053343, "params": {"gamma": 837.0786070883985, "log10_alpha": 1.0, "log10_colsample_bytree": -1.0, "log10_eta": -4.0, "log10_lambda": 1.0, "log10_min_child_weight": 1.711749506730464, "log10_subsample": 0.0, "max_depth": 10.0, "num_boost_round": 6.0}, "datetime": {"datetime": "2024-01-19 01:09:28", "elapsed": 3453.398849, "delta": 0.004593}}
{"target": -17.677212713542062, "params": {"gamma": 837.0786070883985, "log10_alpha": 1.0, "log10_colsample_bytree": -1.0, "log10_eta": -4.0, "log10_lambda": 1.0, "log10_min_child_weight": 1.711749506730464, "log10_subsample": 0.0, "max_depth": 10.0, "num_boost_round": 7.0}, "datetime": {"datetime": "2024-01-19 01:09:28", "elapsed": 3453.403591, "delta": 0.004742}}
{"target": -17.677210584691892, "params": {"gamma": 837.0786070883985, "log10_alpha": 1.0, "log10_colsample_bytree": -1.0, "log10_eta": -4.0, "log10_lambda": 1.0, "log10_min_child_weight": 1.711749506730464, "log10_subsample": 0.0, "max_depth": 10.0, "num_boost_round": 8.0}, "datetime": {"datetime": "2024-01-19 01:09:28", "elapsed": 3453.408037, "delta": 0.004446}}
{"target": -17.677203716951986, "params": {"gamma": 837.0786070883985, "log10_alpha": 1.0, "log10_colsample_bytree": -1.0, "log10_eta": -4.0, "log10_lambda": 1.0, "log10_min_child_weight": 1.711749506730464, "log10_subsample": 0.0, "max_depth": 10.0, "num_boost_round": 9.0}, "datetime": {"datetime": "2024-01-19 01:09:28", "elapsed": 3453.412582, "delta": 0.004545}}
