{"target": -13.7585043080178, "params": {"gamma": 712.0449975648831, "log10_alpha": -3.5772598356577134, "log10_colsample_bytree": -0.9190858797631821, "log10_eta": -2.9352301686483395, "log10_lambda": -4.783145197072773, "log10_min_child_weight": 4.308431715638347, "log10_subsample": -0.7456332125151066, "max_depth": 9.0, "num_boost_round": 13.0}, "datetime": {"datetime": "2024-01-19 01:06:47", "elapsed": 3306.692123, "delta": 0.003603}}
{"target": -13.758500912793693, "params": {"gamma": 712.0449975648831, "log10_alpha": -3.5772598356577134, "log10_colsample_bytree": -0.9190858797631821, "log10_eta": -2.9352301686483395, "log10_lambda": -4.783145197072773, "log10_min_child_weight": 4.308431715638347, "log10_subsample": -0.7456332125151066, "max_depth": 9.0, "num_boost_round": 14.0}, "datetime": {"datetime": "2024-01-19 01:06:47", "elapsed": 3306.69588, "delta": 0.003757}}
{"target": -13.758487839755274, "params": {"gamma": 712.0449975648831, "log10_alpha": -3.5772598356577134, "log10_colsample_bytree": -0.9190858797631821, "log10_eta": -2.9352301686483395, "log10_lambda": -4.783145197072773, "log10_min_child_weight": 4.308431715638347, "log10_subsample": -0.7456332125151066, "max_depth": 9.0, "num_boost_round": 15.0}, "datetime": {"datetime": "2024-01-19 01:06:47", "elapsed": 3306.699601, "delta": 0.003721}}
{"target": -13.758482044983369, "params": {"gamma": 712.0449975648831, "log10_alpha": -3.5772598356577134, "log10_colsample_bytree": -0.9190858797631821, "log10_eta": -2.9352301686483395, "log10_lambda": -4.783145197072773, "log10_min_child_weight": 4.308431715638347, "log10_subsample": -0.7456332125151066, "max_depth": 9.0, "num_boost_round": 16.0}, "datetime": {"datetime": "2024-01-19 01:06:47", "elapsed": 3306.703158, "delta": 0.003557}}
{"target": -13.758476811522755, "params": {"gamma": 712.0449975648831, "log10_alpha": -3.5772598356577134, "log10_colsample_bytree": -0.9190858797631821, "log10_eta": -2.9352301686483395, "log10_lambda": -4.783145197072773, "log10_min_child_weight": 4.308431715638347, "log10_subsample": -0.7456332125151066, "max_depth": 9.0, "num_boost_round": 17.0}, "datetime": {"datetime": "2024-01-19 01:06:47", "elapsed": 3306.706794, "delta": 0.003636}}
{"target": -13.75846994221641, "params": {"gamma": 712.0449975648831, "log10_alpha": -3.5772598356577134, "log10_colsample_bytree": -0.9190858797631821, "log10_eta": -2.9352301686483395, "log10_lambda": -4.783145197072773, "log10_min_child_weight": 4.308431715638347, "log10_subsample": -0.7456332125151066, "max_depth": 9.0, "num_boost_round": 18.0}, "datetime": {"datetime": "2024-01-19 01:06:47", "elapsed": 3306.710361, "delta": 0.003567}}
{"target": -13.758468011752168, "params": {"gamma": 712.0449975648831, "log10_alpha": -3.5772598356577134, "log10_colsample_bytree": -0.9190858797631821, "log10_eta": -2.9352301686483395, "log10_lambda": -4.783145197072773, "log10_min_child_weight": 4.308431715638347, "log10_subsample": -0.7456332125151066, "max_depth": 9.0, "num_boost_round": 19.0}, "datetime": {"datetime": "2024-01-19 01:06:47", "elapsed": 3306.714008, "delta": 0.003647}}
{"target": -13.758469111693765, "params": {"gamma": 712.0449975648831, "log10_alpha": -3.5772598356577134, "log10_colsample_bytree": -0.9190858797631821, "log10_eta": -2.9352301686483395, "log10_lambda": -4.783145197072773, "log10_min_child_weight": 4.308431715638347, "log10_subsample": -0.7456332125151066, "max_depth": 9.0, "num_boost_round": 20.0}, "datetime": {"datetime": "2024-01-19 01:06:47", "elapsed": 3306.717535, "delta": 0.003527}}
{"target": -13.75846458589003, "params": {"gamma": 712.0449975648831, "log10_alpha": -3.5772598356577134, "log10_colsample_bytree": -0.9190858797631821, "log10_eta": -2.9352301686483395, "log10_lambda": -4.783145197072773, "log10_min_child_weight": 4.308431715638347, "log10_subsample": -0.7456332125151066, "max_depth": 9.0, "num_boost_round": 21.0}, "datetime": {"datetime": "2024-01-19 01:06:47", "elapsed": 3306.721151, "delta": 0.003616}}
{"target": -13.758466356311914, "params": {"gamma": 712.0449975648831, "log10_alpha": -3.5772598356577134, "log10_colsample_bytree": -0.9190858797631821, "log10_eta": -2.9352301686483395, "log10_lambda": -4.783145197072773, "log10_min_child_weight": 4.308431715638347, "log10_subsample": -0.7456332125151066, "max_depth": 9.0, "num_boost_round": 22.0}, "datetime": {"datetime": "2024-01-19 01:06:47", "elapsed": 3306.724879, "delta": 0.003728}}
{"target": -13.758461657260234, "params": {"gamma": 712.0449975648831, "log10_alpha": -3.5772598356577134, "log10_colsample_bytree": -0.9190858797631821, "log10_eta": -2.9352301686483395, "log10_lambda": -4.783145197072773, "log10_min_child_weight": 4.308431715638347, "log10_subsample": -0.7456332125151066, "max_depth": 9.0, "num_boost_round": 23.0}, "datetime": {"datetime": "2024-01-19 01:06:47", "elapsed": 3306.728474, "delta": 0.003595}}
{"target": -13.758459798451625, "params": {"gamma": 712.0449975648831, "log10_alpha": -3.5772598356577134, "log10_colsample_bytree": -0.9190858797631821, "log10_eta": -2.9352301686483395, "log10_lambda": -4.783145197072773, "log10_min_child_weight": 4.308431715638347, "log10_subsample": -0.7456332125151066, "max_depth": 9.0, "num_boost_round": 24.0}, "datetime": {"datetime": "2024-01-19 01:06:47", "elapsed": 3306.732003, "delta": 0.003529}}
{"target": -13.758457766716383, "params": {"gamma": 712.0449975648831, "log10_alpha": -3.5772598356577134, "log10_colsample_bytree": -0.9190858797631821, "log10_eta": -2.9352301686483395, "log10_lambda": -4.783145197072773, "log10_min_child_weight": 4.308431715638347, "log10_subsample": -0.7456332125151066, "max_depth": 9.0, "num_boost_round": 25.0}, "datetime": {"datetime": "2024-01-19 01:06:47", "elapsed": 3306.735728, "delta": 0.003725}}
{"target": -13.758452375751485, "params": {"gamma": 712.0449975648831, "log10_alpha": -3.5772598356577134, "log10_colsample_bytree": -0.9190858797631821, "log10_eta": -2.9352301686483395, "log10_lambda": -4.783145197072773, "log10_min_child_weight": 4.308431715638347, "log10_subsample": -0.7456332125151066, "max_depth": 9.0, "num_boost_round": 26.0}, "datetime": {"datetime": "2024-01-19 01:06:47", "elapsed": 3306.739512, "delta": 0.003784}}
{"target": -13.7584437552466, "params": {"gamma": 712.0449975648831, "log10_alpha": -3.5772598356577134, "log10_colsample_bytree": -0.9190858797631821, "log10_eta": -2.9352301686483395, "log10_lambda": -4.783145197072773, "log10_min_child_weight": 4.308431715638347, "log10_subsample": -0.7456332125151066, "max_depth": 9.0, "num_boost_round": 27.0}, "datetime": {"datetime": "2024-01-19 01:06:47", "elapsed": 3306.74332, "delta": 0.003808}}
{"target": -13.758437554599439, "params": {"gamma": 712.0449975648831, "log10_alpha": -3.5772598356577134, "log10_colsample_bytree": -0.9190858797631821, "log10_eta": -2.9352301686483395, "log10_lambda": -4.783145197072773, "log10_min_child_weight": 4.308431715638347, "log10_subsample": -0.7456332125151066, "max_depth": 9.0, "num_boost_round": 28.0}, "datetime": {"datetime": "2024-01-19 01:06:47", "elapsed": 3306.746913, "delta": 0.003593}}
{"target": -13.758432622520958, "params": {"gamma": 712.0449975648831, "log10_alpha": -3.5772598356577134, "log10_colsample_bytree": -0.9190858797631821, "log10_eta": -2.9352301686483395, "log10_lambda": -4.783145197072773, "log10_min_child_weight": 4.308431715638347, "log10_subsample": -0.7456332125151066, "max_depth": 9.0, "num_boost_round": 29.0}, "datetime": {"datetime": "2024-01-19 01:06:47", "elapsed": 3306.750517, "delta": 0.003604}}
{"target": -13.758424440239317, "params": {"gamma": 712.0449975648831, "log10_alpha": -3.5772598356577134, "log10_colsample_bytree": -0.9190858797631821, "log10_eta": -2.9352301686483395, "log10_lambda": -4.783145197072773, "log10_min_child_weight": 4.308431715638347, "log10_subsample": -0.7456332125151066, "max_depth": 9.0, "num_boost_round": 30.0}, "datetime": {"datetime": "2024-01-19 01:06:47", "elapsed": 3306.754215, "delta": 0.003698}}
{"target": -13.758518895796207, "params": {"gamma": 713.214056540655, "log10_alpha": -0.6577649734349054, "log10_colsample_bytree": -0.4690908383878044, "log10_eta": -3.3986548290265692, "log10_lambda": -3.575728259481564, "log10_min_child_weight": 2.47277687236759, "log10_subsample": -0.30417105417941126, "max_depth": 9.0, "num_boost_round": 0.0}, "datetime": {"datetime": "2024-01-19 01:07:57", "elapsed": 3376.840697, "delta": 70.086482}}
{"target": -13.758510428468082, "params": {"gamma": 713.214056540655, "log10_alpha": -0.6577649734349054, "log10_colsample_bytree": -0.4690908383878044, "log10_eta": -3.3986548290265692, "log10_lambda": -3.575728259481564, "log10_min_child_weight": 2.47277687236759, "log10_subsample": -0.30417105417941126, "max_depth": 9.0, "num_boost_round": 1.0}, "datetime": {"datetime": "2024-01-19 01:07:57", "elapsed": 3376.845683, "delta": 0.004986}}
{"target": -13.758496534047293, "params": {"gamma": 713.214056540655, "log10_alpha": -0.6577649734349054, "log10_colsample_bytree": -0.4690908383878044, "log10_eta": -3.3986548290265692, "log10_lambda": -3.575728259481564, "log10_min_child_weight": 2.47277687236759, "log10_subsample": -0.30417105417941126, "max_depth": 9.0, "num_boost_round": 2.0}, "datetime": {"datetime": "2024-01-19 01:07:57", "elapsed": 3376.849448, "delta": 0.003765}}
{"target": -13.758478687694343, "params": {"gamma": 713.214056540655, "log10_alpha": -0.6577649734349054, "log10_colsample_bytree": -0.4690908383878044, "log10_eta": -3.3986548290265692, "log10_lambda": -3.575728259481564, "log10_min_child_weight": 2.47277687236759, "log10_subsample": -0.30417105417941126, "max_depth": 9.0, "num_boost_round": 3.0}, "datetime": {"datetime": "2024-01-19 01:07:57", "elapsed": 3376.853067, "delta": 0.003619}}
{"target": -13.7584536129778, "params": {"gamma": 713.214056540655, "log10_alpha": -0.6577649734349054, "log10_colsample_bytree": -0.4690908383878044, "log10_eta": -3.3986548290265692, "log10_lambda": -3.575728259481564, "log10_min_child_weight": 2.47277687236759, "log10_subsample": -0.30417105417941126, "max_depth": 9.0, "num_boost_round": 4.0}, "datetime": {"datetime": "2024-01-19 01:07:57", "elapsed": 3376.856772, "delta": 0.003705}}
{"target": -13.758445680647872, "params": {"gamma": 713.214056540655, "log10_alpha": -0.6577649734349054, "log10_colsample_bytree": -0.4690908383878044, "log10_eta": -3.3986548290265692, "log10_lambda": -3.575728259481564, "log10_min_child_weight": 2.47277687236759, "log10_subsample": -0.30417105417941126, "max_depth": 9.0, "num_boost_round": 5.0}, "datetime": {"datetime": "2024-01-19 01:07:57", "elapsed": 3376.86043, "delta": 0.003658}}
{"target": -13.758426064811356, "params": {"gamma": 713.214056540655, "log10_alpha": -0.6577649734349054, "log10_colsample_bytree": -0.4690908383878044, "log10_eta": -3.3986548290265692, "log10_lambda": -3.575728259481564, "log10_min_child_weight": 2.47277687236759, "log10_subsample": -0.30417105417941126, "max_depth": 9.0, "num_boost_round": 6.0}, "datetime": {"datetime": "2024-01-19 01:07:57", "elapsed": 3376.864049, "delta": 0.003619}}
{"target": -13.75838917950551, "params": {"gamma": 713.214056540655, "log10_alpha": -0.6577649734349054, "log10_colsample_bytree": -0.4690908383878044, "log10_eta": -3.3986548290265692, "log10_lambda": -3.575728259481564, "log10_min_child_weight": 2.47277687236759, "log10_subsample": -0.30417105417941126, "max_depth": 9.0, "num_boost_round": 7.0}, "datetime": {"datetime": "2024-01-19 01:07:57", "elapsed": 3376.867669, "delta": 0.00362}}
{"target": -13.758370429048677, "params": {"gamma": 713.214056540655, "log10_alpha": -0.6577649734349054, "log10_colsample_bytree": -0.4690908383878044, "log10_eta": -3.3986548290265692, "log10_lambda": -3.575728259481564, "log10_min_child_weight": 2.47277687236759, "log10_subsample": -0.30417105417941126, "max_depth": 9.0, "num_boost_round": 8.0}, "datetime": {"datetime": "2024-01-19 01:07:57", "elapsed": 3376.871186, "delta": 0.003517}}
{"target": -13.758351518730086, "params": {"gamma": 713.214056540655, "log10_alpha": -0.6577649734349054, "log10_colsample_bytree": -0.4690908383878044, "log10_eta": -3.3986548290265692, "log10_lambda": -3.575728259481564, "log10_min_child_weight": 2.47277687236759, "log10_subsample": -0.30417105417941126, "max_depth": 9.0, "num_boost_round": 9.0}, "datetime": {"datetime": "2024-01-19 01:07:57", "elapsed": 3376.874953, "delta": 0.003767}}
{"target": -13.758352385701292, "params": {"gamma": 713.214056540655, "log10_alpha": -0.6577649734349054, "log10_colsample_bytree": -0.4690908383878044, "log10_eta": -3.3986548290265692, "log10_lambda": -3.575728259481564, "log10_min_child_weight": 2.47277687236759, "log10_subsample": -0.30417105417941126, "max_depth": 9.0, "num_boost_round": 10.0}, "datetime": {"datetime": "2024-01-19 01:07:57", "elapsed": 3376.878522, "delta": 0.003569}}
{"target": -13.758358677513804, "params": {"gamma": 713.214056540655, "log10_alpha": -0.6577649734349054, "log10_colsample_bytree": -0.4690908383878044, "log10_eta": -3.3986548290265692, "log10_lambda": -3.575728259481564, "log10_min_child_weight": 2.47277687236759, "log10_subsample": -0.30417105417941126, "max_depth": 9.0, "num_boost_round": 11.0}, "datetime": {"datetime": "2024-01-19 01:07:57", "elapsed": 3376.882166, "delta": 0.003644}}
{"target": -13.758355519086775, "params": {"gamma": 713.214056540655, "log10_alpha": -0.6577649734349054, "log10_colsample_bytree": -0.4690908383878044, "log10_eta": -3.3986548290265692, "log10_lambda": -3.575728259481564, "log10_min_child_weight": 2.47277687236759, "log10_subsample": -0.30417105417941126, "max_depth": 9.0, "num_boost_round": 12.0}, "datetime": {"datetime": "2024-01-19 01:07:57", "elapsed": 3376.885842, "delta": 0.003676}}
{"target": -13.758361496538983, "params": {"gamma": 713.214056540655, "log10_alpha": -0.6577649734349054, "log10_colsample_bytree": -0.4690908383878044, "log10_eta": -3.3986548290265692, "log10_lambda": -3.575728259481564, "log10_min_child_weight": 2.47277687236759, "log10_subsample": -0.30417105417941126, "max_depth": 9.0, "num_boost_round": 13.0}, "datetime": {"datetime": "2024-01-19 01:07:57", "elapsed": 3376.889597, "delta": 0.003755}}
{"target": -13.758362847103735, "params": {"gamma": 713.214056540655, "log10_alpha": -0.6577649734349054, "log10_colsample_bytree": -0.4690908383878044, "log10_eta": -3.3986548290265692, "log10_lambda": -3.575728259481564, "log10_min_child_weight": 2.47277687236759, "log10_subsample": -0.30417105417941126, "max_depth": 9.0, "num_boost_round": 14.0}, "datetime": {"datetime": "2024-01-19 01:07:57", "elapsed": 3376.89328, "delta": 0.003683}}
{"target": -13.758340942377396, "params": {"gamma": 713.214056540655, "log10_alpha": -0.6577649734349054, "log10_colsample_bytree": -0.4690908383878044, "log10_eta": -3.3986548290265692, "log10_lambda": -3.575728259481564, "log10_min_child_weight": 2.47277687236759, "log10_subsample": -0.30417105417941126, "max_depth": 9.0, "num_boost_round": 15.0}, "datetime": {"datetime": "2024-01-19 01:07:57", "elapsed": 3376.896869, "delta": 0.003589}}
{"target": -13.758352145315953, "params": {"gamma": 713.214056540655, "log10_alpha": -0.6577649734349054, "log10_colsample_bytree": -0.4690908383878044, "log10_eta": -3.3986548290265692, "log10_lambda": -3.575728259481564, "log10_min_child_weight": 2.47277687236759, "log10_subsample": -0.30417105417941126, "max_depth": 9.0, "num_boost_round": 16.0}, "datetime": {"datetime": "2024-01-19 01:07:57", "elapsed": 3376.900514, "delta": 0.003645}}
{"target": -13.7583429233527, "params": {"gamma": 713.214056540655, "log10_alpha": -0.6577649734349054, "log10_colsample_bytree": -0.4690908383878044, "log10_eta": -3.3986548290265692, "log10_lambda": -3.575728259481564, "log10_min_child_weight": 2.47277687236759, "log10_subsample": -0.30417105417941126, "max_depth": 9.0, "num_boost_round": 17.0}, "datetime": {"datetime": "2024-01-19 01:07:57", "elapsed": 3376.904216, "delta": 0.003702}}
{"target": -13.758342375093541, "params": {"gamma": 713.214056540655, "log10_alpha": -0.6577649734349054, "log10_colsample_bytree": -0.4690908383878044, "log10_eta": -3.3986548290265692, "log10_lambda": -3.575728259481564, "log10_min_child_weight": 2.47277687236759, "log10_subsample": -0.30417105417941126, "max_depth": 9.0, "num_boost_round": 18.0}, "datetime": {"datetime": "2024-01-19 01:07:57", "elapsed": 3377.029072, "delta": 0.124856}}
{"target": -13.758330347029414, "params": {"gamma": 713.214056540655, "log10_alpha": -0.6577649734349054, "log10_colsample_bytree": -0.4690908383878044, "log10_eta": -3.3986548290265692, "log10_lambda": -3.575728259481564, "log10_min_child_weight": 2.47277687236759, "log10_subsample": -0.30417105417941126, "max_depth": 9.0, "num_boost_round": 19.0}, "datetime": {"datetime": "2024-01-19 01:07:57", "elapsed": 3377.033651, "delta": 0.004579}}
{"target": -13.758307757066726, "params": {"gamma": 713.214056540655, "log10_alpha": -0.6577649734349054, "log10_colsample_bytree": -0.4690908383878044, "log10_eta": -3.3986548290265692, "log10_lambda": -3.575728259481564, "log10_min_child_weight": 2.47277687236759, "log10_subsample": -0.30417105417941126, "max_depth": 9.0, "num_boost_round": 20.0}, "datetime": {"datetime": "2024-01-19 01:07:57", "elapsed": 3377.037829, "delta": 0.004178}}
{"target": -13.758309404937153, "params": {"gamma": 713.214056540655, "log10_alpha": -0.6577649734349054, "log10_colsample_bytree": -0.4690908383878044, "log10_eta": -3.3986548290265692, "log10_lambda": -3.575728259481564, "log10_min_child_weight": 2.47277687236759, "log10_subsample": -0.30417105417941126, "max_depth": 9.0, "num_boost_round": 21.0}, "datetime": {"datetime": "2024-01-19 01:07:57", "elapsed": 3377.041689, "delta": 0.00386}}
{"target": -13.758303466155985, "params": {"gamma": 713.214056540655, "log10_alpha": -0.6577649734349054, "log10_colsample_bytree": -0.4690908383878044, "log10_eta": -3.3986548290265692, "log10_lambda": -3.575728259481564, "log10_min_child_weight": 2.47277687236759, "log10_subsample": -0.30417105417941126, "max_depth": 9.0, "num_boost_round": 22.0}, "datetime": {"datetime": "2024-01-19 01:07:57", "elapsed": 3377.045368, "delta": 0.003679}}
{"target": -13.758295684792605, "params": {"gamma": 713.214056540655, "log10_alpha": -0.6577649734349054, "log10_colsample_bytree": -0.4690908383878044, "log10_eta": -3.3986548290265692, "log10_lambda": -3.575728259481564, "log10_min_child_weight": 2.47277687236759, "log10_subsample": -0.30417105417941126, "max_depth": 9.0, "num_boost_round": 23.0}, "datetime": {"datetime": "2024-01-19 01:07:57", "elapsed": 3377.049186, "delta": 0.003818}}
{"target": -13.75829717323799, "params": {"gamma": 713.214056540655, "log10_alpha": -0.6577649734349054, "log10_colsample_bytree": -0.4690908383878044, "log10_eta": -3.3986548290265692, "log10_lambda": -3.575728259481564, "log10_min_child_weight": 2.47277687236759, "log10_subsample": -0.30417105417941126, "max_depth": 9.0, "num_boost_round": 24.0}, "datetime": {"datetime": "2024-01-19 01:07:57", "elapsed": 3377.052966, "delta": 0.00378}}
{"target": -13.75828906695283, "params": {"gamma": 713.214056540655, "log10_alpha": -0.6577649734349054, "log10_colsample_bytree": -0.4690908383878044, "log10_eta": -3.3986548290265692, "log10_lambda": -3.575728259481564, "log10_min_child_weight": 2.47277687236759, "log10_subsample": -0.30417105417941126, "max_depth": 9.0, "num_boost_round": 25.0}, "datetime": {"datetime": "2024-01-19 01:07:57", "elapsed": 3377.056636, "delta": 0.00367}}
{"target": -13.758282949719309, "params": {"gamma": 713.214056540655, "log10_alpha": -0.6577649734349054, "log10_colsample_bytree": -0.4690908383878044, "log10_eta": -3.3986548290265692, "log10_lambda": -3.575728259481564, "log10_min_child_weight": 2.47277687236759, "log10_subsample": -0.30417105417941126, "max_depth": 9.0, "num_boost_round": 26.0}, "datetime": {"datetime": "2024-01-19 01:07:57", "elapsed": 3377.060393, "delta": 0.003757}}
{"target": -13.75827771134577, "params": {"gamma": 713.214056540655, "log10_alpha": -0.6577649734349054, "log10_colsample_bytree": -0.4690908383878044, "log10_eta": -3.3986548290265692, "log10_lambda": -3.575728259481564, "log10_min_child_weight": 2.47277687236759, "log10_subsample": -0.30417105417941126, "max_depth": 9.0, "num_boost_round": 27.0}, "datetime": {"datetime": "2024-01-19 01:07:57", "elapsed": 3377.0641, "delta": 0.003707}}
{"target": -13.758256072416232, "params": {"gamma": 713.214056540655, "log10_alpha": -0.6577649734349054, "log10_colsample_bytree": -0.4690908383878044, "log10_eta": -3.3986548290265692, "log10_lambda": -3.575728259481564, "log10_min_child_weight": 2.47277687236759, "log10_subsample": -0.30417105417941126, "max_depth": 9.0, "num_boost_round": 28.0}, "datetime": {"datetime": "2024-01-19 01:07:57", "elapsed": 3377.067942, "delta": 0.003842}}
{"target": -13.758258308957673, "params": {"gamma": 713.214056540655, "log10_alpha": -0.6577649734349054, "log10_colsample_bytree": -0.4690908383878044, "log10_eta": -3.3986548290265692, "log10_lambda": -3.575728259481564, "log10_min_child_weight": 2.47277687236759, "log10_subsample": -0.30417105417941126, "max_depth": 9.0, "num_boost_round": 29.0}, "datetime": {"datetime": "2024-01-19 01:07:57", "elapsed": 3377.071695, "delta": 0.003753}}
{"target": -13.75826691184977, "params": {"gamma": 713.214056540655, "log10_alpha": -0.6577649734349054, "log10_colsample_bytree": -0.4690908383878044, "log10_eta": -3.3986548290265692, "log10_lambda": -3.575728259481564, "log10_min_child_weight": 2.47277687236759, "log10_subsample": -0.30417105417941126, "max_depth": 9.0, "num_boost_round": 30.0}, "datetime": {"datetime": "2024-01-19 01:07:57", "elapsed": 3377.075494, "delta": 0.003799}}
