{"target": -13.758526665472376, "params": {"gamma": 876.4368711934192, "log10_alpha": -1.12738436483443, "log10_colsample_bytree": -0.7627809687820973, "log10_eta": -3.792781375646465, "log10_lambda": -1.8456194754831072, "log10_min_child_weight": 0.16928939510803098, "log10_subsample": -0.18200226619787152, "max_depth": 6.0, "num_boost_round": 2.0}, "datetime": {"datetime": "2024-01-19 00:30:31", "elapsed": 1136.00993, "delta": 0.002425}}
{"target": -13.758527540139479, "params": {"gamma": 876.4368711934192, "log10_alpha": -1.12738436483443, "log10_colsample_bytree": -0.7627809687820973, "log10_eta": -3.792781375646465, "log10_lambda": -1.8456194754831072, "log10_min_child_weight": 0.16928939510803098, "log10_subsample": -0.18200226619787152, "max_depth": 6.0, "num_boost_round": 3.0}, "datetime": {"datetime": "2024-01-19 00:30:31", "elapsed": 1136.01204, "delta": 0.00211}}
{"target": -13.758526316459635, "params": {"gamma": 876.4368711934192, "log10_alpha": -1.12738436483443, "log10_colsample_bytree": -0.7627809687820973, "log10_eta": -3.792781375646465, "log10_lambda": -1.8456194754831072, "log10_min_child_weight": 0.16928939510803098, "log10_subsample": -0.18200226619787152, "max_depth": 6.0, "num_boost_round": 4.0}, "datetime": {"datetime": "2024-01-19 00:30:31", "elapsed": 1136.014111, "delta": 0.002071}}
{"target": -13.75852150229119, "params": {"gamma": 876.4368711934192, "log10_alpha": -1.12738436483443, "log10_colsample_bytree": -0.7627809687820973, "log10_eta": -3.792781375646465, "log10_lambda": -1.8456194754831072, "log10_min_child_weight": 0.16928939510803098, "log10_subsample": -0.18200226619787152, "max_depth": 6.0, "num_boost_round": 5.0}, "datetime": {"datetime": "2024-01-19 00:30:31", "elapsed": 1136.016067, "delta": 0.001956}}
{"target": -13.758514354243333, "params": {"gamma": 876.4368711934192, "log10_alpha": -1.12738436483443, "log10_colsample_bytree": -0.7627809687820973, "log10_eta": -3.792781375646465, "log10_lambda": -1.8456194754831072, "log10_min_child_weight": 0.16928939510803098, "log10_subsample": -0.18200226619787152, "max_depth": 6.0, "num_boost_round": 6.0}, "datetime": {"datetime": "2024-01-19 00:30:31", "elapsed": 1136.018042, "delta": 0.001975}}
{"target": -13.758506646188225, "params": {"gamma": 876.4368711934192, "log10_alpha": -1.12738436483443, "log10_colsample_bytree": -0.7627809687820973, "log10_eta": -3.792781375646465, "log10_lambda": -1.8456194754831072, "log10_min_child_weight": 0.16928939510803098, "log10_subsample": -0.18200226619787152, "max_depth": 6.0, "num_boost_round": 7.0}, "datetime": {"datetime": "2024-01-19 00:30:31", "elapsed": 1136.020034, "delta": 0.001992}}
{"target": -13.758503972189121, "params": {"gamma": 876.4368711934192, "log10_alpha": -1.12738436483443, "log10_colsample_bytree": -0.7627809687820973, "log10_eta": -3.792781375646465, "log10_lambda": -1.8456194754831072, "log10_min_child_weight": 0.16928939510803098, "log10_subsample": -0.18200226619787152, "max_depth": 6.0, "num_boost_round": 8.0}, "datetime": {"datetime": "2024-01-19 00:30:31", "elapsed": 1136.022031, "delta": 0.001997}}
{"target": -13.758503270018133, "params": {"gamma": 876.4368711934192, "log10_alpha": -1.12738436483443, "log10_colsample_bytree": -0.7627809687820973, "log10_eta": -3.792781375646465, "log10_lambda": -1.8456194754831072, "log10_min_child_weight": 0.16928939510803098, "log10_subsample": -0.18200226619787152, "max_depth": 6.0, "num_boost_round": 9.0}, "datetime": {"datetime": "2024-01-19 00:30:31", "elapsed": 1136.024006, "delta": 0.001975}}
{"target": -13.758500121390398, "params": {"gamma": 876.4368711934192, "log10_alpha": -1.12738436483443, "log10_colsample_bytree": -0.7627809687820973, "log10_eta": -3.792781375646465, "log10_lambda": -1.8456194754831072, "log10_min_child_weight": 0.16928939510803098, "log10_subsample": -0.18200226619787152, "max_depth": 6.0, "num_boost_round": 10.0}, "datetime": {"datetime": "2024-01-19 00:30:31", "elapsed": 1136.025996, "delta": 0.00199}}
{"target": -13.758495942206102, "params": {"gamma": 876.4368711934192, "log10_alpha": -1.12738436483443, "log10_colsample_bytree": -0.7627809687820973, "log10_eta": -3.792781375646465, "log10_lambda": -1.8456194754831072, "log10_min_child_weight": 0.16928939510803098, "log10_subsample": -0.18200226619787152, "max_depth": 6.0, "num_boost_round": 11.0}, "datetime": {"datetime": "2024-01-19 00:30:31", "elapsed": 1136.027954, "delta": 0.001958}}
{"target": -13.758496106941163, "params": {"gamma": 876.4368711934192, "log10_alpha": -1.12738436483443, "log10_colsample_bytree": -0.7627809687820973, "log10_eta": -3.792781375646465, "log10_lambda": -1.8456194754831072, "log10_min_child_weight": 0.16928939510803098, "log10_subsample": -0.18200226619787152, "max_depth": 6.0, "num_boost_round": 12.0}, "datetime": {"datetime": "2024-01-19 00:30:31", "elapsed": 1136.029933, "delta": 0.001979}}
{"target": -13.758487733521452, "params": {"gamma": 876.4368711934192, "log10_alpha": -1.12738436483443, "log10_colsample_bytree": -0.7627809687820973, "log10_eta": -3.792781375646465, "log10_lambda": -1.8456194754831072, "log10_min_child_weight": 0.16928939510803098, "log10_subsample": -0.18200226619787152, "max_depth": 6.0, "num_boost_round": 13.0}, "datetime": {"datetime": "2024-01-19 00:30:31", "elapsed": 1136.032151, "delta": 0.002218}}
{"target": -13.758622470119503, "params": {"gamma": 875.5345446303053, "log10_alpha": -3.6108850009447355, "log10_colsample_bytree": -0.055833861659119854, "log10_eta": -2.7747855483861406, "log10_lambda": -3.619183721959603, "log10_min_child_weight": 0.7119987818807655, "log10_subsample": -0.6323670938086964, "max_depth": 9.0, "num_boost_round": 0.0}, "datetime": {"datetime": "2024-01-19 00:31:04", "elapsed": 1169.014923, "delta": 32.982772}}
{"target": -13.758642069319565, "params": {"gamma": 875.5345446303053, "log10_alpha": -3.6108850009447355, "log10_colsample_bytree": -0.055833861659119854, "log10_eta": -2.7747855483861406, "log10_lambda": -3.619183721959603, "log10_min_child_weight": 0.7119987818807655, "log10_subsample": -0.6323670938086964, "max_depth": 9.0, "num_boost_round": 1.0}, "datetime": {"datetime": "2024-01-19 00:31:04", "elapsed": 1169.017364, "delta": 0.002441}}
{"target": -13.758506550178845, "params": {"gamma": 875.5345446303053, "log10_alpha": -3.6108850009447355, "log10_colsample_bytree": -0.055833861659119854, "log10_eta": -2.7747855483861406, "log10_lambda": -3.619183721959603, "log10_min_child_weight": 0.7119987818807655, "log10_subsample": -0.6323670938086964, "max_depth": 9.0, "num_boost_round": 2.0}, "datetime": {"datetime": "2024-01-19 00:31:04", "elapsed": 1169.019564, "delta": 0.0022}}
{"target": -13.758354213224722, "params": {"gamma": 875.5345446303053, "log10_alpha": -3.6108850009447355, "log10_colsample_bytree": -0.055833861659119854, "log10_eta": -2.7747855483861406, "log10_lambda": -3.619183721959603, "log10_min_child_weight": 0.7119987818807655, "log10_subsample": -0.6323670938086964, "max_depth": 9.0, "num_boost_round": 3.0}, "datetime": {"datetime": "2024-01-19 00:31:04", "elapsed": 1169.021549, "delta": 0.001985}}
{"target": -13.75832438776664, "params": {"gamma": 875.5345446303053, "log10_alpha": -3.6108850009447355, "log10_colsample_bytree": -0.055833861659119854, "log10_eta": -2.7747855483861406, "log10_lambda": -3.619183721959603, "log10_min_child_weight": 0.7119987818807655, "log10_subsample": -0.6323670938086964, "max_depth": 9.0, "num_boost_round": 4.0}, "datetime": {"datetime": "2024-01-19 00:31:04", "elapsed": 1169.023573, "delta": 0.002024}}
{"target": -13.758322433012145, "params": {"gamma": 875.5345446303053, "log10_alpha": -3.6108850009447355, "log10_colsample_bytree": -0.055833861659119854, "log10_eta": -2.7747855483861406, "log10_lambda": -3.619183721959603, "log10_min_child_weight": 0.7119987818807655, "log10_subsample": -0.6323670938086964, "max_depth": 9.0, "num_boost_round": 5.0}, "datetime": {"datetime": "2024-01-19 00:31:04", "elapsed": 1169.02552, "delta": 0.001947}}
{"target": -13.758297447957917, "params": {"gamma": 875.5345446303053, "log10_alpha": -3.6108850009447355, "log10_colsample_bytree": -0.055833861659119854, "log10_eta": -2.7747855483861406, "log10_lambda": -3.619183721959603, "log10_min_child_weight": 0.7119987818807655, "log10_subsample": -0.6323670938086964, "max_depth": 9.0, "num_boost_round": 6.0}, "datetime": {"datetime": "2024-01-19 00:31:04", "elapsed": 1169.027491, "delta": 0.001971}}
{"target": -13.758302437560317, "params": {"gamma": 875.5345446303053, "log10_alpha": -3.6108850009447355, "log10_colsample_bytree": -0.055833861659119854, "log10_eta": -2.7747855483861406, "log10_lambda": -3.619183721959603, "log10_min_child_weight": 0.7119987818807655, "log10_subsample": -0.6323670938086964, "max_depth": 9.0, "num_boost_round": 7.0}, "datetime": {"datetime": "2024-01-19 00:31:04", "elapsed": 1169.02945, "delta": 0.001959}}
{"target": -13.758343407682636, "params": {"gamma": 875.5345446303053, "log10_alpha": -3.6108850009447355, "log10_colsample_bytree": -0.055833861659119854, "log10_eta": -2.7747855483861406, "log10_lambda": -3.619183721959603, "log10_min_child_weight": 0.7119987818807655, "log10_subsample": -0.6323670938086964, "max_depth": 9.0, "num_boost_round": 8.0}, "datetime": {"datetime": "2024-01-19 00:31:04", "elapsed": 1169.031576, "delta": 0.002126}}
{"target": -13.758323926363163, "params": {"gamma": 875.5345446303053, "log10_alpha": -3.6108850009447355, "log10_colsample_bytree": -0.055833861659119854, "log10_eta": -2.7747855483861406, "log10_lambda": -3.619183721959603, "log10_min_child_weight": 0.7119987818807655, "log10_subsample": -0.6323670938086964, "max_depth": 9.0, "num_boost_round": 9.0}, "datetime": {"datetime": "2024-01-19 00:31:04", "elapsed": 1169.033744, "delta": 0.002168}}
{"target": -13.758300588101138, "params": {"gamma": 875.5345446303053, "log10_alpha": -3.6108850009447355, "log10_colsample_bytree": -0.055833861659119854, "log10_eta": -2.7747855483861406, "log10_lambda": -3.619183721959603, "log10_min_child_weight": 0.7119987818807655, "log10_subsample": -0.6323670938086964, "max_depth": 9.0, "num_boost_round": 10.0}, "datetime": {"datetime": "2024-01-19 00:31:04", "elapsed": 1169.035797, "delta": 0.002053}}
{"target": -13.758282057385616, "params": {"gamma": 875.5345446303053, "log10_alpha": -3.6108850009447355, "log10_colsample_bytree": -0.055833861659119854, "log10_eta": -2.7747855483861406, "log10_lambda": -3.619183721959603, "log10_min_child_weight": 0.7119987818807655, "log10_subsample": -0.6323670938086964, "max_depth": 9.0, "num_boost_round": 11.0}, "datetime": {"datetime": "2024-01-19 00:31:04", "elapsed": 1169.037791, "delta": 0.001994}}
{"target": -13.758408622374464, "params": {"gamma": 875.5345446303053, "log10_alpha": -3.6108850009447355, "log10_colsample_bytree": -0.055833861659119854, "log10_eta": -2.7747855483861406, "log10_lambda": -3.619183721959603, "log10_min_child_weight": 0.7119987818807655, "log10_subsample": -0.6323670938086964, "max_depth": 9.0, "num_boost_round": 12.0}, "datetime": {"datetime": "2024-01-19 00:31:04", "elapsed": 1169.039742, "delta": 0.001951}}
{"target": -13.7583754155576, "params": {"gamma": 875.5345446303053, "log10_alpha": -3.6108850009447355, "log10_colsample_bytree": -0.055833861659119854, "log10_eta": -2.7747855483861406, "log10_lambda": -3.619183721959603, "log10_min_child_weight": 0.7119987818807655, "log10_subsample": -0.6323670938086964, "max_depth": 9.0, "num_boost_round": 13.0}, "datetime": {"datetime": "2024-01-19 00:31:04", "elapsed": 1169.041688, "delta": 0.001946}}
{"target": -13.758471320996042, "params": {"gamma": 875.5345446303053, "log10_alpha": -3.6108850009447355, "log10_colsample_bytree": -0.055833861659119854, "log10_eta": -2.7747855483861406, "log10_lambda": -3.619183721959603, "log10_min_child_weight": 0.7119987818807655, "log10_subsample": -0.6323670938086964, "max_depth": 9.0, "num_boost_round": 14.0}, "datetime": {"datetime": "2024-01-19 00:31:04", "elapsed": 1169.043615, "delta": 0.001927}}
{"target": -13.758468769655737, "params": {"gamma": 875.5345446303053, "log10_alpha": -3.6108850009447355, "log10_colsample_bytree": -0.055833861659119854, "log10_eta": -2.7747855483861406, "log10_lambda": -3.619183721959603, "log10_min_child_weight": 0.7119987818807655, "log10_subsample": -0.6323670938086964, "max_depth": 9.0, "num_boost_round": 15.0}, "datetime": {"datetime": "2024-01-19 00:31:04", "elapsed": 1169.04556, "delta": 0.001945}}
{"target": -13.758394235853146, "params": {"gamma": 875.5345446303053, "log10_alpha": -3.6108850009447355, "log10_colsample_bytree": -0.055833861659119854, "log10_eta": -2.7747855483861406, "log10_lambda": -3.619183721959603, "log10_min_child_weight": 0.7119987818807655, "log10_subsample": -0.6323670938086964, "max_depth": 9.0, "num_boost_round": 16.0}, "datetime": {"datetime": "2024-01-19 00:31:04", "elapsed": 1169.047511, "delta": 0.001951}}
{"target": -13.75839292121782, "params": {"gamma": 875.5345446303053, "log10_alpha": -3.6108850009447355, "log10_colsample_bytree": -0.055833861659119854, "log10_eta": -2.7747855483861406, "log10_lambda": -3.619183721959603, "log10_min_child_weight": 0.7119987818807655, "log10_subsample": -0.6323670938086964, "max_depth": 9.0, "num_boost_round": 17.0}, "datetime": {"datetime": "2024-01-19 00:31:04", "elapsed": 1169.049503, "delta": 0.001992}}
{"target": -13.758382907841243, "params": {"gamma": 875.5345446303053, "log10_alpha": -3.6108850009447355, "log10_colsample_bytree": -0.055833861659119854, "log10_eta": -2.7747855483861406, "log10_lambda": -3.619183721959603, "log10_min_child_weight": 0.7119987818807655, "log10_subsample": -0.6323670938086964, "max_depth": 9.0, "num_boost_round": 18.0}, "datetime": {"datetime": "2024-01-19 00:31:04", "elapsed": 1169.05146, "delta": 0.001957}}
{"target": -13.758386161591485, "params": {"gamma": 875.5345446303053, "log10_alpha": -3.6108850009447355, "log10_colsample_bytree": -0.055833861659119854, "log10_eta": -2.7747855483861406, "log10_lambda": -3.619183721959603, "log10_min_child_weight": 0.7119987818807655, "log10_subsample": -0.6323670938086964, "max_depth": 9.0, "num_boost_round": 19.0}, "datetime": {"datetime": "2024-01-19 00:31:04", "elapsed": 1169.053602, "delta": 0.002142}}
{"target": -13.758393921342376, "params": {"gamma": 875.5345446303053, "log10_alpha": -3.6108850009447355, "log10_colsample_bytree": -0.055833861659119854, "log10_eta": -2.7747855483861406, "log10_lambda": -3.619183721959603, "log10_min_child_weight": 0.7119987818807655, "log10_subsample": -0.6323670938086964, "max_depth": 9.0, "num_boost_round": 20.0}, "datetime": {"datetime": "2024-01-19 00:31:04", "elapsed": 1169.055561, "delta": 0.001959}}
{"target": -13.75834998352912, "params": {"gamma": 875.5345446303053, "log10_alpha": -3.6108850009447355, "log10_colsample_bytree": -0.055833861659119854, "log10_eta": -2.7747855483861406, "log10_lambda": -3.619183721959603, "log10_min_child_weight": 0.7119987818807655, "log10_subsample": -0.6323670938086964, "max_depth": 9.0, "num_boost_round": 21.0}, "datetime": {"datetime": "2024-01-19 00:31:04", "elapsed": 1169.057512, "delta": 0.001951}}
{"target": -13.75816586297759, "params": {"gamma": 875.5345446303053, "log10_alpha": -3.6108850009447355, "log10_colsample_bytree": -0.055833861659119854, "log10_eta": -2.7747855483861406, "log10_lambda": -3.619183721959603, "log10_min_child_weight": 0.7119987818807655, "log10_subsample": -0.6323670938086964, "max_depth": 9.0, "num_boost_round": 22.0}, "datetime": {"datetime": "2024-01-19 00:31:04", "elapsed": 1169.059478, "delta": 0.001966}}
{"target": -13.758686079541858, "params": {"gamma": 877.6476644016303, "log10_alpha": 0.8562405606787671, "log10_colsample_bytree": -0.46476814754839846, "log10_eta": -1.7946910105907303, "log10_lambda": 0.7619488987063603, "log10_min_child_weight": 0.4165504403323228, "log10_subsample": -0.8716291641108671, "max_depth": 8.0, "num_boost_round": 0.0}, "datetime": {"datetime": "2024-01-19 00:31:33", "elapsed": 1198.010198, "delta": 28.95072}}
{"target": -13.75829049863893, "params": {"gamma": 877.6476644016303, "log10_alpha": 0.8562405606787671, "log10_colsample_bytree": -0.46476814754839846, "log10_eta": -1.7946910105907303, "log10_lambda": 0.7619488987063603, "log10_min_child_weight": 0.4165504403323228, "log10_subsample": -0.8716291641108671, "max_depth": 8.0, "num_boost_round": 1.0}, "datetime": {"datetime": "2024-01-19 00:31:33", "elapsed": 1198.012306, "delta": 0.002108}}
{"target": -13.75790618586445, "params": {"gamma": 877.6476644016303, "log10_alpha": 0.8562405606787671, "log10_colsample_bytree": -0.46476814754839846, "log10_eta": -1.7946910105907303, "log10_lambda": 0.7619488987063603, "log10_min_child_weight": 0.4165504403323228, "log10_subsample": -0.8716291641108671, "max_depth": 8.0, "num_boost_round": 2.0}, "datetime": {"datetime": "2024-01-19 00:31:33", "elapsed": 1198.01432, "delta": 0.002014}}
{"target": -13.757236625892261, "params": {"gamma": 877.6476644016303, "log10_alpha": 0.8562405606787671, "log10_colsample_bytree": -0.46476814754839846, "log10_eta": -1.7946910105907303, "log10_lambda": 0.7619488987063603, "log10_min_child_weight": 0.4165504403323228, "log10_subsample": -0.8716291641108671, "max_depth": 8.0, "num_boost_round": 3.0}, "datetime": {"datetime": "2024-01-19 00:31:33", "elapsed": 1198.016456, "delta": 0.002136}}
{"target": -13.757038318720303, "params": {"gamma": 877.6476644016303, "log10_alpha": 0.8562405606787671, "log10_colsample_bytree": -0.46476814754839846, "log10_eta": -1.7946910105907303, "log10_lambda": 0.7619488987063603, "log10_min_child_weight": 0.4165504403323228, "log10_subsample": -0.8716291641108671, "max_depth": 8.0, "num_boost_round": 4.0}, "datetime": {"datetime": "2024-01-19 00:31:33", "elapsed": 1198.01843, "delta": 0.001974}}
{"target": -13.757305017512401, "params": {"gamma": 877.6476644016303, "log10_alpha": 0.8562405606787671, "log10_colsample_bytree": -0.46476814754839846, "log10_eta": -1.7946910105907303, "log10_lambda": 0.7619488987063603, "log10_min_child_weight": 0.4165504403323228, "log10_subsample": -0.8716291641108671, "max_depth": 8.0, "num_boost_round": 5.0}, "datetime": {"datetime": "2024-01-19 00:31:33", "elapsed": 1198.020409, "delta": 0.001979}}
{"target": -13.757374421994852, "params": {"gamma": 877.6476644016303, "log10_alpha": 0.8562405606787671, "log10_colsample_bytree": -0.46476814754839846, "log10_eta": -1.7946910105907303, "log10_lambda": 0.7619488987063603, "log10_min_child_weight": 0.4165504403323228, "log10_subsample": -0.8716291641108671, "max_depth": 8.0, "num_boost_round": 6.0}, "datetime": {"datetime": "2024-01-19 00:31:33", "elapsed": 1198.022383, "delta": 0.001974}}
{"target": -13.757658452649776, "params": {"gamma": 877.6476644016303, "log10_alpha": 0.8562405606787671, "log10_colsample_bytree": -0.46476814754839846, "log10_eta": -1.7946910105907303, "log10_lambda": 0.7619488987063603, "log10_min_child_weight": 0.4165504403323228, "log10_subsample": -0.8716291641108671, "max_depth": 8.0, "num_boost_round": 7.0}, "datetime": {"datetime": "2024-01-19 00:31:33", "elapsed": 1198.025154, "delta": 0.002771}}
{"target": -13.757413418344523, "params": {"gamma": 877.6476644016303, "log10_alpha": 0.8562405606787671, "log10_colsample_bytree": -0.46476814754839846, "log10_eta": -1.7946910105907303, "log10_lambda": 0.7619488987063603, "log10_min_child_weight": 0.4165504403323228, "log10_subsample": -0.8716291641108671, "max_depth": 8.0, "num_boost_round": 8.0}, "datetime": {"datetime": "2024-01-19 00:31:33", "elapsed": 1198.027113, "delta": 0.001959}}
{"target": -13.757638523651211, "params": {"gamma": 877.6476644016303, "log10_alpha": 0.8562405606787671, "log10_colsample_bytree": -0.46476814754839846, "log10_eta": -1.7946910105907303, "log10_lambda": 0.7619488987063603, "log10_min_child_weight": 0.4165504403323228, "log10_subsample": -0.8716291641108671, "max_depth": 8.0, "num_boost_round": 9.0}, "datetime": {"datetime": "2024-01-19 00:31:33", "elapsed": 1198.029062, "delta": 0.001949}}
{"target": -13.757578986490946, "params": {"gamma": 877.6476644016303, "log10_alpha": 0.8562405606787671, "log10_colsample_bytree": -0.46476814754839846, "log10_eta": -1.7946910105907303, "log10_lambda": 0.7619488987063603, "log10_min_child_weight": 0.4165504403323228, "log10_subsample": -0.8716291641108671, "max_depth": 8.0, "num_boost_round": 10.0}, "datetime": {"datetime": "2024-01-19 00:31:33", "elapsed": 1198.031072, "delta": 0.00201}}
{"target": -13.757162542911901, "params": {"gamma": 877.6476644016303, "log10_alpha": 0.8562405606787671, "log10_colsample_bytree": -0.46476814754839846, "log10_eta": -1.7946910105907303, "log10_lambda": 0.7619488987063603, "log10_min_child_weight": 0.4165504403323228, "log10_subsample": -0.8716291641108671, "max_depth": 8.0, "num_boost_round": 11.0}, "datetime": {"datetime": "2024-01-19 00:31:33", "elapsed": 1198.03328, "delta": 0.002208}}
{"target": -13.757368047253795, "params": {"gamma": 877.6476644016303, "log10_alpha": 0.8562405606787671, "log10_colsample_bytree": -0.46476814754839846, "log10_eta": -1.7946910105907303, "log10_lambda": 0.7619488987063603, "log10_min_child_weight": 0.4165504403323228, "log10_subsample": -0.8716291641108671, "max_depth": 8.0, "num_boost_round": 12.0}, "datetime": {"datetime": "2024-01-19 00:31:33", "elapsed": 1198.035375, "delta": 0.002095}}
{"target": -13.758377697447784, "params": {"gamma": 877.6476644016303, "log10_alpha": 0.8562405606787671, "log10_colsample_bytree": -0.46476814754839846, "log10_eta": -1.7946910105907303, "log10_lambda": 0.7619488987063603, "log10_min_child_weight": 0.4165504403323228, "log10_subsample": -0.8716291641108671, "max_depth": 8.0, "num_boost_round": 13.0}, "datetime": {"datetime": "2024-01-19 00:31:33", "elapsed": 1198.037539, "delta": 0.002164}}
