{"target": -17.677111880067947, "params": {"gamma": 422.37747773138557, "log10_alpha": -4.214086219956529, "log10_colsample_bytree": -0.7780862575392792, "log10_eta": -3.2923519059842286, "log10_lambda": -3.5789087322374704, "log10_min_child_weight": 0.7408101104042719, "log10_subsample": -0.7928375498454648, "max_depth": 8.0, "num_boost_round": 5.0}, "datetime": {"datetime": "2024-01-19 02:16:37", "elapsed": 7489.784141, "delta": 0.006657}}
{"target": -17.677114729720884, "params": {"gamma": 422.37747773138557, "log10_alpha": -4.214086219956529, "log10_colsample_bytree": -0.7780862575392792, "log10_eta": -3.2923519059842286, "log10_lambda": -3.5789087322374704, "log10_min_child_weight": 0.7408101104042719, "log10_subsample": -0.7928375498454648, "max_depth": 8.0, "num_boost_round": 6.0}, "datetime": {"datetime": "2024-01-19 02:16:37", "elapsed": 7489.791317, "delta": 0.007176}}
{"target": -17.677085825071646, "params": {"gamma": 422.37747773138557, "log10_alpha": -4.214086219956529, "log10_colsample_bytree": -0.7780862575392792, "log10_eta": -3.2923519059842286, "log10_lambda": -3.5789087322374704, "log10_min_child_weight": 0.7408101104042719, "log10_subsample": -0.7928375498454648, "max_depth": 8.0, "num_boost_round": 7.0}, "datetime": {"datetime": "2024-01-19 02:16:37", "elapsed": 7489.798521, "delta": 0.007204}}
{"target": -17.677083774612434, "params": {"gamma": 422.37747773138557, "log10_alpha": -4.214086219956529, "log10_colsample_bytree": -0.7780862575392792, "log10_eta": -3.2923519059842286, "log10_lambda": -3.5789087322374704, "log10_min_child_weight": 0.7408101104042719, "log10_subsample": -0.7928375498454648, "max_depth": 8.0, "num_boost_round": 8.0}, "datetime": {"datetime": "2024-01-19 02:16:37", "elapsed": 7489.805822, "delta": 0.007301}}
{"target": -17.677055561101565, "params": {"gamma": 422.37747773138557, "log10_alpha": -4.214086219956529, "log10_colsample_bytree": -0.7780862575392792, "log10_eta": -3.2923519059842286, "log10_lambda": -3.5789087322374704, "log10_min_child_weight": 0.7408101104042719, "log10_subsample": -0.7928375498454648, "max_depth": 8.0, "num_boost_round": 9.0}, "datetime": {"datetime": "2024-01-19 02:16:37", "elapsed": 7489.813693, "delta": 0.007871}}
{"target": -17.67698337497212, "params": {"gamma": 422.37747773138557, "log10_alpha": -4.214086219956529, "log10_colsample_bytree": -0.7780862575392792, "log10_eta": -3.2923519059842286, "log10_lambda": -3.5789087322374704, "log10_min_child_weight": 0.7408101104042719, "log10_subsample": -0.7928375498454648, "max_depth": 8.0, "num_boost_round": 10.0}, "datetime": {"datetime": "2024-01-19 02:16:37", "elapsed": 7489.821627, "delta": 0.007934}}
{"target": -17.6769515577474, "params": {"gamma": 422.37747773138557, "log10_alpha": -4.214086219956529, "log10_colsample_bytree": -0.7780862575392792, "log10_eta": -3.2923519059842286, "log10_lambda": -3.5789087322374704, "log10_min_child_weight": 0.7408101104042719, "log10_subsample": -0.7928375498454648, "max_depth": 8.0, "num_boost_round": 11.0}, "datetime": {"datetime": "2024-01-19 02:16:37", "elapsed": 7489.829155, "delta": 0.007528}}
{"target": -17.676915662283726, "params": {"gamma": 422.37747773138557, "log10_alpha": -4.214086219956529, "log10_colsample_bytree": -0.7780862575392792, "log10_eta": -3.2923519059842286, "log10_lambda": -3.5789087322374704, "log10_min_child_weight": 0.7408101104042719, "log10_subsample": -0.7928375498454648, "max_depth": 8.0, "num_boost_round": 12.0}, "datetime": {"datetime": "2024-01-19 02:16:37", "elapsed": 7489.836635, "delta": 0.00748}}
{"target": -17.676872941888366, "params": {"gamma": 422.37747773138557, "log10_alpha": -4.214086219956529, "log10_colsample_bytree": -0.7780862575392792, "log10_eta": -3.2923519059842286, "log10_lambda": -3.5789087322374704, "log10_min_child_weight": 0.7408101104042719, "log10_subsample": -0.7928375498454648, "max_depth": 8.0, "num_boost_round": 13.0}, "datetime": {"datetime": "2024-01-19 02:16:37", "elapsed": 7489.844222, "delta": 0.007587}}
{"target": -17.676883340044853, "params": {"gamma": 422.37747773138557, "log10_alpha": -4.214086219956529, "log10_colsample_bytree": -0.7780862575392792, "log10_eta": -3.2923519059842286, "log10_lambda": -3.5789087322374704, "log10_min_child_weight": 0.7408101104042719, "log10_subsample": -0.7928375498454648, "max_depth": 8.0, "num_boost_round": 14.0}, "datetime": {"datetime": "2024-01-19 02:16:37", "elapsed": 7489.852007, "delta": 0.007785}}
{"target": -17.67685022902607, "params": {"gamma": 422.37747773138557, "log10_alpha": -4.214086219956529, "log10_colsample_bytree": -0.7780862575392792, "log10_eta": -3.2923519059842286, "log10_lambda": -3.5789087322374704, "log10_min_child_weight": 0.7408101104042719, "log10_subsample": -0.7928375498454648, "max_depth": 8.0, "num_boost_round": 15.0}, "datetime": {"datetime": "2024-01-19 02:16:37", "elapsed": 7489.859762, "delta": 0.007755}}
{"target": -17.676831216172083, "params": {"gamma": 422.37747773138557, "log10_alpha": -4.214086219956529, "log10_colsample_bytree": -0.7780862575392792, "log10_eta": -3.2923519059842286, "log10_lambda": -3.5789087322374704, "log10_min_child_weight": 0.7408101104042719, "log10_subsample": -0.7928375498454648, "max_depth": 8.0, "num_boost_round": 16.0}, "datetime": {"datetime": "2024-01-19 02:16:37", "elapsed": 7489.867561, "delta": 0.007799}}
{"target": -17.676822549182415, "params": {"gamma": 422.37747773138557, "log10_alpha": -4.214086219956529, "log10_colsample_bytree": -0.7780862575392792, "log10_eta": -3.2923519059842286, "log10_lambda": -3.5789087322374704, "log10_min_child_weight": 0.7408101104042719, "log10_subsample": -0.7928375498454648, "max_depth": 8.0, "num_boost_round": 17.0}, "datetime": {"datetime": "2024-01-19 02:16:37", "elapsed": 7490.009496, "delta": 0.141935}}
{"target": -17.67680485929733, "params": {"gamma": 422.37747773138557, "log10_alpha": -4.214086219956529, "log10_colsample_bytree": -0.7780862575392792, "log10_eta": -3.2923519059842286, "log10_lambda": -3.5789087322374704, "log10_min_child_weight": 0.7408101104042719, "log10_subsample": -0.7928375498454648, "max_depth": 8.0, "num_boost_round": 18.0}, "datetime": {"datetime": "2024-01-19 02:16:37", "elapsed": 7490.017105, "delta": 0.007609}}
{"target": -17.67677706534922, "params": {"gamma": 422.37747773138557, "log10_alpha": -4.214086219956529, "log10_colsample_bytree": -0.7780862575392792, "log10_eta": -3.2923519059842286, "log10_lambda": -3.5789087322374704, "log10_min_child_weight": 0.7408101104042719, "log10_subsample": -0.7928375498454648, "max_depth": 8.0, "num_boost_round": 19.0}, "datetime": {"datetime": "2024-01-19 02:16:37", "elapsed": 7490.024418, "delta": 0.007313}}
{"target": -17.676766007324716, "params": {"gamma": 422.37747773138557, "log10_alpha": -4.214086219956529, "log10_colsample_bytree": -0.7780862575392792, "log10_eta": -3.2923519059842286, "log10_lambda": -3.5789087322374704, "log10_min_child_weight": 0.7408101104042719, "log10_subsample": -0.7928375498454648, "max_depth": 8.0, "num_boost_round": 20.0}, "datetime": {"datetime": "2024-01-19 02:16:37", "elapsed": 7490.031416, "delta": 0.006998}}
{"target": -17.67672058416991, "params": {"gamma": 422.37747773138557, "log10_alpha": -4.214086219956529, "log10_colsample_bytree": -0.7780862575392792, "log10_eta": -3.2923519059842286, "log10_lambda": -3.5789087322374704, "log10_min_child_weight": 0.7408101104042719, "log10_subsample": -0.7928375498454648, "max_depth": 8.0, "num_boost_round": 21.0}, "datetime": {"datetime": "2024-01-19 02:16:37", "elapsed": 7490.038206, "delta": 0.00679}}
{"target": -17.676671381939848, "params": {"gamma": 422.37747773138557, "log10_alpha": -4.214086219956529, "log10_colsample_bytree": -0.7780862575392792, "log10_eta": -3.2923519059842286, "log10_lambda": -3.5789087322374704, "log10_min_child_weight": 0.7408101104042719, "log10_subsample": -0.7928375498454648, "max_depth": 8.0, "num_boost_round": 22.0}, "datetime": {"datetime": "2024-01-19 02:16:37", "elapsed": 7490.045037, "delta": 0.006831}}
{"target": -17.676641316257076, "params": {"gamma": 422.37747773138557, "log10_alpha": -4.214086219956529, "log10_colsample_bytree": -0.7780862575392792, "log10_eta": -3.2923519059842286, "log10_lambda": -3.5789087322374704, "log10_min_child_weight": 0.7408101104042719, "log10_subsample": -0.7928375498454648, "max_depth": 8.0, "num_boost_round": 23.0}, "datetime": {"datetime": "2024-01-19 02:16:37", "elapsed": 7490.051786, "delta": 0.006749}}
{"target": -17.67663272323324, "params": {"gamma": 422.37747773138557, "log10_alpha": -4.214086219956529, "log10_colsample_bytree": -0.7780862575392792, "log10_eta": -3.2923519059842286, "log10_lambda": -3.5789087322374704, "log10_min_child_weight": 0.7408101104042719, "log10_subsample": -0.7928375498454648, "max_depth": 8.0, "num_boost_round": 24.0}, "datetime": {"datetime": "2024-01-19 02:16:37", "elapsed": 7490.059655, "delta": 0.007869}}
{"target": -17.676605142202323, "params": {"gamma": 422.37747773138557, "log10_alpha": -4.214086219956529, "log10_colsample_bytree": -0.7780862575392792, "log10_eta": -3.2923519059842286, "log10_lambda": -3.5789087322374704, "log10_min_child_weight": 0.7408101104042719, "log10_subsample": -0.7928375498454648, "max_depth": 8.0, "num_boost_round": 25.0}, "datetime": {"datetime": "2024-01-19 02:16:37", "elapsed": 7490.067413, "delta": 0.007758}}
{"target": -17.676554128117406, "params": {"gamma": 422.37747773138557, "log10_alpha": -4.214086219956529, "log10_colsample_bytree": -0.7780862575392792, "log10_eta": -3.2923519059842286, "log10_lambda": -3.5789087322374704, "log10_min_child_weight": 0.7408101104042719, "log10_subsample": -0.7928375498454648, "max_depth": 8.0, "num_boost_round": 26.0}, "datetime": {"datetime": "2024-01-19 02:16:37", "elapsed": 7490.075205, "delta": 0.007792}}
{"target": -17.67722485292848, "params": {"gamma": 372.81497477579904, "log10_alpha": -2.2360775489980327, "log10_colsample_bytree": -0.8497927889236879, "log10_eta": -3.18309462069258, "log10_lambda": -3.2591564948561915, "log10_min_child_weight": 4.272914070508621, "log10_subsample": -0.6719913229109322, "max_depth": 6.0, "num_boost_round": 0.0}, "datetime": {"datetime": "2024-01-19 02:17:34", "elapsed": 7546.663663, "delta": 56.588458}}
{"target": -17.677214717706836, "params": {"gamma": 372.81497477579904, "log10_alpha": -2.2360775489980327, "log10_colsample_bytree": -0.8497927889236879, "log10_eta": -3.18309462069258, "log10_lambda": -3.2591564948561915, "log10_min_child_weight": 4.272914070508621, "log10_subsample": -0.6719913229109322, "max_depth": 6.0, "num_boost_round": 1.0}, "datetime": {"datetime": "2024-01-19 02:17:34", "elapsed": 7546.671275, "delta": 0.007612}}
{"target": -17.677216364191697, "params": {"gamma": 372.81497477579904, "log10_alpha": -2.2360775489980327, "log10_colsample_bytree": -0.8497927889236879, "log10_eta": -3.18309462069258, "log10_lambda": -3.2591564948561915, "log10_min_child_weight": 4.272914070508621, "log10_subsample": -0.6719913229109322, "max_depth": 6.0, "num_boost_round": 2.0}, "datetime": {"datetime": "2024-01-19 02:17:34", "elapsed": 7546.677572, "delta": 0.006297}}
{"target": -17.677203091857603, "params": {"gamma": 372.81497477579904, "log10_alpha": -2.2360775489980327, "log10_colsample_bytree": -0.8497927889236879, "log10_eta": -3.18309462069258, "log10_lambda": -3.2591564948561915, "log10_min_child_weight": 4.272914070508621, "log10_subsample": -0.6719913229109322, "max_depth": 6.0, "num_boost_round": 3.0}, "datetime": {"datetime": "2024-01-19 02:17:34", "elapsed": 7546.683611, "delta": 0.006039}}
{"target": -17.677198435031674, "params": {"gamma": 372.81497477579904, "log10_alpha": -2.2360775489980327, "log10_colsample_bytree": -0.8497927889236879, "log10_eta": -3.18309462069258, "log10_lambda": -3.2591564948561915, "log10_min_child_weight": 4.272914070508621, "log10_subsample": -0.6719913229109322, "max_depth": 6.0, "num_boost_round": 4.0}, "datetime": {"datetime": "2024-01-19 02:17:34", "elapsed": 7546.689603, "delta": 0.005992}}
{"target": -17.677193317324896, "params": {"gamma": 372.81497477579904, "log10_alpha": -2.2360775489980327, "log10_colsample_bytree": -0.8497927889236879, "log10_eta": -3.18309462069258, "log10_lambda": -3.2591564948561915, "log10_min_child_weight": 4.272914070508621, "log10_subsample": -0.6719913229109322, "max_depth": 6.0, "num_boost_round": 5.0}, "datetime": {"datetime": "2024-01-19 02:17:34", "elapsed": 7546.695857, "delta": 0.006254}}
{"target": -17.677188649429425, "params": {"gamma": 372.81497477579904, "log10_alpha": -2.2360775489980327, "log10_colsample_bytree": -0.8497927889236879, "log10_eta": -3.18309462069258, "log10_lambda": -3.2591564948561915, "log10_min_child_weight": 4.272914070508621, "log10_subsample": -0.6719913229109322, "max_depth": 6.0, "num_boost_round": 6.0}, "datetime": {"datetime": "2024-01-19 02:17:34", "elapsed": 7546.70236, "delta": 0.006503}}
{"target": -17.67718039286887, "params": {"gamma": 372.81497477579904, "log10_alpha": -2.2360775489980327, "log10_colsample_bytree": -0.8497927889236879, "log10_eta": -3.18309462069258, "log10_lambda": -3.2591564948561915, "log10_min_child_weight": 4.272914070508621, "log10_subsample": -0.6719913229109322, "max_depth": 6.0, "num_boost_round": 7.0}, "datetime": {"datetime": "2024-01-19 02:17:34", "elapsed": 7546.708648, "delta": 0.006288}}
{"target": -17.67717740565151, "params": {"gamma": 372.81497477579904, "log10_alpha": -2.2360775489980327, "log10_colsample_bytree": -0.8497927889236879, "log10_eta": -3.18309462069258, "log10_lambda": -3.2591564948561915, "log10_min_child_weight": 4.272914070508621, "log10_subsample": -0.6719913229109322, "max_depth": 6.0, "num_boost_round": 8.0}, "datetime": {"datetime": "2024-01-19 02:17:34", "elapsed": 7546.714974, "delta": 0.006326}}
{"target": -17.67717709771844, "params": {"gamma": 372.81497477579904, "log10_alpha": -2.2360775489980327, "log10_colsample_bytree": -0.8497927889236879, "log10_eta": -3.18309462069258, "log10_lambda": -3.2591564948561915, "log10_min_child_weight": 4.272914070508621, "log10_subsample": -0.6719913229109322, "max_depth": 6.0, "num_boost_round": 9.0}, "datetime": {"datetime": "2024-01-19 02:17:34", "elapsed": 7546.721427, "delta": 0.006453}}
{"target": -17.67723174247556, "params": {"gamma": 404.3212741852276, "log10_alpha": 1.0, "log10_colsample_bytree": -1.0, "log10_eta": -4.0, "log10_lambda": 0.004662083789038356, "log10_min_child_weight": 4.950514195202813, "log10_subsample": 0.0, "max_depth": 7.0, "num_boost_round": 0.0}, "datetime": {"datetime": "2024-01-19 02:18:57", "elapsed": 7630.528033, "delta": 83.806606}}
{"target": -17.677230581919645, "params": {"gamma": 404.3212741852276, "log10_alpha": 1.0, "log10_colsample_bytree": -1.0, "log10_eta": -4.0, "log10_lambda": 0.004662083789038356, "log10_min_child_weight": 4.950514195202813, "log10_subsample": 0.0, "max_depth": 7.0, "num_boost_round": 1.0}, "datetime": {"datetime": "2024-01-19 02:18:57", "elapsed": 7630.535364, "delta": 0.007331}}
{"target": -17.677229861101164, "params": {"gamma": 404.3212741852276, "log10_alpha": 1.0, "log10_colsample_bytree": -1.0, "log10_eta": -4.0, "log10_lambda": 0.004662083789038356, "log10_min_child_weight": 4.950514195202813, "log10_subsample": 0.0, "max_depth": 7.0, "num_boost_round": 2.0}, "datetime": {"datetime": "2024-01-19 02:18:57", "elapsed": 7630.541282, "delta": 0.005918}}
{"target": -17.67722965934189, "params": {"gamma": 404.3212741852276, "log10_alpha": 1.0, "log10_colsample_bytree": -1.0, "log10_eta": -4.0, "log10_lambda": 0.004662083789038356, "log10_min_child_weight": 4.950514195202813, "log10_subsample": 0.0, "max_depth": 7.0, "num_boost_round": 3.0}, "datetime": {"datetime": "2024-01-19 02:18:57", "elapsed": 7630.547099, "delta": 0.005817}}
{"target": -17.677229002158022, "params": {"gamma": 404.3212741852276, "log10_alpha": 1.0, "log10_colsample_bytree": -1.0, "log10_eta": -4.0, "log10_lambda": 0.004662083789038356, "log10_min_child_weight": 4.950514195202813, "log10_subsample": 0.0, "max_depth": 7.0, "num_boost_round": 4.0}, "datetime": {"datetime": "2024-01-19 02:18:57", "elapsed": 7630.553252, "delta": 0.006153}}
{"target": -17.677228350186, "params": {"gamma": 404.3212741852276, "log10_alpha": 1.0, "log10_colsample_bytree": -1.0, "log10_eta": -4.0, "log10_lambda": 0.004662083789038356, "log10_min_child_weight": 4.950514195202813, "log10_subsample": 0.0, "max_depth": 7.0, "num_boost_round": 5.0}, "datetime": {"datetime": "2024-01-19 02:18:57", "elapsed": 7630.560188, "delta": 0.006936}}
{"target": -17.677227795225583, "params": {"gamma": 404.3212741852276, "log10_alpha": 1.0, "log10_colsample_bytree": -1.0, "log10_eta": -4.0, "log10_lambda": 0.004662083789038356, "log10_min_child_weight": 4.950514195202813, "log10_subsample": 0.0, "max_depth": 7.0, "num_boost_round": 6.0}, "datetime": {"datetime": "2024-01-19 02:18:57", "elapsed": 7630.566731, "delta": 0.006543}}
{"target": -17.67722700861115, "params": {"gamma": 404.3212741852276, "log10_alpha": 1.0, "log10_colsample_bytree": -1.0, "log10_eta": -4.0, "log10_lambda": 0.004662083789038356, "log10_min_child_weight": 4.950514195202813, "log10_subsample": 0.0, "max_depth": 7.0, "num_boost_round": 7.0}, "datetime": {"datetime": "2024-01-19 02:18:57", "elapsed": 7630.572891, "delta": 0.00616}}
{"target": -17.6772265711246, "params": {"gamma": 404.3212741852276, "log10_alpha": 1.0, "log10_colsample_bytree": -1.0, "log10_eta": -4.0, "log10_lambda": 0.004662083789038356, "log10_min_child_weight": 4.950514195202813, "log10_subsample": 0.0, "max_depth": 7.0, "num_boost_round": 8.0}, "datetime": {"datetime": "2024-01-19 02:18:57", "elapsed": 7630.578575, "delta": 0.005684}}
{"target": -17.67722633530244, "params": {"gamma": 404.3212741852276, "log10_alpha": 1.0, "log10_colsample_bytree": -1.0, "log10_eta": -4.0, "log10_lambda": 0.004662083789038356, "log10_min_child_weight": 4.950514195202813, "log10_subsample": 0.0, "max_depth": 7.0, "num_boost_round": 9.0}, "datetime": {"datetime": "2024-01-19 02:18:57", "elapsed": 7630.58424, "delta": 0.005665}}
{"target": -17.677226306582778, "params": {"gamma": 404.3212741852276, "log10_alpha": 1.0, "log10_colsample_bytree": -1.0, "log10_eta": -4.0, "log10_lambda": 0.004662083789038356, "log10_min_child_weight": 4.950514195202813, "log10_subsample": 0.0, "max_depth": 7.0, "num_boost_round": 10.0}, "datetime": {"datetime": "2024-01-19 02:18:57", "elapsed": 7630.589903, "delta": 0.005663}}
{"target": -17.677225246969627, "params": {"gamma": 404.3212741852276, "log10_alpha": 1.0, "log10_colsample_bytree": -1.0, "log10_eta": -4.0, "log10_lambda": 0.004662083789038356, "log10_min_child_weight": 4.950514195202813, "log10_subsample": 0.0, "max_depth": 7.0, "num_boost_round": 11.0}, "datetime": {"datetime": "2024-01-19 02:18:57", "elapsed": 7630.595631, "delta": 0.005728}}
{"target": -17.67722350751612, "params": {"gamma": 404.3212741852276, "log10_alpha": 1.0, "log10_colsample_bytree": -1.0, "log10_eta": -4.0, "log10_lambda": 0.004662083789038356, "log10_min_child_weight": 4.950514195202813, "log10_subsample": 0.0, "max_depth": 7.0, "num_boost_round": 12.0}, "datetime": {"datetime": "2024-01-19 02:18:57", "elapsed": 7630.601346, "delta": 0.005715}}
{"target": -17.677221640519466, "params": {"gamma": 404.3212741852276, "log10_alpha": 1.0, "log10_colsample_bytree": -1.0, "log10_eta": -4.0, "log10_lambda": 0.004662083789038356, "log10_min_child_weight": 4.950514195202813, "log10_subsample": 0.0, "max_depth": 7.0, "num_boost_round": 13.0}, "datetime": {"datetime": "2024-01-19 02:18:57", "elapsed": 7630.60708, "delta": 0.005734}}
{"target": -17.677220920545, "params": {"gamma": 404.3212741852276, "log10_alpha": 1.0, "log10_colsample_bytree": -1.0, "log10_eta": -4.0, "log10_lambda": 0.004662083789038356, "log10_min_child_weight": 4.950514195202813, "log10_subsample": 0.0, "max_depth": 7.0, "num_boost_round": 14.0}, "datetime": {"datetime": "2024-01-19 02:18:57", "elapsed": 7630.612752, "delta": 0.005672}}
{"target": -17.677219513946966, "params": {"gamma": 404.3212741852276, "log10_alpha": 1.0, "log10_colsample_bytree": -1.0, "log10_eta": -4.0, "log10_lambda": 0.004662083789038356, "log10_min_child_weight": 4.950514195202813, "log10_subsample": 0.0, "max_depth": 7.0, "num_boost_round": 15.0}, "datetime": {"datetime": "2024-01-19 02:18:57", "elapsed": 7630.618505, "delta": 0.005753}}
{"target": -17.677218824277052, "params": {"gamma": 404.3212741852276, "log10_alpha": 1.0, "log10_colsample_bytree": -1.0, "log10_eta": -4.0, "log10_lambda": 0.004662083789038356, "log10_min_child_weight": 4.950514195202813, "log10_subsample": 0.0, "max_depth": 7.0, "num_boost_round": 16.0}, "datetime": {"datetime": "2024-01-19 02:18:57", "elapsed": 7630.624269, "delta": 0.005764}}
{"target": -17.677218730577525, "params": {"gamma": 404.3212741852276, "log10_alpha": 1.0, "log10_colsample_bytree": -1.0, "log10_eta": -4.0, "log10_lambda": 0.004662083789038356, "log10_min_child_weight": 4.950514195202813, "log10_subsample": 0.0, "max_depth": 7.0, "num_boost_round": 17.0}, "datetime": {"datetime": "2024-01-19 02:18:57", "elapsed": 7630.630153, "delta": 0.005884}}
{"target": -17.677231013191108, "params": {"gamma": 446.12113305587695, "log10_alpha": -0.1738029275872135, "log10_colsample_bytree": -0.881164531922633, "log10_eta": -3.790381355760642, "log10_lambda": -4.339925769828285, "log10_min_child_weight": 3.8670332639407135, "log10_subsample": -0.083648875553886, "max_depth": 4.0, "num_boost_round": 0.0}, "datetime": {"datetime": "2024-01-19 02:20:20", "elapsed": 7712.753324, "delta": 82.123171}}
