{"target": -13.776011643014952, "params": {"gamma": 429.84417523536644, "log10_alpha": -1.6174102179296623, "log10_colsample_bytree": -0.05900848933628866, "log10_eta": -0.6814090630598435, "log10_lambda": -3.9206189469156882, "log10_min_child_weight": 0.6130911416166995, "log10_subsample": -0.8398756489909208, "max_depth": 2.0, "num_boost_round": 12.0}, "datetime": {"datetime": "2024-01-19 00:23:50", "elapsed": 733.934989, "delta": 0.001657}}
{"target": -13.776616776742861, "params": {"gamma": 429.84417523536644, "log10_alpha": -1.6174102179296623, "log10_colsample_bytree": -0.05900848933628866, "log10_eta": -0.6814090630598435, "log10_lambda": -3.9206189469156882, "log10_min_child_weight": 0.6130911416166995, "log10_subsample": -0.8398756489909208, "max_depth": 2.0, "num_boost_round": 13.0}, "datetime": {"datetime": "2024-01-19 00:23:50", "elapsed": 733.936645, "delta": 0.001656}}
{"target": -13.777540715987515, "params": {"gamma": 429.84417523536644, "log10_alpha": -1.6174102179296623, "log10_colsample_bytree": -0.05900848933628866, "log10_eta": -0.6814090630598435, "log10_lambda": -3.9206189469156882, "log10_min_child_weight": 0.6130911416166995, "log10_subsample": -0.8398756489909208, "max_depth": 2.0, "num_boost_round": 14.0}, "datetime": {"datetime": "2024-01-19 00:23:50", "elapsed": 733.938329, "delta": 0.001684}}
{"target": -13.77743759520309, "params": {"gamma": 429.84417523536644, "log10_alpha": -1.6174102179296623, "log10_colsample_bytree": -0.05900848933628866, "log10_eta": -0.6814090630598435, "log10_lambda": -3.9206189469156882, "log10_min_child_weight": 0.6130911416166995, "log10_subsample": -0.8398756489909208, "max_depth": 2.0, "num_boost_round": 15.0}, "datetime": {"datetime": "2024-01-19 00:23:50", "elapsed": 733.939988, "delta": 0.001659}}
{"target": -13.79394837971655, "params": {"gamma": 429.84417523536644, "log10_alpha": -1.6174102179296623, "log10_colsample_bytree": -0.05900848933628866, "log10_eta": -0.6814090630598435, "log10_lambda": -3.9206189469156882, "log10_min_child_weight": 0.6130911416166995, "log10_subsample": -0.8398756489909208, "max_depth": 2.0, "num_boost_round": 16.0}, "datetime": {"datetime": "2024-01-19 00:23:50", "elapsed": 733.941638, "delta": 0.00165}}
{"target": -13.795552276917435, "params": {"gamma": 429.84417523536644, "log10_alpha": -1.6174102179296623, "log10_colsample_bytree": -0.05900848933628866, "log10_eta": -0.6814090630598435, "log10_lambda": -3.9206189469156882, "log10_min_child_weight": 0.6130911416166995, "log10_subsample": -0.8398756489909208, "max_depth": 2.0, "num_boost_round": 17.0}, "datetime": {"datetime": "2024-01-19 00:23:50", "elapsed": 733.943299, "delta": 0.001661}}
{"target": -13.794603294908653, "params": {"gamma": 429.84417523536644, "log10_alpha": -1.6174102179296623, "log10_colsample_bytree": -0.05900848933628866, "log10_eta": -0.6814090630598435, "log10_lambda": -3.9206189469156882, "log10_min_child_weight": 0.6130911416166995, "log10_subsample": -0.8398756489909208, "max_depth": 2.0, "num_boost_round": 18.0}, "datetime": {"datetime": "2024-01-19 00:23:50", "elapsed": 733.944963, "delta": 0.001664}}
{"target": -13.83931815919118, "params": {"gamma": 425.7720142504298, "log10_alpha": -1.8298300505123422, "log10_colsample_bytree": -0.2136223929078731, "log10_eta": -0.1557014194900952, "log10_lambda": -4.980347217805889, "log10_min_child_weight": 1.4491343073971996, "log10_subsample": -0.9750857085005975, "max_depth": 5.0, "num_boost_round": 0.0}, "datetime": {"datetime": "2024-01-19 00:24:22", "elapsed": 765.38453, "delta": 31.439567}}
{"target": -13.892172872112436, "params": {"gamma": 425.7720142504298, "log10_alpha": -1.8298300505123422, "log10_colsample_bytree": -0.2136223929078731, "log10_eta": -0.1557014194900952, "log10_lambda": -4.980347217805889, "log10_min_child_weight": 1.4491343073971996, "log10_subsample": -0.9750857085005975, "max_depth": 5.0, "num_boost_round": 1.0}, "datetime": {"datetime": "2024-01-19 00:24:22", "elapsed": 765.386811, "delta": 0.002281}}
{"target": -14.145975093020247, "params": {"gamma": 425.7720142504298, "log10_alpha": -1.8298300505123422, "log10_colsample_bytree": -0.2136223929078731, "log10_eta": -0.1557014194900952, "log10_lambda": -4.980347217805889, "log10_min_child_weight": 1.4491343073971996, "log10_subsample": -0.9750857085005975, "max_depth": 5.0, "num_boost_round": 2.0}, "datetime": {"datetime": "2024-01-19 00:24:22", "elapsed": 765.389057, "delta": 0.002246}}
{"target": -14.162824924356558, "params": {"gamma": 425.7720142504298, "log10_alpha": -1.8298300505123422, "log10_colsample_bytree": -0.2136223929078731, "log10_eta": -0.1557014194900952, "log10_lambda": -4.980347217805889, "log10_min_child_weight": 1.4491343073971996, "log10_subsample": -0.9750857085005975, "max_depth": 5.0, "num_boost_round": 3.0}, "datetime": {"datetime": "2024-01-19 00:24:22", "elapsed": 765.390915, "delta": 0.001858}}
{"target": -14.19734338103132, "params": {"gamma": 425.7720142504298, "log10_alpha": -1.8298300505123422, "log10_colsample_bytree": -0.2136223929078731, "log10_eta": -0.1557014194900952, "log10_lambda": -4.980347217805889, "log10_min_child_weight": 1.4491343073971996, "log10_subsample": -0.9750857085005975, "max_depth": 5.0, "num_boost_round": 4.0}, "datetime": {"datetime": "2024-01-19 00:24:22", "elapsed": 765.392862, "delta": 0.001947}}
{"target": -14.246138256261874, "params": {"gamma": 425.7720142504298, "log10_alpha": -1.8298300505123422, "log10_colsample_bytree": -0.2136223929078731, "log10_eta": -0.1557014194900952, "log10_lambda": -4.980347217805889, "log10_min_child_weight": 1.4491343073971996, "log10_subsample": -0.9750857085005975, "max_depth": 5.0, "num_boost_round": 5.0}, "datetime": {"datetime": "2024-01-19 00:24:22", "elapsed": 765.394567, "delta": 0.001705}}
{"target": -14.304142555779586, "params": {"gamma": 425.7720142504298, "log10_alpha": -1.8298300505123422, "log10_colsample_bytree": -0.2136223929078731, "log10_eta": -0.1557014194900952, "log10_lambda": -4.980347217805889, "log10_min_child_weight": 1.4491343073971996, "log10_subsample": -0.9750857085005975, "max_depth": 5.0, "num_boost_round": 6.0}, "datetime": {"datetime": "2024-01-19 00:24:22", "elapsed": 765.39628, "delta": 0.001713}}
{"target": -14.311953338253389, "params": {"gamma": 425.7720142504298, "log10_alpha": -1.8298300505123422, "log10_colsample_bytree": -0.2136223929078731, "log10_eta": -0.1557014194900952, "log10_lambda": -4.980347217805889, "log10_min_child_weight": 1.4491343073971996, "log10_subsample": -0.9750857085005975, "max_depth": 5.0, "num_boost_round": 7.0}, "datetime": {"datetime": "2024-01-19 00:24:22", "elapsed": 765.39798, "delta": 0.0017}}
{"target": -14.439507056161723, "params": {"gamma": 425.7720142504298, "log10_alpha": -1.8298300505123422, "log10_colsample_bytree": -0.2136223929078731, "log10_eta": -0.1557014194900952, "log10_lambda": -4.980347217805889, "log10_min_child_weight": 1.4491343073971996, "log10_subsample": -0.9750857085005975, "max_depth": 5.0, "num_boost_round": 8.0}, "datetime": {"datetime": "2024-01-19 00:24:22", "elapsed": 765.399662, "delta": 0.001682}}
{"target": -14.4746374729464, "params": {"gamma": 425.7720142504298, "log10_alpha": -1.8298300505123422, "log10_colsample_bytree": -0.2136223929078731, "log10_eta": -0.1557014194900952, "log10_lambda": -4.980347217805889, "log10_min_child_weight": 1.4491343073971996, "log10_subsample": -0.9750857085005975, "max_depth": 5.0, "num_boost_round": 9.0}, "datetime": {"datetime": "2024-01-19 00:24:22", "elapsed": 765.401338, "delta": 0.001676}}
{"target": -14.513823002769392, "params": {"gamma": 425.7720142504298, "log10_alpha": -1.8298300505123422, "log10_colsample_bytree": -0.2136223929078731, "log10_eta": -0.1557014194900952, "log10_lambda": -4.980347217805889, "log10_min_child_weight": 1.4491343073971996, "log10_subsample": -0.9750857085005975, "max_depth": 5.0, "num_boost_round": 10.0}, "datetime": {"datetime": "2024-01-19 00:24:22", "elapsed": 765.403065, "delta": 0.001727}}
{"target": -14.55978156331195, "params": {"gamma": 425.7720142504298, "log10_alpha": -1.8298300505123422, "log10_colsample_bytree": -0.2136223929078731, "log10_eta": -0.1557014194900952, "log10_lambda": -4.980347217805889, "log10_min_child_weight": 1.4491343073971996, "log10_subsample": -0.9750857085005975, "max_depth": 5.0, "num_boost_round": 11.0}, "datetime": {"datetime": "2024-01-19 00:24:22", "elapsed": 765.404774, "delta": 0.001709}}
{"target": -14.575877841170524, "params": {"gamma": 425.7720142504298, "log10_alpha": -1.8298300505123422, "log10_colsample_bytree": -0.2136223929078731, "log10_eta": -0.1557014194900952, "log10_lambda": -4.980347217805889, "log10_min_child_weight": 1.4491343073971996, "log10_subsample": -0.9750857085005975, "max_depth": 5.0, "num_boost_round": 12.0}, "datetime": {"datetime": "2024-01-19 00:24:22", "elapsed": 765.406454, "delta": 0.00168}}
{"target": -14.624066630032512, "params": {"gamma": 425.7720142504298, "log10_alpha": -1.8298300505123422, "log10_colsample_bytree": -0.2136223929078731, "log10_eta": -0.1557014194900952, "log10_lambda": -4.980347217805889, "log10_min_child_weight": 1.4491343073971996, "log10_subsample": -0.9750857085005975, "max_depth": 5.0, "num_boost_round": 13.0}, "datetime": {"datetime": "2024-01-19 00:24:22", "elapsed": 765.408288, "delta": 0.001834}}
{"target": -14.65671095481802, "params": {"gamma": 425.7720142504298, "log10_alpha": -1.8298300505123422, "log10_colsample_bytree": -0.2136223929078731, "log10_eta": -0.1557014194900952, "log10_lambda": -4.980347217805889, "log10_min_child_weight": 1.4491343073971996, "log10_subsample": -0.9750857085005975, "max_depth": 5.0, "num_boost_round": 14.0}, "datetime": {"datetime": "2024-01-19 00:24:22", "elapsed": 765.410018, "delta": 0.00173}}
{"target": -14.721758046085176, "params": {"gamma": 425.7720142504298, "log10_alpha": -1.8298300505123422, "log10_colsample_bytree": -0.2136223929078731, "log10_eta": -0.1557014194900952, "log10_lambda": -4.980347217805889, "log10_min_child_weight": 1.4491343073971996, "log10_subsample": -0.9750857085005975, "max_depth": 5.0, "num_boost_round": 15.0}, "datetime": {"datetime": "2024-01-19 00:24:22", "elapsed": 765.411743, "delta": 0.001725}}
{"target": -14.74079351475963, "params": {"gamma": 425.7720142504298, "log10_alpha": -1.8298300505123422, "log10_colsample_bytree": -0.2136223929078731, "log10_eta": -0.1557014194900952, "log10_lambda": -4.980347217805889, "log10_min_child_weight": 1.4491343073971996, "log10_subsample": -0.9750857085005975, "max_depth": 5.0, "num_boost_round": 16.0}, "datetime": {"datetime": "2024-01-19 00:24:22", "elapsed": 765.41345, "delta": 0.001707}}
{"target": -14.75772686338932, "params": {"gamma": 425.7720142504298, "log10_alpha": -1.8298300505123422, "log10_colsample_bytree": -0.2136223929078731, "log10_eta": -0.1557014194900952, "log10_lambda": -4.980347217805889, "log10_min_child_weight": 1.4491343073971996, "log10_subsample": -0.9750857085005975, "max_depth": 5.0, "num_boost_round": 17.0}, "datetime": {"datetime": "2024-01-19 00:24:22", "elapsed": 765.415168, "delta": 0.001718}}
{"target": -14.788931167534123, "params": {"gamma": 425.7720142504298, "log10_alpha": -1.8298300505123422, "log10_colsample_bytree": -0.2136223929078731, "log10_eta": -0.1557014194900952, "log10_lambda": -4.980347217805889, "log10_min_child_weight": 1.4491343073971996, "log10_subsample": -0.9750857085005975, "max_depth": 5.0, "num_boost_round": 18.0}, "datetime": {"datetime": "2024-01-19 00:24:22", "elapsed": 765.416879, "delta": 0.001711}}
{"target": -14.791823212445104, "params": {"gamma": 425.7720142504298, "log10_alpha": -1.8298300505123422, "log10_colsample_bytree": -0.2136223929078731, "log10_eta": -0.1557014194900952, "log10_lambda": -4.980347217805889, "log10_min_child_weight": 1.4491343073971996, "log10_subsample": -0.9750857085005975, "max_depth": 5.0, "num_boost_round": 19.0}, "datetime": {"datetime": "2024-01-19 00:24:22", "elapsed": 765.418592, "delta": 0.001713}}
{"target": -14.815477033699485, "params": {"gamma": 425.7720142504298, "log10_alpha": -1.8298300505123422, "log10_colsample_bytree": -0.2136223929078731, "log10_eta": -0.1557014194900952, "log10_lambda": -4.980347217805889, "log10_min_child_weight": 1.4491343073971996, "log10_subsample": -0.9750857085005975, "max_depth": 5.0, "num_boost_round": 20.0}, "datetime": {"datetime": "2024-01-19 00:24:22", "elapsed": 765.42028, "delta": 0.001688}}
{"target": -14.857346317840854, "params": {"gamma": 425.7720142504298, "log10_alpha": -1.8298300505123422, "log10_colsample_bytree": -0.2136223929078731, "log10_eta": -0.1557014194900952, "log10_lambda": -4.980347217805889, "log10_min_child_weight": 1.4491343073971996, "log10_subsample": -0.9750857085005975, "max_depth": 5.0, "num_boost_round": 21.0}, "datetime": {"datetime": "2024-01-19 00:24:22", "elapsed": 765.421989, "delta": 0.001709}}
{"target": -14.873640139040235, "params": {"gamma": 425.7720142504298, "log10_alpha": -1.8298300505123422, "log10_colsample_bytree": -0.2136223929078731, "log10_eta": -0.1557014194900952, "log10_lambda": -4.980347217805889, "log10_min_child_weight": 1.4491343073971996, "log10_subsample": -0.9750857085005975, "max_depth": 5.0, "num_boost_round": 22.0}, "datetime": {"datetime": "2024-01-19 00:24:22", "elapsed": 765.42371, "delta": 0.001721}}
{"target": -14.876721927031124, "params": {"gamma": 425.7720142504298, "log10_alpha": -1.8298300505123422, "log10_colsample_bytree": -0.2136223929078731, "log10_eta": -0.1557014194900952, "log10_lambda": -4.980347217805889, "log10_min_child_weight": 1.4491343073971996, "log10_subsample": -0.9750857085005975, "max_depth": 5.0, "num_boost_round": 23.0}, "datetime": {"datetime": "2024-01-19 00:24:22", "elapsed": 765.425421, "delta": 0.001711}}
{"target": -14.89544861759129, "params": {"gamma": 425.7720142504298, "log10_alpha": -1.8298300505123422, "log10_colsample_bytree": -0.2136223929078731, "log10_eta": -0.1557014194900952, "log10_lambda": -4.980347217805889, "log10_min_child_weight": 1.4491343073971996, "log10_subsample": -0.9750857085005975, "max_depth": 5.0, "num_boost_round": 24.0}, "datetime": {"datetime": "2024-01-19 00:24:22", "elapsed": 765.427117, "delta": 0.001696}}
{"target": -14.898218614002058, "params": {"gamma": 425.7720142504298, "log10_alpha": -1.8298300505123422, "log10_colsample_bytree": -0.2136223929078731, "log10_eta": -0.1557014194900952, "log10_lambda": -4.980347217805889, "log10_min_child_weight": 1.4491343073971996, "log10_subsample": -0.9750857085005975, "max_depth": 5.0, "num_boost_round": 25.0}, "datetime": {"datetime": "2024-01-19 00:24:22", "elapsed": 765.428942, "delta": 0.001825}}
{"target": -14.93981201486889, "params": {"gamma": 425.7720142504298, "log10_alpha": -1.8298300505123422, "log10_colsample_bytree": -0.2136223929078731, "log10_eta": -0.1557014194900952, "log10_lambda": -4.980347217805889, "log10_min_child_weight": 1.4491343073971996, "log10_subsample": -0.9750857085005975, "max_depth": 5.0, "num_boost_round": 26.0}, "datetime": {"datetime": "2024-01-19 00:24:22", "elapsed": 765.430675, "delta": 0.001733}}
{"target": -14.952709922024718, "params": {"gamma": 425.7720142504298, "log10_alpha": -1.8298300505123422, "log10_colsample_bytree": -0.2136223929078731, "log10_eta": -0.1557014194900952, "log10_lambda": -4.980347217805889, "log10_min_child_weight": 1.4491343073971996, "log10_subsample": -0.9750857085005975, "max_depth": 5.0, "num_boost_round": 27.0}, "datetime": {"datetime": "2024-01-19 00:24:22", "elapsed": 765.432375, "delta": 0.0017}}
{"target": -14.958431482645949, "params": {"gamma": 425.7720142504298, "log10_alpha": -1.8298300505123422, "log10_colsample_bytree": -0.2136223929078731, "log10_eta": -0.1557014194900952, "log10_lambda": -4.980347217805889, "log10_min_child_weight": 1.4491343073971996, "log10_subsample": -0.9750857085005975, "max_depth": 5.0, "num_boost_round": 28.0}, "datetime": {"datetime": "2024-01-19 00:24:22", "elapsed": 765.434076, "delta": 0.001701}}
{"target": -14.96473480723767, "params": {"gamma": 425.7720142504298, "log10_alpha": -1.8298300505123422, "log10_colsample_bytree": -0.2136223929078731, "log10_eta": -0.1557014194900952, "log10_lambda": -4.980347217805889, "log10_min_child_weight": 1.4491343073971996, "log10_subsample": -0.9750857085005975, "max_depth": 5.0, "num_boost_round": 29.0}, "datetime": {"datetime": "2024-01-19 00:24:22", "elapsed": 765.435779, "delta": 0.001703}}
{"target": -14.980208758035877, "params": {"gamma": 425.7720142504298, "log10_alpha": -1.8298300505123422, "log10_colsample_bytree": -0.2136223929078731, "log10_eta": -0.1557014194900952, "log10_lambda": -4.980347217805889, "log10_min_child_weight": 1.4491343073971996, "log10_subsample": -0.9750857085005975, "max_depth": 5.0, "num_boost_round": 30.0}, "datetime": {"datetime": "2024-01-19 00:24:22", "elapsed": 765.437509, "delta": 0.00173}}
{"target": -14.994634022798088, "params": {"gamma": 425.7720142504298, "log10_alpha": -1.8298300505123422, "log10_colsample_bytree": -0.2136223929078731, "log10_eta": -0.1557014194900952, "log10_lambda": -4.980347217805889, "log10_min_child_weight": 1.4491343073971996, "log10_subsample": -0.9750857085005975, "max_depth": 5.0, "num_boost_round": 31.0}, "datetime": {"datetime": "2024-01-19 00:24:22", "elapsed": 765.439211, "delta": 0.001702}}
{"target": -15.005677682269418, "params": {"gamma": 425.7720142504298, "log10_alpha": -1.8298300505123422, "log10_colsample_bytree": -0.2136223929078731, "log10_eta": -0.1557014194900952, "log10_lambda": -4.980347217805889, "log10_min_child_weight": 1.4491343073971996, "log10_subsample": -0.9750857085005975, "max_depth": 5.0, "num_boost_round": 32.0}, "datetime": {"datetime": "2024-01-19 00:24:22", "elapsed": 765.440916, "delta": 0.001705}}
{"target": -15.019623343837296, "params": {"gamma": 425.7720142504298, "log10_alpha": -1.8298300505123422, "log10_colsample_bytree": -0.2136223929078731, "log10_eta": -0.1557014194900952, "log10_lambda": -4.980347217805889, "log10_min_child_weight": 1.4491343073971996, "log10_subsample": -0.9750857085005975, "max_depth": 5.0, "num_boost_round": 33.0}, "datetime": {"datetime": "2024-01-19 00:24:22", "elapsed": 765.442625, "delta": 0.001709}}
{"target": -15.067450381312016, "params": {"gamma": 425.7720142504298, "log10_alpha": -1.8298300505123422, "log10_colsample_bytree": -0.2136223929078731, "log10_eta": -0.1557014194900952, "log10_lambda": -4.980347217805889, "log10_min_child_weight": 1.4491343073971996, "log10_subsample": -0.9750857085005975, "max_depth": 5.0, "num_boost_round": 34.0}, "datetime": {"datetime": "2024-01-19 00:24:22", "elapsed": 765.444353, "delta": 0.001728}}
{"target": -15.082933389113656, "params": {"gamma": 425.7720142504298, "log10_alpha": -1.8298300505123422, "log10_colsample_bytree": -0.2136223929078731, "log10_eta": -0.1557014194900952, "log10_lambda": -4.980347217805889, "log10_min_child_weight": 1.4491343073971996, "log10_subsample": -0.9750857085005975, "max_depth": 5.0, "num_boost_round": 35.0}, "datetime": {"datetime": "2024-01-19 00:24:22", "elapsed": 765.44607, "delta": 0.001717}}
{"target": -15.11593202114261, "params": {"gamma": 425.7720142504298, "log10_alpha": -1.8298300505123422, "log10_colsample_bytree": -0.2136223929078731, "log10_eta": -0.1557014194900952, "log10_lambda": -4.980347217805889, "log10_min_child_weight": 1.4491343073971996, "log10_subsample": -0.9750857085005975, "max_depth": 5.0, "num_boost_round": 36.0}, "datetime": {"datetime": "2024-01-19 00:24:22", "elapsed": 765.447786, "delta": 0.001716}}
{"target": -13.758522718276021, "params": {"gamma": 432.4354501509215, "log10_alpha": -0.24010641988925785, "log10_colsample_bytree": -0.3979864891183156, "log10_eta": -2.8646361809612317, "log10_lambda": -2.5270451283502866, "log10_min_child_weight": 1.3846467883901663, "log10_subsample": -0.17329420843624704, "max_depth": 2.0, "num_boost_round": 0.0}, "datetime": {"datetime": "2024-01-19 00:24:45", "elapsed": 788.925787, "delta": 23.478001}}
{"target": -13.758498287077938, "params": {"gamma": 432.4354501509215, "log10_alpha": -0.24010641988925785, "log10_colsample_bytree": -0.3979864891183156, "log10_eta": -2.8646361809612317, "log10_lambda": -2.5270451283502866, "log10_min_child_weight": 1.3846467883901663, "log10_subsample": -0.17329420843624704, "max_depth": 2.0, "num_boost_round": 1.0}, "datetime": {"datetime": "2024-01-19 00:24:45", "elapsed": 788.928255, "delta": 0.002468}}
{"target": -13.758498112141512, "params": {"gamma": 432.4354501509215, "log10_alpha": -0.24010641988925785, "log10_colsample_bytree": -0.3979864891183156, "log10_eta": -2.8646361809612317, "log10_lambda": -2.5270451283502866, "log10_min_child_weight": 1.3846467883901663, "log10_subsample": -0.17329420843624704, "max_depth": 2.0, "num_boost_round": 2.0}, "datetime": {"datetime": "2024-01-19 00:24:45", "elapsed": 788.930224, "delta": 0.001969}}
{"target": -13.758497633661543, "params": {"gamma": 432.4354501509215, "log10_alpha": -0.24010641988925785, "log10_colsample_bytree": -0.3979864891183156, "log10_eta": -2.8646361809612317, "log10_lambda": -2.5270451283502866, "log10_min_child_weight": 1.3846467883901663, "log10_subsample": -0.17329420843624704, "max_depth": 2.0, "num_boost_round": 3.0}, "datetime": {"datetime": "2024-01-19 00:24:45", "elapsed": 788.931922, "delta": 0.001698}}
{"target": -13.758485479979234, "params": {"gamma": 432.4354501509215, "log10_alpha": -0.24010641988925785, "log10_colsample_bytree": -0.3979864891183156, "log10_eta": -2.8646361809612317, "log10_lambda": -2.5270451283502866, "log10_min_child_weight": 1.3846467883901663, "log10_subsample": -0.17329420843624704, "max_depth": 2.0, "num_boost_round": 4.0}, "datetime": {"datetime": "2024-01-19 00:24:45", "elapsed": 788.933637, "delta": 0.001715}}
