{"target": -13.757624512194766, "params": {"gamma": 564.7951805542438, "log10_alpha": -4.887465203550248, "log10_colsample_bytree": -0.6153616497164706, "log10_eta": -2.122373793017669, "log10_lambda": -1.4269671983186205, "log10_min_child_weight": 3.8461144807199394, "log10_subsample": -0.05609147583492535, "max_depth": 7.0, "num_boost_round": 8.0}, "datetime": {"datetime": "2024-01-19 01:24:06", "elapsed": 4378.002084, "delta": 0.004693}}
{"target": -13.75774729616125, "params": {"gamma": 564.7951805542438, "log10_alpha": -4.887465203550248, "log10_colsample_bytree": -0.6153616497164706, "log10_eta": -2.122373793017669, "log10_lambda": -1.4269671983186205, "log10_min_child_weight": 3.8461144807199394, "log10_subsample": -0.05609147583492535, "max_depth": 7.0, "num_boost_round": 9.0}, "datetime": {"datetime": "2024-01-19 01:24:06", "elapsed": 4378.006974, "delta": 0.00489}}
{"target": -13.75754732978192, "params": {"gamma": 564.7951805542438, "log10_alpha": -4.887465203550248, "log10_colsample_bytree": -0.6153616497164706, "log10_eta": -2.122373793017669, "log10_lambda": -1.4269671983186205, "log10_min_child_weight": 3.8461144807199394, "log10_subsample": -0.05609147583492535, "max_depth": 7.0, "num_boost_round": 10.0}, "datetime": {"datetime": "2024-01-19 01:24:06", "elapsed": 4378.011668, "delta": 0.004694}}
{"target": -13.757432378252345, "params": {"gamma": 564.7951805542438, "log10_alpha": -4.887465203550248, "log10_colsample_bytree": -0.6153616497164706, "log10_eta": -2.122373793017669, "log10_lambda": -1.4269671983186205, "log10_min_child_weight": 3.8461144807199394, "log10_subsample": -0.05609147583492535, "max_depth": 7.0, "num_boost_round": 11.0}, "datetime": {"datetime": "2024-01-19 01:24:06", "elapsed": 4378.01653, "delta": 0.004862}}
{"target": -13.75729068725419, "params": {"gamma": 564.7951805542438, "log10_alpha": -4.887465203550248, "log10_colsample_bytree": -0.6153616497164706, "log10_eta": -2.122373793017669, "log10_lambda": -1.4269671983186205, "log10_min_child_weight": 3.8461144807199394, "log10_subsample": -0.05609147583492535, "max_depth": 7.0, "num_boost_round": 12.0}, "datetime": {"datetime": "2024-01-19 01:24:06", "elapsed": 4378.021207, "delta": 0.004677}}
{"target": -13.757166473096415, "params": {"gamma": 564.7951805542438, "log10_alpha": -4.887465203550248, "log10_colsample_bytree": -0.6153616497164706, "log10_eta": -2.122373793017669, "log10_lambda": -1.4269671983186205, "log10_min_child_weight": 3.8461144807199394, "log10_subsample": -0.05609147583492535, "max_depth": 7.0, "num_boost_round": 13.0}, "datetime": {"datetime": "2024-01-19 01:24:06", "elapsed": 4378.025912, "delta": 0.004705}}
{"target": -13.757192466238552, "params": {"gamma": 564.7951805542438, "log10_alpha": -4.887465203550248, "log10_colsample_bytree": -0.6153616497164706, "log10_eta": -2.122373793017669, "log10_lambda": -1.4269671983186205, "log10_min_child_weight": 3.8461144807199394, "log10_subsample": -0.05609147583492535, "max_depth": 7.0, "num_boost_round": 14.0}, "datetime": {"datetime": "2024-01-19 01:24:06", "elapsed": 4378.030581, "delta": 0.004669}}
{"target": -13.757090001652205, "params": {"gamma": 564.7951805542438, "log10_alpha": -4.887465203550248, "log10_colsample_bytree": -0.6153616497164706, "log10_eta": -2.122373793017669, "log10_lambda": -1.4269671983186205, "log10_min_child_weight": 3.8461144807199394, "log10_subsample": -0.05609147583492535, "max_depth": 7.0, "num_boost_round": 15.0}, "datetime": {"datetime": "2024-01-19 01:24:06", "elapsed": 4378.035372, "delta": 0.004791}}
{"target": -13.757212775322632, "params": {"gamma": 564.7951805542438, "log10_alpha": -4.887465203550248, "log10_colsample_bytree": -0.6153616497164706, "log10_eta": -2.122373793017669, "log10_lambda": -1.4269671983186205, "log10_min_child_weight": 3.8461144807199394, "log10_subsample": -0.05609147583492535, "max_depth": 7.0, "num_boost_round": 16.0}, "datetime": {"datetime": "2024-01-19 01:24:06", "elapsed": 4378.040061, "delta": 0.004689}}
{"target": -13.757269298616452, "params": {"gamma": 564.7951805542438, "log10_alpha": -4.887465203550248, "log10_colsample_bytree": -0.6153616497164706, "log10_eta": -2.122373793017669, "log10_lambda": -1.4269671983186205, "log10_min_child_weight": 3.8461144807199394, "log10_subsample": -0.05609147583492535, "max_depth": 7.0, "num_boost_round": 17.0}, "datetime": {"datetime": "2024-01-19 01:24:06", "elapsed": 4378.048715, "delta": 0.008654}}
{"target": -13.757396277099232, "params": {"gamma": 564.7951805542438, "log10_alpha": -4.887465203550248, "log10_colsample_bytree": -0.6153616497164706, "log10_eta": -2.122373793017669, "log10_lambda": -1.4269671983186205, "log10_min_child_weight": 3.8461144807199394, "log10_subsample": -0.05609147583492535, "max_depth": 7.0, "num_boost_round": 18.0}, "datetime": {"datetime": "2024-01-19 01:24:06", "elapsed": 4378.053471, "delta": 0.004756}}
{"target": -13.757264293362784, "params": {"gamma": 564.7951805542438, "log10_alpha": -4.887465203550248, "log10_colsample_bytree": -0.6153616497164706, "log10_eta": -2.122373793017669, "log10_lambda": -1.4269671983186205, "log10_min_child_weight": 3.8461144807199394, "log10_subsample": -0.05609147583492535, "max_depth": 7.0, "num_boost_round": 19.0}, "datetime": {"datetime": "2024-01-19 01:24:06", "elapsed": 4378.058306, "delta": 0.004835}}
{"target": -13.757168557625898, "params": {"gamma": 564.7951805542438, "log10_alpha": -4.887465203550248, "log10_colsample_bytree": -0.6153616497164706, "log10_eta": -2.122373793017669, "log10_lambda": -1.4269671983186205, "log10_min_child_weight": 3.8461144807199394, "log10_subsample": -0.05609147583492535, "max_depth": 7.0, "num_boost_round": 20.0}, "datetime": {"datetime": "2024-01-19 01:24:06", "elapsed": 4378.063242, "delta": 0.004936}}
{"target": -13.757265968969051, "params": {"gamma": 564.7951805542438, "log10_alpha": -4.887465203550248, "log10_colsample_bytree": -0.6153616497164706, "log10_eta": -2.122373793017669, "log10_lambda": -1.4269671983186205, "log10_min_child_weight": 3.8461144807199394, "log10_subsample": -0.05609147583492535, "max_depth": 7.0, "num_boost_round": 21.0}, "datetime": {"datetime": "2024-01-19 01:24:06", "elapsed": 4378.068045, "delta": 0.004803}}
{"target": -13.757181357734513, "params": {"gamma": 564.7951805542438, "log10_alpha": -4.887465203550248, "log10_colsample_bytree": -0.6153616497164706, "log10_eta": -2.122373793017669, "log10_lambda": -1.4269671983186205, "log10_min_child_weight": 3.8461144807199394, "log10_subsample": -0.05609147583492535, "max_depth": 7.0, "num_boost_round": 22.0}, "datetime": {"datetime": "2024-01-19 01:24:06", "elapsed": 4378.072672, "delta": 0.004627}}
{"target": -13.757174045990455, "params": {"gamma": 564.7951805542438, "log10_alpha": -4.887465203550248, "log10_colsample_bytree": -0.6153616497164706, "log10_eta": -2.122373793017669, "log10_lambda": -1.4269671983186205, "log10_min_child_weight": 3.8461144807199394, "log10_subsample": -0.05609147583492535, "max_depth": 7.0, "num_boost_round": 23.0}, "datetime": {"datetime": "2024-01-19 01:24:06", "elapsed": 4378.077497, "delta": 0.004825}}
{"target": -13.757161177400183, "params": {"gamma": 564.7951805542438, "log10_alpha": -4.887465203550248, "log10_colsample_bytree": -0.6153616497164706, "log10_eta": -2.122373793017669, "log10_lambda": -1.4269671983186205, "log10_min_child_weight": 3.8461144807199394, "log10_subsample": -0.05609147583492535, "max_depth": 7.0, "num_boost_round": 24.0}, "datetime": {"datetime": "2024-01-19 01:24:06", "elapsed": 4378.082131, "delta": 0.004634}}
{"target": -13.757169069895768, "params": {"gamma": 564.7951805542438, "log10_alpha": -4.887465203550248, "log10_colsample_bytree": -0.6153616497164706, "log10_eta": -2.122373793017669, "log10_lambda": -1.4269671983186205, "log10_min_child_weight": 3.8461144807199394, "log10_subsample": -0.05609147583492535, "max_depth": 7.0, "num_boost_round": 25.0}, "datetime": {"datetime": "2024-01-19 01:24:06", "elapsed": 4378.087065, "delta": 0.004934}}
{"target": -13.757260425728965, "params": {"gamma": 564.7951805542438, "log10_alpha": -4.887465203550248, "log10_colsample_bytree": -0.6153616497164706, "log10_eta": -2.122373793017669, "log10_lambda": -1.4269671983186205, "log10_min_child_weight": 3.8461144807199394, "log10_subsample": -0.05609147583492535, "max_depth": 7.0, "num_boost_round": 26.0}, "datetime": {"datetime": "2024-01-19 01:24:06", "elapsed": 4378.091881, "delta": 0.004816}}
{"target": -13.757259384932716, "params": {"gamma": 564.7951805542438, "log10_alpha": -4.887465203550248, "log10_colsample_bytree": -0.6153616497164706, "log10_eta": -2.122373793017669, "log10_lambda": -1.4269671983186205, "log10_min_child_weight": 3.8461144807199394, "log10_subsample": -0.05609147583492535, "max_depth": 7.0, "num_boost_round": 27.0}, "datetime": {"datetime": "2024-01-19 01:24:06", "elapsed": 4378.096745, "delta": 0.004864}}
{"target": -13.757206693750334, "params": {"gamma": 564.7951805542438, "log10_alpha": -4.887465203550248, "log10_colsample_bytree": -0.6153616497164706, "log10_eta": -2.122373793017669, "log10_lambda": -1.4269671983186205, "log10_min_child_weight": 3.8461144807199394, "log10_subsample": -0.05609147583492535, "max_depth": 7.0, "num_boost_round": 28.0}, "datetime": {"datetime": "2024-01-19 01:24:06", "elapsed": 4378.101475, "delta": 0.00473}}
{"target": -13.757186630286874, "params": {"gamma": 564.7951805542438, "log10_alpha": -4.887465203550248, "log10_colsample_bytree": -0.6153616497164706, "log10_eta": -2.122373793017669, "log10_lambda": -1.4269671983186205, "log10_min_child_weight": 3.8461144807199394, "log10_subsample": -0.05609147583492535, "max_depth": 7.0, "num_boost_round": 29.0}, "datetime": {"datetime": "2024-01-19 01:24:06", "elapsed": 4378.10615, "delta": 0.004675}}
{"target": -13.757070115476361, "params": {"gamma": 564.7951805542438, "log10_alpha": -4.887465203550248, "log10_colsample_bytree": -0.6153616497164706, "log10_eta": -2.122373793017669, "log10_lambda": -1.4269671983186205, "log10_min_child_weight": 3.8461144807199394, "log10_subsample": -0.05609147583492535, "max_depth": 7.0, "num_boost_round": 30.0}, "datetime": {"datetime": "2024-01-19 01:24:06", "elapsed": 4378.110883, "delta": 0.004733}}
{"target": -13.756908960185088, "params": {"gamma": 564.7951805542438, "log10_alpha": -4.887465203550248, "log10_colsample_bytree": -0.6153616497164706, "log10_eta": -2.122373793017669, "log10_lambda": -1.4269671983186205, "log10_min_child_weight": 3.8461144807199394, "log10_subsample": -0.05609147583492535, "max_depth": 7.0, "num_boost_round": 31.0}, "datetime": {"datetime": "2024-01-19 01:24:06", "elapsed": 4378.115759, "delta": 0.004876}}
{"target": -13.756827242081757, "params": {"gamma": 564.7951805542438, "log10_alpha": -4.887465203550248, "log10_colsample_bytree": -0.6153616497164706, "log10_eta": -2.122373793017669, "log10_lambda": -1.4269671983186205, "log10_min_child_weight": 3.8461144807199394, "log10_subsample": -0.05609147583492535, "max_depth": 7.0, "num_boost_round": 32.0}, "datetime": {"datetime": "2024-01-19 01:24:06", "elapsed": 4378.120516, "delta": 0.004757}}
{"target": -13.756788687510674, "params": {"gamma": 564.7951805542438, "log10_alpha": -4.887465203550248, "log10_colsample_bytree": -0.6153616497164706, "log10_eta": -2.122373793017669, "log10_lambda": -1.4269671983186205, "log10_min_child_weight": 3.8461144807199394, "log10_subsample": -0.05609147583492535, "max_depth": 7.0, "num_boost_round": 33.0}, "datetime": {"datetime": "2024-01-19 01:24:06", "elapsed": 4378.125245, "delta": 0.004729}}
{"target": -13.756728804998417, "params": {"gamma": 564.7951805542438, "log10_alpha": -4.887465203550248, "log10_colsample_bytree": -0.6153616497164706, "log10_eta": -2.122373793017669, "log10_lambda": -1.4269671983186205, "log10_min_child_weight": 3.8461144807199394, "log10_subsample": -0.05609147583492535, "max_depth": 7.0, "num_boost_round": 34.0}, "datetime": {"datetime": "2024-01-19 01:24:06", "elapsed": 4378.130057, "delta": 0.004812}}
{"target": -13.756964366508274, "params": {"gamma": 564.7951805542438, "log10_alpha": -4.887465203550248, "log10_colsample_bytree": -0.6153616497164706, "log10_eta": -2.122373793017669, "log10_lambda": -1.4269671983186205, "log10_min_child_weight": 3.8461144807199394, "log10_subsample": -0.05609147583492535, "max_depth": 7.0, "num_boost_round": 35.0}, "datetime": {"datetime": "2024-01-19 01:24:06", "elapsed": 4378.134918, "delta": 0.004861}}
{"target": -13.75697171712822, "params": {"gamma": 564.7951805542438, "log10_alpha": -4.887465203550248, "log10_colsample_bytree": -0.6153616497164706, "log10_eta": -2.122373793017669, "log10_lambda": -1.4269671983186205, "log10_min_child_weight": 3.8461144807199394, "log10_subsample": -0.05609147583492535, "max_depth": 7.0, "num_boost_round": 36.0}, "datetime": {"datetime": "2024-01-19 01:24:06", "elapsed": 4378.13963, "delta": 0.004712}}
{"target": -13.757071747935354, "params": {"gamma": 564.7951805542438, "log10_alpha": -4.887465203550248, "log10_colsample_bytree": -0.6153616497164706, "log10_eta": -2.122373793017669, "log10_lambda": -1.4269671983186205, "log10_min_child_weight": 3.8461144807199394, "log10_subsample": -0.05609147583492535, "max_depth": 7.0, "num_boost_round": 37.0}, "datetime": {"datetime": "2024-01-19 01:24:06", "elapsed": 4378.144415, "delta": 0.004785}}
{"target": -13.7570267547068, "params": {"gamma": 564.7951805542438, "log10_alpha": -4.887465203550248, "log10_colsample_bytree": -0.6153616497164706, "log10_eta": -2.122373793017669, "log10_lambda": -1.4269671983186205, "log10_min_child_weight": 3.8461144807199394, "log10_subsample": -0.05609147583492535, "max_depth": 7.0, "num_boost_round": 38.0}, "datetime": {"datetime": "2024-01-19 01:24:06", "elapsed": 4378.149101, "delta": 0.004686}}
{"target": -13.757047565918425, "params": {"gamma": 564.7951805542438, "log10_alpha": -4.887465203550248, "log10_colsample_bytree": -0.6153616497164706, "log10_eta": -2.122373793017669, "log10_lambda": -1.4269671983186205, "log10_min_child_weight": 3.8461144807199394, "log10_subsample": -0.05609147583492535, "max_depth": 7.0, "num_boost_round": 39.0}, "datetime": {"datetime": "2024-01-19 01:24:06", "elapsed": 4378.154066, "delta": 0.004965}}
{"target": -13.75716910719288, "params": {"gamma": 564.7951805542438, "log10_alpha": -4.887465203550248, "log10_colsample_bytree": -0.6153616497164706, "log10_eta": -2.122373793017669, "log10_lambda": -1.4269671983186205, "log10_min_child_weight": 3.8461144807199394, "log10_subsample": -0.05609147583492535, "max_depth": 7.0, "num_boost_round": 40.0}, "datetime": {"datetime": "2024-01-19 01:24:06", "elapsed": 4378.158844, "delta": 0.004778}}
{"target": -13.757149535684926, "params": {"gamma": 564.7951805542438, "log10_alpha": -4.887465203550248, "log10_colsample_bytree": -0.6153616497164706, "log10_eta": -2.122373793017669, "log10_lambda": -1.4269671983186205, "log10_min_child_weight": 3.8461144807199394, "log10_subsample": -0.05609147583492535, "max_depth": 7.0, "num_boost_round": 41.0}, "datetime": {"datetime": "2024-01-19 01:24:06", "elapsed": 4378.163582, "delta": 0.004738}}
{"target": -13.757099066805612, "params": {"gamma": 564.7951805542438, "log10_alpha": -4.887465203550248, "log10_colsample_bytree": -0.6153616497164706, "log10_eta": -2.122373793017669, "log10_lambda": -1.4269671983186205, "log10_min_child_weight": 3.8461144807199394, "log10_subsample": -0.05609147583492535, "max_depth": 7.0, "num_boost_round": 42.0}, "datetime": {"datetime": "2024-01-19 01:24:06", "elapsed": 4378.168274, "delta": 0.004692}}
{"target": -13.75710417120221, "params": {"gamma": 564.7951805542438, "log10_alpha": -4.887465203550248, "log10_colsample_bytree": -0.6153616497164706, "log10_eta": -2.122373793017669, "log10_lambda": -1.4269671983186205, "log10_min_child_weight": 3.8461144807199394, "log10_subsample": -0.05609147583492535, "max_depth": 7.0, "num_boost_round": 43.0}, "datetime": {"datetime": "2024-01-19 01:24:06", "elapsed": 4378.173191, "delta": 0.004917}}
{"target": -13.757070787167903, "params": {"gamma": 564.7951805542438, "log10_alpha": -4.887465203550248, "log10_colsample_bytree": -0.6153616497164706, "log10_eta": -2.122373793017669, "log10_lambda": -1.4269671983186205, "log10_min_child_weight": 3.8461144807199394, "log10_subsample": -0.05609147583492535, "max_depth": 7.0, "num_boost_round": 44.0}, "datetime": {"datetime": "2024-01-19 01:24:06", "elapsed": 4378.177919, "delta": 0.004728}}
{"target": -13.756922414904604, "params": {"gamma": 564.7951805542438, "log10_alpha": -4.887465203550248, "log10_colsample_bytree": -0.6153616497164706, "log10_eta": -2.122373793017669, "log10_lambda": -1.4269671983186205, "log10_min_child_weight": 3.8461144807199394, "log10_subsample": -0.05609147583492535, "max_depth": 7.0, "num_boost_round": 45.0}, "datetime": {"datetime": "2024-01-19 01:24:06", "elapsed": 4378.182613, "delta": 0.004694}}
{"target": -13.756897504960078, "params": {"gamma": 564.7951805542438, "log10_alpha": -4.887465203550248, "log10_colsample_bytree": -0.6153616497164706, "log10_eta": -2.122373793017669, "log10_lambda": -1.4269671983186205, "log10_min_child_weight": 3.8461144807199394, "log10_subsample": -0.05609147583492535, "max_depth": 7.0, "num_boost_round": 46.0}, "datetime": {"datetime": "2024-01-19 01:24:06", "elapsed": 4378.18732, "delta": 0.004707}}
{"target": -13.756963810152252, "params": {"gamma": 564.7951805542438, "log10_alpha": -4.887465203550248, "log10_colsample_bytree": -0.6153616497164706, "log10_eta": -2.122373793017669, "log10_lambda": -1.4269671983186205, "log10_min_child_weight": 3.8461144807199394, "log10_subsample": -0.05609147583492535, "max_depth": 7.0, "num_boost_round": 47.0}, "datetime": {"datetime": "2024-01-19 01:24:06", "elapsed": 4378.192177, "delta": 0.004857}}
{"target": -13.757060109760001, "params": {"gamma": 564.7951805542438, "log10_alpha": -4.887465203550248, "log10_colsample_bytree": -0.6153616497164706, "log10_eta": -2.122373793017669, "log10_lambda": -1.4269671983186205, "log10_min_child_weight": 3.8461144807199394, "log10_subsample": -0.05609147583492535, "max_depth": 7.0, "num_boost_round": 48.0}, "datetime": {"datetime": "2024-01-19 01:24:06", "elapsed": 4378.196922, "delta": 0.004745}}
{"target": -13.757033457848422, "params": {"gamma": 564.7951805542438, "log10_alpha": -4.887465203550248, "log10_colsample_bytree": -0.6153616497164706, "log10_eta": -2.122373793017669, "log10_lambda": -1.4269671983186205, "log10_min_child_weight": 3.8461144807199394, "log10_subsample": -0.05609147583492535, "max_depth": 7.0, "num_boost_round": 49.0}, "datetime": {"datetime": "2024-01-19 01:24:06", "elapsed": 4378.202407, "delta": 0.005485}}
{"target": -13.757215966578709, "params": {"gamma": 564.7951805542438, "log10_alpha": -4.887465203550248, "log10_colsample_bytree": -0.6153616497164706, "log10_eta": -2.122373793017669, "log10_lambda": -1.4269671983186205, "log10_min_child_weight": 3.8461144807199394, "log10_subsample": -0.05609147583492535, "max_depth": 7.0, "num_boost_round": 50.0}, "datetime": {"datetime": "2024-01-19 01:24:06", "elapsed": 4378.207527, "delta": 0.00512}}
{"target": -13.757400376855262, "params": {"gamma": 564.7951805542438, "log10_alpha": -4.887465203550248, "log10_colsample_bytree": -0.6153616497164706, "log10_eta": -2.122373793017669, "log10_lambda": -1.4269671983186205, "log10_min_child_weight": 3.8461144807199394, "log10_subsample": -0.05609147583492535, "max_depth": 7.0, "num_boost_round": 51.0}, "datetime": {"datetime": "2024-01-19 01:24:06", "elapsed": 4378.212498, "delta": 0.004971}}
{"target": -13.75739600135382, "params": {"gamma": 564.7951805542438, "log10_alpha": -4.887465203550248, "log10_colsample_bytree": -0.6153616497164706, "log10_eta": -2.122373793017669, "log10_lambda": -1.4269671983186205, "log10_min_child_weight": 3.8461144807199394, "log10_subsample": -0.05609147583492535, "max_depth": 7.0, "num_boost_round": 52.0}, "datetime": {"datetime": "2024-01-19 01:24:06", "elapsed": 4378.217442, "delta": 0.004944}}
{"target": -13.757288580595345, "params": {"gamma": 564.7951805542438, "log10_alpha": -4.887465203550248, "log10_colsample_bytree": -0.6153616497164706, "log10_eta": -2.122373793017669, "log10_lambda": -1.4269671983186205, "log10_min_child_weight": 3.8461144807199394, "log10_subsample": -0.05609147583492535, "max_depth": 7.0, "num_boost_round": 53.0}, "datetime": {"datetime": "2024-01-19 01:24:06", "elapsed": 4378.222106, "delta": 0.004664}}
{"target": -13.758532380915284, "params": {"gamma": 571.7046739154617, "log10_alpha": -1.6003417131857427, "log10_colsample_bytree": -0.3168616467281593, "log10_eta": -3.7285977819221885, "log10_lambda": 0.8625280231641019, "log10_min_child_weight": 0.459290613106737, "log10_subsample": -0.35519252617541996, "max_depth": 5.0, "num_boost_round": 0.0}, "datetime": {"datetime": "2024-01-19 01:25:01", "elapsed": 4433.39326, "delta": 55.171154}}
{"target": -13.758531992793218, "params": {"gamma": 571.7046739154617, "log10_alpha": -1.6003417131857427, "log10_colsample_bytree": -0.3168616467281593, "log10_eta": -3.7285977819221885, "log10_lambda": 0.8625280231641019, "log10_min_child_weight": 0.459290613106737, "log10_subsample": -0.35519252617541996, "max_depth": 5.0, "num_boost_round": 1.0}, "datetime": {"datetime": "2024-01-19 01:25:01", "elapsed": 4433.399122, "delta": 0.005862}}
{"target": -13.75852302267674, "params": {"gamma": 571.7046739154617, "log10_alpha": -1.6003417131857427, "log10_colsample_bytree": -0.3168616467281593, "log10_eta": -3.7285977819221885, "log10_lambda": 0.8625280231641019, "log10_min_child_weight": 0.459290613106737, "log10_subsample": -0.35519252617541996, "max_depth": 5.0, "num_boost_round": 2.0}, "datetime": {"datetime": "2024-01-19 01:25:01", "elapsed": 4433.404, "delta": 0.004878}}
