{"target": -17.676103283397854, "params": {"gamma": 58.64626675129592, "log10_alpha": -4.516957153841494, "log10_colsample_bytree": -0.4550382738779133, "log10_eta": -1.6252419932869078, "log10_lambda": 0.5927245409660324, "log10_min_child_weight": 4.355973729270231, "log10_subsample": -0.8081653136598799, "max_depth": 3.0, "num_boost_round": 20.0}, "datetime": {"datetime": "2024-01-19 01:31:23", "elapsed": 4791.180373, "delta": 0.005772}}
{"target": -17.676006946798363, "params": {"gamma": 58.64626675129592, "log10_alpha": -4.516957153841494, "log10_colsample_bytree": -0.4550382738779133, "log10_eta": -1.6252419932869078, "log10_lambda": 0.5927245409660324, "log10_min_child_weight": 4.355973729270231, "log10_subsample": -0.8081653136598799, "max_depth": 3.0, "num_boost_round": 21.0}, "datetime": {"datetime": "2024-01-19 01:31:23", "elapsed": 4791.186086, "delta": 0.005713}}
{"target": -17.67570916047883, "params": {"gamma": 58.64626675129592, "log10_alpha": -4.516957153841494, "log10_colsample_bytree": -0.4550382738779133, "log10_eta": -1.6252419932869078, "log10_lambda": 0.5927245409660324, "log10_min_child_weight": 4.355973729270231, "log10_subsample": -0.8081653136598799, "max_depth": 3.0, "num_boost_round": 22.0}, "datetime": {"datetime": "2024-01-19 01:31:23", "elapsed": 4791.192844, "delta": 0.006758}}
{"target": -17.675457767093295, "params": {"gamma": 58.64626675129592, "log10_alpha": -4.516957153841494, "log10_colsample_bytree": -0.4550382738779133, "log10_eta": -1.6252419932869078, "log10_lambda": 0.5927245409660324, "log10_min_child_weight": 4.355973729270231, "log10_subsample": -0.8081653136598799, "max_depth": 3.0, "num_boost_round": 23.0}, "datetime": {"datetime": "2024-01-19 01:31:23", "elapsed": 4791.198762, "delta": 0.005918}}
{"target": -17.67574584439835, "params": {"gamma": 58.64626675129592, "log10_alpha": -4.516957153841494, "log10_colsample_bytree": -0.4550382738779133, "log10_eta": -1.6252419932869078, "log10_lambda": 0.5927245409660324, "log10_min_child_weight": 4.355973729270231, "log10_subsample": -0.8081653136598799, "max_depth": 3.0, "num_boost_round": 24.0}, "datetime": {"datetime": "2024-01-19 01:31:23", "elapsed": 4791.204465, "delta": 0.005703}}
{"target": -17.675531613880985, "params": {"gamma": 58.64626675129592, "log10_alpha": -4.516957153841494, "log10_colsample_bytree": -0.4550382738779133, "log10_eta": -1.6252419932869078, "log10_lambda": 0.5927245409660324, "log10_min_child_weight": 4.355973729270231, "log10_subsample": -0.8081653136598799, "max_depth": 3.0, "num_boost_round": 25.0}, "datetime": {"datetime": "2024-01-19 01:31:23", "elapsed": 4791.210481, "delta": 0.006016}}
{"target": -17.675808509862183, "params": {"gamma": 58.64626675129592, "log10_alpha": -4.516957153841494, "log10_colsample_bytree": -0.4550382738779133, "log10_eta": -1.6252419932869078, "log10_lambda": 0.5927245409660324, "log10_min_child_weight": 4.355973729270231, "log10_subsample": -0.8081653136598799, "max_depth": 3.0, "num_boost_round": 26.0}, "datetime": {"datetime": "2024-01-19 01:31:23", "elapsed": 4791.21612, "delta": 0.005639}}
{"target": -17.67589906758511, "params": {"gamma": 58.64626675129592, "log10_alpha": -4.516957153841494, "log10_colsample_bytree": -0.4550382738779133, "log10_eta": -1.6252419932869078, "log10_lambda": 0.5927245409660324, "log10_min_child_weight": 4.355973729270231, "log10_subsample": -0.8081653136598799, "max_depth": 3.0, "num_boost_round": 27.0}, "datetime": {"datetime": "2024-01-19 01:31:23", "elapsed": 4791.221815, "delta": 0.005695}}
{"target": -17.677229629202767, "params": {"gamma": 71.07481238591019, "log10_alpha": -5.0, "log10_colsample_bytree": 0.0, "log10_eta": -3.57765784145929, "log10_lambda": -5.0, "log10_min_child_weight": 5.0, "log10_subsample": 0.0, "max_depth": 5.0, "num_boost_round": 0.0}, "datetime": {"datetime": "2024-01-19 01:33:08", "elapsed": 4895.397313, "delta": 104.175498}}
{"target": -17.67722628695188, "params": {"gamma": 71.07481238591019, "log10_alpha": -5.0, "log10_colsample_bytree": 0.0, "log10_eta": -3.57765784145929, "log10_lambda": -5.0, "log10_min_child_weight": 5.0, "log10_subsample": 0.0, "max_depth": 5.0, "num_boost_round": 1.0}, "datetime": {"datetime": "2024-01-19 01:33:08", "elapsed": 4895.40381, "delta": 0.006497}}
{"target": -17.67722294803262, "params": {"gamma": 71.07481238591019, "log10_alpha": -5.0, "log10_colsample_bytree": 0.0, "log10_eta": -3.57765784145929, "log10_lambda": -5.0, "log10_min_child_weight": 5.0, "log10_subsample": 0.0, "max_depth": 5.0, "num_boost_round": 2.0}, "datetime": {"datetime": "2024-01-19 01:33:08", "elapsed": 4895.409661, "delta": 0.005851}}
{"target": -17.677219597717574, "params": {"gamma": 71.07481238591019, "log10_alpha": -5.0, "log10_colsample_bytree": 0.0, "log10_eta": -3.57765784145929, "log10_lambda": -5.0, "log10_min_child_weight": 5.0, "log10_subsample": 0.0, "max_depth": 5.0, "num_boost_round": 3.0}, "datetime": {"datetime": "2024-01-19 01:33:08", "elapsed": 4895.415234, "delta": 0.005573}}
{"target": -17.677216317385877, "params": {"gamma": 71.07481238591019, "log10_alpha": -5.0, "log10_colsample_bytree": 0.0, "log10_eta": -3.57765784145929, "log10_lambda": -5.0, "log10_min_child_weight": 5.0, "log10_subsample": 0.0, "max_depth": 5.0, "num_boost_round": 4.0}, "datetime": {"datetime": "2024-01-19 01:33:08", "elapsed": 4895.420898, "delta": 0.005664}}
{"target": -17.677212986437855, "params": {"gamma": 71.07481238591019, "log10_alpha": -5.0, "log10_colsample_bytree": 0.0, "log10_eta": -3.57765784145929, "log10_lambda": -5.0, "log10_min_child_weight": 5.0, "log10_subsample": 0.0, "max_depth": 5.0, "num_boost_round": 5.0}, "datetime": {"datetime": "2024-01-19 01:33:08", "elapsed": 4895.426551, "delta": 0.005653}}
{"target": -17.677209663547153, "params": {"gamma": 71.07481238591019, "log10_alpha": -5.0, "log10_colsample_bytree": 0.0, "log10_eta": -3.57765784145929, "log10_lambda": -5.0, "log10_min_child_weight": 5.0, "log10_subsample": 0.0, "max_depth": 5.0, "num_boost_round": 6.0}, "datetime": {"datetime": "2024-01-19 01:33:08", "elapsed": 4895.432251, "delta": 0.0057}}
{"target": -17.677206339841696, "params": {"gamma": 71.07481238591019, "log10_alpha": -5.0, "log10_colsample_bytree": 0.0, "log10_eta": -3.57765784145929, "log10_lambda": -5.0, "log10_min_child_weight": 5.0, "log10_subsample": 0.0, "max_depth": 5.0, "num_boost_round": 7.0}, "datetime": {"datetime": "2024-01-19 01:33:08", "elapsed": 4895.437926, "delta": 0.005675}}
{"target": -17.677203058355545, "params": {"gamma": 71.07481238591019, "log10_alpha": -5.0, "log10_colsample_bytree": 0.0, "log10_eta": -3.57765784145929, "log10_lambda": -5.0, "log10_min_child_weight": 5.0, "log10_subsample": 0.0, "max_depth": 5.0, "num_boost_round": 8.0}, "datetime": {"datetime": "2024-01-19 01:33:08", "elapsed": 4895.443147, "delta": 0.005221}}
{"target": -17.677199755791513, "params": {"gamma": 71.07481238591019, "log10_alpha": -5.0, "log10_colsample_bytree": 0.0, "log10_eta": -3.57765784145929, "log10_lambda": -5.0, "log10_min_child_weight": 5.0, "log10_subsample": 0.0, "max_depth": 5.0, "num_boost_round": 9.0}, "datetime": {"datetime": "2024-01-19 01:33:08", "elapsed": 4895.448581, "delta": 0.005434}}
{"target": -17.67719646027627, "params": {"gamma": 71.07481238591019, "log10_alpha": -5.0, "log10_colsample_bytree": 0.0, "log10_eta": -3.57765784145929, "log10_lambda": -5.0, "log10_min_child_weight": 5.0, "log10_subsample": 0.0, "max_depth": 5.0, "num_boost_round": 10.0}, "datetime": {"datetime": "2024-01-19 01:33:08", "elapsed": 4895.454059, "delta": 0.005478}}
{"target": -17.677193171800617, "params": {"gamma": 71.07481238591019, "log10_alpha": -5.0, "log10_colsample_bytree": 0.0, "log10_eta": -3.57765784145929, "log10_lambda": -5.0, "log10_min_child_weight": 5.0, "log10_subsample": 0.0, "max_depth": 5.0, "num_boost_round": 11.0}, "datetime": {"datetime": "2024-01-19 01:33:08", "elapsed": 4895.459615, "delta": 0.005556}}
{"target": -17.677189875275772, "params": {"gamma": 71.07481238591019, "log10_alpha": -5.0, "log10_colsample_bytree": 0.0, "log10_eta": -3.57765784145929, "log10_lambda": -5.0, "log10_min_child_weight": 5.0, "log10_subsample": 0.0, "max_depth": 5.0, "num_boost_round": 12.0}, "datetime": {"datetime": "2024-01-19 01:33:08", "elapsed": 4895.465131, "delta": 0.005516}}
{"target": -17.67718660441823, "params": {"gamma": 71.07481238591019, "log10_alpha": -5.0, "log10_colsample_bytree": 0.0, "log10_eta": -3.57765784145929, "log10_lambda": -5.0, "log10_min_child_weight": 5.0, "log10_subsample": 0.0, "max_depth": 5.0, "num_boost_round": 13.0}, "datetime": {"datetime": "2024-01-19 01:33:08", "elapsed": 4895.470746, "delta": 0.005615}}
{"target": -17.67718332981383, "params": {"gamma": 71.07481238591019, "log10_alpha": -5.0, "log10_colsample_bytree": 0.0, "log10_eta": -3.57765784145929, "log10_lambda": -5.0, "log10_min_child_weight": 5.0, "log10_subsample": 0.0, "max_depth": 5.0, "num_boost_round": 14.0}, "datetime": {"datetime": "2024-01-19 01:33:08", "elapsed": 4895.476287, "delta": 0.005541}}
{"target": -17.677180066730497, "params": {"gamma": 71.07481238591019, "log10_alpha": -5.0, "log10_colsample_bytree": 0.0, "log10_eta": -3.57765784145929, "log10_lambda": -5.0, "log10_min_child_weight": 5.0, "log10_subsample": 0.0, "max_depth": 5.0, "num_boost_round": 15.0}, "datetime": {"datetime": "2024-01-19 01:33:08", "elapsed": 4895.482329, "delta": 0.006042}}
{"target": -17.677176804388655, "params": {"gamma": 71.07481238591019, "log10_alpha": -5.0, "log10_colsample_bytree": 0.0, "log10_eta": -3.57765784145929, "log10_lambda": -5.0, "log10_min_child_weight": 5.0, "log10_subsample": 0.0, "max_depth": 5.0, "num_boost_round": 16.0}, "datetime": {"datetime": "2024-01-19 01:33:08", "elapsed": 4895.488206, "delta": 0.005877}}
{"target": -17.677173534703737, "params": {"gamma": 71.07481238591019, "log10_alpha": -5.0, "log10_colsample_bytree": 0.0, "log10_eta": -3.57765784145929, "log10_lambda": -5.0, "log10_min_child_weight": 5.0, "log10_subsample": 0.0, "max_depth": 5.0, "num_boost_round": 17.0}, "datetime": {"datetime": "2024-01-19 01:33:08", "elapsed": 4895.493633, "delta": 0.005427}}
{"target": -17.67717028099012, "params": {"gamma": 71.07481238591019, "log10_alpha": -5.0, "log10_colsample_bytree": 0.0, "log10_eta": -3.57765784145929, "log10_lambda": -5.0, "log10_min_child_weight": 5.0, "log10_subsample": 0.0, "max_depth": 5.0, "num_boost_round": 18.0}, "datetime": {"datetime": "2024-01-19 01:33:08", "elapsed": 4895.499112, "delta": 0.005479}}
{"target": -17.677233436900146, "params": {"gamma": 69.94085651023197, "log10_alpha": 0.7514162282812338, "log10_colsample_bytree": -0.5225010953788035, "log10_eta": -3.758373346019737, "log10_lambda": -3.4843455148883464, "log10_min_child_weight": 1.289006575254944, "log10_subsample": -0.5784983376584765, "max_depth": 7.0, "num_boost_round": 0.0}, "datetime": {"datetime": "2024-01-19 01:34:13", "elapsed": 4960.789661, "delta": 65.290549}}
{"target": -17.677230728244762, "params": {"gamma": 69.94085651023197, "log10_alpha": 0.7514162282812338, "log10_colsample_bytree": -0.5225010953788035, "log10_eta": -3.758373346019737, "log10_lambda": -3.4843455148883464, "log10_min_child_weight": 1.289006575254944, "log10_subsample": -0.5784983376584765, "max_depth": 7.0, "num_boost_round": 1.0}, "datetime": {"datetime": "2024-01-19 01:34:13", "elapsed": 4960.79628, "delta": 0.006619}}
{"target": -17.67721719563712, "params": {"gamma": 69.94085651023197, "log10_alpha": 0.7514162282812338, "log10_colsample_bytree": -0.5225010953788035, "log10_eta": -3.758373346019737, "log10_lambda": -3.4843455148883464, "log10_min_child_weight": 1.289006575254944, "log10_subsample": -0.5784983376584765, "max_depth": 7.0, "num_boost_round": 2.0}, "datetime": {"datetime": "2024-01-19 01:34:13", "elapsed": 4960.802255, "delta": 0.005975}}
{"target": -17.67721152947819, "params": {"gamma": 69.94085651023197, "log10_alpha": 0.7514162282812338, "log10_colsample_bytree": -0.5225010953788035, "log10_eta": -3.758373346019737, "log10_lambda": -3.4843455148883464, "log10_min_child_weight": 1.289006575254944, "log10_subsample": -0.5784983376584765, "max_depth": 7.0, "num_boost_round": 3.0}, "datetime": {"datetime": "2024-01-19 01:34:13", "elapsed": 4960.808101, "delta": 0.005846}}
{"target": -17.677205331496776, "params": {"gamma": 69.94085651023197, "log10_alpha": 0.7514162282812338, "log10_colsample_bytree": -0.5225010953788035, "log10_eta": -3.758373346019737, "log10_lambda": -3.4843455148883464, "log10_min_child_weight": 1.289006575254944, "log10_subsample": -0.5784983376584765, "max_depth": 7.0, "num_boost_round": 4.0}, "datetime": {"datetime": "2024-01-19 01:34:13", "elapsed": 4960.814037, "delta": 0.005936}}
{"target": -17.67720218278185, "params": {"gamma": 69.94085651023197, "log10_alpha": 0.7514162282812338, "log10_colsample_bytree": -0.5225010953788035, "log10_eta": -3.758373346019737, "log10_lambda": -3.4843455148883464, "log10_min_child_weight": 1.289006575254944, "log10_subsample": -0.5784983376584765, "max_depth": 7.0, "num_boost_round": 5.0}, "datetime": {"datetime": "2024-01-19 01:34:13", "elapsed": 4960.820028, "delta": 0.005991}}
{"target": -17.677196596783578, "params": {"gamma": 69.94085651023197, "log10_alpha": 0.7514162282812338, "log10_colsample_bytree": -0.5225010953788035, "log10_eta": -3.758373346019737, "log10_lambda": -3.4843455148883464, "log10_min_child_weight": 1.289006575254944, "log10_subsample": -0.5784983376584765, "max_depth": 7.0, "num_boost_round": 6.0}, "datetime": {"datetime": "2024-01-19 01:34:13", "elapsed": 4960.826019, "delta": 0.005991}}
{"target": -17.677194319494294, "params": {"gamma": 69.94085651023197, "log10_alpha": 0.7514162282812338, "log10_colsample_bytree": -0.5225010953788035, "log10_eta": -3.758373346019737, "log10_lambda": -3.4843455148883464, "log10_min_child_weight": 1.289006575254944, "log10_subsample": -0.5784983376584765, "max_depth": 7.0, "num_boost_round": 7.0}, "datetime": {"datetime": "2024-01-19 01:34:13", "elapsed": 4960.832005, "delta": 0.005986}}
{"target": -17.677184743818835, "params": {"gamma": 69.94085651023197, "log10_alpha": 0.7514162282812338, "log10_colsample_bytree": -0.5225010953788035, "log10_eta": -3.758373346019737, "log10_lambda": -3.4843455148883464, "log10_min_child_weight": 1.289006575254944, "log10_subsample": -0.5784983376584765, "max_depth": 7.0, "num_boost_round": 8.0}, "datetime": {"datetime": "2024-01-19 01:34:13", "elapsed": 4960.837757, "delta": 0.005752}}
{"target": -17.67717032864062, "params": {"gamma": 69.94085651023197, "log10_alpha": 0.7514162282812338, "log10_colsample_bytree": -0.5225010953788035, "log10_eta": -3.758373346019737, "log10_lambda": -3.4843455148883464, "log10_min_child_weight": 1.289006575254944, "log10_subsample": -0.5784983376584765, "max_depth": 7.0, "num_boost_round": 9.0}, "datetime": {"datetime": "2024-01-19 01:34:13", "elapsed": 4960.843468, "delta": 0.005711}}
{"target": -17.677152063600293, "params": {"gamma": 69.94085651023197, "log10_alpha": 0.7514162282812338, "log10_colsample_bytree": -0.5225010953788035, "log10_eta": -3.758373346019737, "log10_lambda": -3.4843455148883464, "log10_min_child_weight": 1.289006575254944, "log10_subsample": -0.5784983376584765, "max_depth": 7.0, "num_boost_round": 10.0}, "datetime": {"datetime": "2024-01-19 01:34:13", "elapsed": 4960.849245, "delta": 0.005777}}
{"target": -17.677155193659523, "params": {"gamma": 69.94085651023197, "log10_alpha": 0.7514162282812338, "log10_colsample_bytree": -0.5225010953788035, "log10_eta": -3.758373346019737, "log10_lambda": -3.4843455148883464, "log10_min_child_weight": 1.289006575254944, "log10_subsample": -0.5784983376584765, "max_depth": 7.0, "num_boost_round": 11.0}, "datetime": {"datetime": "2024-01-19 01:34:13", "elapsed": 4960.85507, "delta": 0.005825}}
{"target": -17.67714955435585, "params": {"gamma": 69.94085651023197, "log10_alpha": 0.7514162282812338, "log10_colsample_bytree": -0.5225010953788035, "log10_eta": -3.758373346019737, "log10_lambda": -3.4843455148883464, "log10_min_child_weight": 1.289006575254944, "log10_subsample": -0.5784983376584765, "max_depth": 7.0, "num_boost_round": 12.0}, "datetime": {"datetime": "2024-01-19 01:34:13", "elapsed": 4960.861115, "delta": 0.006045}}
{"target": -17.677143614131037, "params": {"gamma": 69.94085651023197, "log10_alpha": 0.7514162282812338, "log10_colsample_bytree": -0.5225010953788035, "log10_eta": -3.758373346019737, "log10_lambda": -3.4843455148883464, "log10_min_child_weight": 1.289006575254944, "log10_subsample": -0.5784983376584765, "max_depth": 7.0, "num_boost_round": 13.0}, "datetime": {"datetime": "2024-01-19 01:34:13", "elapsed": 4960.866769, "delta": 0.005654}}
{"target": -17.677149757405402, "params": {"gamma": 69.94085651023197, "log10_alpha": 0.7514162282812338, "log10_colsample_bytree": -0.5225010953788035, "log10_eta": -3.758373346019737, "log10_lambda": -3.4843455148883464, "log10_min_child_weight": 1.289006575254944, "log10_subsample": -0.5784983376584765, "max_depth": 7.0, "num_boost_round": 14.0}, "datetime": {"datetime": "2024-01-19 01:34:13", "elapsed": 4960.872533, "delta": 0.005764}}
{"target": -17.677154649531982, "params": {"gamma": 69.94085651023197, "log10_alpha": 0.7514162282812338, "log10_colsample_bytree": -0.5225010953788035, "log10_eta": -3.758373346019737, "log10_lambda": -3.4843455148883464, "log10_min_child_weight": 1.289006575254944, "log10_subsample": -0.5784983376584765, "max_depth": 7.0, "num_boost_round": 15.0}, "datetime": {"datetime": "2024-01-19 01:34:13", "elapsed": 4960.878509, "delta": 0.005976}}
{"target": -17.677157994158588, "params": {"gamma": 69.94085651023197, "log10_alpha": 0.7514162282812338, "log10_colsample_bytree": -0.5225010953788035, "log10_eta": -3.758373346019737, "log10_lambda": -3.4843455148883464, "log10_min_child_weight": 1.289006575254944, "log10_subsample": -0.5784983376584765, "max_depth": 7.0, "num_boost_round": 16.0}, "datetime": {"datetime": "2024-01-19 01:34:13", "elapsed": 4960.884225, "delta": 0.005716}}
{"target": -17.677162063570062, "params": {"gamma": 69.94085651023197, "log10_alpha": 0.7514162282812338, "log10_colsample_bytree": -0.5225010953788035, "log10_eta": -3.758373346019737, "log10_lambda": -3.4843455148883464, "log10_min_child_weight": 1.289006575254944, "log10_subsample": -0.5784983376584765, "max_depth": 7.0, "num_boost_round": 17.0}, "datetime": {"datetime": "2024-01-19 01:34:13", "elapsed": 4960.890245, "delta": 0.00602}}
{"target": -17.67716863702521, "params": {"gamma": 69.94085651023197, "log10_alpha": 0.7514162282812338, "log10_colsample_bytree": -0.5225010953788035, "log10_eta": -3.758373346019737, "log10_lambda": -3.4843455148883464, "log10_min_child_weight": 1.289006575254944, "log10_subsample": -0.5784983376584765, "max_depth": 7.0, "num_boost_round": 18.0}, "datetime": {"datetime": "2024-01-19 01:34:13", "elapsed": 4960.896238, "delta": 0.005993}}
{"target": -17.67716066348849, "params": {"gamma": 69.94085651023197, "log10_alpha": 0.7514162282812338, "log10_colsample_bytree": -0.5225010953788035, "log10_eta": -3.758373346019737, "log10_lambda": -3.4843455148883464, "log10_min_child_weight": 1.289006575254944, "log10_subsample": -0.5784983376584765, "max_depth": 7.0, "num_boost_round": 19.0}, "datetime": {"datetime": "2024-01-19 01:34:13", "elapsed": 4960.901941, "delta": 0.005703}}
{"target": -17.67713745598687, "params": {"gamma": 69.94085651023197, "log10_alpha": 0.7514162282812338, "log10_colsample_bytree": -0.5225010953788035, "log10_eta": -3.758373346019737, "log10_lambda": -3.4843455148883464, "log10_min_child_weight": 1.289006575254944, "log10_subsample": -0.5784983376584765, "max_depth": 7.0, "num_boost_round": 20.0}, "datetime": {"datetime": "2024-01-19 01:34:13", "elapsed": 4960.907645, "delta": 0.005704}}
{"target": -17.67713084551609, "params": {"gamma": 69.94085651023197, "log10_alpha": 0.7514162282812338, "log10_colsample_bytree": -0.5225010953788035, "log10_eta": -3.758373346019737, "log10_lambda": -3.4843455148883464, "log10_min_child_weight": 1.289006575254944, "log10_subsample": -0.5784983376584765, "max_depth": 7.0, "num_boost_round": 21.0}, "datetime": {"datetime": "2024-01-19 01:34:13", "elapsed": 4960.913468, "delta": 0.005823}}
{"target": -17.67710675708573, "params": {"gamma": 69.94085651023197, "log10_alpha": 0.7514162282812338, "log10_colsample_bytree": -0.5225010953788035, "log10_eta": -3.758373346019737, "log10_lambda": -3.4843455148883464, "log10_min_child_weight": 1.289006575254944, "log10_subsample": -0.5784983376584765, "max_depth": 7.0, "num_boost_round": 22.0}, "datetime": {"datetime": "2024-01-19 01:34:13", "elapsed": 4960.919222, "delta": 0.005754}}
{"target": -17.67369008248356, "params": {"gamma": 41.4905706025011, "log10_alpha": -5.0, "log10_colsample_bytree": -1.0, "log10_eta": 0.0, "log10_lambda": -2.831538790068588, "log10_min_child_weight": 0.0, "log10_subsample": -0.3009378191569274, "max_depth": 2.0, "num_boost_round": 0.0}, "datetime": {"datetime": "2024-01-19 01:35:48", "elapsed": 5056.026493, "delta": 95.107271}}
{"target": -17.701248387813713, "params": {"gamma": 41.4905706025011, "log10_alpha": -5.0, "log10_colsample_bytree": -1.0, "log10_eta": 0.0, "log10_lambda": -2.831538790068588, "log10_min_child_weight": 0.0, "log10_subsample": -0.3009378191569274, "max_depth": 2.0, "num_boost_round": 1.0}, "datetime": {"datetime": "2024-01-19 01:35:48", "elapsed": 5056.033186, "delta": 0.006693}}
{"target": -17.757511156150652, "params": {"gamma": 41.4905706025011, "log10_alpha": -5.0, "log10_colsample_bytree": -1.0, "log10_eta": 0.0, "log10_lambda": -2.831538790068588, "log10_min_child_weight": 0.0, "log10_subsample": -0.3009378191569274, "max_depth": 2.0, "num_boost_round": 2.0}, "datetime": {"datetime": "2024-01-19 01:35:48", "elapsed": 5056.039844, "delta": 0.006658}}
