{"target": -17.677217939293076, "params": {"gamma": 415.8980384087161, "log10_alpha": -0.13707340347217567, "log10_colsample_bytree": -0.267712475156913, "log10_eta": -3.3751440263004806, "log10_lambda": -1.2708632036311283, "log10_min_child_weight": 3.7179916463682354, "log10_subsample": -0.14216753381132552, "max_depth": 3.0, "num_boost_round": 0.0}, "datetime": {"datetime": "2024-01-19 01:31:14", "elapsed": 4766.652579, "delta": 56.872393}}
{"target": -17.67720231288922, "params": {"gamma": 415.8980384087161, "log10_alpha": -0.13707340347217567, "log10_colsample_bytree": -0.267712475156913, "log10_eta": -3.3751440263004806, "log10_lambda": -1.2708632036311283, "log10_min_child_weight": 3.7179916463682354, "log10_subsample": -0.14216753381132552, "max_depth": 3.0, "num_boost_round": 1.0}, "datetime": {"datetime": "2024-01-19 01:31:14", "elapsed": 4766.65798, "delta": 0.005401}}
{"target": -17.677188196227693, "params": {"gamma": 415.8980384087161, "log10_alpha": -0.13707340347217567, "log10_colsample_bytree": -0.267712475156913, "log10_eta": -3.3751440263004806, "log10_lambda": -1.2708632036311283, "log10_min_child_weight": 3.7179916463682354, "log10_subsample": -0.14216753381132552, "max_depth": 3.0, "num_boost_round": 2.0}, "datetime": {"datetime": "2024-01-19 01:31:14", "elapsed": 4766.662935, "delta": 0.004955}}
{"target": -17.677182520134206, "params": {"gamma": 415.8980384087161, "log10_alpha": -0.13707340347217567, "log10_colsample_bytree": -0.267712475156913, "log10_eta": -3.3751440263004806, "log10_lambda": -1.2708632036311283, "log10_min_child_weight": 3.7179916463682354, "log10_subsample": -0.14216753381132552, "max_depth": 3.0, "num_boost_round": 3.0}, "datetime": {"datetime": "2024-01-19 01:31:14", "elapsed": 4766.667688, "delta": 0.004753}}
{"target": -17.677168362211248, "params": {"gamma": 415.8980384087161, "log10_alpha": -0.13707340347217567, "log10_colsample_bytree": -0.267712475156913, "log10_eta": -3.3751440263004806, "log10_lambda": -1.2708632036311283, "log10_min_child_weight": 3.7179916463682354, "log10_subsample": -0.14216753381132552, "max_depth": 3.0, "num_boost_round": 4.0}, "datetime": {"datetime": "2024-01-19 01:31:14", "elapsed": 4766.672486, "delta": 0.004798}}
{"target": -17.677165693144747, "params": {"gamma": 415.8980384087161, "log10_alpha": -0.13707340347217567, "log10_colsample_bytree": -0.267712475156913, "log10_eta": -3.3751440263004806, "log10_lambda": -1.2708632036311283, "log10_min_child_weight": 3.7179916463682354, "log10_subsample": -0.14216753381132552, "max_depth": 3.0, "num_boost_round": 5.0}, "datetime": {"datetime": "2024-01-19 01:31:14", "elapsed": 4766.677227, "delta": 0.004741}}
{"target": -17.67715689052897, "params": {"gamma": 415.8980384087161, "log10_alpha": -0.13707340347217567, "log10_colsample_bytree": -0.267712475156913, "log10_eta": -3.3751440263004806, "log10_lambda": -1.2708632036311283, "log10_min_child_weight": 3.7179916463682354, "log10_subsample": -0.14216753381132552, "max_depth": 3.0, "num_boost_round": 6.0}, "datetime": {"datetime": "2024-01-19 01:31:14", "elapsed": 4766.681944, "delta": 0.004717}}
{"target": -17.67714274613683, "params": {"gamma": 415.8980384087161, "log10_alpha": -0.13707340347217567, "log10_colsample_bytree": -0.267712475156913, "log10_eta": -3.3751440263004806, "log10_lambda": -1.2708632036311283, "log10_min_child_weight": 3.7179916463682354, "log10_subsample": -0.14216753381132552, "max_depth": 3.0, "num_boost_round": 7.0}, "datetime": {"datetime": "2024-01-19 01:31:14", "elapsed": 4766.686672, "delta": 0.004728}}
{"target": -17.677134811267084, "params": {"gamma": 415.8980384087161, "log10_alpha": -0.13707340347217567, "log10_colsample_bytree": -0.267712475156913, "log10_eta": -3.3751440263004806, "log10_lambda": -1.2708632036311283, "log10_min_child_weight": 3.7179916463682354, "log10_subsample": -0.14216753381132552, "max_depth": 3.0, "num_boost_round": 8.0}, "datetime": {"datetime": "2024-01-19 01:31:14", "elapsed": 4766.691466, "delta": 0.004794}}
{"target": -17.677131679933428, "params": {"gamma": 415.8980384087161, "log10_alpha": -0.13707340347217567, "log10_colsample_bytree": -0.267712475156913, "log10_eta": -3.3751440263004806, "log10_lambda": -1.2708632036311283, "log10_min_child_weight": 3.7179916463682354, "log10_subsample": -0.14216753381132552, "max_depth": 3.0, "num_boost_round": 9.0}, "datetime": {"datetime": "2024-01-19 01:31:14", "elapsed": 4766.696368, "delta": 0.004902}}
{"target": -17.67712168231338, "params": {"gamma": 415.8980384087161, "log10_alpha": -0.13707340347217567, "log10_colsample_bytree": -0.267712475156913, "log10_eta": -3.3751440263004806, "log10_lambda": -1.2708632036311283, "log10_min_child_weight": 3.7179916463682354, "log10_subsample": -0.14216753381132552, "max_depth": 3.0, "num_boost_round": 10.0}, "datetime": {"datetime": "2024-01-19 01:31:14", "elapsed": 4766.701058, "delta": 0.00469}}
{"target": -17.677112981406438, "params": {"gamma": 415.8980384087161, "log10_alpha": -0.13707340347217567, "log10_colsample_bytree": -0.267712475156913, "log10_eta": -3.3751440263004806, "log10_lambda": -1.2708632036311283, "log10_min_child_weight": 3.7179916463682354, "log10_subsample": -0.14216753381132552, "max_depth": 3.0, "num_boost_round": 11.0}, "datetime": {"datetime": "2024-01-19 01:31:14", "elapsed": 4766.705906, "delta": 0.004848}}
{"target": -17.677097757586473, "params": {"gamma": 415.8980384087161, "log10_alpha": -0.13707340347217567, "log10_colsample_bytree": -0.267712475156913, "log10_eta": -3.3751440263004806, "log10_lambda": -1.2708632036311283, "log10_min_child_weight": 3.7179916463682354, "log10_subsample": -0.14216753381132552, "max_depth": 3.0, "num_boost_round": 12.0}, "datetime": {"datetime": "2024-01-19 01:31:14", "elapsed": 4766.71084, "delta": 0.004934}}
{"target": -17.67708352302288, "params": {"gamma": 415.8980384087161, "log10_alpha": -0.13707340347217567, "log10_colsample_bytree": -0.267712475156913, "log10_eta": -3.3751440263004806, "log10_lambda": -1.2708632036311283, "log10_min_child_weight": 3.7179916463682354, "log10_subsample": -0.14216753381132552, "max_depth": 3.0, "num_boost_round": 13.0}, "datetime": {"datetime": "2024-01-19 01:31:14", "elapsed": 4766.71577, "delta": 0.00493}}
{"target": -17.67707115654171, "params": {"gamma": 415.8980384087161, "log10_alpha": -0.13707340347217567, "log10_colsample_bytree": -0.267712475156913, "log10_eta": -3.3751440263004806, "log10_lambda": -1.2708632036311283, "log10_min_child_weight": 3.7179916463682354, "log10_subsample": -0.14216753381132552, "max_depth": 3.0, "num_boost_round": 14.0}, "datetime": {"datetime": "2024-01-19 01:31:14", "elapsed": 4766.720488, "delta": 0.004718}}
{"target": -17.677065223237964, "params": {"gamma": 415.8980384087161, "log10_alpha": -0.13707340347217567, "log10_colsample_bytree": -0.267712475156913, "log10_eta": -3.3751440263004806, "log10_lambda": -1.2708632036311283, "log10_min_child_weight": 3.7179916463682354, "log10_subsample": -0.14216753381132552, "max_depth": 3.0, "num_boost_round": 15.0}, "datetime": {"datetime": "2024-01-19 01:31:14", "elapsed": 4766.725303, "delta": 0.004815}}
{"target": -17.677054253741563, "params": {"gamma": 415.8980384087161, "log10_alpha": -0.13707340347217567, "log10_colsample_bytree": -0.267712475156913, "log10_eta": -3.3751440263004806, "log10_lambda": -1.2708632036311283, "log10_min_child_weight": 3.7179916463682354, "log10_subsample": -0.14216753381132552, "max_depth": 3.0, "num_boost_round": 16.0}, "datetime": {"datetime": "2024-01-19 01:31:14", "elapsed": 4766.730158, "delta": 0.004855}}
{"target": -17.67704772420949, "params": {"gamma": 415.8980384087161, "log10_alpha": -0.13707340347217567, "log10_colsample_bytree": -0.267712475156913, "log10_eta": -3.3751440263004806, "log10_lambda": -1.2708632036311283, "log10_min_child_weight": 3.7179916463682354, "log10_subsample": -0.14216753381132552, "max_depth": 3.0, "num_boost_round": 17.0}, "datetime": {"datetime": "2024-01-19 01:31:14", "elapsed": 4766.735291, "delta": 0.005133}}
{"target": -17.67703978994942, "params": {"gamma": 415.8980384087161, "log10_alpha": -0.13707340347217567, "log10_colsample_bytree": -0.267712475156913, "log10_eta": -3.3751440263004806, "log10_lambda": -1.2708632036311283, "log10_min_child_weight": 3.7179916463682354, "log10_subsample": -0.14216753381132552, "max_depth": 3.0, "num_boost_round": 18.0}, "datetime": {"datetime": "2024-01-19 01:31:14", "elapsed": 4766.740133, "delta": 0.004842}}
{"target": -17.677027926968428, "params": {"gamma": 415.8980384087161, "log10_alpha": -0.13707340347217567, "log10_colsample_bytree": -0.267712475156913, "log10_eta": -3.3751440263004806, "log10_lambda": -1.2708632036311283, "log10_min_child_weight": 3.7179916463682354, "log10_subsample": -0.14216753381132552, "max_depth": 3.0, "num_boost_round": 19.0}, "datetime": {"datetime": "2024-01-19 01:31:14", "elapsed": 4766.744864, "delta": 0.004731}}
{"target": -17.677013987205637, "params": {"gamma": 415.8980384087161, "log10_alpha": -0.13707340347217567, "log10_colsample_bytree": -0.267712475156913, "log10_eta": -3.3751440263004806, "log10_lambda": -1.2708632036311283, "log10_min_child_weight": 3.7179916463682354, "log10_subsample": -0.14216753381132552, "max_depth": 3.0, "num_boost_round": 20.0}, "datetime": {"datetime": "2024-01-19 01:31:14", "elapsed": 4766.749547, "delta": 0.004683}}
{"target": -17.676995941061886, "params": {"gamma": 415.8980384087161, "log10_alpha": -0.13707340347217567, "log10_colsample_bytree": -0.267712475156913, "log10_eta": -3.3751440263004806, "log10_lambda": -1.2708632036311283, "log10_min_child_weight": 3.7179916463682354, "log10_subsample": -0.14216753381132552, "max_depth": 3.0, "num_boost_round": 21.0}, "datetime": {"datetime": "2024-01-19 01:31:14", "elapsed": 4766.754489, "delta": 0.004942}}
{"target": -17.676983039214814, "params": {"gamma": 415.8980384087161, "log10_alpha": -0.13707340347217567, "log10_colsample_bytree": -0.267712475156913, "log10_eta": -3.3751440263004806, "log10_lambda": -1.2708632036311283, "log10_min_child_weight": 3.7179916463682354, "log10_subsample": -0.14216753381132552, "max_depth": 3.0, "num_boost_round": 22.0}, "datetime": {"datetime": "2024-01-19 01:31:14", "elapsed": 4766.877365, "delta": 0.122876}}
{"target": -17.676977245739074, "params": {"gamma": 415.8980384087161, "log10_alpha": -0.13707340347217567, "log10_colsample_bytree": -0.267712475156913, "log10_eta": -3.3751440263004806, "log10_lambda": -1.2708632036311283, "log10_min_child_weight": 3.7179916463682354, "log10_subsample": -0.14216753381132552, "max_depth": 3.0, "num_boost_round": 23.0}, "datetime": {"datetime": "2024-01-19 01:31:14", "elapsed": 4766.882951, "delta": 0.005586}}
{"target": -17.676976257593502, "params": {"gamma": 415.8980384087161, "log10_alpha": -0.13707340347217567, "log10_colsample_bytree": -0.267712475156913, "log10_eta": -3.3751440263004806, "log10_lambda": -1.2708632036311283, "log10_min_child_weight": 3.7179916463682354, "log10_subsample": -0.14216753381132552, "max_depth": 3.0, "num_boost_round": 24.0}, "datetime": {"datetime": "2024-01-19 01:31:14", "elapsed": 4766.888042, "delta": 0.005091}}
{"target": -17.67696287158339, "params": {"gamma": 415.8980384087161, "log10_alpha": -0.13707340347217567, "log10_colsample_bytree": -0.267712475156913, "log10_eta": -3.3751440263004806, "log10_lambda": -1.2708632036311283, "log10_min_child_weight": 3.7179916463682354, "log10_subsample": -0.14216753381132552, "max_depth": 3.0, "num_boost_round": 25.0}, "datetime": {"datetime": "2024-01-19 01:31:14", "elapsed": 4766.893125, "delta": 0.005083}}
{"target": -17.677218325948463, "params": {"gamma": 405.95332407188897, "log10_alpha": -4.18294502110702, "log10_colsample_bytree": -0.4918093328402756, "log10_eta": -3.463231410176272, "log10_lambda": 0.22829278378220064, "log10_min_child_weight": 2.428561447783773, "log10_subsample": -0.7800969190159659, "max_depth": 5.0, "num_boost_round": 0.0}, "datetime": {"datetime": "2024-01-19 01:32:23", "elapsed": 4836.26934, "delta": 69.376215}}
{"target": -17.677202903238676, "params": {"gamma": 405.95332407188897, "log10_alpha": -4.18294502110702, "log10_colsample_bytree": -0.4918093328402756, "log10_eta": -3.463231410176272, "log10_lambda": 0.22829278378220064, "log10_min_child_weight": 2.428561447783773, "log10_subsample": -0.7800969190159659, "max_depth": 5.0, "num_boost_round": 1.0}, "datetime": {"datetime": "2024-01-19 01:32:23", "elapsed": 4836.27497, "delta": 0.00563}}
{"target": -17.67718422479915, "params": {"gamma": 405.95332407188897, "log10_alpha": -4.18294502110702, "log10_colsample_bytree": -0.4918093328402756, "log10_eta": -3.463231410176272, "log10_lambda": 0.22829278378220064, "log10_min_child_weight": 2.428561447783773, "log10_subsample": -0.7800969190159659, "max_depth": 5.0, "num_boost_round": 2.0}, "datetime": {"datetime": "2024-01-19 01:32:23", "elapsed": 4836.280285, "delta": 0.005315}}
{"target": -17.677179952112226, "params": {"gamma": 405.95332407188897, "log10_alpha": -4.18294502110702, "log10_colsample_bytree": -0.4918093328402756, "log10_eta": -3.463231410176272, "log10_lambda": 0.22829278378220064, "log10_min_child_weight": 2.428561447783773, "log10_subsample": -0.7800969190159659, "max_depth": 5.0, "num_boost_round": 3.0}, "datetime": {"datetime": "2024-01-19 01:32:23", "elapsed": 4836.285126, "delta": 0.004841}}
{"target": -17.677166374977457, "params": {"gamma": 405.95332407188897, "log10_alpha": -4.18294502110702, "log10_colsample_bytree": -0.4918093328402756, "log10_eta": -3.463231410176272, "log10_lambda": 0.22829278378220064, "log10_min_child_weight": 2.428561447783773, "log10_subsample": -0.7800969190159659, "max_depth": 5.0, "num_boost_round": 4.0}, "datetime": {"datetime": "2024-01-19 01:32:23", "elapsed": 4836.289851, "delta": 0.004725}}
{"target": -17.67714798835779, "params": {"gamma": 405.95332407188897, "log10_alpha": -4.18294502110702, "log10_colsample_bytree": -0.4918093328402756, "log10_eta": -3.463231410176272, "log10_lambda": 0.22829278378220064, "log10_min_child_weight": 2.428561447783773, "log10_subsample": -0.7800969190159659, "max_depth": 5.0, "num_boost_round": 5.0}, "datetime": {"datetime": "2024-01-19 01:32:23", "elapsed": 4836.294417, "delta": 0.004566}}
{"target": -17.677128484228483, "params": {"gamma": 405.95332407188897, "log10_alpha": -4.18294502110702, "log10_colsample_bytree": -0.4918093328402756, "log10_eta": -3.463231410176272, "log10_lambda": 0.22829278378220064, "log10_min_child_weight": 2.428561447783773, "log10_subsample": -0.7800969190159659, "max_depth": 5.0, "num_boost_round": 6.0}, "datetime": {"datetime": "2024-01-19 01:32:23", "elapsed": 4836.299087, "delta": 0.00467}}
{"target": -17.677101334792198, "params": {"gamma": 405.95332407188897, "log10_alpha": -4.18294502110702, "log10_colsample_bytree": -0.4918093328402756, "log10_eta": -3.463231410176272, "log10_lambda": 0.22829278378220064, "log10_min_child_weight": 2.428561447783773, "log10_subsample": -0.7800969190159659, "max_depth": 5.0, "num_boost_round": 7.0}, "datetime": {"datetime": "2024-01-19 01:32:23", "elapsed": 4836.303714, "delta": 0.004627}}
{"target": -17.67708464915158, "params": {"gamma": 405.95332407188897, "log10_alpha": -4.18294502110702, "log10_colsample_bytree": -0.4918093328402756, "log10_eta": -3.463231410176272, "log10_lambda": 0.22829278378220064, "log10_min_child_weight": 2.428561447783773, "log10_subsample": -0.7800969190159659, "max_depth": 5.0, "num_boost_round": 8.0}, "datetime": {"datetime": "2024-01-19 01:32:23", "elapsed": 4836.308529, "delta": 0.004815}}
{"target": -17.67706342833415, "params": {"gamma": 405.95332407188897, "log10_alpha": -4.18294502110702, "log10_colsample_bytree": -0.4918093328402756, "log10_eta": -3.463231410176272, "log10_lambda": 0.22829278378220064, "log10_min_child_weight": 2.428561447783773, "log10_subsample": -0.7800969190159659, "max_depth": 5.0, "num_boost_round": 9.0}, "datetime": {"datetime": "2024-01-19 01:32:23", "elapsed": 4836.313179, "delta": 0.00465}}
{"target": -17.677034775242234, "params": {"gamma": 405.95332407188897, "log10_alpha": -4.18294502110702, "log10_colsample_bytree": -0.4918093328402756, "log10_eta": -3.463231410176272, "log10_lambda": 0.22829278378220064, "log10_min_child_weight": 2.428561447783773, "log10_subsample": -0.7800969190159659, "max_depth": 5.0, "num_boost_round": 10.0}, "datetime": {"datetime": "2024-01-19 01:32:23", "elapsed": 4836.317949, "delta": 0.00477}}
{"target": -17.677002999972537, "params": {"gamma": 405.95332407188897, "log10_alpha": -4.18294502110702, "log10_colsample_bytree": -0.4918093328402756, "log10_eta": -3.463231410176272, "log10_lambda": 0.22829278378220064, "log10_min_child_weight": 2.428561447783773, "log10_subsample": -0.7800969190159659, "max_depth": 5.0, "num_boost_round": 11.0}, "datetime": {"datetime": "2024-01-19 01:32:23", "elapsed": 4836.322586, "delta": 0.004637}}
{"target": -17.67698408520483, "params": {"gamma": 405.95332407188897, "log10_alpha": -4.18294502110702, "log10_colsample_bytree": -0.4918093328402756, "log10_eta": -3.463231410176272, "log10_lambda": 0.22829278378220064, "log10_min_child_weight": 2.428561447783773, "log10_subsample": -0.7800969190159659, "max_depth": 5.0, "num_boost_round": 12.0}, "datetime": {"datetime": "2024-01-19 01:32:23", "elapsed": 4836.327208, "delta": 0.004622}}
{"target": -17.676977752919377, "params": {"gamma": 405.95332407188897, "log10_alpha": -4.18294502110702, "log10_colsample_bytree": -0.4918093328402756, "log10_eta": -3.463231410176272, "log10_lambda": 0.22829278378220064, "log10_min_child_weight": 2.428561447783773, "log10_subsample": -0.7800969190159659, "max_depth": 5.0, "num_boost_round": 13.0}, "datetime": {"datetime": "2024-01-19 01:32:23", "elapsed": 4836.33191, "delta": 0.004702}}
{"target": -17.67697624418391, "params": {"gamma": 405.95332407188897, "log10_alpha": -4.18294502110702, "log10_colsample_bytree": -0.4918093328402756, "log10_eta": -3.463231410176272, "log10_lambda": 0.22829278378220064, "log10_min_child_weight": 2.428561447783773, "log10_subsample": -0.7800969190159659, "max_depth": 5.0, "num_boost_round": 14.0}, "datetime": {"datetime": "2024-01-19 01:32:23", "elapsed": 4836.336682, "delta": 0.004772}}
{"target": -17.67696982400429, "params": {"gamma": 405.95332407188897, "log10_alpha": -4.18294502110702, "log10_colsample_bytree": -0.4918093328402756, "log10_eta": -3.463231410176272, "log10_lambda": 0.22829278378220064, "log10_min_child_weight": 2.428561447783773, "log10_subsample": -0.7800969190159659, "max_depth": 5.0, "num_boost_round": 15.0}, "datetime": {"datetime": "2024-01-19 01:32:23", "elapsed": 4836.341648, "delta": 0.004966}}
{"target": -17.67695423947579, "params": {"gamma": 405.95332407188897, "log10_alpha": -4.18294502110702, "log10_colsample_bytree": -0.4918093328402756, "log10_eta": -3.463231410176272, "log10_lambda": 0.22829278378220064, "log10_min_child_weight": 2.428561447783773, "log10_subsample": -0.7800969190159659, "max_depth": 5.0, "num_boost_round": 16.0}, "datetime": {"datetime": "2024-01-19 01:32:23", "elapsed": 4836.346438, "delta": 0.00479}}
{"target": -17.67696458231541, "params": {"gamma": 405.95332407188897, "log10_alpha": -4.18294502110702, "log10_colsample_bytree": -0.4918093328402756, "log10_eta": -3.463231410176272, "log10_lambda": 0.22829278378220064, "log10_min_child_weight": 2.428561447783773, "log10_subsample": -0.7800969190159659, "max_depth": 5.0, "num_boost_round": 17.0}, "datetime": {"datetime": "2024-01-19 01:32:23", "elapsed": 4836.351195, "delta": 0.004757}}
{"target": -17.67695657137883, "params": {"gamma": 405.95332407188897, "log10_alpha": -4.18294502110702, "log10_colsample_bytree": -0.4918093328402756, "log10_eta": -3.463231410176272, "log10_lambda": 0.22829278378220064, "log10_min_child_weight": 2.428561447783773, "log10_subsample": -0.7800969190159659, "max_depth": 5.0, "num_boost_round": 18.0}, "datetime": {"datetime": "2024-01-19 01:32:23", "elapsed": 4836.356101, "delta": 0.004906}}
{"target": -17.676953128478395, "params": {"gamma": 405.95332407188897, "log10_alpha": -4.18294502110702, "log10_colsample_bytree": -0.4918093328402756, "log10_eta": -3.463231410176272, "log10_lambda": 0.22829278378220064, "log10_min_child_weight": 2.428561447783773, "log10_subsample": -0.7800969190159659, "max_depth": 5.0, "num_boost_round": 19.0}, "datetime": {"datetime": "2024-01-19 01:32:23", "elapsed": 4836.36077, "delta": 0.004669}}
{"target": -17.676944015352717, "params": {"gamma": 405.95332407188897, "log10_alpha": -4.18294502110702, "log10_colsample_bytree": -0.4918093328402756, "log10_eta": -3.463231410176272, "log10_lambda": 0.22829278378220064, "log10_min_child_weight": 2.428561447783773, "log10_subsample": -0.7800969190159659, "max_depth": 5.0, "num_boost_round": 20.0}, "datetime": {"datetime": "2024-01-19 01:32:23", "elapsed": 4836.365381, "delta": 0.004611}}
{"target": -17.676928119509597, "params": {"gamma": 405.95332407188897, "log10_alpha": -4.18294502110702, "log10_colsample_bytree": -0.4918093328402756, "log10_eta": -3.463231410176272, "log10_lambda": 0.22829278378220064, "log10_min_child_weight": 2.428561447783773, "log10_subsample": -0.7800969190159659, "max_depth": 5.0, "num_boost_round": 21.0}, "datetime": {"datetime": "2024-01-19 01:32:23", "elapsed": 4836.369981, "delta": 0.0046}}
{"target": -17.67689081384097, "params": {"gamma": 405.95332407188897, "log10_alpha": -4.18294502110702, "log10_colsample_bytree": -0.4918093328402756, "log10_eta": -3.463231410176272, "log10_lambda": 0.22829278378220064, "log10_min_child_weight": 2.428561447783773, "log10_subsample": -0.7800969190159659, "max_depth": 5.0, "num_boost_round": 22.0}, "datetime": {"datetime": "2024-01-19 01:32:23", "elapsed": 4836.37475, "delta": 0.004769}}
