{"target": -13.758529701853616, "params": {"gamma": 80.31736359175878, "log10_alpha": -2.780067476360311, "log10_colsample_bytree": -0.07313470017884305, "log10_eta": -3.3362743223992637, "log10_lambda": -1.7500959035811974, "log10_min_child_weight": 3.822062443237324, "log10_subsample": -0.675095048909782, "max_depth": 9.0, "num_boost_round": 8.0}, "datetime": {"datetime": "2024-01-19 02:23:52", "elapsed": 7952.7921, "delta": 0.005921}}
{"target": -13.758517836480396, "params": {"gamma": 80.31736359175878, "log10_alpha": -2.780067476360311, "log10_colsample_bytree": -0.07313470017884305, "log10_eta": -3.3362743223992637, "log10_lambda": -1.7500959035811974, "log10_min_child_weight": 3.822062443237324, "log10_subsample": -0.675095048909782, "max_depth": 9.0, "num_boost_round": 9.0}, "datetime": {"datetime": "2024-01-19 02:23:52", "elapsed": 7952.797581, "delta": 0.005481}}
{"target": -13.758507406674408, "params": {"gamma": 80.31736359175878, "log10_alpha": -2.780067476360311, "log10_colsample_bytree": -0.07313470017884305, "log10_eta": -3.3362743223992637, "log10_lambda": -1.7500959035811974, "log10_min_child_weight": 3.822062443237324, "log10_subsample": -0.675095048909782, "max_depth": 9.0, "num_boost_round": 10.0}, "datetime": {"datetime": "2024-01-19 02:23:52", "elapsed": 7952.803146, "delta": 0.005565}}
{"target": -13.758508913798877, "params": {"gamma": 80.31736359175878, "log10_alpha": -2.780067476360311, "log10_colsample_bytree": -0.07313470017884305, "log10_eta": -3.3362743223992637, "log10_lambda": -1.7500959035811974, "log10_min_child_weight": 3.822062443237324, "log10_subsample": -0.675095048909782, "max_depth": 9.0, "num_boost_round": 11.0}, "datetime": {"datetime": "2024-01-19 02:23:52", "elapsed": 7952.935441, "delta": 0.132295}}
{"target": -13.758507775833328, "params": {"gamma": 80.31736359175878, "log10_alpha": -2.780067476360311, "log10_colsample_bytree": -0.07313470017884305, "log10_eta": -3.3362743223992637, "log10_lambda": -1.7500959035811974, "log10_min_child_weight": 3.822062443237324, "log10_subsample": -0.675095048909782, "max_depth": 9.0, "num_boost_round": 12.0}, "datetime": {"datetime": "2024-01-19 02:23:52", "elapsed": 7952.942806, "delta": 0.007365}}
{"target": -13.758507592547888, "params": {"gamma": 80.31736359175878, "log10_alpha": -2.780067476360311, "log10_colsample_bytree": -0.07313470017884305, "log10_eta": -3.3362743223992637, "log10_lambda": -1.7500959035811974, "log10_min_child_weight": 3.822062443237324, "log10_subsample": -0.675095048909782, "max_depth": 9.0, "num_boost_round": 13.0}, "datetime": {"datetime": "2024-01-19 02:23:52", "elapsed": 7952.948926, "delta": 0.00612}}
{"target": -13.758514987144535, "params": {"gamma": 80.31736359175878, "log10_alpha": -2.780067476360311, "log10_colsample_bytree": -0.07313470017884305, "log10_eta": -3.3362743223992637, "log10_lambda": -1.7500959035811974, "log10_min_child_weight": 3.822062443237324, "log10_subsample": -0.675095048909782, "max_depth": 9.0, "num_boost_round": 14.0}, "datetime": {"datetime": "2024-01-19 02:23:52", "elapsed": 7952.954417, "delta": 0.005491}}
{"target": -13.75851050099853, "params": {"gamma": 80.31736359175878, "log10_alpha": -2.780067476360311, "log10_colsample_bytree": -0.07313470017884305, "log10_eta": -3.3362743223992637, "log10_lambda": -1.7500959035811974, "log10_min_child_weight": 3.822062443237324, "log10_subsample": -0.675095048909782, "max_depth": 9.0, "num_boost_round": 15.0}, "datetime": {"datetime": "2024-01-19 02:23:52", "elapsed": 7952.959904, "delta": 0.005487}}
{"target": -13.758517057756267, "params": {"gamma": 80.31736359175878, "log10_alpha": -2.780067476360311, "log10_colsample_bytree": -0.07313470017884305, "log10_eta": -3.3362743223992637, "log10_lambda": -1.7500959035811974, "log10_min_child_weight": 3.822062443237324, "log10_subsample": -0.675095048909782, "max_depth": 9.0, "num_boost_round": 16.0}, "datetime": {"datetime": "2024-01-19 02:23:52", "elapsed": 7952.965481, "delta": 0.005577}}
{"target": -13.758510670031749, "params": {"gamma": 80.31736359175878, "log10_alpha": -2.780067476360311, "log10_colsample_bytree": -0.07313470017884305, "log10_eta": -3.3362743223992637, "log10_lambda": -1.7500959035811974, "log10_min_child_weight": 3.822062443237324, "log10_subsample": -0.675095048909782, "max_depth": 9.0, "num_boost_round": 17.0}, "datetime": {"datetime": "2024-01-19 02:23:52", "elapsed": 7952.971133, "delta": 0.005652}}
{"target": -13.758506864943115, "params": {"gamma": 80.31736359175878, "log10_alpha": -2.780067476360311, "log10_colsample_bytree": -0.07313470017884305, "log10_eta": -3.3362743223992637, "log10_lambda": -1.7500959035811974, "log10_min_child_weight": 3.822062443237324, "log10_subsample": -0.675095048909782, "max_depth": 9.0, "num_boost_round": 18.0}, "datetime": {"datetime": "2024-01-19 02:23:52", "elapsed": 7952.976682, "delta": 0.005549}}
{"target": -13.758509950068136, "params": {"gamma": 80.31736359175878, "log10_alpha": -2.780067476360311, "log10_colsample_bytree": -0.07313470017884305, "log10_eta": -3.3362743223992637, "log10_lambda": -1.7500959035811974, "log10_min_child_weight": 3.822062443237324, "log10_subsample": -0.675095048909782, "max_depth": 9.0, "num_boost_round": 19.0}, "datetime": {"datetime": "2024-01-19 02:23:52", "elapsed": 7952.982177, "delta": 0.005495}}
{"target": -13.758510738820462, "params": {"gamma": 80.31736359175878, "log10_alpha": -2.780067476360311, "log10_colsample_bytree": -0.07313470017884305, "log10_eta": -3.3362743223992637, "log10_lambda": -1.7500959035811974, "log10_min_child_weight": 3.822062443237324, "log10_subsample": -0.675095048909782, "max_depth": 9.0, "num_boost_round": 20.0}, "datetime": {"datetime": "2024-01-19 02:23:52", "elapsed": 7952.987704, "delta": 0.005527}}
{"target": -13.758508384231398, "params": {"gamma": 80.31736359175878, "log10_alpha": -2.780067476360311, "log10_colsample_bytree": -0.07313470017884305, "log10_eta": -3.3362743223992637, "log10_lambda": -1.7500959035811974, "log10_min_child_weight": 3.822062443237324, "log10_subsample": -0.675095048909782, "max_depth": 9.0, "num_boost_round": 21.0}, "datetime": {"datetime": "2024-01-19 02:23:52", "elapsed": 7952.993234, "delta": 0.00553}}
{"target": -13.758509694203992, "params": {"gamma": 80.31736359175878, "log10_alpha": -2.780067476360311, "log10_colsample_bytree": -0.07313470017884305, "log10_eta": -3.3362743223992637, "log10_lambda": -1.7500959035811974, "log10_min_child_weight": 3.822062443237324, "log10_subsample": -0.675095048909782, "max_depth": 9.0, "num_boost_round": 22.0}, "datetime": {"datetime": "2024-01-19 02:23:52", "elapsed": 7952.99885, "delta": 0.005616}}
{"target": -13.75851012171843, "params": {"gamma": 80.31736359175878, "log10_alpha": -2.780067476360311, "log10_colsample_bytree": -0.07313470017884305, "log10_eta": -3.3362743223992637, "log10_lambda": -1.7500959035811974, "log10_min_child_weight": 3.822062443237324, "log10_subsample": -0.675095048909782, "max_depth": 9.0, "num_boost_round": 23.0}, "datetime": {"datetime": "2024-01-19 02:23:53", "elapsed": 7953.0047, "delta": 0.00585}}
{"target": -13.75850586166811, "params": {"gamma": 80.31736359175878, "log10_alpha": -2.780067476360311, "log10_colsample_bytree": -0.07313470017884305, "log10_eta": -3.3362743223992637, "log10_lambda": -1.7500959035811974, "log10_min_child_weight": 3.822062443237324, "log10_subsample": -0.675095048909782, "max_depth": 9.0, "num_boost_round": 24.0}, "datetime": {"datetime": "2024-01-19 02:23:53", "elapsed": 7953.010466, "delta": 0.005766}}
{"target": -13.758508537459148, "params": {"gamma": 80.31736359175878, "log10_alpha": -2.780067476360311, "log10_colsample_bytree": -0.07313470017884305, "log10_eta": -3.3362743223992637, "log10_lambda": -1.7500959035811974, "log10_min_child_weight": 3.822062443237324, "log10_subsample": -0.675095048909782, "max_depth": 9.0, "num_boost_round": 25.0}, "datetime": {"datetime": "2024-01-19 02:23:53", "elapsed": 7953.016411, "delta": 0.005945}}
{"target": -13.75850689226201, "params": {"gamma": 80.31736359175878, "log10_alpha": -2.780067476360311, "log10_colsample_bytree": -0.07313470017884305, "log10_eta": -3.3362743223992637, "log10_lambda": -1.7500959035811974, "log10_min_child_weight": 3.822062443237324, "log10_subsample": -0.675095048909782, "max_depth": 9.0, "num_boost_round": 26.0}, "datetime": {"datetime": "2024-01-19 02:23:53", "elapsed": 7953.021901, "delta": 0.00549}}
{"target": -13.758505010651858, "params": {"gamma": 80.31736359175878, "log10_alpha": -2.780067476360311, "log10_colsample_bytree": -0.07313470017884305, "log10_eta": -3.3362743223992637, "log10_lambda": -1.7500959035811974, "log10_min_child_weight": 3.822062443237324, "log10_subsample": -0.675095048909782, "max_depth": 9.0, "num_boost_round": 27.0}, "datetime": {"datetime": "2024-01-19 02:23:53", "elapsed": 7953.02739, "delta": 0.005489}}
{"target": -13.758510702736789, "params": {"gamma": 80.31736359175878, "log10_alpha": -2.780067476360311, "log10_colsample_bytree": -0.07313470017884305, "log10_eta": -3.3362743223992637, "log10_lambda": -1.7500959035811974, "log10_min_child_weight": 3.822062443237324, "log10_subsample": -0.675095048909782, "max_depth": 9.0, "num_boost_round": 28.0}, "datetime": {"datetime": "2024-01-19 02:23:53", "elapsed": 7953.032925, "delta": 0.005535}}
{"target": -13.758506957496152, "params": {"gamma": 80.31736359175878, "log10_alpha": -2.780067476360311, "log10_colsample_bytree": -0.07313470017884305, "log10_eta": -3.3362743223992637, "log10_lambda": -1.7500959035811974, "log10_min_child_weight": 3.822062443237324, "log10_subsample": -0.675095048909782, "max_depth": 9.0, "num_boost_round": 29.0}, "datetime": {"datetime": "2024-01-19 02:23:53", "elapsed": 7953.0385, "delta": 0.005575}}
{"target": -13.758502362702862, "params": {"gamma": 80.31736359175878, "log10_alpha": -2.780067476360311, "log10_colsample_bytree": -0.07313470017884305, "log10_eta": -3.3362743223992637, "log10_lambda": -1.7500959035811974, "log10_min_child_weight": 3.822062443237324, "log10_subsample": -0.675095048909782, "max_depth": 9.0, "num_boost_round": 30.0}, "datetime": {"datetime": "2024-01-19 02:23:53", "elapsed": 7953.044104, "delta": 0.005604}}
{"target": -13.758504897609857, "params": {"gamma": 80.31736359175878, "log10_alpha": -2.780067476360311, "log10_colsample_bytree": -0.07313470017884305, "log10_eta": -3.3362743223992637, "log10_lambda": -1.7500959035811974, "log10_min_child_weight": 3.822062443237324, "log10_subsample": -0.675095048909782, "max_depth": 9.0, "num_boost_round": 31.0}, "datetime": {"datetime": "2024-01-19 02:23:53", "elapsed": 7953.04961, "delta": 0.005506}}
{"target": -13.758502102329176, "params": {"gamma": 80.31736359175878, "log10_alpha": -2.780067476360311, "log10_colsample_bytree": -0.07313470017884305, "log10_eta": -3.3362743223992637, "log10_lambda": -1.7500959035811974, "log10_min_child_weight": 3.822062443237324, "log10_subsample": -0.675095048909782, "max_depth": 9.0, "num_boost_round": 32.0}, "datetime": {"datetime": "2024-01-19 02:23:53", "elapsed": 7953.055075, "delta": 0.005465}}
{"target": -13.758500760534933, "params": {"gamma": 80.31736359175878, "log10_alpha": -2.780067476360311, "log10_colsample_bytree": -0.07313470017884305, "log10_eta": -3.3362743223992637, "log10_lambda": -1.7500959035811974, "log10_min_child_weight": 3.822062443237324, "log10_subsample": -0.675095048909782, "max_depth": 9.0, "num_boost_round": 33.0}, "datetime": {"datetime": "2024-01-19 02:23:53", "elapsed": 7953.061379, "delta": 0.006304}}
{"target": -13.758503983838187, "params": {"gamma": 80.31736359175878, "log10_alpha": -2.780067476360311, "log10_colsample_bytree": -0.07313470017884305, "log10_eta": -3.3362743223992637, "log10_lambda": -1.7500959035811974, "log10_min_child_weight": 3.822062443237324, "log10_subsample": -0.675095048909782, "max_depth": 9.0, "num_boost_round": 34.0}, "datetime": {"datetime": "2024-01-19 02:23:53", "elapsed": 7953.06708, "delta": 0.005701}}
{"target": -13.758506112554736, "params": {"gamma": 80.31736359175878, "log10_alpha": -2.780067476360311, "log10_colsample_bytree": -0.07313470017884305, "log10_eta": -3.3362743223992637, "log10_lambda": -1.7500959035811974, "log10_min_child_weight": 3.822062443237324, "log10_subsample": -0.675095048909782, "max_depth": 9.0, "num_boost_round": 35.0}, "datetime": {"datetime": "2024-01-19 02:23:53", "elapsed": 7953.072855, "delta": 0.005775}}
{"target": -13.75850432587471, "params": {"gamma": 80.31736359175878, "log10_alpha": -2.780067476360311, "log10_colsample_bytree": -0.07313470017884305, "log10_eta": -3.3362743223992637, "log10_lambda": -1.7500959035811974, "log10_min_child_weight": 3.822062443237324, "log10_subsample": -0.675095048909782, "max_depth": 9.0, "num_boost_round": 36.0}, "datetime": {"datetime": "2024-01-19 02:23:53", "elapsed": 7953.078696, "delta": 0.005841}}
{"target": -13.758496280545355, "params": {"gamma": 80.31736359175878, "log10_alpha": -2.780067476360311, "log10_colsample_bytree": -0.07313470017884305, "log10_eta": -3.3362743223992637, "log10_lambda": -1.7500959035811974, "log10_min_child_weight": 3.822062443237324, "log10_subsample": -0.675095048909782, "max_depth": 9.0, "num_boost_round": 37.0}, "datetime": {"datetime": "2024-01-19 02:23:53", "elapsed": 7953.084613, "delta": 0.005917}}
{"target": -13.758497622009385, "params": {"gamma": 80.31736359175878, "log10_alpha": -2.780067476360311, "log10_colsample_bytree": -0.07313470017884305, "log10_eta": -3.3362743223992637, "log10_lambda": -1.7500959035811974, "log10_min_child_weight": 3.822062443237324, "log10_subsample": -0.675095048909782, "max_depth": 9.0, "num_boost_round": 38.0}, "datetime": {"datetime": "2024-01-19 02:23:53", "elapsed": 7953.090057, "delta": 0.005444}}
{"target": -13.75849868084782, "params": {"gamma": 80.31736359175878, "log10_alpha": -2.780067476360311, "log10_colsample_bytree": -0.07313470017884305, "log10_eta": -3.3362743223992637, "log10_lambda": -1.7500959035811974, "log10_min_child_weight": 3.822062443237324, "log10_subsample": -0.675095048909782, "max_depth": 9.0, "num_boost_round": 39.0}, "datetime": {"datetime": "2024-01-19 02:23:53", "elapsed": 7953.095548, "delta": 0.005491}}
{"target": -13.75850127875349, "params": {"gamma": 80.31736359175878, "log10_alpha": -2.780067476360311, "log10_colsample_bytree": -0.07313470017884305, "log10_eta": -3.3362743223992637, "log10_lambda": -1.7500959035811974, "log10_min_child_weight": 3.822062443237324, "log10_subsample": -0.675095048909782, "max_depth": 9.0, "num_boost_round": 40.0}, "datetime": {"datetime": "2024-01-19 02:23:53", "elapsed": 7953.101085, "delta": 0.005537}}
{"target": -13.758495739630824, "params": {"gamma": 80.31736359175878, "log10_alpha": -2.780067476360311, "log10_colsample_bytree": -0.07313470017884305, "log10_eta": -3.3362743223992637, "log10_lambda": -1.7500959035811974, "log10_min_child_weight": 3.822062443237324, "log10_subsample": -0.675095048909782, "max_depth": 9.0, "num_boost_round": 41.0}, "datetime": {"datetime": "2024-01-19 02:23:53", "elapsed": 7953.10663, "delta": 0.005545}}
{"target": -13.758489010793488, "params": {"gamma": 80.31736359175878, "log10_alpha": -2.780067476360311, "log10_colsample_bytree": -0.07313470017884305, "log10_eta": -3.3362743223992637, "log10_lambda": -1.7500959035811974, "log10_min_child_weight": 3.822062443237324, "log10_subsample": -0.675095048909782, "max_depth": 9.0, "num_boost_round": 42.0}, "datetime": {"datetime": "2024-01-19 02:23:53", "elapsed": 7953.112148, "delta": 0.005518}}
{"target": -13.75848481603252, "params": {"gamma": 80.31736359175878, "log10_alpha": -2.780067476360311, "log10_colsample_bytree": -0.07313470017884305, "log10_eta": -3.3362743223992637, "log10_lambda": -1.7500959035811974, "log10_min_child_weight": 3.822062443237324, "log10_subsample": -0.675095048909782, "max_depth": 9.0, "num_boost_round": 43.0}, "datetime": {"datetime": "2024-01-19 02:23:53", "elapsed": 7953.117682, "delta": 0.005534}}
{"target": -13.75847997437391, "params": {"gamma": 80.31736359175878, "log10_alpha": -2.780067476360311, "log10_colsample_bytree": -0.07313470017884305, "log10_eta": -3.3362743223992637, "log10_lambda": -1.7500959035811974, "log10_min_child_weight": 3.822062443237324, "log10_subsample": -0.675095048909782, "max_depth": 9.0, "num_boost_round": 44.0}, "datetime": {"datetime": "2024-01-19 02:23:53", "elapsed": 7953.123204, "delta": 0.005522}}
{"target": -13.759430728909638, "params": {"gamma": 73.44004692915517, "log10_alpha": -3.3523694075010715, "log10_colsample_bytree": -0.030924103149633675, "log10_eta": -0.7668511734144299, "log10_lambda": -4.201443116081609, "log10_min_child_weight": 3.9138366737587087, "log10_subsample": -0.3267884848924474, "max_depth": 2.0, "num_boost_round": 0.0}, "datetime": {"datetime": "2024-01-19 02:25:03", "elapsed": 8023.975496, "delta": 70.852292}}
{"target": -13.759210940360456, "params": {"gamma": 73.44004692915517, "log10_alpha": -3.3523694075010715, "log10_colsample_bytree": -0.030924103149633675, "log10_eta": -0.7668511734144299, "log10_lambda": -4.201443116081609, "log10_min_child_weight": 3.9138366737587087, "log10_subsample": -0.3267884848924474, "max_depth": 2.0, "num_boost_round": 1.0}, "datetime": {"datetime": "2024-01-19 02:25:03", "elapsed": 8023.982701, "delta": 0.007205}}
{"target": -13.760225160847957, "params": {"gamma": 73.44004692915517, "log10_alpha": -3.3523694075010715, "log10_colsample_bytree": -0.030924103149633675, "log10_eta": -0.7668511734144299, "log10_lambda": -4.201443116081609, "log10_min_child_weight": 3.9138366737587087, "log10_subsample": -0.3267884848924474, "max_depth": 2.0, "num_boost_round": 2.0}, "datetime": {"datetime": "2024-01-19 02:25:03", "elapsed": 8023.989157, "delta": 0.006456}}
{"target": -13.76375212384173, "params": {"gamma": 73.44004692915517, "log10_alpha": -3.3523694075010715, "log10_colsample_bytree": -0.030924103149633675, "log10_eta": -0.7668511734144299, "log10_lambda": -4.201443116081609, "log10_min_child_weight": 3.9138366737587087, "log10_subsample": -0.3267884848924474, "max_depth": 2.0, "num_boost_round": 3.0}, "datetime": {"datetime": "2024-01-19 02:25:03", "elapsed": 8023.995656, "delta": 0.006499}}
{"target": -13.765659316033057, "params": {"gamma": 73.44004692915517, "log10_alpha": -3.3523694075010715, "log10_colsample_bytree": -0.030924103149633675, "log10_eta": -0.7668511734144299, "log10_lambda": -4.201443116081609, "log10_min_child_weight": 3.9138366737587087, "log10_subsample": -0.3267884848924474, "max_depth": 2.0, "num_boost_round": 4.0}, "datetime": {"datetime": "2024-01-19 02:25:04", "elapsed": 8024.002229, "delta": 0.006573}}
{"target": -13.766983740062171, "params": {"gamma": 73.44004692915517, "log10_alpha": -3.3523694075010715, "log10_colsample_bytree": -0.030924103149633675, "log10_eta": -0.7668511734144299, "log10_lambda": -4.201443116081609, "log10_min_child_weight": 3.9138366737587087, "log10_subsample": -0.3267884848924474, "max_depth": 2.0, "num_boost_round": 5.0}, "datetime": {"datetime": "2024-01-19 02:25:04", "elapsed": 8024.007863, "delta": 0.005634}}
{"target": -13.766190600582627, "params": {"gamma": 73.44004692915517, "log10_alpha": -3.3523694075010715, "log10_colsample_bytree": -0.030924103149633675, "log10_eta": -0.7668511734144299, "log10_lambda": -4.201443116081609, "log10_min_child_weight": 3.9138366737587087, "log10_subsample": -0.3267884848924474, "max_depth": 2.0, "num_boost_round": 6.0}, "datetime": {"datetime": "2024-01-19 02:25:04", "elapsed": 8024.013636, "delta": 0.005773}}
{"target": -13.765753666305631, "params": {"gamma": 73.44004692915517, "log10_alpha": -3.3523694075010715, "log10_colsample_bytree": -0.030924103149633675, "log10_eta": -0.7668511734144299, "log10_lambda": -4.201443116081609, "log10_min_child_weight": 3.9138366737587087, "log10_subsample": -0.3267884848924474, "max_depth": 2.0, "num_boost_round": 7.0}, "datetime": {"datetime": "2024-01-19 02:25:04", "elapsed": 8024.019494, "delta": 0.005858}}
{"target": -13.765932750352832, "params": {"gamma": 73.44004692915517, "log10_alpha": -3.3523694075010715, "log10_colsample_bytree": -0.030924103149633675, "log10_eta": -0.7668511734144299, "log10_lambda": -4.201443116081609, "log10_min_child_weight": 3.9138366737587087, "log10_subsample": -0.3267884848924474, "max_depth": 2.0, "num_boost_round": 8.0}, "datetime": {"datetime": "2024-01-19 02:25:04", "elapsed": 8024.02507, "delta": 0.005576}}
{"target": -13.76648471983631, "params": {"gamma": 73.44004692915517, "log10_alpha": -3.3523694075010715, "log10_colsample_bytree": -0.030924103149633675, "log10_eta": -0.7668511734144299, "log10_lambda": -4.201443116081609, "log10_min_child_weight": 3.9138366737587087, "log10_subsample": -0.3267884848924474, "max_depth": 2.0, "num_boost_round": 9.0}, "datetime": {"datetime": "2024-01-19 02:25:04", "elapsed": 8024.030557, "delta": 0.005487}}
{"target": -13.768820269562648, "params": {"gamma": 73.44004692915517, "log10_alpha": -3.3523694075010715, "log10_colsample_bytree": -0.030924103149633675, "log10_eta": -0.7668511734144299, "log10_lambda": -4.201443116081609, "log10_min_child_weight": 3.9138366737587087, "log10_subsample": -0.3267884848924474, "max_depth": 2.0, "num_boost_round": 10.0}, "datetime": {"datetime": "2024-01-19 02:25:04", "elapsed": 8024.036523, "delta": 0.005966}}
{"target": -13.768753197520093, "params": {"gamma": 73.44004692915517, "log10_alpha": -3.3523694075010715, "log10_colsample_bytree": -0.030924103149633675, "log10_eta": -0.7668511734144299, "log10_lambda": -4.201443116081609, "log10_min_child_weight": 3.9138366737587087, "log10_subsample": -0.3267884848924474, "max_depth": 2.0, "num_boost_round": 11.0}, "datetime": {"datetime": "2024-01-19 02:25:04", "elapsed": 8024.04245, "delta": 0.005927}}
