{"target": -13.758486154270013, "params": {"gamma": 647.2074948359036, "log10_alpha": -2.888533663441661, "log10_colsample_bytree": -0.1556942722185124, "log10_eta": -3.6880366668451336, "log10_lambda": 0.5543755908835664, "log10_min_child_weight": 2.7247615191512145, "log10_subsample": -0.07333613999848465, "max_depth": 9.0, "num_boost_round": 29.0}, "datetime": {"datetime": "2024-01-19 01:51:06", "elapsed": 5919.105321, "delta": 0.005777}}
{"target": -13.758480747553355, "params": {"gamma": 647.2074948359036, "log10_alpha": -2.888533663441661, "log10_colsample_bytree": -0.1556942722185124, "log10_eta": -3.6880366668451336, "log10_lambda": 0.5543755908835664, "log10_min_child_weight": 2.7247615191512145, "log10_subsample": -0.07333613999848465, "max_depth": 9.0, "num_boost_round": 30.0}, "datetime": {"datetime": "2024-01-19 01:51:06", "elapsed": 5919.11063, "delta": 0.005309}}
{"target": -13.758483030658956, "params": {"gamma": 647.2074948359036, "log10_alpha": -2.888533663441661, "log10_colsample_bytree": -0.1556942722185124, "log10_eta": -3.6880366668451336, "log10_lambda": 0.5543755908835664, "log10_min_child_weight": 2.7247615191512145, "log10_subsample": -0.07333613999848465, "max_depth": 9.0, "num_boost_round": 31.0}, "datetime": {"datetime": "2024-01-19 01:51:06", "elapsed": 5919.115999, "delta": 0.005369}}
{"target": -13.75848519924351, "params": {"gamma": 647.2074948359036, "log10_alpha": -2.888533663441661, "log10_colsample_bytree": -0.1556942722185124, "log10_eta": -3.6880366668451336, "log10_lambda": 0.5543755908835664, "log10_min_child_weight": 2.7247615191512145, "log10_subsample": -0.07333613999848465, "max_depth": 9.0, "num_boost_round": 32.0}, "datetime": {"datetime": "2024-01-19 01:51:06", "elapsed": 5919.121702, "delta": 0.005703}}
{"target": -13.758485577538302, "params": {"gamma": 647.2074948359036, "log10_alpha": -2.888533663441661, "log10_colsample_bytree": -0.1556942722185124, "log10_eta": -3.6880366668451336, "log10_lambda": 0.5543755908835664, "log10_min_child_weight": 2.7247615191512145, "log10_subsample": -0.07333613999848465, "max_depth": 9.0, "num_boost_round": 33.0}, "datetime": {"datetime": "2024-01-19 01:51:06", "elapsed": 5919.12713, "delta": 0.005428}}
{"target": -13.758482713934534, "params": {"gamma": 647.2074948359036, "log10_alpha": -2.888533663441661, "log10_colsample_bytree": -0.1556942722185124, "log10_eta": -3.6880366668451336, "log10_lambda": 0.5543755908835664, "log10_min_child_weight": 2.7247615191512145, "log10_subsample": -0.07333613999848465, "max_depth": 9.0, "num_boost_round": 34.0}, "datetime": {"datetime": "2024-01-19 01:51:06", "elapsed": 5919.132585, "delta": 0.005455}}
{"target": -13.758481547563456, "params": {"gamma": 647.2074948359036, "log10_alpha": -2.888533663441661, "log10_colsample_bytree": -0.1556942722185124, "log10_eta": -3.6880366668451336, "log10_lambda": 0.5543755908835664, "log10_min_child_weight": 2.7247615191512145, "log10_subsample": -0.07333613999848465, "max_depth": 9.0, "num_boost_round": 35.0}, "datetime": {"datetime": "2024-01-19 01:51:06", "elapsed": 5919.138528, "delta": 0.005943}}
{"target": -13.75848250304351, "params": {"gamma": 647.2074948359036, "log10_alpha": -2.888533663441661, "log10_colsample_bytree": -0.1556942722185124, "log10_eta": -3.6880366668451336, "log10_lambda": 0.5543755908835664, "log10_min_child_weight": 2.7247615191512145, "log10_subsample": -0.07333613999848465, "max_depth": 9.0, "num_boost_round": 36.0}, "datetime": {"datetime": "2024-01-19 01:51:06", "elapsed": 5919.144317, "delta": 0.005789}}
{"target": -13.758486921366531, "params": {"gamma": 647.2074948359036, "log10_alpha": -2.888533663441661, "log10_colsample_bytree": -0.1556942722185124, "log10_eta": -3.6880366668451336, "log10_lambda": 0.5543755908835664, "log10_min_child_weight": 2.7247615191512145, "log10_subsample": -0.07333613999848465, "max_depth": 9.0, "num_boost_round": 37.0}, "datetime": {"datetime": "2024-01-19 01:51:06", "elapsed": 5919.150866, "delta": 0.006549}}
{"target": -13.75848597733628, "params": {"gamma": 647.2074948359036, "log10_alpha": -2.888533663441661, "log10_colsample_bytree": -0.1556942722185124, "log10_eta": -3.6880366668451336, "log10_lambda": 0.5543755908835664, "log10_min_child_weight": 2.7247615191512145, "log10_subsample": -0.07333613999848465, "max_depth": 9.0, "num_boost_round": 38.0}, "datetime": {"datetime": "2024-01-19 01:51:06", "elapsed": 5919.157146, "delta": 0.00628}}
{"target": -13.758489838229595, "params": {"gamma": 647.2074948359036, "log10_alpha": -2.888533663441661, "log10_colsample_bytree": -0.1556942722185124, "log10_eta": -3.6880366668451336, "log10_lambda": 0.5543755908835664, "log10_min_child_weight": 2.7247615191512145, "log10_subsample": -0.07333613999848465, "max_depth": 9.0, "num_boost_round": 39.0}, "datetime": {"datetime": "2024-01-19 01:51:06", "elapsed": 5919.163011, "delta": 0.005865}}
{"target": -13.758494735830167, "params": {"gamma": 647.2074948359036, "log10_alpha": -2.888533663441661, "log10_colsample_bytree": -0.1556942722185124, "log10_eta": -3.6880366668451336, "log10_lambda": 0.5543755908835664, "log10_min_child_weight": 2.7247615191512145, "log10_subsample": -0.07333613999848465, "max_depth": 9.0, "num_boost_round": 40.0}, "datetime": {"datetime": "2024-01-19 01:51:06", "elapsed": 5919.168523, "delta": 0.005512}}
{"target": -13.758488883579268, "params": {"gamma": 647.2074948359036, "log10_alpha": -2.888533663441661, "log10_colsample_bytree": -0.1556942722185124, "log10_eta": -3.6880366668451336, "log10_lambda": 0.5543755908835664, "log10_min_child_weight": 2.7247615191512145, "log10_subsample": -0.07333613999848465, "max_depth": 9.0, "num_boost_round": 41.0}, "datetime": {"datetime": "2024-01-19 01:51:06", "elapsed": 5919.174684, "delta": 0.006161}}
{"target": -13.758484523328391, "params": {"gamma": 647.2074948359036, "log10_alpha": -2.888533663441661, "log10_colsample_bytree": -0.1556942722185124, "log10_eta": -3.6880366668451336, "log10_lambda": 0.5543755908835664, "log10_min_child_weight": 2.7247615191512145, "log10_subsample": -0.07333613999848465, "max_depth": 9.0, "num_boost_round": 42.0}, "datetime": {"datetime": "2024-01-19 01:51:06", "elapsed": 5919.181658, "delta": 0.006974}}
{"target": -13.758480641092191, "params": {"gamma": 647.2074948359036, "log10_alpha": -2.888533663441661, "log10_colsample_bytree": -0.1556942722185124, "log10_eta": -3.6880366668451336, "log10_lambda": 0.5543755908835664, "log10_min_child_weight": 2.7247615191512145, "log10_subsample": -0.07333613999848465, "max_depth": 9.0, "num_boost_round": 43.0}, "datetime": {"datetime": "2024-01-19 01:51:06", "elapsed": 5919.188121, "delta": 0.006463}}
{"target": -13.758479541452871, "params": {"gamma": 647.2074948359036, "log10_alpha": -2.888533663441661, "log10_colsample_bytree": -0.1556942722185124, "log10_eta": -3.6880366668451336, "log10_lambda": 0.5543755908835664, "log10_min_child_weight": 2.7247615191512145, "log10_subsample": -0.07333613999848465, "max_depth": 9.0, "num_boost_round": 44.0}, "datetime": {"datetime": "2024-01-19 01:51:06", "elapsed": 5919.193787, "delta": 0.005666}}
{"target": -13.758476289192076, "params": {"gamma": 647.2074948359036, "log10_alpha": -2.888533663441661, "log10_colsample_bytree": -0.1556942722185124, "log10_eta": -3.6880366668451336, "log10_lambda": 0.5543755908835664, "log10_min_child_weight": 2.7247615191512145, "log10_subsample": -0.07333613999848465, "max_depth": 9.0, "num_boost_round": 45.0}, "datetime": {"datetime": "2024-01-19 01:51:06", "elapsed": 5919.199257, "delta": 0.00547}}
{"target": -13.758478235297686, "params": {"gamma": 647.2074948359036, "log10_alpha": -2.888533663441661, "log10_colsample_bytree": -0.1556942722185124, "log10_eta": -3.6880366668451336, "log10_lambda": 0.5543755908835664, "log10_min_child_weight": 2.7247615191512145, "log10_subsample": -0.07333613999848465, "max_depth": 9.0, "num_boost_round": 46.0}, "datetime": {"datetime": "2024-01-19 01:51:06", "elapsed": 5919.205312, "delta": 0.006055}}
{"target": -13.758488380640578, "params": {"gamma": 647.2074948359036, "log10_alpha": -2.888533663441661, "log10_colsample_bytree": -0.1556942722185124, "log10_eta": -3.6880366668451336, "log10_lambda": 0.5543755908835664, "log10_min_child_weight": 2.7247615191512145, "log10_subsample": -0.07333613999848465, "max_depth": 9.0, "num_boost_round": 47.0}, "datetime": {"datetime": "2024-01-19 01:51:06", "elapsed": 5919.211629, "delta": 0.006317}}
{"target": -13.758487620053117, "params": {"gamma": 647.2074948359036, "log10_alpha": -2.888533663441661, "log10_colsample_bytree": -0.1556942722185124, "log10_eta": -3.6880366668451336, "log10_lambda": 0.5543755908835664, "log10_min_child_weight": 2.7247615191512145, "log10_subsample": -0.07333613999848465, "max_depth": 9.0, "num_boost_round": 48.0}, "datetime": {"datetime": "2024-01-19 01:51:06", "elapsed": 5919.217415, "delta": 0.005786}}
{"target": -13.758486110898364, "params": {"gamma": 647.2074948359036, "log10_alpha": -2.888533663441661, "log10_colsample_bytree": -0.1556942722185124, "log10_eta": -3.6880366668451336, "log10_lambda": 0.5543755908835664, "log10_min_child_weight": 2.7247615191512145, "log10_subsample": -0.07333613999848465, "max_depth": 9.0, "num_boost_round": 49.0}, "datetime": {"datetime": "2024-01-19 01:51:06", "elapsed": 5919.223319, "delta": 0.005904}}
{"target": -13.758492293182222, "params": {"gamma": 647.2074948359036, "log10_alpha": -2.888533663441661, "log10_colsample_bytree": -0.1556942722185124, "log10_eta": -3.6880366668451336, "log10_lambda": 0.5543755908835664, "log10_min_child_weight": 2.7247615191512145, "log10_subsample": -0.07333613999848465, "max_depth": 9.0, "num_boost_round": 50.0}, "datetime": {"datetime": "2024-01-19 01:51:06", "elapsed": 5919.229975, "delta": 0.006656}}
{"target": -13.758486599677946, "params": {"gamma": 647.2074948359036, "log10_alpha": -2.888533663441661, "log10_colsample_bytree": -0.1556942722185124, "log10_eta": -3.6880366668451336, "log10_lambda": 0.5543755908835664, "log10_min_child_weight": 2.7247615191512145, "log10_subsample": -0.07333613999848465, "max_depth": 9.0, "num_boost_round": 51.0}, "datetime": {"datetime": "2024-01-19 01:51:06", "elapsed": 5919.236069, "delta": 0.006094}}
{"target": -13.75849172740021, "params": {"gamma": 647.2074948359036, "log10_alpha": -2.888533663441661, "log10_colsample_bytree": -0.1556942722185124, "log10_eta": -3.6880366668451336, "log10_lambda": 0.5543755908835664, "log10_min_child_weight": 2.7247615191512145, "log10_subsample": -0.07333613999848465, "max_depth": 9.0, "num_boost_round": 52.0}, "datetime": {"datetime": "2024-01-19 01:51:06", "elapsed": 5919.241972, "delta": 0.005903}}
{"target": -13.758491187480075, "params": {"gamma": 647.2074948359036, "log10_alpha": -2.888533663441661, "log10_colsample_bytree": -0.1556942722185124, "log10_eta": -3.6880366668451336, "log10_lambda": 0.5543755908835664, "log10_min_child_weight": 2.7247615191512145, "log10_subsample": -0.07333613999848465, "max_depth": 9.0, "num_boost_round": 53.0}, "datetime": {"datetime": "2024-01-19 01:51:06", "elapsed": 5919.247791, "delta": 0.005819}}
{"target": -13.758535807849203, "params": {"gamma": 546.9567290846113, "log10_alpha": -4.415525625173398, "log10_colsample_bytree": -0.5839964160451763, "log10_eta": -3.9689072454937793, "log10_lambda": -3.9997012686300994, "log10_min_child_weight": 1.8183166201448497, "log10_subsample": -0.027393707959824765, "max_depth": 9.0, "num_boost_round": 0.0}, "datetime": {"datetime": "2024-01-19 01:52:03", "elapsed": 5975.635089, "delta": 56.387298}}
{"target": -13.75852624804591, "params": {"gamma": 546.9567290846113, "log10_alpha": -4.415525625173398, "log10_colsample_bytree": -0.5839964160451763, "log10_eta": -3.9689072454937793, "log10_lambda": -3.9997012686300994, "log10_min_child_weight": 1.8183166201448497, "log10_subsample": -0.027393707959824765, "max_depth": 9.0, "num_boost_round": 1.0}, "datetime": {"datetime": "2024-01-19 01:52:03", "elapsed": 5975.642163, "delta": 0.007074}}
{"target": -13.758519930291678, "params": {"gamma": 546.9567290846113, "log10_alpha": -4.415525625173398, "log10_colsample_bytree": -0.5839964160451763, "log10_eta": -3.9689072454937793, "log10_lambda": -3.9997012686300994, "log10_min_child_weight": 1.8183166201448497, "log10_subsample": -0.027393707959824765, "max_depth": 9.0, "num_boost_round": 2.0}, "datetime": {"datetime": "2024-01-19 01:52:03", "elapsed": 5975.648176, "delta": 0.006013}}
{"target": -13.758514302330907, "params": {"gamma": 546.9567290846113, "log10_alpha": -4.415525625173398, "log10_colsample_bytree": -0.5839964160451763, "log10_eta": -3.9689072454937793, "log10_lambda": -3.9997012686300994, "log10_min_child_weight": 1.8183166201448497, "log10_subsample": -0.027393707959824765, "max_depth": 9.0, "num_boost_round": 3.0}, "datetime": {"datetime": "2024-01-19 01:52:03", "elapsed": 5975.654552, "delta": 0.006376}}
{"target": -13.758511035756714, "params": {"gamma": 546.9567290846113, "log10_alpha": -4.415525625173398, "log10_colsample_bytree": -0.5839964160451763, "log10_eta": -3.9689072454937793, "log10_lambda": -3.9997012686300994, "log10_min_child_weight": 1.8183166201448497, "log10_subsample": -0.027393707959824765, "max_depth": 9.0, "num_boost_round": 4.0}, "datetime": {"datetime": "2024-01-19 01:52:03", "elapsed": 5975.66022, "delta": 0.005668}}
{"target": -13.758504647358391, "params": {"gamma": 546.9567290846113, "log10_alpha": -4.415525625173398, "log10_colsample_bytree": -0.5839964160451763, "log10_eta": -3.9689072454937793, "log10_lambda": -3.9997012686300994, "log10_min_child_weight": 1.8183166201448497, "log10_subsample": -0.027393707959824765, "max_depth": 9.0, "num_boost_round": 5.0}, "datetime": {"datetime": "2024-01-19 01:52:03", "elapsed": 5975.665688, "delta": 0.005468}}
{"target": -13.758502967121355, "params": {"gamma": 546.9567290846113, "log10_alpha": -4.415525625173398, "log10_colsample_bytree": -0.5839964160451763, "log10_eta": -3.9689072454937793, "log10_lambda": -3.9997012686300994, "log10_min_child_weight": 1.8183166201448497, "log10_subsample": -0.027393707959824765, "max_depth": 9.0, "num_boost_round": 6.0}, "datetime": {"datetime": "2024-01-19 01:52:03", "elapsed": 5975.671173, "delta": 0.005485}}
{"target": -13.75849792847834, "params": {"gamma": 546.9567290846113, "log10_alpha": -4.415525625173398, "log10_colsample_bytree": -0.5839964160451763, "log10_eta": -3.9689072454937793, "log10_lambda": -3.9997012686300994, "log10_min_child_weight": 1.8183166201448497, "log10_subsample": -0.027393707959824765, "max_depth": 9.0, "num_boost_round": 7.0}, "datetime": {"datetime": "2024-01-19 01:52:03", "elapsed": 5975.677117, "delta": 0.005944}}
{"target": -13.758493308593605, "params": {"gamma": 546.9567290846113, "log10_alpha": -4.415525625173398, "log10_colsample_bytree": -0.5839964160451763, "log10_eta": -3.9689072454937793, "log10_lambda": -3.9997012686300994, "log10_min_child_weight": 1.8183166201448497, "log10_subsample": -0.027393707959824765, "max_depth": 9.0, "num_boost_round": 8.0}, "datetime": {"datetime": "2024-01-19 01:52:03", "elapsed": 5975.683413, "delta": 0.006296}}
{"target": -13.758488809186636, "params": {"gamma": 546.9567290846113, "log10_alpha": -4.415525625173398, "log10_colsample_bytree": -0.5839964160451763, "log10_eta": -3.9689072454937793, "log10_lambda": -3.9997012686300994, "log10_min_child_weight": 1.8183166201448497, "log10_subsample": -0.027393707959824765, "max_depth": 9.0, "num_boost_round": 9.0}, "datetime": {"datetime": "2024-01-19 01:52:03", "elapsed": 5975.689417, "delta": 0.006004}}
{"target": -13.758482784075909, "params": {"gamma": 546.9567290846113, "log10_alpha": -4.415525625173398, "log10_colsample_bytree": -0.5839964160451763, "log10_eta": -3.9689072454937793, "log10_lambda": -3.9997012686300994, "log10_min_child_weight": 1.8183166201448497, "log10_subsample": -0.027393707959824765, "max_depth": 9.0, "num_boost_round": 10.0}, "datetime": {"datetime": "2024-01-19 01:52:03", "elapsed": 5975.695092, "delta": 0.005675}}
{"target": -13.758481273084822, "params": {"gamma": 546.9567290846113, "log10_alpha": -4.415525625173398, "log10_colsample_bytree": -0.5839964160451763, "log10_eta": -3.9689072454937793, "log10_lambda": -3.9997012686300994, "log10_min_child_weight": 1.8183166201448497, "log10_subsample": -0.027393707959824765, "max_depth": 9.0, "num_boost_round": 11.0}, "datetime": {"datetime": "2024-01-19 01:52:03", "elapsed": 5975.701193, "delta": 0.006101}}
{"target": -13.758484465069012, "params": {"gamma": 546.9567290846113, "log10_alpha": -4.415525625173398, "log10_colsample_bytree": -0.5839964160451763, "log10_eta": -3.9689072454937793, "log10_lambda": -3.9997012686300994, "log10_min_child_weight": 1.8183166201448497, "log10_subsample": -0.027393707959824765, "max_depth": 9.0, "num_boost_round": 12.0}, "datetime": {"datetime": "2024-01-19 01:52:03", "elapsed": 5975.706941, "delta": 0.005748}}
{"target": -13.75848022474325, "params": {"gamma": 546.9567290846113, "log10_alpha": -4.415525625173398, "log10_colsample_bytree": -0.5839964160451763, "log10_eta": -3.9689072454937793, "log10_lambda": -3.9997012686300994, "log10_min_child_weight": 1.8183166201448497, "log10_subsample": -0.027393707959824765, "max_depth": 9.0, "num_boost_round": 13.0}, "datetime": {"datetime": "2024-01-19 01:52:03", "elapsed": 5975.712457, "delta": 0.005516}}
{"target": -13.75848070194786, "params": {"gamma": 546.9567290846113, "log10_alpha": -4.415525625173398, "log10_colsample_bytree": -0.5839964160451763, "log10_eta": -3.9689072454937793, "log10_lambda": -3.9997012686300994, "log10_min_child_weight": 1.8183166201448497, "log10_subsample": -0.027393707959824765, "max_depth": 9.0, "num_boost_round": 14.0}, "datetime": {"datetime": "2024-01-19 01:52:03", "elapsed": 5975.718252, "delta": 0.005795}}
{"target": -13.758474804200159, "params": {"gamma": 546.9567290846113, "log10_alpha": -4.415525625173398, "log10_colsample_bytree": -0.5839964160451763, "log10_eta": -3.9689072454937793, "log10_lambda": -3.9997012686300994, "log10_min_child_weight": 1.8183166201448497, "log10_subsample": -0.027393707959824765, "max_depth": 9.0, "num_boost_round": 15.0}, "datetime": {"datetime": "2024-01-19 01:52:03", "elapsed": 5975.724279, "delta": 0.006027}}
{"target": -13.758478445663357, "params": {"gamma": 546.9567290846113, "log10_alpha": -4.415525625173398, "log10_colsample_bytree": -0.5839964160451763, "log10_eta": -3.9689072454937793, "log10_lambda": -3.9997012686300994, "log10_min_child_weight": 1.8183166201448497, "log10_subsample": -0.027393707959824765, "max_depth": 9.0, "num_boost_round": 16.0}, "datetime": {"datetime": "2024-01-19 01:52:03", "elapsed": 5975.730169, "delta": 0.00589}}
{"target": -13.758472565039023, "params": {"gamma": 546.9567290846113, "log10_alpha": -4.415525625173398, "log10_colsample_bytree": -0.5839964160451763, "log10_eta": -3.9689072454937793, "log10_lambda": -3.9997012686300994, "log10_min_child_weight": 1.8183166201448497, "log10_subsample": -0.027393707959824765, "max_depth": 9.0, "num_boost_round": 17.0}, "datetime": {"datetime": "2024-01-19 01:52:03", "elapsed": 5975.735746, "delta": 0.005577}}
{"target": -13.758470174125323, "params": {"gamma": 546.9567290846113, "log10_alpha": -4.415525625173398, "log10_colsample_bytree": -0.5839964160451763, "log10_eta": -3.9689072454937793, "log10_lambda": -3.9997012686300994, "log10_min_child_weight": 1.8183166201448497, "log10_subsample": -0.027393707959824765, "max_depth": 9.0, "num_boost_round": 18.0}, "datetime": {"datetime": "2024-01-19 01:52:03", "elapsed": 5975.741257, "delta": 0.005511}}
{"target": -13.758469295408396, "params": {"gamma": 546.9567290846113, "log10_alpha": -4.415525625173398, "log10_colsample_bytree": -0.5839964160451763, "log10_eta": -3.9689072454937793, "log10_lambda": -3.9997012686300994, "log10_min_child_weight": 1.8183166201448497, "log10_subsample": -0.027393707959824765, "max_depth": 9.0, "num_boost_round": 19.0}, "datetime": {"datetime": "2024-01-19 01:52:03", "elapsed": 5975.7469, "delta": 0.005643}}
{"target": -13.758463239786076, "params": {"gamma": 546.9567290846113, "log10_alpha": -4.415525625173398, "log10_colsample_bytree": -0.5839964160451763, "log10_eta": -3.9689072454937793, "log10_lambda": -3.9997012686300994, "log10_min_child_weight": 1.8183166201448497, "log10_subsample": -0.027393707959824765, "max_depth": 9.0, "num_boost_round": 20.0}, "datetime": {"datetime": "2024-01-19 01:52:03", "elapsed": 5975.75269, "delta": 0.00579}}
{"target": -13.75853398162104, "params": {"gamma": 598.7070781954404, "log10_alpha": 0.4048590334985029, "log10_colsample_bytree": -1.0, "log10_eta": -4.0, "log10_lambda": 1.0, "log10_min_child_weight": 0.0, "log10_subsample": 0.0, "max_depth": 6.0, "num_boost_round": 0.0}, "datetime": {"datetime": "2024-01-19 01:53:01", "elapsed": 6033.928365, "delta": 58.175675}}
{"target": -13.758535725758383, "params": {"gamma": 598.7070781954404, "log10_alpha": 0.4048590334985029, "log10_colsample_bytree": -1.0, "log10_eta": -4.0, "log10_lambda": 1.0, "log10_min_child_weight": 0.0, "log10_subsample": 0.0, "max_depth": 6.0, "num_boost_round": 1.0}, "datetime": {"datetime": "2024-01-19 01:53:01", "elapsed": 6033.935103, "delta": 0.006738}}
{"target": -13.758537095639193, "params": {"gamma": 598.7070781954404, "log10_alpha": 0.4048590334985029, "log10_colsample_bytree": -1.0, "log10_eta": -4.0, "log10_lambda": 1.0, "log10_min_child_weight": 0.0, "log10_subsample": 0.0, "max_depth": 6.0, "num_boost_round": 2.0}, "datetime": {"datetime": "2024-01-19 01:53:01", "elapsed": 6033.940899, "delta": 0.005796}}
