{"target": -17.677219191307927, "params": {"gamma": 967.9405898886049, "log10_alpha": -1.6553049972763993, "log10_colsample_bytree": -0.22150419708932267, "log10_eta": -3.9786922233115933, "log10_lambda": -3.942279561414191, "log10_min_child_weight": 4.3064705626461555, "log10_subsample": -0.9084508191880895, "max_depth": 6.0, "num_boost_round": 15.0}, "datetime": {"datetime": "2024-01-19 00:21:09", "elapsed": 563.335713, "delta": 0.000871}}
{"target": -17.677217946181056, "params": {"gamma": 967.9405898886049, "log10_alpha": -1.6553049972763993, "log10_colsample_bytree": -0.22150419708932267, "log10_eta": -3.9786922233115933, "log10_lambda": -3.942279561414191, "log10_min_child_weight": 4.3064705626461555, "log10_subsample": -0.9084508191880895, "max_depth": 6.0, "num_boost_round": 16.0}, "datetime": {"datetime": "2024-01-19 00:21:09", "elapsed": 563.336636, "delta": 0.000923}}
{"target": -17.67721785238708, "params": {"gamma": 967.9405898886049, "log10_alpha": -1.6553049972763993, "log10_colsample_bytree": -0.22150419708932267, "log10_eta": -3.9786922233115933, "log10_lambda": -3.942279561414191, "log10_min_child_weight": 4.3064705626461555, "log10_subsample": -0.9084508191880895, "max_depth": 6.0, "num_boost_round": 17.0}, "datetime": {"datetime": "2024-01-19 00:21:09", "elapsed": 563.337553, "delta": 0.000917}}
{"target": -17.677216336240964, "params": {"gamma": 967.9405898886049, "log10_alpha": -1.6553049972763993, "log10_colsample_bytree": -0.22150419708932267, "log10_eta": -3.9786922233115933, "log10_lambda": -3.942279561414191, "log10_min_child_weight": 4.3064705626461555, "log10_subsample": -0.9084508191880895, "max_depth": 6.0, "num_boost_round": 18.0}, "datetime": {"datetime": "2024-01-19 00:21:09", "elapsed": 563.338492, "delta": 0.000939}}
{"target": -17.677215395046183, "params": {"gamma": 967.9405898886049, "log10_alpha": -1.6553049972763993, "log10_colsample_bytree": -0.22150419708932267, "log10_eta": -3.9786922233115933, "log10_lambda": -3.942279561414191, "log10_min_child_weight": 4.3064705626461555, "log10_subsample": -0.9084508191880895, "max_depth": 6.0, "num_boost_round": 19.0}, "datetime": {"datetime": "2024-01-19 00:21:09", "elapsed": 563.339412, "delta": 0.00092}}
{"target": -17.677214937730966, "params": {"gamma": 967.9405898886049, "log10_alpha": -1.6553049972763993, "log10_colsample_bytree": -0.22150419708932267, "log10_eta": -3.9786922233115933, "log10_lambda": -3.942279561414191, "log10_min_child_weight": 4.3064705626461555, "log10_subsample": -0.9084508191880895, "max_depth": 6.0, "num_boost_round": 20.0}, "datetime": {"datetime": "2024-01-19 00:21:09", "elapsed": 563.340331, "delta": 0.000919}}
{"target": -17.67721354931397, "params": {"gamma": 967.9405898886049, "log10_alpha": -1.6553049972763993, "log10_colsample_bytree": -0.22150419708932267, "log10_eta": -3.9786922233115933, "log10_lambda": -3.942279561414191, "log10_min_child_weight": 4.3064705626461555, "log10_subsample": -0.9084508191880895, "max_depth": 6.0, "num_boost_round": 21.0}, "datetime": {"datetime": "2024-01-19 00:21:09", "elapsed": 563.34125, "delta": 0.000919}}
{"target": -17.67721352174812, "params": {"gamma": 967.9405898886049, "log10_alpha": -1.6553049972763993, "log10_colsample_bytree": -0.22150419708932267, "log10_eta": -3.9786922233115933, "log10_lambda": -3.942279561414191, "log10_min_child_weight": 4.3064705626461555, "log10_subsample": -0.9084508191880895, "max_depth": 6.0, "num_boost_round": 22.0}, "datetime": {"datetime": "2024-01-19 00:21:09", "elapsed": 563.342168, "delta": 0.000918}}
{"target": -17.677211998431016, "params": {"gamma": 967.9405898886049, "log10_alpha": -1.6553049972763993, "log10_colsample_bytree": -0.22150419708932267, "log10_eta": -3.9786922233115933, "log10_lambda": -3.942279561414191, "log10_min_child_weight": 4.3064705626461555, "log10_subsample": -0.9084508191880895, "max_depth": 6.0, "num_boost_round": 23.0}, "datetime": {"datetime": "2024-01-19 00:21:09", "elapsed": 563.343086, "delta": 0.000918}}
{"target": -17.677210506930578, "params": {"gamma": 967.9405898886049, "log10_alpha": -1.6553049972763993, "log10_colsample_bytree": -0.22150419708932267, "log10_eta": -3.9786922233115933, "log10_lambda": -3.942279561414191, "log10_min_child_weight": 4.3064705626461555, "log10_subsample": -0.9084508191880895, "max_depth": 6.0, "num_boost_round": 24.0}, "datetime": {"datetime": "2024-01-19 00:21:09", "elapsed": 563.343999, "delta": 0.000913}}
{"target": -17.67720997961309, "params": {"gamma": 967.9405898886049, "log10_alpha": -1.6553049972763993, "log10_colsample_bytree": -0.22150419708932267, "log10_eta": -3.9786922233115933, "log10_lambda": -3.942279561414191, "log10_min_child_weight": 4.3064705626461555, "log10_subsample": -0.9084508191880895, "max_depth": 6.0, "num_boost_round": 25.0}, "datetime": {"datetime": "2024-01-19 00:21:09", "elapsed": 563.344907, "delta": 0.000908}}
{"target": -17.677209035845245, "params": {"gamma": 967.9405898886049, "log10_alpha": -1.6553049972763993, "log10_colsample_bytree": -0.22150419708932267, "log10_eta": -3.9786922233115933, "log10_lambda": -3.942279561414191, "log10_min_child_weight": 4.3064705626461555, "log10_subsample": -0.9084508191880895, "max_depth": 6.0, "num_boost_round": 26.0}, "datetime": {"datetime": "2024-01-19 00:21:09", "elapsed": 563.345846, "delta": 0.000939}}
{"target": -17.67720811497191, "params": {"gamma": 967.9405898886049, "log10_alpha": -1.6553049972763993, "log10_colsample_bytree": -0.22150419708932267, "log10_eta": -3.9786922233115933, "log10_lambda": -3.942279561414191, "log10_min_child_weight": 4.3064705626461555, "log10_subsample": -0.9084508191880895, "max_depth": 6.0, "num_boost_round": 27.0}, "datetime": {"datetime": "2024-01-19 00:21:09", "elapsed": 563.346779, "delta": 0.000933}}
{"target": -17.677207057395716, "params": {"gamma": 967.9405898886049, "log10_alpha": -1.6553049972763993, "log10_colsample_bytree": -0.22150419708932267, "log10_eta": -3.9786922233115933, "log10_lambda": -3.942279561414191, "log10_min_child_weight": 4.3064705626461555, "log10_subsample": -0.9084508191880895, "max_depth": 6.0, "num_boost_round": 28.0}, "datetime": {"datetime": "2024-01-19 00:21:09", "elapsed": 563.347706, "delta": 0.000927}}
{"target": -17.677205160175173, "params": {"gamma": 967.9405898886049, "log10_alpha": -1.6553049972763993, "log10_colsample_bytree": -0.22150419708932267, "log10_eta": -3.9786922233115933, "log10_lambda": -3.942279561414191, "log10_min_child_weight": 4.3064705626461555, "log10_subsample": -0.9084508191880895, "max_depth": 6.0, "num_boost_round": 29.0}, "datetime": {"datetime": "2024-01-19 00:21:09", "elapsed": 563.348635, "delta": 0.000929}}
{"target": -17.67720434749386, "params": {"gamma": 967.9405898886049, "log10_alpha": -1.6553049972763993, "log10_colsample_bytree": -0.22150419708932267, "log10_eta": -3.9786922233115933, "log10_lambda": -3.942279561414191, "log10_min_child_weight": 4.3064705626461555, "log10_subsample": -0.9084508191880895, "max_depth": 6.0, "num_boost_round": 30.0}, "datetime": {"datetime": "2024-01-19 00:21:09", "elapsed": 563.349573, "delta": 0.000938}}
{"target": -17.677203273488107, "params": {"gamma": 967.9405898886049, "log10_alpha": -1.6553049972763993, "log10_colsample_bytree": -0.22150419708932267, "log10_eta": -3.9786922233115933, "log10_lambda": -3.942279561414191, "log10_min_child_weight": 4.3064705626461555, "log10_subsample": -0.9084508191880895, "max_depth": 6.0, "num_boost_round": 31.0}, "datetime": {"datetime": "2024-01-19 00:21:09", "elapsed": 563.350514, "delta": 0.000941}}
{"target": -17.677203150496915, "params": {"gamma": 967.9405898886049, "log10_alpha": -1.6553049972763993, "log10_colsample_bytree": -0.22150419708932267, "log10_eta": -3.9786922233115933, "log10_lambda": -3.942279561414191, "log10_min_child_weight": 4.3064705626461555, "log10_subsample": -0.9084508191880895, "max_depth": 6.0, "num_boost_round": 32.0}, "datetime": {"datetime": "2024-01-19 00:21:09", "elapsed": 563.351455, "delta": 0.000941}}
{"target": -17.677203266907245, "params": {"gamma": 967.9405898886049, "log10_alpha": -1.6553049972763993, "log10_colsample_bytree": -0.22150419708932267, "log10_eta": -3.9786922233115933, "log10_lambda": -3.942279561414191, "log10_min_child_weight": 4.3064705626461555, "log10_subsample": -0.9084508191880895, "max_depth": 6.0, "num_boost_round": 33.0}, "datetime": {"datetime": "2024-01-19 00:21:09", "elapsed": 563.3524, "delta": 0.000945}}
{"target": -17.67720237810418, "params": {"gamma": 967.9405898886049, "log10_alpha": -1.6553049972763993, "log10_colsample_bytree": -0.22150419708932267, "log10_eta": -3.9786922233115933, "log10_lambda": -3.942279561414191, "log10_min_child_weight": 4.3064705626461555, "log10_subsample": -0.9084508191880895, "max_depth": 6.0, "num_boost_round": 34.0}, "datetime": {"datetime": "2024-01-19 00:21:09", "elapsed": 563.353331, "delta": 0.000931}}
{"target": -17.677202247601127, "params": {"gamma": 967.9405898886049, "log10_alpha": -1.6553049972763993, "log10_colsample_bytree": -0.22150419708932267, "log10_eta": -3.9786922233115933, "log10_lambda": -3.942279561414191, "log10_min_child_weight": 4.3064705626461555, "log10_subsample": -0.9084508191880895, "max_depth": 6.0, "num_boost_round": 35.0}, "datetime": {"datetime": "2024-01-19 00:21:09", "elapsed": 563.354261, "delta": 0.00093}}
{"target": -17.67720198162384, "params": {"gamma": 967.9405898886049, "log10_alpha": -1.6553049972763993, "log10_colsample_bytree": -0.22150419708932267, "log10_eta": -3.9786922233115933, "log10_lambda": -3.942279561414191, "log10_min_child_weight": 4.3064705626461555, "log10_subsample": -0.9084508191880895, "max_depth": 6.0, "num_boost_round": 36.0}, "datetime": {"datetime": "2024-01-19 00:21:09", "elapsed": 563.355197, "delta": 0.000936}}
{"target": -17.677201789342114, "params": {"gamma": 967.9405898886049, "log10_alpha": -1.6553049972763993, "log10_colsample_bytree": -0.22150419708932267, "log10_eta": -3.9786922233115933, "log10_lambda": -3.942279561414191, "log10_min_child_weight": 4.3064705626461555, "log10_subsample": -0.9084508191880895, "max_depth": 6.0, "num_boost_round": 37.0}, "datetime": {"datetime": "2024-01-19 00:21:09", "elapsed": 563.356144, "delta": 0.000947}}
{"target": -17.67720175117585, "params": {"gamma": 967.9405898886049, "log10_alpha": -1.6553049972763993, "log10_colsample_bytree": -0.22150419708932267, "log10_eta": -3.9786922233115933, "log10_lambda": -3.942279561414191, "log10_min_child_weight": 4.3064705626461555, "log10_subsample": -0.9084508191880895, "max_depth": 6.0, "num_boost_round": 38.0}, "datetime": {"datetime": "2024-01-19 00:21:09", "elapsed": 563.357086, "delta": 0.000942}}
{"target": -17.677200540893914, "params": {"gamma": 967.9405898886049, "log10_alpha": -1.6553049972763993, "log10_colsample_bytree": -0.22150419708932267, "log10_eta": -3.9786922233115933, "log10_lambda": -3.942279561414191, "log10_min_child_weight": 4.3064705626461555, "log10_subsample": -0.9084508191880895, "max_depth": 6.0, "num_boost_round": 39.0}, "datetime": {"datetime": "2024-01-19 00:21:09", "elapsed": 563.358023, "delta": 0.000937}}
{"target": -17.677199810940834, "params": {"gamma": 967.9405898886049, "log10_alpha": -1.6553049972763993, "log10_colsample_bytree": -0.22150419708932267, "log10_eta": -3.9786922233115933, "log10_lambda": -3.942279561414191, "log10_min_child_weight": 4.3064705626461555, "log10_subsample": -0.9084508191880895, "max_depth": 6.0, "num_boost_round": 40.0}, "datetime": {"datetime": "2024-01-19 00:21:09", "elapsed": 563.358984, "delta": 0.000961}}
{"target": -17.677216040491285, "params": {"gamma": 964.6688813597066, "log10_alpha": -0.09319422566627633, "log10_colsample_bytree": -0.2568385587148363, "log10_eta": -2.8694501330889186, "log10_lambda": 0.6426210390619662, "log10_min_child_weight": 4.300826601340341, "log10_subsample": -0.6512650708262983, "max_depth": 5.0, "num_boost_round": 0.0}, "datetime": {"datetime": "2024-01-19 00:21:36", "elapsed": 590.504414, "delta": 27.14543}}
{"target": -17.677197705409913, "params": {"gamma": 964.6688813597066, "log10_alpha": -0.09319422566627633, "log10_colsample_bytree": -0.2568385587148363, "log10_eta": -2.8694501330889186, "log10_lambda": 0.6426210390619662, "log10_min_child_weight": 4.300826601340341, "log10_subsample": -0.6512650708262983, "max_depth": 5.0, "num_boost_round": 1.0}, "datetime": {"datetime": "2024-01-19 00:21:36", "elapsed": 590.505521, "delta": 0.001107}}
{"target": -17.677187852804085, "params": {"gamma": 964.6688813597066, "log10_alpha": -0.09319422566627633, "log10_colsample_bytree": -0.2568385587148363, "log10_eta": -2.8694501330889186, "log10_lambda": 0.6426210390619662, "log10_min_child_weight": 4.300826601340341, "log10_subsample": -0.6512650708262983, "max_depth": 5.0, "num_boost_round": 2.0}, "datetime": {"datetime": "2024-01-19 00:21:36", "elapsed": 590.506987, "delta": 0.001466}}
{"target": -17.67717695958263, "params": {"gamma": 964.6688813597066, "log10_alpha": -0.09319422566627633, "log10_colsample_bytree": -0.2568385587148363, "log10_eta": -2.8694501330889186, "log10_lambda": 0.6426210390619662, "log10_min_child_weight": 4.300826601340341, "log10_subsample": -0.6512650708262983, "max_depth": 5.0, "num_boost_round": 3.0}, "datetime": {"datetime": "2024-01-19 00:21:36", "elapsed": 590.508041, "delta": 0.001054}}
{"target": -17.67716224270359, "params": {"gamma": 964.6688813597066, "log10_alpha": -0.09319422566627633, "log10_colsample_bytree": -0.2568385587148363, "log10_eta": -2.8694501330889186, "log10_lambda": 0.6426210390619662, "log10_min_child_weight": 4.300826601340341, "log10_subsample": -0.6512650708262983, "max_depth": 5.0, "num_boost_round": 4.0}, "datetime": {"datetime": "2024-01-19 00:21:36", "elapsed": 590.509088, "delta": 0.001047}}
{"target": -17.677144368289213, "params": {"gamma": 964.6688813597066, "log10_alpha": -0.09319422566627633, "log10_colsample_bytree": -0.2568385587148363, "log10_eta": -2.8694501330889186, "log10_lambda": 0.6426210390619662, "log10_min_child_weight": 4.300826601340341, "log10_subsample": -0.6512650708262983, "max_depth": 5.0, "num_boost_round": 5.0}, "datetime": {"datetime": "2024-01-19 00:21:36", "elapsed": 590.510003, "delta": 0.000915}}
{"target": -17.677156574410557, "params": {"gamma": 964.6688813597066, "log10_alpha": -0.09319422566627633, "log10_colsample_bytree": -0.2568385587148363, "log10_eta": -2.8694501330889186, "log10_lambda": 0.6426210390619662, "log10_min_child_weight": 4.300826601340341, "log10_subsample": -0.6512650708262983, "max_depth": 5.0, "num_boost_round": 6.0}, "datetime": {"datetime": "2024-01-19 00:21:36", "elapsed": 590.511123, "delta": 0.00112}}
{"target": -17.67717080975504, "params": {"gamma": 964.6688813597066, "log10_alpha": -0.09319422566627633, "log10_colsample_bytree": -0.2568385587148363, "log10_eta": -2.8694501330889186, "log10_lambda": 0.6426210390619662, "log10_min_child_weight": 4.300826601340341, "log10_subsample": -0.6512650708262983, "max_depth": 5.0, "num_boost_round": 7.0}, "datetime": {"datetime": "2024-01-19 00:21:36", "elapsed": 590.512213, "delta": 0.00109}}
{"target": -17.677158458118807, "params": {"gamma": 964.6688813597066, "log10_alpha": -0.09319422566627633, "log10_colsample_bytree": -0.2568385587148363, "log10_eta": -2.8694501330889186, "log10_lambda": 0.6426210390619662, "log10_min_child_weight": 4.300826601340341, "log10_subsample": -0.6512650708262983, "max_depth": 5.0, "num_boost_round": 8.0}, "datetime": {"datetime": "2024-01-19 00:21:36", "elapsed": 590.513549, "delta": 0.001336}}
{"target": -17.677150164202743, "params": {"gamma": 964.6688813597066, "log10_alpha": -0.09319422566627633, "log10_colsample_bytree": -0.2568385587148363, "log10_eta": -2.8694501330889186, "log10_lambda": 0.6426210390619662, "log10_min_child_weight": 4.300826601340341, "log10_subsample": -0.6512650708262983, "max_depth": 5.0, "num_boost_round": 9.0}, "datetime": {"datetime": "2024-01-19 00:21:36", "elapsed": 590.514492, "delta": 0.000943}}
{"target": -17.67712743186351, "params": {"gamma": 964.6688813597066, "log10_alpha": -0.09319422566627633, "log10_colsample_bytree": -0.2568385587148363, "log10_eta": -2.8694501330889186, "log10_lambda": 0.6426210390619662, "log10_min_child_weight": 4.300826601340341, "log10_subsample": -0.6512650708262983, "max_depth": 5.0, "num_boost_round": 10.0}, "datetime": {"datetime": "2024-01-19 00:21:36", "elapsed": 590.515426, "delta": 0.000934}}
{"target": -17.677104473587786, "params": {"gamma": 964.6688813597066, "log10_alpha": -0.09319422566627633, "log10_colsample_bytree": -0.2568385587148363, "log10_eta": -2.8694501330889186, "log10_lambda": 0.6426210390619662, "log10_min_child_weight": 4.300826601340341, "log10_subsample": -0.6512650708262983, "max_depth": 5.0, "num_boost_round": 11.0}, "datetime": {"datetime": "2024-01-19 00:21:36", "elapsed": 590.516351, "delta": 0.000925}}
{"target": -17.67708932763141, "params": {"gamma": 964.6688813597066, "log10_alpha": -0.09319422566627633, "log10_colsample_bytree": -0.2568385587148363, "log10_eta": -2.8694501330889186, "log10_lambda": 0.6426210390619662, "log10_min_child_weight": 4.300826601340341, "log10_subsample": -0.6512650708262983, "max_depth": 5.0, "num_boost_round": 12.0}, "datetime": {"datetime": "2024-01-19 00:21:36", "elapsed": 590.517279, "delta": 0.000928}}
{"target": -17.67706191479573, "params": {"gamma": 964.6688813597066, "log10_alpha": -0.09319422566627633, "log10_colsample_bytree": -0.2568385587148363, "log10_eta": -2.8694501330889186, "log10_lambda": 0.6426210390619662, "log10_min_child_weight": 4.300826601340341, "log10_subsample": -0.6512650708262983, "max_depth": 5.0, "num_boost_round": 13.0}, "datetime": {"datetime": "2024-01-19 00:21:36", "elapsed": 590.5182, "delta": 0.000921}}
{"target": -17.677052516437023, "params": {"gamma": 964.6688813597066, "log10_alpha": -0.09319422566627633, "log10_colsample_bytree": -0.2568385587148363, "log10_eta": -2.8694501330889186, "log10_lambda": 0.6426210390619662, "log10_min_child_weight": 4.300826601340341, "log10_subsample": -0.6512650708262983, "max_depth": 5.0, "num_boost_round": 14.0}, "datetime": {"datetime": "2024-01-19 00:21:36", "elapsed": 590.519129, "delta": 0.000929}}
{"target": -17.67703824214109, "params": {"gamma": 964.6688813597066, "log10_alpha": -0.09319422566627633, "log10_colsample_bytree": -0.2568385587148363, "log10_eta": -2.8694501330889186, "log10_lambda": 0.6426210390619662, "log10_min_child_weight": 4.300826601340341, "log10_subsample": -0.6512650708262983, "max_depth": 5.0, "num_boost_round": 15.0}, "datetime": {"datetime": "2024-01-19 00:21:36", "elapsed": 590.520055, "delta": 0.000926}}
{"target": -17.677037724247633, "params": {"gamma": 964.6688813597066, "log10_alpha": -0.09319422566627633, "log10_colsample_bytree": -0.2568385587148363, "log10_eta": -2.8694501330889186, "log10_lambda": 0.6426210390619662, "log10_min_child_weight": 4.300826601340341, "log10_subsample": -0.6512650708262983, "max_depth": 5.0, "num_boost_round": 16.0}, "datetime": {"datetime": "2024-01-19 00:21:36", "elapsed": 590.52099, "delta": 0.000935}}
{"target": -17.677020570966125, "params": {"gamma": 964.6688813597066, "log10_alpha": -0.09319422566627633, "log10_colsample_bytree": -0.2568385587148363, "log10_eta": -2.8694501330889186, "log10_lambda": 0.6426210390619662, "log10_min_child_weight": 4.300826601340341, "log10_subsample": -0.6512650708262983, "max_depth": 5.0, "num_boost_round": 17.0}, "datetime": {"datetime": "2024-01-19 00:21:36", "elapsed": 590.521926, "delta": 0.000936}}
{"target": -17.677001639534154, "params": {"gamma": 964.6688813597066, "log10_alpha": -0.09319422566627633, "log10_colsample_bytree": -0.2568385587148363, "log10_eta": -2.8694501330889186, "log10_lambda": 0.6426210390619662, "log10_min_child_weight": 4.300826601340341, "log10_subsample": -0.6512650708262983, "max_depth": 5.0, "num_boost_round": 18.0}, "datetime": {"datetime": "2024-01-19 00:21:36", "elapsed": 590.522865, "delta": 0.000939}}
{"target": -17.676982112590878, "params": {"gamma": 964.6688813597066, "log10_alpha": -0.09319422566627633, "log10_colsample_bytree": -0.2568385587148363, "log10_eta": -2.8694501330889186, "log10_lambda": 0.6426210390619662, "log10_min_child_weight": 4.300826601340341, "log10_subsample": -0.6512650708262983, "max_depth": 5.0, "num_boost_round": 19.0}, "datetime": {"datetime": "2024-01-19 00:21:36", "elapsed": 590.523843, "delta": 0.000978}}
{"target": -17.676977639247216, "params": {"gamma": 964.6688813597066, "log10_alpha": -0.09319422566627633, "log10_colsample_bytree": -0.2568385587148363, "log10_eta": -2.8694501330889186, "log10_lambda": 0.6426210390619662, "log10_min_child_weight": 4.300826601340341, "log10_subsample": -0.6512650708262983, "max_depth": 5.0, "num_boost_round": 20.0}, "datetime": {"datetime": "2024-01-19 00:21:36", "elapsed": 590.524797, "delta": 0.000954}}
{"target": -17.676975393777326, "params": {"gamma": 964.6688813597066, "log10_alpha": -0.09319422566627633, "log10_colsample_bytree": -0.2568385587148363, "log10_eta": -2.8694501330889186, "log10_lambda": 0.6426210390619662, "log10_min_child_weight": 4.300826601340341, "log10_subsample": -0.6512650708262983, "max_depth": 5.0, "num_boost_round": 21.0}, "datetime": {"datetime": "2024-01-19 00:21:36", "elapsed": 590.525727, "delta": 0.00093}}
{"target": -17.676961932139076, "params": {"gamma": 964.6688813597066, "log10_alpha": -0.09319422566627633, "log10_colsample_bytree": -0.2568385587148363, "log10_eta": -2.8694501330889186, "log10_lambda": 0.6426210390619662, "log10_min_child_weight": 4.300826601340341, "log10_subsample": -0.6512650708262983, "max_depth": 5.0, "num_boost_round": 22.0}, "datetime": {"datetime": "2024-01-19 00:21:36", "elapsed": 590.526657, "delta": 0.00093}}
