{"target": -13.756975349938541, "params": {"gamma": 710.3494298950437, "log10_alpha": -0.5726011045067194, "log10_colsample_bytree": -0.7112799648904973, "log10_eta": -2.5881709720666586, "log10_lambda": -4.759768077610785, "log10_min_child_weight": 4.060673613943234, "log10_subsample": -0.03901652283513524, "max_depth": 7.0, "num_boost_round": 58.0}, "datetime": {"datetime": "2024-01-19 01:04:04", "elapsed": 3143.21716, "delta": 0.003435}}
{"target": -13.758522992852136, "params": {"gamma": 708.6677546982222, "log10_alpha": -2.760955344647836, "log10_colsample_bytree": -0.8518552979659976, "log10_eta": -3.4740139543149913, "log10_lambda": -1.6555284114679156, "log10_min_child_weight": 1.8663084448784273, "log10_subsample": -0.1659116529650213, "max_depth": 9.0, "num_boost_round": 0.0}, "datetime": {"datetime": "2024-01-19 01:04:47", "elapsed": 3186.3774, "delta": 43.16024}}
{"target": -13.758522816614327, "params": {"gamma": 708.6677546982222, "log10_alpha": -2.760955344647836, "log10_colsample_bytree": -0.8518552979659976, "log10_eta": -3.4740139543149913, "log10_lambda": -1.6555284114679156, "log10_min_child_weight": 1.8663084448784273, "log10_subsample": -0.1659116529650213, "max_depth": 9.0, "num_boost_round": 1.0}, "datetime": {"datetime": "2024-01-19 01:04:47", "elapsed": 3186.381448, "delta": 0.004048}}
{"target": -13.758499917199138, "params": {"gamma": 708.6677546982222, "log10_alpha": -2.760955344647836, "log10_colsample_bytree": -0.8518552979659976, "log10_eta": -3.4740139543149913, "log10_lambda": -1.6555284114679156, "log10_min_child_weight": 1.8663084448784273, "log10_subsample": -0.1659116529650213, "max_depth": 9.0, "num_boost_round": 2.0}, "datetime": {"datetime": "2024-01-19 01:04:47", "elapsed": 3186.385218, "delta": 0.00377}}
{"target": -13.758490309260598, "params": {"gamma": 708.6677546982222, "log10_alpha": -2.760955344647836, "log10_colsample_bytree": -0.8518552979659976, "log10_eta": -3.4740139543149913, "log10_lambda": -1.6555284114679156, "log10_min_child_weight": 1.8663084448784273, "log10_subsample": -0.1659116529650213, "max_depth": 9.0, "num_boost_round": 3.0}, "datetime": {"datetime": "2024-01-19 01:04:47", "elapsed": 3186.389056, "delta": 0.003838}}
{"target": -13.758471045911227, "params": {"gamma": 708.6677546982222, "log10_alpha": -2.760955344647836, "log10_colsample_bytree": -0.8518552979659976, "log10_eta": -3.4740139543149913, "log10_lambda": -1.6555284114679156, "log10_min_child_weight": 1.8663084448784273, "log10_subsample": -0.1659116529650213, "max_depth": 9.0, "num_boost_round": 4.0}, "datetime": {"datetime": "2024-01-19 01:04:47", "elapsed": 3186.392489, "delta": 0.003433}}
{"target": -13.758470086420704, "params": {"gamma": 708.6677546982222, "log10_alpha": -2.760955344647836, "log10_colsample_bytree": -0.8518552979659976, "log10_eta": -3.4740139543149913, "log10_lambda": -1.6555284114679156, "log10_min_child_weight": 1.8663084448784273, "log10_subsample": -0.1659116529650213, "max_depth": 9.0, "num_boost_round": 5.0}, "datetime": {"datetime": "2024-01-19 01:04:47", "elapsed": 3186.39598, "delta": 0.003491}}
{"target": -13.758469132932875, "params": {"gamma": 708.6677546982222, "log10_alpha": -2.760955344647836, "log10_colsample_bytree": -0.8518552979659976, "log10_eta": -3.4740139543149913, "log10_lambda": -1.6555284114679156, "log10_min_child_weight": 1.8663084448784273, "log10_subsample": -0.1659116529650213, "max_depth": 9.0, "num_boost_round": 6.0}, "datetime": {"datetime": "2024-01-19 01:04:47", "elapsed": 3186.399337, "delta": 0.003357}}
{"target": -13.758445929463731, "params": {"gamma": 708.6677546982222, "log10_alpha": -2.760955344647836, "log10_colsample_bytree": -0.8518552979659976, "log10_eta": -3.4740139543149913, "log10_lambda": -1.6555284114679156, "log10_min_child_weight": 1.8663084448784273, "log10_subsample": -0.1659116529650213, "max_depth": 9.0, "num_boost_round": 7.0}, "datetime": {"datetime": "2024-01-19 01:04:47", "elapsed": 3186.402731, "delta": 0.003394}}
{"target": -13.758444433850874, "params": {"gamma": 708.6677546982222, "log10_alpha": -2.760955344647836, "log10_colsample_bytree": -0.8518552979659976, "log10_eta": -3.4740139543149913, "log10_lambda": -1.6555284114679156, "log10_min_child_weight": 1.8663084448784273, "log10_subsample": -0.1659116529650213, "max_depth": 9.0, "num_boost_round": 8.0}, "datetime": {"datetime": "2024-01-19 01:04:47", "elapsed": 3186.406147, "delta": 0.003416}}
{"target": -13.758441404249286, "params": {"gamma": 708.6677546982222, "log10_alpha": -2.760955344647836, "log10_colsample_bytree": -0.8518552979659976, "log10_eta": -3.4740139543149913, "log10_lambda": -1.6555284114679156, "log10_min_child_weight": 1.8663084448784273, "log10_subsample": -0.1659116529650213, "max_depth": 9.0, "num_boost_round": 9.0}, "datetime": {"datetime": "2024-01-19 01:04:47", "elapsed": 3186.409562, "delta": 0.003415}}
{"target": -13.758426352607605, "params": {"gamma": 708.6677546982222, "log10_alpha": -2.760955344647836, "log10_colsample_bytree": -0.8518552979659976, "log10_eta": -3.4740139543149913, "log10_lambda": -1.6555284114679156, "log10_min_child_weight": 1.8663084448784273, "log10_subsample": -0.1659116529650213, "max_depth": 9.0, "num_boost_round": 10.0}, "datetime": {"datetime": "2024-01-19 01:04:47", "elapsed": 3186.413037, "delta": 0.003475}}
{"target": -13.758430197863015, "params": {"gamma": 708.6677546982222, "log10_alpha": -2.760955344647836, "log10_colsample_bytree": -0.8518552979659976, "log10_eta": -3.4740139543149913, "log10_lambda": -1.6555284114679156, "log10_min_child_weight": 1.8663084448784273, "log10_subsample": -0.1659116529650213, "max_depth": 9.0, "num_boost_round": 11.0}, "datetime": {"datetime": "2024-01-19 01:04:47", "elapsed": 3186.416375, "delta": 0.003338}}
{"target": -13.758436019165753, "params": {"gamma": 708.6677546982222, "log10_alpha": -2.760955344647836, "log10_colsample_bytree": -0.8518552979659976, "log10_eta": -3.4740139543149913, "log10_lambda": -1.6555284114679156, "log10_min_child_weight": 1.8663084448784273, "log10_subsample": -0.1659116529650213, "max_depth": 9.0, "num_boost_round": 12.0}, "datetime": {"datetime": "2024-01-19 01:04:47", "elapsed": 3186.419728, "delta": 0.003353}}
{"target": -13.758426064950594, "params": {"gamma": 708.6677546982222, "log10_alpha": -2.760955344647836, "log10_colsample_bytree": -0.8518552979659976, "log10_eta": -3.4740139543149913, "log10_lambda": -1.6555284114679156, "log10_min_child_weight": 1.8663084448784273, "log10_subsample": -0.1659116529650213, "max_depth": 9.0, "num_boost_round": 13.0}, "datetime": {"datetime": "2024-01-19 01:04:47", "elapsed": 3186.42316, "delta": 0.003432}}
{"target": -13.758421711407372, "params": {"gamma": 708.6677546982222, "log10_alpha": -2.760955344647836, "log10_colsample_bytree": -0.8518552979659976, "log10_eta": -3.4740139543149913, "log10_lambda": -1.6555284114679156, "log10_min_child_weight": 1.8663084448784273, "log10_subsample": -0.1659116529650213, "max_depth": 9.0, "num_boost_round": 14.0}, "datetime": {"datetime": "2024-01-19 01:04:47", "elapsed": 3186.426553, "delta": 0.003393}}
{"target": -13.75841672839499, "params": {"gamma": 708.6677546982222, "log10_alpha": -2.760955344647836, "log10_colsample_bytree": -0.8518552979659976, "log10_eta": -3.4740139543149913, "log10_lambda": -1.6555284114679156, "log10_min_child_weight": 1.8663084448784273, "log10_subsample": -0.1659116529650213, "max_depth": 9.0, "num_boost_round": 15.0}, "datetime": {"datetime": "2024-01-19 01:04:47", "elapsed": 3186.42992, "delta": 0.003367}}
{"target": -13.758424108250738, "params": {"gamma": 708.6677546982222, "log10_alpha": -2.760955344647836, "log10_colsample_bytree": -0.8518552979659976, "log10_eta": -3.4740139543149913, "log10_lambda": -1.6555284114679156, "log10_min_child_weight": 1.8663084448784273, "log10_subsample": -0.1659116529650213, "max_depth": 9.0, "num_boost_round": 16.0}, "datetime": {"datetime": "2024-01-19 01:04:47", "elapsed": 3186.433531, "delta": 0.003611}}
{"target": -13.758385884975217, "params": {"gamma": 708.6677546982222, "log10_alpha": -2.760955344647836, "log10_colsample_bytree": -0.8518552979659976, "log10_eta": -3.4740139543149913, "log10_lambda": -1.6555284114679156, "log10_min_child_weight": 1.8663084448784273, "log10_subsample": -0.1659116529650213, "max_depth": 9.0, "num_boost_round": 17.0}, "datetime": {"datetime": "2024-01-19 01:04:47", "elapsed": 3186.437077, "delta": 0.003546}}
{"target": -13.758286647193042, "params": {"gamma": 705.004582487841, "log10_alpha": 0.2515194416379787, "log10_colsample_bytree": -0.5174171403463484, "log10_eta": -1.6533322155506625, "log10_lambda": -3.4186984093768964, "log10_min_child_weight": 1.2836832748300613, "log10_subsample": -0.1942957011954618, "max_depth": 9.0, "num_boost_round": 0.0}, "datetime": {"datetime": "2024-01-19 01:05:59", "elapsed": 3258.715431, "delta": 72.278354}}
{"target": -13.756634501005937, "params": {"gamma": 705.004582487841, "log10_alpha": 0.2515194416379787, "log10_colsample_bytree": -0.5174171403463484, "log10_eta": -1.6533322155506625, "log10_lambda": -3.4186984093768964, "log10_min_child_weight": 1.2836832748300613, "log10_subsample": -0.1942957011954618, "max_depth": 9.0, "num_boost_round": 1.0}, "datetime": {"datetime": "2024-01-19 01:05:59", "elapsed": 3258.719689, "delta": 0.004258}}
{"target": -13.755726346241454, "params": {"gamma": 705.004582487841, "log10_alpha": 0.2515194416379787, "log10_colsample_bytree": -0.5174171403463484, "log10_eta": -1.6533322155506625, "log10_lambda": -3.4186984093768964, "log10_min_child_weight": 1.2836832748300613, "log10_subsample": -0.1942957011954618, "max_depth": 9.0, "num_boost_round": 2.0}, "datetime": {"datetime": "2024-01-19 01:05:59", "elapsed": 3258.723523, "delta": 0.003834}}
{"target": -13.755651502323879, "params": {"gamma": 705.004582487841, "log10_alpha": 0.2515194416379787, "log10_colsample_bytree": -0.5174171403463484, "log10_eta": -1.6533322155506625, "log10_lambda": -3.4186984093768964, "log10_min_child_weight": 1.2836832748300613, "log10_subsample": -0.1942957011954618, "max_depth": 9.0, "num_boost_round": 3.0}, "datetime": {"datetime": "2024-01-19 01:05:59", "elapsed": 3258.726935, "delta": 0.003412}}
{"target": -13.754907418187962, "params": {"gamma": 705.004582487841, "log10_alpha": 0.2515194416379787, "log10_colsample_bytree": -0.5174171403463484, "log10_eta": -1.6533322155506625, "log10_lambda": -3.4186984093768964, "log10_min_child_weight": 1.2836832748300613, "log10_subsample": -0.1942957011954618, "max_depth": 9.0, "num_boost_round": 4.0}, "datetime": {"datetime": "2024-01-19 01:05:59", "elapsed": 3258.730388, "delta": 0.003453}}
{"target": -13.755207757046445, "params": {"gamma": 705.004582487841, "log10_alpha": 0.2515194416379787, "log10_colsample_bytree": -0.5174171403463484, "log10_eta": -1.6533322155506625, "log10_lambda": -3.4186984093768964, "log10_min_child_weight": 1.2836832748300613, "log10_subsample": -0.1942957011954618, "max_depth": 9.0, "num_boost_round": 5.0}, "datetime": {"datetime": "2024-01-19 01:05:59", "elapsed": 3258.734024, "delta": 0.003636}}
{"target": -13.754858887704682, "params": {"gamma": 705.004582487841, "log10_alpha": 0.2515194416379787, "log10_colsample_bytree": -0.5174171403463484, "log10_eta": -1.6533322155506625, "log10_lambda": -3.4186984093768964, "log10_min_child_weight": 1.2836832748300613, "log10_subsample": -0.1942957011954618, "max_depth": 9.0, "num_boost_round": 6.0}, "datetime": {"datetime": "2024-01-19 01:05:59", "elapsed": 3258.7375, "delta": 0.003476}}
{"target": -13.754805222387445, "params": {"gamma": 705.004582487841, "log10_alpha": 0.2515194416379787, "log10_colsample_bytree": -0.5174171403463484, "log10_eta": -1.6533322155506625, "log10_lambda": -3.4186984093768964, "log10_min_child_weight": 1.2836832748300613, "log10_subsample": -0.1942957011954618, "max_depth": 9.0, "num_boost_round": 7.0}, "datetime": {"datetime": "2024-01-19 01:05:59", "elapsed": 3258.74104, "delta": 0.00354}}
{"target": -13.753978346460848, "params": {"gamma": 705.004582487841, "log10_alpha": 0.2515194416379787, "log10_colsample_bytree": -0.5174171403463484, "log10_eta": -1.6533322155506625, "log10_lambda": -3.4186984093768964, "log10_min_child_weight": 1.2836832748300613, "log10_subsample": -0.1942957011954618, "max_depth": 9.0, "num_boost_round": 8.0}, "datetime": {"datetime": "2024-01-19 01:05:59", "elapsed": 3258.744527, "delta": 0.003487}}
{"target": -13.753726707964594, "params": {"gamma": 705.004582487841, "log10_alpha": 0.2515194416379787, "log10_colsample_bytree": -0.5174171403463484, "log10_eta": -1.6533322155506625, "log10_lambda": -3.4186984093768964, "log10_min_child_weight": 1.2836832748300613, "log10_subsample": -0.1942957011954618, "max_depth": 9.0, "num_boost_round": 9.0}, "datetime": {"datetime": "2024-01-19 01:05:59", "elapsed": 3258.747992, "delta": 0.003465}}
{"target": -13.753489643350443, "params": {"gamma": 705.004582487841, "log10_alpha": 0.2515194416379787, "log10_colsample_bytree": -0.5174171403463484, "log10_eta": -1.6533322155506625, "log10_lambda": -3.4186984093768964, "log10_min_child_weight": 1.2836832748300613, "log10_subsample": -0.1942957011954618, "max_depth": 9.0, "num_boost_round": 10.0}, "datetime": {"datetime": "2024-01-19 01:05:59", "elapsed": 3258.751394, "delta": 0.003402}}
{"target": -13.754101135822765, "params": {"gamma": 705.004582487841, "log10_alpha": 0.2515194416379787, "log10_colsample_bytree": -0.5174171403463484, "log10_eta": -1.6533322155506625, "log10_lambda": -3.4186984093768964, "log10_min_child_weight": 1.2836832748300613, "log10_subsample": -0.1942957011954618, "max_depth": 9.0, "num_boost_round": 11.0}, "datetime": {"datetime": "2024-01-19 01:05:59", "elapsed": 3258.75488, "delta": 0.003486}}
{"target": -13.755753320498723, "params": {"gamma": 705.004582487841, "log10_alpha": 0.2515194416379787, "log10_colsample_bytree": -0.5174171403463484, "log10_eta": -1.6533322155506625, "log10_lambda": -3.4186984093768964, "log10_min_child_weight": 1.2836832748300613, "log10_subsample": -0.1942957011954618, "max_depth": 9.0, "num_boost_round": 12.0}, "datetime": {"datetime": "2024-01-19 01:05:59", "elapsed": 3258.75829, "delta": 0.00341}}
{"target": -13.755633467600083, "params": {"gamma": 705.004582487841, "log10_alpha": 0.2515194416379787, "log10_colsample_bytree": -0.5174171403463484, "log10_eta": -1.6533322155506625, "log10_lambda": -3.4186984093768964, "log10_min_child_weight": 1.2836832748300613, "log10_subsample": -0.1942957011954618, "max_depth": 9.0, "num_boost_round": 13.0}, "datetime": {"datetime": "2024-01-19 01:05:59", "elapsed": 3258.761719, "delta": 0.003429}}
{"target": -13.756441091262516, "params": {"gamma": 705.004582487841, "log10_alpha": 0.2515194416379787, "log10_colsample_bytree": -0.5174171403463484, "log10_eta": -1.6533322155506625, "log10_lambda": -3.4186984093768964, "log10_min_child_weight": 1.2836832748300613, "log10_subsample": -0.1942957011954618, "max_depth": 9.0, "num_boost_round": 14.0}, "datetime": {"datetime": "2024-01-19 01:05:59", "elapsed": 3258.76513, "delta": 0.003411}}
{"target": -13.757661564145778, "params": {"gamma": 705.004582487841, "log10_alpha": 0.2515194416379787, "log10_colsample_bytree": -0.5174171403463484, "log10_eta": -1.6533322155506625, "log10_lambda": -3.4186984093768964, "log10_min_child_weight": 1.2836832748300613, "log10_subsample": -0.1942957011954618, "max_depth": 9.0, "num_boost_round": 15.0}, "datetime": {"datetime": "2024-01-19 01:05:59", "elapsed": 3258.768629, "delta": 0.003499}}
{"target": -13.758220441256494, "params": {"gamma": 705.004582487841, "log10_alpha": 0.2515194416379787, "log10_colsample_bytree": -0.5174171403463484, "log10_eta": -1.6533322155506625, "log10_lambda": -3.4186984093768964, "log10_min_child_weight": 1.2836832748300613, "log10_subsample": -0.1942957011954618, "max_depth": 9.0, "num_boost_round": 16.0}, "datetime": {"datetime": "2024-01-19 01:05:59", "elapsed": 3258.772172, "delta": 0.003543}}
{"target": -13.759114004540605, "params": {"gamma": 705.004582487841, "log10_alpha": 0.2515194416379787, "log10_colsample_bytree": -0.5174171403463484, "log10_eta": -1.6533322155506625, "log10_lambda": -3.4186984093768964, "log10_min_child_weight": 1.2836832748300613, "log10_subsample": -0.1942957011954618, "max_depth": 9.0, "num_boost_round": 17.0}, "datetime": {"datetime": "2024-01-19 01:05:59", "elapsed": 3258.77565, "delta": 0.003478}}
{"target": -13.760238116105887, "params": {"gamma": 705.004582487841, "log10_alpha": 0.2515194416379787, "log10_colsample_bytree": -0.5174171403463484, "log10_eta": -1.6533322155506625, "log10_lambda": -3.4186984093768964, "log10_min_child_weight": 1.2836832748300613, "log10_subsample": -0.1942957011954618, "max_depth": 9.0, "num_boost_round": 18.0}, "datetime": {"datetime": "2024-01-19 01:05:59", "elapsed": 3258.779195, "delta": 0.003545}}
{"target": -13.759889563285867, "params": {"gamma": 705.004582487841, "log10_alpha": 0.2515194416379787, "log10_colsample_bytree": -0.5174171403463484, "log10_eta": -1.6533322155506625, "log10_lambda": -3.4186984093768964, "log10_min_child_weight": 1.2836832748300613, "log10_subsample": -0.1942957011954618, "max_depth": 9.0, "num_boost_round": 19.0}, "datetime": {"datetime": "2024-01-19 01:05:59", "elapsed": 3258.902096, "delta": 0.122901}}
{"target": -13.759320329460783, "params": {"gamma": 705.004582487841, "log10_alpha": 0.2515194416379787, "log10_colsample_bytree": -0.5174171403463484, "log10_eta": -1.6533322155506625, "log10_lambda": -3.4186984093768964, "log10_min_child_weight": 1.2836832748300613, "log10_subsample": -0.1942957011954618, "max_depth": 9.0, "num_boost_round": 20.0}, "datetime": {"datetime": "2024-01-19 01:05:59", "elapsed": 3258.906306, "delta": 0.00421}}
{"target": -13.760646679312975, "params": {"gamma": 705.004582487841, "log10_alpha": 0.2515194416379787, "log10_colsample_bytree": -0.5174171403463484, "log10_eta": -1.6533322155506625, "log10_lambda": -3.4186984093768964, "log10_min_child_weight": 1.2836832748300613, "log10_subsample": -0.1942957011954618, "max_depth": 9.0, "num_boost_round": 21.0}, "datetime": {"datetime": "2024-01-19 01:05:59", "elapsed": 3258.910311, "delta": 0.004005}}
{"target": -13.761700418375721, "params": {"gamma": 705.004582487841, "log10_alpha": 0.2515194416379787, "log10_colsample_bytree": -0.5174171403463484, "log10_eta": -1.6533322155506625, "log10_lambda": -3.4186984093768964, "log10_min_child_weight": 1.2836832748300613, "log10_subsample": -0.1942957011954618, "max_depth": 9.0, "num_boost_round": 22.0}, "datetime": {"datetime": "2024-01-19 01:05:59", "elapsed": 3258.913999, "delta": 0.003688}}
{"target": -13.762970240333264, "params": {"gamma": 705.004582487841, "log10_alpha": 0.2515194416379787, "log10_colsample_bytree": -0.5174171403463484, "log10_eta": -1.6533322155506625, "log10_lambda": -3.4186984093768964, "log10_min_child_weight": 1.2836832748300613, "log10_subsample": -0.1942957011954618, "max_depth": 9.0, "num_boost_round": 23.0}, "datetime": {"datetime": "2024-01-19 01:05:59", "elapsed": 3258.917663, "delta": 0.003664}}
{"target": -13.764283466208571, "params": {"gamma": 705.004582487841, "log10_alpha": 0.2515194416379787, "log10_colsample_bytree": -0.5174171403463484, "log10_eta": -1.6533322155506625, "log10_lambda": -3.4186984093768964, "log10_min_child_weight": 1.2836832748300613, "log10_subsample": -0.1942957011954618, "max_depth": 9.0, "num_boost_round": 24.0}, "datetime": {"datetime": "2024-01-19 01:05:59", "elapsed": 3258.921276, "delta": 0.003613}}
{"target": -13.765492792620607, "params": {"gamma": 705.004582487841, "log10_alpha": 0.2515194416379787, "log10_colsample_bytree": -0.5174171403463484, "log10_eta": -1.6533322155506625, "log10_lambda": -3.4186984093768964, "log10_min_child_weight": 1.2836832748300613, "log10_subsample": -0.1942957011954618, "max_depth": 9.0, "num_boost_round": 25.0}, "datetime": {"datetime": "2024-01-19 01:05:59", "elapsed": 3258.924895, "delta": 0.003619}}
{"target": -13.76765928048769, "params": {"gamma": 705.004582487841, "log10_alpha": 0.2515194416379787, "log10_colsample_bytree": -0.5174171403463484, "log10_eta": -1.6533322155506625, "log10_lambda": -3.4186984093768964, "log10_min_child_weight": 1.2836832748300613, "log10_subsample": -0.1942957011954618, "max_depth": 9.0, "num_boost_round": 26.0}, "datetime": {"datetime": "2024-01-19 01:05:59", "elapsed": 3258.928484, "delta": 0.003589}}
{"target": -13.768537644442752, "params": {"gamma": 705.004582487841, "log10_alpha": 0.2515194416379787, "log10_colsample_bytree": -0.5174171403463484, "log10_eta": -1.6533322155506625, "log10_lambda": -3.4186984093768964, "log10_min_child_weight": 1.2836832748300613, "log10_subsample": -0.1942957011954618, "max_depth": 9.0, "num_boost_round": 27.0}, "datetime": {"datetime": "2024-01-19 01:05:59", "elapsed": 3258.932034, "delta": 0.00355}}
{"target": -13.7689308662288, "params": {"gamma": 705.004582487841, "log10_alpha": 0.2515194416379787, "log10_colsample_bytree": -0.5174171403463484, "log10_eta": -1.6533322155506625, "log10_lambda": -3.4186984093768964, "log10_min_child_weight": 1.2836832748300613, "log10_subsample": -0.1942957011954618, "max_depth": 9.0, "num_boost_round": 28.0}, "datetime": {"datetime": "2024-01-19 01:05:59", "elapsed": 3258.93559, "delta": 0.003556}}
{"target": -13.769698471325983, "params": {"gamma": 705.004582487841, "log10_alpha": 0.2515194416379787, "log10_colsample_bytree": -0.5174171403463484, "log10_eta": -1.6533322155506625, "log10_lambda": -3.4186984093768964, "log10_min_child_weight": 1.2836832748300613, "log10_subsample": -0.1942957011954618, "max_depth": 9.0, "num_boost_round": 29.0}, "datetime": {"datetime": "2024-01-19 01:05:59", "elapsed": 3258.939185, "delta": 0.003595}}
