{"target": -17.677077687989488, "params": {"gamma": 45.83638580477578, "log10_alpha": -3.647360877891204, "log10_colsample_bytree": -0.3092330049831358, "log10_eta": -3.066473171234201, "log10_lambda": -3.947807253690636, "log10_min_child_weight": 3.1673227966447564, "log10_subsample": -0.23313837068980736, "max_depth": 6.0, "num_boost_round": 4.0}, "datetime": {"datetime": "2024-01-19 01:26:06", "elapsed": 4519.892642, "delta": 0.004262}}
{"target": -17.677078414253035, "params": {"gamma": 45.83638580477578, "log10_alpha": -3.647360877891204, "log10_colsample_bytree": -0.3092330049831358, "log10_eta": -3.066473171234201, "log10_lambda": -3.947807253690636, "log10_min_child_weight": 3.1673227966447564, "log10_subsample": -0.23313837068980736, "max_depth": 6.0, "num_boost_round": 5.0}, "datetime": {"datetime": "2024-01-19 01:26:06", "elapsed": 4519.896709, "delta": 0.004067}}
{"target": -17.67707633648362, "params": {"gamma": 45.83638580477578, "log10_alpha": -3.647360877891204, "log10_colsample_bytree": -0.3092330049831358, "log10_eta": -3.066473171234201, "log10_lambda": -3.947807253690636, "log10_min_child_weight": 3.1673227966447564, "log10_subsample": -0.23313837068980736, "max_depth": 6.0, "num_boost_round": 6.0}, "datetime": {"datetime": "2024-01-19 01:26:06", "elapsed": 4519.900413, "delta": 0.003704}}
{"target": -17.67705802706579, "params": {"gamma": 45.83638580477578, "log10_alpha": -3.647360877891204, "log10_colsample_bytree": -0.3092330049831358, "log10_eta": -3.066473171234201, "log10_lambda": -3.947807253690636, "log10_min_child_weight": 3.1673227966447564, "log10_subsample": -0.23313837068980736, "max_depth": 6.0, "num_boost_round": 7.0}, "datetime": {"datetime": "2024-01-19 01:26:06", "elapsed": 4519.904152, "delta": 0.003739}}
{"target": -17.677024539494425, "params": {"gamma": 45.83638580477578, "log10_alpha": -3.647360877891204, "log10_colsample_bytree": -0.3092330049831358, "log10_eta": -3.066473171234201, "log10_lambda": -3.947807253690636, "log10_min_child_weight": 3.1673227966447564, "log10_subsample": -0.23313837068980736, "max_depth": 6.0, "num_boost_round": 8.0}, "datetime": {"datetime": "2024-01-19 01:26:06", "elapsed": 4519.90842, "delta": 0.004268}}
{"target": -17.67700640223752, "params": {"gamma": 45.83638580477578, "log10_alpha": -3.647360877891204, "log10_colsample_bytree": -0.3092330049831358, "log10_eta": -3.066473171234201, "log10_lambda": -3.947807253690636, "log10_min_child_weight": 3.1673227966447564, "log10_subsample": -0.23313837068980736, "max_depth": 6.0, "num_boost_round": 9.0}, "datetime": {"datetime": "2024-01-19 01:26:06", "elapsed": 4519.912394, "delta": 0.003974}}
{"target": -17.676988806908234, "params": {"gamma": 45.83638580477578, "log10_alpha": -3.647360877891204, "log10_colsample_bytree": -0.3092330049831358, "log10_eta": -3.066473171234201, "log10_lambda": -3.947807253690636, "log10_min_child_weight": 3.1673227966447564, "log10_subsample": -0.23313837068980736, "max_depth": 6.0, "num_boost_round": 10.0}, "datetime": {"datetime": "2024-01-19 01:26:06", "elapsed": 4519.916443, "delta": 0.004049}}
{"target": -17.67695067090579, "params": {"gamma": 45.83638580477578, "log10_alpha": -3.647360877891204, "log10_colsample_bytree": -0.3092330049831358, "log10_eta": -3.066473171234201, "log10_lambda": -3.947807253690636, "log10_min_child_weight": 3.1673227966447564, "log10_subsample": -0.23313837068980736, "max_depth": 6.0, "num_boost_round": 11.0}, "datetime": {"datetime": "2024-01-19 01:26:06", "elapsed": 4519.920399, "delta": 0.003956}}
{"target": -17.67694926985114, "params": {"gamma": 45.83638580477578, "log10_alpha": -3.647360877891204, "log10_colsample_bytree": -0.3092330049831358, "log10_eta": -3.066473171234201, "log10_lambda": -3.947807253690636, "log10_min_child_weight": 3.1673227966447564, "log10_subsample": -0.23313837068980736, "max_depth": 6.0, "num_boost_round": 12.0}, "datetime": {"datetime": "2024-01-19 01:26:06", "elapsed": 4519.924465, "delta": 0.004066}}
{"target": -17.676905962672954, "params": {"gamma": 45.83638580477578, "log10_alpha": -3.647360877891204, "log10_colsample_bytree": -0.3092330049831358, "log10_eta": -3.066473171234201, "log10_lambda": -3.947807253690636, "log10_min_child_weight": 3.1673227966447564, "log10_subsample": -0.23313837068980736, "max_depth": 6.0, "num_boost_round": 13.0}, "datetime": {"datetime": "2024-01-19 01:26:06", "elapsed": 4519.928267, "delta": 0.003802}}
{"target": -17.67689098280502, "params": {"gamma": 45.83638580477578, "log10_alpha": -3.647360877891204, "log10_colsample_bytree": -0.3092330049831358, "log10_eta": -3.066473171234201, "log10_lambda": -3.947807253690636, "log10_min_child_weight": 3.1673227966447564, "log10_subsample": -0.23313837068980736, "max_depth": 6.0, "num_boost_round": 14.0}, "datetime": {"datetime": "2024-01-19 01:26:06", "elapsed": 4519.932361, "delta": 0.004094}}
{"target": -17.676857302706512, "params": {"gamma": 45.83638580477578, "log10_alpha": -3.647360877891204, "log10_colsample_bytree": -0.3092330049831358, "log10_eta": -3.066473171234201, "log10_lambda": -3.947807253690636, "log10_min_child_weight": 3.1673227966447564, "log10_subsample": -0.23313837068980736, "max_depth": 6.0, "num_boost_round": 15.0}, "datetime": {"datetime": "2024-01-19 01:26:06", "elapsed": 4519.936206, "delta": 0.003845}}
{"target": -17.674647975327574, "params": {"gamma": 42.895959466082154, "log10_alpha": -4.938171124161205, "log10_colsample_bytree": -0.8058709937086226, "log10_eta": -1.1488773933752818, "log10_lambda": -4.777101471931253, "log10_min_child_weight": 0.5719626610973283, "log10_subsample": -0.3590416257475515, "max_depth": 7.0, "num_boost_round": 0.0}, "datetime": {"datetime": "2024-01-19 01:27:14", "elapsed": 4587.85849, "delta": 67.922284}}
{"target": -17.67157012231641, "params": {"gamma": 42.895959466082154, "log10_alpha": -4.938171124161205, "log10_colsample_bytree": -0.8058709937086226, "log10_eta": -1.1488773933752818, "log10_lambda": -4.777101471931253, "log10_min_child_weight": 0.5719626610973283, "log10_subsample": -0.3590416257475515, "max_depth": 7.0, "num_boost_round": 1.0}, "datetime": {"datetime": "2024-01-19 01:27:14", "elapsed": 4587.86312, "delta": 0.00463}}
{"target": -17.668642080172805, "params": {"gamma": 42.895959466082154, "log10_alpha": -4.938171124161205, "log10_colsample_bytree": -0.8058709937086226, "log10_eta": -1.1488773933752818, "log10_lambda": -4.777101471931253, "log10_min_child_weight": 0.5719626610973283, "log10_subsample": -0.3590416257475515, "max_depth": 7.0, "num_boost_round": 2.0}, "datetime": {"datetime": "2024-01-19 01:27:14", "elapsed": 4587.867146, "delta": 0.004026}}
{"target": -17.670214792245147, "params": {"gamma": 42.895959466082154, "log10_alpha": -4.938171124161205, "log10_colsample_bytree": -0.8058709937086226, "log10_eta": -1.1488773933752818, "log10_lambda": -4.777101471931253, "log10_min_child_weight": 0.5719626610973283, "log10_subsample": -0.3590416257475515, "max_depth": 7.0, "num_boost_round": 3.0}, "datetime": {"datetime": "2024-01-19 01:27:14", "elapsed": 4587.870989, "delta": 0.003843}}
{"target": -17.670899529084277, "params": {"gamma": 42.895959466082154, "log10_alpha": -4.938171124161205, "log10_colsample_bytree": -0.8058709937086226, "log10_eta": -1.1488773933752818, "log10_lambda": -4.777101471931253, "log10_min_child_weight": 0.5719626610973283, "log10_subsample": -0.3590416257475515, "max_depth": 7.0, "num_boost_round": 4.0}, "datetime": {"datetime": "2024-01-19 01:27:14", "elapsed": 4587.874911, "delta": 0.003922}}
{"target": -17.67133169315695, "params": {"gamma": 42.895959466082154, "log10_alpha": -4.938171124161205, "log10_colsample_bytree": -0.8058709937086226, "log10_eta": -1.1488773933752818, "log10_lambda": -4.777101471931253, "log10_min_child_weight": 0.5719626610973283, "log10_subsample": -0.3590416257475515, "max_depth": 7.0, "num_boost_round": 5.0}, "datetime": {"datetime": "2024-01-19 01:27:14", "elapsed": 4587.878791, "delta": 0.00388}}
{"target": -17.67095643019606, "params": {"gamma": 42.895959466082154, "log10_alpha": -4.938171124161205, "log10_colsample_bytree": -0.8058709937086226, "log10_eta": -1.1488773933752818, "log10_lambda": -4.777101471931253, "log10_min_child_weight": 0.5719626610973283, "log10_subsample": -0.3590416257475515, "max_depth": 7.0, "num_boost_round": 6.0}, "datetime": {"datetime": "2024-01-19 01:27:14", "elapsed": 4587.882573, "delta": 0.003782}}
{"target": -17.67626394617358, "params": {"gamma": 42.895959466082154, "log10_alpha": -4.938171124161205, "log10_colsample_bytree": -0.8058709937086226, "log10_eta": -1.1488773933752818, "log10_lambda": -4.777101471931253, "log10_min_child_weight": 0.5719626610973283, "log10_subsample": -0.3590416257475515, "max_depth": 7.0, "num_boost_round": 7.0}, "datetime": {"datetime": "2024-01-19 01:27:14", "elapsed": 4587.88645, "delta": 0.003877}}
{"target": -17.68042426827022, "params": {"gamma": 42.895959466082154, "log10_alpha": -4.938171124161205, "log10_colsample_bytree": -0.8058709937086226, "log10_eta": -1.1488773933752818, "log10_lambda": -4.777101471931253, "log10_min_child_weight": 0.5719626610973283, "log10_subsample": -0.3590416257475515, "max_depth": 7.0, "num_boost_round": 8.0}, "datetime": {"datetime": "2024-01-19 01:27:14", "elapsed": 4587.890406, "delta": 0.003956}}
{"target": -17.68073882465663, "params": {"gamma": 42.895959466082154, "log10_alpha": -4.938171124161205, "log10_colsample_bytree": -0.8058709937086226, "log10_eta": -1.1488773933752818, "log10_lambda": -4.777101471931253, "log10_min_child_weight": 0.5719626610973283, "log10_subsample": -0.3590416257475515, "max_depth": 7.0, "num_boost_round": 9.0}, "datetime": {"datetime": "2024-01-19 01:27:14", "elapsed": 4587.894356, "delta": 0.00395}}
{"target": -17.682334874635604, "params": {"gamma": 42.895959466082154, "log10_alpha": -4.938171124161205, "log10_colsample_bytree": -0.8058709937086226, "log10_eta": -1.1488773933752818, "log10_lambda": -4.777101471931253, "log10_min_child_weight": 0.5719626610973283, "log10_subsample": -0.3590416257475515, "max_depth": 7.0, "num_boost_round": 10.0}, "datetime": {"datetime": "2024-01-19 01:27:14", "elapsed": 4587.898049, "delta": 0.003693}}
{"target": -17.683100537783726, "params": {"gamma": 42.895959466082154, "log10_alpha": -4.938171124161205, "log10_colsample_bytree": -0.8058709937086226, "log10_eta": -1.1488773933752818, "log10_lambda": -4.777101471931253, "log10_min_child_weight": 0.5719626610973283, "log10_subsample": -0.3590416257475515, "max_depth": 7.0, "num_boost_round": 11.0}, "datetime": {"datetime": "2024-01-19 01:27:14", "elapsed": 4587.901903, "delta": 0.003854}}
{"target": -17.684682392469497, "params": {"gamma": 42.895959466082154, "log10_alpha": -4.938171124161205, "log10_colsample_bytree": -0.8058709937086226, "log10_eta": -1.1488773933752818, "log10_lambda": -4.777101471931253, "log10_min_child_weight": 0.5719626610973283, "log10_subsample": -0.3590416257475515, "max_depth": 7.0, "num_boost_round": 12.0}, "datetime": {"datetime": "2024-01-19 01:27:14", "elapsed": 4587.905802, "delta": 0.003899}}
{"target": -17.683202972373813, "params": {"gamma": 42.895959466082154, "log10_alpha": -4.938171124161205, "log10_colsample_bytree": -0.8058709937086226, "log10_eta": -1.1488773933752818, "log10_lambda": -4.777101471931253, "log10_min_child_weight": 0.5719626610973283, "log10_subsample": -0.3590416257475515, "max_depth": 7.0, "num_boost_round": 13.0}, "datetime": {"datetime": "2024-01-19 01:27:14", "elapsed": 4587.909463, "delta": 0.003661}}
{"target": -17.688546332547556, "params": {"gamma": 42.895959466082154, "log10_alpha": -4.938171124161205, "log10_colsample_bytree": -0.8058709937086226, "log10_eta": -1.1488773933752818, "log10_lambda": -4.777101471931253, "log10_min_child_weight": 0.5719626610973283, "log10_subsample": -0.3590416257475515, "max_depth": 7.0, "num_boost_round": 14.0}, "datetime": {"datetime": "2024-01-19 01:27:14", "elapsed": 4587.913465, "delta": 0.004002}}
{"target": -17.68748414671157, "params": {"gamma": 42.895959466082154, "log10_alpha": -4.938171124161205, "log10_colsample_bytree": -0.8058709937086226, "log10_eta": -1.1488773933752818, "log10_lambda": -4.777101471931253, "log10_min_child_weight": 0.5719626610973283, "log10_subsample": -0.3590416257475515, "max_depth": 7.0, "num_boost_round": 15.0}, "datetime": {"datetime": "2024-01-19 01:27:14", "elapsed": 4587.917323, "delta": 0.003858}}
{"target": -17.68964842706439, "params": {"gamma": 42.895959466082154, "log10_alpha": -4.938171124161205, "log10_colsample_bytree": -0.8058709937086226, "log10_eta": -1.1488773933752818, "log10_lambda": -4.777101471931253, "log10_min_child_weight": 0.5719626610973283, "log10_subsample": -0.3590416257475515, "max_depth": 7.0, "num_boost_round": 16.0}, "datetime": {"datetime": "2024-01-19 01:27:14", "elapsed": 4587.921236, "delta": 0.003913}}
{"target": -17.692047363799805, "params": {"gamma": 42.895959466082154, "log10_alpha": -4.938171124161205, "log10_colsample_bytree": -0.8058709937086226, "log10_eta": -1.1488773933752818, "log10_lambda": -4.777101471931253, "log10_min_child_weight": 0.5719626610973283, "log10_subsample": -0.3590416257475515, "max_depth": 7.0, "num_boost_round": 17.0}, "datetime": {"datetime": "2024-01-19 01:27:14", "elapsed": 4587.92518, "delta": 0.003944}}
{"target": -17.694512907778577, "params": {"gamma": 42.895959466082154, "log10_alpha": -4.938171124161205, "log10_colsample_bytree": -0.8058709937086226, "log10_eta": -1.1488773933752818, "log10_lambda": -4.777101471931253, "log10_min_child_weight": 0.5719626610973283, "log10_subsample": -0.3590416257475515, "max_depth": 7.0, "num_boost_round": 18.0}, "datetime": {"datetime": "2024-01-19 01:27:14", "elapsed": 4588.035747, "delta": 0.110567}}
{"target": -17.695467998506167, "params": {"gamma": 42.895959466082154, "log10_alpha": -4.938171124161205, "log10_colsample_bytree": -0.8058709937086226, "log10_eta": -1.1488773933752818, "log10_lambda": -4.777101471931253, "log10_min_child_weight": 0.5719626610973283, "log10_subsample": -0.3590416257475515, "max_depth": 7.0, "num_boost_round": 19.0}, "datetime": {"datetime": "2024-01-19 01:27:14", "elapsed": 4588.040239, "delta": 0.004492}}
{"target": -17.697916854004834, "params": {"gamma": 42.895959466082154, "log10_alpha": -4.938171124161205, "log10_colsample_bytree": -0.8058709937086226, "log10_eta": -1.1488773933752818, "log10_lambda": -4.777101471931253, "log10_min_child_weight": 0.5719626610973283, "log10_subsample": -0.3590416257475515, "max_depth": 7.0, "num_boost_round": 20.0}, "datetime": {"datetime": "2024-01-19 01:27:14", "elapsed": 4588.044283, "delta": 0.004044}}
{"target": -17.703112164819327, "params": {"gamma": 42.895959466082154, "log10_alpha": -4.938171124161205, "log10_colsample_bytree": -0.8058709937086226, "log10_eta": -1.1488773933752818, "log10_lambda": -4.777101471931253, "log10_min_child_weight": 0.5719626610973283, "log10_subsample": -0.3590416257475515, "max_depth": 7.0, "num_boost_round": 21.0}, "datetime": {"datetime": "2024-01-19 01:27:14", "elapsed": 4588.048304, "delta": 0.004021}}
{"target": -17.705834422620637, "params": {"gamma": 42.895959466082154, "log10_alpha": -4.938171124161205, "log10_colsample_bytree": -0.8058709937086226, "log10_eta": -1.1488773933752818, "log10_lambda": -4.777101471931253, "log10_min_child_weight": 0.5719626610973283, "log10_subsample": -0.3590416257475515, "max_depth": 7.0, "num_boost_round": 22.0}, "datetime": {"datetime": "2024-01-19 01:27:14", "elapsed": 4588.052136, "delta": 0.003832}}
{"target": -17.7158626209858, "params": {"gamma": 42.895959466082154, "log10_alpha": -4.938171124161205, "log10_colsample_bytree": -0.8058709937086226, "log10_eta": -1.1488773933752818, "log10_lambda": -4.777101471931253, "log10_min_child_weight": 0.5719626610973283, "log10_subsample": -0.3590416257475515, "max_depth": 7.0, "num_boost_round": 23.0}, "datetime": {"datetime": "2024-01-19 01:27:14", "elapsed": 4588.056017, "delta": 0.003881}}
{"target": -17.722716455162477, "params": {"gamma": 42.895959466082154, "log10_alpha": -4.938171124161205, "log10_colsample_bytree": -0.8058709937086226, "log10_eta": -1.1488773933752818, "log10_lambda": -4.777101471931253, "log10_min_child_weight": 0.5719626610973283, "log10_subsample": -0.3590416257475515, "max_depth": 7.0, "num_boost_round": 24.0}, "datetime": {"datetime": "2024-01-19 01:27:14", "elapsed": 4588.059842, "delta": 0.003825}}
{"target": -17.73400366361646, "params": {"gamma": 42.895959466082154, "log10_alpha": -4.938171124161205, "log10_colsample_bytree": -0.8058709937086226, "log10_eta": -1.1488773933752818, "log10_lambda": -4.777101471931253, "log10_min_child_weight": 0.5719626610973283, "log10_subsample": -0.3590416257475515, "max_depth": 7.0, "num_boost_round": 25.0}, "datetime": {"datetime": "2024-01-19 01:27:14", "elapsed": 4588.063756, "delta": 0.003914}}
{"target": -17.738384435413, "params": {"gamma": 42.895959466082154, "log10_alpha": -4.938171124161205, "log10_colsample_bytree": -0.8058709937086226, "log10_eta": -1.1488773933752818, "log10_lambda": -4.777101471931253, "log10_min_child_weight": 0.5719626610973283, "log10_subsample": -0.3590416257475515, "max_depth": 7.0, "num_boost_round": 26.0}, "datetime": {"datetime": "2024-01-19 01:27:14", "elapsed": 4588.067603, "delta": 0.003847}}
{"target": -17.74067978552137, "params": {"gamma": 42.895959466082154, "log10_alpha": -4.938171124161205, "log10_colsample_bytree": -0.8058709937086226, "log10_eta": -1.1488773933752818, "log10_lambda": -4.777101471931253, "log10_min_child_weight": 0.5719626610973283, "log10_subsample": -0.3590416257475515, "max_depth": 7.0, "num_boost_round": 27.0}, "datetime": {"datetime": "2024-01-19 01:27:14", "elapsed": 4588.0715, "delta": 0.003897}}
{"target": -17.74368901545412, "params": {"gamma": 42.895959466082154, "log10_alpha": -4.938171124161205, "log10_colsample_bytree": -0.8058709937086226, "log10_eta": -1.1488773933752818, "log10_lambda": -4.777101471931253, "log10_min_child_weight": 0.5719626610973283, "log10_subsample": -0.3590416257475515, "max_depth": 7.0, "num_boost_round": 28.0}, "datetime": {"datetime": "2024-01-19 01:27:14", "elapsed": 4588.075361, "delta": 0.003861}}
{"target": -17.744846141613504, "params": {"gamma": 42.895959466082154, "log10_alpha": -4.938171124161205, "log10_colsample_bytree": -0.8058709937086226, "log10_eta": -1.1488773933752818, "log10_lambda": -4.777101471931253, "log10_min_child_weight": 0.5719626610973283, "log10_subsample": -0.3590416257475515, "max_depth": 7.0, "num_boost_round": 29.0}, "datetime": {"datetime": "2024-01-19 01:27:14", "elapsed": 4588.079213, "delta": 0.003852}}
{"target": -17.74540732123054, "params": {"gamma": 42.895959466082154, "log10_alpha": -4.938171124161205, "log10_colsample_bytree": -0.8058709937086226, "log10_eta": -1.1488773933752818, "log10_lambda": -4.777101471931253, "log10_min_child_weight": 0.5719626610973283, "log10_subsample": -0.3590416257475515, "max_depth": 7.0, "num_boost_round": 30.0}, "datetime": {"datetime": "2024-01-19 01:27:14", "elapsed": 4588.083212, "delta": 0.003999}}
{"target": -17.746836369439684, "params": {"gamma": 42.895959466082154, "log10_alpha": -4.938171124161205, "log10_colsample_bytree": -0.8058709937086226, "log10_eta": -1.1488773933752818, "log10_lambda": -4.777101471931253, "log10_min_child_weight": 0.5719626610973283, "log10_subsample": -0.3590416257475515, "max_depth": 7.0, "num_boost_round": 31.0}, "datetime": {"datetime": "2024-01-19 01:27:14", "elapsed": 4588.087071, "delta": 0.003859}}
{"target": -17.750581710856657, "params": {"gamma": 42.895959466082154, "log10_alpha": -4.938171124161205, "log10_colsample_bytree": -0.8058709937086226, "log10_eta": -1.1488773933752818, "log10_lambda": -4.777101471931253, "log10_min_child_weight": 0.5719626610973283, "log10_subsample": -0.3590416257475515, "max_depth": 7.0, "num_boost_round": 32.0}, "datetime": {"datetime": "2024-01-19 01:27:14", "elapsed": 4588.091072, "delta": 0.004001}}
{"target": -17.75588936199536, "params": {"gamma": 42.895959466082154, "log10_alpha": -4.938171124161205, "log10_colsample_bytree": -0.8058709937086226, "log10_eta": -1.1488773933752818, "log10_lambda": -4.777101471931253, "log10_min_child_weight": 0.5719626610973283, "log10_subsample": -0.3590416257475515, "max_depth": 7.0, "num_boost_round": 33.0}, "datetime": {"datetime": "2024-01-19 01:27:14", "elapsed": 4588.095126, "delta": 0.004054}}
{"target": -17.759021737477827, "params": {"gamma": 42.895959466082154, "log10_alpha": -4.938171124161205, "log10_colsample_bytree": -0.8058709937086226, "log10_eta": -1.1488773933752818, "log10_lambda": -4.777101471931253, "log10_min_child_weight": 0.5719626610973283, "log10_subsample": -0.3590416257475515, "max_depth": 7.0, "num_boost_round": 34.0}, "datetime": {"datetime": "2024-01-19 01:27:14", "elapsed": 4588.098979, "delta": 0.003853}}
{"target": -17.76054347731409, "params": {"gamma": 42.895959466082154, "log10_alpha": -4.938171124161205, "log10_colsample_bytree": -0.8058709937086226, "log10_eta": -1.1488773933752818, "log10_lambda": -4.777101471931253, "log10_min_child_weight": 0.5719626610973283, "log10_subsample": -0.3590416257475515, "max_depth": 7.0, "num_boost_round": 35.0}, "datetime": {"datetime": "2024-01-19 01:27:14", "elapsed": 4588.102913, "delta": 0.003934}}
{"target": -17.76298676151877, "params": {"gamma": 42.895959466082154, "log10_alpha": -4.938171124161205, "log10_colsample_bytree": -0.8058709937086226, "log10_eta": -1.1488773933752818, "log10_lambda": -4.777101471931253, "log10_min_child_weight": 0.5719626610973283, "log10_subsample": -0.3590416257475515, "max_depth": 7.0, "num_boost_round": 36.0}, "datetime": {"datetime": "2024-01-19 01:27:14", "elapsed": 4588.106883, "delta": 0.00397}}
