{"target": -13.756871467075692, "params": {"gamma": 331.51125095756095, "log10_alpha": 0.035266762813563446, "log10_colsample_bytree": -0.8212671765225557, "log10_eta": -2.419534074887329, "log10_lambda": -4.687292338865358, "log10_min_child_weight": 1.740482431520061, "log10_subsample": -0.06649508577447416, "max_depth": 6.0, "num_boost_round": 20.0}, "datetime": {"datetime": "2024-01-19 01:59:37", "elapsed": 6430.223377, "delta": 0.006002}}
{"target": -13.756751249623623, "params": {"gamma": 331.51125095756095, "log10_alpha": 0.035266762813563446, "log10_colsample_bytree": -0.8212671765225557, "log10_eta": -2.419534074887329, "log10_lambda": -4.687292338865358, "log10_min_child_weight": 1.740482431520061, "log10_subsample": -0.06649508577447416, "max_depth": 6.0, "num_boost_round": 21.0}, "datetime": {"datetime": "2024-01-19 01:59:37", "elapsed": 6430.229155, "delta": 0.005778}}
{"target": -13.756643505500612, "params": {"gamma": 331.51125095756095, "log10_alpha": 0.035266762813563446, "log10_colsample_bytree": -0.8212671765225557, "log10_eta": -2.419534074887329, "log10_lambda": -4.687292338865358, "log10_min_child_weight": 1.740482431520061, "log10_subsample": -0.06649508577447416, "max_depth": 6.0, "num_boost_round": 22.0}, "datetime": {"datetime": "2024-01-19 01:59:37", "elapsed": 6430.234946, "delta": 0.005791}}
{"target": -13.75852933594078, "params": {"gamma": 332.3907597301491, "log10_alpha": -2.7204739110516103, "log10_colsample_bytree": -0.5880162965489821, "log10_eta": -3.3744311305943486, "log10_lambda": 0.6169544579020174, "log10_min_child_weight": 3.5753160396034445, "log10_subsample": -0.761557009520116, "max_depth": 7.0, "num_boost_round": 0.0}, "datetime": {"datetime": "2024-01-19 02:01:09", "elapsed": 6522.440651, "delta": 92.205705}}
{"target": -13.758530951425756, "params": {"gamma": 332.3907597301491, "log10_alpha": -2.7204739110516103, "log10_colsample_bytree": -0.5880162965489821, "log10_eta": -3.3744311305943486, "log10_lambda": 0.6169544579020174, "log10_min_child_weight": 3.5753160396034445, "log10_subsample": -0.761557009520116, "max_depth": 7.0, "num_boost_round": 1.0}, "datetime": {"datetime": "2024-01-19 02:01:09", "elapsed": 6522.44727, "delta": 0.006619}}
{"target": -13.758526896090434, "params": {"gamma": 332.3907597301491, "log10_alpha": -2.7204739110516103, "log10_colsample_bytree": -0.5880162965489821, "log10_eta": -3.3744311305943486, "log10_lambda": 0.6169544579020174, "log10_min_child_weight": 3.5753160396034445, "log10_subsample": -0.761557009520116, "max_depth": 7.0, "num_boost_round": 2.0}, "datetime": {"datetime": "2024-01-19 02:01:09", "elapsed": 6522.453515, "delta": 0.006245}}
{"target": -13.75852226951874, "params": {"gamma": 332.3907597301491, "log10_alpha": -2.7204739110516103, "log10_colsample_bytree": -0.5880162965489821, "log10_eta": -3.3744311305943486, "log10_lambda": 0.6169544579020174, "log10_min_child_weight": 3.5753160396034445, "log10_subsample": -0.761557009520116, "max_depth": 7.0, "num_boost_round": 3.0}, "datetime": {"datetime": "2024-01-19 02:01:09", "elapsed": 6522.459399, "delta": 0.005884}}
{"target": -13.758516896933275, "params": {"gamma": 332.3907597301491, "log10_alpha": -2.7204739110516103, "log10_colsample_bytree": -0.5880162965489821, "log10_eta": -3.3744311305943486, "log10_lambda": 0.6169544579020174, "log10_min_child_weight": 3.5753160396034445, "log10_subsample": -0.761557009520116, "max_depth": 7.0, "num_boost_round": 4.0}, "datetime": {"datetime": "2024-01-19 02:01:09", "elapsed": 6522.4652, "delta": 0.005801}}
{"target": -13.758505500312948, "params": {"gamma": 332.3907597301491, "log10_alpha": -2.7204739110516103, "log10_colsample_bytree": -0.5880162965489821, "log10_eta": -3.3744311305943486, "log10_lambda": 0.6169544579020174, "log10_min_child_weight": 3.5753160396034445, "log10_subsample": -0.761557009520116, "max_depth": 7.0, "num_boost_round": 5.0}, "datetime": {"datetime": "2024-01-19 02:01:09", "elapsed": 6522.470963, "delta": 0.005763}}
{"target": -13.758510083261676, "params": {"gamma": 332.3907597301491, "log10_alpha": -2.7204739110516103, "log10_colsample_bytree": -0.5880162965489821, "log10_eta": -3.3744311305943486, "log10_lambda": 0.6169544579020174, "log10_min_child_weight": 3.5753160396034445, "log10_subsample": -0.761557009520116, "max_depth": 7.0, "num_boost_round": 6.0}, "datetime": {"datetime": "2024-01-19 02:01:09", "elapsed": 6522.476941, "delta": 0.005978}}
{"target": -13.75850304618476, "params": {"gamma": 332.3907597301491, "log10_alpha": -2.7204739110516103, "log10_colsample_bytree": -0.5880162965489821, "log10_eta": -3.3744311305943486, "log10_lambda": 0.6169544579020174, "log10_min_child_weight": 3.5753160396034445, "log10_subsample": -0.761557009520116, "max_depth": 7.0, "num_boost_round": 7.0}, "datetime": {"datetime": "2024-01-19 02:01:09", "elapsed": 6522.482776, "delta": 0.005835}}
{"target": -13.758501474382388, "params": {"gamma": 332.3907597301491, "log10_alpha": -2.7204739110516103, "log10_colsample_bytree": -0.5880162965489821, "log10_eta": -3.3744311305943486, "log10_lambda": 0.6169544579020174, "log10_min_child_weight": 3.5753160396034445, "log10_subsample": -0.761557009520116, "max_depth": 7.0, "num_boost_round": 8.0}, "datetime": {"datetime": "2024-01-19 02:01:10", "elapsed": 6522.608393, "delta": 0.125617}}
{"target": -13.758498220115106, "params": {"gamma": 332.3907597301491, "log10_alpha": -2.7204739110516103, "log10_colsample_bytree": -0.5880162965489821, "log10_eta": -3.3744311305943486, "log10_lambda": 0.6169544579020174, "log10_min_child_weight": 3.5753160396034445, "log10_subsample": -0.761557009520116, "max_depth": 7.0, "num_boost_round": 9.0}, "datetime": {"datetime": "2024-01-19 02:01:10", "elapsed": 6522.615935, "delta": 0.007542}}
{"target": -13.75849362491341, "params": {"gamma": 332.3907597301491, "log10_alpha": -2.7204739110516103, "log10_colsample_bytree": -0.5880162965489821, "log10_eta": -3.3744311305943486, "log10_lambda": 0.6169544579020174, "log10_min_child_weight": 3.5753160396034445, "log10_subsample": -0.761557009520116, "max_depth": 7.0, "num_boost_round": 10.0}, "datetime": {"datetime": "2024-01-19 02:01:10", "elapsed": 6522.622875, "delta": 0.00694}}
{"target": -13.75849131236656, "params": {"gamma": 332.3907597301491, "log10_alpha": -2.7204739110516103, "log10_colsample_bytree": -0.5880162965489821, "log10_eta": -3.3744311305943486, "log10_lambda": 0.6169544579020174, "log10_min_child_weight": 3.5753160396034445, "log10_subsample": -0.761557009520116, "max_depth": 7.0, "num_boost_round": 11.0}, "datetime": {"datetime": "2024-01-19 02:01:10", "elapsed": 6522.629553, "delta": 0.006678}}
{"target": -13.758483039741604, "params": {"gamma": 332.3907597301491, "log10_alpha": -2.7204739110516103, "log10_colsample_bytree": -0.5880162965489821, "log10_eta": -3.3744311305943486, "log10_lambda": 0.6169544579020174, "log10_min_child_weight": 3.5753160396034445, "log10_subsample": -0.761557009520116, "max_depth": 7.0, "num_boost_round": 12.0}, "datetime": {"datetime": "2024-01-19 02:01:10", "elapsed": 6522.636223, "delta": 0.00667}}
{"target": -13.75848417232268, "params": {"gamma": 332.3907597301491, "log10_alpha": -2.7204739110516103, "log10_colsample_bytree": -0.5880162965489821, "log10_eta": -3.3744311305943486, "log10_lambda": 0.6169544579020174, "log10_min_child_weight": 3.5753160396034445, "log10_subsample": -0.761557009520116, "max_depth": 7.0, "num_boost_round": 13.0}, "datetime": {"datetime": "2024-01-19 02:01:10", "elapsed": 6522.642187, "delta": 0.005964}}
{"target": -13.75848277592935, "params": {"gamma": 332.3907597301491, "log10_alpha": -2.7204739110516103, "log10_colsample_bytree": -0.5880162965489821, "log10_eta": -3.3744311305943486, "log10_lambda": 0.6169544579020174, "log10_min_child_weight": 3.5753160396034445, "log10_subsample": -0.761557009520116, "max_depth": 7.0, "num_boost_round": 14.0}, "datetime": {"datetime": "2024-01-19 02:01:10", "elapsed": 6522.648409, "delta": 0.006222}}
{"target": -13.758476831153978, "params": {"gamma": 332.3907597301491, "log10_alpha": -2.7204739110516103, "log10_colsample_bytree": -0.5880162965489821, "log10_eta": -3.3744311305943486, "log10_lambda": 0.6169544579020174, "log10_min_child_weight": 3.5753160396034445, "log10_subsample": -0.761557009520116, "max_depth": 7.0, "num_boost_round": 15.0}, "datetime": {"datetime": "2024-01-19 02:01:10", "elapsed": 6522.654856, "delta": 0.006447}}
{"target": -13.758479324049446, "params": {"gamma": 332.3907597301491, "log10_alpha": -2.7204739110516103, "log10_colsample_bytree": -0.5880162965489821, "log10_eta": -3.3744311305943486, "log10_lambda": 0.6169544579020174, "log10_min_child_weight": 3.5753160396034445, "log10_subsample": -0.761557009520116, "max_depth": 7.0, "num_boost_round": 16.0}, "datetime": {"datetime": "2024-01-19 02:01:10", "elapsed": 6522.661071, "delta": 0.006215}}
{"target": -13.758479758827262, "params": {"gamma": 332.3907597301491, "log10_alpha": -2.7204739110516103, "log10_colsample_bytree": -0.5880162965489821, "log10_eta": -3.3744311305943486, "log10_lambda": 0.6169544579020174, "log10_min_child_weight": 3.5753160396034445, "log10_subsample": -0.761557009520116, "max_depth": 7.0, "num_boost_round": 17.0}, "datetime": {"datetime": "2024-01-19 02:01:10", "elapsed": 6522.666999, "delta": 0.005928}}
{"target": -13.758474219397995, "params": {"gamma": 332.3907597301491, "log10_alpha": -2.7204739110516103, "log10_colsample_bytree": -0.5880162965489821, "log10_eta": -3.3744311305943486, "log10_lambda": 0.6169544579020174, "log10_min_child_weight": 3.5753160396034445, "log10_subsample": -0.761557009520116, "max_depth": 7.0, "num_boost_round": 18.0}, "datetime": {"datetime": "2024-01-19 02:01:10", "elapsed": 6522.672838, "delta": 0.005839}}
{"target": -13.75847216753867, "params": {"gamma": 332.3907597301491, "log10_alpha": -2.7204739110516103, "log10_colsample_bytree": -0.5880162965489821, "log10_eta": -3.3744311305943486, "log10_lambda": 0.6169544579020174, "log10_min_child_weight": 3.5753160396034445, "log10_subsample": -0.761557009520116, "max_depth": 7.0, "num_boost_round": 19.0}, "datetime": {"datetime": "2024-01-19 02:01:10", "elapsed": 6522.678844, "delta": 0.006006}}
{"target": -13.758468991999093, "params": {"gamma": 332.3907597301491, "log10_alpha": -2.7204739110516103, "log10_colsample_bytree": -0.5880162965489821, "log10_eta": -3.3744311305943486, "log10_lambda": 0.6169544579020174, "log10_min_child_weight": 3.5753160396034445, "log10_subsample": -0.761557009520116, "max_depth": 7.0, "num_boost_round": 20.0}, "datetime": {"datetime": "2024-01-19 02:01:10", "elapsed": 6522.685482, "delta": 0.006638}}
{"target": -13.758457729371912, "params": {"gamma": 332.3907597301491, "log10_alpha": -2.7204739110516103, "log10_colsample_bytree": -0.5880162965489821, "log10_eta": -3.3744311305943486, "log10_lambda": 0.6169544579020174, "log10_min_child_weight": 3.5753160396034445, "log10_subsample": -0.761557009520116, "max_depth": 7.0, "num_boost_round": 21.0}, "datetime": {"datetime": "2024-01-19 02:01:10", "elapsed": 6522.691965, "delta": 0.006483}}
{"target": -13.758463148668156, "params": {"gamma": 332.3907597301491, "log10_alpha": -2.7204739110516103, "log10_colsample_bytree": -0.5880162965489821, "log10_eta": -3.3744311305943486, "log10_lambda": 0.6169544579020174, "log10_min_child_weight": 3.5753160396034445, "log10_subsample": -0.761557009520116, "max_depth": 7.0, "num_boost_round": 22.0}, "datetime": {"datetime": "2024-01-19 02:01:10", "elapsed": 6522.698156, "delta": 0.006191}}
{"target": -13.7584636117054, "params": {"gamma": 332.3907597301491, "log10_alpha": -2.7204739110516103, "log10_colsample_bytree": -0.5880162965489821, "log10_eta": -3.3744311305943486, "log10_lambda": 0.6169544579020174, "log10_min_child_weight": 3.5753160396034445, "log10_subsample": -0.761557009520116, "max_depth": 7.0, "num_boost_round": 23.0}, "datetime": {"datetime": "2024-01-19 02:01:10", "elapsed": 6522.704732, "delta": 0.006576}}
{"target": -13.758462873323747, "params": {"gamma": 332.3907597301491, "log10_alpha": -2.7204739110516103, "log10_colsample_bytree": -0.5880162965489821, "log10_eta": -3.3744311305943486, "log10_lambda": 0.6169544579020174, "log10_min_child_weight": 3.5753160396034445, "log10_subsample": -0.761557009520116, "max_depth": 7.0, "num_boost_round": 24.0}, "datetime": {"datetime": "2024-01-19 02:01:10", "elapsed": 6522.712062, "delta": 0.00733}}
{"target": -13.758466599606727, "params": {"gamma": 332.3907597301491, "log10_alpha": -2.7204739110516103, "log10_colsample_bytree": -0.5880162965489821, "log10_eta": -3.3744311305943486, "log10_lambda": 0.6169544579020174, "log10_min_child_weight": 3.5753160396034445, "log10_subsample": -0.761557009520116, "max_depth": 7.0, "num_boost_round": 25.0}, "datetime": {"datetime": "2024-01-19 02:01:10", "elapsed": 6522.718213, "delta": 0.006151}}
{"target": -13.758467978193234, "params": {"gamma": 332.3907597301491, "log10_alpha": -2.7204739110516103, "log10_colsample_bytree": -0.5880162965489821, "log10_eta": -3.3744311305943486, "log10_lambda": 0.6169544579020174, "log10_min_child_weight": 3.5753160396034445, "log10_subsample": -0.761557009520116, "max_depth": 7.0, "num_boost_round": 26.0}, "datetime": {"datetime": "2024-01-19 02:01:10", "elapsed": 6522.723979, "delta": 0.005766}}
{"target": -13.758462763661585, "params": {"gamma": 332.3907597301491, "log10_alpha": -2.7204739110516103, "log10_colsample_bytree": -0.5880162965489821, "log10_eta": -3.3744311305943486, "log10_lambda": 0.6169544579020174, "log10_min_child_weight": 3.5753160396034445, "log10_subsample": -0.761557009520116, "max_depth": 7.0, "num_boost_round": 27.0}, "datetime": {"datetime": "2024-01-19 02:01:10", "elapsed": 6522.730237, "delta": 0.006258}}
{"target": -13.758457954710565, "params": {"gamma": 332.3907597301491, "log10_alpha": -2.7204739110516103, "log10_colsample_bytree": -0.5880162965489821, "log10_eta": -3.3744311305943486, "log10_lambda": 0.6169544579020174, "log10_min_child_weight": 3.5753160396034445, "log10_subsample": -0.761557009520116, "max_depth": 7.0, "num_boost_round": 28.0}, "datetime": {"datetime": "2024-01-19 02:01:10", "elapsed": 6522.736634, "delta": 0.006397}}
{"target": -13.75818828598226, "params": {"gamma": 333.6809248323912, "log10_alpha": -1.3382955133912318, "log10_colsample_bytree": -0.837043743640454, "log10_eta": -1.2653802110901653, "log10_lambda": -4.189642916585493, "log10_min_child_weight": 0.5071552191923262, "log10_subsample": -0.6717317855725521, "max_depth": 4.0, "num_boost_round": 0.0}, "datetime": {"datetime": "2024-01-19 02:02:33", "elapsed": 6606.445751, "delta": 83.709117}}
{"target": -13.758755105311238, "params": {"gamma": 333.6809248323912, "log10_alpha": -1.3382955133912318, "log10_colsample_bytree": -0.837043743640454, "log10_eta": -1.2653802110901653, "log10_lambda": -4.189642916585493, "log10_min_child_weight": 0.5071552191923262, "log10_subsample": -0.6717317855725521, "max_depth": 4.0, "num_boost_round": 1.0}, "datetime": {"datetime": "2024-01-19 02:02:33", "elapsed": 6606.452144, "delta": 0.006393}}
{"target": -13.758141230843961, "params": {"gamma": 333.6809248323912, "log10_alpha": -1.3382955133912318, "log10_colsample_bytree": -0.837043743640454, "log10_eta": -1.2653802110901653, "log10_lambda": -4.189642916585493, "log10_min_child_weight": 0.5071552191923262, "log10_subsample": -0.6717317855725521, "max_depth": 4.0, "num_boost_round": 2.0}, "datetime": {"datetime": "2024-01-19 02:02:33", "elapsed": 6606.458057, "delta": 0.005913}}
{"target": -13.758272580941883, "params": {"gamma": 333.6809248323912, "log10_alpha": -1.3382955133912318, "log10_colsample_bytree": -0.837043743640454, "log10_eta": -1.2653802110901653, "log10_lambda": -4.189642916585493, "log10_min_child_weight": 0.5071552191923262, "log10_subsample": -0.6717317855725521, "max_depth": 4.0, "num_boost_round": 3.0}, "datetime": {"datetime": "2024-01-19 02:02:33", "elapsed": 6606.463919, "delta": 0.005862}}
{"target": -13.758053002247145, "params": {"gamma": 333.6809248323912, "log10_alpha": -1.3382955133912318, "log10_colsample_bytree": -0.837043743640454, "log10_eta": -1.2653802110901653, "log10_lambda": -4.189642916585493, "log10_min_child_weight": 0.5071552191923262, "log10_subsample": -0.6717317855725521, "max_depth": 4.0, "num_boost_round": 4.0}, "datetime": {"datetime": "2024-01-19 02:02:33", "elapsed": 6606.46978, "delta": 0.005861}}
{"target": -13.75796827874548, "params": {"gamma": 333.6809248323912, "log10_alpha": -1.3382955133912318, "log10_colsample_bytree": -0.837043743640454, "log10_eta": -1.2653802110901653, "log10_lambda": -4.189642916585493, "log10_min_child_weight": 0.5071552191923262, "log10_subsample": -0.6717317855725521, "max_depth": 4.0, "num_boost_round": 5.0}, "datetime": {"datetime": "2024-01-19 02:02:33", "elapsed": 6606.475892, "delta": 0.006112}}
{"target": -13.75816138115891, "params": {"gamma": 333.6809248323912, "log10_alpha": -1.3382955133912318, "log10_colsample_bytree": -0.837043743640454, "log10_eta": -1.2653802110901653, "log10_lambda": -4.189642916585493, "log10_min_child_weight": 0.5071552191923262, "log10_subsample": -0.6717317855725521, "max_depth": 4.0, "num_boost_round": 6.0}, "datetime": {"datetime": "2024-01-19 02:02:33", "elapsed": 6606.482294, "delta": 0.006402}}
{"target": -13.75770151596183, "params": {"gamma": 333.6809248323912, "log10_alpha": -1.3382955133912318, "log10_colsample_bytree": -0.837043743640454, "log10_eta": -1.2653802110901653, "log10_lambda": -4.189642916585493, "log10_min_child_weight": 0.5071552191923262, "log10_subsample": -0.6717317855725521, "max_depth": 4.0, "num_boost_round": 7.0}, "datetime": {"datetime": "2024-01-19 02:02:33", "elapsed": 6606.489784, "delta": 0.00749}}
{"target": -13.758074455821683, "params": {"gamma": 333.6809248323912, "log10_alpha": -1.3382955133912318, "log10_colsample_bytree": -0.837043743640454, "log10_eta": -1.2653802110901653, "log10_lambda": -4.189642916585493, "log10_min_child_weight": 0.5071552191923262, "log10_subsample": -0.6717317855725521, "max_depth": 4.0, "num_boost_round": 8.0}, "datetime": {"datetime": "2024-01-19 02:02:33", "elapsed": 6606.496298, "delta": 0.006514}}
{"target": -13.75817065023548, "params": {"gamma": 333.6809248323912, "log10_alpha": -1.3382955133912318, "log10_colsample_bytree": -0.837043743640454, "log10_eta": -1.2653802110901653, "log10_lambda": -4.189642916585493, "log10_min_child_weight": 0.5071552191923262, "log10_subsample": -0.6717317855725521, "max_depth": 4.0, "num_boost_round": 9.0}, "datetime": {"datetime": "2024-01-19 02:02:33", "elapsed": 6606.502704, "delta": 0.006406}}
{"target": -13.758016039701833, "params": {"gamma": 333.6809248323912, "log10_alpha": -1.3382955133912318, "log10_colsample_bytree": -0.837043743640454, "log10_eta": -1.2653802110901653, "log10_lambda": -4.189642916585493, "log10_min_child_weight": 0.5071552191923262, "log10_subsample": -0.6717317855725521, "max_depth": 4.0, "num_boost_round": 10.0}, "datetime": {"datetime": "2024-01-19 02:02:33", "elapsed": 6606.509025, "delta": 0.006321}}
{"target": -13.757851192300862, "params": {"gamma": 333.6809248323912, "log10_alpha": -1.3382955133912318, "log10_colsample_bytree": -0.837043743640454, "log10_eta": -1.2653802110901653, "log10_lambda": -4.189642916585493, "log10_min_child_weight": 0.5071552191923262, "log10_subsample": -0.6717317855725521, "max_depth": 4.0, "num_boost_round": 11.0}, "datetime": {"datetime": "2024-01-19 02:02:33", "elapsed": 6606.514744, "delta": 0.005719}}
{"target": -13.757849143838817, "params": {"gamma": 333.6809248323912, "log10_alpha": -1.3382955133912318, "log10_colsample_bytree": -0.837043743640454, "log10_eta": -1.2653802110901653, "log10_lambda": -4.189642916585493, "log10_min_child_weight": 0.5071552191923262, "log10_subsample": -0.6717317855725521, "max_depth": 4.0, "num_boost_round": 12.0}, "datetime": {"datetime": "2024-01-19 02:02:33", "elapsed": 6606.520429, "delta": 0.005685}}
{"target": -13.757746353917174, "params": {"gamma": 333.6809248323912, "log10_alpha": -1.3382955133912318, "log10_colsample_bytree": -0.837043743640454, "log10_eta": -1.2653802110901653, "log10_lambda": -4.189642916585493, "log10_min_child_weight": 0.5071552191923262, "log10_subsample": -0.6717317855725521, "max_depth": 4.0, "num_boost_round": 13.0}, "datetime": {"datetime": "2024-01-19 02:02:33", "elapsed": 6606.526039, "delta": 0.00561}}
{"target": -13.757934278054991, "params": {"gamma": 333.6809248323912, "log10_alpha": -1.3382955133912318, "log10_colsample_bytree": -0.837043743640454, "log10_eta": -1.2653802110901653, "log10_lambda": -4.189642916585493, "log10_min_child_weight": 0.5071552191923262, "log10_subsample": -0.6717317855725521, "max_depth": 4.0, "num_boost_round": 14.0}, "datetime": {"datetime": "2024-01-19 02:02:33", "elapsed": 6606.531684, "delta": 0.005645}}
{"target": -13.757632122341121, "params": {"gamma": 333.6809248323912, "log10_alpha": -1.3382955133912318, "log10_colsample_bytree": -0.837043743640454, "log10_eta": -1.2653802110901653, "log10_lambda": -4.189642916585493, "log10_min_child_weight": 0.5071552191923262, "log10_subsample": -0.6717317855725521, "max_depth": 4.0, "num_boost_round": 15.0}, "datetime": {"datetime": "2024-01-19 02:02:33", "elapsed": 6606.537524, "delta": 0.00584}}
{"target": -13.757851285430895, "params": {"gamma": 333.6809248323912, "log10_alpha": -1.3382955133912318, "log10_colsample_bytree": -0.837043743640454, "log10_eta": -1.2653802110901653, "log10_lambda": -4.189642916585493, "log10_min_child_weight": 0.5071552191923262, "log10_subsample": -0.6717317855725521, "max_depth": 4.0, "num_boost_round": 16.0}, "datetime": {"datetime": "2024-01-19 02:02:33", "elapsed": 6606.543516, "delta": 0.005992}}
