{"target": -17.677207752592775, "params": {"gamma": 864.9063732117651, "log10_alpha": -2.9546340849373776, "log10_colsample_bytree": -0.4869161005966446, "log10_eta": -1.3803853245835072, "log10_lambda": -2.9069763314395978, "log10_min_child_weight": 4.832306358655732, "log10_subsample": -0.5834730957104485, "max_depth": 9.0, "num_boost_round": 5.0}, "datetime": {"datetime": "2024-01-19 00:21:55", "elapsed": 595.851645, "delta": 0.000903}}
{"target": -17.67737164521546, "params": {"gamma": 864.9063732117651, "log10_alpha": -2.9546340849373776, "log10_colsample_bytree": -0.4869161005966446, "log10_eta": -1.3803853245835072, "log10_lambda": -2.9069763314395978, "log10_min_child_weight": 4.832306358655732, "log10_subsample": -0.5834730957104485, "max_depth": 9.0, "num_boost_round": 6.0}, "datetime": {"datetime": "2024-01-19 00:21:55", "elapsed": 595.852871, "delta": 0.001226}}
{"target": -17.677599468066607, "params": {"gamma": 864.9063732117651, "log10_alpha": -2.9546340849373776, "log10_colsample_bytree": -0.4869161005966446, "log10_eta": -1.3803853245835072, "log10_lambda": -2.9069763314395978, "log10_min_child_weight": 4.832306358655732, "log10_subsample": -0.5834730957104485, "max_depth": 9.0, "num_boost_round": 7.0}, "datetime": {"datetime": "2024-01-19 00:21:55", "elapsed": 595.853837, "delta": 0.000966}}
{"target": -17.677241518372906, "params": {"gamma": 864.9063732117651, "log10_alpha": -2.9546340849373776, "log10_colsample_bytree": -0.4869161005966446, "log10_eta": -1.3803853245835072, "log10_lambda": -2.9069763314395978, "log10_min_child_weight": 4.832306358655732, "log10_subsample": -0.5834730957104485, "max_depth": 9.0, "num_boost_round": 8.0}, "datetime": {"datetime": "2024-01-19 00:21:55", "elapsed": 595.854753, "delta": 0.000916}}
{"target": -17.67689632375901, "params": {"gamma": 864.9063732117651, "log10_alpha": -2.9546340849373776, "log10_colsample_bytree": -0.4869161005966446, "log10_eta": -1.3803853245835072, "log10_lambda": -2.9069763314395978, "log10_min_child_weight": 4.832306358655732, "log10_subsample": -0.5834730957104485, "max_depth": 9.0, "num_boost_round": 9.0}, "datetime": {"datetime": "2024-01-19 00:21:55", "elapsed": 595.855667, "delta": 0.000914}}
{"target": -17.67706774826058, "params": {"gamma": 864.9063732117651, "log10_alpha": -2.9546340849373776, "log10_colsample_bytree": -0.4869161005966446, "log10_eta": -1.3803853245835072, "log10_lambda": -2.9069763314395978, "log10_min_child_weight": 4.832306358655732, "log10_subsample": -0.5834730957104485, "max_depth": 9.0, "num_boost_round": 10.0}, "datetime": {"datetime": "2024-01-19 00:21:55", "elapsed": 595.856997, "delta": 0.00133}}
{"target": -17.6767581133118, "params": {"gamma": 864.9063732117651, "log10_alpha": -2.9546340849373776, "log10_colsample_bytree": -0.4869161005966446, "log10_eta": -1.3803853245835072, "log10_lambda": -2.9069763314395978, "log10_min_child_weight": 4.832306358655732, "log10_subsample": -0.5834730957104485, "max_depth": 9.0, "num_boost_round": 11.0}, "datetime": {"datetime": "2024-01-19 00:21:55", "elapsed": 595.858612, "delta": 0.001615}}
{"target": -17.677100133740982, "params": {"gamma": 864.9063732117651, "log10_alpha": -2.9546340849373776, "log10_colsample_bytree": -0.4869161005966446, "log10_eta": -1.3803853245835072, "log10_lambda": -2.9069763314395978, "log10_min_child_weight": 4.832306358655732, "log10_subsample": -0.5834730957104485, "max_depth": 9.0, "num_boost_round": 12.0}, "datetime": {"datetime": "2024-01-19 00:21:55", "elapsed": 595.859544, "delta": 0.000932}}
{"target": -17.677171485954073, "params": {"gamma": 864.6638008664625, "log10_alpha": -1.3586650784534964, "log10_colsample_bytree": -0.6832818501434554, "log10_eta": -3.1247592688358408, "log10_lambda": 0.7597615452905639, "log10_min_child_weight": 3.208066355707806, "log10_subsample": -0.05545446047261604, "max_depth": 8.0, "num_boost_round": 0.0}, "datetime": {"datetime": "2024-01-19 00:22:18", "elapsed": 619.403698, "delta": 23.544154}}
{"target": -17.67713468965222, "params": {"gamma": 864.6638008664625, "log10_alpha": -1.3586650784534964, "log10_colsample_bytree": -0.6832818501434554, "log10_eta": -3.1247592688358408, "log10_lambda": 0.7597615452905639, "log10_min_child_weight": 3.208066355707806, "log10_subsample": -0.05545446047261604, "max_depth": 8.0, "num_boost_round": 1.0}, "datetime": {"datetime": "2024-01-19 00:22:18", "elapsed": 619.405256, "delta": 0.001558}}
{"target": -17.677078850306536, "params": {"gamma": 864.6638008664625, "log10_alpha": -1.3586650784534964, "log10_colsample_bytree": -0.6832818501434554, "log10_eta": -3.1247592688358408, "log10_lambda": 0.7597615452905639, "log10_min_child_weight": 3.208066355707806, "log10_subsample": -0.05545446047261604, "max_depth": 8.0, "num_boost_round": 2.0}, "datetime": {"datetime": "2024-01-19 00:22:18", "elapsed": 619.406651, "delta": 0.001395}}
{"target": -17.67707734379196, "params": {"gamma": 864.6638008664625, "log10_alpha": -1.3586650784534964, "log10_colsample_bytree": -0.6832818501434554, "log10_eta": -3.1247592688358408, "log10_lambda": 0.7597615452905639, "log10_min_child_weight": 3.208066355707806, "log10_subsample": -0.05545446047261604, "max_depth": 8.0, "num_boost_round": 3.0}, "datetime": {"datetime": "2024-01-19 00:22:18", "elapsed": 619.407625, "delta": 0.000974}}
{"target": -17.677016842263622, "params": {"gamma": 864.6638008664625, "log10_alpha": -1.3586650784534964, "log10_colsample_bytree": -0.6832818501434554, "log10_eta": -3.1247592688358408, "log10_lambda": 0.7597615452905639, "log10_min_child_weight": 3.208066355707806, "log10_subsample": -0.05545446047261604, "max_depth": 8.0, "num_boost_round": 4.0}, "datetime": {"datetime": "2024-01-19 00:22:18", "elapsed": 619.408682, "delta": 0.001057}}
{"target": -17.676984268564695, "params": {"gamma": 864.6638008664625, "log10_alpha": -1.3586650784534964, "log10_colsample_bytree": -0.6832818501434554, "log10_eta": -3.1247592688358408, "log10_lambda": 0.7597615452905639, "log10_min_child_weight": 3.208066355707806, "log10_subsample": -0.05545446047261604, "max_depth": 8.0, "num_boost_round": 5.0}, "datetime": {"datetime": "2024-01-19 00:22:18", "elapsed": 619.409607, "delta": 0.000925}}
{"target": -17.676971442366963, "params": {"gamma": 864.6638008664625, "log10_alpha": -1.3586650784534964, "log10_colsample_bytree": -0.6832818501434554, "log10_eta": -3.1247592688358408, "log10_lambda": 0.7597615452905639, "log10_min_child_weight": 3.208066355707806, "log10_subsample": -0.05545446047261604, "max_depth": 8.0, "num_boost_round": 6.0}, "datetime": {"datetime": "2024-01-19 00:22:18", "elapsed": 619.410527, "delta": 0.00092}}
{"target": -17.6768749716789, "params": {"gamma": 864.6638008664625, "log10_alpha": -1.3586650784534964, "log10_colsample_bytree": -0.6832818501434554, "log10_eta": -3.1247592688358408, "log10_lambda": 0.7597615452905639, "log10_min_child_weight": 3.208066355707806, "log10_subsample": -0.05545446047261604, "max_depth": 8.0, "num_boost_round": 7.0}, "datetime": {"datetime": "2024-01-19 00:22:18", "elapsed": 619.411561, "delta": 0.001034}}
{"target": -17.676856282510123, "params": {"gamma": 864.6638008664625, "log10_alpha": -1.3586650784534964, "log10_colsample_bytree": -0.6832818501434554, "log10_eta": -3.1247592688358408, "log10_lambda": 0.7597615452905639, "log10_min_child_weight": 3.208066355707806, "log10_subsample": -0.05545446047261604, "max_depth": 8.0, "num_boost_round": 8.0}, "datetime": {"datetime": "2024-01-19 00:22:18", "elapsed": 619.412483, "delta": 0.000922}}
{"target": -17.67684655328268, "params": {"gamma": 864.6638008664625, "log10_alpha": -1.3586650784534964, "log10_colsample_bytree": -0.6832818501434554, "log10_eta": -3.1247592688358408, "log10_lambda": 0.7597615452905639, "log10_min_child_weight": 3.208066355707806, "log10_subsample": -0.05545446047261604, "max_depth": 8.0, "num_boost_round": 9.0}, "datetime": {"datetime": "2024-01-19 00:22:18", "elapsed": 619.413467, "delta": 0.000984}}
{"target": -17.676800326192854, "params": {"gamma": 864.6638008664625, "log10_alpha": -1.3586650784534964, "log10_colsample_bytree": -0.6832818501434554, "log10_eta": -3.1247592688358408, "log10_lambda": 0.7597615452905639, "log10_min_child_weight": 3.208066355707806, "log10_subsample": -0.05545446047261604, "max_depth": 8.0, "num_boost_round": 10.0}, "datetime": {"datetime": "2024-01-19 00:22:18", "elapsed": 619.414398, "delta": 0.000931}}
{"target": -17.676767823052813, "params": {"gamma": 864.6638008664625, "log10_alpha": -1.3586650784534964, "log10_colsample_bytree": -0.6832818501434554, "log10_eta": -3.1247592688358408, "log10_lambda": 0.7597615452905639, "log10_min_child_weight": 3.208066355707806, "log10_subsample": -0.05545446047261604, "max_depth": 8.0, "num_boost_round": 11.0}, "datetime": {"datetime": "2024-01-19 00:22:18", "elapsed": 619.415331, "delta": 0.000933}}
{"target": -17.676717404346114, "params": {"gamma": 864.6638008664625, "log10_alpha": -1.3586650784534964, "log10_colsample_bytree": -0.6832818501434554, "log10_eta": -3.1247592688358408, "log10_lambda": 0.7597615452905639, "log10_min_child_weight": 3.208066355707806, "log10_subsample": -0.05545446047261604, "max_depth": 8.0, "num_boost_round": 12.0}, "datetime": {"datetime": "2024-01-19 00:22:18", "elapsed": 619.416254, "delta": 0.000923}}
{"target": -17.67669550127535, "params": {"gamma": 864.6638008664625, "log10_alpha": -1.3586650784534964, "log10_colsample_bytree": -0.6832818501434554, "log10_eta": -3.1247592688358408, "log10_lambda": 0.7597615452905639, "log10_min_child_weight": 3.208066355707806, "log10_subsample": -0.05545446047261604, "max_depth": 8.0, "num_boost_round": 13.0}, "datetime": {"datetime": "2024-01-19 00:22:18", "elapsed": 619.417243, "delta": 0.000989}}
{"target": -17.676693421704, "params": {"gamma": 864.6638008664625, "log10_alpha": -1.3586650784534964, "log10_colsample_bytree": -0.6832818501434554, "log10_eta": -3.1247592688358408, "log10_lambda": 0.7597615452905639, "log10_min_child_weight": 3.208066355707806, "log10_subsample": -0.05545446047261604, "max_depth": 8.0, "num_boost_round": 14.0}, "datetime": {"datetime": "2024-01-19 00:22:18", "elapsed": 619.418226, "delta": 0.000983}}
{"target": -17.676658909430017, "params": {"gamma": 864.6638008664625, "log10_alpha": -1.3586650784534964, "log10_colsample_bytree": -0.6832818501434554, "log10_eta": -3.1247592688358408, "log10_lambda": 0.7597615452905639, "log10_min_child_weight": 3.208066355707806, "log10_subsample": -0.05545446047261604, "max_depth": 8.0, "num_boost_round": 15.0}, "datetime": {"datetime": "2024-01-19 00:22:18", "elapsed": 619.419165, "delta": 0.000939}}
{"target": -17.67665036495884, "params": {"gamma": 864.6638008664625, "log10_alpha": -1.3586650784534964, "log10_colsample_bytree": -0.6832818501434554, "log10_eta": -3.1247592688358408, "log10_lambda": 0.7597615452905639, "log10_min_child_weight": 3.208066355707806, "log10_subsample": -0.05545446047261604, "max_depth": 8.0, "num_boost_round": 16.0}, "datetime": {"datetime": "2024-01-19 00:22:18", "elapsed": 619.420099, "delta": 0.000934}}
{"target": -17.676639062031377, "params": {"gamma": 864.6638008664625, "log10_alpha": -1.3586650784534964, "log10_colsample_bytree": -0.6832818501434554, "log10_eta": -3.1247592688358408, "log10_lambda": 0.7597615452905639, "log10_min_child_weight": 3.208066355707806, "log10_subsample": -0.05545446047261604, "max_depth": 8.0, "num_boost_round": 17.0}, "datetime": {"datetime": "2024-01-19 00:22:18", "elapsed": 619.421214, "delta": 0.001115}}
{"target": -17.67722968450753, "params": {"gamma": 866.9421400008702, "log10_alpha": -1.484026536848952, "log10_colsample_bytree": -0.11323070445475736, "log10_eta": -3.135034076808211, "log10_lambda": -0.7601684700943059, "log10_min_child_weight": 4.717463245009441, "log10_subsample": -0.9188470398119026, "max_depth": 6.0, "num_boost_round": 0.0}, "datetime": {"datetime": "2024-01-19 00:22:40", "elapsed": 640.946919, "delta": 21.525705}}
{"target": -17.677229604034977, "params": {"gamma": 866.9421400008702, "log10_alpha": -1.484026536848952, "log10_colsample_bytree": -0.11323070445475736, "log10_eta": -3.135034076808211, "log10_lambda": -0.7601684700943059, "log10_min_child_weight": 4.717463245009441, "log10_subsample": -0.9188470398119026, "max_depth": 6.0, "num_boost_round": 1.0}, "datetime": {"datetime": "2024-01-19 00:22:40", "elapsed": 640.948272, "delta": 0.001353}}
{"target": -17.677230485677537, "params": {"gamma": 866.9421400008702, "log10_alpha": -1.484026536848952, "log10_colsample_bytree": -0.11323070445475736, "log10_eta": -3.135034076808211, "log10_lambda": -0.7601684700943059, "log10_min_child_weight": 4.717463245009441, "log10_subsample": -0.9188470398119026, "max_depth": 6.0, "num_boost_round": 2.0}, "datetime": {"datetime": "2024-01-19 00:22:40", "elapsed": 640.94989, "delta": 0.001618}}
{"target": -17.67722395486006, "params": {"gamma": 866.9421400008702, "log10_alpha": -1.484026536848952, "log10_colsample_bytree": -0.11323070445475736, "log10_eta": -3.135034076808211, "log10_lambda": -0.7601684700943059, "log10_min_child_weight": 4.717463245009441, "log10_subsample": -0.9188470398119026, "max_depth": 6.0, "num_boost_round": 3.0}, "datetime": {"datetime": "2024-01-19 00:22:40", "elapsed": 640.950978, "delta": 0.001088}}
{"target": -17.677221138955666, "params": {"gamma": 866.9421400008702, "log10_alpha": -1.484026536848952, "log10_colsample_bytree": -0.11323070445475736, "log10_eta": -3.135034076808211, "log10_lambda": -0.7601684700943059, "log10_min_child_weight": 4.717463245009441, "log10_subsample": -0.9188470398119026, "max_depth": 6.0, "num_boost_round": 4.0}, "datetime": {"datetime": "2024-01-19 00:22:40", "elapsed": 640.951926, "delta": 0.000948}}
{"target": -17.677214949945075, "params": {"gamma": 866.9421400008702, "log10_alpha": -1.484026536848952, "log10_colsample_bytree": -0.11323070445475736, "log10_eta": -3.135034076808211, "log10_lambda": -0.7601684700943059, "log10_min_child_weight": 4.717463245009441, "log10_subsample": -0.9188470398119026, "max_depth": 6.0, "num_boost_round": 5.0}, "datetime": {"datetime": "2024-01-19 00:22:40", "elapsed": 640.953298, "delta": 0.001372}}
{"target": -17.67720883376901, "params": {"gamma": 866.9421400008702, "log10_alpha": -1.484026536848952, "log10_colsample_bytree": -0.11323070445475736, "log10_eta": -3.135034076808211, "log10_lambda": -0.7601684700943059, "log10_min_child_weight": 4.717463245009441, "log10_subsample": -0.9188470398119026, "max_depth": 6.0, "num_boost_round": 6.0}, "datetime": {"datetime": "2024-01-19 00:22:40", "elapsed": 640.954264, "delta": 0.000966}}
{"target": -17.67720843742193, "params": {"gamma": 866.9421400008702, "log10_alpha": -1.484026536848952, "log10_colsample_bytree": -0.11323070445475736, "log10_eta": -3.135034076808211, "log10_lambda": -0.7601684700943059, "log10_min_child_weight": 4.717463245009441, "log10_subsample": -0.9188470398119026, "max_depth": 6.0, "num_boost_round": 7.0}, "datetime": {"datetime": "2024-01-19 00:22:40", "elapsed": 640.955213, "delta": 0.000949}}
{"target": -17.677208634297298, "params": {"gamma": 866.9421400008702, "log10_alpha": -1.484026536848952, "log10_colsample_bytree": -0.11323070445475736, "log10_eta": -3.135034076808211, "log10_lambda": -0.7601684700943059, "log10_min_child_weight": 4.717463245009441, "log10_subsample": -0.9188470398119026, "max_depth": 6.0, "num_boost_round": 8.0}, "datetime": {"datetime": "2024-01-19 00:22:40", "elapsed": 640.956256, "delta": 0.001043}}
{"target": -17.677208701312694, "params": {"gamma": 866.9421400008702, "log10_alpha": -1.484026536848952, "log10_colsample_bytree": -0.11323070445475736, "log10_eta": -3.135034076808211, "log10_lambda": -0.7601684700943059, "log10_min_child_weight": 4.717463245009441, "log10_subsample": -0.9188470398119026, "max_depth": 6.0, "num_boost_round": 9.0}, "datetime": {"datetime": "2024-01-19 00:22:40", "elapsed": 640.957205, "delta": 0.000949}}
{"target": -17.677201961075532, "params": {"gamma": 866.9421400008702, "log10_alpha": -1.484026536848952, "log10_colsample_bytree": -0.11323070445475736, "log10_eta": -3.135034076808211, "log10_lambda": -0.7601684700943059, "log10_min_child_weight": 4.717463245009441, "log10_subsample": -0.9188470398119026, "max_depth": 6.0, "num_boost_round": 10.0}, "datetime": {"datetime": "2024-01-19 00:22:40", "elapsed": 640.958164, "delta": 0.000959}}
{"target": -17.67719865170512, "params": {"gamma": 866.9421400008702, "log10_alpha": -1.484026536848952, "log10_colsample_bytree": -0.11323070445475736, "log10_eta": -3.135034076808211, "log10_lambda": -0.7601684700943059, "log10_min_child_weight": 4.717463245009441, "log10_subsample": -0.9188470398119026, "max_depth": 6.0, "num_boost_round": 11.0}, "datetime": {"datetime": "2024-01-19 00:22:40", "elapsed": 640.959105, "delta": 0.000941}}
{"target": -17.677198822554107, "params": {"gamma": 866.9421400008702, "log10_alpha": -1.484026536848952, "log10_colsample_bytree": -0.11323070445475736, "log10_eta": -3.135034076808211, "log10_lambda": -0.7601684700943059, "log10_min_child_weight": 4.717463245009441, "log10_subsample": -0.9188470398119026, "max_depth": 6.0, "num_boost_round": 12.0}, "datetime": {"datetime": "2024-01-19 00:22:40", "elapsed": 640.960053, "delta": 0.000948}}
{"target": -17.67722723262983, "params": {"gamma": 871.380389539304, "log10_alpha": -2.222449854699855, "log10_colsample_bytree": -0.5092696181298004, "log10_eta": -3.972163800704988, "log10_lambda": 0.17909322931926752, "log10_min_child_weight": 3.6820883423380235, "log10_subsample": -0.5037334577214214, "max_depth": 9.0, "num_boost_round": 0.0}, "datetime": {"datetime": "2024-01-19 00:23:03", "elapsed": 663.762273, "delta": 22.80222}}
{"target": -17.677224269566167, "params": {"gamma": 871.380389539304, "log10_alpha": -2.222449854699855, "log10_colsample_bytree": -0.5092696181298004, "log10_eta": -3.972163800704988, "log10_lambda": 0.17909322931926752, "log10_min_child_weight": 3.6820883423380235, "log10_subsample": -0.5037334577214214, "max_depth": 9.0, "num_boost_round": 1.0}, "datetime": {"datetime": "2024-01-19 00:23:03", "elapsed": 663.764103, "delta": 0.00183}}
{"target": -17.67721868914186, "params": {"gamma": 871.380389539304, "log10_alpha": -2.222449854699855, "log10_colsample_bytree": -0.5092696181298004, "log10_eta": -3.972163800704988, "log10_lambda": 0.17909322931926752, "log10_min_child_weight": 3.6820883423380235, "log10_subsample": -0.5037334577214214, "max_depth": 9.0, "num_boost_round": 2.0}, "datetime": {"datetime": "2024-01-19 00:23:03", "elapsed": 663.765145, "delta": 0.001042}}
{"target": -17.677220000069635, "params": {"gamma": 871.380389539304, "log10_alpha": -2.222449854699855, "log10_colsample_bytree": -0.5092696181298004, "log10_eta": -3.972163800704988, "log10_lambda": 0.17909322931926752, "log10_min_child_weight": 3.6820883423380235, "log10_subsample": -0.5037334577214214, "max_depth": 9.0, "num_boost_round": 3.0}, "datetime": {"datetime": "2024-01-19 00:23:03", "elapsed": 663.766263, "delta": 0.001118}}
{"target": -17.677217258022715, "params": {"gamma": 871.380389539304, "log10_alpha": -2.222449854699855, "log10_colsample_bytree": -0.5092696181298004, "log10_eta": -3.972163800704988, "log10_lambda": 0.17909322931926752, "log10_min_child_weight": 3.6820883423380235, "log10_subsample": -0.5037334577214214, "max_depth": 9.0, "num_boost_round": 4.0}, "datetime": {"datetime": "2024-01-19 00:23:03", "elapsed": 663.767245, "delta": 0.000982}}
{"target": -17.677215079751083, "params": {"gamma": 871.380389539304, "log10_alpha": -2.222449854699855, "log10_colsample_bytree": -0.5092696181298004, "log10_eta": -3.972163800704988, "log10_lambda": 0.17909322931926752, "log10_min_child_weight": 3.6820883423380235, "log10_subsample": -0.5037334577214214, "max_depth": 9.0, "num_boost_round": 5.0}, "datetime": {"datetime": "2024-01-19 00:23:03", "elapsed": 663.76821, "delta": 0.000965}}
{"target": -17.677213477705735, "params": {"gamma": 871.380389539304, "log10_alpha": -2.222449854699855, "log10_colsample_bytree": -0.5092696181298004, "log10_eta": -3.972163800704988, "log10_lambda": 0.17909322931926752, "log10_min_child_weight": 3.6820883423380235, "log10_subsample": -0.5037334577214214, "max_depth": 9.0, "num_boost_round": 6.0}, "datetime": {"datetime": "2024-01-19 00:23:03", "elapsed": 663.769174, "delta": 0.000964}}
{"target": -17.677212980202135, "params": {"gamma": 871.380389539304, "log10_alpha": -2.222449854699855, "log10_colsample_bytree": -0.5092696181298004, "log10_eta": -3.972163800704988, "log10_lambda": 0.17909322931926752, "log10_min_child_weight": 3.6820883423380235, "log10_subsample": -0.5037334577214214, "max_depth": 9.0, "num_boost_round": 7.0}, "datetime": {"datetime": "2024-01-19 00:23:03", "elapsed": 663.770133, "delta": 0.000959}}
{"target": -17.67720906737775, "params": {"gamma": 871.380389539304, "log10_alpha": -2.222449854699855, "log10_colsample_bytree": -0.5092696181298004, "log10_eta": -3.972163800704988, "log10_lambda": 0.17909322931926752, "log10_min_child_weight": 3.6820883423380235, "log10_subsample": -0.5037334577214214, "max_depth": 9.0, "num_boost_round": 8.0}, "datetime": {"datetime": "2024-01-19 00:23:03", "elapsed": 663.77131, "delta": 0.001177}}
{"target": -17.677207107257793, "params": {"gamma": 871.380389539304, "log10_alpha": -2.222449854699855, "log10_colsample_bytree": -0.5092696181298004, "log10_eta": -3.972163800704988, "log10_lambda": 0.17909322931926752, "log10_min_child_weight": 3.6820883423380235, "log10_subsample": -0.5037334577214214, "max_depth": 9.0, "num_boost_round": 9.0}, "datetime": {"datetime": "2024-01-19 00:23:03", "elapsed": 663.772534, "delta": 0.001224}}
