{"target": -17.677216560952797, "params": {"gamma": 450.95314095344787, "log10_alpha": -1.8901823468798422, "log10_colsample_bytree": 0.0, "log10_eta": -4.0, "log10_lambda": -4.456602084207954, "log10_min_child_weight": 5.0, "log10_subsample": -0.6145425106337247, "max_depth": 2.0, "num_boost_round": 33.0}, "datetime": {"datetime": "2024-01-19 03:33:01", "elapsed": 12086.322181, "delta": 0.005918}}
{"target": -17.67721560717772, "params": {"gamma": 450.95314095344787, "log10_alpha": -1.8901823468798422, "log10_colsample_bytree": 0.0, "log10_eta": -4.0, "log10_lambda": -4.456602084207954, "log10_min_child_weight": 5.0, "log10_subsample": -0.6145425106337247, "max_depth": 2.0, "num_boost_round": 34.0}, "datetime": {"datetime": "2024-01-19 03:33:01", "elapsed": 12086.328078, "delta": 0.005897}}
{"target": -17.677215611959603, "params": {"gamma": 450.95314095344787, "log10_alpha": -1.8901823468798422, "log10_colsample_bytree": 0.0, "log10_eta": -4.0, "log10_lambda": -4.456602084207954, "log10_min_child_weight": 5.0, "log10_subsample": -0.6145425106337247, "max_depth": 2.0, "num_boost_round": 35.0}, "datetime": {"datetime": "2024-01-19 03:33:01", "elapsed": 12086.333985, "delta": 0.005907}}
{"target": -17.677214684021116, "params": {"gamma": 450.95314095344787, "log10_alpha": -1.8901823468798422, "log10_colsample_bytree": 0.0, "log10_eta": -4.0, "log10_lambda": -4.456602084207954, "log10_min_child_weight": 5.0, "log10_subsample": -0.6145425106337247, "max_depth": 2.0, "num_boost_round": 36.0}, "datetime": {"datetime": "2024-01-19 03:33:01", "elapsed": 12086.339847, "delta": 0.005862}}
{"target": -17.677213796044942, "params": {"gamma": 450.95314095344787, "log10_alpha": -1.8901823468798422, "log10_colsample_bytree": 0.0, "log10_eta": -4.0, "log10_lambda": -4.456602084207954, "log10_min_child_weight": 5.0, "log10_subsample": -0.6145425106337247, "max_depth": 2.0, "num_boost_round": 37.0}, "datetime": {"datetime": "2024-01-19 03:33:01", "elapsed": 12086.345747, "delta": 0.0059}}
{"target": -17.67722823459673, "params": {"gamma": 443.8412849365224, "log10_alpha": -1.6608530291636319, "log10_colsample_bytree": -0.9442643515594104, "log10_eta": -3.463887171225831, "log10_lambda": -2.0065095519578486, "log10_min_child_weight": 4.707448779201161, "log10_subsample": -0.6077362813839386, "max_depth": 9.0, "num_boost_round": 0.0}, "datetime": {"datetime": "2024-01-19 03:35:45", "elapsed": 12250.205699, "delta": 163.859952}}
{"target": -17.67722208549865, "params": {"gamma": 443.8412849365224, "log10_alpha": -1.6608530291636319, "log10_colsample_bytree": -0.9442643515594104, "log10_eta": -3.463887171225831, "log10_lambda": -2.0065095519578486, "log10_min_child_weight": 4.707448779201161, "log10_subsample": -0.6077362813839386, "max_depth": 9.0, "num_boost_round": 1.0}, "datetime": {"datetime": "2024-01-19 03:35:45", "elapsed": 12250.212253, "delta": 0.006554}}
{"target": -17.677223168484293, "params": {"gamma": 443.8412849365224, "log10_alpha": -1.6608530291636319, "log10_colsample_bytree": -0.9442643515594104, "log10_eta": -3.463887171225831, "log10_lambda": -2.0065095519578486, "log10_min_child_weight": 4.707448779201161, "log10_subsample": -0.6077362813839386, "max_depth": 9.0, "num_boost_round": 2.0}, "datetime": {"datetime": "2024-01-19 03:35:45", "elapsed": 12250.218346, "delta": 0.006093}}
{"target": -17.67722154215894, "params": {"gamma": 443.8412849365224, "log10_alpha": -1.6608530291636319, "log10_colsample_bytree": -0.9442643515594104, "log10_eta": -3.463887171225831, "log10_lambda": -2.0065095519578486, "log10_min_child_weight": 4.707448779201161, "log10_subsample": -0.6077362813839386, "max_depth": 9.0, "num_boost_round": 3.0}, "datetime": {"datetime": "2024-01-19 03:35:45", "elapsed": 12250.224432, "delta": 0.006086}}
{"target": -17.67721863354177, "params": {"gamma": 443.8412849365224, "log10_alpha": -1.6608530291636319, "log10_colsample_bytree": -0.9442643515594104, "log10_eta": -3.463887171225831, "log10_lambda": -2.0065095519578486, "log10_min_child_weight": 4.707448779201161, "log10_subsample": -0.6077362813839386, "max_depth": 9.0, "num_boost_round": 4.0}, "datetime": {"datetime": "2024-01-19 03:35:45", "elapsed": 12250.230367, "delta": 0.005935}}
{"target": -17.677217048532135, "params": {"gamma": 443.8412849365224, "log10_alpha": -1.6608530291636319, "log10_colsample_bytree": -0.9442643515594104, "log10_eta": -3.463887171225831, "log10_lambda": -2.0065095519578486, "log10_min_child_weight": 4.707448779201161, "log10_subsample": -0.6077362813839386, "max_depth": 9.0, "num_boost_round": 5.0}, "datetime": {"datetime": "2024-01-19 03:35:45", "elapsed": 12250.236339, "delta": 0.005972}}
{"target": -17.67721345725922, "params": {"gamma": 443.8412849365224, "log10_alpha": -1.6608530291636319, "log10_colsample_bytree": -0.9442643515594104, "log10_eta": -3.463887171225831, "log10_lambda": -2.0065095519578486, "log10_min_child_weight": 4.707448779201161, "log10_subsample": -0.6077362813839386, "max_depth": 9.0, "num_boost_round": 6.0}, "datetime": {"datetime": "2024-01-19 03:35:45", "elapsed": 12250.242253, "delta": 0.005914}}
{"target": -17.677210004614512, "params": {"gamma": 443.8412849365224, "log10_alpha": -1.6608530291636319, "log10_colsample_bytree": -0.9442643515594104, "log10_eta": -3.463887171225831, "log10_lambda": -2.0065095519578486, "log10_min_child_weight": 4.707448779201161, "log10_subsample": -0.6077362813839386, "max_depth": 9.0, "num_boost_round": 7.0}, "datetime": {"datetime": "2024-01-19 03:35:45", "elapsed": 12250.248176, "delta": 0.005923}}
{"target": -17.677208873937484, "params": {"gamma": 443.8412849365224, "log10_alpha": -1.6608530291636319, "log10_colsample_bytree": -0.9442643515594104, "log10_eta": -3.463887171225831, "log10_lambda": -2.0065095519578486, "log10_min_child_weight": 4.707448779201161, "log10_subsample": -0.6077362813839386, "max_depth": 9.0, "num_boost_round": 8.0}, "datetime": {"datetime": "2024-01-19 03:35:45", "elapsed": 12250.254111, "delta": 0.005935}}
{"target": -17.677208131682416, "params": {"gamma": 443.8412849365224, "log10_alpha": -1.6608530291636319, "log10_colsample_bytree": -0.9442643515594104, "log10_eta": -3.463887171225831, "log10_lambda": -2.0065095519578486, "log10_min_child_weight": 4.707448779201161, "log10_subsample": -0.6077362813839386, "max_depth": 9.0, "num_boost_round": 9.0}, "datetime": {"datetime": "2024-01-19 03:35:45", "elapsed": 12250.260126, "delta": 0.006015}}
{"target": -17.67721067476062, "params": {"gamma": 443.8412849365224, "log10_alpha": -1.6608530291636319, "log10_colsample_bytree": -0.9442643515594104, "log10_eta": -3.463887171225831, "log10_lambda": -2.0065095519578486, "log10_min_child_weight": 4.707448779201161, "log10_subsample": -0.6077362813839386, "max_depth": 9.0, "num_boost_round": 10.0}, "datetime": {"datetime": "2024-01-19 03:35:45", "elapsed": 12250.266126, "delta": 0.006}}
{"target": -17.677207640708875, "params": {"gamma": 443.8412849365224, "log10_alpha": -1.6608530291636319, "log10_colsample_bytree": -0.9442643515594104, "log10_eta": -3.463887171225831, "log10_lambda": -2.0065095519578486, "log10_min_child_weight": 4.707448779201161, "log10_subsample": -0.6077362813839386, "max_depth": 9.0, "num_boost_round": 11.0}, "datetime": {"datetime": "2024-01-19 03:35:45", "elapsed": 12250.272102, "delta": 0.005976}}
{"target": -17.67720377050806, "params": {"gamma": 443.8412849365224, "log10_alpha": -1.6608530291636319, "log10_colsample_bytree": -0.9442643515594104, "log10_eta": -3.463887171225831, "log10_lambda": -2.0065095519578486, "log10_min_child_weight": 4.707448779201161, "log10_subsample": -0.6077362813839386, "max_depth": 9.0, "num_boost_round": 12.0}, "datetime": {"datetime": "2024-01-19 03:35:45", "elapsed": 12250.278053, "delta": 0.005951}}
{"target": -17.677200238492034, "params": {"gamma": 443.8412849365224, "log10_alpha": -1.6608530291636319, "log10_colsample_bytree": -0.9442643515594104, "log10_eta": -3.463887171225831, "log10_lambda": -2.0065095519578486, "log10_min_child_weight": 4.707448779201161, "log10_subsample": -0.6077362813839386, "max_depth": 9.0, "num_boost_round": 13.0}, "datetime": {"datetime": "2024-01-19 03:35:45", "elapsed": 12250.284008, "delta": 0.005955}}
{"target": -17.677201434022717, "params": {"gamma": 443.8412849365224, "log10_alpha": -1.6608530291636319, "log10_colsample_bytree": -0.9442643515594104, "log10_eta": -3.463887171225831, "log10_lambda": -2.0065095519578486, "log10_min_child_weight": 4.707448779201161, "log10_subsample": -0.6077362813839386, "max_depth": 9.0, "num_boost_round": 14.0}, "datetime": {"datetime": "2024-01-19 03:35:45", "elapsed": 12250.290001, "delta": 0.005993}}
{"target": -17.67719870499879, "params": {"gamma": 443.8412849365224, "log10_alpha": -1.6608530291636319, "log10_colsample_bytree": -0.9442643515594104, "log10_eta": -3.463887171225831, "log10_lambda": -2.0065095519578486, "log10_min_child_weight": 4.707448779201161, "log10_subsample": -0.6077362813839386, "max_depth": 9.0, "num_boost_round": 15.0}, "datetime": {"datetime": "2024-01-19 03:35:45", "elapsed": 12250.295984, "delta": 0.005983}}
{"target": -17.677196477912204, "params": {"gamma": 443.8412849365224, "log10_alpha": -1.6608530291636319, "log10_colsample_bytree": -0.9442643515594104, "log10_eta": -3.463887171225831, "log10_lambda": -2.0065095519578486, "log10_min_child_weight": 4.707448779201161, "log10_subsample": -0.6077362813839386, "max_depth": 9.0, "num_boost_round": 16.0}, "datetime": {"datetime": "2024-01-19 03:35:45", "elapsed": 12250.302004, "delta": 0.00602}}
{"target": -17.67719702800921, "params": {"gamma": 443.8412849365224, "log10_alpha": -1.6608530291636319, "log10_colsample_bytree": -0.9442643515594104, "log10_eta": -3.463887171225831, "log10_lambda": -2.0065095519578486, "log10_min_child_weight": 4.707448779201161, "log10_subsample": -0.6077362813839386, "max_depth": 9.0, "num_boost_round": 17.0}, "datetime": {"datetime": "2024-01-19 03:35:45", "elapsed": 12250.308061, "delta": 0.006057}}
{"target": -17.677194271144707, "params": {"gamma": 443.8412849365224, "log10_alpha": -1.6608530291636319, "log10_colsample_bytree": -0.9442643515594104, "log10_eta": -3.463887171225831, "log10_lambda": -2.0065095519578486, "log10_min_child_weight": 4.707448779201161, "log10_subsample": -0.6077362813839386, "max_depth": 9.0, "num_boost_round": 18.0}, "datetime": {"datetime": "2024-01-19 03:35:45", "elapsed": 12250.314056, "delta": 0.005995}}
{"target": -17.67718975369269, "params": {"gamma": 443.8412849365224, "log10_alpha": -1.6608530291636319, "log10_colsample_bytree": -0.9442643515594104, "log10_eta": -3.463887171225831, "log10_lambda": -2.0065095519578486, "log10_min_child_weight": 4.707448779201161, "log10_subsample": -0.6077362813839386, "max_depth": 9.0, "num_boost_round": 19.0}, "datetime": {"datetime": "2024-01-19 03:35:45", "elapsed": 12250.320068, "delta": 0.006012}}
{"target": -17.677191477450602, "params": {"gamma": 443.8412849365224, "log10_alpha": -1.6608530291636319, "log10_colsample_bytree": -0.9442643515594104, "log10_eta": -3.463887171225831, "log10_lambda": -2.0065095519578486, "log10_min_child_weight": 4.707448779201161, "log10_subsample": -0.6077362813839386, "max_depth": 9.0, "num_boost_round": 20.0}, "datetime": {"datetime": "2024-01-19 03:35:45", "elapsed": 12250.326056, "delta": 0.005988}}
{"target": -17.67718570261321, "params": {"gamma": 443.8412849365224, "log10_alpha": -1.6608530291636319, "log10_colsample_bytree": -0.9442643515594104, "log10_eta": -3.463887171225831, "log10_lambda": -2.0065095519578486, "log10_min_child_weight": 4.707448779201161, "log10_subsample": -0.6077362813839386, "max_depth": 9.0, "num_boost_round": 21.0}, "datetime": {"datetime": "2024-01-19 03:35:45", "elapsed": 12250.332004, "delta": 0.005948}}
{"target": -17.677181032214047, "params": {"gamma": 443.8412849365224, "log10_alpha": -1.6608530291636319, "log10_colsample_bytree": -0.9442643515594104, "log10_eta": -3.463887171225831, "log10_lambda": -2.0065095519578486, "log10_min_child_weight": 4.707448779201161, "log10_subsample": -0.6077362813839386, "max_depth": 9.0, "num_boost_round": 22.0}, "datetime": {"datetime": "2024-01-19 03:35:45", "elapsed": 12250.337974, "delta": 0.00597}}
{"target": -17.677177168477023, "params": {"gamma": 443.8412849365224, "log10_alpha": -1.6608530291636319, "log10_colsample_bytree": -0.9442643515594104, "log10_eta": -3.463887171225831, "log10_lambda": -2.0065095519578486, "log10_min_child_weight": 4.707448779201161, "log10_subsample": -0.6077362813839386, "max_depth": 9.0, "num_boost_round": 23.0}, "datetime": {"datetime": "2024-01-19 03:35:45", "elapsed": 12250.34395, "delta": 0.005976}}
{"target": -17.677176919416656, "params": {"gamma": 443.8412849365224, "log10_alpha": -1.6608530291636319, "log10_colsample_bytree": -0.9442643515594104, "log10_eta": -3.463887171225831, "log10_lambda": -2.0065095519578486, "log10_min_child_weight": 4.707448779201161, "log10_subsample": -0.6077362813839386, "max_depth": 9.0, "num_boost_round": 24.0}, "datetime": {"datetime": "2024-01-19 03:35:45", "elapsed": 12250.349935, "delta": 0.005985}}
{"target": -17.677174203470155, "params": {"gamma": 443.8412849365224, "log10_alpha": -1.6608530291636319, "log10_colsample_bytree": -0.9442643515594104, "log10_eta": -3.463887171225831, "log10_lambda": -2.0065095519578486, "log10_min_child_weight": 4.707448779201161, "log10_subsample": -0.6077362813839386, "max_depth": 9.0, "num_boost_round": 25.0}, "datetime": {"datetime": "2024-01-19 03:35:45", "elapsed": 12250.355976, "delta": 0.006041}}
{"target": -17.677175137724156, "params": {"gamma": 443.8412849365224, "log10_alpha": -1.6608530291636319, "log10_colsample_bytree": -0.9442643515594104, "log10_eta": -3.463887171225831, "log10_lambda": -2.0065095519578486, "log10_min_child_weight": 4.707448779201161, "log10_subsample": -0.6077362813839386, "max_depth": 9.0, "num_boost_round": 26.0}, "datetime": {"datetime": "2024-01-19 03:35:45", "elapsed": 12250.362176, "delta": 0.0062}}
{"target": -17.677171469433315, "params": {"gamma": 443.8412849365224, "log10_alpha": -1.6608530291636319, "log10_colsample_bytree": -0.9442643515594104, "log10_eta": -3.463887171225831, "log10_lambda": -2.0065095519578486, "log10_min_child_weight": 4.707448779201161, "log10_subsample": -0.6077362813839386, "max_depth": 9.0, "num_boost_round": 27.0}, "datetime": {"datetime": "2024-01-19 03:35:45", "elapsed": 12250.368166, "delta": 0.00599}}
{"target": -17.67698883464764, "params": {"gamma": 453.5911774816804, "log10_alpha": 0.7351192667935864, "log10_colsample_bytree": -0.8146438077609908, "log10_eta": -2.1231228682258436, "log10_lambda": 0.656791045770678, "log10_min_child_weight": 1.9087858718230133, "log10_subsample": -0.47019893569055515, "max_depth": 5.0, "num_boost_round": 0.0}, "datetime": {"datetime": "2024-01-19 03:38:12", "elapsed": 12396.773628, "delta": 146.405462}}
{"target": -17.677021924622707, "params": {"gamma": 453.5911774816804, "log10_alpha": 0.7351192667935864, "log10_colsample_bytree": -0.8146438077609908, "log10_eta": -2.1231228682258436, "log10_lambda": 0.656791045770678, "log10_min_child_weight": 1.9087858718230133, "log10_subsample": -0.47019893569055515, "max_depth": 5.0, "num_boost_round": 1.0}, "datetime": {"datetime": "2024-01-19 03:38:12", "elapsed": 12396.780762, "delta": 0.007134}}
{"target": -17.677006443671342, "params": {"gamma": 453.5911774816804, "log10_alpha": 0.7351192667935864, "log10_colsample_bytree": -0.8146438077609908, "log10_eta": -2.1231228682258436, "log10_lambda": 0.656791045770678, "log10_min_child_weight": 1.9087858718230133, "log10_subsample": -0.47019893569055515, "max_depth": 5.0, "num_boost_round": 2.0}, "datetime": {"datetime": "2024-01-19 03:38:12", "elapsed": 12396.786991, "delta": 0.006229}}
{"target": -17.67695009833639, "params": {"gamma": 453.5911774816804, "log10_alpha": 0.7351192667935864, "log10_colsample_bytree": -0.8146438077609908, "log10_eta": -2.1231228682258436, "log10_lambda": 0.656791045770678, "log10_min_child_weight": 1.9087858718230133, "log10_subsample": -0.47019893569055515, "max_depth": 5.0, "num_boost_round": 3.0}, "datetime": {"datetime": "2024-01-19 03:38:12", "elapsed": 12396.793034, "delta": 0.006043}}
{"target": -17.676737976603494, "params": {"gamma": 453.5911774816804, "log10_alpha": 0.7351192667935864, "log10_colsample_bytree": -0.8146438077609908, "log10_eta": -2.1231228682258436, "log10_lambda": 0.656791045770678, "log10_min_child_weight": 1.9087858718230133, "log10_subsample": -0.47019893569055515, "max_depth": 5.0, "num_boost_round": 4.0}, "datetime": {"datetime": "2024-01-19 03:38:12", "elapsed": 12396.799046, "delta": 0.006012}}
{"target": -17.67686567048058, "params": {"gamma": 453.5911774816804, "log10_alpha": 0.7351192667935864, "log10_colsample_bytree": -0.8146438077609908, "log10_eta": -2.1231228682258436, "log10_lambda": 0.656791045770678, "log10_min_child_weight": 1.9087858718230133, "log10_subsample": -0.47019893569055515, "max_depth": 5.0, "num_boost_round": 5.0}, "datetime": {"datetime": "2024-01-19 03:38:12", "elapsed": 12396.805045, "delta": 0.005999}}
{"target": -17.676567865511476, "params": {"gamma": 453.5911774816804, "log10_alpha": 0.7351192667935864, "log10_colsample_bytree": -0.8146438077609908, "log10_eta": -2.1231228682258436, "log10_lambda": 0.656791045770678, "log10_min_child_weight": 1.9087858718230133, "log10_subsample": -0.47019893569055515, "max_depth": 5.0, "num_boost_round": 6.0}, "datetime": {"datetime": "2024-01-19 03:38:12", "elapsed": 12396.811039, "delta": 0.005994}}
{"target": -17.676135571152745, "params": {"gamma": 453.5911774816804, "log10_alpha": 0.7351192667935864, "log10_colsample_bytree": -0.8146438077609908, "log10_eta": -2.1231228682258436, "log10_lambda": 0.656791045770678, "log10_min_child_weight": 1.9087858718230133, "log10_subsample": -0.47019893569055515, "max_depth": 5.0, "num_boost_round": 7.0}, "datetime": {"datetime": "2024-01-19 03:38:12", "elapsed": 12396.817098, "delta": 0.006059}}
{"target": -17.67610760978993, "params": {"gamma": 453.5911774816804, "log10_alpha": 0.7351192667935864, "log10_colsample_bytree": -0.8146438077609908, "log10_eta": -2.1231228682258436, "log10_lambda": 0.656791045770678, "log10_min_child_weight": 1.9087858718230133, "log10_subsample": -0.47019893569055515, "max_depth": 5.0, "num_boost_round": 8.0}, "datetime": {"datetime": "2024-01-19 03:38:12", "elapsed": 12396.823165, "delta": 0.006067}}
{"target": -17.67587859446537, "params": {"gamma": 453.5911774816804, "log10_alpha": 0.7351192667935864, "log10_colsample_bytree": -0.8146438077609908, "log10_eta": -2.1231228682258436, "log10_lambda": 0.656791045770678, "log10_min_child_weight": 1.9087858718230133, "log10_subsample": -0.47019893569055515, "max_depth": 5.0, "num_boost_round": 9.0}, "datetime": {"datetime": "2024-01-19 03:38:12", "elapsed": 12396.829409, "delta": 0.006244}}
{"target": -17.675866306650857, "params": {"gamma": 453.5911774816804, "log10_alpha": 0.7351192667935864, "log10_colsample_bytree": -0.8146438077609908, "log10_eta": -2.1231228682258436, "log10_lambda": 0.656791045770678, "log10_min_child_weight": 1.9087858718230133, "log10_subsample": -0.47019893569055515, "max_depth": 5.0, "num_boost_round": 10.0}, "datetime": {"datetime": "2024-01-19 03:38:12", "elapsed": 12396.835436, "delta": 0.006027}}
{"target": -17.67576909003163, "params": {"gamma": 453.5911774816804, "log10_alpha": 0.7351192667935864, "log10_colsample_bytree": -0.8146438077609908, "log10_eta": -2.1231228682258436, "log10_lambda": 0.656791045770678, "log10_min_child_weight": 1.9087858718230133, "log10_subsample": -0.47019893569055515, "max_depth": 5.0, "num_boost_round": 11.0}, "datetime": {"datetime": "2024-01-19 03:38:12", "elapsed": 12396.841497, "delta": 0.006061}}
{"target": -17.675389998419373, "params": {"gamma": 453.5911774816804, "log10_alpha": 0.7351192667935864, "log10_colsample_bytree": -0.8146438077609908, "log10_eta": -2.1231228682258436, "log10_lambda": 0.656791045770678, "log10_min_child_weight": 1.9087858718230133, "log10_subsample": -0.47019893569055515, "max_depth": 5.0, "num_boost_round": 12.0}, "datetime": {"datetime": "2024-01-19 03:38:12", "elapsed": 12396.84766, "delta": 0.006163}}
{"target": -17.674727076768832, "params": {"gamma": 453.5911774816804, "log10_alpha": 0.7351192667935864, "log10_colsample_bytree": -0.8146438077609908, "log10_eta": -2.1231228682258436, "log10_lambda": 0.656791045770678, "log10_min_child_weight": 1.9087858718230133, "log10_subsample": -0.47019893569055515, "max_depth": 5.0, "num_boost_round": 13.0}, "datetime": {"datetime": "2024-01-19 03:38:12", "elapsed": 12396.853712, "delta": 0.006052}}
{"target": -17.674527288746358, "params": {"gamma": 453.5911774816804, "log10_alpha": 0.7351192667935864, "log10_colsample_bytree": -0.8146438077609908, "log10_eta": -2.1231228682258436, "log10_lambda": 0.656791045770678, "log10_min_child_weight": 1.9087858718230133, "log10_subsample": -0.47019893569055515, "max_depth": 5.0, "num_boost_round": 14.0}, "datetime": {"datetime": "2024-01-19 03:38:12", "elapsed": 12396.859726, "delta": 0.006014}}
{"target": -17.674184293801524, "params": {"gamma": 453.5911774816804, "log10_alpha": 0.7351192667935864, "log10_colsample_bytree": -0.8146438077609908, "log10_eta": -2.1231228682258436, "log10_lambda": 0.656791045770678, "log10_min_child_weight": 1.9087858718230133, "log10_subsample": -0.47019893569055515, "max_depth": 5.0, "num_boost_round": 15.0}, "datetime": {"datetime": "2024-01-19 03:38:12", "elapsed": 12396.865788, "delta": 0.006062}}
