{"target": -17.674495356534795, "params": {"gamma": 714.5647410222499, "log10_alpha": -3.7691456089347892, "log10_colsample_bytree": -0.9276053649281988, "log10_eta": -2.854751910008964, "log10_lambda": -1.2555155770518298, "log10_min_child_weight": 1.618321644539621, "log10_subsample": -0.19459007357189584, "max_depth": 6.0, "num_boost_round": 59.0}, "datetime": {"datetime": "2024-01-19 00:32:04", "elapsed": 1231.620584, "delta": 0.001628}}
{"target": -17.67449778119462, "params": {"gamma": 714.5647410222499, "log10_alpha": -3.7691456089347892, "log10_colsample_bytree": -0.9276053649281988, "log10_eta": -2.854751910008964, "log10_lambda": -1.2555155770518298, "log10_min_child_weight": 1.618321644539621, "log10_subsample": -0.19459007357189584, "max_depth": 6.0, "num_boost_round": 60.0}, "datetime": {"datetime": "2024-01-19 00:32:04", "elapsed": 1231.6222, "delta": 0.001616}}
{"target": -17.674471032205485, "params": {"gamma": 714.5647410222499, "log10_alpha": -3.7691456089347892, "log10_colsample_bytree": -0.9276053649281988, "log10_eta": -2.854751910008964, "log10_lambda": -1.2555155770518298, "log10_min_child_weight": 1.618321644539621, "log10_subsample": -0.19459007357189584, "max_depth": 6.0, "num_boost_round": 61.0}, "datetime": {"datetime": "2024-01-19 00:32:04", "elapsed": 1231.623816, "delta": 0.001616}}
{"target": -17.67440635684492, "params": {"gamma": 714.5647410222499, "log10_alpha": -3.7691456089347892, "log10_colsample_bytree": -0.9276053649281988, "log10_eta": -2.854751910008964, "log10_lambda": -1.2555155770518298, "log10_min_child_weight": 1.618321644539621, "log10_subsample": -0.19459007357189584, "max_depth": 6.0, "num_boost_round": 62.0}, "datetime": {"datetime": "2024-01-19 00:32:04", "elapsed": 1231.625441, "delta": 0.001625}}
{"target": -17.674298987135323, "params": {"gamma": 714.5647410222499, "log10_alpha": -3.7691456089347892, "log10_colsample_bytree": -0.9276053649281988, "log10_eta": -2.854751910008964, "log10_lambda": -1.2555155770518298, "log10_min_child_weight": 1.618321644539621, "log10_subsample": -0.19459007357189584, "max_depth": 6.0, "num_boost_round": 63.0}, "datetime": {"datetime": "2024-01-19 00:32:04", "elapsed": 1231.627075, "delta": 0.001634}}
{"target": -17.67433412341179, "params": {"gamma": 714.5647410222499, "log10_alpha": -3.7691456089347892, "log10_colsample_bytree": -0.9276053649281988, "log10_eta": -2.854751910008964, "log10_lambda": -1.2555155770518298, "log10_min_child_weight": 1.618321644539621, "log10_subsample": -0.19459007357189584, "max_depth": 6.0, "num_boost_round": 64.0}, "datetime": {"datetime": "2024-01-19 00:32:04", "elapsed": 1231.628696, "delta": 0.001621}}
{"target": -17.67423899390159, "params": {"gamma": 714.5647410222499, "log10_alpha": -3.7691456089347892, "log10_colsample_bytree": -0.9276053649281988, "log10_eta": -2.854751910008964, "log10_lambda": -1.2555155770518298, "log10_min_child_weight": 1.618321644539621, "log10_subsample": -0.19459007357189584, "max_depth": 6.0, "num_boost_round": 65.0}, "datetime": {"datetime": "2024-01-19 00:32:04", "elapsed": 1231.630357, "delta": 0.001661}}
{"target": -17.67418323834248, "params": {"gamma": 714.5647410222499, "log10_alpha": -3.7691456089347892, "log10_colsample_bytree": -0.9276053649281988, "log10_eta": -2.854751910008964, "log10_lambda": -1.2555155770518298, "log10_min_child_weight": 1.618321644539621, "log10_subsample": -0.19459007357189584, "max_depth": 6.0, "num_boost_round": 66.0}, "datetime": {"datetime": "2024-01-19 00:32:04", "elapsed": 1231.63199, "delta": 0.001633}}
{"target": -17.67406301282681, "params": {"gamma": 714.5647410222499, "log10_alpha": -3.7691456089347892, "log10_colsample_bytree": -0.9276053649281988, "log10_eta": -2.854751910008964, "log10_lambda": -1.2555155770518298, "log10_min_child_weight": 1.618321644539621, "log10_subsample": -0.19459007357189584, "max_depth": 6.0, "num_boost_round": 67.0}, "datetime": {"datetime": "2024-01-19 00:32:04", "elapsed": 1231.633656, "delta": 0.001666}}
{"target": -17.674035610782273, "params": {"gamma": 714.5647410222499, "log10_alpha": -3.7691456089347892, "log10_colsample_bytree": -0.9276053649281988, "log10_eta": -2.854751910008964, "log10_lambda": -1.2555155770518298, "log10_min_child_weight": 1.618321644539621, "log10_subsample": -0.19459007357189584, "max_depth": 6.0, "num_boost_round": 68.0}, "datetime": {"datetime": "2024-01-19 00:32:04", "elapsed": 1231.635311, "delta": 0.001655}}
{"target": -17.674045858025522, "params": {"gamma": 714.5647410222499, "log10_alpha": -3.7691456089347892, "log10_colsample_bytree": -0.9276053649281988, "log10_eta": -2.854751910008964, "log10_lambda": -1.2555155770518298, "log10_min_child_weight": 1.618321644539621, "log10_subsample": -0.19459007357189584, "max_depth": 6.0, "num_boost_round": 69.0}, "datetime": {"datetime": "2024-01-19 00:32:04", "elapsed": 1231.636987, "delta": 0.001676}}
{"target": -17.67403778198766, "params": {"gamma": 714.5647410222499, "log10_alpha": -3.7691456089347892, "log10_colsample_bytree": -0.9276053649281988, "log10_eta": -2.854751910008964, "log10_lambda": -1.2555155770518298, "log10_min_child_weight": 1.618321644539621, "log10_subsample": -0.19459007357189584, "max_depth": 6.0, "num_boost_round": 70.0}, "datetime": {"datetime": "2024-01-19 00:32:04", "elapsed": 1231.638646, "delta": 0.001659}}
{"target": -17.673920551343485, "params": {"gamma": 714.5647410222499, "log10_alpha": -3.7691456089347892, "log10_colsample_bytree": -0.9276053649281988, "log10_eta": -2.854751910008964, "log10_lambda": -1.2555155770518298, "log10_min_child_weight": 1.618321644539621, "log10_subsample": -0.19459007357189584, "max_depth": 6.0, "num_boost_round": 71.0}, "datetime": {"datetime": "2024-01-19 00:32:04", "elapsed": 1231.640308, "delta": 0.001662}}
{"target": -17.67393420702501, "params": {"gamma": 714.5647410222499, "log10_alpha": -3.7691456089347892, "log10_colsample_bytree": -0.9276053649281988, "log10_eta": -2.854751910008964, "log10_lambda": -1.2555155770518298, "log10_min_child_weight": 1.618321644539621, "log10_subsample": -0.19459007357189584, "max_depth": 6.0, "num_boost_round": 72.0}, "datetime": {"datetime": "2024-01-19 00:32:04", "elapsed": 1231.641964, "delta": 0.001656}}
{"target": -17.673896898646618, "params": {"gamma": 714.5647410222499, "log10_alpha": -3.7691456089347892, "log10_colsample_bytree": -0.9276053649281988, "log10_eta": -2.854751910008964, "log10_lambda": -1.2555155770518298, "log10_min_child_weight": 1.618321644539621, "log10_subsample": -0.19459007357189584, "max_depth": 6.0, "num_boost_round": 73.0}, "datetime": {"datetime": "2024-01-19 00:32:04", "elapsed": 1231.643643, "delta": 0.001679}}
{"target": -17.67385950947163, "params": {"gamma": 714.5647410222499, "log10_alpha": -3.7691456089347892, "log10_colsample_bytree": -0.9276053649281988, "log10_eta": -2.854751910008964, "log10_lambda": -1.2555155770518298, "log10_min_child_weight": 1.618321644539621, "log10_subsample": -0.19459007357189584, "max_depth": 6.0, "num_boost_round": 74.0}, "datetime": {"datetime": "2024-01-19 00:32:04", "elapsed": 1231.645306, "delta": 0.001663}}
{"target": -17.67390115171869, "params": {"gamma": 714.5647410222499, "log10_alpha": -3.7691456089347892, "log10_colsample_bytree": -0.9276053649281988, "log10_eta": -2.854751910008964, "log10_lambda": -1.2555155770518298, "log10_min_child_weight": 1.618321644539621, "log10_subsample": -0.19459007357189584, "max_depth": 6.0, "num_boost_round": 75.0}, "datetime": {"datetime": "2024-01-19 00:32:04", "elapsed": 1231.646962, "delta": 0.001656}}
{"target": -17.675664722018187, "params": {"gamma": 716.4765572568706, "log10_alpha": -2.616008869948176, "log10_colsample_bytree": -0.24659178082555688, "log10_eta": -0.8937137847280363, "log10_lambda": 0.8302271359577134, "log10_min_child_weight": 3.693047075916514, "log10_subsample": -0.4982190336628759, "max_depth": 5.0, "num_boost_round": 0.0}, "datetime": {"datetime": "2024-01-19 00:32:44", "elapsed": 1272.22203, "delta": 40.575068}}
{"target": -17.67325485902418, "params": {"gamma": 716.4765572568706, "log10_alpha": -2.616008869948176, "log10_colsample_bytree": -0.24659178082555688, "log10_eta": -0.8937137847280363, "log10_lambda": 0.8302271359577134, "log10_min_child_weight": 3.693047075916514, "log10_subsample": -0.4982190336628759, "max_depth": 5.0, "num_boost_round": 1.0}, "datetime": {"datetime": "2024-01-19 00:32:44", "elapsed": 1272.224296, "delta": 0.002266}}
{"target": -17.671290466211452, "params": {"gamma": 716.4765572568706, "log10_alpha": -2.616008869948176, "log10_colsample_bytree": -0.24659178082555688, "log10_eta": -0.8937137847280363, "log10_lambda": 0.8302271359577134, "log10_min_child_weight": 3.693047075916514, "log10_subsample": -0.4982190336628759, "max_depth": 5.0, "num_boost_round": 2.0}, "datetime": {"datetime": "2024-01-19 00:32:44", "elapsed": 1272.226081, "delta": 0.001785}}
{"target": -17.67249382895804, "params": {"gamma": 716.4765572568706, "log10_alpha": -2.616008869948176, "log10_colsample_bytree": -0.24659178082555688, "log10_eta": -0.8937137847280363, "log10_lambda": 0.8302271359577134, "log10_min_child_weight": 3.693047075916514, "log10_subsample": -0.4982190336628759, "max_depth": 5.0, "num_boost_round": 3.0}, "datetime": {"datetime": "2024-01-19 00:32:44", "elapsed": 1272.227776, "delta": 0.001695}}
{"target": -17.674678433174687, "params": {"gamma": 716.4765572568706, "log10_alpha": -2.616008869948176, "log10_colsample_bytree": -0.24659178082555688, "log10_eta": -0.8937137847280363, "log10_lambda": 0.8302271359577134, "log10_min_child_weight": 3.693047075916514, "log10_subsample": -0.4982190336628759, "max_depth": 5.0, "num_boost_round": 4.0}, "datetime": {"datetime": "2024-01-19 00:32:44", "elapsed": 1272.229469, "delta": 0.001693}}
{"target": -17.68025609625801, "params": {"gamma": 716.4765572568706, "log10_alpha": -2.616008869948176, "log10_colsample_bytree": -0.24659178082555688, "log10_eta": -0.8937137847280363, "log10_lambda": 0.8302271359577134, "log10_min_child_weight": 3.693047075916514, "log10_subsample": -0.4982190336628759, "max_depth": 5.0, "num_boost_round": 5.0}, "datetime": {"datetime": "2024-01-19 00:32:44", "elapsed": 1272.231187, "delta": 0.001718}}
{"target": -17.679508928927188, "params": {"gamma": 716.4765572568706, "log10_alpha": -2.616008869948176, "log10_colsample_bytree": -0.24659178082555688, "log10_eta": -0.8937137847280363, "log10_lambda": 0.8302271359577134, "log10_min_child_weight": 3.693047075916514, "log10_subsample": -0.4982190336628759, "max_depth": 5.0, "num_boost_round": 6.0}, "datetime": {"datetime": "2024-01-19 00:32:44", "elapsed": 1272.233223, "delta": 0.002036}}
{"target": -17.680870761995436, "params": {"gamma": 716.4765572568706, "log10_alpha": -2.616008869948176, "log10_colsample_bytree": -0.24659178082555688, "log10_eta": -0.8937137847280363, "log10_lambda": 0.8302271359577134, "log10_min_child_weight": 3.693047075916514, "log10_subsample": -0.4982190336628759, "max_depth": 5.0, "num_boost_round": 7.0}, "datetime": {"datetime": "2024-01-19 00:32:44", "elapsed": 1272.235728, "delta": 0.002505}}
{"target": -17.683832639584946, "params": {"gamma": 716.4765572568706, "log10_alpha": -2.616008869948176, "log10_colsample_bytree": -0.24659178082555688, "log10_eta": -0.8937137847280363, "log10_lambda": 0.8302271359577134, "log10_min_child_weight": 3.693047075916514, "log10_subsample": -0.4982190336628759, "max_depth": 5.0, "num_boost_round": 8.0}, "datetime": {"datetime": "2024-01-19 00:32:44", "elapsed": 1272.237539, "delta": 0.001811}}
{"target": -17.68468234354456, "params": {"gamma": 716.4765572568706, "log10_alpha": -2.616008869948176, "log10_colsample_bytree": -0.24659178082555688, "log10_eta": -0.8937137847280363, "log10_lambda": 0.8302271359577134, "log10_min_child_weight": 3.693047075916514, "log10_subsample": -0.4982190336628759, "max_depth": 5.0, "num_boost_round": 9.0}, "datetime": {"datetime": "2024-01-19 00:32:44", "elapsed": 1272.23975, "delta": 0.002211}}
{"target": -17.689755209442758, "params": {"gamma": 716.4765572568706, "log10_alpha": -2.616008869948176, "log10_colsample_bytree": -0.24659178082555688, "log10_eta": -0.8937137847280363, "log10_lambda": 0.8302271359577134, "log10_min_child_weight": 3.693047075916514, "log10_subsample": -0.4982190336628759, "max_depth": 5.0, "num_boost_round": 10.0}, "datetime": {"datetime": "2024-01-19 00:32:44", "elapsed": 1272.24144, "delta": 0.00169}}
{"target": -17.691033649388377, "params": {"gamma": 716.4765572568706, "log10_alpha": -2.616008869948176, "log10_colsample_bytree": -0.24659178082555688, "log10_eta": -0.8937137847280363, "log10_lambda": 0.8302271359577134, "log10_min_child_weight": 3.693047075916514, "log10_subsample": -0.4982190336628759, "max_depth": 5.0, "num_boost_round": 11.0}, "datetime": {"datetime": "2024-01-19 00:32:44", "elapsed": 1272.243128, "delta": 0.001688}}
{"target": -17.690430227011007, "params": {"gamma": 716.4765572568706, "log10_alpha": -2.616008869948176, "log10_colsample_bytree": -0.24659178082555688, "log10_eta": -0.8937137847280363, "log10_lambda": 0.8302271359577134, "log10_min_child_weight": 3.693047075916514, "log10_subsample": -0.4982190336628759, "max_depth": 5.0, "num_boost_round": 12.0}, "datetime": {"datetime": "2024-01-19 00:32:44", "elapsed": 1272.244781, "delta": 0.001653}}
{"target": -17.69375327237659, "params": {"gamma": 716.4765572568706, "log10_alpha": -2.616008869948176, "log10_colsample_bytree": -0.24659178082555688, "log10_eta": -0.8937137847280363, "log10_lambda": 0.8302271359577134, "log10_min_child_weight": 3.693047075916514, "log10_subsample": -0.4982190336628759, "max_depth": 5.0, "num_boost_round": 13.0}, "datetime": {"datetime": "2024-01-19 00:32:44", "elapsed": 1272.246452, "delta": 0.001671}}
{"target": -17.69558775530245, "params": {"gamma": 716.4765572568706, "log10_alpha": -2.616008869948176, "log10_colsample_bytree": -0.24659178082555688, "log10_eta": -0.8937137847280363, "log10_lambda": 0.8302271359577134, "log10_min_child_weight": 3.693047075916514, "log10_subsample": -0.4982190336628759, "max_depth": 5.0, "num_boost_round": 14.0}, "datetime": {"datetime": "2024-01-19 00:32:44", "elapsed": 1272.248252, "delta": 0.0018}}
{"target": -17.698749310694716, "params": {"gamma": 716.4765572568706, "log10_alpha": -2.616008869948176, "log10_colsample_bytree": -0.24659178082555688, "log10_eta": -0.8937137847280363, "log10_lambda": 0.8302271359577134, "log10_min_child_weight": 3.693047075916514, "log10_subsample": -0.4982190336628759, "max_depth": 5.0, "num_boost_round": 15.0}, "datetime": {"datetime": "2024-01-19 00:32:44", "elapsed": 1272.2499, "delta": 0.001648}}
{"target": -17.700001585880813, "params": {"gamma": 716.4765572568706, "log10_alpha": -2.616008869948176, "log10_colsample_bytree": -0.24659178082555688, "log10_eta": -0.8937137847280363, "log10_lambda": 0.8302271359577134, "log10_min_child_weight": 3.693047075916514, "log10_subsample": -0.4982190336628759, "max_depth": 5.0, "num_boost_round": 16.0}, "datetime": {"datetime": "2024-01-19 00:32:44", "elapsed": 1272.251594, "delta": 0.001694}}
{"target": -17.70361004593345, "params": {"gamma": 716.4765572568706, "log10_alpha": -2.616008869948176, "log10_colsample_bytree": -0.24659178082555688, "log10_eta": -0.8937137847280363, "log10_lambda": 0.8302271359577134, "log10_min_child_weight": 3.693047075916514, "log10_subsample": -0.4982190336628759, "max_depth": 5.0, "num_boost_round": 17.0}, "datetime": {"datetime": "2024-01-19 00:32:44", "elapsed": 1272.253287, "delta": 0.001693}}
{"target": -17.707045389806847, "params": {"gamma": 716.4765572568706, "log10_alpha": -2.616008869948176, "log10_colsample_bytree": -0.24659178082555688, "log10_eta": -0.8937137847280363, "log10_lambda": 0.8302271359577134, "log10_min_child_weight": 3.693047075916514, "log10_subsample": -0.4982190336628759, "max_depth": 5.0, "num_boost_round": 18.0}, "datetime": {"datetime": "2024-01-19 00:32:44", "elapsed": 1272.254948, "delta": 0.001661}}
{"target": -17.710088264660246, "params": {"gamma": 716.4765572568706, "log10_alpha": -2.616008869948176, "log10_colsample_bytree": -0.24659178082555688, "log10_eta": -0.8937137847280363, "log10_lambda": 0.8302271359577134, "log10_min_child_weight": 3.693047075916514, "log10_subsample": -0.4982190336628759, "max_depth": 5.0, "num_boost_round": 19.0}, "datetime": {"datetime": "2024-01-19 00:32:44", "elapsed": 1272.25674, "delta": 0.001792}}
{"target": -17.711700765659604, "params": {"gamma": 716.4765572568706, "log10_alpha": -2.616008869948176, "log10_colsample_bytree": -0.24659178082555688, "log10_eta": -0.8937137847280363, "log10_lambda": 0.8302271359577134, "log10_min_child_weight": 3.693047075916514, "log10_subsample": -0.4982190336628759, "max_depth": 5.0, "num_boost_round": 20.0}, "datetime": {"datetime": "2024-01-19 00:32:44", "elapsed": 1272.258406, "delta": 0.001666}}
{"target": -17.711341949328467, "params": {"gamma": 716.4765572568706, "log10_alpha": -2.616008869948176, "log10_colsample_bytree": -0.24659178082555688, "log10_eta": -0.8937137847280363, "log10_lambda": 0.8302271359577134, "log10_min_child_weight": 3.693047075916514, "log10_subsample": -0.4982190336628759, "max_depth": 5.0, "num_boost_round": 21.0}, "datetime": {"datetime": "2024-01-19 00:32:44", "elapsed": 1272.260072, "delta": 0.001666}}
{"target": -17.71344468230103, "params": {"gamma": 716.4765572568706, "log10_alpha": -2.616008869948176, "log10_colsample_bytree": -0.24659178082555688, "log10_eta": -0.8937137847280363, "log10_lambda": 0.8302271359577134, "log10_min_child_weight": 3.693047075916514, "log10_subsample": -0.4982190336628759, "max_depth": 5.0, "num_boost_round": 22.0}, "datetime": {"datetime": "2024-01-19 00:32:44", "elapsed": 1272.261745, "delta": 0.001673}}
{"target": -17.71415706215863, "params": {"gamma": 716.4765572568706, "log10_alpha": -2.616008869948176, "log10_colsample_bytree": -0.24659178082555688, "log10_eta": -0.8937137847280363, "log10_lambda": 0.8302271359577134, "log10_min_child_weight": 3.693047075916514, "log10_subsample": -0.4982190336628759, "max_depth": 5.0, "num_boost_round": 23.0}, "datetime": {"datetime": "2024-01-19 00:32:44", "elapsed": 1272.263421, "delta": 0.001676}}
{"target": -17.71566889289378, "params": {"gamma": 716.4765572568706, "log10_alpha": -2.616008869948176, "log10_colsample_bytree": -0.24659178082555688, "log10_eta": -0.8937137847280363, "log10_lambda": 0.8302271359577134, "log10_min_child_weight": 3.693047075916514, "log10_subsample": -0.4982190336628759, "max_depth": 5.0, "num_boost_round": 24.0}, "datetime": {"datetime": "2024-01-19 00:32:44", "elapsed": 1272.265098, "delta": 0.001677}}
{"target": -17.717667845980007, "params": {"gamma": 716.4765572568706, "log10_alpha": -2.616008869948176, "log10_colsample_bytree": -0.24659178082555688, "log10_eta": -0.8937137847280363, "log10_lambda": 0.8302271359577134, "log10_min_child_weight": 3.693047075916514, "log10_subsample": -0.4982190336628759, "max_depth": 5.0, "num_boost_round": 25.0}, "datetime": {"datetime": "2024-01-19 00:32:44", "elapsed": 1272.266918, "delta": 0.00182}}
{"target": -17.72129359354017, "params": {"gamma": 716.4765572568706, "log10_alpha": -2.616008869948176, "log10_colsample_bytree": -0.24659178082555688, "log10_eta": -0.8937137847280363, "log10_lambda": 0.8302271359577134, "log10_min_child_weight": 3.693047075916514, "log10_subsample": -0.4982190336628759, "max_depth": 5.0, "num_boost_round": 26.0}, "datetime": {"datetime": "2024-01-19 00:32:44", "elapsed": 1272.268671, "delta": 0.001753}}
{"target": -17.72327741590031, "params": {"gamma": 716.4765572568706, "log10_alpha": -2.616008869948176, "log10_colsample_bytree": -0.24659178082555688, "log10_eta": -0.8937137847280363, "log10_lambda": 0.8302271359577134, "log10_min_child_weight": 3.693047075916514, "log10_subsample": -0.4982190336628759, "max_depth": 5.0, "num_boost_round": 27.0}, "datetime": {"datetime": "2024-01-19 00:32:44", "elapsed": 1272.270353, "delta": 0.001682}}
{"target": -17.723998878195285, "params": {"gamma": 716.4765572568706, "log10_alpha": -2.616008869948176, "log10_colsample_bytree": -0.24659178082555688, "log10_eta": -0.8937137847280363, "log10_lambda": 0.8302271359577134, "log10_min_child_weight": 3.693047075916514, "log10_subsample": -0.4982190336628759, "max_depth": 5.0, "num_boost_round": 28.0}, "datetime": {"datetime": "2024-01-19 00:32:44", "elapsed": 1272.272032, "delta": 0.001679}}
{"target": -17.727760507438763, "params": {"gamma": 716.4765572568706, "log10_alpha": -2.616008869948176, "log10_colsample_bytree": -0.24659178082555688, "log10_eta": -0.8937137847280363, "log10_lambda": 0.8302271359577134, "log10_min_child_weight": 3.693047075916514, "log10_subsample": -0.4982190336628759, "max_depth": 5.0, "num_boost_round": 29.0}, "datetime": {"datetime": "2024-01-19 00:32:44", "elapsed": 1272.273742, "delta": 0.00171}}
{"target": -17.728537903654967, "params": {"gamma": 716.4765572568706, "log10_alpha": -2.616008869948176, "log10_colsample_bytree": -0.24659178082555688, "log10_eta": -0.8937137847280363, "log10_lambda": 0.8302271359577134, "log10_min_child_weight": 3.693047075916514, "log10_subsample": -0.4982190336628759, "max_depth": 5.0, "num_boost_round": 30.0}, "datetime": {"datetime": "2024-01-19 00:32:44", "elapsed": 1272.275447, "delta": 0.001705}}
{"target": -17.73236639261252, "params": {"gamma": 716.4765572568706, "log10_alpha": -2.616008869948176, "log10_colsample_bytree": -0.24659178082555688, "log10_eta": -0.8937137847280363, "log10_lambda": 0.8302271359577134, "log10_min_child_weight": 3.693047075916514, "log10_subsample": -0.4982190336628759, "max_depth": 5.0, "num_boost_round": 31.0}, "datetime": {"datetime": "2024-01-19 00:32:44", "elapsed": 1272.27731, "delta": 0.001863}}
