{"target": -13.758474760537794, "params": {"gamma": 936.1711306505317, "log10_alpha": -4.324789928498511, "log10_colsample_bytree": -0.5268261374514335, "log10_eta": -2.577839978303622, "log10_lambda": 0.8634400358324781, "log10_min_child_weight": 4.848127901411051, "log10_subsample": -0.9700070471006742, "max_depth": 9.0, "num_boost_round": 20.0}, "datetime": {"datetime": "2024-01-19 01:49:09", "elapsed": 5850.623135, "delta": 0.006069}}
{"target": -13.758476272296393, "params": {"gamma": 936.1711306505317, "log10_alpha": -4.324789928498511, "log10_colsample_bytree": -0.5268261374514335, "log10_eta": -2.577839978303622, "log10_lambda": 0.8634400358324781, "log10_min_child_weight": 4.848127901411051, "log10_subsample": -0.9700070471006742, "max_depth": 9.0, "num_boost_round": 21.0}, "datetime": {"datetime": "2024-01-19 01:49:09", "elapsed": 5850.629489, "delta": 0.006354}}
{"target": -13.758473734824362, "params": {"gamma": 936.1711306505317, "log10_alpha": -4.324789928498511, "log10_colsample_bytree": -0.5268261374514335, "log10_eta": -2.577839978303622, "log10_lambda": 0.8634400358324781, "log10_min_child_weight": 4.848127901411051, "log10_subsample": -0.9700070471006742, "max_depth": 9.0, "num_boost_round": 22.0}, "datetime": {"datetime": "2024-01-19 01:49:09", "elapsed": 5850.635561, "delta": 0.006072}}
{"target": -13.758465626738417, "params": {"gamma": 936.1711306505317, "log10_alpha": -4.324789928498511, "log10_colsample_bytree": -0.5268261374514335, "log10_eta": -2.577839978303622, "log10_lambda": 0.8634400358324781, "log10_min_child_weight": 4.848127901411051, "log10_subsample": -0.9700070471006742, "max_depth": 9.0, "num_boost_round": 23.0}, "datetime": {"datetime": "2024-01-19 01:49:09", "elapsed": 5850.641443, "delta": 0.005882}}
{"target": -13.758465894362828, "params": {"gamma": 936.1711306505317, "log10_alpha": -4.324789928498511, "log10_colsample_bytree": -0.5268261374514335, "log10_eta": -2.577839978303622, "log10_lambda": 0.8634400358324781, "log10_min_child_weight": 4.848127901411051, "log10_subsample": -0.9700070471006742, "max_depth": 9.0, "num_boost_round": 24.0}, "datetime": {"datetime": "2024-01-19 01:49:09", "elapsed": 5850.647471, "delta": 0.006028}}
{"target": -13.758462392707496, "params": {"gamma": 936.1711306505317, "log10_alpha": -4.324789928498511, "log10_colsample_bytree": -0.5268261374514335, "log10_eta": -2.577839978303622, "log10_lambda": 0.8634400358324781, "log10_min_child_weight": 4.848127901411051, "log10_subsample": -0.9700070471006742, "max_depth": 9.0, "num_boost_round": 25.0}, "datetime": {"datetime": "2024-01-19 01:49:09", "elapsed": 5850.653381, "delta": 0.00591}}
{"target": -13.758462762100788, "params": {"gamma": 936.1711306505317, "log10_alpha": -4.324789928498511, "log10_colsample_bytree": -0.5268261374514335, "log10_eta": -2.577839978303622, "log10_lambda": 0.8634400358324781, "log10_min_child_weight": 4.848127901411051, "log10_subsample": -0.9700070471006742, "max_depth": 9.0, "num_boost_round": 26.0}, "datetime": {"datetime": "2024-01-19 01:49:09", "elapsed": 5850.659256, "delta": 0.005875}}
{"target": -13.758451798669697, "params": {"gamma": 936.1711306505317, "log10_alpha": -4.324789928498511, "log10_colsample_bytree": -0.5268261374514335, "log10_eta": -2.577839978303622, "log10_lambda": 0.8634400358324781, "log10_min_child_weight": 4.848127901411051, "log10_subsample": -0.9700070471006742, "max_depth": 9.0, "num_boost_round": 27.0}, "datetime": {"datetime": "2024-01-19 01:49:09", "elapsed": 5850.664978, "delta": 0.005722}}
{"target": -13.758440878508612, "params": {"gamma": 936.1711306505317, "log10_alpha": -4.324789928498511, "log10_colsample_bytree": -0.5268261374514335, "log10_eta": -2.577839978303622, "log10_lambda": 0.8634400358324781, "log10_min_child_weight": 4.848127901411051, "log10_subsample": -0.9700070471006742, "max_depth": 9.0, "num_boost_round": 28.0}, "datetime": {"datetime": "2024-01-19 01:49:09", "elapsed": 5850.670764, "delta": 0.005786}}
{"target": -13.7770757724269, "params": {"gamma": 923.524024703926, "log10_alpha": -3.6548128837340688, "log10_colsample_bytree": -0.9752689233461058, "log10_eta": -0.19301847397052452, "log10_lambda": -4.836302802775942, "log10_min_child_weight": 3.4752730698358225, "log10_subsample": -0.317527743369327, "max_depth": 9.0, "num_boost_round": 0.0}, "datetime": {"datetime": "2024-01-19 01:50:35", "elapsed": 5936.17342, "delta": 85.502656}}
{"target": -13.807086312807403, "params": {"gamma": 923.524024703926, "log10_alpha": -3.6548128837340688, "log10_colsample_bytree": -0.9752689233461058, "log10_eta": -0.19301847397052452, "log10_lambda": -4.836302802775942, "log10_min_child_weight": 3.4752730698358225, "log10_subsample": -0.317527743369327, "max_depth": 9.0, "num_boost_round": 1.0}, "datetime": {"datetime": "2024-01-19 01:50:35", "elapsed": 5936.179838, "delta": 0.006418}}
{"target": -13.824483270057389, "params": {"gamma": 923.524024703926, "log10_alpha": -3.6548128837340688, "log10_colsample_bytree": -0.9752689233461058, "log10_eta": -0.19301847397052452, "log10_lambda": -4.836302802775942, "log10_min_child_weight": 3.4752730698358225, "log10_subsample": -0.317527743369327, "max_depth": 9.0, "num_boost_round": 2.0}, "datetime": {"datetime": "2024-01-19 01:50:35", "elapsed": 5936.185764, "delta": 0.005926}}
{"target": -13.847365967631928, "params": {"gamma": 923.524024703926, "log10_alpha": -3.6548128837340688, "log10_colsample_bytree": -0.9752689233461058, "log10_eta": -0.19301847397052452, "log10_lambda": -4.836302802775942, "log10_min_child_weight": 3.4752730698358225, "log10_subsample": -0.317527743369327, "max_depth": 9.0, "num_boost_round": 3.0}, "datetime": {"datetime": "2024-01-19 01:50:35", "elapsed": 5936.191623, "delta": 0.005859}}
{"target": -13.863032598918346, "params": {"gamma": 923.524024703926, "log10_alpha": -3.6548128837340688, "log10_colsample_bytree": -0.9752689233461058, "log10_eta": -0.19301847397052452, "log10_lambda": -4.836302802775942, "log10_min_child_weight": 3.4752730698358225, "log10_subsample": -0.317527743369327, "max_depth": 9.0, "num_boost_round": 4.0}, "datetime": {"datetime": "2024-01-19 01:50:35", "elapsed": 5936.19742, "delta": 0.005797}}
{"target": -13.880139218992646, "params": {"gamma": 923.524024703926, "log10_alpha": -3.6548128837340688, "log10_colsample_bytree": -0.9752689233461058, "log10_eta": -0.19301847397052452, "log10_lambda": -4.836302802775942, "log10_min_child_weight": 3.4752730698358225, "log10_subsample": -0.317527743369327, "max_depth": 9.0, "num_boost_round": 5.0}, "datetime": {"datetime": "2024-01-19 01:50:35", "elapsed": 5936.203249, "delta": 0.005829}}
{"target": -13.888154791130603, "params": {"gamma": 923.524024703926, "log10_alpha": -3.6548128837340688, "log10_colsample_bytree": -0.9752689233461058, "log10_eta": -0.19301847397052452, "log10_lambda": -4.836302802775942, "log10_min_child_weight": 3.4752730698358225, "log10_subsample": -0.317527743369327, "max_depth": 9.0, "num_boost_round": 6.0}, "datetime": {"datetime": "2024-01-19 01:50:35", "elapsed": 5936.209154, "delta": 0.005905}}
{"target": -13.891173638329105, "params": {"gamma": 923.524024703926, "log10_alpha": -3.6548128837340688, "log10_colsample_bytree": -0.9752689233461058, "log10_eta": -0.19301847397052452, "log10_lambda": -4.836302802775942, "log10_min_child_weight": 3.4752730698358225, "log10_subsample": -0.317527743369327, "max_depth": 9.0, "num_boost_round": 7.0}, "datetime": {"datetime": "2024-01-19 01:50:35", "elapsed": 5936.215003, "delta": 0.005849}}
{"target": -13.897866566910789, "params": {"gamma": 923.524024703926, "log10_alpha": -3.6548128837340688, "log10_colsample_bytree": -0.9752689233461058, "log10_eta": -0.19301847397052452, "log10_lambda": -4.836302802775942, "log10_min_child_weight": 3.4752730698358225, "log10_subsample": -0.317527743369327, "max_depth": 9.0, "num_boost_round": 8.0}, "datetime": {"datetime": "2024-01-19 01:50:35", "elapsed": 5936.220894, "delta": 0.005891}}
{"target": -13.931701578104951, "params": {"gamma": 923.524024703926, "log10_alpha": -3.6548128837340688, "log10_colsample_bytree": -0.9752689233461058, "log10_eta": -0.19301847397052452, "log10_lambda": -4.836302802775942, "log10_min_child_weight": 3.4752730698358225, "log10_subsample": -0.317527743369327, "max_depth": 9.0, "num_boost_round": 9.0}, "datetime": {"datetime": "2024-01-19 01:50:35", "elapsed": 5936.226762, "delta": 0.005868}}
{"target": -13.947697512156974, "params": {"gamma": 923.524024703926, "log10_alpha": -3.6548128837340688, "log10_colsample_bytree": -0.9752689233461058, "log10_eta": -0.19301847397052452, "log10_lambda": -4.836302802775942, "log10_min_child_weight": 3.4752730698358225, "log10_subsample": -0.317527743369327, "max_depth": 9.0, "num_boost_round": 10.0}, "datetime": {"datetime": "2024-01-19 01:50:35", "elapsed": 5936.232643, "delta": 0.005881}}
{"target": -13.959007682114994, "params": {"gamma": 923.524024703926, "log10_alpha": -3.6548128837340688, "log10_colsample_bytree": -0.9752689233461058, "log10_eta": -0.19301847397052452, "log10_lambda": -4.836302802775942, "log10_min_child_weight": 3.4752730698358225, "log10_subsample": -0.317527743369327, "max_depth": 9.0, "num_boost_round": 11.0}, "datetime": {"datetime": "2024-01-19 01:50:35", "elapsed": 5936.238703, "delta": 0.00606}}
{"target": -13.986202840341514, "params": {"gamma": 923.524024703926, "log10_alpha": -3.6548128837340688, "log10_colsample_bytree": -0.9752689233461058, "log10_eta": -0.19301847397052452, "log10_lambda": -4.836302802775942, "log10_min_child_weight": 3.4752730698358225, "log10_subsample": -0.317527743369327, "max_depth": 9.0, "num_boost_round": 12.0}, "datetime": {"datetime": "2024-01-19 01:50:35", "elapsed": 5936.244807, "delta": 0.006104}}
{"target": -13.99588887177626, "params": {"gamma": 923.524024703926, "log10_alpha": -3.6548128837340688, "log10_colsample_bytree": -0.9752689233461058, "log10_eta": -0.19301847397052452, "log10_lambda": -4.836302802775942, "log10_min_child_weight": 3.4752730698358225, "log10_subsample": -0.317527743369327, "max_depth": 9.0, "num_boost_round": 13.0}, "datetime": {"datetime": "2024-01-19 01:50:35", "elapsed": 5936.250967, "delta": 0.00616}}
{"target": -14.024438745527462, "params": {"gamma": 923.524024703926, "log10_alpha": -3.6548128837340688, "log10_colsample_bytree": -0.9752689233461058, "log10_eta": -0.19301847397052452, "log10_lambda": -4.836302802775942, "log10_min_child_weight": 3.4752730698358225, "log10_subsample": -0.317527743369327, "max_depth": 9.0, "num_boost_round": 14.0}, "datetime": {"datetime": "2024-01-19 01:50:35", "elapsed": 5936.256683, "delta": 0.005716}}
{"target": -14.036904931959098, "params": {"gamma": 923.524024703926, "log10_alpha": -3.6548128837340688, "log10_colsample_bytree": -0.9752689233461058, "log10_eta": -0.19301847397052452, "log10_lambda": -4.836302802775942, "log10_min_child_weight": 3.4752730698358225, "log10_subsample": -0.317527743369327, "max_depth": 9.0, "num_boost_round": 15.0}, "datetime": {"datetime": "2024-01-19 01:50:35", "elapsed": 5936.262629, "delta": 0.005946}}
{"target": -14.039282964157922, "params": {"gamma": 923.524024703926, "log10_alpha": -3.6548128837340688, "log10_colsample_bytree": -0.9752689233461058, "log10_eta": -0.19301847397052452, "log10_lambda": -4.836302802775942, "log10_min_child_weight": 3.4752730698358225, "log10_subsample": -0.317527743369327, "max_depth": 9.0, "num_boost_round": 16.0}, "datetime": {"datetime": "2024-01-19 01:50:35", "elapsed": 5936.268568, "delta": 0.005939}}
{"target": -14.050617792004868, "params": {"gamma": 923.524024703926, "log10_alpha": -3.6548128837340688, "log10_colsample_bytree": -0.9752689233461058, "log10_eta": -0.19301847397052452, "log10_lambda": -4.836302802775942, "log10_min_child_weight": 3.4752730698358225, "log10_subsample": -0.317527743369327, "max_depth": 9.0, "num_boost_round": 17.0}, "datetime": {"datetime": "2024-01-19 01:50:35", "elapsed": 5936.274773, "delta": 0.006205}}
{"target": -14.055824643178871, "params": {"gamma": 923.524024703926, "log10_alpha": -3.6548128837340688, "log10_colsample_bytree": -0.9752689233461058, "log10_eta": -0.19301847397052452, "log10_lambda": -4.836302802775942, "log10_min_child_weight": 3.4752730698358225, "log10_subsample": -0.317527743369327, "max_depth": 9.0, "num_boost_round": 18.0}, "datetime": {"datetime": "2024-01-19 01:50:35", "elapsed": 5936.280651, "delta": 0.005878}}
{"target": -14.056932535589583, "params": {"gamma": 923.524024703926, "log10_alpha": -3.6548128837340688, "log10_colsample_bytree": -0.9752689233461058, "log10_eta": -0.19301847397052452, "log10_lambda": -4.836302802775942, "log10_min_child_weight": 3.4752730698358225, "log10_subsample": -0.317527743369327, "max_depth": 9.0, "num_boost_round": 19.0}, "datetime": {"datetime": "2024-01-19 01:50:35", "elapsed": 5936.286574, "delta": 0.005923}}
{"target": -14.061287741431979, "params": {"gamma": 923.524024703926, "log10_alpha": -3.6548128837340688, "log10_colsample_bytree": -0.9752689233461058, "log10_eta": -0.19301847397052452, "log10_lambda": -4.836302802775942, "log10_min_child_weight": 3.4752730698358225, "log10_subsample": -0.317527743369327, "max_depth": 9.0, "num_boost_round": 20.0}, "datetime": {"datetime": "2024-01-19 01:50:35", "elapsed": 5936.292319, "delta": 0.005745}}
{"target": -14.063348334427268, "params": {"gamma": 923.524024703926, "log10_alpha": -3.6548128837340688, "log10_colsample_bytree": -0.9752689233461058, "log10_eta": -0.19301847397052452, "log10_lambda": -4.836302802775942, "log10_min_child_weight": 3.4752730698358225, "log10_subsample": -0.317527743369327, "max_depth": 9.0, "num_boost_round": 21.0}, "datetime": {"datetime": "2024-01-19 01:50:35", "elapsed": 5936.298247, "delta": 0.005928}}
{"target": -14.08936758332023, "params": {"gamma": 923.524024703926, "log10_alpha": -3.6548128837340688, "log10_colsample_bytree": -0.9752689233461058, "log10_eta": -0.19301847397052452, "log10_lambda": -4.836302802775942, "log10_min_child_weight": 3.4752730698358225, "log10_subsample": -0.317527743369327, "max_depth": 9.0, "num_boost_round": 22.0}, "datetime": {"datetime": "2024-01-19 01:50:35", "elapsed": 5936.304142, "delta": 0.005895}}
{"target": -14.089947482461703, "params": {"gamma": 923.524024703926, "log10_alpha": -3.6548128837340688, "log10_colsample_bytree": -0.9752689233461058, "log10_eta": -0.19301847397052452, "log10_lambda": -4.836302802775942, "log10_min_child_weight": 3.4752730698358225, "log10_subsample": -0.317527743369327, "max_depth": 9.0, "num_boost_round": 23.0}, "datetime": {"datetime": "2024-01-19 01:50:35", "elapsed": 5936.310431, "delta": 0.006289}}
{"target": -14.112213884445291, "params": {"gamma": 923.524024703926, "log10_alpha": -3.6548128837340688, "log10_colsample_bytree": -0.9752689233461058, "log10_eta": -0.19301847397052452, "log10_lambda": -4.836302802775942, "log10_min_child_weight": 3.4752730698358225, "log10_subsample": -0.317527743369327, "max_depth": 9.0, "num_boost_round": 24.0}, "datetime": {"datetime": "2024-01-19 01:50:35", "elapsed": 5936.317063, "delta": 0.006632}}
{"target": -14.128135298318435, "params": {"gamma": 923.524024703926, "log10_alpha": -3.6548128837340688, "log10_colsample_bytree": -0.9752689233461058, "log10_eta": -0.19301847397052452, "log10_lambda": -4.836302802775942, "log10_min_child_weight": 3.4752730698358225, "log10_subsample": -0.317527743369327, "max_depth": 9.0, "num_boost_round": 25.0}, "datetime": {"datetime": "2024-01-19 01:50:35", "elapsed": 5936.323364, "delta": 0.006301}}
{"target": -14.145942238051184, "params": {"gamma": 923.524024703926, "log10_alpha": -3.6548128837340688, "log10_colsample_bytree": -0.9752689233461058, "log10_eta": -0.19301847397052452, "log10_lambda": -4.836302802775942, "log10_min_child_weight": 3.4752730698358225, "log10_subsample": -0.317527743369327, "max_depth": 9.0, "num_boost_round": 26.0}, "datetime": {"datetime": "2024-01-19 01:50:35", "elapsed": 5936.329249, "delta": 0.005885}}
{"target": -14.167121056975072, "params": {"gamma": 923.524024703926, "log10_alpha": -3.6548128837340688, "log10_colsample_bytree": -0.9752689233461058, "log10_eta": -0.19301847397052452, "log10_lambda": -4.836302802775942, "log10_min_child_weight": 3.4752730698358225, "log10_subsample": -0.317527743369327, "max_depth": 9.0, "num_boost_round": 27.0}, "datetime": {"datetime": "2024-01-19 01:50:35", "elapsed": 5936.335053, "delta": 0.005804}}
{"target": -14.17527497775275, "params": {"gamma": 923.524024703926, "log10_alpha": -3.6548128837340688, "log10_colsample_bytree": -0.9752689233461058, "log10_eta": -0.19301847397052452, "log10_lambda": -4.836302802775942, "log10_min_child_weight": 3.4752730698358225, "log10_subsample": -0.317527743369327, "max_depth": 9.0, "num_boost_round": 28.0}, "datetime": {"datetime": "2024-01-19 01:50:35", "elapsed": 5936.340869, "delta": 0.005816}}
{"target": -14.18704306022282, "params": {"gamma": 923.524024703926, "log10_alpha": -3.6548128837340688, "log10_colsample_bytree": -0.9752689233461058, "log10_eta": -0.19301847397052452, "log10_lambda": -4.836302802775942, "log10_min_child_weight": 3.4752730698358225, "log10_subsample": -0.317527743369327, "max_depth": 9.0, "num_boost_round": 29.0}, "datetime": {"datetime": "2024-01-19 01:50:35", "elapsed": 5936.346713, "delta": 0.005844}}
{"target": -14.197530351911597, "params": {"gamma": 923.524024703926, "log10_alpha": -3.6548128837340688, "log10_colsample_bytree": -0.9752689233461058, "log10_eta": -0.19301847397052452, "log10_lambda": -4.836302802775942, "log10_min_child_weight": 3.4752730698358225, "log10_subsample": -0.317527743369327, "max_depth": 9.0, "num_boost_round": 30.0}, "datetime": {"datetime": "2024-01-19 01:50:35", "elapsed": 5936.352563, "delta": 0.00585}}
{"target": -14.212387770435498, "params": {"gamma": 923.524024703926, "log10_alpha": -3.6548128837340688, "log10_colsample_bytree": -0.9752689233461058, "log10_eta": -0.19301847397052452, "log10_lambda": -4.836302802775942, "log10_min_child_weight": 3.4752730698358225, "log10_subsample": -0.317527743369327, "max_depth": 9.0, "num_boost_round": 31.0}, "datetime": {"datetime": "2024-01-19 01:50:35", "elapsed": 5936.358399, "delta": 0.005836}}
{"target": -14.229647548267009, "params": {"gamma": 923.524024703926, "log10_alpha": -3.6548128837340688, "log10_colsample_bytree": -0.9752689233461058, "log10_eta": -0.19301847397052452, "log10_lambda": -4.836302802775942, "log10_min_child_weight": 3.4752730698358225, "log10_subsample": -0.317527743369327, "max_depth": 9.0, "num_boost_round": 32.0}, "datetime": {"datetime": "2024-01-19 01:50:35", "elapsed": 5936.364272, "delta": 0.005873}}
{"target": -14.246837212073363, "params": {"gamma": 923.524024703926, "log10_alpha": -3.6548128837340688, "log10_colsample_bytree": -0.9752689233461058, "log10_eta": -0.19301847397052452, "log10_lambda": -4.836302802775942, "log10_min_child_weight": 3.4752730698358225, "log10_subsample": -0.317527743369327, "max_depth": 9.0, "num_boost_round": 33.0}, "datetime": {"datetime": "2024-01-19 01:50:35", "elapsed": 5936.370179, "delta": 0.005907}}
{"target": -14.255393611210874, "params": {"gamma": 923.524024703926, "log10_alpha": -3.6548128837340688, "log10_colsample_bytree": -0.9752689233461058, "log10_eta": -0.19301847397052452, "log10_lambda": -4.836302802775942, "log10_min_child_weight": 3.4752730698358225, "log10_subsample": -0.317527743369327, "max_depth": 9.0, "num_boost_round": 34.0}, "datetime": {"datetime": "2024-01-19 01:50:35", "elapsed": 5936.376051, "delta": 0.005872}}
{"target": -14.294042856086474, "params": {"gamma": 923.524024703926, "log10_alpha": -3.6548128837340688, "log10_colsample_bytree": -0.9752689233461058, "log10_eta": -0.19301847397052452, "log10_lambda": -4.836302802775942, "log10_min_child_weight": 3.4752730698358225, "log10_subsample": -0.317527743369327, "max_depth": 9.0, "num_boost_round": 35.0}, "datetime": {"datetime": "2024-01-19 01:50:35", "elapsed": 5936.382078, "delta": 0.006027}}
{"target": -14.305821367540686, "params": {"gamma": 923.524024703926, "log10_alpha": -3.6548128837340688, "log10_colsample_bytree": -0.9752689233461058, "log10_eta": -0.19301847397052452, "log10_lambda": -4.836302802775942, "log10_min_child_weight": 3.4752730698358225, "log10_subsample": -0.317527743369327, "max_depth": 9.0, "num_boost_round": 36.0}, "datetime": {"datetime": "2024-01-19 01:50:35", "elapsed": 5936.388172, "delta": 0.006094}}
{"target": -14.319452863641267, "params": {"gamma": 923.524024703926, "log10_alpha": -3.6548128837340688, "log10_colsample_bytree": -0.9752689233461058, "log10_eta": -0.19301847397052452, "log10_lambda": -4.836302802775942, "log10_min_child_weight": 3.4752730698358225, "log10_subsample": -0.317527743369327, "max_depth": 9.0, "num_boost_round": 37.0}, "datetime": {"datetime": "2024-01-19 01:50:35", "elapsed": 5936.394367, "delta": 0.006195}}
{"target": -14.318013520957692, "params": {"gamma": 923.524024703926, "log10_alpha": -3.6548128837340688, "log10_colsample_bytree": -0.9752689233461058, "log10_eta": -0.19301847397052452, "log10_lambda": -4.836302802775942, "log10_min_child_weight": 3.4752730698358225, "log10_subsample": -0.317527743369327, "max_depth": 9.0, "num_boost_round": 38.0}, "datetime": {"datetime": "2024-01-19 01:50:35", "elapsed": 5936.400231, "delta": 0.005864}}
{"target": -14.325991939562957, "params": {"gamma": 923.524024703926, "log10_alpha": -3.6548128837340688, "log10_colsample_bytree": -0.9752689233461058, "log10_eta": -0.19301847397052452, "log10_lambda": -4.836302802775942, "log10_min_child_weight": 3.4752730698358225, "log10_subsample": -0.317527743369327, "max_depth": 9.0, "num_boost_round": 39.0}, "datetime": {"datetime": "2024-01-19 01:50:35", "elapsed": 5936.406165, "delta": 0.005934}}
