{"target": -17.67723300132923, "params": {"gamma": 430.8949855972248, "log10_alpha": -5.0, "log10_colsample_bytree": -1.0, "log10_eta": -4.0, "log10_lambda": -2.4698301854851987, "log10_min_child_weight": 5.0, "log10_subsample": -1.0, "max_depth": 7.0, "num_boost_round": 7.0}, "datetime": {"datetime": "2024-01-19 00:52:59", "elapsed": 2472.262893, "delta": 0.003337}}
{"target": -17.677232988347175, "params": {"gamma": 430.8949855972248, "log10_alpha": -5.0, "log10_colsample_bytree": -1.0, "log10_eta": -4.0, "log10_lambda": -2.4698301854851987, "log10_min_child_weight": 5.0, "log10_subsample": -1.0, "max_depth": 7.0, "num_boost_round": 8.0}, "datetime": {"datetime": "2024-01-19 00:52:59", "elapsed": 2472.266112, "delta": 0.003219}}
{"target": -17.677232944218673, "params": {"gamma": 430.8949855972248, "log10_alpha": -5.0, "log10_colsample_bytree": -1.0, "log10_eta": -4.0, "log10_lambda": -2.4698301854851987, "log10_min_child_weight": 5.0, "log10_subsample": -1.0, "max_depth": 7.0, "num_boost_round": 9.0}, "datetime": {"datetime": "2024-01-19 00:52:59", "elapsed": 2472.269393, "delta": 0.003281}}
{"target": -17.67723299938516, "params": {"gamma": 430.8949855972248, "log10_alpha": -5.0, "log10_colsample_bytree": -1.0, "log10_eta": -4.0, "log10_lambda": -2.4698301854851987, "log10_min_child_weight": 5.0, "log10_subsample": -1.0, "max_depth": 7.0, "num_boost_round": 10.0}, "datetime": {"datetime": "2024-01-19 00:52:59", "elapsed": 2472.272634, "delta": 0.003241}}
{"target": -17.677232987120824, "params": {"gamma": 430.8949855972248, "log10_alpha": -5.0, "log10_colsample_bytree": -1.0, "log10_eta": -4.0, "log10_lambda": -2.4698301854851987, "log10_min_child_weight": 5.0, "log10_subsample": -1.0, "max_depth": 7.0, "num_boost_round": 11.0}, "datetime": {"datetime": "2024-01-19 00:52:59", "elapsed": 2472.275854, "delta": 0.00322}}
{"target": -17.67723297038786, "params": {"gamma": 430.8949855972248, "log10_alpha": -5.0, "log10_colsample_bytree": -1.0, "log10_eta": -4.0, "log10_lambda": -2.4698301854851987, "log10_min_child_weight": 5.0, "log10_subsample": -1.0, "max_depth": 7.0, "num_boost_round": 12.0}, "datetime": {"datetime": "2024-01-19 00:52:59", "elapsed": 2472.279074, "delta": 0.00322}}
{"target": -17.67723300324995, "params": {"gamma": 430.8949855972248, "log10_alpha": -5.0, "log10_colsample_bytree": -1.0, "log10_eta": -4.0, "log10_lambda": -2.4698301854851987, "log10_min_child_weight": 5.0, "log10_subsample": -1.0, "max_depth": 7.0, "num_boost_round": 13.0}, "datetime": {"datetime": "2024-01-19 00:52:59", "elapsed": 2472.282357, "delta": 0.003283}}
{"target": -17.67723300404492, "params": {"gamma": 430.8949855972248, "log10_alpha": -5.0, "log10_colsample_bytree": -1.0, "log10_eta": -4.0, "log10_lambda": -2.4698301854851987, "log10_min_child_weight": 5.0, "log10_subsample": -1.0, "max_depth": 7.0, "num_boost_round": 14.0}, "datetime": {"datetime": "2024-01-19 00:52:59", "elapsed": 2472.285553, "delta": 0.003196}}
{"target": -17.67723300495553, "params": {"gamma": 430.8949855972248, "log10_alpha": -5.0, "log10_colsample_bytree": -1.0, "log10_eta": -4.0, "log10_lambda": -2.4698301854851987, "log10_min_child_weight": 5.0, "log10_subsample": -1.0, "max_depth": 7.0, "num_boost_round": 15.0}, "datetime": {"datetime": "2024-01-19 00:52:59", "elapsed": 2472.288826, "delta": 0.003273}}
{"target": -17.6772330020787, "params": {"gamma": 430.8949855972248, "log10_alpha": -5.0, "log10_colsample_bytree": -1.0, "log10_eta": -4.0, "log10_lambda": -2.4698301854851987, "log10_min_child_weight": 5.0, "log10_subsample": -1.0, "max_depth": 7.0, "num_boost_round": 16.0}, "datetime": {"datetime": "2024-01-19 00:52:59", "elapsed": 2472.292109, "delta": 0.003283}}
{"target": -17.677233025635097, "params": {"gamma": 430.8949855972248, "log10_alpha": -5.0, "log10_colsample_bytree": -1.0, "log10_eta": -4.0, "log10_lambda": -2.4698301854851987, "log10_min_child_weight": 5.0, "log10_subsample": -1.0, "max_depth": 7.0, "num_boost_round": 17.0}, "datetime": {"datetime": "2024-01-19 00:52:59", "elapsed": 2472.295345, "delta": 0.003236}}
{"target": -17.677233028961272, "params": {"gamma": 430.8949855972248, "log10_alpha": -5.0, "log10_colsample_bytree": -1.0, "log10_eta": -4.0, "log10_lambda": -2.4698301854851987, "log10_min_child_weight": 5.0, "log10_subsample": -1.0, "max_depth": 7.0, "num_boost_round": 18.0}, "datetime": {"datetime": "2024-01-19 00:52:59", "elapsed": 2472.298539, "delta": 0.003194}}
{"target": -17.67723302664712, "params": {"gamma": 430.8949855972248, "log10_alpha": -5.0, "log10_colsample_bytree": -1.0, "log10_eta": -4.0, "log10_lambda": -2.4698301854851987, "log10_min_child_weight": 5.0, "log10_subsample": -1.0, "max_depth": 7.0, "num_boost_round": 19.0}, "datetime": {"datetime": "2024-01-19 00:52:59", "elapsed": 2472.301785, "delta": 0.003246}}
{"target": -17.6772330828212, "params": {"gamma": 430.8949855972248, "log10_alpha": -5.0, "log10_colsample_bytree": -1.0, "log10_eta": -4.0, "log10_lambda": -2.4698301854851987, "log10_min_child_weight": 5.0, "log10_subsample": -1.0, "max_depth": 7.0, "num_boost_round": 20.0}, "datetime": {"datetime": "2024-01-19 00:52:59", "elapsed": 2472.305136, "delta": 0.003351}}
{"target": -17.67723308638933, "params": {"gamma": 430.8949855972248, "log10_alpha": -5.0, "log10_colsample_bytree": -1.0, "log10_eta": -4.0, "log10_lambda": -2.4698301854851987, "log10_min_child_weight": 5.0, "log10_subsample": -1.0, "max_depth": 7.0, "num_boost_round": 21.0}, "datetime": {"datetime": "2024-01-19 00:52:59", "elapsed": 2472.308563, "delta": 0.003427}}
{"target": -17.677233088504497, "params": {"gamma": 430.8949855972248, "log10_alpha": -5.0, "log10_colsample_bytree": -1.0, "log10_eta": -4.0, "log10_lambda": -2.4698301854851987, "log10_min_child_weight": 5.0, "log10_subsample": -1.0, "max_depth": 7.0, "num_boost_round": 22.0}, "datetime": {"datetime": "2024-01-19 00:52:59", "elapsed": 2472.311844, "delta": 0.003281}}
{"target": -17.677233029345494, "params": {"gamma": 430.8949855972248, "log10_alpha": -5.0, "log10_colsample_bytree": -1.0, "log10_eta": -4.0, "log10_lambda": -2.4698301854851987, "log10_min_child_weight": 5.0, "log10_subsample": -1.0, "max_depth": 7.0, "num_boost_round": 23.0}, "datetime": {"datetime": "2024-01-19 00:52:59", "elapsed": 2472.315145, "delta": 0.003301}}
{"target": -17.677233044640573, "params": {"gamma": 430.8949855972248, "log10_alpha": -5.0, "log10_colsample_bytree": -1.0, "log10_eta": -4.0, "log10_lambda": -2.4698301854851987, "log10_min_child_weight": 5.0, "log10_subsample": -1.0, "max_depth": 7.0, "num_boost_round": 24.0}, "datetime": {"datetime": "2024-01-19 00:52:59", "elapsed": 2472.318347, "delta": 0.003202}}
{"target": -17.677233044734812, "params": {"gamma": 430.8949855972248, "log10_alpha": -5.0, "log10_colsample_bytree": -1.0, "log10_eta": -4.0, "log10_lambda": -2.4698301854851987, "log10_min_child_weight": 5.0, "log10_subsample": -1.0, "max_depth": 7.0, "num_boost_round": 25.0}, "datetime": {"datetime": "2024-01-19 00:52:59", "elapsed": 2472.321599, "delta": 0.003252}}
{"target": -17.67723304473986, "params": {"gamma": 430.8949855972248, "log10_alpha": -5.0, "log10_colsample_bytree": -1.0, "log10_eta": -4.0, "log10_lambda": -2.4698301854851987, "log10_min_child_weight": 5.0, "log10_subsample": -1.0, "max_depth": 7.0, "num_boost_round": 26.0}, "datetime": {"datetime": "2024-01-19 00:52:59", "elapsed": 2472.324855, "delta": 0.003256}}
{"target": -17.67723304302713, "params": {"gamma": 430.8949855972248, "log10_alpha": -5.0, "log10_colsample_bytree": -1.0, "log10_eta": -4.0, "log10_lambda": -2.4698301854851987, "log10_min_child_weight": 5.0, "log10_subsample": -1.0, "max_depth": 7.0, "num_boost_round": 27.0}, "datetime": {"datetime": "2024-01-19 00:52:59", "elapsed": 2472.328218, "delta": 0.003363}}
{"target": -17.677233041059623, "params": {"gamma": 430.8949855972248, "log10_alpha": -5.0, "log10_colsample_bytree": -1.0, "log10_eta": -4.0, "log10_lambda": -2.4698301854851987, "log10_min_child_weight": 5.0, "log10_subsample": -1.0, "max_depth": 7.0, "num_boost_round": 28.0}, "datetime": {"datetime": "2024-01-19 00:52:59", "elapsed": 2472.331498, "delta": 0.00328}}
{"target": -17.677233025717083, "params": {"gamma": 430.8949855972248, "log10_alpha": -5.0, "log10_colsample_bytree": -1.0, "log10_eta": -4.0, "log10_lambda": -2.4698301854851987, "log10_min_child_weight": 5.0, "log10_subsample": -1.0, "max_depth": 7.0, "num_boost_round": 29.0}, "datetime": {"datetime": "2024-01-19 00:52:59", "elapsed": 2472.334731, "delta": 0.003233}}
{"target": -17.67723300051742, "params": {"gamma": 430.8949855972248, "log10_alpha": -5.0, "log10_colsample_bytree": -1.0, "log10_eta": -4.0, "log10_lambda": -2.4698301854851987, "log10_min_child_weight": 5.0, "log10_subsample": -1.0, "max_depth": 7.0, "num_boost_round": 30.0}, "datetime": {"datetime": "2024-01-19 00:52:59", "elapsed": 2472.337923, "delta": 0.003192}}
{"target": -17.677233004560186, "params": {"gamma": 430.8949855972248, "log10_alpha": -5.0, "log10_colsample_bytree": -1.0, "log10_eta": -4.0, "log10_lambda": -2.4698301854851987, "log10_min_child_weight": 5.0, "log10_subsample": -1.0, "max_depth": 7.0, "num_boost_round": 31.0}, "datetime": {"datetime": "2024-01-19 00:52:59", "elapsed": 2472.341161, "delta": 0.003238}}
{"target": -17.677233048316225, "params": {"gamma": 430.8949855972248, "log10_alpha": -5.0, "log10_colsample_bytree": -1.0, "log10_eta": -4.0, "log10_lambda": -2.4698301854851987, "log10_min_child_weight": 5.0, "log10_subsample": -1.0, "max_depth": 7.0, "num_boost_round": 32.0}, "datetime": {"datetime": "2024-01-19 00:52:59", "elapsed": 2472.34446, "delta": 0.003299}}
{"target": -17.67723306239453, "params": {"gamma": 430.8949855972248, "log10_alpha": -5.0, "log10_colsample_bytree": -1.0, "log10_eta": -4.0, "log10_lambda": -2.4698301854851987, "log10_min_child_weight": 5.0, "log10_subsample": -1.0, "max_depth": 7.0, "num_boost_round": 33.0}, "datetime": {"datetime": "2024-01-19 00:52:59", "elapsed": 2472.347734, "delta": 0.003274}}
{"target": -17.677233000561422, "params": {"gamma": 430.8949855972248, "log10_alpha": -5.0, "log10_colsample_bytree": -1.0, "log10_eta": -4.0, "log10_lambda": -2.4698301854851987, "log10_min_child_weight": 5.0, "log10_subsample": -1.0, "max_depth": 7.0, "num_boost_round": 34.0}, "datetime": {"datetime": "2024-01-19 00:52:59", "elapsed": 2472.351016, "delta": 0.003282}}
{"target": -17.677232990809962, "params": {"gamma": 430.8949855972248, "log10_alpha": -5.0, "log10_colsample_bytree": -1.0, "log10_eta": -4.0, "log10_lambda": -2.4698301854851987, "log10_min_child_weight": 5.0, "log10_subsample": -1.0, "max_depth": 7.0, "num_boost_round": 35.0}, "datetime": {"datetime": "2024-01-19 00:52:59", "elapsed": 2472.354369, "delta": 0.003353}}
{"target": -17.677233004806734, "params": {"gamma": 430.8949855972248, "log10_alpha": -5.0, "log10_colsample_bytree": -1.0, "log10_eta": -4.0, "log10_lambda": -2.4698301854851987, "log10_min_child_weight": 5.0, "log10_subsample": -1.0, "max_depth": 7.0, "num_boost_round": 36.0}, "datetime": {"datetime": "2024-01-19 00:52:59", "elapsed": 2472.357636, "delta": 0.003267}}
{"target": -17.677232968531484, "params": {"gamma": 430.8949855972248, "log10_alpha": -5.0, "log10_colsample_bytree": -1.0, "log10_eta": -4.0, "log10_lambda": -2.4698301854851987, "log10_min_child_weight": 5.0, "log10_subsample": -1.0, "max_depth": 7.0, "num_boost_round": 37.0}, "datetime": {"datetime": "2024-01-19 00:52:59", "elapsed": 2472.360979, "delta": 0.003343}}
{"target": -17.677233003932578, "params": {"gamma": 430.8949855972248, "log10_alpha": -5.0, "log10_colsample_bytree": -1.0, "log10_eta": -4.0, "log10_lambda": -2.4698301854851987, "log10_min_child_weight": 5.0, "log10_subsample": -1.0, "max_depth": 7.0, "num_boost_round": 38.0}, "datetime": {"datetime": "2024-01-19 00:52:59", "elapsed": 2472.364202, "delta": 0.003223}}
{"target": -17.67723298263847, "params": {"gamma": 430.8949855972248, "log10_alpha": -5.0, "log10_colsample_bytree": -1.0, "log10_eta": -4.0, "log10_lambda": -2.4698301854851987, "log10_min_child_weight": 5.0, "log10_subsample": -1.0, "max_depth": 7.0, "num_boost_round": 39.0}, "datetime": {"datetime": "2024-01-19 00:52:59", "elapsed": 2472.367532, "delta": 0.00333}}
{"target": -17.677232947067782, "params": {"gamma": 430.8949855972248, "log10_alpha": -5.0, "log10_colsample_bytree": -1.0, "log10_eta": -4.0, "log10_lambda": -2.4698301854851987, "log10_min_child_weight": 5.0, "log10_subsample": -1.0, "max_depth": 7.0, "num_boost_round": 40.0}, "datetime": {"datetime": "2024-01-19 00:52:59", "elapsed": 2472.3708, "delta": 0.003268}}
{"target": -17.677232962304416, "params": {"gamma": 430.8949855972248, "log10_alpha": -5.0, "log10_colsample_bytree": -1.0, "log10_eta": -4.0, "log10_lambda": -2.4698301854851987, "log10_min_child_weight": 5.0, "log10_subsample": -1.0, "max_depth": 7.0, "num_boost_round": 41.0}, "datetime": {"datetime": "2024-01-19 00:52:59", "elapsed": 2472.374058, "delta": 0.003258}}
{"target": -17.67723290594368, "params": {"gamma": 430.8949855972248, "log10_alpha": -5.0, "log10_colsample_bytree": -1.0, "log10_eta": -4.0, "log10_lambda": -2.4698301854851987, "log10_min_child_weight": 5.0, "log10_subsample": -1.0, "max_depth": 7.0, "num_boost_round": 42.0}, "datetime": {"datetime": "2024-01-19 00:52:59", "elapsed": 2472.37727, "delta": 0.003212}}
{"target": -17.67723293248255, "params": {"gamma": 430.8949855972248, "log10_alpha": -5.0, "log10_colsample_bytree": -1.0, "log10_eta": -4.0, "log10_lambda": -2.4698301854851987, "log10_min_child_weight": 5.0, "log10_subsample": -1.0, "max_depth": 7.0, "num_boost_round": 43.0}, "datetime": {"datetime": "2024-01-19 00:52:59", "elapsed": 2472.380542, "delta": 0.003272}}
{"target": -17.677232941053564, "params": {"gamma": 430.8949855972248, "log10_alpha": -5.0, "log10_colsample_bytree": -1.0, "log10_eta": -4.0, "log10_lambda": -2.4698301854851987, "log10_min_child_weight": 5.0, "log10_subsample": -1.0, "max_depth": 7.0, "num_boost_round": 44.0}, "datetime": {"datetime": "2024-01-19 00:52:59", "elapsed": 2472.38384, "delta": 0.003298}}
{"target": -17.6772329212264, "params": {"gamma": 430.8949855972248, "log10_alpha": -5.0, "log10_colsample_bytree": -1.0, "log10_eta": -4.0, "log10_lambda": -2.4698301854851987, "log10_min_child_weight": 5.0, "log10_subsample": -1.0, "max_depth": 7.0, "num_boost_round": 45.0}, "datetime": {"datetime": "2024-01-19 00:52:59", "elapsed": 2472.387161, "delta": 0.003321}}
{"target": -17.67723290504662, "params": {"gamma": 430.8949855972248, "log10_alpha": -5.0, "log10_colsample_bytree": -1.0, "log10_eta": -4.0, "log10_lambda": -2.4698301854851987, "log10_min_child_weight": 5.0, "log10_subsample": -1.0, "max_depth": 7.0, "num_boost_round": 46.0}, "datetime": {"datetime": "2024-01-19 00:52:59", "elapsed": 2472.390469, "delta": 0.003308}}
{"target": -17.67723294359003, "params": {"gamma": 430.8949855972248, "log10_alpha": -5.0, "log10_colsample_bytree": -1.0, "log10_eta": -4.0, "log10_lambda": -2.4698301854851987, "log10_min_child_weight": 5.0, "log10_subsample": -1.0, "max_depth": 7.0, "num_boost_round": 47.0}, "datetime": {"datetime": "2024-01-19 00:52:59", "elapsed": 2472.393736, "delta": 0.003267}}
{"target": -17.67723290504152, "params": {"gamma": 430.8949855972248, "log10_alpha": -5.0, "log10_colsample_bytree": -1.0, "log10_eta": -4.0, "log10_lambda": -2.4698301854851987, "log10_min_child_weight": 5.0, "log10_subsample": -1.0, "max_depth": 7.0, "num_boost_round": 48.0}, "datetime": {"datetime": "2024-01-19 00:52:59", "elapsed": 2472.396982, "delta": 0.003246}}
{"target": -17.67723290457037, "params": {"gamma": 430.8949855972248, "log10_alpha": -5.0, "log10_colsample_bytree": -1.0, "log10_eta": -4.0, "log10_lambda": -2.4698301854851987, "log10_min_child_weight": 5.0, "log10_subsample": -1.0, "max_depth": 7.0, "num_boost_round": 49.0}, "datetime": {"datetime": "2024-01-19 00:52:59", "elapsed": 2472.400261, "delta": 0.003279}}
{"target": -17.67723288373595, "params": {"gamma": 430.8949855972248, "log10_alpha": -5.0, "log10_colsample_bytree": -1.0, "log10_eta": -4.0, "log10_lambda": -2.4698301854851987, "log10_min_child_weight": 5.0, "log10_subsample": -1.0, "max_depth": 7.0, "num_boost_round": 50.0}, "datetime": {"datetime": "2024-01-19 00:52:59", "elapsed": 2472.403618, "delta": 0.003357}}
{"target": -17.677232882879274, "params": {"gamma": 430.8949855972248, "log10_alpha": -5.0, "log10_colsample_bytree": -1.0, "log10_eta": -4.0, "log10_lambda": -2.4698301854851987, "log10_min_child_weight": 5.0, "log10_subsample": -1.0, "max_depth": 7.0, "num_boost_round": 51.0}, "datetime": {"datetime": "2024-01-19 00:52:59", "elapsed": 2472.40706, "delta": 0.003442}}
{"target": -17.67723288312572, "params": {"gamma": 430.8949855972248, "log10_alpha": -5.0, "log10_colsample_bytree": -1.0, "log10_eta": -4.0, "log10_lambda": -2.4698301854851987, "log10_min_child_weight": 5.0, "log10_subsample": -1.0, "max_depth": 7.0, "num_boost_round": 52.0}, "datetime": {"datetime": "2024-01-19 00:52:59", "elapsed": 2472.410387, "delta": 0.003327}}
{"target": -17.67723290450313, "params": {"gamma": 430.8949855972248, "log10_alpha": -5.0, "log10_colsample_bytree": -1.0, "log10_eta": -4.0, "log10_lambda": -2.4698301854851987, "log10_min_child_weight": 5.0, "log10_subsample": -1.0, "max_depth": 7.0, "num_boost_round": 53.0}, "datetime": {"datetime": "2024-01-19 00:52:59", "elapsed": 2472.413709, "delta": 0.003322}}
{"target": -17.677232883864317, "params": {"gamma": 430.8949855972248, "log10_alpha": -5.0, "log10_colsample_bytree": -1.0, "log10_eta": -4.0, "log10_lambda": -2.4698301854851987, "log10_min_child_weight": 5.0, "log10_subsample": -1.0, "max_depth": 7.0, "num_boost_round": 54.0}, "datetime": {"datetime": "2024-01-19 00:52:59", "elapsed": 2472.416955, "delta": 0.003246}}
{"target": -17.67723288031062, "params": {"gamma": 430.8949855972248, "log10_alpha": -5.0, "log10_colsample_bytree": -1.0, "log10_eta": -4.0, "log10_lambda": -2.4698301854851987, "log10_min_child_weight": 5.0, "log10_subsample": -1.0, "max_depth": 7.0, "num_boost_round": 55.0}, "datetime": {"datetime": "2024-01-19 00:52:59", "elapsed": 2472.420239, "delta": 0.003284}}
{"target": -17.67723290541544, "params": {"gamma": 430.8949855972248, "log10_alpha": -5.0, "log10_colsample_bytree": -1.0, "log10_eta": -4.0, "log10_lambda": -2.4698301854851987, "log10_min_child_weight": 5.0, "log10_subsample": -1.0, "max_depth": 7.0, "num_boost_round": 56.0}, "datetime": {"datetime": "2024-01-19 00:52:59", "elapsed": 2472.423539, "delta": 0.0033}}
{"target": -17.677232874215616, "params": {"gamma": 430.8949855972248, "log10_alpha": -5.0, "log10_colsample_bytree": -1.0, "log10_eta": -4.0, "log10_lambda": -2.4698301854851987, "log10_min_child_weight": 5.0, "log10_subsample": -1.0, "max_depth": 7.0, "num_boost_round": 57.0}, "datetime": {"datetime": "2024-01-19 00:52:59", "elapsed": 2472.426922, "delta": 0.003383}}
{"target": -17.677232880410212, "params": {"gamma": 430.8949855972248, "log10_alpha": -5.0, "log10_colsample_bytree": -1.0, "log10_eta": -4.0, "log10_lambda": -2.4698301854851987, "log10_min_child_weight": 5.0, "log10_subsample": -1.0, "max_depth": 7.0, "num_boost_round": 58.0}, "datetime": {"datetime": "2024-01-19 00:52:59", "elapsed": 2472.430239, "delta": 0.003317}}
{"target": -17.677232847294576, "params": {"gamma": 430.8949855972248, "log10_alpha": -5.0, "log10_colsample_bytree": -1.0, "log10_eta": -4.0, "log10_lambda": -2.4698301854851987, "log10_min_child_weight": 5.0, "log10_subsample": -1.0, "max_depth": 7.0, "num_boost_round": 59.0}, "datetime": {"datetime": "2024-01-19 00:52:59", "elapsed": 2472.531428, "delta": 0.101189}}
{"target": -17.677232869660653, "params": {"gamma": 430.8949855972248, "log10_alpha": -5.0, "log10_colsample_bytree": -1.0, "log10_eta": -4.0, "log10_lambda": -2.4698301854851987, "log10_min_child_weight": 5.0, "log10_subsample": -1.0, "max_depth": 7.0, "num_boost_round": 60.0}, "datetime": {"datetime": "2024-01-19 00:52:59", "elapsed": 2472.535332, "delta": 0.003904}}
{"target": -17.67723219293181, "params": {"gamma": 439.33598619265626, "log10_alpha": -1.1677000079230124, "log10_colsample_bytree": -0.09908309313344721, "log10_eta": -3.653418545399502, "log10_lambda": -4.539994633753107, "log10_min_child_weight": 4.795696490817564, "log10_subsample": -0.856788912612173, "max_depth": 8.0, "num_boost_round": 0.0}, "datetime": {"datetime": "2024-01-19 00:53:42", "elapsed": 2514.837099, "delta": 42.301767}}
{"target": -17.677232211366356, "params": {"gamma": 439.33598619265626, "log10_alpha": -1.1677000079230124, "log10_colsample_bytree": -0.09908309313344721, "log10_eta": -3.653418545399502, "log10_lambda": -4.539994633753107, "log10_min_child_weight": 4.795696490817564, "log10_subsample": -0.856788912612173, "max_depth": 8.0, "num_boost_round": 1.0}, "datetime": {"datetime": "2024-01-19 00:53:42", "elapsed": 2514.841492, "delta": 0.004393}}
{"target": -17.67723172922047, "params": {"gamma": 439.33598619265626, "log10_alpha": -1.1677000079230124, "log10_colsample_bytree": -0.09908309313344721, "log10_eta": -3.653418545399502, "log10_lambda": -4.539994633753107, "log10_min_child_weight": 4.795696490817564, "log10_subsample": -0.856788912612173, "max_depth": 8.0, "num_boost_round": 2.0}, "datetime": {"datetime": "2024-01-19 00:53:42", "elapsed": 2514.84484, "delta": 0.003348}}
{"target": -17.677229070231594, "params": {"gamma": 439.33598619265626, "log10_alpha": -1.1677000079230124, "log10_colsample_bytree": -0.09908309313344721, "log10_eta": -3.653418545399502, "log10_lambda": -4.539994633753107, "log10_min_child_weight": 4.795696490817564, "log10_subsample": -0.856788912612173, "max_depth": 8.0, "num_boost_round": 3.0}, "datetime": {"datetime": "2024-01-19 00:53:42", "elapsed": 2514.848308, "delta": 0.003468}}
