{"target": -18.759185002246415, "params": {"gamma": 354.93381559920414, "log10_alpha": -0.2760050172593056, "log10_colsample_bytree": -0.5161092306846216, "log10_eta": -0.21751842866115734, "log10_lambda": -3.121192044961924, "log10_min_child_weight": 2.8777243849028484, "log10_subsample": -0.1415456311551999, "max_depth": 4.0, "num_boost_round": 30.0}, "datetime": {"datetime": "2024-01-19 00:30:14", "elapsed": 1111.901143, "delta": 0.00166}}
{"target": -18.775524795683307, "params": {"gamma": 354.93381559920414, "log10_alpha": -0.2760050172593056, "log10_colsample_bytree": -0.5161092306846216, "log10_eta": -0.21751842866115734, "log10_lambda": -3.121192044961924, "log10_min_child_weight": 2.8777243849028484, "log10_subsample": -0.1415456311551999, "max_depth": 4.0, "num_boost_round": 31.0}, "datetime": {"datetime": "2024-01-19 00:30:14", "elapsed": 1111.902808, "delta": 0.001665}}
{"target": -18.796191223892706, "params": {"gamma": 354.93381559920414, "log10_alpha": -0.2760050172593056, "log10_colsample_bytree": -0.5161092306846216, "log10_eta": -0.21751842866115734, "log10_lambda": -3.121192044961924, "log10_min_child_weight": 2.8777243849028484, "log10_subsample": -0.1415456311551999, "max_depth": 4.0, "num_boost_round": 32.0}, "datetime": {"datetime": "2024-01-19 00:30:14", "elapsed": 1111.904472, "delta": 0.001664}}
{"target": -18.814292422251228, "params": {"gamma": 354.93381559920414, "log10_alpha": -0.2760050172593056, "log10_colsample_bytree": -0.5161092306846216, "log10_eta": -0.21751842866115734, "log10_lambda": -3.121192044961924, "log10_min_child_weight": 2.8777243849028484, "log10_subsample": -0.1415456311551999, "max_depth": 4.0, "num_boost_round": 33.0}, "datetime": {"datetime": "2024-01-19 00:30:14", "elapsed": 1111.906146, "delta": 0.001674}}
{"target": -18.826795760418815, "params": {"gamma": 354.93381559920414, "log10_alpha": -0.2760050172593056, "log10_colsample_bytree": -0.5161092306846216, "log10_eta": -0.21751842866115734, "log10_lambda": -3.121192044961924, "log10_min_child_weight": 2.8777243849028484, "log10_subsample": -0.1415456311551999, "max_depth": 4.0, "num_boost_round": 34.0}, "datetime": {"datetime": "2024-01-19 00:30:14", "elapsed": 1111.907821, "delta": 0.001675}}
{"target": -18.846245228330158, "params": {"gamma": 354.93381559920414, "log10_alpha": -0.2760050172593056, "log10_colsample_bytree": -0.5161092306846216, "log10_eta": -0.21751842866115734, "log10_lambda": -3.121192044961924, "log10_min_child_weight": 2.8777243849028484, "log10_subsample": -0.1415456311551999, "max_depth": 4.0, "num_boost_round": 35.0}, "datetime": {"datetime": "2024-01-19 00:30:14", "elapsed": 1111.909512, "delta": 0.001691}}
{"target": -18.85740362515791, "params": {"gamma": 354.93381559920414, "log10_alpha": -0.2760050172593056, "log10_colsample_bytree": -0.5161092306846216, "log10_eta": -0.21751842866115734, "log10_lambda": -3.121192044961924, "log10_min_child_weight": 2.8777243849028484, "log10_subsample": -0.1415456311551999, "max_depth": 4.0, "num_boost_round": 36.0}, "datetime": {"datetime": "2024-01-19 00:30:14", "elapsed": 1111.911206, "delta": 0.001694}}
{"target": -18.860201288746026, "params": {"gamma": 354.93381559920414, "log10_alpha": -0.2760050172593056, "log10_colsample_bytree": -0.5161092306846216, "log10_eta": -0.21751842866115734, "log10_lambda": -3.121192044961924, "log10_min_child_weight": 2.8777243849028484, "log10_subsample": -0.1415456311551999, "max_depth": 4.0, "num_boost_round": 37.0}, "datetime": {"datetime": "2024-01-19 00:30:14", "elapsed": 1111.9129, "delta": 0.001694}}
{"target": -18.87528295820752, "params": {"gamma": 354.93381559920414, "log10_alpha": -0.2760050172593056, "log10_colsample_bytree": -0.5161092306846216, "log10_eta": -0.21751842866115734, "log10_lambda": -3.121192044961924, "log10_min_child_weight": 2.8777243849028484, "log10_subsample": -0.1415456311551999, "max_depth": 4.0, "num_boost_round": 38.0}, "datetime": {"datetime": "2024-01-19 00:30:14", "elapsed": 1111.914578, "delta": 0.001678}}
{"target": -18.876811939067345, "params": {"gamma": 354.93381559920414, "log10_alpha": -0.2760050172593056, "log10_colsample_bytree": -0.5161092306846216, "log10_eta": -0.21751842866115734, "log10_lambda": -3.121192044961924, "log10_min_child_weight": 2.8777243849028484, "log10_subsample": -0.1415456311551999, "max_depth": 4.0, "num_boost_round": 39.0}, "datetime": {"datetime": "2024-01-19 00:30:14", "elapsed": 1111.916253, "delta": 0.001675}}
{"target": -18.856351300251983, "params": {"gamma": 354.93381559920414, "log10_alpha": -0.2760050172593056, "log10_colsample_bytree": -0.5161092306846216, "log10_eta": -0.21751842866115734, "log10_lambda": -3.121192044961924, "log10_min_child_weight": 2.8777243849028484, "log10_subsample": -0.1415456311551999, "max_depth": 4.0, "num_boost_round": 40.0}, "datetime": {"datetime": "2024-01-19 00:30:14", "elapsed": 1111.917923, "delta": 0.00167}}
{"target": -18.862757946455357, "params": {"gamma": 354.93381559920414, "log10_alpha": -0.2760050172593056, "log10_colsample_bytree": -0.5161092306846216, "log10_eta": -0.21751842866115734, "log10_lambda": -3.121192044961924, "log10_min_child_weight": 2.8777243849028484, "log10_subsample": -0.1415456311551999, "max_depth": 4.0, "num_boost_round": 41.0}, "datetime": {"datetime": "2024-01-19 00:30:14", "elapsed": 1111.919608, "delta": 0.001685}}
{"target": -18.87256068664809, "params": {"gamma": 354.93381559920414, "log10_alpha": -0.2760050172593056, "log10_colsample_bytree": -0.5161092306846216, "log10_eta": -0.21751842866115734, "log10_lambda": -3.121192044961924, "log10_min_child_weight": 2.8777243849028484, "log10_subsample": -0.1415456311551999, "max_depth": 4.0, "num_boost_round": 42.0}, "datetime": {"datetime": "2024-01-19 00:30:14", "elapsed": 1111.921298, "delta": 0.00169}}
{"target": -18.88091374798034, "params": {"gamma": 354.93381559920414, "log10_alpha": -0.2760050172593056, "log10_colsample_bytree": -0.5161092306846216, "log10_eta": -0.21751842866115734, "log10_lambda": -3.121192044961924, "log10_min_child_weight": 2.8777243849028484, "log10_subsample": -0.1415456311551999, "max_depth": 4.0, "num_boost_round": 43.0}, "datetime": {"datetime": "2024-01-19 00:30:14", "elapsed": 1111.92299, "delta": 0.001692}}
{"target": -18.870669432812868, "params": {"gamma": 354.93381559920414, "log10_alpha": -0.2760050172593056, "log10_colsample_bytree": -0.5161092306846216, "log10_eta": -0.21751842866115734, "log10_lambda": -3.121192044961924, "log10_min_child_weight": 2.8777243849028484, "log10_subsample": -0.1415456311551999, "max_depth": 4.0, "num_boost_round": 44.0}, "datetime": {"datetime": "2024-01-19 00:30:14", "elapsed": 1111.924659, "delta": 0.001669}}
{"target": -18.885345246636206, "params": {"gamma": 354.93381559920414, "log10_alpha": -0.2760050172593056, "log10_colsample_bytree": -0.5161092306846216, "log10_eta": -0.21751842866115734, "log10_lambda": -3.121192044961924, "log10_min_child_weight": 2.8777243849028484, "log10_subsample": -0.1415456311551999, "max_depth": 4.0, "num_boost_round": 45.0}, "datetime": {"datetime": "2024-01-19 00:30:14", "elapsed": 1111.926339, "delta": 0.00168}}
{"target": -18.886451059124784, "params": {"gamma": 354.93381559920414, "log10_alpha": -0.2760050172593056, "log10_colsample_bytree": -0.5161092306846216, "log10_eta": -0.21751842866115734, "log10_lambda": -3.121192044961924, "log10_min_child_weight": 2.8777243849028484, "log10_subsample": -0.1415456311551999, "max_depth": 4.0, "num_boost_round": 46.0}, "datetime": {"datetime": "2024-01-19 00:30:14", "elapsed": 1111.928043, "delta": 0.001704}}
{"target": -18.891041741492185, "params": {"gamma": 354.93381559920414, "log10_alpha": -0.2760050172593056, "log10_colsample_bytree": -0.5161092306846216, "log10_eta": -0.21751842866115734, "log10_lambda": -3.121192044961924, "log10_min_child_weight": 2.8777243849028484, "log10_subsample": -0.1415456311551999, "max_depth": 4.0, "num_boost_round": 47.0}, "datetime": {"datetime": "2024-01-19 00:30:14", "elapsed": 1111.930462, "delta": 0.002419}}
{"target": -18.8944301802832, "params": {"gamma": 354.93381559920414, "log10_alpha": -0.2760050172593056, "log10_colsample_bytree": -0.5161092306846216, "log10_eta": -0.21751842866115734, "log10_lambda": -3.121192044961924, "log10_min_child_weight": 2.8777243849028484, "log10_subsample": -0.1415456311551999, "max_depth": 4.0, "num_boost_round": 48.0}, "datetime": {"datetime": "2024-01-19 00:30:14", "elapsed": 1111.932635, "delta": 0.002173}}
{"target": -18.903011993306947, "params": {"gamma": 354.93381559920414, "log10_alpha": -0.2760050172593056, "log10_colsample_bytree": -0.5161092306846216, "log10_eta": -0.21751842866115734, "log10_lambda": -3.121192044961924, "log10_min_child_weight": 2.8777243849028484, "log10_subsample": -0.1415456311551999, "max_depth": 4.0, "num_boost_round": 49.0}, "datetime": {"datetime": "2024-01-19 00:30:14", "elapsed": 1111.934456, "delta": 0.001821}}
{"target": -18.906742966830976, "params": {"gamma": 354.93381559920414, "log10_alpha": -0.2760050172593056, "log10_colsample_bytree": -0.5161092306846216, "log10_eta": -0.21751842866115734, "log10_lambda": -3.121192044961924, "log10_min_child_weight": 2.8777243849028484, "log10_subsample": -0.1415456311551999, "max_depth": 4.0, "num_boost_round": 50.0}, "datetime": {"datetime": "2024-01-19 00:30:14", "elapsed": 1111.936431, "delta": 0.001975}}
{"target": -18.89854783354848, "params": {"gamma": 354.93381559920414, "log10_alpha": -0.2760050172593056, "log10_colsample_bytree": -0.5161092306846216, "log10_eta": -0.21751842866115734, "log10_lambda": -3.121192044961924, "log10_min_child_weight": 2.8777243849028484, "log10_subsample": -0.1415456311551999, "max_depth": 4.0, "num_boost_round": 51.0}, "datetime": {"datetime": "2024-01-19 00:30:14", "elapsed": 1111.938732, "delta": 0.002301}}
{"target": -18.89632195836328, "params": {"gamma": 354.93381559920414, "log10_alpha": -0.2760050172593056, "log10_colsample_bytree": -0.5161092306846216, "log10_eta": -0.21751842866115734, "log10_lambda": -3.121192044961924, "log10_min_child_weight": 2.8777243849028484, "log10_subsample": -0.1415456311551999, "max_depth": 4.0, "num_boost_round": 52.0}, "datetime": {"datetime": "2024-01-19 00:30:14", "elapsed": 1111.94045, "delta": 0.001718}}
{"target": -18.90269503485229, "params": {"gamma": 354.93381559920414, "log10_alpha": -0.2760050172593056, "log10_colsample_bytree": -0.5161092306846216, "log10_eta": -0.21751842866115734, "log10_lambda": -3.121192044961924, "log10_min_child_weight": 2.8777243849028484, "log10_subsample": -0.1415456311551999, "max_depth": 4.0, "num_boost_round": 53.0}, "datetime": {"datetime": "2024-01-19 00:30:14", "elapsed": 1111.9421, "delta": 0.00165}}
{"target": -18.910796404401378, "params": {"gamma": 354.93381559920414, "log10_alpha": -0.2760050172593056, "log10_colsample_bytree": -0.5161092306846216, "log10_eta": -0.21751842866115734, "log10_lambda": -3.121192044961924, "log10_min_child_weight": 2.8777243849028484, "log10_subsample": -0.1415456311551999, "max_depth": 4.0, "num_boost_round": 54.0}, "datetime": {"datetime": "2024-01-19 00:30:14", "elapsed": 1111.943779, "delta": 0.001679}}
{"target": -18.920625567340696, "params": {"gamma": 354.93381559920414, "log10_alpha": -0.2760050172593056, "log10_colsample_bytree": -0.5161092306846216, "log10_eta": -0.21751842866115734, "log10_lambda": -3.121192044961924, "log10_min_child_weight": 2.8777243849028484, "log10_subsample": -0.1415456311551999, "max_depth": 4.0, "num_boost_round": 55.0}, "datetime": {"datetime": "2024-01-19 00:30:14", "elapsed": 1111.945425, "delta": 0.001646}}
{"target": -18.942481187928458, "params": {"gamma": 354.93381559920414, "log10_alpha": -0.2760050172593056, "log10_colsample_bytree": -0.5161092306846216, "log10_eta": -0.21751842866115734, "log10_lambda": -3.121192044961924, "log10_min_child_weight": 2.8777243849028484, "log10_subsample": -0.1415456311551999, "max_depth": 4.0, "num_boost_round": 56.0}, "datetime": {"datetime": "2024-01-19 00:30:14", "elapsed": 1111.947144, "delta": 0.001719}}
{"target": -18.941080279387428, "params": {"gamma": 354.93381559920414, "log10_alpha": -0.2760050172593056, "log10_colsample_bytree": -0.5161092306846216, "log10_eta": -0.21751842866115734, "log10_lambda": -3.121192044961924, "log10_min_child_weight": 2.8777243849028484, "log10_subsample": -0.1415456311551999, "max_depth": 4.0, "num_boost_round": 57.0}, "datetime": {"datetime": "2024-01-19 00:30:14", "elapsed": 1111.948815, "delta": 0.001671}}
{"target": -18.94973124051546, "params": {"gamma": 354.93381559920414, "log10_alpha": -0.2760050172593056, "log10_colsample_bytree": -0.5161092306846216, "log10_eta": -0.21751842866115734, "log10_lambda": -3.121192044961924, "log10_min_child_weight": 2.8777243849028484, "log10_subsample": -0.1415456311551999, "max_depth": 4.0, "num_boost_round": 58.0}, "datetime": {"datetime": "2024-01-19 00:30:14", "elapsed": 1111.950561, "delta": 0.001746}}
{"target": -18.92398739281315, "params": {"gamma": 354.93381559920414, "log10_alpha": -0.2760050172593056, "log10_colsample_bytree": -0.5161092306846216, "log10_eta": -0.21751842866115734, "log10_lambda": -3.121192044961924, "log10_min_child_weight": 2.8777243849028484, "log10_subsample": -0.1415456311551999, "max_depth": 4.0, "num_boost_round": 59.0}, "datetime": {"datetime": "2024-01-19 00:30:14", "elapsed": 1111.952223, "delta": 0.001662}}
{"target": -18.91901923201961, "params": {"gamma": 354.93381559920414, "log10_alpha": -0.2760050172593056, "log10_colsample_bytree": -0.5161092306846216, "log10_eta": -0.21751842866115734, "log10_lambda": -3.121192044961924, "log10_min_child_weight": 2.8777243849028484, "log10_subsample": -0.1415456311551999, "max_depth": 4.0, "num_boost_round": 60.0}, "datetime": {"datetime": "2024-01-19 00:30:14", "elapsed": 1111.953968, "delta": 0.001745}}
{"target": -18.942746653164342, "params": {"gamma": 354.93381559920414, "log10_alpha": -0.2760050172593056, "log10_colsample_bytree": -0.5161092306846216, "log10_eta": -0.21751842866115734, "log10_lambda": -3.121192044961924, "log10_min_child_weight": 2.8777243849028484, "log10_subsample": -0.1415456311551999, "max_depth": 4.0, "num_boost_round": 61.0}, "datetime": {"datetime": "2024-01-19 00:30:14", "elapsed": 1111.955625, "delta": 0.001657}}
{"target": -18.952989096406718, "params": {"gamma": 354.93381559920414, "log10_alpha": -0.2760050172593056, "log10_colsample_bytree": -0.5161092306846216, "log10_eta": -0.21751842866115734, "log10_lambda": -3.121192044961924, "log10_min_child_weight": 2.8777243849028484, "log10_subsample": -0.1415456311551999, "max_depth": 4.0, "num_boost_round": 62.0}, "datetime": {"datetime": "2024-01-19 00:30:14", "elapsed": 1111.957294, "delta": 0.001669}}
{"target": -18.954854820453527, "params": {"gamma": 354.93381559920414, "log10_alpha": -0.2760050172593056, "log10_colsample_bytree": -0.5161092306846216, "log10_eta": -0.21751842866115734, "log10_lambda": -3.121192044961924, "log10_min_child_weight": 2.8777243849028484, "log10_subsample": -0.1415456311551999, "max_depth": 4.0, "num_boost_round": 63.0}, "datetime": {"datetime": "2024-01-19 00:30:14", "elapsed": 1111.958953, "delta": 0.001659}}
{"target": -18.96068178384244, "params": {"gamma": 354.93381559920414, "log10_alpha": -0.2760050172593056, "log10_colsample_bytree": -0.5161092306846216, "log10_eta": -0.21751842866115734, "log10_lambda": -3.121192044961924, "log10_min_child_weight": 2.8777243849028484, "log10_subsample": -0.1415456311551999, "max_depth": 4.0, "num_boost_round": 64.0}, "datetime": {"datetime": "2024-01-19 00:30:14", "elapsed": 1111.960643, "delta": 0.00169}}
{"target": -18.964203396943805, "params": {"gamma": 354.93381559920414, "log10_alpha": -0.2760050172593056, "log10_colsample_bytree": -0.5161092306846216, "log10_eta": -0.21751842866115734, "log10_lambda": -3.121192044961924, "log10_min_child_weight": 2.8777243849028484, "log10_subsample": -0.1415456311551999, "max_depth": 4.0, "num_boost_round": 65.0}, "datetime": {"datetime": "2024-01-19 00:30:14", "elapsed": 1111.962306, "delta": 0.001663}}
{"target": -18.96307627222596, "params": {"gamma": 354.93381559920414, "log10_alpha": -0.2760050172593056, "log10_colsample_bytree": -0.5161092306846216, "log10_eta": -0.21751842866115734, "log10_lambda": -3.121192044961924, "log10_min_child_weight": 2.8777243849028484, "log10_subsample": -0.1415456311551999, "max_depth": 4.0, "num_boost_round": 66.0}, "datetime": {"datetime": "2024-01-19 00:30:14", "elapsed": 1111.963974, "delta": 0.001668}}
{"target": -18.962019327648463, "params": {"gamma": 354.93381559920414, "log10_alpha": -0.2760050172593056, "log10_colsample_bytree": -0.5161092306846216, "log10_eta": -0.21751842866115734, "log10_lambda": -3.121192044961924, "log10_min_child_weight": 2.8777243849028484, "log10_subsample": -0.1415456311551999, "max_depth": 4.0, "num_boost_round": 67.0}, "datetime": {"datetime": "2024-01-19 00:30:14", "elapsed": 1111.96563, "delta": 0.001656}}
{"target": -18.96916747415283, "params": {"gamma": 354.93381559920414, "log10_alpha": -0.2760050172593056, "log10_colsample_bytree": -0.5161092306846216, "log10_eta": -0.21751842866115734, "log10_lambda": -3.121192044961924, "log10_min_child_weight": 2.8777243849028484, "log10_subsample": -0.1415456311551999, "max_depth": 4.0, "num_boost_round": 68.0}, "datetime": {"datetime": "2024-01-19 00:30:14", "elapsed": 1111.967304, "delta": 0.001674}}
{"target": -18.981574167923092, "params": {"gamma": 354.93381559920414, "log10_alpha": -0.2760050172593056, "log10_colsample_bytree": -0.5161092306846216, "log10_eta": -0.21751842866115734, "log10_lambda": -3.121192044961924, "log10_min_child_weight": 2.8777243849028484, "log10_subsample": -0.1415456311551999, "max_depth": 4.0, "num_boost_round": 69.0}, "datetime": {"datetime": "2024-01-19 00:30:14", "elapsed": 1111.969051, "delta": 0.001747}}
{"target": -18.98198057234942, "params": {"gamma": 354.93381559920414, "log10_alpha": -0.2760050172593056, "log10_colsample_bytree": -0.5161092306846216, "log10_eta": -0.21751842866115734, "log10_lambda": -3.121192044961924, "log10_min_child_weight": 2.8777243849028484, "log10_subsample": -0.1415456311551999, "max_depth": 4.0, "num_boost_round": 70.0}, "datetime": {"datetime": "2024-01-19 00:30:14", "elapsed": 1111.970733, "delta": 0.001682}}
{"target": -18.98574527606693, "params": {"gamma": 354.93381559920414, "log10_alpha": -0.2760050172593056, "log10_colsample_bytree": -0.5161092306846216, "log10_eta": -0.21751842866115734, "log10_lambda": -3.121192044961924, "log10_min_child_weight": 2.8777243849028484, "log10_subsample": -0.1415456311551999, "max_depth": 4.0, "num_boost_round": 71.0}, "datetime": {"datetime": "2024-01-19 00:30:14", "elapsed": 1111.972441, "delta": 0.001708}}
{"target": -19.00689373628509, "params": {"gamma": 354.93381559920414, "log10_alpha": -0.2760050172593056, "log10_colsample_bytree": -0.5161092306846216, "log10_eta": -0.21751842866115734, "log10_lambda": -3.121192044961924, "log10_min_child_weight": 2.8777243849028484, "log10_subsample": -0.1415456311551999, "max_depth": 4.0, "num_boost_round": 72.0}, "datetime": {"datetime": "2024-01-19 00:30:14", "elapsed": 1111.974115, "delta": 0.001674}}
{"target": -19.01551567681317, "params": {"gamma": 354.93381559920414, "log10_alpha": -0.2760050172593056, "log10_colsample_bytree": -0.5161092306846216, "log10_eta": -0.21751842866115734, "log10_lambda": -3.121192044961924, "log10_min_child_weight": 2.8777243849028484, "log10_subsample": -0.1415456311551999, "max_depth": 4.0, "num_boost_round": 73.0}, "datetime": {"datetime": "2024-01-19 00:30:14", "elapsed": 1111.975794, "delta": 0.001679}}
{"target": -19.021157995539816, "params": {"gamma": 354.93381559920414, "log10_alpha": -0.2760050172593056, "log10_colsample_bytree": -0.5161092306846216, "log10_eta": -0.21751842866115734, "log10_lambda": -3.121192044961924, "log10_min_child_weight": 2.8777243849028484, "log10_subsample": -0.1415456311551999, "max_depth": 4.0, "num_boost_round": 74.0}, "datetime": {"datetime": "2024-01-19 00:30:14", "elapsed": 1111.977465, "delta": 0.001671}}
{"target": -19.0973051955032, "params": {"gamma": 354.93381559920414, "log10_alpha": -0.2760050172593056, "log10_colsample_bytree": -0.5161092306846216, "log10_eta": -0.21751842866115734, "log10_lambda": -3.121192044961924, "log10_min_child_weight": 2.8777243849028484, "log10_subsample": -0.1415456311551999, "max_depth": 4.0, "num_boost_round": 75.0}, "datetime": {"datetime": "2024-01-19 00:30:14", "elapsed": 1111.979139, "delta": 0.001674}}
{"target": -19.08638455655023, "params": {"gamma": 354.93381559920414, "log10_alpha": -0.2760050172593056, "log10_colsample_bytree": -0.5161092306846216, "log10_eta": -0.21751842866115734, "log10_lambda": -3.121192044961924, "log10_min_child_weight": 2.8777243849028484, "log10_subsample": -0.1415456311551999, "max_depth": 4.0, "num_boost_round": 76.0}, "datetime": {"datetime": "2024-01-19 00:30:14", "elapsed": 1111.980895, "delta": 0.001756}}
{"target": -19.111335180246506, "params": {"gamma": 354.93381559920414, "log10_alpha": -0.2760050172593056, "log10_colsample_bytree": -0.5161092306846216, "log10_eta": -0.21751842866115734, "log10_lambda": -3.121192044961924, "log10_min_child_weight": 2.8777243849028484, "log10_subsample": -0.1415456311551999, "max_depth": 4.0, "num_boost_round": 77.0}, "datetime": {"datetime": "2024-01-19 00:30:14", "elapsed": 1111.982647, "delta": 0.001752}}
{"target": -19.117587829040616, "params": {"gamma": 354.93381559920414, "log10_alpha": -0.2760050172593056, "log10_colsample_bytree": -0.5161092306846216, "log10_eta": -0.21751842866115734, "log10_lambda": -3.121192044961924, "log10_min_child_weight": 2.8777243849028484, "log10_subsample": -0.1415456311551999, "max_depth": 4.0, "num_boost_round": 78.0}, "datetime": {"datetime": "2024-01-19 00:30:14", "elapsed": 1111.984338, "delta": 0.001691}}
