{"target": -13.758447218418027, "params": {"gamma": 734.4776596875523, "log10_alpha": -3.406603020999133, "log10_colsample_bytree": -0.5130567495919538, "log10_eta": -3.598126913177666, "log10_lambda": -0.7284576313819162, "log10_min_child_weight": 0.833655072152581, "log10_subsample": -0.2863419916839467, "max_depth": 9.0, "num_boost_round": 9.0}, "datetime": {"datetime": "2024-01-19 01:51:01", "elapsed": 5968.99807, "delta": 0.005876}}
{"target": -13.758422222525533, "params": {"gamma": 734.4776596875523, "log10_alpha": -3.406603020999133, "log10_colsample_bytree": -0.5130567495919538, "log10_eta": -3.598126913177666, "log10_lambda": -0.7284576313819162, "log10_min_child_weight": 0.833655072152581, "log10_subsample": -0.2863419916839467, "max_depth": 9.0, "num_boost_round": 10.0}, "datetime": {"datetime": "2024-01-19 01:51:01", "elapsed": 5969.003995, "delta": 0.005925}}
{"target": -13.758413783962174, "params": {"gamma": 734.4776596875523, "log10_alpha": -3.406603020999133, "log10_colsample_bytree": -0.5130567495919538, "log10_eta": -3.598126913177666, "log10_lambda": -0.7284576313819162, "log10_min_child_weight": 0.833655072152581, "log10_subsample": -0.2863419916839467, "max_depth": 9.0, "num_boost_round": 11.0}, "datetime": {"datetime": "2024-01-19 01:51:01", "elapsed": 5969.009741, "delta": 0.005746}}
{"target": -13.758417096398125, "params": {"gamma": 734.4776596875523, "log10_alpha": -3.406603020999133, "log10_colsample_bytree": -0.5130567495919538, "log10_eta": -3.598126913177666, "log10_lambda": -0.7284576313819162, "log10_min_child_weight": 0.833655072152581, "log10_subsample": -0.2863419916839467, "max_depth": 9.0, "num_boost_round": 12.0}, "datetime": {"datetime": "2024-01-19 01:51:01", "elapsed": 5969.015419, "delta": 0.005678}}
{"target": -13.758413753068453, "params": {"gamma": 734.4776596875523, "log10_alpha": -3.406603020999133, "log10_colsample_bytree": -0.5130567495919538, "log10_eta": -3.598126913177666, "log10_lambda": -0.7284576313819162, "log10_min_child_weight": 0.833655072152581, "log10_subsample": -0.2863419916839467, "max_depth": 9.0, "num_boost_round": 13.0}, "datetime": {"datetime": "2024-01-19 01:51:01", "elapsed": 5969.021332, "delta": 0.005913}}
{"target": -13.75841446273867, "params": {"gamma": 734.4776596875523, "log10_alpha": -3.406603020999133, "log10_colsample_bytree": -0.5130567495919538, "log10_eta": -3.598126913177666, "log10_lambda": -0.7284576313819162, "log10_min_child_weight": 0.833655072152581, "log10_subsample": -0.2863419916839467, "max_depth": 9.0, "num_boost_round": 14.0}, "datetime": {"datetime": "2024-01-19 01:51:01", "elapsed": 5969.027269, "delta": 0.005937}}
{"target": -13.758404016343876, "params": {"gamma": 734.4776596875523, "log10_alpha": -3.406603020999133, "log10_colsample_bytree": -0.5130567495919538, "log10_eta": -3.598126913177666, "log10_lambda": -0.7284576313819162, "log10_min_child_weight": 0.833655072152581, "log10_subsample": -0.2863419916839467, "max_depth": 9.0, "num_boost_round": 15.0}, "datetime": {"datetime": "2024-01-19 01:51:01", "elapsed": 5969.032891, "delta": 0.005622}}
{"target": -13.758413522491804, "params": {"gamma": 734.4776596875523, "log10_alpha": -3.406603020999133, "log10_colsample_bytree": -0.5130567495919538, "log10_eta": -3.598126913177666, "log10_lambda": -0.7284576313819162, "log10_min_child_weight": 0.833655072152581, "log10_subsample": -0.2863419916839467, "max_depth": 9.0, "num_boost_round": 16.0}, "datetime": {"datetime": "2024-01-19 01:51:01", "elapsed": 5969.038627, "delta": 0.005736}}
{"target": -13.758399650251292, "params": {"gamma": 734.4776596875523, "log10_alpha": -3.406603020999133, "log10_colsample_bytree": -0.5130567495919538, "log10_eta": -3.598126913177666, "log10_lambda": -0.7284576313819162, "log10_min_child_weight": 0.833655072152581, "log10_subsample": -0.2863419916839467, "max_depth": 9.0, "num_boost_round": 17.0}, "datetime": {"datetime": "2024-01-19 01:51:01", "elapsed": 5969.044825, "delta": 0.006198}}
{"target": -13.75841005274241, "params": {"gamma": 734.4776596875523, "log10_alpha": -3.406603020999133, "log10_colsample_bytree": -0.5130567495919538, "log10_eta": -3.598126913177666, "log10_lambda": -0.7284576313819162, "log10_min_child_weight": 0.833655072152581, "log10_subsample": -0.2863419916839467, "max_depth": 9.0, "num_boost_round": 18.0}, "datetime": {"datetime": "2024-01-19 01:51:01", "elapsed": 5969.050506, "delta": 0.005681}}
{"target": -13.758392873886342, "params": {"gamma": 734.4776596875523, "log10_alpha": -3.406603020999133, "log10_colsample_bytree": -0.5130567495919538, "log10_eta": -3.598126913177666, "log10_lambda": -0.7284576313819162, "log10_min_child_weight": 0.833655072152581, "log10_subsample": -0.2863419916839467, "max_depth": 9.0, "num_boost_round": 19.0}, "datetime": {"datetime": "2024-01-19 01:51:01", "elapsed": 5969.056011, "delta": 0.005505}}
{"target": -13.758362078827007, "params": {"gamma": 734.4776596875523, "log10_alpha": -3.406603020999133, "log10_colsample_bytree": -0.5130567495919538, "log10_eta": -3.598126913177666, "log10_lambda": -0.7284576313819162, "log10_min_child_weight": 0.833655072152581, "log10_subsample": -0.2863419916839467, "max_depth": 9.0, "num_boost_round": 20.0}, "datetime": {"datetime": "2024-01-19 01:51:01", "elapsed": 5969.196375, "delta": 0.140364}}
{"target": -13.75836109619255, "params": {"gamma": 734.4776596875523, "log10_alpha": -3.406603020999133, "log10_colsample_bytree": -0.5130567495919538, "log10_eta": -3.598126913177666, "log10_lambda": -0.7284576313819162, "log10_min_child_weight": 0.833655072152581, "log10_subsample": -0.2863419916839467, "max_depth": 9.0, "num_boost_round": 21.0}, "datetime": {"datetime": "2024-01-19 01:51:01", "elapsed": 5969.203527, "delta": 0.007152}}
{"target": -13.75835758453469, "params": {"gamma": 734.4776596875523, "log10_alpha": -3.406603020999133, "log10_colsample_bytree": -0.5130567495919538, "log10_eta": -3.598126913177666, "log10_lambda": -0.7284576313819162, "log10_min_child_weight": 0.833655072152581, "log10_subsample": -0.2863419916839467, "max_depth": 9.0, "num_boost_round": 22.0}, "datetime": {"datetime": "2024-01-19 01:51:01", "elapsed": 5969.210473, "delta": 0.006946}}
{"target": -13.758348708926967, "params": {"gamma": 734.4776596875523, "log10_alpha": -3.406603020999133, "log10_colsample_bytree": -0.5130567495919538, "log10_eta": -3.598126913177666, "log10_lambda": -0.7284576313819162, "log10_min_child_weight": 0.833655072152581, "log10_subsample": -0.2863419916839467, "max_depth": 9.0, "num_boost_round": 23.0}, "datetime": {"datetime": "2024-01-19 01:51:01", "elapsed": 5969.217381, "delta": 0.006908}}
{"target": -13.758536498614786, "params": {"gamma": 726.730707684248, "log10_alpha": -4.709758803923981, "log10_colsample_bytree": -0.6448130057924896, "log10_eta": -3.664582394908753, "log10_lambda": -0.41516722935168815, "log10_min_child_weight": 2.458396732312043, "log10_subsample": -0.5286005317364595, "max_depth": 4.0, "num_boost_round": 0.0}, "datetime": {"datetime": "2024-01-19 01:52:32", "elapsed": 6060.077473, "delta": 90.860092}}
{"target": -13.758532074605322, "params": {"gamma": 726.730707684248, "log10_alpha": -4.709758803923981, "log10_colsample_bytree": -0.6448130057924896, "log10_eta": -3.664582394908753, "log10_lambda": -0.41516722935168815, "log10_min_child_weight": 2.458396732312043, "log10_subsample": -0.5286005317364595, "max_depth": 4.0, "num_boost_round": 1.0}, "datetime": {"datetime": "2024-01-19 01:52:32", "elapsed": 6060.083744, "delta": 0.006271}}
{"target": -13.758526509910267, "params": {"gamma": 726.730707684248, "log10_alpha": -4.709758803923981, "log10_colsample_bytree": -0.6448130057924896, "log10_eta": -3.664582394908753, "log10_lambda": -0.41516722935168815, "log10_min_child_weight": 2.458396732312043, "log10_subsample": -0.5286005317364595, "max_depth": 4.0, "num_boost_round": 2.0}, "datetime": {"datetime": "2024-01-19 01:52:32", "elapsed": 6060.090192, "delta": 0.006448}}
{"target": -13.758523372804623, "params": {"gamma": 726.730707684248, "log10_alpha": -4.709758803923981, "log10_colsample_bytree": -0.6448130057924896, "log10_eta": -3.664582394908753, "log10_lambda": -0.41516722935168815, "log10_min_child_weight": 2.458396732312043, "log10_subsample": -0.5286005317364595, "max_depth": 4.0, "num_boost_round": 3.0}, "datetime": {"datetime": "2024-01-19 01:52:32", "elapsed": 6060.096775, "delta": 0.006583}}
{"target": -13.758523589398624, "params": {"gamma": 726.730707684248, "log10_alpha": -4.709758803923981, "log10_colsample_bytree": -0.6448130057924896, "log10_eta": -3.664582394908753, "log10_lambda": -0.41516722935168815, "log10_min_child_weight": 2.458396732312043, "log10_subsample": -0.5286005317364595, "max_depth": 4.0, "num_boost_round": 4.0}, "datetime": {"datetime": "2024-01-19 01:52:32", "elapsed": 6060.102285, "delta": 0.00551}}
{"target": -13.758520700704105, "params": {"gamma": 726.730707684248, "log10_alpha": -4.709758803923981, "log10_colsample_bytree": -0.6448130057924896, "log10_eta": -3.664582394908753, "log10_lambda": -0.41516722935168815, "log10_min_child_weight": 2.458396732312043, "log10_subsample": -0.5286005317364595, "max_depth": 4.0, "num_boost_round": 5.0}, "datetime": {"datetime": "2024-01-19 01:52:32", "elapsed": 6060.107764, "delta": 0.005479}}
{"target": -13.758516496213439, "params": {"gamma": 726.730707684248, "log10_alpha": -4.709758803923981, "log10_colsample_bytree": -0.6448130057924896, "log10_eta": -3.664582394908753, "log10_lambda": -0.41516722935168815, "log10_min_child_weight": 2.458396732312043, "log10_subsample": -0.5286005317364595, "max_depth": 4.0, "num_boost_round": 6.0}, "datetime": {"datetime": "2024-01-19 01:52:32", "elapsed": 6060.113277, "delta": 0.005513}}
{"target": -13.758512928826343, "params": {"gamma": 726.730707684248, "log10_alpha": -4.709758803923981, "log10_colsample_bytree": -0.6448130057924896, "log10_eta": -3.664582394908753, "log10_lambda": -0.41516722935168815, "log10_min_child_weight": 2.458396732312043, "log10_subsample": -0.5286005317364595, "max_depth": 4.0, "num_boost_round": 7.0}, "datetime": {"datetime": "2024-01-19 01:52:32", "elapsed": 6060.119206, "delta": 0.005929}}
{"target": -13.758512257411779, "params": {"gamma": 726.730707684248, "log10_alpha": -4.709758803923981, "log10_colsample_bytree": -0.6448130057924896, "log10_eta": -3.664582394908753, "log10_lambda": -0.41516722935168815, "log10_min_child_weight": 2.458396732312043, "log10_subsample": -0.5286005317364595, "max_depth": 4.0, "num_boost_round": 8.0}, "datetime": {"datetime": "2024-01-19 01:52:32", "elapsed": 6060.1254, "delta": 0.006194}}
{"target": -13.75850306076309, "params": {"gamma": 726.730707684248, "log10_alpha": -4.709758803923981, "log10_colsample_bytree": -0.6448130057924896, "log10_eta": -3.664582394908753, "log10_lambda": -0.41516722935168815, "log10_min_child_weight": 2.458396732312043, "log10_subsample": -0.5286005317364595, "max_depth": 4.0, "num_boost_round": 9.0}, "datetime": {"datetime": "2024-01-19 01:52:32", "elapsed": 6060.131244, "delta": 0.005844}}
{"target": -13.758496922790691, "params": {"gamma": 726.730707684248, "log10_alpha": -4.709758803923981, "log10_colsample_bytree": -0.6448130057924896, "log10_eta": -3.664582394908753, "log10_lambda": -0.41516722935168815, "log10_min_child_weight": 2.458396732312043, "log10_subsample": -0.5286005317364595, "max_depth": 4.0, "num_boost_round": 10.0}, "datetime": {"datetime": "2024-01-19 01:52:32", "elapsed": 6060.137057, "delta": 0.005813}}
{"target": -13.758494636923837, "params": {"gamma": 726.730707684248, "log10_alpha": -4.709758803923981, "log10_colsample_bytree": -0.6448130057924896, "log10_eta": -3.664582394908753, "log10_lambda": -0.41516722935168815, "log10_min_child_weight": 2.458396732312043, "log10_subsample": -0.5286005317364595, "max_depth": 4.0, "num_boost_round": 11.0}, "datetime": {"datetime": "2024-01-19 01:52:32", "elapsed": 6060.143058, "delta": 0.006001}}
{"target": -13.758490859008699, "params": {"gamma": 726.730707684248, "log10_alpha": -4.709758803923981, "log10_colsample_bytree": -0.6448130057924896, "log10_eta": -3.664582394908753, "log10_lambda": -0.41516722935168815, "log10_min_child_weight": 2.458396732312043, "log10_subsample": -0.5286005317364595, "max_depth": 4.0, "num_boost_round": 12.0}, "datetime": {"datetime": "2024-01-19 01:52:32", "elapsed": 6060.149017, "delta": 0.005959}}
{"target": -13.758488230765604, "params": {"gamma": 726.730707684248, "log10_alpha": -4.709758803923981, "log10_colsample_bytree": -0.6448130057924896, "log10_eta": -3.664582394908753, "log10_lambda": -0.41516722935168815, "log10_min_child_weight": 2.458396732312043, "log10_subsample": -0.5286005317364595, "max_depth": 4.0, "num_boost_round": 13.0}, "datetime": {"datetime": "2024-01-19 01:52:32", "elapsed": 6060.154934, "delta": 0.005917}}
{"target": -13.758487055126103, "params": {"gamma": 726.730707684248, "log10_alpha": -4.709758803923981, "log10_colsample_bytree": -0.6448130057924896, "log10_eta": -3.664582394908753, "log10_lambda": -0.41516722935168815, "log10_min_child_weight": 2.458396732312043, "log10_subsample": -0.5286005317364595, "max_depth": 4.0, "num_boost_round": 14.0}, "datetime": {"datetime": "2024-01-19 01:52:32", "elapsed": 6060.161203, "delta": 0.006269}}
{"target": -13.758527987124591, "params": {"gamma": 115.18061047335482, "log10_alpha": 0.10835732647199325, "log10_colsample_bytree": -0.9575659614934119, "log10_eta": -3.5304243877283836, "log10_lambda": 0.30612848649889024, "log10_min_child_weight": 1.8780024866650757, "log10_subsample": -0.9366574222322319, "max_depth": 8.0, "num_boost_round": 0.0}, "datetime": {"datetime": "2024-01-19 01:53:36", "elapsed": 6124.184941, "delta": 64.023738}}
{"target": -13.758527434833848, "params": {"gamma": 115.18061047335482, "log10_alpha": 0.10835732647199325, "log10_colsample_bytree": -0.9575659614934119, "log10_eta": -3.5304243877283836, "log10_lambda": 0.30612848649889024, "log10_min_child_weight": 1.8780024866650757, "log10_subsample": -0.9366574222322319, "max_depth": 8.0, "num_boost_round": 1.0}, "datetime": {"datetime": "2024-01-19 01:53:36", "elapsed": 6124.192168, "delta": 0.007227}}
{"target": -13.758531071185084, "params": {"gamma": 115.18061047335482, "log10_alpha": 0.10835732647199325, "log10_colsample_bytree": -0.9575659614934119, "log10_eta": -3.5304243877283836, "log10_lambda": 0.30612848649889024, "log10_min_child_weight": 1.8780024866650757, "log10_subsample": -0.9366574222322319, "max_depth": 8.0, "num_boost_round": 2.0}, "datetime": {"datetime": "2024-01-19 01:53:36", "elapsed": 6124.19791, "delta": 0.005742}}
{"target": -13.758529622080435, "params": {"gamma": 115.18061047335482, "log10_alpha": 0.10835732647199325, "log10_colsample_bytree": -0.9575659614934119, "log10_eta": -3.5304243877283836, "log10_lambda": 0.30612848649889024, "log10_min_child_weight": 1.8780024866650757, "log10_subsample": -0.9366574222322319, "max_depth": 8.0, "num_boost_round": 3.0}, "datetime": {"datetime": "2024-01-19 01:53:36", "elapsed": 6124.203963, "delta": 0.006053}}
{"target": -13.75852335709256, "params": {"gamma": 115.18061047335482, "log10_alpha": 0.10835732647199325, "log10_colsample_bytree": -0.9575659614934119, "log10_eta": -3.5304243877283836, "log10_lambda": 0.30612848649889024, "log10_min_child_weight": 1.8780024866650757, "log10_subsample": -0.9366574222322319, "max_depth": 8.0, "num_boost_round": 4.0}, "datetime": {"datetime": "2024-01-19 01:53:36", "elapsed": 6124.209854, "delta": 0.005891}}
{"target": -13.758517099210883, "params": {"gamma": 115.18061047335482, "log10_alpha": 0.10835732647199325, "log10_colsample_bytree": -0.9575659614934119, "log10_eta": -3.5304243877283836, "log10_lambda": 0.30612848649889024, "log10_min_child_weight": 1.8780024866650757, "log10_subsample": -0.9366574222322319, "max_depth": 8.0, "num_boost_round": 5.0}, "datetime": {"datetime": "2024-01-19 01:53:36", "elapsed": 6124.215812, "delta": 0.005958}}
{"target": -13.758519628271666, "params": {"gamma": 115.18061047335482, "log10_alpha": 0.10835732647199325, "log10_colsample_bytree": -0.9575659614934119, "log10_eta": -3.5304243877283836, "log10_lambda": 0.30612848649889024, "log10_min_child_weight": 1.8780024866650757, "log10_subsample": -0.9366574222322319, "max_depth": 8.0, "num_boost_round": 6.0}, "datetime": {"datetime": "2024-01-19 01:53:36", "elapsed": 6124.221956, "delta": 0.006144}}
{"target": -13.758512895609718, "params": {"gamma": 115.18061047335482, "log10_alpha": 0.10835732647199325, "log10_colsample_bytree": -0.9575659614934119, "log10_eta": -3.5304243877283836, "log10_lambda": 0.30612848649889024, "log10_min_child_weight": 1.8780024866650757, "log10_subsample": -0.9366574222322319, "max_depth": 8.0, "num_boost_round": 7.0}, "datetime": {"datetime": "2024-01-19 01:53:36", "elapsed": 6124.228164, "delta": 0.006208}}
{"target": -13.75851453227586, "params": {"gamma": 115.18061047335482, "log10_alpha": 0.10835732647199325, "log10_colsample_bytree": -0.9575659614934119, "log10_eta": -3.5304243877283836, "log10_lambda": 0.30612848649889024, "log10_min_child_weight": 1.8780024866650757, "log10_subsample": -0.9366574222322319, "max_depth": 8.0, "num_boost_round": 8.0}, "datetime": {"datetime": "2024-01-19 01:53:36", "elapsed": 6124.234084, "delta": 0.00592}}
{"target": -13.758515320341209, "params": {"gamma": 115.18061047335482, "log10_alpha": 0.10835732647199325, "log10_colsample_bytree": -0.9575659614934119, "log10_eta": -3.5304243877283836, "log10_lambda": 0.30612848649889024, "log10_min_child_weight": 1.8780024866650757, "log10_subsample": -0.9366574222322319, "max_depth": 8.0, "num_boost_round": 9.0}, "datetime": {"datetime": "2024-01-19 01:53:36", "elapsed": 6124.24015, "delta": 0.006066}}
{"target": -13.758400741516201, "params": {"gamma": 726.4349122365048, "log10_alpha": -4.778027202843017, "log10_colsample_bytree": -0.9149103099860899, "log10_eta": -1.969786177734731, "log10_lambda": 0.6122015796023366, "log10_min_child_weight": 2.9876197442924743, "log10_subsample": -0.6546742374330871, "max_depth": 8.0, "num_boost_round": 0.0}, "datetime": {"datetime": "2024-01-19 01:55:13", "elapsed": 6220.686109, "delta": 96.445959}}
{"target": -13.758245997957362, "params": {"gamma": 726.4349122365048, "log10_alpha": -4.778027202843017, "log10_colsample_bytree": -0.9149103099860899, "log10_eta": -1.969786177734731, "log10_lambda": 0.6122015796023366, "log10_min_child_weight": 2.9876197442924743, "log10_subsample": -0.6546742374330871, "max_depth": 8.0, "num_boost_round": 1.0}, "datetime": {"datetime": "2024-01-19 01:55:13", "elapsed": 6220.692139, "delta": 0.00603}}
{"target": -13.758094872251075, "params": {"gamma": 726.4349122365048, "log10_alpha": -4.778027202843017, "log10_colsample_bytree": -0.9149103099860899, "log10_eta": -1.969786177734731, "log10_lambda": 0.6122015796023366, "log10_min_child_weight": 2.9876197442924743, "log10_subsample": -0.6546742374330871, "max_depth": 8.0, "num_boost_round": 2.0}, "datetime": {"datetime": "2024-01-19 01:55:13", "elapsed": 6220.697647, "delta": 0.005508}}
{"target": -13.757923474161213, "params": {"gamma": 726.4349122365048, "log10_alpha": -4.778027202843017, "log10_colsample_bytree": -0.9149103099860899, "log10_eta": -1.969786177734731, "log10_lambda": 0.6122015796023366, "log10_min_child_weight": 2.9876197442924743, "log10_subsample": -0.6546742374330871, "max_depth": 8.0, "num_boost_round": 3.0}, "datetime": {"datetime": "2024-01-19 01:55:13", "elapsed": 6220.703537, "delta": 0.00589}}
{"target": -13.757714321530699, "params": {"gamma": 726.4349122365048, "log10_alpha": -4.778027202843017, "log10_colsample_bytree": -0.9149103099860899, "log10_eta": -1.969786177734731, "log10_lambda": 0.6122015796023366, "log10_min_child_weight": 2.9876197442924743, "log10_subsample": -0.6546742374330871, "max_depth": 8.0, "num_boost_round": 4.0}, "datetime": {"datetime": "2024-01-19 01:55:13", "elapsed": 6220.70937, "delta": 0.005833}}
{"target": -13.757467044471355, "params": {"gamma": 726.4349122365048, "log10_alpha": -4.778027202843017, "log10_colsample_bytree": -0.9149103099860899, "log10_eta": -1.969786177734731, "log10_lambda": 0.6122015796023366, "log10_min_child_weight": 2.9876197442924743, "log10_subsample": -0.6546742374330871, "max_depth": 8.0, "num_boost_round": 5.0}, "datetime": {"datetime": "2024-01-19 01:55:13", "elapsed": 6220.715458, "delta": 0.006088}}
{"target": -13.75754204359686, "params": {"gamma": 726.4349122365048, "log10_alpha": -4.778027202843017, "log10_colsample_bytree": -0.9149103099860899, "log10_eta": -1.969786177734731, "log10_lambda": 0.6122015796023366, "log10_min_child_weight": 2.9876197442924743, "log10_subsample": -0.6546742374330871, "max_depth": 8.0, "num_boost_round": 6.0}, "datetime": {"datetime": "2024-01-19 01:55:13", "elapsed": 6220.721829, "delta": 0.006371}}
{"target": -13.757268294004955, "params": {"gamma": 726.4349122365048, "log10_alpha": -4.778027202843017, "log10_colsample_bytree": -0.9149103099860899, "log10_eta": -1.969786177734731, "log10_lambda": 0.6122015796023366, "log10_min_child_weight": 2.9876197442924743, "log10_subsample": -0.6546742374330871, "max_depth": 8.0, "num_boost_round": 7.0}, "datetime": {"datetime": "2024-01-19 01:55:13", "elapsed": 6220.727758, "delta": 0.005929}}
{"target": -13.757172743334074, "params": {"gamma": 726.4349122365048, "log10_alpha": -4.778027202843017, "log10_colsample_bytree": -0.9149103099860899, "log10_eta": -1.969786177734731, "log10_lambda": 0.6122015796023366, "log10_min_child_weight": 2.9876197442924743, "log10_subsample": -0.6546742374330871, "max_depth": 8.0, "num_boost_round": 8.0}, "datetime": {"datetime": "2024-01-19 01:55:13", "elapsed": 6220.733773, "delta": 0.006015}}
