{"target": -13.757503286457524, "params": {"gamma": 436.80290159303337, "log10_alpha": -1.234532683822343, "log10_colsample_bytree": -0.383601216082871, "log10_eta": -2.667277707893143, "log10_lambda": 0.2901078323960018, "log10_min_child_weight": 1.4257939320518975, "log10_subsample": -0.9342644227287877, "max_depth": 7.0, "num_boost_round": 22.0}, "datetime": {"datetime": "2024-01-19 00:16:30", "elapsed": 294.086453, "delta": 0.000793}}
{"target": -13.757496839143927, "params": {"gamma": 436.80290159303337, "log10_alpha": -1.234532683822343, "log10_colsample_bytree": -0.383601216082871, "log10_eta": -2.667277707893143, "log10_lambda": 0.2901078323960018, "log10_min_child_weight": 1.4257939320518975, "log10_subsample": -0.9342644227287877, "max_depth": 7.0, "num_boost_round": 23.0}, "datetime": {"datetime": "2024-01-19 00:16:30", "elapsed": 294.087242, "delta": 0.000789}}
{"target": -13.75752510349907, "params": {"gamma": 436.80290159303337, "log10_alpha": -1.234532683822343, "log10_colsample_bytree": -0.383601216082871, "log10_eta": -2.667277707893143, "log10_lambda": 0.2901078323960018, "log10_min_child_weight": 1.4257939320518975, "log10_subsample": -0.9342644227287877, "max_depth": 7.0, "num_boost_round": 24.0}, "datetime": {"datetime": "2024-01-19 00:16:30", "elapsed": 294.088054, "delta": 0.000812}}
{"target": -13.757497203498051, "params": {"gamma": 436.80290159303337, "log10_alpha": -1.234532683822343, "log10_colsample_bytree": -0.383601216082871, "log10_eta": -2.667277707893143, "log10_lambda": 0.2901078323960018, "log10_min_child_weight": 1.4257939320518975, "log10_subsample": -0.9342644227287877, "max_depth": 7.0, "num_boost_round": 25.0}, "datetime": {"datetime": "2024-01-19 00:16:30", "elapsed": 294.088853, "delta": 0.000799}}
{"target": -13.757417774708568, "params": {"gamma": 436.80290159303337, "log10_alpha": -1.234532683822343, "log10_colsample_bytree": -0.383601216082871, "log10_eta": -2.667277707893143, "log10_lambda": 0.2901078323960018, "log10_min_child_weight": 1.4257939320518975, "log10_subsample": -0.9342644227287877, "max_depth": 7.0, "num_boost_round": 26.0}, "datetime": {"datetime": "2024-01-19 00:16:30", "elapsed": 294.089689, "delta": 0.000836}}
{"target": -13.757359668520257, "params": {"gamma": 436.80290159303337, "log10_alpha": -1.234532683822343, "log10_colsample_bytree": -0.383601216082871, "log10_eta": -2.667277707893143, "log10_lambda": 0.2901078323960018, "log10_min_child_weight": 1.4257939320518975, "log10_subsample": -0.9342644227287877, "max_depth": 7.0, "num_boost_round": 27.0}, "datetime": {"datetime": "2024-01-19 00:16:30", "elapsed": 294.090493, "delta": 0.000804}}
{"target": -13.75735460218881, "params": {"gamma": 436.80290159303337, "log10_alpha": -1.234532683822343, "log10_colsample_bytree": -0.383601216082871, "log10_eta": -2.667277707893143, "log10_lambda": 0.2901078323960018, "log10_min_child_weight": 1.4257939320518975, "log10_subsample": -0.9342644227287877, "max_depth": 7.0, "num_boost_round": 28.0}, "datetime": {"datetime": "2024-01-19 00:16:30", "elapsed": 294.091295, "delta": 0.000802}}
{"target": -13.757223905510017, "params": {"gamma": 436.80290159303337, "log10_alpha": -1.234532683822343, "log10_colsample_bytree": -0.383601216082871, "log10_eta": -2.667277707893143, "log10_lambda": 0.2901078323960018, "log10_min_child_weight": 1.4257939320518975, "log10_subsample": -0.9342644227287877, "max_depth": 7.0, "num_boost_round": 29.0}, "datetime": {"datetime": "2024-01-19 00:16:30", "elapsed": 294.092088, "delta": 0.000793}}
{"target": -13.75728114862887, "params": {"gamma": 436.80290159303337, "log10_alpha": -1.234532683822343, "log10_colsample_bytree": -0.383601216082871, "log10_eta": -2.667277707893143, "log10_lambda": 0.2901078323960018, "log10_min_child_weight": 1.4257939320518975, "log10_subsample": -0.9342644227287877, "max_depth": 7.0, "num_boost_round": 30.0}, "datetime": {"datetime": "2024-01-19 00:16:30", "elapsed": 294.0929, "delta": 0.000812}}
{"target": -13.757163029422186, "params": {"gamma": 436.80290159303337, "log10_alpha": -1.234532683822343, "log10_colsample_bytree": -0.383601216082871, "log10_eta": -2.667277707893143, "log10_lambda": 0.2901078323960018, "log10_min_child_weight": 1.4257939320518975, "log10_subsample": -0.9342644227287877, "max_depth": 7.0, "num_boost_round": 31.0}, "datetime": {"datetime": "2024-01-19 00:16:30", "elapsed": 294.093805, "delta": 0.000905}}
{"target": -13.757155203177309, "params": {"gamma": 436.80290159303337, "log10_alpha": -1.234532683822343, "log10_colsample_bytree": -0.383601216082871, "log10_eta": -2.667277707893143, "log10_lambda": 0.2901078323960018, "log10_min_child_weight": 1.4257939320518975, "log10_subsample": -0.9342644227287877, "max_depth": 7.0, "num_boost_round": 32.0}, "datetime": {"datetime": "2024-01-19 00:16:30", "elapsed": 294.094626, "delta": 0.000821}}
{"target": -13.75713351086693, "params": {"gamma": 436.80290159303337, "log10_alpha": -1.234532683822343, "log10_colsample_bytree": -0.383601216082871, "log10_eta": -2.667277707893143, "log10_lambda": 0.2901078323960018, "log10_min_child_weight": 1.4257939320518975, "log10_subsample": -0.9342644227287877, "max_depth": 7.0, "num_boost_round": 33.0}, "datetime": {"datetime": "2024-01-19 00:16:30", "elapsed": 294.095437, "delta": 0.000811}}
{"target": -13.757068545437981, "params": {"gamma": 436.80290159303337, "log10_alpha": -1.234532683822343, "log10_colsample_bytree": -0.383601216082871, "log10_eta": -2.667277707893143, "log10_lambda": 0.2901078323960018, "log10_min_child_weight": 1.4257939320518975, "log10_subsample": -0.9342644227287877, "max_depth": 7.0, "num_boost_round": 34.0}, "datetime": {"datetime": "2024-01-19 00:16:30", "elapsed": 294.09625, "delta": 0.000813}}
{"target": -13.758522205463976, "params": {"gamma": 434.54294924637696, "log10_alpha": -3.248073617204111, "log10_colsample_bytree": -1.0, "log10_eta": -3.285055073135099, "log10_lambda": 0.05528050898174293, "log10_min_child_weight": 0.0, "log10_subsample": 0.0, "max_depth": 4.0, "num_boost_round": 0.0}, "datetime": {"datetime": "2024-01-19 00:16:59", "elapsed": 323.036222, "delta": 28.939972}}
{"target": -13.758509401525666, "params": {"gamma": 434.54294924637696, "log10_alpha": -3.248073617204111, "log10_colsample_bytree": -1.0, "log10_eta": -3.285055073135099, "log10_lambda": 0.05528050898174293, "log10_min_child_weight": 0.0, "log10_subsample": 0.0, "max_depth": 4.0, "num_boost_round": 1.0}, "datetime": {"datetime": "2024-01-19 00:16:59", "elapsed": 323.037508, "delta": 0.001286}}
{"target": -13.75851137836116, "params": {"gamma": 434.54294924637696, "log10_alpha": -3.248073617204111, "log10_colsample_bytree": -1.0, "log10_eta": -3.285055073135099, "log10_lambda": 0.05528050898174293, "log10_min_child_weight": 0.0, "log10_subsample": 0.0, "max_depth": 4.0, "num_boost_round": 2.0}, "datetime": {"datetime": "2024-01-19 00:16:59", "elapsed": 323.03858, "delta": 0.001072}}
{"target": -13.758508922805449, "params": {"gamma": 434.54294924637696, "log10_alpha": -3.248073617204111, "log10_colsample_bytree": -1.0, "log10_eta": -3.285055073135099, "log10_lambda": 0.05528050898174293, "log10_min_child_weight": 0.0, "log10_subsample": 0.0, "max_depth": 4.0, "num_boost_round": 3.0}, "datetime": {"datetime": "2024-01-19 00:16:59", "elapsed": 323.039428, "delta": 0.000848}}
{"target": -13.758499748438854, "params": {"gamma": 434.54294924637696, "log10_alpha": -3.248073617204111, "log10_colsample_bytree": -1.0, "log10_eta": -3.285055073135099, "log10_lambda": 0.05528050898174293, "log10_min_child_weight": 0.0, "log10_subsample": 0.0, "max_depth": 4.0, "num_boost_round": 4.0}, "datetime": {"datetime": "2024-01-19 00:16:59", "elapsed": 323.040261, "delta": 0.000833}}
{"target": -13.75849049113514, "params": {"gamma": 434.54294924637696, "log10_alpha": -3.248073617204111, "log10_colsample_bytree": -1.0, "log10_eta": -3.285055073135099, "log10_lambda": 0.05528050898174293, "log10_min_child_weight": 0.0, "log10_subsample": 0.0, "max_depth": 4.0, "num_boost_round": 5.0}, "datetime": {"datetime": "2024-01-19 00:16:59", "elapsed": 323.041082, "delta": 0.000821}}
{"target": -13.758490136816928, "params": {"gamma": 434.54294924637696, "log10_alpha": -3.248073617204111, "log10_colsample_bytree": -1.0, "log10_eta": -3.285055073135099, "log10_lambda": 0.05528050898174293, "log10_min_child_weight": 0.0, "log10_subsample": 0.0, "max_depth": 4.0, "num_boost_round": 6.0}, "datetime": {"datetime": "2024-01-19 00:16:59", "elapsed": 323.041908, "delta": 0.000826}}
{"target": -13.758488248724017, "params": {"gamma": 434.54294924637696, "log10_alpha": -3.248073617204111, "log10_colsample_bytree": -1.0, "log10_eta": -3.285055073135099, "log10_lambda": 0.05528050898174293, "log10_min_child_weight": 0.0, "log10_subsample": 0.0, "max_depth": 4.0, "num_boost_round": 7.0}, "datetime": {"datetime": "2024-01-19 00:16:59", "elapsed": 323.042796, "delta": 0.000888}}
{"target": -13.758482707439997, "params": {"gamma": 434.54294924637696, "log10_alpha": -3.248073617204111, "log10_colsample_bytree": -1.0, "log10_eta": -3.285055073135099, "log10_lambda": 0.05528050898174293, "log10_min_child_weight": 0.0, "log10_subsample": 0.0, "max_depth": 4.0, "num_boost_round": 8.0}, "datetime": {"datetime": "2024-01-19 00:16:59", "elapsed": 323.043646, "delta": 0.00085}}
{"target": -13.758489454597205, "params": {"gamma": 434.54294924637696, "log10_alpha": -3.248073617204111, "log10_colsample_bytree": -1.0, "log10_eta": -3.285055073135099, "log10_lambda": 0.05528050898174293, "log10_min_child_weight": 0.0, "log10_subsample": 0.0, "max_depth": 4.0, "num_boost_round": 9.0}, "datetime": {"datetime": "2024-01-19 00:16:59", "elapsed": 323.044709, "delta": 0.001063}}
{"target": -13.75848923143104, "params": {"gamma": 434.54294924637696, "log10_alpha": -3.248073617204111, "log10_colsample_bytree": -1.0, "log10_eta": -3.285055073135099, "log10_lambda": 0.05528050898174293, "log10_min_child_weight": 0.0, "log10_subsample": 0.0, "max_depth": 4.0, "num_boost_round": 10.0}, "datetime": {"datetime": "2024-01-19 00:16:59", "elapsed": 323.045582, "delta": 0.000873}}
{"target": -13.758484580863742, "params": {"gamma": 434.54294924637696, "log10_alpha": -3.248073617204111, "log10_colsample_bytree": -1.0, "log10_eta": -3.285055073135099, "log10_lambda": 0.05528050898174293, "log10_min_child_weight": 0.0, "log10_subsample": 0.0, "max_depth": 4.0, "num_boost_round": 11.0}, "datetime": {"datetime": "2024-01-19 00:16:59", "elapsed": 323.046435, "delta": 0.000853}}
{"target": -13.75846948310137, "params": {"gamma": 434.54294924637696, "log10_alpha": -3.248073617204111, "log10_colsample_bytree": -1.0, "log10_eta": -3.285055073135099, "log10_lambda": 0.05528050898174293, "log10_min_child_weight": 0.0, "log10_subsample": 0.0, "max_depth": 4.0, "num_boost_round": 12.0}, "datetime": {"datetime": "2024-01-19 00:16:59", "elapsed": 323.047277, "delta": 0.000842}}
{"target": -13.758462604849345, "params": {"gamma": 434.54294924637696, "log10_alpha": -3.248073617204111, "log10_colsample_bytree": -1.0, "log10_eta": -3.285055073135099, "log10_lambda": 0.05528050898174293, "log10_min_child_weight": 0.0, "log10_subsample": 0.0, "max_depth": 4.0, "num_boost_round": 13.0}, "datetime": {"datetime": "2024-01-19 00:16:59", "elapsed": 323.048112, "delta": 0.000835}}
{"target": -13.758443519121437, "params": {"gamma": 434.54294924637696, "log10_alpha": -3.248073617204111, "log10_colsample_bytree": -1.0, "log10_eta": -3.285055073135099, "log10_lambda": 0.05528050898174293, "log10_min_child_weight": 0.0, "log10_subsample": 0.0, "max_depth": 4.0, "num_boost_round": 14.0}, "datetime": {"datetime": "2024-01-19 00:16:59", "elapsed": 323.048953, "delta": 0.000841}}
{"target": -13.758438994654886, "params": {"gamma": 434.54294924637696, "log10_alpha": -3.248073617204111, "log10_colsample_bytree": -1.0, "log10_eta": -3.285055073135099, "log10_lambda": 0.05528050898174293, "log10_min_child_weight": 0.0, "log10_subsample": 0.0, "max_depth": 4.0, "num_boost_round": 15.0}, "datetime": {"datetime": "2024-01-19 00:16:59", "elapsed": 323.04985, "delta": 0.000897}}
{"target": -13.758429932075554, "params": {"gamma": 434.54294924637696, "log10_alpha": -3.248073617204111, "log10_colsample_bytree": -1.0, "log10_eta": -3.285055073135099, "log10_lambda": 0.05528050898174293, "log10_min_child_weight": 0.0, "log10_subsample": 0.0, "max_depth": 4.0, "num_boost_round": 16.0}, "datetime": {"datetime": "2024-01-19 00:16:59", "elapsed": 323.050701, "delta": 0.000851}}
{"target": -13.758424733042897, "params": {"gamma": 434.54294924637696, "log10_alpha": -3.248073617204111, "log10_colsample_bytree": -1.0, "log10_eta": -3.285055073135099, "log10_lambda": 0.05528050898174293, "log10_min_child_weight": 0.0, "log10_subsample": 0.0, "max_depth": 4.0, "num_boost_round": 17.0}, "datetime": {"datetime": "2024-01-19 00:16:59", "elapsed": 323.051557, "delta": 0.000856}}
{"target": -13.758416997917505, "params": {"gamma": 434.54294924637696, "log10_alpha": -3.248073617204111, "log10_colsample_bytree": -1.0, "log10_eta": -3.285055073135099, "log10_lambda": 0.05528050898174293, "log10_min_child_weight": 0.0, "log10_subsample": 0.0, "max_depth": 4.0, "num_boost_round": 18.0}, "datetime": {"datetime": "2024-01-19 00:16:59", "elapsed": 323.052415, "delta": 0.000858}}
{"target": -13.758402662693614, "params": {"gamma": 434.54294924637696, "log10_alpha": -3.248073617204111, "log10_colsample_bytree": -1.0, "log10_eta": -3.285055073135099, "log10_lambda": 0.05528050898174293, "log10_min_child_weight": 0.0, "log10_subsample": 0.0, "max_depth": 4.0, "num_boost_round": 19.0}, "datetime": {"datetime": "2024-01-19 00:16:59", "elapsed": 323.053272, "delta": 0.000857}}
{"target": -13.75839935297548, "params": {"gamma": 434.54294924637696, "log10_alpha": -3.248073617204111, "log10_colsample_bytree": -1.0, "log10_eta": -3.285055073135099, "log10_lambda": 0.05528050898174293, "log10_min_child_weight": 0.0, "log10_subsample": 0.0, "max_depth": 4.0, "num_boost_round": 20.0}, "datetime": {"datetime": "2024-01-19 00:16:59", "elapsed": 323.054208, "delta": 0.000936}}
{"target": -13.758387384116704, "params": {"gamma": 434.54294924637696, "log10_alpha": -3.248073617204111, "log10_colsample_bytree": -1.0, "log10_eta": -3.285055073135099, "log10_lambda": 0.05528050898174293, "log10_min_child_weight": 0.0, "log10_subsample": 0.0, "max_depth": 4.0, "num_boost_round": 21.0}, "datetime": {"datetime": "2024-01-19 00:16:59", "elapsed": 323.05506, "delta": 0.000852}}
{"target": -13.758381062447272, "params": {"gamma": 434.54294924637696, "log10_alpha": -3.248073617204111, "log10_colsample_bytree": -1.0, "log10_eta": -3.285055073135099, "log10_lambda": 0.05528050898174293, "log10_min_child_weight": 0.0, "log10_subsample": 0.0, "max_depth": 4.0, "num_boost_round": 22.0}, "datetime": {"datetime": "2024-01-19 00:16:59", "elapsed": 323.055909, "delta": 0.000849}}
{"target": -13.758367632560146, "params": {"gamma": 434.54294924637696, "log10_alpha": -3.248073617204111, "log10_colsample_bytree": -1.0, "log10_eta": -3.285055073135099, "log10_lambda": 0.05528050898174293, "log10_min_child_weight": 0.0, "log10_subsample": 0.0, "max_depth": 4.0, "num_boost_round": 23.0}, "datetime": {"datetime": "2024-01-19 00:16:59", "elapsed": 323.056769, "delta": 0.00086}}
{"target": -13.758374328371533, "params": {"gamma": 434.54294924637696, "log10_alpha": -3.248073617204111, "log10_colsample_bytree": -1.0, "log10_eta": -3.285055073135099, "log10_lambda": 0.05528050898174293, "log10_min_child_weight": 0.0, "log10_subsample": 0.0, "max_depth": 4.0, "num_boost_round": 24.0}, "datetime": {"datetime": "2024-01-19 00:16:59", "elapsed": 323.057629, "delta": 0.00086}}
{"target": -13.758360271964422, "params": {"gamma": 434.54294924637696, "log10_alpha": -3.248073617204111, "log10_colsample_bytree": -1.0, "log10_eta": -3.285055073135099, "log10_lambda": 0.05528050898174293, "log10_min_child_weight": 0.0, "log10_subsample": 0.0, "max_depth": 4.0, "num_boost_round": 25.0}, "datetime": {"datetime": "2024-01-19 00:16:59", "elapsed": 323.058488, "delta": 0.000859}}
{"target": -13.758353319271828, "params": {"gamma": 434.54294924637696, "log10_alpha": -3.248073617204111, "log10_colsample_bytree": -1.0, "log10_eta": -3.285055073135099, "log10_lambda": 0.05528050898174293, "log10_min_child_weight": 0.0, "log10_subsample": 0.0, "max_depth": 4.0, "num_boost_round": 26.0}, "datetime": {"datetime": "2024-01-19 00:16:59", "elapsed": 323.059348, "delta": 0.00086}}
{"target": -13.758342519479893, "params": {"gamma": 434.54294924637696, "log10_alpha": -3.248073617204111, "log10_colsample_bytree": -1.0, "log10_eta": -3.285055073135099, "log10_lambda": 0.05528050898174293, "log10_min_child_weight": 0.0, "log10_subsample": 0.0, "max_depth": 4.0, "num_boost_round": 27.0}, "datetime": {"datetime": "2024-01-19 00:16:59", "elapsed": 323.060213, "delta": 0.000865}}
{"target": -13.758334303740908, "params": {"gamma": 434.54294924637696, "log10_alpha": -3.248073617204111, "log10_colsample_bytree": -1.0, "log10_eta": -3.285055073135099, "log10_lambda": 0.05528050898174293, "log10_min_child_weight": 0.0, "log10_subsample": 0.0, "max_depth": 4.0, "num_boost_round": 28.0}, "datetime": {"datetime": "2024-01-19 00:16:59", "elapsed": 323.061063, "delta": 0.00085}}
{"target": -13.758333035954756, "params": {"gamma": 434.54294924637696, "log10_alpha": -3.248073617204111, "log10_colsample_bytree": -1.0, "log10_eta": -3.285055073135099, "log10_lambda": 0.05528050898174293, "log10_min_child_weight": 0.0, "log10_subsample": 0.0, "max_depth": 4.0, "num_boost_round": 29.0}, "datetime": {"datetime": "2024-01-19 00:16:59", "elapsed": 323.061924, "delta": 0.000861}}
{"target": -13.758329122813812, "params": {"gamma": 434.54294924637696, "log10_alpha": -3.248073617204111, "log10_colsample_bytree": -1.0, "log10_eta": -3.285055073135099, "log10_lambda": 0.05528050898174293, "log10_min_child_weight": 0.0, "log10_subsample": 0.0, "max_depth": 4.0, "num_boost_round": 30.0}, "datetime": {"datetime": "2024-01-19 00:16:59", "elapsed": 323.062798, "delta": 0.000874}}
{"target": -13.758311413749661, "params": {"gamma": 434.54294924637696, "log10_alpha": -3.248073617204111, "log10_colsample_bytree": -1.0, "log10_eta": -3.285055073135099, "log10_lambda": 0.05528050898174293, "log10_min_child_weight": 0.0, "log10_subsample": 0.0, "max_depth": 4.0, "num_boost_round": 31.0}, "datetime": {"datetime": "2024-01-19 00:16:59", "elapsed": 323.06366, "delta": 0.000862}}
{"target": -13.758304276733524, "params": {"gamma": 434.54294924637696, "log10_alpha": -3.248073617204111, "log10_colsample_bytree": -1.0, "log10_eta": -3.285055073135099, "log10_lambda": 0.05528050898174293, "log10_min_child_weight": 0.0, "log10_subsample": 0.0, "max_depth": 4.0, "num_boost_round": 32.0}, "datetime": {"datetime": "2024-01-19 00:16:59", "elapsed": 323.064559, "delta": 0.000899}}
{"target": -13.758292091595509, "params": {"gamma": 434.54294924637696, "log10_alpha": -3.248073617204111, "log10_colsample_bytree": -1.0, "log10_eta": -3.285055073135099, "log10_lambda": 0.05528050898174293, "log10_min_child_weight": 0.0, "log10_subsample": 0.0, "max_depth": 4.0, "num_boost_round": 33.0}, "datetime": {"datetime": "2024-01-19 00:16:59", "elapsed": 323.065425, "delta": 0.000866}}
{"target": -13.75828385874623, "params": {"gamma": 434.54294924637696, "log10_alpha": -3.248073617204111, "log10_colsample_bytree": -1.0, "log10_eta": -3.285055073135099, "log10_lambda": 0.05528050898174293, "log10_min_child_weight": 0.0, "log10_subsample": 0.0, "max_depth": 4.0, "num_boost_round": 34.0}, "datetime": {"datetime": "2024-01-19 00:16:59", "elapsed": 323.066294, "delta": 0.000869}}
{"target": -13.758278436400866, "params": {"gamma": 434.54294924637696, "log10_alpha": -3.248073617204111, "log10_colsample_bytree": -1.0, "log10_eta": -3.285055073135099, "log10_lambda": 0.05528050898174293, "log10_min_child_weight": 0.0, "log10_subsample": 0.0, "max_depth": 4.0, "num_boost_round": 35.0}, "datetime": {"datetime": "2024-01-19 00:16:59", "elapsed": 323.067161, "delta": 0.000867}}
{"target": -13.758272166286735, "params": {"gamma": 434.54294924637696, "log10_alpha": -3.248073617204111, "log10_colsample_bytree": -1.0, "log10_eta": -3.285055073135099, "log10_lambda": 0.05528050898174293, "log10_min_child_weight": 0.0, "log10_subsample": 0.0, "max_depth": 4.0, "num_boost_round": 36.0}, "datetime": {"datetime": "2024-01-19 00:16:59", "elapsed": 323.068027, "delta": 0.000866}}
{"target": -13.758264942525106, "params": {"gamma": 434.54294924637696, "log10_alpha": -3.248073617204111, "log10_colsample_bytree": -1.0, "log10_eta": -3.285055073135099, "log10_lambda": 0.05528050898174293, "log10_min_child_weight": 0.0, "log10_subsample": 0.0, "max_depth": 4.0, "num_boost_round": 37.0}, "datetime": {"datetime": "2024-01-19 00:16:59", "elapsed": 323.068889, "delta": 0.000862}}
{"target": -13.758262664932134, "params": {"gamma": 434.54294924637696, "log10_alpha": -3.248073617204111, "log10_colsample_bytree": -1.0, "log10_eta": -3.285055073135099, "log10_lambda": 0.05528050898174293, "log10_min_child_weight": 0.0, "log10_subsample": 0.0, "max_depth": 4.0, "num_boost_round": 38.0}, "datetime": {"datetime": "2024-01-19 00:16:59", "elapsed": 323.069802, "delta": 0.000913}}
{"target": -13.758259958645084, "params": {"gamma": 434.54294924637696, "log10_alpha": -3.248073617204111, "log10_colsample_bytree": -1.0, "log10_eta": -3.285055073135099, "log10_lambda": 0.05528050898174293, "log10_min_child_weight": 0.0, "log10_subsample": 0.0, "max_depth": 4.0, "num_boost_round": 39.0}, "datetime": {"datetime": "2024-01-19 00:16:59", "elapsed": 323.070697, "delta": 0.000895}}
