{"target": -13.758517424272192, "params": {"gamma": 515.0013702691784, "log10_alpha": 0.6183084862340724, "log10_colsample_bytree": -0.9732119121893896, "log10_eta": -3.3841408721893056, "log10_lambda": -2.5886798523537817, "log10_min_child_weight": 2.446472273723044, "log10_subsample": -0.8852384634426984, "max_depth": 8.0, "num_boost_round": 1.0}, "datetime": {"datetime": "2024-01-19 00:58:47", "elapsed": 2831.441256, "delta": 0.004315}}
{"target": -13.75851200841493, "params": {"gamma": 515.0013702691784, "log10_alpha": 0.6183084862340724, "log10_colsample_bytree": -0.9732119121893896, "log10_eta": -3.3841408721893056, "log10_lambda": -2.5886798523537817, "log10_min_child_weight": 2.446472273723044, "log10_subsample": -0.8852384634426984, "max_depth": 8.0, "num_boost_round": 2.0}, "datetime": {"datetime": "2024-01-19 00:58:47", "elapsed": 2831.445151, "delta": 0.003895}}
{"target": -13.75850283277082, "params": {"gamma": 515.0013702691784, "log10_alpha": 0.6183084862340724, "log10_colsample_bytree": -0.9732119121893896, "log10_eta": -3.3841408721893056, "log10_lambda": -2.5886798523537817, "log10_min_child_weight": 2.446472273723044, "log10_subsample": -0.8852384634426984, "max_depth": 8.0, "num_boost_round": 3.0}, "datetime": {"datetime": "2024-01-19 00:58:47", "elapsed": 2831.448875, "delta": 0.003724}}
{"target": -13.75849536037413, "params": {"gamma": 515.0013702691784, "log10_alpha": 0.6183084862340724, "log10_colsample_bytree": -0.9732119121893896, "log10_eta": -3.3841408721893056, "log10_lambda": -2.5886798523537817, "log10_min_child_weight": 2.446472273723044, "log10_subsample": -0.8852384634426984, "max_depth": 8.0, "num_boost_round": 4.0}, "datetime": {"datetime": "2024-01-19 00:58:47", "elapsed": 2831.452693, "delta": 0.003818}}
{"target": -13.758491778862505, "params": {"gamma": 515.0013702691784, "log10_alpha": 0.6183084862340724, "log10_colsample_bytree": -0.9732119121893896, "log10_eta": -3.3841408721893056, "log10_lambda": -2.5886798523537817, "log10_min_child_weight": 2.446472273723044, "log10_subsample": -0.8852384634426984, "max_depth": 8.0, "num_boost_round": 5.0}, "datetime": {"datetime": "2024-01-19 00:58:47", "elapsed": 2831.456494, "delta": 0.003801}}
{"target": -13.758495800910312, "params": {"gamma": 515.0013702691784, "log10_alpha": 0.6183084862340724, "log10_colsample_bytree": -0.9732119121893896, "log10_eta": -3.3841408721893056, "log10_lambda": -2.5886798523537817, "log10_min_child_weight": 2.446472273723044, "log10_subsample": -0.8852384634426984, "max_depth": 8.0, "num_boost_round": 6.0}, "datetime": {"datetime": "2024-01-19 00:58:47", "elapsed": 2831.46061, "delta": 0.004116}}
{"target": -13.758474891881802, "params": {"gamma": 515.0013702691784, "log10_alpha": 0.6183084862340724, "log10_colsample_bytree": -0.9732119121893896, "log10_eta": -3.3841408721893056, "log10_lambda": -2.5886798523537817, "log10_min_child_weight": 2.446472273723044, "log10_subsample": -0.8852384634426984, "max_depth": 8.0, "num_boost_round": 7.0}, "datetime": {"datetime": "2024-01-19 00:58:47", "elapsed": 2831.464931, "delta": 0.004321}}
{"target": -13.758464739421322, "params": {"gamma": 515.0013702691784, "log10_alpha": 0.6183084862340724, "log10_colsample_bytree": -0.9732119121893896, "log10_eta": -3.3841408721893056, "log10_lambda": -2.5886798523537817, "log10_min_child_weight": 2.446472273723044, "log10_subsample": -0.8852384634426984, "max_depth": 8.0, "num_boost_round": 8.0}, "datetime": {"datetime": "2024-01-19 00:58:47", "elapsed": 2831.468952, "delta": 0.004021}}
{"target": -13.758452594186496, "params": {"gamma": 515.0013702691784, "log10_alpha": 0.6183084862340724, "log10_colsample_bytree": -0.9732119121893896, "log10_eta": -3.3841408721893056, "log10_lambda": -2.5886798523537817, "log10_min_child_weight": 2.446472273723044, "log10_subsample": -0.8852384634426984, "max_depth": 8.0, "num_boost_round": 9.0}, "datetime": {"datetime": "2024-01-19 00:58:47", "elapsed": 2831.472825, "delta": 0.003873}}
{"target": -13.758445982090953, "params": {"gamma": 515.0013702691784, "log10_alpha": 0.6183084862340724, "log10_colsample_bytree": -0.9732119121893896, "log10_eta": -3.3841408721893056, "log10_lambda": -2.5886798523537817, "log10_min_child_weight": 2.446472273723044, "log10_subsample": -0.8852384634426984, "max_depth": 8.0, "num_boost_round": 10.0}, "datetime": {"datetime": "2024-01-19 00:58:47", "elapsed": 2831.476645, "delta": 0.00382}}
{"target": -13.758480456800878, "params": {"gamma": 498.26441979221147, "log10_alpha": -1.75970517621509, "log10_colsample_bytree": -0.4122273705326964, "log10_eta": -2.571518543178571, "log10_lambda": -4.272645854945948, "log10_min_child_weight": 1.915515868711286, "log10_subsample": -0.5261098037452681, "max_depth": 2.0, "num_boost_round": 0.0}, "datetime": {"datetime": "2024-01-19 00:59:54", "elapsed": 2898.052283, "delta": 66.575638}}
{"target": -13.758443368115884, "params": {"gamma": 498.26441979221147, "log10_alpha": -1.75970517621509, "log10_colsample_bytree": -0.4122273705326964, "log10_eta": -2.571518543178571, "log10_lambda": -4.272645854945948, "log10_min_child_weight": 1.915515868711286, "log10_subsample": -0.5261098037452681, "max_depth": 2.0, "num_boost_round": 1.0}, "datetime": {"datetime": "2024-01-19 00:59:54", "elapsed": 2898.057124, "delta": 0.004841}}
{"target": -13.758457418316038, "params": {"gamma": 498.26441979221147, "log10_alpha": -1.75970517621509, "log10_colsample_bytree": -0.4122273705326964, "log10_eta": -2.571518543178571, "log10_lambda": -4.272645854945948, "log10_min_child_weight": 1.915515868711286, "log10_subsample": -0.5261098037452681, "max_depth": 2.0, "num_boost_round": 2.0}, "datetime": {"datetime": "2024-01-19 00:59:54", "elapsed": 2898.060981, "delta": 0.003857}}
{"target": -13.758452612516095, "params": {"gamma": 498.26441979221147, "log10_alpha": -1.75970517621509, "log10_colsample_bytree": -0.4122273705326964, "log10_eta": -2.571518543178571, "log10_lambda": -4.272645854945948, "log10_min_child_weight": 1.915515868711286, "log10_subsample": -0.5261098037452681, "max_depth": 2.0, "num_boost_round": 3.0}, "datetime": {"datetime": "2024-01-19 00:59:54", "elapsed": 2898.064834, "delta": 0.003853}}
{"target": -13.758427067804439, "params": {"gamma": 498.26441979221147, "log10_alpha": -1.75970517621509, "log10_colsample_bytree": -0.4122273705326964, "log10_eta": -2.571518543178571, "log10_lambda": -4.272645854945948, "log10_min_child_weight": 1.915515868711286, "log10_subsample": -0.5261098037452681, "max_depth": 2.0, "num_boost_round": 4.0}, "datetime": {"datetime": "2024-01-19 00:59:54", "elapsed": 2898.068724, "delta": 0.00389}}
{"target": -13.758414715604548, "params": {"gamma": 498.26441979221147, "log10_alpha": -1.75970517621509, "log10_colsample_bytree": -0.4122273705326964, "log10_eta": -2.571518543178571, "log10_lambda": -4.272645854945948, "log10_min_child_weight": 1.915515868711286, "log10_subsample": -0.5261098037452681, "max_depth": 2.0, "num_boost_round": 5.0}, "datetime": {"datetime": "2024-01-19 00:59:54", "elapsed": 2898.072573, "delta": 0.003849}}
{"target": -13.758406117412193, "params": {"gamma": 498.26441979221147, "log10_alpha": -1.75970517621509, "log10_colsample_bytree": -0.4122273705326964, "log10_eta": -2.571518543178571, "log10_lambda": -4.272645854945948, "log10_min_child_weight": 1.915515868711286, "log10_subsample": -0.5261098037452681, "max_depth": 2.0, "num_boost_round": 6.0}, "datetime": {"datetime": "2024-01-19 00:59:54", "elapsed": 2898.076531, "delta": 0.003958}}
{"target": -13.758393380224572, "params": {"gamma": 498.26441979221147, "log10_alpha": -1.75970517621509, "log10_colsample_bytree": -0.4122273705326964, "log10_eta": -2.571518543178571, "log10_lambda": -4.272645854945948, "log10_min_child_weight": 1.915515868711286, "log10_subsample": -0.5261098037452681, "max_depth": 2.0, "num_boost_round": 7.0}, "datetime": {"datetime": "2024-01-19 00:59:54", "elapsed": 2898.080483, "delta": 0.003952}}
{"target": -13.758359267626608, "params": {"gamma": 498.26441979221147, "log10_alpha": -1.75970517621509, "log10_colsample_bytree": -0.4122273705326964, "log10_eta": -2.571518543178571, "log10_lambda": -4.272645854945948, "log10_min_child_weight": 1.915515868711286, "log10_subsample": -0.5261098037452681, "max_depth": 2.0, "num_boost_round": 8.0}, "datetime": {"datetime": "2024-01-19 00:59:54", "elapsed": 2898.084359, "delta": 0.003876}}
{"target": -13.758313596301578, "params": {"gamma": 498.26441979221147, "log10_alpha": -1.75970517621509, "log10_colsample_bytree": -0.4122273705326964, "log10_eta": -2.571518543178571, "log10_lambda": -4.272645854945948, "log10_min_child_weight": 1.915515868711286, "log10_subsample": -0.5261098037452681, "max_depth": 2.0, "num_boost_round": 9.0}, "datetime": {"datetime": "2024-01-19 00:59:54", "elapsed": 2898.088198, "delta": 0.003839}}
{"target": -13.758293279179854, "params": {"gamma": 498.26441979221147, "log10_alpha": -1.75970517621509, "log10_colsample_bytree": -0.4122273705326964, "log10_eta": -2.571518543178571, "log10_lambda": -4.272645854945948, "log10_min_child_weight": 1.915515868711286, "log10_subsample": -0.5261098037452681, "max_depth": 2.0, "num_boost_round": 10.0}, "datetime": {"datetime": "2024-01-19 00:59:54", "elapsed": 2898.091981, "delta": 0.003783}}
{"target": -13.758252586873349, "params": {"gamma": 498.26441979221147, "log10_alpha": -1.75970517621509, "log10_colsample_bytree": -0.4122273705326964, "log10_eta": -2.571518543178571, "log10_lambda": -4.272645854945948, "log10_min_child_weight": 1.915515868711286, "log10_subsample": -0.5261098037452681, "max_depth": 2.0, "num_boost_round": 11.0}, "datetime": {"datetime": "2024-01-19 00:59:54", "elapsed": 2898.095826, "delta": 0.003845}}
{"target": -13.758229569680333, "params": {"gamma": 498.26441979221147, "log10_alpha": -1.75970517621509, "log10_colsample_bytree": -0.4122273705326964, "log10_eta": -2.571518543178571, "log10_lambda": -4.272645854945948, "log10_min_child_weight": 1.915515868711286, "log10_subsample": -0.5261098037452681, "max_depth": 2.0, "num_boost_round": 12.0}, "datetime": {"datetime": "2024-01-19 00:59:54", "elapsed": 2898.09957, "delta": 0.003744}}
{"target": -13.75820605142656, "params": {"gamma": 498.26441979221147, "log10_alpha": -1.75970517621509, "log10_colsample_bytree": -0.4122273705326964, "log10_eta": -2.571518543178571, "log10_lambda": -4.272645854945948, "log10_min_child_weight": 1.915515868711286, "log10_subsample": -0.5261098037452681, "max_depth": 2.0, "num_boost_round": 13.0}, "datetime": {"datetime": "2024-01-19 00:59:54", "elapsed": 2898.103356, "delta": 0.003786}}
{"target": -13.758203842433693, "params": {"gamma": 498.26441979221147, "log10_alpha": -1.75970517621509, "log10_colsample_bytree": -0.4122273705326964, "log10_eta": -2.571518543178571, "log10_lambda": -4.272645854945948, "log10_min_child_weight": 1.915515868711286, "log10_subsample": -0.5261098037452681, "max_depth": 2.0, "num_boost_round": 14.0}, "datetime": {"datetime": "2024-01-19 00:59:54", "elapsed": 2898.107158, "delta": 0.003802}}
{"target": -13.758160052010156, "params": {"gamma": 498.26441979221147, "log10_alpha": -1.75970517621509, "log10_colsample_bytree": -0.4122273705326964, "log10_eta": -2.571518543178571, "log10_lambda": -4.272645854945948, "log10_min_child_weight": 1.915515868711286, "log10_subsample": -0.5261098037452681, "max_depth": 2.0, "num_boost_round": 15.0}, "datetime": {"datetime": "2024-01-19 00:59:54", "elapsed": 2898.11099, "delta": 0.003832}}
{"target": -13.758140728272961, "params": {"gamma": 498.26441979221147, "log10_alpha": -1.75970517621509, "log10_colsample_bytree": -0.4122273705326964, "log10_eta": -2.571518543178571, "log10_lambda": -4.272645854945948, "log10_min_child_weight": 1.915515868711286, "log10_subsample": -0.5261098037452681, "max_depth": 2.0, "num_boost_round": 16.0}, "datetime": {"datetime": "2024-01-19 00:59:54", "elapsed": 2898.114882, "delta": 0.003892}}
{"target": -13.75814311072898, "params": {"gamma": 498.26441979221147, "log10_alpha": -1.75970517621509, "log10_colsample_bytree": -0.4122273705326964, "log10_eta": -2.571518543178571, "log10_lambda": -4.272645854945948, "log10_min_child_weight": 1.915515868711286, "log10_subsample": -0.5261098037452681, "max_depth": 2.0, "num_boost_round": 17.0}, "datetime": {"datetime": "2024-01-19 00:59:54", "elapsed": 2898.118666, "delta": 0.003784}}
{"target": -13.758146213591225, "params": {"gamma": 498.26441979221147, "log10_alpha": -1.75970517621509, "log10_colsample_bytree": -0.4122273705326964, "log10_eta": -2.571518543178571, "log10_lambda": -4.272645854945948, "log10_min_child_weight": 1.915515868711286, "log10_subsample": -0.5261098037452681, "max_depth": 2.0, "num_boost_round": 18.0}, "datetime": {"datetime": "2024-01-19 00:59:54", "elapsed": 2898.122461, "delta": 0.003795}}
{"target": -13.7581128408082, "params": {"gamma": 498.26441979221147, "log10_alpha": -1.75970517621509, "log10_colsample_bytree": -0.4122273705326964, "log10_eta": -2.571518543178571, "log10_lambda": -4.272645854945948, "log10_min_child_weight": 1.915515868711286, "log10_subsample": -0.5261098037452681, "max_depth": 2.0, "num_boost_round": 19.0}, "datetime": {"datetime": "2024-01-19 00:59:54", "elapsed": 2898.126278, "delta": 0.003817}}
{"target": -13.758079340825173, "params": {"gamma": 498.26441979221147, "log10_alpha": -1.75970517621509, "log10_colsample_bytree": -0.4122273705326964, "log10_eta": -2.571518543178571, "log10_lambda": -4.272645854945948, "log10_min_child_weight": 1.915515868711286, "log10_subsample": -0.5261098037452681, "max_depth": 2.0, "num_boost_round": 20.0}, "datetime": {"datetime": "2024-01-19 00:59:54", "elapsed": 2898.130135, "delta": 0.003857}}
{"target": -13.758038273736812, "params": {"gamma": 498.26441979221147, "log10_alpha": -1.75970517621509, "log10_colsample_bytree": -0.4122273705326964, "log10_eta": -2.571518543178571, "log10_lambda": -4.272645854945948, "log10_min_child_weight": 1.915515868711286, "log10_subsample": -0.5261098037452681, "max_depth": 2.0, "num_boost_round": 21.0}, "datetime": {"datetime": "2024-01-19 00:59:54", "elapsed": 2898.133953, "delta": 0.003818}}
{"target": -13.758026638230628, "params": {"gamma": 498.26441979221147, "log10_alpha": -1.75970517621509, "log10_colsample_bytree": -0.4122273705326964, "log10_eta": -2.571518543178571, "log10_lambda": -4.272645854945948, "log10_min_child_weight": 1.915515868711286, "log10_subsample": -0.5261098037452681, "max_depth": 2.0, "num_boost_round": 22.0}, "datetime": {"datetime": "2024-01-19 00:59:54", "elapsed": 2898.137776, "delta": 0.003823}}
{"target": -13.7579479834307, "params": {"gamma": 498.26441979221147, "log10_alpha": -1.75970517621509, "log10_colsample_bytree": -0.4122273705326964, "log10_eta": -2.571518543178571, "log10_lambda": -4.272645854945948, "log10_min_child_weight": 1.915515868711286, "log10_subsample": -0.5261098037452681, "max_depth": 2.0, "num_boost_round": 23.0}, "datetime": {"datetime": "2024-01-19 00:59:54", "elapsed": 2898.141535, "delta": 0.003759}}
{"target": -13.757946449311007, "params": {"gamma": 498.26441979221147, "log10_alpha": -1.75970517621509, "log10_colsample_bytree": -0.4122273705326964, "log10_eta": -2.571518543178571, "log10_lambda": -4.272645854945948, "log10_min_child_weight": 1.915515868711286, "log10_subsample": -0.5261098037452681, "max_depth": 2.0, "num_boost_round": 24.0}, "datetime": {"datetime": "2024-01-19 00:59:54", "elapsed": 2898.145356, "delta": 0.003821}}
{"target": -13.757905400879613, "params": {"gamma": 498.26441979221147, "log10_alpha": -1.75970517621509, "log10_colsample_bytree": -0.4122273705326964, "log10_eta": -2.571518543178571, "log10_lambda": -4.272645854945948, "log10_min_child_weight": 1.915515868711286, "log10_subsample": -0.5261098037452681, "max_depth": 2.0, "num_boost_round": 25.0}, "datetime": {"datetime": "2024-01-19 00:59:54", "elapsed": 2898.149148, "delta": 0.003792}}
{"target": -13.757899111199208, "params": {"gamma": 498.26441979221147, "log10_alpha": -1.75970517621509, "log10_colsample_bytree": -0.4122273705326964, "log10_eta": -2.571518543178571, "log10_lambda": -4.272645854945948, "log10_min_child_weight": 1.915515868711286, "log10_subsample": -0.5261098037452681, "max_depth": 2.0, "num_boost_round": 26.0}, "datetime": {"datetime": "2024-01-19 00:59:54", "elapsed": 2898.152927, "delta": 0.003779}}
{"target": -13.757847096083012, "params": {"gamma": 498.26441979221147, "log10_alpha": -1.75970517621509, "log10_colsample_bytree": -0.4122273705326964, "log10_eta": -2.571518543178571, "log10_lambda": -4.272645854945948, "log10_min_child_weight": 1.915515868711286, "log10_subsample": -0.5261098037452681, "max_depth": 2.0, "num_boost_round": 27.0}, "datetime": {"datetime": "2024-01-19 00:59:54", "elapsed": 2898.156796, "delta": 0.003869}}
{"target": -13.757843611700821, "params": {"gamma": 498.26441979221147, "log10_alpha": -1.75970517621509, "log10_colsample_bytree": -0.4122273705326964, "log10_eta": -2.571518543178571, "log10_lambda": -4.272645854945948, "log10_min_child_weight": 1.915515868711286, "log10_subsample": -0.5261098037452681, "max_depth": 2.0, "num_boost_round": 28.0}, "datetime": {"datetime": "2024-01-19 00:59:54", "elapsed": 2898.1606, "delta": 0.003804}}
{"target": -13.757830489820345, "params": {"gamma": 498.26441979221147, "log10_alpha": -1.75970517621509, "log10_colsample_bytree": -0.4122273705326964, "log10_eta": -2.571518543178571, "log10_lambda": -4.272645854945948, "log10_min_child_weight": 1.915515868711286, "log10_subsample": -0.5261098037452681, "max_depth": 2.0, "num_boost_round": 29.0}, "datetime": {"datetime": "2024-01-19 00:59:54", "elapsed": 2898.16443, "delta": 0.00383}}
{"target": -13.757803912317572, "params": {"gamma": 498.26441979221147, "log10_alpha": -1.75970517621509, "log10_colsample_bytree": -0.4122273705326964, "log10_eta": -2.571518543178571, "log10_lambda": -4.272645854945948, "log10_min_child_weight": 1.915515868711286, "log10_subsample": -0.5261098037452681, "max_depth": 2.0, "num_boost_round": 30.0}, "datetime": {"datetime": "2024-01-19 00:59:54", "elapsed": 2898.16822, "delta": 0.00379}}
{"target": -13.757766165187494, "params": {"gamma": 498.26441979221147, "log10_alpha": -1.75970517621509, "log10_colsample_bytree": -0.4122273705326964, "log10_eta": -2.571518543178571, "log10_lambda": -4.272645854945948, "log10_min_child_weight": 1.915515868711286, "log10_subsample": -0.5261098037452681, "max_depth": 2.0, "num_boost_round": 31.0}, "datetime": {"datetime": "2024-01-19 00:59:54", "elapsed": 2898.172005, "delta": 0.003785}}
{"target": -13.757763706959935, "params": {"gamma": 498.26441979221147, "log10_alpha": -1.75970517621509, "log10_colsample_bytree": -0.4122273705326964, "log10_eta": -2.571518543178571, "log10_lambda": -4.272645854945948, "log10_min_child_weight": 1.915515868711286, "log10_subsample": -0.5261098037452681, "max_depth": 2.0, "num_boost_round": 32.0}, "datetime": {"datetime": "2024-01-19 00:59:54", "elapsed": 2898.175922, "delta": 0.003917}}
{"target": -13.75777831739444, "params": {"gamma": 498.26441979221147, "log10_alpha": -1.75970517621509, "log10_colsample_bytree": -0.4122273705326964, "log10_eta": -2.571518543178571, "log10_lambda": -4.272645854945948, "log10_min_child_weight": 1.915515868711286, "log10_subsample": -0.5261098037452681, "max_depth": 2.0, "num_boost_round": 33.0}, "datetime": {"datetime": "2024-01-19 00:59:54", "elapsed": 2898.179849, "delta": 0.003927}}
{"target": -13.757777408179333, "params": {"gamma": 498.26441979221147, "log10_alpha": -1.75970517621509, "log10_colsample_bytree": -0.4122273705326964, "log10_eta": -2.571518543178571, "log10_lambda": -4.272645854945948, "log10_min_child_weight": 1.915515868711286, "log10_subsample": -0.5261098037452681, "max_depth": 2.0, "num_boost_round": 34.0}, "datetime": {"datetime": "2024-01-19 00:59:54", "elapsed": 2898.183767, "delta": 0.003918}}
{"target": -13.757769284537883, "params": {"gamma": 498.26441979221147, "log10_alpha": -1.75970517621509, "log10_colsample_bytree": -0.4122273705326964, "log10_eta": -2.571518543178571, "log10_lambda": -4.272645854945948, "log10_min_child_weight": 1.915515868711286, "log10_subsample": -0.5261098037452681, "max_depth": 2.0, "num_boost_round": 35.0}, "datetime": {"datetime": "2024-01-19 00:59:54", "elapsed": 2898.187573, "delta": 0.003806}}
{"target": -13.757759582937698, "params": {"gamma": 498.26441979221147, "log10_alpha": -1.75970517621509, "log10_colsample_bytree": -0.4122273705326964, "log10_eta": -2.571518543178571, "log10_lambda": -4.272645854945948, "log10_min_child_weight": 1.915515868711286, "log10_subsample": -0.5261098037452681, "max_depth": 2.0, "num_boost_round": 36.0}, "datetime": {"datetime": "2024-01-19 00:59:54", "elapsed": 2898.19143, "delta": 0.003857}}
{"target": -13.757771106767459, "params": {"gamma": 498.26441979221147, "log10_alpha": -1.75970517621509, "log10_colsample_bytree": -0.4122273705326964, "log10_eta": -2.571518543178571, "log10_lambda": -4.272645854945948, "log10_min_child_weight": 1.915515868711286, "log10_subsample": -0.5261098037452681, "max_depth": 2.0, "num_boost_round": 37.0}, "datetime": {"datetime": "2024-01-19 00:59:54", "elapsed": 2898.195304, "delta": 0.003874}}
{"target": -13.75777475188082, "params": {"gamma": 498.26441979221147, "log10_alpha": -1.75970517621509, "log10_colsample_bytree": -0.4122273705326964, "log10_eta": -2.571518543178571, "log10_lambda": -4.272645854945948, "log10_min_child_weight": 1.915515868711286, "log10_subsample": -0.5261098037452681, "max_depth": 2.0, "num_boost_round": 38.0}, "datetime": {"datetime": "2024-01-19 00:59:54", "elapsed": 2898.199161, "delta": 0.003857}}
