{"target": -13.758508030026011, "params": {"gamma": 886.3235858045451, "log10_alpha": -0.1839351862191032, "log10_colsample_bytree": -0.6856560497019256, "log10_eta": -3.4057750501234465, "log10_lambda": -2.203673599601038, "log10_min_child_weight": 4.307152744708155, "log10_subsample": -0.44209337039408214, "max_depth": 9.0, "num_boost_round": 15.0}, "datetime": {"datetime": "2024-01-19 00:21:25", "elapsed": 590.253514, "delta": 0.001147}}
{"target": -13.758504129500844, "params": {"gamma": 886.3235858045451, "log10_alpha": -0.1839351862191032, "log10_colsample_bytree": -0.6856560497019256, "log10_eta": -3.4057750501234465, "log10_lambda": -2.203673599601038, "log10_min_child_weight": 4.307152744708155, "log10_subsample": -0.44209337039408214, "max_depth": 9.0, "num_boost_round": 16.0}, "datetime": {"datetime": "2024-01-19 00:21:25", "elapsed": 590.254647, "delta": 0.001133}}
{"target": -13.758502628602388, "params": {"gamma": 886.3235858045451, "log10_alpha": -0.1839351862191032, "log10_colsample_bytree": -0.6856560497019256, "log10_eta": -3.4057750501234465, "log10_lambda": -2.203673599601038, "log10_min_child_weight": 4.307152744708155, "log10_subsample": -0.44209337039408214, "max_depth": 9.0, "num_boost_round": 17.0}, "datetime": {"datetime": "2024-01-19 00:21:25", "elapsed": 590.255777, "delta": 0.00113}}
{"target": -13.758503989551775, "params": {"gamma": 886.3235858045451, "log10_alpha": -0.1839351862191032, "log10_colsample_bytree": -0.6856560497019256, "log10_eta": -3.4057750501234465, "log10_lambda": -2.203673599601038, "log10_min_child_weight": 4.307152744708155, "log10_subsample": -0.44209337039408214, "max_depth": 9.0, "num_boost_round": 18.0}, "datetime": {"datetime": "2024-01-19 00:21:25", "elapsed": 590.25693, "delta": 0.001153}}
{"target": -13.75850038107702, "params": {"gamma": 886.3235858045451, "log10_alpha": -0.1839351862191032, "log10_colsample_bytree": -0.6856560497019256, "log10_eta": -3.4057750501234465, "log10_lambda": -2.203673599601038, "log10_min_child_weight": 4.307152744708155, "log10_subsample": -0.44209337039408214, "max_depth": 9.0, "num_boost_round": 19.0}, "datetime": {"datetime": "2024-01-19 00:21:25", "elapsed": 590.258058, "delta": 0.001128}}
{"target": -13.758500557033186, "params": {"gamma": 886.3235858045451, "log10_alpha": -0.1839351862191032, "log10_colsample_bytree": -0.6856560497019256, "log10_eta": -3.4057750501234465, "log10_lambda": -2.203673599601038, "log10_min_child_weight": 4.307152744708155, "log10_subsample": -0.44209337039408214, "max_depth": 9.0, "num_boost_round": 20.0}, "datetime": {"datetime": "2024-01-19 00:21:25", "elapsed": 590.2592, "delta": 0.001142}}
{"target": -13.758501887376694, "params": {"gamma": 886.3235858045451, "log10_alpha": -0.1839351862191032, "log10_colsample_bytree": -0.6856560497019256, "log10_eta": -3.4057750501234465, "log10_lambda": -2.203673599601038, "log10_min_child_weight": 4.307152744708155, "log10_subsample": -0.44209337039408214, "max_depth": 9.0, "num_boost_round": 21.0}, "datetime": {"datetime": "2024-01-19 00:21:25", "elapsed": 590.26034, "delta": 0.00114}}
{"target": -13.758500939679001, "params": {"gamma": 886.3235858045451, "log10_alpha": -0.1839351862191032, "log10_colsample_bytree": -0.6856560497019256, "log10_eta": -3.4057750501234465, "log10_lambda": -2.203673599601038, "log10_min_child_weight": 4.307152744708155, "log10_subsample": -0.44209337039408214, "max_depth": 9.0, "num_boost_round": 22.0}, "datetime": {"datetime": "2024-01-19 00:21:25", "elapsed": 590.261467, "delta": 0.001127}}
{"target": -13.75849789071436, "params": {"gamma": 886.3235858045451, "log10_alpha": -0.1839351862191032, "log10_colsample_bytree": -0.6856560497019256, "log10_eta": -3.4057750501234465, "log10_lambda": -2.203673599601038, "log10_min_child_weight": 4.307152744708155, "log10_subsample": -0.44209337039408214, "max_depth": 9.0, "num_boost_round": 23.0}, "datetime": {"datetime": "2024-01-19 00:21:25", "elapsed": 590.262615, "delta": 0.001148}}
{"target": -13.758499715695214, "params": {"gamma": 886.3235858045451, "log10_alpha": -0.1839351862191032, "log10_colsample_bytree": -0.6856560497019256, "log10_eta": -3.4057750501234465, "log10_lambda": -2.203673599601038, "log10_min_child_weight": 4.307152744708155, "log10_subsample": -0.44209337039408214, "max_depth": 9.0, "num_boost_round": 24.0}, "datetime": {"datetime": "2024-01-19 00:21:25", "elapsed": 590.263755, "delta": 0.00114}}
{"target": -13.758499188348564, "params": {"gamma": 886.3235858045451, "log10_alpha": -0.1839351862191032, "log10_colsample_bytree": -0.6856560497019256, "log10_eta": -3.4057750501234465, "log10_lambda": -2.203673599601038, "log10_min_child_weight": 4.307152744708155, "log10_subsample": -0.44209337039408214, "max_depth": 9.0, "num_boost_round": 25.0}, "datetime": {"datetime": "2024-01-19 00:21:25", "elapsed": 590.264901, "delta": 0.001146}}
{"target": -13.758494691763426, "params": {"gamma": 886.3235858045451, "log10_alpha": -0.1839351862191032, "log10_colsample_bytree": -0.6856560497019256, "log10_eta": -3.4057750501234465, "log10_lambda": -2.203673599601038, "log10_min_child_weight": 4.307152744708155, "log10_subsample": -0.44209337039408214, "max_depth": 9.0, "num_boost_round": 26.0}, "datetime": {"datetime": "2024-01-19 00:21:25", "elapsed": 590.26604, "delta": 0.001139}}
{"target": -13.7584889925422, "params": {"gamma": 886.3235858045451, "log10_alpha": -0.1839351862191032, "log10_colsample_bytree": -0.6856560497019256, "log10_eta": -3.4057750501234465, "log10_lambda": -2.203673599601038, "log10_min_child_weight": 4.307152744708155, "log10_subsample": -0.44209337039408214, "max_depth": 9.0, "num_boost_round": 27.0}, "datetime": {"datetime": "2024-01-19 00:21:25", "elapsed": 590.267181, "delta": 0.001141}}
{"target": -13.75848336099094, "params": {"gamma": 886.3235858045451, "log10_alpha": -0.1839351862191032, "log10_colsample_bytree": -0.6856560497019256, "log10_eta": -3.4057750501234465, "log10_lambda": -2.203673599601038, "log10_min_child_weight": 4.307152744708155, "log10_subsample": -0.44209337039408214, "max_depth": 9.0, "num_boost_round": 28.0}, "datetime": {"datetime": "2024-01-19 00:21:25", "elapsed": 590.268332, "delta": 0.001151}}
{"target": -13.758482293383704, "params": {"gamma": 886.3235858045451, "log10_alpha": -0.1839351862191032, "log10_colsample_bytree": -0.6856560497019256, "log10_eta": -3.4057750501234465, "log10_lambda": -2.203673599601038, "log10_min_child_weight": 4.307152744708155, "log10_subsample": -0.44209337039408214, "max_depth": 9.0, "num_boost_round": 29.0}, "datetime": {"datetime": "2024-01-19 00:21:25", "elapsed": 590.269467, "delta": 0.001135}}
{"target": -13.758480092065115, "params": {"gamma": 886.3235858045451, "log10_alpha": -0.1839351862191032, "log10_colsample_bytree": -0.6856560497019256, "log10_eta": -3.4057750501234465, "log10_lambda": -2.203673599601038, "log10_min_child_weight": 4.307152744708155, "log10_subsample": -0.44209337039408214, "max_depth": 9.0, "num_boost_round": 30.0}, "datetime": {"datetime": "2024-01-19 00:21:25", "elapsed": 590.27061, "delta": 0.001143}}
{"target": -13.758479309770745, "params": {"gamma": 886.3235858045451, "log10_alpha": -0.1839351862191032, "log10_colsample_bytree": -0.6856560497019256, "log10_eta": -3.4057750501234465, "log10_lambda": -2.203673599601038, "log10_min_child_weight": 4.307152744708155, "log10_subsample": -0.44209337039408214, "max_depth": 9.0, "num_boost_round": 31.0}, "datetime": {"datetime": "2024-01-19 00:21:25", "elapsed": 590.271917, "delta": 0.001307}}
{"target": -13.758478219012881, "params": {"gamma": 886.3235858045451, "log10_alpha": -0.1839351862191032, "log10_colsample_bytree": -0.6856560497019256, "log10_eta": -3.4057750501234465, "log10_lambda": -2.203673599601038, "log10_min_child_weight": 4.307152744708155, "log10_subsample": -0.44209337039408214, "max_depth": 9.0, "num_boost_round": 32.0}, "datetime": {"datetime": "2024-01-19 00:21:25", "elapsed": 590.273088, "delta": 0.001171}}
{"target": -13.758476334239452, "params": {"gamma": 886.3235858045451, "log10_alpha": -0.1839351862191032, "log10_colsample_bytree": -0.6856560497019256, "log10_eta": -3.4057750501234465, "log10_lambda": -2.203673599601038, "log10_min_child_weight": 4.307152744708155, "log10_subsample": -0.44209337039408214, "max_depth": 9.0, "num_boost_round": 33.0}, "datetime": {"datetime": "2024-01-19 00:21:25", "elapsed": 590.274247, "delta": 0.001159}}
{"target": -13.758473338338671, "params": {"gamma": 886.3235858045451, "log10_alpha": -0.1839351862191032, "log10_colsample_bytree": -0.6856560497019256, "log10_eta": -3.4057750501234465, "log10_lambda": -2.203673599601038, "log10_min_child_weight": 4.307152744708155, "log10_subsample": -0.44209337039408214, "max_depth": 9.0, "num_boost_round": 34.0}, "datetime": {"datetime": "2024-01-19 00:21:25", "elapsed": 590.275398, "delta": 0.001151}}
{"target": -13.75847132182939, "params": {"gamma": 886.3235858045451, "log10_alpha": -0.1839351862191032, "log10_colsample_bytree": -0.6856560497019256, "log10_eta": -3.4057750501234465, "log10_lambda": -2.203673599601038, "log10_min_child_weight": 4.307152744708155, "log10_subsample": -0.44209337039408214, "max_depth": 9.0, "num_boost_round": 35.0}, "datetime": {"datetime": "2024-01-19 00:21:25", "elapsed": 590.276554, "delta": 0.001156}}
{"target": -13.75846951025108, "params": {"gamma": 886.3235858045451, "log10_alpha": -0.1839351862191032, "log10_colsample_bytree": -0.6856560497019256, "log10_eta": -3.4057750501234465, "log10_lambda": -2.203673599601038, "log10_min_child_weight": 4.307152744708155, "log10_subsample": -0.44209337039408214, "max_depth": 9.0, "num_boost_round": 36.0}, "datetime": {"datetime": "2024-01-19 00:21:25", "elapsed": 590.277712, "delta": 0.001158}}
{"target": -13.758467401037407, "params": {"gamma": 886.3235858045451, "log10_alpha": -0.1839351862191032, "log10_colsample_bytree": -0.6856560497019256, "log10_eta": -3.4057750501234465, "log10_lambda": -2.203673599601038, "log10_min_child_weight": 4.307152744708155, "log10_subsample": -0.44209337039408214, "max_depth": 9.0, "num_boost_round": 37.0}, "datetime": {"datetime": "2024-01-19 00:21:25", "elapsed": 590.278881, "delta": 0.001169}}
{"target": -13.758462809211585, "params": {"gamma": 886.3235858045451, "log10_alpha": -0.1839351862191032, "log10_colsample_bytree": -0.6856560497019256, "log10_eta": -3.4057750501234465, "log10_lambda": -2.203673599601038, "log10_min_child_weight": 4.307152744708155, "log10_subsample": -0.44209337039408214, "max_depth": 9.0, "num_boost_round": 38.0}, "datetime": {"datetime": "2024-01-19 00:21:25", "elapsed": 590.280051, "delta": 0.00117}}
{"target": -13.758460374134202, "params": {"gamma": 886.3235858045451, "log10_alpha": -0.1839351862191032, "log10_colsample_bytree": -0.6856560497019256, "log10_eta": -3.4057750501234465, "log10_lambda": -2.203673599601038, "log10_min_child_weight": 4.307152744708155, "log10_subsample": -0.44209337039408214, "max_depth": 9.0, "num_boost_round": 39.0}, "datetime": {"datetime": "2024-01-19 00:21:25", "elapsed": 590.281209, "delta": 0.001158}}
{"target": -13.758456035148885, "params": {"gamma": 886.3235858045451, "log10_alpha": -0.1839351862191032, "log10_colsample_bytree": -0.6856560497019256, "log10_eta": -3.4057750501234465, "log10_lambda": -2.203673599601038, "log10_min_child_weight": 4.307152744708155, "log10_subsample": -0.44209337039408214, "max_depth": 9.0, "num_boost_round": 40.0}, "datetime": {"datetime": "2024-01-19 00:21:25", "elapsed": 590.282366, "delta": 0.001157}}
{"target": -13.75845279098825, "params": {"gamma": 886.3235858045451, "log10_alpha": -0.1839351862191032, "log10_colsample_bytree": -0.6856560497019256, "log10_eta": -3.4057750501234465, "log10_lambda": -2.203673599601038, "log10_min_child_weight": 4.307152744708155, "log10_subsample": -0.44209337039408214, "max_depth": 9.0, "num_boost_round": 41.0}, "datetime": {"datetime": "2024-01-19 00:21:25", "elapsed": 590.283516, "delta": 0.00115}}
{"target": -13.7584518908053, "params": {"gamma": 886.3235858045451, "log10_alpha": -0.1839351862191032, "log10_colsample_bytree": -0.6856560497019256, "log10_eta": -3.4057750501234465, "log10_lambda": -2.203673599601038, "log10_min_child_weight": 4.307152744708155, "log10_subsample": -0.44209337039408214, "max_depth": 9.0, "num_boost_round": 42.0}, "datetime": {"datetime": "2024-01-19 00:21:25", "elapsed": 590.284673, "delta": 0.001157}}
{"target": -13.758447596234715, "params": {"gamma": 886.3235858045451, "log10_alpha": -0.1839351862191032, "log10_colsample_bytree": -0.6856560497019256, "log10_eta": -3.4057750501234465, "log10_lambda": -2.203673599601038, "log10_min_child_weight": 4.307152744708155, "log10_subsample": -0.44209337039408214, "max_depth": 9.0, "num_boost_round": 43.0}, "datetime": {"datetime": "2024-01-19 00:21:25", "elapsed": 590.285831, "delta": 0.001158}}
{"target": -13.758446282631906, "params": {"gamma": 886.3235858045451, "log10_alpha": -0.1839351862191032, "log10_colsample_bytree": -0.6856560497019256, "log10_eta": -3.4057750501234465, "log10_lambda": -2.203673599601038, "log10_min_child_weight": 4.307152744708155, "log10_subsample": -0.44209337039408214, "max_depth": 9.0, "num_boost_round": 44.0}, "datetime": {"datetime": "2024-01-19 00:21:25", "elapsed": 590.286992, "delta": 0.001161}}
{"target": -13.758445916694871, "params": {"gamma": 886.3235858045451, "log10_alpha": -0.1839351862191032, "log10_colsample_bytree": -0.6856560497019256, "log10_eta": -3.4057750501234465, "log10_lambda": -2.203673599601038, "log10_min_child_weight": 4.307152744708155, "log10_subsample": -0.44209337039408214, "max_depth": 9.0, "num_boost_round": 45.0}, "datetime": {"datetime": "2024-01-19 00:21:25", "elapsed": 590.288152, "delta": 0.00116}}
{"target": -13.75844342123723, "params": {"gamma": 886.3235858045451, "log10_alpha": -0.1839351862191032, "log10_colsample_bytree": -0.6856560497019256, "log10_eta": -3.4057750501234465, "log10_lambda": -2.203673599601038, "log10_min_child_weight": 4.307152744708155, "log10_subsample": -0.44209337039408214, "max_depth": 9.0, "num_boost_round": 46.0}, "datetime": {"datetime": "2024-01-19 00:21:25", "elapsed": 590.289321, "delta": 0.001169}}
{"target": -13.758445205781339, "params": {"gamma": 886.3235858045451, "log10_alpha": -0.1839351862191032, "log10_colsample_bytree": -0.6856560497019256, "log10_eta": -3.4057750501234465, "log10_lambda": -2.203673599601038, "log10_min_child_weight": 4.307152744708155, "log10_subsample": -0.44209337039408214, "max_depth": 9.0, "num_boost_round": 47.0}, "datetime": {"datetime": "2024-01-19 00:21:25", "elapsed": 590.290481, "delta": 0.00116}}
{"target": -13.75844508159602, "params": {"gamma": 886.3235858045451, "log10_alpha": -0.1839351862191032, "log10_colsample_bytree": -0.6856560497019256, "log10_eta": -3.4057750501234465, "log10_lambda": -2.203673599601038, "log10_min_child_weight": 4.307152744708155, "log10_subsample": -0.44209337039408214, "max_depth": 9.0, "num_boost_round": 48.0}, "datetime": {"datetime": "2024-01-19 00:21:25", "elapsed": 590.291756, "delta": 0.001275}}
{"target": -13.758445383666968, "params": {"gamma": 886.3235858045451, "log10_alpha": -0.1839351862191032, "log10_colsample_bytree": -0.6856560497019256, "log10_eta": -3.4057750501234465, "log10_lambda": -2.203673599601038, "log10_min_child_weight": 4.307152744708155, "log10_subsample": -0.44209337039408214, "max_depth": 9.0, "num_boost_round": 49.0}, "datetime": {"datetime": "2024-01-19 00:21:25", "elapsed": 590.292981, "delta": 0.001225}}
{"target": -13.758446082930297, "params": {"gamma": 886.3235858045451, "log10_alpha": -0.1839351862191032, "log10_colsample_bytree": -0.6856560497019256, "log10_eta": -3.4057750501234465, "log10_lambda": -2.203673599601038, "log10_min_child_weight": 4.307152744708155, "log10_subsample": -0.44209337039408214, "max_depth": 9.0, "num_boost_round": 50.0}, "datetime": {"datetime": "2024-01-19 00:21:25", "elapsed": 590.294153, "delta": 0.001172}}
{"target": -13.758445930803571, "params": {"gamma": 886.3235858045451, "log10_alpha": -0.1839351862191032, "log10_colsample_bytree": -0.6856560497019256, "log10_eta": -3.4057750501234465, "log10_lambda": -2.203673599601038, "log10_min_child_weight": 4.307152744708155, "log10_subsample": -0.44209337039408214, "max_depth": 9.0, "num_boost_round": 51.0}, "datetime": {"datetime": "2024-01-19 00:21:25", "elapsed": 590.295309, "delta": 0.001156}}
{"target": -13.758443979828652, "params": {"gamma": 886.3235858045451, "log10_alpha": -0.1839351862191032, "log10_colsample_bytree": -0.6856560497019256, "log10_eta": -3.4057750501234465, "log10_lambda": -2.203673599601038, "log10_min_child_weight": 4.307152744708155, "log10_subsample": -0.44209337039408214, "max_depth": 9.0, "num_boost_round": 52.0}, "datetime": {"datetime": "2024-01-19 00:21:25", "elapsed": 590.296473, "delta": 0.001164}}
{"target": -13.758502118393427, "params": {"gamma": 891.2834004511335, "log10_alpha": -0.7980454438438755, "log10_colsample_bytree": -0.6690572291042739, "log10_eta": -2.9801921285385222, "log10_lambda": -3.414225008834034, "log10_min_child_weight": 2.09311969255452, "log10_subsample": -0.5444014839740566, "max_depth": 5.0, "num_boost_round": 0.0}, "datetime": {"datetime": "2024-01-19 00:21:48", "elapsed": 612.725552, "delta": 22.429079}}
{"target": -13.758435533117018, "params": {"gamma": 891.2834004511335, "log10_alpha": -0.7980454438438755, "log10_colsample_bytree": -0.6690572291042739, "log10_eta": -2.9801921285385222, "log10_lambda": -3.414225008834034, "log10_min_child_weight": 2.09311969255452, "log10_subsample": -0.5444014839740566, "max_depth": 5.0, "num_boost_round": 1.0}, "datetime": {"datetime": "2024-01-19 00:21:48", "elapsed": 612.727177, "delta": 0.001625}}
{"target": -13.758426232687468, "params": {"gamma": 891.2834004511335, "log10_alpha": -0.7980454438438755, "log10_colsample_bytree": -0.6690572291042739, "log10_eta": -2.9801921285385222, "log10_lambda": -3.414225008834034, "log10_min_child_weight": 2.09311969255452, "log10_subsample": -0.5444014839740566, "max_depth": 5.0, "num_boost_round": 2.0}, "datetime": {"datetime": "2024-01-19 00:21:48", "elapsed": 612.728388, "delta": 0.001211}}
{"target": -13.758384049770127, "params": {"gamma": 891.2834004511335, "log10_alpha": -0.7980454438438755, "log10_colsample_bytree": -0.6690572291042739, "log10_eta": -2.9801921285385222, "log10_lambda": -3.414225008834034, "log10_min_child_weight": 2.09311969255452, "log10_subsample": -0.5444014839740566, "max_depth": 5.0, "num_boost_round": 3.0}, "datetime": {"datetime": "2024-01-19 00:21:48", "elapsed": 612.729578, "delta": 0.00119}}
{"target": -13.758322098233633, "params": {"gamma": 891.2834004511335, "log10_alpha": -0.7980454438438755, "log10_colsample_bytree": -0.6690572291042739, "log10_eta": -2.9801921285385222, "log10_lambda": -3.414225008834034, "log10_min_child_weight": 2.09311969255452, "log10_subsample": -0.5444014839740566, "max_depth": 5.0, "num_boost_round": 4.0}, "datetime": {"datetime": "2024-01-19 00:21:48", "elapsed": 612.730765, "delta": 0.001187}}
{"target": -13.758287707475088, "params": {"gamma": 891.2834004511335, "log10_alpha": -0.7980454438438755, "log10_colsample_bytree": -0.6690572291042739, "log10_eta": -2.9801921285385222, "log10_lambda": -3.414225008834034, "log10_min_child_weight": 2.09311969255452, "log10_subsample": -0.5444014839740566, "max_depth": 5.0, "num_boost_round": 5.0}, "datetime": {"datetime": "2024-01-19 00:21:48", "elapsed": 612.731971, "delta": 0.001206}}
{"target": -13.758250496129637, "params": {"gamma": 891.2834004511335, "log10_alpha": -0.7980454438438755, "log10_colsample_bytree": -0.6690572291042739, "log10_eta": -2.9801921285385222, "log10_lambda": -3.414225008834034, "log10_min_child_weight": 2.09311969255452, "log10_subsample": -0.5444014839740566, "max_depth": 5.0, "num_boost_round": 6.0}, "datetime": {"datetime": "2024-01-19 00:21:48", "elapsed": 612.733154, "delta": 0.001183}}
{"target": -13.758227984067448, "params": {"gamma": 891.2834004511335, "log10_alpha": -0.7980454438438755, "log10_colsample_bytree": -0.6690572291042739, "log10_eta": -2.9801921285385222, "log10_lambda": -3.414225008834034, "log10_min_child_weight": 2.09311969255452, "log10_subsample": -0.5444014839740566, "max_depth": 5.0, "num_boost_round": 7.0}, "datetime": {"datetime": "2024-01-19 00:21:48", "elapsed": 612.734335, "delta": 0.001181}}
{"target": -13.758223591003512, "params": {"gamma": 891.2834004511335, "log10_alpha": -0.7980454438438755, "log10_colsample_bytree": -0.6690572291042739, "log10_eta": -2.9801921285385222, "log10_lambda": -3.414225008834034, "log10_min_child_weight": 2.09311969255452, "log10_subsample": -0.5444014839740566, "max_depth": 5.0, "num_boost_round": 8.0}, "datetime": {"datetime": "2024-01-19 00:21:48", "elapsed": 612.735521, "delta": 0.001186}}
{"target": -13.758219235909104, "params": {"gamma": 891.2834004511335, "log10_alpha": -0.7980454438438755, "log10_colsample_bytree": -0.6690572291042739, "log10_eta": -2.9801921285385222, "log10_lambda": -3.414225008834034, "log10_min_child_weight": 2.09311969255452, "log10_subsample": -0.5444014839740566, "max_depth": 5.0, "num_boost_round": 9.0}, "datetime": {"datetime": "2024-01-19 00:21:48", "elapsed": 612.736709, "delta": 0.001188}}
{"target": -13.758215054922848, "params": {"gamma": 891.2834004511335, "log10_alpha": -0.7980454438438755, "log10_colsample_bytree": -0.6690572291042739, "log10_eta": -2.9801921285385222, "log10_lambda": -3.414225008834034, "log10_min_child_weight": 2.09311969255452, "log10_subsample": -0.5444014839740566, "max_depth": 5.0, "num_boost_round": 10.0}, "datetime": {"datetime": "2024-01-19 00:21:48", "elapsed": 612.737936, "delta": 0.001227}}
