{"target": -17.677185522358858, "params": {"gamma": 455.12421796891135, "log10_alpha": 0.17659721439618004, "log10_colsample_bytree": -0.6665516142344751, "log10_eta": -3.4045040296072497, "log10_lambda": 0.8667248567994505, "log10_min_child_weight": 1.1358228730338782, "log10_subsample": -0.269138166665304, "max_depth": 8.0, "num_boost_round": 1.0}, "datetime": {"datetime": "2024-01-19 00:50:26", "elapsed": 2319.032526, "delta": 0.004152}}
{"target": -17.6771342580377, "params": {"gamma": 455.12421796891135, "log10_alpha": 0.17659721439618004, "log10_colsample_bytree": -0.6665516142344751, "log10_eta": -3.4045040296072497, "log10_lambda": 0.8667248567994505, "log10_min_child_weight": 1.1358228730338782, "log10_subsample": -0.269138166665304, "max_depth": 8.0, "num_boost_round": 2.0}, "datetime": {"datetime": "2024-01-19 00:50:26", "elapsed": 2319.035967, "delta": 0.003441}}
{"target": -17.677110007901614, "params": {"gamma": 455.12421796891135, "log10_alpha": 0.17659721439618004, "log10_colsample_bytree": -0.6665516142344751, "log10_eta": -3.4045040296072497, "log10_lambda": 0.8667248567994505, "log10_min_child_weight": 1.1358228730338782, "log10_subsample": -0.269138166665304, "max_depth": 8.0, "num_boost_round": 3.0}, "datetime": {"datetime": "2024-01-19 00:50:26", "elapsed": 2319.03931, "delta": 0.003343}}
{"target": -17.677083559982293, "params": {"gamma": 455.12421796891135, "log10_alpha": 0.17659721439618004, "log10_colsample_bytree": -0.6665516142344751, "log10_eta": -3.4045040296072497, "log10_lambda": 0.8667248567994505, "log10_min_child_weight": 1.1358228730338782, "log10_subsample": -0.269138166665304, "max_depth": 8.0, "num_boost_round": 4.0}, "datetime": {"datetime": "2024-01-19 00:50:26", "elapsed": 2319.042676, "delta": 0.003366}}
{"target": -17.677048121481075, "params": {"gamma": 455.12421796891135, "log10_alpha": 0.17659721439618004, "log10_colsample_bytree": -0.6665516142344751, "log10_eta": -3.4045040296072497, "log10_lambda": 0.8667248567994505, "log10_min_child_weight": 1.1358228730338782, "log10_subsample": -0.269138166665304, "max_depth": 8.0, "num_boost_round": 5.0}, "datetime": {"datetime": "2024-01-19 00:50:26", "elapsed": 2319.045911, "delta": 0.003235}}
{"target": -17.677037009596503, "params": {"gamma": 455.12421796891135, "log10_alpha": 0.17659721439618004, "log10_colsample_bytree": -0.6665516142344751, "log10_eta": -3.4045040296072497, "log10_lambda": 0.8667248567994505, "log10_min_child_weight": 1.1358228730338782, "log10_subsample": -0.269138166665304, "max_depth": 8.0, "num_boost_round": 6.0}, "datetime": {"datetime": "2024-01-19 00:50:26", "elapsed": 2319.049145, "delta": 0.003234}}
{"target": -17.677014650936894, "params": {"gamma": 455.12421796891135, "log10_alpha": 0.17659721439618004, "log10_colsample_bytree": -0.6665516142344751, "log10_eta": -3.4045040296072497, "log10_lambda": 0.8667248567994505, "log10_min_child_weight": 1.1358228730338782, "log10_subsample": -0.269138166665304, "max_depth": 8.0, "num_boost_round": 7.0}, "datetime": {"datetime": "2024-01-19 00:50:26", "elapsed": 2319.052616, "delta": 0.003471}}
{"target": -17.676992731683068, "params": {"gamma": 455.12421796891135, "log10_alpha": 0.17659721439618004, "log10_colsample_bytree": -0.6665516142344751, "log10_eta": -3.4045040296072497, "log10_lambda": 0.8667248567994505, "log10_min_child_weight": 1.1358228730338782, "log10_subsample": -0.269138166665304, "max_depth": 8.0, "num_boost_round": 8.0}, "datetime": {"datetime": "2024-01-19 00:50:26", "elapsed": 2319.055969, "delta": 0.003353}}
{"target": -17.6769963502817, "params": {"gamma": 455.12421796891135, "log10_alpha": 0.17659721439618004, "log10_colsample_bytree": -0.6665516142344751, "log10_eta": -3.4045040296072497, "log10_lambda": 0.8667248567994505, "log10_min_child_weight": 1.1358228730338782, "log10_subsample": -0.269138166665304, "max_depth": 8.0, "num_boost_round": 9.0}, "datetime": {"datetime": "2024-01-19 00:50:26", "elapsed": 2319.059958, "delta": 0.003989}}
{"target": -17.677238694932754, "params": {"gamma": 438.98386765777485, "log10_alpha": 0.6403719591396282, "log10_colsample_bytree": -0.057145936173281786, "log10_eta": -3.3638608043839575, "log10_lambda": -4.576153250805531, "log10_min_child_weight": 2.8913244693597004, "log10_subsample": -0.6548784696493398, "max_depth": 6.0, "num_boost_round": 0.0}, "datetime": {"datetime": "2024-01-19 00:51:26", "elapsed": 2378.71642, "delta": 59.656462}}
{"target": -17.677216463684108, "params": {"gamma": 438.98386765777485, "log10_alpha": 0.6403719591396282, "log10_colsample_bytree": -0.057145936173281786, "log10_eta": -3.3638608043839575, "log10_lambda": -4.576153250805531, "log10_min_child_weight": 2.8913244693597004, "log10_subsample": -0.6548784696493398, "max_depth": 6.0, "num_boost_round": 1.0}, "datetime": {"datetime": "2024-01-19 00:51:26", "elapsed": 2378.720116, "delta": 0.003696}}
{"target": -17.677207718761526, "params": {"gamma": 438.98386765777485, "log10_alpha": 0.6403719591396282, "log10_colsample_bytree": -0.057145936173281786, "log10_eta": -3.3638608043839575, "log10_lambda": -4.576153250805531, "log10_min_child_weight": 2.8913244693597004, "log10_subsample": -0.6548784696493398, "max_depth": 6.0, "num_boost_round": 2.0}, "datetime": {"datetime": "2024-01-19 00:51:26", "elapsed": 2378.723657, "delta": 0.003541}}
{"target": -17.677193571834344, "params": {"gamma": 438.98386765777485, "log10_alpha": 0.6403719591396282, "log10_colsample_bytree": -0.057145936173281786, "log10_eta": -3.3638608043839575, "log10_lambda": -4.576153250805531, "log10_min_child_weight": 2.8913244693597004, "log10_subsample": -0.6548784696493398, "max_depth": 6.0, "num_boost_round": 3.0}, "datetime": {"datetime": "2024-01-19 00:51:26", "elapsed": 2378.726912, "delta": 0.003255}}
{"target": -17.67716675547795, "params": {"gamma": 438.98386765777485, "log10_alpha": 0.6403719591396282, "log10_colsample_bytree": -0.057145936173281786, "log10_eta": -3.3638608043839575, "log10_lambda": -4.576153250805531, "log10_min_child_weight": 2.8913244693597004, "log10_subsample": -0.6548784696493398, "max_depth": 6.0, "num_boost_round": 4.0}, "datetime": {"datetime": "2024-01-19 00:51:26", "elapsed": 2378.730265, "delta": 0.003353}}
{"target": -17.677145478306638, "params": {"gamma": 438.98386765777485, "log10_alpha": 0.6403719591396282, "log10_colsample_bytree": -0.057145936173281786, "log10_eta": -3.3638608043839575, "log10_lambda": -4.576153250805531, "log10_min_child_weight": 2.8913244693597004, "log10_subsample": -0.6548784696493398, "max_depth": 6.0, "num_boost_round": 5.0}, "datetime": {"datetime": "2024-01-19 00:51:26", "elapsed": 2378.733442, "delta": 0.003177}}
{"target": -17.677146704993767, "params": {"gamma": 438.98386765777485, "log10_alpha": 0.6403719591396282, "log10_colsample_bytree": -0.057145936173281786, "log10_eta": -3.3638608043839575, "log10_lambda": -4.576153250805531, "log10_min_child_weight": 2.8913244693597004, "log10_subsample": -0.6548784696493398, "max_depth": 6.0, "num_boost_round": 6.0}, "datetime": {"datetime": "2024-01-19 00:51:26", "elapsed": 2378.736674, "delta": 0.003232}}
{"target": -17.67713205357237, "params": {"gamma": 438.98386765777485, "log10_alpha": 0.6403719591396282, "log10_colsample_bytree": -0.057145936173281786, "log10_eta": -3.3638608043839575, "log10_lambda": -4.576153250805531, "log10_min_child_weight": 2.8913244693597004, "log10_subsample": -0.6548784696493398, "max_depth": 6.0, "num_boost_round": 7.0}, "datetime": {"datetime": "2024-01-19 00:51:26", "elapsed": 2378.739739, "delta": 0.003065}}
{"target": -17.677112971794028, "params": {"gamma": 438.98386765777485, "log10_alpha": 0.6403719591396282, "log10_colsample_bytree": -0.057145936173281786, "log10_eta": -3.3638608043839575, "log10_lambda": -4.576153250805531, "log10_min_child_weight": 2.8913244693597004, "log10_subsample": -0.6548784696493398, "max_depth": 6.0, "num_boost_round": 8.0}, "datetime": {"datetime": "2024-01-19 00:51:26", "elapsed": 2378.742922, "delta": 0.003183}}
{"target": -17.677095902415235, "params": {"gamma": 438.98386765777485, "log10_alpha": 0.6403719591396282, "log10_colsample_bytree": -0.057145936173281786, "log10_eta": -3.3638608043839575, "log10_lambda": -4.576153250805531, "log10_min_child_weight": 2.8913244693597004, "log10_subsample": -0.6548784696493398, "max_depth": 6.0, "num_boost_round": 9.0}, "datetime": {"datetime": "2024-01-19 00:51:26", "elapsed": 2378.74601, "delta": 0.003088}}
{"target": -17.6770828696287, "params": {"gamma": 438.98386765777485, "log10_alpha": 0.6403719591396282, "log10_colsample_bytree": -0.057145936173281786, "log10_eta": -3.3638608043839575, "log10_lambda": -4.576153250805531, "log10_min_child_weight": 2.8913244693597004, "log10_subsample": -0.6548784696493398, "max_depth": 6.0, "num_boost_round": 10.0}, "datetime": {"datetime": "2024-01-19 00:51:26", "elapsed": 2378.749236, "delta": 0.003226}}
{"target": -17.67708972127721, "params": {"gamma": 438.98386765777485, "log10_alpha": 0.6403719591396282, "log10_colsample_bytree": -0.057145936173281786, "log10_eta": -3.3638608043839575, "log10_lambda": -4.576153250805531, "log10_min_child_weight": 2.8913244693597004, "log10_subsample": -0.6548784696493398, "max_depth": 6.0, "num_boost_round": 11.0}, "datetime": {"datetime": "2024-01-19 00:51:26", "elapsed": 2378.752375, "delta": 0.003139}}
{"target": -17.67709147599075, "params": {"gamma": 438.98386765777485, "log10_alpha": 0.6403719591396282, "log10_colsample_bytree": -0.057145936173281786, "log10_eta": -3.3638608043839575, "log10_lambda": -4.576153250805531, "log10_min_child_weight": 2.8913244693597004, "log10_subsample": -0.6548784696493398, "max_depth": 6.0, "num_boost_round": 12.0}, "datetime": {"datetime": "2024-01-19 00:51:26", "elapsed": 2378.755572, "delta": 0.003197}}
{"target": -17.677087097740774, "params": {"gamma": 438.98386765777485, "log10_alpha": 0.6403719591396282, "log10_colsample_bytree": -0.057145936173281786, "log10_eta": -3.3638608043839575, "log10_lambda": -4.576153250805531, "log10_min_child_weight": 2.8913244693597004, "log10_subsample": -0.6548784696493398, "max_depth": 6.0, "num_boost_round": 13.0}, "datetime": {"datetime": "2024-01-19 00:51:26", "elapsed": 2378.852847, "delta": 0.097275}}
{"target": -17.677087144948974, "params": {"gamma": 438.98386765777485, "log10_alpha": 0.6403719591396282, "log10_colsample_bytree": -0.057145936173281786, "log10_eta": -3.3638608043839575, "log10_lambda": -4.576153250805531, "log10_min_child_weight": 2.8913244693597004, "log10_subsample": -0.6548784696493398, "max_depth": 6.0, "num_boost_round": 14.0}, "datetime": {"datetime": "2024-01-19 00:51:26", "elapsed": 2378.856395, "delta": 0.003548}}
{"target": -17.67709650511818, "params": {"gamma": 438.98386765777485, "log10_alpha": 0.6403719591396282, "log10_colsample_bytree": -0.057145936173281786, "log10_eta": -3.3638608043839575, "log10_lambda": -4.576153250805531, "log10_min_child_weight": 2.8913244693597004, "log10_subsample": -0.6548784696493398, "max_depth": 6.0, "num_boost_round": 15.0}, "datetime": {"datetime": "2024-01-19 00:51:26", "elapsed": 2378.859782, "delta": 0.003387}}
{"target": -17.677088347226167, "params": {"gamma": 438.98386765777485, "log10_alpha": 0.6403719591396282, "log10_colsample_bytree": -0.057145936173281786, "log10_eta": -3.3638608043839575, "log10_lambda": -4.576153250805531, "log10_min_child_weight": 2.8913244693597004, "log10_subsample": -0.6548784696493398, "max_depth": 6.0, "num_boost_round": 16.0}, "datetime": {"datetime": "2024-01-19 00:51:26", "elapsed": 2378.863069, "delta": 0.003287}}
{"target": -17.67708647112637, "params": {"gamma": 438.98386765777485, "log10_alpha": 0.6403719591396282, "log10_colsample_bytree": -0.057145936173281786, "log10_eta": -3.3638608043839575, "log10_lambda": -4.576153250805531, "log10_min_child_weight": 2.8913244693597004, "log10_subsample": -0.6548784696493398, "max_depth": 6.0, "num_boost_round": 17.0}, "datetime": {"datetime": "2024-01-19 00:51:26", "elapsed": 2378.866327, "delta": 0.003258}}
{"target": -17.677100892629426, "params": {"gamma": 438.98386765777485, "log10_alpha": 0.6403719591396282, "log10_colsample_bytree": -0.057145936173281786, "log10_eta": -3.3638608043839575, "log10_lambda": -4.576153250805531, "log10_min_child_weight": 2.8913244693597004, "log10_subsample": -0.6548784696493398, "max_depth": 6.0, "num_boost_round": 18.0}, "datetime": {"datetime": "2024-01-19 00:51:26", "elapsed": 2378.869564, "delta": 0.003237}}
{"target": -17.677103598944424, "params": {"gamma": 438.98386765777485, "log10_alpha": 0.6403719591396282, "log10_colsample_bytree": -0.057145936173281786, "log10_eta": -3.3638608043839575, "log10_lambda": -4.576153250805531, "log10_min_child_weight": 2.8913244693597004, "log10_subsample": -0.6548784696493398, "max_depth": 6.0, "num_boost_round": 19.0}, "datetime": {"datetime": "2024-01-19 00:51:26", "elapsed": 2378.872866, "delta": 0.003302}}
{"target": -17.677080613147815, "params": {"gamma": 438.98386765777485, "log10_alpha": 0.6403719591396282, "log10_colsample_bytree": -0.057145936173281786, "log10_eta": -3.3638608043839575, "log10_lambda": -4.576153250805531, "log10_min_child_weight": 2.8913244693597004, "log10_subsample": -0.6548784696493398, "max_depth": 6.0, "num_boost_round": 20.0}, "datetime": {"datetime": "2024-01-19 00:51:26", "elapsed": 2378.876097, "delta": 0.003231}}
{"target": -17.67705812969965, "params": {"gamma": 438.98386765777485, "log10_alpha": 0.6403719591396282, "log10_colsample_bytree": -0.057145936173281786, "log10_eta": -3.3638608043839575, "log10_lambda": -4.576153250805531, "log10_min_child_weight": 2.8913244693597004, "log10_subsample": -0.6548784696493398, "max_depth": 6.0, "num_boost_round": 21.0}, "datetime": {"datetime": "2024-01-19 00:51:26", "elapsed": 2378.87937, "delta": 0.003273}}
{"target": -17.67705412804243, "params": {"gamma": 438.98386765777485, "log10_alpha": 0.6403719591396282, "log10_colsample_bytree": -0.057145936173281786, "log10_eta": -3.3638608043839575, "log10_lambda": -4.576153250805531, "log10_min_child_weight": 2.8913244693597004, "log10_subsample": -0.6548784696493398, "max_depth": 6.0, "num_boost_round": 22.0}, "datetime": {"datetime": "2024-01-19 00:51:26", "elapsed": 2378.882662, "delta": 0.003292}}
{"target": -17.677029276857116, "params": {"gamma": 438.98386765777485, "log10_alpha": 0.6403719591396282, "log10_colsample_bytree": -0.057145936173281786, "log10_eta": -3.3638608043839575, "log10_lambda": -4.576153250805531, "log10_min_child_weight": 2.8913244693597004, "log10_subsample": -0.6548784696493398, "max_depth": 6.0, "num_boost_round": 23.0}, "datetime": {"datetime": "2024-01-19 00:51:26", "elapsed": 2378.885931, "delta": 0.003269}}
{"target": -17.677017536818187, "params": {"gamma": 438.98386765777485, "log10_alpha": 0.6403719591396282, "log10_colsample_bytree": -0.057145936173281786, "log10_eta": -3.3638608043839575, "log10_lambda": -4.576153250805531, "log10_min_child_weight": 2.8913244693597004, "log10_subsample": -0.6548784696493398, "max_depth": 6.0, "num_boost_round": 24.0}, "datetime": {"datetime": "2024-01-19 00:51:26", "elapsed": 2378.889206, "delta": 0.003275}}
{"target": -17.67700337337875, "params": {"gamma": 438.98386765777485, "log10_alpha": 0.6403719591396282, "log10_colsample_bytree": -0.057145936173281786, "log10_eta": -3.3638608043839575, "log10_lambda": -4.576153250805531, "log10_min_child_weight": 2.8913244693597004, "log10_subsample": -0.6548784696493398, "max_depth": 6.0, "num_boost_round": 25.0}, "datetime": {"datetime": "2024-01-19 00:51:26", "elapsed": 2378.892456, "delta": 0.00325}}
{"target": -17.676992487533152, "params": {"gamma": 438.98386765777485, "log10_alpha": 0.6403719591396282, "log10_colsample_bytree": -0.057145936173281786, "log10_eta": -3.3638608043839575, "log10_lambda": -4.576153250805531, "log10_min_child_weight": 2.8913244693597004, "log10_subsample": -0.6548784696493398, "max_depth": 6.0, "num_boost_round": 26.0}, "datetime": {"datetime": "2024-01-19 00:51:26", "elapsed": 2378.895762, "delta": 0.003306}}
{"target": -17.67697474168368, "params": {"gamma": 438.98386765777485, "log10_alpha": 0.6403719591396282, "log10_colsample_bytree": -0.057145936173281786, "log10_eta": -3.3638608043839575, "log10_lambda": -4.576153250805531, "log10_min_child_weight": 2.8913244693597004, "log10_subsample": -0.6548784696493398, "max_depth": 6.0, "num_boost_round": 27.0}, "datetime": {"datetime": "2024-01-19 00:51:26", "elapsed": 2378.89905, "delta": 0.003288}}
{"target": -17.676982310105508, "params": {"gamma": 438.98386765777485, "log10_alpha": 0.6403719591396282, "log10_colsample_bytree": -0.057145936173281786, "log10_eta": -3.3638608043839575, "log10_lambda": -4.576153250805531, "log10_min_child_weight": 2.8913244693597004, "log10_subsample": -0.6548784696493398, "max_depth": 6.0, "num_boost_round": 28.0}, "datetime": {"datetime": "2024-01-19 00:51:26", "elapsed": 2378.902336, "delta": 0.003286}}
{"target": -17.67696542046611, "params": {"gamma": 438.98386765777485, "log10_alpha": 0.6403719591396282, "log10_colsample_bytree": -0.057145936173281786, "log10_eta": -3.3638608043839575, "log10_lambda": -4.576153250805531, "log10_min_child_weight": 2.8913244693597004, "log10_subsample": -0.6548784696493398, "max_depth": 6.0, "num_boost_round": 29.0}, "datetime": {"datetime": "2024-01-19 00:51:26", "elapsed": 2378.905607, "delta": 0.003271}}
{"target": -17.67696782447866, "params": {"gamma": 438.98386765777485, "log10_alpha": 0.6403719591396282, "log10_colsample_bytree": -0.057145936173281786, "log10_eta": -3.3638608043839575, "log10_lambda": -4.576153250805531, "log10_min_child_weight": 2.8913244693597004, "log10_subsample": -0.6548784696493398, "max_depth": 6.0, "num_boost_round": 30.0}, "datetime": {"datetime": "2024-01-19 00:51:26", "elapsed": 2378.908892, "delta": 0.003285}}
{"target": -17.676948408169288, "params": {"gamma": 438.98386765777485, "log10_alpha": 0.6403719591396282, "log10_colsample_bytree": -0.057145936173281786, "log10_eta": -3.3638608043839575, "log10_lambda": -4.576153250805531, "log10_min_child_weight": 2.8913244693597004, "log10_subsample": -0.6548784696493398, "max_depth": 6.0, "num_boost_round": 31.0}, "datetime": {"datetime": "2024-01-19 00:51:26", "elapsed": 2378.912156, "delta": 0.003264}}
{"target": -17.676935061241704, "params": {"gamma": 438.98386765777485, "log10_alpha": 0.6403719591396282, "log10_colsample_bytree": -0.057145936173281786, "log10_eta": -3.3638608043839575, "log10_lambda": -4.576153250805531, "log10_min_child_weight": 2.8913244693597004, "log10_subsample": -0.6548784696493398, "max_depth": 6.0, "num_boost_round": 32.0}, "datetime": {"datetime": "2024-01-19 00:51:26", "elapsed": 2378.915455, "delta": 0.003299}}
{"target": -17.676949027472247, "params": {"gamma": 438.98386765777485, "log10_alpha": 0.6403719591396282, "log10_colsample_bytree": -0.057145936173281786, "log10_eta": -3.3638608043839575, "log10_lambda": -4.576153250805531, "log10_min_child_weight": 2.8913244693597004, "log10_subsample": -0.6548784696493398, "max_depth": 6.0, "num_boost_round": 33.0}, "datetime": {"datetime": "2024-01-19 00:51:26", "elapsed": 2378.91947, "delta": 0.004015}}
{"target": -17.67695225346392, "params": {"gamma": 438.98386765777485, "log10_alpha": 0.6403719591396282, "log10_colsample_bytree": -0.057145936173281786, "log10_eta": -3.3638608043839575, "log10_lambda": -4.576153250805531, "log10_min_child_weight": 2.8913244693597004, "log10_subsample": -0.6548784696493398, "max_depth": 6.0, "num_boost_round": 34.0}, "datetime": {"datetime": "2024-01-19 00:51:26", "elapsed": 2378.92313, "delta": 0.00366}}
{"target": -17.676954940548498, "params": {"gamma": 438.98386765777485, "log10_alpha": 0.6403719591396282, "log10_colsample_bytree": -0.057145936173281786, "log10_eta": -3.3638608043839575, "log10_lambda": -4.576153250805531, "log10_min_child_weight": 2.8913244693597004, "log10_subsample": -0.6548784696493398, "max_depth": 6.0, "num_boost_round": 35.0}, "datetime": {"datetime": "2024-01-19 00:51:26", "elapsed": 2378.926538, "delta": 0.003408}}
{"target": -17.676954554384974, "params": {"gamma": 438.98386765777485, "log10_alpha": 0.6403719591396282, "log10_colsample_bytree": -0.057145936173281786, "log10_eta": -3.3638608043839575, "log10_lambda": -4.576153250805531, "log10_min_child_weight": 2.8913244693597004, "log10_subsample": -0.6548784696493398, "max_depth": 6.0, "num_boost_round": 36.0}, "datetime": {"datetime": "2024-01-19 00:51:26", "elapsed": 2378.930081, "delta": 0.003543}}
{"target": -17.676942613352534, "params": {"gamma": 438.98386765777485, "log10_alpha": 0.6403719591396282, "log10_colsample_bytree": -0.057145936173281786, "log10_eta": -3.3638608043839575, "log10_lambda": -4.576153250805531, "log10_min_child_weight": 2.8913244693597004, "log10_subsample": -0.6548784696493398, "max_depth": 6.0, "num_boost_round": 37.0}, "datetime": {"datetime": "2024-01-19 00:51:26", "elapsed": 2378.93336, "delta": 0.003279}}
{"target": -17.676918610882066, "params": {"gamma": 438.98386765777485, "log10_alpha": 0.6403719591396282, "log10_colsample_bytree": -0.057145936173281786, "log10_eta": -3.3638608043839575, "log10_lambda": -4.576153250805531, "log10_min_child_weight": 2.8913244693597004, "log10_subsample": -0.6548784696493398, "max_depth": 6.0, "num_boost_round": 38.0}, "datetime": {"datetime": "2024-01-19 00:51:26", "elapsed": 2378.936607, "delta": 0.003247}}
{"target": -17.676918350968123, "params": {"gamma": 438.98386765777485, "log10_alpha": 0.6403719591396282, "log10_colsample_bytree": -0.057145936173281786, "log10_eta": -3.3638608043839575, "log10_lambda": -4.576153250805531, "log10_min_child_weight": 2.8913244693597004, "log10_subsample": -0.6548784696493398, "max_depth": 6.0, "num_boost_round": 39.0}, "datetime": {"datetime": "2024-01-19 00:51:26", "elapsed": 2378.939886, "delta": 0.003279}}
