{"target": -17.68225967816541, "params": {"gamma": 422.86747903541743, "log10_alpha": 0.1412941273039383, "log10_colsample_bytree": -0.8304313971826426, "log10_eta": -1.0033738493289985, "log10_lambda": -3.9277655227245605, "log10_min_child_weight": 2.227047445651622, "log10_subsample": -0.7152576862333446, "max_depth": 5.0, "num_boost_round": 7.0}, "datetime": {"datetime": "2024-01-19 00:28:27", "elapsed": 997.177225, "delta": 0.002011}}
{"target": -17.683628780979713, "params": {"gamma": 422.86747903541743, "log10_alpha": 0.1412941273039383, "log10_colsample_bytree": -0.8304313971826426, "log10_eta": -1.0033738493289985, "log10_lambda": -3.9277655227245605, "log10_min_child_weight": 2.227047445651622, "log10_subsample": -0.7152576862333446, "max_depth": 5.0, "num_boost_round": 8.0}, "datetime": {"datetime": "2024-01-19 00:28:27", "elapsed": 997.179249, "delta": 0.002024}}
{"target": -17.682316194689125, "params": {"gamma": 422.86747903541743, "log10_alpha": 0.1412941273039383, "log10_colsample_bytree": -0.8304313971826426, "log10_eta": -1.0033738493289985, "log10_lambda": -3.9277655227245605, "log10_min_child_weight": 2.227047445651622, "log10_subsample": -0.7152576862333446, "max_depth": 5.0, "num_boost_round": 9.0}, "datetime": {"datetime": "2024-01-19 00:28:27", "elapsed": 997.181261, "delta": 0.002012}}
{"target": -17.691365698919874, "params": {"gamma": 422.86747903541743, "log10_alpha": 0.1412941273039383, "log10_colsample_bytree": -0.8304313971826426, "log10_eta": -1.0033738493289985, "log10_lambda": -3.9277655227245605, "log10_min_child_weight": 2.227047445651622, "log10_subsample": -0.7152576862333446, "max_depth": 5.0, "num_boost_round": 10.0}, "datetime": {"datetime": "2024-01-19 00:28:27", "elapsed": 997.1834, "delta": 0.002139}}
{"target": -17.691488626625166, "params": {"gamma": 422.86747903541743, "log10_alpha": 0.1412941273039383, "log10_colsample_bytree": -0.8304313971826426, "log10_eta": -1.0033738493289985, "log10_lambda": -3.9277655227245605, "log10_min_child_weight": 2.227047445651622, "log10_subsample": -0.7152576862333446, "max_depth": 5.0, "num_boost_round": 11.0}, "datetime": {"datetime": "2024-01-19 00:28:27", "elapsed": 997.185417, "delta": 0.002017}}
{"target": -17.67722819351224, "params": {"gamma": 431.10721763504444, "log10_alpha": -2.199342808620939, "log10_colsample_bytree": -0.8657745954517142, "log10_eta": -2.0465701568486265, "log10_lambda": -1.2290385597817859, "log10_min_child_weight": 4.9784289722619155, "log10_subsample": -0.6575026909785356, "max_depth": 6.0, "num_boost_round": 0.0}, "datetime": {"datetime": "2024-01-19 00:28:49", "elapsed": 1019.675631, "delta": 22.490214}}
{"target": -17.677156781089028, "params": {"gamma": 431.10721763504444, "log10_alpha": -2.199342808620939, "log10_colsample_bytree": -0.8657745954517142, "log10_eta": -2.0465701568486265, "log10_lambda": -1.2290385597817859, "log10_min_child_weight": 4.9784289722619155, "log10_subsample": -0.6575026909785356, "max_depth": 6.0, "num_boost_round": 1.0}, "datetime": {"datetime": "2024-01-19 00:28:49", "elapsed": 1019.67803, "delta": 0.002399}}
{"target": -17.677183125857074, "params": {"gamma": 431.10721763504444, "log10_alpha": -2.199342808620939, "log10_colsample_bytree": -0.8657745954517142, "log10_eta": -2.0465701568486265, "log10_lambda": -1.2290385597817859, "log10_min_child_weight": 4.9784289722619155, "log10_subsample": -0.6575026909785356, "max_depth": 6.0, "num_boost_round": 2.0}, "datetime": {"datetime": "2024-01-19 00:28:49", "elapsed": 1019.68008, "delta": 0.00205}}
{"target": -17.677154032971146, "params": {"gamma": 431.10721763504444, "log10_alpha": -2.199342808620939, "log10_colsample_bytree": -0.8657745954517142, "log10_eta": -2.0465701568486265, "log10_lambda": -1.2290385597817859, "log10_min_child_weight": 4.9784289722619155, "log10_subsample": -0.6575026909785356, "max_depth": 6.0, "num_boost_round": 3.0}, "datetime": {"datetime": "2024-01-19 00:28:49", "elapsed": 1019.682398, "delta": 0.002318}}
{"target": -17.67715111664628, "params": {"gamma": 431.10721763504444, "log10_alpha": -2.199342808620939, "log10_colsample_bytree": -0.8657745954517142, "log10_eta": -2.0465701568486265, "log10_lambda": -1.2290385597817859, "log10_min_child_weight": 4.9784289722619155, "log10_subsample": -0.6575026909785356, "max_depth": 6.0, "num_boost_round": 4.0}, "datetime": {"datetime": "2024-01-19 00:28:49", "elapsed": 1019.684427, "delta": 0.002029}}
{"target": -17.67714789624583, "params": {"gamma": 431.10721763504444, "log10_alpha": -2.199342808620939, "log10_colsample_bytree": -0.8657745954517142, "log10_eta": -2.0465701568486265, "log10_lambda": -1.2290385597817859, "log10_min_child_weight": 4.9784289722619155, "log10_subsample": -0.6575026909785356, "max_depth": 6.0, "num_boost_round": 5.0}, "datetime": {"datetime": "2024-01-19 00:28:49", "elapsed": 1019.68646, "delta": 0.002033}}
{"target": -17.677088356322223, "params": {"gamma": 431.10721763504444, "log10_alpha": -2.199342808620939, "log10_colsample_bytree": -0.8657745954517142, "log10_eta": -2.0465701568486265, "log10_lambda": -1.2290385597817859, "log10_min_child_weight": 4.9784289722619155, "log10_subsample": -0.6575026909785356, "max_depth": 6.0, "num_boost_round": 6.0}, "datetime": {"datetime": "2024-01-19 00:28:49", "elapsed": 1019.688475, "delta": 0.002015}}
{"target": -17.67703574427101, "params": {"gamma": 431.10721763504444, "log10_alpha": -2.199342808620939, "log10_colsample_bytree": -0.8657745954517142, "log10_eta": -2.0465701568486265, "log10_lambda": -1.2290385597817859, "log10_min_child_weight": 4.9784289722619155, "log10_subsample": -0.6575026909785356, "max_depth": 6.0, "num_boost_round": 7.0}, "datetime": {"datetime": "2024-01-19 00:28:49", "elapsed": 1019.69048, "delta": 0.002005}}
{"target": -17.676993424007833, "params": {"gamma": 431.10721763504444, "log10_alpha": -2.199342808620939, "log10_colsample_bytree": -0.8657745954517142, "log10_eta": -2.0465701568486265, "log10_lambda": -1.2290385597817859, "log10_min_child_weight": 4.9784289722619155, "log10_subsample": -0.6575026909785356, "max_depth": 6.0, "num_boost_round": 8.0}, "datetime": {"datetime": "2024-01-19 00:28:49", "elapsed": 1019.692596, "delta": 0.002116}}
{"target": -17.676997917885128, "params": {"gamma": 431.10721763504444, "log10_alpha": -2.199342808620939, "log10_colsample_bytree": -0.8657745954517142, "log10_eta": -2.0465701568486265, "log10_lambda": -1.2290385597817859, "log10_min_child_weight": 4.9784289722619155, "log10_subsample": -0.6575026909785356, "max_depth": 6.0, "num_boost_round": 9.0}, "datetime": {"datetime": "2024-01-19 00:28:49", "elapsed": 1019.694618, "delta": 0.002022}}
{"target": -17.676939901563323, "params": {"gamma": 431.10721763504444, "log10_alpha": -2.199342808620939, "log10_colsample_bytree": -0.8657745954517142, "log10_eta": -2.0465701568486265, "log10_lambda": -1.2290385597817859, "log10_min_child_weight": 4.9784289722619155, "log10_subsample": -0.6575026909785356, "max_depth": 6.0, "num_boost_round": 10.0}, "datetime": {"datetime": "2024-01-19 00:28:49", "elapsed": 1019.69664, "delta": 0.002022}}
{"target": -17.67687340292644, "params": {"gamma": 431.10721763504444, "log10_alpha": -2.199342808620939, "log10_colsample_bytree": -0.8657745954517142, "log10_eta": -2.0465701568486265, "log10_lambda": -1.2290385597817859, "log10_min_child_weight": 4.9784289722619155, "log10_subsample": -0.6575026909785356, "max_depth": 6.0, "num_boost_round": 11.0}, "datetime": {"datetime": "2024-01-19 00:28:49", "elapsed": 1019.698681, "delta": 0.002041}}
{"target": -17.677220326400324, "params": {"gamma": 439.34547207816985, "log10_alpha": 0.15769237880007836, "log10_colsample_bytree": -0.25024462134516057, "log10_eta": -3.716080672794095, "log10_lambda": -0.9701709007217225, "log10_min_child_weight": 1.7087908829158276, "log10_subsample": -0.27797870435988437, "max_depth": 6.0, "num_boost_round": 0.0}, "datetime": {"datetime": "2024-01-19 00:29:15", "elapsed": 1045.330362, "delta": 25.631681}}
{"target": -17.677201729393072, "params": {"gamma": 439.34547207816985, "log10_alpha": 0.15769237880007836, "log10_colsample_bytree": -0.25024462134516057, "log10_eta": -3.716080672794095, "log10_lambda": -0.9701709007217225, "log10_min_child_weight": 1.7087908829158276, "log10_subsample": -0.27797870435988437, "max_depth": 6.0, "num_boost_round": 1.0}, "datetime": {"datetime": "2024-01-19 00:29:15", "elapsed": 1045.333658, "delta": 0.003296}}
{"target": -17.67718966667277, "params": {"gamma": 439.34547207816985, "log10_alpha": 0.15769237880007836, "log10_colsample_bytree": -0.25024462134516057, "log10_eta": -3.716080672794095, "log10_lambda": -0.9701709007217225, "log10_min_child_weight": 1.7087908829158276, "log10_subsample": -0.27797870435988437, "max_depth": 6.0, "num_boost_round": 2.0}, "datetime": {"datetime": "2024-01-19 00:29:15", "elapsed": 1045.336606, "delta": 0.002948}}
{"target": -17.67718480250679, "params": {"gamma": 439.34547207816985, "log10_alpha": 0.15769237880007836, "log10_colsample_bytree": -0.25024462134516057, "log10_eta": -3.716080672794095, "log10_lambda": -0.9701709007217225, "log10_min_child_weight": 1.7087908829158276, "log10_subsample": -0.27797870435988437, "max_depth": 6.0, "num_boost_round": 3.0}, "datetime": {"datetime": "2024-01-19 00:29:15", "elapsed": 1045.338708, "delta": 0.002102}}
{"target": -17.67718437791899, "params": {"gamma": 439.34547207816985, "log10_alpha": 0.15769237880007836, "log10_colsample_bytree": -0.25024462134516057, "log10_eta": -3.716080672794095, "log10_lambda": -0.9701709007217225, "log10_min_child_weight": 1.7087908829158276, "log10_subsample": -0.27797870435988437, "max_depth": 6.0, "num_boost_round": 4.0}, "datetime": {"datetime": "2024-01-19 00:29:15", "elapsed": 1045.340746, "delta": 0.002038}}
{"target": -17.677174731877738, "params": {"gamma": 439.34547207816985, "log10_alpha": 0.15769237880007836, "log10_colsample_bytree": -0.25024462134516057, "log10_eta": -3.716080672794095, "log10_lambda": -0.9701709007217225, "log10_min_child_weight": 1.7087908829158276, "log10_subsample": -0.27797870435988437, "max_depth": 6.0, "num_boost_round": 5.0}, "datetime": {"datetime": "2024-01-19 00:29:15", "elapsed": 1045.342964, "delta": 0.002218}}
{"target": -17.677160076187178, "params": {"gamma": 439.34547207816985, "log10_alpha": 0.15769237880007836, "log10_colsample_bytree": -0.25024462134516057, "log10_eta": -3.716080672794095, "log10_lambda": -0.9701709007217225, "log10_min_child_weight": 1.7087908829158276, "log10_subsample": -0.27797870435988437, "max_depth": 6.0, "num_boost_round": 6.0}, "datetime": {"datetime": "2024-01-19 00:29:15", "elapsed": 1045.345179, "delta": 0.002215}}
{"target": -17.677146936725936, "params": {"gamma": 439.34547207816985, "log10_alpha": 0.15769237880007836, "log10_colsample_bytree": -0.25024462134516057, "log10_eta": -3.716080672794095, "log10_lambda": -0.9701709007217225, "log10_min_child_weight": 1.7087908829158276, "log10_subsample": -0.27797870435988437, "max_depth": 6.0, "num_boost_round": 7.0}, "datetime": {"datetime": "2024-01-19 00:29:15", "elapsed": 1045.347313, "delta": 0.002134}}
{"target": -17.677128056417335, "params": {"gamma": 439.34547207816985, "log10_alpha": 0.15769237880007836, "log10_colsample_bytree": -0.25024462134516057, "log10_eta": -3.716080672794095, "log10_lambda": -0.9701709007217225, "log10_min_child_weight": 1.7087908829158276, "log10_subsample": -0.27797870435988437, "max_depth": 6.0, "num_boost_round": 8.0}, "datetime": {"datetime": "2024-01-19 00:29:15", "elapsed": 1045.349519, "delta": 0.002206}}
{"target": -17.677113904639707, "params": {"gamma": 439.34547207816985, "log10_alpha": 0.15769237880007836, "log10_colsample_bytree": -0.25024462134516057, "log10_eta": -3.716080672794095, "log10_lambda": -0.9701709007217225, "log10_min_child_weight": 1.7087908829158276, "log10_subsample": -0.27797870435988437, "max_depth": 6.0, "num_boost_round": 9.0}, "datetime": {"datetime": "2024-01-19 00:29:15", "elapsed": 1045.351622, "delta": 0.002103}}
{"target": -17.677106452789193, "params": {"gamma": 439.34547207816985, "log10_alpha": 0.15769237880007836, "log10_colsample_bytree": -0.25024462134516057, "log10_eta": -3.716080672794095, "log10_lambda": -0.9701709007217225, "log10_min_child_weight": 1.7087908829158276, "log10_subsample": -0.27797870435988437, "max_depth": 6.0, "num_boost_round": 10.0}, "datetime": {"datetime": "2024-01-19 00:29:15", "elapsed": 1045.353739, "delta": 0.002117}}
{"target": -17.677095180469184, "params": {"gamma": 439.34547207816985, "log10_alpha": 0.15769237880007836, "log10_colsample_bytree": -0.25024462134516057, "log10_eta": -3.716080672794095, "log10_lambda": -0.9701709007217225, "log10_min_child_weight": 1.7087908829158276, "log10_subsample": -0.27797870435988437, "max_depth": 6.0, "num_boost_round": 11.0}, "datetime": {"datetime": "2024-01-19 00:29:15", "elapsed": 1045.355767, "delta": 0.002028}}
{"target": -17.6770871756462, "params": {"gamma": 439.34547207816985, "log10_alpha": 0.15769237880007836, "log10_colsample_bytree": -0.25024462134516057, "log10_eta": -3.716080672794095, "log10_lambda": -0.9701709007217225, "log10_min_child_weight": 1.7087908829158276, "log10_subsample": -0.27797870435988437, "max_depth": 6.0, "num_boost_round": 12.0}, "datetime": {"datetime": "2024-01-19 00:29:15", "elapsed": 1045.357823, "delta": 0.002056}}
{"target": -17.677087133160033, "params": {"gamma": 439.34547207816985, "log10_alpha": 0.15769237880007836, "log10_colsample_bytree": -0.25024462134516057, "log10_eta": -3.716080672794095, "log10_lambda": -0.9701709007217225, "log10_min_child_weight": 1.7087908829158276, "log10_subsample": -0.27797870435988437, "max_depth": 6.0, "num_boost_round": 13.0}, "datetime": {"datetime": "2024-01-19 00:29:15", "elapsed": 1045.359883, "delta": 0.00206}}
{"target": -17.677086081944996, "params": {"gamma": 439.34547207816985, "log10_alpha": 0.15769237880007836, "log10_colsample_bytree": -0.25024462134516057, "log10_eta": -3.716080672794095, "log10_lambda": -0.9701709007217225, "log10_min_child_weight": 1.7087908829158276, "log10_subsample": -0.27797870435988437, "max_depth": 6.0, "num_boost_round": 14.0}, "datetime": {"datetime": "2024-01-19 00:29:15", "elapsed": 1045.361956, "delta": 0.002073}}
{"target": -17.6770791420995, "params": {"gamma": 439.34547207816985, "log10_alpha": 0.15769237880007836, "log10_colsample_bytree": -0.25024462134516057, "log10_eta": -3.716080672794095, "log10_lambda": -0.9701709007217225, "log10_min_child_weight": 1.7087908829158276, "log10_subsample": -0.27797870435988437, "max_depth": 6.0, "num_boost_round": 15.0}, "datetime": {"datetime": "2024-01-19 00:29:15", "elapsed": 1045.364024, "delta": 0.002068}}
{"target": -17.928499977505997, "params": {"gamma": 418.97082179982624, "log10_alpha": -2.2258068725451188, "log10_colsample_bytree": -0.4291727219524668, "log10_eta": -0.21543606104465374, "log10_lambda": -0.061029793504436824, "log10_min_child_weight": 1.2676197770561188, "log10_subsample": -0.4432279529033033, "max_depth": 9.0, "num_boost_round": 0.0}, "datetime": {"datetime": "2024-01-19 00:29:40", "elapsed": 1070.661882, "delta": 25.297858}}
{"target": -18.16944082069448, "params": {"gamma": 418.97082179982624, "log10_alpha": -2.2258068725451188, "log10_colsample_bytree": -0.4291727219524668, "log10_eta": -0.21543606104465374, "log10_lambda": -0.061029793504436824, "log10_min_child_weight": 1.2676197770561188, "log10_subsample": -0.4432279529033033, "max_depth": 9.0, "num_boost_round": 1.0}, "datetime": {"datetime": "2024-01-19 00:29:40", "elapsed": 1070.664816, "delta": 0.002934}}
{"target": -18.307104407777924, "params": {"gamma": 418.97082179982624, "log10_alpha": -2.2258068725451188, "log10_colsample_bytree": -0.4291727219524668, "log10_eta": -0.21543606104465374, "log10_lambda": -0.061029793504436824, "log10_min_child_weight": 1.2676197770561188, "log10_subsample": -0.4432279529033033, "max_depth": 9.0, "num_boost_round": 2.0}, "datetime": {"datetime": "2024-01-19 00:29:40", "elapsed": 1070.667005, "delta": 0.002189}}
{"target": -18.455699680681555, "params": {"gamma": 418.97082179982624, "log10_alpha": -2.2258068725451188, "log10_colsample_bytree": -0.4291727219524668, "log10_eta": -0.21543606104465374, "log10_lambda": -0.061029793504436824, "log10_min_child_weight": 1.2676197770561188, "log10_subsample": -0.4432279529033033, "max_depth": 9.0, "num_boost_round": 3.0}, "datetime": {"datetime": "2024-01-19 00:29:40", "elapsed": 1070.669056, "delta": 0.002051}}
{"target": -18.587282818133186, "params": {"gamma": 418.97082179982624, "log10_alpha": -2.2258068725451188, "log10_colsample_bytree": -0.4291727219524668, "log10_eta": -0.21543606104465374, "log10_lambda": -0.061029793504436824, "log10_min_child_weight": 1.2676197770561188, "log10_subsample": -0.4432279529033033, "max_depth": 9.0, "num_boost_round": 4.0}, "datetime": {"datetime": "2024-01-19 00:29:40", "elapsed": 1070.671219, "delta": 0.002163}}
{"target": -18.722983189249323, "params": {"gamma": 418.97082179982624, "log10_alpha": -2.2258068725451188, "log10_colsample_bytree": -0.4291727219524668, "log10_eta": -0.21543606104465374, "log10_lambda": -0.061029793504436824, "log10_min_child_weight": 1.2676197770561188, "log10_subsample": -0.4432279529033033, "max_depth": 9.0, "num_boost_round": 5.0}, "datetime": {"datetime": "2024-01-19 00:29:40", "elapsed": 1070.673265, "delta": 0.002046}}
{"target": -18.87299722724167, "params": {"gamma": 418.97082179982624, "log10_alpha": -2.2258068725451188, "log10_colsample_bytree": -0.4291727219524668, "log10_eta": -0.21543606104465374, "log10_lambda": -0.061029793504436824, "log10_min_child_weight": 1.2676197770561188, "log10_subsample": -0.4432279529033033, "max_depth": 9.0, "num_boost_round": 6.0}, "datetime": {"datetime": "2024-01-19 00:29:40", "elapsed": 1070.67531, "delta": 0.002045}}
{"target": -19.27658894065218, "params": {"gamma": 418.97082179982624, "log10_alpha": -2.2258068725451188, "log10_colsample_bytree": -0.4291727219524668, "log10_eta": -0.21543606104465374, "log10_lambda": -0.061029793504436824, "log10_min_child_weight": 1.2676197770561188, "log10_subsample": -0.4432279529033033, "max_depth": 9.0, "num_boost_round": 7.0}, "datetime": {"datetime": "2024-01-19 00:29:40", "elapsed": 1070.677376, "delta": 0.002066}}
{"target": -19.323160591192625, "params": {"gamma": 418.97082179982624, "log10_alpha": -2.2258068725451188, "log10_colsample_bytree": -0.4291727219524668, "log10_eta": -0.21543606104465374, "log10_lambda": -0.061029793504436824, "log10_min_child_weight": 1.2676197770561188, "log10_subsample": -0.4432279529033033, "max_depth": 9.0, "num_boost_round": 8.0}, "datetime": {"datetime": "2024-01-19 00:29:40", "elapsed": 1070.679447, "delta": 0.002071}}
{"target": -19.344069755688835, "params": {"gamma": 418.97082179982624, "log10_alpha": -2.2258068725451188, "log10_colsample_bytree": -0.4291727219524668, "log10_eta": -0.21543606104465374, "log10_lambda": -0.061029793504436824, "log10_min_child_weight": 1.2676197770561188, "log10_subsample": -0.4432279529033033, "max_depth": 9.0, "num_boost_round": 9.0}, "datetime": {"datetime": "2024-01-19 00:29:40", "elapsed": 1070.68148, "delta": 0.002033}}
{"target": -19.391890911338344, "params": {"gamma": 418.97082179982624, "log10_alpha": -2.2258068725451188, "log10_colsample_bytree": -0.4291727219524668, "log10_eta": -0.21543606104465374, "log10_lambda": -0.061029793504436824, "log10_min_child_weight": 1.2676197770561188, "log10_subsample": -0.4432279529033033, "max_depth": 9.0, "num_boost_round": 10.0}, "datetime": {"datetime": "2024-01-19 00:29:40", "elapsed": 1070.683666, "delta": 0.002186}}
{"target": -19.5918024063016, "params": {"gamma": 418.97082179982624, "log10_alpha": -2.2258068725451188, "log10_colsample_bytree": -0.4291727219524668, "log10_eta": -0.21543606104465374, "log10_lambda": -0.061029793504436824, "log10_min_child_weight": 1.2676197770561188, "log10_subsample": -0.4432279529033033, "max_depth": 9.0, "num_boost_round": 11.0}, "datetime": {"datetime": "2024-01-19 00:29:40", "elapsed": 1070.685719, "delta": 0.002053}}
{"target": -17.677226305522645, "params": {"gamma": 434.8954165967389, "log10_alpha": -2.496512332961194, "log10_colsample_bytree": -0.2882862260224951, "log10_eta": -3.9657705974095863, "log10_lambda": 0.729256809780197, "log10_min_child_weight": 3.7956513650815644, "log10_subsample": -0.2991485623250061, "max_depth": 8.0, "num_boost_round": 0.0}, "datetime": {"datetime": "2024-01-19 00:30:02", "elapsed": 1092.387754, "delta": 21.702035}}
{"target": -17.677221544442133, "params": {"gamma": 434.8954165967389, "log10_alpha": -2.496512332961194, "log10_colsample_bytree": -0.2882862260224951, "log10_eta": -3.9657705974095863, "log10_lambda": 0.729256809780197, "log10_min_child_weight": 3.7956513650815644, "log10_subsample": -0.2991485623250061, "max_depth": 8.0, "num_boost_round": 1.0}, "datetime": {"datetime": "2024-01-19 00:30:02", "elapsed": 1092.390237, "delta": 0.002483}}
{"target": -17.677216777980828, "params": {"gamma": 434.8954165967389, "log10_alpha": -2.496512332961194, "log10_colsample_bytree": -0.2882862260224951, "log10_eta": -3.9657705974095863, "log10_lambda": 0.729256809780197, "log10_min_child_weight": 3.7956513650815644, "log10_subsample": -0.2991485623250061, "max_depth": 8.0, "num_boost_round": 2.0}, "datetime": {"datetime": "2024-01-19 00:30:02", "elapsed": 1092.392823, "delta": 0.002586}}
{"target": -17.67721783602983, "params": {"gamma": 434.8954165967389, "log10_alpha": -2.496512332961194, "log10_colsample_bytree": -0.2882862260224951, "log10_eta": -3.9657705974095863, "log10_lambda": 0.729256809780197, "log10_min_child_weight": 3.7956513650815644, "log10_subsample": -0.2991485623250061, "max_depth": 8.0, "num_boost_round": 3.0}, "datetime": {"datetime": "2024-01-19 00:30:02", "elapsed": 1092.395094, "delta": 0.002271}}
