{"target": -13.758460062042223, "params": {"gamma": 558.9982406370543, "log10_alpha": -3.9970490647619297, "log10_colsample_bytree": -0.979476687634158, "log10_eta": -3.264158370511594, "log10_lambda": -1.7268678165672613, "log10_min_child_weight": 2.1125923374911677, "log10_subsample": -0.39828947488329425, "max_depth": 2.0, "num_boost_round": 18.0}, "datetime": {"datetime": "2024-01-19 01:51:48", "elapsed": 6040.306594, "delta": 0.006269}}
{"target": -13.758456755810462, "params": {"gamma": 558.9982406370543, "log10_alpha": -3.9970490647619297, "log10_colsample_bytree": -0.979476687634158, "log10_eta": -3.264158370511594, "log10_lambda": -1.7268678165672613, "log10_min_child_weight": 2.1125923374911677, "log10_subsample": -0.39828947488329425, "max_depth": 2.0, "num_boost_round": 19.0}, "datetime": {"datetime": "2024-01-19 01:51:48", "elapsed": 6040.312735, "delta": 0.006141}}
{"target": -13.758454705072642, "params": {"gamma": 558.9982406370543, "log10_alpha": -3.9970490647619297, "log10_colsample_bytree": -0.979476687634158, "log10_eta": -3.264158370511594, "log10_lambda": -1.7268678165672613, "log10_min_child_weight": 2.1125923374911677, "log10_subsample": -0.39828947488329425, "max_depth": 2.0, "num_boost_round": 20.0}, "datetime": {"datetime": "2024-01-19 01:51:48", "elapsed": 6040.318955, "delta": 0.00622}}
{"target": -13.758442805391816, "params": {"gamma": 558.9982406370543, "log10_alpha": -3.9970490647619297, "log10_colsample_bytree": -0.979476687634158, "log10_eta": -3.264158370511594, "log10_lambda": -1.7268678165672613, "log10_min_child_weight": 2.1125923374911677, "log10_subsample": -0.39828947488329425, "max_depth": 2.0, "num_boost_round": 21.0}, "datetime": {"datetime": "2024-01-19 01:51:48", "elapsed": 6040.324799, "delta": 0.005844}}
{"target": -13.758439343993077, "params": {"gamma": 558.9982406370543, "log10_alpha": -3.9970490647619297, "log10_colsample_bytree": -0.979476687634158, "log10_eta": -3.264158370511594, "log10_lambda": -1.7268678165672613, "log10_min_child_weight": 2.1125923374911677, "log10_subsample": -0.39828947488329425, "max_depth": 2.0, "num_boost_round": 22.0}, "datetime": {"datetime": "2024-01-19 01:51:48", "elapsed": 6040.330677, "delta": 0.005878}}
{"target": -13.758431238531491, "params": {"gamma": 558.9982406370543, "log10_alpha": -3.9970490647619297, "log10_colsample_bytree": -0.979476687634158, "log10_eta": -3.264158370511594, "log10_lambda": -1.7268678165672613, "log10_min_child_weight": 2.1125923374911677, "log10_subsample": -0.39828947488329425, "max_depth": 2.0, "num_boost_round": 23.0}, "datetime": {"datetime": "2024-01-19 01:51:48", "elapsed": 6040.336515, "delta": 0.005838}}
{"target": -13.758430853720041, "params": {"gamma": 558.9982406370543, "log10_alpha": -3.9970490647619297, "log10_colsample_bytree": -0.979476687634158, "log10_eta": -3.264158370511594, "log10_lambda": -1.7268678165672613, "log10_min_child_weight": 2.1125923374911677, "log10_subsample": -0.39828947488329425, "max_depth": 2.0, "num_boost_round": 24.0}, "datetime": {"datetime": "2024-01-19 01:51:48", "elapsed": 6040.342927, "delta": 0.006412}}
{"target": -13.758423126995437, "params": {"gamma": 558.9982406370543, "log10_alpha": -3.9970490647619297, "log10_colsample_bytree": -0.979476687634158, "log10_eta": -3.264158370511594, "log10_lambda": -1.7268678165672613, "log10_min_child_weight": 2.1125923374911677, "log10_subsample": -0.39828947488329425, "max_depth": 2.0, "num_boost_round": 25.0}, "datetime": {"datetime": "2024-01-19 01:51:48", "elapsed": 6040.349752, "delta": 0.006825}}
{"target": -13.758418696227142, "params": {"gamma": 558.9982406370543, "log10_alpha": -3.9970490647619297, "log10_colsample_bytree": -0.979476687634158, "log10_eta": -3.264158370511594, "log10_lambda": -1.7268678165672613, "log10_min_child_weight": 2.1125923374911677, "log10_subsample": -0.39828947488329425, "max_depth": 2.0, "num_boost_round": 26.0}, "datetime": {"datetime": "2024-01-19 01:51:48", "elapsed": 6040.355875, "delta": 0.006123}}
{"target": -13.75841396697592, "params": {"gamma": 558.9982406370543, "log10_alpha": -3.9970490647619297, "log10_colsample_bytree": -0.979476687634158, "log10_eta": -3.264158370511594, "log10_lambda": -1.7268678165672613, "log10_min_child_weight": 2.1125923374911677, "log10_subsample": -0.39828947488329425, "max_depth": 2.0, "num_boost_round": 27.0}, "datetime": {"datetime": "2024-01-19 01:51:48", "elapsed": 6040.362386, "delta": 0.006511}}
{"target": -13.758418841742587, "params": {"gamma": 558.9982406370543, "log10_alpha": -3.9970490647619297, "log10_colsample_bytree": -0.979476687634158, "log10_eta": -3.264158370511594, "log10_lambda": -1.7268678165672613, "log10_min_child_weight": 2.1125923374911677, "log10_subsample": -0.39828947488329425, "max_depth": 2.0, "num_boost_round": 28.0}, "datetime": {"datetime": "2024-01-19 01:51:48", "elapsed": 6040.369039, "delta": 0.006653}}
{"target": -13.758417289044985, "params": {"gamma": 558.9982406370543, "log10_alpha": -3.9970490647619297, "log10_colsample_bytree": -0.979476687634158, "log10_eta": -3.264158370511594, "log10_lambda": -1.7268678165672613, "log10_min_child_weight": 2.1125923374911677, "log10_subsample": -0.39828947488329425, "max_depth": 2.0, "num_boost_round": 29.0}, "datetime": {"datetime": "2024-01-19 01:51:48", "elapsed": 6040.375214, "delta": 0.006175}}
{"target": -13.758408881726801, "params": {"gamma": 558.9982406370543, "log10_alpha": -3.9970490647619297, "log10_colsample_bytree": -0.979476687634158, "log10_eta": -3.264158370511594, "log10_lambda": -1.7268678165672613, "log10_min_child_weight": 2.1125923374911677, "log10_subsample": -0.39828947488329425, "max_depth": 2.0, "num_boost_round": 30.0}, "datetime": {"datetime": "2024-01-19 01:51:48", "elapsed": 6040.381317, "delta": 0.006103}}
{"target": -13.758399629584689, "params": {"gamma": 558.9982406370543, "log10_alpha": -3.9970490647619297, "log10_colsample_bytree": -0.979476687634158, "log10_eta": -3.264158370511594, "log10_lambda": -1.7268678165672613, "log10_min_child_weight": 2.1125923374911677, "log10_subsample": -0.39828947488329425, "max_depth": 2.0, "num_boost_round": 31.0}, "datetime": {"datetime": "2024-01-19 01:51:48", "elapsed": 6040.38746, "delta": 0.006143}}
{"target": -13.758397240585706, "params": {"gamma": 558.9982406370543, "log10_alpha": -3.9970490647619297, "log10_colsample_bytree": -0.979476687634158, "log10_eta": -3.264158370511594, "log10_lambda": -1.7268678165672613, "log10_min_child_weight": 2.1125923374911677, "log10_subsample": -0.39828947488329425, "max_depth": 2.0, "num_boost_round": 32.0}, "datetime": {"datetime": "2024-01-19 01:51:48", "elapsed": 6040.393974, "delta": 0.006514}}
{"target": -13.758394767783328, "params": {"gamma": 558.9982406370543, "log10_alpha": -3.9970490647619297, "log10_colsample_bytree": -0.979476687634158, "log10_eta": -3.264158370511594, "log10_lambda": -1.7268678165672613, "log10_min_child_weight": 2.1125923374911677, "log10_subsample": -0.39828947488329425, "max_depth": 2.0, "num_boost_round": 33.0}, "datetime": {"datetime": "2024-01-19 01:51:48", "elapsed": 6040.400051, "delta": 0.006077}}
{"target": -13.758388127177094, "params": {"gamma": 558.9982406370543, "log10_alpha": -3.9970490647619297, "log10_colsample_bytree": -0.979476687634158, "log10_eta": -3.264158370511594, "log10_lambda": -1.7268678165672613, "log10_min_child_weight": 2.1125923374911677, "log10_subsample": -0.39828947488329425, "max_depth": 2.0, "num_boost_round": 34.0}, "datetime": {"datetime": "2024-01-19 01:51:48", "elapsed": 6040.405836, "delta": 0.005785}}
{"target": -13.75838462585697, "params": {"gamma": 558.9982406370543, "log10_alpha": -3.9970490647619297, "log10_colsample_bytree": -0.979476687634158, "log10_eta": -3.264158370511594, "log10_lambda": -1.7268678165672613, "log10_min_child_weight": 2.1125923374911677, "log10_subsample": -0.39828947488329425, "max_depth": 2.0, "num_boost_round": 35.0}, "datetime": {"datetime": "2024-01-19 01:51:48", "elapsed": 6040.411951, "delta": 0.006115}}
{"target": -13.757894070480475, "params": {"gamma": 571.0028631055029, "log10_alpha": 0.17572832467297328, "log10_colsample_bytree": -0.6776800302048518, "log10_eta": -0.8202808227594169, "log10_lambda": -4.318262578201521, "log10_min_child_weight": 1.8651517259997723, "log10_subsample": -0.684946615313262, "max_depth": 9.0, "num_boost_round": 0.0}, "datetime": {"datetime": "2024-01-19 01:53:17", "elapsed": 6129.739725, "delta": 89.327774}}
{"target": -13.760698995355098, "params": {"gamma": 571.0028631055029, "log10_alpha": 0.17572832467297328, "log10_colsample_bytree": -0.6776800302048518, "log10_eta": -0.8202808227594169, "log10_lambda": -4.318262578201521, "log10_min_child_weight": 1.8651517259997723, "log10_subsample": -0.684946615313262, "max_depth": 9.0, "num_boost_round": 1.0}, "datetime": {"datetime": "2024-01-19 01:53:17", "elapsed": 6129.747354, "delta": 0.007629}}
{"target": -13.762021883439893, "params": {"gamma": 571.0028631055029, "log10_alpha": 0.17572832467297328, "log10_colsample_bytree": -0.6776800302048518, "log10_eta": -0.8202808227594169, "log10_lambda": -4.318262578201521, "log10_min_child_weight": 1.8651517259997723, "log10_subsample": -0.684946615313262, "max_depth": 9.0, "num_boost_round": 2.0}, "datetime": {"datetime": "2024-01-19 01:53:18", "elapsed": 6129.882101, "delta": 0.134747}}
{"target": -13.7659919120229, "params": {"gamma": 571.0028631055029, "log10_alpha": 0.17572832467297328, "log10_colsample_bytree": -0.6776800302048518, "log10_eta": -0.8202808227594169, "log10_lambda": -4.318262578201521, "log10_min_child_weight": 1.8651517259997723, "log10_subsample": -0.684946615313262, "max_depth": 9.0, "num_boost_round": 3.0}, "datetime": {"datetime": "2024-01-19 01:53:18", "elapsed": 6129.889636, "delta": 0.007535}}
{"target": -13.77023835673453, "params": {"gamma": 571.0028631055029, "log10_alpha": 0.17572832467297328, "log10_colsample_bytree": -0.6776800302048518, "log10_eta": -0.8202808227594169, "log10_lambda": -4.318262578201521, "log10_min_child_weight": 1.8651517259997723, "log10_subsample": -0.684946615313262, "max_depth": 9.0, "num_boost_round": 4.0}, "datetime": {"datetime": "2024-01-19 01:53:18", "elapsed": 6129.896525, "delta": 0.006889}}
{"target": -13.780502145549915, "params": {"gamma": 571.0028631055029, "log10_alpha": 0.17572832467297328, "log10_colsample_bytree": -0.6776800302048518, "log10_eta": -0.8202808227594169, "log10_lambda": -4.318262578201521, "log10_min_child_weight": 1.8651517259997723, "log10_subsample": -0.684946615313262, "max_depth": 9.0, "num_boost_round": 5.0}, "datetime": {"datetime": "2024-01-19 01:53:18", "elapsed": 6129.902979, "delta": 0.006454}}
{"target": -13.797851575104671, "params": {"gamma": 571.0028631055029, "log10_alpha": 0.17572832467297328, "log10_colsample_bytree": -0.6776800302048518, "log10_eta": -0.8202808227594169, "log10_lambda": -4.318262578201521, "log10_min_child_weight": 1.8651517259997723, "log10_subsample": -0.684946615313262, "max_depth": 9.0, "num_boost_round": 6.0}, "datetime": {"datetime": "2024-01-19 01:53:18", "elapsed": 6129.90916, "delta": 0.006181}}
{"target": -13.815244557222467, "params": {"gamma": 571.0028631055029, "log10_alpha": 0.17572832467297328, "log10_colsample_bytree": -0.6776800302048518, "log10_eta": -0.8202808227594169, "log10_lambda": -4.318262578201521, "log10_min_child_weight": 1.8651517259997723, "log10_subsample": -0.684946615313262, "max_depth": 9.0, "num_boost_round": 7.0}, "datetime": {"datetime": "2024-01-19 01:53:18", "elapsed": 6129.915429, "delta": 0.006269}}
{"target": -13.824475777972292, "params": {"gamma": 571.0028631055029, "log10_alpha": 0.17572832467297328, "log10_colsample_bytree": -0.6776800302048518, "log10_eta": -0.8202808227594169, "log10_lambda": -4.318262578201521, "log10_min_child_weight": 1.8651517259997723, "log10_subsample": -0.684946615313262, "max_depth": 9.0, "num_boost_round": 8.0}, "datetime": {"datetime": "2024-01-19 01:53:18", "elapsed": 6129.921842, "delta": 0.006413}}
{"target": -13.829357777458613, "params": {"gamma": 571.0028631055029, "log10_alpha": 0.17572832467297328, "log10_colsample_bytree": -0.6776800302048518, "log10_eta": -0.8202808227594169, "log10_lambda": -4.318262578201521, "log10_min_child_weight": 1.8651517259997723, "log10_subsample": -0.684946615313262, "max_depth": 9.0, "num_boost_round": 9.0}, "datetime": {"datetime": "2024-01-19 01:53:18", "elapsed": 6129.92816, "delta": 0.006318}}
{"target": -13.833718808040542, "params": {"gamma": 571.0028631055029, "log10_alpha": 0.17572832467297328, "log10_colsample_bytree": -0.6776800302048518, "log10_eta": -0.8202808227594169, "log10_lambda": -4.318262578201521, "log10_min_child_weight": 1.8651517259997723, "log10_subsample": -0.684946615313262, "max_depth": 9.0, "num_boost_round": 10.0}, "datetime": {"datetime": "2024-01-19 01:53:18", "elapsed": 6129.934432, "delta": 0.006272}}
{"target": -13.838160750278417, "params": {"gamma": 571.0028631055029, "log10_alpha": 0.17572832467297328, "log10_colsample_bytree": -0.6776800302048518, "log10_eta": -0.8202808227594169, "log10_lambda": -4.318262578201521, "log10_min_child_weight": 1.8651517259997723, "log10_subsample": -0.684946615313262, "max_depth": 9.0, "num_boost_round": 11.0}, "datetime": {"datetime": "2024-01-19 01:53:18", "elapsed": 6129.940632, "delta": 0.0062}}
{"target": -13.845405635551579, "params": {"gamma": 571.0028631055029, "log10_alpha": 0.17572832467297328, "log10_colsample_bytree": -0.6776800302048518, "log10_eta": -0.8202808227594169, "log10_lambda": -4.318262578201521, "log10_min_child_weight": 1.8651517259997723, "log10_subsample": -0.684946615313262, "max_depth": 9.0, "num_boost_round": 12.0}, "datetime": {"datetime": "2024-01-19 01:53:18", "elapsed": 6129.946691, "delta": 0.006059}}
{"target": -13.8579859412094, "params": {"gamma": 571.0028631055029, "log10_alpha": 0.17572832467297328, "log10_colsample_bytree": -0.6776800302048518, "log10_eta": -0.8202808227594169, "log10_lambda": -4.318262578201521, "log10_min_child_weight": 1.8651517259997723, "log10_subsample": -0.684946615313262, "max_depth": 9.0, "num_boost_round": 13.0}, "datetime": {"datetime": "2024-01-19 01:53:18", "elapsed": 6129.952777, "delta": 0.006086}}
{"target": -13.86870946794133, "params": {"gamma": 571.0028631055029, "log10_alpha": 0.17572832467297328, "log10_colsample_bytree": -0.6776800302048518, "log10_eta": -0.8202808227594169, "log10_lambda": -4.318262578201521, "log10_min_child_weight": 1.8651517259997723, "log10_subsample": -0.684946615313262, "max_depth": 9.0, "num_boost_round": 14.0}, "datetime": {"datetime": "2024-01-19 01:53:18", "elapsed": 6129.959095, "delta": 0.006318}}
{"target": -13.88037547805327, "params": {"gamma": 571.0028631055029, "log10_alpha": 0.17572832467297328, "log10_colsample_bytree": -0.6776800302048518, "log10_eta": -0.8202808227594169, "log10_lambda": -4.318262578201521, "log10_min_child_weight": 1.8651517259997723, "log10_subsample": -0.684946615313262, "max_depth": 9.0, "num_boost_round": 15.0}, "datetime": {"datetime": "2024-01-19 01:53:18", "elapsed": 6129.965518, "delta": 0.006423}}
{"target": -13.883329535996891, "params": {"gamma": 571.0028631055029, "log10_alpha": 0.17572832467297328, "log10_colsample_bytree": -0.6776800302048518, "log10_eta": -0.8202808227594169, "log10_lambda": -4.318262578201521, "log10_min_child_weight": 1.8651517259997723, "log10_subsample": -0.684946615313262, "max_depth": 9.0, "num_boost_round": 16.0}, "datetime": {"datetime": "2024-01-19 01:53:18", "elapsed": 6129.971949, "delta": 0.006431}}
{"target": -13.886534398977442, "params": {"gamma": 571.0028631055029, "log10_alpha": 0.17572832467297328, "log10_colsample_bytree": -0.6776800302048518, "log10_eta": -0.8202808227594169, "log10_lambda": -4.318262578201521, "log10_min_child_weight": 1.8651517259997723, "log10_subsample": -0.684946615313262, "max_depth": 9.0, "num_boost_round": 17.0}, "datetime": {"datetime": "2024-01-19 01:53:18", "elapsed": 6129.978037, "delta": 0.006088}}
{"target": -13.893120598121346, "params": {"gamma": 571.0028631055029, "log10_alpha": 0.17572832467297328, "log10_colsample_bytree": -0.6776800302048518, "log10_eta": -0.8202808227594169, "log10_lambda": -4.318262578201521, "log10_min_child_weight": 1.8651517259997723, "log10_subsample": -0.684946615313262, "max_depth": 9.0, "num_boost_round": 18.0}, "datetime": {"datetime": "2024-01-19 01:53:18", "elapsed": 6129.9851, "delta": 0.007063}}
{"target": -13.903033921793511, "params": {"gamma": 571.0028631055029, "log10_alpha": 0.17572832467297328, "log10_colsample_bytree": -0.6776800302048518, "log10_eta": -0.8202808227594169, "log10_lambda": -4.318262578201521, "log10_min_child_weight": 1.8651517259997723, "log10_subsample": -0.684946615313262, "max_depth": 9.0, "num_boost_round": 19.0}, "datetime": {"datetime": "2024-01-19 01:53:18", "elapsed": 6129.99137, "delta": 0.00627}}
{"target": -13.911367501770826, "params": {"gamma": 571.0028631055029, "log10_alpha": 0.17572832467297328, "log10_colsample_bytree": -0.6776800302048518, "log10_eta": -0.8202808227594169, "log10_lambda": -4.318262578201521, "log10_min_child_weight": 1.8651517259997723, "log10_subsample": -0.684946615313262, "max_depth": 9.0, "num_boost_round": 20.0}, "datetime": {"datetime": "2024-01-19 01:53:18", "elapsed": 6129.997833, "delta": 0.006463}}
{"target": -13.917515585706619, "params": {"gamma": 571.0028631055029, "log10_alpha": 0.17572832467297328, "log10_colsample_bytree": -0.6776800302048518, "log10_eta": -0.8202808227594169, "log10_lambda": -4.318262578201521, "log10_min_child_weight": 1.8651517259997723, "log10_subsample": -0.684946615313262, "max_depth": 9.0, "num_boost_round": 21.0}, "datetime": {"datetime": "2024-01-19 01:53:18", "elapsed": 6130.00423, "delta": 0.006397}}
{"target": -13.923120354834724, "params": {"gamma": 571.0028631055029, "log10_alpha": 0.17572832467297328, "log10_colsample_bytree": -0.6776800302048518, "log10_eta": -0.8202808227594169, "log10_lambda": -4.318262578201521, "log10_min_child_weight": 1.8651517259997723, "log10_subsample": -0.684946615313262, "max_depth": 9.0, "num_boost_round": 22.0}, "datetime": {"datetime": "2024-01-19 01:53:18", "elapsed": 6130.010387, "delta": 0.006157}}
{"target": -13.936073222653288, "params": {"gamma": 571.0028631055029, "log10_alpha": 0.17572832467297328, "log10_colsample_bytree": -0.6776800302048518, "log10_eta": -0.8202808227594169, "log10_lambda": -4.318262578201521, "log10_min_child_weight": 1.8651517259997723, "log10_subsample": -0.684946615313262, "max_depth": 9.0, "num_boost_round": 23.0}, "datetime": {"datetime": "2024-01-19 01:53:18", "elapsed": 6130.016533, "delta": 0.006146}}
{"target": -13.953625181382613, "params": {"gamma": 571.0028631055029, "log10_alpha": 0.17572832467297328, "log10_colsample_bytree": -0.6776800302048518, "log10_eta": -0.8202808227594169, "log10_lambda": -4.318262578201521, "log10_min_child_weight": 1.8651517259997723, "log10_subsample": -0.684946615313262, "max_depth": 9.0, "num_boost_round": 24.0}, "datetime": {"datetime": "2024-01-19 01:53:18", "elapsed": 6130.022912, "delta": 0.006379}}
{"target": -13.973551431639917, "params": {"gamma": 571.0028631055029, "log10_alpha": 0.17572832467297328, "log10_colsample_bytree": -0.6776800302048518, "log10_eta": -0.8202808227594169, "log10_lambda": -4.318262578201521, "log10_min_child_weight": 1.8651517259997723, "log10_subsample": -0.684946615313262, "max_depth": 9.0, "num_boost_round": 25.0}, "datetime": {"datetime": "2024-01-19 01:53:18", "elapsed": 6130.02935, "delta": 0.006438}}
{"target": -13.983464762469067, "params": {"gamma": 571.0028631055029, "log10_alpha": 0.17572832467297328, "log10_colsample_bytree": -0.6776800302048518, "log10_eta": -0.8202808227594169, "log10_lambda": -4.318262578201521, "log10_min_child_weight": 1.8651517259997723, "log10_subsample": -0.684946615313262, "max_depth": 9.0, "num_boost_round": 26.0}, "datetime": {"datetime": "2024-01-19 01:53:18", "elapsed": 6130.03583, "delta": 0.00648}}
{"target": -13.987847758685394, "params": {"gamma": 571.0028631055029, "log10_alpha": 0.17572832467297328, "log10_colsample_bytree": -0.6776800302048518, "log10_eta": -0.8202808227594169, "log10_lambda": -4.318262578201521, "log10_min_child_weight": 1.8651517259997723, "log10_subsample": -0.684946615313262, "max_depth": 9.0, "num_boost_round": 27.0}, "datetime": {"datetime": "2024-01-19 01:53:18", "elapsed": 6130.042208, "delta": 0.006378}}
{"target": -13.999806426483078, "params": {"gamma": 571.0028631055029, "log10_alpha": 0.17572832467297328, "log10_colsample_bytree": -0.6776800302048518, "log10_eta": -0.8202808227594169, "log10_lambda": -4.318262578201521, "log10_min_child_weight": 1.8651517259997723, "log10_subsample": -0.684946615313262, "max_depth": 9.0, "num_boost_round": 28.0}, "datetime": {"datetime": "2024-01-19 01:53:18", "elapsed": 6130.048717, "delta": 0.006509}}
{"target": -14.005906879356454, "params": {"gamma": 571.0028631055029, "log10_alpha": 0.17572832467297328, "log10_colsample_bytree": -0.6776800302048518, "log10_eta": -0.8202808227594169, "log10_lambda": -4.318262578201521, "log10_min_child_weight": 1.8651517259997723, "log10_subsample": -0.684946615313262, "max_depth": 9.0, "num_boost_round": 29.0}, "datetime": {"datetime": "2024-01-19 01:53:18", "elapsed": 6130.055029, "delta": 0.006312}}
{"target": -14.012251866160938, "params": {"gamma": 571.0028631055029, "log10_alpha": 0.17572832467297328, "log10_colsample_bytree": -0.6776800302048518, "log10_eta": -0.8202808227594169, "log10_lambda": -4.318262578201521, "log10_min_child_weight": 1.8651517259997723, "log10_subsample": -0.684946615313262, "max_depth": 9.0, "num_boost_round": 30.0}, "datetime": {"datetime": "2024-01-19 01:53:18", "elapsed": 6130.061254, "delta": 0.006225}}
