{"target": -17.677220786423202, "params": {"gamma": 388.1188854321221, "log10_alpha": -2.751609512790302, "log10_colsample_bytree": -0.690095166912001, "log10_eta": -3.9498271758407717, "log10_lambda": -2.2488352459359255, "log10_min_child_weight": 4.47743123202056, "log10_subsample": -0.6737544082805186, "max_depth": 6.0, "num_boost_round": 15.0}, "datetime": {"datetime": "2024-01-19 01:58:14", "elapsed": 6384.306065, "delta": 0.005822}}
{"target": -17.677219613030005, "params": {"gamma": 388.1188854321221, "log10_alpha": -2.751609512790302, "log10_colsample_bytree": -0.690095166912001, "log10_eta": -3.9498271758407717, "log10_lambda": -2.2488352459359255, "log10_min_child_weight": 4.47743123202056, "log10_subsample": -0.6737544082805186, "max_depth": 6.0, "num_boost_round": 16.0}, "datetime": {"datetime": "2024-01-19 01:58:14", "elapsed": 6384.311866, "delta": 0.005801}}
{"target": -17.677218202684568, "params": {"gamma": 388.1188854321221, "log10_alpha": -2.751609512790302, "log10_colsample_bytree": -0.690095166912001, "log10_eta": -3.9498271758407717, "log10_lambda": -2.2488352459359255, "log10_min_child_weight": 4.47743123202056, "log10_subsample": -0.6737544082805186, "max_depth": 6.0, "num_boost_round": 17.0}, "datetime": {"datetime": "2024-01-19 01:58:14", "elapsed": 6384.317655, "delta": 0.005789}}
{"target": -17.677216428471482, "params": {"gamma": 388.1188854321221, "log10_alpha": -2.751609512790302, "log10_colsample_bytree": -0.690095166912001, "log10_eta": -3.9498271758407717, "log10_lambda": -2.2488352459359255, "log10_min_child_weight": 4.47743123202056, "log10_subsample": -0.6737544082805186, "max_depth": 6.0, "num_boost_round": 18.0}, "datetime": {"datetime": "2024-01-19 01:58:14", "elapsed": 6384.323449, "delta": 0.005794}}
{"target": -17.677214114184267, "params": {"gamma": 388.1188854321221, "log10_alpha": -2.751609512790302, "log10_colsample_bytree": -0.690095166912001, "log10_eta": -3.9498271758407717, "log10_lambda": -2.2488352459359255, "log10_min_child_weight": 4.47743123202056, "log10_subsample": -0.6737544082805186, "max_depth": 6.0, "num_boost_round": 19.0}, "datetime": {"datetime": "2024-01-19 01:58:14", "elapsed": 6384.329237, "delta": 0.005788}}
{"target": -17.67721382203943, "params": {"gamma": 388.1188854321221, "log10_alpha": -2.751609512790302, "log10_colsample_bytree": -0.690095166912001, "log10_eta": -3.9498271758407717, "log10_lambda": -2.2488352459359255, "log10_min_child_weight": 4.47743123202056, "log10_subsample": -0.6737544082805186, "max_depth": 6.0, "num_boost_round": 20.0}, "datetime": {"datetime": "2024-01-19 01:58:14", "elapsed": 6384.335819, "delta": 0.006582}}
{"target": -17.67721353222144, "params": {"gamma": 388.1188854321221, "log10_alpha": -2.751609512790302, "log10_colsample_bytree": -0.690095166912001, "log10_eta": -3.9498271758407717, "log10_lambda": -2.2488352459359255, "log10_min_child_weight": 4.47743123202056, "log10_subsample": -0.6737544082805186, "max_depth": 6.0, "num_boost_round": 21.0}, "datetime": {"datetime": "2024-01-19 01:58:14", "elapsed": 6384.342355, "delta": 0.006536}}
{"target": -17.677211901844167, "params": {"gamma": 388.1188854321221, "log10_alpha": -2.751609512790302, "log10_colsample_bytree": -0.690095166912001, "log10_eta": -3.9498271758407717, "log10_lambda": -2.2488352459359255, "log10_min_child_weight": 4.47743123202056, "log10_subsample": -0.6737544082805186, "max_depth": 6.0, "num_boost_round": 22.0}, "datetime": {"datetime": "2024-01-19 01:58:14", "elapsed": 6384.348234, "delta": 0.005879}}
{"target": -17.677210089131613, "params": {"gamma": 388.1188854321221, "log10_alpha": -2.751609512790302, "log10_colsample_bytree": -0.690095166912001, "log10_eta": -3.9498271758407717, "log10_lambda": -2.2488352459359255, "log10_min_child_weight": 4.47743123202056, "log10_subsample": -0.6737544082805186, "max_depth": 6.0, "num_boost_round": 23.0}, "datetime": {"datetime": "2024-01-19 01:58:14", "elapsed": 6384.354549, "delta": 0.006315}}
{"target": -17.677209095513767, "params": {"gamma": 388.1188854321221, "log10_alpha": -2.751609512790302, "log10_colsample_bytree": -0.690095166912001, "log10_eta": -3.9498271758407717, "log10_lambda": -2.2488352459359255, "log10_min_child_weight": 4.47743123202056, "log10_subsample": -0.6737544082805186, "max_depth": 6.0, "num_boost_round": 24.0}, "datetime": {"datetime": "2024-01-19 01:58:14", "elapsed": 6384.361054, "delta": 0.006505}}
{"target": -17.67720791102672, "params": {"gamma": 388.1188854321221, "log10_alpha": -2.751609512790302, "log10_colsample_bytree": -0.690095166912001, "log10_eta": -3.9498271758407717, "log10_lambda": -2.2488352459359255, "log10_min_child_weight": 4.47743123202056, "log10_subsample": -0.6737544082805186, "max_depth": 6.0, "num_boost_round": 25.0}, "datetime": {"datetime": "2024-01-19 01:58:14", "elapsed": 6384.367547, "delta": 0.006493}}
{"target": -17.677207467964585, "params": {"gamma": 388.1188854321221, "log10_alpha": -2.751609512790302, "log10_colsample_bytree": -0.690095166912001, "log10_eta": -3.9498271758407717, "log10_lambda": -2.2488352459359255, "log10_min_child_weight": 4.47743123202056, "log10_subsample": -0.6737544082805186, "max_depth": 6.0, "num_boost_round": 26.0}, "datetime": {"datetime": "2024-01-19 01:58:14", "elapsed": 6384.479258, "delta": 0.111711}}
{"target": -17.677206212636126, "params": {"gamma": 388.1188854321221, "log10_alpha": -2.751609512790302, "log10_colsample_bytree": -0.690095166912001, "log10_eta": -3.9498271758407717, "log10_lambda": -2.2488352459359255, "log10_min_child_weight": 4.47743123202056, "log10_subsample": -0.6737544082805186, "max_depth": 6.0, "num_boost_round": 27.0}, "datetime": {"datetime": "2024-01-19 01:58:14", "elapsed": 6384.485764, "delta": 0.006506}}
{"target": -17.677204522410513, "params": {"gamma": 388.1188854321221, "log10_alpha": -2.751609512790302, "log10_colsample_bytree": -0.690095166912001, "log10_eta": -3.9498271758407717, "log10_lambda": -2.2488352459359255, "log10_min_child_weight": 4.47743123202056, "log10_subsample": -0.6737544082805186, "max_depth": 6.0, "num_boost_round": 28.0}, "datetime": {"datetime": "2024-01-19 01:58:14", "elapsed": 6384.49163, "delta": 0.005866}}
{"target": -17.67720390173937, "params": {"gamma": 388.1188854321221, "log10_alpha": -2.751609512790302, "log10_colsample_bytree": -0.690095166912001, "log10_eta": -3.9498271758407717, "log10_lambda": -2.2488352459359255, "log10_min_child_weight": 4.47743123202056, "log10_subsample": -0.6737544082805186, "max_depth": 6.0, "num_boost_round": 29.0}, "datetime": {"datetime": "2024-01-19 01:58:14", "elapsed": 6384.497407, "delta": 0.005777}}
{"target": -17.677202965544897, "params": {"gamma": 388.1188854321221, "log10_alpha": -2.751609512790302, "log10_colsample_bytree": -0.690095166912001, "log10_eta": -3.9498271758407717, "log10_lambda": -2.2488352459359255, "log10_min_child_weight": 4.47743123202056, "log10_subsample": -0.6737544082805186, "max_depth": 6.0, "num_boost_round": 30.0}, "datetime": {"datetime": "2024-01-19 01:58:14", "elapsed": 6384.503579, "delta": 0.006172}}
{"target": -17.677202782326873, "params": {"gamma": 388.1188854321221, "log10_alpha": -2.751609512790302, "log10_colsample_bytree": -0.690095166912001, "log10_eta": -3.9498271758407717, "log10_lambda": -2.2488352459359255, "log10_min_child_weight": 4.47743123202056, "log10_subsample": -0.6737544082805186, "max_depth": 6.0, "num_boost_round": 31.0}, "datetime": {"datetime": "2024-01-19 01:58:14", "elapsed": 6384.509579, "delta": 0.006}}
{"target": -17.677201927184388, "params": {"gamma": 388.1188854321221, "log10_alpha": -2.751609512790302, "log10_colsample_bytree": -0.690095166912001, "log10_eta": -3.9498271758407717, "log10_lambda": -2.2488352459359255, "log10_min_child_weight": 4.47743123202056, "log10_subsample": -0.6737544082805186, "max_depth": 6.0, "num_boost_round": 32.0}, "datetime": {"datetime": "2024-01-19 01:58:14", "elapsed": 6384.515538, "delta": 0.005959}}
{"target": -17.677200586686435, "params": {"gamma": 388.1188854321221, "log10_alpha": -2.751609512790302, "log10_colsample_bytree": -0.690095166912001, "log10_eta": -3.9498271758407717, "log10_lambda": -2.2488352459359255, "log10_min_child_weight": 4.47743123202056, "log10_subsample": -0.6737544082805186, "max_depth": 6.0, "num_boost_round": 33.0}, "datetime": {"datetime": "2024-01-19 01:58:14", "elapsed": 6384.521408, "delta": 0.00587}}
{"target": -17.677198890781256, "params": {"gamma": 388.1188854321221, "log10_alpha": -2.751609512790302, "log10_colsample_bytree": -0.690095166912001, "log10_eta": -3.9498271758407717, "log10_lambda": -2.2488352459359255, "log10_min_child_weight": 4.47743123202056, "log10_subsample": -0.6737544082805186, "max_depth": 6.0, "num_boost_round": 34.0}, "datetime": {"datetime": "2024-01-19 01:58:14", "elapsed": 6384.527405, "delta": 0.005997}}
{"target": -17.677198050075454, "params": {"gamma": 388.1188854321221, "log10_alpha": -2.751609512790302, "log10_colsample_bytree": -0.690095166912001, "log10_eta": -3.9498271758407717, "log10_lambda": -2.2488352459359255, "log10_min_child_weight": 4.47743123202056, "log10_subsample": -0.6737544082805186, "max_depth": 6.0, "num_boost_round": 35.0}, "datetime": {"datetime": "2024-01-19 01:58:14", "elapsed": 6384.533492, "delta": 0.006087}}
{"target": -17.677197394393403, "params": {"gamma": 388.1188854321221, "log10_alpha": -2.751609512790302, "log10_colsample_bytree": -0.690095166912001, "log10_eta": -3.9498271758407717, "log10_lambda": -2.2488352459359255, "log10_min_child_weight": 4.47743123202056, "log10_subsample": -0.6737544082805186, "max_depth": 6.0, "num_boost_round": 36.0}, "datetime": {"datetime": "2024-01-19 01:58:14", "elapsed": 6384.539687, "delta": 0.006195}}
{"target": -17.67719693681583, "params": {"gamma": 388.1188854321221, "log10_alpha": -2.751609512790302, "log10_colsample_bytree": -0.690095166912001, "log10_eta": -3.9498271758407717, "log10_lambda": -2.2488352459359255, "log10_min_child_weight": 4.47743123202056, "log10_subsample": -0.6737544082805186, "max_depth": 6.0, "num_boost_round": 37.0}, "datetime": {"datetime": "2024-01-19 01:58:14", "elapsed": 6384.545502, "delta": 0.005815}}
{"target": -17.677189679813214, "params": {"gamma": 401.3104041939952, "log10_alpha": -1.8049881931621616, "log10_colsample_bytree": -0.7575265672858045, "log10_eta": -3.068362750811864, "log10_lambda": 0.4626728944805363, "log10_min_child_weight": 2.159052008661024, "log10_subsample": -0.334565841346389, "max_depth": 6.0, "num_boost_round": 0.0}, "datetime": {"datetime": "2024-01-19 01:59:19", "elapsed": 6449.704149, "delta": 65.158647}}
{"target": -17.677137759942475, "params": {"gamma": 401.3104041939952, "log10_alpha": -1.8049881931621616, "log10_colsample_bytree": -0.7575265672858045, "log10_eta": -3.068362750811864, "log10_lambda": 0.4626728944805363, "log10_min_child_weight": 2.159052008661024, "log10_subsample": -0.334565841346389, "max_depth": 6.0, "num_boost_round": 1.0}, "datetime": {"datetime": "2024-01-19 01:59:19", "elapsed": 6449.711207, "delta": 0.007058}}
{"target": -17.677094516093078, "params": {"gamma": 401.3104041939952, "log10_alpha": -1.8049881931621616, "log10_colsample_bytree": -0.7575265672858045, "log10_eta": -3.068362750811864, "log10_lambda": 0.4626728944805363, "log10_min_child_weight": 2.159052008661024, "log10_subsample": -0.334565841346389, "max_depth": 6.0, "num_boost_round": 2.0}, "datetime": {"datetime": "2024-01-19 01:59:19", "elapsed": 6449.717806, "delta": 0.006599}}
{"target": -17.677115968655094, "params": {"gamma": 401.3104041939952, "log10_alpha": -1.8049881931621616, "log10_colsample_bytree": -0.7575265672858045, "log10_eta": -3.068362750811864, "log10_lambda": 0.4626728944805363, "log10_min_child_weight": 2.159052008661024, "log10_subsample": -0.334565841346389, "max_depth": 6.0, "num_boost_round": 3.0}, "datetime": {"datetime": "2024-01-19 01:59:19", "elapsed": 6449.724598, "delta": 0.006792}}
{"target": -17.6770859353276, "params": {"gamma": 401.3104041939952, "log10_alpha": -1.8049881931621616, "log10_colsample_bytree": -0.7575265672858045, "log10_eta": -3.068362750811864, "log10_lambda": 0.4626728944805363, "log10_min_child_weight": 2.159052008661024, "log10_subsample": -0.334565841346389, "max_depth": 6.0, "num_boost_round": 4.0}, "datetime": {"datetime": "2024-01-19 01:59:19", "elapsed": 6449.731303, "delta": 0.006705}}
{"target": -17.677037534272564, "params": {"gamma": 401.3104041939952, "log10_alpha": -1.8049881931621616, "log10_colsample_bytree": -0.7575265672858045, "log10_eta": -3.068362750811864, "log10_lambda": 0.4626728944805363, "log10_min_child_weight": 2.159052008661024, "log10_subsample": -0.334565841346389, "max_depth": 6.0, "num_boost_round": 5.0}, "datetime": {"datetime": "2024-01-19 01:59:19", "elapsed": 6449.737925, "delta": 0.006622}}
{"target": -17.67701177631222, "params": {"gamma": 401.3104041939952, "log10_alpha": -1.8049881931621616, "log10_colsample_bytree": -0.7575265672858045, "log10_eta": -3.068362750811864, "log10_lambda": 0.4626728944805363, "log10_min_child_weight": 2.159052008661024, "log10_subsample": -0.334565841346389, "max_depth": 6.0, "num_boost_round": 6.0}, "datetime": {"datetime": "2024-01-19 01:59:19", "elapsed": 6449.744726, "delta": 0.006801}}
{"target": -17.67693678549289, "params": {"gamma": 401.3104041939952, "log10_alpha": -1.8049881931621616, "log10_colsample_bytree": -0.7575265672858045, "log10_eta": -3.068362750811864, "log10_lambda": 0.4626728944805363, "log10_min_child_weight": 2.159052008661024, "log10_subsample": -0.334565841346389, "max_depth": 6.0, "num_boost_round": 7.0}, "datetime": {"datetime": "2024-01-19 01:59:19", "elapsed": 6449.751131, "delta": 0.006405}}
{"target": -17.676938049377558, "params": {"gamma": 401.3104041939952, "log10_alpha": -1.8049881931621616, "log10_colsample_bytree": -0.7575265672858045, "log10_eta": -3.068362750811864, "log10_lambda": 0.4626728944805363, "log10_min_child_weight": 2.159052008661024, "log10_subsample": -0.334565841346389, "max_depth": 6.0, "num_boost_round": 8.0}, "datetime": {"datetime": "2024-01-19 01:59:19", "elapsed": 6449.757338, "delta": 0.006207}}
{"target": -17.67690460003655, "params": {"gamma": 401.3104041939952, "log10_alpha": -1.8049881931621616, "log10_colsample_bytree": -0.7575265672858045, "log10_eta": -3.068362750811864, "log10_lambda": 0.4626728944805363, "log10_min_child_weight": 2.159052008661024, "log10_subsample": -0.334565841346389, "max_depth": 6.0, "num_boost_round": 9.0}, "datetime": {"datetime": "2024-01-19 01:59:19", "elapsed": 6449.763648, "delta": 0.00631}}
{"target": -17.676856915083576, "params": {"gamma": 401.3104041939952, "log10_alpha": -1.8049881931621616, "log10_colsample_bytree": -0.7575265672858045, "log10_eta": -3.068362750811864, "log10_lambda": 0.4626728944805363, "log10_min_child_weight": 2.159052008661024, "log10_subsample": -0.334565841346389, "max_depth": 6.0, "num_boost_round": 10.0}, "datetime": {"datetime": "2024-01-19 01:59:19", "elapsed": 6449.769945, "delta": 0.006297}}
{"target": -17.676828079378208, "params": {"gamma": 401.3104041939952, "log10_alpha": -1.8049881931621616, "log10_colsample_bytree": -0.7575265672858045, "log10_eta": -3.068362750811864, "log10_lambda": 0.4626728944805363, "log10_min_child_weight": 2.159052008661024, "log10_subsample": -0.334565841346389, "max_depth": 6.0, "num_boost_round": 11.0}, "datetime": {"datetime": "2024-01-19 01:59:19", "elapsed": 6449.776187, "delta": 0.006242}}
{"target": -17.676759422418964, "params": {"gamma": 401.3104041939952, "log10_alpha": -1.8049881931621616, "log10_colsample_bytree": -0.7575265672858045, "log10_eta": -3.068362750811864, "log10_lambda": 0.4626728944805363, "log10_min_child_weight": 2.159052008661024, "log10_subsample": -0.334565841346389, "max_depth": 6.0, "num_boost_round": 12.0}, "datetime": {"datetime": "2024-01-19 01:59:19", "elapsed": 6449.782478, "delta": 0.006291}}
{"target": -17.676697052678787, "params": {"gamma": 401.3104041939952, "log10_alpha": -1.8049881931621616, "log10_colsample_bytree": -0.7575265672858045, "log10_eta": -3.068362750811864, "log10_lambda": 0.4626728944805363, "log10_min_child_weight": 2.159052008661024, "log10_subsample": -0.334565841346389, "max_depth": 6.0, "num_boost_round": 13.0}, "datetime": {"datetime": "2024-01-19 01:59:19", "elapsed": 6449.788692, "delta": 0.006214}}
{"target": -17.676689872103967, "params": {"gamma": 401.3104041939952, "log10_alpha": -1.8049881931621616, "log10_colsample_bytree": -0.7575265672858045, "log10_eta": -3.068362750811864, "log10_lambda": 0.4626728944805363, "log10_min_child_weight": 2.159052008661024, "log10_subsample": -0.334565841346389, "max_depth": 6.0, "num_boost_round": 14.0}, "datetime": {"datetime": "2024-01-19 01:59:19", "elapsed": 6449.79503, "delta": 0.006338}}
{"target": -17.67665247877621, "params": {"gamma": 401.3104041939952, "log10_alpha": -1.8049881931621616, "log10_colsample_bytree": -0.7575265672858045, "log10_eta": -3.068362750811864, "log10_lambda": 0.4626728944805363, "log10_min_child_weight": 2.159052008661024, "log10_subsample": -0.334565841346389, "max_depth": 6.0, "num_boost_round": 15.0}, "datetime": {"datetime": "2024-01-19 01:59:20", "elapsed": 6449.801367, "delta": 0.006337}}
{"target": -17.676657274841954, "params": {"gamma": 401.3104041939952, "log10_alpha": -1.8049881931621616, "log10_colsample_bytree": -0.7575265672858045, "log10_eta": -3.068362750811864, "log10_lambda": 0.4626728944805363, "log10_min_child_weight": 2.159052008661024, "log10_subsample": -0.334565841346389, "max_depth": 6.0, "num_boost_round": 16.0}, "datetime": {"datetime": "2024-01-19 01:59:20", "elapsed": 6449.807743, "delta": 0.006376}}
{"target": -17.67661555604101, "params": {"gamma": 401.3104041939952, "log10_alpha": -1.8049881931621616, "log10_colsample_bytree": -0.7575265672858045, "log10_eta": -3.068362750811864, "log10_lambda": 0.4626728944805363, "log10_min_child_weight": 2.159052008661024, "log10_subsample": -0.334565841346389, "max_depth": 6.0, "num_boost_round": 17.0}, "datetime": {"datetime": "2024-01-19 01:59:20", "elapsed": 6449.814195, "delta": 0.006452}}
{"target": -17.67663795663449, "params": {"gamma": 401.3104041939952, "log10_alpha": -1.8049881931621616, "log10_colsample_bytree": -0.7575265672858045, "log10_eta": -3.068362750811864, "log10_lambda": 0.4626728944805363, "log10_min_child_weight": 2.159052008661024, "log10_subsample": -0.334565841346389, "max_depth": 6.0, "num_boost_round": 18.0}, "datetime": {"datetime": "2024-01-19 01:59:20", "elapsed": 6449.820797, "delta": 0.006602}}
{"target": -17.67664188063294, "params": {"gamma": 401.3104041939952, "log10_alpha": -1.8049881931621616, "log10_colsample_bytree": -0.7575265672858045, "log10_eta": -3.068362750811864, "log10_lambda": 0.4626728944805363, "log10_min_child_weight": 2.159052008661024, "log10_subsample": -0.334565841346389, "max_depth": 6.0, "num_boost_round": 19.0}, "datetime": {"datetime": "2024-01-19 01:59:20", "elapsed": 6449.826943, "delta": 0.006146}}
{"target": -17.676601020401908, "params": {"gamma": 401.3104041939952, "log10_alpha": -1.8049881931621616, "log10_colsample_bytree": -0.7575265672858045, "log10_eta": -3.068362750811864, "log10_lambda": 0.4626728944805363, "log10_min_child_weight": 2.159052008661024, "log10_subsample": -0.334565841346389, "max_depth": 6.0, "num_boost_round": 20.0}, "datetime": {"datetime": "2024-01-19 01:59:20", "elapsed": 6449.833782, "delta": 0.006839}}
{"target": -17.67650700597159, "params": {"gamma": 401.3104041939952, "log10_alpha": -1.8049881931621616, "log10_colsample_bytree": -0.7575265672858045, "log10_eta": -3.068362750811864, "log10_lambda": 0.4626728944805363, "log10_min_child_weight": 2.159052008661024, "log10_subsample": -0.334565841346389, "max_depth": 6.0, "num_boost_round": 21.0}, "datetime": {"datetime": "2024-01-19 01:59:20", "elapsed": 6449.841175, "delta": 0.007393}}
{"target": -17.67648126514582, "params": {"gamma": 401.3104041939952, "log10_alpha": -1.8049881931621616, "log10_colsample_bytree": -0.7575265672858045, "log10_eta": -3.068362750811864, "log10_lambda": 0.4626728944805363, "log10_min_child_weight": 2.159052008661024, "log10_subsample": -0.334565841346389, "max_depth": 6.0, "num_boost_round": 22.0}, "datetime": {"datetime": "2024-01-19 01:59:20", "elapsed": 6449.847617, "delta": 0.006442}}
{"target": -17.676391081329133, "params": {"gamma": 401.3104041939952, "log10_alpha": -1.8049881931621616, "log10_colsample_bytree": -0.7575265672858045, "log10_eta": -3.068362750811864, "log10_lambda": 0.4626728944805363, "log10_min_child_weight": 2.159052008661024, "log10_subsample": -0.334565841346389, "max_depth": 6.0, "num_boost_round": 23.0}, "datetime": {"datetime": "2024-01-19 01:59:20", "elapsed": 6449.8541, "delta": 0.006483}}
{"target": -17.676386443996766, "params": {"gamma": 401.3104041939952, "log10_alpha": -1.8049881931621616, "log10_colsample_bytree": -0.7575265672858045, "log10_eta": -3.068362750811864, "log10_lambda": 0.4626728944805363, "log10_min_child_weight": 2.159052008661024, "log10_subsample": -0.334565841346389, "max_depth": 6.0, "num_boost_round": 24.0}, "datetime": {"datetime": "2024-01-19 01:59:20", "elapsed": 6449.860713, "delta": 0.006613}}
{"target": -17.67632531639776, "params": {"gamma": 401.3104041939952, "log10_alpha": -1.8049881931621616, "log10_colsample_bytree": -0.7575265672858045, "log10_eta": -3.068362750811864, "log10_lambda": 0.4626728944805363, "log10_min_child_weight": 2.159052008661024, "log10_subsample": -0.334565841346389, "max_depth": 6.0, "num_boost_round": 25.0}, "datetime": {"datetime": "2024-01-19 01:59:20", "elapsed": 6449.86727, "delta": 0.006557}}
