{"target": -13.758434251347595, "params": {"gamma": 173.79478035184658, "log10_alpha": -2.2099116518158404, "log10_colsample_bytree": -0.23218538778761666, "log10_eta": -1.994661209168724, "log10_lambda": -3.430459817476625, "log10_min_child_weight": 4.696564962349063, "log10_subsample": -0.7983350249110596, "max_depth": 2.0, "num_boost_round": 3.0}, "datetime": {"datetime": "2024-01-19 00:31:10", "elapsed": 1178.172906, "delta": 0.001511}}
{"target": -13.758417034034203, "params": {"gamma": 173.79478035184658, "log10_alpha": -2.2099116518158404, "log10_colsample_bytree": -0.23218538778761666, "log10_eta": -1.994661209168724, "log10_lambda": -3.430459817476625, "log10_min_child_weight": 4.696564962349063, "log10_subsample": -0.7983350249110596, "max_depth": 2.0, "num_boost_round": 4.0}, "datetime": {"datetime": "2024-01-19 00:31:10", "elapsed": 1178.174764, "delta": 0.001858}}
{"target": -13.75841884505424, "params": {"gamma": 173.79478035184658, "log10_alpha": -2.2099116518158404, "log10_colsample_bytree": -0.23218538778761666, "log10_eta": -1.994661209168724, "log10_lambda": -3.430459817476625, "log10_min_child_weight": 4.696564962349063, "log10_subsample": -0.7983350249110596, "max_depth": 2.0, "num_boost_round": 5.0}, "datetime": {"datetime": "2024-01-19 00:31:10", "elapsed": 1178.176301, "delta": 0.001537}}
{"target": -13.758399010545052, "params": {"gamma": 173.79478035184658, "log10_alpha": -2.2099116518158404, "log10_colsample_bytree": -0.23218538778761666, "log10_eta": -1.994661209168724, "log10_lambda": -3.430459817476625, "log10_min_child_weight": 4.696564962349063, "log10_subsample": -0.7983350249110596, "max_depth": 2.0, "num_boost_round": 6.0}, "datetime": {"datetime": "2024-01-19 00:31:10", "elapsed": 1178.179514, "delta": 0.003213}}
{"target": -13.758369212040224, "params": {"gamma": 173.79478035184658, "log10_alpha": -2.2099116518158404, "log10_colsample_bytree": -0.23218538778761666, "log10_eta": -1.994661209168724, "log10_lambda": -3.430459817476625, "log10_min_child_weight": 4.696564962349063, "log10_subsample": -0.7983350249110596, "max_depth": 2.0, "num_boost_round": 7.0}, "datetime": {"datetime": "2024-01-19 00:31:10", "elapsed": 1178.181075, "delta": 0.001561}}
{"target": -13.75835890470584, "params": {"gamma": 173.79478035184658, "log10_alpha": -2.2099116518158404, "log10_colsample_bytree": -0.23218538778761666, "log10_eta": -1.994661209168724, "log10_lambda": -3.430459817476625, "log10_min_child_weight": 4.696564962349063, "log10_subsample": -0.7983350249110596, "max_depth": 2.0, "num_boost_round": 8.0}, "datetime": {"datetime": "2024-01-19 00:31:10", "elapsed": 1178.182577, "delta": 0.001502}}
{"target": -13.758358341610176, "params": {"gamma": 173.79478035184658, "log10_alpha": -2.2099116518158404, "log10_colsample_bytree": -0.23218538778761666, "log10_eta": -1.994661209168724, "log10_lambda": -3.430459817476625, "log10_min_child_weight": 4.696564962349063, "log10_subsample": -0.7983350249110596, "max_depth": 2.0, "num_boost_round": 9.0}, "datetime": {"datetime": "2024-01-19 00:31:10", "elapsed": 1178.184079, "delta": 0.001502}}
{"target": -13.75834053638111, "params": {"gamma": 173.79478035184658, "log10_alpha": -2.2099116518158404, "log10_colsample_bytree": -0.23218538778761666, "log10_eta": -1.994661209168724, "log10_lambda": -3.430459817476625, "log10_min_child_weight": 4.696564962349063, "log10_subsample": -0.7983350249110596, "max_depth": 2.0, "num_boost_round": 10.0}, "datetime": {"datetime": "2024-01-19 00:31:10", "elapsed": 1178.185589, "delta": 0.00151}}
{"target": -13.758273451030039, "params": {"gamma": 173.79478035184658, "log10_alpha": -2.2099116518158404, "log10_colsample_bytree": -0.23218538778761666, "log10_eta": -1.994661209168724, "log10_lambda": -3.430459817476625, "log10_min_child_weight": 4.696564962349063, "log10_subsample": -0.7983350249110596, "max_depth": 2.0, "num_boost_round": 11.0}, "datetime": {"datetime": "2024-01-19 00:31:10", "elapsed": 1178.187094, "delta": 0.001505}}
{"target": -13.75831945631002, "params": {"gamma": 173.79478035184658, "log10_alpha": -2.2099116518158404, "log10_colsample_bytree": -0.23218538778761666, "log10_eta": -1.994661209168724, "log10_lambda": -3.430459817476625, "log10_min_child_weight": 4.696564962349063, "log10_subsample": -0.7983350249110596, "max_depth": 2.0, "num_boost_round": 12.0}, "datetime": {"datetime": "2024-01-19 00:31:10", "elapsed": 1178.188601, "delta": 0.001507}}
{"target": -13.758309627024314, "params": {"gamma": 173.79478035184658, "log10_alpha": -2.2099116518158404, "log10_colsample_bytree": -0.23218538778761666, "log10_eta": -1.994661209168724, "log10_lambda": -3.430459817476625, "log10_min_child_weight": 4.696564962349063, "log10_subsample": -0.7983350249110596, "max_depth": 2.0, "num_boost_round": 13.0}, "datetime": {"datetime": "2024-01-19 00:31:10", "elapsed": 1178.190107, "delta": 0.001506}}
{"target": -13.758305096807199, "params": {"gamma": 173.79478035184658, "log10_alpha": -2.2099116518158404, "log10_colsample_bytree": -0.23218538778761666, "log10_eta": -1.994661209168724, "log10_lambda": -3.430459817476625, "log10_min_child_weight": 4.696564962349063, "log10_subsample": -0.7983350249110596, "max_depth": 2.0, "num_boost_round": 14.0}, "datetime": {"datetime": "2024-01-19 00:31:10", "elapsed": 1178.191623, "delta": 0.001516}}
{"target": -13.758238066891087, "params": {"gamma": 173.79478035184658, "log10_alpha": -2.2099116518158404, "log10_colsample_bytree": -0.23218538778761666, "log10_eta": -1.994661209168724, "log10_lambda": -3.430459817476625, "log10_min_child_weight": 4.696564962349063, "log10_subsample": -0.7983350249110596, "max_depth": 2.0, "num_boost_round": 15.0}, "datetime": {"datetime": "2024-01-19 00:31:10", "elapsed": 1178.194071, "delta": 0.002448}}
{"target": -13.75822269530949, "params": {"gamma": 173.79478035184658, "log10_alpha": -2.2099116518158404, "log10_colsample_bytree": -0.23218538778761666, "log10_eta": -1.994661209168724, "log10_lambda": -3.430459817476625, "log10_min_child_weight": 4.696564962349063, "log10_subsample": -0.7983350249110596, "max_depth": 2.0, "num_boost_round": 16.0}, "datetime": {"datetime": "2024-01-19 00:31:10", "elapsed": 1178.195859, "delta": 0.001788}}
{"target": -13.758220015737603, "params": {"gamma": 173.79478035184658, "log10_alpha": -2.2099116518158404, "log10_colsample_bytree": -0.23218538778761666, "log10_eta": -1.994661209168724, "log10_lambda": -3.430459817476625, "log10_min_child_weight": 4.696564962349063, "log10_subsample": -0.7983350249110596, "max_depth": 2.0, "num_boost_round": 17.0}, "datetime": {"datetime": "2024-01-19 00:31:10", "elapsed": 1178.197461, "delta": 0.001602}}
{"target": -13.758256687787087, "params": {"gamma": 173.79478035184658, "log10_alpha": -2.2099116518158404, "log10_colsample_bytree": -0.23218538778761666, "log10_eta": -1.994661209168724, "log10_lambda": -3.430459817476625, "log10_min_child_weight": 4.696564962349063, "log10_subsample": -0.7983350249110596, "max_depth": 2.0, "num_boost_round": 18.0}, "datetime": {"datetime": "2024-01-19 00:31:10", "elapsed": 1178.198957, "delta": 0.001496}}
{"target": -13.758248221086626, "params": {"gamma": 173.79478035184658, "log10_alpha": -2.2099116518158404, "log10_colsample_bytree": -0.23218538778761666, "log10_eta": -1.994661209168724, "log10_lambda": -3.430459817476625, "log10_min_child_weight": 4.696564962349063, "log10_subsample": -0.7983350249110596, "max_depth": 2.0, "num_boost_round": 19.0}, "datetime": {"datetime": "2024-01-19 00:31:10", "elapsed": 1178.200527, "delta": 0.00157}}
{"target": -13.758535632247133, "params": {"gamma": 171.048740444519, "log10_alpha": -4.169768210076843, "log10_colsample_bytree": -0.7183009069551946, "log10_eta": -3.971967955162817, "log10_lambda": 0.2299527798590164, "log10_min_child_weight": 0.055734237483653915, "log10_subsample": -0.5214449909645977, "max_depth": 5.0, "num_boost_round": 0.0}, "datetime": {"datetime": "2024-01-19 00:31:31", "elapsed": 1198.861249, "delta": 20.660722}}
{"target": -13.758532096612115, "params": {"gamma": 171.048740444519, "log10_alpha": -4.169768210076843, "log10_colsample_bytree": -0.7183009069551946, "log10_eta": -3.971967955162817, "log10_lambda": 0.2299527798590164, "log10_min_child_weight": 0.055734237483653915, "log10_subsample": -0.5214449909645977, "max_depth": 5.0, "num_boost_round": 1.0}, "datetime": {"datetime": "2024-01-19 00:31:31", "elapsed": 1198.863418, "delta": 0.002169}}
{"target": -13.758529143852279, "params": {"gamma": 171.048740444519, "log10_alpha": -4.169768210076843, "log10_colsample_bytree": -0.7183009069551946, "log10_eta": -3.971967955162817, "log10_lambda": 0.2299527798590164, "log10_min_child_weight": 0.055734237483653915, "log10_subsample": -0.5214449909645977, "max_depth": 5.0, "num_boost_round": 2.0}, "datetime": {"datetime": "2024-01-19 00:31:31", "elapsed": 1198.865256, "delta": 0.001838}}
{"target": -13.758528580125574, "params": {"gamma": 171.048740444519, "log10_alpha": -4.169768210076843, "log10_colsample_bytree": -0.7183009069551946, "log10_eta": -3.971967955162817, "log10_lambda": 0.2299527798590164, "log10_min_child_weight": 0.055734237483653915, "log10_subsample": -0.5214449909645977, "max_depth": 5.0, "num_boost_round": 3.0}, "datetime": {"datetime": "2024-01-19 00:31:31", "elapsed": 1198.866856, "delta": 0.0016}}
{"target": -13.758528288446191, "params": {"gamma": 171.048740444519, "log10_alpha": -4.169768210076843, "log10_colsample_bytree": -0.7183009069551946, "log10_eta": -3.971967955162817, "log10_lambda": 0.2299527798590164, "log10_min_child_weight": 0.055734237483653915, "log10_subsample": -0.5214449909645977, "max_depth": 5.0, "num_boost_round": 4.0}, "datetime": {"datetime": "2024-01-19 00:31:31", "elapsed": 1198.868473, "delta": 0.001617}}
{"target": -13.758524971415891, "params": {"gamma": 171.048740444519, "log10_alpha": -4.169768210076843, "log10_colsample_bytree": -0.7183009069551946, "log10_eta": -3.971967955162817, "log10_lambda": 0.2299527798590164, "log10_min_child_weight": 0.055734237483653915, "log10_subsample": -0.5214449909645977, "max_depth": 5.0, "num_boost_round": 5.0}, "datetime": {"datetime": "2024-01-19 00:31:31", "elapsed": 1198.870055, "delta": 0.001582}}
{"target": -13.75852007725624, "params": {"gamma": 171.048740444519, "log10_alpha": -4.169768210076843, "log10_colsample_bytree": -0.7183009069551946, "log10_eta": -3.971967955162817, "log10_lambda": 0.2299527798590164, "log10_min_child_weight": 0.055734237483653915, "log10_subsample": -0.5214449909645977, "max_depth": 5.0, "num_boost_round": 6.0}, "datetime": {"datetime": "2024-01-19 00:31:31", "elapsed": 1198.87176, "delta": 0.001705}}
{"target": -13.758516100140614, "params": {"gamma": 171.048740444519, "log10_alpha": -4.169768210076843, "log10_colsample_bytree": -0.7183009069551946, "log10_eta": -3.971967955162817, "log10_lambda": 0.2299527798590164, "log10_min_child_weight": 0.055734237483653915, "log10_subsample": -0.5214449909645977, "max_depth": 5.0, "num_boost_round": 7.0}, "datetime": {"datetime": "2024-01-19 00:31:31", "elapsed": 1198.873329, "delta": 0.001569}}
{"target": -13.758512482283837, "params": {"gamma": 171.048740444519, "log10_alpha": -4.169768210076843, "log10_colsample_bytree": -0.7183009069551946, "log10_eta": -3.971967955162817, "log10_lambda": 0.2299527798590164, "log10_min_child_weight": 0.055734237483653915, "log10_subsample": -0.5214449909645977, "max_depth": 5.0, "num_boost_round": 8.0}, "datetime": {"datetime": "2024-01-19 00:31:31", "elapsed": 1198.87488, "delta": 0.001551}}
{"target": -13.7585103499905, "params": {"gamma": 171.048740444519, "log10_alpha": -4.169768210076843, "log10_colsample_bytree": -0.7183009069551946, "log10_eta": -3.971967955162817, "log10_lambda": 0.2299527798590164, "log10_min_child_weight": 0.055734237483653915, "log10_subsample": -0.5214449909645977, "max_depth": 5.0, "num_boost_round": 9.0}, "datetime": {"datetime": "2024-01-19 00:31:31", "elapsed": 1198.876436, "delta": 0.001556}}
{"target": -13.758507507954256, "params": {"gamma": 171.048740444519, "log10_alpha": -4.169768210076843, "log10_colsample_bytree": -0.7183009069551946, "log10_eta": -3.971967955162817, "log10_lambda": 0.2299527798590164, "log10_min_child_weight": 0.055734237483653915, "log10_subsample": -0.5214449909645977, "max_depth": 5.0, "num_boost_round": 10.0}, "datetime": {"datetime": "2024-01-19 00:31:31", "elapsed": 1198.878056, "delta": 0.00162}}
{"target": -13.758533685605633, "params": {"gamma": 207.29131898727493, "log10_alpha": -4.608037529287292, "log10_colsample_bytree": -0.7508063000317291, "log10_eta": -3.9669977013071165, "log10_lambda": -3.2834562810290624, "log10_min_child_weight": 2.6821369690960446, "log10_subsample": -0.2243464997054183, "max_depth": 9.0, "num_boost_round": 0.0}, "datetime": {"datetime": "2024-01-19 00:31:53", "elapsed": 1221.52049, "delta": 22.642434}}
{"target": -13.758530616404316, "params": {"gamma": 207.29131898727493, "log10_alpha": -4.608037529287292, "log10_colsample_bytree": -0.7508063000317291, "log10_eta": -3.9669977013071165, "log10_lambda": -3.2834562810290624, "log10_min_child_weight": 2.6821369690960446, "log10_subsample": -0.2243464997054183, "max_depth": 9.0, "num_boost_round": 1.0}, "datetime": {"datetime": "2024-01-19 00:31:53", "elapsed": 1221.522237, "delta": 0.001747}}
{"target": -13.758527628737143, "params": {"gamma": 207.29131898727493, "log10_alpha": -4.608037529287292, "log10_colsample_bytree": -0.7508063000317291, "log10_eta": -3.9669977013071165, "log10_lambda": -3.2834562810290624, "log10_min_child_weight": 2.6821369690960446, "log10_subsample": -0.2243464997054183, "max_depth": 9.0, "num_boost_round": 2.0}, "datetime": {"datetime": "2024-01-19 00:31:53", "elapsed": 1221.52387, "delta": 0.001633}}
{"target": -13.758523492566297, "params": {"gamma": 207.29131898727493, "log10_alpha": -4.608037529287292, "log10_colsample_bytree": -0.7508063000317291, "log10_eta": -3.9669977013071165, "log10_lambda": -3.2834562810290624, "log10_min_child_weight": 2.6821369690960446, "log10_subsample": -0.2243464997054183, "max_depth": 9.0, "num_boost_round": 3.0}, "datetime": {"datetime": "2024-01-19 00:31:53", "elapsed": 1221.525406, "delta": 0.001536}}
{"target": -13.758522227608662, "params": {"gamma": 207.29131898727493, "log10_alpha": -4.608037529287292, "log10_colsample_bytree": -0.7508063000317291, "log10_eta": -3.9669977013071165, "log10_lambda": -3.2834562810290624, "log10_min_child_weight": 2.6821369690960446, "log10_subsample": -0.2243464997054183, "max_depth": 9.0, "num_boost_round": 4.0}, "datetime": {"datetime": "2024-01-19 00:31:53", "elapsed": 1221.526933, "delta": 0.001527}}
{"target": -13.758518311848448, "params": {"gamma": 207.29131898727493, "log10_alpha": -4.608037529287292, "log10_colsample_bytree": -0.7508063000317291, "log10_eta": -3.9669977013071165, "log10_lambda": -3.2834562810290624, "log10_min_child_weight": 2.6821369690960446, "log10_subsample": -0.2243464997054183, "max_depth": 9.0, "num_boost_round": 5.0}, "datetime": {"datetime": "2024-01-19 00:31:53", "elapsed": 1221.52846, "delta": 0.001527}}
{"target": -13.758518411820795, "params": {"gamma": 207.29131898727493, "log10_alpha": -4.608037529287292, "log10_colsample_bytree": -0.7508063000317291, "log10_eta": -3.9669977013071165, "log10_lambda": -3.2834562810290624, "log10_min_child_weight": 2.6821369690960446, "log10_subsample": -0.2243464997054183, "max_depth": 9.0, "num_boost_round": 6.0}, "datetime": {"datetime": "2024-01-19 00:31:53", "elapsed": 1221.530095, "delta": 0.001635}}
{"target": -13.758510115502407, "params": {"gamma": 207.29131898727493, "log10_alpha": -4.608037529287292, "log10_colsample_bytree": -0.7508063000317291, "log10_eta": -3.9669977013071165, "log10_lambda": -3.2834562810290624, "log10_min_child_weight": 2.6821369690960446, "log10_subsample": -0.2243464997054183, "max_depth": 9.0, "num_boost_round": 7.0}, "datetime": {"datetime": "2024-01-19 00:31:53", "elapsed": 1221.531671, "delta": 0.001576}}
{"target": -13.758508251414161, "params": {"gamma": 207.29131898727493, "log10_alpha": -4.608037529287292, "log10_colsample_bytree": -0.7508063000317291, "log10_eta": -3.9669977013071165, "log10_lambda": -3.2834562810290624, "log10_min_child_weight": 2.6821369690960446, "log10_subsample": -0.2243464997054183, "max_depth": 9.0, "num_boost_round": 8.0}, "datetime": {"datetime": "2024-01-19 00:31:53", "elapsed": 1221.534125, "delta": 0.002454}}
{"target": -13.758505254256528, "params": {"gamma": 207.29131898727493, "log10_alpha": -4.608037529287292, "log10_colsample_bytree": -0.7508063000317291, "log10_eta": -3.9669977013071165, "log10_lambda": -3.2834562810290624, "log10_min_child_weight": 2.6821369690960446, "log10_subsample": -0.2243464997054183, "max_depth": 9.0, "num_boost_round": 9.0}, "datetime": {"datetime": "2024-01-19 00:31:53", "elapsed": 1221.535981, "delta": 0.001856}}
{"target": -13.758500284392188, "params": {"gamma": 207.29131898727493, "log10_alpha": -4.608037529287292, "log10_colsample_bytree": -0.7508063000317291, "log10_eta": -3.9669977013071165, "log10_lambda": -3.2834562810290624, "log10_min_child_weight": 2.6821369690960446, "log10_subsample": -0.2243464997054183, "max_depth": 9.0, "num_boost_round": 10.0}, "datetime": {"datetime": "2024-01-19 00:31:53", "elapsed": 1221.538079, "delta": 0.002098}}
{"target": -13.758502137255574, "params": {"gamma": 207.29131898727493, "log10_alpha": -4.608037529287292, "log10_colsample_bytree": -0.7508063000317291, "log10_eta": -3.9669977013071165, "log10_lambda": -3.2834562810290624, "log10_min_child_weight": 2.6821369690960446, "log10_subsample": -0.2243464997054183, "max_depth": 9.0, "num_boost_round": 11.0}, "datetime": {"datetime": "2024-01-19 00:31:53", "elapsed": 1221.540015, "delta": 0.001936}}
{"target": -13.758502454806104, "params": {"gamma": 207.29131898727493, "log10_alpha": -4.608037529287292, "log10_colsample_bytree": -0.7508063000317291, "log10_eta": -3.9669977013071165, "log10_lambda": -3.2834562810290624, "log10_min_child_weight": 2.6821369690960446, "log10_subsample": -0.2243464997054183, "max_depth": 9.0, "num_boost_round": 12.0}, "datetime": {"datetime": "2024-01-19 00:31:53", "elapsed": 1221.541694, "delta": 0.001679}}
{"target": -13.758198453404384, "params": {"gamma": 171.5512000129955, "log10_alpha": -3.1672347716199756, "log10_colsample_bytree": -0.36622136412302275, "log10_eta": -1.5856418660697336, "log10_lambda": -4.3828646668549744, "log10_min_child_weight": 2.2153094741725514, "log10_subsample": -0.2870983862063914, "max_depth": 2.0, "num_boost_round": 0.0}, "datetime": {"datetime": "2024-01-19 00:32:18", "elapsed": 1246.450527, "delta": 24.908833}}
{"target": -13.758087850573888, "params": {"gamma": 171.5512000129955, "log10_alpha": -3.1672347716199756, "log10_colsample_bytree": -0.36622136412302275, "log10_eta": -1.5856418660697336, "log10_lambda": -4.3828646668549744, "log10_min_child_weight": 2.2153094741725514, "log10_subsample": -0.2870983862063914, "max_depth": 2.0, "num_boost_round": 1.0}, "datetime": {"datetime": "2024-01-19 00:32:18", "elapsed": 1246.452265, "delta": 0.001738}}
{"target": -13.758032310628789, "params": {"gamma": 171.5512000129955, "log10_alpha": -3.1672347716199756, "log10_colsample_bytree": -0.36622136412302275, "log10_eta": -1.5856418660697336, "log10_lambda": -4.3828646668549744, "log10_min_child_weight": 2.2153094741725514, "log10_subsample": -0.2870983862063914, "max_depth": 2.0, "num_boost_round": 2.0}, "datetime": {"datetime": "2024-01-19 00:32:18", "elapsed": 1246.453856, "delta": 0.001591}}
{"target": -13.75807858804398, "params": {"gamma": 171.5512000129955, "log10_alpha": -3.1672347716199756, "log10_colsample_bytree": -0.36622136412302275, "log10_eta": -1.5856418660697336, "log10_lambda": -4.3828646668549744, "log10_min_child_weight": 2.2153094741725514, "log10_subsample": -0.2870983862063914, "max_depth": 2.0, "num_boost_round": 3.0}, "datetime": {"datetime": "2024-01-19 00:32:18", "elapsed": 1246.455941, "delta": 0.002085}}
{"target": -13.758191534649491, "params": {"gamma": 171.5512000129955, "log10_alpha": -3.1672347716199756, "log10_colsample_bytree": -0.36622136412302275, "log10_eta": -1.5856418660697336, "log10_lambda": -4.3828646668549744, "log10_min_child_weight": 2.2153094741725514, "log10_subsample": -0.2870983862063914, "max_depth": 2.0, "num_boost_round": 4.0}, "datetime": {"datetime": "2024-01-19 00:32:18", "elapsed": 1246.457506, "delta": 0.001565}}
{"target": -13.757818941092626, "params": {"gamma": 171.5512000129955, "log10_alpha": -3.1672347716199756, "log10_colsample_bytree": -0.36622136412302275, "log10_eta": -1.5856418660697336, "log10_lambda": -4.3828646668549744, "log10_min_child_weight": 2.2153094741725514, "log10_subsample": -0.2870983862063914, "max_depth": 2.0, "num_boost_round": 5.0}, "datetime": {"datetime": "2024-01-19 00:32:18", "elapsed": 1246.459096, "delta": 0.00159}}
{"target": -13.758002480639721, "params": {"gamma": 171.5512000129955, "log10_alpha": -3.1672347716199756, "log10_colsample_bytree": -0.36622136412302275, "log10_eta": -1.5856418660697336, "log10_lambda": -4.3828646668549744, "log10_min_child_weight": 2.2153094741725514, "log10_subsample": -0.2870983862063914, "max_depth": 2.0, "num_boost_round": 6.0}, "datetime": {"datetime": "2024-01-19 00:32:18", "elapsed": 1246.460638, "delta": 0.001542}}
{"target": -13.75811050096303, "params": {"gamma": 171.5512000129955, "log10_alpha": -3.1672347716199756, "log10_colsample_bytree": -0.36622136412302275, "log10_eta": -1.5856418660697336, "log10_lambda": -4.3828646668549744, "log10_min_child_weight": 2.2153094741725514, "log10_subsample": -0.2870983862063914, "max_depth": 2.0, "num_boost_round": 7.0}, "datetime": {"datetime": "2024-01-19 00:32:18", "elapsed": 1246.462198, "delta": 0.00156}}
