{"target": -14.106014213498238, "params": {"gamma": 943.1141359793005, "log10_alpha": -3.6079630502241473, "log10_colsample_bytree": -0.1462320617267362, "log10_eta": -0.3617128144019319, "log10_lambda": -3.1006330224254226, "log10_min_child_weight": 2.590990638573932, "log10_subsample": -0.24270012604181357, "max_depth": 7.0, "num_boost_round": 9.0}, "datetime": {"datetime": "2024-01-19 00:45:02", "elapsed": 2003.584133, "delta": 0.002727}}
{"target": -14.12694854833678, "params": {"gamma": 943.1141359793005, "log10_alpha": -3.6079630502241473, "log10_colsample_bytree": -0.1462320617267362, "log10_eta": -0.3617128144019319, "log10_lambda": -3.1006330224254226, "log10_min_child_weight": 2.590990638573932, "log10_subsample": -0.24270012604181357, "max_depth": 7.0, "num_boost_round": 10.0}, "datetime": {"datetime": "2024-01-19 00:45:02", "elapsed": 2003.587064, "delta": 0.002931}}
{"target": -14.135759679364808, "params": {"gamma": 943.1141359793005, "log10_alpha": -3.6079630502241473, "log10_colsample_bytree": -0.1462320617267362, "log10_eta": -0.3617128144019319, "log10_lambda": -3.1006330224254226, "log10_min_child_weight": 2.590990638573932, "log10_subsample": -0.24270012604181357, "max_depth": 7.0, "num_boost_round": 11.0}, "datetime": {"datetime": "2024-01-19 00:45:02", "elapsed": 2003.589804, "delta": 0.00274}}
{"target": -14.155024089717497, "params": {"gamma": 943.1141359793005, "log10_alpha": -3.6079630502241473, "log10_colsample_bytree": -0.1462320617267362, "log10_eta": -0.3617128144019319, "log10_lambda": -3.1006330224254226, "log10_min_child_weight": 2.590990638573932, "log10_subsample": -0.24270012604181357, "max_depth": 7.0, "num_boost_round": 12.0}, "datetime": {"datetime": "2024-01-19 00:45:02", "elapsed": 2003.592503, "delta": 0.002699}}
{"target": -14.339913237335448, "params": {"gamma": 943.1141359793005, "log10_alpha": -3.6079630502241473, "log10_colsample_bytree": -0.1462320617267362, "log10_eta": -0.3617128144019319, "log10_lambda": -3.1006330224254226, "log10_min_child_weight": 2.590990638573932, "log10_subsample": -0.24270012604181357, "max_depth": 7.0, "num_boost_round": 13.0}, "datetime": {"datetime": "2024-01-19 00:45:02", "elapsed": 2003.595215, "delta": 0.002712}}
{"target": -14.364300633314, "params": {"gamma": 943.1141359793005, "log10_alpha": -3.6079630502241473, "log10_colsample_bytree": -0.1462320617267362, "log10_eta": -0.3617128144019319, "log10_lambda": -3.1006330224254226, "log10_min_child_weight": 2.590990638573932, "log10_subsample": -0.24270012604181357, "max_depth": 7.0, "num_boost_round": 14.0}, "datetime": {"datetime": "2024-01-19 00:45:02", "elapsed": 2003.597997, "delta": 0.002782}}
{"target": -14.375121957373208, "params": {"gamma": 943.1141359793005, "log10_alpha": -3.6079630502241473, "log10_colsample_bytree": -0.1462320617267362, "log10_eta": -0.3617128144019319, "log10_lambda": -3.1006330224254226, "log10_min_child_weight": 2.590990638573932, "log10_subsample": -0.24270012604181357, "max_depth": 7.0, "num_boost_round": 15.0}, "datetime": {"datetime": "2024-01-19 00:45:02", "elapsed": 2003.600761, "delta": 0.002764}}
{"target": -14.404113508829306, "params": {"gamma": 943.1141359793005, "log10_alpha": -3.6079630502241473, "log10_colsample_bytree": -0.1462320617267362, "log10_eta": -0.3617128144019319, "log10_lambda": -3.1006330224254226, "log10_min_child_weight": 2.590990638573932, "log10_subsample": -0.24270012604181357, "max_depth": 7.0, "num_boost_round": 16.0}, "datetime": {"datetime": "2024-01-19 00:45:02", "elapsed": 2003.69069, "delta": 0.089929}}
{"target": -14.41547939582204, "params": {"gamma": 943.1141359793005, "log10_alpha": -3.6079630502241473, "log10_colsample_bytree": -0.1462320617267362, "log10_eta": -0.3617128144019319, "log10_lambda": -3.1006330224254226, "log10_min_child_weight": 2.590990638573932, "log10_subsample": -0.24270012604181357, "max_depth": 7.0, "num_boost_round": 17.0}, "datetime": {"datetime": "2024-01-19 00:45:02", "elapsed": 2003.69402, "delta": 0.00333}}
{"target": -14.426130020198595, "params": {"gamma": 943.1141359793005, "log10_alpha": -3.6079630502241473, "log10_colsample_bytree": -0.1462320617267362, "log10_eta": -0.3617128144019319, "log10_lambda": -3.1006330224254226, "log10_min_child_weight": 2.590990638573932, "log10_subsample": -0.24270012604181357, "max_depth": 7.0, "num_boost_round": 18.0}, "datetime": {"datetime": "2024-01-19 00:45:02", "elapsed": 2003.697124, "delta": 0.003104}}
{"target": -14.43584136326398, "params": {"gamma": 943.1141359793005, "log10_alpha": -3.6079630502241473, "log10_colsample_bytree": -0.1462320617267362, "log10_eta": -0.3617128144019319, "log10_lambda": -3.1006330224254226, "log10_min_child_weight": 2.590990638573932, "log10_subsample": -0.24270012604181357, "max_depth": 7.0, "num_boost_round": 19.0}, "datetime": {"datetime": "2024-01-19 00:45:02", "elapsed": 2003.700024, "delta": 0.0029}}
{"target": -14.446710062129496, "params": {"gamma": 943.1141359793005, "log10_alpha": -3.6079630502241473, "log10_colsample_bytree": -0.1462320617267362, "log10_eta": -0.3617128144019319, "log10_lambda": -3.1006330224254226, "log10_min_child_weight": 2.590990638573932, "log10_subsample": -0.24270012604181357, "max_depth": 7.0, "num_boost_round": 20.0}, "datetime": {"datetime": "2024-01-19 00:45:02", "elapsed": 2003.702907, "delta": 0.002883}}
{"target": -13.758522622652551, "params": {"gamma": 956.0436149077877, "log10_alpha": -2.7005991305748873, "log10_colsample_bytree": -0.7634295558281344, "log10_eta": -2.9736907811898816, "log10_lambda": -1.421760317444174, "log10_min_child_weight": 3.3005201699983413, "log10_subsample": -0.1159074435156695, "max_depth": 2.0, "num_boost_round": 0.0}, "datetime": {"datetime": "2024-01-19 00:45:34", "elapsed": 2035.241907, "delta": 31.539}}
{"target": -13.758519064873719, "params": {"gamma": 956.0436149077877, "log10_alpha": -2.7005991305748873, "log10_colsample_bytree": -0.7634295558281344, "log10_eta": -2.9736907811898816, "log10_lambda": -1.421760317444174, "log10_min_child_weight": 3.3005201699983413, "log10_subsample": -0.1159074435156695, "max_depth": 2.0, "num_boost_round": 1.0}, "datetime": {"datetime": "2024-01-19 00:45:34", "elapsed": 2035.245437, "delta": 0.00353}}
{"target": -13.758518344060775, "params": {"gamma": 956.0436149077877, "log10_alpha": -2.7005991305748873, "log10_colsample_bytree": -0.7634295558281344, "log10_eta": -2.9736907811898816, "log10_lambda": -1.421760317444174, "log10_min_child_weight": 3.3005201699983413, "log10_subsample": -0.1159074435156695, "max_depth": 2.0, "num_boost_round": 2.0}, "datetime": {"datetime": "2024-01-19 00:45:34", "elapsed": 2035.248389, "delta": 0.002952}}
{"target": -13.758518487676666, "params": {"gamma": 956.0436149077877, "log10_alpha": -2.7005991305748873, "log10_colsample_bytree": -0.7634295558281344, "log10_eta": -2.9736907811898816, "log10_lambda": -1.421760317444174, "log10_min_child_weight": 3.3005201699983413, "log10_subsample": -0.1159074435156695, "max_depth": 2.0, "num_boost_round": 3.0}, "datetime": {"datetime": "2024-01-19 00:45:34", "elapsed": 2035.251231, "delta": 0.002842}}
{"target": -13.75851680301379, "params": {"gamma": 956.0436149077877, "log10_alpha": -2.7005991305748873, "log10_colsample_bytree": -0.7634295558281344, "log10_eta": -2.9736907811898816, "log10_lambda": -1.421760317444174, "log10_min_child_weight": 3.3005201699983413, "log10_subsample": -0.1159074435156695, "max_depth": 2.0, "num_boost_round": 4.0}, "datetime": {"datetime": "2024-01-19 00:45:34", "elapsed": 2035.254045, "delta": 0.002814}}
{"target": -13.758513873379135, "params": {"gamma": 956.0436149077877, "log10_alpha": -2.7005991305748873, "log10_colsample_bytree": -0.7634295558281344, "log10_eta": -2.9736907811898816, "log10_lambda": -1.421760317444174, "log10_min_child_weight": 3.3005201699983413, "log10_subsample": -0.1159074435156695, "max_depth": 2.0, "num_boost_round": 5.0}, "datetime": {"datetime": "2024-01-19 00:45:34", "elapsed": 2035.25682, "delta": 0.002775}}
{"target": -13.758508829151832, "params": {"gamma": 956.0436149077877, "log10_alpha": -2.7005991305748873, "log10_colsample_bytree": -0.7634295558281344, "log10_eta": -2.9736907811898816, "log10_lambda": -1.421760317444174, "log10_min_child_weight": 3.3005201699983413, "log10_subsample": -0.1159074435156695, "max_depth": 2.0, "num_boost_round": 6.0}, "datetime": {"datetime": "2024-01-19 00:45:34", "elapsed": 2035.259734, "delta": 0.002914}}
{"target": -13.758499668355245, "params": {"gamma": 956.0436149077877, "log10_alpha": -2.7005991305748873, "log10_colsample_bytree": -0.7634295558281344, "log10_eta": -2.9736907811898816, "log10_lambda": -1.421760317444174, "log10_min_child_weight": 3.3005201699983413, "log10_subsample": -0.1159074435156695, "max_depth": 2.0, "num_boost_round": 7.0}, "datetime": {"datetime": "2024-01-19 00:45:34", "elapsed": 2035.262739, "delta": 0.003005}}
{"target": -13.758508985380026, "params": {"gamma": 956.0436149077877, "log10_alpha": -2.7005991305748873, "log10_colsample_bytree": -0.7634295558281344, "log10_eta": -2.9736907811898816, "log10_lambda": -1.421760317444174, "log10_min_child_weight": 3.3005201699983413, "log10_subsample": -0.1159074435156695, "max_depth": 2.0, "num_boost_round": 8.0}, "datetime": {"datetime": "2024-01-19 00:45:34", "elapsed": 2035.265565, "delta": 0.002826}}
{"target": -13.758497502149945, "params": {"gamma": 956.0436149077877, "log10_alpha": -2.7005991305748873, "log10_colsample_bytree": -0.7634295558281344, "log10_eta": -2.9736907811898816, "log10_lambda": -1.421760317444174, "log10_min_child_weight": 3.3005201699983413, "log10_subsample": -0.1159074435156695, "max_depth": 2.0, "num_boost_round": 9.0}, "datetime": {"datetime": "2024-01-19 00:45:34", "elapsed": 2035.268458, "delta": 0.002893}}
{"target": -13.758489975225626, "params": {"gamma": 956.0436149077877, "log10_alpha": -2.7005991305748873, "log10_colsample_bytree": -0.7634295558281344, "log10_eta": -2.9736907811898816, "log10_lambda": -1.421760317444174, "log10_min_child_weight": 3.3005201699983413, "log10_subsample": -0.1159074435156695, "max_depth": 2.0, "num_boost_round": 10.0}, "datetime": {"datetime": "2024-01-19 00:45:34", "elapsed": 2035.271319, "delta": 0.002861}}
{"target": -13.758478394572942, "params": {"gamma": 956.0436149077877, "log10_alpha": -2.7005991305748873, "log10_colsample_bytree": -0.7634295558281344, "log10_eta": -2.9736907811898816, "log10_lambda": -1.421760317444174, "log10_min_child_weight": 3.3005201699983413, "log10_subsample": -0.1159074435156695, "max_depth": 2.0, "num_boost_round": 11.0}, "datetime": {"datetime": "2024-01-19 00:45:34", "elapsed": 2035.27413, "delta": 0.002811}}
{"target": -13.7584722674486, "params": {"gamma": 956.0436149077877, "log10_alpha": -2.7005991305748873, "log10_colsample_bytree": -0.7634295558281344, "log10_eta": -2.9736907811898816, "log10_lambda": -1.421760317444174, "log10_min_child_weight": 3.3005201699983413, "log10_subsample": -0.1159074435156695, "max_depth": 2.0, "num_boost_round": 12.0}, "datetime": {"datetime": "2024-01-19 00:45:34", "elapsed": 2035.276951, "delta": 0.002821}}
{"target": -13.758452842091508, "params": {"gamma": 956.0436149077877, "log10_alpha": -2.7005991305748873, "log10_colsample_bytree": -0.7634295558281344, "log10_eta": -2.9736907811898816, "log10_lambda": -1.421760317444174, "log10_min_child_weight": 3.3005201699983413, "log10_subsample": -0.1159074435156695, "max_depth": 2.0, "num_boost_round": 13.0}, "datetime": {"datetime": "2024-01-19 00:45:34", "elapsed": 2035.279808, "delta": 0.002857}}
{"target": -13.75844808359008, "params": {"gamma": 956.0436149077877, "log10_alpha": -2.7005991305748873, "log10_colsample_bytree": -0.7634295558281344, "log10_eta": -2.9736907811898816, "log10_lambda": -1.421760317444174, "log10_min_child_weight": 3.3005201699983413, "log10_subsample": -0.1159074435156695, "max_depth": 2.0, "num_boost_round": 14.0}, "datetime": {"datetime": "2024-01-19 00:45:34", "elapsed": 2035.282606, "delta": 0.002798}}
{"target": -13.758427047098545, "params": {"gamma": 956.0436149077877, "log10_alpha": -2.7005991305748873, "log10_colsample_bytree": -0.7634295558281344, "log10_eta": -2.9736907811898816, "log10_lambda": -1.421760317444174, "log10_min_child_weight": 3.3005201699983413, "log10_subsample": -0.1159074435156695, "max_depth": 2.0, "num_boost_round": 15.0}, "datetime": {"datetime": "2024-01-19 00:45:34", "elapsed": 2035.28542, "delta": 0.002814}}
{"target": -13.75842026870248, "params": {"gamma": 956.0436149077877, "log10_alpha": -2.7005991305748873, "log10_colsample_bytree": -0.7634295558281344, "log10_eta": -2.9736907811898816, "log10_lambda": -1.421760317444174, "log10_min_child_weight": 3.3005201699983413, "log10_subsample": -0.1159074435156695, "max_depth": 2.0, "num_boost_round": 16.0}, "datetime": {"datetime": "2024-01-19 00:45:34", "elapsed": 2035.288324, "delta": 0.002904}}
{"target": -13.758410420302386, "params": {"gamma": 956.0436149077877, "log10_alpha": -2.7005991305748873, "log10_colsample_bytree": -0.7634295558281344, "log10_eta": -2.9736907811898816, "log10_lambda": -1.421760317444174, "log10_min_child_weight": 3.3005201699983413, "log10_subsample": -0.1159074435156695, "max_depth": 2.0, "num_boost_round": 17.0}, "datetime": {"datetime": "2024-01-19 00:45:34", "elapsed": 2035.2912, "delta": 0.002876}}
{"target": -13.758400396821619, "params": {"gamma": 956.0436149077877, "log10_alpha": -2.7005991305748873, "log10_colsample_bytree": -0.7634295558281344, "log10_eta": -2.9736907811898816, "log10_lambda": -1.421760317444174, "log10_min_child_weight": 3.3005201699983413, "log10_subsample": -0.1159074435156695, "max_depth": 2.0, "num_boost_round": 18.0}, "datetime": {"datetime": "2024-01-19 00:45:34", "elapsed": 2035.294034, "delta": 0.002834}}
{"target": -13.758389820095532, "params": {"gamma": 956.0436149077877, "log10_alpha": -2.7005991305748873, "log10_colsample_bytree": -0.7634295558281344, "log10_eta": -2.9736907811898816, "log10_lambda": -1.421760317444174, "log10_min_child_weight": 3.3005201699983413, "log10_subsample": -0.1159074435156695, "max_depth": 2.0, "num_boost_round": 19.0}, "datetime": {"datetime": "2024-01-19 00:45:34", "elapsed": 2035.296955, "delta": 0.002921}}
{"target": -13.758376909549721, "params": {"gamma": 956.0436149077877, "log10_alpha": -2.7005991305748873, "log10_colsample_bytree": -0.7634295558281344, "log10_eta": -2.9736907811898816, "log10_lambda": -1.421760317444174, "log10_min_child_weight": 3.3005201699983413, "log10_subsample": -0.1159074435156695, "max_depth": 2.0, "num_boost_round": 20.0}, "datetime": {"datetime": "2024-01-19 00:45:34", "elapsed": 2035.29981, "delta": 0.002855}}
{"target": -13.758355916164824, "params": {"gamma": 956.0436149077877, "log10_alpha": -2.7005991305748873, "log10_colsample_bytree": -0.7634295558281344, "log10_eta": -2.9736907811898816, "log10_lambda": -1.421760317444174, "log10_min_child_weight": 3.3005201699983413, "log10_subsample": -0.1159074435156695, "max_depth": 2.0, "num_boost_round": 21.0}, "datetime": {"datetime": "2024-01-19 00:45:34", "elapsed": 2035.302613, "delta": 0.002803}}
{"target": -13.758360011006681, "params": {"gamma": 956.0436149077877, "log10_alpha": -2.7005991305748873, "log10_colsample_bytree": -0.7634295558281344, "log10_eta": -2.9736907811898816, "log10_lambda": -1.421760317444174, "log10_min_child_weight": 3.3005201699983413, "log10_subsample": -0.1159074435156695, "max_depth": 2.0, "num_boost_round": 22.0}, "datetime": {"datetime": "2024-01-19 00:45:34", "elapsed": 2035.305832, "delta": 0.003219}}
{"target": -13.758536215012798, "params": {"gamma": 983.1201108453538, "log10_alpha": -1.430678205686542, "log10_colsample_bytree": -1.0, "log10_eta": -4.0, "log10_lambda": 0.09979413209717322, "log10_min_child_weight": 1.898531545999909, "log10_subsample": -0.11677642346628796, "max_depth": 2.0, "num_boost_round": 0.0}, "datetime": {"datetime": "2024-01-19 00:46:11", "elapsed": 2072.180753, "delta": 36.874921}}
{"target": -13.75853509959946, "params": {"gamma": 983.1201108453538, "log10_alpha": -1.430678205686542, "log10_colsample_bytree": -1.0, "log10_eta": -4.0, "log10_lambda": 0.09979413209717322, "log10_min_child_weight": 1.898531545999909, "log10_subsample": -0.11677642346628796, "max_depth": 2.0, "num_boost_round": 1.0}, "datetime": {"datetime": "2024-01-19 00:46:11", "elapsed": 2072.183763, "delta": 0.00301}}
{"target": -13.758534930652402, "params": {"gamma": 983.1201108453538, "log10_alpha": -1.430678205686542, "log10_colsample_bytree": -1.0, "log10_eta": -4.0, "log10_lambda": 0.09979413209717322, "log10_min_child_weight": 1.898531545999909, "log10_subsample": -0.11677642346628796, "max_depth": 2.0, "num_boost_round": 2.0}, "datetime": {"datetime": "2024-01-19 00:46:11", "elapsed": 2072.186658, "delta": 0.002895}}
{"target": -13.758535489558678, "params": {"gamma": 983.1201108453538, "log10_alpha": -1.430678205686542, "log10_colsample_bytree": -1.0, "log10_eta": -4.0, "log10_lambda": 0.09979413209717322, "log10_min_child_weight": 1.898531545999909, "log10_subsample": -0.11677642346628796, "max_depth": 2.0, "num_boost_round": 3.0}, "datetime": {"datetime": "2024-01-19 00:46:11", "elapsed": 2072.189521, "delta": 0.002863}}
{"target": -13.758534983192948, "params": {"gamma": 983.1201108453538, "log10_alpha": -1.430678205686542, "log10_colsample_bytree": -1.0, "log10_eta": -4.0, "log10_lambda": 0.09979413209717322, "log10_min_child_weight": 1.898531545999909, "log10_subsample": -0.11677642346628796, "max_depth": 2.0, "num_boost_round": 4.0}, "datetime": {"datetime": "2024-01-19 00:46:11", "elapsed": 2072.192328, "delta": 0.002807}}
{"target": -13.758534948013672, "params": {"gamma": 983.1201108453538, "log10_alpha": -1.430678205686542, "log10_colsample_bytree": -1.0, "log10_eta": -4.0, "log10_lambda": 0.09979413209717322, "log10_min_child_weight": 1.898531545999909, "log10_subsample": -0.11677642346628796, "max_depth": 2.0, "num_boost_round": 5.0}, "datetime": {"datetime": "2024-01-19 00:46:11", "elapsed": 2072.195105, "delta": 0.002777}}
{"target": -13.758534852010314, "params": {"gamma": 983.1201108453538, "log10_alpha": -1.430678205686542, "log10_colsample_bytree": -1.0, "log10_eta": -4.0, "log10_lambda": 0.09979413209717322, "log10_min_child_weight": 1.898531545999909, "log10_subsample": -0.11677642346628796, "max_depth": 2.0, "num_boost_round": 6.0}, "datetime": {"datetime": "2024-01-19 00:46:11", "elapsed": 2072.197962, "delta": 0.002857}}
{"target": -13.75853359713006, "params": {"gamma": 983.1201108453538, "log10_alpha": -1.430678205686542, "log10_colsample_bytree": -1.0, "log10_eta": -4.0, "log10_lambda": 0.09979413209717322, "log10_min_child_weight": 1.898531545999909, "log10_subsample": -0.11677642346628796, "max_depth": 2.0, "num_boost_round": 7.0}, "datetime": {"datetime": "2024-01-19 00:46:11", "elapsed": 2072.200749, "delta": 0.002787}}
{"target": -13.758534445894206, "params": {"gamma": 983.1201108453538, "log10_alpha": -1.430678205686542, "log10_colsample_bytree": -1.0, "log10_eta": -4.0, "log10_lambda": 0.09979413209717322, "log10_min_child_weight": 1.898531545999909, "log10_subsample": -0.11677642346628796, "max_depth": 2.0, "num_boost_round": 8.0}, "datetime": {"datetime": "2024-01-19 00:46:11", "elapsed": 2072.203547, "delta": 0.002798}}
{"target": -13.75853364364436, "params": {"gamma": 983.1201108453538, "log10_alpha": -1.430678205686542, "log10_colsample_bytree": -1.0, "log10_eta": -4.0, "log10_lambda": 0.09979413209717322, "log10_min_child_weight": 1.898531545999909, "log10_subsample": -0.11677642346628796, "max_depth": 2.0, "num_boost_round": 9.0}, "datetime": {"datetime": "2024-01-19 00:46:11", "elapsed": 2072.206383, "delta": 0.002836}}
{"target": -13.758533611448177, "params": {"gamma": 983.1201108453538, "log10_alpha": -1.430678205686542, "log10_colsample_bytree": -1.0, "log10_eta": -4.0, "log10_lambda": 0.09979413209717322, "log10_min_child_weight": 1.898531545999909, "log10_subsample": -0.11677642346628796, "max_depth": 2.0, "num_boost_round": 10.0}, "datetime": {"datetime": "2024-01-19 00:46:11", "elapsed": 2072.209285, "delta": 0.002902}}
{"target": -13.758532466730651, "params": {"gamma": 983.1201108453538, "log10_alpha": -1.430678205686542, "log10_colsample_bytree": -1.0, "log10_eta": -4.0, "log10_lambda": 0.09979413209717322, "log10_min_child_weight": 1.898531545999909, "log10_subsample": -0.11677642346628796, "max_depth": 2.0, "num_boost_round": 11.0}, "datetime": {"datetime": "2024-01-19 00:46:11", "elapsed": 2072.212244, "delta": 0.002959}}
{"target": -13.758532293633447, "params": {"gamma": 983.1201108453538, "log10_alpha": -1.430678205686542, "log10_colsample_bytree": -1.0, "log10_eta": -4.0, "log10_lambda": 0.09979413209717322, "log10_min_child_weight": 1.898531545999909, "log10_subsample": -0.11677642346628796, "max_depth": 2.0, "num_boost_round": 12.0}, "datetime": {"datetime": "2024-01-19 00:46:11", "elapsed": 2072.215108, "delta": 0.002864}}
{"target": -13.758531372781276, "params": {"gamma": 983.1201108453538, "log10_alpha": -1.430678205686542, "log10_colsample_bytree": -1.0, "log10_eta": -4.0, "log10_lambda": 0.09979413209717322, "log10_min_child_weight": 1.898531545999909, "log10_subsample": -0.11677642346628796, "max_depth": 2.0, "num_boost_round": 13.0}, "datetime": {"datetime": "2024-01-19 00:46:11", "elapsed": 2072.217988, "delta": 0.00288}}
{"target": -13.758530054637887, "params": {"gamma": 983.1201108453538, "log10_alpha": -1.430678205686542, "log10_colsample_bytree": -1.0, "log10_eta": -4.0, "log10_lambda": 0.09979413209717322, "log10_min_child_weight": 1.898531545999909, "log10_subsample": -0.11677642346628796, "max_depth": 2.0, "num_boost_round": 14.0}, "datetime": {"datetime": "2024-01-19 00:46:11", "elapsed": 2072.22081, "delta": 0.002822}}
