{"target": -17.677232549295468, "params": {"gamma": 161.7420032482242, "log10_alpha": -2.5193045768837337, "log10_colsample_bytree": -0.014898442744654572, "log10_eta": -3.506736495962065, "log10_lambda": -0.5850317784438825, "log10_min_child_weight": 4.863624377760646, "log10_subsample": -0.939060703115574, "max_depth": 9.0, "num_boost_round": 11.0}, "datetime": {"datetime": "2024-01-19 00:26:41", "elapsed": 885.872596, "delta": 0.001416}}
{"target": -17.677232582990232, "params": {"gamma": 161.7420032482242, "log10_alpha": -2.5193045768837337, "log10_colsample_bytree": -0.014898442744654572, "log10_eta": -3.506736495962065, "log10_lambda": -0.5850317784438825, "log10_min_child_weight": 4.863624377760646, "log10_subsample": -0.939060703115574, "max_depth": 9.0, "num_boost_round": 12.0}, "datetime": {"datetime": "2024-01-19 00:26:41", "elapsed": 885.873985, "delta": 0.001389}}
{"target": -17.677232631042408, "params": {"gamma": 161.7420032482242, "log10_alpha": -2.5193045768837337, "log10_colsample_bytree": -0.014898442744654572, "log10_eta": -3.506736495962065, "log10_lambda": -0.5850317784438825, "log10_min_child_weight": 4.863624377760646, "log10_subsample": -0.939060703115574, "max_depth": 9.0, "num_boost_round": 13.0}, "datetime": {"datetime": "2024-01-19 00:26:41", "elapsed": 885.875363, "delta": 0.001378}}
{"target": -17.677232531867283, "params": {"gamma": 161.7420032482242, "log10_alpha": -2.5193045768837337, "log10_colsample_bytree": -0.014898442744654572, "log10_eta": -3.506736495962065, "log10_lambda": -0.5850317784438825, "log10_min_child_weight": 4.863624377760646, "log10_subsample": -0.939060703115574, "max_depth": 9.0, "num_boost_round": 14.0}, "datetime": {"datetime": "2024-01-19 00:26:41", "elapsed": 885.876723, "delta": 0.00136}}
{"target": -17.67723252583034, "params": {"gamma": 161.7420032482242, "log10_alpha": -2.5193045768837337, "log10_colsample_bytree": -0.014898442744654572, "log10_eta": -3.506736495962065, "log10_lambda": -0.5850317784438825, "log10_min_child_weight": 4.863624377760646, "log10_subsample": -0.939060703115574, "max_depth": 9.0, "num_boost_round": 15.0}, "datetime": {"datetime": "2024-01-19 00:26:41", "elapsed": 885.878254, "delta": 0.001531}}
{"target": -17.677232460955832, "params": {"gamma": 161.7420032482242, "log10_alpha": -2.5193045768837337, "log10_colsample_bytree": -0.014898442744654572, "log10_eta": -3.506736495962065, "log10_lambda": -0.5850317784438825, "log10_min_child_weight": 4.863624377760646, "log10_subsample": -0.939060703115574, "max_depth": 9.0, "num_boost_round": 16.0}, "datetime": {"datetime": "2024-01-19 00:26:41", "elapsed": 885.884169, "delta": 0.005915}}
{"target": -17.6772325739384, "params": {"gamma": 161.7420032482242, "log10_alpha": -2.5193045768837337, "log10_colsample_bytree": -0.014898442744654572, "log10_eta": -3.506736495962065, "log10_lambda": -0.5850317784438825, "log10_min_child_weight": 4.863624377760646, "log10_subsample": -0.939060703115574, "max_depth": 9.0, "num_boost_round": 17.0}, "datetime": {"datetime": "2024-01-19 00:26:41", "elapsed": 885.885733, "delta": 0.001564}}
{"target": -17.677232644414158, "params": {"gamma": 161.7420032482242, "log10_alpha": -2.5193045768837337, "log10_colsample_bytree": -0.014898442744654572, "log10_eta": -3.506736495962065, "log10_lambda": -0.5850317784438825, "log10_min_child_weight": 4.863624377760646, "log10_subsample": -0.939060703115574, "max_depth": 9.0, "num_boost_round": 18.0}, "datetime": {"datetime": "2024-01-19 00:26:41", "elapsed": 885.8872, "delta": 0.001467}}
{"target": -17.677232832343424, "params": {"gamma": 161.7420032482242, "log10_alpha": -2.5193045768837337, "log10_colsample_bytree": -0.014898442744654572, "log10_eta": -3.506736495962065, "log10_lambda": -0.5850317784438825, "log10_min_child_weight": 4.863624377760646, "log10_subsample": -0.939060703115574, "max_depth": 9.0, "num_boost_round": 19.0}, "datetime": {"datetime": "2024-01-19 00:26:41", "elapsed": 885.888864, "delta": 0.001664}}
{"target": -17.67723294088172, "params": {"gamma": 161.7420032482242, "log10_alpha": -2.5193045768837337, "log10_colsample_bytree": -0.014898442744654572, "log10_eta": -3.506736495962065, "log10_lambda": -0.5850317784438825, "log10_min_child_weight": 4.863624377760646, "log10_subsample": -0.939060703115574, "max_depth": 9.0, "num_boost_round": 20.0}, "datetime": {"datetime": "2024-01-19 00:26:41", "elapsed": 885.890493, "delta": 0.001629}}
{"target": -17.67723302895714, "params": {"gamma": 161.7420032482242, "log10_alpha": -2.5193045768837337, "log10_colsample_bytree": -0.014898442744654572, "log10_eta": -3.506736495962065, "log10_lambda": -0.5850317784438825, "log10_min_child_weight": 4.863624377760646, "log10_subsample": -0.939060703115574, "max_depth": 9.0, "num_boost_round": 21.0}, "datetime": {"datetime": "2024-01-19 00:26:41", "elapsed": 885.892116, "delta": 0.001623}}
{"target": -17.67723302630106, "params": {"gamma": 161.7420032482242, "log10_alpha": -2.5193045768837337, "log10_colsample_bytree": -0.014898442744654572, "log10_eta": -3.506736495962065, "log10_lambda": -0.5850317784438825, "log10_min_child_weight": 4.863624377760646, "log10_subsample": -0.939060703115574, "max_depth": 9.0, "num_boost_round": 22.0}, "datetime": {"datetime": "2024-01-19 00:26:41", "elapsed": 885.893565, "delta": 0.001449}}
{"target": -17.677233041213608, "params": {"gamma": 161.7420032482242, "log10_alpha": -2.5193045768837337, "log10_colsample_bytree": -0.014898442744654572, "log10_eta": -3.506736495962065, "log10_lambda": -0.5850317784438825, "log10_min_child_weight": 4.863624377760646, "log10_subsample": -0.939060703115574, "max_depth": 9.0, "num_boost_round": 23.0}, "datetime": {"datetime": "2024-01-19 00:26:41", "elapsed": 885.895001, "delta": 0.001436}}
{"target": -17.677233164943566, "params": {"gamma": 161.7420032482242, "log10_alpha": -2.5193045768837337, "log10_colsample_bytree": -0.014898442744654572, "log10_eta": -3.506736495962065, "log10_lambda": -0.5850317784438825, "log10_min_child_weight": 4.863624377760646, "log10_subsample": -0.939060703115574, "max_depth": 9.0, "num_boost_round": 24.0}, "datetime": {"datetime": "2024-01-19 00:26:41", "elapsed": 885.896416, "delta": 0.001415}}
{"target": -17.677233215570705, "params": {"gamma": 161.7420032482242, "log10_alpha": -2.5193045768837337, "log10_colsample_bytree": -0.014898442744654572, "log10_eta": -3.506736495962065, "log10_lambda": -0.5850317784438825, "log10_min_child_weight": 4.863624377760646, "log10_subsample": -0.939060703115574, "max_depth": 9.0, "num_boost_round": 25.0}, "datetime": {"datetime": "2024-01-19 00:26:41", "elapsed": 885.897852, "delta": 0.001436}}
{"target": -17.67723324417602, "params": {"gamma": 161.7420032482242, "log10_alpha": -2.5193045768837337, "log10_colsample_bytree": -0.014898442744654572, "log10_eta": -3.506736495962065, "log10_lambda": -0.5850317784438825, "log10_min_child_weight": 4.863624377760646, "log10_subsample": -0.939060703115574, "max_depth": 9.0, "num_boost_round": 26.0}, "datetime": {"datetime": "2024-01-19 00:26:41", "elapsed": 885.899469, "delta": 0.001617}}
{"target": -17.67723327628066, "params": {"gamma": 161.7420032482242, "log10_alpha": -2.5193045768837337, "log10_colsample_bytree": -0.014898442744654572, "log10_eta": -3.506736495962065, "log10_lambda": -0.5850317784438825, "log10_min_child_weight": 4.863624377760646, "log10_subsample": -0.939060703115574, "max_depth": 9.0, "num_boost_round": 27.0}, "datetime": {"datetime": "2024-01-19 00:26:41", "elapsed": 885.900896, "delta": 0.001427}}
{"target": -17.6772332471624, "params": {"gamma": 161.7420032482242, "log10_alpha": -2.5193045768837337, "log10_colsample_bytree": -0.014898442744654572, "log10_eta": -3.506736495962065, "log10_lambda": -0.5850317784438825, "log10_min_child_weight": 4.863624377760646, "log10_subsample": -0.939060703115574, "max_depth": 9.0, "num_boost_round": 28.0}, "datetime": {"datetime": "2024-01-19 00:26:41", "elapsed": 885.902284, "delta": 0.001388}}
{"target": -17.677233270282485, "params": {"gamma": 161.7420032482242, "log10_alpha": -2.5193045768837337, "log10_colsample_bytree": -0.014898442744654572, "log10_eta": -3.506736495962065, "log10_lambda": -0.5850317784438825, "log10_min_child_weight": 4.863624377760646, "log10_subsample": -0.939060703115574, "max_depth": 9.0, "num_boost_round": 29.0}, "datetime": {"datetime": "2024-01-19 00:26:41", "elapsed": 885.903676, "delta": 0.001392}}
{"target": -17.67723331245037, "params": {"gamma": 161.7420032482242, "log10_alpha": -2.5193045768837337, "log10_colsample_bytree": -0.014898442744654572, "log10_eta": -3.506736495962065, "log10_lambda": -0.5850317784438825, "log10_min_child_weight": 4.863624377760646, "log10_subsample": -0.939060703115574, "max_depth": 9.0, "num_boost_round": 30.0}, "datetime": {"datetime": "2024-01-19 00:26:41", "elapsed": 885.905108, "delta": 0.001432}}
{"target": -17.67723344383998, "params": {"gamma": 161.7420032482242, "log10_alpha": -2.5193045768837337, "log10_colsample_bytree": -0.014898442744654572, "log10_eta": -3.506736495962065, "log10_lambda": -0.5850317784438825, "log10_min_child_weight": 4.863624377760646, "log10_subsample": -0.939060703115574, "max_depth": 9.0, "num_boost_round": 31.0}, "datetime": {"datetime": "2024-01-19 00:26:41", "elapsed": 885.906627, "delta": 0.001519}}
{"target": -17.677233497402863, "params": {"gamma": 161.7420032482242, "log10_alpha": -2.5193045768837337, "log10_colsample_bytree": -0.014898442744654572, "log10_eta": -3.506736495962065, "log10_lambda": -0.5850317784438825, "log10_min_child_weight": 4.863624377760646, "log10_subsample": -0.939060703115574, "max_depth": 9.0, "num_boost_round": 32.0}, "datetime": {"datetime": "2024-01-19 00:26:41", "elapsed": 885.908093, "delta": 0.001466}}
{"target": -17.67723354125317, "params": {"gamma": 161.7420032482242, "log10_alpha": -2.5193045768837337, "log10_colsample_bytree": -0.014898442744654572, "log10_eta": -3.506736495962065, "log10_lambda": -0.5850317784438825, "log10_min_child_weight": 4.863624377760646, "log10_subsample": -0.939060703115574, "max_depth": 9.0, "num_boost_round": 33.0}, "datetime": {"datetime": "2024-01-19 00:26:41", "elapsed": 885.909529, "delta": 0.001436}}
{"target": -17.677233622792937, "params": {"gamma": 161.7420032482242, "log10_alpha": -2.5193045768837337, "log10_colsample_bytree": -0.014898442744654572, "log10_eta": -3.506736495962065, "log10_lambda": -0.5850317784438825, "log10_min_child_weight": 4.863624377760646, "log10_subsample": -0.939060703115574, "max_depth": 9.0, "num_boost_round": 34.0}, "datetime": {"datetime": "2024-01-19 00:26:41", "elapsed": 885.910937, "delta": 0.001408}}
{"target": -17.677233682074743, "params": {"gamma": 161.7420032482242, "log10_alpha": -2.5193045768837337, "log10_colsample_bytree": -0.014898442744654572, "log10_eta": -3.506736495962065, "log10_lambda": -0.5850317784438825, "log10_min_child_weight": 4.863624377760646, "log10_subsample": -0.939060703115574, "max_depth": 9.0, "num_boost_round": 35.0}, "datetime": {"datetime": "2024-01-19 00:26:41", "elapsed": 885.912374, "delta": 0.001437}}
{"target": -17.6772336859657, "params": {"gamma": 161.7420032482242, "log10_alpha": -2.5193045768837337, "log10_colsample_bytree": -0.014898442744654572, "log10_eta": -3.506736495962065, "log10_lambda": -0.5850317784438825, "log10_min_child_weight": 4.863624377760646, "log10_subsample": -0.939060703115574, "max_depth": 9.0, "num_boost_round": 36.0}, "datetime": {"datetime": "2024-01-19 00:26:41", "elapsed": 885.913786, "delta": 0.001412}}
{"target": -17.67723382220493, "params": {"gamma": 161.7420032482242, "log10_alpha": -2.5193045768837337, "log10_colsample_bytree": -0.014898442744654572, "log10_eta": -3.506736495962065, "log10_lambda": -0.5850317784438825, "log10_min_child_weight": 4.863624377760646, "log10_subsample": -0.939060703115574, "max_depth": 9.0, "num_boost_round": 37.0}, "datetime": {"datetime": "2024-01-19 00:26:41", "elapsed": 885.915196, "delta": 0.00141}}
{"target": -17.67723378517849, "params": {"gamma": 161.7420032482242, "log10_alpha": -2.5193045768837337, "log10_colsample_bytree": -0.014898442744654572, "log10_eta": -3.506736495962065, "log10_lambda": -0.5850317784438825, "log10_min_child_weight": 4.863624377760646, "log10_subsample": -0.939060703115574, "max_depth": 9.0, "num_boost_round": 38.0}, "datetime": {"datetime": "2024-01-19 00:26:41", "elapsed": 885.916603, "delta": 0.001407}}
{"target": -17.677233831104466, "params": {"gamma": 161.7420032482242, "log10_alpha": -2.5193045768837337, "log10_colsample_bytree": -0.014898442744654572, "log10_eta": -3.506736495962065, "log10_lambda": -0.5850317784438825, "log10_min_child_weight": 4.863624377760646, "log10_subsample": -0.939060703115574, "max_depth": 9.0, "num_boost_round": 39.0}, "datetime": {"datetime": "2024-01-19 00:26:41", "elapsed": 885.918099, "delta": 0.001496}}
{"target": -17.677233978644114, "params": {"gamma": 161.7420032482242, "log10_alpha": -2.5193045768837337, "log10_colsample_bytree": -0.014898442744654572, "log10_eta": -3.506736495962065, "log10_lambda": -0.5850317784438825, "log10_min_child_weight": 4.863624377760646, "log10_subsample": -0.939060703115574, "max_depth": 9.0, "num_boost_round": 40.0}, "datetime": {"datetime": "2024-01-19 00:26:41", "elapsed": 885.919539, "delta": 0.00144}}
{"target": -17.677234042330934, "params": {"gamma": 161.7420032482242, "log10_alpha": -2.5193045768837337, "log10_colsample_bytree": -0.014898442744654572, "log10_eta": -3.506736495962065, "log10_lambda": -0.5850317784438825, "log10_min_child_weight": 4.863624377760646, "log10_subsample": -0.939060703115574, "max_depth": 9.0, "num_boost_round": 41.0}, "datetime": {"datetime": "2024-01-19 00:26:41", "elapsed": 885.920944, "delta": 0.001405}}
{"target": -17.677234060540243, "params": {"gamma": 161.7420032482242, "log10_alpha": -2.5193045768837337, "log10_colsample_bytree": -0.014898442744654572, "log10_eta": -3.506736495962065, "log10_lambda": -0.5850317784438825, "log10_min_child_weight": 4.863624377760646, "log10_subsample": -0.939060703115574, "max_depth": 9.0, "num_boost_round": 42.0}, "datetime": {"datetime": "2024-01-19 00:26:41", "elapsed": 885.922354, "delta": 0.00141}}
{"target": -17.6772341281646, "params": {"gamma": 161.7420032482242, "log10_alpha": -2.5193045768837337, "log10_colsample_bytree": -0.014898442744654572, "log10_eta": -3.506736495962065, "log10_lambda": -0.5850317784438825, "log10_min_child_weight": 4.863624377760646, "log10_subsample": -0.939060703115574, "max_depth": 9.0, "num_boost_round": 43.0}, "datetime": {"datetime": "2024-01-19 00:26:41", "elapsed": 885.923763, "delta": 0.001409}}
{"target": -17.677130971084686, "params": {"gamma": 183.4603332479736, "log10_alpha": 0.7882694693754271, "log10_colsample_bytree": -0.6333171295676424, "log10_eta": -2.096205900034519, "log10_lambda": -4.685099309671181, "log10_min_child_weight": 4.2712189113708385, "log10_subsample": -0.80978478748321, "max_depth": 3.0, "num_boost_round": 0.0}, "datetime": {"datetime": "2024-01-19 00:27:13", "elapsed": 918.355519, "delta": 32.431756}}
{"target": -17.67710597168052, "params": {"gamma": 183.4603332479736, "log10_alpha": 0.7882694693754271, "log10_colsample_bytree": -0.6333171295676424, "log10_eta": -2.096205900034519, "log10_lambda": -4.685099309671181, "log10_min_child_weight": 4.2712189113708385, "log10_subsample": -0.80978478748321, "max_depth": 3.0, "num_boost_round": 1.0}, "datetime": {"datetime": "2024-01-19 00:27:13", "elapsed": 918.357545, "delta": 0.002026}}
{"target": -17.677116676085955, "params": {"gamma": 183.4603332479736, "log10_alpha": 0.7882694693754271, "log10_colsample_bytree": -0.6333171295676424, "log10_eta": -2.096205900034519, "log10_lambda": -4.685099309671181, "log10_min_child_weight": 4.2712189113708385, "log10_subsample": -0.80978478748321, "max_depth": 3.0, "num_boost_round": 2.0}, "datetime": {"datetime": "2024-01-19 00:27:13", "elapsed": 918.359256, "delta": 0.001711}}
{"target": -17.677049714337883, "params": {"gamma": 183.4603332479736, "log10_alpha": 0.7882694693754271, "log10_colsample_bytree": -0.6333171295676424, "log10_eta": -2.096205900034519, "log10_lambda": -4.685099309671181, "log10_min_child_weight": 4.2712189113708385, "log10_subsample": -0.80978478748321, "max_depth": 3.0, "num_boost_round": 3.0}, "datetime": {"datetime": "2024-01-19 00:27:13", "elapsed": 918.360802, "delta": 0.001546}}
{"target": -17.677066239086376, "params": {"gamma": 183.4603332479736, "log10_alpha": 0.7882694693754271, "log10_colsample_bytree": -0.6333171295676424, "log10_eta": -2.096205900034519, "log10_lambda": -4.685099309671181, "log10_min_child_weight": 4.2712189113708385, "log10_subsample": -0.80978478748321, "max_depth": 3.0, "num_boost_round": 4.0}, "datetime": {"datetime": "2024-01-19 00:27:13", "elapsed": 918.362217, "delta": 0.001415}}
{"target": -17.6770946201606, "params": {"gamma": 183.4603332479736, "log10_alpha": 0.7882694693754271, "log10_colsample_bytree": -0.6333171295676424, "log10_eta": -2.096205900034519, "log10_lambda": -4.685099309671181, "log10_min_child_weight": 4.2712189113708385, "log10_subsample": -0.80978478748321, "max_depth": 3.0, "num_boost_round": 5.0}, "datetime": {"datetime": "2024-01-19 00:27:13", "elapsed": 918.363637, "delta": 0.00142}}
{"target": -17.677109087431653, "params": {"gamma": 183.4603332479736, "log10_alpha": 0.7882694693754271, "log10_colsample_bytree": -0.6333171295676424, "log10_eta": -2.096205900034519, "log10_lambda": -4.685099309671181, "log10_min_child_weight": 4.2712189113708385, "log10_subsample": -0.80978478748321, "max_depth": 3.0, "num_boost_round": 6.0}, "datetime": {"datetime": "2024-01-19 00:27:13", "elapsed": 918.36518, "delta": 0.001543}}
{"target": -17.677041371121376, "params": {"gamma": 183.4603332479736, "log10_alpha": 0.7882694693754271, "log10_colsample_bytree": -0.6333171295676424, "log10_eta": -2.096205900034519, "log10_lambda": -4.685099309671181, "log10_min_child_weight": 4.2712189113708385, "log10_subsample": -0.80978478748321, "max_depth": 3.0, "num_boost_round": 7.0}, "datetime": {"datetime": "2024-01-19 00:27:13", "elapsed": 918.366608, "delta": 0.001428}}
{"target": -17.677016161486524, "params": {"gamma": 183.4603332479736, "log10_alpha": 0.7882694693754271, "log10_colsample_bytree": -0.6333171295676424, "log10_eta": -2.096205900034519, "log10_lambda": -4.685099309671181, "log10_min_child_weight": 4.2712189113708385, "log10_subsample": -0.80978478748321, "max_depth": 3.0, "num_boost_round": 8.0}, "datetime": {"datetime": "2024-01-19 00:27:13", "elapsed": 918.368096, "delta": 0.001488}}
{"target": -17.676921010688943, "params": {"gamma": 183.4603332479736, "log10_alpha": 0.7882694693754271, "log10_colsample_bytree": -0.6333171295676424, "log10_eta": -2.096205900034519, "log10_lambda": -4.685099309671181, "log10_min_child_weight": 4.2712189113708385, "log10_subsample": -0.80978478748321, "max_depth": 3.0, "num_boost_round": 9.0}, "datetime": {"datetime": "2024-01-19 00:27:13", "elapsed": 918.369563, "delta": 0.001467}}
{"target": -17.676937077294046, "params": {"gamma": 183.4603332479736, "log10_alpha": 0.7882694693754271, "log10_colsample_bytree": -0.6333171295676424, "log10_eta": -2.096205900034519, "log10_lambda": -4.685099309671181, "log10_min_child_weight": 4.2712189113708385, "log10_subsample": -0.80978478748321, "max_depth": 3.0, "num_boost_round": 10.0}, "datetime": {"datetime": "2024-01-19 00:27:13", "elapsed": 918.371065, "delta": 0.001502}}
{"target": -17.676903106912405, "params": {"gamma": 183.4603332479736, "log10_alpha": 0.7882694693754271, "log10_colsample_bytree": -0.6333171295676424, "log10_eta": -2.096205900034519, "log10_lambda": -4.685099309671181, "log10_min_child_weight": 4.2712189113708385, "log10_subsample": -0.80978478748321, "max_depth": 3.0, "num_boost_round": 11.0}, "datetime": {"datetime": "2024-01-19 00:27:13", "elapsed": 918.372552, "delta": 0.001487}}
{"target": -17.676853388278733, "params": {"gamma": 183.4603332479736, "log10_alpha": 0.7882694693754271, "log10_colsample_bytree": -0.6333171295676424, "log10_eta": -2.096205900034519, "log10_lambda": -4.685099309671181, "log10_min_child_weight": 4.2712189113708385, "log10_subsample": -0.80978478748321, "max_depth": 3.0, "num_boost_round": 12.0}, "datetime": {"datetime": "2024-01-19 00:27:13", "elapsed": 918.374023, "delta": 0.001471}}
{"target": -17.676859495069294, "params": {"gamma": 183.4603332479736, "log10_alpha": 0.7882694693754271, "log10_colsample_bytree": -0.6333171295676424, "log10_eta": -2.096205900034519, "log10_lambda": -4.685099309671181, "log10_min_child_weight": 4.2712189113708385, "log10_subsample": -0.80978478748321, "max_depth": 3.0, "num_boost_round": 13.0}, "datetime": {"datetime": "2024-01-19 00:27:13", "elapsed": 918.375491, "delta": 0.001468}}
{"target": -17.676904755871174, "params": {"gamma": 183.4603332479736, "log10_alpha": 0.7882694693754271, "log10_colsample_bytree": -0.6333171295676424, "log10_eta": -2.096205900034519, "log10_lambda": -4.685099309671181, "log10_min_child_weight": 4.2712189113708385, "log10_subsample": -0.80978478748321, "max_depth": 3.0, "num_boost_round": 14.0}, "datetime": {"datetime": "2024-01-19 00:27:13", "elapsed": 918.376939, "delta": 0.001448}}
{"target": -17.67689115908993, "params": {"gamma": 183.4603332479736, "log10_alpha": 0.7882694693754271, "log10_colsample_bytree": -0.6333171295676424, "log10_eta": -2.096205900034519, "log10_lambda": -4.685099309671181, "log10_min_child_weight": 4.2712189113708385, "log10_subsample": -0.80978478748321, "max_depth": 3.0, "num_boost_round": 15.0}, "datetime": {"datetime": "2024-01-19 00:27:13", "elapsed": 918.378631, "delta": 0.001692}}
