{"target": -13.758487488382622, "params": {"gamma": 557.2278869805186, "log10_alpha": 0.4639813600809459, "log10_colsample_bytree": -0.03669324804728946, "log10_eta": -3.1506374684973024, "log10_lambda": -0.5727772176097883, "log10_min_child_weight": 4.215636551767913, "log10_subsample": -0.1484448612621403, "max_depth": 7.0, "num_boost_round": 15.0}, "datetime": {"datetime": "2024-01-19 00:42:19", "elapsed": 1792.245644, "delta": 0.002482}}
{"target": -13.758483543654874, "params": {"gamma": 557.2278869805186, "log10_alpha": 0.4639813600809459, "log10_colsample_bytree": -0.03669324804728946, "log10_eta": -3.1506374684973024, "log10_lambda": -0.5727772176097883, "log10_min_child_weight": 4.215636551767913, "log10_subsample": -0.1484448612621403, "max_depth": 7.0, "num_boost_round": 16.0}, "datetime": {"datetime": "2024-01-19 00:42:19", "elapsed": 1792.248152, "delta": 0.002508}}
{"target": -13.758481139376757, "params": {"gamma": 557.2278869805186, "log10_alpha": 0.4639813600809459, "log10_colsample_bytree": -0.03669324804728946, "log10_eta": -3.1506374684973024, "log10_lambda": -0.5727772176097883, "log10_min_child_weight": 4.215636551767913, "log10_subsample": -0.1484448612621403, "max_depth": 7.0, "num_boost_round": 17.0}, "datetime": {"datetime": "2024-01-19 00:42:19", "elapsed": 1792.250673, "delta": 0.002521}}
{"target": -13.758488150558504, "params": {"gamma": 557.2278869805186, "log10_alpha": 0.4639813600809459, "log10_colsample_bytree": -0.03669324804728946, "log10_eta": -3.1506374684973024, "log10_lambda": -0.5727772176097883, "log10_min_child_weight": 4.215636551767913, "log10_subsample": -0.1484448612621403, "max_depth": 7.0, "num_boost_round": 18.0}, "datetime": {"datetime": "2024-01-19 00:42:19", "elapsed": 1792.253405, "delta": 0.002732}}
{"target": -13.758481593092359, "params": {"gamma": 557.2278869805186, "log10_alpha": 0.4639813600809459, "log10_colsample_bytree": -0.03669324804728946, "log10_eta": -3.1506374684973024, "log10_lambda": -0.5727772176097883, "log10_min_child_weight": 4.215636551767913, "log10_subsample": -0.1484448612621403, "max_depth": 7.0, "num_boost_round": 19.0}, "datetime": {"datetime": "2024-01-19 00:42:19", "elapsed": 1792.255992, "delta": 0.002587}}
{"target": -13.754472078020342, "params": {"gamma": 607.6601418228581, "log10_alpha": -0.2767011165051727, "log10_colsample_bytree": -0.7621352260061579, "log10_eta": -1.1208924725122746, "log10_lambda": -2.8225596441152723, "log10_min_child_weight": 1.227189571763715, "log10_subsample": -0.6515606843014321, "max_depth": 9.0, "num_boost_round": 0.0}, "datetime": {"datetime": "2024-01-19 00:42:48", "elapsed": 1821.089815, "delta": 28.833823}}
{"target": -13.757421559916168, "params": {"gamma": 607.6601418228581, "log10_alpha": -0.2767011165051727, "log10_colsample_bytree": -0.7621352260061579, "log10_eta": -1.1208924725122746, "log10_lambda": -2.8225596441152723, "log10_min_child_weight": 1.227189571763715, "log10_subsample": -0.6515606843014321, "max_depth": 9.0, "num_boost_round": 1.0}, "datetime": {"datetime": "2024-01-19 00:42:48", "elapsed": 1821.093117, "delta": 0.003302}}
{"target": -13.756501771081746, "params": {"gamma": 607.6601418228581, "log10_alpha": -0.2767011165051727, "log10_colsample_bytree": -0.7621352260061579, "log10_eta": -1.1208924725122746, "log10_lambda": -2.8225596441152723, "log10_min_child_weight": 1.227189571763715, "log10_subsample": -0.6515606843014321, "max_depth": 9.0, "num_boost_round": 2.0}, "datetime": {"datetime": "2024-01-19 00:42:48", "elapsed": 1821.096256, "delta": 0.003139}}
{"target": -13.758127240581302, "params": {"gamma": 607.6601418228581, "log10_alpha": -0.2767011165051727, "log10_colsample_bytree": -0.7621352260061579, "log10_eta": -1.1208924725122746, "log10_lambda": -2.8225596441152723, "log10_min_child_weight": 1.227189571763715, "log10_subsample": -0.6515606843014321, "max_depth": 9.0, "num_boost_round": 3.0}, "datetime": {"datetime": "2024-01-19 00:42:48", "elapsed": 1821.098991, "delta": 0.002735}}
{"target": -13.757589435266905, "params": {"gamma": 607.6601418228581, "log10_alpha": -0.2767011165051727, "log10_colsample_bytree": -0.7621352260061579, "log10_eta": -1.1208924725122746, "log10_lambda": -2.8225596441152723, "log10_min_child_weight": 1.227189571763715, "log10_subsample": -0.6515606843014321, "max_depth": 9.0, "num_boost_round": 4.0}, "datetime": {"datetime": "2024-01-19 00:42:48", "elapsed": 1821.10144, "delta": 0.002449}}
{"target": -13.761488806100013, "params": {"gamma": 607.6601418228581, "log10_alpha": -0.2767011165051727, "log10_colsample_bytree": -0.7621352260061579, "log10_eta": -1.1208924725122746, "log10_lambda": -2.8225596441152723, "log10_min_child_weight": 1.227189571763715, "log10_subsample": -0.6515606843014321, "max_depth": 9.0, "num_boost_round": 5.0}, "datetime": {"datetime": "2024-01-19 00:42:48", "elapsed": 1821.103833, "delta": 0.002393}}
{"target": -13.763696927499636, "params": {"gamma": 607.6601418228581, "log10_alpha": -0.2767011165051727, "log10_colsample_bytree": -0.7621352260061579, "log10_eta": -1.1208924725122746, "log10_lambda": -2.8225596441152723, "log10_min_child_weight": 1.227189571763715, "log10_subsample": -0.6515606843014321, "max_depth": 9.0, "num_boost_round": 6.0}, "datetime": {"datetime": "2024-01-19 00:42:48", "elapsed": 1821.106248, "delta": 0.002415}}
{"target": -13.76594456295732, "params": {"gamma": 607.6601418228581, "log10_alpha": -0.2767011165051727, "log10_colsample_bytree": -0.7621352260061579, "log10_eta": -1.1208924725122746, "log10_lambda": -2.8225596441152723, "log10_min_child_weight": 1.227189571763715, "log10_subsample": -0.6515606843014321, "max_depth": 9.0, "num_boost_round": 7.0}, "datetime": {"datetime": "2024-01-19 00:42:48", "elapsed": 1821.108648, "delta": 0.0024}}
{"target": -13.76935539201298, "params": {"gamma": 607.6601418228581, "log10_alpha": -0.2767011165051727, "log10_colsample_bytree": -0.7621352260061579, "log10_eta": -1.1208924725122746, "log10_lambda": -2.8225596441152723, "log10_min_child_weight": 1.227189571763715, "log10_subsample": -0.6515606843014321, "max_depth": 9.0, "num_boost_round": 8.0}, "datetime": {"datetime": "2024-01-19 00:42:48", "elapsed": 1821.111057, "delta": 0.002409}}
{"target": -13.771192225750278, "params": {"gamma": 607.6601418228581, "log10_alpha": -0.2767011165051727, "log10_colsample_bytree": -0.7621352260061579, "log10_eta": -1.1208924725122746, "log10_lambda": -2.8225596441152723, "log10_min_child_weight": 1.227189571763715, "log10_subsample": -0.6515606843014321, "max_depth": 9.0, "num_boost_round": 9.0}, "datetime": {"datetime": "2024-01-19 00:42:48", "elapsed": 1821.113668, "delta": 0.002611}}
{"target": -13.772086133041471, "params": {"gamma": 607.6601418228581, "log10_alpha": -0.2767011165051727, "log10_colsample_bytree": -0.7621352260061579, "log10_eta": -1.1208924725122746, "log10_lambda": -2.8225596441152723, "log10_min_child_weight": 1.227189571763715, "log10_subsample": -0.6515606843014321, "max_depth": 9.0, "num_boost_round": 10.0}, "datetime": {"datetime": "2024-01-19 00:42:48", "elapsed": 1821.116111, "delta": 0.002443}}
{"target": -13.778312679922443, "params": {"gamma": 607.6601418228581, "log10_alpha": -0.2767011165051727, "log10_colsample_bytree": -0.7621352260061579, "log10_eta": -1.1208924725122746, "log10_lambda": -2.8225596441152723, "log10_min_child_weight": 1.227189571763715, "log10_subsample": -0.6515606843014321, "max_depth": 9.0, "num_boost_round": 11.0}, "datetime": {"datetime": "2024-01-19 00:42:48", "elapsed": 1821.118561, "delta": 0.00245}}
{"target": -13.782650223499358, "params": {"gamma": 607.6601418228581, "log10_alpha": -0.2767011165051727, "log10_colsample_bytree": -0.7621352260061579, "log10_eta": -1.1208924725122746, "log10_lambda": -2.8225596441152723, "log10_min_child_weight": 1.227189571763715, "log10_subsample": -0.6515606843014321, "max_depth": 9.0, "num_boost_round": 12.0}, "datetime": {"datetime": "2024-01-19 00:42:48", "elapsed": 1821.121013, "delta": 0.002452}}
{"target": -13.758380220576255, "params": {"gamma": 583.7004644560326, "log10_alpha": -4.7092060829531, "log10_colsample_bytree": -0.928052100404438, "log10_eta": -2.677643762767953, "log10_lambda": 0.874840384365914, "log10_min_child_weight": 0.2761060790958425, "log10_subsample": -0.20515945522969614, "max_depth": 8.0, "num_boost_round": 0.0}, "datetime": {"datetime": "2024-01-19 00:43:22", "elapsed": 1855.138647, "delta": 34.017634}}
{"target": -13.758311696543545, "params": {"gamma": 583.7004644560326, "log10_alpha": -4.7092060829531, "log10_colsample_bytree": -0.928052100404438, "log10_eta": -2.677643762767953, "log10_lambda": 0.874840384365914, "log10_min_child_weight": 0.2761060790958425, "log10_subsample": -0.20515945522969614, "max_depth": 8.0, "num_boost_round": 1.0}, "datetime": {"datetime": "2024-01-19 00:43:22", "elapsed": 1855.14181, "delta": 0.003163}}
{"target": -13.75830299209847, "params": {"gamma": 583.7004644560326, "log10_alpha": -4.7092060829531, "log10_colsample_bytree": -0.928052100404438, "log10_eta": -2.677643762767953, "log10_lambda": 0.874840384365914, "log10_min_child_weight": 0.2761060790958425, "log10_subsample": -0.20515945522969614, "max_depth": 8.0, "num_boost_round": 2.0}, "datetime": {"datetime": "2024-01-19 00:43:22", "elapsed": 1855.145023, "delta": 0.003213}}
{"target": -13.758255931527, "params": {"gamma": 583.7004644560326, "log10_alpha": -4.7092060829531, "log10_colsample_bytree": -0.928052100404438, "log10_eta": -2.677643762767953, "log10_lambda": 0.874840384365914, "log10_min_child_weight": 0.2761060790958425, "log10_subsample": -0.20515945522969614, "max_depth": 8.0, "num_boost_round": 3.0}, "datetime": {"datetime": "2024-01-19 00:43:22", "elapsed": 1855.147739, "delta": 0.002716}}
{"target": -13.75823621844534, "params": {"gamma": 583.7004644560326, "log10_alpha": -4.7092060829531, "log10_colsample_bytree": -0.928052100404438, "log10_eta": -2.677643762767953, "log10_lambda": 0.874840384365914, "log10_min_child_weight": 0.2761060790958425, "log10_subsample": -0.20515945522969614, "max_depth": 8.0, "num_boost_round": 4.0}, "datetime": {"datetime": "2024-01-19 00:43:22", "elapsed": 1855.150324, "delta": 0.002585}}
{"target": -13.758226615715715, "params": {"gamma": 583.7004644560326, "log10_alpha": -4.7092060829531, "log10_colsample_bytree": -0.928052100404438, "log10_eta": -2.677643762767953, "log10_lambda": 0.874840384365914, "log10_min_child_weight": 0.2761060790958425, "log10_subsample": -0.20515945522969614, "max_depth": 8.0, "num_boost_round": 5.0}, "datetime": {"datetime": "2024-01-19 00:43:22", "elapsed": 1855.153061, "delta": 0.002737}}
{"target": -13.758298147061833, "params": {"gamma": 583.7004644560326, "log10_alpha": -4.7092060829531, "log10_colsample_bytree": -0.928052100404438, "log10_eta": -2.677643762767953, "log10_lambda": 0.874840384365914, "log10_min_child_weight": 0.2761060790958425, "log10_subsample": -0.20515945522969614, "max_depth": 8.0, "num_boost_round": 6.0}, "datetime": {"datetime": "2024-01-19 00:43:22", "elapsed": 1855.155605, "delta": 0.002544}}
{"target": -13.758263912974211, "params": {"gamma": 583.7004644560326, "log10_alpha": -4.7092060829531, "log10_colsample_bytree": -0.928052100404438, "log10_eta": -2.677643762767953, "log10_lambda": 0.874840384365914, "log10_min_child_weight": 0.2761060790958425, "log10_subsample": -0.20515945522969614, "max_depth": 8.0, "num_boost_round": 7.0}, "datetime": {"datetime": "2024-01-19 00:43:22", "elapsed": 1855.158076, "delta": 0.002471}}
{"target": -13.758258070679322, "params": {"gamma": 583.7004644560326, "log10_alpha": -4.7092060829531, "log10_colsample_bytree": -0.928052100404438, "log10_eta": -2.677643762767953, "log10_lambda": 0.874840384365914, "log10_min_child_weight": 0.2761060790958425, "log10_subsample": -0.20515945522969614, "max_depth": 8.0, "num_boost_round": 8.0}, "datetime": {"datetime": "2024-01-19 00:43:22", "elapsed": 1855.160588, "delta": 0.002512}}
{"target": -13.758263578367798, "params": {"gamma": 583.7004644560326, "log10_alpha": -4.7092060829531, "log10_colsample_bytree": -0.928052100404438, "log10_eta": -2.677643762767953, "log10_lambda": 0.874840384365914, "log10_min_child_weight": 0.2761060790958425, "log10_subsample": -0.20515945522969614, "max_depth": 8.0, "num_boost_round": 9.0}, "datetime": {"datetime": "2024-01-19 00:43:22", "elapsed": 1855.163111, "delta": 0.002523}}
{"target": -13.758237412226212, "params": {"gamma": 583.7004644560326, "log10_alpha": -4.7092060829531, "log10_colsample_bytree": -0.928052100404438, "log10_eta": -2.677643762767953, "log10_lambda": 0.874840384365914, "log10_min_child_weight": 0.2761060790958425, "log10_subsample": -0.20515945522969614, "max_depth": 8.0, "num_boost_round": 10.0}, "datetime": {"datetime": "2024-01-19 00:43:22", "elapsed": 1855.16565, "delta": 0.002539}}
{"target": -13.758215444841914, "params": {"gamma": 583.7004644560326, "log10_alpha": -4.7092060829531, "log10_colsample_bytree": -0.928052100404438, "log10_eta": -2.677643762767953, "log10_lambda": 0.874840384365914, "log10_min_child_weight": 0.2761060790958425, "log10_subsample": -0.20515945522969614, "max_depth": 8.0, "num_boost_round": 11.0}, "datetime": {"datetime": "2024-01-19 00:43:22", "elapsed": 1855.168161, "delta": 0.002511}}
{"target": -13.75827829652732, "params": {"gamma": 583.7004644560326, "log10_alpha": -4.7092060829531, "log10_colsample_bytree": -0.928052100404438, "log10_eta": -2.677643762767953, "log10_lambda": 0.874840384365914, "log10_min_child_weight": 0.2761060790958425, "log10_subsample": -0.20515945522969614, "max_depth": 8.0, "num_boost_round": 12.0}, "datetime": {"datetime": "2024-01-19 00:43:22", "elapsed": 1855.170656, "delta": 0.002495}}
{"target": -13.758246234814841, "params": {"gamma": 583.7004644560326, "log10_alpha": -4.7092060829531, "log10_colsample_bytree": -0.928052100404438, "log10_eta": -2.677643762767953, "log10_lambda": 0.874840384365914, "log10_min_child_weight": 0.2761060790958425, "log10_subsample": -0.20515945522969614, "max_depth": 8.0, "num_boost_round": 13.0}, "datetime": {"datetime": "2024-01-19 00:43:22", "elapsed": 1855.173332, "delta": 0.002676}}
{"target": -13.758247808964418, "params": {"gamma": 583.7004644560326, "log10_alpha": -4.7092060829531, "log10_colsample_bytree": -0.928052100404438, "log10_eta": -2.677643762767953, "log10_lambda": 0.874840384365914, "log10_min_child_weight": 0.2761060790958425, "log10_subsample": -0.20515945522969614, "max_depth": 8.0, "num_boost_round": 14.0}, "datetime": {"datetime": "2024-01-19 00:43:22", "elapsed": 1855.17594, "delta": 0.002608}}
{"target": -13.758232806515279, "params": {"gamma": 583.7004644560326, "log10_alpha": -4.7092060829531, "log10_colsample_bytree": -0.928052100404438, "log10_eta": -2.677643762767953, "log10_lambda": 0.874840384365914, "log10_min_child_weight": 0.2761060790958425, "log10_subsample": -0.20515945522969614, "max_depth": 8.0, "num_boost_round": 15.0}, "datetime": {"datetime": "2024-01-19 00:43:22", "elapsed": 1855.178548, "delta": 0.002608}}
{"target": -13.758209345161726, "params": {"gamma": 583.7004644560326, "log10_alpha": -4.7092060829531, "log10_colsample_bytree": -0.928052100404438, "log10_eta": -2.677643762767953, "log10_lambda": 0.874840384365914, "log10_min_child_weight": 0.2761060790958425, "log10_subsample": -0.20515945522969614, "max_depth": 8.0, "num_boost_round": 16.0}, "datetime": {"datetime": "2024-01-19 00:43:22", "elapsed": 1855.181146, "delta": 0.002598}}
{"target": -13.758026491358889, "params": {"gamma": 583.7004644560326, "log10_alpha": -4.7092060829531, "log10_colsample_bytree": -0.928052100404438, "log10_eta": -2.677643762767953, "log10_lambda": 0.874840384365914, "log10_min_child_weight": 0.2761060790958425, "log10_subsample": -0.20515945522969614, "max_depth": 8.0, "num_boost_round": 17.0}, "datetime": {"datetime": "2024-01-19 00:43:22", "elapsed": 1855.183661, "delta": 0.002515}}
{"target": -13.757970954482866, "params": {"gamma": 583.7004644560326, "log10_alpha": -4.7092060829531, "log10_colsample_bytree": -0.928052100404438, "log10_eta": -2.677643762767953, "log10_lambda": 0.874840384365914, "log10_min_child_weight": 0.2761060790958425, "log10_subsample": -0.20515945522969614, "max_depth": 8.0, "num_boost_round": 18.0}, "datetime": {"datetime": "2024-01-19 00:43:22", "elapsed": 1855.186158, "delta": 0.002497}}
{"target": -13.75784886110601, "params": {"gamma": 583.7004644560326, "log10_alpha": -4.7092060829531, "log10_colsample_bytree": -0.928052100404438, "log10_eta": -2.677643762767953, "log10_lambda": 0.874840384365914, "log10_min_child_weight": 0.2761060790958425, "log10_subsample": -0.20515945522969614, "max_depth": 8.0, "num_boost_round": 19.0}, "datetime": {"datetime": "2024-01-19 00:43:22", "elapsed": 1855.188628, "delta": 0.00247}}
{"target": -13.757797264131929, "params": {"gamma": 583.7004644560326, "log10_alpha": -4.7092060829531, "log10_colsample_bytree": -0.928052100404438, "log10_eta": -2.677643762767953, "log10_lambda": 0.874840384365914, "log10_min_child_weight": 0.2761060790958425, "log10_subsample": -0.20515945522969614, "max_depth": 8.0, "num_boost_round": 20.0}, "datetime": {"datetime": "2024-01-19 00:43:22", "elapsed": 1855.19116, "delta": 0.002532}}
{"target": -13.75853793386366, "params": {"gamma": 545.448464851279, "log10_alpha": -4.994517097539211, "log10_colsample_bytree": -0.7155501791359414, "log10_eta": -3.5658869833702838, "log10_lambda": -1.745995304691954, "log10_min_child_weight": 4.193392456705421, "log10_subsample": -0.47144185152098694, "max_depth": 9.0, "num_boost_round": 0.0}, "datetime": {"datetime": "2024-01-19 00:43:59", "elapsed": 1892.14377, "delta": 36.95261}}
{"target": -13.758537497761454, "params": {"gamma": 545.448464851279, "log10_alpha": -4.994517097539211, "log10_colsample_bytree": -0.7155501791359414, "log10_eta": -3.5658869833702838, "log10_lambda": -1.745995304691954, "log10_min_child_weight": 4.193392456705421, "log10_subsample": -0.47144185152098694, "max_depth": 9.0, "num_boost_round": 1.0}, "datetime": {"datetime": "2024-01-19 00:43:59", "elapsed": 1892.147523, "delta": 0.003753}}
{"target": -13.758536230807662, "params": {"gamma": 545.448464851279, "log10_alpha": -4.994517097539211, "log10_colsample_bytree": -0.7155501791359414, "log10_eta": -3.5658869833702838, "log10_lambda": -1.745995304691954, "log10_min_child_weight": 4.193392456705421, "log10_subsample": -0.47144185152098694, "max_depth": 9.0, "num_boost_round": 2.0}, "datetime": {"datetime": "2024-01-19 00:43:59", "elapsed": 1892.150266, "delta": 0.002743}}
{"target": -13.758533374765866, "params": {"gamma": 545.448464851279, "log10_alpha": -4.994517097539211, "log10_colsample_bytree": -0.7155501791359414, "log10_eta": -3.5658869833702838, "log10_lambda": -1.745995304691954, "log10_min_child_weight": 4.193392456705421, "log10_subsample": -0.47144185152098694, "max_depth": 9.0, "num_boost_round": 3.0}, "datetime": {"datetime": "2024-01-19 00:43:59", "elapsed": 1892.153096, "delta": 0.00283}}
{"target": -13.758532248035735, "params": {"gamma": 545.448464851279, "log10_alpha": -4.994517097539211, "log10_colsample_bytree": -0.7155501791359414, "log10_eta": -3.5658869833702838, "log10_lambda": -1.745995304691954, "log10_min_child_weight": 4.193392456705421, "log10_subsample": -0.47144185152098694, "max_depth": 9.0, "num_boost_round": 4.0}, "datetime": {"datetime": "2024-01-19 00:43:59", "elapsed": 1892.15565, "delta": 0.002554}}
{"target": -13.758530733892071, "params": {"gamma": 545.448464851279, "log10_alpha": -4.994517097539211, "log10_colsample_bytree": -0.7155501791359414, "log10_eta": -3.5658869833702838, "log10_lambda": -1.745995304691954, "log10_min_child_weight": 4.193392456705421, "log10_subsample": -0.47144185152098694, "max_depth": 9.0, "num_boost_round": 5.0}, "datetime": {"datetime": "2024-01-19 00:43:59", "elapsed": 1892.158158, "delta": 0.002508}}
{"target": -13.75853373352151, "params": {"gamma": 545.448464851279, "log10_alpha": -4.994517097539211, "log10_colsample_bytree": -0.7155501791359414, "log10_eta": -3.5658869833702838, "log10_lambda": -1.745995304691954, "log10_min_child_weight": 4.193392456705421, "log10_subsample": -0.47144185152098694, "max_depth": 9.0, "num_boost_round": 6.0}, "datetime": {"datetime": "2024-01-19 00:43:59", "elapsed": 1892.160645, "delta": 0.002487}}
{"target": -13.758531707181065, "params": {"gamma": 545.448464851279, "log10_alpha": -4.994517097539211, "log10_colsample_bytree": -0.7155501791359414, "log10_eta": -3.5658869833702838, "log10_lambda": -1.745995304691954, "log10_min_child_weight": 4.193392456705421, "log10_subsample": -0.47144185152098694, "max_depth": 9.0, "num_boost_round": 7.0}, "datetime": {"datetime": "2024-01-19 00:43:59", "elapsed": 1892.163127, "delta": 0.002482}}
{"target": -13.758533008631895, "params": {"gamma": 545.448464851279, "log10_alpha": -4.994517097539211, "log10_colsample_bytree": -0.7155501791359414, "log10_eta": -3.5658869833702838, "log10_lambda": -1.745995304691954, "log10_min_child_weight": 4.193392456705421, "log10_subsample": -0.47144185152098694, "max_depth": 9.0, "num_boost_round": 8.0}, "datetime": {"datetime": "2024-01-19 00:43:59", "elapsed": 1892.165608, "delta": 0.002481}}
{"target": -13.758532548566086, "params": {"gamma": 545.448464851279, "log10_alpha": -4.994517097539211, "log10_colsample_bytree": -0.7155501791359414, "log10_eta": -3.5658869833702838, "log10_lambda": -1.745995304691954, "log10_min_child_weight": 4.193392456705421, "log10_subsample": -0.47144185152098694, "max_depth": 9.0, "num_boost_round": 9.0}, "datetime": {"datetime": "2024-01-19 00:43:59", "elapsed": 1892.168101, "delta": 0.002493}}
