{"target": -17.67681734748929, "params": {"gamma": 183.4603332479736, "log10_alpha": 0.7882694693754271, "log10_colsample_bytree": -0.6333171295676424, "log10_eta": -2.096205900034519, "log10_lambda": -4.685099309671181, "log10_min_child_weight": 4.2712189113708385, "log10_subsample": -0.80978478748321, "max_depth": 3.0, "num_boost_round": 16.0}, "datetime": {"datetime": "2024-01-19 00:27:13", "elapsed": 918.380186, "delta": 0.001555}}
{"target": -17.676745807431814, "params": {"gamma": 183.4603332479736, "log10_alpha": 0.7882694693754271, "log10_colsample_bytree": -0.6333171295676424, "log10_eta": -2.096205900034519, "log10_lambda": -4.685099309671181, "log10_min_child_weight": 4.2712189113708385, "log10_subsample": -0.80978478748321, "max_depth": 3.0, "num_boost_round": 17.0}, "datetime": {"datetime": "2024-01-19 00:27:13", "elapsed": 918.381691, "delta": 0.001505}}
{"target": -17.67663455701789, "params": {"gamma": 183.4603332479736, "log10_alpha": 0.7882694693754271, "log10_colsample_bytree": -0.6333171295676424, "log10_eta": -2.096205900034519, "log10_lambda": -4.685099309671181, "log10_min_child_weight": 4.2712189113708385, "log10_subsample": -0.80978478748321, "max_depth": 3.0, "num_boost_round": 18.0}, "datetime": {"datetime": "2024-01-19 00:27:13", "elapsed": 918.383195, "delta": 0.001504}}
{"target": -17.67657817457184, "params": {"gamma": 183.4603332479736, "log10_alpha": 0.7882694693754271, "log10_colsample_bytree": -0.6333171295676424, "log10_eta": -2.096205900034519, "log10_lambda": -4.685099309671181, "log10_min_child_weight": 4.2712189113708385, "log10_subsample": -0.80978478748321, "max_depth": 3.0, "num_boost_round": 19.0}, "datetime": {"datetime": "2024-01-19 00:27:13", "elapsed": 918.384698, "delta": 0.001503}}
{"target": -17.676551426731912, "params": {"gamma": 183.4603332479736, "log10_alpha": 0.7882694693754271, "log10_colsample_bytree": -0.6333171295676424, "log10_eta": -2.096205900034519, "log10_lambda": -4.685099309671181, "log10_min_child_weight": 4.2712189113708385, "log10_subsample": -0.80978478748321, "max_depth": 3.0, "num_boost_round": 20.0}, "datetime": {"datetime": "2024-01-19 00:27:13", "elapsed": 918.386216, "delta": 0.001518}}
{"target": -17.676565246028453, "params": {"gamma": 183.4603332479736, "log10_alpha": 0.7882694693754271, "log10_colsample_bytree": -0.6333171295676424, "log10_eta": -2.096205900034519, "log10_lambda": -4.685099309671181, "log10_min_child_weight": 4.2712189113708385, "log10_subsample": -0.80978478748321, "max_depth": 3.0, "num_boost_round": 21.0}, "datetime": {"datetime": "2024-01-19 00:27:13", "elapsed": 918.387687, "delta": 0.001471}}
{"target": -17.676537232333317, "params": {"gamma": 183.4603332479736, "log10_alpha": 0.7882694693754271, "log10_colsample_bytree": -0.6333171295676424, "log10_eta": -2.096205900034519, "log10_lambda": -4.685099309671181, "log10_min_child_weight": 4.2712189113708385, "log10_subsample": -0.80978478748321, "max_depth": 3.0, "num_boost_round": 22.0}, "datetime": {"datetime": "2024-01-19 00:27:13", "elapsed": 918.389155, "delta": 0.001468}}
{"target": -17.67642827484534, "params": {"gamma": 183.4603332479736, "log10_alpha": 0.7882694693754271, "log10_colsample_bytree": -0.6333171295676424, "log10_eta": -2.096205900034519, "log10_lambda": -4.685099309671181, "log10_min_child_weight": 4.2712189113708385, "log10_subsample": -0.80978478748321, "max_depth": 3.0, "num_boost_round": 23.0}, "datetime": {"datetime": "2024-01-19 00:27:13", "elapsed": 918.390647, "delta": 0.001492}}
{"target": -17.676506706031116, "params": {"gamma": 183.4603332479736, "log10_alpha": 0.7882694693754271, "log10_colsample_bytree": -0.6333171295676424, "log10_eta": -2.096205900034519, "log10_lambda": -4.685099309671181, "log10_min_child_weight": 4.2712189113708385, "log10_subsample": -0.80978478748321, "max_depth": 3.0, "num_boost_round": 24.0}, "datetime": {"datetime": "2024-01-19 00:27:13", "elapsed": 918.392151, "delta": 0.001504}}
{"target": -17.676480736555238, "params": {"gamma": 183.4603332479736, "log10_alpha": 0.7882694693754271, "log10_colsample_bytree": -0.6333171295676424, "log10_eta": -2.096205900034519, "log10_lambda": -4.685099309671181, "log10_min_child_weight": 4.2712189113708385, "log10_subsample": -0.80978478748321, "max_depth": 3.0, "num_boost_round": 25.0}, "datetime": {"datetime": "2024-01-19 00:27:13", "elapsed": 918.393637, "delta": 0.001486}}
{"target": -17.67647642699312, "params": {"gamma": 183.4603332479736, "log10_alpha": 0.7882694693754271, "log10_colsample_bytree": -0.6333171295676424, "log10_eta": -2.096205900034519, "log10_lambda": -4.685099309671181, "log10_min_child_weight": 4.2712189113708385, "log10_subsample": -0.80978478748321, "max_depth": 3.0, "num_boost_round": 26.0}, "datetime": {"datetime": "2024-01-19 00:27:13", "elapsed": 918.39512, "delta": 0.001483}}
{"target": -17.676477209756154, "params": {"gamma": 183.4603332479736, "log10_alpha": 0.7882694693754271, "log10_colsample_bytree": -0.6333171295676424, "log10_eta": -2.096205900034519, "log10_lambda": -4.685099309671181, "log10_min_child_weight": 4.2712189113708385, "log10_subsample": -0.80978478748321, "max_depth": 3.0, "num_boost_round": 27.0}, "datetime": {"datetime": "2024-01-19 00:27:13", "elapsed": 918.396614, "delta": 0.001494}}
{"target": -17.676416228784007, "params": {"gamma": 183.4603332479736, "log10_alpha": 0.7882694693754271, "log10_colsample_bytree": -0.6333171295676424, "log10_eta": -2.096205900034519, "log10_lambda": -4.685099309671181, "log10_min_child_weight": 4.2712189113708385, "log10_subsample": -0.80978478748321, "max_depth": 3.0, "num_boost_round": 28.0}, "datetime": {"datetime": "2024-01-19 00:27:13", "elapsed": 918.398117, "delta": 0.001503}}
{"target": -17.676363817606546, "params": {"gamma": 183.4603332479736, "log10_alpha": 0.7882694693754271, "log10_colsample_bytree": -0.6333171295676424, "log10_eta": -2.096205900034519, "log10_lambda": -4.685099309671181, "log10_min_child_weight": 4.2712189113708385, "log10_subsample": -0.80978478748321, "max_depth": 3.0, "num_boost_round": 29.0}, "datetime": {"datetime": "2024-01-19 00:27:13", "elapsed": 918.399636, "delta": 0.001519}}
{"target": -17.67634415039562, "params": {"gamma": 183.4603332479736, "log10_alpha": 0.7882694693754271, "log10_colsample_bytree": -0.6333171295676424, "log10_eta": -2.096205900034519, "log10_lambda": -4.685099309671181, "log10_min_child_weight": 4.2712189113708385, "log10_subsample": -0.80978478748321, "max_depth": 3.0, "num_boost_round": 30.0}, "datetime": {"datetime": "2024-01-19 00:27:13", "elapsed": 918.401143, "delta": 0.001507}}
{"target": -17.6762972490117, "params": {"gamma": 183.4603332479736, "log10_alpha": 0.7882694693754271, "log10_colsample_bytree": -0.6333171295676424, "log10_eta": -2.096205900034519, "log10_lambda": -4.685099309671181, "log10_min_child_weight": 4.2712189113708385, "log10_subsample": -0.80978478748321, "max_depth": 3.0, "num_boost_round": 31.0}, "datetime": {"datetime": "2024-01-19 00:27:13", "elapsed": 918.402625, "delta": 0.001482}}
{"target": -17.67620334347679, "params": {"gamma": 183.4603332479736, "log10_alpha": 0.7882694693754271, "log10_colsample_bytree": -0.6333171295676424, "log10_eta": -2.096205900034519, "log10_lambda": -4.685099309671181, "log10_min_child_weight": 4.2712189113708385, "log10_subsample": -0.80978478748321, "max_depth": 3.0, "num_boost_round": 32.0}, "datetime": {"datetime": "2024-01-19 00:27:13", "elapsed": 918.404136, "delta": 0.001511}}
{"target": -17.677053465926093, "params": {"gamma": 156.36307260807735, "log10_alpha": -1.5287527832873562, "log10_colsample_bytree": -0.38092561200196484, "log10_eta": -2.555505265404635, "log10_lambda": -4.376608729496496, "log10_min_child_weight": 0.7072381671468547, "log10_subsample": -0.7647820653248858, "max_depth": 3.0, "num_boost_round": 0.0}, "datetime": {"datetime": "2024-01-19 00:27:35", "elapsed": 939.774728, "delta": 21.370592}}
{"target": -17.676913369430622, "params": {"gamma": 156.36307260807735, "log10_alpha": -1.5287527832873562, "log10_colsample_bytree": -0.38092561200196484, "log10_eta": -2.555505265404635, "log10_lambda": -4.376608729496496, "log10_min_child_weight": 0.7072381671468547, "log10_subsample": -0.7647820653248858, "max_depth": 3.0, "num_boost_round": 1.0}, "datetime": {"datetime": "2024-01-19 00:27:35", "elapsed": 939.777081, "delta": 0.002353}}
{"target": -17.676771730831568, "params": {"gamma": 156.36307260807735, "log10_alpha": -1.5287527832873562, "log10_colsample_bytree": -0.38092561200196484, "log10_eta": -2.555505265404635, "log10_lambda": -4.376608729496496, "log10_min_child_weight": 0.7072381671468547, "log10_subsample": -0.7647820653248858, "max_depth": 3.0, "num_boost_round": 2.0}, "datetime": {"datetime": "2024-01-19 00:27:35", "elapsed": 939.779013, "delta": 0.001932}}
{"target": -17.676638397853388, "params": {"gamma": 156.36307260807735, "log10_alpha": -1.5287527832873562, "log10_colsample_bytree": -0.38092561200196484, "log10_eta": -2.555505265404635, "log10_lambda": -4.376608729496496, "log10_min_child_weight": 0.7072381671468547, "log10_subsample": -0.7647820653248858, "max_depth": 3.0, "num_boost_round": 3.0}, "datetime": {"datetime": "2024-01-19 00:27:35", "elapsed": 939.780517, "delta": 0.001504}}
{"target": -17.67656739127609, "params": {"gamma": 156.36307260807735, "log10_alpha": -1.5287527832873562, "log10_colsample_bytree": -0.38092561200196484, "log10_eta": -2.555505265404635, "log10_lambda": -4.376608729496496, "log10_min_child_weight": 0.7072381671468547, "log10_subsample": -0.7647820653248858, "max_depth": 3.0, "num_boost_round": 4.0}, "datetime": {"datetime": "2024-01-19 00:27:35", "elapsed": 939.782, "delta": 0.001483}}
{"target": -17.676483673010416, "params": {"gamma": 156.36307260807735, "log10_alpha": -1.5287527832873562, "log10_colsample_bytree": -0.38092561200196484, "log10_eta": -2.555505265404635, "log10_lambda": -4.376608729496496, "log10_min_child_weight": 0.7072381671468547, "log10_subsample": -0.7647820653248858, "max_depth": 3.0, "num_boost_round": 5.0}, "datetime": {"datetime": "2024-01-19 00:27:35", "elapsed": 939.783699, "delta": 0.001699}}
{"target": -17.676436892913532, "params": {"gamma": 156.36307260807735, "log10_alpha": -1.5287527832873562, "log10_colsample_bytree": -0.38092561200196484, "log10_eta": -2.555505265404635, "log10_lambda": -4.376608729496496, "log10_min_child_weight": 0.7072381671468547, "log10_subsample": -0.7647820653248858, "max_depth": 3.0, "num_boost_round": 6.0}, "datetime": {"datetime": "2024-01-19 00:27:35", "elapsed": 939.785283, "delta": 0.001584}}
{"target": -17.676321071109328, "params": {"gamma": 156.36307260807735, "log10_alpha": -1.5287527832873562, "log10_colsample_bytree": -0.38092561200196484, "log10_eta": -2.555505265404635, "log10_lambda": -4.376608729496496, "log10_min_child_weight": 0.7072381671468547, "log10_subsample": -0.7647820653248858, "max_depth": 3.0, "num_boost_round": 7.0}, "datetime": {"datetime": "2024-01-19 00:27:35", "elapsed": 939.786954, "delta": 0.001671}}
{"target": -17.676286618659834, "params": {"gamma": 156.36307260807735, "log10_alpha": -1.5287527832873562, "log10_colsample_bytree": -0.38092561200196484, "log10_eta": -2.555505265404635, "log10_lambda": -4.376608729496496, "log10_min_child_weight": 0.7072381671468547, "log10_subsample": -0.7647820653248858, "max_depth": 3.0, "num_boost_round": 8.0}, "datetime": {"datetime": "2024-01-19 00:27:35", "elapsed": 939.788676, "delta": 0.001722}}
{"target": -17.676176217010013, "params": {"gamma": 156.36307260807735, "log10_alpha": -1.5287527832873562, "log10_colsample_bytree": -0.38092561200196484, "log10_eta": -2.555505265404635, "log10_lambda": -4.376608729496496, "log10_min_child_weight": 0.7072381671468547, "log10_subsample": -0.7647820653248858, "max_depth": 3.0, "num_boost_round": 9.0}, "datetime": {"datetime": "2024-01-19 00:27:35", "elapsed": 939.790266, "delta": 0.00159}}
{"target": -17.676075466372623, "params": {"gamma": 156.36307260807735, "log10_alpha": -1.5287527832873562, "log10_colsample_bytree": -0.38092561200196484, "log10_eta": -2.555505265404635, "log10_lambda": -4.376608729496496, "log10_min_child_weight": 0.7072381671468547, "log10_subsample": -0.7647820653248858, "max_depth": 3.0, "num_boost_round": 10.0}, "datetime": {"datetime": "2024-01-19 00:27:35", "elapsed": 939.791793, "delta": 0.001527}}
{"target": -17.676054157252903, "params": {"gamma": 156.36307260807735, "log10_alpha": -1.5287527832873562, "log10_colsample_bytree": -0.38092561200196484, "log10_eta": -2.555505265404635, "log10_lambda": -4.376608729496496, "log10_min_child_weight": 0.7072381671468547, "log10_subsample": -0.7647820653248858, "max_depth": 3.0, "num_boost_round": 11.0}, "datetime": {"datetime": "2024-01-19 00:27:35", "elapsed": 939.793293, "delta": 0.0015}}
{"target": -17.67596011755538, "params": {"gamma": 156.36307260807735, "log10_alpha": -1.5287527832873562, "log10_colsample_bytree": -0.38092561200196484, "log10_eta": -2.555505265404635, "log10_lambda": -4.376608729496496, "log10_min_child_weight": 0.7072381671468547, "log10_subsample": -0.7647820653248858, "max_depth": 3.0, "num_boost_round": 12.0}, "datetime": {"datetime": "2024-01-19 00:27:35", "elapsed": 939.794811, "delta": 0.001518}}
{"target": -17.677228750206165, "params": {"gamma": 164.92304422917314, "log10_alpha": -3.0889847342304737, "log10_colsample_bytree": -0.1409547855247908, "log10_eta": -3.8370069567570386, "log10_lambda": -4.928371448121203, "log10_min_child_weight": 1.4890050377177872, "log10_subsample": -0.2489564678369829, "max_depth": 2.0, "num_boost_round": 0.0}, "datetime": {"datetime": "2024-01-19 00:28:02", "elapsed": 967.203701, "delta": 27.40889}}
{"target": -17.67722471745982, "params": {"gamma": 164.92304422917314, "log10_alpha": -3.0889847342304737, "log10_colsample_bytree": -0.1409547855247908, "log10_eta": -3.8370069567570386, "log10_lambda": -4.928371448121203, "log10_min_child_weight": 1.4890050377177872, "log10_subsample": -0.2489564678369829, "max_depth": 2.0, "num_boost_round": 1.0}, "datetime": {"datetime": "2024-01-19 00:28:02", "elapsed": 967.205946, "delta": 0.002245}}
{"target": -17.677220487788603, "params": {"gamma": 164.92304422917314, "log10_alpha": -3.0889847342304737, "log10_colsample_bytree": -0.1409547855247908, "log10_eta": -3.8370069567570386, "log10_lambda": -4.928371448121203, "log10_min_child_weight": 1.4890050377177872, "log10_subsample": -0.2489564678369829, "max_depth": 2.0, "num_boost_round": 2.0}, "datetime": {"datetime": "2024-01-19 00:28:02", "elapsed": 967.208394, "delta": 0.002448}}
{"target": -17.67721768017506, "params": {"gamma": 164.92304422917314, "log10_alpha": -3.0889847342304737, "log10_colsample_bytree": -0.1409547855247908, "log10_eta": -3.8370069567570386, "log10_lambda": -4.928371448121203, "log10_min_child_weight": 1.4890050377177872, "log10_subsample": -0.2489564678369829, "max_depth": 2.0, "num_boost_round": 3.0}, "datetime": {"datetime": "2024-01-19 00:28:02", "elapsed": 967.210231, "delta": 0.001837}}
{"target": -17.67721489001352, "params": {"gamma": 164.92304422917314, "log10_alpha": -3.0889847342304737, "log10_colsample_bytree": -0.1409547855247908, "log10_eta": -3.8370069567570386, "log10_lambda": -4.928371448121203, "log10_min_child_weight": 1.4890050377177872, "log10_subsample": -0.2489564678369829, "max_depth": 2.0, "num_boost_round": 4.0}, "datetime": {"datetime": "2024-01-19 00:28:02", "elapsed": 967.212023, "delta": 0.001792}}
{"target": -17.677210863469444, "params": {"gamma": 164.92304422917314, "log10_alpha": -3.0889847342304737, "log10_colsample_bytree": -0.1409547855247908, "log10_eta": -3.8370069567570386, "log10_lambda": -4.928371448121203, "log10_min_child_weight": 1.4890050377177872, "log10_subsample": -0.2489564678369829, "max_depth": 2.0, "num_boost_round": 5.0}, "datetime": {"datetime": "2024-01-19 00:28:02", "elapsed": 967.213642, "delta": 0.001619}}
{"target": -17.677208249599097, "params": {"gamma": 164.92304422917314, "log10_alpha": -3.0889847342304737, "log10_colsample_bytree": -0.1409547855247908, "log10_eta": -3.8370069567570386, "log10_lambda": -4.928371448121203, "log10_min_child_weight": 1.4890050377177872, "log10_subsample": -0.2489564678369829, "max_depth": 2.0, "num_boost_round": 6.0}, "datetime": {"datetime": "2024-01-19 00:28:02", "elapsed": 967.215083, "delta": 0.001441}}
{"target": -17.677204169500257, "params": {"gamma": 164.92304422917314, "log10_alpha": -3.0889847342304737, "log10_colsample_bytree": -0.1409547855247908, "log10_eta": -3.8370069567570386, "log10_lambda": -4.928371448121203, "log10_min_child_weight": 1.4890050377177872, "log10_subsample": -0.2489564678369829, "max_depth": 2.0, "num_boost_round": 7.0}, "datetime": {"datetime": "2024-01-19 00:28:02", "elapsed": 967.216592, "delta": 0.001509}}
{"target": -17.677200039812668, "params": {"gamma": 164.92304422917314, "log10_alpha": -3.0889847342304737, "log10_colsample_bytree": -0.1409547855247908, "log10_eta": -3.8370069567570386, "log10_lambda": -4.928371448121203, "log10_min_child_weight": 1.4890050377177872, "log10_subsample": -0.2489564678369829, "max_depth": 2.0, "num_boost_round": 8.0}, "datetime": {"datetime": "2024-01-19 00:28:02", "elapsed": 967.218079, "delta": 0.001487}}
{"target": -17.677196037320282, "params": {"gamma": 164.92304422917314, "log10_alpha": -3.0889847342304737, "log10_colsample_bytree": -0.1409547855247908, "log10_eta": -3.8370069567570386, "log10_lambda": -4.928371448121203, "log10_min_child_weight": 1.4890050377177872, "log10_subsample": -0.2489564678369829, "max_depth": 2.0, "num_boost_round": 9.0}, "datetime": {"datetime": "2024-01-19 00:28:02", "elapsed": 967.219673, "delta": 0.001594}}
{"target": -17.677191936990983, "params": {"gamma": 164.92304422917314, "log10_alpha": -3.0889847342304737, "log10_colsample_bytree": -0.1409547855247908, "log10_eta": -3.8370069567570386, "log10_lambda": -4.928371448121203, "log10_min_child_weight": 1.4890050377177872, "log10_subsample": -0.2489564678369829, "max_depth": 2.0, "num_boost_round": 10.0}, "datetime": {"datetime": "2024-01-19 00:28:02", "elapsed": 967.22118, "delta": 0.001507}}
{"target": -17.67718776734096, "params": {"gamma": 164.92304422917314, "log10_alpha": -3.0889847342304737, "log10_colsample_bytree": -0.1409547855247908, "log10_eta": -3.8370069567570386, "log10_lambda": -4.928371448121203, "log10_min_child_weight": 1.4890050377177872, "log10_subsample": -0.2489564678369829, "max_depth": 2.0, "num_boost_round": 11.0}, "datetime": {"datetime": "2024-01-19 00:28:02", "elapsed": 967.222652, "delta": 0.001472}}
{"target": -17.677183794348924, "params": {"gamma": 164.92304422917314, "log10_alpha": -3.0889847342304737, "log10_colsample_bytree": -0.1409547855247908, "log10_eta": -3.8370069567570386, "log10_lambda": -4.928371448121203, "log10_min_child_weight": 1.4890050377177872, "log10_subsample": -0.2489564678369829, "max_depth": 2.0, "num_boost_round": 12.0}, "datetime": {"datetime": "2024-01-19 00:28:02", "elapsed": 967.224097, "delta": 0.001445}}
{"target": -17.677179742302755, "params": {"gamma": 164.92304422917314, "log10_alpha": -3.0889847342304737, "log10_colsample_bytree": -0.1409547855247908, "log10_eta": -3.8370069567570386, "log10_lambda": -4.928371448121203, "log10_min_child_weight": 1.4890050377177872, "log10_subsample": -0.2489564678369829, "max_depth": 2.0, "num_boost_round": 13.0}, "datetime": {"datetime": "2024-01-19 00:28:02", "elapsed": 967.225555, "delta": 0.001458}}
{"target": -17.6771757468262, "params": {"gamma": 164.92304422917314, "log10_alpha": -3.0889847342304737, "log10_colsample_bytree": -0.1409547855247908, "log10_eta": -3.8370069567570386, "log10_lambda": -4.928371448121203, "log10_min_child_weight": 1.4890050377177872, "log10_subsample": -0.2489564678369829, "max_depth": 2.0, "num_boost_round": 14.0}, "datetime": {"datetime": "2024-01-19 00:28:02", "elapsed": 967.227137, "delta": 0.001582}}
{"target": -17.677171445471057, "params": {"gamma": 164.92304422917314, "log10_alpha": -3.0889847342304737, "log10_colsample_bytree": -0.1409547855247908, "log10_eta": -3.8370069567570386, "log10_lambda": -4.928371448121203, "log10_min_child_weight": 1.4890050377177872, "log10_subsample": -0.2489564678369829, "max_depth": 2.0, "num_boost_round": 15.0}, "datetime": {"datetime": "2024-01-19 00:28:02", "elapsed": 967.228599, "delta": 0.001462}}
{"target": -17.677167887044362, "params": {"gamma": 164.92304422917314, "log10_alpha": -3.0889847342304737, "log10_colsample_bytree": -0.1409547855247908, "log10_eta": -3.8370069567570386, "log10_lambda": -4.928371448121203, "log10_min_child_weight": 1.4890050377177872, "log10_subsample": -0.2489564678369829, "max_depth": 2.0, "num_boost_round": 16.0}, "datetime": {"datetime": "2024-01-19 00:28:02", "elapsed": 967.230052, "delta": 0.001453}}
{"target": -17.677163887850227, "params": {"gamma": 164.92304422917314, "log10_alpha": -3.0889847342304737, "log10_colsample_bytree": -0.1409547855247908, "log10_eta": -3.8370069567570386, "log10_lambda": -4.928371448121203, "log10_min_child_weight": 1.4890050377177872, "log10_subsample": -0.2489564678369829, "max_depth": 2.0, "num_boost_round": 17.0}, "datetime": {"datetime": "2024-01-19 00:28:02", "elapsed": 967.231514, "delta": 0.001462}}
{"target": -17.677161092542846, "params": {"gamma": 164.92304422917314, "log10_alpha": -3.0889847342304737, "log10_colsample_bytree": -0.1409547855247908, "log10_eta": -3.8370069567570386, "log10_lambda": -4.928371448121203, "log10_min_child_weight": 1.4890050377177872, "log10_subsample": -0.2489564678369829, "max_depth": 2.0, "num_boost_round": 18.0}, "datetime": {"datetime": "2024-01-19 00:28:02", "elapsed": 967.232956, "delta": 0.001442}}
