{"target": -17.489315679645184, "params": {"gamma": 563.4716121669204, "log10_alpha": -4.71124781798262, "log10_colsample_bytree": -0.05686646707643217, "log10_eta": -0.006360264866208443, "log10_lambda": 0.8195711975142039, "log10_min_child_weight": 0.798362441787831, "log10_subsample": -0.10750282979320003, "max_depth": 8.0, "num_boost_round": 30.0}, "datetime": {"datetime": "2024-01-19 01:29:36", "elapsed": 4708.000393, "delta": 0.004954}}
{"target": -17.537619963652535, "params": {"gamma": 563.4716121669204, "log10_alpha": -4.71124781798262, "log10_colsample_bytree": -0.05686646707643217, "log10_eta": -0.006360264866208443, "log10_lambda": 0.8195711975142039, "log10_min_child_weight": 0.798362441787831, "log10_subsample": -0.10750282979320003, "max_depth": 8.0, "num_boost_round": 31.0}, "datetime": {"datetime": "2024-01-19 01:29:36", "elapsed": 4708.005318, "delta": 0.004925}}
{"target": -17.557922509995453, "params": {"gamma": 563.4716121669204, "log10_alpha": -4.71124781798262, "log10_colsample_bytree": -0.05686646707643217, "log10_eta": -0.006360264866208443, "log10_lambda": 0.8195711975142039, "log10_min_child_weight": 0.798362441787831, "log10_subsample": -0.10750282979320003, "max_depth": 8.0, "num_boost_round": 32.0}, "datetime": {"datetime": "2024-01-19 01:29:36", "elapsed": 4708.010484, "delta": 0.005166}}
{"target": -17.566386459881183, "params": {"gamma": 563.4716121669204, "log10_alpha": -4.71124781798262, "log10_colsample_bytree": -0.05686646707643217, "log10_eta": -0.006360264866208443, "log10_lambda": 0.8195711975142039, "log10_min_child_weight": 0.798362441787831, "log10_subsample": -0.10750282979320003, "max_depth": 8.0, "num_boost_round": 33.0}, "datetime": {"datetime": "2024-01-19 01:29:36", "elapsed": 4708.015424, "delta": 0.00494}}
{"target": -17.607406726140802, "params": {"gamma": 563.4716121669204, "log10_alpha": -4.71124781798262, "log10_colsample_bytree": -0.05686646707643217, "log10_eta": -0.006360264866208443, "log10_lambda": 0.8195711975142039, "log10_min_child_weight": 0.798362441787831, "log10_subsample": -0.10750282979320003, "max_depth": 8.0, "num_boost_round": 34.0}, "datetime": {"datetime": "2024-01-19 01:29:36", "elapsed": 4708.02048, "delta": 0.005056}}
{"target": -17.62374419846883, "params": {"gamma": 563.4716121669204, "log10_alpha": -4.71124781798262, "log10_colsample_bytree": -0.05686646707643217, "log10_eta": -0.006360264866208443, "log10_lambda": 0.8195711975142039, "log10_min_child_weight": 0.798362441787831, "log10_subsample": -0.10750282979320003, "max_depth": 8.0, "num_boost_round": 35.0}, "datetime": {"datetime": "2024-01-19 01:29:36", "elapsed": 4708.025393, "delta": 0.004913}}
{"target": -17.631557058032154, "params": {"gamma": 563.4716121669204, "log10_alpha": -4.71124781798262, "log10_colsample_bytree": -0.05686646707643217, "log10_eta": -0.006360264866208443, "log10_lambda": 0.8195711975142039, "log10_min_child_weight": 0.798362441787831, "log10_subsample": -0.10750282979320003, "max_depth": 8.0, "num_boost_round": 36.0}, "datetime": {"datetime": "2024-01-19 01:29:36", "elapsed": 4708.030634, "delta": 0.005241}}
{"target": -17.680031605513875, "params": {"gamma": 563.4716121669204, "log10_alpha": -4.71124781798262, "log10_colsample_bytree": -0.05686646707643217, "log10_eta": -0.006360264866208443, "log10_lambda": 0.8195711975142039, "log10_min_child_weight": 0.798362441787831, "log10_subsample": -0.10750282979320003, "max_depth": 8.0, "num_boost_round": 37.0}, "datetime": {"datetime": "2024-01-19 01:29:36", "elapsed": 4708.035544, "delta": 0.00491}}
{"target": -17.694685980155583, "params": {"gamma": 563.4716121669204, "log10_alpha": -4.71124781798262, "log10_colsample_bytree": -0.05686646707643217, "log10_eta": -0.006360264866208443, "log10_lambda": 0.8195711975142039, "log10_min_child_weight": 0.798362441787831, "log10_subsample": -0.10750282979320003, "max_depth": 8.0, "num_boost_round": 38.0}, "datetime": {"datetime": "2024-01-19 01:29:36", "elapsed": 4708.040557, "delta": 0.005013}}
{"target": -17.71303279945106, "params": {"gamma": 563.4716121669204, "log10_alpha": -4.71124781798262, "log10_colsample_bytree": -0.05686646707643217, "log10_eta": -0.006360264866208443, "log10_lambda": 0.8195711975142039, "log10_min_child_weight": 0.798362441787831, "log10_subsample": -0.10750282979320003, "max_depth": 8.0, "num_boost_round": 39.0}, "datetime": {"datetime": "2024-01-19 01:29:36", "elapsed": 4708.045517, "delta": 0.00496}}
{"target": -17.739529036944333, "params": {"gamma": 563.4716121669204, "log10_alpha": -4.71124781798262, "log10_colsample_bytree": -0.05686646707643217, "log10_eta": -0.006360264866208443, "log10_lambda": 0.8195711975142039, "log10_min_child_weight": 0.798362441787831, "log10_subsample": -0.10750282979320003, "max_depth": 8.0, "num_boost_round": 40.0}, "datetime": {"datetime": "2024-01-19 01:29:36", "elapsed": 4708.050625, "delta": 0.005108}}
{"target": -17.762761255249814, "params": {"gamma": 563.4716121669204, "log10_alpha": -4.71124781798262, "log10_colsample_bytree": -0.05686646707643217, "log10_eta": -0.006360264866208443, "log10_lambda": 0.8195711975142039, "log10_min_child_weight": 0.798362441787831, "log10_subsample": -0.10750282979320003, "max_depth": 8.0, "num_boost_round": 41.0}, "datetime": {"datetime": "2024-01-19 01:29:36", "elapsed": 4708.055587, "delta": 0.004962}}
{"target": -17.765107253173447, "params": {"gamma": 563.4716121669204, "log10_alpha": -4.71124781798262, "log10_colsample_bytree": -0.05686646707643217, "log10_eta": -0.006360264866208443, "log10_lambda": 0.8195711975142039, "log10_min_child_weight": 0.798362441787831, "log10_subsample": -0.10750282979320003, "max_depth": 8.0, "num_boost_round": 42.0}, "datetime": {"datetime": "2024-01-19 01:29:36", "elapsed": 4708.060532, "delta": 0.004945}}
{"target": -17.7957381844117, "params": {"gamma": 563.4716121669204, "log10_alpha": -4.71124781798262, "log10_colsample_bytree": -0.05686646707643217, "log10_eta": -0.006360264866208443, "log10_lambda": 0.8195711975142039, "log10_min_child_weight": 0.798362441787831, "log10_subsample": -0.10750282979320003, "max_depth": 8.0, "num_boost_round": 43.0}, "datetime": {"datetime": "2024-01-19 01:29:36", "elapsed": 4708.065484, "delta": 0.004952}}
{"target": -17.824208495176467, "params": {"gamma": 563.4716121669204, "log10_alpha": -4.71124781798262, "log10_colsample_bytree": -0.05686646707643217, "log10_eta": -0.006360264866208443, "log10_lambda": 0.8195711975142039, "log10_min_child_weight": 0.798362441787831, "log10_subsample": -0.10750282979320003, "max_depth": 8.0, "num_boost_round": 44.0}, "datetime": {"datetime": "2024-01-19 01:29:36", "elapsed": 4708.071655, "delta": 0.006171}}
{"target": -17.833961056324593, "params": {"gamma": 563.4716121669204, "log10_alpha": -4.71124781798262, "log10_colsample_bytree": -0.05686646707643217, "log10_eta": -0.006360264866208443, "log10_lambda": 0.8195711975142039, "log10_min_child_weight": 0.798362441787831, "log10_subsample": -0.10750282979320003, "max_depth": 8.0, "num_boost_round": 45.0}, "datetime": {"datetime": "2024-01-19 01:29:36", "elapsed": 4708.076656, "delta": 0.005001}}
{"target": -17.873616172579357, "params": {"gamma": 563.4716121669204, "log10_alpha": -4.71124781798262, "log10_colsample_bytree": -0.05686646707643217, "log10_eta": -0.006360264866208443, "log10_lambda": 0.8195711975142039, "log10_min_child_weight": 0.798362441787831, "log10_subsample": -0.10750282979320003, "max_depth": 8.0, "num_boost_round": 46.0}, "datetime": {"datetime": "2024-01-19 01:29:36", "elapsed": 4708.081712, "delta": 0.005056}}
{"target": -17.888081657222955, "params": {"gamma": 563.4716121669204, "log10_alpha": -4.71124781798262, "log10_colsample_bytree": -0.05686646707643217, "log10_eta": -0.006360264866208443, "log10_lambda": 0.8195711975142039, "log10_min_child_weight": 0.798362441787831, "log10_subsample": -0.10750282979320003, "max_depth": 8.0, "num_boost_round": 47.0}, "datetime": {"datetime": "2024-01-19 01:29:36", "elapsed": 4708.086657, "delta": 0.004945}}
{"target": -17.904448965423892, "params": {"gamma": 563.4716121669204, "log10_alpha": -4.71124781798262, "log10_colsample_bytree": -0.05686646707643217, "log10_eta": -0.006360264866208443, "log10_lambda": 0.8195711975142039, "log10_min_child_weight": 0.798362441787831, "log10_subsample": -0.10750282979320003, "max_depth": 8.0, "num_boost_round": 48.0}, "datetime": {"datetime": "2024-01-19 01:29:36", "elapsed": 4708.091699, "delta": 0.005042}}
{"target": -17.937331033111935, "params": {"gamma": 563.4716121669204, "log10_alpha": -4.71124781798262, "log10_colsample_bytree": -0.05686646707643217, "log10_eta": -0.006360264866208443, "log10_lambda": 0.8195711975142039, "log10_min_child_weight": 0.798362441787831, "log10_subsample": -0.10750282979320003, "max_depth": 8.0, "num_boost_round": 49.0}, "datetime": {"datetime": "2024-01-19 01:29:36", "elapsed": 4708.096625, "delta": 0.004926}}
{"target": -17.951911514353533, "params": {"gamma": 563.4716121669204, "log10_alpha": -4.71124781798262, "log10_colsample_bytree": -0.05686646707643217, "log10_eta": -0.006360264866208443, "log10_lambda": 0.8195711975142039, "log10_min_child_weight": 0.798362441787831, "log10_subsample": -0.10750282979320003, "max_depth": 8.0, "num_boost_round": 50.0}, "datetime": {"datetime": "2024-01-19 01:29:36", "elapsed": 4708.101608, "delta": 0.004983}}
{"target": -17.97998648266823, "params": {"gamma": 563.4716121669204, "log10_alpha": -4.71124781798262, "log10_colsample_bytree": -0.05686646707643217, "log10_eta": -0.006360264866208443, "log10_lambda": 0.8195711975142039, "log10_min_child_weight": 0.798362441787831, "log10_subsample": -0.10750282979320003, "max_depth": 8.0, "num_boost_round": 51.0}, "datetime": {"datetime": "2024-01-19 01:29:36", "elapsed": 4708.106637, "delta": 0.005029}}
{"target": -17.980691998360353, "params": {"gamma": 563.4716121669204, "log10_alpha": -4.71124781798262, "log10_colsample_bytree": -0.05686646707643217, "log10_eta": -0.006360264866208443, "log10_lambda": 0.8195711975142039, "log10_min_child_weight": 0.798362441787831, "log10_subsample": -0.10750282979320003, "max_depth": 8.0, "num_boost_round": 52.0}, "datetime": {"datetime": "2024-01-19 01:29:36", "elapsed": 4708.111768, "delta": 0.005131}}
{"target": -18.00256560508705, "params": {"gamma": 563.4716121669204, "log10_alpha": -4.71124781798262, "log10_colsample_bytree": -0.05686646707643217, "log10_eta": -0.006360264866208443, "log10_lambda": 0.8195711975142039, "log10_min_child_weight": 0.798362441787831, "log10_subsample": -0.10750282979320003, "max_depth": 8.0, "num_boost_round": 53.0}, "datetime": {"datetime": "2024-01-19 01:29:36", "elapsed": 4708.116756, "delta": 0.004988}}
{"target": -18.0280304455295, "params": {"gamma": 563.4716121669204, "log10_alpha": -4.71124781798262, "log10_colsample_bytree": -0.05686646707643217, "log10_eta": -0.006360264866208443, "log10_lambda": 0.8195711975142039, "log10_min_child_weight": 0.798362441787831, "log10_subsample": -0.10750282979320003, "max_depth": 8.0, "num_boost_round": 54.0}, "datetime": {"datetime": "2024-01-19 01:29:36", "elapsed": 4708.122433, "delta": 0.005677}}
{"target": -18.055920978108137, "params": {"gamma": 563.4716121669204, "log10_alpha": -4.71124781798262, "log10_colsample_bytree": -0.05686646707643217, "log10_eta": -0.006360264866208443, "log10_lambda": 0.8195711975142039, "log10_min_child_weight": 0.798362441787831, "log10_subsample": -0.10750282979320003, "max_depth": 8.0, "num_boost_round": 55.0}, "datetime": {"datetime": "2024-01-19 01:29:36", "elapsed": 4708.127494, "delta": 0.005061}}
{"target": -18.065114504422084, "params": {"gamma": 563.4716121669204, "log10_alpha": -4.71124781798262, "log10_colsample_bytree": -0.05686646707643217, "log10_eta": -0.006360264866208443, "log10_lambda": 0.8195711975142039, "log10_min_child_weight": 0.798362441787831, "log10_subsample": -0.10750282979320003, "max_depth": 8.0, "num_boost_round": 56.0}, "datetime": {"datetime": "2024-01-19 01:29:36", "elapsed": 4708.132615, "delta": 0.005121}}
{"target": -18.08515217416865, "params": {"gamma": 563.4716121669204, "log10_alpha": -4.71124781798262, "log10_colsample_bytree": -0.05686646707643217, "log10_eta": -0.006360264866208443, "log10_lambda": 0.8195711975142039, "log10_min_child_weight": 0.798362441787831, "log10_subsample": -0.10750282979320003, "max_depth": 8.0, "num_boost_round": 57.0}, "datetime": {"datetime": "2024-01-19 01:29:36", "elapsed": 4708.137631, "delta": 0.005016}}
{"target": -18.123956514095983, "params": {"gamma": 563.4716121669204, "log10_alpha": -4.71124781798262, "log10_colsample_bytree": -0.05686646707643217, "log10_eta": -0.006360264866208443, "log10_lambda": 0.8195711975142039, "log10_min_child_weight": 0.798362441787831, "log10_subsample": -0.10750282979320003, "max_depth": 8.0, "num_boost_round": 58.0}, "datetime": {"datetime": "2024-01-19 01:29:36", "elapsed": 4708.142581, "delta": 0.00495}}
{"target": -18.137734781121903, "params": {"gamma": 563.4716121669204, "log10_alpha": -4.71124781798262, "log10_colsample_bytree": -0.05686646707643217, "log10_eta": -0.006360264866208443, "log10_lambda": 0.8195711975142039, "log10_min_child_weight": 0.798362441787831, "log10_subsample": -0.10750282979320003, "max_depth": 8.0, "num_boost_round": 59.0}, "datetime": {"datetime": "2024-01-19 01:29:36", "elapsed": 4708.147659, "delta": 0.005078}}
{"target": -13.758477464530372, "params": {"gamma": 564.8746389987256, "log10_alpha": -3.8979921313474746, "log10_colsample_bytree": -0.12537301336539464, "log10_eta": -2.346256951104831, "log10_lambda": -4.966397766500083, "log10_min_child_weight": 4.071898920190408, "log10_subsample": -0.14116696018445307, "max_depth": 6.0, "num_boost_round": 0.0}, "datetime": {"datetime": "2024-01-19 01:30:33", "elapsed": 4765.579628, "delta": 57.431969}}
{"target": -13.758415457925985, "params": {"gamma": 564.8746389987256, "log10_alpha": -3.8979921313474746, "log10_colsample_bytree": -0.12537301336539464, "log10_eta": -2.346256951104831, "log10_lambda": -4.966397766500083, "log10_min_child_weight": 4.071898920190408, "log10_subsample": -0.14116696018445307, "max_depth": 6.0, "num_boost_round": 1.0}, "datetime": {"datetime": "2024-01-19 01:30:33", "elapsed": 4765.585988, "delta": 0.00636}}
{"target": -13.758418758967629, "params": {"gamma": 564.8746389987256, "log10_alpha": -3.8979921313474746, "log10_colsample_bytree": -0.12537301336539464, "log10_eta": -2.346256951104831, "log10_lambda": -4.966397766500083, "log10_min_child_weight": 4.071898920190408, "log10_subsample": -0.14116696018445307, "max_depth": 6.0, "num_boost_round": 2.0}, "datetime": {"datetime": "2024-01-19 01:30:33", "elapsed": 4765.591499, "delta": 0.005511}}
{"target": -13.758456620618746, "params": {"gamma": 564.8746389987256, "log10_alpha": -3.8979921313474746, "log10_colsample_bytree": -0.12537301336539464, "log10_eta": -2.346256951104831, "log10_lambda": -4.966397766500083, "log10_min_child_weight": 4.071898920190408, "log10_subsample": -0.14116696018445307, "max_depth": 6.0, "num_boost_round": 3.0}, "datetime": {"datetime": "2024-01-19 01:30:33", "elapsed": 4765.596839, "delta": 0.00534}}
{"target": -13.75840279739158, "params": {"gamma": 564.8746389987256, "log10_alpha": -3.8979921313474746, "log10_colsample_bytree": -0.12537301336539464, "log10_eta": -2.346256951104831, "log10_lambda": -4.966397766500083, "log10_min_child_weight": 4.071898920190408, "log10_subsample": -0.14116696018445307, "max_depth": 6.0, "num_boost_round": 4.0}, "datetime": {"datetime": "2024-01-19 01:30:33", "elapsed": 4765.601951, "delta": 0.005112}}
{"target": -13.758368370981652, "params": {"gamma": 564.8746389987256, "log10_alpha": -3.8979921313474746, "log10_colsample_bytree": -0.12537301336539464, "log10_eta": -2.346256951104831, "log10_lambda": -4.966397766500083, "log10_min_child_weight": 4.071898920190408, "log10_subsample": -0.14116696018445307, "max_depth": 6.0, "num_boost_round": 5.0}, "datetime": {"datetime": "2024-01-19 01:30:33", "elapsed": 4765.607057, "delta": 0.005106}}
{"target": -13.758318336485322, "params": {"gamma": 564.8746389987256, "log10_alpha": -3.8979921313474746, "log10_colsample_bytree": -0.12537301336539464, "log10_eta": -2.346256951104831, "log10_lambda": -4.966397766500083, "log10_min_child_weight": 4.071898920190408, "log10_subsample": -0.14116696018445307, "max_depth": 6.0, "num_boost_round": 6.0}, "datetime": {"datetime": "2024-01-19 01:30:33", "elapsed": 4765.612147, "delta": 0.00509}}
{"target": -13.75825255729331, "params": {"gamma": 564.8746389987256, "log10_alpha": -3.8979921313474746, "log10_colsample_bytree": -0.12537301336539464, "log10_eta": -2.346256951104831, "log10_lambda": -4.966397766500083, "log10_min_child_weight": 4.071898920190408, "log10_subsample": -0.14116696018445307, "max_depth": 6.0, "num_boost_round": 7.0}, "datetime": {"datetime": "2024-01-19 01:30:33", "elapsed": 4765.617352, "delta": 0.005205}}
{"target": -13.758203848193618, "params": {"gamma": 564.8746389987256, "log10_alpha": -3.8979921313474746, "log10_colsample_bytree": -0.12537301336539464, "log10_eta": -2.346256951104831, "log10_lambda": -4.966397766500083, "log10_min_child_weight": 4.071898920190408, "log10_subsample": -0.14116696018445307, "max_depth": 6.0, "num_boost_round": 8.0}, "datetime": {"datetime": "2024-01-19 01:30:33", "elapsed": 4765.622549, "delta": 0.005197}}
{"target": -13.758153657941792, "params": {"gamma": 564.8746389987256, "log10_alpha": -3.8979921313474746, "log10_colsample_bytree": -0.12537301336539464, "log10_eta": -2.346256951104831, "log10_lambda": -4.966397766500083, "log10_min_child_weight": 4.071898920190408, "log10_subsample": -0.14116696018445307, "max_depth": 6.0, "num_boost_round": 9.0}, "datetime": {"datetime": "2024-01-19 01:30:33", "elapsed": 4765.627632, "delta": 0.005083}}
{"target": -13.758110949443495, "params": {"gamma": 564.8746389987256, "log10_alpha": -3.8979921313474746, "log10_colsample_bytree": -0.12537301336539464, "log10_eta": -2.346256951104831, "log10_lambda": -4.966397766500083, "log10_min_child_weight": 4.071898920190408, "log10_subsample": -0.14116696018445307, "max_depth": 6.0, "num_boost_round": 10.0}, "datetime": {"datetime": "2024-01-19 01:30:33", "elapsed": 4765.632805, "delta": 0.005173}}
{"target": -13.757985730823638, "params": {"gamma": 564.8746389987256, "log10_alpha": -3.8979921313474746, "log10_colsample_bytree": -0.12537301336539464, "log10_eta": -2.346256951104831, "log10_lambda": -4.966397766500083, "log10_min_child_weight": 4.071898920190408, "log10_subsample": -0.14116696018445307, "max_depth": 6.0, "num_boost_round": 11.0}, "datetime": {"datetime": "2024-01-19 01:30:33", "elapsed": 4765.638019, "delta": 0.005214}}
{"target": -13.75792851008068, "params": {"gamma": 564.8746389987256, "log10_alpha": -3.8979921313474746, "log10_colsample_bytree": -0.12537301336539464, "log10_eta": -2.346256951104831, "log10_lambda": -4.966397766500083, "log10_min_child_weight": 4.071898920190408, "log10_subsample": -0.14116696018445307, "max_depth": 6.0, "num_boost_round": 12.0}, "datetime": {"datetime": "2024-01-19 01:30:33", "elapsed": 4765.643177, "delta": 0.005158}}
{"target": -13.75788716159134, "params": {"gamma": 564.8746389987256, "log10_alpha": -3.8979921313474746, "log10_colsample_bytree": -0.12537301336539464, "log10_eta": -2.346256951104831, "log10_lambda": -4.966397766500083, "log10_min_child_weight": 4.071898920190408, "log10_subsample": -0.14116696018445307, "max_depth": 6.0, "num_boost_round": 13.0}, "datetime": {"datetime": "2024-01-19 01:30:33", "elapsed": 4765.648204, "delta": 0.005027}}
{"target": -13.757858654001682, "params": {"gamma": 564.8746389987256, "log10_alpha": -3.8979921313474746, "log10_colsample_bytree": -0.12537301336539464, "log10_eta": -2.346256951104831, "log10_lambda": -4.966397766500083, "log10_min_child_weight": 4.071898920190408, "log10_subsample": -0.14116696018445307, "max_depth": 6.0, "num_boost_round": 14.0}, "datetime": {"datetime": "2024-01-19 01:30:33", "elapsed": 4765.653368, "delta": 0.005164}}
{"target": -13.757842977490665, "params": {"gamma": 564.8746389987256, "log10_alpha": -3.8979921313474746, "log10_colsample_bytree": -0.12537301336539464, "log10_eta": -2.346256951104831, "log10_lambda": -4.966397766500083, "log10_min_child_weight": 4.071898920190408, "log10_subsample": -0.14116696018445307, "max_depth": 6.0, "num_boost_round": 15.0}, "datetime": {"datetime": "2024-01-19 01:30:33", "elapsed": 4765.658629, "delta": 0.005261}}
{"target": -13.75778893616356, "params": {"gamma": 564.8746389987256, "log10_alpha": -3.8979921313474746, "log10_colsample_bytree": -0.12537301336539464, "log10_eta": -2.346256951104831, "log10_lambda": -4.966397766500083, "log10_min_child_weight": 4.071898920190408, "log10_subsample": -0.14116696018445307, "max_depth": 6.0, "num_boost_round": 16.0}, "datetime": {"datetime": "2024-01-19 01:30:33", "elapsed": 4765.663794, "delta": 0.005165}}
{"target": -13.757729322755798, "params": {"gamma": 564.8746389987256, "log10_alpha": -3.8979921313474746, "log10_colsample_bytree": -0.12537301336539464, "log10_eta": -2.346256951104831, "log10_lambda": -4.966397766500083, "log10_min_child_weight": 4.071898920190408, "log10_subsample": -0.14116696018445307, "max_depth": 6.0, "num_boost_round": 17.0}, "datetime": {"datetime": "2024-01-19 01:30:33", "elapsed": 4765.668832, "delta": 0.005038}}
{"target": -13.75764860628273, "params": {"gamma": 564.8746389987256, "log10_alpha": -3.8979921313474746, "log10_colsample_bytree": -0.12537301336539464, "log10_eta": -2.346256951104831, "log10_lambda": -4.966397766500083, "log10_min_child_weight": 4.071898920190408, "log10_subsample": -0.14116696018445307, "max_depth": 6.0, "num_boost_round": 18.0}, "datetime": {"datetime": "2024-01-19 01:30:33", "elapsed": 4765.673943, "delta": 0.005111}}
