{"target": -13.7585042610186, "params": {"gamma": 867.4532290092787, "log10_alpha": -2.793841995677491, "log10_colsample_bytree": -0.28057257423341175, "log10_eta": -3.31369852162152, "log10_lambda": -4.413843227573257, "log10_min_child_weight": 4.933425664054645, "log10_subsample": -0.5882856796960346, "max_depth": 7.0, "num_boost_round": 19.0}, "datetime": {"datetime": "2024-01-19 00:17:05", "elapsed": 345.5499, "delta": 0.000643}}
{"target": -13.75850092076542, "params": {"gamma": 867.4532290092787, "log10_alpha": -2.793841995677491, "log10_colsample_bytree": -0.28057257423341175, "log10_eta": -3.31369852162152, "log10_lambda": -4.413843227573257, "log10_min_child_weight": 4.933425664054645, "log10_subsample": -0.5882856796960346, "max_depth": 7.0, "num_boost_round": 20.0}, "datetime": {"datetime": "2024-01-19 00:17:05", "elapsed": 345.550552, "delta": 0.000652}}
{"target": -13.758519143096937, "params": {"gamma": 869.7575881727084, "log10_alpha": -0.6750326208811401, "log10_colsample_bytree": -0.6423170820305769, "log10_eta": -3.1330110875039763, "log10_lambda": -3.791365311875424, "log10_min_child_weight": 2.8300451974159198, "log10_subsample": -0.17534498812736254, "max_depth": 7.0, "num_boost_round": 0.0}, "datetime": {"datetime": "2024-01-19 00:17:28", "elapsed": 368.157512, "delta": 22.60696}}
{"target": -13.758480249296436, "params": {"gamma": 869.7575881727084, "log10_alpha": -0.6750326208811401, "log10_colsample_bytree": -0.6423170820305769, "log10_eta": -3.1330110875039763, "log10_lambda": -3.791365311875424, "log10_min_child_weight": 2.8300451974159198, "log10_subsample": -0.17534498812736254, "max_depth": 7.0, "num_boost_round": 1.0}, "datetime": {"datetime": "2024-01-19 00:17:28", "elapsed": 368.158511, "delta": 0.000999}}
{"target": -13.758451174740538, "params": {"gamma": 869.7575881727084, "log10_alpha": -0.6750326208811401, "log10_colsample_bytree": -0.6423170820305769, "log10_eta": -3.1330110875039763, "log10_lambda": -3.791365311875424, "log10_min_child_weight": 2.8300451974159198, "log10_subsample": -0.17534498812736254, "max_depth": 7.0, "num_boost_round": 2.0}, "datetime": {"datetime": "2024-01-19 00:17:28", "elapsed": 368.159989, "delta": 0.001478}}
{"target": -13.758417941643593, "params": {"gamma": 869.7575881727084, "log10_alpha": -0.6750326208811401, "log10_colsample_bytree": -0.6423170820305769, "log10_eta": -3.1330110875039763, "log10_lambda": -3.791365311875424, "log10_min_child_weight": 2.8300451974159198, "log10_subsample": -0.17534498812736254, "max_depth": 7.0, "num_boost_round": 3.0}, "datetime": {"datetime": "2024-01-19 00:17:28", "elapsed": 368.160856, "delta": 0.000867}}
{"target": -13.758404724599227, "params": {"gamma": 869.7575881727084, "log10_alpha": -0.6750326208811401, "log10_colsample_bytree": -0.6423170820305769, "log10_eta": -3.1330110875039763, "log10_lambda": -3.791365311875424, "log10_min_child_weight": 2.8300451974159198, "log10_subsample": -0.17534498812736254, "max_depth": 7.0, "num_boost_round": 4.0}, "datetime": {"datetime": "2024-01-19 00:17:28", "elapsed": 368.161617, "delta": 0.000761}}
{"target": -13.758379511537608, "params": {"gamma": 869.7575881727084, "log10_alpha": -0.6750326208811401, "log10_colsample_bytree": -0.6423170820305769, "log10_eta": -3.1330110875039763, "log10_lambda": -3.791365311875424, "log10_min_child_weight": 2.8300451974159198, "log10_subsample": -0.17534498812736254, "max_depth": 7.0, "num_boost_round": 5.0}, "datetime": {"datetime": "2024-01-19 00:17:28", "elapsed": 368.162506, "delta": 0.000889}}
{"target": -13.758368721215787, "params": {"gamma": 869.7575881727084, "log10_alpha": -0.6750326208811401, "log10_colsample_bytree": -0.6423170820305769, "log10_eta": -3.1330110875039763, "log10_lambda": -3.791365311875424, "log10_min_child_weight": 2.8300451974159198, "log10_subsample": -0.17534498812736254, "max_depth": 7.0, "num_boost_round": 6.0}, "datetime": {"datetime": "2024-01-19 00:17:28", "elapsed": 368.163274, "delta": 0.000768}}
{"target": -13.75836275563108, "params": {"gamma": 869.7575881727084, "log10_alpha": -0.6750326208811401, "log10_colsample_bytree": -0.6423170820305769, "log10_eta": -3.1330110875039763, "log10_lambda": -3.791365311875424, "log10_min_child_weight": 2.8300451974159198, "log10_subsample": -0.17534498812736254, "max_depth": 7.0, "num_boost_round": 7.0}, "datetime": {"datetime": "2024-01-19 00:17:28", "elapsed": 368.164033, "delta": 0.000759}}
{"target": -13.758342174541692, "params": {"gamma": 869.7575881727084, "log10_alpha": -0.6750326208811401, "log10_colsample_bytree": -0.6423170820305769, "log10_eta": -3.1330110875039763, "log10_lambda": -3.791365311875424, "log10_min_child_weight": 2.8300451974159198, "log10_subsample": -0.17534498812736254, "max_depth": 7.0, "num_boost_round": 8.0}, "datetime": {"datetime": "2024-01-19 00:17:28", "elapsed": 368.16482, "delta": 0.000787}}
{"target": -13.75832117199206, "params": {"gamma": 869.7575881727084, "log10_alpha": -0.6750326208811401, "log10_colsample_bytree": -0.6423170820305769, "log10_eta": -3.1330110875039763, "log10_lambda": -3.791365311875424, "log10_min_child_weight": 2.8300451974159198, "log10_subsample": -0.17534498812736254, "max_depth": 7.0, "num_boost_round": 9.0}, "datetime": {"datetime": "2024-01-19 00:17:28", "elapsed": 368.165537, "delta": 0.000717}}
{"target": -13.758301178155747, "params": {"gamma": 869.7575881727084, "log10_alpha": -0.6750326208811401, "log10_colsample_bytree": -0.6423170820305769, "log10_eta": -3.1330110875039763, "log10_lambda": -3.791365311875424, "log10_min_child_weight": 2.8300451974159198, "log10_subsample": -0.17534498812736254, "max_depth": 7.0, "num_boost_round": 10.0}, "datetime": {"datetime": "2024-01-19 00:17:28", "elapsed": 368.166261, "delta": 0.000724}}
{"target": -13.758282567270822, "params": {"gamma": 869.7575881727084, "log10_alpha": -0.6750326208811401, "log10_colsample_bytree": -0.6423170820305769, "log10_eta": -3.1330110875039763, "log10_lambda": -3.791365311875424, "log10_min_child_weight": 2.8300451974159198, "log10_subsample": -0.17534498812736254, "max_depth": 7.0, "num_boost_round": 11.0}, "datetime": {"datetime": "2024-01-19 00:17:28", "elapsed": 368.167064, "delta": 0.000803}}
{"target": -13.758285468373884, "params": {"gamma": 869.7575881727084, "log10_alpha": -0.6750326208811401, "log10_colsample_bytree": -0.6423170820305769, "log10_eta": -3.1330110875039763, "log10_lambda": -3.791365311875424, "log10_min_child_weight": 2.8300451974159198, "log10_subsample": -0.17534498812736254, "max_depth": 7.0, "num_boost_round": 12.0}, "datetime": {"datetime": "2024-01-19 00:17:28", "elapsed": 368.167821, "delta": 0.000757}}
{"target": -13.75827131981967, "params": {"gamma": 869.7575881727084, "log10_alpha": -0.6750326208811401, "log10_colsample_bytree": -0.6423170820305769, "log10_eta": -3.1330110875039763, "log10_lambda": -3.791365311875424, "log10_min_child_weight": 2.8300451974159198, "log10_subsample": -0.17534498812736254, "max_depth": 7.0, "num_boost_round": 13.0}, "datetime": {"datetime": "2024-01-19 00:17:28", "elapsed": 368.168616, "delta": 0.000795}}
{"target": -13.758251884474905, "params": {"gamma": 869.7575881727084, "log10_alpha": -0.6750326208811401, "log10_colsample_bytree": -0.6423170820305769, "log10_eta": -3.1330110875039763, "log10_lambda": -3.791365311875424, "log10_min_child_weight": 2.8300451974159198, "log10_subsample": -0.17534498812736254, "max_depth": 7.0, "num_boost_round": 14.0}, "datetime": {"datetime": "2024-01-19 00:17:28", "elapsed": 368.169398, "delta": 0.000782}}
{"target": -13.758230704546952, "params": {"gamma": 869.7575881727084, "log10_alpha": -0.6750326208811401, "log10_colsample_bytree": -0.6423170820305769, "log10_eta": -3.1330110875039763, "log10_lambda": -3.791365311875424, "log10_min_child_weight": 2.8300451974159198, "log10_subsample": -0.17534498812736254, "max_depth": 7.0, "num_boost_round": 15.0}, "datetime": {"datetime": "2024-01-19 00:17:28", "elapsed": 368.17013, "delta": 0.000732}}
{"target": -13.758219676256903, "params": {"gamma": 869.7575881727084, "log10_alpha": -0.6750326208811401, "log10_colsample_bytree": -0.6423170820305769, "log10_eta": -3.1330110875039763, "log10_lambda": -3.791365311875424, "log10_min_child_weight": 2.8300451974159198, "log10_subsample": -0.17534498812736254, "max_depth": 7.0, "num_boost_round": 16.0}, "datetime": {"datetime": "2024-01-19 00:17:28", "elapsed": 368.170863, "delta": 0.000733}}
{"target": -13.758193481769807, "params": {"gamma": 869.7575881727084, "log10_alpha": -0.6750326208811401, "log10_colsample_bytree": -0.6423170820305769, "log10_eta": -3.1330110875039763, "log10_lambda": -3.791365311875424, "log10_min_child_weight": 2.8300451974159198, "log10_subsample": -0.17534498812736254, "max_depth": 7.0, "num_boost_round": 17.0}, "datetime": {"datetime": "2024-01-19 00:17:28", "elapsed": 368.171587, "delta": 0.000724}}
{"target": -13.758201892017537, "params": {"gamma": 869.7575881727084, "log10_alpha": -0.6750326208811401, "log10_colsample_bytree": -0.6423170820305769, "log10_eta": -3.1330110875039763, "log10_lambda": -3.791365311875424, "log10_min_child_weight": 2.8300451974159198, "log10_subsample": -0.17534498812736254, "max_depth": 7.0, "num_boost_round": 18.0}, "datetime": {"datetime": "2024-01-19 00:17:28", "elapsed": 368.172274, "delta": 0.000687}}
{"target": -13.758196897721303, "params": {"gamma": 869.7575881727084, "log10_alpha": -0.6750326208811401, "log10_colsample_bytree": -0.6423170820305769, "log10_eta": -3.1330110875039763, "log10_lambda": -3.791365311875424, "log10_min_child_weight": 2.8300451974159198, "log10_subsample": -0.17534498812736254, "max_depth": 7.0, "num_boost_round": 19.0}, "datetime": {"datetime": "2024-01-19 00:17:28", "elapsed": 368.173147, "delta": 0.000873}}
{"target": -13.75817350208733, "params": {"gamma": 869.7575881727084, "log10_alpha": -0.6750326208811401, "log10_colsample_bytree": -0.6423170820305769, "log10_eta": -3.1330110875039763, "log10_lambda": -3.791365311875424, "log10_min_child_weight": 2.8300451974159198, "log10_subsample": -0.17534498812736254, "max_depth": 7.0, "num_boost_round": 20.0}, "datetime": {"datetime": "2024-01-19 00:17:28", "elapsed": 368.173933, "delta": 0.000786}}
{"target": -13.758536911105645, "params": {"gamma": 869.5581359363945, "log10_alpha": 1.0, "log10_colsample_bytree": -0.6223166049012093, "log10_eta": -4.0, "log10_lambda": -5.0, "log10_min_child_weight": 2.423084459819515, "log10_subsample": -0.2778116559533715, "max_depth": 5.0, "num_boost_round": 0.0}, "datetime": {"datetime": "2024-01-19 00:17:47", "elapsed": 387.06068, "delta": 18.886747}}
{"target": -13.758534127780157, "params": {"gamma": 869.5581359363945, "log10_alpha": 1.0, "log10_colsample_bytree": -0.6223166049012093, "log10_eta": -4.0, "log10_lambda": -5.0, "log10_min_child_weight": 2.423084459819515, "log10_subsample": -0.2778116559533715, "max_depth": 5.0, "num_boost_round": 1.0}, "datetime": {"datetime": "2024-01-19 00:17:47", "elapsed": 387.061619, "delta": 0.000939}}
{"target": -13.758532134030903, "params": {"gamma": 869.5581359363945, "log10_alpha": 1.0, "log10_colsample_bytree": -0.6223166049012093, "log10_eta": -4.0, "log10_lambda": -5.0, "log10_min_child_weight": 2.423084459819515, "log10_subsample": -0.2778116559533715, "max_depth": 5.0, "num_boost_round": 2.0}, "datetime": {"datetime": "2024-01-19 00:17:47", "elapsed": 387.062821, "delta": 0.001202}}
{"target": -13.758530424601481, "params": {"gamma": 869.5581359363945, "log10_alpha": 1.0, "log10_colsample_bytree": -0.6223166049012093, "log10_eta": -4.0, "log10_lambda": -5.0, "log10_min_child_weight": 2.423084459819515, "log10_subsample": -0.2778116559533715, "max_depth": 5.0, "num_boost_round": 3.0}, "datetime": {"datetime": "2024-01-19 00:17:47", "elapsed": 387.064007, "delta": 0.001186}}
{"target": -13.75852707498373, "params": {"gamma": 869.5581359363945, "log10_alpha": 1.0, "log10_colsample_bytree": -0.6223166049012093, "log10_eta": -4.0, "log10_lambda": -5.0, "log10_min_child_weight": 2.423084459819515, "log10_subsample": -0.2778116559533715, "max_depth": 5.0, "num_boost_round": 4.0}, "datetime": {"datetime": "2024-01-19 00:17:47", "elapsed": 387.064817, "delta": 0.00081}}
{"target": -13.758522221735252, "params": {"gamma": 869.5581359363945, "log10_alpha": 1.0, "log10_colsample_bytree": -0.6223166049012093, "log10_eta": -4.0, "log10_lambda": -5.0, "log10_min_child_weight": 2.423084459819515, "log10_subsample": -0.2778116559533715, "max_depth": 5.0, "num_boost_round": 5.0}, "datetime": {"datetime": "2024-01-19 00:17:47", "elapsed": 387.065677, "delta": 0.00086}}
{"target": -13.758519262324478, "params": {"gamma": 869.5581359363945, "log10_alpha": 1.0, "log10_colsample_bytree": -0.6223166049012093, "log10_eta": -4.0, "log10_lambda": -5.0, "log10_min_child_weight": 2.423084459819515, "log10_subsample": -0.2778116559533715, "max_depth": 5.0, "num_boost_round": 6.0}, "datetime": {"datetime": "2024-01-19 00:17:47", "elapsed": 387.066416, "delta": 0.000739}}
{"target": -13.758516174998118, "params": {"gamma": 869.5581359363945, "log10_alpha": 1.0, "log10_colsample_bytree": -0.6223166049012093, "log10_eta": -4.0, "log10_lambda": -5.0, "log10_min_child_weight": 2.423084459819515, "log10_subsample": -0.2778116559533715, "max_depth": 5.0, "num_boost_round": 7.0}, "datetime": {"datetime": "2024-01-19 00:17:47", "elapsed": 387.067211, "delta": 0.000795}}
{"target": -13.758515634745837, "params": {"gamma": 869.5581359363945, "log10_alpha": 1.0, "log10_colsample_bytree": -0.6223166049012093, "log10_eta": -4.0, "log10_lambda": -5.0, "log10_min_child_weight": 2.423084459819515, "log10_subsample": -0.2778116559533715, "max_depth": 5.0, "num_boost_round": 8.0}, "datetime": {"datetime": "2024-01-19 00:17:47", "elapsed": 387.067997, "delta": 0.000786}}
{"target": -13.758514042612818, "params": {"gamma": 869.5581359363945, "log10_alpha": 1.0, "log10_colsample_bytree": -0.6223166049012093, "log10_eta": -4.0, "log10_lambda": -5.0, "log10_min_child_weight": 2.423084459819515, "log10_subsample": -0.2778116559533715, "max_depth": 5.0, "num_boost_round": 9.0}, "datetime": {"datetime": "2024-01-19 00:17:47", "elapsed": 387.068778, "delta": 0.000781}}
{"target": -13.758537371279793, "params": {"gamma": 869.2185532273235, "log10_alpha": -2.90853754574004, "log10_colsample_bytree": -0.5570161851770427, "log10_eta": -3.5396021306190835, "log10_lambda": 0.447722525140021, "log10_min_child_weight": 4.232569201537434, "log10_subsample": -0.6433993224179083, "max_depth": 8.0, "num_boost_round": 0.0}, "datetime": {"datetime": "2024-01-19 00:18:07", "elapsed": 407.644673, "delta": 20.575895}}
{"target": -13.758538431592761, "params": {"gamma": 869.2185532273235, "log10_alpha": -2.90853754574004, "log10_colsample_bytree": -0.5570161851770427, "log10_eta": -3.5396021306190835, "log10_lambda": 0.447722525140021, "log10_min_child_weight": 4.232569201537434, "log10_subsample": -0.6433993224179083, "max_depth": 8.0, "num_boost_round": 1.0}, "datetime": {"datetime": "2024-01-19 00:18:07", "elapsed": 407.646137, "delta": 0.001464}}
{"target": -13.758537841430567, "params": {"gamma": 869.2185532273235, "log10_alpha": -2.90853754574004, "log10_colsample_bytree": -0.5570161851770427, "log10_eta": -3.5396021306190835, "log10_lambda": 0.447722525140021, "log10_min_child_weight": 4.232569201537434, "log10_subsample": -0.6433993224179083, "max_depth": 8.0, "num_boost_round": 2.0}, "datetime": {"datetime": "2024-01-19 00:18:07", "elapsed": 407.646981, "delta": 0.000844}}
{"target": -13.758537805771304, "params": {"gamma": 869.2185532273235, "log10_alpha": -2.90853754574004, "log10_colsample_bytree": -0.5570161851770427, "log10_eta": -3.5396021306190835, "log10_lambda": 0.447722525140021, "log10_min_child_weight": 4.232569201537434, "log10_subsample": -0.6433993224179083, "max_depth": 8.0, "num_boost_round": 3.0}, "datetime": {"datetime": "2024-01-19 00:18:07", "elapsed": 407.647798, "delta": 0.000817}}
{"target": -13.75853860241773, "params": {"gamma": 869.2185532273235, "log10_alpha": -2.90853754574004, "log10_colsample_bytree": -0.5570161851770427, "log10_eta": -3.5396021306190835, "log10_lambda": 0.447722525140021, "log10_min_child_weight": 4.232569201537434, "log10_subsample": -0.6433993224179083, "max_depth": 8.0, "num_boost_round": 4.0}, "datetime": {"datetime": "2024-01-19 00:18:07", "elapsed": 407.648574, "delta": 0.000776}}
{"target": -13.758537930578203, "params": {"gamma": 869.2185532273235, "log10_alpha": -2.90853754574004, "log10_colsample_bytree": -0.5570161851770427, "log10_eta": -3.5396021306190835, "log10_lambda": 0.447722525140021, "log10_min_child_weight": 4.232569201537434, "log10_subsample": -0.6433993224179083, "max_depth": 8.0, "num_boost_round": 5.0}, "datetime": {"datetime": "2024-01-19 00:18:07", "elapsed": 407.649491, "delta": 0.000917}}
{"target": -13.758538840616012, "params": {"gamma": 869.2185532273235, "log10_alpha": -2.90853754574004, "log10_colsample_bytree": -0.5570161851770427, "log10_eta": -3.5396021306190835, "log10_lambda": 0.447722525140021, "log10_min_child_weight": 4.232569201537434, "log10_subsample": -0.6433993224179083, "max_depth": 8.0, "num_boost_round": 6.0}, "datetime": {"datetime": "2024-01-19 00:18:07", "elapsed": 407.650307, "delta": 0.000816}}
{"target": -13.758537793341917, "params": {"gamma": 869.2185532273235, "log10_alpha": -2.90853754574004, "log10_colsample_bytree": -0.5570161851770427, "log10_eta": -3.5396021306190835, "log10_lambda": 0.447722525140021, "log10_min_child_weight": 4.232569201537434, "log10_subsample": -0.6433993224179083, "max_depth": 8.0, "num_boost_round": 7.0}, "datetime": {"datetime": "2024-01-19 00:18:07", "elapsed": 407.651108, "delta": 0.000801}}
{"target": -13.758536224410193, "params": {"gamma": 869.2185532273235, "log10_alpha": -2.90853754574004, "log10_colsample_bytree": -0.5570161851770427, "log10_eta": -3.5396021306190835, "log10_lambda": 0.447722525140021, "log10_min_child_weight": 4.232569201537434, "log10_subsample": -0.6433993224179083, "max_depth": 8.0, "num_boost_round": 8.0}, "datetime": {"datetime": "2024-01-19 00:18:07", "elapsed": 407.651916, "delta": 0.000808}}
{"target": -13.75853611956549, "params": {"gamma": 869.2185532273235, "log10_alpha": -2.90853754574004, "log10_colsample_bytree": -0.5570161851770427, "log10_eta": -3.5396021306190835, "log10_lambda": 0.447722525140021, "log10_min_child_weight": 4.232569201537434, "log10_subsample": -0.6433993224179083, "max_depth": 8.0, "num_boost_round": 9.0}, "datetime": {"datetime": "2024-01-19 00:18:07", "elapsed": 407.65279, "delta": 0.000874}}
{"target": -13.758534181745683, "params": {"gamma": 869.2185532273235, "log10_alpha": -2.90853754574004, "log10_colsample_bytree": -0.5570161851770427, "log10_eta": -3.5396021306190835, "log10_lambda": 0.447722525140021, "log10_min_child_weight": 4.232569201537434, "log10_subsample": -0.6433993224179083, "max_depth": 8.0, "num_boost_round": 10.0}, "datetime": {"datetime": "2024-01-19 00:18:07", "elapsed": 407.653584, "delta": 0.000794}}
{"target": -13.758534288821675, "params": {"gamma": 869.2185532273235, "log10_alpha": -2.90853754574004, "log10_colsample_bytree": -0.5570161851770427, "log10_eta": -3.5396021306190835, "log10_lambda": 0.447722525140021, "log10_min_child_weight": 4.232569201537434, "log10_subsample": -0.6433993224179083, "max_depth": 8.0, "num_boost_round": 11.0}, "datetime": {"datetime": "2024-01-19 00:18:07", "elapsed": 407.654434, "delta": 0.00085}}
{"target": -13.75853592982279, "params": {"gamma": 863.7040855971215, "log10_alpha": -1.41346516130284, "log10_colsample_bytree": -0.034605828831572705, "log10_eta": -3.835583077264315, "log10_lambda": -2.774916754431791, "log10_min_child_weight": 3.838405869200068, "log10_subsample": -0.22218483573961634, "max_depth": 7.0, "num_boost_round": 0.0}, "datetime": {"datetime": "2024-01-19 00:18:28", "elapsed": 428.298984, "delta": 20.64455}}
{"target": -13.75853580428139, "params": {"gamma": 863.7040855971215, "log10_alpha": -1.41346516130284, "log10_colsample_bytree": -0.034605828831572705, "log10_eta": -3.835583077264315, "log10_lambda": -2.774916754431791, "log10_min_child_weight": 3.838405869200068, "log10_subsample": -0.22218483573961634, "max_depth": 7.0, "num_boost_round": 1.0}, "datetime": {"datetime": "2024-01-19 00:18:28", "elapsed": 428.299993, "delta": 0.001009}}
{"target": -13.758534363475123, "params": {"gamma": 863.7040855971215, "log10_alpha": -1.41346516130284, "log10_colsample_bytree": -0.034605828831572705, "log10_eta": -3.835583077264315, "log10_lambda": -2.774916754431791, "log10_min_child_weight": 3.838405869200068, "log10_subsample": -0.22218483573961634, "max_depth": 7.0, "num_boost_round": 2.0}, "datetime": {"datetime": "2024-01-19 00:18:28", "elapsed": 428.301352, "delta": 0.001359}}
{"target": -13.758530372897033, "params": {"gamma": 863.7040855971215, "log10_alpha": -1.41346516130284, "log10_colsample_bytree": -0.034605828831572705, "log10_eta": -3.835583077264315, "log10_lambda": -2.774916754431791, "log10_min_child_weight": 3.838405869200068, "log10_subsample": -0.22218483573961634, "max_depth": 7.0, "num_boost_round": 3.0}, "datetime": {"datetime": "2024-01-19 00:18:28", "elapsed": 428.302181, "delta": 0.000829}}
{"target": -13.758530197889622, "params": {"gamma": 863.7040855971215, "log10_alpha": -1.41346516130284, "log10_colsample_bytree": -0.034605828831572705, "log10_eta": -3.835583077264315, "log10_lambda": -2.774916754431791, "log10_min_child_weight": 3.838405869200068, "log10_subsample": -0.22218483573961634, "max_depth": 7.0, "num_boost_round": 4.0}, "datetime": {"datetime": "2024-01-19 00:18:28", "elapsed": 428.303116, "delta": 0.000935}}
