{"target": -13.756936964865277, "params": {"gamma": 423.9354773382782, "log10_alpha": 0.5681775040435779, "log10_colsample_bytree": -0.7943459232850351, "log10_eta": -1.5497741414529491, "log10_lambda": -4.3839930198777015, "log10_min_child_weight": 3.4282760861203725, "log10_subsample": -0.45165272218594277, "max_depth": 2.0, "num_boost_round": 40.0}, "datetime": {"datetime": "2024-01-19 00:15:41", "elapsed": 244.415634, "delta": 0.000816}}
{"target": -13.75714120535863, "params": {"gamma": 423.9354773382782, "log10_alpha": 0.5681775040435779, "log10_colsample_bytree": -0.7943459232850351, "log10_eta": -1.5497741414529491, "log10_lambda": -4.3839930198777015, "log10_min_child_weight": 3.4282760861203725, "log10_subsample": -0.45165272218594277, "max_depth": 2.0, "num_boost_round": 41.0}, "datetime": {"datetime": "2024-01-19 00:15:41", "elapsed": 244.416446, "delta": 0.000812}}
{"target": -13.757266343151242, "params": {"gamma": 423.9354773382782, "log10_alpha": 0.5681775040435779, "log10_colsample_bytree": -0.7943459232850351, "log10_eta": -1.5497741414529491, "log10_lambda": -4.3839930198777015, "log10_min_child_weight": 3.4282760861203725, "log10_subsample": -0.45165272218594277, "max_depth": 2.0, "num_boost_round": 42.0}, "datetime": {"datetime": "2024-01-19 00:15:41", "elapsed": 244.417265, "delta": 0.000819}}
{"target": -13.757270816031506, "params": {"gamma": 423.9354773382782, "log10_alpha": 0.5681775040435779, "log10_colsample_bytree": -0.7943459232850351, "log10_eta": -1.5497741414529491, "log10_lambda": -4.3839930198777015, "log10_min_child_weight": 3.4282760861203725, "log10_subsample": -0.45165272218594277, "max_depth": 2.0, "num_boost_round": 43.0}, "datetime": {"datetime": "2024-01-19 00:15:41", "elapsed": 244.418089, "delta": 0.000824}}
{"target": -13.757192523451588, "params": {"gamma": 423.9354773382782, "log10_alpha": 0.5681775040435779, "log10_colsample_bytree": -0.7943459232850351, "log10_eta": -1.5497741414529491, "log10_lambda": -4.3839930198777015, "log10_min_child_weight": 3.4282760861203725, "log10_subsample": -0.45165272218594277, "max_depth": 2.0, "num_boost_round": 44.0}, "datetime": {"datetime": "2024-01-19 00:15:41", "elapsed": 244.418912, "delta": 0.000823}}
{"target": -13.757137285539569, "params": {"gamma": 423.9354773382782, "log10_alpha": 0.5681775040435779, "log10_colsample_bytree": -0.7943459232850351, "log10_eta": -1.5497741414529491, "log10_lambda": -4.3839930198777015, "log10_min_child_weight": 3.4282760861203725, "log10_subsample": -0.45165272218594277, "max_depth": 2.0, "num_boost_round": 45.0}, "datetime": {"datetime": "2024-01-19 00:15:41", "elapsed": 244.41975, "delta": 0.000838}}
{"target": -13.75714764423282, "params": {"gamma": 423.9354773382782, "log10_alpha": 0.5681775040435779, "log10_colsample_bytree": -0.7943459232850351, "log10_eta": -1.5497741414529491, "log10_lambda": -4.3839930198777015, "log10_min_child_weight": 3.4282760861203725, "log10_subsample": -0.45165272218594277, "max_depth": 2.0, "num_boost_round": 46.0}, "datetime": {"datetime": "2024-01-19 00:15:41", "elapsed": 244.42058, "delta": 0.00083}}
{"target": -13.757131962067952, "params": {"gamma": 423.9354773382782, "log10_alpha": 0.5681775040435779, "log10_colsample_bytree": -0.7943459232850351, "log10_eta": -1.5497741414529491, "log10_lambda": -4.3839930198777015, "log10_min_child_weight": 3.4282760861203725, "log10_subsample": -0.45165272218594277, "max_depth": 2.0, "num_boost_round": 47.0}, "datetime": {"datetime": "2024-01-19 00:15:41", "elapsed": 244.421399, "delta": 0.000819}}
{"target": -13.757285310687937, "params": {"gamma": 423.9354773382782, "log10_alpha": 0.5681775040435779, "log10_colsample_bytree": -0.7943459232850351, "log10_eta": -1.5497741414529491, "log10_lambda": -4.3839930198777015, "log10_min_child_weight": 3.4282760861203725, "log10_subsample": -0.45165272218594277, "max_depth": 2.0, "num_boost_round": 48.0}, "datetime": {"datetime": "2024-01-19 00:15:41", "elapsed": 244.422232, "delta": 0.000833}}
{"target": -13.757227352592976, "params": {"gamma": 423.9354773382782, "log10_alpha": 0.5681775040435779, "log10_colsample_bytree": -0.7943459232850351, "log10_eta": -1.5497741414529491, "log10_lambda": -4.3839930198777015, "log10_min_child_weight": 3.4282760861203725, "log10_subsample": -0.45165272218594277, "max_depth": 2.0, "num_boost_round": 49.0}, "datetime": {"datetime": "2024-01-19 00:15:41", "elapsed": 244.423058, "delta": 0.000826}}
{"target": -13.75734427468907, "params": {"gamma": 423.9354773382782, "log10_alpha": 0.5681775040435779, "log10_colsample_bytree": -0.7943459232850351, "log10_eta": -1.5497741414529491, "log10_lambda": -4.3839930198777015, "log10_min_child_weight": 3.4282760861203725, "log10_subsample": -0.45165272218594277, "max_depth": 2.0, "num_boost_round": 50.0}, "datetime": {"datetime": "2024-01-19 00:15:41", "elapsed": 244.423887, "delta": 0.000829}}
{"target": -13.75746745227981, "params": {"gamma": 423.9354773382782, "log10_alpha": 0.5681775040435779, "log10_colsample_bytree": -0.7943459232850351, "log10_eta": -1.5497741414529491, "log10_lambda": -4.3839930198777015, "log10_min_child_weight": 3.4282760861203725, "log10_subsample": -0.45165272218594277, "max_depth": 2.0, "num_boost_round": 51.0}, "datetime": {"datetime": "2024-01-19 00:15:41", "elapsed": 244.424722, "delta": 0.000835}}
{"target": -13.75768938364024, "params": {"gamma": 423.9354773382782, "log10_alpha": 0.5681775040435779, "log10_colsample_bytree": -0.7943459232850351, "log10_eta": -1.5497741414529491, "log10_lambda": -4.3839930198777015, "log10_min_child_weight": 3.4282760861203725, "log10_subsample": -0.45165272218594277, "max_depth": 2.0, "num_boost_round": 52.0}, "datetime": {"datetime": "2024-01-19 00:15:41", "elapsed": 244.42555, "delta": 0.000828}}
{"target": -13.757467907548804, "params": {"gamma": 423.9354773382782, "log10_alpha": 0.5681775040435779, "log10_colsample_bytree": -0.7943459232850351, "log10_eta": -1.5497741414529491, "log10_lambda": -4.3839930198777015, "log10_min_child_weight": 3.4282760861203725, "log10_subsample": -0.45165272218594277, "max_depth": 2.0, "num_boost_round": 53.0}, "datetime": {"datetime": "2024-01-19 00:15:41", "elapsed": 244.426373, "delta": 0.000823}}
{"target": -13.75742408933735, "params": {"gamma": 423.9354773382782, "log10_alpha": 0.5681775040435779, "log10_colsample_bytree": -0.7943459232850351, "log10_eta": -1.5497741414529491, "log10_lambda": -4.3839930198777015, "log10_min_child_weight": 3.4282760861203725, "log10_subsample": -0.45165272218594277, "max_depth": 2.0, "num_boost_round": 54.0}, "datetime": {"datetime": "2024-01-19 00:15:41", "elapsed": 244.427207, "delta": 0.000834}}
{"target": -13.758070840076897, "params": {"gamma": 423.9354773382782, "log10_alpha": 0.5681775040435779, "log10_colsample_bytree": -0.7943459232850351, "log10_eta": -1.5497741414529491, "log10_lambda": -4.3839930198777015, "log10_min_child_weight": 3.4282760861203725, "log10_subsample": -0.45165272218594277, "max_depth": 2.0, "num_boost_round": 55.0}, "datetime": {"datetime": "2024-01-19 00:15:41", "elapsed": 244.428156, "delta": 0.000949}}
{"target": -13.758018783778091, "params": {"gamma": 423.9354773382782, "log10_alpha": 0.5681775040435779, "log10_colsample_bytree": -0.7943459232850351, "log10_eta": -1.5497741414529491, "log10_lambda": -4.3839930198777015, "log10_min_child_weight": 3.4282760861203725, "log10_subsample": -0.45165272218594277, "max_depth": 2.0, "num_boost_round": 56.0}, "datetime": {"datetime": "2024-01-19 00:15:41", "elapsed": 244.428992, "delta": 0.000836}}
{"target": -13.75805838036779, "params": {"gamma": 423.9354773382782, "log10_alpha": 0.5681775040435779, "log10_colsample_bytree": -0.7943459232850351, "log10_eta": -1.5497741414529491, "log10_lambda": -4.3839930198777015, "log10_min_child_weight": 3.4282760861203725, "log10_subsample": -0.45165272218594277, "max_depth": 2.0, "num_boost_round": 57.0}, "datetime": {"datetime": "2024-01-19 00:15:41", "elapsed": 244.429825, "delta": 0.000833}}
{"target": -13.758100111128678, "params": {"gamma": 423.9354773382782, "log10_alpha": 0.5681775040435779, "log10_colsample_bytree": -0.7943459232850351, "log10_eta": -1.5497741414529491, "log10_lambda": -4.3839930198777015, "log10_min_child_weight": 3.4282760861203725, "log10_subsample": -0.45165272218594277, "max_depth": 2.0, "num_boost_round": 58.0}, "datetime": {"datetime": "2024-01-19 00:15:41", "elapsed": 244.430658, "delta": 0.000833}}
{"target": -13.75838119004852, "params": {"gamma": 423.9354773382782, "log10_alpha": 0.5681775040435779, "log10_colsample_bytree": -0.7943459232850351, "log10_eta": -1.5497741414529491, "log10_lambda": -4.3839930198777015, "log10_min_child_weight": 3.4282760861203725, "log10_subsample": -0.45165272218594277, "max_depth": 2.0, "num_boost_round": 59.0}, "datetime": {"datetime": "2024-01-19 00:15:41", "elapsed": 244.431495, "delta": 0.000837}}
{"target": -13.758311890926386, "params": {"gamma": 423.9354773382782, "log10_alpha": 0.5681775040435779, "log10_colsample_bytree": -0.7943459232850351, "log10_eta": -1.5497741414529491, "log10_lambda": -4.3839930198777015, "log10_min_child_weight": 3.4282760861203725, "log10_subsample": -0.45165272218594277, "max_depth": 2.0, "num_boost_round": 60.0}, "datetime": {"datetime": "2024-01-19 00:15:41", "elapsed": 244.432331, "delta": 0.000836}}
{"target": -13.758535651720726, "params": {"gamma": 423.9354773382782, "log10_alpha": 0.5681775040435779, "log10_colsample_bytree": -0.7943459232850351, "log10_eta": -1.5497741414529491, "log10_lambda": -4.3839930198777015, "log10_min_child_weight": 3.4282760861203725, "log10_subsample": -0.45165272218594277, "max_depth": 2.0, "num_boost_round": 61.0}, "datetime": {"datetime": "2024-01-19 00:15:41", "elapsed": 244.43317, "delta": 0.000839}}
{"target": -13.75916709283304, "params": {"gamma": 423.9354773382782, "log10_alpha": 0.5681775040435779, "log10_colsample_bytree": -0.7943459232850351, "log10_eta": -1.5497741414529491, "log10_lambda": -4.3839930198777015, "log10_min_child_weight": 3.4282760861203725, "log10_subsample": -0.45165272218594277, "max_depth": 2.0, "num_boost_round": 62.0}, "datetime": {"datetime": "2024-01-19 00:15:41", "elapsed": 244.434007, "delta": 0.000837}}
{"target": -13.759152894240671, "params": {"gamma": 423.9354773382782, "log10_alpha": 0.5681775040435779, "log10_colsample_bytree": -0.7943459232850351, "log10_eta": -1.5497741414529491, "log10_lambda": -4.3839930198777015, "log10_min_child_weight": 3.4282760861203725, "log10_subsample": -0.45165272218594277, "max_depth": 2.0, "num_boost_round": 63.0}, "datetime": {"datetime": "2024-01-19 00:15:41", "elapsed": 244.434848, "delta": 0.000841}}
{"target": -13.759292688780175, "params": {"gamma": 423.9354773382782, "log10_alpha": 0.5681775040435779, "log10_colsample_bytree": -0.7943459232850351, "log10_eta": -1.5497741414529491, "log10_lambda": -4.3839930198777015, "log10_min_child_weight": 3.4282760861203725, "log10_subsample": -0.45165272218594277, "max_depth": 2.0, "num_boost_round": 64.0}, "datetime": {"datetime": "2024-01-19 00:15:41", "elapsed": 244.43569, "delta": 0.000842}}
{"target": -13.759310095450342, "params": {"gamma": 423.9354773382782, "log10_alpha": 0.5681775040435779, "log10_colsample_bytree": -0.7943459232850351, "log10_eta": -1.5497741414529491, "log10_lambda": -4.3839930198777015, "log10_min_child_weight": 3.4282760861203725, "log10_subsample": -0.45165272218594277, "max_depth": 2.0, "num_boost_round": 65.0}, "datetime": {"datetime": "2024-01-19 00:15:41", "elapsed": 244.436529, "delta": 0.000839}}
{"target": -13.75934677663595, "params": {"gamma": 423.9354773382782, "log10_alpha": 0.5681775040435779, "log10_colsample_bytree": -0.7943459232850351, "log10_eta": -1.5497741414529491, "log10_lambda": -4.3839930198777015, "log10_min_child_weight": 3.4282760861203725, "log10_subsample": -0.45165272218594277, "max_depth": 2.0, "num_boost_round": 66.0}, "datetime": {"datetime": "2024-01-19 00:15:41", "elapsed": 244.437367, "delta": 0.000838}}
{"target": -13.75961742080423, "params": {"gamma": 423.9354773382782, "log10_alpha": 0.5681775040435779, "log10_colsample_bytree": -0.7943459232850351, "log10_eta": -1.5497741414529491, "log10_lambda": -4.3839930198777015, "log10_min_child_weight": 3.4282760861203725, "log10_subsample": -0.45165272218594277, "max_depth": 2.0, "num_boost_round": 67.0}, "datetime": {"datetime": "2024-01-19 00:15:41", "elapsed": 244.438209, "delta": 0.000842}}
{"target": -13.759530182930348, "params": {"gamma": 423.9354773382782, "log10_alpha": 0.5681775040435779, "log10_colsample_bytree": -0.7943459232850351, "log10_eta": -1.5497741414529491, "log10_lambda": -4.3839930198777015, "log10_min_child_weight": 3.4282760861203725, "log10_subsample": -0.45165272218594277, "max_depth": 2.0, "num_boost_round": 68.0}, "datetime": {"datetime": "2024-01-19 00:15:41", "elapsed": 244.439049, "delta": 0.00084}}
{"target": -13.759956408365968, "params": {"gamma": 423.9354773382782, "log10_alpha": 0.5681775040435779, "log10_colsample_bytree": -0.7943459232850351, "log10_eta": -1.5497741414529491, "log10_lambda": -4.3839930198777015, "log10_min_child_weight": 3.4282760861203725, "log10_subsample": -0.45165272218594277, "max_depth": 2.0, "num_boost_round": 69.0}, "datetime": {"datetime": "2024-01-19 00:15:41", "elapsed": 244.439891, "delta": 0.000842}}
{"target": -13.759782366322726, "params": {"gamma": 423.9354773382782, "log10_alpha": 0.5681775040435779, "log10_colsample_bytree": -0.7943459232850351, "log10_eta": -1.5497741414529491, "log10_lambda": -4.3839930198777015, "log10_min_child_weight": 3.4282760861203725, "log10_subsample": -0.45165272218594277, "max_depth": 2.0, "num_boost_round": 70.0}, "datetime": {"datetime": "2024-01-19 00:15:41", "elapsed": 244.440733, "delta": 0.000842}}
{"target": -13.758512299735557, "params": {"gamma": 417.7739622779254, "log10_alpha": 0.8223154207379402, "log10_colsample_bytree": -0.1748294727127676, "log10_eta": -2.302264530871051, "log10_lambda": -2.5304879283697908, "log10_min_child_weight": 4.540472832876713, "log10_subsample": -0.4947713430308023, "max_depth": 7.0, "num_boost_round": 0.0}, "datetime": {"datetime": "2024-01-19 00:16:19", "elapsed": 282.109889, "delta": 37.669156}}
{"target": -13.758490919833697, "params": {"gamma": 417.7739622779254, "log10_alpha": 0.8223154207379402, "log10_colsample_bytree": -0.1748294727127676, "log10_eta": -2.302264530871051, "log10_lambda": -2.5304879283697908, "log10_min_child_weight": 4.540472832876713, "log10_subsample": -0.4947713430308023, "max_depth": 7.0, "num_boost_round": 1.0}, "datetime": {"datetime": "2024-01-19 00:16:19", "elapsed": 282.110882, "delta": 0.000993}}
{"target": -13.758479240097909, "params": {"gamma": 417.7739622779254, "log10_alpha": 0.8223154207379402, "log10_colsample_bytree": -0.1748294727127676, "log10_eta": -2.302264530871051, "log10_lambda": -2.5304879283697908, "log10_min_child_weight": 4.540472832876713, "log10_subsample": -0.4947713430308023, "max_depth": 7.0, "num_boost_round": 2.0}, "datetime": {"datetime": "2024-01-19 00:16:19", "elapsed": 282.112223, "delta": 0.001341}}
{"target": -13.758479289446036, "params": {"gamma": 417.7739622779254, "log10_alpha": 0.8223154207379402, "log10_colsample_bytree": -0.1748294727127676, "log10_eta": -2.302264530871051, "log10_lambda": -2.5304879283697908, "log10_min_child_weight": 4.540472832876713, "log10_subsample": -0.4947713430308023, "max_depth": 7.0, "num_boost_round": 3.0}, "datetime": {"datetime": "2024-01-19 00:16:19", "elapsed": 282.113102, "delta": 0.000879}}
{"target": -13.758478089743406, "params": {"gamma": 417.7739622779254, "log10_alpha": 0.8223154207379402, "log10_colsample_bytree": -0.1748294727127676, "log10_eta": -2.302264530871051, "log10_lambda": -2.5304879283697908, "log10_min_child_weight": 4.540472832876713, "log10_subsample": -0.4947713430308023, "max_depth": 7.0, "num_boost_round": 4.0}, "datetime": {"datetime": "2024-01-19 00:16:19", "elapsed": 282.113978, "delta": 0.000876}}
{"target": -13.75847554312634, "params": {"gamma": 417.7739622779254, "log10_alpha": 0.8223154207379402, "log10_colsample_bytree": -0.1748294727127676, "log10_eta": -2.302264530871051, "log10_lambda": -2.5304879283697908, "log10_min_child_weight": 4.540472832876713, "log10_subsample": -0.4947713430308023, "max_depth": 7.0, "num_boost_round": 5.0}, "datetime": {"datetime": "2024-01-19 00:16:19", "elapsed": 282.114977, "delta": 0.000999}}
{"target": -13.758470898482585, "params": {"gamma": 417.7739622779254, "log10_alpha": 0.8223154207379402, "log10_colsample_bytree": -0.1748294727127676, "log10_eta": -2.302264530871051, "log10_lambda": -2.5304879283697908, "log10_min_child_weight": 4.540472832876713, "log10_subsample": -0.4947713430308023, "max_depth": 7.0, "num_boost_round": 6.0}, "datetime": {"datetime": "2024-01-19 00:16:19", "elapsed": 282.115854, "delta": 0.000877}}
{"target": -13.758485288419935, "params": {"gamma": 417.7739622779254, "log10_alpha": 0.8223154207379402, "log10_colsample_bytree": -0.1748294727127676, "log10_eta": -2.302264530871051, "log10_lambda": -2.5304879283697908, "log10_min_child_weight": 4.540472832876713, "log10_subsample": -0.4947713430308023, "max_depth": 7.0, "num_boost_round": 7.0}, "datetime": {"datetime": "2024-01-19 00:16:19", "elapsed": 282.116732, "delta": 0.000878}}
{"target": -13.758488227279281, "params": {"gamma": 417.7739622779254, "log10_alpha": 0.8223154207379402, "log10_colsample_bytree": -0.1748294727127676, "log10_eta": -2.302264530871051, "log10_lambda": -2.5304879283697908, "log10_min_child_weight": 4.540472832876713, "log10_subsample": -0.4947713430308023, "max_depth": 7.0, "num_boost_round": 8.0}, "datetime": {"datetime": "2024-01-19 00:16:19", "elapsed": 282.117617, "delta": 0.000885}}
{"target": -13.758448847784276, "params": {"gamma": 417.7739622779254, "log10_alpha": 0.8223154207379402, "log10_colsample_bytree": -0.1748294727127676, "log10_eta": -2.302264530871051, "log10_lambda": -2.5304879283697908, "log10_min_child_weight": 4.540472832876713, "log10_subsample": -0.4947713430308023, "max_depth": 7.0, "num_boost_round": 9.0}, "datetime": {"datetime": "2024-01-19 00:16:19", "elapsed": 282.118541, "delta": 0.000924}}
{"target": -13.758462745197448, "params": {"gamma": 417.7739622779254, "log10_alpha": 0.8223154207379402, "log10_colsample_bytree": -0.1748294727127676, "log10_eta": -2.302264530871051, "log10_lambda": -2.5304879283697908, "log10_min_child_weight": 4.540472832876713, "log10_subsample": -0.4947713430308023, "max_depth": 7.0, "num_boost_round": 10.0}, "datetime": {"datetime": "2024-01-19 00:16:19", "elapsed": 282.119412, "delta": 0.000871}}
{"target": -13.758436210361486, "params": {"gamma": 417.7739622779254, "log10_alpha": 0.8223154207379402, "log10_colsample_bytree": -0.1748294727127676, "log10_eta": -2.302264530871051, "log10_lambda": -2.5304879283697908, "log10_min_child_weight": 4.540472832876713, "log10_subsample": -0.4947713430308023, "max_depth": 7.0, "num_boost_round": 11.0}, "datetime": {"datetime": "2024-01-19 00:16:19", "elapsed": 282.120442, "delta": 0.00103}}
{"target": -13.7584265748564, "params": {"gamma": 417.7739622779254, "log10_alpha": 0.8223154207379402, "log10_colsample_bytree": -0.1748294727127676, "log10_eta": -2.302264530871051, "log10_lambda": -2.5304879283697908, "log10_min_child_weight": 4.540472832876713, "log10_subsample": -0.4947713430308023, "max_depth": 7.0, "num_boost_round": 12.0}, "datetime": {"datetime": "2024-01-19 00:16:19", "elapsed": 282.121338, "delta": 0.000896}}
{"target": -13.758382200802096, "params": {"gamma": 417.7739622779254, "log10_alpha": 0.8223154207379402, "log10_colsample_bytree": -0.1748294727127676, "log10_eta": -2.302264530871051, "log10_lambda": -2.5304879283697908, "log10_min_child_weight": 4.540472832876713, "log10_subsample": -0.4947713430308023, "max_depth": 7.0, "num_boost_round": 13.0}, "datetime": {"datetime": "2024-01-19 00:16:19", "elapsed": 282.122218, "delta": 0.00088}}
{"target": -13.758372164360672, "params": {"gamma": 417.7739622779254, "log10_alpha": 0.8223154207379402, "log10_colsample_bytree": -0.1748294727127676, "log10_eta": -2.302264530871051, "log10_lambda": -2.5304879283697908, "log10_min_child_weight": 4.540472832876713, "log10_subsample": -0.4947713430308023, "max_depth": 7.0, "num_boost_round": 14.0}, "datetime": {"datetime": "2024-01-19 00:16:19", "elapsed": 282.123112, "delta": 0.000894}}
{"target": -13.7583709150115, "params": {"gamma": 417.7739622779254, "log10_alpha": 0.8223154207379402, "log10_colsample_bytree": -0.1748294727127676, "log10_eta": -2.302264530871051, "log10_lambda": -2.5304879283697908, "log10_min_child_weight": 4.540472832876713, "log10_subsample": -0.4947713430308023, "max_depth": 7.0, "num_boost_round": 15.0}, "datetime": {"datetime": "2024-01-19 00:16:19", "elapsed": 282.12399, "delta": 0.000878}}
{"target": -13.758357445275779, "params": {"gamma": 417.7739622779254, "log10_alpha": 0.8223154207379402, "log10_colsample_bytree": -0.1748294727127676, "log10_eta": -2.302264530871051, "log10_lambda": -2.5304879283697908, "log10_min_child_weight": 4.540472832876713, "log10_subsample": -0.4947713430308023, "max_depth": 7.0, "num_boost_round": 16.0}, "datetime": {"datetime": "2024-01-19 00:16:19", "elapsed": 282.124875, "delta": 0.000885}}
{"target": -13.758373168748179, "params": {"gamma": 417.7739622779254, "log10_alpha": 0.8223154207379402, "log10_colsample_bytree": -0.1748294727127676, "log10_eta": -2.302264530871051, "log10_lambda": -2.5304879283697908, "log10_min_child_weight": 4.540472832876713, "log10_subsample": -0.4947713430308023, "max_depth": 7.0, "num_boost_round": 17.0}, "datetime": {"datetime": "2024-01-19 00:16:19", "elapsed": 282.12576, "delta": 0.000885}}
