{"target": -13.757927120425503, "params": {"gamma": 721.4150021349016, "log10_alpha": -0.9335069724718155, "log10_colsample_bytree": -0.7251507194975723, "log10_eta": -1.875900029147529, "log10_lambda": -4.310128145334838, "log10_min_child_weight": 1.0949766560710188, "log10_subsample": -0.031147125477374527, "max_depth": 2.0, "num_boost_round": 6.0}, "datetime": {"datetime": "2024-01-19 00:51:32", "elapsed": 2392.078843, "delta": 0.002597}}
{"target": -13.757829934368385, "params": {"gamma": 721.4150021349016, "log10_alpha": -0.9335069724718155, "log10_colsample_bytree": -0.7251507194975723, "log10_eta": -1.875900029147529, "log10_lambda": -4.310128145334838, "log10_min_child_weight": 1.0949766560710188, "log10_subsample": -0.031147125477374527, "max_depth": 2.0, "num_boost_round": 7.0}, "datetime": {"datetime": "2024-01-19 00:51:32", "elapsed": 2392.081424, "delta": 0.002581}}
{"target": -13.757805798106943, "params": {"gamma": 721.4150021349016, "log10_alpha": -0.9335069724718155, "log10_colsample_bytree": -0.7251507194975723, "log10_eta": -1.875900029147529, "log10_lambda": -4.310128145334838, "log10_min_child_weight": 1.0949766560710188, "log10_subsample": -0.031147125477374527, "max_depth": 2.0, "num_boost_round": 8.0}, "datetime": {"datetime": "2024-01-19 00:51:32", "elapsed": 2392.084134, "delta": 0.00271}}
{"target": -13.75772459775823, "params": {"gamma": 721.4150021349016, "log10_alpha": -0.9335069724718155, "log10_colsample_bytree": -0.7251507194975723, "log10_eta": -1.875900029147529, "log10_lambda": -4.310128145334838, "log10_min_child_weight": 1.0949766560710188, "log10_subsample": -0.031147125477374527, "max_depth": 2.0, "num_boost_round": 9.0}, "datetime": {"datetime": "2024-01-19 00:51:33", "elapsed": 2392.08681, "delta": 0.002676}}
{"target": -13.757648759202482, "params": {"gamma": 721.4150021349016, "log10_alpha": -0.9335069724718155, "log10_colsample_bytree": -0.7251507194975723, "log10_eta": -1.875900029147529, "log10_lambda": -4.310128145334838, "log10_min_child_weight": 1.0949766560710188, "log10_subsample": -0.031147125477374527, "max_depth": 2.0, "num_boost_round": 10.0}, "datetime": {"datetime": "2024-01-19 00:51:33", "elapsed": 2392.08939, "delta": 0.00258}}
{"target": -13.75753116989081, "params": {"gamma": 721.4150021349016, "log10_alpha": -0.9335069724718155, "log10_colsample_bytree": -0.7251507194975723, "log10_eta": -1.875900029147529, "log10_lambda": -4.310128145334838, "log10_min_child_weight": 1.0949766560710188, "log10_subsample": -0.031147125477374527, "max_depth": 2.0, "num_boost_round": 11.0}, "datetime": {"datetime": "2024-01-19 00:51:33", "elapsed": 2392.092001, "delta": 0.002611}}
{"target": -13.75746417554083, "params": {"gamma": 721.4150021349016, "log10_alpha": -0.9335069724718155, "log10_colsample_bytree": -0.7251507194975723, "log10_eta": -1.875900029147529, "log10_lambda": -4.310128145334838, "log10_min_child_weight": 1.0949766560710188, "log10_subsample": -0.031147125477374527, "max_depth": 2.0, "num_boost_round": 12.0}, "datetime": {"datetime": "2024-01-19 00:51:33", "elapsed": 2392.094697, "delta": 0.002696}}
{"target": -13.757406324691813, "params": {"gamma": 721.4150021349016, "log10_alpha": -0.9335069724718155, "log10_colsample_bytree": -0.7251507194975723, "log10_eta": -1.875900029147529, "log10_lambda": -4.310128145334838, "log10_min_child_weight": 1.0949766560710188, "log10_subsample": -0.031147125477374527, "max_depth": 2.0, "num_boost_round": 13.0}, "datetime": {"datetime": "2024-01-19 00:51:33", "elapsed": 2392.097277, "delta": 0.00258}}
{"target": -13.757400093381198, "params": {"gamma": 721.4150021349016, "log10_alpha": -0.9335069724718155, "log10_colsample_bytree": -0.7251507194975723, "log10_eta": -1.875900029147529, "log10_lambda": -4.310128145334838, "log10_min_child_weight": 1.0949766560710188, "log10_subsample": -0.031147125477374527, "max_depth": 2.0, "num_boost_round": 14.0}, "datetime": {"datetime": "2024-01-19 00:51:33", "elapsed": 2392.099827, "delta": 0.00255}}
{"target": -13.757185058266792, "params": {"gamma": 721.4150021349016, "log10_alpha": -0.9335069724718155, "log10_colsample_bytree": -0.7251507194975723, "log10_eta": -1.875900029147529, "log10_lambda": -4.310128145334838, "log10_min_child_weight": 1.0949766560710188, "log10_subsample": -0.031147125477374527, "max_depth": 2.0, "num_boost_round": 15.0}, "datetime": {"datetime": "2024-01-19 00:51:33", "elapsed": 2392.102373, "delta": 0.002546}}
{"target": -13.757127111665682, "params": {"gamma": 721.4150021349016, "log10_alpha": -0.9335069724718155, "log10_colsample_bytree": -0.7251507194975723, "log10_eta": -1.875900029147529, "log10_lambda": -4.310128145334838, "log10_min_child_weight": 1.0949766560710188, "log10_subsample": -0.031147125477374527, "max_depth": 2.0, "num_boost_round": 16.0}, "datetime": {"datetime": "2024-01-19 00:51:33", "elapsed": 2392.105012, "delta": 0.002639}}
{"target": -13.756977130778983, "params": {"gamma": 721.4150021349016, "log10_alpha": -0.9335069724718155, "log10_colsample_bytree": -0.7251507194975723, "log10_eta": -1.875900029147529, "log10_lambda": -4.310128145334838, "log10_min_child_weight": 1.0949766560710188, "log10_subsample": -0.031147125477374527, "max_depth": 2.0, "num_boost_round": 17.0}, "datetime": {"datetime": "2024-01-19 00:51:33", "elapsed": 2392.107645, "delta": 0.002633}}
{"target": -13.757016818354876, "params": {"gamma": 721.4150021349016, "log10_alpha": -0.9335069724718155, "log10_colsample_bytree": -0.7251507194975723, "log10_eta": -1.875900029147529, "log10_lambda": -4.310128145334838, "log10_min_child_weight": 1.0949766560710188, "log10_subsample": -0.031147125477374527, "max_depth": 2.0, "num_boost_round": 18.0}, "datetime": {"datetime": "2024-01-19 00:51:33", "elapsed": 2392.110271, "delta": 0.002626}}
{"target": -13.75697999237416, "params": {"gamma": 721.4150021349016, "log10_alpha": -0.9335069724718155, "log10_colsample_bytree": -0.7251507194975723, "log10_eta": -1.875900029147529, "log10_lambda": -4.310128145334838, "log10_min_child_weight": 1.0949766560710188, "log10_subsample": -0.031147125477374527, "max_depth": 2.0, "num_boost_round": 19.0}, "datetime": {"datetime": "2024-01-19 00:51:33", "elapsed": 2392.112955, "delta": 0.002684}}
{"target": -13.756933031748858, "params": {"gamma": 721.4150021349016, "log10_alpha": -0.9335069724718155, "log10_colsample_bytree": -0.7251507194975723, "log10_eta": -1.875900029147529, "log10_lambda": -4.310128145334838, "log10_min_child_weight": 1.0949766560710188, "log10_subsample": -0.031147125477374527, "max_depth": 2.0, "num_boost_round": 20.0}, "datetime": {"datetime": "2024-01-19 00:51:33", "elapsed": 2392.115544, "delta": 0.002589}}
{"target": -13.756871730786976, "params": {"gamma": 721.4150021349016, "log10_alpha": -0.9335069724718155, "log10_colsample_bytree": -0.7251507194975723, "log10_eta": -1.875900029147529, "log10_lambda": -4.310128145334838, "log10_min_child_weight": 1.0949766560710188, "log10_subsample": -0.031147125477374527, "max_depth": 2.0, "num_boost_round": 21.0}, "datetime": {"datetime": "2024-01-19 00:51:33", "elapsed": 2392.118123, "delta": 0.002579}}
{"target": -13.756912907246253, "params": {"gamma": 721.4150021349016, "log10_alpha": -0.9335069724718155, "log10_colsample_bytree": -0.7251507194975723, "log10_eta": -1.875900029147529, "log10_lambda": -4.310128145334838, "log10_min_child_weight": 1.0949766560710188, "log10_subsample": -0.031147125477374527, "max_depth": 2.0, "num_boost_round": 22.0}, "datetime": {"datetime": "2024-01-19 00:51:33", "elapsed": 2392.120697, "delta": 0.002574}}
{"target": -13.756826273521817, "params": {"gamma": 721.4150021349016, "log10_alpha": -0.9335069724718155, "log10_colsample_bytree": -0.7251507194975723, "log10_eta": -1.875900029147529, "log10_lambda": -4.310128145334838, "log10_min_child_weight": 1.0949766560710188, "log10_subsample": -0.031147125477374527, "max_depth": 2.0, "num_boost_round": 23.0}, "datetime": {"datetime": "2024-01-19 00:51:33", "elapsed": 2392.123362, "delta": 0.002665}}
{"target": -13.756865051606104, "params": {"gamma": 721.4150021349016, "log10_alpha": -0.9335069724718155, "log10_colsample_bytree": -0.7251507194975723, "log10_eta": -1.875900029147529, "log10_lambda": -4.310128145334838, "log10_min_child_weight": 1.0949766560710188, "log10_subsample": -0.031147125477374527, "max_depth": 2.0, "num_boost_round": 24.0}, "datetime": {"datetime": "2024-01-19 00:51:33", "elapsed": 2392.12597, "delta": 0.002608}}
{"target": -13.75672346366533, "params": {"gamma": 721.4150021349016, "log10_alpha": -0.9335069724718155, "log10_colsample_bytree": -0.7251507194975723, "log10_eta": -1.875900029147529, "log10_lambda": -4.310128145334838, "log10_min_child_weight": 1.0949766560710188, "log10_subsample": -0.031147125477374527, "max_depth": 2.0, "num_boost_round": 25.0}, "datetime": {"datetime": "2024-01-19 00:51:33", "elapsed": 2392.128558, "delta": 0.002588}}
{"target": -13.756819652985094, "params": {"gamma": 721.4150021349016, "log10_alpha": -0.9335069724718155, "log10_colsample_bytree": -0.7251507194975723, "log10_eta": -1.875900029147529, "log10_lambda": -4.310128145334838, "log10_min_child_weight": 1.0949766560710188, "log10_subsample": -0.031147125477374527, "max_depth": 2.0, "num_boost_round": 26.0}, "datetime": {"datetime": "2024-01-19 00:51:33", "elapsed": 2392.131141, "delta": 0.002583}}
{"target": -13.756626719068468, "params": {"gamma": 721.4150021349016, "log10_alpha": -0.9335069724718155, "log10_colsample_bytree": -0.7251507194975723, "log10_eta": -1.875900029147529, "log10_lambda": -4.310128145334838, "log10_min_child_weight": 1.0949766560710188, "log10_subsample": -0.031147125477374527, "max_depth": 2.0, "num_boost_round": 27.0}, "datetime": {"datetime": "2024-01-19 00:51:33", "elapsed": 2392.133928, "delta": 0.002787}}
{"target": -13.756576663488438, "params": {"gamma": 721.4150021349016, "log10_alpha": -0.9335069724718155, "log10_colsample_bytree": -0.7251507194975723, "log10_eta": -1.875900029147529, "log10_lambda": -4.310128145334838, "log10_min_child_weight": 1.0949766560710188, "log10_subsample": -0.031147125477374527, "max_depth": 2.0, "num_boost_round": 28.0}, "datetime": {"datetime": "2024-01-19 00:51:33", "elapsed": 2392.136683, "delta": 0.002755}}
{"target": -13.756637407178657, "params": {"gamma": 721.4150021349016, "log10_alpha": -0.9335069724718155, "log10_colsample_bytree": -0.7251507194975723, "log10_eta": -1.875900029147529, "log10_lambda": -4.310128145334838, "log10_min_child_weight": 1.0949766560710188, "log10_subsample": -0.031147125477374527, "max_depth": 2.0, "num_boost_round": 29.0}, "datetime": {"datetime": "2024-01-19 00:51:33", "elapsed": 2392.139408, "delta": 0.002725}}
{"target": -13.756465065077466, "params": {"gamma": 721.4150021349016, "log10_alpha": -0.9335069724718155, "log10_colsample_bytree": -0.7251507194975723, "log10_eta": -1.875900029147529, "log10_lambda": -4.310128145334838, "log10_min_child_weight": 1.0949766560710188, "log10_subsample": -0.031147125477374527, "max_depth": 2.0, "num_boost_round": 30.0}, "datetime": {"datetime": "2024-01-19 00:51:33", "elapsed": 2392.142036, "delta": 0.002628}}
{"target": -13.756352764587966, "params": {"gamma": 721.4150021349016, "log10_alpha": -0.9335069724718155, "log10_colsample_bytree": -0.7251507194975723, "log10_eta": -1.875900029147529, "log10_lambda": -4.310128145334838, "log10_min_child_weight": 1.0949766560710188, "log10_subsample": -0.031147125477374527, "max_depth": 2.0, "num_boost_round": 31.0}, "datetime": {"datetime": "2024-01-19 00:51:33", "elapsed": 2392.144714, "delta": 0.002678}}
{"target": -13.756305122091122, "params": {"gamma": 721.4150021349016, "log10_alpha": -0.9335069724718155, "log10_colsample_bytree": -0.7251507194975723, "log10_eta": -1.875900029147529, "log10_lambda": -4.310128145334838, "log10_min_child_weight": 1.0949766560710188, "log10_subsample": -0.031147125477374527, "max_depth": 2.0, "num_boost_round": 32.0}, "datetime": {"datetime": "2024-01-19 00:51:33", "elapsed": 2392.147366, "delta": 0.002652}}
{"target": -13.756351683518597, "params": {"gamma": 721.4150021349016, "log10_alpha": -0.9335069724718155, "log10_colsample_bytree": -0.7251507194975723, "log10_eta": -1.875900029147529, "log10_lambda": -4.310128145334838, "log10_min_child_weight": 1.0949766560710188, "log10_subsample": -0.031147125477374527, "max_depth": 2.0, "num_boost_round": 33.0}, "datetime": {"datetime": "2024-01-19 00:51:33", "elapsed": 2392.149964, "delta": 0.002598}}
{"target": -13.756317193070869, "params": {"gamma": 721.4150021349016, "log10_alpha": -0.9335069724718155, "log10_colsample_bytree": -0.7251507194975723, "log10_eta": -1.875900029147529, "log10_lambda": -4.310128145334838, "log10_min_child_weight": 1.0949766560710188, "log10_subsample": -0.031147125477374527, "max_depth": 2.0, "num_boost_round": 34.0}, "datetime": {"datetime": "2024-01-19 00:51:33", "elapsed": 2392.152626, "delta": 0.002662}}
{"target": -13.756276014569565, "params": {"gamma": 721.4150021349016, "log10_alpha": -0.9335069724718155, "log10_colsample_bytree": -0.7251507194975723, "log10_eta": -1.875900029147529, "log10_lambda": -4.310128145334838, "log10_min_child_weight": 1.0949766560710188, "log10_subsample": -0.031147125477374527, "max_depth": 2.0, "num_boost_round": 35.0}, "datetime": {"datetime": "2024-01-19 00:51:33", "elapsed": 2392.155269, "delta": 0.002643}}
{"target": -13.75629346949507, "params": {"gamma": 721.4150021349016, "log10_alpha": -0.9335069724718155, "log10_colsample_bytree": -0.7251507194975723, "log10_eta": -1.875900029147529, "log10_lambda": -4.310128145334838, "log10_min_child_weight": 1.0949766560710188, "log10_subsample": -0.031147125477374527, "max_depth": 2.0, "num_boost_round": 36.0}, "datetime": {"datetime": "2024-01-19 00:51:33", "elapsed": 2392.157817, "delta": 0.002548}}
{"target": -13.756351357603831, "params": {"gamma": 721.4150021349016, "log10_alpha": -0.9335069724718155, "log10_colsample_bytree": -0.7251507194975723, "log10_eta": -1.875900029147529, "log10_lambda": -4.310128145334838, "log10_min_child_weight": 1.0949766560710188, "log10_subsample": -0.031147125477374527, "max_depth": 2.0, "num_boost_round": 37.0}, "datetime": {"datetime": "2024-01-19 00:51:33", "elapsed": 2392.160442, "delta": 0.002625}}
{"target": -13.756208099299862, "params": {"gamma": 721.4150021349016, "log10_alpha": -0.9335069724718155, "log10_colsample_bytree": -0.7251507194975723, "log10_eta": -1.875900029147529, "log10_lambda": -4.310128145334838, "log10_min_child_weight": 1.0949766560710188, "log10_subsample": -0.031147125477374527, "max_depth": 2.0, "num_boost_round": 38.0}, "datetime": {"datetime": "2024-01-19 00:51:33", "elapsed": 2392.163064, "delta": 0.002622}}
{"target": -13.756116512195423, "params": {"gamma": 721.4150021349016, "log10_alpha": -0.9335069724718155, "log10_colsample_bytree": -0.7251507194975723, "log10_eta": -1.875900029147529, "log10_lambda": -4.310128145334838, "log10_min_child_weight": 1.0949766560710188, "log10_subsample": -0.031147125477374527, "max_depth": 2.0, "num_boost_round": 39.0}, "datetime": {"datetime": "2024-01-19 00:51:33", "elapsed": 2392.165654, "delta": 0.00259}}
{"target": -13.75621177157209, "params": {"gamma": 721.4150021349016, "log10_alpha": -0.9335069724718155, "log10_colsample_bytree": -0.7251507194975723, "log10_eta": -1.875900029147529, "log10_lambda": -4.310128145334838, "log10_min_child_weight": 1.0949766560710188, "log10_subsample": -0.031147125477374527, "max_depth": 2.0, "num_boost_round": 40.0}, "datetime": {"datetime": "2024-01-19 00:51:33", "elapsed": 2392.168322, "delta": 0.002668}}
{"target": -13.758538014153705, "params": {"gamma": 84.62278993183392, "log10_alpha": -0.36142508858672695, "log10_colsample_bytree": -0.2731009174997563, "log10_eta": -3.9562012050694917, "log10_lambda": -0.7990307465570119, "log10_min_child_weight": 4.099493354903894, "log10_subsample": -0.40555822633997596, "max_depth": 6.0, "num_boost_round": 0.0}, "datetime": {"datetime": "2024-01-19 00:52:01", "elapsed": 2420.82512, "delta": 28.656798}}
{"target": -13.75853848310325, "params": {"gamma": 84.62278993183392, "log10_alpha": -0.36142508858672695, "log10_colsample_bytree": -0.2731009174997563, "log10_eta": -3.9562012050694917, "log10_lambda": -0.7990307465570119, "log10_min_child_weight": 4.099493354903894, "log10_subsample": -0.40555822633997596, "max_depth": 6.0, "num_boost_round": 1.0}, "datetime": {"datetime": "2024-01-19 00:52:01", "elapsed": 2420.828698, "delta": 0.003578}}
{"target": -13.758539507134142, "params": {"gamma": 84.62278993183392, "log10_alpha": -0.36142508858672695, "log10_colsample_bytree": -0.2731009174997563, "log10_eta": -3.9562012050694917, "log10_lambda": -0.7990307465570119, "log10_min_child_weight": 4.099493354903894, "log10_subsample": -0.40555822633997596, "max_depth": 6.0, "num_boost_round": 2.0}, "datetime": {"datetime": "2024-01-19 00:52:01", "elapsed": 2420.83146, "delta": 0.002762}}
{"target": -13.758539518303508, "params": {"gamma": 84.62278993183392, "log10_alpha": -0.36142508858672695, "log10_colsample_bytree": -0.2731009174997563, "log10_eta": -3.9562012050694917, "log10_lambda": -0.7990307465570119, "log10_min_child_weight": 4.099493354903894, "log10_subsample": -0.40555822633997596, "max_depth": 6.0, "num_boost_round": 3.0}, "datetime": {"datetime": "2024-01-19 00:52:01", "elapsed": 2420.949712, "delta": 0.118252}}
{"target": -13.758541013746418, "params": {"gamma": 84.62278993183392, "log10_alpha": -0.36142508858672695, "log10_colsample_bytree": -0.2731009174997563, "log10_eta": -3.9562012050694917, "log10_lambda": -0.7990307465570119, "log10_min_child_weight": 4.099493354903894, "log10_subsample": -0.40555822633997596, "max_depth": 6.0, "num_boost_round": 4.0}, "datetime": {"datetime": "2024-01-19 00:52:01", "elapsed": 2420.953462, "delta": 0.00375}}
{"target": -13.758539147167488, "params": {"gamma": 84.62278993183392, "log10_alpha": -0.36142508858672695, "log10_colsample_bytree": -0.2731009174997563, "log10_eta": -3.9562012050694917, "log10_lambda": -0.7990307465570119, "log10_min_child_weight": 4.099493354903894, "log10_subsample": -0.40555822633997596, "max_depth": 6.0, "num_boost_round": 5.0}, "datetime": {"datetime": "2024-01-19 00:52:01", "elapsed": 2420.956413, "delta": 0.002951}}
{"target": -13.758539658257153, "params": {"gamma": 84.62278993183392, "log10_alpha": -0.36142508858672695, "log10_colsample_bytree": -0.2731009174997563, "log10_eta": -3.9562012050694917, "log10_lambda": -0.7990307465570119, "log10_min_child_weight": 4.099493354903894, "log10_subsample": -0.40555822633997596, "max_depth": 6.0, "num_boost_round": 6.0}, "datetime": {"datetime": "2024-01-19 00:52:01", "elapsed": 2420.959267, "delta": 0.002854}}
{"target": -13.758540381277635, "params": {"gamma": 84.62278993183392, "log10_alpha": -0.36142508858672695, "log10_colsample_bytree": -0.2731009174997563, "log10_eta": -3.9562012050694917, "log10_lambda": -0.7990307465570119, "log10_min_child_weight": 4.099493354903894, "log10_subsample": -0.40555822633997596, "max_depth": 6.0, "num_boost_round": 7.0}, "datetime": {"datetime": "2024-01-19 00:52:01", "elapsed": 2420.962012, "delta": 0.002745}}
{"target": -13.758540691597505, "params": {"gamma": 84.62278993183392, "log10_alpha": -0.36142508858672695, "log10_colsample_bytree": -0.2731009174997563, "log10_eta": -3.9562012050694917, "log10_lambda": -0.7990307465570119, "log10_min_child_weight": 4.099493354903894, "log10_subsample": -0.40555822633997596, "max_depth": 6.0, "num_boost_round": 8.0}, "datetime": {"datetime": "2024-01-19 00:52:01", "elapsed": 2420.964858, "delta": 0.002846}}
{"target": -13.758540274226718, "params": {"gamma": 84.62278993183392, "log10_alpha": -0.36142508858672695, "log10_colsample_bytree": -0.2731009174997563, "log10_eta": -3.9562012050694917, "log10_lambda": -0.7990307465570119, "log10_min_child_weight": 4.099493354903894, "log10_subsample": -0.40555822633997596, "max_depth": 6.0, "num_boost_round": 9.0}, "datetime": {"datetime": "2024-01-19 00:52:01", "elapsed": 2420.967701, "delta": 0.002843}}
{"target": -13.758533806469494, "params": {"gamma": 714.862163683989, "log10_alpha": -4.117530313784257, "log10_colsample_bytree": -1.0, "log10_eta": -4.0, "log10_lambda": -2.553463683186692, "log10_min_child_weight": 0.3480456511119229, "log10_subsample": -0.1542414220292749, "max_depth": 6.0, "num_boost_round": 0.0}, "datetime": {"datetime": "2024-01-19 00:52:39", "elapsed": 2458.368538, "delta": 37.400837}}
{"target": -13.758534276740386, "params": {"gamma": 714.862163683989, "log10_alpha": -4.117530313784257, "log10_colsample_bytree": -1.0, "log10_eta": -4.0, "log10_lambda": -2.553463683186692, "log10_min_child_weight": 0.3480456511119229, "log10_subsample": -0.1542414220292749, "max_depth": 6.0, "num_boost_round": 1.0}, "datetime": {"datetime": "2024-01-19 00:52:39", "elapsed": 2458.371853, "delta": 0.003315}}
{"target": -13.758535996304449, "params": {"gamma": 714.862163683989, "log10_alpha": -4.117530313784257, "log10_colsample_bytree": -1.0, "log10_eta": -4.0, "log10_lambda": -2.553463683186692, "log10_min_child_weight": 0.3480456511119229, "log10_subsample": -0.1542414220292749, "max_depth": 6.0, "num_boost_round": 2.0}, "datetime": {"datetime": "2024-01-19 00:52:39", "elapsed": 2458.374901, "delta": 0.003048}}
{"target": -13.758534817703705, "params": {"gamma": 714.862163683989, "log10_alpha": -4.117530313784257, "log10_colsample_bytree": -1.0, "log10_eta": -4.0, "log10_lambda": -2.553463683186692, "log10_min_child_weight": 0.3480456511119229, "log10_subsample": -0.1542414220292749, "max_depth": 6.0, "num_boost_round": 3.0}, "datetime": {"datetime": "2024-01-19 00:52:39", "elapsed": 2458.377694, "delta": 0.002793}}
