{"target": -13.758379912859247, "params": {"gamma": 710.746528735471, "log10_alpha": -3.805830305877747, "log10_colsample_bytree": -0.4683649335008845, "log10_eta": -3.063764931332712, "log10_lambda": -4.56672045654132, "log10_min_child_weight": 2.5196756162526808, "log10_subsample": -0.6887122657125008, "max_depth": 6.0, "num_boost_round": 10.0}, "datetime": {"datetime": "2024-01-19 02:01:10", "elapsed": 6569.913488, "delta": 0.00648}}
{"target": -13.758363779591326, "params": {"gamma": 710.746528735471, "log10_alpha": -3.805830305877747, "log10_colsample_bytree": -0.4683649335008845, "log10_eta": -3.063764931332712, "log10_lambda": -4.56672045654132, "log10_min_child_weight": 2.5196756162526808, "log10_subsample": -0.6887122657125008, "max_depth": 6.0, "num_boost_round": 11.0}, "datetime": {"datetime": "2024-01-19 02:01:10", "elapsed": 6569.920071, "delta": 0.006583}}
{"target": -13.758365204086513, "params": {"gamma": 710.746528735471, "log10_alpha": -3.805830305877747, "log10_colsample_bytree": -0.4683649335008845, "log10_eta": -3.063764931332712, "log10_lambda": -4.56672045654132, "log10_min_child_weight": 2.5196756162526808, "log10_subsample": -0.6887122657125008, "max_depth": 6.0, "num_boost_round": 12.0}, "datetime": {"datetime": "2024-01-19 02:01:10", "elapsed": 6569.926863, "delta": 0.006792}}
{"target": -13.75837725230629, "params": {"gamma": 710.746528735471, "log10_alpha": -3.805830305877747, "log10_colsample_bytree": -0.4683649335008845, "log10_eta": -3.063764931332712, "log10_lambda": -4.56672045654132, "log10_min_child_weight": 2.5196756162526808, "log10_subsample": -0.6887122657125008, "max_depth": 6.0, "num_boost_round": 13.0}, "datetime": {"datetime": "2024-01-19 02:01:10", "elapsed": 6569.933432, "delta": 0.006569}}
{"target": -13.758380416521781, "params": {"gamma": 710.746528735471, "log10_alpha": -3.805830305877747, "log10_colsample_bytree": -0.4683649335008845, "log10_eta": -3.063764931332712, "log10_lambda": -4.56672045654132, "log10_min_child_weight": 2.5196756162526808, "log10_subsample": -0.6887122657125008, "max_depth": 6.0, "num_boost_round": 14.0}, "datetime": {"datetime": "2024-01-19 02:01:10", "elapsed": 6569.94083, "delta": 0.007398}}
{"target": -13.758358458002826, "params": {"gamma": 710.746528735471, "log10_alpha": -3.805830305877747, "log10_colsample_bytree": -0.4683649335008845, "log10_eta": -3.063764931332712, "log10_lambda": -4.56672045654132, "log10_min_child_weight": 2.5196756162526808, "log10_subsample": -0.6887122657125008, "max_depth": 6.0, "num_boost_round": 15.0}, "datetime": {"datetime": "2024-01-19 02:01:10", "elapsed": 6569.947203, "delta": 0.006373}}
{"target": -13.75835351856854, "params": {"gamma": 710.746528735471, "log10_alpha": -3.805830305877747, "log10_colsample_bytree": -0.4683649335008845, "log10_eta": -3.063764931332712, "log10_lambda": -4.56672045654132, "log10_min_child_weight": 2.5196756162526808, "log10_subsample": -0.6887122657125008, "max_depth": 6.0, "num_boost_round": 16.0}, "datetime": {"datetime": "2024-01-19 02:01:10", "elapsed": 6569.953724, "delta": 0.006521}}
{"target": -13.758360608869062, "params": {"gamma": 710.746528735471, "log10_alpha": -3.805830305877747, "log10_colsample_bytree": -0.4683649335008845, "log10_eta": -3.063764931332712, "log10_lambda": -4.56672045654132, "log10_min_child_weight": 2.5196756162526808, "log10_subsample": -0.6887122657125008, "max_depth": 6.0, "num_boost_round": 17.0}, "datetime": {"datetime": "2024-01-19 02:01:10", "elapsed": 6569.959923, "delta": 0.006199}}
{"target": -13.758362726380655, "params": {"gamma": 710.746528735471, "log10_alpha": -3.805830305877747, "log10_colsample_bytree": -0.4683649335008845, "log10_eta": -3.063764931332712, "log10_lambda": -4.56672045654132, "log10_min_child_weight": 2.5196756162526808, "log10_subsample": -0.6887122657125008, "max_depth": 6.0, "num_boost_round": 18.0}, "datetime": {"datetime": "2024-01-19 02:01:10", "elapsed": 6569.966288, "delta": 0.006365}}
{"target": -13.758382366551375, "params": {"gamma": 710.746528735471, "log10_alpha": -3.805830305877747, "log10_colsample_bytree": -0.4683649335008845, "log10_eta": -3.063764931332712, "log10_lambda": -4.56672045654132, "log10_min_child_weight": 2.5196756162526808, "log10_subsample": -0.6887122657125008, "max_depth": 6.0, "num_boost_round": 19.0}, "datetime": {"datetime": "2024-01-19 02:01:10", "elapsed": 6569.97253, "delta": 0.006242}}
{"target": -13.758344003392565, "params": {"gamma": 710.746528735471, "log10_alpha": -3.805830305877747, "log10_colsample_bytree": -0.4683649335008845, "log10_eta": -3.063764931332712, "log10_lambda": -4.56672045654132, "log10_min_child_weight": 2.5196756162526808, "log10_subsample": -0.6887122657125008, "max_depth": 6.0, "num_boost_round": 20.0}, "datetime": {"datetime": "2024-01-19 02:01:10", "elapsed": 6569.979369, "delta": 0.006839}}
{"target": -13.7583479991663, "params": {"gamma": 710.746528735471, "log10_alpha": -3.805830305877747, "log10_colsample_bytree": -0.4683649335008845, "log10_eta": -3.063764931332712, "log10_lambda": -4.56672045654132, "log10_min_child_weight": 2.5196756162526808, "log10_subsample": -0.6887122657125008, "max_depth": 6.0, "num_boost_round": 21.0}, "datetime": {"datetime": "2024-01-19 02:01:10", "elapsed": 6569.986253, "delta": 0.006884}}
{"target": -13.758340687953632, "params": {"gamma": 710.746528735471, "log10_alpha": -3.805830305877747, "log10_colsample_bytree": -0.4683649335008845, "log10_eta": -3.063764931332712, "log10_lambda": -4.56672045654132, "log10_min_child_weight": 2.5196756162526808, "log10_subsample": -0.6887122657125008, "max_depth": 6.0, "num_boost_round": 22.0}, "datetime": {"datetime": "2024-01-19 02:01:10", "elapsed": 6569.993072, "delta": 0.006819}}
{"target": -13.758329881610067, "params": {"gamma": 710.746528735471, "log10_alpha": -3.805830305877747, "log10_colsample_bytree": -0.4683649335008845, "log10_eta": -3.063764931332712, "log10_lambda": -4.56672045654132, "log10_min_child_weight": 2.5196756162526808, "log10_subsample": -0.6887122657125008, "max_depth": 6.0, "num_boost_round": 23.0}, "datetime": {"datetime": "2024-01-19 02:01:10", "elapsed": 6569.999727, "delta": 0.006655}}
{"target": -13.758321957381199, "params": {"gamma": 710.746528735471, "log10_alpha": -3.805830305877747, "log10_colsample_bytree": -0.4683649335008845, "log10_eta": -3.063764931332712, "log10_lambda": -4.56672045654132, "log10_min_child_weight": 2.5196756162526808, "log10_subsample": -0.6887122657125008, "max_depth": 6.0, "num_boost_round": 24.0}, "datetime": {"datetime": "2024-01-19 02:01:10", "elapsed": 6570.006401, "delta": 0.006674}}
{"target": -13.758309257816933, "params": {"gamma": 710.746528735471, "log10_alpha": -3.805830305877747, "log10_colsample_bytree": -0.4683649335008845, "log10_eta": -3.063764931332712, "log10_lambda": -4.56672045654132, "log10_min_child_weight": 2.5196756162526808, "log10_subsample": -0.6887122657125008, "max_depth": 6.0, "num_boost_round": 25.0}, "datetime": {"datetime": "2024-01-19 02:01:10", "elapsed": 6570.012946, "delta": 0.006545}}
{"target": -13.758283340414987, "params": {"gamma": 710.746528735471, "log10_alpha": -3.805830305877747, "log10_colsample_bytree": -0.4683649335008845, "log10_eta": -3.063764931332712, "log10_lambda": -4.56672045654132, "log10_min_child_weight": 2.5196756162526808, "log10_subsample": -0.6887122657125008, "max_depth": 6.0, "num_boost_round": 26.0}, "datetime": {"datetime": "2024-01-19 02:01:10", "elapsed": 6570.019106, "delta": 0.00616}}
{"target": -13.758253078687307, "params": {"gamma": 710.746528735471, "log10_alpha": -3.805830305877747, "log10_colsample_bytree": -0.4683649335008845, "log10_eta": -3.063764931332712, "log10_lambda": -4.56672045654132, "log10_min_child_weight": 2.5196756162526808, "log10_subsample": -0.6887122657125008, "max_depth": 6.0, "num_boost_round": 27.0}, "datetime": {"datetime": "2024-01-19 02:01:10", "elapsed": 6570.025462, "delta": 0.006356}}
{"target": -13.75822276947895, "params": {"gamma": 710.746528735471, "log10_alpha": -3.805830305877747, "log10_colsample_bytree": -0.4683649335008845, "log10_eta": -3.063764931332712, "log10_lambda": -4.56672045654132, "log10_min_child_weight": 2.5196756162526808, "log10_subsample": -0.6887122657125008, "max_depth": 6.0, "num_boost_round": 28.0}, "datetime": {"datetime": "2024-01-19 02:01:10", "elapsed": 6570.032004, "delta": 0.006542}}
{"target": -13.75819271640608, "params": {"gamma": 710.746528735471, "log10_alpha": -3.805830305877747, "log10_colsample_bytree": -0.4683649335008845, "log10_eta": -3.063764931332712, "log10_lambda": -4.56672045654132, "log10_min_child_weight": 2.5196756162526808, "log10_subsample": -0.6887122657125008, "max_depth": 6.0, "num_boost_round": 29.0}, "datetime": {"datetime": "2024-01-19 02:01:10", "elapsed": 6570.038132, "delta": 0.006128}}
{"target": -13.758193781324788, "params": {"gamma": 710.746528735471, "log10_alpha": -3.805830305877747, "log10_colsample_bytree": -0.4683649335008845, "log10_eta": -3.063764931332712, "log10_lambda": -4.56672045654132, "log10_min_child_weight": 2.5196756162526808, "log10_subsample": -0.6887122657125008, "max_depth": 6.0, "num_boost_round": 30.0}, "datetime": {"datetime": "2024-01-19 02:01:10", "elapsed": 6570.04421, "delta": 0.006078}}
{"target": -13.758183678675108, "params": {"gamma": 710.746528735471, "log10_alpha": -3.805830305877747, "log10_colsample_bytree": -0.4683649335008845, "log10_eta": -3.063764931332712, "log10_lambda": -4.56672045654132, "log10_min_child_weight": 2.5196756162526808, "log10_subsample": -0.6887122657125008, "max_depth": 6.0, "num_boost_round": 31.0}, "datetime": {"datetime": "2024-01-19 02:01:10", "elapsed": 6570.050355, "delta": 0.006145}}
{"target": -13.75815924196936, "params": {"gamma": 710.746528735471, "log10_alpha": -3.805830305877747, "log10_colsample_bytree": -0.4683649335008845, "log10_eta": -3.063764931332712, "log10_lambda": -4.56672045654132, "log10_min_child_weight": 2.5196756162526808, "log10_subsample": -0.6887122657125008, "max_depth": 6.0, "num_boost_round": 32.0}, "datetime": {"datetime": "2024-01-19 02:01:10", "elapsed": 6570.056624, "delta": 0.006269}}
{"target": -13.758143662546518, "params": {"gamma": 710.746528735471, "log10_alpha": -3.805830305877747, "log10_colsample_bytree": -0.4683649335008845, "log10_eta": -3.063764931332712, "log10_lambda": -4.56672045654132, "log10_min_child_weight": 2.5196756162526808, "log10_subsample": -0.6887122657125008, "max_depth": 6.0, "num_boost_round": 33.0}, "datetime": {"datetime": "2024-01-19 02:01:10", "elapsed": 6570.062908, "delta": 0.006284}}
{"target": -13.758132897074331, "params": {"gamma": 710.746528735471, "log10_alpha": -3.805830305877747, "log10_colsample_bytree": -0.4683649335008845, "log10_eta": -3.063764931332712, "log10_lambda": -4.56672045654132, "log10_min_child_weight": 2.5196756162526808, "log10_subsample": -0.6887122657125008, "max_depth": 6.0, "num_boost_round": 34.0}, "datetime": {"datetime": "2024-01-19 02:01:10", "elapsed": 6570.070434, "delta": 0.007526}}
{"target": -13.758141975112025, "params": {"gamma": 710.746528735471, "log10_alpha": -3.805830305877747, "log10_colsample_bytree": -0.4683649335008845, "log10_eta": -3.063764931332712, "log10_lambda": -4.56672045654132, "log10_min_child_weight": 2.5196756162526808, "log10_subsample": -0.6887122657125008, "max_depth": 6.0, "num_boost_round": 35.0}, "datetime": {"datetime": "2024-01-19 02:01:10", "elapsed": 6570.078337, "delta": 0.007903}}
{"target": -13.758151975100679, "params": {"gamma": 710.746528735471, "log10_alpha": -3.805830305877747, "log10_colsample_bytree": -0.4683649335008845, "log10_eta": -3.063764931332712, "log10_lambda": -4.56672045654132, "log10_min_child_weight": 2.5196756162526808, "log10_subsample": -0.6887122657125008, "max_depth": 6.0, "num_boost_round": 36.0}, "datetime": {"datetime": "2024-01-19 02:01:11", "elapsed": 6570.085438, "delta": 0.007101}}
{"target": -13.758168275457045, "params": {"gamma": 710.746528735471, "log10_alpha": -3.805830305877747, "log10_colsample_bytree": -0.4683649335008845, "log10_eta": -3.063764931332712, "log10_lambda": -4.56672045654132, "log10_min_child_weight": 2.5196756162526808, "log10_subsample": -0.6887122657125008, "max_depth": 6.0, "num_boost_round": 37.0}, "datetime": {"datetime": "2024-01-19 02:01:11", "elapsed": 6570.092117, "delta": 0.006679}}
{"target": -13.758165543725319, "params": {"gamma": 710.746528735471, "log10_alpha": -3.805830305877747, "log10_colsample_bytree": -0.4683649335008845, "log10_eta": -3.063764931332712, "log10_lambda": -4.56672045654132, "log10_min_child_weight": 2.5196756162526808, "log10_subsample": -0.6887122657125008, "max_depth": 6.0, "num_boost_round": 38.0}, "datetime": {"datetime": "2024-01-19 02:01:11", "elapsed": 6570.098398, "delta": 0.006281}}
{"target": -13.758157717755676, "params": {"gamma": 710.746528735471, "log10_alpha": -3.805830305877747, "log10_colsample_bytree": -0.4683649335008845, "log10_eta": -3.063764931332712, "log10_lambda": -4.56672045654132, "log10_min_child_weight": 2.5196756162526808, "log10_subsample": -0.6887122657125008, "max_depth": 6.0, "num_boost_round": 39.0}, "datetime": {"datetime": "2024-01-19 02:01:11", "elapsed": 6570.104666, "delta": 0.006268}}
{"target": -13.758157634711807, "params": {"gamma": 710.746528735471, "log10_alpha": -3.805830305877747, "log10_colsample_bytree": -0.4683649335008845, "log10_eta": -3.063764931332712, "log10_lambda": -4.56672045654132, "log10_min_child_weight": 2.5196756162526808, "log10_subsample": -0.6887122657125008, "max_depth": 6.0, "num_boost_round": 40.0}, "datetime": {"datetime": "2024-01-19 02:01:11", "elapsed": 6570.110851, "delta": 0.006185}}
{"target": -13.758115591848904, "params": {"gamma": 710.746528735471, "log10_alpha": -3.805830305877747, "log10_colsample_bytree": -0.4683649335008845, "log10_eta": -3.063764931332712, "log10_lambda": -4.56672045654132, "log10_min_child_weight": 2.5196756162526808, "log10_subsample": -0.6887122657125008, "max_depth": 6.0, "num_boost_round": 41.0}, "datetime": {"datetime": "2024-01-19 02:01:11", "elapsed": 6570.117157, "delta": 0.006306}}
{"target": -13.758097740381952, "params": {"gamma": 710.746528735471, "log10_alpha": -3.805830305877747, "log10_colsample_bytree": -0.4683649335008845, "log10_eta": -3.063764931332712, "log10_lambda": -4.56672045654132, "log10_min_child_weight": 2.5196756162526808, "log10_subsample": -0.6887122657125008, "max_depth": 6.0, "num_boost_round": 42.0}, "datetime": {"datetime": "2024-01-19 02:01:11", "elapsed": 6570.123511, "delta": 0.006354}}
{"target": -13.758087642908151, "params": {"gamma": 710.746528735471, "log10_alpha": -3.805830305877747, "log10_colsample_bytree": -0.4683649335008845, "log10_eta": -3.063764931332712, "log10_lambda": -4.56672045654132, "log10_min_child_weight": 2.5196756162526808, "log10_subsample": -0.6887122657125008, "max_depth": 6.0, "num_boost_round": 43.0}, "datetime": {"datetime": "2024-01-19 02:01:11", "elapsed": 6570.12972, "delta": 0.006209}}
{"target": -13.75807455668502, "params": {"gamma": 710.746528735471, "log10_alpha": -3.805830305877747, "log10_colsample_bytree": -0.4683649335008845, "log10_eta": -3.063764931332712, "log10_lambda": -4.56672045654132, "log10_min_child_weight": 2.5196756162526808, "log10_subsample": -0.6887122657125008, "max_depth": 6.0, "num_boost_round": 44.0}, "datetime": {"datetime": "2024-01-19 02:01:11", "elapsed": 6570.136061, "delta": 0.006341}}
{"target": -13.758078615111971, "params": {"gamma": 710.746528735471, "log10_alpha": -3.805830305877747, "log10_colsample_bytree": -0.4683649335008845, "log10_eta": -3.063764931332712, "log10_lambda": -4.56672045654132, "log10_min_child_weight": 2.5196756162526808, "log10_subsample": -0.6887122657125008, "max_depth": 6.0, "num_boost_round": 45.0}, "datetime": {"datetime": "2024-01-19 02:01:11", "elapsed": 6570.14249, "delta": 0.006429}}
{"target": -13.758049140763399, "params": {"gamma": 710.746528735471, "log10_alpha": -3.805830305877747, "log10_colsample_bytree": -0.4683649335008845, "log10_eta": -3.063764931332712, "log10_lambda": -4.56672045654132, "log10_min_child_weight": 2.5196756162526808, "log10_subsample": -0.6887122657125008, "max_depth": 6.0, "num_boost_round": 46.0}, "datetime": {"datetime": "2024-01-19 02:01:11", "elapsed": 6570.149066, "delta": 0.006576}}
{"target": -13.758041387950879, "params": {"gamma": 710.746528735471, "log10_alpha": -3.805830305877747, "log10_colsample_bytree": -0.4683649335008845, "log10_eta": -3.063764931332712, "log10_lambda": -4.56672045654132, "log10_min_child_weight": 2.5196756162526808, "log10_subsample": -0.6887122657125008, "max_depth": 6.0, "num_boost_round": 47.0}, "datetime": {"datetime": "2024-01-19 02:01:11", "elapsed": 6570.155642, "delta": 0.006576}}
{"target": -13.758041954499728, "params": {"gamma": 710.746528735471, "log10_alpha": -3.805830305877747, "log10_colsample_bytree": -0.4683649335008845, "log10_eta": -3.063764931332712, "log10_lambda": -4.56672045654132, "log10_min_child_weight": 2.5196756162526808, "log10_subsample": -0.6887122657125008, "max_depth": 6.0, "num_boost_round": 48.0}, "datetime": {"datetime": "2024-01-19 02:01:11", "elapsed": 6570.162101, "delta": 0.006459}}
{"target": -13.758025025415037, "params": {"gamma": 710.746528735471, "log10_alpha": -3.805830305877747, "log10_colsample_bytree": -0.4683649335008845, "log10_eta": -3.063764931332712, "log10_lambda": -4.56672045654132, "log10_min_child_weight": 2.5196756162526808, "log10_subsample": -0.6887122657125008, "max_depth": 6.0, "num_boost_round": 49.0}, "datetime": {"datetime": "2024-01-19 02:01:11", "elapsed": 6570.168427, "delta": 0.006326}}
{"target": -13.758017273387013, "params": {"gamma": 710.746528735471, "log10_alpha": -3.805830305877747, "log10_colsample_bytree": -0.4683649335008845, "log10_eta": -3.063764931332712, "log10_lambda": -4.56672045654132, "log10_min_child_weight": 2.5196756162526808, "log10_subsample": -0.6887122657125008, "max_depth": 6.0, "num_boost_round": 50.0}, "datetime": {"datetime": "2024-01-19 02:01:11", "elapsed": 6570.175579, "delta": 0.007152}}
{"target": -13.757998182821117, "params": {"gamma": 710.746528735471, "log10_alpha": -3.805830305877747, "log10_colsample_bytree": -0.4683649335008845, "log10_eta": -3.063764931332712, "log10_lambda": -4.56672045654132, "log10_min_child_weight": 2.5196756162526808, "log10_subsample": -0.6887122657125008, "max_depth": 6.0, "num_boost_round": 51.0}, "datetime": {"datetime": "2024-01-19 02:01:11", "elapsed": 6570.181799, "delta": 0.00622}}
{"target": -13.757984443577074, "params": {"gamma": 710.746528735471, "log10_alpha": -3.805830305877747, "log10_colsample_bytree": -0.4683649335008845, "log10_eta": -3.063764931332712, "log10_lambda": -4.56672045654132, "log10_min_child_weight": 2.5196756162526808, "log10_subsample": -0.6887122657125008, "max_depth": 6.0, "num_boost_round": 52.0}, "datetime": {"datetime": "2024-01-19 02:01:11", "elapsed": 6570.187868, "delta": 0.006069}}
{"target": -13.757986062644326, "params": {"gamma": 710.746528735471, "log10_alpha": -3.805830305877747, "log10_colsample_bytree": -0.4683649335008845, "log10_eta": -3.063764931332712, "log10_lambda": -4.56672045654132, "log10_min_child_weight": 2.5196756162526808, "log10_subsample": -0.6887122657125008, "max_depth": 6.0, "num_boost_round": 53.0}, "datetime": {"datetime": "2024-01-19 02:01:11", "elapsed": 6570.194035, "delta": 0.006167}}
{"target": -13.75797555728917, "params": {"gamma": 710.746528735471, "log10_alpha": -3.805830305877747, "log10_colsample_bytree": -0.4683649335008845, "log10_eta": -3.063764931332712, "log10_lambda": -4.56672045654132, "log10_min_child_weight": 2.5196756162526808, "log10_subsample": -0.6887122657125008, "max_depth": 6.0, "num_boost_round": 54.0}, "datetime": {"datetime": "2024-01-19 02:01:11", "elapsed": 6570.200195, "delta": 0.00616}}
{"target": -13.757948892947427, "params": {"gamma": 710.746528735471, "log10_alpha": -3.805830305877747, "log10_colsample_bytree": -0.4683649335008845, "log10_eta": -3.063764931332712, "log10_lambda": -4.56672045654132, "log10_min_child_weight": 2.5196756162526808, "log10_subsample": -0.6887122657125008, "max_depth": 6.0, "num_boost_round": 55.0}, "datetime": {"datetime": "2024-01-19 02:01:11", "elapsed": 6570.207153, "delta": 0.006958}}
{"target": -13.75793842608428, "params": {"gamma": 710.746528735471, "log10_alpha": -3.805830305877747, "log10_colsample_bytree": -0.4683649335008845, "log10_eta": -3.063764931332712, "log10_lambda": -4.56672045654132, "log10_min_child_weight": 2.5196756162526808, "log10_subsample": -0.6887122657125008, "max_depth": 6.0, "num_boost_round": 56.0}, "datetime": {"datetime": "2024-01-19 02:01:11", "elapsed": 6570.213796, "delta": 0.006643}}
{"target": -13.757940545079029, "params": {"gamma": 710.746528735471, "log10_alpha": -3.805830305877747, "log10_colsample_bytree": -0.4683649335008845, "log10_eta": -3.063764931332712, "log10_lambda": -4.56672045654132, "log10_min_child_weight": 2.5196756162526808, "log10_subsample": -0.6887122657125008, "max_depth": 6.0, "num_boost_round": 57.0}, "datetime": {"datetime": "2024-01-19 02:01:11", "elapsed": 6570.219972, "delta": 0.006176}}
{"target": -13.757929660898684, "params": {"gamma": 710.746528735471, "log10_alpha": -3.805830305877747, "log10_colsample_bytree": -0.4683649335008845, "log10_eta": -3.063764931332712, "log10_lambda": -4.56672045654132, "log10_min_child_weight": 2.5196756162526808, "log10_subsample": -0.6887122657125008, "max_depth": 6.0, "num_boost_round": 58.0}, "datetime": {"datetime": "2024-01-19 02:01:11", "elapsed": 6570.22639, "delta": 0.006418}}
