{"target": -17.676905120278864, "params": {"gamma": 865.3058131973277, "log10_alpha": -4.933502928516887, "log10_colsample_bytree": -0.12696387802206655, "log10_eta": -2.650164004024936, "log10_lambda": -0.2595231202625463, "log10_min_child_weight": 2.0038961012983143, "log10_subsample": -0.9508990718767878, "max_depth": 8.0, "num_boost_round": 1.0}, "datetime": {"datetime": "2024-01-19 01:31:28", "elapsed": 4769.644264, "delta": 0.005599}}
{"target": -17.676835548140023, "params": {"gamma": 865.3058131973277, "log10_alpha": -4.933502928516887, "log10_colsample_bytree": -0.12696387802206655, "log10_eta": -2.650164004024936, "log10_lambda": -0.2595231202625463, "log10_min_child_weight": 2.0038961012983143, "log10_subsample": -0.9508990718767878, "max_depth": 8.0, "num_boost_round": 2.0}, "datetime": {"datetime": "2024-01-19 01:31:29", "elapsed": 4769.649014, "delta": 0.00475}}
{"target": -17.67672772512691, "params": {"gamma": 865.3058131973277, "log10_alpha": -4.933502928516887, "log10_colsample_bytree": -0.12696387802206655, "log10_eta": -2.650164004024936, "log10_lambda": -0.2595231202625463, "log10_min_child_weight": 2.0038961012983143, "log10_subsample": -0.9508990718767878, "max_depth": 8.0, "num_boost_round": 3.0}, "datetime": {"datetime": "2024-01-19 01:31:29", "elapsed": 4769.782197, "delta": 0.133183}}
{"target": -17.676631170105747, "params": {"gamma": 865.3058131973277, "log10_alpha": -4.933502928516887, "log10_colsample_bytree": -0.12696387802206655, "log10_eta": -2.650164004024936, "log10_lambda": -0.2595231202625463, "log10_min_child_weight": 2.0038961012983143, "log10_subsample": -0.9508990718767878, "max_depth": 8.0, "num_boost_round": 4.0}, "datetime": {"datetime": "2024-01-19 01:31:29", "elapsed": 4769.788704, "delta": 0.006507}}
{"target": -17.676686318403842, "params": {"gamma": 865.3058131973277, "log10_alpha": -4.933502928516887, "log10_colsample_bytree": -0.12696387802206655, "log10_eta": -2.650164004024936, "log10_lambda": -0.2595231202625463, "log10_min_child_weight": 2.0038961012983143, "log10_subsample": -0.9508990718767878, "max_depth": 8.0, "num_boost_round": 5.0}, "datetime": {"datetime": "2024-01-19 01:31:29", "elapsed": 4769.793907, "delta": 0.005203}}
{"target": -17.67678389271658, "params": {"gamma": 865.3058131973277, "log10_alpha": -4.933502928516887, "log10_colsample_bytree": -0.12696387802206655, "log10_eta": -2.650164004024936, "log10_lambda": -0.2595231202625463, "log10_min_child_weight": 2.0038961012983143, "log10_subsample": -0.9508990718767878, "max_depth": 8.0, "num_boost_round": 6.0}, "datetime": {"datetime": "2024-01-19 01:31:29", "elapsed": 4769.798999, "delta": 0.005092}}
{"target": -17.6767271307271, "params": {"gamma": 865.3058131973277, "log10_alpha": -4.933502928516887, "log10_colsample_bytree": -0.12696387802206655, "log10_eta": -2.650164004024936, "log10_lambda": -0.2595231202625463, "log10_min_child_weight": 2.0038961012983143, "log10_subsample": -0.9508990718767878, "max_depth": 8.0, "num_boost_round": 7.0}, "datetime": {"datetime": "2024-01-19 01:31:29", "elapsed": 4769.803939, "delta": 0.00494}}
{"target": -17.676622544639233, "params": {"gamma": 865.3058131973277, "log10_alpha": -4.933502928516887, "log10_colsample_bytree": -0.12696387802206655, "log10_eta": -2.650164004024936, "log10_lambda": -0.2595231202625463, "log10_min_child_weight": 2.0038961012983143, "log10_subsample": -0.9508990718767878, "max_depth": 8.0, "num_boost_round": 8.0}, "datetime": {"datetime": "2024-01-19 01:31:29", "elapsed": 4769.808924, "delta": 0.004985}}
{"target": -17.67664883176291, "params": {"gamma": 865.3058131973277, "log10_alpha": -4.933502928516887, "log10_colsample_bytree": -0.12696387802206655, "log10_eta": -2.650164004024936, "log10_lambda": -0.2595231202625463, "log10_min_child_weight": 2.0038961012983143, "log10_subsample": -0.9508990718767878, "max_depth": 8.0, "num_boost_round": 9.0}, "datetime": {"datetime": "2024-01-19 01:31:29", "elapsed": 4769.813832, "delta": 0.004908}}
{"target": -17.67675354783538, "params": {"gamma": 865.3058131973277, "log10_alpha": -4.933502928516887, "log10_colsample_bytree": -0.12696387802206655, "log10_eta": -2.650164004024936, "log10_lambda": -0.2595231202625463, "log10_min_child_weight": 2.0038961012983143, "log10_subsample": -0.9508990718767878, "max_depth": 8.0, "num_boost_round": 10.0}, "datetime": {"datetime": "2024-01-19 01:31:29", "elapsed": 4769.818856, "delta": 0.005024}}
{"target": -17.67662271827776, "params": {"gamma": 865.3058131973277, "log10_alpha": -4.933502928516887, "log10_colsample_bytree": -0.12696387802206655, "log10_eta": -2.650164004024936, "log10_lambda": -0.2595231202625463, "log10_min_child_weight": 2.0038961012983143, "log10_subsample": -0.9508990718767878, "max_depth": 8.0, "num_boost_round": 11.0}, "datetime": {"datetime": "2024-01-19 01:31:29", "elapsed": 4769.823916, "delta": 0.00506}}
{"target": -17.67653129079228, "params": {"gamma": 865.3058131973277, "log10_alpha": -4.933502928516887, "log10_colsample_bytree": -0.12696387802206655, "log10_eta": -2.650164004024936, "log10_lambda": -0.2595231202625463, "log10_min_child_weight": 2.0038961012983143, "log10_subsample": -0.9508990718767878, "max_depth": 8.0, "num_boost_round": 12.0}, "datetime": {"datetime": "2024-01-19 01:31:29", "elapsed": 4769.829084, "delta": 0.005168}}
{"target": -17.676435269826026, "params": {"gamma": 865.3058131973277, "log10_alpha": -4.933502928516887, "log10_colsample_bytree": -0.12696387802206655, "log10_eta": -2.650164004024936, "log10_lambda": -0.2595231202625463, "log10_min_child_weight": 2.0038961012983143, "log10_subsample": -0.9508990718767878, "max_depth": 8.0, "num_boost_round": 13.0}, "datetime": {"datetime": "2024-01-19 01:31:29", "elapsed": 4769.834083, "delta": 0.004999}}
{"target": -17.676512372281678, "params": {"gamma": 865.3058131973277, "log10_alpha": -4.933502928516887, "log10_colsample_bytree": -0.12696387802206655, "log10_eta": -2.650164004024936, "log10_lambda": -0.2595231202625463, "log10_min_child_weight": 2.0038961012983143, "log10_subsample": -0.9508990718767878, "max_depth": 8.0, "num_boost_round": 14.0}, "datetime": {"datetime": "2024-01-19 01:31:29", "elapsed": 4769.839112, "delta": 0.005029}}
{"target": -17.676303444243402, "params": {"gamma": 865.3058131973277, "log10_alpha": -4.933502928516887, "log10_colsample_bytree": -0.12696387802206655, "log10_eta": -2.650164004024936, "log10_lambda": -0.2595231202625463, "log10_min_child_weight": 2.0038961012983143, "log10_subsample": -0.9508990718767878, "max_depth": 8.0, "num_boost_round": 15.0}, "datetime": {"datetime": "2024-01-19 01:31:29", "elapsed": 4769.844067, "delta": 0.004955}}
{"target": -17.676147356119042, "params": {"gamma": 865.3058131973277, "log10_alpha": -4.933502928516887, "log10_colsample_bytree": -0.12696387802206655, "log10_eta": -2.650164004024936, "log10_lambda": -0.2595231202625463, "log10_min_child_weight": 2.0038961012983143, "log10_subsample": -0.9508990718767878, "max_depth": 8.0, "num_boost_round": 16.0}, "datetime": {"datetime": "2024-01-19 01:31:29", "elapsed": 4769.849212, "delta": 0.005145}}
{"target": -17.676107185698054, "params": {"gamma": 865.3058131973277, "log10_alpha": -4.933502928516887, "log10_colsample_bytree": -0.12696387802206655, "log10_eta": -2.650164004024936, "log10_lambda": -0.2595231202625463, "log10_min_child_weight": 2.0038961012983143, "log10_subsample": -0.9508990718767878, "max_depth": 8.0, "num_boost_round": 17.0}, "datetime": {"datetime": "2024-01-19 01:31:29", "elapsed": 4769.854306, "delta": 0.005094}}
{"target": -17.676133837928703, "params": {"gamma": 865.3058131973277, "log10_alpha": -4.933502928516887, "log10_colsample_bytree": -0.12696387802206655, "log10_eta": -2.650164004024936, "log10_lambda": -0.2595231202625463, "log10_min_child_weight": 2.0038961012983143, "log10_subsample": -0.9508990718767878, "max_depth": 8.0, "num_boost_round": 18.0}, "datetime": {"datetime": "2024-01-19 01:31:29", "elapsed": 4769.859567, "delta": 0.005261}}
{"target": -17.675969446379394, "params": {"gamma": 865.3058131973277, "log10_alpha": -4.933502928516887, "log10_colsample_bytree": -0.12696387802206655, "log10_eta": -2.650164004024936, "log10_lambda": -0.2595231202625463, "log10_min_child_weight": 2.0038961012983143, "log10_subsample": -0.9508990718767878, "max_depth": 8.0, "num_boost_round": 19.0}, "datetime": {"datetime": "2024-01-19 01:31:29", "elapsed": 4769.864558, "delta": 0.004991}}
{"target": -17.67579006870114, "params": {"gamma": 865.3058131973277, "log10_alpha": -4.933502928516887, "log10_colsample_bytree": -0.12696387802206655, "log10_eta": -2.650164004024936, "log10_lambda": -0.2595231202625463, "log10_min_child_weight": 2.0038961012983143, "log10_subsample": -0.9508990718767878, "max_depth": 8.0, "num_boost_round": 20.0}, "datetime": {"datetime": "2024-01-19 01:31:29", "elapsed": 4769.869694, "delta": 0.005136}}
{"target": -17.67566393199209, "params": {"gamma": 865.3058131973277, "log10_alpha": -4.933502928516887, "log10_colsample_bytree": -0.12696387802206655, "log10_eta": -2.650164004024936, "log10_lambda": -0.2595231202625463, "log10_min_child_weight": 2.0038961012983143, "log10_subsample": -0.9508990718767878, "max_depth": 8.0, "num_boost_round": 21.0}, "datetime": {"datetime": "2024-01-19 01:31:29", "elapsed": 4769.875363, "delta": 0.005669}}
{"target": -17.675775337749208, "params": {"gamma": 865.3058131973277, "log10_alpha": -4.933502928516887, "log10_colsample_bytree": -0.12696387802206655, "log10_eta": -2.650164004024936, "log10_lambda": -0.2595231202625463, "log10_min_child_weight": 2.0038961012983143, "log10_subsample": -0.9508990718767878, "max_depth": 8.0, "num_boost_round": 22.0}, "datetime": {"datetime": "2024-01-19 01:31:29", "elapsed": 4769.880558, "delta": 0.005195}}
{"target": -17.675738285951546, "params": {"gamma": 865.3058131973277, "log10_alpha": -4.933502928516887, "log10_colsample_bytree": -0.12696387802206655, "log10_eta": -2.650164004024936, "log10_lambda": -0.2595231202625463, "log10_min_child_weight": 2.0038961012983143, "log10_subsample": -0.9508990718767878, "max_depth": 8.0, "num_boost_round": 23.0}, "datetime": {"datetime": "2024-01-19 01:31:29", "elapsed": 4769.885655, "delta": 0.005097}}
{"target": -17.675649238051736, "params": {"gamma": 865.3058131973277, "log10_alpha": -4.933502928516887, "log10_colsample_bytree": -0.12696387802206655, "log10_eta": -2.650164004024936, "log10_lambda": -0.2595231202625463, "log10_min_child_weight": 2.0038961012983143, "log10_subsample": -0.9508990718767878, "max_depth": 8.0, "num_boost_round": 24.0}, "datetime": {"datetime": "2024-01-19 01:31:29", "elapsed": 4769.890854, "delta": 0.005199}}
{"target": -17.67559190390959, "params": {"gamma": 865.3058131973277, "log10_alpha": -4.933502928516887, "log10_colsample_bytree": -0.12696387802206655, "log10_eta": -2.650164004024936, "log10_lambda": -0.2595231202625463, "log10_min_child_weight": 2.0038961012983143, "log10_subsample": -0.9508990718767878, "max_depth": 8.0, "num_boost_round": 25.0}, "datetime": {"datetime": "2024-01-19 01:31:29", "elapsed": 4769.895861, "delta": 0.005007}}
{"target": -17.675561994943575, "params": {"gamma": 865.3058131973277, "log10_alpha": -4.933502928516887, "log10_colsample_bytree": -0.12696387802206655, "log10_eta": -2.650164004024936, "log10_lambda": -0.2595231202625463, "log10_min_child_weight": 2.0038961012983143, "log10_subsample": -0.9508990718767878, "max_depth": 8.0, "num_boost_round": 26.0}, "datetime": {"datetime": "2024-01-19 01:31:29", "elapsed": 4769.900805, "delta": 0.004944}}
{"target": -17.675517076812543, "params": {"gamma": 865.3058131973277, "log10_alpha": -4.933502928516887, "log10_colsample_bytree": -0.12696387802206655, "log10_eta": -2.650164004024936, "log10_lambda": -0.2595231202625463, "log10_min_child_weight": 2.0038961012983143, "log10_subsample": -0.9508990718767878, "max_depth": 8.0, "num_boost_round": 27.0}, "datetime": {"datetime": "2024-01-19 01:31:29", "elapsed": 4769.905664, "delta": 0.004859}}
{"target": -17.675501538940043, "params": {"gamma": 865.3058131973277, "log10_alpha": -4.933502928516887, "log10_colsample_bytree": -0.12696387802206655, "log10_eta": -2.650164004024936, "log10_lambda": -0.2595231202625463, "log10_min_child_weight": 2.0038961012983143, "log10_subsample": -0.9508990718767878, "max_depth": 8.0, "num_boost_round": 28.0}, "datetime": {"datetime": "2024-01-19 01:31:29", "elapsed": 4769.910905, "delta": 0.005241}}
{"target": -17.67532632078538, "params": {"gamma": 865.3058131973277, "log10_alpha": -4.933502928516887, "log10_colsample_bytree": -0.12696387802206655, "log10_eta": -2.650164004024936, "log10_lambda": -0.2595231202625463, "log10_min_child_weight": 2.0038961012983143, "log10_subsample": -0.9508990718767878, "max_depth": 8.0, "num_boost_round": 29.0}, "datetime": {"datetime": "2024-01-19 01:31:29", "elapsed": 4769.91594, "delta": 0.005035}}
{"target": -17.67524304158315, "params": {"gamma": 865.3058131973277, "log10_alpha": -4.933502928516887, "log10_colsample_bytree": -0.12696387802206655, "log10_eta": -2.650164004024936, "log10_lambda": -0.2595231202625463, "log10_min_child_weight": 2.0038961012983143, "log10_subsample": -0.9508990718767878, "max_depth": 8.0, "num_boost_round": 30.0}, "datetime": {"datetime": "2024-01-19 01:31:29", "elapsed": 4769.921036, "delta": 0.005096}}
{"target": -17.674975706844304, "params": {"gamma": 865.3058131973277, "log10_alpha": -4.933502928516887, "log10_colsample_bytree": -0.12696387802206655, "log10_eta": -2.650164004024936, "log10_lambda": -0.2595231202625463, "log10_min_child_weight": 2.0038961012983143, "log10_subsample": -0.9508990718767878, "max_depth": 8.0, "num_boost_round": 31.0}, "datetime": {"datetime": "2024-01-19 01:31:29", "elapsed": 4769.926228, "delta": 0.005192}}
{"target": -17.6750410749658, "params": {"gamma": 865.3058131973277, "log10_alpha": -4.933502928516887, "log10_colsample_bytree": -0.12696387802206655, "log10_eta": -2.650164004024936, "log10_lambda": -0.2595231202625463, "log10_min_child_weight": 2.0038961012983143, "log10_subsample": -0.9508990718767878, "max_depth": 8.0, "num_boost_round": 32.0}, "datetime": {"datetime": "2024-01-19 01:31:29", "elapsed": 4769.93147, "delta": 0.005242}}
{"target": -17.67722065167547, "params": {"gamma": 876.1601055662155, "log10_alpha": 0.6903818856536823, "log10_colsample_bytree": -0.7069084498453276, "log10_eta": -3.8049488066449997, "log10_lambda": -2.2265730448568855, "log10_min_child_weight": 1.9056579275811925, "log10_subsample": -0.7195949742959104, "max_depth": 7.0, "num_boost_round": 0.0}, "datetime": {"datetime": "2024-01-19 01:32:30", "elapsed": 4831.008262, "delta": 61.076792}}
{"target": -17.677210480149235, "params": {"gamma": 876.1601055662155, "log10_alpha": 0.6903818856536823, "log10_colsample_bytree": -0.7069084498453276, "log10_eta": -3.8049488066449997, "log10_lambda": -2.2265730448568855, "log10_min_child_weight": 1.9056579275811925, "log10_subsample": -0.7195949742959104, "max_depth": 7.0, "num_boost_round": 1.0}, "datetime": {"datetime": "2024-01-19 01:32:30", "elapsed": 4831.014569, "delta": 0.006307}}
{"target": -17.67719516402424, "params": {"gamma": 876.1601055662155, "log10_alpha": 0.6903818856536823, "log10_colsample_bytree": -0.7069084498453276, "log10_eta": -3.8049488066449997, "log10_lambda": -2.2265730448568855, "log10_min_child_weight": 1.9056579275811925, "log10_subsample": -0.7195949742959104, "max_depth": 7.0, "num_boost_round": 2.0}, "datetime": {"datetime": "2024-01-19 01:32:30", "elapsed": 4831.019854, "delta": 0.005285}}
{"target": -17.677190792467606, "params": {"gamma": 876.1601055662155, "log10_alpha": 0.6903818856536823, "log10_colsample_bytree": -0.7069084498453276, "log10_eta": -3.8049488066449997, "log10_lambda": -2.2265730448568855, "log10_min_child_weight": 1.9056579275811925, "log10_subsample": -0.7195949742959104, "max_depth": 7.0, "num_boost_round": 3.0}, "datetime": {"datetime": "2024-01-19 01:32:30", "elapsed": 4831.0253, "delta": 0.005446}}
{"target": -17.677177260733085, "params": {"gamma": 876.1601055662155, "log10_alpha": 0.6903818856536823, "log10_colsample_bytree": -0.7069084498453276, "log10_eta": -3.8049488066449997, "log10_lambda": -2.2265730448568855, "log10_min_child_weight": 1.9056579275811925, "log10_subsample": -0.7195949742959104, "max_depth": 7.0, "num_boost_round": 4.0}, "datetime": {"datetime": "2024-01-19 01:32:30", "elapsed": 4831.03035, "delta": 0.00505}}
{"target": -17.677174912118605, "params": {"gamma": 876.1601055662155, "log10_alpha": 0.6903818856536823, "log10_colsample_bytree": -0.7069084498453276, "log10_eta": -3.8049488066449997, "log10_lambda": -2.2265730448568855, "log10_min_child_weight": 1.9056579275811925, "log10_subsample": -0.7195949742959104, "max_depth": 7.0, "num_boost_round": 5.0}, "datetime": {"datetime": "2024-01-19 01:32:30", "elapsed": 4831.035604, "delta": 0.005254}}
{"target": -17.67717284007708, "params": {"gamma": 876.1601055662155, "log10_alpha": 0.6903818856536823, "log10_colsample_bytree": -0.7069084498453276, "log10_eta": -3.8049488066449997, "log10_lambda": -2.2265730448568855, "log10_min_child_weight": 1.9056579275811925, "log10_subsample": -0.7195949742959104, "max_depth": 7.0, "num_boost_round": 6.0}, "datetime": {"datetime": "2024-01-19 01:32:30", "elapsed": 4831.040814, "delta": 0.00521}}
{"target": -17.677155452217583, "params": {"gamma": 876.1601055662155, "log10_alpha": 0.6903818856536823, "log10_colsample_bytree": -0.7069084498453276, "log10_eta": -3.8049488066449997, "log10_lambda": -2.2265730448568855, "log10_min_child_weight": 1.9056579275811925, "log10_subsample": -0.7195949742959104, "max_depth": 7.0, "num_boost_round": 7.0}, "datetime": {"datetime": "2024-01-19 01:32:30", "elapsed": 4831.046028, "delta": 0.005214}}
{"target": -17.67715761317605, "params": {"gamma": 876.1601055662155, "log10_alpha": 0.6903818856536823, "log10_colsample_bytree": -0.7069084498453276, "log10_eta": -3.8049488066449997, "log10_lambda": -2.2265730448568855, "log10_min_child_weight": 1.9056579275811925, "log10_subsample": -0.7195949742959104, "max_depth": 7.0, "num_boost_round": 8.0}, "datetime": {"datetime": "2024-01-19 01:32:30", "elapsed": 4831.051081, "delta": 0.005053}}
{"target": -17.677154242438323, "params": {"gamma": 876.1601055662155, "log10_alpha": 0.6903818856536823, "log10_colsample_bytree": -0.7069084498453276, "log10_eta": -3.8049488066449997, "log10_lambda": -2.2265730448568855, "log10_min_child_weight": 1.9056579275811925, "log10_subsample": -0.7195949742959104, "max_depth": 7.0, "num_boost_round": 9.0}, "datetime": {"datetime": "2024-01-19 01:32:30", "elapsed": 4831.056138, "delta": 0.005057}}
{"target": -17.677138853510808, "params": {"gamma": 876.1601055662155, "log10_alpha": 0.6903818856536823, "log10_colsample_bytree": -0.7069084498453276, "log10_eta": -3.8049488066449997, "log10_lambda": -2.2265730448568855, "log10_min_child_weight": 1.9056579275811925, "log10_subsample": -0.7195949742959104, "max_depth": 7.0, "num_boost_round": 10.0}, "datetime": {"datetime": "2024-01-19 01:32:30", "elapsed": 4831.061168, "delta": 0.00503}}
{"target": -17.677138016583683, "params": {"gamma": 876.1601055662155, "log10_alpha": 0.6903818856536823, "log10_colsample_bytree": -0.7069084498453276, "log10_eta": -3.8049488066449997, "log10_lambda": -2.2265730448568855, "log10_min_child_weight": 1.9056579275811925, "log10_subsample": -0.7195949742959104, "max_depth": 7.0, "num_boost_round": 11.0}, "datetime": {"datetime": "2024-01-19 01:32:30", "elapsed": 4831.066096, "delta": 0.004928}}
{"target": -17.677133741094206, "params": {"gamma": 876.1601055662155, "log10_alpha": 0.6903818856536823, "log10_colsample_bytree": -0.7069084498453276, "log10_eta": -3.8049488066449997, "log10_lambda": -2.2265730448568855, "log10_min_child_weight": 1.9056579275811925, "log10_subsample": -0.7195949742959104, "max_depth": 7.0, "num_boost_round": 12.0}, "datetime": {"datetime": "2024-01-19 01:32:30", "elapsed": 4831.071045, "delta": 0.004949}}
{"target": -17.67712483688257, "params": {"gamma": 876.1601055662155, "log10_alpha": 0.6903818856536823, "log10_colsample_bytree": -0.7069084498453276, "log10_eta": -3.8049488066449997, "log10_lambda": -2.2265730448568855, "log10_min_child_weight": 1.9056579275811925, "log10_subsample": -0.7195949742959104, "max_depth": 7.0, "num_boost_round": 13.0}, "datetime": {"datetime": "2024-01-19 01:32:30", "elapsed": 4831.076265, "delta": 0.00522}}
{"target": -17.677123595678253, "params": {"gamma": 876.1601055662155, "log10_alpha": 0.6903818856536823, "log10_colsample_bytree": -0.7069084498453276, "log10_eta": -3.8049488066449997, "log10_lambda": -2.2265730448568855, "log10_min_child_weight": 1.9056579275811925, "log10_subsample": -0.7195949742959104, "max_depth": 7.0, "num_boost_round": 14.0}, "datetime": {"datetime": "2024-01-19 01:32:30", "elapsed": 4831.081297, "delta": 0.005032}}
{"target": -17.677112245007702, "params": {"gamma": 876.1601055662155, "log10_alpha": 0.6903818856536823, "log10_colsample_bytree": -0.7069084498453276, "log10_eta": -3.8049488066449997, "log10_lambda": -2.2265730448568855, "log10_min_child_weight": 1.9056579275811925, "log10_subsample": -0.7195949742959104, "max_depth": 7.0, "num_boost_round": 15.0}, "datetime": {"datetime": "2024-01-19 01:32:30", "elapsed": 4831.086337, "delta": 0.00504}}
{"target": -17.677102017325893, "params": {"gamma": 876.1601055662155, "log10_alpha": 0.6903818856536823, "log10_colsample_bytree": -0.7069084498453276, "log10_eta": -3.8049488066449997, "log10_lambda": -2.2265730448568855, "log10_min_child_weight": 1.9056579275811925, "log10_subsample": -0.7195949742959104, "max_depth": 7.0, "num_boost_round": 16.0}, "datetime": {"datetime": "2024-01-19 01:32:30", "elapsed": 4831.091458, "delta": 0.005121}}
