{"target": -13.758529668566545, "params": {"gamma": 892.0697059090696, "log10_alpha": -1.4154821222897551, "log10_colsample_bytree": -0.515555841392329, "log10_eta": -3.92986070483477, "log10_lambda": -4.818075560951832, "log10_min_child_weight": 4.708826965402765, "log10_subsample": -0.746384102591576, "max_depth": 9.0, "num_boost_round": 22.0}, "datetime": {"datetime": "2024-01-19 00:44:07", "elapsed": 1951.915032, "delta": 0.002736}}
{"target": -13.758529459788527, "params": {"gamma": 892.0697059090696, "log10_alpha": -1.4154821222897551, "log10_colsample_bytree": -0.515555841392329, "log10_eta": -3.92986070483477, "log10_lambda": -4.818075560951832, "log10_min_child_weight": 4.708826965402765, "log10_subsample": -0.746384102591576, "max_depth": 9.0, "num_boost_round": 23.0}, "datetime": {"datetime": "2024-01-19 00:44:07", "elapsed": 1951.917777, "delta": 0.002745}}
{"target": -13.758529123135503, "params": {"gamma": 892.0697059090696, "log10_alpha": -1.4154821222897551, "log10_colsample_bytree": -0.515555841392329, "log10_eta": -3.92986070483477, "log10_lambda": -4.818075560951832, "log10_min_child_weight": 4.708826965402765, "log10_subsample": -0.746384102591576, "max_depth": 9.0, "num_boost_round": 24.0}, "datetime": {"datetime": "2024-01-19 00:44:07", "elapsed": 1951.920534, "delta": 0.002757}}
{"target": -13.75852928102176, "params": {"gamma": 892.0697059090696, "log10_alpha": -1.4154821222897551, "log10_colsample_bytree": -0.515555841392329, "log10_eta": -3.92986070483477, "log10_lambda": -4.818075560951832, "log10_min_child_weight": 4.708826965402765, "log10_subsample": -0.746384102591576, "max_depth": 9.0, "num_boost_round": 25.0}, "datetime": {"datetime": "2024-01-19 00:44:07", "elapsed": 1951.923264, "delta": 0.00273}}
{"target": -13.758528783208254, "params": {"gamma": 892.0697059090696, "log10_alpha": -1.4154821222897551, "log10_colsample_bytree": -0.515555841392329, "log10_eta": -3.92986070483477, "log10_lambda": -4.818075560951832, "log10_min_child_weight": 4.708826965402765, "log10_subsample": -0.746384102591576, "max_depth": 9.0, "num_boost_round": 26.0}, "datetime": {"datetime": "2024-01-19 00:44:07", "elapsed": 1951.926046, "delta": 0.002782}}
{"target": -13.758527798869382, "params": {"gamma": 892.0697059090696, "log10_alpha": -1.4154821222897551, "log10_colsample_bytree": -0.515555841392329, "log10_eta": -3.92986070483477, "log10_lambda": -4.818075560951832, "log10_min_child_weight": 4.708826965402765, "log10_subsample": -0.746384102591576, "max_depth": 9.0, "num_boost_round": 27.0}, "datetime": {"datetime": "2024-01-19 00:44:07", "elapsed": 1951.928781, "delta": 0.002735}}
{"target": -13.75852701653207, "params": {"gamma": 892.0697059090696, "log10_alpha": -1.4154821222897551, "log10_colsample_bytree": -0.515555841392329, "log10_eta": -3.92986070483477, "log10_lambda": -4.818075560951832, "log10_min_child_weight": 4.708826965402765, "log10_subsample": -0.746384102591576, "max_depth": 9.0, "num_boost_round": 28.0}, "datetime": {"datetime": "2024-01-19 00:44:07", "elapsed": 1951.932144, "delta": 0.003363}}
{"target": -13.758526655881727, "params": {"gamma": 892.0697059090696, "log10_alpha": -1.4154821222897551, "log10_colsample_bytree": -0.515555841392329, "log10_eta": -3.92986070483477, "log10_lambda": -4.818075560951832, "log10_min_child_weight": 4.708826965402765, "log10_subsample": -0.746384102591576, "max_depth": 9.0, "num_boost_round": 29.0}, "datetime": {"datetime": "2024-01-19 00:44:07", "elapsed": 1951.935701, "delta": 0.003557}}
{"target": -13.75852611874656, "params": {"gamma": 892.0697059090696, "log10_alpha": -1.4154821222897551, "log10_colsample_bytree": -0.515555841392329, "log10_eta": -3.92986070483477, "log10_lambda": -4.818075560951832, "log10_min_child_weight": 4.708826965402765, "log10_subsample": -0.746384102591576, "max_depth": 9.0, "num_boost_round": 30.0}, "datetime": {"datetime": "2024-01-19 00:44:07", "elapsed": 1951.939079, "delta": 0.003378}}
{"target": -13.758525719766798, "params": {"gamma": 892.0697059090696, "log10_alpha": -1.4154821222897551, "log10_colsample_bytree": -0.515555841392329, "log10_eta": -3.92986070483477, "log10_lambda": -4.818075560951832, "log10_min_child_weight": 4.708826965402765, "log10_subsample": -0.746384102591576, "max_depth": 9.0, "num_boost_round": 31.0}, "datetime": {"datetime": "2024-01-19 00:44:07", "elapsed": 1951.942023, "delta": 0.002944}}
{"target": -13.758524749476067, "params": {"gamma": 892.0697059090696, "log10_alpha": -1.4154821222897551, "log10_colsample_bytree": -0.515555841392329, "log10_eta": -3.92986070483477, "log10_lambda": -4.818075560951832, "log10_min_child_weight": 4.708826965402765, "log10_subsample": -0.746384102591576, "max_depth": 9.0, "num_boost_round": 32.0}, "datetime": {"datetime": "2024-01-19 00:44:07", "elapsed": 1951.944841, "delta": 0.002818}}
{"target": -13.758524161659661, "params": {"gamma": 892.0697059090696, "log10_alpha": -1.4154821222897551, "log10_colsample_bytree": -0.515555841392329, "log10_eta": -3.92986070483477, "log10_lambda": -4.818075560951832, "log10_min_child_weight": 4.708826965402765, "log10_subsample": -0.746384102591576, "max_depth": 9.0, "num_boost_round": 33.0}, "datetime": {"datetime": "2024-01-19 00:44:07", "elapsed": 1951.947712, "delta": 0.002871}}
{"target": -13.758523808230734, "params": {"gamma": 892.0697059090696, "log10_alpha": -1.4154821222897551, "log10_colsample_bytree": -0.515555841392329, "log10_eta": -3.92986070483477, "log10_lambda": -4.818075560951832, "log10_min_child_weight": 4.708826965402765, "log10_subsample": -0.746384102591576, "max_depth": 9.0, "num_boost_round": 34.0}, "datetime": {"datetime": "2024-01-19 00:44:07", "elapsed": 1951.950545, "delta": 0.002833}}
{"target": -13.758524109931486, "params": {"gamma": 892.0697059090696, "log10_alpha": -1.4154821222897551, "log10_colsample_bytree": -0.515555841392329, "log10_eta": -3.92986070483477, "log10_lambda": -4.818075560951832, "log10_min_child_weight": 4.708826965402765, "log10_subsample": -0.746384102591576, "max_depth": 9.0, "num_boost_round": 35.0}, "datetime": {"datetime": "2024-01-19 00:44:07", "elapsed": 1951.953333, "delta": 0.002788}}
{"target": -13.75852353075544, "params": {"gamma": 892.0697059090696, "log10_alpha": -1.4154821222897551, "log10_colsample_bytree": -0.515555841392329, "log10_eta": -3.92986070483477, "log10_lambda": -4.818075560951832, "log10_min_child_weight": 4.708826965402765, "log10_subsample": -0.746384102591576, "max_depth": 9.0, "num_boost_round": 36.0}, "datetime": {"datetime": "2024-01-19 00:44:07", "elapsed": 1951.956324, "delta": 0.002991}}
{"target": -13.75852363815431, "params": {"gamma": 892.0697059090696, "log10_alpha": -1.4154821222897551, "log10_colsample_bytree": -0.515555841392329, "log10_eta": -3.92986070483477, "log10_lambda": -4.818075560951832, "log10_min_child_weight": 4.708826965402765, "log10_subsample": -0.746384102591576, "max_depth": 9.0, "num_boost_round": 37.0}, "datetime": {"datetime": "2024-01-19 00:44:07", "elapsed": 1951.95914, "delta": 0.002816}}
{"target": -13.75852307341677, "params": {"gamma": 892.0697059090696, "log10_alpha": -1.4154821222897551, "log10_colsample_bytree": -0.515555841392329, "log10_eta": -3.92986070483477, "log10_lambda": -4.818075560951832, "log10_min_child_weight": 4.708826965402765, "log10_subsample": -0.746384102591576, "max_depth": 9.0, "num_boost_round": 38.0}, "datetime": {"datetime": "2024-01-19 00:44:07", "elapsed": 1951.961952, "delta": 0.002812}}
{"target": -13.758522625277113, "params": {"gamma": 892.0697059090696, "log10_alpha": -1.4154821222897551, "log10_colsample_bytree": -0.515555841392329, "log10_eta": -3.92986070483477, "log10_lambda": -4.818075560951832, "log10_min_child_weight": 4.708826965402765, "log10_subsample": -0.746384102591576, "max_depth": 9.0, "num_boost_round": 39.0}, "datetime": {"datetime": "2024-01-19 00:44:07", "elapsed": 1951.964721, "delta": 0.002769}}
{"target": -13.75852228714627, "params": {"gamma": 892.0697059090696, "log10_alpha": -1.4154821222897551, "log10_colsample_bytree": -0.515555841392329, "log10_eta": -3.92986070483477, "log10_lambda": -4.818075560951832, "log10_min_child_weight": 4.708826965402765, "log10_subsample": -0.746384102591576, "max_depth": 9.0, "num_boost_round": 40.0}, "datetime": {"datetime": "2024-01-19 00:44:07", "elapsed": 1951.967515, "delta": 0.002794}}
{"target": -13.758521888837684, "params": {"gamma": 892.0697059090696, "log10_alpha": -1.4154821222897551, "log10_colsample_bytree": -0.515555841392329, "log10_eta": -3.92986070483477, "log10_lambda": -4.818075560951832, "log10_min_child_weight": 4.708826965402765, "log10_subsample": -0.746384102591576, "max_depth": 9.0, "num_boost_round": 41.0}, "datetime": {"datetime": "2024-01-19 00:44:07", "elapsed": 1951.970294, "delta": 0.002779}}
{"target": -13.758520826437742, "params": {"gamma": 892.0697059090696, "log10_alpha": -1.4154821222897551, "log10_colsample_bytree": -0.515555841392329, "log10_eta": -3.92986070483477, "log10_lambda": -4.818075560951832, "log10_min_child_weight": 4.708826965402765, "log10_subsample": -0.746384102591576, "max_depth": 9.0, "num_boost_round": 42.0}, "datetime": {"datetime": "2024-01-19 00:44:07", "elapsed": 1951.97305, "delta": 0.002756}}
{"target": -13.75852040901012, "params": {"gamma": 892.0697059090696, "log10_alpha": -1.4154821222897551, "log10_colsample_bytree": -0.515555841392329, "log10_eta": -3.92986070483477, "log10_lambda": -4.818075560951832, "log10_min_child_weight": 4.708826965402765, "log10_subsample": -0.746384102591576, "max_depth": 9.0, "num_boost_round": 43.0}, "datetime": {"datetime": "2024-01-19 00:44:07", "elapsed": 1951.97586, "delta": 0.00281}}
{"target": -13.758519926021512, "params": {"gamma": 892.0697059090696, "log10_alpha": -1.4154821222897551, "log10_colsample_bytree": -0.515555841392329, "log10_eta": -3.92986070483477, "log10_lambda": -4.818075560951832, "log10_min_child_weight": 4.708826965402765, "log10_subsample": -0.746384102591576, "max_depth": 9.0, "num_boost_round": 44.0}, "datetime": {"datetime": "2024-01-19 00:44:07", "elapsed": 1951.978611, "delta": 0.002751}}
{"target": -13.75851937934794, "params": {"gamma": 892.0697059090696, "log10_alpha": -1.4154821222897551, "log10_colsample_bytree": -0.515555841392329, "log10_eta": -3.92986070483477, "log10_lambda": -4.818075560951832, "log10_min_child_weight": 4.708826965402765, "log10_subsample": -0.746384102591576, "max_depth": 9.0, "num_boost_round": 45.0}, "datetime": {"datetime": "2024-01-19 00:44:07", "elapsed": 1951.981362, "delta": 0.002751}}
{"target": -13.758518638445567, "params": {"gamma": 892.0697059090696, "log10_alpha": -1.4154821222897551, "log10_colsample_bytree": -0.515555841392329, "log10_eta": -3.92986070483477, "log10_lambda": -4.818075560951832, "log10_min_child_weight": 4.708826965402765, "log10_subsample": -0.746384102591576, "max_depth": 9.0, "num_boost_round": 46.0}, "datetime": {"datetime": "2024-01-19 00:44:07", "elapsed": 1951.984147, "delta": 0.002785}}
{"target": -13.758518341744837, "params": {"gamma": 892.0697059090696, "log10_alpha": -1.4154821222897551, "log10_colsample_bytree": -0.515555841392329, "log10_eta": -3.92986070483477, "log10_lambda": -4.818075560951832, "log10_min_child_weight": 4.708826965402765, "log10_subsample": -0.746384102591576, "max_depth": 9.0, "num_boost_round": 47.0}, "datetime": {"datetime": "2024-01-19 00:44:07", "elapsed": 1951.986922, "delta": 0.002775}}
{"target": -13.758518411314773, "params": {"gamma": 892.0697059090696, "log10_alpha": -1.4154821222897551, "log10_colsample_bytree": -0.515555841392329, "log10_eta": -3.92986070483477, "log10_lambda": -4.818075560951832, "log10_min_child_weight": 4.708826965402765, "log10_subsample": -0.746384102591576, "max_depth": 9.0, "num_boost_round": 48.0}, "datetime": {"datetime": "2024-01-19 00:44:07", "elapsed": 1951.989684, "delta": 0.002762}}
{"target": -13.758518146080982, "params": {"gamma": 892.0697059090696, "log10_alpha": -1.4154821222897551, "log10_colsample_bytree": -0.515555841392329, "log10_eta": -3.92986070483477, "log10_lambda": -4.818075560951832, "log10_min_child_weight": 4.708826965402765, "log10_subsample": -0.746384102591576, "max_depth": 9.0, "num_boost_round": 49.0}, "datetime": {"datetime": "2024-01-19 00:44:07", "elapsed": 1951.992468, "delta": 0.002784}}
{"target": -13.758532895520549, "params": {"gamma": 875.7872337180369, "log10_alpha": -3.6204310533316275, "log10_colsample_bytree": -0.09423427321337541, "log10_eta": -3.0650909239749655, "log10_lambda": -2.800811466629824, "log10_min_child_weight": 2.243083691810008, "log10_subsample": -0.14334558626106464, "max_depth": 9.0, "num_boost_round": 0.0}, "datetime": {"datetime": "2024-01-19 00:44:46", "elapsed": 1991.092298, "delta": 39.09983}}
{"target": -13.758551353948853, "params": {"gamma": 875.7872337180369, "log10_alpha": -3.6204310533316275, "log10_colsample_bytree": -0.09423427321337541, "log10_eta": -3.0650909239749655, "log10_lambda": -2.800811466629824, "log10_min_child_weight": 2.243083691810008, "log10_subsample": -0.14334558626106464, "max_depth": 9.0, "num_boost_round": 1.0}, "datetime": {"datetime": "2024-01-19 00:44:46", "elapsed": 1991.095326, "delta": 0.003028}}
{"target": -13.758510474651166, "params": {"gamma": 875.7872337180369, "log10_alpha": -3.6204310533316275, "log10_colsample_bytree": -0.09423427321337541, "log10_eta": -3.0650909239749655, "log10_lambda": -2.800811466629824, "log10_min_child_weight": 2.243083691810008, "log10_subsample": -0.14334558626106464, "max_depth": 9.0, "num_boost_round": 2.0}, "datetime": {"datetime": "2024-01-19 00:44:46", "elapsed": 1991.202448, "delta": 0.107122}}
{"target": -13.758497740643097, "params": {"gamma": 875.7872337180369, "log10_alpha": -3.6204310533316275, "log10_colsample_bytree": -0.09423427321337541, "log10_eta": -3.0650909239749655, "log10_lambda": -2.800811466629824, "log10_min_child_weight": 2.243083691810008, "log10_subsample": -0.14334558626106464, "max_depth": 9.0, "num_boost_round": 3.0}, "datetime": {"datetime": "2024-01-19 00:44:46", "elapsed": 1991.206589, "delta": 0.004141}}
{"target": -13.758463566269334, "params": {"gamma": 875.7872337180369, "log10_alpha": -3.6204310533316275, "log10_colsample_bytree": -0.09423427321337541, "log10_eta": -3.0650909239749655, "log10_lambda": -2.800811466629824, "log10_min_child_weight": 2.243083691810008, "log10_subsample": -0.14334558626106464, "max_depth": 9.0, "num_boost_round": 4.0}, "datetime": {"datetime": "2024-01-19 00:44:46", "elapsed": 1991.209795, "delta": 0.003206}}
{"target": -13.758464960941096, "params": {"gamma": 875.7872337180369, "log10_alpha": -3.6204310533316275, "log10_colsample_bytree": -0.09423427321337541, "log10_eta": -3.0650909239749655, "log10_lambda": -2.800811466629824, "log10_min_child_weight": 2.243083691810008, "log10_subsample": -0.14334558626106464, "max_depth": 9.0, "num_boost_round": 5.0}, "datetime": {"datetime": "2024-01-19 00:44:46", "elapsed": 1991.213567, "delta": 0.003772}}
{"target": -13.758485930054128, "params": {"gamma": 875.7872337180369, "log10_alpha": -3.6204310533316275, "log10_colsample_bytree": -0.09423427321337541, "log10_eta": -3.0650909239749655, "log10_lambda": -2.800811466629824, "log10_min_child_weight": 2.243083691810008, "log10_subsample": -0.14334558626106464, "max_depth": 9.0, "num_boost_round": 6.0}, "datetime": {"datetime": "2024-01-19 00:44:46", "elapsed": 1991.216595, "delta": 0.003028}}
{"target": -13.758502143230405, "params": {"gamma": 875.7872337180369, "log10_alpha": -3.6204310533316275, "log10_colsample_bytree": -0.09423427321337541, "log10_eta": -3.0650909239749655, "log10_lambda": -2.800811466629824, "log10_min_child_weight": 2.243083691810008, "log10_subsample": -0.14334558626106464, "max_depth": 9.0, "num_boost_round": 7.0}, "datetime": {"datetime": "2024-01-19 00:44:46", "elapsed": 1991.219587, "delta": 0.002992}}
{"target": -13.758476672586237, "params": {"gamma": 875.7872337180369, "log10_alpha": -3.6204310533316275, "log10_colsample_bytree": -0.09423427321337541, "log10_eta": -3.0650909239749655, "log10_lambda": -2.800811466629824, "log10_min_child_weight": 2.243083691810008, "log10_subsample": -0.14334558626106464, "max_depth": 9.0, "num_boost_round": 8.0}, "datetime": {"datetime": "2024-01-19 00:44:46", "elapsed": 1991.222569, "delta": 0.002982}}
{"target": -13.758489773828744, "params": {"gamma": 875.7872337180369, "log10_alpha": -3.6204310533316275, "log10_colsample_bytree": -0.09423427321337541, "log10_eta": -3.0650909239749655, "log10_lambda": -2.800811466629824, "log10_min_child_weight": 2.243083691810008, "log10_subsample": -0.14334558626106464, "max_depth": 9.0, "num_boost_round": 9.0}, "datetime": {"datetime": "2024-01-19 00:44:46", "elapsed": 1991.225509, "delta": 0.00294}}
{"target": -13.758486436883615, "params": {"gamma": 875.7872337180369, "log10_alpha": -3.6204310533316275, "log10_colsample_bytree": -0.09423427321337541, "log10_eta": -3.0650909239749655, "log10_lambda": -2.800811466629824, "log10_min_child_weight": 2.243083691810008, "log10_subsample": -0.14334558626106464, "max_depth": 9.0, "num_boost_round": 10.0}, "datetime": {"datetime": "2024-01-19 00:44:46", "elapsed": 1991.228425, "delta": 0.002916}}
{"target": -13.758449587624057, "params": {"gamma": 875.7872337180369, "log10_alpha": -3.6204310533316275, "log10_colsample_bytree": -0.09423427321337541, "log10_eta": -3.0650909239749655, "log10_lambda": -2.800811466629824, "log10_min_child_weight": 2.243083691810008, "log10_subsample": -0.14334558626106464, "max_depth": 9.0, "num_boost_round": 11.0}, "datetime": {"datetime": "2024-01-19 00:44:46", "elapsed": 1991.231436, "delta": 0.003011}}
{"target": -13.758463756427565, "params": {"gamma": 875.7872337180369, "log10_alpha": -3.6204310533316275, "log10_colsample_bytree": -0.09423427321337541, "log10_eta": -3.0650909239749655, "log10_lambda": -2.800811466629824, "log10_min_child_weight": 2.243083691810008, "log10_subsample": -0.14334558626106464, "max_depth": 9.0, "num_boost_round": 12.0}, "datetime": {"datetime": "2024-01-19 00:44:46", "elapsed": 1991.234573, "delta": 0.003137}}
{"target": -13.758456858854089, "params": {"gamma": 875.7872337180369, "log10_alpha": -3.6204310533316275, "log10_colsample_bytree": -0.09423427321337541, "log10_eta": -3.0650909239749655, "log10_lambda": -2.800811466629824, "log10_min_child_weight": 2.243083691810008, "log10_subsample": -0.14334558626106464, "max_depth": 9.0, "num_boost_round": 13.0}, "datetime": {"datetime": "2024-01-19 00:44:46", "elapsed": 1991.237666, "delta": 0.003093}}
{"target": -13.758496682305362, "params": {"gamma": 875.7872337180369, "log10_alpha": -3.6204310533316275, "log10_colsample_bytree": -0.09423427321337541, "log10_eta": -3.0650909239749655, "log10_lambda": -2.800811466629824, "log10_min_child_weight": 2.243083691810008, "log10_subsample": -0.14334558626106464, "max_depth": 9.0, "num_boost_round": 14.0}, "datetime": {"datetime": "2024-01-19 00:44:46", "elapsed": 1991.240831, "delta": 0.003165}}
{"target": -13.758502159805648, "params": {"gamma": 875.7872337180369, "log10_alpha": -3.6204310533316275, "log10_colsample_bytree": -0.09423427321337541, "log10_eta": -3.0650909239749655, "log10_lambda": -2.800811466629824, "log10_min_child_weight": 2.243083691810008, "log10_subsample": -0.14334558626106464, "max_depth": 9.0, "num_boost_round": 15.0}, "datetime": {"datetime": "2024-01-19 00:44:46", "elapsed": 1991.243787, "delta": 0.002956}}
{"target": -13.758456203092981, "params": {"gamma": 875.7872337180369, "log10_alpha": -3.6204310533316275, "log10_colsample_bytree": -0.09423427321337541, "log10_eta": -3.0650909239749655, "log10_lambda": -2.800811466629824, "log10_min_child_weight": 2.243083691810008, "log10_subsample": -0.14334558626106464, "max_depth": 9.0, "num_boost_round": 16.0}, "datetime": {"datetime": "2024-01-19 00:44:46", "elapsed": 1991.246723, "delta": 0.002936}}
{"target": -13.758501471882678, "params": {"gamma": 875.7872337180369, "log10_alpha": -3.6204310533316275, "log10_colsample_bytree": -0.09423427321337541, "log10_eta": -3.0650909239749655, "log10_lambda": -2.800811466629824, "log10_min_child_weight": 2.243083691810008, "log10_subsample": -0.14334558626106464, "max_depth": 9.0, "num_boost_round": 17.0}, "datetime": {"datetime": "2024-01-19 00:44:46", "elapsed": 1991.249669, "delta": 0.002946}}
{"target": -13.75848353346855, "params": {"gamma": 875.7872337180369, "log10_alpha": -3.6204310533316275, "log10_colsample_bytree": -0.09423427321337541, "log10_eta": -3.0650909239749655, "log10_lambda": -2.800811466629824, "log10_min_child_weight": 2.243083691810008, "log10_subsample": -0.14334558626106464, "max_depth": 9.0, "num_boost_round": 18.0}, "datetime": {"datetime": "2024-01-19 00:44:46", "elapsed": 1991.252781, "delta": 0.003112}}
{"target": -13.758442586532247, "params": {"gamma": 875.7872337180369, "log10_alpha": -3.6204310533316275, "log10_colsample_bytree": -0.09423427321337541, "log10_eta": -3.0650909239749655, "log10_lambda": -2.800811466629824, "log10_min_child_weight": 2.243083691810008, "log10_subsample": -0.14334558626106464, "max_depth": 9.0, "num_boost_round": 19.0}, "datetime": {"datetime": "2024-01-19 00:44:46", "elapsed": 1991.255756, "delta": 0.002975}}
{"target": -13.758450368657543, "params": {"gamma": 875.7872337180369, "log10_alpha": -3.6204310533316275, "log10_colsample_bytree": -0.09423427321337541, "log10_eta": -3.0650909239749655, "log10_lambda": -2.800811466629824, "log10_min_child_weight": 2.243083691810008, "log10_subsample": -0.14334558626106464, "max_depth": 9.0, "num_boost_round": 20.0}, "datetime": {"datetime": "2024-01-19 00:44:46", "elapsed": 1991.258682, "delta": 0.002926}}
