{"target": -17.676450048911107, "params": {"gamma": 619.8792874596504, "log10_alpha": 0.7097953438562437, "log10_colsample_bytree": -0.5903676471626509, "log10_eta": -2.325459956675432, "log10_lambda": -4.897844778899294, "log10_min_child_weight": 4.596133625808384, "log10_subsample": -0.3254430432893918, "max_depth": 9.0, "num_boost_round": 35.0}, "datetime": {"datetime": "2024-01-19 01:43:23", "elapsed": 5501.216472, "delta": 0.004786}}
{"target": -17.676530361871023, "params": {"gamma": 619.8792874596504, "log10_alpha": 0.7097953438562437, "log10_colsample_bytree": -0.5903676471626509, "log10_eta": -2.325459956675432, "log10_lambda": -4.897844778899294, "log10_min_child_weight": 4.596133625808384, "log10_subsample": -0.3254430432893918, "max_depth": 9.0, "num_boost_round": 36.0}, "datetime": {"datetime": "2024-01-19 01:43:23", "elapsed": 5501.221444, "delta": 0.004972}}
{"target": -17.676515660193544, "params": {"gamma": 619.8792874596504, "log10_alpha": 0.7097953438562437, "log10_colsample_bytree": -0.5903676471626509, "log10_eta": -2.325459956675432, "log10_lambda": -4.897844778899294, "log10_min_child_weight": 4.596133625808384, "log10_subsample": -0.3254430432893918, "max_depth": 9.0, "num_boost_round": 37.0}, "datetime": {"datetime": "2024-01-19 01:43:23", "elapsed": 5501.337229, "delta": 0.115785}}
{"target": -17.676472923858743, "params": {"gamma": 619.8792874596504, "log10_alpha": 0.7097953438562437, "log10_colsample_bytree": -0.5903676471626509, "log10_eta": -2.325459956675432, "log10_lambda": -4.897844778899294, "log10_min_child_weight": 4.596133625808384, "log10_subsample": -0.3254430432893918, "max_depth": 9.0, "num_boost_round": 38.0}, "datetime": {"datetime": "2024-01-19 01:43:24", "elapsed": 5501.342624, "delta": 0.005395}}
{"target": -17.67646920489343, "params": {"gamma": 619.8792874596504, "log10_alpha": 0.7097953438562437, "log10_colsample_bytree": -0.5903676471626509, "log10_eta": -2.325459956675432, "log10_lambda": -4.897844778899294, "log10_min_child_weight": 4.596133625808384, "log10_subsample": -0.3254430432893918, "max_depth": 9.0, "num_boost_round": 39.0}, "datetime": {"datetime": "2024-01-19 01:43:24", "elapsed": 5501.347665, "delta": 0.005041}}
{"target": -17.677082983042983, "params": {"gamma": 654.8452541313449, "log10_alpha": -4.82761137562899, "log10_colsample_bytree": -0.30677471719310545, "log10_eta": -2.584773400356005, "log10_lambda": -2.720371553374706, "log10_min_child_weight": 2.2397637879434713, "log10_subsample": -0.1065602505583223, "max_depth": 3.0, "num_boost_round": 0.0}, "datetime": {"datetime": "2024-01-19 01:44:21", "elapsed": 5559.135606, "delta": 57.787941}}
{"target": -17.676972116210102, "params": {"gamma": 654.8452541313449, "log10_alpha": -4.82761137562899, "log10_colsample_bytree": -0.30677471719310545, "log10_eta": -2.584773400356005, "log10_lambda": -2.720371553374706, "log10_min_child_weight": 2.2397637879434713, "log10_subsample": -0.1065602505583223, "max_depth": 3.0, "num_boost_round": 1.0}, "datetime": {"datetime": "2024-01-19 01:44:21", "elapsed": 5559.141082, "delta": 0.005476}}
{"target": -17.676875325545215, "params": {"gamma": 654.8452541313449, "log10_alpha": -4.82761137562899, "log10_colsample_bytree": -0.30677471719310545, "log10_eta": -2.584773400356005, "log10_lambda": -2.720371553374706, "log10_min_child_weight": 2.2397637879434713, "log10_subsample": -0.1065602505583223, "max_depth": 3.0, "num_boost_round": 2.0}, "datetime": {"datetime": "2024-01-19 01:44:21", "elapsed": 5559.145967, "delta": 0.004885}}
{"target": -17.67684718070228, "params": {"gamma": 654.8452541313449, "log10_alpha": -4.82761137562899, "log10_colsample_bytree": -0.30677471719310545, "log10_eta": -2.584773400356005, "log10_lambda": -2.720371553374706, "log10_min_child_weight": 2.2397637879434713, "log10_subsample": -0.1065602505583223, "max_depth": 3.0, "num_boost_round": 3.0}, "datetime": {"datetime": "2024-01-19 01:44:21", "elapsed": 5559.151052, "delta": 0.005085}}
{"target": -17.676752009539666, "params": {"gamma": 654.8452541313449, "log10_alpha": -4.82761137562899, "log10_colsample_bytree": -0.30677471719310545, "log10_eta": -2.584773400356005, "log10_lambda": -2.720371553374706, "log10_min_child_weight": 2.2397637879434713, "log10_subsample": -0.1065602505583223, "max_depth": 3.0, "num_boost_round": 4.0}, "datetime": {"datetime": "2024-01-19 01:44:21", "elapsed": 5559.155875, "delta": 0.004823}}
{"target": -17.676700697758157, "params": {"gamma": 654.8452541313449, "log10_alpha": -4.82761137562899, "log10_colsample_bytree": -0.30677471719310545, "log10_eta": -2.584773400356005, "log10_lambda": -2.720371553374706, "log10_min_child_weight": 2.2397637879434713, "log10_subsample": -0.1065602505583223, "max_depth": 3.0, "num_boost_round": 5.0}, "datetime": {"datetime": "2024-01-19 01:44:21", "elapsed": 5559.160841, "delta": 0.004966}}
{"target": -17.676609885242858, "params": {"gamma": 654.8452541313449, "log10_alpha": -4.82761137562899, "log10_colsample_bytree": -0.30677471719310545, "log10_eta": -2.584773400356005, "log10_lambda": -2.720371553374706, "log10_min_child_weight": 2.2397637879434713, "log10_subsample": -0.1065602505583223, "max_depth": 3.0, "num_boost_round": 6.0}, "datetime": {"datetime": "2024-01-19 01:44:21", "elapsed": 5559.165757, "delta": 0.004916}}
{"target": -17.67651580320107, "params": {"gamma": 654.8452541313449, "log10_alpha": -4.82761137562899, "log10_colsample_bytree": -0.30677471719310545, "log10_eta": -2.584773400356005, "log10_lambda": -2.720371553374706, "log10_min_child_weight": 2.2397637879434713, "log10_subsample": -0.1065602505583223, "max_depth": 3.0, "num_boost_round": 7.0}, "datetime": {"datetime": "2024-01-19 01:44:21", "elapsed": 5559.171064, "delta": 0.005307}}
{"target": -17.67646212142595, "params": {"gamma": 654.8452541313449, "log10_alpha": -4.82761137562899, "log10_colsample_bytree": -0.30677471719310545, "log10_eta": -2.584773400356005, "log10_lambda": -2.720371553374706, "log10_min_child_weight": 2.2397637879434713, "log10_subsample": -0.1065602505583223, "max_depth": 3.0, "num_boost_round": 8.0}, "datetime": {"datetime": "2024-01-19 01:44:21", "elapsed": 5559.175928, "delta": 0.004864}}
{"target": -17.676431492042873, "params": {"gamma": 654.8452541313449, "log10_alpha": -4.82761137562899, "log10_colsample_bytree": -0.30677471719310545, "log10_eta": -2.584773400356005, "log10_lambda": -2.720371553374706, "log10_min_child_weight": 2.2397637879434713, "log10_subsample": -0.1065602505583223, "max_depth": 3.0, "num_boost_round": 9.0}, "datetime": {"datetime": "2024-01-19 01:44:21", "elapsed": 5559.180762, "delta": 0.004834}}
{"target": -17.670796940822417, "params": {"gamma": 628.2220682824111, "log10_alpha": -2.6828664961273114, "log10_colsample_bytree": -0.8769437781200861, "log10_eta": -0.6109459682303955, "log10_lambda": -1.9976279768493512, "log10_min_child_weight": 1.7617037066141772, "log10_subsample": -0.2967091721547722, "max_depth": 2.0, "num_boost_round": 0.0}, "datetime": {"datetime": "2024-01-19 01:45:40", "elapsed": 5638.101061, "delta": 78.920299}}
{"target": -17.664182403422892, "params": {"gamma": 628.2220682824111, "log10_alpha": -2.6828664961273114, "log10_colsample_bytree": -0.8769437781200861, "log10_eta": -0.6109459682303955, "log10_lambda": -1.9976279768493512, "log10_min_child_weight": 1.7617037066141772, "log10_subsample": -0.2967091721547722, "max_depth": 2.0, "num_boost_round": 1.0}, "datetime": {"datetime": "2024-01-19 01:45:40", "elapsed": 5638.106412, "delta": 0.005351}}
{"target": -17.667084165356805, "params": {"gamma": 628.2220682824111, "log10_alpha": -2.6828664961273114, "log10_colsample_bytree": -0.8769437781200861, "log10_eta": -0.6109459682303955, "log10_lambda": -1.9976279768493512, "log10_min_child_weight": 1.7617037066141772, "log10_subsample": -0.2967091721547722, "max_depth": 2.0, "num_boost_round": 2.0}, "datetime": {"datetime": "2024-01-19 01:45:40", "elapsed": 5638.111388, "delta": 0.004976}}
{"target": -17.667461731764263, "params": {"gamma": 628.2220682824111, "log10_alpha": -2.6828664961273114, "log10_colsample_bytree": -0.8769437781200861, "log10_eta": -0.6109459682303955, "log10_lambda": -1.9976279768493512, "log10_min_child_weight": 1.7617037066141772, "log10_subsample": -0.2967091721547722, "max_depth": 2.0, "num_boost_round": 3.0}, "datetime": {"datetime": "2024-01-19 01:45:40", "elapsed": 5638.116376, "delta": 0.004988}}
{"target": -17.66746710635136, "params": {"gamma": 628.2220682824111, "log10_alpha": -2.6828664961273114, "log10_colsample_bytree": -0.8769437781200861, "log10_eta": -0.6109459682303955, "log10_lambda": -1.9976279768493512, "log10_min_child_weight": 1.7617037066141772, "log10_subsample": -0.2967091721547722, "max_depth": 2.0, "num_boost_round": 4.0}, "datetime": {"datetime": "2024-01-19 01:45:40", "elapsed": 5638.121233, "delta": 0.004857}}
{"target": -17.67172777993491, "params": {"gamma": 628.2220682824111, "log10_alpha": -2.6828664961273114, "log10_colsample_bytree": -0.8769437781200861, "log10_eta": -0.6109459682303955, "log10_lambda": -1.9976279768493512, "log10_min_child_weight": 1.7617037066141772, "log10_subsample": -0.2967091721547722, "max_depth": 2.0, "num_boost_round": 5.0}, "datetime": {"datetime": "2024-01-19 01:45:40", "elapsed": 5638.126007, "delta": 0.004774}}
{"target": -17.67802716611776, "params": {"gamma": 628.2220682824111, "log10_alpha": -2.6828664961273114, "log10_colsample_bytree": -0.8769437781200861, "log10_eta": -0.6109459682303955, "log10_lambda": -1.9976279768493512, "log10_min_child_weight": 1.7617037066141772, "log10_subsample": -0.2967091721547722, "max_depth": 2.0, "num_boost_round": 6.0}, "datetime": {"datetime": "2024-01-19 01:45:40", "elapsed": 5638.130982, "delta": 0.004975}}
{"target": -17.69198315202625, "params": {"gamma": 628.2220682824111, "log10_alpha": -2.6828664961273114, "log10_colsample_bytree": -0.8769437781200861, "log10_eta": -0.6109459682303955, "log10_lambda": -1.9976279768493512, "log10_min_child_weight": 1.7617037066141772, "log10_subsample": -0.2967091721547722, "max_depth": 2.0, "num_boost_round": 7.0}, "datetime": {"datetime": "2024-01-19 01:45:40", "elapsed": 5638.136327, "delta": 0.005345}}
{"target": -17.699725251688253, "params": {"gamma": 628.2220682824111, "log10_alpha": -2.6828664961273114, "log10_colsample_bytree": -0.8769437781200861, "log10_eta": -0.6109459682303955, "log10_lambda": -1.9976279768493512, "log10_min_child_weight": 1.7617037066141772, "log10_subsample": -0.2967091721547722, "max_depth": 2.0, "num_boost_round": 8.0}, "datetime": {"datetime": "2024-01-19 01:45:40", "elapsed": 5638.141355, "delta": 0.005028}}
{"target": -17.700077255515144, "params": {"gamma": 628.2220682824111, "log10_alpha": -2.6828664961273114, "log10_colsample_bytree": -0.8769437781200861, "log10_eta": -0.6109459682303955, "log10_lambda": -1.9976279768493512, "log10_min_child_weight": 1.7617037066141772, "log10_subsample": -0.2967091721547722, "max_depth": 2.0, "num_boost_round": 9.0}, "datetime": {"datetime": "2024-01-19 01:45:40", "elapsed": 5638.146178, "delta": 0.004823}}
{"target": -17.704301317638127, "params": {"gamma": 628.2220682824111, "log10_alpha": -2.6828664961273114, "log10_colsample_bytree": -0.8769437781200861, "log10_eta": -0.6109459682303955, "log10_lambda": -1.9976279768493512, "log10_min_child_weight": 1.7617037066141772, "log10_subsample": -0.2967091721547722, "max_depth": 2.0, "num_boost_round": 10.0}, "datetime": {"datetime": "2024-01-19 01:45:40", "elapsed": 5638.151116, "delta": 0.004938}}
{"target": -17.705463918396305, "params": {"gamma": 628.2220682824111, "log10_alpha": -2.6828664961273114, "log10_colsample_bytree": -0.8769437781200861, "log10_eta": -0.6109459682303955, "log10_lambda": -1.9976279768493512, "log10_min_child_weight": 1.7617037066141772, "log10_subsample": -0.2967091721547722, "max_depth": 2.0, "num_boost_round": 11.0}, "datetime": {"datetime": "2024-01-19 01:45:40", "elapsed": 5638.156143, "delta": 0.005027}}
{"target": -17.70599088421126, "params": {"gamma": 628.2220682824111, "log10_alpha": -2.6828664961273114, "log10_colsample_bytree": -0.8769437781200861, "log10_eta": -0.6109459682303955, "log10_lambda": -1.9976279768493512, "log10_min_child_weight": 1.7617037066141772, "log10_subsample": -0.2967091721547722, "max_depth": 2.0, "num_boost_round": 12.0}, "datetime": {"datetime": "2024-01-19 01:45:40", "elapsed": 5638.161028, "delta": 0.004885}}
{"target": -17.70674765757963, "params": {"gamma": 628.2220682824111, "log10_alpha": -2.6828664961273114, "log10_colsample_bytree": -0.8769437781200861, "log10_eta": -0.6109459682303955, "log10_lambda": -1.9976279768493512, "log10_min_child_weight": 1.7617037066141772, "log10_subsample": -0.2967091721547722, "max_depth": 2.0, "num_boost_round": 13.0}, "datetime": {"datetime": "2024-01-19 01:45:40", "elapsed": 5638.165988, "delta": 0.00496}}
{"target": -17.71040056350416, "params": {"gamma": 628.2220682824111, "log10_alpha": -2.6828664961273114, "log10_colsample_bytree": -0.8769437781200861, "log10_eta": -0.6109459682303955, "log10_lambda": -1.9976279768493512, "log10_min_child_weight": 1.7617037066141772, "log10_subsample": -0.2967091721547722, "max_depth": 2.0, "num_boost_round": 14.0}, "datetime": {"datetime": "2024-01-19 01:45:40", "elapsed": 5638.170783, "delta": 0.004795}}
{"target": -17.710228350702714, "params": {"gamma": 628.2220682824111, "log10_alpha": -2.6828664961273114, "log10_colsample_bytree": -0.8769437781200861, "log10_eta": -0.6109459682303955, "log10_lambda": -1.9976279768493512, "log10_min_child_weight": 1.7617037066141772, "log10_subsample": -0.2967091721547722, "max_depth": 2.0, "num_boost_round": 15.0}, "datetime": {"datetime": "2024-01-19 01:45:40", "elapsed": 5638.175775, "delta": 0.004992}}
{"target": -17.713270091582753, "params": {"gamma": 628.2220682824111, "log10_alpha": -2.6828664961273114, "log10_colsample_bytree": -0.8769437781200861, "log10_eta": -0.6109459682303955, "log10_lambda": -1.9976279768493512, "log10_min_child_weight": 1.7617037066141772, "log10_subsample": -0.2967091721547722, "max_depth": 2.0, "num_boost_round": 16.0}, "datetime": {"datetime": "2024-01-19 01:45:40", "elapsed": 5638.180571, "delta": 0.004796}}
{"target": -17.710886452941928, "params": {"gamma": 628.2220682824111, "log10_alpha": -2.6828664961273114, "log10_colsample_bytree": -0.8769437781200861, "log10_eta": -0.6109459682303955, "log10_lambda": -1.9976279768493512, "log10_min_child_weight": 1.7617037066141772, "log10_subsample": -0.2967091721547722, "max_depth": 2.0, "num_boost_round": 17.0}, "datetime": {"datetime": "2024-01-19 01:45:40", "elapsed": 5638.185376, "delta": 0.004805}}
{"target": -17.71166613622675, "params": {"gamma": 628.2220682824111, "log10_alpha": -2.6828664961273114, "log10_colsample_bytree": -0.8769437781200861, "log10_eta": -0.6109459682303955, "log10_lambda": -1.9976279768493512, "log10_min_child_weight": 1.7617037066141772, "log10_subsample": -0.2967091721547722, "max_depth": 2.0, "num_boost_round": 18.0}, "datetime": {"datetime": "2024-01-19 01:45:40", "elapsed": 5638.190344, "delta": 0.004968}}
{"target": -17.71311694670744, "params": {"gamma": 628.2220682824111, "log10_alpha": -2.6828664961273114, "log10_colsample_bytree": -0.8769437781200861, "log10_eta": -0.6109459682303955, "log10_lambda": -1.9976279768493512, "log10_min_child_weight": 1.7617037066141772, "log10_subsample": -0.2967091721547722, "max_depth": 2.0, "num_boost_round": 19.0}, "datetime": {"datetime": "2024-01-19 01:45:40", "elapsed": 5638.195359, "delta": 0.005015}}
{"target": -17.711222305884977, "params": {"gamma": 628.2220682824111, "log10_alpha": -2.6828664961273114, "log10_colsample_bytree": -0.8769437781200861, "log10_eta": -0.6109459682303955, "log10_lambda": -1.9976279768493512, "log10_min_child_weight": 1.7617037066141772, "log10_subsample": -0.2967091721547722, "max_depth": 2.0, "num_boost_round": 20.0}, "datetime": {"datetime": "2024-01-19 01:45:40", "elapsed": 5638.200164, "delta": 0.004805}}
{"target": -17.712912415292756, "params": {"gamma": 628.2220682824111, "log10_alpha": -2.6828664961273114, "log10_colsample_bytree": -0.8769437781200861, "log10_eta": -0.6109459682303955, "log10_lambda": -1.9976279768493512, "log10_min_child_weight": 1.7617037066141772, "log10_subsample": -0.2967091721547722, "max_depth": 2.0, "num_boost_round": 21.0}, "datetime": {"datetime": "2024-01-19 01:45:40", "elapsed": 5638.205129, "delta": 0.004965}}
{"target": -17.713383915483444, "params": {"gamma": 628.2220682824111, "log10_alpha": -2.6828664961273114, "log10_colsample_bytree": -0.8769437781200861, "log10_eta": -0.6109459682303955, "log10_lambda": -1.9976279768493512, "log10_min_child_weight": 1.7617037066141772, "log10_subsample": -0.2967091721547722, "max_depth": 2.0, "num_boost_round": 22.0}, "datetime": {"datetime": "2024-01-19 01:45:40", "elapsed": 5638.210071, "delta": 0.004942}}
{"target": -17.750214547477395, "params": {"gamma": 628.2220682824111, "log10_alpha": -2.6828664961273114, "log10_colsample_bytree": -0.8769437781200861, "log10_eta": -0.6109459682303955, "log10_lambda": -1.9976279768493512, "log10_min_child_weight": 1.7617037066141772, "log10_subsample": -0.2967091721547722, "max_depth": 2.0, "num_boost_round": 23.0}, "datetime": {"datetime": "2024-01-19 01:45:40", "elapsed": 5638.21513, "delta": 0.005059}}
{"target": -17.755726752128794, "params": {"gamma": 628.2220682824111, "log10_alpha": -2.6828664961273114, "log10_colsample_bytree": -0.8769437781200861, "log10_eta": -0.6109459682303955, "log10_lambda": -1.9976279768493512, "log10_min_child_weight": 1.7617037066141772, "log10_subsample": -0.2967091721547722, "max_depth": 2.0, "num_boost_round": 24.0}, "datetime": {"datetime": "2024-01-19 01:45:40", "elapsed": 5638.219971, "delta": 0.004841}}
{"target": -17.763218214009704, "params": {"gamma": 628.2220682824111, "log10_alpha": -2.6828664961273114, "log10_colsample_bytree": -0.8769437781200861, "log10_eta": -0.6109459682303955, "log10_lambda": -1.9976279768493512, "log10_min_child_weight": 1.7617037066141772, "log10_subsample": -0.2967091721547722, "max_depth": 2.0, "num_boost_round": 25.0}, "datetime": {"datetime": "2024-01-19 01:45:40", "elapsed": 5638.224819, "delta": 0.004848}}
{"target": -17.770643469754507, "params": {"gamma": 628.2220682824111, "log10_alpha": -2.6828664961273114, "log10_colsample_bytree": -0.8769437781200861, "log10_eta": -0.6109459682303955, "log10_lambda": -1.9976279768493512, "log10_min_child_weight": 1.7617037066141772, "log10_subsample": -0.2967091721547722, "max_depth": 2.0, "num_boost_round": 26.0}, "datetime": {"datetime": "2024-01-19 01:45:40", "elapsed": 5638.229647, "delta": 0.004828}}
{"target": -17.77181220800051, "params": {"gamma": 628.2220682824111, "log10_alpha": -2.6828664961273114, "log10_colsample_bytree": -0.8769437781200861, "log10_eta": -0.6109459682303955, "log10_lambda": -1.9976279768493512, "log10_min_child_weight": 1.7617037066141772, "log10_subsample": -0.2967091721547722, "max_depth": 2.0, "num_boost_round": 27.0}, "datetime": {"datetime": "2024-01-19 01:45:40", "elapsed": 5638.23468, "delta": 0.005033}}
{"target": -17.77356585640941, "params": {"gamma": 628.2220682824111, "log10_alpha": -2.6828664961273114, "log10_colsample_bytree": -0.8769437781200861, "log10_eta": -0.6109459682303955, "log10_lambda": -1.9976279768493512, "log10_min_child_weight": 1.7617037066141772, "log10_subsample": -0.2967091721547722, "max_depth": 2.0, "num_boost_round": 28.0}, "datetime": {"datetime": "2024-01-19 01:45:40", "elapsed": 5638.239464, "delta": 0.004784}}
{"target": -17.7735334906833, "params": {"gamma": 628.2220682824111, "log10_alpha": -2.6828664961273114, "log10_colsample_bytree": -0.8769437781200861, "log10_eta": -0.6109459682303955, "log10_lambda": -1.9976279768493512, "log10_min_child_weight": 1.7617037066141772, "log10_subsample": -0.2967091721547722, "max_depth": 2.0, "num_boost_round": 29.0}, "datetime": {"datetime": "2024-01-19 01:45:40", "elapsed": 5638.244308, "delta": 0.004844}}
{"target": -17.775317058675643, "params": {"gamma": 628.2220682824111, "log10_alpha": -2.6828664961273114, "log10_colsample_bytree": -0.8769437781200861, "log10_eta": -0.6109459682303955, "log10_lambda": -1.9976279768493512, "log10_min_child_weight": 1.7617037066141772, "log10_subsample": -0.2967091721547722, "max_depth": 2.0, "num_boost_round": 30.0}, "datetime": {"datetime": "2024-01-19 01:45:40", "elapsed": 5638.249122, "delta": 0.004814}}
{"target": -17.776161609082372, "params": {"gamma": 628.2220682824111, "log10_alpha": -2.6828664961273114, "log10_colsample_bytree": -0.8769437781200861, "log10_eta": -0.6109459682303955, "log10_lambda": -1.9976279768493512, "log10_min_child_weight": 1.7617037066141772, "log10_subsample": -0.2967091721547722, "max_depth": 2.0, "num_boost_round": 31.0}, "datetime": {"datetime": "2024-01-19 01:45:40", "elapsed": 5638.254144, "delta": 0.005022}}
{"target": -17.77797791650216, "params": {"gamma": 628.2220682824111, "log10_alpha": -2.6828664961273114, "log10_colsample_bytree": -0.8769437781200861, "log10_eta": -0.6109459682303955, "log10_lambda": -1.9976279768493512, "log10_min_child_weight": 1.7617037066141772, "log10_subsample": -0.2967091721547722, "max_depth": 2.0, "num_boost_round": 32.0}, "datetime": {"datetime": "2024-01-19 01:45:40", "elapsed": 5638.258931, "delta": 0.004787}}
{"target": -17.781091412191046, "params": {"gamma": 628.2220682824111, "log10_alpha": -2.6828664961273114, "log10_colsample_bytree": -0.8769437781200861, "log10_eta": -0.6109459682303955, "log10_lambda": -1.9976279768493512, "log10_min_child_weight": 1.7617037066141772, "log10_subsample": -0.2967091721547722, "max_depth": 2.0, "num_boost_round": 33.0}, "datetime": {"datetime": "2024-01-19 01:45:40", "elapsed": 5638.26374, "delta": 0.004809}}
