{"target": -17.67673972541987, "params": {"gamma": 417.3313851919562, "log10_alpha": -1.2221707580545567, "log10_colsample_bytree": -0.3747039605066964, "log10_eta": -2.5650153949708456, "log10_lambda": -3.1802853936549615, "log10_min_child_weight": 0.44866246778477614, "log10_subsample": -0.7342761592735999, "max_depth": 5.0, "num_boost_round": 2.0}, "datetime": {"datetime": "2024-01-19 00:55:32", "elapsed": 2636.558375, "delta": 0.002306}}
{"target": -17.67672456336012, "params": {"gamma": 417.3313851919562, "log10_alpha": -1.2221707580545567, "log10_colsample_bytree": -0.3747039605066964, "log10_eta": -2.5650153949708456, "log10_lambda": -3.1802853936549615, "log10_min_child_weight": 0.44866246778477614, "log10_subsample": -0.7342761592735999, "max_depth": 5.0, "num_boost_round": 3.0}, "datetime": {"datetime": "2024-01-19 00:55:32", "elapsed": 2636.561935, "delta": 0.00356}}
{"target": -17.676423534368457, "params": {"gamma": 417.3313851919562, "log10_alpha": -1.2221707580545567, "log10_colsample_bytree": -0.3747039605066964, "log10_eta": -2.5650153949708456, "log10_lambda": -3.1802853936549615, "log10_min_child_weight": 0.44866246778477614, "log10_subsample": -0.7342761592735999, "max_depth": 5.0, "num_boost_round": 4.0}, "datetime": {"datetime": "2024-01-19 00:55:32", "elapsed": 2636.564882, "delta": 0.002947}}
{"target": -17.67631567437021, "params": {"gamma": 417.3313851919562, "log10_alpha": -1.2221707580545567, "log10_colsample_bytree": -0.3747039605066964, "log10_eta": -2.5650153949708456, "log10_lambda": -3.1802853936549615, "log10_min_child_weight": 0.44866246778477614, "log10_subsample": -0.7342761592735999, "max_depth": 5.0, "num_boost_round": 5.0}, "datetime": {"datetime": "2024-01-19 00:55:32", "elapsed": 2636.567149, "delta": 0.002267}}
{"target": -17.67628652559281, "params": {"gamma": 417.3313851919562, "log10_alpha": -1.2221707580545567, "log10_colsample_bytree": -0.3747039605066964, "log10_eta": -2.5650153949708456, "log10_lambda": -3.1802853936549615, "log10_min_child_weight": 0.44866246778477614, "log10_subsample": -0.7342761592735999, "max_depth": 5.0, "num_boost_round": 6.0}, "datetime": {"datetime": "2024-01-19 00:55:32", "elapsed": 2636.569446, "delta": 0.002297}}
{"target": -17.67613901798481, "params": {"gamma": 417.3313851919562, "log10_alpha": -1.2221707580545567, "log10_colsample_bytree": -0.3747039605066964, "log10_eta": -2.5650153949708456, "log10_lambda": -3.1802853936549615, "log10_min_child_weight": 0.44866246778477614, "log10_subsample": -0.7342761592735999, "max_depth": 5.0, "num_boost_round": 7.0}, "datetime": {"datetime": "2024-01-19 00:55:32", "elapsed": 2636.571774, "delta": 0.002328}}
{"target": -17.6760208244911, "params": {"gamma": 417.3313851919562, "log10_alpha": -1.2221707580545567, "log10_colsample_bytree": -0.3747039605066964, "log10_eta": -2.5650153949708456, "log10_lambda": -3.1802853936549615, "log10_min_child_weight": 0.44866246778477614, "log10_subsample": -0.7342761592735999, "max_depth": 5.0, "num_boost_round": 8.0}, "datetime": {"datetime": "2024-01-19 00:55:32", "elapsed": 2636.574176, "delta": 0.002402}}
{"target": -17.67598333921787, "params": {"gamma": 417.3313851919562, "log10_alpha": -1.2221707580545567, "log10_colsample_bytree": -0.3747039605066964, "log10_eta": -2.5650153949708456, "log10_lambda": -3.1802853936549615, "log10_min_child_weight": 0.44866246778477614, "log10_subsample": -0.7342761592735999, "max_depth": 5.0, "num_boost_round": 9.0}, "datetime": {"datetime": "2024-01-19 00:55:32", "elapsed": 2636.576607, "delta": 0.002431}}
{"target": -17.67586307243331, "params": {"gamma": 417.3313851919562, "log10_alpha": -1.2221707580545567, "log10_colsample_bytree": -0.3747039605066964, "log10_eta": -2.5650153949708456, "log10_lambda": -3.1802853936549615, "log10_min_child_weight": 0.44866246778477614, "log10_subsample": -0.7342761592735999, "max_depth": 5.0, "num_boost_round": 10.0}, "datetime": {"datetime": "2024-01-19 00:55:32", "elapsed": 2636.579007, "delta": 0.0024}}
{"target": -17.675817439126813, "params": {"gamma": 417.3313851919562, "log10_alpha": -1.2221707580545567, "log10_colsample_bytree": -0.3747039605066964, "log10_eta": -2.5650153949708456, "log10_lambda": -3.1802853936549615, "log10_min_child_weight": 0.44866246778477614, "log10_subsample": -0.7342761592735999, "max_depth": 5.0, "num_boost_round": 11.0}, "datetime": {"datetime": "2024-01-19 00:55:32", "elapsed": 2636.581391, "delta": 0.002384}}
{"target": -17.675768158667488, "params": {"gamma": 417.3313851919562, "log10_alpha": -1.2221707580545567, "log10_colsample_bytree": -0.3747039605066964, "log10_eta": -2.5650153949708456, "log10_lambda": -3.1802853936549615, "log10_min_child_weight": 0.44866246778477614, "log10_subsample": -0.7342761592735999, "max_depth": 5.0, "num_boost_round": 12.0}, "datetime": {"datetime": "2024-01-19 00:55:32", "elapsed": 2636.583684, "delta": 0.002293}}
{"target": -17.675689908825078, "params": {"gamma": 417.3313851919562, "log10_alpha": -1.2221707580545567, "log10_colsample_bytree": -0.3747039605066964, "log10_eta": -2.5650153949708456, "log10_lambda": -3.1802853936549615, "log10_min_child_weight": 0.44866246778477614, "log10_subsample": -0.7342761592735999, "max_depth": 5.0, "num_boost_round": 13.0}, "datetime": {"datetime": "2024-01-19 00:55:32", "elapsed": 2636.585972, "delta": 0.002288}}
{"target": -17.67559111770618, "params": {"gamma": 417.3313851919562, "log10_alpha": -1.2221707580545567, "log10_colsample_bytree": -0.3747039605066964, "log10_eta": -2.5650153949708456, "log10_lambda": -3.1802853936549615, "log10_min_child_weight": 0.44866246778477614, "log10_subsample": -0.7342761592735999, "max_depth": 5.0, "num_boost_round": 14.0}, "datetime": {"datetime": "2024-01-19 00:55:32", "elapsed": 2636.588243, "delta": 0.002271}}
{"target": -17.675627186659742, "params": {"gamma": 417.3313851919562, "log10_alpha": -1.2221707580545567, "log10_colsample_bytree": -0.3747039605066964, "log10_eta": -2.5650153949708456, "log10_lambda": -3.1802853936549615, "log10_min_child_weight": 0.44866246778477614, "log10_subsample": -0.7342761592735999, "max_depth": 5.0, "num_boost_round": 15.0}, "datetime": {"datetime": "2024-01-19 00:55:32", "elapsed": 2636.590542, "delta": 0.002299}}
{"target": -17.675465561262875, "params": {"gamma": 417.3313851919562, "log10_alpha": -1.2221707580545567, "log10_colsample_bytree": -0.3747039605066964, "log10_eta": -2.5650153949708456, "log10_lambda": -3.1802853936549615, "log10_min_child_weight": 0.44866246778477614, "log10_subsample": -0.7342761592735999, "max_depth": 5.0, "num_boost_round": 16.0}, "datetime": {"datetime": "2024-01-19 00:55:32", "elapsed": 2636.592876, "delta": 0.002334}}
{"target": -17.67723070727058, "params": {"gamma": 445.14842376292484, "log10_alpha": -2.0337628422627625, "log10_colsample_bytree": -0.6718621610906633, "log10_eta": -3.6792833151248208, "log10_lambda": -1.4192673574154195, "log10_min_child_weight": 4.797756893312087, "log10_subsample": -0.21313074738581916, "max_depth": 3.0, "num_boost_round": 0.0}, "datetime": {"datetime": "2024-01-19 00:56:03", "elapsed": 2668.101597, "delta": 31.508721}}
{"target": -17.677229263931988, "params": {"gamma": 445.14842376292484, "log10_alpha": -2.0337628422627625, "log10_colsample_bytree": -0.6718621610906633, "log10_eta": -3.6792833151248208, "log10_lambda": -1.4192673574154195, "log10_min_child_weight": 4.797756893312087, "log10_subsample": -0.21313074738581916, "max_depth": 3.0, "num_boost_round": 1.0}, "datetime": {"datetime": "2024-01-19 00:56:03", "elapsed": 2668.104435, "delta": 0.002838}}
{"target": -17.67722991534607, "params": {"gamma": 445.14842376292484, "log10_alpha": -2.0337628422627625, "log10_colsample_bytree": -0.6718621610906633, "log10_eta": -3.6792833151248208, "log10_lambda": -1.4192673574154195, "log10_min_child_weight": 4.797756893312087, "log10_subsample": -0.21313074738581916, "max_depth": 3.0, "num_boost_round": 2.0}, "datetime": {"datetime": "2024-01-19 00:56:03", "elapsed": 2668.106741, "delta": 0.002306}}
{"target": -17.677228130272333, "params": {"gamma": 445.14842376292484, "log10_alpha": -2.0337628422627625, "log10_colsample_bytree": -0.6718621610906633, "log10_eta": -3.6792833151248208, "log10_lambda": -1.4192673574154195, "log10_min_child_weight": 4.797756893312087, "log10_subsample": -0.21313074738581916, "max_depth": 3.0, "num_boost_round": 3.0}, "datetime": {"datetime": "2024-01-19 00:56:03", "elapsed": 2668.109043, "delta": 0.002302}}
{"target": -17.67722625673071, "params": {"gamma": 445.14842376292484, "log10_alpha": -2.0337628422627625, "log10_colsample_bytree": -0.6718621610906633, "log10_eta": -3.6792833151248208, "log10_lambda": -1.4192673574154195, "log10_min_child_weight": 4.797756893312087, "log10_subsample": -0.21313074738581916, "max_depth": 3.0, "num_boost_round": 4.0}, "datetime": {"datetime": "2024-01-19 00:56:03", "elapsed": 2668.111377, "delta": 0.002334}}
{"target": -17.67722540643641, "params": {"gamma": 445.14842376292484, "log10_alpha": -2.0337628422627625, "log10_colsample_bytree": -0.6718621610906633, "log10_eta": -3.6792833151248208, "log10_lambda": -1.4192673574154195, "log10_min_child_weight": 4.797756893312087, "log10_subsample": -0.21313074738581916, "max_depth": 3.0, "num_boost_round": 5.0}, "datetime": {"datetime": "2024-01-19 00:56:03", "elapsed": 2668.113737, "delta": 0.00236}}
{"target": -17.677227204831752, "params": {"gamma": 445.14842376292484, "log10_alpha": -2.0337628422627625, "log10_colsample_bytree": -0.6718621610906633, "log10_eta": -3.6792833151248208, "log10_lambda": -1.4192673574154195, "log10_min_child_weight": 4.797756893312087, "log10_subsample": -0.21313074738581916, "max_depth": 3.0, "num_boost_round": 6.0}, "datetime": {"datetime": "2024-01-19 00:56:03", "elapsed": 2668.115985, "delta": 0.002248}}
{"target": -17.677225118768547, "params": {"gamma": 445.14842376292484, "log10_alpha": -2.0337628422627625, "log10_colsample_bytree": -0.6718621610906633, "log10_eta": -3.6792833151248208, "log10_lambda": -1.4192673574154195, "log10_min_child_weight": 4.797756893312087, "log10_subsample": -0.21313074738581916, "max_depth": 3.0, "num_boost_round": 7.0}, "datetime": {"datetime": "2024-01-19 00:56:03", "elapsed": 2668.11823, "delta": 0.002245}}
{"target": -17.677223565419435, "params": {"gamma": 445.14842376292484, "log10_alpha": -2.0337628422627625, "log10_colsample_bytree": -0.6718621610906633, "log10_eta": -3.6792833151248208, "log10_lambda": -1.4192673574154195, "log10_min_child_weight": 4.797756893312087, "log10_subsample": -0.21313074738581916, "max_depth": 3.0, "num_boost_round": 8.0}, "datetime": {"datetime": "2024-01-19 00:56:03", "elapsed": 2668.120487, "delta": 0.002257}}
{"target": -17.677221811934057, "params": {"gamma": 445.14842376292484, "log10_alpha": -2.0337628422627625, "log10_colsample_bytree": -0.6718621610906633, "log10_eta": -3.6792833151248208, "log10_lambda": -1.4192673574154195, "log10_min_child_weight": 4.797756893312087, "log10_subsample": -0.21313074738581916, "max_depth": 3.0, "num_boost_round": 9.0}, "datetime": {"datetime": "2024-01-19 00:56:03", "elapsed": 2668.122749, "delta": 0.002262}}
{"target": -17.67722293921681, "params": {"gamma": 445.14842376292484, "log10_alpha": -2.0337628422627625, "log10_colsample_bytree": -0.6718621610906633, "log10_eta": -3.6792833151248208, "log10_lambda": -1.4192673574154195, "log10_min_child_weight": 4.797756893312087, "log10_subsample": -0.21313074738581916, "max_depth": 3.0, "num_boost_round": 10.0}, "datetime": {"datetime": "2024-01-19 00:56:03", "elapsed": 2668.124995, "delta": 0.002246}}
{"target": -17.67722101295363, "params": {"gamma": 445.14842376292484, "log10_alpha": -2.0337628422627625, "log10_colsample_bytree": -0.6718621610906633, "log10_eta": -3.6792833151248208, "log10_lambda": -1.4192673574154195, "log10_min_child_weight": 4.797756893312087, "log10_subsample": -0.21313074738581916, "max_depth": 3.0, "num_boost_round": 11.0}, "datetime": {"datetime": "2024-01-19 00:56:03", "elapsed": 2668.127257, "delta": 0.002262}}
{"target": -17.677232129097135, "params": {"gamma": 439.3516307140923, "log10_alpha": -2.9023883100064447, "log10_colsample_bytree": -0.22482720707124293, "log10_eta": -3.352406655328599, "log10_lambda": 0.3314012388954284, "log10_min_child_weight": 4.607749230513612, "log10_subsample": -0.21637534666074731, "max_depth": 9.0, "num_boost_round": 0.0}, "datetime": {"datetime": "2024-01-19 00:56:40", "elapsed": 2705.052932, "delta": 36.925675}}
{"target": -17.67722238071118, "params": {"gamma": 439.3516307140923, "log10_alpha": -2.9023883100064447, "log10_colsample_bytree": -0.22482720707124293, "log10_eta": -3.352406655328599, "log10_lambda": 0.3314012388954284, "log10_min_child_weight": 4.607749230513612, "log10_subsample": -0.21637534666074731, "max_depth": 9.0, "num_boost_round": 1.0}, "datetime": {"datetime": "2024-01-19 00:56:40", "elapsed": 2705.056266, "delta": 0.003334}}
{"target": -17.67722324104381, "params": {"gamma": 439.3516307140923, "log10_alpha": -2.9023883100064447, "log10_colsample_bytree": -0.22482720707124293, "log10_eta": -3.352406655328599, "log10_lambda": 0.3314012388954284, "log10_min_child_weight": 4.607749230513612, "log10_subsample": -0.21637534666074731, "max_depth": 9.0, "num_boost_round": 2.0}, "datetime": {"datetime": "2024-01-19 00:56:40", "elapsed": 2705.058689, "delta": 0.002423}}
{"target": -17.67722550106975, "params": {"gamma": 439.3516307140923, "log10_alpha": -2.9023883100064447, "log10_colsample_bytree": -0.22482720707124293, "log10_eta": -3.352406655328599, "log10_lambda": 0.3314012388954284, "log10_min_child_weight": 4.607749230513612, "log10_subsample": -0.21637534666074731, "max_depth": 9.0, "num_boost_round": 3.0}, "datetime": {"datetime": "2024-01-19 00:56:40", "elapsed": 2705.060931, "delta": 0.002242}}
{"target": -17.67722016449956, "params": {"gamma": 439.3516307140923, "log10_alpha": -2.9023883100064447, "log10_colsample_bytree": -0.22482720707124293, "log10_eta": -3.352406655328599, "log10_lambda": 0.3314012388954284, "log10_min_child_weight": 4.607749230513612, "log10_subsample": -0.21637534666074731, "max_depth": 9.0, "num_boost_round": 4.0}, "datetime": {"datetime": "2024-01-19 00:56:40", "elapsed": 2705.063251, "delta": 0.00232}}
{"target": -17.67722091803149, "params": {"gamma": 439.3516307140923, "log10_alpha": -2.9023883100064447, "log10_colsample_bytree": -0.22482720707124293, "log10_eta": -3.352406655328599, "log10_lambda": 0.3314012388954284, "log10_min_child_weight": 4.607749230513612, "log10_subsample": -0.21637534666074731, "max_depth": 9.0, "num_boost_round": 5.0}, "datetime": {"datetime": "2024-01-19 00:56:40", "elapsed": 2705.065497, "delta": 0.002246}}
{"target": -17.677219110131784, "params": {"gamma": 439.3516307140923, "log10_alpha": -2.9023883100064447, "log10_colsample_bytree": -0.22482720707124293, "log10_eta": -3.352406655328599, "log10_lambda": 0.3314012388954284, "log10_min_child_weight": 4.607749230513612, "log10_subsample": -0.21637534666074731, "max_depth": 9.0, "num_boost_round": 6.0}, "datetime": {"datetime": "2024-01-19 00:56:40", "elapsed": 2705.067758, "delta": 0.002261}}
{"target": -17.677212439829354, "params": {"gamma": 439.3516307140923, "log10_alpha": -2.9023883100064447, "log10_colsample_bytree": -0.22482720707124293, "log10_eta": -3.352406655328599, "log10_lambda": 0.3314012388954284, "log10_min_child_weight": 4.607749230513612, "log10_subsample": -0.21637534666074731, "max_depth": 9.0, "num_boost_round": 7.0}, "datetime": {"datetime": "2024-01-19 00:56:40", "elapsed": 2705.070027, "delta": 0.002269}}
{"target": -17.677212794308662, "params": {"gamma": 439.3516307140923, "log10_alpha": -2.9023883100064447, "log10_colsample_bytree": -0.22482720707124293, "log10_eta": -3.352406655328599, "log10_lambda": 0.3314012388954284, "log10_min_child_weight": 4.607749230513612, "log10_subsample": -0.21637534666074731, "max_depth": 9.0, "num_boost_round": 8.0}, "datetime": {"datetime": "2024-01-19 00:56:40", "elapsed": 2705.072318, "delta": 0.002291}}
{"target": -17.67720625929041, "params": {"gamma": 439.3516307140923, "log10_alpha": -2.9023883100064447, "log10_colsample_bytree": -0.22482720707124293, "log10_eta": -3.352406655328599, "log10_lambda": 0.3314012388954284, "log10_min_child_weight": 4.607749230513612, "log10_subsample": -0.21637534666074731, "max_depth": 9.0, "num_boost_round": 9.0}, "datetime": {"datetime": "2024-01-19 00:56:40", "elapsed": 2705.074757, "delta": 0.002439}}
{"target": -17.677202074215298, "params": {"gamma": 439.3516307140923, "log10_alpha": -2.9023883100064447, "log10_colsample_bytree": -0.22482720707124293, "log10_eta": -3.352406655328599, "log10_lambda": 0.3314012388954284, "log10_min_child_weight": 4.607749230513612, "log10_subsample": -0.21637534666074731, "max_depth": 9.0, "num_boost_round": 10.0}, "datetime": {"datetime": "2024-01-19 00:56:40", "elapsed": 2705.07724, "delta": 0.002483}}
{"target": -17.6771958987446, "params": {"gamma": 439.3516307140923, "log10_alpha": -2.9023883100064447, "log10_colsample_bytree": -0.22482720707124293, "log10_eta": -3.352406655328599, "log10_lambda": 0.3314012388954284, "log10_min_child_weight": 4.607749230513612, "log10_subsample": -0.21637534666074731, "max_depth": 9.0, "num_boost_round": 11.0}, "datetime": {"datetime": "2024-01-19 00:56:40", "elapsed": 2705.079643, "delta": 0.002403}}
{"target": -17.677198406457244, "params": {"gamma": 439.3516307140923, "log10_alpha": -2.9023883100064447, "log10_colsample_bytree": -0.22482720707124293, "log10_eta": -3.352406655328599, "log10_lambda": 0.3314012388954284, "log10_min_child_weight": 4.607749230513612, "log10_subsample": -0.21637534666074731, "max_depth": 9.0, "num_boost_round": 12.0}, "datetime": {"datetime": "2024-01-19 00:56:40", "elapsed": 2705.081985, "delta": 0.002342}}
{"target": -17.677198417379245, "params": {"gamma": 439.3516307140923, "log10_alpha": -2.9023883100064447, "log10_colsample_bytree": -0.22482720707124293, "log10_eta": -3.352406655328599, "log10_lambda": 0.3314012388954284, "log10_min_child_weight": 4.607749230513612, "log10_subsample": -0.21637534666074731, "max_depth": 9.0, "num_boost_round": 13.0}, "datetime": {"datetime": "2024-01-19 00:56:40", "elapsed": 2705.084288, "delta": 0.002303}}
{"target": -17.677197400544966, "params": {"gamma": 439.3516307140923, "log10_alpha": -2.9023883100064447, "log10_colsample_bytree": -0.22482720707124293, "log10_eta": -3.352406655328599, "log10_lambda": 0.3314012388954284, "log10_min_child_weight": 4.607749230513612, "log10_subsample": -0.21637534666074731, "max_depth": 9.0, "num_boost_round": 14.0}, "datetime": {"datetime": "2024-01-19 00:56:40", "elapsed": 2705.086544, "delta": 0.002256}}
{"target": -17.67719065108064, "params": {"gamma": 439.3516307140923, "log10_alpha": -2.9023883100064447, "log10_colsample_bytree": -0.22482720707124293, "log10_eta": -3.352406655328599, "log10_lambda": 0.3314012388954284, "log10_min_child_weight": 4.607749230513612, "log10_subsample": -0.21637534666074731, "max_depth": 9.0, "num_boost_round": 15.0}, "datetime": {"datetime": "2024-01-19 00:56:40", "elapsed": 2705.088778, "delta": 0.002234}}
{"target": -17.677186100510568, "params": {"gamma": 439.3516307140923, "log10_alpha": -2.9023883100064447, "log10_colsample_bytree": -0.22482720707124293, "log10_eta": -3.352406655328599, "log10_lambda": 0.3314012388954284, "log10_min_child_weight": 4.607749230513612, "log10_subsample": -0.21637534666074731, "max_depth": 9.0, "num_boost_round": 16.0}, "datetime": {"datetime": "2024-01-19 00:56:40", "elapsed": 2705.091112, "delta": 0.002334}}
{"target": -17.67717744951878, "params": {"gamma": 439.3516307140923, "log10_alpha": -2.9023883100064447, "log10_colsample_bytree": -0.22482720707124293, "log10_eta": -3.352406655328599, "log10_lambda": 0.3314012388954284, "log10_min_child_weight": 4.607749230513612, "log10_subsample": -0.21637534666074731, "max_depth": 9.0, "num_boost_round": 17.0}, "datetime": {"datetime": "2024-01-19 00:56:40", "elapsed": 2705.0935, "delta": 0.002388}}
{"target": -17.677174808984464, "params": {"gamma": 439.3516307140923, "log10_alpha": -2.9023883100064447, "log10_colsample_bytree": -0.22482720707124293, "log10_eta": -3.352406655328599, "log10_lambda": 0.3314012388954284, "log10_min_child_weight": 4.607749230513612, "log10_subsample": -0.21637534666074731, "max_depth": 9.0, "num_boost_round": 18.0}, "datetime": {"datetime": "2024-01-19 00:56:40", "elapsed": 2705.095777, "delta": 0.002277}}
{"target": -17.6771730976946, "params": {"gamma": 439.3516307140923, "log10_alpha": -2.9023883100064447, "log10_colsample_bytree": -0.22482720707124293, "log10_eta": -3.352406655328599, "log10_lambda": 0.3314012388954284, "log10_min_child_weight": 4.607749230513612, "log10_subsample": -0.21637534666074731, "max_depth": 9.0, "num_boost_round": 19.0}, "datetime": {"datetime": "2024-01-19 00:56:40", "elapsed": 2705.098074, "delta": 0.002297}}
{"target": -17.677174986116757, "params": {"gamma": 439.3516307140923, "log10_alpha": -2.9023883100064447, "log10_colsample_bytree": -0.22482720707124293, "log10_eta": -3.352406655328599, "log10_lambda": 0.3314012388954284, "log10_min_child_weight": 4.607749230513612, "log10_subsample": -0.21637534666074731, "max_depth": 9.0, "num_boost_round": 20.0}, "datetime": {"datetime": "2024-01-19 00:56:40", "elapsed": 2705.100333, "delta": 0.002259}}
{"target": -17.67720429552512, "params": {"gamma": 419.1368672743337, "log10_alpha": -4.228161447081304, "log10_colsample_bytree": -0.5992435642616497, "log10_eta": -3.346197263041111, "log10_lambda": -2.7439237186904375, "log10_min_child_weight": 0.4197240556062509, "log10_subsample": -0.33971338920493765, "max_depth": 9.0, "num_boost_round": 0.0}, "datetime": {"datetime": "2024-01-19 00:57:15", "elapsed": 2740.170593, "delta": 35.07026}}
