{"target": -17.677055231886214, "params": {"gamma": 963.418611616212, "log10_alpha": 0.15801095069481708, "log10_colsample_bytree": -0.06493905709282932, "log10_eta": -3.5872186853344994, "log10_lambda": -4.525047840849897, "log10_min_child_weight": 1.5991689693788924, "log10_subsample": -0.012841272540149107, "max_depth": 8.0, "num_boost_round": 13.0}, "datetime": {"datetime": "2024-01-19 00:31:38", "elapsed": 1191.984824, "delta": 0.001614}}
{"target": -17.677031518596397, "params": {"gamma": 963.418611616212, "log10_alpha": 0.15801095069481708, "log10_colsample_bytree": -0.06493905709282932, "log10_eta": -3.5872186853344994, "log10_lambda": -4.525047840849897, "log10_min_child_weight": 1.5991689693788924, "log10_subsample": -0.012841272540149107, "max_depth": 8.0, "num_boost_round": 14.0}, "datetime": {"datetime": "2024-01-19 00:31:38", "elapsed": 1191.986449, "delta": 0.001625}}
{"target": -17.67703007574919, "params": {"gamma": 963.418611616212, "log10_alpha": 0.15801095069481708, "log10_colsample_bytree": -0.06493905709282932, "log10_eta": -3.5872186853344994, "log10_lambda": -4.525047840849897, "log10_min_child_weight": 1.5991689693788924, "log10_subsample": -0.012841272540149107, "max_depth": 8.0, "num_boost_round": 15.0}, "datetime": {"datetime": "2024-01-19 00:31:38", "elapsed": 1191.988074, "delta": 0.001625}}
{"target": -17.67702075014784, "params": {"gamma": 963.418611616212, "log10_alpha": 0.15801095069481708, "log10_colsample_bytree": -0.06493905709282932, "log10_eta": -3.5872186853344994, "log10_lambda": -4.525047840849897, "log10_min_child_weight": 1.5991689693788924, "log10_subsample": -0.012841272540149107, "max_depth": 8.0, "num_boost_round": 16.0}, "datetime": {"datetime": "2024-01-19 00:31:38", "elapsed": 1191.989695, "delta": 0.001621}}
{"target": -17.676993439753158, "params": {"gamma": 963.418611616212, "log10_alpha": 0.15801095069481708, "log10_colsample_bytree": -0.06493905709282932, "log10_eta": -3.5872186853344994, "log10_lambda": -4.525047840849897, "log10_min_child_weight": 1.5991689693788924, "log10_subsample": -0.012841272540149107, "max_depth": 8.0, "num_boost_round": 17.0}, "datetime": {"datetime": "2024-01-19 00:31:38", "elapsed": 1191.99144, "delta": 0.001745}}
{"target": -17.676974511050773, "params": {"gamma": 963.418611616212, "log10_alpha": 0.15801095069481708, "log10_colsample_bytree": -0.06493905709282932, "log10_eta": -3.5872186853344994, "log10_lambda": -4.525047840849897, "log10_min_child_weight": 1.5991689693788924, "log10_subsample": -0.012841272540149107, "max_depth": 8.0, "num_boost_round": 18.0}, "datetime": {"datetime": "2024-01-19 00:31:38", "elapsed": 1191.993057, "delta": 0.001617}}
{"target": -17.676958882871503, "params": {"gamma": 963.418611616212, "log10_alpha": 0.15801095069481708, "log10_colsample_bytree": -0.06493905709282932, "log10_eta": -3.5872186853344994, "log10_lambda": -4.525047840849897, "log10_min_child_weight": 1.5991689693788924, "log10_subsample": -0.012841272540149107, "max_depth": 8.0, "num_boost_round": 19.0}, "datetime": {"datetime": "2024-01-19 00:31:38", "elapsed": 1191.994679, "delta": 0.001622}}
{"target": -17.676957424236264, "params": {"gamma": 963.418611616212, "log10_alpha": 0.15801095069481708, "log10_colsample_bytree": -0.06493905709282932, "log10_eta": -3.5872186853344994, "log10_lambda": -4.525047840849897, "log10_min_child_weight": 1.5991689693788924, "log10_subsample": -0.012841272540149107, "max_depth": 8.0, "num_boost_round": 20.0}, "datetime": {"datetime": "2024-01-19 00:31:38", "elapsed": 1191.996309, "delta": 0.00163}}
{"target": -17.676944110611696, "params": {"gamma": 963.418611616212, "log10_alpha": 0.15801095069481708, "log10_colsample_bytree": -0.06493905709282932, "log10_eta": -3.5872186853344994, "log10_lambda": -4.525047840849897, "log10_min_child_weight": 1.5991689693788924, "log10_subsample": -0.012841272540149107, "max_depth": 8.0, "num_boost_round": 21.0}, "datetime": {"datetime": "2024-01-19 00:31:38", "elapsed": 1191.997962, "delta": 0.001653}}
{"target": -17.67691708287277, "params": {"gamma": 963.418611616212, "log10_alpha": 0.15801095069481708, "log10_colsample_bytree": -0.06493905709282932, "log10_eta": -3.5872186853344994, "log10_lambda": -4.525047840849897, "log10_min_child_weight": 1.5991689693788924, "log10_subsample": -0.012841272540149107, "max_depth": 8.0, "num_boost_round": 22.0}, "datetime": {"datetime": "2024-01-19 00:31:38", "elapsed": 1191.999592, "delta": 0.00163}}
{"target": -17.676914120844017, "params": {"gamma": 963.418611616212, "log10_alpha": 0.15801095069481708, "log10_colsample_bytree": -0.06493905709282932, "log10_eta": -3.5872186853344994, "log10_lambda": -4.525047840849897, "log10_min_child_weight": 1.5991689693788924, "log10_subsample": -0.012841272540149107, "max_depth": 8.0, "num_boost_round": 23.0}, "datetime": {"datetime": "2024-01-19 00:31:38", "elapsed": 1192.001209, "delta": 0.001617}}
{"target": -17.676908273849925, "params": {"gamma": 963.418611616212, "log10_alpha": 0.15801095069481708, "log10_colsample_bytree": -0.06493905709282932, "log10_eta": -3.5872186853344994, "log10_lambda": -4.525047840849897, "log10_min_child_weight": 1.5991689693788924, "log10_subsample": -0.012841272540149107, "max_depth": 8.0, "num_boost_round": 24.0}, "datetime": {"datetime": "2024-01-19 00:31:38", "elapsed": 1192.002905, "delta": 0.001696}}
{"target": -17.676883446727647, "params": {"gamma": 963.418611616212, "log10_alpha": 0.15801095069481708, "log10_colsample_bytree": -0.06493905709282932, "log10_eta": -3.5872186853344994, "log10_lambda": -4.525047840849897, "log10_min_child_weight": 1.5991689693788924, "log10_subsample": -0.012841272540149107, "max_depth": 8.0, "num_boost_round": 25.0}, "datetime": {"datetime": "2024-01-19 00:31:38", "elapsed": 1192.004541, "delta": 0.001636}}
{"target": -17.846352575785314, "params": {"gamma": 963.2067876576391, "log10_alpha": 0.8389678077201799, "log10_colsample_bytree": -0.7879831914589256, "log10_eta": -0.18418173827241713, "log10_lambda": -0.38764597741147444, "log10_min_child_weight": 1.2962304656176955, "log10_subsample": -0.1910778023699683, "max_depth": 8.0, "num_boost_round": 0.0}, "datetime": {"datetime": "2024-01-19 00:32:01", "elapsed": 1215.083198, "delta": 23.078657}}
{"target": -17.983241974817652, "params": {"gamma": 963.2067876576391, "log10_alpha": 0.8389678077201799, "log10_colsample_bytree": -0.7879831914589256, "log10_eta": -0.18418173827241713, "log10_lambda": -0.38764597741147444, "log10_min_child_weight": 1.2962304656176955, "log10_subsample": -0.1910778023699683, "max_depth": 8.0, "num_boost_round": 1.0}, "datetime": {"datetime": "2024-01-19 00:32:01", "elapsed": 1215.085738, "delta": 0.00254}}
{"target": -18.099766879339906, "params": {"gamma": 963.2067876576391, "log10_alpha": 0.8389678077201799, "log10_colsample_bytree": -0.7879831914589256, "log10_eta": -0.18418173827241713, "log10_lambda": -0.38764597741147444, "log10_min_child_weight": 1.2962304656176955, "log10_subsample": -0.1910778023699683, "max_depth": 8.0, "num_boost_round": 2.0}, "datetime": {"datetime": "2024-01-19 00:32:01", "elapsed": 1215.087705, "delta": 0.001967}}
{"target": -18.151347952989223, "params": {"gamma": 963.2067876576391, "log10_alpha": 0.8389678077201799, "log10_colsample_bytree": -0.7879831914589256, "log10_eta": -0.18418173827241713, "log10_lambda": -0.38764597741147444, "log10_min_child_weight": 1.2962304656176955, "log10_subsample": -0.1910778023699683, "max_depth": 8.0, "num_boost_round": 3.0}, "datetime": {"datetime": "2024-01-19 00:32:01", "elapsed": 1215.08942, "delta": 0.001715}}
{"target": -18.22165571715445, "params": {"gamma": 963.2067876576391, "log10_alpha": 0.8389678077201799, "log10_colsample_bytree": -0.7879831914589256, "log10_eta": -0.18418173827241713, "log10_lambda": -0.38764597741147444, "log10_min_child_weight": 1.2962304656176955, "log10_subsample": -0.1910778023699683, "max_depth": 8.0, "num_boost_round": 4.0}, "datetime": {"datetime": "2024-01-19 00:32:01", "elapsed": 1215.091258, "delta": 0.001838}}
{"target": -18.289126555145767, "params": {"gamma": 963.2067876576391, "log10_alpha": 0.8389678077201799, "log10_colsample_bytree": -0.7879831914589256, "log10_eta": -0.18418173827241713, "log10_lambda": -0.38764597741147444, "log10_min_child_weight": 1.2962304656176955, "log10_subsample": -0.1910778023699683, "max_depth": 8.0, "num_boost_round": 5.0}, "datetime": {"datetime": "2024-01-19 00:32:01", "elapsed": 1215.092967, "delta": 0.001709}}
{"target": -18.36012358561763, "params": {"gamma": 963.2067876576391, "log10_alpha": 0.8389678077201799, "log10_colsample_bytree": -0.7879831914589256, "log10_eta": -0.18418173827241713, "log10_lambda": -0.38764597741147444, "log10_min_child_weight": 1.2962304656176955, "log10_subsample": -0.1910778023699683, "max_depth": 8.0, "num_boost_round": 6.0}, "datetime": {"datetime": "2024-01-19 00:32:01", "elapsed": 1215.094601, "delta": 0.001634}}
{"target": -18.893698483131775, "params": {"gamma": 963.2067876576391, "log10_alpha": 0.8389678077201799, "log10_colsample_bytree": -0.7879831914589256, "log10_eta": -0.18418173827241713, "log10_lambda": -0.38764597741147444, "log10_min_child_weight": 1.2962304656176955, "log10_subsample": -0.1910778023699683, "max_depth": 8.0, "num_boost_round": 7.0}, "datetime": {"datetime": "2024-01-19 00:32:01", "elapsed": 1215.096235, "delta": 0.001634}}
{"target": -18.955967078658944, "params": {"gamma": 963.2067876576391, "log10_alpha": 0.8389678077201799, "log10_colsample_bytree": -0.7879831914589256, "log10_eta": -0.18418173827241713, "log10_lambda": -0.38764597741147444, "log10_min_child_weight": 1.2962304656176955, "log10_subsample": -0.1910778023699683, "max_depth": 8.0, "num_boost_round": 8.0}, "datetime": {"datetime": "2024-01-19 00:32:01", "elapsed": 1215.097885, "delta": 0.00165}}
{"target": -19.0159113992096, "params": {"gamma": 963.2067876576391, "log10_alpha": 0.8389678077201799, "log10_colsample_bytree": -0.7879831914589256, "log10_eta": -0.18418173827241713, "log10_lambda": -0.38764597741147444, "log10_min_child_weight": 1.2962304656176955, "log10_subsample": -0.1910778023699683, "max_depth": 8.0, "num_boost_round": 9.0}, "datetime": {"datetime": "2024-01-19 00:32:01", "elapsed": 1215.099533, "delta": 0.001648}}
{"target": -19.102645452109524, "params": {"gamma": 963.2067876576391, "log10_alpha": 0.8389678077201799, "log10_colsample_bytree": -0.7879831914589256, "log10_eta": -0.18418173827241713, "log10_lambda": -0.38764597741147444, "log10_min_child_weight": 1.2962304656176955, "log10_subsample": -0.1910778023699683, "max_depth": 8.0, "num_boost_round": 10.0}, "datetime": {"datetime": "2024-01-19 00:32:01", "elapsed": 1215.101166, "delta": 0.001633}}
{"target": -19.203423694703613, "params": {"gamma": 963.2067876576391, "log10_alpha": 0.8389678077201799, "log10_colsample_bytree": -0.7879831914589256, "log10_eta": -0.18418173827241713, "log10_lambda": -0.38764597741147444, "log10_min_child_weight": 1.2962304656176955, "log10_subsample": -0.1910778023699683, "max_depth": 8.0, "num_boost_round": 11.0}, "datetime": {"datetime": "2024-01-19 00:32:01", "elapsed": 1215.102885, "delta": 0.001719}}
{"target": -17.67721604452863, "params": {"gamma": 949.8826827224076, "log10_alpha": -4.426351162864899, "log10_colsample_bytree": -0.7738648226359607, "log10_eta": -3.2420380516831595, "log10_lambda": -0.14663033783862467, "log10_min_child_weight": 0.5625724242779012, "log10_subsample": -0.29468704278622737, "max_depth": 2.0, "num_boost_round": 0.0}, "datetime": {"datetime": "2024-01-19 00:32:24", "elapsed": 1238.708088, "delta": 23.605203}}
{"target": -17.677196169263762, "params": {"gamma": 949.8826827224076, "log10_alpha": -4.426351162864899, "log10_colsample_bytree": -0.7738648226359607, "log10_eta": -3.2420380516831595, "log10_lambda": -0.14663033783862467, "log10_min_child_weight": 0.5625724242779012, "log10_subsample": -0.29468704278622737, "max_depth": 2.0, "num_boost_round": 1.0}, "datetime": {"datetime": "2024-01-19 00:32:24", "elapsed": 1238.709895, "delta": 0.001807}}
{"target": -17.677186226693642, "params": {"gamma": 949.8826827224076, "log10_alpha": -4.426351162864899, "log10_colsample_bytree": -0.7738648226359607, "log10_eta": -3.2420380516831595, "log10_lambda": -0.14663033783862467, "log10_min_child_weight": 0.5625724242779012, "log10_subsample": -0.29468704278622737, "max_depth": 2.0, "num_boost_round": 2.0}, "datetime": {"datetime": "2024-01-19 00:32:24", "elapsed": 1238.711581, "delta": 0.001686}}
{"target": -17.677170912540003, "params": {"gamma": 949.8826827224076, "log10_alpha": -4.426351162864899, "log10_colsample_bytree": -0.7738648226359607, "log10_eta": -3.2420380516831595, "log10_lambda": -0.14663033783862467, "log10_min_child_weight": 0.5625724242779012, "log10_subsample": -0.29468704278622737, "max_depth": 2.0, "num_boost_round": 3.0}, "datetime": {"datetime": "2024-01-19 00:32:24", "elapsed": 1238.713233, "delta": 0.001652}}
{"target": -17.677160072363133, "params": {"gamma": 949.8826827224076, "log10_alpha": -4.426351162864899, "log10_colsample_bytree": -0.7738648226359607, "log10_eta": -3.2420380516831595, "log10_lambda": -0.14663033783862467, "log10_min_child_weight": 0.5625724242779012, "log10_subsample": -0.29468704278622737, "max_depth": 2.0, "num_boost_round": 4.0}, "datetime": {"datetime": "2024-01-19 00:32:24", "elapsed": 1238.714902, "delta": 0.001669}}
{"target": -17.67713925612023, "params": {"gamma": 949.8826827224076, "log10_alpha": -4.426351162864899, "log10_colsample_bytree": -0.7738648226359607, "log10_eta": -3.2420380516831595, "log10_lambda": -0.14663033783862467, "log10_min_child_weight": 0.5625724242779012, "log10_subsample": -0.29468704278622737, "max_depth": 2.0, "num_boost_round": 5.0}, "datetime": {"datetime": "2024-01-19 00:32:24", "elapsed": 1238.716624, "delta": 0.001722}}
{"target": -17.677130362986937, "params": {"gamma": 949.8826827224076, "log10_alpha": -4.426351162864899, "log10_colsample_bytree": -0.7738648226359607, "log10_eta": -3.2420380516831595, "log10_lambda": -0.14663033783862467, "log10_min_child_weight": 0.5625724242779012, "log10_subsample": -0.29468704278622737, "max_depth": 2.0, "num_boost_round": 6.0}, "datetime": {"datetime": "2024-01-19 00:32:24", "elapsed": 1238.719106, "delta": 0.002482}}
{"target": -17.677115763744283, "params": {"gamma": 949.8826827224076, "log10_alpha": -4.426351162864899, "log10_colsample_bytree": -0.7738648226359607, "log10_eta": -3.2420380516831595, "log10_lambda": -0.14663033783862467, "log10_min_child_weight": 0.5625724242779012, "log10_subsample": -0.29468704278622737, "max_depth": 2.0, "num_boost_round": 7.0}, "datetime": {"datetime": "2024-01-19 00:32:24", "elapsed": 1238.720962, "delta": 0.001856}}
{"target": -17.677120246675102, "params": {"gamma": 949.8826827224076, "log10_alpha": -4.426351162864899, "log10_colsample_bytree": -0.7738648226359607, "log10_eta": -3.2420380516831595, "log10_lambda": -0.14663033783862467, "log10_min_child_weight": 0.5625724242779012, "log10_subsample": -0.29468704278622737, "max_depth": 2.0, "num_boost_round": 8.0}, "datetime": {"datetime": "2024-01-19 00:32:24", "elapsed": 1238.723062, "delta": 0.0021}}
{"target": -17.67711118051816, "params": {"gamma": 949.8826827224076, "log10_alpha": -4.426351162864899, "log10_colsample_bytree": -0.7738648226359607, "log10_eta": -3.2420380516831595, "log10_lambda": -0.14663033783862467, "log10_min_child_weight": 0.5625724242779012, "log10_subsample": -0.29468704278622737, "max_depth": 2.0, "num_boost_round": 9.0}, "datetime": {"datetime": "2024-01-19 00:32:24", "elapsed": 1238.724997, "delta": 0.001935}}
{"target": -17.67709902774057, "params": {"gamma": 949.8826827224076, "log10_alpha": -4.426351162864899, "log10_colsample_bytree": -0.7738648226359607, "log10_eta": -3.2420380516831595, "log10_lambda": -0.14663033783862467, "log10_min_child_weight": 0.5625724242779012, "log10_subsample": -0.29468704278622737, "max_depth": 2.0, "num_boost_round": 10.0}, "datetime": {"datetime": "2024-01-19 00:32:24", "elapsed": 1238.726674, "delta": 0.001677}}
{"target": -17.677083816570796, "params": {"gamma": 949.8826827224076, "log10_alpha": -4.426351162864899, "log10_colsample_bytree": -0.7738648226359607, "log10_eta": -3.2420380516831595, "log10_lambda": -0.14663033783862467, "log10_min_child_weight": 0.5625724242779012, "log10_subsample": -0.29468704278622737, "max_depth": 2.0, "num_boost_round": 11.0}, "datetime": {"datetime": "2024-01-19 00:32:24", "elapsed": 1238.728338, "delta": 0.001664}}
{"target": -17.677070463783064, "params": {"gamma": 949.8826827224076, "log10_alpha": -4.426351162864899, "log10_colsample_bytree": -0.7738648226359607, "log10_eta": -3.2420380516831595, "log10_lambda": -0.14663033783862467, "log10_min_child_weight": 0.5625724242779012, "log10_subsample": -0.29468704278622737, "max_depth": 2.0, "num_boost_round": 12.0}, "datetime": {"datetime": "2024-01-19 00:32:24", "elapsed": 1238.730097, "delta": 0.001759}}
{"target": -17.677054504826675, "params": {"gamma": 949.8826827224076, "log10_alpha": -4.426351162864899, "log10_colsample_bytree": -0.7738648226359607, "log10_eta": -3.2420380516831595, "log10_lambda": -0.14663033783862467, "log10_min_child_weight": 0.5625724242779012, "log10_subsample": -0.29468704278622737, "max_depth": 2.0, "num_boost_round": 13.0}, "datetime": {"datetime": "2024-01-19 00:32:24", "elapsed": 1238.731896, "delta": 0.001799}}
{"target": -17.676730998560043, "params": {"gamma": 948.0527915603489, "log10_alpha": -2.067998398188581, "log10_colsample_bytree": -0.29066403828144516, "log10_eta": -1.8799473769337012, "log10_lambda": -3.015836699171106, "log10_min_child_weight": 3.201016466348024, "log10_subsample": -0.3800629789159783, "max_depth": 3.0, "num_boost_round": 0.0}, "datetime": {"datetime": "2024-01-19 00:32:46", "elapsed": 1259.806048, "delta": 21.074152}}
{"target": -17.676371618093, "params": {"gamma": 948.0527915603489, "log10_alpha": -2.067998398188581, "log10_colsample_bytree": -0.29066403828144516, "log10_eta": -1.8799473769337012, "log10_lambda": -3.015836699171106, "log10_min_child_weight": 3.201016466348024, "log10_subsample": -0.3800629789159783, "max_depth": 3.0, "num_boost_round": 1.0}, "datetime": {"datetime": "2024-01-19 00:32:46", "elapsed": 1259.808677, "delta": 0.002629}}
{"target": -17.67598255677062, "params": {"gamma": 948.0527915603489, "log10_alpha": -2.067998398188581, "log10_colsample_bytree": -0.29066403828144516, "log10_eta": -1.8799473769337012, "log10_lambda": -3.015836699171106, "log10_min_child_weight": 3.201016466348024, "log10_subsample": -0.3800629789159783, "max_depth": 3.0, "num_boost_round": 2.0}, "datetime": {"datetime": "2024-01-19 00:32:46", "elapsed": 1259.810741, "delta": 0.002064}}
{"target": -17.675775750937227, "params": {"gamma": 948.0527915603489, "log10_alpha": -2.067998398188581, "log10_colsample_bytree": -0.29066403828144516, "log10_eta": -1.8799473769337012, "log10_lambda": -3.015836699171106, "log10_min_child_weight": 3.201016466348024, "log10_subsample": -0.3800629789159783, "max_depth": 3.0, "num_boost_round": 3.0}, "datetime": {"datetime": "2024-01-19 00:32:46", "elapsed": 1259.812658, "delta": 0.001917}}
{"target": -17.675662992653326, "params": {"gamma": 948.0527915603489, "log10_alpha": -2.067998398188581, "log10_colsample_bytree": -0.29066403828144516, "log10_eta": -1.8799473769337012, "log10_lambda": -3.015836699171106, "log10_min_child_weight": 3.201016466348024, "log10_subsample": -0.3800629789159783, "max_depth": 3.0, "num_boost_round": 4.0}, "datetime": {"datetime": "2024-01-19 00:32:46", "elapsed": 1259.814786, "delta": 0.002128}}
{"target": -17.675536944246076, "params": {"gamma": 948.0527915603489, "log10_alpha": -2.067998398188581, "log10_colsample_bytree": -0.29066403828144516, "log10_eta": -1.8799473769337012, "log10_lambda": -3.015836699171106, "log10_min_child_weight": 3.201016466348024, "log10_subsample": -0.3800629789159783, "max_depth": 3.0, "num_boost_round": 5.0}, "datetime": {"datetime": "2024-01-19 00:32:46", "elapsed": 1259.816509, "delta": 0.001723}}
{"target": -17.67528277598794, "params": {"gamma": 948.0527915603489, "log10_alpha": -2.067998398188581, "log10_colsample_bytree": -0.29066403828144516, "log10_eta": -1.8799473769337012, "log10_lambda": -3.015836699171106, "log10_min_child_weight": 3.201016466348024, "log10_subsample": -0.3800629789159783, "max_depth": 3.0, "num_boost_round": 6.0}, "datetime": {"datetime": "2024-01-19 00:32:46", "elapsed": 1259.818193, "delta": 0.001684}}
{"target": -17.674942761837112, "params": {"gamma": 948.0527915603489, "log10_alpha": -2.067998398188581, "log10_colsample_bytree": -0.29066403828144516, "log10_eta": -1.8799473769337012, "log10_lambda": -3.015836699171106, "log10_min_child_weight": 3.201016466348024, "log10_subsample": -0.3800629789159783, "max_depth": 3.0, "num_boost_round": 7.0}, "datetime": {"datetime": "2024-01-19 00:32:46", "elapsed": 1259.819862, "delta": 0.001669}}
{"target": -17.674762146539123, "params": {"gamma": 948.0527915603489, "log10_alpha": -2.067998398188581, "log10_colsample_bytree": -0.29066403828144516, "log10_eta": -1.8799473769337012, "log10_lambda": -3.015836699171106, "log10_min_child_weight": 3.201016466348024, "log10_subsample": -0.3800629789159783, "max_depth": 3.0, "num_boost_round": 8.0}, "datetime": {"datetime": "2024-01-19 00:32:46", "elapsed": 1259.821546, "delta": 0.001684}}
{"target": -17.674693039361827, "params": {"gamma": 948.0527915603489, "log10_alpha": -2.067998398188581, "log10_colsample_bytree": -0.29066403828144516, "log10_eta": -1.8799473769337012, "log10_lambda": -3.015836699171106, "log10_min_child_weight": 3.201016466348024, "log10_subsample": -0.3800629789159783, "max_depth": 3.0, "num_boost_round": 9.0}, "datetime": {"datetime": "2024-01-19 00:32:46", "elapsed": 1259.82325, "delta": 0.001704}}
