{"target": -17.6907184259517, "params": {"gamma": 723.8104875300608, "log10_alpha": -1.6975679817166167, "log10_colsample_bytree": -0.0005970136712026841, "log10_eta": -1.4369122270146293, "log10_lambda": 0.7846755063936541, "log10_min_child_weight": 3.361767380551945, "log10_subsample": -0.9895978605766108, "max_depth": 3.0, "num_boost_round": 52.0}, "datetime": {"datetime": "2024-01-19 00:46:02", "elapsed": 2069.508736, "delta": 0.002955}}
{"target": -17.69068474054237, "params": {"gamma": 723.8104875300608, "log10_alpha": -1.6975679817166167, "log10_colsample_bytree": -0.0005970136712026841, "log10_eta": -1.4369122270146293, "log10_lambda": 0.7846755063936541, "log10_min_child_weight": 3.361767380551945, "log10_subsample": -0.9895978605766108, "max_depth": 3.0, "num_boost_round": 53.0}, "datetime": {"datetime": "2024-01-19 00:46:02", "elapsed": 2069.511698, "delta": 0.002962}}
{"target": -17.69097007339685, "params": {"gamma": 723.8104875300608, "log10_alpha": -1.6975679817166167, "log10_colsample_bytree": -0.0005970136712026841, "log10_eta": -1.4369122270146293, "log10_lambda": 0.7846755063936541, "log10_min_child_weight": 3.361767380551945, "log10_subsample": -0.9895978605766108, "max_depth": 3.0, "num_boost_round": 54.0}, "datetime": {"datetime": "2024-01-19 00:46:02", "elapsed": 2069.514634, "delta": 0.002936}}
{"target": -17.69075977893961, "params": {"gamma": 723.8104875300608, "log10_alpha": -1.6975679817166167, "log10_colsample_bytree": -0.0005970136712026841, "log10_eta": -1.4369122270146293, "log10_lambda": 0.7846755063936541, "log10_min_child_weight": 3.361767380551945, "log10_subsample": -0.9895978605766108, "max_depth": 3.0, "num_boost_round": 55.0}, "datetime": {"datetime": "2024-01-19 00:46:02", "elapsed": 2069.517531, "delta": 0.002897}}
{"target": -17.69152306964382, "params": {"gamma": 723.8104875300608, "log10_alpha": -1.6975679817166167, "log10_colsample_bytree": -0.0005970136712026841, "log10_eta": -1.4369122270146293, "log10_lambda": 0.7846755063936541, "log10_min_child_weight": 3.361767380551945, "log10_subsample": -0.9895978605766108, "max_depth": 3.0, "num_boost_round": 56.0}, "datetime": {"datetime": "2024-01-19 00:46:02", "elapsed": 2069.520437, "delta": 0.002906}}
{"target": -17.692282509615985, "params": {"gamma": 723.8104875300608, "log10_alpha": -1.6975679817166167, "log10_colsample_bytree": -0.0005970136712026841, "log10_eta": -1.4369122270146293, "log10_lambda": 0.7846755063936541, "log10_min_child_weight": 3.361767380551945, "log10_subsample": -0.9895978605766108, "max_depth": 3.0, "num_boost_round": 57.0}, "datetime": {"datetime": "2024-01-19 00:46:02", "elapsed": 2069.523379, "delta": 0.002942}}
{"target": -17.692908714538884, "params": {"gamma": 723.8104875300608, "log10_alpha": -1.6975679817166167, "log10_colsample_bytree": -0.0005970136712026841, "log10_eta": -1.4369122270146293, "log10_lambda": 0.7846755063936541, "log10_min_child_weight": 3.361767380551945, "log10_subsample": -0.9895978605766108, "max_depth": 3.0, "num_boost_round": 58.0}, "datetime": {"datetime": "2024-01-19 00:46:02", "elapsed": 2069.52629, "delta": 0.002911}}
{"target": -17.694086577327184, "params": {"gamma": 723.8104875300608, "log10_alpha": -1.6975679817166167, "log10_colsample_bytree": -0.0005970136712026841, "log10_eta": -1.4369122270146293, "log10_lambda": 0.7846755063936541, "log10_min_child_weight": 3.361767380551945, "log10_subsample": -0.9895978605766108, "max_depth": 3.0, "num_boost_round": 59.0}, "datetime": {"datetime": "2024-01-19 00:46:02", "elapsed": 2069.529234, "delta": 0.002944}}
{"target": -17.693997795901648, "params": {"gamma": 723.8104875300608, "log10_alpha": -1.6975679817166167, "log10_colsample_bytree": -0.0005970136712026841, "log10_eta": -1.4369122270146293, "log10_lambda": 0.7846755063936541, "log10_min_child_weight": 3.361767380551945, "log10_subsample": -0.9895978605766108, "max_depth": 3.0, "num_boost_round": 60.0}, "datetime": {"datetime": "2024-01-19 00:46:02", "elapsed": 2069.532116, "delta": 0.002882}}
{"target": -17.69347395751661, "params": {"gamma": 723.8104875300608, "log10_alpha": -1.6975679817166167, "log10_colsample_bytree": -0.0005970136712026841, "log10_eta": -1.4369122270146293, "log10_lambda": 0.7846755063936541, "log10_min_child_weight": 3.361767380551945, "log10_subsample": -0.9895978605766108, "max_depth": 3.0, "num_boost_round": 61.0}, "datetime": {"datetime": "2024-01-19 00:46:02", "elapsed": 2069.535045, "delta": 0.002929}}
{"target": -17.693835458553206, "params": {"gamma": 723.8104875300608, "log10_alpha": -1.6975679817166167, "log10_colsample_bytree": -0.0005970136712026841, "log10_eta": -1.4369122270146293, "log10_lambda": 0.7846755063936541, "log10_min_child_weight": 3.361767380551945, "log10_subsample": -0.9895978605766108, "max_depth": 3.0, "num_boost_round": 62.0}, "datetime": {"datetime": "2024-01-19 00:46:02", "elapsed": 2069.537959, "delta": 0.002914}}
{"target": -17.693833752310567, "params": {"gamma": 723.8104875300608, "log10_alpha": -1.6975679817166167, "log10_colsample_bytree": -0.0005970136712026841, "log10_eta": -1.4369122270146293, "log10_lambda": 0.7846755063936541, "log10_min_child_weight": 3.361767380551945, "log10_subsample": -0.9895978605766108, "max_depth": 3.0, "num_boost_round": 63.0}, "datetime": {"datetime": "2024-01-19 00:46:02", "elapsed": 2069.540875, "delta": 0.002916}}
{"target": -17.693905601801486, "params": {"gamma": 723.8104875300608, "log10_alpha": -1.6975679817166167, "log10_colsample_bytree": -0.0005970136712026841, "log10_eta": -1.4369122270146293, "log10_lambda": 0.7846755063936541, "log10_min_child_weight": 3.361767380551945, "log10_subsample": -0.9895978605766108, "max_depth": 3.0, "num_boost_round": 64.0}, "datetime": {"datetime": "2024-01-19 00:46:02", "elapsed": 2069.543775, "delta": 0.0029}}
{"target": -17.693946784760673, "params": {"gamma": 723.8104875300608, "log10_alpha": -1.6975679817166167, "log10_colsample_bytree": -0.0005970136712026841, "log10_eta": -1.4369122270146293, "log10_lambda": 0.7846755063936541, "log10_min_child_weight": 3.361767380551945, "log10_subsample": -0.9895978605766108, "max_depth": 3.0, "num_boost_round": 65.0}, "datetime": {"datetime": "2024-01-19 00:46:02", "elapsed": 2069.546785, "delta": 0.00301}}
{"target": -17.694185694147734, "params": {"gamma": 723.8104875300608, "log10_alpha": -1.6975679817166167, "log10_colsample_bytree": -0.0005970136712026841, "log10_eta": -1.4369122270146293, "log10_lambda": 0.7846755063936541, "log10_min_child_weight": 3.361767380551945, "log10_subsample": -0.9895978605766108, "max_depth": 3.0, "num_boost_round": 66.0}, "datetime": {"datetime": "2024-01-19 00:46:02", "elapsed": 2069.549708, "delta": 0.002923}}
{"target": -17.694371254931127, "params": {"gamma": 723.8104875300608, "log10_alpha": -1.6975679817166167, "log10_colsample_bytree": -0.0005970136712026841, "log10_eta": -1.4369122270146293, "log10_lambda": 0.7846755063936541, "log10_min_child_weight": 3.361767380551945, "log10_subsample": -0.9895978605766108, "max_depth": 3.0, "num_boost_round": 67.0}, "datetime": {"datetime": "2024-01-19 00:46:02", "elapsed": 2069.552666, "delta": 0.002958}}
{"target": -17.695929807421813, "params": {"gamma": 723.8104875300608, "log10_alpha": -1.6975679817166167, "log10_colsample_bytree": -0.0005970136712026841, "log10_eta": -1.4369122270146293, "log10_lambda": 0.7846755063936541, "log10_min_child_weight": 3.361767380551945, "log10_subsample": -0.9895978605766108, "max_depth": 3.0, "num_boost_round": 68.0}, "datetime": {"datetime": "2024-01-19 00:46:02", "elapsed": 2069.555578, "delta": 0.002912}}
{"target": -17.695956950774118, "params": {"gamma": 723.8104875300608, "log10_alpha": -1.6975679817166167, "log10_colsample_bytree": -0.0005970136712026841, "log10_eta": -1.4369122270146293, "log10_lambda": 0.7846755063936541, "log10_min_child_weight": 3.361767380551945, "log10_subsample": -0.9895978605766108, "max_depth": 3.0, "num_boost_round": 69.0}, "datetime": {"datetime": "2024-01-19 00:46:02", "elapsed": 2069.558462, "delta": 0.002884}}
{"target": -17.696195865883787, "params": {"gamma": 723.8104875300608, "log10_alpha": -1.6975679817166167, "log10_colsample_bytree": -0.0005970136712026841, "log10_eta": -1.4369122270146293, "log10_lambda": 0.7846755063936541, "log10_min_child_weight": 3.361767380551945, "log10_subsample": -0.9895978605766108, "max_depth": 3.0, "num_boost_round": 70.0}, "datetime": {"datetime": "2024-01-19 00:46:02", "elapsed": 2069.561333, "delta": 0.002871}}
{"target": -17.696858872747168, "params": {"gamma": 723.8104875300608, "log10_alpha": -1.6975679817166167, "log10_colsample_bytree": -0.0005970136712026841, "log10_eta": -1.4369122270146293, "log10_lambda": 0.7846755063936541, "log10_min_child_weight": 3.361767380551945, "log10_subsample": -0.9895978605766108, "max_depth": 3.0, "num_boost_round": 71.0}, "datetime": {"datetime": "2024-01-19 00:46:02", "elapsed": 2069.564229, "delta": 0.002896}}
{"target": -17.696662183566822, "params": {"gamma": 723.8104875300608, "log10_alpha": -1.6975679817166167, "log10_colsample_bytree": -0.0005970136712026841, "log10_eta": -1.4369122270146293, "log10_lambda": 0.7846755063936541, "log10_min_child_weight": 3.361767380551945, "log10_subsample": -0.9895978605766108, "max_depth": 3.0, "num_boost_round": 72.0}, "datetime": {"datetime": "2024-01-19 00:46:02", "elapsed": 2069.567134, "delta": 0.002905}}
{"target": -17.697129287175603, "params": {"gamma": 723.8104875300608, "log10_alpha": -1.6975679817166167, "log10_colsample_bytree": -0.0005970136712026841, "log10_eta": -1.4369122270146293, "log10_lambda": 0.7846755063936541, "log10_min_child_weight": 3.361767380551945, "log10_subsample": -0.9895978605766108, "max_depth": 3.0, "num_boost_round": 73.0}, "datetime": {"datetime": "2024-01-19 00:46:02", "elapsed": 2069.570006, "delta": 0.002872}}
{"target": -17.697915940113205, "params": {"gamma": 723.8104875300608, "log10_alpha": -1.6975679817166167, "log10_colsample_bytree": -0.0005970136712026841, "log10_eta": -1.4369122270146293, "log10_lambda": 0.7846755063936541, "log10_min_child_weight": 3.361767380551945, "log10_subsample": -0.9895978605766108, "max_depth": 3.0, "num_boost_round": 74.0}, "datetime": {"datetime": "2024-01-19 00:46:02", "elapsed": 2069.572962, "delta": 0.002956}}
{"target": -17.698453047641916, "params": {"gamma": 723.8104875300608, "log10_alpha": -1.6975679817166167, "log10_colsample_bytree": -0.0005970136712026841, "log10_eta": -1.4369122270146293, "log10_lambda": 0.7846755063936541, "log10_min_child_weight": 3.361767380551945, "log10_subsample": -0.9895978605766108, "max_depth": 3.0, "num_boost_round": 75.0}, "datetime": {"datetime": "2024-01-19 00:46:02", "elapsed": 2069.575853, "delta": 0.002891}}
{"target": -17.698556727807503, "params": {"gamma": 723.8104875300608, "log10_alpha": -1.6975679817166167, "log10_colsample_bytree": -0.0005970136712026841, "log10_eta": -1.4369122270146293, "log10_lambda": 0.7846755063936541, "log10_min_child_weight": 3.361767380551945, "log10_subsample": -0.9895978605766108, "max_depth": 3.0, "num_boost_round": 76.0}, "datetime": {"datetime": "2024-01-19 00:46:02", "elapsed": 2069.578784, "delta": 0.002931}}
{"target": -17.698561200207248, "params": {"gamma": 723.8104875300608, "log10_alpha": -1.6975679817166167, "log10_colsample_bytree": -0.0005970136712026841, "log10_eta": -1.4369122270146293, "log10_lambda": 0.7846755063936541, "log10_min_child_weight": 3.361767380551945, "log10_subsample": -0.9895978605766108, "max_depth": 3.0, "num_boost_round": 77.0}, "datetime": {"datetime": "2024-01-19 00:46:02", "elapsed": 2069.582547, "delta": 0.003763}}
{"target": -17.698965798313566, "params": {"gamma": 723.8104875300608, "log10_alpha": -1.6975679817166167, "log10_colsample_bytree": -0.0005970136712026841, "log10_eta": -1.4369122270146293, "log10_lambda": 0.7846755063936541, "log10_min_child_weight": 3.361767380551945, "log10_subsample": -0.9895978605766108, "max_depth": 3.0, "num_boost_round": 78.0}, "datetime": {"datetime": "2024-01-19 00:46:02", "elapsed": 2069.585676, "delta": 0.003129}}
{"target": -17.698839339978143, "params": {"gamma": 723.8104875300608, "log10_alpha": -1.6975679817166167, "log10_colsample_bytree": -0.0005970136712026841, "log10_eta": -1.4369122270146293, "log10_lambda": 0.7846755063936541, "log10_min_child_weight": 3.361767380551945, "log10_subsample": -0.9895978605766108, "max_depth": 3.0, "num_boost_round": 79.0}, "datetime": {"datetime": "2024-01-19 00:46:02", "elapsed": 2069.588633, "delta": 0.002957}}
{"target": -17.699571383727633, "params": {"gamma": 723.8104875300608, "log10_alpha": -1.6975679817166167, "log10_colsample_bytree": -0.0005970136712026841, "log10_eta": -1.4369122270146293, "log10_lambda": 0.7846755063936541, "log10_min_child_weight": 3.361767380551945, "log10_subsample": -0.9895978605766108, "max_depth": 3.0, "num_boost_round": 80.0}, "datetime": {"datetime": "2024-01-19 00:46:02", "elapsed": 2069.591606, "delta": 0.002973}}
{"target": -17.699912394751966, "params": {"gamma": 723.8104875300608, "log10_alpha": -1.6975679817166167, "log10_colsample_bytree": -0.0005970136712026841, "log10_eta": -1.4369122270146293, "log10_lambda": 0.7846755063936541, "log10_min_child_weight": 3.361767380551945, "log10_subsample": -0.9895978605766108, "max_depth": 3.0, "num_boost_round": 81.0}, "datetime": {"datetime": "2024-01-19 00:46:02", "elapsed": 2069.594527, "delta": 0.002921}}
{"target": -17.70026520855691, "params": {"gamma": 723.8104875300608, "log10_alpha": -1.6975679817166167, "log10_colsample_bytree": -0.0005970136712026841, "log10_eta": -1.4369122270146293, "log10_lambda": 0.7846755063936541, "log10_min_child_weight": 3.361767380551945, "log10_subsample": -0.9895978605766108, "max_depth": 3.0, "num_boost_round": 82.0}, "datetime": {"datetime": "2024-01-19 00:46:02", "elapsed": 2069.597432, "delta": 0.002905}}
{"target": -17.700715072857484, "params": {"gamma": 723.8104875300608, "log10_alpha": -1.6975679817166167, "log10_colsample_bytree": -0.0005970136712026841, "log10_eta": -1.4369122270146293, "log10_lambda": 0.7846755063936541, "log10_min_child_weight": 3.361767380551945, "log10_subsample": -0.9895978605766108, "max_depth": 3.0, "num_boost_round": 83.0}, "datetime": {"datetime": "2024-01-19 00:46:02", "elapsed": 2069.600327, "delta": 0.002895}}
{"target": -17.70056174660667, "params": {"gamma": 723.8104875300608, "log10_alpha": -1.6975679817166167, "log10_colsample_bytree": -0.0005970136712026841, "log10_eta": -1.4369122270146293, "log10_lambda": 0.7846755063936541, "log10_min_child_weight": 3.361767380551945, "log10_subsample": -0.9895978605766108, "max_depth": 3.0, "num_boost_round": 84.0}, "datetime": {"datetime": "2024-01-19 00:46:02", "elapsed": 2069.603187, "delta": 0.00286}}
{"target": -17.70121052877968, "params": {"gamma": 723.8104875300608, "log10_alpha": -1.6975679817166167, "log10_colsample_bytree": -0.0005970136712026841, "log10_eta": -1.4369122270146293, "log10_lambda": 0.7846755063936541, "log10_min_child_weight": 3.361767380551945, "log10_subsample": -0.9895978605766108, "max_depth": 3.0, "num_boost_round": 85.0}, "datetime": {"datetime": "2024-01-19 00:46:02", "elapsed": 2069.606116, "delta": 0.002929}}
{"target": -17.701540329563787, "params": {"gamma": 723.8104875300608, "log10_alpha": -1.6975679817166167, "log10_colsample_bytree": -0.0005970136712026841, "log10_eta": -1.4369122270146293, "log10_lambda": 0.7846755063936541, "log10_min_child_weight": 3.361767380551945, "log10_subsample": -0.9895978605766108, "max_depth": 3.0, "num_boost_round": 86.0}, "datetime": {"datetime": "2024-01-19 00:46:02", "elapsed": 2069.609014, "delta": 0.002898}}
{"target": -17.70212220337498, "params": {"gamma": 723.8104875300608, "log10_alpha": -1.6975679817166167, "log10_colsample_bytree": -0.0005970136712026841, "log10_eta": -1.4369122270146293, "log10_lambda": 0.7846755063936541, "log10_min_child_weight": 3.361767380551945, "log10_subsample": -0.9895978605766108, "max_depth": 3.0, "num_boost_round": 87.0}, "datetime": {"datetime": "2024-01-19 00:46:02", "elapsed": 2069.611941, "delta": 0.002927}}
{"target": -17.677222868870434, "params": {"gamma": 740.0154641302629, "log10_alpha": 0.5266225808179712, "log10_colsample_bytree": -0.16859802050580353, "log10_eta": -3.3908559550668715, "log10_lambda": -0.932334166672911, "log10_min_child_weight": 1.7093161001202006, "log10_subsample": -0.3883765517883204, "max_depth": 4.0, "num_boost_round": 0.0}, "datetime": {"datetime": "2024-01-19 00:46:48", "elapsed": 2116.193681, "delta": 46.58174}}
{"target": -17.677210864705998, "params": {"gamma": 740.0154641302629, "log10_alpha": 0.5266225808179712, "log10_colsample_bytree": -0.16859802050580353, "log10_eta": -3.3908559550668715, "log10_lambda": -0.932334166672911, "log10_min_child_weight": 1.7093161001202006, "log10_subsample": -0.3883765517883204, "max_depth": 4.0, "num_boost_round": 1.0}, "datetime": {"datetime": "2024-01-19 00:46:48", "elapsed": 2116.19744, "delta": 0.003759}}
{"target": -17.677191066015574, "params": {"gamma": 740.0154641302629, "log10_alpha": 0.5266225808179712, "log10_colsample_bytree": -0.16859802050580353, "log10_eta": -3.3908559550668715, "log10_lambda": -0.932334166672911, "log10_min_child_weight": 1.7093161001202006, "log10_subsample": -0.3883765517883204, "max_depth": 4.0, "num_boost_round": 2.0}, "datetime": {"datetime": "2024-01-19 00:46:48", "elapsed": 2116.200406, "delta": 0.002966}}
{"target": -17.677191749054387, "params": {"gamma": 740.0154641302629, "log10_alpha": 0.5266225808179712, "log10_colsample_bytree": -0.16859802050580353, "log10_eta": -3.3908559550668715, "log10_lambda": -0.932334166672911, "log10_min_child_weight": 1.7093161001202006, "log10_subsample": -0.3883765517883204, "max_depth": 4.0, "num_boost_round": 3.0}, "datetime": {"datetime": "2024-01-19 00:46:48", "elapsed": 2116.203273, "delta": 0.002867}}
{"target": -17.677177452797583, "params": {"gamma": 740.0154641302629, "log10_alpha": 0.5266225808179712, "log10_colsample_bytree": -0.16859802050580353, "log10_eta": -3.3908559550668715, "log10_lambda": -0.932334166672911, "log10_min_child_weight": 1.7093161001202006, "log10_subsample": -0.3883765517883204, "max_depth": 4.0, "num_boost_round": 4.0}, "datetime": {"datetime": "2024-01-19 00:46:48", "elapsed": 2116.206087, "delta": 0.002814}}
{"target": -17.67717556356015, "params": {"gamma": 740.0154641302629, "log10_alpha": 0.5266225808179712, "log10_colsample_bytree": -0.16859802050580353, "log10_eta": -3.3908559550668715, "log10_lambda": -0.932334166672911, "log10_min_child_weight": 1.7093161001202006, "log10_subsample": -0.3883765517883204, "max_depth": 4.0, "num_boost_round": 5.0}, "datetime": {"datetime": "2024-01-19 00:46:48", "elapsed": 2116.209083, "delta": 0.002996}}
{"target": -17.677160946027808, "params": {"gamma": 740.0154641302629, "log10_alpha": 0.5266225808179712, "log10_colsample_bytree": -0.16859802050580353, "log10_eta": -3.3908559550668715, "log10_lambda": -0.932334166672911, "log10_min_child_weight": 1.7093161001202006, "log10_subsample": -0.3883765517883204, "max_depth": 4.0, "num_boost_round": 6.0}, "datetime": {"datetime": "2024-01-19 00:46:48", "elapsed": 2116.211939, "delta": 0.002856}}
{"target": -17.677126733640748, "params": {"gamma": 740.0154641302629, "log10_alpha": 0.5266225808179712, "log10_colsample_bytree": -0.16859802050580353, "log10_eta": -3.3908559550668715, "log10_lambda": -0.932334166672911, "log10_min_child_weight": 1.7093161001202006, "log10_subsample": -0.3883765517883204, "max_depth": 4.0, "num_boost_round": 7.0}, "datetime": {"datetime": "2024-01-19 00:46:48", "elapsed": 2116.214815, "delta": 0.002876}}
{"target": -17.677108625398336, "params": {"gamma": 740.0154641302629, "log10_alpha": 0.5266225808179712, "log10_colsample_bytree": -0.16859802050580353, "log10_eta": -3.3908559550668715, "log10_lambda": -0.932334166672911, "log10_min_child_weight": 1.7093161001202006, "log10_subsample": -0.3883765517883204, "max_depth": 4.0, "num_boost_round": 8.0}, "datetime": {"datetime": "2024-01-19 00:46:48", "elapsed": 2116.21771, "delta": 0.002895}}
{"target": -17.677091994093395, "params": {"gamma": 740.0154641302629, "log10_alpha": 0.5266225808179712, "log10_colsample_bytree": -0.16859802050580353, "log10_eta": -3.3908559550668715, "log10_lambda": -0.932334166672911, "log10_min_child_weight": 1.7093161001202006, "log10_subsample": -0.3883765517883204, "max_depth": 4.0, "num_boost_round": 9.0}, "datetime": {"datetime": "2024-01-19 00:46:48", "elapsed": 2116.220599, "delta": 0.002889}}
{"target": -17.67708894094461, "params": {"gamma": 740.0154641302629, "log10_alpha": 0.5266225808179712, "log10_colsample_bytree": -0.16859802050580353, "log10_eta": -3.3908559550668715, "log10_lambda": -0.932334166672911, "log10_min_child_weight": 1.7093161001202006, "log10_subsample": -0.3883765517883204, "max_depth": 4.0, "num_boost_round": 10.0}, "datetime": {"datetime": "2024-01-19 00:46:48", "elapsed": 2116.223474, "delta": 0.002875}}
{"target": -17.677076751548938, "params": {"gamma": 740.0154641302629, "log10_alpha": 0.5266225808179712, "log10_colsample_bytree": -0.16859802050580353, "log10_eta": -3.3908559550668715, "log10_lambda": -0.932334166672911, "log10_min_child_weight": 1.7093161001202006, "log10_subsample": -0.3883765517883204, "max_depth": 4.0, "num_boost_round": 11.0}, "datetime": {"datetime": "2024-01-19 00:46:48", "elapsed": 2116.226319, "delta": 0.002845}}
{"target": -17.67706165777806, "params": {"gamma": 740.0154641302629, "log10_alpha": 0.5266225808179712, "log10_colsample_bytree": -0.16859802050580353, "log10_eta": -3.3908559550668715, "log10_lambda": -0.932334166672911, "log10_min_child_weight": 1.7093161001202006, "log10_subsample": -0.3883765517883204, "max_depth": 4.0, "num_boost_round": 12.0}, "datetime": {"datetime": "2024-01-19 00:46:48", "elapsed": 2116.229338, "delta": 0.003019}}
