{"target": -17.677139247357925, "params": {"gamma": 57.92490285203833, "log10_alpha": -4.343246931905765, "log10_colsample_bytree": -0.39054270930938595, "log10_eta": -3.945457124442053, "log10_lambda": -0.13709721516290596, "log10_min_child_weight": 1.8923812141763952, "log10_subsample": -0.2728053351039347, "max_depth": 2.0, "num_boost_round": 39.0}, "datetime": {"datetime": "2024-01-19 01:42:32", "elapsed": 5460.02021, "delta": 0.006518}}
{"target": -17.677136085298468, "params": {"gamma": 57.92490285203833, "log10_alpha": -4.343246931905765, "log10_colsample_bytree": -0.39054270930938595, "log10_eta": -3.945457124442053, "log10_lambda": -0.13709721516290596, "log10_min_child_weight": 1.8923812141763952, "log10_subsample": -0.2728053351039347, "max_depth": 2.0, "num_boost_round": 40.0}, "datetime": {"datetime": "2024-01-19 01:42:32", "elapsed": 5460.026802, "delta": 0.006592}}
{"target": -17.677134304441257, "params": {"gamma": 57.92490285203833, "log10_alpha": -4.343246931905765, "log10_colsample_bytree": -0.39054270930938595, "log10_eta": -3.945457124442053, "log10_lambda": -0.13709721516290596, "log10_min_child_weight": 1.8923812141763952, "log10_subsample": -0.2728053351039347, "max_depth": 2.0, "num_boost_round": 41.0}, "datetime": {"datetime": "2024-01-19 01:42:32", "elapsed": 5460.033406, "delta": 0.006604}}
{"target": -17.677131235267996, "params": {"gamma": 57.92490285203833, "log10_alpha": -4.343246931905765, "log10_colsample_bytree": -0.39054270930938595, "log10_eta": -3.945457124442053, "log10_lambda": -0.13709721516290596, "log10_min_child_weight": 1.8923812141763952, "log10_subsample": -0.2728053351039347, "max_depth": 2.0, "num_boost_round": 42.0}, "datetime": {"datetime": "2024-01-19 01:42:32", "elapsed": 5460.039924, "delta": 0.006518}}
{"target": -17.677129666694142, "params": {"gamma": 57.92490285203833, "log10_alpha": -4.343246931905765, "log10_colsample_bytree": -0.39054270930938595, "log10_eta": -3.945457124442053, "log10_lambda": -0.13709721516290596, "log10_min_child_weight": 1.8923812141763952, "log10_subsample": -0.2728053351039347, "max_depth": 2.0, "num_boost_round": 43.0}, "datetime": {"datetime": "2024-01-19 01:42:32", "elapsed": 5460.046617, "delta": 0.006693}}
{"target": -17.677126903869286, "params": {"gamma": 57.92490285203833, "log10_alpha": -4.343246931905765, "log10_colsample_bytree": -0.39054270930938595, "log10_eta": -3.945457124442053, "log10_lambda": -0.13709721516290596, "log10_min_child_weight": 1.8923812141763952, "log10_subsample": -0.2728053351039347, "max_depth": 2.0, "num_boost_round": 44.0}, "datetime": {"datetime": "2024-01-19 01:42:32", "elapsed": 5460.053462, "delta": 0.006845}}
{"target": -17.67712373684019, "params": {"gamma": 57.92490285203833, "log10_alpha": -4.343246931905765, "log10_colsample_bytree": -0.39054270930938595, "log10_eta": -3.945457124442053, "log10_lambda": -0.13709721516290596, "log10_min_child_weight": 1.8923812141763952, "log10_subsample": -0.2728053351039347, "max_depth": 2.0, "num_boost_round": 45.0}, "datetime": {"datetime": "2024-01-19 01:42:32", "elapsed": 5460.060228, "delta": 0.006766}}
{"target": -17.807138446602696, "params": {"gamma": 55.36966504377239, "log10_alpha": 1.0, "log10_colsample_bytree": 0.0, "log10_eta": -0.05647345431828729, "log10_lambda": 1.0, "log10_min_child_weight": 0.45150682805834275, "log10_subsample": -0.20156023181646762, "max_depth": 4.0, "num_boost_round": 0.0}, "datetime": {"datetime": "2024-01-19 01:44:06", "elapsed": 5553.955051, "delta": 93.894823}}
{"target": -17.870648981838723, "params": {"gamma": 55.36966504377239, "log10_alpha": 1.0, "log10_colsample_bytree": 0.0, "log10_eta": -0.05647345431828729, "log10_lambda": 1.0, "log10_min_child_weight": 0.45150682805834275, "log10_subsample": -0.20156023181646762, "max_depth": 4.0, "num_boost_round": 1.0}, "datetime": {"datetime": "2024-01-19 01:44:06", "elapsed": 5553.962084, "delta": 0.007033}}
{"target": -18.34402782203861, "params": {"gamma": 55.36966504377239, "log10_alpha": 1.0, "log10_colsample_bytree": 0.0, "log10_eta": -0.05647345431828729, "log10_lambda": 1.0, "log10_min_child_weight": 0.45150682805834275, "log10_subsample": -0.20156023181646762, "max_depth": 4.0, "num_boost_round": 2.0}, "datetime": {"datetime": "2024-01-19 01:44:06", "elapsed": 5553.968658, "delta": 0.006574}}
{"target": -18.419751496457717, "params": {"gamma": 55.36966504377239, "log10_alpha": 1.0, "log10_colsample_bytree": 0.0, "log10_eta": -0.05647345431828729, "log10_lambda": 1.0, "log10_min_child_weight": 0.45150682805834275, "log10_subsample": -0.20156023181646762, "max_depth": 4.0, "num_boost_round": 3.0}, "datetime": {"datetime": "2024-01-19 01:44:06", "elapsed": 5553.975086, "delta": 0.006428}}
{"target": -18.44366477018065, "params": {"gamma": 55.36966504377239, "log10_alpha": 1.0, "log10_colsample_bytree": 0.0, "log10_eta": -0.05647345431828729, "log10_lambda": 1.0, "log10_min_child_weight": 0.45150682805834275, "log10_subsample": -0.20156023181646762, "max_depth": 4.0, "num_boost_round": 4.0}, "datetime": {"datetime": "2024-01-19 01:44:06", "elapsed": 5553.981806, "delta": 0.00672}}
{"target": -18.668703974862144, "params": {"gamma": 55.36966504377239, "log10_alpha": 1.0, "log10_colsample_bytree": 0.0, "log10_eta": -0.05647345431828729, "log10_lambda": 1.0, "log10_min_child_weight": 0.45150682805834275, "log10_subsample": -0.20156023181646762, "max_depth": 4.0, "num_boost_round": 5.0}, "datetime": {"datetime": "2024-01-19 01:44:06", "elapsed": 5553.989178, "delta": 0.007372}}
{"target": -18.69977534719005, "params": {"gamma": 55.36966504377239, "log10_alpha": 1.0, "log10_colsample_bytree": 0.0, "log10_eta": -0.05647345431828729, "log10_lambda": 1.0, "log10_min_child_weight": 0.45150682805834275, "log10_subsample": -0.20156023181646762, "max_depth": 4.0, "num_boost_round": 6.0}, "datetime": {"datetime": "2024-01-19 01:44:06", "elapsed": 5553.99589, "delta": 0.006712}}
{"target": -18.746820462668833, "params": {"gamma": 55.36966504377239, "log10_alpha": 1.0, "log10_colsample_bytree": 0.0, "log10_eta": -0.05647345431828729, "log10_lambda": 1.0, "log10_min_child_weight": 0.45150682805834275, "log10_subsample": -0.20156023181646762, "max_depth": 4.0, "num_boost_round": 7.0}, "datetime": {"datetime": "2024-01-19 01:44:06", "elapsed": 5554.002414, "delta": 0.006524}}
{"target": -18.818319499667496, "params": {"gamma": 55.36966504377239, "log10_alpha": 1.0, "log10_colsample_bytree": 0.0, "log10_eta": -0.05647345431828729, "log10_lambda": 1.0, "log10_min_child_weight": 0.45150682805834275, "log10_subsample": -0.20156023181646762, "max_depth": 4.0, "num_boost_round": 8.0}, "datetime": {"datetime": "2024-01-19 01:44:06", "elapsed": 5554.00902, "delta": 0.006606}}
{"target": -18.853630209771932, "params": {"gamma": 55.36966504377239, "log10_alpha": 1.0, "log10_colsample_bytree": 0.0, "log10_eta": -0.05647345431828729, "log10_lambda": 1.0, "log10_min_child_weight": 0.45150682805834275, "log10_subsample": -0.20156023181646762, "max_depth": 4.0, "num_boost_round": 9.0}, "datetime": {"datetime": "2024-01-19 01:44:06", "elapsed": 5554.015619, "delta": 0.006599}}
{"target": -18.895043558699065, "params": {"gamma": 55.36966504377239, "log10_alpha": 1.0, "log10_colsample_bytree": 0.0, "log10_eta": -0.05647345431828729, "log10_lambda": 1.0, "log10_min_child_weight": 0.45150682805834275, "log10_subsample": -0.20156023181646762, "max_depth": 4.0, "num_boost_round": 10.0}, "datetime": {"datetime": "2024-01-19 01:44:06", "elapsed": 5554.022375, "delta": 0.006756}}
{"target": -18.944955755897738, "params": {"gamma": 55.36966504377239, "log10_alpha": 1.0, "log10_colsample_bytree": 0.0, "log10_eta": -0.05647345431828729, "log10_lambda": 1.0, "log10_min_child_weight": 0.45150682805834275, "log10_subsample": -0.20156023181646762, "max_depth": 4.0, "num_boost_round": 11.0}, "datetime": {"datetime": "2024-01-19 01:44:06", "elapsed": 5554.028993, "delta": 0.006618}}
{"target": -18.986516624276394, "params": {"gamma": 55.36966504377239, "log10_alpha": 1.0, "log10_colsample_bytree": 0.0, "log10_eta": -0.05647345431828729, "log10_lambda": 1.0, "log10_min_child_weight": 0.45150682805834275, "log10_subsample": -0.20156023181646762, "max_depth": 4.0, "num_boost_round": 12.0}, "datetime": {"datetime": "2024-01-19 01:44:06", "elapsed": 5554.035572, "delta": 0.006579}}
{"target": -19.037618612542882, "params": {"gamma": 55.36966504377239, "log10_alpha": 1.0, "log10_colsample_bytree": 0.0, "log10_eta": -0.05647345431828729, "log10_lambda": 1.0, "log10_min_child_weight": 0.45150682805834275, "log10_subsample": -0.20156023181646762, "max_depth": 4.0, "num_boost_round": 13.0}, "datetime": {"datetime": "2024-01-19 01:44:06", "elapsed": 5554.042198, "delta": 0.006626}}
{"target": -19.055938532754762, "params": {"gamma": 55.36966504377239, "log10_alpha": 1.0, "log10_colsample_bytree": 0.0, "log10_eta": -0.05647345431828729, "log10_lambda": 1.0, "log10_min_child_weight": 0.45150682805834275, "log10_subsample": -0.20156023181646762, "max_depth": 4.0, "num_boost_round": 14.0}, "datetime": {"datetime": "2024-01-19 01:44:06", "elapsed": 5554.048782, "delta": 0.006584}}
{"target": -19.072874251485413, "params": {"gamma": 55.36966504377239, "log10_alpha": 1.0, "log10_colsample_bytree": 0.0, "log10_eta": -0.05647345431828729, "log10_lambda": 1.0, "log10_min_child_weight": 0.45150682805834275, "log10_subsample": -0.20156023181646762, "max_depth": 4.0, "num_boost_round": 15.0}, "datetime": {"datetime": "2024-01-19 01:44:06", "elapsed": 5554.055365, "delta": 0.006583}}
{"target": -19.097439861302476, "params": {"gamma": 55.36966504377239, "log10_alpha": 1.0, "log10_colsample_bytree": 0.0, "log10_eta": -0.05647345431828729, "log10_lambda": 1.0, "log10_min_child_weight": 0.45150682805834275, "log10_subsample": -0.20156023181646762, "max_depth": 4.0, "num_boost_round": 16.0}, "datetime": {"datetime": "2024-01-19 01:44:06", "elapsed": 5554.06169, "delta": 0.006325}}
{"target": -19.107795085294804, "params": {"gamma": 55.36966504377239, "log10_alpha": 1.0, "log10_colsample_bytree": 0.0, "log10_eta": -0.05647345431828729, "log10_lambda": 1.0, "log10_min_child_weight": 0.45150682805834275, "log10_subsample": -0.20156023181646762, "max_depth": 4.0, "num_boost_round": 17.0}, "datetime": {"datetime": "2024-01-19 01:44:06", "elapsed": 5554.068083, "delta": 0.006393}}
{"target": -19.18406125788673, "params": {"gamma": 55.36966504377239, "log10_alpha": 1.0, "log10_colsample_bytree": 0.0, "log10_eta": -0.05647345431828729, "log10_lambda": 1.0, "log10_min_child_weight": 0.45150682805834275, "log10_subsample": -0.20156023181646762, "max_depth": 4.0, "num_boost_round": 18.0}, "datetime": {"datetime": "2024-01-19 01:44:06", "elapsed": 5554.202544, "delta": 0.134461}}
{"target": -19.209919080364884, "params": {"gamma": 55.36966504377239, "log10_alpha": 1.0, "log10_colsample_bytree": 0.0, "log10_eta": -0.05647345431828729, "log10_lambda": 1.0, "log10_min_child_weight": 0.45150682805834275, "log10_subsample": -0.20156023181646762, "max_depth": 4.0, "num_boost_round": 19.0}, "datetime": {"datetime": "2024-01-19 01:44:06", "elapsed": 5554.209757, "delta": 0.007213}}
{"target": -19.21656334383633, "params": {"gamma": 55.36966504377239, "log10_alpha": 1.0, "log10_colsample_bytree": 0.0, "log10_eta": -0.05647345431828729, "log10_lambda": 1.0, "log10_min_child_weight": 0.45150682805834275, "log10_subsample": -0.20156023181646762, "max_depth": 4.0, "num_boost_round": 20.0}, "datetime": {"datetime": "2024-01-19 01:44:06", "elapsed": 5554.216579, "delta": 0.006822}}
{"target": -19.21269094956169, "params": {"gamma": 55.36966504377239, "log10_alpha": 1.0, "log10_colsample_bytree": 0.0, "log10_eta": -0.05647345431828729, "log10_lambda": 1.0, "log10_min_child_weight": 0.45150682805834275, "log10_subsample": -0.20156023181646762, "max_depth": 4.0, "num_boost_round": 21.0}, "datetime": {"datetime": "2024-01-19 01:44:06", "elapsed": 5554.223341, "delta": 0.006762}}
{"target": -19.243925996329352, "params": {"gamma": 55.36966504377239, "log10_alpha": 1.0, "log10_colsample_bytree": 0.0, "log10_eta": -0.05647345431828729, "log10_lambda": 1.0, "log10_min_child_weight": 0.45150682805834275, "log10_subsample": -0.20156023181646762, "max_depth": 4.0, "num_boost_round": 22.0}, "datetime": {"datetime": "2024-01-19 01:44:06", "elapsed": 5554.230104, "delta": 0.006763}}
{"target": -19.264122580304544, "params": {"gamma": 55.36966504377239, "log10_alpha": 1.0, "log10_colsample_bytree": 0.0, "log10_eta": -0.05647345431828729, "log10_lambda": 1.0, "log10_min_child_weight": 0.45150682805834275, "log10_subsample": -0.20156023181646762, "max_depth": 4.0, "num_boost_round": 23.0}, "datetime": {"datetime": "2024-01-19 01:44:06", "elapsed": 5554.236755, "delta": 0.006651}}
{"target": -19.275090959186006, "params": {"gamma": 55.36966504377239, "log10_alpha": 1.0, "log10_colsample_bytree": 0.0, "log10_eta": -0.05647345431828729, "log10_lambda": 1.0, "log10_min_child_weight": 0.45150682805834275, "log10_subsample": -0.20156023181646762, "max_depth": 4.0, "num_boost_round": 24.0}, "datetime": {"datetime": "2024-01-19 01:44:06", "elapsed": 5554.243601, "delta": 0.006846}}
{"target": -19.290092504746667, "params": {"gamma": 55.36966504377239, "log10_alpha": 1.0, "log10_colsample_bytree": 0.0, "log10_eta": -0.05647345431828729, "log10_lambda": 1.0, "log10_min_child_weight": 0.45150682805834275, "log10_subsample": -0.20156023181646762, "max_depth": 4.0, "num_boost_round": 25.0}, "datetime": {"datetime": "2024-01-19 01:44:06", "elapsed": 5554.250332, "delta": 0.006731}}
{"target": -19.418245169616487, "params": {"gamma": 55.36966504377239, "log10_alpha": 1.0, "log10_colsample_bytree": 0.0, "log10_eta": -0.05647345431828729, "log10_lambda": 1.0, "log10_min_child_weight": 0.45150682805834275, "log10_subsample": -0.20156023181646762, "max_depth": 4.0, "num_boost_round": 26.0}, "datetime": {"datetime": "2024-01-19 01:44:06", "elapsed": 5554.256993, "delta": 0.006661}}
{"target": -19.487725930464364, "params": {"gamma": 55.36966504377239, "log10_alpha": 1.0, "log10_colsample_bytree": 0.0, "log10_eta": -0.05647345431828729, "log10_lambda": 1.0, "log10_min_child_weight": 0.45150682805834275, "log10_subsample": -0.20156023181646762, "max_depth": 4.0, "num_boost_round": 27.0}, "datetime": {"datetime": "2024-01-19 01:44:06", "elapsed": 5554.263618, "delta": 0.006625}}
{"target": -19.53191207304189, "params": {"gamma": 55.36966504377239, "log10_alpha": 1.0, "log10_colsample_bytree": 0.0, "log10_eta": -0.05647345431828729, "log10_lambda": 1.0, "log10_min_child_weight": 0.45150682805834275, "log10_subsample": -0.20156023181646762, "max_depth": 4.0, "num_boost_round": 28.0}, "datetime": {"datetime": "2024-01-19 01:44:06", "elapsed": 5554.270437, "delta": 0.006819}}
{"target": -19.56777782195389, "params": {"gamma": 55.36966504377239, "log10_alpha": 1.0, "log10_colsample_bytree": 0.0, "log10_eta": -0.05647345431828729, "log10_lambda": 1.0, "log10_min_child_weight": 0.45150682805834275, "log10_subsample": -0.20156023181646762, "max_depth": 4.0, "num_boost_round": 29.0}, "datetime": {"datetime": "2024-01-19 01:44:06", "elapsed": 5554.276889, "delta": 0.006452}}
{"target": -19.593197432304002, "params": {"gamma": 55.36966504377239, "log10_alpha": 1.0, "log10_colsample_bytree": 0.0, "log10_eta": -0.05647345431828729, "log10_lambda": 1.0, "log10_min_child_weight": 0.45150682805834275, "log10_subsample": -0.20156023181646762, "max_depth": 4.0, "num_boost_round": 30.0}, "datetime": {"datetime": "2024-01-19 01:44:06", "elapsed": 5554.283544, "delta": 0.006655}}
{"target": -19.58959711183908, "params": {"gamma": 55.36966504377239, "log10_alpha": 1.0, "log10_colsample_bytree": 0.0, "log10_eta": -0.05647345431828729, "log10_lambda": 1.0, "log10_min_child_weight": 0.45150682805834275, "log10_subsample": -0.20156023181646762, "max_depth": 4.0, "num_boost_round": 31.0}, "datetime": {"datetime": "2024-01-19 01:44:06", "elapsed": 5554.290206, "delta": 0.006662}}
{"target": -19.606038141229128, "params": {"gamma": 55.36966504377239, "log10_alpha": 1.0, "log10_colsample_bytree": 0.0, "log10_eta": -0.05647345431828729, "log10_lambda": 1.0, "log10_min_child_weight": 0.45150682805834275, "log10_subsample": -0.20156023181646762, "max_depth": 4.0, "num_boost_round": 32.0}, "datetime": {"datetime": "2024-01-19 01:44:06", "elapsed": 5554.298264, "delta": 0.008058}}
{"target": -19.622956107003755, "params": {"gamma": 55.36966504377239, "log10_alpha": 1.0, "log10_colsample_bytree": 0.0, "log10_eta": -0.05647345431828729, "log10_lambda": 1.0, "log10_min_child_weight": 0.45150682805834275, "log10_subsample": -0.20156023181646762, "max_depth": 4.0, "num_boost_round": 33.0}, "datetime": {"datetime": "2024-01-19 01:44:06", "elapsed": 5554.305148, "delta": 0.006884}}
{"target": -19.617792913299215, "params": {"gamma": 55.36966504377239, "log10_alpha": 1.0, "log10_colsample_bytree": 0.0, "log10_eta": -0.05647345431828729, "log10_lambda": 1.0, "log10_min_child_weight": 0.45150682805834275, "log10_subsample": -0.20156023181646762, "max_depth": 4.0, "num_boost_round": 34.0}, "datetime": {"datetime": "2024-01-19 01:44:06", "elapsed": 5554.31179, "delta": 0.006642}}
{"target": -19.629019076253805, "params": {"gamma": 55.36966504377239, "log10_alpha": 1.0, "log10_colsample_bytree": 0.0, "log10_eta": -0.05647345431828729, "log10_lambda": 1.0, "log10_min_child_weight": 0.45150682805834275, "log10_subsample": -0.20156023181646762, "max_depth": 4.0, "num_boost_round": 35.0}, "datetime": {"datetime": "2024-01-19 01:44:06", "elapsed": 5554.31833, "delta": 0.00654}}
{"target": -19.685042075998645, "params": {"gamma": 55.36966504377239, "log10_alpha": 1.0, "log10_colsample_bytree": 0.0, "log10_eta": -0.05647345431828729, "log10_lambda": 1.0, "log10_min_child_weight": 0.45150682805834275, "log10_subsample": -0.20156023181646762, "max_depth": 4.0, "num_boost_round": 36.0}, "datetime": {"datetime": "2024-01-19 01:44:06", "elapsed": 5554.324983, "delta": 0.006653}}
{"target": -19.696456895556988, "params": {"gamma": 55.36966504377239, "log10_alpha": 1.0, "log10_colsample_bytree": 0.0, "log10_eta": -0.05647345431828729, "log10_lambda": 1.0, "log10_min_child_weight": 0.45150682805834275, "log10_subsample": -0.20156023181646762, "max_depth": 4.0, "num_boost_round": 37.0}, "datetime": {"datetime": "2024-01-19 01:44:06", "elapsed": 5554.331502, "delta": 0.006519}}
{"target": -19.723711863551685, "params": {"gamma": 55.36966504377239, "log10_alpha": 1.0, "log10_colsample_bytree": 0.0, "log10_eta": -0.05647345431828729, "log10_lambda": 1.0, "log10_min_child_weight": 0.45150682805834275, "log10_subsample": -0.20156023181646762, "max_depth": 4.0, "num_boost_round": 38.0}, "datetime": {"datetime": "2024-01-19 01:44:06", "elapsed": 5554.338289, "delta": 0.006787}}
{"target": -19.72563258006848, "params": {"gamma": 55.36966504377239, "log10_alpha": 1.0, "log10_colsample_bytree": 0.0, "log10_eta": -0.05647345431828729, "log10_lambda": 1.0, "log10_min_child_weight": 0.45150682805834275, "log10_subsample": -0.20156023181646762, "max_depth": 4.0, "num_boost_round": 39.0}, "datetime": {"datetime": "2024-01-19 01:44:07", "elapsed": 5554.345015, "delta": 0.006726}}
{"target": -17.67722851195484, "params": {"gamma": 58.22399475389473, "log10_alpha": -1.9975705690033778, "log10_colsample_bytree": -0.4945524053949879, "log10_eta": -3.793535587882138, "log10_lambda": -3.5952242283344864, "log10_min_child_weight": 3.694711180901356, "log10_subsample": -0.18310654676173, "max_depth": 4.0, "num_boost_round": 0.0}, "datetime": {"datetime": "2024-01-19 01:46:11", "elapsed": 5678.990347, "delta": 124.645332}}
{"target": -17.67722663910654, "params": {"gamma": 58.22399475389473, "log10_alpha": -1.9975705690033778, "log10_colsample_bytree": -0.4945524053949879, "log10_eta": -3.793535587882138, "log10_lambda": -3.5952242283344864, "log10_min_child_weight": 3.694711180901356, "log10_subsample": -0.18310654676173, "max_depth": 4.0, "num_boost_round": 1.0}, "datetime": {"datetime": "2024-01-19 01:46:11", "elapsed": 5678.997558, "delta": 0.007211}}
{"target": -17.677222464923588, "params": {"gamma": 58.22399475389473, "log10_alpha": -1.9975705690033778, "log10_colsample_bytree": -0.4945524053949879, "log10_eta": -3.793535587882138, "log10_lambda": -3.5952242283344864, "log10_min_child_weight": 3.694711180901356, "log10_subsample": -0.18310654676173, "max_depth": 4.0, "num_boost_round": 2.0}, "datetime": {"datetime": "2024-01-19 01:46:11", "elapsed": 5679.003998, "delta": 0.00644}}
{"target": -17.67722267796481, "params": {"gamma": 58.22399475389473, "log10_alpha": -1.9975705690033778, "log10_colsample_bytree": -0.4945524053949879, "log10_eta": -3.793535587882138, "log10_lambda": -3.5952242283344864, "log10_min_child_weight": 3.694711180901356, "log10_subsample": -0.18310654676173, "max_depth": 4.0, "num_boost_round": 3.0}, "datetime": {"datetime": "2024-01-19 01:46:11", "elapsed": 5679.010404, "delta": 0.006406}}
{"target": -17.677219439010692, "params": {"gamma": 58.22399475389473, "log10_alpha": -1.9975705690033778, "log10_colsample_bytree": -0.4945524053949879, "log10_eta": -3.793535587882138, "log10_lambda": -3.5952242283344864, "log10_min_child_weight": 3.694711180901356, "log10_subsample": -0.18310654676173, "max_depth": 4.0, "num_boost_round": 4.0}, "datetime": {"datetime": "2024-01-19 01:46:11", "elapsed": 5679.016774, "delta": 0.00637}}
{"target": -17.677216263082617, "params": {"gamma": 58.22399475389473, "log10_alpha": -1.9975705690033778, "log10_colsample_bytree": -0.4945524053949879, "log10_eta": -3.793535587882138, "log10_lambda": -3.5952242283344864, "log10_min_child_weight": 3.694711180901356, "log10_subsample": -0.18310654676173, "max_depth": 4.0, "num_boost_round": 5.0}, "datetime": {"datetime": "2024-01-19 01:46:11", "elapsed": 5679.022999, "delta": 0.006225}}
