{"target": -17.677179240898486, "params": {"gamma": 408.3313181587311, "log10_alpha": -0.4323140500565294, "log10_colsample_bytree": -1.0, "log10_eta": -4.0, "log10_lambda": -5.0, "log10_min_child_weight": 0.0, "log10_subsample": -1.0, "max_depth": 10.0, "num_boost_round": 21.0}, "datetime": {"datetime": "2024-01-19 01:08:26", "elapsed": 3396.165024, "delta": 0.004135}}
{"target": -17.67717111609913, "params": {"gamma": 408.3313181587311, "log10_alpha": -0.4323140500565294, "log10_colsample_bytree": -1.0, "log10_eta": -4.0, "log10_lambda": -5.0, "log10_min_child_weight": 0.0, "log10_subsample": -1.0, "max_depth": 10.0, "num_boost_round": 22.0}, "datetime": {"datetime": "2024-01-19 01:08:26", "elapsed": 3396.169064, "delta": 0.00404}}
{"target": -17.677166053843443, "params": {"gamma": 408.3313181587311, "log10_alpha": -0.4323140500565294, "log10_colsample_bytree": -1.0, "log10_eta": -4.0, "log10_lambda": -5.0, "log10_min_child_weight": 0.0, "log10_subsample": -1.0, "max_depth": 10.0, "num_boost_round": 23.0}, "datetime": {"datetime": "2024-01-19 01:08:26", "elapsed": 3396.173066, "delta": 0.004002}}
{"target": -17.677165017501196, "params": {"gamma": 408.3313181587311, "log10_alpha": -0.4323140500565294, "log10_colsample_bytree": -1.0, "log10_eta": -4.0, "log10_lambda": -5.0, "log10_min_child_weight": 0.0, "log10_subsample": -1.0, "max_depth": 10.0, "num_boost_round": 24.0}, "datetime": {"datetime": "2024-01-19 01:08:26", "elapsed": 3396.177086, "delta": 0.00402}}
{"target": -17.677162688944883, "params": {"gamma": 408.3313181587311, "log10_alpha": -0.4323140500565294, "log10_colsample_bytree": -1.0, "log10_eta": -4.0, "log10_lambda": -5.0, "log10_min_child_weight": 0.0, "log10_subsample": -1.0, "max_depth": 10.0, "num_boost_round": 25.0}, "datetime": {"datetime": "2024-01-19 01:08:26", "elapsed": 3396.181137, "delta": 0.004051}}
{"target": -17.677167103102168, "params": {"gamma": 408.3313181587311, "log10_alpha": -0.4323140500565294, "log10_colsample_bytree": -1.0, "log10_eta": -4.0, "log10_lambda": -5.0, "log10_min_child_weight": 0.0, "log10_subsample": -1.0, "max_depth": 10.0, "num_boost_round": 26.0}, "datetime": {"datetime": "2024-01-19 01:08:26", "elapsed": 3396.185205, "delta": 0.004068}}
{"target": -17.67715624608047, "params": {"gamma": 408.3313181587311, "log10_alpha": -0.4323140500565294, "log10_colsample_bytree": -1.0, "log10_eta": -4.0, "log10_lambda": -5.0, "log10_min_child_weight": 0.0, "log10_subsample": -1.0, "max_depth": 10.0, "num_boost_round": 27.0}, "datetime": {"datetime": "2024-01-19 01:08:26", "elapsed": 3396.1892, "delta": 0.003995}}
{"target": -17.67714844277279, "params": {"gamma": 408.3313181587311, "log10_alpha": -0.4323140500565294, "log10_colsample_bytree": -1.0, "log10_eta": -4.0, "log10_lambda": -5.0, "log10_min_child_weight": 0.0, "log10_subsample": -1.0, "max_depth": 10.0, "num_boost_round": 28.0}, "datetime": {"datetime": "2024-01-19 01:08:26", "elapsed": 3396.193279, "delta": 0.004079}}
{"target": -17.677141499067243, "params": {"gamma": 408.3313181587311, "log10_alpha": -0.4323140500565294, "log10_colsample_bytree": -1.0, "log10_eta": -4.0, "log10_lambda": -5.0, "log10_min_child_weight": 0.0, "log10_subsample": -1.0, "max_depth": 10.0, "num_boost_round": 29.0}, "datetime": {"datetime": "2024-01-19 01:08:26", "elapsed": 3396.197341, "delta": 0.004062}}
{"target": -17.67714063127262, "params": {"gamma": 408.3313181587311, "log10_alpha": -0.4323140500565294, "log10_colsample_bytree": -1.0, "log10_eta": -4.0, "log10_lambda": -5.0, "log10_min_child_weight": 0.0, "log10_subsample": -1.0, "max_depth": 10.0, "num_boost_round": 30.0}, "datetime": {"datetime": "2024-01-19 01:08:26", "elapsed": 3396.201408, "delta": 0.004067}}
{"target": -17.67713525387232, "params": {"gamma": 408.3313181587311, "log10_alpha": -0.4323140500565294, "log10_colsample_bytree": -1.0, "log10_eta": -4.0, "log10_lambda": -5.0, "log10_min_child_weight": 0.0, "log10_subsample": -1.0, "max_depth": 10.0, "num_boost_round": 31.0}, "datetime": {"datetime": "2024-01-19 01:08:26", "elapsed": 3396.205451, "delta": 0.004043}}
{"target": -17.677133820152335, "params": {"gamma": 408.3313181587311, "log10_alpha": -0.4323140500565294, "log10_colsample_bytree": -1.0, "log10_eta": -4.0, "log10_lambda": -5.0, "log10_min_child_weight": 0.0, "log10_subsample": -1.0, "max_depth": 10.0, "num_boost_round": 32.0}, "datetime": {"datetime": "2024-01-19 01:08:26", "elapsed": 3396.209493, "delta": 0.004042}}
{"target": -17.677129938321173, "params": {"gamma": 408.3313181587311, "log10_alpha": -0.4323140500565294, "log10_colsample_bytree": -1.0, "log10_eta": -4.0, "log10_lambda": -5.0, "log10_min_child_weight": 0.0, "log10_subsample": -1.0, "max_depth": 10.0, "num_boost_round": 33.0}, "datetime": {"datetime": "2024-01-19 01:08:26", "elapsed": 3396.213568, "delta": 0.004075}}
{"target": -17.677119452736516, "params": {"gamma": 408.3313181587311, "log10_alpha": -0.4323140500565294, "log10_colsample_bytree": -1.0, "log10_eta": -4.0, "log10_lambda": -5.0, "log10_min_child_weight": 0.0, "log10_subsample": -1.0, "max_depth": 10.0, "num_boost_round": 34.0}, "datetime": {"datetime": "2024-01-19 01:08:26", "elapsed": 3396.217587, "delta": 0.004019}}
{"target": -17.677114161509266, "params": {"gamma": 408.3313181587311, "log10_alpha": -0.4323140500565294, "log10_colsample_bytree": -1.0, "log10_eta": -4.0, "log10_lambda": -5.0, "log10_min_child_weight": 0.0, "log10_subsample": -1.0, "max_depth": 10.0, "num_boost_round": 35.0}, "datetime": {"datetime": "2024-01-19 01:08:26", "elapsed": 3396.221683, "delta": 0.004096}}
{"target": -17.677120616972786, "params": {"gamma": 408.3313181587311, "log10_alpha": -0.4323140500565294, "log10_colsample_bytree": -1.0, "log10_eta": -4.0, "log10_lambda": -5.0, "log10_min_child_weight": 0.0, "log10_subsample": -1.0, "max_depth": 10.0, "num_boost_round": 36.0}, "datetime": {"datetime": "2024-01-19 01:08:26", "elapsed": 3396.225713, "delta": 0.00403}}
{"target": -17.6771167373265, "params": {"gamma": 408.3313181587311, "log10_alpha": -0.4323140500565294, "log10_colsample_bytree": -1.0, "log10_eta": -4.0, "log10_lambda": -5.0, "log10_min_child_weight": 0.0, "log10_subsample": -1.0, "max_depth": 10.0, "num_boost_round": 37.0}, "datetime": {"datetime": "2024-01-19 01:08:26", "elapsed": 3396.229732, "delta": 0.004019}}
{"target": -17.67711758793721, "params": {"gamma": 408.3313181587311, "log10_alpha": -0.4323140500565294, "log10_colsample_bytree": -1.0, "log10_eta": -4.0, "log10_lambda": -5.0, "log10_min_child_weight": 0.0, "log10_subsample": -1.0, "max_depth": 10.0, "num_boost_round": 38.0}, "datetime": {"datetime": "2024-01-19 01:08:26", "elapsed": 3396.233815, "delta": 0.004083}}
{"target": -17.677113572354138, "params": {"gamma": 408.3313181587311, "log10_alpha": -0.4323140500565294, "log10_colsample_bytree": -1.0, "log10_eta": -4.0, "log10_lambda": -5.0, "log10_min_child_weight": 0.0, "log10_subsample": -1.0, "max_depth": 10.0, "num_boost_round": 39.0}, "datetime": {"datetime": "2024-01-19 01:08:26", "elapsed": 3396.237823, "delta": 0.004008}}
{"target": -17.677109191014118, "params": {"gamma": 408.3313181587311, "log10_alpha": -0.4323140500565294, "log10_colsample_bytree": -1.0, "log10_eta": -4.0, "log10_lambda": -5.0, "log10_min_child_weight": 0.0, "log10_subsample": -1.0, "max_depth": 10.0, "num_boost_round": 40.0}, "datetime": {"datetime": "2024-01-19 01:08:26", "elapsed": 3396.241984, "delta": 0.004161}}
{"target": -17.677107885671283, "params": {"gamma": 408.3313181587311, "log10_alpha": -0.4323140500565294, "log10_colsample_bytree": -1.0, "log10_eta": -4.0, "log10_lambda": -5.0, "log10_min_child_weight": 0.0, "log10_subsample": -1.0, "max_depth": 10.0, "num_boost_round": 41.0}, "datetime": {"datetime": "2024-01-19 01:08:26", "elapsed": 3396.246141, "delta": 0.004157}}
{"target": -17.6771065823065, "params": {"gamma": 408.3313181587311, "log10_alpha": -0.4323140500565294, "log10_colsample_bytree": -1.0, "log10_eta": -4.0, "log10_lambda": -5.0, "log10_min_child_weight": 0.0, "log10_subsample": -1.0, "max_depth": 10.0, "num_boost_round": 42.0}, "datetime": {"datetime": "2024-01-19 01:08:26", "elapsed": 3396.250419, "delta": 0.004278}}
{"target": -17.67710218934605, "params": {"gamma": 408.3313181587311, "log10_alpha": -0.4323140500565294, "log10_colsample_bytree": -1.0, "log10_eta": -4.0, "log10_lambda": -5.0, "log10_min_child_weight": 0.0, "log10_subsample": -1.0, "max_depth": 10.0, "num_boost_round": 43.0}, "datetime": {"datetime": "2024-01-19 01:08:26", "elapsed": 3396.25452, "delta": 0.004101}}
{"target": -17.677100612532858, "params": {"gamma": 408.3313181587311, "log10_alpha": -0.4323140500565294, "log10_colsample_bytree": -1.0, "log10_eta": -4.0, "log10_lambda": -5.0, "log10_min_child_weight": 0.0, "log10_subsample": -1.0, "max_depth": 10.0, "num_boost_round": 44.0}, "datetime": {"datetime": "2024-01-19 01:08:26", "elapsed": 3396.258621, "delta": 0.004101}}
{"target": -17.677097147542852, "params": {"gamma": 408.3313181587311, "log10_alpha": -0.4323140500565294, "log10_colsample_bytree": -1.0, "log10_eta": -4.0, "log10_lambda": -5.0, "log10_min_child_weight": 0.0, "log10_subsample": -1.0, "max_depth": 10.0, "num_boost_round": 45.0}, "datetime": {"datetime": "2024-01-19 01:08:26", "elapsed": 3396.262741, "delta": 0.00412}}
{"target": -17.677102083353752, "params": {"gamma": 408.3313181587311, "log10_alpha": -0.4323140500565294, "log10_colsample_bytree": -1.0, "log10_eta": -4.0, "log10_lambda": -5.0, "log10_min_child_weight": 0.0, "log10_subsample": -1.0, "max_depth": 10.0, "num_boost_round": 46.0}, "datetime": {"datetime": "2024-01-19 01:08:26", "elapsed": 3396.266836, "delta": 0.004095}}
{"target": -17.67709522263411, "params": {"gamma": 408.3313181587311, "log10_alpha": -0.4323140500565294, "log10_colsample_bytree": -1.0, "log10_eta": -4.0, "log10_lambda": -5.0, "log10_min_child_weight": 0.0, "log10_subsample": -1.0, "max_depth": 10.0, "num_boost_round": 47.0}, "datetime": {"datetime": "2024-01-19 01:08:26", "elapsed": 3396.270966, "delta": 0.00413}}
{"target": -17.677089630487657, "params": {"gamma": 408.3313181587311, "log10_alpha": -0.4323140500565294, "log10_colsample_bytree": -1.0, "log10_eta": -4.0, "log10_lambda": -5.0, "log10_min_child_weight": 0.0, "log10_subsample": -1.0, "max_depth": 10.0, "num_boost_round": 48.0}, "datetime": {"datetime": "2024-01-19 01:08:26", "elapsed": 3396.274989, "delta": 0.004023}}
{"target": -17.677093385976285, "params": {"gamma": 408.3313181587311, "log10_alpha": -0.4323140500565294, "log10_colsample_bytree": -1.0, "log10_eta": -4.0, "log10_lambda": -5.0, "log10_min_child_weight": 0.0, "log10_subsample": -1.0, "max_depth": 10.0, "num_boost_round": 49.0}, "datetime": {"datetime": "2024-01-19 01:08:26", "elapsed": 3396.278999, "delta": 0.00401}}
{"target": -17.677098897474796, "params": {"gamma": 408.3313181587311, "log10_alpha": -0.4323140500565294, "log10_colsample_bytree": -1.0, "log10_eta": -4.0, "log10_lambda": -5.0, "log10_min_child_weight": 0.0, "log10_subsample": -1.0, "max_depth": 10.0, "num_boost_round": 50.0}, "datetime": {"datetime": "2024-01-19 01:08:26", "elapsed": 3396.283188, "delta": 0.004189}}
{"target": -17.67710693482881, "params": {"gamma": 408.3313181587311, "log10_alpha": -0.4323140500565294, "log10_colsample_bytree": -1.0, "log10_eta": -4.0, "log10_lambda": -5.0, "log10_min_child_weight": 0.0, "log10_subsample": -1.0, "max_depth": 10.0, "num_boost_round": 51.0}, "datetime": {"datetime": "2024-01-19 01:08:26", "elapsed": 3396.287263, "delta": 0.004075}}
{"target": -17.6771086428136, "params": {"gamma": 408.3313181587311, "log10_alpha": -0.4323140500565294, "log10_colsample_bytree": -1.0, "log10_eta": -4.0, "log10_lambda": -5.0, "log10_min_child_weight": 0.0, "log10_subsample": -1.0, "max_depth": 10.0, "num_boost_round": 52.0}, "datetime": {"datetime": "2024-01-19 01:08:26", "elapsed": 3396.291397, "delta": 0.004134}}
{"target": -17.677103825431818, "params": {"gamma": 408.3313181587311, "log10_alpha": -0.4323140500565294, "log10_colsample_bytree": -1.0, "log10_eta": -4.0, "log10_lambda": -5.0, "log10_min_child_weight": 0.0, "log10_subsample": -1.0, "max_depth": 10.0, "num_boost_round": 53.0}, "datetime": {"datetime": "2024-01-19 01:08:26", "elapsed": 3396.29545, "delta": 0.004053}}
{"target": -17.677106609700882, "params": {"gamma": 408.3313181587311, "log10_alpha": -0.4323140500565294, "log10_colsample_bytree": -1.0, "log10_eta": -4.0, "log10_lambda": -5.0, "log10_min_child_weight": 0.0, "log10_subsample": -1.0, "max_depth": 10.0, "num_boost_round": 54.0}, "datetime": {"datetime": "2024-01-19 01:08:26", "elapsed": 3396.299483, "delta": 0.004033}}
{"target": -17.67710732521086, "params": {"gamma": 408.3313181587311, "log10_alpha": -0.4323140500565294, "log10_colsample_bytree": -1.0, "log10_eta": -4.0, "log10_lambda": -5.0, "log10_min_child_weight": 0.0, "log10_subsample": -1.0, "max_depth": 10.0, "num_boost_round": 55.0}, "datetime": {"datetime": "2024-01-19 01:08:26", "elapsed": 3396.303615, "delta": 0.004132}}
{"target": -17.677110627646755, "params": {"gamma": 408.3313181587311, "log10_alpha": -0.4323140500565294, "log10_colsample_bytree": -1.0, "log10_eta": -4.0, "log10_lambda": -5.0, "log10_min_child_weight": 0.0, "log10_subsample": -1.0, "max_depth": 10.0, "num_boost_round": 56.0}, "datetime": {"datetime": "2024-01-19 01:08:26", "elapsed": 3396.307704, "delta": 0.004089}}
{"target": -17.677115423595467, "params": {"gamma": 408.3313181587311, "log10_alpha": -0.4323140500565294, "log10_colsample_bytree": -1.0, "log10_eta": -4.0, "log10_lambda": -5.0, "log10_min_child_weight": 0.0, "log10_subsample": -1.0, "max_depth": 10.0, "num_boost_round": 57.0}, "datetime": {"datetime": "2024-01-19 01:08:26", "elapsed": 3396.311756, "delta": 0.004052}}
{"target": -17.677106107142436, "params": {"gamma": 408.3313181587311, "log10_alpha": -0.4323140500565294, "log10_colsample_bytree": -1.0, "log10_eta": -4.0, "log10_lambda": -5.0, "log10_min_child_weight": 0.0, "log10_subsample": -1.0, "max_depth": 10.0, "num_boost_round": 58.0}, "datetime": {"datetime": "2024-01-19 01:08:26", "elapsed": 3396.315817, "delta": 0.004061}}
{"target": -17.677096019984898, "params": {"gamma": 408.3313181587311, "log10_alpha": -0.4323140500565294, "log10_colsample_bytree": -1.0, "log10_eta": -4.0, "log10_lambda": -5.0, "log10_min_child_weight": 0.0, "log10_subsample": -1.0, "max_depth": 10.0, "num_boost_round": 59.0}, "datetime": {"datetime": "2024-01-19 01:08:26", "elapsed": 3396.319902, "delta": 0.004085}}
{"target": -17.67709633850507, "params": {"gamma": 408.3313181587311, "log10_alpha": -0.4323140500565294, "log10_colsample_bytree": -1.0, "log10_eta": -4.0, "log10_lambda": -5.0, "log10_min_child_weight": 0.0, "log10_subsample": -1.0, "max_depth": 10.0, "num_boost_round": 60.0}, "datetime": {"datetime": "2024-01-19 01:08:26", "elapsed": 3396.324054, "delta": 0.004152}}
{"target": -17.677088340953055, "params": {"gamma": 408.3313181587311, "log10_alpha": -0.4323140500565294, "log10_colsample_bytree": -1.0, "log10_eta": -4.0, "log10_lambda": -5.0, "log10_min_child_weight": 0.0, "log10_subsample": -1.0, "max_depth": 10.0, "num_boost_round": 61.0}, "datetime": {"datetime": "2024-01-19 01:08:26", "elapsed": 3396.328096, "delta": 0.004042}}
{"target": -17.677086228794742, "params": {"gamma": 408.3313181587311, "log10_alpha": -0.4323140500565294, "log10_colsample_bytree": -1.0, "log10_eta": -4.0, "log10_lambda": -5.0, "log10_min_child_weight": 0.0, "log10_subsample": -1.0, "max_depth": 10.0, "num_boost_round": 62.0}, "datetime": {"datetime": "2024-01-19 01:08:26", "elapsed": 3396.332986, "delta": 0.00489}}
{"target": -17.677074300845284, "params": {"gamma": 408.3313181587311, "log10_alpha": -0.4323140500565294, "log10_colsample_bytree": -1.0, "log10_eta": -4.0, "log10_lambda": -5.0, "log10_min_child_weight": 0.0, "log10_subsample": -1.0, "max_depth": 10.0, "num_boost_round": 63.0}, "datetime": {"datetime": "2024-01-19 01:08:26", "elapsed": 3396.337735, "delta": 0.004749}}
{"target": -17.67707434389946, "params": {"gamma": 408.3313181587311, "log10_alpha": -0.4323140500565294, "log10_colsample_bytree": -1.0, "log10_eta": -4.0, "log10_lambda": -5.0, "log10_min_child_weight": 0.0, "log10_subsample": -1.0, "max_depth": 10.0, "num_boost_round": 64.0}, "datetime": {"datetime": "2024-01-19 01:08:26", "elapsed": 3396.342031, "delta": 0.004296}}
{"target": -17.677069240153052, "params": {"gamma": 408.3313181587311, "log10_alpha": -0.4323140500565294, "log10_colsample_bytree": -1.0, "log10_eta": -4.0, "log10_lambda": -5.0, "log10_min_child_weight": 0.0, "log10_subsample": -1.0, "max_depth": 10.0, "num_boost_round": 65.0}, "datetime": {"datetime": "2024-01-19 01:08:26", "elapsed": 3396.346374, "delta": 0.004343}}
{"target": -17.67706924705978, "params": {"gamma": 408.3313181587311, "log10_alpha": -0.4323140500565294, "log10_colsample_bytree": -1.0, "log10_eta": -4.0, "log10_lambda": -5.0, "log10_min_child_weight": 0.0, "log10_subsample": -1.0, "max_depth": 10.0, "num_boost_round": 66.0}, "datetime": {"datetime": "2024-01-19 01:08:26", "elapsed": 3396.350639, "delta": 0.004265}}
{"target": -17.677062126577034, "params": {"gamma": 408.3313181587311, "log10_alpha": -0.4323140500565294, "log10_colsample_bytree": -1.0, "log10_eta": -4.0, "log10_lambda": -5.0, "log10_min_child_weight": 0.0, "log10_subsample": -1.0, "max_depth": 10.0, "num_boost_round": 67.0}, "datetime": {"datetime": "2024-01-19 01:08:26", "elapsed": 3396.3548, "delta": 0.004161}}
{"target": -17.677059487424174, "params": {"gamma": 408.3313181587311, "log10_alpha": -0.4323140500565294, "log10_colsample_bytree": -1.0, "log10_eta": -4.0, "log10_lambda": -5.0, "log10_min_child_weight": 0.0, "log10_subsample": -1.0, "max_depth": 10.0, "num_boost_round": 68.0}, "datetime": {"datetime": "2024-01-19 01:08:26", "elapsed": 3396.358949, "delta": 0.004149}}
{"target": -17.67705582452013, "params": {"gamma": 408.3313181587311, "log10_alpha": -0.4323140500565294, "log10_colsample_bytree": -1.0, "log10_eta": -4.0, "log10_lambda": -5.0, "log10_min_child_weight": 0.0, "log10_subsample": -1.0, "max_depth": 10.0, "num_boost_round": 69.0}, "datetime": {"datetime": "2024-01-19 01:08:26", "elapsed": 3396.362978, "delta": 0.004029}}
{"target": -17.677057986932507, "params": {"gamma": 408.3313181587311, "log10_alpha": -0.4323140500565294, "log10_colsample_bytree": -1.0, "log10_eta": -4.0, "log10_lambda": -5.0, "log10_min_child_weight": 0.0, "log10_subsample": -1.0, "max_depth": 10.0, "num_boost_round": 70.0}, "datetime": {"datetime": "2024-01-19 01:08:26", "elapsed": 3396.367056, "delta": 0.004078}}
{"target": -17.677052221008964, "params": {"gamma": 408.3313181587311, "log10_alpha": -0.4323140500565294, "log10_colsample_bytree": -1.0, "log10_eta": -4.0, "log10_lambda": -5.0, "log10_min_child_weight": 0.0, "log10_subsample": -1.0, "max_depth": 10.0, "num_boost_round": 71.0}, "datetime": {"datetime": "2024-01-19 01:08:26", "elapsed": 3396.371182, "delta": 0.004126}}
{"target": -17.677040931505363, "params": {"gamma": 408.3313181587311, "log10_alpha": -0.4323140500565294, "log10_colsample_bytree": -1.0, "log10_eta": -4.0, "log10_lambda": -5.0, "log10_min_child_weight": 0.0, "log10_subsample": -1.0, "max_depth": 10.0, "num_boost_round": 72.0}, "datetime": {"datetime": "2024-01-19 01:08:26", "elapsed": 3396.375355, "delta": 0.004173}}
{"target": -17.67703840873949, "params": {"gamma": 408.3313181587311, "log10_alpha": -0.4323140500565294, "log10_colsample_bytree": -1.0, "log10_eta": -4.0, "log10_lambda": -5.0, "log10_min_child_weight": 0.0, "log10_subsample": -1.0, "max_depth": 10.0, "num_boost_round": 73.0}, "datetime": {"datetime": "2024-01-19 01:08:26", "elapsed": 3396.379546, "delta": 0.004191}}
{"target": -17.67703710800493, "params": {"gamma": 408.3313181587311, "log10_alpha": -0.4323140500565294, "log10_colsample_bytree": -1.0, "log10_eta": -4.0, "log10_lambda": -5.0, "log10_min_child_weight": 0.0, "log10_subsample": -1.0, "max_depth": 10.0, "num_boost_round": 74.0}, "datetime": {"datetime": "2024-01-19 01:08:26", "elapsed": 3396.38378, "delta": 0.004234}}
{"target": -17.677041696883734, "params": {"gamma": 408.3313181587311, "log10_alpha": -0.4323140500565294, "log10_colsample_bytree": -1.0, "log10_eta": -4.0, "log10_lambda": -5.0, "log10_min_child_weight": 0.0, "log10_subsample": -1.0, "max_depth": 10.0, "num_boost_round": 75.0}, "datetime": {"datetime": "2024-01-19 01:08:26", "elapsed": 3396.387913, "delta": 0.004133}}
{"target": -17.67722434759099, "params": {"gamma": 393.99185108251277, "log10_alpha": -0.5176779912599994, "log10_colsample_bytree": -0.6486350721350731, "log10_eta": -3.5072902574861287, "log10_lambda": -2.866217405805969, "log10_min_child_weight": 3.2874289378172286, "log10_subsample": -0.2867915331287384, "max_depth": 2.0, "num_boost_round": 0.0}, "datetime": {"datetime": "2024-01-19 01:09:01", "elapsed": 3431.599492, "delta": 35.211579}}
{"target": -17.677217922197812, "params": {"gamma": 393.99185108251277, "log10_alpha": -0.5176779912599994, "log10_colsample_bytree": -0.6486350721350731, "log10_eta": -3.5072902574861287, "log10_lambda": -2.866217405805969, "log10_min_child_weight": 3.2874289378172286, "log10_subsample": -0.2867915331287384, "max_depth": 2.0, "num_boost_round": 1.0}, "datetime": {"datetime": "2024-01-19 01:09:01", "elapsed": 3431.603982, "delta": 0.00449}}
{"target": -17.677210175281246, "params": {"gamma": 393.99185108251277, "log10_alpha": -0.5176779912599994, "log10_colsample_bytree": -0.6486350721350731, "log10_eta": -3.5072902574861287, "log10_lambda": -2.866217405805969, "log10_min_child_weight": 3.2874289378172286, "log10_subsample": -0.2867915331287384, "max_depth": 2.0, "num_boost_round": 2.0}, "datetime": {"datetime": "2024-01-19 01:09:01", "elapsed": 3431.60937, "delta": 0.005388}}
