{"target": -17.8725878500894, "params": {"gamma": 429.93059892686824, "log10_alpha": -0.3576348824312108, "log10_colsample_bytree": -0.40306494572830875, "log10_eta": -0.9320927142714508, "log10_lambda": -1.1938815566258691, "log10_min_child_weight": 1.58789630445437, "log10_subsample": -0.8132728991806691, "max_depth": 3.0, "num_boost_round": 73.0}, "datetime": {"datetime": "2024-01-19 00:17:03", "elapsed": 313.521692, "delta": 0.001157}}
{"target": -17.873334042036603, "params": {"gamma": 429.93059892686824, "log10_alpha": -0.3576348824312108, "log10_colsample_bytree": -0.40306494572830875, "log10_eta": -0.9320927142714508, "log10_lambda": -1.1938815566258691, "log10_min_child_weight": 1.58789630445437, "log10_subsample": -0.8132728991806691, "max_depth": 3.0, "num_boost_round": 74.0}, "datetime": {"datetime": "2024-01-19 00:17:03", "elapsed": 313.522745, "delta": 0.001053}}
{"target": -17.878190184349496, "params": {"gamma": 429.93059892686824, "log10_alpha": -0.3576348824312108, "log10_colsample_bytree": -0.40306494572830875, "log10_eta": -0.9320927142714508, "log10_lambda": -1.1938815566258691, "log10_min_child_weight": 1.58789630445437, "log10_subsample": -0.8132728991806691, "max_depth": 3.0, "num_boost_round": 75.0}, "datetime": {"datetime": "2024-01-19 00:17:03", "elapsed": 313.523808, "delta": 0.001063}}
{"target": -17.881268839986205, "params": {"gamma": 429.93059892686824, "log10_alpha": -0.3576348824312108, "log10_colsample_bytree": -0.40306494572830875, "log10_eta": -0.9320927142714508, "log10_lambda": -1.1938815566258691, "log10_min_child_weight": 1.58789630445437, "log10_subsample": -0.8132728991806691, "max_depth": 3.0, "num_boost_round": 76.0}, "datetime": {"datetime": "2024-01-19 00:17:03", "elapsed": 313.524864, "delta": 0.001056}}
{"target": -17.881609284697777, "params": {"gamma": 429.93059892686824, "log10_alpha": -0.3576348824312108, "log10_colsample_bytree": -0.40306494572830875, "log10_eta": -0.9320927142714508, "log10_lambda": -1.1938815566258691, "log10_min_child_weight": 1.58789630445437, "log10_subsample": -0.8132728991806691, "max_depth": 3.0, "num_boost_round": 77.0}, "datetime": {"datetime": "2024-01-19 00:17:03", "elapsed": 313.525921, "delta": 0.001057}}
{"target": -17.878869105053095, "params": {"gamma": 429.93059892686824, "log10_alpha": -0.3576348824312108, "log10_colsample_bytree": -0.40306494572830875, "log10_eta": -0.9320927142714508, "log10_lambda": -1.1938815566258691, "log10_min_child_weight": 1.58789630445437, "log10_subsample": -0.8132728991806691, "max_depth": 3.0, "num_boost_round": 78.0}, "datetime": {"datetime": "2024-01-19 00:17:03", "elapsed": 313.526976, "delta": 0.001055}}
{"target": -17.888431384164612, "params": {"gamma": 429.93059892686824, "log10_alpha": -0.3576348824312108, "log10_colsample_bytree": -0.40306494572830875, "log10_eta": -0.9320927142714508, "log10_lambda": -1.1938815566258691, "log10_min_child_weight": 1.58789630445437, "log10_subsample": -0.8132728991806691, "max_depth": 3.0, "num_boost_round": 79.0}, "datetime": {"datetime": "2024-01-19 00:17:03", "elapsed": 313.528035, "delta": 0.001059}}
{"target": -17.889032037780645, "params": {"gamma": 429.93059892686824, "log10_alpha": -0.3576348824312108, "log10_colsample_bytree": -0.40306494572830875, "log10_eta": -0.9320927142714508, "log10_lambda": -1.1938815566258691, "log10_min_child_weight": 1.58789630445437, "log10_subsample": -0.8132728991806691, "max_depth": 3.0, "num_boost_round": 80.0}, "datetime": {"datetime": "2024-01-19 00:17:03", "elapsed": 313.529097, "delta": 0.001062}}
{"target": -17.908716383536056, "params": {"gamma": 429.93059892686824, "log10_alpha": -0.3576348824312108, "log10_colsample_bytree": -0.40306494572830875, "log10_eta": -0.9320927142714508, "log10_lambda": -1.1938815566258691, "log10_min_child_weight": 1.58789630445437, "log10_subsample": -0.8132728991806691, "max_depth": 3.0, "num_boost_round": 81.0}, "datetime": {"datetime": "2024-01-19 00:17:03", "elapsed": 313.530149, "delta": 0.001052}}
{"target": -17.907677411173317, "params": {"gamma": 429.93059892686824, "log10_alpha": -0.3576348824312108, "log10_colsample_bytree": -0.40306494572830875, "log10_eta": -0.9320927142714508, "log10_lambda": -1.1938815566258691, "log10_min_child_weight": 1.58789630445437, "log10_subsample": -0.8132728991806691, "max_depth": 3.0, "num_boost_round": 82.0}, "datetime": {"datetime": "2024-01-19 00:17:03", "elapsed": 313.531205, "delta": 0.001056}}
{"target": -17.907547953062277, "params": {"gamma": 429.93059892686824, "log10_alpha": -0.3576348824312108, "log10_colsample_bytree": -0.40306494572830875, "log10_eta": -0.9320927142714508, "log10_lambda": -1.1938815566258691, "log10_min_child_weight": 1.58789630445437, "log10_subsample": -0.8132728991806691, "max_depth": 3.0, "num_boost_round": 83.0}, "datetime": {"datetime": "2024-01-19 00:17:03", "elapsed": 313.532308, "delta": 0.001103}}
{"target": -17.9086177676604, "params": {"gamma": 429.93059892686824, "log10_alpha": -0.3576348824312108, "log10_colsample_bytree": -0.40306494572830875, "log10_eta": -0.9320927142714508, "log10_lambda": -1.1938815566258691, "log10_min_child_weight": 1.58789630445437, "log10_subsample": -0.8132728991806691, "max_depth": 3.0, "num_boost_round": 84.0}, "datetime": {"datetime": "2024-01-19 00:17:03", "elapsed": 313.53338, "delta": 0.001072}}
{"target": -17.910730804693042, "params": {"gamma": 429.93059892686824, "log10_alpha": -0.3576348824312108, "log10_colsample_bytree": -0.40306494572830875, "log10_eta": -0.9320927142714508, "log10_lambda": -1.1938815566258691, "log10_min_child_weight": 1.58789630445437, "log10_subsample": -0.8132728991806691, "max_depth": 3.0, "num_boost_round": 85.0}, "datetime": {"datetime": "2024-01-19 00:17:03", "elapsed": 313.534448, "delta": 0.001068}}
{"target": -17.912125521481006, "params": {"gamma": 429.93059892686824, "log10_alpha": -0.3576348824312108, "log10_colsample_bytree": -0.40306494572830875, "log10_eta": -0.9320927142714508, "log10_lambda": -1.1938815566258691, "log10_min_child_weight": 1.58789630445437, "log10_subsample": -0.8132728991806691, "max_depth": 3.0, "num_boost_round": 86.0}, "datetime": {"datetime": "2024-01-19 00:17:03", "elapsed": 313.535512, "delta": 0.001064}}
{"target": -17.913028914511127, "params": {"gamma": 429.93059892686824, "log10_alpha": -0.3576348824312108, "log10_colsample_bytree": -0.40306494572830875, "log10_eta": -0.9320927142714508, "log10_lambda": -1.1938815566258691, "log10_min_child_weight": 1.58789630445437, "log10_subsample": -0.8132728991806691, "max_depth": 3.0, "num_boost_round": 87.0}, "datetime": {"datetime": "2024-01-19 00:17:03", "elapsed": 313.536576, "delta": 0.001064}}
{"target": -17.916851377164654, "params": {"gamma": 429.93059892686824, "log10_alpha": -0.3576348824312108, "log10_colsample_bytree": -0.40306494572830875, "log10_eta": -0.9320927142714508, "log10_lambda": -1.1938815566258691, "log10_min_child_weight": 1.58789630445437, "log10_subsample": -0.8132728991806691, "max_depth": 3.0, "num_boost_round": 88.0}, "datetime": {"datetime": "2024-01-19 00:17:03", "elapsed": 313.537646, "delta": 0.00107}}
{"target": -17.917692673306295, "params": {"gamma": 429.93059892686824, "log10_alpha": -0.3576348824312108, "log10_colsample_bytree": -0.40306494572830875, "log10_eta": -0.9320927142714508, "log10_lambda": -1.1938815566258691, "log10_min_child_weight": 1.58789630445437, "log10_subsample": -0.8132728991806691, "max_depth": 3.0, "num_boost_round": 89.0}, "datetime": {"datetime": "2024-01-19 00:17:03", "elapsed": 313.538714, "delta": 0.001068}}
{"target": -17.92163072382606, "params": {"gamma": 429.93059892686824, "log10_alpha": -0.3576348824312108, "log10_colsample_bytree": -0.40306494572830875, "log10_eta": -0.9320927142714508, "log10_lambda": -1.1938815566258691, "log10_min_child_weight": 1.58789630445437, "log10_subsample": -0.8132728991806691, "max_depth": 3.0, "num_boost_round": 90.0}, "datetime": {"datetime": "2024-01-19 00:17:03", "elapsed": 313.539785, "delta": 0.001071}}
{"target": -17.9218106195294, "params": {"gamma": 429.93059892686824, "log10_alpha": -0.3576348824312108, "log10_colsample_bytree": -0.40306494572830875, "log10_eta": -0.9320927142714508, "log10_lambda": -1.1938815566258691, "log10_min_child_weight": 1.58789630445437, "log10_subsample": -0.8132728991806691, "max_depth": 3.0, "num_boost_round": 91.0}, "datetime": {"datetime": "2024-01-19 00:17:03", "elapsed": 313.540859, "delta": 0.001074}}
{"target": -17.923673850781302, "params": {"gamma": 429.93059892686824, "log10_alpha": -0.3576348824312108, "log10_colsample_bytree": -0.40306494572830875, "log10_eta": -0.9320927142714508, "log10_lambda": -1.1938815566258691, "log10_min_child_weight": 1.58789630445437, "log10_subsample": -0.8132728991806691, "max_depth": 3.0, "num_boost_round": 92.0}, "datetime": {"datetime": "2024-01-19 00:17:03", "elapsed": 313.541936, "delta": 0.001077}}
{"target": -17.92342361194797, "params": {"gamma": 429.93059892686824, "log10_alpha": -0.3576348824312108, "log10_colsample_bytree": -0.40306494572830875, "log10_eta": -0.9320927142714508, "log10_lambda": -1.1938815566258691, "log10_min_child_weight": 1.58789630445437, "log10_subsample": -0.8132728991806691, "max_depth": 3.0, "num_boost_round": 93.0}, "datetime": {"datetime": "2024-01-19 00:17:03", "elapsed": 313.543283, "delta": 0.001347}}
{"target": -17.926278804058285, "params": {"gamma": 429.93059892686824, "log10_alpha": -0.3576348824312108, "log10_colsample_bytree": -0.40306494572830875, "log10_eta": -0.9320927142714508, "log10_lambda": -1.1938815566258691, "log10_min_child_weight": 1.58789630445437, "log10_subsample": -0.8132728991806691, "max_depth": 3.0, "num_boost_round": 94.0}, "datetime": {"datetime": "2024-01-19 00:17:03", "elapsed": 313.544497, "delta": 0.001214}}
{"target": -17.9279063408906, "params": {"gamma": 429.93059892686824, "log10_alpha": -0.3576348824312108, "log10_colsample_bytree": -0.40306494572830875, "log10_eta": -0.9320927142714508, "log10_lambda": -1.1938815566258691, "log10_min_child_weight": 1.58789630445437, "log10_subsample": -0.8132728991806691, "max_depth": 3.0, "num_boost_round": 95.0}, "datetime": {"datetime": "2024-01-19 00:17:03", "elapsed": 313.54569, "delta": 0.001193}}
{"target": -17.93158171658015, "params": {"gamma": 429.93059892686824, "log10_alpha": -0.3576348824312108, "log10_colsample_bytree": -0.40306494572830875, "log10_eta": -0.9320927142714508, "log10_lambda": -1.1938815566258691, "log10_min_child_weight": 1.58789630445437, "log10_subsample": -0.8132728991806691, "max_depth": 3.0, "num_boost_round": 96.0}, "datetime": {"datetime": "2024-01-19 00:17:03", "elapsed": 313.546841, "delta": 0.001151}}
{"target": -17.933425919958054, "params": {"gamma": 429.93059892686824, "log10_alpha": -0.3576348824312108, "log10_colsample_bytree": -0.40306494572830875, "log10_eta": -0.9320927142714508, "log10_lambda": -1.1938815566258691, "log10_min_child_weight": 1.58789630445437, "log10_subsample": -0.8132728991806691, "max_depth": 3.0, "num_boost_round": 97.0}, "datetime": {"datetime": "2024-01-19 00:17:03", "elapsed": 313.547928, "delta": 0.001087}}
{"target": -17.93870940372547, "params": {"gamma": 429.93059892686824, "log10_alpha": -0.3576348824312108, "log10_colsample_bytree": -0.40306494572830875, "log10_eta": -0.9320927142714508, "log10_lambda": -1.1938815566258691, "log10_min_child_weight": 1.58789630445437, "log10_subsample": -0.8132728991806691, "max_depth": 3.0, "num_boost_round": 98.0}, "datetime": {"datetime": "2024-01-19 00:17:03", "elapsed": 313.549021, "delta": 0.001093}}
{"target": -17.937304277263735, "params": {"gamma": 429.93059892686824, "log10_alpha": -0.3576348824312108, "log10_colsample_bytree": -0.40306494572830875, "log10_eta": -0.9320927142714508, "log10_lambda": -1.1938815566258691, "log10_min_child_weight": 1.58789630445437, "log10_subsample": -0.8132728991806691, "max_depth": 3.0, "num_boost_round": 99.0}, "datetime": {"datetime": "2024-01-19 00:17:03", "elapsed": 313.550112, "delta": 0.001091}}
{"target": -17.941965150720584, "params": {"gamma": 429.93059892686824, "log10_alpha": -0.3576348824312108, "log10_colsample_bytree": -0.40306494572830875, "log10_eta": -0.9320927142714508, "log10_lambda": -1.1938815566258691, "log10_min_child_weight": 1.58789630445437, "log10_subsample": -0.8132728991806691, "max_depth": 3.0, "num_boost_round": 100.0}, "datetime": {"datetime": "2024-01-19 00:17:03", "elapsed": 313.551255, "delta": 0.001143}}
{"target": -17.676745717666076, "params": {"gamma": 433.01839828874824, "log10_alpha": -0.3159630545236949, "log10_colsample_bytree": -0.24797755490469597, "log10_eta": -2.309885225705754, "log10_lambda": -1.7611535347701315, "log10_min_child_weight": 1.983507388463831, "log10_subsample": -0.18562465118412208, "max_depth": 9.0, "num_boost_round": 0.0}, "datetime": {"datetime": "2024-01-19 00:17:23", "elapsed": 333.292817, "delta": 19.741562}}
{"target": -17.676509195115905, "params": {"gamma": 433.01839828874824, "log10_alpha": -0.3159630545236949, "log10_colsample_bytree": -0.24797755490469597, "log10_eta": -2.309885225705754, "log10_lambda": -1.7611535347701315, "log10_min_child_weight": 1.983507388463831, "log10_subsample": -0.18562465118412208, "max_depth": 9.0, "num_boost_round": 1.0}, "datetime": {"datetime": "2024-01-19 00:17:23", "elapsed": 333.294332, "delta": 0.001515}}
{"target": -17.676404340973942, "params": {"gamma": 433.01839828874824, "log10_alpha": -0.3159630545236949, "log10_colsample_bytree": -0.24797755490469597, "log10_eta": -2.309885225705754, "log10_lambda": -1.7611535347701315, "log10_min_child_weight": 1.983507388463831, "log10_subsample": -0.18562465118412208, "max_depth": 9.0, "num_boost_round": 2.0}, "datetime": {"datetime": "2024-01-19 00:17:23", "elapsed": 333.29569, "delta": 0.001358}}
{"target": -17.676047466506517, "params": {"gamma": 433.01839828874824, "log10_alpha": -0.3159630545236949, "log10_colsample_bytree": -0.24797755490469597, "log10_eta": -2.309885225705754, "log10_lambda": -1.7611535347701315, "log10_min_child_weight": 1.983507388463831, "log10_subsample": -0.18562465118412208, "max_depth": 9.0, "num_boost_round": 3.0}, "datetime": {"datetime": "2024-01-19 00:17:23", "elapsed": 333.296812, "delta": 0.001122}}
{"target": -17.675749995182372, "params": {"gamma": 433.01839828874824, "log10_alpha": -0.3159630545236949, "log10_colsample_bytree": -0.24797755490469597, "log10_eta": -2.309885225705754, "log10_lambda": -1.7611535347701315, "log10_min_child_weight": 1.983507388463831, "log10_subsample": -0.18562465118412208, "max_depth": 9.0, "num_boost_round": 4.0}, "datetime": {"datetime": "2024-01-19 00:17:23", "elapsed": 333.298029, "delta": 0.001217}}
{"target": -17.674941664907436, "params": {"gamma": 433.01839828874824, "log10_alpha": -0.3159630545236949, "log10_colsample_bytree": -0.24797755490469597, "log10_eta": -2.309885225705754, "log10_lambda": -1.7611535347701315, "log10_min_child_weight": 1.983507388463831, "log10_subsample": -0.18562465118412208, "max_depth": 9.0, "num_boost_round": 5.0}, "datetime": {"datetime": "2024-01-19 00:17:23", "elapsed": 333.299133, "delta": 0.001104}}
{"target": -17.67481547990898, "params": {"gamma": 433.01839828874824, "log10_alpha": -0.3159630545236949, "log10_colsample_bytree": -0.24797755490469597, "log10_eta": -2.309885225705754, "log10_lambda": -1.7611535347701315, "log10_min_child_weight": 1.983507388463831, "log10_subsample": -0.18562465118412208, "max_depth": 9.0, "num_boost_round": 6.0}, "datetime": {"datetime": "2024-01-19 00:17:23", "elapsed": 333.30023, "delta": 0.001097}}
{"target": -17.674526974120877, "params": {"gamma": 433.01839828874824, "log10_alpha": -0.3159630545236949, "log10_colsample_bytree": -0.24797755490469597, "log10_eta": -2.309885225705754, "log10_lambda": -1.7611535347701315, "log10_min_child_weight": 1.983507388463831, "log10_subsample": -0.18562465118412208, "max_depth": 9.0, "num_boost_round": 7.0}, "datetime": {"datetime": "2024-01-19 00:17:23", "elapsed": 333.301326, "delta": 0.001096}}
{"target": -17.6740051408479, "params": {"gamma": 433.01839828874824, "log10_alpha": -0.3159630545236949, "log10_colsample_bytree": -0.24797755490469597, "log10_eta": -2.309885225705754, "log10_lambda": -1.7611535347701315, "log10_min_child_weight": 1.983507388463831, "log10_subsample": -0.18562465118412208, "max_depth": 9.0, "num_boost_round": 8.0}, "datetime": {"datetime": "2024-01-19 00:17:23", "elapsed": 333.302602, "delta": 0.001276}}
{"target": -17.673486112695603, "params": {"gamma": 433.01839828874824, "log10_alpha": -0.3159630545236949, "log10_colsample_bytree": -0.24797755490469597, "log10_eta": -2.309885225705754, "log10_lambda": -1.7611535347701315, "log10_min_child_weight": 1.983507388463831, "log10_subsample": -0.18562465118412208, "max_depth": 9.0, "num_boost_round": 9.0}, "datetime": {"datetime": "2024-01-19 00:17:23", "elapsed": 333.303703, "delta": 0.001101}}
{"target": -17.67722937760726, "params": {"gamma": 420.6972294783809, "log10_alpha": -1.4366246898398123, "log10_colsample_bytree": -0.9165967975071795, "log10_eta": -4.0, "log10_lambda": -5.0, "log10_min_child_weight": 0.0, "log10_subsample": -0.7269650137026535, "max_depth": 5.0, "num_boost_round": 0.0}, "datetime": {"datetime": "2024-01-19 00:18:03", "elapsed": 373.268209, "delta": 39.964506}}
{"target": -17.677225548768362, "params": {"gamma": 420.6972294783809, "log10_alpha": -1.4366246898398123, "log10_colsample_bytree": -0.9165967975071795, "log10_eta": -4.0, "log10_lambda": -5.0, "log10_min_child_weight": 0.0, "log10_subsample": -0.7269650137026535, "max_depth": 5.0, "num_boost_round": 1.0}, "datetime": {"datetime": "2024-01-19 00:18:03", "elapsed": 373.269748, "delta": 0.001539}}
{"target": -17.67722494264364, "params": {"gamma": 420.6972294783809, "log10_alpha": -1.4366246898398123, "log10_colsample_bytree": -0.9165967975071795, "log10_eta": -4.0, "log10_lambda": -5.0, "log10_min_child_weight": 0.0, "log10_subsample": -0.7269650137026535, "max_depth": 5.0, "num_boost_round": 2.0}, "datetime": {"datetime": "2024-01-19 00:18:03", "elapsed": 373.271047, "delta": 0.001299}}
{"target": -17.67722108987354, "params": {"gamma": 420.6972294783809, "log10_alpha": -1.4366246898398123, "log10_colsample_bytree": -0.9165967975071795, "log10_eta": -4.0, "log10_lambda": -5.0, "log10_min_child_weight": 0.0, "log10_subsample": -0.7269650137026535, "max_depth": 5.0, "num_boost_round": 3.0}, "datetime": {"datetime": "2024-01-19 00:18:03", "elapsed": 373.272175, "delta": 0.001128}}
{"target": -17.677217953371024, "params": {"gamma": 420.6972294783809, "log10_alpha": -1.4366246898398123, "log10_colsample_bytree": -0.9165967975071795, "log10_eta": -4.0, "log10_lambda": -5.0, "log10_min_child_weight": 0.0, "log10_subsample": -0.7269650137026535, "max_depth": 5.0, "num_boost_round": 4.0}, "datetime": {"datetime": "2024-01-19 00:18:03", "elapsed": 373.273303, "delta": 0.001128}}
{"target": -17.677216178712726, "params": {"gamma": 420.6972294783809, "log10_alpha": -1.4366246898398123, "log10_colsample_bytree": -0.9165967975071795, "log10_eta": -4.0, "log10_lambda": -5.0, "log10_min_child_weight": 0.0, "log10_subsample": -0.7269650137026535, "max_depth": 5.0, "num_boost_round": 5.0}, "datetime": {"datetime": "2024-01-19 00:18:03", "elapsed": 373.274429, "delta": 0.001126}}
{"target": -17.677219053343187, "params": {"gamma": 420.6972294783809, "log10_alpha": -1.4366246898398123, "log10_colsample_bytree": -0.9165967975071795, "log10_eta": -4.0, "log10_lambda": -5.0, "log10_min_child_weight": 0.0, "log10_subsample": -0.7269650137026535, "max_depth": 5.0, "num_boost_round": 6.0}, "datetime": {"datetime": "2024-01-19 00:18:03", "elapsed": 373.275603, "delta": 0.001174}}
{"target": -17.67721243809702, "params": {"gamma": 420.6972294783809, "log10_alpha": -1.4366246898398123, "log10_colsample_bytree": -0.9165967975071795, "log10_eta": -4.0, "log10_lambda": -5.0, "log10_min_child_weight": 0.0, "log10_subsample": -0.7269650137026535, "max_depth": 5.0, "num_boost_round": 7.0}, "datetime": {"datetime": "2024-01-19 00:18:03", "elapsed": 373.27673, "delta": 0.001127}}
{"target": -17.677209686934855, "params": {"gamma": 420.6972294783809, "log10_alpha": -1.4366246898398123, "log10_colsample_bytree": -0.9165967975071795, "log10_eta": -4.0, "log10_lambda": -5.0, "log10_min_child_weight": 0.0, "log10_subsample": -0.7269650137026535, "max_depth": 5.0, "num_boost_round": 8.0}, "datetime": {"datetime": "2024-01-19 00:18:03", "elapsed": 373.277848, "delta": 0.001118}}
{"target": -17.677207301326238, "params": {"gamma": 420.6972294783809, "log10_alpha": -1.4366246898398123, "log10_colsample_bytree": -0.9165967975071795, "log10_eta": -4.0, "log10_lambda": -5.0, "log10_min_child_weight": 0.0, "log10_subsample": -0.7269650137026535, "max_depth": 5.0, "num_boost_round": 9.0}, "datetime": {"datetime": "2024-01-19 00:18:03", "elapsed": 373.27896, "delta": 0.001112}}
{"target": -17.677211148468615, "params": {"gamma": 420.6972294783809, "log10_alpha": -1.4366246898398123, "log10_colsample_bytree": -0.9165967975071795, "log10_eta": -4.0, "log10_lambda": -5.0, "log10_min_child_weight": 0.0, "log10_subsample": -0.7269650137026535, "max_depth": 5.0, "num_boost_round": 10.0}, "datetime": {"datetime": "2024-01-19 00:18:03", "elapsed": 373.280246, "delta": 0.001286}}
{"target": -17.677205457966995, "params": {"gamma": 420.6972294783809, "log10_alpha": -1.4366246898398123, "log10_colsample_bytree": -0.9165967975071795, "log10_eta": -4.0, "log10_lambda": -5.0, "log10_min_child_weight": 0.0, "log10_subsample": -0.7269650137026535, "max_depth": 5.0, "num_boost_round": 11.0}, "datetime": {"datetime": "2024-01-19 00:18:03", "elapsed": 373.281395, "delta": 0.001149}}
