{"target": -17.677179007930643, "params": {"gamma": 954.6091174129058, "log10_alpha": -3.9675420545200604, "log10_colsample_bytree": -0.38005682187326595, "log10_eta": -3.8687685260856015, "log10_lambda": -0.09559644453675986, "log10_min_child_weight": 1.047531739346791, "log10_subsample": -0.9596186014284384, "max_depth": 8.0, "num_boost_round": 16.0}, "datetime": {"datetime": "2024-01-19 00:35:14", "elapsed": 1408.753767, "delta": 0.001799}}
{"target": -17.677164772679365, "params": {"gamma": 954.6091174129058, "log10_alpha": -3.9675420545200604, "log10_colsample_bytree": -0.38005682187326595, "log10_eta": -3.8687685260856015, "log10_lambda": -0.09559644453675986, "log10_min_child_weight": 1.047531739346791, "log10_subsample": -0.9596186014284384, "max_depth": 8.0, "num_boost_round": 17.0}, "datetime": {"datetime": "2024-01-19 00:35:14", "elapsed": 1408.755595, "delta": 0.001828}}
{"target": -17.677155553501308, "params": {"gamma": 954.6091174129058, "log10_alpha": -3.9675420545200604, "log10_colsample_bytree": -0.38005682187326595, "log10_eta": -3.8687685260856015, "log10_lambda": -0.09559644453675986, "log10_min_child_weight": 1.047531739346791, "log10_subsample": -0.9596186014284384, "max_depth": 8.0, "num_boost_round": 18.0}, "datetime": {"datetime": "2024-01-19 00:35:14", "elapsed": 1408.757366, "delta": 0.001771}}
{"target": -17.677162364493732, "params": {"gamma": 966.7585159654873, "log10_alpha": -0.21712275440500645, "log10_colsample_bytree": -1.0, "log10_eta": -2.623809494879503, "log10_lambda": -1.9520264525792774, "log10_min_child_weight": 2.1358830468848335, "log10_subsample": 0.0, "max_depth": 4.0, "num_boost_round": 0.0}, "datetime": {"datetime": "2024-01-19 00:35:37", "elapsed": 1431.403372, "delta": 22.646006}}
{"target": -17.67708011421953, "params": {"gamma": 966.7585159654873, "log10_alpha": -0.21712275440500645, "log10_colsample_bytree": -1.0, "log10_eta": -2.623809494879503, "log10_lambda": -1.9520264525792774, "log10_min_child_weight": 2.1358830468848335, "log10_subsample": 0.0, "max_depth": 4.0, "num_boost_round": 1.0}, "datetime": {"datetime": "2024-01-19 00:35:37", "elapsed": 1431.406124, "delta": 0.002752}}
{"target": -17.677105896703154, "params": {"gamma": 966.7585159654873, "log10_alpha": -0.21712275440500645, "log10_colsample_bytree": -1.0, "log10_eta": -2.623809494879503, "log10_lambda": -1.9520264525792774, "log10_min_child_weight": 2.1358830468848335, "log10_subsample": 0.0, "max_depth": 4.0, "num_boost_round": 2.0}, "datetime": {"datetime": "2024-01-19 00:35:37", "elapsed": 1431.408557, "delta": 0.002433}}
{"target": -17.677077665496945, "params": {"gamma": 966.7585159654873, "log10_alpha": -0.21712275440500645, "log10_colsample_bytree": -1.0, "log10_eta": -2.623809494879503, "log10_lambda": -1.9520264525792774, "log10_min_child_weight": 2.1358830468848335, "log10_subsample": 0.0, "max_depth": 4.0, "num_boost_round": 3.0}, "datetime": {"datetime": "2024-01-19 00:35:37", "elapsed": 1431.410381, "delta": 0.001824}}
{"target": -17.67695682413687, "params": {"gamma": 966.7585159654873, "log10_alpha": -0.21712275440500645, "log10_colsample_bytree": -1.0, "log10_eta": -2.623809494879503, "log10_lambda": -1.9520264525792774, "log10_min_child_weight": 2.1358830468848335, "log10_subsample": 0.0, "max_depth": 4.0, "num_boost_round": 4.0}, "datetime": {"datetime": "2024-01-19 00:35:37", "elapsed": 1431.412381, "delta": 0.002}}
{"target": -17.67697999050913, "params": {"gamma": 966.7585159654873, "log10_alpha": -0.21712275440500645, "log10_colsample_bytree": -1.0, "log10_eta": -2.623809494879503, "log10_lambda": -1.9520264525792774, "log10_min_child_weight": 2.1358830468848335, "log10_subsample": 0.0, "max_depth": 4.0, "num_boost_round": 5.0}, "datetime": {"datetime": "2024-01-19 00:35:37", "elapsed": 1431.414352, "delta": 0.001971}}
{"target": -17.676993187091195, "params": {"gamma": 966.7585159654873, "log10_alpha": -0.21712275440500645, "log10_colsample_bytree": -1.0, "log10_eta": -2.623809494879503, "log10_lambda": -1.9520264525792774, "log10_min_child_weight": 2.1358830468848335, "log10_subsample": 0.0, "max_depth": 4.0, "num_boost_round": 6.0}, "datetime": {"datetime": "2024-01-19 00:35:37", "elapsed": 1431.416482, "delta": 0.00213}}
{"target": -17.67689483548599, "params": {"gamma": 966.7585159654873, "log10_alpha": -0.21712275440500645, "log10_colsample_bytree": -1.0, "log10_eta": -2.623809494879503, "log10_lambda": -1.9520264525792774, "log10_min_child_weight": 2.1358830468848335, "log10_subsample": 0.0, "max_depth": 4.0, "num_boost_round": 7.0}, "datetime": {"datetime": "2024-01-19 00:35:37", "elapsed": 1431.418435, "delta": 0.001953}}
{"target": -17.676841200722382, "params": {"gamma": 966.7585159654873, "log10_alpha": -0.21712275440500645, "log10_colsample_bytree": -1.0, "log10_eta": -2.623809494879503, "log10_lambda": -1.9520264525792774, "log10_min_child_weight": 2.1358830468848335, "log10_subsample": 0.0, "max_depth": 4.0, "num_boost_round": 8.0}, "datetime": {"datetime": "2024-01-19 00:35:37", "elapsed": 1431.420239, "delta": 0.001804}}
{"target": -17.67676479383816, "params": {"gamma": 966.7585159654873, "log10_alpha": -0.21712275440500645, "log10_colsample_bytree": -1.0, "log10_eta": -2.623809494879503, "log10_lambda": -1.9520264525792774, "log10_min_child_weight": 2.1358830468848335, "log10_subsample": 0.0, "max_depth": 4.0, "num_boost_round": 9.0}, "datetime": {"datetime": "2024-01-19 00:35:37", "elapsed": 1431.422078, "delta": 0.001839}}
{"target": -17.67670819762413, "params": {"gamma": 966.7585159654873, "log10_alpha": -0.21712275440500645, "log10_colsample_bytree": -1.0, "log10_eta": -2.623809494879503, "log10_lambda": -1.9520264525792774, "log10_min_child_weight": 2.1358830468848335, "log10_subsample": 0.0, "max_depth": 4.0, "num_boost_round": 10.0}, "datetime": {"datetime": "2024-01-19 00:35:37", "elapsed": 1431.423932, "delta": 0.001854}}
{"target": -17.67722522141032, "params": {"gamma": 962.6238629834857, "log10_alpha": -0.4967831296145846, "log10_colsample_bytree": -0.07826677503892798, "log10_eta": -3.8923114577972098, "log10_lambda": -3.9434247000901204, "log10_min_child_weight": 0.42310122968067243, "log10_subsample": -0.4516309239425884, "max_depth": 7.0, "num_boost_round": 0.0}, "datetime": {"datetime": "2024-01-19 00:36:05", "elapsed": 1459.388681, "delta": 27.964749}}
{"target": -17.677217751962147, "params": {"gamma": 962.6238629834857, "log10_alpha": -0.4967831296145846, "log10_colsample_bytree": -0.07826677503892798, "log10_eta": -3.8923114577972098, "log10_lambda": -3.9434247000901204, "log10_min_child_weight": 0.42310122968067243, "log10_subsample": -0.4516309239425884, "max_depth": 7.0, "num_boost_round": 1.0}, "datetime": {"datetime": "2024-01-19 00:36:05", "elapsed": 1459.391373, "delta": 0.002692}}
{"target": -17.67720326541795, "params": {"gamma": 962.6238629834857, "log10_alpha": -0.4967831296145846, "log10_colsample_bytree": -0.07826677503892798, "log10_eta": -3.8923114577972098, "log10_lambda": -3.9434247000901204, "log10_min_child_weight": 0.42310122968067243, "log10_subsample": -0.4516309239425884, "max_depth": 7.0, "num_boost_round": 2.0}, "datetime": {"datetime": "2024-01-19 00:36:05", "elapsed": 1459.393638, "delta": 0.002265}}
{"target": -17.67719886415671, "params": {"gamma": 962.6238629834857, "log10_alpha": -0.4967831296145846, "log10_colsample_bytree": -0.07826677503892798, "log10_eta": -3.8923114577972098, "log10_lambda": -3.9434247000901204, "log10_min_child_weight": 0.42310122968067243, "log10_subsample": -0.4516309239425884, "max_depth": 7.0, "num_boost_round": 3.0}, "datetime": {"datetime": "2024-01-19 00:36:05", "elapsed": 1459.395466, "delta": 0.001828}}
{"target": -17.67719378729514, "params": {"gamma": 962.6238629834857, "log10_alpha": -0.4967831296145846, "log10_colsample_bytree": -0.07826677503892798, "log10_eta": -3.8923114577972098, "log10_lambda": -3.9434247000901204, "log10_min_child_weight": 0.42310122968067243, "log10_subsample": -0.4516309239425884, "max_depth": 7.0, "num_boost_round": 4.0}, "datetime": {"datetime": "2024-01-19 00:36:05", "elapsed": 1459.397302, "delta": 0.001836}}
{"target": -17.677189080321686, "params": {"gamma": 962.6238629834857, "log10_alpha": -0.4967831296145846, "log10_colsample_bytree": -0.07826677503892798, "log10_eta": -3.8923114577972098, "log10_lambda": -3.9434247000901204, "log10_min_child_weight": 0.42310122968067243, "log10_subsample": -0.4516309239425884, "max_depth": 7.0, "num_boost_round": 5.0}, "datetime": {"datetime": "2024-01-19 00:36:05", "elapsed": 1459.399234, "delta": 0.001932}}
{"target": -17.677186861196756, "params": {"gamma": 962.6238629834857, "log10_alpha": -0.4967831296145846, "log10_colsample_bytree": -0.07826677503892798, "log10_eta": -3.8923114577972098, "log10_lambda": -3.9434247000901204, "log10_min_child_weight": 0.42310122968067243, "log10_subsample": -0.4516309239425884, "max_depth": 7.0, "num_boost_round": 6.0}, "datetime": {"datetime": "2024-01-19 00:36:05", "elapsed": 1459.401051, "delta": 0.001817}}
{"target": -17.677174372653692, "params": {"gamma": 962.6238629834857, "log10_alpha": -0.4967831296145846, "log10_colsample_bytree": -0.07826677503892798, "log10_eta": -3.8923114577972098, "log10_lambda": -3.9434247000901204, "log10_min_child_weight": 0.42310122968067243, "log10_subsample": -0.4516309239425884, "max_depth": 7.0, "num_boost_round": 7.0}, "datetime": {"datetime": "2024-01-19 00:36:05", "elapsed": 1459.402908, "delta": 0.001857}}
{"target": -17.67716311567602, "params": {"gamma": 962.6238629834857, "log10_alpha": -0.4967831296145846, "log10_colsample_bytree": -0.07826677503892798, "log10_eta": -3.8923114577972098, "log10_lambda": -3.9434247000901204, "log10_min_child_weight": 0.42310122968067243, "log10_subsample": -0.4516309239425884, "max_depth": 7.0, "num_boost_round": 8.0}, "datetime": {"datetime": "2024-01-19 00:36:05", "elapsed": 1459.40473, "delta": 0.001822}}
{"target": -17.67715080602537, "params": {"gamma": 962.6238629834857, "log10_alpha": -0.4967831296145846, "log10_colsample_bytree": -0.07826677503892798, "log10_eta": -3.8923114577972098, "log10_lambda": -3.9434247000901204, "log10_min_child_weight": 0.42310122968067243, "log10_subsample": -0.4516309239425884, "max_depth": 7.0, "num_boost_round": 9.0}, "datetime": {"datetime": "2024-01-19 00:36:05", "elapsed": 1459.406543, "delta": 0.001813}}
{"target": -17.67714033354667, "params": {"gamma": 962.6238629834857, "log10_alpha": -0.4967831296145846, "log10_colsample_bytree": -0.07826677503892798, "log10_eta": -3.8923114577972098, "log10_lambda": -3.9434247000901204, "log10_min_child_weight": 0.42310122968067243, "log10_subsample": -0.4516309239425884, "max_depth": 7.0, "num_boost_round": 10.0}, "datetime": {"datetime": "2024-01-19 00:36:05", "elapsed": 1459.408328, "delta": 0.001785}}
{"target": -17.677124266628553, "params": {"gamma": 962.6238629834857, "log10_alpha": -0.4967831296145846, "log10_colsample_bytree": -0.07826677503892798, "log10_eta": -3.8923114577972098, "log10_lambda": -3.9434247000901204, "log10_min_child_weight": 0.42310122968067243, "log10_subsample": -0.4516309239425884, "max_depth": 7.0, "num_boost_round": 11.0}, "datetime": {"datetime": "2024-01-19 00:36:05", "elapsed": 1459.410258, "delta": 0.00193}}
{"target": -17.677116309661734, "params": {"gamma": 962.6238629834857, "log10_alpha": -0.4967831296145846, "log10_colsample_bytree": -0.07826677503892798, "log10_eta": -3.8923114577972098, "log10_lambda": -3.9434247000901204, "log10_min_child_weight": 0.42310122968067243, "log10_subsample": -0.4516309239425884, "max_depth": 7.0, "num_boost_round": 12.0}, "datetime": {"datetime": "2024-01-19 00:36:05", "elapsed": 1459.41221, "delta": 0.001952}}
{"target": -17.677107125069362, "params": {"gamma": 962.6238629834857, "log10_alpha": -0.4967831296145846, "log10_colsample_bytree": -0.07826677503892798, "log10_eta": -3.8923114577972098, "log10_lambda": -3.9434247000901204, "log10_min_child_weight": 0.42310122968067243, "log10_subsample": -0.4516309239425884, "max_depth": 7.0, "num_boost_round": 13.0}, "datetime": {"datetime": "2024-01-19 00:36:05", "elapsed": 1459.414273, "delta": 0.002063}}
{"target": -17.677091279860623, "params": {"gamma": 962.6238629834857, "log10_alpha": -0.4967831296145846, "log10_colsample_bytree": -0.07826677503892798, "log10_eta": -3.8923114577972098, "log10_lambda": -3.9434247000901204, "log10_min_child_weight": 0.42310122968067243, "log10_subsample": -0.4516309239425884, "max_depth": 7.0, "num_boost_round": 14.0}, "datetime": {"datetime": "2024-01-19 00:36:05", "elapsed": 1459.416119, "delta": 0.001846}}
{"target": -17.67720219682472, "params": {"gamma": 957.7300509563466, "log10_alpha": 0.13599180059777183, "log10_colsample_bytree": -0.5494473252681626, "log10_eta": -3.288136427785581, "log10_lambda": -0.5053650098426763, "log10_min_child_weight": 2.1913438064444324, "log10_subsample": -0.9947531047397524, "max_depth": 5.0, "num_boost_round": 0.0}, "datetime": {"datetime": "2024-01-19 00:36:33", "elapsed": 1487.557446, "delta": 28.141327}}
{"target": -17.67718150631265, "params": {"gamma": 957.7300509563466, "log10_alpha": 0.13599180059777183, "log10_colsample_bytree": -0.5494473252681626, "log10_eta": -3.288136427785581, "log10_lambda": -0.5053650098426763, "log10_min_child_weight": 2.1913438064444324, "log10_subsample": -0.9947531047397524, "max_depth": 5.0, "num_boost_round": 1.0}, "datetime": {"datetime": "2024-01-19 00:36:33", "elapsed": 1487.559819, "delta": 0.002373}}
{"target": -17.67716166890362, "params": {"gamma": 957.7300509563466, "log10_alpha": 0.13599180059777183, "log10_colsample_bytree": -0.5494473252681626, "log10_eta": -3.288136427785581, "log10_lambda": -0.5053650098426763, "log10_min_child_weight": 2.1913438064444324, "log10_subsample": -0.9947531047397524, "max_depth": 5.0, "num_boost_round": 2.0}, "datetime": {"datetime": "2024-01-19 00:36:33", "elapsed": 1487.561689, "delta": 0.00187}}
{"target": -17.67716767391076, "params": {"gamma": 957.7300509563466, "log10_alpha": 0.13599180059777183, "log10_colsample_bytree": -0.5494473252681626, "log10_eta": -3.288136427785581, "log10_lambda": -0.5053650098426763, "log10_min_child_weight": 2.1913438064444324, "log10_subsample": -0.9947531047397524, "max_depth": 5.0, "num_boost_round": 3.0}, "datetime": {"datetime": "2024-01-19 00:36:33", "elapsed": 1487.563506, "delta": 0.001817}}
{"target": -17.677149522849607, "params": {"gamma": 957.7300509563466, "log10_alpha": 0.13599180059777183, "log10_colsample_bytree": -0.5494473252681626, "log10_eta": -3.288136427785581, "log10_lambda": -0.5053650098426763, "log10_min_child_weight": 2.1913438064444324, "log10_subsample": -0.9947531047397524, "max_depth": 5.0, "num_boost_round": 4.0}, "datetime": {"datetime": "2024-01-19 00:36:33", "elapsed": 1487.56533, "delta": 0.001824}}
{"target": -17.677155897174867, "params": {"gamma": 957.7300509563466, "log10_alpha": 0.13599180059777183, "log10_colsample_bytree": -0.5494473252681626, "log10_eta": -3.288136427785581, "log10_lambda": -0.5053650098426763, "log10_min_child_weight": 2.1913438064444324, "log10_subsample": -0.9947531047397524, "max_depth": 5.0, "num_boost_round": 5.0}, "datetime": {"datetime": "2024-01-19 00:36:33", "elapsed": 1487.568756, "delta": 0.003426}}
{"target": -17.67713523459837, "params": {"gamma": 957.7300509563466, "log10_alpha": 0.13599180059777183, "log10_colsample_bytree": -0.5494473252681626, "log10_eta": -3.288136427785581, "log10_lambda": -0.5053650098426763, "log10_min_child_weight": 2.1913438064444324, "log10_subsample": -0.9947531047397524, "max_depth": 5.0, "num_boost_round": 6.0}, "datetime": {"datetime": "2024-01-19 00:36:33", "elapsed": 1487.570593, "delta": 0.001837}}
{"target": -17.67711982502073, "params": {"gamma": 957.7300509563466, "log10_alpha": 0.13599180059777183, "log10_colsample_bytree": -0.5494473252681626, "log10_eta": -3.288136427785581, "log10_lambda": -0.5053650098426763, "log10_min_child_weight": 2.1913438064444324, "log10_subsample": -0.9947531047397524, "max_depth": 5.0, "num_boost_round": 7.0}, "datetime": {"datetime": "2024-01-19 00:36:33", "elapsed": 1487.572424, "delta": 0.001831}}
{"target": -17.67710222951614, "params": {"gamma": 957.7300509563466, "log10_alpha": 0.13599180059777183, "log10_colsample_bytree": -0.5494473252681626, "log10_eta": -3.288136427785581, "log10_lambda": -0.5053650098426763, "log10_min_child_weight": 2.1913438064444324, "log10_subsample": -0.9947531047397524, "max_depth": 5.0, "num_boost_round": 8.0}, "datetime": {"datetime": "2024-01-19 00:36:33", "elapsed": 1487.574255, "delta": 0.001831}}
{"target": -17.677116887155492, "params": {"gamma": 957.7300509563466, "log10_alpha": 0.13599180059777183, "log10_colsample_bytree": -0.5494473252681626, "log10_eta": -3.288136427785581, "log10_lambda": -0.5053650098426763, "log10_min_child_weight": 2.1913438064444324, "log10_subsample": -0.9947531047397524, "max_depth": 5.0, "num_boost_round": 9.0}, "datetime": {"datetime": "2024-01-19 00:36:33", "elapsed": 1487.576097, "delta": 0.001842}}
{"target": -17.677086516485186, "params": {"gamma": 957.7300509563466, "log10_alpha": 0.13599180059777183, "log10_colsample_bytree": -0.5494473252681626, "log10_eta": -3.288136427785581, "log10_lambda": -0.5053650098426763, "log10_min_child_weight": 2.1913438064444324, "log10_subsample": -0.9947531047397524, "max_depth": 5.0, "num_boost_round": 10.0}, "datetime": {"datetime": "2024-01-19 00:36:33", "elapsed": 1487.577908, "delta": 0.001811}}
{"target": -17.677079004931986, "params": {"gamma": 957.7300509563466, "log10_alpha": 0.13599180059777183, "log10_colsample_bytree": -0.5494473252681626, "log10_eta": -3.288136427785581, "log10_lambda": -0.5053650098426763, "log10_min_child_weight": 2.1913438064444324, "log10_subsample": -0.9947531047397524, "max_depth": 5.0, "num_boost_round": 11.0}, "datetime": {"datetime": "2024-01-19 00:36:33", "elapsed": 1487.57975, "delta": 0.001842}}
{"target": -17.677052423180385, "params": {"gamma": 957.7300509563466, "log10_alpha": 0.13599180059777183, "log10_colsample_bytree": -0.5494473252681626, "log10_eta": -3.288136427785581, "log10_lambda": -0.5053650098426763, "log10_min_child_weight": 2.1913438064444324, "log10_subsample": -0.9947531047397524, "max_depth": 5.0, "num_boost_round": 12.0}, "datetime": {"datetime": "2024-01-19 00:36:33", "elapsed": 1487.582301, "delta": 0.002551}}
{"target": -17.677022891976794, "params": {"gamma": 957.7300509563466, "log10_alpha": 0.13599180059777183, "log10_colsample_bytree": -0.5494473252681626, "log10_eta": -3.288136427785581, "log10_lambda": -0.5053650098426763, "log10_min_child_weight": 2.1913438064444324, "log10_subsample": -0.9947531047397524, "max_depth": 5.0, "num_boost_round": 13.0}, "datetime": {"datetime": "2024-01-19 00:36:33", "elapsed": 1487.584513, "delta": 0.002212}}
{"target": -17.677018246931375, "params": {"gamma": 957.7300509563466, "log10_alpha": 0.13599180059777183, "log10_colsample_bytree": -0.5494473252681626, "log10_eta": -3.288136427785581, "log10_lambda": -0.5053650098426763, "log10_min_child_weight": 2.1913438064444324, "log10_subsample": -0.9947531047397524, "max_depth": 5.0, "num_boost_round": 14.0}, "datetime": {"datetime": "2024-01-19 00:36:33", "elapsed": 1487.586368, "delta": 0.001855}}
{"target": -17.67700461845846, "params": {"gamma": 957.7300509563466, "log10_alpha": 0.13599180059777183, "log10_colsample_bytree": -0.5494473252681626, "log10_eta": -3.288136427785581, "log10_lambda": -0.5053650098426763, "log10_min_child_weight": 2.1913438064444324, "log10_subsample": -0.9947531047397524, "max_depth": 5.0, "num_boost_round": 15.0}, "datetime": {"datetime": "2024-01-19 00:36:33", "elapsed": 1487.588199, "delta": 0.001831}}
{"target": -17.67700153639401, "params": {"gamma": 957.7300509563466, "log10_alpha": 0.13599180059777183, "log10_colsample_bytree": -0.5494473252681626, "log10_eta": -3.288136427785581, "log10_lambda": -0.5053650098426763, "log10_min_child_weight": 2.1913438064444324, "log10_subsample": -0.9947531047397524, "max_depth": 5.0, "num_boost_round": 16.0}, "datetime": {"datetime": "2024-01-19 00:36:33", "elapsed": 1487.590081, "delta": 0.001882}}
{"target": -17.67695305545746, "params": {"gamma": 957.7300509563466, "log10_alpha": 0.13599180059777183, "log10_colsample_bytree": -0.5494473252681626, "log10_eta": -3.288136427785581, "log10_lambda": -0.5053650098426763, "log10_min_child_weight": 2.1913438064444324, "log10_subsample": -0.9947531047397524, "max_depth": 5.0, "num_boost_round": 17.0}, "datetime": {"datetime": "2024-01-19 00:36:33", "elapsed": 1487.592058, "delta": 0.001977}}
{"target": -17.676950395319125, "params": {"gamma": 957.7300509563466, "log10_alpha": 0.13599180059777183, "log10_colsample_bytree": -0.5494473252681626, "log10_eta": -3.288136427785581, "log10_lambda": -0.5053650098426763, "log10_min_child_weight": 2.1913438064444324, "log10_subsample": -0.9947531047397524, "max_depth": 5.0, "num_boost_round": 18.0}, "datetime": {"datetime": "2024-01-19 00:36:33", "elapsed": 1487.593893, "delta": 0.001835}}
{"target": -17.67692728941622, "params": {"gamma": 957.7300509563466, "log10_alpha": 0.13599180059777183, "log10_colsample_bytree": -0.5494473252681626, "log10_eta": -3.288136427785581, "log10_lambda": -0.5053650098426763, "log10_min_child_weight": 2.1913438064444324, "log10_subsample": -0.9947531047397524, "max_depth": 5.0, "num_boost_round": 19.0}, "datetime": {"datetime": "2024-01-19 00:36:33", "elapsed": 1487.595721, "delta": 0.001828}}
{"target": -17.676904273739822, "params": {"gamma": 957.7300509563466, "log10_alpha": 0.13599180059777183, "log10_colsample_bytree": -0.5494473252681626, "log10_eta": -3.288136427785581, "log10_lambda": -0.5053650098426763, "log10_min_child_weight": 2.1913438064444324, "log10_subsample": -0.9947531047397524, "max_depth": 5.0, "num_boost_round": 20.0}, "datetime": {"datetime": "2024-01-19 00:36:33", "elapsed": 1487.597534, "delta": 0.001813}}
