{"target": -17.67723297880777, "params": {"gamma": 612.5333078609883, "log10_alpha": -5.0, "log10_colsample_bytree": 0.0, "log10_eta": -4.0, "log10_lambda": 1.0, "log10_min_child_weight": 5.0, "log10_subsample": -1.0, "max_depth": 6.0, "num_boost_round": 1.0}, "datetime": {"datetime": "2024-01-19 00:58:15", "elapsed": 2792.773521, "delta": 0.003763}}
{"target": -17.677232978918163, "params": {"gamma": 612.5333078609883, "log10_alpha": -5.0, "log10_colsample_bytree": 0.0, "log10_eta": -4.0, "log10_lambda": 1.0, "log10_min_child_weight": 5.0, "log10_subsample": -1.0, "max_depth": 6.0, "num_boost_round": 2.0}, "datetime": {"datetime": "2024-01-19 00:58:15", "elapsed": 2792.776594, "delta": 0.003073}}
{"target": -17.67723302600312, "params": {"gamma": 612.5333078609883, "log10_alpha": -5.0, "log10_colsample_bytree": 0.0, "log10_eta": -4.0, "log10_lambda": 1.0, "log10_min_child_weight": 5.0, "log10_subsample": -1.0, "max_depth": 6.0, "num_boost_round": 3.0}, "datetime": {"datetime": "2024-01-19 00:58:15", "elapsed": 2792.779554, "delta": 0.00296}}
{"target": -17.67723297047137, "params": {"gamma": 612.5333078609883, "log10_alpha": -5.0, "log10_colsample_bytree": 0.0, "log10_eta": -4.0, "log10_lambda": 1.0, "log10_min_child_weight": 5.0, "log10_subsample": -1.0, "max_depth": 6.0, "num_boost_round": 4.0}, "datetime": {"datetime": "2024-01-19 00:58:15", "elapsed": 2792.782671, "delta": 0.003117}}
{"target": -17.67723299075681, "params": {"gamma": 612.5333078609883, "log10_alpha": -5.0, "log10_colsample_bytree": 0.0, "log10_eta": -4.0, "log10_lambda": 1.0, "log10_min_child_weight": 5.0, "log10_subsample": -1.0, "max_depth": 6.0, "num_boost_round": 5.0}, "datetime": {"datetime": "2024-01-19 00:58:15", "elapsed": 2792.785729, "delta": 0.003058}}
{"target": -17.677233004795816, "params": {"gamma": 612.5333078609883, "log10_alpha": -5.0, "log10_colsample_bytree": 0.0, "log10_eta": -4.0, "log10_lambda": 1.0, "log10_min_child_weight": 5.0, "log10_subsample": -1.0, "max_depth": 6.0, "num_boost_round": 6.0}, "datetime": {"datetime": "2024-01-19 00:58:15", "elapsed": 2792.788788, "delta": 0.003059}}
{"target": -17.67723292755951, "params": {"gamma": 612.5333078609883, "log10_alpha": -5.0, "log10_colsample_bytree": 0.0, "log10_eta": -4.0, "log10_lambda": 1.0, "log10_min_child_weight": 5.0, "log10_subsample": -1.0, "max_depth": 6.0, "num_boost_round": 7.0}, "datetime": {"datetime": "2024-01-19 00:58:15", "elapsed": 2792.791742, "delta": 0.002954}}
{"target": -17.677232921981876, "params": {"gamma": 612.5333078609883, "log10_alpha": -5.0, "log10_colsample_bytree": 0.0, "log10_eta": -4.0, "log10_lambda": 1.0, "log10_min_child_weight": 5.0, "log10_subsample": -1.0, "max_depth": 6.0, "num_boost_round": 8.0}, "datetime": {"datetime": "2024-01-19 00:58:15", "elapsed": 2792.79475, "delta": 0.003008}}
{"target": -17.67723290076487, "params": {"gamma": 612.5333078609883, "log10_alpha": -5.0, "log10_colsample_bytree": 0.0, "log10_eta": -4.0, "log10_lambda": 1.0, "log10_min_child_weight": 5.0, "log10_subsample": -1.0, "max_depth": 6.0, "num_boost_round": 9.0}, "datetime": {"datetime": "2024-01-19 00:58:15", "elapsed": 2792.797759, "delta": 0.003009}}
{"target": -17.677232921713593, "params": {"gamma": 612.5333078609883, "log10_alpha": -5.0, "log10_colsample_bytree": 0.0, "log10_eta": -4.0, "log10_lambda": 1.0, "log10_min_child_weight": 5.0, "log10_subsample": -1.0, "max_depth": 6.0, "num_boost_round": 10.0}, "datetime": {"datetime": "2024-01-19 00:58:15", "elapsed": 2792.800769, "delta": 0.00301}}
{"target": -17.67723290663364, "params": {"gamma": 612.5333078609883, "log10_alpha": -5.0, "log10_colsample_bytree": 0.0, "log10_eta": -4.0, "log10_lambda": 1.0, "log10_min_child_weight": 5.0, "log10_subsample": -1.0, "max_depth": 6.0, "num_boost_round": 11.0}, "datetime": {"datetime": "2024-01-19 00:58:15", "elapsed": 2792.803758, "delta": 0.002989}}
{"target": -17.67723290590192, "params": {"gamma": 612.5333078609883, "log10_alpha": -5.0, "log10_colsample_bytree": 0.0, "log10_eta": -4.0, "log10_lambda": 1.0, "log10_min_child_weight": 5.0, "log10_subsample": -1.0, "max_depth": 6.0, "num_boost_round": 12.0}, "datetime": {"datetime": "2024-01-19 00:58:15", "elapsed": 2792.806704, "delta": 0.002946}}
{"target": -17.677219295023672, "params": {"gamma": 563.9570408622055, "log10_alpha": -2.36914212430574, "log10_colsample_bytree": -0.8541919495270481, "log10_eta": -3.3857412810723435, "log10_lambda": -3.6270873219519038, "log10_min_child_weight": 2.3246494265118676, "log10_subsample": -0.4160780703871867, "max_depth": 2.0, "num_boost_round": 0.0}, "datetime": {"datetime": "2024-01-19 00:58:48", "elapsed": 2825.561157, "delta": 32.754453}}
{"target": -17.67720681917713, "params": {"gamma": 563.9570408622055, "log10_alpha": -2.36914212430574, "log10_colsample_bytree": -0.8541919495270481, "log10_eta": -3.3857412810723435, "log10_lambda": -3.6270873219519038, "log10_min_child_weight": 2.3246494265118676, "log10_subsample": -0.4160780703871867, "max_depth": 2.0, "num_boost_round": 1.0}, "datetime": {"datetime": "2024-01-19 00:58:48", "elapsed": 2825.564335, "delta": 0.003178}}
{"target": -17.67720010018235, "params": {"gamma": 563.9570408622055, "log10_alpha": -2.36914212430574, "log10_colsample_bytree": -0.8541919495270481, "log10_eta": -3.3857412810723435, "log10_lambda": -3.6270873219519038, "log10_min_child_weight": 2.3246494265118676, "log10_subsample": -0.4160780703871867, "max_depth": 2.0, "num_boost_round": 2.0}, "datetime": {"datetime": "2024-01-19 00:58:48", "elapsed": 2825.567524, "delta": 0.003189}}
{"target": -17.677195133653104, "params": {"gamma": 563.9570408622055, "log10_alpha": -2.36914212430574, "log10_colsample_bytree": -0.8541919495270481, "log10_eta": -3.3857412810723435, "log10_lambda": -3.6270873219519038, "log10_min_child_weight": 2.3246494265118676, "log10_subsample": -0.4160780703871867, "max_depth": 2.0, "num_boost_round": 3.0}, "datetime": {"datetime": "2024-01-19 00:58:48", "elapsed": 2825.571205, "delta": 0.003681}}
{"target": -17.677189843567238, "params": {"gamma": 563.9570408622055, "log10_alpha": -2.36914212430574, "log10_colsample_bytree": -0.8541919495270481, "log10_eta": -3.3857412810723435, "log10_lambda": -3.6270873219519038, "log10_min_child_weight": 2.3246494265118676, "log10_subsample": -0.4160780703871867, "max_depth": 2.0, "num_boost_round": 4.0}, "datetime": {"datetime": "2024-01-19 00:58:48", "elapsed": 2825.574247, "delta": 0.003042}}
{"target": -17.677178975675318, "params": {"gamma": 563.9570408622055, "log10_alpha": -2.36914212430574, "log10_colsample_bytree": -0.8541919495270481, "log10_eta": -3.3857412810723435, "log10_lambda": -3.6270873219519038, "log10_min_child_weight": 2.3246494265118676, "log10_subsample": -0.4160780703871867, "max_depth": 2.0, "num_boost_round": 5.0}, "datetime": {"datetime": "2024-01-19 00:58:48", "elapsed": 2825.577211, "delta": 0.002964}}
{"target": -17.677173368792623, "params": {"gamma": 563.9570408622055, "log10_alpha": -2.36914212430574, "log10_colsample_bytree": -0.8541919495270481, "log10_eta": -3.3857412810723435, "log10_lambda": -3.6270873219519038, "log10_min_child_weight": 2.3246494265118676, "log10_subsample": -0.4160780703871867, "max_depth": 2.0, "num_boost_round": 6.0}, "datetime": {"datetime": "2024-01-19 00:58:48", "elapsed": 2825.580305, "delta": 0.003094}}
{"target": -17.677159067095076, "params": {"gamma": 563.9570408622055, "log10_alpha": -2.36914212430574, "log10_colsample_bytree": -0.8541919495270481, "log10_eta": -3.3857412810723435, "log10_lambda": -3.6270873219519038, "log10_min_child_weight": 2.3246494265118676, "log10_subsample": -0.4160780703871867, "max_depth": 2.0, "num_boost_round": 7.0}, "datetime": {"datetime": "2024-01-19 00:58:48", "elapsed": 2825.583361, "delta": 0.003056}}
{"target": -17.67715713732735, "params": {"gamma": 563.9570408622055, "log10_alpha": -2.36914212430574, "log10_colsample_bytree": -0.8541919495270481, "log10_eta": -3.3857412810723435, "log10_lambda": -3.6270873219519038, "log10_min_child_weight": 2.3246494265118676, "log10_subsample": -0.4160780703871867, "max_depth": 2.0, "num_boost_round": 8.0}, "datetime": {"datetime": "2024-01-19 00:58:48", "elapsed": 2825.586345, "delta": 0.002984}}
{"target": -17.677150150033658, "params": {"gamma": 563.9570408622055, "log10_alpha": -2.36914212430574, "log10_colsample_bytree": -0.8541919495270481, "log10_eta": -3.3857412810723435, "log10_lambda": -3.6270873219519038, "log10_min_child_weight": 2.3246494265118676, "log10_subsample": -0.4160780703871867, "max_depth": 2.0, "num_boost_round": 9.0}, "datetime": {"datetime": "2024-01-19 00:58:48", "elapsed": 2825.589407, "delta": 0.003062}}
{"target": -17.6772320026974, "params": {"gamma": 616.3671104465841, "log10_alpha": -5.0, "log10_colsample_bytree": -1.0, "log10_eta": -4.0, "log10_lambda": 1.0, "log10_min_child_weight": 5.0, "log10_subsample": 0.0, "max_depth": 9.0, "num_boost_round": 0.0}, "datetime": {"datetime": "2024-01-19 00:59:32", "elapsed": 2870.049182, "delta": 44.459775}}
{"target": -17.677230935975608, "params": {"gamma": 616.3671104465841, "log10_alpha": -5.0, "log10_colsample_bytree": -1.0, "log10_eta": -4.0, "log10_lambda": 1.0, "log10_min_child_weight": 5.0, "log10_subsample": 0.0, "max_depth": 9.0, "num_boost_round": 1.0}, "datetime": {"datetime": "2024-01-19 00:59:32", "elapsed": 2870.053283, "delta": 0.004101}}
{"target": -17.67723008159318, "params": {"gamma": 616.3671104465841, "log10_alpha": -5.0, "log10_colsample_bytree": -1.0, "log10_eta": -4.0, "log10_lambda": 1.0, "log10_min_child_weight": 5.0, "log10_subsample": 0.0, "max_depth": 9.0, "num_boost_round": 2.0}, "datetime": {"datetime": "2024-01-19 00:59:32", "elapsed": 2870.05632, "delta": 0.003037}}
{"target": -17.67722984054848, "params": {"gamma": 616.3671104465841, "log10_alpha": -5.0, "log10_colsample_bytree": -1.0, "log10_eta": -4.0, "log10_lambda": 1.0, "log10_min_child_weight": 5.0, "log10_subsample": 0.0, "max_depth": 9.0, "num_boost_round": 3.0}, "datetime": {"datetime": "2024-01-19 00:59:32", "elapsed": 2870.059435, "delta": 0.003115}}
{"target": -17.67722877916819, "params": {"gamma": 616.3671104465841, "log10_alpha": -5.0, "log10_colsample_bytree": -1.0, "log10_eta": -4.0, "log10_lambda": 1.0, "log10_min_child_weight": 5.0, "log10_subsample": 0.0, "max_depth": 9.0, "num_boost_round": 4.0}, "datetime": {"datetime": "2024-01-19 00:59:32", "elapsed": 2870.062463, "delta": 0.003028}}
{"target": -17.67722813438475, "params": {"gamma": 616.3671104465841, "log10_alpha": -5.0, "log10_colsample_bytree": -1.0, "log10_eta": -4.0, "log10_lambda": 1.0, "log10_min_child_weight": 5.0, "log10_subsample": 0.0, "max_depth": 9.0, "num_boost_round": 5.0}, "datetime": {"datetime": "2024-01-19 00:59:32", "elapsed": 2870.065475, "delta": 0.003012}}
{"target": -17.67722751810849, "params": {"gamma": 616.3671104465841, "log10_alpha": -5.0, "log10_colsample_bytree": -1.0, "log10_eta": -4.0, "log10_lambda": 1.0, "log10_min_child_weight": 5.0, "log10_subsample": 0.0, "max_depth": 9.0, "num_boost_round": 6.0}, "datetime": {"datetime": "2024-01-19 00:59:32", "elapsed": 2870.068504, "delta": 0.003029}}
{"target": -17.677226711871263, "params": {"gamma": 616.3671104465841, "log10_alpha": -5.0, "log10_colsample_bytree": -1.0, "log10_eta": -4.0, "log10_lambda": 1.0, "log10_min_child_weight": 5.0, "log10_subsample": 0.0, "max_depth": 9.0, "num_boost_round": 7.0}, "datetime": {"datetime": "2024-01-19 00:59:32", "elapsed": 2870.071642, "delta": 0.003138}}
{"target": -17.677226346204122, "params": {"gamma": 616.3671104465841, "log10_alpha": -5.0, "log10_colsample_bytree": -1.0, "log10_eta": -4.0, "log10_lambda": 1.0, "log10_min_child_weight": 5.0, "log10_subsample": 0.0, "max_depth": 9.0, "num_boost_round": 8.0}, "datetime": {"datetime": "2024-01-19 00:59:32", "elapsed": 2870.074701, "delta": 0.003059}}
{"target": -17.677226224988377, "params": {"gamma": 616.3671104465841, "log10_alpha": -5.0, "log10_colsample_bytree": -1.0, "log10_eta": -4.0, "log10_lambda": 1.0, "log10_min_child_weight": 5.0, "log10_subsample": 0.0, "max_depth": 9.0, "num_boost_round": 9.0}, "datetime": {"datetime": "2024-01-19 00:59:32", "elapsed": 2870.077779, "delta": 0.003078}}
{"target": -17.67722625742183, "params": {"gamma": 616.3671104465841, "log10_alpha": -5.0, "log10_colsample_bytree": -1.0, "log10_eta": -4.0, "log10_lambda": 1.0, "log10_min_child_weight": 5.0, "log10_subsample": 0.0, "max_depth": 9.0, "num_boost_round": 10.0}, "datetime": {"datetime": "2024-01-19 00:59:32", "elapsed": 2870.080867, "delta": 0.003088}}
{"target": -17.677224967486193, "params": {"gamma": 616.3671104465841, "log10_alpha": -5.0, "log10_colsample_bytree": -1.0, "log10_eta": -4.0, "log10_lambda": 1.0, "log10_min_child_weight": 5.0, "log10_subsample": 0.0, "max_depth": 9.0, "num_boost_round": 11.0}, "datetime": {"datetime": "2024-01-19 00:59:32", "elapsed": 2870.083948, "delta": 0.003081}}
{"target": -17.67722332704097, "params": {"gamma": 616.3671104465841, "log10_alpha": -5.0, "log10_colsample_bytree": -1.0, "log10_eta": -4.0, "log10_lambda": 1.0, "log10_min_child_weight": 5.0, "log10_subsample": 0.0, "max_depth": 9.0, "num_boost_round": 12.0}, "datetime": {"datetime": "2024-01-19 00:59:32", "elapsed": 2870.086981, "delta": 0.003033}}
{"target": -17.677221584844386, "params": {"gamma": 616.3671104465841, "log10_alpha": -5.0, "log10_colsample_bytree": -1.0, "log10_eta": -4.0, "log10_lambda": 1.0, "log10_min_child_weight": 5.0, "log10_subsample": 0.0, "max_depth": 9.0, "num_boost_round": 13.0}, "datetime": {"datetime": "2024-01-19 00:59:32", "elapsed": 2870.090108, "delta": 0.003127}}
{"target": -17.67722062614887, "params": {"gamma": 616.3671104465841, "log10_alpha": -5.0, "log10_colsample_bytree": -1.0, "log10_eta": -4.0, "log10_lambda": 1.0, "log10_min_child_weight": 5.0, "log10_subsample": 0.0, "max_depth": 9.0, "num_boost_round": 14.0}, "datetime": {"datetime": "2024-01-19 00:59:32", "elapsed": 2870.093137, "delta": 0.003029}}
{"target": -17.67721922719432, "params": {"gamma": 616.3671104465841, "log10_alpha": -5.0, "log10_colsample_bytree": -1.0, "log10_eta": -4.0, "log10_lambda": 1.0, "log10_min_child_weight": 5.0, "log10_subsample": 0.0, "max_depth": 9.0, "num_boost_round": 15.0}, "datetime": {"datetime": "2024-01-19 00:59:32", "elapsed": 2870.096163, "delta": 0.003026}}
{"target": -17.677218659189474, "params": {"gamma": 616.3671104465841, "log10_alpha": -5.0, "log10_colsample_bytree": -1.0, "log10_eta": -4.0, "log10_lambda": 1.0, "log10_min_child_weight": 5.0, "log10_subsample": 0.0, "max_depth": 9.0, "num_boost_round": 16.0}, "datetime": {"datetime": "2024-01-19 00:59:32", "elapsed": 2870.09925, "delta": 0.003087}}
{"target": -17.677218561315268, "params": {"gamma": 616.3671104465841, "log10_alpha": -5.0, "log10_colsample_bytree": -1.0, "log10_eta": -4.0, "log10_lambda": 1.0, "log10_min_child_weight": 5.0, "log10_subsample": 0.0, "max_depth": 9.0, "num_boost_round": 17.0}, "datetime": {"datetime": "2024-01-19 00:59:32", "elapsed": 2870.102289, "delta": 0.003039}}
{"target": -17.677217230702215, "params": {"gamma": 616.3671104465841, "log10_alpha": -5.0, "log10_colsample_bytree": -1.0, "log10_eta": -4.0, "log10_lambda": 1.0, "log10_min_child_weight": 5.0, "log10_subsample": 0.0, "max_depth": 9.0, "num_boost_round": 18.0}, "datetime": {"datetime": "2024-01-19 00:59:32", "elapsed": 2870.10531, "delta": 0.003021}}
{"target": -17.67721517733858, "params": {"gamma": 616.3671104465841, "log10_alpha": -5.0, "log10_colsample_bytree": -1.0, "log10_eta": -4.0, "log10_lambda": 1.0, "log10_min_child_weight": 5.0, "log10_subsample": 0.0, "max_depth": 9.0, "num_boost_round": 19.0}, "datetime": {"datetime": "2024-01-19 00:59:32", "elapsed": 2870.108413, "delta": 0.003103}}
{"target": -17.677208913722307, "params": {"gamma": 622.6225443838518, "log10_alpha": -3.640118058885096, "log10_colsample_bytree": -0.0012019690927747018, "log10_eta": -2.3822820773538784, "log10_lambda": -4.682465305269817, "log10_min_child_weight": 4.993772364449746, "log10_subsample": -0.31136012338108443, "max_depth": 4.0, "num_boost_round": 0.0}, "datetime": {"datetime": "2024-01-19 01:00:20", "elapsed": 2918.290653, "delta": 48.18224}}
{"target": -17.67719301757697, "params": {"gamma": 622.6225443838518, "log10_alpha": -3.640118058885096, "log10_colsample_bytree": -0.0012019690927747018, "log10_eta": -2.3822820773538784, "log10_lambda": -4.682465305269817, "log10_min_child_weight": 4.993772364449746, "log10_subsample": -0.31136012338108443, "max_depth": 4.0, "num_boost_round": 1.0}, "datetime": {"datetime": "2024-01-19 01:00:20", "elapsed": 2918.294473, "delta": 0.00382}}
{"target": -17.677172614045116, "params": {"gamma": 622.6225443838518, "log10_alpha": -3.640118058885096, "log10_colsample_bytree": -0.0012019690927747018, "log10_eta": -2.3822820773538784, "log10_lambda": -4.682465305269817, "log10_min_child_weight": 4.993772364449746, "log10_subsample": -0.31136012338108443, "max_depth": 4.0, "num_boost_round": 2.0}, "datetime": {"datetime": "2024-01-19 01:00:20", "elapsed": 2918.297658, "delta": 0.003185}}
{"target": -17.6771499796893, "params": {"gamma": 622.6225443838518, "log10_alpha": -3.640118058885096, "log10_colsample_bytree": -0.0012019690927747018, "log10_eta": -2.3822820773538784, "log10_lambda": -4.682465305269817, "log10_min_child_weight": 4.993772364449746, "log10_subsample": -0.31136012338108443, "max_depth": 4.0, "num_boost_round": 3.0}, "datetime": {"datetime": "2024-01-19 01:00:20", "elapsed": 2918.300773, "delta": 0.003115}}
{"target": -17.677127112338393, "params": {"gamma": 622.6225443838518, "log10_alpha": -3.640118058885096, "log10_colsample_bytree": -0.0012019690927747018, "log10_eta": -2.3822820773538784, "log10_lambda": -4.682465305269817, "log10_min_child_weight": 4.993772364449746, "log10_subsample": -0.31136012338108443, "max_depth": 4.0, "num_boost_round": 4.0}, "datetime": {"datetime": "2024-01-19 01:00:20", "elapsed": 2918.303803, "delta": 0.00303}}
{"target": -17.677104866328467, "params": {"gamma": 622.6225443838518, "log10_alpha": -3.640118058885096, "log10_colsample_bytree": -0.0012019690927747018, "log10_eta": -2.3822820773538784, "log10_lambda": -4.682465305269817, "log10_min_child_weight": 4.993772364449746, "log10_subsample": -0.31136012338108443, "max_depth": 4.0, "num_boost_round": 5.0}, "datetime": {"datetime": "2024-01-19 01:00:20", "elapsed": 2918.306808, "delta": 0.003005}}
{"target": -17.67709372740438, "params": {"gamma": 622.6225443838518, "log10_alpha": -3.640118058885096, "log10_colsample_bytree": -0.0012019690927747018, "log10_eta": -2.3822820773538784, "log10_lambda": -4.682465305269817, "log10_min_child_weight": 4.993772364449746, "log10_subsample": -0.31136012338108443, "max_depth": 4.0, "num_boost_round": 6.0}, "datetime": {"datetime": "2024-01-19 01:00:20", "elapsed": 2918.309909, "delta": 0.003101}}
{"target": -17.67707674232403, "params": {"gamma": 622.6225443838518, "log10_alpha": -3.640118058885096, "log10_colsample_bytree": -0.0012019690927747018, "log10_eta": -2.3822820773538784, "log10_lambda": -4.682465305269817, "log10_min_child_weight": 4.993772364449746, "log10_subsample": -0.31136012338108443, "max_depth": 4.0, "num_boost_round": 7.0}, "datetime": {"datetime": "2024-01-19 01:00:20", "elapsed": 2918.312936, "delta": 0.003027}}
{"target": -17.677038141034352, "params": {"gamma": 622.6225443838518, "log10_alpha": -3.640118058885096, "log10_colsample_bytree": -0.0012019690927747018, "log10_eta": -2.3822820773538784, "log10_lambda": -4.682465305269817, "log10_min_child_weight": 4.993772364449746, "log10_subsample": -0.31136012338108443, "max_depth": 4.0, "num_boost_round": 8.0}, "datetime": {"datetime": "2024-01-19 01:00:20", "elapsed": 2918.315966, "delta": 0.00303}}
{"target": -17.67702154255614, "params": {"gamma": 622.6225443838518, "log10_alpha": -3.640118058885096, "log10_colsample_bytree": -0.0012019690927747018, "log10_eta": -2.3822820773538784, "log10_lambda": -4.682465305269817, "log10_min_child_weight": 4.993772364449746, "log10_subsample": -0.31136012338108443, "max_depth": 4.0, "num_boost_round": 9.0}, "datetime": {"datetime": "2024-01-19 01:00:20", "elapsed": 2918.318951, "delta": 0.002985}}
{"target": -17.677002702481612, "params": {"gamma": 622.6225443838518, "log10_alpha": -3.640118058885096, "log10_colsample_bytree": -0.0012019690927747018, "log10_eta": -2.3822820773538784, "log10_lambda": -4.682465305269817, "log10_min_child_weight": 4.993772364449746, "log10_subsample": -0.31136012338108443, "max_depth": 4.0, "num_boost_round": 10.0}, "datetime": {"datetime": "2024-01-19 01:00:20", "elapsed": 2918.321995, "delta": 0.003044}}
{"target": -17.676993093781636, "params": {"gamma": 622.6225443838518, "log10_alpha": -3.640118058885096, "log10_colsample_bytree": -0.0012019690927747018, "log10_eta": -2.3822820773538784, "log10_lambda": -4.682465305269817, "log10_min_child_weight": 4.993772364449746, "log10_subsample": -0.31136012338108443, "max_depth": 4.0, "num_boost_round": 11.0}, "datetime": {"datetime": "2024-01-19 01:00:20", "elapsed": 2918.324993, "delta": 0.002998}}
{"target": -17.67697717772657, "params": {"gamma": 622.6225443838518, "log10_alpha": -3.640118058885096, "log10_colsample_bytree": -0.0012019690927747018, "log10_eta": -2.3822820773538784, "log10_lambda": -4.682465305269817, "log10_min_child_weight": 4.993772364449746, "log10_subsample": -0.31136012338108443, "max_depth": 4.0, "num_boost_round": 12.0}, "datetime": {"datetime": "2024-01-19 01:00:20", "elapsed": 2918.327999, "delta": 0.003006}}
