{"target": -13.758542019122393, "params": {"gamma": 552.9280016608893, "log10_alpha": -3.249915046355606, "log10_colsample_bytree": -0.9826351787019753, "log10_eta": -3.215134613943726, "log10_lambda": -3.1766530043019525, "log10_min_child_weight": 4.194403931596538, "log10_subsample": -0.8018304492194838, "max_depth": 3.0, "num_boost_round": 10.0}, "datetime": {"datetime": "2024-01-19 00:14:45", "elapsed": 138.51393, "delta": 0.000568}}
{"target": -13.758538963761252, "params": {"gamma": 552.9280016608893, "log10_alpha": -3.249915046355606, "log10_colsample_bytree": -0.9826351787019753, "log10_eta": -3.215134613943726, "log10_lambda": -3.1766530043019525, "log10_min_child_weight": 4.194403931596538, "log10_subsample": -0.8018304492194838, "max_depth": 3.0, "num_boost_round": 11.0}, "datetime": {"datetime": "2024-01-19 00:14:45", "elapsed": 138.514503, "delta": 0.000573}}
{"target": -13.758538505990744, "params": {"gamma": 552.9280016608893, "log10_alpha": -3.249915046355606, "log10_colsample_bytree": -0.9826351787019753, "log10_eta": -3.215134613943726, "log10_lambda": -3.1766530043019525, "log10_min_child_weight": 4.194403931596538, "log10_subsample": -0.8018304492194838, "max_depth": 3.0, "num_boost_round": 12.0}, "datetime": {"datetime": "2024-01-19 00:14:45", "elapsed": 138.51865, "delta": 0.004147}}
{"target": -13.758533622495435, "params": {"gamma": 552.9280016608893, "log10_alpha": -3.249915046355606, "log10_colsample_bytree": -0.9826351787019753, "log10_eta": -3.215134613943726, "log10_lambda": -3.1766530043019525, "log10_min_child_weight": 4.194403931596538, "log10_subsample": -0.8018304492194838, "max_depth": 3.0, "num_boost_round": 13.0}, "datetime": {"datetime": "2024-01-19 00:14:45", "elapsed": 138.519239, "delta": 0.000589}}
{"target": -13.75853238373729, "params": {"gamma": 552.9280016608893, "log10_alpha": -3.249915046355606, "log10_colsample_bytree": -0.9826351787019753, "log10_eta": -3.215134613943726, "log10_lambda": -3.1766530043019525, "log10_min_child_weight": 4.194403931596538, "log10_subsample": -0.8018304492194838, "max_depth": 3.0, "num_boost_round": 14.0}, "datetime": {"datetime": "2024-01-19 00:14:45", "elapsed": 138.519829, "delta": 0.00059}}
{"target": -13.75852666975273, "params": {"gamma": 552.9280016608893, "log10_alpha": -3.249915046355606, "log10_colsample_bytree": -0.9826351787019753, "log10_eta": -3.215134613943726, "log10_lambda": -3.1766530043019525, "log10_min_child_weight": 4.194403931596538, "log10_subsample": -0.8018304492194838, "max_depth": 3.0, "num_boost_round": 15.0}, "datetime": {"datetime": "2024-01-19 00:14:45", "elapsed": 138.520427, "delta": 0.000598}}
{"target": -13.75852369538304, "params": {"gamma": 552.9280016608893, "log10_alpha": -3.249915046355606, "log10_colsample_bytree": -0.9826351787019753, "log10_eta": -3.215134613943726, "log10_lambda": -3.1766530043019525, "log10_min_child_weight": 4.194403931596538, "log10_subsample": -0.8018304492194838, "max_depth": 3.0, "num_boost_round": 16.0}, "datetime": {"datetime": "2024-01-19 00:14:45", "elapsed": 138.521018, "delta": 0.000591}}
{"target": -13.758527021299786, "params": {"gamma": 552.9280016608893, "log10_alpha": -3.249915046355606, "log10_colsample_bytree": -0.9826351787019753, "log10_eta": -3.215134613943726, "log10_lambda": -3.1766530043019525, "log10_min_child_weight": 4.194403931596538, "log10_subsample": -0.8018304492194838, "max_depth": 3.0, "num_boost_round": 17.0}, "datetime": {"datetime": "2024-01-19 00:14:45", "elapsed": 138.521617, "delta": 0.000599}}
{"target": -13.758524177213108, "params": {"gamma": 552.9280016608893, "log10_alpha": -3.249915046355606, "log10_colsample_bytree": -0.9826351787019753, "log10_eta": -3.215134613943726, "log10_lambda": -3.1766530043019525, "log10_min_child_weight": 4.194403931596538, "log10_subsample": -0.8018304492194838, "max_depth": 3.0, "num_boost_round": 18.0}, "datetime": {"datetime": "2024-01-19 00:14:45", "elapsed": 138.522214, "delta": 0.000597}}
{"target": -13.758520457564318, "params": {"gamma": 552.9280016608893, "log10_alpha": -3.249915046355606, "log10_colsample_bytree": -0.9826351787019753, "log10_eta": -3.215134613943726, "log10_lambda": -3.1766530043019525, "log10_min_child_weight": 4.194403931596538, "log10_subsample": -0.8018304492194838, "max_depth": 3.0, "num_boost_round": 19.0}, "datetime": {"datetime": "2024-01-19 00:14:45", "elapsed": 138.522821, "delta": 0.000607}}
{"target": -13.758520850335122, "params": {"gamma": 552.9280016608893, "log10_alpha": -3.249915046355606, "log10_colsample_bytree": -0.9826351787019753, "log10_eta": -3.215134613943726, "log10_lambda": -3.1766530043019525, "log10_min_child_weight": 4.194403931596538, "log10_subsample": -0.8018304492194838, "max_depth": 3.0, "num_boost_round": 20.0}, "datetime": {"datetime": "2024-01-19 00:14:45", "elapsed": 138.523422, "delta": 0.000601}}
{"target": -13.758520344237818, "params": {"gamma": 552.9280016608893, "log10_alpha": -3.249915046355606, "log10_colsample_bytree": -0.9826351787019753, "log10_eta": -3.215134613943726, "log10_lambda": -3.1766530043019525, "log10_min_child_weight": 4.194403931596538, "log10_subsample": -0.8018304492194838, "max_depth": 3.0, "num_boost_round": 21.0}, "datetime": {"datetime": "2024-01-19 00:14:45", "elapsed": 138.524021, "delta": 0.000599}}
{"target": -13.758521403214953, "params": {"gamma": 552.9280016608893, "log10_alpha": -3.249915046355606, "log10_colsample_bytree": -0.9826351787019753, "log10_eta": -3.215134613943726, "log10_lambda": -3.1766530043019525, "log10_min_child_weight": 4.194403931596538, "log10_subsample": -0.8018304492194838, "max_depth": 3.0, "num_boost_round": 22.0}, "datetime": {"datetime": "2024-01-19 00:14:45", "elapsed": 138.524618, "delta": 0.000597}}
{"target": -13.758520732969194, "params": {"gamma": 552.9280016608893, "log10_alpha": -3.249915046355606, "log10_colsample_bytree": -0.9826351787019753, "log10_eta": -3.215134613943726, "log10_lambda": -3.1766530043019525, "log10_min_child_weight": 4.194403931596538, "log10_subsample": -0.8018304492194838, "max_depth": 3.0, "num_boost_round": 23.0}, "datetime": {"datetime": "2024-01-19 00:14:45", "elapsed": 138.52521, "delta": 0.000592}}
{"target": -13.758493266004983, "params": {"gamma": 550.3339018645728, "log10_alpha": -2.9319476051249325, "log10_colsample_bytree": -0.6522180260884629, "log10_eta": -2.2670256767812873, "log10_lambda": -3.511020642122209, "log10_min_child_weight": 1.0643988308231318, "log10_subsample": -0.860586917825349, "max_depth": 8.0, "num_boost_round": 0.0}, "datetime": {"datetime": "2024-01-19 00:15:12", "elapsed": 165.532562, "delta": 27.007352}}
{"target": -13.758144259951953, "params": {"gamma": 550.3339018645728, "log10_alpha": -2.9319476051249325, "log10_colsample_bytree": -0.6522180260884629, "log10_eta": -2.2670256767812873, "log10_lambda": -3.511020642122209, "log10_min_child_weight": 1.0643988308231318, "log10_subsample": -0.860586917825349, "max_depth": 8.0, "num_boost_round": 1.0}, "datetime": {"datetime": "2024-01-19 00:15:12", "elapsed": 165.533327, "delta": 0.000765}}
{"target": -13.757628847138713, "params": {"gamma": 550.3339018645728, "log10_alpha": -2.9319476051249325, "log10_colsample_bytree": -0.6522180260884629, "log10_eta": -2.2670256767812873, "log10_lambda": -3.511020642122209, "log10_min_child_weight": 1.0643988308231318, "log10_subsample": -0.860586917825349, "max_depth": 8.0, "num_boost_round": 2.0}, "datetime": {"datetime": "2024-01-19 00:15:12", "elapsed": 165.533891, "delta": 0.000564}}
{"target": -13.757448239897373, "params": {"gamma": 550.3339018645728, "log10_alpha": -2.9319476051249325, "log10_colsample_bytree": -0.6522180260884629, "log10_eta": -2.2670256767812873, "log10_lambda": -3.511020642122209, "log10_min_child_weight": 1.0643988308231318, "log10_subsample": -0.860586917825349, "max_depth": 8.0, "num_boost_round": 3.0}, "datetime": {"datetime": "2024-01-19 00:15:12", "elapsed": 165.534512, "delta": 0.000621}}
{"target": -13.75733622832321, "params": {"gamma": 550.3339018645728, "log10_alpha": -2.9319476051249325, "log10_colsample_bytree": -0.6522180260884629, "log10_eta": -2.2670256767812873, "log10_lambda": -3.511020642122209, "log10_min_child_weight": 1.0643988308231318, "log10_subsample": -0.860586917825349, "max_depth": 8.0, "num_boost_round": 4.0}, "datetime": {"datetime": "2024-01-19 00:15:12", "elapsed": 165.535125, "delta": 0.000613}}
{"target": -13.756923734853135, "params": {"gamma": 550.3339018645728, "log10_alpha": -2.9319476051249325, "log10_colsample_bytree": -0.6522180260884629, "log10_eta": -2.2670256767812873, "log10_lambda": -3.511020642122209, "log10_min_child_weight": 1.0643988308231318, "log10_subsample": -0.860586917825349, "max_depth": 8.0, "num_boost_round": 5.0}, "datetime": {"datetime": "2024-01-19 00:15:12", "elapsed": 165.535738, "delta": 0.000613}}
{"target": -13.757041152198456, "params": {"gamma": 550.3339018645728, "log10_alpha": -2.9319476051249325, "log10_colsample_bytree": -0.6522180260884629, "log10_eta": -2.2670256767812873, "log10_lambda": -3.511020642122209, "log10_min_child_weight": 1.0643988308231318, "log10_subsample": -0.860586917825349, "max_depth": 8.0, "num_boost_round": 6.0}, "datetime": {"datetime": "2024-01-19 00:15:12", "elapsed": 165.536347, "delta": 0.000609}}
{"target": -13.75704627763443, "params": {"gamma": 550.3339018645728, "log10_alpha": -2.9319476051249325, "log10_colsample_bytree": -0.6522180260884629, "log10_eta": -2.2670256767812873, "log10_lambda": -3.511020642122209, "log10_min_child_weight": 1.0643988308231318, "log10_subsample": -0.860586917825349, "max_depth": 8.0, "num_boost_round": 7.0}, "datetime": {"datetime": "2024-01-19 00:15:12", "elapsed": 165.536963, "delta": 0.000616}}
{"target": -13.75681931026241, "params": {"gamma": 550.3339018645728, "log10_alpha": -2.9319476051249325, "log10_colsample_bytree": -0.6522180260884629, "log10_eta": -2.2670256767812873, "log10_lambda": -3.511020642122209, "log10_min_child_weight": 1.0643988308231318, "log10_subsample": -0.860586917825349, "max_depth": 8.0, "num_boost_round": 8.0}, "datetime": {"datetime": "2024-01-19 00:15:12", "elapsed": 165.537579, "delta": 0.000616}}
{"target": -13.756696605305397, "params": {"gamma": 550.3339018645728, "log10_alpha": -2.9319476051249325, "log10_colsample_bytree": -0.6522180260884629, "log10_eta": -2.2670256767812873, "log10_lambda": -3.511020642122209, "log10_min_child_weight": 1.0643988308231318, "log10_subsample": -0.860586917825349, "max_depth": 8.0, "num_boost_round": 9.0}, "datetime": {"datetime": "2024-01-19 00:15:12", "elapsed": 165.538196, "delta": 0.000617}}
{"target": -13.756282021215622, "params": {"gamma": 550.3339018645728, "log10_alpha": -2.9319476051249325, "log10_colsample_bytree": -0.6522180260884629, "log10_eta": -2.2670256767812873, "log10_lambda": -3.511020642122209, "log10_min_child_weight": 1.0643988308231318, "log10_subsample": -0.860586917825349, "max_depth": 8.0, "num_boost_round": 10.0}, "datetime": {"datetime": "2024-01-19 00:15:12", "elapsed": 165.538817, "delta": 0.000621}}
{"target": -13.75638581579049, "params": {"gamma": 550.3339018645728, "log10_alpha": -2.9319476051249325, "log10_colsample_bytree": -0.6522180260884629, "log10_eta": -2.2670256767812873, "log10_lambda": -3.511020642122209, "log10_min_child_weight": 1.0643988308231318, "log10_subsample": -0.860586917825349, "max_depth": 8.0, "num_boost_round": 11.0}, "datetime": {"datetime": "2024-01-19 00:15:12", "elapsed": 165.539442, "delta": 0.000625}}
{"target": -13.756419268808932, "params": {"gamma": 550.3339018645728, "log10_alpha": -2.9319476051249325, "log10_colsample_bytree": -0.6522180260884629, "log10_eta": -2.2670256767812873, "log10_lambda": -3.511020642122209, "log10_min_child_weight": 1.0643988308231318, "log10_subsample": -0.860586917825349, "max_depth": 8.0, "num_boost_round": 12.0}, "datetime": {"datetime": "2024-01-19 00:15:12", "elapsed": 165.540049, "delta": 0.000607}}
{"target": -13.756047399668274, "params": {"gamma": 550.3339018645728, "log10_alpha": -2.9319476051249325, "log10_colsample_bytree": -0.6522180260884629, "log10_eta": -2.2670256767812873, "log10_lambda": -3.511020642122209, "log10_min_child_weight": 1.0643988308231318, "log10_subsample": -0.860586917825349, "max_depth": 8.0, "num_boost_round": 13.0}, "datetime": {"datetime": "2024-01-19 00:15:12", "elapsed": 165.540666, "delta": 0.000617}}
{"target": -13.756132248058568, "params": {"gamma": 550.3339018645728, "log10_alpha": -2.9319476051249325, "log10_colsample_bytree": -0.6522180260884629, "log10_eta": -2.2670256767812873, "log10_lambda": -3.511020642122209, "log10_min_child_weight": 1.0643988308231318, "log10_subsample": -0.860586917825349, "max_depth": 8.0, "num_boost_round": 14.0}, "datetime": {"datetime": "2024-01-19 00:15:12", "elapsed": 165.54128, "delta": 0.000614}}
{"target": -13.755769878329335, "params": {"gamma": 550.3339018645728, "log10_alpha": -2.9319476051249325, "log10_colsample_bytree": -0.6522180260884629, "log10_eta": -2.2670256767812873, "log10_lambda": -3.511020642122209, "log10_min_child_weight": 1.0643988308231318, "log10_subsample": -0.860586917825349, "max_depth": 8.0, "num_boost_round": 15.0}, "datetime": {"datetime": "2024-01-19 00:15:12", "elapsed": 165.541894, "delta": 0.000614}}
{"target": -13.755698023232634, "params": {"gamma": 550.3339018645728, "log10_alpha": -2.9319476051249325, "log10_colsample_bytree": -0.6522180260884629, "log10_eta": -2.2670256767812873, "log10_lambda": -3.511020642122209, "log10_min_child_weight": 1.0643988308231318, "log10_subsample": -0.860586917825349, "max_depth": 8.0, "num_boost_round": 16.0}, "datetime": {"datetime": "2024-01-19 00:15:12", "elapsed": 165.542532, "delta": 0.000638}}
{"target": -13.755680972414659, "params": {"gamma": 550.3339018645728, "log10_alpha": -2.9319476051249325, "log10_colsample_bytree": -0.6522180260884629, "log10_eta": -2.2670256767812873, "log10_lambda": -3.511020642122209, "log10_min_child_weight": 1.0643988308231318, "log10_subsample": -0.860586917825349, "max_depth": 8.0, "num_boost_round": 17.0}, "datetime": {"datetime": "2024-01-19 00:15:12", "elapsed": 165.543154, "delta": 0.000622}}
{"target": -13.755936581311714, "params": {"gamma": 550.3339018645728, "log10_alpha": -2.9319476051249325, "log10_colsample_bytree": -0.6522180260884629, "log10_eta": -2.2670256767812873, "log10_lambda": -3.511020642122209, "log10_min_child_weight": 1.0643988308231318, "log10_subsample": -0.860586917825349, "max_depth": 8.0, "num_boost_round": 18.0}, "datetime": {"datetime": "2024-01-19 00:15:12", "elapsed": 165.543778, "delta": 0.000624}}
{"target": -13.755908983105696, "params": {"gamma": 550.3339018645728, "log10_alpha": -2.9319476051249325, "log10_colsample_bytree": -0.6522180260884629, "log10_eta": -2.2670256767812873, "log10_lambda": -3.511020642122209, "log10_min_child_weight": 1.0643988308231318, "log10_subsample": -0.860586917825349, "max_depth": 8.0, "num_boost_round": 19.0}, "datetime": {"datetime": "2024-01-19 00:15:12", "elapsed": 165.544407, "delta": 0.000629}}
{"target": -13.755773125024596, "params": {"gamma": 550.3339018645728, "log10_alpha": -2.9319476051249325, "log10_colsample_bytree": -0.6522180260884629, "log10_eta": -2.2670256767812873, "log10_lambda": -3.511020642122209, "log10_min_child_weight": 1.0643988308231318, "log10_subsample": -0.860586917825349, "max_depth": 8.0, "num_boost_round": 20.0}, "datetime": {"datetime": "2024-01-19 00:15:12", "elapsed": 165.545755, "delta": 0.001348}}
{"target": -13.75559133495651, "params": {"gamma": 550.3339018645728, "log10_alpha": -2.9319476051249325, "log10_colsample_bytree": -0.6522180260884629, "log10_eta": -2.2670256767812873, "log10_lambda": -3.511020642122209, "log10_min_child_weight": 1.0643988308231318, "log10_subsample": -0.860586917825349, "max_depth": 8.0, "num_boost_round": 21.0}, "datetime": {"datetime": "2024-01-19 00:15:12", "elapsed": 165.546515, "delta": 0.00076}}
{"target": -13.755433629807603, "params": {"gamma": 550.3339018645728, "log10_alpha": -2.9319476051249325, "log10_colsample_bytree": -0.6522180260884629, "log10_eta": -2.2670256767812873, "log10_lambda": -3.511020642122209, "log10_min_child_weight": 1.0643988308231318, "log10_subsample": -0.860586917825349, "max_depth": 8.0, "num_boost_round": 22.0}, "datetime": {"datetime": "2024-01-19 00:15:12", "elapsed": 165.547661, "delta": 0.001146}}
{"target": -13.758540851437688, "params": {"gamma": 553.6656638028435, "log10_alpha": -4.897570910633274, "log10_colsample_bytree": -0.01683654011653446, "log10_eta": -3.105923643455316, "log10_lambda": -1.5199351527251839, "log10_min_child_weight": 3.5196667381517655, "log10_subsample": -0.15476797897101002, "max_depth": 6.0, "num_boost_round": 0.0}, "datetime": {"datetime": "2024-01-19 00:15:35", "elapsed": 188.319979, "delta": 22.772318}}
{"target": -13.758541946956408, "params": {"gamma": 553.6656638028435, "log10_alpha": -4.897570910633274, "log10_colsample_bytree": -0.01683654011653446, "log10_eta": -3.105923643455316, "log10_lambda": -1.5199351527251839, "log10_min_child_weight": 3.5196667381517655, "log10_subsample": -0.15476797897101002, "max_depth": 6.0, "num_boost_round": 1.0}, "datetime": {"datetime": "2024-01-19 00:15:35", "elapsed": 188.320805, "delta": 0.000826}}
{"target": -13.758535841864864, "params": {"gamma": 553.6656638028435, "log10_alpha": -4.897570910633274, "log10_colsample_bytree": -0.01683654011653446, "log10_eta": -3.105923643455316, "log10_lambda": -1.5199351527251839, "log10_min_child_weight": 3.5196667381517655, "log10_subsample": -0.15476797897101002, "max_depth": 6.0, "num_boost_round": 2.0}, "datetime": {"datetime": "2024-01-19 00:15:35", "elapsed": 188.321495, "delta": 0.00069}}
{"target": -13.758526278370505, "params": {"gamma": 553.6656638028435, "log10_alpha": -4.897570910633274, "log10_colsample_bytree": -0.01683654011653446, "log10_eta": -3.105923643455316, "log10_lambda": -1.5199351527251839, "log10_min_child_weight": 3.5196667381517655, "log10_subsample": -0.15476797897101002, "max_depth": 6.0, "num_boost_round": 3.0}, "datetime": {"datetime": "2024-01-19 00:15:35", "elapsed": 188.322589, "delta": 0.001094}}
{"target": -13.758522840718577, "params": {"gamma": 553.6656638028435, "log10_alpha": -4.897570910633274, "log10_colsample_bytree": -0.01683654011653446, "log10_eta": -3.105923643455316, "log10_lambda": -1.5199351527251839, "log10_min_child_weight": 3.5196667381517655, "log10_subsample": -0.15476797897101002, "max_depth": 6.0, "num_boost_round": 4.0}, "datetime": {"datetime": "2024-01-19 00:15:35", "elapsed": 188.323353, "delta": 0.000764}}
{"target": -13.758516666378926, "params": {"gamma": 553.6656638028435, "log10_alpha": -4.897570910633274, "log10_colsample_bytree": -0.01683654011653446, "log10_eta": -3.105923643455316, "log10_lambda": -1.5199351527251839, "log10_min_child_weight": 3.5196667381517655, "log10_subsample": -0.15476797897101002, "max_depth": 6.0, "num_boost_round": 5.0}, "datetime": {"datetime": "2024-01-19 00:15:35", "elapsed": 188.323933, "delta": 0.00058}}
{"target": -13.758520069749615, "params": {"gamma": 553.6656638028435, "log10_alpha": -4.897570910633274, "log10_colsample_bytree": -0.01683654011653446, "log10_eta": -3.105923643455316, "log10_lambda": -1.5199351527251839, "log10_min_child_weight": 3.5196667381517655, "log10_subsample": -0.15476797897101002, "max_depth": 6.0, "num_boost_round": 6.0}, "datetime": {"datetime": "2024-01-19 00:15:35", "elapsed": 188.324694, "delta": 0.000761}}
{"target": -13.758513840766428, "params": {"gamma": 553.6656638028435, "log10_alpha": -4.897570910633274, "log10_colsample_bytree": -0.01683654011653446, "log10_eta": -3.105923643455316, "log10_lambda": -1.5199351527251839, "log10_min_child_weight": 3.5196667381517655, "log10_subsample": -0.15476797897101002, "max_depth": 6.0, "num_boost_round": 7.0}, "datetime": {"datetime": "2024-01-19 00:15:35", "elapsed": 188.325342, "delta": 0.000648}}
{"target": -13.758508798606536, "params": {"gamma": 553.6656638028435, "log10_alpha": -4.897570910633274, "log10_colsample_bytree": -0.01683654011653446, "log10_eta": -3.105923643455316, "log10_lambda": -1.5199351527251839, "log10_min_child_weight": 3.5196667381517655, "log10_subsample": -0.15476797897101002, "max_depth": 6.0, "num_boost_round": 8.0}, "datetime": {"datetime": "2024-01-19 00:15:35", "elapsed": 188.32598, "delta": 0.000638}}
{"target": -13.758500158503054, "params": {"gamma": 553.6656638028435, "log10_alpha": -4.897570910633274, "log10_colsample_bytree": -0.01683654011653446, "log10_eta": -3.105923643455316, "log10_lambda": -1.5199351527251839, "log10_min_child_weight": 3.5196667381517655, "log10_subsample": -0.15476797897101002, "max_depth": 6.0, "num_boost_round": 9.0}, "datetime": {"datetime": "2024-01-19 00:15:35", "elapsed": 188.326624, "delta": 0.000644}}
{"target": -13.758494397381144, "params": {"gamma": 553.6656638028435, "log10_alpha": -4.897570910633274, "log10_colsample_bytree": -0.01683654011653446, "log10_eta": -3.105923643455316, "log10_lambda": -1.5199351527251839, "log10_min_child_weight": 3.5196667381517655, "log10_subsample": -0.15476797897101002, "max_depth": 6.0, "num_boost_round": 10.0}, "datetime": {"datetime": "2024-01-19 00:15:35", "elapsed": 188.32726, "delta": 0.000636}}
{"target": -13.758485019898366, "params": {"gamma": 553.6656638028435, "log10_alpha": -4.897570910633274, "log10_colsample_bytree": -0.01683654011653446, "log10_eta": -3.105923643455316, "log10_lambda": -1.5199351527251839, "log10_min_child_weight": 3.5196667381517655, "log10_subsample": -0.15476797897101002, "max_depth": 6.0, "num_boost_round": 11.0}, "datetime": {"datetime": "2024-01-19 00:15:35", "elapsed": 188.327904, "delta": 0.000644}}
