{"target": -17.677232964844848, "params": {"gamma": 81.06952329893537, "log10_alpha": 1.0, "log10_colsample_bytree": -1.0, "log10_eta": -4.0, "log10_lambda": 1.0, "log10_min_child_weight": 5.0, "log10_subsample": -1.0, "max_depth": 2.0, "num_boost_round": 43.0}, "datetime": {"datetime": "2024-01-19 02:05:26", "elapsed": 6834.082147, "delta": 0.00734}}
{"target": -17.677232941917765, "params": {"gamma": 81.06952329893537, "log10_alpha": 1.0, "log10_colsample_bytree": -1.0, "log10_eta": -4.0, "log10_lambda": 1.0, "log10_min_child_weight": 5.0, "log10_subsample": -1.0, "max_depth": 2.0, "num_boost_round": 44.0}, "datetime": {"datetime": "2024-01-19 02:05:26", "elapsed": 6834.089544, "delta": 0.007397}}
{"target": -17.677232942270614, "params": {"gamma": 81.06952329893537, "log10_alpha": 1.0, "log10_colsample_bytree": -1.0, "log10_eta": -4.0, "log10_lambda": 1.0, "log10_min_child_weight": 5.0, "log10_subsample": -1.0, "max_depth": 2.0, "num_boost_round": 45.0}, "datetime": {"datetime": "2024-01-19 02:05:26", "elapsed": 6834.096835, "delta": 0.007291}}
{"target": -17.6772329087731, "params": {"gamma": 81.06952329893537, "log10_alpha": 1.0, "log10_colsample_bytree": -1.0, "log10_eta": -4.0, "log10_lambda": 1.0, "log10_min_child_weight": 5.0, "log10_subsample": -1.0, "max_depth": 2.0, "num_boost_round": 46.0}, "datetime": {"datetime": "2024-01-19 02:05:26", "elapsed": 6834.104161, "delta": 0.007326}}
{"target": -17.677232930354307, "params": {"gamma": 81.06952329893537, "log10_alpha": 1.0, "log10_colsample_bytree": -1.0, "log10_eta": -4.0, "log10_lambda": 1.0, "log10_min_child_weight": 5.0, "log10_subsample": -1.0, "max_depth": 2.0, "num_boost_round": 47.0}, "datetime": {"datetime": "2024-01-19 02:05:26", "elapsed": 6834.11143, "delta": 0.007269}}
{"target": -17.67723290676933, "params": {"gamma": 81.06952329893537, "log10_alpha": 1.0, "log10_colsample_bytree": -1.0, "log10_eta": -4.0, "log10_lambda": 1.0, "log10_min_child_weight": 5.0, "log10_subsample": -1.0, "max_depth": 2.0, "num_boost_round": 48.0}, "datetime": {"datetime": "2024-01-19 02:05:26", "elapsed": 6834.118797, "delta": 0.007367}}
{"target": -17.677232910280242, "params": {"gamma": 81.06952329893537, "log10_alpha": 1.0, "log10_colsample_bytree": -1.0, "log10_eta": -4.0, "log10_lambda": 1.0, "log10_min_child_weight": 5.0, "log10_subsample": -1.0, "max_depth": 2.0, "num_boost_round": 49.0}, "datetime": {"datetime": "2024-01-19 02:05:26", "elapsed": 6834.126289, "delta": 0.007492}}
{"target": -17.677232943426308, "params": {"gamma": 81.06952329893537, "log10_alpha": 1.0, "log10_colsample_bytree": -1.0, "log10_eta": -4.0, "log10_lambda": 1.0, "log10_min_child_weight": 5.0, "log10_subsample": -1.0, "max_depth": 2.0, "num_boost_round": 50.0}, "datetime": {"datetime": "2024-01-19 02:05:26", "elapsed": 6834.133654, "delta": 0.007365}}
{"target": -17.67723290748466, "params": {"gamma": 81.06952329893537, "log10_alpha": 1.0, "log10_colsample_bytree": -1.0, "log10_eta": -4.0, "log10_lambda": 1.0, "log10_min_child_weight": 5.0, "log10_subsample": -1.0, "max_depth": 2.0, "num_boost_round": 51.0}, "datetime": {"datetime": "2024-01-19 02:05:26", "elapsed": 6834.140834, "delta": 0.00718}}
{"target": -17.6772329111558, "params": {"gamma": 81.06952329893537, "log10_alpha": 1.0, "log10_colsample_bytree": -1.0, "log10_eta": -4.0, "log10_lambda": 1.0, "log10_min_child_weight": 5.0, "log10_subsample": -1.0, "max_depth": 2.0, "num_boost_round": 52.0}, "datetime": {"datetime": "2024-01-19 02:05:26", "elapsed": 6834.147983, "delta": 0.007149}}
{"target": -17.67723294353629, "params": {"gamma": 81.06952329893537, "log10_alpha": 1.0, "log10_colsample_bytree": -1.0, "log10_eta": -4.0, "log10_lambda": 1.0, "log10_min_child_weight": 5.0, "log10_subsample": -1.0, "max_depth": 2.0, "num_boost_round": 53.0}, "datetime": {"datetime": "2024-01-19 02:05:26", "elapsed": 6834.155175, "delta": 0.007192}}
{"target": -17.677232910245095, "params": {"gamma": 81.06952329893537, "log10_alpha": 1.0, "log10_colsample_bytree": -1.0, "log10_eta": -4.0, "log10_lambda": 1.0, "log10_min_child_weight": 5.0, "log10_subsample": -1.0, "max_depth": 2.0, "num_boost_round": 54.0}, "datetime": {"datetime": "2024-01-19 02:05:26", "elapsed": 6834.163495, "delta": 0.00832}}
{"target": -17.6772329156117, "params": {"gamma": 81.06952329893537, "log10_alpha": 1.0, "log10_colsample_bytree": -1.0, "log10_eta": -4.0, "log10_lambda": 1.0, "log10_min_child_weight": 5.0, "log10_subsample": -1.0, "max_depth": 2.0, "num_boost_round": 55.0}, "datetime": {"datetime": "2024-01-19 02:05:26", "elapsed": 6834.172015, "delta": 0.00852}}
{"target": -17.677232917490027, "params": {"gamma": 81.06952329893537, "log10_alpha": 1.0, "log10_colsample_bytree": -1.0, "log10_eta": -4.0, "log10_lambda": 1.0, "log10_min_child_weight": 5.0, "log10_subsample": -1.0, "max_depth": 2.0, "num_boost_round": 56.0}, "datetime": {"datetime": "2024-01-19 02:05:26", "elapsed": 6834.17989, "delta": 0.007875}}
{"target": -17.67723294273051, "params": {"gamma": 81.06952329893537, "log10_alpha": 1.0, "log10_colsample_bytree": -1.0, "log10_eta": -4.0, "log10_lambda": 1.0, "log10_min_child_weight": 5.0, "log10_subsample": -1.0, "max_depth": 2.0, "num_boost_round": 57.0}, "datetime": {"datetime": "2024-01-19 02:05:26", "elapsed": 6834.187113, "delta": 0.007223}}
{"target": -17.677232921731125, "params": {"gamma": 81.06952329893537, "log10_alpha": 1.0, "log10_colsample_bytree": -1.0, "log10_eta": -4.0, "log10_lambda": 1.0, "log10_min_child_weight": 5.0, "log10_subsample": -1.0, "max_depth": 2.0, "num_boost_round": 58.0}, "datetime": {"datetime": "2024-01-19 02:05:26", "elapsed": 6834.194427, "delta": 0.007314}}
{"target": -17.677232901756177, "params": {"gamma": 81.06952329893537, "log10_alpha": 1.0, "log10_colsample_bytree": -1.0, "log10_eta": -4.0, "log10_lambda": 1.0, "log10_min_child_weight": 5.0, "log10_subsample": -1.0, "max_depth": 2.0, "num_boost_round": 59.0}, "datetime": {"datetime": "2024-01-19 02:05:26", "elapsed": 6834.201966, "delta": 0.007539}}
{"target": -17.677232848938626, "params": {"gamma": 81.06952329893537, "log10_alpha": 1.0, "log10_colsample_bytree": -1.0, "log10_eta": -4.0, "log10_lambda": 1.0, "log10_min_child_weight": 5.0, "log10_subsample": -1.0, "max_depth": 2.0, "num_boost_round": 60.0}, "datetime": {"datetime": "2024-01-19 02:05:26", "elapsed": 6834.20921, "delta": 0.007244}}
{"target": -17.677214206064185, "params": {"gamma": 53.143193370718265, "log10_alpha": -2.059556264146538, "log10_colsample_bytree": -0.6685727596189763, "log10_eta": -3.705101711106929, "log10_lambda": -4.021970154693646, "log10_min_child_weight": 1.6803186546393318, "log10_subsample": -0.3631400863213625, "max_depth": 7.0, "num_boost_round": 0.0}, "datetime": {"datetime": "2024-01-19 02:07:15", "elapsed": 6942.869099, "delta": 108.659889}}
{"target": -17.677209819938497, "params": {"gamma": 53.143193370718265, "log10_alpha": -2.059556264146538, "log10_colsample_bytree": -0.6685727596189763, "log10_eta": -3.705101711106929, "log10_lambda": -4.021970154693646, "log10_min_child_weight": 1.6803186546393318, "log10_subsample": -0.3631400863213625, "max_depth": 7.0, "num_boost_round": 1.0}, "datetime": {"datetime": "2024-01-19 02:07:15", "elapsed": 6942.877576, "delta": 0.008477}}
{"target": -17.67719849173267, "params": {"gamma": 53.143193370718265, "log10_alpha": -2.059556264146538, "log10_colsample_bytree": -0.6685727596189763, "log10_eta": -3.705101711106929, "log10_lambda": -4.021970154693646, "log10_min_child_weight": 1.6803186546393318, "log10_subsample": -0.3631400863213625, "max_depth": 7.0, "num_boost_round": 2.0}, "datetime": {"datetime": "2024-01-19 02:07:15", "elapsed": 6942.885014, "delta": 0.007438}}
{"target": -17.677190090342453, "params": {"gamma": 53.143193370718265, "log10_alpha": -2.059556264146538, "log10_colsample_bytree": -0.6685727596189763, "log10_eta": -3.705101711106929, "log10_lambda": -4.021970154693646, "log10_min_child_weight": 1.6803186546393318, "log10_subsample": -0.3631400863213625, "max_depth": 7.0, "num_boost_round": 3.0}, "datetime": {"datetime": "2024-01-19 02:07:15", "elapsed": 6942.89239, "delta": 0.007376}}
{"target": -17.677176926604766, "params": {"gamma": 53.143193370718265, "log10_alpha": -2.059556264146538, "log10_colsample_bytree": -0.6685727596189763, "log10_eta": -3.705101711106929, "log10_lambda": -4.021970154693646, "log10_min_child_weight": 1.6803186546393318, "log10_subsample": -0.3631400863213625, "max_depth": 7.0, "num_boost_round": 4.0}, "datetime": {"datetime": "2024-01-19 02:07:15", "elapsed": 6942.899721, "delta": 0.007331}}
{"target": -17.67716506616229, "params": {"gamma": 53.143193370718265, "log10_alpha": -2.059556264146538, "log10_colsample_bytree": -0.6685727596189763, "log10_eta": -3.705101711106929, "log10_lambda": -4.021970154693646, "log10_min_child_weight": 1.6803186546393318, "log10_subsample": -0.3631400863213625, "max_depth": 7.0, "num_boost_round": 5.0}, "datetime": {"datetime": "2024-01-19 02:07:15", "elapsed": 6942.907026, "delta": 0.007305}}
{"target": -17.677145227414876, "params": {"gamma": 53.143193370718265, "log10_alpha": -2.059556264146538, "log10_colsample_bytree": -0.6685727596189763, "log10_eta": -3.705101711106929, "log10_lambda": -4.021970154693646, "log10_min_child_weight": 1.6803186546393318, "log10_subsample": -0.3631400863213625, "max_depth": 7.0, "num_boost_round": 6.0}, "datetime": {"datetime": "2024-01-19 02:07:15", "elapsed": 6942.914359, "delta": 0.007333}}
{"target": -17.67713579241281, "params": {"gamma": 53.143193370718265, "log10_alpha": -2.059556264146538, "log10_colsample_bytree": -0.6685727596189763, "log10_eta": -3.705101711106929, "log10_lambda": -4.021970154693646, "log10_min_child_weight": 1.6803186546393318, "log10_subsample": -0.3631400863213625, "max_depth": 7.0, "num_boost_round": 7.0}, "datetime": {"datetime": "2024-01-19 02:07:15", "elapsed": 6942.921899, "delta": 0.00754}}
{"target": -17.677131144106443, "params": {"gamma": 53.143193370718265, "log10_alpha": -2.059556264146538, "log10_colsample_bytree": -0.6685727596189763, "log10_eta": -3.705101711106929, "log10_lambda": -4.021970154693646, "log10_min_child_weight": 1.6803186546393318, "log10_subsample": -0.3631400863213625, "max_depth": 7.0, "num_boost_round": 8.0}, "datetime": {"datetime": "2024-01-19 02:07:15", "elapsed": 6942.929342, "delta": 0.007443}}
{"target": -17.677131355142944, "params": {"gamma": 53.143193370718265, "log10_alpha": -2.059556264146538, "log10_colsample_bytree": -0.6685727596189763, "log10_eta": -3.705101711106929, "log10_lambda": -4.021970154693646, "log10_min_child_weight": 1.6803186546393318, "log10_subsample": -0.3631400863213625, "max_depth": 7.0, "num_boost_round": 9.0}, "datetime": {"datetime": "2024-01-19 02:07:15", "elapsed": 6942.936969, "delta": 0.007627}}
{"target": -17.677108998225076, "params": {"gamma": 53.143193370718265, "log10_alpha": -2.059556264146538, "log10_colsample_bytree": -0.6685727596189763, "log10_eta": -3.705101711106929, "log10_lambda": -4.021970154693646, "log10_min_child_weight": 1.6803186546393318, "log10_subsample": -0.3631400863213625, "max_depth": 7.0, "num_boost_round": 10.0}, "datetime": {"datetime": "2024-01-19 02:07:15", "elapsed": 6942.944448, "delta": 0.007479}}
{"target": -17.677110963844022, "params": {"gamma": 53.143193370718265, "log10_alpha": -2.059556264146538, "log10_colsample_bytree": -0.6685727596189763, "log10_eta": -3.705101711106929, "log10_lambda": -4.021970154693646, "log10_min_child_weight": 1.6803186546393318, "log10_subsample": -0.3631400863213625, "max_depth": 7.0, "num_boost_round": 11.0}, "datetime": {"datetime": "2024-01-19 02:07:15", "elapsed": 6942.951889, "delta": 0.007441}}
{"target": -17.67710469416404, "params": {"gamma": 53.143193370718265, "log10_alpha": -2.059556264146538, "log10_colsample_bytree": -0.6685727596189763, "log10_eta": -3.705101711106929, "log10_lambda": -4.021970154693646, "log10_min_child_weight": 1.6803186546393318, "log10_subsample": -0.3631400863213625, "max_depth": 7.0, "num_boost_round": 12.0}, "datetime": {"datetime": "2024-01-19 02:07:15", "elapsed": 6942.959332, "delta": 0.007443}}
{"target": -17.67709822124386, "params": {"gamma": 53.143193370718265, "log10_alpha": -2.059556264146538, "log10_colsample_bytree": -0.6685727596189763, "log10_eta": -3.705101711106929, "log10_lambda": -4.021970154693646, "log10_min_child_weight": 1.6803186546393318, "log10_subsample": -0.3631400863213625, "max_depth": 7.0, "num_boost_round": 13.0}, "datetime": {"datetime": "2024-01-19 02:07:15", "elapsed": 6942.966631, "delta": 0.007299}}
{"target": -17.67710779704662, "params": {"gamma": 53.143193370718265, "log10_alpha": -2.059556264146538, "log10_colsample_bytree": -0.6685727596189763, "log10_eta": -3.705101711106929, "log10_lambda": -4.021970154693646, "log10_min_child_weight": 1.6803186546393318, "log10_subsample": -0.3631400863213625, "max_depth": 7.0, "num_boost_round": 14.0}, "datetime": {"datetime": "2024-01-19 02:07:15", "elapsed": 6942.974098, "delta": 0.007467}}
{"target": -17.677095414017185, "params": {"gamma": 53.143193370718265, "log10_alpha": -2.059556264146538, "log10_colsample_bytree": -0.6685727596189763, "log10_eta": -3.705101711106929, "log10_lambda": -4.021970154693646, "log10_min_child_weight": 1.6803186546393318, "log10_subsample": -0.3631400863213625, "max_depth": 7.0, "num_boost_round": 15.0}, "datetime": {"datetime": "2024-01-19 02:07:15", "elapsed": 6942.982351, "delta": 0.008253}}
{"target": -17.677091629190148, "params": {"gamma": 53.143193370718265, "log10_alpha": -2.059556264146538, "log10_colsample_bytree": -0.6685727596189763, "log10_eta": -3.705101711106929, "log10_lambda": -4.021970154693646, "log10_min_child_weight": 1.6803186546393318, "log10_subsample": -0.3631400863213625, "max_depth": 7.0, "num_boost_round": 16.0}, "datetime": {"datetime": "2024-01-19 02:07:15", "elapsed": 6942.990949, "delta": 0.008598}}
{"target": -17.677083265020656, "params": {"gamma": 53.143193370718265, "log10_alpha": -2.059556264146538, "log10_colsample_bytree": -0.6685727596189763, "log10_eta": -3.705101711106929, "log10_lambda": -4.021970154693646, "log10_min_child_weight": 1.6803186546393318, "log10_subsample": -0.3631400863213625, "max_depth": 7.0, "num_boost_round": 17.0}, "datetime": {"datetime": "2024-01-19 02:07:15", "elapsed": 6942.998965, "delta": 0.008016}}
{"target": -17.6770829497871, "params": {"gamma": 53.143193370718265, "log10_alpha": -2.059556264146538, "log10_colsample_bytree": -0.6685727596189763, "log10_eta": -3.705101711106929, "log10_lambda": -4.021970154693646, "log10_min_child_weight": 1.6803186546393318, "log10_subsample": -0.3631400863213625, "max_depth": 7.0, "num_boost_round": 18.0}, "datetime": {"datetime": "2024-01-19 02:07:15", "elapsed": 6943.006411, "delta": 0.007446}}
{"target": -17.67707709805811, "params": {"gamma": 53.143193370718265, "log10_alpha": -2.059556264146538, "log10_colsample_bytree": -0.6685727596189763, "log10_eta": -3.705101711106929, "log10_lambda": -4.021970154693646, "log10_min_child_weight": 1.6803186546393318, "log10_subsample": -0.3631400863213625, "max_depth": 7.0, "num_boost_round": 19.0}, "datetime": {"datetime": "2024-01-19 02:07:15", "elapsed": 6943.013746, "delta": 0.007335}}
{"target": -17.677069579058955, "params": {"gamma": 53.143193370718265, "log10_alpha": -2.059556264146538, "log10_colsample_bytree": -0.6685727596189763, "log10_eta": -3.705101711106929, "log10_lambda": -4.021970154693646, "log10_min_child_weight": 1.6803186546393318, "log10_subsample": -0.3631400863213625, "max_depth": 7.0, "num_boost_round": 20.0}, "datetime": {"datetime": "2024-01-19 02:07:15", "elapsed": 6943.021315, "delta": 0.007569}}
{"target": -17.677063194598592, "params": {"gamma": 53.143193370718265, "log10_alpha": -2.059556264146538, "log10_colsample_bytree": -0.6685727596189763, "log10_eta": -3.705101711106929, "log10_lambda": -4.021970154693646, "log10_min_child_weight": 1.6803186546393318, "log10_subsample": -0.3631400863213625, "max_depth": 7.0, "num_boost_round": 21.0}, "datetime": {"datetime": "2024-01-19 02:07:15", "elapsed": 6943.028685, "delta": 0.00737}}
{"target": -17.677027243685068, "params": {"gamma": 53.143193370718265, "log10_alpha": -2.059556264146538, "log10_colsample_bytree": -0.6685727596189763, "log10_eta": -3.705101711106929, "log10_lambda": -4.021970154693646, "log10_min_child_weight": 1.6803186546393318, "log10_subsample": -0.3631400863213625, "max_depth": 7.0, "num_boost_round": 22.0}, "datetime": {"datetime": "2024-01-19 02:07:15", "elapsed": 6943.035997, "delta": 0.007312}}
{"target": -17.677025266221467, "params": {"gamma": 53.143193370718265, "log10_alpha": -2.059556264146538, "log10_colsample_bytree": -0.6685727596189763, "log10_eta": -3.705101711106929, "log10_lambda": -4.021970154693646, "log10_min_child_weight": 1.6803186546393318, "log10_subsample": -0.3631400863213625, "max_depth": 7.0, "num_boost_round": 23.0}, "datetime": {"datetime": "2024-01-19 02:07:15", "elapsed": 6943.043328, "delta": 0.007331}}
{"target": -17.67702681995387, "params": {"gamma": 53.143193370718265, "log10_alpha": -2.059556264146538, "log10_colsample_bytree": -0.6685727596189763, "log10_eta": -3.705101711106929, "log10_lambda": -4.021970154693646, "log10_min_child_weight": 1.6803186546393318, "log10_subsample": -0.3631400863213625, "max_depth": 7.0, "num_boost_round": 24.0}, "datetime": {"datetime": "2024-01-19 02:07:15", "elapsed": 6943.050642, "delta": 0.007314}}
{"target": -17.677021586051723, "params": {"gamma": 53.143193370718265, "log10_alpha": -2.059556264146538, "log10_colsample_bytree": -0.6685727596189763, "log10_eta": -3.705101711106929, "log10_lambda": -4.021970154693646, "log10_min_child_weight": 1.6803186546393318, "log10_subsample": -0.3631400863213625, "max_depth": 7.0, "num_boost_round": 25.0}, "datetime": {"datetime": "2024-01-19 02:07:15", "elapsed": 6943.058157, "delta": 0.007515}}
{"target": -17.67702216394648, "params": {"gamma": 53.143193370718265, "log10_alpha": -2.059556264146538, "log10_colsample_bytree": -0.6685727596189763, "log10_eta": -3.705101711106929, "log10_lambda": -4.021970154693646, "log10_min_child_weight": 1.6803186546393318, "log10_subsample": -0.3631400863213625, "max_depth": 7.0, "num_boost_round": 26.0}, "datetime": {"datetime": "2024-01-19 02:07:15", "elapsed": 6943.065556, "delta": 0.007399}}
{"target": -17.6770156977058, "params": {"gamma": 53.143193370718265, "log10_alpha": -2.059556264146538, "log10_colsample_bytree": -0.6685727596189763, "log10_eta": -3.705101711106929, "log10_lambda": -4.021970154693646, "log10_min_child_weight": 1.6803186546393318, "log10_subsample": -0.3631400863213625, "max_depth": 7.0, "num_boost_round": 27.0}, "datetime": {"datetime": "2024-01-19 02:07:15", "elapsed": 6943.072925, "delta": 0.007369}}
{"target": -17.677213146249454, "params": {"gamma": 109.5394103069256, "log10_alpha": -0.9561730620115965, "log10_colsample_bytree": -0.3573631204043827, "log10_eta": -3.4886550023956544, "log10_lambda": -2.0469282584387516, "log10_min_child_weight": 3.3605848903163515, "log10_subsample": -0.8022621582505073, "max_depth": 9.0, "num_boost_round": 0.0}, "datetime": {"datetime": "2024-01-19 02:08:25", "elapsed": 7013.28945, "delta": 70.216525}}
{"target": -17.677197007537067, "params": {"gamma": 109.5394103069256, "log10_alpha": -0.9561730620115965, "log10_colsample_bytree": -0.3573631204043827, "log10_eta": -3.4886550023956544, "log10_lambda": -2.0469282584387516, "log10_min_child_weight": 3.3605848903163515, "log10_subsample": -0.8022621582505073, "max_depth": 9.0, "num_boost_round": 1.0}, "datetime": {"datetime": "2024-01-19 02:08:25", "elapsed": 7013.299154, "delta": 0.009704}}
{"target": -17.67718614253803, "params": {"gamma": 109.5394103069256, "log10_alpha": -0.9561730620115965, "log10_colsample_bytree": -0.3573631204043827, "log10_eta": -3.4886550023956544, "log10_lambda": -2.0469282584387516, "log10_min_child_weight": 3.3605848903163515, "log10_subsample": -0.8022621582505073, "max_depth": 9.0, "num_boost_round": 2.0}, "datetime": {"datetime": "2024-01-19 02:08:25", "elapsed": 7013.307947, "delta": 0.008793}}
{"target": -17.677188658792904, "params": {"gamma": 109.5394103069256, "log10_alpha": -0.9561730620115965, "log10_colsample_bytree": -0.3573631204043827, "log10_eta": -3.4886550023956544, "log10_lambda": -2.0469282584387516, "log10_min_child_weight": 3.3605848903163515, "log10_subsample": -0.8022621582505073, "max_depth": 9.0, "num_boost_round": 3.0}, "datetime": {"datetime": "2024-01-19 02:08:26", "elapsed": 7013.446363, "delta": 0.138416}}
{"target": -17.6771730287929, "params": {"gamma": 109.5394103069256, "log10_alpha": -0.9561730620115965, "log10_colsample_bytree": -0.3573631204043827, "log10_eta": -3.4886550023956544, "log10_lambda": -2.0469282584387516, "log10_min_child_weight": 3.3605848903163515, "log10_subsample": -0.8022621582505073, "max_depth": 9.0, "num_boost_round": 4.0}, "datetime": {"datetime": "2024-01-19 02:08:26", "elapsed": 7013.455639, "delta": 0.009276}}
{"target": -17.677165295606102, "params": {"gamma": 109.5394103069256, "log10_alpha": -0.9561730620115965, "log10_colsample_bytree": -0.3573631204043827, "log10_eta": -3.4886550023956544, "log10_lambda": -2.0469282584387516, "log10_min_child_weight": 3.3605848903163515, "log10_subsample": -0.8022621582505073, "max_depth": 9.0, "num_boost_round": 5.0}, "datetime": {"datetime": "2024-01-19 02:08:26", "elapsed": 7013.464539, "delta": 0.0089}}
{"target": -17.677158157342717, "params": {"gamma": 109.5394103069256, "log10_alpha": -0.9561730620115965, "log10_colsample_bytree": -0.3573631204043827, "log10_eta": -3.4886550023956544, "log10_lambda": -2.0469282584387516, "log10_min_child_weight": 3.3605848903163515, "log10_subsample": -0.8022621582505073, "max_depth": 9.0, "num_boost_round": 6.0}, "datetime": {"datetime": "2024-01-19 02:08:26", "elapsed": 7013.473135, "delta": 0.008596}}
