{"target": -13.758574620149508, "params": {"gamma": 525.1107655038561, "log10_alpha": 0.0608227221532287, "log10_colsample_bytree": -0.28769703359144383, "log10_eta": -2.182323877758441, "log10_lambda": -1.1686209370388663, "log10_min_child_weight": 4.210512219117619, "log10_subsample": -0.8549995755685947, "max_depth": 4.0, "num_boost_round": 4.0}, "datetime": {"datetime": "2024-01-19 00:55:02", "elapsed": 2634.564397, "delta": 0.002984}}
{"target": -13.75854677055997, "params": {"gamma": 525.1107655038561, "log10_alpha": 0.0608227221532287, "log10_colsample_bytree": -0.28769703359144383, "log10_eta": -2.182323877758441, "log10_lambda": -1.1686209370388663, "log10_min_child_weight": 4.210512219117619, "log10_subsample": -0.8549995755685947, "max_depth": 4.0, "num_boost_round": 5.0}, "datetime": {"datetime": "2024-01-19 00:55:02", "elapsed": 2634.567392, "delta": 0.002995}}
{"target": -13.758536329236993, "params": {"gamma": 525.1107655038561, "log10_alpha": 0.0608227221532287, "log10_colsample_bytree": -0.28769703359144383, "log10_eta": -2.182323877758441, "log10_lambda": -1.1686209370388663, "log10_min_child_weight": 4.210512219117619, "log10_subsample": -0.8549995755685947, "max_depth": 4.0, "num_boost_round": 6.0}, "datetime": {"datetime": "2024-01-19 00:55:02", "elapsed": 2634.57027, "delta": 0.002878}}
{"target": -13.758537540285486, "params": {"gamma": 525.1107655038561, "log10_alpha": 0.0608227221532287, "log10_colsample_bytree": -0.28769703359144383, "log10_eta": -2.182323877758441, "log10_lambda": -1.1686209370388663, "log10_min_child_weight": 4.210512219117619, "log10_subsample": -0.8549995755685947, "max_depth": 4.0, "num_boost_round": 7.0}, "datetime": {"datetime": "2024-01-19 00:55:02", "elapsed": 2634.573155, "delta": 0.002885}}
{"target": -13.758518189531587, "params": {"gamma": 525.1107655038561, "log10_alpha": 0.0608227221532287, "log10_colsample_bytree": -0.28769703359144383, "log10_eta": -2.182323877758441, "log10_lambda": -1.1686209370388663, "log10_min_child_weight": 4.210512219117619, "log10_subsample": -0.8549995755685947, "max_depth": 4.0, "num_boost_round": 8.0}, "datetime": {"datetime": "2024-01-19 00:55:02", "elapsed": 2634.576043, "delta": 0.002888}}
{"target": -13.758498099936087, "params": {"gamma": 525.1107655038561, "log10_alpha": 0.0608227221532287, "log10_colsample_bytree": -0.28769703359144383, "log10_eta": -2.182323877758441, "log10_lambda": -1.1686209370388663, "log10_min_child_weight": 4.210512219117619, "log10_subsample": -0.8549995755685947, "max_depth": 4.0, "num_boost_round": 9.0}, "datetime": {"datetime": "2024-01-19 00:55:02", "elapsed": 2634.578895, "delta": 0.002852}}
{"target": -13.75844479331622, "params": {"gamma": 525.1107655038561, "log10_alpha": 0.0608227221532287, "log10_colsample_bytree": -0.28769703359144383, "log10_eta": -2.182323877758441, "log10_lambda": -1.1686209370388663, "log10_min_child_weight": 4.210512219117619, "log10_subsample": -0.8549995755685947, "max_depth": 4.0, "num_boost_round": 10.0}, "datetime": {"datetime": "2024-01-19 00:55:02", "elapsed": 2634.586392, "delta": 0.007497}}
{"target": -13.758429184862662, "params": {"gamma": 525.1107655038561, "log10_alpha": 0.0608227221532287, "log10_colsample_bytree": -0.28769703359144383, "log10_eta": -2.182323877758441, "log10_lambda": -1.1686209370388663, "log10_min_child_weight": 4.210512219117619, "log10_subsample": -0.8549995755685947, "max_depth": 4.0, "num_boost_round": 11.0}, "datetime": {"datetime": "2024-01-19 00:55:02", "elapsed": 2634.589482, "delta": 0.00309}}
{"target": -13.758454407766408, "params": {"gamma": 525.1107655038561, "log10_alpha": 0.0608227221532287, "log10_colsample_bytree": -0.28769703359144383, "log10_eta": -2.182323877758441, "log10_lambda": -1.1686209370388663, "log10_min_child_weight": 4.210512219117619, "log10_subsample": -0.8549995755685947, "max_depth": 4.0, "num_boost_round": 12.0}, "datetime": {"datetime": "2024-01-19 00:55:02", "elapsed": 2634.592332, "delta": 0.00285}}
{"target": -13.75844473548455, "params": {"gamma": 525.1107655038561, "log10_alpha": 0.0608227221532287, "log10_colsample_bytree": -0.28769703359144383, "log10_eta": -2.182323877758441, "log10_lambda": -1.1686209370388663, "log10_min_child_weight": 4.210512219117619, "log10_subsample": -0.8549995755685947, "max_depth": 4.0, "num_boost_round": 13.0}, "datetime": {"datetime": "2024-01-19 00:55:02", "elapsed": 2634.595235, "delta": 0.002903}}
{"target": -13.758441229379901, "params": {"gamma": 525.1107655038561, "log10_alpha": 0.0608227221532287, "log10_colsample_bytree": -0.28769703359144383, "log10_eta": -2.182323877758441, "log10_lambda": -1.1686209370388663, "log10_min_child_weight": 4.210512219117619, "log10_subsample": -0.8549995755685947, "max_depth": 4.0, "num_boost_round": 14.0}, "datetime": {"datetime": "2024-01-19 00:55:02", "elapsed": 2634.598172, "delta": 0.002937}}
{"target": -13.758386712718059, "params": {"gamma": 525.1107655038561, "log10_alpha": 0.0608227221532287, "log10_colsample_bytree": -0.28769703359144383, "log10_eta": -2.182323877758441, "log10_lambda": -1.1686209370388663, "log10_min_child_weight": 4.210512219117619, "log10_subsample": -0.8549995755685947, "max_depth": 4.0, "num_boost_round": 15.0}, "datetime": {"datetime": "2024-01-19 00:55:02", "elapsed": 2634.601074, "delta": 0.002902}}
{"target": -13.758357672561724, "params": {"gamma": 525.1107655038561, "log10_alpha": 0.0608227221532287, "log10_colsample_bytree": -0.28769703359144383, "log10_eta": -2.182323877758441, "log10_lambda": -1.1686209370388663, "log10_min_child_weight": 4.210512219117619, "log10_subsample": -0.8549995755685947, "max_depth": 4.0, "num_boost_round": 16.0}, "datetime": {"datetime": "2024-01-19 00:55:02", "elapsed": 2634.603962, "delta": 0.002888}}
{"target": -13.758326305357748, "params": {"gamma": 525.1107655038561, "log10_alpha": 0.0608227221532287, "log10_colsample_bytree": -0.28769703359144383, "log10_eta": -2.182323877758441, "log10_lambda": -1.1686209370388663, "log10_min_child_weight": 4.210512219117619, "log10_subsample": -0.8549995755685947, "max_depth": 4.0, "num_boost_round": 17.0}, "datetime": {"datetime": "2024-01-19 00:55:02", "elapsed": 2634.60693, "delta": 0.002968}}
{"target": -13.75827274255187, "params": {"gamma": 525.1107655038561, "log10_alpha": 0.0608227221532287, "log10_colsample_bytree": -0.28769703359144383, "log10_eta": -2.182323877758441, "log10_lambda": -1.1686209370388663, "log10_min_child_weight": 4.210512219117619, "log10_subsample": -0.8549995755685947, "max_depth": 4.0, "num_boost_round": 18.0}, "datetime": {"datetime": "2024-01-19 00:55:02", "elapsed": 2634.609806, "delta": 0.002876}}
{"target": -13.758264868180929, "params": {"gamma": 525.1107655038561, "log10_alpha": 0.0608227221532287, "log10_colsample_bytree": -0.28769703359144383, "log10_eta": -2.182323877758441, "log10_lambda": -1.1686209370388663, "log10_min_child_weight": 4.210512219117619, "log10_subsample": -0.8549995755685947, "max_depth": 4.0, "num_boost_round": 19.0}, "datetime": {"datetime": "2024-01-19 00:55:02", "elapsed": 2634.612695, "delta": 0.002889}}
{"target": -13.758231828969372, "params": {"gamma": 525.1107655038561, "log10_alpha": 0.0608227221532287, "log10_colsample_bytree": -0.28769703359144383, "log10_eta": -2.182323877758441, "log10_lambda": -1.1686209370388663, "log10_min_child_weight": 4.210512219117619, "log10_subsample": -0.8549995755685947, "max_depth": 4.0, "num_boost_round": 20.0}, "datetime": {"datetime": "2024-01-19 00:55:02", "elapsed": 2634.615592, "delta": 0.002897}}
{"target": -13.758213642102563, "params": {"gamma": 525.1107655038561, "log10_alpha": 0.0608227221532287, "log10_colsample_bytree": -0.28769703359144383, "log10_eta": -2.182323877758441, "log10_lambda": -1.1686209370388663, "log10_min_child_weight": 4.210512219117619, "log10_subsample": -0.8549995755685947, "max_depth": 4.0, "num_boost_round": 21.0}, "datetime": {"datetime": "2024-01-19 00:55:02", "elapsed": 2634.618435, "delta": 0.002843}}
{"target": -13.758191906891808, "params": {"gamma": 525.1107655038561, "log10_alpha": 0.0608227221532287, "log10_colsample_bytree": -0.28769703359144383, "log10_eta": -2.182323877758441, "log10_lambda": -1.1686209370388663, "log10_min_child_weight": 4.210512219117619, "log10_subsample": -0.8549995755685947, "max_depth": 4.0, "num_boost_round": 22.0}, "datetime": {"datetime": "2024-01-19 00:55:02", "elapsed": 2634.621339, "delta": 0.002904}}
{"target": -13.758227514396605, "params": {"gamma": 525.1107655038561, "log10_alpha": 0.0608227221532287, "log10_colsample_bytree": -0.28769703359144383, "log10_eta": -2.182323877758441, "log10_lambda": -1.1686209370388663, "log10_min_child_weight": 4.210512219117619, "log10_subsample": -0.8549995755685947, "max_depth": 4.0, "num_boost_round": 23.0}, "datetime": {"datetime": "2024-01-19 00:55:02", "elapsed": 2634.624267, "delta": 0.002928}}
{"target": -13.758182935551538, "params": {"gamma": 525.1107655038561, "log10_alpha": 0.0608227221532287, "log10_colsample_bytree": -0.28769703359144383, "log10_eta": -2.182323877758441, "log10_lambda": -1.1686209370388663, "log10_min_child_weight": 4.210512219117619, "log10_subsample": -0.8549995755685947, "max_depth": 4.0, "num_boost_round": 24.0}, "datetime": {"datetime": "2024-01-19 00:55:02", "elapsed": 2634.627191, "delta": 0.002924}}
{"target": -13.758393674996755, "params": {"gamma": 554.194468951867, "log10_alpha": 0.421639347732393, "log10_colsample_bytree": -0.5167170838871803, "log10_eta": -2.3721665845833817, "log10_lambda": -2.2035497222453557, "log10_min_child_weight": 2.8526269162784104, "log10_subsample": -0.6105052367499508, "max_depth": 9.0, "num_boost_round": 0.0}, "datetime": {"datetime": "2024-01-19 00:55:41", "elapsed": 2672.878463, "delta": 38.251272}}
{"target": -13.758329313379244, "params": {"gamma": 554.194468951867, "log10_alpha": 0.421639347732393, "log10_colsample_bytree": -0.5167170838871803, "log10_eta": -2.3721665845833817, "log10_lambda": -2.2035497222453557, "log10_min_child_weight": 2.8526269162784104, "log10_subsample": -0.6105052367499508, "max_depth": 9.0, "num_boost_round": 1.0}, "datetime": {"datetime": "2024-01-19 00:55:41", "elapsed": 2672.882011, "delta": 0.003548}}
{"target": -13.758212755677954, "params": {"gamma": 554.194468951867, "log10_alpha": 0.421639347732393, "log10_colsample_bytree": -0.5167170838871803, "log10_eta": -2.3721665845833817, "log10_lambda": -2.2035497222453557, "log10_min_child_weight": 2.8526269162784104, "log10_subsample": -0.6105052367499508, "max_depth": 9.0, "num_boost_round": 2.0}, "datetime": {"datetime": "2024-01-19 00:55:41", "elapsed": 2672.885429, "delta": 0.003418}}
{"target": -13.758210649349868, "params": {"gamma": 554.194468951867, "log10_alpha": 0.421639347732393, "log10_colsample_bytree": -0.5167170838871803, "log10_eta": -2.3721665845833817, "log10_lambda": -2.2035497222453557, "log10_min_child_weight": 2.8526269162784104, "log10_subsample": -0.6105052367499508, "max_depth": 9.0, "num_boost_round": 3.0}, "datetime": {"datetime": "2024-01-19 00:55:41", "elapsed": 2672.88849, "delta": 0.003061}}
{"target": -13.758084658940536, "params": {"gamma": 554.194468951867, "log10_alpha": 0.421639347732393, "log10_colsample_bytree": -0.5167170838871803, "log10_eta": -2.3721665845833817, "log10_lambda": -2.2035497222453557, "log10_min_child_weight": 2.8526269162784104, "log10_subsample": -0.6105052367499508, "max_depth": 9.0, "num_boost_round": 4.0}, "datetime": {"datetime": "2024-01-19 00:55:41", "elapsed": 2672.891455, "delta": 0.002965}}
{"target": -13.758103749201396, "params": {"gamma": 554.194468951867, "log10_alpha": 0.421639347732393, "log10_colsample_bytree": -0.5167170838871803, "log10_eta": -2.3721665845833817, "log10_lambda": -2.2035497222453557, "log10_min_child_weight": 2.8526269162784104, "log10_subsample": -0.6105052367499508, "max_depth": 9.0, "num_boost_round": 5.0}, "datetime": {"datetime": "2024-01-19 00:55:41", "elapsed": 2672.894354, "delta": 0.002899}}
{"target": -13.75799886091374, "params": {"gamma": 554.194468951867, "log10_alpha": 0.421639347732393, "log10_colsample_bytree": -0.5167170838871803, "log10_eta": -2.3721665845833817, "log10_lambda": -2.2035497222453557, "log10_min_child_weight": 2.8526269162784104, "log10_subsample": -0.6105052367499508, "max_depth": 9.0, "num_boost_round": 6.0}, "datetime": {"datetime": "2024-01-19 00:55:41", "elapsed": 2672.89726, "delta": 0.002906}}
{"target": -13.757755886086862, "params": {"gamma": 554.194468951867, "log10_alpha": 0.421639347732393, "log10_colsample_bytree": -0.5167170838871803, "log10_eta": -2.3721665845833817, "log10_lambda": -2.2035497222453557, "log10_min_child_weight": 2.8526269162784104, "log10_subsample": -0.6105052367499508, "max_depth": 9.0, "num_boost_round": 7.0}, "datetime": {"datetime": "2024-01-19 00:55:41", "elapsed": 2672.900141, "delta": 0.002881}}
{"target": -13.75755683795519, "params": {"gamma": 554.194468951867, "log10_alpha": 0.421639347732393, "log10_colsample_bytree": -0.5167170838871803, "log10_eta": -2.3721665845833817, "log10_lambda": -2.2035497222453557, "log10_min_child_weight": 2.8526269162784104, "log10_subsample": -0.6105052367499508, "max_depth": 9.0, "num_boost_round": 8.0}, "datetime": {"datetime": "2024-01-19 00:55:41", "elapsed": 2672.90314, "delta": 0.002999}}
{"target": -13.757438544907654, "params": {"gamma": 554.194468951867, "log10_alpha": 0.421639347732393, "log10_colsample_bytree": -0.5167170838871803, "log10_eta": -2.3721665845833817, "log10_lambda": -2.2035497222453557, "log10_min_child_weight": 2.8526269162784104, "log10_subsample": -0.6105052367499508, "max_depth": 9.0, "num_boost_round": 9.0}, "datetime": {"datetime": "2024-01-19 00:55:41", "elapsed": 2672.906148, "delta": 0.003008}}
{"target": -13.757417732888687, "params": {"gamma": 554.194468951867, "log10_alpha": 0.421639347732393, "log10_colsample_bytree": -0.5167170838871803, "log10_eta": -2.3721665845833817, "log10_lambda": -2.2035497222453557, "log10_min_child_weight": 2.8526269162784104, "log10_subsample": -0.6105052367499508, "max_depth": 9.0, "num_boost_round": 10.0}, "datetime": {"datetime": "2024-01-19 00:55:41", "elapsed": 2672.90904, "delta": 0.002892}}
{"target": -13.757404105811995, "params": {"gamma": 554.194468951867, "log10_alpha": 0.421639347732393, "log10_colsample_bytree": -0.5167170838871803, "log10_eta": -2.3721665845833817, "log10_lambda": -2.2035497222453557, "log10_min_child_weight": 2.8526269162784104, "log10_subsample": -0.6105052367499508, "max_depth": 9.0, "num_boost_round": 11.0}, "datetime": {"datetime": "2024-01-19 00:55:41", "elapsed": 2672.911933, "delta": 0.002893}}
{"target": -13.757445286388595, "params": {"gamma": 554.194468951867, "log10_alpha": 0.421639347732393, "log10_colsample_bytree": -0.5167170838871803, "log10_eta": -2.3721665845833817, "log10_lambda": -2.2035497222453557, "log10_min_child_weight": 2.8526269162784104, "log10_subsample": -0.6105052367499508, "max_depth": 9.0, "num_boost_round": 12.0}, "datetime": {"datetime": "2024-01-19 00:55:41", "elapsed": 2672.914821, "delta": 0.002888}}
{"target": -13.757388189092561, "params": {"gamma": 554.194468951867, "log10_alpha": 0.421639347732393, "log10_colsample_bytree": -0.5167170838871803, "log10_eta": -2.3721665845833817, "log10_lambda": -2.2035497222453557, "log10_min_child_weight": 2.8526269162784104, "log10_subsample": -0.6105052367499508, "max_depth": 9.0, "num_boost_round": 13.0}, "datetime": {"datetime": "2024-01-19 00:55:41", "elapsed": 2672.917692, "delta": 0.002871}}
{"target": -13.757262018481802, "params": {"gamma": 554.194468951867, "log10_alpha": 0.421639347732393, "log10_colsample_bytree": -0.5167170838871803, "log10_eta": -2.3721665845833817, "log10_lambda": -2.2035497222453557, "log10_min_child_weight": 2.8526269162784104, "log10_subsample": -0.6105052367499508, "max_depth": 9.0, "num_boost_round": 14.0}, "datetime": {"datetime": "2024-01-19 00:55:41", "elapsed": 2672.920781, "delta": 0.003089}}
{"target": -13.757151773425493, "params": {"gamma": 554.194468951867, "log10_alpha": 0.421639347732393, "log10_colsample_bytree": -0.5167170838871803, "log10_eta": -2.3721665845833817, "log10_lambda": -2.2035497222453557, "log10_min_child_weight": 2.8526269162784104, "log10_subsample": -0.6105052367499508, "max_depth": 9.0, "num_boost_round": 15.0}, "datetime": {"datetime": "2024-01-19 00:55:41", "elapsed": 2672.923704, "delta": 0.002923}}
{"target": -13.757100596561523, "params": {"gamma": 554.194468951867, "log10_alpha": 0.421639347732393, "log10_colsample_bytree": -0.5167170838871803, "log10_eta": -2.3721665845833817, "log10_lambda": -2.2035497222453557, "log10_min_child_weight": 2.8526269162784104, "log10_subsample": -0.6105052367499508, "max_depth": 9.0, "num_boost_round": 16.0}, "datetime": {"datetime": "2024-01-19 00:55:41", "elapsed": 2672.926759, "delta": 0.003055}}
{"target": -13.757134459116877, "params": {"gamma": 554.194468951867, "log10_alpha": 0.421639347732393, "log10_colsample_bytree": -0.5167170838871803, "log10_eta": -2.3721665845833817, "log10_lambda": -2.2035497222453557, "log10_min_child_weight": 2.8526269162784104, "log10_subsample": -0.6105052367499508, "max_depth": 9.0, "num_boost_round": 17.0}, "datetime": {"datetime": "2024-01-19 00:55:41", "elapsed": 2672.929639, "delta": 0.00288}}
{"target": -13.757053188963257, "params": {"gamma": 554.194468951867, "log10_alpha": 0.421639347732393, "log10_colsample_bytree": -0.5167170838871803, "log10_eta": -2.3721665845833817, "log10_lambda": -2.2035497222453557, "log10_min_child_weight": 2.8526269162784104, "log10_subsample": -0.6105052367499508, "max_depth": 9.0, "num_boost_round": 18.0}, "datetime": {"datetime": "2024-01-19 00:55:41", "elapsed": 2672.932517, "delta": 0.002878}}
{"target": -13.756945669140718, "params": {"gamma": 554.194468951867, "log10_alpha": 0.421639347732393, "log10_colsample_bytree": -0.5167170838871803, "log10_eta": -2.3721665845833817, "log10_lambda": -2.2035497222453557, "log10_min_child_weight": 2.8526269162784104, "log10_subsample": -0.6105052367499508, "max_depth": 9.0, "num_boost_round": 19.0}, "datetime": {"datetime": "2024-01-19 00:55:41", "elapsed": 2672.935409, "delta": 0.002892}}
{"target": -13.756829693771065, "params": {"gamma": 554.194468951867, "log10_alpha": 0.421639347732393, "log10_colsample_bytree": -0.5167170838871803, "log10_eta": -2.3721665845833817, "log10_lambda": -2.2035497222453557, "log10_min_child_weight": 2.8526269162784104, "log10_subsample": -0.6105052367499508, "max_depth": 9.0, "num_boost_round": 20.0}, "datetime": {"datetime": "2024-01-19 00:55:41", "elapsed": 2672.938307, "delta": 0.002898}}
{"target": -13.756887053135907, "params": {"gamma": 554.194468951867, "log10_alpha": 0.421639347732393, "log10_colsample_bytree": -0.5167170838871803, "log10_eta": -2.3721665845833817, "log10_lambda": -2.2035497222453557, "log10_min_child_weight": 2.8526269162784104, "log10_subsample": -0.6105052367499508, "max_depth": 9.0, "num_boost_round": 21.0}, "datetime": {"datetime": "2024-01-19 00:55:41", "elapsed": 2672.941207, "delta": 0.0029}}
{"target": -13.756937544792939, "params": {"gamma": 554.194468951867, "log10_alpha": 0.421639347732393, "log10_colsample_bytree": -0.5167170838871803, "log10_eta": -2.3721665845833817, "log10_lambda": -2.2035497222453557, "log10_min_child_weight": 2.8526269162784104, "log10_subsample": -0.6105052367499508, "max_depth": 9.0, "num_boost_round": 22.0}, "datetime": {"datetime": "2024-01-19 00:55:41", "elapsed": 2672.944222, "delta": 0.003015}}
{"target": -13.756787823836827, "params": {"gamma": 554.194468951867, "log10_alpha": 0.421639347732393, "log10_colsample_bytree": -0.5167170838871803, "log10_eta": -2.3721665845833817, "log10_lambda": -2.2035497222453557, "log10_min_child_weight": 2.8526269162784104, "log10_subsample": -0.6105052367499508, "max_depth": 9.0, "num_boost_round": 23.0}, "datetime": {"datetime": "2024-01-19 00:55:41", "elapsed": 2672.947377, "delta": 0.003155}}
{"target": -13.756854283181655, "params": {"gamma": 554.194468951867, "log10_alpha": 0.421639347732393, "log10_colsample_bytree": -0.5167170838871803, "log10_eta": -2.3721665845833817, "log10_lambda": -2.2035497222453557, "log10_min_child_weight": 2.8526269162784104, "log10_subsample": -0.6105052367499508, "max_depth": 9.0, "num_boost_round": 24.0}, "datetime": {"datetime": "2024-01-19 00:55:41", "elapsed": 2672.950423, "delta": 0.003046}}
{"target": -13.756792481183263, "params": {"gamma": 554.194468951867, "log10_alpha": 0.421639347732393, "log10_colsample_bytree": -0.5167170838871803, "log10_eta": -2.3721665845833817, "log10_lambda": -2.2035497222453557, "log10_min_child_weight": 2.8526269162784104, "log10_subsample": -0.6105052367499508, "max_depth": 9.0, "num_boost_round": 25.0}, "datetime": {"datetime": "2024-01-19 00:55:41", "elapsed": 2672.953397, "delta": 0.002974}}
{"target": -13.75681684746205, "params": {"gamma": 554.194468951867, "log10_alpha": 0.421639347732393, "log10_colsample_bytree": -0.5167170838871803, "log10_eta": -2.3721665845833817, "log10_lambda": -2.2035497222453557, "log10_min_child_weight": 2.8526269162784104, "log10_subsample": -0.6105052367499508, "max_depth": 9.0, "num_boost_round": 26.0}, "datetime": {"datetime": "2024-01-19 00:55:41", "elapsed": 2672.956387, "delta": 0.00299}}
{"target": -13.756825621610353, "params": {"gamma": 554.194468951867, "log10_alpha": 0.421639347732393, "log10_colsample_bytree": -0.5167170838871803, "log10_eta": -2.3721665845833817, "log10_lambda": -2.2035497222453557, "log10_min_child_weight": 2.8526269162784104, "log10_subsample": -0.6105052367499508, "max_depth": 9.0, "num_boost_round": 27.0}, "datetime": {"datetime": "2024-01-19 00:55:41", "elapsed": 2672.959302, "delta": 0.002915}}
