{"target": -13.758551335882148, "params": {"gamma": 545.4160234736172, "log10_alpha": -0.14663388588331117, "log10_colsample_bytree": -0.01721170646195369, "log10_eta": -2.827328927079099, "log10_lambda": -3.0647411272682428, "log10_min_child_weight": 0.06299036951061154, "log10_subsample": -0.35582410566722955, "max_depth": 9.0, "num_boost_round": 18.0}, "datetime": {"datetime": "2024-01-19 00:20:22", "elapsed": 475.337464, "delta": 0.001006}}
{"target": -13.758524852489733, "params": {"gamma": 545.4160234736172, "log10_alpha": -0.14663388588331117, "log10_colsample_bytree": -0.01721170646195369, "log10_eta": -2.827328927079099, "log10_lambda": -3.0647411272682428, "log10_min_child_weight": 0.06299036951061154, "log10_subsample": -0.35582410566722955, "max_depth": 9.0, "num_boost_round": 19.0}, "datetime": {"datetime": "2024-01-19 00:20:22", "elapsed": 475.338463, "delta": 0.000999}}
{"target": -13.758459116994441, "params": {"gamma": 545.4160234736172, "log10_alpha": -0.14663388588331117, "log10_colsample_bytree": -0.01721170646195369, "log10_eta": -2.827328927079099, "log10_lambda": -3.0647411272682428, "log10_min_child_weight": 0.06299036951061154, "log10_subsample": -0.35582410566722955, "max_depth": 9.0, "num_boost_round": 20.0}, "datetime": {"datetime": "2024-01-19 00:20:22", "elapsed": 475.339475, "delta": 0.001012}}
{"target": -13.758437385577585, "params": {"gamma": 545.4160234736172, "log10_alpha": -0.14663388588331117, "log10_colsample_bytree": -0.01721170646195369, "log10_eta": -2.827328927079099, "log10_lambda": -3.0647411272682428, "log10_min_child_weight": 0.06299036951061154, "log10_subsample": -0.35582410566722955, "max_depth": 9.0, "num_boost_round": 21.0}, "datetime": {"datetime": "2024-01-19 00:20:22", "elapsed": 475.351352, "delta": 0.011877}}
{"target": -13.758451017261867, "params": {"gamma": 545.4160234736172, "log10_alpha": -0.14663388588331117, "log10_colsample_bytree": -0.01721170646195369, "log10_eta": -2.827328927079099, "log10_lambda": -3.0647411272682428, "log10_min_child_weight": 0.06299036951061154, "log10_subsample": -0.35582410566722955, "max_depth": 9.0, "num_boost_round": 22.0}, "datetime": {"datetime": "2024-01-19 00:20:22", "elapsed": 475.352593, "delta": 0.001241}}
{"target": -13.758449837375794, "params": {"gamma": 545.4160234736172, "log10_alpha": -0.14663388588331117, "log10_colsample_bytree": -0.01721170646195369, "log10_eta": -2.827328927079099, "log10_lambda": -3.0647411272682428, "log10_min_child_weight": 0.06299036951061154, "log10_subsample": -0.35582410566722955, "max_depth": 9.0, "num_boost_round": 23.0}, "datetime": {"datetime": "2024-01-19 00:20:22", "elapsed": 475.35363, "delta": 0.001037}}
{"target": -13.75839347530636, "params": {"gamma": 545.4160234736172, "log10_alpha": -0.14663388588331117, "log10_colsample_bytree": -0.01721170646195369, "log10_eta": -2.827328927079099, "log10_lambda": -3.0647411272682428, "log10_min_child_weight": 0.06299036951061154, "log10_subsample": -0.35582410566722955, "max_depth": 9.0, "num_boost_round": 24.0}, "datetime": {"datetime": "2024-01-19 00:20:22", "elapsed": 475.354661, "delta": 0.001031}}
{"target": -13.758448643057031, "params": {"gamma": 545.4160234736172, "log10_alpha": -0.14663388588331117, "log10_colsample_bytree": -0.01721170646195369, "log10_eta": -2.827328927079099, "log10_lambda": -3.0647411272682428, "log10_min_child_weight": 0.06299036951061154, "log10_subsample": -0.35582410566722955, "max_depth": 9.0, "num_boost_round": 25.0}, "datetime": {"datetime": "2024-01-19 00:20:22", "elapsed": 475.355683, "delta": 0.001022}}
{"target": -13.758479280422094, "params": {"gamma": 545.4160234736172, "log10_alpha": -0.14663388588331117, "log10_colsample_bytree": -0.01721170646195369, "log10_eta": -2.827328927079099, "log10_lambda": -3.0647411272682428, "log10_min_child_weight": 0.06299036951061154, "log10_subsample": -0.35582410566722955, "max_depth": 9.0, "num_boost_round": 26.0}, "datetime": {"datetime": "2024-01-19 00:20:22", "elapsed": 475.356714, "delta": 0.001031}}
{"target": -13.79397490985785, "params": {"gamma": 544.1846285051826, "log10_alpha": -0.3877486247243276, "log10_colsample_bytree": -0.5020200820486083, "log10_eta": -0.3781591379533227, "log10_lambda": -3.182390163119951, "log10_min_child_weight": 2.2377026101312376, "log10_subsample": -0.6858748400543537, "max_depth": 7.0, "num_boost_round": 0.0}, "datetime": {"datetime": "2024-01-19 00:20:55", "elapsed": 507.643346, "delta": 32.286632}}
{"target": -13.81840290192645, "params": {"gamma": 544.1846285051826, "log10_alpha": -0.3877486247243276, "log10_colsample_bytree": -0.5020200820486083, "log10_eta": -0.3781591379533227, "log10_lambda": -3.182390163119951, "log10_min_child_weight": 2.2377026101312376, "log10_subsample": -0.6858748400543537, "max_depth": 7.0, "num_boost_round": 1.0}, "datetime": {"datetime": "2024-01-19 00:20:55", "elapsed": 507.644838, "delta": 0.001492}}
{"target": -13.830826607251074, "params": {"gamma": 544.1846285051826, "log10_alpha": -0.3877486247243276, "log10_colsample_bytree": -0.5020200820486083, "log10_eta": -0.3781591379533227, "log10_lambda": -3.182390163119951, "log10_min_child_weight": 2.2377026101312376, "log10_subsample": -0.6858748400543537, "max_depth": 7.0, "num_boost_round": 2.0}, "datetime": {"datetime": "2024-01-19 00:20:55", "elapsed": 507.645874, "delta": 0.001036}}
{"target": -13.861274580180423, "params": {"gamma": 544.1846285051826, "log10_alpha": -0.3877486247243276, "log10_colsample_bytree": -0.5020200820486083, "log10_eta": -0.3781591379533227, "log10_lambda": -3.182390163119951, "log10_min_child_weight": 2.2377026101312376, "log10_subsample": -0.6858748400543537, "max_depth": 7.0, "num_boost_round": 3.0}, "datetime": {"datetime": "2024-01-19 00:20:55", "elapsed": 507.64689, "delta": 0.001016}}
{"target": -13.890199757001449, "params": {"gamma": 544.1846285051826, "log10_alpha": -0.3877486247243276, "log10_colsample_bytree": -0.5020200820486083, "log10_eta": -0.3781591379533227, "log10_lambda": -3.182390163119951, "log10_min_child_weight": 2.2377026101312376, "log10_subsample": -0.6858748400543537, "max_depth": 7.0, "num_boost_round": 4.0}, "datetime": {"datetime": "2024-01-19 00:20:55", "elapsed": 507.648045, "delta": 0.001155}}
{"target": -13.911992243042592, "params": {"gamma": 544.1846285051826, "log10_alpha": -0.3877486247243276, "log10_colsample_bytree": -0.5020200820486083, "log10_eta": -0.3781591379533227, "log10_lambda": -3.182390163119951, "log10_min_child_weight": 2.2377026101312376, "log10_subsample": -0.6858748400543537, "max_depth": 7.0, "num_boost_round": 5.0}, "datetime": {"datetime": "2024-01-19 00:20:55", "elapsed": 507.649087, "delta": 0.001042}}
{"target": -13.942782068551335, "params": {"gamma": 544.1846285051826, "log10_alpha": -0.3877486247243276, "log10_colsample_bytree": -0.5020200820486083, "log10_eta": -0.3781591379533227, "log10_lambda": -3.182390163119951, "log10_min_child_weight": 2.2377026101312376, "log10_subsample": -0.6858748400543537, "max_depth": 7.0, "num_boost_round": 6.0}, "datetime": {"datetime": "2024-01-19 00:20:55", "elapsed": 507.650122, "delta": 0.001035}}
{"target": -13.967455147288728, "params": {"gamma": 544.1846285051826, "log10_alpha": -0.3877486247243276, "log10_colsample_bytree": -0.5020200820486083, "log10_eta": -0.3781591379533227, "log10_lambda": -3.182390163119951, "log10_min_child_weight": 2.2377026101312376, "log10_subsample": -0.6858748400543537, "max_depth": 7.0, "num_boost_round": 7.0}, "datetime": {"datetime": "2024-01-19 00:20:55", "elapsed": 507.651148, "delta": 0.001026}}
{"target": -14.012238714394458, "params": {"gamma": 544.1846285051826, "log10_alpha": -0.3877486247243276, "log10_colsample_bytree": -0.5020200820486083, "log10_eta": -0.3781591379533227, "log10_lambda": -3.182390163119951, "log10_min_child_weight": 2.2377026101312376, "log10_subsample": -0.6858748400543537, "max_depth": 7.0, "num_boost_round": 8.0}, "datetime": {"datetime": "2024-01-19 00:20:55", "elapsed": 507.652321, "delta": 0.001173}}
{"target": -14.037253725979895, "params": {"gamma": 544.1846285051826, "log10_alpha": -0.3877486247243276, "log10_colsample_bytree": -0.5020200820486083, "log10_eta": -0.3781591379533227, "log10_lambda": -3.182390163119951, "log10_min_child_weight": 2.2377026101312376, "log10_subsample": -0.6858748400543537, "max_depth": 7.0, "num_boost_round": 9.0}, "datetime": {"datetime": "2024-01-19 00:20:55", "elapsed": 507.653605, "delta": 0.001284}}
{"target": -14.096206535457426, "params": {"gamma": 544.1846285051826, "log10_alpha": -0.3877486247243276, "log10_colsample_bytree": -0.5020200820486083, "log10_eta": -0.3781591379533227, "log10_lambda": -3.182390163119951, "log10_min_child_weight": 2.2377026101312376, "log10_subsample": -0.6858748400543537, "max_depth": 7.0, "num_boost_round": 10.0}, "datetime": {"datetime": "2024-01-19 00:20:55", "elapsed": 507.654803, "delta": 0.001198}}
{"target": -14.117327464461551, "params": {"gamma": 544.1846285051826, "log10_alpha": -0.3877486247243276, "log10_colsample_bytree": -0.5020200820486083, "log10_eta": -0.3781591379533227, "log10_lambda": -3.182390163119951, "log10_min_child_weight": 2.2377026101312376, "log10_subsample": -0.6858748400543537, "max_depth": 7.0, "num_boost_round": 11.0}, "datetime": {"datetime": "2024-01-19 00:20:55", "elapsed": 507.655838, "delta": 0.001035}}
{"target": -14.137523380088346, "params": {"gamma": 544.1846285051826, "log10_alpha": -0.3877486247243276, "log10_colsample_bytree": -0.5020200820486083, "log10_eta": -0.3781591379533227, "log10_lambda": -3.182390163119951, "log10_min_child_weight": 2.2377026101312376, "log10_subsample": -0.6858748400543537, "max_depth": 7.0, "num_boost_round": 12.0}, "datetime": {"datetime": "2024-01-19 00:20:55", "elapsed": 507.656873, "delta": 0.001035}}
{"target": -14.167910416720956, "params": {"gamma": 544.1846285051826, "log10_alpha": -0.3877486247243276, "log10_colsample_bytree": -0.5020200820486083, "log10_eta": -0.3781591379533227, "log10_lambda": -3.182390163119951, "log10_min_child_weight": 2.2377026101312376, "log10_subsample": -0.6858748400543537, "max_depth": 7.0, "num_boost_round": 13.0}, "datetime": {"datetime": "2024-01-19 00:20:55", "elapsed": 507.657898, "delta": 0.001025}}
{"target": -14.181560160665551, "params": {"gamma": 544.1846285051826, "log10_alpha": -0.3877486247243276, "log10_colsample_bytree": -0.5020200820486083, "log10_eta": -0.3781591379533227, "log10_lambda": -3.182390163119951, "log10_min_child_weight": 2.2377026101312376, "log10_subsample": -0.6858748400543537, "max_depth": 7.0, "num_boost_round": 14.0}, "datetime": {"datetime": "2024-01-19 00:20:55", "elapsed": 507.658929, "delta": 0.001031}}
{"target": -14.194946264737405, "params": {"gamma": 544.1846285051826, "log10_alpha": -0.3877486247243276, "log10_colsample_bytree": -0.5020200820486083, "log10_eta": -0.3781591379533227, "log10_lambda": -3.182390163119951, "log10_min_child_weight": 2.2377026101312376, "log10_subsample": -0.6858748400543537, "max_depth": 7.0, "num_boost_round": 15.0}, "datetime": {"datetime": "2024-01-19 00:20:55", "elapsed": 507.659964, "delta": 0.001035}}
{"target": -14.211848104839389, "params": {"gamma": 544.1846285051826, "log10_alpha": -0.3877486247243276, "log10_colsample_bytree": -0.5020200820486083, "log10_eta": -0.3781591379533227, "log10_lambda": -3.182390163119951, "log10_min_child_weight": 2.2377026101312376, "log10_subsample": -0.6858748400543537, "max_depth": 7.0, "num_boost_round": 16.0}, "datetime": {"datetime": "2024-01-19 00:20:55", "elapsed": 507.660995, "delta": 0.001031}}
{"target": -14.27542639109053, "params": {"gamma": 544.1846285051826, "log10_alpha": -0.3877486247243276, "log10_colsample_bytree": -0.5020200820486083, "log10_eta": -0.3781591379533227, "log10_lambda": -3.182390163119951, "log10_min_child_weight": 2.2377026101312376, "log10_subsample": -0.6858748400543537, "max_depth": 7.0, "num_boost_round": 17.0}, "datetime": {"datetime": "2024-01-19 00:20:55", "elapsed": 507.662022, "delta": 0.001027}}
{"target": -14.316656825814997, "params": {"gamma": 544.1846285051826, "log10_alpha": -0.3877486247243276, "log10_colsample_bytree": -0.5020200820486083, "log10_eta": -0.3781591379533227, "log10_lambda": -3.182390163119951, "log10_min_child_weight": 2.2377026101312376, "log10_subsample": -0.6858748400543537, "max_depth": 7.0, "num_boost_round": 18.0}, "datetime": {"datetime": "2024-01-19 00:20:55", "elapsed": 507.663051, "delta": 0.001029}}
{"target": -14.335721823418213, "params": {"gamma": 544.1846285051826, "log10_alpha": -0.3877486247243276, "log10_colsample_bytree": -0.5020200820486083, "log10_eta": -0.3781591379533227, "log10_lambda": -3.182390163119951, "log10_min_child_weight": 2.2377026101312376, "log10_subsample": -0.6858748400543537, "max_depth": 7.0, "num_boost_round": 19.0}, "datetime": {"datetime": "2024-01-19 00:20:55", "elapsed": 507.664089, "delta": 0.001038}}
{"target": -14.344857577155398, "params": {"gamma": 544.1846285051826, "log10_alpha": -0.3877486247243276, "log10_colsample_bytree": -0.5020200820486083, "log10_eta": -0.3781591379533227, "log10_lambda": -3.182390163119951, "log10_min_child_weight": 2.2377026101312376, "log10_subsample": -0.6858748400543537, "max_depth": 7.0, "num_boost_round": 20.0}, "datetime": {"datetime": "2024-01-19 00:20:55", "elapsed": 507.665137, "delta": 0.001048}}
{"target": -14.407304959136335, "params": {"gamma": 544.1846285051826, "log10_alpha": -0.3877486247243276, "log10_colsample_bytree": -0.5020200820486083, "log10_eta": -0.3781591379533227, "log10_lambda": -3.182390163119951, "log10_min_child_weight": 2.2377026101312376, "log10_subsample": -0.6858748400543537, "max_depth": 7.0, "num_boost_round": 21.0}, "datetime": {"datetime": "2024-01-19 00:20:55", "elapsed": 507.666183, "delta": 0.001046}}
{"target": -14.420368898102538, "params": {"gamma": 544.1846285051826, "log10_alpha": -0.3877486247243276, "log10_colsample_bytree": -0.5020200820486083, "log10_eta": -0.3781591379533227, "log10_lambda": -3.182390163119951, "log10_min_child_weight": 2.2377026101312376, "log10_subsample": -0.6858748400543537, "max_depth": 7.0, "num_boost_round": 22.0}, "datetime": {"datetime": "2024-01-19 00:20:55", "elapsed": 507.667255, "delta": 0.001072}}
{"target": -14.416713207916501, "params": {"gamma": 544.1846285051826, "log10_alpha": -0.3877486247243276, "log10_colsample_bytree": -0.5020200820486083, "log10_eta": -0.3781591379533227, "log10_lambda": -3.182390163119951, "log10_min_child_weight": 2.2377026101312376, "log10_subsample": -0.6858748400543537, "max_depth": 7.0, "num_boost_round": 23.0}, "datetime": {"datetime": "2024-01-19 00:20:55", "elapsed": 507.668322, "delta": 0.001067}}
{"target": -14.431717812672249, "params": {"gamma": 544.1846285051826, "log10_alpha": -0.3877486247243276, "log10_colsample_bytree": -0.5020200820486083, "log10_eta": -0.3781591379533227, "log10_lambda": -3.182390163119951, "log10_min_child_weight": 2.2377026101312376, "log10_subsample": -0.6858748400543537, "max_depth": 7.0, "num_boost_round": 24.0}, "datetime": {"datetime": "2024-01-19 00:20:55", "elapsed": 507.669368, "delta": 0.001046}}
{"target": -14.436653765576901, "params": {"gamma": 544.1846285051826, "log10_alpha": -0.3877486247243276, "log10_colsample_bytree": -0.5020200820486083, "log10_eta": -0.3781591379533227, "log10_lambda": -3.182390163119951, "log10_min_child_weight": 2.2377026101312376, "log10_subsample": -0.6858748400543537, "max_depth": 7.0, "num_boost_round": 25.0}, "datetime": {"datetime": "2024-01-19 00:20:55", "elapsed": 507.670416, "delta": 0.001048}}
{"target": -14.450309339816162, "params": {"gamma": 544.1846285051826, "log10_alpha": -0.3877486247243276, "log10_colsample_bytree": -0.5020200820486083, "log10_eta": -0.3781591379533227, "log10_lambda": -3.182390163119951, "log10_min_child_weight": 2.2377026101312376, "log10_subsample": -0.6858748400543537, "max_depth": 7.0, "num_boost_round": 26.0}, "datetime": {"datetime": "2024-01-19 00:20:55", "elapsed": 507.671517, "delta": 0.001101}}
{"target": -14.460352115700312, "params": {"gamma": 544.1846285051826, "log10_alpha": -0.3877486247243276, "log10_colsample_bytree": -0.5020200820486083, "log10_eta": -0.3781591379533227, "log10_lambda": -3.182390163119951, "log10_min_child_weight": 2.2377026101312376, "log10_subsample": -0.6858748400543537, "max_depth": 7.0, "num_boost_round": 27.0}, "datetime": {"datetime": "2024-01-19 00:20:55", "elapsed": 507.672584, "delta": 0.001067}}
{"target": -14.46800411020715, "params": {"gamma": 544.1846285051826, "log10_alpha": -0.3877486247243276, "log10_colsample_bytree": -0.5020200820486083, "log10_eta": -0.3781591379533227, "log10_lambda": -3.182390163119951, "log10_min_child_weight": 2.2377026101312376, "log10_subsample": -0.6858748400543537, "max_depth": 7.0, "num_boost_round": 28.0}, "datetime": {"datetime": "2024-01-19 00:20:55", "elapsed": 507.673698, "delta": 0.001114}}
{"target": -14.475541707417898, "params": {"gamma": 544.1846285051826, "log10_alpha": -0.3877486247243276, "log10_colsample_bytree": -0.5020200820486083, "log10_eta": -0.3781591379533227, "log10_lambda": -3.182390163119951, "log10_min_child_weight": 2.2377026101312376, "log10_subsample": -0.6858748400543537, "max_depth": 7.0, "num_boost_round": 29.0}, "datetime": {"datetime": "2024-01-19 00:20:55", "elapsed": 507.675187, "delta": 0.001489}}
{"target": -14.502970720298446, "params": {"gamma": 544.1846285051826, "log10_alpha": -0.3877486247243276, "log10_colsample_bytree": -0.5020200820486083, "log10_eta": -0.3781591379533227, "log10_lambda": -3.182390163119951, "log10_min_child_weight": 2.2377026101312376, "log10_subsample": -0.6858748400543537, "max_depth": 7.0, "num_boost_round": 30.0}, "datetime": {"datetime": "2024-01-19 00:20:55", "elapsed": 507.676352, "delta": 0.001165}}
{"target": -14.511818688505318, "params": {"gamma": 544.1846285051826, "log10_alpha": -0.3877486247243276, "log10_colsample_bytree": -0.5020200820486083, "log10_eta": -0.3781591379533227, "log10_lambda": -3.182390163119951, "log10_min_child_weight": 2.2377026101312376, "log10_subsample": -0.6858748400543537, "max_depth": 7.0, "num_boost_round": 31.0}, "datetime": {"datetime": "2024-01-19 00:20:55", "elapsed": 507.67753, "delta": 0.001178}}
{"target": -14.520254248958326, "params": {"gamma": 544.1846285051826, "log10_alpha": -0.3877486247243276, "log10_colsample_bytree": -0.5020200820486083, "log10_eta": -0.3781591379533227, "log10_lambda": -3.182390163119951, "log10_min_child_weight": 2.2377026101312376, "log10_subsample": -0.6858748400543537, "max_depth": 7.0, "num_boost_round": 32.0}, "datetime": {"datetime": "2024-01-19 00:20:55", "elapsed": 507.67863, "delta": 0.0011}}
{"target": -14.532242525343994, "params": {"gamma": 544.1846285051826, "log10_alpha": -0.3877486247243276, "log10_colsample_bytree": -0.5020200820486083, "log10_eta": -0.3781591379533227, "log10_lambda": -3.182390163119951, "log10_min_child_weight": 2.2377026101312376, "log10_subsample": -0.6858748400543537, "max_depth": 7.0, "num_boost_round": 33.0}, "datetime": {"datetime": "2024-01-19 00:20:55", "elapsed": 507.679769, "delta": 0.001139}}
{"target": -14.546819631733117, "params": {"gamma": 544.1846285051826, "log10_alpha": -0.3877486247243276, "log10_colsample_bytree": -0.5020200820486083, "log10_eta": -0.3781591379533227, "log10_lambda": -3.182390163119951, "log10_min_child_weight": 2.2377026101312376, "log10_subsample": -0.6858748400543537, "max_depth": 7.0, "num_boost_round": 34.0}, "datetime": {"datetime": "2024-01-19 00:20:55", "elapsed": 507.680857, "delta": 0.001088}}
{"target": -14.558540781931361, "params": {"gamma": 544.1846285051826, "log10_alpha": -0.3877486247243276, "log10_colsample_bytree": -0.5020200820486083, "log10_eta": -0.3781591379533227, "log10_lambda": -3.182390163119951, "log10_min_child_weight": 2.2377026101312376, "log10_subsample": -0.6858748400543537, "max_depth": 7.0, "num_boost_round": 35.0}, "datetime": {"datetime": "2024-01-19 00:20:55", "elapsed": 507.682036, "delta": 0.001179}}
{"target": -14.563862120615344, "params": {"gamma": 544.1846285051826, "log10_alpha": -0.3877486247243276, "log10_colsample_bytree": -0.5020200820486083, "log10_eta": -0.3781591379533227, "log10_lambda": -3.182390163119951, "log10_min_child_weight": 2.2377026101312376, "log10_subsample": -0.6858748400543537, "max_depth": 7.0, "num_boost_round": 36.0}, "datetime": {"datetime": "2024-01-19 00:20:55", "elapsed": 507.683193, "delta": 0.001157}}
{"target": -14.572401635938629, "params": {"gamma": 544.1846285051826, "log10_alpha": -0.3877486247243276, "log10_colsample_bytree": -0.5020200820486083, "log10_eta": -0.3781591379533227, "log10_lambda": -3.182390163119951, "log10_min_child_weight": 2.2377026101312376, "log10_subsample": -0.6858748400543537, "max_depth": 7.0, "num_boost_round": 37.0}, "datetime": {"datetime": "2024-01-19 00:20:55", "elapsed": 507.684345, "delta": 0.001152}}
{"target": -13.758538148030562, "params": {"gamma": 547.705750250384, "log10_alpha": -3.7363854797163683, "log10_colsample_bytree": -0.08734420206478977, "log10_eta": -3.8759181337048405, "log10_lambda": -2.5058421135820224, "log10_min_child_weight": 0.9004577383520879, "log10_subsample": -0.3588748192463863, "max_depth": 9.0, "num_boost_round": 0.0}, "datetime": {"datetime": "2024-01-19 00:21:21", "elapsed": 534.428832, "delta": 26.744487}}
{"target": -13.758538392756732, "params": {"gamma": 547.705750250384, "log10_alpha": -3.7363854797163683, "log10_colsample_bytree": -0.08734420206478977, "log10_eta": -3.8759181337048405, "log10_lambda": -2.5058421135820224, "log10_min_child_weight": 0.9004577383520879, "log10_subsample": -0.3588748192463863, "max_depth": 9.0, "num_boost_round": 1.0}, "datetime": {"datetime": "2024-01-19 00:21:21", "elapsed": 534.430436, "delta": 0.001604}}
