{"target": -17.67281663783976, "params": {"gamma": 887.9648130082097, "log10_alpha": -3.5241217145280546, "log10_colsample_bytree": -0.9374382557825727, "log10_eta": -2.162464658689286, "log10_lambda": -4.937856422927851, "log10_min_child_weight": 0.23022421959499606, "log10_subsample": -0.9804079916509529, "max_depth": 2.0, "num_boost_round": 35.0}, "datetime": {"datetime": "2024-01-19 00:57:24", "elapsed": 2724.755037, "delta": 0.003046}}
{"target": -17.672710222459784, "params": {"gamma": 887.9648130082097, "log10_alpha": -3.5241217145280546, "log10_colsample_bytree": -0.9374382557825727, "log10_eta": -2.162464658689286, "log10_lambda": -4.937856422927851, "log10_min_child_weight": 0.23022421959499606, "log10_subsample": -0.9804079916509529, "max_depth": 2.0, "num_boost_round": 36.0}, "datetime": {"datetime": "2024-01-19 00:57:24", "elapsed": 2724.758074, "delta": 0.003037}}
{"target": -17.67723163600634, "params": {"gamma": 877.7382050506887, "log10_alpha": -4.75303771910658, "log10_colsample_bytree": -0.7651782894878847, "log10_eta": -3.908124467986754, "log10_lambda": -1.3789461225613895, "log10_min_child_weight": 4.4631664036164125, "log10_subsample": -0.34292067076185084, "max_depth": 7.0, "num_boost_round": 0.0}, "datetime": {"datetime": "2024-01-19 00:58:11", "elapsed": 2772.192423, "delta": 47.434349}}
{"target": -17.677229920093243, "params": {"gamma": 877.7382050506887, "log10_alpha": -4.75303771910658, "log10_colsample_bytree": -0.7651782894878847, "log10_eta": -3.908124467986754, "log10_lambda": -1.3789461225613895, "log10_min_child_weight": 4.4631664036164125, "log10_subsample": -0.34292067076185084, "max_depth": 7.0, "num_boost_round": 1.0}, "datetime": {"datetime": "2024-01-19 00:58:11", "elapsed": 2772.19685, "delta": 0.004427}}
{"target": -17.677229455623582, "params": {"gamma": 877.7382050506887, "log10_alpha": -4.75303771910658, "log10_colsample_bytree": -0.7651782894878847, "log10_eta": -3.908124467986754, "log10_lambda": -1.3789461225613895, "log10_min_child_weight": 4.4631664036164125, "log10_subsample": -0.34292067076185084, "max_depth": 7.0, "num_boost_round": 2.0}, "datetime": {"datetime": "2024-01-19 00:58:11", "elapsed": 2772.20046, "delta": 0.00361}}
{"target": -17.677228433625913, "params": {"gamma": 877.7382050506887, "log10_alpha": -4.75303771910658, "log10_colsample_bytree": -0.7651782894878847, "log10_eta": -3.908124467986754, "log10_lambda": -1.3789461225613895, "log10_min_child_weight": 4.4631664036164125, "log10_subsample": -0.34292067076185084, "max_depth": 7.0, "num_boost_round": 3.0}, "datetime": {"datetime": "2024-01-19 00:58:11", "elapsed": 2772.20401, "delta": 0.00355}}
{"target": -17.67722747408014, "params": {"gamma": 877.7382050506887, "log10_alpha": -4.75303771910658, "log10_colsample_bytree": -0.7651782894878847, "log10_eta": -3.908124467986754, "log10_lambda": -1.3789461225613895, "log10_min_child_weight": 4.4631664036164125, "log10_subsample": -0.34292067076185084, "max_depth": 7.0, "num_boost_round": 4.0}, "datetime": {"datetime": "2024-01-19 00:58:11", "elapsed": 2772.20721, "delta": 0.0032}}
{"target": -17.67722661332981, "params": {"gamma": 877.7382050506887, "log10_alpha": -4.75303771910658, "log10_colsample_bytree": -0.7651782894878847, "log10_eta": -3.908124467986754, "log10_lambda": -1.3789461225613895, "log10_min_child_weight": 4.4631664036164125, "log10_subsample": -0.34292067076185084, "max_depth": 7.0, "num_boost_round": 5.0}, "datetime": {"datetime": "2024-01-19 00:58:11", "elapsed": 2772.210331, "delta": 0.003121}}
{"target": -17.677228314561276, "params": {"gamma": 877.7382050506887, "log10_alpha": -4.75303771910658, "log10_colsample_bytree": -0.7651782894878847, "log10_eta": -3.908124467986754, "log10_lambda": -1.3789461225613895, "log10_min_child_weight": 4.4631664036164125, "log10_subsample": -0.34292067076185084, "max_depth": 7.0, "num_boost_round": 6.0}, "datetime": {"datetime": "2024-01-19 00:58:11", "elapsed": 2772.213539, "delta": 0.003208}}
{"target": -17.677228283587056, "params": {"gamma": 877.7382050506887, "log10_alpha": -4.75303771910658, "log10_colsample_bytree": -0.7651782894878847, "log10_eta": -3.908124467986754, "log10_lambda": -1.3789461225613895, "log10_min_child_weight": 4.4631664036164125, "log10_subsample": -0.34292067076185084, "max_depth": 7.0, "num_boost_round": 7.0}, "datetime": {"datetime": "2024-01-19 00:58:11", "elapsed": 2772.216713, "delta": 0.003174}}
{"target": -17.677227691272577, "params": {"gamma": 877.7382050506887, "log10_alpha": -4.75303771910658, "log10_colsample_bytree": -0.7651782894878847, "log10_eta": -3.908124467986754, "log10_lambda": -1.3789461225613895, "log10_min_child_weight": 4.4631664036164125, "log10_subsample": -0.34292067076185084, "max_depth": 7.0, "num_boost_round": 8.0}, "datetime": {"datetime": "2024-01-19 00:58:11", "elapsed": 2772.219921, "delta": 0.003208}}
{"target": -17.677227623949875, "params": {"gamma": 877.7382050506887, "log10_alpha": -4.75303771910658, "log10_colsample_bytree": -0.7651782894878847, "log10_eta": -3.908124467986754, "log10_lambda": -1.3789461225613895, "log10_min_child_weight": 4.4631664036164125, "log10_subsample": -0.34292067076185084, "max_depth": 7.0, "num_boost_round": 9.0}, "datetime": {"datetime": "2024-01-19 00:58:11", "elapsed": 2772.22335, "delta": 0.003429}}
{"target": -17.67722688020557, "params": {"gamma": 877.7382050506887, "log10_alpha": -4.75303771910658, "log10_colsample_bytree": -0.7651782894878847, "log10_eta": -3.908124467986754, "log10_lambda": -1.3789461225613895, "log10_min_child_weight": 4.4631664036164125, "log10_subsample": -0.34292067076185084, "max_depth": 7.0, "num_boost_round": 10.0}, "datetime": {"datetime": "2024-01-19 00:58:11", "elapsed": 2772.226836, "delta": 0.003486}}
{"target": -17.677225141131384, "params": {"gamma": 877.7382050506887, "log10_alpha": -4.75303771910658, "log10_colsample_bytree": -0.7651782894878847, "log10_eta": -3.908124467986754, "log10_lambda": -1.3789461225613895, "log10_min_child_weight": 4.4631664036164125, "log10_subsample": -0.34292067076185084, "max_depth": 7.0, "num_boost_round": 11.0}, "datetime": {"datetime": "2024-01-19 00:58:11", "elapsed": 2772.230203, "delta": 0.003367}}
{"target": -17.677224523844504, "params": {"gamma": 877.7382050506887, "log10_alpha": -4.75303771910658, "log10_colsample_bytree": -0.7651782894878847, "log10_eta": -3.908124467986754, "log10_lambda": -1.3789461225613895, "log10_min_child_weight": 4.4631664036164125, "log10_subsample": -0.34292067076185084, "max_depth": 7.0, "num_boost_round": 12.0}, "datetime": {"datetime": "2024-01-19 00:58:11", "elapsed": 2772.233464, "delta": 0.003261}}
{"target": -17.677223650840475, "params": {"gamma": 877.7382050506887, "log10_alpha": -4.75303771910658, "log10_colsample_bytree": -0.7651782894878847, "log10_eta": -3.908124467986754, "log10_lambda": -1.3789461225613895, "log10_min_child_weight": 4.4631664036164125, "log10_subsample": -0.34292067076185084, "max_depth": 7.0, "num_boost_round": 13.0}, "datetime": {"datetime": "2024-01-19 00:58:11", "elapsed": 2772.236672, "delta": 0.003208}}
{"target": -17.677222338066695, "params": {"gamma": 877.7382050506887, "log10_alpha": -4.75303771910658, "log10_colsample_bytree": -0.7651782894878847, "log10_eta": -3.908124467986754, "log10_lambda": -1.3789461225613895, "log10_min_child_weight": 4.4631664036164125, "log10_subsample": -0.34292067076185084, "max_depth": 7.0, "num_boost_round": 14.0}, "datetime": {"datetime": "2024-01-19 00:58:11", "elapsed": 2772.239913, "delta": 0.003241}}
{"target": -17.677219931297152, "params": {"gamma": 877.7382050506887, "log10_alpha": -4.75303771910658, "log10_colsample_bytree": -0.7651782894878847, "log10_eta": -3.908124467986754, "log10_lambda": -1.3789461225613895, "log10_min_child_weight": 4.4631664036164125, "log10_subsample": -0.34292067076185084, "max_depth": 7.0, "num_boost_round": 15.0}, "datetime": {"datetime": "2024-01-19 00:58:11", "elapsed": 2772.243142, "delta": 0.003229}}
{"target": -17.67721761741643, "params": {"gamma": 877.7382050506887, "log10_alpha": -4.75303771910658, "log10_colsample_bytree": -0.7651782894878847, "log10_eta": -3.908124467986754, "log10_lambda": -1.3789461225613895, "log10_min_child_weight": 4.4631664036164125, "log10_subsample": -0.34292067076185084, "max_depth": 7.0, "num_boost_round": 16.0}, "datetime": {"datetime": "2024-01-19 00:58:11", "elapsed": 2772.246419, "delta": 0.003277}}
{"target": -17.677216296477145, "params": {"gamma": 877.7382050506887, "log10_alpha": -4.75303771910658, "log10_colsample_bytree": -0.7651782894878847, "log10_eta": -3.908124467986754, "log10_lambda": -1.3789461225613895, "log10_min_child_weight": 4.4631664036164125, "log10_subsample": -0.34292067076185084, "max_depth": 7.0, "num_boost_round": 17.0}, "datetime": {"datetime": "2024-01-19 00:58:11", "elapsed": 2772.249669, "delta": 0.00325}}
{"target": -17.677214663068035, "params": {"gamma": 877.7382050506887, "log10_alpha": -4.75303771910658, "log10_colsample_bytree": -0.7651782894878847, "log10_eta": -3.908124467986754, "log10_lambda": -1.3789461225613895, "log10_min_child_weight": 4.4631664036164125, "log10_subsample": -0.34292067076185084, "max_depth": 7.0, "num_boost_round": 18.0}, "datetime": {"datetime": "2024-01-19 00:58:11", "elapsed": 2772.252956, "delta": 0.003287}}
{"target": -17.67721236447203, "params": {"gamma": 877.7382050506887, "log10_alpha": -4.75303771910658, "log10_colsample_bytree": -0.7651782894878847, "log10_eta": -3.908124467986754, "log10_lambda": -1.3789461225613895, "log10_min_child_weight": 4.4631664036164125, "log10_subsample": -0.34292067076185084, "max_depth": 7.0, "num_boost_round": 19.0}, "datetime": {"datetime": "2024-01-19 00:58:11", "elapsed": 2772.256211, "delta": 0.003255}}
{"target": -17.677213028210495, "params": {"gamma": 877.7382050506887, "log10_alpha": -4.75303771910658, "log10_colsample_bytree": -0.7651782894878847, "log10_eta": -3.908124467986754, "log10_lambda": -1.3789461225613895, "log10_min_child_weight": 4.4631664036164125, "log10_subsample": -0.34292067076185084, "max_depth": 7.0, "num_boost_round": 20.0}, "datetime": {"datetime": "2024-01-19 00:58:11", "elapsed": 2772.259476, "delta": 0.003265}}
{"target": -17.677212463897757, "params": {"gamma": 877.7382050506887, "log10_alpha": -4.75303771910658, "log10_colsample_bytree": -0.7651782894878847, "log10_eta": -3.908124467986754, "log10_lambda": -1.3789461225613895, "log10_min_child_weight": 4.4631664036164125, "log10_subsample": -0.34292067076185084, "max_depth": 7.0, "num_boost_round": 21.0}, "datetime": {"datetime": "2024-01-19 00:58:11", "elapsed": 2772.262788, "delta": 0.003312}}
{"target": -17.677211357732347, "params": {"gamma": 877.7382050506887, "log10_alpha": -4.75303771910658, "log10_colsample_bytree": -0.7651782894878847, "log10_eta": -3.908124467986754, "log10_lambda": -1.3789461225613895, "log10_min_child_weight": 4.4631664036164125, "log10_subsample": -0.34292067076185084, "max_depth": 7.0, "num_boost_round": 22.0}, "datetime": {"datetime": "2024-01-19 00:58:11", "elapsed": 2772.2661, "delta": 0.003312}}
{"target": -17.677209861525267, "params": {"gamma": 877.7382050506887, "log10_alpha": -4.75303771910658, "log10_colsample_bytree": -0.7651782894878847, "log10_eta": -3.908124467986754, "log10_lambda": -1.3789461225613895, "log10_min_child_weight": 4.4631664036164125, "log10_subsample": -0.34292067076185084, "max_depth": 7.0, "num_boost_round": 23.0}, "datetime": {"datetime": "2024-01-19 00:58:11", "elapsed": 2772.269366, "delta": 0.003266}}
{"target": -17.67720894333215, "params": {"gamma": 877.7382050506887, "log10_alpha": -4.75303771910658, "log10_colsample_bytree": -0.7651782894878847, "log10_eta": -3.908124467986754, "log10_lambda": -1.3789461225613895, "log10_min_child_weight": 4.4631664036164125, "log10_subsample": -0.34292067076185084, "max_depth": 7.0, "num_boost_round": 24.0}, "datetime": {"datetime": "2024-01-19 00:58:11", "elapsed": 2772.272672, "delta": 0.003306}}
{"target": -17.677207620747883, "params": {"gamma": 877.7382050506887, "log10_alpha": -4.75303771910658, "log10_colsample_bytree": -0.7651782894878847, "log10_eta": -3.908124467986754, "log10_lambda": -1.3789461225613895, "log10_min_child_weight": 4.4631664036164125, "log10_subsample": -0.34292067076185084, "max_depth": 7.0, "num_boost_round": 25.0}, "datetime": {"datetime": "2024-01-19 00:58:11", "elapsed": 2772.275949, "delta": 0.003277}}
{"target": -17.677207062366694, "params": {"gamma": 877.7382050506887, "log10_alpha": -4.75303771910658, "log10_colsample_bytree": -0.7651782894878847, "log10_eta": -3.908124467986754, "log10_lambda": -1.3789461225613895, "log10_min_child_weight": 4.4631664036164125, "log10_subsample": -0.34292067076185084, "max_depth": 7.0, "num_boost_round": 26.0}, "datetime": {"datetime": "2024-01-19 00:58:11", "elapsed": 2772.279265, "delta": 0.003316}}
{"target": -17.677206124370624, "params": {"gamma": 877.7382050506887, "log10_alpha": -4.75303771910658, "log10_colsample_bytree": -0.7651782894878847, "log10_eta": -3.908124467986754, "log10_lambda": -1.3789461225613895, "log10_min_child_weight": 4.4631664036164125, "log10_subsample": -0.34292067076185084, "max_depth": 7.0, "num_boost_round": 27.0}, "datetime": {"datetime": "2024-01-19 00:58:11", "elapsed": 2772.282551, "delta": 0.003286}}
{"target": -17.677204248265927, "params": {"gamma": 877.7382050506887, "log10_alpha": -4.75303771910658, "log10_colsample_bytree": -0.7651782894878847, "log10_eta": -3.908124467986754, "log10_lambda": -1.3789461225613895, "log10_min_child_weight": 4.4631664036164125, "log10_subsample": -0.34292067076185084, "max_depth": 7.0, "num_boost_round": 28.0}, "datetime": {"datetime": "2024-01-19 00:58:11", "elapsed": 2772.28584, "delta": 0.003289}}
{"target": -17.677203969695263, "params": {"gamma": 877.7382050506887, "log10_alpha": -4.75303771910658, "log10_colsample_bytree": -0.7651782894878847, "log10_eta": -3.908124467986754, "log10_lambda": -1.3789461225613895, "log10_min_child_weight": 4.4631664036164125, "log10_subsample": -0.34292067076185084, "max_depth": 7.0, "num_boost_round": 29.0}, "datetime": {"datetime": "2024-01-19 00:58:11", "elapsed": 2772.289156, "delta": 0.003316}}
{"target": -17.677204043979057, "params": {"gamma": 877.7382050506887, "log10_alpha": -4.75303771910658, "log10_colsample_bytree": -0.7651782894878847, "log10_eta": -3.908124467986754, "log10_lambda": -1.3789461225613895, "log10_min_child_weight": 4.4631664036164125, "log10_subsample": -0.34292067076185084, "max_depth": 7.0, "num_boost_round": 30.0}, "datetime": {"datetime": "2024-01-19 00:58:11", "elapsed": 2772.292447, "delta": 0.003291}}
{"target": -17.677218534487544, "params": {"gamma": 886.322296389984, "log10_alpha": 0.6090300576827401, "log10_colsample_bytree": -0.841430857039482, "log10_eta": -3.315663409038188, "log10_lambda": -1.7136099685015393, "log10_min_child_weight": 1.3960821237363596, "log10_subsample": -0.06848128474097726, "max_depth": 3.0, "num_boost_round": 0.0}, "datetime": {"datetime": "2024-01-19 00:58:52", "elapsed": 2812.895543, "delta": 40.603096}}
{"target": -17.67722014734095, "params": {"gamma": 886.322296389984, "log10_alpha": 0.6090300576827401, "log10_colsample_bytree": -0.841430857039482, "log10_eta": -3.315663409038188, "log10_lambda": -1.7136099685015393, "log10_min_child_weight": 1.3960821237363596, "log10_subsample": -0.06848128474097726, "max_depth": 3.0, "num_boost_round": 1.0}, "datetime": {"datetime": "2024-01-19 00:58:52", "elapsed": 2812.899342, "delta": 0.003799}}
{"target": -17.677201408847925, "params": {"gamma": 886.322296389984, "log10_alpha": 0.6090300576827401, "log10_colsample_bytree": -0.841430857039482, "log10_eta": -3.315663409038188, "log10_lambda": -1.7136099685015393, "log10_min_child_weight": 1.3960821237363596, "log10_subsample": -0.06848128474097726, "max_depth": 3.0, "num_boost_round": 2.0}, "datetime": {"datetime": "2024-01-19 00:58:52", "elapsed": 2812.902986, "delta": 0.003644}}
{"target": -17.677194779723816, "params": {"gamma": 886.322296389984, "log10_alpha": 0.6090300576827401, "log10_colsample_bytree": -0.841430857039482, "log10_eta": -3.315663409038188, "log10_lambda": -1.7136099685015393, "log10_min_child_weight": 1.3960821237363596, "log10_subsample": -0.06848128474097726, "max_depth": 3.0, "num_boost_round": 3.0}, "datetime": {"datetime": "2024-01-19 00:58:52", "elapsed": 2812.906306, "delta": 0.00332}}
{"target": -17.677174681587502, "params": {"gamma": 886.322296389984, "log10_alpha": 0.6090300576827401, "log10_colsample_bytree": -0.841430857039482, "log10_eta": -3.315663409038188, "log10_lambda": -1.7136099685015393, "log10_min_child_weight": 1.3960821237363596, "log10_subsample": -0.06848128474097726, "max_depth": 3.0, "num_boost_round": 4.0}, "datetime": {"datetime": "2024-01-19 00:58:52", "elapsed": 2812.909571, "delta": 0.003265}}
{"target": -17.67716475128586, "params": {"gamma": 886.322296389984, "log10_alpha": 0.6090300576827401, "log10_colsample_bytree": -0.841430857039482, "log10_eta": -3.315663409038188, "log10_lambda": -1.7136099685015393, "log10_min_child_weight": 1.3960821237363596, "log10_subsample": -0.06848128474097726, "max_depth": 3.0, "num_boost_round": 5.0}, "datetime": {"datetime": "2024-01-19 00:58:52", "elapsed": 2812.912812, "delta": 0.003241}}
{"target": -17.677167805843137, "params": {"gamma": 886.322296389984, "log10_alpha": 0.6090300576827401, "log10_colsample_bytree": -0.841430857039482, "log10_eta": -3.315663409038188, "log10_lambda": -1.7136099685015393, "log10_min_child_weight": 1.3960821237363596, "log10_subsample": -0.06848128474097726, "max_depth": 3.0, "num_boost_round": 6.0}, "datetime": {"datetime": "2024-01-19 00:58:52", "elapsed": 2812.915996, "delta": 0.003184}}
{"target": -17.67714951196233, "params": {"gamma": 886.322296389984, "log10_alpha": 0.6090300576827401, "log10_colsample_bytree": -0.841430857039482, "log10_eta": -3.315663409038188, "log10_lambda": -1.7136099685015393, "log10_min_child_weight": 1.3960821237363596, "log10_subsample": -0.06848128474097726, "max_depth": 3.0, "num_boost_round": 7.0}, "datetime": {"datetime": "2024-01-19 00:58:52", "elapsed": 2812.919198, "delta": 0.003202}}
{"target": -17.67715178552171, "params": {"gamma": 886.322296389984, "log10_alpha": 0.6090300576827401, "log10_colsample_bytree": -0.841430857039482, "log10_eta": -3.315663409038188, "log10_lambda": -1.7136099685015393, "log10_min_child_weight": 1.3960821237363596, "log10_subsample": -0.06848128474097726, "max_depth": 3.0, "num_boost_round": 8.0}, "datetime": {"datetime": "2024-01-19 00:58:52", "elapsed": 2812.922377, "delta": 0.003179}}
{"target": -17.67715597177725, "params": {"gamma": 886.322296389984, "log10_alpha": 0.6090300576827401, "log10_colsample_bytree": -0.841430857039482, "log10_eta": -3.315663409038188, "log10_lambda": -1.7136099685015393, "log10_min_child_weight": 1.3960821237363596, "log10_subsample": -0.06848128474097726, "max_depth": 3.0, "num_boost_round": 9.0}, "datetime": {"datetime": "2024-01-19 00:58:52", "elapsed": 2812.92565, "delta": 0.003273}}
{"target": -17.67715413925965, "params": {"gamma": 886.322296389984, "log10_alpha": 0.6090300576827401, "log10_colsample_bytree": -0.841430857039482, "log10_eta": -3.315663409038188, "log10_lambda": -1.7136099685015393, "log10_min_child_weight": 1.3960821237363596, "log10_subsample": -0.06848128474097726, "max_depth": 3.0, "num_boost_round": 10.0}, "datetime": {"datetime": "2024-01-19 00:58:52", "elapsed": 2812.928854, "delta": 0.003204}}
{"target": -17.67714378178758, "params": {"gamma": 886.322296389984, "log10_alpha": 0.6090300576827401, "log10_colsample_bytree": -0.841430857039482, "log10_eta": -3.315663409038188, "log10_lambda": -1.7136099685015393, "log10_min_child_weight": 1.3960821237363596, "log10_subsample": -0.06848128474097726, "max_depth": 3.0, "num_boost_round": 11.0}, "datetime": {"datetime": "2024-01-19 00:58:52", "elapsed": 2812.932074, "delta": 0.00322}}
{"target": -17.67712227615202, "params": {"gamma": 886.322296389984, "log10_alpha": 0.6090300576827401, "log10_colsample_bytree": -0.841430857039482, "log10_eta": -3.315663409038188, "log10_lambda": -1.7136099685015393, "log10_min_child_weight": 1.3960821237363596, "log10_subsample": -0.06848128474097726, "max_depth": 3.0, "num_boost_round": 12.0}, "datetime": {"datetime": "2024-01-19 00:58:52", "elapsed": 2812.93529, "delta": 0.003216}}
{"target": -17.677101937624936, "params": {"gamma": 886.322296389984, "log10_alpha": 0.6090300576827401, "log10_colsample_bytree": -0.841430857039482, "log10_eta": -3.315663409038188, "log10_lambda": -1.7136099685015393, "log10_min_child_weight": 1.3960821237363596, "log10_subsample": -0.06848128474097726, "max_depth": 3.0, "num_boost_round": 13.0}, "datetime": {"datetime": "2024-01-19 00:58:52", "elapsed": 2812.938483, "delta": 0.003193}}
{"target": -17.677093896810767, "params": {"gamma": 886.322296389984, "log10_alpha": 0.6090300576827401, "log10_colsample_bytree": -0.841430857039482, "log10_eta": -3.315663409038188, "log10_lambda": -1.7136099685015393, "log10_min_child_weight": 1.3960821237363596, "log10_subsample": -0.06848128474097726, "max_depth": 3.0, "num_boost_round": 14.0}, "datetime": {"datetime": "2024-01-19 00:58:52", "elapsed": 2812.941708, "delta": 0.003225}}
{"target": -17.67707217985415, "params": {"gamma": 886.322296389984, "log10_alpha": 0.6090300576827401, "log10_colsample_bytree": -0.841430857039482, "log10_eta": -3.315663409038188, "log10_lambda": -1.7136099685015393, "log10_min_child_weight": 1.3960821237363596, "log10_subsample": -0.06848128474097726, "max_depth": 3.0, "num_boost_round": 15.0}, "datetime": {"datetime": "2024-01-19 00:58:52", "elapsed": 2812.944912, "delta": 0.003204}}
