{"target": -13.757937402085139, "params": {"gamma": 404.69628734881655, "log10_alpha": -2.920248065622389, "log10_colsample_bytree": -0.41890758891577384, "log10_eta": -2.916709047125639, "log10_lambda": -3.593954666183402, "log10_min_child_weight": 0.10103954578979168, "log10_subsample": -0.4210213172612336, "max_depth": 7.0, "num_boost_round": 22.0}, "datetime": {"datetime": "2024-01-19 00:39:20", "elapsed": 1663.20304, "delta": 0.002761}}
{"target": -13.757935995407658, "params": {"gamma": 404.69628734881655, "log10_alpha": -2.920248065622389, "log10_colsample_bytree": -0.41890758891577384, "log10_eta": -2.916709047125639, "log10_lambda": -3.593954666183402, "log10_min_child_weight": 0.10103954578979168, "log10_subsample": -0.4210213172612336, "max_depth": 7.0, "num_boost_round": 23.0}, "datetime": {"datetime": "2024-01-19 00:39:20", "elapsed": 1663.205843, "delta": 0.002803}}
{"target": -13.757922006109938, "params": {"gamma": 404.69628734881655, "log10_alpha": -2.920248065622389, "log10_colsample_bytree": -0.41890758891577384, "log10_eta": -2.916709047125639, "log10_lambda": -3.593954666183402, "log10_min_child_weight": 0.10103954578979168, "log10_subsample": -0.4210213172612336, "max_depth": 7.0, "num_boost_round": 24.0}, "datetime": {"datetime": "2024-01-19 00:39:20", "elapsed": 1663.20877, "delta": 0.002927}}
{"target": -13.757890030260018, "params": {"gamma": 404.69628734881655, "log10_alpha": -2.920248065622389, "log10_colsample_bytree": -0.41890758891577384, "log10_eta": -2.916709047125639, "log10_lambda": -3.593954666183402, "log10_min_child_weight": 0.10103954578979168, "log10_subsample": -0.4210213172612336, "max_depth": 7.0, "num_boost_round": 25.0}, "datetime": {"datetime": "2024-01-19 00:39:20", "elapsed": 1663.211566, "delta": 0.002796}}
{"target": -13.757827013602341, "params": {"gamma": 404.69628734881655, "log10_alpha": -2.920248065622389, "log10_colsample_bytree": -0.41890758891577384, "log10_eta": -2.916709047125639, "log10_lambda": -3.593954666183402, "log10_min_child_weight": 0.10103954578979168, "log10_subsample": -0.4210213172612336, "max_depth": 7.0, "num_boost_round": 26.0}, "datetime": {"datetime": "2024-01-19 00:39:20", "elapsed": 1663.214338, "delta": 0.002772}}
{"target": -13.757822026612441, "params": {"gamma": 404.69628734881655, "log10_alpha": -2.920248065622389, "log10_colsample_bytree": -0.41890758891577384, "log10_eta": -2.916709047125639, "log10_lambda": -3.593954666183402, "log10_min_child_weight": 0.10103954578979168, "log10_subsample": -0.4210213172612336, "max_depth": 7.0, "num_boost_round": 27.0}, "datetime": {"datetime": "2024-01-19 00:39:20", "elapsed": 1663.217114, "delta": 0.002776}}
{"target": -13.757813318668848, "params": {"gamma": 404.69628734881655, "log10_alpha": -2.920248065622389, "log10_colsample_bytree": -0.41890758891577384, "log10_eta": -2.916709047125639, "log10_lambda": -3.593954666183402, "log10_min_child_weight": 0.10103954578979168, "log10_subsample": -0.4210213172612336, "max_depth": 7.0, "num_boost_round": 28.0}, "datetime": {"datetime": "2024-01-19 00:39:20", "elapsed": 1663.219919, "delta": 0.002805}}
{"target": -13.7577553964037, "params": {"gamma": 404.69628734881655, "log10_alpha": -2.920248065622389, "log10_colsample_bytree": -0.41890758891577384, "log10_eta": -2.916709047125639, "log10_lambda": -3.593954666183402, "log10_min_child_weight": 0.10103954578979168, "log10_subsample": -0.4210213172612336, "max_depth": 7.0, "num_boost_round": 29.0}, "datetime": {"datetime": "2024-01-19 00:39:20", "elapsed": 1663.222696, "delta": 0.002777}}
{"target": -13.757740948138053, "params": {"gamma": 404.69628734881655, "log10_alpha": -2.920248065622389, "log10_colsample_bytree": -0.41890758891577384, "log10_eta": -2.916709047125639, "log10_lambda": -3.593954666183402, "log10_min_child_weight": 0.10103954578979168, "log10_subsample": -0.4210213172612336, "max_depth": 7.0, "num_boost_round": 30.0}, "datetime": {"datetime": "2024-01-19 00:39:20", "elapsed": 1663.225493, "delta": 0.002797}}
{"target": -13.757692091029998, "params": {"gamma": 404.69628734881655, "log10_alpha": -2.920248065622389, "log10_colsample_bytree": -0.41890758891577384, "log10_eta": -2.916709047125639, "log10_lambda": -3.593954666183402, "log10_min_child_weight": 0.10103954578979168, "log10_subsample": -0.4210213172612336, "max_depth": 7.0, "num_boost_round": 31.0}, "datetime": {"datetime": "2024-01-19 00:39:20", "elapsed": 1663.228284, "delta": 0.002791}}
{"target": -13.757672387910178, "params": {"gamma": 404.69628734881655, "log10_alpha": -2.920248065622389, "log10_colsample_bytree": -0.41890758891577384, "log10_eta": -2.916709047125639, "log10_lambda": -3.593954666183402, "log10_min_child_weight": 0.10103954578979168, "log10_subsample": -0.4210213172612336, "max_depth": 7.0, "num_boost_round": 32.0}, "datetime": {"datetime": "2024-01-19 00:39:20", "elapsed": 1663.231185, "delta": 0.002901}}
{"target": -13.757682864398735, "params": {"gamma": 404.69628734881655, "log10_alpha": -2.920248065622389, "log10_colsample_bytree": -0.41890758891577384, "log10_eta": -2.916709047125639, "log10_lambda": -3.593954666183402, "log10_min_child_weight": 0.10103954578979168, "log10_subsample": -0.4210213172612336, "max_depth": 7.0, "num_boost_round": 33.0}, "datetime": {"datetime": "2024-01-19 00:39:20", "elapsed": 1663.233985, "delta": 0.0028}}
{"target": -13.757683965142848, "params": {"gamma": 404.69628734881655, "log10_alpha": -2.920248065622389, "log10_colsample_bytree": -0.41890758891577384, "log10_eta": -2.916709047125639, "log10_lambda": -3.593954666183402, "log10_min_child_weight": 0.10103954578979168, "log10_subsample": -0.4210213172612336, "max_depth": 7.0, "num_boost_round": 34.0}, "datetime": {"datetime": "2024-01-19 00:39:20", "elapsed": 1663.236772, "delta": 0.002787}}
{"target": -13.757709834074555, "params": {"gamma": 404.69628734881655, "log10_alpha": -2.920248065622389, "log10_colsample_bytree": -0.41890758891577384, "log10_eta": -2.916709047125639, "log10_lambda": -3.593954666183402, "log10_min_child_weight": 0.10103954578979168, "log10_subsample": -0.4210213172612336, "max_depth": 7.0, "num_boost_round": 35.0}, "datetime": {"datetime": "2024-01-19 00:39:20", "elapsed": 1663.239598, "delta": 0.002826}}
{"target": -13.757715231469344, "params": {"gamma": 404.69628734881655, "log10_alpha": -2.920248065622389, "log10_colsample_bytree": -0.41890758891577384, "log10_eta": -2.916709047125639, "log10_lambda": -3.593954666183402, "log10_min_child_weight": 0.10103954578979168, "log10_subsample": -0.4210213172612336, "max_depth": 7.0, "num_boost_round": 36.0}, "datetime": {"datetime": "2024-01-19 00:39:20", "elapsed": 1663.242393, "delta": 0.002795}}
{"target": -13.757661451167362, "params": {"gamma": 404.69628734881655, "log10_alpha": -2.920248065622389, "log10_colsample_bytree": -0.41890758891577384, "log10_eta": -2.916709047125639, "log10_lambda": -3.593954666183402, "log10_min_child_weight": 0.10103954578979168, "log10_subsample": -0.4210213172612336, "max_depth": 7.0, "num_boost_round": 37.0}, "datetime": {"datetime": "2024-01-19 00:39:20", "elapsed": 1663.245191, "delta": 0.002798}}
{"target": -13.757614701464297, "params": {"gamma": 404.69628734881655, "log10_alpha": -2.920248065622389, "log10_colsample_bytree": -0.41890758891577384, "log10_eta": -2.916709047125639, "log10_lambda": -3.593954666183402, "log10_min_child_weight": 0.10103954578979168, "log10_subsample": -0.4210213172612336, "max_depth": 7.0, "num_boost_round": 38.0}, "datetime": {"datetime": "2024-01-19 00:39:20", "elapsed": 1663.247983, "delta": 0.002792}}
{"target": -13.757560622401007, "params": {"gamma": 404.69628734881655, "log10_alpha": -2.920248065622389, "log10_colsample_bytree": -0.41890758891577384, "log10_eta": -2.916709047125639, "log10_lambda": -3.593954666183402, "log10_min_child_weight": 0.10103954578979168, "log10_subsample": -0.4210213172612336, "max_depth": 7.0, "num_boost_round": 39.0}, "datetime": {"datetime": "2024-01-19 00:39:20", "elapsed": 1663.250872, "delta": 0.002889}}
{"target": -13.757566733951657, "params": {"gamma": 404.69628734881655, "log10_alpha": -2.920248065622389, "log10_colsample_bytree": -0.41890758891577384, "log10_eta": -2.916709047125639, "log10_lambda": -3.593954666183402, "log10_min_child_weight": 0.10103954578979168, "log10_subsample": -0.4210213172612336, "max_depth": 7.0, "num_boost_round": 40.0}, "datetime": {"datetime": "2024-01-19 00:39:20", "elapsed": 1663.253689, "delta": 0.002817}}
{"target": -13.757489481143192, "params": {"gamma": 404.69628734881655, "log10_alpha": -2.920248065622389, "log10_colsample_bytree": -0.41890758891577384, "log10_eta": -2.916709047125639, "log10_lambda": -3.593954666183402, "log10_min_child_weight": 0.10103954578979168, "log10_subsample": -0.4210213172612336, "max_depth": 7.0, "num_boost_round": 41.0}, "datetime": {"datetime": "2024-01-19 00:39:20", "elapsed": 1663.256505, "delta": 0.002816}}
{"target": -13.757428972053447, "params": {"gamma": 404.69628734881655, "log10_alpha": -2.920248065622389, "log10_colsample_bytree": -0.41890758891577384, "log10_eta": -2.916709047125639, "log10_lambda": -3.593954666183402, "log10_min_child_weight": 0.10103954578979168, "log10_subsample": -0.4210213172612336, "max_depth": 7.0, "num_boost_round": 42.0}, "datetime": {"datetime": "2024-01-19 00:39:20", "elapsed": 1663.25929, "delta": 0.002785}}
{"target": -13.75853834081576, "params": {"gamma": 428.6149386048165, "log10_alpha": 0.4300908083542847, "log10_colsample_bytree": -0.045550230084298704, "log10_eta": -3.87430398737358, "log10_lambda": -3.8940844602301263, "log10_min_child_weight": 4.894575557970705, "log10_subsample": -0.9732557226512221, "max_depth": 9.0, "num_boost_round": 0.0}, "datetime": {"datetime": "2024-01-19 00:39:55", "elapsed": 1698.670625, "delta": 35.411335}}
{"target": -13.758538342215848, "params": {"gamma": 428.6149386048165, "log10_alpha": 0.4300908083542847, "log10_colsample_bytree": -0.045550230084298704, "log10_eta": -3.87430398737358, "log10_lambda": -3.8940844602301263, "log10_min_child_weight": 4.894575557970705, "log10_subsample": -0.9732557226512221, "max_depth": 9.0, "num_boost_round": 1.0}, "datetime": {"datetime": "2024-01-19 00:39:55", "elapsed": 1698.67432, "delta": 0.003695}}
{"target": -13.758538318953093, "params": {"gamma": 428.6149386048165, "log10_alpha": 0.4300908083542847, "log10_colsample_bytree": -0.045550230084298704, "log10_eta": -3.87430398737358, "log10_lambda": -3.8940844602301263, "log10_min_child_weight": 4.894575557970705, "log10_subsample": -0.9732557226512221, "max_depth": 9.0, "num_boost_round": 2.0}, "datetime": {"datetime": "2024-01-19 00:39:55", "elapsed": 1698.677248, "delta": 0.002928}}
{"target": -13.758538340781845, "params": {"gamma": 428.6149386048165, "log10_alpha": 0.4300908083542847, "log10_colsample_bytree": -0.045550230084298704, "log10_eta": -3.87430398737358, "log10_lambda": -3.8940844602301263, "log10_min_child_weight": 4.894575557970705, "log10_subsample": -0.9732557226512221, "max_depth": 9.0, "num_boost_round": 3.0}, "datetime": {"datetime": "2024-01-19 00:39:55", "elapsed": 1698.680246, "delta": 0.002998}}
{"target": -13.758538334986149, "params": {"gamma": 428.6149386048165, "log10_alpha": 0.4300908083542847, "log10_colsample_bytree": -0.045550230084298704, "log10_eta": -3.87430398737358, "log10_lambda": -3.8940844602301263, "log10_min_child_weight": 4.894575557970705, "log10_subsample": -0.9732557226512221, "max_depth": 9.0, "num_boost_round": 4.0}, "datetime": {"datetime": "2024-01-19 00:39:55", "elapsed": 1698.683063, "delta": 0.002817}}
{"target": -13.758538343422, "params": {"gamma": 428.6149386048165, "log10_alpha": 0.4300908083542847, "log10_colsample_bytree": -0.045550230084298704, "log10_eta": -3.87430398737358, "log10_lambda": -3.8940844602301263, "log10_min_child_weight": 4.894575557970705, "log10_subsample": -0.9732557226512221, "max_depth": 9.0, "num_boost_round": 5.0}, "datetime": {"datetime": "2024-01-19 00:39:55", "elapsed": 1698.68587, "delta": 0.002807}}
{"target": -13.758538334986149, "params": {"gamma": 428.6149386048165, "log10_alpha": 0.4300908083542847, "log10_colsample_bytree": -0.045550230084298704, "log10_eta": -3.87430398737358, "log10_lambda": -3.8940844602301263, "log10_min_child_weight": 4.894575557970705, "log10_subsample": -0.9732557226512221, "max_depth": 9.0, "num_boost_round": 6.0}, "datetime": {"datetime": "2024-01-19 00:39:55", "elapsed": 1698.688865, "delta": 0.002995}}
{"target": -13.758538330575398, "params": {"gamma": 428.6149386048165, "log10_alpha": 0.4300908083542847, "log10_colsample_bytree": -0.045550230084298704, "log10_eta": -3.87430398737358, "log10_lambda": -3.8940844602301263, "log10_min_child_weight": 4.894575557970705, "log10_subsample": -0.9732557226512221, "max_depth": 9.0, "num_boost_round": 7.0}, "datetime": {"datetime": "2024-01-19 00:39:55", "elapsed": 1698.691791, "delta": 0.002926}}
{"target": -13.758538327998709, "params": {"gamma": 428.6149386048165, "log10_alpha": 0.4300908083542847, "log10_colsample_bytree": -0.045550230084298704, "log10_eta": -3.87430398737358, "log10_lambda": -3.8940844602301263, "log10_min_child_weight": 4.894575557970705, "log10_subsample": -0.9732557226512221, "max_depth": 9.0, "num_boost_round": 8.0}, "datetime": {"datetime": "2024-01-19 00:39:55", "elapsed": 1698.694832, "delta": 0.003041}}
{"target": -13.758538308977556, "params": {"gamma": 428.6149386048165, "log10_alpha": 0.4300908083542847, "log10_colsample_bytree": -0.045550230084298704, "log10_eta": -3.87430398737358, "log10_lambda": -3.8940844602301263, "log10_min_child_weight": 4.894575557970705, "log10_subsample": -0.9732557226512221, "max_depth": 9.0, "num_boost_round": 9.0}, "datetime": {"datetime": "2024-01-19 00:39:55", "elapsed": 1698.697641, "delta": 0.002809}}
{"target": -13.758538313524717, "params": {"gamma": 428.6149386048165, "log10_alpha": 0.4300908083542847, "log10_colsample_bytree": -0.045550230084298704, "log10_eta": -3.87430398737358, "log10_lambda": -3.8940844602301263, "log10_min_child_weight": 4.894575557970705, "log10_subsample": -0.9732557226512221, "max_depth": 9.0, "num_boost_round": 10.0}, "datetime": {"datetime": "2024-01-19 00:39:55", "elapsed": 1698.700436, "delta": 0.002795}}
{"target": -13.758538332958652, "params": {"gamma": 428.6149386048165, "log10_alpha": 0.4300908083542847, "log10_colsample_bytree": -0.045550230084298704, "log10_eta": -3.87430398737358, "log10_lambda": -3.8940844602301263, "log10_min_child_weight": 4.894575557970705, "log10_subsample": -0.9732557226512221, "max_depth": 9.0, "num_boost_round": 11.0}, "datetime": {"datetime": "2024-01-19 00:39:55", "elapsed": 1698.703232, "delta": 0.002796}}
{"target": -13.75853831478104, "params": {"gamma": 428.6149386048165, "log10_alpha": 0.4300908083542847, "log10_colsample_bytree": -0.045550230084298704, "log10_eta": -3.87430398737358, "log10_lambda": -3.8940844602301263, "log10_min_child_weight": 4.894575557970705, "log10_subsample": -0.9732557226512221, "max_depth": 9.0, "num_boost_round": 12.0}, "datetime": {"datetime": "2024-01-19 00:39:55", "elapsed": 1698.706039, "delta": 0.002807}}
{"target": -13.758538305343329, "params": {"gamma": 428.6149386048165, "log10_alpha": 0.4300908083542847, "log10_colsample_bytree": -0.045550230084298704, "log10_eta": -3.87430398737358, "log10_lambda": -3.8940844602301263, "log10_min_child_weight": 4.894575557970705, "log10_subsample": -0.9732557226512221, "max_depth": 9.0, "num_boost_round": 13.0}, "datetime": {"datetime": "2024-01-19 00:39:55", "elapsed": 1698.709011, "delta": 0.002972}}
{"target": -13.75853831330955, "params": {"gamma": 428.6149386048165, "log10_alpha": 0.4300908083542847, "log10_colsample_bytree": -0.045550230084298704, "log10_eta": -3.87430398737358, "log10_lambda": -3.8940844602301263, "log10_min_child_weight": 4.894575557970705, "log10_subsample": -0.9732557226512221, "max_depth": 9.0, "num_boost_round": 14.0}, "datetime": {"datetime": "2024-01-19 00:39:55", "elapsed": 1698.711785, "delta": 0.002774}}
{"target": -13.75853834076222, "params": {"gamma": 428.6149386048165, "log10_alpha": 0.4300908083542847, "log10_colsample_bytree": -0.045550230084298704, "log10_eta": -3.87430398737358, "log10_lambda": -3.8940844602301263, "log10_min_child_weight": 4.894575557970705, "log10_subsample": -0.9732557226512221, "max_depth": 9.0, "num_boost_round": 15.0}, "datetime": {"datetime": "2024-01-19 00:39:55", "elapsed": 1698.714584, "delta": 0.002799}}
{"target": -13.758538339067671, "params": {"gamma": 428.6149386048165, "log10_alpha": 0.4300908083542847, "log10_colsample_bytree": -0.045550230084298704, "log10_eta": -3.87430398737358, "log10_lambda": -3.8940844602301263, "log10_min_child_weight": 4.894575557970705, "log10_subsample": -0.9732557226512221, "max_depth": 9.0, "num_boost_round": 16.0}, "datetime": {"datetime": "2024-01-19 00:39:55", "elapsed": 1698.717359, "delta": 0.002775}}
{"target": -13.75853834210248, "params": {"gamma": 428.6149386048165, "log10_alpha": 0.4300908083542847, "log10_colsample_bytree": -0.045550230084298704, "log10_eta": -3.87430398737358, "log10_lambda": -3.8940844602301263, "log10_min_child_weight": 4.894575557970705, "log10_subsample": -0.9732557226512221, "max_depth": 9.0, "num_boost_round": 17.0}, "datetime": {"datetime": "2024-01-19 00:39:55", "elapsed": 1698.720165, "delta": 0.002806}}
{"target": -13.758538311573561, "params": {"gamma": 428.6149386048165, "log10_alpha": 0.4300908083542847, "log10_colsample_bytree": -0.045550230084298704, "log10_eta": -3.87430398737358, "log10_lambda": -3.8940844602301263, "log10_min_child_weight": 4.894575557970705, "log10_subsample": -0.9732557226512221, "max_depth": 9.0, "num_boost_round": 18.0}, "datetime": {"datetime": "2024-01-19 00:39:55", "elapsed": 1698.722951, "delta": 0.002786}}
{"target": -13.758538323965551, "params": {"gamma": 428.6149386048165, "log10_alpha": 0.4300908083542847, "log10_colsample_bytree": -0.045550230084298704, "log10_eta": -3.87430398737358, "log10_lambda": -3.8940844602301263, "log10_min_child_weight": 4.894575557970705, "log10_subsample": -0.9732557226512221, "max_depth": 9.0, "num_boost_round": 19.0}, "datetime": {"datetime": "2024-01-19 00:39:55", "elapsed": 1698.725774, "delta": 0.002823}}
{"target": -13.758538315096096, "params": {"gamma": 428.6149386048165, "log10_alpha": 0.4300908083542847, "log10_colsample_bytree": -0.045550230084298704, "log10_eta": -3.87430398737358, "log10_lambda": -3.8940844602301263, "log10_min_child_weight": 4.894575557970705, "log10_subsample": -0.9732557226512221, "max_depth": 9.0, "num_boost_round": 20.0}, "datetime": {"datetime": "2024-01-19 00:39:55", "elapsed": 1698.728713, "delta": 0.002939}}
{"target": -13.75853833960979, "params": {"gamma": 428.6149386048165, "log10_alpha": 0.4300908083542847, "log10_colsample_bytree": -0.045550230084298704, "log10_eta": -3.87430398737358, "log10_lambda": -3.8940844602301263, "log10_min_child_weight": 4.894575557970705, "log10_subsample": -0.9732557226512221, "max_depth": 9.0, "num_boost_round": 21.0}, "datetime": {"datetime": "2024-01-19 00:39:55", "elapsed": 1698.731503, "delta": 0.00279}}
{"target": -13.758538331773739, "params": {"gamma": 428.6149386048165, "log10_alpha": 0.4300908083542847, "log10_colsample_bytree": -0.045550230084298704, "log10_eta": -3.87430398737358, "log10_lambda": -3.8940844602301263, "log10_min_child_weight": 4.894575557970705, "log10_subsample": -0.9732557226512221, "max_depth": 9.0, "num_boost_round": 22.0}, "datetime": {"datetime": "2024-01-19 00:39:55", "elapsed": 1698.734306, "delta": 0.002803}}
{"target": -13.758538320589734, "params": {"gamma": 428.6149386048165, "log10_alpha": 0.4300908083542847, "log10_colsample_bytree": -0.045550230084298704, "log10_eta": -3.87430398737358, "log10_lambda": -3.8940844602301263, "log10_min_child_weight": 4.894575557970705, "log10_subsample": -0.9732557226512221, "max_depth": 9.0, "num_boost_round": 23.0}, "datetime": {"datetime": "2024-01-19 00:39:55", "elapsed": 1698.737103, "delta": 0.002797}}
{"target": -13.75853834111919, "params": {"gamma": 428.6149386048165, "log10_alpha": 0.4300908083542847, "log10_colsample_bytree": -0.045550230084298704, "log10_eta": -3.87430398737358, "log10_lambda": -3.8940844602301263, "log10_min_child_weight": 4.894575557970705, "log10_subsample": -0.9732557226512221, "max_depth": 9.0, "num_boost_round": 24.0}, "datetime": {"datetime": "2024-01-19 00:39:55", "elapsed": 1698.739898, "delta": 0.002795}}
{"target": -13.758538343799884, "params": {"gamma": 428.6149386048165, "log10_alpha": 0.4300908083542847, "log10_colsample_bytree": -0.045550230084298704, "log10_eta": -3.87430398737358, "log10_lambda": -3.8940844602301263, "log10_min_child_weight": 4.894575557970705, "log10_subsample": -0.9732557226512221, "max_depth": 9.0, "num_boost_round": 25.0}, "datetime": {"datetime": "2024-01-19 00:39:55", "elapsed": 1698.742752, "delta": 0.002854}}
{"target": -13.75853831757101, "params": {"gamma": 428.6149386048165, "log10_alpha": 0.4300908083542847, "log10_colsample_bytree": -0.045550230084298704, "log10_eta": -3.87430398737358, "log10_lambda": -3.8940844602301263, "log10_min_child_weight": 4.894575557970705, "log10_subsample": -0.9732557226512221, "max_depth": 9.0, "num_boost_round": 26.0}, "datetime": {"datetime": "2024-01-19 00:39:55", "elapsed": 1698.745552, "delta": 0.0028}}
{"target": -13.758538324217064, "params": {"gamma": 428.6149386048165, "log10_alpha": 0.4300908083542847, "log10_colsample_bytree": -0.045550230084298704, "log10_eta": -3.87430398737358, "log10_lambda": -3.8940844602301263, "log10_min_child_weight": 4.894575557970705, "log10_subsample": -0.9732557226512221, "max_depth": 9.0, "num_boost_round": 27.0}, "datetime": {"datetime": "2024-01-19 00:39:55", "elapsed": 1698.748335, "delta": 0.002783}}
