{"target": -13.756075603546027, "params": {"gamma": 536.1479607061563, "log10_alpha": -1.3119340302923912, "log10_colsample_bytree": -0.4654021294766374, "log10_eta": -1.7023878867595887, "log10_lambda": 0.6467068614904043, "log10_min_child_weight": 3.814711825920395, "log10_subsample": -0.3257213303133638, "max_depth": 6.0, "num_boost_round": 14.0}, "datetime": {"datetime": "2024-01-19 00:48:46", "elapsed": 2258.130852, "delta": 0.113108}}
{"target": -13.755901440924601, "params": {"gamma": 536.1479607061563, "log10_alpha": -1.3119340302923912, "log10_colsample_bytree": -0.4654021294766374, "log10_eta": -1.7023878867595887, "log10_lambda": 0.6467068614904043, "log10_min_child_weight": 3.814711825920395, "log10_subsample": -0.3257213303133638, "max_depth": 6.0, "num_boost_round": 15.0}, "datetime": {"datetime": "2024-01-19 00:48:46", "elapsed": 2258.134076, "delta": 0.003224}}
{"target": -13.75567920161404, "params": {"gamma": 536.1479607061563, "log10_alpha": -1.3119340302923912, "log10_colsample_bytree": -0.4654021294766374, "log10_eta": -1.7023878867595887, "log10_lambda": 0.6467068614904043, "log10_min_child_weight": 3.814711825920395, "log10_subsample": -0.3257213303133638, "max_depth": 6.0, "num_boost_round": 16.0}, "datetime": {"datetime": "2024-01-19 00:48:46", "elapsed": 2258.136951, "delta": 0.002875}}
{"target": -13.75565411542098, "params": {"gamma": 536.1479607061563, "log10_alpha": -1.3119340302923912, "log10_colsample_bytree": -0.4654021294766374, "log10_eta": -1.7023878867595887, "log10_lambda": 0.6467068614904043, "log10_min_child_weight": 3.814711825920395, "log10_subsample": -0.3257213303133638, "max_depth": 6.0, "num_boost_round": 17.0}, "datetime": {"datetime": "2024-01-19 00:48:46", "elapsed": 2258.139841, "delta": 0.00289}}
{"target": -13.75583458872882, "params": {"gamma": 536.1479607061563, "log10_alpha": -1.3119340302923912, "log10_colsample_bytree": -0.4654021294766374, "log10_eta": -1.7023878867595887, "log10_lambda": 0.6467068614904043, "log10_min_child_weight": 3.814711825920395, "log10_subsample": -0.3257213303133638, "max_depth": 6.0, "num_boost_round": 18.0}, "datetime": {"datetime": "2024-01-19 00:48:46", "elapsed": 2258.142639, "delta": 0.002798}}
{"target": -13.755722232142636, "params": {"gamma": 536.1479607061563, "log10_alpha": -1.3119340302923912, "log10_colsample_bytree": -0.4654021294766374, "log10_eta": -1.7023878867595887, "log10_lambda": 0.6467068614904043, "log10_min_child_weight": 3.814711825920395, "log10_subsample": -0.3257213303133638, "max_depth": 6.0, "num_boost_round": 19.0}, "datetime": {"datetime": "2024-01-19 00:48:46", "elapsed": 2258.145357, "delta": 0.002718}}
{"target": -13.75585500256159, "params": {"gamma": 536.1479607061563, "log10_alpha": -1.3119340302923912, "log10_colsample_bytree": -0.4654021294766374, "log10_eta": -1.7023878867595887, "log10_lambda": 0.6467068614904043, "log10_min_child_weight": 3.814711825920395, "log10_subsample": -0.3257213303133638, "max_depth": 6.0, "num_boost_round": 20.0}, "datetime": {"datetime": "2024-01-19 00:48:46", "elapsed": 2258.148102, "delta": 0.002745}}
{"target": -13.755831201295281, "params": {"gamma": 536.1479607061563, "log10_alpha": -1.3119340302923912, "log10_colsample_bytree": -0.4654021294766374, "log10_eta": -1.7023878867595887, "log10_lambda": 0.6467068614904043, "log10_min_child_weight": 3.814711825920395, "log10_subsample": -0.3257213303133638, "max_depth": 6.0, "num_boost_round": 21.0}, "datetime": {"datetime": "2024-01-19 00:48:46", "elapsed": 2258.150824, "delta": 0.002722}}
{"target": -13.755918955253659, "params": {"gamma": 536.1479607061563, "log10_alpha": -1.3119340302923912, "log10_colsample_bytree": -0.4654021294766374, "log10_eta": -1.7023878867595887, "log10_lambda": 0.6467068614904043, "log10_min_child_weight": 3.814711825920395, "log10_subsample": -0.3257213303133638, "max_depth": 6.0, "num_boost_round": 22.0}, "datetime": {"datetime": "2024-01-19 00:48:46", "elapsed": 2258.153534, "delta": 0.00271}}
{"target": -13.758528659478785, "params": {"gamma": 547.901536600552, "log10_alpha": -1.6373650052476802, "log10_colsample_bytree": -0.25555252471301565, "log10_eta": -2.995704738865935, "log10_lambda": 1.0, "log10_min_child_weight": 1.6816871731091287, "log10_subsample": 0.0, "max_depth": 2.0, "num_boost_round": 0.0}, "datetime": {"datetime": "2024-01-19 00:49:19", "elapsed": 2291.395636, "delta": 33.242102}}
{"target": -13.758510632352229, "params": {"gamma": 547.901536600552, "log10_alpha": -1.6373650052476802, "log10_colsample_bytree": -0.25555252471301565, "log10_eta": -2.995704738865935, "log10_lambda": 1.0, "log10_min_child_weight": 1.6816871731091287, "log10_subsample": 0.0, "max_depth": 2.0, "num_boost_round": 1.0}, "datetime": {"datetime": "2024-01-19 00:49:19", "elapsed": 2291.398668, "delta": 0.003032}}
{"target": -13.758510764090165, "params": {"gamma": 547.901536600552, "log10_alpha": -1.6373650052476802, "log10_colsample_bytree": -0.25555252471301565, "log10_eta": -2.995704738865935, "log10_lambda": 1.0, "log10_min_child_weight": 1.6816871731091287, "log10_subsample": 0.0, "max_depth": 2.0, "num_boost_round": 2.0}, "datetime": {"datetime": "2024-01-19 00:49:19", "elapsed": 2291.402128, "delta": 0.00346}}
{"target": -13.758504674064234, "params": {"gamma": 547.901536600552, "log10_alpha": -1.6373650052476802, "log10_colsample_bytree": -0.25555252471301565, "log10_eta": -2.995704738865935, "log10_lambda": 1.0, "log10_min_child_weight": 1.6816871731091287, "log10_subsample": 0.0, "max_depth": 2.0, "num_boost_round": 3.0}, "datetime": {"datetime": "2024-01-19 00:49:19", "elapsed": 2291.404996, "delta": 0.002868}}
{"target": -13.758490981453111, "params": {"gamma": 547.901536600552, "log10_alpha": -1.6373650052476802, "log10_colsample_bytree": -0.25555252471301565, "log10_eta": -2.995704738865935, "log10_lambda": 1.0, "log10_min_child_weight": 1.6816871731091287, "log10_subsample": 0.0, "max_depth": 2.0, "num_boost_round": 4.0}, "datetime": {"datetime": "2024-01-19 00:49:19", "elapsed": 2291.407879, "delta": 0.002883}}
{"target": -13.758487446730074, "params": {"gamma": 547.901536600552, "log10_alpha": -1.6373650052476802, "log10_colsample_bytree": -0.25555252471301565, "log10_eta": -2.995704738865935, "log10_lambda": 1.0, "log10_min_child_weight": 1.6816871731091287, "log10_subsample": 0.0, "max_depth": 2.0, "num_boost_round": 5.0}, "datetime": {"datetime": "2024-01-19 00:49:19", "elapsed": 2291.410757, "delta": 0.002878}}
{"target": -13.758487805592674, "params": {"gamma": 547.901536600552, "log10_alpha": -1.6373650052476802, "log10_colsample_bytree": -0.25555252471301565, "log10_eta": -2.995704738865935, "log10_lambda": 1.0, "log10_min_child_weight": 1.6816871731091287, "log10_subsample": 0.0, "max_depth": 2.0, "num_boost_round": 6.0}, "datetime": {"datetime": "2024-01-19 00:49:19", "elapsed": 2291.41345, "delta": 0.002693}}
{"target": -13.758478370272956, "params": {"gamma": 547.901536600552, "log10_alpha": -1.6373650052476802, "log10_colsample_bytree": -0.25555252471301565, "log10_eta": -2.995704738865935, "log10_lambda": 1.0, "log10_min_child_weight": 1.6816871731091287, "log10_subsample": 0.0, "max_depth": 2.0, "num_boost_round": 7.0}, "datetime": {"datetime": "2024-01-19 00:49:19", "elapsed": 2291.416176, "delta": 0.002726}}
{"target": -13.75846905420605, "params": {"gamma": 547.901536600552, "log10_alpha": -1.6373650052476802, "log10_colsample_bytree": -0.25555252471301565, "log10_eta": -2.995704738865935, "log10_lambda": 1.0, "log10_min_child_weight": 1.6816871731091287, "log10_subsample": 0.0, "max_depth": 2.0, "num_boost_round": 8.0}, "datetime": {"datetime": "2024-01-19 00:49:19", "elapsed": 2291.418864, "delta": 0.002688}}
{"target": -13.758464421594322, "params": {"gamma": 547.901536600552, "log10_alpha": -1.6373650052476802, "log10_colsample_bytree": -0.25555252471301565, "log10_eta": -2.995704738865935, "log10_lambda": 1.0, "log10_min_child_weight": 1.6816871731091287, "log10_subsample": 0.0, "max_depth": 2.0, "num_boost_round": 9.0}, "datetime": {"datetime": "2024-01-19 00:49:19", "elapsed": 2291.42154, "delta": 0.002676}}
{"target": -13.758455325737662, "params": {"gamma": 547.901536600552, "log10_alpha": -1.6373650052476802, "log10_colsample_bytree": -0.25555252471301565, "log10_eta": -2.995704738865935, "log10_lambda": 1.0, "log10_min_child_weight": 1.6816871731091287, "log10_subsample": 0.0, "max_depth": 2.0, "num_boost_round": 10.0}, "datetime": {"datetime": "2024-01-19 00:49:19", "elapsed": 2291.424345, "delta": 0.002805}}
{"target": -13.758441679885065, "params": {"gamma": 547.901536600552, "log10_alpha": -1.6373650052476802, "log10_colsample_bytree": -0.25555252471301565, "log10_eta": -2.995704738865935, "log10_lambda": 1.0, "log10_min_child_weight": 1.6816871731091287, "log10_subsample": 0.0, "max_depth": 2.0, "num_boost_round": 11.0}, "datetime": {"datetime": "2024-01-19 00:49:19", "elapsed": 2291.427236, "delta": 0.002891}}
{"target": -13.758432723507886, "params": {"gamma": 547.901536600552, "log10_alpha": -1.6373650052476802, "log10_colsample_bytree": -0.25555252471301565, "log10_eta": -2.995704738865935, "log10_lambda": 1.0, "log10_min_child_weight": 1.6816871731091287, "log10_subsample": 0.0, "max_depth": 2.0, "num_boost_round": 12.0}, "datetime": {"datetime": "2024-01-19 00:49:19", "elapsed": 2291.430009, "delta": 0.002773}}
{"target": -13.75842393071031, "params": {"gamma": 547.901536600552, "log10_alpha": -1.6373650052476802, "log10_colsample_bytree": -0.25555252471301565, "log10_eta": -2.995704738865935, "log10_lambda": 1.0, "log10_min_child_weight": 1.6816871731091287, "log10_subsample": 0.0, "max_depth": 2.0, "num_boost_round": 13.0}, "datetime": {"datetime": "2024-01-19 00:49:19", "elapsed": 2291.4328, "delta": 0.002791}}
{"target": -13.758415223364915, "params": {"gamma": 547.901536600552, "log10_alpha": -1.6373650052476802, "log10_colsample_bytree": -0.25555252471301565, "log10_eta": -2.995704738865935, "log10_lambda": 1.0, "log10_min_child_weight": 1.6816871731091287, "log10_subsample": 0.0, "max_depth": 2.0, "num_boost_round": 14.0}, "datetime": {"datetime": "2024-01-19 00:49:19", "elapsed": 2291.435516, "delta": 0.002716}}
{"target": -13.758395240044319, "params": {"gamma": 547.901536600552, "log10_alpha": -1.6373650052476802, "log10_colsample_bytree": -0.25555252471301565, "log10_eta": -2.995704738865935, "log10_lambda": 1.0, "log10_min_child_weight": 1.6816871731091287, "log10_subsample": 0.0, "max_depth": 2.0, "num_boost_round": 15.0}, "datetime": {"datetime": "2024-01-19 00:49:19", "elapsed": 2291.438233, "delta": 0.002717}}
{"target": -13.758381827544847, "params": {"gamma": 547.901536600552, "log10_alpha": -1.6373650052476802, "log10_colsample_bytree": -0.25555252471301565, "log10_eta": -2.995704738865935, "log10_lambda": 1.0, "log10_min_child_weight": 1.6816871731091287, "log10_subsample": 0.0, "max_depth": 2.0, "num_boost_round": 16.0}, "datetime": {"datetime": "2024-01-19 00:49:19", "elapsed": 2291.440955, "delta": 0.002722}}
{"target": -13.758380510224763, "params": {"gamma": 547.901536600552, "log10_alpha": -1.6373650052476802, "log10_colsample_bytree": -0.25555252471301565, "log10_eta": -2.995704738865935, "log10_lambda": 1.0, "log10_min_child_weight": 1.6816871731091287, "log10_subsample": 0.0, "max_depth": 2.0, "num_boost_round": 17.0}, "datetime": {"datetime": "2024-01-19 00:49:19", "elapsed": 2291.443718, "delta": 0.002763}}
{"target": -13.75836796098505, "params": {"gamma": 547.901536600552, "log10_alpha": -1.6373650052476802, "log10_colsample_bytree": -0.25555252471301565, "log10_eta": -2.995704738865935, "log10_lambda": 1.0, "log10_min_child_weight": 1.6816871731091287, "log10_subsample": 0.0, "max_depth": 2.0, "num_boost_round": 18.0}, "datetime": {"datetime": "2024-01-19 00:49:19", "elapsed": 2291.446601, "delta": 0.002883}}
{"target": -13.75835675362033, "params": {"gamma": 547.901536600552, "log10_alpha": -1.6373650052476802, "log10_colsample_bytree": -0.25555252471301565, "log10_eta": -2.995704738865935, "log10_lambda": 1.0, "log10_min_child_weight": 1.6816871731091287, "log10_subsample": 0.0, "max_depth": 2.0, "num_boost_round": 19.0}, "datetime": {"datetime": "2024-01-19 00:49:19", "elapsed": 2291.449478, "delta": 0.002877}}
{"target": -13.758337974442906, "params": {"gamma": 547.901536600552, "log10_alpha": -1.6373650052476802, "log10_colsample_bytree": -0.25555252471301565, "log10_eta": -2.995704738865935, "log10_lambda": 1.0, "log10_min_child_weight": 1.6816871731091287, "log10_subsample": 0.0, "max_depth": 2.0, "num_boost_round": 20.0}, "datetime": {"datetime": "2024-01-19 00:49:19", "elapsed": 2291.452316, "delta": 0.002838}}
{"target": -13.758339316112293, "params": {"gamma": 547.901536600552, "log10_alpha": -1.6373650052476802, "log10_colsample_bytree": -0.25555252471301565, "log10_eta": -2.995704738865935, "log10_lambda": 1.0, "log10_min_child_weight": 1.6816871731091287, "log10_subsample": 0.0, "max_depth": 2.0, "num_boost_round": 21.0}, "datetime": {"datetime": "2024-01-19 00:49:19", "elapsed": 2291.455028, "delta": 0.002712}}
{"target": -13.758322841301265, "params": {"gamma": 547.901536600552, "log10_alpha": -1.6373650052476802, "log10_colsample_bytree": -0.25555252471301565, "log10_eta": -2.995704738865935, "log10_lambda": 1.0, "log10_min_child_weight": 1.6816871731091287, "log10_subsample": 0.0, "max_depth": 2.0, "num_boost_round": 22.0}, "datetime": {"datetime": "2024-01-19 00:49:19", "elapsed": 2291.457704, "delta": 0.002676}}
{"target": -13.758314693830478, "params": {"gamma": 547.901536600552, "log10_alpha": -1.6373650052476802, "log10_colsample_bytree": -0.25555252471301565, "log10_eta": -2.995704738865935, "log10_lambda": 1.0, "log10_min_child_weight": 1.6816871731091287, "log10_subsample": 0.0, "max_depth": 2.0, "num_boost_round": 23.0}, "datetime": {"datetime": "2024-01-19 00:49:19", "elapsed": 2291.460481, "delta": 0.002777}}
{"target": -13.75831450474813, "params": {"gamma": 547.901536600552, "log10_alpha": -1.6373650052476802, "log10_colsample_bytree": -0.25555252471301565, "log10_eta": -2.995704738865935, "log10_lambda": 1.0, "log10_min_child_weight": 1.6816871731091287, "log10_subsample": 0.0, "max_depth": 2.0, "num_boost_round": 24.0}, "datetime": {"datetime": "2024-01-19 00:49:19", "elapsed": 2291.46328, "delta": 0.002799}}
{"target": -13.758315561649713, "params": {"gamma": 547.901536600552, "log10_alpha": -1.6373650052476802, "log10_colsample_bytree": -0.25555252471301565, "log10_eta": -2.995704738865935, "log10_lambda": 1.0, "log10_min_child_weight": 1.6816871731091287, "log10_subsample": 0.0, "max_depth": 2.0, "num_boost_round": 25.0}, "datetime": {"datetime": "2024-01-19 00:49:19", "elapsed": 2291.466024, "delta": 0.002744}}
{"target": -13.758313240778376, "params": {"gamma": 547.901536600552, "log10_alpha": -1.6373650052476802, "log10_colsample_bytree": -0.25555252471301565, "log10_eta": -2.995704738865935, "log10_lambda": 1.0, "log10_min_child_weight": 1.6816871731091287, "log10_subsample": 0.0, "max_depth": 2.0, "num_boost_round": 26.0}, "datetime": {"datetime": "2024-01-19 00:49:19", "elapsed": 2291.468869, "delta": 0.002845}}
{"target": -13.758312250299328, "params": {"gamma": 547.901536600552, "log10_alpha": -1.6373650052476802, "log10_colsample_bytree": -0.25555252471301565, "log10_eta": -2.995704738865935, "log10_lambda": 1.0, "log10_min_child_weight": 1.6816871731091287, "log10_subsample": 0.0, "max_depth": 2.0, "num_boost_round": 27.0}, "datetime": {"datetime": "2024-01-19 00:49:19", "elapsed": 2291.471612, "delta": 0.002743}}
{"target": -13.758313954680206, "params": {"gamma": 547.901536600552, "log10_alpha": -1.6373650052476802, "log10_colsample_bytree": -0.25555252471301565, "log10_eta": -2.995704738865935, "log10_lambda": 1.0, "log10_min_child_weight": 1.6816871731091287, "log10_subsample": 0.0, "max_depth": 2.0, "num_boost_round": 28.0}, "datetime": {"datetime": "2024-01-19 00:49:19", "elapsed": 2291.474362, "delta": 0.00275}}
{"target": -13.758539022211105, "params": {"gamma": 516.498945797468, "log10_alpha": -0.24384431824111186, "log10_colsample_bytree": -0.504155223906796, "log10_eta": -3.7386630158108374, "log10_lambda": 0.14310123413933784, "log10_min_child_weight": 3.6737694751633736, "log10_subsample": -0.3401143599101881, "max_depth": 2.0, "num_boost_round": 0.0}, "datetime": {"datetime": "2024-01-19 00:49:46", "elapsed": 2318.202772, "delta": 26.72841}}
{"target": -13.7585365265309, "params": {"gamma": 516.498945797468, "log10_alpha": -0.24384431824111186, "log10_colsample_bytree": -0.504155223906796, "log10_eta": -3.7386630158108374, "log10_lambda": 0.14310123413933784, "log10_min_child_weight": 3.6737694751633736, "log10_subsample": -0.3401143599101881, "max_depth": 2.0, "num_boost_round": 1.0}, "datetime": {"datetime": "2024-01-19 00:49:46", "elapsed": 2318.205946, "delta": 0.003174}}
{"target": -13.758537155541697, "params": {"gamma": 516.498945797468, "log10_alpha": -0.24384431824111186, "log10_colsample_bytree": -0.504155223906796, "log10_eta": -3.7386630158108374, "log10_lambda": 0.14310123413933784, "log10_min_child_weight": 3.6737694751633736, "log10_subsample": -0.3401143599101881, "max_depth": 2.0, "num_boost_round": 2.0}, "datetime": {"datetime": "2024-01-19 00:49:46", "elapsed": 2318.209321, "delta": 0.003375}}
{"target": -13.758537216566218, "params": {"gamma": 516.498945797468, "log10_alpha": -0.24384431824111186, "log10_colsample_bytree": -0.504155223906796, "log10_eta": -3.7386630158108374, "log10_lambda": 0.14310123413933784, "log10_min_child_weight": 3.6737694751633736, "log10_subsample": -0.3401143599101881, "max_depth": 2.0, "num_boost_round": 3.0}, "datetime": {"datetime": "2024-01-19 00:49:46", "elapsed": 2318.212089, "delta": 0.002768}}
{"target": -13.758536002518714, "params": {"gamma": 516.498945797468, "log10_alpha": -0.24384431824111186, "log10_colsample_bytree": -0.504155223906796, "log10_eta": -3.7386630158108374, "log10_lambda": 0.14310123413933784, "log10_min_child_weight": 3.6737694751633736, "log10_subsample": -0.3401143599101881, "max_depth": 2.0, "num_boost_round": 4.0}, "datetime": {"datetime": "2024-01-19 00:49:46", "elapsed": 2318.214736, "delta": 0.002647}}
{"target": -13.758534319189474, "params": {"gamma": 516.498945797468, "log10_alpha": -0.24384431824111186, "log10_colsample_bytree": -0.504155223906796, "log10_eta": -3.7386630158108374, "log10_lambda": 0.14310123413933784, "log10_min_child_weight": 3.6737694751633736, "log10_subsample": -0.3401143599101881, "max_depth": 2.0, "num_boost_round": 5.0}, "datetime": {"datetime": "2024-01-19 00:49:46", "elapsed": 2318.217417, "delta": 0.002681}}
{"target": -13.75853365973485, "params": {"gamma": 516.498945797468, "log10_alpha": -0.24384431824111186, "log10_colsample_bytree": -0.504155223906796, "log10_eta": -3.7386630158108374, "log10_lambda": 0.14310123413933784, "log10_min_child_weight": 3.6737694751633736, "log10_subsample": -0.3401143599101881, "max_depth": 2.0, "num_boost_round": 6.0}, "datetime": {"datetime": "2024-01-19 00:49:46", "elapsed": 2318.220232, "delta": 0.002815}}
{"target": -13.758533480618398, "params": {"gamma": 516.498945797468, "log10_alpha": -0.24384431824111186, "log10_colsample_bytree": -0.504155223906796, "log10_eta": -3.7386630158108374, "log10_lambda": 0.14310123413933784, "log10_min_child_weight": 3.6737694751633736, "log10_subsample": -0.3401143599101881, "max_depth": 2.0, "num_boost_round": 7.0}, "datetime": {"datetime": "2024-01-19 00:49:46", "elapsed": 2318.222874, "delta": 0.002642}}
{"target": -13.758530912329432, "params": {"gamma": 516.498945797468, "log10_alpha": -0.24384431824111186, "log10_colsample_bytree": -0.504155223906796, "log10_eta": -3.7386630158108374, "log10_lambda": 0.14310123413933784, "log10_min_child_weight": 3.6737694751633736, "log10_subsample": -0.3401143599101881, "max_depth": 2.0, "num_boost_round": 8.0}, "datetime": {"datetime": "2024-01-19 00:49:46", "elapsed": 2318.225603, "delta": 0.002729}}
{"target": -13.758528231927567, "params": {"gamma": 516.498945797468, "log10_alpha": -0.24384431824111186, "log10_colsample_bytree": -0.504155223906796, "log10_eta": -3.7386630158108374, "log10_lambda": 0.14310123413933784, "log10_min_child_weight": 3.6737694751633736, "log10_subsample": -0.3401143599101881, "max_depth": 2.0, "num_boost_round": 9.0}, "datetime": {"datetime": "2024-01-19 00:49:46", "elapsed": 2318.228334, "delta": 0.002731}}
{"target": -13.758537172290756, "params": {"gamma": 552.1703527667355, "log10_alpha": -0.43681887869507463, "log10_colsample_bytree": -0.18502637013328804, "log10_eta": -3.287049326821608, "log10_lambda": 0.7535371523111358, "log10_min_child_weight": 4.162399931066232, "log10_subsample": -0.2766494111461062, "max_depth": 9.0, "num_boost_round": 0.0}, "datetime": {"datetime": "2024-01-19 00:50:26", "elapsed": 2358.323289, "delta": 40.094955}}
{"target": -13.758537470475545, "params": {"gamma": 552.1703527667355, "log10_alpha": -0.43681887869507463, "log10_colsample_bytree": -0.18502637013328804, "log10_eta": -3.287049326821608, "log10_lambda": 0.7535371523111358, "log10_min_child_weight": 4.162399931066232, "log10_subsample": -0.2766494111461062, "max_depth": 9.0, "num_boost_round": 1.0}, "datetime": {"datetime": "2024-01-19 00:50:26", "elapsed": 2358.326613, "delta": 0.003324}}
{"target": -13.758546524273031, "params": {"gamma": 552.1703527667355, "log10_alpha": -0.43681887869507463, "log10_colsample_bytree": -0.18502637013328804, "log10_eta": -3.287049326821608, "log10_lambda": 0.7535371523111358, "log10_min_child_weight": 4.162399931066232, "log10_subsample": -0.2766494111461062, "max_depth": 9.0, "num_boost_round": 2.0}, "datetime": {"datetime": "2024-01-19 00:50:26", "elapsed": 2358.330126, "delta": 0.003513}}
