{"target": -13.757727778665288, "params": {"gamma": 498.26441979221147, "log10_alpha": -1.75970517621509, "log10_colsample_bytree": -0.4122273705326964, "log10_eta": -2.571518543178571, "log10_lambda": -4.272645854945948, "log10_min_child_weight": 1.915515868711286, "log10_subsample": -0.5261098037452681, "max_depth": 2.0, "num_boost_round": 39.0}, "datetime": {"datetime": "2024-01-19 00:59:54", "elapsed": 2898.202945, "delta": 0.003784}}
{"target": -13.757717092822961, "params": {"gamma": 498.26441979221147, "log10_alpha": -1.75970517621509, "log10_colsample_bytree": -0.4122273705326964, "log10_eta": -2.571518543178571, "log10_lambda": -4.272645854945948, "log10_min_child_weight": 1.915515868711286, "log10_subsample": -0.5261098037452681, "max_depth": 2.0, "num_boost_round": 40.0}, "datetime": {"datetime": "2024-01-19 00:59:54", "elapsed": 2898.206819, "delta": 0.003874}}
{"target": -13.75771261513809, "params": {"gamma": 498.26441979221147, "log10_alpha": -1.75970517621509, "log10_colsample_bytree": -0.4122273705326964, "log10_eta": -2.571518543178571, "log10_lambda": -4.272645854945948, "log10_min_child_weight": 1.915515868711286, "log10_subsample": -0.5261098037452681, "max_depth": 2.0, "num_boost_round": 41.0}, "datetime": {"datetime": "2024-01-19 00:59:54", "elapsed": 2898.210686, "delta": 0.003867}}
{"target": -13.75771347745123, "params": {"gamma": 498.26441979221147, "log10_alpha": -1.75970517621509, "log10_colsample_bytree": -0.4122273705326964, "log10_eta": -2.571518543178571, "log10_lambda": -4.272645854945948, "log10_min_child_weight": 1.915515868711286, "log10_subsample": -0.5261098037452681, "max_depth": 2.0, "num_boost_round": 42.0}, "datetime": {"datetime": "2024-01-19 00:59:54", "elapsed": 2898.214736, "delta": 0.00405}}
{"target": -13.757726989455104, "params": {"gamma": 498.26441979221147, "log10_alpha": -1.75970517621509, "log10_colsample_bytree": -0.4122273705326964, "log10_eta": -2.571518543178571, "log10_lambda": -4.272645854945948, "log10_min_child_weight": 1.915515868711286, "log10_subsample": -0.5261098037452681, "max_depth": 2.0, "num_boost_round": 43.0}, "datetime": {"datetime": "2024-01-19 00:59:54", "elapsed": 2898.218733, "delta": 0.003997}}
{"target": -13.757721871814702, "params": {"gamma": 498.26441979221147, "log10_alpha": -1.75970517621509, "log10_colsample_bytree": -0.4122273705326964, "log10_eta": -2.571518543178571, "log10_lambda": -4.272645854945948, "log10_min_child_weight": 1.915515868711286, "log10_subsample": -0.5261098037452681, "max_depth": 2.0, "num_boost_round": 44.0}, "datetime": {"datetime": "2024-01-19 00:59:54", "elapsed": 2898.222484, "delta": 0.003751}}
{"target": -13.757724875463772, "params": {"gamma": 498.26441979221147, "log10_alpha": -1.75970517621509, "log10_colsample_bytree": -0.4122273705326964, "log10_eta": -2.571518543178571, "log10_lambda": -4.272645854945948, "log10_min_child_weight": 1.915515868711286, "log10_subsample": -0.5261098037452681, "max_depth": 2.0, "num_boost_round": 45.0}, "datetime": {"datetime": "2024-01-19 00:59:54", "elapsed": 2898.226251, "delta": 0.003767}}
{"target": -13.75772920174947, "params": {"gamma": 498.26441979221147, "log10_alpha": -1.75970517621509, "log10_colsample_bytree": -0.4122273705326964, "log10_eta": -2.571518543178571, "log10_lambda": -4.272645854945948, "log10_min_child_weight": 1.915515868711286, "log10_subsample": -0.5261098037452681, "max_depth": 2.0, "num_boost_round": 46.0}, "datetime": {"datetime": "2024-01-19 00:59:54", "elapsed": 2898.230014, "delta": 0.003763}}
{"target": -13.757712919255562, "params": {"gamma": 498.26441979221147, "log10_alpha": -1.75970517621509, "log10_colsample_bytree": -0.4122273705326964, "log10_eta": -2.571518543178571, "log10_lambda": -4.272645854945948, "log10_min_child_weight": 1.915515868711286, "log10_subsample": -0.5261098037452681, "max_depth": 2.0, "num_boost_round": 47.0}, "datetime": {"datetime": "2024-01-19 00:59:54", "elapsed": 2898.233859, "delta": 0.003845}}
{"target": -13.757711136967423, "params": {"gamma": 498.26441979221147, "log10_alpha": -1.75970517621509, "log10_colsample_bytree": -0.4122273705326964, "log10_eta": -2.571518543178571, "log10_lambda": -4.272645854945948, "log10_min_child_weight": 1.915515868711286, "log10_subsample": -0.5261098037452681, "max_depth": 2.0, "num_boost_round": 48.0}, "datetime": {"datetime": "2024-01-19 00:59:54", "elapsed": 2898.32973, "delta": 0.095871}}
{"target": -13.757697954527481, "params": {"gamma": 498.26441979221147, "log10_alpha": -1.75970517621509, "log10_colsample_bytree": -0.4122273705326964, "log10_eta": -2.571518543178571, "log10_lambda": -4.272645854945948, "log10_min_child_weight": 1.915515868711286, "log10_subsample": -0.5261098037452681, "max_depth": 2.0, "num_boost_round": 49.0}, "datetime": {"datetime": "2024-01-19 00:59:54", "elapsed": 2898.334062, "delta": 0.004332}}
{"target": -13.757706401453873, "params": {"gamma": 498.26441979221147, "log10_alpha": -1.75970517621509, "log10_colsample_bytree": -0.4122273705326964, "log10_eta": -2.571518543178571, "log10_lambda": -4.272645854945948, "log10_min_child_weight": 1.915515868711286, "log10_subsample": -0.5261098037452681, "max_depth": 2.0, "num_boost_round": 50.0}, "datetime": {"datetime": "2024-01-19 00:59:54", "elapsed": 2898.338132, "delta": 0.00407}}
{"target": -13.757715674372697, "params": {"gamma": 498.26441979221147, "log10_alpha": -1.75970517621509, "log10_colsample_bytree": -0.4122273705326964, "log10_eta": -2.571518543178571, "log10_lambda": -4.272645854945948, "log10_min_child_weight": 1.915515868711286, "log10_subsample": -0.5261098037452681, "max_depth": 2.0, "num_boost_round": 51.0}, "datetime": {"datetime": "2024-01-19 00:59:54", "elapsed": 2898.342136, "delta": 0.004004}}
{"target": -13.75770840815529, "params": {"gamma": 498.26441979221147, "log10_alpha": -1.75970517621509, "log10_colsample_bytree": -0.4122273705326964, "log10_eta": -2.571518543178571, "log10_lambda": -4.272645854945948, "log10_min_child_weight": 1.915515868711286, "log10_subsample": -0.5261098037452681, "max_depth": 2.0, "num_boost_round": 52.0}, "datetime": {"datetime": "2024-01-19 00:59:54", "elapsed": 2898.346098, "delta": 0.003962}}
{"target": -13.75769192715928, "params": {"gamma": 498.26441979221147, "log10_alpha": -1.75970517621509, "log10_colsample_bytree": -0.4122273705326964, "log10_eta": -2.571518543178571, "log10_lambda": -4.272645854945948, "log10_min_child_weight": 1.915515868711286, "log10_subsample": -0.5261098037452681, "max_depth": 2.0, "num_boost_round": 53.0}, "datetime": {"datetime": "2024-01-19 00:59:54", "elapsed": 2898.350078, "delta": 0.00398}}
{"target": -13.757634175037762, "params": {"gamma": 498.26441979221147, "log10_alpha": -1.75970517621509, "log10_colsample_bytree": -0.4122273705326964, "log10_eta": -2.571518543178571, "log10_lambda": -4.272645854945948, "log10_min_child_weight": 1.915515868711286, "log10_subsample": -0.5261098037452681, "max_depth": 2.0, "num_boost_round": 54.0}, "datetime": {"datetime": "2024-01-19 00:59:54", "elapsed": 2898.354076, "delta": 0.003998}}
{"target": -13.757632408551084, "params": {"gamma": 498.26441979221147, "log10_alpha": -1.75970517621509, "log10_colsample_bytree": -0.4122273705326964, "log10_eta": -2.571518543178571, "log10_lambda": -4.272645854945948, "log10_min_child_weight": 1.915515868711286, "log10_subsample": -0.5261098037452681, "max_depth": 2.0, "num_boost_round": 55.0}, "datetime": {"datetime": "2024-01-19 00:59:54", "elapsed": 2898.358027, "delta": 0.003951}}
{"target": -13.757602305824015, "params": {"gamma": 498.26441979221147, "log10_alpha": -1.75970517621509, "log10_colsample_bytree": -0.4122273705326964, "log10_eta": -2.571518543178571, "log10_lambda": -4.272645854945948, "log10_min_child_weight": 1.915515868711286, "log10_subsample": -0.5261098037452681, "max_depth": 2.0, "num_boost_round": 56.0}, "datetime": {"datetime": "2024-01-19 00:59:54", "elapsed": 2898.362052, "delta": 0.004025}}
{"target": -13.757605552273963, "params": {"gamma": 498.26441979221147, "log10_alpha": -1.75970517621509, "log10_colsample_bytree": -0.4122273705326964, "log10_eta": -2.571518543178571, "log10_lambda": -4.272645854945948, "log10_min_child_weight": 1.915515868711286, "log10_subsample": -0.5261098037452681, "max_depth": 2.0, "num_boost_round": 57.0}, "datetime": {"datetime": "2024-01-19 00:59:54", "elapsed": 2898.366062, "delta": 0.00401}}
{"target": -13.75853436004422, "params": {"gamma": 493.05945600290636, "log10_alpha": -1.132123197548529, "log10_colsample_bytree": -0.8201545602398401, "log10_eta": -3.8075683818000825, "log10_lambda": -0.5545226734750717, "log10_min_child_weight": 2.2583741553236174, "log10_subsample": -0.8091798213675409, "max_depth": 9.0, "num_boost_round": 0.0}, "datetime": {"datetime": "2024-01-19 01:00:52", "elapsed": 2956.614231, "delta": 58.248169}}
{"target": -13.758532126455824, "params": {"gamma": 493.05945600290636, "log10_alpha": -1.132123197548529, "log10_colsample_bytree": -0.8201545602398401, "log10_eta": -3.8075683818000825, "log10_lambda": -0.5545226734750717, "log10_min_child_weight": 2.2583741553236174, "log10_subsample": -0.8091798213675409, "max_depth": 9.0, "num_boost_round": 1.0}, "datetime": {"datetime": "2024-01-19 01:00:52", "elapsed": 2956.618987, "delta": 0.004756}}
{"target": -13.758530826080152, "params": {"gamma": 493.05945600290636, "log10_alpha": -1.132123197548529, "log10_colsample_bytree": -0.8201545602398401, "log10_eta": -3.8075683818000825, "log10_lambda": -0.5545226734750717, "log10_min_child_weight": 2.2583741553236174, "log10_subsample": -0.8091798213675409, "max_depth": 9.0, "num_boost_round": 2.0}, "datetime": {"datetime": "2024-01-19 01:00:52", "elapsed": 2956.623111, "delta": 0.004124}}
{"target": -13.758528866745984, "params": {"gamma": 493.05945600290636, "log10_alpha": -1.132123197548529, "log10_colsample_bytree": -0.8201545602398401, "log10_eta": -3.8075683818000825, "log10_lambda": -0.5545226734750717, "log10_min_child_weight": 2.2583741553236174, "log10_subsample": -0.8091798213675409, "max_depth": 9.0, "num_boost_round": 3.0}, "datetime": {"datetime": "2024-01-19 01:00:52", "elapsed": 2956.627054, "delta": 0.003943}}
{"target": -13.7585238946328, "params": {"gamma": 493.05945600290636, "log10_alpha": -1.132123197548529, "log10_colsample_bytree": -0.8201545602398401, "log10_eta": -3.8075683818000825, "log10_lambda": -0.5545226734750717, "log10_min_child_weight": 2.2583741553236174, "log10_subsample": -0.8091798213675409, "max_depth": 9.0, "num_boost_round": 4.0}, "datetime": {"datetime": "2024-01-19 01:00:52", "elapsed": 2956.631041, "delta": 0.003987}}
{"target": -13.75852039614533, "params": {"gamma": 493.05945600290636, "log10_alpha": -1.132123197548529, "log10_colsample_bytree": -0.8201545602398401, "log10_eta": -3.8075683818000825, "log10_lambda": -0.5545226734750717, "log10_min_child_weight": 2.2583741553236174, "log10_subsample": -0.8091798213675409, "max_depth": 9.0, "num_boost_round": 5.0}, "datetime": {"datetime": "2024-01-19 01:00:52", "elapsed": 2956.635075, "delta": 0.004034}}
{"target": -13.758523769732092, "params": {"gamma": 493.05945600290636, "log10_alpha": -1.132123197548529, "log10_colsample_bytree": -0.8201545602398401, "log10_eta": -3.8075683818000825, "log10_lambda": -0.5545226734750717, "log10_min_child_weight": 2.2583741553236174, "log10_subsample": -0.8091798213675409, "max_depth": 9.0, "num_boost_round": 6.0}, "datetime": {"datetime": "2024-01-19 01:00:52", "elapsed": 2956.638929, "delta": 0.003854}}
{"target": -13.75851227629934, "params": {"gamma": 493.05945600290636, "log10_alpha": -1.132123197548529, "log10_colsample_bytree": -0.8201545602398401, "log10_eta": -3.8075683818000825, "log10_lambda": -0.5545226734750717, "log10_min_child_weight": 2.2583741553236174, "log10_subsample": -0.8091798213675409, "max_depth": 9.0, "num_boost_round": 7.0}, "datetime": {"datetime": "2024-01-19 01:00:52", "elapsed": 2956.642777, "delta": 0.003848}}
{"target": -13.758507836970606, "params": {"gamma": 493.05945600290636, "log10_alpha": -1.132123197548529, "log10_colsample_bytree": -0.8201545602398401, "log10_eta": -3.8075683818000825, "log10_lambda": -0.5545226734750717, "log10_min_child_weight": 2.2583741553236174, "log10_subsample": -0.8091798213675409, "max_depth": 9.0, "num_boost_round": 8.0}, "datetime": {"datetime": "2024-01-19 01:00:52", "elapsed": 2956.646777, "delta": 0.004}}
{"target": -13.758511495687946, "params": {"gamma": 493.05945600290636, "log10_alpha": -1.132123197548529, "log10_colsample_bytree": -0.8201545602398401, "log10_eta": -3.8075683818000825, "log10_lambda": -0.5545226734750717, "log10_min_child_weight": 2.2583741553236174, "log10_subsample": -0.8091798213675409, "max_depth": 9.0, "num_boost_round": 9.0}, "datetime": {"datetime": "2024-01-19 01:00:52", "elapsed": 2956.650662, "delta": 0.003885}}
{"target": -13.758505570278748, "params": {"gamma": 493.05945600290636, "log10_alpha": -1.132123197548529, "log10_colsample_bytree": -0.8201545602398401, "log10_eta": -3.8075683818000825, "log10_lambda": -0.5545226734750717, "log10_min_child_weight": 2.2583741553236174, "log10_subsample": -0.8091798213675409, "max_depth": 9.0, "num_boost_round": 10.0}, "datetime": {"datetime": "2024-01-19 01:00:52", "elapsed": 2956.65452, "delta": 0.003858}}
{"target": -13.758501303101665, "params": {"gamma": 493.05945600290636, "log10_alpha": -1.132123197548529, "log10_colsample_bytree": -0.8201545602398401, "log10_eta": -3.8075683818000825, "log10_lambda": -0.5545226734750717, "log10_min_child_weight": 2.2583741553236174, "log10_subsample": -0.8091798213675409, "max_depth": 9.0, "num_boost_round": 11.0}, "datetime": {"datetime": "2024-01-19 01:00:52", "elapsed": 2956.658571, "delta": 0.004051}}
{"target": -13.758503140741295, "params": {"gamma": 493.05945600290636, "log10_alpha": -1.132123197548529, "log10_colsample_bytree": -0.8201545602398401, "log10_eta": -3.8075683818000825, "log10_lambda": -0.5545226734750717, "log10_min_child_weight": 2.2583741553236174, "log10_subsample": -0.8091798213675409, "max_depth": 9.0, "num_boost_round": 12.0}, "datetime": {"datetime": "2024-01-19 01:00:52", "elapsed": 2956.662429, "delta": 0.003858}}
{"target": -13.758501225994529, "params": {"gamma": 493.05945600290636, "log10_alpha": -1.132123197548529, "log10_colsample_bytree": -0.8201545602398401, "log10_eta": -3.8075683818000825, "log10_lambda": -0.5545226734750717, "log10_min_child_weight": 2.2583741553236174, "log10_subsample": -0.8091798213675409, "max_depth": 9.0, "num_boost_round": 13.0}, "datetime": {"datetime": "2024-01-19 01:00:52", "elapsed": 2956.666374, "delta": 0.003945}}
{"target": -13.75849646336894, "params": {"gamma": 493.05945600290636, "log10_alpha": -1.132123197548529, "log10_colsample_bytree": -0.8201545602398401, "log10_eta": -3.8075683818000825, "log10_lambda": -0.5545226734750717, "log10_min_child_weight": 2.2583741553236174, "log10_subsample": -0.8091798213675409, "max_depth": 9.0, "num_boost_round": 14.0}, "datetime": {"datetime": "2024-01-19 01:00:52", "elapsed": 2956.670399, "delta": 0.004025}}
{"target": -13.758491111898264, "params": {"gamma": 493.05945600290636, "log10_alpha": -1.132123197548529, "log10_colsample_bytree": -0.8201545602398401, "log10_eta": -3.8075683818000825, "log10_lambda": -0.5545226734750717, "log10_min_child_weight": 2.2583741553236174, "log10_subsample": -0.8091798213675409, "max_depth": 9.0, "num_boost_round": 15.0}, "datetime": {"datetime": "2024-01-19 01:00:52", "elapsed": 2956.674382, "delta": 0.003983}}
{"target": -13.758488106913074, "params": {"gamma": 493.05945600290636, "log10_alpha": -1.132123197548529, "log10_colsample_bytree": -0.8201545602398401, "log10_eta": -3.8075683818000825, "log10_lambda": -0.5545226734750717, "log10_min_child_weight": 2.2583741553236174, "log10_subsample": -0.8091798213675409, "max_depth": 9.0, "num_boost_round": 16.0}, "datetime": {"datetime": "2024-01-19 01:00:52", "elapsed": 2956.678398, "delta": 0.004016}}
{"target": -13.758485641179893, "params": {"gamma": 493.05945600290636, "log10_alpha": -1.132123197548529, "log10_colsample_bytree": -0.8201545602398401, "log10_eta": -3.8075683818000825, "log10_lambda": -0.5545226734750717, "log10_min_child_weight": 2.2583741553236174, "log10_subsample": -0.8091798213675409, "max_depth": 9.0, "num_boost_round": 17.0}, "datetime": {"datetime": "2024-01-19 01:00:52", "elapsed": 2956.682504, "delta": 0.004106}}
{"target": -13.758482502290873, "params": {"gamma": 493.05945600290636, "log10_alpha": -1.132123197548529, "log10_colsample_bytree": -0.8201545602398401, "log10_eta": -3.8075683818000825, "log10_lambda": -0.5545226734750717, "log10_min_child_weight": 2.2583741553236174, "log10_subsample": -0.8091798213675409, "max_depth": 9.0, "num_boost_round": 18.0}, "datetime": {"datetime": "2024-01-19 01:00:52", "elapsed": 2956.686861, "delta": 0.004357}}
{"target": -13.75847790826332, "params": {"gamma": 493.05945600290636, "log10_alpha": -1.132123197548529, "log10_colsample_bytree": -0.8201545602398401, "log10_eta": -3.8075683818000825, "log10_lambda": -0.5545226734750717, "log10_min_child_weight": 2.2583741553236174, "log10_subsample": -0.8091798213675409, "max_depth": 9.0, "num_boost_round": 19.0}, "datetime": {"datetime": "2024-01-19 01:00:52", "elapsed": 2956.690799, "delta": 0.003938}}
{"target": -13.758475605045177, "params": {"gamma": 493.05945600290636, "log10_alpha": -1.132123197548529, "log10_colsample_bytree": -0.8201545602398401, "log10_eta": -3.8075683818000825, "log10_lambda": -0.5545226734750717, "log10_min_child_weight": 2.2583741553236174, "log10_subsample": -0.8091798213675409, "max_depth": 9.0, "num_boost_round": 20.0}, "datetime": {"datetime": "2024-01-19 01:00:52", "elapsed": 2956.694785, "delta": 0.003986}}
{"target": -13.758471603490293, "params": {"gamma": 493.05945600290636, "log10_alpha": -1.132123197548529, "log10_colsample_bytree": -0.8201545602398401, "log10_eta": -3.8075683818000825, "log10_lambda": -0.5545226734750717, "log10_min_child_weight": 2.2583741553236174, "log10_subsample": -0.8091798213675409, "max_depth": 9.0, "num_boost_round": 21.0}, "datetime": {"datetime": "2024-01-19 01:00:52", "elapsed": 2956.698761, "delta": 0.003976}}
{"target": -13.758464768026245, "params": {"gamma": 493.05945600290636, "log10_alpha": -1.132123197548529, "log10_colsample_bytree": -0.8201545602398401, "log10_eta": -3.8075683818000825, "log10_lambda": -0.5545226734750717, "log10_min_child_weight": 2.2583741553236174, "log10_subsample": -0.8091798213675409, "max_depth": 9.0, "num_boost_round": 22.0}, "datetime": {"datetime": "2024-01-19 01:00:52", "elapsed": 2956.702689, "delta": 0.003928}}
{"target": -13.758457522552417, "params": {"gamma": 493.05945600290636, "log10_alpha": -1.132123197548529, "log10_colsample_bytree": -0.8201545602398401, "log10_eta": -3.8075683818000825, "log10_lambda": -0.5545226734750717, "log10_min_child_weight": 2.2583741553236174, "log10_subsample": -0.8091798213675409, "max_depth": 9.0, "num_boost_round": 23.0}, "datetime": {"datetime": "2024-01-19 01:00:52", "elapsed": 2956.70672, "delta": 0.004031}}
{"target": -13.758448474836793, "params": {"gamma": 493.05945600290636, "log10_alpha": -1.132123197548529, "log10_colsample_bytree": -0.8201545602398401, "log10_eta": -3.8075683818000825, "log10_lambda": -0.5545226734750717, "log10_min_child_weight": 2.2583741553236174, "log10_subsample": -0.8091798213675409, "max_depth": 9.0, "num_boost_round": 24.0}, "datetime": {"datetime": "2024-01-19 01:00:52", "elapsed": 2956.71067, "delta": 0.00395}}
{"target": -13.758442865431624, "params": {"gamma": 493.05945600290636, "log10_alpha": -1.132123197548529, "log10_colsample_bytree": -0.8201545602398401, "log10_eta": -3.8075683818000825, "log10_lambda": -0.5545226734750717, "log10_min_child_weight": 2.2583741553236174, "log10_subsample": -0.8091798213675409, "max_depth": 9.0, "num_boost_round": 25.0}, "datetime": {"datetime": "2024-01-19 01:00:52", "elapsed": 2956.714714, "delta": 0.004044}}
{"target": -13.758444388584298, "params": {"gamma": 493.05945600290636, "log10_alpha": -1.132123197548529, "log10_colsample_bytree": -0.8201545602398401, "log10_eta": -3.8075683818000825, "log10_lambda": -0.5545226734750717, "log10_min_child_weight": 2.2583741553236174, "log10_subsample": -0.8091798213675409, "max_depth": 9.0, "num_boost_round": 26.0}, "datetime": {"datetime": "2024-01-19 01:00:52", "elapsed": 2956.718766, "delta": 0.004052}}
{"target": -13.758436691336518, "params": {"gamma": 493.05945600290636, "log10_alpha": -1.132123197548529, "log10_colsample_bytree": -0.8201545602398401, "log10_eta": -3.8075683818000825, "log10_lambda": -0.5545226734750717, "log10_min_child_weight": 2.2583741553236174, "log10_subsample": -0.8091798213675409, "max_depth": 9.0, "num_boost_round": 27.0}, "datetime": {"datetime": "2024-01-19 01:00:52", "elapsed": 2956.722615, "delta": 0.003849}}
{"target": -13.758429780854673, "params": {"gamma": 493.05945600290636, "log10_alpha": -1.132123197548529, "log10_colsample_bytree": -0.8201545602398401, "log10_eta": -3.8075683818000825, "log10_lambda": -0.5545226734750717, "log10_min_child_weight": 2.2583741553236174, "log10_subsample": -0.8091798213675409, "max_depth": 9.0, "num_boost_round": 28.0}, "datetime": {"datetime": "2024-01-19 01:00:52", "elapsed": 2956.726497, "delta": 0.003882}}
{"target": -13.758419263896895, "params": {"gamma": 493.05945600290636, "log10_alpha": -1.132123197548529, "log10_colsample_bytree": -0.8201545602398401, "log10_eta": -3.8075683818000825, "log10_lambda": -0.5545226734750717, "log10_min_child_weight": 2.2583741553236174, "log10_subsample": -0.8091798213675409, "max_depth": 9.0, "num_boost_round": 29.0}, "datetime": {"datetime": "2024-01-19 01:00:52", "elapsed": 2956.730489, "delta": 0.003992}}
