{"target": -17.677177564264802, "params": {"gamma": 539.9511662674605, "log10_alpha": -2.6873720810240593, "log10_colsample_bytree": -0.983146178218015, "log10_eta": -2.9044032922068874, "log10_lambda": -4.315623787958835, "log10_min_child_weight": 0.2897939762856311, "log10_subsample": -0.18537064397378278, "max_depth": 9.0, "num_boost_round": 1.0}, "datetime": {"datetime": "2024-01-19 01:52:26", "elapsed": 6044.022467, "delta": 0.005602}}
{"target": -17.677201680417962, "params": {"gamma": 539.9511662674605, "log10_alpha": -2.6873720810240593, "log10_colsample_bytree": -0.983146178218015, "log10_eta": -2.9044032922068874, "log10_lambda": -4.315623787958835, "log10_min_child_weight": 0.2897939762856311, "log10_subsample": -0.18537064397378278, "max_depth": 9.0, "num_boost_round": 2.0}, "datetime": {"datetime": "2024-01-19 01:52:26", "elapsed": 6044.027525, "delta": 0.005058}}
{"target": -17.677169788457444, "params": {"gamma": 539.9511662674605, "log10_alpha": -2.6873720810240593, "log10_colsample_bytree": -0.983146178218015, "log10_eta": -2.9044032922068874, "log10_lambda": -4.315623787958835, "log10_min_child_weight": 0.2897939762856311, "log10_subsample": -0.18537064397378278, "max_depth": 9.0, "num_boost_round": 3.0}, "datetime": {"datetime": "2024-01-19 01:52:26", "elapsed": 6044.032785, "delta": 0.00526}}
{"target": -17.677067693921302, "params": {"gamma": 539.9511662674605, "log10_alpha": -2.6873720810240593, "log10_colsample_bytree": -0.983146178218015, "log10_eta": -2.9044032922068874, "log10_lambda": -4.315623787958835, "log10_min_child_weight": 0.2897939762856311, "log10_subsample": -0.18537064397378278, "max_depth": 9.0, "num_boost_round": 4.0}, "datetime": {"datetime": "2024-01-19 01:52:26", "elapsed": 6044.038126, "delta": 0.005341}}
{"target": -17.677059061422476, "params": {"gamma": 539.9511662674605, "log10_alpha": -2.6873720810240593, "log10_colsample_bytree": -0.983146178218015, "log10_eta": -2.9044032922068874, "log10_lambda": -4.315623787958835, "log10_min_child_weight": 0.2897939762856311, "log10_subsample": -0.18537064397378278, "max_depth": 9.0, "num_boost_round": 5.0}, "datetime": {"datetime": "2024-01-19 01:52:26", "elapsed": 6044.043176, "delta": 0.00505}}
{"target": -17.67710511748385, "params": {"gamma": 539.9511662674605, "log10_alpha": -2.6873720810240593, "log10_colsample_bytree": -0.983146178218015, "log10_eta": -2.9044032922068874, "log10_lambda": -4.315623787958835, "log10_min_child_weight": 0.2897939762856311, "log10_subsample": -0.18537064397378278, "max_depth": 9.0, "num_boost_round": 6.0}, "datetime": {"datetime": "2024-01-19 01:52:26", "elapsed": 6044.04824, "delta": 0.005064}}
{"target": -17.677075820490835, "params": {"gamma": 539.9511662674605, "log10_alpha": -2.6873720810240593, "log10_colsample_bytree": -0.983146178218015, "log10_eta": -2.9044032922068874, "log10_lambda": -4.315623787958835, "log10_min_child_weight": 0.2897939762856311, "log10_subsample": -0.18537064397378278, "max_depth": 9.0, "num_boost_round": 7.0}, "datetime": {"datetime": "2024-01-19 01:52:26", "elapsed": 6044.053416, "delta": 0.005176}}
{"target": -17.677002415081606, "params": {"gamma": 539.9511662674605, "log10_alpha": -2.6873720810240593, "log10_colsample_bytree": -0.983146178218015, "log10_eta": -2.9044032922068874, "log10_lambda": -4.315623787958835, "log10_min_child_weight": 0.2897939762856311, "log10_subsample": -0.18537064397378278, "max_depth": 9.0, "num_boost_round": 8.0}, "datetime": {"datetime": "2024-01-19 01:52:26", "elapsed": 6044.058508, "delta": 0.005092}}
{"target": -17.676944347889645, "params": {"gamma": 539.9511662674605, "log10_alpha": -2.6873720810240593, "log10_colsample_bytree": -0.983146178218015, "log10_eta": -2.9044032922068874, "log10_lambda": -4.315623787958835, "log10_min_child_weight": 0.2897939762856311, "log10_subsample": -0.18537064397378278, "max_depth": 9.0, "num_boost_round": 9.0}, "datetime": {"datetime": "2024-01-19 01:52:26", "elapsed": 6044.063711, "delta": 0.005203}}
{"target": -17.676896573318203, "params": {"gamma": 539.9511662674605, "log10_alpha": -2.6873720810240593, "log10_colsample_bytree": -0.983146178218015, "log10_eta": -2.9044032922068874, "log10_lambda": -4.315623787958835, "log10_min_child_weight": 0.2897939762856311, "log10_subsample": -0.18537064397378278, "max_depth": 9.0, "num_boost_round": 10.0}, "datetime": {"datetime": "2024-01-19 01:52:26", "elapsed": 6044.068799, "delta": 0.005088}}
{"target": -17.676881332527227, "params": {"gamma": 539.9511662674605, "log10_alpha": -2.6873720810240593, "log10_colsample_bytree": -0.983146178218015, "log10_eta": -2.9044032922068874, "log10_lambda": -4.315623787958835, "log10_min_child_weight": 0.2897939762856311, "log10_subsample": -0.18537064397378278, "max_depth": 9.0, "num_boost_round": 11.0}, "datetime": {"datetime": "2024-01-19 01:52:26", "elapsed": 6044.073879, "delta": 0.00508}}
{"target": -17.67676683074447, "params": {"gamma": 539.9511662674605, "log10_alpha": -2.6873720810240593, "log10_colsample_bytree": -0.983146178218015, "log10_eta": -2.9044032922068874, "log10_lambda": -4.315623787958835, "log10_min_child_weight": 0.2897939762856311, "log10_subsample": -0.18537064397378278, "max_depth": 9.0, "num_boost_round": 12.0}, "datetime": {"datetime": "2024-01-19 01:52:26", "elapsed": 6044.07904, "delta": 0.005161}}
{"target": -17.67674621196644, "params": {"gamma": 539.9511662674605, "log10_alpha": -2.6873720810240593, "log10_colsample_bytree": -0.983146178218015, "log10_eta": -2.9044032922068874, "log10_lambda": -4.315623787958835, "log10_min_child_weight": 0.2897939762856311, "log10_subsample": -0.18537064397378278, "max_depth": 9.0, "num_boost_round": 13.0}, "datetime": {"datetime": "2024-01-19 01:52:26", "elapsed": 6044.084358, "delta": 0.005318}}
{"target": -17.676705733136306, "params": {"gamma": 539.9511662674605, "log10_alpha": -2.6873720810240593, "log10_colsample_bytree": -0.983146178218015, "log10_eta": -2.9044032922068874, "log10_lambda": -4.315623787958835, "log10_min_child_weight": 0.2897939762856311, "log10_subsample": -0.18537064397378278, "max_depth": 9.0, "num_boost_round": 14.0}, "datetime": {"datetime": "2024-01-19 01:52:26", "elapsed": 6044.089398, "delta": 0.00504}}
{"target": -17.676659320757256, "params": {"gamma": 539.9511662674605, "log10_alpha": -2.6873720810240593, "log10_colsample_bytree": -0.983146178218015, "log10_eta": -2.9044032922068874, "log10_lambda": -4.315623787958835, "log10_min_child_weight": 0.2897939762856311, "log10_subsample": -0.18537064397378278, "max_depth": 9.0, "num_boost_round": 15.0}, "datetime": {"datetime": "2024-01-19 01:52:26", "elapsed": 6044.094482, "delta": 0.005084}}
{"target": -17.676584276981124, "params": {"gamma": 539.9511662674605, "log10_alpha": -2.6873720810240593, "log10_colsample_bytree": -0.983146178218015, "log10_eta": -2.9044032922068874, "log10_lambda": -4.315623787958835, "log10_min_child_weight": 0.2897939762856311, "log10_subsample": -0.18537064397378278, "max_depth": 9.0, "num_boost_round": 16.0}, "datetime": {"datetime": "2024-01-19 01:52:26", "elapsed": 6044.099593, "delta": 0.005111}}
{"target": -17.67648241297347, "params": {"gamma": 539.9511662674605, "log10_alpha": -2.6873720810240593, "log10_colsample_bytree": -0.983146178218015, "log10_eta": -2.9044032922068874, "log10_lambda": -4.315623787958835, "log10_min_child_weight": 0.2897939762856311, "log10_subsample": -0.18537064397378278, "max_depth": 9.0, "num_boost_round": 17.0}, "datetime": {"datetime": "2024-01-19 01:52:26", "elapsed": 6044.104674, "delta": 0.005081}}
{"target": -17.676430147559262, "params": {"gamma": 539.9511662674605, "log10_alpha": -2.6873720810240593, "log10_colsample_bytree": -0.983146178218015, "log10_eta": -2.9044032922068874, "log10_lambda": -4.315623787958835, "log10_min_child_weight": 0.2897939762856311, "log10_subsample": -0.18537064397378278, "max_depth": 9.0, "num_boost_round": 18.0}, "datetime": {"datetime": "2024-01-19 01:52:26", "elapsed": 6044.10996, "delta": 0.005286}}
{"target": -17.676383877904357, "params": {"gamma": 539.9511662674605, "log10_alpha": -2.6873720810240593, "log10_colsample_bytree": -0.983146178218015, "log10_eta": -2.9044032922068874, "log10_lambda": -4.315623787958835, "log10_min_child_weight": 0.2897939762856311, "log10_subsample": -0.18537064397378278, "max_depth": 9.0, "num_boost_round": 19.0}, "datetime": {"datetime": "2024-01-19 01:52:26", "elapsed": 6044.114994, "delta": 0.005034}}
{"target": -17.676355612684564, "params": {"gamma": 539.9511662674605, "log10_alpha": -2.6873720810240593, "log10_colsample_bytree": -0.983146178218015, "log10_eta": -2.9044032922068874, "log10_lambda": -4.315623787958835, "log10_min_child_weight": 0.2897939762856311, "log10_subsample": -0.18537064397378278, "max_depth": 9.0, "num_boost_round": 20.0}, "datetime": {"datetime": "2024-01-19 01:52:26", "elapsed": 6044.120038, "delta": 0.005044}}
{"target": -17.676341344629485, "params": {"gamma": 539.9511662674605, "log10_alpha": -2.6873720810240593, "log10_colsample_bytree": -0.983146178218015, "log10_eta": -2.9044032922068874, "log10_lambda": -4.315623787958835, "log10_min_child_weight": 0.2897939762856311, "log10_subsample": -0.18537064397378278, "max_depth": 9.0, "num_boost_round": 21.0}, "datetime": {"datetime": "2024-01-19 01:52:26", "elapsed": 6044.125075, "delta": 0.005037}}
{"target": -17.676249740782588, "params": {"gamma": 539.9511662674605, "log10_alpha": -2.6873720810240593, "log10_colsample_bytree": -0.983146178218015, "log10_eta": -2.9044032922068874, "log10_lambda": -4.315623787958835, "log10_min_child_weight": 0.2897939762856311, "log10_subsample": -0.18537064397378278, "max_depth": 9.0, "num_boost_round": 22.0}, "datetime": {"datetime": "2024-01-19 01:52:26", "elapsed": 6044.1303, "delta": 0.005225}}
{"target": -17.676192126828653, "params": {"gamma": 539.9511662674605, "log10_alpha": -2.6873720810240593, "log10_colsample_bytree": -0.983146178218015, "log10_eta": -2.9044032922068874, "log10_lambda": -4.315623787958835, "log10_min_child_weight": 0.2897939762856311, "log10_subsample": -0.18537064397378278, "max_depth": 9.0, "num_boost_round": 23.0}, "datetime": {"datetime": "2024-01-19 01:52:26", "elapsed": 6044.135645, "delta": 0.005345}}
{"target": -17.676228922595914, "params": {"gamma": 539.9511662674605, "log10_alpha": -2.6873720810240593, "log10_colsample_bytree": -0.983146178218015, "log10_eta": -2.9044032922068874, "log10_lambda": -4.315623787958835, "log10_min_child_weight": 0.2897939762856311, "log10_subsample": -0.18537064397378278, "max_depth": 9.0, "num_boost_round": 24.0}, "datetime": {"datetime": "2024-01-19 01:52:26", "elapsed": 6044.140943, "delta": 0.005298}}
{"target": -17.67612441409274, "params": {"gamma": 539.9511662674605, "log10_alpha": -2.6873720810240593, "log10_colsample_bytree": -0.983146178218015, "log10_eta": -2.9044032922068874, "log10_lambda": -4.315623787958835, "log10_min_child_weight": 0.2897939762856311, "log10_subsample": -0.18537064397378278, "max_depth": 9.0, "num_boost_round": 25.0}, "datetime": {"datetime": "2024-01-19 01:52:26", "elapsed": 6044.145983, "delta": 0.00504}}
{"target": -17.67608413269094, "params": {"gamma": 539.9511662674605, "log10_alpha": -2.6873720810240593, "log10_colsample_bytree": -0.983146178218015, "log10_eta": -2.9044032922068874, "log10_lambda": -4.315623787958835, "log10_min_child_weight": 0.2897939762856311, "log10_subsample": -0.18537064397378278, "max_depth": 9.0, "num_boost_round": 26.0}, "datetime": {"datetime": "2024-01-19 01:52:26", "elapsed": 6044.151128, "delta": 0.005145}}
{"target": -17.677194617371832, "params": {"gamma": 618.7553986228927, "log10_alpha": -1.119794880699481, "log10_colsample_bytree": -0.1585055873516249, "log10_eta": -2.8430955604824475, "log10_lambda": -0.2323295200607589, "log10_min_child_weight": 3.938136102883438, "log10_subsample": -0.1777672203112295, "max_depth": 4.0, "num_boost_round": 0.0}, "datetime": {"datetime": "2024-01-19 01:53:21", "elapsed": 6098.897953, "delta": 54.746825}}
{"target": -17.677157228953195, "params": {"gamma": 618.7553986228927, "log10_alpha": -1.119794880699481, "log10_colsample_bytree": -0.1585055873516249, "log10_eta": -2.8430955604824475, "log10_lambda": -0.2323295200607589, "log10_min_child_weight": 3.938136102883438, "log10_subsample": -0.1777672203112295, "max_depth": 4.0, "num_boost_round": 1.0}, "datetime": {"datetime": "2024-01-19 01:53:21", "elapsed": 6098.903762, "delta": 0.005809}}
{"target": -17.67709149882226, "params": {"gamma": 618.7553986228927, "log10_alpha": -1.119794880699481, "log10_colsample_bytree": -0.1585055873516249, "log10_eta": -2.8430955604824475, "log10_lambda": -0.2323295200607589, "log10_min_child_weight": 3.938136102883438, "log10_subsample": -0.1777672203112295, "max_depth": 4.0, "num_boost_round": 2.0}, "datetime": {"datetime": "2024-01-19 01:53:21", "elapsed": 6098.908961, "delta": 0.005199}}
{"target": -17.677061192167287, "params": {"gamma": 618.7553986228927, "log10_alpha": -1.119794880699481, "log10_colsample_bytree": -0.1585055873516249, "log10_eta": -2.8430955604824475, "log10_lambda": -0.2323295200607589, "log10_min_child_weight": 3.938136102883438, "log10_subsample": -0.1777672203112295, "max_depth": 4.0, "num_boost_round": 3.0}, "datetime": {"datetime": "2024-01-19 01:53:21", "elapsed": 6098.913989, "delta": 0.005028}}
{"target": -17.677019716450328, "params": {"gamma": 618.7553986228927, "log10_alpha": -1.119794880699481, "log10_colsample_bytree": -0.1585055873516249, "log10_eta": -2.8430955604824475, "log10_lambda": -0.2323295200607589, "log10_min_child_weight": 3.938136102883438, "log10_subsample": -0.1777672203112295, "max_depth": 4.0, "num_boost_round": 4.0}, "datetime": {"datetime": "2024-01-19 01:53:21", "elapsed": 6098.919072, "delta": 0.005083}}
{"target": -17.676982900208333, "params": {"gamma": 618.7553986228927, "log10_alpha": -1.119794880699481, "log10_colsample_bytree": -0.1585055873516249, "log10_eta": -2.8430955604824475, "log10_lambda": -0.2323295200607589, "log10_min_child_weight": 3.938136102883438, "log10_subsample": -0.1777672203112295, "max_depth": 4.0, "num_boost_round": 5.0}, "datetime": {"datetime": "2024-01-19 01:53:21", "elapsed": 6098.92413, "delta": 0.005058}}
{"target": -17.676959083352042, "params": {"gamma": 618.7553986228927, "log10_alpha": -1.119794880699481, "log10_colsample_bytree": -0.1585055873516249, "log10_eta": -2.8430955604824475, "log10_lambda": -0.2323295200607589, "log10_min_child_weight": 3.938136102883438, "log10_subsample": -0.1777672203112295, "max_depth": 4.0, "num_boost_round": 6.0}, "datetime": {"datetime": "2024-01-19 01:53:21", "elapsed": 6098.929417, "delta": 0.005287}}
{"target": -17.676922454086828, "params": {"gamma": 618.7553986228927, "log10_alpha": -1.119794880699481, "log10_colsample_bytree": -0.1585055873516249, "log10_eta": -2.8430955604824475, "log10_lambda": -0.2323295200607589, "log10_min_child_weight": 3.938136102883438, "log10_subsample": -0.1777672203112295, "max_depth": 4.0, "num_boost_round": 7.0}, "datetime": {"datetime": "2024-01-19 01:53:21", "elapsed": 6098.934528, "delta": 0.005111}}
{"target": -17.676886389690914, "params": {"gamma": 618.7553986228927, "log10_alpha": -1.119794880699481, "log10_colsample_bytree": -0.1585055873516249, "log10_eta": -2.8430955604824475, "log10_lambda": -0.2323295200607589, "log10_min_child_weight": 3.938136102883438, "log10_subsample": -0.1777672203112295, "max_depth": 4.0, "num_boost_round": 8.0}, "datetime": {"datetime": "2024-01-19 01:53:21", "elapsed": 6098.939699, "delta": 0.005171}}
{"target": -17.67689888364588, "params": {"gamma": 618.7553986228927, "log10_alpha": -1.119794880699481, "log10_colsample_bytree": -0.1585055873516249, "log10_eta": -2.8430955604824475, "log10_lambda": -0.2323295200607589, "log10_min_child_weight": 3.938136102883438, "log10_subsample": -0.1777672203112295, "max_depth": 4.0, "num_boost_round": 9.0}, "datetime": {"datetime": "2024-01-19 01:53:21", "elapsed": 6098.944695, "delta": 0.004996}}
{"target": -17.676873741487316, "params": {"gamma": 618.7553986228927, "log10_alpha": -1.119794880699481, "log10_colsample_bytree": -0.1585055873516249, "log10_eta": -2.8430955604824475, "log10_lambda": -0.2323295200607589, "log10_min_child_weight": 3.938136102883438, "log10_subsample": -0.1777672203112295, "max_depth": 4.0, "num_boost_round": 10.0}, "datetime": {"datetime": "2024-01-19 01:53:21", "elapsed": 6098.949775, "delta": 0.00508}}
{"target": -17.67682175909602, "params": {"gamma": 618.7553986228927, "log10_alpha": -1.119794880699481, "log10_colsample_bytree": -0.1585055873516249, "log10_eta": -2.8430955604824475, "log10_lambda": -0.2323295200607589, "log10_min_child_weight": 3.938136102883438, "log10_subsample": -0.1777672203112295, "max_depth": 4.0, "num_boost_round": 11.0}, "datetime": {"datetime": "2024-01-19 01:53:21", "elapsed": 6098.954864, "delta": 0.005089}}
{"target": -17.676787162785217, "params": {"gamma": 618.7553986228927, "log10_alpha": -1.119794880699481, "log10_colsample_bytree": -0.1585055873516249, "log10_eta": -2.8430955604824475, "log10_lambda": -0.2323295200607589, "log10_min_child_weight": 3.938136102883438, "log10_subsample": -0.1777672203112295, "max_depth": 4.0, "num_boost_round": 12.0}, "datetime": {"datetime": "2024-01-19 01:53:21", "elapsed": 6098.960073, "delta": 0.005209}}
{"target": -17.676752459008814, "params": {"gamma": 618.7553986228927, "log10_alpha": -1.119794880699481, "log10_colsample_bytree": -0.1585055873516249, "log10_eta": -2.8430955604824475, "log10_lambda": -0.2323295200607589, "log10_min_child_weight": 3.938136102883438, "log10_subsample": -0.1777672203112295, "max_depth": 4.0, "num_boost_round": 13.0}, "datetime": {"datetime": "2024-01-19 01:53:21", "elapsed": 6098.965035, "delta": 0.004962}}
{"target": -17.67671769484088, "params": {"gamma": 618.7553986228927, "log10_alpha": -1.119794880699481, "log10_colsample_bytree": -0.1585055873516249, "log10_eta": -2.8430955604824475, "log10_lambda": -0.2323295200607589, "log10_min_child_weight": 3.938136102883438, "log10_subsample": -0.1777672203112295, "max_depth": 4.0, "num_boost_round": 14.0}, "datetime": {"datetime": "2024-01-19 01:53:21", "elapsed": 6098.970085, "delta": 0.00505}}
{"target": -17.67665544606234, "params": {"gamma": 618.7553986228927, "log10_alpha": -1.119794880699481, "log10_colsample_bytree": -0.1585055873516249, "log10_eta": -2.8430955604824475, "log10_lambda": -0.2323295200607589, "log10_min_child_weight": 3.938136102883438, "log10_subsample": -0.1777672203112295, "max_depth": 4.0, "num_boost_round": 15.0}, "datetime": {"datetime": "2024-01-19 01:53:21", "elapsed": 6098.975314, "delta": 0.005229}}
{"target": -17.6766096492104, "params": {"gamma": 618.7553986228927, "log10_alpha": -1.119794880699481, "log10_colsample_bytree": -0.1585055873516249, "log10_eta": -2.8430955604824475, "log10_lambda": -0.2323295200607589, "log10_min_child_weight": 3.938136102883438, "log10_subsample": -0.1777672203112295, "max_depth": 4.0, "num_boost_round": 16.0}, "datetime": {"datetime": "2024-01-19 01:53:21", "elapsed": 6098.980542, "delta": 0.005228}}
{"target": -17.67662528642486, "params": {"gamma": 618.7553986228927, "log10_alpha": -1.119794880699481, "log10_colsample_bytree": -0.1585055873516249, "log10_eta": -2.8430955604824475, "log10_lambda": -0.2323295200607589, "log10_min_child_weight": 3.938136102883438, "log10_subsample": -0.1777672203112295, "max_depth": 4.0, "num_boost_round": 17.0}, "datetime": {"datetime": "2024-01-19 01:53:21", "elapsed": 6098.985614, "delta": 0.005072}}
{"target": -17.676598937872026, "params": {"gamma": 618.7553986228927, "log10_alpha": -1.119794880699481, "log10_colsample_bytree": -0.1585055873516249, "log10_eta": -2.8430955604824475, "log10_lambda": -0.2323295200607589, "log10_min_child_weight": 3.938136102883438, "log10_subsample": -0.1777672203112295, "max_depth": 4.0, "num_boost_round": 18.0}, "datetime": {"datetime": "2024-01-19 01:53:21", "elapsed": 6098.990895, "delta": 0.005281}}
{"target": -17.676565672104598, "params": {"gamma": 618.7553986228927, "log10_alpha": -1.119794880699481, "log10_colsample_bytree": -0.1585055873516249, "log10_eta": -2.8430955604824475, "log10_lambda": -0.2323295200607589, "log10_min_child_weight": 3.938136102883438, "log10_subsample": -0.1777672203112295, "max_depth": 4.0, "num_boost_round": 19.0}, "datetime": {"datetime": "2024-01-19 01:53:21", "elapsed": 6098.995935, "delta": 0.00504}}
{"target": -17.67650801200451, "params": {"gamma": 618.7553986228927, "log10_alpha": -1.119794880699481, "log10_colsample_bytree": -0.1585055873516249, "log10_eta": -2.8430955604824475, "log10_lambda": -0.2323295200607589, "log10_min_child_weight": 3.938136102883438, "log10_subsample": -0.1777672203112295, "max_depth": 4.0, "num_boost_round": 20.0}, "datetime": {"datetime": "2024-01-19 01:53:21", "elapsed": 6099.00099, "delta": 0.005055}}
{"target": -17.676463320123798, "params": {"gamma": 618.7553986228927, "log10_alpha": -1.119794880699481, "log10_colsample_bytree": -0.1585055873516249, "log10_eta": -2.8430955604824475, "log10_lambda": -0.2323295200607589, "log10_min_child_weight": 3.938136102883438, "log10_subsample": -0.1777672203112295, "max_depth": 4.0, "num_boost_round": 21.0}, "datetime": {"datetime": "2024-01-19 01:53:21", "elapsed": 6099.006084, "delta": 0.005094}}
{"target": -17.676419623969963, "params": {"gamma": 618.7553986228927, "log10_alpha": -1.119794880699481, "log10_colsample_bytree": -0.1585055873516249, "log10_eta": -2.8430955604824475, "log10_lambda": -0.2323295200607589, "log10_min_child_weight": 3.938136102883438, "log10_subsample": -0.1777672203112295, "max_depth": 4.0, "num_boost_round": 22.0}, "datetime": {"datetime": "2024-01-19 01:53:21", "elapsed": 6099.011279, "delta": 0.005195}}
