{"target": -17.677224102223825, "params": {"gamma": 639.4605108300048, "log10_alpha": 0.931027886767481, "log10_colsample_bytree": -0.32352853353926214, "log10_eta": -3.7008293997276596, "log10_lambda": -4.096594266849122, "log10_min_child_weight": 1.3350337094229314, "log10_subsample": -0.4634229587722125, "max_depth": 2.0, "num_boost_round": 1.0}, "datetime": {"datetime": "2024-01-19 01:12:38", "elapsed": 3655.354013, "delta": 0.004736}}
{"target": -17.677218107098323, "params": {"gamma": 639.4605108300048, "log10_alpha": 0.931027886767481, "log10_colsample_bytree": -0.32352853353926214, "log10_eta": -3.7008293997276596, "log10_lambda": -4.096594266849122, "log10_min_child_weight": 1.3350337094229314, "log10_subsample": -0.4634229587722125, "max_depth": 2.0, "num_boost_round": 2.0}, "datetime": {"datetime": "2024-01-19 01:12:38", "elapsed": 3655.357784, "delta": 0.003771}}
{"target": -17.677216494725467, "params": {"gamma": 639.4605108300048, "log10_alpha": 0.931027886767481, "log10_colsample_bytree": -0.32352853353926214, "log10_eta": -3.7008293997276596, "log10_lambda": -4.096594266849122, "log10_min_child_weight": 1.3350337094229314, "log10_subsample": -0.4634229587722125, "max_depth": 2.0, "num_boost_round": 3.0}, "datetime": {"datetime": "2024-01-19 01:12:38", "elapsed": 3655.361514, "delta": 0.00373}}
{"target": -17.677211658696972, "params": {"gamma": 639.4605108300048, "log10_alpha": 0.931027886767481, "log10_colsample_bytree": -0.32352853353926214, "log10_eta": -3.7008293997276596, "log10_lambda": -4.096594266849122, "log10_min_child_weight": 1.3350337094229314, "log10_subsample": -0.4634229587722125, "max_depth": 2.0, "num_boost_round": 4.0}, "datetime": {"datetime": "2024-01-19 01:12:38", "elapsed": 3655.365169, "delta": 0.003655}}
{"target": -17.67720764616868, "params": {"gamma": 639.4605108300048, "log10_alpha": 0.931027886767481, "log10_colsample_bytree": -0.32352853353926214, "log10_eta": -3.7008293997276596, "log10_lambda": -4.096594266849122, "log10_min_child_weight": 1.3350337094229314, "log10_subsample": -0.4634229587722125, "max_depth": 2.0, "num_boost_round": 5.0}, "datetime": {"datetime": "2024-01-19 01:12:38", "elapsed": 3655.368961, "delta": 0.003792}}
{"target": -17.677199947511813, "params": {"gamma": 639.4605108300048, "log10_alpha": 0.931027886767481, "log10_colsample_bytree": -0.32352853353926214, "log10_eta": -3.7008293997276596, "log10_lambda": -4.096594266849122, "log10_min_child_weight": 1.3350337094229314, "log10_subsample": -0.4634229587722125, "max_depth": 2.0, "num_boost_round": 6.0}, "datetime": {"datetime": "2024-01-19 01:12:38", "elapsed": 3655.372627, "delta": 0.003666}}
{"target": -17.677193220229444, "params": {"gamma": 639.4605108300048, "log10_alpha": 0.931027886767481, "log10_colsample_bytree": -0.32352853353926214, "log10_eta": -3.7008293997276596, "log10_lambda": -4.096594266849122, "log10_min_child_weight": 1.3350337094229314, "log10_subsample": -0.4634229587722125, "max_depth": 2.0, "num_boost_round": 7.0}, "datetime": {"datetime": "2024-01-19 01:12:38", "elapsed": 3655.37628, "delta": 0.003653}}
{"target": -17.677189237650584, "params": {"gamma": 639.4605108300048, "log10_alpha": 0.931027886767481, "log10_colsample_bytree": -0.32352853353926214, "log10_eta": -3.7008293997276596, "log10_lambda": -4.096594266849122, "log10_min_child_weight": 1.3350337094229314, "log10_subsample": -0.4634229587722125, "max_depth": 2.0, "num_boost_round": 8.0}, "datetime": {"datetime": "2024-01-19 01:12:38", "elapsed": 3655.380024, "delta": 0.003744}}
{"target": -17.677186213422726, "params": {"gamma": 639.4605108300048, "log10_alpha": 0.931027886767481, "log10_colsample_bytree": -0.32352853353926214, "log10_eta": -3.7008293997276596, "log10_lambda": -4.096594266849122, "log10_min_child_weight": 1.3350337094229314, "log10_subsample": -0.4634229587722125, "max_depth": 2.0, "num_boost_round": 9.0}, "datetime": {"datetime": "2024-01-19 01:12:38", "elapsed": 3655.383814, "delta": 0.00379}}
{"target": -17.677180097324644, "params": {"gamma": 639.4605108300048, "log10_alpha": 0.931027886767481, "log10_colsample_bytree": -0.32352853353926214, "log10_eta": -3.7008293997276596, "log10_lambda": -4.096594266849122, "log10_min_child_weight": 1.3350337094229314, "log10_subsample": -0.4634229587722125, "max_depth": 2.0, "num_boost_round": 10.0}, "datetime": {"datetime": "2024-01-19 01:12:38", "elapsed": 3655.387646, "delta": 0.003832}}
{"target": -17.677175223531677, "params": {"gamma": 639.4605108300048, "log10_alpha": 0.931027886767481, "log10_colsample_bytree": -0.32352853353926214, "log10_eta": -3.7008293997276596, "log10_lambda": -4.096594266849122, "log10_min_child_weight": 1.3350337094229314, "log10_subsample": -0.4634229587722125, "max_depth": 2.0, "num_boost_round": 11.0}, "datetime": {"datetime": "2024-01-19 01:12:38", "elapsed": 3655.391351, "delta": 0.003705}}
{"target": -17.677169367040737, "params": {"gamma": 639.4605108300048, "log10_alpha": 0.931027886767481, "log10_colsample_bytree": -0.32352853353926214, "log10_eta": -3.7008293997276596, "log10_lambda": -4.096594266849122, "log10_min_child_weight": 1.3350337094229314, "log10_subsample": -0.4634229587722125, "max_depth": 2.0, "num_boost_round": 12.0}, "datetime": {"datetime": "2024-01-19 01:12:38", "elapsed": 3655.395067, "delta": 0.003716}}
{"target": -17.677163381560028, "params": {"gamma": 639.4605108300048, "log10_alpha": 0.931027886767481, "log10_colsample_bytree": -0.32352853353926214, "log10_eta": -3.7008293997276596, "log10_lambda": -4.096594266849122, "log10_min_child_weight": 1.3350337094229314, "log10_subsample": -0.4634229587722125, "max_depth": 2.0, "num_boost_round": 13.0}, "datetime": {"datetime": "2024-01-19 01:12:38", "elapsed": 3655.398766, "delta": 0.003699}}
{"target": -17.67716227377504, "params": {"gamma": 639.4605108300048, "log10_alpha": 0.931027886767481, "log10_colsample_bytree": -0.32352853353926214, "log10_eta": -3.7008293997276596, "log10_lambda": -4.096594266849122, "log10_min_child_weight": 1.3350337094229314, "log10_subsample": -0.4634229587722125, "max_depth": 2.0, "num_boost_round": 14.0}, "datetime": {"datetime": "2024-01-19 01:12:38", "elapsed": 3655.402503, "delta": 0.003737}}
{"target": -17.67715821920982, "params": {"gamma": 639.4605108300048, "log10_alpha": 0.931027886767481, "log10_colsample_bytree": -0.32352853353926214, "log10_eta": -3.7008293997276596, "log10_lambda": -4.096594266849122, "log10_min_child_weight": 1.3350337094229314, "log10_subsample": -0.4634229587722125, "max_depth": 2.0, "num_boost_round": 15.0}, "datetime": {"datetime": "2024-01-19 01:12:38", "elapsed": 3655.406189, "delta": 0.003686}}
{"target": -17.67715390816727, "params": {"gamma": 639.4605108300048, "log10_alpha": 0.931027886767481, "log10_colsample_bytree": -0.32352853353926214, "log10_eta": -3.7008293997276596, "log10_lambda": -4.096594266849122, "log10_min_child_weight": 1.3350337094229314, "log10_subsample": -0.4634229587722125, "max_depth": 2.0, "num_boost_round": 16.0}, "datetime": {"datetime": "2024-01-19 01:12:38", "elapsed": 3655.409876, "delta": 0.003687}}
{"target": -17.677221619190494, "params": {"gamma": 625.2037486619953, "log10_alpha": -1.0352248933734511, "log10_colsample_bytree": -0.7542914666069548, "log10_eta": -3.379808062753969, "log10_lambda": -1.8020266525195385, "log10_min_child_weight": 0.2274086576958395, "log10_subsample": -0.5860433651583646, "max_depth": 4.0, "num_boost_round": 0.0}, "datetime": {"datetime": "2024-01-19 01:13:30", "elapsed": 3707.407529, "delta": 51.997653}}
{"target": -17.6772156103301, "params": {"gamma": 625.2037486619953, "log10_alpha": -1.0352248933734511, "log10_colsample_bytree": -0.7542914666069548, "log10_eta": -3.379808062753969, "log10_lambda": -1.8020266525195385, "log10_min_child_weight": 0.2274086576958395, "log10_subsample": -0.5860433651583646, "max_depth": 4.0, "num_boost_round": 1.0}, "datetime": {"datetime": "2024-01-19 01:13:30", "elapsed": 3707.412303, "delta": 0.004774}}
{"target": -17.677191155355114, "params": {"gamma": 625.2037486619953, "log10_alpha": -1.0352248933734511, "log10_colsample_bytree": -0.7542914666069548, "log10_eta": -3.379808062753969, "log10_lambda": -1.8020266525195385, "log10_min_child_weight": 0.2274086576958395, "log10_subsample": -0.5860433651583646, "max_depth": 4.0, "num_boost_round": 2.0}, "datetime": {"datetime": "2024-01-19 01:13:30", "elapsed": 3707.416086, "delta": 0.003783}}
{"target": -17.677182441832826, "params": {"gamma": 625.2037486619953, "log10_alpha": -1.0352248933734511, "log10_colsample_bytree": -0.7542914666069548, "log10_eta": -3.379808062753969, "log10_lambda": -1.8020266525195385, "log10_min_child_weight": 0.2274086576958395, "log10_subsample": -0.5860433651583646, "max_depth": 4.0, "num_boost_round": 3.0}, "datetime": {"datetime": "2024-01-19 01:13:30", "elapsed": 3707.419798, "delta": 0.003712}}
{"target": -17.67716139422162, "params": {"gamma": 625.2037486619953, "log10_alpha": -1.0352248933734511, "log10_colsample_bytree": -0.7542914666069548, "log10_eta": -3.379808062753969, "log10_lambda": -1.8020266525195385, "log10_min_child_weight": 0.2274086576958395, "log10_subsample": -0.5860433651583646, "max_depth": 4.0, "num_boost_round": 4.0}, "datetime": {"datetime": "2024-01-19 01:13:30", "elapsed": 3707.423519, "delta": 0.003721}}
{"target": -17.677149850426076, "params": {"gamma": 625.2037486619953, "log10_alpha": -1.0352248933734511, "log10_colsample_bytree": -0.7542914666069548, "log10_eta": -3.379808062753969, "log10_lambda": -1.8020266525195385, "log10_min_child_weight": 0.2274086576958395, "log10_subsample": -0.5860433651583646, "max_depth": 4.0, "num_boost_round": 5.0}, "datetime": {"datetime": "2024-01-19 01:13:30", "elapsed": 3707.427184, "delta": 0.003665}}
{"target": -17.677147988096294, "params": {"gamma": 625.2037486619953, "log10_alpha": -1.0352248933734511, "log10_colsample_bytree": -0.7542914666069548, "log10_eta": -3.379808062753969, "log10_lambda": -1.8020266525195385, "log10_min_child_weight": 0.2274086576958395, "log10_subsample": -0.5860433651583646, "max_depth": 4.0, "num_boost_round": 6.0}, "datetime": {"datetime": "2024-01-19 01:13:30", "elapsed": 3707.431258, "delta": 0.004074}}
{"target": -17.677132789214618, "params": {"gamma": 625.2037486619953, "log10_alpha": -1.0352248933734511, "log10_colsample_bytree": -0.7542914666069548, "log10_eta": -3.379808062753969, "log10_lambda": -1.8020266525195385, "log10_min_child_weight": 0.2274086576958395, "log10_subsample": -0.5860433651583646, "max_depth": 4.0, "num_boost_round": 7.0}, "datetime": {"datetime": "2024-01-19 01:13:30", "elapsed": 3707.435199, "delta": 0.003941}}
{"target": -17.677145219473374, "params": {"gamma": 625.2037486619953, "log10_alpha": -1.0352248933734511, "log10_colsample_bytree": -0.7542914666069548, "log10_eta": -3.379808062753969, "log10_lambda": -1.8020266525195385, "log10_min_child_weight": 0.2274086576958395, "log10_subsample": -0.5860433651583646, "max_depth": 4.0, "num_boost_round": 8.0}, "datetime": {"datetime": "2024-01-19 01:13:30", "elapsed": 3707.438974, "delta": 0.003775}}
{"target": -17.677131105799592, "params": {"gamma": 625.2037486619953, "log10_alpha": -1.0352248933734511, "log10_colsample_bytree": -0.7542914666069548, "log10_eta": -3.379808062753969, "log10_lambda": -1.8020266525195385, "log10_min_child_weight": 0.2274086576958395, "log10_subsample": -0.5860433651583646, "max_depth": 4.0, "num_boost_round": 9.0}, "datetime": {"datetime": "2024-01-19 01:13:30", "elapsed": 3707.442704, "delta": 0.00373}}
{"target": -17.67711247104624, "params": {"gamma": 625.2037486619953, "log10_alpha": -1.0352248933734511, "log10_colsample_bytree": -0.7542914666069548, "log10_eta": -3.379808062753969, "log10_lambda": -1.8020266525195385, "log10_min_child_weight": 0.2274086576958395, "log10_subsample": -0.5860433651583646, "max_depth": 4.0, "num_boost_round": 10.0}, "datetime": {"datetime": "2024-01-19 01:13:30", "elapsed": 3707.44641, "delta": 0.003706}}
{"target": -17.677100071565075, "params": {"gamma": 625.2037486619953, "log10_alpha": -1.0352248933734511, "log10_colsample_bytree": -0.7542914666069548, "log10_eta": -3.379808062753969, "log10_lambda": -1.8020266525195385, "log10_min_child_weight": 0.2274086576958395, "log10_subsample": -0.5860433651583646, "max_depth": 4.0, "num_boost_round": 11.0}, "datetime": {"datetime": "2024-01-19 01:13:30", "elapsed": 3707.450262, "delta": 0.003852}}
{"target": -17.677077650829045, "params": {"gamma": 625.2037486619953, "log10_alpha": -1.0352248933734511, "log10_colsample_bytree": -0.7542914666069548, "log10_eta": -3.379808062753969, "log10_lambda": -1.8020266525195385, "log10_min_child_weight": 0.2274086576958395, "log10_subsample": -0.5860433651583646, "max_depth": 4.0, "num_boost_round": 12.0}, "datetime": {"datetime": "2024-01-19 01:13:30", "elapsed": 3707.453993, "delta": 0.003731}}
{"target": -17.677046773869677, "params": {"gamma": 625.2037486619953, "log10_alpha": -1.0352248933734511, "log10_colsample_bytree": -0.7542914666069548, "log10_eta": -3.379808062753969, "log10_lambda": -1.8020266525195385, "log10_min_child_weight": 0.2274086576958395, "log10_subsample": -0.5860433651583646, "max_depth": 4.0, "num_boost_round": 13.0}, "datetime": {"datetime": "2024-01-19 01:13:30", "elapsed": 3707.457686, "delta": 0.003693}}
{"target": -17.677046320104925, "params": {"gamma": 625.2037486619953, "log10_alpha": -1.0352248933734511, "log10_colsample_bytree": -0.7542914666069548, "log10_eta": -3.379808062753969, "log10_lambda": -1.8020266525195385, "log10_min_child_weight": 0.2274086576958395, "log10_subsample": -0.5860433651583646, "max_depth": 4.0, "num_boost_round": 14.0}, "datetime": {"datetime": "2024-01-19 01:13:30", "elapsed": 3707.461383, "delta": 0.003697}}
{"target": -17.677038704144486, "params": {"gamma": 625.2037486619953, "log10_alpha": -1.0352248933734511, "log10_colsample_bytree": -0.7542914666069548, "log10_eta": -3.379808062753969, "log10_lambda": -1.8020266525195385, "log10_min_child_weight": 0.2274086576958395, "log10_subsample": -0.5860433651583646, "max_depth": 4.0, "num_boost_round": 15.0}, "datetime": {"datetime": "2024-01-19 01:13:30", "elapsed": 3707.465102, "delta": 0.003719}}
{"target": -17.677033103759374, "params": {"gamma": 625.2037486619953, "log10_alpha": -1.0352248933734511, "log10_colsample_bytree": -0.7542914666069548, "log10_eta": -3.379808062753969, "log10_lambda": -1.8020266525195385, "log10_min_child_weight": 0.2274086576958395, "log10_subsample": -0.5860433651583646, "max_depth": 4.0, "num_boost_round": 16.0}, "datetime": {"datetime": "2024-01-19 01:13:30", "elapsed": 3707.468851, "delta": 0.003749}}
{"target": -17.677024300033597, "params": {"gamma": 625.2037486619953, "log10_alpha": -1.0352248933734511, "log10_colsample_bytree": -0.7542914666069548, "log10_eta": -3.379808062753969, "log10_lambda": -1.8020266525195385, "log10_min_child_weight": 0.2274086576958395, "log10_subsample": -0.5860433651583646, "max_depth": 4.0, "num_boost_round": 17.0}, "datetime": {"datetime": "2024-01-19 01:13:30", "elapsed": 3707.472583, "delta": 0.003732}}
{"target": -17.677030721220326, "params": {"gamma": 625.2037486619953, "log10_alpha": -1.0352248933734511, "log10_colsample_bytree": -0.7542914666069548, "log10_eta": -3.379808062753969, "log10_lambda": -1.8020266525195385, "log10_min_child_weight": 0.2274086576958395, "log10_subsample": -0.5860433651583646, "max_depth": 4.0, "num_boost_round": 18.0}, "datetime": {"datetime": "2024-01-19 01:13:30", "elapsed": 3707.476298, "delta": 0.003715}}
{"target": -17.677028683920483, "params": {"gamma": 625.2037486619953, "log10_alpha": -1.0352248933734511, "log10_colsample_bytree": -0.7542914666069548, "log10_eta": -3.379808062753969, "log10_lambda": -1.8020266525195385, "log10_min_child_weight": 0.2274086576958395, "log10_subsample": -0.5860433651583646, "max_depth": 4.0, "num_boost_round": 19.0}, "datetime": {"datetime": "2024-01-19 01:13:30", "elapsed": 3707.480073, "delta": 0.003775}}
{"target": -17.677010169947437, "params": {"gamma": 625.2037486619953, "log10_alpha": -1.0352248933734511, "log10_colsample_bytree": -0.7542914666069548, "log10_eta": -3.379808062753969, "log10_lambda": -1.8020266525195385, "log10_min_child_weight": 0.2274086576958395, "log10_subsample": -0.5860433651583646, "max_depth": 4.0, "num_boost_round": 20.0}, "datetime": {"datetime": "2024-01-19 01:13:30", "elapsed": 3707.483788, "delta": 0.003715}}
{"target": -17.67699215286271, "params": {"gamma": 625.2037486619953, "log10_alpha": -1.0352248933734511, "log10_colsample_bytree": -0.7542914666069548, "log10_eta": -3.379808062753969, "log10_lambda": -1.8020266525195385, "log10_min_child_weight": 0.2274086576958395, "log10_subsample": -0.5860433651583646, "max_depth": 4.0, "num_boost_round": 21.0}, "datetime": {"datetime": "2024-01-19 01:13:30", "elapsed": 3707.487455, "delta": 0.003667}}
{"target": -17.676974708654537, "params": {"gamma": 625.2037486619953, "log10_alpha": -1.0352248933734511, "log10_colsample_bytree": -0.7542914666069548, "log10_eta": -3.379808062753969, "log10_lambda": -1.8020266525195385, "log10_min_child_weight": 0.2274086576958395, "log10_subsample": -0.5860433651583646, "max_depth": 4.0, "num_boost_round": 22.0}, "datetime": {"datetime": "2024-01-19 01:13:30", "elapsed": 3707.491214, "delta": 0.003759}}
{"target": -17.676933761832196, "params": {"gamma": 625.2037486619953, "log10_alpha": -1.0352248933734511, "log10_colsample_bytree": -0.7542914666069548, "log10_eta": -3.379808062753969, "log10_lambda": -1.8020266525195385, "log10_min_child_weight": 0.2274086576958395, "log10_subsample": -0.5860433651583646, "max_depth": 4.0, "num_boost_round": 23.0}, "datetime": {"datetime": "2024-01-19 01:13:30", "elapsed": 3707.495001, "delta": 0.003787}}
{"target": -17.67693343121538, "params": {"gamma": 625.2037486619953, "log10_alpha": -1.0352248933734511, "log10_colsample_bytree": -0.7542914666069548, "log10_eta": -3.379808062753969, "log10_lambda": -1.8020266525195385, "log10_min_child_weight": 0.2274086576958395, "log10_subsample": -0.5860433651583646, "max_depth": 4.0, "num_boost_round": 24.0}, "datetime": {"datetime": "2024-01-19 01:13:30", "elapsed": 3707.49865, "delta": 0.003649}}
{"target": -17.676916393785586, "params": {"gamma": 625.2037486619953, "log10_alpha": -1.0352248933734511, "log10_colsample_bytree": -0.7542914666069548, "log10_eta": -3.379808062753969, "log10_lambda": -1.8020266525195385, "log10_min_child_weight": 0.2274086576958395, "log10_subsample": -0.5860433651583646, "max_depth": 4.0, "num_boost_round": 25.0}, "datetime": {"datetime": "2024-01-19 01:13:30", "elapsed": 3707.502348, "delta": 0.003698}}
{"target": -17.676910801996698, "params": {"gamma": 625.2037486619953, "log10_alpha": -1.0352248933734511, "log10_colsample_bytree": -0.7542914666069548, "log10_eta": -3.379808062753969, "log10_lambda": -1.8020266525195385, "log10_min_child_weight": 0.2274086576958395, "log10_subsample": -0.5860433651583646, "max_depth": 4.0, "num_boost_round": 26.0}, "datetime": {"datetime": "2024-01-19 01:13:30", "elapsed": 3707.506, "delta": 0.003652}}
{"target": -17.676891001380234, "params": {"gamma": 625.2037486619953, "log10_alpha": -1.0352248933734511, "log10_colsample_bytree": -0.7542914666069548, "log10_eta": -3.379808062753969, "log10_lambda": -1.8020266525195385, "log10_min_child_weight": 0.2274086576958395, "log10_subsample": -0.5860433651583646, "max_depth": 4.0, "num_boost_round": 27.0}, "datetime": {"datetime": "2024-01-19 01:13:30", "elapsed": 3707.509753, "delta": 0.003753}}
{"target": -17.676862815530036, "params": {"gamma": 625.2037486619953, "log10_alpha": -1.0352248933734511, "log10_colsample_bytree": -0.7542914666069548, "log10_eta": -3.379808062753969, "log10_lambda": -1.8020266525195385, "log10_min_child_weight": 0.2274086576958395, "log10_subsample": -0.5860433651583646, "max_depth": 4.0, "num_boost_round": 28.0}, "datetime": {"datetime": "2024-01-19 01:13:30", "elapsed": 3707.51346, "delta": 0.003707}}
{"target": -17.67683870712223, "params": {"gamma": 625.2037486619953, "log10_alpha": -1.0352248933734511, "log10_colsample_bytree": -0.7542914666069548, "log10_eta": -3.379808062753969, "log10_lambda": -1.8020266525195385, "log10_min_child_weight": 0.2274086576958395, "log10_subsample": -0.5860433651583646, "max_depth": 4.0, "num_boost_round": 29.0}, "datetime": {"datetime": "2024-01-19 01:13:30", "elapsed": 3707.517104, "delta": 0.003644}}
{"target": -17.67683164616358, "params": {"gamma": 625.2037486619953, "log10_alpha": -1.0352248933734511, "log10_colsample_bytree": -0.7542914666069548, "log10_eta": -3.379808062753969, "log10_lambda": -1.8020266525195385, "log10_min_child_weight": 0.2274086576958395, "log10_subsample": -0.5860433651583646, "max_depth": 4.0, "num_boost_round": 30.0}, "datetime": {"datetime": "2024-01-19 01:13:30", "elapsed": 3707.520902, "delta": 0.003798}}
{"target": -17.676819480231934, "params": {"gamma": 625.2037486619953, "log10_alpha": -1.0352248933734511, "log10_colsample_bytree": -0.7542914666069548, "log10_eta": -3.379808062753969, "log10_lambda": -1.8020266525195385, "log10_min_child_weight": 0.2274086576958395, "log10_subsample": -0.5860433651583646, "max_depth": 4.0, "num_boost_round": 31.0}, "datetime": {"datetime": "2024-01-19 01:13:30", "elapsed": 3707.524626, "delta": 0.003724}}
{"target": -17.676802258917313, "params": {"gamma": 625.2037486619953, "log10_alpha": -1.0352248933734511, "log10_colsample_bytree": -0.7542914666069548, "log10_eta": -3.379808062753969, "log10_lambda": -1.8020266525195385, "log10_min_child_weight": 0.2274086576958395, "log10_subsample": -0.5860433651583646, "max_depth": 4.0, "num_boost_round": 32.0}, "datetime": {"datetime": "2024-01-19 01:13:30", "elapsed": 3707.528314, "delta": 0.003688}}
