{"target": -13.758515105639542, "params": {"gamma": 28.97650394646667, "log10_alpha": -4.824575748758878, "log10_colsample_bytree": -0.48063180869590494, "log10_eta": -3.414864360499771, "log10_lambda": -1.770583633962449, "log10_min_child_weight": 3.471813469273436, "log10_subsample": -0.42012530527247327, "max_depth": 9.0, "num_boost_round": 3.0}, "datetime": {"datetime": "2024-01-19 00:24:36", "elapsed": 784.679408, "delta": 0.001092}}
{"target": -13.758511185506938, "params": {"gamma": 28.97650394646667, "log10_alpha": -4.824575748758878, "log10_colsample_bytree": -0.48063180869590494, "log10_eta": -3.414864360499771, "log10_lambda": -1.770583633962449, "log10_min_child_weight": 3.471813469273436, "log10_subsample": -0.42012530527247327, "max_depth": 9.0, "num_boost_round": 4.0}, "datetime": {"datetime": "2024-01-19 00:24:36", "elapsed": 784.680583, "delta": 0.001175}}
{"target": -13.758507808950823, "params": {"gamma": 28.97650394646667, "log10_alpha": -4.824575748758878, "log10_colsample_bytree": -0.48063180869590494, "log10_eta": -3.414864360499771, "log10_lambda": -1.770583633962449, "log10_min_child_weight": 3.471813469273436, "log10_subsample": -0.42012530527247327, "max_depth": 9.0, "num_boost_round": 5.0}, "datetime": {"datetime": "2024-01-19 00:24:36", "elapsed": 784.681766, "delta": 0.001183}}
{"target": -13.758498264320032, "params": {"gamma": 28.97650394646667, "log10_alpha": -4.824575748758878, "log10_colsample_bytree": -0.48063180869590494, "log10_eta": -3.414864360499771, "log10_lambda": -1.770583633962449, "log10_min_child_weight": 3.471813469273436, "log10_subsample": -0.42012530527247327, "max_depth": 9.0, "num_boost_round": 6.0}, "datetime": {"datetime": "2024-01-19 00:24:36", "elapsed": 784.682856, "delta": 0.00109}}
{"target": -13.758490712393355, "params": {"gamma": 28.97650394646667, "log10_alpha": -4.824575748758878, "log10_colsample_bytree": -0.48063180869590494, "log10_eta": -3.414864360499771, "log10_lambda": -1.770583633962449, "log10_min_child_weight": 3.471813469273436, "log10_subsample": -0.42012530527247327, "max_depth": 9.0, "num_boost_round": 7.0}, "datetime": {"datetime": "2024-01-19 00:24:36", "elapsed": 784.68399, "delta": 0.001134}}
{"target": -13.75847770540664, "params": {"gamma": 28.97650394646667, "log10_alpha": -4.824575748758878, "log10_colsample_bytree": -0.48063180869590494, "log10_eta": -3.414864360499771, "log10_lambda": -1.770583633962449, "log10_min_child_weight": 3.471813469273436, "log10_subsample": -0.42012530527247327, "max_depth": 9.0, "num_boost_round": 8.0}, "datetime": {"datetime": "2024-01-19 00:24:36", "elapsed": 784.685062, "delta": 0.001072}}
{"target": -13.758478686671223, "params": {"gamma": 28.97650394646667, "log10_alpha": -4.824575748758878, "log10_colsample_bytree": -0.48063180869590494, "log10_eta": -3.414864360499771, "log10_lambda": -1.770583633962449, "log10_min_child_weight": 3.471813469273436, "log10_subsample": -0.42012530527247327, "max_depth": 9.0, "num_boost_round": 9.0}, "datetime": {"datetime": "2024-01-19 00:24:36", "elapsed": 784.686157, "delta": 0.001095}}
{"target": -13.758467517670136, "params": {"gamma": 28.97650394646667, "log10_alpha": -4.824575748758878, "log10_colsample_bytree": -0.48063180869590494, "log10_eta": -3.414864360499771, "log10_lambda": -1.770583633962449, "log10_min_child_weight": 3.471813469273436, "log10_subsample": -0.42012530527247327, "max_depth": 9.0, "num_boost_round": 10.0}, "datetime": {"datetime": "2024-01-19 00:24:36", "elapsed": 784.687246, "delta": 0.001089}}
{"target": -13.758593711297271, "params": {"gamma": 27.05635403435458, "log10_alpha": -4.470810372496655, "log10_colsample_bytree": -0.16206720291147403, "log10_eta": -2.6581299914041, "log10_lambda": -0.7994832331595525, "log10_min_child_weight": 3.1826949851458397, "log10_subsample": -0.3283145624037036, "max_depth": 8.0, "num_boost_round": 0.0}, "datetime": {"datetime": "2024-01-19 00:24:58", "elapsed": 806.759031, "delta": 22.071785}}
{"target": -13.758603196708217, "params": {"gamma": 27.05635403435458, "log10_alpha": -4.470810372496655, "log10_colsample_bytree": -0.16206720291147403, "log10_eta": -2.6581299914041, "log10_lambda": -0.7994832331595525, "log10_min_child_weight": 3.1826949851458397, "log10_subsample": -0.3283145624037036, "max_depth": 8.0, "num_boost_round": 1.0}, "datetime": {"datetime": "2024-01-19 00:24:58", "elapsed": 806.76028, "delta": 0.001249}}
{"target": -13.758578857974092, "params": {"gamma": 27.05635403435458, "log10_alpha": -4.470810372496655, "log10_colsample_bytree": -0.16206720291147403, "log10_eta": -2.6581299914041, "log10_lambda": -0.7994832331595525, "log10_min_child_weight": 3.1826949851458397, "log10_subsample": -0.3283145624037036, "max_depth": 8.0, "num_boost_round": 2.0}, "datetime": {"datetime": "2024-01-19 00:24:58", "elapsed": 806.761832, "delta": 0.001552}}
{"target": -13.758549281482647, "params": {"gamma": 27.05635403435458, "log10_alpha": -4.470810372496655, "log10_colsample_bytree": -0.16206720291147403, "log10_eta": -2.6581299914041, "log10_lambda": -0.7994832331595525, "log10_min_child_weight": 3.1826949851458397, "log10_subsample": -0.3283145624037036, "max_depth": 8.0, "num_boost_round": 3.0}, "datetime": {"datetime": "2024-01-19 00:24:58", "elapsed": 806.762922, "delta": 0.00109}}
{"target": -13.758493882470525, "params": {"gamma": 27.05635403435458, "log10_alpha": -4.470810372496655, "log10_colsample_bytree": -0.16206720291147403, "log10_eta": -2.6581299914041, "log10_lambda": -0.7994832331595525, "log10_min_child_weight": 3.1826949851458397, "log10_subsample": -0.3283145624037036, "max_depth": 8.0, "num_boost_round": 4.0}, "datetime": {"datetime": "2024-01-19 00:24:58", "elapsed": 806.764118, "delta": 0.001196}}
{"target": -13.758413551873927, "params": {"gamma": 27.05635403435458, "log10_alpha": -4.470810372496655, "log10_colsample_bytree": -0.16206720291147403, "log10_eta": -2.6581299914041, "log10_lambda": -0.7994832331595525, "log10_min_child_weight": 3.1826949851458397, "log10_subsample": -0.3283145624037036, "max_depth": 8.0, "num_boost_round": 5.0}, "datetime": {"datetime": "2024-01-19 00:24:58", "elapsed": 806.765188, "delta": 0.00107}}
{"target": -13.75838609796446, "params": {"gamma": 27.05635403435458, "log10_alpha": -4.470810372496655, "log10_colsample_bytree": -0.16206720291147403, "log10_eta": -2.6581299914041, "log10_lambda": -0.7994832331595525, "log10_min_child_weight": 3.1826949851458397, "log10_subsample": -0.3283145624037036, "max_depth": 8.0, "num_boost_round": 6.0}, "datetime": {"datetime": "2024-01-19 00:24:58", "elapsed": 806.766257, "delta": 0.001069}}
{"target": -13.75840673875444, "params": {"gamma": 27.05635403435458, "log10_alpha": -4.470810372496655, "log10_colsample_bytree": -0.16206720291147403, "log10_eta": -2.6581299914041, "log10_lambda": -0.7994832331595525, "log10_min_child_weight": 3.1826949851458397, "log10_subsample": -0.3283145624037036, "max_depth": 8.0, "num_boost_round": 7.0}, "datetime": {"datetime": "2024-01-19 00:24:58", "elapsed": 806.767333, "delta": 0.001076}}
{"target": -13.758464916797267, "params": {"gamma": 27.05635403435458, "log10_alpha": -4.470810372496655, "log10_colsample_bytree": -0.16206720291147403, "log10_eta": -2.6581299914041, "log10_lambda": -0.7994832331595525, "log10_min_child_weight": 3.1826949851458397, "log10_subsample": -0.3283145624037036, "max_depth": 8.0, "num_boost_round": 8.0}, "datetime": {"datetime": "2024-01-19 00:24:58", "elapsed": 806.768584, "delta": 0.001251}}
{"target": -13.75840884191866, "params": {"gamma": 27.05635403435458, "log10_alpha": -4.470810372496655, "log10_colsample_bytree": -0.16206720291147403, "log10_eta": -2.6581299914041, "log10_lambda": -0.7994832331595525, "log10_min_child_weight": 3.1826949851458397, "log10_subsample": -0.3283145624037036, "max_depth": 8.0, "num_boost_round": 9.0}, "datetime": {"datetime": "2024-01-19 00:24:58", "elapsed": 806.769648, "delta": 0.001064}}
{"target": -13.758378393417857, "params": {"gamma": 27.05635403435458, "log10_alpha": -4.470810372496655, "log10_colsample_bytree": -0.16206720291147403, "log10_eta": -2.6581299914041, "log10_lambda": -0.7994832331595525, "log10_min_child_weight": 3.1826949851458397, "log10_subsample": -0.3283145624037036, "max_depth": 8.0, "num_boost_round": 10.0}, "datetime": {"datetime": "2024-01-19 00:24:58", "elapsed": 806.770727, "delta": 0.001079}}
{"target": -13.758349831012609, "params": {"gamma": 27.05635403435458, "log10_alpha": -4.470810372496655, "log10_colsample_bytree": -0.16206720291147403, "log10_eta": -2.6581299914041, "log10_lambda": -0.7994832331595525, "log10_min_child_weight": 3.1826949851458397, "log10_subsample": -0.3283145624037036, "max_depth": 8.0, "num_boost_round": 11.0}, "datetime": {"datetime": "2024-01-19 00:24:58", "elapsed": 806.771929, "delta": 0.001202}}
{"target": -13.758381504456855, "params": {"gamma": 27.05635403435458, "log10_alpha": -4.470810372496655, "log10_colsample_bytree": -0.16206720291147403, "log10_eta": -2.6581299914041, "log10_lambda": -0.7994832331595525, "log10_min_child_weight": 3.1826949851458397, "log10_subsample": -0.3283145624037036, "max_depth": 8.0, "num_boost_round": 12.0}, "datetime": {"datetime": "2024-01-19 00:24:58", "elapsed": 806.773018, "delta": 0.001089}}
{"target": -13.758446516037491, "params": {"gamma": 27.05635403435458, "log10_alpha": -4.470810372496655, "log10_colsample_bytree": -0.16206720291147403, "log10_eta": -2.6581299914041, "log10_lambda": -0.7994832331595525, "log10_min_child_weight": 3.1826949851458397, "log10_subsample": -0.3283145624037036, "max_depth": 8.0, "num_boost_round": 13.0}, "datetime": {"datetime": "2024-01-19 00:24:58", "elapsed": 806.774101, "delta": 0.001083}}
{"target": -13.758453023571166, "params": {"gamma": 27.05635403435458, "log10_alpha": -4.470810372496655, "log10_colsample_bytree": -0.16206720291147403, "log10_eta": -2.6581299914041, "log10_lambda": -0.7994832331595525, "log10_min_child_weight": 3.1826949851458397, "log10_subsample": -0.3283145624037036, "max_depth": 8.0, "num_boost_round": 14.0}, "datetime": {"datetime": "2024-01-19 00:24:58", "elapsed": 806.775178, "delta": 0.001077}}
{"target": -13.75851458520392, "params": {"gamma": 27.05635403435458, "log10_alpha": -4.470810372496655, "log10_colsample_bytree": -0.16206720291147403, "log10_eta": -2.6581299914041, "log10_lambda": -0.7994832331595525, "log10_min_child_weight": 3.1826949851458397, "log10_subsample": -0.3283145624037036, "max_depth": 8.0, "num_boost_round": 15.0}, "datetime": {"datetime": "2024-01-19 00:24:58", "elapsed": 806.776323, "delta": 0.001145}}
{"target": -13.758479096859872, "params": {"gamma": 27.05635403435458, "log10_alpha": -4.470810372496655, "log10_colsample_bytree": -0.16206720291147403, "log10_eta": -2.6581299914041, "log10_lambda": -0.7994832331595525, "log10_min_child_weight": 3.1826949851458397, "log10_subsample": -0.3283145624037036, "max_depth": 8.0, "num_boost_round": 16.0}, "datetime": {"datetime": "2024-01-19 00:24:58", "elapsed": 806.777768, "delta": 0.001445}}
{"target": -13.758537021752378, "params": {"gamma": 5.605857914361079, "log10_alpha": -4.347261898278845, "log10_colsample_bytree": -0.6387342179735498, "log10_eta": -3.8994959392503166, "log10_lambda": -3.9865816079661416, "log10_min_child_weight": 1.9097922353273495, "log10_subsample": -0.5331956714192098, "max_depth": 2.0, "num_boost_round": 0.0}, "datetime": {"datetime": "2024-01-19 00:25:19", "elapsed": 828.071562, "delta": 21.293794}}
{"target": -13.758535997449112, "params": {"gamma": 5.605857914361079, "log10_alpha": -4.347261898278845, "log10_colsample_bytree": -0.6387342179735498, "log10_eta": -3.8994959392503166, "log10_lambda": -3.9865816079661416, "log10_min_child_weight": 1.9097922353273495, "log10_subsample": -0.5331956714192098, "max_depth": 2.0, "num_boost_round": 1.0}, "datetime": {"datetime": "2024-01-19 00:25:19", "elapsed": 828.073094, "delta": 0.001532}}
{"target": -13.758536792299529, "params": {"gamma": 5.605857914361079, "log10_alpha": -4.347261898278845, "log10_colsample_bytree": -0.6387342179735498, "log10_eta": -3.8994959392503166, "log10_lambda": -3.9865816079661416, "log10_min_child_weight": 1.9097922353273495, "log10_subsample": -0.5331956714192098, "max_depth": 2.0, "num_boost_round": 2.0}, "datetime": {"datetime": "2024-01-19 00:25:19", "elapsed": 828.074372, "delta": 0.001278}}
{"target": -13.758536546391621, "params": {"gamma": 5.605857914361079, "log10_alpha": -4.347261898278845, "log10_colsample_bytree": -0.6387342179735498, "log10_eta": -3.8994959392503166, "log10_lambda": -3.9865816079661416, "log10_min_child_weight": 1.9097922353273495, "log10_subsample": -0.5331956714192098, "max_depth": 2.0, "num_boost_round": 3.0}, "datetime": {"datetime": "2024-01-19 00:25:19", "elapsed": 828.075855, "delta": 0.001483}}
{"target": -13.758536373479531, "params": {"gamma": 5.605857914361079, "log10_alpha": -4.347261898278845, "log10_colsample_bytree": -0.6387342179735498, "log10_eta": -3.8994959392503166, "log10_lambda": -3.9865816079661416, "log10_min_child_weight": 1.9097922353273495, "log10_subsample": -0.5331956714192098, "max_depth": 2.0, "num_boost_round": 4.0}, "datetime": {"datetime": "2024-01-19 00:25:19", "elapsed": 828.07709, "delta": 0.001235}}
{"target": -13.758536152826542, "params": {"gamma": 5.605857914361079, "log10_alpha": -4.347261898278845, "log10_colsample_bytree": -0.6387342179735498, "log10_eta": -3.8994959392503166, "log10_lambda": -3.9865816079661416, "log10_min_child_weight": 1.9097922353273495, "log10_subsample": -0.5331956714192098, "max_depth": 2.0, "num_boost_round": 5.0}, "datetime": {"datetime": "2024-01-19 00:25:19", "elapsed": 828.078398, "delta": 0.001308}}
{"target": -13.75853491340831, "params": {"gamma": 5.605857914361079, "log10_alpha": -4.347261898278845, "log10_colsample_bytree": -0.6387342179735498, "log10_eta": -3.8994959392503166, "log10_lambda": -3.9865816079661416, "log10_min_child_weight": 1.9097922353273495, "log10_subsample": -0.5331956714192098, "max_depth": 2.0, "num_boost_round": 6.0}, "datetime": {"datetime": "2024-01-19 00:25:19", "elapsed": 828.079534, "delta": 0.001136}}
{"target": -13.758533798128184, "params": {"gamma": 5.605857914361079, "log10_alpha": -4.347261898278845, "log10_colsample_bytree": -0.6387342179735498, "log10_eta": -3.8994959392503166, "log10_lambda": -3.9865816079661416, "log10_min_child_weight": 1.9097922353273495, "log10_subsample": -0.5331956714192098, "max_depth": 2.0, "num_boost_round": 7.0}, "datetime": {"datetime": "2024-01-19 00:25:19", "elapsed": 828.080641, "delta": 0.001107}}
{"target": -13.758533101055843, "params": {"gamma": 5.605857914361079, "log10_alpha": -4.347261898278845, "log10_colsample_bytree": -0.6387342179735498, "log10_eta": -3.8994959392503166, "log10_lambda": -3.9865816079661416, "log10_min_child_weight": 1.9097922353273495, "log10_subsample": -0.5331956714192098, "max_depth": 2.0, "num_boost_round": 8.0}, "datetime": {"datetime": "2024-01-19 00:25:19", "elapsed": 828.081758, "delta": 0.001117}}
{"target": -13.758532028097294, "params": {"gamma": 5.605857914361079, "log10_alpha": -4.347261898278845, "log10_colsample_bytree": -0.6387342179735498, "log10_eta": -3.8994959392503166, "log10_lambda": -3.9865816079661416, "log10_min_child_weight": 1.9097922353273495, "log10_subsample": -0.5331956714192098, "max_depth": 2.0, "num_boost_round": 9.0}, "datetime": {"datetime": "2024-01-19 00:25:19", "elapsed": 828.082873, "delta": 0.001115}}
{"target": -13.758531158761123, "params": {"gamma": 5.605857914361079, "log10_alpha": -4.347261898278845, "log10_colsample_bytree": -0.6387342179735498, "log10_eta": -3.8994959392503166, "log10_lambda": -3.9865816079661416, "log10_min_child_weight": 1.9097922353273495, "log10_subsample": -0.5331956714192098, "max_depth": 2.0, "num_boost_round": 10.0}, "datetime": {"datetime": "2024-01-19 00:25:19", "elapsed": 828.084031, "delta": 0.001158}}
{"target": -13.758529857965387, "params": {"gamma": 5.605857914361079, "log10_alpha": -4.347261898278845, "log10_colsample_bytree": -0.6387342179735498, "log10_eta": -3.8994959392503166, "log10_lambda": -3.9865816079661416, "log10_min_child_weight": 1.9097922353273495, "log10_subsample": -0.5331956714192098, "max_depth": 2.0, "num_boost_round": 11.0}, "datetime": {"datetime": "2024-01-19 00:25:19", "elapsed": 828.085211, "delta": 0.00118}}
{"target": -13.758528626463605, "params": {"gamma": 5.605857914361079, "log10_alpha": -4.347261898278845, "log10_colsample_bytree": -0.6387342179735498, "log10_eta": -3.8994959392503166, "log10_lambda": -3.9865816079661416, "log10_min_child_weight": 1.9097922353273495, "log10_subsample": -0.5331956714192098, "max_depth": 2.0, "num_boost_round": 12.0}, "datetime": {"datetime": "2024-01-19 00:25:19", "elapsed": 828.086359, "delta": 0.001148}}
{"target": -13.758527354184178, "params": {"gamma": 5.605857914361079, "log10_alpha": -4.347261898278845, "log10_colsample_bytree": -0.6387342179735498, "log10_eta": -3.8994959392503166, "log10_lambda": -3.9865816079661416, "log10_min_child_weight": 1.9097922353273495, "log10_subsample": -0.5331956714192098, "max_depth": 2.0, "num_boost_round": 13.0}, "datetime": {"datetime": "2024-01-19 00:25:19", "elapsed": 828.087741, "delta": 0.001382}}
{"target": -13.75852662930671, "params": {"gamma": 5.605857914361079, "log10_alpha": -4.347261898278845, "log10_colsample_bytree": -0.6387342179735498, "log10_eta": -3.8994959392503166, "log10_lambda": -3.9865816079661416, "log10_min_child_weight": 1.9097922353273495, "log10_subsample": -0.5331956714192098, "max_depth": 2.0, "num_boost_round": 14.0}, "datetime": {"datetime": "2024-01-19 00:25:19", "elapsed": 828.088911, "delta": 0.00117}}
{"target": -13.758524139678217, "params": {"gamma": 5.605857914361079, "log10_alpha": -4.347261898278845, "log10_colsample_bytree": -0.6387342179735498, "log10_eta": -3.8994959392503166, "log10_lambda": -3.9865816079661416, "log10_min_child_weight": 1.9097922353273495, "log10_subsample": -0.5331956714192098, "max_depth": 2.0, "num_boost_round": 15.0}, "datetime": {"datetime": "2024-01-19 00:25:19", "elapsed": 828.0901, "delta": 0.001189}}
{"target": -13.758522364007089, "params": {"gamma": 5.605857914361079, "log10_alpha": -4.347261898278845, "log10_colsample_bytree": -0.6387342179735498, "log10_eta": -3.8994959392503166, "log10_lambda": -3.9865816079661416, "log10_min_child_weight": 1.9097922353273495, "log10_subsample": -0.5331956714192098, "max_depth": 2.0, "num_boost_round": 16.0}, "datetime": {"datetime": "2024-01-19 00:25:19", "elapsed": 828.091333, "delta": 0.001233}}
{"target": -13.758519866722905, "params": {"gamma": 5.605857914361079, "log10_alpha": -4.347261898278845, "log10_colsample_bytree": -0.6387342179735498, "log10_eta": -3.8994959392503166, "log10_lambda": -3.9865816079661416, "log10_min_child_weight": 1.9097922353273495, "log10_subsample": -0.5331956714192098, "max_depth": 2.0, "num_boost_round": 17.0}, "datetime": {"datetime": "2024-01-19 00:25:19", "elapsed": 828.092522, "delta": 0.001189}}
{"target": -13.758520853707894, "params": {"gamma": 5.605857914361079, "log10_alpha": -4.347261898278845, "log10_colsample_bytree": -0.6387342179735498, "log10_eta": -3.8994959392503166, "log10_lambda": -3.9865816079661416, "log10_min_child_weight": 1.9097922353273495, "log10_subsample": -0.5331956714192098, "max_depth": 2.0, "num_boost_round": 18.0}, "datetime": {"datetime": "2024-01-19 00:25:19", "elapsed": 828.093853, "delta": 0.001331}}
{"target": -13.758519235388578, "params": {"gamma": 5.605857914361079, "log10_alpha": -4.347261898278845, "log10_colsample_bytree": -0.6387342179735498, "log10_eta": -3.8994959392503166, "log10_lambda": -3.9865816079661416, "log10_min_child_weight": 1.9097922353273495, "log10_subsample": -0.5331956714192098, "max_depth": 2.0, "num_boost_round": 19.0}, "datetime": {"datetime": "2024-01-19 00:25:19", "elapsed": 828.09502, "delta": 0.001167}}
{"target": -13.758519027584123, "params": {"gamma": 5.605857914361079, "log10_alpha": -4.347261898278845, "log10_colsample_bytree": -0.6387342179735498, "log10_eta": -3.8994959392503166, "log10_lambda": -3.9865816079661416, "log10_min_child_weight": 1.9097922353273495, "log10_subsample": -0.5331956714192098, "max_depth": 2.0, "num_boost_round": 20.0}, "datetime": {"datetime": "2024-01-19 00:25:19", "elapsed": 828.096191, "delta": 0.001171}}
{"target": -13.758517495212878, "params": {"gamma": 5.605857914361079, "log10_alpha": -4.347261898278845, "log10_colsample_bytree": -0.6387342179735498, "log10_eta": -3.8994959392503166, "log10_lambda": -3.9865816079661416, "log10_min_child_weight": 1.9097922353273495, "log10_subsample": -0.5331956714192098, "max_depth": 2.0, "num_boost_round": 21.0}, "datetime": {"datetime": "2024-01-19 00:25:19", "elapsed": 828.097342, "delta": 0.001151}}
{"target": -13.758530547872915, "params": {"gamma": 0.035210753730918753, "log10_alpha": -3.8361861151306607, "log10_colsample_bytree": -0.06720519277066017, "log10_eta": -2.7927139213874863, "log10_lambda": -3.101066526064959, "log10_min_child_weight": 2.7089663795530265, "log10_subsample": -0.13303797701183473, "max_depth": 6.0, "num_boost_round": 0.0}, "datetime": {"datetime": "2024-01-19 00:25:39", "elapsed": 847.606637, "delta": 19.509295}}
{"target": -13.75853722594491, "params": {"gamma": 0.035210753730918753, "log10_alpha": -3.8361861151306607, "log10_colsample_bytree": -0.06720519277066017, "log10_eta": -2.7927139213874863, "log10_lambda": -3.101066526064959, "log10_min_child_weight": 2.7089663795530265, "log10_subsample": -0.13303797701183473, "max_depth": 6.0, "num_boost_round": 1.0}, "datetime": {"datetime": "2024-01-19 00:25:39", "elapsed": 847.60866, "delta": 0.002023}}
