{"target": -17.696616011465245, "params": {"gamma": 450.3017278835949, "log10_alpha": -4.994158750794975, "log10_colsample_bytree": -0.07003195196173506, "log10_eta": -1.1351367642773438, "log10_lambda": -0.10629112995006817, "log10_min_child_weight": 4.439529425574641, "log10_subsample": -0.5963624725827712, "max_depth": 2.0, "num_boost_round": 122.0}, "datetime": {"datetime": "2024-01-19 00:21:57", "elapsed": 622.21269, "delta": 0.000978}}
{"target": -17.696898242459874, "params": {"gamma": 450.3017278835949, "log10_alpha": -4.994158750794975, "log10_colsample_bytree": -0.07003195196173506, "log10_eta": -1.1351367642773438, "log10_lambda": -0.10629112995006817, "log10_min_child_weight": 4.439529425574641, "log10_subsample": -0.5963624725827712, "max_depth": 2.0, "num_boost_round": 123.0}, "datetime": {"datetime": "2024-01-19 00:21:57", "elapsed": 622.213615, "delta": 0.000925}}
{"target": -17.696723500420976, "params": {"gamma": 450.3017278835949, "log10_alpha": -4.994158750794975, "log10_colsample_bytree": -0.07003195196173506, "log10_eta": -1.1351367642773438, "log10_lambda": -0.10629112995006817, "log10_min_child_weight": 4.439529425574641, "log10_subsample": -0.5963624725827712, "max_depth": 2.0, "num_boost_round": 124.0}, "datetime": {"datetime": "2024-01-19 00:21:57", "elapsed": 622.214561, "delta": 0.000946}}
{"target": -17.696747818372348, "params": {"gamma": 450.3017278835949, "log10_alpha": -4.994158750794975, "log10_colsample_bytree": -0.07003195196173506, "log10_eta": -1.1351367642773438, "log10_lambda": -0.10629112995006817, "log10_min_child_weight": 4.439529425574641, "log10_subsample": -0.5963624725827712, "max_depth": 2.0, "num_boost_round": 125.0}, "datetime": {"datetime": "2024-01-19 00:21:57", "elapsed": 622.215411, "delta": 0.00085}}
{"target": -17.696805101816555, "params": {"gamma": 450.3017278835949, "log10_alpha": -4.994158750794975, "log10_colsample_bytree": -0.07003195196173506, "log10_eta": -1.1351367642773438, "log10_lambda": -0.10629112995006817, "log10_min_child_weight": 4.439529425574641, "log10_subsample": -0.5963624725827712, "max_depth": 2.0, "num_boost_round": 126.0}, "datetime": {"datetime": "2024-01-19 00:21:57", "elapsed": 622.21626, "delta": 0.000849}}
{"target": -17.696744196390537, "params": {"gamma": 450.3017278835949, "log10_alpha": -4.994158750794975, "log10_colsample_bytree": -0.07003195196173506, "log10_eta": -1.1351367642773438, "log10_lambda": -0.10629112995006817, "log10_min_child_weight": 4.439529425574641, "log10_subsample": -0.5963624725827712, "max_depth": 2.0, "num_boost_round": 127.0}, "datetime": {"datetime": "2024-01-19 00:21:57", "elapsed": 622.217108, "delta": 0.000848}}
{"target": -17.69685708391583, "params": {"gamma": 450.3017278835949, "log10_alpha": -4.994158750794975, "log10_colsample_bytree": -0.07003195196173506, "log10_eta": -1.1351367642773438, "log10_lambda": -0.10629112995006817, "log10_min_child_weight": 4.439529425574641, "log10_subsample": -0.5963624725827712, "max_depth": 2.0, "num_boost_round": 128.0}, "datetime": {"datetime": "2024-01-19 00:21:57", "elapsed": 622.217966, "delta": 0.000858}}
{"target": -17.696988254193297, "params": {"gamma": 450.3017278835949, "log10_alpha": -4.994158750794975, "log10_colsample_bytree": -0.07003195196173506, "log10_eta": -1.1351367642773438, "log10_lambda": -0.10629112995006817, "log10_min_child_weight": 4.439529425574641, "log10_subsample": -0.5963624725827712, "max_depth": 2.0, "num_boost_round": 129.0}, "datetime": {"datetime": "2024-01-19 00:21:57", "elapsed": 622.218905, "delta": 0.000939}}
{"target": -17.697306646279685, "params": {"gamma": 450.3017278835949, "log10_alpha": -4.994158750794975, "log10_colsample_bytree": -0.07003195196173506, "log10_eta": -1.1351367642773438, "log10_lambda": -0.10629112995006817, "log10_min_child_weight": 4.439529425574641, "log10_subsample": -0.5963624725827712, "max_depth": 2.0, "num_boost_round": 130.0}, "datetime": {"datetime": "2024-01-19 00:21:57", "elapsed": 622.219809, "delta": 0.000904}}
{"target": -17.69744498455857, "params": {"gamma": 450.3017278835949, "log10_alpha": -4.994158750794975, "log10_colsample_bytree": -0.07003195196173506, "log10_eta": -1.1351367642773438, "log10_lambda": -0.10629112995006817, "log10_min_child_weight": 4.439529425574641, "log10_subsample": -0.5963624725827712, "max_depth": 2.0, "num_boost_round": 131.0}, "datetime": {"datetime": "2024-01-19 00:21:57", "elapsed": 622.220732, "delta": 0.000923}}
{"target": -17.69736023617355, "params": {"gamma": 450.3017278835949, "log10_alpha": -4.994158750794975, "log10_colsample_bytree": -0.07003195196173506, "log10_eta": -1.1351367642773438, "log10_lambda": -0.10629112995006817, "log10_min_child_weight": 4.439529425574641, "log10_subsample": -0.5963624725827712, "max_depth": 2.0, "num_boost_round": 132.0}, "datetime": {"datetime": "2024-01-19 00:21:57", "elapsed": 622.22164, "delta": 0.000908}}
{"target": -17.697513049371594, "params": {"gamma": 450.3017278835949, "log10_alpha": -4.994158750794975, "log10_colsample_bytree": -0.07003195196173506, "log10_eta": -1.1351367642773438, "log10_lambda": -0.10629112995006817, "log10_min_child_weight": 4.439529425574641, "log10_subsample": -0.5963624725827712, "max_depth": 2.0, "num_boost_round": 133.0}, "datetime": {"datetime": "2024-01-19 00:21:57", "elapsed": 622.22256, "delta": 0.00092}}
{"target": -17.698087723060898, "params": {"gamma": 450.3017278835949, "log10_alpha": -4.994158750794975, "log10_colsample_bytree": -0.07003195196173506, "log10_eta": -1.1351367642773438, "log10_lambda": -0.10629112995006817, "log10_min_child_weight": 4.439529425574641, "log10_subsample": -0.5963624725827712, "max_depth": 2.0, "num_boost_round": 134.0}, "datetime": {"datetime": "2024-01-19 00:21:57", "elapsed": 622.223473, "delta": 0.000913}}
{"target": -17.698114311015676, "params": {"gamma": 450.3017278835949, "log10_alpha": -4.994158750794975, "log10_colsample_bytree": -0.07003195196173506, "log10_eta": -1.1351367642773438, "log10_lambda": -0.10629112995006817, "log10_min_child_weight": 4.439529425574641, "log10_subsample": -0.5963624725827712, "max_depth": 2.0, "num_boost_round": 135.0}, "datetime": {"datetime": "2024-01-19 00:21:57", "elapsed": 622.224397, "delta": 0.000924}}
{"target": -17.698354390775023, "params": {"gamma": 450.3017278835949, "log10_alpha": -4.994158750794975, "log10_colsample_bytree": -0.07003195196173506, "log10_eta": -1.1351367642773438, "log10_lambda": -0.10629112995006817, "log10_min_child_weight": 4.439529425574641, "log10_subsample": -0.5963624725827712, "max_depth": 2.0, "num_boost_round": 136.0}, "datetime": {"datetime": "2024-01-19 00:21:57", "elapsed": 622.225313, "delta": 0.000916}}
{"target": -17.698661273742673, "params": {"gamma": 450.3017278835949, "log10_alpha": -4.994158750794975, "log10_colsample_bytree": -0.07003195196173506, "log10_eta": -1.1351367642773438, "log10_lambda": -0.10629112995006817, "log10_min_child_weight": 4.439529425574641, "log10_subsample": -0.5963624725827712, "max_depth": 2.0, "num_boost_round": 137.0}, "datetime": {"datetime": "2024-01-19 00:21:57", "elapsed": 622.226227, "delta": 0.000914}}
{"target": -17.69865609980887, "params": {"gamma": 450.3017278835949, "log10_alpha": -4.994158750794975, "log10_colsample_bytree": -0.07003195196173506, "log10_eta": -1.1351367642773438, "log10_lambda": -0.10629112995006817, "log10_min_child_weight": 4.439529425574641, "log10_subsample": -0.5963624725827712, "max_depth": 2.0, "num_boost_round": 138.0}, "datetime": {"datetime": "2024-01-19 00:21:57", "elapsed": 622.227133, "delta": 0.000906}}
{"target": -17.698726371253482, "params": {"gamma": 450.3017278835949, "log10_alpha": -4.994158750794975, "log10_colsample_bytree": -0.07003195196173506, "log10_eta": -1.1351367642773438, "log10_lambda": -0.10629112995006817, "log10_min_child_weight": 4.439529425574641, "log10_subsample": -0.5963624725827712, "max_depth": 2.0, "num_boost_round": 139.0}, "datetime": {"datetime": "2024-01-19 00:21:57", "elapsed": 622.228044, "delta": 0.000911}}
{"target": -17.698522056525825, "params": {"gamma": 450.3017278835949, "log10_alpha": -4.994158750794975, "log10_colsample_bytree": -0.07003195196173506, "log10_eta": -1.1351367642773438, "log10_lambda": -0.10629112995006817, "log10_min_child_weight": 4.439529425574641, "log10_subsample": -0.5963624725827712, "max_depth": 2.0, "num_boost_round": 140.0}, "datetime": {"datetime": "2024-01-19 00:21:57", "elapsed": 622.228968, "delta": 0.000924}}
{"target": -17.69844585150435, "params": {"gamma": 450.3017278835949, "log10_alpha": -4.994158750794975, "log10_colsample_bytree": -0.07003195196173506, "log10_eta": -1.1351367642773438, "log10_lambda": -0.10629112995006817, "log10_min_child_weight": 4.439529425574641, "log10_subsample": -0.5963624725827712, "max_depth": 2.0, "num_boost_round": 141.0}, "datetime": {"datetime": "2024-01-19 00:21:57", "elapsed": 622.229902, "delta": 0.000934}}
{"target": -17.698702022659035, "params": {"gamma": 450.3017278835949, "log10_alpha": -4.994158750794975, "log10_colsample_bytree": -0.07003195196173506, "log10_eta": -1.1351367642773438, "log10_lambda": -0.10629112995006817, "log10_min_child_weight": 4.439529425574641, "log10_subsample": -0.5963624725827712, "max_depth": 2.0, "num_boost_round": 142.0}, "datetime": {"datetime": "2024-01-19 00:21:57", "elapsed": 622.230859, "delta": 0.000957}}
{"target": -17.698686126636744, "params": {"gamma": 450.3017278835949, "log10_alpha": -4.994158750794975, "log10_colsample_bytree": -0.07003195196173506, "log10_eta": -1.1351367642773438, "log10_lambda": -0.10629112995006817, "log10_min_child_weight": 4.439529425574641, "log10_subsample": -0.5963624725827712, "max_depth": 2.0, "num_boost_round": 143.0}, "datetime": {"datetime": "2024-01-19 00:21:57", "elapsed": 622.231781, "delta": 0.000922}}
{"target": -17.698040283657082, "params": {"gamma": 450.3017278835949, "log10_alpha": -4.994158750794975, "log10_colsample_bytree": -0.07003195196173506, "log10_eta": -1.1351367642773438, "log10_lambda": -0.10629112995006817, "log10_min_child_weight": 4.439529425574641, "log10_subsample": -0.5963624725827712, "max_depth": 2.0, "num_boost_round": 144.0}, "datetime": {"datetime": "2024-01-19 00:21:57", "elapsed": 622.232714, "delta": 0.000933}}
{"target": -17.69838468213427, "params": {"gamma": 450.3017278835949, "log10_alpha": -4.994158750794975, "log10_colsample_bytree": -0.07003195196173506, "log10_eta": -1.1351367642773438, "log10_lambda": -0.10629112995006817, "log10_min_child_weight": 4.439529425574641, "log10_subsample": -0.5963624725827712, "max_depth": 2.0, "num_boost_round": 145.0}, "datetime": {"datetime": "2024-01-19 00:21:57", "elapsed": 622.233653, "delta": 0.000939}}
{"target": -17.677199321279158, "params": {"gamma": 452.26419738317844, "log10_alpha": -0.5277299739879622, "log10_colsample_bytree": -0.5061313548760715, "log10_eta": -3.1765228224022573, "log10_lambda": -1.1198342985565666, "log10_min_child_weight": 1.8822240159567516, "log10_subsample": -0.3434279873591799, "max_depth": 5.0, "num_boost_round": 0.0}, "datetime": {"datetime": "2024-01-19 00:22:18", "elapsed": 642.793069, "delta": 20.559416}}
{"target": -17.677210418814933, "params": {"gamma": 452.26419738317844, "log10_alpha": -0.5277299739879622, "log10_colsample_bytree": -0.5061313548760715, "log10_eta": -3.1765228224022573, "log10_lambda": -1.1198342985565666, "log10_min_child_weight": 1.8822240159567516, "log10_subsample": -0.3434279873591799, "max_depth": 5.0, "num_boost_round": 1.0}, "datetime": {"datetime": "2024-01-19 00:22:18", "elapsed": 642.794088, "delta": 0.001019}}
{"target": -17.677179874103633, "params": {"gamma": 452.26419738317844, "log10_alpha": -0.5277299739879622, "log10_colsample_bytree": -0.5061313548760715, "log10_eta": -3.1765228224022573, "log10_lambda": -1.1198342985565666, "log10_min_child_weight": 1.8822240159567516, "log10_subsample": -0.3434279873591799, "max_depth": 5.0, "num_boost_round": 2.0}, "datetime": {"datetime": "2024-01-19 00:22:18", "elapsed": 642.795439, "delta": 0.001351}}
{"target": -17.677176463397025, "params": {"gamma": 452.26419738317844, "log10_alpha": -0.5277299739879622, "log10_colsample_bytree": -0.5061313548760715, "log10_eta": -3.1765228224022573, "log10_lambda": -1.1198342985565666, "log10_min_child_weight": 1.8822240159567516, "log10_subsample": -0.3434279873591799, "max_depth": 5.0, "num_boost_round": 3.0}, "datetime": {"datetime": "2024-01-19 00:22:18", "elapsed": 642.796563, "delta": 0.001124}}
{"target": -17.677159986687112, "params": {"gamma": 452.26419738317844, "log10_alpha": -0.5277299739879622, "log10_colsample_bytree": -0.5061313548760715, "log10_eta": -3.1765228224022573, "log10_lambda": -1.1198342985565666, "log10_min_child_weight": 1.8822240159567516, "log10_subsample": -0.3434279873591799, "max_depth": 5.0, "num_boost_round": 4.0}, "datetime": {"datetime": "2024-01-19 00:22:18", "elapsed": 642.797452, "delta": 0.000889}}
{"target": -17.677128209071522, "params": {"gamma": 452.26419738317844, "log10_alpha": -0.5277299739879622, "log10_colsample_bytree": -0.5061313548760715, "log10_eta": -3.1765228224022573, "log10_lambda": -1.1198342985565666, "log10_min_child_weight": 1.8822240159567516, "log10_subsample": -0.3434279873591799, "max_depth": 5.0, "num_boost_round": 5.0}, "datetime": {"datetime": "2024-01-19 00:22:18", "elapsed": 642.798446, "delta": 0.000994}}
{"target": -17.677096657576243, "params": {"gamma": 452.26419738317844, "log10_alpha": -0.5277299739879622, "log10_colsample_bytree": -0.5061313548760715, "log10_eta": -3.1765228224022573, "log10_lambda": -1.1198342985565666, "log10_min_child_weight": 1.8822240159567516, "log10_subsample": -0.3434279873591799, "max_depth": 5.0, "num_boost_round": 6.0}, "datetime": {"datetime": "2024-01-19 00:22:18", "elapsed": 642.799338, "delta": 0.000892}}
{"target": -17.67709264361155, "params": {"gamma": 452.26419738317844, "log10_alpha": -0.5277299739879622, "log10_colsample_bytree": -0.5061313548760715, "log10_eta": -3.1765228224022573, "log10_lambda": -1.1198342985565666, "log10_min_child_weight": 1.8822240159567516, "log10_subsample": -0.3434279873591799, "max_depth": 5.0, "num_boost_round": 7.0}, "datetime": {"datetime": "2024-01-19 00:22:18", "elapsed": 642.800224, "delta": 0.000886}}
{"target": -17.677072732967584, "params": {"gamma": 452.26419738317844, "log10_alpha": -0.5277299739879622, "log10_colsample_bytree": -0.5061313548760715, "log10_eta": -3.1765228224022573, "log10_lambda": -1.1198342985565666, "log10_min_child_weight": 1.8822240159567516, "log10_subsample": -0.3434279873591799, "max_depth": 5.0, "num_boost_round": 8.0}, "datetime": {"datetime": "2024-01-19 00:22:18", "elapsed": 642.801369, "delta": 0.001145}}
{"target": -17.677006752329685, "params": {"gamma": 452.26419738317844, "log10_alpha": -0.5277299739879622, "log10_colsample_bytree": -0.5061313548760715, "log10_eta": -3.1765228224022573, "log10_lambda": -1.1198342985565666, "log10_min_child_weight": 1.8822240159567516, "log10_subsample": -0.3434279873591799, "max_depth": 5.0, "num_boost_round": 9.0}, "datetime": {"datetime": "2024-01-19 00:22:18", "elapsed": 642.802288, "delta": 0.000919}}
{"target": -17.677024286428246, "params": {"gamma": 445.6523332990303, "log10_alpha": -0.2881474387062166, "log10_colsample_bytree": -0.27971100243543234, "log10_eta": -2.3150761515872653, "log10_lambda": -0.8255777338412749, "log10_min_child_weight": 1.1574999072665721, "log10_subsample": -0.9373991839768936, "max_depth": 5.0, "num_boost_round": 0.0}, "datetime": {"datetime": "2024-01-19 00:22:39", "elapsed": 664.415733, "delta": 21.613445}}
{"target": -17.67678112632684, "params": {"gamma": 445.6523332990303, "log10_alpha": -0.2881474387062166, "log10_colsample_bytree": -0.27971100243543234, "log10_eta": -2.3150761515872653, "log10_lambda": -0.8255777338412749, "log10_min_child_weight": 1.1574999072665721, "log10_subsample": -0.9373991839768936, "max_depth": 5.0, "num_boost_round": 1.0}, "datetime": {"datetime": "2024-01-19 00:22:39", "elapsed": 664.416776, "delta": 0.001043}}
{"target": -17.676295309622727, "params": {"gamma": 445.6523332990303, "log10_alpha": -0.2881474387062166, "log10_colsample_bytree": -0.27971100243543234, "log10_eta": -2.3150761515872653, "log10_lambda": -0.8255777338412749, "log10_min_child_weight": 1.1574999072665721, "log10_subsample": -0.9373991839768936, "max_depth": 5.0, "num_boost_round": 2.0}, "datetime": {"datetime": "2024-01-19 00:22:39", "elapsed": 664.41788, "delta": 0.001104}}
{"target": -17.67627222120751, "params": {"gamma": 445.6523332990303, "log10_alpha": -0.2881474387062166, "log10_colsample_bytree": -0.27971100243543234, "log10_eta": -2.3150761515872653, "log10_lambda": -0.8255777338412749, "log10_min_child_weight": 1.1574999072665721, "log10_subsample": -0.9373991839768936, "max_depth": 5.0, "num_boost_round": 3.0}, "datetime": {"datetime": "2024-01-19 00:22:39", "elapsed": 664.418991, "delta": 0.001111}}
{"target": -17.675898224117738, "params": {"gamma": 445.6523332990303, "log10_alpha": -0.2881474387062166, "log10_colsample_bytree": -0.27971100243543234, "log10_eta": -2.3150761515872653, "log10_lambda": -0.8255777338412749, "log10_min_child_weight": 1.1574999072665721, "log10_subsample": -0.9373991839768936, "max_depth": 5.0, "num_boost_round": 4.0}, "datetime": {"datetime": "2024-01-19 00:22:39", "elapsed": 664.420116, "delta": 0.001125}}
{"target": -17.675821908539778, "params": {"gamma": 445.6523332990303, "log10_alpha": -0.2881474387062166, "log10_colsample_bytree": -0.27971100243543234, "log10_eta": -2.3150761515872653, "log10_lambda": -0.8255777338412749, "log10_min_child_weight": 1.1574999072665721, "log10_subsample": -0.9373991839768936, "max_depth": 5.0, "num_boost_round": 5.0}, "datetime": {"datetime": "2024-01-19 00:22:39", "elapsed": 664.421019, "delta": 0.000903}}
{"target": -17.675426639900323, "params": {"gamma": 445.6523332990303, "log10_alpha": -0.2881474387062166, "log10_colsample_bytree": -0.27971100243543234, "log10_eta": -2.3150761515872653, "log10_lambda": -0.8255777338412749, "log10_min_child_weight": 1.1574999072665721, "log10_subsample": -0.9373991839768936, "max_depth": 5.0, "num_boost_round": 6.0}, "datetime": {"datetime": "2024-01-19 00:22:39", "elapsed": 664.421919, "delta": 0.0009}}
{"target": -17.675333551718794, "params": {"gamma": 445.6523332990303, "log10_alpha": -0.2881474387062166, "log10_colsample_bytree": -0.27971100243543234, "log10_eta": -2.3150761515872653, "log10_lambda": -0.8255777338412749, "log10_min_child_weight": 1.1574999072665721, "log10_subsample": -0.9373991839768936, "max_depth": 5.0, "num_boost_round": 7.0}, "datetime": {"datetime": "2024-01-19 00:22:39", "elapsed": 664.423055, "delta": 0.001136}}
{"target": -17.675234871608048, "params": {"gamma": 445.6523332990303, "log10_alpha": -0.2881474387062166, "log10_colsample_bytree": -0.27971100243543234, "log10_eta": -2.3150761515872653, "log10_lambda": -0.8255777338412749, "log10_min_child_weight": 1.1574999072665721, "log10_subsample": -0.9373991839768936, "max_depth": 5.0, "num_boost_round": 8.0}, "datetime": {"datetime": "2024-01-19 00:22:39", "elapsed": 664.423978, "delta": 0.000923}}
{"target": -17.675126717377616, "params": {"gamma": 445.6523332990303, "log10_alpha": -0.2881474387062166, "log10_colsample_bytree": -0.27971100243543234, "log10_eta": -2.3150761515872653, "log10_lambda": -0.8255777338412749, "log10_min_child_weight": 1.1574999072665721, "log10_subsample": -0.9373991839768936, "max_depth": 5.0, "num_boost_round": 9.0}, "datetime": {"datetime": "2024-01-19 00:22:39", "elapsed": 664.424892, "delta": 0.000914}}
{"target": -17.674788114134476, "params": {"gamma": 445.6523332990303, "log10_alpha": -0.2881474387062166, "log10_colsample_bytree": -0.27971100243543234, "log10_eta": -2.3150761515872653, "log10_lambda": -0.8255777338412749, "log10_min_child_weight": 1.1574999072665721, "log10_subsample": -0.9373991839768936, "max_depth": 5.0, "num_boost_round": 10.0}, "datetime": {"datetime": "2024-01-19 00:22:39", "elapsed": 664.425837, "delta": 0.000945}}
{"target": -17.67689582121793, "params": {"gamma": 449.1969910508414, "log10_alpha": -4.502794892223028, "log10_colsample_bytree": -0.9327798395312766, "log10_eta": -2.2991448549672446, "log10_lambda": -0.4127480040137801, "log10_min_child_weight": 0.25345988560791566, "log10_subsample": -0.7314301277641606, "max_depth": 7.0, "num_boost_round": 0.0}, "datetime": {"datetime": "2024-01-19 00:23:02", "elapsed": 687.433304, "delta": 23.007467}}
{"target": -17.676841868184688, "params": {"gamma": 449.1969910508414, "log10_alpha": -4.502794892223028, "log10_colsample_bytree": -0.9327798395312766, "log10_eta": -2.2991448549672446, "log10_lambda": -0.4127480040137801, "log10_min_child_weight": 0.25345988560791566, "log10_subsample": -0.7314301277641606, "max_depth": 7.0, "num_boost_round": 1.0}, "datetime": {"datetime": "2024-01-19 00:23:02", "elapsed": 687.434359, "delta": 0.001055}}
{"target": -17.676717778435798, "params": {"gamma": 449.1969910508414, "log10_alpha": -4.502794892223028, "log10_colsample_bytree": -0.9327798395312766, "log10_eta": -2.2991448549672446, "log10_lambda": -0.4127480040137801, "log10_min_child_weight": 0.25345988560791566, "log10_subsample": -0.7314301277641606, "max_depth": 7.0, "num_boost_round": 2.0}, "datetime": {"datetime": "2024-01-19 00:23:02", "elapsed": 687.435296, "delta": 0.000937}}
{"target": -17.67660583099987, "params": {"gamma": 449.1969910508414, "log10_alpha": -4.502794892223028, "log10_colsample_bytree": -0.9327798395312766, "log10_eta": -2.2991448549672446, "log10_lambda": -0.4127480040137801, "log10_min_child_weight": 0.25345988560791566, "log10_subsample": -0.7314301277641606, "max_depth": 7.0, "num_boost_round": 3.0}, "datetime": {"datetime": "2024-01-19 00:23:02", "elapsed": 687.43621, "delta": 0.000914}}
