{"target": -17.908140593913394, "params": {"gamma": 189.928350957973, "log10_alpha": -3.903648149675692, "log10_colsample_bytree": -0.360468772710977, "log10_eta": -1.0997162069029232, "log10_lambda": -2.07723911301085, "log10_min_child_weight": 0.0975958486218842, "log10_subsample": -0.5700874184561316, "max_depth": 9.0, "num_boost_round": 22.0}, "datetime": {"datetime": "2024-01-19 00:24:02", "elapsed": 726.564069, "delta": 0.001109}}
{"target": -17.942987400978616, "params": {"gamma": 189.928350957973, "log10_alpha": -3.903648149675692, "log10_colsample_bytree": -0.360468772710977, "log10_eta": -1.0997162069029232, "log10_lambda": -2.07723911301085, "log10_min_child_weight": 0.0975958486218842, "log10_subsample": -0.5700874184561316, "max_depth": 9.0, "num_boost_round": 23.0}, "datetime": {"datetime": "2024-01-19 00:24:02", "elapsed": 726.565166, "delta": 0.001097}}
{"target": -17.966251845320386, "params": {"gamma": 189.928350957973, "log10_alpha": -3.903648149675692, "log10_colsample_bytree": -0.360468772710977, "log10_eta": -1.0997162069029232, "log10_lambda": -2.07723911301085, "log10_min_child_weight": 0.0975958486218842, "log10_subsample": -0.5700874184561316, "max_depth": 9.0, "num_boost_round": 24.0}, "datetime": {"datetime": "2024-01-19 00:24:02", "elapsed": 726.566274, "delta": 0.001108}}
{"target": -17.976341692407473, "params": {"gamma": 189.928350957973, "log10_alpha": -3.903648149675692, "log10_colsample_bytree": -0.360468772710977, "log10_eta": -1.0997162069029232, "log10_lambda": -2.07723911301085, "log10_min_child_weight": 0.0975958486218842, "log10_subsample": -0.5700874184561316, "max_depth": 9.0, "num_boost_round": 25.0}, "datetime": {"datetime": "2024-01-19 00:24:02", "elapsed": 726.567481, "delta": 0.001207}}
{"target": -17.992852501509763, "params": {"gamma": 189.928350957973, "log10_alpha": -3.903648149675692, "log10_colsample_bytree": -0.360468772710977, "log10_eta": -1.0997162069029232, "log10_lambda": -2.07723911301085, "log10_min_child_weight": 0.0975958486218842, "log10_subsample": -0.5700874184561316, "max_depth": 9.0, "num_boost_round": 26.0}, "datetime": {"datetime": "2024-01-19 00:24:02", "elapsed": 726.568596, "delta": 0.001115}}
{"target": -18.000596435249044, "params": {"gamma": 189.928350957973, "log10_alpha": -3.903648149675692, "log10_colsample_bytree": -0.360468772710977, "log10_eta": -1.0997162069029232, "log10_lambda": -2.07723911301085, "log10_min_child_weight": 0.0975958486218842, "log10_subsample": -0.5700874184561316, "max_depth": 9.0, "num_boost_round": 27.0}, "datetime": {"datetime": "2024-01-19 00:24:02", "elapsed": 726.569693, "delta": 0.001097}}
{"target": -18.00827003926847, "params": {"gamma": 189.928350957973, "log10_alpha": -3.903648149675692, "log10_colsample_bytree": -0.360468772710977, "log10_eta": -1.0997162069029232, "log10_lambda": -2.07723911301085, "log10_min_child_weight": 0.0975958486218842, "log10_subsample": -0.5700874184561316, "max_depth": 9.0, "num_boost_round": 28.0}, "datetime": {"datetime": "2024-01-19 00:24:02", "elapsed": 726.570805, "delta": 0.001112}}
{"target": -18.015270268989, "params": {"gamma": 189.928350957973, "log10_alpha": -3.903648149675692, "log10_colsample_bytree": -0.360468772710977, "log10_eta": -1.0997162069029232, "log10_lambda": -2.07723911301085, "log10_min_child_weight": 0.0975958486218842, "log10_subsample": -0.5700874184561316, "max_depth": 9.0, "num_boost_round": 29.0}, "datetime": {"datetime": "2024-01-19 00:24:02", "elapsed": 726.571908, "delta": 0.001103}}
{"target": -18.019825377229555, "params": {"gamma": 189.928350957973, "log10_alpha": -3.903648149675692, "log10_colsample_bytree": -0.360468772710977, "log10_eta": -1.0997162069029232, "log10_lambda": -2.07723911301085, "log10_min_child_weight": 0.0975958486218842, "log10_subsample": -0.5700874184561316, "max_depth": 9.0, "num_boost_round": 30.0}, "datetime": {"datetime": "2024-01-19 00:24:02", "elapsed": 726.573035, "delta": 0.001127}}
{"target": -18.024324801756187, "params": {"gamma": 189.928350957973, "log10_alpha": -3.903648149675692, "log10_colsample_bytree": -0.360468772710977, "log10_eta": -1.0997162069029232, "log10_lambda": -2.07723911301085, "log10_min_child_weight": 0.0975958486218842, "log10_subsample": -0.5700874184561316, "max_depth": 9.0, "num_boost_round": 31.0}, "datetime": {"datetime": "2024-01-19 00:24:02", "elapsed": 726.574149, "delta": 0.001114}}
{"target": -18.039023209076557, "params": {"gamma": 189.928350957973, "log10_alpha": -3.903648149675692, "log10_colsample_bytree": -0.360468772710977, "log10_eta": -1.0997162069029232, "log10_lambda": -2.07723911301085, "log10_min_child_weight": 0.0975958486218842, "log10_subsample": -0.5700874184561316, "max_depth": 9.0, "num_boost_round": 32.0}, "datetime": {"datetime": "2024-01-19 00:24:02", "elapsed": 726.575252, "delta": 0.001103}}
{"target": -18.04729033076729, "params": {"gamma": 189.928350957973, "log10_alpha": -3.903648149675692, "log10_colsample_bytree": -0.360468772710977, "log10_eta": -1.0997162069029232, "log10_lambda": -2.07723911301085, "log10_min_child_weight": 0.0975958486218842, "log10_subsample": -0.5700874184561316, "max_depth": 9.0, "num_boost_round": 33.0}, "datetime": {"datetime": "2024-01-19 00:24:02", "elapsed": 726.576369, "delta": 0.001117}}
{"target": -18.05243641472586, "params": {"gamma": 189.928350957973, "log10_alpha": -3.903648149675692, "log10_colsample_bytree": -0.360468772710977, "log10_eta": -1.0997162069029232, "log10_lambda": -2.07723911301085, "log10_min_child_weight": 0.0975958486218842, "log10_subsample": -0.5700874184561316, "max_depth": 9.0, "num_boost_round": 34.0}, "datetime": {"datetime": "2024-01-19 00:24:02", "elapsed": 726.577476, "delta": 0.001107}}
{"target": -18.059927198057327, "params": {"gamma": 189.928350957973, "log10_alpha": -3.903648149675692, "log10_colsample_bytree": -0.360468772710977, "log10_eta": -1.0997162069029232, "log10_lambda": -2.07723911301085, "log10_min_child_weight": 0.0975958486218842, "log10_subsample": -0.5700874184561316, "max_depth": 9.0, "num_boost_round": 35.0}, "datetime": {"datetime": "2024-01-19 00:24:02", "elapsed": 726.578655, "delta": 0.001179}}
{"target": -18.068598008975517, "params": {"gamma": 189.928350957973, "log10_alpha": -3.903648149675692, "log10_colsample_bytree": -0.360468772710977, "log10_eta": -1.0997162069029232, "log10_lambda": -2.07723911301085, "log10_min_child_weight": 0.0975958486218842, "log10_subsample": -0.5700874184561316, "max_depth": 9.0, "num_boost_round": 36.0}, "datetime": {"datetime": "2024-01-19 00:24:02", "elapsed": 726.579774, "delta": 0.001119}}
{"target": -18.07615672369341, "params": {"gamma": 189.928350957973, "log10_alpha": -3.903648149675692, "log10_colsample_bytree": -0.360468772710977, "log10_eta": -1.0997162069029232, "log10_lambda": -2.07723911301085, "log10_min_child_weight": 0.0975958486218842, "log10_subsample": -0.5700874184561316, "max_depth": 9.0, "num_boost_round": 37.0}, "datetime": {"datetime": "2024-01-19 00:24:02", "elapsed": 726.580897, "delta": 0.001123}}
{"target": -18.088470677758394, "params": {"gamma": 189.928350957973, "log10_alpha": -3.903648149675692, "log10_colsample_bytree": -0.360468772710977, "log10_eta": -1.0997162069029232, "log10_lambda": -2.07723911301085, "log10_min_child_weight": 0.0975958486218842, "log10_subsample": -0.5700874184561316, "max_depth": 9.0, "num_boost_round": 38.0}, "datetime": {"datetime": "2024-01-19 00:24:02", "elapsed": 726.581996, "delta": 0.001099}}
{"target": -18.092918891646494, "params": {"gamma": 189.928350957973, "log10_alpha": -3.903648149675692, "log10_colsample_bytree": -0.360468772710977, "log10_eta": -1.0997162069029232, "log10_lambda": -2.07723911301085, "log10_min_child_weight": 0.0975958486218842, "log10_subsample": -0.5700874184561316, "max_depth": 9.0, "num_boost_round": 39.0}, "datetime": {"datetime": "2024-01-19 00:24:02", "elapsed": 726.583129, "delta": 0.001133}}
{"target": -18.100081376729143, "params": {"gamma": 189.928350957973, "log10_alpha": -3.903648149675692, "log10_colsample_bytree": -0.360468772710977, "log10_eta": -1.0997162069029232, "log10_lambda": -2.07723911301085, "log10_min_child_weight": 0.0975958486218842, "log10_subsample": -0.5700874184561316, "max_depth": 9.0, "num_boost_round": 40.0}, "datetime": {"datetime": "2024-01-19 00:24:02", "elapsed": 726.584247, "delta": 0.001118}}
{"target": -18.121271893820005, "params": {"gamma": 189.928350957973, "log10_alpha": -3.903648149675692, "log10_colsample_bytree": -0.360468772710977, "log10_eta": -1.0997162069029232, "log10_lambda": -2.07723911301085, "log10_min_child_weight": 0.0975958486218842, "log10_subsample": -0.5700874184561316, "max_depth": 9.0, "num_boost_round": 41.0}, "datetime": {"datetime": "2024-01-19 00:24:02", "elapsed": 726.585367, "delta": 0.00112}}
{"target": -18.128534107394874, "params": {"gamma": 189.928350957973, "log10_alpha": -3.903648149675692, "log10_colsample_bytree": -0.360468772710977, "log10_eta": -1.0997162069029232, "log10_lambda": -2.07723911301085, "log10_min_child_weight": 0.0975958486218842, "log10_subsample": -0.5700874184561316, "max_depth": 9.0, "num_boost_round": 42.0}, "datetime": {"datetime": "2024-01-19 00:24:02", "elapsed": 726.586504, "delta": 0.001137}}
{"target": -18.137429593138243, "params": {"gamma": 189.928350957973, "log10_alpha": -3.903648149675692, "log10_colsample_bytree": -0.360468772710977, "log10_eta": -1.0997162069029232, "log10_lambda": -2.07723911301085, "log10_min_child_weight": 0.0975958486218842, "log10_subsample": -0.5700874184561316, "max_depth": 9.0, "num_boost_round": 43.0}, "datetime": {"datetime": "2024-01-19 00:24:02", "elapsed": 726.587884, "delta": 0.00138}}
{"target": -18.14551814027618, "params": {"gamma": 189.928350957973, "log10_alpha": -3.903648149675692, "log10_colsample_bytree": -0.360468772710977, "log10_eta": -1.0997162069029232, "log10_lambda": -2.07723911301085, "log10_min_child_weight": 0.0975958486218842, "log10_subsample": -0.5700874184561316, "max_depth": 9.0, "num_boost_round": 44.0}, "datetime": {"datetime": "2024-01-19 00:24:02", "elapsed": 726.589168, "delta": 0.001284}}
{"target": -18.153765705100383, "params": {"gamma": 189.928350957973, "log10_alpha": -3.903648149675692, "log10_colsample_bytree": -0.360468772710977, "log10_eta": -1.0997162069029232, "log10_lambda": -2.07723911301085, "log10_min_child_weight": 0.0975958486218842, "log10_subsample": -0.5700874184561316, "max_depth": 9.0, "num_boost_round": 45.0}, "datetime": {"datetime": "2024-01-19 00:24:02", "elapsed": 726.590364, "delta": 0.001196}}
{"target": -18.160942003294487, "params": {"gamma": 189.928350957973, "log10_alpha": -3.903648149675692, "log10_colsample_bytree": -0.360468772710977, "log10_eta": -1.0997162069029232, "log10_lambda": -2.07723911301085, "log10_min_child_weight": 0.0975958486218842, "log10_subsample": -0.5700874184561316, "max_depth": 9.0, "num_boost_round": 46.0}, "datetime": {"datetime": "2024-01-19 00:24:02", "elapsed": 726.591495, "delta": 0.001131}}
{"target": -18.16590531601457, "params": {"gamma": 189.928350957973, "log10_alpha": -3.903648149675692, "log10_colsample_bytree": -0.360468772710977, "log10_eta": -1.0997162069029232, "log10_lambda": -2.07723911301085, "log10_min_child_weight": 0.0975958486218842, "log10_subsample": -0.5700874184561316, "max_depth": 9.0, "num_boost_round": 47.0}, "datetime": {"datetime": "2024-01-19 00:24:02", "elapsed": 726.59262, "delta": 0.001125}}
{"target": -18.170631023419226, "params": {"gamma": 189.928350957973, "log10_alpha": -3.903648149675692, "log10_colsample_bytree": -0.360468772710977, "log10_eta": -1.0997162069029232, "log10_lambda": -2.07723911301085, "log10_min_child_weight": 0.0975958486218842, "log10_subsample": -0.5700874184561316, "max_depth": 9.0, "num_boost_round": 48.0}, "datetime": {"datetime": "2024-01-19 00:24:02", "elapsed": 726.593754, "delta": 0.001134}}
{"target": -18.177579984887412, "params": {"gamma": 189.928350957973, "log10_alpha": -3.903648149675692, "log10_colsample_bytree": -0.360468772710977, "log10_eta": -1.0997162069029232, "log10_lambda": -2.07723911301085, "log10_min_child_weight": 0.0975958486218842, "log10_subsample": -0.5700874184561316, "max_depth": 9.0, "num_boost_round": 49.0}, "datetime": {"datetime": "2024-01-19 00:24:02", "elapsed": 726.594879, "delta": 0.001125}}
{"target": -17.677126574655855, "params": {"gamma": 170.81760908901856, "log10_alpha": -1.6066201162655074, "log10_colsample_bytree": -0.0317848576404105, "log10_eta": -2.869732003021588, "log10_lambda": -0.5131381714217502, "log10_min_child_weight": 1.1182631762121291, "log10_subsample": -0.1870119190429368, "max_depth": 6.0, "num_boost_round": 0.0}, "datetime": {"datetime": "2024-01-19 00:24:37", "elapsed": 762.340063, "delta": 35.745184}}
{"target": -17.677037276858595, "params": {"gamma": 170.81760908901856, "log10_alpha": -1.6066201162655074, "log10_colsample_bytree": -0.0317848576404105, "log10_eta": -2.869732003021588, "log10_lambda": -0.5131381714217502, "log10_min_child_weight": 1.1182631762121291, "log10_subsample": -0.1870119190429368, "max_depth": 6.0, "num_boost_round": 1.0}, "datetime": {"datetime": "2024-01-19 00:24:37", "elapsed": 762.342221, "delta": 0.002158}}
{"target": -17.676988672419245, "params": {"gamma": 170.81760908901856, "log10_alpha": -1.6066201162655074, "log10_colsample_bytree": -0.0317848576404105, "log10_eta": -2.869732003021588, "log10_lambda": -0.5131381714217502, "log10_min_child_weight": 1.1182631762121291, "log10_subsample": -0.1870119190429368, "max_depth": 6.0, "num_boost_round": 2.0}, "datetime": {"datetime": "2024-01-19 00:24:37", "elapsed": 762.343812, "delta": 0.001591}}
{"target": -17.676891358959807, "params": {"gamma": 170.81760908901856, "log10_alpha": -1.6066201162655074, "log10_colsample_bytree": -0.0317848576404105, "log10_eta": -2.869732003021588, "log10_lambda": -0.5131381714217502, "log10_min_child_weight": 1.1182631762121291, "log10_subsample": -0.1870119190429368, "max_depth": 6.0, "num_boost_round": 3.0}, "datetime": {"datetime": "2024-01-19 00:24:37", "elapsed": 762.345088, "delta": 0.001276}}
{"target": -17.67683220340504, "params": {"gamma": 170.81760908901856, "log10_alpha": -1.6066201162655074, "log10_colsample_bytree": -0.0317848576404105, "log10_eta": -2.869732003021588, "log10_lambda": -0.5131381714217502, "log10_min_child_weight": 1.1182631762121291, "log10_subsample": -0.1870119190429368, "max_depth": 6.0, "num_boost_round": 4.0}, "datetime": {"datetime": "2024-01-19 00:24:37", "elapsed": 762.346243, "delta": 0.001155}}
{"target": -17.676722652465358, "params": {"gamma": 170.81760908901856, "log10_alpha": -1.6066201162655074, "log10_colsample_bytree": -0.0317848576404105, "log10_eta": -2.869732003021588, "log10_lambda": -0.5131381714217502, "log10_min_child_weight": 1.1182631762121291, "log10_subsample": -0.1870119190429368, "max_depth": 6.0, "num_boost_round": 5.0}, "datetime": {"datetime": "2024-01-19 00:24:37", "elapsed": 762.347539, "delta": 0.001296}}
{"target": -17.676574698546435, "params": {"gamma": 170.81760908901856, "log10_alpha": -1.6066201162655074, "log10_colsample_bytree": -0.0317848576404105, "log10_eta": -2.869732003021588, "log10_lambda": -0.5131381714217502, "log10_min_child_weight": 1.1182631762121291, "log10_subsample": -0.1870119190429368, "max_depth": 6.0, "num_boost_round": 6.0}, "datetime": {"datetime": "2024-01-19 00:24:37", "elapsed": 762.348797, "delta": 0.001258}}
{"target": -17.676430094127078, "params": {"gamma": 170.81760908901856, "log10_alpha": -1.6066201162655074, "log10_colsample_bytree": -0.0317848576404105, "log10_eta": -2.869732003021588, "log10_lambda": -0.5131381714217502, "log10_min_child_weight": 1.1182631762121291, "log10_subsample": -0.1870119190429368, "max_depth": 6.0, "num_boost_round": 7.0}, "datetime": {"datetime": "2024-01-19 00:24:37", "elapsed": 762.34994, "delta": 0.001143}}
{"target": -17.676389818166825, "params": {"gamma": 170.81760908901856, "log10_alpha": -1.6066201162655074, "log10_colsample_bytree": -0.0317848576404105, "log10_eta": -2.869732003021588, "log10_lambda": -0.5131381714217502, "log10_min_child_weight": 1.1182631762121291, "log10_subsample": -0.1870119190429368, "max_depth": 6.0, "num_boost_round": 8.0}, "datetime": {"datetime": "2024-01-19 00:24:37", "elapsed": 762.351094, "delta": 0.001154}}
{"target": -17.676318554916765, "params": {"gamma": 170.81760908901856, "log10_alpha": -1.6066201162655074, "log10_colsample_bytree": -0.0317848576404105, "log10_eta": -2.869732003021588, "log10_lambda": -0.5131381714217502, "log10_min_child_weight": 1.1182631762121291, "log10_subsample": -0.1870119190429368, "max_depth": 6.0, "num_boost_round": 9.0}, "datetime": {"datetime": "2024-01-19 00:24:37", "elapsed": 762.352219, "delta": 0.001125}}
{"target": -17.676223378060957, "params": {"gamma": 170.81760908901856, "log10_alpha": -1.6066201162655074, "log10_colsample_bytree": -0.0317848576404105, "log10_eta": -2.869732003021588, "log10_lambda": -0.5131381714217502, "log10_min_child_weight": 1.1182631762121291, "log10_subsample": -0.1870119190429368, "max_depth": 6.0, "num_boost_round": 10.0}, "datetime": {"datetime": "2024-01-19 00:24:37", "elapsed": 762.353352, "delta": 0.001133}}
{"target": -17.67609472782614, "params": {"gamma": 170.81760908901856, "log10_alpha": -1.6066201162655074, "log10_colsample_bytree": -0.0317848576404105, "log10_eta": -2.869732003021588, "log10_lambda": -0.5131381714217502, "log10_min_child_weight": 1.1182631762121291, "log10_subsample": -0.1870119190429368, "max_depth": 6.0, "num_boost_round": 11.0}, "datetime": {"datetime": "2024-01-19 00:24:37", "elapsed": 762.354496, "delta": 0.001144}}
{"target": -17.675974573845917, "params": {"gamma": 170.81760908901856, "log10_alpha": -1.6066201162655074, "log10_colsample_bytree": -0.0317848576404105, "log10_eta": -2.869732003021588, "log10_lambda": -0.5131381714217502, "log10_min_child_weight": 1.1182631762121291, "log10_subsample": -0.1870119190429368, "max_depth": 6.0, "num_boost_round": 12.0}, "datetime": {"datetime": "2024-01-19 00:24:37", "elapsed": 762.355658, "delta": 0.001162}}
{"target": -17.67588326991783, "params": {"gamma": 170.81760908901856, "log10_alpha": -1.6066201162655074, "log10_colsample_bytree": -0.0317848576404105, "log10_eta": -2.869732003021588, "log10_lambda": -0.5131381714217502, "log10_min_child_weight": 1.1182631762121291, "log10_subsample": -0.1870119190429368, "max_depth": 6.0, "num_boost_round": 13.0}, "datetime": {"datetime": "2024-01-19 00:24:37", "elapsed": 762.356845, "delta": 0.001187}}
{"target": -17.67576642070283, "params": {"gamma": 170.81760908901856, "log10_alpha": -1.6066201162655074, "log10_colsample_bytree": -0.0317848576404105, "log10_eta": -2.869732003021588, "log10_lambda": -0.5131381714217502, "log10_min_child_weight": 1.1182631762121291, "log10_subsample": -0.1870119190429368, "max_depth": 6.0, "num_boost_round": 14.0}, "datetime": {"datetime": "2024-01-19 00:24:37", "elapsed": 762.35799, "delta": 0.001145}}
{"target": -17.675719146300203, "params": {"gamma": 170.81760908901856, "log10_alpha": -1.6066201162655074, "log10_colsample_bytree": -0.0317848576404105, "log10_eta": -2.869732003021588, "log10_lambda": -0.5131381714217502, "log10_min_child_weight": 1.1182631762121291, "log10_subsample": -0.1870119190429368, "max_depth": 6.0, "num_boost_round": 15.0}, "datetime": {"datetime": "2024-01-19 00:24:37", "elapsed": 762.359253, "delta": 0.001263}}
{"target": -17.67562247978912, "params": {"gamma": 170.81760908901856, "log10_alpha": -1.6066201162655074, "log10_colsample_bytree": -0.0317848576404105, "log10_eta": -2.869732003021588, "log10_lambda": -0.5131381714217502, "log10_min_child_weight": 1.1182631762121291, "log10_subsample": -0.1870119190429368, "max_depth": 6.0, "num_boost_round": 16.0}, "datetime": {"datetime": "2024-01-19 00:24:37", "elapsed": 762.360405, "delta": 0.001152}}
{"target": -17.67546604071175, "params": {"gamma": 170.81760908901856, "log10_alpha": -1.6066201162655074, "log10_colsample_bytree": -0.0317848576404105, "log10_eta": -2.869732003021588, "log10_lambda": -0.5131381714217502, "log10_min_child_weight": 1.1182631762121291, "log10_subsample": -0.1870119190429368, "max_depth": 6.0, "num_boost_round": 17.0}, "datetime": {"datetime": "2024-01-19 00:24:37", "elapsed": 762.361569, "delta": 0.001164}}
{"target": -17.675411886141923, "params": {"gamma": 170.81760908901856, "log10_alpha": -1.6066201162655074, "log10_colsample_bytree": -0.0317848576404105, "log10_eta": -2.869732003021588, "log10_lambda": -0.5131381714217502, "log10_min_child_weight": 1.1182631762121291, "log10_subsample": -0.1870119190429368, "max_depth": 6.0, "num_boost_round": 18.0}, "datetime": {"datetime": "2024-01-19 00:24:37", "elapsed": 762.362734, "delta": 0.001165}}
{"target": -17.67535781298381, "params": {"gamma": 170.81760908901856, "log10_alpha": -1.6066201162655074, "log10_colsample_bytree": -0.0317848576404105, "log10_eta": -2.869732003021588, "log10_lambda": -0.5131381714217502, "log10_min_child_weight": 1.1182631762121291, "log10_subsample": -0.1870119190429368, "max_depth": 6.0, "num_boost_round": 19.0}, "datetime": {"datetime": "2024-01-19 00:24:37", "elapsed": 762.363896, "delta": 0.001162}}
{"target": -17.675260403165527, "params": {"gamma": 170.81760908901856, "log10_alpha": -1.6066201162655074, "log10_colsample_bytree": -0.0317848576404105, "log10_eta": -2.869732003021588, "log10_lambda": -0.5131381714217502, "log10_min_child_weight": 1.1182631762121291, "log10_subsample": -0.1870119190429368, "max_depth": 6.0, "num_boost_round": 20.0}, "datetime": {"datetime": "2024-01-19 00:24:37", "elapsed": 762.365046, "delta": 0.00115}}
