{"target": -17.677171331552955, "params": {"gamma": 426.05367096461123, "log10_alpha": -0.9539839661052598, "log10_colsample_bytree": -0.11629612508555931, "log10_eta": -3.670601148754195, "log10_lambda": -4.9754601978631525, "log10_min_child_weight": 2.1338441750195813, "log10_subsample": -0.2530467621880327, "max_depth": 8.0, "num_boost_round": 9.0}, "datetime": {"datetime": "2024-01-19 01:14:18", "elapsed": 3762.805503, "delta": 0.002942}}
{"target": -17.67723228921779, "params": {"gamma": 429.81041261206997, "log10_alpha": -3.4205633048985664, "log10_colsample_bytree": -0.966067267798461, "log10_eta": -3.935279493043011, "log10_lambda": -1.6835419675279946, "log10_min_child_weight": 0.6010335030099928, "log10_subsample": -0.8032873348825188, "max_depth": 4.0, "num_boost_round": 0.0}, "datetime": {"datetime": "2024-01-19 01:15:06", "elapsed": 3810.867941, "delta": 48.062438}}
{"target": -17.677222691206907, "params": {"gamma": 429.81041261206997, "log10_alpha": -3.4205633048985664, "log10_colsample_bytree": -0.966067267798461, "log10_eta": -3.935279493043011, "log10_lambda": -1.6835419675279946, "log10_min_child_weight": 0.6010335030099928, "log10_subsample": -0.8032873348825188, "max_depth": 4.0, "num_boost_round": 1.0}, "datetime": {"datetime": "2024-01-19 01:15:06", "elapsed": 3810.872045, "delta": 0.004104}}
{"target": -17.67722298006739, "params": {"gamma": 429.81041261206997, "log10_alpha": -3.4205633048985664, "log10_colsample_bytree": -0.966067267798461, "log10_eta": -3.935279493043011, "log10_lambda": -1.6835419675279946, "log10_min_child_weight": 0.6010335030099928, "log10_subsample": -0.8032873348825188, "max_depth": 4.0, "num_boost_round": 2.0}, "datetime": {"datetime": "2024-01-19 01:15:06", "elapsed": 3810.875258, "delta": 0.003213}}
{"target": -17.677220566687275, "params": {"gamma": 429.81041261206997, "log10_alpha": -3.4205633048985664, "log10_colsample_bytree": -0.966067267798461, "log10_eta": -3.935279493043011, "log10_lambda": -1.6835419675279946, "log10_min_child_weight": 0.6010335030099928, "log10_subsample": -0.8032873348825188, "max_depth": 4.0, "num_boost_round": 3.0}, "datetime": {"datetime": "2024-01-19 01:15:06", "elapsed": 3810.878506, "delta": 0.003248}}
{"target": -17.677215644178673, "params": {"gamma": 429.81041261206997, "log10_alpha": -3.4205633048985664, "log10_colsample_bytree": -0.966067267798461, "log10_eta": -3.935279493043011, "log10_lambda": -1.6835419675279946, "log10_min_child_weight": 0.6010335030099928, "log10_subsample": -0.8032873348825188, "max_depth": 4.0, "num_boost_round": 4.0}, "datetime": {"datetime": "2024-01-19 01:15:06", "elapsed": 3810.881591, "delta": 0.003085}}
{"target": -17.677214315649284, "params": {"gamma": 429.81041261206997, "log10_alpha": -3.4205633048985664, "log10_colsample_bytree": -0.966067267798461, "log10_eta": -3.935279493043011, "log10_lambda": -1.6835419675279946, "log10_min_child_weight": 0.6010335030099928, "log10_subsample": -0.8032873348825188, "max_depth": 4.0, "num_boost_round": 5.0}, "datetime": {"datetime": "2024-01-19 01:15:06", "elapsed": 3810.884511, "delta": 0.00292}}
{"target": -17.677214598959125, "params": {"gamma": 429.81041261206997, "log10_alpha": -3.4205633048985664, "log10_colsample_bytree": -0.966067267798461, "log10_eta": -3.935279493043011, "log10_lambda": -1.6835419675279946, "log10_min_child_weight": 0.6010335030099928, "log10_subsample": -0.8032873348825188, "max_depth": 4.0, "num_boost_round": 6.0}, "datetime": {"datetime": "2024-01-19 01:15:06", "elapsed": 3810.887459, "delta": 0.002948}}
{"target": -17.677210051961975, "params": {"gamma": 429.81041261206997, "log10_alpha": -3.4205633048985664, "log10_colsample_bytree": -0.966067267798461, "log10_eta": -3.935279493043011, "log10_lambda": -1.6835419675279946, "log10_min_child_weight": 0.6010335030099928, "log10_subsample": -0.8032873348825188, "max_depth": 4.0, "num_boost_round": 7.0}, "datetime": {"datetime": "2024-01-19 01:15:06", "elapsed": 3810.890435, "delta": 0.002976}}
{"target": -17.677208317262394, "params": {"gamma": 429.81041261206997, "log10_alpha": -3.4205633048985664, "log10_colsample_bytree": -0.966067267798461, "log10_eta": -3.935279493043011, "log10_lambda": -1.6835419675279946, "log10_min_child_weight": 0.6010335030099928, "log10_subsample": -0.8032873348825188, "max_depth": 4.0, "num_boost_round": 8.0}, "datetime": {"datetime": "2024-01-19 01:15:06", "elapsed": 3810.893492, "delta": 0.003057}}
{"target": -17.677206847081244, "params": {"gamma": 429.81041261206997, "log10_alpha": -3.4205633048985664, "log10_colsample_bytree": -0.966067267798461, "log10_eta": -3.935279493043011, "log10_lambda": -1.6835419675279946, "log10_min_child_weight": 0.6010335030099928, "log10_subsample": -0.8032873348825188, "max_depth": 4.0, "num_boost_round": 9.0}, "datetime": {"datetime": "2024-01-19 01:15:06", "elapsed": 3810.896422, "delta": 0.00293}}
{"target": -17.677205157640323, "params": {"gamma": 429.81041261206997, "log10_alpha": -3.4205633048985664, "log10_colsample_bytree": -0.966067267798461, "log10_eta": -3.935279493043011, "log10_lambda": -1.6835419675279946, "log10_min_child_weight": 0.6010335030099928, "log10_subsample": -0.8032873348825188, "max_depth": 4.0, "num_boost_round": 10.0}, "datetime": {"datetime": "2024-01-19 01:15:06", "elapsed": 3810.899349, "delta": 0.002927}}
{"target": -17.677203090880486, "params": {"gamma": 429.81041261206997, "log10_alpha": -3.4205633048985664, "log10_colsample_bytree": -0.966067267798461, "log10_eta": -3.935279493043011, "log10_lambda": -1.6835419675279946, "log10_min_child_weight": 0.6010335030099928, "log10_subsample": -0.8032873348825188, "max_depth": 4.0, "num_boost_round": 11.0}, "datetime": {"datetime": "2024-01-19 01:15:06", "elapsed": 3810.902273, "delta": 0.002924}}
{"target": -17.677200315526168, "params": {"gamma": 429.81041261206997, "log10_alpha": -3.4205633048985664, "log10_colsample_bytree": -0.966067267798461, "log10_eta": -3.935279493043011, "log10_lambda": -1.6835419675279946, "log10_min_child_weight": 0.6010335030099928, "log10_subsample": -0.8032873348825188, "max_depth": 4.0, "num_boost_round": 12.0}, "datetime": {"datetime": "2024-01-19 01:15:06", "elapsed": 3810.905221, "delta": 0.002948}}
{"target": -17.67719958885215, "params": {"gamma": 429.81041261206997, "log10_alpha": -3.4205633048985664, "log10_colsample_bytree": -0.966067267798461, "log10_eta": -3.935279493043011, "log10_lambda": -1.6835419675279946, "log10_min_child_weight": 0.6010335030099928, "log10_subsample": -0.8032873348825188, "max_depth": 4.0, "num_boost_round": 13.0}, "datetime": {"datetime": "2024-01-19 01:15:06", "elapsed": 3810.908148, "delta": 0.002927}}
{"target": -17.677195212190313, "params": {"gamma": 429.81041261206997, "log10_alpha": -3.4205633048985664, "log10_colsample_bytree": -0.966067267798461, "log10_eta": -3.935279493043011, "log10_lambda": -1.6835419675279946, "log10_min_child_weight": 0.6010335030099928, "log10_subsample": -0.8032873348825188, "max_depth": 4.0, "num_boost_round": 14.0}, "datetime": {"datetime": "2024-01-19 01:15:06", "elapsed": 3810.911164, "delta": 0.003016}}
{"target": -17.677192225401935, "params": {"gamma": 429.81041261206997, "log10_alpha": -3.4205633048985664, "log10_colsample_bytree": -0.966067267798461, "log10_eta": -3.935279493043011, "log10_lambda": -1.6835419675279946, "log10_min_child_weight": 0.6010335030099928, "log10_subsample": -0.8032873348825188, "max_depth": 4.0, "num_boost_round": 15.0}, "datetime": {"datetime": "2024-01-19 01:15:06", "elapsed": 3810.914244, "delta": 0.00308}}
{"target": -17.677190005648544, "params": {"gamma": 429.81041261206997, "log10_alpha": -3.4205633048985664, "log10_colsample_bytree": -0.966067267798461, "log10_eta": -3.935279493043011, "log10_lambda": -1.6835419675279946, "log10_min_child_weight": 0.6010335030099928, "log10_subsample": -0.8032873348825188, "max_depth": 4.0, "num_boost_round": 16.0}, "datetime": {"datetime": "2024-01-19 01:15:06", "elapsed": 3810.917204, "delta": 0.00296}}
{"target": -17.677187394217693, "params": {"gamma": 429.81041261206997, "log10_alpha": -3.4205633048985664, "log10_colsample_bytree": -0.966067267798461, "log10_eta": -3.935279493043011, "log10_lambda": -1.6835419675279946, "log10_min_child_weight": 0.6010335030099928, "log10_subsample": -0.8032873348825188, "max_depth": 4.0, "num_boost_round": 17.0}, "datetime": {"datetime": "2024-01-19 01:15:06", "elapsed": 3810.920162, "delta": 0.002958}}
{"target": -17.67718377180115, "params": {"gamma": 429.81041261206997, "log10_alpha": -3.4205633048985664, "log10_colsample_bytree": -0.966067267798461, "log10_eta": -3.935279493043011, "log10_lambda": -1.6835419675279946, "log10_min_child_weight": 0.6010335030099928, "log10_subsample": -0.8032873348825188, "max_depth": 4.0, "num_boost_round": 18.0}, "datetime": {"datetime": "2024-01-19 01:15:06", "elapsed": 3810.923114, "delta": 0.002952}}
{"target": -17.677220066603823, "params": {"gamma": 424.47893566876536, "log10_alpha": -4.143335590171347, "log10_colsample_bytree": -0.8746794954448308, "log10_eta": -3.527665592586518, "log10_lambda": -4.860456730701719, "log10_min_child_weight": 2.56228193248146, "log10_subsample": -0.8033540029816639, "max_depth": 6.0, "num_boost_round": 0.0}, "datetime": {"datetime": "2024-01-19 01:15:53", "elapsed": 3857.84874, "delta": 46.925626}}
{"target": -17.67721472307394, "params": {"gamma": 424.47893566876536, "log10_alpha": -4.143335590171347, "log10_colsample_bytree": -0.8746794954448308, "log10_eta": -3.527665592586518, "log10_lambda": -4.860456730701719, "log10_min_child_weight": 2.56228193248146, "log10_subsample": -0.8033540029816639, "max_depth": 6.0, "num_boost_round": 1.0}, "datetime": {"datetime": "2024-01-19 01:15:53", "elapsed": 3857.85228, "delta": 0.00354}}
{"target": -17.677212611360236, "params": {"gamma": 424.47893566876536, "log10_alpha": -4.143335590171347, "log10_colsample_bytree": -0.8746794954448308, "log10_eta": -3.527665592586518, "log10_lambda": -4.860456730701719, "log10_min_child_weight": 2.56228193248146, "log10_subsample": -0.8033540029816639, "max_depth": 6.0, "num_boost_round": 2.0}, "datetime": {"datetime": "2024-01-19 01:15:53", "elapsed": 3857.855567, "delta": 0.003287}}
{"target": -17.67720467864745, "params": {"gamma": 424.47893566876536, "log10_alpha": -4.143335590171347, "log10_colsample_bytree": -0.8746794954448308, "log10_eta": -3.527665592586518, "log10_lambda": -4.860456730701719, "log10_min_child_weight": 2.56228193248146, "log10_subsample": -0.8033540029816639, "max_depth": 6.0, "num_boost_round": 3.0}, "datetime": {"datetime": "2024-01-19 01:15:53", "elapsed": 3857.858647, "delta": 0.00308}}
{"target": -17.677192651485093, "params": {"gamma": 424.47893566876536, "log10_alpha": -4.143335590171347, "log10_colsample_bytree": -0.8746794954448308, "log10_eta": -3.527665592586518, "log10_lambda": -4.860456730701719, "log10_min_child_weight": 2.56228193248146, "log10_subsample": -0.8033540029816639, "max_depth": 6.0, "num_boost_round": 4.0}, "datetime": {"datetime": "2024-01-19 01:15:53", "elapsed": 3857.861728, "delta": 0.003081}}
{"target": -17.677183877244698, "params": {"gamma": 424.47893566876536, "log10_alpha": -4.143335590171347, "log10_colsample_bytree": -0.8746794954448308, "log10_eta": -3.527665592586518, "log10_lambda": -4.860456730701719, "log10_min_child_weight": 2.56228193248146, "log10_subsample": -0.8033540029816639, "max_depth": 6.0, "num_boost_round": 5.0}, "datetime": {"datetime": "2024-01-19 01:15:53", "elapsed": 3857.864738, "delta": 0.00301}}
{"target": -17.677181667255443, "params": {"gamma": 424.47893566876536, "log10_alpha": -4.143335590171347, "log10_colsample_bytree": -0.8746794954448308, "log10_eta": -3.527665592586518, "log10_lambda": -4.860456730701719, "log10_min_child_weight": 2.56228193248146, "log10_subsample": -0.8033540029816639, "max_depth": 6.0, "num_boost_round": 6.0}, "datetime": {"datetime": "2024-01-19 01:15:53", "elapsed": 3857.867865, "delta": 0.003127}}
{"target": -17.677160099999043, "params": {"gamma": 424.47893566876536, "log10_alpha": -4.143335590171347, "log10_colsample_bytree": -0.8746794954448308, "log10_eta": -3.527665592586518, "log10_lambda": -4.860456730701719, "log10_min_child_weight": 2.56228193248146, "log10_subsample": -0.8033540029816639, "max_depth": 6.0, "num_boost_round": 7.0}, "datetime": {"datetime": "2024-01-19 01:15:53", "elapsed": 3857.870968, "delta": 0.003103}}
{"target": -17.677153519501896, "params": {"gamma": 424.47893566876536, "log10_alpha": -4.143335590171347, "log10_colsample_bytree": -0.8746794954448308, "log10_eta": -3.527665592586518, "log10_lambda": -4.860456730701719, "log10_min_child_weight": 2.56228193248146, "log10_subsample": -0.8033540029816639, "max_depth": 6.0, "num_boost_round": 8.0}, "datetime": {"datetime": "2024-01-19 01:15:53", "elapsed": 3857.87435, "delta": 0.003382}}
{"target": -17.677140109236003, "params": {"gamma": 424.47893566876536, "log10_alpha": -4.143335590171347, "log10_colsample_bytree": -0.8746794954448308, "log10_eta": -3.527665592586518, "log10_lambda": -4.860456730701719, "log10_min_child_weight": 2.56228193248146, "log10_subsample": -0.8033540029816639, "max_depth": 6.0, "num_boost_round": 9.0}, "datetime": {"datetime": "2024-01-19 01:15:53", "elapsed": 3857.877469, "delta": 0.003119}}
{"target": -17.67714101022181, "params": {"gamma": 424.47893566876536, "log10_alpha": -4.143335590171347, "log10_colsample_bytree": -0.8746794954448308, "log10_eta": -3.527665592586518, "log10_lambda": -4.860456730701719, "log10_min_child_weight": 2.56228193248146, "log10_subsample": -0.8033540029816639, "max_depth": 6.0, "num_boost_round": 10.0}, "datetime": {"datetime": "2024-01-19 01:15:53", "elapsed": 3857.88072, "delta": 0.003251}}
{"target": -17.677137304821247, "params": {"gamma": 424.47893566876536, "log10_alpha": -4.143335590171347, "log10_colsample_bytree": -0.8746794954448308, "log10_eta": -3.527665592586518, "log10_lambda": -4.860456730701719, "log10_min_child_weight": 2.56228193248146, "log10_subsample": -0.8033540029816639, "max_depth": 6.0, "num_boost_round": 11.0}, "datetime": {"datetime": "2024-01-19 01:15:53", "elapsed": 3857.883706, "delta": 0.002986}}
{"target": -17.677132355690365, "params": {"gamma": 424.47893566876536, "log10_alpha": -4.143335590171347, "log10_colsample_bytree": -0.8746794954448308, "log10_eta": -3.527665592586518, "log10_lambda": -4.860456730701719, "log10_min_child_weight": 2.56228193248146, "log10_subsample": -0.8033540029816639, "max_depth": 6.0, "num_boost_round": 12.0}, "datetime": {"datetime": "2024-01-19 01:15:53", "elapsed": 3857.886838, "delta": 0.003132}}
{"target": -17.67712581705024, "params": {"gamma": 424.47893566876536, "log10_alpha": -4.143335590171347, "log10_colsample_bytree": -0.8746794954448308, "log10_eta": -3.527665592586518, "log10_lambda": -4.860456730701719, "log10_min_child_weight": 2.56228193248146, "log10_subsample": -0.8033540029816639, "max_depth": 6.0, "num_boost_round": 13.0}, "datetime": {"datetime": "2024-01-19 01:15:53", "elapsed": 3857.889827, "delta": 0.002989}}
{"target": -17.67712054920955, "params": {"gamma": 424.47893566876536, "log10_alpha": -4.143335590171347, "log10_colsample_bytree": -0.8746794954448308, "log10_eta": -3.527665592586518, "log10_lambda": -4.860456730701719, "log10_min_child_weight": 2.56228193248146, "log10_subsample": -0.8033540029816639, "max_depth": 6.0, "num_boost_round": 14.0}, "datetime": {"datetime": "2024-01-19 01:15:53", "elapsed": 3857.893568, "delta": 0.003741}}
{"target": -17.67722612884034, "params": {"gamma": 433.5978461612448, "log10_alpha": 0.6902420292497089, "log10_colsample_bytree": -0.5873889453912517, "log10_eta": -3.3960781783190632, "log10_lambda": -0.5908979804213086, "log10_min_child_weight": 0.3198921900942575, "log10_subsample": -0.0017233316097843288, "max_depth": 4.0, "num_boost_round": 0.0}, "datetime": {"datetime": "2024-01-19 01:16:53", "elapsed": 3918.336227, "delta": 60.442659}}
{"target": -17.6772250457149, "params": {"gamma": 433.5978461612448, "log10_alpha": 0.6902420292497089, "log10_colsample_bytree": -0.5873889453912517, "log10_eta": -3.3960781783190632, "log10_lambda": -0.5908979804213086, "log10_min_child_weight": 0.3198921900942575, "log10_subsample": -0.0017233316097843288, "max_depth": 4.0, "num_boost_round": 1.0}, "datetime": {"datetime": "2024-01-19 01:16:53", "elapsed": 3918.340353, "delta": 0.004126}}
{"target": -17.67720770177478, "params": {"gamma": 433.5978461612448, "log10_alpha": 0.6902420292497089, "log10_colsample_bytree": -0.5873889453912517, "log10_eta": -3.3960781783190632, "log10_lambda": -0.5908979804213086, "log10_min_child_weight": 0.3198921900942575, "log10_subsample": -0.0017233316097843288, "max_depth": 4.0, "num_boost_round": 2.0}, "datetime": {"datetime": "2024-01-19 01:16:53", "elapsed": 3918.343392, "delta": 0.003039}}
{"target": -17.677197190704675, "params": {"gamma": 433.5978461612448, "log10_alpha": 0.6902420292497089, "log10_colsample_bytree": -0.5873889453912517, "log10_eta": -3.3960781783190632, "log10_lambda": -0.5908979804213086, "log10_min_child_weight": 0.3198921900942575, "log10_subsample": -0.0017233316097843288, "max_depth": 4.0, "num_boost_round": 3.0}, "datetime": {"datetime": "2024-01-19 01:16:53", "elapsed": 3918.347028, "delta": 0.003636}}
{"target": -17.677174932495443, "params": {"gamma": 433.5978461612448, "log10_alpha": 0.6902420292497089, "log10_colsample_bytree": -0.5873889453912517, "log10_eta": -3.3960781783190632, "log10_lambda": -0.5908979804213086, "log10_min_child_weight": 0.3198921900942575, "log10_subsample": -0.0017233316097843288, "max_depth": 4.0, "num_boost_round": 4.0}, "datetime": {"datetime": "2024-01-19 01:16:53", "elapsed": 3918.350566, "delta": 0.003538}}
{"target": -17.677160791353124, "params": {"gamma": 433.5978461612448, "log10_alpha": 0.6902420292497089, "log10_colsample_bytree": -0.5873889453912517, "log10_eta": -3.3960781783190632, "log10_lambda": -0.5908979804213086, "log10_min_child_weight": 0.3198921900942575, "log10_subsample": -0.0017233316097843288, "max_depth": 4.0, "num_boost_round": 5.0}, "datetime": {"datetime": "2024-01-19 01:16:53", "elapsed": 3918.353669, "delta": 0.003103}}
{"target": -17.677151530073434, "params": {"gamma": 433.5978461612448, "log10_alpha": 0.6902420292497089, "log10_colsample_bytree": -0.5873889453912517, "log10_eta": -3.3960781783190632, "log10_lambda": -0.5908979804213086, "log10_min_child_weight": 0.3198921900942575, "log10_subsample": -0.0017233316097843288, "max_depth": 4.0, "num_boost_round": 6.0}, "datetime": {"datetime": "2024-01-19 01:16:53", "elapsed": 3918.356636, "delta": 0.002967}}
{"target": -17.677136786556968, "params": {"gamma": 433.5978461612448, "log10_alpha": 0.6902420292497089, "log10_colsample_bytree": -0.5873889453912517, "log10_eta": -3.3960781783190632, "log10_lambda": -0.5908979804213086, "log10_min_child_weight": 0.3198921900942575, "log10_subsample": -0.0017233316097843288, "max_depth": 4.0, "num_boost_round": 7.0}, "datetime": {"datetime": "2024-01-19 01:16:53", "elapsed": 3918.359594, "delta": 0.002958}}
{"target": -17.67712981915542, "params": {"gamma": 433.5978461612448, "log10_alpha": 0.6902420292497089, "log10_colsample_bytree": -0.5873889453912517, "log10_eta": -3.3960781783190632, "log10_lambda": -0.5908979804213086, "log10_min_child_weight": 0.3198921900942575, "log10_subsample": -0.0017233316097843288, "max_depth": 4.0, "num_boost_round": 8.0}, "datetime": {"datetime": "2024-01-19 01:16:53", "elapsed": 3918.36256, "delta": 0.002966}}
{"target": -17.677120885218727, "params": {"gamma": 433.5978461612448, "log10_alpha": 0.6902420292497089, "log10_colsample_bytree": -0.5873889453912517, "log10_eta": -3.3960781783190632, "log10_lambda": -0.5908979804213086, "log10_min_child_weight": 0.3198921900942575, "log10_subsample": -0.0017233316097843288, "max_depth": 4.0, "num_boost_round": 9.0}, "datetime": {"datetime": "2024-01-19 01:16:53", "elapsed": 3918.365525, "delta": 0.002965}}
{"target": -17.67710198515477, "params": {"gamma": 433.5978461612448, "log10_alpha": 0.6902420292497089, "log10_colsample_bytree": -0.5873889453912517, "log10_eta": -3.3960781783190632, "log10_lambda": -0.5908979804213086, "log10_min_child_weight": 0.3198921900942575, "log10_subsample": -0.0017233316097843288, "max_depth": 4.0, "num_boost_round": 10.0}, "datetime": {"datetime": "2024-01-19 01:16:53", "elapsed": 3918.36849, "delta": 0.002965}}
{"target": -17.677108401776557, "params": {"gamma": 433.5978461612448, "log10_alpha": 0.6902420292497089, "log10_colsample_bytree": -0.5873889453912517, "log10_eta": -3.3960781783190632, "log10_lambda": -0.5908979804213086, "log10_min_child_weight": 0.3198921900942575, "log10_subsample": -0.0017233316097843288, "max_depth": 4.0, "num_boost_round": 11.0}, "datetime": {"datetime": "2024-01-19 01:16:53", "elapsed": 3918.371508, "delta": 0.003018}}
{"target": -17.6770970168736, "params": {"gamma": 433.5978461612448, "log10_alpha": 0.6902420292497089, "log10_colsample_bytree": -0.5873889453912517, "log10_eta": -3.3960781783190632, "log10_lambda": -0.5908979804213086, "log10_min_child_weight": 0.3198921900942575, "log10_subsample": -0.0017233316097843288, "max_depth": 4.0, "num_boost_round": 12.0}, "datetime": {"datetime": "2024-01-19 01:16:53", "elapsed": 3918.374687, "delta": 0.003179}}
{"target": -17.677075754114842, "params": {"gamma": 433.5978461612448, "log10_alpha": 0.6902420292497089, "log10_colsample_bytree": -0.5873889453912517, "log10_eta": -3.3960781783190632, "log10_lambda": -0.5908979804213086, "log10_min_child_weight": 0.3198921900942575, "log10_subsample": -0.0017233316097843288, "max_depth": 4.0, "num_boost_round": 13.0}, "datetime": {"datetime": "2024-01-19 01:16:53", "elapsed": 3918.377889, "delta": 0.003202}}
