{"target": -13.783889285068362, "params": {"gamma": 553.5588618159271, "log10_alpha": -2.3052424097532382, "log10_colsample_bytree": -0.18482218101488113, "log10_eta": -1.1519087400848544, "log10_lambda": 0.6570257754514381, "log10_min_child_weight": 3.908830333573145, "log10_subsample": -0.5601926734884162, "max_depth": 7.0, "num_boost_round": 35.0}, "datetime": {"datetime": "2024-01-19 00:25:09", "elapsed": 761.752789, "delta": 0.001581}}
{"target": -13.784303316202974, "params": {"gamma": 553.5588618159271, "log10_alpha": -2.3052424097532382, "log10_colsample_bytree": -0.18482218101488113, "log10_eta": -1.1519087400848544, "log10_lambda": 0.6570257754514381, "log10_min_child_weight": 3.908830333573145, "log10_subsample": -0.5601926734884162, "max_depth": 7.0, "num_boost_round": 36.0}, "datetime": {"datetime": "2024-01-19 00:25:09", "elapsed": 761.754149, "delta": 0.00136}}
{"target": -13.7854867808751, "params": {"gamma": 553.5588618159271, "log10_alpha": -2.3052424097532382, "log10_colsample_bytree": -0.18482218101488113, "log10_eta": -1.1519087400848544, "log10_lambda": 0.6570257754514381, "log10_min_child_weight": 3.908830333573145, "log10_subsample": -0.5601926734884162, "max_depth": 7.0, "num_boost_round": 37.0}, "datetime": {"datetime": "2024-01-19 00:25:09", "elapsed": 761.852748, "delta": 0.098599}}
{"target": -13.785948685251562, "params": {"gamma": 553.5588618159271, "log10_alpha": -2.3052424097532382, "log10_colsample_bytree": -0.18482218101488113, "log10_eta": -1.1519087400848544, "log10_lambda": 0.6570257754514381, "log10_min_child_weight": 3.908830333573145, "log10_subsample": -0.5601926734884162, "max_depth": 7.0, "num_boost_round": 38.0}, "datetime": {"datetime": "2024-01-19 00:25:09", "elapsed": 761.854456, "delta": 0.001708}}
{"target": -13.785734128382261, "params": {"gamma": 553.5588618159271, "log10_alpha": -2.3052424097532382, "log10_colsample_bytree": -0.18482218101488113, "log10_eta": -1.1519087400848544, "log10_lambda": 0.6570257754514381, "log10_min_child_weight": 3.908830333573145, "log10_subsample": -0.5601926734884162, "max_depth": 7.0, "num_boost_round": 39.0}, "datetime": {"datetime": "2024-01-19 00:25:09", "elapsed": 761.856075, "delta": 0.001619}}
{"target": -13.786346720633029, "params": {"gamma": 553.5588618159271, "log10_alpha": -2.3052424097532382, "log10_colsample_bytree": -0.18482218101488113, "log10_eta": -1.1519087400848544, "log10_lambda": 0.6570257754514381, "log10_min_child_weight": 3.908830333573145, "log10_subsample": -0.5601926734884162, "max_depth": 7.0, "num_boost_round": 40.0}, "datetime": {"datetime": "2024-01-19 00:25:09", "elapsed": 761.857603, "delta": 0.001528}}
{"target": -13.758535479708964, "params": {"gamma": 546.5051970490754, "log10_alpha": -0.26059536628000046, "log10_colsample_bytree": -0.503153799710592, "log10_eta": -3.511824052916302, "log10_lambda": 0.6047257264382679, "log10_min_child_weight": 2.811066031105253, "log10_subsample": -0.02171404120921916, "max_depth": 9.0, "num_boost_round": 0.0}, "datetime": {"datetime": "2024-01-19 00:25:34", "elapsed": 787.544752, "delta": 25.687149}}
{"target": -13.758517983921005, "params": {"gamma": 546.5051970490754, "log10_alpha": -0.26059536628000046, "log10_colsample_bytree": -0.503153799710592, "log10_eta": -3.511824052916302, "log10_lambda": 0.6047257264382679, "log10_min_child_weight": 2.811066031105253, "log10_subsample": -0.02171404120921916, "max_depth": 9.0, "num_boost_round": 1.0}, "datetime": {"datetime": "2024-01-19 00:25:34", "elapsed": 787.547014, "delta": 0.002262}}
{"target": -13.758512620191581, "params": {"gamma": 546.5051970490754, "log10_alpha": -0.26059536628000046, "log10_colsample_bytree": -0.503153799710592, "log10_eta": -3.511824052916302, "log10_lambda": 0.6047257264382679, "log10_min_child_weight": 2.811066031105253, "log10_subsample": -0.02171404120921916, "max_depth": 9.0, "num_boost_round": 2.0}, "datetime": {"datetime": "2024-01-19 00:25:34", "elapsed": 787.548797, "delta": 0.001783}}
{"target": -13.75851041295873, "params": {"gamma": 546.5051970490754, "log10_alpha": -0.26059536628000046, "log10_colsample_bytree": -0.503153799710592, "log10_eta": -3.511824052916302, "log10_lambda": 0.6047257264382679, "log10_min_child_weight": 2.811066031105253, "log10_subsample": -0.02171404120921916, "max_depth": 9.0, "num_boost_round": 3.0}, "datetime": {"datetime": "2024-01-19 00:25:34", "elapsed": 787.550289, "delta": 0.001492}}
{"target": -13.758498638073947, "params": {"gamma": 546.5051970490754, "log10_alpha": -0.26059536628000046, "log10_colsample_bytree": -0.503153799710592, "log10_eta": -3.511824052916302, "log10_lambda": 0.6047257264382679, "log10_min_child_weight": 2.811066031105253, "log10_subsample": -0.02171404120921916, "max_depth": 9.0, "num_boost_round": 4.0}, "datetime": {"datetime": "2024-01-19 00:25:34", "elapsed": 787.551759, "delta": 0.00147}}
{"target": -13.758487281290007, "params": {"gamma": 546.5051970490754, "log10_alpha": -0.26059536628000046, "log10_colsample_bytree": -0.503153799710592, "log10_eta": -3.511824052916302, "log10_lambda": 0.6047257264382679, "log10_min_child_weight": 2.811066031105253, "log10_subsample": -0.02171404120921916, "max_depth": 9.0, "num_boost_round": 5.0}, "datetime": {"datetime": "2024-01-19 00:25:34", "elapsed": 787.553633, "delta": 0.001874}}
{"target": -13.758480006147819, "params": {"gamma": 546.5051970490754, "log10_alpha": -0.26059536628000046, "log10_colsample_bytree": -0.503153799710592, "log10_eta": -3.511824052916302, "log10_lambda": 0.6047257264382679, "log10_min_child_weight": 2.811066031105253, "log10_subsample": -0.02171404120921916, "max_depth": 9.0, "num_boost_round": 6.0}, "datetime": {"datetime": "2024-01-19 00:25:34", "elapsed": 787.555066, "delta": 0.001433}}
{"target": -13.75846480304082, "params": {"gamma": 546.5051970490754, "log10_alpha": -0.26059536628000046, "log10_colsample_bytree": -0.503153799710592, "log10_eta": -3.511824052916302, "log10_lambda": 0.6047257264382679, "log10_min_child_weight": 2.811066031105253, "log10_subsample": -0.02171404120921916, "max_depth": 9.0, "num_boost_round": 7.0}, "datetime": {"datetime": "2024-01-19 00:25:34", "elapsed": 787.556449, "delta": 0.001383}}
{"target": -13.758456675822348, "params": {"gamma": 546.5051970490754, "log10_alpha": -0.26059536628000046, "log10_colsample_bytree": -0.503153799710592, "log10_eta": -3.511824052916302, "log10_lambda": 0.6047257264382679, "log10_min_child_weight": 2.811066031105253, "log10_subsample": -0.02171404120921916, "max_depth": 9.0, "num_boost_round": 8.0}, "datetime": {"datetime": "2024-01-19 00:25:34", "elapsed": 787.557822, "delta": 0.001373}}
{"target": -13.75843731746211, "params": {"gamma": 546.5051970490754, "log10_alpha": -0.26059536628000046, "log10_colsample_bytree": -0.503153799710592, "log10_eta": -3.511824052916302, "log10_lambda": 0.6047257264382679, "log10_min_child_weight": 2.811066031105253, "log10_subsample": -0.02171404120921916, "max_depth": 9.0, "num_boost_round": 9.0}, "datetime": {"datetime": "2024-01-19 00:25:34", "elapsed": 787.559208, "delta": 0.001386}}
{"target": -13.758438200514178, "params": {"gamma": 546.5051970490754, "log10_alpha": -0.26059536628000046, "log10_colsample_bytree": -0.503153799710592, "log10_eta": -3.511824052916302, "log10_lambda": 0.6047257264382679, "log10_min_child_weight": 2.811066031105253, "log10_subsample": -0.02171404120921916, "max_depth": 9.0, "num_boost_round": 10.0}, "datetime": {"datetime": "2024-01-19 00:25:34", "elapsed": 787.560589, "delta": 0.001381}}
{"target": -13.758444056356524, "params": {"gamma": 546.5051970490754, "log10_alpha": -0.26059536628000046, "log10_colsample_bytree": -0.503153799710592, "log10_eta": -3.511824052916302, "log10_lambda": 0.6047257264382679, "log10_min_child_weight": 2.811066031105253, "log10_subsample": -0.02171404120921916, "max_depth": 9.0, "num_boost_round": 11.0}, "datetime": {"datetime": "2024-01-19 00:25:34", "elapsed": 787.56196, "delta": 0.001371}}
{"target": -13.758452050571794, "params": {"gamma": 546.5051970490754, "log10_alpha": -0.26059536628000046, "log10_colsample_bytree": -0.503153799710592, "log10_eta": -3.511824052916302, "log10_lambda": 0.6047257264382679, "log10_min_child_weight": 2.811066031105253, "log10_subsample": -0.02171404120921916, "max_depth": 9.0, "num_boost_round": 12.0}, "datetime": {"datetime": "2024-01-19 00:25:34", "elapsed": 787.563354, "delta": 0.001394}}
{"target": -13.758450954658594, "params": {"gamma": 546.5051970490754, "log10_alpha": -0.26059536628000046, "log10_colsample_bytree": -0.503153799710592, "log10_eta": -3.511824052916302, "log10_lambda": 0.6047257264382679, "log10_min_child_weight": 2.811066031105253, "log10_subsample": -0.02171404120921916, "max_depth": 9.0, "num_boost_round": 13.0}, "datetime": {"datetime": "2024-01-19 00:25:34", "elapsed": 787.564733, "delta": 0.001379}}
{"target": -13.758451234262747, "params": {"gamma": 546.5051970490754, "log10_alpha": -0.26059536628000046, "log10_colsample_bytree": -0.503153799710592, "log10_eta": -3.511824052916302, "log10_lambda": 0.6047257264382679, "log10_min_child_weight": 2.811066031105253, "log10_subsample": -0.02171404120921916, "max_depth": 9.0, "num_boost_round": 14.0}, "datetime": {"datetime": "2024-01-19 00:25:34", "elapsed": 787.56612, "delta": 0.001387}}
{"target": -13.7584371933668, "params": {"gamma": 546.5051970490754, "log10_alpha": -0.26059536628000046, "log10_colsample_bytree": -0.503153799710592, "log10_eta": -3.511824052916302, "log10_lambda": 0.6047257264382679, "log10_min_child_weight": 2.811066031105253, "log10_subsample": -0.02171404120921916, "max_depth": 9.0, "num_boost_round": 15.0}, "datetime": {"datetime": "2024-01-19 00:25:34", "elapsed": 787.567552, "delta": 0.001432}}
{"target": -13.758435633398333, "params": {"gamma": 546.5051970490754, "log10_alpha": -0.26059536628000046, "log10_colsample_bytree": -0.503153799710592, "log10_eta": -3.511824052916302, "log10_lambda": 0.6047257264382679, "log10_min_child_weight": 2.811066031105253, "log10_subsample": -0.02171404120921916, "max_depth": 9.0, "num_boost_round": 16.0}, "datetime": {"datetime": "2024-01-19 00:25:34", "elapsed": 787.568994, "delta": 0.001442}}
{"target": -13.758438609757754, "params": {"gamma": 546.5051970490754, "log10_alpha": -0.26059536628000046, "log10_colsample_bytree": -0.503153799710592, "log10_eta": -3.511824052916302, "log10_lambda": 0.6047257264382679, "log10_min_child_weight": 2.811066031105253, "log10_subsample": -0.02171404120921916, "max_depth": 9.0, "num_boost_round": 17.0}, "datetime": {"datetime": "2024-01-19 00:25:34", "elapsed": 787.570439, "delta": 0.001445}}
{"target": -13.758402301046488, "params": {"gamma": 550.8447313298483, "log10_alpha": -0.22629544154111336, "log10_colsample_bytree": -0.15555954221352175, "log10_eta": -2.254947602492917, "log10_lambda": 0.19668227469047572, "log10_min_child_weight": 1.6721984308251048, "log10_subsample": -0.9251354646104175, "max_depth": 7.0, "num_boost_round": 0.0}, "datetime": {"datetime": "2024-01-19 00:26:05", "elapsed": 818.297227, "delta": 30.726788}}
{"target": -13.758550725355938, "params": {"gamma": 550.8447313298483, "log10_alpha": -0.22629544154111336, "log10_colsample_bytree": -0.15555954221352175, "log10_eta": -2.254947602492917, "log10_lambda": 0.19668227469047572, "log10_min_child_weight": 1.6721984308251048, "log10_subsample": -0.9251354646104175, "max_depth": 7.0, "num_boost_round": 1.0}, "datetime": {"datetime": "2024-01-19 00:26:05", "elapsed": 818.299265, "delta": 0.002038}}
{"target": -13.758455618746693, "params": {"gamma": 550.8447313298483, "log10_alpha": -0.22629544154111336, "log10_colsample_bytree": -0.15555954221352175, "log10_eta": -2.254947602492917, "log10_lambda": 0.19668227469047572, "log10_min_child_weight": 1.6721984308251048, "log10_subsample": -0.9251354646104175, "max_depth": 7.0, "num_boost_round": 2.0}, "datetime": {"datetime": "2024-01-19 00:26:05", "elapsed": 818.301121, "delta": 0.001856}}
{"target": -13.758301733802671, "params": {"gamma": 550.8447313298483, "log10_alpha": -0.22629544154111336, "log10_colsample_bytree": -0.15555954221352175, "log10_eta": -2.254947602492917, "log10_lambda": 0.19668227469047572, "log10_min_child_weight": 1.6721984308251048, "log10_subsample": -0.9251354646104175, "max_depth": 7.0, "num_boost_round": 3.0}, "datetime": {"datetime": "2024-01-19 00:26:05", "elapsed": 818.302655, "delta": 0.001534}}
{"target": -13.758036000521978, "params": {"gamma": 550.8447313298483, "log10_alpha": -0.22629544154111336, "log10_colsample_bytree": -0.15555954221352175, "log10_eta": -2.254947602492917, "log10_lambda": 0.19668227469047572, "log10_min_child_weight": 1.6721984308251048, "log10_subsample": -0.9251354646104175, "max_depth": 7.0, "num_boost_round": 4.0}, "datetime": {"datetime": "2024-01-19 00:26:05", "elapsed": 818.304045, "delta": 0.00139}}
{"target": -13.757811213183794, "params": {"gamma": 550.8447313298483, "log10_alpha": -0.22629544154111336, "log10_colsample_bytree": -0.15555954221352175, "log10_eta": -2.254947602492917, "log10_lambda": 0.19668227469047572, "log10_min_child_weight": 1.6721984308251048, "log10_subsample": -0.9251354646104175, "max_depth": 7.0, "num_boost_round": 5.0}, "datetime": {"datetime": "2024-01-19 00:26:05", "elapsed": 818.305431, "delta": 0.001386}}
{"target": -13.757745605009351, "params": {"gamma": 550.8447313298483, "log10_alpha": -0.22629544154111336, "log10_colsample_bytree": -0.15555954221352175, "log10_eta": -2.254947602492917, "log10_lambda": 0.19668227469047572, "log10_min_child_weight": 1.6721984308251048, "log10_subsample": -0.9251354646104175, "max_depth": 7.0, "num_boost_round": 6.0}, "datetime": {"datetime": "2024-01-19 00:26:05", "elapsed": 818.306853, "delta": 0.001422}}
{"target": -13.757671199109286, "params": {"gamma": 550.8447313298483, "log10_alpha": -0.22629544154111336, "log10_colsample_bytree": -0.15555954221352175, "log10_eta": -2.254947602492917, "log10_lambda": 0.19668227469047572, "log10_min_child_weight": 1.6721984308251048, "log10_subsample": -0.9251354646104175, "max_depth": 7.0, "num_boost_round": 7.0}, "datetime": {"datetime": "2024-01-19 00:26:05", "elapsed": 818.308228, "delta": 0.001375}}
{"target": -13.757522386301357, "params": {"gamma": 550.8447313298483, "log10_alpha": -0.22629544154111336, "log10_colsample_bytree": -0.15555954221352175, "log10_eta": -2.254947602492917, "log10_lambda": 0.19668227469047572, "log10_min_child_weight": 1.6721984308251048, "log10_subsample": -0.9251354646104175, "max_depth": 7.0, "num_boost_round": 8.0}, "datetime": {"datetime": "2024-01-19 00:26:05", "elapsed": 818.309638, "delta": 0.00141}}
{"target": -13.757464708565005, "params": {"gamma": 550.8447313298483, "log10_alpha": -0.22629544154111336, "log10_colsample_bytree": -0.15555954221352175, "log10_eta": -2.254947602492917, "log10_lambda": 0.19668227469047572, "log10_min_child_weight": 1.6721984308251048, "log10_subsample": -0.9251354646104175, "max_depth": 7.0, "num_boost_round": 9.0}, "datetime": {"datetime": "2024-01-19 00:26:05", "elapsed": 818.311002, "delta": 0.001364}}
{"target": -13.757154366168747, "params": {"gamma": 550.8447313298483, "log10_alpha": -0.22629544154111336, "log10_colsample_bytree": -0.15555954221352175, "log10_eta": -2.254947602492917, "log10_lambda": 0.19668227469047572, "log10_min_child_weight": 1.6721984308251048, "log10_subsample": -0.9251354646104175, "max_depth": 7.0, "num_boost_round": 10.0}, "datetime": {"datetime": "2024-01-19 00:26:05", "elapsed": 818.312362, "delta": 0.00136}}
{"target": -13.756902739198592, "params": {"gamma": 550.8447313298483, "log10_alpha": -0.22629544154111336, "log10_colsample_bytree": -0.15555954221352175, "log10_eta": -2.254947602492917, "log10_lambda": 0.19668227469047572, "log10_min_child_weight": 1.6721984308251048, "log10_subsample": -0.9251354646104175, "max_depth": 7.0, "num_boost_round": 11.0}, "datetime": {"datetime": "2024-01-19 00:26:05", "elapsed": 818.313904, "delta": 0.001542}}
{"target": -13.75695417291901, "params": {"gamma": 550.8447313298483, "log10_alpha": -0.22629544154111336, "log10_colsample_bytree": -0.15555954221352175, "log10_eta": -2.254947602492917, "log10_lambda": 0.19668227469047572, "log10_min_child_weight": 1.6721984308251048, "log10_subsample": -0.9251354646104175, "max_depth": 7.0, "num_boost_round": 12.0}, "datetime": {"datetime": "2024-01-19 00:26:05", "elapsed": 818.315286, "delta": 0.001382}}
{"target": -13.756948246382633, "params": {"gamma": 550.8447313298483, "log10_alpha": -0.22629544154111336, "log10_colsample_bytree": -0.15555954221352175, "log10_eta": -2.254947602492917, "log10_lambda": 0.19668227469047572, "log10_min_child_weight": 1.6721984308251048, "log10_subsample": -0.9251354646104175, "max_depth": 7.0, "num_boost_round": 13.0}, "datetime": {"datetime": "2024-01-19 00:26:05", "elapsed": 818.316658, "delta": 0.001372}}
{"target": -13.756857245337388, "params": {"gamma": 550.8447313298483, "log10_alpha": -0.22629544154111336, "log10_colsample_bytree": -0.15555954221352175, "log10_eta": -2.254947602492917, "log10_lambda": 0.19668227469047572, "log10_min_child_weight": 1.6721984308251048, "log10_subsample": -0.9251354646104175, "max_depth": 7.0, "num_boost_round": 14.0}, "datetime": {"datetime": "2024-01-19 00:26:05", "elapsed": 818.318047, "delta": 0.001389}}
{"target": -13.75668879990296, "params": {"gamma": 550.8447313298483, "log10_alpha": -0.22629544154111336, "log10_colsample_bytree": -0.15555954221352175, "log10_eta": -2.254947602492917, "log10_lambda": 0.19668227469047572, "log10_min_child_weight": 1.6721984308251048, "log10_subsample": -0.9251354646104175, "max_depth": 7.0, "num_boost_round": 15.0}, "datetime": {"datetime": "2024-01-19 00:26:05", "elapsed": 818.319416, "delta": 0.001369}}
{"target": -13.756396938399302, "params": {"gamma": 550.8447313298483, "log10_alpha": -0.22629544154111336, "log10_colsample_bytree": -0.15555954221352175, "log10_eta": -2.254947602492917, "log10_lambda": 0.19668227469047572, "log10_min_child_weight": 1.6721984308251048, "log10_subsample": -0.9251354646104175, "max_depth": 7.0, "num_boost_round": 16.0}, "datetime": {"datetime": "2024-01-19 00:26:05", "elapsed": 818.320791, "delta": 0.001375}}
{"target": -13.756484789458678, "params": {"gamma": 550.8447313298483, "log10_alpha": -0.22629544154111336, "log10_colsample_bytree": -0.15555954221352175, "log10_eta": -2.254947602492917, "log10_lambda": 0.19668227469047572, "log10_min_child_weight": 1.6721984308251048, "log10_subsample": -0.9251354646104175, "max_depth": 7.0, "num_boost_round": 17.0}, "datetime": {"datetime": "2024-01-19 00:26:05", "elapsed": 818.322168, "delta": 0.001377}}
{"target": -13.756723866897813, "params": {"gamma": 550.8447313298483, "log10_alpha": -0.22629544154111336, "log10_colsample_bytree": -0.15555954221352175, "log10_eta": -2.254947602492917, "log10_lambda": 0.19668227469047572, "log10_min_child_weight": 1.6721984308251048, "log10_subsample": -0.9251354646104175, "max_depth": 7.0, "num_boost_round": 18.0}, "datetime": {"datetime": "2024-01-19 00:26:05", "elapsed": 818.323566, "delta": 0.001398}}
{"target": -13.756694131894937, "params": {"gamma": 550.8447313298483, "log10_alpha": -0.22629544154111336, "log10_colsample_bytree": -0.15555954221352175, "log10_eta": -2.254947602492917, "log10_lambda": 0.19668227469047572, "log10_min_child_weight": 1.6721984308251048, "log10_subsample": -0.9251354646104175, "max_depth": 7.0, "num_boost_round": 19.0}, "datetime": {"datetime": "2024-01-19 00:26:05", "elapsed": 818.324945, "delta": 0.001379}}
{"target": -13.756401721158754, "params": {"gamma": 550.8447313298483, "log10_alpha": -0.22629544154111336, "log10_colsample_bytree": -0.15555954221352175, "log10_eta": -2.254947602492917, "log10_lambda": 0.19668227469047572, "log10_min_child_weight": 1.6721984308251048, "log10_subsample": -0.9251354646104175, "max_depth": 7.0, "num_boost_round": 20.0}, "datetime": {"datetime": "2024-01-19 00:26:05", "elapsed": 818.326329, "delta": 0.001384}}
{"target": -13.756473286210525, "params": {"gamma": 550.8447313298483, "log10_alpha": -0.22629544154111336, "log10_colsample_bytree": -0.15555954221352175, "log10_eta": -2.254947602492917, "log10_lambda": 0.19668227469047572, "log10_min_child_weight": 1.6721984308251048, "log10_subsample": -0.9251354646104175, "max_depth": 7.0, "num_boost_round": 21.0}, "datetime": {"datetime": "2024-01-19 00:26:05", "elapsed": 818.327694, "delta": 0.001365}}
{"target": -13.756530108417358, "params": {"gamma": 550.8447313298483, "log10_alpha": -0.22629544154111336, "log10_colsample_bytree": -0.15555954221352175, "log10_eta": -2.254947602492917, "log10_lambda": 0.19668227469047572, "log10_min_child_weight": 1.6721984308251048, "log10_subsample": -0.9251354646104175, "max_depth": 7.0, "num_boost_round": 22.0}, "datetime": {"datetime": "2024-01-19 00:26:05", "elapsed": 818.329058, "delta": 0.001364}}
{"target": -13.756370936261073, "params": {"gamma": 550.8447313298483, "log10_alpha": -0.22629544154111336, "log10_colsample_bytree": -0.15555954221352175, "log10_eta": -2.254947602492917, "log10_lambda": 0.19668227469047572, "log10_min_child_weight": 1.6721984308251048, "log10_subsample": -0.9251354646104175, "max_depth": 7.0, "num_boost_round": 23.0}, "datetime": {"datetime": "2024-01-19 00:26:05", "elapsed": 818.330433, "delta": 0.001375}}
{"target": -13.756354279311784, "params": {"gamma": 550.8447313298483, "log10_alpha": -0.22629544154111336, "log10_colsample_bytree": -0.15555954221352175, "log10_eta": -2.254947602492917, "log10_lambda": 0.19668227469047572, "log10_min_child_weight": 1.6721984308251048, "log10_subsample": -0.9251354646104175, "max_depth": 7.0, "num_boost_round": 24.0}, "datetime": {"datetime": "2024-01-19 00:26:05", "elapsed": 818.331836, "delta": 0.001403}}
