{"target": -13.757916148144856, "params": {"gamma": 796.8847264381887, "log10_alpha": 0.9763259941629601, "log10_colsample_bytree": -0.8347192375186265, "log10_eta": -1.7513711782319237, "log10_lambda": -4.845464577102723, "log10_min_child_weight": 4.720592108458229, "log10_subsample": -0.5125643420946051, "max_depth": 8.0, "num_boost_round": 28.0}, "datetime": {"datetime": "2024-01-19 01:57:04", "elapsed": 6329.178081, "delta": 0.006391}}
{"target": -13.757894107727866, "params": {"gamma": 796.8847264381887, "log10_alpha": 0.9763259941629601, "log10_colsample_bytree": -0.8347192375186265, "log10_eta": -1.7513711782319237, "log10_lambda": -4.845464577102723, "log10_min_child_weight": 4.720592108458229, "log10_subsample": -0.5125643420946051, "max_depth": 8.0, "num_boost_round": 29.0}, "datetime": {"datetime": "2024-01-19 01:57:04", "elapsed": 6329.184592, "delta": 0.006511}}
{"target": -13.757844838323216, "params": {"gamma": 796.8847264381887, "log10_alpha": 0.9763259941629601, "log10_colsample_bytree": -0.8347192375186265, "log10_eta": -1.7513711782319237, "log10_lambda": -4.845464577102723, "log10_min_child_weight": 4.720592108458229, "log10_subsample": -0.5125643420946051, "max_depth": 8.0, "num_boost_round": 30.0}, "datetime": {"datetime": "2024-01-19 01:57:04", "elapsed": 6329.190943, "delta": 0.006351}}
{"target": -13.757867097382967, "params": {"gamma": 796.8847264381887, "log10_alpha": 0.9763259941629601, "log10_colsample_bytree": -0.8347192375186265, "log10_eta": -1.7513711782319237, "log10_lambda": -4.845464577102723, "log10_min_child_weight": 4.720592108458229, "log10_subsample": -0.5125643420946051, "max_depth": 8.0, "num_boost_round": 31.0}, "datetime": {"datetime": "2024-01-19 01:57:04", "elapsed": 6329.197438, "delta": 0.006495}}
{"target": -13.757820063130557, "params": {"gamma": 796.8847264381887, "log10_alpha": 0.9763259941629601, "log10_colsample_bytree": -0.8347192375186265, "log10_eta": -1.7513711782319237, "log10_lambda": -4.845464577102723, "log10_min_child_weight": 4.720592108458229, "log10_subsample": -0.5125643420946051, "max_depth": 8.0, "num_boost_round": 32.0}, "datetime": {"datetime": "2024-01-19 01:57:04", "elapsed": 6329.203724, "delta": 0.006286}}
{"target": -13.757731648686162, "params": {"gamma": 796.8847264381887, "log10_alpha": 0.9763259941629601, "log10_colsample_bytree": -0.8347192375186265, "log10_eta": -1.7513711782319237, "log10_lambda": -4.845464577102723, "log10_min_child_weight": 4.720592108458229, "log10_subsample": -0.5125643420946051, "max_depth": 8.0, "num_boost_round": 33.0}, "datetime": {"datetime": "2024-01-19 01:57:04", "elapsed": 6329.210205, "delta": 0.006481}}
{"target": -13.758432516305529, "params": {"gamma": 806.8984546665779, "log10_alpha": -1.4378057676675322, "log10_colsample_bytree": -0.2602429312473509, "log10_eta": -1.580255260931406, "log10_lambda": -3.121602636826035, "log10_min_child_weight": 0.5762580732777345, "log10_subsample": -0.21246271179918808, "max_depth": 4.0, "num_boost_round": 0.0}, "datetime": {"datetime": "2024-01-19 01:58:34", "elapsed": 6418.801289, "delta": 89.591084}}
{"target": -13.758944263543608, "params": {"gamma": 806.8984546665779, "log10_alpha": -1.4378057676675322, "log10_colsample_bytree": -0.2602429312473509, "log10_eta": -1.580255260931406, "log10_lambda": -3.121602636826035, "log10_min_child_weight": 0.5762580732777345, "log10_subsample": -0.21246271179918808, "max_depth": 4.0, "num_boost_round": 1.0}, "datetime": {"datetime": "2024-01-19 01:58:34", "elapsed": 6418.808773, "delta": 0.007484}}
{"target": -13.759384015652161, "params": {"gamma": 806.8984546665779, "log10_alpha": -1.4378057676675322, "log10_colsample_bytree": -0.2602429312473509, "log10_eta": -1.580255260931406, "log10_lambda": -3.121602636826035, "log10_min_child_weight": 0.5762580732777345, "log10_subsample": -0.21246271179918808, "max_depth": 4.0, "num_boost_round": 2.0}, "datetime": {"datetime": "2024-01-19 01:58:34", "elapsed": 6418.815869, "delta": 0.007096}}
{"target": -13.759229163304855, "params": {"gamma": 806.8984546665779, "log10_alpha": -1.4378057676675322, "log10_colsample_bytree": -0.2602429312473509, "log10_eta": -1.580255260931406, "log10_lambda": -3.121602636826035, "log10_min_child_weight": 0.5762580732777345, "log10_subsample": -0.21246271179918808, "max_depth": 4.0, "num_boost_round": 3.0}, "datetime": {"datetime": "2024-01-19 01:58:34", "elapsed": 6418.822322, "delta": 0.006453}}
{"target": -13.759215248227116, "params": {"gamma": 806.8984546665779, "log10_alpha": -1.4378057676675322, "log10_colsample_bytree": -0.2602429312473509, "log10_eta": -1.580255260931406, "log10_lambda": -3.121602636826035, "log10_min_child_weight": 0.5762580732777345, "log10_subsample": -0.21246271179918808, "max_depth": 4.0, "num_boost_round": 4.0}, "datetime": {"datetime": "2024-01-19 01:58:34", "elapsed": 6418.828864, "delta": 0.006542}}
{"target": -13.758678691491522, "params": {"gamma": 806.8984546665779, "log10_alpha": -1.4378057676675322, "log10_colsample_bytree": -0.2602429312473509, "log10_eta": -1.580255260931406, "log10_lambda": -3.121602636826035, "log10_min_child_weight": 0.5762580732777345, "log10_subsample": -0.21246271179918808, "max_depth": 4.0, "num_boost_round": 5.0}, "datetime": {"datetime": "2024-01-19 01:58:34", "elapsed": 6418.954968, "delta": 0.126104}}
{"target": -13.758661184547105, "params": {"gamma": 806.8984546665779, "log10_alpha": -1.4378057676675322, "log10_colsample_bytree": -0.2602429312473509, "log10_eta": -1.580255260931406, "log10_lambda": -3.121602636826035, "log10_min_child_weight": 0.5762580732777345, "log10_subsample": -0.21246271179918808, "max_depth": 4.0, "num_boost_round": 6.0}, "datetime": {"datetime": "2024-01-19 01:58:34", "elapsed": 6418.963418, "delta": 0.00845}}
{"target": -13.758888744522233, "params": {"gamma": 806.8984546665779, "log10_alpha": -1.4378057676675322, "log10_colsample_bytree": -0.2602429312473509, "log10_eta": -1.580255260931406, "log10_lambda": -3.121602636826035, "log10_min_child_weight": 0.5762580732777345, "log10_subsample": -0.21246271179918808, "max_depth": 4.0, "num_boost_round": 7.0}, "datetime": {"datetime": "2024-01-19 01:58:34", "elapsed": 6418.97129, "delta": 0.007872}}
{"target": -13.758504371567755, "params": {"gamma": 806.8984546665779, "log10_alpha": -1.4378057676675322, "log10_colsample_bytree": -0.2602429312473509, "log10_eta": -1.580255260931406, "log10_lambda": -3.121602636826035, "log10_min_child_weight": 0.5762580732777345, "log10_subsample": -0.21246271179918808, "max_depth": 4.0, "num_boost_round": 8.0}, "datetime": {"datetime": "2024-01-19 01:58:34", "elapsed": 6418.978233, "delta": 0.006943}}
{"target": -13.75847047361831, "params": {"gamma": 806.8984546665779, "log10_alpha": -1.4378057676675322, "log10_colsample_bytree": -0.2602429312473509, "log10_eta": -1.580255260931406, "log10_lambda": -3.121602636826035, "log10_min_child_weight": 0.5762580732777345, "log10_subsample": -0.21246271179918808, "max_depth": 4.0, "num_boost_round": 9.0}, "datetime": {"datetime": "2024-01-19 01:58:34", "elapsed": 6418.984935, "delta": 0.006702}}
{"target": -13.758871421847417, "params": {"gamma": 806.8984546665779, "log10_alpha": -1.4378057676675322, "log10_colsample_bytree": -0.2602429312473509, "log10_eta": -1.580255260931406, "log10_lambda": -3.121602636826035, "log10_min_child_weight": 0.5762580732777345, "log10_subsample": -0.21246271179918808, "max_depth": 4.0, "num_boost_round": 10.0}, "datetime": {"datetime": "2024-01-19 01:58:34", "elapsed": 6418.991531, "delta": 0.006596}}
{"target": -13.758773449810988, "params": {"gamma": 806.8984546665779, "log10_alpha": -1.4378057676675322, "log10_colsample_bytree": -0.2602429312473509, "log10_eta": -1.580255260931406, "log10_lambda": -3.121602636826035, "log10_min_child_weight": 0.5762580732777345, "log10_subsample": -0.21246271179918808, "max_depth": 4.0, "num_boost_round": 11.0}, "datetime": {"datetime": "2024-01-19 01:58:34", "elapsed": 6418.998117, "delta": 0.006586}}
{"target": -13.759654540784775, "params": {"gamma": 806.8984546665779, "log10_alpha": -1.4378057676675322, "log10_colsample_bytree": -0.2602429312473509, "log10_eta": -1.580255260931406, "log10_lambda": -3.121602636826035, "log10_min_child_weight": 0.5762580732777345, "log10_subsample": -0.21246271179918808, "max_depth": 4.0, "num_boost_round": 12.0}, "datetime": {"datetime": "2024-01-19 01:58:34", "elapsed": 6419.004738, "delta": 0.006621}}
{"target": -13.760655417860004, "params": {"gamma": 806.8984546665779, "log10_alpha": -1.4378057676675322, "log10_colsample_bytree": -0.2602429312473509, "log10_eta": -1.580255260931406, "log10_lambda": -3.121602636826035, "log10_min_child_weight": 0.5762580732777345, "log10_subsample": -0.21246271179918808, "max_depth": 4.0, "num_boost_round": 13.0}, "datetime": {"datetime": "2024-01-19 01:58:34", "elapsed": 6419.01157, "delta": 0.006832}}
{"target": -13.76162145993014, "params": {"gamma": 806.8984546665779, "log10_alpha": -1.4378057676675322, "log10_colsample_bytree": -0.2602429312473509, "log10_eta": -1.580255260931406, "log10_lambda": -3.121602636826035, "log10_min_child_weight": 0.5762580732777345, "log10_subsample": -0.21246271179918808, "max_depth": 4.0, "num_boost_round": 14.0}, "datetime": {"datetime": "2024-01-19 01:58:34", "elapsed": 6419.018261, "delta": 0.006691}}
{"target": -13.761488647912456, "params": {"gamma": 806.8984546665779, "log10_alpha": -1.4378057676675322, "log10_colsample_bytree": -0.2602429312473509, "log10_eta": -1.580255260931406, "log10_lambda": -3.121602636826035, "log10_min_child_weight": 0.5762580732777345, "log10_subsample": -0.21246271179918808, "max_depth": 4.0, "num_boost_round": 15.0}, "datetime": {"datetime": "2024-01-19 01:58:34", "elapsed": 6419.024961, "delta": 0.0067}}
{"target": -13.761433657092088, "params": {"gamma": 806.8984546665779, "log10_alpha": -1.4378057676675322, "log10_colsample_bytree": -0.2602429312473509, "log10_eta": -1.580255260931406, "log10_lambda": -3.121602636826035, "log10_min_child_weight": 0.5762580732777345, "log10_subsample": -0.21246271179918808, "max_depth": 4.0, "num_boost_round": 16.0}, "datetime": {"datetime": "2024-01-19 01:58:34", "elapsed": 6419.031798, "delta": 0.006837}}
{"target": -13.7617721704635, "params": {"gamma": 806.8984546665779, "log10_alpha": -1.4378057676675322, "log10_colsample_bytree": -0.2602429312473509, "log10_eta": -1.580255260931406, "log10_lambda": -3.121602636826035, "log10_min_child_weight": 0.5762580732777345, "log10_subsample": -0.21246271179918808, "max_depth": 4.0, "num_boost_round": 17.0}, "datetime": {"datetime": "2024-01-19 01:58:34", "elapsed": 6419.03849, "delta": 0.006692}}
{"target": -13.762262577582419, "params": {"gamma": 806.8984546665779, "log10_alpha": -1.4378057676675322, "log10_colsample_bytree": -0.2602429312473509, "log10_eta": -1.580255260931406, "log10_lambda": -3.121602636826035, "log10_min_child_weight": 0.5762580732777345, "log10_subsample": -0.21246271179918808, "max_depth": 4.0, "num_boost_round": 18.0}, "datetime": {"datetime": "2024-01-19 01:58:34", "elapsed": 6419.045057, "delta": 0.006567}}
{"target": -13.761681466511087, "params": {"gamma": 806.8984546665779, "log10_alpha": -1.4378057676675322, "log10_colsample_bytree": -0.2602429312473509, "log10_eta": -1.580255260931406, "log10_lambda": -3.121602636826035, "log10_min_child_weight": 0.5762580732777345, "log10_subsample": -0.21246271179918808, "max_depth": 4.0, "num_boost_round": 19.0}, "datetime": {"datetime": "2024-01-19 01:58:34", "elapsed": 6419.051672, "delta": 0.006615}}
{"target": -13.762484896354282, "params": {"gamma": 806.8984546665779, "log10_alpha": -1.4378057676675322, "log10_colsample_bytree": -0.2602429312473509, "log10_eta": -1.580255260931406, "log10_lambda": -3.121602636826035, "log10_min_child_weight": 0.5762580732777345, "log10_subsample": -0.21246271179918808, "max_depth": 4.0, "num_boost_round": 20.0}, "datetime": {"datetime": "2024-01-19 01:58:34", "elapsed": 6419.058254, "delta": 0.006582}}
{"target": -13.763107946314227, "params": {"gamma": 806.8984546665779, "log10_alpha": -1.4378057676675322, "log10_colsample_bytree": -0.2602429312473509, "log10_eta": -1.580255260931406, "log10_lambda": -3.121602636826035, "log10_min_child_weight": 0.5762580732777345, "log10_subsample": -0.21246271179918808, "max_depth": 4.0, "num_boost_round": 21.0}, "datetime": {"datetime": "2024-01-19 01:58:34", "elapsed": 6419.064796, "delta": 0.006542}}
{"target": -13.76416913182063, "params": {"gamma": 806.8984546665779, "log10_alpha": -1.4378057676675322, "log10_colsample_bytree": -0.2602429312473509, "log10_eta": -1.580255260931406, "log10_lambda": -3.121602636826035, "log10_min_child_weight": 0.5762580732777345, "log10_subsample": -0.21246271179918808, "max_depth": 4.0, "num_boost_round": 22.0}, "datetime": {"datetime": "2024-01-19 01:58:34", "elapsed": 6419.071371, "delta": 0.006575}}
{"target": -13.764224601547598, "params": {"gamma": 806.8984546665779, "log10_alpha": -1.4378057676675322, "log10_colsample_bytree": -0.2602429312473509, "log10_eta": -1.580255260931406, "log10_lambda": -3.121602636826035, "log10_min_child_weight": 0.5762580732777345, "log10_subsample": -0.21246271179918808, "max_depth": 4.0, "num_boost_round": 23.0}, "datetime": {"datetime": "2024-01-19 01:58:34", "elapsed": 6419.077973, "delta": 0.006602}}
{"target": -13.764972780713762, "params": {"gamma": 806.8984546665779, "log10_alpha": -1.4378057676675322, "log10_colsample_bytree": -0.2602429312473509, "log10_eta": -1.580255260931406, "log10_lambda": -3.121602636826035, "log10_min_child_weight": 0.5762580732777345, "log10_subsample": -0.21246271179918808, "max_depth": 4.0, "num_boost_round": 24.0}, "datetime": {"datetime": "2024-01-19 01:58:34", "elapsed": 6419.084528, "delta": 0.006555}}
{"target": -13.76552010825029, "params": {"gamma": 806.8984546665779, "log10_alpha": -1.4378057676675322, "log10_colsample_bytree": -0.2602429312473509, "log10_eta": -1.580255260931406, "log10_lambda": -3.121602636826035, "log10_min_child_weight": 0.5762580732777345, "log10_subsample": -0.21246271179918808, "max_depth": 4.0, "num_boost_round": 25.0}, "datetime": {"datetime": "2024-01-19 01:58:34", "elapsed": 6419.092167, "delta": 0.007639}}
{"target": -13.76547370133118, "params": {"gamma": 806.8984546665779, "log10_alpha": -1.4378057676675322, "log10_colsample_bytree": -0.2602429312473509, "log10_eta": -1.580255260931406, "log10_lambda": -3.121602636826035, "log10_min_child_weight": 0.5762580732777345, "log10_subsample": -0.21246271179918808, "max_depth": 4.0, "num_boost_round": 26.0}, "datetime": {"datetime": "2024-01-19 01:58:34", "elapsed": 6419.099208, "delta": 0.007041}}
{"target": -13.7660422459978, "params": {"gamma": 806.8984546665779, "log10_alpha": -1.4378057676675322, "log10_colsample_bytree": -0.2602429312473509, "log10_eta": -1.580255260931406, "log10_lambda": -3.121602636826035, "log10_min_child_weight": 0.5762580732777345, "log10_subsample": -0.21246271179918808, "max_depth": 4.0, "num_boost_round": 27.0}, "datetime": {"datetime": "2024-01-19 01:58:34", "elapsed": 6419.106046, "delta": 0.006838}}
{"target": -13.765951402730867, "params": {"gamma": 806.8984546665779, "log10_alpha": -1.4378057676675322, "log10_colsample_bytree": -0.2602429312473509, "log10_eta": -1.580255260931406, "log10_lambda": -3.121602636826035, "log10_min_child_weight": 0.5762580732777345, "log10_subsample": -0.21246271179918808, "max_depth": 4.0, "num_boost_round": 28.0}, "datetime": {"datetime": "2024-01-19 01:58:34", "elapsed": 6419.112708, "delta": 0.006662}}
{"target": -13.768477692162291, "params": {"gamma": 806.8984546665779, "log10_alpha": -1.4378057676675322, "log10_colsample_bytree": -0.2602429312473509, "log10_eta": -1.580255260931406, "log10_lambda": -3.121602636826035, "log10_min_child_weight": 0.5762580732777345, "log10_subsample": -0.21246271179918808, "max_depth": 4.0, "num_boost_round": 29.0}, "datetime": {"datetime": "2024-01-19 01:58:34", "elapsed": 6419.119408, "delta": 0.0067}}
{"target": -13.768798942308143, "params": {"gamma": 806.8984546665779, "log10_alpha": -1.4378057676675322, "log10_colsample_bytree": -0.2602429312473509, "log10_eta": -1.580255260931406, "log10_lambda": -3.121602636826035, "log10_min_child_weight": 0.5762580732777345, "log10_subsample": -0.21246271179918808, "max_depth": 4.0, "num_boost_round": 30.0}, "datetime": {"datetime": "2024-01-19 01:58:34", "elapsed": 6419.126133, "delta": 0.006725}}
{"target": -13.769628593461853, "params": {"gamma": 806.8984546665779, "log10_alpha": -1.4378057676675322, "log10_colsample_bytree": -0.2602429312473509, "log10_eta": -1.580255260931406, "log10_lambda": -3.121602636826035, "log10_min_child_weight": 0.5762580732777345, "log10_subsample": -0.21246271179918808, "max_depth": 4.0, "num_boost_round": 31.0}, "datetime": {"datetime": "2024-01-19 01:58:34", "elapsed": 6419.133006, "delta": 0.006873}}
{"target": -13.769706760676637, "params": {"gamma": 806.8984546665779, "log10_alpha": -1.4378057676675322, "log10_colsample_bytree": -0.2602429312473509, "log10_eta": -1.580255260931406, "log10_lambda": -3.121602636826035, "log10_min_child_weight": 0.5762580732777345, "log10_subsample": -0.21246271179918808, "max_depth": 4.0, "num_boost_round": 32.0}, "datetime": {"datetime": "2024-01-19 01:58:34", "elapsed": 6419.13974, "delta": 0.006734}}
{"target": -13.770749223291412, "params": {"gamma": 806.8984546665779, "log10_alpha": -1.4378057676675322, "log10_colsample_bytree": -0.2602429312473509, "log10_eta": -1.580255260931406, "log10_lambda": -3.121602636826035, "log10_min_child_weight": 0.5762580732777345, "log10_subsample": -0.21246271179918808, "max_depth": 4.0, "num_boost_round": 33.0}, "datetime": {"datetime": "2024-01-19 01:58:34", "elapsed": 6419.245836, "delta": 0.106096}}
{"target": -13.771127207854246, "params": {"gamma": 806.8984546665779, "log10_alpha": -1.4378057676675322, "log10_colsample_bytree": -0.2602429312473509, "log10_eta": -1.580255260931406, "log10_lambda": -3.121602636826035, "log10_min_child_weight": 0.5762580732777345, "log10_subsample": -0.21246271179918808, "max_depth": 4.0, "num_boost_round": 34.0}, "datetime": {"datetime": "2024-01-19 01:58:34", "elapsed": 6419.253739, "delta": 0.007903}}
{"target": -13.772486354688114, "params": {"gamma": 806.8984546665779, "log10_alpha": -1.4378057676675322, "log10_colsample_bytree": -0.2602429312473509, "log10_eta": -1.580255260931406, "log10_lambda": -3.121602636826035, "log10_min_child_weight": 0.5762580732777345, "log10_subsample": -0.21246271179918808, "max_depth": 4.0, "num_boost_round": 35.0}, "datetime": {"datetime": "2024-01-19 01:58:34", "elapsed": 6419.260707, "delta": 0.006968}}
{"target": -13.773143939905378, "params": {"gamma": 806.8984546665779, "log10_alpha": -1.4378057676675322, "log10_colsample_bytree": -0.2602429312473509, "log10_eta": -1.580255260931406, "log10_lambda": -3.121602636826035, "log10_min_child_weight": 0.5762580732777345, "log10_subsample": -0.21246271179918808, "max_depth": 4.0, "num_boost_round": 36.0}, "datetime": {"datetime": "2024-01-19 01:58:34", "elapsed": 6419.26752, "delta": 0.006813}}
{"target": -13.7732422209337, "params": {"gamma": 806.8984546665779, "log10_alpha": -1.4378057676675322, "log10_colsample_bytree": -0.2602429312473509, "log10_eta": -1.580255260931406, "log10_lambda": -3.121602636826035, "log10_min_child_weight": 0.5762580732777345, "log10_subsample": -0.21246271179918808, "max_depth": 4.0, "num_boost_round": 37.0}, "datetime": {"datetime": "2024-01-19 01:58:34", "elapsed": 6419.27434, "delta": 0.00682}}
{"target": -13.773589344742405, "params": {"gamma": 806.8984546665779, "log10_alpha": -1.4378057676675322, "log10_colsample_bytree": -0.2602429312473509, "log10_eta": -1.580255260931406, "log10_lambda": -3.121602636826035, "log10_min_child_weight": 0.5762580732777345, "log10_subsample": -0.21246271179918808, "max_depth": 4.0, "num_boost_round": 38.0}, "datetime": {"datetime": "2024-01-19 01:58:34", "elapsed": 6419.281153, "delta": 0.006813}}
{"target": -13.773653281881472, "params": {"gamma": 806.8984546665779, "log10_alpha": -1.4378057676675322, "log10_colsample_bytree": -0.2602429312473509, "log10_eta": -1.580255260931406, "log10_lambda": -3.121602636826035, "log10_min_child_weight": 0.5762580732777345, "log10_subsample": -0.21246271179918808, "max_depth": 4.0, "num_boost_round": 39.0}, "datetime": {"datetime": "2024-01-19 01:58:34", "elapsed": 6419.28796, "delta": 0.006807}}
{"target": -13.773989402097, "params": {"gamma": 806.8984546665779, "log10_alpha": -1.4378057676675322, "log10_colsample_bytree": -0.2602429312473509, "log10_eta": -1.580255260931406, "log10_lambda": -3.121602636826035, "log10_min_child_weight": 0.5762580732777345, "log10_subsample": -0.21246271179918808, "max_depth": 4.0, "num_boost_round": 40.0}, "datetime": {"datetime": "2024-01-19 01:58:34", "elapsed": 6419.29475, "delta": 0.00679}}
{"target": -13.77424083992086, "params": {"gamma": 806.8984546665779, "log10_alpha": -1.4378057676675322, "log10_colsample_bytree": -0.2602429312473509, "log10_eta": -1.580255260931406, "log10_lambda": -3.121602636826035, "log10_min_child_weight": 0.5762580732777345, "log10_subsample": -0.21246271179918808, "max_depth": 4.0, "num_boost_round": 41.0}, "datetime": {"datetime": "2024-01-19 01:58:35", "elapsed": 6419.301496, "delta": 0.006746}}
{"target": -13.774314767174838, "params": {"gamma": 806.8984546665779, "log10_alpha": -1.4378057676675322, "log10_colsample_bytree": -0.2602429312473509, "log10_eta": -1.580255260931406, "log10_lambda": -3.121602636826035, "log10_min_child_weight": 0.5762580732777345, "log10_subsample": -0.21246271179918808, "max_depth": 4.0, "num_boost_round": 42.0}, "datetime": {"datetime": "2024-01-19 01:58:35", "elapsed": 6419.309113, "delta": 0.007617}}
