{"target": -13.758493830654242, "params": {"gamma": 77.8483174663559, "log10_alpha": -3.5016448389259414, "log10_colsample_bytree": -0.3561762405053841, "log10_eta": -2.7244215679881028, "log10_lambda": -1.9942617032079992, "log10_min_child_weight": 3.0565535712777647, "log10_subsample": -0.3436052193884812, "max_depth": 6.0, "num_boost_round": 1.0}, "datetime": {"datetime": "2024-01-19 01:53:35", "elapsed": 6135.859567, "delta": 0.005054}}
{"target": -13.758442921701302, "params": {"gamma": 77.8483174663559, "log10_alpha": -3.5016448389259414, "log10_colsample_bytree": -0.3561762405053841, "log10_eta": -2.7244215679881028, "log10_lambda": -1.9942617032079992, "log10_min_child_weight": 3.0565535712777647, "log10_subsample": -0.3436052193884812, "max_depth": 6.0, "num_boost_round": 2.0}, "datetime": {"datetime": "2024-01-19 01:53:35", "elapsed": 6135.864218, "delta": 0.004651}}
{"target": -13.75837017142595, "params": {"gamma": 77.8483174663559, "log10_alpha": -3.5016448389259414, "log10_colsample_bytree": -0.3561762405053841, "log10_eta": -2.7244215679881028, "log10_lambda": -1.9942617032079992, "log10_min_child_weight": 3.0565535712777647, "log10_subsample": -0.3436052193884812, "max_depth": 6.0, "num_boost_round": 3.0}, "datetime": {"datetime": "2024-01-19 01:53:35", "elapsed": 6135.868964, "delta": 0.004746}}
{"target": -13.758353963173569, "params": {"gamma": 77.8483174663559, "log10_alpha": -3.5016448389259414, "log10_colsample_bytree": -0.3561762405053841, "log10_eta": -2.7244215679881028, "log10_lambda": -1.9942617032079992, "log10_min_child_weight": 3.0565535712777647, "log10_subsample": -0.3436052193884812, "max_depth": 6.0, "num_boost_round": 4.0}, "datetime": {"datetime": "2024-01-19 01:53:35", "elapsed": 6135.873533, "delta": 0.004569}}
{"target": -13.75837012535277, "params": {"gamma": 77.8483174663559, "log10_alpha": -3.5016448389259414, "log10_colsample_bytree": -0.3561762405053841, "log10_eta": -2.7244215679881028, "log10_lambda": -1.9942617032079992, "log10_min_child_weight": 3.0565535712777647, "log10_subsample": -0.3436052193884812, "max_depth": 6.0, "num_boost_round": 5.0}, "datetime": {"datetime": "2024-01-19 01:53:35", "elapsed": 6135.87831, "delta": 0.004777}}
{"target": -13.758349068845929, "params": {"gamma": 77.8483174663559, "log10_alpha": -3.5016448389259414, "log10_colsample_bytree": -0.3561762405053841, "log10_eta": -2.7244215679881028, "log10_lambda": -1.9942617032079992, "log10_min_child_weight": 3.0565535712777647, "log10_subsample": -0.3436052193884812, "max_depth": 6.0, "num_boost_round": 6.0}, "datetime": {"datetime": "2024-01-19 01:53:35", "elapsed": 6135.882908, "delta": 0.004598}}
{"target": -13.758324730401752, "params": {"gamma": 77.8483174663559, "log10_alpha": -3.5016448389259414, "log10_colsample_bytree": -0.3561762405053841, "log10_eta": -2.7244215679881028, "log10_lambda": -1.9942617032079992, "log10_min_child_weight": 3.0565535712777647, "log10_subsample": -0.3436052193884812, "max_depth": 6.0, "num_boost_round": 7.0}, "datetime": {"datetime": "2024-01-19 01:53:35", "elapsed": 6135.88764, "delta": 0.004732}}
{"target": -13.75832000759497, "params": {"gamma": 77.8483174663559, "log10_alpha": -3.5016448389259414, "log10_colsample_bytree": -0.3561762405053841, "log10_eta": -2.7244215679881028, "log10_lambda": -1.9942617032079992, "log10_min_child_weight": 3.0565535712777647, "log10_subsample": -0.3436052193884812, "max_depth": 6.0, "num_boost_round": 8.0}, "datetime": {"datetime": "2024-01-19 01:53:35", "elapsed": 6135.892301, "delta": 0.004661}}
{"target": -13.75826365590165, "params": {"gamma": 77.8483174663559, "log10_alpha": -3.5016448389259414, "log10_colsample_bytree": -0.3561762405053841, "log10_eta": -2.7244215679881028, "log10_lambda": -1.9942617032079992, "log10_min_child_weight": 3.0565535712777647, "log10_subsample": -0.3436052193884812, "max_depth": 6.0, "num_boost_round": 9.0}, "datetime": {"datetime": "2024-01-19 01:53:35", "elapsed": 6135.8969, "delta": 0.004599}}
{"target": -13.758241728877742, "params": {"gamma": 77.8483174663559, "log10_alpha": -3.5016448389259414, "log10_colsample_bytree": -0.3561762405053841, "log10_eta": -2.7244215679881028, "log10_lambda": -1.9942617032079992, "log10_min_child_weight": 3.0565535712777647, "log10_subsample": -0.3436052193884812, "max_depth": 6.0, "num_boost_round": 10.0}, "datetime": {"datetime": "2024-01-19 01:53:35", "elapsed": 6135.901403, "delta": 0.004503}}
{"target": -13.758180712526276, "params": {"gamma": 77.8483174663559, "log10_alpha": -3.5016448389259414, "log10_colsample_bytree": -0.3561762405053841, "log10_eta": -2.7244215679881028, "log10_lambda": -1.9942617032079992, "log10_min_child_weight": 3.0565535712777647, "log10_subsample": -0.3436052193884812, "max_depth": 6.0, "num_boost_round": 11.0}, "datetime": {"datetime": "2024-01-19 01:53:36", "elapsed": 6136.018407, "delta": 0.117004}}
{"target": -13.758133911409404, "params": {"gamma": 77.8483174663559, "log10_alpha": -3.5016448389259414, "log10_colsample_bytree": -0.3561762405053841, "log10_eta": -2.7244215679881028, "log10_lambda": -1.9942617032079992, "log10_min_child_weight": 3.0565535712777647, "log10_subsample": -0.3436052193884812, "max_depth": 6.0, "num_boost_round": 12.0}, "datetime": {"datetime": "2024-01-19 01:53:36", "elapsed": 6136.023612, "delta": 0.005205}}
{"target": -13.758099406460584, "params": {"gamma": 77.8483174663559, "log10_alpha": -3.5016448389259414, "log10_colsample_bytree": -0.3561762405053841, "log10_eta": -2.7244215679881028, "log10_lambda": -1.9942617032079992, "log10_min_child_weight": 3.0565535712777647, "log10_subsample": -0.3436052193884812, "max_depth": 6.0, "num_boost_round": 13.0}, "datetime": {"datetime": "2024-01-19 01:53:36", "elapsed": 6136.028387, "delta": 0.004775}}
{"target": -13.758067474615482, "params": {"gamma": 77.8483174663559, "log10_alpha": -3.5016448389259414, "log10_colsample_bytree": -0.3561762405053841, "log10_eta": -2.7244215679881028, "log10_lambda": -1.9942617032079992, "log10_min_child_weight": 3.0565535712777647, "log10_subsample": -0.3436052193884812, "max_depth": 6.0, "num_boost_round": 14.0}, "datetime": {"datetime": "2024-01-19 01:53:36", "elapsed": 6136.033066, "delta": 0.004679}}
{"target": -13.757995169879633, "params": {"gamma": 77.8483174663559, "log10_alpha": -3.5016448389259414, "log10_colsample_bytree": -0.3561762405053841, "log10_eta": -2.7244215679881028, "log10_lambda": -1.9942617032079992, "log10_min_child_weight": 3.0565535712777647, "log10_subsample": -0.3436052193884812, "max_depth": 6.0, "num_boost_round": 15.0}, "datetime": {"datetime": "2024-01-19 01:53:36", "elapsed": 6136.037913, "delta": 0.004847}}
{"target": -13.757992185878699, "params": {"gamma": 77.8483174663559, "log10_alpha": -3.5016448389259414, "log10_colsample_bytree": -0.3561762405053841, "log10_eta": -2.7244215679881028, "log10_lambda": -1.9942617032079992, "log10_min_child_weight": 3.0565535712777647, "log10_subsample": -0.3436052193884812, "max_depth": 6.0, "num_boost_round": 16.0}, "datetime": {"datetime": "2024-01-19 01:53:36", "elapsed": 6136.042611, "delta": 0.004698}}
{"target": -13.75795684830269, "params": {"gamma": 77.8483174663559, "log10_alpha": -3.5016448389259414, "log10_colsample_bytree": -0.3561762405053841, "log10_eta": -2.7244215679881028, "log10_lambda": -1.9942617032079992, "log10_min_child_weight": 3.0565535712777647, "log10_subsample": -0.3436052193884812, "max_depth": 6.0, "num_boost_round": 17.0}, "datetime": {"datetime": "2024-01-19 01:53:36", "elapsed": 6136.047359, "delta": 0.004748}}
{"target": -13.757884571046324, "params": {"gamma": 77.8483174663559, "log10_alpha": -3.5016448389259414, "log10_colsample_bytree": -0.3561762405053841, "log10_eta": -2.7244215679881028, "log10_lambda": -1.9942617032079992, "log10_min_child_weight": 3.0565535712777647, "log10_subsample": -0.3436052193884812, "max_depth": 6.0, "num_boost_round": 18.0}, "datetime": {"datetime": "2024-01-19 01:53:36", "elapsed": 6136.051965, "delta": 0.004606}}
{"target": -13.757848992088137, "params": {"gamma": 77.8483174663559, "log10_alpha": -3.5016448389259414, "log10_colsample_bytree": -0.3561762405053841, "log10_eta": -2.7244215679881028, "log10_lambda": -1.9942617032079992, "log10_min_child_weight": 3.0565535712777647, "log10_subsample": -0.3436052193884812, "max_depth": 6.0, "num_boost_round": 19.0}, "datetime": {"datetime": "2024-01-19 01:53:36", "elapsed": 6136.056764, "delta": 0.004799}}
{"target": -13.757803215184657, "params": {"gamma": 77.8483174663559, "log10_alpha": -3.5016448389259414, "log10_colsample_bytree": -0.3561762405053841, "log10_eta": -2.7244215679881028, "log10_lambda": -1.9942617032079992, "log10_min_child_weight": 3.0565535712777647, "log10_subsample": -0.3436052193884812, "max_depth": 6.0, "num_boost_round": 20.0}, "datetime": {"datetime": "2024-01-19 01:53:36", "elapsed": 6136.061392, "delta": 0.004628}}
{"target": -13.757808602424927, "params": {"gamma": 77.8483174663559, "log10_alpha": -3.5016448389259414, "log10_colsample_bytree": -0.3561762405053841, "log10_eta": -2.7244215679881028, "log10_lambda": -1.9942617032079992, "log10_min_child_weight": 3.0565535712777647, "log10_subsample": -0.3436052193884812, "max_depth": 6.0, "num_boost_round": 21.0}, "datetime": {"datetime": "2024-01-19 01:53:36", "elapsed": 6136.065997, "delta": 0.004605}}
{"target": -13.757806198705783, "params": {"gamma": 77.8483174663559, "log10_alpha": -3.5016448389259414, "log10_colsample_bytree": -0.3561762405053841, "log10_eta": -2.7244215679881028, "log10_lambda": -1.9942617032079992, "log10_min_child_weight": 3.0565535712777647, "log10_subsample": -0.3436052193884812, "max_depth": 6.0, "num_boost_round": 22.0}, "datetime": {"datetime": "2024-01-19 01:53:36", "elapsed": 6136.070577, "delta": 0.00458}}
{"target": -13.757754398788355, "params": {"gamma": 77.8483174663559, "log10_alpha": -3.5016448389259414, "log10_colsample_bytree": -0.3561762405053841, "log10_eta": -2.7244215679881028, "log10_lambda": -1.9942617032079992, "log10_min_child_weight": 3.0565535712777647, "log10_subsample": -0.3436052193884812, "max_depth": 6.0, "num_boost_round": 23.0}, "datetime": {"datetime": "2024-01-19 01:53:36", "elapsed": 6136.075448, "delta": 0.004871}}
{"target": -13.757696335318686, "params": {"gamma": 77.8483174663559, "log10_alpha": -3.5016448389259414, "log10_colsample_bytree": -0.3561762405053841, "log10_eta": -2.7244215679881028, "log10_lambda": -1.9942617032079992, "log10_min_child_weight": 3.0565535712777647, "log10_subsample": -0.3436052193884812, "max_depth": 6.0, "num_boost_round": 24.0}, "datetime": {"datetime": "2024-01-19 01:53:36", "elapsed": 6136.080008, "delta": 0.00456}}
{"target": -13.757655541162698, "params": {"gamma": 77.8483174663559, "log10_alpha": -3.5016448389259414, "log10_colsample_bytree": -0.3561762405053841, "log10_eta": -2.7244215679881028, "log10_lambda": -1.9942617032079992, "log10_min_child_weight": 3.0565535712777647, "log10_subsample": -0.3436052193884812, "max_depth": 6.0, "num_boost_round": 25.0}, "datetime": {"datetime": "2024-01-19 01:53:36", "elapsed": 6136.08459, "delta": 0.004582}}
{"target": -13.757633624679446, "params": {"gamma": 77.8483174663559, "log10_alpha": -3.5016448389259414, "log10_colsample_bytree": -0.3561762405053841, "log10_eta": -2.7244215679881028, "log10_lambda": -1.9942617032079992, "log10_min_child_weight": 3.0565535712777647, "log10_subsample": -0.3436052193884812, "max_depth": 6.0, "num_boost_round": 26.0}, "datetime": {"datetime": "2024-01-19 01:53:36", "elapsed": 6136.089313, "delta": 0.004723}}
{"target": -13.75762300389871, "params": {"gamma": 77.8483174663559, "log10_alpha": -3.5016448389259414, "log10_colsample_bytree": -0.3561762405053841, "log10_eta": -2.7244215679881028, "log10_lambda": -1.9942617032079992, "log10_min_child_weight": 3.0565535712777647, "log10_subsample": -0.3436052193884812, "max_depth": 6.0, "num_boost_round": 27.0}, "datetime": {"datetime": "2024-01-19 01:53:36", "elapsed": 6136.09409, "delta": 0.004777}}
{"target": -13.757571202645986, "params": {"gamma": 77.8483174663559, "log10_alpha": -3.5016448389259414, "log10_colsample_bytree": -0.3561762405053841, "log10_eta": -2.7244215679881028, "log10_lambda": -1.9942617032079992, "log10_min_child_weight": 3.0565535712777647, "log10_subsample": -0.3436052193884812, "max_depth": 6.0, "num_boost_round": 28.0}, "datetime": {"datetime": "2024-01-19 01:53:36", "elapsed": 6136.09949, "delta": 0.0054}}
{"target": -13.757542929142302, "params": {"gamma": 77.8483174663559, "log10_alpha": -3.5016448389259414, "log10_colsample_bytree": -0.3561762405053841, "log10_eta": -2.7244215679881028, "log10_lambda": -1.9942617032079992, "log10_min_child_weight": 3.0565535712777647, "log10_subsample": -0.3436052193884812, "max_depth": 6.0, "num_boost_round": 29.0}, "datetime": {"datetime": "2024-01-19 01:53:36", "elapsed": 6136.104278, "delta": 0.004788}}
{"target": -13.757592091758227, "params": {"gamma": 77.8483174663559, "log10_alpha": -3.5016448389259414, "log10_colsample_bytree": -0.3561762405053841, "log10_eta": -2.7244215679881028, "log10_lambda": -1.9942617032079992, "log10_min_child_weight": 3.0565535712777647, "log10_subsample": -0.3436052193884812, "max_depth": 6.0, "num_boost_round": 30.0}, "datetime": {"datetime": "2024-01-19 01:53:36", "elapsed": 6136.108954, "delta": 0.004676}}
{"target": -13.757602935389698, "params": {"gamma": 77.8483174663559, "log10_alpha": -3.5016448389259414, "log10_colsample_bytree": -0.3561762405053841, "log10_eta": -2.7244215679881028, "log10_lambda": -1.9942617032079992, "log10_min_child_weight": 3.0565535712777647, "log10_subsample": -0.3436052193884812, "max_depth": 6.0, "num_boost_round": 31.0}, "datetime": {"datetime": "2024-01-19 01:53:36", "elapsed": 6136.113698, "delta": 0.004744}}
{"target": -13.757578916575243, "params": {"gamma": 77.8483174663559, "log10_alpha": -3.5016448389259414, "log10_colsample_bytree": -0.3561762405053841, "log10_eta": -2.7244215679881028, "log10_lambda": -1.9942617032079992, "log10_min_child_weight": 3.0565535712777647, "log10_subsample": -0.3436052193884812, "max_depth": 6.0, "num_boost_round": 32.0}, "datetime": {"datetime": "2024-01-19 01:53:36", "elapsed": 6136.118239, "delta": 0.004541}}
{"target": -13.757555675241504, "params": {"gamma": 77.8483174663559, "log10_alpha": -3.5016448389259414, "log10_colsample_bytree": -0.3561762405053841, "log10_eta": -2.7244215679881028, "log10_lambda": -1.9942617032079992, "log10_min_child_weight": 3.0565535712777647, "log10_subsample": -0.3436052193884812, "max_depth": 6.0, "num_boost_round": 33.0}, "datetime": {"datetime": "2024-01-19 01:53:36", "elapsed": 6136.122854, "delta": 0.004615}}
{"target": -13.757509714913574, "params": {"gamma": 77.8483174663559, "log10_alpha": -3.5016448389259414, "log10_colsample_bytree": -0.3561762405053841, "log10_eta": -2.7244215679881028, "log10_lambda": -1.9942617032079992, "log10_min_child_weight": 3.0565535712777647, "log10_subsample": -0.3436052193884812, "max_depth": 6.0, "num_boost_round": 34.0}, "datetime": {"datetime": "2024-01-19 01:53:36", "elapsed": 6136.127449, "delta": 0.004595}}
{"target": -13.7575004807854, "params": {"gamma": 77.8483174663559, "log10_alpha": -3.5016448389259414, "log10_colsample_bytree": -0.3561762405053841, "log10_eta": -2.7244215679881028, "log10_lambda": -1.9942617032079992, "log10_min_child_weight": 3.0565535712777647, "log10_subsample": -0.3436052193884812, "max_depth": 6.0, "num_boost_round": 35.0}, "datetime": {"datetime": "2024-01-19 01:53:36", "elapsed": 6136.132289, "delta": 0.00484}}
{"target": -13.7574746725078, "params": {"gamma": 77.8483174663559, "log10_alpha": -3.5016448389259414, "log10_colsample_bytree": -0.3561762405053841, "log10_eta": -2.7244215679881028, "log10_lambda": -1.9942617032079992, "log10_min_child_weight": 3.0565535712777647, "log10_subsample": -0.3436052193884812, "max_depth": 6.0, "num_boost_round": 36.0}, "datetime": {"datetime": "2024-01-19 01:53:36", "elapsed": 6136.136873, "delta": 0.004584}}
{"target": -13.757485109900548, "params": {"gamma": 77.8483174663559, "log10_alpha": -3.5016448389259414, "log10_colsample_bytree": -0.3561762405053841, "log10_eta": -2.7244215679881028, "log10_lambda": -1.9942617032079992, "log10_min_child_weight": 3.0565535712777647, "log10_subsample": -0.3436052193884812, "max_depth": 6.0, "num_boost_round": 37.0}, "datetime": {"datetime": "2024-01-19 01:53:36", "elapsed": 6136.141583, "delta": 0.00471}}
{"target": -13.757512481495384, "params": {"gamma": 77.8483174663559, "log10_alpha": -3.5016448389259414, "log10_colsample_bytree": -0.3561762405053841, "log10_eta": -2.7244215679881028, "log10_lambda": -1.9942617032079992, "log10_min_child_weight": 3.0565535712777647, "log10_subsample": -0.3436052193884812, "max_depth": 6.0, "num_boost_round": 38.0}, "datetime": {"datetime": "2024-01-19 01:53:36", "elapsed": 6136.146196, "delta": 0.004613}}
{"target": -13.757476238899944, "params": {"gamma": 77.8483174663559, "log10_alpha": -3.5016448389259414, "log10_colsample_bytree": -0.3561762405053841, "log10_eta": -2.7244215679881028, "log10_lambda": -1.9942617032079992, "log10_min_child_weight": 3.0565535712777647, "log10_subsample": -0.3436052193884812, "max_depth": 6.0, "num_boost_round": 39.0}, "datetime": {"datetime": "2024-01-19 01:53:36", "elapsed": 6136.151103, "delta": 0.004907}}
{"target": -13.757491204163447, "params": {"gamma": 77.8483174663559, "log10_alpha": -3.5016448389259414, "log10_colsample_bytree": -0.3561762405053841, "log10_eta": -2.7244215679881028, "log10_lambda": -1.9942617032079992, "log10_min_child_weight": 3.0565535712777647, "log10_subsample": -0.3436052193884812, "max_depth": 6.0, "num_boost_round": 40.0}, "datetime": {"datetime": "2024-01-19 01:53:36", "elapsed": 6136.155717, "delta": 0.004614}}
{"target": -13.757454671669347, "params": {"gamma": 77.8483174663559, "log10_alpha": -3.5016448389259414, "log10_colsample_bytree": -0.3561762405053841, "log10_eta": -2.7244215679881028, "log10_lambda": -1.9942617032079992, "log10_min_child_weight": 3.0565535712777647, "log10_subsample": -0.3436052193884812, "max_depth": 6.0, "num_boost_round": 41.0}, "datetime": {"datetime": "2024-01-19 01:53:36", "elapsed": 6136.160385, "delta": 0.004668}}
{"target": -13.757432005898027, "params": {"gamma": 77.8483174663559, "log10_alpha": -3.5016448389259414, "log10_colsample_bytree": -0.3561762405053841, "log10_eta": -2.7244215679881028, "log10_lambda": -1.9942617032079992, "log10_min_child_weight": 3.0565535712777647, "log10_subsample": -0.3436052193884812, "max_depth": 6.0, "num_boost_round": 42.0}, "datetime": {"datetime": "2024-01-19 01:53:36", "elapsed": 6136.165045, "delta": 0.00466}}
{"target": -13.757425830040859, "params": {"gamma": 77.8483174663559, "log10_alpha": -3.5016448389259414, "log10_colsample_bytree": -0.3561762405053841, "log10_eta": -2.7244215679881028, "log10_lambda": -1.9942617032079992, "log10_min_child_weight": 3.0565535712777647, "log10_subsample": -0.3436052193884812, "max_depth": 6.0, "num_boost_round": 43.0}, "datetime": {"datetime": "2024-01-19 01:53:36", "elapsed": 6136.169927, "delta": 0.004882}}
{"target": -13.757411041227092, "params": {"gamma": 77.8483174663559, "log10_alpha": -3.5016448389259414, "log10_colsample_bytree": -0.3561762405053841, "log10_eta": -2.7244215679881028, "log10_lambda": -1.9942617032079992, "log10_min_child_weight": 3.0565535712777647, "log10_subsample": -0.3436052193884812, "max_depth": 6.0, "num_boost_round": 44.0}, "datetime": {"datetime": "2024-01-19 01:53:36", "elapsed": 6136.174507, "delta": 0.00458}}
{"target": -13.757456222717808, "params": {"gamma": 77.8483174663559, "log10_alpha": -3.5016448389259414, "log10_colsample_bytree": -0.3561762405053841, "log10_eta": -2.7244215679881028, "log10_lambda": -1.9942617032079992, "log10_min_child_weight": 3.0565535712777647, "log10_subsample": -0.3436052193884812, "max_depth": 6.0, "num_boost_round": 45.0}, "datetime": {"datetime": "2024-01-19 01:53:36", "elapsed": 6136.179114, "delta": 0.004607}}
{"target": -13.757432618364614, "params": {"gamma": 77.8483174663559, "log10_alpha": -3.5016448389259414, "log10_colsample_bytree": -0.3561762405053841, "log10_eta": -2.7244215679881028, "log10_lambda": -1.9942617032079992, "log10_min_child_weight": 3.0565535712777647, "log10_subsample": -0.3436052193884812, "max_depth": 6.0, "num_boost_round": 46.0}, "datetime": {"datetime": "2024-01-19 01:53:36", "elapsed": 6136.183794, "delta": 0.00468}}
{"target": -13.757373596742509, "params": {"gamma": 77.8483174663559, "log10_alpha": -3.5016448389259414, "log10_colsample_bytree": -0.3561762405053841, "log10_eta": -2.7244215679881028, "log10_lambda": -1.9942617032079992, "log10_min_child_weight": 3.0565535712777647, "log10_subsample": -0.3436052193884812, "max_depth": 6.0, "num_boost_round": 47.0}, "datetime": {"datetime": "2024-01-19 01:53:36", "elapsed": 6136.188589, "delta": 0.004795}}
{"target": -13.757332619449421, "params": {"gamma": 77.8483174663559, "log10_alpha": -3.5016448389259414, "log10_colsample_bytree": -0.3561762405053841, "log10_eta": -2.7244215679881028, "log10_lambda": -1.9942617032079992, "log10_min_child_weight": 3.0565535712777647, "log10_subsample": -0.3436052193884812, "max_depth": 6.0, "num_boost_round": 48.0}, "datetime": {"datetime": "2024-01-19 01:53:36", "elapsed": 6136.195362, "delta": 0.006773}}
{"target": -13.757313299775511, "params": {"gamma": 77.8483174663559, "log10_alpha": -3.5016448389259414, "log10_colsample_bytree": -0.3561762405053841, "log10_eta": -2.7244215679881028, "log10_lambda": -1.9942617032079992, "log10_min_child_weight": 3.0565535712777647, "log10_subsample": -0.3436052193884812, "max_depth": 6.0, "num_boost_round": 49.0}, "datetime": {"datetime": "2024-01-19 01:53:36", "elapsed": 6136.200121, "delta": 0.004759}}
