{"target": -17.676271929934323, "params": {"gamma": 961.364587989274, "log10_alpha": -0.9577065711270196, "log10_colsample_bytree": -0.0362244975661602, "log10_eta": -2.7861849713378213, "log10_lambda": -4.830623314632537, "log10_min_child_weight": 0.5861256089859651, "log10_subsample": -0.5369485663727095, "max_depth": 8.0, "num_boost_round": 9.0}, "datetime": {"datetime": "2024-01-19 00:26:44", "elapsed": 897.936272, "delta": 0.0013}}
{"target": -17.676264506180445, "params": {"gamma": 961.364587989274, "log10_alpha": -0.9577065711270196, "log10_colsample_bytree": -0.0362244975661602, "log10_eta": -2.7861849713378213, "log10_lambda": -4.830623314632537, "log10_min_child_weight": 0.5861256089859651, "log10_subsample": -0.5369485663727095, "max_depth": 8.0, "num_boost_round": 10.0}, "datetime": {"datetime": "2024-01-19 00:26:44", "elapsed": 897.937598, "delta": 0.001326}}
{"target": -17.676137064180377, "params": {"gamma": 961.364587989274, "log10_alpha": -0.9577065711270196, "log10_colsample_bytree": -0.0362244975661602, "log10_eta": -2.7861849713378213, "log10_lambda": -4.830623314632537, "log10_min_child_weight": 0.5861256089859651, "log10_subsample": -0.5369485663727095, "max_depth": 8.0, "num_boost_round": 11.0}, "datetime": {"datetime": "2024-01-19 00:26:44", "elapsed": 897.9389, "delta": 0.001302}}
{"target": -17.675982414725734, "params": {"gamma": 961.364587989274, "log10_alpha": -0.9577065711270196, "log10_colsample_bytree": -0.0362244975661602, "log10_eta": -2.7861849713378213, "log10_lambda": -4.830623314632537, "log10_min_child_weight": 0.5861256089859651, "log10_subsample": -0.5369485663727095, "max_depth": 8.0, "num_boost_round": 12.0}, "datetime": {"datetime": "2024-01-19 00:26:44", "elapsed": 897.940226, "delta": 0.001326}}
{"target": -17.675981128405603, "params": {"gamma": 961.364587989274, "log10_alpha": -0.9577065711270196, "log10_colsample_bytree": -0.0362244975661602, "log10_eta": -2.7861849713378213, "log10_lambda": -4.830623314632537, "log10_min_child_weight": 0.5861256089859651, "log10_subsample": -0.5369485663727095, "max_depth": 8.0, "num_boost_round": 13.0}, "datetime": {"datetime": "2024-01-19 00:26:44", "elapsed": 897.941549, "delta": 0.001323}}
{"target": -17.67581725459512, "params": {"gamma": 961.364587989274, "log10_alpha": -0.9577065711270196, "log10_colsample_bytree": -0.0362244975661602, "log10_eta": -2.7861849713378213, "log10_lambda": -4.830623314632537, "log10_min_child_weight": 0.5861256089859651, "log10_subsample": -0.5369485663727095, "max_depth": 8.0, "num_boost_round": 14.0}, "datetime": {"datetime": "2024-01-19 00:26:44", "elapsed": 897.942894, "delta": 0.001345}}
{"target": -17.675762713574343, "params": {"gamma": 961.364587989274, "log10_alpha": -0.9577065711270196, "log10_colsample_bytree": -0.0362244975661602, "log10_eta": -2.7861849713378213, "log10_lambda": -4.830623314632537, "log10_min_child_weight": 0.5861256089859651, "log10_subsample": -0.5369485663727095, "max_depth": 8.0, "num_boost_round": 15.0}, "datetime": {"datetime": "2024-01-19 00:26:44", "elapsed": 897.94422, "delta": 0.001326}}
{"target": -17.675567743267973, "params": {"gamma": 961.364587989274, "log10_alpha": -0.9577065711270196, "log10_colsample_bytree": -0.0362244975661602, "log10_eta": -2.7861849713378213, "log10_lambda": -4.830623314632537, "log10_min_child_weight": 0.5861256089859651, "log10_subsample": -0.5369485663727095, "max_depth": 8.0, "num_boost_round": 16.0}, "datetime": {"datetime": "2024-01-19 00:26:44", "elapsed": 897.945549, "delta": 0.001329}}
{"target": -17.675393424485154, "params": {"gamma": 961.364587989274, "log10_alpha": -0.9577065711270196, "log10_colsample_bytree": -0.0362244975661602, "log10_eta": -2.7861849713378213, "log10_lambda": -4.830623314632537, "log10_min_child_weight": 0.5861256089859651, "log10_subsample": -0.5369485663727095, "max_depth": 8.0, "num_boost_round": 17.0}, "datetime": {"datetime": "2024-01-19 00:26:44", "elapsed": 897.946867, "delta": 0.001318}}
{"target": -17.67522826441398, "params": {"gamma": 961.364587989274, "log10_alpha": -0.9577065711270196, "log10_colsample_bytree": -0.0362244975661602, "log10_eta": -2.7861849713378213, "log10_lambda": -4.830623314632537, "log10_min_child_weight": 0.5861256089859651, "log10_subsample": -0.5369485663727095, "max_depth": 8.0, "num_boost_round": 18.0}, "datetime": {"datetime": "2024-01-19 00:26:44", "elapsed": 897.948168, "delta": 0.001301}}
{"target": -17.67521941341065, "params": {"gamma": 961.364587989274, "log10_alpha": -0.9577065711270196, "log10_colsample_bytree": -0.0362244975661602, "log10_eta": -2.7861849713378213, "log10_lambda": -4.830623314632537, "log10_min_child_weight": 0.5861256089859651, "log10_subsample": -0.5369485663727095, "max_depth": 8.0, "num_boost_round": 19.0}, "datetime": {"datetime": "2024-01-19 00:26:44", "elapsed": 897.949478, "delta": 0.00131}}
{"target": -17.675036369180923, "params": {"gamma": 961.364587989274, "log10_alpha": -0.9577065711270196, "log10_colsample_bytree": -0.0362244975661602, "log10_eta": -2.7861849713378213, "log10_lambda": -4.830623314632537, "log10_min_child_weight": 0.5861256089859651, "log10_subsample": -0.5369485663727095, "max_depth": 8.0, "num_boost_round": 20.0}, "datetime": {"datetime": "2024-01-19 00:26:44", "elapsed": 897.950899, "delta": 0.001421}}
{"target": -17.67723073077073, "params": {"gamma": 959.5526371859941, "log10_alpha": -2.782492576423932, "log10_colsample_bytree": -0.13591188028014112, "log10_eta": -3.3687616495111405, "log10_lambda": -3.0530171100023473, "log10_min_child_weight": 4.676045330202473, "log10_subsample": -0.8471742515968061, "max_depth": 5.0, "num_boost_round": 0.0}, "datetime": {"datetime": "2024-01-19 00:27:08", "elapsed": 922.53052, "delta": 24.579621}}
{"target": -17.677229284047826, "params": {"gamma": 959.5526371859941, "log10_alpha": -2.782492576423932, "log10_colsample_bytree": -0.13591188028014112, "log10_eta": -3.3687616495111405, "log10_lambda": -3.0530171100023473, "log10_min_child_weight": 4.676045330202473, "log10_subsample": -0.8471742515968061, "max_depth": 5.0, "num_boost_round": 1.0}, "datetime": {"datetime": "2024-01-19 00:27:08", "elapsed": 922.532667, "delta": 0.002147}}
{"target": -17.67722519033992, "params": {"gamma": 959.5526371859941, "log10_alpha": -2.782492576423932, "log10_colsample_bytree": -0.13591188028014112, "log10_eta": -3.3687616495111405, "log10_lambda": -3.0530171100023473, "log10_min_child_weight": 4.676045330202473, "log10_subsample": -0.8471742515968061, "max_depth": 5.0, "num_boost_round": 2.0}, "datetime": {"datetime": "2024-01-19 00:27:08", "elapsed": 922.534264, "delta": 0.001597}}
{"target": -17.677222755056963, "params": {"gamma": 959.5526371859941, "log10_alpha": -2.782492576423932, "log10_colsample_bytree": -0.13591188028014112, "log10_eta": -3.3687616495111405, "log10_lambda": -3.0530171100023473, "log10_min_child_weight": 4.676045330202473, "log10_subsample": -0.8471742515968061, "max_depth": 5.0, "num_boost_round": 3.0}, "datetime": {"datetime": "2024-01-19 00:27:08", "elapsed": 922.535782, "delta": 0.001518}}
{"target": -17.67721890617832, "params": {"gamma": 959.5526371859941, "log10_alpha": -2.782492576423932, "log10_colsample_bytree": -0.13591188028014112, "log10_eta": -3.3687616495111405, "log10_lambda": -3.0530171100023473, "log10_min_child_weight": 4.676045330202473, "log10_subsample": -0.8471742515968061, "max_depth": 5.0, "num_boost_round": 4.0}, "datetime": {"datetime": "2024-01-19 00:27:08", "elapsed": 922.537386, "delta": 0.001604}}
{"target": -17.6772161837013, "params": {"gamma": 959.5526371859941, "log10_alpha": -2.782492576423932, "log10_colsample_bytree": -0.13591188028014112, "log10_eta": -3.3687616495111405, "log10_lambda": -3.0530171100023473, "log10_min_child_weight": 4.676045330202473, "log10_subsample": -0.8471742515968061, "max_depth": 5.0, "num_boost_round": 5.0}, "datetime": {"datetime": "2024-01-19 00:27:08", "elapsed": 922.538758, "delta": 0.001372}}
{"target": -17.677212636381917, "params": {"gamma": 959.5526371859941, "log10_alpha": -2.782492576423932, "log10_colsample_bytree": -0.13591188028014112, "log10_eta": -3.3687616495111405, "log10_lambda": -3.0530171100023473, "log10_min_child_weight": 4.676045330202473, "log10_subsample": -0.8471742515968061, "max_depth": 5.0, "num_boost_round": 6.0}, "datetime": {"datetime": "2024-01-19 00:27:08", "elapsed": 922.540205, "delta": 0.001447}}
{"target": -17.67720939682388, "params": {"gamma": 959.5526371859941, "log10_alpha": -2.782492576423932, "log10_colsample_bytree": -0.13591188028014112, "log10_eta": -3.3687616495111405, "log10_lambda": -3.0530171100023473, "log10_min_child_weight": 4.676045330202473, "log10_subsample": -0.8471742515968061, "max_depth": 5.0, "num_boost_round": 7.0}, "datetime": {"datetime": "2024-01-19 00:27:08", "elapsed": 922.541569, "delta": 0.001364}}
{"target": -17.67720886478828, "params": {"gamma": 959.5526371859941, "log10_alpha": -2.782492576423932, "log10_colsample_bytree": -0.13591188028014112, "log10_eta": -3.3687616495111405, "log10_lambda": -3.0530171100023473, "log10_min_child_weight": 4.676045330202473, "log10_subsample": -0.8471742515968061, "max_depth": 5.0, "num_boost_round": 8.0}, "datetime": {"datetime": "2024-01-19 00:27:08", "elapsed": 922.543011, "delta": 0.001442}}
{"target": -17.677205647094105, "params": {"gamma": 959.5526371859941, "log10_alpha": -2.782492576423932, "log10_colsample_bytree": -0.13591188028014112, "log10_eta": -3.3687616495111405, "log10_lambda": -3.0530171100023473, "log10_min_child_weight": 4.676045330202473, "log10_subsample": -0.8471742515968061, "max_depth": 5.0, "num_boost_round": 9.0}, "datetime": {"datetime": "2024-01-19 00:27:08", "elapsed": 922.544366, "delta": 0.001355}}
{"target": -17.677201786674285, "params": {"gamma": 959.5526371859941, "log10_alpha": -2.782492576423932, "log10_colsample_bytree": -0.13591188028014112, "log10_eta": -3.3687616495111405, "log10_lambda": -3.0530171100023473, "log10_min_child_weight": 4.676045330202473, "log10_subsample": -0.8471742515968061, "max_depth": 5.0, "num_boost_round": 10.0}, "datetime": {"datetime": "2024-01-19 00:27:08", "elapsed": 922.545744, "delta": 0.001378}}
{"target": -17.67719744450579, "params": {"gamma": 959.5526371859941, "log10_alpha": -2.782492576423932, "log10_colsample_bytree": -0.13591188028014112, "log10_eta": -3.3687616495111405, "log10_lambda": -3.0530171100023473, "log10_min_child_weight": 4.676045330202473, "log10_subsample": -0.8471742515968061, "max_depth": 5.0, "num_boost_round": 11.0}, "datetime": {"datetime": "2024-01-19 00:27:08", "elapsed": 922.547097, "delta": 0.001353}}
{"target": -17.67719460231246, "params": {"gamma": 959.5526371859941, "log10_alpha": -2.782492576423932, "log10_colsample_bytree": -0.13591188028014112, "log10_eta": -3.3687616495111405, "log10_lambda": -3.0530171100023473, "log10_min_child_weight": 4.676045330202473, "log10_subsample": -0.8471742515968061, "max_depth": 5.0, "num_boost_round": 12.0}, "datetime": {"datetime": "2024-01-19 00:27:08", "elapsed": 922.548472, "delta": 0.001375}}
{"target": -17.67719206255997, "params": {"gamma": 959.5526371859941, "log10_alpha": -2.782492576423932, "log10_colsample_bytree": -0.13591188028014112, "log10_eta": -3.3687616495111405, "log10_lambda": -3.0530171100023473, "log10_min_child_weight": 4.676045330202473, "log10_subsample": -0.8471742515968061, "max_depth": 5.0, "num_boost_round": 13.0}, "datetime": {"datetime": "2024-01-19 00:27:08", "elapsed": 922.549835, "delta": 0.001363}}
{"target": -17.677191303877922, "params": {"gamma": 959.5526371859941, "log10_alpha": -2.782492576423932, "log10_colsample_bytree": -0.13591188028014112, "log10_eta": -3.3687616495111405, "log10_lambda": -3.0530171100023473, "log10_min_child_weight": 4.676045330202473, "log10_subsample": -0.8471742515968061, "max_depth": 5.0, "num_boost_round": 14.0}, "datetime": {"datetime": "2024-01-19 00:27:08", "elapsed": 922.551393, "delta": 0.001558}}
{"target": -17.677186800550313, "params": {"gamma": 959.5526371859941, "log10_alpha": -2.782492576423932, "log10_colsample_bytree": -0.13591188028014112, "log10_eta": -3.3687616495111405, "log10_lambda": -3.0530171100023473, "log10_min_child_weight": 4.676045330202473, "log10_subsample": -0.8471742515968061, "max_depth": 5.0, "num_boost_round": 15.0}, "datetime": {"datetime": "2024-01-19 00:27:08", "elapsed": 922.552788, "delta": 0.001395}}
{"target": -17.677183317047287, "params": {"gamma": 959.5526371859941, "log10_alpha": -2.782492576423932, "log10_colsample_bytree": -0.13591188028014112, "log10_eta": -3.3687616495111405, "log10_lambda": -3.0530171100023473, "log10_min_child_weight": 4.676045330202473, "log10_subsample": -0.8471742515968061, "max_depth": 5.0, "num_boost_round": 16.0}, "datetime": {"datetime": "2024-01-19 00:27:08", "elapsed": 922.554171, "delta": 0.001383}}
{"target": -17.677180202401065, "params": {"gamma": 959.5526371859941, "log10_alpha": -2.782492576423932, "log10_colsample_bytree": -0.13591188028014112, "log10_eta": -3.3687616495111405, "log10_lambda": -3.0530171100023473, "log10_min_child_weight": 4.676045330202473, "log10_subsample": -0.8471742515968061, "max_depth": 5.0, "num_boost_round": 17.0}, "datetime": {"datetime": "2024-01-19 00:27:08", "elapsed": 922.555547, "delta": 0.001376}}
{"target": -17.67717669998679, "params": {"gamma": 959.5526371859941, "log10_alpha": -2.782492576423932, "log10_colsample_bytree": -0.13591188028014112, "log10_eta": -3.3687616495111405, "log10_lambda": -3.0530171100023473, "log10_min_child_weight": 4.676045330202473, "log10_subsample": -0.8471742515968061, "max_depth": 5.0, "num_boost_round": 18.0}, "datetime": {"datetime": "2024-01-19 00:27:08", "elapsed": 922.556923, "delta": 0.001376}}
{"target": -17.677173202554506, "params": {"gamma": 959.5526371859941, "log10_alpha": -2.782492576423932, "log10_colsample_bytree": -0.13591188028014112, "log10_eta": -3.3687616495111405, "log10_lambda": -3.0530171100023473, "log10_min_child_weight": 4.676045330202473, "log10_subsample": -0.8471742515968061, "max_depth": 5.0, "num_boost_round": 19.0}, "datetime": {"datetime": "2024-01-19 00:27:08", "elapsed": 922.558288, "delta": 0.001365}}
{"target": -17.677169976567612, "params": {"gamma": 959.5526371859941, "log10_alpha": -2.782492576423932, "log10_colsample_bytree": -0.13591188028014112, "log10_eta": -3.3687616495111405, "log10_lambda": -3.0530171100023473, "log10_min_child_weight": 4.676045330202473, "log10_subsample": -0.8471742515968061, "max_depth": 5.0, "num_boost_round": 20.0}, "datetime": {"datetime": "2024-01-19 00:27:08", "elapsed": 922.559664, "delta": 0.001376}}
{"target": -17.67716658871237, "params": {"gamma": 959.5526371859941, "log10_alpha": -2.782492576423932, "log10_colsample_bytree": -0.13591188028014112, "log10_eta": -3.3687616495111405, "log10_lambda": -3.0530171100023473, "log10_min_child_weight": 4.676045330202473, "log10_subsample": -0.8471742515968061, "max_depth": 5.0, "num_boost_round": 21.0}, "datetime": {"datetime": "2024-01-19 00:27:08", "elapsed": 922.561032, "delta": 0.001368}}
{"target": -17.677166366126777, "params": {"gamma": 959.5526371859941, "log10_alpha": -2.782492576423932, "log10_colsample_bytree": -0.13591188028014112, "log10_eta": -3.3687616495111405, "log10_lambda": -3.0530171100023473, "log10_min_child_weight": 4.676045330202473, "log10_subsample": -0.8471742515968061, "max_depth": 5.0, "num_boost_round": 22.0}, "datetime": {"datetime": "2024-01-19 00:27:08", "elapsed": 922.562576, "delta": 0.001544}}
{"target": -17.677197408341737, "params": {"gamma": 969.3610727439434, "log10_alpha": 0.44485557781960416, "log10_colsample_bytree": -0.3868230917585971, "log10_eta": -3.0968536078154796, "log10_lambda": -3.5074591639417125, "log10_min_child_weight": 2.3702553635032526, "log10_subsample": -0.29940462367865983, "max_depth": 3.0, "num_boost_round": 0.0}, "datetime": {"datetime": "2024-01-19 00:27:29", "elapsed": 942.812393, "delta": 20.249817}}
{"target": -17.677161994311444, "params": {"gamma": 969.3610727439434, "log10_alpha": 0.44485557781960416, "log10_colsample_bytree": -0.3868230917585971, "log10_eta": -3.0968536078154796, "log10_lambda": -3.5074591639417125, "log10_min_child_weight": 2.3702553635032526, "log10_subsample": -0.29940462367865983, "max_depth": 3.0, "num_boost_round": 1.0}, "datetime": {"datetime": "2024-01-19 00:27:29", "elapsed": 942.814389, "delta": 0.001996}}
{"target": -17.67713426364219, "params": {"gamma": 969.3610727439434, "log10_alpha": 0.44485557781960416, "log10_colsample_bytree": -0.3868230917585971, "log10_eta": -3.0968536078154796, "log10_lambda": -3.5074591639417125, "log10_min_child_weight": 2.3702553635032526, "log10_subsample": -0.29940462367865983, "max_depth": 3.0, "num_boost_round": 2.0}, "datetime": {"datetime": "2024-01-19 00:27:29", "elapsed": 942.815919, "delta": 0.00153}}
{"target": -17.67710176012931, "params": {"gamma": 969.3610727439434, "log10_alpha": 0.44485557781960416, "log10_colsample_bytree": -0.3868230917585971, "log10_eta": -3.0968536078154796, "log10_lambda": -3.5074591639417125, "log10_min_child_weight": 2.3702553635032526, "log10_subsample": -0.29940462367865983, "max_depth": 3.0, "num_boost_round": 3.0}, "datetime": {"datetime": "2024-01-19 00:27:29", "elapsed": 942.817462, "delta": 0.001543}}
{"target": -17.67708847215931, "params": {"gamma": 969.3610727439434, "log10_alpha": 0.44485557781960416, "log10_colsample_bytree": -0.3868230917585971, "log10_eta": -3.0968536078154796, "log10_lambda": -3.5074591639417125, "log10_min_child_weight": 2.3702553635032526, "log10_subsample": -0.29940462367865983, "max_depth": 3.0, "num_boost_round": 4.0}, "datetime": {"datetime": "2024-01-19 00:27:29", "elapsed": 942.819012, "delta": 0.00155}}
{"target": -17.677071601498447, "params": {"gamma": 969.3610727439434, "log10_alpha": 0.44485557781960416, "log10_colsample_bytree": -0.3868230917585971, "log10_eta": -3.0968536078154796, "log10_lambda": -3.5074591639417125, "log10_min_child_weight": 2.3702553635032526, "log10_subsample": -0.29940462367865983, "max_depth": 3.0, "num_boost_round": 5.0}, "datetime": {"datetime": "2024-01-19 00:27:29", "elapsed": 942.820415, "delta": 0.001403}}
{"target": -17.677051118569103, "params": {"gamma": 969.3610727439434, "log10_alpha": 0.44485557781960416, "log10_colsample_bytree": -0.3868230917585971, "log10_eta": -3.0968536078154796, "log10_lambda": -3.5074591639417125, "log10_min_child_weight": 2.3702553635032526, "log10_subsample": -0.29940462367865983, "max_depth": 3.0, "num_boost_round": 6.0}, "datetime": {"datetime": "2024-01-19 00:27:29", "elapsed": 942.821847, "delta": 0.001432}}
{"target": -17.677025025539635, "params": {"gamma": 969.3610727439434, "log10_alpha": 0.44485557781960416, "log10_colsample_bytree": -0.3868230917585971, "log10_eta": -3.0968536078154796, "log10_lambda": -3.5074591639417125, "log10_min_child_weight": 2.3702553635032526, "log10_subsample": -0.29940462367865983, "max_depth": 3.0, "num_boost_round": 7.0}, "datetime": {"datetime": "2024-01-19 00:27:29", "elapsed": 942.823272, "delta": 0.001425}}
{"target": -17.67699548825192, "params": {"gamma": 969.3610727439434, "log10_alpha": 0.44485557781960416, "log10_colsample_bytree": -0.3868230917585971, "log10_eta": -3.0968536078154796, "log10_lambda": -3.5074591639417125, "log10_min_child_weight": 2.3702553635032526, "log10_subsample": -0.29940462367865983, "max_depth": 3.0, "num_boost_round": 8.0}, "datetime": {"datetime": "2024-01-19 00:27:29", "elapsed": 942.824681, "delta": 0.001409}}
{"target": -17.676961159799653, "params": {"gamma": 969.3610727439434, "log10_alpha": 0.44485557781960416, "log10_colsample_bytree": -0.3868230917585971, "log10_eta": -3.0968536078154796, "log10_lambda": -3.5074591639417125, "log10_min_child_weight": 2.3702553635032526, "log10_subsample": -0.29940462367865983, "max_depth": 3.0, "num_boost_round": 9.0}, "datetime": {"datetime": "2024-01-19 00:27:29", "elapsed": 942.826067, "delta": 0.001386}}
{"target": -17.676943699352577, "params": {"gamma": 969.3610727439434, "log10_alpha": 0.44485557781960416, "log10_colsample_bytree": -0.3868230917585971, "log10_eta": -3.0968536078154796, "log10_lambda": -3.5074591639417125, "log10_min_child_weight": 2.3702553635032526, "log10_subsample": -0.29940462367865983, "max_depth": 3.0, "num_boost_round": 10.0}, "datetime": {"datetime": "2024-01-19 00:27:29", "elapsed": 942.827479, "delta": 0.001412}}
{"target": -17.676905731401483, "params": {"gamma": 969.3610727439434, "log10_alpha": 0.44485557781960416, "log10_colsample_bytree": -0.3868230917585971, "log10_eta": -3.0968536078154796, "log10_lambda": -3.5074591639417125, "log10_min_child_weight": 2.3702553635032526, "log10_subsample": -0.29940462367865983, "max_depth": 3.0, "num_boost_round": 11.0}, "datetime": {"datetime": "2024-01-19 00:27:29", "elapsed": 942.828881, "delta": 0.001402}}
{"target": -17.67687475513857, "params": {"gamma": 969.3610727439434, "log10_alpha": 0.44485557781960416, "log10_colsample_bytree": -0.3868230917585971, "log10_eta": -3.0968536078154796, "log10_lambda": -3.5074591639417125, "log10_min_child_weight": 2.3702553635032526, "log10_subsample": -0.29940462367865983, "max_depth": 3.0, "num_boost_round": 12.0}, "datetime": {"datetime": "2024-01-19 00:27:29", "elapsed": 942.830389, "delta": 0.001508}}
{"target": -17.676841392092197, "params": {"gamma": 969.3610727439434, "log10_alpha": 0.44485557781960416, "log10_colsample_bytree": -0.3868230917585971, "log10_eta": -3.0968536078154796, "log10_lambda": -3.5074591639417125, "log10_min_child_weight": 2.3702553635032526, "log10_subsample": -0.29940462367865983, "max_depth": 3.0, "num_boost_round": 13.0}, "datetime": {"datetime": "2024-01-19 00:27:29", "elapsed": 942.831862, "delta": 0.001473}}
