{"target": -13.757712339439616, "params": {"gamma": 714.5968415014464, "log10_alpha": -0.973438320118559, "log10_colsample_bytree": -0.4405294838599314, "log10_eta": -1.8358437206675888, "log10_lambda": -4.8046638023447255, "log10_min_child_weight": 1.1898078144692974, "log10_subsample": -0.6986253880530261, "max_depth": 2.0, "num_boost_round": 45.0}, "datetime": {"datetime": "2024-01-19 00:42:22", "elapsed": 1841.76912, "delta": 0.00231}}
{"target": -13.757854402819252, "params": {"gamma": 714.5968415014464, "log10_alpha": -0.973438320118559, "log10_colsample_bytree": -0.4405294838599314, "log10_eta": -1.8358437206675888, "log10_lambda": -4.8046638023447255, "log10_min_child_weight": 1.1898078144692974, "log10_subsample": -0.6986253880530261, "max_depth": 2.0, "num_boost_round": 46.0}, "datetime": {"datetime": "2024-01-19 00:42:22", "elapsed": 1841.771381, "delta": 0.002261}}
{"target": -13.757846249979705, "params": {"gamma": 714.5968415014464, "log10_alpha": -0.973438320118559, "log10_colsample_bytree": -0.4405294838599314, "log10_eta": -1.8358437206675888, "log10_lambda": -4.8046638023447255, "log10_min_child_weight": 1.1898078144692974, "log10_subsample": -0.6986253880530261, "max_depth": 2.0, "num_boost_round": 47.0}, "datetime": {"datetime": "2024-01-19 00:42:22", "elapsed": 1841.773633, "delta": 0.002252}}
{"target": -13.757982989698451, "params": {"gamma": 714.5968415014464, "log10_alpha": -0.973438320118559, "log10_colsample_bytree": -0.4405294838599314, "log10_eta": -1.8358437206675888, "log10_lambda": -4.8046638023447255, "log10_min_child_weight": 1.1898078144692974, "log10_subsample": -0.6986253880530261, "max_depth": 2.0, "num_boost_round": 48.0}, "datetime": {"datetime": "2024-01-19 00:42:22", "elapsed": 1841.775832, "delta": 0.002199}}
{"target": -13.758022063196954, "params": {"gamma": 714.5968415014464, "log10_alpha": -0.973438320118559, "log10_colsample_bytree": -0.4405294838599314, "log10_eta": -1.8358437206675888, "log10_lambda": -4.8046638023447255, "log10_min_child_weight": 1.1898078144692974, "log10_subsample": -0.6986253880530261, "max_depth": 2.0, "num_boost_round": 49.0}, "datetime": {"datetime": "2024-01-19 00:42:22", "elapsed": 1841.777982, "delta": 0.00215}}
{"target": -13.758072284803248, "params": {"gamma": 714.5968415014464, "log10_alpha": -0.973438320118559, "log10_colsample_bytree": -0.4405294838599314, "log10_eta": -1.8358437206675888, "log10_lambda": -4.8046638023447255, "log10_min_child_weight": 1.1898078144692974, "log10_subsample": -0.6986253880530261, "max_depth": 2.0, "num_boost_round": 50.0}, "datetime": {"datetime": "2024-01-19 00:42:22", "elapsed": 1841.784129, "delta": 0.006147}}
{"target": -13.75831339347532, "params": {"gamma": 714.5968415014464, "log10_alpha": -0.973438320118559, "log10_colsample_bytree": -0.4405294838599314, "log10_eta": -1.8358437206675888, "log10_lambda": -4.8046638023447255, "log10_min_child_weight": 1.1898078144692974, "log10_subsample": -0.6986253880530261, "max_depth": 2.0, "num_boost_round": 51.0}, "datetime": {"datetime": "2024-01-19 00:42:22", "elapsed": 1841.786337, "delta": 0.002208}}
{"target": -13.758324196298986, "params": {"gamma": 714.5968415014464, "log10_alpha": -0.973438320118559, "log10_colsample_bytree": -0.4405294838599314, "log10_eta": -1.8358437206675888, "log10_lambda": -4.8046638023447255, "log10_min_child_weight": 1.1898078144692974, "log10_subsample": -0.6986253880530261, "max_depth": 2.0, "num_boost_round": 52.0}, "datetime": {"datetime": "2024-01-19 00:42:22", "elapsed": 1841.895037, "delta": 0.1087}}
{"target": -13.758194337602164, "params": {"gamma": 714.5968415014464, "log10_alpha": -0.973438320118559, "log10_colsample_bytree": -0.4405294838599314, "log10_eta": -1.8358437206675888, "log10_lambda": -4.8046638023447255, "log10_min_child_weight": 1.1898078144692974, "log10_subsample": -0.6986253880530261, "max_depth": 2.0, "num_boost_round": 53.0}, "datetime": {"datetime": "2024-01-19 00:42:22", "elapsed": 1841.897702, "delta": 0.002665}}
{"target": -13.758166026436886, "params": {"gamma": 714.5968415014464, "log10_alpha": -0.973438320118559, "log10_colsample_bytree": -0.4405294838599314, "log10_eta": -1.8358437206675888, "log10_lambda": -4.8046638023447255, "log10_min_child_weight": 1.1898078144692974, "log10_subsample": -0.6986253880530261, "max_depth": 2.0, "num_boost_round": 54.0}, "datetime": {"datetime": "2024-01-19 00:42:22", "elapsed": 1841.90018, "delta": 0.002478}}
{"target": -13.758328616973499, "params": {"gamma": 714.5968415014464, "log10_alpha": -0.973438320118559, "log10_colsample_bytree": -0.4405294838599314, "log10_eta": -1.8358437206675888, "log10_lambda": -4.8046638023447255, "log10_min_child_weight": 1.1898078144692974, "log10_subsample": -0.6986253880530261, "max_depth": 2.0, "num_boost_round": 55.0}, "datetime": {"datetime": "2024-01-19 00:42:22", "elapsed": 1841.90291, "delta": 0.00273}}
{"target": -13.758510307205892, "params": {"gamma": 714.5968415014464, "log10_alpha": -0.973438320118559, "log10_colsample_bytree": -0.4405294838599314, "log10_eta": -1.8358437206675888, "log10_lambda": -4.8046638023447255, "log10_min_child_weight": 1.1898078144692974, "log10_subsample": -0.6986253880530261, "max_depth": 2.0, "num_boost_round": 56.0}, "datetime": {"datetime": "2024-01-19 00:42:22", "elapsed": 1841.905298, "delta": 0.002388}}
{"target": -13.758712318246864, "params": {"gamma": 714.5968415014464, "log10_alpha": -0.973438320118559, "log10_colsample_bytree": -0.4405294838599314, "log10_eta": -1.8358437206675888, "log10_lambda": -4.8046638023447255, "log10_min_child_weight": 1.1898078144692974, "log10_subsample": -0.6986253880530261, "max_depth": 2.0, "num_boost_round": 57.0}, "datetime": {"datetime": "2024-01-19 00:42:22", "elapsed": 1841.907686, "delta": 0.002388}}
{"target": -13.758722749907635, "params": {"gamma": 714.5968415014464, "log10_alpha": -0.973438320118559, "log10_colsample_bytree": -0.4405294838599314, "log10_eta": -1.8358437206675888, "log10_lambda": -4.8046638023447255, "log10_min_child_weight": 1.1898078144692974, "log10_subsample": -0.6986253880530261, "max_depth": 2.0, "num_boost_round": 58.0}, "datetime": {"datetime": "2024-01-19 00:42:22", "elapsed": 1841.909977, "delta": 0.002291}}
{"target": -13.758739145404506, "params": {"gamma": 714.5968415014464, "log10_alpha": -0.973438320118559, "log10_colsample_bytree": -0.4405294838599314, "log10_eta": -1.8358437206675888, "log10_lambda": -4.8046638023447255, "log10_min_child_weight": 1.1898078144692974, "log10_subsample": -0.6986253880530261, "max_depth": 2.0, "num_boost_round": 59.0}, "datetime": {"datetime": "2024-01-19 00:42:22", "elapsed": 1841.912198, "delta": 0.002221}}
{"target": -13.75900236993521, "params": {"gamma": 714.5968415014464, "log10_alpha": -0.973438320118559, "log10_colsample_bytree": -0.4405294838599314, "log10_eta": -1.8358437206675888, "log10_lambda": -4.8046638023447255, "log10_min_child_weight": 1.1898078144692974, "log10_subsample": -0.6986253880530261, "max_depth": 2.0, "num_boost_round": 60.0}, "datetime": {"datetime": "2024-01-19 00:42:22", "elapsed": 1841.91458, "delta": 0.002382}}
{"target": -13.759092309976332, "params": {"gamma": 714.5968415014464, "log10_alpha": -0.973438320118559, "log10_colsample_bytree": -0.4405294838599314, "log10_eta": -1.8358437206675888, "log10_lambda": -4.8046638023447255, "log10_min_child_weight": 1.1898078144692974, "log10_subsample": -0.6986253880530261, "max_depth": 2.0, "num_boost_round": 61.0}, "datetime": {"datetime": "2024-01-19 00:42:22", "elapsed": 1841.916848, "delta": 0.002268}}
{"target": -13.759147560757336, "params": {"gamma": 714.5968415014464, "log10_alpha": -0.973438320118559, "log10_colsample_bytree": -0.4405294838599314, "log10_eta": -1.8358437206675888, "log10_lambda": -4.8046638023447255, "log10_min_child_weight": 1.1898078144692974, "log10_subsample": -0.6986253880530261, "max_depth": 2.0, "num_boost_round": 62.0}, "datetime": {"datetime": "2024-01-19 00:42:22", "elapsed": 1841.919059, "delta": 0.002211}}
{"target": -13.759238976273775, "params": {"gamma": 714.5968415014464, "log10_alpha": -0.973438320118559, "log10_colsample_bytree": -0.4405294838599314, "log10_eta": -1.8358437206675888, "log10_lambda": -4.8046638023447255, "log10_min_child_weight": 1.1898078144692974, "log10_subsample": -0.6986253880530261, "max_depth": 2.0, "num_boost_round": 63.0}, "datetime": {"datetime": "2024-01-19 00:42:22", "elapsed": 1841.921369, "delta": 0.00231}}
{"target": -13.75922969735258, "params": {"gamma": 714.5968415014464, "log10_alpha": -0.973438320118559, "log10_colsample_bytree": -0.4405294838599314, "log10_eta": -1.8358437206675888, "log10_lambda": -4.8046638023447255, "log10_min_child_weight": 1.1898078144692974, "log10_subsample": -0.6986253880530261, "max_depth": 2.0, "num_boost_round": 64.0}, "datetime": {"datetime": "2024-01-19 00:42:22", "elapsed": 1841.923675, "delta": 0.002306}}
{"target": -13.758522555090686, "params": {"gamma": 719.2349945796573, "log10_alpha": -1.1004183143624093, "log10_colsample_bytree": -0.5701945190133205, "log10_eta": -2.894683267121257, "log10_lambda": -3.0195749861683896, "log10_min_child_weight": 2.382183890712933, "log10_subsample": -0.3431729218044439, "max_depth": 9.0, "num_boost_round": 0.0}, "datetime": {"datetime": "2024-01-19 00:42:52", "elapsed": 1872.054903, "delta": 30.131228}}
{"target": -13.758463696915271, "params": {"gamma": 719.2349945796573, "log10_alpha": -1.1004183143624093, "log10_colsample_bytree": -0.5701945190133205, "log10_eta": -2.894683267121257, "log10_lambda": -3.0195749861683896, "log10_min_child_weight": 2.382183890712933, "log10_subsample": -0.3431729218044439, "max_depth": 9.0, "num_boost_round": 1.0}, "datetime": {"datetime": "2024-01-19 00:42:52", "elapsed": 1872.057818, "delta": 0.002915}}
{"target": -13.75843762820015, "params": {"gamma": 719.2349945796573, "log10_alpha": -1.1004183143624093, "log10_colsample_bytree": -0.5701945190133205, "log10_eta": -2.894683267121257, "log10_lambda": -3.0195749861683896, "log10_min_child_weight": 2.382183890712933, "log10_subsample": -0.3431729218044439, "max_depth": 9.0, "num_boost_round": 2.0}, "datetime": {"datetime": "2024-01-19 00:42:52", "elapsed": 1872.060082, "delta": 0.002264}}
{"target": -13.758378141704963, "params": {"gamma": 719.2349945796573, "log10_alpha": -1.1004183143624093, "log10_colsample_bytree": -0.5701945190133205, "log10_eta": -2.894683267121257, "log10_lambda": -3.0195749861683896, "log10_min_child_weight": 2.382183890712933, "log10_subsample": -0.3431729218044439, "max_depth": 9.0, "num_boost_round": 3.0}, "datetime": {"datetime": "2024-01-19 00:42:52", "elapsed": 1872.062421, "delta": 0.002339}}
{"target": -13.758344189573911, "params": {"gamma": 719.2349945796573, "log10_alpha": -1.1004183143624093, "log10_colsample_bytree": -0.5701945190133205, "log10_eta": -2.894683267121257, "log10_lambda": -3.0195749861683896, "log10_min_child_weight": 2.382183890712933, "log10_subsample": -0.3431729218044439, "max_depth": 9.0, "num_boost_round": 4.0}, "datetime": {"datetime": "2024-01-19 00:42:52", "elapsed": 1872.064645, "delta": 0.002224}}
{"target": -13.758257026004223, "params": {"gamma": 719.2349945796573, "log10_alpha": -1.1004183143624093, "log10_colsample_bytree": -0.5701945190133205, "log10_eta": -2.894683267121257, "log10_lambda": -3.0195749861683896, "log10_min_child_weight": 2.382183890712933, "log10_subsample": -0.3431729218044439, "max_depth": 9.0, "num_boost_round": 5.0}, "datetime": {"datetime": "2024-01-19 00:42:52", "elapsed": 1872.066839, "delta": 0.002194}}
{"target": -13.758210738406378, "params": {"gamma": 719.2349945796573, "log10_alpha": -1.1004183143624093, "log10_colsample_bytree": -0.5701945190133205, "log10_eta": -2.894683267121257, "log10_lambda": -3.0195749861683896, "log10_min_child_weight": 2.382183890712933, "log10_subsample": -0.3431729218044439, "max_depth": 9.0, "num_boost_round": 6.0}, "datetime": {"datetime": "2024-01-19 00:42:52", "elapsed": 1872.069173, "delta": 0.002334}}
{"target": -13.75812533637284, "params": {"gamma": 719.2349945796573, "log10_alpha": -1.1004183143624093, "log10_colsample_bytree": -0.5701945190133205, "log10_eta": -2.894683267121257, "log10_lambda": -3.0195749861683896, "log10_min_child_weight": 2.382183890712933, "log10_subsample": -0.3431729218044439, "max_depth": 9.0, "num_boost_round": 7.0}, "datetime": {"datetime": "2024-01-19 00:42:52", "elapsed": 1872.07142, "delta": 0.002247}}
{"target": -13.758099581938074, "params": {"gamma": 719.2349945796573, "log10_alpha": -1.1004183143624093, "log10_colsample_bytree": -0.5701945190133205, "log10_eta": -2.894683267121257, "log10_lambda": -3.0195749861683896, "log10_min_child_weight": 2.382183890712933, "log10_subsample": -0.3431729218044439, "max_depth": 9.0, "num_boost_round": 8.0}, "datetime": {"datetime": "2024-01-19 00:42:52", "elapsed": 1872.073713, "delta": 0.002293}}
{"target": -13.758039568419264, "params": {"gamma": 719.2349945796573, "log10_alpha": -1.1004183143624093, "log10_colsample_bytree": -0.5701945190133205, "log10_eta": -2.894683267121257, "log10_lambda": -3.0195749861683896, "log10_min_child_weight": 2.382183890712933, "log10_subsample": -0.3431729218044439, "max_depth": 9.0, "num_boost_round": 9.0}, "datetime": {"datetime": "2024-01-19 00:42:52", "elapsed": 1872.07595, "delta": 0.002237}}
{"target": -13.757980691476446, "params": {"gamma": 719.2349945796573, "log10_alpha": -1.1004183143624093, "log10_colsample_bytree": -0.5701945190133205, "log10_eta": -2.894683267121257, "log10_lambda": -3.0195749861683896, "log10_min_child_weight": 2.382183890712933, "log10_subsample": -0.3431729218044439, "max_depth": 9.0, "num_boost_round": 10.0}, "datetime": {"datetime": "2024-01-19 00:42:52", "elapsed": 1872.078183, "delta": 0.002233}}
{"target": -13.75797382363931, "params": {"gamma": 719.2349945796573, "log10_alpha": -1.1004183143624093, "log10_colsample_bytree": -0.5701945190133205, "log10_eta": -2.894683267121257, "log10_lambda": -3.0195749861683896, "log10_min_child_weight": 2.382183890712933, "log10_subsample": -0.3431729218044439, "max_depth": 9.0, "num_boost_round": 11.0}, "datetime": {"datetime": "2024-01-19 00:42:52", "elapsed": 1872.080362, "delta": 0.002179}}
{"target": -13.75792361457002, "params": {"gamma": 719.2349945796573, "log10_alpha": -1.1004183143624093, "log10_colsample_bytree": -0.5701945190133205, "log10_eta": -2.894683267121257, "log10_lambda": -3.0195749861683896, "log10_min_child_weight": 2.382183890712933, "log10_subsample": -0.3431729218044439, "max_depth": 9.0, "num_boost_round": 12.0}, "datetime": {"datetime": "2024-01-19 00:42:52", "elapsed": 1872.082595, "delta": 0.002233}}
{"target": -13.757919982437837, "params": {"gamma": 719.2349945796573, "log10_alpha": -1.1004183143624093, "log10_colsample_bytree": -0.5701945190133205, "log10_eta": -2.894683267121257, "log10_lambda": -3.0195749861683896, "log10_min_child_weight": 2.382183890712933, "log10_subsample": -0.3431729218044439, "max_depth": 9.0, "num_boost_round": 13.0}, "datetime": {"datetime": "2024-01-19 00:42:53", "elapsed": 1872.084924, "delta": 0.002329}}
{"target": -13.75790317308684, "params": {"gamma": 719.2349945796573, "log10_alpha": -1.1004183143624093, "log10_colsample_bytree": -0.5701945190133205, "log10_eta": -2.894683267121257, "log10_lambda": -3.0195749861683896, "log10_min_child_weight": 2.382183890712933, "log10_subsample": -0.3431729218044439, "max_depth": 9.0, "num_boost_round": 14.0}, "datetime": {"datetime": "2024-01-19 00:42:53", "elapsed": 1872.087254, "delta": 0.00233}}
{"target": -13.757854881264398, "params": {"gamma": 719.2349945796573, "log10_alpha": -1.1004183143624093, "log10_colsample_bytree": -0.5701945190133205, "log10_eta": -2.894683267121257, "log10_lambda": -3.0195749861683896, "log10_min_child_weight": 2.382183890712933, "log10_subsample": -0.3431729218044439, "max_depth": 9.0, "num_boost_round": 15.0}, "datetime": {"datetime": "2024-01-19 00:42:53", "elapsed": 1872.089503, "delta": 0.002249}}
{"target": -13.757870921410365, "params": {"gamma": 719.2349945796573, "log10_alpha": -1.1004183143624093, "log10_colsample_bytree": -0.5701945190133205, "log10_eta": -2.894683267121257, "log10_lambda": -3.0195749861683896, "log10_min_child_weight": 2.382183890712933, "log10_subsample": -0.3431729218044439, "max_depth": 9.0, "num_boost_round": 16.0}, "datetime": {"datetime": "2024-01-19 00:42:53", "elapsed": 1872.091778, "delta": 0.002275}}
{"target": -13.757883918410204, "params": {"gamma": 719.2349945796573, "log10_alpha": -1.1004183143624093, "log10_colsample_bytree": -0.5701945190133205, "log10_eta": -2.894683267121257, "log10_lambda": -3.0195749861683896, "log10_min_child_weight": 2.382183890712933, "log10_subsample": -0.3431729218044439, "max_depth": 9.0, "num_boost_round": 17.0}, "datetime": {"datetime": "2024-01-19 00:42:53", "elapsed": 1872.094115, "delta": 0.002337}}
{"target": -13.757911365219888, "params": {"gamma": 719.2349945796573, "log10_alpha": -1.1004183143624093, "log10_colsample_bytree": -0.5701945190133205, "log10_eta": -2.894683267121257, "log10_lambda": -3.0195749861683896, "log10_min_child_weight": 2.382183890712933, "log10_subsample": -0.3431729218044439, "max_depth": 9.0, "num_boost_round": 18.0}, "datetime": {"datetime": "2024-01-19 00:42:53", "elapsed": 1872.096343, "delta": 0.002228}}
{"target": -13.758535920839227, "params": {"gamma": 707.5398691280274, "log10_alpha": -2.016877477502926, "log10_colsample_bytree": -0.1545006400882707, "log10_eta": -3.7785499574086288, "log10_lambda": -2.103279912943029, "log10_min_child_weight": 0.31138360779416396, "log10_subsample": -0.8887976727350853, "max_depth": 3.0, "num_boost_round": 0.0}, "datetime": {"datetime": "2024-01-19 00:43:31", "elapsed": 1910.414434, "delta": 38.318091}}
{"target": -13.758537029682474, "params": {"gamma": 707.5398691280274, "log10_alpha": -2.016877477502926, "log10_colsample_bytree": -0.1545006400882707, "log10_eta": -3.7785499574086288, "log10_lambda": -2.103279912943029, "log10_min_child_weight": 0.31138360779416396, "log10_subsample": -0.8887976727350853, "max_depth": 3.0, "num_boost_round": 1.0}, "datetime": {"datetime": "2024-01-19 00:43:31", "elapsed": 1910.416957, "delta": 0.002523}}
{"target": -13.758535561839427, "params": {"gamma": 707.5398691280274, "log10_alpha": -2.016877477502926, "log10_colsample_bytree": -0.1545006400882707, "log10_eta": -3.7785499574086288, "log10_lambda": -2.103279912943029, "log10_min_child_weight": 0.31138360779416396, "log10_subsample": -0.8887976727350853, "max_depth": 3.0, "num_boost_round": 2.0}, "datetime": {"datetime": "2024-01-19 00:43:31", "elapsed": 1910.419209, "delta": 0.002252}}
{"target": -13.758537195548826, "params": {"gamma": 707.5398691280274, "log10_alpha": -2.016877477502926, "log10_colsample_bytree": -0.1545006400882707, "log10_eta": -3.7785499574086288, "log10_lambda": -2.103279912943029, "log10_min_child_weight": 0.31138360779416396, "log10_subsample": -0.8887976727350853, "max_depth": 3.0, "num_boost_round": 3.0}, "datetime": {"datetime": "2024-01-19 00:43:31", "elapsed": 1910.421496, "delta": 0.002287}}
{"target": -13.758537200902932, "params": {"gamma": 707.5398691280274, "log10_alpha": -2.016877477502926, "log10_colsample_bytree": -0.1545006400882707, "log10_eta": -3.7785499574086288, "log10_lambda": -2.103279912943029, "log10_min_child_weight": 0.31138360779416396, "log10_subsample": -0.8887976727350853, "max_depth": 3.0, "num_boost_round": 4.0}, "datetime": {"datetime": "2024-01-19 00:43:31", "elapsed": 1910.423758, "delta": 0.002262}}
{"target": -13.758536055847868, "params": {"gamma": 707.5398691280274, "log10_alpha": -2.016877477502926, "log10_colsample_bytree": -0.1545006400882707, "log10_eta": -3.7785499574086288, "log10_lambda": -2.103279912943029, "log10_min_child_weight": 0.31138360779416396, "log10_subsample": -0.8887976727350853, "max_depth": 3.0, "num_boost_round": 5.0}, "datetime": {"datetime": "2024-01-19 00:43:31", "elapsed": 1910.425985, "delta": 0.002227}}
{"target": -13.758535233563466, "params": {"gamma": 707.5398691280274, "log10_alpha": -2.016877477502926, "log10_colsample_bytree": -0.1545006400882707, "log10_eta": -3.7785499574086288, "log10_lambda": -2.103279912943029, "log10_min_child_weight": 0.31138360779416396, "log10_subsample": -0.8887976727350853, "max_depth": 3.0, "num_boost_round": 6.0}, "datetime": {"datetime": "2024-01-19 00:43:31", "elapsed": 1910.4282, "delta": 0.002215}}
{"target": -13.758534495975763, "params": {"gamma": 707.5398691280274, "log10_alpha": -2.016877477502926, "log10_colsample_bytree": -0.1545006400882707, "log10_eta": -3.7785499574086288, "log10_lambda": -2.103279912943029, "log10_min_child_weight": 0.31138360779416396, "log10_subsample": -0.8887976727350853, "max_depth": 3.0, "num_boost_round": 7.0}, "datetime": {"datetime": "2024-01-19 00:43:31", "elapsed": 1910.430433, "delta": 0.002233}}
{"target": -13.758532060906008, "params": {"gamma": 707.5398691280274, "log10_alpha": -2.016877477502926, "log10_colsample_bytree": -0.1545006400882707, "log10_eta": -3.7785499574086288, "log10_lambda": -2.103279912943029, "log10_min_child_weight": 0.31138360779416396, "log10_subsample": -0.8887976727350853, "max_depth": 3.0, "num_boost_round": 8.0}, "datetime": {"datetime": "2024-01-19 00:43:31", "elapsed": 1910.43262, "delta": 0.002187}}
{"target": -13.758530454105244, "params": {"gamma": 707.5398691280274, "log10_alpha": -2.016877477502926, "log10_colsample_bytree": -0.1545006400882707, "log10_eta": -3.7785499574086288, "log10_lambda": -2.103279912943029, "log10_min_child_weight": 0.31138360779416396, "log10_subsample": -0.8887976727350853, "max_depth": 3.0, "num_boost_round": 9.0}, "datetime": {"datetime": "2024-01-19 00:43:31", "elapsed": 1910.434986, "delta": 0.002366}}
