{"target": -13.758467007028969, "params": {"gamma": 568.5550498832112, "log10_alpha": -0.5242522944330918, "log10_colsample_bytree": -0.6908851819082626, "log10_eta": -3.5611098723659214, "log10_lambda": -4.9838849513380525, "log10_min_child_weight": 0.23838775412619417, "log10_subsample": -0.6358487087578728, "max_depth": 3.0, "num_boost_round": 21.0}, "datetime": {"datetime": "2024-01-19 01:17:49", "elapsed": 4001.261563, "delta": 0.004218}}
{"target": -13.758467821688768, "params": {"gamma": 568.5550498832112, "log10_alpha": -0.5242522944330918, "log10_colsample_bytree": -0.6908851819082626, "log10_eta": -3.5611098723659214, "log10_lambda": -4.9838849513380525, "log10_min_child_weight": 0.23838775412619417, "log10_subsample": -0.6358487087578728, "max_depth": 3.0, "num_boost_round": 22.0}, "datetime": {"datetime": "2024-01-19 01:17:49", "elapsed": 4001.26601, "delta": 0.004447}}
{"target": -13.758463396358446, "params": {"gamma": 568.5550498832112, "log10_alpha": -0.5242522944330918, "log10_colsample_bytree": -0.6908851819082626, "log10_eta": -3.5611098723659214, "log10_lambda": -4.9838849513380525, "log10_min_child_weight": 0.23838775412619417, "log10_subsample": -0.6358487087578728, "max_depth": 3.0, "num_boost_round": 23.0}, "datetime": {"datetime": "2024-01-19 01:17:49", "elapsed": 4001.270259, "delta": 0.004249}}
{"target": -13.758460852027131, "params": {"gamma": 568.5550498832112, "log10_alpha": -0.5242522944330918, "log10_colsample_bytree": -0.6908851819082626, "log10_eta": -3.5611098723659214, "log10_lambda": -4.9838849513380525, "log10_min_child_weight": 0.23838775412619417, "log10_subsample": -0.6358487087578728, "max_depth": 3.0, "num_boost_round": 24.0}, "datetime": {"datetime": "2024-01-19 01:17:49", "elapsed": 4001.274463, "delta": 0.004204}}
{"target": -13.758455045886478, "params": {"gamma": 568.5550498832112, "log10_alpha": -0.5242522944330918, "log10_colsample_bytree": -0.6908851819082626, "log10_eta": -3.5611098723659214, "log10_lambda": -4.9838849513380525, "log10_min_child_weight": 0.23838775412619417, "log10_subsample": -0.6358487087578728, "max_depth": 3.0, "num_boost_round": 25.0}, "datetime": {"datetime": "2024-01-19 01:17:49", "elapsed": 4001.278752, "delta": 0.004289}}
{"target": -13.75845411958225, "params": {"gamma": 568.5550498832112, "log10_alpha": -0.5242522944330918, "log10_colsample_bytree": -0.6908851819082626, "log10_eta": -3.5611098723659214, "log10_lambda": -4.9838849513380525, "log10_min_child_weight": 0.23838775412619417, "log10_subsample": -0.6358487087578728, "max_depth": 3.0, "num_boost_round": 26.0}, "datetime": {"datetime": "2024-01-19 01:17:49", "elapsed": 4001.283022, "delta": 0.00427}}
{"target": -13.75844811446016, "params": {"gamma": 568.5550498832112, "log10_alpha": -0.5242522944330918, "log10_colsample_bytree": -0.6908851819082626, "log10_eta": -3.5611098723659214, "log10_lambda": -4.9838849513380525, "log10_min_child_weight": 0.23838775412619417, "log10_subsample": -0.6358487087578728, "max_depth": 3.0, "num_boost_round": 27.0}, "datetime": {"datetime": "2024-01-19 01:17:49", "elapsed": 4001.287385, "delta": 0.004363}}
{"target": -13.758444339478864, "params": {"gamma": 568.5550498832112, "log10_alpha": -0.5242522944330918, "log10_colsample_bytree": -0.6908851819082626, "log10_eta": -3.5611098723659214, "log10_lambda": -4.9838849513380525, "log10_min_child_weight": 0.23838775412619417, "log10_subsample": -0.6358487087578728, "max_depth": 3.0, "num_boost_round": 28.0}, "datetime": {"datetime": "2024-01-19 01:17:49", "elapsed": 4001.291619, "delta": 0.004234}}
{"target": -13.7584425894169, "params": {"gamma": 568.5550498832112, "log10_alpha": -0.5242522944330918, "log10_colsample_bytree": -0.6908851819082626, "log10_eta": -3.5611098723659214, "log10_lambda": -4.9838849513380525, "log10_min_child_weight": 0.23838775412619417, "log10_subsample": -0.6358487087578728, "max_depth": 3.0, "num_boost_round": 29.0}, "datetime": {"datetime": "2024-01-19 01:17:49", "elapsed": 4001.295763, "delta": 0.004144}}
{"target": -13.758437489536377, "params": {"gamma": 568.5550498832112, "log10_alpha": -0.5242522944330918, "log10_colsample_bytree": -0.6908851819082626, "log10_eta": -3.5611098723659214, "log10_lambda": -4.9838849513380525, "log10_min_child_weight": 0.23838775412619417, "log10_subsample": -0.6358487087578728, "max_depth": 3.0, "num_boost_round": 30.0}, "datetime": {"datetime": "2024-01-19 01:17:49", "elapsed": 4001.299915, "delta": 0.004152}}
{"target": -13.758429746179235, "params": {"gamma": 568.5550498832112, "log10_alpha": -0.5242522944330918, "log10_colsample_bytree": -0.6908851819082626, "log10_eta": -3.5611098723659214, "log10_lambda": -4.9838849513380525, "log10_min_child_weight": 0.23838775412619417, "log10_subsample": -0.6358487087578728, "max_depth": 3.0, "num_boost_round": 31.0}, "datetime": {"datetime": "2024-01-19 01:17:49", "elapsed": 4001.304228, "delta": 0.004313}}
{"target": -13.758423473733497, "params": {"gamma": 568.5550498832112, "log10_alpha": -0.5242522944330918, "log10_colsample_bytree": -0.6908851819082626, "log10_eta": -3.5611098723659214, "log10_lambda": -4.9838849513380525, "log10_min_child_weight": 0.23838775412619417, "log10_subsample": -0.6358487087578728, "max_depth": 3.0, "num_boost_round": 32.0}, "datetime": {"datetime": "2024-01-19 01:17:49", "elapsed": 4001.308477, "delta": 0.004249}}
{"target": -13.758421200178173, "params": {"gamma": 568.5550498832112, "log10_alpha": -0.5242522944330918, "log10_colsample_bytree": -0.6908851819082626, "log10_eta": -3.5611098723659214, "log10_lambda": -4.9838849513380525, "log10_min_child_weight": 0.23838775412619417, "log10_subsample": -0.6358487087578728, "max_depth": 3.0, "num_boost_round": 33.0}, "datetime": {"datetime": "2024-01-19 01:17:49", "elapsed": 4001.312706, "delta": 0.004229}}
{"target": -13.75841521679342, "params": {"gamma": 568.5550498832112, "log10_alpha": -0.5242522944330918, "log10_colsample_bytree": -0.6908851819082626, "log10_eta": -3.5611098723659214, "log10_lambda": -4.9838849513380525, "log10_min_child_weight": 0.23838775412619417, "log10_subsample": -0.6358487087578728, "max_depth": 3.0, "num_boost_round": 34.0}, "datetime": {"datetime": "2024-01-19 01:17:49", "elapsed": 4001.317474, "delta": 0.004768}}
{"target": -13.758411036607242, "params": {"gamma": 568.5550498832112, "log10_alpha": -0.5242522944330918, "log10_colsample_bytree": -0.6908851819082626, "log10_eta": -3.5611098723659214, "log10_lambda": -4.9838849513380525, "log10_min_child_weight": 0.23838775412619417, "log10_subsample": -0.6358487087578728, "max_depth": 3.0, "num_boost_round": 35.0}, "datetime": {"datetime": "2024-01-19 01:17:49", "elapsed": 4001.321847, "delta": 0.004373}}
{"target": -13.758409649353796, "params": {"gamma": 568.5550498832112, "log10_alpha": -0.5242522944330918, "log10_colsample_bytree": -0.6908851819082626, "log10_eta": -3.5611098723659214, "log10_lambda": -4.9838849513380525, "log10_min_child_weight": 0.23838775412619417, "log10_subsample": -0.6358487087578728, "max_depth": 3.0, "num_boost_round": 36.0}, "datetime": {"datetime": "2024-01-19 01:17:49", "elapsed": 4001.326249, "delta": 0.004402}}
{"target": -13.758408804116915, "params": {"gamma": 568.5550498832112, "log10_alpha": -0.5242522944330918, "log10_colsample_bytree": -0.6908851819082626, "log10_eta": -3.5611098723659214, "log10_lambda": -4.9838849513380525, "log10_min_child_weight": 0.23838775412619417, "log10_subsample": -0.6358487087578728, "max_depth": 3.0, "num_boost_round": 37.0}, "datetime": {"datetime": "2024-01-19 01:17:49", "elapsed": 4001.330556, "delta": 0.004307}}
{"target": -13.758403353066592, "params": {"gamma": 568.5550498832112, "log10_alpha": -0.5242522944330918, "log10_colsample_bytree": -0.6908851819082626, "log10_eta": -3.5611098723659214, "log10_lambda": -4.9838849513380525, "log10_min_child_weight": 0.23838775412619417, "log10_subsample": -0.6358487087578728, "max_depth": 3.0, "num_boost_round": 38.0}, "datetime": {"datetime": "2024-01-19 01:17:49", "elapsed": 4001.334741, "delta": 0.004185}}
{"target": -13.758394149408488, "params": {"gamma": 568.5550498832112, "log10_alpha": -0.5242522944330918, "log10_colsample_bytree": -0.6908851819082626, "log10_eta": -3.5611098723659214, "log10_lambda": -4.9838849513380525, "log10_min_child_weight": 0.23838775412619417, "log10_subsample": -0.6358487087578728, "max_depth": 3.0, "num_boost_round": 39.0}, "datetime": {"datetime": "2024-01-19 01:17:49", "elapsed": 4001.339078, "delta": 0.004337}}
{"target": -13.758392804152914, "params": {"gamma": 568.5550498832112, "log10_alpha": -0.5242522944330918, "log10_colsample_bytree": -0.6908851819082626, "log10_eta": -3.5611098723659214, "log10_lambda": -4.9838849513380525, "log10_min_child_weight": 0.23838775412619417, "log10_subsample": -0.6358487087578728, "max_depth": 3.0, "num_boost_round": 40.0}, "datetime": {"datetime": "2024-01-19 01:17:49", "elapsed": 4001.344464, "delta": 0.005386}}
{"target": -13.758390606760829, "params": {"gamma": 568.5550498832112, "log10_alpha": -0.5242522944330918, "log10_colsample_bytree": -0.6908851819082626, "log10_eta": -3.5611098723659214, "log10_lambda": -4.9838849513380525, "log10_min_child_weight": 0.23838775412619417, "log10_subsample": -0.6358487087578728, "max_depth": 3.0, "num_boost_round": 41.0}, "datetime": {"datetime": "2024-01-19 01:17:49", "elapsed": 4001.349325, "delta": 0.004861}}
{"target": -13.758385458146552, "params": {"gamma": 568.5550498832112, "log10_alpha": -0.5242522944330918, "log10_colsample_bytree": -0.6908851819082626, "log10_eta": -3.5611098723659214, "log10_lambda": -4.9838849513380525, "log10_min_child_weight": 0.23838775412619417, "log10_subsample": -0.6358487087578728, "max_depth": 3.0, "num_boost_round": 42.0}, "datetime": {"datetime": "2024-01-19 01:17:49", "elapsed": 4001.353693, "delta": 0.004368}}
{"target": -13.758382998511118, "params": {"gamma": 568.5550498832112, "log10_alpha": -0.5242522944330918, "log10_colsample_bytree": -0.6908851819082626, "log10_eta": -3.5611098723659214, "log10_lambda": -4.9838849513380525, "log10_min_child_weight": 0.23838775412619417, "log10_subsample": -0.6358487087578728, "max_depth": 3.0, "num_boost_round": 43.0}, "datetime": {"datetime": "2024-01-19 01:17:49", "elapsed": 4001.480564, "delta": 0.126871}}
{"target": -13.758373042354178, "params": {"gamma": 568.5550498832112, "log10_alpha": -0.5242522944330918, "log10_colsample_bytree": -0.6908851819082626, "log10_eta": -3.5611098723659214, "log10_lambda": -4.9838849513380525, "log10_min_child_weight": 0.23838775412619417, "log10_subsample": -0.6358487087578728, "max_depth": 3.0, "num_boost_round": 44.0}, "datetime": {"datetime": "2024-01-19 01:17:49", "elapsed": 4001.485601, "delta": 0.005037}}
{"target": -13.758369952165978, "params": {"gamma": 568.5550498832112, "log10_alpha": -0.5242522944330918, "log10_colsample_bytree": -0.6908851819082626, "log10_eta": -3.5611098723659214, "log10_lambda": -4.9838849513380525, "log10_min_child_weight": 0.23838775412619417, "log10_subsample": -0.6358487087578728, "max_depth": 3.0, "num_boost_round": 45.0}, "datetime": {"datetime": "2024-01-19 01:17:49", "elapsed": 4001.490361, "delta": 0.00476}}
{"target": -13.75836206309993, "params": {"gamma": 568.5550498832112, "log10_alpha": -0.5242522944330918, "log10_colsample_bytree": -0.6908851819082626, "log10_eta": -3.5611098723659214, "log10_lambda": -4.9838849513380525, "log10_min_child_weight": 0.23838775412619417, "log10_subsample": -0.6358487087578728, "max_depth": 3.0, "num_boost_round": 46.0}, "datetime": {"datetime": "2024-01-19 01:17:49", "elapsed": 4001.494731, "delta": 0.00437}}
{"target": -13.758361611906878, "params": {"gamma": 568.5550498832112, "log10_alpha": -0.5242522944330918, "log10_colsample_bytree": -0.6908851819082626, "log10_eta": -3.5611098723659214, "log10_lambda": -4.9838849513380525, "log10_min_child_weight": 0.23838775412619417, "log10_subsample": -0.6358487087578728, "max_depth": 3.0, "num_boost_round": 47.0}, "datetime": {"datetime": "2024-01-19 01:17:49", "elapsed": 4001.49902, "delta": 0.004289}}
{"target": -13.758359626357262, "params": {"gamma": 568.5550498832112, "log10_alpha": -0.5242522944330918, "log10_colsample_bytree": -0.6908851819082626, "log10_eta": -3.5611098723659214, "log10_lambda": -4.9838849513380525, "log10_min_child_weight": 0.23838775412619417, "log10_subsample": -0.6358487087578728, "max_depth": 3.0, "num_boost_round": 48.0}, "datetime": {"datetime": "2024-01-19 01:17:49", "elapsed": 4001.50336, "delta": 0.00434}}
{"target": -13.758366108193064, "params": {"gamma": 568.5550498832112, "log10_alpha": -0.5242522944330918, "log10_colsample_bytree": -0.6908851819082626, "log10_eta": -3.5611098723659214, "log10_lambda": -4.9838849513380525, "log10_min_child_weight": 0.23838775412619417, "log10_subsample": -0.6358487087578728, "max_depth": 3.0, "num_boost_round": 49.0}, "datetime": {"datetime": "2024-01-19 01:17:49", "elapsed": 4001.50769, "delta": 0.00433}}
{"target": -13.758360820770271, "params": {"gamma": 568.5550498832112, "log10_alpha": -0.5242522944330918, "log10_colsample_bytree": -0.6908851819082626, "log10_eta": -3.5611098723659214, "log10_lambda": -4.9838849513380525, "log10_min_child_weight": 0.23838775412619417, "log10_subsample": -0.6358487087578728, "max_depth": 3.0, "num_boost_round": 50.0}, "datetime": {"datetime": "2024-01-19 01:17:49", "elapsed": 4001.512027, "delta": 0.004337}}
{"target": -13.758356452196994, "params": {"gamma": 568.5550498832112, "log10_alpha": -0.5242522944330918, "log10_colsample_bytree": -0.6908851819082626, "log10_eta": -3.5611098723659214, "log10_lambda": -4.9838849513380525, "log10_min_child_weight": 0.23838775412619417, "log10_subsample": -0.6358487087578728, "max_depth": 3.0, "num_boost_round": 51.0}, "datetime": {"datetime": "2024-01-19 01:17:49", "elapsed": 4001.516335, "delta": 0.004308}}
{"target": -13.758353660361411, "params": {"gamma": 568.5550498832112, "log10_alpha": -0.5242522944330918, "log10_colsample_bytree": -0.6908851819082626, "log10_eta": -3.5611098723659214, "log10_lambda": -4.9838849513380525, "log10_min_child_weight": 0.23838775412619417, "log10_subsample": -0.6358487087578728, "max_depth": 3.0, "num_boost_round": 52.0}, "datetime": {"datetime": "2024-01-19 01:17:49", "elapsed": 4001.520703, "delta": 0.004368}}
{"target": -13.758346697079341, "params": {"gamma": 568.5550498832112, "log10_alpha": -0.5242522944330918, "log10_colsample_bytree": -0.6908851819082626, "log10_eta": -3.5611098723659214, "log10_lambda": -4.9838849513380525, "log10_min_child_weight": 0.23838775412619417, "log10_subsample": -0.6358487087578728, "max_depth": 3.0, "num_boost_round": 53.0}, "datetime": {"datetime": "2024-01-19 01:17:49", "elapsed": 4001.525375, "delta": 0.004672}}
{"target": -13.758337322125508, "params": {"gamma": 568.5550498832112, "log10_alpha": -0.5242522944330918, "log10_colsample_bytree": -0.6908851819082626, "log10_eta": -3.5611098723659214, "log10_lambda": -4.9838849513380525, "log10_min_child_weight": 0.23838775412619417, "log10_subsample": -0.6358487087578728, "max_depth": 3.0, "num_boost_round": 54.0}, "datetime": {"datetime": "2024-01-19 01:17:49", "elapsed": 4001.529819, "delta": 0.004444}}
{"target": -13.75833301272628, "params": {"gamma": 568.5550498832112, "log10_alpha": -0.5242522944330918, "log10_colsample_bytree": -0.6908851819082626, "log10_eta": -3.5611098723659214, "log10_lambda": -4.9838849513380525, "log10_min_child_weight": 0.23838775412619417, "log10_subsample": -0.6358487087578728, "max_depth": 3.0, "num_boost_round": 55.0}, "datetime": {"datetime": "2024-01-19 01:17:49", "elapsed": 4001.534196, "delta": 0.004377}}
{"target": -13.75833310946917, "params": {"gamma": 568.5550498832112, "log10_alpha": -0.5242522944330918, "log10_colsample_bytree": -0.6908851819082626, "log10_eta": -3.5611098723659214, "log10_lambda": -4.9838849513380525, "log10_min_child_weight": 0.23838775412619417, "log10_subsample": -0.6358487087578728, "max_depth": 3.0, "num_boost_round": 56.0}, "datetime": {"datetime": "2024-01-19 01:17:49", "elapsed": 4001.538463, "delta": 0.004267}}
{"target": -13.758322066861693, "params": {"gamma": 568.5550498832112, "log10_alpha": -0.5242522944330918, "log10_colsample_bytree": -0.6908851819082626, "log10_eta": -3.5611098723659214, "log10_lambda": -4.9838849513380525, "log10_min_child_weight": 0.23838775412619417, "log10_subsample": -0.6358487087578728, "max_depth": 3.0, "num_boost_round": 57.0}, "datetime": {"datetime": "2024-01-19 01:17:49", "elapsed": 4001.542827, "delta": 0.004364}}
{"target": -13.758538115992682, "params": {"gamma": 590.8134858132564, "log10_alpha": -5.0, "log10_colsample_bytree": -1.0, "log10_eta": -4.0, "log10_lambda": -2.0157540068938906, "log10_min_child_weight": 5.0, "log10_subsample": 0.0, "max_depth": 3.0, "num_boost_round": 0.0}, "datetime": {"datetime": "2024-01-19 01:18:38", "elapsed": 4050.504328, "delta": 48.961501}}
{"target": -13.758536932583372, "params": {"gamma": 590.8134858132564, "log10_alpha": -5.0, "log10_colsample_bytree": -1.0, "log10_eta": -4.0, "log10_lambda": -2.0157540068938906, "log10_min_child_weight": 5.0, "log10_subsample": 0.0, "max_depth": 3.0, "num_boost_round": 1.0}, "datetime": {"datetime": "2024-01-19 01:18:38", "elapsed": 4050.509525, "delta": 0.005197}}
{"target": -13.758536592848726, "params": {"gamma": 590.8134858132564, "log10_alpha": -5.0, "log10_colsample_bytree": -1.0, "log10_eta": -4.0, "log10_lambda": -2.0157540068938906, "log10_min_child_weight": 5.0, "log10_subsample": 0.0, "max_depth": 3.0, "num_boost_round": 2.0}, "datetime": {"datetime": "2024-01-19 01:18:38", "elapsed": 4050.514049, "delta": 0.004524}}
{"target": -13.758536644791706, "params": {"gamma": 590.8134858132564, "log10_alpha": -5.0, "log10_colsample_bytree": -1.0, "log10_eta": -4.0, "log10_lambda": -2.0157540068938906, "log10_min_child_weight": 5.0, "log10_subsample": 0.0, "max_depth": 3.0, "num_boost_round": 3.0}, "datetime": {"datetime": "2024-01-19 01:18:38", "elapsed": 4050.518423, "delta": 0.004374}}
{"target": -13.75853681562593, "params": {"gamma": 590.8134858132564, "log10_alpha": -5.0, "log10_colsample_bytree": -1.0, "log10_eta": -4.0, "log10_lambda": -2.0157540068938906, "log10_min_child_weight": 5.0, "log10_subsample": 0.0, "max_depth": 3.0, "num_boost_round": 4.0}, "datetime": {"datetime": "2024-01-19 01:18:38", "elapsed": 4050.522776, "delta": 0.004353}}
{"target": -13.758537057481869, "params": {"gamma": 590.8134858132564, "log10_alpha": -5.0, "log10_colsample_bytree": -1.0, "log10_eta": -4.0, "log10_lambda": -2.0157540068938906, "log10_min_child_weight": 5.0, "log10_subsample": 0.0, "max_depth": 3.0, "num_boost_round": 5.0}, "datetime": {"datetime": "2024-01-19 01:18:38", "elapsed": 4050.527466, "delta": 0.00469}}
{"target": -13.758537021217164, "params": {"gamma": 590.8134858132564, "log10_alpha": -5.0, "log10_colsample_bytree": -1.0, "log10_eta": -4.0, "log10_lambda": -2.0157540068938906, "log10_min_child_weight": 5.0, "log10_subsample": 0.0, "max_depth": 3.0, "num_boost_round": 6.0}, "datetime": {"datetime": "2024-01-19 01:18:38", "elapsed": 4050.531771, "delta": 0.004305}}
{"target": -13.75853661351751, "params": {"gamma": 590.8134858132564, "log10_alpha": -5.0, "log10_colsample_bytree": -1.0, "log10_eta": -4.0, "log10_lambda": -2.0157540068938906, "log10_min_child_weight": 5.0, "log10_subsample": 0.0, "max_depth": 3.0, "num_boost_round": 7.0}, "datetime": {"datetime": "2024-01-19 01:18:38", "elapsed": 4050.536036, "delta": 0.004265}}
{"target": -13.758536631204217, "params": {"gamma": 590.8134858132564, "log10_alpha": -5.0, "log10_colsample_bytree": -1.0, "log10_eta": -4.0, "log10_lambda": -2.0157540068938906, "log10_min_child_weight": 5.0, "log10_subsample": 0.0, "max_depth": 3.0, "num_boost_round": 8.0}, "datetime": {"datetime": "2024-01-19 01:18:38", "elapsed": 4050.540406, "delta": 0.00437}}
{"target": -13.75853629201453, "params": {"gamma": 590.8134858132564, "log10_alpha": -5.0, "log10_colsample_bytree": -1.0, "log10_eta": -4.0, "log10_lambda": -2.0157540068938906, "log10_min_child_weight": 5.0, "log10_subsample": 0.0, "max_depth": 3.0, "num_boost_round": 9.0}, "datetime": {"datetime": "2024-01-19 01:18:38", "elapsed": 4050.544762, "delta": 0.004356}}
{"target": -13.758536324201495, "params": {"gamma": 590.8134858132564, "log10_alpha": -5.0, "log10_colsample_bytree": -1.0, "log10_eta": -4.0, "log10_lambda": -2.0157540068938906, "log10_min_child_weight": 5.0, "log10_subsample": 0.0, "max_depth": 3.0, "num_boost_round": 10.0}, "datetime": {"datetime": "2024-01-19 01:18:38", "elapsed": 4050.549251, "delta": 0.004489}}
{"target": -13.75853600010412, "params": {"gamma": 590.8134858132564, "log10_alpha": -5.0, "log10_colsample_bytree": -1.0, "log10_eta": -4.0, "log10_lambda": -2.0157540068938906, "log10_min_child_weight": 5.0, "log10_subsample": 0.0, "max_depth": 3.0, "num_boost_round": 11.0}, "datetime": {"datetime": "2024-01-19 01:18:38", "elapsed": 4050.553721, "delta": 0.00447}}
{"target": -13.758535527718198, "params": {"gamma": 590.8134858132564, "log10_alpha": -5.0, "log10_colsample_bytree": -1.0, "log10_eta": -4.0, "log10_lambda": -2.0157540068938906, "log10_min_child_weight": 5.0, "log10_subsample": 0.0, "max_depth": 3.0, "num_boost_round": 12.0}, "datetime": {"datetime": "2024-01-19 01:18:38", "elapsed": 4050.55821, "delta": 0.004489}}
{"target": -13.75853469742128, "params": {"gamma": 590.8134858132564, "log10_alpha": -5.0, "log10_colsample_bytree": -1.0, "log10_eta": -4.0, "log10_lambda": -2.0157540068938906, "log10_min_child_weight": 5.0, "log10_subsample": 0.0, "max_depth": 3.0, "num_boost_round": 13.0}, "datetime": {"datetime": "2024-01-19 01:18:38", "elapsed": 4050.56258, "delta": 0.00437}}
