{"target": -13.758536620379745, "params": {"gamma": 25.00329716787897, "log10_alpha": 0.4818320494904542, "log10_colsample_bytree": -0.5777244088838274, "log10_eta": -3.6340281642232264, "log10_lambda": -1.7470997887646647, "log10_min_child_weight": 4.95800294946229, "log10_subsample": -0.7468653086132001, "max_depth": 8.0, "num_boost_round": 1.0}, "datetime": {"datetime": "2024-01-19 00:39:37", "elapsed": 1685.830591, "delta": 0.002397}}
{"target": -13.758536739799961, "params": {"gamma": 25.00329716787897, "log10_alpha": 0.4818320494904542, "log10_colsample_bytree": -0.5777244088838274, "log10_eta": -3.6340281642232264, "log10_lambda": -1.7470997887646647, "log10_min_child_weight": 4.95800294946229, "log10_subsample": -0.7468653086132001, "max_depth": 8.0, "num_boost_round": 2.0}, "datetime": {"datetime": "2024-01-19 00:39:37", "elapsed": 1685.832471, "delta": 0.00188}}
{"target": -13.758535799931026, "params": {"gamma": 25.00329716787897, "log10_alpha": 0.4818320494904542, "log10_colsample_bytree": -0.5777244088838274, "log10_eta": -3.6340281642232264, "log10_lambda": -1.7470997887646647, "log10_min_child_weight": 4.95800294946229, "log10_subsample": -0.7468653086132001, "max_depth": 8.0, "num_boost_round": 3.0}, "datetime": {"datetime": "2024-01-19 00:39:37", "elapsed": 1685.834287, "delta": 0.001816}}
{"target": -13.758535461005925, "params": {"gamma": 25.00329716787897, "log10_alpha": 0.4818320494904542, "log10_colsample_bytree": -0.5777244088838274, "log10_eta": -3.6340281642232264, "log10_lambda": -1.7470997887646647, "log10_min_child_weight": 4.95800294946229, "log10_subsample": -0.7468653086132001, "max_depth": 8.0, "num_boost_round": 4.0}, "datetime": {"datetime": "2024-01-19 00:39:37", "elapsed": 1685.836166, "delta": 0.001879}}
{"target": -13.758534578594587, "params": {"gamma": 25.00329716787897, "log10_alpha": 0.4818320494904542, "log10_colsample_bytree": -0.5777244088838274, "log10_eta": -3.6340281642232264, "log10_lambda": -1.7470997887646647, "log10_min_child_weight": 4.95800294946229, "log10_subsample": -0.7468653086132001, "max_depth": 8.0, "num_boost_round": 5.0}, "datetime": {"datetime": "2024-01-19 00:39:37", "elapsed": 1685.838008, "delta": 0.001842}}
{"target": -13.758534560252668, "params": {"gamma": 25.00329716787897, "log10_alpha": 0.4818320494904542, "log10_colsample_bytree": -0.5777244088838274, "log10_eta": -3.6340281642232264, "log10_lambda": -1.7470997887646647, "log10_min_child_weight": 4.95800294946229, "log10_subsample": -0.7468653086132001, "max_depth": 8.0, "num_boost_round": 6.0}, "datetime": {"datetime": "2024-01-19 00:39:37", "elapsed": 1685.839898, "delta": 0.00189}}
{"target": -13.758533643258358, "params": {"gamma": 25.00329716787897, "log10_alpha": 0.4818320494904542, "log10_colsample_bytree": -0.5777244088838274, "log10_eta": -3.6340281642232264, "log10_lambda": -1.7470997887646647, "log10_min_child_weight": 4.95800294946229, "log10_subsample": -0.7468653086132001, "max_depth": 8.0, "num_boost_round": 7.0}, "datetime": {"datetime": "2024-01-19 00:39:37", "elapsed": 1685.841721, "delta": 0.001823}}
{"target": -13.758533392928461, "params": {"gamma": 25.00329716787897, "log10_alpha": 0.4818320494904542, "log10_colsample_bytree": -0.5777244088838274, "log10_eta": -3.6340281642232264, "log10_lambda": -1.7470997887646647, "log10_min_child_weight": 4.95800294946229, "log10_subsample": -0.7468653086132001, "max_depth": 8.0, "num_boost_round": 8.0}, "datetime": {"datetime": "2024-01-19 00:39:37", "elapsed": 1685.843547, "delta": 0.001826}}
{"target": -13.758532953545576, "params": {"gamma": 25.00329716787897, "log10_alpha": 0.4818320494904542, "log10_colsample_bytree": -0.5777244088838274, "log10_eta": -3.6340281642232264, "log10_lambda": -1.7470997887646647, "log10_min_child_weight": 4.95800294946229, "log10_subsample": -0.7468653086132001, "max_depth": 8.0, "num_boost_round": 9.0}, "datetime": {"datetime": "2024-01-19 00:39:37", "elapsed": 1685.845373, "delta": 0.001826}}
{"target": -13.758532738477788, "params": {"gamma": 25.00329716787897, "log10_alpha": 0.4818320494904542, "log10_colsample_bytree": -0.5777244088838274, "log10_eta": -3.6340281642232264, "log10_lambda": -1.7470997887646647, "log10_min_child_weight": 4.95800294946229, "log10_subsample": -0.7468653086132001, "max_depth": 8.0, "num_boost_round": 10.0}, "datetime": {"datetime": "2024-01-19 00:39:37", "elapsed": 1685.847468, "delta": 0.002095}}
{"target": -13.758532291078055, "params": {"gamma": 25.00329716787897, "log10_alpha": 0.4818320494904542, "log10_colsample_bytree": -0.5777244088838274, "log10_eta": -3.6340281642232264, "log10_lambda": -1.7470997887646647, "log10_min_child_weight": 4.95800294946229, "log10_subsample": -0.7468653086132001, "max_depth": 8.0, "num_boost_round": 11.0}, "datetime": {"datetime": "2024-01-19 00:39:37", "elapsed": 1685.849404, "delta": 0.001936}}
{"target": -13.758532505419653, "params": {"gamma": 25.00329716787897, "log10_alpha": 0.4818320494904542, "log10_colsample_bytree": -0.5777244088838274, "log10_eta": -3.6340281642232264, "log10_lambda": -1.7470997887646647, "log10_min_child_weight": 4.95800294946229, "log10_subsample": -0.7468653086132001, "max_depth": 8.0, "num_boost_round": 12.0}, "datetime": {"datetime": "2024-01-19 00:39:37", "elapsed": 1685.851222, "delta": 0.001818}}
{"target": -13.758531545209511, "params": {"gamma": 25.00329716787897, "log10_alpha": 0.4818320494904542, "log10_colsample_bytree": -0.5777244088838274, "log10_eta": -3.6340281642232264, "log10_lambda": -1.7470997887646647, "log10_min_child_weight": 4.95800294946229, "log10_subsample": -0.7468653086132001, "max_depth": 8.0, "num_boost_round": 13.0}, "datetime": {"datetime": "2024-01-19 00:39:37", "elapsed": 1685.853041, "delta": 0.001819}}
{"target": -13.758530721180833, "params": {"gamma": 25.00329716787897, "log10_alpha": 0.4818320494904542, "log10_colsample_bytree": -0.5777244088838274, "log10_eta": -3.6340281642232264, "log10_lambda": -1.7470997887646647, "log10_min_child_weight": 4.95800294946229, "log10_subsample": -0.7468653086132001, "max_depth": 8.0, "num_boost_round": 14.0}, "datetime": {"datetime": "2024-01-19 00:39:37", "elapsed": 1685.854889, "delta": 0.001848}}
{"target": -13.758529313654426, "params": {"gamma": 25.00329716787897, "log10_alpha": 0.4818320494904542, "log10_colsample_bytree": -0.5777244088838274, "log10_eta": -3.6340281642232264, "log10_lambda": -1.7470997887646647, "log10_min_child_weight": 4.95800294946229, "log10_subsample": -0.7468653086132001, "max_depth": 8.0, "num_boost_round": 15.0}, "datetime": {"datetime": "2024-01-19 00:39:37", "elapsed": 1685.856748, "delta": 0.001859}}
{"target": -13.758528861811993, "params": {"gamma": 25.00329716787897, "log10_alpha": 0.4818320494904542, "log10_colsample_bytree": -0.5777244088838274, "log10_eta": -3.6340281642232264, "log10_lambda": -1.7470997887646647, "log10_min_child_weight": 4.95800294946229, "log10_subsample": -0.7468653086132001, "max_depth": 8.0, "num_boost_round": 16.0}, "datetime": {"datetime": "2024-01-19 00:39:37", "elapsed": 1685.858608, "delta": 0.00186}}
{"target": -13.758527934789882, "params": {"gamma": 25.00329716787897, "log10_alpha": 0.4818320494904542, "log10_colsample_bytree": -0.5777244088838274, "log10_eta": -3.6340281642232264, "log10_lambda": -1.7470997887646647, "log10_min_child_weight": 4.95800294946229, "log10_subsample": -0.7468653086132001, "max_depth": 8.0, "num_boost_round": 17.0}, "datetime": {"datetime": "2024-01-19 00:39:37", "elapsed": 1685.860441, "delta": 0.001833}}
{"target": -13.758536164297697, "params": {"gamma": 37.88606962710905, "log10_alpha": -3.3184964436722058, "log10_colsample_bytree": -0.03224952240669077, "log10_eta": -3.6772307670485573, "log10_lambda": -1.885998566906943, "log10_min_child_weight": 2.1121388092102262, "log10_subsample": -0.33896024747913067, "max_depth": 7.0, "num_boost_round": 0.0}, "datetime": {"datetime": "2024-01-19 00:40:01", "elapsed": 1709.366468, "delta": 23.506027}}
{"target": -13.758533202713624, "params": {"gamma": 37.88606962710905, "log10_alpha": -3.3184964436722058, "log10_colsample_bytree": -0.03224952240669077, "log10_eta": -3.6772307670485573, "log10_lambda": -1.885998566906943, "log10_min_child_weight": 2.1121388092102262, "log10_subsample": -0.33896024747913067, "max_depth": 7.0, "num_boost_round": 1.0}, "datetime": {"datetime": "2024-01-19 00:40:01", "elapsed": 1709.369234, "delta": 0.002766}}
{"target": -13.758530669005266, "params": {"gamma": 37.88606962710905, "log10_alpha": -3.3184964436722058, "log10_colsample_bytree": -0.03224952240669077, "log10_eta": -3.6772307670485573, "log10_lambda": -1.885998566906943, "log10_min_child_weight": 2.1121388092102262, "log10_subsample": -0.33896024747913067, "max_depth": 7.0, "num_boost_round": 2.0}, "datetime": {"datetime": "2024-01-19 00:40:01", "elapsed": 1709.37135, "delta": 0.002116}}
{"target": -13.758523731361542, "params": {"gamma": 37.88606962710905, "log10_alpha": -3.3184964436722058, "log10_colsample_bytree": -0.03224952240669077, "log10_eta": -3.6772307670485573, "log10_lambda": -1.885998566906943, "log10_min_child_weight": 2.1121388092102262, "log10_subsample": -0.33896024747913067, "max_depth": 7.0, "num_boost_round": 3.0}, "datetime": {"datetime": "2024-01-19 00:40:01", "elapsed": 1709.373325, "delta": 0.001975}}
{"target": -13.758520800761424, "params": {"gamma": 37.88606962710905, "log10_alpha": -3.3184964436722058, "log10_colsample_bytree": -0.03224952240669077, "log10_eta": -3.6772307670485573, "log10_lambda": -1.885998566906943, "log10_min_child_weight": 2.1121388092102262, "log10_subsample": -0.33896024747913067, "max_depth": 7.0, "num_boost_round": 4.0}, "datetime": {"datetime": "2024-01-19 00:40:01", "elapsed": 1709.375199, "delta": 0.001874}}
{"target": -13.758520309448238, "params": {"gamma": 37.88606962710905, "log10_alpha": -3.3184964436722058, "log10_colsample_bytree": -0.03224952240669077, "log10_eta": -3.6772307670485573, "log10_lambda": -1.885998566906943, "log10_min_child_weight": 2.1121388092102262, "log10_subsample": -0.33896024747913067, "max_depth": 7.0, "num_boost_round": 5.0}, "datetime": {"datetime": "2024-01-19 00:40:01", "elapsed": 1709.377175, "delta": 0.001976}}
{"target": -13.758518165826066, "params": {"gamma": 37.88606962710905, "log10_alpha": -3.3184964436722058, "log10_colsample_bytree": -0.03224952240669077, "log10_eta": -3.6772307670485573, "log10_lambda": -1.885998566906943, "log10_min_child_weight": 2.1121388092102262, "log10_subsample": -0.33896024747913067, "max_depth": 7.0, "num_boost_round": 6.0}, "datetime": {"datetime": "2024-01-19 00:40:01", "elapsed": 1709.37902, "delta": 0.001845}}
{"target": -13.758516068779434, "params": {"gamma": 37.88606962710905, "log10_alpha": -3.3184964436722058, "log10_colsample_bytree": -0.03224952240669077, "log10_eta": -3.6772307670485573, "log10_lambda": -1.885998566906943, "log10_min_child_weight": 2.1121388092102262, "log10_subsample": -0.33896024747913067, "max_depth": 7.0, "num_boost_round": 7.0}, "datetime": {"datetime": "2024-01-19 00:40:01", "elapsed": 1709.380871, "delta": 0.001851}}
{"target": -13.758506999545098, "params": {"gamma": 37.88606962710905, "log10_alpha": -3.3184964436722058, "log10_colsample_bytree": -0.03224952240669077, "log10_eta": -3.6772307670485573, "log10_lambda": -1.885998566906943, "log10_min_child_weight": 2.1121388092102262, "log10_subsample": -0.33896024747913067, "max_depth": 7.0, "num_boost_round": 8.0}, "datetime": {"datetime": "2024-01-19 00:40:01", "elapsed": 1709.382738, "delta": 0.001867}}
{"target": -13.758508467708136, "params": {"gamma": 37.88606962710905, "log10_alpha": -3.3184964436722058, "log10_colsample_bytree": -0.03224952240669077, "log10_eta": -3.6772307670485573, "log10_lambda": -1.885998566906943, "log10_min_child_weight": 2.1121388092102262, "log10_subsample": -0.33896024747913067, "max_depth": 7.0, "num_boost_round": 9.0}, "datetime": {"datetime": "2024-01-19 00:40:01", "elapsed": 1709.384605, "delta": 0.001867}}
{"target": -13.758504809138943, "params": {"gamma": 37.88606962710905, "log10_alpha": -3.3184964436722058, "log10_colsample_bytree": -0.03224952240669077, "log10_eta": -3.6772307670485573, "log10_lambda": -1.885998566906943, "log10_min_child_weight": 2.1121388092102262, "log10_subsample": -0.33896024747913067, "max_depth": 7.0, "num_boost_round": 10.0}, "datetime": {"datetime": "2024-01-19 00:40:01", "elapsed": 1709.38644, "delta": 0.001835}}
{"target": -13.758499005618432, "params": {"gamma": 37.88606962710905, "log10_alpha": -3.3184964436722058, "log10_colsample_bytree": -0.03224952240669077, "log10_eta": -3.6772307670485573, "log10_lambda": -1.885998566906943, "log10_min_child_weight": 2.1121388092102262, "log10_subsample": -0.33896024747913067, "max_depth": 7.0, "num_boost_round": 11.0}, "datetime": {"datetime": "2024-01-19 00:40:01", "elapsed": 1709.388434, "delta": 0.001994}}
{"target": -13.758491457238506, "params": {"gamma": 37.88606962710905, "log10_alpha": -3.3184964436722058, "log10_colsample_bytree": -0.03224952240669077, "log10_eta": -3.6772307670485573, "log10_lambda": -1.885998566906943, "log10_min_child_weight": 2.1121388092102262, "log10_subsample": -0.33896024747913067, "max_depth": 7.0, "num_boost_round": 12.0}, "datetime": {"datetime": "2024-01-19 00:40:01", "elapsed": 1709.390447, "delta": 0.002013}}
{"target": -13.758538022545213, "params": {"gamma": 37.89104018123346, "log10_alpha": -1.0124339448566024, "log10_colsample_bytree": -0.2349174109092501, "log10_eta": -3.8328036314854543, "log10_lambda": -4.510383601229062, "log10_min_child_weight": 4.935968812613334, "log10_subsample": -0.5016834848677885, "max_depth": 8.0, "num_boost_round": 0.0}, "datetime": {"datetime": "2024-01-19 00:40:26", "elapsed": 1735.117512, "delta": 25.727065}}
{"target": -13.758537419130452, "params": {"gamma": 37.89104018123346, "log10_alpha": -1.0124339448566024, "log10_colsample_bytree": -0.2349174109092501, "log10_eta": -3.8328036314854543, "log10_lambda": -4.510383601229062, "log10_min_child_weight": 4.935968812613334, "log10_subsample": -0.5016834848677885, "max_depth": 8.0, "num_boost_round": 1.0}, "datetime": {"datetime": "2024-01-19 00:40:26", "elapsed": 1735.119934, "delta": 0.002422}}
{"target": -13.758537243842037, "params": {"gamma": 37.89104018123346, "log10_alpha": -1.0124339448566024, "log10_colsample_bytree": -0.2349174109092501, "log10_eta": -3.8328036314854543, "log10_lambda": -4.510383601229062, "log10_min_child_weight": 4.935968812613334, "log10_subsample": -0.5016834848677885, "max_depth": 8.0, "num_boost_round": 2.0}, "datetime": {"datetime": "2024-01-19 00:40:26", "elapsed": 1735.121991, "delta": 0.002057}}
{"target": -13.758537355914727, "params": {"gamma": 37.89104018123346, "log10_alpha": -1.0124339448566024, "log10_colsample_bytree": -0.2349174109092501, "log10_eta": -3.8328036314854543, "log10_lambda": -4.510383601229062, "log10_min_child_weight": 4.935968812613334, "log10_subsample": -0.5016834848677885, "max_depth": 8.0, "num_boost_round": 3.0}, "datetime": {"datetime": "2024-01-19 00:40:26", "elapsed": 1735.12389, "delta": 0.001899}}
{"target": -13.758537327030611, "params": {"gamma": 37.89104018123346, "log10_alpha": -1.0124339448566024, "log10_colsample_bytree": -0.2349174109092501, "log10_eta": -3.8328036314854543, "log10_lambda": -4.510383601229062, "log10_min_child_weight": 4.935968812613334, "log10_subsample": -0.5016834848677885, "max_depth": 8.0, "num_boost_round": 4.0}, "datetime": {"datetime": "2024-01-19 00:40:27", "elapsed": 1735.125817, "delta": 0.001927}}
{"target": -13.758536693626588, "params": {"gamma": 37.89104018123346, "log10_alpha": -1.0124339448566024, "log10_colsample_bytree": -0.2349174109092501, "log10_eta": -3.8328036314854543, "log10_lambda": -4.510383601229062, "log10_min_child_weight": 4.935968812613334, "log10_subsample": -0.5016834848677885, "max_depth": 8.0, "num_boost_round": 5.0}, "datetime": {"datetime": "2024-01-19 00:40:27", "elapsed": 1735.127716, "delta": 0.001899}}
{"target": -13.758536973840611, "params": {"gamma": 37.89104018123346, "log10_alpha": -1.0124339448566024, "log10_colsample_bytree": -0.2349174109092501, "log10_eta": -3.8328036314854543, "log10_lambda": -4.510383601229062, "log10_min_child_weight": 4.935968812613334, "log10_subsample": -0.5016834848677885, "max_depth": 8.0, "num_boost_round": 6.0}, "datetime": {"datetime": "2024-01-19 00:40:27", "elapsed": 1735.129714, "delta": 0.001998}}
{"target": -13.758536549452755, "params": {"gamma": 37.89104018123346, "log10_alpha": -1.0124339448566024, "log10_colsample_bytree": -0.2349174109092501, "log10_eta": -3.8328036314854543, "log10_lambda": -4.510383601229062, "log10_min_child_weight": 4.935968812613334, "log10_subsample": -0.5016834848677885, "max_depth": 8.0, "num_boost_round": 7.0}, "datetime": {"datetime": "2024-01-19 00:40:27", "elapsed": 1735.131562, "delta": 0.001848}}
{"target": -13.758536144952101, "params": {"gamma": 37.89104018123346, "log10_alpha": -1.0124339448566024, "log10_colsample_bytree": -0.2349174109092501, "log10_eta": -3.8328036314854543, "log10_lambda": -4.510383601229062, "log10_min_child_weight": 4.935968812613334, "log10_subsample": -0.5016834848677885, "max_depth": 8.0, "num_boost_round": 8.0}, "datetime": {"datetime": "2024-01-19 00:40:27", "elapsed": 1735.133428, "delta": 0.001866}}
{"target": -13.758535507460145, "params": {"gamma": 37.89104018123346, "log10_alpha": -1.0124339448566024, "log10_colsample_bytree": -0.2349174109092501, "log10_eta": -3.8328036314854543, "log10_lambda": -4.510383601229062, "log10_min_child_weight": 4.935968812613334, "log10_subsample": -0.5016834848677885, "max_depth": 8.0, "num_boost_round": 9.0}, "datetime": {"datetime": "2024-01-19 00:40:27", "elapsed": 1735.135314, "delta": 0.001886}}
{"target": -13.758535085648544, "params": {"gamma": 37.89104018123346, "log10_alpha": -1.0124339448566024, "log10_colsample_bytree": -0.2349174109092501, "log10_eta": -3.8328036314854543, "log10_lambda": -4.510383601229062, "log10_min_child_weight": 4.935968812613334, "log10_subsample": -0.5016834848677885, "max_depth": 8.0, "num_boost_round": 10.0}, "datetime": {"datetime": "2024-01-19 00:40:27", "elapsed": 1735.137176, "delta": 0.001862}}
{"target": -13.758534429297123, "params": {"gamma": 37.89104018123346, "log10_alpha": -1.0124339448566024, "log10_colsample_bytree": -0.2349174109092501, "log10_eta": -3.8328036314854543, "log10_lambda": -4.510383601229062, "log10_min_child_weight": 4.935968812613334, "log10_subsample": -0.5016834848677885, "max_depth": 8.0, "num_boost_round": 11.0}, "datetime": {"datetime": "2024-01-19 00:40:27", "elapsed": 1735.139053, "delta": 0.001877}}
{"target": -13.758533517371092, "params": {"gamma": 37.89104018123346, "log10_alpha": -1.0124339448566024, "log10_colsample_bytree": -0.2349174109092501, "log10_eta": -3.8328036314854543, "log10_lambda": -4.510383601229062, "log10_min_child_weight": 4.935968812613334, "log10_subsample": -0.5016834848677885, "max_depth": 8.0, "num_boost_round": 12.0}, "datetime": {"datetime": "2024-01-19 00:40:27", "elapsed": 1735.14094, "delta": 0.001887}}
{"target": -13.758532897895538, "params": {"gamma": 37.89104018123346, "log10_alpha": -1.0124339448566024, "log10_colsample_bytree": -0.2349174109092501, "log10_eta": -3.8328036314854543, "log10_lambda": -4.510383601229062, "log10_min_child_weight": 4.935968812613334, "log10_subsample": -0.5016834848677885, "max_depth": 8.0, "num_boost_round": 13.0}, "datetime": {"datetime": "2024-01-19 00:40:27", "elapsed": 1735.142818, "delta": 0.001878}}
{"target": -13.7585384527486, "params": {"gamma": 35.15862747626974, "log10_alpha": -1.8021099053827965, "log10_colsample_bytree": -0.719152675707696, "log10_eta": -3.968132046619502, "log10_lambda": -4.575336616309039, "log10_min_child_weight": 4.540260820637837, "log10_subsample": -0.2530370497439235, "max_depth": 2.0, "num_boost_round": 0.0}, "datetime": {"datetime": "2024-01-19 00:40:49", "elapsed": 1757.878974, "delta": 22.736156}}
{"target": -13.75853770008805, "params": {"gamma": 35.15862747626974, "log10_alpha": -1.8021099053827965, "log10_colsample_bytree": -0.719152675707696, "log10_eta": -3.968132046619502, "log10_lambda": -4.575336616309039, "log10_min_child_weight": 4.540260820637837, "log10_subsample": -0.2530370497439235, "max_depth": 2.0, "num_boost_round": 1.0}, "datetime": {"datetime": "2024-01-19 00:40:49", "elapsed": 1757.881759, "delta": 0.002785}}
{"target": -13.758537966333254, "params": {"gamma": 35.15862747626974, "log10_alpha": -1.8021099053827965, "log10_colsample_bytree": -0.719152675707696, "log10_eta": -3.968132046619502, "log10_lambda": -4.575336616309039, "log10_min_child_weight": 4.540260820637837, "log10_subsample": -0.2530370497439235, "max_depth": 2.0, "num_boost_round": 2.0}, "datetime": {"datetime": "2024-01-19 00:40:49", "elapsed": 1757.883674, "delta": 0.001915}}
{"target": -13.758537670938264, "params": {"gamma": 35.15862747626974, "log10_alpha": -1.8021099053827965, "log10_colsample_bytree": -0.719152675707696, "log10_eta": -3.968132046619502, "log10_lambda": -4.575336616309039, "log10_min_child_weight": 4.540260820637837, "log10_subsample": -0.2530370497439235, "max_depth": 2.0, "num_boost_round": 3.0}, "datetime": {"datetime": "2024-01-19 00:40:49", "elapsed": 1757.885576, "delta": 0.001902}}
{"target": -13.75853778824946, "params": {"gamma": 35.15862747626974, "log10_alpha": -1.8021099053827965, "log10_colsample_bytree": -0.719152675707696, "log10_eta": -3.968132046619502, "log10_lambda": -4.575336616309039, "log10_min_child_weight": 4.540260820637837, "log10_subsample": -0.2530370497439235, "max_depth": 2.0, "num_boost_round": 4.0}, "datetime": {"datetime": "2024-01-19 00:40:49", "elapsed": 1757.887466, "delta": 0.00189}}
