{"target": -13.758526946946805, "params": {"gamma": 477.51119735940875, "log10_alpha": 1.0, "log10_colsample_bytree": -0.6251994360814135, "log10_eta": -4.0, "log10_lambda": -5.0, "log10_min_child_weight": 5.0, "log10_subsample": -0.1609200046267265, "max_depth": 6.0, "num_boost_round": 31.0}, "datetime": {"datetime": "2024-01-19 02:00:28", "elapsed": 6532.957312, "delta": 0.006003}}
{"target": -13.758526099078493, "params": {"gamma": 477.51119735940875, "log10_alpha": 1.0, "log10_colsample_bytree": -0.6251994360814135, "log10_eta": -4.0, "log10_lambda": -5.0, "log10_min_child_weight": 5.0, "log10_subsample": -0.1609200046267265, "max_depth": 6.0, "num_boost_round": 32.0}, "datetime": {"datetime": "2024-01-19 02:00:28", "elapsed": 6532.963292, "delta": 0.00598}}
{"target": -13.758525302701441, "params": {"gamma": 477.51119735940875, "log10_alpha": 1.0, "log10_colsample_bytree": -0.6251994360814135, "log10_eta": -4.0, "log10_lambda": -5.0, "log10_min_child_weight": 5.0, "log10_subsample": -0.1609200046267265, "max_depth": 6.0, "num_boost_round": 33.0}, "datetime": {"datetime": "2024-01-19 02:00:28", "elapsed": 6532.969288, "delta": 0.005996}}
{"target": -13.758525092488673, "params": {"gamma": 477.51119735940875, "log10_alpha": 1.0, "log10_colsample_bytree": -0.6251994360814135, "log10_eta": -4.0, "log10_lambda": -5.0, "log10_min_child_weight": 5.0, "log10_subsample": -0.1609200046267265, "max_depth": 6.0, "num_boost_round": 34.0}, "datetime": {"datetime": "2024-01-19 02:00:28", "elapsed": 6532.975305, "delta": 0.006017}}
{"target": -13.758524919590439, "params": {"gamma": 477.51119735940875, "log10_alpha": 1.0, "log10_colsample_bytree": -0.6251994360814135, "log10_eta": -4.0, "log10_lambda": -5.0, "log10_min_child_weight": 5.0, "log10_subsample": -0.1609200046267265, "max_depth": 6.0, "num_boost_round": 35.0}, "datetime": {"datetime": "2024-01-19 02:00:28", "elapsed": 6532.981317, "delta": 0.006012}}
{"target": -13.758524308861112, "params": {"gamma": 477.51119735940875, "log10_alpha": 1.0, "log10_colsample_bytree": -0.6251994360814135, "log10_eta": -4.0, "log10_lambda": -5.0, "log10_min_child_weight": 5.0, "log10_subsample": -0.1609200046267265, "max_depth": 6.0, "num_boost_round": 36.0}, "datetime": {"datetime": "2024-01-19 02:00:29", "elapsed": 6532.987555, "delta": 0.006238}}
{"target": -13.758524070464883, "params": {"gamma": 477.51119735940875, "log10_alpha": 1.0, "log10_colsample_bytree": -0.6251994360814135, "log10_eta": -4.0, "log10_lambda": -5.0, "log10_min_child_weight": 5.0, "log10_subsample": -0.1609200046267265, "max_depth": 6.0, "num_boost_round": 37.0}, "datetime": {"datetime": "2024-01-19 02:00:29", "elapsed": 6532.993558, "delta": 0.006003}}
{"target": -13.758523150512664, "params": {"gamma": 477.51119735940875, "log10_alpha": 1.0, "log10_colsample_bytree": -0.6251994360814135, "log10_eta": -4.0, "log10_lambda": -5.0, "log10_min_child_weight": 5.0, "log10_subsample": -0.1609200046267265, "max_depth": 6.0, "num_boost_round": 38.0}, "datetime": {"datetime": "2024-01-19 02:00:29", "elapsed": 6532.999573, "delta": 0.006015}}
{"target": -13.758522184124354, "params": {"gamma": 477.51119735940875, "log10_alpha": 1.0, "log10_colsample_bytree": -0.6251994360814135, "log10_eta": -4.0, "log10_lambda": -5.0, "log10_min_child_weight": 5.0, "log10_subsample": -0.1609200046267265, "max_depth": 6.0, "num_boost_round": 39.0}, "datetime": {"datetime": "2024-01-19 02:00:29", "elapsed": 6533.005622, "delta": 0.006049}}
{"target": -13.75852206039566, "params": {"gamma": 477.51119735940875, "log10_alpha": 1.0, "log10_colsample_bytree": -0.6251994360814135, "log10_eta": -4.0, "log10_lambda": -5.0, "log10_min_child_weight": 5.0, "log10_subsample": -0.1609200046267265, "max_depth": 6.0, "num_boost_round": 40.0}, "datetime": {"datetime": "2024-01-19 02:00:29", "elapsed": 6533.011697, "delta": 0.006075}}
{"target": -13.75852130062504, "params": {"gamma": 477.51119735940875, "log10_alpha": 1.0, "log10_colsample_bytree": -0.6251994360814135, "log10_eta": -4.0, "log10_lambda": -5.0, "log10_min_child_weight": 5.0, "log10_subsample": -0.1609200046267265, "max_depth": 6.0, "num_boost_round": 41.0}, "datetime": {"datetime": "2024-01-19 02:00:29", "elapsed": 6533.017747, "delta": 0.00605}}
{"target": -13.758520421028802, "params": {"gamma": 477.51119735940875, "log10_alpha": 1.0, "log10_colsample_bytree": -0.6251994360814135, "log10_eta": -4.0, "log10_lambda": -5.0, "log10_min_child_weight": 5.0, "log10_subsample": -0.1609200046267265, "max_depth": 6.0, "num_boost_round": 42.0}, "datetime": {"datetime": "2024-01-19 02:00:29", "elapsed": 6533.023851, "delta": 0.006104}}
{"target": -13.75851983773504, "params": {"gamma": 477.51119735940875, "log10_alpha": 1.0, "log10_colsample_bytree": -0.6251994360814135, "log10_eta": -4.0, "log10_lambda": -5.0, "log10_min_child_weight": 5.0, "log10_subsample": -0.1609200046267265, "max_depth": 6.0, "num_boost_round": 43.0}, "datetime": {"datetime": "2024-01-19 02:00:29", "elapsed": 6533.02989, "delta": 0.006039}}
{"target": -13.758519298575926, "params": {"gamma": 477.51119735940875, "log10_alpha": 1.0, "log10_colsample_bytree": -0.6251994360814135, "log10_eta": -4.0, "log10_lambda": -5.0, "log10_min_child_weight": 5.0, "log10_subsample": -0.1609200046267265, "max_depth": 6.0, "num_boost_round": 44.0}, "datetime": {"datetime": "2024-01-19 02:00:29", "elapsed": 6533.035927, "delta": 0.006037}}
{"target": -13.866638948787855, "params": {"gamma": 551.8374602284711, "log10_alpha": -4.537103179967617, "log10_colsample_bytree": -0.5516957770266996, "log10_eta": -0.2173689109923771, "log10_lambda": -4.40867636543009, "log10_min_child_weight": 0.5625515648706397, "log10_subsample": -0.8097980964938073, "max_depth": 8.0, "num_boost_round": 0.0}, "datetime": {"datetime": "2024-01-19 02:02:04", "elapsed": 6628.443098, "delta": 95.407171}}
{"target": -13.964374977212932, "params": {"gamma": 551.8374602284711, "log10_alpha": -4.537103179967617, "log10_colsample_bytree": -0.5516957770266996, "log10_eta": -0.2173689109923771, "log10_lambda": -4.40867636543009, "log10_min_child_weight": 0.5625515648706397, "log10_subsample": -0.8097980964938073, "max_depth": 8.0, "num_boost_round": 1.0}, "datetime": {"datetime": "2024-01-19 02:02:04", "elapsed": 6628.449373, "delta": 0.006275}}
{"target": -14.070439453599802, "params": {"gamma": 551.8374602284711, "log10_alpha": -4.537103179967617, "log10_colsample_bytree": -0.5516957770266996, "log10_eta": -0.2173689109923771, "log10_lambda": -4.40867636543009, "log10_min_child_weight": 0.5625515648706397, "log10_subsample": -0.8097980964938073, "max_depth": 8.0, "num_boost_round": 2.0}, "datetime": {"datetime": "2024-01-19 02:02:04", "elapsed": 6628.45545, "delta": 0.006077}}
{"target": -14.187673550079944, "params": {"gamma": 551.8374602284711, "log10_alpha": -4.537103179967617, "log10_colsample_bytree": -0.5516957770266996, "log10_eta": -0.2173689109923771, "log10_lambda": -4.40867636543009, "log10_min_child_weight": 0.5625515648706397, "log10_subsample": -0.8097980964938073, "max_depth": 8.0, "num_boost_round": 3.0}, "datetime": {"datetime": "2024-01-19 02:02:04", "elapsed": 6628.461407, "delta": 0.005957}}
{"target": -14.258667582063168, "params": {"gamma": 551.8374602284711, "log10_alpha": -4.537103179967617, "log10_colsample_bytree": -0.5516957770266996, "log10_eta": -0.2173689109923771, "log10_lambda": -4.40867636543009, "log10_min_child_weight": 0.5625515648706397, "log10_subsample": -0.8097980964938073, "max_depth": 8.0, "num_boost_round": 4.0}, "datetime": {"datetime": "2024-01-19 02:02:04", "elapsed": 6628.467779, "delta": 0.006372}}
{"target": -14.396698701207033, "params": {"gamma": 551.8374602284711, "log10_alpha": -4.537103179967617, "log10_colsample_bytree": -0.5516957770266996, "log10_eta": -0.2173689109923771, "log10_lambda": -4.40867636543009, "log10_min_child_weight": 0.5625515648706397, "log10_subsample": -0.8097980964938073, "max_depth": 8.0, "num_boost_round": 5.0}, "datetime": {"datetime": "2024-01-19 02:02:04", "elapsed": 6628.47447, "delta": 0.006691}}
{"target": -14.466630968122129, "params": {"gamma": 551.8374602284711, "log10_alpha": -4.537103179967617, "log10_colsample_bytree": -0.5516957770266996, "log10_eta": -0.2173689109923771, "log10_lambda": -4.40867636543009, "log10_min_child_weight": 0.5625515648706397, "log10_subsample": -0.8097980964938073, "max_depth": 8.0, "num_boost_round": 6.0}, "datetime": {"datetime": "2024-01-19 02:02:04", "elapsed": 6628.480592, "delta": 0.006122}}
{"target": -14.889613522322193, "params": {"gamma": 551.8374602284711, "log10_alpha": -4.537103179967617, "log10_colsample_bytree": -0.5516957770266996, "log10_eta": -0.2173689109923771, "log10_lambda": -4.40867636543009, "log10_min_child_weight": 0.5625515648706397, "log10_subsample": -0.8097980964938073, "max_depth": 8.0, "num_boost_round": 7.0}, "datetime": {"datetime": "2024-01-19 02:02:04", "elapsed": 6628.486924, "delta": 0.006332}}
{"target": -14.930993897286108, "params": {"gamma": 551.8374602284711, "log10_alpha": -4.537103179967617, "log10_colsample_bytree": -0.5516957770266996, "log10_eta": -0.2173689109923771, "log10_lambda": -4.40867636543009, "log10_min_child_weight": 0.5625515648706397, "log10_subsample": -0.8097980964938073, "max_depth": 8.0, "num_boost_round": 8.0}, "datetime": {"datetime": "2024-01-19 02:02:04", "elapsed": 6628.492973, "delta": 0.006049}}
{"target": -14.976448075370067, "params": {"gamma": 551.8374602284711, "log10_alpha": -4.537103179967617, "log10_colsample_bytree": -0.5516957770266996, "log10_eta": -0.2173689109923771, "log10_lambda": -4.40867636543009, "log10_min_child_weight": 0.5625515648706397, "log10_subsample": -0.8097980964938073, "max_depth": 8.0, "num_boost_round": 9.0}, "datetime": {"datetime": "2024-01-19 02:02:04", "elapsed": 6628.499074, "delta": 0.006101}}
{"target": -15.040763557213221, "params": {"gamma": 551.8374602284711, "log10_alpha": -4.537103179967617, "log10_colsample_bytree": -0.5516957770266996, "log10_eta": -0.2173689109923771, "log10_lambda": -4.40867636543009, "log10_min_child_weight": 0.5625515648706397, "log10_subsample": -0.8097980964938073, "max_depth": 8.0, "num_boost_round": 10.0}, "datetime": {"datetime": "2024-01-19 02:02:04", "elapsed": 6628.504994, "delta": 0.00592}}
{"target": -15.122821009384516, "params": {"gamma": 551.8374602284711, "log10_alpha": -4.537103179967617, "log10_colsample_bytree": -0.5516957770266996, "log10_eta": -0.2173689109923771, "log10_lambda": -4.40867636543009, "log10_min_child_weight": 0.5625515648706397, "log10_subsample": -0.8097980964938073, "max_depth": 8.0, "num_boost_round": 11.0}, "datetime": {"datetime": "2024-01-19 02:02:04", "elapsed": 6628.510924, "delta": 0.00593}}
{"target": -13.758510357209975, "params": {"gamma": 563.6624059139093, "log10_alpha": -4.173206504396915, "log10_colsample_bytree": -0.6338278218567002, "log10_eta": -2.8824908456654184, "log10_lambda": -1.7094715753449545, "log10_min_child_weight": 1.0329339407375393, "log10_subsample": -0.15066621901194732, "max_depth": 3.0, "num_boost_round": 0.0}, "datetime": {"datetime": "2024-01-19 02:03:10", "elapsed": 6694.501407, "delta": 65.990483}}
{"target": -13.758485906386575, "params": {"gamma": 563.6624059139093, "log10_alpha": -4.173206504396915, "log10_colsample_bytree": -0.6338278218567002, "log10_eta": -2.8824908456654184, "log10_lambda": -1.7094715753449545, "log10_min_child_weight": 1.0329339407375393, "log10_subsample": -0.15066621901194732, "max_depth": 3.0, "num_boost_round": 1.0}, "datetime": {"datetime": "2024-01-19 02:03:10", "elapsed": 6694.508675, "delta": 0.007268}}
{"target": -13.758488586470657, "params": {"gamma": 563.6624059139093, "log10_alpha": -4.173206504396915, "log10_colsample_bytree": -0.6338278218567002, "log10_eta": -2.8824908456654184, "log10_lambda": -1.7094715753449545, "log10_min_child_weight": 1.0329339407375393, "log10_subsample": -0.15066621901194732, "max_depth": 3.0, "num_boost_round": 2.0}, "datetime": {"datetime": "2024-01-19 02:03:10", "elapsed": 6694.514696, "delta": 0.006021}}
{"target": -13.758460778560494, "params": {"gamma": 563.6624059139093, "log10_alpha": -4.173206504396915, "log10_colsample_bytree": -0.6338278218567002, "log10_eta": -2.8824908456654184, "log10_lambda": -1.7094715753449545, "log10_min_child_weight": 1.0329339407375393, "log10_subsample": -0.15066621901194732, "max_depth": 3.0, "num_boost_round": 3.0}, "datetime": {"datetime": "2024-01-19 02:03:10", "elapsed": 6694.520657, "delta": 0.005961}}
{"target": -13.758455165619797, "params": {"gamma": 563.6624059139093, "log10_alpha": -4.173206504396915, "log10_colsample_bytree": -0.6338278218567002, "log10_eta": -2.8824908456654184, "log10_lambda": -1.7094715753449545, "log10_min_child_weight": 1.0329339407375393, "log10_subsample": -0.15066621901194732, "max_depth": 3.0, "num_boost_round": 4.0}, "datetime": {"datetime": "2024-01-19 02:03:10", "elapsed": 6694.526727, "delta": 0.00607}}
{"target": -13.758420501153024, "params": {"gamma": 563.6624059139093, "log10_alpha": -4.173206504396915, "log10_colsample_bytree": -0.6338278218567002, "log10_eta": -2.8824908456654184, "log10_lambda": -1.7094715753449545, "log10_min_child_weight": 1.0329339407375393, "log10_subsample": -0.15066621901194732, "max_depth": 3.0, "num_boost_round": 5.0}, "datetime": {"datetime": "2024-01-19 02:03:10", "elapsed": 6694.532755, "delta": 0.006028}}
{"target": -13.758403390671186, "params": {"gamma": 563.6624059139093, "log10_alpha": -4.173206504396915, "log10_colsample_bytree": -0.6338278218567002, "log10_eta": -2.8824908456654184, "log10_lambda": -1.7094715753449545, "log10_min_child_weight": 1.0329339407375393, "log10_subsample": -0.15066621901194732, "max_depth": 3.0, "num_boost_round": 6.0}, "datetime": {"datetime": "2024-01-19 02:03:10", "elapsed": 6694.538794, "delta": 0.006039}}
{"target": -13.758395024921358, "params": {"gamma": 563.6624059139093, "log10_alpha": -4.173206504396915, "log10_colsample_bytree": -0.6338278218567002, "log10_eta": -2.8824908456654184, "log10_lambda": -1.7094715753449545, "log10_min_child_weight": 1.0329339407375393, "log10_subsample": -0.15066621901194732, "max_depth": 3.0, "num_boost_round": 7.0}, "datetime": {"datetime": "2024-01-19 02:03:10", "elapsed": 6694.544796, "delta": 0.006002}}
{"target": -13.75838730663739, "params": {"gamma": 563.6624059139093, "log10_alpha": -4.173206504396915, "log10_colsample_bytree": -0.6338278218567002, "log10_eta": -2.8824908456654184, "log10_lambda": -1.7094715753449545, "log10_min_child_weight": 1.0329339407375393, "log10_subsample": -0.15066621901194732, "max_depth": 3.0, "num_boost_round": 8.0}, "datetime": {"datetime": "2024-01-19 02:03:10", "elapsed": 6694.550784, "delta": 0.005988}}
{"target": -13.758362109747509, "params": {"gamma": 563.6624059139093, "log10_alpha": -4.173206504396915, "log10_colsample_bytree": -0.6338278218567002, "log10_eta": -2.8824908456654184, "log10_lambda": -1.7094715753449545, "log10_min_child_weight": 1.0329339407375393, "log10_subsample": -0.15066621901194732, "max_depth": 3.0, "num_boost_round": 9.0}, "datetime": {"datetime": "2024-01-19 02:03:10", "elapsed": 6694.556834, "delta": 0.00605}}
{"target": -13.758491095049342, "params": {"gamma": 418.98734230255275, "log10_alpha": 0.7017062819230526, "log10_colsample_bytree": -0.9977454005722391, "log10_eta": -0.735269362360746, "log10_lambda": -2.3033223389980506, "log10_min_child_weight": 4.976216903764773, "log10_subsample": -0.8422800847815581, "max_depth": 2.0, "num_boost_round": 0.0}, "datetime": {"datetime": "2024-01-19 02:06:28", "elapsed": 6892.618902, "delta": 198.062068}}
{"target": -13.758023863401313, "params": {"gamma": 418.98734230255275, "log10_alpha": 0.7017062819230526, "log10_colsample_bytree": -0.9977454005722391, "log10_eta": -0.735269362360746, "log10_lambda": -2.3033223389980506, "log10_min_child_weight": 4.976216903764773, "log10_subsample": -0.8422800847815581, "max_depth": 2.0, "num_boost_round": 1.0}, "datetime": {"datetime": "2024-01-19 02:06:28", "elapsed": 6892.626342, "delta": 0.00744}}
{"target": -13.758208069185791, "params": {"gamma": 418.98734230255275, "log10_alpha": 0.7017062819230526, "log10_colsample_bytree": -0.9977454005722391, "log10_eta": -0.735269362360746, "log10_lambda": -2.3033223389980506, "log10_min_child_weight": 4.976216903764773, "log10_subsample": -0.8422800847815581, "max_depth": 2.0, "num_boost_round": 2.0}, "datetime": {"datetime": "2024-01-19 02:06:28", "elapsed": 6892.632489, "delta": 0.006147}}
{"target": -13.758324848721912, "params": {"gamma": 418.98734230255275, "log10_alpha": 0.7017062819230526, "log10_colsample_bytree": -0.9977454005722391, "log10_eta": -0.735269362360746, "log10_lambda": -2.3033223389980506, "log10_min_child_weight": 4.976216903764773, "log10_subsample": -0.8422800847815581, "max_depth": 2.0, "num_boost_round": 3.0}, "datetime": {"datetime": "2024-01-19 02:06:28", "elapsed": 6892.638554, "delta": 0.006065}}
{"target": -13.758484075170673, "params": {"gamma": 418.98734230255275, "log10_alpha": 0.7017062819230526, "log10_colsample_bytree": -0.9977454005722391, "log10_eta": -0.735269362360746, "log10_lambda": -2.3033223389980506, "log10_min_child_weight": 4.976216903764773, "log10_subsample": -0.8422800847815581, "max_depth": 2.0, "num_boost_round": 4.0}, "datetime": {"datetime": "2024-01-19 02:06:28", "elapsed": 6892.644508, "delta": 0.005954}}
{"target": -13.758684102362691, "params": {"gamma": 418.98734230255275, "log10_alpha": 0.7017062819230526, "log10_colsample_bytree": -0.9977454005722391, "log10_eta": -0.735269362360746, "log10_lambda": -2.3033223389980506, "log10_min_child_weight": 4.976216903764773, "log10_subsample": -0.8422800847815581, "max_depth": 2.0, "num_boost_round": 5.0}, "datetime": {"datetime": "2024-01-19 02:06:28", "elapsed": 6892.650501, "delta": 0.005993}}
{"target": -13.758515884733576, "params": {"gamma": 418.98734230255275, "log10_alpha": 0.7017062819230526, "log10_colsample_bytree": -0.9977454005722391, "log10_eta": -0.735269362360746, "log10_lambda": -2.3033223389980506, "log10_min_child_weight": 4.976216903764773, "log10_subsample": -0.8422800847815581, "max_depth": 2.0, "num_boost_round": 6.0}, "datetime": {"datetime": "2024-01-19 02:06:28", "elapsed": 6892.656527, "delta": 0.006026}}
{"target": -13.758037967822926, "params": {"gamma": 418.98734230255275, "log10_alpha": 0.7017062819230526, "log10_colsample_bytree": -0.9977454005722391, "log10_eta": -0.735269362360746, "log10_lambda": -2.3033223389980506, "log10_min_child_weight": 4.976216903764773, "log10_subsample": -0.8422800847815581, "max_depth": 2.0, "num_boost_round": 7.0}, "datetime": {"datetime": "2024-01-19 02:06:28", "elapsed": 6892.662569, "delta": 0.006042}}
{"target": -13.757940182172087, "params": {"gamma": 418.98734230255275, "log10_alpha": 0.7017062819230526, "log10_colsample_bytree": -0.9977454005722391, "log10_eta": -0.735269362360746, "log10_lambda": -2.3033223389980506, "log10_min_child_weight": 4.976216903764773, "log10_subsample": -0.8422800847815581, "max_depth": 2.0, "num_boost_round": 8.0}, "datetime": {"datetime": "2024-01-19 02:06:28", "elapsed": 6892.668593, "delta": 0.006024}}
{"target": -13.758536920957491, "params": {"gamma": 418.98734230255275, "log10_alpha": 0.7017062819230526, "log10_colsample_bytree": -0.9977454005722391, "log10_eta": -0.735269362360746, "log10_lambda": -2.3033223389980506, "log10_min_child_weight": 4.976216903764773, "log10_subsample": -0.8422800847815581, "max_depth": 2.0, "num_boost_round": 9.0}, "datetime": {"datetime": "2024-01-19 02:06:28", "elapsed": 6892.674729, "delta": 0.006136}}
{"target": -13.758230420475737, "params": {"gamma": 418.98734230255275, "log10_alpha": 0.7017062819230526, "log10_colsample_bytree": -0.9977454005722391, "log10_eta": -0.735269362360746, "log10_lambda": -2.3033223389980506, "log10_min_child_weight": 4.976216903764773, "log10_subsample": -0.8422800847815581, "max_depth": 2.0, "num_boost_round": 10.0}, "datetime": {"datetime": "2024-01-19 02:06:28", "elapsed": 6892.680812, "delta": 0.006083}}
{"target": -13.757832799406465, "params": {"gamma": 418.98734230255275, "log10_alpha": 0.7017062819230526, "log10_colsample_bytree": -0.9977454005722391, "log10_eta": -0.735269362360746, "log10_lambda": -2.3033223389980506, "log10_min_child_weight": 4.976216903764773, "log10_subsample": -0.8422800847815581, "max_depth": 2.0, "num_boost_round": 11.0}, "datetime": {"datetime": "2024-01-19 02:06:28", "elapsed": 6892.686805, "delta": 0.005993}}
{"target": -13.758114290810207, "params": {"gamma": 418.98734230255275, "log10_alpha": 0.7017062819230526, "log10_colsample_bytree": -0.9977454005722391, "log10_eta": -0.735269362360746, "log10_lambda": -2.3033223389980506, "log10_min_child_weight": 4.976216903764773, "log10_subsample": -0.8422800847815581, "max_depth": 2.0, "num_boost_round": 12.0}, "datetime": {"datetime": "2024-01-19 02:06:28", "elapsed": 6892.692752, "delta": 0.005947}}
{"target": -13.758182244991305, "params": {"gamma": 418.98734230255275, "log10_alpha": 0.7017062819230526, "log10_colsample_bytree": -0.9977454005722391, "log10_eta": -0.735269362360746, "log10_lambda": -2.3033223389980506, "log10_min_child_weight": 4.976216903764773, "log10_subsample": -0.8422800847815581, "max_depth": 2.0, "num_boost_round": 13.0}, "datetime": {"datetime": "2024-01-19 02:06:28", "elapsed": 6892.698796, "delta": 0.006044}}
{"target": -13.75836800590545, "params": {"gamma": 418.98734230255275, "log10_alpha": 0.7017062819230526, "log10_colsample_bytree": -0.9977454005722391, "log10_eta": -0.735269362360746, "log10_lambda": -2.3033223389980506, "log10_min_child_weight": 4.976216903764773, "log10_subsample": -0.8422800847815581, "max_depth": 2.0, "num_boost_round": 14.0}, "datetime": {"datetime": "2024-01-19 02:06:28", "elapsed": 6892.704759, "delta": 0.005963}}
