{"target": -13.75218304222863, "params": {"gamma": 839.8607892390653, "log10_alpha": -4.760119450616822, "log10_colsample_bytree": -0.4936573229899247, "log10_eta": -1.1370251169841392, "log10_lambda": -1.8000416573439644, "log10_min_child_weight": 1.4755490612733584, "log10_subsample": -0.9341595270302082, "max_depth": 7.0, "num_boost_round": 4.0}, "datetime": {"datetime": "2024-01-19 00:43:50", "elapsed": 1950.520714, "delta": 0.002131}}
{"target": -13.755102420901583, "params": {"gamma": 839.8607892390653, "log10_alpha": -4.760119450616822, "log10_colsample_bytree": -0.4936573229899247, "log10_eta": -1.1370251169841392, "log10_lambda": -1.8000416573439644, "log10_min_child_weight": 1.4755490612733584, "log10_subsample": -0.9341595270302082, "max_depth": 7.0, "num_boost_round": 5.0}, "datetime": {"datetime": "2024-01-19 00:43:50", "elapsed": 1950.522813, "delta": 0.002099}}
{"target": -13.757813237060343, "params": {"gamma": 839.8607892390653, "log10_alpha": -4.760119450616822, "log10_colsample_bytree": -0.4936573229899247, "log10_eta": -1.1370251169841392, "log10_lambda": -1.8000416573439644, "log10_min_child_weight": 1.4755490612733584, "log10_subsample": -0.9341595270302082, "max_depth": 7.0, "num_boost_round": 6.0}, "datetime": {"datetime": "2024-01-19 00:43:50", "elapsed": 1950.524895, "delta": 0.002082}}
{"target": -13.760389506321204, "params": {"gamma": 839.8607892390653, "log10_alpha": -4.760119450616822, "log10_colsample_bytree": -0.4936573229899247, "log10_eta": -1.1370251169841392, "log10_lambda": -1.8000416573439644, "log10_min_child_weight": 1.4755490612733584, "log10_subsample": -0.9341595270302082, "max_depth": 7.0, "num_boost_round": 7.0}, "datetime": {"datetime": "2024-01-19 00:43:50", "elapsed": 1950.526911, "delta": 0.002016}}
{"target": -13.760856638890175, "params": {"gamma": 839.8607892390653, "log10_alpha": -4.760119450616822, "log10_colsample_bytree": -0.4936573229899247, "log10_eta": -1.1370251169841392, "log10_lambda": -1.8000416573439644, "log10_min_child_weight": 1.4755490612733584, "log10_subsample": -0.9341595270302082, "max_depth": 7.0, "num_boost_round": 8.0}, "datetime": {"datetime": "2024-01-19 00:43:50", "elapsed": 1950.528915, "delta": 0.002004}}
{"target": -13.763157963033764, "params": {"gamma": 839.8607892390653, "log10_alpha": -4.760119450616822, "log10_colsample_bytree": -0.4936573229899247, "log10_eta": -1.1370251169841392, "log10_lambda": -1.8000416573439644, "log10_min_child_weight": 1.4755490612733584, "log10_subsample": -0.9341595270302082, "max_depth": 7.0, "num_boost_round": 9.0}, "datetime": {"datetime": "2024-01-19 00:43:50", "elapsed": 1950.530926, "delta": 0.002011}}
{"target": -13.765811746086216, "params": {"gamma": 839.8607892390653, "log10_alpha": -4.760119450616822, "log10_colsample_bytree": -0.4936573229899247, "log10_eta": -1.1370251169841392, "log10_lambda": -1.8000416573439644, "log10_min_child_weight": 1.4755490612733584, "log10_subsample": -0.9341595270302082, "max_depth": 7.0, "num_boost_round": 10.0}, "datetime": {"datetime": "2024-01-19 00:43:50", "elapsed": 1950.537151, "delta": 0.006225}}
{"target": -13.770932126785723, "params": {"gamma": 839.8607892390653, "log10_alpha": -4.760119450616822, "log10_colsample_bytree": -0.4936573229899247, "log10_eta": -1.1370251169841392, "log10_lambda": -1.8000416573439644, "log10_min_child_weight": 1.4755490612733584, "log10_subsample": -0.9341595270302082, "max_depth": 7.0, "num_boost_round": 11.0}, "datetime": {"datetime": "2024-01-19 00:43:50", "elapsed": 1950.539251, "delta": 0.0021}}
{"target": -13.780377708672296, "params": {"gamma": 839.8607892390653, "log10_alpha": -4.760119450616822, "log10_colsample_bytree": -0.4936573229899247, "log10_eta": -1.1370251169841392, "log10_lambda": -1.8000416573439644, "log10_min_child_weight": 1.4755490612733584, "log10_subsample": -0.9341595270302082, "max_depth": 7.0, "num_boost_round": 12.0}, "datetime": {"datetime": "2024-01-19 00:43:50", "elapsed": 1950.541401, "delta": 0.00215}}
{"target": -13.758505154380515, "params": {"gamma": 841.4662349068344, "log10_alpha": -1.7335660776982822, "log10_colsample_bytree": -0.8883641117958054, "log10_eta": -2.644216568804574, "log10_lambda": -2.293674194659671, "log10_min_child_weight": 2.815069759682787, "log10_subsample": -0.7167386439619234, "max_depth": 6.0, "num_boost_round": 0.0}, "datetime": {"datetime": "2024-01-19 00:44:17", "elapsed": 1977.22198, "delta": 26.680579}}
{"target": -13.758469710811786, "params": {"gamma": 841.4662349068344, "log10_alpha": -1.7335660776982822, "log10_colsample_bytree": -0.8883641117958054, "log10_eta": -2.644216568804574, "log10_lambda": -2.293674194659671, "log10_min_child_weight": 2.815069759682787, "log10_subsample": -0.7167386439619234, "max_depth": 6.0, "num_boost_round": 1.0}, "datetime": {"datetime": "2024-01-19 00:44:17", "elapsed": 1977.22461, "delta": 0.00263}}
{"target": -13.758449992082, "params": {"gamma": 841.4662349068344, "log10_alpha": -1.7335660776982822, "log10_colsample_bytree": -0.8883641117958054, "log10_eta": -2.644216568804574, "log10_lambda": -2.293674194659671, "log10_min_child_weight": 2.815069759682787, "log10_subsample": -0.7167386439619234, "max_depth": 6.0, "num_boost_round": 2.0}, "datetime": {"datetime": "2024-01-19 00:44:17", "elapsed": 1977.227328, "delta": 0.002718}}
{"target": -13.758425972876624, "params": {"gamma": 841.4662349068344, "log10_alpha": -1.7335660776982822, "log10_colsample_bytree": -0.8883641117958054, "log10_eta": -2.644216568804574, "log10_lambda": -2.293674194659671, "log10_min_child_weight": 2.815069759682787, "log10_subsample": -0.7167386439619234, "max_depth": 6.0, "num_boost_round": 3.0}, "datetime": {"datetime": "2024-01-19 00:44:17", "elapsed": 1977.229396, "delta": 0.002068}}
{"target": -13.75839214308501, "params": {"gamma": 841.4662349068344, "log10_alpha": -1.7335660776982822, "log10_colsample_bytree": -0.8883641117958054, "log10_eta": -2.644216568804574, "log10_lambda": -2.293674194659671, "log10_min_child_weight": 2.815069759682787, "log10_subsample": -0.7167386439619234, "max_depth": 6.0, "num_boost_round": 4.0}, "datetime": {"datetime": "2024-01-19 00:44:17", "elapsed": 1977.231485, "delta": 0.002089}}
{"target": -13.758365942264273, "params": {"gamma": 841.4662349068344, "log10_alpha": -1.7335660776982822, "log10_colsample_bytree": -0.8883641117958054, "log10_eta": -2.644216568804574, "log10_lambda": -2.293674194659671, "log10_min_child_weight": 2.815069759682787, "log10_subsample": -0.7167386439619234, "max_depth": 6.0, "num_boost_round": 5.0}, "datetime": {"datetime": "2024-01-19 00:44:17", "elapsed": 1977.233571, "delta": 0.002086}}
{"target": -13.75836479641481, "params": {"gamma": 841.4662349068344, "log10_alpha": -1.7335660776982822, "log10_colsample_bytree": -0.8883641117958054, "log10_eta": -2.644216568804574, "log10_lambda": -2.293674194659671, "log10_min_child_weight": 2.815069759682787, "log10_subsample": -0.7167386439619234, "max_depth": 6.0, "num_boost_round": 6.0}, "datetime": {"datetime": "2024-01-19 00:44:17", "elapsed": 1977.235588, "delta": 0.002017}}
{"target": -13.758251579572555, "params": {"gamma": 841.4662349068344, "log10_alpha": -1.7335660776982822, "log10_colsample_bytree": -0.8883641117958054, "log10_eta": -2.644216568804574, "log10_lambda": -2.293674194659671, "log10_min_child_weight": 2.815069759682787, "log10_subsample": -0.7167386439619234, "max_depth": 6.0, "num_boost_round": 7.0}, "datetime": {"datetime": "2024-01-19 00:44:17", "elapsed": 1977.237658, "delta": 0.00207}}
{"target": -13.758243555836337, "params": {"gamma": 841.4662349068344, "log10_alpha": -1.7335660776982822, "log10_colsample_bytree": -0.8883641117958054, "log10_eta": -2.644216568804574, "log10_lambda": -2.293674194659671, "log10_min_child_weight": 2.815069759682787, "log10_subsample": -0.7167386439619234, "max_depth": 6.0, "num_boost_round": 8.0}, "datetime": {"datetime": "2024-01-19 00:44:17", "elapsed": 1977.239671, "delta": 0.002013}}
{"target": -13.758247499461977, "params": {"gamma": 841.4662349068344, "log10_alpha": -1.7335660776982822, "log10_colsample_bytree": -0.8883641117958054, "log10_eta": -2.644216568804574, "log10_lambda": -2.293674194659671, "log10_min_child_weight": 2.815069759682787, "log10_subsample": -0.7167386439619234, "max_depth": 6.0, "num_boost_round": 9.0}, "datetime": {"datetime": "2024-01-19 00:44:17", "elapsed": 1977.241779, "delta": 0.002108}}
{"target": -13.758207975428675, "params": {"gamma": 841.4662349068344, "log10_alpha": -1.7335660776982822, "log10_colsample_bytree": -0.8883641117958054, "log10_eta": -2.644216568804574, "log10_lambda": -2.293674194659671, "log10_min_child_weight": 2.815069759682787, "log10_subsample": -0.7167386439619234, "max_depth": 6.0, "num_boost_round": 10.0}, "datetime": {"datetime": "2024-01-19 00:44:17", "elapsed": 1977.243841, "delta": 0.002062}}
{"target": -13.758156976188696, "params": {"gamma": 841.4662349068344, "log10_alpha": -1.7335660776982822, "log10_colsample_bytree": -0.8883641117958054, "log10_eta": -2.644216568804574, "log10_lambda": -2.293674194659671, "log10_min_child_weight": 2.815069759682787, "log10_subsample": -0.7167386439619234, "max_depth": 6.0, "num_boost_round": 11.0}, "datetime": {"datetime": "2024-01-19 00:44:17", "elapsed": 1977.245849, "delta": 0.002008}}
{"target": -13.758161903249093, "params": {"gamma": 841.4662349068344, "log10_alpha": -1.7335660776982822, "log10_colsample_bytree": -0.8883641117958054, "log10_eta": -2.644216568804574, "log10_lambda": -2.293674194659671, "log10_min_child_weight": 2.815069759682787, "log10_subsample": -0.7167386439619234, "max_depth": 6.0, "num_boost_round": 12.0}, "datetime": {"datetime": "2024-01-19 00:44:17", "elapsed": 1977.247913, "delta": 0.002064}}
{"target": -13.758110397948682, "params": {"gamma": 841.4662349068344, "log10_alpha": -1.7335660776982822, "log10_colsample_bytree": -0.8883641117958054, "log10_eta": -2.644216568804574, "log10_lambda": -2.293674194659671, "log10_min_child_weight": 2.815069759682787, "log10_subsample": -0.7167386439619234, "max_depth": 6.0, "num_boost_round": 13.0}, "datetime": {"datetime": "2024-01-19 00:44:17", "elapsed": 1977.249949, "delta": 0.002036}}
{"target": -13.75808642750249, "params": {"gamma": 841.4662349068344, "log10_alpha": -1.7335660776982822, "log10_colsample_bytree": -0.8883641117958054, "log10_eta": -2.644216568804574, "log10_lambda": -2.293674194659671, "log10_min_child_weight": 2.815069759682787, "log10_subsample": -0.7167386439619234, "max_depth": 6.0, "num_boost_round": 14.0}, "datetime": {"datetime": "2024-01-19 00:44:17", "elapsed": 1977.252, "delta": 0.002051}}
{"target": -13.75805036670007, "params": {"gamma": 841.4662349068344, "log10_alpha": -1.7335660776982822, "log10_colsample_bytree": -0.8883641117958054, "log10_eta": -2.644216568804574, "log10_lambda": -2.293674194659671, "log10_min_child_weight": 2.815069759682787, "log10_subsample": -0.7167386439619234, "max_depth": 6.0, "num_boost_round": 15.0}, "datetime": {"datetime": "2024-01-19 00:44:17", "elapsed": 1977.254164, "delta": 0.002164}}
{"target": -13.75803451283624, "params": {"gamma": 841.4662349068344, "log10_alpha": -1.7335660776982822, "log10_colsample_bytree": -0.8883641117958054, "log10_eta": -2.644216568804574, "log10_lambda": -2.293674194659671, "log10_min_child_weight": 2.815069759682787, "log10_subsample": -0.7167386439619234, "max_depth": 6.0, "num_boost_round": 16.0}, "datetime": {"datetime": "2024-01-19 00:44:17", "elapsed": 1977.256176, "delta": 0.002012}}
{"target": -13.758047615358674, "params": {"gamma": 841.4662349068344, "log10_alpha": -1.7335660776982822, "log10_colsample_bytree": -0.8883641117958054, "log10_eta": -2.644216568804574, "log10_lambda": -2.293674194659671, "log10_min_child_weight": 2.815069759682787, "log10_subsample": -0.7167386439619234, "max_depth": 6.0, "num_boost_round": 17.0}, "datetime": {"datetime": "2024-01-19 00:44:17", "elapsed": 1977.258308, "delta": 0.002132}}
{"target": -13.75802321917807, "params": {"gamma": 841.4662349068344, "log10_alpha": -1.7335660776982822, "log10_colsample_bytree": -0.8883641117958054, "log10_eta": -2.644216568804574, "log10_lambda": -2.293674194659671, "log10_min_child_weight": 2.815069759682787, "log10_subsample": -0.7167386439619234, "max_depth": 6.0, "num_boost_round": 18.0}, "datetime": {"datetime": "2024-01-19 00:44:17", "elapsed": 1977.260337, "delta": 0.002029}}
{"target": -13.757966730088063, "params": {"gamma": 841.4662349068344, "log10_alpha": -1.7335660776982822, "log10_colsample_bytree": -0.8883641117958054, "log10_eta": -2.644216568804574, "log10_lambda": -2.293674194659671, "log10_min_child_weight": 2.815069759682787, "log10_subsample": -0.7167386439619234, "max_depth": 6.0, "num_boost_round": 19.0}, "datetime": {"datetime": "2024-01-19 00:44:17", "elapsed": 1977.262495, "delta": 0.002158}}
{"target": -13.757918128249301, "params": {"gamma": 841.4662349068344, "log10_alpha": -1.7335660776982822, "log10_colsample_bytree": -0.8883641117958054, "log10_eta": -2.644216568804574, "log10_lambda": -2.293674194659671, "log10_min_child_weight": 2.815069759682787, "log10_subsample": -0.7167386439619234, "max_depth": 6.0, "num_boost_round": 20.0}, "datetime": {"datetime": "2024-01-19 00:44:17", "elapsed": 1977.264566, "delta": 0.002071}}
{"target": -13.75853328199139, "params": {"gamma": 861.0893991596911, "log10_alpha": -3.0915065878480767, "log10_colsample_bytree": -0.8297942966198962, "log10_eta": -3.3676070011057444, "log10_lambda": -3.679491690299096, "log10_min_child_weight": 3.6209847556939536, "log10_subsample": -0.6564484442211851, "max_depth": 7.0, "num_boost_round": 0.0}, "datetime": {"datetime": "2024-01-19 00:44:44", "elapsed": 2004.796497, "delta": 27.531931}}
{"target": -13.758529104823095, "params": {"gamma": 861.0893991596911, "log10_alpha": -3.0915065878480767, "log10_colsample_bytree": -0.8297942966198962, "log10_eta": -3.3676070011057444, "log10_lambda": -3.679491690299096, "log10_min_child_weight": 3.6209847556939536, "log10_subsample": -0.6564484442211851, "max_depth": 7.0, "num_boost_round": 1.0}, "datetime": {"datetime": "2024-01-19 00:44:44", "elapsed": 2004.901417, "delta": 0.10492}}
{"target": -13.758524889410921, "params": {"gamma": 861.0893991596911, "log10_alpha": -3.0915065878480767, "log10_colsample_bytree": -0.8297942966198962, "log10_eta": -3.3676070011057444, "log10_lambda": -3.679491690299096, "log10_min_child_weight": 3.6209847556939536, "log10_subsample": -0.6564484442211851, "max_depth": 7.0, "num_boost_round": 2.0}, "datetime": {"datetime": "2024-01-19 00:44:44", "elapsed": 2004.904043, "delta": 0.002626}}
{"target": -13.758522776682835, "params": {"gamma": 861.0893991596911, "log10_alpha": -3.0915065878480767, "log10_colsample_bytree": -0.8297942966198962, "log10_eta": -3.3676070011057444, "log10_lambda": -3.679491690299096, "log10_min_child_weight": 3.6209847556939536, "log10_subsample": -0.6564484442211851, "max_depth": 7.0, "num_boost_round": 3.0}, "datetime": {"datetime": "2024-01-19 00:44:44", "elapsed": 2004.906403, "delta": 0.00236}}
{"target": -13.75852392887493, "params": {"gamma": 861.0893991596911, "log10_alpha": -3.0915065878480767, "log10_colsample_bytree": -0.8297942966198962, "log10_eta": -3.3676070011057444, "log10_lambda": -3.679491690299096, "log10_min_child_weight": 3.6209847556939536, "log10_subsample": -0.6564484442211851, "max_depth": 7.0, "num_boost_round": 4.0}, "datetime": {"datetime": "2024-01-19 00:44:44", "elapsed": 2004.908671, "delta": 0.002268}}
{"target": -13.758523352717477, "params": {"gamma": 861.0893991596911, "log10_alpha": -3.0915065878480767, "log10_colsample_bytree": -0.8297942966198962, "log10_eta": -3.3676070011057444, "log10_lambda": -3.679491690299096, "log10_min_child_weight": 3.6209847556939536, "log10_subsample": -0.6564484442211851, "max_depth": 7.0, "num_boost_round": 5.0}, "datetime": {"datetime": "2024-01-19 00:44:44", "elapsed": 2004.910828, "delta": 0.002157}}
{"target": -13.758526657961031, "params": {"gamma": 861.0893991596911, "log10_alpha": -3.0915065878480767, "log10_colsample_bytree": -0.8297942966198962, "log10_eta": -3.3676070011057444, "log10_lambda": -3.679491690299096, "log10_min_child_weight": 3.6209847556939536, "log10_subsample": -0.6564484442211851, "max_depth": 7.0, "num_boost_round": 6.0}, "datetime": {"datetime": "2024-01-19 00:44:44", "elapsed": 2004.912987, "delta": 0.002159}}
{"target": -13.758517819843503, "params": {"gamma": 861.0893991596911, "log10_alpha": -3.0915065878480767, "log10_colsample_bytree": -0.8297942966198962, "log10_eta": -3.3676070011057444, "log10_lambda": -3.679491690299096, "log10_min_child_weight": 3.6209847556939536, "log10_subsample": -0.6564484442211851, "max_depth": 7.0, "num_boost_round": 7.0}, "datetime": {"datetime": "2024-01-19 00:44:44", "elapsed": 2004.915139, "delta": 0.002152}}
{"target": -13.758515448488001, "params": {"gamma": 861.0893991596911, "log10_alpha": -3.0915065878480767, "log10_colsample_bytree": -0.8297942966198962, "log10_eta": -3.3676070011057444, "log10_lambda": -3.679491690299096, "log10_min_child_weight": 3.6209847556939536, "log10_subsample": -0.6564484442211851, "max_depth": 7.0, "num_boost_round": 8.0}, "datetime": {"datetime": "2024-01-19 00:44:44", "elapsed": 2004.917352, "delta": 0.002213}}
{"target": -13.758521310114462, "params": {"gamma": 861.0893991596911, "log10_alpha": -3.0915065878480767, "log10_colsample_bytree": -0.8297942966198962, "log10_eta": -3.3676070011057444, "log10_lambda": -3.679491690299096, "log10_min_child_weight": 3.6209847556939536, "log10_subsample": -0.6564484442211851, "max_depth": 7.0, "num_boost_round": 9.0}, "datetime": {"datetime": "2024-01-19 00:44:44", "elapsed": 2004.919547, "delta": 0.002195}}
{"target": -13.758508947774988, "params": {"gamma": 861.0893991596911, "log10_alpha": -3.0915065878480767, "log10_colsample_bytree": -0.8297942966198962, "log10_eta": -3.3676070011057444, "log10_lambda": -3.679491690299096, "log10_min_child_weight": 3.6209847556939536, "log10_subsample": -0.6564484442211851, "max_depth": 7.0, "num_boost_round": 10.0}, "datetime": {"datetime": "2024-01-19 00:44:44", "elapsed": 2004.921749, "delta": 0.002202}}
{"target": -13.758513896033733, "params": {"gamma": 861.0893991596911, "log10_alpha": -3.0915065878480767, "log10_colsample_bytree": -0.8297942966198962, "log10_eta": -3.3676070011057444, "log10_lambda": -3.679491690299096, "log10_min_child_weight": 3.6209847556939536, "log10_subsample": -0.6564484442211851, "max_depth": 7.0, "num_boost_round": 11.0}, "datetime": {"datetime": "2024-01-19 00:44:44", "elapsed": 2004.923934, "delta": 0.002185}}
{"target": -13.75914267172547, "params": {"gamma": 856.9162850257787, "log10_alpha": 0.742309376438981, "log10_colsample_bytree": -0.10024993551658246, "log10_eta": -0.7154442951074844, "log10_lambda": 0.6383826699463322, "log10_min_child_weight": 4.721179529403975, "log10_subsample": -0.6076331142613712, "max_depth": 5.0, "num_boost_round": 0.0}, "datetime": {"datetime": "2024-01-19 00:45:09", "elapsed": 2029.09693, "delta": 24.172996}}
{"target": -13.759775607374657, "params": {"gamma": 856.9162850257787, "log10_alpha": 0.742309376438981, "log10_colsample_bytree": -0.10024993551658246, "log10_eta": -0.7154442951074844, "log10_lambda": 0.6383826699463322, "log10_min_child_weight": 4.721179529403975, "log10_subsample": -0.6076331142613712, "max_depth": 5.0, "num_boost_round": 1.0}, "datetime": {"datetime": "2024-01-19 00:45:09", "elapsed": 2029.099627, "delta": 0.002697}}
{"target": -13.760753019760562, "params": {"gamma": 856.9162850257787, "log10_alpha": 0.742309376438981, "log10_colsample_bytree": -0.10024993551658246, "log10_eta": -0.7154442951074844, "log10_lambda": 0.6383826699463322, "log10_min_child_weight": 4.721179529403975, "log10_subsample": -0.6076331142613712, "max_depth": 5.0, "num_boost_round": 2.0}, "datetime": {"datetime": "2024-01-19 00:45:09", "elapsed": 2029.102118, "delta": 0.002491}}
{"target": -13.761239011618166, "params": {"gamma": 856.9162850257787, "log10_alpha": 0.742309376438981, "log10_colsample_bytree": -0.10024993551658246, "log10_eta": -0.7154442951074844, "log10_lambda": 0.6383826699463322, "log10_min_child_weight": 4.721179529403975, "log10_subsample": -0.6076331142613712, "max_depth": 5.0, "num_boost_round": 3.0}, "datetime": {"datetime": "2024-01-19 00:45:09", "elapsed": 2029.104248, "delta": 0.00213}}
{"target": -13.76209782360417, "params": {"gamma": 856.9162850257787, "log10_alpha": 0.742309376438981, "log10_colsample_bytree": -0.10024993551658246, "log10_eta": -0.7154442951074844, "log10_lambda": 0.6383826699463322, "log10_min_child_weight": 4.721179529403975, "log10_subsample": -0.6076331142613712, "max_depth": 5.0, "num_boost_round": 4.0}, "datetime": {"datetime": "2024-01-19 00:45:09", "elapsed": 2029.106373, "delta": 0.002125}}
{"target": -13.763356159649083, "params": {"gamma": 856.9162850257787, "log10_alpha": 0.742309376438981, "log10_colsample_bytree": -0.10024993551658246, "log10_eta": -0.7154442951074844, "log10_lambda": 0.6383826699463322, "log10_min_child_weight": 4.721179529403975, "log10_subsample": -0.6076331142613712, "max_depth": 5.0, "num_boost_round": 5.0}, "datetime": {"datetime": "2024-01-19 00:45:09", "elapsed": 2029.108506, "delta": 0.002133}}
{"target": -13.76448233960471, "params": {"gamma": 856.9162850257787, "log10_alpha": 0.742309376438981, "log10_colsample_bytree": -0.10024993551658246, "log10_eta": -0.7154442951074844, "log10_lambda": 0.6383826699463322, "log10_min_child_weight": 4.721179529403975, "log10_subsample": -0.6076331142613712, "max_depth": 5.0, "num_boost_round": 6.0}, "datetime": {"datetime": "2024-01-19 00:45:09", "elapsed": 2029.110619, "delta": 0.002113}}
