{"target": -13.755309342767475, "params": {"gamma": 711.6732453754214, "log10_alpha": -4.856675513560583, "log10_colsample_bytree": -0.528149394889439, "log10_eta": -1.8170452147611007, "log10_lambda": -4.898150849628838, "log10_min_child_weight": 2.1200518364029888, "log10_subsample": -0.5571197792208364, "max_depth": 9.0, "num_boost_round": 8.0}, "datetime": {"datetime": "2024-01-19 01:17:09", "elapsed": 3928.644015, "delta": 0.004666}}
{"target": -13.754984778348312, "params": {"gamma": 711.6732453754214, "log10_alpha": -4.856675513560583, "log10_colsample_bytree": -0.528149394889439, "log10_eta": -1.8170452147611007, "log10_lambda": -4.898150849628838, "log10_min_child_weight": 2.1200518364029888, "log10_subsample": -0.5571197792208364, "max_depth": 9.0, "num_boost_round": 9.0}, "datetime": {"datetime": "2024-01-19 01:17:09", "elapsed": 3928.648564, "delta": 0.004549}}
{"target": -13.754412418636429, "params": {"gamma": 711.6732453754214, "log10_alpha": -4.856675513560583, "log10_colsample_bytree": -0.528149394889439, "log10_eta": -1.8170452147611007, "log10_lambda": -4.898150849628838, "log10_min_child_weight": 2.1200518364029888, "log10_subsample": -0.5571197792208364, "max_depth": 9.0, "num_boost_round": 10.0}, "datetime": {"datetime": "2024-01-19 01:17:09", "elapsed": 3928.652995, "delta": 0.004431}}
{"target": -13.754552056833779, "params": {"gamma": 711.6732453754214, "log10_alpha": -4.856675513560583, "log10_colsample_bytree": -0.528149394889439, "log10_eta": -1.8170452147611007, "log10_lambda": -4.898150849628838, "log10_min_child_weight": 2.1200518364029888, "log10_subsample": -0.5571197792208364, "max_depth": 9.0, "num_boost_round": 11.0}, "datetime": {"datetime": "2024-01-19 01:17:09", "elapsed": 3928.657753, "delta": 0.004758}}
{"target": -13.75481600666187, "params": {"gamma": 711.6732453754214, "log10_alpha": -4.856675513560583, "log10_colsample_bytree": -0.528149394889439, "log10_eta": -1.8170452147611007, "log10_lambda": -4.898150849628838, "log10_min_child_weight": 2.1200518364029888, "log10_subsample": -0.5571197792208364, "max_depth": 9.0, "num_boost_round": 12.0}, "datetime": {"datetime": "2024-01-19 01:17:09", "elapsed": 3928.662697, "delta": 0.004944}}
{"target": -13.755264164768333, "params": {"gamma": 711.6732453754214, "log10_alpha": -4.856675513560583, "log10_colsample_bytree": -0.528149394889439, "log10_eta": -1.8170452147611007, "log10_lambda": -4.898150849628838, "log10_min_child_weight": 2.1200518364029888, "log10_subsample": -0.5571197792208364, "max_depth": 9.0, "num_boost_round": 13.0}, "datetime": {"datetime": "2024-01-19 01:17:09", "elapsed": 3928.667505, "delta": 0.004808}}
{"target": -13.75502019433619, "params": {"gamma": 711.6732453754214, "log10_alpha": -4.856675513560583, "log10_colsample_bytree": -0.528149394889439, "log10_eta": -1.8170452147611007, "log10_lambda": -4.898150849628838, "log10_min_child_weight": 2.1200518364029888, "log10_subsample": -0.5571197792208364, "max_depth": 9.0, "num_boost_round": 14.0}, "datetime": {"datetime": "2024-01-19 01:17:09", "elapsed": 3928.671942, "delta": 0.004437}}
{"target": -13.754630916853753, "params": {"gamma": 711.6732453754214, "log10_alpha": -4.856675513560583, "log10_colsample_bytree": -0.528149394889439, "log10_eta": -1.8170452147611007, "log10_lambda": -4.898150849628838, "log10_min_child_weight": 2.1200518364029888, "log10_subsample": -0.5571197792208364, "max_depth": 9.0, "num_boost_round": 15.0}, "datetime": {"datetime": "2024-01-19 01:17:09", "elapsed": 3928.682279, "delta": 0.010337}}
{"target": -13.754752818484212, "params": {"gamma": 711.6732453754214, "log10_alpha": -4.856675513560583, "log10_colsample_bytree": -0.528149394889439, "log10_eta": -1.8170452147611007, "log10_lambda": -4.898150849628838, "log10_min_child_weight": 2.1200518364029888, "log10_subsample": -0.5571197792208364, "max_depth": 9.0, "num_boost_round": 16.0}, "datetime": {"datetime": "2024-01-19 01:17:09", "elapsed": 3928.68692, "delta": 0.004641}}
{"target": -13.754737087111705, "params": {"gamma": 711.6732453754214, "log10_alpha": -4.856675513560583, "log10_colsample_bytree": -0.528149394889439, "log10_eta": -1.8170452147611007, "log10_lambda": -4.898150849628838, "log10_min_child_weight": 2.1200518364029888, "log10_subsample": -0.5571197792208364, "max_depth": 9.0, "num_boost_round": 17.0}, "datetime": {"datetime": "2024-01-19 01:17:09", "elapsed": 3928.691326, "delta": 0.004406}}
{"target": -13.754677772745207, "params": {"gamma": 711.6732453754214, "log10_alpha": -4.856675513560583, "log10_colsample_bytree": -0.528149394889439, "log10_eta": -1.8170452147611007, "log10_lambda": -4.898150849628838, "log10_min_child_weight": 2.1200518364029888, "log10_subsample": -0.5571197792208364, "max_depth": 9.0, "num_boost_round": 18.0}, "datetime": {"datetime": "2024-01-19 01:17:09", "elapsed": 3928.695618, "delta": 0.004292}}
{"target": -13.754672296001395, "params": {"gamma": 711.6732453754214, "log10_alpha": -4.856675513560583, "log10_colsample_bytree": -0.528149394889439, "log10_eta": -1.8170452147611007, "log10_lambda": -4.898150849628838, "log10_min_child_weight": 2.1200518364029888, "log10_subsample": -0.5571197792208364, "max_depth": 9.0, "num_boost_round": 19.0}, "datetime": {"datetime": "2024-01-19 01:17:09", "elapsed": 3928.699887, "delta": 0.004269}}
{"target": -13.754607979213878, "params": {"gamma": 711.6732453754214, "log10_alpha": -4.856675513560583, "log10_colsample_bytree": -0.528149394889439, "log10_eta": -1.8170452147611007, "log10_lambda": -4.898150849628838, "log10_min_child_weight": 2.1200518364029888, "log10_subsample": -0.5571197792208364, "max_depth": 9.0, "num_boost_round": 20.0}, "datetime": {"datetime": "2024-01-19 01:17:09", "elapsed": 3928.704385, "delta": 0.004498}}
{"target": -13.755084826509872, "params": {"gamma": 711.6732453754214, "log10_alpha": -4.856675513560583, "log10_colsample_bytree": -0.528149394889439, "log10_eta": -1.8170452147611007, "log10_lambda": -4.898150849628838, "log10_min_child_weight": 2.1200518364029888, "log10_subsample": -0.5571197792208364, "max_depth": 9.0, "num_boost_round": 21.0}, "datetime": {"datetime": "2024-01-19 01:17:09", "elapsed": 3928.708737, "delta": 0.004352}}
{"target": -13.755401725466022, "params": {"gamma": 711.6732453754214, "log10_alpha": -4.856675513560583, "log10_colsample_bytree": -0.528149394889439, "log10_eta": -1.8170452147611007, "log10_lambda": -4.898150849628838, "log10_min_child_weight": 2.1200518364029888, "log10_subsample": -0.5571197792208364, "max_depth": 9.0, "num_boost_round": 22.0}, "datetime": {"datetime": "2024-01-19 01:17:09", "elapsed": 3928.713482, "delta": 0.004745}}
{"target": -13.755564626815534, "params": {"gamma": 711.6732453754214, "log10_alpha": -4.856675513560583, "log10_colsample_bytree": -0.528149394889439, "log10_eta": -1.8170452147611007, "log10_lambda": -4.898150849628838, "log10_min_child_weight": 2.1200518364029888, "log10_subsample": -0.5571197792208364, "max_depth": 9.0, "num_boost_round": 23.0}, "datetime": {"datetime": "2024-01-19 01:17:09", "elapsed": 3928.717967, "delta": 0.004485}}
{"target": -13.755911848778243, "params": {"gamma": 711.6732453754214, "log10_alpha": -4.856675513560583, "log10_colsample_bytree": -0.528149394889439, "log10_eta": -1.8170452147611007, "log10_lambda": -4.898150849628838, "log10_min_child_weight": 2.1200518364029888, "log10_subsample": -0.5571197792208364, "max_depth": 9.0, "num_boost_round": 24.0}, "datetime": {"datetime": "2024-01-19 01:17:09", "elapsed": 3928.72233, "delta": 0.004363}}
{"target": -13.756119029542521, "params": {"gamma": 711.6732453754214, "log10_alpha": -4.856675513560583, "log10_colsample_bytree": -0.528149394889439, "log10_eta": -1.8170452147611007, "log10_lambda": -4.898150849628838, "log10_min_child_weight": 2.1200518364029888, "log10_subsample": -0.5571197792208364, "max_depth": 9.0, "num_boost_round": 25.0}, "datetime": {"datetime": "2024-01-19 01:17:09", "elapsed": 3928.726581, "delta": 0.004251}}
{"target": -13.75617782924242, "params": {"gamma": 711.6732453754214, "log10_alpha": -4.856675513560583, "log10_colsample_bytree": -0.528149394889439, "log10_eta": -1.8170452147611007, "log10_lambda": -4.898150849628838, "log10_min_child_weight": 2.1200518364029888, "log10_subsample": -0.5571197792208364, "max_depth": 9.0, "num_boost_round": 26.0}, "datetime": {"datetime": "2024-01-19 01:17:09", "elapsed": 3928.730904, "delta": 0.004323}}
{"target": -13.756213819727337, "params": {"gamma": 711.6732453754214, "log10_alpha": -4.856675513560583, "log10_colsample_bytree": -0.528149394889439, "log10_eta": -1.8170452147611007, "log10_lambda": -4.898150849628838, "log10_min_child_weight": 2.1200518364029888, "log10_subsample": -0.5571197792208364, "max_depth": 9.0, "num_boost_round": 27.0}, "datetime": {"datetime": "2024-01-19 01:17:09", "elapsed": 3928.735343, "delta": 0.004439}}
{"target": -13.75618391577131, "params": {"gamma": 711.6732453754214, "log10_alpha": -4.856675513560583, "log10_colsample_bytree": -0.528149394889439, "log10_eta": -1.8170452147611007, "log10_lambda": -4.898150849628838, "log10_min_child_weight": 2.1200518364029888, "log10_subsample": -0.5571197792208364, "max_depth": 9.0, "num_boost_round": 28.0}, "datetime": {"datetime": "2024-01-19 01:17:09", "elapsed": 3928.739893, "delta": 0.00455}}
{"target": -13.756721755478084, "params": {"gamma": 711.6732453754214, "log10_alpha": -4.856675513560583, "log10_colsample_bytree": -0.528149394889439, "log10_eta": -1.8170452147611007, "log10_lambda": -4.898150849628838, "log10_min_child_weight": 2.1200518364029888, "log10_subsample": -0.5571197792208364, "max_depth": 9.0, "num_boost_round": 29.0}, "datetime": {"datetime": "2024-01-19 01:17:09", "elapsed": 3928.744273, "delta": 0.00438}}
{"target": -13.757248906363493, "params": {"gamma": 711.6732453754214, "log10_alpha": -4.856675513560583, "log10_colsample_bytree": -0.528149394889439, "log10_eta": -1.8170452147611007, "log10_lambda": -4.898150849628838, "log10_min_child_weight": 2.1200518364029888, "log10_subsample": -0.5571197792208364, "max_depth": 9.0, "num_boost_round": 30.0}, "datetime": {"datetime": "2024-01-19 01:17:09", "elapsed": 3928.748619, "delta": 0.004346}}
{"target": -13.757374012149766, "params": {"gamma": 711.6732453754214, "log10_alpha": -4.856675513560583, "log10_colsample_bytree": -0.528149394889439, "log10_eta": -1.8170452147611007, "log10_lambda": -4.898150849628838, "log10_min_child_weight": 2.1200518364029888, "log10_subsample": -0.5571197792208364, "max_depth": 9.0, "num_boost_round": 31.0}, "datetime": {"datetime": "2024-01-19 01:17:09", "elapsed": 3928.752959, "delta": 0.00434}}
{"target": -13.757516288321062, "params": {"gamma": 711.6732453754214, "log10_alpha": -4.856675513560583, "log10_colsample_bytree": -0.528149394889439, "log10_eta": -1.8170452147611007, "log10_lambda": -4.898150849628838, "log10_min_child_weight": 2.1200518364029888, "log10_subsample": -0.5571197792208364, "max_depth": 9.0, "num_boost_round": 32.0}, "datetime": {"datetime": "2024-01-19 01:17:09", "elapsed": 3928.757454, "delta": 0.004495}}
{"target": -13.757682336685235, "params": {"gamma": 711.6732453754214, "log10_alpha": -4.856675513560583, "log10_colsample_bytree": -0.528149394889439, "log10_eta": -1.8170452147611007, "log10_lambda": -4.898150849628838, "log10_min_child_weight": 2.1200518364029888, "log10_subsample": -0.5571197792208364, "max_depth": 9.0, "num_boost_round": 33.0}, "datetime": {"datetime": "2024-01-19 01:17:09", "elapsed": 3928.761656, "delta": 0.004202}}
{"target": -13.758867283326426, "params": {"gamma": 711.6732453754214, "log10_alpha": -4.856675513560583, "log10_colsample_bytree": -0.528149394889439, "log10_eta": -1.8170452147611007, "log10_lambda": -4.898150849628838, "log10_min_child_weight": 2.1200518364029888, "log10_subsample": -0.5571197792208364, "max_depth": 9.0, "num_boost_round": 34.0}, "datetime": {"datetime": "2024-01-19 01:17:09", "elapsed": 3928.766075, "delta": 0.004419}}
{"target": -13.759723541117774, "params": {"gamma": 711.6732453754214, "log10_alpha": -4.856675513560583, "log10_colsample_bytree": -0.528149394889439, "log10_eta": -1.8170452147611007, "log10_lambda": -4.898150849628838, "log10_min_child_weight": 2.1200518364029888, "log10_subsample": -0.5571197792208364, "max_depth": 9.0, "num_boost_round": 35.0}, "datetime": {"datetime": "2024-01-19 01:17:09", "elapsed": 3928.770548, "delta": 0.004473}}
{"target": -13.760335706876289, "params": {"gamma": 711.6732453754214, "log10_alpha": -4.856675513560583, "log10_colsample_bytree": -0.528149394889439, "log10_eta": -1.8170452147611007, "log10_lambda": -4.898150849628838, "log10_min_child_weight": 2.1200518364029888, "log10_subsample": -0.5571197792208364, "max_depth": 9.0, "num_boost_round": 36.0}, "datetime": {"datetime": "2024-01-19 01:17:09", "elapsed": 3928.77503, "delta": 0.004482}}
{"target": -13.760798879173748, "params": {"gamma": 711.6732453754214, "log10_alpha": -4.856675513560583, "log10_colsample_bytree": -0.528149394889439, "log10_eta": -1.8170452147611007, "log10_lambda": -4.898150849628838, "log10_min_child_weight": 2.1200518364029888, "log10_subsample": -0.5571197792208364, "max_depth": 9.0, "num_boost_round": 37.0}, "datetime": {"datetime": "2024-01-19 01:17:09", "elapsed": 3928.779439, "delta": 0.004409}}
{"target": -13.760789843340739, "params": {"gamma": 711.6732453754214, "log10_alpha": -4.856675513560583, "log10_colsample_bytree": -0.528149394889439, "log10_eta": -1.8170452147611007, "log10_lambda": -4.898150849628838, "log10_min_child_weight": 2.1200518364029888, "log10_subsample": -0.5571197792208364, "max_depth": 9.0, "num_boost_round": 38.0}, "datetime": {"datetime": "2024-01-19 01:17:09", "elapsed": 3928.783947, "delta": 0.004508}}
{"target": -13.760849354083097, "params": {"gamma": 711.6732453754214, "log10_alpha": -4.856675513560583, "log10_colsample_bytree": -0.528149394889439, "log10_eta": -1.8170452147611007, "log10_lambda": -4.898150849628838, "log10_min_child_weight": 2.1200518364029888, "log10_subsample": -0.5571197792208364, "max_depth": 9.0, "num_boost_round": 39.0}, "datetime": {"datetime": "2024-01-19 01:17:09", "elapsed": 3928.78825, "delta": 0.004303}}
{"target": -13.761705379683972, "params": {"gamma": 711.6732453754214, "log10_alpha": -4.856675513560583, "log10_colsample_bytree": -0.528149394889439, "log10_eta": -1.8170452147611007, "log10_lambda": -4.898150849628838, "log10_min_child_weight": 2.1200518364029888, "log10_subsample": -0.5571197792208364, "max_depth": 9.0, "num_boost_round": 40.0}, "datetime": {"datetime": "2024-01-19 01:17:09", "elapsed": 3928.792599, "delta": 0.004349}}
{"target": -13.762002749991591, "params": {"gamma": 711.6732453754214, "log10_alpha": -4.856675513560583, "log10_colsample_bytree": -0.528149394889439, "log10_eta": -1.8170452147611007, "log10_lambda": -4.898150849628838, "log10_min_child_weight": 2.1200518364029888, "log10_subsample": -0.5571197792208364, "max_depth": 9.0, "num_boost_round": 41.0}, "datetime": {"datetime": "2024-01-19 01:17:09", "elapsed": 3928.797025, "delta": 0.004426}}
{"target": -13.762451461397678, "params": {"gamma": 711.6732453754214, "log10_alpha": -4.856675513560583, "log10_colsample_bytree": -0.528149394889439, "log10_eta": -1.8170452147611007, "log10_lambda": -4.898150849628838, "log10_min_child_weight": 2.1200518364029888, "log10_subsample": -0.5571197792208364, "max_depth": 9.0, "num_boost_round": 42.0}, "datetime": {"datetime": "2024-01-19 01:17:09", "elapsed": 3928.801428, "delta": 0.004403}}
{"target": -13.762956674698465, "params": {"gamma": 711.6732453754214, "log10_alpha": -4.856675513560583, "log10_colsample_bytree": -0.528149394889439, "log10_eta": -1.8170452147611007, "log10_lambda": -4.898150849628838, "log10_min_child_weight": 2.1200518364029888, "log10_subsample": -0.5571197792208364, "max_depth": 9.0, "num_boost_round": 43.0}, "datetime": {"datetime": "2024-01-19 01:17:09", "elapsed": 3928.805686, "delta": 0.004258}}
{"target": -13.763549064036724, "params": {"gamma": 711.6732453754214, "log10_alpha": -4.856675513560583, "log10_colsample_bytree": -0.528149394889439, "log10_eta": -1.8170452147611007, "log10_lambda": -4.898150849628838, "log10_min_child_weight": 2.1200518364029888, "log10_subsample": -0.5571197792208364, "max_depth": 9.0, "num_boost_round": 44.0}, "datetime": {"datetime": "2024-01-19 01:17:09", "elapsed": 3928.810277, "delta": 0.004591}}
{"target": -13.764606287167299, "params": {"gamma": 711.6732453754214, "log10_alpha": -4.856675513560583, "log10_colsample_bytree": -0.528149394889439, "log10_eta": -1.8170452147611007, "log10_lambda": -4.898150849628838, "log10_min_child_weight": 2.1200518364029888, "log10_subsample": -0.5571197792208364, "max_depth": 9.0, "num_boost_round": 45.0}, "datetime": {"datetime": "2024-01-19 01:17:09", "elapsed": 3928.814639, "delta": 0.004362}}
{"target": -13.764713189515708, "params": {"gamma": 711.6732453754214, "log10_alpha": -4.856675513560583, "log10_colsample_bytree": -0.528149394889439, "log10_eta": -1.8170452147611007, "log10_lambda": -4.898150849628838, "log10_min_child_weight": 2.1200518364029888, "log10_subsample": -0.5571197792208364, "max_depth": 9.0, "num_boost_round": 46.0}, "datetime": {"datetime": "2024-01-19 01:17:09", "elapsed": 3928.81891, "delta": 0.004271}}
{"target": -13.764774740480346, "params": {"gamma": 711.6732453754214, "log10_alpha": -4.856675513560583, "log10_colsample_bytree": -0.528149394889439, "log10_eta": -1.8170452147611007, "log10_lambda": -4.898150849628838, "log10_min_child_weight": 2.1200518364029888, "log10_subsample": -0.5571197792208364, "max_depth": 9.0, "num_boost_round": 47.0}, "datetime": {"datetime": "2024-01-19 01:17:09", "elapsed": 3928.823404, "delta": 0.004494}}
{"target": -13.765051797584036, "params": {"gamma": 711.6732453754214, "log10_alpha": -4.856675513560583, "log10_colsample_bytree": -0.528149394889439, "log10_eta": -1.8170452147611007, "log10_lambda": -4.898150849628838, "log10_min_child_weight": 2.1200518364029888, "log10_subsample": -0.5571197792208364, "max_depth": 9.0, "num_boost_round": 48.0}, "datetime": {"datetime": "2024-01-19 01:17:09", "elapsed": 3928.827764, "delta": 0.00436}}
{"target": -13.76524719534147, "params": {"gamma": 711.6732453754214, "log10_alpha": -4.856675513560583, "log10_colsample_bytree": -0.528149394889439, "log10_eta": -1.8170452147611007, "log10_lambda": -4.898150849628838, "log10_min_child_weight": 2.1200518364029888, "log10_subsample": -0.5571197792208364, "max_depth": 9.0, "num_boost_round": 49.0}, "datetime": {"datetime": "2024-01-19 01:17:09", "elapsed": 3928.832044, "delta": 0.00428}}
{"target": -13.765638548966479, "params": {"gamma": 711.6732453754214, "log10_alpha": -4.856675513560583, "log10_colsample_bytree": -0.528149394889439, "log10_eta": -1.8170452147611007, "log10_lambda": -4.898150849628838, "log10_min_child_weight": 2.1200518364029888, "log10_subsample": -0.5571197792208364, "max_depth": 9.0, "num_boost_round": 50.0}, "datetime": {"datetime": "2024-01-19 01:17:09", "elapsed": 3928.836532, "delta": 0.004488}}
{"target": -13.767042828211807, "params": {"gamma": 711.6732453754214, "log10_alpha": -4.856675513560583, "log10_colsample_bytree": -0.528149394889439, "log10_eta": -1.8170452147611007, "log10_lambda": -4.898150849628838, "log10_min_child_weight": 2.1200518364029888, "log10_subsample": -0.5571197792208364, "max_depth": 9.0, "num_boost_round": 51.0}, "datetime": {"datetime": "2024-01-19 01:17:09", "elapsed": 3928.840902, "delta": 0.00437}}
{"target": -13.76838308685147, "params": {"gamma": 711.6732453754214, "log10_alpha": -4.856675513560583, "log10_colsample_bytree": -0.528149394889439, "log10_eta": -1.8170452147611007, "log10_lambda": -4.898150849628838, "log10_min_child_weight": 2.1200518364029888, "log10_subsample": -0.5571197792208364, "max_depth": 9.0, "num_boost_round": 52.0}, "datetime": {"datetime": "2024-01-19 01:17:09", "elapsed": 3928.845262, "delta": 0.00436}}
{"target": -13.768840852957688, "params": {"gamma": 711.6732453754214, "log10_alpha": -4.856675513560583, "log10_colsample_bytree": -0.528149394889439, "log10_eta": -1.8170452147611007, "log10_lambda": -4.898150849628838, "log10_min_child_weight": 2.1200518364029888, "log10_subsample": -0.5571197792208364, "max_depth": 9.0, "num_boost_round": 53.0}, "datetime": {"datetime": "2024-01-19 01:17:09", "elapsed": 3928.849717, "delta": 0.004455}}
{"target": -13.758536968226746, "params": {"gamma": 711.3122684977711, "log10_alpha": -4.51211201143088, "log10_colsample_bytree": -0.13281432094738, "log10_eta": -3.708418559397659, "log10_lambda": -4.552532478430563, "log10_min_child_weight": 1.2249579869327158, "log10_subsample": -0.23040315280666201, "max_depth": 4.0, "num_boost_round": 0.0}, "datetime": {"datetime": "2024-01-19 01:18:24", "elapsed": 4003.504388, "delta": 74.654671}}
{"target": -13.75853317949976, "params": {"gamma": 711.3122684977711, "log10_alpha": -4.51211201143088, "log10_colsample_bytree": -0.13281432094738, "log10_eta": -3.708418559397659, "log10_lambda": -4.552532478430563, "log10_min_child_weight": 1.2249579869327158, "log10_subsample": -0.23040315280666201, "max_depth": 4.0, "num_boost_round": 1.0}, "datetime": {"datetime": "2024-01-19 01:18:24", "elapsed": 4003.510054, "delta": 0.005666}}
{"target": -13.758532279493535, "params": {"gamma": 711.3122684977711, "log10_alpha": -4.51211201143088, "log10_colsample_bytree": -0.13281432094738, "log10_eta": -3.708418559397659, "log10_lambda": -4.552532478430563, "log10_min_child_weight": 1.2249579869327158, "log10_subsample": -0.23040315280666201, "max_depth": 4.0, "num_boost_round": 2.0}, "datetime": {"datetime": "2024-01-19 01:18:24", "elapsed": 4003.514841, "delta": 0.004787}}
