{"target": -13.772915611782256, "params": {"gamma": 552.9682060508914, "log10_alpha": -2.6977720132461105, "log10_colsample_bytree": -0.0010178751917773177, "log10_eta": -0.8518545748396638, "log10_lambda": -4.803837991385941, "log10_min_child_weight": 2.114873233365531, "log10_subsample": -0.40097818079214476, "max_depth": 3.0, "num_boost_round": 10.0}, "datetime": {"datetime": "2024-01-19 00:26:36", "elapsed": 928.357559, "delta": 0.00121}}
{"target": -13.773967677764844, "params": {"gamma": 552.9682060508914, "log10_alpha": -2.6977720132461105, "log10_colsample_bytree": -0.0010178751917773177, "log10_eta": -0.8518545748396638, "log10_lambda": -4.803837991385941, "log10_min_child_weight": 2.114873233365531, "log10_subsample": -0.40097818079214476, "max_depth": 3.0, "num_boost_round": 11.0}, "datetime": {"datetime": "2024-01-19 00:26:36", "elapsed": 928.35878, "delta": 0.001221}}
{"target": -13.78326031076014, "params": {"gamma": 552.9682060508914, "log10_alpha": -2.6977720132461105, "log10_colsample_bytree": -0.0010178751917773177, "log10_eta": -0.8518545748396638, "log10_lambda": -4.803837991385941, "log10_min_child_weight": 2.114873233365531, "log10_subsample": -0.40097818079214476, "max_depth": 3.0, "num_boost_round": 12.0}, "datetime": {"datetime": "2024-01-19 00:26:36", "elapsed": 928.360069, "delta": 0.001289}}
{"target": -13.783735405212255, "params": {"gamma": 552.9682060508914, "log10_alpha": -2.6977720132461105, "log10_colsample_bytree": -0.0010178751917773177, "log10_eta": -0.8518545748396638, "log10_lambda": -4.803837991385941, "log10_min_child_weight": 2.114873233365531, "log10_subsample": -0.40097818079214476, "max_depth": 3.0, "num_boost_round": 13.0}, "datetime": {"datetime": "2024-01-19 00:26:36", "elapsed": 928.361337, "delta": 0.001268}}
{"target": -13.785829785896432, "params": {"gamma": 552.9682060508914, "log10_alpha": -2.6977720132461105, "log10_colsample_bytree": -0.0010178751917773177, "log10_eta": -0.8518545748396638, "log10_lambda": -4.803837991385941, "log10_min_child_weight": 2.114873233365531, "log10_subsample": -0.40097818079214476, "max_depth": 3.0, "num_boost_round": 14.0}, "datetime": {"datetime": "2024-01-19 00:26:36", "elapsed": 928.362579, "delta": 0.001242}}
{"target": -13.786759640977731, "params": {"gamma": 552.9682060508914, "log10_alpha": -2.6977720132461105, "log10_colsample_bytree": -0.0010178751917773177, "log10_eta": -0.8518545748396638, "log10_lambda": -4.803837991385941, "log10_min_child_weight": 2.114873233365531, "log10_subsample": -0.40097818079214476, "max_depth": 3.0, "num_boost_round": 15.0}, "datetime": {"datetime": "2024-01-19 00:26:36", "elapsed": 928.363843, "delta": 0.001264}}
{"target": -13.787327952546663, "params": {"gamma": 552.9682060508914, "log10_alpha": -2.6977720132461105, "log10_colsample_bytree": -0.0010178751917773177, "log10_eta": -0.8518545748396638, "log10_lambda": -4.803837991385941, "log10_min_child_weight": 2.114873233365531, "log10_subsample": -0.40097818079214476, "max_depth": 3.0, "num_boost_round": 16.0}, "datetime": {"datetime": "2024-01-19 00:26:36", "elapsed": 928.365106, "delta": 0.001263}}
{"target": -13.795161349292794, "params": {"gamma": 552.9682060508914, "log10_alpha": -2.6977720132461105, "log10_colsample_bytree": -0.0010178751917773177, "log10_eta": -0.8518545748396638, "log10_lambda": -4.803837991385941, "log10_min_child_weight": 2.114873233365531, "log10_subsample": -0.40097818079214476, "max_depth": 3.0, "num_boost_round": 17.0}, "datetime": {"datetime": "2024-01-19 00:26:36", "elapsed": 928.366361, "delta": 0.001255}}
{"target": -13.79953581021898, "params": {"gamma": 552.9682060508914, "log10_alpha": -2.6977720132461105, "log10_colsample_bytree": -0.0010178751917773177, "log10_eta": -0.8518545748396638, "log10_lambda": -4.803837991385941, "log10_min_child_weight": 2.114873233365531, "log10_subsample": -0.40097818079214476, "max_depth": 3.0, "num_boost_round": 18.0}, "datetime": {"datetime": "2024-01-19 00:26:36", "elapsed": 928.367621, "delta": 0.00126}}
{"target": -13.821248049387517, "params": {"gamma": 552.9682060508914, "log10_alpha": -2.6977720132461105, "log10_colsample_bytree": -0.0010178751917773177, "log10_eta": -0.8518545748396638, "log10_lambda": -4.803837991385941, "log10_min_child_weight": 2.114873233365531, "log10_subsample": -0.40097818079214476, "max_depth": 3.0, "num_boost_round": 19.0}, "datetime": {"datetime": "2024-01-19 00:26:36", "elapsed": 928.368881, "delta": 0.00126}}
{"target": -13.822668153512883, "params": {"gamma": 552.9682060508914, "log10_alpha": -2.6977720132461105, "log10_colsample_bytree": -0.0010178751917773177, "log10_eta": -0.8518545748396638, "log10_lambda": -4.803837991385941, "log10_min_child_weight": 2.114873233365531, "log10_subsample": -0.40097818079214476, "max_depth": 3.0, "num_boost_round": 20.0}, "datetime": {"datetime": "2024-01-19 00:26:36", "elapsed": 928.370133, "delta": 0.001252}}
{"target": -13.822632010233464, "params": {"gamma": 552.9682060508914, "log10_alpha": -2.6977720132461105, "log10_colsample_bytree": -0.0010178751917773177, "log10_eta": -0.8518545748396638, "log10_lambda": -4.803837991385941, "log10_min_child_weight": 2.114873233365531, "log10_subsample": -0.40097818079214476, "max_depth": 3.0, "num_boost_round": 21.0}, "datetime": {"datetime": "2024-01-19 00:26:36", "elapsed": 928.371396, "delta": 0.001263}}
{"target": -13.831573913626533, "params": {"gamma": 552.9682060508914, "log10_alpha": -2.6977720132461105, "log10_colsample_bytree": -0.0010178751917773177, "log10_eta": -0.8518545748396638, "log10_lambda": -4.803837991385941, "log10_min_child_weight": 2.114873233365531, "log10_subsample": -0.40097818079214476, "max_depth": 3.0, "num_boost_round": 22.0}, "datetime": {"datetime": "2024-01-19 00:26:36", "elapsed": 928.372658, "delta": 0.001262}}
{"target": -13.833204407519386, "params": {"gamma": 552.9682060508914, "log10_alpha": -2.6977720132461105, "log10_colsample_bytree": -0.0010178751917773177, "log10_eta": -0.8518545748396638, "log10_lambda": -4.803837991385941, "log10_min_child_weight": 2.114873233365531, "log10_subsample": -0.40097818079214476, "max_depth": 3.0, "num_boost_round": 23.0}, "datetime": {"datetime": "2024-01-19 00:26:36", "elapsed": 928.373921, "delta": 0.001263}}
{"target": -13.837008080530373, "params": {"gamma": 552.9682060508914, "log10_alpha": -2.6977720132461105, "log10_colsample_bytree": -0.0010178751917773177, "log10_eta": -0.8518545748396638, "log10_lambda": -4.803837991385941, "log10_min_child_weight": 2.114873233365531, "log10_subsample": -0.40097818079214476, "max_depth": 3.0, "num_boost_round": 24.0}, "datetime": {"datetime": "2024-01-19 00:26:36", "elapsed": 928.375183, "delta": 0.001262}}
{"target": -13.836287946837908, "params": {"gamma": 552.9682060508914, "log10_alpha": -2.6977720132461105, "log10_colsample_bytree": -0.0010178751917773177, "log10_eta": -0.8518545748396638, "log10_lambda": -4.803837991385941, "log10_min_child_weight": 2.114873233365531, "log10_subsample": -0.40097818079214476, "max_depth": 3.0, "num_boost_round": 25.0}, "datetime": {"datetime": "2024-01-19 00:26:36", "elapsed": 928.376463, "delta": 0.00128}}
{"target": -13.837585506154621, "params": {"gamma": 552.9682060508914, "log10_alpha": -2.6977720132461105, "log10_colsample_bytree": -0.0010178751917773177, "log10_eta": -0.8518545748396638, "log10_lambda": -4.803837991385941, "log10_min_child_weight": 2.114873233365531, "log10_subsample": -0.40097818079214476, "max_depth": 3.0, "num_boost_round": 26.0}, "datetime": {"datetime": "2024-01-19 00:26:36", "elapsed": 928.377729, "delta": 0.001266}}
{"target": -13.83788646548194, "params": {"gamma": 552.9682060508914, "log10_alpha": -2.6977720132461105, "log10_colsample_bytree": -0.0010178751917773177, "log10_eta": -0.8518545748396638, "log10_lambda": -4.803837991385941, "log10_min_child_weight": 2.114873233365531, "log10_subsample": -0.40097818079214476, "max_depth": 3.0, "num_boost_round": 27.0}, "datetime": {"datetime": "2024-01-19 00:26:36", "elapsed": 928.37901, "delta": 0.001281}}
{"target": -13.836252110834266, "params": {"gamma": 552.9682060508914, "log10_alpha": -2.6977720132461105, "log10_colsample_bytree": -0.0010178751917773177, "log10_eta": -0.8518545748396638, "log10_lambda": -4.803837991385941, "log10_min_child_weight": 2.114873233365531, "log10_subsample": -0.40097818079214476, "max_depth": 3.0, "num_boost_round": 28.0}, "datetime": {"datetime": "2024-01-19 00:26:36", "elapsed": 928.380267, "delta": 0.001257}}
{"target": -13.837643090834392, "params": {"gamma": 552.9682060508914, "log10_alpha": -2.6977720132461105, "log10_colsample_bytree": -0.0010178751917773177, "log10_eta": -0.8518545748396638, "log10_lambda": -4.803837991385941, "log10_min_child_weight": 2.114873233365531, "log10_subsample": -0.40097818079214476, "max_depth": 3.0, "num_boost_round": 29.0}, "datetime": {"datetime": "2024-01-19 00:26:36", "elapsed": 928.381523, "delta": 0.001256}}
{"target": -13.83947136825221, "params": {"gamma": 552.9682060508914, "log10_alpha": -2.6977720132461105, "log10_colsample_bytree": -0.0010178751917773177, "log10_eta": -0.8518545748396638, "log10_lambda": -4.803837991385941, "log10_min_child_weight": 2.114873233365531, "log10_subsample": -0.40097818079214476, "max_depth": 3.0, "num_boost_round": 30.0}, "datetime": {"datetime": "2024-01-19 00:26:36", "elapsed": 928.382785, "delta": 0.001262}}
{"target": -13.84065974848502, "params": {"gamma": 552.9682060508914, "log10_alpha": -2.6977720132461105, "log10_colsample_bytree": -0.0010178751917773177, "log10_eta": -0.8518545748396638, "log10_lambda": -4.803837991385941, "log10_min_child_weight": 2.114873233365531, "log10_subsample": -0.40097818079214476, "max_depth": 3.0, "num_boost_round": 31.0}, "datetime": {"datetime": "2024-01-19 00:26:36", "elapsed": 928.384078, "delta": 0.001293}}
{"target": -13.84001758344984, "params": {"gamma": 552.9682060508914, "log10_alpha": -2.6977720132461105, "log10_colsample_bytree": -0.0010178751917773177, "log10_eta": -0.8518545748396638, "log10_lambda": -4.803837991385941, "log10_min_child_weight": 2.114873233365531, "log10_subsample": -0.40097818079214476, "max_depth": 3.0, "num_boost_round": 32.0}, "datetime": {"datetime": "2024-01-19 00:26:36", "elapsed": 928.385333, "delta": 0.001255}}
{"target": -13.755405694040418, "params": {"gamma": 526.2695890338141, "log10_alpha": 0.5256088513704213, "log10_colsample_bytree": -0.7976792981837177, "log10_eta": -0.012274969521386403, "log10_lambda": -4.875300655991541, "log10_min_child_weight": 1.666548672565178, "log10_subsample": -0.8116706279479988, "max_depth": 2.0, "num_boost_round": 0.0}, "datetime": {"datetime": "2024-01-19 00:26:57", "elapsed": 948.829152, "delta": 20.443819}}
{"target": -13.75882305823701, "params": {"gamma": 526.2695890338141, "log10_alpha": 0.5256088513704213, "log10_colsample_bytree": -0.7976792981837177, "log10_eta": -0.012274969521386403, "log10_lambda": -4.875300655991541, "log10_min_child_weight": 1.666548672565178, "log10_subsample": -0.8116706279479988, "max_depth": 2.0, "num_boost_round": 1.0}, "datetime": {"datetime": "2024-01-19 00:26:57", "elapsed": 948.830807, "delta": 0.001655}}
{"target": -13.801455696581765, "params": {"gamma": 526.2695890338141, "log10_alpha": 0.5256088513704213, "log10_colsample_bytree": -0.7976792981837177, "log10_eta": -0.012274969521386403, "log10_lambda": -4.875300655991541, "log10_min_child_weight": 1.666548672565178, "log10_subsample": -0.8116706279479988, "max_depth": 2.0, "num_boost_round": 2.0}, "datetime": {"datetime": "2024-01-19 00:26:57", "elapsed": 948.83218, "delta": 0.001373}}
{"target": -13.829791012821303, "params": {"gamma": 526.2695890338141, "log10_alpha": 0.5256088513704213, "log10_colsample_bytree": -0.7976792981837177, "log10_eta": -0.012274969521386403, "log10_lambda": -4.875300655991541, "log10_min_child_weight": 1.666548672565178, "log10_subsample": -0.8116706279479988, "max_depth": 2.0, "num_boost_round": 3.0}, "datetime": {"datetime": "2024-01-19 00:26:57", "elapsed": 948.833419, "delta": 0.001239}}
{"target": -13.866691434055628, "params": {"gamma": 526.2695890338141, "log10_alpha": 0.5256088513704213, "log10_colsample_bytree": -0.7976792981837177, "log10_eta": -0.012274969521386403, "log10_lambda": -4.875300655991541, "log10_min_child_weight": 1.666548672565178, "log10_subsample": -0.8116706279479988, "max_depth": 2.0, "num_boost_round": 4.0}, "datetime": {"datetime": "2024-01-19 00:26:57", "elapsed": 948.834729, "delta": 0.00131}}
{"target": -13.871719416171201, "params": {"gamma": 526.2695890338141, "log10_alpha": 0.5256088513704213, "log10_colsample_bytree": -0.7976792981837177, "log10_eta": -0.012274969521386403, "log10_lambda": -4.875300655991541, "log10_min_child_weight": 1.666548672565178, "log10_subsample": -0.8116706279479988, "max_depth": 2.0, "num_boost_round": 5.0}, "datetime": {"datetime": "2024-01-19 00:26:57", "elapsed": 948.836217, "delta": 0.001488}}
{"target": -13.901302623570064, "params": {"gamma": 526.2695890338141, "log10_alpha": 0.5256088513704213, "log10_colsample_bytree": -0.7976792981837177, "log10_eta": -0.012274969521386403, "log10_lambda": -4.875300655991541, "log10_min_child_weight": 1.666548672565178, "log10_subsample": -0.8116706279479988, "max_depth": 2.0, "num_boost_round": 6.0}, "datetime": {"datetime": "2024-01-19 00:26:57", "elapsed": 948.837505, "delta": 0.001288}}
{"target": -13.923267732435887, "params": {"gamma": 526.2695890338141, "log10_alpha": 0.5256088513704213, "log10_colsample_bytree": -0.7976792981837177, "log10_eta": -0.012274969521386403, "log10_lambda": -4.875300655991541, "log10_min_child_weight": 1.666548672565178, "log10_subsample": -0.8116706279479988, "max_depth": 2.0, "num_boost_round": 7.0}, "datetime": {"datetime": "2024-01-19 00:26:57", "elapsed": 948.838753, "delta": 0.001248}}
{"target": -13.962972098606796, "params": {"gamma": 526.2695890338141, "log10_alpha": 0.5256088513704213, "log10_colsample_bytree": -0.7976792981837177, "log10_eta": -0.012274969521386403, "log10_lambda": -4.875300655991541, "log10_min_child_weight": 1.666548672565178, "log10_subsample": -0.8116706279479988, "max_depth": 2.0, "num_boost_round": 8.0}, "datetime": {"datetime": "2024-01-19 00:26:57", "elapsed": 948.840689, "delta": 0.001936}}
{"target": -13.959600801126378, "params": {"gamma": 526.2695890338141, "log10_alpha": 0.5256088513704213, "log10_colsample_bytree": -0.7976792981837177, "log10_eta": -0.012274969521386403, "log10_lambda": -4.875300655991541, "log10_min_child_weight": 1.666548672565178, "log10_subsample": -0.8116706279479988, "max_depth": 2.0, "num_boost_round": 9.0}, "datetime": {"datetime": "2024-01-19 00:26:57", "elapsed": 948.842594, "delta": 0.001905}}
{"target": -13.981049752795919, "params": {"gamma": 526.2695890338141, "log10_alpha": 0.5256088513704213, "log10_colsample_bytree": -0.7976792981837177, "log10_eta": -0.012274969521386403, "log10_lambda": -4.875300655991541, "log10_min_child_weight": 1.666548672565178, "log10_subsample": -0.8116706279479988, "max_depth": 2.0, "num_boost_round": 10.0}, "datetime": {"datetime": "2024-01-19 00:26:57", "elapsed": 948.843832, "delta": 0.001238}}
{"target": -14.005293983189114, "params": {"gamma": 526.2695890338141, "log10_alpha": 0.5256088513704213, "log10_colsample_bytree": -0.7976792981837177, "log10_eta": -0.012274969521386403, "log10_lambda": -4.875300655991541, "log10_min_child_weight": 1.666548672565178, "log10_subsample": -0.8116706279479988, "max_depth": 2.0, "num_boost_round": 11.0}, "datetime": {"datetime": "2024-01-19 00:26:57", "elapsed": 948.845086, "delta": 0.001254}}
{"target": -14.006070677582425, "params": {"gamma": 526.2695890338141, "log10_alpha": 0.5256088513704213, "log10_colsample_bytree": -0.7976792981837177, "log10_eta": -0.012274969521386403, "log10_lambda": -4.875300655991541, "log10_min_child_weight": 1.666548672565178, "log10_subsample": -0.8116706279479988, "max_depth": 2.0, "num_boost_round": 12.0}, "datetime": {"datetime": "2024-01-19 00:26:57", "elapsed": 948.846504, "delta": 0.001418}}
{"target": -13.758465665245584, "params": {"gamma": 511.93124914471565, "log10_alpha": -2.5861573194939, "log10_colsample_bytree": -0.8991049116153196, "log10_eta": -2.328598335440592, "log10_lambda": -0.3641978349026438, "log10_min_child_weight": 2.9604372619336705, "log10_subsample": -0.5598589265687209, "max_depth": 2.0, "num_boost_round": 0.0}, "datetime": {"datetime": "2024-01-19 00:27:17", "elapsed": 969.05759, "delta": 20.211086}}
{"target": -13.758397677327007, "params": {"gamma": 511.93124914471565, "log10_alpha": -2.5861573194939, "log10_colsample_bytree": -0.8991049116153196, "log10_eta": -2.328598335440592, "log10_lambda": -0.3641978349026438, "log10_min_child_weight": 2.9604372619336705, "log10_subsample": -0.5598589265687209, "max_depth": 2.0, "num_boost_round": 1.0}, "datetime": {"datetime": "2024-01-19 00:27:17", "elapsed": 969.059013, "delta": 0.001423}}
{"target": -13.758397352771011, "params": {"gamma": 511.93124914471565, "log10_alpha": -2.5861573194939, "log10_colsample_bytree": -0.8991049116153196, "log10_eta": -2.328598335440592, "log10_lambda": -0.3641978349026438, "log10_min_child_weight": 2.9604372619336705, "log10_subsample": -0.5598589265687209, "max_depth": 2.0, "num_boost_round": 2.0}, "datetime": {"datetime": "2024-01-19 00:27:17", "elapsed": 969.061021, "delta": 0.002008}}
{"target": -13.75834704549155, "params": {"gamma": 511.93124914471565, "log10_alpha": -2.5861573194939, "log10_colsample_bytree": -0.8991049116153196, "log10_eta": -2.328598335440592, "log10_lambda": -0.3641978349026438, "log10_min_child_weight": 2.9604372619336705, "log10_subsample": -0.5598589265687209, "max_depth": 2.0, "num_boost_round": 3.0}, "datetime": {"datetime": "2024-01-19 00:27:17", "elapsed": 969.062474, "delta": 0.001453}}
{"target": -13.758314912184826, "params": {"gamma": 511.93124914471565, "log10_alpha": -2.5861573194939, "log10_colsample_bytree": -0.8991049116153196, "log10_eta": -2.328598335440592, "log10_lambda": -0.3641978349026438, "log10_min_child_weight": 2.9604372619336705, "log10_subsample": -0.5598589265687209, "max_depth": 2.0, "num_boost_round": 4.0}, "datetime": {"datetime": "2024-01-19 00:27:17", "elapsed": 969.063741, "delta": 0.001267}}
{"target": -13.758260291250755, "params": {"gamma": 511.93124914471565, "log10_alpha": -2.5861573194939, "log10_colsample_bytree": -0.8991049116153196, "log10_eta": -2.328598335440592, "log10_lambda": -0.3641978349026438, "log10_min_child_weight": 2.9604372619336705, "log10_subsample": -0.5598589265687209, "max_depth": 2.0, "num_boost_round": 5.0}, "datetime": {"datetime": "2024-01-19 00:27:17", "elapsed": 969.065004, "delta": 0.001263}}
{"target": -13.758265018321406, "params": {"gamma": 511.93124914471565, "log10_alpha": -2.5861573194939, "log10_colsample_bytree": -0.8991049116153196, "log10_eta": -2.328598335440592, "log10_lambda": -0.3641978349026438, "log10_min_child_weight": 2.9604372619336705, "log10_subsample": -0.5598589265687209, "max_depth": 2.0, "num_boost_round": 6.0}, "datetime": {"datetime": "2024-01-19 00:27:17", "elapsed": 969.066403, "delta": 0.001399}}
{"target": -13.758185258737575, "params": {"gamma": 511.93124914471565, "log10_alpha": -2.5861573194939, "log10_colsample_bytree": -0.8991049116153196, "log10_eta": -2.328598335440592, "log10_lambda": -0.3641978349026438, "log10_min_child_weight": 2.9604372619336705, "log10_subsample": -0.5598589265687209, "max_depth": 2.0, "num_boost_round": 7.0}, "datetime": {"datetime": "2024-01-19 00:27:17", "elapsed": 969.067659, "delta": 0.001256}}
{"target": -13.758217459720836, "params": {"gamma": 511.93124914471565, "log10_alpha": -2.5861573194939, "log10_colsample_bytree": -0.8991049116153196, "log10_eta": -2.328598335440592, "log10_lambda": -0.3641978349026438, "log10_min_child_weight": 2.9604372619336705, "log10_subsample": -0.5598589265687209, "max_depth": 2.0, "num_boost_round": 8.0}, "datetime": {"datetime": "2024-01-19 00:27:17", "elapsed": 969.068933, "delta": 0.001274}}
{"target": -13.75817268592021, "params": {"gamma": 511.93124914471565, "log10_alpha": -2.5861573194939, "log10_colsample_bytree": -0.8991049116153196, "log10_eta": -2.328598335440592, "log10_lambda": -0.3641978349026438, "log10_min_child_weight": 2.9604372619336705, "log10_subsample": -0.5598589265687209, "max_depth": 2.0, "num_boost_round": 9.0}, "datetime": {"datetime": "2024-01-19 00:27:17", "elapsed": 969.070182, "delta": 0.001249}}
{"target": -13.75814548907223, "params": {"gamma": 511.93124914471565, "log10_alpha": -2.5861573194939, "log10_colsample_bytree": -0.8991049116153196, "log10_eta": -2.328598335440592, "log10_lambda": -0.3641978349026438, "log10_min_child_weight": 2.9604372619336705, "log10_subsample": -0.5598589265687209, "max_depth": 2.0, "num_boost_round": 10.0}, "datetime": {"datetime": "2024-01-19 00:27:17", "elapsed": 969.071455, "delta": 0.001273}}
{"target": -13.75810568490666, "params": {"gamma": 511.93124914471565, "log10_alpha": -2.5861573194939, "log10_colsample_bytree": -0.8991049116153196, "log10_eta": -2.328598335440592, "log10_lambda": -0.3641978349026438, "log10_min_child_weight": 2.9604372619336705, "log10_subsample": -0.5598589265687209, "max_depth": 2.0, "num_boost_round": 11.0}, "datetime": {"datetime": "2024-01-19 00:27:17", "elapsed": 969.07275, "delta": 0.001295}}
{"target": -13.758078499096413, "params": {"gamma": 511.93124914471565, "log10_alpha": -2.5861573194939, "log10_colsample_bytree": -0.8991049116153196, "log10_eta": -2.328598335440592, "log10_lambda": -0.3641978349026438, "log10_min_child_weight": 2.9604372619336705, "log10_subsample": -0.5598589265687209, "max_depth": 2.0, "num_boost_round": 12.0}, "datetime": {"datetime": "2024-01-19 00:27:17", "elapsed": 969.074004, "delta": 0.001254}}
