{"target": -13.758509722905568, "params": {"gamma": 407.8738047915704, "log10_alpha": -5.0, "log10_colsample_bytree": -1.0, "log10_eta": -4.0, "log10_lambda": -5.0, "log10_min_child_weight": 0.0, "log10_subsample": -1.0, "max_depth": 2.0, "num_boost_round": 39.0}, "datetime": {"datetime": "2024-01-19 00:45:00", "elapsed": 2003.34466, "delta": 0.003285}}
{"target": -13.758509079966831, "params": {"gamma": 407.8738047915704, "log10_alpha": -5.0, "log10_colsample_bytree": -1.0, "log10_eta": -4.0, "log10_lambda": -5.0, "log10_min_child_weight": 0.0, "log10_subsample": -1.0, "max_depth": 2.0, "num_boost_round": 40.0}, "datetime": {"datetime": "2024-01-19 00:45:00", "elapsed": 2003.348009, "delta": 0.003349}}
{"target": -13.75850918171359, "params": {"gamma": 407.8738047915704, "log10_alpha": -5.0, "log10_colsample_bytree": -1.0, "log10_eta": -4.0, "log10_lambda": -5.0, "log10_min_child_weight": 0.0, "log10_subsample": -1.0, "max_depth": 2.0, "num_boost_round": 41.0}, "datetime": {"datetime": "2024-01-19 00:45:00", "elapsed": 2003.351263, "delta": 0.003254}}
{"target": -13.758508669200129, "params": {"gamma": 407.8738047915704, "log10_alpha": -5.0, "log10_colsample_bytree": -1.0, "log10_eta": -4.0, "log10_lambda": -5.0, "log10_min_child_weight": 0.0, "log10_subsample": -1.0, "max_depth": 2.0, "num_boost_round": 42.0}, "datetime": {"datetime": "2024-01-19 00:45:00", "elapsed": 2003.354563, "delta": 0.0033}}
{"target": -13.758507208303806, "params": {"gamma": 407.8738047915704, "log10_alpha": -5.0, "log10_colsample_bytree": -1.0, "log10_eta": -4.0, "log10_lambda": -5.0, "log10_min_child_weight": 0.0, "log10_subsample": -1.0, "max_depth": 2.0, "num_boost_round": 43.0}, "datetime": {"datetime": "2024-01-19 00:45:00", "elapsed": 2003.357847, "delta": 0.003284}}
{"target": -13.75850701882943, "params": {"gamma": 407.8738047915704, "log10_alpha": -5.0, "log10_colsample_bytree": -1.0, "log10_eta": -4.0, "log10_lambda": -5.0, "log10_min_child_weight": 0.0, "log10_subsample": -1.0, "max_depth": 2.0, "num_boost_round": 44.0}, "datetime": {"datetime": "2024-01-19 00:45:00", "elapsed": 2003.361166, "delta": 0.003319}}
{"target": -13.758506310328857, "params": {"gamma": 407.8738047915704, "log10_alpha": -5.0, "log10_colsample_bytree": -1.0, "log10_eta": -4.0, "log10_lambda": -5.0, "log10_min_child_weight": 0.0, "log10_subsample": -1.0, "max_depth": 2.0, "num_boost_round": 45.0}, "datetime": {"datetime": "2024-01-19 00:45:00", "elapsed": 2003.36443, "delta": 0.003264}}
{"target": -13.75850556858027, "params": {"gamma": 407.8738047915704, "log10_alpha": -5.0, "log10_colsample_bytree": -1.0, "log10_eta": -4.0, "log10_lambda": -5.0, "log10_min_child_weight": 0.0, "log10_subsample": -1.0, "max_depth": 2.0, "num_boost_round": 46.0}, "datetime": {"datetime": "2024-01-19 00:45:00", "elapsed": 2003.367734, "delta": 0.003304}}
{"target": -13.758504418043726, "params": {"gamma": 407.8738047915704, "log10_alpha": -5.0, "log10_colsample_bytree": -1.0, "log10_eta": -4.0, "log10_lambda": -5.0, "log10_min_child_weight": 0.0, "log10_subsample": -1.0, "max_depth": 2.0, "num_boost_round": 47.0}, "datetime": {"datetime": "2024-01-19 00:45:00", "elapsed": 2003.370978, "delta": 0.003244}}
{"target": -13.758503794341717, "params": {"gamma": 407.8738047915704, "log10_alpha": -5.0, "log10_colsample_bytree": -1.0, "log10_eta": -4.0, "log10_lambda": -5.0, "log10_min_child_weight": 0.0, "log10_subsample": -1.0, "max_depth": 2.0, "num_boost_round": 48.0}, "datetime": {"datetime": "2024-01-19 00:45:00", "elapsed": 2003.374289, "delta": 0.003311}}
{"target": -13.758503049614484, "params": {"gamma": 407.8738047915704, "log10_alpha": -5.0, "log10_colsample_bytree": -1.0, "log10_eta": -4.0, "log10_lambda": -5.0, "log10_min_child_weight": 0.0, "log10_subsample": -1.0, "max_depth": 2.0, "num_boost_round": 49.0}, "datetime": {"datetime": "2024-01-19 00:45:00", "elapsed": 2003.377566, "delta": 0.003277}}
{"target": -13.758503555256068, "params": {"gamma": 407.8738047915704, "log10_alpha": -5.0, "log10_colsample_bytree": -1.0, "log10_eta": -4.0, "log10_lambda": -5.0, "log10_min_child_weight": 0.0, "log10_subsample": -1.0, "max_depth": 2.0, "num_boost_round": 50.0}, "datetime": {"datetime": "2024-01-19 00:45:00", "elapsed": 2003.38089, "delta": 0.003324}}
{"target": -13.758503281884263, "params": {"gamma": 407.8738047915704, "log10_alpha": -5.0, "log10_colsample_bytree": -1.0, "log10_eta": -4.0, "log10_lambda": -5.0, "log10_min_child_weight": 0.0, "log10_subsample": -1.0, "max_depth": 2.0, "num_boost_round": 51.0}, "datetime": {"datetime": "2024-01-19 00:45:00", "elapsed": 2003.384136, "delta": 0.003246}}
{"target": -13.75850330940236, "params": {"gamma": 407.8738047915704, "log10_alpha": -5.0, "log10_colsample_bytree": -1.0, "log10_eta": -4.0, "log10_lambda": -5.0, "log10_min_child_weight": 0.0, "log10_subsample": -1.0, "max_depth": 2.0, "num_boost_round": 52.0}, "datetime": {"datetime": "2024-01-19 00:45:00", "elapsed": 2003.387439, "delta": 0.003303}}
{"target": -13.75816582232271, "params": {"gamma": 430.6794245197743, "log10_alpha": -1.1455207110114785, "log10_colsample_bytree": -0.33843316232112564, "log10_eta": -2.0787877003624518, "log10_lambda": 0.5486829575028382, "log10_min_child_weight": 0.22670305656681378, "log10_subsample": -0.2062993761687424, "max_depth": 6.0, "num_boost_round": 0.0}, "datetime": {"datetime": "2024-01-19 00:45:58", "elapsed": 2061.977325, "delta": 58.589886}}
{"target": -13.758260695692686, "params": {"gamma": 430.6794245197743, "log10_alpha": -1.1455207110114785, "log10_colsample_bytree": -0.33843316232112564, "log10_eta": -2.0787877003624518, "log10_lambda": 0.5486829575028382, "log10_min_child_weight": 0.22670305656681378, "log10_subsample": -0.2062993761687424, "max_depth": 6.0, "num_boost_round": 1.0}, "datetime": {"datetime": "2024-01-19 00:45:58", "elapsed": 2061.981236, "delta": 0.003911}}
{"target": -13.758101644765622, "params": {"gamma": 430.6794245197743, "log10_alpha": -1.1455207110114785, "log10_colsample_bytree": -0.33843316232112564, "log10_eta": -2.0787877003624518, "log10_lambda": 0.5486829575028382, "log10_min_child_weight": 0.22670305656681378, "log10_subsample": -0.2062993761687424, "max_depth": 6.0, "num_boost_round": 2.0}, "datetime": {"datetime": "2024-01-19 00:45:58", "elapsed": 2061.984486, "delta": 0.00325}}
{"target": -13.757924451609336, "params": {"gamma": 430.6794245197743, "log10_alpha": -1.1455207110114785, "log10_colsample_bytree": -0.33843316232112564, "log10_eta": -2.0787877003624518, "log10_lambda": 0.5486829575028382, "log10_min_child_weight": 0.22670305656681378, "log10_subsample": -0.2062993761687424, "max_depth": 6.0, "num_boost_round": 3.0}, "datetime": {"datetime": "2024-01-19 00:45:58", "elapsed": 2061.987703, "delta": 0.003217}}
{"target": -13.75773203704154, "params": {"gamma": 430.6794245197743, "log10_alpha": -1.1455207110114785, "log10_colsample_bytree": -0.33843316232112564, "log10_eta": -2.0787877003624518, "log10_lambda": 0.5486829575028382, "log10_min_child_weight": 0.22670305656681378, "log10_subsample": -0.2062993761687424, "max_depth": 6.0, "num_boost_round": 4.0}, "datetime": {"datetime": "2024-01-19 00:45:58", "elapsed": 2061.991125, "delta": 0.003422}}
{"target": -13.75765476868756, "params": {"gamma": 430.6794245197743, "log10_alpha": -1.1455207110114785, "log10_colsample_bytree": -0.33843316232112564, "log10_eta": -2.0787877003624518, "log10_lambda": 0.5486829575028382, "log10_min_child_weight": 0.22670305656681378, "log10_subsample": -0.2062993761687424, "max_depth": 6.0, "num_boost_round": 5.0}, "datetime": {"datetime": "2024-01-19 00:45:58", "elapsed": 2061.994442, "delta": 0.003317}}
{"target": -13.757706977816472, "params": {"gamma": 430.6794245197743, "log10_alpha": -1.1455207110114785, "log10_colsample_bytree": -0.33843316232112564, "log10_eta": -2.0787877003624518, "log10_lambda": 0.5486829575028382, "log10_min_child_weight": 0.22670305656681378, "log10_subsample": -0.2062993761687424, "max_depth": 6.0, "num_boost_round": 6.0}, "datetime": {"datetime": "2024-01-19 00:45:58", "elapsed": 2061.997824, "delta": 0.003382}}
{"target": -13.758066099318343, "params": {"gamma": 430.6794245197743, "log10_alpha": -1.1455207110114785, "log10_colsample_bytree": -0.33843316232112564, "log10_eta": -2.0787877003624518, "log10_lambda": 0.5486829575028382, "log10_min_child_weight": 0.22670305656681378, "log10_subsample": -0.2062993761687424, "max_depth": 6.0, "num_boost_round": 7.0}, "datetime": {"datetime": "2024-01-19 00:45:58", "elapsed": 2062.001004, "delta": 0.00318}}
{"target": -13.757954310323852, "params": {"gamma": 430.6794245197743, "log10_alpha": -1.1455207110114785, "log10_colsample_bytree": -0.33843316232112564, "log10_eta": -2.0787877003624518, "log10_lambda": 0.5486829575028382, "log10_min_child_weight": 0.22670305656681378, "log10_subsample": -0.2062993761687424, "max_depth": 6.0, "num_boost_round": 8.0}, "datetime": {"datetime": "2024-01-19 00:45:58", "elapsed": 2062.004179, "delta": 0.003175}}
{"target": -13.757857062189924, "params": {"gamma": 430.6794245197743, "log10_alpha": -1.1455207110114785, "log10_colsample_bytree": -0.33843316232112564, "log10_eta": -2.0787877003624518, "log10_lambda": 0.5486829575028382, "log10_min_child_weight": 0.22670305656681378, "log10_subsample": -0.2062993761687424, "max_depth": 6.0, "num_boost_round": 9.0}, "datetime": {"datetime": "2024-01-19 00:45:58", "elapsed": 2062.007388, "delta": 0.003209}}
{"target": -13.757942562827813, "params": {"gamma": 430.6794245197743, "log10_alpha": -1.1455207110114785, "log10_colsample_bytree": -0.33843316232112564, "log10_eta": -2.0787877003624518, "log10_lambda": 0.5486829575028382, "log10_min_child_weight": 0.22670305656681378, "log10_subsample": -0.2062993761687424, "max_depth": 6.0, "num_boost_round": 10.0}, "datetime": {"datetime": "2024-01-19 00:45:58", "elapsed": 2062.010716, "delta": 0.003328}}
{"target": -13.757809182773409, "params": {"gamma": 430.6794245197743, "log10_alpha": -1.1455207110114785, "log10_colsample_bytree": -0.33843316232112564, "log10_eta": -2.0787877003624518, "log10_lambda": 0.5486829575028382, "log10_min_child_weight": 0.22670305656681378, "log10_subsample": -0.2062993761687424, "max_depth": 6.0, "num_boost_round": 11.0}, "datetime": {"datetime": "2024-01-19 00:45:58", "elapsed": 2062.013914, "delta": 0.003198}}
{"target": -13.75797979239839, "params": {"gamma": 430.6794245197743, "log10_alpha": -1.1455207110114785, "log10_colsample_bytree": -0.33843316232112564, "log10_eta": -2.0787877003624518, "log10_lambda": 0.5486829575028382, "log10_min_child_weight": 0.22670305656681378, "log10_subsample": -0.2062993761687424, "max_depth": 6.0, "num_boost_round": 12.0}, "datetime": {"datetime": "2024-01-19 00:45:58", "elapsed": 2062.017124, "delta": 0.00321}}
{"target": -13.758125385018612, "params": {"gamma": 430.6794245197743, "log10_alpha": -1.1455207110114785, "log10_colsample_bytree": -0.33843316232112564, "log10_eta": -2.0787877003624518, "log10_lambda": 0.5486829575028382, "log10_min_child_weight": 0.22670305656681378, "log10_subsample": -0.2062993761687424, "max_depth": 6.0, "num_boost_round": 13.0}, "datetime": {"datetime": "2024-01-19 00:45:58", "elapsed": 2062.020326, "delta": 0.003202}}
{"target": -13.75809520389121, "params": {"gamma": 430.6794245197743, "log10_alpha": -1.1455207110114785, "log10_colsample_bytree": -0.33843316232112564, "log10_eta": -2.0787877003624518, "log10_lambda": 0.5486829575028382, "log10_min_child_weight": 0.22670305656681378, "log10_subsample": -0.2062993761687424, "max_depth": 6.0, "num_boost_round": 14.0}, "datetime": {"datetime": "2024-01-19 00:45:58", "elapsed": 2062.023543, "delta": 0.003217}}
{"target": -13.757909257417472, "params": {"gamma": 430.6794245197743, "log10_alpha": -1.1455207110114785, "log10_colsample_bytree": -0.33843316232112564, "log10_eta": -2.0787877003624518, "log10_lambda": 0.5486829575028382, "log10_min_child_weight": 0.22670305656681378, "log10_subsample": -0.2062993761687424, "max_depth": 6.0, "num_boost_round": 15.0}, "datetime": {"datetime": "2024-01-19 00:45:58", "elapsed": 2062.026782, "delta": 0.003239}}
{"target": -13.757957339307646, "params": {"gamma": 430.6794245197743, "log10_alpha": -1.1455207110114785, "log10_colsample_bytree": -0.33843316232112564, "log10_eta": -2.0787877003624518, "log10_lambda": 0.5486829575028382, "log10_min_child_weight": 0.22670305656681378, "log10_subsample": -0.2062993761687424, "max_depth": 6.0, "num_boost_round": 16.0}, "datetime": {"datetime": "2024-01-19 00:45:58", "elapsed": 2062.030086, "delta": 0.003304}}
{"target": -13.75828461817415, "params": {"gamma": 430.6794245197743, "log10_alpha": -1.1455207110114785, "log10_colsample_bytree": -0.33843316232112564, "log10_eta": -2.0787877003624518, "log10_lambda": 0.5486829575028382, "log10_min_child_weight": 0.22670305656681378, "log10_subsample": -0.2062993761687424, "max_depth": 6.0, "num_boost_round": 17.0}, "datetime": {"datetime": "2024-01-19 00:45:58", "elapsed": 2062.033254, "delta": 0.003168}}
{"target": -13.758400792142757, "params": {"gamma": 430.6794245197743, "log10_alpha": -1.1455207110114785, "log10_colsample_bytree": -0.33843316232112564, "log10_eta": -2.0787877003624518, "log10_lambda": 0.5486829575028382, "log10_min_child_weight": 0.22670305656681378, "log10_subsample": -0.2062993761687424, "max_depth": 6.0, "num_boost_round": 18.0}, "datetime": {"datetime": "2024-01-19 00:45:58", "elapsed": 2062.036433, "delta": 0.003179}}
{"target": -13.75818322991371, "params": {"gamma": 430.6794245197743, "log10_alpha": -1.1455207110114785, "log10_colsample_bytree": -0.33843316232112564, "log10_eta": -2.0787877003624518, "log10_lambda": 0.5486829575028382, "log10_min_child_weight": 0.22670305656681378, "log10_subsample": -0.2062993761687424, "max_depth": 6.0, "num_boost_round": 19.0}, "datetime": {"datetime": "2024-01-19 00:45:58", "elapsed": 2062.039604, "delta": 0.003171}}
{"target": -13.757855609989134, "params": {"gamma": 430.6794245197743, "log10_alpha": -1.1455207110114785, "log10_colsample_bytree": -0.33843316232112564, "log10_eta": -2.0787877003624518, "log10_lambda": 0.5486829575028382, "log10_min_child_weight": 0.22670305656681378, "log10_subsample": -0.2062993761687424, "max_depth": 6.0, "num_boost_round": 20.0}, "datetime": {"datetime": "2024-01-19 00:45:58", "elapsed": 2062.042854, "delta": 0.00325}}
{"target": -13.75786614891136, "params": {"gamma": 430.6794245197743, "log10_alpha": -1.1455207110114785, "log10_colsample_bytree": -0.33843316232112564, "log10_eta": -2.0787877003624518, "log10_lambda": 0.5486829575028382, "log10_min_child_weight": 0.22670305656681378, "log10_subsample": -0.2062993761687424, "max_depth": 6.0, "num_boost_round": 21.0}, "datetime": {"datetime": "2024-01-19 00:45:58", "elapsed": 2062.046028, "delta": 0.003174}}
{"target": -13.75815499543766, "params": {"gamma": 430.6794245197743, "log10_alpha": -1.1455207110114785, "log10_colsample_bytree": -0.33843316232112564, "log10_eta": -2.0787877003624518, "log10_lambda": 0.5486829575028382, "log10_min_child_weight": 0.22670305656681378, "log10_subsample": -0.2062993761687424, "max_depth": 6.0, "num_boost_round": 22.0}, "datetime": {"datetime": "2024-01-19 00:45:58", "elapsed": 2062.049319, "delta": 0.003291}}
{"target": -13.758334259677232, "params": {"gamma": 430.6794245197743, "log10_alpha": -1.1455207110114785, "log10_colsample_bytree": -0.33843316232112564, "log10_eta": -2.0787877003624518, "log10_lambda": 0.5486829575028382, "log10_min_child_weight": 0.22670305656681378, "log10_subsample": -0.2062993761687424, "max_depth": 6.0, "num_boost_round": 23.0}, "datetime": {"datetime": "2024-01-19 00:45:58", "elapsed": 2062.052557, "delta": 0.003238}}
{"target": -13.758477966248986, "params": {"gamma": 430.6794245197743, "log10_alpha": -1.1455207110114785, "log10_colsample_bytree": -0.33843316232112564, "log10_eta": -2.0787877003624518, "log10_lambda": 0.5486829575028382, "log10_min_child_weight": 0.22670305656681378, "log10_subsample": -0.2062993761687424, "max_depth": 6.0, "num_boost_round": 24.0}, "datetime": {"datetime": "2024-01-19 00:45:58", "elapsed": 2062.055783, "delta": 0.003226}}
{"target": -13.758352726419087, "params": {"gamma": 430.6794245197743, "log10_alpha": -1.1455207110114785, "log10_colsample_bytree": -0.33843316232112564, "log10_eta": -2.0787877003624518, "log10_lambda": 0.5486829575028382, "log10_min_child_weight": 0.22670305656681378, "log10_subsample": -0.2062993761687424, "max_depth": 6.0, "num_boost_round": 25.0}, "datetime": {"datetime": "2024-01-19 00:45:58", "elapsed": 2062.059013, "delta": 0.00323}}
{"target": -13.758243930469293, "params": {"gamma": 430.6794245197743, "log10_alpha": -1.1455207110114785, "log10_colsample_bytree": -0.33843316232112564, "log10_eta": -2.0787877003624518, "log10_lambda": 0.5486829575028382, "log10_min_child_weight": 0.22670305656681378, "log10_subsample": -0.2062993761687424, "max_depth": 6.0, "num_boost_round": 26.0}, "datetime": {"datetime": "2024-01-19 00:45:58", "elapsed": 2062.062228, "delta": 0.003215}}
{"target": -13.758308034483923, "params": {"gamma": 430.6794245197743, "log10_alpha": -1.1455207110114785, "log10_colsample_bytree": -0.33843316232112564, "log10_eta": -2.0787877003624518, "log10_lambda": 0.5486829575028382, "log10_min_child_weight": 0.22670305656681378, "log10_subsample": -0.2062993761687424, "max_depth": 6.0, "num_boost_round": 27.0}, "datetime": {"datetime": "2024-01-19 00:45:58", "elapsed": 2062.065452, "delta": 0.003224}}
{"target": -13.75847454620953, "params": {"gamma": 430.6794245197743, "log10_alpha": -1.1455207110114785, "log10_colsample_bytree": -0.33843316232112564, "log10_eta": -2.0787877003624518, "log10_lambda": 0.5486829575028382, "log10_min_child_weight": 0.22670305656681378, "log10_subsample": -0.2062993761687424, "max_depth": 6.0, "num_boost_round": 28.0}, "datetime": {"datetime": "2024-01-19 00:45:58", "elapsed": 2062.068768, "delta": 0.003316}}
{"target": -13.758475890219101, "params": {"gamma": 430.6794245197743, "log10_alpha": -1.1455207110114785, "log10_colsample_bytree": -0.33843316232112564, "log10_eta": -2.0787877003624518, "log10_lambda": 0.5486829575028382, "log10_min_child_weight": 0.22670305656681378, "log10_subsample": -0.2062993761687424, "max_depth": 6.0, "num_boost_round": 29.0}, "datetime": {"datetime": "2024-01-19 00:45:58", "elapsed": 2062.072864, "delta": 0.004096}}
{"target": -13.758808916488045, "params": {"gamma": 430.6794245197743, "log10_alpha": -1.1455207110114785, "log10_colsample_bytree": -0.33843316232112564, "log10_eta": -2.0787877003624518, "log10_lambda": 0.5486829575028382, "log10_min_child_weight": 0.22670305656681378, "log10_subsample": -0.2062993761687424, "max_depth": 6.0, "num_boost_round": 30.0}, "datetime": {"datetime": "2024-01-19 00:45:58", "elapsed": 2062.076444, "delta": 0.00358}}
{"target": -13.759200888678121, "params": {"gamma": 430.6794245197743, "log10_alpha": -1.1455207110114785, "log10_colsample_bytree": -0.33843316232112564, "log10_eta": -2.0787877003624518, "log10_lambda": 0.5486829575028382, "log10_min_child_weight": 0.22670305656681378, "log10_subsample": -0.2062993761687424, "max_depth": 6.0, "num_boost_round": 31.0}, "datetime": {"datetime": "2024-01-19 00:45:58", "elapsed": 2062.079668, "delta": 0.003224}}
{"target": -13.75957946677469, "params": {"gamma": 430.6794245197743, "log10_alpha": -1.1455207110114785, "log10_colsample_bytree": -0.33843316232112564, "log10_eta": -2.0787877003624518, "log10_lambda": 0.5486829575028382, "log10_min_child_weight": 0.22670305656681378, "log10_subsample": -0.2062993761687424, "max_depth": 6.0, "num_boost_round": 32.0}, "datetime": {"datetime": "2024-01-19 00:45:58", "elapsed": 2062.082884, "delta": 0.003216}}
{"target": -13.759568539891742, "params": {"gamma": 430.6794245197743, "log10_alpha": -1.1455207110114785, "log10_colsample_bytree": -0.33843316232112564, "log10_eta": -2.0787877003624518, "log10_lambda": 0.5486829575028382, "log10_min_child_weight": 0.22670305656681378, "log10_subsample": -0.2062993761687424, "max_depth": 6.0, "num_boost_round": 33.0}, "datetime": {"datetime": "2024-01-19 00:45:58", "elapsed": 2062.086099, "delta": 0.003215}}
{"target": -13.759581606882788, "params": {"gamma": 430.6794245197743, "log10_alpha": -1.1455207110114785, "log10_colsample_bytree": -0.33843316232112564, "log10_eta": -2.0787877003624518, "log10_lambda": 0.5486829575028382, "log10_min_child_weight": 0.22670305656681378, "log10_subsample": -0.2062993761687424, "max_depth": 6.0, "num_boost_round": 34.0}, "datetime": {"datetime": "2024-01-19 00:45:58", "elapsed": 2062.08956, "delta": 0.003461}}
{"target": -13.75953775089932, "params": {"gamma": 430.6794245197743, "log10_alpha": -1.1455207110114785, "log10_colsample_bytree": -0.33843316232112564, "log10_eta": -2.0787877003624518, "log10_lambda": 0.5486829575028382, "log10_min_child_weight": 0.22670305656681378, "log10_subsample": -0.2062993761687424, "max_depth": 6.0, "num_boost_round": 35.0}, "datetime": {"datetime": "2024-01-19 00:45:58", "elapsed": 2062.092885, "delta": 0.003325}}
{"target": -13.759747098641485, "params": {"gamma": 430.6794245197743, "log10_alpha": -1.1455207110114785, "log10_colsample_bytree": -0.33843316232112564, "log10_eta": -2.0787877003624518, "log10_lambda": 0.5486829575028382, "log10_min_child_weight": 0.22670305656681378, "log10_subsample": -0.2062993761687424, "max_depth": 6.0, "num_boost_round": 36.0}, "datetime": {"datetime": "2024-01-19 00:45:58", "elapsed": 2062.096373, "delta": 0.003488}}
{"target": -13.759768961524243, "params": {"gamma": 430.6794245197743, "log10_alpha": -1.1455207110114785, "log10_colsample_bytree": -0.33843316232112564, "log10_eta": -2.0787877003624518, "log10_lambda": 0.5486829575028382, "log10_min_child_weight": 0.22670305656681378, "log10_subsample": -0.2062993761687424, "max_depth": 6.0, "num_boost_round": 37.0}, "datetime": {"datetime": "2024-01-19 00:45:59", "elapsed": 2062.099663, "delta": 0.00329}}
