{"target": -13.758320985103508, "params": {"gamma": 558.5769624508067, "log10_alpha": 0.3198372164812442, "log10_colsample_bytree": -0.17860343734666773, "log10_eta": -2.9310327391806723, "log10_lambda": -1.2366963756677305, "log10_min_child_weight": 1.9848326414296513, "log10_subsample": -0.6022671229984968, "max_depth": 2.0, "num_boost_round": 30.0}, "datetime": {"datetime": "2024-01-19 00:57:11", "elapsed": 2684.488267, "delta": 0.003899}}
{"target": -13.758311414090192, "params": {"gamma": 558.5769624508067, "log10_alpha": 0.3198372164812442, "log10_colsample_bytree": -0.17860343734666773, "log10_eta": -2.9310327391806723, "log10_lambda": -1.2366963756677305, "log10_min_child_weight": 1.9848326414296513, "log10_subsample": -0.6022671229984968, "max_depth": 2.0, "num_boost_round": 31.0}, "datetime": {"datetime": "2024-01-19 00:57:11", "elapsed": 2684.491506, "delta": 0.003239}}
{"target": -13.758299729167076, "params": {"gamma": 558.5769624508067, "log10_alpha": 0.3198372164812442, "log10_colsample_bytree": -0.17860343734666773, "log10_eta": -2.9310327391806723, "log10_lambda": -1.2366963756677305, "log10_min_child_weight": 1.9848326414296513, "log10_subsample": -0.6022671229984968, "max_depth": 2.0, "num_boost_round": 32.0}, "datetime": {"datetime": "2024-01-19 00:57:11", "elapsed": 2684.494976, "delta": 0.00347}}
{"target": -13.758299954467862, "params": {"gamma": 558.5769624508067, "log10_alpha": 0.3198372164812442, "log10_colsample_bytree": -0.17860343734666773, "log10_eta": -2.9310327391806723, "log10_lambda": -1.2366963756677305, "log10_min_child_weight": 1.9848326414296513, "log10_subsample": -0.6022671229984968, "max_depth": 2.0, "num_boost_round": 33.0}, "datetime": {"datetime": "2024-01-19 00:57:11", "elapsed": 2684.498349, "delta": 0.003373}}
{"target": -13.75828984954863, "params": {"gamma": 558.5769624508067, "log10_alpha": 0.3198372164812442, "log10_colsample_bytree": -0.17860343734666773, "log10_eta": -2.9310327391806723, "log10_lambda": -1.2366963756677305, "log10_min_child_weight": 1.9848326414296513, "log10_subsample": -0.6022671229984968, "max_depth": 2.0, "num_boost_round": 34.0}, "datetime": {"datetime": "2024-01-19 00:57:11", "elapsed": 2684.501688, "delta": 0.003339}}
{"target": -13.758286072180832, "params": {"gamma": 558.5769624508067, "log10_alpha": 0.3198372164812442, "log10_colsample_bytree": -0.17860343734666773, "log10_eta": -2.9310327391806723, "log10_lambda": -1.2366963756677305, "log10_min_child_weight": 1.9848326414296513, "log10_subsample": -0.6022671229984968, "max_depth": 2.0, "num_boost_round": 35.0}, "datetime": {"datetime": "2024-01-19 00:57:11", "elapsed": 2684.505154, "delta": 0.003466}}
{"target": -13.75827860483264, "params": {"gamma": 558.5769624508067, "log10_alpha": 0.3198372164812442, "log10_colsample_bytree": -0.17860343734666773, "log10_eta": -2.9310327391806723, "log10_lambda": -1.2366963756677305, "log10_min_child_weight": 1.9848326414296513, "log10_subsample": -0.6022671229984968, "max_depth": 2.0, "num_boost_round": 36.0}, "datetime": {"datetime": "2024-01-19 00:57:11", "elapsed": 2684.508537, "delta": 0.003383}}
{"target": -13.758267679164529, "params": {"gamma": 558.5769624508067, "log10_alpha": 0.3198372164812442, "log10_colsample_bytree": -0.17860343734666773, "log10_eta": -2.9310327391806723, "log10_lambda": -1.2366963756677305, "log10_min_child_weight": 1.9848326414296513, "log10_subsample": -0.6022671229984968, "max_depth": 2.0, "num_boost_round": 37.0}, "datetime": {"datetime": "2024-01-19 00:57:11", "elapsed": 2684.511947, "delta": 0.00341}}
{"target": -13.758260875889837, "params": {"gamma": 558.5769624508067, "log10_alpha": 0.3198372164812442, "log10_colsample_bytree": -0.17860343734666773, "log10_eta": -2.9310327391806723, "log10_lambda": -1.2366963756677305, "log10_min_child_weight": 1.9848326414296513, "log10_subsample": -0.6022671229984968, "max_depth": 2.0, "num_boost_round": 38.0}, "datetime": {"datetime": "2024-01-19 00:57:11", "elapsed": 2684.515462, "delta": 0.003515}}
{"target": -13.758254382099093, "params": {"gamma": 558.5769624508067, "log10_alpha": 0.3198372164812442, "log10_colsample_bytree": -0.17860343734666773, "log10_eta": -2.9310327391806723, "log10_lambda": -1.2366963756677305, "log10_min_child_weight": 1.9848326414296513, "log10_subsample": -0.6022671229984968, "max_depth": 2.0, "num_boost_round": 39.0}, "datetime": {"datetime": "2024-01-19 00:57:11", "elapsed": 2684.518805, "delta": 0.003343}}
{"target": -13.758245983535424, "params": {"gamma": 558.5769624508067, "log10_alpha": 0.3198372164812442, "log10_colsample_bytree": -0.17860343734666773, "log10_eta": -2.9310327391806723, "log10_lambda": -1.2366963756677305, "log10_min_child_weight": 1.9848326414296513, "log10_subsample": -0.6022671229984968, "max_depth": 2.0, "num_boost_round": 40.0}, "datetime": {"datetime": "2024-01-19 00:57:11", "elapsed": 2684.522047, "delta": 0.003242}}
{"target": -13.758229457171412, "params": {"gamma": 558.5769624508067, "log10_alpha": 0.3198372164812442, "log10_colsample_bytree": -0.17860343734666773, "log10_eta": -2.9310327391806723, "log10_lambda": -1.2366963756677305, "log10_min_child_weight": 1.9848326414296513, "log10_subsample": -0.6022671229984968, "max_depth": 2.0, "num_boost_round": 41.0}, "datetime": {"datetime": "2024-01-19 00:57:11", "elapsed": 2684.525336, "delta": 0.003289}}
{"target": -13.758231993296386, "params": {"gamma": 558.5769624508067, "log10_alpha": 0.3198372164812442, "log10_colsample_bytree": -0.17860343734666773, "log10_eta": -2.9310327391806723, "log10_lambda": -1.2366963756677305, "log10_min_child_weight": 1.9848326414296513, "log10_subsample": -0.6022671229984968, "max_depth": 2.0, "num_boost_round": 42.0}, "datetime": {"datetime": "2024-01-19 00:57:11", "elapsed": 2684.528638, "delta": 0.003302}}
{"target": -13.75823133304894, "params": {"gamma": 558.5769624508067, "log10_alpha": 0.3198372164812442, "log10_colsample_bytree": -0.17860343734666773, "log10_eta": -2.9310327391806723, "log10_lambda": -1.2366963756677305, "log10_min_child_weight": 1.9848326414296513, "log10_subsample": -0.6022671229984968, "max_depth": 2.0, "num_boost_round": 43.0}, "datetime": {"datetime": "2024-01-19 00:57:11", "elapsed": 2684.531991, "delta": 0.003353}}
{"target": -13.75822375689161, "params": {"gamma": 558.5769624508067, "log10_alpha": 0.3198372164812442, "log10_colsample_bytree": -0.17860343734666773, "log10_eta": -2.9310327391806723, "log10_lambda": -1.2366963756677305, "log10_min_child_weight": 1.9848326414296513, "log10_subsample": -0.6022671229984968, "max_depth": 2.0, "num_boost_round": 44.0}, "datetime": {"datetime": "2024-01-19 00:57:11", "elapsed": 2684.535481, "delta": 0.00349}}
{"target": -13.758220730003176, "params": {"gamma": 558.5769624508067, "log10_alpha": 0.3198372164812442, "log10_colsample_bytree": -0.17860343734666773, "log10_eta": -2.9310327391806723, "log10_lambda": -1.2366963756677305, "log10_min_child_weight": 1.9848326414296513, "log10_subsample": -0.6022671229984968, "max_depth": 2.0, "num_boost_round": 45.0}, "datetime": {"datetime": "2024-01-19 00:57:11", "elapsed": 2684.538973, "delta": 0.003492}}
{"target": -13.758212734325777, "params": {"gamma": 558.5769624508067, "log10_alpha": 0.3198372164812442, "log10_colsample_bytree": -0.17860343734666773, "log10_eta": -2.9310327391806723, "log10_lambda": -1.2366963756677305, "log10_min_child_weight": 1.9848326414296513, "log10_subsample": -0.6022671229984968, "max_depth": 2.0, "num_boost_round": 46.0}, "datetime": {"datetime": "2024-01-19 00:57:11", "elapsed": 2684.54255, "delta": 0.003577}}
{"target": -13.758205257464436, "params": {"gamma": 558.5769624508067, "log10_alpha": 0.3198372164812442, "log10_colsample_bytree": -0.17860343734666773, "log10_eta": -2.9310327391806723, "log10_lambda": -1.2366963756677305, "log10_min_child_weight": 1.9848326414296513, "log10_subsample": -0.6022671229984968, "max_depth": 2.0, "num_boost_round": 47.0}, "datetime": {"datetime": "2024-01-19 00:57:11", "elapsed": 2684.545948, "delta": 0.003398}}
{"target": -13.758205039894474, "params": {"gamma": 558.5769624508067, "log10_alpha": 0.3198372164812442, "log10_colsample_bytree": -0.17860343734666773, "log10_eta": -2.9310327391806723, "log10_lambda": -1.2366963756677305, "log10_min_child_weight": 1.9848326414296513, "log10_subsample": -0.6022671229984968, "max_depth": 2.0, "num_boost_round": 48.0}, "datetime": {"datetime": "2024-01-19 00:57:11", "elapsed": 2684.549264, "delta": 0.003316}}
{"target": -13.758207010384147, "params": {"gamma": 558.5769624508067, "log10_alpha": 0.3198372164812442, "log10_colsample_bytree": -0.17860343734666773, "log10_eta": -2.9310327391806723, "log10_lambda": -1.2366963756677305, "log10_min_child_weight": 1.9848326414296513, "log10_subsample": -0.6022671229984968, "max_depth": 2.0, "num_boost_round": 49.0}, "datetime": {"datetime": "2024-01-19 00:57:11", "elapsed": 2684.552508, "delta": 0.003244}}
{"target": -13.758537948398024, "params": {"gamma": 545.2535379675963, "log10_alpha": -1.253690996014964, "log10_colsample_bytree": -0.03370956637734357, "log10_eta": -3.602375607316867, "log10_lambda": -3.256510303317109, "log10_min_child_weight": 0.03860214122214711, "log10_subsample": -0.1454271415448377, "max_depth": 9.0, "num_boost_round": 0.0}, "datetime": {"datetime": "2024-01-19 00:57:59", "elapsed": 2732.195051, "delta": 47.642543}}
{"target": -13.758536513746796, "params": {"gamma": 545.2535379675963, "log10_alpha": -1.253690996014964, "log10_colsample_bytree": -0.03370956637734357, "log10_eta": -3.602375607316867, "log10_lambda": -3.256510303317109, "log10_min_child_weight": 0.03860214122214711, "log10_subsample": -0.1454271415448377, "max_depth": 9.0, "num_boost_round": 1.0}, "datetime": {"datetime": "2024-01-19 00:57:59", "elapsed": 2732.199003, "delta": 0.003952}}
{"target": -13.758537796210437, "params": {"gamma": 545.2535379675963, "log10_alpha": -1.253690996014964, "log10_colsample_bytree": -0.03370956637734357, "log10_eta": -3.602375607316867, "log10_lambda": -3.256510303317109, "log10_min_child_weight": 0.03860214122214711, "log10_subsample": -0.1454271415448377, "max_depth": 9.0, "num_boost_round": 2.0}, "datetime": {"datetime": "2024-01-19 00:57:59", "elapsed": 2732.202816, "delta": 0.003813}}
{"target": -13.75854012377267, "params": {"gamma": 545.2535379675963, "log10_alpha": -1.253690996014964, "log10_colsample_bytree": -0.03370956637734357, "log10_eta": -3.602375607316867, "log10_lambda": -3.256510303317109, "log10_min_child_weight": 0.03860214122214711, "log10_subsample": -0.1454271415448377, "max_depth": 9.0, "num_boost_round": 3.0}, "datetime": {"datetime": "2024-01-19 00:57:59", "elapsed": 2732.206115, "delta": 0.003299}}
{"target": -13.758531280901586, "params": {"gamma": 545.2535379675963, "log10_alpha": -1.253690996014964, "log10_colsample_bytree": -0.03370956637734357, "log10_eta": -3.602375607316867, "log10_lambda": -3.256510303317109, "log10_min_child_weight": 0.03860214122214711, "log10_subsample": -0.1454271415448377, "max_depth": 9.0, "num_boost_round": 4.0}, "datetime": {"datetime": "2024-01-19 00:57:59", "elapsed": 2732.209312, "delta": 0.003197}}
{"target": -13.75852313739882, "params": {"gamma": 545.2535379675963, "log10_alpha": -1.253690996014964, "log10_colsample_bytree": -0.03370956637734357, "log10_eta": -3.602375607316867, "log10_lambda": -3.256510303317109, "log10_min_child_weight": 0.03860214122214711, "log10_subsample": -0.1454271415448377, "max_depth": 9.0, "num_boost_round": 5.0}, "datetime": {"datetime": "2024-01-19 00:57:59", "elapsed": 2732.212697, "delta": 0.003385}}
{"target": -13.758521639287775, "params": {"gamma": 545.2535379675963, "log10_alpha": -1.253690996014964, "log10_colsample_bytree": -0.03370956637734357, "log10_eta": -3.602375607316867, "log10_lambda": -3.256510303317109, "log10_min_child_weight": 0.03860214122214711, "log10_subsample": -0.1454271415448377, "max_depth": 9.0, "num_boost_round": 6.0}, "datetime": {"datetime": "2024-01-19 00:57:59", "elapsed": 2732.215962, "delta": 0.003265}}
{"target": -13.758525083650879, "params": {"gamma": 545.2535379675963, "log10_alpha": -1.253690996014964, "log10_colsample_bytree": -0.03370956637734357, "log10_eta": -3.602375607316867, "log10_lambda": -3.256510303317109, "log10_min_child_weight": 0.03860214122214711, "log10_subsample": -0.1454271415448377, "max_depth": 9.0, "num_boost_round": 7.0}, "datetime": {"datetime": "2024-01-19 00:57:59", "elapsed": 2732.219164, "delta": 0.003202}}
{"target": -13.758525870255287, "params": {"gamma": 545.2535379675963, "log10_alpha": -1.253690996014964, "log10_colsample_bytree": -0.03370956637734357, "log10_eta": -3.602375607316867, "log10_lambda": -3.256510303317109, "log10_min_child_weight": 0.03860214122214711, "log10_subsample": -0.1454271415448377, "max_depth": 9.0, "num_boost_round": 8.0}, "datetime": {"datetime": "2024-01-19 00:57:59", "elapsed": 2732.222359, "delta": 0.003195}}
{"target": -13.758516158993302, "params": {"gamma": 545.2535379675963, "log10_alpha": -1.253690996014964, "log10_colsample_bytree": -0.03370956637734357, "log10_eta": -3.602375607316867, "log10_lambda": -3.256510303317109, "log10_min_child_weight": 0.03860214122214711, "log10_subsample": -0.1454271415448377, "max_depth": 9.0, "num_boost_round": 9.0}, "datetime": {"datetime": "2024-01-19 00:57:59", "elapsed": 2732.225559, "delta": 0.0032}}
{"target": -13.758520407360521, "params": {"gamma": 545.2535379675963, "log10_alpha": -1.253690996014964, "log10_colsample_bytree": -0.03370956637734357, "log10_eta": -3.602375607316867, "log10_lambda": -3.256510303317109, "log10_min_child_weight": 0.03860214122214711, "log10_subsample": -0.1454271415448377, "max_depth": 9.0, "num_boost_round": 10.0}, "datetime": {"datetime": "2024-01-19 00:57:59", "elapsed": 2732.228775, "delta": 0.003216}}
{"target": -13.758520511017112, "params": {"gamma": 545.2535379675963, "log10_alpha": -1.253690996014964, "log10_colsample_bytree": -0.03370956637734357, "log10_eta": -3.602375607316867, "log10_lambda": -3.256510303317109, "log10_min_child_weight": 0.03860214122214711, "log10_subsample": -0.1454271415448377, "max_depth": 9.0, "num_boost_round": 11.0}, "datetime": {"datetime": "2024-01-19 00:57:59", "elapsed": 2732.232072, "delta": 0.003297}}
{"target": -13.75852570528788, "params": {"gamma": 545.2535379675963, "log10_alpha": -1.253690996014964, "log10_colsample_bytree": -0.03370956637734357, "log10_eta": -3.602375607316867, "log10_lambda": -3.256510303317109, "log10_min_child_weight": 0.03860214122214711, "log10_subsample": -0.1454271415448377, "max_depth": 9.0, "num_boost_round": 12.0}, "datetime": {"datetime": "2024-01-19 00:57:59", "elapsed": 2732.235396, "delta": 0.003324}}
{"target": -13.75852354186965, "params": {"gamma": 545.2535379675963, "log10_alpha": -1.253690996014964, "log10_colsample_bytree": -0.03370956637734357, "log10_eta": -3.602375607316867, "log10_lambda": -3.256510303317109, "log10_min_child_weight": 0.03860214122214711, "log10_subsample": -0.1454271415448377, "max_depth": 9.0, "num_boost_round": 13.0}, "datetime": {"datetime": "2024-01-19 00:57:59", "elapsed": 2732.238591, "delta": 0.003195}}
{"target": -13.758531647742801, "params": {"gamma": 556.0641633572673, "log10_alpha": -0.669956372044135, "log10_colsample_bytree": -0.7446747166453286, "log10_eta": -3.6701570297343826, "log10_lambda": -4.369048443813417, "log10_min_child_weight": 1.0964307616441276, "log10_subsample": -0.23142289002079952, "max_depth": 4.0, "num_boost_round": 0.0}, "datetime": {"datetime": "2024-01-19 00:58:43", "elapsed": 2776.089117, "delta": 43.850526}}
{"target": -13.758528805365625, "params": {"gamma": 556.0641633572673, "log10_alpha": -0.669956372044135, "log10_colsample_bytree": -0.7446747166453286, "log10_eta": -3.6701570297343826, "log10_lambda": -4.369048443813417, "log10_min_child_weight": 1.0964307616441276, "log10_subsample": -0.23142289002079952, "max_depth": 4.0, "num_boost_round": 1.0}, "datetime": {"datetime": "2024-01-19 00:58:43", "elapsed": 2776.093302, "delta": 0.004185}}
{"target": -13.758528037581538, "params": {"gamma": 556.0641633572673, "log10_alpha": -0.669956372044135, "log10_colsample_bytree": -0.7446747166453286, "log10_eta": -3.6701570297343826, "log10_lambda": -4.369048443813417, "log10_min_child_weight": 1.0964307616441276, "log10_subsample": -0.23142289002079952, "max_depth": 4.0, "num_boost_round": 2.0}, "datetime": {"datetime": "2024-01-19 00:58:43", "elapsed": 2776.097084, "delta": 0.003782}}
{"target": -13.758520895866994, "params": {"gamma": 556.0641633572673, "log10_alpha": -0.669956372044135, "log10_colsample_bytree": -0.7446747166453286, "log10_eta": -3.6701570297343826, "log10_lambda": -4.369048443813417, "log10_min_child_weight": 1.0964307616441276, "log10_subsample": -0.23142289002079952, "max_depth": 4.0, "num_boost_round": 3.0}, "datetime": {"datetime": "2024-01-19 00:58:43", "elapsed": 2776.100329, "delta": 0.003245}}
{"target": -13.758520833983944, "params": {"gamma": 556.0641633572673, "log10_alpha": -0.669956372044135, "log10_colsample_bytree": -0.7446747166453286, "log10_eta": -3.6701570297343826, "log10_lambda": -4.369048443813417, "log10_min_child_weight": 1.0964307616441276, "log10_subsample": -0.23142289002079952, "max_depth": 4.0, "num_boost_round": 4.0}, "datetime": {"datetime": "2024-01-19 00:58:43", "elapsed": 2776.103587, "delta": 0.003258}}
{"target": -13.758514000400634, "params": {"gamma": 556.0641633572673, "log10_alpha": -0.669956372044135, "log10_colsample_bytree": -0.7446747166453286, "log10_eta": -3.6701570297343826, "log10_lambda": -4.369048443813417, "log10_min_child_weight": 1.0964307616441276, "log10_subsample": -0.23142289002079952, "max_depth": 4.0, "num_boost_round": 5.0}, "datetime": {"datetime": "2024-01-19 00:58:43", "elapsed": 2776.106805, "delta": 0.003218}}
{"target": -13.758509579053364, "params": {"gamma": 556.0641633572673, "log10_alpha": -0.669956372044135, "log10_colsample_bytree": -0.7446747166453286, "log10_eta": -3.6701570297343826, "log10_lambda": -4.369048443813417, "log10_min_child_weight": 1.0964307616441276, "log10_subsample": -0.23142289002079952, "max_depth": 4.0, "num_boost_round": 6.0}, "datetime": {"datetime": "2024-01-19 00:58:43", "elapsed": 2776.110061, "delta": 0.003256}}
{"target": -13.758503174553075, "params": {"gamma": 556.0641633572673, "log10_alpha": -0.669956372044135, "log10_colsample_bytree": -0.7446747166453286, "log10_eta": -3.6701570297343826, "log10_lambda": -4.369048443813417, "log10_min_child_weight": 1.0964307616441276, "log10_subsample": -0.23142289002079952, "max_depth": 4.0, "num_boost_round": 7.0}, "datetime": {"datetime": "2024-01-19 00:58:43", "elapsed": 2776.113512, "delta": 0.003451}}
{"target": -13.758502227294873, "params": {"gamma": 556.0641633572673, "log10_alpha": -0.669956372044135, "log10_colsample_bytree": -0.7446747166453286, "log10_eta": -3.6701570297343826, "log10_lambda": -4.369048443813417, "log10_min_child_weight": 1.0964307616441276, "log10_subsample": -0.23142289002079952, "max_depth": 4.0, "num_boost_round": 8.0}, "datetime": {"datetime": "2024-01-19 00:58:43", "elapsed": 2776.11685, "delta": 0.003338}}
{"target": -13.758502003147376, "params": {"gamma": 556.0641633572673, "log10_alpha": -0.669956372044135, "log10_colsample_bytree": -0.7446747166453286, "log10_eta": -3.6701570297343826, "log10_lambda": -4.369048443813417, "log10_min_child_weight": 1.0964307616441276, "log10_subsample": -0.23142289002079952, "max_depth": 4.0, "num_boost_round": 9.0}, "datetime": {"datetime": "2024-01-19 00:58:43", "elapsed": 2776.120163, "delta": 0.003313}}
{"target": -13.758497287624884, "params": {"gamma": 556.0641633572673, "log10_alpha": -0.669956372044135, "log10_colsample_bytree": -0.7446747166453286, "log10_eta": -3.6701570297343826, "log10_lambda": -4.369048443813417, "log10_min_child_weight": 1.0964307616441276, "log10_subsample": -0.23142289002079952, "max_depth": 4.0, "num_boost_round": 10.0}, "datetime": {"datetime": "2024-01-19 00:58:43", "elapsed": 2776.123518, "delta": 0.003355}}
{"target": -13.758493207049376, "params": {"gamma": 556.0641633572673, "log10_alpha": -0.669956372044135, "log10_colsample_bytree": -0.7446747166453286, "log10_eta": -3.6701570297343826, "log10_lambda": -4.369048443813417, "log10_min_child_weight": 1.0964307616441276, "log10_subsample": -0.23142289002079952, "max_depth": 4.0, "num_boost_round": 11.0}, "datetime": {"datetime": "2024-01-19 00:58:43", "elapsed": 2776.126791, "delta": 0.003273}}
{"target": -13.758492094023723, "params": {"gamma": 556.0641633572673, "log10_alpha": -0.669956372044135, "log10_colsample_bytree": -0.7446747166453286, "log10_eta": -3.6701570297343826, "log10_lambda": -4.369048443813417, "log10_min_child_weight": 1.0964307616441276, "log10_subsample": -0.23142289002079952, "max_depth": 4.0, "num_boost_round": 12.0}, "datetime": {"datetime": "2024-01-19 00:58:43", "elapsed": 2776.130041, "delta": 0.00325}}
{"target": -13.758484588398106, "params": {"gamma": 556.0641633572673, "log10_alpha": -0.669956372044135, "log10_colsample_bytree": -0.7446747166453286, "log10_eta": -3.6701570297343826, "log10_lambda": -4.369048443813417, "log10_min_child_weight": 1.0964307616441276, "log10_subsample": -0.23142289002079952, "max_depth": 4.0, "num_boost_round": 13.0}, "datetime": {"datetime": "2024-01-19 00:58:43", "elapsed": 2776.1334, "delta": 0.003359}}
{"target": -13.758485506930013, "params": {"gamma": 556.0641633572673, "log10_alpha": -0.669956372044135, "log10_colsample_bytree": -0.7446747166453286, "log10_eta": -3.6701570297343826, "log10_lambda": -4.369048443813417, "log10_min_child_weight": 1.0964307616441276, "log10_subsample": -0.23142289002079952, "max_depth": 4.0, "num_boost_round": 14.0}, "datetime": {"datetime": "2024-01-19 00:58:43", "elapsed": 2776.136642, "delta": 0.003242}}
