{"target": -13.758528804358374, "params": {"gamma": 983.1201108453538, "log10_alpha": -1.430678205686542, "log10_colsample_bytree": -1.0, "log10_eta": -4.0, "log10_lambda": 0.09979413209717322, "log10_min_child_weight": 1.898531545999909, "log10_subsample": -0.11677642346628796, "max_depth": 2.0, "num_boost_round": 15.0}, "datetime": {"datetime": "2024-01-19 00:46:11", "elapsed": 2072.223601, "delta": 0.002791}}
{"target": -13.758528217911138, "params": {"gamma": 983.1201108453538, "log10_alpha": -1.430678205686542, "log10_colsample_bytree": -1.0, "log10_eta": -4.0, "log10_lambda": 0.09979413209717322, "log10_min_child_weight": 1.898531545999909, "log10_subsample": -0.11677642346628796, "max_depth": 2.0, "num_boost_round": 16.0}, "datetime": {"datetime": "2024-01-19 00:46:11", "elapsed": 2072.226421, "delta": 0.00282}}
{"target": -13.758527246825167, "params": {"gamma": 983.1201108453538, "log10_alpha": -1.430678205686542, "log10_colsample_bytree": -1.0, "log10_eta": -4.0, "log10_lambda": 0.09979413209717322, "log10_min_child_weight": 1.898531545999909, "log10_subsample": -0.11677642346628796, "max_depth": 2.0, "num_boost_round": 17.0}, "datetime": {"datetime": "2024-01-19 00:46:11", "elapsed": 2072.229261, "delta": 0.00284}}
{"target": -13.758526403189565, "params": {"gamma": 983.1201108453538, "log10_alpha": -1.430678205686542, "log10_colsample_bytree": -1.0, "log10_eta": -4.0, "log10_lambda": 0.09979413209717322, "log10_min_child_weight": 1.898531545999909, "log10_subsample": -0.11677642346628796, "max_depth": 2.0, "num_boost_round": 18.0}, "datetime": {"datetime": "2024-01-19 00:46:11", "elapsed": 2072.232079, "delta": 0.002818}}
{"target": -13.758525580950696, "params": {"gamma": 983.1201108453538, "log10_alpha": -1.430678205686542, "log10_colsample_bytree": -1.0, "log10_eta": -4.0, "log10_lambda": 0.09979413209717322, "log10_min_child_weight": 1.898531545999909, "log10_subsample": -0.11677642346628796, "max_depth": 2.0, "num_boost_round": 19.0}, "datetime": {"datetime": "2024-01-19 00:46:11", "elapsed": 2072.234885, "delta": 0.002806}}
{"target": -13.758525203073356, "params": {"gamma": 983.1201108453538, "log10_alpha": -1.430678205686542, "log10_colsample_bytree": -1.0, "log10_eta": -4.0, "log10_lambda": 0.09979413209717322, "log10_min_child_weight": 1.898531545999909, "log10_subsample": -0.11677642346628796, "max_depth": 2.0, "num_boost_round": 20.0}, "datetime": {"datetime": "2024-01-19 00:46:11", "elapsed": 2072.237727, "delta": 0.002842}}
{"target": -13.758523718363938, "params": {"gamma": 983.1201108453538, "log10_alpha": -1.430678205686542, "log10_colsample_bytree": -1.0, "log10_eta": -4.0, "log10_lambda": 0.09979413209717322, "log10_min_child_weight": 1.898531545999909, "log10_subsample": -0.11677642346628796, "max_depth": 2.0, "num_boost_round": 21.0}, "datetime": {"datetime": "2024-01-19 00:46:11", "elapsed": 2072.240578, "delta": 0.002851}}
{"target": -13.758523132927843, "params": {"gamma": 983.1201108453538, "log10_alpha": -1.430678205686542, "log10_colsample_bytree": -1.0, "log10_eta": -4.0, "log10_lambda": 0.09979413209717322, "log10_min_child_weight": 1.898531545999909, "log10_subsample": -0.11677642346628796, "max_depth": 2.0, "num_boost_round": 22.0}, "datetime": {"datetime": "2024-01-19 00:46:11", "elapsed": 2072.243382, "delta": 0.002804}}
{"target": -13.758521277470697, "params": {"gamma": 983.1201108453538, "log10_alpha": -1.430678205686542, "log10_colsample_bytree": -1.0, "log10_eta": -4.0, "log10_lambda": 0.09979413209717322, "log10_min_child_weight": 1.898531545999909, "log10_subsample": -0.11677642346628796, "max_depth": 2.0, "num_boost_round": 23.0}, "datetime": {"datetime": "2024-01-19 00:46:11", "elapsed": 2072.246235, "delta": 0.002853}}
{"target": -13.758521444976184, "params": {"gamma": 983.1201108453538, "log10_alpha": -1.430678205686542, "log10_colsample_bytree": -1.0, "log10_eta": -4.0, "log10_lambda": 0.09979413209717322, "log10_min_child_weight": 1.898531545999909, "log10_subsample": -0.11677642346628796, "max_depth": 2.0, "num_boost_round": 24.0}, "datetime": {"datetime": "2024-01-19 00:46:11", "elapsed": 2072.249081, "delta": 0.002846}}
{"target": -13.758519848862353, "params": {"gamma": 983.1201108453538, "log10_alpha": -1.430678205686542, "log10_colsample_bytree": -1.0, "log10_eta": -4.0, "log10_lambda": 0.09979413209717322, "log10_min_child_weight": 1.898531545999909, "log10_subsample": -0.11677642346628796, "max_depth": 2.0, "num_boost_round": 25.0}, "datetime": {"datetime": "2024-01-19 00:46:11", "elapsed": 2072.251919, "delta": 0.002838}}
{"target": -13.758519560122751, "params": {"gamma": 983.1201108453538, "log10_alpha": -1.430678205686542, "log10_colsample_bytree": -1.0, "log10_eta": -4.0, "log10_lambda": 0.09979413209717322, "log10_min_child_weight": 1.898531545999909, "log10_subsample": -0.11677642346628796, "max_depth": 2.0, "num_boost_round": 26.0}, "datetime": {"datetime": "2024-01-19 00:46:11", "elapsed": 2072.254731, "delta": 0.002812}}
{"target": -13.758518621436963, "params": {"gamma": 983.1201108453538, "log10_alpha": -1.430678205686542, "log10_colsample_bytree": -1.0, "log10_eta": -4.0, "log10_lambda": 0.09979413209717322, "log10_min_child_weight": 1.898531545999909, "log10_subsample": -0.11677642346628796, "max_depth": 2.0, "num_boost_round": 27.0}, "datetime": {"datetime": "2024-01-19 00:46:11", "elapsed": 2072.257647, "delta": 0.002916}}
{"target": -13.75851847680858, "params": {"gamma": 983.1201108453538, "log10_alpha": -1.430678205686542, "log10_colsample_bytree": -1.0, "log10_eta": -4.0, "log10_lambda": 0.09979413209717322, "log10_min_child_weight": 1.898531545999909, "log10_subsample": -0.11677642346628796, "max_depth": 2.0, "num_boost_round": 28.0}, "datetime": {"datetime": "2024-01-19 00:46:11", "elapsed": 2072.260598, "delta": 0.002951}}
{"target": -13.758518182466647, "params": {"gamma": 983.1201108453538, "log10_alpha": -1.430678205686542, "log10_colsample_bytree": -1.0, "log10_eta": -4.0, "log10_lambda": 0.09979413209717322, "log10_min_child_weight": 1.898531545999909, "log10_subsample": -0.11677642346628796, "max_depth": 2.0, "num_boost_round": 29.0}, "datetime": {"datetime": "2024-01-19 00:46:11", "elapsed": 2072.263401, "delta": 0.002803}}
{"target": -13.75851645981469, "params": {"gamma": 983.1201108453538, "log10_alpha": -1.430678205686542, "log10_colsample_bytree": -1.0, "log10_eta": -4.0, "log10_lambda": 0.09979413209717322, "log10_min_child_weight": 1.898531545999909, "log10_subsample": -0.11677642346628796, "max_depth": 2.0, "num_boost_round": 30.0}, "datetime": {"datetime": "2024-01-19 00:46:11", "elapsed": 2072.266262, "delta": 0.002861}}
{"target": -13.758514561700693, "params": {"gamma": 983.1201108453538, "log10_alpha": -1.430678205686542, "log10_colsample_bytree": -1.0, "log10_eta": -4.0, "log10_lambda": 0.09979413209717322, "log10_min_child_weight": 1.898531545999909, "log10_subsample": -0.11677642346628796, "max_depth": 2.0, "num_boost_round": 31.0}, "datetime": {"datetime": "2024-01-19 00:46:11", "elapsed": 2072.26915, "delta": 0.002888}}
{"target": -13.758514112056105, "params": {"gamma": 983.1201108453538, "log10_alpha": -1.430678205686542, "log10_colsample_bytree": -1.0, "log10_eta": -4.0, "log10_lambda": 0.09979413209717322, "log10_min_child_weight": 1.898531545999909, "log10_subsample": -0.11677642346628796, "max_depth": 2.0, "num_boost_round": 32.0}, "datetime": {"datetime": "2024-01-19 00:46:11", "elapsed": 2072.271962, "delta": 0.002812}}
{"target": -13.758513587515043, "params": {"gamma": 983.1201108453538, "log10_alpha": -1.430678205686542, "log10_colsample_bytree": -1.0, "log10_eta": -4.0, "log10_lambda": 0.09979413209717322, "log10_min_child_weight": 1.898531545999909, "log10_subsample": -0.11677642346628796, "max_depth": 2.0, "num_boost_round": 33.0}, "datetime": {"datetime": "2024-01-19 00:46:11", "elapsed": 2072.274798, "delta": 0.002836}}
{"target": -13.758512293554432, "params": {"gamma": 983.1201108453538, "log10_alpha": -1.430678205686542, "log10_colsample_bytree": -1.0, "log10_eta": -4.0, "log10_lambda": 0.09979413209717322, "log10_min_child_weight": 1.898531545999909, "log10_subsample": -0.11677642346628796, "max_depth": 2.0, "num_boost_round": 34.0}, "datetime": {"datetime": "2024-01-19 00:46:11", "elapsed": 2072.277669, "delta": 0.002871}}
{"target": -13.758511685278643, "params": {"gamma": 983.1201108453538, "log10_alpha": -1.430678205686542, "log10_colsample_bytree": -1.0, "log10_eta": -4.0, "log10_lambda": 0.09979413209717322, "log10_min_child_weight": 1.898531545999909, "log10_subsample": -0.11677642346628796, "max_depth": 2.0, "num_boost_round": 35.0}, "datetime": {"datetime": "2024-01-19 00:46:11", "elapsed": 2072.280491, "delta": 0.002822}}
{"target": -13.758511371170643, "params": {"gamma": 983.1201108453538, "log10_alpha": -1.430678205686542, "log10_colsample_bytree": -1.0, "log10_eta": -4.0, "log10_lambda": 0.09979413209717322, "log10_min_child_weight": 1.898531545999909, "log10_subsample": -0.11677642346628796, "max_depth": 2.0, "num_boost_round": 36.0}, "datetime": {"datetime": "2024-01-19 00:46:11", "elapsed": 2072.28331, "delta": 0.002819}}
{"target": -13.75851138262593, "params": {"gamma": 983.1201108453538, "log10_alpha": -1.430678205686542, "log10_colsample_bytree": -1.0, "log10_eta": -4.0, "log10_lambda": 0.09979413209717322, "log10_min_child_weight": 1.898531545999909, "log10_subsample": -0.11677642346628796, "max_depth": 2.0, "num_boost_round": 37.0}, "datetime": {"datetime": "2024-01-19 00:46:11", "elapsed": 2072.286152, "delta": 0.002842}}
{"target": -13.758511012079042, "params": {"gamma": 983.1201108453538, "log10_alpha": -1.430678205686542, "log10_colsample_bytree": -1.0, "log10_eta": -4.0, "log10_lambda": 0.09979413209717322, "log10_min_child_weight": 1.898531545999909, "log10_subsample": -0.11677642346628796, "max_depth": 2.0, "num_boost_round": 38.0}, "datetime": {"datetime": "2024-01-19 00:46:11", "elapsed": 2072.289042, "delta": 0.00289}}
{"target": -13.75851049908426, "params": {"gamma": 983.1201108453538, "log10_alpha": -1.430678205686542, "log10_colsample_bytree": -1.0, "log10_eta": -4.0, "log10_lambda": 0.09979413209717322, "log10_min_child_weight": 1.898531545999909, "log10_subsample": -0.11677642346628796, "max_depth": 2.0, "num_boost_round": 39.0}, "datetime": {"datetime": "2024-01-19 00:46:11", "elapsed": 2072.291867, "delta": 0.002825}}
{"target": -13.758535369613341, "params": {"gamma": 953.5969716424746, "log10_alpha": -4.43237581335981, "log10_colsample_bytree": -0.8501275766507035, "log10_eta": -3.6760789907228837, "log10_lambda": -3.755784478787972, "log10_min_child_weight": 3.5327380496328713, "log10_subsample": -0.017905463434600644, "max_depth": 2.0, "num_boost_round": 0.0}, "datetime": {"datetime": "2024-01-19 00:46:44", "elapsed": 2105.808348, "delta": 33.516481}}
{"target": -13.75853299319082, "params": {"gamma": 953.5969716424746, "log10_alpha": -4.43237581335981, "log10_colsample_bytree": -0.8501275766507035, "log10_eta": -3.6760789907228837, "log10_lambda": -3.755784478787972, "log10_min_child_weight": 3.5327380496328713, "log10_subsample": -0.017905463434600644, "max_depth": 2.0, "num_boost_round": 1.0}, "datetime": {"datetime": "2024-01-19 00:46:44", "elapsed": 2105.811797, "delta": 0.003449}}
{"target": -13.75853283277928, "params": {"gamma": 953.5969716424746, "log10_alpha": -4.43237581335981, "log10_colsample_bytree": -0.8501275766507035, "log10_eta": -3.6760789907228837, "log10_lambda": -3.755784478787972, "log10_min_child_weight": 3.5327380496328713, "log10_subsample": -0.017905463434600644, "max_depth": 2.0, "num_boost_round": 2.0}, "datetime": {"datetime": "2024-01-19 00:46:44", "elapsed": 2105.814816, "delta": 0.003019}}
{"target": -13.75853267303902, "params": {"gamma": 953.5969716424746, "log10_alpha": -4.43237581335981, "log10_colsample_bytree": -0.8501275766507035, "log10_eta": -3.6760789907228837, "log10_lambda": -3.755784478787972, "log10_min_child_weight": 3.5327380496328713, "log10_subsample": -0.017905463434600644, "max_depth": 2.0, "num_boost_round": 3.0}, "datetime": {"datetime": "2024-01-19 00:46:44", "elapsed": 2105.817625, "delta": 0.002809}}
{"target": -13.758531116150111, "params": {"gamma": 953.5969716424746, "log10_alpha": -4.43237581335981, "log10_colsample_bytree": -0.8501275766507035, "log10_eta": -3.6760789907228837, "log10_lambda": -3.755784478787972, "log10_min_child_weight": 3.5327380496328713, "log10_subsample": -0.017905463434600644, "max_depth": 2.0, "num_boost_round": 4.0}, "datetime": {"datetime": "2024-01-19 00:46:44", "elapsed": 2105.820437, "delta": 0.002812}}
{"target": -13.75852946459924, "params": {"gamma": 953.5969716424746, "log10_alpha": -4.43237581335981, "log10_colsample_bytree": -0.8501275766507035, "log10_eta": -3.6760789907228837, "log10_lambda": -3.755784478787972, "log10_min_child_weight": 3.5327380496328713, "log10_subsample": -0.017905463434600644, "max_depth": 2.0, "num_boost_round": 5.0}, "datetime": {"datetime": "2024-01-19 00:46:44", "elapsed": 2105.823244, "delta": 0.002807}}
{"target": -13.758530411870321, "params": {"gamma": 953.5969716424746, "log10_alpha": -4.43237581335981, "log10_colsample_bytree": -0.8501275766507035, "log10_eta": -3.6760789907228837, "log10_lambda": -3.755784478787972, "log10_min_child_weight": 3.5327380496328713, "log10_subsample": -0.017905463434600644, "max_depth": 2.0, "num_boost_round": 6.0}, "datetime": {"datetime": "2024-01-19 00:46:44", "elapsed": 2105.826054, "delta": 0.00281}}
{"target": -13.758527553975318, "params": {"gamma": 953.5969716424746, "log10_alpha": -4.43237581335981, "log10_colsample_bytree": -0.8501275766507035, "log10_eta": -3.6760789907228837, "log10_lambda": -3.755784478787972, "log10_min_child_weight": 3.5327380496328713, "log10_subsample": -0.017905463434600644, "max_depth": 2.0, "num_boost_round": 7.0}, "datetime": {"datetime": "2024-01-19 00:46:44", "elapsed": 2105.828901, "delta": 0.002847}}
{"target": -13.75852934618244, "params": {"gamma": 953.5969716424746, "log10_alpha": -4.43237581335981, "log10_colsample_bytree": -0.8501275766507035, "log10_eta": -3.6760789907228837, "log10_lambda": -3.755784478787972, "log10_min_child_weight": 3.5327380496328713, "log10_subsample": -0.017905463434600644, "max_depth": 2.0, "num_boost_round": 8.0}, "datetime": {"datetime": "2024-01-19 00:46:44", "elapsed": 2105.831761, "delta": 0.00286}}
{"target": -13.75852737020341, "params": {"gamma": 953.5969716424746, "log10_alpha": -4.43237581335981, "log10_colsample_bytree": -0.8501275766507035, "log10_eta": -3.6760789907228837, "log10_lambda": -3.755784478787972, "log10_min_child_weight": 3.5327380496328713, "log10_subsample": -0.017905463434600644, "max_depth": 2.0, "num_boost_round": 9.0}, "datetime": {"datetime": "2024-01-19 00:46:44", "elapsed": 2105.834637, "delta": 0.002876}}
{"target": -13.758525917312705, "params": {"gamma": 953.5969716424746, "log10_alpha": -4.43237581335981, "log10_colsample_bytree": -0.8501275766507035, "log10_eta": -3.6760789907228837, "log10_lambda": -3.755784478787972, "log10_min_child_weight": 3.5327380496328713, "log10_subsample": -0.017905463434600644, "max_depth": 2.0, "num_boost_round": 10.0}, "datetime": {"datetime": "2024-01-19 00:46:44", "elapsed": 2105.837466, "delta": 0.002829}}
{"target": -13.758523726347129, "params": {"gamma": 953.5969716424746, "log10_alpha": -4.43237581335981, "log10_colsample_bytree": -0.8501275766507035, "log10_eta": -3.6760789907228837, "log10_lambda": -3.755784478787972, "log10_min_child_weight": 3.5327380496328713, "log10_subsample": -0.017905463434600644, "max_depth": 2.0, "num_boost_round": 11.0}, "datetime": {"datetime": "2024-01-19 00:46:44", "elapsed": 2105.840297, "delta": 0.002831}}
{"target": -13.758522495675669, "params": {"gamma": 953.5969716424746, "log10_alpha": -4.43237581335981, "log10_colsample_bytree": -0.8501275766507035, "log10_eta": -3.6760789907228837, "log10_lambda": -3.755784478787972, "log10_min_child_weight": 3.5327380496328713, "log10_subsample": -0.017905463434600644, "max_depth": 2.0, "num_boost_round": 12.0}, "datetime": {"datetime": "2024-01-19 00:46:44", "elapsed": 2105.843157, "delta": 0.00286}}
{"target": -13.758518282160408, "params": {"gamma": 953.5969716424746, "log10_alpha": -4.43237581335981, "log10_colsample_bytree": -0.8501275766507035, "log10_eta": -3.6760789907228837, "log10_lambda": -3.755784478787972, "log10_min_child_weight": 3.5327380496328713, "log10_subsample": -0.017905463434600644, "max_depth": 2.0, "num_boost_round": 13.0}, "datetime": {"datetime": "2024-01-19 00:46:44", "elapsed": 2105.845999, "delta": 0.002842}}
{"target": -13.75851728179676, "params": {"gamma": 953.5969716424746, "log10_alpha": -4.43237581335981, "log10_colsample_bytree": -0.8501275766507035, "log10_eta": -3.6760789907228837, "log10_lambda": -3.755784478787972, "log10_min_child_weight": 3.5327380496328713, "log10_subsample": -0.017905463434600644, "max_depth": 2.0, "num_boost_round": 14.0}, "datetime": {"datetime": "2024-01-19 00:46:44", "elapsed": 2105.848856, "delta": 0.002857}}
{"target": -13.758513139858088, "params": {"gamma": 953.5969716424746, "log10_alpha": -4.43237581335981, "log10_colsample_bytree": -0.8501275766507035, "log10_eta": -3.6760789907228837, "log10_lambda": -3.755784478787972, "log10_min_child_weight": 3.5327380496328713, "log10_subsample": -0.017905463434600644, "max_depth": 2.0, "num_boost_round": 15.0}, "datetime": {"datetime": "2024-01-19 00:46:44", "elapsed": 2105.8517, "delta": 0.002844}}
{"target": -13.75851239215616, "params": {"gamma": 953.5969716424746, "log10_alpha": -4.43237581335981, "log10_colsample_bytree": -0.8501275766507035, "log10_eta": -3.6760789907228837, "log10_lambda": -3.755784478787972, "log10_min_child_weight": 3.5327380496328713, "log10_subsample": -0.017905463434600644, "max_depth": 2.0, "num_boost_round": 16.0}, "datetime": {"datetime": "2024-01-19 00:46:44", "elapsed": 2105.854534, "delta": 0.002834}}
{"target": -13.758510393318527, "params": {"gamma": 953.5969716424746, "log10_alpha": -4.43237581335981, "log10_colsample_bytree": -0.8501275766507035, "log10_eta": -3.6760789907228837, "log10_lambda": -3.755784478787972, "log10_min_child_weight": 3.5327380496328713, "log10_subsample": -0.017905463434600644, "max_depth": 2.0, "num_boost_round": 17.0}, "datetime": {"datetime": "2024-01-19 00:46:44", "elapsed": 2105.857369, "delta": 0.002835}}
{"target": -13.75850869605961, "params": {"gamma": 953.5969716424746, "log10_alpha": -4.43237581335981, "log10_colsample_bytree": -0.8501275766507035, "log10_eta": -3.6760789907228837, "log10_lambda": -3.755784478787972, "log10_min_child_weight": 3.5327380496328713, "log10_subsample": -0.017905463434600644, "max_depth": 2.0, "num_boost_round": 18.0}, "datetime": {"datetime": "2024-01-19 00:46:44", "elapsed": 2105.860235, "delta": 0.002866}}
{"target": -13.758507208118692, "params": {"gamma": 953.5969716424746, "log10_alpha": -4.43237581335981, "log10_colsample_bytree": -0.8501275766507035, "log10_eta": -3.6760789907228837, "log10_lambda": -3.755784478787972, "log10_min_child_weight": 3.5327380496328713, "log10_subsample": -0.017905463434600644, "max_depth": 2.0, "num_boost_round": 19.0}, "datetime": {"datetime": "2024-01-19 00:46:44", "elapsed": 2105.863081, "delta": 0.002846}}
{"target": -13.758505612135517, "params": {"gamma": 953.5969716424746, "log10_alpha": -4.43237581335981, "log10_colsample_bytree": -0.8501275766507035, "log10_eta": -3.6760789907228837, "log10_lambda": -3.755784478787972, "log10_min_child_weight": 3.5327380496328713, "log10_subsample": -0.017905463434600644, "max_depth": 2.0, "num_boost_round": 20.0}, "datetime": {"datetime": "2024-01-19 00:46:44", "elapsed": 2105.86591, "delta": 0.002829}}
{"target": -13.758502817655762, "params": {"gamma": 953.5969716424746, "log10_alpha": -4.43237581335981, "log10_colsample_bytree": -0.8501275766507035, "log10_eta": -3.6760789907228837, "log10_lambda": -3.755784478787972, "log10_min_child_weight": 3.5327380496328713, "log10_subsample": -0.017905463434600644, "max_depth": 2.0, "num_boost_round": 21.0}, "datetime": {"datetime": "2024-01-19 00:46:44", "elapsed": 2105.86881, "delta": 0.0029}}
{"target": -13.758503449680594, "params": {"gamma": 953.5969716424746, "log10_alpha": -4.43237581335981, "log10_colsample_bytree": -0.8501275766507035, "log10_eta": -3.6760789907228837, "log10_lambda": -3.755784478787972, "log10_min_child_weight": 3.5327380496328713, "log10_subsample": -0.017905463434600644, "max_depth": 2.0, "num_boost_round": 22.0}, "datetime": {"datetime": "2024-01-19 00:46:44", "elapsed": 2105.871635, "delta": 0.002825}}
{"target": -13.758499958621039, "params": {"gamma": 953.5969716424746, "log10_alpha": -4.43237581335981, "log10_colsample_bytree": -0.8501275766507035, "log10_eta": -3.6760789907228837, "log10_lambda": -3.755784478787972, "log10_min_child_weight": 3.5327380496328713, "log10_subsample": -0.017905463434600644, "max_depth": 2.0, "num_boost_round": 23.0}, "datetime": {"datetime": "2024-01-19 00:46:44", "elapsed": 2105.874486, "delta": 0.002851}}
{"target": -13.758499773723232, "params": {"gamma": 953.5969716424746, "log10_alpha": -4.43237581335981, "log10_colsample_bytree": -0.8501275766507035, "log10_eta": -3.6760789907228837, "log10_lambda": -3.755784478787972, "log10_min_child_weight": 3.5327380496328713, "log10_subsample": -0.017905463434600644, "max_depth": 2.0, "num_boost_round": 24.0}, "datetime": {"datetime": "2024-01-19 00:46:44", "elapsed": 2105.877329, "delta": 0.002843}}
{"target": -13.758496615611724, "params": {"gamma": 953.5969716424746, "log10_alpha": -4.43237581335981, "log10_colsample_bytree": -0.8501275766507035, "log10_eta": -3.6760789907228837, "log10_lambda": -3.755784478787972, "log10_min_child_weight": 3.5327380496328713, "log10_subsample": -0.017905463434600644, "max_depth": 2.0, "num_boost_round": 25.0}, "datetime": {"datetime": "2024-01-19 00:46:44", "elapsed": 2105.880324, "delta": 0.002995}}
