{"target": -17.676394386079775, "params": {"gamma": 647.9133488502399, "log10_alpha": -2.2676220991791736, "log10_colsample_bytree": -0.7477358611981084, "log10_eta": -1.5678082779341405, "log10_lambda": -1.246046423918274, "log10_min_child_weight": 3.0514992196020496, "log10_subsample": -0.5191596134140117, "max_depth": 2.0, "num_boost_round": 0.0}, "datetime": {"datetime": "2024-01-19 01:21:29", "elapsed": 4186.945494, "delta": 41.717156}}
{"target": -17.676102818979786, "params": {"gamma": 647.9133488502399, "log10_alpha": -2.2676220991791736, "log10_colsample_bytree": -0.7477358611981084, "log10_eta": -1.5678082779341405, "log10_lambda": -1.246046423918274, "log10_min_child_weight": 3.0514992196020496, "log10_subsample": -0.5191596134140117, "max_depth": 2.0, "num_boost_round": 1.0}, "datetime": {"datetime": "2024-01-19 01:21:29", "elapsed": 4186.951133, "delta": 0.005639}}
{"target": -17.675400233479976, "params": {"gamma": 647.9133488502399, "log10_alpha": -2.2676220991791736, "log10_colsample_bytree": -0.7477358611981084, "log10_eta": -1.5678082779341405, "log10_lambda": -1.246046423918274, "log10_min_child_weight": 3.0514992196020496, "log10_subsample": -0.5191596134140117, "max_depth": 2.0, "num_boost_round": 2.0}, "datetime": {"datetime": "2024-01-19 01:21:29", "elapsed": 4186.9555, "delta": 0.004367}}
{"target": -17.675300174922913, "params": {"gamma": 647.9133488502399, "log10_alpha": -2.2676220991791736, "log10_colsample_bytree": -0.7477358611981084, "log10_eta": -1.5678082779341405, "log10_lambda": -1.246046423918274, "log10_min_child_weight": 3.0514992196020496, "log10_subsample": -0.5191596134140117, "max_depth": 2.0, "num_boost_round": 3.0}, "datetime": {"datetime": "2024-01-19 01:21:29", "elapsed": 4186.959597, "delta": 0.004097}}
{"target": -17.674954338523236, "params": {"gamma": 647.9133488502399, "log10_alpha": -2.2676220991791736, "log10_colsample_bytree": -0.7477358611981084, "log10_eta": -1.5678082779341405, "log10_lambda": -1.246046423918274, "log10_min_child_weight": 3.0514992196020496, "log10_subsample": -0.5191596134140117, "max_depth": 2.0, "num_boost_round": 4.0}, "datetime": {"datetime": "2024-01-19 01:21:29", "elapsed": 4186.963673, "delta": 0.004076}}
{"target": -17.674860888309873, "params": {"gamma": 647.9133488502399, "log10_alpha": -2.2676220991791736, "log10_colsample_bytree": -0.7477358611981084, "log10_eta": -1.5678082779341405, "log10_lambda": -1.246046423918274, "log10_min_child_weight": 3.0514992196020496, "log10_subsample": -0.5191596134140117, "max_depth": 2.0, "num_boost_round": 5.0}, "datetime": {"datetime": "2024-01-19 01:21:29", "elapsed": 4186.967732, "delta": 0.004059}}
{"target": -17.674192005752623, "params": {"gamma": 647.9133488502399, "log10_alpha": -2.2676220991791736, "log10_colsample_bytree": -0.7477358611981084, "log10_eta": -1.5678082779341405, "log10_lambda": -1.246046423918274, "log10_min_child_weight": 3.0514992196020496, "log10_subsample": -0.5191596134140117, "max_depth": 2.0, "num_boost_round": 6.0}, "datetime": {"datetime": "2024-01-19 01:21:29", "elapsed": 4186.971843, "delta": 0.004111}}
{"target": -17.673549387150526, "params": {"gamma": 647.9133488502399, "log10_alpha": -2.2676220991791736, "log10_colsample_bytree": -0.7477358611981084, "log10_eta": -1.5678082779341405, "log10_lambda": -1.246046423918274, "log10_min_child_weight": 3.0514992196020496, "log10_subsample": -0.5191596134140117, "max_depth": 2.0, "num_boost_round": 7.0}, "datetime": {"datetime": "2024-01-19 01:21:29", "elapsed": 4186.975838, "delta": 0.003995}}
{"target": -17.673856169106823, "params": {"gamma": 647.9133488502399, "log10_alpha": -2.2676220991791736, "log10_colsample_bytree": -0.7477358611981084, "log10_eta": -1.5678082779341405, "log10_lambda": -1.246046423918274, "log10_min_child_weight": 3.0514992196020496, "log10_subsample": -0.5191596134140117, "max_depth": 2.0, "num_boost_round": 8.0}, "datetime": {"datetime": "2024-01-19 01:21:29", "elapsed": 4186.979978, "delta": 0.00414}}
{"target": -17.67307427631549, "params": {"gamma": 647.9133488502399, "log10_alpha": -2.2676220991791736, "log10_colsample_bytree": -0.7477358611981084, "log10_eta": -1.5678082779341405, "log10_lambda": -1.246046423918274, "log10_min_child_weight": 3.0514992196020496, "log10_subsample": -0.5191596134140117, "max_depth": 2.0, "num_boost_round": 9.0}, "datetime": {"datetime": "2024-01-19 01:21:29", "elapsed": 4186.984119, "delta": 0.004141}}
{"target": -17.672600921231894, "params": {"gamma": 647.9133488502399, "log10_alpha": -2.2676220991791736, "log10_colsample_bytree": -0.7477358611981084, "log10_eta": -1.5678082779341405, "log10_lambda": -1.246046423918274, "log10_min_child_weight": 3.0514992196020496, "log10_subsample": -0.5191596134140117, "max_depth": 2.0, "num_boost_round": 10.0}, "datetime": {"datetime": "2024-01-19 01:21:29", "elapsed": 4186.988132, "delta": 0.004013}}
{"target": -17.67203638374218, "params": {"gamma": 647.9133488502399, "log10_alpha": -2.2676220991791736, "log10_colsample_bytree": -0.7477358611981084, "log10_eta": -1.5678082779341405, "log10_lambda": -1.246046423918274, "log10_min_child_weight": 3.0514992196020496, "log10_subsample": -0.5191596134140117, "max_depth": 2.0, "num_boost_round": 11.0}, "datetime": {"datetime": "2024-01-19 01:21:29", "elapsed": 4186.992261, "delta": 0.004129}}
{"target": -17.671809156768276, "params": {"gamma": 647.9133488502399, "log10_alpha": -2.2676220991791736, "log10_colsample_bytree": -0.7477358611981084, "log10_eta": -1.5678082779341405, "log10_lambda": -1.246046423918274, "log10_min_child_weight": 3.0514992196020496, "log10_subsample": -0.5191596134140117, "max_depth": 2.0, "num_boost_round": 12.0}, "datetime": {"datetime": "2024-01-19 01:21:29", "elapsed": 4186.996316, "delta": 0.004055}}
{"target": -17.671411278741612, "params": {"gamma": 647.9133488502399, "log10_alpha": -2.2676220991791736, "log10_colsample_bytree": -0.7477358611981084, "log10_eta": -1.5678082779341405, "log10_lambda": -1.246046423918274, "log10_min_child_weight": 3.0514992196020496, "log10_subsample": -0.5191596134140117, "max_depth": 2.0, "num_boost_round": 13.0}, "datetime": {"datetime": "2024-01-19 01:21:29", "elapsed": 4187.000351, "delta": 0.004035}}
{"target": -17.67128621333801, "params": {"gamma": 647.9133488502399, "log10_alpha": -2.2676220991791736, "log10_colsample_bytree": -0.7477358611981084, "log10_eta": -1.5678082779341405, "log10_lambda": -1.246046423918274, "log10_min_child_weight": 3.0514992196020496, "log10_subsample": -0.5191596134140117, "max_depth": 2.0, "num_boost_round": 14.0}, "datetime": {"datetime": "2024-01-19 01:21:29", "elapsed": 4187.004375, "delta": 0.004024}}
{"target": -17.67119321829689, "params": {"gamma": 647.9133488502399, "log10_alpha": -2.2676220991791736, "log10_colsample_bytree": -0.7477358611981084, "log10_eta": -1.5678082779341405, "log10_lambda": -1.246046423918274, "log10_min_child_weight": 3.0514992196020496, "log10_subsample": -0.5191596134140117, "max_depth": 2.0, "num_boost_round": 15.0}, "datetime": {"datetime": "2024-01-19 01:21:29", "elapsed": 4187.008525, "delta": 0.00415}}
{"target": -17.6713600912203, "params": {"gamma": 647.9133488502399, "log10_alpha": -2.2676220991791736, "log10_colsample_bytree": -0.7477358611981084, "log10_eta": -1.5678082779341405, "log10_lambda": -1.246046423918274, "log10_min_child_weight": 3.0514992196020496, "log10_subsample": -0.5191596134140117, "max_depth": 2.0, "num_boost_round": 16.0}, "datetime": {"datetime": "2024-01-19 01:21:29", "elapsed": 4187.01257, "delta": 0.004045}}
{"target": -17.67138055545541, "params": {"gamma": 647.9133488502399, "log10_alpha": -2.2676220991791736, "log10_colsample_bytree": -0.7477358611981084, "log10_eta": -1.5678082779341405, "log10_lambda": -1.246046423918274, "log10_min_child_weight": 3.0514992196020496, "log10_subsample": -0.5191596134140117, "max_depth": 2.0, "num_boost_round": 17.0}, "datetime": {"datetime": "2024-01-19 01:21:29", "elapsed": 4187.016625, "delta": 0.004055}}
{"target": -17.670929302677447, "params": {"gamma": 647.9133488502399, "log10_alpha": -2.2676220991791736, "log10_colsample_bytree": -0.7477358611981084, "log10_eta": -1.5678082779341405, "log10_lambda": -1.246046423918274, "log10_min_child_weight": 3.0514992196020496, "log10_subsample": -0.5191596134140117, "max_depth": 2.0, "num_boost_round": 18.0}, "datetime": {"datetime": "2024-01-19 01:21:29", "elapsed": 4187.020744, "delta": 0.004119}}
{"target": -17.670913062735952, "params": {"gamma": 647.9133488502399, "log10_alpha": -2.2676220991791736, "log10_colsample_bytree": -0.7477358611981084, "log10_eta": -1.5678082779341405, "log10_lambda": -1.246046423918274, "log10_min_child_weight": 3.0514992196020496, "log10_subsample": -0.5191596134140117, "max_depth": 2.0, "num_boost_round": 19.0}, "datetime": {"datetime": "2024-01-19 01:21:29", "elapsed": 4187.024777, "delta": 0.004033}}
{"target": -17.6772386659134, "params": {"gamma": 644.3554951657388, "log10_alpha": 0.8041362691343128, "log10_colsample_bytree": -0.21623327025324868, "log10_eta": -1.5248836773519838, "log10_lambda": 0.5448339231148562, "log10_min_child_weight": 4.916275223902805, "log10_subsample": -0.8335210171163765, "max_depth": 2.0, "num_boost_round": 0.0}, "datetime": {"datetime": "2024-01-19 01:22:14", "elapsed": 4231.755839, "delta": 44.731062}}
{"target": -17.677260189956858, "params": {"gamma": 644.3554951657388, "log10_alpha": 0.8041362691343128, "log10_colsample_bytree": -0.21623327025324868, "log10_eta": -1.5248836773519838, "log10_lambda": 0.5448339231148562, "log10_min_child_weight": 4.916275223902805, "log10_subsample": -0.8335210171163765, "max_depth": 2.0, "num_boost_round": 1.0}, "datetime": {"datetime": "2024-01-19 01:22:14", "elapsed": 4231.760963, "delta": 0.005124}}
{"target": -17.677331266334193, "params": {"gamma": 644.3554951657388, "log10_alpha": 0.8041362691343128, "log10_colsample_bytree": -0.21623327025324868, "log10_eta": -1.5248836773519838, "log10_lambda": 0.5448339231148562, "log10_min_child_weight": 4.916275223902805, "log10_subsample": -0.8335210171163765, "max_depth": 2.0, "num_boost_round": 2.0}, "datetime": {"datetime": "2024-01-19 01:22:14", "elapsed": 4231.765119, "delta": 0.004156}}
{"target": -17.677347532129257, "params": {"gamma": 644.3554951657388, "log10_alpha": 0.8041362691343128, "log10_colsample_bytree": -0.21623327025324868, "log10_eta": -1.5248836773519838, "log10_lambda": 0.5448339231148562, "log10_min_child_weight": 4.916275223902805, "log10_subsample": -0.8335210171163765, "max_depth": 2.0, "num_boost_round": 3.0}, "datetime": {"datetime": "2024-01-19 01:22:14", "elapsed": 4231.769255, "delta": 0.004136}}
{"target": -17.677437005218025, "params": {"gamma": 644.3554951657388, "log10_alpha": 0.8041362691343128, "log10_colsample_bytree": -0.21623327025324868, "log10_eta": -1.5248836773519838, "log10_lambda": 0.5448339231148562, "log10_min_child_weight": 4.916275223902805, "log10_subsample": -0.8335210171163765, "max_depth": 2.0, "num_boost_round": 4.0}, "datetime": {"datetime": "2024-01-19 01:22:14", "elapsed": 4231.773341, "delta": 0.004086}}
{"target": -17.677346664123398, "params": {"gamma": 644.3554951657388, "log10_alpha": 0.8041362691343128, "log10_colsample_bytree": -0.21623327025324868, "log10_eta": -1.5248836773519838, "log10_lambda": 0.5448339231148562, "log10_min_child_weight": 4.916275223902805, "log10_subsample": -0.8335210171163765, "max_depth": 2.0, "num_boost_round": 5.0}, "datetime": {"datetime": "2024-01-19 01:22:14", "elapsed": 4231.777392, "delta": 0.004051}}
{"target": -17.67739075701664, "params": {"gamma": 644.3554951657388, "log10_alpha": 0.8041362691343128, "log10_colsample_bytree": -0.21623327025324868, "log10_eta": -1.5248836773519838, "log10_lambda": 0.5448339231148562, "log10_min_child_weight": 4.916275223902805, "log10_subsample": -0.8335210171163765, "max_depth": 2.0, "num_boost_round": 6.0}, "datetime": {"datetime": "2024-01-19 01:22:14", "elapsed": 4231.781516, "delta": 0.004124}}
{"target": -17.677383213189877, "params": {"gamma": 644.3554951657388, "log10_alpha": 0.8041362691343128, "log10_colsample_bytree": -0.21623327025324868, "log10_eta": -1.5248836773519838, "log10_lambda": 0.5448339231148562, "log10_min_child_weight": 4.916275223902805, "log10_subsample": -0.8335210171163765, "max_depth": 2.0, "num_boost_round": 7.0}, "datetime": {"datetime": "2024-01-19 01:22:14", "elapsed": 4231.785594, "delta": 0.004078}}
{"target": -17.677058422510765, "params": {"gamma": 644.3554951657388, "log10_alpha": 0.8041362691343128, "log10_colsample_bytree": -0.21623327025324868, "log10_eta": -1.5248836773519838, "log10_lambda": 0.5448339231148562, "log10_min_child_weight": 4.916275223902805, "log10_subsample": -0.8335210171163765, "max_depth": 2.0, "num_boost_round": 8.0}, "datetime": {"datetime": "2024-01-19 01:22:14", "elapsed": 4231.789723, "delta": 0.004129}}
{"target": -17.677130330431677, "params": {"gamma": 644.3554951657388, "log10_alpha": 0.8041362691343128, "log10_colsample_bytree": -0.21623327025324868, "log10_eta": -1.5248836773519838, "log10_lambda": 0.5448339231148562, "log10_min_child_weight": 4.916275223902805, "log10_subsample": -0.8335210171163765, "max_depth": 2.0, "num_boost_round": 9.0}, "datetime": {"datetime": "2024-01-19 01:22:14", "elapsed": 4231.793771, "delta": 0.004048}}
{"target": -17.676817654846516, "params": {"gamma": 644.3554951657388, "log10_alpha": 0.8041362691343128, "log10_colsample_bytree": -0.21623327025324868, "log10_eta": -1.5248836773519838, "log10_lambda": 0.5448339231148562, "log10_min_child_weight": 4.916275223902805, "log10_subsample": -0.8335210171163765, "max_depth": 2.0, "num_boost_round": 10.0}, "datetime": {"datetime": "2024-01-19 01:22:14", "elapsed": 4231.797792, "delta": 0.004021}}
{"target": -17.676769176373057, "params": {"gamma": 644.3554951657388, "log10_alpha": 0.8041362691343128, "log10_colsample_bytree": -0.21623327025324868, "log10_eta": -1.5248836773519838, "log10_lambda": 0.5448339231148562, "log10_min_child_weight": 4.916275223902805, "log10_subsample": -0.8335210171163765, "max_depth": 2.0, "num_boost_round": 11.0}, "datetime": {"datetime": "2024-01-19 01:22:14", "elapsed": 4231.801878, "delta": 0.004086}}
{"target": -17.676865274687128, "params": {"gamma": 644.3554951657388, "log10_alpha": 0.8041362691343128, "log10_colsample_bytree": -0.21623327025324868, "log10_eta": -1.5248836773519838, "log10_lambda": 0.5448339231148562, "log10_min_child_weight": 4.916275223902805, "log10_subsample": -0.8335210171163765, "max_depth": 2.0, "num_boost_round": 12.0}, "datetime": {"datetime": "2024-01-19 01:22:14", "elapsed": 4231.805885, "delta": 0.004007}}
{"target": -17.67695044510287, "params": {"gamma": 644.3554951657388, "log10_alpha": 0.8041362691343128, "log10_colsample_bytree": -0.21623327025324868, "log10_eta": -1.5248836773519838, "log10_lambda": 0.5448339231148562, "log10_min_child_weight": 4.916275223902805, "log10_subsample": -0.8335210171163765, "max_depth": 2.0, "num_boost_round": 13.0}, "datetime": {"datetime": "2024-01-19 01:22:14", "elapsed": 4231.810044, "delta": 0.004159}}
{"target": -17.676929435055012, "params": {"gamma": 644.3554951657388, "log10_alpha": 0.8041362691343128, "log10_colsample_bytree": -0.21623327025324868, "log10_eta": -1.5248836773519838, "log10_lambda": 0.5448339231148562, "log10_min_child_weight": 4.916275223902805, "log10_subsample": -0.8335210171163765, "max_depth": 2.0, "num_boost_round": 14.0}, "datetime": {"datetime": "2024-01-19 01:22:14", "elapsed": 4231.814311, "delta": 0.004267}}
{"target": -17.677191599275613, "params": {"gamma": 652.5893281954619, "log10_alpha": -4.844558520486433, "log10_colsample_bytree": -0.4069933659063224, "log10_eta": -2.550871345804566, "log10_lambda": -4.808387442263827, "log10_min_child_weight": 4.497081520539815, "log10_subsample": -0.4778112925232879, "max_depth": 9.0, "num_boost_round": 0.0}, "datetime": {"datetime": "2024-01-19 01:22:48", "elapsed": 4265.695531, "delta": 33.88122}}
{"target": -17.677148381983766, "params": {"gamma": 652.5893281954619, "log10_alpha": -4.844558520486433, "log10_colsample_bytree": -0.4069933659063224, "log10_eta": -2.550871345804566, "log10_lambda": -4.808387442263827, "log10_min_child_weight": 4.497081520539815, "log10_subsample": -0.4778112925232879, "max_depth": 9.0, "num_boost_round": 1.0}, "datetime": {"datetime": "2024-01-19 01:22:48", "elapsed": 4265.700129, "delta": 0.004598}}
{"target": -17.67714355508235, "params": {"gamma": 652.5893281954619, "log10_alpha": -4.844558520486433, "log10_colsample_bytree": -0.4069933659063224, "log10_eta": -2.550871345804566, "log10_lambda": -4.808387442263827, "log10_min_child_weight": 4.497081520539815, "log10_subsample": -0.4778112925232879, "max_depth": 9.0, "num_boost_round": 2.0}, "datetime": {"datetime": "2024-01-19 01:22:48", "elapsed": 4265.704284, "delta": 0.004155}}
{"target": -17.677130704655088, "params": {"gamma": 652.5893281954619, "log10_alpha": -4.844558520486433, "log10_colsample_bytree": -0.4069933659063224, "log10_eta": -2.550871345804566, "log10_lambda": -4.808387442263827, "log10_min_child_weight": 4.497081520539815, "log10_subsample": -0.4778112925232879, "max_depth": 9.0, "num_boost_round": 3.0}, "datetime": {"datetime": "2024-01-19 01:22:48", "elapsed": 4265.708499, "delta": 0.004215}}
{"target": -17.677103836839372, "params": {"gamma": 652.5893281954619, "log10_alpha": -4.844558520486433, "log10_colsample_bytree": -0.4069933659063224, "log10_eta": -2.550871345804566, "log10_lambda": -4.808387442263827, "log10_min_child_weight": 4.497081520539815, "log10_subsample": -0.4778112925232879, "max_depth": 9.0, "num_boost_round": 4.0}, "datetime": {"datetime": "2024-01-19 01:22:48", "elapsed": 4265.71263, "delta": 0.004131}}
{"target": -17.67709783385246, "params": {"gamma": 652.5893281954619, "log10_alpha": -4.844558520486433, "log10_colsample_bytree": -0.4069933659063224, "log10_eta": -2.550871345804566, "log10_lambda": -4.808387442263827, "log10_min_child_weight": 4.497081520539815, "log10_subsample": -0.4778112925232879, "max_depth": 9.0, "num_boost_round": 5.0}, "datetime": {"datetime": "2024-01-19 01:22:48", "elapsed": 4265.71674, "delta": 0.00411}}
{"target": -17.677086373958563, "params": {"gamma": 652.5893281954619, "log10_alpha": -4.844558520486433, "log10_colsample_bytree": -0.4069933659063224, "log10_eta": -2.550871345804566, "log10_lambda": -4.808387442263827, "log10_min_child_weight": 4.497081520539815, "log10_subsample": -0.4778112925232879, "max_depth": 9.0, "num_boost_round": 6.0}, "datetime": {"datetime": "2024-01-19 01:22:48", "elapsed": 4265.720997, "delta": 0.004257}}
{"target": -17.67710421799532, "params": {"gamma": 652.5893281954619, "log10_alpha": -4.844558520486433, "log10_colsample_bytree": -0.4069933659063224, "log10_eta": -2.550871345804566, "log10_lambda": -4.808387442263827, "log10_min_child_weight": 4.497081520539815, "log10_subsample": -0.4778112925232879, "max_depth": 9.0, "num_boost_round": 7.0}, "datetime": {"datetime": "2024-01-19 01:22:48", "elapsed": 4265.725094, "delta": 0.004097}}
{"target": -17.677095304446517, "params": {"gamma": 652.5893281954619, "log10_alpha": -4.844558520486433, "log10_colsample_bytree": -0.4069933659063224, "log10_eta": -2.550871345804566, "log10_lambda": -4.808387442263827, "log10_min_child_weight": 4.497081520539815, "log10_subsample": -0.4778112925232879, "max_depth": 9.0, "num_boost_round": 8.0}, "datetime": {"datetime": "2024-01-19 01:22:48", "elapsed": 4265.7293, "delta": 0.004206}}
{"target": -17.677069369204176, "params": {"gamma": 652.5893281954619, "log10_alpha": -4.844558520486433, "log10_colsample_bytree": -0.4069933659063224, "log10_eta": -2.550871345804566, "log10_lambda": -4.808387442263827, "log10_min_child_weight": 4.497081520539815, "log10_subsample": -0.4778112925232879, "max_depth": 9.0, "num_boost_round": 9.0}, "datetime": {"datetime": "2024-01-19 01:22:48", "elapsed": 4265.733577, "delta": 0.004277}}
{"target": -17.67721681383148, "params": {"gamma": 645.799264861535, "log10_alpha": -4.654644975428597, "log10_colsample_bytree": -0.2003601574487639, "log10_eta": -2.800672470788331, "log10_lambda": -4.400628763258716, "log10_min_child_weight": 4.6788142924850336, "log10_subsample": -0.3419645045592761, "max_depth": 5.0, "num_boost_round": 0.0}, "datetime": {"datetime": "2024-01-19 01:23:31", "elapsed": 4308.819373, "delta": 43.085796}}
{"target": -17.677203964546674, "params": {"gamma": 645.799264861535, "log10_alpha": -4.654644975428597, "log10_colsample_bytree": -0.2003601574487639, "log10_eta": -2.800672470788331, "log10_lambda": -4.400628763258716, "log10_min_child_weight": 4.6788142924850336, "log10_subsample": -0.3419645045592761, "max_depth": 5.0, "num_boost_round": 1.0}, "datetime": {"datetime": "2024-01-19 01:23:31", "elapsed": 4308.823593, "delta": 0.00422}}
{"target": -17.677202618825874, "params": {"gamma": 645.799264861535, "log10_alpha": -4.654644975428597, "log10_colsample_bytree": -0.2003601574487639, "log10_eta": -2.800672470788331, "log10_lambda": -4.400628763258716, "log10_min_child_weight": 4.6788142924850336, "log10_subsample": -0.3419645045592761, "max_depth": 5.0, "num_boost_round": 2.0}, "datetime": {"datetime": "2024-01-19 01:23:31", "elapsed": 4308.82772, "delta": 0.004127}}
{"target": -17.67718981579759, "params": {"gamma": 645.799264861535, "log10_alpha": -4.654644975428597, "log10_colsample_bytree": -0.2003601574487639, "log10_eta": -2.800672470788331, "log10_lambda": -4.400628763258716, "log10_min_child_weight": 4.6788142924850336, "log10_subsample": -0.3419645045592761, "max_depth": 5.0, "num_boost_round": 3.0}, "datetime": {"datetime": "2024-01-19 01:23:31", "elapsed": 4308.832106, "delta": 0.004386}}
