{"target": -13.758411695894992, "params": {"gamma": 493.05945600290636, "log10_alpha": -1.132123197548529, "log10_colsample_bytree": -0.8201545602398401, "log10_eta": -3.8075683818000825, "log10_lambda": -0.5545226734750717, "log10_min_child_weight": 2.2583741553236174, "log10_subsample": -0.8091798213675409, "max_depth": 9.0, "num_boost_round": 30.0}, "datetime": {"datetime": "2024-01-19 01:00:52", "elapsed": 2956.734359, "delta": 0.00387}}
{"target": -13.758402152891849, "params": {"gamma": 493.05945600290636, "log10_alpha": -1.132123197548529, "log10_colsample_bytree": -0.8201545602398401, "log10_eta": -3.8075683818000825, "log10_lambda": -0.5545226734750717, "log10_min_child_weight": 2.2583741553236174, "log10_subsample": -0.8091798213675409, "max_depth": 9.0, "num_boost_round": 31.0}, "datetime": {"datetime": "2024-01-19 01:00:52", "elapsed": 2956.738304, "delta": 0.003945}}
{"target": -13.758397085513543, "params": {"gamma": 493.05945600290636, "log10_alpha": -1.132123197548529, "log10_colsample_bytree": -0.8201545602398401, "log10_eta": -3.8075683818000825, "log10_lambda": -0.5545226734750717, "log10_min_child_weight": 2.2583741553236174, "log10_subsample": -0.8091798213675409, "max_depth": 9.0, "num_boost_round": 32.0}, "datetime": {"datetime": "2024-01-19 01:00:52", "elapsed": 2956.742312, "delta": 0.004008}}
{"target": -13.75839323214406, "params": {"gamma": 493.05945600290636, "log10_alpha": -1.132123197548529, "log10_colsample_bytree": -0.8201545602398401, "log10_eta": -3.8075683818000825, "log10_lambda": -0.5545226734750717, "log10_min_child_weight": 2.2583741553236174, "log10_subsample": -0.8091798213675409, "max_depth": 9.0, "num_boost_round": 33.0}, "datetime": {"datetime": "2024-01-19 01:00:52", "elapsed": 2956.746242, "delta": 0.00393}}
{"target": -13.75838926913188, "params": {"gamma": 493.05945600290636, "log10_alpha": -1.132123197548529, "log10_colsample_bytree": -0.8201545602398401, "log10_eta": -3.8075683818000825, "log10_lambda": -0.5545226734750717, "log10_min_child_weight": 2.2583741553236174, "log10_subsample": -0.8091798213675409, "max_depth": 9.0, "num_boost_round": 34.0}, "datetime": {"datetime": "2024-01-19 01:00:52", "elapsed": 2956.750333, "delta": 0.004091}}
{"target": -13.758386353274947, "params": {"gamma": 493.05945600290636, "log10_alpha": -1.132123197548529, "log10_colsample_bytree": -0.8201545602398401, "log10_eta": -3.8075683818000825, "log10_lambda": -0.5545226734750717, "log10_min_child_weight": 2.2583741553236174, "log10_subsample": -0.8091798213675409, "max_depth": 9.0, "num_boost_round": 35.0}, "datetime": {"datetime": "2024-01-19 01:00:52", "elapsed": 2956.754336, "delta": 0.004003}}
{"target": -13.75838730467563, "params": {"gamma": 493.05945600290636, "log10_alpha": -1.132123197548529, "log10_colsample_bytree": -0.8201545602398401, "log10_eta": -3.8075683818000825, "log10_lambda": -0.5545226734750717, "log10_min_child_weight": 2.2583741553236174, "log10_subsample": -0.8091798213675409, "max_depth": 9.0, "num_boost_round": 36.0}, "datetime": {"datetime": "2024-01-19 01:00:52", "elapsed": 2956.758292, "delta": 0.003956}}
{"target": -13.758384724234052, "params": {"gamma": 493.05945600290636, "log10_alpha": -1.132123197548529, "log10_colsample_bytree": -0.8201545602398401, "log10_eta": -3.8075683818000825, "log10_lambda": -0.5545226734750717, "log10_min_child_weight": 2.2583741553236174, "log10_subsample": -0.8091798213675409, "max_depth": 9.0, "num_boost_round": 37.0}, "datetime": {"datetime": "2024-01-19 01:00:52", "elapsed": 2956.76224, "delta": 0.003948}}
{"target": -13.758384029287793, "params": {"gamma": 493.05945600290636, "log10_alpha": -1.132123197548529, "log10_colsample_bytree": -0.8201545602398401, "log10_eta": -3.8075683818000825, "log10_lambda": -0.5545226734750717, "log10_min_child_weight": 2.2583741553236174, "log10_subsample": -0.8091798213675409, "max_depth": 9.0, "num_boost_round": 38.0}, "datetime": {"datetime": "2024-01-19 01:00:52", "elapsed": 2956.766319, "delta": 0.004079}}
{"target": -13.75838054531353, "params": {"gamma": 493.05945600290636, "log10_alpha": -1.132123197548529, "log10_colsample_bytree": -0.8201545602398401, "log10_eta": -3.8075683818000825, "log10_lambda": -0.5545226734750717, "log10_min_child_weight": 2.2583741553236174, "log10_subsample": -0.8091798213675409, "max_depth": 9.0, "num_boost_round": 39.0}, "datetime": {"datetime": "2024-01-19 01:00:52", "elapsed": 2956.77022, "delta": 0.003901}}
{"target": -13.758369019086366, "params": {"gamma": 493.05945600290636, "log10_alpha": -1.132123197548529, "log10_colsample_bytree": -0.8201545602398401, "log10_eta": -3.8075683818000825, "log10_lambda": -0.5545226734750717, "log10_min_child_weight": 2.2583741553236174, "log10_subsample": -0.8091798213675409, "max_depth": 9.0, "num_boost_round": 40.0}, "datetime": {"datetime": "2024-01-19 01:00:52", "elapsed": 2956.774122, "delta": 0.003902}}
{"target": -13.758365883358966, "params": {"gamma": 493.05945600290636, "log10_alpha": -1.132123197548529, "log10_colsample_bytree": -0.8201545602398401, "log10_eta": -3.8075683818000825, "log10_lambda": -0.5545226734750717, "log10_min_child_weight": 2.2583741553236174, "log10_subsample": -0.8091798213675409, "max_depth": 9.0, "num_boost_round": 41.0}, "datetime": {"datetime": "2024-01-19 01:00:52", "elapsed": 2956.778149, "delta": 0.004027}}
{"target": -13.758359190651817, "params": {"gamma": 493.05945600290636, "log10_alpha": -1.132123197548529, "log10_colsample_bytree": -0.8201545602398401, "log10_eta": -3.8075683818000825, "log10_lambda": -0.5545226734750717, "log10_min_child_weight": 2.2583741553236174, "log10_subsample": -0.8091798213675409, "max_depth": 9.0, "num_boost_round": 42.0}, "datetime": {"datetime": "2024-01-19 01:00:52", "elapsed": 2956.782054, "delta": 0.003905}}
{"target": -13.758354857171456, "params": {"gamma": 493.05945600290636, "log10_alpha": -1.132123197548529, "log10_colsample_bytree": -0.8201545602398401, "log10_eta": -3.8075683818000825, "log10_lambda": -0.5545226734750717, "log10_min_child_weight": 2.2583741553236174, "log10_subsample": -0.8091798213675409, "max_depth": 9.0, "num_boost_round": 43.0}, "datetime": {"datetime": "2024-01-19 01:00:52", "elapsed": 2956.785951, "delta": 0.003897}}
{"target": -13.758346877023138, "params": {"gamma": 493.05945600290636, "log10_alpha": -1.132123197548529, "log10_colsample_bytree": -0.8201545602398401, "log10_eta": -3.8075683818000825, "log10_lambda": -0.5545226734750717, "log10_min_child_weight": 2.2583741553236174, "log10_subsample": -0.8091798213675409, "max_depth": 9.0, "num_boost_round": 44.0}, "datetime": {"datetime": "2024-01-19 01:00:52", "elapsed": 2956.790004, "delta": 0.004053}}
{"target": -13.758344046587398, "params": {"gamma": 493.05945600290636, "log10_alpha": -1.132123197548529, "log10_colsample_bytree": -0.8201545602398401, "log10_eta": -3.8075683818000825, "log10_lambda": -0.5545226734750717, "log10_min_child_weight": 2.2583741553236174, "log10_subsample": -0.8091798213675409, "max_depth": 9.0, "num_boost_round": 45.0}, "datetime": {"datetime": "2024-01-19 01:00:52", "elapsed": 2956.79392, "delta": 0.003916}}
{"target": -13.75834358905517, "params": {"gamma": 493.05945600290636, "log10_alpha": -1.132123197548529, "log10_colsample_bytree": -0.8201545602398401, "log10_eta": -3.8075683818000825, "log10_lambda": -0.5545226734750717, "log10_min_child_weight": 2.2583741553236174, "log10_subsample": -0.8091798213675409, "max_depth": 9.0, "num_boost_round": 46.0}, "datetime": {"datetime": "2024-01-19 01:00:52", "elapsed": 2956.797835, "delta": 0.003915}}
{"target": -13.758334492391457, "params": {"gamma": 493.05945600290636, "log10_alpha": -1.132123197548529, "log10_colsample_bytree": -0.8201545602398401, "log10_eta": -3.8075683818000825, "log10_lambda": -0.5545226734750717, "log10_min_child_weight": 2.2583741553236174, "log10_subsample": -0.8091798213675409, "max_depth": 9.0, "num_boost_round": 47.0}, "datetime": {"datetime": "2024-01-19 01:00:52", "elapsed": 2956.801844, "delta": 0.004009}}
{"target": -13.758329596746064, "params": {"gamma": 493.05945600290636, "log10_alpha": -1.132123197548529, "log10_colsample_bytree": -0.8201545602398401, "log10_eta": -3.8075683818000825, "log10_lambda": -0.5545226734750717, "log10_min_child_weight": 2.2583741553236174, "log10_subsample": -0.8091798213675409, "max_depth": 9.0, "num_boost_round": 48.0}, "datetime": {"datetime": "2024-01-19 01:00:52", "elapsed": 2956.805759, "delta": 0.003915}}
{"target": -13.758326753894034, "params": {"gamma": 493.05945600290636, "log10_alpha": -1.132123197548529, "log10_colsample_bytree": -0.8201545602398401, "log10_eta": -3.8075683818000825, "log10_lambda": -0.5545226734750717, "log10_min_child_weight": 2.2583741553236174, "log10_subsample": -0.8091798213675409, "max_depth": 9.0, "num_boost_round": 49.0}, "datetime": {"datetime": "2024-01-19 01:00:52", "elapsed": 2956.809716, "delta": 0.003957}}
{"target": -13.758323296468156, "params": {"gamma": 493.05945600290636, "log10_alpha": -1.132123197548529, "log10_colsample_bytree": -0.8201545602398401, "log10_eta": -3.8075683818000825, "log10_lambda": -0.5545226734750717, "log10_min_child_weight": 2.2583741553236174, "log10_subsample": -0.8091798213675409, "max_depth": 9.0, "num_boost_round": 50.0}, "datetime": {"datetime": "2024-01-19 01:00:52", "elapsed": 2956.813746, "delta": 0.00403}}
{"target": -13.758317705519689, "params": {"gamma": 493.05945600290636, "log10_alpha": -1.132123197548529, "log10_colsample_bytree": -0.8201545602398401, "log10_eta": -3.8075683818000825, "log10_lambda": -0.5545226734750717, "log10_min_child_weight": 2.2583741553236174, "log10_subsample": -0.8091798213675409, "max_depth": 9.0, "num_boost_round": 51.0}, "datetime": {"datetime": "2024-01-19 01:00:52", "elapsed": 2956.905961, "delta": 0.092215}}
{"target": -13.758310542847989, "params": {"gamma": 493.05945600290636, "log10_alpha": -1.132123197548529, "log10_colsample_bytree": -0.8201545602398401, "log10_eta": -3.8075683818000825, "log10_lambda": -0.5545226734750717, "log10_min_child_weight": 2.2583741553236174, "log10_subsample": -0.8091798213675409, "max_depth": 9.0, "num_boost_round": 52.0}, "datetime": {"datetime": "2024-01-19 01:00:52", "elapsed": 2956.910486, "delta": 0.004525}}
{"target": -13.758306002694509, "params": {"gamma": 493.05945600290636, "log10_alpha": -1.132123197548529, "log10_colsample_bytree": -0.8201545602398401, "log10_eta": -3.8075683818000825, "log10_lambda": -0.5545226734750717, "log10_min_child_weight": 2.2583741553236174, "log10_subsample": -0.8091798213675409, "max_depth": 9.0, "num_boost_round": 53.0}, "datetime": {"datetime": "2024-01-19 01:00:52", "elapsed": 2956.91449, "delta": 0.004004}}
{"target": -13.758301496659271, "params": {"gamma": 493.05945600290636, "log10_alpha": -1.132123197548529, "log10_colsample_bytree": -0.8201545602398401, "log10_eta": -3.8075683818000825, "log10_lambda": -0.5545226734750717, "log10_min_child_weight": 2.2583741553236174, "log10_subsample": -0.8091798213675409, "max_depth": 9.0, "num_boost_round": 54.0}, "datetime": {"datetime": "2024-01-19 01:00:52", "elapsed": 2956.919093, "delta": 0.004603}}
{"target": -13.758299270571646, "params": {"gamma": 493.05945600290636, "log10_alpha": -1.132123197548529, "log10_colsample_bytree": -0.8201545602398401, "log10_eta": -3.8075683818000825, "log10_lambda": -0.5545226734750717, "log10_min_child_weight": 2.2583741553236174, "log10_subsample": -0.8091798213675409, "max_depth": 9.0, "num_boost_round": 55.0}, "datetime": {"datetime": "2024-01-19 01:00:52", "elapsed": 2956.923656, "delta": 0.004563}}
{"target": -13.758296433501734, "params": {"gamma": 493.05945600290636, "log10_alpha": -1.132123197548529, "log10_colsample_bytree": -0.8201545602398401, "log10_eta": -3.8075683818000825, "log10_lambda": -0.5545226734750717, "log10_min_child_weight": 2.2583741553236174, "log10_subsample": -0.8091798213675409, "max_depth": 9.0, "num_boost_round": 56.0}, "datetime": {"datetime": "2024-01-19 01:00:52", "elapsed": 2956.927726, "delta": 0.00407}}
{"target": -13.758290311504565, "params": {"gamma": 493.05945600290636, "log10_alpha": -1.132123197548529, "log10_colsample_bytree": -0.8201545602398401, "log10_eta": -3.8075683818000825, "log10_lambda": -0.5545226734750717, "log10_min_child_weight": 2.2583741553236174, "log10_subsample": -0.8091798213675409, "max_depth": 9.0, "num_boost_round": 57.0}, "datetime": {"datetime": "2024-01-19 01:00:52", "elapsed": 2956.931791, "delta": 0.004065}}
{"target": -13.75828596780733, "params": {"gamma": 493.05945600290636, "log10_alpha": -1.132123197548529, "log10_colsample_bytree": -0.8201545602398401, "log10_eta": -3.8075683818000825, "log10_lambda": -0.5545226734750717, "log10_min_child_weight": 2.2583741553236174, "log10_subsample": -0.8091798213675409, "max_depth": 9.0, "num_boost_round": 58.0}, "datetime": {"datetime": "2024-01-19 01:00:52", "elapsed": 2956.935804, "delta": 0.004013}}
{"target": -13.758278538292485, "params": {"gamma": 493.05945600290636, "log10_alpha": -1.132123197548529, "log10_colsample_bytree": -0.8201545602398401, "log10_eta": -3.8075683818000825, "log10_lambda": -0.5545226734750717, "log10_min_child_weight": 2.2583741553236174, "log10_subsample": -0.8091798213675409, "max_depth": 9.0, "num_boost_round": 59.0}, "datetime": {"datetime": "2024-01-19 01:00:52", "elapsed": 2956.939968, "delta": 0.004164}}
{"target": -13.75828196013957, "params": {"gamma": 493.05945600290636, "log10_alpha": -1.132123197548529, "log10_colsample_bytree": -0.8201545602398401, "log10_eta": -3.8075683818000825, "log10_lambda": -0.5545226734750717, "log10_min_child_weight": 2.2583741553236174, "log10_subsample": -0.8091798213675409, "max_depth": 9.0, "num_boost_round": 60.0}, "datetime": {"datetime": "2024-01-19 01:00:52", "elapsed": 2956.944122, "delta": 0.004154}}
{"target": -13.758276681625505, "params": {"gamma": 493.05945600290636, "log10_alpha": -1.132123197548529, "log10_colsample_bytree": -0.8201545602398401, "log10_eta": -3.8075683818000825, "log10_lambda": -0.5545226734750717, "log10_min_child_weight": 2.2583741553236174, "log10_subsample": -0.8091798213675409, "max_depth": 9.0, "num_boost_round": 61.0}, "datetime": {"datetime": "2024-01-19 01:00:52", "elapsed": 2956.948076, "delta": 0.003954}}
{"target": -13.758270575880953, "params": {"gamma": 493.05945600290636, "log10_alpha": -1.132123197548529, "log10_colsample_bytree": -0.8201545602398401, "log10_eta": -3.8075683818000825, "log10_lambda": -0.5545226734750717, "log10_min_child_weight": 2.2583741553236174, "log10_subsample": -0.8091798213675409, "max_depth": 9.0, "num_boost_round": 62.0}, "datetime": {"datetime": "2024-01-19 01:00:52", "elapsed": 2956.952058, "delta": 0.003982}}
{"target": -13.758259889535296, "params": {"gamma": 493.05945600290636, "log10_alpha": -1.132123197548529, "log10_colsample_bytree": -0.8201545602398401, "log10_eta": -3.8075683818000825, "log10_lambda": -0.5545226734750717, "log10_min_child_weight": 2.2583741553236174, "log10_subsample": -0.8091798213675409, "max_depth": 9.0, "num_boost_round": 63.0}, "datetime": {"datetime": "2024-01-19 01:00:52", "elapsed": 2956.956025, "delta": 0.003967}}
{"target": -13.758257847013885, "params": {"gamma": 493.05945600290636, "log10_alpha": -1.132123197548529, "log10_colsample_bytree": -0.8201545602398401, "log10_eta": -3.8075683818000825, "log10_lambda": -0.5545226734750717, "log10_min_child_weight": 2.2583741553236174, "log10_subsample": -0.8091798213675409, "max_depth": 9.0, "num_boost_round": 64.0}, "datetime": {"datetime": "2024-01-19 01:00:52", "elapsed": 2956.959963, "delta": 0.003938}}
{"target": -13.75849907532461, "params": {"gamma": 505.4988445414531, "log10_alpha": -0.37481849157907643, "log10_colsample_bytree": -0.5522039669811553, "log10_eta": -2.550241342782781, "log10_lambda": -0.3021750294682217, "log10_min_child_weight": 0.7041141097636822, "log10_subsample": -0.32954596236291234, "max_depth": 5.0, "num_boost_round": 0.0}, "datetime": {"datetime": "2024-01-19 01:01:56", "elapsed": 3020.689143, "delta": 63.72918}}
{"target": -13.758342396201655, "params": {"gamma": 505.4988445414531, "log10_alpha": -0.37481849157907643, "log10_colsample_bytree": -0.5522039669811553, "log10_eta": -2.550241342782781, "log10_lambda": -0.3021750294682217, "log10_min_child_weight": 0.7041141097636822, "log10_subsample": -0.32954596236291234, "max_depth": 5.0, "num_boost_round": 1.0}, "datetime": {"datetime": "2024-01-19 01:01:56", "elapsed": 3020.694012, "delta": 0.004869}}
{"target": -13.7582122728249, "params": {"gamma": 505.4988445414531, "log10_alpha": -0.37481849157907643, "log10_colsample_bytree": -0.5522039669811553, "log10_eta": -2.550241342782781, "log10_lambda": -0.3021750294682217, "log10_min_child_weight": 0.7041141097636822, "log10_subsample": -0.32954596236291234, "max_depth": 5.0, "num_boost_round": 2.0}, "datetime": {"datetime": "2024-01-19 01:01:56", "elapsed": 3020.698155, "delta": 0.004143}}
{"target": -13.758191849154207, "params": {"gamma": 505.4988445414531, "log10_alpha": -0.37481849157907643, "log10_colsample_bytree": -0.5522039669811553, "log10_eta": -2.550241342782781, "log10_lambda": -0.3021750294682217, "log10_min_child_weight": 0.7041141097636822, "log10_subsample": -0.32954596236291234, "max_depth": 5.0, "num_boost_round": 3.0}, "datetime": {"datetime": "2024-01-19 01:01:56", "elapsed": 3020.702071, "delta": 0.003916}}
{"target": -13.758144078962388, "params": {"gamma": 505.4988445414531, "log10_alpha": -0.37481849157907643, "log10_colsample_bytree": -0.5522039669811553, "log10_eta": -2.550241342782781, "log10_lambda": -0.3021750294682217, "log10_min_child_weight": 0.7041141097636822, "log10_subsample": -0.32954596236291234, "max_depth": 5.0, "num_boost_round": 4.0}, "datetime": {"datetime": "2024-01-19 01:01:56", "elapsed": 3020.706066, "delta": 0.003995}}
{"target": -13.758051271166028, "params": {"gamma": 505.4988445414531, "log10_alpha": -0.37481849157907643, "log10_colsample_bytree": -0.5522039669811553, "log10_eta": -2.550241342782781, "log10_lambda": -0.3021750294682217, "log10_min_child_weight": 0.7041141097636822, "log10_subsample": -0.32954596236291234, "max_depth": 5.0, "num_boost_round": 5.0}, "datetime": {"datetime": "2024-01-19 01:01:56", "elapsed": 3020.71015, "delta": 0.004084}}
{"target": -13.757999950310117, "params": {"gamma": 505.4988445414531, "log10_alpha": -0.37481849157907643, "log10_colsample_bytree": -0.5522039669811553, "log10_eta": -2.550241342782781, "log10_lambda": -0.3021750294682217, "log10_min_child_weight": 0.7041141097636822, "log10_subsample": -0.32954596236291234, "max_depth": 5.0, "num_boost_round": 6.0}, "datetime": {"datetime": "2024-01-19 01:01:56", "elapsed": 3020.714155, "delta": 0.004005}}
{"target": -13.757963235791335, "params": {"gamma": 505.4988445414531, "log10_alpha": -0.37481849157907643, "log10_colsample_bytree": -0.5522039669811553, "log10_eta": -2.550241342782781, "log10_lambda": -0.3021750294682217, "log10_min_child_weight": 0.7041141097636822, "log10_subsample": -0.32954596236291234, "max_depth": 5.0, "num_boost_round": 7.0}, "datetime": {"datetime": "2024-01-19 01:01:56", "elapsed": 3020.718149, "delta": 0.003994}}
{"target": -13.757944187706068, "params": {"gamma": 505.4988445414531, "log10_alpha": -0.37481849157907643, "log10_colsample_bytree": -0.5522039669811553, "log10_eta": -2.550241342782781, "log10_lambda": -0.3021750294682217, "log10_min_child_weight": 0.7041141097636822, "log10_subsample": -0.32954596236291234, "max_depth": 5.0, "num_boost_round": 8.0}, "datetime": {"datetime": "2024-01-19 01:01:56", "elapsed": 3020.722209, "delta": 0.00406}}
{"target": -13.757911541480624, "params": {"gamma": 505.4988445414531, "log10_alpha": -0.37481849157907643, "log10_colsample_bytree": -0.5522039669811553, "log10_eta": -2.550241342782781, "log10_lambda": -0.3021750294682217, "log10_min_child_weight": 0.7041141097636822, "log10_subsample": -0.32954596236291234, "max_depth": 5.0, "num_boost_round": 9.0}, "datetime": {"datetime": "2024-01-19 01:01:56", "elapsed": 3020.726097, "delta": 0.003888}}
{"target": -13.757852053494055, "params": {"gamma": 505.4988445414531, "log10_alpha": -0.37481849157907643, "log10_colsample_bytree": -0.5522039669811553, "log10_eta": -2.550241342782781, "log10_lambda": -0.3021750294682217, "log10_min_child_weight": 0.7041141097636822, "log10_subsample": -0.32954596236291234, "max_depth": 5.0, "num_boost_round": 10.0}, "datetime": {"datetime": "2024-01-19 01:01:56", "elapsed": 3020.730029, "delta": 0.003932}}
{"target": -13.757822823455928, "params": {"gamma": 505.4988445414531, "log10_alpha": -0.37481849157907643, "log10_colsample_bytree": -0.5522039669811553, "log10_eta": -2.550241342782781, "log10_lambda": -0.3021750294682217, "log10_min_child_weight": 0.7041141097636822, "log10_subsample": -0.32954596236291234, "max_depth": 5.0, "num_boost_round": 11.0}, "datetime": {"datetime": "2024-01-19 01:01:56", "elapsed": 3020.734013, "delta": 0.003984}}
{"target": -13.757770026367067, "params": {"gamma": 505.4988445414531, "log10_alpha": -0.37481849157907643, "log10_colsample_bytree": -0.5522039669811553, "log10_eta": -2.550241342782781, "log10_lambda": -0.3021750294682217, "log10_min_child_weight": 0.7041141097636822, "log10_subsample": -0.32954596236291234, "max_depth": 5.0, "num_boost_round": 12.0}, "datetime": {"datetime": "2024-01-19 01:01:56", "elapsed": 3020.737935, "delta": 0.003922}}
{"target": -13.757667305147107, "params": {"gamma": 505.4988445414531, "log10_alpha": -0.37481849157907643, "log10_colsample_bytree": -0.5522039669811553, "log10_eta": -2.550241342782781, "log10_lambda": -0.3021750294682217, "log10_min_child_weight": 0.7041141097636822, "log10_subsample": -0.32954596236291234, "max_depth": 5.0, "num_boost_round": 13.0}, "datetime": {"datetime": "2024-01-19 01:01:56", "elapsed": 3020.741902, "delta": 0.003967}}
