{"target": -17.677225485624326, "params": {"gamma": 865.9484012438768, "log10_alpha": -1.5771363413021655, "log10_colsample_bytree": -0.38177462162976694, "log10_eta": -3.2604936645436804, "log10_lambda": -1.9392873319673747, "log10_min_child_weight": 4.99966864705624, "log10_subsample": -0.6707672139455714, "max_depth": 8.0, "num_boost_round": 4.0}, "datetime": {"datetime": "2024-01-19 00:34:33", "elapsed": 1354.432726, "delta": 0.001819}}
{"target": -17.677223557229482, "params": {"gamma": 865.9484012438768, "log10_alpha": -1.5771363413021655, "log10_colsample_bytree": -0.38177462162976694, "log10_eta": -3.2604936645436804, "log10_lambda": -1.9392873319673747, "log10_min_child_weight": 4.99966864705624, "log10_subsample": -0.6707672139455714, "max_depth": 8.0, "num_boost_round": 5.0}, "datetime": {"datetime": "2024-01-19 00:34:33", "elapsed": 1354.434449, "delta": 0.001723}}
{"target": -17.677223599333303, "params": {"gamma": 865.9484012438768, "log10_alpha": -1.5771363413021655, "log10_colsample_bytree": -0.38177462162976694, "log10_eta": -3.2604936645436804, "log10_lambda": -1.9392873319673747, "log10_min_child_weight": 4.99966864705624, "log10_subsample": -0.6707672139455714, "max_depth": 8.0, "num_boost_round": 6.0}, "datetime": {"datetime": "2024-01-19 00:34:33", "elapsed": 1354.436125, "delta": 0.001676}}
{"target": -17.677223671163972, "params": {"gamma": 865.9484012438768, "log10_alpha": -1.5771363413021655, "log10_colsample_bytree": -0.38177462162976694, "log10_eta": -3.2604936645436804, "log10_lambda": -1.9392873319673747, "log10_min_child_weight": 4.99966864705624, "log10_subsample": -0.6707672139455714, "max_depth": 8.0, "num_boost_round": 7.0}, "datetime": {"datetime": "2024-01-19 00:34:33", "elapsed": 1354.437863, "delta": 0.001738}}
{"target": -17.677217581378688, "params": {"gamma": 865.9484012438768, "log10_alpha": -1.5771363413021655, "log10_colsample_bytree": -0.38177462162976694, "log10_eta": -3.2604936645436804, "log10_lambda": -1.9392873319673747, "log10_min_child_weight": 4.99966864705624, "log10_subsample": -0.6707672139455714, "max_depth": 8.0, "num_boost_round": 8.0}, "datetime": {"datetime": "2024-01-19 00:34:33", "elapsed": 1354.439551, "delta": 0.001688}}
{"target": -17.67721664266675, "params": {"gamma": 865.9484012438768, "log10_alpha": -1.5771363413021655, "log10_colsample_bytree": -0.38177462162976694, "log10_eta": -3.2604936645436804, "log10_lambda": -1.9392873319673747, "log10_min_child_weight": 4.99966864705624, "log10_subsample": -0.6707672139455714, "max_depth": 8.0, "num_boost_round": 9.0}, "datetime": {"datetime": "2024-01-19 00:34:33", "elapsed": 1354.445948, "delta": 0.006397}}
{"target": -17.677216744956585, "params": {"gamma": 865.9484012438768, "log10_alpha": -1.5771363413021655, "log10_colsample_bytree": -0.38177462162976694, "log10_eta": -3.2604936645436804, "log10_lambda": -1.9392873319673747, "log10_min_child_weight": 4.99966864705624, "log10_subsample": -0.6707672139455714, "max_depth": 8.0, "num_boost_round": 10.0}, "datetime": {"datetime": "2024-01-19 00:34:33", "elapsed": 1354.447679, "delta": 0.001731}}
{"target": -17.677215050263825, "params": {"gamma": 865.9484012438768, "log10_alpha": -1.5771363413021655, "log10_colsample_bytree": -0.38177462162976694, "log10_eta": -3.2604936645436804, "log10_lambda": -1.9392873319673747, "log10_min_child_weight": 4.99966864705624, "log10_subsample": -0.6707672139455714, "max_depth": 8.0, "num_boost_round": 11.0}, "datetime": {"datetime": "2024-01-19 00:34:33", "elapsed": 1354.449371, "delta": 0.001692}}
{"target": -17.67721518372701, "params": {"gamma": 865.9484012438768, "log10_alpha": -1.5771363413021655, "log10_colsample_bytree": -0.38177462162976694, "log10_eta": -3.2604936645436804, "log10_lambda": -1.9392873319673747, "log10_min_child_weight": 4.99966864705624, "log10_subsample": -0.6707672139455714, "max_depth": 8.0, "num_boost_round": 12.0}, "datetime": {"datetime": "2024-01-19 00:34:33", "elapsed": 1354.451045, "delta": 0.001674}}
{"target": -17.677214846563636, "params": {"gamma": 865.9484012438768, "log10_alpha": -1.5771363413021655, "log10_colsample_bytree": -0.38177462162976694, "log10_eta": -3.2604936645436804, "log10_lambda": -1.9392873319673747, "log10_min_child_weight": 4.99966864705624, "log10_subsample": -0.6707672139455714, "max_depth": 8.0, "num_boost_round": 13.0}, "datetime": {"datetime": "2024-01-19 00:34:33", "elapsed": 1354.452807, "delta": 0.001762}}
{"target": -17.677213068006022, "params": {"gamma": 865.9484012438768, "log10_alpha": -1.5771363413021655, "log10_colsample_bytree": -0.38177462162976694, "log10_eta": -3.2604936645436804, "log10_lambda": -1.9392873319673747, "log10_min_child_weight": 4.99966864705624, "log10_subsample": -0.6707672139455714, "max_depth": 8.0, "num_boost_round": 14.0}, "datetime": {"datetime": "2024-01-19 00:34:33", "elapsed": 1354.454522, "delta": 0.001715}}
{"target": -17.6772110667013, "params": {"gamma": 865.9484012438768, "log10_alpha": -1.5771363413021655, "log10_colsample_bytree": -0.38177462162976694, "log10_eta": -3.2604936645436804, "log10_lambda": -1.9392873319673747, "log10_min_child_weight": 4.99966864705624, "log10_subsample": -0.6707672139455714, "max_depth": 8.0, "num_boost_round": 15.0}, "datetime": {"datetime": "2024-01-19 00:34:33", "elapsed": 1354.456218, "delta": 0.001696}}
{"target": -17.677211104281348, "params": {"gamma": 865.9484012438768, "log10_alpha": -1.5771363413021655, "log10_colsample_bytree": -0.38177462162976694, "log10_eta": -3.2604936645436804, "log10_lambda": -1.9392873319673747, "log10_min_child_weight": 4.99966864705624, "log10_subsample": -0.6707672139455714, "max_depth": 8.0, "num_boost_round": 16.0}, "datetime": {"datetime": "2024-01-19 00:34:33", "elapsed": 1354.457955, "delta": 0.001737}}
{"target": -17.677209086690784, "params": {"gamma": 865.9484012438768, "log10_alpha": -1.5771363413021655, "log10_colsample_bytree": -0.38177462162976694, "log10_eta": -3.2604936645436804, "log10_lambda": -1.9392873319673747, "log10_min_child_weight": 4.99966864705624, "log10_subsample": -0.6707672139455714, "max_depth": 8.0, "num_boost_round": 17.0}, "datetime": {"datetime": "2024-01-19 00:34:33", "elapsed": 1354.459658, "delta": 0.001703}}
{"target": -17.677209040527696, "params": {"gamma": 865.9484012438768, "log10_alpha": -1.5771363413021655, "log10_colsample_bytree": -0.38177462162976694, "log10_eta": -3.2604936645436804, "log10_lambda": -1.9392873319673747, "log10_min_child_weight": 4.99966864705624, "log10_subsample": -0.6707672139455714, "max_depth": 8.0, "num_boost_round": 18.0}, "datetime": {"datetime": "2024-01-19 00:34:33", "elapsed": 1354.4614, "delta": 0.001742}}
{"target": -17.677206739838162, "params": {"gamma": 865.9484012438768, "log10_alpha": -1.5771363413021655, "log10_colsample_bytree": -0.38177462162976694, "log10_eta": -3.2604936645436804, "log10_lambda": -1.9392873319673747, "log10_min_child_weight": 4.99966864705624, "log10_subsample": -0.6707672139455714, "max_depth": 8.0, "num_boost_round": 19.0}, "datetime": {"datetime": "2024-01-19 00:34:33", "elapsed": 1354.46311, "delta": 0.00171}}
{"target": -17.677204627626843, "params": {"gamma": 865.9484012438768, "log10_alpha": -1.5771363413021655, "log10_colsample_bytree": -0.38177462162976694, "log10_eta": -3.2604936645436804, "log10_lambda": -1.9392873319673747, "log10_min_child_weight": 4.99966864705624, "log10_subsample": -0.6707672139455714, "max_depth": 8.0, "num_boost_round": 20.0}, "datetime": {"datetime": "2024-01-19 00:34:33", "elapsed": 1354.464808, "delta": 0.001698}}
{"target": -17.677176777198515, "params": {"gamma": 864.605105613213, "log10_alpha": -0.3382928884523668, "log10_colsample_bytree": -0.17766394105662175, "log10_eta": -2.281943509422755, "log10_lambda": 0.15917764725775552, "log10_min_child_weight": 2.4974258039543145, "log10_subsample": -0.17163881497597255, "max_depth": 7.0, "num_boost_round": 0.0}, "datetime": {"datetime": "2024-01-19 00:35:02", "elapsed": 1382.849967, "delta": 28.385159}}
{"target": -17.677017501283988, "params": {"gamma": 864.605105613213, "log10_alpha": -0.3382928884523668, "log10_colsample_bytree": -0.17766394105662175, "log10_eta": -2.281943509422755, "log10_lambda": 0.15917764725775552, "log10_min_child_weight": 2.4974258039543145, "log10_subsample": -0.17163881497597255, "max_depth": 7.0, "num_boost_round": 1.0}, "datetime": {"datetime": "2024-01-19 00:35:02", "elapsed": 1382.852557, "delta": 0.00259}}
{"target": -17.677023464150633, "params": {"gamma": 864.605105613213, "log10_alpha": -0.3382928884523668, "log10_colsample_bytree": -0.17766394105662175, "log10_eta": -2.281943509422755, "log10_lambda": 0.15917764725775552, "log10_min_child_weight": 2.4974258039543145, "log10_subsample": -0.17163881497597255, "max_depth": 7.0, "num_boost_round": 2.0}, "datetime": {"datetime": "2024-01-19 00:35:02", "elapsed": 1382.854702, "delta": 0.002145}}
{"target": -17.67687300528533, "params": {"gamma": 864.605105613213, "log10_alpha": -0.3382928884523668, "log10_colsample_bytree": -0.17766394105662175, "log10_eta": -2.281943509422755, "log10_lambda": 0.15917764725775552, "log10_min_child_weight": 2.4974258039543145, "log10_subsample": -0.17163881497597255, "max_depth": 7.0, "num_boost_round": 3.0}, "datetime": {"datetime": "2024-01-19 00:35:02", "elapsed": 1382.856425, "delta": 0.001723}}
{"target": -17.676806351154237, "params": {"gamma": 864.605105613213, "log10_alpha": -0.3382928884523668, "log10_colsample_bytree": -0.17766394105662175, "log10_eta": -2.281943509422755, "log10_lambda": 0.15917764725775552, "log10_min_child_weight": 2.4974258039543145, "log10_subsample": -0.17163881497597255, "max_depth": 7.0, "num_boost_round": 4.0}, "datetime": {"datetime": "2024-01-19 00:35:02", "elapsed": 1382.858234, "delta": 0.001809}}
{"target": -17.676697680205336, "params": {"gamma": 864.605105613213, "log10_alpha": -0.3382928884523668, "log10_colsample_bytree": -0.17766394105662175, "log10_eta": -2.281943509422755, "log10_lambda": 0.15917764725775552, "log10_min_child_weight": 2.4974258039543145, "log10_subsample": -0.17163881497597255, "max_depth": 7.0, "num_boost_round": 5.0}, "datetime": {"datetime": "2024-01-19 00:35:02", "elapsed": 1382.859992, "delta": 0.001758}}
{"target": -17.676722016514436, "params": {"gamma": 864.605105613213, "log10_alpha": -0.3382928884523668, "log10_colsample_bytree": -0.17766394105662175, "log10_eta": -2.281943509422755, "log10_lambda": 0.15917764725775552, "log10_min_child_weight": 2.4974258039543145, "log10_subsample": -0.17163881497597255, "max_depth": 7.0, "num_boost_round": 6.0}, "datetime": {"datetime": "2024-01-19 00:35:02", "elapsed": 1382.861787, "delta": 0.001795}}
{"target": -17.676211015640394, "params": {"gamma": 864.605105613213, "log10_alpha": -0.3382928884523668, "log10_colsample_bytree": -0.17766394105662175, "log10_eta": -2.281943509422755, "log10_lambda": 0.15917764725775552, "log10_min_child_weight": 2.4974258039543145, "log10_subsample": -0.17163881497597255, "max_depth": 7.0, "num_boost_round": 7.0}, "datetime": {"datetime": "2024-01-19 00:35:02", "elapsed": 1382.863505, "delta": 0.001718}}
{"target": -17.676064267988362, "params": {"gamma": 864.605105613213, "log10_alpha": -0.3382928884523668, "log10_colsample_bytree": -0.17766394105662175, "log10_eta": -2.281943509422755, "log10_lambda": 0.15917764725775552, "log10_min_child_weight": 2.4974258039543145, "log10_subsample": -0.17163881497597255, "max_depth": 7.0, "num_boost_round": 8.0}, "datetime": {"datetime": "2024-01-19 00:35:02", "elapsed": 1382.865208, "delta": 0.001703}}
{"target": -17.67569143690747, "params": {"gamma": 864.605105613213, "log10_alpha": -0.3382928884523668, "log10_colsample_bytree": -0.17766394105662175, "log10_eta": -2.281943509422755, "log10_lambda": 0.15917764725775552, "log10_min_child_weight": 2.4974258039543145, "log10_subsample": -0.17163881497597255, "max_depth": 7.0, "num_boost_round": 9.0}, "datetime": {"datetime": "2024-01-19 00:35:02", "elapsed": 1382.866909, "delta": 0.001701}}
{"target": -17.675649482249582, "params": {"gamma": 864.605105613213, "log10_alpha": -0.3382928884523668, "log10_colsample_bytree": -0.17766394105662175, "log10_eta": -2.281943509422755, "log10_lambda": 0.15917764725775552, "log10_min_child_weight": 2.4974258039543145, "log10_subsample": -0.17163881497597255, "max_depth": 7.0, "num_boost_round": 10.0}, "datetime": {"datetime": "2024-01-19 00:35:02", "elapsed": 1382.868617, "delta": 0.001708}}
{"target": -17.675499504658717, "params": {"gamma": 864.605105613213, "log10_alpha": -0.3382928884523668, "log10_colsample_bytree": -0.17766394105662175, "log10_eta": -2.281943509422755, "log10_lambda": 0.15917764725775552, "log10_min_child_weight": 2.4974258039543145, "log10_subsample": -0.17163881497597255, "max_depth": 7.0, "num_boost_round": 11.0}, "datetime": {"datetime": "2024-01-19 00:35:02", "elapsed": 1382.87032, "delta": 0.001703}}
{"target": -17.675157704134087, "params": {"gamma": 864.605105613213, "log10_alpha": -0.3382928884523668, "log10_colsample_bytree": -0.17766394105662175, "log10_eta": -2.281943509422755, "log10_lambda": 0.15917764725775552, "log10_min_child_weight": 2.4974258039543145, "log10_subsample": -0.17163881497597255, "max_depth": 7.0, "num_boost_round": 12.0}, "datetime": {"datetime": "2024-01-19 00:35:02", "elapsed": 1382.872188, "delta": 0.001868}}
{"target": -17.674822320905875, "params": {"gamma": 864.605105613213, "log10_alpha": -0.3382928884523668, "log10_colsample_bytree": -0.17766394105662175, "log10_eta": -2.281943509422755, "log10_lambda": 0.15917764725775552, "log10_min_child_weight": 2.4974258039543145, "log10_subsample": -0.17163881497597255, "max_depth": 7.0, "num_boost_round": 13.0}, "datetime": {"datetime": "2024-01-19 00:35:02", "elapsed": 1382.874067, "delta": 0.001879}}
{"target": -17.67468974589198, "params": {"gamma": 864.605105613213, "log10_alpha": -0.3382928884523668, "log10_colsample_bytree": -0.17766394105662175, "log10_eta": -2.281943509422755, "log10_lambda": 0.15917764725775552, "log10_min_child_weight": 2.4974258039543145, "log10_subsample": -0.17163881497597255, "max_depth": 7.0, "num_boost_round": 14.0}, "datetime": {"datetime": "2024-01-19 00:35:02", "elapsed": 1382.875811, "delta": 0.001744}}
{"target": -17.674541423823822, "params": {"gamma": 864.605105613213, "log10_alpha": -0.3382928884523668, "log10_colsample_bytree": -0.17766394105662175, "log10_eta": -2.281943509422755, "log10_lambda": 0.15917764725775552, "log10_min_child_weight": 2.4974258039543145, "log10_subsample": -0.17163881497597255, "max_depth": 7.0, "num_boost_round": 15.0}, "datetime": {"datetime": "2024-01-19 00:35:02", "elapsed": 1382.877583, "delta": 0.001772}}
{"target": -17.674500968749506, "params": {"gamma": 864.605105613213, "log10_alpha": -0.3382928884523668, "log10_colsample_bytree": -0.17766394105662175, "log10_eta": -2.281943509422755, "log10_lambda": 0.15917764725775552, "log10_min_child_weight": 2.4974258039543145, "log10_subsample": -0.17163881497597255, "max_depth": 7.0, "num_boost_round": 16.0}, "datetime": {"datetime": "2024-01-19 00:35:02", "elapsed": 1382.879298, "delta": 0.001715}}
{"target": -17.674136942245106, "params": {"gamma": 864.605105613213, "log10_alpha": -0.3382928884523668, "log10_colsample_bytree": -0.17766394105662175, "log10_eta": -2.281943509422755, "log10_lambda": 0.15917764725775552, "log10_min_child_weight": 2.4974258039543145, "log10_subsample": -0.17163881497597255, "max_depth": 7.0, "num_boost_round": 17.0}, "datetime": {"datetime": "2024-01-19 00:35:02", "elapsed": 1382.881079, "delta": 0.001781}}
{"target": -17.67410117067419, "params": {"gamma": 864.605105613213, "log10_alpha": -0.3382928884523668, "log10_colsample_bytree": -0.17766394105662175, "log10_eta": -2.281943509422755, "log10_lambda": 0.15917764725775552, "log10_min_child_weight": 2.4974258039543145, "log10_subsample": -0.17163881497597255, "max_depth": 7.0, "num_boost_round": 18.0}, "datetime": {"datetime": "2024-01-19 00:35:02", "elapsed": 1382.882799, "delta": 0.00172}}
{"target": -17.673995681062415, "params": {"gamma": 864.605105613213, "log10_alpha": -0.3382928884523668, "log10_colsample_bytree": -0.17766394105662175, "log10_eta": -2.281943509422755, "log10_lambda": 0.15917764725775552, "log10_min_child_weight": 2.4974258039543145, "log10_subsample": -0.17163881497597255, "max_depth": 7.0, "num_boost_round": 19.0}, "datetime": {"datetime": "2024-01-19 00:35:02", "elapsed": 1382.884514, "delta": 0.001715}}
{"target": -17.673870203230944, "params": {"gamma": 864.605105613213, "log10_alpha": -0.3382928884523668, "log10_colsample_bytree": -0.17766394105662175, "log10_eta": -2.281943509422755, "log10_lambda": 0.15917764725775552, "log10_min_child_weight": 2.4974258039543145, "log10_subsample": -0.17163881497597255, "max_depth": 7.0, "num_boost_round": 20.0}, "datetime": {"datetime": "2024-01-19 00:35:02", "elapsed": 1382.886236, "delta": 0.001722}}
{"target": -17.674299042422472, "params": {"gamma": 864.605105613213, "log10_alpha": -0.3382928884523668, "log10_colsample_bytree": -0.17766394105662175, "log10_eta": -2.281943509422755, "log10_lambda": 0.15917764725775552, "log10_min_child_weight": 2.4974258039543145, "log10_subsample": -0.17163881497597255, "max_depth": 7.0, "num_boost_round": 21.0}, "datetime": {"datetime": "2024-01-19 00:35:02", "elapsed": 1382.887965, "delta": 0.001729}}
{"target": -17.674102106066233, "params": {"gamma": 864.605105613213, "log10_alpha": -0.3382928884523668, "log10_colsample_bytree": -0.17766394105662175, "log10_eta": -2.281943509422755, "log10_lambda": 0.15917764725775552, "log10_min_child_weight": 2.4974258039543145, "log10_subsample": -0.17163881497597255, "max_depth": 7.0, "num_boost_round": 22.0}, "datetime": {"datetime": "2024-01-19 00:35:02", "elapsed": 1382.889682, "delta": 0.001717}}
{"target": -17.677233876011403, "params": {"gamma": 884.8517182450859, "log10_alpha": -4.180137127476947, "log10_colsample_bytree": -0.19055213048347874, "log10_eta": -3.500619826640681, "log10_lambda": -3.498939300004209, "log10_min_child_weight": 4.515994518248584, "log10_subsample": -0.7893825303018996, "max_depth": 2.0, "num_boost_round": 0.0}, "datetime": {"datetime": "2024-01-19 00:35:28", "elapsed": 1409.46957, "delta": 26.579888}}
{"target": -17.677234721167753, "params": {"gamma": 884.8517182450859, "log10_alpha": -4.180137127476947, "log10_colsample_bytree": -0.19055213048347874, "log10_eta": -3.500619826640681, "log10_lambda": -3.498939300004209, "log10_min_child_weight": 4.515994518248584, "log10_subsample": -0.7893825303018996, "max_depth": 2.0, "num_boost_round": 1.0}, "datetime": {"datetime": "2024-01-19 00:35:28", "elapsed": 1409.577049, "delta": 0.107479}}
{"target": -17.67723155968614, "params": {"gamma": 884.8517182450859, "log10_alpha": -4.180137127476947, "log10_colsample_bytree": -0.19055213048347874, "log10_eta": -3.500619826640681, "log10_lambda": -3.498939300004209, "log10_min_child_weight": 4.515994518248584, "log10_subsample": -0.7893825303018996, "max_depth": 2.0, "num_boost_round": 2.0}, "datetime": {"datetime": "2024-01-19 00:35:28", "elapsed": 1409.580001, "delta": 0.002952}}
{"target": -17.677232371339255, "params": {"gamma": 884.8517182450859, "log10_alpha": -4.180137127476947, "log10_colsample_bytree": -0.19055213048347874, "log10_eta": -3.500619826640681, "log10_lambda": -3.498939300004209, "log10_min_child_weight": 4.515994518248584, "log10_subsample": -0.7893825303018996, "max_depth": 2.0, "num_boost_round": 3.0}, "datetime": {"datetime": "2024-01-19 00:35:28", "elapsed": 1409.582125, "delta": 0.002124}}
{"target": -17.67722968089242, "params": {"gamma": 884.8517182450859, "log10_alpha": -4.180137127476947, "log10_colsample_bytree": -0.19055213048347874, "log10_eta": -3.500619826640681, "log10_lambda": -3.498939300004209, "log10_min_child_weight": 4.515994518248584, "log10_subsample": -0.7893825303018996, "max_depth": 2.0, "num_boost_round": 4.0}, "datetime": {"datetime": "2024-01-19 00:35:28", "elapsed": 1409.583973, "delta": 0.001848}}
{"target": -17.677230520971978, "params": {"gamma": 884.8517182450859, "log10_alpha": -4.180137127476947, "log10_colsample_bytree": -0.19055213048347874, "log10_eta": -3.500619826640681, "log10_lambda": -3.498939300004209, "log10_min_child_weight": 4.515994518248584, "log10_subsample": -0.7893825303018996, "max_depth": 2.0, "num_boost_round": 5.0}, "datetime": {"datetime": "2024-01-19 00:35:28", "elapsed": 1409.585911, "delta": 0.001938}}
{"target": -17.677231291970195, "params": {"gamma": 884.8517182450859, "log10_alpha": -4.180137127476947, "log10_colsample_bytree": -0.19055213048347874, "log10_eta": -3.500619826640681, "log10_lambda": -3.498939300004209, "log10_min_child_weight": 4.515994518248584, "log10_subsample": -0.7893825303018996, "max_depth": 2.0, "num_boost_round": 6.0}, "datetime": {"datetime": "2024-01-19 00:35:28", "elapsed": 1409.587767, "delta": 0.001856}}
{"target": -17.677232191534056, "params": {"gamma": 884.8517182450859, "log10_alpha": -4.180137127476947, "log10_colsample_bytree": -0.19055213048347874, "log10_eta": -3.500619826640681, "log10_lambda": -3.498939300004209, "log10_min_child_weight": 4.515994518248584, "log10_subsample": -0.7893825303018996, "max_depth": 2.0, "num_boost_round": 7.0}, "datetime": {"datetime": "2024-01-19 00:35:28", "elapsed": 1409.589626, "delta": 0.001859}}
{"target": -17.677230082330627, "params": {"gamma": 884.8517182450859, "log10_alpha": -4.180137127476947, "log10_colsample_bytree": -0.19055213048347874, "log10_eta": -3.500619826640681, "log10_lambda": -3.498939300004209, "log10_min_child_weight": 4.515994518248584, "log10_subsample": -0.7893825303018996, "max_depth": 2.0, "num_boost_round": 8.0}, "datetime": {"datetime": "2024-01-19 00:35:28", "elapsed": 1409.591454, "delta": 0.001828}}
