{"target": -17.677138559026005, "params": {"gamma": 712.8232594770877, "log10_alpha": -3.2926342758250087, "log10_colsample_bytree": -0.9920934817117345, "log10_eta": -3.9833745555647955, "log10_lambda": 0.23729039218506998, "log10_min_child_weight": 1.0256424841304923, "log10_subsample": -0.9070915996412177, "max_depth": 3.0, "num_boost_round": 40.0}, "datetime": {"datetime": "2024-01-19 02:10:55", "elapsed": 7163.052827, "delta": 0.007992}}
{"target": -17.67713764863474, "params": {"gamma": 712.8232594770877, "log10_alpha": -3.2926342758250087, "log10_colsample_bytree": -0.9920934817117345, "log10_eta": -3.9833745555647955, "log10_lambda": 0.23729039218506998, "log10_min_child_weight": 1.0256424841304923, "log10_subsample": -0.9070915996412177, "max_depth": 3.0, "num_boost_round": 41.0}, "datetime": {"datetime": "2024-01-19 02:10:55", "elapsed": 7163.060785, "delta": 0.007958}}
{"target": -17.677137087676684, "params": {"gamma": 712.8232594770877, "log10_alpha": -3.2926342758250087, "log10_colsample_bytree": -0.9920934817117345, "log10_eta": -3.9833745555647955, "log10_lambda": 0.23729039218506998, "log10_min_child_weight": 1.0256424841304923, "log10_subsample": -0.9070915996412177, "max_depth": 3.0, "num_boost_round": 42.0}, "datetime": {"datetime": "2024-01-19 02:10:55", "elapsed": 7163.068972, "delta": 0.008187}}
{"target": -17.677133746017443, "params": {"gamma": 712.8232594770877, "log10_alpha": -3.2926342758250087, "log10_colsample_bytree": -0.9920934817117345, "log10_eta": -3.9833745555647955, "log10_lambda": 0.23729039218506998, "log10_min_child_weight": 1.0256424841304923, "log10_subsample": -0.9070915996412177, "max_depth": 3.0, "num_boost_round": 43.0}, "datetime": {"datetime": "2024-01-19 02:10:55", "elapsed": 7163.078237, "delta": 0.009265}}
{"target": -17.67713314652104, "params": {"gamma": 712.8232594770877, "log10_alpha": -3.2926342758250087, "log10_colsample_bytree": -0.9920934817117345, "log10_eta": -3.9833745555647955, "log10_lambda": 0.23729039218506998, "log10_min_child_weight": 1.0256424841304923, "log10_subsample": -0.9070915996412177, "max_depth": 3.0, "num_boost_round": 44.0}, "datetime": {"datetime": "2024-01-19 02:10:55", "elapsed": 7163.086692, "delta": 0.008455}}
{"target": -17.677131916477535, "params": {"gamma": 712.8232594770877, "log10_alpha": -3.2926342758250087, "log10_colsample_bytree": -0.9920934817117345, "log10_eta": -3.9833745555647955, "log10_lambda": 0.23729039218506998, "log10_min_child_weight": 1.0256424841304923, "log10_subsample": -0.9070915996412177, "max_depth": 3.0, "num_boost_round": 45.0}, "datetime": {"datetime": "2024-01-19 02:10:55", "elapsed": 7163.094865, "delta": 0.008173}}
{"target": -17.67713203037625, "params": {"gamma": 712.8232594770877, "log10_alpha": -3.2926342758250087, "log10_colsample_bytree": -0.9920934817117345, "log10_eta": -3.9833745555647955, "log10_lambda": 0.23729039218506998, "log10_min_child_weight": 1.0256424841304923, "log10_subsample": -0.9070915996412177, "max_depth": 3.0, "num_boost_round": 46.0}, "datetime": {"datetime": "2024-01-19 02:10:55", "elapsed": 7163.103146, "delta": 0.008281}}
{"target": -17.67712985099463, "params": {"gamma": 712.8232594770877, "log10_alpha": -3.2926342758250087, "log10_colsample_bytree": -0.9920934817117345, "log10_eta": -3.9833745555647955, "log10_lambda": 0.23729039218506998, "log10_min_child_weight": 1.0256424841304923, "log10_subsample": -0.9070915996412177, "max_depth": 3.0, "num_boost_round": 47.0}, "datetime": {"datetime": "2024-01-19 02:10:55", "elapsed": 7163.111468, "delta": 0.008322}}
{"target": -17.677127210334472, "params": {"gamma": 712.8232594770877, "log10_alpha": -3.2926342758250087, "log10_colsample_bytree": -0.9920934817117345, "log10_eta": -3.9833745555647955, "log10_lambda": 0.23729039218506998, "log10_min_child_weight": 1.0256424841304923, "log10_subsample": -0.9070915996412177, "max_depth": 3.0, "num_boost_round": 48.0}, "datetime": {"datetime": "2024-01-19 02:10:55", "elapsed": 7163.119753, "delta": 0.008285}}
{"target": -17.677126356182725, "params": {"gamma": 712.8232594770877, "log10_alpha": -3.2926342758250087, "log10_colsample_bytree": -0.9920934817117345, "log10_eta": -3.9833745555647955, "log10_lambda": 0.23729039218506998, "log10_min_child_weight": 1.0256424841304923, "log10_subsample": -0.9070915996412177, "max_depth": 3.0, "num_boost_round": 49.0}, "datetime": {"datetime": "2024-01-19 02:10:55", "elapsed": 7163.127915, "delta": 0.008162}}
{"target": -17.67712673575734, "params": {"gamma": 712.8232594770877, "log10_alpha": -3.2926342758250087, "log10_colsample_bytree": -0.9920934817117345, "log10_eta": -3.9833745555647955, "log10_lambda": 0.23729039218506998, "log10_min_child_weight": 1.0256424841304923, "log10_subsample": -0.9070915996412177, "max_depth": 3.0, "num_boost_round": 50.0}, "datetime": {"datetime": "2024-01-19 02:10:55", "elapsed": 7163.136196, "delta": 0.008281}}
{"target": -17.677127325915936, "params": {"gamma": 712.8232594770877, "log10_alpha": -3.2926342758250087, "log10_colsample_bytree": -0.9920934817117345, "log10_eta": -3.9833745555647955, "log10_lambda": 0.23729039218506998, "log10_min_child_weight": 1.0256424841304923, "log10_subsample": -0.9070915996412177, "max_depth": 3.0, "num_boost_round": 51.0}, "datetime": {"datetime": "2024-01-19 02:10:55", "elapsed": 7163.144786, "delta": 0.00859}}
{"target": -17.677126760531866, "params": {"gamma": 712.8232594770877, "log10_alpha": -3.2926342758250087, "log10_colsample_bytree": -0.9920934817117345, "log10_eta": -3.9833745555647955, "log10_lambda": 0.23729039218506998, "log10_min_child_weight": 1.0256424841304923, "log10_subsample": -0.9070915996412177, "max_depth": 3.0, "num_boost_round": 52.0}, "datetime": {"datetime": "2024-01-19 02:10:55", "elapsed": 7163.153198, "delta": 0.008412}}
{"target": -17.67712697964483, "params": {"gamma": 712.8232594770877, "log10_alpha": -3.2926342758250087, "log10_colsample_bytree": -0.9920934817117345, "log10_eta": -3.9833745555647955, "log10_lambda": 0.23729039218506998, "log10_min_child_weight": 1.0256424841304923, "log10_subsample": -0.9070915996412177, "max_depth": 3.0, "num_boost_round": 53.0}, "datetime": {"datetime": "2024-01-19 02:10:55", "elapsed": 7163.161303, "delta": 0.008105}}
{"target": -17.677125654886666, "params": {"gamma": 712.8232594770877, "log10_alpha": -3.2926342758250087, "log10_colsample_bytree": -0.9920934817117345, "log10_eta": -3.9833745555647955, "log10_lambda": 0.23729039218506998, "log10_min_child_weight": 1.0256424841304923, "log10_subsample": -0.9070915996412177, "max_depth": 3.0, "num_boost_round": 54.0}, "datetime": {"datetime": "2024-01-19 02:10:55", "elapsed": 7163.16962, "delta": 0.008317}}
{"target": -17.67712195078257, "params": {"gamma": 712.8232594770877, "log10_alpha": -3.2926342758250087, "log10_colsample_bytree": -0.9920934817117345, "log10_eta": -3.9833745555647955, "log10_lambda": 0.23729039218506998, "log10_min_child_weight": 1.0256424841304923, "log10_subsample": -0.9070915996412177, "max_depth": 3.0, "num_boost_round": 55.0}, "datetime": {"datetime": "2024-01-19 02:10:55", "elapsed": 7163.178981, "delta": 0.009361}}
{"target": -17.677124203568546, "params": {"gamma": 712.8232594770877, "log10_alpha": -3.2926342758250087, "log10_colsample_bytree": -0.9920934817117345, "log10_eta": -3.9833745555647955, "log10_lambda": 0.23729039218506998, "log10_min_child_weight": 1.0256424841304923, "log10_subsample": -0.9070915996412177, "max_depth": 3.0, "num_boost_round": 56.0}, "datetime": {"datetime": "2024-01-19 02:10:55", "elapsed": 7163.18856, "delta": 0.009579}}
{"target": -17.677120749555893, "params": {"gamma": 712.8232594770877, "log10_alpha": -3.2926342758250087, "log10_colsample_bytree": -0.9920934817117345, "log10_eta": -3.9833745555647955, "log10_lambda": 0.23729039218506998, "log10_min_child_weight": 1.0256424841304923, "log10_subsample": -0.9070915996412177, "max_depth": 3.0, "num_boost_round": 57.0}, "datetime": {"datetime": "2024-01-19 02:10:55", "elapsed": 7163.197369, "delta": 0.008809}}
{"target": -17.677118483006836, "params": {"gamma": 712.8232594770877, "log10_alpha": -3.2926342758250087, "log10_colsample_bytree": -0.9920934817117345, "log10_eta": -3.9833745555647955, "log10_lambda": 0.23729039218506998, "log10_min_child_weight": 1.0256424841304923, "log10_subsample": -0.9070915996412177, "max_depth": 3.0, "num_boost_round": 58.0}, "datetime": {"datetime": "2024-01-19 02:10:55", "elapsed": 7163.205216, "delta": 0.007847}}
{"target": -17.677116203731345, "params": {"gamma": 712.8232594770877, "log10_alpha": -3.2926342758250087, "log10_colsample_bytree": -0.9920934817117345, "log10_eta": -3.9833745555647955, "log10_lambda": 0.23729039218506998, "log10_min_child_weight": 1.0256424841304923, "log10_subsample": -0.9070915996412177, "max_depth": 3.0, "num_boost_round": 59.0}, "datetime": {"datetime": "2024-01-19 02:10:55", "elapsed": 7163.212957, "delta": 0.007741}}
{"target": -17.67711644092901, "params": {"gamma": 712.8232594770877, "log10_alpha": -3.2926342758250087, "log10_colsample_bytree": -0.9920934817117345, "log10_eta": -3.9833745555647955, "log10_lambda": 0.23729039218506998, "log10_min_child_weight": 1.0256424841304923, "log10_subsample": -0.9070915996412177, "max_depth": 3.0, "num_boost_round": 60.0}, "datetime": {"datetime": "2024-01-19 02:10:55", "elapsed": 7163.220997, "delta": 0.00804}}
{"target": -17.677111446719504, "params": {"gamma": 712.8232594770877, "log10_alpha": -3.2926342758250087, "log10_colsample_bytree": -0.9920934817117345, "log10_eta": -3.9833745555647955, "log10_lambda": 0.23729039218506998, "log10_min_child_weight": 1.0256424841304923, "log10_subsample": -0.9070915996412177, "max_depth": 3.0, "num_boost_round": 61.0}, "datetime": {"datetime": "2024-01-19 02:10:55", "elapsed": 7163.22882, "delta": 0.007823}}
{"target": -17.67710779970786, "params": {"gamma": 712.8232594770877, "log10_alpha": -3.2926342758250087, "log10_colsample_bytree": -0.9920934817117345, "log10_eta": -3.9833745555647955, "log10_lambda": 0.23729039218506998, "log10_min_child_weight": 1.0256424841304923, "log10_subsample": -0.9070915996412177, "max_depth": 3.0, "num_boost_round": 62.0}, "datetime": {"datetime": "2024-01-19 02:10:55", "elapsed": 7163.236595, "delta": 0.007775}}
{"target": -17.677102554529405, "params": {"gamma": 712.8232594770877, "log10_alpha": -3.2926342758250087, "log10_colsample_bytree": -0.9920934817117345, "log10_eta": -3.9833745555647955, "log10_lambda": 0.23729039218506998, "log10_min_child_weight": 1.0256424841304923, "log10_subsample": -0.9070915996412177, "max_depth": 3.0, "num_boost_round": 63.0}, "datetime": {"datetime": "2024-01-19 02:10:55", "elapsed": 7163.244306, "delta": 0.007711}}
{"target": -17.67710340172565, "params": {"gamma": 712.8232594770877, "log10_alpha": -3.2926342758250087, "log10_colsample_bytree": -0.9920934817117345, "log10_eta": -3.9833745555647955, "log10_lambda": 0.23729039218506998, "log10_min_child_weight": 1.0256424841304923, "log10_subsample": -0.9070915996412177, "max_depth": 3.0, "num_boost_round": 64.0}, "datetime": {"datetime": "2024-01-19 02:10:55", "elapsed": 7163.252003, "delta": 0.007697}}
{"target": -17.677101944560775, "params": {"gamma": 712.8232594770877, "log10_alpha": -3.2926342758250087, "log10_colsample_bytree": -0.9920934817117345, "log10_eta": -3.9833745555647955, "log10_lambda": 0.23729039218506998, "log10_min_child_weight": 1.0256424841304923, "log10_subsample": -0.9070915996412177, "max_depth": 3.0, "num_boost_round": 65.0}, "datetime": {"datetime": "2024-01-19 02:10:55", "elapsed": 7163.259606, "delta": 0.007603}}
{"target": -17.677099617643016, "params": {"gamma": 712.8232594770877, "log10_alpha": -3.2926342758250087, "log10_colsample_bytree": -0.9920934817117345, "log10_eta": -3.9833745555647955, "log10_lambda": 0.23729039218506998, "log10_min_child_weight": 1.0256424841304923, "log10_subsample": -0.9070915996412177, "max_depth": 3.0, "num_boost_round": 66.0}, "datetime": {"datetime": "2024-01-19 02:10:55", "elapsed": 7163.267192, "delta": 0.007586}}
{"target": -17.677094835857716, "params": {"gamma": 712.8232594770877, "log10_alpha": -3.2926342758250087, "log10_colsample_bytree": -0.9920934817117345, "log10_eta": -3.9833745555647955, "log10_lambda": 0.23729039218506998, "log10_min_child_weight": 1.0256424841304923, "log10_subsample": -0.9070915996412177, "max_depth": 3.0, "num_boost_round": 67.0}, "datetime": {"datetime": "2024-01-19 02:10:55", "elapsed": 7163.275067, "delta": 0.007875}}
{"target": -17.67709584414617, "params": {"gamma": 712.8232594770877, "log10_alpha": -3.2926342758250087, "log10_colsample_bytree": -0.9920934817117345, "log10_eta": -3.9833745555647955, "log10_lambda": 0.23729039218506998, "log10_min_child_weight": 1.0256424841304923, "log10_subsample": -0.9070915996412177, "max_depth": 3.0, "num_boost_round": 68.0}, "datetime": {"datetime": "2024-01-19 02:10:55", "elapsed": 7163.283952, "delta": 0.008885}}
{"target": -17.677095773264586, "params": {"gamma": 712.8232594770877, "log10_alpha": -3.2926342758250087, "log10_colsample_bytree": -0.9920934817117345, "log10_eta": -3.9833745555647955, "log10_lambda": 0.23729039218506998, "log10_min_child_weight": 1.0256424841304923, "log10_subsample": -0.9070915996412177, "max_depth": 3.0, "num_boost_round": 69.0}, "datetime": {"datetime": "2024-01-19 02:10:55", "elapsed": 7163.292096, "delta": 0.008144}}
{"target": -17.67709845166837, "params": {"gamma": 712.8232594770877, "log10_alpha": -3.2926342758250087, "log10_colsample_bytree": -0.9920934817117345, "log10_eta": -3.9833745555647955, "log10_lambda": 0.23729039218506998, "log10_min_child_weight": 1.0256424841304923, "log10_subsample": -0.9070915996412177, "max_depth": 3.0, "num_boost_round": 70.0}, "datetime": {"datetime": "2024-01-19 02:10:55", "elapsed": 7163.3, "delta": 0.007904}}
{"target": -17.677097254504535, "params": {"gamma": 712.8232594770877, "log10_alpha": -3.2926342758250087, "log10_colsample_bytree": -0.9920934817117345, "log10_eta": -3.9833745555647955, "log10_lambda": 0.23729039218506998, "log10_min_child_weight": 1.0256424841304923, "log10_subsample": -0.9070915996412177, "max_depth": 3.0, "num_boost_round": 71.0}, "datetime": {"datetime": "2024-01-19 02:10:55", "elapsed": 7163.307123, "delta": 0.007123}}
{"target": -17.677095731426977, "params": {"gamma": 712.8232594770877, "log10_alpha": -3.2926342758250087, "log10_colsample_bytree": -0.9920934817117345, "log10_eta": -3.9833745555647955, "log10_lambda": 0.23729039218506998, "log10_min_child_weight": 1.0256424841304923, "log10_subsample": -0.9070915996412177, "max_depth": 3.0, "num_boost_round": 72.0}, "datetime": {"datetime": "2024-01-19 02:10:55", "elapsed": 7163.314828, "delta": 0.007705}}
{"target": -17.677094091236953, "params": {"gamma": 712.8232594770877, "log10_alpha": -3.2926342758250087, "log10_colsample_bytree": -0.9920934817117345, "log10_eta": -3.9833745555647955, "log10_lambda": 0.23729039218506998, "log10_min_child_weight": 1.0256424841304923, "log10_subsample": -0.9070915996412177, "max_depth": 3.0, "num_boost_round": 73.0}, "datetime": {"datetime": "2024-01-19 02:10:55", "elapsed": 7163.322597, "delta": 0.007769}}
{"target": -17.677092115828618, "params": {"gamma": 712.8232594770877, "log10_alpha": -3.2926342758250087, "log10_colsample_bytree": -0.9920934817117345, "log10_eta": -3.9833745555647955, "log10_lambda": 0.23729039218506998, "log10_min_child_weight": 1.0256424841304923, "log10_subsample": -0.9070915996412177, "max_depth": 3.0, "num_boost_round": 74.0}, "datetime": {"datetime": "2024-01-19 02:10:55", "elapsed": 7163.330311, "delta": 0.007714}}
{"target": -17.677090475411607, "params": {"gamma": 712.8232594770877, "log10_alpha": -3.2926342758250087, "log10_colsample_bytree": -0.9920934817117345, "log10_eta": -3.9833745555647955, "log10_lambda": 0.23729039218506998, "log10_min_child_weight": 1.0256424841304923, "log10_subsample": -0.9070915996412177, "max_depth": 3.0, "num_boost_round": 75.0}, "datetime": {"datetime": "2024-01-19 02:10:55", "elapsed": 7163.338076, "delta": 0.007765}}
{"target": -17.677087420041328, "params": {"gamma": 712.8232594770877, "log10_alpha": -3.2926342758250087, "log10_colsample_bytree": -0.9920934817117345, "log10_eta": -3.9833745555647955, "log10_lambda": 0.23729039218506998, "log10_min_child_weight": 1.0256424841304923, "log10_subsample": -0.9070915996412177, "max_depth": 3.0, "num_boost_round": 76.0}, "datetime": {"datetime": "2024-01-19 02:10:56", "elapsed": 7163.345748, "delta": 0.007672}}
{"target": -17.677085442484795, "params": {"gamma": 712.8232594770877, "log10_alpha": -3.2926342758250087, "log10_colsample_bytree": -0.9920934817117345, "log10_eta": -3.9833745555647955, "log10_lambda": 0.23729039218506998, "log10_min_child_weight": 1.0256424841304923, "log10_subsample": -0.9070915996412177, "max_depth": 3.0, "num_boost_round": 77.0}, "datetime": {"datetime": "2024-01-19 02:10:56", "elapsed": 7163.353693, "delta": 0.007945}}
{"target": -17.670976366610077, "params": {"gamma": 111.94725200894761, "log10_alpha": 0.7968969133665249, "log10_colsample_bytree": -0.8663864962241824, "log10_eta": -0.17240401826182872, "log10_lambda": -4.322097009604366, "log10_min_child_weight": 2.3661483965055883, "log10_subsample": -0.39516817804116133, "max_depth": 2.0, "num_boost_round": 0.0}, "datetime": {"datetime": "2024-01-19 02:13:09", "elapsed": 7297.334987, "delta": 133.981294}}
{"target": -17.685123823446094, "params": {"gamma": 111.94725200894761, "log10_alpha": 0.7968969133665249, "log10_colsample_bytree": -0.8663864962241824, "log10_eta": -0.17240401826182872, "log10_lambda": -4.322097009604366, "log10_min_child_weight": 2.3661483965055883, "log10_subsample": -0.39516817804116133, "max_depth": 2.0, "num_boost_round": 1.0}, "datetime": {"datetime": "2024-01-19 02:13:10", "elapsed": 7297.343909, "delta": 0.008922}}
{"target": -17.69941124850477, "params": {"gamma": 111.94725200894761, "log10_alpha": 0.7968969133665249, "log10_colsample_bytree": -0.8663864962241824, "log10_eta": -0.17240401826182872, "log10_lambda": -4.322097009604366, "log10_min_child_weight": 2.3661483965055883, "log10_subsample": -0.39516817804116133, "max_depth": 2.0, "num_boost_round": 2.0}, "datetime": {"datetime": "2024-01-19 02:13:10", "elapsed": 7297.35221, "delta": 0.008301}}
{"target": -17.7048336466557, "params": {"gamma": 111.94725200894761, "log10_alpha": 0.7968969133665249, "log10_colsample_bytree": -0.8663864962241824, "log10_eta": -0.17240401826182872, "log10_lambda": -4.322097009604366, "log10_min_child_weight": 2.3661483965055883, "log10_subsample": -0.39516817804116133, "max_depth": 2.0, "num_boost_round": 3.0}, "datetime": {"datetime": "2024-01-19 02:13:10", "elapsed": 7297.360272, "delta": 0.008062}}
{"target": -17.709446914969405, "params": {"gamma": 111.94725200894761, "log10_alpha": 0.7968969133665249, "log10_colsample_bytree": -0.8663864962241824, "log10_eta": -0.17240401826182872, "log10_lambda": -4.322097009604366, "log10_min_child_weight": 2.3661483965055883, "log10_subsample": -0.39516817804116133, "max_depth": 2.0, "num_boost_round": 4.0}, "datetime": {"datetime": "2024-01-19 02:13:10", "elapsed": 7297.367998, "delta": 0.007726}}
{"target": -17.71086097632869, "params": {"gamma": 111.94725200894761, "log10_alpha": 0.7968969133665249, "log10_colsample_bytree": -0.8663864962241824, "log10_eta": -0.17240401826182872, "log10_lambda": -4.322097009604366, "log10_min_child_weight": 2.3661483965055883, "log10_subsample": -0.39516817804116133, "max_depth": 2.0, "num_boost_round": 5.0}, "datetime": {"datetime": "2024-01-19 02:13:10", "elapsed": 7297.375463, "delta": 0.007465}}
{"target": -17.72728493154993, "params": {"gamma": 111.94725200894761, "log10_alpha": 0.7968969133665249, "log10_colsample_bytree": -0.8663864962241824, "log10_eta": -0.17240401826182872, "log10_lambda": -4.322097009604366, "log10_min_child_weight": 2.3661483965055883, "log10_subsample": -0.39516817804116133, "max_depth": 2.0, "num_boost_round": 6.0}, "datetime": {"datetime": "2024-01-19 02:13:10", "elapsed": 7297.383243, "delta": 0.00778}}
{"target": -17.864910840115662, "params": {"gamma": 111.94725200894761, "log10_alpha": 0.7968969133665249, "log10_colsample_bytree": -0.8663864962241824, "log10_eta": -0.17240401826182872, "log10_lambda": -4.322097009604366, "log10_min_child_weight": 2.3661483965055883, "log10_subsample": -0.39516817804116133, "max_depth": 2.0, "num_boost_round": 7.0}, "datetime": {"datetime": "2024-01-19 02:13:10", "elapsed": 7297.390716, "delta": 0.007473}}
{"target": -17.872208500479868, "params": {"gamma": 111.94725200894761, "log10_alpha": 0.7968969133665249, "log10_colsample_bytree": -0.8663864962241824, "log10_eta": -0.17240401826182872, "log10_lambda": -4.322097009604366, "log10_min_child_weight": 2.3661483965055883, "log10_subsample": -0.39516817804116133, "max_depth": 2.0, "num_boost_round": 8.0}, "datetime": {"datetime": "2024-01-19 02:13:10", "elapsed": 7297.398198, "delta": 0.007482}}
{"target": -17.870139094048533, "params": {"gamma": 111.94725200894761, "log10_alpha": 0.7968969133665249, "log10_colsample_bytree": -0.8663864962241824, "log10_eta": -0.17240401826182872, "log10_lambda": -4.322097009604366, "log10_min_child_weight": 2.3661483965055883, "log10_subsample": -0.39516817804116133, "max_depth": 2.0, "num_boost_round": 9.0}, "datetime": {"datetime": "2024-01-19 02:13:10", "elapsed": 7297.405618, "delta": 0.00742}}
{"target": -17.890853751294014, "params": {"gamma": 111.94725200894761, "log10_alpha": 0.7968969133665249, "log10_colsample_bytree": -0.8663864962241824, "log10_eta": -0.17240401826182872, "log10_lambda": -4.322097009604366, "log10_min_child_weight": 2.3661483965055883, "log10_subsample": -0.39516817804116133, "max_depth": 2.0, "num_boost_round": 10.0}, "datetime": {"datetime": "2024-01-19 02:13:10", "elapsed": 7297.413515, "delta": 0.007897}}
