{"target": -13.758478532382693, "params": {"gamma": 571.1758858416594, "log10_alpha": 0.3601436744100246, "log10_colsample_bytree": -0.7913593571633648, "log10_eta": -3.778296869323172, "log10_lambda": -1.4825755531126066, "log10_min_child_weight": 4.229095451024232, "log10_subsample": -0.017650338335196802, "max_depth": 7.0, "num_boost_round": 43.0}, "datetime": {"datetime": "2024-01-19 01:42:54", "elapsed": 5506.165973, "delta": 0.005422}}
{"target": -13.758477440316787, "params": {"gamma": 571.1758858416594, "log10_alpha": 0.3601436744100246, "log10_colsample_bytree": -0.7913593571633648, "log10_eta": -3.778296869323172, "log10_lambda": -1.4825755531126066, "log10_min_child_weight": 4.229095451024232, "log10_subsample": -0.017650338335196802, "max_depth": 7.0, "num_boost_round": 44.0}, "datetime": {"datetime": "2024-01-19 01:42:54", "elapsed": 5506.171462, "delta": 0.005489}}
{"target": -13.7584761059657, "params": {"gamma": 571.1758858416594, "log10_alpha": 0.3601436744100246, "log10_colsample_bytree": -0.7913593571633648, "log10_eta": -3.778296869323172, "log10_lambda": -1.4825755531126066, "log10_min_child_weight": 4.229095451024232, "log10_subsample": -0.017650338335196802, "max_depth": 7.0, "num_boost_round": 45.0}, "datetime": {"datetime": "2024-01-19 01:42:54", "elapsed": 5506.176909, "delta": 0.005447}}
{"target": -13.75847418672865, "params": {"gamma": 571.1758858416594, "log10_alpha": 0.3601436744100246, "log10_colsample_bytree": -0.7913593571633648, "log10_eta": -3.778296869323172, "log10_lambda": -1.4825755531126066, "log10_min_child_weight": 4.229095451024232, "log10_subsample": -0.017650338335196802, "max_depth": 7.0, "num_boost_round": 46.0}, "datetime": {"datetime": "2024-01-19 01:42:54", "elapsed": 5506.182373, "delta": 0.005464}}
{"target": -13.758472977984294, "params": {"gamma": 571.1758858416594, "log10_alpha": 0.3601436744100246, "log10_colsample_bytree": -0.7913593571633648, "log10_eta": -3.778296869323172, "log10_lambda": -1.4825755531126066, "log10_min_child_weight": 4.229095451024232, "log10_subsample": -0.017650338335196802, "max_depth": 7.0, "num_boost_round": 47.0}, "datetime": {"datetime": "2024-01-19 01:42:54", "elapsed": 5506.187936, "delta": 0.005563}}
{"target": -13.758471791909399, "params": {"gamma": 571.1758858416594, "log10_alpha": 0.3601436744100246, "log10_colsample_bytree": -0.7913593571633648, "log10_eta": -3.778296869323172, "log10_lambda": -1.4825755531126066, "log10_min_child_weight": 4.229095451024232, "log10_subsample": -0.017650338335196802, "max_depth": 7.0, "num_boost_round": 48.0}, "datetime": {"datetime": "2024-01-19 01:42:54", "elapsed": 5506.193596, "delta": 0.00566}}
{"target": -13.758470343289902, "params": {"gamma": 571.1758858416594, "log10_alpha": 0.3601436744100246, "log10_colsample_bytree": -0.7913593571633648, "log10_eta": -3.778296869323172, "log10_lambda": -1.4825755531126066, "log10_min_child_weight": 4.229095451024232, "log10_subsample": -0.017650338335196802, "max_depth": 7.0, "num_boost_round": 49.0}, "datetime": {"datetime": "2024-01-19 01:42:54", "elapsed": 5506.199125, "delta": 0.005529}}
{"target": -13.758469117551687, "params": {"gamma": 571.1758858416594, "log10_alpha": 0.3601436744100246, "log10_colsample_bytree": -0.7913593571633648, "log10_eta": -3.778296869323172, "log10_lambda": -1.4825755531126066, "log10_min_child_weight": 4.229095451024232, "log10_subsample": -0.017650338335196802, "max_depth": 7.0, "num_boost_round": 50.0}, "datetime": {"datetime": "2024-01-19 01:42:54", "elapsed": 5506.205492, "delta": 0.006367}}
{"target": -13.758468355254921, "params": {"gamma": 571.1758858416594, "log10_alpha": 0.3601436744100246, "log10_colsample_bytree": -0.7913593571633648, "log10_eta": -3.778296869323172, "log10_lambda": -1.4825755531126066, "log10_min_child_weight": 4.229095451024232, "log10_subsample": -0.017650338335196802, "max_depth": 7.0, "num_boost_round": 51.0}, "datetime": {"datetime": "2024-01-19 01:42:54", "elapsed": 5506.211434, "delta": 0.005942}}
{"target": -13.75846923106305, "params": {"gamma": 571.1758858416594, "log10_alpha": 0.3601436744100246, "log10_colsample_bytree": -0.7913593571633648, "log10_eta": -3.778296869323172, "log10_lambda": -1.4825755531126066, "log10_min_child_weight": 4.229095451024232, "log10_subsample": -0.017650338335196802, "max_depth": 7.0, "num_boost_round": 52.0}, "datetime": {"datetime": "2024-01-19 01:42:54", "elapsed": 5506.217232, "delta": 0.005798}}
{"target": -13.758466295519762, "params": {"gamma": 571.1758858416594, "log10_alpha": 0.3601436744100246, "log10_colsample_bytree": -0.7913593571633648, "log10_eta": -3.778296869323172, "log10_lambda": -1.4825755531126066, "log10_min_child_weight": 4.229095451024232, "log10_subsample": -0.017650338335196802, "max_depth": 7.0, "num_boost_round": 53.0}, "datetime": {"datetime": "2024-01-19 01:42:54", "elapsed": 5506.227047, "delta": 0.009815}}
{"target": -13.758463335296577, "params": {"gamma": 571.1758858416594, "log10_alpha": 0.3601436744100246, "log10_colsample_bytree": -0.7913593571633648, "log10_eta": -3.778296869323172, "log10_lambda": -1.4825755531126066, "log10_min_child_weight": 4.229095451024232, "log10_subsample": -0.017650338335196802, "max_depth": 7.0, "num_boost_round": 54.0}, "datetime": {"datetime": "2024-01-19 01:42:54", "elapsed": 5506.232763, "delta": 0.005716}}
{"target": -13.758465820394624, "params": {"gamma": 571.1758858416594, "log10_alpha": 0.3601436744100246, "log10_colsample_bytree": -0.7913593571633648, "log10_eta": -3.778296869323172, "log10_lambda": -1.4825755531126066, "log10_min_child_weight": 4.229095451024232, "log10_subsample": -0.017650338335196802, "max_depth": 7.0, "num_boost_round": 55.0}, "datetime": {"datetime": "2024-01-19 01:42:54", "elapsed": 5506.238626, "delta": 0.005863}}
{"target": -13.758465278460806, "params": {"gamma": 558.4834166909992, "log10_alpha": 0.7899057925477857, "log10_colsample_bytree": -0.5342945595412757, "log10_eta": -2.5238953070941985, "log10_lambda": 0.3141683506046977, "log10_min_child_weight": 3.083396154686983, "log10_subsample": -0.5691080614573669, "max_depth": 8.0, "num_boost_round": 0.0}, "datetime": {"datetime": "2024-01-19 01:43:57", "elapsed": 5569.776863, "delta": 63.538237}}
{"target": -13.758331017582119, "params": {"gamma": 558.4834166909992, "log10_alpha": 0.7899057925477857, "log10_colsample_bytree": -0.5342945595412757, "log10_eta": -2.5238953070941985, "log10_lambda": 0.3141683506046977, "log10_min_child_weight": 3.083396154686983, "log10_subsample": -0.5691080614573669, "max_depth": 8.0, "num_boost_round": 1.0}, "datetime": {"datetime": "2024-01-19 01:43:57", "elapsed": 5569.783369, "delta": 0.006506}}
{"target": -13.758257312805412, "params": {"gamma": 558.4834166909992, "log10_alpha": 0.7899057925477857, "log10_colsample_bytree": -0.5342945595412757, "log10_eta": -2.5238953070941985, "log10_lambda": 0.3141683506046977, "log10_min_child_weight": 3.083396154686983, "log10_subsample": -0.5691080614573669, "max_depth": 8.0, "num_boost_round": 2.0}, "datetime": {"datetime": "2024-01-19 01:43:57", "elapsed": 5569.789802, "delta": 0.006433}}
{"target": -13.758276067989282, "params": {"gamma": 558.4834166909992, "log10_alpha": 0.7899057925477857, "log10_colsample_bytree": -0.5342945595412757, "log10_eta": -2.5238953070941985, "log10_lambda": 0.3141683506046977, "log10_min_child_weight": 3.083396154686983, "log10_subsample": -0.5691080614573669, "max_depth": 8.0, "num_boost_round": 3.0}, "datetime": {"datetime": "2024-01-19 01:43:57", "elapsed": 5569.795499, "delta": 0.005697}}
{"target": -13.758141182789865, "params": {"gamma": 558.4834166909992, "log10_alpha": 0.7899057925477857, "log10_colsample_bytree": -0.5342945595412757, "log10_eta": -2.5238953070941985, "log10_lambda": 0.3141683506046977, "log10_min_child_weight": 3.083396154686983, "log10_subsample": -0.5691080614573669, "max_depth": 8.0, "num_boost_round": 4.0}, "datetime": {"datetime": "2024-01-19 01:43:57", "elapsed": 5569.80096, "delta": 0.005461}}
{"target": -13.75799347131256, "params": {"gamma": 558.4834166909992, "log10_alpha": 0.7899057925477857, "log10_colsample_bytree": -0.5342945595412757, "log10_eta": -2.5238953070941985, "log10_lambda": 0.3141683506046977, "log10_min_child_weight": 3.083396154686983, "log10_subsample": -0.5691080614573669, "max_depth": 8.0, "num_boost_round": 5.0}, "datetime": {"datetime": "2024-01-19 01:43:58", "elapsed": 5569.806578, "delta": 0.005618}}
{"target": -13.757948942341779, "params": {"gamma": 558.4834166909992, "log10_alpha": 0.7899057925477857, "log10_colsample_bytree": -0.5342945595412757, "log10_eta": -2.5238953070941985, "log10_lambda": 0.3141683506046977, "log10_min_child_weight": 3.083396154686983, "log10_subsample": -0.5691080614573669, "max_depth": 8.0, "num_boost_round": 6.0}, "datetime": {"datetime": "2024-01-19 01:43:58", "elapsed": 5569.812071, "delta": 0.005493}}
{"target": -13.757896307944694, "params": {"gamma": 558.4834166909992, "log10_alpha": 0.7899057925477857, "log10_colsample_bytree": -0.5342945595412757, "log10_eta": -2.5238953070941985, "log10_lambda": 0.3141683506046977, "log10_min_child_weight": 3.083396154686983, "log10_subsample": -0.5691080614573669, "max_depth": 8.0, "num_boost_round": 7.0}, "datetime": {"datetime": "2024-01-19 01:43:58", "elapsed": 5569.817671, "delta": 0.0056}}
{"target": -13.757793014297011, "params": {"gamma": 558.4834166909992, "log10_alpha": 0.7899057925477857, "log10_colsample_bytree": -0.5342945595412757, "log10_eta": -2.5238953070941985, "log10_lambda": 0.3141683506046977, "log10_min_child_weight": 3.083396154686983, "log10_subsample": -0.5691080614573669, "max_depth": 8.0, "num_boost_round": 8.0}, "datetime": {"datetime": "2024-01-19 01:43:58", "elapsed": 5569.823543, "delta": 0.005872}}
{"target": -13.757802457577776, "params": {"gamma": 558.4834166909992, "log10_alpha": 0.7899057925477857, "log10_colsample_bytree": -0.5342945595412757, "log10_eta": -2.5238953070941985, "log10_lambda": 0.3141683506046977, "log10_min_child_weight": 3.083396154686983, "log10_subsample": -0.5691080614573669, "max_depth": 8.0, "num_boost_round": 9.0}, "datetime": {"datetime": "2024-01-19 01:43:58", "elapsed": 5569.829366, "delta": 0.005823}}
{"target": -13.75774321191872, "params": {"gamma": 558.4834166909992, "log10_alpha": 0.7899057925477857, "log10_colsample_bytree": -0.5342945595412757, "log10_eta": -2.5238953070941985, "log10_lambda": 0.3141683506046977, "log10_min_child_weight": 3.083396154686983, "log10_subsample": -0.5691080614573669, "max_depth": 8.0, "num_boost_round": 10.0}, "datetime": {"datetime": "2024-01-19 01:43:58", "elapsed": 5569.834813, "delta": 0.005447}}
{"target": -13.757709553900046, "params": {"gamma": 558.4834166909992, "log10_alpha": 0.7899057925477857, "log10_colsample_bytree": -0.5342945595412757, "log10_eta": -2.5238953070941985, "log10_lambda": 0.3141683506046977, "log10_min_child_weight": 3.083396154686983, "log10_subsample": -0.5691080614573669, "max_depth": 8.0, "num_boost_round": 11.0}, "datetime": {"datetime": "2024-01-19 01:43:58", "elapsed": 5569.840374, "delta": 0.005561}}
{"target": -13.757700928501162, "params": {"gamma": 558.4834166909992, "log10_alpha": 0.7899057925477857, "log10_colsample_bytree": -0.5342945595412757, "log10_eta": -2.5238953070941985, "log10_lambda": 0.3141683506046977, "log10_min_child_weight": 3.083396154686983, "log10_subsample": -0.5691080614573669, "max_depth": 8.0, "num_boost_round": 12.0}, "datetime": {"datetime": "2024-01-19 01:43:58", "elapsed": 5569.846435, "delta": 0.006061}}
{"target": -13.757639765604107, "params": {"gamma": 558.4834166909992, "log10_alpha": 0.7899057925477857, "log10_colsample_bytree": -0.5342945595412757, "log10_eta": -2.5238953070941985, "log10_lambda": 0.3141683506046977, "log10_min_child_weight": 3.083396154686983, "log10_subsample": -0.5691080614573669, "max_depth": 8.0, "num_boost_round": 13.0}, "datetime": {"datetime": "2024-01-19 01:43:58", "elapsed": 5569.858391, "delta": 0.011956}}
{"target": -13.757620267876332, "params": {"gamma": 558.4834166909992, "log10_alpha": 0.7899057925477857, "log10_colsample_bytree": -0.5342945595412757, "log10_eta": -2.5238953070941985, "log10_lambda": 0.3141683506046977, "log10_min_child_weight": 3.083396154686983, "log10_subsample": -0.5691080614573669, "max_depth": 8.0, "num_boost_round": 14.0}, "datetime": {"datetime": "2024-01-19 01:43:58", "elapsed": 5569.865838, "delta": 0.007447}}
{"target": -13.7575398797845, "params": {"gamma": 558.4834166909992, "log10_alpha": 0.7899057925477857, "log10_colsample_bytree": -0.5342945595412757, "log10_eta": -2.5238953070941985, "log10_lambda": 0.3141683506046977, "log10_min_child_weight": 3.083396154686983, "log10_subsample": -0.5691080614573669, "max_depth": 8.0, "num_boost_round": 15.0}, "datetime": {"datetime": "2024-01-19 01:43:58", "elapsed": 5569.871833, "delta": 0.005995}}
{"target": -13.757547200014418, "params": {"gamma": 558.4834166909992, "log10_alpha": 0.7899057925477857, "log10_colsample_bytree": -0.5342945595412757, "log10_eta": -2.5238953070941985, "log10_lambda": 0.3141683506046977, "log10_min_child_weight": 3.083396154686983, "log10_subsample": -0.5691080614573669, "max_depth": 8.0, "num_boost_round": 16.0}, "datetime": {"datetime": "2024-01-19 01:43:58", "elapsed": 5569.877739, "delta": 0.005906}}
{"target": -13.75760772789677, "params": {"gamma": 558.4834166909992, "log10_alpha": 0.7899057925477857, "log10_colsample_bytree": -0.5342945595412757, "log10_eta": -2.5238953070941985, "log10_lambda": 0.3141683506046977, "log10_min_child_weight": 3.083396154686983, "log10_subsample": -0.5691080614573669, "max_depth": 8.0, "num_boost_round": 17.0}, "datetime": {"datetime": "2024-01-19 01:43:58", "elapsed": 5569.883502, "delta": 0.005763}}
{"target": -13.757547982629529, "params": {"gamma": 558.4834166909992, "log10_alpha": 0.7899057925477857, "log10_colsample_bytree": -0.5342945595412757, "log10_eta": -2.5238953070941985, "log10_lambda": 0.3141683506046977, "log10_min_child_weight": 3.083396154686983, "log10_subsample": -0.5691080614573669, "max_depth": 8.0, "num_boost_round": 18.0}, "datetime": {"datetime": "2024-01-19 01:43:58", "elapsed": 5569.889498, "delta": 0.005996}}
{"target": -13.758406039433392, "params": {"gamma": 562.4893857658559, "log10_alpha": -3.3691942114560063, "log10_colsample_bytree": -0.804266655449593, "log10_eta": -2.3209838495997563, "log10_lambda": -1.1855962558757742, "log10_min_child_weight": 2.787898581858856, "log10_subsample": -0.10971058369500519, "max_depth": 3.0, "num_boost_round": 0.0}, "datetime": {"datetime": "2024-01-19 01:46:25", "elapsed": 5717.382041, "delta": 147.492543}}
{"target": -13.758400810686991, "params": {"gamma": 562.4893857658559, "log10_alpha": -3.3691942114560063, "log10_colsample_bytree": -0.804266655449593, "log10_eta": -2.3209838495997563, "log10_lambda": -1.1855962558757742, "log10_min_child_weight": 2.787898581858856, "log10_subsample": -0.10971058369500519, "max_depth": 3.0, "num_boost_round": 1.0}, "datetime": {"datetime": "2024-01-19 01:46:25", "elapsed": 5717.388715, "delta": 0.006674}}
{"target": -13.758373683477219, "params": {"gamma": 562.4893857658559, "log10_alpha": -3.3691942114560063, "log10_colsample_bytree": -0.804266655449593, "log10_eta": -2.3209838495997563, "log10_lambda": -1.1855962558757742, "log10_min_child_weight": 2.787898581858856, "log10_subsample": -0.10971058369500519, "max_depth": 3.0, "num_boost_round": 2.0}, "datetime": {"datetime": "2024-01-19 01:46:25", "elapsed": 5717.394378, "delta": 0.005663}}
{"target": -13.758344843879264, "params": {"gamma": 562.4893857658559, "log10_alpha": -3.3691942114560063, "log10_colsample_bytree": -0.804266655449593, "log10_eta": -2.3209838495997563, "log10_lambda": -1.1855962558757742, "log10_min_child_weight": 2.787898581858856, "log10_subsample": -0.10971058369500519, "max_depth": 3.0, "num_boost_round": 3.0}, "datetime": {"datetime": "2024-01-19 01:46:25", "elapsed": 5717.40021, "delta": 0.005832}}
{"target": -13.758312259371008, "params": {"gamma": 562.4893857658559, "log10_alpha": -3.3691942114560063, "log10_colsample_bytree": -0.804266655449593, "log10_eta": -2.3209838495997563, "log10_lambda": -1.1855962558757742, "log10_min_child_weight": 2.787898581858856, "log10_subsample": -0.10971058369500519, "max_depth": 3.0, "num_boost_round": 4.0}, "datetime": {"datetime": "2024-01-19 01:46:25", "elapsed": 5717.406072, "delta": 0.005862}}
{"target": -13.75830685758596, "params": {"gamma": 562.4893857658559, "log10_alpha": -3.3691942114560063, "log10_colsample_bytree": -0.804266655449593, "log10_eta": -2.3209838495997563, "log10_lambda": -1.1855962558757742, "log10_min_child_weight": 2.787898581858856, "log10_subsample": -0.10971058369500519, "max_depth": 3.0, "num_boost_round": 5.0}, "datetime": {"datetime": "2024-01-19 01:46:25", "elapsed": 5717.411807, "delta": 0.005735}}
{"target": -13.758262465226855, "params": {"gamma": 562.4893857658559, "log10_alpha": -3.3691942114560063, "log10_colsample_bytree": -0.804266655449593, "log10_eta": -2.3209838495997563, "log10_lambda": -1.1855962558757742, "log10_min_child_weight": 2.787898581858856, "log10_subsample": -0.10971058369500519, "max_depth": 3.0, "num_boost_round": 6.0}, "datetime": {"datetime": "2024-01-19 01:46:25", "elapsed": 5717.417397, "delta": 0.00559}}
{"target": -13.758180160419757, "params": {"gamma": 562.4893857658559, "log10_alpha": -3.3691942114560063, "log10_colsample_bytree": -0.804266655449593, "log10_eta": -2.3209838495997563, "log10_lambda": -1.1855962558757742, "log10_min_child_weight": 2.787898581858856, "log10_subsample": -0.10971058369500519, "max_depth": 3.0, "num_boost_round": 7.0}, "datetime": {"datetime": "2024-01-19 01:46:25", "elapsed": 5717.423016, "delta": 0.005619}}
{"target": -13.758219232767376, "params": {"gamma": 562.4893857658559, "log10_alpha": -3.3691942114560063, "log10_colsample_bytree": -0.804266655449593, "log10_eta": -2.3209838495997563, "log10_lambda": -1.1855962558757742, "log10_min_child_weight": 2.787898581858856, "log10_subsample": -0.10971058369500519, "max_depth": 3.0, "num_boost_round": 8.0}, "datetime": {"datetime": "2024-01-19 01:46:25", "elapsed": 5717.42879, "delta": 0.005774}}
{"target": -13.758240043173494, "params": {"gamma": 562.4893857658559, "log10_alpha": -3.3691942114560063, "log10_colsample_bytree": -0.804266655449593, "log10_eta": -2.3209838495997563, "log10_lambda": -1.1855962558757742, "log10_min_child_weight": 2.787898581858856, "log10_subsample": -0.10971058369500519, "max_depth": 3.0, "num_boost_round": 9.0}, "datetime": {"datetime": "2024-01-19 01:46:25", "elapsed": 5717.43459, "delta": 0.0058}}
{"target": -13.758201030744445, "params": {"gamma": 562.4893857658559, "log10_alpha": -3.3691942114560063, "log10_colsample_bytree": -0.804266655449593, "log10_eta": -2.3209838495997563, "log10_lambda": -1.1855962558757742, "log10_min_child_weight": 2.787898581858856, "log10_subsample": -0.10971058369500519, "max_depth": 3.0, "num_boost_round": 10.0}, "datetime": {"datetime": "2024-01-19 01:46:25", "elapsed": 5717.440461, "delta": 0.005871}}
{"target": -13.758142814594377, "params": {"gamma": 562.4893857658559, "log10_alpha": -3.3691942114560063, "log10_colsample_bytree": -0.804266655449593, "log10_eta": -2.3209838495997563, "log10_lambda": -1.1855962558757742, "log10_min_child_weight": 2.787898581858856, "log10_subsample": -0.10971058369500519, "max_depth": 3.0, "num_boost_round": 11.0}, "datetime": {"datetime": "2024-01-19 01:46:25", "elapsed": 5717.446671, "delta": 0.00621}}
{"target": -13.758074575168827, "params": {"gamma": 562.4893857658559, "log10_alpha": -3.3691942114560063, "log10_colsample_bytree": -0.804266655449593, "log10_eta": -2.3209838495997563, "log10_lambda": -1.1855962558757742, "log10_min_child_weight": 2.787898581858856, "log10_subsample": -0.10971058369500519, "max_depth": 3.0, "num_boost_round": 12.0}, "datetime": {"datetime": "2024-01-19 01:46:25", "elapsed": 5717.452502, "delta": 0.005831}}
{"target": -13.758014681387339, "params": {"gamma": 562.4893857658559, "log10_alpha": -3.3691942114560063, "log10_colsample_bytree": -0.804266655449593, "log10_eta": -2.3209838495997563, "log10_lambda": -1.1855962558757742, "log10_min_child_weight": 2.787898581858856, "log10_subsample": -0.10971058369500519, "max_depth": 3.0, "num_boost_round": 13.0}, "datetime": {"datetime": "2024-01-19 01:46:25", "elapsed": 5717.458121, "delta": 0.005619}}
{"target": -13.757980060405231, "params": {"gamma": 562.4893857658559, "log10_alpha": -3.3691942114560063, "log10_colsample_bytree": -0.804266655449593, "log10_eta": -2.3209838495997563, "log10_lambda": -1.1855962558757742, "log10_min_child_weight": 2.787898581858856, "log10_subsample": -0.10971058369500519, "max_depth": 3.0, "num_boost_round": 14.0}, "datetime": {"datetime": "2024-01-19 01:46:25", "elapsed": 5717.4636, "delta": 0.005479}}
{"target": -13.757864461918478, "params": {"gamma": 562.4893857658559, "log10_alpha": -3.3691942114560063, "log10_colsample_bytree": -0.804266655449593, "log10_eta": -2.3209838495997563, "log10_lambda": -1.1855962558757742, "log10_min_child_weight": 2.787898581858856, "log10_subsample": -0.10971058369500519, "max_depth": 3.0, "num_boost_round": 15.0}, "datetime": {"datetime": "2024-01-19 01:46:25", "elapsed": 5717.469226, "delta": 0.005626}}
{"target": -13.757831288416288, "params": {"gamma": 562.4893857658559, "log10_alpha": -3.3691942114560063, "log10_colsample_bytree": -0.804266655449593, "log10_eta": -2.3209838495997563, "log10_lambda": -1.1855962558757742, "log10_min_child_weight": 2.787898581858856, "log10_subsample": -0.10971058369500519, "max_depth": 3.0, "num_boost_round": 16.0}, "datetime": {"datetime": "2024-01-19 01:46:25", "elapsed": 5717.474804, "delta": 0.005578}}
