{"target": -17.69799726008621, "params": {"gamma": 561.2227159421362, "log10_alpha": -1.3083218798193585, "log10_colsample_bytree": -0.17296924317249562, "log10_eta": -0.44202876457794593, "log10_lambda": -0.6875616723944162, "log10_min_child_weight": 4.782338174930735, "log10_subsample": -0.38349150018158273, "max_depth": 6.0, "num_boost_round": 7.0}, "datetime": {"datetime": "2024-01-19 00:13:40", "elapsed": 118.172137, "delta": 0.000283}}
{"target": -17.69868656704949, "params": {"gamma": 561.2227159421362, "log10_alpha": -1.3083218798193585, "log10_colsample_bytree": -0.17296924317249562, "log10_eta": -0.44202876457794593, "log10_lambda": -0.6875616723944162, "log10_min_child_weight": 4.782338174930735, "log10_subsample": -0.38349150018158273, "max_depth": 6.0, "num_boost_round": 8.0}, "datetime": {"datetime": "2024-01-19 00:13:40", "elapsed": 118.172569, "delta": 0.000432}}
{"target": -17.698097740394818, "params": {"gamma": 561.2227159421362, "log10_alpha": -1.3083218798193585, "log10_colsample_bytree": -0.17296924317249562, "log10_eta": -0.44202876457794593, "log10_lambda": -0.6875616723944162, "log10_min_child_weight": 4.782338174930735, "log10_subsample": -0.38349150018158273, "max_depth": 6.0, "num_boost_round": 9.0}, "datetime": {"datetime": "2024-01-19 00:13:40", "elapsed": 118.17286, "delta": 0.000291}}
{"target": -17.67676046767637, "params": {"gamma": 552.6394563382771, "log10_alpha": -1.5244889882251824, "log10_colsample_bytree": -0.7432055053147756, "log10_eta": -1.287841623320194, "log10_lambda": -1.3937869838370496, "log10_min_child_weight": 4.896269512532063, "log10_subsample": -0.16011948697988776, "max_depth": 5.0, "num_boost_round": 0.0}, "datetime": {"datetime": "2024-01-19 00:13:59", "elapsed": 137.238123, "delta": 19.065263}}
{"target": -17.67644751541079, "params": {"gamma": 552.6394563382771, "log10_alpha": -1.5244889882251824, "log10_colsample_bytree": -0.7432055053147756, "log10_eta": -1.287841623320194, "log10_lambda": -1.3937869838370496, "log10_min_child_weight": 4.896269512532063, "log10_subsample": -0.16011948697988776, "max_depth": 5.0, "num_boost_round": 1.0}, "datetime": {"datetime": "2024-01-19 00:13:59", "elapsed": 137.239846, "delta": 0.001723}}
{"target": -17.67637606518878, "params": {"gamma": 552.6394563382771, "log10_alpha": -1.5244889882251824, "log10_colsample_bytree": -0.7432055053147756, "log10_eta": -1.287841623320194, "log10_lambda": -1.3937869838370496, "log10_min_child_weight": 4.896269512532063, "log10_subsample": -0.16011948697988776, "max_depth": 5.0, "num_boost_round": 2.0}, "datetime": {"datetime": "2024-01-19 00:13:59", "elapsed": 137.240226, "delta": 0.00038}}
{"target": -17.67600107251102, "params": {"gamma": 552.6394563382771, "log10_alpha": -1.5244889882251824, "log10_colsample_bytree": -0.7432055053147756, "log10_eta": -1.287841623320194, "log10_lambda": -1.3937869838370496, "log10_min_child_weight": 4.896269512532063, "log10_subsample": -0.16011948697988776, "max_depth": 5.0, "num_boost_round": 3.0}, "datetime": {"datetime": "2024-01-19 00:13:59", "elapsed": 137.240536, "delta": 0.00031}}
{"target": -17.6758512471211, "params": {"gamma": 552.6394563382771, "log10_alpha": -1.5244889882251824, "log10_colsample_bytree": -0.7432055053147756, "log10_eta": -1.287841623320194, "log10_lambda": -1.3937869838370496, "log10_min_child_weight": 4.896269512532063, "log10_subsample": -0.16011948697988776, "max_depth": 5.0, "num_boost_round": 4.0}, "datetime": {"datetime": "2024-01-19 00:13:59", "elapsed": 137.241165, "delta": 0.000629}}
{"target": -17.67582995092872, "params": {"gamma": 552.6394563382771, "log10_alpha": -1.5244889882251824, "log10_colsample_bytree": -0.7432055053147756, "log10_eta": -1.287841623320194, "log10_lambda": -1.3937869838370496, "log10_min_child_weight": 4.896269512532063, "log10_subsample": -0.16011948697988776, "max_depth": 5.0, "num_boost_round": 5.0}, "datetime": {"datetime": "2024-01-19 00:13:59", "elapsed": 137.241463, "delta": 0.000298}}
{"target": -17.676261624196222, "params": {"gamma": 552.6394563382771, "log10_alpha": -1.5244889882251824, "log10_colsample_bytree": -0.7432055053147756, "log10_eta": -1.287841623320194, "log10_lambda": -1.3937869838370496, "log10_min_child_weight": 4.896269512532063, "log10_subsample": -0.16011948697988776, "max_depth": 5.0, "num_boost_round": 6.0}, "datetime": {"datetime": "2024-01-19 00:13:59", "elapsed": 137.241767, "delta": 0.000304}}
{"target": -17.676176019973756, "params": {"gamma": 552.6394563382771, "log10_alpha": -1.5244889882251824, "log10_colsample_bytree": -0.7432055053147756, "log10_eta": -1.287841623320194, "log10_lambda": -1.3937869838370496, "log10_min_child_weight": 4.896269512532063, "log10_subsample": -0.16011948697988776, "max_depth": 5.0, "num_boost_round": 7.0}, "datetime": {"datetime": "2024-01-19 00:13:59", "elapsed": 137.242065, "delta": 0.000298}}
{"target": -17.676288059910398, "params": {"gamma": 552.6394563382771, "log10_alpha": -1.5244889882251824, "log10_colsample_bytree": -0.7432055053147756, "log10_eta": -1.287841623320194, "log10_lambda": -1.3937869838370496, "log10_min_child_weight": 4.896269512532063, "log10_subsample": -0.16011948697988776, "max_depth": 5.0, "num_boost_round": 8.0}, "datetime": {"datetime": "2024-01-19 00:13:59", "elapsed": 137.242365, "delta": 0.0003}}
{"target": -17.676185472462585, "params": {"gamma": 552.6394563382771, "log10_alpha": -1.5244889882251824, "log10_colsample_bytree": -0.7432055053147756, "log10_eta": -1.287841623320194, "log10_lambda": -1.3937869838370496, "log10_min_child_weight": 4.896269512532063, "log10_subsample": -0.16011948697988776, "max_depth": 5.0, "num_boost_round": 9.0}, "datetime": {"datetime": "2024-01-19 00:13:59", "elapsed": 137.242663, "delta": 0.000298}}
{"target": -17.6760183191107, "params": {"gamma": 552.6394563382771, "log10_alpha": -1.5244889882251824, "log10_colsample_bytree": -0.7432055053147756, "log10_eta": -1.287841623320194, "log10_lambda": -1.3937869838370496, "log10_min_child_weight": 4.896269512532063, "log10_subsample": -0.16011948697988776, "max_depth": 5.0, "num_boost_round": 10.0}, "datetime": {"datetime": "2024-01-19 00:13:59", "elapsed": 137.242972, "delta": 0.000309}}
{"target": -17.681173519091935, "params": {"gamma": 555.8109922936975, "log10_alpha": -2.9222865421750805, "log10_colsample_bytree": -0.480589529570031, "log10_eta": -0.6670640239976602, "log10_lambda": 0.8171919174869249, "log10_min_child_weight": 1.5728870310578373, "log10_subsample": -0.7723030995174245, "max_depth": 8.0, "num_boost_round": 0.0}, "datetime": {"datetime": "2024-01-19 00:14:23", "elapsed": 161.106107, "delta": 23.863135}}
{"target": -17.698186409017914, "params": {"gamma": 555.8109922936975, "log10_alpha": -2.9222865421750805, "log10_colsample_bytree": -0.480589529570031, "log10_eta": -0.6670640239976602, "log10_lambda": 0.8171919174869249, "log10_min_child_weight": 1.5728870310578373, "log10_subsample": -0.7723030995174245, "max_depth": 8.0, "num_boost_round": 1.0}, "datetime": {"datetime": "2024-01-19 00:14:23", "elapsed": 161.106549, "delta": 0.000442}}
{"target": -17.710807704937952, "params": {"gamma": 555.8109922936975, "log10_alpha": -2.9222865421750805, "log10_colsample_bytree": -0.480589529570031, "log10_eta": -0.6670640239976602, "log10_lambda": 0.8171919174869249, "log10_min_child_weight": 1.5728870310578373, "log10_subsample": -0.7723030995174245, "max_depth": 8.0, "num_boost_round": 2.0}, "datetime": {"datetime": "2024-01-19 00:14:23", "elapsed": 161.106893, "delta": 0.000344}}
{"target": -17.731901176148412, "params": {"gamma": 555.8109922936975, "log10_alpha": -2.9222865421750805, "log10_colsample_bytree": -0.480589529570031, "log10_eta": -0.6670640239976602, "log10_lambda": 0.8171919174869249, "log10_min_child_weight": 1.5728870310578373, "log10_subsample": -0.7723030995174245, "max_depth": 8.0, "num_boost_round": 3.0}, "datetime": {"datetime": "2024-01-19 00:14:23", "elapsed": 161.107212, "delta": 0.000319}}
{"target": -17.75477773576754, "params": {"gamma": 555.8109922936975, "log10_alpha": -2.9222865421750805, "log10_colsample_bytree": -0.480589529570031, "log10_eta": -0.6670640239976602, "log10_lambda": 0.8171919174869249, "log10_min_child_weight": 1.5728870310578373, "log10_subsample": -0.7723030995174245, "max_depth": 8.0, "num_boost_round": 4.0}, "datetime": {"datetime": "2024-01-19 00:14:23", "elapsed": 161.107527, "delta": 0.000315}}
{"target": -17.760364024875038, "params": {"gamma": 555.8109922936975, "log10_alpha": -2.9222865421750805, "log10_colsample_bytree": -0.480589529570031, "log10_eta": -0.6670640239976602, "log10_lambda": 0.8171919174869249, "log10_min_child_weight": 1.5728870310578373, "log10_subsample": -0.7723030995174245, "max_depth": 8.0, "num_boost_round": 5.0}, "datetime": {"datetime": "2024-01-19 00:14:23", "elapsed": 161.107846, "delta": 0.000319}}
{"target": -17.785547756633104, "params": {"gamma": 555.8109922936975, "log10_alpha": -2.9222865421750805, "log10_colsample_bytree": -0.480589529570031, "log10_eta": -0.6670640239976602, "log10_lambda": 0.8171919174869249, "log10_min_child_weight": 1.5728870310578373, "log10_subsample": -0.7723030995174245, "max_depth": 8.0, "num_boost_round": 6.0}, "datetime": {"datetime": "2024-01-19 00:14:23", "elapsed": 161.108161, "delta": 0.000315}}
{"target": -17.840422986260048, "params": {"gamma": 555.8109922936975, "log10_alpha": -2.9222865421750805, "log10_colsample_bytree": -0.480589529570031, "log10_eta": -0.6670640239976602, "log10_lambda": 0.8171919174869249, "log10_min_child_weight": 1.5728870310578373, "log10_subsample": -0.7723030995174245, "max_depth": 8.0, "num_boost_round": 7.0}, "datetime": {"datetime": "2024-01-19 00:14:23", "elapsed": 161.108945, "delta": 0.000784}}
{"target": -17.85307229067643, "params": {"gamma": 555.8109922936975, "log10_alpha": -2.9222865421750805, "log10_colsample_bytree": -0.480589529570031, "log10_eta": -0.6670640239976602, "log10_lambda": 0.8171919174869249, "log10_min_child_weight": 1.5728870310578373, "log10_subsample": -0.7723030995174245, "max_depth": 8.0, "num_boost_round": 8.0}, "datetime": {"datetime": "2024-01-19 00:14:23", "elapsed": 161.109396, "delta": 0.000451}}
{"target": -17.869246887707092, "params": {"gamma": 555.8109922936975, "log10_alpha": -2.9222865421750805, "log10_colsample_bytree": -0.480589529570031, "log10_eta": -0.6670640239976602, "log10_lambda": 0.8171919174869249, "log10_min_child_weight": 1.5728870310578373, "log10_subsample": -0.7723030995174245, "max_depth": 8.0, "num_boost_round": 9.0}, "datetime": {"datetime": "2024-01-19 00:14:23", "elapsed": 161.109728, "delta": 0.000332}}
{"target": -17.914059359989157, "params": {"gamma": 555.8109922936975, "log10_alpha": -2.9222865421750805, "log10_colsample_bytree": -0.480589529570031, "log10_eta": -0.6670640239976602, "log10_lambda": 0.8171919174869249, "log10_min_child_weight": 1.5728870310578373, "log10_subsample": -0.7723030995174245, "max_depth": 8.0, "num_boost_round": 10.0}, "datetime": {"datetime": "2024-01-19 00:14:23", "elapsed": 161.110173, "delta": 0.000445}}
{"target": -17.931171420640965, "params": {"gamma": 555.8109922936975, "log10_alpha": -2.9222865421750805, "log10_colsample_bytree": -0.480589529570031, "log10_eta": -0.6670640239976602, "log10_lambda": 0.8171919174869249, "log10_min_child_weight": 1.5728870310578373, "log10_subsample": -0.7723030995174245, "max_depth": 8.0, "num_boost_round": 11.0}, "datetime": {"datetime": "2024-01-19 00:14:23", "elapsed": 161.110498, "delta": 0.000325}}
{"target": -17.94784359821992, "params": {"gamma": 555.8109922936975, "log10_alpha": -2.9222865421750805, "log10_colsample_bytree": -0.480589529570031, "log10_eta": -0.6670640239976602, "log10_lambda": 0.8171919174869249, "log10_min_child_weight": 1.5728870310578373, "log10_subsample": -0.7723030995174245, "max_depth": 8.0, "num_boost_round": 12.0}, "datetime": {"datetime": "2024-01-19 00:14:23", "elapsed": 161.110826, "delta": 0.000328}}
{"target": -17.99501182325183, "params": {"gamma": 555.8109922936975, "log10_alpha": -2.9222865421750805, "log10_colsample_bytree": -0.480589529570031, "log10_eta": -0.6670640239976602, "log10_lambda": 0.8171919174869249, "log10_min_child_weight": 1.5728870310578373, "log10_subsample": -0.7723030995174245, "max_depth": 8.0, "num_boost_round": 13.0}, "datetime": {"datetime": "2024-01-19 00:14:23", "elapsed": 161.111162, "delta": 0.000336}}
{"target": -18.00764358658057, "params": {"gamma": 555.8109922936975, "log10_alpha": -2.9222865421750805, "log10_colsample_bytree": -0.480589529570031, "log10_eta": -0.6670640239976602, "log10_lambda": 0.8171919174869249, "log10_min_child_weight": 1.5728870310578373, "log10_subsample": -0.7723030995174245, "max_depth": 8.0, "num_boost_round": 14.0}, "datetime": {"datetime": "2024-01-19 00:14:23", "elapsed": 161.111631, "delta": 0.000469}}
{"target": -18.030301219356165, "params": {"gamma": 555.8109922936975, "log10_alpha": -2.9222865421750805, "log10_colsample_bytree": -0.480589529570031, "log10_eta": -0.6670640239976602, "log10_lambda": 0.8171919174869249, "log10_min_child_weight": 1.5728870310578373, "log10_subsample": -0.7723030995174245, "max_depth": 8.0, "num_boost_round": 15.0}, "datetime": {"datetime": "2024-01-19 00:14:23", "elapsed": 161.111971, "delta": 0.00034}}
{"target": -18.034454970285942, "params": {"gamma": 555.8109922936975, "log10_alpha": -2.9222865421750805, "log10_colsample_bytree": -0.480589529570031, "log10_eta": -0.6670640239976602, "log10_lambda": 0.8171919174869249, "log10_min_child_weight": 1.5728870310578373, "log10_subsample": -0.7723030995174245, "max_depth": 8.0, "num_boost_round": 16.0}, "datetime": {"datetime": "2024-01-19 00:14:23", "elapsed": 161.1123, "delta": 0.000329}}
{"target": -18.049674699668177, "params": {"gamma": 555.8109922936975, "log10_alpha": -2.9222865421750805, "log10_colsample_bytree": -0.480589529570031, "log10_eta": -0.6670640239976602, "log10_lambda": 0.8171919174869249, "log10_min_child_weight": 1.5728870310578373, "log10_subsample": -0.7723030995174245, "max_depth": 8.0, "num_boost_round": 17.0}, "datetime": {"datetime": "2024-01-19 00:14:23", "elapsed": 161.112624, "delta": 0.000324}}
{"target": -18.069673118664337, "params": {"gamma": 555.8109922936975, "log10_alpha": -2.9222865421750805, "log10_colsample_bytree": -0.480589529570031, "log10_eta": -0.6670640239976602, "log10_lambda": 0.8171919174869249, "log10_min_child_weight": 1.5728870310578373, "log10_subsample": -0.7723030995174245, "max_depth": 8.0, "num_boost_round": 18.0}, "datetime": {"datetime": "2024-01-19 00:14:23", "elapsed": 161.112954, "delta": 0.00033}}
{"target": -18.075843910675484, "params": {"gamma": 555.8109922936975, "log10_alpha": -2.9222865421750805, "log10_colsample_bytree": -0.480589529570031, "log10_eta": -0.6670640239976602, "log10_lambda": 0.8171919174869249, "log10_min_child_weight": 1.5728870310578373, "log10_subsample": -0.7723030995174245, "max_depth": 8.0, "num_boost_round": 19.0}, "datetime": {"datetime": "2024-01-19 00:14:23", "elapsed": 161.11328, "delta": 0.000326}}
{"target": -17.67723238591057, "params": {"gamma": 566.6070146071826, "log10_alpha": -4.1171653909988395, "log10_colsample_bytree": -0.0509026697232593, "log10_eta": -3.1696544030260547, "log10_lambda": -1.6598220666993289, "log10_min_child_weight": 4.643459692812918, "log10_subsample": -0.10191899346198485, "max_depth": 6.0, "num_boost_round": 0.0}, "datetime": {"datetime": "2024-01-19 00:14:42", "elapsed": 180.167115, "delta": 19.053835}}
{"target": -17.677228396976016, "params": {"gamma": 566.6070146071826, "log10_alpha": -4.1171653909988395, "log10_colsample_bytree": -0.0509026697232593, "log10_eta": -3.1696544030260547, "log10_lambda": -1.6598220666993289, "log10_min_child_weight": 4.643459692812918, "log10_subsample": -0.10191899346198485, "max_depth": 6.0, "num_boost_round": 1.0}, "datetime": {"datetime": "2024-01-19 00:14:42", "elapsed": 180.169091, "delta": 0.001976}}
{"target": -17.677222438422767, "params": {"gamma": 566.6070146071826, "log10_alpha": -4.1171653909988395, "log10_colsample_bytree": -0.0509026697232593, "log10_eta": -3.1696544030260547, "log10_lambda": -1.6598220666993289, "log10_min_child_weight": 4.643459692812918, "log10_subsample": -0.10191899346198485, "max_depth": 6.0, "num_boost_round": 2.0}, "datetime": {"datetime": "2024-01-19 00:14:42", "elapsed": 180.16979, "delta": 0.000699}}
{"target": -17.677219492177855, "params": {"gamma": 566.6070146071826, "log10_alpha": -4.1171653909988395, "log10_colsample_bytree": -0.0509026697232593, "log10_eta": -3.1696544030260547, "log10_lambda": -1.6598220666993289, "log10_min_child_weight": 4.643459692812918, "log10_subsample": -0.10191899346198485, "max_depth": 6.0, "num_boost_round": 3.0}, "datetime": {"datetime": "2024-01-19 00:14:42", "elapsed": 180.170159, "delta": 0.000369}}
{"target": -17.67722138649673, "params": {"gamma": 566.6070146071826, "log10_alpha": -4.1171653909988395, "log10_colsample_bytree": -0.0509026697232593, "log10_eta": -3.1696544030260547, "log10_lambda": -1.6598220666993289, "log10_min_child_weight": 4.643459692812918, "log10_subsample": -0.10191899346198485, "max_depth": 6.0, "num_boost_round": 4.0}, "datetime": {"datetime": "2024-01-19 00:14:42", "elapsed": 180.170508, "delta": 0.000349}}
{"target": -17.677213503104316, "params": {"gamma": 566.6070146071826, "log10_alpha": -4.1171653909988395, "log10_colsample_bytree": -0.0509026697232593, "log10_eta": -3.1696544030260547, "log10_lambda": -1.6598220666993289, "log10_min_child_weight": 4.643459692812918, "log10_subsample": -0.10191899346198485, "max_depth": 6.0, "num_boost_round": 5.0}, "datetime": {"datetime": "2024-01-19 00:14:42", "elapsed": 180.170861, "delta": 0.000353}}
{"target": -17.67720353466559, "params": {"gamma": 566.6070146071826, "log10_alpha": -4.1171653909988395, "log10_colsample_bytree": -0.0509026697232593, "log10_eta": -3.1696544030260547, "log10_lambda": -1.6598220666993289, "log10_min_child_weight": 4.643459692812918, "log10_subsample": -0.10191899346198485, "max_depth": 6.0, "num_boost_round": 6.0}, "datetime": {"datetime": "2024-01-19 00:14:42", "elapsed": 180.171204, "delta": 0.000343}}
{"target": -17.67720455557835, "params": {"gamma": 566.6070146071826, "log10_alpha": -4.1171653909988395, "log10_colsample_bytree": -0.0509026697232593, "log10_eta": -3.1696544030260547, "log10_lambda": -1.6598220666993289, "log10_min_child_weight": 4.643459692812918, "log10_subsample": -0.10191899346198485, "max_depth": 6.0, "num_boost_round": 7.0}, "datetime": {"datetime": "2024-01-19 00:14:42", "elapsed": 180.171545, "delta": 0.000341}}
{"target": -17.677201015364727, "params": {"gamma": 566.6070146071826, "log10_alpha": -4.1171653909988395, "log10_colsample_bytree": -0.0509026697232593, "log10_eta": -3.1696544030260547, "log10_lambda": -1.6598220666993289, "log10_min_child_weight": 4.643459692812918, "log10_subsample": -0.10191899346198485, "max_depth": 6.0, "num_boost_round": 8.0}, "datetime": {"datetime": "2024-01-19 00:14:42", "elapsed": 180.172045, "delta": 0.0005}}
{"target": -17.677197963224057, "params": {"gamma": 566.6070146071826, "log10_alpha": -4.1171653909988395, "log10_colsample_bytree": -0.0509026697232593, "log10_eta": -3.1696544030260547, "log10_lambda": -1.6598220666993289, "log10_min_child_weight": 4.643459692812918, "log10_subsample": -0.10191899346198485, "max_depth": 6.0, "num_boost_round": 9.0}, "datetime": {"datetime": "2024-01-19 00:14:42", "elapsed": 180.172392, "delta": 0.000347}}
{"target": -17.677192976083592, "params": {"gamma": 566.6070146071826, "log10_alpha": -4.1171653909988395, "log10_colsample_bytree": -0.0509026697232593, "log10_eta": -3.1696544030260547, "log10_lambda": -1.6598220666993289, "log10_min_child_weight": 4.643459692812918, "log10_subsample": -0.10191899346198485, "max_depth": 6.0, "num_boost_round": 10.0}, "datetime": {"datetime": "2024-01-19 00:14:42", "elapsed": 180.172741, "delta": 0.000349}}
{"target": -17.677232374202724, "params": {"gamma": 550.4844540300484, "log10_alpha": 0.28555844223158644, "log10_colsample_bytree": -0.1280431648754754, "log10_eta": -3.9379332275804995, "log10_lambda": -2.8317452817682547, "log10_min_child_weight": 4.22250357876448, "log10_subsample": -0.23574560369079245, "max_depth": 3.0, "num_boost_round": 0.0}, "datetime": {"datetime": "2024-01-19 00:15:03", "elapsed": 201.293175, "delta": 21.120434}}
{"target": -17.677233493214267, "params": {"gamma": 550.4844540300484, "log10_alpha": 0.28555844223158644, "log10_colsample_bytree": -0.1280431648754754, "log10_eta": -3.9379332275804995, "log10_lambda": -2.8317452817682547, "log10_min_child_weight": 4.22250357876448, "log10_subsample": -0.23574560369079245, "max_depth": 3.0, "num_boost_round": 1.0}, "datetime": {"datetime": "2024-01-19 00:15:03", "elapsed": 201.293824, "delta": 0.000649}}
{"target": -17.677233843407624, "params": {"gamma": 550.4844540300484, "log10_alpha": 0.28555844223158644, "log10_colsample_bytree": -0.1280431648754754, "log10_eta": -3.9379332275804995, "log10_lambda": -2.8317452817682547, "log10_min_child_weight": 4.22250357876448, "log10_subsample": -0.23574560369079245, "max_depth": 3.0, "num_boost_round": 2.0}, "datetime": {"datetime": "2024-01-19 00:15:03", "elapsed": 201.294319, "delta": 0.000495}}
{"target": -17.67723277200102, "params": {"gamma": 550.4844540300484, "log10_alpha": 0.28555844223158644, "log10_colsample_bytree": -0.1280431648754754, "log10_eta": -3.9379332275804995, "log10_lambda": -2.8317452817682547, "log10_min_child_weight": 4.22250357876448, "log10_subsample": -0.23574560369079245, "max_depth": 3.0, "num_boost_round": 3.0}, "datetime": {"datetime": "2024-01-19 00:15:03", "elapsed": 201.294809, "delta": 0.00049}}
