{"target": -13.75827352537474, "params": {"gamma": 714.5647410222499, "log10_alpha": -3.7691456089347892, "log10_colsample_bytree": -0.9276053649281988, "log10_eta": -2.854751910008964, "log10_lambda": -1.2555155770518298, "log10_min_child_weight": 1.618321644539621, "log10_subsample": -0.19459007357189584, "max_depth": 6.0, "num_boost_round": 7.0}, "datetime": {"datetime": "2024-01-19 00:30:58", "elapsed": 1157.114618, "delta": 0.001388}}
{"target": -13.75824839811547, "params": {"gamma": 714.5647410222499, "log10_alpha": -3.7691456089347892, "log10_colsample_bytree": -0.9276053649281988, "log10_eta": -2.854751910008964, "log10_lambda": -1.2555155770518298, "log10_min_child_weight": 1.618321644539621, "log10_subsample": -0.19459007357189584, "max_depth": 6.0, "num_boost_round": 8.0}, "datetime": {"datetime": "2024-01-19 00:30:58", "elapsed": 1157.116007, "delta": 0.001389}}
{"target": -13.758249476405778, "params": {"gamma": 714.5647410222499, "log10_alpha": -3.7691456089347892, "log10_colsample_bytree": -0.9276053649281988, "log10_eta": -2.854751910008964, "log10_lambda": -1.2555155770518298, "log10_min_child_weight": 1.618321644539621, "log10_subsample": -0.19459007357189584, "max_depth": 6.0, "num_boost_round": 9.0}, "datetime": {"datetime": "2024-01-19 00:30:58", "elapsed": 1157.117362, "delta": 0.001355}}
{"target": -13.75819994318348, "params": {"gamma": 714.5647410222499, "log10_alpha": -3.7691456089347892, "log10_colsample_bytree": -0.9276053649281988, "log10_eta": -2.854751910008964, "log10_lambda": -1.2555155770518298, "log10_min_child_weight": 1.618321644539621, "log10_subsample": -0.19459007357189584, "max_depth": 6.0, "num_boost_round": 10.0}, "datetime": {"datetime": "2024-01-19 00:30:58", "elapsed": 1157.118723, "delta": 0.001361}}
{"target": -13.758186914213178, "params": {"gamma": 714.5647410222499, "log10_alpha": -3.7691456089347892, "log10_colsample_bytree": -0.9276053649281988, "log10_eta": -2.854751910008964, "log10_lambda": -1.2555155770518298, "log10_min_child_weight": 1.618321644539621, "log10_subsample": -0.19459007357189584, "max_depth": 6.0, "num_boost_round": 11.0}, "datetime": {"datetime": "2024-01-19 00:30:58", "elapsed": 1157.12391, "delta": 0.005187}}
{"target": -13.758179843573835, "params": {"gamma": 714.5647410222499, "log10_alpha": -3.7691456089347892, "log10_colsample_bytree": -0.9276053649281988, "log10_eta": -2.854751910008964, "log10_lambda": -1.2555155770518298, "log10_min_child_weight": 1.618321644539621, "log10_subsample": -0.19459007357189584, "max_depth": 6.0, "num_boost_round": 12.0}, "datetime": {"datetime": "2024-01-19 00:30:58", "elapsed": 1157.125327, "delta": 0.001417}}
{"target": -13.758133938890232, "params": {"gamma": 714.5647410222499, "log10_alpha": -3.7691456089347892, "log10_colsample_bytree": -0.9276053649281988, "log10_eta": -2.854751910008964, "log10_lambda": -1.2555155770518298, "log10_min_child_weight": 1.618321644539621, "log10_subsample": -0.19459007357189584, "max_depth": 6.0, "num_boost_round": 13.0}, "datetime": {"datetime": "2024-01-19 00:30:58", "elapsed": 1157.126873, "delta": 0.001546}}
{"target": -13.758144361461907, "params": {"gamma": 714.5647410222499, "log10_alpha": -3.7691456089347892, "log10_colsample_bytree": -0.9276053649281988, "log10_eta": -2.854751910008964, "log10_lambda": -1.2555155770518298, "log10_min_child_weight": 1.618321644539621, "log10_subsample": -0.19459007357189584, "max_depth": 6.0, "num_boost_round": 14.0}, "datetime": {"datetime": "2024-01-19 00:30:58", "elapsed": 1157.128241, "delta": 0.001368}}
{"target": -13.758128442185999, "params": {"gamma": 714.5647410222499, "log10_alpha": -3.7691456089347892, "log10_colsample_bytree": -0.9276053649281988, "log10_eta": -2.854751910008964, "log10_lambda": -1.2555155770518298, "log10_min_child_weight": 1.618321644539621, "log10_subsample": -0.19459007357189584, "max_depth": 6.0, "num_boost_round": 15.0}, "datetime": {"datetime": "2024-01-19 00:30:58", "elapsed": 1157.129613, "delta": 0.001372}}
{"target": -13.75813028915425, "params": {"gamma": 714.5647410222499, "log10_alpha": -3.7691456089347892, "log10_colsample_bytree": -0.9276053649281988, "log10_eta": -2.854751910008964, "log10_lambda": -1.2555155770518298, "log10_min_child_weight": 1.618321644539621, "log10_subsample": -0.19459007357189584, "max_depth": 6.0, "num_boost_round": 16.0}, "datetime": {"datetime": "2024-01-19 00:30:58", "elapsed": 1157.131011, "delta": 0.001398}}
{"target": -13.75807502715263, "params": {"gamma": 714.5647410222499, "log10_alpha": -3.7691456089347892, "log10_colsample_bytree": -0.9276053649281988, "log10_eta": -2.854751910008964, "log10_lambda": -1.2555155770518298, "log10_min_child_weight": 1.618321644539621, "log10_subsample": -0.19459007357189584, "max_depth": 6.0, "num_boost_round": 17.0}, "datetime": {"datetime": "2024-01-19 00:30:58", "elapsed": 1157.1324, "delta": 0.001389}}
{"target": -13.758077140791023, "params": {"gamma": 714.5647410222499, "log10_alpha": -3.7691456089347892, "log10_colsample_bytree": -0.9276053649281988, "log10_eta": -2.854751910008964, "log10_lambda": -1.2555155770518298, "log10_min_child_weight": 1.618321644539621, "log10_subsample": -0.19459007357189584, "max_depth": 6.0, "num_boost_round": 18.0}, "datetime": {"datetime": "2024-01-19 00:30:58", "elapsed": 1157.133988, "delta": 0.001588}}
{"target": -13.758015392099075, "params": {"gamma": 714.5647410222499, "log10_alpha": -3.7691456089347892, "log10_colsample_bytree": -0.9276053649281988, "log10_eta": -2.854751910008964, "log10_lambda": -1.2555155770518298, "log10_min_child_weight": 1.618321644539621, "log10_subsample": -0.19459007357189584, "max_depth": 6.0, "num_boost_round": 19.0}, "datetime": {"datetime": "2024-01-19 00:30:58", "elapsed": 1157.135574, "delta": 0.001586}}
{"target": -13.757939954384833, "params": {"gamma": 714.5647410222499, "log10_alpha": -3.7691456089347892, "log10_colsample_bytree": -0.9276053649281988, "log10_eta": -2.854751910008964, "log10_lambda": -1.2555155770518298, "log10_min_child_weight": 1.618321644539621, "log10_subsample": -0.19459007357189584, "max_depth": 6.0, "num_boost_round": 20.0}, "datetime": {"datetime": "2024-01-19 00:30:58", "elapsed": 1157.137112, "delta": 0.001538}}
{"target": -13.757854922081119, "params": {"gamma": 714.5647410222499, "log10_alpha": -3.7691456089347892, "log10_colsample_bytree": -0.9276053649281988, "log10_eta": -2.854751910008964, "log10_lambda": -1.2555155770518298, "log10_min_child_weight": 1.618321644539621, "log10_subsample": -0.19459007357189584, "max_depth": 6.0, "num_boost_round": 21.0}, "datetime": {"datetime": "2024-01-19 00:30:58", "elapsed": 1157.138512, "delta": 0.0014}}
{"target": -13.757841878803873, "params": {"gamma": 714.5647410222499, "log10_alpha": -3.7691456089347892, "log10_colsample_bytree": -0.9276053649281988, "log10_eta": -2.854751910008964, "log10_lambda": -1.2555155770518298, "log10_min_child_weight": 1.618321644539621, "log10_subsample": -0.19459007357189584, "max_depth": 6.0, "num_boost_round": 22.0}, "datetime": {"datetime": "2024-01-19 00:30:58", "elapsed": 1157.139902, "delta": 0.00139}}
{"target": -13.757791581173013, "params": {"gamma": 714.5647410222499, "log10_alpha": -3.7691456089347892, "log10_colsample_bytree": -0.9276053649281988, "log10_eta": -2.854751910008964, "log10_lambda": -1.2555155770518298, "log10_min_child_weight": 1.618321644539621, "log10_subsample": -0.19459007357189584, "max_depth": 6.0, "num_boost_round": 23.0}, "datetime": {"datetime": "2024-01-19 00:30:58", "elapsed": 1157.141305, "delta": 0.001403}}
{"target": -13.757800438718947, "params": {"gamma": 714.5647410222499, "log10_alpha": -3.7691456089347892, "log10_colsample_bytree": -0.9276053649281988, "log10_eta": -2.854751910008964, "log10_lambda": -1.2555155770518298, "log10_min_child_weight": 1.618321644539621, "log10_subsample": -0.19459007357189584, "max_depth": 6.0, "num_boost_round": 24.0}, "datetime": {"datetime": "2024-01-19 00:30:58", "elapsed": 1157.142779, "delta": 0.001474}}
{"target": -13.757759632497667, "params": {"gamma": 714.5647410222499, "log10_alpha": -3.7691456089347892, "log10_colsample_bytree": -0.9276053649281988, "log10_eta": -2.854751910008964, "log10_lambda": -1.2555155770518298, "log10_min_child_weight": 1.618321644539621, "log10_subsample": -0.19459007357189584, "max_depth": 6.0, "num_boost_round": 25.0}, "datetime": {"datetime": "2024-01-19 00:30:58", "elapsed": 1157.144187, "delta": 0.001408}}
{"target": -13.757757558102362, "params": {"gamma": 714.5647410222499, "log10_alpha": -3.7691456089347892, "log10_colsample_bytree": -0.9276053649281988, "log10_eta": -2.854751910008964, "log10_lambda": -1.2555155770518298, "log10_min_child_weight": 1.618321644539621, "log10_subsample": -0.19459007357189584, "max_depth": 6.0, "num_boost_round": 26.0}, "datetime": {"datetime": "2024-01-19 00:30:58", "elapsed": 1157.145559, "delta": 0.001372}}
{"target": -13.757737300018462, "params": {"gamma": 714.5647410222499, "log10_alpha": -3.7691456089347892, "log10_colsample_bytree": -0.9276053649281988, "log10_eta": -2.854751910008964, "log10_lambda": -1.2555155770518298, "log10_min_child_weight": 1.618321644539621, "log10_subsample": -0.19459007357189584, "max_depth": 6.0, "num_boost_round": 27.0}, "datetime": {"datetime": "2024-01-19 00:30:58", "elapsed": 1157.147048, "delta": 0.001489}}
{"target": -13.757688874485329, "params": {"gamma": 714.5647410222499, "log10_alpha": -3.7691456089347892, "log10_colsample_bytree": -0.9276053649281988, "log10_eta": -2.854751910008964, "log10_lambda": -1.2555155770518298, "log10_min_child_weight": 1.618321644539621, "log10_subsample": -0.19459007357189584, "max_depth": 6.0, "num_boost_round": 28.0}, "datetime": {"datetime": "2024-01-19 00:30:58", "elapsed": 1157.148451, "delta": 0.001403}}
{"target": -13.757586732557327, "params": {"gamma": 714.5647410222499, "log10_alpha": -3.7691456089347892, "log10_colsample_bytree": -0.9276053649281988, "log10_eta": -2.854751910008964, "log10_lambda": -1.2555155770518298, "log10_min_child_weight": 1.618321644539621, "log10_subsample": -0.19459007357189584, "max_depth": 6.0, "num_boost_round": 29.0}, "datetime": {"datetime": "2024-01-19 00:30:58", "elapsed": 1157.149855, "delta": 0.001404}}
{"target": -13.757580106510018, "params": {"gamma": 714.5647410222499, "log10_alpha": -3.7691456089347892, "log10_colsample_bytree": -0.9276053649281988, "log10_eta": -2.854751910008964, "log10_lambda": -1.2555155770518298, "log10_min_child_weight": 1.618321644539621, "log10_subsample": -0.19459007357189584, "max_depth": 6.0, "num_boost_round": 30.0}, "datetime": {"datetime": "2024-01-19 00:30:58", "elapsed": 1157.151269, "delta": 0.001414}}
{"target": -13.75754072064928, "params": {"gamma": 714.5647410222499, "log10_alpha": -3.7691456089347892, "log10_colsample_bytree": -0.9276053649281988, "log10_eta": -2.854751910008964, "log10_lambda": -1.2555155770518298, "log10_min_child_weight": 1.618321644539621, "log10_subsample": -0.19459007357189584, "max_depth": 6.0, "num_boost_round": 31.0}, "datetime": {"datetime": "2024-01-19 00:30:58", "elapsed": 1157.152682, "delta": 0.001413}}
{"target": -13.757549387738317, "params": {"gamma": 714.5647410222499, "log10_alpha": -3.7691456089347892, "log10_colsample_bytree": -0.9276053649281988, "log10_eta": -2.854751910008964, "log10_lambda": -1.2555155770518298, "log10_min_child_weight": 1.618321644539621, "log10_subsample": -0.19459007357189584, "max_depth": 6.0, "num_boost_round": 32.0}, "datetime": {"datetime": "2024-01-19 00:30:58", "elapsed": 1157.154226, "delta": 0.001544}}
{"target": -13.757497989402902, "params": {"gamma": 714.5647410222499, "log10_alpha": -3.7691456089347892, "log10_colsample_bytree": -0.9276053649281988, "log10_eta": -2.854751910008964, "log10_lambda": -1.2555155770518298, "log10_min_child_weight": 1.618321644539621, "log10_subsample": -0.19459007357189584, "max_depth": 6.0, "num_boost_round": 33.0}, "datetime": {"datetime": "2024-01-19 00:30:58", "elapsed": 1157.155616, "delta": 0.00139}}
{"target": -13.757462647623113, "params": {"gamma": 714.5647410222499, "log10_alpha": -3.7691456089347892, "log10_colsample_bytree": -0.9276053649281988, "log10_eta": -2.854751910008964, "log10_lambda": -1.2555155770518298, "log10_min_child_weight": 1.618321644539621, "log10_subsample": -0.19459007357189584, "max_depth": 6.0, "num_boost_round": 34.0}, "datetime": {"datetime": "2024-01-19 00:30:58", "elapsed": 1157.157039, "delta": 0.001423}}
{"target": -13.75742989408195, "params": {"gamma": 714.5647410222499, "log10_alpha": -3.7691456089347892, "log10_colsample_bytree": -0.9276053649281988, "log10_eta": -2.854751910008964, "log10_lambda": -1.2555155770518298, "log10_min_child_weight": 1.618321644539621, "log10_subsample": -0.19459007357189584, "max_depth": 6.0, "num_boost_round": 35.0}, "datetime": {"datetime": "2024-01-19 00:30:58", "elapsed": 1157.158429, "delta": 0.00139}}
{"target": -13.757420071726441, "params": {"gamma": 714.5647410222499, "log10_alpha": -3.7691456089347892, "log10_colsample_bytree": -0.9276053649281988, "log10_eta": -2.854751910008964, "log10_lambda": -1.2555155770518298, "log10_min_child_weight": 1.618321644539621, "log10_subsample": -0.19459007357189584, "max_depth": 6.0, "num_boost_round": 36.0}, "datetime": {"datetime": "2024-01-19 00:30:58", "elapsed": 1157.159831, "delta": 0.001402}}
{"target": -13.757376950474672, "params": {"gamma": 714.5647410222499, "log10_alpha": -3.7691456089347892, "log10_colsample_bytree": -0.9276053649281988, "log10_eta": -2.854751910008964, "log10_lambda": -1.2555155770518298, "log10_min_child_weight": 1.618321644539621, "log10_subsample": -0.19459007357189584, "max_depth": 6.0, "num_boost_round": 37.0}, "datetime": {"datetime": "2024-01-19 00:30:58", "elapsed": 1157.161253, "delta": 0.001422}}
{"target": -13.757334956278306, "params": {"gamma": 714.5647410222499, "log10_alpha": -3.7691456089347892, "log10_colsample_bytree": -0.9276053649281988, "log10_eta": -2.854751910008964, "log10_lambda": -1.2555155770518298, "log10_min_child_weight": 1.618321644539621, "log10_subsample": -0.19459007357189584, "max_depth": 6.0, "num_boost_round": 38.0}, "datetime": {"datetime": "2024-01-19 00:30:58", "elapsed": 1157.162722, "delta": 0.001469}}
{"target": -13.757356442051048, "params": {"gamma": 714.5647410222499, "log10_alpha": -3.7691456089347892, "log10_colsample_bytree": -0.9276053649281988, "log10_eta": -2.854751910008964, "log10_lambda": -1.2555155770518298, "log10_min_child_weight": 1.618321644539621, "log10_subsample": -0.19459007357189584, "max_depth": 6.0, "num_boost_round": 39.0}, "datetime": {"datetime": "2024-01-19 00:30:58", "elapsed": 1157.164137, "delta": 0.001415}}
{"target": -13.757327583723765, "params": {"gamma": 714.5647410222499, "log10_alpha": -3.7691456089347892, "log10_colsample_bytree": -0.9276053649281988, "log10_eta": -2.854751910008964, "log10_lambda": -1.2555155770518298, "log10_min_child_weight": 1.618321644539621, "log10_subsample": -0.19459007357189584, "max_depth": 6.0, "num_boost_round": 40.0}, "datetime": {"datetime": "2024-01-19 00:30:58", "elapsed": 1157.165538, "delta": 0.001401}}
{"target": -13.757319767743951, "params": {"gamma": 714.5647410222499, "log10_alpha": -3.7691456089347892, "log10_colsample_bytree": -0.9276053649281988, "log10_eta": -2.854751910008964, "log10_lambda": -1.2555155770518298, "log10_min_child_weight": 1.618321644539621, "log10_subsample": -0.19459007357189584, "max_depth": 6.0, "num_boost_round": 41.0}, "datetime": {"datetime": "2024-01-19 00:30:58", "elapsed": 1157.16703, "delta": 0.001492}}
{"target": -13.75727293431773, "params": {"gamma": 714.5647410222499, "log10_alpha": -3.7691456089347892, "log10_colsample_bytree": -0.9276053649281988, "log10_eta": -2.854751910008964, "log10_lambda": -1.2555155770518298, "log10_min_child_weight": 1.618321644539621, "log10_subsample": -0.19459007357189584, "max_depth": 6.0, "num_boost_round": 42.0}, "datetime": {"datetime": "2024-01-19 00:30:58", "elapsed": 1157.168449, "delta": 0.001419}}
{"target": -13.757278862439593, "params": {"gamma": 714.5647410222499, "log10_alpha": -3.7691456089347892, "log10_colsample_bytree": -0.9276053649281988, "log10_eta": -2.854751910008964, "log10_lambda": -1.2555155770518298, "log10_min_child_weight": 1.618321644539621, "log10_subsample": -0.19459007357189584, "max_depth": 6.0, "num_boost_round": 43.0}, "datetime": {"datetime": "2024-01-19 00:30:58", "elapsed": 1157.169869, "delta": 0.00142}}
{"target": -13.757272292423716, "params": {"gamma": 714.5647410222499, "log10_alpha": -3.7691456089347892, "log10_colsample_bytree": -0.9276053649281988, "log10_eta": -2.854751910008964, "log10_lambda": -1.2555155770518298, "log10_min_child_weight": 1.618321644539621, "log10_subsample": -0.19459007357189584, "max_depth": 6.0, "num_boost_round": 44.0}, "datetime": {"datetime": "2024-01-19 00:30:58", "elapsed": 1157.171286, "delta": 0.001417}}
{"target": -13.757273524027404, "params": {"gamma": 714.5647410222499, "log10_alpha": -3.7691456089347892, "log10_colsample_bytree": -0.9276053649281988, "log10_eta": -2.854751910008964, "log10_lambda": -1.2555155770518298, "log10_min_child_weight": 1.618321644539621, "log10_subsample": -0.19459007357189584, "max_depth": 6.0, "num_boost_round": 45.0}, "datetime": {"datetime": "2024-01-19 00:30:58", "elapsed": 1157.172709, "delta": 0.001423}}
{"target": -13.757296575095234, "params": {"gamma": 714.5647410222499, "log10_alpha": -3.7691456089347892, "log10_colsample_bytree": -0.9276053649281988, "log10_eta": -2.854751910008964, "log10_lambda": -1.2555155770518298, "log10_min_child_weight": 1.618321644539621, "log10_subsample": -0.19459007357189584, "max_depth": 6.0, "num_boost_round": 46.0}, "datetime": {"datetime": "2024-01-19 00:30:58", "elapsed": 1157.17421, "delta": 0.001501}}
{"target": -13.757270604274046, "params": {"gamma": 714.5647410222499, "log10_alpha": -3.7691456089347892, "log10_colsample_bytree": -0.9276053649281988, "log10_eta": -2.854751910008964, "log10_lambda": -1.2555155770518298, "log10_min_child_weight": 1.618321644539621, "log10_subsample": -0.19459007357189584, "max_depth": 6.0, "num_boost_round": 47.0}, "datetime": {"datetime": "2024-01-19 00:30:58", "elapsed": 1157.17561, "delta": 0.0014}}
{"target": -13.757264046304833, "params": {"gamma": 714.5647410222499, "log10_alpha": -3.7691456089347892, "log10_colsample_bytree": -0.9276053649281988, "log10_eta": -2.854751910008964, "log10_lambda": -1.2555155770518298, "log10_min_child_weight": 1.618321644539621, "log10_subsample": -0.19459007357189584, "max_depth": 6.0, "num_boost_round": 48.0}, "datetime": {"datetime": "2024-01-19 00:30:58", "elapsed": 1157.177036, "delta": 0.001426}}
{"target": -13.757262836137729, "params": {"gamma": 714.5647410222499, "log10_alpha": -3.7691456089347892, "log10_colsample_bytree": -0.9276053649281988, "log10_eta": -2.854751910008964, "log10_lambda": -1.2555155770518298, "log10_min_child_weight": 1.618321644539621, "log10_subsample": -0.19459007357189584, "max_depth": 6.0, "num_boost_round": 49.0}, "datetime": {"datetime": "2024-01-19 00:30:58", "elapsed": 1157.17846, "delta": 0.001424}}
{"target": -13.757261479011957, "params": {"gamma": 714.5647410222499, "log10_alpha": -3.7691456089347892, "log10_colsample_bytree": -0.9276053649281988, "log10_eta": -2.854751910008964, "log10_lambda": -1.2555155770518298, "log10_min_child_weight": 1.618321644539621, "log10_subsample": -0.19459007357189584, "max_depth": 6.0, "num_boost_round": 50.0}, "datetime": {"datetime": "2024-01-19 00:30:58", "elapsed": 1157.179862, "delta": 0.001402}}
{"target": -13.757267494969092, "params": {"gamma": 714.5647410222499, "log10_alpha": -3.7691456089347892, "log10_colsample_bytree": -0.9276053649281988, "log10_eta": -2.854751910008964, "log10_lambda": -1.2555155770518298, "log10_min_child_weight": 1.618321644539621, "log10_subsample": -0.19459007357189584, "max_depth": 6.0, "num_boost_round": 51.0}, "datetime": {"datetime": "2024-01-19 00:30:58", "elapsed": 1157.181292, "delta": 0.00143}}
{"target": -13.757218114590792, "params": {"gamma": 714.5647410222499, "log10_alpha": -3.7691456089347892, "log10_colsample_bytree": -0.9276053649281988, "log10_eta": -2.854751910008964, "log10_lambda": -1.2555155770518298, "log10_min_child_weight": 1.618321644539621, "log10_subsample": -0.19459007357189584, "max_depth": 6.0, "num_boost_round": 52.0}, "datetime": {"datetime": "2024-01-19 00:30:58", "elapsed": 1157.182856, "delta": 0.001564}}
{"target": -13.75718720521434, "params": {"gamma": 714.5647410222499, "log10_alpha": -3.7691456089347892, "log10_colsample_bytree": -0.9276053649281988, "log10_eta": -2.854751910008964, "log10_lambda": -1.2555155770518298, "log10_min_child_weight": 1.618321644539621, "log10_subsample": -0.19459007357189584, "max_depth": 6.0, "num_boost_round": 53.0}, "datetime": {"datetime": "2024-01-19 00:30:58", "elapsed": 1157.184311, "delta": 0.001455}}
{"target": -13.757160547766258, "params": {"gamma": 714.5647410222499, "log10_alpha": -3.7691456089347892, "log10_colsample_bytree": -0.9276053649281988, "log10_eta": -2.854751910008964, "log10_lambda": -1.2555155770518298, "log10_min_child_weight": 1.618321644539621, "log10_subsample": -0.19459007357189584, "max_depth": 6.0, "num_boost_round": 54.0}, "datetime": {"datetime": "2024-01-19 00:30:58", "elapsed": 1157.185711, "delta": 0.0014}}
{"target": -13.757147758068816, "params": {"gamma": 714.5647410222499, "log10_alpha": -3.7691456089347892, "log10_colsample_bytree": -0.9276053649281988, "log10_eta": -2.854751910008964, "log10_lambda": -1.2555155770518298, "log10_min_child_weight": 1.618321644539621, "log10_subsample": -0.19459007357189584, "max_depth": 6.0, "num_boost_round": 55.0}, "datetime": {"datetime": "2024-01-19 00:30:58", "elapsed": 1157.187176, "delta": 0.001465}}
