{"target": -17.677233025635097, "params": {"gamma": 433.84375164849774, "log10_alpha": -3.8825338265423426, "log10_colsample_bytree": -0.8485340139275238, "log10_eta": -4.0, "log10_lambda": -0.5706936834683809, "log10_min_child_weight": 5.0, "log10_subsample": -1.0, "max_depth": 8.0, "num_boost_round": 17.0}, "datetime": {"datetime": "2024-01-19 02:42:59", "elapsed": 9072.606301, "delta": 0.007444}}
{"target": -17.677233028961272, "params": {"gamma": 433.84375164849774, "log10_alpha": -3.8825338265423426, "log10_colsample_bytree": -0.8485340139275238, "log10_eta": -4.0, "log10_lambda": -0.5706936834683809, "log10_min_child_weight": 5.0, "log10_subsample": -1.0, "max_depth": 8.0, "num_boost_round": 18.0}, "datetime": {"datetime": "2024-01-19 02:42:59", "elapsed": 9072.613592, "delta": 0.007291}}
{"target": -17.67723302664712, "params": {"gamma": 433.84375164849774, "log10_alpha": -3.8825338265423426, "log10_colsample_bytree": -0.8485340139275238, "log10_eta": -4.0, "log10_lambda": -0.5706936834683809, "log10_min_child_weight": 5.0, "log10_subsample": -1.0, "max_depth": 8.0, "num_boost_round": 19.0}, "datetime": {"datetime": "2024-01-19 02:42:59", "elapsed": 9072.620891, "delta": 0.007299}}
{"target": -17.6772330828212, "params": {"gamma": 433.84375164849774, "log10_alpha": -3.8825338265423426, "log10_colsample_bytree": -0.8485340139275238, "log10_eta": -4.0, "log10_lambda": -0.5706936834683809, "log10_min_child_weight": 5.0, "log10_subsample": -1.0, "max_depth": 8.0, "num_boost_round": 20.0}, "datetime": {"datetime": "2024-01-19 02:42:59", "elapsed": 9072.628147, "delta": 0.007256}}
{"target": -17.67723308638933, "params": {"gamma": 433.84375164849774, "log10_alpha": -3.8825338265423426, "log10_colsample_bytree": -0.8485340139275238, "log10_eta": -4.0, "log10_lambda": -0.5706936834683809, "log10_min_child_weight": 5.0, "log10_subsample": -1.0, "max_depth": 8.0, "num_boost_round": 21.0}, "datetime": {"datetime": "2024-01-19 02:42:59", "elapsed": 9072.635588, "delta": 0.007441}}
{"target": -17.677233088504497, "params": {"gamma": 433.84375164849774, "log10_alpha": -3.8825338265423426, "log10_colsample_bytree": -0.8485340139275238, "log10_eta": -4.0, "log10_lambda": -0.5706936834683809, "log10_min_child_weight": 5.0, "log10_subsample": -1.0, "max_depth": 8.0, "num_boost_round": 22.0}, "datetime": {"datetime": "2024-01-19 02:42:59", "elapsed": 9072.642909, "delta": 0.007321}}
{"target": -17.677233029345494, "params": {"gamma": 433.84375164849774, "log10_alpha": -3.8825338265423426, "log10_colsample_bytree": -0.8485340139275238, "log10_eta": -4.0, "log10_lambda": -0.5706936834683809, "log10_min_child_weight": 5.0, "log10_subsample": -1.0, "max_depth": 8.0, "num_boost_round": 23.0}, "datetime": {"datetime": "2024-01-19 02:43:00", "elapsed": 9072.650069, "delta": 0.00716}}
{"target": -17.677233044640573, "params": {"gamma": 433.84375164849774, "log10_alpha": -3.8825338265423426, "log10_colsample_bytree": -0.8485340139275238, "log10_eta": -4.0, "log10_lambda": -0.5706936834683809, "log10_min_child_weight": 5.0, "log10_subsample": -1.0, "max_depth": 8.0, "num_boost_round": 24.0}, "datetime": {"datetime": "2024-01-19 02:43:00", "elapsed": 9072.657318, "delta": 0.007249}}
{"target": -17.677233044734812, "params": {"gamma": 433.84375164849774, "log10_alpha": -3.8825338265423426, "log10_colsample_bytree": -0.8485340139275238, "log10_eta": -4.0, "log10_lambda": -0.5706936834683809, "log10_min_child_weight": 5.0, "log10_subsample": -1.0, "max_depth": 8.0, "num_boost_round": 25.0}, "datetime": {"datetime": "2024-01-19 02:43:00", "elapsed": 9072.664339, "delta": 0.007021}}
{"target": -17.67723304473986, "params": {"gamma": 433.84375164849774, "log10_alpha": -3.8825338265423426, "log10_colsample_bytree": -0.8485340139275238, "log10_eta": -4.0, "log10_lambda": -0.5706936834683809, "log10_min_child_weight": 5.0, "log10_subsample": -1.0, "max_depth": 8.0, "num_boost_round": 26.0}, "datetime": {"datetime": "2024-01-19 02:43:00", "elapsed": 9072.671943, "delta": 0.007604}}
{"target": -17.67723304302713, "params": {"gamma": 433.84375164849774, "log10_alpha": -3.8825338265423426, "log10_colsample_bytree": -0.8485340139275238, "log10_eta": -4.0, "log10_lambda": -0.5706936834683809, "log10_min_child_weight": 5.0, "log10_subsample": -1.0, "max_depth": 8.0, "num_boost_round": 27.0}, "datetime": {"datetime": "2024-01-19 02:43:00", "elapsed": 9072.678812, "delta": 0.006869}}
{"target": -17.677233041059623, "params": {"gamma": 433.84375164849774, "log10_alpha": -3.8825338265423426, "log10_colsample_bytree": -0.8485340139275238, "log10_eta": -4.0, "log10_lambda": -0.5706936834683809, "log10_min_child_weight": 5.0, "log10_subsample": -1.0, "max_depth": 8.0, "num_boost_round": 28.0}, "datetime": {"datetime": "2024-01-19 02:43:00", "elapsed": 9072.685416, "delta": 0.006604}}
{"target": -17.677233025717083, "params": {"gamma": 433.84375164849774, "log10_alpha": -3.8825338265423426, "log10_colsample_bytree": -0.8485340139275238, "log10_eta": -4.0, "log10_lambda": -0.5706936834683809, "log10_min_child_weight": 5.0, "log10_subsample": -1.0, "max_depth": 8.0, "num_boost_round": 29.0}, "datetime": {"datetime": "2024-01-19 02:43:00", "elapsed": 9072.692208, "delta": 0.006792}}
{"target": -17.67723300051742, "params": {"gamma": 433.84375164849774, "log10_alpha": -3.8825338265423426, "log10_colsample_bytree": -0.8485340139275238, "log10_eta": -4.0, "log10_lambda": -0.5706936834683809, "log10_min_child_weight": 5.0, "log10_subsample": -1.0, "max_depth": 8.0, "num_boost_round": 30.0}, "datetime": {"datetime": "2024-01-19 02:43:00", "elapsed": 9072.699173, "delta": 0.006965}}
{"target": -17.677233004560186, "params": {"gamma": 433.84375164849774, "log10_alpha": -3.8825338265423426, "log10_colsample_bytree": -0.8485340139275238, "log10_eta": -4.0, "log10_lambda": -0.5706936834683809, "log10_min_child_weight": 5.0, "log10_subsample": -1.0, "max_depth": 8.0, "num_boost_round": 31.0}, "datetime": {"datetime": "2024-01-19 02:43:00", "elapsed": 9072.710559, "delta": 0.011386}}
{"target": -17.677233048316225, "params": {"gamma": 433.84375164849774, "log10_alpha": -3.8825338265423426, "log10_colsample_bytree": -0.8485340139275238, "log10_eta": -4.0, "log10_lambda": -0.5706936834683809, "log10_min_child_weight": 5.0, "log10_subsample": -1.0, "max_depth": 8.0, "num_boost_round": 32.0}, "datetime": {"datetime": "2024-01-19 02:43:00", "elapsed": 9072.717521, "delta": 0.006962}}
{"target": -17.67723306239453, "params": {"gamma": 433.84375164849774, "log10_alpha": -3.8825338265423426, "log10_colsample_bytree": -0.8485340139275238, "log10_eta": -4.0, "log10_lambda": -0.5706936834683809, "log10_min_child_weight": 5.0, "log10_subsample": -1.0, "max_depth": 8.0, "num_boost_round": 33.0}, "datetime": {"datetime": "2024-01-19 02:43:00", "elapsed": 9072.724345, "delta": 0.006824}}
{"target": -17.677233000561422, "params": {"gamma": 433.84375164849774, "log10_alpha": -3.8825338265423426, "log10_colsample_bytree": -0.8485340139275238, "log10_eta": -4.0, "log10_lambda": -0.5706936834683809, "log10_min_child_weight": 5.0, "log10_subsample": -1.0, "max_depth": 8.0, "num_boost_round": 34.0}, "datetime": {"datetime": "2024-01-19 02:43:00", "elapsed": 9072.731106, "delta": 0.006761}}
{"target": -17.677232990809962, "params": {"gamma": 433.84375164849774, "log10_alpha": -3.8825338265423426, "log10_colsample_bytree": -0.8485340139275238, "log10_eta": -4.0, "log10_lambda": -0.5706936834683809, "log10_min_child_weight": 5.0, "log10_subsample": -1.0, "max_depth": 8.0, "num_boost_round": 35.0}, "datetime": {"datetime": "2024-01-19 02:43:00", "elapsed": 9072.738163, "delta": 0.007057}}
{"target": -17.677233004806734, "params": {"gamma": 433.84375164849774, "log10_alpha": -3.8825338265423426, "log10_colsample_bytree": -0.8485340139275238, "log10_eta": -4.0, "log10_lambda": -0.5706936834683809, "log10_min_child_weight": 5.0, "log10_subsample": -1.0, "max_depth": 8.0, "num_boost_round": 36.0}, "datetime": {"datetime": "2024-01-19 02:43:00", "elapsed": 9072.745133, "delta": 0.00697}}
{"target": -17.677232968531484, "params": {"gamma": 433.84375164849774, "log10_alpha": -3.8825338265423426, "log10_colsample_bytree": -0.8485340139275238, "log10_eta": -4.0, "log10_lambda": -0.5706936834683809, "log10_min_child_weight": 5.0, "log10_subsample": -1.0, "max_depth": 8.0, "num_boost_round": 37.0}, "datetime": {"datetime": "2024-01-19 02:43:00", "elapsed": 9072.752057, "delta": 0.006924}}
{"target": -17.677233003932578, "params": {"gamma": 433.84375164849774, "log10_alpha": -3.8825338265423426, "log10_colsample_bytree": -0.8485340139275238, "log10_eta": -4.0, "log10_lambda": -0.5706936834683809, "log10_min_child_weight": 5.0, "log10_subsample": -1.0, "max_depth": 8.0, "num_boost_round": 38.0}, "datetime": {"datetime": "2024-01-19 02:43:00", "elapsed": 9072.758919, "delta": 0.006862}}
{"target": -17.67723298263847, "params": {"gamma": 433.84375164849774, "log10_alpha": -3.8825338265423426, "log10_colsample_bytree": -0.8485340139275238, "log10_eta": -4.0, "log10_lambda": -0.5706936834683809, "log10_min_child_weight": 5.0, "log10_subsample": -1.0, "max_depth": 8.0, "num_boost_round": 39.0}, "datetime": {"datetime": "2024-01-19 02:43:00", "elapsed": 9072.765693, "delta": 0.006774}}
{"target": -17.677232947067782, "params": {"gamma": 433.84375164849774, "log10_alpha": -3.8825338265423426, "log10_colsample_bytree": -0.8485340139275238, "log10_eta": -4.0, "log10_lambda": -0.5706936834683809, "log10_min_child_weight": 5.0, "log10_subsample": -1.0, "max_depth": 8.0, "num_boost_round": 40.0}, "datetime": {"datetime": "2024-01-19 02:43:00", "elapsed": 9072.772376, "delta": 0.006683}}
{"target": -17.677232962304416, "params": {"gamma": 433.84375164849774, "log10_alpha": -3.8825338265423426, "log10_colsample_bytree": -0.8485340139275238, "log10_eta": -4.0, "log10_lambda": -0.5706936834683809, "log10_min_child_weight": 5.0, "log10_subsample": -1.0, "max_depth": 8.0, "num_boost_round": 41.0}, "datetime": {"datetime": "2024-01-19 02:43:00", "elapsed": 9072.779163, "delta": 0.006787}}
{"target": -17.67723290594368, "params": {"gamma": 433.84375164849774, "log10_alpha": -3.8825338265423426, "log10_colsample_bytree": -0.8485340139275238, "log10_eta": -4.0, "log10_lambda": -0.5706936834683809, "log10_min_child_weight": 5.0, "log10_subsample": -1.0, "max_depth": 8.0, "num_boost_round": 42.0}, "datetime": {"datetime": "2024-01-19 02:43:00", "elapsed": 9072.785868, "delta": 0.006705}}
{"target": -17.67723293248255, "params": {"gamma": 433.84375164849774, "log10_alpha": -3.8825338265423426, "log10_colsample_bytree": -0.8485340139275238, "log10_eta": -4.0, "log10_lambda": -0.5706936834683809, "log10_min_child_weight": 5.0, "log10_subsample": -1.0, "max_depth": 8.0, "num_boost_round": 43.0}, "datetime": {"datetime": "2024-01-19 02:43:00", "elapsed": 9072.792566, "delta": 0.006698}}
{"target": -17.677232941053564, "params": {"gamma": 433.84375164849774, "log10_alpha": -3.8825338265423426, "log10_colsample_bytree": -0.8485340139275238, "log10_eta": -4.0, "log10_lambda": -0.5706936834683809, "log10_min_child_weight": 5.0, "log10_subsample": -1.0, "max_depth": 8.0, "num_boost_round": 44.0}, "datetime": {"datetime": "2024-01-19 02:43:00", "elapsed": 9072.799215, "delta": 0.006649}}
{"target": -17.6772329212264, "params": {"gamma": 433.84375164849774, "log10_alpha": -3.8825338265423426, "log10_colsample_bytree": -0.8485340139275238, "log10_eta": -4.0, "log10_lambda": -0.5706936834683809, "log10_min_child_weight": 5.0, "log10_subsample": -1.0, "max_depth": 8.0, "num_boost_round": 45.0}, "datetime": {"datetime": "2024-01-19 02:43:00", "elapsed": 9072.80667, "delta": 0.007455}}
{"target": -17.67723290504662, "params": {"gamma": 433.84375164849774, "log10_alpha": -3.8825338265423426, "log10_colsample_bytree": -0.8485340139275238, "log10_eta": -4.0, "log10_lambda": -0.5706936834683809, "log10_min_child_weight": 5.0, "log10_subsample": -1.0, "max_depth": 8.0, "num_boost_round": 46.0}, "datetime": {"datetime": "2024-01-19 02:43:00", "elapsed": 9072.813466, "delta": 0.006796}}
{"target": -17.67723294359003, "params": {"gamma": 433.84375164849774, "log10_alpha": -3.8825338265423426, "log10_colsample_bytree": -0.8485340139275238, "log10_eta": -4.0, "log10_lambda": -0.5706936834683809, "log10_min_child_weight": 5.0, "log10_subsample": -1.0, "max_depth": 8.0, "num_boost_round": 47.0}, "datetime": {"datetime": "2024-01-19 02:43:00", "elapsed": 9072.82044, "delta": 0.006974}}
{"target": -17.67723290504152, "params": {"gamma": 433.84375164849774, "log10_alpha": -3.8825338265423426, "log10_colsample_bytree": -0.8485340139275238, "log10_eta": -4.0, "log10_lambda": -0.5706936834683809, "log10_min_child_weight": 5.0, "log10_subsample": -1.0, "max_depth": 8.0, "num_boost_round": 48.0}, "datetime": {"datetime": "2024-01-19 02:43:00", "elapsed": 9072.827247, "delta": 0.006807}}
{"target": -17.67723290457037, "params": {"gamma": 433.84375164849774, "log10_alpha": -3.8825338265423426, "log10_colsample_bytree": -0.8485340139275238, "log10_eta": -4.0, "log10_lambda": -0.5706936834683809, "log10_min_child_weight": 5.0, "log10_subsample": -1.0, "max_depth": 8.0, "num_boost_round": 49.0}, "datetime": {"datetime": "2024-01-19 02:43:00", "elapsed": 9072.833945, "delta": 0.006698}}
{"target": -17.67723288373595, "params": {"gamma": 433.84375164849774, "log10_alpha": -3.8825338265423426, "log10_colsample_bytree": -0.8485340139275238, "log10_eta": -4.0, "log10_lambda": -0.5706936834683809, "log10_min_child_weight": 5.0, "log10_subsample": -1.0, "max_depth": 8.0, "num_boost_round": 50.0}, "datetime": {"datetime": "2024-01-19 02:43:00", "elapsed": 9072.840612, "delta": 0.006667}}
{"target": -17.677232882879274, "params": {"gamma": 433.84375164849774, "log10_alpha": -3.8825338265423426, "log10_colsample_bytree": -0.8485340139275238, "log10_eta": -4.0, "log10_lambda": -0.5706936834683809, "log10_min_child_weight": 5.0, "log10_subsample": -1.0, "max_depth": 8.0, "num_boost_round": 51.0}, "datetime": {"datetime": "2024-01-19 02:43:00", "elapsed": 9072.847267, "delta": 0.006655}}
{"target": -17.67723288312572, "params": {"gamma": 433.84375164849774, "log10_alpha": -3.8825338265423426, "log10_colsample_bytree": -0.8485340139275238, "log10_eta": -4.0, "log10_lambda": -0.5706936834683809, "log10_min_child_weight": 5.0, "log10_subsample": -1.0, "max_depth": 8.0, "num_boost_round": 52.0}, "datetime": {"datetime": "2024-01-19 02:43:00", "elapsed": 9072.853983, "delta": 0.006716}}
{"target": -17.67723290450313, "params": {"gamma": 433.84375164849774, "log10_alpha": -3.8825338265423426, "log10_colsample_bytree": -0.8485340139275238, "log10_eta": -4.0, "log10_lambda": -0.5706936834683809, "log10_min_child_weight": 5.0, "log10_subsample": -1.0, "max_depth": 8.0, "num_boost_round": 53.0}, "datetime": {"datetime": "2024-01-19 02:43:00", "elapsed": 9072.860934, "delta": 0.006951}}
{"target": -17.67713637142788, "params": {"gamma": 417.72864515616305, "log10_alpha": 0.28832497641094523, "log10_colsample_bytree": -0.7348460146281988, "log10_eta": -2.4655299794142223, "log10_lambda": 0.738138373812566, "log10_min_child_weight": 3.129668882246385, "log10_subsample": -0.38361210250191946, "max_depth": 2.0, "num_boost_round": 0.0}, "datetime": {"datetime": "2024-01-19 02:46:25", "elapsed": 9278.533716, "delta": 205.672782}}
{"target": -17.676999457376976, "params": {"gamma": 417.72864515616305, "log10_alpha": 0.28832497641094523, "log10_colsample_bytree": -0.7348460146281988, "log10_eta": -2.4655299794142223, "log10_lambda": 0.738138373812566, "log10_min_child_weight": 3.129668882246385, "log10_subsample": -0.38361210250191946, "max_depth": 2.0, "num_boost_round": 1.0}, "datetime": {"datetime": "2024-01-19 02:46:25", "elapsed": 9278.543622, "delta": 0.009906}}
{"target": -17.676918402831173, "params": {"gamma": 417.72864515616305, "log10_alpha": 0.28832497641094523, "log10_colsample_bytree": -0.7348460146281988, "log10_eta": -2.4655299794142223, "log10_lambda": 0.738138373812566, "log10_min_child_weight": 3.129668882246385, "log10_subsample": -0.38361210250191946, "max_depth": 2.0, "num_boost_round": 2.0}, "datetime": {"datetime": "2024-01-19 02:46:25", "elapsed": 9278.552512, "delta": 0.00889}}
{"target": -17.676895083950978, "params": {"gamma": 417.72864515616305, "log10_alpha": 0.28832497641094523, "log10_colsample_bytree": -0.7348460146281988, "log10_eta": -2.4655299794142223, "log10_lambda": 0.738138373812566, "log10_min_child_weight": 3.129668882246385, "log10_subsample": -0.38361210250191946, "max_depth": 2.0, "num_boost_round": 3.0}, "datetime": {"datetime": "2024-01-19 02:46:25", "elapsed": 9278.561278, "delta": 0.008766}}
{"target": -17.676864876357172, "params": {"gamma": 417.72864515616305, "log10_alpha": 0.28832497641094523, "log10_colsample_bytree": -0.7348460146281988, "log10_eta": -2.4655299794142223, "log10_lambda": 0.738138373812566, "log10_min_child_weight": 3.129668882246385, "log10_subsample": -0.38361210250191946, "max_depth": 2.0, "num_boost_round": 4.0}, "datetime": {"datetime": "2024-01-19 02:46:25", "elapsed": 9278.570318, "delta": 0.00904}}
{"target": -17.676769317943183, "params": {"gamma": 417.72864515616305, "log10_alpha": 0.28832497641094523, "log10_colsample_bytree": -0.7348460146281988, "log10_eta": -2.4655299794142223, "log10_lambda": 0.738138373812566, "log10_min_child_weight": 3.129668882246385, "log10_subsample": -0.38361210250191946, "max_depth": 2.0, "num_boost_round": 5.0}, "datetime": {"datetime": "2024-01-19 02:46:25", "elapsed": 9278.57846, "delta": 0.008142}}
{"target": -17.676664168915423, "params": {"gamma": 417.72864515616305, "log10_alpha": 0.28832497641094523, "log10_colsample_bytree": -0.7348460146281988, "log10_eta": -2.4655299794142223, "log10_lambda": 0.738138373812566, "log10_min_child_weight": 3.129668882246385, "log10_subsample": -0.38361210250191946, "max_depth": 2.0, "num_boost_round": 6.0}, "datetime": {"datetime": "2024-01-19 02:46:25", "elapsed": 9278.586368, "delta": 0.007908}}
{"target": -17.676583631102, "params": {"gamma": 417.72864515616305, "log10_alpha": 0.28832497641094523, "log10_colsample_bytree": -0.7348460146281988, "log10_eta": -2.4655299794142223, "log10_lambda": 0.738138373812566, "log10_min_child_weight": 3.129668882246385, "log10_subsample": -0.38361210250191946, "max_depth": 2.0, "num_boost_round": 7.0}, "datetime": {"datetime": "2024-01-19 02:46:25", "elapsed": 9278.594411, "delta": 0.008043}}
{"target": -17.676539598127114, "params": {"gamma": 417.72864515616305, "log10_alpha": 0.28832497641094523, "log10_colsample_bytree": -0.7348460146281988, "log10_eta": -2.4655299794142223, "log10_lambda": 0.738138373812566, "log10_min_child_weight": 3.129668882246385, "log10_subsample": -0.38361210250191946, "max_depth": 2.0, "num_boost_round": 8.0}, "datetime": {"datetime": "2024-01-19 02:46:25", "elapsed": 9278.602572, "delta": 0.008161}}
{"target": -17.676461053167202, "params": {"gamma": 417.72864515616305, "log10_alpha": 0.28832497641094523, "log10_colsample_bytree": -0.7348460146281988, "log10_eta": -2.4655299794142223, "log10_lambda": 0.738138373812566, "log10_min_child_weight": 3.129668882246385, "log10_subsample": -0.38361210250191946, "max_depth": 2.0, "num_boost_round": 9.0}, "datetime": {"datetime": "2024-01-19 02:46:25", "elapsed": 9278.610879, "delta": 0.008307}}
{"target": -17.676364845959636, "params": {"gamma": 417.72864515616305, "log10_alpha": 0.28832497641094523, "log10_colsample_bytree": -0.7348460146281988, "log10_eta": -2.4655299794142223, "log10_lambda": 0.738138373812566, "log10_min_child_weight": 3.129668882246385, "log10_subsample": -0.38361210250191946, "max_depth": 2.0, "num_boost_round": 10.0}, "datetime": {"datetime": "2024-01-19 02:46:25", "elapsed": 9278.619007, "delta": 0.008128}}
{"target": -17.676282615828132, "params": {"gamma": 417.72864515616305, "log10_alpha": 0.28832497641094523, "log10_colsample_bytree": -0.7348460146281988, "log10_eta": -2.4655299794142223, "log10_lambda": 0.738138373812566, "log10_min_child_weight": 3.129668882246385, "log10_subsample": -0.38361210250191946, "max_depth": 2.0, "num_boost_round": 11.0}, "datetime": {"datetime": "2024-01-19 02:46:25", "elapsed": 9278.62688, "delta": 0.007873}}
{"target": -17.676218259400557, "params": {"gamma": 417.72864515616305, "log10_alpha": 0.28832497641094523, "log10_colsample_bytree": -0.7348460146281988, "log10_eta": -2.4655299794142223, "log10_lambda": 0.738138373812566, "log10_min_child_weight": 3.129668882246385, "log10_subsample": -0.38361210250191946, "max_depth": 2.0, "num_boost_round": 12.0}, "datetime": {"datetime": "2024-01-19 02:46:25", "elapsed": 9278.634773, "delta": 0.007893}}
{"target": -17.676120277249762, "params": {"gamma": 417.72864515616305, "log10_alpha": 0.28832497641094523, "log10_colsample_bytree": -0.7348460146281988, "log10_eta": -2.4655299794142223, "log10_lambda": 0.738138373812566, "log10_min_child_weight": 3.129668882246385, "log10_subsample": -0.38361210250191946, "max_depth": 2.0, "num_boost_round": 13.0}, "datetime": {"datetime": "2024-01-19 02:46:25", "elapsed": 9278.642544, "delta": 0.007771}}
{"target": -17.676122676907916, "params": {"gamma": 417.72864515616305, "log10_alpha": 0.28832497641094523, "log10_colsample_bytree": -0.7348460146281988, "log10_eta": -2.4655299794142223, "log10_lambda": 0.738138373812566, "log10_min_child_weight": 3.129668882246385, "log10_subsample": -0.38361210250191946, "max_depth": 2.0, "num_boost_round": 14.0}, "datetime": {"datetime": "2024-01-19 02:46:26", "elapsed": 9278.65106, "delta": 0.008516}}
