{"target": -13.758079885701656, "params": {"gamma": 171.5512000129955, "log10_alpha": -3.1672347716199756, "log10_colsample_bytree": -0.36622136412302275, "log10_eta": -1.5856418660697336, "log10_lambda": -4.3828646668549744, "log10_min_child_weight": 2.2153094741725514, "log10_subsample": -0.2870983862063914, "max_depth": 2.0, "num_boost_round": 8.0}, "datetime": {"datetime": "2024-01-19 00:32:18", "elapsed": 1246.463753, "delta": 0.001555}}
{"target": -13.757984736946636, "params": {"gamma": 171.5512000129955, "log10_alpha": -3.1672347716199756, "log10_colsample_bytree": -0.36622136412302275, "log10_eta": -1.5856418660697336, "log10_lambda": -4.3828646668549744, "log10_min_child_weight": 2.2153094741725514, "log10_subsample": -0.2870983862063914, "max_depth": 2.0, "num_boost_round": 9.0}, "datetime": {"datetime": "2024-01-19 00:32:18", "elapsed": 1246.465326, "delta": 0.001573}}
{"target": -13.75813999417252, "params": {"gamma": 171.5512000129955, "log10_alpha": -3.1672347716199756, "log10_colsample_bytree": -0.36622136412302275, "log10_eta": -1.5856418660697336, "log10_lambda": -4.3828646668549744, "log10_min_child_weight": 2.2153094741725514, "log10_subsample": -0.2870983862063914, "max_depth": 2.0, "num_boost_round": 10.0}, "datetime": {"datetime": "2024-01-19 00:32:18", "elapsed": 1246.466865, "delta": 0.001539}}
{"target": -13.757843629495104, "params": {"gamma": 171.5512000129955, "log10_alpha": -3.1672347716199756, "log10_colsample_bytree": -0.36622136412302275, "log10_eta": -1.5856418660697336, "log10_lambda": -4.3828646668549744, "log10_min_child_weight": 2.2153094741725514, "log10_subsample": -0.2870983862063914, "max_depth": 2.0, "num_boost_round": 11.0}, "datetime": {"datetime": "2024-01-19 00:32:18", "elapsed": 1246.468402, "delta": 0.001537}}
{"target": -13.75803691886244, "params": {"gamma": 171.5512000129955, "log10_alpha": -3.1672347716199756, "log10_colsample_bytree": -0.36622136412302275, "log10_eta": -1.5856418660697336, "log10_lambda": -4.3828646668549744, "log10_min_child_weight": 2.2153094741725514, "log10_subsample": -0.2870983862063914, "max_depth": 2.0, "num_boost_round": 12.0}, "datetime": {"datetime": "2024-01-19 00:32:18", "elapsed": 1246.469965, "delta": 0.001563}}
{"target": -13.758275771355011, "params": {"gamma": 171.5512000129955, "log10_alpha": -3.1672347716199756, "log10_colsample_bytree": -0.36622136412302275, "log10_eta": -1.5856418660697336, "log10_lambda": -4.3828646668549744, "log10_min_child_weight": 2.2153094741725514, "log10_subsample": -0.2870983862063914, "max_depth": 2.0, "num_boost_round": 13.0}, "datetime": {"datetime": "2024-01-19 00:32:18", "elapsed": 1246.471519, "delta": 0.001554}}
{"target": -13.758323245083378, "params": {"gamma": 171.5512000129955, "log10_alpha": -3.1672347716199756, "log10_colsample_bytree": -0.36622136412302275, "log10_eta": -1.5856418660697336, "log10_lambda": -4.3828646668549744, "log10_min_child_weight": 2.2153094741725514, "log10_subsample": -0.2870983862063914, "max_depth": 2.0, "num_boost_round": 14.0}, "datetime": {"datetime": "2024-01-19 00:32:18", "elapsed": 1246.473973, "delta": 0.002454}}
{"target": -13.758117761592327, "params": {"gamma": 171.5512000129955, "log10_alpha": -3.1672347716199756, "log10_colsample_bytree": -0.36622136412302275, "log10_eta": -1.5856418660697336, "log10_lambda": -4.3828646668549744, "log10_min_child_weight": 2.2153094741725514, "log10_subsample": -0.2870983862063914, "max_depth": 2.0, "num_boost_round": 15.0}, "datetime": {"datetime": "2024-01-19 00:32:18", "elapsed": 1246.475553, "delta": 0.00158}}
{"target": -13.757960707455796, "params": {"gamma": 171.5512000129955, "log10_alpha": -3.1672347716199756, "log10_colsample_bytree": -0.36622136412302275, "log10_eta": -1.5856418660697336, "log10_lambda": -4.3828646668549744, "log10_min_child_weight": 2.2153094741725514, "log10_subsample": -0.2870983862063914, "max_depth": 2.0, "num_boost_round": 16.0}, "datetime": {"datetime": "2024-01-19 00:32:18", "elapsed": 1246.477189, "delta": 0.001636}}
{"target": -13.758177802092113, "params": {"gamma": 171.5512000129955, "log10_alpha": -3.1672347716199756, "log10_colsample_bytree": -0.36622136412302275, "log10_eta": -1.5856418660697336, "log10_lambda": -4.3828646668549744, "log10_min_child_weight": 2.2153094741725514, "log10_subsample": -0.2870983862063914, "max_depth": 2.0, "num_boost_round": 17.0}, "datetime": {"datetime": "2024-01-19 00:32:18", "elapsed": 1246.478734, "delta": 0.001545}}
{"target": -13.758343720999722, "params": {"gamma": 171.5512000129955, "log10_alpha": -3.1672347716199756, "log10_colsample_bytree": -0.36622136412302275, "log10_eta": -1.5856418660697336, "log10_lambda": -4.3828646668549744, "log10_min_child_weight": 2.2153094741725514, "log10_subsample": -0.2870983862063914, "max_depth": 2.0, "num_boost_round": 18.0}, "datetime": {"datetime": "2024-01-19 00:32:18", "elapsed": 1246.480393, "delta": 0.001659}}
{"target": -13.758168506452895, "params": {"gamma": 171.5512000129955, "log10_alpha": -3.1672347716199756, "log10_colsample_bytree": -0.36622136412302275, "log10_eta": -1.5856418660697336, "log10_lambda": -4.3828646668549744, "log10_min_child_weight": 2.2153094741725514, "log10_subsample": -0.2870983862063914, "max_depth": 2.0, "num_boost_round": 19.0}, "datetime": {"datetime": "2024-01-19 00:32:18", "elapsed": 1246.481954, "delta": 0.001561}}
{"target": -13.75808671051778, "params": {"gamma": 171.5512000129955, "log10_alpha": -3.1672347716199756, "log10_colsample_bytree": -0.36622136412302275, "log10_eta": -1.5856418660697336, "log10_lambda": -4.3828646668549744, "log10_min_child_weight": 2.2153094741725514, "log10_subsample": -0.2870983862063914, "max_depth": 2.0, "num_boost_round": 20.0}, "datetime": {"datetime": "2024-01-19 00:32:18", "elapsed": 1246.483513, "delta": 0.001559}}
{"target": -13.758130168367673, "params": {"gamma": 171.5512000129955, "log10_alpha": -3.1672347716199756, "log10_colsample_bytree": -0.36622136412302275, "log10_eta": -1.5856418660697336, "log10_lambda": -4.3828646668549744, "log10_min_child_weight": 2.2153094741725514, "log10_subsample": -0.2870983862063914, "max_depth": 2.0, "num_boost_round": 21.0}, "datetime": {"datetime": "2024-01-19 00:32:18", "elapsed": 1246.485081, "delta": 0.001568}}
{"target": -13.75861645467735, "params": {"gamma": 171.5512000129955, "log10_alpha": -3.1672347716199756, "log10_colsample_bytree": -0.36622136412302275, "log10_eta": -1.5856418660697336, "log10_lambda": -4.3828646668549744, "log10_min_child_weight": 2.2153094741725514, "log10_subsample": -0.2870983862063914, "max_depth": 2.0, "num_boost_round": 22.0}, "datetime": {"datetime": "2024-01-19 00:32:18", "elapsed": 1246.486634, "delta": 0.001553}}
{"target": -13.758519606698426, "params": {"gamma": 171.5512000129955, "log10_alpha": -3.1672347716199756, "log10_colsample_bytree": -0.36622136412302275, "log10_eta": -1.5856418660697336, "log10_lambda": -4.3828646668549744, "log10_min_child_weight": 2.2153094741725514, "log10_subsample": -0.2870983862063914, "max_depth": 2.0, "num_boost_round": 23.0}, "datetime": {"datetime": "2024-01-19 00:32:18", "elapsed": 1246.488188, "delta": 0.001554}}
{"target": -13.759427331308228, "params": {"gamma": 172.57593084243993, "log10_alpha": -0.9898462459803756, "log10_colsample_bytree": -0.13783434216128354, "log10_eta": -0.8278007934583913, "log10_lambda": 0.8956635816273808, "log10_min_child_weight": 4.051283844122288, "log10_subsample": -0.6193507168970961, "max_depth": 5.0, "num_boost_round": 0.0}, "datetime": {"datetime": "2024-01-19 00:32:47", "elapsed": 1275.233541, "delta": 28.745353}}
{"target": -13.761621147595898, "params": {"gamma": 172.57593084243993, "log10_alpha": -0.9898462459803756, "log10_colsample_bytree": -0.13783434216128354, "log10_eta": -0.8278007934583913, "log10_lambda": 0.8956635816273808, "log10_min_child_weight": 4.051283844122288, "log10_subsample": -0.6193507168970961, "max_depth": 5.0, "num_boost_round": 1.0}, "datetime": {"datetime": "2024-01-19 00:32:47", "elapsed": 1275.235678, "delta": 0.002137}}
{"target": -13.765343860020486, "params": {"gamma": 172.57593084243993, "log10_alpha": -0.9898462459803756, "log10_colsample_bytree": -0.13783434216128354, "log10_eta": -0.8278007934583913, "log10_lambda": 0.8956635816273808, "log10_min_child_weight": 4.051283844122288, "log10_subsample": -0.6193507168970961, "max_depth": 5.0, "num_boost_round": 2.0}, "datetime": {"datetime": "2024-01-19 00:32:47", "elapsed": 1275.237549, "delta": 0.001871}}
{"target": -13.767427177373326, "params": {"gamma": 172.57593084243993, "log10_alpha": -0.9898462459803756, "log10_colsample_bytree": -0.13783434216128354, "log10_eta": -0.8278007934583913, "log10_lambda": 0.8956635816273808, "log10_min_child_weight": 4.051283844122288, "log10_subsample": -0.6193507168970961, "max_depth": 5.0, "num_boost_round": 3.0}, "datetime": {"datetime": "2024-01-19 00:32:47", "elapsed": 1275.239146, "delta": 0.001597}}
{"target": -13.76976395615359, "params": {"gamma": 172.57593084243993, "log10_alpha": -0.9898462459803756, "log10_colsample_bytree": -0.13783434216128354, "log10_eta": -0.8278007934583913, "log10_lambda": 0.8956635816273808, "log10_min_child_weight": 4.051283844122288, "log10_subsample": -0.6193507168970961, "max_depth": 5.0, "num_boost_round": 4.0}, "datetime": {"datetime": "2024-01-19 00:32:47", "elapsed": 1275.240982, "delta": 0.001836}}
{"target": -13.771578354027627, "params": {"gamma": 172.57593084243993, "log10_alpha": -0.9898462459803756, "log10_colsample_bytree": -0.13783434216128354, "log10_eta": -0.8278007934583913, "log10_lambda": 0.8956635816273808, "log10_min_child_weight": 4.051283844122288, "log10_subsample": -0.6193507168970961, "max_depth": 5.0, "num_boost_round": 5.0}, "datetime": {"datetime": "2024-01-19 00:32:47", "elapsed": 1275.242754, "delta": 0.001772}}
{"target": -13.773651330599465, "params": {"gamma": 172.57593084243993, "log10_alpha": -0.9898462459803756, "log10_colsample_bytree": -0.13783434216128354, "log10_eta": -0.8278007934583913, "log10_lambda": 0.8956635816273808, "log10_min_child_weight": 4.051283844122288, "log10_subsample": -0.6193507168970961, "max_depth": 5.0, "num_boost_round": 6.0}, "datetime": {"datetime": "2024-01-19 00:32:47", "elapsed": 1275.244673, "delta": 0.001919}}
{"target": -13.776014574263069, "params": {"gamma": 172.57593084243993, "log10_alpha": -0.9898462459803756, "log10_colsample_bytree": -0.13783434216128354, "log10_eta": -0.8278007934583913, "log10_lambda": 0.8956635816273808, "log10_min_child_weight": 4.051283844122288, "log10_subsample": -0.6193507168970961, "max_depth": 5.0, "num_boost_round": 7.0}, "datetime": {"datetime": "2024-01-19 00:32:47", "elapsed": 1275.24694, "delta": 0.002267}}
{"target": -13.779192488442808, "params": {"gamma": 172.57593084243993, "log10_alpha": -0.9898462459803756, "log10_colsample_bytree": -0.13783434216128354, "log10_eta": -0.8278007934583913, "log10_lambda": 0.8956635816273808, "log10_min_child_weight": 4.051283844122288, "log10_subsample": -0.6193507168970961, "max_depth": 5.0, "num_boost_round": 8.0}, "datetime": {"datetime": "2024-01-19 00:32:47", "elapsed": 1275.248644, "delta": 0.001704}}
{"target": -13.780505324836335, "params": {"gamma": 172.57593084243993, "log10_alpha": -0.9898462459803756, "log10_colsample_bytree": -0.13783434216128354, "log10_eta": -0.8278007934583913, "log10_lambda": 0.8956635816273808, "log10_min_child_weight": 4.051283844122288, "log10_subsample": -0.6193507168970961, "max_depth": 5.0, "num_boost_round": 9.0}, "datetime": {"datetime": "2024-01-19 00:32:47", "elapsed": 1275.250361, "delta": 0.001717}}
{"target": -13.781354664473197, "params": {"gamma": 172.57593084243993, "log10_alpha": -0.9898462459803756, "log10_colsample_bytree": -0.13783434216128354, "log10_eta": -0.8278007934583913, "log10_lambda": 0.8956635816273808, "log10_min_child_weight": 4.051283844122288, "log10_subsample": -0.6193507168970961, "max_depth": 5.0, "num_boost_round": 10.0}, "datetime": {"datetime": "2024-01-19 00:32:47", "elapsed": 1275.251941, "delta": 0.00158}}
{"target": -13.782422526019959, "params": {"gamma": 172.57593084243993, "log10_alpha": -0.9898462459803756, "log10_colsample_bytree": -0.13783434216128354, "log10_eta": -0.8278007934583913, "log10_lambda": 0.8956635816273808, "log10_min_child_weight": 4.051283844122288, "log10_subsample": -0.6193507168970961, "max_depth": 5.0, "num_boost_round": 11.0}, "datetime": {"datetime": "2024-01-19 00:32:47", "elapsed": 1275.253513, "delta": 0.001572}}
{"target": -13.783365915586097, "params": {"gamma": 172.57593084243993, "log10_alpha": -0.9898462459803756, "log10_colsample_bytree": -0.13783434216128354, "log10_eta": -0.8278007934583913, "log10_lambda": 0.8956635816273808, "log10_min_child_weight": 4.051283844122288, "log10_subsample": -0.6193507168970961, "max_depth": 5.0, "num_boost_round": 12.0}, "datetime": {"datetime": "2024-01-19 00:32:47", "elapsed": 1275.255169, "delta": 0.001656}}
{"target": -13.784247075145538, "params": {"gamma": 172.57593084243993, "log10_alpha": -0.9898462459803756, "log10_colsample_bytree": -0.13783434216128354, "log10_eta": -0.8278007934583913, "log10_lambda": 0.8956635816273808, "log10_min_child_weight": 4.051283844122288, "log10_subsample": -0.6193507168970961, "max_depth": 5.0, "num_boost_round": 13.0}, "datetime": {"datetime": "2024-01-19 00:32:47", "elapsed": 1275.256798, "delta": 0.001629}}
{"target": -13.78423092747059, "params": {"gamma": 172.57593084243993, "log10_alpha": -0.9898462459803756, "log10_colsample_bytree": -0.13783434216128354, "log10_eta": -0.8278007934583913, "log10_lambda": 0.8956635816273808, "log10_min_child_weight": 4.051283844122288, "log10_subsample": -0.6193507168970961, "max_depth": 5.0, "num_boost_round": 14.0}, "datetime": {"datetime": "2024-01-19 00:32:47", "elapsed": 1275.258439, "delta": 0.001641}}
{"target": -13.78510775174562, "params": {"gamma": 172.57593084243993, "log10_alpha": -0.9898462459803756, "log10_colsample_bytree": -0.13783434216128354, "log10_eta": -0.8278007934583913, "log10_lambda": 0.8956635816273808, "log10_min_child_weight": 4.051283844122288, "log10_subsample": -0.6193507168970961, "max_depth": 5.0, "num_boost_round": 15.0}, "datetime": {"datetime": "2024-01-19 00:32:47", "elapsed": 1275.260077, "delta": 0.001638}}
{"target": -13.786048303405119, "params": {"gamma": 172.57593084243993, "log10_alpha": -0.9898462459803756, "log10_colsample_bytree": -0.13783434216128354, "log10_eta": -0.8278007934583913, "log10_lambda": 0.8956635816273808, "log10_min_child_weight": 4.051283844122288, "log10_subsample": -0.6193507168970961, "max_depth": 5.0, "num_boost_round": 16.0}, "datetime": {"datetime": "2024-01-19 00:32:47", "elapsed": 1275.261705, "delta": 0.001628}}
{"target": -13.78591614865153, "params": {"gamma": 172.57593084243993, "log10_alpha": -0.9898462459803756, "log10_colsample_bytree": -0.13783434216128354, "log10_eta": -0.8278007934583913, "log10_lambda": 0.8956635816273808, "log10_min_child_weight": 4.051283844122288, "log10_subsample": -0.6193507168970961, "max_depth": 5.0, "num_boost_round": 17.0}, "datetime": {"datetime": "2024-01-19 00:32:47", "elapsed": 1275.263333, "delta": 0.001628}}
{"target": -13.786840014935871, "params": {"gamma": 172.57593084243993, "log10_alpha": -0.9898462459803756, "log10_colsample_bytree": -0.13783434216128354, "log10_eta": -0.8278007934583913, "log10_lambda": 0.8956635816273808, "log10_min_child_weight": 4.051283844122288, "log10_subsample": -0.6193507168970961, "max_depth": 5.0, "num_boost_round": 18.0}, "datetime": {"datetime": "2024-01-19 00:32:47", "elapsed": 1275.264997, "delta": 0.001664}}
{"target": -13.78736210630678, "params": {"gamma": 172.57593084243993, "log10_alpha": -0.9898462459803756, "log10_colsample_bytree": -0.13783434216128354, "log10_eta": -0.8278007934583913, "log10_lambda": 0.8956635816273808, "log10_min_child_weight": 4.051283844122288, "log10_subsample": -0.6193507168970961, "max_depth": 5.0, "num_boost_round": 19.0}, "datetime": {"datetime": "2024-01-19 00:32:47", "elapsed": 1275.266635, "delta": 0.001638}}
{"target": -13.786795587787239, "params": {"gamma": 172.57593084243993, "log10_alpha": -0.9898462459803756, "log10_colsample_bytree": -0.13783434216128354, "log10_eta": -0.8278007934583913, "log10_lambda": 0.8956635816273808, "log10_min_child_weight": 4.051283844122288, "log10_subsample": -0.6193507168970961, "max_depth": 5.0, "num_boost_round": 20.0}, "datetime": {"datetime": "2024-01-19 00:32:47", "elapsed": 1275.268247, "delta": 0.001612}}
{"target": -13.789470514424297, "params": {"gamma": 172.57593084243993, "log10_alpha": -0.9898462459803756, "log10_colsample_bytree": -0.13783434216128354, "log10_eta": -0.8278007934583913, "log10_lambda": 0.8956635816273808, "log10_min_child_weight": 4.051283844122288, "log10_subsample": -0.6193507168970961, "max_depth": 5.0, "num_boost_round": 21.0}, "datetime": {"datetime": "2024-01-19 00:32:47", "elapsed": 1275.269869, "delta": 0.001622}}
{"target": -13.78986658397433, "params": {"gamma": 172.57593084243993, "log10_alpha": -0.9898462459803756, "log10_colsample_bytree": -0.13783434216128354, "log10_eta": -0.8278007934583913, "log10_lambda": 0.8956635816273808, "log10_min_child_weight": 4.051283844122288, "log10_subsample": -0.6193507168970961, "max_depth": 5.0, "num_boost_round": 22.0}, "datetime": {"datetime": "2024-01-19 00:32:47", "elapsed": 1275.271513, "delta": 0.001644}}
{"target": -13.790637244563438, "params": {"gamma": 172.57593084243993, "log10_alpha": -0.9898462459803756, "log10_colsample_bytree": -0.13783434216128354, "log10_eta": -0.8278007934583913, "log10_lambda": 0.8956635816273808, "log10_min_child_weight": 4.051283844122288, "log10_subsample": -0.6193507168970961, "max_depth": 5.0, "num_boost_round": 23.0}, "datetime": {"datetime": "2024-01-19 00:32:47", "elapsed": 1275.273132, "delta": 0.001619}}
{"target": -13.791795449281944, "params": {"gamma": 172.57593084243993, "log10_alpha": -0.9898462459803756, "log10_colsample_bytree": -0.13783434216128354, "log10_eta": -0.8278007934583913, "log10_lambda": 0.8956635816273808, "log10_min_child_weight": 4.051283844122288, "log10_subsample": -0.6193507168970961, "max_depth": 5.0, "num_boost_round": 24.0}, "datetime": {"datetime": "2024-01-19 00:32:47", "elapsed": 1275.274747, "delta": 0.001615}}
{"target": -13.79262663976178, "params": {"gamma": 172.57593084243993, "log10_alpha": -0.9898462459803756, "log10_colsample_bytree": -0.13783434216128354, "log10_eta": -0.8278007934583913, "log10_lambda": 0.8956635816273808, "log10_min_child_weight": 4.051283844122288, "log10_subsample": -0.6193507168970961, "max_depth": 5.0, "num_boost_round": 25.0}, "datetime": {"datetime": "2024-01-19 00:32:47", "elapsed": 1275.276365, "delta": 0.001618}}
{"target": -13.79342531895875, "params": {"gamma": 172.57593084243993, "log10_alpha": -0.9898462459803756, "log10_colsample_bytree": -0.13783434216128354, "log10_eta": -0.8278007934583913, "log10_lambda": 0.8956635816273808, "log10_min_child_weight": 4.051283844122288, "log10_subsample": -0.6193507168970961, "max_depth": 5.0, "num_boost_round": 26.0}, "datetime": {"datetime": "2024-01-19 00:32:47", "elapsed": 1275.277996, "delta": 0.001631}}
{"target": -13.79278822895522, "params": {"gamma": 172.57593084243993, "log10_alpha": -0.9898462459803756, "log10_colsample_bytree": -0.13783434216128354, "log10_eta": -0.8278007934583913, "log10_lambda": 0.8956635816273808, "log10_min_child_weight": 4.051283844122288, "log10_subsample": -0.6193507168970961, "max_depth": 5.0, "num_boost_round": 27.0}, "datetime": {"datetime": "2024-01-19 00:32:47", "elapsed": 1275.279627, "delta": 0.001631}}
{"target": -13.793092483028843, "params": {"gamma": 172.57593084243993, "log10_alpha": -0.9898462459803756, "log10_colsample_bytree": -0.13783434216128354, "log10_eta": -0.8278007934583913, "log10_lambda": 0.8956635816273808, "log10_min_child_weight": 4.051283844122288, "log10_subsample": -0.6193507168970961, "max_depth": 5.0, "num_boost_round": 28.0}, "datetime": {"datetime": "2024-01-19 00:32:47", "elapsed": 1275.281253, "delta": 0.001626}}
{"target": -13.793485675304119, "params": {"gamma": 172.57593084243993, "log10_alpha": -0.9898462459803756, "log10_colsample_bytree": -0.13783434216128354, "log10_eta": -0.8278007934583913, "log10_lambda": 0.8956635816273808, "log10_min_child_weight": 4.051283844122288, "log10_subsample": -0.6193507168970961, "max_depth": 5.0, "num_boost_round": 29.0}, "datetime": {"datetime": "2024-01-19 00:32:47", "elapsed": 1275.282878, "delta": 0.001625}}
{"target": -13.795851280540361, "params": {"gamma": 172.57593084243993, "log10_alpha": -0.9898462459803756, "log10_colsample_bytree": -0.13783434216128354, "log10_eta": -0.8278007934583913, "log10_lambda": 0.8956635816273808, "log10_min_child_weight": 4.051283844122288, "log10_subsample": -0.6193507168970961, "max_depth": 5.0, "num_boost_round": 30.0}, "datetime": {"datetime": "2024-01-19 00:32:47", "elapsed": 1275.284501, "delta": 0.001623}}
{"target": -13.758533147432095, "params": {"gamma": 163.33726037362305, "log10_alpha": -0.7836066260561569, "log10_colsample_bytree": -0.4293412915253856, "log10_eta": -3.9552424209498214, "log10_lambda": -0.0033244551851607795, "log10_min_child_weight": 0.3749928098433958, "log10_subsample": -0.2444357617143259, "max_depth": 8.0, "num_boost_round": 0.0}, "datetime": {"datetime": "2024-01-19 00:33:11", "elapsed": 1299.552288, "delta": 24.267787}}
{"target": -13.758527879674215, "params": {"gamma": 163.33726037362305, "log10_alpha": -0.7836066260561569, "log10_colsample_bytree": -0.4293412915253856, "log10_eta": -3.9552424209498214, "log10_lambda": -0.0033244551851607795, "log10_min_child_weight": 0.3749928098433958, "log10_subsample": -0.2444357617143259, "max_depth": 8.0, "num_boost_round": 1.0}, "datetime": {"datetime": "2024-01-19 00:33:11", "elapsed": 1299.554495, "delta": 0.002207}}
