{"target": -17.677083999653043, "params": {"gamma": 834.2939437681059, "log10_alpha": -3.4388054827573056, "log10_colsample_bytree": -0.21266769349761172, "log10_eta": -3.3968941918983075, "log10_lambda": -3.204626560904561, "log10_min_child_weight": 3.854952941293818, "log10_subsample": -0.3591401726460931, "max_depth": 5.0, "num_boost_round": 12.0}, "datetime": {"datetime": "2024-01-19 01:46:52", "elapsed": 5697.227963, "delta": 0.007866}}
{"target": -17.67707293919853, "params": {"gamma": 834.2939437681059, "log10_alpha": -3.4388054827573056, "log10_colsample_bytree": -0.21266769349761172, "log10_eta": -3.3968941918983075, "log10_lambda": -3.204626560904561, "log10_min_child_weight": 3.854952941293818, "log10_subsample": -0.3591401726460931, "max_depth": 5.0, "num_boost_round": 13.0}, "datetime": {"datetime": "2024-01-19 01:46:52", "elapsed": 5697.236039, "delta": 0.008076}}
{"target": -17.67706162850746, "params": {"gamma": 834.2939437681059, "log10_alpha": -3.4388054827573056, "log10_colsample_bytree": -0.21266769349761172, "log10_eta": -3.3968941918983075, "log10_lambda": -3.204626560904561, "log10_min_child_weight": 3.854952941293818, "log10_subsample": -0.3591401726460931, "max_depth": 5.0, "num_boost_round": 14.0}, "datetime": {"datetime": "2024-01-19 01:46:52", "elapsed": 5697.243549, "delta": 0.00751}}
{"target": -17.67704322943385, "params": {"gamma": 834.2939437681059, "log10_alpha": -3.4388054827573056, "log10_colsample_bytree": -0.21266769349761172, "log10_eta": -3.3968941918983075, "log10_lambda": -3.204626560904561, "log10_min_child_weight": 3.854952941293818, "log10_subsample": -0.3591401726460931, "max_depth": 5.0, "num_boost_round": 15.0}, "datetime": {"datetime": "2024-01-19 01:46:52", "elapsed": 5697.250542, "delta": 0.006993}}
{"target": -17.67702860393847, "params": {"gamma": 834.2939437681059, "log10_alpha": -3.4388054827573056, "log10_colsample_bytree": -0.21266769349761172, "log10_eta": -3.3968941918983075, "log10_lambda": -3.204626560904561, "log10_min_child_weight": 3.854952941293818, "log10_subsample": -0.3591401726460931, "max_depth": 5.0, "num_boost_round": 16.0}, "datetime": {"datetime": "2024-01-19 01:46:52", "elapsed": 5697.257379, "delta": 0.006837}}
{"target": -17.677022509182855, "params": {"gamma": 834.2939437681059, "log10_alpha": -3.4388054827573056, "log10_colsample_bytree": -0.21266769349761172, "log10_eta": -3.3968941918983075, "log10_lambda": -3.204626560904561, "log10_min_child_weight": 3.854952941293818, "log10_subsample": -0.3591401726460931, "max_depth": 5.0, "num_boost_round": 17.0}, "datetime": {"datetime": "2024-01-19 01:46:52", "elapsed": 5697.264262, "delta": 0.006883}}
{"target": -17.67701811200743, "params": {"gamma": 834.2939437681059, "log10_alpha": -3.4388054827573056, "log10_colsample_bytree": -0.21266769349761172, "log10_eta": -3.3968941918983075, "log10_lambda": -3.204626560904561, "log10_min_child_weight": 3.854952941293818, "log10_subsample": -0.3591401726460931, "max_depth": 5.0, "num_boost_round": 18.0}, "datetime": {"datetime": "2024-01-19 01:46:52", "elapsed": 5697.271063, "delta": 0.006801}}
{"target": -17.677003200346352, "params": {"gamma": 834.2939437681059, "log10_alpha": -3.4388054827573056, "log10_colsample_bytree": -0.21266769349761172, "log10_eta": -3.3968941918983075, "log10_lambda": -3.204626560904561, "log10_min_child_weight": 3.854952941293818, "log10_subsample": -0.3591401726460931, "max_depth": 5.0, "num_boost_round": 19.0}, "datetime": {"datetime": "2024-01-19 01:46:52", "elapsed": 5697.277818, "delta": 0.006755}}
{"target": -17.67698781858729, "params": {"gamma": 834.2939437681059, "log10_alpha": -3.4388054827573056, "log10_colsample_bytree": -0.21266769349761172, "log10_eta": -3.3968941918983075, "log10_lambda": -3.204626560904561, "log10_min_child_weight": 3.854952941293818, "log10_subsample": -0.3591401726460931, "max_depth": 5.0, "num_boost_round": 20.0}, "datetime": {"datetime": "2024-01-19 01:46:52", "elapsed": 5697.284516, "delta": 0.006698}}
{"target": -17.676977313168774, "params": {"gamma": 834.2939437681059, "log10_alpha": -3.4388054827573056, "log10_colsample_bytree": -0.21266769349761172, "log10_eta": -3.3968941918983075, "log10_lambda": -3.204626560904561, "log10_min_child_weight": 3.854952941293818, "log10_subsample": -0.3591401726460931, "max_depth": 5.0, "num_boost_round": 21.0}, "datetime": {"datetime": "2024-01-19 01:46:52", "elapsed": 5697.291314, "delta": 0.006798}}
{"target": -17.67623112060631, "params": {"gamma": 835.8602627699809, "log10_alpha": -3.411867429280619, "log10_colsample_bytree": -0.7967932830842739, "log10_eta": -1.089440034822089, "log10_lambda": -0.9097685862962344, "log10_min_child_weight": 4.238258828936287, "log10_subsample": -0.5266887772388874, "max_depth": 7.0, "num_boost_round": 0.0}, "datetime": {"datetime": "2024-01-19 01:48:01", "elapsed": 5765.74718, "delta": 68.455866}}
{"target": -17.675100157040276, "params": {"gamma": 835.8602627699809, "log10_alpha": -3.411867429280619, "log10_colsample_bytree": -0.7967932830842739, "log10_eta": -1.089440034822089, "log10_lambda": -0.9097685862962344, "log10_min_child_weight": 4.238258828936287, "log10_subsample": -0.5266887772388874, "max_depth": 7.0, "num_boost_round": 1.0}, "datetime": {"datetime": "2024-01-19 01:48:01", "elapsed": 5765.754345, "delta": 0.007165}}
{"target": -17.676201668559486, "params": {"gamma": 835.8602627699809, "log10_alpha": -3.411867429280619, "log10_colsample_bytree": -0.7967932830842739, "log10_eta": -1.089440034822089, "log10_lambda": -0.9097685862962344, "log10_min_child_weight": 4.238258828936287, "log10_subsample": -0.5266887772388874, "max_depth": 7.0, "num_boost_round": 2.0}, "datetime": {"datetime": "2024-01-19 01:48:01", "elapsed": 5765.761125, "delta": 0.00678}}
{"target": -17.67629615277952, "params": {"gamma": 835.8602627699809, "log10_alpha": -3.411867429280619, "log10_colsample_bytree": -0.7967932830842739, "log10_eta": -1.089440034822089, "log10_lambda": -0.9097685862962344, "log10_min_child_weight": 4.238258828936287, "log10_subsample": -0.5266887772388874, "max_depth": 7.0, "num_boost_round": 3.0}, "datetime": {"datetime": "2024-01-19 01:48:01", "elapsed": 5765.767901, "delta": 0.006776}}
{"target": -17.676029802885637, "params": {"gamma": 835.8602627699809, "log10_alpha": -3.411867429280619, "log10_colsample_bytree": -0.7967932830842739, "log10_eta": -1.089440034822089, "log10_lambda": -0.9097685862962344, "log10_min_child_weight": 4.238258828936287, "log10_subsample": -0.5266887772388874, "max_depth": 7.0, "num_boost_round": 4.0}, "datetime": {"datetime": "2024-01-19 01:48:01", "elapsed": 5765.7745, "delta": 0.006599}}
{"target": -17.67647347129805, "params": {"gamma": 835.8602627699809, "log10_alpha": -3.411867429280619, "log10_colsample_bytree": -0.7967932830842739, "log10_eta": -1.089440034822089, "log10_lambda": -0.9097685862962344, "log10_min_child_weight": 4.238258828936287, "log10_subsample": -0.5266887772388874, "max_depth": 7.0, "num_boost_round": 5.0}, "datetime": {"datetime": "2024-01-19 01:48:01", "elapsed": 5765.781213, "delta": 0.006713}}
{"target": -17.678474625947473, "params": {"gamma": 835.8602627699809, "log10_alpha": -3.411867429280619, "log10_colsample_bytree": -0.7967932830842739, "log10_eta": -1.089440034822089, "log10_lambda": -0.9097685862962344, "log10_min_child_weight": 4.238258828936287, "log10_subsample": -0.5266887772388874, "max_depth": 7.0, "num_boost_round": 6.0}, "datetime": {"datetime": "2024-01-19 01:48:01", "elapsed": 5765.78796, "delta": 0.006747}}
{"target": -17.678086547431413, "params": {"gamma": 835.8602627699809, "log10_alpha": -3.411867429280619, "log10_colsample_bytree": -0.7967932830842739, "log10_eta": -1.089440034822089, "log10_lambda": -0.9097685862962344, "log10_min_child_weight": 4.238258828936287, "log10_subsample": -0.5266887772388874, "max_depth": 7.0, "num_boost_round": 7.0}, "datetime": {"datetime": "2024-01-19 01:48:01", "elapsed": 5765.794713, "delta": 0.006753}}
{"target": -17.679564849714474, "params": {"gamma": 835.8602627699809, "log10_alpha": -3.411867429280619, "log10_colsample_bytree": -0.7967932830842739, "log10_eta": -1.089440034822089, "log10_lambda": -0.9097685862962344, "log10_min_child_weight": 4.238258828936287, "log10_subsample": -0.5266887772388874, "max_depth": 7.0, "num_boost_round": 8.0}, "datetime": {"datetime": "2024-01-19 01:48:01", "elapsed": 5765.801392, "delta": 0.006679}}
{"target": -17.67937504031202, "params": {"gamma": 835.8602627699809, "log10_alpha": -3.411867429280619, "log10_colsample_bytree": -0.7967932830842739, "log10_eta": -1.089440034822089, "log10_lambda": -0.9097685862962344, "log10_min_child_weight": 4.238258828936287, "log10_subsample": -0.5266887772388874, "max_depth": 7.0, "num_boost_round": 9.0}, "datetime": {"datetime": "2024-01-19 01:48:01", "elapsed": 5765.809365, "delta": 0.007973}}
{"target": -17.680010062203685, "params": {"gamma": 835.8602627699809, "log10_alpha": -3.411867429280619, "log10_colsample_bytree": -0.7967932830842739, "log10_eta": -1.089440034822089, "log10_lambda": -0.9097685862962344, "log10_min_child_weight": 4.238258828936287, "log10_subsample": -0.5266887772388874, "max_depth": 7.0, "num_boost_round": 10.0}, "datetime": {"datetime": "2024-01-19 01:48:01", "elapsed": 5765.817033, "delta": 0.007668}}
{"target": -17.67934258221776, "params": {"gamma": 835.8602627699809, "log10_alpha": -3.411867429280619, "log10_colsample_bytree": -0.7967932830842739, "log10_eta": -1.089440034822089, "log10_lambda": -0.9097685862962344, "log10_min_child_weight": 4.238258828936287, "log10_subsample": -0.5266887772388874, "max_depth": 7.0, "num_boost_round": 11.0}, "datetime": {"datetime": "2024-01-19 01:48:01", "elapsed": 5765.824216, "delta": 0.007183}}
{"target": -17.68081781418297, "params": {"gamma": 835.8602627699809, "log10_alpha": -3.411867429280619, "log10_colsample_bytree": -0.7967932830842739, "log10_eta": -1.089440034822089, "log10_lambda": -0.9097685862962344, "log10_min_child_weight": 4.238258828936287, "log10_subsample": -0.5266887772388874, "max_depth": 7.0, "num_boost_round": 12.0}, "datetime": {"datetime": "2024-01-19 01:48:01", "elapsed": 5765.830963, "delta": 0.006747}}
{"target": -17.681881377651266, "params": {"gamma": 835.8602627699809, "log10_alpha": -3.411867429280619, "log10_colsample_bytree": -0.7967932830842739, "log10_eta": -1.089440034822089, "log10_lambda": -0.9097685862962344, "log10_min_child_weight": 4.238258828936287, "log10_subsample": -0.5266887772388874, "max_depth": 7.0, "num_boost_round": 13.0}, "datetime": {"datetime": "2024-01-19 01:48:01", "elapsed": 5765.837686, "delta": 0.006723}}
{"target": -17.67715643245651, "params": {"gamma": 840.7482149062754, "log10_alpha": -2.462199150453783, "log10_colsample_bytree": -0.18908031377840429, "log10_eta": -2.70678362193816, "log10_lambda": -1.7312329926471337, "log10_min_child_weight": 0.9106110024735453, "log10_subsample": -0.8892725736082984, "max_depth": 3.0, "num_boost_round": 0.0}, "datetime": {"datetime": "2024-01-19 01:49:46", "elapsed": 5870.539973, "delta": 104.702287}}
{"target": -17.677060678387182, "params": {"gamma": 840.7482149062754, "log10_alpha": -2.462199150453783, "log10_colsample_bytree": -0.18908031377840429, "log10_eta": -2.70678362193816, "log10_lambda": -1.7312329926471337, "log10_min_child_weight": 0.9106110024735453, "log10_subsample": -0.8892725736082984, "max_depth": 3.0, "num_boost_round": 1.0}, "datetime": {"datetime": "2024-01-19 01:49:46", "elapsed": 5870.547828, "delta": 0.007855}}
{"target": -17.676958104321933, "params": {"gamma": 840.7482149062754, "log10_alpha": -2.462199150453783, "log10_colsample_bytree": -0.18908031377840429, "log10_eta": -2.70678362193816, "log10_lambda": -1.7312329926471337, "log10_min_child_weight": 0.9106110024735453, "log10_subsample": -0.8892725736082984, "max_depth": 3.0, "num_boost_round": 2.0}, "datetime": {"datetime": "2024-01-19 01:49:46", "elapsed": 5870.554497, "delta": 0.006669}}
{"target": -17.676918139752885, "params": {"gamma": 840.7482149062754, "log10_alpha": -2.462199150453783, "log10_colsample_bytree": -0.18908031377840429, "log10_eta": -2.70678362193816, "log10_lambda": -1.7312329926471337, "log10_min_child_weight": 0.9106110024735453, "log10_subsample": -0.8892725736082984, "max_depth": 3.0, "num_boost_round": 3.0}, "datetime": {"datetime": "2024-01-19 01:49:46", "elapsed": 5870.561169, "delta": 0.006672}}
{"target": -17.676889953840483, "params": {"gamma": 840.7482149062754, "log10_alpha": -2.462199150453783, "log10_colsample_bytree": -0.18908031377840429, "log10_eta": -2.70678362193816, "log10_lambda": -1.7312329926471337, "log10_min_child_weight": 0.9106110024735453, "log10_subsample": -0.8892725736082984, "max_depth": 3.0, "num_boost_round": 4.0}, "datetime": {"datetime": "2024-01-19 01:49:46", "elapsed": 5870.567781, "delta": 0.006612}}
{"target": -17.67684274793872, "params": {"gamma": 840.7482149062754, "log10_alpha": -2.462199150453783, "log10_colsample_bytree": -0.18908031377840429, "log10_eta": -2.70678362193816, "log10_lambda": -1.7312329926471337, "log10_min_child_weight": 0.9106110024735453, "log10_subsample": -0.8892725736082984, "max_depth": 3.0, "num_boost_round": 5.0}, "datetime": {"datetime": "2024-01-19 01:49:46", "elapsed": 5870.574466, "delta": 0.006685}}
{"target": -17.676768473897738, "params": {"gamma": 840.7482149062754, "log10_alpha": -2.462199150453783, "log10_colsample_bytree": -0.18908031377840429, "log10_eta": -2.70678362193816, "log10_lambda": -1.7312329926471337, "log10_min_child_weight": 0.9106110024735453, "log10_subsample": -0.8892725736082984, "max_depth": 3.0, "num_boost_round": 6.0}, "datetime": {"datetime": "2024-01-19 01:49:46", "elapsed": 5870.580949, "delta": 0.006483}}
{"target": -17.67671725663751, "params": {"gamma": 840.7482149062754, "log10_alpha": -2.462199150453783, "log10_colsample_bytree": -0.18908031377840429, "log10_eta": -2.70678362193816, "log10_lambda": -1.7312329926471337, "log10_min_child_weight": 0.9106110024735453, "log10_subsample": -0.8892725736082984, "max_depth": 3.0, "num_boost_round": 7.0}, "datetime": {"datetime": "2024-01-19 01:49:46", "elapsed": 5870.587615, "delta": 0.006666}}
{"target": -17.676705292089174, "params": {"gamma": 840.7482149062754, "log10_alpha": -2.462199150453783, "log10_colsample_bytree": -0.18908031377840429, "log10_eta": -2.70678362193816, "log10_lambda": -1.7312329926471337, "log10_min_child_weight": 0.9106110024735453, "log10_subsample": -0.8892725736082984, "max_depth": 3.0, "num_boost_round": 8.0}, "datetime": {"datetime": "2024-01-19 01:49:46", "elapsed": 5870.594285, "delta": 0.00667}}
{"target": -17.676661417558616, "params": {"gamma": 840.7482149062754, "log10_alpha": -2.462199150453783, "log10_colsample_bytree": -0.18908031377840429, "log10_eta": -2.70678362193816, "log10_lambda": -1.7312329926471337, "log10_min_child_weight": 0.9106110024735453, "log10_subsample": -0.8892725736082984, "max_depth": 3.0, "num_boost_round": 9.0}, "datetime": {"datetime": "2024-01-19 01:49:46", "elapsed": 5870.600806, "delta": 0.006521}}
{"target": -17.67661984445913, "params": {"gamma": 840.7482149062754, "log10_alpha": -2.462199150453783, "log10_colsample_bytree": -0.18908031377840429, "log10_eta": -2.70678362193816, "log10_lambda": -1.7312329926471337, "log10_min_child_weight": 0.9106110024735453, "log10_subsample": -0.8892725736082984, "max_depth": 3.0, "num_boost_round": 10.0}, "datetime": {"datetime": "2024-01-19 01:49:46", "elapsed": 5870.607435, "delta": 0.006629}}
{"target": -17.677252534140848, "params": {"gamma": 842.8989031575971, "log10_alpha": -0.12857260193735787, "log10_colsample_bytree": -0.8660733617307446, "log10_eta": -2.2457108217168344, "log10_lambda": 0.9320669947461351, "log10_min_child_weight": 0.2734104953117594, "log10_subsample": -0.9034842447203607, "max_depth": 3.0, "num_boost_round": 0.0}, "datetime": {"datetime": "2024-01-19 01:50:53", "elapsed": 5938.403574, "delta": 67.796139}}
{"target": -17.677085177430605, "params": {"gamma": 842.8989031575971, "log10_alpha": -0.12857260193735787, "log10_colsample_bytree": -0.8660733617307446, "log10_eta": -2.2457108217168344, "log10_lambda": 0.9320669947461351, "log10_min_child_weight": 0.2734104953117594, "log10_subsample": -0.9034842447203607, "max_depth": 3.0, "num_boost_round": 1.0}, "datetime": {"datetime": "2024-01-19 01:50:53", "elapsed": 5938.412012, "delta": 0.008438}}
{"target": -17.676989616287976, "params": {"gamma": 842.8989031575971, "log10_alpha": -0.12857260193735787, "log10_colsample_bytree": -0.8660733617307446, "log10_eta": -2.2457108217168344, "log10_lambda": 0.9320669947461351, "log10_min_child_weight": 0.2734104953117594, "log10_subsample": -0.9034842447203607, "max_depth": 3.0, "num_boost_round": 2.0}, "datetime": {"datetime": "2024-01-19 01:50:53", "elapsed": 5938.418496, "delta": 0.006484}}
{"target": -17.676892552346253, "params": {"gamma": 842.8989031575971, "log10_alpha": -0.12857260193735787, "log10_colsample_bytree": -0.8660733617307446, "log10_eta": -2.2457108217168344, "log10_lambda": 0.9320669947461351, "log10_min_child_weight": 0.2734104953117594, "log10_subsample": -0.9034842447203607, "max_depth": 3.0, "num_boost_round": 3.0}, "datetime": {"datetime": "2024-01-19 01:50:53", "elapsed": 5938.42455, "delta": 0.006054}}
{"target": -17.676810578366023, "params": {"gamma": 842.8989031575971, "log10_alpha": -0.12857260193735787, "log10_colsample_bytree": -0.8660733617307446, "log10_eta": -2.2457108217168344, "log10_lambda": 0.9320669947461351, "log10_min_child_weight": 0.2734104953117594, "log10_subsample": -0.9034842447203607, "max_depth": 3.0, "num_boost_round": 4.0}, "datetime": {"datetime": "2024-01-19 01:50:53", "elapsed": 5938.430685, "delta": 0.006135}}
{"target": -17.67684044281661, "params": {"gamma": 842.8989031575971, "log10_alpha": -0.12857260193735787, "log10_colsample_bytree": -0.8660733617307446, "log10_eta": -2.2457108217168344, "log10_lambda": 0.9320669947461351, "log10_min_child_weight": 0.2734104953117594, "log10_subsample": -0.9034842447203607, "max_depth": 3.0, "num_boost_round": 5.0}, "datetime": {"datetime": "2024-01-19 01:50:53", "elapsed": 5938.436644, "delta": 0.005959}}
{"target": -17.676934849203377, "params": {"gamma": 842.8989031575971, "log10_alpha": -0.12857260193735787, "log10_colsample_bytree": -0.8660733617307446, "log10_eta": -2.2457108217168344, "log10_lambda": 0.9320669947461351, "log10_min_child_weight": 0.2734104953117594, "log10_subsample": -0.9034842447203607, "max_depth": 3.0, "num_boost_round": 6.0}, "datetime": {"datetime": "2024-01-19 01:50:53", "elapsed": 5938.442856, "delta": 0.006212}}
{"target": -17.67677916851149, "params": {"gamma": 842.8989031575971, "log10_alpha": -0.12857260193735787, "log10_colsample_bytree": -0.8660733617307446, "log10_eta": -2.2457108217168344, "log10_lambda": 0.9320669947461351, "log10_min_child_weight": 0.2734104953117594, "log10_subsample": -0.9034842447203607, "max_depth": 3.0, "num_boost_round": 7.0}, "datetime": {"datetime": "2024-01-19 01:50:53", "elapsed": 5938.449162, "delta": 0.006306}}
{"target": -17.676682606065402, "params": {"gamma": 842.8989031575971, "log10_alpha": -0.12857260193735787, "log10_colsample_bytree": -0.8660733617307446, "log10_eta": -2.2457108217168344, "log10_lambda": 0.9320669947461351, "log10_min_child_weight": 0.2734104953117594, "log10_subsample": -0.9034842447203607, "max_depth": 3.0, "num_boost_round": 8.0}, "datetime": {"datetime": "2024-01-19 01:50:53", "elapsed": 5938.455396, "delta": 0.006234}}
{"target": -17.676650179752983, "params": {"gamma": 842.8989031575971, "log10_alpha": -0.12857260193735787, "log10_colsample_bytree": -0.8660733617307446, "log10_eta": -2.2457108217168344, "log10_lambda": 0.9320669947461351, "log10_min_child_weight": 0.2734104953117594, "log10_subsample": -0.9034842447203607, "max_depth": 3.0, "num_boost_round": 9.0}, "datetime": {"datetime": "2024-01-19 01:50:53", "elapsed": 5938.461598, "delta": 0.006202}}
{"target": -17.67631850338445, "params": {"gamma": 842.8989031575971, "log10_alpha": -0.12857260193735787, "log10_colsample_bytree": -0.8660733617307446, "log10_eta": -2.2457108217168344, "log10_lambda": 0.9320669947461351, "log10_min_child_weight": 0.2734104953117594, "log10_subsample": -0.9034842447203607, "max_depth": 3.0, "num_boost_round": 10.0}, "datetime": {"datetime": "2024-01-19 01:50:53", "elapsed": 5938.46782, "delta": 0.006222}}
{"target": -17.676248120825033, "params": {"gamma": 842.8989031575971, "log10_alpha": -0.12857260193735787, "log10_colsample_bytree": -0.8660733617307446, "log10_eta": -2.2457108217168344, "log10_lambda": 0.9320669947461351, "log10_min_child_weight": 0.2734104953117594, "log10_subsample": -0.9034842447203607, "max_depth": 3.0, "num_boost_round": 11.0}, "datetime": {"datetime": "2024-01-19 01:50:53", "elapsed": 5938.473536, "delta": 0.005716}}
{"target": -17.676011102901086, "params": {"gamma": 842.8989031575971, "log10_alpha": -0.12857260193735787, "log10_colsample_bytree": -0.8660733617307446, "log10_eta": -2.2457108217168344, "log10_lambda": 0.9320669947461351, "log10_min_child_weight": 0.2734104953117594, "log10_subsample": -0.9034842447203607, "max_depth": 3.0, "num_boost_round": 12.0}, "datetime": {"datetime": "2024-01-19 01:50:53", "elapsed": 5938.479652, "delta": 0.006116}}
{"target": -17.67571170981793, "params": {"gamma": 842.8989031575971, "log10_alpha": -0.12857260193735787, "log10_colsample_bytree": -0.8660733617307446, "log10_eta": -2.2457108217168344, "log10_lambda": 0.9320669947461351, "log10_min_child_weight": 0.2734104953117594, "log10_subsample": -0.9034842447203607, "max_depth": 3.0, "num_boost_round": 13.0}, "datetime": {"datetime": "2024-01-19 01:50:53", "elapsed": 5938.485747, "delta": 0.006095}}
