{"target": -17.67698578777986, "params": {"gamma": 393.0750778256117, "log10_alpha": -2.71687043652615, "log10_colsample_bytree": -0.25981338921966546, "log10_eta": -3.315782513064621, "log10_lambda": -2.4717210014599464, "log10_min_child_weight": 3.500580346496763, "log10_subsample": -0.40767653830252626, "max_depth": 6.0, "num_boost_round": 20.0}, "datetime": {"datetime": "2024-01-19 02:03:12", "elapsed": 6682.254826, "delta": 0.00734}}
{"target": -17.67696800299265, "params": {"gamma": 393.0750778256117, "log10_alpha": -2.71687043652615, "log10_colsample_bytree": -0.25981338921966546, "log10_eta": -3.315782513064621, "log10_lambda": -2.4717210014599464, "log10_min_child_weight": 3.500580346496763, "log10_subsample": -0.40767653830252626, "max_depth": 6.0, "num_boost_round": 21.0}, "datetime": {"datetime": "2024-01-19 02:03:12", "elapsed": 6682.262025, "delta": 0.007199}}
{"target": -17.67694092263129, "params": {"gamma": 393.0750778256117, "log10_alpha": -2.71687043652615, "log10_colsample_bytree": -0.25981338921966546, "log10_eta": -3.315782513064621, "log10_lambda": -2.4717210014599464, "log10_min_child_weight": 3.500580346496763, "log10_subsample": -0.40767653830252626, "max_depth": 6.0, "num_boost_round": 22.0}, "datetime": {"datetime": "2024-01-19 02:03:12", "elapsed": 6682.268961, "delta": 0.006936}}
{"target": -17.676939503068066, "params": {"gamma": 393.0750778256117, "log10_alpha": -2.71687043652615, "log10_colsample_bytree": -0.25981338921966546, "log10_eta": -3.315782513064621, "log10_lambda": -2.4717210014599464, "log10_min_child_weight": 3.500580346496763, "log10_subsample": -0.40767653830252626, "max_depth": 6.0, "num_boost_round": 23.0}, "datetime": {"datetime": "2024-01-19 02:03:12", "elapsed": 6682.2759, "delta": 0.006939}}
{"target": -17.676936895384774, "params": {"gamma": 393.0750778256117, "log10_alpha": -2.71687043652615, "log10_colsample_bytree": -0.25981338921966546, "log10_eta": -3.315782513064621, "log10_lambda": -2.4717210014599464, "log10_min_child_weight": 3.500580346496763, "log10_subsample": -0.40767653830252626, "max_depth": 6.0, "num_boost_round": 24.0}, "datetime": {"datetime": "2024-01-19 02:03:12", "elapsed": 6682.282941, "delta": 0.007041}}
{"target": -17.676919010257794, "params": {"gamma": 393.0750778256117, "log10_alpha": -2.71687043652615, "log10_colsample_bytree": -0.25981338921966546, "log10_eta": -3.315782513064621, "log10_lambda": -2.4717210014599464, "log10_min_child_weight": 3.500580346496763, "log10_subsample": -0.40767653830252626, "max_depth": 6.0, "num_boost_round": 25.0}, "datetime": {"datetime": "2024-01-19 02:03:12", "elapsed": 6682.289939, "delta": 0.006998}}
{"target": -17.67722857773559, "params": {"gamma": 397.94982385936606, "log10_alpha": -4.868116077161521, "log10_colsample_bytree": -0.8193804996831007, "log10_eta": -3.8633667488685655, "log10_lambda": -2.061135388052357, "log10_min_child_weight": 0.3634618192325051, "log10_subsample": -0.5755703994514894, "max_depth": 3.0, "num_boost_round": 0.0}, "datetime": {"datetime": "2024-01-19 02:05:30", "elapsed": 6819.800216, "delta": 137.510277}}
{"target": -17.677222954468878, "params": {"gamma": 397.94982385936606, "log10_alpha": -4.868116077161521, "log10_colsample_bytree": -0.8193804996831007, "log10_eta": -3.8633667488685655, "log10_lambda": -2.061135388052357, "log10_min_child_weight": 0.3634618192325051, "log10_subsample": -0.5755703994514894, "max_depth": 3.0, "num_boost_round": 1.0}, "datetime": {"datetime": "2024-01-19 02:05:30", "elapsed": 6819.80726, "delta": 0.007044}}
{"target": -17.67721871286164, "params": {"gamma": 397.94982385936606, "log10_alpha": -4.868116077161521, "log10_colsample_bytree": -0.8193804996831007, "log10_eta": -3.8633667488685655, "log10_lambda": -2.061135388052357, "log10_min_child_weight": 0.3634618192325051, "log10_subsample": -0.5755703994514894, "max_depth": 3.0, "num_boost_round": 2.0}, "datetime": {"datetime": "2024-01-19 02:05:30", "elapsed": 6819.813205, "delta": 0.005945}}
{"target": -17.677215249450313, "params": {"gamma": 397.94982385936606, "log10_alpha": -4.868116077161521, "log10_colsample_bytree": -0.8193804996831007, "log10_eta": -3.8633667488685655, "log10_lambda": -2.061135388052357, "log10_min_child_weight": 0.3634618192325051, "log10_subsample": -0.5755703994514894, "max_depth": 3.0, "num_boost_round": 3.0}, "datetime": {"datetime": "2024-01-19 02:05:30", "elapsed": 6819.819043, "delta": 0.005838}}
{"target": -17.677212313057737, "params": {"gamma": 397.94982385936606, "log10_alpha": -4.868116077161521, "log10_colsample_bytree": -0.8193804996831007, "log10_eta": -3.8633667488685655, "log10_lambda": -2.061135388052357, "log10_min_child_weight": 0.3634618192325051, "log10_subsample": -0.5755703994514894, "max_depth": 3.0, "num_boost_round": 4.0}, "datetime": {"datetime": "2024-01-19 02:05:30", "elapsed": 6819.82494, "delta": 0.005897}}
{"target": -17.677210155212133, "params": {"gamma": 397.94982385936606, "log10_alpha": -4.868116077161521, "log10_colsample_bytree": -0.8193804996831007, "log10_eta": -3.8633667488685655, "log10_lambda": -2.061135388052357, "log10_min_child_weight": 0.3634618192325051, "log10_subsample": -0.5755703994514894, "max_depth": 3.0, "num_boost_round": 5.0}, "datetime": {"datetime": "2024-01-19 02:05:30", "elapsed": 6819.830895, "delta": 0.005955}}
{"target": -17.67720975723144, "params": {"gamma": 397.94982385936606, "log10_alpha": -4.868116077161521, "log10_colsample_bytree": -0.8193804996831007, "log10_eta": -3.8633667488685655, "log10_lambda": -2.061135388052357, "log10_min_child_weight": 0.3634618192325051, "log10_subsample": -0.5755703994514894, "max_depth": 3.0, "num_boost_round": 6.0}, "datetime": {"datetime": "2024-01-19 02:05:30", "elapsed": 6819.837894, "delta": 0.006999}}
{"target": -17.677203254895815, "params": {"gamma": 397.94982385936606, "log10_alpha": -4.868116077161521, "log10_colsample_bytree": -0.8193804996831007, "log10_eta": -3.8633667488685655, "log10_lambda": -2.061135388052357, "log10_min_child_weight": 0.3634618192325051, "log10_subsample": -0.5755703994514894, "max_depth": 3.0, "num_boost_round": 7.0}, "datetime": {"datetime": "2024-01-19 02:05:30", "elapsed": 6819.844351, "delta": 0.006457}}
{"target": -17.67720147789317, "params": {"gamma": 397.94982385936606, "log10_alpha": -4.868116077161521, "log10_colsample_bytree": -0.8193804996831007, "log10_eta": -3.8633667488685655, "log10_lambda": -2.061135388052357, "log10_min_child_weight": 0.3634618192325051, "log10_subsample": -0.5755703994514894, "max_depth": 3.0, "num_boost_round": 8.0}, "datetime": {"datetime": "2024-01-19 02:05:30", "elapsed": 6819.850502, "delta": 0.006151}}
{"target": -17.677202880076266, "params": {"gamma": 397.94982385936606, "log10_alpha": -4.868116077161521, "log10_colsample_bytree": -0.8193804996831007, "log10_eta": -3.8633667488685655, "log10_lambda": -2.061135388052357, "log10_min_child_weight": 0.3634618192325051, "log10_subsample": -0.5755703994514894, "max_depth": 3.0, "num_boost_round": 9.0}, "datetime": {"datetime": "2024-01-19 02:05:30", "elapsed": 6819.85682, "delta": 0.006318}}
{"target": -17.677199341184036, "params": {"gamma": 397.94982385936606, "log10_alpha": -4.868116077161521, "log10_colsample_bytree": -0.8193804996831007, "log10_eta": -3.8633667488685655, "log10_lambda": -2.061135388052357, "log10_min_child_weight": 0.3634618192325051, "log10_subsample": -0.5755703994514894, "max_depth": 3.0, "num_boost_round": 10.0}, "datetime": {"datetime": "2024-01-19 02:05:30", "elapsed": 6819.863023, "delta": 0.006203}}
{"target": -17.677194077592347, "params": {"gamma": 397.94982385936606, "log10_alpha": -4.868116077161521, "log10_colsample_bytree": -0.8193804996831007, "log10_eta": -3.8633667488685655, "log10_lambda": -2.061135388052357, "log10_min_child_weight": 0.3634618192325051, "log10_subsample": -0.5755703994514894, "max_depth": 3.0, "num_boost_round": 11.0}, "datetime": {"datetime": "2024-01-19 02:05:30", "elapsed": 6819.869313, "delta": 0.00629}}
{"target": -17.67718821841936, "params": {"gamma": 397.94982385936606, "log10_alpha": -4.868116077161521, "log10_colsample_bytree": -0.8193804996831007, "log10_eta": -3.8633667488685655, "log10_lambda": -2.061135388052357, "log10_min_child_weight": 0.3634618192325051, "log10_subsample": -0.5755703994514894, "max_depth": 3.0, "num_boost_round": 12.0}, "datetime": {"datetime": "2024-01-19 02:05:30", "elapsed": 6819.875327, "delta": 0.006014}}
{"target": -17.677178803976403, "params": {"gamma": 397.94982385936606, "log10_alpha": -4.868116077161521, "log10_colsample_bytree": -0.8193804996831007, "log10_eta": -3.8633667488685655, "log10_lambda": -2.061135388052357, "log10_min_child_weight": 0.3634618192325051, "log10_subsample": -0.5755703994514894, "max_depth": 3.0, "num_boost_round": 13.0}, "datetime": {"datetime": "2024-01-19 02:05:30", "elapsed": 6819.881303, "delta": 0.005976}}
{"target": -17.677175909282155, "params": {"gamma": 397.94982385936606, "log10_alpha": -4.868116077161521, "log10_colsample_bytree": -0.8193804996831007, "log10_eta": -3.8633667488685655, "log10_lambda": -2.061135388052357, "log10_min_child_weight": 0.3634618192325051, "log10_subsample": -0.5755703994514894, "max_depth": 3.0, "num_boost_round": 14.0}, "datetime": {"datetime": "2024-01-19 02:05:30", "elapsed": 6819.887277, "delta": 0.005974}}
{"target": -17.67717381060065, "params": {"gamma": 397.94982385936606, "log10_alpha": -4.868116077161521, "log10_colsample_bytree": -0.8193804996831007, "log10_eta": -3.8633667488685655, "log10_lambda": -2.061135388052357, "log10_min_child_weight": 0.3634618192325051, "log10_subsample": -0.5755703994514894, "max_depth": 3.0, "num_boost_round": 15.0}, "datetime": {"datetime": "2024-01-19 02:05:30", "elapsed": 6819.893247, "delta": 0.00597}}
{"target": -17.677171782532067, "params": {"gamma": 397.94982385936606, "log10_alpha": -4.868116077161521, "log10_colsample_bytree": -0.8193804996831007, "log10_eta": -3.8633667488685655, "log10_lambda": -2.061135388052357, "log10_min_child_weight": 0.3634618192325051, "log10_subsample": -0.5755703994514894, "max_depth": 3.0, "num_boost_round": 16.0}, "datetime": {"datetime": "2024-01-19 02:05:30", "elapsed": 6819.899207, "delta": 0.00596}}
{"target": -17.677170740248172, "params": {"gamma": 397.94982385936606, "log10_alpha": -4.868116077161521, "log10_colsample_bytree": -0.8193804996831007, "log10_eta": -3.8633667488685655, "log10_lambda": -2.061135388052357, "log10_min_child_weight": 0.3634618192325051, "log10_subsample": -0.5755703994514894, "max_depth": 3.0, "num_boost_round": 17.0}, "datetime": {"datetime": "2024-01-19 02:05:30", "elapsed": 6819.905201, "delta": 0.005994}}
{"target": -17.677168277294662, "params": {"gamma": 397.94982385936606, "log10_alpha": -4.868116077161521, "log10_colsample_bytree": -0.8193804996831007, "log10_eta": -3.8633667488685655, "log10_lambda": -2.061135388052357, "log10_min_child_weight": 0.3634618192325051, "log10_subsample": -0.5755703994514894, "max_depth": 3.0, "num_boost_round": 18.0}, "datetime": {"datetime": "2024-01-19 02:05:30", "elapsed": 6819.911208, "delta": 0.006007}}
{"target": -17.67716891292497, "params": {"gamma": 397.94982385936606, "log10_alpha": -4.868116077161521, "log10_colsample_bytree": -0.8193804996831007, "log10_eta": -3.8633667488685655, "log10_lambda": -2.061135388052357, "log10_min_child_weight": 0.3634618192325051, "log10_subsample": -0.5755703994514894, "max_depth": 3.0, "num_boost_round": 19.0}, "datetime": {"datetime": "2024-01-19 02:05:30", "elapsed": 6819.917222, "delta": 0.006014}}
{"target": -17.67716466908267, "params": {"gamma": 397.94982385936606, "log10_alpha": -4.868116077161521, "log10_colsample_bytree": -0.8193804996831007, "log10_eta": -3.8633667488685655, "log10_lambda": -2.061135388052357, "log10_min_child_weight": 0.3634618192325051, "log10_subsample": -0.5755703994514894, "max_depth": 3.0, "num_boost_round": 20.0}, "datetime": {"datetime": "2024-01-19 02:05:30", "elapsed": 6819.923308, "delta": 0.006086}}
{"target": -17.677155201659083, "params": {"gamma": 397.94982385936606, "log10_alpha": -4.868116077161521, "log10_colsample_bytree": -0.8193804996831007, "log10_eta": -3.8633667488685655, "log10_lambda": -2.061135388052357, "log10_min_child_weight": 0.3634618192325051, "log10_subsample": -0.5755703994514894, "max_depth": 3.0, "num_boost_round": 21.0}, "datetime": {"datetime": "2024-01-19 02:05:30", "elapsed": 6820.028371, "delta": 0.105063}}
{"target": -17.677150476707812, "params": {"gamma": 397.94982385936606, "log10_alpha": -4.868116077161521, "log10_colsample_bytree": -0.8193804996831007, "log10_eta": -3.8633667488685655, "log10_lambda": -2.061135388052357, "log10_min_child_weight": 0.3634618192325051, "log10_subsample": -0.5755703994514894, "max_depth": 3.0, "num_boost_round": 22.0}, "datetime": {"datetime": "2024-01-19 02:05:30", "elapsed": 6820.035522, "delta": 0.007151}}
{"target": -17.677144424394665, "params": {"gamma": 397.94982385936606, "log10_alpha": -4.868116077161521, "log10_colsample_bytree": -0.8193804996831007, "log10_eta": -3.8633667488685655, "log10_lambda": -2.061135388052357, "log10_min_child_weight": 0.3634618192325051, "log10_subsample": -0.5755703994514894, "max_depth": 3.0, "num_boost_round": 23.0}, "datetime": {"datetime": "2024-01-19 02:05:30", "elapsed": 6820.04185, "delta": 0.006328}}
{"target": -17.67714434791226, "params": {"gamma": 397.94982385936606, "log10_alpha": -4.868116077161521, "log10_colsample_bytree": -0.8193804996831007, "log10_eta": -3.8633667488685655, "log10_lambda": -2.061135388052357, "log10_min_child_weight": 0.3634618192325051, "log10_subsample": -0.5755703994514894, "max_depth": 3.0, "num_boost_round": 24.0}, "datetime": {"datetime": "2024-01-19 02:05:30", "elapsed": 6820.047835, "delta": 0.005985}}
{"target": -17.677139058997135, "params": {"gamma": 397.94982385936606, "log10_alpha": -4.868116077161521, "log10_colsample_bytree": -0.8193804996831007, "log10_eta": -3.8633667488685655, "log10_lambda": -2.061135388052357, "log10_min_child_weight": 0.3634618192325051, "log10_subsample": -0.5755703994514894, "max_depth": 3.0, "num_boost_round": 25.0}, "datetime": {"datetime": "2024-01-19 02:05:30", "elapsed": 6820.053842, "delta": 0.006007}}
{"target": -17.677133752663597, "params": {"gamma": 397.94982385936606, "log10_alpha": -4.868116077161521, "log10_colsample_bytree": -0.8193804996831007, "log10_eta": -3.8633667488685655, "log10_lambda": -2.061135388052357, "log10_min_child_weight": 0.3634618192325051, "log10_subsample": -0.5755703994514894, "max_depth": 3.0, "num_boost_round": 26.0}, "datetime": {"datetime": "2024-01-19 02:05:30", "elapsed": 6820.059859, "delta": 0.006017}}
{"target": -17.677130153649955, "params": {"gamma": 397.94982385936606, "log10_alpha": -4.868116077161521, "log10_colsample_bytree": -0.8193804996831007, "log10_eta": -3.8633667488685655, "log10_lambda": -2.061135388052357, "log10_min_child_weight": 0.3634618192325051, "log10_subsample": -0.5755703994514894, "max_depth": 3.0, "num_boost_round": 27.0}, "datetime": {"datetime": "2024-01-19 02:05:30", "elapsed": 6820.06603, "delta": 0.006171}}
{"target": -17.677122281280855, "params": {"gamma": 397.94982385936606, "log10_alpha": -4.868116077161521, "log10_colsample_bytree": -0.8193804996831007, "log10_eta": -3.8633667488685655, "log10_lambda": -2.061135388052357, "log10_min_child_weight": 0.3634618192325051, "log10_subsample": -0.5755703994514894, "max_depth": 3.0, "num_boost_round": 28.0}, "datetime": {"datetime": "2024-01-19 02:05:30", "elapsed": 6820.072006, "delta": 0.005976}}
{"target": -17.677117567988642, "params": {"gamma": 397.94982385936606, "log10_alpha": -4.868116077161521, "log10_colsample_bytree": -0.8193804996831007, "log10_eta": -3.8633667488685655, "log10_lambda": -2.061135388052357, "log10_min_child_weight": 0.3634618192325051, "log10_subsample": -0.5755703994514894, "max_depth": 3.0, "num_boost_round": 29.0}, "datetime": {"datetime": "2024-01-19 02:05:30", "elapsed": 6820.07802, "delta": 0.006014}}
{"target": -17.677113274317062, "params": {"gamma": 397.94982385936606, "log10_alpha": -4.868116077161521, "log10_colsample_bytree": -0.8193804996831007, "log10_eta": -3.8633667488685655, "log10_lambda": -2.061135388052357, "log10_min_child_weight": 0.3634618192325051, "log10_subsample": -0.5755703994514894, "max_depth": 3.0, "num_boost_round": 30.0}, "datetime": {"datetime": "2024-01-19 02:05:30", "elapsed": 6820.084055, "delta": 0.006035}}
{"target": -17.677109524601065, "params": {"gamma": 397.94982385936606, "log10_alpha": -4.868116077161521, "log10_colsample_bytree": -0.8193804996831007, "log10_eta": -3.8633667488685655, "log10_lambda": -2.061135388052357, "log10_min_child_weight": 0.3634618192325051, "log10_subsample": -0.5755703994514894, "max_depth": 3.0, "num_boost_round": 31.0}, "datetime": {"datetime": "2024-01-19 02:05:30", "elapsed": 6820.09005, "delta": 0.005995}}
{"target": -17.6771057313021, "params": {"gamma": 397.94982385936606, "log10_alpha": -4.868116077161521, "log10_colsample_bytree": -0.8193804996831007, "log10_eta": -3.8633667488685655, "log10_lambda": -2.061135388052357, "log10_min_child_weight": 0.3634618192325051, "log10_subsample": -0.5755703994514894, "max_depth": 3.0, "num_boost_round": 32.0}, "datetime": {"datetime": "2024-01-19 02:05:30", "elapsed": 6820.096048, "delta": 0.005998}}
{"target": -17.67710087890942, "params": {"gamma": 397.94982385936606, "log10_alpha": -4.868116077161521, "log10_colsample_bytree": -0.8193804996831007, "log10_eta": -3.8633667488685655, "log10_lambda": -2.061135388052357, "log10_min_child_weight": 0.3634618192325051, "log10_subsample": -0.5755703994514894, "max_depth": 3.0, "num_boost_round": 33.0}, "datetime": {"datetime": "2024-01-19 02:05:30", "elapsed": 6820.102008, "delta": 0.00596}}
{"target": -17.67709541808494, "params": {"gamma": 397.94982385936606, "log10_alpha": -4.868116077161521, "log10_colsample_bytree": -0.8193804996831007, "log10_eta": -3.8633667488685655, "log10_lambda": -2.061135388052357, "log10_min_child_weight": 0.3634618192325051, "log10_subsample": -0.5755703994514894, "max_depth": 3.0, "num_boost_round": 34.0}, "datetime": {"datetime": "2024-01-19 02:05:30", "elapsed": 6820.108453, "delta": 0.006445}}
{"target": -17.67709142001471, "params": {"gamma": 397.94982385936606, "log10_alpha": -4.868116077161521, "log10_colsample_bytree": -0.8193804996831007, "log10_eta": -3.8633667488685655, "log10_lambda": -2.061135388052357, "log10_min_child_weight": 0.3634618192325051, "log10_subsample": -0.5755703994514894, "max_depth": 3.0, "num_boost_round": 35.0}, "datetime": {"datetime": "2024-01-19 02:05:30", "elapsed": 6820.114549, "delta": 0.006096}}
{"target": -17.677085924769035, "params": {"gamma": 397.94982385936606, "log10_alpha": -4.868116077161521, "log10_colsample_bytree": -0.8193804996831007, "log10_eta": -3.8633667488685655, "log10_lambda": -2.061135388052357, "log10_min_child_weight": 0.3634618192325051, "log10_subsample": -0.5755703994514894, "max_depth": 3.0, "num_boost_round": 36.0}, "datetime": {"datetime": "2024-01-19 02:05:30", "elapsed": 6820.120466, "delta": 0.005917}}
{"target": -17.67708336190604, "params": {"gamma": 397.94982385936606, "log10_alpha": -4.868116077161521, "log10_colsample_bytree": -0.8193804996831007, "log10_eta": -3.8633667488685655, "log10_lambda": -2.061135388052357, "log10_min_child_weight": 0.3634618192325051, "log10_subsample": -0.5755703994514894, "max_depth": 3.0, "num_boost_round": 37.0}, "datetime": {"datetime": "2024-01-19 02:05:30", "elapsed": 6820.126432, "delta": 0.005966}}
{"target": -17.677078891209018, "params": {"gamma": 397.94982385936606, "log10_alpha": -4.868116077161521, "log10_colsample_bytree": -0.8193804996831007, "log10_eta": -3.8633667488685655, "log10_lambda": -2.061135388052357, "log10_min_child_weight": 0.3634618192325051, "log10_subsample": -0.5755703994514894, "max_depth": 3.0, "num_boost_round": 38.0}, "datetime": {"datetime": "2024-01-19 02:05:30", "elapsed": 6820.132415, "delta": 0.005983}}
{"target": -17.67707934010499, "params": {"gamma": 397.94982385936606, "log10_alpha": -4.868116077161521, "log10_colsample_bytree": -0.8193804996831007, "log10_eta": -3.8633667488685655, "log10_lambda": -2.061135388052357, "log10_min_child_weight": 0.3634618192325051, "log10_subsample": -0.5755703994514894, "max_depth": 3.0, "num_boost_round": 39.0}, "datetime": {"datetime": "2024-01-19 02:05:30", "elapsed": 6820.138387, "delta": 0.005972}}
{"target": -17.677076693228045, "params": {"gamma": 397.94982385936606, "log10_alpha": -4.868116077161521, "log10_colsample_bytree": -0.8193804996831007, "log10_eta": -3.8633667488685655, "log10_lambda": -2.061135388052357, "log10_min_child_weight": 0.3634618192325051, "log10_subsample": -0.5755703994514894, "max_depth": 3.0, "num_boost_round": 40.0}, "datetime": {"datetime": "2024-01-19 02:05:30", "elapsed": 6820.144365, "delta": 0.005978}}
{"target": -17.677075103170743, "params": {"gamma": 397.94982385936606, "log10_alpha": -4.868116077161521, "log10_colsample_bytree": -0.8193804996831007, "log10_eta": -3.8633667488685655, "log10_lambda": -2.061135388052357, "log10_min_child_weight": 0.3634618192325051, "log10_subsample": -0.5755703994514894, "max_depth": 3.0, "num_boost_round": 41.0}, "datetime": {"datetime": "2024-01-19 02:05:30", "elapsed": 6820.150354, "delta": 0.005989}}
{"target": -17.677069917704184, "params": {"gamma": 397.94982385936606, "log10_alpha": -4.868116077161521, "log10_colsample_bytree": -0.8193804996831007, "log10_eta": -3.8633667488685655, "log10_lambda": -2.061135388052357, "log10_min_child_weight": 0.3634618192325051, "log10_subsample": -0.5755703994514894, "max_depth": 3.0, "num_boost_round": 42.0}, "datetime": {"datetime": "2024-01-19 02:05:30", "elapsed": 6820.156323, "delta": 0.005969}}
