{"target": -17.676077982938263, "params": {"gamma": 417.72864515616305, "log10_alpha": 0.28832497641094523, "log10_colsample_bytree": -0.7348460146281988, "log10_eta": -2.4655299794142223, "log10_lambda": 0.738138373812566, "log10_min_child_weight": 3.129668882246385, "log10_subsample": -0.38361210250191946, "max_depth": 2.0, "num_boost_round": 15.0}, "datetime": {"datetime": "2024-01-19 02:46:26", "elapsed": 9278.659104, "delta": 0.008044}}
{"target": -17.676085654232583, "params": {"gamma": 417.72864515616305, "log10_alpha": 0.28832497641094523, "log10_colsample_bytree": -0.7348460146281988, "log10_eta": -2.4655299794142223, "log10_lambda": 0.738138373812566, "log10_min_child_weight": 3.129668882246385, "log10_subsample": -0.38361210250191946, "max_depth": 2.0, "num_boost_round": 16.0}, "datetime": {"datetime": "2024-01-19 02:46:26", "elapsed": 9278.666784, "delta": 0.00768}}
{"target": -17.67603944799233, "params": {"gamma": 417.72864515616305, "log10_alpha": 0.28832497641094523, "log10_colsample_bytree": -0.7348460146281988, "log10_eta": -2.4655299794142223, "log10_lambda": 0.738138373812566, "log10_min_child_weight": 3.129668882246385, "log10_subsample": -0.38361210250191946, "max_depth": 2.0, "num_boost_round": 17.0}, "datetime": {"datetime": "2024-01-19 02:46:26", "elapsed": 9278.674875, "delta": 0.008091}}
{"target": -17.675994974886844, "params": {"gamma": 417.72864515616305, "log10_alpha": 0.28832497641094523, "log10_colsample_bytree": -0.7348460146281988, "log10_eta": -2.4655299794142223, "log10_lambda": 0.738138373812566, "log10_min_child_weight": 3.129668882246385, "log10_subsample": -0.38361210250191946, "max_depth": 2.0, "num_boost_round": 18.0}, "datetime": {"datetime": "2024-01-19 02:46:26", "elapsed": 9278.683077, "delta": 0.008202}}
{"target": -17.67595865969237, "params": {"gamma": 417.72864515616305, "log10_alpha": 0.28832497641094523, "log10_colsample_bytree": -0.7348460146281988, "log10_eta": -2.4655299794142223, "log10_lambda": 0.738138373812566, "log10_min_child_weight": 3.129668882246385, "log10_subsample": -0.38361210250191946, "max_depth": 2.0, "num_boost_round": 19.0}, "datetime": {"datetime": "2024-01-19 02:46:26", "elapsed": 9278.691154, "delta": 0.008077}}
{"target": -17.675875149682046, "params": {"gamma": 417.72864515616305, "log10_alpha": 0.28832497641094523, "log10_colsample_bytree": -0.7348460146281988, "log10_eta": -2.4655299794142223, "log10_lambda": 0.738138373812566, "log10_min_child_weight": 3.129668882246385, "log10_subsample": -0.38361210250191946, "max_depth": 2.0, "num_boost_round": 20.0}, "datetime": {"datetime": "2024-01-19 02:46:26", "elapsed": 9278.69908, "delta": 0.007926}}
{"target": -17.675793571363172, "params": {"gamma": 417.72864515616305, "log10_alpha": 0.28832497641094523, "log10_colsample_bytree": -0.7348460146281988, "log10_eta": -2.4655299794142223, "log10_lambda": 0.738138373812566, "log10_min_child_weight": 3.129668882246385, "log10_subsample": -0.38361210250191946, "max_depth": 2.0, "num_boost_round": 21.0}, "datetime": {"datetime": "2024-01-19 02:46:26", "elapsed": 9278.706458, "delta": 0.007378}}
{"target": -17.675757929100946, "params": {"gamma": 417.72864515616305, "log10_alpha": 0.28832497641094523, "log10_colsample_bytree": -0.7348460146281988, "log10_eta": -2.4655299794142223, "log10_lambda": 0.738138373812566, "log10_min_child_weight": 3.129668882246385, "log10_subsample": -0.38361210250191946, "max_depth": 2.0, "num_boost_round": 22.0}, "datetime": {"datetime": "2024-01-19 02:46:26", "elapsed": 9278.713671, "delta": 0.007213}}
{"target": -17.675678005093502, "params": {"gamma": 417.72864515616305, "log10_alpha": 0.28832497641094523, "log10_colsample_bytree": -0.7348460146281988, "log10_eta": -2.4655299794142223, "log10_lambda": 0.738138373812566, "log10_min_child_weight": 3.129668882246385, "log10_subsample": -0.38361210250191946, "max_depth": 2.0, "num_boost_round": 23.0}, "datetime": {"datetime": "2024-01-19 02:46:26", "elapsed": 9278.720892, "delta": 0.007221}}
{"target": -17.675622959379368, "params": {"gamma": 417.72864515616305, "log10_alpha": 0.28832497641094523, "log10_colsample_bytree": -0.7348460146281988, "log10_eta": -2.4655299794142223, "log10_lambda": 0.738138373812566, "log10_min_child_weight": 3.129668882246385, "log10_subsample": -0.38361210250191946, "max_depth": 2.0, "num_boost_round": 24.0}, "datetime": {"datetime": "2024-01-19 02:46:26", "elapsed": 9278.7281, "delta": 0.007208}}
{"target": -17.675478096248114, "params": {"gamma": 417.72864515616305, "log10_alpha": 0.28832497641094523, "log10_colsample_bytree": -0.7348460146281988, "log10_eta": -2.4655299794142223, "log10_lambda": 0.738138373812566, "log10_min_child_weight": 3.129668882246385, "log10_subsample": -0.38361210250191946, "max_depth": 2.0, "num_boost_round": 25.0}, "datetime": {"datetime": "2024-01-19 02:46:26", "elapsed": 9278.736192, "delta": 0.008092}}
{"target": -17.675471941999994, "params": {"gamma": 417.72864515616305, "log10_alpha": 0.28832497641094523, "log10_colsample_bytree": -0.7348460146281988, "log10_eta": -2.4655299794142223, "log10_lambda": 0.738138373812566, "log10_min_child_weight": 3.129668882246385, "log10_subsample": -0.38361210250191946, "max_depth": 2.0, "num_boost_round": 26.0}, "datetime": {"datetime": "2024-01-19 02:46:26", "elapsed": 9278.847716, "delta": 0.111524}}
{"target": -17.675418282710275, "params": {"gamma": 417.72864515616305, "log10_alpha": 0.28832497641094523, "log10_colsample_bytree": -0.7348460146281988, "log10_eta": -2.4655299794142223, "log10_lambda": 0.738138373812566, "log10_min_child_weight": 3.129668882246385, "log10_subsample": -0.38361210250191946, "max_depth": 2.0, "num_boost_round": 27.0}, "datetime": {"datetime": "2024-01-19 02:46:26", "elapsed": 9278.856668, "delta": 0.008952}}
{"target": -17.67533159574954, "params": {"gamma": 417.72864515616305, "log10_alpha": 0.28832497641094523, "log10_colsample_bytree": -0.7348460146281988, "log10_eta": -2.4655299794142223, "log10_lambda": 0.738138373812566, "log10_min_child_weight": 3.129668882246385, "log10_subsample": -0.38361210250191946, "max_depth": 2.0, "num_boost_round": 28.0}, "datetime": {"datetime": "2024-01-19 02:46:26", "elapsed": 9278.864481, "delta": 0.007813}}
{"target": -17.67520279909677, "params": {"gamma": 417.72864515616305, "log10_alpha": 0.28832497641094523, "log10_colsample_bytree": -0.7348460146281988, "log10_eta": -2.4655299794142223, "log10_lambda": 0.738138373812566, "log10_min_child_weight": 3.129668882246385, "log10_subsample": -0.38361210250191946, "max_depth": 2.0, "num_boost_round": 29.0}, "datetime": {"datetime": "2024-01-19 02:46:26", "elapsed": 9278.872076, "delta": 0.007595}}
{"target": -17.675182848648305, "params": {"gamma": 417.72864515616305, "log10_alpha": 0.28832497641094523, "log10_colsample_bytree": -0.7348460146281988, "log10_eta": -2.4655299794142223, "log10_lambda": 0.738138373812566, "log10_min_child_weight": 3.129668882246385, "log10_subsample": -0.38361210250191946, "max_depth": 2.0, "num_boost_round": 30.0}, "datetime": {"datetime": "2024-01-19 02:46:26", "elapsed": 9278.879494, "delta": 0.007418}}
{"target": -17.675140397387015, "params": {"gamma": 417.72864515616305, "log10_alpha": 0.28832497641094523, "log10_colsample_bytree": -0.7348460146281988, "log10_eta": -2.4655299794142223, "log10_lambda": 0.738138373812566, "log10_min_child_weight": 3.129668882246385, "log10_subsample": -0.38361210250191946, "max_depth": 2.0, "num_boost_round": 31.0}, "datetime": {"datetime": "2024-01-19 02:46:26", "elapsed": 9278.887023, "delta": 0.007529}}
{"target": -17.67723127223151, "params": {"gamma": 411.554470764753, "log10_alpha": -3.1654690901510314, "log10_colsample_bytree": 0.0, "log10_eta": -4.0, "log10_lambda": 1.0, "log10_min_child_weight": 0.16192102719851365, "log10_subsample": -0.5177889951732957, "max_depth": 8.0, "num_boost_round": 0.0}, "datetime": {"datetime": "2024-01-19 02:48:27", "elapsed": 9400.330529, "delta": 121.443506}}
{"target": -17.677223121045426, "params": {"gamma": 411.554470764753, "log10_alpha": -3.1654690901510314, "log10_colsample_bytree": 0.0, "log10_eta": -4.0, "log10_lambda": 1.0, "log10_min_child_weight": 0.16192102719851365, "log10_subsample": -0.5177889951732957, "max_depth": 8.0, "num_boost_round": 1.0}, "datetime": {"datetime": "2024-01-19 02:48:27", "elapsed": 9400.339172, "delta": 0.008643}}
{"target": -17.67721919306678, "params": {"gamma": 411.554470764753, "log10_alpha": -3.1654690901510314, "log10_colsample_bytree": 0.0, "log10_eta": -4.0, "log10_lambda": 1.0, "log10_min_child_weight": 0.16192102719851365, "log10_subsample": -0.5177889951732957, "max_depth": 8.0, "num_boost_round": 2.0}, "datetime": {"datetime": "2024-01-19 02:48:27", "elapsed": 9400.347466, "delta": 0.008294}}
{"target": -17.677216404940147, "params": {"gamma": 411.554470764753, "log10_alpha": -3.1654690901510314, "log10_colsample_bytree": 0.0, "log10_eta": -4.0, "log10_lambda": 1.0, "log10_min_child_weight": 0.16192102719851365, "log10_subsample": -0.5177889951732957, "max_depth": 8.0, "num_boost_round": 3.0}, "datetime": {"datetime": "2024-01-19 02:48:27", "elapsed": 9400.356315, "delta": 0.008849}}
{"target": -17.677211127275193, "params": {"gamma": 411.554470764753, "log10_alpha": -3.1654690901510314, "log10_colsample_bytree": 0.0, "log10_eta": -4.0, "log10_lambda": 1.0, "log10_min_child_weight": 0.16192102719851365, "log10_subsample": -0.5177889951732957, "max_depth": 8.0, "num_boost_round": 4.0}, "datetime": {"datetime": "2024-01-19 02:48:27", "elapsed": 9400.365275, "delta": 0.00896}}
{"target": -17.67720599854332, "params": {"gamma": 411.554470764753, "log10_alpha": -3.1654690901510314, "log10_colsample_bytree": 0.0, "log10_eta": -4.0, "log10_lambda": 1.0, "log10_min_child_weight": 0.16192102719851365, "log10_subsample": -0.5177889951732957, "max_depth": 8.0, "num_boost_round": 5.0}, "datetime": {"datetime": "2024-01-19 02:48:27", "elapsed": 9400.373693, "delta": 0.008418}}
{"target": -17.677209024624574, "params": {"gamma": 411.554470764753, "log10_alpha": -3.1654690901510314, "log10_colsample_bytree": 0.0, "log10_eta": -4.0, "log10_lambda": 1.0, "log10_min_child_weight": 0.16192102719851365, "log10_subsample": -0.5177889951732957, "max_depth": 8.0, "num_boost_round": 6.0}, "datetime": {"datetime": "2024-01-19 02:48:27", "elapsed": 9400.382016, "delta": 0.008323}}
{"target": -17.677196277695757, "params": {"gamma": 411.554470764753, "log10_alpha": -3.1654690901510314, "log10_colsample_bytree": 0.0, "log10_eta": -4.0, "log10_lambda": 1.0, "log10_min_child_weight": 0.16192102719851365, "log10_subsample": -0.5177889951732957, "max_depth": 8.0, "num_boost_round": 7.0}, "datetime": {"datetime": "2024-01-19 02:48:27", "elapsed": 9400.389881, "delta": 0.007865}}
{"target": -17.677185686321046, "params": {"gamma": 411.554470764753, "log10_alpha": -3.1654690901510314, "log10_colsample_bytree": 0.0, "log10_eta": -4.0, "log10_lambda": 1.0, "log10_min_child_weight": 0.16192102719851365, "log10_subsample": -0.5177889951732957, "max_depth": 8.0, "num_boost_round": 8.0}, "datetime": {"datetime": "2024-01-19 02:48:27", "elapsed": 9400.39753, "delta": 0.007649}}
{"target": -17.67718679645073, "params": {"gamma": 411.554470764753, "log10_alpha": -3.1654690901510314, "log10_colsample_bytree": 0.0, "log10_eta": -4.0, "log10_lambda": 1.0, "log10_min_child_weight": 0.16192102719851365, "log10_subsample": -0.5177889951732957, "max_depth": 8.0, "num_boost_round": 9.0}, "datetime": {"datetime": "2024-01-19 02:48:27", "elapsed": 9400.405149, "delta": 0.007619}}
{"target": -17.677179809155547, "params": {"gamma": 411.554470764753, "log10_alpha": -3.1654690901510314, "log10_colsample_bytree": 0.0, "log10_eta": -4.0, "log10_lambda": 1.0, "log10_min_child_weight": 0.16192102719851365, "log10_subsample": -0.5177889951732957, "max_depth": 8.0, "num_boost_round": 10.0}, "datetime": {"datetime": "2024-01-19 02:48:27", "elapsed": 9400.412379, "delta": 0.00723}}
{"target": -17.677175616399925, "params": {"gamma": 411.554470764753, "log10_alpha": -3.1654690901510314, "log10_colsample_bytree": 0.0, "log10_eta": -4.0, "log10_lambda": 1.0, "log10_min_child_weight": 0.16192102719851365, "log10_subsample": -0.5177889951732957, "max_depth": 8.0, "num_boost_round": 11.0}, "datetime": {"datetime": "2024-01-19 02:48:27", "elapsed": 9400.419808, "delta": 0.007429}}
{"target": -17.677170580983827, "params": {"gamma": 411.554470764753, "log10_alpha": -3.1654690901510314, "log10_colsample_bytree": 0.0, "log10_eta": -4.0, "log10_lambda": 1.0, "log10_min_child_weight": 0.16192102719851365, "log10_subsample": -0.5177889951732957, "max_depth": 8.0, "num_boost_round": 12.0}, "datetime": {"datetime": "2024-01-19 02:48:27", "elapsed": 9400.427782, "delta": 0.007974}}
{"target": -17.677165607484746, "params": {"gamma": 411.554470764753, "log10_alpha": -3.1654690901510314, "log10_colsample_bytree": 0.0, "log10_eta": -4.0, "log10_lambda": 1.0, "log10_min_child_weight": 0.16192102719851365, "log10_subsample": -0.5177889951732957, "max_depth": 8.0, "num_boost_round": 13.0}, "datetime": {"datetime": "2024-01-19 02:48:27", "elapsed": 9400.435716, "delta": 0.007934}}
{"target": -17.677161053439363, "params": {"gamma": 411.554470764753, "log10_alpha": -3.1654690901510314, "log10_colsample_bytree": 0.0, "log10_eta": -4.0, "log10_lambda": 1.0, "log10_min_child_weight": 0.16192102719851365, "log10_subsample": -0.5177889951732957, "max_depth": 8.0, "num_boost_round": 14.0}, "datetime": {"datetime": "2024-01-19 02:48:27", "elapsed": 9400.443658, "delta": 0.007942}}
{"target": -17.67715669792947, "params": {"gamma": 411.554470764753, "log10_alpha": -3.1654690901510314, "log10_colsample_bytree": 0.0, "log10_eta": -4.0, "log10_lambda": 1.0, "log10_min_child_weight": 0.16192102719851365, "log10_subsample": -0.5177889951732957, "max_depth": 8.0, "num_boost_round": 15.0}, "datetime": {"datetime": "2024-01-19 02:48:27", "elapsed": 9400.451887, "delta": 0.008229}}
{"target": -17.677153573829987, "params": {"gamma": 411.554470764753, "log10_alpha": -3.1654690901510314, "log10_colsample_bytree": 0.0, "log10_eta": -4.0, "log10_lambda": 1.0, "log10_min_child_weight": 0.16192102719851365, "log10_subsample": -0.5177889951732957, "max_depth": 8.0, "num_boost_round": 16.0}, "datetime": {"datetime": "2024-01-19 02:48:27", "elapsed": 9400.459426, "delta": 0.007539}}
{"target": -17.677150008457033, "params": {"gamma": 411.554470764753, "log10_alpha": -3.1654690901510314, "log10_colsample_bytree": 0.0, "log10_eta": -4.0, "log10_lambda": 1.0, "log10_min_child_weight": 0.16192102719851365, "log10_subsample": -0.5177889951732957, "max_depth": 8.0, "num_boost_round": 17.0}, "datetime": {"datetime": "2024-01-19 02:48:27", "elapsed": 9400.466889, "delta": 0.007463}}
{"target": -17.677142689671264, "params": {"gamma": 411.554470764753, "log10_alpha": -3.1654690901510314, "log10_colsample_bytree": 0.0, "log10_eta": -4.0, "log10_lambda": 1.0, "log10_min_child_weight": 0.16192102719851365, "log10_subsample": -0.5177889951732957, "max_depth": 8.0, "num_boost_round": 18.0}, "datetime": {"datetime": "2024-01-19 02:48:27", "elapsed": 9400.474161, "delta": 0.007272}}
{"target": -17.67713750580371, "params": {"gamma": 411.554470764753, "log10_alpha": -3.1654690901510314, "log10_colsample_bytree": 0.0, "log10_eta": -4.0, "log10_lambda": 1.0, "log10_min_child_weight": 0.16192102719851365, "log10_subsample": -0.5177889951732957, "max_depth": 8.0, "num_boost_round": 19.0}, "datetime": {"datetime": "2024-01-19 02:48:27", "elapsed": 9400.481376, "delta": 0.007215}}
{"target": -17.677134150742557, "params": {"gamma": 411.554470764753, "log10_alpha": -3.1654690901510314, "log10_colsample_bytree": 0.0, "log10_eta": -4.0, "log10_lambda": 1.0, "log10_min_child_weight": 0.16192102719851365, "log10_subsample": -0.5177889951732957, "max_depth": 8.0, "num_boost_round": 20.0}, "datetime": {"datetime": "2024-01-19 02:48:27", "elapsed": 9400.488632, "delta": 0.007256}}
{"target": -17.677129551438423, "params": {"gamma": 411.554470764753, "log10_alpha": -3.1654690901510314, "log10_colsample_bytree": 0.0, "log10_eta": -4.0, "log10_lambda": 1.0, "log10_min_child_weight": 0.16192102719851365, "log10_subsample": -0.5177889951732957, "max_depth": 8.0, "num_boost_round": 21.0}, "datetime": {"datetime": "2024-01-19 02:48:27", "elapsed": 9400.49566, "delta": 0.007028}}
{"target": -17.677119938757315, "params": {"gamma": 411.554470764753, "log10_alpha": -3.1654690901510314, "log10_colsample_bytree": 0.0, "log10_eta": -4.0, "log10_lambda": 1.0, "log10_min_child_weight": 0.16192102719851365, "log10_subsample": -0.5177889951732957, "max_depth": 8.0, "num_boost_round": 22.0}, "datetime": {"datetime": "2024-01-19 02:48:27", "elapsed": 9400.502965, "delta": 0.007305}}
{"target": -17.677110037912662, "params": {"gamma": 411.554470764753, "log10_alpha": -3.1654690901510314, "log10_colsample_bytree": 0.0, "log10_eta": -4.0, "log10_lambda": 1.0, "log10_min_child_weight": 0.16192102719851365, "log10_subsample": -0.5177889951732957, "max_depth": 8.0, "num_boost_round": 23.0}, "datetime": {"datetime": "2024-01-19 02:48:27", "elapsed": 9400.510202, "delta": 0.007237}}
{"target": -17.677106654029714, "params": {"gamma": 411.554470764753, "log10_alpha": -3.1654690901510314, "log10_colsample_bytree": 0.0, "log10_eta": -4.0, "log10_lambda": 1.0, "log10_min_child_weight": 0.16192102719851365, "log10_subsample": -0.5177889951732957, "max_depth": 8.0, "num_boost_round": 24.0}, "datetime": {"datetime": "2024-01-19 02:48:27", "elapsed": 9400.517333, "delta": 0.007131}}
