{"target": -17.677151533461004, "params": {"gamma": 725.495792979373, "log10_alpha": -4.364640709035676, "log10_colsample_bytree": -0.4122814169026848, "log10_eta": -2.5415404151310215, "log10_lambda": -4.681843266076892, "log10_min_child_weight": 4.709241835359623, "log10_subsample": -0.3411879347403435, "max_depth": 9.0, "num_boost_round": 2.0}, "datetime": {"datetime": "2024-01-19 01:01:32", "elapsed": 2999.598072, "delta": 0.004578}}
{"target": -17.67713408402774, "params": {"gamma": 725.495792979373, "log10_alpha": -4.364640709035676, "log10_colsample_bytree": -0.4122814169026848, "log10_eta": -2.5415404151310215, "log10_lambda": -4.681843266076892, "log10_min_child_weight": 4.709241835359623, "log10_subsample": -0.3411879347403435, "max_depth": 9.0, "num_boost_round": 3.0}, "datetime": {"datetime": "2024-01-19 01:01:32", "elapsed": 2999.601775, "delta": 0.003703}}
{"target": -17.677088983789666, "params": {"gamma": 725.495792979373, "log10_alpha": -4.364640709035676, "log10_colsample_bytree": -0.4122814169026848, "log10_eta": -2.5415404151310215, "log10_lambda": -4.681843266076892, "log10_min_child_weight": 4.709241835359623, "log10_subsample": -0.3411879347403435, "max_depth": 9.0, "num_boost_round": 4.0}, "datetime": {"datetime": "2024-01-19 01:01:32", "elapsed": 2999.605451, "delta": 0.003676}}
{"target": -17.67708685027109, "params": {"gamma": 725.495792979373, "log10_alpha": -4.364640709035676, "log10_colsample_bytree": -0.4122814169026848, "log10_eta": -2.5415404151310215, "log10_lambda": -4.681843266076892, "log10_min_child_weight": 4.709241835359623, "log10_subsample": -0.3411879347403435, "max_depth": 9.0, "num_boost_round": 5.0}, "datetime": {"datetime": "2024-01-19 01:01:32", "elapsed": 2999.609265, "delta": 0.003814}}
{"target": -17.677069628761625, "params": {"gamma": 725.495792979373, "log10_alpha": -4.364640709035676, "log10_colsample_bytree": -0.4122814169026848, "log10_eta": -2.5415404151310215, "log10_lambda": -4.681843266076892, "log10_min_child_weight": 4.709241835359623, "log10_subsample": -0.3411879347403435, "max_depth": 9.0, "num_boost_round": 6.0}, "datetime": {"datetime": "2024-01-19 01:01:32", "elapsed": 2999.612916, "delta": 0.003651}}
{"target": -17.67706953855215, "params": {"gamma": 725.495792979373, "log10_alpha": -4.364640709035676, "log10_colsample_bytree": -0.4122814169026848, "log10_eta": -2.5415404151310215, "log10_lambda": -4.681843266076892, "log10_min_child_weight": 4.709241835359623, "log10_subsample": -0.3411879347403435, "max_depth": 9.0, "num_boost_round": 7.0}, "datetime": {"datetime": "2024-01-19 01:01:32", "elapsed": 2999.616701, "delta": 0.003785}}
{"target": -17.677058213944406, "params": {"gamma": 725.495792979373, "log10_alpha": -4.364640709035676, "log10_colsample_bytree": -0.4122814169026848, "log10_eta": -2.5415404151310215, "log10_lambda": -4.681843266076892, "log10_min_child_weight": 4.709241835359623, "log10_subsample": -0.3411879347403435, "max_depth": 9.0, "num_boost_round": 8.0}, "datetime": {"datetime": "2024-01-19 01:01:32", "elapsed": 2999.620374, "delta": 0.003673}}
{"target": -17.67704580010142, "params": {"gamma": 725.495792979373, "log10_alpha": -4.364640709035676, "log10_colsample_bytree": -0.4122814169026848, "log10_eta": -2.5415404151310215, "log10_lambda": -4.681843266076892, "log10_min_child_weight": 4.709241835359623, "log10_subsample": -0.3411879347403435, "max_depth": 9.0, "num_boost_round": 9.0}, "datetime": {"datetime": "2024-01-19 01:01:32", "elapsed": 2999.629291, "delta": 0.008917}}
{"target": -17.677048410859303, "params": {"gamma": 725.495792979373, "log10_alpha": -4.364640709035676, "log10_colsample_bytree": -0.4122814169026848, "log10_eta": -2.5415404151310215, "log10_lambda": -4.681843266076892, "log10_min_child_weight": 4.709241835359623, "log10_subsample": -0.3411879347403435, "max_depth": 9.0, "num_boost_round": 10.0}, "datetime": {"datetime": "2024-01-19 01:01:32", "elapsed": 2999.633103, "delta": 0.003812}}
{"target": -17.677008171900418, "params": {"gamma": 725.495792979373, "log10_alpha": -4.364640709035676, "log10_colsample_bytree": -0.4122814169026848, "log10_eta": -2.5415404151310215, "log10_lambda": -4.681843266076892, "log10_min_child_weight": 4.709241835359623, "log10_subsample": -0.3411879347403435, "max_depth": 9.0, "num_boost_round": 11.0}, "datetime": {"datetime": "2024-01-19 01:01:32", "elapsed": 2999.636931, "delta": 0.003828}}
{"target": -17.676981725830103, "params": {"gamma": 725.495792979373, "log10_alpha": -4.364640709035676, "log10_colsample_bytree": -0.4122814169026848, "log10_eta": -2.5415404151310215, "log10_lambda": -4.681843266076892, "log10_min_child_weight": 4.709241835359623, "log10_subsample": -0.3411879347403435, "max_depth": 9.0, "num_boost_round": 12.0}, "datetime": {"datetime": "2024-01-19 01:01:32", "elapsed": 2999.640646, "delta": 0.003715}}
{"target": -17.67694033852275, "params": {"gamma": 725.495792979373, "log10_alpha": -4.364640709035676, "log10_colsample_bytree": -0.4122814169026848, "log10_eta": -2.5415404151310215, "log10_lambda": -4.681843266076892, "log10_min_child_weight": 4.709241835359623, "log10_subsample": -0.3411879347403435, "max_depth": 9.0, "num_boost_round": 13.0}, "datetime": {"datetime": "2024-01-19 01:01:32", "elapsed": 2999.644303, "delta": 0.003657}}
{"target": -17.676938090451372, "params": {"gamma": 725.495792979373, "log10_alpha": -4.364640709035676, "log10_colsample_bytree": -0.4122814169026848, "log10_eta": -2.5415404151310215, "log10_lambda": -4.681843266076892, "log10_min_child_weight": 4.709241835359623, "log10_subsample": -0.3411879347403435, "max_depth": 9.0, "num_boost_round": 14.0}, "datetime": {"datetime": "2024-01-19 01:01:32", "elapsed": 2999.64814, "delta": 0.003837}}
{"target": -17.676895045410063, "params": {"gamma": 725.495792979373, "log10_alpha": -4.364640709035676, "log10_colsample_bytree": -0.4122814169026848, "log10_eta": -2.5415404151310215, "log10_lambda": -4.681843266076892, "log10_min_child_weight": 4.709241835359623, "log10_subsample": -0.3411879347403435, "max_depth": 9.0, "num_boost_round": 15.0}, "datetime": {"datetime": "2024-01-19 01:01:32", "elapsed": 2999.651821, "delta": 0.003681}}
{"target": -17.67687520980482, "params": {"gamma": 725.495792979373, "log10_alpha": -4.364640709035676, "log10_colsample_bytree": -0.4122814169026848, "log10_eta": -2.5415404151310215, "log10_lambda": -4.681843266076892, "log10_min_child_weight": 4.709241835359623, "log10_subsample": -0.3411879347403435, "max_depth": 9.0, "num_boost_round": 16.0}, "datetime": {"datetime": "2024-01-19 01:01:32", "elapsed": 2999.65553, "delta": 0.003709}}
{"target": -17.676878194942905, "params": {"gamma": 725.495792979373, "log10_alpha": -4.364640709035676, "log10_colsample_bytree": -0.4122814169026848, "log10_eta": -2.5415404151310215, "log10_lambda": -4.681843266076892, "log10_min_child_weight": 4.709241835359623, "log10_subsample": -0.3411879347403435, "max_depth": 9.0, "num_boost_round": 17.0}, "datetime": {"datetime": "2024-01-19 01:01:32", "elapsed": 2999.659362, "delta": 0.003832}}
{"target": -17.67683563744907, "params": {"gamma": 725.495792979373, "log10_alpha": -4.364640709035676, "log10_colsample_bytree": -0.4122814169026848, "log10_eta": -2.5415404151310215, "log10_lambda": -4.681843266076892, "log10_min_child_weight": 4.709241835359623, "log10_subsample": -0.3411879347403435, "max_depth": 9.0, "num_boost_round": 18.0}, "datetime": {"datetime": "2024-01-19 01:01:32", "elapsed": 2999.663052, "delta": 0.00369}}
{"target": -17.67679442526496, "params": {"gamma": 725.495792979373, "log10_alpha": -4.364640709035676, "log10_colsample_bytree": -0.4122814169026848, "log10_eta": -2.5415404151310215, "log10_lambda": -4.681843266076892, "log10_min_child_weight": 4.709241835359623, "log10_subsample": -0.3411879347403435, "max_depth": 9.0, "num_boost_round": 19.0}, "datetime": {"datetime": "2024-01-19 01:01:32", "elapsed": 2999.666691, "delta": 0.003639}}
{"target": -17.676764832972275, "params": {"gamma": 725.495792979373, "log10_alpha": -4.364640709035676, "log10_colsample_bytree": -0.4122814169026848, "log10_eta": -2.5415404151310215, "log10_lambda": -4.681843266076892, "log10_min_child_weight": 4.709241835359623, "log10_subsample": -0.3411879347403435, "max_depth": 9.0, "num_boost_round": 20.0}, "datetime": {"datetime": "2024-01-19 01:01:32", "elapsed": 2999.670475, "delta": 0.003784}}
{"target": -17.67674208482833, "params": {"gamma": 725.495792979373, "log10_alpha": -4.364640709035676, "log10_colsample_bytree": -0.4122814169026848, "log10_eta": -2.5415404151310215, "log10_lambda": -4.681843266076892, "log10_min_child_weight": 4.709241835359623, "log10_subsample": -0.3411879347403435, "max_depth": 9.0, "num_boost_round": 21.0}, "datetime": {"datetime": "2024-01-19 01:01:32", "elapsed": 2999.674173, "delta": 0.003698}}
{"target": -17.676729041784043, "params": {"gamma": 725.495792979373, "log10_alpha": -4.364640709035676, "log10_colsample_bytree": -0.4122814169026848, "log10_eta": -2.5415404151310215, "log10_lambda": -4.681843266076892, "log10_min_child_weight": 4.709241835359623, "log10_subsample": -0.3411879347403435, "max_depth": 9.0, "num_boost_round": 22.0}, "datetime": {"datetime": "2024-01-19 01:01:32", "elapsed": 2999.67827, "delta": 0.004097}}
{"target": -17.676707861265406, "params": {"gamma": 725.495792979373, "log10_alpha": -4.364640709035676, "log10_colsample_bytree": -0.4122814169026848, "log10_eta": -2.5415404151310215, "log10_lambda": -4.681843266076892, "log10_min_child_weight": 4.709241835359623, "log10_subsample": -0.3411879347403435, "max_depth": 9.0, "num_boost_round": 23.0}, "datetime": {"datetime": "2024-01-19 01:01:32", "elapsed": 2999.681998, "delta": 0.003728}}
{"target": -17.676686389989037, "params": {"gamma": 725.495792979373, "log10_alpha": -4.364640709035676, "log10_colsample_bytree": -0.4122814169026848, "log10_eta": -2.5415404151310215, "log10_lambda": -4.681843266076892, "log10_min_child_weight": 4.709241835359623, "log10_subsample": -0.3411879347403435, "max_depth": 9.0, "num_boost_round": 24.0}, "datetime": {"datetime": "2024-01-19 01:01:32", "elapsed": 2999.685713, "delta": 0.003715}}
{"target": -17.676646919841605, "params": {"gamma": 725.495792979373, "log10_alpha": -4.364640709035676, "log10_colsample_bytree": -0.4122814169026848, "log10_eta": -2.5415404151310215, "log10_lambda": -4.681843266076892, "log10_min_child_weight": 4.709241835359623, "log10_subsample": -0.3411879347403435, "max_depth": 9.0, "num_boost_round": 25.0}, "datetime": {"datetime": "2024-01-19 01:01:32", "elapsed": 2999.689598, "delta": 0.003885}}
{"target": -17.676656793528725, "params": {"gamma": 725.495792979373, "log10_alpha": -4.364640709035676, "log10_colsample_bytree": -0.4122814169026848, "log10_eta": -2.5415404151310215, "log10_lambda": -4.681843266076892, "log10_min_child_weight": 4.709241835359623, "log10_subsample": -0.3411879347403435, "max_depth": 9.0, "num_boost_round": 26.0}, "datetime": {"datetime": "2024-01-19 01:01:32", "elapsed": 2999.693312, "delta": 0.003714}}
{"target": -17.676639206422724, "params": {"gamma": 725.495792979373, "log10_alpha": -4.364640709035676, "log10_colsample_bytree": -0.4122814169026848, "log10_eta": -2.5415404151310215, "log10_lambda": -4.681843266076892, "log10_min_child_weight": 4.709241835359623, "log10_subsample": -0.3411879347403435, "max_depth": 9.0, "num_boost_round": 27.0}, "datetime": {"datetime": "2024-01-19 01:01:32", "elapsed": 2999.697055, "delta": 0.003743}}
{"target": -17.676623251554606, "params": {"gamma": 725.495792979373, "log10_alpha": -4.364640709035676, "log10_colsample_bytree": -0.4122814169026848, "log10_eta": -2.5415404151310215, "log10_lambda": -4.681843266076892, "log10_min_child_weight": 4.709241835359623, "log10_subsample": -0.3411879347403435, "max_depth": 9.0, "num_boost_round": 28.0}, "datetime": {"datetime": "2024-01-19 01:01:32", "elapsed": 2999.700697, "delta": 0.003642}}
{"target": -17.67658129421514, "params": {"gamma": 725.495792979373, "log10_alpha": -4.364640709035676, "log10_colsample_bytree": -0.4122814169026848, "log10_eta": -2.5415404151310215, "log10_lambda": -4.681843266076892, "log10_min_child_weight": 4.709241835359623, "log10_subsample": -0.3411879347403435, "max_depth": 9.0, "num_boost_round": 29.0}, "datetime": {"datetime": "2024-01-19 01:01:32", "elapsed": 2999.704444, "delta": 0.003747}}
{"target": -17.67657916570495, "params": {"gamma": 725.495792979373, "log10_alpha": -4.364640709035676, "log10_colsample_bytree": -0.4122814169026848, "log10_eta": -2.5415404151310215, "log10_lambda": -4.681843266076892, "log10_min_child_weight": 4.709241835359623, "log10_subsample": -0.3411879347403435, "max_depth": 9.0, "num_boost_round": 30.0}, "datetime": {"datetime": "2024-01-19 01:01:32", "elapsed": 2999.708158, "delta": 0.003714}}
{"target": -17.6765707349966, "params": {"gamma": 725.495792979373, "log10_alpha": -4.364640709035676, "log10_colsample_bytree": -0.4122814169026848, "log10_eta": -2.5415404151310215, "log10_lambda": -4.681843266076892, "log10_min_child_weight": 4.709241835359623, "log10_subsample": -0.3411879347403435, "max_depth": 9.0, "num_boost_round": 31.0}, "datetime": {"datetime": "2024-01-19 01:01:32", "elapsed": 2999.711884, "delta": 0.003726}}
{"target": -17.6765481378141, "params": {"gamma": 725.495792979373, "log10_alpha": -4.364640709035676, "log10_colsample_bytree": -0.4122814169026848, "log10_eta": -2.5415404151310215, "log10_lambda": -4.681843266076892, "log10_min_child_weight": 4.709241835359623, "log10_subsample": -0.3411879347403435, "max_depth": 9.0, "num_boost_round": 32.0}, "datetime": {"datetime": "2024-01-19 01:01:32", "elapsed": 2999.715602, "delta": 0.003718}}
{"target": -17.67653282039995, "params": {"gamma": 725.495792979373, "log10_alpha": -4.364640709035676, "log10_colsample_bytree": -0.4122814169026848, "log10_eta": -2.5415404151310215, "log10_lambda": -4.681843266076892, "log10_min_child_weight": 4.709241835359623, "log10_subsample": -0.3411879347403435, "max_depth": 9.0, "num_boost_round": 33.0}, "datetime": {"datetime": "2024-01-19 01:01:32", "elapsed": 2999.719313, "delta": 0.003711}}
{"target": -17.676524475896443, "params": {"gamma": 725.495792979373, "log10_alpha": -4.364640709035676, "log10_colsample_bytree": -0.4122814169026848, "log10_eta": -2.5415404151310215, "log10_lambda": -4.681843266076892, "log10_min_child_weight": 4.709241835359623, "log10_subsample": -0.3411879347403435, "max_depth": 9.0, "num_boost_round": 34.0}, "datetime": {"datetime": "2024-01-19 01:01:32", "elapsed": 2999.723023, "delta": 0.00371}}
{"target": -17.676506152971843, "params": {"gamma": 725.495792979373, "log10_alpha": -4.364640709035676, "log10_colsample_bytree": -0.4122814169026848, "log10_eta": -2.5415404151310215, "log10_lambda": -4.681843266076892, "log10_min_child_weight": 4.709241835359623, "log10_subsample": -0.3411879347403435, "max_depth": 9.0, "num_boost_round": 35.0}, "datetime": {"datetime": "2024-01-19 01:01:32", "elapsed": 2999.726673, "delta": 0.00365}}
{"target": -17.676519560669043, "params": {"gamma": 725.495792979373, "log10_alpha": -4.364640709035676, "log10_colsample_bytree": -0.4122814169026848, "log10_eta": -2.5415404151310215, "log10_lambda": -4.681843266076892, "log10_min_child_weight": 4.709241835359623, "log10_subsample": -0.3411879347403435, "max_depth": 9.0, "num_boost_round": 36.0}, "datetime": {"datetime": "2024-01-19 01:01:32", "elapsed": 2999.730549, "delta": 0.003876}}
{"target": -17.67651910887441, "params": {"gamma": 725.495792979373, "log10_alpha": -4.364640709035676, "log10_colsample_bytree": -0.4122814169026848, "log10_eta": -2.5415404151310215, "log10_lambda": -4.681843266076892, "log10_min_child_weight": 4.709241835359623, "log10_subsample": -0.3411879347403435, "max_depth": 9.0, "num_boost_round": 37.0}, "datetime": {"datetime": "2024-01-19 01:01:32", "elapsed": 2999.734428, "delta": 0.003879}}
{"target": -17.67651367360682, "params": {"gamma": 725.495792979373, "log10_alpha": -4.364640709035676, "log10_colsample_bytree": -0.4122814169026848, "log10_eta": -2.5415404151310215, "log10_lambda": -4.681843266076892, "log10_min_child_weight": 4.709241835359623, "log10_subsample": -0.3411879347403435, "max_depth": 9.0, "num_boost_round": 38.0}, "datetime": {"datetime": "2024-01-19 01:01:32", "elapsed": 2999.738241, "delta": 0.003813}}
{"target": -17.67650137334585, "params": {"gamma": 725.495792979373, "log10_alpha": -4.364640709035676, "log10_colsample_bytree": -0.4122814169026848, "log10_eta": -2.5415404151310215, "log10_lambda": -4.681843266076892, "log10_min_child_weight": 4.709241835359623, "log10_subsample": -0.3411879347403435, "max_depth": 9.0, "num_boost_round": 39.0}, "datetime": {"datetime": "2024-01-19 01:01:32", "elapsed": 2999.741957, "delta": 0.003716}}
{"target": -17.676486232864093, "params": {"gamma": 725.495792979373, "log10_alpha": -4.364640709035676, "log10_colsample_bytree": -0.4122814169026848, "log10_eta": -2.5415404151310215, "log10_lambda": -4.681843266076892, "log10_min_child_weight": 4.709241835359623, "log10_subsample": -0.3411879347403435, "max_depth": 9.0, "num_boost_round": 40.0}, "datetime": {"datetime": "2024-01-19 01:01:32", "elapsed": 2999.745753, "delta": 0.003796}}
{"target": -17.676489996155627, "params": {"gamma": 725.495792979373, "log10_alpha": -4.364640709035676, "log10_colsample_bytree": -0.4122814169026848, "log10_eta": -2.5415404151310215, "log10_lambda": -4.681843266076892, "log10_min_child_weight": 4.709241835359623, "log10_subsample": -0.3411879347403435, "max_depth": 9.0, "num_boost_round": 41.0}, "datetime": {"datetime": "2024-01-19 01:01:32", "elapsed": 2999.749583, "delta": 0.00383}}
{"target": -17.676501817118606, "params": {"gamma": 725.495792979373, "log10_alpha": -4.364640709035676, "log10_colsample_bytree": -0.4122814169026848, "log10_eta": -2.5415404151310215, "log10_lambda": -4.681843266076892, "log10_min_child_weight": 4.709241835359623, "log10_subsample": -0.3411879347403435, "max_depth": 9.0, "num_boost_round": 42.0}, "datetime": {"datetime": "2024-01-19 01:01:32", "elapsed": 2999.753266, "delta": 0.003683}}
{"target": -17.676520482591137, "params": {"gamma": 725.495792979373, "log10_alpha": -4.364640709035676, "log10_colsample_bytree": -0.4122814169026848, "log10_eta": -2.5415404151310215, "log10_lambda": -4.681843266076892, "log10_min_child_weight": 4.709241835359623, "log10_subsample": -0.3411879347403435, "max_depth": 9.0, "num_boost_round": 43.0}, "datetime": {"datetime": "2024-01-19 01:01:32", "elapsed": 2999.757103, "delta": 0.003837}}
{"target": -17.676545229348466, "params": {"gamma": 725.495792979373, "log10_alpha": -4.364640709035676, "log10_colsample_bytree": -0.4122814169026848, "log10_eta": -2.5415404151310215, "log10_lambda": -4.681843266076892, "log10_min_child_weight": 4.709241835359623, "log10_subsample": -0.3411879347403435, "max_depth": 9.0, "num_boost_round": 44.0}, "datetime": {"datetime": "2024-01-19 01:01:32", "elapsed": 2999.760833, "delta": 0.00373}}
{"target": -17.676533633088816, "params": {"gamma": 725.495792979373, "log10_alpha": -4.364640709035676, "log10_colsample_bytree": -0.4122814169026848, "log10_eta": -2.5415404151310215, "log10_lambda": -4.681843266076892, "log10_min_child_weight": 4.709241835359623, "log10_subsample": -0.3411879347403435, "max_depth": 9.0, "num_boost_round": 45.0}, "datetime": {"datetime": "2024-01-19 01:01:32", "elapsed": 2999.764564, "delta": 0.003731}}
{"target": -17.67650059492772, "params": {"gamma": 725.495792979373, "log10_alpha": -4.364640709035676, "log10_colsample_bytree": -0.4122814169026848, "log10_eta": -2.5415404151310215, "log10_lambda": -4.681843266076892, "log10_min_child_weight": 4.709241835359623, "log10_subsample": -0.3411879347403435, "max_depth": 9.0, "num_boost_round": 46.0}, "datetime": {"datetime": "2024-01-19 01:01:32", "elapsed": 2999.768433, "delta": 0.003869}}
{"target": -17.676457946095727, "params": {"gamma": 725.495792979373, "log10_alpha": -4.364640709035676, "log10_colsample_bytree": -0.4122814169026848, "log10_eta": -2.5415404151310215, "log10_lambda": -4.681843266076892, "log10_min_child_weight": 4.709241835359623, "log10_subsample": -0.3411879347403435, "max_depth": 9.0, "num_boost_round": 47.0}, "datetime": {"datetime": "2024-01-19 01:01:32", "elapsed": 2999.772135, "delta": 0.003702}}
{"target": -17.67645288087499, "params": {"gamma": 725.495792979373, "log10_alpha": -4.364640709035676, "log10_colsample_bytree": -0.4122814169026848, "log10_eta": -2.5415404151310215, "log10_lambda": -4.681843266076892, "log10_min_child_weight": 4.709241835359623, "log10_subsample": -0.3411879347403435, "max_depth": 9.0, "num_boost_round": 48.0}, "datetime": {"datetime": "2024-01-19 01:01:32", "elapsed": 2999.775818, "delta": 0.003683}}
{"target": -17.676445512304785, "params": {"gamma": 725.495792979373, "log10_alpha": -4.364640709035676, "log10_colsample_bytree": -0.4122814169026848, "log10_eta": -2.5415404151310215, "log10_lambda": -4.681843266076892, "log10_min_child_weight": 4.709241835359623, "log10_subsample": -0.3411879347403435, "max_depth": 9.0, "num_boost_round": 49.0}, "datetime": {"datetime": "2024-01-19 01:01:32", "elapsed": 2999.779777, "delta": 0.003959}}
{"target": -17.67647210335834, "params": {"gamma": 725.495792979373, "log10_alpha": -4.364640709035676, "log10_colsample_bytree": -0.4122814169026848, "log10_eta": -2.5415404151310215, "log10_lambda": -4.681843266076892, "log10_min_child_weight": 4.709241835359623, "log10_subsample": -0.3411879347403435, "max_depth": 9.0, "num_boost_round": 50.0}, "datetime": {"datetime": "2024-01-19 01:01:32", "elapsed": 2999.783587, "delta": 0.00381}}
