{"target": -17.677204362544423, "params": {"gamma": 868.8610751251787, "log10_alpha": -1.5705392117079384, "log10_colsample_bytree": -0.5871570828210338, "log10_eta": -3.4913381098608323, "log10_lambda": -1.0090855164382533, "log10_min_child_weight": 4.6710784651664286, "log10_subsample": -0.06521636726948488, "max_depth": 8.0, "num_boost_round": 14.0}, "datetime": {"datetime": "2024-01-19 00:50:06", "elapsed": 2287.253408, "delta": 0.002666}}
{"target": -17.67721310159389, "params": {"gamma": 881.9750127844454, "log10_alpha": -1.4468482262262827, "log10_colsample_bytree": -0.40758915967385156, "log10_eta": -3.533320377189552, "log10_lambda": -4.140653365303052, "log10_min_child_weight": 1.617944757046197, "log10_subsample": -0.8769541448207377, "max_depth": 8.0, "num_boost_round": 0.0}, "datetime": {"datetime": "2024-01-19 00:50:58", "elapsed": 2339.222751, "delta": 51.969343}}
{"target": -17.67718856587398, "params": {"gamma": 881.9750127844454, "log10_alpha": -1.4468482262262827, "log10_colsample_bytree": -0.40758915967385156, "log10_eta": -3.533320377189552, "log10_lambda": -4.140653365303052, "log10_min_child_weight": 1.617944757046197, "log10_subsample": -0.8769541448207377, "max_depth": 8.0, "num_boost_round": 1.0}, "datetime": {"datetime": "2024-01-19 00:50:58", "elapsed": 2339.22616, "delta": 0.003409}}
{"target": -17.677162446965582, "params": {"gamma": 881.9750127844454, "log10_alpha": -1.4468482262262827, "log10_colsample_bytree": -0.40758915967385156, "log10_eta": -3.533320377189552, "log10_lambda": -4.140653365303052, "log10_min_child_weight": 1.617944757046197, "log10_subsample": -0.8769541448207377, "max_depth": 8.0, "num_boost_round": 2.0}, "datetime": {"datetime": "2024-01-19 00:50:58", "elapsed": 2339.228989, "delta": 0.002829}}
{"target": -17.677149759477103, "params": {"gamma": 881.9750127844454, "log10_alpha": -1.4468482262262827, "log10_colsample_bytree": -0.40758915967385156, "log10_eta": -3.533320377189552, "log10_lambda": -4.140653365303052, "log10_min_child_weight": 1.617944757046197, "log10_subsample": -0.8769541448207377, "max_depth": 8.0, "num_boost_round": 3.0}, "datetime": {"datetime": "2024-01-19 00:50:58", "elapsed": 2339.231673, "delta": 0.002684}}
{"target": -17.677130350387685, "params": {"gamma": 881.9750127844454, "log10_alpha": -1.4468482262262827, "log10_colsample_bytree": -0.40758915967385156, "log10_eta": -3.533320377189552, "log10_lambda": -4.140653365303052, "log10_min_child_weight": 1.617944757046197, "log10_subsample": -0.8769541448207377, "max_depth": 8.0, "num_boost_round": 4.0}, "datetime": {"datetime": "2024-01-19 00:50:58", "elapsed": 2339.234345, "delta": 0.002672}}
{"target": -17.677102303960076, "params": {"gamma": 881.9750127844454, "log10_alpha": -1.4468482262262827, "log10_colsample_bytree": -0.40758915967385156, "log10_eta": -3.533320377189552, "log10_lambda": -4.140653365303052, "log10_min_child_weight": 1.617944757046197, "log10_subsample": -0.8769541448207377, "max_depth": 8.0, "num_boost_round": 5.0}, "datetime": {"datetime": "2024-01-19 00:50:58", "elapsed": 2339.236958, "delta": 0.002613}}
{"target": -17.677093971612585, "params": {"gamma": 881.9750127844454, "log10_alpha": -1.4468482262262827, "log10_colsample_bytree": -0.40758915967385156, "log10_eta": -3.533320377189552, "log10_lambda": -4.140653365303052, "log10_min_child_weight": 1.617944757046197, "log10_subsample": -0.8769541448207377, "max_depth": 8.0, "num_boost_round": 6.0}, "datetime": {"datetime": "2024-01-19 00:50:58", "elapsed": 2339.239596, "delta": 0.002638}}
{"target": -17.67707620520352, "params": {"gamma": 881.9750127844454, "log10_alpha": -1.4468482262262827, "log10_colsample_bytree": -0.40758915967385156, "log10_eta": -3.533320377189552, "log10_lambda": -4.140653365303052, "log10_min_child_weight": 1.617944757046197, "log10_subsample": -0.8769541448207377, "max_depth": 8.0, "num_boost_round": 7.0}, "datetime": {"datetime": "2024-01-19 00:50:58", "elapsed": 2339.242244, "delta": 0.002648}}
{"target": -17.67706023897971, "params": {"gamma": 881.9750127844454, "log10_alpha": -1.4468482262262827, "log10_colsample_bytree": -0.40758915967385156, "log10_eta": -3.533320377189552, "log10_lambda": -4.140653365303052, "log10_min_child_weight": 1.617944757046197, "log10_subsample": -0.8769541448207377, "max_depth": 8.0, "num_boost_round": 8.0}, "datetime": {"datetime": "2024-01-19 00:50:58", "elapsed": 2339.244877, "delta": 0.002633}}
{"target": -17.677058531392355, "params": {"gamma": 881.9750127844454, "log10_alpha": -1.4468482262262827, "log10_colsample_bytree": -0.40758915967385156, "log10_eta": -3.533320377189552, "log10_lambda": -4.140653365303052, "log10_min_child_weight": 1.617944757046197, "log10_subsample": -0.8769541448207377, "max_depth": 8.0, "num_boost_round": 9.0}, "datetime": {"datetime": "2024-01-19 00:50:58", "elapsed": 2339.24755, "delta": 0.002673}}
{"target": -17.6770194360527, "params": {"gamma": 881.9750127844454, "log10_alpha": -1.4468482262262827, "log10_colsample_bytree": -0.40758915967385156, "log10_eta": -3.533320377189552, "log10_lambda": -4.140653365303052, "log10_min_child_weight": 1.617944757046197, "log10_subsample": -0.8769541448207377, "max_depth": 8.0, "num_boost_round": 10.0}, "datetime": {"datetime": "2024-01-19 00:50:58", "elapsed": 2339.250185, "delta": 0.002635}}
{"target": -17.67701329376765, "params": {"gamma": 881.9750127844454, "log10_alpha": -1.4468482262262827, "log10_colsample_bytree": -0.40758915967385156, "log10_eta": -3.533320377189552, "log10_lambda": -4.140653365303052, "log10_min_child_weight": 1.617944757046197, "log10_subsample": -0.8769541448207377, "max_depth": 8.0, "num_boost_round": 11.0}, "datetime": {"datetime": "2024-01-19 00:50:58", "elapsed": 2339.252824, "delta": 0.002639}}
{"target": -17.67702203153765, "params": {"gamma": 881.9750127844454, "log10_alpha": -1.4468482262262827, "log10_colsample_bytree": -0.40758915967385156, "log10_eta": -3.533320377189552, "log10_lambda": -4.140653365303052, "log10_min_child_weight": 1.617944757046197, "log10_subsample": -0.8769541448207377, "max_depth": 8.0, "num_boost_round": 12.0}, "datetime": {"datetime": "2024-01-19 00:50:58", "elapsed": 2339.255455, "delta": 0.002631}}
{"target": -17.6770341195361, "params": {"gamma": 881.9750127844454, "log10_alpha": -1.4468482262262827, "log10_colsample_bytree": -0.40758915967385156, "log10_eta": -3.533320377189552, "log10_lambda": -4.140653365303052, "log10_min_child_weight": 1.617944757046197, "log10_subsample": -0.8769541448207377, "max_depth": 8.0, "num_boost_round": 13.0}, "datetime": {"datetime": "2024-01-19 00:50:58", "elapsed": 2339.258076, "delta": 0.002621}}
{"target": -17.67701912709902, "params": {"gamma": 881.9750127844454, "log10_alpha": -1.4468482262262827, "log10_colsample_bytree": -0.40758915967385156, "log10_eta": -3.533320377189552, "log10_lambda": -4.140653365303052, "log10_min_child_weight": 1.617944757046197, "log10_subsample": -0.8769541448207377, "max_depth": 8.0, "num_boost_round": 14.0}, "datetime": {"datetime": "2024-01-19 00:50:58", "elapsed": 2339.260721, "delta": 0.002645}}
{"target": -17.67700612586256, "params": {"gamma": 881.9750127844454, "log10_alpha": -1.4468482262262827, "log10_colsample_bytree": -0.40758915967385156, "log10_eta": -3.533320377189552, "log10_lambda": -4.140653365303052, "log10_min_child_weight": 1.617944757046197, "log10_subsample": -0.8769541448207377, "max_depth": 8.0, "num_boost_round": 15.0}, "datetime": {"datetime": "2024-01-19 00:50:58", "elapsed": 2339.263348, "delta": 0.002627}}
{"target": -17.677001095793848, "params": {"gamma": 881.9750127844454, "log10_alpha": -1.4468482262262827, "log10_colsample_bytree": -0.40758915967385156, "log10_eta": -3.533320377189552, "log10_lambda": -4.140653365303052, "log10_min_child_weight": 1.617944757046197, "log10_subsample": -0.8769541448207377, "max_depth": 8.0, "num_boost_round": 16.0}, "datetime": {"datetime": "2024-01-19 00:50:58", "elapsed": 2339.265998, "delta": 0.00265}}
{"target": -17.677009879387548, "params": {"gamma": 881.9750127844454, "log10_alpha": -1.4468482262262827, "log10_colsample_bytree": -0.40758915967385156, "log10_eta": -3.533320377189552, "log10_lambda": -4.140653365303052, "log10_min_child_weight": 1.617944757046197, "log10_subsample": -0.8769541448207377, "max_depth": 8.0, "num_boost_round": 17.0}, "datetime": {"datetime": "2024-01-19 00:50:58", "elapsed": 2339.26863, "delta": 0.002632}}
{"target": -17.677020463844446, "params": {"gamma": 881.9750127844454, "log10_alpha": -1.4468482262262827, "log10_colsample_bytree": -0.40758915967385156, "log10_eta": -3.533320377189552, "log10_lambda": -4.140653365303052, "log10_min_child_weight": 1.617944757046197, "log10_subsample": -0.8769541448207377, "max_depth": 8.0, "num_boost_round": 18.0}, "datetime": {"datetime": "2024-01-19 00:50:58", "elapsed": 2339.271281, "delta": 0.002651}}
{"target": -17.676998422405934, "params": {"gamma": 881.9750127844454, "log10_alpha": -1.4468482262262827, "log10_colsample_bytree": -0.40758915967385156, "log10_eta": -3.533320377189552, "log10_lambda": -4.140653365303052, "log10_min_child_weight": 1.617944757046197, "log10_subsample": -0.8769541448207377, "max_depth": 8.0, "num_boost_round": 19.0}, "datetime": {"datetime": "2024-01-19 00:50:58", "elapsed": 2339.273909, "delta": 0.002628}}
{"target": -17.67698404113084, "params": {"gamma": 881.9750127844454, "log10_alpha": -1.4468482262262827, "log10_colsample_bytree": -0.40758915967385156, "log10_eta": -3.533320377189552, "log10_lambda": -4.140653365303052, "log10_min_child_weight": 1.617944757046197, "log10_subsample": -0.8769541448207377, "max_depth": 8.0, "num_boost_round": 20.0}, "datetime": {"datetime": "2024-01-19 00:50:58", "elapsed": 2339.276517, "delta": 0.002608}}
{"target": -17.67696558578227, "params": {"gamma": 881.9750127844454, "log10_alpha": -1.4468482262262827, "log10_colsample_bytree": -0.40758915967385156, "log10_eta": -3.533320377189552, "log10_lambda": -4.140653365303052, "log10_min_child_weight": 1.617944757046197, "log10_subsample": -0.8769541448207377, "max_depth": 8.0, "num_boost_round": 21.0}, "datetime": {"datetime": "2024-01-19 00:50:58", "elapsed": 2339.279143, "delta": 0.002626}}
{"target": -17.676929007176792, "params": {"gamma": 881.9750127844454, "log10_alpha": -1.4468482262262827, "log10_colsample_bytree": -0.40758915967385156, "log10_eta": -3.533320377189552, "log10_lambda": -4.140653365303052, "log10_min_child_weight": 1.617944757046197, "log10_subsample": -0.8769541448207377, "max_depth": 8.0, "num_boost_round": 22.0}, "datetime": {"datetime": "2024-01-19 00:50:58", "elapsed": 2339.281766, "delta": 0.002623}}
{"target": -17.676929432320666, "params": {"gamma": 881.9750127844454, "log10_alpha": -1.4468482262262827, "log10_colsample_bytree": -0.40758915967385156, "log10_eta": -3.533320377189552, "log10_lambda": -4.140653365303052, "log10_min_child_weight": 1.617944757046197, "log10_subsample": -0.8769541448207377, "max_depth": 8.0, "num_boost_round": 23.0}, "datetime": {"datetime": "2024-01-19 00:50:58", "elapsed": 2339.284402, "delta": 0.002636}}
{"target": -17.67691186670449, "params": {"gamma": 881.9750127844454, "log10_alpha": -1.4468482262262827, "log10_colsample_bytree": -0.40758915967385156, "log10_eta": -3.533320377189552, "log10_lambda": -4.140653365303052, "log10_min_child_weight": 1.617944757046197, "log10_subsample": -0.8769541448207377, "max_depth": 8.0, "num_boost_round": 24.0}, "datetime": {"datetime": "2024-01-19 00:50:58", "elapsed": 2339.287062, "delta": 0.00266}}
{"target": -17.67686612380816, "params": {"gamma": 881.9750127844454, "log10_alpha": -1.4468482262262827, "log10_colsample_bytree": -0.40758915967385156, "log10_eta": -3.533320377189552, "log10_lambda": -4.140653365303052, "log10_min_child_weight": 1.617944757046197, "log10_subsample": -0.8769541448207377, "max_depth": 8.0, "num_boost_round": 25.0}, "datetime": {"datetime": "2024-01-19 00:50:58", "elapsed": 2339.289698, "delta": 0.002636}}
{"target": -17.67685651916604, "params": {"gamma": 881.9750127844454, "log10_alpha": -1.4468482262262827, "log10_colsample_bytree": -0.40758915967385156, "log10_eta": -3.533320377189552, "log10_lambda": -4.140653365303052, "log10_min_child_weight": 1.617944757046197, "log10_subsample": -0.8769541448207377, "max_depth": 8.0, "num_boost_round": 26.0}, "datetime": {"datetime": "2024-01-19 00:50:58", "elapsed": 2339.292357, "delta": 0.002659}}
{"target": -17.6768579667677, "params": {"gamma": 881.9750127844454, "log10_alpha": -1.4468482262262827, "log10_colsample_bytree": -0.40758915967385156, "log10_eta": -3.533320377189552, "log10_lambda": -4.140653365303052, "log10_min_child_weight": 1.617944757046197, "log10_subsample": -0.8769541448207377, "max_depth": 8.0, "num_boost_round": 27.0}, "datetime": {"datetime": "2024-01-19 00:50:58", "elapsed": 2339.29499, "delta": 0.002633}}
{"target": -17.676827094800316, "params": {"gamma": 881.9750127844454, "log10_alpha": -1.4468482262262827, "log10_colsample_bytree": -0.40758915967385156, "log10_eta": -3.533320377189552, "log10_lambda": -4.140653365303052, "log10_min_child_weight": 1.617944757046197, "log10_subsample": -0.8769541448207377, "max_depth": 8.0, "num_boost_round": 28.0}, "datetime": {"datetime": "2024-01-19 00:50:58", "elapsed": 2339.297675, "delta": 0.002685}}
{"target": -17.676811152439523, "params": {"gamma": 881.9750127844454, "log10_alpha": -1.4468482262262827, "log10_colsample_bytree": -0.40758915967385156, "log10_eta": -3.533320377189552, "log10_lambda": -4.140653365303052, "log10_min_child_weight": 1.617944757046197, "log10_subsample": -0.8769541448207377, "max_depth": 8.0, "num_boost_round": 29.0}, "datetime": {"datetime": "2024-01-19 00:50:58", "elapsed": 2339.300324, "delta": 0.002649}}
{"target": -17.67681757310351, "params": {"gamma": 881.9750127844454, "log10_alpha": -1.4468482262262827, "log10_colsample_bytree": -0.40758915967385156, "log10_eta": -3.533320377189552, "log10_lambda": -4.140653365303052, "log10_min_child_weight": 1.617944757046197, "log10_subsample": -0.8769541448207377, "max_depth": 8.0, "num_boost_round": 30.0}, "datetime": {"datetime": "2024-01-19 00:50:58", "elapsed": 2339.302972, "delta": 0.002648}}
{"target": -17.6767898945537, "params": {"gamma": 881.9750127844454, "log10_alpha": -1.4468482262262827, "log10_colsample_bytree": -0.40758915967385156, "log10_eta": -3.533320377189552, "log10_lambda": -4.140653365303052, "log10_min_child_weight": 1.617944757046197, "log10_subsample": -0.8769541448207377, "max_depth": 8.0, "num_boost_round": 31.0}, "datetime": {"datetime": "2024-01-19 00:50:58", "elapsed": 2339.306338, "delta": 0.003366}}
{"target": -17.67677181709518, "params": {"gamma": 881.9750127844454, "log10_alpha": -1.4468482262262827, "log10_colsample_bytree": -0.40758915967385156, "log10_eta": -3.533320377189552, "log10_lambda": -4.140653365303052, "log10_min_child_weight": 1.617944757046197, "log10_subsample": -0.8769541448207377, "max_depth": 8.0, "num_boost_round": 32.0}, "datetime": {"datetime": "2024-01-19 00:50:58", "elapsed": 2339.309124, "delta": 0.002786}}
{"target": -17.676757680250013, "params": {"gamma": 881.9750127844454, "log10_alpha": -1.4468482262262827, "log10_colsample_bytree": -0.40758915967385156, "log10_eta": -3.533320377189552, "log10_lambda": -4.140653365303052, "log10_min_child_weight": 1.617944757046197, "log10_subsample": -0.8769541448207377, "max_depth": 8.0, "num_boost_round": 33.0}, "datetime": {"datetime": "2024-01-19 00:50:58", "elapsed": 2339.311861, "delta": 0.002737}}
{"target": -17.67675236309931, "params": {"gamma": 881.9750127844454, "log10_alpha": -1.4468482262262827, "log10_colsample_bytree": -0.40758915967385156, "log10_eta": -3.533320377189552, "log10_lambda": -4.140653365303052, "log10_min_child_weight": 1.617944757046197, "log10_subsample": -0.8769541448207377, "max_depth": 8.0, "num_boost_round": 34.0}, "datetime": {"datetime": "2024-01-19 00:50:58", "elapsed": 2339.314619, "delta": 0.002758}}
{"target": -17.676730545537175, "params": {"gamma": 881.9750127844454, "log10_alpha": -1.4468482262262827, "log10_colsample_bytree": -0.40758915967385156, "log10_eta": -3.533320377189552, "log10_lambda": -4.140653365303052, "log10_min_child_weight": 1.617944757046197, "log10_subsample": -0.8769541448207377, "max_depth": 8.0, "num_boost_round": 35.0}, "datetime": {"datetime": "2024-01-19 00:50:58", "elapsed": 2339.317253, "delta": 0.002634}}
{"target": -17.676728952315354, "params": {"gamma": 881.9750127844454, "log10_alpha": -1.4468482262262827, "log10_colsample_bytree": -0.40758915967385156, "log10_eta": -3.533320377189552, "log10_lambda": -4.140653365303052, "log10_min_child_weight": 1.617944757046197, "log10_subsample": -0.8769541448207377, "max_depth": 8.0, "num_boost_round": 36.0}, "datetime": {"datetime": "2024-01-19 00:50:58", "elapsed": 2339.319899, "delta": 0.002646}}
{"target": -17.676711049112807, "params": {"gamma": 881.9750127844454, "log10_alpha": -1.4468482262262827, "log10_colsample_bytree": -0.40758915967385156, "log10_eta": -3.533320377189552, "log10_lambda": -4.140653365303052, "log10_min_child_weight": 1.617944757046197, "log10_subsample": -0.8769541448207377, "max_depth": 8.0, "num_boost_round": 37.0}, "datetime": {"datetime": "2024-01-19 00:50:58", "elapsed": 2339.322553, "delta": 0.002654}}
{"target": -17.67670705091705, "params": {"gamma": 881.9750127844454, "log10_alpha": -1.4468482262262827, "log10_colsample_bytree": -0.40758915967385156, "log10_eta": -3.533320377189552, "log10_lambda": -4.140653365303052, "log10_min_child_weight": 1.617944757046197, "log10_subsample": -0.8769541448207377, "max_depth": 8.0, "num_boost_round": 38.0}, "datetime": {"datetime": "2024-01-19 00:50:58", "elapsed": 2339.325216, "delta": 0.002663}}
{"target": -17.676683623611915, "params": {"gamma": 881.9750127844454, "log10_alpha": -1.4468482262262827, "log10_colsample_bytree": -0.40758915967385156, "log10_eta": -3.533320377189552, "log10_lambda": -4.140653365303052, "log10_min_child_weight": 1.617944757046197, "log10_subsample": -0.8769541448207377, "max_depth": 8.0, "num_boost_round": 39.0}, "datetime": {"datetime": "2024-01-19 00:50:58", "elapsed": 2339.327923, "delta": 0.002707}}
{"target": -17.67668913979081, "params": {"gamma": 881.9750127844454, "log10_alpha": -1.4468482262262827, "log10_colsample_bytree": -0.40758915967385156, "log10_eta": -3.533320377189552, "log10_lambda": -4.140653365303052, "log10_min_child_weight": 1.617944757046197, "log10_subsample": -0.8769541448207377, "max_depth": 8.0, "num_boost_round": 40.0}, "datetime": {"datetime": "2024-01-19 00:50:58", "elapsed": 2339.330646, "delta": 0.002723}}
{"target": -17.676665119708566, "params": {"gamma": 881.9750127844454, "log10_alpha": -1.4468482262262827, "log10_colsample_bytree": -0.40758915967385156, "log10_eta": -3.533320377189552, "log10_lambda": -4.140653365303052, "log10_min_child_weight": 1.617944757046197, "log10_subsample": -0.8769541448207377, "max_depth": 8.0, "num_boost_round": 41.0}, "datetime": {"datetime": "2024-01-19 00:50:58", "elapsed": 2339.333347, "delta": 0.002701}}
{"target": -17.676642099919466, "params": {"gamma": 881.9750127844454, "log10_alpha": -1.4468482262262827, "log10_colsample_bytree": -0.40758915967385156, "log10_eta": -3.533320377189552, "log10_lambda": -4.140653365303052, "log10_min_child_weight": 1.617944757046197, "log10_subsample": -0.8769541448207377, "max_depth": 8.0, "num_boost_round": 42.0}, "datetime": {"datetime": "2024-01-19 00:50:58", "elapsed": 2339.33602, "delta": 0.002673}}
{"target": -17.67720458185071, "params": {"gamma": 878.8968301340469, "log10_alpha": -1.8760761158772374, "log10_colsample_bytree": -0.8121948536950703, "log10_eta": -3.3757369426655135, "log10_lambda": -2.317950150162771, "log10_min_child_weight": 1.7433185755659364, "log10_subsample": -0.1620343125426248, "max_depth": 6.0, "num_boost_round": 0.0}, "datetime": {"datetime": "2024-01-19 00:51:37", "elapsed": 2377.800338, "delta": 38.464318}}
{"target": -17.67720191218726, "params": {"gamma": 878.8968301340469, "log10_alpha": -1.8760761158772374, "log10_colsample_bytree": -0.8121948536950703, "log10_eta": -3.3757369426655135, "log10_lambda": -2.317950150162771, "log10_min_child_weight": 1.7433185755659364, "log10_subsample": -0.1620343125426248, "max_depth": 6.0, "num_boost_round": 1.0}, "datetime": {"datetime": "2024-01-19 00:51:37", "elapsed": 2377.803255, "delta": 0.002917}}
{"target": -17.677169516136143, "params": {"gamma": 878.8968301340469, "log10_alpha": -1.8760761158772374, "log10_colsample_bytree": -0.8121948536950703, "log10_eta": -3.3757369426655135, "log10_lambda": -2.317950150162771, "log10_min_child_weight": 1.7433185755659364, "log10_subsample": -0.1620343125426248, "max_depth": 6.0, "num_boost_round": 2.0}, "datetime": {"datetime": "2024-01-19 00:51:37", "elapsed": 2377.925596, "delta": 0.122341}}
{"target": -17.677165341886802, "params": {"gamma": 878.8968301340469, "log10_alpha": -1.8760761158772374, "log10_colsample_bytree": -0.8121948536950703, "log10_eta": -3.3757369426655135, "log10_lambda": -2.317950150162771, "log10_min_child_weight": 1.7433185755659364, "log10_subsample": -0.1620343125426248, "max_depth": 6.0, "num_boost_round": 3.0}, "datetime": {"datetime": "2024-01-19 00:51:37", "elapsed": 2377.929802, "delta": 0.004206}}
{"target": -17.677128493734877, "params": {"gamma": 878.8968301340469, "log10_alpha": -1.8760761158772374, "log10_colsample_bytree": -0.8121948536950703, "log10_eta": -3.3757369426655135, "log10_lambda": -2.317950150162771, "log10_min_child_weight": 1.7433185755659364, "log10_subsample": -0.1620343125426248, "max_depth": 6.0, "num_boost_round": 4.0}, "datetime": {"datetime": "2024-01-19 00:51:37", "elapsed": 2377.933321, "delta": 0.003519}}
