{"target": -17.677188315375318, "params": {"gamma": 419.1368672743337, "log10_alpha": -4.228161447081304, "log10_colsample_bytree": -0.5992435642616497, "log10_eta": -3.346197263041111, "log10_lambda": -2.7439237186904375, "log10_min_child_weight": 0.4197240556062509, "log10_subsample": -0.33971338920493765, "max_depth": 9.0, "num_boost_round": 1.0}, "datetime": {"datetime": "2024-01-19 00:57:15", "elapsed": 2740.173554, "delta": 0.002961}}
{"target": -17.677122868331285, "params": {"gamma": 419.1368672743337, "log10_alpha": -4.228161447081304, "log10_colsample_bytree": -0.5992435642616497, "log10_eta": -3.346197263041111, "log10_lambda": -2.7439237186904375, "log10_min_child_weight": 0.4197240556062509, "log10_subsample": -0.33971338920493765, "max_depth": 9.0, "num_boost_round": 2.0}, "datetime": {"datetime": "2024-01-19 00:57:15", "elapsed": 2740.176081, "delta": 0.002527}}
{"target": -17.677082630298646, "params": {"gamma": 419.1368672743337, "log10_alpha": -4.228161447081304, "log10_colsample_bytree": -0.5992435642616497, "log10_eta": -3.346197263041111, "log10_lambda": -2.7439237186904375, "log10_min_child_weight": 0.4197240556062509, "log10_subsample": -0.33971338920493765, "max_depth": 9.0, "num_boost_round": 3.0}, "datetime": {"datetime": "2024-01-19 00:57:15", "elapsed": 2740.17853, "delta": 0.002449}}
{"target": -17.677049292580776, "params": {"gamma": 419.1368672743337, "log10_alpha": -4.228161447081304, "log10_colsample_bytree": -0.5992435642616497, "log10_eta": -3.346197263041111, "log10_lambda": -2.7439237186904375, "log10_min_child_weight": 0.4197240556062509, "log10_subsample": -0.33971338920493765, "max_depth": 9.0, "num_boost_round": 4.0}, "datetime": {"datetime": "2024-01-19 00:57:15", "elapsed": 2740.180818, "delta": 0.002288}}
{"target": -17.676987181916513, "params": {"gamma": 419.1368672743337, "log10_alpha": -4.228161447081304, "log10_colsample_bytree": -0.5992435642616497, "log10_eta": -3.346197263041111, "log10_lambda": -2.7439237186904375, "log10_min_child_weight": 0.4197240556062509, "log10_subsample": -0.33971338920493765, "max_depth": 9.0, "num_boost_round": 5.0}, "datetime": {"datetime": "2024-01-19 00:57:15", "elapsed": 2740.18312, "delta": 0.002302}}
{"target": -17.67698293336695, "params": {"gamma": 419.1368672743337, "log10_alpha": -4.228161447081304, "log10_colsample_bytree": -0.5992435642616497, "log10_eta": -3.346197263041111, "log10_lambda": -2.7439237186904375, "log10_min_child_weight": 0.4197240556062509, "log10_subsample": -0.33971338920493765, "max_depth": 9.0, "num_boost_round": 6.0}, "datetime": {"datetime": "2024-01-19 00:57:15", "elapsed": 2740.185409, "delta": 0.002289}}
{"target": -17.67695721353817, "params": {"gamma": 419.1368672743337, "log10_alpha": -4.228161447081304, "log10_colsample_bytree": -0.5992435642616497, "log10_eta": -3.346197263041111, "log10_lambda": -2.7439237186904375, "log10_min_child_weight": 0.4197240556062509, "log10_subsample": -0.33971338920493765, "max_depth": 9.0, "num_boost_round": 7.0}, "datetime": {"datetime": "2024-01-19 00:57:15", "elapsed": 2740.187689, "delta": 0.00228}}
{"target": -17.676965048456168, "params": {"gamma": 419.1368672743337, "log10_alpha": -4.228161447081304, "log10_colsample_bytree": -0.5992435642616497, "log10_eta": -3.346197263041111, "log10_lambda": -2.7439237186904375, "log10_min_child_weight": 0.4197240556062509, "log10_subsample": -0.33971338920493765, "max_depth": 9.0, "num_boost_round": 8.0}, "datetime": {"datetime": "2024-01-19 00:57:15", "elapsed": 2740.190026, "delta": 0.002337}}
{"target": -17.676953676134815, "params": {"gamma": 419.1368672743337, "log10_alpha": -4.228161447081304, "log10_colsample_bytree": -0.5992435642616497, "log10_eta": -3.346197263041111, "log10_lambda": -2.7439237186904375, "log10_min_child_weight": 0.4197240556062509, "log10_subsample": -0.33971338920493765, "max_depth": 9.0, "num_boost_round": 9.0}, "datetime": {"datetime": "2024-01-19 00:57:15", "elapsed": 2740.192332, "delta": 0.002306}}
{"target": -17.677215922096686, "params": {"gamma": 441.9457350742191, "log10_alpha": 0.656395877753873, "log10_colsample_bytree": -0.40803125041216837, "log10_eta": -3.608389393172225, "log10_lambda": 0.012393877095679073, "log10_min_child_weight": 2.572712685575333, "log10_subsample": -0.1989660128043974, "max_depth": 9.0, "num_boost_round": 0.0}, "datetime": {"datetime": "2024-01-19 00:57:52", "elapsed": 2776.94762, "delta": 36.755288}}
{"target": -17.677192964477552, "params": {"gamma": 441.9457350742191, "log10_alpha": 0.656395877753873, "log10_colsample_bytree": -0.40803125041216837, "log10_eta": -3.608389393172225, "log10_lambda": 0.012393877095679073, "log10_min_child_weight": 2.572712685575333, "log10_subsample": -0.1989660128043974, "max_depth": 9.0, "num_boost_round": 1.0}, "datetime": {"datetime": "2024-01-19 00:57:52", "elapsed": 2776.95081, "delta": 0.00319}}
{"target": -17.67717767439784, "params": {"gamma": 441.9457350742191, "log10_alpha": 0.656395877753873, "log10_colsample_bytree": -0.40803125041216837, "log10_eta": -3.608389393172225, "log10_lambda": 0.012393877095679073, "log10_min_child_weight": 2.572712685575333, "log10_subsample": -0.1989660128043974, "max_depth": 9.0, "num_boost_round": 2.0}, "datetime": {"datetime": "2024-01-19 00:57:52", "elapsed": 2776.953898, "delta": 0.003088}}
{"target": -17.67718029634265, "params": {"gamma": 441.9457350742191, "log10_alpha": 0.656395877753873, "log10_colsample_bytree": -0.40803125041216837, "log10_eta": -3.608389393172225, "log10_lambda": 0.012393877095679073, "log10_min_child_weight": 2.572712685575333, "log10_subsample": -0.1989660128043974, "max_depth": 9.0, "num_boost_round": 3.0}, "datetime": {"datetime": "2024-01-19 00:57:52", "elapsed": 2776.957029, "delta": 0.003131}}
{"target": -17.677176164981297, "params": {"gamma": 441.9457350742191, "log10_alpha": 0.656395877753873, "log10_colsample_bytree": -0.40803125041216837, "log10_eta": -3.608389393172225, "log10_lambda": 0.012393877095679073, "log10_min_child_weight": 2.572712685575333, "log10_subsample": -0.1989660128043974, "max_depth": 9.0, "num_boost_round": 4.0}, "datetime": {"datetime": "2024-01-19 00:57:52", "elapsed": 2776.959418, "delta": 0.002389}}
{"target": -17.677158401684576, "params": {"gamma": 441.9457350742191, "log10_alpha": 0.656395877753873, "log10_colsample_bytree": -0.40803125041216837, "log10_eta": -3.608389393172225, "log10_lambda": 0.012393877095679073, "log10_min_child_weight": 2.572712685575333, "log10_subsample": -0.1989660128043974, "max_depth": 9.0, "num_boost_round": 5.0}, "datetime": {"datetime": "2024-01-19 00:57:52", "elapsed": 2776.961701, "delta": 0.002283}}
{"target": -17.677157132255243, "params": {"gamma": 441.9457350742191, "log10_alpha": 0.656395877753873, "log10_colsample_bytree": -0.40803125041216837, "log10_eta": -3.608389393172225, "log10_lambda": 0.012393877095679073, "log10_min_child_weight": 2.572712685575333, "log10_subsample": -0.1989660128043974, "max_depth": 9.0, "num_boost_round": 6.0}, "datetime": {"datetime": "2024-01-19 00:57:52", "elapsed": 2776.964062, "delta": 0.002361}}
{"target": -17.677142104060923, "params": {"gamma": 441.9457350742191, "log10_alpha": 0.656395877753873, "log10_colsample_bytree": -0.40803125041216837, "log10_eta": -3.608389393172225, "log10_lambda": 0.012393877095679073, "log10_min_child_weight": 2.572712685575333, "log10_subsample": -0.1989660128043974, "max_depth": 9.0, "num_boost_round": 7.0}, "datetime": {"datetime": "2024-01-19 00:57:52", "elapsed": 2776.966342, "delta": 0.00228}}
{"target": -17.677126496223583, "params": {"gamma": 441.9457350742191, "log10_alpha": 0.656395877753873, "log10_colsample_bytree": -0.40803125041216837, "log10_eta": -3.608389393172225, "log10_lambda": 0.012393877095679073, "log10_min_child_weight": 2.572712685575333, "log10_subsample": -0.1989660128043974, "max_depth": 9.0, "num_boost_round": 8.0}, "datetime": {"datetime": "2024-01-19 00:57:52", "elapsed": 2776.968612, "delta": 0.00227}}
{"target": -17.677118928724372, "params": {"gamma": 441.9457350742191, "log10_alpha": 0.656395877753873, "log10_colsample_bytree": -0.40803125041216837, "log10_eta": -3.608389393172225, "log10_lambda": 0.012393877095679073, "log10_min_child_weight": 2.572712685575333, "log10_subsample": -0.1989660128043974, "max_depth": 9.0, "num_boost_round": 9.0}, "datetime": {"datetime": "2024-01-19 00:57:52", "elapsed": 2776.970942, "delta": 0.00233}}
{"target": -17.677100678798748, "params": {"gamma": 441.9457350742191, "log10_alpha": 0.656395877753873, "log10_colsample_bytree": -0.40803125041216837, "log10_eta": -3.608389393172225, "log10_lambda": 0.012393877095679073, "log10_min_child_weight": 2.572712685575333, "log10_subsample": -0.1989660128043974, "max_depth": 9.0, "num_boost_round": 10.0}, "datetime": {"datetime": "2024-01-19 00:57:52", "elapsed": 2776.973359, "delta": 0.002417}}
{"target": -17.67699425196759, "params": {"gamma": 439.71120918961003, "log10_alpha": 0.36488251291589613, "log10_colsample_bytree": -0.6428169747931343, "log10_eta": -1.9579600499086873, "log10_lambda": -0.49358785664720894, "log10_min_child_weight": 2.290526157803707, "log10_subsample": -0.4684495282205874, "max_depth": 8.0, "num_boost_round": 0.0}, "datetime": {"datetime": "2024-01-19 00:58:29", "elapsed": 2813.972847, "delta": 36.999488}}
{"target": -17.67681488562128, "params": {"gamma": 439.71120918961003, "log10_alpha": 0.36488251291589613, "log10_colsample_bytree": -0.6428169747931343, "log10_eta": -1.9579600499086873, "log10_lambda": -0.49358785664720894, "log10_min_child_weight": 2.290526157803707, "log10_subsample": -0.4684495282205874, "max_depth": 8.0, "num_boost_round": 1.0}, "datetime": {"datetime": "2024-01-19 00:58:29", "elapsed": 2813.976116, "delta": 0.003269}}
{"target": -17.675636677599012, "params": {"gamma": 439.71120918961003, "log10_alpha": 0.36488251291589613, "log10_colsample_bytree": -0.6428169747931343, "log10_eta": -1.9579600499086873, "log10_lambda": -0.49358785664720894, "log10_min_child_weight": 2.290526157803707, "log10_subsample": -0.4684495282205874, "max_depth": 8.0, "num_boost_round": 2.0}, "datetime": {"datetime": "2024-01-19 00:58:29", "elapsed": 2813.978945, "delta": 0.002829}}
{"target": -17.67490161611676, "params": {"gamma": 439.71120918961003, "log10_alpha": 0.36488251291589613, "log10_colsample_bytree": -0.6428169747931343, "log10_eta": -1.9579600499086873, "log10_lambda": -0.49358785664720894, "log10_min_child_weight": 2.290526157803707, "log10_subsample": -0.4684495282205874, "max_depth": 8.0, "num_boost_round": 3.0}, "datetime": {"datetime": "2024-01-19 00:58:29", "elapsed": 2813.981373, "delta": 0.002428}}
{"target": -17.674156578642013, "params": {"gamma": 439.71120918961003, "log10_alpha": 0.36488251291589613, "log10_colsample_bytree": -0.6428169747931343, "log10_eta": -1.9579600499086873, "log10_lambda": -0.49358785664720894, "log10_min_child_weight": 2.290526157803707, "log10_subsample": -0.4684495282205874, "max_depth": 8.0, "num_boost_round": 4.0}, "datetime": {"datetime": "2024-01-19 00:58:29", "elapsed": 2813.983829, "delta": 0.002456}}
{"target": -17.67328697704333, "params": {"gamma": 439.71120918961003, "log10_alpha": 0.36488251291589613, "log10_colsample_bytree": -0.6428169747931343, "log10_eta": -1.9579600499086873, "log10_lambda": -0.49358785664720894, "log10_min_child_weight": 2.290526157803707, "log10_subsample": -0.4684495282205874, "max_depth": 8.0, "num_boost_round": 5.0}, "datetime": {"datetime": "2024-01-19 00:58:29", "elapsed": 2813.98619, "delta": 0.002361}}
{"target": -17.673180368315595, "params": {"gamma": 439.71120918961003, "log10_alpha": 0.36488251291589613, "log10_colsample_bytree": -0.6428169747931343, "log10_eta": -1.9579600499086873, "log10_lambda": -0.49358785664720894, "log10_min_child_weight": 2.290526157803707, "log10_subsample": -0.4684495282205874, "max_depth": 8.0, "num_boost_round": 6.0}, "datetime": {"datetime": "2024-01-19 00:58:29", "elapsed": 2813.988491, "delta": 0.002301}}
{"target": -17.67282298985085, "params": {"gamma": 439.71120918961003, "log10_alpha": 0.36488251291589613, "log10_colsample_bytree": -0.6428169747931343, "log10_eta": -1.9579600499086873, "log10_lambda": -0.49358785664720894, "log10_min_child_weight": 2.290526157803707, "log10_subsample": -0.4684495282205874, "max_depth": 8.0, "num_boost_round": 7.0}, "datetime": {"datetime": "2024-01-19 00:58:29", "elapsed": 2813.990805, "delta": 0.002314}}
{"target": -17.672733255549407, "params": {"gamma": 439.71120918961003, "log10_alpha": 0.36488251291589613, "log10_colsample_bytree": -0.6428169747931343, "log10_eta": -1.9579600499086873, "log10_lambda": -0.49358785664720894, "log10_min_child_weight": 2.290526157803707, "log10_subsample": -0.4684495282205874, "max_depth": 8.0, "num_boost_round": 8.0}, "datetime": {"datetime": "2024-01-19 00:58:29", "elapsed": 2813.993176, "delta": 0.002371}}
{"target": -17.672423556242677, "params": {"gamma": 439.71120918961003, "log10_alpha": 0.36488251291589613, "log10_colsample_bytree": -0.6428169747931343, "log10_eta": -1.9579600499086873, "log10_lambda": -0.49358785664720894, "log10_min_child_weight": 2.290526157803707, "log10_subsample": -0.4684495282205874, "max_depth": 8.0, "num_boost_round": 9.0}, "datetime": {"datetime": "2024-01-19 00:58:29", "elapsed": 2813.995548, "delta": 0.002372}}
{"target": -17.671814355809804, "params": {"gamma": 439.71120918961003, "log10_alpha": 0.36488251291589613, "log10_colsample_bytree": -0.6428169747931343, "log10_eta": -1.9579600499086873, "log10_lambda": -0.49358785664720894, "log10_min_child_weight": 2.290526157803707, "log10_subsample": -0.4684495282205874, "max_depth": 8.0, "num_boost_round": 10.0}, "datetime": {"datetime": "2024-01-19 00:58:29", "elapsed": 2813.997902, "delta": 0.002354}}
{"target": -17.67171906459232, "params": {"gamma": 439.71120918961003, "log10_alpha": 0.36488251291589613, "log10_colsample_bytree": -0.6428169747931343, "log10_eta": -1.9579600499086873, "log10_lambda": -0.49358785664720894, "log10_min_child_weight": 2.290526157803707, "log10_subsample": -0.4684495282205874, "max_depth": 8.0, "num_boost_round": 11.0}, "datetime": {"datetime": "2024-01-19 00:58:29", "elapsed": 2814.000256, "delta": 0.002354}}
{"target": -17.671776235464698, "params": {"gamma": 439.71120918961003, "log10_alpha": 0.36488251291589613, "log10_colsample_bytree": -0.6428169747931343, "log10_eta": -1.9579600499086873, "log10_lambda": -0.49358785664720894, "log10_min_child_weight": 2.290526157803707, "log10_subsample": -0.4684495282205874, "max_depth": 8.0, "num_boost_round": 12.0}, "datetime": {"datetime": "2024-01-19 00:58:29", "elapsed": 2814.002903, "delta": 0.002647}}
{"target": -17.67213700970109, "params": {"gamma": 439.71120918961003, "log10_alpha": 0.36488251291589613, "log10_colsample_bytree": -0.6428169747931343, "log10_eta": -1.9579600499086873, "log10_lambda": -0.49358785664720894, "log10_min_child_weight": 2.290526157803707, "log10_subsample": -0.4684495282205874, "max_depth": 8.0, "num_boost_round": 13.0}, "datetime": {"datetime": "2024-01-19 00:58:29", "elapsed": 2814.005267, "delta": 0.002364}}
{"target": -17.671909476974346, "params": {"gamma": 439.71120918961003, "log10_alpha": 0.36488251291589613, "log10_colsample_bytree": -0.6428169747931343, "log10_eta": -1.9579600499086873, "log10_lambda": -0.49358785664720894, "log10_min_child_weight": 2.290526157803707, "log10_subsample": -0.4684495282205874, "max_depth": 8.0, "num_boost_round": 14.0}, "datetime": {"datetime": "2024-01-19 00:58:29", "elapsed": 2814.007609, "delta": 0.002342}}
{"target": -17.676593298206864, "params": {"gamma": 420.2595553629785, "log10_alpha": -2.0194250265421445, "log10_colsample_bytree": -0.6216200978194285, "log10_eta": -1.530915915987456, "log10_lambda": -3.489808285768599, "log10_min_child_weight": 4.09831160765327, "log10_subsample": -0.33540875792971414, "max_depth": 7.0, "num_boost_round": 0.0}, "datetime": {"datetime": "2024-01-19 00:59:09", "elapsed": 2854.066271, "delta": 40.058662}}
{"target": -17.676867401768455, "params": {"gamma": 420.2595553629785, "log10_alpha": -2.0194250265421445, "log10_colsample_bytree": -0.6216200978194285, "log10_eta": -1.530915915987456, "log10_lambda": -3.489808285768599, "log10_min_child_weight": 4.09831160765327, "log10_subsample": -0.33540875792971414, "max_depth": 7.0, "num_boost_round": 1.0}, "datetime": {"datetime": "2024-01-19 00:59:09", "elapsed": 2854.069151, "delta": 0.00288}}
{"target": -17.676945792318588, "params": {"gamma": 420.2595553629785, "log10_alpha": -2.0194250265421445, "log10_colsample_bytree": -0.6216200978194285, "log10_eta": -1.530915915987456, "log10_lambda": -3.489808285768599, "log10_min_child_weight": 4.09831160765327, "log10_subsample": -0.33540875792971414, "max_depth": 7.0, "num_boost_round": 2.0}, "datetime": {"datetime": "2024-01-19 00:59:09", "elapsed": 2854.072066, "delta": 0.002915}}
{"target": -17.677044827076116, "params": {"gamma": 420.2595553629785, "log10_alpha": -2.0194250265421445, "log10_colsample_bytree": -0.6216200978194285, "log10_eta": -1.530915915987456, "log10_lambda": -3.489808285768599, "log10_min_child_weight": 4.09831160765327, "log10_subsample": -0.33540875792971414, "max_depth": 7.0, "num_boost_round": 3.0}, "datetime": {"datetime": "2024-01-19 00:59:09", "elapsed": 2854.074632, "delta": 0.002566}}
{"target": -17.67657080544277, "params": {"gamma": 420.2595553629785, "log10_alpha": -2.0194250265421445, "log10_colsample_bytree": -0.6216200978194285, "log10_eta": -1.530915915987456, "log10_lambda": -3.489808285768599, "log10_min_child_weight": 4.09831160765327, "log10_subsample": -0.33540875792971414, "max_depth": 7.0, "num_boost_round": 4.0}, "datetime": {"datetime": "2024-01-19 00:59:09", "elapsed": 2854.07714, "delta": 0.002508}}
{"target": -17.676632929954526, "params": {"gamma": 420.2595553629785, "log10_alpha": -2.0194250265421445, "log10_colsample_bytree": -0.6216200978194285, "log10_eta": -1.530915915987456, "log10_lambda": -3.489808285768599, "log10_min_child_weight": 4.09831160765327, "log10_subsample": -0.33540875792971414, "max_depth": 7.0, "num_boost_round": 5.0}, "datetime": {"datetime": "2024-01-19 00:59:09", "elapsed": 2854.079589, "delta": 0.002449}}
{"target": -17.67709678860535, "params": {"gamma": 420.2595553629785, "log10_alpha": -2.0194250265421445, "log10_colsample_bytree": -0.6216200978194285, "log10_eta": -1.530915915987456, "log10_lambda": -3.489808285768599, "log10_min_child_weight": 4.09831160765327, "log10_subsample": -0.33540875792971414, "max_depth": 7.0, "num_boost_round": 6.0}, "datetime": {"datetime": "2024-01-19 00:59:09", "elapsed": 2854.08213, "delta": 0.002541}}
{"target": -17.67691351237293, "params": {"gamma": 420.2595553629785, "log10_alpha": -2.0194250265421445, "log10_colsample_bytree": -0.6216200978194285, "log10_eta": -1.530915915987456, "log10_lambda": -3.489808285768599, "log10_min_child_weight": 4.09831160765327, "log10_subsample": -0.33540875792971414, "max_depth": 7.0, "num_boost_round": 7.0}, "datetime": {"datetime": "2024-01-19 00:59:09", "elapsed": 2854.084469, "delta": 0.002339}}
{"target": -17.677094140653598, "params": {"gamma": 420.2595553629785, "log10_alpha": -2.0194250265421445, "log10_colsample_bytree": -0.6216200978194285, "log10_eta": -1.530915915987456, "log10_lambda": -3.489808285768599, "log10_min_child_weight": 4.09831160765327, "log10_subsample": -0.33540875792971414, "max_depth": 7.0, "num_boost_round": 8.0}, "datetime": {"datetime": "2024-01-19 00:59:09", "elapsed": 2854.0868, "delta": 0.002331}}
{"target": -17.676799657378705, "params": {"gamma": 420.2595553629785, "log10_alpha": -2.0194250265421445, "log10_colsample_bytree": -0.6216200978194285, "log10_eta": -1.530915915987456, "log10_lambda": -3.489808285768599, "log10_min_child_weight": 4.09831160765327, "log10_subsample": -0.33540875792971414, "max_depth": 7.0, "num_boost_round": 9.0}, "datetime": {"datetime": "2024-01-19 00:59:09", "elapsed": 2854.089174, "delta": 0.002374}}
{"target": -17.67634430222927, "params": {"gamma": 420.2595553629785, "log10_alpha": -2.0194250265421445, "log10_colsample_bytree": -0.6216200978194285, "log10_eta": -1.530915915987456, "log10_lambda": -3.489808285768599, "log10_min_child_weight": 4.09831160765327, "log10_subsample": -0.33540875792971414, "max_depth": 7.0, "num_boost_round": 10.0}, "datetime": {"datetime": "2024-01-19 00:59:09", "elapsed": 2854.09156, "delta": 0.002386}}
{"target": -17.675582100950976, "params": {"gamma": 420.2595553629785, "log10_alpha": -2.0194250265421445, "log10_colsample_bytree": -0.6216200978194285, "log10_eta": -1.530915915987456, "log10_lambda": -3.489808285768599, "log10_min_child_weight": 4.09831160765327, "log10_subsample": -0.33540875792971414, "max_depth": 7.0, "num_boost_round": 11.0}, "datetime": {"datetime": "2024-01-19 00:59:09", "elapsed": 2854.094059, "delta": 0.002499}}
{"target": -17.676137313175452, "params": {"gamma": 420.2595553629785, "log10_alpha": -2.0194250265421445, "log10_colsample_bytree": -0.6216200978194285, "log10_eta": -1.530915915987456, "log10_lambda": -3.489808285768599, "log10_min_child_weight": 4.09831160765327, "log10_subsample": -0.33540875792971414, "max_depth": 7.0, "num_boost_round": 12.0}, "datetime": {"datetime": "2024-01-19 00:59:09", "elapsed": 2854.096456, "delta": 0.002397}}
{"target": -17.676189061929207, "params": {"gamma": 420.2595553629785, "log10_alpha": -2.0194250265421445, "log10_colsample_bytree": -0.6216200978194285, "log10_eta": -1.530915915987456, "log10_lambda": -3.489808285768599, "log10_min_child_weight": 4.09831160765327, "log10_subsample": -0.33540875792971414, "max_depth": 7.0, "num_boost_round": 13.0}, "datetime": {"datetime": "2024-01-19 00:59:09", "elapsed": 2854.098815, "delta": 0.002359}}
