{"target": -13.757648225483138, "params": {"gamma": 550.694414229147, "log10_alpha": -4.739332179538086, "log10_colsample_bytree": -0.3509570208578412, "log10_eta": -2.7140838283179405, "log10_lambda": -3.811170594477121, "log10_min_child_weight": 2.0098978708909927, "log10_subsample": -0.4723519371779995, "max_depth": 9.0, "num_boost_round": 20.0}, "datetime": {"datetime": "2024-01-19 00:16:30", "elapsed": 242.700451, "delta": 0.000763}}
{"target": -13.7577464133619, "params": {"gamma": 550.694414229147, "log10_alpha": -4.739332179538086, "log10_colsample_bytree": -0.3509570208578412, "log10_eta": -2.7140838283179405, "log10_lambda": -3.811170594477121, "log10_min_child_weight": 2.0098978708909927, "log10_subsample": -0.4723519371779995, "max_depth": 9.0, "num_boost_round": 21.0}, "datetime": {"datetime": "2024-01-19 00:16:30", "elapsed": 242.701205, "delta": 0.000754}}
{"target": -13.757725030329116, "params": {"gamma": 550.694414229147, "log10_alpha": -4.739332179538086, "log10_colsample_bytree": -0.3509570208578412, "log10_eta": -2.7140838283179405, "log10_lambda": -3.811170594477121, "log10_min_child_weight": 2.0098978708909927, "log10_subsample": -0.4723519371779995, "max_depth": 9.0, "num_boost_round": 22.0}, "datetime": {"datetime": "2024-01-19 00:16:30", "elapsed": 242.701976, "delta": 0.000771}}
{"target": -13.75767393619649, "params": {"gamma": 550.694414229147, "log10_alpha": -4.739332179538086, "log10_colsample_bytree": -0.3509570208578412, "log10_eta": -2.7140838283179405, "log10_lambda": -3.811170594477121, "log10_min_child_weight": 2.0098978708909927, "log10_subsample": -0.4723519371779995, "max_depth": 9.0, "num_boost_round": 23.0}, "datetime": {"datetime": "2024-01-19 00:16:30", "elapsed": 242.702749, "delta": 0.000773}}
{"target": -13.757650414896474, "params": {"gamma": 550.694414229147, "log10_alpha": -4.739332179538086, "log10_colsample_bytree": -0.3509570208578412, "log10_eta": -2.7140838283179405, "log10_lambda": -3.811170594477121, "log10_min_child_weight": 2.0098978708909927, "log10_subsample": -0.4723519371779995, "max_depth": 9.0, "num_boost_round": 24.0}, "datetime": {"datetime": "2024-01-19 00:16:30", "elapsed": 242.703524, "delta": 0.000775}}
{"target": -13.757587227118727, "params": {"gamma": 550.694414229147, "log10_alpha": -4.739332179538086, "log10_colsample_bytree": -0.3509570208578412, "log10_eta": -2.7140838283179405, "log10_lambda": -3.811170594477121, "log10_min_child_weight": 2.0098978708909927, "log10_subsample": -0.4723519371779995, "max_depth": 9.0, "num_boost_round": 25.0}, "datetime": {"datetime": "2024-01-19 00:16:30", "elapsed": 242.704289, "delta": 0.000765}}
{"target": -13.825868963431972, "params": {"gamma": 555.2285022286369, "log10_alpha": -1.7419572810427733, "log10_colsample_bytree": -0.035404794494638736, "log10_eta": -0.00529426066695482, "log10_lambda": -3.3631199492421056, "log10_min_child_weight": 4.185583824137837, "log10_subsample": -0.3970337138203316, "max_depth": 9.0, "num_boost_round": 0.0}, "datetime": {"datetime": "2024-01-19 00:16:58", "elapsed": 271.449513, "delta": 28.745224}}
{"target": -13.86195508472382, "params": {"gamma": 555.2285022286369, "log10_alpha": -1.7419572810427733, "log10_colsample_bytree": -0.035404794494638736, "log10_eta": -0.00529426066695482, "log10_lambda": -3.3631199492421056, "log10_min_child_weight": 4.185583824137837, "log10_subsample": -0.3970337138203316, "max_depth": 9.0, "num_boost_round": 1.0}, "datetime": {"datetime": "2024-01-19 00:16:58", "elapsed": 271.450692, "delta": 0.001179}}
{"target": -13.860075139198997, "params": {"gamma": 555.2285022286369, "log10_alpha": -1.7419572810427733, "log10_colsample_bytree": -0.035404794494638736, "log10_eta": -0.00529426066695482, "log10_lambda": -3.3631199492421056, "log10_min_child_weight": 4.185583824137837, "log10_subsample": -0.3970337138203316, "max_depth": 9.0, "num_boost_round": 2.0}, "datetime": {"datetime": "2024-01-19 00:16:58", "elapsed": 271.451598, "delta": 0.000906}}
{"target": -13.903950614112844, "params": {"gamma": 555.2285022286369, "log10_alpha": -1.7419572810427733, "log10_colsample_bytree": -0.035404794494638736, "log10_eta": -0.00529426066695482, "log10_lambda": -3.3631199492421056, "log10_min_child_weight": 4.185583824137837, "log10_subsample": -0.3970337138203316, "max_depth": 9.0, "num_boost_round": 3.0}, "datetime": {"datetime": "2024-01-19 00:16:58", "elapsed": 271.452374, "delta": 0.000776}}
{"target": -13.91789140720095, "params": {"gamma": 555.2285022286369, "log10_alpha": -1.7419572810427733, "log10_colsample_bytree": -0.035404794494638736, "log10_eta": -0.00529426066695482, "log10_lambda": -3.3631199492421056, "log10_min_child_weight": 4.185583824137837, "log10_subsample": -0.3970337138203316, "max_depth": 9.0, "num_boost_round": 4.0}, "datetime": {"datetime": "2024-01-19 00:16:58", "elapsed": 271.453453, "delta": 0.001079}}
{"target": -13.930640166033491, "params": {"gamma": 555.2285022286369, "log10_alpha": -1.7419572810427733, "log10_colsample_bytree": -0.035404794494638736, "log10_eta": -0.00529426066695482, "log10_lambda": -3.3631199492421056, "log10_min_child_weight": 4.185583824137837, "log10_subsample": -0.3970337138203316, "max_depth": 9.0, "num_boost_round": 5.0}, "datetime": {"datetime": "2024-01-19 00:16:58", "elapsed": 271.454218, "delta": 0.000765}}
{"target": -13.96505589290326, "params": {"gamma": 555.2285022286369, "log10_alpha": -1.7419572810427733, "log10_colsample_bytree": -0.035404794494638736, "log10_eta": -0.00529426066695482, "log10_lambda": -3.3631199492421056, "log10_min_child_weight": 4.185583824137837, "log10_subsample": -0.3970337138203316, "max_depth": 9.0, "num_boost_round": 6.0}, "datetime": {"datetime": "2024-01-19 00:16:58", "elapsed": 271.455011, "delta": 0.000793}}
{"target": -13.978752656120824, "params": {"gamma": 555.2285022286369, "log10_alpha": -1.7419572810427733, "log10_colsample_bytree": -0.035404794494638736, "log10_eta": -0.00529426066695482, "log10_lambda": -3.3631199492421056, "log10_min_child_weight": 4.185583824137837, "log10_subsample": -0.3970337138203316, "max_depth": 9.0, "num_boost_round": 7.0}, "datetime": {"datetime": "2024-01-19 00:16:58", "elapsed": 271.456081, "delta": 0.00107}}
{"target": -13.982866964390693, "params": {"gamma": 555.2285022286369, "log10_alpha": -1.7419572810427733, "log10_colsample_bytree": -0.035404794494638736, "log10_eta": -0.00529426066695482, "log10_lambda": -3.3631199492421056, "log10_min_child_weight": 4.185583824137837, "log10_subsample": -0.3970337138203316, "max_depth": 9.0, "num_boost_round": 8.0}, "datetime": {"datetime": "2024-01-19 00:16:58", "elapsed": 271.456921, "delta": 0.00084}}
{"target": -14.003794633961979, "params": {"gamma": 555.2285022286369, "log10_alpha": -1.7419572810427733, "log10_colsample_bytree": -0.035404794494638736, "log10_eta": -0.00529426066695482, "log10_lambda": -3.3631199492421056, "log10_min_child_weight": 4.185583824137837, "log10_subsample": -0.3970337138203316, "max_depth": 9.0, "num_boost_round": 9.0}, "datetime": {"datetime": "2024-01-19 00:16:58", "elapsed": 271.45772, "delta": 0.000799}}
{"target": -14.018891297718234, "params": {"gamma": 555.2285022286369, "log10_alpha": -1.7419572810427733, "log10_colsample_bytree": -0.035404794494638736, "log10_eta": -0.00529426066695482, "log10_lambda": -3.3631199492421056, "log10_min_child_weight": 4.185583824137837, "log10_subsample": -0.3970337138203316, "max_depth": 9.0, "num_boost_round": 10.0}, "datetime": {"datetime": "2024-01-19 00:16:58", "elapsed": 271.458516, "delta": 0.000796}}
{"target": -14.02368365944803, "params": {"gamma": 555.2285022286369, "log10_alpha": -1.7419572810427733, "log10_colsample_bytree": -0.035404794494638736, "log10_eta": -0.00529426066695482, "log10_lambda": -3.3631199492421056, "log10_min_child_weight": 4.185583824137837, "log10_subsample": -0.3970337138203316, "max_depth": 9.0, "num_boost_round": 11.0}, "datetime": {"datetime": "2024-01-19 00:16:58", "elapsed": 271.459314, "delta": 0.000798}}
{"target": -14.03713126804091, "params": {"gamma": 555.2285022286369, "log10_alpha": -1.7419572810427733, "log10_colsample_bytree": -0.035404794494638736, "log10_eta": -0.00529426066695482, "log10_lambda": -3.3631199492421056, "log10_min_child_weight": 4.185583824137837, "log10_subsample": -0.3970337138203316, "max_depth": 9.0, "num_boost_round": 12.0}, "datetime": {"datetime": "2024-01-19 00:16:58", "elapsed": 271.460096, "delta": 0.000782}}
{"target": -14.054356573916781, "params": {"gamma": 555.2285022286369, "log10_alpha": -1.7419572810427733, "log10_colsample_bytree": -0.035404794494638736, "log10_eta": -0.00529426066695482, "log10_lambda": -3.3631199492421056, "log10_min_child_weight": 4.185583824137837, "log10_subsample": -0.3970337138203316, "max_depth": 9.0, "num_boost_round": 13.0}, "datetime": {"datetime": "2024-01-19 00:16:58", "elapsed": 271.460881, "delta": 0.000785}}
{"target": -14.078021203828651, "params": {"gamma": 555.2285022286369, "log10_alpha": -1.7419572810427733, "log10_colsample_bytree": -0.035404794494638736, "log10_eta": -0.00529426066695482, "log10_lambda": -3.3631199492421056, "log10_min_child_weight": 4.185583824137837, "log10_subsample": -0.3970337138203316, "max_depth": 9.0, "num_boost_round": 14.0}, "datetime": {"datetime": "2024-01-19 00:16:58", "elapsed": 271.461672, "delta": 0.000791}}
{"target": -14.073103103945334, "params": {"gamma": 555.2285022286369, "log10_alpha": -1.7419572810427733, "log10_colsample_bytree": -0.035404794494638736, "log10_eta": -0.00529426066695482, "log10_lambda": -3.3631199492421056, "log10_min_child_weight": 4.185583824137837, "log10_subsample": -0.3970337138203316, "max_depth": 9.0, "num_boost_round": 15.0}, "datetime": {"datetime": "2024-01-19 00:16:58", "elapsed": 271.462458, "delta": 0.000786}}
{"target": -14.102927716515572, "params": {"gamma": 555.2285022286369, "log10_alpha": -1.7419572810427733, "log10_colsample_bytree": -0.035404794494638736, "log10_eta": -0.00529426066695482, "log10_lambda": -3.3631199492421056, "log10_min_child_weight": 4.185583824137837, "log10_subsample": -0.3970337138203316, "max_depth": 9.0, "num_boost_round": 16.0}, "datetime": {"datetime": "2024-01-19 00:16:58", "elapsed": 271.463236, "delta": 0.000778}}
{"target": -14.129500149805297, "params": {"gamma": 555.2285022286369, "log10_alpha": -1.7419572810427733, "log10_colsample_bytree": -0.035404794494638736, "log10_eta": -0.00529426066695482, "log10_lambda": -3.3631199492421056, "log10_min_child_weight": 4.185583824137837, "log10_subsample": -0.3970337138203316, "max_depth": 9.0, "num_boost_round": 17.0}, "datetime": {"datetime": "2024-01-19 00:16:58", "elapsed": 271.464024, "delta": 0.000788}}
{"target": -14.130532925451874, "params": {"gamma": 555.2285022286369, "log10_alpha": -1.7419572810427733, "log10_colsample_bytree": -0.035404794494638736, "log10_eta": -0.00529426066695482, "log10_lambda": -3.3631199492421056, "log10_min_child_weight": 4.185583824137837, "log10_subsample": -0.3970337138203316, "max_depth": 9.0, "num_boost_round": 18.0}, "datetime": {"datetime": "2024-01-19 00:16:58", "elapsed": 271.464826, "delta": 0.000802}}
{"target": -14.133774100819807, "params": {"gamma": 555.2285022286369, "log10_alpha": -1.7419572810427733, "log10_colsample_bytree": -0.035404794494638736, "log10_eta": -0.00529426066695482, "log10_lambda": -3.3631199492421056, "log10_min_child_weight": 4.185583824137837, "log10_subsample": -0.3970337138203316, "max_depth": 9.0, "num_boost_round": 19.0}, "datetime": {"datetime": "2024-01-19 00:16:58", "elapsed": 271.465629, "delta": 0.000803}}
{"target": -14.14887469450151, "params": {"gamma": 555.2285022286369, "log10_alpha": -1.7419572810427733, "log10_colsample_bytree": -0.035404794494638736, "log10_eta": -0.00529426066695482, "log10_lambda": -3.3631199492421056, "log10_min_child_weight": 4.185583824137837, "log10_subsample": -0.3970337138203316, "max_depth": 9.0, "num_boost_round": 20.0}, "datetime": {"datetime": "2024-01-19 00:16:58", "elapsed": 271.466414, "delta": 0.000785}}
{"target": -14.154079321694837, "params": {"gamma": 555.2285022286369, "log10_alpha": -1.7419572810427733, "log10_colsample_bytree": -0.035404794494638736, "log10_eta": -0.00529426066695482, "log10_lambda": -3.3631199492421056, "log10_min_child_weight": 4.185583824137837, "log10_subsample": -0.3970337138203316, "max_depth": 9.0, "num_boost_round": 21.0}, "datetime": {"datetime": "2024-01-19 00:16:58", "elapsed": 271.467226, "delta": 0.000812}}
{"target": -14.168182746090931, "params": {"gamma": 555.2285022286369, "log10_alpha": -1.7419572810427733, "log10_colsample_bytree": -0.035404794494638736, "log10_eta": -0.00529426066695482, "log10_lambda": -3.3631199492421056, "log10_min_child_weight": 4.185583824137837, "log10_subsample": -0.3970337138203316, "max_depth": 9.0, "num_boost_round": 22.0}, "datetime": {"datetime": "2024-01-19 00:16:58", "elapsed": 271.468023, "delta": 0.000797}}
{"target": -14.159243881960279, "params": {"gamma": 555.2285022286369, "log10_alpha": -1.7419572810427733, "log10_colsample_bytree": -0.035404794494638736, "log10_eta": -0.00529426066695482, "log10_lambda": -3.3631199492421056, "log10_min_child_weight": 4.185583824137837, "log10_subsample": -0.3970337138203316, "max_depth": 9.0, "num_boost_round": 23.0}, "datetime": {"datetime": "2024-01-19 00:16:58", "elapsed": 271.46885, "delta": 0.000827}}
{"target": -14.152633910265854, "params": {"gamma": 555.2285022286369, "log10_alpha": -1.7419572810427733, "log10_colsample_bytree": -0.035404794494638736, "log10_eta": -0.00529426066695482, "log10_lambda": -3.3631199492421056, "log10_min_child_weight": 4.185583824137837, "log10_subsample": -0.3970337138203316, "max_depth": 9.0, "num_boost_round": 24.0}, "datetime": {"datetime": "2024-01-19 00:16:58", "elapsed": 271.46966, "delta": 0.00081}}
{"target": -14.16258923506398, "params": {"gamma": 555.2285022286369, "log10_alpha": -1.7419572810427733, "log10_colsample_bytree": -0.035404794494638736, "log10_eta": -0.00529426066695482, "log10_lambda": -3.3631199492421056, "log10_min_child_weight": 4.185583824137837, "log10_subsample": -0.3970337138203316, "max_depth": 9.0, "num_boost_round": 25.0}, "datetime": {"datetime": "2024-01-19 00:16:58", "elapsed": 271.470452, "delta": 0.000792}}
{"target": -14.165370750753976, "params": {"gamma": 555.2285022286369, "log10_alpha": -1.7419572810427733, "log10_colsample_bytree": -0.035404794494638736, "log10_eta": -0.00529426066695482, "log10_lambda": -3.3631199492421056, "log10_min_child_weight": 4.185583824137837, "log10_subsample": -0.3970337138203316, "max_depth": 9.0, "num_boost_round": 26.0}, "datetime": {"datetime": "2024-01-19 00:16:58", "elapsed": 271.471241, "delta": 0.000789}}
{"target": -14.179883584784209, "params": {"gamma": 555.2285022286369, "log10_alpha": -1.7419572810427733, "log10_colsample_bytree": -0.035404794494638736, "log10_eta": -0.00529426066695482, "log10_lambda": -3.3631199492421056, "log10_min_child_weight": 4.185583824137837, "log10_subsample": -0.3970337138203316, "max_depth": 9.0, "num_boost_round": 27.0}, "datetime": {"datetime": "2024-01-19 00:16:58", "elapsed": 271.472149, "delta": 0.000908}}
{"target": -14.193102647132084, "params": {"gamma": 555.2285022286369, "log10_alpha": -1.7419572810427733, "log10_colsample_bytree": -0.035404794494638736, "log10_eta": -0.00529426066695482, "log10_lambda": -3.3631199492421056, "log10_min_child_weight": 4.185583824137837, "log10_subsample": -0.3970337138203316, "max_depth": 9.0, "num_boost_round": 28.0}, "datetime": {"datetime": "2024-01-19 00:16:58", "elapsed": 271.472953, "delta": 0.000804}}
{"target": -14.19765672144583, "params": {"gamma": 555.2285022286369, "log10_alpha": -1.7419572810427733, "log10_colsample_bytree": -0.035404794494638736, "log10_eta": -0.00529426066695482, "log10_lambda": -3.3631199492421056, "log10_min_child_weight": 4.185583824137837, "log10_subsample": -0.3970337138203316, "max_depth": 9.0, "num_boost_round": 29.0}, "datetime": {"datetime": "2024-01-19 00:16:58", "elapsed": 271.473898, "delta": 0.000945}}
{"target": -13.7585334877608, "params": {"gamma": 554.6136711640543, "log10_alpha": 0.32733518142938767, "log10_colsample_bytree": -0.9364930050088701, "log10_eta": -2.110440425964462, "log10_lambda": 0.7207374234089414, "log10_min_child_weight": 4.217950789005906, "log10_subsample": -0.9716198649366463, "max_depth": 4.0, "num_boost_round": 0.0}, "datetime": {"datetime": "2024-01-19 00:17:20", "elapsed": 293.454852, "delta": 21.980954}}
{"target": -13.758490140578607, "params": {"gamma": 554.6136711640543, "log10_alpha": 0.32733518142938767, "log10_colsample_bytree": -0.9364930050088701, "log10_eta": -2.110440425964462, "log10_lambda": 0.7207374234089414, "log10_min_child_weight": 4.217950789005906, "log10_subsample": -0.9716198649366463, "max_depth": 4.0, "num_boost_round": 1.0}, "datetime": {"datetime": "2024-01-19 00:17:20", "elapsed": 293.456654, "delta": 0.001802}}
{"target": -13.75847455745761, "params": {"gamma": 554.6136711640543, "log10_alpha": 0.32733518142938767, "log10_colsample_bytree": -0.9364930050088701, "log10_eta": -2.110440425964462, "log10_lambda": 0.7207374234089414, "log10_min_child_weight": 4.217950789005906, "log10_subsample": -0.9716198649366463, "max_depth": 4.0, "num_boost_round": 2.0}, "datetime": {"datetime": "2024-01-19 00:17:20", "elapsed": 293.457561, "delta": 0.000907}}
{"target": -13.758503535782188, "params": {"gamma": 554.6136711640543, "log10_alpha": 0.32733518142938767, "log10_colsample_bytree": -0.9364930050088701, "log10_eta": -2.110440425964462, "log10_lambda": 0.7207374234089414, "log10_min_child_weight": 4.217950789005906, "log10_subsample": -0.9716198649366463, "max_depth": 4.0, "num_boost_round": 3.0}, "datetime": {"datetime": "2024-01-19 00:17:20", "elapsed": 293.458389, "delta": 0.000828}}
{"target": -13.758528878633884, "params": {"gamma": 554.6136711640543, "log10_alpha": 0.32733518142938767, "log10_colsample_bytree": -0.9364930050088701, "log10_eta": -2.110440425964462, "log10_lambda": 0.7207374234089414, "log10_min_child_weight": 4.217950789005906, "log10_subsample": -0.9716198649366463, "max_depth": 4.0, "num_boost_round": 4.0}, "datetime": {"datetime": "2024-01-19 00:17:20", "elapsed": 293.459207, "delta": 0.000818}}
{"target": -13.758549843318956, "params": {"gamma": 554.6136711640543, "log10_alpha": 0.32733518142938767, "log10_colsample_bytree": -0.9364930050088701, "log10_eta": -2.110440425964462, "log10_lambda": 0.7207374234089414, "log10_min_child_weight": 4.217950789005906, "log10_subsample": -0.9716198649366463, "max_depth": 4.0, "num_boost_round": 5.0}, "datetime": {"datetime": "2024-01-19 00:17:20", "elapsed": 293.460153, "delta": 0.000946}}
{"target": -13.75851203230698, "params": {"gamma": 554.6136711640543, "log10_alpha": 0.32733518142938767, "log10_colsample_bytree": -0.9364930050088701, "log10_eta": -2.110440425964462, "log10_lambda": 0.7207374234089414, "log10_min_child_weight": 4.217950789005906, "log10_subsample": -0.9716198649366463, "max_depth": 4.0, "num_boost_round": 6.0}, "datetime": {"datetime": "2024-01-19 00:17:20", "elapsed": 293.460981, "delta": 0.000828}}
{"target": -13.758474635782834, "params": {"gamma": 554.6136711640543, "log10_alpha": 0.32733518142938767, "log10_colsample_bytree": -0.9364930050088701, "log10_eta": -2.110440425964462, "log10_lambda": 0.7207374234089414, "log10_min_child_weight": 4.217950789005906, "log10_subsample": -0.9716198649366463, "max_depth": 4.0, "num_boost_round": 7.0}, "datetime": {"datetime": "2024-01-19 00:17:20", "elapsed": 293.461998, "delta": 0.001017}}
{"target": -13.758468793473083, "params": {"gamma": 554.6136711640543, "log10_alpha": 0.32733518142938767, "log10_colsample_bytree": -0.9364930050088701, "log10_eta": -2.110440425964462, "log10_lambda": 0.7207374234089414, "log10_min_child_weight": 4.217950789005906, "log10_subsample": -0.9716198649366463, "max_depth": 4.0, "num_boost_round": 8.0}, "datetime": {"datetime": "2024-01-19 00:17:20", "elapsed": 293.462843, "delta": 0.000845}}
{"target": -13.75850945572188, "params": {"gamma": 554.6136711640543, "log10_alpha": 0.32733518142938767, "log10_colsample_bytree": -0.9364930050088701, "log10_eta": -2.110440425964462, "log10_lambda": 0.7207374234089414, "log10_min_child_weight": 4.217950789005906, "log10_subsample": -0.9716198649366463, "max_depth": 4.0, "num_boost_round": 9.0}, "datetime": {"datetime": "2024-01-19 00:17:20", "elapsed": 293.463683, "delta": 0.00084}}
{"target": -13.758487731770286, "params": {"gamma": 554.6136711640543, "log10_alpha": 0.32733518142938767, "log10_colsample_bytree": -0.9364930050088701, "log10_eta": -2.110440425964462, "log10_lambda": 0.7207374234089414, "log10_min_child_weight": 4.217950789005906, "log10_subsample": -0.9716198649366463, "max_depth": 4.0, "num_boost_round": 10.0}, "datetime": {"datetime": "2024-01-19 00:17:20", "elapsed": 293.464558, "delta": 0.000875}}
{"target": -13.758461020317164, "params": {"gamma": 554.6136711640543, "log10_alpha": 0.32733518142938767, "log10_colsample_bytree": -0.9364930050088701, "log10_eta": -2.110440425964462, "log10_lambda": 0.7207374234089414, "log10_min_child_weight": 4.217950789005906, "log10_subsample": -0.9716198649366463, "max_depth": 4.0, "num_boost_round": 11.0}, "datetime": {"datetime": "2024-01-19 00:17:20", "elapsed": 293.465387, "delta": 0.000829}}
{"target": -13.758432336417503, "params": {"gamma": 554.6136711640543, "log10_alpha": 0.32733518142938767, "log10_colsample_bytree": -0.9364930050088701, "log10_eta": -2.110440425964462, "log10_lambda": 0.7207374234089414, "log10_min_child_weight": 4.217950789005906, "log10_subsample": -0.9716198649366463, "max_depth": 4.0, "num_boost_round": 12.0}, "datetime": {"datetime": "2024-01-19 00:17:20", "elapsed": 293.46621, "delta": 0.000823}}
