{"target": -13.763804415298711, "params": {"gamma": 652.322554365938, "log10_alpha": 0.6627587035146965, "log10_colsample_bytree": -0.8550733866446332, "log10_eta": -1.4487384686888358, "log10_lambda": -4.6560101330386825, "log10_min_child_weight": 1.1474063088278825, "log10_subsample": -0.5384095576849399, "max_depth": 6.0, "num_boost_round": 30.0}, "datetime": {"datetime": "2024-01-19 01:56:43", "elapsed": 6256.51216, "delta": 0.005689}}
{"target": -13.765103053645927, "params": {"gamma": 652.322554365938, "log10_alpha": 0.6627587035146965, "log10_colsample_bytree": -0.8550733866446332, "log10_eta": -1.4487384686888358, "log10_lambda": -4.6560101330386825, "log10_min_child_weight": 1.1474063088278825, "log10_subsample": -0.5384095576849399, "max_depth": 6.0, "num_boost_round": 31.0}, "datetime": {"datetime": "2024-01-19 01:56:43", "elapsed": 6256.517745, "delta": 0.005585}}
{"target": -13.765117373162512, "params": {"gamma": 652.322554365938, "log10_alpha": 0.6627587035146965, "log10_colsample_bytree": -0.8550733866446332, "log10_eta": -1.4487384686888358, "log10_lambda": -4.6560101330386825, "log10_min_child_weight": 1.1474063088278825, "log10_subsample": -0.5384095576849399, "max_depth": 6.0, "num_boost_round": 32.0}, "datetime": {"datetime": "2024-01-19 01:56:43", "elapsed": 6256.523181, "delta": 0.005436}}
{"target": -13.7677152961938, "params": {"gamma": 652.322554365938, "log10_alpha": 0.6627587035146965, "log10_colsample_bytree": -0.8550733866446332, "log10_eta": -1.4487384686888358, "log10_lambda": -4.6560101330386825, "log10_min_child_weight": 1.1474063088278825, "log10_subsample": -0.5384095576849399, "max_depth": 6.0, "num_boost_round": 33.0}, "datetime": {"datetime": "2024-01-19 01:56:43", "elapsed": 6256.528934, "delta": 0.005753}}
{"target": -13.768262634367819, "params": {"gamma": 652.322554365938, "log10_alpha": 0.6627587035146965, "log10_colsample_bytree": -0.8550733866446332, "log10_eta": -1.4487384686888358, "log10_lambda": -4.6560101330386825, "log10_min_child_weight": 1.1474063088278825, "log10_subsample": -0.5384095576849399, "max_depth": 6.0, "num_boost_round": 34.0}, "datetime": {"datetime": "2024-01-19 01:56:43", "elapsed": 6256.534748, "delta": 0.005814}}
{"target": -13.769442291631721, "params": {"gamma": 652.322554365938, "log10_alpha": 0.6627587035146965, "log10_colsample_bytree": -0.8550733866446332, "log10_eta": -1.4487384686888358, "log10_lambda": -4.6560101330386825, "log10_min_child_weight": 1.1474063088278825, "log10_subsample": -0.5384095576849399, "max_depth": 6.0, "num_boost_round": 35.0}, "datetime": {"datetime": "2024-01-19 01:56:43", "elapsed": 6256.540205, "delta": 0.005457}}
{"target": -13.770130608167696, "params": {"gamma": 652.322554365938, "log10_alpha": 0.6627587035146965, "log10_colsample_bytree": -0.8550733866446332, "log10_eta": -1.4487384686888358, "log10_lambda": -4.6560101330386825, "log10_min_child_weight": 1.1474063088278825, "log10_subsample": -0.5384095576849399, "max_depth": 6.0, "num_boost_round": 36.0}, "datetime": {"datetime": "2024-01-19 01:56:43", "elapsed": 6256.545723, "delta": 0.005518}}
{"target": -13.770639777217392, "params": {"gamma": 652.322554365938, "log10_alpha": 0.6627587035146965, "log10_colsample_bytree": -0.8550733866446332, "log10_eta": -1.4487384686888358, "log10_lambda": -4.6560101330386825, "log10_min_child_weight": 1.1474063088278825, "log10_subsample": -0.5384095576849399, "max_depth": 6.0, "num_boost_round": 37.0}, "datetime": {"datetime": "2024-01-19 01:56:43", "elapsed": 6256.551248, "delta": 0.005525}}
{"target": -13.771330937374119, "params": {"gamma": 652.322554365938, "log10_alpha": 0.6627587035146965, "log10_colsample_bytree": -0.8550733866446332, "log10_eta": -1.4487384686888358, "log10_lambda": -4.6560101330386825, "log10_min_child_weight": 1.1474063088278825, "log10_subsample": -0.5384095576849399, "max_depth": 6.0, "num_boost_round": 38.0}, "datetime": {"datetime": "2024-01-19 01:56:43", "elapsed": 6256.556855, "delta": 0.005607}}
{"target": -13.771937418582784, "params": {"gamma": 652.322554365938, "log10_alpha": 0.6627587035146965, "log10_colsample_bytree": -0.8550733866446332, "log10_eta": -1.4487384686888358, "log10_lambda": -4.6560101330386825, "log10_min_child_weight": 1.1474063088278825, "log10_subsample": -0.5384095576849399, "max_depth": 6.0, "num_boost_round": 39.0}, "datetime": {"datetime": "2024-01-19 01:56:43", "elapsed": 6256.562498, "delta": 0.005643}}
{"target": -13.773280265987811, "params": {"gamma": 652.322554365938, "log10_alpha": 0.6627587035146965, "log10_colsample_bytree": -0.8550733866446332, "log10_eta": -1.4487384686888358, "log10_lambda": -4.6560101330386825, "log10_min_child_weight": 1.1474063088278825, "log10_subsample": -0.5384095576849399, "max_depth": 6.0, "num_boost_round": 40.0}, "datetime": {"datetime": "2024-01-19 01:56:43", "elapsed": 6256.56841, "delta": 0.005912}}
{"target": -13.774510823669663, "params": {"gamma": 652.322554365938, "log10_alpha": 0.6627587035146965, "log10_colsample_bytree": -0.8550733866446332, "log10_eta": -1.4487384686888358, "log10_lambda": -4.6560101330386825, "log10_min_child_weight": 1.1474063088278825, "log10_subsample": -0.5384095576849399, "max_depth": 6.0, "num_boost_round": 41.0}, "datetime": {"datetime": "2024-01-19 01:56:44", "elapsed": 6256.573921, "delta": 0.005511}}
{"target": -13.774912561689826, "params": {"gamma": 652.322554365938, "log10_alpha": 0.6627587035146965, "log10_colsample_bytree": -0.8550733866446332, "log10_eta": -1.4487384686888358, "log10_lambda": -4.6560101330386825, "log10_min_child_weight": 1.1474063088278825, "log10_subsample": -0.5384095576849399, "max_depth": 6.0, "num_boost_round": 42.0}, "datetime": {"datetime": "2024-01-19 01:56:44", "elapsed": 6256.579459, "delta": 0.005538}}
{"target": -13.775442995864362, "params": {"gamma": 652.322554365938, "log10_alpha": 0.6627587035146965, "log10_colsample_bytree": -0.8550733866446332, "log10_eta": -1.4487384686888358, "log10_lambda": -4.6560101330386825, "log10_min_child_weight": 1.1474063088278825, "log10_subsample": -0.5384095576849399, "max_depth": 6.0, "num_boost_round": 43.0}, "datetime": {"datetime": "2024-01-19 01:56:44", "elapsed": 6256.585011, "delta": 0.005552}}
{"target": -13.77650743534387, "params": {"gamma": 652.322554365938, "log10_alpha": 0.6627587035146965, "log10_colsample_bytree": -0.8550733866446332, "log10_eta": -1.4487384686888358, "log10_lambda": -4.6560101330386825, "log10_min_child_weight": 1.1474063088278825, "log10_subsample": -0.5384095576849399, "max_depth": 6.0, "num_boost_round": 44.0}, "datetime": {"datetime": "2024-01-19 01:56:44", "elapsed": 6256.590699, "delta": 0.005688}}
{"target": -13.777625977228665, "params": {"gamma": 652.322554365938, "log10_alpha": 0.6627587035146965, "log10_colsample_bytree": -0.8550733866446332, "log10_eta": -1.4487384686888358, "log10_lambda": -4.6560101330386825, "log10_min_child_weight": 1.1474063088278825, "log10_subsample": -0.5384095576849399, "max_depth": 6.0, "num_boost_round": 45.0}, "datetime": {"datetime": "2024-01-19 01:56:44", "elapsed": 6256.596409, "delta": 0.00571}}
{"target": -13.77799526646, "params": {"gamma": 652.322554365938, "log10_alpha": 0.6627587035146965, "log10_colsample_bytree": -0.8550733866446332, "log10_eta": -1.4487384686888358, "log10_lambda": -4.6560101330386825, "log10_min_child_weight": 1.1474063088278825, "log10_subsample": -0.5384095576849399, "max_depth": 6.0, "num_boost_round": 46.0}, "datetime": {"datetime": "2024-01-19 01:56:44", "elapsed": 6256.602296, "delta": 0.005887}}
{"target": -13.777408747670501, "params": {"gamma": 652.322554365938, "log10_alpha": 0.6627587035146965, "log10_colsample_bytree": -0.8550733866446332, "log10_eta": -1.4487384686888358, "log10_lambda": -4.6560101330386825, "log10_min_child_weight": 1.1474063088278825, "log10_subsample": -0.5384095576849399, "max_depth": 6.0, "num_boost_round": 47.0}, "datetime": {"datetime": "2024-01-19 01:56:44", "elapsed": 6256.607907, "delta": 0.005611}}
{"target": -13.778281561134202, "params": {"gamma": 652.322554365938, "log10_alpha": 0.6627587035146965, "log10_colsample_bytree": -0.8550733866446332, "log10_eta": -1.4487384686888358, "log10_lambda": -4.6560101330386825, "log10_min_child_weight": 1.1474063088278825, "log10_subsample": -0.5384095576849399, "max_depth": 6.0, "num_boost_round": 48.0}, "datetime": {"datetime": "2024-01-19 01:56:44", "elapsed": 6256.613541, "delta": 0.005634}}
{"target": -13.778273333549485, "params": {"gamma": 652.322554365938, "log10_alpha": 0.6627587035146965, "log10_colsample_bytree": -0.8550733866446332, "log10_eta": -1.4487384686888358, "log10_lambda": -4.6560101330386825, "log10_min_child_weight": 1.1474063088278825, "log10_subsample": -0.5384095576849399, "max_depth": 6.0, "num_boost_round": 49.0}, "datetime": {"datetime": "2024-01-19 01:56:44", "elapsed": 6256.619173, "delta": 0.005632}}
{"target": -13.778185978490313, "params": {"gamma": 652.322554365938, "log10_alpha": 0.6627587035146965, "log10_colsample_bytree": -0.8550733866446332, "log10_eta": -1.4487384686888358, "log10_lambda": -4.6560101330386825, "log10_min_child_weight": 1.1474063088278825, "log10_subsample": -0.5384095576849399, "max_depth": 6.0, "num_boost_round": 50.0}, "datetime": {"datetime": "2024-01-19 01:56:44", "elapsed": 6256.624757, "delta": 0.005584}}
{"target": -13.779557347353892, "params": {"gamma": 652.322554365938, "log10_alpha": 0.6627587035146965, "log10_colsample_bytree": -0.8550733866446332, "log10_eta": -1.4487384686888358, "log10_lambda": -4.6560101330386825, "log10_min_child_weight": 1.1474063088278825, "log10_subsample": -0.5384095576849399, "max_depth": 6.0, "num_boost_round": 51.0}, "datetime": {"datetime": "2024-01-19 01:56:44", "elapsed": 6256.630524, "delta": 0.005767}}
{"target": -13.78088606707876, "params": {"gamma": 652.322554365938, "log10_alpha": 0.6627587035146965, "log10_colsample_bytree": -0.8550733866446332, "log10_eta": -1.4487384686888358, "log10_lambda": -4.6560101330386825, "log10_min_child_weight": 1.1474063088278825, "log10_subsample": -0.5384095576849399, "max_depth": 6.0, "num_boost_round": 52.0}, "datetime": {"datetime": "2024-01-19 01:56:44", "elapsed": 6256.636376, "delta": 0.005852}}
{"target": -13.781533922799023, "params": {"gamma": 652.322554365938, "log10_alpha": 0.6627587035146965, "log10_colsample_bytree": -0.8550733866446332, "log10_eta": -1.4487384686888358, "log10_lambda": -4.6560101330386825, "log10_min_child_weight": 1.1474063088278825, "log10_subsample": -0.5384095576849399, "max_depth": 6.0, "num_boost_round": 53.0}, "datetime": {"datetime": "2024-01-19 01:56:44", "elapsed": 6256.642902, "delta": 0.006526}}
{"target": -13.758518998935264, "params": {"gamma": 323.3728773225184, "log10_alpha": -1.5570086255703526, "log10_colsample_bytree": -0.5468149352954347, "log10_eta": -2.557384511221745, "log10_lambda": -1.0418635746762783, "log10_min_child_weight": 3.37993021015584, "log10_subsample": -0.9869178797512911, "max_depth": 2.0, "num_boost_round": 0.0}, "datetime": {"datetime": "2024-01-19 01:58:06", "elapsed": 6338.626206, "delta": 81.983304}}
{"target": -13.758534898970483, "params": {"gamma": 323.3728773225184, "log10_alpha": -1.5570086255703526, "log10_colsample_bytree": -0.5468149352954347, "log10_eta": -2.557384511221745, "log10_lambda": -1.0418635746762783, "log10_min_child_weight": 3.37993021015584, "log10_subsample": -0.9869178797512911, "max_depth": 2.0, "num_boost_round": 1.0}, "datetime": {"datetime": "2024-01-19 01:58:06", "elapsed": 6338.63374, "delta": 0.007534}}
{"target": -13.758530630299099, "params": {"gamma": 323.3728773225184, "log10_alpha": -1.5570086255703526, "log10_colsample_bytree": -0.5468149352954347, "log10_eta": -2.557384511221745, "log10_lambda": -1.0418635746762783, "log10_min_child_weight": 3.37993021015584, "log10_subsample": -0.9869178797512911, "max_depth": 2.0, "num_boost_round": 2.0}, "datetime": {"datetime": "2024-01-19 01:58:06", "elapsed": 6338.639557, "delta": 0.005817}}
{"target": -13.758534453977981, "params": {"gamma": 323.3728773225184, "log10_alpha": -1.5570086255703526, "log10_colsample_bytree": -0.5468149352954347, "log10_eta": -2.557384511221745, "log10_lambda": -1.0418635746762783, "log10_min_child_weight": 3.37993021015584, "log10_subsample": -0.9869178797512911, "max_depth": 2.0, "num_boost_round": 3.0}, "datetime": {"datetime": "2024-01-19 01:58:06", "elapsed": 6338.645185, "delta": 0.005628}}
{"target": -13.75852236687633, "params": {"gamma": 323.3728773225184, "log10_alpha": -1.5570086255703526, "log10_colsample_bytree": -0.5468149352954347, "log10_eta": -2.557384511221745, "log10_lambda": -1.0418635746762783, "log10_min_child_weight": 3.37993021015584, "log10_subsample": -0.9869178797512911, "max_depth": 2.0, "num_boost_round": 4.0}, "datetime": {"datetime": "2024-01-19 01:58:06", "elapsed": 6338.650868, "delta": 0.005683}}
{"target": -13.7585053450855, "params": {"gamma": 323.3728773225184, "log10_alpha": -1.5570086255703526, "log10_colsample_bytree": -0.5468149352954347, "log10_eta": -2.557384511221745, "log10_lambda": -1.0418635746762783, "log10_min_child_weight": 3.37993021015584, "log10_subsample": -0.9869178797512911, "max_depth": 2.0, "num_boost_round": 5.0}, "datetime": {"datetime": "2024-01-19 01:58:06", "elapsed": 6338.656628, "delta": 0.00576}}
{"target": -13.758525307746384, "params": {"gamma": 323.3728773225184, "log10_alpha": -1.5570086255703526, "log10_colsample_bytree": -0.5468149352954347, "log10_eta": -2.557384511221745, "log10_lambda": -1.0418635746762783, "log10_min_child_weight": 3.37993021015584, "log10_subsample": -0.9869178797512911, "max_depth": 2.0, "num_boost_round": 6.0}, "datetime": {"datetime": "2024-01-19 01:58:06", "elapsed": 6338.662261, "delta": 0.005633}}
{"target": -13.758524912959205, "params": {"gamma": 323.3728773225184, "log10_alpha": -1.5570086255703526, "log10_colsample_bytree": -0.5468149352954347, "log10_eta": -2.557384511221745, "log10_lambda": -1.0418635746762783, "log10_min_child_weight": 3.37993021015584, "log10_subsample": -0.9869178797512911, "max_depth": 2.0, "num_boost_round": 7.0}, "datetime": {"datetime": "2024-01-19 01:58:06", "elapsed": 6338.66772, "delta": 0.005459}}
{"target": -13.758543149840756, "params": {"gamma": 323.3728773225184, "log10_alpha": -1.5570086255703526, "log10_colsample_bytree": -0.5468149352954347, "log10_eta": -2.557384511221745, "log10_lambda": -1.0418635746762783, "log10_min_child_weight": 3.37993021015584, "log10_subsample": -0.9869178797512911, "max_depth": 2.0, "num_boost_round": 8.0}, "datetime": {"datetime": "2024-01-19 01:58:06", "elapsed": 6338.673582, "delta": 0.005862}}
{"target": -13.758525873715948, "params": {"gamma": 323.3728773225184, "log10_alpha": -1.5570086255703526, "log10_colsample_bytree": -0.5468149352954347, "log10_eta": -2.557384511221745, "log10_lambda": -1.0418635746762783, "log10_min_child_weight": 3.37993021015584, "log10_subsample": -0.9869178797512911, "max_depth": 2.0, "num_boost_round": 9.0}, "datetime": {"datetime": "2024-01-19 01:58:06", "elapsed": 6338.679454, "delta": 0.005872}}
{"target": -13.758502811437813, "params": {"gamma": 323.3728773225184, "log10_alpha": -1.5570086255703526, "log10_colsample_bytree": -0.5468149352954347, "log10_eta": -2.557384511221745, "log10_lambda": -1.0418635746762783, "log10_min_child_weight": 3.37993021015584, "log10_subsample": -0.9869178797512911, "max_depth": 2.0, "num_boost_round": 10.0}, "datetime": {"datetime": "2024-01-19 01:58:06", "elapsed": 6338.685341, "delta": 0.005887}}
{"target": -13.758478979269805, "params": {"gamma": 323.3728773225184, "log10_alpha": -1.5570086255703526, "log10_colsample_bytree": -0.5468149352954347, "log10_eta": -2.557384511221745, "log10_lambda": -1.0418635746762783, "log10_min_child_weight": 3.37993021015584, "log10_subsample": -0.9869178797512911, "max_depth": 2.0, "num_boost_round": 11.0}, "datetime": {"datetime": "2024-01-19 01:58:06", "elapsed": 6338.69082, "delta": 0.005479}}
{"target": -13.758495485119735, "params": {"gamma": 323.3728773225184, "log10_alpha": -1.5570086255703526, "log10_colsample_bytree": -0.5468149352954347, "log10_eta": -2.557384511221745, "log10_lambda": -1.0418635746762783, "log10_min_child_weight": 3.37993021015584, "log10_subsample": -0.9869178797512911, "max_depth": 2.0, "num_boost_round": 12.0}, "datetime": {"datetime": "2024-01-19 01:58:06", "elapsed": 6338.696346, "delta": 0.005526}}
{"target": -13.758495553265798, "params": {"gamma": 323.3728773225184, "log10_alpha": -1.5570086255703526, "log10_colsample_bytree": -0.5468149352954347, "log10_eta": -2.557384511221745, "log10_lambda": -1.0418635746762783, "log10_min_child_weight": 3.37993021015584, "log10_subsample": -0.9869178797512911, "max_depth": 2.0, "num_boost_round": 13.0}, "datetime": {"datetime": "2024-01-19 01:58:06", "elapsed": 6338.70197, "delta": 0.005624}}
{"target": -13.758484900223747, "params": {"gamma": 323.3728773225184, "log10_alpha": -1.5570086255703526, "log10_colsample_bytree": -0.5468149352954347, "log10_eta": -2.557384511221745, "log10_lambda": -1.0418635746762783, "log10_min_child_weight": 3.37993021015584, "log10_subsample": -0.9869178797512911, "max_depth": 2.0, "num_boost_round": 14.0}, "datetime": {"datetime": "2024-01-19 01:58:06", "elapsed": 6338.707563, "delta": 0.005593}}
{"target": -13.75846333859624, "params": {"gamma": 323.3728773225184, "log10_alpha": -1.5570086255703526, "log10_colsample_bytree": -0.5468149352954347, "log10_eta": -2.557384511221745, "log10_lambda": -1.0418635746762783, "log10_min_child_weight": 3.37993021015584, "log10_subsample": -0.9869178797512911, "max_depth": 2.0, "num_boost_round": 15.0}, "datetime": {"datetime": "2024-01-19 01:58:06", "elapsed": 6338.713295, "delta": 0.005732}}
{"target": -13.758457911224724, "params": {"gamma": 323.3728773225184, "log10_alpha": -1.5570086255703526, "log10_colsample_bytree": -0.5468149352954347, "log10_eta": -2.557384511221745, "log10_lambda": -1.0418635746762783, "log10_min_child_weight": 3.37993021015584, "log10_subsample": -0.9869178797512911, "max_depth": 2.0, "num_boost_round": 16.0}, "datetime": {"datetime": "2024-01-19 01:58:06", "elapsed": 6338.718997, "delta": 0.005702}}
{"target": -13.758471356246522, "params": {"gamma": 323.3728773225184, "log10_alpha": -1.5570086255703526, "log10_colsample_bytree": -0.5468149352954347, "log10_eta": -2.557384511221745, "log10_lambda": -1.0418635746762783, "log10_min_child_weight": 3.37993021015584, "log10_subsample": -0.9869178797512911, "max_depth": 2.0, "num_boost_round": 17.0}, "datetime": {"datetime": "2024-01-19 01:58:06", "elapsed": 6338.724838, "delta": 0.005841}}
{"target": -13.7584686443704, "params": {"gamma": 323.3728773225184, "log10_alpha": -1.5570086255703526, "log10_colsample_bytree": -0.5468149352954347, "log10_eta": -2.557384511221745, "log10_lambda": -1.0418635746762783, "log10_min_child_weight": 3.37993021015584, "log10_subsample": -0.9869178797512911, "max_depth": 2.0, "num_boost_round": 18.0}, "datetime": {"datetime": "2024-01-19 01:58:06", "elapsed": 6338.730615, "delta": 0.005777}}
{"target": -13.758451689626902, "params": {"gamma": 323.3728773225184, "log10_alpha": -1.5570086255703526, "log10_colsample_bytree": -0.5468149352954347, "log10_eta": -2.557384511221745, "log10_lambda": -1.0418635746762783, "log10_min_child_weight": 3.37993021015584, "log10_subsample": -0.9869178797512911, "max_depth": 2.0, "num_boost_round": 19.0}, "datetime": {"datetime": "2024-01-19 01:58:06", "elapsed": 6338.736401, "delta": 0.005786}}
{"target": -13.758447809958612, "params": {"gamma": 323.3728773225184, "log10_alpha": -1.5570086255703526, "log10_colsample_bytree": -0.5468149352954347, "log10_eta": -2.557384511221745, "log10_lambda": -1.0418635746762783, "log10_min_child_weight": 3.37993021015584, "log10_subsample": -0.9869178797512911, "max_depth": 2.0, "num_boost_round": 20.0}, "datetime": {"datetime": "2024-01-19 01:58:06", "elapsed": 6338.741999, "delta": 0.005598}}
{"target": -13.758453071599993, "params": {"gamma": 323.3728773225184, "log10_alpha": -1.5570086255703526, "log10_colsample_bytree": -0.5468149352954347, "log10_eta": -2.557384511221745, "log10_lambda": -1.0418635746762783, "log10_min_child_weight": 3.37993021015584, "log10_subsample": -0.9869178797512911, "max_depth": 2.0, "num_boost_round": 21.0}, "datetime": {"datetime": "2024-01-19 01:58:06", "elapsed": 6338.747761, "delta": 0.005762}}
{"target": -13.758442472700349, "params": {"gamma": 323.3728773225184, "log10_alpha": -1.5570086255703526, "log10_colsample_bytree": -0.5468149352954347, "log10_eta": -2.557384511221745, "log10_lambda": -1.0418635746762783, "log10_min_child_weight": 3.37993021015584, "log10_subsample": -0.9869178797512911, "max_depth": 2.0, "num_boost_round": 22.0}, "datetime": {"datetime": "2024-01-19 01:58:06", "elapsed": 6338.754108, "delta": 0.006347}}
{"target": -13.75844998812154, "params": {"gamma": 323.3728773225184, "log10_alpha": -1.5570086255703526, "log10_colsample_bytree": -0.5468149352954347, "log10_eta": -2.557384511221745, "log10_lambda": -1.0418635746762783, "log10_min_child_weight": 3.37993021015584, "log10_subsample": -0.9869178797512911, "max_depth": 2.0, "num_boost_round": 23.0}, "datetime": {"datetime": "2024-01-19 01:58:06", "elapsed": 6338.7604, "delta": 0.006292}}
{"target": -13.758458578521441, "params": {"gamma": 323.3728773225184, "log10_alpha": -1.5570086255703526, "log10_colsample_bytree": -0.5468149352954347, "log10_eta": -2.557384511221745, "log10_lambda": -1.0418635746762783, "log10_min_child_weight": 3.37993021015584, "log10_subsample": -0.9869178797512911, "max_depth": 2.0, "num_boost_round": 24.0}, "datetime": {"datetime": "2024-01-19 01:58:06", "elapsed": 6338.766489, "delta": 0.006089}}
