{"target": -17.677121998761088, "params": {"gamma": 408.55210277729594, "log10_alpha": -4.40529009715007, "log10_colsample_bytree": -0.275427228004939, "log10_eta": -3.0930836457483832, "log10_lambda": -1.41027192080612, "log10_min_child_weight": 0.5668064502141368, "log10_subsample": -0.8411179390611062, "max_depth": 9.0, "num_boost_round": 3.0}, "datetime": {"datetime": "2024-01-19 00:44:33", "elapsed": 1963.095639, "delta": 0.003012}}
{"target": -17.677044237250126, "params": {"gamma": 408.55210277729594, "log10_alpha": -4.40529009715007, "log10_colsample_bytree": -0.275427228004939, "log10_eta": -3.0930836457483832, "log10_lambda": -1.41027192080612, "log10_min_child_weight": 0.5668064502141368, "log10_subsample": -0.8411179390611062, "max_depth": 9.0, "num_boost_round": 4.0}, "datetime": {"datetime": "2024-01-19 00:44:33", "elapsed": 1963.098576, "delta": 0.002937}}
{"target": -17.67704179864694, "params": {"gamma": 408.55210277729594, "log10_alpha": -4.40529009715007, "log10_colsample_bytree": -0.275427228004939, "log10_eta": -3.0930836457483832, "log10_lambda": -1.41027192080612, "log10_min_child_weight": 0.5668064502141368, "log10_subsample": -0.8411179390611062, "max_depth": 9.0, "num_boost_round": 5.0}, "datetime": {"datetime": "2024-01-19 00:44:33", "elapsed": 1963.101647, "delta": 0.003071}}
{"target": -17.676971689480293, "params": {"gamma": 408.55210277729594, "log10_alpha": -4.40529009715007, "log10_colsample_bytree": -0.275427228004939, "log10_eta": -3.0930836457483832, "log10_lambda": -1.41027192080612, "log10_min_child_weight": 0.5668064502141368, "log10_subsample": -0.8411179390611062, "max_depth": 9.0, "num_boost_round": 6.0}, "datetime": {"datetime": "2024-01-19 00:44:33", "elapsed": 1963.104595, "delta": 0.002948}}
{"target": -17.676994163841858, "params": {"gamma": 408.55210277729594, "log10_alpha": -4.40529009715007, "log10_colsample_bytree": -0.275427228004939, "log10_eta": -3.0930836457483832, "log10_lambda": -1.41027192080612, "log10_min_child_weight": 0.5668064502141368, "log10_subsample": -0.8411179390611062, "max_depth": 9.0, "num_boost_round": 7.0}, "datetime": {"datetime": "2024-01-19 00:44:33", "elapsed": 1963.112313, "delta": 0.007718}}
{"target": -17.676925121374698, "params": {"gamma": 408.55210277729594, "log10_alpha": -4.40529009715007, "log10_colsample_bytree": -0.275427228004939, "log10_eta": -3.0930836457483832, "log10_lambda": -1.41027192080612, "log10_min_child_weight": 0.5668064502141368, "log10_subsample": -0.8411179390611062, "max_depth": 9.0, "num_boost_round": 8.0}, "datetime": {"datetime": "2024-01-19 00:44:33", "elapsed": 1963.11535, "delta": 0.003037}}
{"target": -17.676824743468863, "params": {"gamma": 408.55210277729594, "log10_alpha": -4.40529009715007, "log10_colsample_bytree": -0.275427228004939, "log10_eta": -3.0930836457483832, "log10_lambda": -1.41027192080612, "log10_min_child_weight": 0.5668064502141368, "log10_subsample": -0.8411179390611062, "max_depth": 9.0, "num_boost_round": 9.0}, "datetime": {"datetime": "2024-01-19 00:44:33", "elapsed": 1963.11835, "delta": 0.003}}
{"target": -17.67676362526055, "params": {"gamma": 408.55210277729594, "log10_alpha": -4.40529009715007, "log10_colsample_bytree": -0.275427228004939, "log10_eta": -3.0930836457483832, "log10_lambda": -1.41027192080612, "log10_min_child_weight": 0.5668064502141368, "log10_subsample": -0.8411179390611062, "max_depth": 9.0, "num_boost_round": 10.0}, "datetime": {"datetime": "2024-01-19 00:44:33", "elapsed": 1963.121274, "delta": 0.002924}}
{"target": -17.676782670317166, "params": {"gamma": 408.55210277729594, "log10_alpha": -4.40529009715007, "log10_colsample_bytree": -0.275427228004939, "log10_eta": -3.0930836457483832, "log10_lambda": -1.41027192080612, "log10_min_child_weight": 0.5668064502141368, "log10_subsample": -0.8411179390611062, "max_depth": 9.0, "num_boost_round": 11.0}, "datetime": {"datetime": "2024-01-19 00:44:33", "elapsed": 1963.124335, "delta": 0.003061}}
{"target": -17.677055051451642, "params": {"gamma": 410.7436954125083, "log10_alpha": 0.032843589158350284, "log10_colsample_bytree": -0.932338213667911, "log10_eta": -2.6189423947858783, "log10_lambda": -4.193779706871725, "log10_min_child_weight": 1.9523261260618885, "log10_subsample": -0.5313276141462844, "max_depth": 9.0, "num_boost_round": 0.0}, "datetime": {"datetime": "2024-01-19 00:45:06", "elapsed": 1995.89186, "delta": 32.767525}}
{"target": -17.676990871597326, "params": {"gamma": 410.7436954125083, "log10_alpha": 0.032843589158350284, "log10_colsample_bytree": -0.932338213667911, "log10_eta": -2.6189423947858783, "log10_lambda": -4.193779706871725, "log10_min_child_weight": 1.9523261260618885, "log10_subsample": -0.5313276141462844, "max_depth": 9.0, "num_boost_round": 1.0}, "datetime": {"datetime": "2024-01-19 00:45:06", "elapsed": 1995.895511, "delta": 0.003651}}
{"target": -17.676907622298607, "params": {"gamma": 410.7436954125083, "log10_alpha": 0.032843589158350284, "log10_colsample_bytree": -0.932338213667911, "log10_eta": -2.6189423947858783, "log10_lambda": -4.193779706871725, "log10_min_child_weight": 1.9523261260618885, "log10_subsample": -0.5313276141462844, "max_depth": 9.0, "num_boost_round": 2.0}, "datetime": {"datetime": "2024-01-19 00:45:06", "elapsed": 1995.898908, "delta": 0.003397}}
{"target": -17.67685375705297, "params": {"gamma": 410.7436954125083, "log10_alpha": 0.032843589158350284, "log10_colsample_bytree": -0.932338213667911, "log10_eta": -2.6189423947858783, "log10_lambda": -4.193779706871725, "log10_min_child_weight": 1.9523261260618885, "log10_subsample": -0.5313276141462844, "max_depth": 9.0, "num_boost_round": 3.0}, "datetime": {"datetime": "2024-01-19 00:45:06", "elapsed": 1995.90208, "delta": 0.003172}}
{"target": -17.676636047256956, "params": {"gamma": 410.7436954125083, "log10_alpha": 0.032843589158350284, "log10_colsample_bytree": -0.932338213667911, "log10_eta": -2.6189423947858783, "log10_lambda": -4.193779706871725, "log10_min_child_weight": 1.9523261260618885, "log10_subsample": -0.5313276141462844, "max_depth": 9.0, "num_boost_round": 4.0}, "datetime": {"datetime": "2024-01-19 00:45:06", "elapsed": 1995.904977, "delta": 0.002897}}
{"target": -17.676627090649955, "params": {"gamma": 410.7436954125083, "log10_alpha": 0.032843589158350284, "log10_colsample_bytree": -0.932338213667911, "log10_eta": -2.6189423947858783, "log10_lambda": -4.193779706871725, "log10_min_child_weight": 1.9523261260618885, "log10_subsample": -0.5313276141462844, "max_depth": 9.0, "num_boost_round": 5.0}, "datetime": {"datetime": "2024-01-19 00:45:06", "elapsed": 1995.90789, "delta": 0.002913}}
{"target": -17.67667631315524, "params": {"gamma": 410.7436954125083, "log10_alpha": 0.032843589158350284, "log10_colsample_bytree": -0.932338213667911, "log10_eta": -2.6189423947858783, "log10_lambda": -4.193779706871725, "log10_min_child_weight": 1.9523261260618885, "log10_subsample": -0.5313276141462844, "max_depth": 9.0, "num_boost_round": 6.0}, "datetime": {"datetime": "2024-01-19 00:45:06", "elapsed": 1995.910781, "delta": 0.002891}}
{"target": -17.676541898520732, "params": {"gamma": 410.7436954125083, "log10_alpha": 0.032843589158350284, "log10_colsample_bytree": -0.932338213667911, "log10_eta": -2.6189423947858783, "log10_lambda": -4.193779706871725, "log10_min_child_weight": 1.9523261260618885, "log10_subsample": -0.5313276141462844, "max_depth": 9.0, "num_boost_round": 7.0}, "datetime": {"datetime": "2024-01-19 00:45:06", "elapsed": 1995.913788, "delta": 0.003007}}
{"target": -17.676449975832742, "params": {"gamma": 410.7436954125083, "log10_alpha": 0.032843589158350284, "log10_colsample_bytree": -0.932338213667911, "log10_eta": -2.6189423947858783, "log10_lambda": -4.193779706871725, "log10_min_child_weight": 1.9523261260618885, "log10_subsample": -0.5313276141462844, "max_depth": 9.0, "num_boost_round": 8.0}, "datetime": {"datetime": "2024-01-19 00:45:06", "elapsed": 1995.916771, "delta": 0.002983}}
{"target": -17.676391213164226, "params": {"gamma": 410.7436954125083, "log10_alpha": 0.032843589158350284, "log10_colsample_bytree": -0.932338213667911, "log10_eta": -2.6189423947858783, "log10_lambda": -4.193779706871725, "log10_min_child_weight": 1.9523261260618885, "log10_subsample": -0.5313276141462844, "max_depth": 9.0, "num_boost_round": 9.0}, "datetime": {"datetime": "2024-01-19 00:45:06", "elapsed": 1995.919683, "delta": 0.002912}}
{"target": -17.676332777617034, "params": {"gamma": 410.7436954125083, "log10_alpha": 0.032843589158350284, "log10_colsample_bytree": -0.932338213667911, "log10_eta": -2.6189423947858783, "log10_lambda": -4.193779706871725, "log10_min_child_weight": 1.9523261260618885, "log10_subsample": -0.5313276141462844, "max_depth": 9.0, "num_boost_round": 10.0}, "datetime": {"datetime": "2024-01-19 00:45:06", "elapsed": 1995.922746, "delta": 0.003063}}
{"target": -17.676285398462177, "params": {"gamma": 410.7436954125083, "log10_alpha": 0.032843589158350284, "log10_colsample_bytree": -0.932338213667911, "log10_eta": -2.6189423947858783, "log10_lambda": -4.193779706871725, "log10_min_child_weight": 1.9523261260618885, "log10_subsample": -0.5313276141462844, "max_depth": 9.0, "num_boost_round": 11.0}, "datetime": {"datetime": "2024-01-19 00:45:06", "elapsed": 1995.925702, "delta": 0.002956}}
{"target": -17.676238389507624, "params": {"gamma": 410.7436954125083, "log10_alpha": 0.032843589158350284, "log10_colsample_bytree": -0.932338213667911, "log10_eta": -2.6189423947858783, "log10_lambda": -4.193779706871725, "log10_min_child_weight": 1.9523261260618885, "log10_subsample": -0.5313276141462844, "max_depth": 9.0, "num_boost_round": 12.0}, "datetime": {"datetime": "2024-01-19 00:45:06", "elapsed": 1995.928609, "delta": 0.002907}}
{"target": -17.676167884386597, "params": {"gamma": 410.7436954125083, "log10_alpha": 0.032843589158350284, "log10_colsample_bytree": -0.932338213667911, "log10_eta": -2.6189423947858783, "log10_lambda": -4.193779706871725, "log10_min_child_weight": 1.9523261260618885, "log10_subsample": -0.5313276141462844, "max_depth": 9.0, "num_boost_round": 13.0}, "datetime": {"datetime": "2024-01-19 00:45:06", "elapsed": 1995.931536, "delta": 0.002927}}
{"target": -17.676173541714643, "params": {"gamma": 410.7436954125083, "log10_alpha": 0.032843589158350284, "log10_colsample_bytree": -0.932338213667911, "log10_eta": -2.6189423947858783, "log10_lambda": -4.193779706871725, "log10_min_child_weight": 1.9523261260618885, "log10_subsample": -0.5313276141462844, "max_depth": 9.0, "num_boost_round": 14.0}, "datetime": {"datetime": "2024-01-19 00:45:06", "elapsed": 1995.934485, "delta": 0.002949}}
{"target": -17.676101003432933, "params": {"gamma": 410.7436954125083, "log10_alpha": 0.032843589158350284, "log10_colsample_bytree": -0.932338213667911, "log10_eta": -2.6189423947858783, "log10_lambda": -4.193779706871725, "log10_min_child_weight": 1.9523261260618885, "log10_subsample": -0.5313276141462844, "max_depth": 9.0, "num_boost_round": 15.0}, "datetime": {"datetime": "2024-01-19 00:45:06", "elapsed": 1995.937424, "delta": 0.002939}}
{"target": -17.67607217535922, "params": {"gamma": 410.7436954125083, "log10_alpha": 0.032843589158350284, "log10_colsample_bytree": -0.932338213667911, "log10_eta": -2.6189423947858783, "log10_lambda": -4.193779706871725, "log10_min_child_weight": 1.9523261260618885, "log10_subsample": -0.5313276141462844, "max_depth": 9.0, "num_boost_round": 16.0}, "datetime": {"datetime": "2024-01-19 00:45:06", "elapsed": 1995.940339, "delta": 0.002915}}
{"target": -17.676050799935183, "params": {"gamma": 410.7436954125083, "log10_alpha": 0.032843589158350284, "log10_colsample_bytree": -0.932338213667911, "log10_eta": -2.6189423947858783, "log10_lambda": -4.193779706871725, "log10_min_child_weight": 1.9523261260618885, "log10_subsample": -0.5313276141462844, "max_depth": 9.0, "num_boost_round": 17.0}, "datetime": {"datetime": "2024-01-19 00:45:06", "elapsed": 1995.943471, "delta": 0.003132}}
{"target": -17.67599393657174, "params": {"gamma": 410.7436954125083, "log10_alpha": 0.032843589158350284, "log10_colsample_bytree": -0.932338213667911, "log10_eta": -2.6189423947858783, "log10_lambda": -4.193779706871725, "log10_min_child_weight": 1.9523261260618885, "log10_subsample": -0.5313276141462844, "max_depth": 9.0, "num_boost_round": 18.0}, "datetime": {"datetime": "2024-01-19 00:45:06", "elapsed": 1995.94653, "delta": 0.003059}}
{"target": -17.67573227763457, "params": {"gamma": 410.7436954125083, "log10_alpha": 0.032843589158350284, "log10_colsample_bytree": -0.932338213667911, "log10_eta": -2.6189423947858783, "log10_lambda": -4.193779706871725, "log10_min_child_weight": 1.9523261260618885, "log10_subsample": -0.5313276141462844, "max_depth": 9.0, "num_boost_round": 19.0}, "datetime": {"datetime": "2024-01-19 00:45:06", "elapsed": 1995.949539, "delta": 0.003009}}
{"target": -17.675583376596084, "params": {"gamma": 410.7436954125083, "log10_alpha": 0.032843589158350284, "log10_colsample_bytree": -0.932338213667911, "log10_eta": -2.6189423947858783, "log10_lambda": -4.193779706871725, "log10_min_child_weight": 1.9523261260618885, "log10_subsample": -0.5313276141462844, "max_depth": 9.0, "num_boost_round": 20.0}, "datetime": {"datetime": "2024-01-19 00:45:06", "elapsed": 1995.952603, "delta": 0.003064}}
{"target": -17.677206639667652, "params": {"gamma": 409.7915524491478, "log10_alpha": -3.910128319997553, "log10_colsample_bytree": -0.1834340688508953, "log10_eta": -3.5806568576693314, "log10_lambda": -3.172100385421582, "log10_min_child_weight": 1.7781495009215238, "log10_subsample": -0.1718007614989947, "max_depth": 7.0, "num_boost_round": 0.0}, "datetime": {"datetime": "2024-01-19 00:45:36", "elapsed": 2026.719258, "delta": 30.766655}}
{"target": -17.677190358885646, "params": {"gamma": 409.7915524491478, "log10_alpha": -3.910128319997553, "log10_colsample_bytree": -0.1834340688508953, "log10_eta": -3.5806568576693314, "log10_lambda": -3.172100385421582, "log10_min_child_weight": 1.7781495009215238, "log10_subsample": -0.1718007614989947, "max_depth": 7.0, "num_boost_round": 1.0}, "datetime": {"datetime": "2024-01-19 00:45:36", "elapsed": 2026.722735, "delta": 0.003477}}
{"target": -17.677178429690976, "params": {"gamma": 409.7915524491478, "log10_alpha": -3.910128319997553, "log10_colsample_bytree": -0.1834340688508953, "log10_eta": -3.5806568576693314, "log10_lambda": -3.172100385421582, "log10_min_child_weight": 1.7781495009215238, "log10_subsample": -0.1718007614989947, "max_depth": 7.0, "num_boost_round": 2.0}, "datetime": {"datetime": "2024-01-19 00:45:36", "elapsed": 2026.72575, "delta": 0.003015}}
{"target": -17.677148106905396, "params": {"gamma": 409.7915524491478, "log10_alpha": -3.910128319997553, "log10_colsample_bytree": -0.1834340688508953, "log10_eta": -3.5806568576693314, "log10_lambda": -3.172100385421582, "log10_min_child_weight": 1.7781495009215238, "log10_subsample": -0.1718007614989947, "max_depth": 7.0, "num_boost_round": 3.0}, "datetime": {"datetime": "2024-01-19 00:45:36", "elapsed": 2026.728722, "delta": 0.002972}}
{"target": -17.677145703748675, "params": {"gamma": 409.7915524491478, "log10_alpha": -3.910128319997553, "log10_colsample_bytree": -0.1834340688508953, "log10_eta": -3.5806568576693314, "log10_lambda": -3.172100385421582, "log10_min_child_weight": 1.7781495009215238, "log10_subsample": -0.1718007614989947, "max_depth": 7.0, "num_boost_round": 4.0}, "datetime": {"datetime": "2024-01-19 00:45:36", "elapsed": 2026.731718, "delta": 0.002996}}
{"target": -17.677107004868713, "params": {"gamma": 409.7915524491478, "log10_alpha": -3.910128319997553, "log10_colsample_bytree": -0.1834340688508953, "log10_eta": -3.5806568576693314, "log10_lambda": -3.172100385421582, "log10_min_child_weight": 1.7781495009215238, "log10_subsample": -0.1718007614989947, "max_depth": 7.0, "num_boost_round": 5.0}, "datetime": {"datetime": "2024-01-19 00:45:36", "elapsed": 2026.73466, "delta": 0.002942}}
{"target": -17.677095443194624, "params": {"gamma": 409.7915524491478, "log10_alpha": -3.910128319997553, "log10_colsample_bytree": -0.1834340688508953, "log10_eta": -3.5806568576693314, "log10_lambda": -3.172100385421582, "log10_min_child_weight": 1.7781495009215238, "log10_subsample": -0.1718007614989947, "max_depth": 7.0, "num_boost_round": 6.0}, "datetime": {"datetime": "2024-01-19 00:45:36", "elapsed": 2026.737562, "delta": 0.002902}}
{"target": -17.67708093720581, "params": {"gamma": 409.7915524491478, "log10_alpha": -3.910128319997553, "log10_colsample_bytree": -0.1834340688508953, "log10_eta": -3.5806568576693314, "log10_lambda": -3.172100385421582, "log10_min_child_weight": 1.7781495009215238, "log10_subsample": -0.1718007614989947, "max_depth": 7.0, "num_boost_round": 7.0}, "datetime": {"datetime": "2024-01-19 00:45:36", "elapsed": 2026.740472, "delta": 0.00291}}
{"target": -17.677052498440815, "params": {"gamma": 409.7915524491478, "log10_alpha": -3.910128319997553, "log10_colsample_bytree": -0.1834340688508953, "log10_eta": -3.5806568576693314, "log10_lambda": -3.172100385421582, "log10_min_child_weight": 1.7781495009215238, "log10_subsample": -0.1718007614989947, "max_depth": 7.0, "num_boost_round": 8.0}, "datetime": {"datetime": "2024-01-19 00:45:36", "elapsed": 2026.743595, "delta": 0.003123}}
{"target": -17.67705007977571, "params": {"gamma": 409.7915524491478, "log10_alpha": -3.910128319997553, "log10_colsample_bytree": -0.1834340688508953, "log10_eta": -3.5806568576693314, "log10_lambda": -3.172100385421582, "log10_min_child_weight": 1.7781495009215238, "log10_subsample": -0.1718007614989947, "max_depth": 7.0, "num_boost_round": 9.0}, "datetime": {"datetime": "2024-01-19 00:45:36", "elapsed": 2026.746632, "delta": 0.003037}}
{"target": -17.67702178498258, "params": {"gamma": 409.7915524491478, "log10_alpha": -3.910128319997553, "log10_colsample_bytree": -0.1834340688508953, "log10_eta": -3.5806568576693314, "log10_lambda": -3.172100385421582, "log10_min_child_weight": 1.7781495009215238, "log10_subsample": -0.1718007614989947, "max_depth": 7.0, "num_boost_round": 10.0}, "datetime": {"datetime": "2024-01-19 00:45:36", "elapsed": 2026.749639, "delta": 0.003007}}
{"target": -17.677012816510388, "params": {"gamma": 409.7915524491478, "log10_alpha": -3.910128319997553, "log10_colsample_bytree": -0.1834340688508953, "log10_eta": -3.5806568576693314, "log10_lambda": -3.172100385421582, "log10_min_child_weight": 1.7781495009215238, "log10_subsample": -0.1718007614989947, "max_depth": 7.0, "num_boost_round": 11.0}, "datetime": {"datetime": "2024-01-19 00:45:36", "elapsed": 2026.752694, "delta": 0.003055}}
{"target": -17.676991486422235, "params": {"gamma": 409.7915524491478, "log10_alpha": -3.910128319997553, "log10_colsample_bytree": -0.1834340688508953, "log10_eta": -3.5806568576693314, "log10_lambda": -3.172100385421582, "log10_min_child_weight": 1.7781495009215238, "log10_subsample": -0.1718007614989947, "max_depth": 7.0, "num_boost_round": 12.0}, "datetime": {"datetime": "2024-01-19 00:45:36", "elapsed": 2026.755601, "delta": 0.002907}}
{"target": -17.67695382206319, "params": {"gamma": 409.7915524491478, "log10_alpha": -3.910128319997553, "log10_colsample_bytree": -0.1834340688508953, "log10_eta": -3.5806568576693314, "log10_lambda": -3.172100385421582, "log10_min_child_weight": 1.7781495009215238, "log10_subsample": -0.1718007614989947, "max_depth": 7.0, "num_boost_round": 13.0}, "datetime": {"datetime": "2024-01-19 00:45:36", "elapsed": 2026.758496, "delta": 0.002895}}
{"target": -17.676950809008268, "params": {"gamma": 409.7915524491478, "log10_alpha": -3.910128319997553, "log10_colsample_bytree": -0.1834340688508953, "log10_eta": -3.5806568576693314, "log10_lambda": -3.172100385421582, "log10_min_child_weight": 1.7781495009215238, "log10_subsample": -0.1718007614989947, "max_depth": 7.0, "num_boost_round": 14.0}, "datetime": {"datetime": "2024-01-19 00:45:36", "elapsed": 2026.76138, "delta": 0.002884}}
{"target": -17.676941422285225, "params": {"gamma": 409.7915524491478, "log10_alpha": -3.910128319997553, "log10_colsample_bytree": -0.1834340688508953, "log10_eta": -3.5806568576693314, "log10_lambda": -3.172100385421582, "log10_min_child_weight": 1.7781495009215238, "log10_subsample": -0.1718007614989947, "max_depth": 7.0, "num_boost_round": 15.0}, "datetime": {"datetime": "2024-01-19 00:45:36", "elapsed": 2026.764423, "delta": 0.003043}}
{"target": -17.676918684131156, "params": {"gamma": 409.7915524491478, "log10_alpha": -3.910128319997553, "log10_colsample_bytree": -0.1834340688508953, "log10_eta": -3.5806568576693314, "log10_lambda": -3.172100385421582, "log10_min_child_weight": 1.7781495009215238, "log10_subsample": -0.1718007614989947, "max_depth": 7.0, "num_boost_round": 16.0}, "datetime": {"datetime": "2024-01-19 00:45:36", "elapsed": 2026.767319, "delta": 0.002896}}
{"target": -17.677217289084467, "params": {"gamma": 411.48985312439135, "log10_alpha": -3.0402491572506998, "log10_colsample_bytree": -0.5121233834264379, "log10_eta": -3.5391568058292466, "log10_lambda": -2.1401983097294877, "log10_min_child_weight": 2.139500205626972, "log10_subsample": -0.5227265963521038, "max_depth": 3.0, "num_boost_round": 0.0}, "datetime": {"datetime": "2024-01-19 00:46:12", "elapsed": 2062.302311, "delta": 35.534992}}
{"target": -17.67720462257798, "params": {"gamma": 411.48985312439135, "log10_alpha": -3.0402491572506998, "log10_colsample_bytree": -0.5121233834264379, "log10_eta": -3.5391568058292466, "log10_lambda": -2.1401983097294877, "log10_min_child_weight": 2.139500205626972, "log10_subsample": -0.5227265963521038, "max_depth": 3.0, "num_boost_round": 1.0}, "datetime": {"datetime": "2024-01-19 00:46:12", "elapsed": 2062.305705, "delta": 0.003394}}
