{"target": -17.672406772371044, "params": {"gamma": 838.2712982088059, "log10_alpha": -3.3912907136725456, "log10_colsample_bytree": -0.5862706009022778, "log10_eta": -1.5881616444589266, "log10_lambda": -1.9565394379625127, "log10_min_child_weight": 1.4384148821965907, "log10_subsample": -0.42087703005178156, "max_depth": 3.0, "num_boost_round": 6.0}, "datetime": {"datetime": "2024-01-19 02:21:28", "elapsed": 7769.355119, "delta": 0.006443}}
{"target": -17.671536475105114, "params": {"gamma": 838.2712982088059, "log10_alpha": -3.3912907136725456, "log10_colsample_bytree": -0.5862706009022778, "log10_eta": -1.5881616444589266, "log10_lambda": -1.9565394379625127, "log10_min_child_weight": 1.4384148821965907, "log10_subsample": -0.42087703005178156, "max_depth": 3.0, "num_boost_round": 7.0}, "datetime": {"datetime": "2024-01-19 02:21:28", "elapsed": 7769.361554, "delta": 0.006435}}
{"target": -17.671241668873606, "params": {"gamma": 838.2712982088059, "log10_alpha": -3.3912907136725456, "log10_colsample_bytree": -0.5862706009022778, "log10_eta": -1.5881616444589266, "log10_lambda": -1.9565394379625127, "log10_min_child_weight": 1.4384148821965907, "log10_subsample": -0.42087703005178156, "max_depth": 3.0, "num_boost_round": 8.0}, "datetime": {"datetime": "2024-01-19 02:21:28", "elapsed": 7769.501926, "delta": 0.140372}}
{"target": -17.67053425969953, "params": {"gamma": 838.2712982088059, "log10_alpha": -3.3912907136725456, "log10_colsample_bytree": -0.5862706009022778, "log10_eta": -1.5881616444589266, "log10_lambda": -1.9565394379625127, "log10_min_child_weight": 1.4384148821965907, "log10_subsample": -0.42087703005178156, "max_depth": 3.0, "num_boost_round": 9.0}, "datetime": {"datetime": "2024-01-19 02:21:28", "elapsed": 7769.50936, "delta": 0.007434}}
{"target": -17.66954515209433, "params": {"gamma": 838.2712982088059, "log10_alpha": -3.3912907136725456, "log10_colsample_bytree": -0.5862706009022778, "log10_eta": -1.5881616444589266, "log10_lambda": -1.9565394379625127, "log10_min_child_weight": 1.4384148821965907, "log10_subsample": -0.42087703005178156, "max_depth": 3.0, "num_boost_round": 10.0}, "datetime": {"datetime": "2024-01-19 02:21:28", "elapsed": 7769.516127, "delta": 0.006767}}
{"target": -17.669462238786124, "params": {"gamma": 838.2712982088059, "log10_alpha": -3.3912907136725456, "log10_colsample_bytree": -0.5862706009022778, "log10_eta": -1.5881616444589266, "log10_lambda": -1.9565394379625127, "log10_min_child_weight": 1.4384148821965907, "log10_subsample": -0.42087703005178156, "max_depth": 3.0, "num_boost_round": 11.0}, "datetime": {"datetime": "2024-01-19 02:21:28", "elapsed": 7769.522881, "delta": 0.006754}}
{"target": -17.66933678668472, "params": {"gamma": 838.2712982088059, "log10_alpha": -3.3912907136725456, "log10_colsample_bytree": -0.5862706009022778, "log10_eta": -1.5881616444589266, "log10_lambda": -1.9565394379625127, "log10_min_child_weight": 1.4384148821965907, "log10_subsample": -0.42087703005178156, "max_depth": 3.0, "num_boost_round": 12.0}, "datetime": {"datetime": "2024-01-19 02:21:28", "elapsed": 7769.52929, "delta": 0.006409}}
{"target": -17.668768739602463, "params": {"gamma": 838.2712982088059, "log10_alpha": -3.3912907136725456, "log10_colsample_bytree": -0.5862706009022778, "log10_eta": -1.5881616444589266, "log10_lambda": -1.9565394379625127, "log10_min_child_weight": 1.4384148821965907, "log10_subsample": -0.42087703005178156, "max_depth": 3.0, "num_boost_round": 13.0}, "datetime": {"datetime": "2024-01-19 02:21:28", "elapsed": 7769.535726, "delta": 0.006436}}
{"target": -17.668575863235446, "params": {"gamma": 838.2712982088059, "log10_alpha": -3.3912907136725456, "log10_colsample_bytree": -0.5862706009022778, "log10_eta": -1.5881616444589266, "log10_lambda": -1.9565394379625127, "log10_min_child_weight": 1.4384148821965907, "log10_subsample": -0.42087703005178156, "max_depth": 3.0, "num_boost_round": 14.0}, "datetime": {"datetime": "2024-01-19 02:21:28", "elapsed": 7769.542242, "delta": 0.006516}}
{"target": -17.77126261115079, "params": {"gamma": 838.5429569327766, "log10_alpha": -4.580771580793561, "log10_colsample_bytree": -0.2657063882278853, "log10_eta": -0.2903881186130084, "log10_lambda": 0.0547787523685912, "log10_min_child_weight": 1.0656411392506848, "log10_subsample": -0.8822294480622158, "max_depth": 6.0, "num_boost_round": 0.0}, "datetime": {"datetime": "2024-01-19 02:23:24", "elapsed": 7885.316202, "delta": 115.77396}}
{"target": -17.848295109048905, "params": {"gamma": 838.5429569327766, "log10_alpha": -4.580771580793561, "log10_colsample_bytree": -0.2657063882278853, "log10_eta": -0.2903881186130084, "log10_lambda": 0.0547787523685912, "log10_min_child_weight": 1.0656411392506848, "log10_subsample": -0.8822294480622158, "max_depth": 6.0, "num_boost_round": 1.0}, "datetime": {"datetime": "2024-01-19 02:23:24", "elapsed": 7885.323693, "delta": 0.007491}}
{"target": -17.939582837052185, "params": {"gamma": 838.5429569327766, "log10_alpha": -4.580771580793561, "log10_colsample_bytree": -0.2657063882278853, "log10_eta": -0.2903881186130084, "log10_lambda": 0.0547787523685912, "log10_min_child_weight": 1.0656411392506848, "log10_subsample": -0.8822294480622158, "max_depth": 6.0, "num_boost_round": 2.0}, "datetime": {"datetime": "2024-01-19 02:23:24", "elapsed": 7885.330328, "delta": 0.006635}}
{"target": -17.991643329456025, "params": {"gamma": 838.5429569327766, "log10_alpha": -4.580771580793561, "log10_colsample_bytree": -0.2657063882278853, "log10_eta": -0.2903881186130084, "log10_lambda": 0.0547787523685912, "log10_min_child_weight": 1.0656411392506848, "log10_subsample": -0.8822294480622158, "max_depth": 6.0, "num_boost_round": 3.0}, "datetime": {"datetime": "2024-01-19 02:23:24", "elapsed": 7885.336878, "delta": 0.00655}}
{"target": -18.04442920794364, "params": {"gamma": 838.5429569327766, "log10_alpha": -4.580771580793561, "log10_colsample_bytree": -0.2657063882278853, "log10_eta": -0.2903881186130084, "log10_lambda": 0.0547787523685912, "log10_min_child_weight": 1.0656411392506848, "log10_subsample": -0.8822294480622158, "max_depth": 6.0, "num_boost_round": 4.0}, "datetime": {"datetime": "2024-01-19 02:23:24", "elapsed": 7885.343453, "delta": 0.006575}}
{"target": -18.336229830754824, "params": {"gamma": 838.5429569327766, "log10_alpha": -4.580771580793561, "log10_colsample_bytree": -0.2657063882278853, "log10_eta": -0.2903881186130084, "log10_lambda": 0.0547787523685912, "log10_min_child_weight": 1.0656411392506848, "log10_subsample": -0.8822294480622158, "max_depth": 6.0, "num_boost_round": 5.0}, "datetime": {"datetime": "2024-01-19 02:23:24", "elapsed": 7885.350188, "delta": 0.006735}}
{"target": -18.383868016134944, "params": {"gamma": 838.5429569327766, "log10_alpha": -4.580771580793561, "log10_colsample_bytree": -0.2657063882278853, "log10_eta": -0.2903881186130084, "log10_lambda": 0.0547787523685912, "log10_min_child_weight": 1.0656411392506848, "log10_subsample": -0.8822294480622158, "max_depth": 6.0, "num_boost_round": 6.0}, "datetime": {"datetime": "2024-01-19 02:23:24", "elapsed": 7885.356433, "delta": 0.006245}}
{"target": -18.432250635764664, "params": {"gamma": 838.5429569327766, "log10_alpha": -4.580771580793561, "log10_colsample_bytree": -0.2657063882278853, "log10_eta": -0.2903881186130084, "log10_lambda": 0.0547787523685912, "log10_min_child_weight": 1.0656411392506848, "log10_subsample": -0.8822294480622158, "max_depth": 6.0, "num_boost_round": 7.0}, "datetime": {"datetime": "2024-01-19 02:23:24", "elapsed": 7885.362726, "delta": 0.006293}}
{"target": -18.490586482907144, "params": {"gamma": 838.5429569327766, "log10_alpha": -4.580771580793561, "log10_colsample_bytree": -0.2657063882278853, "log10_eta": -0.2903881186130084, "log10_lambda": 0.0547787523685912, "log10_min_child_weight": 1.0656411392506848, "log10_subsample": -0.8822294480622158, "max_depth": 6.0, "num_boost_round": 8.0}, "datetime": {"datetime": "2024-01-19 02:23:24", "elapsed": 7885.369152, "delta": 0.006426}}
{"target": -18.526145998667797, "params": {"gamma": 838.5429569327766, "log10_alpha": -4.580771580793561, "log10_colsample_bytree": -0.2657063882278853, "log10_eta": -0.2903881186130084, "log10_lambda": 0.0547787523685912, "log10_min_child_weight": 1.0656411392506848, "log10_subsample": -0.8822294480622158, "max_depth": 6.0, "num_boost_round": 9.0}, "datetime": {"datetime": "2024-01-19 02:23:24", "elapsed": 7885.375733, "delta": 0.006581}}
{"target": -17.677083341926068, "params": {"gamma": 840.4066871652487, "log10_alpha": -2.3919994443010735, "log10_colsample_bytree": -0.7182345475443227, "log10_eta": -2.4425169016165196, "log10_lambda": -4.058901429222298, "log10_min_child_weight": 3.6371014583682677, "log10_subsample": -0.55230047034502, "max_depth": 9.0, "num_boost_round": 0.0}, "datetime": {"datetime": "2024-01-19 02:24:55", "elapsed": 7976.086463, "delta": 90.71073}}
{"target": -17.676948454078705, "params": {"gamma": 840.4066871652487, "log10_alpha": -2.3919994443010735, "log10_colsample_bytree": -0.7182345475443227, "log10_eta": -2.4425169016165196, "log10_lambda": -4.058901429222298, "log10_min_child_weight": 3.6371014583682677, "log10_subsample": -0.55230047034502, "max_depth": 9.0, "num_boost_round": 1.0}, "datetime": {"datetime": "2024-01-19 02:24:55", "elapsed": 7976.093796, "delta": 0.007333}}
{"target": -17.676834241122723, "params": {"gamma": 840.4066871652487, "log10_alpha": -2.3919994443010735, "log10_colsample_bytree": -0.7182345475443227, "log10_eta": -2.4425169016165196, "log10_lambda": -4.058901429222298, "log10_min_child_weight": 3.6371014583682677, "log10_subsample": -0.55230047034502, "max_depth": 9.0, "num_boost_round": 2.0}, "datetime": {"datetime": "2024-01-19 02:24:55", "elapsed": 7976.100927, "delta": 0.007131}}
{"target": -17.676807533440808, "params": {"gamma": 840.4066871652487, "log10_alpha": -2.3919994443010735, "log10_colsample_bytree": -0.7182345475443227, "log10_eta": -2.4425169016165196, "log10_lambda": -4.058901429222298, "log10_min_child_weight": 3.6371014583682677, "log10_subsample": -0.55230047034502, "max_depth": 9.0, "num_boost_round": 3.0}, "datetime": {"datetime": "2024-01-19 02:24:55", "elapsed": 7976.107164, "delta": 0.006237}}
{"target": -17.676691850523937, "params": {"gamma": 840.4066871652487, "log10_alpha": -2.3919994443010735, "log10_colsample_bytree": -0.7182345475443227, "log10_eta": -2.4425169016165196, "log10_lambda": -4.058901429222298, "log10_min_child_weight": 3.6371014583682677, "log10_subsample": -0.55230047034502, "max_depth": 9.0, "num_boost_round": 4.0}, "datetime": {"datetime": "2024-01-19 02:24:55", "elapsed": 7976.113626, "delta": 0.006462}}
{"target": -17.67665259694576, "params": {"gamma": 840.4066871652487, "log10_alpha": -2.3919994443010735, "log10_colsample_bytree": -0.7182345475443227, "log10_eta": -2.4425169016165196, "log10_lambda": -4.058901429222298, "log10_min_child_weight": 3.6371014583682677, "log10_subsample": -0.55230047034502, "max_depth": 9.0, "num_boost_round": 5.0}, "datetime": {"datetime": "2024-01-19 02:24:55", "elapsed": 7976.120269, "delta": 0.006643}}
{"target": -17.676554872405976, "params": {"gamma": 840.4066871652487, "log10_alpha": -2.3919994443010735, "log10_colsample_bytree": -0.7182345475443227, "log10_eta": -2.4425169016165196, "log10_lambda": -4.058901429222298, "log10_min_child_weight": 3.6371014583682677, "log10_subsample": -0.55230047034502, "max_depth": 9.0, "num_boost_round": 6.0}, "datetime": {"datetime": "2024-01-19 02:24:55", "elapsed": 7976.126736, "delta": 0.006467}}
{"target": -17.676501541164587, "params": {"gamma": 840.4066871652487, "log10_alpha": -2.3919994443010735, "log10_colsample_bytree": -0.7182345475443227, "log10_eta": -2.4425169016165196, "log10_lambda": -4.058901429222298, "log10_min_child_weight": 3.6371014583682677, "log10_subsample": -0.55230047034502, "max_depth": 9.0, "num_boost_round": 7.0}, "datetime": {"datetime": "2024-01-19 02:24:55", "elapsed": 7976.133112, "delta": 0.006376}}
{"target": -17.676331698092127, "params": {"gamma": 840.4066871652487, "log10_alpha": -2.3919994443010735, "log10_colsample_bytree": -0.7182345475443227, "log10_eta": -2.4425169016165196, "log10_lambda": -4.058901429222298, "log10_min_child_weight": 3.6371014583682677, "log10_subsample": -0.55230047034502, "max_depth": 9.0, "num_boost_round": 8.0}, "datetime": {"datetime": "2024-01-19 02:24:55", "elapsed": 7976.139457, "delta": 0.006345}}
{"target": -17.67628266290943, "params": {"gamma": 840.4066871652487, "log10_alpha": -2.3919994443010735, "log10_colsample_bytree": -0.7182345475443227, "log10_eta": -2.4425169016165196, "log10_lambda": -4.058901429222298, "log10_min_child_weight": 3.6371014583682677, "log10_subsample": -0.55230047034502, "max_depth": 9.0, "num_boost_round": 9.0}, "datetime": {"datetime": "2024-01-19 02:24:55", "elapsed": 7976.145756, "delta": 0.006299}}
{"target": -17.676163657725898, "params": {"gamma": 840.4066871652487, "log10_alpha": -2.3919994443010735, "log10_colsample_bytree": -0.7182345475443227, "log10_eta": -2.4425169016165196, "log10_lambda": -4.058901429222298, "log10_min_child_weight": 3.6371014583682677, "log10_subsample": -0.55230047034502, "max_depth": 9.0, "num_boost_round": 10.0}, "datetime": {"datetime": "2024-01-19 02:24:55", "elapsed": 7976.152081, "delta": 0.006325}}
{"target": -17.676200180781677, "params": {"gamma": 840.4066871652487, "log10_alpha": -2.3919994443010735, "log10_colsample_bytree": -0.7182345475443227, "log10_eta": -2.4425169016165196, "log10_lambda": -4.058901429222298, "log10_min_child_weight": 3.6371014583682677, "log10_subsample": -0.55230047034502, "max_depth": 9.0, "num_boost_round": 11.0}, "datetime": {"datetime": "2024-01-19 02:24:55", "elapsed": 7976.158586, "delta": 0.006505}}
{"target": -17.676098655445767, "params": {"gamma": 840.4066871652487, "log10_alpha": -2.3919994443010735, "log10_colsample_bytree": -0.7182345475443227, "log10_eta": -2.4425169016165196, "log10_lambda": -4.058901429222298, "log10_min_child_weight": 3.6371014583682677, "log10_subsample": -0.55230047034502, "max_depth": 9.0, "num_boost_round": 12.0}, "datetime": {"datetime": "2024-01-19 02:24:55", "elapsed": 7976.165061, "delta": 0.006475}}
{"target": -17.675985778105723, "params": {"gamma": 840.4066871652487, "log10_alpha": -2.3919994443010735, "log10_colsample_bytree": -0.7182345475443227, "log10_eta": -2.4425169016165196, "log10_lambda": -4.058901429222298, "log10_min_child_weight": 3.6371014583682677, "log10_subsample": -0.55230047034502, "max_depth": 9.0, "num_boost_round": 13.0}, "datetime": {"datetime": "2024-01-19 02:24:55", "elapsed": 7976.171973, "delta": 0.006912}}
{"target": -17.677204364319664, "params": {"gamma": 831.9072076910804, "log10_alpha": -3.8438887554277317, "log10_colsample_bytree": -0.2563143624516394, "log10_eta": -2.772524680995874, "log10_lambda": -3.6365268377123154, "log10_min_child_weight": 3.614725945826034, "log10_subsample": -0.14569121968746812, "max_depth": 2.0, "num_boost_round": 0.0}, "datetime": {"datetime": "2024-01-19 02:26:00", "elapsed": 8041.390328, "delta": 65.218355}}
{"target": -17.677158943200123, "params": {"gamma": 831.9072076910804, "log10_alpha": -3.8438887554277317, "log10_colsample_bytree": -0.2563143624516394, "log10_eta": -2.772524680995874, "log10_lambda": -3.6365268377123154, "log10_min_child_weight": 3.614725945826034, "log10_subsample": -0.14569121968746812, "max_depth": 2.0, "num_boost_round": 1.0}, "datetime": {"datetime": "2024-01-19 02:26:00", "elapsed": 8041.397853, "delta": 0.007525}}
{"target": -17.677115691310696, "params": {"gamma": 831.9072076910804, "log10_alpha": -3.8438887554277317, "log10_colsample_bytree": -0.2563143624516394, "log10_eta": -2.772524680995874, "log10_lambda": -3.6365268377123154, "log10_min_child_weight": 3.614725945826034, "log10_subsample": -0.14569121968746812, "max_depth": 2.0, "num_boost_round": 2.0}, "datetime": {"datetime": "2024-01-19 02:26:00", "elapsed": 8041.404814, "delta": 0.006961}}
{"target": -17.677092636238417, "params": {"gamma": 831.9072076910804, "log10_alpha": -3.8438887554277317, "log10_colsample_bytree": -0.2563143624516394, "log10_eta": -2.772524680995874, "log10_lambda": -3.6365268377123154, "log10_min_child_weight": 3.614725945826034, "log10_subsample": -0.14569121968746812, "max_depth": 2.0, "num_boost_round": 3.0}, "datetime": {"datetime": "2024-01-19 02:26:00", "elapsed": 8041.411596, "delta": 0.006782}}
{"target": -17.67708228044172, "params": {"gamma": 831.9072076910804, "log10_alpha": -3.8438887554277317, "log10_colsample_bytree": -0.2563143624516394, "log10_eta": -2.772524680995874, "log10_lambda": -3.6365268377123154, "log10_min_child_weight": 3.614725945826034, "log10_subsample": -0.14569121968746812, "max_depth": 2.0, "num_boost_round": 4.0}, "datetime": {"datetime": "2024-01-19 02:26:00", "elapsed": 8041.417892, "delta": 0.006296}}
{"target": -17.677046612273568, "params": {"gamma": 831.9072076910804, "log10_alpha": -3.8438887554277317, "log10_colsample_bytree": -0.2563143624516394, "log10_eta": -2.772524680995874, "log10_lambda": -3.6365268377123154, "log10_min_child_weight": 3.614725945826034, "log10_subsample": -0.14569121968746812, "max_depth": 2.0, "num_boost_round": 5.0}, "datetime": {"datetime": "2024-01-19 02:26:00", "elapsed": 8041.424249, "delta": 0.006357}}
{"target": -17.677024319797514, "params": {"gamma": 831.9072076910804, "log10_alpha": -3.8438887554277317, "log10_colsample_bytree": -0.2563143624516394, "log10_eta": -2.772524680995874, "log10_lambda": -3.6365268377123154, "log10_min_child_weight": 3.614725945826034, "log10_subsample": -0.14569121968746812, "max_depth": 2.0, "num_boost_round": 6.0}, "datetime": {"datetime": "2024-01-19 02:26:00", "elapsed": 8041.430649, "delta": 0.0064}}
{"target": -17.676978617167777, "params": {"gamma": 831.9072076910804, "log10_alpha": -3.8438887554277317, "log10_colsample_bytree": -0.2563143624516394, "log10_eta": -2.772524680995874, "log10_lambda": -3.6365268377123154, "log10_min_child_weight": 3.614725945826034, "log10_subsample": -0.14569121968746812, "max_depth": 2.0, "num_boost_round": 7.0}, "datetime": {"datetime": "2024-01-19 02:26:00", "elapsed": 8041.437057, "delta": 0.006408}}
{"target": -17.676940569862417, "params": {"gamma": 831.9072076910804, "log10_alpha": -3.8438887554277317, "log10_colsample_bytree": -0.2563143624516394, "log10_eta": -2.772524680995874, "log10_lambda": -3.6365268377123154, "log10_min_child_weight": 3.614725945826034, "log10_subsample": -0.14569121968746812, "max_depth": 2.0, "num_boost_round": 8.0}, "datetime": {"datetime": "2024-01-19 02:26:00", "elapsed": 8041.443564, "delta": 0.006507}}
{"target": -17.67690202817553, "params": {"gamma": 831.9072076910804, "log10_alpha": -3.8438887554277317, "log10_colsample_bytree": -0.2563143624516394, "log10_eta": -2.772524680995874, "log10_lambda": -3.6365268377123154, "log10_min_child_weight": 3.614725945826034, "log10_subsample": -0.14569121968746812, "max_depth": 2.0, "num_boost_round": 9.0}, "datetime": {"datetime": "2024-01-19 02:26:00", "elapsed": 8041.450028, "delta": 0.006464}}
{"target": -17.67685757093178, "params": {"gamma": 831.9072076910804, "log10_alpha": -3.8438887554277317, "log10_colsample_bytree": -0.2563143624516394, "log10_eta": -2.772524680995874, "log10_lambda": -3.6365268377123154, "log10_min_child_weight": 3.614725945826034, "log10_subsample": -0.14569121968746812, "max_depth": 2.0, "num_boost_round": 10.0}, "datetime": {"datetime": "2024-01-19 02:26:00", "elapsed": 8041.456469, "delta": 0.006441}}
{"target": -17.67683454099754, "params": {"gamma": 831.9072076910804, "log10_alpha": -3.8438887554277317, "log10_colsample_bytree": -0.2563143624516394, "log10_eta": -2.772524680995874, "log10_lambda": -3.6365268377123154, "log10_min_child_weight": 3.614725945826034, "log10_subsample": -0.14569121968746812, "max_depth": 2.0, "num_boost_round": 11.0}, "datetime": {"datetime": "2024-01-19 02:26:00", "elapsed": 8041.462798, "delta": 0.006329}}
{"target": -17.677227804681564, "params": {"gamma": 837.2049248892641, "log10_alpha": -0.7380026436155589, "log10_colsample_bytree": -0.47550804373842714, "log10_eta": -3.8215440796599642, "log10_lambda": -3.666447311952634, "log10_min_child_weight": 0.9458112667718777, "log10_subsample": -0.49054539148080634, "max_depth": 5.0, "num_boost_round": 0.0}, "datetime": {"datetime": "2024-01-19 02:27:27", "elapsed": 8128.414807, "delta": 86.952009}}
{"target": -17.677219958783493, "params": {"gamma": 837.2049248892641, "log10_alpha": -0.7380026436155589, "log10_colsample_bytree": -0.47550804373842714, "log10_eta": -3.8215440796599642, "log10_lambda": -3.666447311952634, "log10_min_child_weight": 0.9458112667718777, "log10_subsample": -0.49054539148080634, "max_depth": 5.0, "num_boost_round": 1.0}, "datetime": {"datetime": "2024-01-19 02:27:27", "elapsed": 8128.422796, "delta": 0.007989}}
{"target": -17.677209236887936, "params": {"gamma": 837.2049248892641, "log10_alpha": -0.7380026436155589, "log10_colsample_bytree": -0.47550804373842714, "log10_eta": -3.8215440796599642, "log10_lambda": -3.666447311952634, "log10_min_child_weight": 0.9458112667718777, "log10_subsample": -0.49054539148080634, "max_depth": 5.0, "num_boost_round": 2.0}, "datetime": {"datetime": "2024-01-19 02:27:27", "elapsed": 8128.4295, "delta": 0.006704}}
{"target": -17.67720525195229, "params": {"gamma": 837.2049248892641, "log10_alpha": -0.7380026436155589, "log10_colsample_bytree": -0.47550804373842714, "log10_eta": -3.8215440796599642, "log10_lambda": -3.666447311952634, "log10_min_child_weight": 0.9458112667718777, "log10_subsample": -0.49054539148080634, "max_depth": 5.0, "num_boost_round": 3.0}, "datetime": {"datetime": "2024-01-19 02:27:27", "elapsed": 8128.435945, "delta": 0.006445}}
