{"target": -13.758256236084684, "params": {"gamma": 437.0306698916044, "log10_alpha": 0.8304107427480423, "log10_colsample_bytree": -0.3551918599288668, "log10_eta": -3.1216291050116447, "log10_lambda": -0.21525300267049552, "log10_min_child_weight": 3.5904401659720375, "log10_subsample": -0.03003649841174616, "max_depth": 4.0, "num_boost_round": 48.0}, "datetime": {"datetime": "2024-01-19 00:24:54", "elapsed": 798.512335, "delta": 0.002086}}
{"target": -13.75824923395397, "params": {"gamma": 437.0306698916044, "log10_alpha": 0.8304107427480423, "log10_colsample_bytree": -0.3551918599288668, "log10_eta": -3.1216291050116447, "log10_lambda": -0.21525300267049552, "log10_min_child_weight": 3.5904401659720375, "log10_subsample": -0.03003649841174616, "max_depth": 4.0, "num_boost_round": 49.0}, "datetime": {"datetime": "2024-01-19 00:24:54", "elapsed": 798.514231, "delta": 0.001896}}
{"target": -13.758256321357274, "params": {"gamma": 437.0306698916044, "log10_alpha": 0.8304107427480423, "log10_colsample_bytree": -0.3551918599288668, "log10_eta": -3.1216291050116447, "log10_lambda": -0.21525300267049552, "log10_min_child_weight": 3.5904401659720375, "log10_subsample": -0.03003649841174616, "max_depth": 4.0, "num_boost_round": 50.0}, "datetime": {"datetime": "2024-01-19 00:24:54", "elapsed": 798.51613, "delta": 0.001899}}
{"target": -13.75826553445695, "params": {"gamma": 437.0306698916044, "log10_alpha": 0.8304107427480423, "log10_colsample_bytree": -0.3551918599288668, "log10_eta": -3.1216291050116447, "log10_lambda": -0.21525300267049552, "log10_min_child_weight": 3.5904401659720375, "log10_subsample": -0.03003649841174616, "max_depth": 4.0, "num_boost_round": 51.0}, "datetime": {"datetime": "2024-01-19 00:24:54", "elapsed": 798.517954, "delta": 0.001824}}
{"target": -13.758269563759878, "params": {"gamma": 437.0306698916044, "log10_alpha": 0.8304107427480423, "log10_colsample_bytree": -0.3551918599288668, "log10_eta": -3.1216291050116447, "log10_lambda": -0.21525300267049552, "log10_min_child_weight": 3.5904401659720375, "log10_subsample": -0.03003649841174616, "max_depth": 4.0, "num_boost_round": 52.0}, "datetime": {"datetime": "2024-01-19 00:24:54", "elapsed": 798.519797, "delta": 0.001843}}
{"target": -13.758265334549481, "params": {"gamma": 437.0306698916044, "log10_alpha": 0.8304107427480423, "log10_colsample_bytree": -0.3551918599288668, "log10_eta": -3.1216291050116447, "log10_lambda": -0.21525300267049552, "log10_min_child_weight": 3.5904401659720375, "log10_subsample": -0.03003649841174616, "max_depth": 4.0, "num_boost_round": 53.0}, "datetime": {"datetime": "2024-01-19 00:24:54", "elapsed": 798.525771, "delta": 0.005974}}
{"target": -13.758479001993877, "params": {"gamma": 437.72611713929734, "log10_alpha": -1.9586484262236277, "log10_colsample_bytree": -0.8984582329710843, "log10_eta": -2.836602788534796, "log10_lambda": 0.09099279573396046, "log10_min_child_weight": 1.3021936090932484, "log10_subsample": -0.33026532183114254, "max_depth": 5.0, "num_boost_round": 0.0}, "datetime": {"datetime": "2024-01-19 00:25:37", "elapsed": 841.491473, "delta": 42.965702}}
{"target": -13.75843209225833, "params": {"gamma": 437.72611713929734, "log10_alpha": -1.9586484262236277, "log10_colsample_bytree": -0.8984582329710843, "log10_eta": -2.836602788534796, "log10_lambda": 0.09099279573396046, "log10_min_child_weight": 1.3021936090932484, "log10_subsample": -0.33026532183114254, "max_depth": 5.0, "num_boost_round": 1.0}, "datetime": {"datetime": "2024-01-19 00:25:37", "elapsed": 841.494096, "delta": 0.002623}}
{"target": -13.758419620364466, "params": {"gamma": 437.72611713929734, "log10_alpha": -1.9586484262236277, "log10_colsample_bytree": -0.8984582329710843, "log10_eta": -2.836602788534796, "log10_lambda": 0.09099279573396046, "log10_min_child_weight": 1.3021936090932484, "log10_subsample": -0.33026532183114254, "max_depth": 5.0, "num_boost_round": 2.0}, "datetime": {"datetime": "2024-01-19 00:25:37", "elapsed": 841.495984, "delta": 0.001888}}
{"target": -13.758420764741512, "params": {"gamma": 437.72611713929734, "log10_alpha": -1.9586484262236277, "log10_colsample_bytree": -0.8984582329710843, "log10_eta": -2.836602788534796, "log10_lambda": 0.09099279573396046, "log10_min_child_weight": 1.3021936090932484, "log10_subsample": -0.33026532183114254, "max_depth": 5.0, "num_boost_round": 3.0}, "datetime": {"datetime": "2024-01-19 00:25:37", "elapsed": 841.497747, "delta": 0.001763}}
{"target": -13.758427715280106, "params": {"gamma": 437.72611713929734, "log10_alpha": -1.9586484262236277, "log10_colsample_bytree": -0.8984582329710843, "log10_eta": -2.836602788534796, "log10_lambda": 0.09099279573396046, "log10_min_child_weight": 1.3021936090932484, "log10_subsample": -0.33026532183114254, "max_depth": 5.0, "num_boost_round": 4.0}, "datetime": {"datetime": "2024-01-19 00:25:37", "elapsed": 841.499547, "delta": 0.0018}}
{"target": -13.758408537747604, "params": {"gamma": 437.72611713929734, "log10_alpha": -1.9586484262236277, "log10_colsample_bytree": -0.8984582329710843, "log10_eta": -2.836602788534796, "log10_lambda": 0.09099279573396046, "log10_min_child_weight": 1.3021936090932484, "log10_subsample": -0.33026532183114254, "max_depth": 5.0, "num_boost_round": 5.0}, "datetime": {"datetime": "2024-01-19 00:25:37", "elapsed": 841.501322, "delta": 0.001775}}
{"target": -13.758424120461633, "params": {"gamma": 437.72611713929734, "log10_alpha": -1.9586484262236277, "log10_colsample_bytree": -0.8984582329710843, "log10_eta": -2.836602788534796, "log10_lambda": 0.09099279573396046, "log10_min_child_weight": 1.3021936090932484, "log10_subsample": -0.33026532183114254, "max_depth": 5.0, "num_boost_round": 6.0}, "datetime": {"datetime": "2024-01-19 00:25:37", "elapsed": 841.503076, "delta": 0.001754}}
{"target": -13.758348413752564, "params": {"gamma": 437.72611713929734, "log10_alpha": -1.9586484262236277, "log10_colsample_bytree": -0.8984582329710843, "log10_eta": -2.836602788534796, "log10_lambda": 0.09099279573396046, "log10_min_child_weight": 1.3021936090932484, "log10_subsample": -0.33026532183114254, "max_depth": 5.0, "num_boost_round": 7.0}, "datetime": {"datetime": "2024-01-19 00:25:37", "elapsed": 841.504864, "delta": 0.001788}}
{"target": -13.758311981920071, "params": {"gamma": 437.72611713929734, "log10_alpha": -1.9586484262236277, "log10_colsample_bytree": -0.8984582329710843, "log10_eta": -2.836602788534796, "log10_lambda": 0.09099279573396046, "log10_min_child_weight": 1.3021936090932484, "log10_subsample": -0.33026532183114254, "max_depth": 5.0, "num_boost_round": 8.0}, "datetime": {"datetime": "2024-01-19 00:25:37", "elapsed": 841.506627, "delta": 0.001763}}
{"target": -13.75830991964735, "params": {"gamma": 437.72611713929734, "log10_alpha": -1.9586484262236277, "log10_colsample_bytree": -0.8984582329710843, "log10_eta": -2.836602788534796, "log10_lambda": 0.09099279573396046, "log10_min_child_weight": 1.3021936090932484, "log10_subsample": -0.33026532183114254, "max_depth": 5.0, "num_boost_round": 9.0}, "datetime": {"datetime": "2024-01-19 00:25:37", "elapsed": 841.508392, "delta": 0.001765}}
{"target": -13.75826758448003, "params": {"gamma": 437.72611713929734, "log10_alpha": -1.9586484262236277, "log10_colsample_bytree": -0.8984582329710843, "log10_eta": -2.836602788534796, "log10_lambda": 0.09099279573396046, "log10_min_child_weight": 1.3021936090932484, "log10_subsample": -0.33026532183114254, "max_depth": 5.0, "num_boost_round": 10.0}, "datetime": {"datetime": "2024-01-19 00:25:37", "elapsed": 841.510235, "delta": 0.001843}}
{"target": -13.75824340711975, "params": {"gamma": 437.72611713929734, "log10_alpha": -1.9586484262236277, "log10_colsample_bytree": -0.8984582329710843, "log10_eta": -2.836602788534796, "log10_lambda": 0.09099279573396046, "log10_min_child_weight": 1.3021936090932484, "log10_subsample": -0.33026532183114254, "max_depth": 5.0, "num_boost_round": 11.0}, "datetime": {"datetime": "2024-01-19 00:25:37", "elapsed": 841.511994, "delta": 0.001759}}
{"target": -13.758246251159788, "params": {"gamma": 437.72611713929734, "log10_alpha": -1.9586484262236277, "log10_colsample_bytree": -0.8984582329710843, "log10_eta": -2.836602788534796, "log10_lambda": 0.09099279573396046, "log10_min_child_weight": 1.3021936090932484, "log10_subsample": -0.33026532183114254, "max_depth": 5.0, "num_boost_round": 12.0}, "datetime": {"datetime": "2024-01-19 00:25:37", "elapsed": 841.513769, "delta": 0.001775}}
{"target": -13.758172392819914, "params": {"gamma": 437.72611713929734, "log10_alpha": -1.9586484262236277, "log10_colsample_bytree": -0.8984582329710843, "log10_eta": -2.836602788534796, "log10_lambda": 0.09099279573396046, "log10_min_child_weight": 1.3021936090932484, "log10_subsample": -0.33026532183114254, "max_depth": 5.0, "num_boost_round": 13.0}, "datetime": {"datetime": "2024-01-19 00:25:37", "elapsed": 841.515653, "delta": 0.001884}}
{"target": -13.758195146230767, "params": {"gamma": 437.72611713929734, "log10_alpha": -1.9586484262236277, "log10_colsample_bytree": -0.8984582329710843, "log10_eta": -2.836602788534796, "log10_lambda": 0.09099279573396046, "log10_min_child_weight": 1.3021936090932484, "log10_subsample": -0.33026532183114254, "max_depth": 5.0, "num_boost_round": 14.0}, "datetime": {"datetime": "2024-01-19 00:25:37", "elapsed": 841.517432, "delta": 0.001779}}
{"target": -13.758143652189183, "params": {"gamma": 437.72611713929734, "log10_alpha": -1.9586484262236277, "log10_colsample_bytree": -0.8984582329710843, "log10_eta": -2.836602788534796, "log10_lambda": 0.09099279573396046, "log10_min_child_weight": 1.3021936090932484, "log10_subsample": -0.33026532183114254, "max_depth": 5.0, "num_boost_round": 15.0}, "datetime": {"datetime": "2024-01-19 00:25:37", "elapsed": 841.519215, "delta": 0.001783}}
{"target": -13.758146105026348, "params": {"gamma": 437.72611713929734, "log10_alpha": -1.9586484262236277, "log10_colsample_bytree": -0.8984582329710843, "log10_eta": -2.836602788534796, "log10_lambda": 0.09099279573396046, "log10_min_child_weight": 1.3021936090932484, "log10_subsample": -0.33026532183114254, "max_depth": 5.0, "num_boost_round": 16.0}, "datetime": {"datetime": "2024-01-19 00:25:37", "elapsed": 841.521, "delta": 0.001785}}
{"target": -13.758104841212264, "params": {"gamma": 437.72611713929734, "log10_alpha": -1.9586484262236277, "log10_colsample_bytree": -0.8984582329710843, "log10_eta": -2.836602788534796, "log10_lambda": 0.09099279573396046, "log10_min_child_weight": 1.3021936090932484, "log10_subsample": -0.33026532183114254, "max_depth": 5.0, "num_boost_round": 17.0}, "datetime": {"datetime": "2024-01-19 00:25:37", "elapsed": 841.522793, "delta": 0.001793}}
{"target": -13.758102646858852, "params": {"gamma": 437.72611713929734, "log10_alpha": -1.9586484262236277, "log10_colsample_bytree": -0.8984582329710843, "log10_eta": -2.836602788534796, "log10_lambda": 0.09099279573396046, "log10_min_child_weight": 1.3021936090932484, "log10_subsample": -0.33026532183114254, "max_depth": 5.0, "num_boost_round": 18.0}, "datetime": {"datetime": "2024-01-19 00:25:37", "elapsed": 841.524634, "delta": 0.001841}}
{"target": -13.758107036400569, "params": {"gamma": 437.72611713929734, "log10_alpha": -1.9586484262236277, "log10_colsample_bytree": -0.8984582329710843, "log10_eta": -2.836602788534796, "log10_lambda": 0.09099279573396046, "log10_min_child_weight": 1.3021936090932484, "log10_subsample": -0.33026532183114254, "max_depth": 5.0, "num_boost_round": 19.0}, "datetime": {"datetime": "2024-01-19 00:25:37", "elapsed": 841.526512, "delta": 0.001878}}
{"target": -13.758070896850388, "params": {"gamma": 437.72611713929734, "log10_alpha": -1.9586484262236277, "log10_colsample_bytree": -0.8984582329710843, "log10_eta": -2.836602788534796, "log10_lambda": 0.09099279573396046, "log10_min_child_weight": 1.3021936090932484, "log10_subsample": -0.33026532183114254, "max_depth": 5.0, "num_boost_round": 20.0}, "datetime": {"datetime": "2024-01-19 00:25:37", "elapsed": 841.528301, "delta": 0.001789}}
{"target": -13.757965083121967, "params": {"gamma": 437.72611713929734, "log10_alpha": -1.9586484262236277, "log10_colsample_bytree": -0.8984582329710843, "log10_eta": -2.836602788534796, "log10_lambda": 0.09099279573396046, "log10_min_child_weight": 1.3021936090932484, "log10_subsample": -0.33026532183114254, "max_depth": 5.0, "num_boost_round": 21.0}, "datetime": {"datetime": "2024-01-19 00:25:37", "elapsed": 841.530132, "delta": 0.001831}}
{"target": -13.757916287305187, "params": {"gamma": 437.72611713929734, "log10_alpha": -1.9586484262236277, "log10_colsample_bytree": -0.8984582329710843, "log10_eta": -2.836602788534796, "log10_lambda": 0.09099279573396046, "log10_min_child_weight": 1.3021936090932484, "log10_subsample": -0.33026532183114254, "max_depth": 5.0, "num_boost_round": 22.0}, "datetime": {"datetime": "2024-01-19 00:25:37", "elapsed": 841.531898, "delta": 0.001766}}
{"target": -13.757882982787912, "params": {"gamma": 437.72611713929734, "log10_alpha": -1.9586484262236277, "log10_colsample_bytree": -0.8984582329710843, "log10_eta": -2.836602788534796, "log10_lambda": 0.09099279573396046, "log10_min_child_weight": 1.3021936090932484, "log10_subsample": -0.33026532183114254, "max_depth": 5.0, "num_boost_round": 23.0}, "datetime": {"datetime": "2024-01-19 00:25:37", "elapsed": 841.533665, "delta": 0.001767}}
{"target": -13.75788662416137, "params": {"gamma": 437.72611713929734, "log10_alpha": -1.9586484262236277, "log10_colsample_bytree": -0.8984582329710843, "log10_eta": -2.836602788534796, "log10_lambda": 0.09099279573396046, "log10_min_child_weight": 1.3021936090932484, "log10_subsample": -0.33026532183114254, "max_depth": 5.0, "num_boost_round": 24.0}, "datetime": {"datetime": "2024-01-19 00:25:37", "elapsed": 841.535505, "delta": 0.00184}}
{"target": -13.757826180236735, "params": {"gamma": 437.72611713929734, "log10_alpha": -1.9586484262236277, "log10_colsample_bytree": -0.8984582329710843, "log10_eta": -2.836602788534796, "log10_lambda": 0.09099279573396046, "log10_min_child_weight": 1.3021936090932484, "log10_subsample": -0.33026532183114254, "max_depth": 5.0, "num_boost_round": 25.0}, "datetime": {"datetime": "2024-01-19 00:25:37", "elapsed": 841.537306, "delta": 0.001801}}
{"target": -13.757819007295534, "params": {"gamma": 437.72611713929734, "log10_alpha": -1.9586484262236277, "log10_colsample_bytree": -0.8984582329710843, "log10_eta": -2.836602788534796, "log10_lambda": 0.09099279573396046, "log10_min_child_weight": 1.3021936090932484, "log10_subsample": -0.33026532183114254, "max_depth": 5.0, "num_boost_round": 26.0}, "datetime": {"datetime": "2024-01-19 00:25:37", "elapsed": 841.539091, "delta": 0.001785}}
{"target": -13.75777134304, "params": {"gamma": 437.72611713929734, "log10_alpha": -1.9586484262236277, "log10_colsample_bytree": -0.8984582329710843, "log10_eta": -2.836602788534796, "log10_lambda": 0.09099279573396046, "log10_min_child_weight": 1.3021936090932484, "log10_subsample": -0.33026532183114254, "max_depth": 5.0, "num_boost_round": 27.0}, "datetime": {"datetime": "2024-01-19 00:25:37", "elapsed": 841.540859, "delta": 0.001768}}
{"target": -13.75776973362498, "params": {"gamma": 437.72611713929734, "log10_alpha": -1.9586484262236277, "log10_colsample_bytree": -0.8984582329710843, "log10_eta": -2.836602788534796, "log10_lambda": 0.09099279573396046, "log10_min_child_weight": 1.3021936090932484, "log10_subsample": -0.33026532183114254, "max_depth": 5.0, "num_boost_round": 28.0}, "datetime": {"datetime": "2024-01-19 00:25:37", "elapsed": 841.542644, "delta": 0.001785}}
{"target": -13.75771224245458, "params": {"gamma": 437.72611713929734, "log10_alpha": -1.9586484262236277, "log10_colsample_bytree": -0.8984582329710843, "log10_eta": -2.836602788534796, "log10_lambda": 0.09099279573396046, "log10_min_child_weight": 1.3021936090932484, "log10_subsample": -0.33026532183114254, "max_depth": 5.0, "num_boost_round": 29.0}, "datetime": {"datetime": "2024-01-19 00:25:37", "elapsed": 841.544484, "delta": 0.00184}}
{"target": -13.757698503210602, "params": {"gamma": 437.72611713929734, "log10_alpha": -1.9586484262236277, "log10_colsample_bytree": -0.8984582329710843, "log10_eta": -2.836602788534796, "log10_lambda": 0.09099279573396046, "log10_min_child_weight": 1.3021936090932484, "log10_subsample": -0.33026532183114254, "max_depth": 5.0, "num_boost_round": 30.0}, "datetime": {"datetime": "2024-01-19 00:25:37", "elapsed": 841.546264, "delta": 0.00178}}
{"target": -13.757648451564943, "params": {"gamma": 437.72611713929734, "log10_alpha": -1.9586484262236277, "log10_colsample_bytree": -0.8984582329710843, "log10_eta": -2.836602788534796, "log10_lambda": 0.09099279573396046, "log10_min_child_weight": 1.3021936090932484, "log10_subsample": -0.33026532183114254, "max_depth": 5.0, "num_boost_round": 31.0}, "datetime": {"datetime": "2024-01-19 00:25:37", "elapsed": 841.548037, "delta": 0.001773}}
{"target": -13.757639626768613, "params": {"gamma": 437.72611713929734, "log10_alpha": -1.9586484262236277, "log10_colsample_bytree": -0.8984582329710843, "log10_eta": -2.836602788534796, "log10_lambda": 0.09099279573396046, "log10_min_child_weight": 1.3021936090932484, "log10_subsample": -0.33026532183114254, "max_depth": 5.0, "num_boost_round": 32.0}, "datetime": {"datetime": "2024-01-19 00:25:37", "elapsed": 841.549858, "delta": 0.001821}}
{"target": -13.757631734933536, "params": {"gamma": 437.72611713929734, "log10_alpha": -1.9586484262236277, "log10_colsample_bytree": -0.8984582329710843, "log10_eta": -2.836602788534796, "log10_lambda": 0.09099279573396046, "log10_min_child_weight": 1.3021936090932484, "log10_subsample": -0.33026532183114254, "max_depth": 5.0, "num_boost_round": 33.0}, "datetime": {"datetime": "2024-01-19 00:25:37", "elapsed": 841.551649, "delta": 0.001791}}
{"target": -13.757610289672373, "params": {"gamma": 437.72611713929734, "log10_alpha": -1.9586484262236277, "log10_colsample_bytree": -0.8984582329710843, "log10_eta": -2.836602788534796, "log10_lambda": 0.09099279573396046, "log10_min_child_weight": 1.3021936090932484, "log10_subsample": -0.33026532183114254, "max_depth": 5.0, "num_boost_round": 34.0}, "datetime": {"datetime": "2024-01-19 00:25:37", "elapsed": 841.553439, "delta": 0.00179}}
{"target": -13.75764551231822, "params": {"gamma": 437.72611713929734, "log10_alpha": -1.9586484262236277, "log10_colsample_bytree": -0.8984582329710843, "log10_eta": -2.836602788534796, "log10_lambda": 0.09099279573396046, "log10_min_child_weight": 1.3021936090932484, "log10_subsample": -0.33026532183114254, "max_depth": 5.0, "num_boost_round": 35.0}, "datetime": {"datetime": "2024-01-19 00:25:37", "elapsed": 841.555293, "delta": 0.001854}}
{"target": -13.75764334259628, "params": {"gamma": 437.72611713929734, "log10_alpha": -1.9586484262236277, "log10_colsample_bytree": -0.8984582329710843, "log10_eta": -2.836602788534796, "log10_lambda": 0.09099279573396046, "log10_min_child_weight": 1.3021936090932484, "log10_subsample": -0.33026532183114254, "max_depth": 5.0, "num_boost_round": 36.0}, "datetime": {"datetime": "2024-01-19 00:25:37", "elapsed": 841.557071, "delta": 0.001778}}
{"target": -13.757602661425574, "params": {"gamma": 437.72611713929734, "log10_alpha": -1.9586484262236277, "log10_colsample_bytree": -0.8984582329710843, "log10_eta": -2.836602788534796, "log10_lambda": 0.09099279573396046, "log10_min_child_weight": 1.3021936090932484, "log10_subsample": -0.33026532183114254, "max_depth": 5.0, "num_boost_round": 37.0}, "datetime": {"datetime": "2024-01-19 00:25:37", "elapsed": 841.558867, "delta": 0.001796}}
{"target": -13.757594130704966, "params": {"gamma": 437.72611713929734, "log10_alpha": -1.9586484262236277, "log10_colsample_bytree": -0.8984582329710843, "log10_eta": -2.836602788534796, "log10_lambda": 0.09099279573396046, "log10_min_child_weight": 1.3021936090932484, "log10_subsample": -0.33026532183114254, "max_depth": 5.0, "num_boost_round": 38.0}, "datetime": {"datetime": "2024-01-19 00:25:37", "elapsed": 841.560668, "delta": 0.001801}}
{"target": -13.757600671864255, "params": {"gamma": 437.72611713929734, "log10_alpha": -1.9586484262236277, "log10_colsample_bytree": -0.8984582329710843, "log10_eta": -2.836602788534796, "log10_lambda": 0.09099279573396046, "log10_min_child_weight": 1.3021936090932484, "log10_subsample": -0.33026532183114254, "max_depth": 5.0, "num_boost_round": 39.0}, "datetime": {"datetime": "2024-01-19 00:25:37", "elapsed": 841.562462, "delta": 0.001794}}
{"target": -13.757603763389254, "params": {"gamma": 437.72611713929734, "log10_alpha": -1.9586484262236277, "log10_colsample_bytree": -0.8984582329710843, "log10_eta": -2.836602788534796, "log10_lambda": 0.09099279573396046, "log10_min_child_weight": 1.3021936090932484, "log10_subsample": -0.33026532183114254, "max_depth": 5.0, "num_boost_round": 40.0}, "datetime": {"datetime": "2024-01-19 00:25:37", "elapsed": 841.564299, "delta": 0.001837}}
{"target": -13.757611318641112, "params": {"gamma": 437.72611713929734, "log10_alpha": -1.9586484262236277, "log10_colsample_bytree": -0.8984582329710843, "log10_eta": -2.836602788534796, "log10_lambda": 0.09099279573396046, "log10_min_child_weight": 1.3021936090932484, "log10_subsample": -0.33026532183114254, "max_depth": 5.0, "num_boost_round": 41.0}, "datetime": {"datetime": "2024-01-19 00:25:37", "elapsed": 841.566107, "delta": 0.001808}}
{"target": -13.757537023101031, "params": {"gamma": 437.72611713929734, "log10_alpha": -1.9586484262236277, "log10_colsample_bytree": -0.8984582329710843, "log10_eta": -2.836602788534796, "log10_lambda": 0.09099279573396046, "log10_min_child_weight": 1.3021936090932484, "log10_subsample": -0.33026532183114254, "max_depth": 5.0, "num_boost_round": 42.0}, "datetime": {"datetime": "2024-01-19 00:25:37", "elapsed": 841.567913, "delta": 0.001806}}
