{"target": -17.687830285405905, "params": {"gamma": 440.66673567737826, "log10_alpha": -3.398927468331209, "log10_colsample_bytree": -0.07863770860136376, "log10_eta": -0.3316557804783078, "log10_lambda": -0.026343127762365803, "log10_min_child_weight": 3.8349209611833297, "log10_subsample": -0.8241959208663017, "max_depth": 2.0, "num_boost_round": 0.0}, "datetime": {"datetime": "2024-01-19 00:27:27", "elapsed": 951.64574, "delta": 21.087567}}
{"target": -17.69842264522058, "params": {"gamma": 440.66673567737826, "log10_alpha": -3.398927468331209, "log10_colsample_bytree": -0.07863770860136376, "log10_eta": -0.3316557804783078, "log10_lambda": -0.026343127762365803, "log10_min_child_weight": 3.8349209611833297, "log10_subsample": -0.8241959208663017, "max_depth": 2.0, "num_boost_round": 1.0}, "datetime": {"datetime": "2024-01-19 00:27:27", "elapsed": 951.64728, "delta": 0.00154}}
{"target": -17.69985816272368, "params": {"gamma": 440.66673567737826, "log10_alpha": -3.398927468331209, "log10_colsample_bytree": -0.07863770860136376, "log10_eta": -0.3316557804783078, "log10_lambda": -0.026343127762365803, "log10_min_child_weight": 3.8349209611833297, "log10_subsample": -0.8241959208663017, "max_depth": 2.0, "num_boost_round": 2.0}, "datetime": {"datetime": "2024-01-19 00:27:27", "elapsed": 951.648505, "delta": 0.001225}}
{"target": -17.70816122115059, "params": {"gamma": 440.66673567737826, "log10_alpha": -3.398927468331209, "log10_colsample_bytree": -0.07863770860136376, "log10_eta": -0.3316557804783078, "log10_lambda": -0.026343127762365803, "log10_min_child_weight": 3.8349209611833297, "log10_subsample": -0.8241959208663017, "max_depth": 2.0, "num_boost_round": 3.0}, "datetime": {"datetime": "2024-01-19 00:27:27", "elapsed": 951.649605, "delta": 0.0011}}
{"target": -17.711564456728777, "params": {"gamma": 440.66673567737826, "log10_alpha": -3.398927468331209, "log10_colsample_bytree": -0.07863770860136376, "log10_eta": -0.3316557804783078, "log10_lambda": -0.026343127762365803, "log10_min_child_weight": 3.8349209611833297, "log10_subsample": -0.8241959208663017, "max_depth": 2.0, "num_boost_round": 4.0}, "datetime": {"datetime": "2024-01-19 00:27:27", "elapsed": 951.650842, "delta": 0.001237}}
{"target": -17.715105716530868, "params": {"gamma": 440.66673567737826, "log10_alpha": -3.398927468331209, "log10_colsample_bytree": -0.07863770860136376, "log10_eta": -0.3316557804783078, "log10_lambda": -0.026343127762365803, "log10_min_child_weight": 3.8349209611833297, "log10_subsample": -0.8241959208663017, "max_depth": 2.0, "num_boost_round": 5.0}, "datetime": {"datetime": "2024-01-19 00:27:27", "elapsed": 951.651928, "delta": 0.001086}}
{"target": -17.720118248471028, "params": {"gamma": 440.66673567737826, "log10_alpha": -3.398927468331209, "log10_colsample_bytree": -0.07863770860136376, "log10_eta": -0.3316557804783078, "log10_lambda": -0.026343127762365803, "log10_min_child_weight": 3.8349209611833297, "log10_subsample": -0.8241959208663017, "max_depth": 2.0, "num_boost_round": 6.0}, "datetime": {"datetime": "2024-01-19 00:27:27", "elapsed": 951.653017, "delta": 0.001089}}
{"target": -17.72047581286667, "params": {"gamma": 440.66673567737826, "log10_alpha": -3.398927468331209, "log10_colsample_bytree": -0.07863770860136376, "log10_eta": -0.3316557804783078, "log10_lambda": -0.026343127762365803, "log10_min_child_weight": 3.8349209611833297, "log10_subsample": -0.8241959208663017, "max_depth": 2.0, "num_boost_round": 7.0}, "datetime": {"datetime": "2024-01-19 00:27:27", "elapsed": 951.654454, "delta": 0.001437}}
{"target": -17.724866506619872, "params": {"gamma": 440.66673567737826, "log10_alpha": -3.398927468331209, "log10_colsample_bytree": -0.07863770860136376, "log10_eta": -0.3316557804783078, "log10_lambda": -0.026343127762365803, "log10_min_child_weight": 3.8349209611833297, "log10_subsample": -0.8241959208663017, "max_depth": 2.0, "num_boost_round": 8.0}, "datetime": {"datetime": "2024-01-19 00:27:27", "elapsed": 951.655597, "delta": 0.001143}}
{"target": -17.73520332102408, "params": {"gamma": 440.66673567737826, "log10_alpha": -3.398927468331209, "log10_colsample_bytree": -0.07863770860136376, "log10_eta": -0.3316557804783078, "log10_lambda": -0.026343127762365803, "log10_min_child_weight": 3.8349209611833297, "log10_subsample": -0.8241959208663017, "max_depth": 2.0, "num_boost_round": 9.0}, "datetime": {"datetime": "2024-01-19 00:27:27", "elapsed": 951.656823, "delta": 0.001226}}
{"target": -17.732924327245023, "params": {"gamma": 440.66673567737826, "log10_alpha": -3.398927468331209, "log10_colsample_bytree": -0.07863770860136376, "log10_eta": -0.3316557804783078, "log10_lambda": -0.026343127762365803, "log10_min_child_weight": 3.8349209611833297, "log10_subsample": -0.8241959208663017, "max_depth": 2.0, "num_boost_round": 10.0}, "datetime": {"datetime": "2024-01-19 00:27:27", "elapsed": 951.657916, "delta": 0.001093}}
{"target": -17.677385148868073, "params": {"gamma": 431.41623466955514, "log10_alpha": -1.8988459250119076, "log10_colsample_bytree": -0.7042146799945042, "log10_eta": -0.7977969124444129, "log10_lambda": 0.7457239308037575, "log10_min_child_weight": 4.779372944963901, "log10_subsample": -0.8376749936658943, "max_depth": 2.0, "num_boost_round": 0.0}, "datetime": {"datetime": "2024-01-19 00:27:48", "elapsed": 972.833283, "delta": 21.175367}}
{"target": -17.676485479130395, "params": {"gamma": 431.41623466955514, "log10_alpha": -1.8988459250119076, "log10_colsample_bytree": -0.7042146799945042, "log10_eta": -0.7977969124444129, "log10_lambda": 0.7457239308037575, "log10_min_child_weight": 4.779372944963901, "log10_subsample": -0.8376749936658943, "max_depth": 2.0, "num_boost_round": 1.0}, "datetime": {"datetime": "2024-01-19 00:27:48", "elapsed": 972.834552, "delta": 0.001269}}
{"target": -17.677267627389327, "params": {"gamma": 431.41623466955514, "log10_alpha": -1.8988459250119076, "log10_colsample_bytree": -0.7042146799945042, "log10_eta": -0.7977969124444129, "log10_lambda": 0.7457239308037575, "log10_min_child_weight": 4.779372944963901, "log10_subsample": -0.8376749936658943, "max_depth": 2.0, "num_boost_round": 2.0}, "datetime": {"datetime": "2024-01-19 00:27:48", "elapsed": 972.835673, "delta": 0.001121}}
{"target": -17.676910706690354, "params": {"gamma": 431.41623466955514, "log10_alpha": -1.8988459250119076, "log10_colsample_bytree": -0.7042146799945042, "log10_eta": -0.7977969124444129, "log10_lambda": 0.7457239308037575, "log10_min_child_weight": 4.779372944963901, "log10_subsample": -0.8376749936658943, "max_depth": 2.0, "num_boost_round": 3.0}, "datetime": {"datetime": "2024-01-19 00:27:48", "elapsed": 972.836775, "delta": 0.001102}}
{"target": -17.6772050270291, "params": {"gamma": 431.41623466955514, "log10_alpha": -1.8988459250119076, "log10_colsample_bytree": -0.7042146799945042, "log10_eta": -0.7977969124444129, "log10_lambda": 0.7457239308037575, "log10_min_child_weight": 4.779372944963901, "log10_subsample": -0.8376749936658943, "max_depth": 2.0, "num_boost_round": 4.0}, "datetime": {"datetime": "2024-01-19 00:27:48", "elapsed": 972.837875, "delta": 0.0011}}
{"target": -17.67753339690555, "params": {"gamma": 431.41623466955514, "log10_alpha": -1.8988459250119076, "log10_colsample_bytree": -0.7042146799945042, "log10_eta": -0.7977969124444129, "log10_lambda": 0.7457239308037575, "log10_min_child_weight": 4.779372944963901, "log10_subsample": -0.8376749936658943, "max_depth": 2.0, "num_boost_round": 5.0}, "datetime": {"datetime": "2024-01-19 00:27:48", "elapsed": 972.839238, "delta": 0.001363}}
{"target": -17.67681979748238, "params": {"gamma": 431.41623466955514, "log10_alpha": -1.8988459250119076, "log10_colsample_bytree": -0.7042146799945042, "log10_eta": -0.7977969124444129, "log10_lambda": 0.7457239308037575, "log10_min_child_weight": 4.779372944963901, "log10_subsample": -0.8376749936658943, "max_depth": 2.0, "num_boost_round": 6.0}, "datetime": {"datetime": "2024-01-19 00:27:48", "elapsed": 972.91906, "delta": 0.079822}}
{"target": -17.67716439168583, "params": {"gamma": 431.41623466955514, "log10_alpha": -1.8988459250119076, "log10_colsample_bytree": -0.7042146799945042, "log10_eta": -0.7977969124444129, "log10_lambda": 0.7457239308037575, "log10_min_child_weight": 4.779372944963901, "log10_subsample": -0.8376749936658943, "max_depth": 2.0, "num_boost_round": 7.0}, "datetime": {"datetime": "2024-01-19 00:27:48", "elapsed": 972.920945, "delta": 0.001885}}
{"target": -17.677022225752186, "params": {"gamma": 431.41623466955514, "log10_alpha": -1.8988459250119076, "log10_colsample_bytree": -0.7042146799945042, "log10_eta": -0.7977969124444129, "log10_lambda": 0.7457239308037575, "log10_min_child_weight": 4.779372944963901, "log10_subsample": -0.8376749936658943, "max_depth": 2.0, "num_boost_round": 8.0}, "datetime": {"datetime": "2024-01-19 00:27:48", "elapsed": 972.922183, "delta": 0.001238}}
{"target": -17.676310692816035, "params": {"gamma": 431.41623466955514, "log10_alpha": -1.8988459250119076, "log10_colsample_bytree": -0.7042146799945042, "log10_eta": -0.7977969124444129, "log10_lambda": 0.7457239308037575, "log10_min_child_weight": 4.779372944963901, "log10_subsample": -0.8376749936658943, "max_depth": 2.0, "num_boost_round": 9.0}, "datetime": {"datetime": "2024-01-19 00:27:48", "elapsed": 972.923403, "delta": 0.00122}}
{"target": -17.67697886406881, "params": {"gamma": 433.41166618331073, "log10_alpha": -3.9235993345523523, "log10_colsample_bytree": -0.5785311866938937, "log10_eta": -2.20019073797407, "log10_lambda": 0.2957792417967635, "log10_min_child_weight": 2.265986368059592, "log10_subsample": -0.6484147784501006, "max_depth": 4.0, "num_boost_round": 0.0}, "datetime": {"datetime": "2024-01-19 00:28:12", "elapsed": 996.548363, "delta": 23.62496}}
{"target": -17.676819352933514, "params": {"gamma": 433.41166618331073, "log10_alpha": -3.9235993345523523, "log10_colsample_bytree": -0.5785311866938937, "log10_eta": -2.20019073797407, "log10_lambda": 0.2957792417967635, "log10_min_child_weight": 2.265986368059592, "log10_subsample": -0.6484147784501006, "max_depth": 4.0, "num_boost_round": 1.0}, "datetime": {"datetime": "2024-01-19 00:28:12", "elapsed": 996.549914, "delta": 0.001551}}
{"target": -17.676597075454985, "params": {"gamma": 433.41166618331073, "log10_alpha": -3.9235993345523523, "log10_colsample_bytree": -0.5785311866938937, "log10_eta": -2.20019073797407, "log10_lambda": 0.2957792417967635, "log10_min_child_weight": 2.265986368059592, "log10_subsample": -0.6484147784501006, "max_depth": 4.0, "num_boost_round": 2.0}, "datetime": {"datetime": "2024-01-19 00:28:12", "elapsed": 996.551129, "delta": 0.001215}}
{"target": -17.67656931239267, "params": {"gamma": 433.41166618331073, "log10_alpha": -3.9235993345523523, "log10_colsample_bytree": -0.5785311866938937, "log10_eta": -2.20019073797407, "log10_lambda": 0.2957792417967635, "log10_min_child_weight": 2.265986368059592, "log10_subsample": -0.6484147784501006, "max_depth": 4.0, "num_boost_round": 3.0}, "datetime": {"datetime": "2024-01-19 00:28:12", "elapsed": 996.552359, "delta": 0.00123}}
{"target": -17.676495050932207, "params": {"gamma": 433.41166618331073, "log10_alpha": -3.9235993345523523, "log10_colsample_bytree": -0.5785311866938937, "log10_eta": -2.20019073797407, "log10_lambda": 0.2957792417967635, "log10_min_child_weight": 2.265986368059592, "log10_subsample": -0.6484147784501006, "max_depth": 4.0, "num_boost_round": 4.0}, "datetime": {"datetime": "2024-01-19 00:28:12", "elapsed": 996.553571, "delta": 0.001212}}
{"target": -17.67633985045836, "params": {"gamma": 433.41166618331073, "log10_alpha": -3.9235993345523523, "log10_colsample_bytree": -0.5785311866938937, "log10_eta": -2.20019073797407, "log10_lambda": 0.2957792417967635, "log10_min_child_weight": 2.265986368059592, "log10_subsample": -0.6484147784501006, "max_depth": 4.0, "num_boost_round": 5.0}, "datetime": {"datetime": "2024-01-19 00:28:12", "elapsed": 996.554767, "delta": 0.001196}}
{"target": -17.676081529866803, "params": {"gamma": 433.41166618331073, "log10_alpha": -3.9235993345523523, "log10_colsample_bytree": -0.5785311866938937, "log10_eta": -2.20019073797407, "log10_lambda": 0.2957792417967635, "log10_min_child_weight": 2.265986368059592, "log10_subsample": -0.6484147784501006, "max_depth": 4.0, "num_boost_round": 6.0}, "datetime": {"datetime": "2024-01-19 00:28:12", "elapsed": 996.555895, "delta": 0.001128}}
{"target": -17.676166971987556, "params": {"gamma": 433.41166618331073, "log10_alpha": -3.9235993345523523, "log10_colsample_bytree": -0.5785311866938937, "log10_eta": -2.20019073797407, "log10_lambda": 0.2957792417967635, "log10_min_child_weight": 2.265986368059592, "log10_subsample": -0.6484147784501006, "max_depth": 4.0, "num_boost_round": 7.0}, "datetime": {"datetime": "2024-01-19 00:28:12", "elapsed": 996.55705, "delta": 0.001155}}
{"target": -17.67611600781483, "params": {"gamma": 433.41166618331073, "log10_alpha": -3.9235993345523523, "log10_colsample_bytree": -0.5785311866938937, "log10_eta": -2.20019073797407, "log10_lambda": 0.2957792417967635, "log10_min_child_weight": 2.265986368059592, "log10_subsample": -0.6484147784501006, "max_depth": 4.0, "num_boost_round": 8.0}, "datetime": {"datetime": "2024-01-19 00:28:12", "elapsed": 996.55819, "delta": 0.00114}}
{"target": -17.675884509431793, "params": {"gamma": 433.41166618331073, "log10_alpha": -3.9235993345523523, "log10_colsample_bytree": -0.5785311866938937, "log10_eta": -2.20019073797407, "log10_lambda": 0.2957792417967635, "log10_min_child_weight": 2.265986368059592, "log10_subsample": -0.6484147784501006, "max_depth": 4.0, "num_boost_round": 9.0}, "datetime": {"datetime": "2024-01-19 00:28:12", "elapsed": 996.559326, "delta": 0.001136}}
{"target": -17.67584886872523, "params": {"gamma": 433.41166618331073, "log10_alpha": -3.9235993345523523, "log10_colsample_bytree": -0.5785311866938937, "log10_eta": -2.20019073797407, "log10_lambda": 0.2957792417967635, "log10_min_child_weight": 2.265986368059592, "log10_subsample": -0.6484147784501006, "max_depth": 4.0, "num_boost_round": 10.0}, "datetime": {"datetime": "2024-01-19 00:28:12", "elapsed": 996.560587, "delta": 0.001261}}
{"target": -17.675787084713193, "params": {"gamma": 433.41166618331073, "log10_alpha": -3.9235993345523523, "log10_colsample_bytree": -0.5785311866938937, "log10_eta": -2.20019073797407, "log10_lambda": 0.2957792417967635, "log10_min_child_weight": 2.265986368059592, "log10_subsample": -0.6484147784501006, "max_depth": 4.0, "num_boost_round": 11.0}, "datetime": {"datetime": "2024-01-19 00:28:12", "elapsed": 996.561729, "delta": 0.001142}}
{"target": -17.675522404369843, "params": {"gamma": 433.41166618331073, "log10_alpha": -3.9235993345523523, "log10_colsample_bytree": -0.5785311866938937, "log10_eta": -2.20019073797407, "log10_lambda": 0.2957792417967635, "log10_min_child_weight": 2.265986368059592, "log10_subsample": -0.6484147784501006, "max_depth": 4.0, "num_boost_round": 12.0}, "datetime": {"datetime": "2024-01-19 00:28:12", "elapsed": 996.56287, "delta": 0.001141}}
{"target": -17.675356096519337, "params": {"gamma": 433.41166618331073, "log10_alpha": -3.9235993345523523, "log10_colsample_bytree": -0.5785311866938937, "log10_eta": -2.20019073797407, "log10_lambda": 0.2957792417967635, "log10_min_child_weight": 2.265986368059592, "log10_subsample": -0.6484147784501006, "max_depth": 4.0, "num_boost_round": 13.0}, "datetime": {"datetime": "2024-01-19 00:28:12", "elapsed": 996.564005, "delta": 0.001135}}
{"target": -17.675286416895137, "params": {"gamma": 433.41166618331073, "log10_alpha": -3.9235993345523523, "log10_colsample_bytree": -0.5785311866938937, "log10_eta": -2.20019073797407, "log10_lambda": 0.2957792417967635, "log10_min_child_weight": 2.265986368059592, "log10_subsample": -0.6484147784501006, "max_depth": 4.0, "num_boost_round": 14.0}, "datetime": {"datetime": "2024-01-19 00:28:12", "elapsed": 996.56515, "delta": 0.001145}}
{"target": -17.674994246191165, "params": {"gamma": 433.41166618331073, "log10_alpha": -3.9235993345523523, "log10_colsample_bytree": -0.5785311866938937, "log10_eta": -2.20019073797407, "log10_lambda": 0.2957792417967635, "log10_min_child_weight": 2.265986368059592, "log10_subsample": -0.6484147784501006, "max_depth": 4.0, "num_boost_round": 15.0}, "datetime": {"datetime": "2024-01-19 00:28:12", "elapsed": 996.566287, "delta": 0.001137}}
{"target": -17.674805852397988, "params": {"gamma": 433.41166618331073, "log10_alpha": -3.9235993345523523, "log10_colsample_bytree": -0.5785311866938937, "log10_eta": -2.20019073797407, "log10_lambda": 0.2957792417967635, "log10_min_child_weight": 2.265986368059592, "log10_subsample": -0.6484147784501006, "max_depth": 4.0, "num_boost_round": 16.0}, "datetime": {"datetime": "2024-01-19 00:28:12", "elapsed": 996.567429, "delta": 0.001142}}
{"target": -17.674901509241657, "params": {"gamma": 433.41166618331073, "log10_alpha": -3.9235993345523523, "log10_colsample_bytree": -0.5785311866938937, "log10_eta": -2.20019073797407, "log10_lambda": 0.2957792417967635, "log10_min_child_weight": 2.265986368059592, "log10_subsample": -0.6484147784501006, "max_depth": 4.0, "num_boost_round": 17.0}, "datetime": {"datetime": "2024-01-19 00:28:12", "elapsed": 996.568572, "delta": 0.001143}}
{"target": -17.676426569735725, "params": {"gamma": 429.1338433774322, "log10_alpha": -0.4355349719689281, "log10_colsample_bytree": -0.8632253045162505, "log10_eta": -1.8458842183773223, "log10_lambda": -0.9185835724291698, "log10_min_child_weight": 0.33589603547900027, "log10_subsample": -0.22743822082448661, "max_depth": 9.0, "num_boost_round": 0.0}, "datetime": {"datetime": "2024-01-19 00:28:40", "elapsed": 1024.820038, "delta": 28.251466}}
{"target": -17.67656244887055, "params": {"gamma": 429.1338433774322, "log10_alpha": -0.4355349719689281, "log10_colsample_bytree": -0.8632253045162505, "log10_eta": -1.8458842183773223, "log10_lambda": -0.9185835724291698, "log10_min_child_weight": 0.33589603547900027, "log10_subsample": -0.22743822082448661, "max_depth": 9.0, "num_boost_round": 1.0}, "datetime": {"datetime": "2024-01-19 00:28:40", "elapsed": 1024.821591, "delta": 0.001553}}
{"target": -17.675304833888028, "params": {"gamma": 429.1338433774322, "log10_alpha": -0.4355349719689281, "log10_colsample_bytree": -0.8632253045162505, "log10_eta": -1.8458842183773223, "log10_lambda": -0.9185835724291698, "log10_min_child_weight": 0.33589603547900027, "log10_subsample": -0.22743822082448661, "max_depth": 9.0, "num_boost_round": 2.0}, "datetime": {"datetime": "2024-01-19 00:28:40", "elapsed": 1024.822981, "delta": 0.00139}}
{"target": -17.675600974379943, "params": {"gamma": 429.1338433774322, "log10_alpha": -0.4355349719689281, "log10_colsample_bytree": -0.8632253045162505, "log10_eta": -1.8458842183773223, "log10_lambda": -0.9185835724291698, "log10_min_child_weight": 0.33589603547900027, "log10_subsample": -0.22743822082448661, "max_depth": 9.0, "num_boost_round": 3.0}, "datetime": {"datetime": "2024-01-19 00:28:40", "elapsed": 1024.824141, "delta": 0.00116}}
{"target": -17.674825457143985, "params": {"gamma": 429.1338433774322, "log10_alpha": -0.4355349719689281, "log10_colsample_bytree": -0.8632253045162505, "log10_eta": -1.8458842183773223, "log10_lambda": -0.9185835724291698, "log10_min_child_weight": 0.33589603547900027, "log10_subsample": -0.22743822082448661, "max_depth": 9.0, "num_boost_round": 4.0}, "datetime": {"datetime": "2024-01-19 00:28:40", "elapsed": 1024.825294, "delta": 0.001153}}
{"target": -17.674990460967653, "params": {"gamma": 429.1338433774322, "log10_alpha": -0.4355349719689281, "log10_colsample_bytree": -0.8632253045162505, "log10_eta": -1.8458842183773223, "log10_lambda": -0.9185835724291698, "log10_min_child_weight": 0.33589603547900027, "log10_subsample": -0.22743822082448661, "max_depth": 9.0, "num_boost_round": 5.0}, "datetime": {"datetime": "2024-01-19 00:28:40", "elapsed": 1024.826449, "delta": 0.001155}}
{"target": -17.674944422046142, "params": {"gamma": 429.1338433774322, "log10_alpha": -0.4355349719689281, "log10_colsample_bytree": -0.8632253045162505, "log10_eta": -1.8458842183773223, "log10_lambda": -0.9185835724291698, "log10_min_child_weight": 0.33589603547900027, "log10_subsample": -0.22743822082448661, "max_depth": 9.0, "num_boost_round": 6.0}, "datetime": {"datetime": "2024-01-19 00:28:40", "elapsed": 1024.82763, "delta": 0.001181}}
{"target": -17.674565944788387, "params": {"gamma": 429.1338433774322, "log10_alpha": -0.4355349719689281, "log10_colsample_bytree": -0.8632253045162505, "log10_eta": -1.8458842183773223, "log10_lambda": -0.9185835724291698, "log10_min_child_weight": 0.33589603547900027, "log10_subsample": -0.22743822082448661, "max_depth": 9.0, "num_boost_round": 7.0}, "datetime": {"datetime": "2024-01-19 00:28:40", "elapsed": 1024.828769, "delta": 0.001139}}
{"target": -17.673987607043117, "params": {"gamma": 429.1338433774322, "log10_alpha": -0.4355349719689281, "log10_colsample_bytree": -0.8632253045162505, "log10_eta": -1.8458842183773223, "log10_lambda": -0.9185835724291698, "log10_min_child_weight": 0.33589603547900027, "log10_subsample": -0.22743822082448661, "max_depth": 9.0, "num_boost_round": 8.0}, "datetime": {"datetime": "2024-01-19 00:28:40", "elapsed": 1024.830044, "delta": 0.001275}}
{"target": -17.67413015833021, "params": {"gamma": 429.1338433774322, "log10_alpha": -0.4355349719689281, "log10_colsample_bytree": -0.8632253045162505, "log10_eta": -1.8458842183773223, "log10_lambda": -0.9185835724291698, "log10_min_child_weight": 0.33589603547900027, "log10_subsample": -0.22743822082448661, "max_depth": 9.0, "num_boost_round": 9.0}, "datetime": {"datetime": "2024-01-19 00:28:40", "elapsed": 1024.831288, "delta": 0.001244}}
