{"target": -13.757331462983379, "params": {"gamma": 949.0133822474545, "log10_alpha": -2.9128905331359913, "log10_colsample_bytree": -0.5861180554079737, "log10_eta": -1.6656957004209305, "log10_lambda": -4.133243521344104, "log10_min_child_weight": 3.630775086912681, "log10_subsample": -0.6620279255015645, "max_depth": 7.0, "num_boost_round": 35.0}, "datetime": {"datetime": "2024-01-19 00:57:51", "elapsed": 2772.461117, "delta": 0.003956}}
{"target": -13.75765194858277, "params": {"gamma": 949.0133822474545, "log10_alpha": -2.9128905331359913, "log10_colsample_bytree": -0.5861180554079737, "log10_eta": -1.6656957004209305, "log10_lambda": -4.133243521344104, "log10_min_child_weight": 3.630775086912681, "log10_subsample": -0.6620279255015645, "max_depth": 7.0, "num_boost_round": 36.0}, "datetime": {"datetime": "2024-01-19 00:57:51", "elapsed": 2772.464891, "delta": 0.003774}}
{"target": -13.757901634060065, "params": {"gamma": 949.0133822474545, "log10_alpha": -2.9128905331359913, "log10_colsample_bytree": -0.5861180554079737, "log10_eta": -1.6656957004209305, "log10_lambda": -4.133243521344104, "log10_min_child_weight": 3.630775086912681, "log10_subsample": -0.6620279255015645, "max_depth": 7.0, "num_boost_round": 37.0}, "datetime": {"datetime": "2024-01-19 00:57:51", "elapsed": 2772.468632, "delta": 0.003741}}
{"target": -13.757922953864883, "params": {"gamma": 949.0133822474545, "log10_alpha": -2.9128905331359913, "log10_colsample_bytree": -0.5861180554079737, "log10_eta": -1.6656957004209305, "log10_lambda": -4.133243521344104, "log10_min_child_weight": 3.630775086912681, "log10_subsample": -0.6620279255015645, "max_depth": 7.0, "num_boost_round": 38.0}, "datetime": {"datetime": "2024-01-19 00:57:51", "elapsed": 2772.472316, "delta": 0.003684}}
{"target": -13.757809818241476, "params": {"gamma": 949.0133822474545, "log10_alpha": -2.9128905331359913, "log10_colsample_bytree": -0.5861180554079737, "log10_eta": -1.6656957004209305, "log10_lambda": -4.133243521344104, "log10_min_child_weight": 3.630775086912681, "log10_subsample": -0.6620279255015645, "max_depth": 7.0, "num_boost_round": 39.0}, "datetime": {"datetime": "2024-01-19 00:57:51", "elapsed": 2772.476101, "delta": 0.003785}}
{"target": -13.758389781392255, "params": {"gamma": 949.0133822474545, "log10_alpha": -2.9128905331359913, "log10_colsample_bytree": -0.5861180554079737, "log10_eta": -1.6656957004209305, "log10_lambda": -4.133243521344104, "log10_min_child_weight": 3.630775086912681, "log10_subsample": -0.6620279255015645, "max_depth": 7.0, "num_boost_round": 40.0}, "datetime": {"datetime": "2024-01-19 00:57:51", "elapsed": 2772.479783, "delta": 0.003682}}
{"target": -13.758979103632383, "params": {"gamma": 949.0133822474545, "log10_alpha": -2.9128905331359913, "log10_colsample_bytree": -0.5861180554079737, "log10_eta": -1.6656957004209305, "log10_lambda": -4.133243521344104, "log10_min_child_weight": 3.630775086912681, "log10_subsample": -0.6620279255015645, "max_depth": 7.0, "num_boost_round": 41.0}, "datetime": {"datetime": "2024-01-19 00:57:51", "elapsed": 2772.483514, "delta": 0.003731}}
{"target": -13.759035666910384, "params": {"gamma": 949.0133822474545, "log10_alpha": -2.9128905331359913, "log10_colsample_bytree": -0.5861180554079737, "log10_eta": -1.6656957004209305, "log10_lambda": -4.133243521344104, "log10_min_child_weight": 3.630775086912681, "log10_subsample": -0.6620279255015645, "max_depth": 7.0, "num_boost_round": 42.0}, "datetime": {"datetime": "2024-01-19 00:57:51", "elapsed": 2772.48724, "delta": 0.003726}}
{"target": -13.75909419058604, "params": {"gamma": 949.0133822474545, "log10_alpha": -2.9128905331359913, "log10_colsample_bytree": -0.5861180554079737, "log10_eta": -1.6656957004209305, "log10_lambda": -4.133243521344104, "log10_min_child_weight": 3.630775086912681, "log10_subsample": -0.6620279255015645, "max_depth": 7.0, "num_boost_round": 43.0}, "datetime": {"datetime": "2024-01-19 00:57:51", "elapsed": 2772.491026, "delta": 0.003786}}
{"target": -13.759502570237167, "params": {"gamma": 949.0133822474545, "log10_alpha": -2.9128905331359913, "log10_colsample_bytree": -0.5861180554079737, "log10_eta": -1.6656957004209305, "log10_lambda": -4.133243521344104, "log10_min_child_weight": 3.630775086912681, "log10_subsample": -0.6620279255015645, "max_depth": 7.0, "num_boost_round": 44.0}, "datetime": {"datetime": "2024-01-19 00:57:51", "elapsed": 2772.494852, "delta": 0.003826}}
{"target": -13.759564104119232, "params": {"gamma": 949.0133822474545, "log10_alpha": -2.9128905331359913, "log10_colsample_bytree": -0.5861180554079737, "log10_eta": -1.6656957004209305, "log10_lambda": -4.133243521344104, "log10_min_child_weight": 3.630775086912681, "log10_subsample": -0.6620279255015645, "max_depth": 7.0, "num_boost_round": 45.0}, "datetime": {"datetime": "2024-01-19 00:57:51", "elapsed": 2772.498608, "delta": 0.003756}}
{"target": -13.759659137896952, "params": {"gamma": 949.0133822474545, "log10_alpha": -2.9128905331359913, "log10_colsample_bytree": -0.5861180554079737, "log10_eta": -1.6656957004209305, "log10_lambda": -4.133243521344104, "log10_min_child_weight": 3.630775086912681, "log10_subsample": -0.6620279255015645, "max_depth": 7.0, "num_boost_round": 46.0}, "datetime": {"datetime": "2024-01-19 00:57:51", "elapsed": 2772.502353, "delta": 0.003745}}
{"target": -13.759872480446749, "params": {"gamma": 949.0133822474545, "log10_alpha": -2.9128905331359913, "log10_colsample_bytree": -0.5861180554079737, "log10_eta": -1.6656957004209305, "log10_lambda": -4.133243521344104, "log10_min_child_weight": 3.630775086912681, "log10_subsample": -0.6620279255015645, "max_depth": 7.0, "num_boost_round": 47.0}, "datetime": {"datetime": "2024-01-19 00:57:51", "elapsed": 2772.506065, "delta": 0.003712}}
{"target": -13.760105230564829, "params": {"gamma": 949.0133822474545, "log10_alpha": -2.9128905331359913, "log10_colsample_bytree": -0.5861180554079737, "log10_eta": -1.6656957004209305, "log10_lambda": -4.133243521344104, "log10_min_child_weight": 3.630775086912681, "log10_subsample": -0.6620279255015645, "max_depth": 7.0, "num_boost_round": 48.0}, "datetime": {"datetime": "2024-01-19 00:57:51", "elapsed": 2772.509819, "delta": 0.003754}}
{"target": -13.760212210240054, "params": {"gamma": 949.0133822474545, "log10_alpha": -2.9128905331359913, "log10_colsample_bytree": -0.5861180554079737, "log10_eta": -1.6656957004209305, "log10_lambda": -4.133243521344104, "log10_min_child_weight": 3.630775086912681, "log10_subsample": -0.6620279255015645, "max_depth": 7.0, "num_boost_round": 49.0}, "datetime": {"datetime": "2024-01-19 00:57:51", "elapsed": 2772.513576, "delta": 0.003757}}
{"target": -13.758535090790884, "params": {"gamma": 948.899144612142, "log10_alpha": 0.17601086042727943, "log10_colsample_bytree": -0.8794923761975331, "log10_eta": -3.990148830325861, "log10_lambda": -3.911229844113609, "log10_min_child_weight": 1.1643505840429447, "log10_subsample": -0.8851314632290144, "max_depth": 7.0, "num_boost_round": 0.0}, "datetime": {"datetime": "2024-01-19 00:58:23", "elapsed": 2804.08188, "delta": 31.568304}}
{"target": -13.75853171145296, "params": {"gamma": 948.899144612142, "log10_alpha": 0.17601086042727943, "log10_colsample_bytree": -0.8794923761975331, "log10_eta": -3.990148830325861, "log10_lambda": -3.911229844113609, "log10_min_child_weight": 1.1643505840429447, "log10_subsample": -0.8851314632290144, "max_depth": 7.0, "num_boost_round": 1.0}, "datetime": {"datetime": "2024-01-19 00:58:23", "elapsed": 2804.086064, "delta": 0.004184}}
{"target": -13.758529905774402, "params": {"gamma": 948.899144612142, "log10_alpha": 0.17601086042727943, "log10_colsample_bytree": -0.8794923761975331, "log10_eta": -3.990148830325861, "log10_lambda": -3.911229844113609, "log10_min_child_weight": 1.1643505840429447, "log10_subsample": -0.8851314632290144, "max_depth": 7.0, "num_boost_round": 2.0}, "datetime": {"datetime": "2024-01-19 00:58:23", "elapsed": 2804.089815, "delta": 0.003751}}
{"target": -13.758530733040049, "params": {"gamma": 948.899144612142, "log10_alpha": 0.17601086042727943, "log10_colsample_bytree": -0.8794923761975331, "log10_eta": -3.990148830325861, "log10_lambda": -3.911229844113609, "log10_min_child_weight": 1.1643505840429447, "log10_subsample": -0.8851314632290144, "max_depth": 7.0, "num_boost_round": 3.0}, "datetime": {"datetime": "2024-01-19 00:58:23", "elapsed": 2804.093402, "delta": 0.003587}}
{"target": -13.758531391199552, "params": {"gamma": 948.899144612142, "log10_alpha": 0.17601086042727943, "log10_colsample_bytree": -0.8794923761975331, "log10_eta": -3.990148830325861, "log10_lambda": -3.911229844113609, "log10_min_child_weight": 1.1643505840429447, "log10_subsample": -0.8851314632290144, "max_depth": 7.0, "num_boost_round": 4.0}, "datetime": {"datetime": "2024-01-19 00:58:23", "elapsed": 2804.097008, "delta": 0.003606}}
{"target": -13.758530900838224, "params": {"gamma": 948.899144612142, "log10_alpha": 0.17601086042727943, "log10_colsample_bytree": -0.8794923761975331, "log10_eta": -3.990148830325861, "log10_lambda": -3.911229844113609, "log10_min_child_weight": 1.1643505840429447, "log10_subsample": -0.8851314632290144, "max_depth": 7.0, "num_boost_round": 5.0}, "datetime": {"datetime": "2024-01-19 00:58:23", "elapsed": 2804.100672, "delta": 0.003664}}
{"target": -13.758531818540924, "params": {"gamma": 948.899144612142, "log10_alpha": 0.17601086042727943, "log10_colsample_bytree": -0.8794923761975331, "log10_eta": -3.990148830325861, "log10_lambda": -3.911229844113609, "log10_min_child_weight": 1.1643505840429447, "log10_subsample": -0.8851314632290144, "max_depth": 7.0, "num_boost_round": 6.0}, "datetime": {"datetime": "2024-01-19 00:58:23", "elapsed": 2804.104291, "delta": 0.003619}}
{"target": -13.75852779587156, "params": {"gamma": 948.899144612142, "log10_alpha": 0.17601086042727943, "log10_colsample_bytree": -0.8794923761975331, "log10_eta": -3.990148830325861, "log10_lambda": -3.911229844113609, "log10_min_child_weight": 1.1643505840429447, "log10_subsample": -0.8851314632290144, "max_depth": 7.0, "num_boost_round": 7.0}, "datetime": {"datetime": "2024-01-19 00:58:23", "elapsed": 2804.108185, "delta": 0.003894}}
{"target": -13.75852875516142, "params": {"gamma": 948.899144612142, "log10_alpha": 0.17601086042727943, "log10_colsample_bytree": -0.8794923761975331, "log10_eta": -3.990148830325861, "log10_lambda": -3.911229844113609, "log10_min_child_weight": 1.1643505840429447, "log10_subsample": -0.8851314632290144, "max_depth": 7.0, "num_boost_round": 8.0}, "datetime": {"datetime": "2024-01-19 00:58:23", "elapsed": 2804.111919, "delta": 0.003734}}
{"target": -13.758527370466002, "params": {"gamma": 948.899144612142, "log10_alpha": 0.17601086042727943, "log10_colsample_bytree": -0.8794923761975331, "log10_eta": -3.990148830325861, "log10_lambda": -3.911229844113609, "log10_min_child_weight": 1.1643505840429447, "log10_subsample": -0.8851314632290144, "max_depth": 7.0, "num_boost_round": 9.0}, "datetime": {"datetime": "2024-01-19 00:58:23", "elapsed": 2804.115561, "delta": 0.003642}}
{"target": -13.758524087364686, "params": {"gamma": 948.899144612142, "log10_alpha": 0.17601086042727943, "log10_colsample_bytree": -0.8794923761975331, "log10_eta": -3.990148830325861, "log10_lambda": -3.911229844113609, "log10_min_child_weight": 1.1643505840429447, "log10_subsample": -0.8851314632290144, "max_depth": 7.0, "num_boost_round": 10.0}, "datetime": {"datetime": "2024-01-19 00:58:23", "elapsed": 2804.119222, "delta": 0.003661}}
{"target": -13.758523084859517, "params": {"gamma": 948.899144612142, "log10_alpha": 0.17601086042727943, "log10_colsample_bytree": -0.8794923761975331, "log10_eta": -3.990148830325861, "log10_lambda": -3.911229844113609, "log10_min_child_weight": 1.1643505840429447, "log10_subsample": -0.8851314632290144, "max_depth": 7.0, "num_boost_round": 11.0}, "datetime": {"datetime": "2024-01-19 00:58:23", "elapsed": 2804.122803, "delta": 0.003581}}
{"target": -13.75852510787276, "params": {"gamma": 948.899144612142, "log10_alpha": 0.17601086042727943, "log10_colsample_bytree": -0.8794923761975331, "log10_eta": -3.990148830325861, "log10_lambda": -3.911229844113609, "log10_min_child_weight": 1.1643505840429447, "log10_subsample": -0.8851314632290144, "max_depth": 7.0, "num_boost_round": 12.0}, "datetime": {"datetime": "2024-01-19 00:58:23", "elapsed": 2804.126531, "delta": 0.003728}}
{"target": -13.758535358222915, "params": {"gamma": 948.318765080018, "log10_alpha": -0.2932494644250321, "log10_colsample_bytree": -0.24381036031191428, "log10_eta": -3.838482814212362, "log10_lambda": -2.925407909681323, "log10_min_child_weight": 0.4268895432800507, "log10_subsample": -0.10177851879197952, "max_depth": 7.0, "num_boost_round": 0.0}, "datetime": {"datetime": "2024-01-19 00:58:59", "elapsed": 2840.348473, "delta": 36.221942}}
{"target": -13.75852865643605, "params": {"gamma": 948.318765080018, "log10_alpha": -0.2932494644250321, "log10_colsample_bytree": -0.24381036031191428, "log10_eta": -3.838482814212362, "log10_lambda": -2.925407909681323, "log10_min_child_weight": 0.4268895432800507, "log10_subsample": -0.10177851879197952, "max_depth": 7.0, "num_boost_round": 1.0}, "datetime": {"datetime": "2024-01-19 00:58:59", "elapsed": 2840.352976, "delta": 0.004503}}
{"target": -13.758525978613815, "params": {"gamma": 948.318765080018, "log10_alpha": -0.2932494644250321, "log10_colsample_bytree": -0.24381036031191428, "log10_eta": -3.838482814212362, "log10_lambda": -2.925407909681323, "log10_min_child_weight": 0.4268895432800507, "log10_subsample": -0.10177851879197952, "max_depth": 7.0, "num_boost_round": 2.0}, "datetime": {"datetime": "2024-01-19 00:58:59", "elapsed": 2840.356614, "delta": 0.003638}}
{"target": -13.758518877834106, "params": {"gamma": 948.318765080018, "log10_alpha": -0.2932494644250321, "log10_colsample_bytree": -0.24381036031191428, "log10_eta": -3.838482814212362, "log10_lambda": -2.925407909681323, "log10_min_child_weight": 0.4268895432800507, "log10_subsample": -0.10177851879197952, "max_depth": 7.0, "num_boost_round": 3.0}, "datetime": {"datetime": "2024-01-19 00:58:59", "elapsed": 2840.360349, "delta": 0.003735}}
{"target": -13.758514492605116, "params": {"gamma": 948.318765080018, "log10_alpha": -0.2932494644250321, "log10_colsample_bytree": -0.24381036031191428, "log10_eta": -3.838482814212362, "log10_lambda": -2.925407909681323, "log10_min_child_weight": 0.4268895432800507, "log10_subsample": -0.10177851879197952, "max_depth": 7.0, "num_boost_round": 4.0}, "datetime": {"datetime": "2024-01-19 00:58:59", "elapsed": 2840.364747, "delta": 0.004398}}
{"target": -13.758512196948686, "params": {"gamma": 948.318765080018, "log10_alpha": -0.2932494644250321, "log10_colsample_bytree": -0.24381036031191428, "log10_eta": -3.838482814212362, "log10_lambda": -2.925407909681323, "log10_min_child_weight": 0.4268895432800507, "log10_subsample": -0.10177851879197952, "max_depth": 7.0, "num_boost_round": 5.0}, "datetime": {"datetime": "2024-01-19 00:58:59", "elapsed": 2840.368746, "delta": 0.003999}}
{"target": -13.75851152642453, "params": {"gamma": 948.318765080018, "log10_alpha": -0.2932494644250321, "log10_colsample_bytree": -0.24381036031191428, "log10_eta": -3.838482814212362, "log10_lambda": -2.925407909681323, "log10_min_child_weight": 0.4268895432800507, "log10_subsample": -0.10177851879197952, "max_depth": 7.0, "num_boost_round": 6.0}, "datetime": {"datetime": "2024-01-19 00:58:59", "elapsed": 2840.372446, "delta": 0.0037}}
{"target": -13.758510266526958, "params": {"gamma": 948.318765080018, "log10_alpha": -0.2932494644250321, "log10_colsample_bytree": -0.24381036031191428, "log10_eta": -3.838482814212362, "log10_lambda": -2.925407909681323, "log10_min_child_weight": 0.4268895432800507, "log10_subsample": -0.10177851879197952, "max_depth": 7.0, "num_boost_round": 7.0}, "datetime": {"datetime": "2024-01-19 00:58:59", "elapsed": 2840.376114, "delta": 0.003668}}
{"target": -13.758513201382973, "params": {"gamma": 948.318765080018, "log10_alpha": -0.2932494644250321, "log10_colsample_bytree": -0.24381036031191428, "log10_eta": -3.838482814212362, "log10_lambda": -2.925407909681323, "log10_min_child_weight": 0.4268895432800507, "log10_subsample": -0.10177851879197952, "max_depth": 7.0, "num_boost_round": 8.0}, "datetime": {"datetime": "2024-01-19 00:58:59", "elapsed": 2840.379696, "delta": 0.003582}}
{"target": -13.758511415841944, "params": {"gamma": 948.318765080018, "log10_alpha": -0.2932494644250321, "log10_colsample_bytree": -0.24381036031191428, "log10_eta": -3.838482814212362, "log10_lambda": -2.925407909681323, "log10_min_child_weight": 0.4268895432800507, "log10_subsample": -0.10177851879197952, "max_depth": 7.0, "num_boost_round": 9.0}, "datetime": {"datetime": "2024-01-19 00:58:59", "elapsed": 2840.383307, "delta": 0.003611}}
{"target": -13.758509047580167, "params": {"gamma": 948.318765080018, "log10_alpha": -0.2932494644250321, "log10_colsample_bytree": -0.24381036031191428, "log10_eta": -3.838482814212362, "log10_lambda": -2.925407909681323, "log10_min_child_weight": 0.4268895432800507, "log10_subsample": -0.10177851879197952, "max_depth": 7.0, "num_boost_round": 10.0}, "datetime": {"datetime": "2024-01-19 00:58:59", "elapsed": 2840.387002, "delta": 0.003695}}
{"target": -13.758507696317842, "params": {"gamma": 948.318765080018, "log10_alpha": -0.2932494644250321, "log10_colsample_bytree": -0.24381036031191428, "log10_eta": -3.838482814212362, "log10_lambda": -2.925407909681323, "log10_min_child_weight": 0.4268895432800507, "log10_subsample": -0.10177851879197952, "max_depth": 7.0, "num_boost_round": 11.0}, "datetime": {"datetime": "2024-01-19 00:58:59", "elapsed": 2840.390598, "delta": 0.003596}}
{"target": -13.758505917514478, "params": {"gamma": 948.318765080018, "log10_alpha": -0.2932494644250321, "log10_colsample_bytree": -0.24381036031191428, "log10_eta": -3.838482814212362, "log10_lambda": -2.925407909681323, "log10_min_child_weight": 0.4268895432800507, "log10_subsample": -0.10177851879197952, "max_depth": 7.0, "num_boost_round": 12.0}, "datetime": {"datetime": "2024-01-19 00:58:59", "elapsed": 2840.394225, "delta": 0.003627}}
{"target": -13.758506872395499, "params": {"gamma": 948.318765080018, "log10_alpha": -0.2932494644250321, "log10_colsample_bytree": -0.24381036031191428, "log10_eta": -3.838482814212362, "log10_lambda": -2.925407909681323, "log10_min_child_weight": 0.4268895432800507, "log10_subsample": -0.10177851879197952, "max_depth": 7.0, "num_boost_round": 13.0}, "datetime": {"datetime": "2024-01-19 00:58:59", "elapsed": 2840.397852, "delta": 0.003627}}
{"target": -13.758501406359848, "params": {"gamma": 948.318765080018, "log10_alpha": -0.2932494644250321, "log10_colsample_bytree": -0.24381036031191428, "log10_eta": -3.838482814212362, "log10_lambda": -2.925407909681323, "log10_min_child_weight": 0.4268895432800507, "log10_subsample": -0.10177851879197952, "max_depth": 7.0, "num_boost_round": 14.0}, "datetime": {"datetime": "2024-01-19 00:58:59", "elapsed": 2840.401474, "delta": 0.003622}}
{"target": -13.75849674464881, "params": {"gamma": 948.318765080018, "log10_alpha": -0.2932494644250321, "log10_colsample_bytree": -0.24381036031191428, "log10_eta": -3.838482814212362, "log10_lambda": -2.925407909681323, "log10_min_child_weight": 0.4268895432800507, "log10_subsample": -0.10177851879197952, "max_depth": 7.0, "num_boost_round": 15.0}, "datetime": {"datetime": "2024-01-19 00:58:59", "elapsed": 2840.405114, "delta": 0.00364}}
{"target": -13.758499514943148, "params": {"gamma": 948.318765080018, "log10_alpha": -0.2932494644250321, "log10_colsample_bytree": -0.24381036031191428, "log10_eta": -3.838482814212362, "log10_lambda": -2.925407909681323, "log10_min_child_weight": 0.4268895432800507, "log10_subsample": -0.10177851879197952, "max_depth": 7.0, "num_boost_round": 16.0}, "datetime": {"datetime": "2024-01-19 00:58:59", "elapsed": 2840.408723, "delta": 0.003609}}
{"target": -13.758501256929156, "params": {"gamma": 948.318765080018, "log10_alpha": -0.2932494644250321, "log10_colsample_bytree": -0.24381036031191428, "log10_eta": -3.838482814212362, "log10_lambda": -2.925407909681323, "log10_min_child_weight": 0.4268895432800507, "log10_subsample": -0.10177851879197952, "max_depth": 7.0, "num_boost_round": 17.0}, "datetime": {"datetime": "2024-01-19 00:58:59", "elapsed": 2840.412431, "delta": 0.003708}}
{"target": -13.80905414491461, "params": {"gamma": 937.0297303344727, "log10_alpha": -1.6216513563324497, "log10_colsample_bytree": -0.2999902482166221, "log10_eta": -0.05694109973280259, "log10_lambda": -1.8462511149536036, "log10_min_child_weight": 0.5096852069873459, "log10_subsample": -0.7271244769320167, "max_depth": 2.0, "num_boost_round": 0.0}, "datetime": {"datetime": "2024-01-19 00:59:47", "elapsed": 2888.736149, "delta": 48.323718}}
{"target": -13.817226271397193, "params": {"gamma": 937.0297303344727, "log10_alpha": -1.6216513563324497, "log10_colsample_bytree": -0.2999902482166221, "log10_eta": -0.05694109973280259, "log10_lambda": -1.8462511149536036, "log10_min_child_weight": 0.5096852069873459, "log10_subsample": -0.7271244769320167, "max_depth": 2.0, "num_boost_round": 1.0}, "datetime": {"datetime": "2024-01-19 00:59:47", "elapsed": 2888.740035, "delta": 0.003886}}
{"target": -13.821678251476662, "params": {"gamma": 937.0297303344727, "log10_alpha": -1.6216513563324497, "log10_colsample_bytree": -0.2999902482166221, "log10_eta": -0.05694109973280259, "log10_lambda": -1.8462511149536036, "log10_min_child_weight": 0.5096852069873459, "log10_subsample": -0.7271244769320167, "max_depth": 2.0, "num_boost_round": 2.0}, "datetime": {"datetime": "2024-01-19 00:59:47", "elapsed": 2888.743768, "delta": 0.003733}}
