{"target": -16.197576551171203, "params": {"gamma": 450.3239114467675, "log10_alpha": -4.332830022973912, "log10_colsample_bytree": -0.4559095491170354, "log10_eta": -0.2072743377736126, "log10_lambda": -3.938561632596447, "log10_min_child_weight": 2.265740295139409, "log10_subsample": -0.4605062705240226, "max_depth": 9.0, "num_boost_round": 74.0}, "datetime": {"datetime": "2024-01-19 00:24:18", "elapsed": 762.914341, "delta": 0.001668}}
{"target": -13.758538774280519, "params": {"gamma": 437.0306698916044, "log10_alpha": 0.8304107427480423, "log10_colsample_bytree": -0.3551918599288668, "log10_eta": -3.1216291050116447, "log10_lambda": -0.21525300267049552, "log10_min_child_weight": 3.5904401659720375, "log10_subsample": -0.03003649841174616, "max_depth": 4.0, "num_boost_round": 0.0}, "datetime": {"datetime": "2024-01-19 00:24:54", "elapsed": 798.423355, "delta": 35.509014}}
{"target": -13.75852490592387, "params": {"gamma": 437.0306698916044, "log10_alpha": 0.8304107427480423, "log10_colsample_bytree": -0.3551918599288668, "log10_eta": -3.1216291050116447, "log10_lambda": -0.21525300267049552, "log10_min_child_weight": 3.5904401659720375, "log10_subsample": -0.03003649841174616, "max_depth": 4.0, "num_boost_round": 1.0}, "datetime": {"datetime": "2024-01-19 00:24:54", "elapsed": 798.42521, "delta": 0.001855}}
{"target": -13.7585260924771, "params": {"gamma": 437.0306698916044, "log10_alpha": 0.8304107427480423, "log10_colsample_bytree": -0.3551918599288668, "log10_eta": -3.1216291050116447, "log10_lambda": -0.21525300267049552, "log10_min_child_weight": 3.5904401659720375, "log10_subsample": -0.03003649841174616, "max_depth": 4.0, "num_boost_round": 2.0}, "datetime": {"datetime": "2024-01-19 00:24:54", "elapsed": 798.427243, "delta": 0.002033}}
{"target": -13.758532116748562, "params": {"gamma": 437.0306698916044, "log10_alpha": 0.8304107427480423, "log10_colsample_bytree": -0.3551918599288668, "log10_eta": -3.1216291050116447, "log10_lambda": -0.21525300267049552, "log10_min_child_weight": 3.5904401659720375, "log10_subsample": -0.03003649841174616, "max_depth": 4.0, "num_boost_round": 3.0}, "datetime": {"datetime": "2024-01-19 00:24:54", "elapsed": 798.428982, "delta": 0.001739}}
{"target": -13.758522388650519, "params": {"gamma": 437.0306698916044, "log10_alpha": 0.8304107427480423, "log10_colsample_bytree": -0.3551918599288668, "log10_eta": -3.1216291050116447, "log10_lambda": -0.21525300267049552, "log10_min_child_weight": 3.5904401659720375, "log10_subsample": -0.03003649841174616, "max_depth": 4.0, "num_boost_round": 4.0}, "datetime": {"datetime": "2024-01-19 00:24:54", "elapsed": 798.430693, "delta": 0.001711}}
{"target": -13.758523452575645, "params": {"gamma": 437.0306698916044, "log10_alpha": 0.8304107427480423, "log10_colsample_bytree": -0.3551918599288668, "log10_eta": -3.1216291050116447, "log10_lambda": -0.21525300267049552, "log10_min_child_weight": 3.5904401659720375, "log10_subsample": -0.03003649841174616, "max_depth": 4.0, "num_boost_round": 5.0}, "datetime": {"datetime": "2024-01-19 00:24:54", "elapsed": 798.43326, "delta": 0.002567}}
{"target": -13.758524360300887, "params": {"gamma": 437.0306698916044, "log10_alpha": 0.8304107427480423, "log10_colsample_bytree": -0.3551918599288668, "log10_eta": -3.1216291050116447, "log10_lambda": -0.21525300267049552, "log10_min_child_weight": 3.5904401659720375, "log10_subsample": -0.03003649841174616, "max_depth": 4.0, "num_boost_round": 6.0}, "datetime": {"datetime": "2024-01-19 00:24:54", "elapsed": 798.434987, "delta": 0.001727}}
{"target": -13.758519683919756, "params": {"gamma": 437.0306698916044, "log10_alpha": 0.8304107427480423, "log10_colsample_bytree": -0.3551918599288668, "log10_eta": -3.1216291050116447, "log10_lambda": -0.21525300267049552, "log10_min_child_weight": 3.5904401659720375, "log10_subsample": -0.03003649841174616, "max_depth": 4.0, "num_boost_round": 7.0}, "datetime": {"datetime": "2024-01-19 00:24:54", "elapsed": 798.436709, "delta": 0.001722}}
{"target": -13.758519870415888, "params": {"gamma": 437.0306698916044, "log10_alpha": 0.8304107427480423, "log10_colsample_bytree": -0.3551918599288668, "log10_eta": -3.1216291050116447, "log10_lambda": -0.21525300267049552, "log10_min_child_weight": 3.5904401659720375, "log10_subsample": -0.03003649841174616, "max_depth": 4.0, "num_boost_round": 8.0}, "datetime": {"datetime": "2024-01-19 00:24:54", "elapsed": 798.438431, "delta": 0.001722}}
{"target": -13.758512834819316, "params": {"gamma": 437.0306698916044, "log10_alpha": 0.8304107427480423, "log10_colsample_bytree": -0.3551918599288668, "log10_eta": -3.1216291050116447, "log10_lambda": -0.21525300267049552, "log10_min_child_weight": 3.5904401659720375, "log10_subsample": -0.03003649841174616, "max_depth": 4.0, "num_boost_round": 9.0}, "datetime": {"datetime": "2024-01-19 00:24:54", "elapsed": 798.440172, "delta": 0.001741}}
{"target": -13.758503847770736, "params": {"gamma": 437.0306698916044, "log10_alpha": 0.8304107427480423, "log10_colsample_bytree": -0.3551918599288668, "log10_eta": -3.1216291050116447, "log10_lambda": -0.21525300267049552, "log10_min_child_weight": 3.5904401659720375, "log10_subsample": -0.03003649841174616, "max_depth": 4.0, "num_boost_round": 10.0}, "datetime": {"datetime": "2024-01-19 00:24:54", "elapsed": 798.441911, "delta": 0.001739}}
{"target": -13.758489633940009, "params": {"gamma": 437.0306698916044, "log10_alpha": 0.8304107427480423, "log10_colsample_bytree": -0.3551918599288668, "log10_eta": -3.1216291050116447, "log10_lambda": -0.21525300267049552, "log10_min_child_weight": 3.5904401659720375, "log10_subsample": -0.03003649841174616, "max_depth": 4.0, "num_boost_round": 11.0}, "datetime": {"datetime": "2024-01-19 00:24:54", "elapsed": 798.443621, "delta": 0.00171}}
{"target": -13.758491452204343, "params": {"gamma": 437.0306698916044, "log10_alpha": 0.8304107427480423, "log10_colsample_bytree": -0.3551918599288668, "log10_eta": -3.1216291050116447, "log10_lambda": -0.21525300267049552, "log10_min_child_weight": 3.5904401659720375, "log10_subsample": -0.03003649841174616, "max_depth": 4.0, "num_boost_round": 12.0}, "datetime": {"datetime": "2024-01-19 00:24:54", "elapsed": 798.44534, "delta": 0.001719}}
{"target": -13.758492396667936, "params": {"gamma": 437.0306698916044, "log10_alpha": 0.8304107427480423, "log10_colsample_bytree": -0.3551918599288668, "log10_eta": -3.1216291050116447, "log10_lambda": -0.21525300267049552, "log10_min_child_weight": 3.5904401659720375, "log10_subsample": -0.03003649841174616, "max_depth": 4.0, "num_boost_round": 13.0}, "datetime": {"datetime": "2024-01-19 00:24:54", "elapsed": 798.447704, "delta": 0.002364}}
{"target": -13.758482396918406, "params": {"gamma": 437.0306698916044, "log10_alpha": 0.8304107427480423, "log10_colsample_bytree": -0.3551918599288668, "log10_eta": -3.1216291050116447, "log10_lambda": -0.21525300267049552, "log10_min_child_weight": 3.5904401659720375, "log10_subsample": -0.03003649841174616, "max_depth": 4.0, "num_boost_round": 14.0}, "datetime": {"datetime": "2024-01-19 00:24:54", "elapsed": 798.449617, "delta": 0.001913}}
{"target": -13.758468407667884, "params": {"gamma": 437.0306698916044, "log10_alpha": 0.8304107427480423, "log10_colsample_bytree": -0.3551918599288668, "log10_eta": -3.1216291050116447, "log10_lambda": -0.21525300267049552, "log10_min_child_weight": 3.5904401659720375, "log10_subsample": -0.03003649841174616, "max_depth": 4.0, "num_boost_round": 15.0}, "datetime": {"datetime": "2024-01-19 00:24:54", "elapsed": 798.451468, "delta": 0.001851}}
{"target": -13.758459501295745, "params": {"gamma": 437.0306698916044, "log10_alpha": 0.8304107427480423, "log10_colsample_bytree": -0.3551918599288668, "log10_eta": -3.1216291050116447, "log10_lambda": -0.21525300267049552, "log10_min_child_weight": 3.5904401659720375, "log10_subsample": -0.03003649841174616, "max_depth": 4.0, "num_boost_round": 16.0}, "datetime": {"datetime": "2024-01-19 00:24:54", "elapsed": 798.45318, "delta": 0.001712}}
{"target": -13.75844721881637, "params": {"gamma": 437.0306698916044, "log10_alpha": 0.8304107427480423, "log10_colsample_bytree": -0.3551918599288668, "log10_eta": -3.1216291050116447, "log10_lambda": -0.21525300267049552, "log10_min_child_weight": 3.5904401659720375, "log10_subsample": -0.03003649841174616, "max_depth": 4.0, "num_boost_round": 17.0}, "datetime": {"datetime": "2024-01-19 00:24:54", "elapsed": 798.454887, "delta": 0.001707}}
{"target": -13.75843731480339, "params": {"gamma": 437.0306698916044, "log10_alpha": 0.8304107427480423, "log10_colsample_bytree": -0.3551918599288668, "log10_eta": -3.1216291050116447, "log10_lambda": -0.21525300267049552, "log10_min_child_weight": 3.5904401659720375, "log10_subsample": -0.03003649841174616, "max_depth": 4.0, "num_boost_round": 18.0}, "datetime": {"datetime": "2024-01-19 00:24:54", "elapsed": 798.456597, "delta": 0.00171}}
{"target": -13.758427104946641, "params": {"gamma": 437.0306698916044, "log10_alpha": 0.8304107427480423, "log10_colsample_bytree": -0.3551918599288668, "log10_eta": -3.1216291050116447, "log10_lambda": -0.21525300267049552, "log10_min_child_weight": 3.5904401659720375, "log10_subsample": -0.03003649841174616, "max_depth": 4.0, "num_boost_round": 19.0}, "datetime": {"datetime": "2024-01-19 00:24:54", "elapsed": 798.458307, "delta": 0.00171}}
{"target": -13.758406583020877, "params": {"gamma": 437.0306698916044, "log10_alpha": 0.8304107427480423, "log10_colsample_bytree": -0.3551918599288668, "log10_eta": -3.1216291050116447, "log10_lambda": -0.21525300267049552, "log10_min_child_weight": 3.5904401659720375, "log10_subsample": -0.03003649841174616, "max_depth": 4.0, "num_boost_round": 20.0}, "datetime": {"datetime": "2024-01-19 00:24:54", "elapsed": 798.46008, "delta": 0.001773}}
{"target": -13.758411498754514, "params": {"gamma": 437.0306698916044, "log10_alpha": 0.8304107427480423, "log10_colsample_bytree": -0.3551918599288668, "log10_eta": -3.1216291050116447, "log10_lambda": -0.21525300267049552, "log10_min_child_weight": 3.5904401659720375, "log10_subsample": -0.03003649841174616, "max_depth": 4.0, "num_boost_round": 21.0}, "datetime": {"datetime": "2024-01-19 00:24:54", "elapsed": 798.461885, "delta": 0.001805}}
{"target": -13.758410085171747, "params": {"gamma": 437.0306698916044, "log10_alpha": 0.8304107427480423, "log10_colsample_bytree": -0.3551918599288668, "log10_eta": -3.1216291050116447, "log10_lambda": -0.21525300267049552, "log10_min_child_weight": 3.5904401659720375, "log10_subsample": -0.03003649841174616, "max_depth": 4.0, "num_boost_round": 22.0}, "datetime": {"datetime": "2024-01-19 00:24:54", "elapsed": 798.46367, "delta": 0.001785}}
{"target": -13.758403612682901, "params": {"gamma": 437.0306698916044, "log10_alpha": 0.8304107427480423, "log10_colsample_bytree": -0.3551918599288668, "log10_eta": -3.1216291050116447, "log10_lambda": -0.21525300267049552, "log10_min_child_weight": 3.5904401659720375, "log10_subsample": -0.03003649841174616, "max_depth": 4.0, "num_boost_round": 23.0}, "datetime": {"datetime": "2024-01-19 00:24:54", "elapsed": 798.465447, "delta": 0.001777}}
{"target": -13.75839586815225, "params": {"gamma": 437.0306698916044, "log10_alpha": 0.8304107427480423, "log10_colsample_bytree": -0.3551918599288668, "log10_eta": -3.1216291050116447, "log10_lambda": -0.21525300267049552, "log10_min_child_weight": 3.5904401659720375, "log10_subsample": -0.03003649841174616, "max_depth": 4.0, "num_boost_round": 24.0}, "datetime": {"datetime": "2024-01-19 00:24:54", "elapsed": 798.467206, "delta": 0.001759}}
{"target": -13.758382623715939, "params": {"gamma": 437.0306698916044, "log10_alpha": 0.8304107427480423, "log10_colsample_bytree": -0.3551918599288668, "log10_eta": -3.1216291050116447, "log10_lambda": -0.21525300267049552, "log10_min_child_weight": 3.5904401659720375, "log10_subsample": -0.03003649841174616, "max_depth": 4.0, "num_boost_round": 25.0}, "datetime": {"datetime": "2024-01-19 00:24:54", "elapsed": 798.468993, "delta": 0.001787}}
{"target": -13.758368206110905, "params": {"gamma": 437.0306698916044, "log10_alpha": 0.8304107427480423, "log10_colsample_bytree": -0.3551918599288668, "log10_eta": -3.1216291050116447, "log10_lambda": -0.21525300267049552, "log10_min_child_weight": 3.5904401659720375, "log10_subsample": -0.03003649841174616, "max_depth": 4.0, "num_boost_round": 26.0}, "datetime": {"datetime": "2024-01-19 00:24:54", "elapsed": 798.470773, "delta": 0.00178}}
{"target": -13.758362569509512, "params": {"gamma": 437.0306698916044, "log10_alpha": 0.8304107427480423, "log10_colsample_bytree": -0.3551918599288668, "log10_eta": -3.1216291050116447, "log10_lambda": -0.21525300267049552, "log10_min_child_weight": 3.5904401659720375, "log10_subsample": -0.03003649841174616, "max_depth": 4.0, "num_boost_round": 27.0}, "datetime": {"datetime": "2024-01-19 00:24:54", "elapsed": 798.47257, "delta": 0.001797}}
{"target": -13.758352317182645, "params": {"gamma": 437.0306698916044, "log10_alpha": 0.8304107427480423, "log10_colsample_bytree": -0.3551918599288668, "log10_eta": -3.1216291050116447, "log10_lambda": -0.21525300267049552, "log10_min_child_weight": 3.5904401659720375, "log10_subsample": -0.03003649841174616, "max_depth": 4.0, "num_boost_round": 28.0}, "datetime": {"datetime": "2024-01-19 00:24:54", "elapsed": 798.474367, "delta": 0.001797}}
{"target": -13.758339678731405, "params": {"gamma": 437.0306698916044, "log10_alpha": 0.8304107427480423, "log10_colsample_bytree": -0.3551918599288668, "log10_eta": -3.1216291050116447, "log10_lambda": -0.21525300267049552, "log10_min_child_weight": 3.5904401659720375, "log10_subsample": -0.03003649841174616, "max_depth": 4.0, "num_boost_round": 29.0}, "datetime": {"datetime": "2024-01-19 00:24:54", "elapsed": 798.476128, "delta": 0.001761}}
{"target": -13.758342113398461, "params": {"gamma": 437.0306698916044, "log10_alpha": 0.8304107427480423, "log10_colsample_bytree": -0.3551918599288668, "log10_eta": -3.1216291050116447, "log10_lambda": -0.21525300267049552, "log10_min_child_weight": 3.5904401659720375, "log10_subsample": -0.03003649841174616, "max_depth": 4.0, "num_boost_round": 30.0}, "datetime": {"datetime": "2024-01-19 00:24:54", "elapsed": 798.477906, "delta": 0.001778}}
{"target": -13.758339112907302, "params": {"gamma": 437.0306698916044, "log10_alpha": 0.8304107427480423, "log10_colsample_bytree": -0.3551918599288668, "log10_eta": -3.1216291050116447, "log10_lambda": -0.21525300267049552, "log10_min_child_weight": 3.5904401659720375, "log10_subsample": -0.03003649841174616, "max_depth": 4.0, "num_boost_round": 31.0}, "datetime": {"datetime": "2024-01-19 00:24:54", "elapsed": 798.479682, "delta": 0.001776}}
{"target": -13.758344442819674, "params": {"gamma": 437.0306698916044, "log10_alpha": 0.8304107427480423, "log10_colsample_bytree": -0.3551918599288668, "log10_eta": -3.1216291050116447, "log10_lambda": -0.21525300267049552, "log10_min_child_weight": 3.5904401659720375, "log10_subsample": -0.03003649841174616, "max_depth": 4.0, "num_boost_round": 32.0}, "datetime": {"datetime": "2024-01-19 00:24:54", "elapsed": 798.481467, "delta": 0.001785}}
{"target": -13.758334472249683, "params": {"gamma": 437.0306698916044, "log10_alpha": 0.8304107427480423, "log10_colsample_bytree": -0.3551918599288668, "log10_eta": -3.1216291050116447, "log10_lambda": -0.21525300267049552, "log10_min_child_weight": 3.5904401659720375, "log10_subsample": -0.03003649841174616, "max_depth": 4.0, "num_boost_round": 33.0}, "datetime": {"datetime": "2024-01-19 00:24:54", "elapsed": 798.483214, "delta": 0.001747}}
{"target": -13.758320500539426, "params": {"gamma": 437.0306698916044, "log10_alpha": 0.8304107427480423, "log10_colsample_bytree": -0.3551918599288668, "log10_eta": -3.1216291050116447, "log10_lambda": -0.21525300267049552, "log10_min_child_weight": 3.5904401659720375, "log10_subsample": -0.03003649841174616, "max_depth": 4.0, "num_boost_round": 34.0}, "datetime": {"datetime": "2024-01-19 00:24:54", "elapsed": 798.484973, "delta": 0.001759}}
{"target": -13.758321555785132, "params": {"gamma": 437.0306698916044, "log10_alpha": 0.8304107427480423, "log10_colsample_bytree": -0.3551918599288668, "log10_eta": -3.1216291050116447, "log10_lambda": -0.21525300267049552, "log10_min_child_weight": 3.5904401659720375, "log10_subsample": -0.03003649841174616, "max_depth": 4.0, "num_boost_round": 35.0}, "datetime": {"datetime": "2024-01-19 00:24:54", "elapsed": 798.486772, "delta": 0.001799}}
{"target": -13.758321319017256, "params": {"gamma": 437.0306698916044, "log10_alpha": 0.8304107427480423, "log10_colsample_bytree": -0.3551918599288668, "log10_eta": -3.1216291050116447, "log10_lambda": -0.21525300267049552, "log10_min_child_weight": 3.5904401659720375, "log10_subsample": -0.03003649841174616, "max_depth": 4.0, "num_boost_round": 36.0}, "datetime": {"datetime": "2024-01-19 00:24:54", "elapsed": 798.488537, "delta": 0.001765}}
{"target": -13.758317824317908, "params": {"gamma": 437.0306698916044, "log10_alpha": 0.8304107427480423, "log10_colsample_bytree": -0.3551918599288668, "log10_eta": -3.1216291050116447, "log10_lambda": -0.21525300267049552, "log10_min_child_weight": 3.5904401659720375, "log10_subsample": -0.03003649841174616, "max_depth": 4.0, "num_boost_round": 37.0}, "datetime": {"datetime": "2024-01-19 00:24:54", "elapsed": 798.490341, "delta": 0.001804}}
{"target": -13.758309024176821, "params": {"gamma": 437.0306698916044, "log10_alpha": 0.8304107427480423, "log10_colsample_bytree": -0.3551918599288668, "log10_eta": -3.1216291050116447, "log10_lambda": -0.21525300267049552, "log10_min_child_weight": 3.5904401659720375, "log10_subsample": -0.03003649841174616, "max_depth": 4.0, "num_boost_round": 38.0}, "datetime": {"datetime": "2024-01-19 00:24:54", "elapsed": 798.492114, "delta": 0.001773}}
{"target": -13.758294976787043, "params": {"gamma": 437.0306698916044, "log10_alpha": 0.8304107427480423, "log10_colsample_bytree": -0.3551918599288668, "log10_eta": -3.1216291050116447, "log10_lambda": -0.21525300267049552, "log10_min_child_weight": 3.5904401659720375, "log10_subsample": -0.03003649841174616, "max_depth": 4.0, "num_boost_round": 39.0}, "datetime": {"datetime": "2024-01-19 00:24:54", "elapsed": 798.493888, "delta": 0.001774}}
{"target": -13.758291523752208, "params": {"gamma": 437.0306698916044, "log10_alpha": 0.8304107427480423, "log10_colsample_bytree": -0.3551918599288668, "log10_eta": -3.1216291050116447, "log10_lambda": -0.21525300267049552, "log10_min_child_weight": 3.5904401659720375, "log10_subsample": -0.03003649841174616, "max_depth": 4.0, "num_boost_round": 40.0}, "datetime": {"datetime": "2024-01-19 00:24:54", "elapsed": 798.495654, "delta": 0.001766}}
{"target": -13.758277240266745, "params": {"gamma": 437.0306698916044, "log10_alpha": 0.8304107427480423, "log10_colsample_bytree": -0.3551918599288668, "log10_eta": -3.1216291050116447, "log10_lambda": -0.21525300267049552, "log10_min_child_weight": 3.5904401659720375, "log10_subsample": -0.03003649841174616, "max_depth": 4.0, "num_boost_round": 41.0}, "datetime": {"datetime": "2024-01-19 00:24:54", "elapsed": 798.497441, "delta": 0.001787}}
{"target": -13.75826625422828, "params": {"gamma": 437.0306698916044, "log10_alpha": 0.8304107427480423, "log10_colsample_bytree": -0.3551918599288668, "log10_eta": -3.1216291050116447, "log10_lambda": -0.21525300267049552, "log10_min_child_weight": 3.5904401659720375, "log10_subsample": -0.03003649841174616, "max_depth": 4.0, "num_boost_round": 42.0}, "datetime": {"datetime": "2024-01-19 00:24:54", "elapsed": 798.499225, "delta": 0.001784}}
{"target": -13.758269008613919, "params": {"gamma": 437.0306698916044, "log10_alpha": 0.8304107427480423, "log10_colsample_bytree": -0.3551918599288668, "log10_eta": -3.1216291050116447, "log10_lambda": -0.21525300267049552, "log10_min_child_weight": 3.5904401659720375, "log10_subsample": -0.03003649841174616, "max_depth": 4.0, "num_boost_round": 43.0}, "datetime": {"datetime": "2024-01-19 00:24:54", "elapsed": 798.500987, "delta": 0.001762}}
{"target": -13.758270492854436, "params": {"gamma": 437.0306698916044, "log10_alpha": 0.8304107427480423, "log10_colsample_bytree": -0.3551918599288668, "log10_eta": -3.1216291050116447, "log10_lambda": -0.21525300267049552, "log10_min_child_weight": 3.5904401659720375, "log10_subsample": -0.03003649841174616, "max_depth": 4.0, "num_boost_round": 44.0}, "datetime": {"datetime": "2024-01-19 00:24:54", "elapsed": 798.502761, "delta": 0.001774}}
{"target": -13.758264595270282, "params": {"gamma": 437.0306698916044, "log10_alpha": 0.8304107427480423, "log10_colsample_bytree": -0.3551918599288668, "log10_eta": -3.1216291050116447, "log10_lambda": -0.21525300267049552, "log10_min_child_weight": 3.5904401659720375, "log10_subsample": -0.03003649841174616, "max_depth": 4.0, "num_boost_round": 45.0}, "datetime": {"datetime": "2024-01-19 00:24:54", "elapsed": 798.505279, "delta": 0.002518}}
{"target": -13.758263403550675, "params": {"gamma": 437.0306698916044, "log10_alpha": 0.8304107427480423, "log10_colsample_bytree": -0.3551918599288668, "log10_eta": -3.1216291050116447, "log10_lambda": -0.21525300267049552, "log10_min_child_weight": 3.5904401659720375, "log10_subsample": -0.03003649841174616, "max_depth": 4.0, "num_boost_round": 46.0}, "datetime": {"datetime": "2024-01-19 00:24:54", "elapsed": 798.507583, "delta": 0.002304}}
{"target": -13.758257679597147, "params": {"gamma": 437.0306698916044, "log10_alpha": 0.8304107427480423, "log10_colsample_bytree": -0.3551918599288668, "log10_eta": -3.1216291050116447, "log10_lambda": -0.21525300267049552, "log10_min_child_weight": 3.5904401659720375, "log10_subsample": -0.03003649841174616, "max_depth": 4.0, "num_boost_round": 47.0}, "datetime": {"datetime": "2024-01-19 00:24:54", "elapsed": 798.510249, "delta": 0.002666}}
