{"target": -13.756870128792677, "params": {"gamma": 7.2932924344834005, "log10_alpha": 0.47689983191849805, "log10_colsample_bytree": -0.9548035230428059, "log10_eta": -1.5628808808903227, "log10_lambda": -3.8928398845243626, "log10_min_child_weight": 0.9122172526892169, "log10_subsample": -0.3982648053513155, "max_depth": 8.0, "num_boost_round": 1.0}, "datetime": {"datetime": "2024-01-19 00:18:14", "elapsed": 402.492047, "delta": 0.001578}}
{"target": -13.75692590297797, "params": {"gamma": 7.2932924344834005, "log10_alpha": 0.47689983191849805, "log10_colsample_bytree": -0.9548035230428059, "log10_eta": -1.5628808808903227, "log10_lambda": -3.8928398845243626, "log10_min_child_weight": 0.9122172526892169, "log10_subsample": -0.3982648053513155, "max_depth": 8.0, "num_boost_round": 2.0}, "datetime": {"datetime": "2024-01-19 00:18:14", "elapsed": 402.492752, "delta": 0.000705}}
{"target": -13.756664304970217, "params": {"gamma": 7.2932924344834005, "log10_alpha": 0.47689983191849805, "log10_colsample_bytree": -0.9548035230428059, "log10_eta": -1.5628808808903227, "log10_lambda": -3.8928398845243626, "log10_min_child_weight": 0.9122172526892169, "log10_subsample": -0.3982648053513155, "max_depth": 8.0, "num_boost_round": 3.0}, "datetime": {"datetime": "2024-01-19 00:18:14", "elapsed": 402.493542, "delta": 0.00079}}
{"target": -13.75609227046779, "params": {"gamma": 7.2932924344834005, "log10_alpha": 0.47689983191849805, "log10_colsample_bytree": -0.9548035230428059, "log10_eta": -1.5628808808903227, "log10_lambda": -3.8928398845243626, "log10_min_child_weight": 0.9122172526892169, "log10_subsample": -0.3982648053513155, "max_depth": 8.0, "num_boost_round": 4.0}, "datetime": {"datetime": "2024-01-19 00:18:14", "elapsed": 402.494221, "delta": 0.000679}}
{"target": -13.755940752436755, "params": {"gamma": 7.2932924344834005, "log10_alpha": 0.47689983191849805, "log10_colsample_bytree": -0.9548035230428059, "log10_eta": -1.5628808808903227, "log10_lambda": -3.8928398845243626, "log10_min_child_weight": 0.9122172526892169, "log10_subsample": -0.3982648053513155, "max_depth": 8.0, "num_boost_round": 5.0}, "datetime": {"datetime": "2024-01-19 00:18:14", "elapsed": 402.49482, "delta": 0.000599}}
{"target": -13.75621547800661, "params": {"gamma": 7.2932924344834005, "log10_alpha": 0.47689983191849805, "log10_colsample_bytree": -0.9548035230428059, "log10_eta": -1.5628808808903227, "log10_lambda": -3.8928398845243626, "log10_min_child_weight": 0.9122172526892169, "log10_subsample": -0.3982648053513155, "max_depth": 8.0, "num_boost_round": 6.0}, "datetime": {"datetime": "2024-01-19 00:18:14", "elapsed": 402.495552, "delta": 0.000732}}
{"target": -13.756124634967458, "params": {"gamma": 7.2932924344834005, "log10_alpha": 0.47689983191849805, "log10_colsample_bytree": -0.9548035230428059, "log10_eta": -1.5628808808903227, "log10_lambda": -3.8928398845243626, "log10_min_child_weight": 0.9122172526892169, "log10_subsample": -0.3982648053513155, "max_depth": 8.0, "num_boost_round": 7.0}, "datetime": {"datetime": "2024-01-19 00:18:14", "elapsed": 402.496215, "delta": 0.000663}}
{"target": -13.756825340100933, "params": {"gamma": 7.2932924344834005, "log10_alpha": 0.47689983191849805, "log10_colsample_bytree": -0.9548035230428059, "log10_eta": -1.5628808808903227, "log10_lambda": -3.8928398845243626, "log10_min_child_weight": 0.9122172526892169, "log10_subsample": -0.3982648053513155, "max_depth": 8.0, "num_boost_round": 8.0}, "datetime": {"datetime": "2024-01-19 00:18:14", "elapsed": 402.496887, "delta": 0.000672}}
{"target": -13.757000120429247, "params": {"gamma": 7.2932924344834005, "log10_alpha": 0.47689983191849805, "log10_colsample_bytree": -0.9548035230428059, "log10_eta": -1.5628808808903227, "log10_lambda": -3.8928398845243626, "log10_min_child_weight": 0.9122172526892169, "log10_subsample": -0.3982648053513155, "max_depth": 8.0, "num_boost_round": 9.0}, "datetime": {"datetime": "2024-01-19 00:18:14", "elapsed": 402.49748, "delta": 0.000593}}
{"target": -13.757556287191992, "params": {"gamma": 7.2932924344834005, "log10_alpha": 0.47689983191849805, "log10_colsample_bytree": -0.9548035230428059, "log10_eta": -1.5628808808903227, "log10_lambda": -3.8928398845243626, "log10_min_child_weight": 0.9122172526892169, "log10_subsample": -0.3982648053513155, "max_depth": 8.0, "num_boost_round": 10.0}, "datetime": {"datetime": "2024-01-19 00:18:14", "elapsed": 402.498182, "delta": 0.000702}}
{"target": -13.7574045721911, "params": {"gamma": 7.2932924344834005, "log10_alpha": 0.47689983191849805, "log10_colsample_bytree": -0.9548035230428059, "log10_eta": -1.5628808808903227, "log10_lambda": -3.8928398845243626, "log10_min_child_weight": 0.9122172526892169, "log10_subsample": -0.3982648053513155, "max_depth": 8.0, "num_boost_round": 11.0}, "datetime": {"datetime": "2024-01-19 00:18:14", "elapsed": 402.498781, "delta": 0.000599}}
{"target": -13.756699531608716, "params": {"gamma": 7.2932924344834005, "log10_alpha": 0.47689983191849805, "log10_colsample_bytree": -0.9548035230428059, "log10_eta": -1.5628808808903227, "log10_lambda": -3.8928398845243626, "log10_min_child_weight": 0.9122172526892169, "log10_subsample": -0.3982648053513155, "max_depth": 8.0, "num_boost_round": 12.0}, "datetime": {"datetime": "2024-01-19 00:18:14", "elapsed": 402.499443, "delta": 0.000662}}
{"target": -13.75588439596741, "params": {"gamma": 7.2932924344834005, "log10_alpha": 0.47689983191849805, "log10_colsample_bytree": -0.9548035230428059, "log10_eta": -1.5628808808903227, "log10_lambda": -3.8928398845243626, "log10_min_child_weight": 0.9122172526892169, "log10_subsample": -0.3982648053513155, "max_depth": 8.0, "num_boost_round": 13.0}, "datetime": {"datetime": "2024-01-19 00:18:14", "elapsed": 402.50004, "delta": 0.000597}}
{"target": -13.756080077742254, "params": {"gamma": 7.2932924344834005, "log10_alpha": 0.47689983191849805, "log10_colsample_bytree": -0.9548035230428059, "log10_eta": -1.5628808808903227, "log10_lambda": -3.8928398845243626, "log10_min_child_weight": 0.9122172526892169, "log10_subsample": -0.3982648053513155, "max_depth": 8.0, "num_boost_round": 14.0}, "datetime": {"datetime": "2024-01-19 00:18:14", "elapsed": 402.500711, "delta": 0.000671}}
{"target": -13.756279611002315, "params": {"gamma": 7.2932924344834005, "log10_alpha": 0.47689983191849805, "log10_colsample_bytree": -0.9548035230428059, "log10_eta": -1.5628808808903227, "log10_lambda": -3.8928398845243626, "log10_min_child_weight": 0.9122172526892169, "log10_subsample": -0.3982648053513155, "max_depth": 8.0, "num_boost_round": 15.0}, "datetime": {"datetime": "2024-01-19 00:18:14", "elapsed": 402.501307, "delta": 0.000596}}
{"target": -13.756553382387875, "params": {"gamma": 7.2932924344834005, "log10_alpha": 0.47689983191849805, "log10_colsample_bytree": -0.9548035230428059, "log10_eta": -1.5628808808903227, "log10_lambda": -3.8928398845243626, "log10_min_child_weight": 0.9122172526892169, "log10_subsample": -0.3982648053513155, "max_depth": 8.0, "num_boost_round": 16.0}, "datetime": {"datetime": "2024-01-19 00:18:14", "elapsed": 402.501972, "delta": 0.000665}}
{"target": -13.756007230963203, "params": {"gamma": 7.2932924344834005, "log10_alpha": 0.47689983191849805, "log10_colsample_bytree": -0.9548035230428059, "log10_eta": -1.5628808808903227, "log10_lambda": -3.8928398845243626, "log10_min_child_weight": 0.9122172526892169, "log10_subsample": -0.3982648053513155, "max_depth": 8.0, "num_boost_round": 17.0}, "datetime": {"datetime": "2024-01-19 00:18:14", "elapsed": 402.502581, "delta": 0.000609}}
{"target": -13.755825146763096, "params": {"gamma": 7.2932924344834005, "log10_alpha": 0.47689983191849805, "log10_colsample_bytree": -0.9548035230428059, "log10_eta": -1.5628808808903227, "log10_lambda": -3.8928398845243626, "log10_min_child_weight": 0.9122172526892169, "log10_subsample": -0.3982648053513155, "max_depth": 8.0, "num_boost_round": 18.0}, "datetime": {"datetime": "2024-01-19 00:18:14", "elapsed": 402.503507, "delta": 0.000926}}
{"target": -13.758527282132524, "params": {"gamma": 1.7076442141923387, "log10_alpha": -0.5835892832336462, "log10_colsample_bytree": -0.37807552290452284, "log10_eta": -3.54845506613611, "log10_lambda": -0.8795107528619672, "log10_min_child_weight": 0.5739747273529439, "log10_subsample": -0.44111181956763135, "max_depth": 4.0, "num_boost_round": 0.0}, "datetime": {"datetime": "2024-01-19 00:18:31", "elapsed": 420.104162, "delta": 17.600655}}
{"target": -13.758525037661245, "params": {"gamma": 1.7076442141923387, "log10_alpha": -0.5835892832336462, "log10_colsample_bytree": -0.37807552290452284, "log10_eta": -3.54845506613611, "log10_lambda": -0.8795107528619672, "log10_min_child_weight": 0.5739747273529439, "log10_subsample": -0.44111181956763135, "max_depth": 4.0, "num_boost_round": 1.0}, "datetime": {"datetime": "2024-01-19 00:18:31", "elapsed": 420.105062, "delta": 0.0009}}
{"target": -13.75852261505039, "params": {"gamma": 1.7076442141923387, "log10_alpha": -0.5835892832336462, "log10_colsample_bytree": -0.37807552290452284, "log10_eta": -3.54845506613611, "log10_lambda": -0.8795107528619672, "log10_min_child_weight": 0.5739747273529439, "log10_subsample": -0.44111181956763135, "max_depth": 4.0, "num_boost_round": 2.0}, "datetime": {"datetime": "2024-01-19 00:18:31", "elapsed": 420.10578, "delta": 0.000718}}
{"target": -13.758522962476379, "params": {"gamma": 1.7076442141923387, "log10_alpha": -0.5835892832336462, "log10_colsample_bytree": -0.37807552290452284, "log10_eta": -3.54845506613611, "log10_lambda": -0.8795107528619672, "log10_min_child_weight": 0.5739747273529439, "log10_subsample": -0.44111181956763135, "max_depth": 4.0, "num_boost_round": 3.0}, "datetime": {"datetime": "2024-01-19 00:18:31", "elapsed": 420.106491, "delta": 0.000711}}
{"target": -13.758517711360573, "params": {"gamma": 1.7076442141923387, "log10_alpha": -0.5835892832336462, "log10_colsample_bytree": -0.37807552290452284, "log10_eta": -3.54845506613611, "log10_lambda": -0.8795107528619672, "log10_min_child_weight": 0.5739747273529439, "log10_subsample": -0.44111181956763135, "max_depth": 4.0, "num_boost_round": 4.0}, "datetime": {"datetime": "2024-01-19 00:18:31", "elapsed": 420.107183, "delta": 0.000692}}
{"target": -13.758509875985595, "params": {"gamma": 1.7076442141923387, "log10_alpha": -0.5835892832336462, "log10_colsample_bytree": -0.37807552290452284, "log10_eta": -3.54845506613611, "log10_lambda": -0.8795107528619672, "log10_min_child_weight": 0.5739747273529439, "log10_subsample": -0.44111181956763135, "max_depth": 4.0, "num_boost_round": 5.0}, "datetime": {"datetime": "2024-01-19 00:18:31", "elapsed": 420.107821, "delta": 0.000638}}
{"target": -13.758507316907222, "params": {"gamma": 1.7076442141923387, "log10_alpha": -0.5835892832336462, "log10_colsample_bytree": -0.37807552290452284, "log10_eta": -3.54845506613611, "log10_lambda": -0.8795107528619672, "log10_min_child_weight": 0.5739747273529439, "log10_subsample": -0.44111181956763135, "max_depth": 4.0, "num_boost_round": 6.0}, "datetime": {"datetime": "2024-01-19 00:18:31", "elapsed": 420.108512, "delta": 0.000691}}
{"target": -13.758507219112362, "params": {"gamma": 1.7076442141923387, "log10_alpha": -0.5835892832336462, "log10_colsample_bytree": -0.37807552290452284, "log10_eta": -3.54845506613611, "log10_lambda": -0.8795107528619672, "log10_min_child_weight": 0.5739747273529439, "log10_subsample": -0.44111181956763135, "max_depth": 4.0, "num_boost_round": 7.0}, "datetime": {"datetime": "2024-01-19 00:18:31", "elapsed": 420.109211, "delta": 0.000699}}
{"target": -13.758497834240828, "params": {"gamma": 1.7076442141923387, "log10_alpha": -0.5835892832336462, "log10_colsample_bytree": -0.37807552290452284, "log10_eta": -3.54845506613611, "log10_lambda": -0.8795107528619672, "log10_min_child_weight": 0.5739747273529439, "log10_subsample": -0.44111181956763135, "max_depth": 4.0, "num_boost_round": 8.0}, "datetime": {"datetime": "2024-01-19 00:18:31", "elapsed": 420.109823, "delta": 0.000612}}
{"target": -13.758492907561807, "params": {"gamma": 1.7076442141923387, "log10_alpha": -0.5835892832336462, "log10_colsample_bytree": -0.37807552290452284, "log10_eta": -3.54845506613611, "log10_lambda": -0.8795107528619672, "log10_min_child_weight": 0.5739747273529439, "log10_subsample": -0.44111181956763135, "max_depth": 4.0, "num_boost_round": 9.0}, "datetime": {"datetime": "2024-01-19 00:18:31", "elapsed": 420.111096, "delta": 0.001273}}
{"target": -13.758538002659646, "params": {"gamma": 0.6811214990305459, "log10_alpha": -2.4341340344104574, "log10_colsample_bytree": -0.6382054142631228, "log10_eta": -3.697540881347871, "log10_lambda": -3.552082120672578, "log10_min_child_weight": 1.0668987219880548, "log10_subsample": -0.35550081944767264, "max_depth": 2.0, "num_boost_round": 0.0}, "datetime": {"datetime": "2024-01-19 00:18:50", "elapsed": 438.220217, "delta": 18.109121}}
{"target": -13.758535081930807, "params": {"gamma": 0.6811214990305459, "log10_alpha": -2.4341340344104574, "log10_colsample_bytree": -0.6382054142631228, "log10_eta": -3.697540881347871, "log10_lambda": -3.552082120672578, "log10_min_child_weight": 1.0668987219880548, "log10_subsample": -0.35550081944767264, "max_depth": 2.0, "num_boost_round": 1.0}, "datetime": {"datetime": "2024-01-19 00:18:50", "elapsed": 438.221053, "delta": 0.000836}}
{"target": -13.758534783551328, "params": {"gamma": 0.6811214990305459, "log10_alpha": -2.4341340344104574, "log10_colsample_bytree": -0.6382054142631228, "log10_eta": -3.697540881347871, "log10_lambda": -3.552082120672578, "log10_min_child_weight": 1.0668987219880548, "log10_subsample": -0.35550081944767264, "max_depth": 2.0, "num_boost_round": 2.0}, "datetime": {"datetime": "2024-01-19 00:18:50", "elapsed": 438.221999, "delta": 0.000946}}
{"target": -13.758534317886928, "params": {"gamma": 0.6811214990305459, "log10_alpha": -2.4341340344104574, "log10_colsample_bytree": -0.6382054142631228, "log10_eta": -3.697540881347871, "log10_lambda": -3.552082120672578, "log10_min_child_weight": 1.0668987219880548, "log10_subsample": -0.35550081944767264, "max_depth": 2.0, "num_boost_round": 3.0}, "datetime": {"datetime": "2024-01-19 00:18:50", "elapsed": 438.223142, "delta": 0.001143}}
{"target": -13.758532248623911, "params": {"gamma": 0.6811214990305459, "log10_alpha": -2.4341340344104574, "log10_colsample_bytree": -0.6382054142631228, "log10_eta": -3.697540881347871, "log10_lambda": -3.552082120672578, "log10_min_child_weight": 1.0668987219880548, "log10_subsample": -0.35550081944767264, "max_depth": 2.0, "num_boost_round": 4.0}, "datetime": {"datetime": "2024-01-19 00:18:50", "elapsed": 438.223958, "delta": 0.000816}}
{"target": -13.75853083056678, "params": {"gamma": 0.6811214990305459, "log10_alpha": -2.4341340344104574, "log10_colsample_bytree": -0.6382054142631228, "log10_eta": -3.697540881347871, "log10_lambda": -3.552082120672578, "log10_min_child_weight": 1.0668987219880548, "log10_subsample": -0.35550081944767264, "max_depth": 2.0, "num_boost_round": 5.0}, "datetime": {"datetime": "2024-01-19 00:18:50", "elapsed": 438.224673, "delta": 0.000715}}
{"target": -13.758528780411647, "params": {"gamma": 0.6811214990305459, "log10_alpha": -2.4341340344104574, "log10_colsample_bytree": -0.6382054142631228, "log10_eta": -3.697540881347871, "log10_lambda": -3.552082120672578, "log10_min_child_weight": 1.0668987219880548, "log10_subsample": -0.35550081944767264, "max_depth": 2.0, "num_boost_round": 6.0}, "datetime": {"datetime": "2024-01-19 00:18:50", "elapsed": 438.225476, "delta": 0.000803}}
{"target": -13.758526982904387, "params": {"gamma": 0.6811214990305459, "log10_alpha": -2.4341340344104574, "log10_colsample_bytree": -0.6382054142631228, "log10_eta": -3.697540881347871, "log10_lambda": -3.552082120672578, "log10_min_child_weight": 1.0668987219880548, "log10_subsample": -0.35550081944767264, "max_depth": 2.0, "num_boost_round": 7.0}, "datetime": {"datetime": "2024-01-19 00:18:50", "elapsed": 438.226202, "delta": 0.000726}}
{"target": -13.758523600778702, "params": {"gamma": 0.6811214990305459, "log10_alpha": -2.4341340344104574, "log10_colsample_bytree": -0.6382054142631228, "log10_eta": -3.697540881347871, "log10_lambda": -3.552082120672578, "log10_min_child_weight": 1.0668987219880548, "log10_subsample": -0.35550081944767264, "max_depth": 2.0, "num_boost_round": 8.0}, "datetime": {"datetime": "2024-01-19 00:18:50", "elapsed": 438.226915, "delta": 0.000713}}
{"target": -13.758521265285138, "params": {"gamma": 0.6811214990305459, "log10_alpha": -2.4341340344104574, "log10_colsample_bytree": -0.6382054142631228, "log10_eta": -3.697540881347871, "log10_lambda": -3.552082120672578, "log10_min_child_weight": 1.0668987219880548, "log10_subsample": -0.35550081944767264, "max_depth": 2.0, "num_boost_round": 9.0}, "datetime": {"datetime": "2024-01-19 00:18:50", "elapsed": 438.227629, "delta": 0.000714}}
{"target": -13.758519924425002, "params": {"gamma": 0.6811214990305459, "log10_alpha": -2.4341340344104574, "log10_colsample_bytree": -0.6382054142631228, "log10_eta": -3.697540881347871, "log10_lambda": -3.552082120672578, "log10_min_child_weight": 1.0668987219880548, "log10_subsample": -0.35550081944767264, "max_depth": 2.0, "num_boost_round": 10.0}, "datetime": {"datetime": "2024-01-19 00:18:50", "elapsed": 438.228332, "delta": 0.000703}}
{"target": -13.75851788155406, "params": {"gamma": 0.6811214990305459, "log10_alpha": -2.4341340344104574, "log10_colsample_bytree": -0.6382054142631228, "log10_eta": -3.697540881347871, "log10_lambda": -3.552082120672578, "log10_min_child_weight": 1.0668987219880548, "log10_subsample": -0.35550081944767264, "max_depth": 2.0, "num_boost_round": 11.0}, "datetime": {"datetime": "2024-01-19 00:18:50", "elapsed": 438.22918, "delta": 0.000848}}
{"target": -13.758533717569641, "params": {"gamma": 5.95596543250243, "log10_alpha": 0.49016546960151075, "log10_colsample_bytree": -0.3709580683362331, "log10_eta": -3.7870195999989194, "log10_lambda": -1.0155412522001517, "log10_min_child_weight": 0.4115301522000908, "log10_subsample": -0.6923418062795947, "max_depth": 4.0, "num_boost_round": 0.0}, "datetime": {"datetime": "2024-01-19 00:19:12", "elapsed": 460.397916, "delta": 22.168736}}
{"target": -13.758530855338533, "params": {"gamma": 5.95596543250243, "log10_alpha": 0.49016546960151075, "log10_colsample_bytree": -0.3709580683362331, "log10_eta": -3.7870195999989194, "log10_lambda": -1.0155412522001517, "log10_min_child_weight": 0.4115301522000908, "log10_subsample": -0.6923418062795947, "max_depth": 4.0, "num_boost_round": 1.0}, "datetime": {"datetime": "2024-01-19 00:19:12", "elapsed": 460.399064, "delta": 0.001148}}
{"target": -13.758528795865399, "params": {"gamma": 5.95596543250243, "log10_alpha": 0.49016546960151075, "log10_colsample_bytree": -0.3709580683362331, "log10_eta": -3.7870195999989194, "log10_lambda": -1.0155412522001517, "log10_min_child_weight": 0.4115301522000908, "log10_subsample": -0.6923418062795947, "max_depth": 4.0, "num_boost_round": 2.0}, "datetime": {"datetime": "2024-01-19 00:19:12", "elapsed": 460.400469, "delta": 0.001405}}
{"target": -13.7585257726936, "params": {"gamma": 5.95596543250243, "log10_alpha": 0.49016546960151075, "log10_colsample_bytree": -0.3709580683362331, "log10_eta": -3.7870195999989194, "log10_lambda": -1.0155412522001517, "log10_min_child_weight": 0.4115301522000908, "log10_subsample": -0.6923418062795947, "max_depth": 4.0, "num_boost_round": 3.0}, "datetime": {"datetime": "2024-01-19 00:19:12", "elapsed": 460.401351, "delta": 0.000882}}
{"target": -13.758522144590348, "params": {"gamma": 5.95596543250243, "log10_alpha": 0.49016546960151075, "log10_colsample_bytree": -0.3709580683362331, "log10_eta": -3.7870195999989194, "log10_lambda": -1.0155412522001517, "log10_min_child_weight": 0.4115301522000908, "log10_subsample": -0.6923418062795947, "max_depth": 4.0, "num_boost_round": 4.0}, "datetime": {"datetime": "2024-01-19 00:19:12", "elapsed": 460.402115, "delta": 0.000764}}
{"target": -13.758519552769554, "params": {"gamma": 5.95596543250243, "log10_alpha": 0.49016546960151075, "log10_colsample_bytree": -0.3709580683362331, "log10_eta": -3.7870195999989194, "log10_lambda": -1.0155412522001517, "log10_min_child_weight": 0.4115301522000908, "log10_subsample": -0.6923418062795947, "max_depth": 4.0, "num_boost_round": 5.0}, "datetime": {"datetime": "2024-01-19 00:19:12", "elapsed": 460.402873, "delta": 0.000758}}
{"target": -13.758512964769388, "params": {"gamma": 5.95596543250243, "log10_alpha": 0.49016546960151075, "log10_colsample_bytree": -0.3709580683362331, "log10_eta": -3.7870195999989194, "log10_lambda": -1.0155412522001517, "log10_min_child_weight": 0.4115301522000908, "log10_subsample": -0.6923418062795947, "max_depth": 4.0, "num_boost_round": 6.0}, "datetime": {"datetime": "2024-01-19 00:19:12", "elapsed": 460.403623, "delta": 0.00075}}
{"target": -13.758509602571547, "params": {"gamma": 5.95596543250243, "log10_alpha": 0.49016546960151075, "log10_colsample_bytree": -0.3709580683362331, "log10_eta": -3.7870195999989194, "log10_lambda": -1.0155412522001517, "log10_min_child_weight": 0.4115301522000908, "log10_subsample": -0.6923418062795947, "max_depth": 4.0, "num_boost_round": 7.0}, "datetime": {"datetime": "2024-01-19 00:19:12", "elapsed": 460.404366, "delta": 0.000743}}
{"target": -13.758498713255753, "params": {"gamma": 5.95596543250243, "log10_alpha": 0.49016546960151075, "log10_colsample_bytree": -0.3709580683362331, "log10_eta": -3.7870195999989194, "log10_lambda": -1.0155412522001517, "log10_min_child_weight": 0.4115301522000908, "log10_subsample": -0.6923418062795947, "max_depth": 4.0, "num_boost_round": 8.0}, "datetime": {"datetime": "2024-01-19 00:19:12", "elapsed": 460.405122, "delta": 0.000756}}
