{"target": -13.758408796228998, "params": {"gamma": 876.0279309326204, "log10_alpha": -1.0820859805293122, "log10_colsample_bytree": -0.5084946735568555, "log10_eta": -3.1056654229111706, "log10_lambda": -0.508804013450173, "log10_min_child_weight": 3.8674829748603576, "log10_subsample": -0.9393187001166504, "max_depth": 6.0, "num_boost_round": 33.0}, "datetime": {"datetime": "2024-01-19 01:09:49", "elapsed": 3493.900197, "delta": 0.004262}}
{"target": -13.758528966448546, "params": {"gamma": 859.8399563989444, "log10_alpha": -4.550696745428733, "log10_colsample_bytree": -0.6566335027745797, "log10_eta": -3.79094316487058, "log10_lambda": -3.988868508396772, "log10_min_child_weight": 2.2384499542867733, "log10_subsample": -0.6131365754715085, "max_depth": 6.0, "num_boost_round": 0.0}, "datetime": {"datetime": "2024-01-19 01:10:58", "elapsed": 3562.710593, "delta": 68.810396}}
{"target": -13.758523301994003, "params": {"gamma": 859.8399563989444, "log10_alpha": -4.550696745428733, "log10_colsample_bytree": -0.6566335027745797, "log10_eta": -3.79094316487058, "log10_lambda": -3.988868508396772, "log10_min_child_weight": 2.2384499542867733, "log10_subsample": -0.6131365754715085, "max_depth": 6.0, "num_boost_round": 1.0}, "datetime": {"datetime": "2024-01-19 01:10:58", "elapsed": 3562.716003, "delta": 0.00541}}
{"target": -13.758518022397329, "params": {"gamma": 859.8399563989444, "log10_alpha": -4.550696745428733, "log10_colsample_bytree": -0.6566335027745797, "log10_eta": -3.79094316487058, "log10_lambda": -3.988868508396772, "log10_min_child_weight": 2.2384499542867733, "log10_subsample": -0.6131365754715085, "max_depth": 6.0, "num_boost_round": 2.0}, "datetime": {"datetime": "2024-01-19 01:10:58", "elapsed": 3562.720559, "delta": 0.004556}}
{"target": -13.758513856062775, "params": {"gamma": 859.8399563989444, "log10_alpha": -4.550696745428733, "log10_colsample_bytree": -0.6566335027745797, "log10_eta": -3.79094316487058, "log10_lambda": -3.988868508396772, "log10_min_child_weight": 2.2384499542867733, "log10_subsample": -0.6131365754715085, "max_depth": 6.0, "num_boost_round": 3.0}, "datetime": {"datetime": "2024-01-19 01:10:58", "elapsed": 3562.724834, "delta": 0.004275}}
{"target": -13.75851109863183, "params": {"gamma": 859.8399563989444, "log10_alpha": -4.550696745428733, "log10_colsample_bytree": -0.6566335027745797, "log10_eta": -3.79094316487058, "log10_lambda": -3.988868508396772, "log10_min_child_weight": 2.2384499542867733, "log10_subsample": -0.6131365754715085, "max_depth": 6.0, "num_boost_round": 4.0}, "datetime": {"datetime": "2024-01-19 01:10:58", "elapsed": 3562.729095, "delta": 0.004261}}
{"target": -13.758509705736357, "params": {"gamma": 859.8399563989444, "log10_alpha": -4.550696745428733, "log10_colsample_bytree": -0.6566335027745797, "log10_eta": -3.79094316487058, "log10_lambda": -3.988868508396772, "log10_min_child_weight": 2.2384499542867733, "log10_subsample": -0.6131365754715085, "max_depth": 6.0, "num_boost_round": 5.0}, "datetime": {"datetime": "2024-01-19 01:10:58", "elapsed": 3562.733667, "delta": 0.004572}}
{"target": -13.758507419479782, "params": {"gamma": 859.8399563989444, "log10_alpha": -4.550696745428733, "log10_colsample_bytree": -0.6566335027745797, "log10_eta": -3.79094316487058, "log10_lambda": -3.988868508396772, "log10_min_child_weight": 2.2384499542867733, "log10_subsample": -0.6131365754715085, "max_depth": 6.0, "num_boost_round": 6.0}, "datetime": {"datetime": "2024-01-19 01:10:58", "elapsed": 3562.738008, "delta": 0.004341}}
{"target": -13.758503728712526, "params": {"gamma": 859.8399563989444, "log10_alpha": -4.550696745428733, "log10_colsample_bytree": -0.6566335027745797, "log10_eta": -3.79094316487058, "log10_lambda": -3.988868508396772, "log10_min_child_weight": 2.2384499542867733, "log10_subsample": -0.6131365754715085, "max_depth": 6.0, "num_boost_round": 7.0}, "datetime": {"datetime": "2024-01-19 01:10:58", "elapsed": 3562.742443, "delta": 0.004435}}
{"target": -13.758500620210047, "params": {"gamma": 859.8399563989444, "log10_alpha": -4.550696745428733, "log10_colsample_bytree": -0.6566335027745797, "log10_eta": -3.79094316487058, "log10_lambda": -3.988868508396772, "log10_min_child_weight": 2.2384499542867733, "log10_subsample": -0.6131365754715085, "max_depth": 6.0, "num_boost_round": 8.0}, "datetime": {"datetime": "2024-01-19 01:10:58", "elapsed": 3562.746925, "delta": 0.004482}}
{"target": -13.758499294583723, "params": {"gamma": 859.8399563989444, "log10_alpha": -4.550696745428733, "log10_colsample_bytree": -0.6566335027745797, "log10_eta": -3.79094316487058, "log10_lambda": -3.988868508396772, "log10_min_child_weight": 2.2384499542867733, "log10_subsample": -0.6131365754715085, "max_depth": 6.0, "num_boost_round": 9.0}, "datetime": {"datetime": "2024-01-19 01:10:58", "elapsed": 3562.75134, "delta": 0.004415}}
{"target": -13.758493281055273, "params": {"gamma": 859.8399563989444, "log10_alpha": -4.550696745428733, "log10_colsample_bytree": -0.6566335027745797, "log10_eta": -3.79094316487058, "log10_lambda": -3.988868508396772, "log10_min_child_weight": 2.2384499542867733, "log10_subsample": -0.6131365754715085, "max_depth": 6.0, "num_boost_round": 10.0}, "datetime": {"datetime": "2024-01-19 01:10:58", "elapsed": 3562.755705, "delta": 0.004365}}
{"target": -13.758488310177388, "params": {"gamma": 859.8399563989444, "log10_alpha": -4.550696745428733, "log10_colsample_bytree": -0.6566335027745797, "log10_eta": -3.79094316487058, "log10_lambda": -3.988868508396772, "log10_min_child_weight": 2.2384499542867733, "log10_subsample": -0.6131365754715085, "max_depth": 6.0, "num_boost_round": 11.0}, "datetime": {"datetime": "2024-01-19 01:10:58", "elapsed": 3562.760494, "delta": 0.004789}}
{"target": -13.75848646983743, "params": {"gamma": 859.8399563989444, "log10_alpha": -4.550696745428733, "log10_colsample_bytree": -0.6566335027745797, "log10_eta": -3.79094316487058, "log10_lambda": -3.988868508396772, "log10_min_child_weight": 2.2384499542867733, "log10_subsample": -0.6131365754715085, "max_depth": 6.0, "num_boost_round": 12.0}, "datetime": {"datetime": "2024-01-19 01:10:58", "elapsed": 3562.76485, "delta": 0.004356}}
{"target": -13.758484084641427, "params": {"gamma": 859.8399563989444, "log10_alpha": -4.550696745428733, "log10_colsample_bytree": -0.6566335027745797, "log10_eta": -3.79094316487058, "log10_lambda": -3.988868508396772, "log10_min_child_weight": 2.2384499542867733, "log10_subsample": -0.6131365754715085, "max_depth": 6.0, "num_boost_round": 13.0}, "datetime": {"datetime": "2024-01-19 01:10:58", "elapsed": 3562.769069, "delta": 0.004219}}
{"target": -13.758482417362659, "params": {"gamma": 859.8399563989444, "log10_alpha": -4.550696745428733, "log10_colsample_bytree": -0.6566335027745797, "log10_eta": -3.79094316487058, "log10_lambda": -3.988868508396772, "log10_min_child_weight": 2.2384499542867733, "log10_subsample": -0.6131365754715085, "max_depth": 6.0, "num_boost_round": 14.0}, "datetime": {"datetime": "2024-01-19 01:10:58", "elapsed": 3562.7736, "delta": 0.004531}}
{"target": -13.758477746249905, "params": {"gamma": 859.8399563989444, "log10_alpha": -4.550696745428733, "log10_colsample_bytree": -0.6566335027745797, "log10_eta": -3.79094316487058, "log10_lambda": -3.988868508396772, "log10_min_child_weight": 2.2384499542867733, "log10_subsample": -0.6131365754715085, "max_depth": 6.0, "num_boost_round": 15.0}, "datetime": {"datetime": "2024-01-19 01:10:58", "elapsed": 3562.777842, "delta": 0.004242}}
{"target": -13.75847325120778, "params": {"gamma": 859.8399563989444, "log10_alpha": -4.550696745428733, "log10_colsample_bytree": -0.6566335027745797, "log10_eta": -3.79094316487058, "log10_lambda": -3.988868508396772, "log10_min_child_weight": 2.2384499542867733, "log10_subsample": -0.6131365754715085, "max_depth": 6.0, "num_boost_round": 16.0}, "datetime": {"datetime": "2024-01-19 01:10:58", "elapsed": 3562.782101, "delta": 0.004259}}
{"target": -13.758466245848284, "params": {"gamma": 859.8399563989444, "log10_alpha": -4.550696745428733, "log10_colsample_bytree": -0.6566335027745797, "log10_eta": -3.79094316487058, "log10_lambda": -3.988868508396772, "log10_min_child_weight": 2.2384499542867733, "log10_subsample": -0.6131365754715085, "max_depth": 6.0, "num_boost_round": 17.0}, "datetime": {"datetime": "2024-01-19 01:10:58", "elapsed": 3562.78644, "delta": 0.004339}}
{"target": -13.758463655519545, "params": {"gamma": 859.8399563989444, "log10_alpha": -4.550696745428733, "log10_colsample_bytree": -0.6566335027745797, "log10_eta": -3.79094316487058, "log10_lambda": -3.988868508396772, "log10_min_child_weight": 2.2384499542867733, "log10_subsample": -0.6131365754715085, "max_depth": 6.0, "num_boost_round": 18.0}, "datetime": {"datetime": "2024-01-19 01:10:58", "elapsed": 3562.904349, "delta": 0.117909}}
{"target": -13.75845751358847, "params": {"gamma": 859.8399563989444, "log10_alpha": -4.550696745428733, "log10_colsample_bytree": -0.6566335027745797, "log10_eta": -3.79094316487058, "log10_lambda": -3.988868508396772, "log10_min_child_weight": 2.2384499542867733, "log10_subsample": -0.6131365754715085, "max_depth": 6.0, "num_boost_round": 19.0}, "datetime": {"datetime": "2024-01-19 01:10:58", "elapsed": 3562.909451, "delta": 0.005102}}
{"target": -13.758453156882053, "params": {"gamma": 859.8399563989444, "log10_alpha": -4.550696745428733, "log10_colsample_bytree": -0.6566335027745797, "log10_eta": -3.79094316487058, "log10_lambda": -3.988868508396772, "log10_min_child_weight": 2.2384499542867733, "log10_subsample": -0.6131365754715085, "max_depth": 6.0, "num_boost_round": 20.0}, "datetime": {"datetime": "2024-01-19 01:10:58", "elapsed": 3562.914157, "delta": 0.004706}}
{"target": -13.75844735465633, "params": {"gamma": 859.8399563989444, "log10_alpha": -4.550696745428733, "log10_colsample_bytree": -0.6566335027745797, "log10_eta": -3.79094316487058, "log10_lambda": -3.988868508396772, "log10_min_child_weight": 2.2384499542867733, "log10_subsample": -0.6131365754715085, "max_depth": 6.0, "num_boost_round": 21.0}, "datetime": {"datetime": "2024-01-19 01:10:58", "elapsed": 3562.918586, "delta": 0.004429}}
{"target": -13.758440004795933, "params": {"gamma": 859.8399563989444, "log10_alpha": -4.550696745428733, "log10_colsample_bytree": -0.6566335027745797, "log10_eta": -3.79094316487058, "log10_lambda": -3.988868508396772, "log10_min_child_weight": 2.2384499542867733, "log10_subsample": -0.6131365754715085, "max_depth": 6.0, "num_boost_round": 22.0}, "datetime": {"datetime": "2024-01-19 01:10:58", "elapsed": 3562.923032, "delta": 0.004446}}
{"target": -13.758438867812025, "params": {"gamma": 859.8399563989444, "log10_alpha": -4.550696745428733, "log10_colsample_bytree": -0.6566335027745797, "log10_eta": -3.79094316487058, "log10_lambda": -3.988868508396772, "log10_min_child_weight": 2.2384499542867733, "log10_subsample": -0.6131365754715085, "max_depth": 6.0, "num_boost_round": 23.0}, "datetime": {"datetime": "2024-01-19 01:10:58", "elapsed": 3562.92742, "delta": 0.004388}}
{"target": -13.758435798365118, "params": {"gamma": 859.8399563989444, "log10_alpha": -4.550696745428733, "log10_colsample_bytree": -0.6566335027745797, "log10_eta": -3.79094316487058, "log10_lambda": -3.988868508396772, "log10_min_child_weight": 2.2384499542867733, "log10_subsample": -0.6131365754715085, "max_depth": 6.0, "num_boost_round": 24.0}, "datetime": {"datetime": "2024-01-19 01:10:58", "elapsed": 3562.93251, "delta": 0.00509}}
{"target": -13.758432022216276, "params": {"gamma": 859.8399563989444, "log10_alpha": -4.550696745428733, "log10_colsample_bytree": -0.6566335027745797, "log10_eta": -3.79094316487058, "log10_lambda": -3.988868508396772, "log10_min_child_weight": 2.2384499542867733, "log10_subsample": -0.6131365754715085, "max_depth": 6.0, "num_boost_round": 25.0}, "datetime": {"datetime": "2024-01-19 01:10:58", "elapsed": 3562.937614, "delta": 0.005104}}
{"target": -13.758430931455589, "params": {"gamma": 859.8399563989444, "log10_alpha": -4.550696745428733, "log10_colsample_bytree": -0.6566335027745797, "log10_eta": -3.79094316487058, "log10_lambda": -3.988868508396772, "log10_min_child_weight": 2.2384499542867733, "log10_subsample": -0.6131365754715085, "max_depth": 6.0, "num_boost_round": 26.0}, "datetime": {"datetime": "2024-01-19 01:10:58", "elapsed": 3562.942681, "delta": 0.005067}}
{"target": -13.758428574146043, "params": {"gamma": 859.8399563989444, "log10_alpha": -4.550696745428733, "log10_colsample_bytree": -0.6566335027745797, "log10_eta": -3.79094316487058, "log10_lambda": -3.988868508396772, "log10_min_child_weight": 2.2384499542867733, "log10_subsample": -0.6131365754715085, "max_depth": 6.0, "num_boost_round": 27.0}, "datetime": {"datetime": "2024-01-19 01:10:58", "elapsed": 3562.947286, "delta": 0.004605}}
{"target": -13.758423000028609, "params": {"gamma": 859.8399563989444, "log10_alpha": -4.550696745428733, "log10_colsample_bytree": -0.6566335027745797, "log10_eta": -3.79094316487058, "log10_lambda": -3.988868508396772, "log10_min_child_weight": 2.2384499542867733, "log10_subsample": -0.6131365754715085, "max_depth": 6.0, "num_boost_round": 28.0}, "datetime": {"datetime": "2024-01-19 01:10:58", "elapsed": 3562.951905, "delta": 0.004619}}
{"target": -13.75842037360245, "params": {"gamma": 859.8399563989444, "log10_alpha": -4.550696745428733, "log10_colsample_bytree": -0.6566335027745797, "log10_eta": -3.79094316487058, "log10_lambda": -3.988868508396772, "log10_min_child_weight": 2.2384499542867733, "log10_subsample": -0.6131365754715085, "max_depth": 6.0, "num_boost_round": 29.0}, "datetime": {"datetime": "2024-01-19 01:10:58", "elapsed": 3562.956506, "delta": 0.004601}}
{"target": -13.758416840511623, "params": {"gamma": 859.8399563989444, "log10_alpha": -4.550696745428733, "log10_colsample_bytree": -0.6566335027745797, "log10_eta": -3.79094316487058, "log10_lambda": -3.988868508396772, "log10_min_child_weight": 2.2384499542867733, "log10_subsample": -0.6131365754715085, "max_depth": 6.0, "num_boost_round": 30.0}, "datetime": {"datetime": "2024-01-19 01:10:58", "elapsed": 3562.960924, "delta": 0.004418}}
{"target": -13.75840732703535, "params": {"gamma": 859.8399563989444, "log10_alpha": -4.550696745428733, "log10_colsample_bytree": -0.6566335027745797, "log10_eta": -3.79094316487058, "log10_lambda": -3.988868508396772, "log10_min_child_weight": 2.2384499542867733, "log10_subsample": -0.6131365754715085, "max_depth": 6.0, "num_boost_round": 31.0}, "datetime": {"datetime": "2024-01-19 01:10:58", "elapsed": 3562.965381, "delta": 0.004457}}
{"target": -13.758404254917862, "params": {"gamma": 859.8399563989444, "log10_alpha": -4.550696745428733, "log10_colsample_bytree": -0.6566335027745797, "log10_eta": -3.79094316487058, "log10_lambda": -3.988868508396772, "log10_min_child_weight": 2.2384499542867733, "log10_subsample": -0.6131365754715085, "max_depth": 6.0, "num_boost_round": 32.0}, "datetime": {"datetime": "2024-01-19 01:10:58", "elapsed": 3562.96981, "delta": 0.004429}}
{"target": -13.758401384981541, "params": {"gamma": 859.8399563989444, "log10_alpha": -4.550696745428733, "log10_colsample_bytree": -0.6566335027745797, "log10_eta": -3.79094316487058, "log10_lambda": -3.988868508396772, "log10_min_child_weight": 2.2384499542867733, "log10_subsample": -0.6131365754715085, "max_depth": 6.0, "num_boost_round": 33.0}, "datetime": {"datetime": "2024-01-19 01:10:58", "elapsed": 3562.974196, "delta": 0.004386}}
{"target": -13.758398086977364, "params": {"gamma": 859.8399563989444, "log10_alpha": -4.550696745428733, "log10_colsample_bytree": -0.6566335027745797, "log10_eta": -3.79094316487058, "log10_lambda": -3.988868508396772, "log10_min_child_weight": 2.2384499542867733, "log10_subsample": -0.6131365754715085, "max_depth": 6.0, "num_boost_round": 34.0}, "datetime": {"datetime": "2024-01-19 01:10:58", "elapsed": 3562.97862, "delta": 0.004424}}
{"target": -13.758395405823089, "params": {"gamma": 859.8399563989444, "log10_alpha": -4.550696745428733, "log10_colsample_bytree": -0.6566335027745797, "log10_eta": -3.79094316487058, "log10_lambda": -3.988868508396772, "log10_min_child_weight": 2.2384499542867733, "log10_subsample": -0.6131365754715085, "max_depth": 6.0, "num_boost_round": 35.0}, "datetime": {"datetime": "2024-01-19 01:10:58", "elapsed": 3562.98307, "delta": 0.00445}}
{"target": -13.758397511323942, "params": {"gamma": 859.8399563989444, "log10_alpha": -4.550696745428733, "log10_colsample_bytree": -0.6566335027745797, "log10_eta": -3.79094316487058, "log10_lambda": -3.988868508396772, "log10_min_child_weight": 2.2384499542867733, "log10_subsample": -0.6131365754715085, "max_depth": 6.0, "num_boost_round": 36.0}, "datetime": {"datetime": "2024-01-19 01:10:58", "elapsed": 3562.987458, "delta": 0.004388}}
{"target": -13.7583934059057, "params": {"gamma": 859.8399563989444, "log10_alpha": -4.550696745428733, "log10_colsample_bytree": -0.6566335027745797, "log10_eta": -3.79094316487058, "log10_lambda": -3.988868508396772, "log10_min_child_weight": 2.2384499542867733, "log10_subsample": -0.6131365754715085, "max_depth": 6.0, "num_boost_round": 37.0}, "datetime": {"datetime": "2024-01-19 01:10:58", "elapsed": 3562.991903, "delta": 0.004445}}
{"target": -13.758389786105472, "params": {"gamma": 859.8399563989444, "log10_alpha": -4.550696745428733, "log10_colsample_bytree": -0.6566335027745797, "log10_eta": -3.79094316487058, "log10_lambda": -3.988868508396772, "log10_min_child_weight": 2.2384499542867733, "log10_subsample": -0.6131365754715085, "max_depth": 6.0, "num_boost_round": 38.0}, "datetime": {"datetime": "2024-01-19 01:10:58", "elapsed": 3562.996323, "delta": 0.00442}}
{"target": -13.758387286698309, "params": {"gamma": 859.8399563989444, "log10_alpha": -4.550696745428733, "log10_colsample_bytree": -0.6566335027745797, "log10_eta": -3.79094316487058, "log10_lambda": -3.988868508396772, "log10_min_child_weight": 2.2384499542867733, "log10_subsample": -0.6131365754715085, "max_depth": 6.0, "num_boost_round": 39.0}, "datetime": {"datetime": "2024-01-19 01:10:58", "elapsed": 3563.000663, "delta": 0.00434}}
{"target": -13.758391419767596, "params": {"gamma": 859.8399563989444, "log10_alpha": -4.550696745428733, "log10_colsample_bytree": -0.6566335027745797, "log10_eta": -3.79094316487058, "log10_lambda": -3.988868508396772, "log10_min_child_weight": 2.2384499542867733, "log10_subsample": -0.6131365754715085, "max_depth": 6.0, "num_boost_round": 40.0}, "datetime": {"datetime": "2024-01-19 01:10:58", "elapsed": 3563.005083, "delta": 0.00442}}
{"target": -13.758389293530628, "params": {"gamma": 859.8399563989444, "log10_alpha": -4.550696745428733, "log10_colsample_bytree": -0.6566335027745797, "log10_eta": -3.79094316487058, "log10_lambda": -3.988868508396772, "log10_min_child_weight": 2.2384499542867733, "log10_subsample": -0.6131365754715085, "max_depth": 6.0, "num_boost_round": 41.0}, "datetime": {"datetime": "2024-01-19 01:10:58", "elapsed": 3563.009518, "delta": 0.004435}}
{"target": -13.758383545173773, "params": {"gamma": 859.8399563989444, "log10_alpha": -4.550696745428733, "log10_colsample_bytree": -0.6566335027745797, "log10_eta": -3.79094316487058, "log10_lambda": -3.988868508396772, "log10_min_child_weight": 2.2384499542867733, "log10_subsample": -0.6131365754715085, "max_depth": 6.0, "num_boost_round": 42.0}, "datetime": {"datetime": "2024-01-19 01:10:58", "elapsed": 3563.013939, "delta": 0.004421}}
{"target": -13.758382610084904, "params": {"gamma": 859.8399563989444, "log10_alpha": -4.550696745428733, "log10_colsample_bytree": -0.6566335027745797, "log10_eta": -3.79094316487058, "log10_lambda": -3.988868508396772, "log10_min_child_weight": 2.2384499542867733, "log10_subsample": -0.6131365754715085, "max_depth": 6.0, "num_boost_round": 43.0}, "datetime": {"datetime": "2024-01-19 01:10:58", "elapsed": 3563.018398, "delta": 0.004459}}
{"target": -13.758378094424934, "params": {"gamma": 859.8399563989444, "log10_alpha": -4.550696745428733, "log10_colsample_bytree": -0.6566335027745797, "log10_eta": -3.79094316487058, "log10_lambda": -3.988868508396772, "log10_min_child_weight": 2.2384499542867733, "log10_subsample": -0.6131365754715085, "max_depth": 6.0, "num_boost_round": 44.0}, "datetime": {"datetime": "2024-01-19 01:10:58", "elapsed": 3563.022877, "delta": 0.004479}}
{"target": -13.758374743300681, "params": {"gamma": 859.8399563989444, "log10_alpha": -4.550696745428733, "log10_colsample_bytree": -0.6566335027745797, "log10_eta": -3.79094316487058, "log10_lambda": -3.988868508396772, "log10_min_child_weight": 2.2384499542867733, "log10_subsample": -0.6131365754715085, "max_depth": 6.0, "num_boost_round": 45.0}, "datetime": {"datetime": "2024-01-19 01:10:58", "elapsed": 3563.02734, "delta": 0.004463}}
{"target": -13.758373781638923, "params": {"gamma": 859.8399563989444, "log10_alpha": -4.550696745428733, "log10_colsample_bytree": -0.6566335027745797, "log10_eta": -3.79094316487058, "log10_lambda": -3.988868508396772, "log10_min_child_weight": 2.2384499542867733, "log10_subsample": -0.6131365754715085, "max_depth": 6.0, "num_boost_round": 46.0}, "datetime": {"datetime": "2024-01-19 01:10:58", "elapsed": 3563.031868, "delta": 0.004528}}
{"target": -13.75837244772504, "params": {"gamma": 859.8399563989444, "log10_alpha": -4.550696745428733, "log10_colsample_bytree": -0.6566335027745797, "log10_eta": -3.79094316487058, "log10_lambda": -3.988868508396772, "log10_min_child_weight": 2.2384499542867733, "log10_subsample": -0.6131365754715085, "max_depth": 6.0, "num_boost_round": 47.0}, "datetime": {"datetime": "2024-01-19 01:10:58", "elapsed": 3563.03641, "delta": 0.004542}}
