{"target": -13.758434523142215, "params": {"gamma": 421.75441889832797, "log10_alpha": -0.5626271955188464, "log10_colsample_bytree": -0.5647537166853125, "log10_eta": -3.662782881371061, "log10_lambda": -4.458284789841658, "log10_min_child_weight": 1.305163688260762, "log10_subsample": -0.5237517979652974, "max_depth": 6.0, "num_boost_round": 16.0}, "datetime": {"datetime": "2024-01-19 00:22:49", "elapsed": 672.480447, "delta": 0.001492}}
{"target": -13.758436374728204, "params": {"gamma": 421.75441889832797, "log10_alpha": -0.5626271955188464, "log10_colsample_bytree": -0.5647537166853125, "log10_eta": -3.662782881371061, "log10_lambda": -4.458284789841658, "log10_min_child_weight": 1.305163688260762, "log10_subsample": -0.5237517979652974, "max_depth": 6.0, "num_boost_round": 17.0}, "datetime": {"datetime": "2024-01-19 00:22:49", "elapsed": 672.481947, "delta": 0.0015}}
{"target": -13.758437421691648, "params": {"gamma": 421.75441889832797, "log10_alpha": -0.5626271955188464, "log10_colsample_bytree": -0.5647537166853125, "log10_eta": -3.662782881371061, "log10_lambda": -4.458284789841658, "log10_min_child_weight": 1.305163688260762, "log10_subsample": -0.5237517979652974, "max_depth": 6.0, "num_boost_round": 18.0}, "datetime": {"datetime": "2024-01-19 00:22:49", "elapsed": 672.483432, "delta": 0.001485}}
{"target": -13.758432260694477, "params": {"gamma": 421.75441889832797, "log10_alpha": -0.5626271955188464, "log10_colsample_bytree": -0.5647537166853125, "log10_eta": -3.662782881371061, "log10_lambda": -4.458284789841658, "log10_min_child_weight": 1.305163688260762, "log10_subsample": -0.5237517979652974, "max_depth": 6.0, "num_boost_round": 19.0}, "datetime": {"datetime": "2024-01-19 00:22:49", "elapsed": 672.48492, "delta": 0.001488}}
{"target": -13.75841646425601, "params": {"gamma": 421.75441889832797, "log10_alpha": -0.5626271955188464, "log10_colsample_bytree": -0.5647537166853125, "log10_eta": -3.662782881371061, "log10_lambda": -4.458284789841658, "log10_min_child_weight": 1.305163688260762, "log10_subsample": -0.5237517979652974, "max_depth": 6.0, "num_boost_round": 20.0}, "datetime": {"datetime": "2024-01-19 00:22:49", "elapsed": 672.486408, "delta": 0.001488}}
{"target": -13.758401665176844, "params": {"gamma": 421.75441889832797, "log10_alpha": -0.5626271955188464, "log10_colsample_bytree": -0.5647537166853125, "log10_eta": -3.662782881371061, "log10_lambda": -4.458284789841658, "log10_min_child_weight": 1.305163688260762, "log10_subsample": -0.5237517979652974, "max_depth": 6.0, "num_boost_round": 21.0}, "datetime": {"datetime": "2024-01-19 00:22:49", "elapsed": 672.488171, "delta": 0.001763}}
{"target": -13.758399369418168, "params": {"gamma": 421.75441889832797, "log10_alpha": -0.5626271955188464, "log10_colsample_bytree": -0.5647537166853125, "log10_eta": -3.662782881371061, "log10_lambda": -4.458284789841658, "log10_min_child_weight": 1.305163688260762, "log10_subsample": -0.5237517979652974, "max_depth": 6.0, "num_boost_round": 22.0}, "datetime": {"datetime": "2024-01-19 00:22:49", "elapsed": 672.48983, "delta": 0.001659}}
{"target": -13.758389894398768, "params": {"gamma": 421.75441889832797, "log10_alpha": -0.5626271955188464, "log10_colsample_bytree": -0.5647537166853125, "log10_eta": -3.662782881371061, "log10_lambda": -4.458284789841658, "log10_min_child_weight": 1.305163688260762, "log10_subsample": -0.5237517979652974, "max_depth": 6.0, "num_boost_round": 23.0}, "datetime": {"datetime": "2024-01-19 00:22:49", "elapsed": 672.491577, "delta": 0.001747}}
{"target": -13.758391084096374, "params": {"gamma": 421.75441889832797, "log10_alpha": -0.5626271955188464, "log10_colsample_bytree": -0.5647537166853125, "log10_eta": -3.662782881371061, "log10_lambda": -4.458284789841658, "log10_min_child_weight": 1.305163688260762, "log10_subsample": -0.5237517979652974, "max_depth": 6.0, "num_boost_round": 24.0}, "datetime": {"datetime": "2024-01-19 00:22:49", "elapsed": 672.493087, "delta": 0.00151}}
{"target": -13.758384779793523, "params": {"gamma": 421.75441889832797, "log10_alpha": -0.5626271955188464, "log10_colsample_bytree": -0.5647537166853125, "log10_eta": -3.662782881371061, "log10_lambda": -4.458284789841658, "log10_min_child_weight": 1.305163688260762, "log10_subsample": -0.5237517979652974, "max_depth": 6.0, "num_boost_round": 25.0}, "datetime": {"datetime": "2024-01-19 00:22:49", "elapsed": 672.494585, "delta": 0.001498}}
{"target": -13.75837567729389, "params": {"gamma": 421.75441889832797, "log10_alpha": -0.5626271955188464, "log10_colsample_bytree": -0.5647537166853125, "log10_eta": -3.662782881371061, "log10_lambda": -4.458284789841658, "log10_min_child_weight": 1.305163688260762, "log10_subsample": -0.5237517979652974, "max_depth": 6.0, "num_boost_round": 26.0}, "datetime": {"datetime": "2024-01-19 00:22:49", "elapsed": 672.496088, "delta": 0.001503}}
{"target": -13.75837368171175, "params": {"gamma": 421.75441889832797, "log10_alpha": -0.5626271955188464, "log10_colsample_bytree": -0.5647537166853125, "log10_eta": -3.662782881371061, "log10_lambda": -4.458284789841658, "log10_min_child_weight": 1.305163688260762, "log10_subsample": -0.5237517979652974, "max_depth": 6.0, "num_boost_round": 27.0}, "datetime": {"datetime": "2024-01-19 00:22:49", "elapsed": 672.497583, "delta": 0.001495}}
{"target": -13.758361903452101, "params": {"gamma": 421.75441889832797, "log10_alpha": -0.5626271955188464, "log10_colsample_bytree": -0.5647537166853125, "log10_eta": -3.662782881371061, "log10_lambda": -4.458284789841658, "log10_min_child_weight": 1.305163688260762, "log10_subsample": -0.5237517979652974, "max_depth": 6.0, "num_boost_round": 28.0}, "datetime": {"datetime": "2024-01-19 00:22:49", "elapsed": 672.499114, "delta": 0.001531}}
{"target": -13.758348985228173, "params": {"gamma": 421.75441889832797, "log10_alpha": -0.5626271955188464, "log10_colsample_bytree": -0.5647537166853125, "log10_eta": -3.662782881371061, "log10_lambda": -4.458284789841658, "log10_min_child_weight": 1.305163688260762, "log10_subsample": -0.5237517979652974, "max_depth": 6.0, "num_boost_round": 29.0}, "datetime": {"datetime": "2024-01-19 00:22:49", "elapsed": 672.50063, "delta": 0.001516}}
{"target": -13.758349850191784, "params": {"gamma": 421.75441889832797, "log10_alpha": -0.5626271955188464, "log10_colsample_bytree": -0.5647537166853125, "log10_eta": -3.662782881371061, "log10_lambda": -4.458284789841658, "log10_min_child_weight": 1.305163688260762, "log10_subsample": -0.5237517979652974, "max_depth": 6.0, "num_boost_round": 30.0}, "datetime": {"datetime": "2024-01-19 00:22:49", "elapsed": 672.50215, "delta": 0.00152}}
{"target": -13.758338353625788, "params": {"gamma": 421.75441889832797, "log10_alpha": -0.5626271955188464, "log10_colsample_bytree": -0.5647537166853125, "log10_eta": -3.662782881371061, "log10_lambda": -4.458284789841658, "log10_min_child_weight": 1.305163688260762, "log10_subsample": -0.5237517979652974, "max_depth": 6.0, "num_boost_round": 31.0}, "datetime": {"datetime": "2024-01-19 00:22:49", "elapsed": 672.503651, "delta": 0.001501}}
{"target": -13.75833251711116, "params": {"gamma": 421.75441889832797, "log10_alpha": -0.5626271955188464, "log10_colsample_bytree": -0.5647537166853125, "log10_eta": -3.662782881371061, "log10_lambda": -4.458284789841658, "log10_min_child_weight": 1.305163688260762, "log10_subsample": -0.5237517979652974, "max_depth": 6.0, "num_boost_round": 32.0}, "datetime": {"datetime": "2024-01-19 00:22:49", "elapsed": 672.505168, "delta": 0.001517}}
{"target": -13.758337151607769, "params": {"gamma": 421.75441889832797, "log10_alpha": -0.5626271955188464, "log10_colsample_bytree": -0.5647537166853125, "log10_eta": -3.662782881371061, "log10_lambda": -4.458284789841658, "log10_min_child_weight": 1.305163688260762, "log10_subsample": -0.5237517979652974, "max_depth": 6.0, "num_boost_round": 33.0}, "datetime": {"datetime": "2024-01-19 00:22:49", "elapsed": 672.506679, "delta": 0.001511}}
{"target": -13.758334846594884, "params": {"gamma": 421.75441889832797, "log10_alpha": -0.5626271955188464, "log10_colsample_bytree": -0.5647537166853125, "log10_eta": -3.662782881371061, "log10_lambda": -4.458284789841658, "log10_min_child_weight": 1.305163688260762, "log10_subsample": -0.5237517979652974, "max_depth": 6.0, "num_boost_round": 34.0}, "datetime": {"datetime": "2024-01-19 00:22:49", "elapsed": 672.508319, "delta": 0.00164}}
{"target": -13.758330718789015, "params": {"gamma": 421.75441889832797, "log10_alpha": -0.5626271955188464, "log10_colsample_bytree": -0.5647537166853125, "log10_eta": -3.662782881371061, "log10_lambda": -4.458284789841658, "log10_min_child_weight": 1.305163688260762, "log10_subsample": -0.5237517979652974, "max_depth": 6.0, "num_boost_round": 35.0}, "datetime": {"datetime": "2024-01-19 00:22:49", "elapsed": 672.509837, "delta": 0.001518}}
{"target": -13.758331564068087, "params": {"gamma": 421.75441889832797, "log10_alpha": -0.5626271955188464, "log10_colsample_bytree": -0.5647537166853125, "log10_eta": -3.662782881371061, "log10_lambda": -4.458284789841658, "log10_min_child_weight": 1.305163688260762, "log10_subsample": -0.5237517979652974, "max_depth": 6.0, "num_boost_round": 36.0}, "datetime": {"datetime": "2024-01-19 00:22:49", "elapsed": 672.511345, "delta": 0.001508}}
{"target": -13.758325065645735, "params": {"gamma": 421.75441889832797, "log10_alpha": -0.5626271955188464, "log10_colsample_bytree": -0.5647537166853125, "log10_eta": -3.662782881371061, "log10_lambda": -4.458284789841658, "log10_min_child_weight": 1.305163688260762, "log10_subsample": -0.5237517979652974, "max_depth": 6.0, "num_boost_round": 37.0}, "datetime": {"datetime": "2024-01-19 00:22:49", "elapsed": 672.512856, "delta": 0.001511}}
{"target": -13.758321389984063, "params": {"gamma": 421.75441889832797, "log10_alpha": -0.5626271955188464, "log10_colsample_bytree": -0.5647537166853125, "log10_eta": -3.662782881371061, "log10_lambda": -4.458284789841658, "log10_min_child_weight": 1.305163688260762, "log10_subsample": -0.5237517979652974, "max_depth": 6.0, "num_boost_round": 38.0}, "datetime": {"datetime": "2024-01-19 00:22:49", "elapsed": 672.514361, "delta": 0.001505}}
{"target": -13.7583177239586, "params": {"gamma": 421.75441889832797, "log10_alpha": -0.5626271955188464, "log10_colsample_bytree": -0.5647537166853125, "log10_eta": -3.662782881371061, "log10_lambda": -4.458284789841658, "log10_min_child_weight": 1.305163688260762, "log10_subsample": -0.5237517979652974, "max_depth": 6.0, "num_boost_round": 39.0}, "datetime": {"datetime": "2024-01-19 00:22:49", "elapsed": 672.515879, "delta": 0.001518}}
{"target": -13.758320466504898, "params": {"gamma": 421.75441889832797, "log10_alpha": -0.5626271955188464, "log10_colsample_bytree": -0.5647537166853125, "log10_eta": -3.662782881371061, "log10_lambda": -4.458284789841658, "log10_min_child_weight": 1.305163688260762, "log10_subsample": -0.5237517979652974, "max_depth": 6.0, "num_boost_round": 40.0}, "datetime": {"datetime": "2024-01-19 00:22:49", "elapsed": 672.517384, "delta": 0.001505}}
{"target": -13.758306392078152, "params": {"gamma": 421.75441889832797, "log10_alpha": -0.5626271955188464, "log10_colsample_bytree": -0.5647537166853125, "log10_eta": -3.662782881371061, "log10_lambda": -4.458284789841658, "log10_min_child_weight": 1.305163688260762, "log10_subsample": -0.5237517979652974, "max_depth": 6.0, "num_boost_round": 41.0}, "datetime": {"datetime": "2024-01-19 00:22:49", "elapsed": 672.51891, "delta": 0.001526}}
{"target": -13.758293997605554, "params": {"gamma": 421.75441889832797, "log10_alpha": -0.5626271955188464, "log10_colsample_bytree": -0.5647537166853125, "log10_eta": -3.662782881371061, "log10_lambda": -4.458284789841658, "log10_min_child_weight": 1.305163688260762, "log10_subsample": -0.5237517979652974, "max_depth": 6.0, "num_boost_round": 42.0}, "datetime": {"datetime": "2024-01-19 00:22:49", "elapsed": 672.520425, "delta": 0.001515}}
{"target": -13.758287055796698, "params": {"gamma": 421.75441889832797, "log10_alpha": -0.5626271955188464, "log10_colsample_bytree": -0.5647537166853125, "log10_eta": -3.662782881371061, "log10_lambda": -4.458284789841658, "log10_min_child_weight": 1.305163688260762, "log10_subsample": -0.5237517979652974, "max_depth": 6.0, "num_boost_round": 43.0}, "datetime": {"datetime": "2024-01-19 00:22:49", "elapsed": 672.521941, "delta": 0.001516}}
{"target": -13.758276990484143, "params": {"gamma": 421.75441889832797, "log10_alpha": -0.5626271955188464, "log10_colsample_bytree": -0.5647537166853125, "log10_eta": -3.662782881371061, "log10_lambda": -4.458284789841658, "log10_min_child_weight": 1.305163688260762, "log10_subsample": -0.5237517979652974, "max_depth": 6.0, "num_boost_round": 44.0}, "datetime": {"datetime": "2024-01-19 00:22:49", "elapsed": 672.523445, "delta": 0.001504}}
{"target": -13.758291702571436, "params": {"gamma": 421.75441889832797, "log10_alpha": -0.5626271955188464, "log10_colsample_bytree": -0.5647537166853125, "log10_eta": -3.662782881371061, "log10_lambda": -4.458284789841658, "log10_min_child_weight": 1.305163688260762, "log10_subsample": -0.5237517979652974, "max_depth": 6.0, "num_boost_round": 45.0}, "datetime": {"datetime": "2024-01-19 00:22:49", "elapsed": 672.52497, "delta": 0.001525}}
{"target": -13.758293678397974, "params": {"gamma": 421.75441889832797, "log10_alpha": -0.5626271955188464, "log10_colsample_bytree": -0.5647537166853125, "log10_eta": -3.662782881371061, "log10_lambda": -4.458284789841658, "log10_min_child_weight": 1.305163688260762, "log10_subsample": -0.5237517979652974, "max_depth": 6.0, "num_boost_round": 46.0}, "datetime": {"datetime": "2024-01-19 00:22:49", "elapsed": 672.526498, "delta": 0.001528}}
{"target": -13.758286341298938, "params": {"gamma": 421.75441889832797, "log10_alpha": -0.5626271955188464, "log10_colsample_bytree": -0.5647537166853125, "log10_eta": -3.662782881371061, "log10_lambda": -4.458284789841658, "log10_min_child_weight": 1.305163688260762, "log10_subsample": -0.5237517979652974, "max_depth": 6.0, "num_boost_round": 47.0}, "datetime": {"datetime": "2024-01-19 00:22:49", "elapsed": 672.528013, "delta": 0.001515}}
{"target": -13.758280723490666, "params": {"gamma": 421.75441889832797, "log10_alpha": -0.5626271955188464, "log10_colsample_bytree": -0.5647537166853125, "log10_eta": -3.662782881371061, "log10_lambda": -4.458284789841658, "log10_min_child_weight": 1.305163688260762, "log10_subsample": -0.5237517979652974, "max_depth": 6.0, "num_boost_round": 48.0}, "datetime": {"datetime": "2024-01-19 00:22:49", "elapsed": 672.52968, "delta": 0.001667}}
{"target": -13.758533470841346, "params": {"gamma": 416.8221724705402, "log10_alpha": 0.665644967469107, "log10_colsample_bytree": -0.8515593566295803, "log10_eta": -3.7191382572867027, "log10_lambda": -4.840464808736616, "log10_min_child_weight": 0.6337502635595132, "log10_subsample": -0.5815796626988942, "max_depth": 4.0, "num_boost_round": 0.0}, "datetime": {"datetime": "2024-01-19 00:23:25", "elapsed": 708.383769, "delta": 35.854089}}
{"target": -13.758532021762212, "params": {"gamma": 416.8221724705402, "log10_alpha": 0.665644967469107, "log10_colsample_bytree": -0.8515593566295803, "log10_eta": -3.7191382572867027, "log10_lambda": -4.840464808736616, "log10_min_child_weight": 0.6337502635595132, "log10_subsample": -0.5815796626988942, "max_depth": 4.0, "num_boost_round": 1.0}, "datetime": {"datetime": "2024-01-19 00:23:25", "elapsed": 708.385936, "delta": 0.002167}}
{"target": -13.758527310320906, "params": {"gamma": 416.8221724705402, "log10_alpha": 0.665644967469107, "log10_colsample_bytree": -0.8515593566295803, "log10_eta": -3.7191382572867027, "log10_lambda": -4.840464808736616, "log10_min_child_weight": 0.6337502635595132, "log10_subsample": -0.5815796626988942, "max_depth": 4.0, "num_boost_round": 2.0}, "datetime": {"datetime": "2024-01-19 00:23:25", "elapsed": 708.387506, "delta": 0.00157}}
{"target": -13.758525695581168, "params": {"gamma": 416.8221724705402, "log10_alpha": 0.665644967469107, "log10_colsample_bytree": -0.8515593566295803, "log10_eta": -3.7191382572867027, "log10_lambda": -4.840464808736616, "log10_min_child_weight": 0.6337502635595132, "log10_subsample": -0.5815796626988942, "max_depth": 4.0, "num_boost_round": 3.0}, "datetime": {"datetime": "2024-01-19 00:23:25", "elapsed": 708.389586, "delta": 0.00208}}
{"target": -13.758524884846771, "params": {"gamma": 416.8221724705402, "log10_alpha": 0.665644967469107, "log10_colsample_bytree": -0.8515593566295803, "log10_eta": -3.7191382572867027, "log10_lambda": -4.840464808736616, "log10_min_child_weight": 0.6337502635595132, "log10_subsample": -0.5815796626988942, "max_depth": 4.0, "num_boost_round": 4.0}, "datetime": {"datetime": "2024-01-19 00:23:25", "elapsed": 708.39128, "delta": 0.001694}}
{"target": -13.758523953681713, "params": {"gamma": 416.8221724705402, "log10_alpha": 0.665644967469107, "log10_colsample_bytree": -0.8515593566295803, "log10_eta": -3.7191382572867027, "log10_lambda": -4.840464808736616, "log10_min_child_weight": 0.6337502635595132, "log10_subsample": -0.5815796626988942, "max_depth": 4.0, "num_boost_round": 5.0}, "datetime": {"datetime": "2024-01-19 00:23:25", "elapsed": 708.392973, "delta": 0.001693}}
{"target": -13.758527643006062, "params": {"gamma": 416.8221724705402, "log10_alpha": 0.665644967469107, "log10_colsample_bytree": -0.8515593566295803, "log10_eta": -3.7191382572867027, "log10_lambda": -4.840464808736616, "log10_min_child_weight": 0.6337502635595132, "log10_subsample": -0.5815796626988942, "max_depth": 4.0, "num_boost_round": 6.0}, "datetime": {"datetime": "2024-01-19 00:23:25", "elapsed": 708.394641, "delta": 0.001668}}
{"target": -13.7585215377239, "params": {"gamma": 416.8221724705402, "log10_alpha": 0.665644967469107, "log10_colsample_bytree": -0.8515593566295803, "log10_eta": -3.7191382572867027, "log10_lambda": -4.840464808736616, "log10_min_child_weight": 0.6337502635595132, "log10_subsample": -0.5815796626988942, "max_depth": 4.0, "num_boost_round": 7.0}, "datetime": {"datetime": "2024-01-19 00:23:25", "elapsed": 708.396196, "delta": 0.001555}}
{"target": -13.758520067801001, "params": {"gamma": 416.8221724705402, "log10_alpha": 0.665644967469107, "log10_colsample_bytree": -0.8515593566295803, "log10_eta": -3.7191382572867027, "log10_lambda": -4.840464808736616, "log10_min_child_weight": 0.6337502635595132, "log10_subsample": -0.5815796626988942, "max_depth": 4.0, "num_boost_round": 8.0}, "datetime": {"datetime": "2024-01-19 00:23:25", "elapsed": 708.397764, "delta": 0.001568}}
{"target": -13.75852200958478, "params": {"gamma": 416.8221724705402, "log10_alpha": 0.665644967469107, "log10_colsample_bytree": -0.8515593566295803, "log10_eta": -3.7191382572867027, "log10_lambda": -4.840464808736616, "log10_min_child_weight": 0.6337502635595132, "log10_subsample": -0.5815796626988942, "max_depth": 4.0, "num_boost_round": 9.0}, "datetime": {"datetime": "2024-01-19 00:23:25", "elapsed": 708.399308, "delta": 0.001544}}
{"target": -13.758521405172367, "params": {"gamma": 416.8221724705402, "log10_alpha": 0.665644967469107, "log10_colsample_bytree": -0.8515593566295803, "log10_eta": -3.7191382572867027, "log10_lambda": -4.840464808736616, "log10_min_child_weight": 0.6337502635595132, "log10_subsample": -0.5815796626988942, "max_depth": 4.0, "num_boost_round": 10.0}, "datetime": {"datetime": "2024-01-19 00:23:25", "elapsed": 708.400864, "delta": 0.001556}}
{"target": -13.758517234157727, "params": {"gamma": 416.8221724705402, "log10_alpha": 0.665644967469107, "log10_colsample_bytree": -0.8515593566295803, "log10_eta": -3.7191382572867027, "log10_lambda": -4.840464808736616, "log10_min_child_weight": 0.6337502635595132, "log10_subsample": -0.5815796626988942, "max_depth": 4.0, "num_boost_round": 11.0}, "datetime": {"datetime": "2024-01-19 00:23:25", "elapsed": 708.402416, "delta": 0.001552}}
{"target": -13.758513717453472, "params": {"gamma": 416.8221724705402, "log10_alpha": 0.665644967469107, "log10_colsample_bytree": -0.8515593566295803, "log10_eta": -3.7191382572867027, "log10_lambda": -4.840464808736616, "log10_min_child_weight": 0.6337502635595132, "log10_subsample": -0.5815796626988942, "max_depth": 4.0, "num_boost_round": 12.0}, "datetime": {"datetime": "2024-01-19 00:23:25", "elapsed": 708.403968, "delta": 0.001552}}
{"target": -13.758510827028404, "params": {"gamma": 416.8221724705402, "log10_alpha": 0.665644967469107, "log10_colsample_bytree": -0.8515593566295803, "log10_eta": -3.7191382572867027, "log10_lambda": -4.840464808736616, "log10_min_child_weight": 0.6337502635595132, "log10_subsample": -0.5815796626988942, "max_depth": 4.0, "num_boost_round": 13.0}, "datetime": {"datetime": "2024-01-19 00:23:25", "elapsed": 708.40553, "delta": 0.001562}}
{"target": -13.758511651735772, "params": {"gamma": 416.8221724705402, "log10_alpha": 0.665644967469107, "log10_colsample_bytree": -0.8515593566295803, "log10_eta": -3.7191382572867027, "log10_lambda": -4.840464808736616, "log10_min_child_weight": 0.6337502635595132, "log10_subsample": -0.5815796626988942, "max_depth": 4.0, "num_boost_round": 14.0}, "datetime": {"datetime": "2024-01-19 00:23:25", "elapsed": 708.407095, "delta": 0.001565}}
{"target": -13.758507887602343, "params": {"gamma": 416.8221724705402, "log10_alpha": 0.665644967469107, "log10_colsample_bytree": -0.8515593566295803, "log10_eta": -3.7191382572867027, "log10_lambda": -4.840464808736616, "log10_min_child_weight": 0.6337502635595132, "log10_subsample": -0.5815796626988942, "max_depth": 4.0, "num_boost_round": 15.0}, "datetime": {"datetime": "2024-01-19 00:23:25", "elapsed": 708.408798, "delta": 0.001703}}
