{"target": -17.67795845079367, "params": {"gamma": 621.0488033180727, "log10_alpha": -0.5590879288813575, "log10_colsample_bytree": -0.4588164918925962, "log10_eta": -1.3107000744787958, "log10_lambda": -2.595877780773975, "log10_min_child_weight": 4.986545989826939, "log10_subsample": -0.773694599800766, "max_depth": 2.0, "num_boost_round": 7.0}, "datetime": {"datetime": "2024-01-19 02:07:20", "elapsed": 6937.939984, "delta": 0.005985}}
{"target": -17.677433280136306, "params": {"gamma": 621.0488033180727, "log10_alpha": -0.5590879288813575, "log10_colsample_bytree": -0.4588164918925962, "log10_eta": -1.3107000744787958, "log10_lambda": -2.595877780773975, "log10_min_child_weight": 4.986545989826939, "log10_subsample": -0.773694599800766, "max_depth": 2.0, "num_boost_round": 8.0}, "datetime": {"datetime": "2024-01-19 02:07:20", "elapsed": 6937.94586, "delta": 0.005876}}
{"target": -17.676975474177556, "params": {"gamma": 621.0488033180727, "log10_alpha": -0.5590879288813575, "log10_colsample_bytree": -0.4588164918925962, "log10_eta": -1.3107000744787958, "log10_lambda": -2.595877780773975, "log10_min_child_weight": 4.986545989826939, "log10_subsample": -0.773694599800766, "max_depth": 2.0, "num_boost_round": 9.0}, "datetime": {"datetime": "2024-01-19 02:07:20", "elapsed": 6937.951876, "delta": 0.006016}}
{"target": -17.676756525288564, "params": {"gamma": 621.0488033180727, "log10_alpha": -0.5590879288813575, "log10_colsample_bytree": -0.4588164918925962, "log10_eta": -1.3107000744787958, "log10_lambda": -2.595877780773975, "log10_min_child_weight": 4.986545989826939, "log10_subsample": -0.773694599800766, "max_depth": 2.0, "num_boost_round": 10.0}, "datetime": {"datetime": "2024-01-19 02:07:20", "elapsed": 6937.957768, "delta": 0.005892}}
{"target": -17.67671397310451, "params": {"gamma": 621.0488033180727, "log10_alpha": -0.5590879288813575, "log10_colsample_bytree": -0.4588164918925962, "log10_eta": -1.3107000744787958, "log10_lambda": -2.595877780773975, "log10_min_child_weight": 4.986545989826939, "log10_subsample": -0.773694599800766, "max_depth": 2.0, "num_boost_round": 11.0}, "datetime": {"datetime": "2024-01-19 02:07:20", "elapsed": 6937.963375, "delta": 0.005607}}
{"target": -17.67691449409779, "params": {"gamma": 621.0488033180727, "log10_alpha": -0.5590879288813575, "log10_colsample_bytree": -0.4588164918925962, "log10_eta": -1.3107000744787958, "log10_lambda": -2.595877780773975, "log10_min_child_weight": 4.986545989826939, "log10_subsample": -0.773694599800766, "max_depth": 2.0, "num_boost_round": 12.0}, "datetime": {"datetime": "2024-01-19 02:07:20", "elapsed": 6937.968976, "delta": 0.005601}}
{"target": -17.676562297217544, "params": {"gamma": 621.0488033180727, "log10_alpha": -0.5590879288813575, "log10_colsample_bytree": -0.4588164918925962, "log10_eta": -1.3107000744787958, "log10_lambda": -2.595877780773975, "log10_min_child_weight": 4.986545989826939, "log10_subsample": -0.773694599800766, "max_depth": 2.0, "num_boost_round": 13.0}, "datetime": {"datetime": "2024-01-19 02:07:20", "elapsed": 6937.974687, "delta": 0.005711}}
{"target": -17.676719754787385, "params": {"gamma": 621.0488033180727, "log10_alpha": -0.5590879288813575, "log10_colsample_bytree": -0.4588164918925962, "log10_eta": -1.3107000744787958, "log10_lambda": -2.595877780773975, "log10_min_child_weight": 4.986545989826939, "log10_subsample": -0.773694599800766, "max_depth": 2.0, "num_boost_round": 14.0}, "datetime": {"datetime": "2024-01-19 02:07:20", "elapsed": 6937.980419, "delta": 0.005732}}
{"target": -17.676719633007444, "params": {"gamma": 621.0488033180727, "log10_alpha": -0.5590879288813575, "log10_colsample_bytree": -0.4588164918925962, "log10_eta": -1.3107000744787958, "log10_lambda": -2.595877780773975, "log10_min_child_weight": 4.986545989826939, "log10_subsample": -0.773694599800766, "max_depth": 2.0, "num_boost_round": 15.0}, "datetime": {"datetime": "2024-01-19 02:07:20", "elapsed": 6937.986045, "delta": 0.005626}}
{"target": -17.67697379661529, "params": {"gamma": 621.0488033180727, "log10_alpha": -0.5590879288813575, "log10_colsample_bytree": -0.4588164918925962, "log10_eta": -1.3107000744787958, "log10_lambda": -2.595877780773975, "log10_min_child_weight": 4.986545989826939, "log10_subsample": -0.773694599800766, "max_depth": 2.0, "num_boost_round": 16.0}, "datetime": {"datetime": "2024-01-19 02:07:20", "elapsed": 6937.991714, "delta": 0.005669}}
{"target": -17.67717622210531, "params": {"gamma": 621.0488033180727, "log10_alpha": -0.5590879288813575, "log10_colsample_bytree": -0.4588164918925962, "log10_eta": -1.3107000744787958, "log10_lambda": -2.595877780773975, "log10_min_child_weight": 4.986545989826939, "log10_subsample": -0.773694599800766, "max_depth": 2.0, "num_boost_round": 17.0}, "datetime": {"datetime": "2024-01-19 02:07:20", "elapsed": 6937.997346, "delta": 0.005632}}
{"target": -17.677401218613987, "params": {"gamma": 621.0488033180727, "log10_alpha": -0.5590879288813575, "log10_colsample_bytree": -0.4588164918925962, "log10_eta": -1.3107000744787958, "log10_lambda": -2.595877780773975, "log10_min_child_weight": 4.986545989826939, "log10_subsample": -0.773694599800766, "max_depth": 2.0, "num_boost_round": 18.0}, "datetime": {"datetime": "2024-01-19 02:07:20", "elapsed": 6938.003069, "delta": 0.005723}}
{"target": -17.67706653837479, "params": {"gamma": 621.0488033180727, "log10_alpha": -0.5590879288813575, "log10_colsample_bytree": -0.4588164918925962, "log10_eta": -1.3107000744787958, "log10_lambda": -2.595877780773975, "log10_min_child_weight": 4.986545989826939, "log10_subsample": -0.773694599800766, "max_depth": 2.0, "num_boost_round": 19.0}, "datetime": {"datetime": "2024-01-19 02:07:20", "elapsed": 6938.008986, "delta": 0.005917}}
{"target": -17.67678371685177, "params": {"gamma": 621.0488033180727, "log10_alpha": -0.5590879288813575, "log10_colsample_bytree": -0.4588164918925962, "log10_eta": -1.3107000744787958, "log10_lambda": -2.595877780773975, "log10_min_child_weight": 4.986545989826939, "log10_subsample": -0.773694599800766, "max_depth": 2.0, "num_boost_round": 20.0}, "datetime": {"datetime": "2024-01-19 02:07:20", "elapsed": 6938.014866, "delta": 0.00588}}
{"target": -17.676471378394076, "params": {"gamma": 621.0488033180727, "log10_alpha": -0.5590879288813575, "log10_colsample_bytree": -0.4588164918925962, "log10_eta": -1.3107000744787958, "log10_lambda": -2.595877780773975, "log10_min_child_weight": 4.986545989826939, "log10_subsample": -0.773694599800766, "max_depth": 2.0, "num_boost_round": 21.0}, "datetime": {"datetime": "2024-01-19 02:07:20", "elapsed": 6938.020797, "delta": 0.005931}}
{"target": -17.67618264338593, "params": {"gamma": 621.0488033180727, "log10_alpha": -0.5590879288813575, "log10_colsample_bytree": -0.4588164918925962, "log10_eta": -1.3107000744787958, "log10_lambda": -2.595877780773975, "log10_min_child_weight": 4.986545989826939, "log10_subsample": -0.773694599800766, "max_depth": 2.0, "num_boost_round": 22.0}, "datetime": {"datetime": "2024-01-19 02:07:20", "elapsed": 6938.026751, "delta": 0.005954}}
{"target": -17.675970098582155, "params": {"gamma": 621.0488033180727, "log10_alpha": -0.5590879288813575, "log10_colsample_bytree": -0.4588164918925962, "log10_eta": -1.3107000744787958, "log10_lambda": -2.595877780773975, "log10_min_child_weight": 4.986545989826939, "log10_subsample": -0.773694599800766, "max_depth": 2.0, "num_boost_round": 23.0}, "datetime": {"datetime": "2024-01-19 02:07:20", "elapsed": 6938.032448, "delta": 0.005697}}
{"target": -17.676196920447858, "params": {"gamma": 621.0488033180727, "log10_alpha": -0.5590879288813575, "log10_colsample_bytree": -0.4588164918925962, "log10_eta": -1.3107000744787958, "log10_lambda": -2.595877780773975, "log10_min_child_weight": 4.986545989826939, "log10_subsample": -0.773694599800766, "max_depth": 2.0, "num_boost_round": 24.0}, "datetime": {"datetime": "2024-01-19 02:07:20", "elapsed": 6938.038293, "delta": 0.005845}}
{"target": -17.67615971772298, "params": {"gamma": 621.0488033180727, "log10_alpha": -0.5590879288813575, "log10_colsample_bytree": -0.4588164918925962, "log10_eta": -1.3107000744787958, "log10_lambda": -2.595877780773975, "log10_min_child_weight": 4.986545989826939, "log10_subsample": -0.773694599800766, "max_depth": 2.0, "num_boost_round": 25.0}, "datetime": {"datetime": "2024-01-19 02:07:20", "elapsed": 6938.043904, "delta": 0.005611}}
{"target": -17.67636074256556, "params": {"gamma": 621.0488033180727, "log10_alpha": -0.5590879288813575, "log10_colsample_bytree": -0.4588164918925962, "log10_eta": -1.3107000744787958, "log10_lambda": -2.595877780773975, "log10_min_child_weight": 4.986545989826939, "log10_subsample": -0.773694599800766, "max_depth": 2.0, "num_boost_round": 26.0}, "datetime": {"datetime": "2024-01-19 02:07:20", "elapsed": 6938.049566, "delta": 0.005662}}
{"target": -17.676246082667504, "params": {"gamma": 621.0488033180727, "log10_alpha": -0.5590879288813575, "log10_colsample_bytree": -0.4588164918925962, "log10_eta": -1.3107000744787958, "log10_lambda": -2.595877780773975, "log10_min_child_weight": 4.986545989826939, "log10_subsample": -0.773694599800766, "max_depth": 2.0, "num_boost_round": 27.0}, "datetime": {"datetime": "2024-01-19 02:07:20", "elapsed": 6938.055249, "delta": 0.005683}}
{"target": -17.676013671725123, "params": {"gamma": 621.0488033180727, "log10_alpha": -0.5590879288813575, "log10_colsample_bytree": -0.4588164918925962, "log10_eta": -1.3107000744787958, "log10_lambda": -2.595877780773975, "log10_min_child_weight": 4.986545989826939, "log10_subsample": -0.773694599800766, "max_depth": 2.0, "num_boost_round": 28.0}, "datetime": {"datetime": "2024-01-19 02:07:20", "elapsed": 6938.060907, "delta": 0.005658}}
{"target": -17.675837169026043, "params": {"gamma": 621.0488033180727, "log10_alpha": -0.5590879288813575, "log10_colsample_bytree": -0.4588164918925962, "log10_eta": -1.3107000744787958, "log10_lambda": -2.595877780773975, "log10_min_child_weight": 4.986545989826939, "log10_subsample": -0.773694599800766, "max_depth": 2.0, "num_boost_round": 29.0}, "datetime": {"datetime": "2024-01-19 02:07:20", "elapsed": 6938.066483, "delta": 0.005576}}
{"target": -17.675996619043335, "params": {"gamma": 621.0488033180727, "log10_alpha": -0.5590879288813575, "log10_colsample_bytree": -0.4588164918925962, "log10_eta": -1.3107000744787958, "log10_lambda": -2.595877780773975, "log10_min_child_weight": 4.986545989826939, "log10_subsample": -0.773694599800766, "max_depth": 2.0, "num_boost_round": 30.0}, "datetime": {"datetime": "2024-01-19 02:07:20", "elapsed": 6938.072215, "delta": 0.005732}}
{"target": -17.67588152231101, "params": {"gamma": 621.0488033180727, "log10_alpha": -0.5590879288813575, "log10_colsample_bytree": -0.4588164918925962, "log10_eta": -1.3107000744787958, "log10_lambda": -2.595877780773975, "log10_min_child_weight": 4.986545989826939, "log10_subsample": -0.773694599800766, "max_depth": 2.0, "num_boost_round": 31.0}, "datetime": {"datetime": "2024-01-19 02:07:20", "elapsed": 6938.077889, "delta": 0.005674}}
{"target": -17.67597879357984, "params": {"gamma": 621.0488033180727, "log10_alpha": -0.5590879288813575, "log10_colsample_bytree": -0.4588164918925962, "log10_eta": -1.3107000744787958, "log10_lambda": -2.595877780773975, "log10_min_child_weight": 4.986545989826939, "log10_subsample": -0.773694599800766, "max_depth": 2.0, "num_boost_round": 32.0}, "datetime": {"datetime": "2024-01-19 02:07:20", "elapsed": 6938.08384, "delta": 0.005951}}
{"target": -17.676086577153157, "params": {"gamma": 621.0488033180727, "log10_alpha": -0.5590879288813575, "log10_colsample_bytree": -0.4588164918925962, "log10_eta": -1.3107000744787958, "log10_lambda": -2.595877780773975, "log10_min_child_weight": 4.986545989826939, "log10_subsample": -0.773694599800766, "max_depth": 2.0, "num_boost_round": 33.0}, "datetime": {"datetime": "2024-01-19 02:07:20", "elapsed": 6938.089691, "delta": 0.005851}}
{"target": -17.675990323074974, "params": {"gamma": 621.0488033180727, "log10_alpha": -0.5590879288813575, "log10_colsample_bytree": -0.4588164918925962, "log10_eta": -1.3107000744787958, "log10_lambda": -2.595877780773975, "log10_min_child_weight": 4.986545989826939, "log10_subsample": -0.773694599800766, "max_depth": 2.0, "num_boost_round": 34.0}, "datetime": {"datetime": "2024-01-19 02:07:20", "elapsed": 6938.095699, "delta": 0.006008}}
{"target": -17.67596160368039, "params": {"gamma": 621.0488033180727, "log10_alpha": -0.5590879288813575, "log10_colsample_bytree": -0.4588164918925962, "log10_eta": -1.3107000744787958, "log10_lambda": -2.595877780773975, "log10_min_child_weight": 4.986545989826939, "log10_subsample": -0.773694599800766, "max_depth": 2.0, "num_boost_round": 35.0}, "datetime": {"datetime": "2024-01-19 02:07:20", "elapsed": 6938.101337, "delta": 0.005638}}
{"target": -17.676191967700547, "params": {"gamma": 621.0488033180727, "log10_alpha": -0.5590879288813575, "log10_colsample_bytree": -0.4588164918925962, "log10_eta": -1.3107000744787958, "log10_lambda": -2.595877780773975, "log10_min_child_weight": 4.986545989826939, "log10_subsample": -0.773694599800766, "max_depth": 2.0, "num_boost_round": 36.0}, "datetime": {"datetime": "2024-01-19 02:07:20", "elapsed": 6938.106925, "delta": 0.005588}}
{"target": -17.67641423601296, "params": {"gamma": 621.0488033180727, "log10_alpha": -0.5590879288813575, "log10_colsample_bytree": -0.4588164918925962, "log10_eta": -1.3107000744787958, "log10_lambda": -2.595877780773975, "log10_min_child_weight": 4.986545989826939, "log10_subsample": -0.773694599800766, "max_depth": 2.0, "num_boost_round": 37.0}, "datetime": {"datetime": "2024-01-19 02:07:20", "elapsed": 6938.112575, "delta": 0.00565}}
{"target": -17.67646721591676, "params": {"gamma": 621.0488033180727, "log10_alpha": -0.5590879288813575, "log10_colsample_bytree": -0.4588164918925962, "log10_eta": -1.3107000744787958, "log10_lambda": -2.595877780773975, "log10_min_child_weight": 4.986545989826939, "log10_subsample": -0.773694599800766, "max_depth": 2.0, "num_boost_round": 38.0}, "datetime": {"datetime": "2024-01-19 02:07:20", "elapsed": 6938.118216, "delta": 0.005641}}
{"target": -17.676526451426145, "params": {"gamma": 621.0488033180727, "log10_alpha": -0.5590879288813575, "log10_colsample_bytree": -0.4588164918925962, "log10_eta": -1.3107000744787958, "log10_lambda": -2.595877780773975, "log10_min_child_weight": 4.986545989826939, "log10_subsample": -0.773694599800766, "max_depth": 2.0, "num_boost_round": 39.0}, "datetime": {"datetime": "2024-01-19 02:07:20", "elapsed": 6938.123851, "delta": 0.005635}}
{"target": -17.676524110477864, "params": {"gamma": 621.0488033180727, "log10_alpha": -0.5590879288813575, "log10_colsample_bytree": -0.4588164918925962, "log10_eta": -1.3107000744787958, "log10_lambda": -2.595877780773975, "log10_min_child_weight": 4.986545989826939, "log10_subsample": -0.773694599800766, "max_depth": 2.0, "num_boost_round": 40.0}, "datetime": {"datetime": "2024-01-19 02:07:20", "elapsed": 6938.12966, "delta": 0.005809}}
{"target": -17.676608155590785, "params": {"gamma": 621.0488033180727, "log10_alpha": -0.5590879288813575, "log10_colsample_bytree": -0.4588164918925962, "log10_eta": -1.3107000744787958, "log10_lambda": -2.595877780773975, "log10_min_child_weight": 4.986545989826939, "log10_subsample": -0.773694599800766, "max_depth": 2.0, "num_boost_round": 41.0}, "datetime": {"datetime": "2024-01-19 02:07:20", "elapsed": 6938.135396, "delta": 0.005736}}
{"target": -17.676787173768236, "params": {"gamma": 621.0488033180727, "log10_alpha": -0.5590879288813575, "log10_colsample_bytree": -0.4588164918925962, "log10_eta": -1.3107000744787958, "log10_lambda": -2.595877780773975, "log10_min_child_weight": 4.986545989826939, "log10_subsample": -0.773694599800766, "max_depth": 2.0, "num_boost_round": 42.0}, "datetime": {"datetime": "2024-01-19 02:07:20", "elapsed": 6938.141193, "delta": 0.005797}}
{"target": -17.676859143000936, "params": {"gamma": 621.0488033180727, "log10_alpha": -0.5590879288813575, "log10_colsample_bytree": -0.4588164918925962, "log10_eta": -1.3107000744787958, "log10_lambda": -2.595877780773975, "log10_min_child_weight": 4.986545989826939, "log10_subsample": -0.773694599800766, "max_depth": 2.0, "num_boost_round": 43.0}, "datetime": {"datetime": "2024-01-19 02:07:20", "elapsed": 6938.146898, "delta": 0.005705}}
{"target": -17.676941334300647, "params": {"gamma": 621.0488033180727, "log10_alpha": -0.5590879288813575, "log10_colsample_bytree": -0.4588164918925962, "log10_eta": -1.3107000744787958, "log10_lambda": -2.595877780773975, "log10_min_child_weight": 4.986545989826939, "log10_subsample": -0.773694599800766, "max_depth": 2.0, "num_boost_round": 44.0}, "datetime": {"datetime": "2024-01-19 02:07:20", "elapsed": 6938.153188, "delta": 0.00629}}
{"target": -17.677031250763438, "params": {"gamma": 621.0488033180727, "log10_alpha": -0.5590879288813575, "log10_colsample_bytree": -0.4588164918925962, "log10_eta": -1.3107000744787958, "log10_lambda": -2.595877780773975, "log10_min_child_weight": 4.986545989826939, "log10_subsample": -0.773694599800766, "max_depth": 2.0, "num_boost_round": 45.0}, "datetime": {"datetime": "2024-01-19 02:07:20", "elapsed": 6938.159207, "delta": 0.006019}}
{"target": -17.677107864336936, "params": {"gamma": 621.0488033180727, "log10_alpha": -0.5590879288813575, "log10_colsample_bytree": -0.4588164918925962, "log10_eta": -1.3107000744787958, "log10_lambda": -2.595877780773975, "log10_min_child_weight": 4.986545989826939, "log10_subsample": -0.773694599800766, "max_depth": 2.0, "num_boost_round": 46.0}, "datetime": {"datetime": "2024-01-19 02:07:20", "elapsed": 6938.165268, "delta": 0.006061}}
{"target": -17.677121884143343, "params": {"gamma": 621.0488033180727, "log10_alpha": -0.5590879288813575, "log10_colsample_bytree": -0.4588164918925962, "log10_eta": -1.3107000744787958, "log10_lambda": -2.595877780773975, "log10_min_child_weight": 4.986545989826939, "log10_subsample": -0.773694599800766, "max_depth": 2.0, "num_boost_round": 47.0}, "datetime": {"datetime": "2024-01-19 02:07:20", "elapsed": 6938.271517, "delta": 0.106249}}
{"target": -17.67720939519668, "params": {"gamma": 621.0488033180727, "log10_alpha": -0.5590879288813575, "log10_colsample_bytree": -0.4588164918925962, "log10_eta": -1.3107000744787958, "log10_lambda": -2.595877780773975, "log10_min_child_weight": 4.986545989826939, "log10_subsample": -0.773694599800766, "max_depth": 2.0, "num_boost_round": 48.0}, "datetime": {"datetime": "2024-01-19 02:07:20", "elapsed": 6938.277947, "delta": 0.00643}}
{"target": -17.67703029847497, "params": {"gamma": 621.0488033180727, "log10_alpha": -0.5590879288813575, "log10_colsample_bytree": -0.4588164918925962, "log10_eta": -1.3107000744787958, "log10_lambda": -2.595877780773975, "log10_min_child_weight": 4.986545989826939, "log10_subsample": -0.773694599800766, "max_depth": 2.0, "num_boost_round": 49.0}, "datetime": {"datetime": "2024-01-19 02:07:20", "elapsed": 6938.283712, "delta": 0.005765}}
{"target": -17.677121108167576, "params": {"gamma": 621.0488033180727, "log10_alpha": -0.5590879288813575, "log10_colsample_bytree": -0.4588164918925962, "log10_eta": -1.3107000744787958, "log10_lambda": -2.595877780773975, "log10_min_child_weight": 4.986545989826939, "log10_subsample": -0.773694599800766, "max_depth": 2.0, "num_boost_round": 50.0}, "datetime": {"datetime": "2024-01-19 02:07:20", "elapsed": 6938.289424, "delta": 0.005712}}
{"target": -17.67697720093624, "params": {"gamma": 621.0488033180727, "log10_alpha": -0.5590879288813575, "log10_colsample_bytree": -0.4588164918925962, "log10_eta": -1.3107000744787958, "log10_lambda": -2.595877780773975, "log10_min_child_weight": 4.986545989826939, "log10_subsample": -0.773694599800766, "max_depth": 2.0, "num_boost_round": 51.0}, "datetime": {"datetime": "2024-01-19 02:07:20", "elapsed": 6938.295132, "delta": 0.005708}}
{"target": -17.677062052376773, "params": {"gamma": 621.0488033180727, "log10_alpha": -0.5590879288813575, "log10_colsample_bytree": -0.4588164918925962, "log10_eta": -1.3107000744787958, "log10_lambda": -2.595877780773975, "log10_min_child_weight": 4.986545989826939, "log10_subsample": -0.773694599800766, "max_depth": 2.0, "num_boost_round": 52.0}, "datetime": {"datetime": "2024-01-19 02:07:20", "elapsed": 6938.300864, "delta": 0.005732}}
{"target": -17.67707413299325, "params": {"gamma": 621.0488033180727, "log10_alpha": -0.5590879288813575, "log10_colsample_bytree": -0.4588164918925962, "log10_eta": -1.3107000744787958, "log10_lambda": -2.595877780773975, "log10_min_child_weight": 4.986545989826939, "log10_subsample": -0.773694599800766, "max_depth": 2.0, "num_boost_round": 53.0}, "datetime": {"datetime": "2024-01-19 02:07:20", "elapsed": 6938.306594, "delta": 0.00573}}
{"target": -17.677179665678505, "params": {"gamma": 621.0488033180727, "log10_alpha": -0.5590879288813575, "log10_colsample_bytree": -0.4588164918925962, "log10_eta": -1.3107000744787958, "log10_lambda": -2.595877780773975, "log10_min_child_weight": 4.986545989826939, "log10_subsample": -0.773694599800766, "max_depth": 2.0, "num_boost_round": 54.0}, "datetime": {"datetime": "2024-01-19 02:07:20", "elapsed": 6938.312344, "delta": 0.00575}}
{"target": -17.677263738683983, "params": {"gamma": 621.0488033180727, "log10_alpha": -0.5590879288813575, "log10_colsample_bytree": -0.4588164918925962, "log10_eta": -1.3107000744787958, "log10_lambda": -2.595877780773975, "log10_min_child_weight": 4.986545989826939, "log10_subsample": -0.773694599800766, "max_depth": 2.0, "num_boost_round": 55.0}, "datetime": {"datetime": "2024-01-19 02:07:20", "elapsed": 6938.318218, "delta": 0.005874}}
