{"target": -13.758538413666837, "params": {"gamma": 617.290572440146, "log10_alpha": 1.0, "log10_colsample_bytree": -1.0, "log10_eta": -4.0, "log10_lambda": 1.0, "log10_min_child_weight": 0.0, "log10_subsample": -1.0, "max_depth": 2.0, "num_boost_round": 8.0}, "datetime": {"datetime": "2024-01-19 01:47:04", "elapsed": 5676.641434, "delta": 0.005121}}
{"target": -13.758537503957804, "params": {"gamma": 617.290572440146, "log10_alpha": 1.0, "log10_colsample_bytree": -1.0, "log10_eta": -4.0, "log10_lambda": 1.0, "log10_min_child_weight": 0.0, "log10_subsample": -1.0, "max_depth": 2.0, "num_boost_round": 9.0}, "datetime": {"datetime": "2024-01-19 01:47:04", "elapsed": 5676.646622, "delta": 0.005188}}
{"target": -13.75853759988084, "params": {"gamma": 617.290572440146, "log10_alpha": 1.0, "log10_colsample_bytree": -1.0, "log10_eta": -4.0, "log10_lambda": 1.0, "log10_min_child_weight": 0.0, "log10_subsample": -1.0, "max_depth": 2.0, "num_boost_round": 10.0}, "datetime": {"datetime": "2024-01-19 01:47:04", "elapsed": 5676.651825, "delta": 0.005203}}
{"target": -13.758536134869402, "params": {"gamma": 617.290572440146, "log10_alpha": 1.0, "log10_colsample_bytree": -1.0, "log10_eta": -4.0, "log10_lambda": 1.0, "log10_min_child_weight": 0.0, "log10_subsample": -1.0, "max_depth": 2.0, "num_boost_round": 11.0}, "datetime": {"datetime": "2024-01-19 01:47:04", "elapsed": 5676.657247, "delta": 0.005422}}
{"target": -13.758534404999953, "params": {"gamma": 617.290572440146, "log10_alpha": 1.0, "log10_colsample_bytree": -1.0, "log10_eta": -4.0, "log10_lambda": 1.0, "log10_min_child_weight": 0.0, "log10_subsample": -1.0, "max_depth": 2.0, "num_boost_round": 12.0}, "datetime": {"datetime": "2024-01-19 01:47:04", "elapsed": 5676.66261, "delta": 0.005363}}
{"target": -13.758533035102124, "params": {"gamma": 617.290572440146, "log10_alpha": 1.0, "log10_colsample_bytree": -1.0, "log10_eta": -4.0, "log10_lambda": 1.0, "log10_min_child_weight": 0.0, "log10_subsample": -1.0, "max_depth": 2.0, "num_boost_round": 13.0}, "datetime": {"datetime": "2024-01-19 01:47:04", "elapsed": 5676.668139, "delta": 0.005529}}
{"target": -13.758530434831926, "params": {"gamma": 617.290572440146, "log10_alpha": 1.0, "log10_colsample_bytree": -1.0, "log10_eta": -4.0, "log10_lambda": 1.0, "log10_min_child_weight": 0.0, "log10_subsample": -1.0, "max_depth": 2.0, "num_boost_round": 14.0}, "datetime": {"datetime": "2024-01-19 01:47:04", "elapsed": 5676.67348, "delta": 0.005341}}
{"target": -13.758530079132923, "params": {"gamma": 617.290572440146, "log10_alpha": 1.0, "log10_colsample_bytree": -1.0, "log10_eta": -4.0, "log10_lambda": 1.0, "log10_min_child_weight": 0.0, "log10_subsample": -1.0, "max_depth": 2.0, "num_boost_round": 15.0}, "datetime": {"datetime": "2024-01-19 01:47:04", "elapsed": 5676.678739, "delta": 0.005259}}
{"target": -13.758529481567843, "params": {"gamma": 617.290572440146, "log10_alpha": 1.0, "log10_colsample_bytree": -1.0, "log10_eta": -4.0, "log10_lambda": 1.0, "log10_min_child_weight": 0.0, "log10_subsample": -1.0, "max_depth": 2.0, "num_boost_round": 16.0}, "datetime": {"datetime": "2024-01-19 01:47:04", "elapsed": 5676.683977, "delta": 0.005238}}
{"target": -13.758528735772, "params": {"gamma": 617.290572440146, "log10_alpha": 1.0, "log10_colsample_bytree": -1.0, "log10_eta": -4.0, "log10_lambda": 1.0, "log10_min_child_weight": 0.0, "log10_subsample": -1.0, "max_depth": 2.0, "num_boost_round": 17.0}, "datetime": {"datetime": "2024-01-19 01:47:04", "elapsed": 5676.689054, "delta": 0.005077}}
{"target": -13.758527739499886, "params": {"gamma": 617.290572440146, "log10_alpha": 1.0, "log10_colsample_bytree": -1.0, "log10_eta": -4.0, "log10_lambda": 1.0, "log10_min_child_weight": 0.0, "log10_subsample": -1.0, "max_depth": 2.0, "num_boost_round": 18.0}, "datetime": {"datetime": "2024-01-19 01:47:04", "elapsed": 5676.698651, "delta": 0.009597}}
{"target": -13.758526913802873, "params": {"gamma": 617.290572440146, "log10_alpha": 1.0, "log10_colsample_bytree": -1.0, "log10_eta": -4.0, "log10_lambda": 1.0, "log10_min_child_weight": 0.0, "log10_subsample": -1.0, "max_depth": 2.0, "num_boost_round": 19.0}, "datetime": {"datetime": "2024-01-19 01:47:04", "elapsed": 5676.704108, "delta": 0.005457}}
{"target": -13.758526242895824, "params": {"gamma": 617.290572440146, "log10_alpha": 1.0, "log10_colsample_bytree": -1.0, "log10_eta": -4.0, "log10_lambda": 1.0, "log10_min_child_weight": 0.0, "log10_subsample": -1.0, "max_depth": 2.0, "num_boost_round": 20.0}, "datetime": {"datetime": "2024-01-19 01:47:04", "elapsed": 5676.709261, "delta": 0.005153}}
{"target": -13.758524261510777, "params": {"gamma": 617.290572440146, "log10_alpha": 1.0, "log10_colsample_bytree": -1.0, "log10_eta": -4.0, "log10_lambda": 1.0, "log10_min_child_weight": 0.0, "log10_subsample": -1.0, "max_depth": 2.0, "num_boost_round": 21.0}, "datetime": {"datetime": "2024-01-19 01:47:04", "elapsed": 5676.714534, "delta": 0.005273}}
{"target": -13.758523890457171, "params": {"gamma": 617.290572440146, "log10_alpha": 1.0, "log10_colsample_bytree": -1.0, "log10_eta": -4.0, "log10_lambda": 1.0, "log10_min_child_weight": 0.0, "log10_subsample": -1.0, "max_depth": 2.0, "num_boost_round": 22.0}, "datetime": {"datetime": "2024-01-19 01:47:04", "elapsed": 5676.719718, "delta": 0.005184}}
{"target": -13.758521911591938, "params": {"gamma": 617.290572440146, "log10_alpha": 1.0, "log10_colsample_bytree": -1.0, "log10_eta": -4.0, "log10_lambda": 1.0, "log10_min_child_weight": 0.0, "log10_subsample": -1.0, "max_depth": 2.0, "num_boost_round": 23.0}, "datetime": {"datetime": "2024-01-19 01:47:04", "elapsed": 5676.72521, "delta": 0.005492}}
{"target": -13.757611197465357, "params": {"gamma": 633.1360121451814, "log10_alpha": -3.794934679957782, "log10_colsample_bytree": -0.4515762302594739, "log10_eta": -1.605496085561834, "log10_lambda": -3.261244842339976, "log10_min_child_weight": 2.0719110902980304, "log10_subsample": -0.46278949450674367, "max_depth": 6.0, "num_boost_round": 0.0}, "datetime": {"datetime": "2024-01-19 01:49:34", "elapsed": 5827.540445, "delta": 150.815235}}
{"target": -13.757729925281405, "params": {"gamma": 633.1360121451814, "log10_alpha": -3.794934679957782, "log10_colsample_bytree": -0.4515762302594739, "log10_eta": -1.605496085561834, "log10_lambda": -3.261244842339976, "log10_min_child_weight": 2.0719110902980304, "log10_subsample": -0.46278949450674367, "max_depth": 6.0, "num_boost_round": 1.0}, "datetime": {"datetime": "2024-01-19 01:49:34", "elapsed": 5827.546079, "delta": 0.005634}}
{"target": -13.757278429198111, "params": {"gamma": 633.1360121451814, "log10_alpha": -3.794934679957782, "log10_colsample_bytree": -0.4515762302594739, "log10_eta": -1.605496085561834, "log10_lambda": -3.261244842339976, "log10_min_child_weight": 2.0719110902980304, "log10_subsample": -0.46278949450674367, "max_depth": 6.0, "num_boost_round": 2.0}, "datetime": {"datetime": "2024-01-19 01:49:34", "elapsed": 5827.55138, "delta": 0.005301}}
{"target": -13.756179468966529, "params": {"gamma": 633.1360121451814, "log10_alpha": -3.794934679957782, "log10_colsample_bytree": -0.4515762302594739, "log10_eta": -1.605496085561834, "log10_lambda": -3.261244842339976, "log10_min_child_weight": 2.0719110902980304, "log10_subsample": -0.46278949450674367, "max_depth": 6.0, "num_boost_round": 3.0}, "datetime": {"datetime": "2024-01-19 01:49:34", "elapsed": 5827.557247, "delta": 0.005867}}
{"target": -13.756131737710254, "params": {"gamma": 633.1360121451814, "log10_alpha": -3.794934679957782, "log10_colsample_bytree": -0.4515762302594739, "log10_eta": -1.605496085561834, "log10_lambda": -3.261244842339976, "log10_min_child_weight": 2.0719110902980304, "log10_subsample": -0.46278949450674367, "max_depth": 6.0, "num_boost_round": 4.0}, "datetime": {"datetime": "2024-01-19 01:49:34", "elapsed": 5827.562676, "delta": 0.005429}}
{"target": -13.755515466784578, "params": {"gamma": 633.1360121451814, "log10_alpha": -3.794934679957782, "log10_colsample_bytree": -0.4515762302594739, "log10_eta": -1.605496085561834, "log10_lambda": -3.261244842339976, "log10_min_child_weight": 2.0719110902980304, "log10_subsample": -0.46278949450674367, "max_depth": 6.0, "num_boost_round": 5.0}, "datetime": {"datetime": "2024-01-19 01:49:34", "elapsed": 5827.567941, "delta": 0.005265}}
{"target": -13.75577964962662, "params": {"gamma": 633.1360121451814, "log10_alpha": -3.794934679957782, "log10_colsample_bytree": -0.4515762302594739, "log10_eta": -1.605496085561834, "log10_lambda": -3.261244842339976, "log10_min_child_weight": 2.0719110902980304, "log10_subsample": -0.46278949450674367, "max_depth": 6.0, "num_boost_round": 6.0}, "datetime": {"datetime": "2024-01-19 01:49:35", "elapsed": 5827.573333, "delta": 0.005392}}
{"target": -13.755958299526666, "params": {"gamma": 633.1360121451814, "log10_alpha": -3.794934679957782, "log10_colsample_bytree": -0.4515762302594739, "log10_eta": -1.605496085561834, "log10_lambda": -3.261244842339976, "log10_min_child_weight": 2.0719110902980304, "log10_subsample": -0.46278949450674367, "max_depth": 6.0, "num_boost_round": 7.0}, "datetime": {"datetime": "2024-01-19 01:49:35", "elapsed": 5827.578518, "delta": 0.005185}}
{"target": -13.7562168164054, "params": {"gamma": 633.1360121451814, "log10_alpha": -3.794934679957782, "log10_colsample_bytree": -0.4515762302594739, "log10_eta": -1.605496085561834, "log10_lambda": -3.261244842339976, "log10_min_child_weight": 2.0719110902980304, "log10_subsample": -0.46278949450674367, "max_depth": 6.0, "num_boost_round": 8.0}, "datetime": {"datetime": "2024-01-19 01:49:35", "elapsed": 5827.583941, "delta": 0.005423}}
{"target": -13.75583072860141, "params": {"gamma": 633.1360121451814, "log10_alpha": -3.794934679957782, "log10_colsample_bytree": -0.4515762302594739, "log10_eta": -1.605496085561834, "log10_lambda": -3.261244842339976, "log10_min_child_weight": 2.0719110902980304, "log10_subsample": -0.46278949450674367, "max_depth": 6.0, "num_boost_round": 9.0}, "datetime": {"datetime": "2024-01-19 01:49:35", "elapsed": 5827.589478, "delta": 0.005537}}
{"target": -13.756620410815358, "params": {"gamma": 633.1360121451814, "log10_alpha": -3.794934679957782, "log10_colsample_bytree": -0.4515762302594739, "log10_eta": -1.605496085561834, "log10_lambda": -3.261244842339976, "log10_min_child_weight": 2.0719110902980304, "log10_subsample": -0.46278949450674367, "max_depth": 6.0, "num_boost_round": 10.0}, "datetime": {"datetime": "2024-01-19 01:49:35", "elapsed": 5827.594796, "delta": 0.005318}}
{"target": -13.756864805455596, "params": {"gamma": 633.1360121451814, "log10_alpha": -3.794934679957782, "log10_colsample_bytree": -0.4515762302594739, "log10_eta": -1.605496085561834, "log10_lambda": -3.261244842339976, "log10_min_child_weight": 2.0719110902980304, "log10_subsample": -0.46278949450674367, "max_depth": 6.0, "num_boost_round": 11.0}, "datetime": {"datetime": "2024-01-19 01:49:35", "elapsed": 5827.600244, "delta": 0.005448}}
{"target": -13.758426062287173, "params": {"gamma": 633.1360121451814, "log10_alpha": -3.794934679957782, "log10_colsample_bytree": -0.4515762302594739, "log10_eta": -1.605496085561834, "log10_lambda": -3.261244842339976, "log10_min_child_weight": 2.0719110902980304, "log10_subsample": -0.46278949450674367, "max_depth": 6.0, "num_boost_round": 12.0}, "datetime": {"datetime": "2024-01-19 01:49:35", "elapsed": 5827.60573, "delta": 0.005486}}
{"target": -13.758638122960848, "params": {"gamma": 633.1360121451814, "log10_alpha": -3.794934679957782, "log10_colsample_bytree": -0.4515762302594739, "log10_eta": -1.605496085561834, "log10_lambda": -3.261244842339976, "log10_min_child_weight": 2.0719110902980304, "log10_subsample": -0.46278949450674367, "max_depth": 6.0, "num_boost_round": 13.0}, "datetime": {"datetime": "2024-01-19 01:49:35", "elapsed": 5827.611015, "delta": 0.005285}}
{"target": -13.759196606054832, "params": {"gamma": 633.1360121451814, "log10_alpha": -3.794934679957782, "log10_colsample_bytree": -0.4515762302594739, "log10_eta": -1.605496085561834, "log10_lambda": -3.261244842339976, "log10_min_child_weight": 2.0719110902980304, "log10_subsample": -0.46278949450674367, "max_depth": 6.0, "num_boost_round": 14.0}, "datetime": {"datetime": "2024-01-19 01:49:35", "elapsed": 5827.616705, "delta": 0.00569}}
{"target": -13.759326020223654, "params": {"gamma": 633.1360121451814, "log10_alpha": -3.794934679957782, "log10_colsample_bytree": -0.4515762302594739, "log10_eta": -1.605496085561834, "log10_lambda": -3.261244842339976, "log10_min_child_weight": 2.0719110902980304, "log10_subsample": -0.46278949450674367, "max_depth": 6.0, "num_boost_round": 15.0}, "datetime": {"datetime": "2024-01-19 01:49:35", "elapsed": 5827.62246, "delta": 0.005755}}
{"target": -13.7594509123691, "params": {"gamma": 633.1360121451814, "log10_alpha": -3.794934679957782, "log10_colsample_bytree": -0.4515762302594739, "log10_eta": -1.605496085561834, "log10_lambda": -3.261244842339976, "log10_min_child_weight": 2.0719110902980304, "log10_subsample": -0.46278949450674367, "max_depth": 6.0, "num_boost_round": 16.0}, "datetime": {"datetime": "2024-01-19 01:49:35", "elapsed": 5827.750918, "delta": 0.128458}}
{"target": -13.760246012712445, "params": {"gamma": 633.1360121451814, "log10_alpha": -3.794934679957782, "log10_colsample_bytree": -0.4515762302594739, "log10_eta": -1.605496085561834, "log10_lambda": -3.261244842339976, "log10_min_child_weight": 2.0719110902980304, "log10_subsample": -0.46278949450674367, "max_depth": 6.0, "num_boost_round": 17.0}, "datetime": {"datetime": "2024-01-19 01:49:35", "elapsed": 5827.756804, "delta": 0.005886}}
{"target": -13.759975957020032, "params": {"gamma": 633.1360121451814, "log10_alpha": -3.794934679957782, "log10_colsample_bytree": -0.4515762302594739, "log10_eta": -1.605496085561834, "log10_lambda": -3.261244842339976, "log10_min_child_weight": 2.0719110902980304, "log10_subsample": -0.46278949450674367, "max_depth": 6.0, "num_boost_round": 18.0}, "datetime": {"datetime": "2024-01-19 01:49:35", "elapsed": 5827.762162, "delta": 0.005358}}
{"target": -13.7602929763518, "params": {"gamma": 633.1360121451814, "log10_alpha": -3.794934679957782, "log10_colsample_bytree": -0.4515762302594739, "log10_eta": -1.605496085561834, "log10_lambda": -3.261244842339976, "log10_min_child_weight": 2.0719110902980304, "log10_subsample": -0.46278949450674367, "max_depth": 6.0, "num_boost_round": 19.0}, "datetime": {"datetime": "2024-01-19 01:49:35", "elapsed": 5827.768154, "delta": 0.005992}}
{"target": -13.76174539093789, "params": {"gamma": 633.1360121451814, "log10_alpha": -3.794934679957782, "log10_colsample_bytree": -0.4515762302594739, "log10_eta": -1.605496085561834, "log10_lambda": -3.261244842339976, "log10_min_child_weight": 2.0719110902980304, "log10_subsample": -0.46278949450674367, "max_depth": 6.0, "num_boost_round": 20.0}, "datetime": {"datetime": "2024-01-19 01:49:35", "elapsed": 5827.774232, "delta": 0.006078}}
{"target": -13.76339161901925, "params": {"gamma": 633.1360121451814, "log10_alpha": -3.794934679957782, "log10_colsample_bytree": -0.4515762302594739, "log10_eta": -1.605496085561834, "log10_lambda": -3.261244842339976, "log10_min_child_weight": 2.0719110902980304, "log10_subsample": -0.46278949450674367, "max_depth": 6.0, "num_boost_round": 21.0}, "datetime": {"datetime": "2024-01-19 01:49:35", "elapsed": 5827.779684, "delta": 0.005452}}
{"target": -13.763933985774004, "params": {"gamma": 633.1360121451814, "log10_alpha": -3.794934679957782, "log10_colsample_bytree": -0.4515762302594739, "log10_eta": -1.605496085561834, "log10_lambda": -3.261244842339976, "log10_min_child_weight": 2.0719110902980304, "log10_subsample": -0.46278949450674367, "max_depth": 6.0, "num_boost_round": 22.0}, "datetime": {"datetime": "2024-01-19 01:49:35", "elapsed": 5827.784942, "delta": 0.005258}}
{"target": -13.764706408817032, "params": {"gamma": 633.1360121451814, "log10_alpha": -3.794934679957782, "log10_colsample_bytree": -0.4515762302594739, "log10_eta": -1.605496085561834, "log10_lambda": -3.261244842339976, "log10_min_child_weight": 2.0719110902980304, "log10_subsample": -0.46278949450674367, "max_depth": 6.0, "num_boost_round": 23.0}, "datetime": {"datetime": "2024-01-19 01:49:35", "elapsed": 5827.790894, "delta": 0.005952}}
{"target": -13.764812399958023, "params": {"gamma": 633.1360121451814, "log10_alpha": -3.794934679957782, "log10_colsample_bytree": -0.4515762302594739, "log10_eta": -1.605496085561834, "log10_lambda": -3.261244842339976, "log10_min_child_weight": 2.0719110902980304, "log10_subsample": -0.46278949450674367, "max_depth": 6.0, "num_boost_round": 24.0}, "datetime": {"datetime": "2024-01-19 01:49:35", "elapsed": 5827.797044, "delta": 0.00615}}
{"target": -13.7647820314911, "params": {"gamma": 633.1360121451814, "log10_alpha": -3.794934679957782, "log10_colsample_bytree": -0.4515762302594739, "log10_eta": -1.605496085561834, "log10_lambda": -3.261244842339976, "log10_min_child_weight": 2.0719110902980304, "log10_subsample": -0.46278949450674367, "max_depth": 6.0, "num_boost_round": 25.0}, "datetime": {"datetime": "2024-01-19 01:49:35", "elapsed": 5827.803056, "delta": 0.006012}}
{"target": -13.76556251054282, "params": {"gamma": 633.1360121451814, "log10_alpha": -3.794934679957782, "log10_colsample_bytree": -0.4515762302594739, "log10_eta": -1.605496085561834, "log10_lambda": -3.261244842339976, "log10_min_child_weight": 2.0719110902980304, "log10_subsample": -0.46278949450674367, "max_depth": 6.0, "num_boost_round": 26.0}, "datetime": {"datetime": "2024-01-19 01:49:35", "elapsed": 5827.808651, "delta": 0.005595}}
{"target": -13.766371726818237, "params": {"gamma": 633.1360121451814, "log10_alpha": -3.794934679957782, "log10_colsample_bytree": -0.4515762302594739, "log10_eta": -1.605496085561834, "log10_lambda": -3.261244842339976, "log10_min_child_weight": 2.0719110902980304, "log10_subsample": -0.46278949450674367, "max_depth": 6.0, "num_boost_round": 27.0}, "datetime": {"datetime": "2024-01-19 01:49:35", "elapsed": 5827.814093, "delta": 0.005442}}
{"target": -13.766895708793754, "params": {"gamma": 633.1360121451814, "log10_alpha": -3.794934679957782, "log10_colsample_bytree": -0.4515762302594739, "log10_eta": -1.605496085561834, "log10_lambda": -3.261244842339976, "log10_min_child_weight": 2.0719110902980304, "log10_subsample": -0.46278949450674367, "max_depth": 6.0, "num_boost_round": 28.0}, "datetime": {"datetime": "2024-01-19 01:49:35", "elapsed": 5827.81993, "delta": 0.005837}}
{"target": -13.767119921643868, "params": {"gamma": 633.1360121451814, "log10_alpha": -3.794934679957782, "log10_colsample_bytree": -0.4515762302594739, "log10_eta": -1.605496085561834, "log10_lambda": -3.261244842339976, "log10_min_child_weight": 2.0719110902980304, "log10_subsample": -0.46278949450674367, "max_depth": 6.0, "num_boost_round": 29.0}, "datetime": {"datetime": "2024-01-19 01:49:35", "elapsed": 5827.82589, "delta": 0.00596}}
{"target": -13.768958667860039, "params": {"gamma": 633.1360121451814, "log10_alpha": -3.794934679957782, "log10_colsample_bytree": -0.4515762302594739, "log10_eta": -1.605496085561834, "log10_lambda": -3.261244842339976, "log10_min_child_weight": 2.0719110902980304, "log10_subsample": -0.46278949450674367, "max_depth": 6.0, "num_boost_round": 30.0}, "datetime": {"datetime": "2024-01-19 01:49:35", "elapsed": 5827.831417, "delta": 0.005527}}
{"target": -13.769183441660333, "params": {"gamma": 633.1360121451814, "log10_alpha": -3.794934679957782, "log10_colsample_bytree": -0.4515762302594739, "log10_eta": -1.605496085561834, "log10_lambda": -3.261244842339976, "log10_min_child_weight": 2.0719110902980304, "log10_subsample": -0.46278949450674367, "max_depth": 6.0, "num_boost_round": 31.0}, "datetime": {"datetime": "2024-01-19 01:49:35", "elapsed": 5827.836681, "delta": 0.005264}}
{"target": -13.769933979815777, "params": {"gamma": 633.1360121451814, "log10_alpha": -3.794934679957782, "log10_colsample_bytree": -0.4515762302594739, "log10_eta": -1.605496085561834, "log10_lambda": -3.261244842339976, "log10_min_child_weight": 2.0719110902980304, "log10_subsample": -0.46278949450674367, "max_depth": 6.0, "num_boost_round": 32.0}, "datetime": {"datetime": "2024-01-19 01:49:35", "elapsed": 5827.842807, "delta": 0.006126}}
{"target": -13.772015445647948, "params": {"gamma": 633.1360121451814, "log10_alpha": -3.794934679957782, "log10_colsample_bytree": -0.4515762302594739, "log10_eta": -1.605496085561834, "log10_lambda": -3.261244842339976, "log10_min_child_weight": 2.0719110902980304, "log10_subsample": -0.46278949450674367, "max_depth": 6.0, "num_boost_round": 33.0}, "datetime": {"datetime": "2024-01-19 01:49:35", "elapsed": 5827.849776, "delta": 0.006969}}
{"target": -13.774597997626921, "params": {"gamma": 633.1360121451814, "log10_alpha": -3.794934679957782, "log10_colsample_bytree": -0.4515762302594739, "log10_eta": -1.605496085561834, "log10_lambda": -3.261244842339976, "log10_min_child_weight": 2.0719110902980304, "log10_subsample": -0.46278949450674367, "max_depth": 6.0, "num_boost_round": 34.0}, "datetime": {"datetime": "2024-01-19 01:49:35", "elapsed": 5827.855704, "delta": 0.005928}}
{"target": -13.775982759854623, "params": {"gamma": 633.1360121451814, "log10_alpha": -3.794934679957782, "log10_colsample_bytree": -0.4515762302594739, "log10_eta": -1.605496085561834, "log10_lambda": -3.261244842339976, "log10_min_child_weight": 2.0719110902980304, "log10_subsample": -0.46278949450674367, "max_depth": 6.0, "num_boost_round": 35.0}, "datetime": {"datetime": "2024-01-19 01:49:35", "elapsed": 5827.86166, "delta": 0.005956}}
