{"target": -17.677207893877853, "params": {"gamma": 620.9958079526804, "log10_alpha": -1.7223464694210229, "log10_colsample_bytree": -0.2728219433512119, "log10_eta": -3.9255322091828933, "log10_lambda": -1.4328763588032762, "log10_min_child_weight": 3.6943606767528308, "log10_subsample": -0.8036832697401538, "max_depth": 9.0, "num_boost_round": 18.0}, "datetime": {"datetime": "2024-01-19 01:31:57", "elapsed": 4814.944021, "delta": 0.004961}}
{"target": -17.677207125947408, "params": {"gamma": 620.9958079526804, "log10_alpha": -1.7223464694210229, "log10_colsample_bytree": -0.2728219433512119, "log10_eta": -3.9255322091828933, "log10_lambda": -1.4328763588032762, "log10_min_child_weight": 3.6943606767528308, "log10_subsample": -0.8036832697401538, "max_depth": 9.0, "num_boost_round": 19.0}, "datetime": {"datetime": "2024-01-19 01:31:57", "elapsed": 4814.948708, "delta": 0.004687}}
{"target": -17.67720622738005, "params": {"gamma": 620.9958079526804, "log10_alpha": -1.7223464694210229, "log10_colsample_bytree": -0.2728219433512119, "log10_eta": -3.9255322091828933, "log10_lambda": -1.4328763588032762, "log10_min_child_weight": 3.6943606767528308, "log10_subsample": -0.8036832697401538, "max_depth": 9.0, "num_boost_round": 20.0}, "datetime": {"datetime": "2024-01-19 01:31:57", "elapsed": 4814.95417, "delta": 0.005462}}
{"target": -17.67720557139129, "params": {"gamma": 620.9958079526804, "log10_alpha": -1.7223464694210229, "log10_colsample_bytree": -0.2728219433512119, "log10_eta": -3.9255322091828933, "log10_lambda": -1.4328763588032762, "log10_min_child_weight": 3.6943606767528308, "log10_subsample": -0.8036832697401538, "max_depth": 9.0, "num_boost_round": 21.0}, "datetime": {"datetime": "2024-01-19 01:31:57", "elapsed": 4814.958694, "delta": 0.004524}}
{"target": -17.677203281471975, "params": {"gamma": 620.9958079526804, "log10_alpha": -1.7223464694210229, "log10_colsample_bytree": -0.2728219433512119, "log10_eta": -3.9255322091828933, "log10_lambda": -1.4328763588032762, "log10_min_child_weight": 3.6943606767528308, "log10_subsample": -0.8036832697401538, "max_depth": 9.0, "num_boost_round": 22.0}, "datetime": {"datetime": "2024-01-19 01:31:57", "elapsed": 4814.963147, "delta": 0.004453}}
{"target": -17.677203529410725, "params": {"gamma": 620.9958079526804, "log10_alpha": -1.7223464694210229, "log10_colsample_bytree": -0.2728219433512119, "log10_eta": -3.9255322091828933, "log10_lambda": -1.4328763588032762, "log10_min_child_weight": 3.6943606767528308, "log10_subsample": -0.8036832697401538, "max_depth": 9.0, "num_boost_round": 23.0}, "datetime": {"datetime": "2024-01-19 01:31:57", "elapsed": 4814.967512, "delta": 0.004365}}
{"target": -17.67720221402022, "params": {"gamma": 620.9958079526804, "log10_alpha": -1.7223464694210229, "log10_colsample_bytree": -0.2728219433512119, "log10_eta": -3.9255322091828933, "log10_lambda": -1.4328763588032762, "log10_min_child_weight": 3.6943606767528308, "log10_subsample": -0.8036832697401538, "max_depth": 9.0, "num_boost_round": 24.0}, "datetime": {"datetime": "2024-01-19 01:31:57", "elapsed": 4814.971847, "delta": 0.004335}}
{"target": -17.677198822889764, "params": {"gamma": 620.9958079526804, "log10_alpha": -1.7223464694210229, "log10_colsample_bytree": -0.2728219433512119, "log10_eta": -3.9255322091828933, "log10_lambda": -1.4328763588032762, "log10_min_child_weight": 3.6943606767528308, "log10_subsample": -0.8036832697401538, "max_depth": 9.0, "num_boost_round": 25.0}, "datetime": {"datetime": "2024-01-19 01:31:57", "elapsed": 4814.976191, "delta": 0.004344}}
{"target": -17.67720131448721, "params": {"gamma": 620.9958079526804, "log10_alpha": -1.7223464694210229, "log10_colsample_bytree": -0.2728219433512119, "log10_eta": -3.9255322091828933, "log10_lambda": -1.4328763588032762, "log10_min_child_weight": 3.6943606767528308, "log10_subsample": -0.8036832697401538, "max_depth": 9.0, "num_boost_round": 26.0}, "datetime": {"datetime": "2024-01-19 01:31:57", "elapsed": 4814.980567, "delta": 0.004376}}
{"target": -17.677197361273265, "params": {"gamma": 620.9958079526804, "log10_alpha": -1.7223464694210229, "log10_colsample_bytree": -0.2728219433512119, "log10_eta": -3.9255322091828933, "log10_lambda": -1.4328763588032762, "log10_min_child_weight": 3.6943606767528308, "log10_subsample": -0.8036832697401538, "max_depth": 9.0, "num_boost_round": 27.0}, "datetime": {"datetime": "2024-01-19 01:31:57", "elapsed": 4814.985071, "delta": 0.004504}}
{"target": -17.677198789298906, "params": {"gamma": 620.9958079526804, "log10_alpha": -1.7223464694210229, "log10_colsample_bytree": -0.2728219433512119, "log10_eta": -3.9255322091828933, "log10_lambda": -1.4328763588032762, "log10_min_child_weight": 3.6943606767528308, "log10_subsample": -0.8036832697401538, "max_depth": 9.0, "num_boost_round": 28.0}, "datetime": {"datetime": "2024-01-19 01:31:57", "elapsed": 4814.989505, "delta": 0.004434}}
{"target": -17.677199622867427, "params": {"gamma": 620.9958079526804, "log10_alpha": -1.7223464694210229, "log10_colsample_bytree": -0.2728219433512119, "log10_eta": -3.9255322091828933, "log10_lambda": -1.4328763588032762, "log10_min_child_weight": 3.6943606767528308, "log10_subsample": -0.8036832697401538, "max_depth": 9.0, "num_boost_round": 29.0}, "datetime": {"datetime": "2024-01-19 01:31:57", "elapsed": 4814.993901, "delta": 0.004396}}
{"target": -17.67719898203015, "params": {"gamma": 620.9958079526804, "log10_alpha": -1.7223464694210229, "log10_colsample_bytree": -0.2728219433512119, "log10_eta": -3.9255322091828933, "log10_lambda": -1.4328763588032762, "log10_min_child_weight": 3.6943606767528308, "log10_subsample": -0.8036832697401538, "max_depth": 9.0, "num_boost_round": 30.0}, "datetime": {"datetime": "2024-01-19 01:31:57", "elapsed": 4814.998287, "delta": 0.004386}}
{"target": -17.677199654841576, "params": {"gamma": 620.9958079526804, "log10_alpha": -1.7223464694210229, "log10_colsample_bytree": -0.2728219433512119, "log10_eta": -3.9255322091828933, "log10_lambda": -1.4328763588032762, "log10_min_child_weight": 3.6943606767528308, "log10_subsample": -0.8036832697401538, "max_depth": 9.0, "num_boost_round": 31.0}, "datetime": {"datetime": "2024-01-19 01:31:57", "elapsed": 4815.002685, "delta": 0.004398}}
{"target": -17.67720402694815, "params": {"gamma": 620.9958079526804, "log10_alpha": -1.7223464694210229, "log10_colsample_bytree": -0.2728219433512119, "log10_eta": -3.9255322091828933, "log10_lambda": -1.4328763588032762, "log10_min_child_weight": 3.6943606767528308, "log10_subsample": -0.8036832697401538, "max_depth": 9.0, "num_boost_round": 32.0}, "datetime": {"datetime": "2024-01-19 01:31:57", "elapsed": 4815.00714, "delta": 0.004455}}
{"target": -17.67720606577368, "params": {"gamma": 620.9958079526804, "log10_alpha": -1.7223464694210229, "log10_colsample_bytree": -0.2728219433512119, "log10_eta": -3.9255322091828933, "log10_lambda": -1.4328763588032762, "log10_min_child_weight": 3.6943606767528308, "log10_subsample": -0.8036832697401538, "max_depth": 9.0, "num_boost_round": 33.0}, "datetime": {"datetime": "2024-01-19 01:31:57", "elapsed": 4815.0116, "delta": 0.00446}}
{"target": -17.677202999095947, "params": {"gamma": 620.9958079526804, "log10_alpha": -1.7223464694210229, "log10_colsample_bytree": -0.2728219433512119, "log10_eta": -3.9255322091828933, "log10_lambda": -1.4328763588032762, "log10_min_child_weight": 3.6943606767528308, "log10_subsample": -0.8036832697401538, "max_depth": 9.0, "num_boost_round": 34.0}, "datetime": {"datetime": "2024-01-19 01:31:57", "elapsed": 4815.016021, "delta": 0.004421}}
{"target": -17.67722997097975, "params": {"gamma": 584.0054615079554, "log10_alpha": 0.12004708094706995, "log10_colsample_bytree": -0.7953943033501588, "log10_eta": -3.9051913013890274, "log10_lambda": -0.2831968649253511, "log10_min_child_weight": 2.522444937564371, "log10_subsample": -0.32272698674842315, "max_depth": 9.0, "num_boost_round": 0.0}, "datetime": {"datetime": "2024-01-19 01:32:49", "elapsed": 4866.737252, "delta": 51.721231}}
{"target": -17.67722053245643, "params": {"gamma": 584.0054615079554, "log10_alpha": 0.12004708094706995, "log10_colsample_bytree": -0.7953943033501588, "log10_eta": -3.9051913013890274, "log10_lambda": -0.2831968649253511, "log10_min_child_weight": 2.522444937564371, "log10_subsample": -0.32272698674842315, "max_depth": 9.0, "num_boost_round": 1.0}, "datetime": {"datetime": "2024-01-19 01:32:49", "elapsed": 4866.742706, "delta": 0.005454}}
{"target": -17.677208948740184, "params": {"gamma": 584.0054615079554, "log10_alpha": 0.12004708094706995, "log10_colsample_bytree": -0.7953943033501588, "log10_eta": -3.9051913013890274, "log10_lambda": -0.2831968649253511, "log10_min_child_weight": 2.522444937564371, "log10_subsample": -0.32272698674842315, "max_depth": 9.0, "num_boost_round": 2.0}, "datetime": {"datetime": "2024-01-19 01:32:49", "elapsed": 4866.747156, "delta": 0.00445}}
{"target": -17.677204851034045, "params": {"gamma": 584.0054615079554, "log10_alpha": 0.12004708094706995, "log10_colsample_bytree": -0.7953943033501588, "log10_eta": -3.9051913013890274, "log10_lambda": -0.2831968649253511, "log10_min_child_weight": 2.522444937564371, "log10_subsample": -0.32272698674842315, "max_depth": 9.0, "num_boost_round": 3.0}, "datetime": {"datetime": "2024-01-19 01:32:49", "elapsed": 4866.75166, "delta": 0.004504}}
{"target": -17.677194900178232, "params": {"gamma": 584.0054615079554, "log10_alpha": 0.12004708094706995, "log10_colsample_bytree": -0.7953943033501588, "log10_eta": -3.9051913013890274, "log10_lambda": -0.2831968649253511, "log10_min_child_weight": 2.522444937564371, "log10_subsample": -0.32272698674842315, "max_depth": 9.0, "num_boost_round": 4.0}, "datetime": {"datetime": "2024-01-19 01:32:49", "elapsed": 4866.755998, "delta": 0.004338}}
{"target": -17.67719064131038, "params": {"gamma": 584.0054615079554, "log10_alpha": 0.12004708094706995, "log10_colsample_bytree": -0.7953943033501588, "log10_eta": -3.9051913013890274, "log10_lambda": -0.2831968649253511, "log10_min_child_weight": 2.522444937564371, "log10_subsample": -0.32272698674842315, "max_depth": 9.0, "num_boost_round": 5.0}, "datetime": {"datetime": "2024-01-19 01:32:49", "elapsed": 4866.760392, "delta": 0.004394}}
{"target": -17.677190746099576, "params": {"gamma": 584.0054615079554, "log10_alpha": 0.12004708094706995, "log10_colsample_bytree": -0.7953943033501588, "log10_eta": -3.9051913013890274, "log10_lambda": -0.2831968649253511, "log10_min_child_weight": 2.522444937564371, "log10_subsample": -0.32272698674842315, "max_depth": 9.0, "num_boost_round": 6.0}, "datetime": {"datetime": "2024-01-19 01:32:49", "elapsed": 4866.764763, "delta": 0.004371}}
{"target": -17.677173159303667, "params": {"gamma": 584.0054615079554, "log10_alpha": 0.12004708094706995, "log10_colsample_bytree": -0.7953943033501588, "log10_eta": -3.9051913013890274, "log10_lambda": -0.2831968649253511, "log10_min_child_weight": 2.522444937564371, "log10_subsample": -0.32272698674842315, "max_depth": 9.0, "num_boost_round": 7.0}, "datetime": {"datetime": "2024-01-19 01:32:49", "elapsed": 4866.76918, "delta": 0.004417}}
{"target": -17.677171523305198, "params": {"gamma": 584.0054615079554, "log10_alpha": 0.12004708094706995, "log10_colsample_bytree": -0.7953943033501588, "log10_eta": -3.9051913013890274, "log10_lambda": -0.2831968649253511, "log10_min_child_weight": 2.522444937564371, "log10_subsample": -0.32272698674842315, "max_depth": 9.0, "num_boost_round": 8.0}, "datetime": {"datetime": "2024-01-19 01:32:49", "elapsed": 4866.773525, "delta": 0.004345}}
{"target": -17.67717004470097, "params": {"gamma": 584.0054615079554, "log10_alpha": 0.12004708094706995, "log10_colsample_bytree": -0.7953943033501588, "log10_eta": -3.9051913013890274, "log10_lambda": -0.2831968649253511, "log10_min_child_weight": 2.522444937564371, "log10_subsample": -0.32272698674842315, "max_depth": 9.0, "num_boost_round": 9.0}, "datetime": {"datetime": "2024-01-19 01:32:49", "elapsed": 4866.777842, "delta": 0.004317}}
{"target": -17.677161890417608, "params": {"gamma": 584.0054615079554, "log10_alpha": 0.12004708094706995, "log10_colsample_bytree": -0.7953943033501588, "log10_eta": -3.9051913013890274, "log10_lambda": -0.2831968649253511, "log10_min_child_weight": 2.522444937564371, "log10_subsample": -0.32272698674842315, "max_depth": 9.0, "num_boost_round": 10.0}, "datetime": {"datetime": "2024-01-19 01:32:49", "elapsed": 4866.7823, "delta": 0.004458}}
{"target": -17.67716695628699, "params": {"gamma": 584.0054615079554, "log10_alpha": 0.12004708094706995, "log10_colsample_bytree": -0.7953943033501588, "log10_eta": -3.9051913013890274, "log10_lambda": -0.2831968649253511, "log10_min_child_weight": 2.522444937564371, "log10_subsample": -0.32272698674842315, "max_depth": 9.0, "num_boost_round": 11.0}, "datetime": {"datetime": "2024-01-19 01:32:49", "elapsed": 4866.786699, "delta": 0.004399}}
{"target": -17.67722878433495, "params": {"gamma": 660.9897627416783, "log10_alpha": 0.492019776394403, "log10_colsample_bytree": -0.691571362903213, "log10_eta": -3.5258638653349195, "log10_lambda": -4.3867529705159125, "log10_min_child_weight": 4.145958502850735, "log10_subsample": -0.2316501801048657, "max_depth": 2.0, "num_boost_round": 0.0}, "datetime": {"datetime": "2024-01-19 01:33:27", "elapsed": 4904.855772, "delta": 38.069073}}
{"target": -17.677226800104506, "params": {"gamma": 660.9897627416783, "log10_alpha": 0.492019776394403, "log10_colsample_bytree": -0.691571362903213, "log10_eta": -3.5258638653349195, "log10_lambda": -4.3867529705159125, "log10_min_child_weight": 4.145958502850735, "log10_subsample": -0.2316501801048657, "max_depth": 2.0, "num_boost_round": 1.0}, "datetime": {"datetime": "2024-01-19 01:33:27", "elapsed": 4904.861146, "delta": 0.005374}}
{"target": -17.67722556367354, "params": {"gamma": 660.9897627416783, "log10_alpha": 0.492019776394403, "log10_colsample_bytree": -0.691571362903213, "log10_eta": -3.5258638653349195, "log10_lambda": -4.3867529705159125, "log10_min_child_weight": 4.145958502850735, "log10_subsample": -0.2316501801048657, "max_depth": 2.0, "num_boost_round": 2.0}, "datetime": {"datetime": "2024-01-19 01:33:27", "elapsed": 4904.865654, "delta": 0.004508}}
{"target": -17.677220887482946, "params": {"gamma": 660.9897627416783, "log10_alpha": 0.492019776394403, "log10_colsample_bytree": -0.691571362903213, "log10_eta": -3.5258638653349195, "log10_lambda": -4.3867529705159125, "log10_min_child_weight": 4.145958502850735, "log10_subsample": -0.2316501801048657, "max_depth": 2.0, "num_boost_round": 3.0}, "datetime": {"datetime": "2024-01-19 01:33:27", "elapsed": 4904.870114, "delta": 0.00446}}
{"target": -17.677215242745532, "params": {"gamma": 660.9897627416783, "log10_alpha": 0.492019776394403, "log10_colsample_bytree": -0.691571362903213, "log10_eta": -3.5258638653349195, "log10_lambda": -4.3867529705159125, "log10_min_child_weight": 4.145958502850735, "log10_subsample": -0.2316501801048657, "max_depth": 2.0, "num_boost_round": 4.0}, "datetime": {"datetime": "2024-01-19 01:33:27", "elapsed": 4904.874586, "delta": 0.004472}}
{"target": -17.677216575498456, "params": {"gamma": 660.9897627416783, "log10_alpha": 0.492019776394403, "log10_colsample_bytree": -0.691571362903213, "log10_eta": -3.5258638653349195, "log10_lambda": -4.3867529705159125, "log10_min_child_weight": 4.145958502850735, "log10_subsample": -0.2316501801048657, "max_depth": 2.0, "num_boost_round": 5.0}, "datetime": {"datetime": "2024-01-19 01:33:27", "elapsed": 4904.879023, "delta": 0.004437}}
{"target": -17.677221777739607, "params": {"gamma": 660.9897627416783, "log10_alpha": 0.492019776394403, "log10_colsample_bytree": -0.691571362903213, "log10_eta": -3.5258638653349195, "log10_lambda": -4.3867529705159125, "log10_min_child_weight": 4.145958502850735, "log10_subsample": -0.2316501801048657, "max_depth": 2.0, "num_boost_round": 6.0}, "datetime": {"datetime": "2024-01-19 01:33:27", "elapsed": 4904.883433, "delta": 0.00441}}
{"target": -17.67721697233639, "params": {"gamma": 660.9897627416783, "log10_alpha": 0.492019776394403, "log10_colsample_bytree": -0.691571362903213, "log10_eta": -3.5258638653349195, "log10_lambda": -4.3867529705159125, "log10_min_child_weight": 4.145958502850735, "log10_subsample": -0.2316501801048657, "max_depth": 2.0, "num_boost_round": 7.0}, "datetime": {"datetime": "2024-01-19 01:33:27", "elapsed": 4904.887934, "delta": 0.004501}}
{"target": -17.67722097090759, "params": {"gamma": 660.9897627416783, "log10_alpha": 0.492019776394403, "log10_colsample_bytree": -0.691571362903213, "log10_eta": -3.5258638653349195, "log10_lambda": -4.3867529705159125, "log10_min_child_weight": 4.145958502850735, "log10_subsample": -0.2316501801048657, "max_depth": 2.0, "num_boost_round": 8.0}, "datetime": {"datetime": "2024-01-19 01:33:27", "elapsed": 4904.892471, "delta": 0.004537}}
{"target": -17.6772207467723, "params": {"gamma": 660.9897627416783, "log10_alpha": 0.492019776394403, "log10_colsample_bytree": -0.691571362903213, "log10_eta": -3.5258638653349195, "log10_lambda": -4.3867529705159125, "log10_min_child_weight": 4.145958502850735, "log10_subsample": -0.2316501801048657, "max_depth": 2.0, "num_boost_round": 9.0}, "datetime": {"datetime": "2024-01-19 01:33:27", "elapsed": 4904.896818, "delta": 0.004347}}
{"target": -17.677216898827353, "params": {"gamma": 660.9897627416783, "log10_alpha": 0.492019776394403, "log10_colsample_bytree": -0.691571362903213, "log10_eta": -3.5258638653349195, "log10_lambda": -4.3867529705159125, "log10_min_child_weight": 4.145958502850735, "log10_subsample": -0.2316501801048657, "max_depth": 2.0, "num_boost_round": 10.0}, "datetime": {"datetime": "2024-01-19 01:33:27", "elapsed": 4904.901127, "delta": 0.004309}}
{"target": -17.677216041985766, "params": {"gamma": 660.9897627416783, "log10_alpha": 0.492019776394403, "log10_colsample_bytree": -0.691571362903213, "log10_eta": -3.5258638653349195, "log10_lambda": -4.3867529705159125, "log10_min_child_weight": 4.145958502850735, "log10_subsample": -0.2316501801048657, "max_depth": 2.0, "num_boost_round": 11.0}, "datetime": {"datetime": "2024-01-19 01:33:27", "elapsed": 4904.905504, "delta": 0.004377}}
{"target": -17.677218541034954, "params": {"gamma": 660.9897627416783, "log10_alpha": 0.492019776394403, "log10_colsample_bytree": -0.691571362903213, "log10_eta": -3.5258638653349195, "log10_lambda": -4.3867529705159125, "log10_min_child_weight": 4.145958502850735, "log10_subsample": -0.2316501801048657, "max_depth": 2.0, "num_boost_round": 12.0}, "datetime": {"datetime": "2024-01-19 01:33:27", "elapsed": 4904.909799, "delta": 0.004295}}
{"target": -17.67722120779313, "params": {"gamma": 660.9897627416783, "log10_alpha": 0.492019776394403, "log10_colsample_bytree": -0.691571362903213, "log10_eta": -3.5258638653349195, "log10_lambda": -4.3867529705159125, "log10_min_child_weight": 4.145958502850735, "log10_subsample": -0.2316501801048657, "max_depth": 2.0, "num_boost_round": 13.0}, "datetime": {"datetime": "2024-01-19 01:33:27", "elapsed": 4904.91415, "delta": 0.004351}}
{"target": -17.677228399799226, "params": {"gamma": 594.7853704962528, "log10_alpha": -4.781311383640592, "log10_colsample_bytree": -0.4918515255652727, "log10_eta": -3.7728239136854507, "log10_lambda": -0.8567305553298974, "log10_min_child_weight": 3.835999043936412, "log10_subsample": -0.23740983921950154, "max_depth": 5.0, "num_boost_round": 0.0}, "datetime": {"datetime": "2024-01-19 01:34:16", "elapsed": 4954.008319, "delta": 49.094169}}
{"target": -17.677225110430783, "params": {"gamma": 594.7853704962528, "log10_alpha": -4.781311383640592, "log10_colsample_bytree": -0.4918515255652727, "log10_eta": -3.7728239136854507, "log10_lambda": -0.8567305553298974, "log10_min_child_weight": 3.835999043936412, "log10_subsample": -0.23740983921950154, "max_depth": 5.0, "num_boost_round": 1.0}, "datetime": {"datetime": "2024-01-19 01:34:16", "elapsed": 4954.013664, "delta": 0.005345}}
{"target": -17.677216442980782, "params": {"gamma": 594.7853704962528, "log10_alpha": -4.781311383640592, "log10_colsample_bytree": -0.4918515255652727, "log10_eta": -3.7728239136854507, "log10_lambda": -0.8567305553298974, "log10_min_child_weight": 3.835999043936412, "log10_subsample": -0.23740983921950154, "max_depth": 5.0, "num_boost_round": 2.0}, "datetime": {"datetime": "2024-01-19 01:34:16", "elapsed": 4954.018131, "delta": 0.004467}}
{"target": -17.67721521181718, "params": {"gamma": 594.7853704962528, "log10_alpha": -4.781311383640592, "log10_colsample_bytree": -0.4918515255652727, "log10_eta": -3.7728239136854507, "log10_lambda": -0.8567305553298974, "log10_min_child_weight": 3.835999043936412, "log10_subsample": -0.23740983921950154, "max_depth": 5.0, "num_boost_round": 3.0}, "datetime": {"datetime": "2024-01-19 01:34:16", "elapsed": 4954.022859, "delta": 0.004728}}
{"target": -17.677210933381804, "params": {"gamma": 594.7853704962528, "log10_alpha": -4.781311383640592, "log10_colsample_bytree": -0.4918515255652727, "log10_eta": -3.7728239136854507, "log10_lambda": -0.8567305553298974, "log10_min_child_weight": 3.835999043936412, "log10_subsample": -0.23740983921950154, "max_depth": 5.0, "num_boost_round": 4.0}, "datetime": {"datetime": "2024-01-19 01:34:16", "elapsed": 4954.027576, "delta": 0.004717}}
{"target": -17.677207064048208, "params": {"gamma": 594.7853704962528, "log10_alpha": -4.781311383640592, "log10_colsample_bytree": -0.4918515255652727, "log10_eta": -3.7728239136854507, "log10_lambda": -0.8567305553298974, "log10_min_child_weight": 3.835999043936412, "log10_subsample": -0.23740983921950154, "max_depth": 5.0, "num_boost_round": 5.0}, "datetime": {"datetime": "2024-01-19 01:34:16", "elapsed": 4954.032292, "delta": 0.004716}}
