{"target": -17.763627436602285, "params": {"gamma": 42.895959466082154, "log10_alpha": -4.938171124161205, "log10_colsample_bytree": -0.8058709937086226, "log10_eta": -1.1488773933752818, "log10_lambda": -4.777101471931253, "log10_min_child_weight": 0.5719626610973283, "log10_subsample": -0.3590416257475515, "max_depth": 7.0, "num_boost_round": 37.0}, "datetime": {"datetime": "2024-01-19 01:27:14", "elapsed": 4588.110672, "delta": 0.003789}}
{"target": -17.76581496477162, "params": {"gamma": 42.895959466082154, "log10_alpha": -4.938171124161205, "log10_colsample_bytree": -0.8058709937086226, "log10_eta": -1.1488773933752818, "log10_lambda": -4.777101471931253, "log10_min_child_weight": 0.5719626610973283, "log10_subsample": -0.3590416257475515, "max_depth": 7.0, "num_boost_round": 38.0}, "datetime": {"datetime": "2024-01-19 01:27:14", "elapsed": 4588.11467, "delta": 0.003998}}
{"target": -17.766699545416675, "params": {"gamma": 42.895959466082154, "log10_alpha": -4.938171124161205, "log10_colsample_bytree": -0.8058709937086226, "log10_eta": -1.1488773933752818, "log10_lambda": -4.777101471931253, "log10_min_child_weight": 0.5719626610973283, "log10_subsample": -0.3590416257475515, "max_depth": 7.0, "num_boost_round": 39.0}, "datetime": {"datetime": "2024-01-19 01:27:14", "elapsed": 4588.118735, "delta": 0.004065}}
{"target": -17.772801351067294, "params": {"gamma": 42.895959466082154, "log10_alpha": -4.938171124161205, "log10_colsample_bytree": -0.8058709937086226, "log10_eta": -1.1488773933752818, "log10_lambda": -4.777101471931253, "log10_min_child_weight": 0.5719626610973283, "log10_subsample": -0.3590416257475515, "max_depth": 7.0, "num_boost_round": 40.0}, "datetime": {"datetime": "2024-01-19 01:27:14", "elapsed": 4588.12264, "delta": 0.003905}}
{"target": -17.6771999985854, "params": {"gamma": 10.83690409612581, "log10_alpha": 0.0424628247148231, "log10_colsample_bytree": -0.5219102290628975, "log10_eta": -3.254575321650164, "log10_lambda": -1.4988870585252139, "log10_min_child_weight": 2.9894518551267812, "log10_subsample": -0.2503998588183437, "max_depth": 9.0, "num_boost_round": 0.0}, "datetime": {"datetime": "2024-01-19 01:28:10", "elapsed": 4644.503803, "delta": 56.381163}}
{"target": -17.677228508221408, "params": {"gamma": 10.83690409612581, "log10_alpha": 0.0424628247148231, "log10_colsample_bytree": -0.5219102290628975, "log10_eta": -3.254575321650164, "log10_lambda": -1.4988870585252139, "log10_min_child_weight": 2.9894518551267812, "log10_subsample": -0.2503998588183437, "max_depth": 9.0, "num_boost_round": 1.0}, "datetime": {"datetime": "2024-01-19 01:28:10", "elapsed": 4644.508169, "delta": 0.004366}}
{"target": -17.67719925763051, "params": {"gamma": 10.83690409612581, "log10_alpha": 0.0424628247148231, "log10_colsample_bytree": -0.5219102290628975, "log10_eta": -3.254575321650164, "log10_lambda": -1.4988870585252139, "log10_min_child_weight": 2.9894518551267812, "log10_subsample": -0.2503998588183437, "max_depth": 9.0, "num_boost_round": 2.0}, "datetime": {"datetime": "2024-01-19 01:28:10", "elapsed": 4644.512215, "delta": 0.004046}}
{"target": -17.67719677340571, "params": {"gamma": 10.83690409612581, "log10_alpha": 0.0424628247148231, "log10_colsample_bytree": -0.5219102290628975, "log10_eta": -3.254575321650164, "log10_lambda": -1.4988870585252139, "log10_min_child_weight": 2.9894518551267812, "log10_subsample": -0.2503998588183437, "max_depth": 9.0, "num_boost_round": 3.0}, "datetime": {"datetime": "2024-01-19 01:28:10", "elapsed": 4644.516258, "delta": 0.004043}}
{"target": -17.677152414644798, "params": {"gamma": 10.83690409612581, "log10_alpha": 0.0424628247148231, "log10_colsample_bytree": -0.5219102290628975, "log10_eta": -3.254575321650164, "log10_lambda": -1.4988870585252139, "log10_min_child_weight": 2.9894518551267812, "log10_subsample": -0.2503998588183437, "max_depth": 9.0, "num_boost_round": 4.0}, "datetime": {"datetime": "2024-01-19 01:28:10", "elapsed": 4644.523676, "delta": 0.007418}}
{"target": -17.677111757011136, "params": {"gamma": 10.83690409612581, "log10_alpha": 0.0424628247148231, "log10_colsample_bytree": -0.5219102290628975, "log10_eta": -3.254575321650164, "log10_lambda": -1.4988870585252139, "log10_min_child_weight": 2.9894518551267812, "log10_subsample": -0.2503998588183437, "max_depth": 9.0, "num_boost_round": 5.0}, "datetime": {"datetime": "2024-01-19 01:28:10", "elapsed": 4644.531816, "delta": 0.00814}}
{"target": -17.677101009855047, "params": {"gamma": 10.83690409612581, "log10_alpha": 0.0424628247148231, "log10_colsample_bytree": -0.5219102290628975, "log10_eta": -3.254575321650164, "log10_lambda": -1.4988870585252139, "log10_min_child_weight": 2.9894518551267812, "log10_subsample": -0.2503998588183437, "max_depth": 9.0, "num_boost_round": 6.0}, "datetime": {"datetime": "2024-01-19 01:28:10", "elapsed": 4644.53577, "delta": 0.003954}}
{"target": -17.677066351373877, "params": {"gamma": 10.83690409612581, "log10_alpha": 0.0424628247148231, "log10_colsample_bytree": -0.5219102290628975, "log10_eta": -3.254575321650164, "log10_lambda": -1.4988870585252139, "log10_min_child_weight": 2.9894518551267812, "log10_subsample": -0.2503998588183437, "max_depth": 9.0, "num_boost_round": 7.0}, "datetime": {"datetime": "2024-01-19 01:28:10", "elapsed": 4644.539744, "delta": 0.003974}}
{"target": -17.67704408560994, "params": {"gamma": 10.83690409612581, "log10_alpha": 0.0424628247148231, "log10_colsample_bytree": -0.5219102290628975, "log10_eta": -3.254575321650164, "log10_lambda": -1.4988870585252139, "log10_min_child_weight": 2.9894518551267812, "log10_subsample": -0.2503998588183437, "max_depth": 9.0, "num_boost_round": 8.0}, "datetime": {"datetime": "2024-01-19 01:28:10", "elapsed": 4644.543778, "delta": 0.004034}}
{"target": -17.677025911081262, "params": {"gamma": 10.83690409612581, "log10_alpha": 0.0424628247148231, "log10_colsample_bytree": -0.5219102290628975, "log10_eta": -3.254575321650164, "log10_lambda": -1.4988870585252139, "log10_min_child_weight": 2.9894518551267812, "log10_subsample": -0.2503998588183437, "max_depth": 9.0, "num_boost_round": 9.0}, "datetime": {"datetime": "2024-01-19 01:28:10", "elapsed": 4644.547638, "delta": 0.00386}}
{"target": -17.676957994439398, "params": {"gamma": 10.83690409612581, "log10_alpha": 0.0424628247148231, "log10_colsample_bytree": -0.5219102290628975, "log10_eta": -3.254575321650164, "log10_lambda": -1.4988870585252139, "log10_min_child_weight": 2.9894518551267812, "log10_subsample": -0.2503998588183437, "max_depth": 9.0, "num_boost_round": 10.0}, "datetime": {"datetime": "2024-01-19 01:28:10", "elapsed": 4644.551504, "delta": 0.003866}}
{"target": -17.676937307496985, "params": {"gamma": 10.83690409612581, "log10_alpha": 0.0424628247148231, "log10_colsample_bytree": -0.5219102290628975, "log10_eta": -3.254575321650164, "log10_lambda": -1.4988870585252139, "log10_min_child_weight": 2.9894518551267812, "log10_subsample": -0.2503998588183437, "max_depth": 9.0, "num_boost_round": 11.0}, "datetime": {"datetime": "2024-01-19 01:28:10", "elapsed": 4644.555503, "delta": 0.003999}}
{"target": -17.676901091357735, "params": {"gamma": 10.83690409612581, "log10_alpha": 0.0424628247148231, "log10_colsample_bytree": -0.5219102290628975, "log10_eta": -3.254575321650164, "log10_lambda": -1.4988870585252139, "log10_min_child_weight": 2.9894518551267812, "log10_subsample": -0.2503998588183437, "max_depth": 9.0, "num_boost_round": 12.0}, "datetime": {"datetime": "2024-01-19 01:28:10", "elapsed": 4644.559393, "delta": 0.00389}}
{"target": -17.676859278838037, "params": {"gamma": 10.83690409612581, "log10_alpha": 0.0424628247148231, "log10_colsample_bytree": -0.5219102290628975, "log10_eta": -3.254575321650164, "log10_lambda": -1.4988870585252139, "log10_min_child_weight": 2.9894518551267812, "log10_subsample": -0.2503998588183437, "max_depth": 9.0, "num_boost_round": 13.0}, "datetime": {"datetime": "2024-01-19 01:28:10", "elapsed": 4644.563286, "delta": 0.003893}}
{"target": -17.67685255049759, "params": {"gamma": 10.83690409612581, "log10_alpha": 0.0424628247148231, "log10_colsample_bytree": -0.5219102290628975, "log10_eta": -3.254575321650164, "log10_lambda": -1.4988870585252139, "log10_min_child_weight": 2.9894518551267812, "log10_subsample": -0.2503998588183437, "max_depth": 9.0, "num_boost_round": 14.0}, "datetime": {"datetime": "2024-01-19 01:28:10", "elapsed": 4644.567189, "delta": 0.003903}}
{"target": -17.67682459027673, "params": {"gamma": 10.83690409612581, "log10_alpha": 0.0424628247148231, "log10_colsample_bytree": -0.5219102290628975, "log10_eta": -3.254575321650164, "log10_lambda": -1.4988870585252139, "log10_min_child_weight": 2.9894518551267812, "log10_subsample": -0.2503998588183437, "max_depth": 9.0, "num_boost_round": 15.0}, "datetime": {"datetime": "2024-01-19 01:28:10", "elapsed": 4644.571071, "delta": 0.003882}}
{"target": -17.676814920024714, "params": {"gamma": 10.83690409612581, "log10_alpha": 0.0424628247148231, "log10_colsample_bytree": -0.5219102290628975, "log10_eta": -3.254575321650164, "log10_lambda": -1.4988870585252139, "log10_min_child_weight": 2.9894518551267812, "log10_subsample": -0.2503998588183437, "max_depth": 9.0, "num_boost_round": 16.0}, "datetime": {"datetime": "2024-01-19 01:28:10", "elapsed": 4644.575031, "delta": 0.00396}}
{"target": -17.676834315232792, "params": {"gamma": 10.83690409612581, "log10_alpha": 0.0424628247148231, "log10_colsample_bytree": -0.5219102290628975, "log10_eta": -3.254575321650164, "log10_lambda": -1.4988870585252139, "log10_min_child_weight": 2.9894518551267812, "log10_subsample": -0.2503998588183437, "max_depth": 9.0, "num_boost_round": 17.0}, "datetime": {"datetime": "2024-01-19 01:28:10", "elapsed": 4644.578852, "delta": 0.003821}}
{"target": -17.676847624440576, "params": {"gamma": 10.83690409612581, "log10_alpha": 0.0424628247148231, "log10_colsample_bytree": -0.5219102290628975, "log10_eta": -3.254575321650164, "log10_lambda": -1.4988870585252139, "log10_min_child_weight": 2.9894518551267812, "log10_subsample": -0.2503998588183437, "max_depth": 9.0, "num_boost_round": 18.0}, "datetime": {"datetime": "2024-01-19 01:28:10", "elapsed": 4644.582874, "delta": 0.004022}}
{"target": -17.676838431717947, "params": {"gamma": 10.83690409612581, "log10_alpha": 0.0424628247148231, "log10_colsample_bytree": -0.5219102290628975, "log10_eta": -3.254575321650164, "log10_lambda": -1.4988870585252139, "log10_min_child_weight": 2.9894518551267812, "log10_subsample": -0.2503998588183437, "max_depth": 9.0, "num_boost_round": 19.0}, "datetime": {"datetime": "2024-01-19 01:28:10", "elapsed": 4644.586782, "delta": 0.003908}}
{"target": -17.676792460395415, "params": {"gamma": 10.83690409612581, "log10_alpha": 0.0424628247148231, "log10_colsample_bytree": -0.5219102290628975, "log10_eta": -3.254575321650164, "log10_lambda": -1.4988870585252139, "log10_min_child_weight": 2.9894518551267812, "log10_subsample": -0.2503998588183437, "max_depth": 9.0, "num_boost_round": 20.0}, "datetime": {"datetime": "2024-01-19 01:28:10", "elapsed": 4644.590675, "delta": 0.003893}}
{"target": -17.67680717618133, "params": {"gamma": 10.83690409612581, "log10_alpha": 0.0424628247148231, "log10_colsample_bytree": -0.5219102290628975, "log10_eta": -3.254575321650164, "log10_lambda": -1.4988870585252139, "log10_min_child_weight": 2.9894518551267812, "log10_subsample": -0.2503998588183437, "max_depth": 9.0, "num_boost_round": 21.0}, "datetime": {"datetime": "2024-01-19 01:28:10", "elapsed": 4644.594642, "delta": 0.003967}}
{"target": -17.67675619248845, "params": {"gamma": 10.83690409612581, "log10_alpha": 0.0424628247148231, "log10_colsample_bytree": -0.5219102290628975, "log10_eta": -3.254575321650164, "log10_lambda": -1.4988870585252139, "log10_min_child_weight": 2.9894518551267812, "log10_subsample": -0.2503998588183437, "max_depth": 9.0, "num_boost_round": 22.0}, "datetime": {"datetime": "2024-01-19 01:28:10", "elapsed": 4644.598465, "delta": 0.003823}}
{"target": -17.676755886414142, "params": {"gamma": 10.83690409612581, "log10_alpha": 0.0424628247148231, "log10_colsample_bytree": -0.5219102290628975, "log10_eta": -3.254575321650164, "log10_lambda": -1.4988870585252139, "log10_min_child_weight": 2.9894518551267812, "log10_subsample": -0.2503998588183437, "max_depth": 9.0, "num_boost_round": 23.0}, "datetime": {"datetime": "2024-01-19 01:28:10", "elapsed": 4644.602404, "delta": 0.003939}}
{"target": -17.67673982172007, "params": {"gamma": 10.83690409612581, "log10_alpha": 0.0424628247148231, "log10_colsample_bytree": -0.5219102290628975, "log10_eta": -3.254575321650164, "log10_lambda": -1.4988870585252139, "log10_min_child_weight": 2.9894518551267812, "log10_subsample": -0.2503998588183437, "max_depth": 9.0, "num_boost_round": 24.0}, "datetime": {"datetime": "2024-01-19 01:28:10", "elapsed": 4644.606333, "delta": 0.003929}}
{"target": -17.676722823304488, "params": {"gamma": 10.83690409612581, "log10_alpha": 0.0424628247148231, "log10_colsample_bytree": -0.5219102290628975, "log10_eta": -3.254575321650164, "log10_lambda": -1.4988870585252139, "log10_min_child_weight": 2.9894518551267812, "log10_subsample": -0.2503998588183437, "max_depth": 9.0, "num_boost_round": 25.0}, "datetime": {"datetime": "2024-01-19 01:28:10", "elapsed": 4644.610136, "delta": 0.003803}}
{"target": -17.676737339078997, "params": {"gamma": 10.83690409612581, "log10_alpha": 0.0424628247148231, "log10_colsample_bytree": -0.5219102290628975, "log10_eta": -3.254575321650164, "log10_lambda": -1.4988870585252139, "log10_min_child_weight": 2.9894518551267812, "log10_subsample": -0.2503998588183437, "max_depth": 9.0, "num_boost_round": 26.0}, "datetime": {"datetime": "2024-01-19 01:28:10", "elapsed": 4644.614071, "delta": 0.003935}}
{"target": -17.676745832454085, "params": {"gamma": 10.83690409612581, "log10_alpha": 0.0424628247148231, "log10_colsample_bytree": -0.5219102290628975, "log10_eta": -3.254575321650164, "log10_lambda": -1.4988870585252139, "log10_min_child_weight": 2.9894518551267812, "log10_subsample": -0.2503998588183437, "max_depth": 9.0, "num_boost_round": 27.0}, "datetime": {"datetime": "2024-01-19 01:28:10", "elapsed": 4644.618094, "delta": 0.004023}}
{"target": -17.676726524858648, "params": {"gamma": 10.83690409612581, "log10_alpha": 0.0424628247148231, "log10_colsample_bytree": -0.5219102290628975, "log10_eta": -3.254575321650164, "log10_lambda": -1.4988870585252139, "log10_min_child_weight": 2.9894518551267812, "log10_subsample": -0.2503998588183437, "max_depth": 9.0, "num_boost_round": 28.0}, "datetime": {"datetime": "2024-01-19 01:28:10", "elapsed": 4644.621965, "delta": 0.003871}}
{"target": -17.676702463519685, "params": {"gamma": 10.83690409612581, "log10_alpha": 0.0424628247148231, "log10_colsample_bytree": -0.5219102290628975, "log10_eta": -3.254575321650164, "log10_lambda": -1.4988870585252139, "log10_min_child_weight": 2.9894518551267812, "log10_subsample": -0.2503998588183437, "max_depth": 9.0, "num_boost_round": 29.0}, "datetime": {"datetime": "2024-01-19 01:28:10", "elapsed": 4644.625889, "delta": 0.003924}}
{"target": -17.676678637361285, "params": {"gamma": 10.83690409612581, "log10_alpha": 0.0424628247148231, "log10_colsample_bytree": -0.5219102290628975, "log10_eta": -3.254575321650164, "log10_lambda": -1.4988870585252139, "log10_min_child_weight": 2.9894518551267812, "log10_subsample": -0.2503998588183437, "max_depth": 9.0, "num_boost_round": 30.0}, "datetime": {"datetime": "2024-01-19 01:28:10", "elapsed": 4644.629706, "delta": 0.003817}}
{"target": -17.676605539385793, "params": {"gamma": 10.83690409612581, "log10_alpha": 0.0424628247148231, "log10_colsample_bytree": -0.5219102290628975, "log10_eta": -3.254575321650164, "log10_lambda": -1.4988870585252139, "log10_min_child_weight": 2.9894518551267812, "log10_subsample": -0.2503998588183437, "max_depth": 9.0, "num_boost_round": 31.0}, "datetime": {"datetime": "2024-01-19 01:28:10", "elapsed": 4644.634523, "delta": 0.004817}}
{"target": -17.67659265278124, "params": {"gamma": 10.83690409612581, "log10_alpha": 0.0424628247148231, "log10_colsample_bytree": -0.5219102290628975, "log10_eta": -3.254575321650164, "log10_lambda": -1.4988870585252139, "log10_min_child_weight": 2.9894518551267812, "log10_subsample": -0.2503998588183437, "max_depth": 9.0, "num_boost_round": 32.0}, "datetime": {"datetime": "2024-01-19 01:28:10", "elapsed": 4644.638628, "delta": 0.004105}}
{"target": -17.676550671973047, "params": {"gamma": 10.83690409612581, "log10_alpha": 0.0424628247148231, "log10_colsample_bytree": -0.5219102290628975, "log10_eta": -3.254575321650164, "log10_lambda": -1.4988870585252139, "log10_min_child_weight": 2.9894518551267812, "log10_subsample": -0.2503998588183437, "max_depth": 9.0, "num_boost_round": 33.0}, "datetime": {"datetime": "2024-01-19 01:28:10", "elapsed": 4644.642659, "delta": 0.004031}}
{"target": -17.677226969857912, "params": {"gamma": 55.231557749711556, "log10_alpha": -4.211419398823557, "log10_colsample_bytree": -0.7815039008094773, "log10_eta": -3.8929963881713494, "log10_lambda": -0.3806648362952165, "log10_min_child_weight": 2.953870881457415, "log10_subsample": -0.715898491804355, "max_depth": 5.0, "num_boost_round": 0.0}, "datetime": {"datetime": "2024-01-19 01:29:06", "elapsed": 4699.839519, "delta": 55.19686}}
{"target": -17.67722438979732, "params": {"gamma": 55.231557749711556, "log10_alpha": -4.211419398823557, "log10_colsample_bytree": -0.7815039008094773, "log10_eta": -3.8929963881713494, "log10_lambda": -0.3806648362952165, "log10_min_child_weight": 2.953870881457415, "log10_subsample": -0.715898491804355, "max_depth": 5.0, "num_boost_round": 1.0}, "datetime": {"datetime": "2024-01-19 01:29:06", "elapsed": 4699.84419, "delta": 0.004671}}
{"target": -17.677223586407152, "params": {"gamma": 55.231557749711556, "log10_alpha": -4.211419398823557, "log10_colsample_bytree": -0.7815039008094773, "log10_eta": -3.8929963881713494, "log10_lambda": -0.3806648362952165, "log10_min_child_weight": 2.953870881457415, "log10_subsample": -0.715898491804355, "max_depth": 5.0, "num_boost_round": 2.0}, "datetime": {"datetime": "2024-01-19 01:29:06", "elapsed": 4699.848828, "delta": 0.004638}}
{"target": -17.677223786761633, "params": {"gamma": 55.231557749711556, "log10_alpha": -4.211419398823557, "log10_colsample_bytree": -0.7815039008094773, "log10_eta": -3.8929963881713494, "log10_lambda": -0.3806648362952165, "log10_min_child_weight": 2.953870881457415, "log10_subsample": -0.715898491804355, "max_depth": 5.0, "num_boost_round": 3.0}, "datetime": {"datetime": "2024-01-19 01:29:06", "elapsed": 4699.852796, "delta": 0.003968}}
{"target": -17.67722155825656, "params": {"gamma": 55.231557749711556, "log10_alpha": -4.211419398823557, "log10_colsample_bytree": -0.7815039008094773, "log10_eta": -3.8929963881713494, "log10_lambda": -0.3806648362952165, "log10_min_child_weight": 2.953870881457415, "log10_subsample": -0.715898491804355, "max_depth": 5.0, "num_boost_round": 4.0}, "datetime": {"datetime": "2024-01-19 01:29:06", "elapsed": 4699.856798, "delta": 0.004002}}
{"target": -17.67722022210515, "params": {"gamma": 55.231557749711556, "log10_alpha": -4.211419398823557, "log10_colsample_bytree": -0.7815039008094773, "log10_eta": -3.8929963881713494, "log10_lambda": -0.3806648362952165, "log10_min_child_weight": 2.953870881457415, "log10_subsample": -0.715898491804355, "max_depth": 5.0, "num_boost_round": 5.0}, "datetime": {"datetime": "2024-01-19 01:29:06", "elapsed": 4699.860631, "delta": 0.003833}}
{"target": -17.67721744434634, "params": {"gamma": 55.231557749711556, "log10_alpha": -4.211419398823557, "log10_colsample_bytree": -0.7815039008094773, "log10_eta": -3.8929963881713494, "log10_lambda": -0.3806648362952165, "log10_min_child_weight": 2.953870881457415, "log10_subsample": -0.715898491804355, "max_depth": 5.0, "num_boost_round": 6.0}, "datetime": {"datetime": "2024-01-19 01:29:06", "elapsed": 4699.864516, "delta": 0.003885}}
{"target": -17.67720962675119, "params": {"gamma": 55.231557749711556, "log10_alpha": -4.211419398823557, "log10_colsample_bytree": -0.7815039008094773, "log10_eta": -3.8929963881713494, "log10_lambda": -0.3806648362952165, "log10_min_child_weight": 2.953870881457415, "log10_subsample": -0.715898491804355, "max_depth": 5.0, "num_boost_round": 7.0}, "datetime": {"datetime": "2024-01-19 01:29:06", "elapsed": 4699.868588, "delta": 0.004072}}
{"target": -17.677206630084946, "params": {"gamma": 55.231557749711556, "log10_alpha": -4.211419398823557, "log10_colsample_bytree": -0.7815039008094773, "log10_eta": -3.8929963881713494, "log10_lambda": -0.3806648362952165, "log10_min_child_weight": 2.953870881457415, "log10_subsample": -0.715898491804355, "max_depth": 5.0, "num_boost_round": 8.0}, "datetime": {"datetime": "2024-01-19 01:29:06", "elapsed": 4699.872492, "delta": 0.003904}}
{"target": -17.677204626868377, "params": {"gamma": 55.231557749711556, "log10_alpha": -4.211419398823557, "log10_colsample_bytree": -0.7815039008094773, "log10_eta": -3.8929963881713494, "log10_lambda": -0.3806648362952165, "log10_min_child_weight": 2.953870881457415, "log10_subsample": -0.715898491804355, "max_depth": 5.0, "num_boost_round": 9.0}, "datetime": {"datetime": "2024-01-19 01:29:06", "elapsed": 4699.876484, "delta": 0.003992}}
{"target": -17.67720257469483, "params": {"gamma": 55.231557749711556, "log10_alpha": -4.211419398823557, "log10_colsample_bytree": -0.7815039008094773, "log10_eta": -3.8929963881713494, "log10_lambda": -0.3806648362952165, "log10_min_child_weight": 2.953870881457415, "log10_subsample": -0.715898491804355, "max_depth": 5.0, "num_boost_round": 10.0}, "datetime": {"datetime": "2024-01-19 01:29:06", "elapsed": 4699.880551, "delta": 0.004067}}
