{"target": -17.678109520245698, "params": {"gamma": 978.9769795747832, "log10_alpha": -1.9050443700607556, "log10_colsample_bytree": -0.1485596498287044, "log10_eta": -1.9481718052425996, "log10_lambda": -4.251475518841533, "log10_min_child_weight": 0.06757548266682845, "log10_subsample": -0.6350613043690498, "max_depth": 7.0, "num_boost_round": 27.0}, "datetime": {"datetime": "2024-01-19 00:51:29", "elapsed": 2383.503813, "delta": 0.00291}}
{"target": -17.678957255668667, "params": {"gamma": 978.9769795747832, "log10_alpha": -1.9050443700607556, "log10_colsample_bytree": -0.1485596498287044, "log10_eta": -1.9481718052425996, "log10_lambda": -4.251475518841533, "log10_min_child_weight": 0.06757548266682845, "log10_subsample": -0.6350613043690498, "max_depth": 7.0, "num_boost_round": 28.0}, "datetime": {"datetime": "2024-01-19 00:51:29", "elapsed": 2383.506752, "delta": 0.002939}}
{"target": -17.67891432355656, "params": {"gamma": 978.9769795747832, "log10_alpha": -1.9050443700607556, "log10_colsample_bytree": -0.1485596498287044, "log10_eta": -1.9481718052425996, "log10_lambda": -4.251475518841533, "log10_min_child_weight": 0.06757548266682845, "log10_subsample": -0.6350613043690498, "max_depth": 7.0, "num_boost_round": 29.0}, "datetime": {"datetime": "2024-01-19 00:51:29", "elapsed": 2383.509585, "delta": 0.002833}}
{"target": -17.679579209077506, "params": {"gamma": 978.9769795747832, "log10_alpha": -1.9050443700607556, "log10_colsample_bytree": -0.1485596498287044, "log10_eta": -1.9481718052425996, "log10_lambda": -4.251475518841533, "log10_min_child_weight": 0.06757548266682845, "log10_subsample": -0.6350613043690498, "max_depth": 7.0, "num_boost_round": 30.0}, "datetime": {"datetime": "2024-01-19 00:51:29", "elapsed": 2383.512404, "delta": 0.002819}}
{"target": -17.679523501318236, "params": {"gamma": 978.9769795747832, "log10_alpha": -1.9050443700607556, "log10_colsample_bytree": -0.1485596498287044, "log10_eta": -1.9481718052425996, "log10_lambda": -4.251475518841533, "log10_min_child_weight": 0.06757548266682845, "log10_subsample": -0.6350613043690498, "max_depth": 7.0, "num_boost_round": 31.0}, "datetime": {"datetime": "2024-01-19 00:51:29", "elapsed": 2383.51525, "delta": 0.002846}}
{"target": -17.680755331916348, "params": {"gamma": 978.9769795747832, "log10_alpha": -1.9050443700607556, "log10_colsample_bytree": -0.1485596498287044, "log10_eta": -1.9481718052425996, "log10_lambda": -4.251475518841533, "log10_min_child_weight": 0.06757548266682845, "log10_subsample": -0.6350613043690498, "max_depth": 7.0, "num_boost_round": 32.0}, "datetime": {"datetime": "2024-01-19 00:51:29", "elapsed": 2383.51807, "delta": 0.00282}}
{"target": -17.680973531867707, "params": {"gamma": 978.9769795747832, "log10_alpha": -1.9050443700607556, "log10_colsample_bytree": -0.1485596498287044, "log10_eta": -1.9481718052425996, "log10_lambda": -4.251475518841533, "log10_min_child_weight": 0.06757548266682845, "log10_subsample": -0.6350613043690498, "max_depth": 7.0, "num_boost_round": 33.0}, "datetime": {"datetime": "2024-01-19 00:51:29", "elapsed": 2383.520935, "delta": 0.002865}}
{"target": -17.681237278863712, "params": {"gamma": 978.9769795747832, "log10_alpha": -1.9050443700607556, "log10_colsample_bytree": -0.1485596498287044, "log10_eta": -1.9481718052425996, "log10_lambda": -4.251475518841533, "log10_min_child_weight": 0.06757548266682845, "log10_subsample": -0.6350613043690498, "max_depth": 7.0, "num_boost_round": 34.0}, "datetime": {"datetime": "2024-01-19 00:51:29", "elapsed": 2383.523753, "delta": 0.002818}}
{"target": -17.682010967226347, "params": {"gamma": 978.9769795747832, "log10_alpha": -1.9050443700607556, "log10_colsample_bytree": -0.1485596498287044, "log10_eta": -1.9481718052425996, "log10_lambda": -4.251475518841533, "log10_min_child_weight": 0.06757548266682845, "log10_subsample": -0.6350613043690498, "max_depth": 7.0, "num_boost_round": 35.0}, "datetime": {"datetime": "2024-01-19 00:51:29", "elapsed": 2383.526576, "delta": 0.002823}}
{"target": -17.682014494660102, "params": {"gamma": 978.9769795747832, "log10_alpha": -1.9050443700607556, "log10_colsample_bytree": -0.1485596498287044, "log10_eta": -1.9481718052425996, "log10_lambda": -4.251475518841533, "log10_min_child_weight": 0.06757548266682845, "log10_subsample": -0.6350613043690498, "max_depth": 7.0, "num_boost_round": 36.0}, "datetime": {"datetime": "2024-01-19 00:51:29", "elapsed": 2383.529385, "delta": 0.002809}}
{"target": -17.682873075432774, "params": {"gamma": 978.9769795747832, "log10_alpha": -1.9050443700607556, "log10_colsample_bytree": -0.1485596498287044, "log10_eta": -1.9481718052425996, "log10_lambda": -4.251475518841533, "log10_min_child_weight": 0.06757548266682845, "log10_subsample": -0.6350613043690498, "max_depth": 7.0, "num_boost_round": 37.0}, "datetime": {"datetime": "2024-01-19 00:51:29", "elapsed": 2383.532184, "delta": 0.002799}}
{"target": -17.6833672479625, "params": {"gamma": 978.9769795747832, "log10_alpha": -1.9050443700607556, "log10_colsample_bytree": -0.1485596498287044, "log10_eta": -1.9481718052425996, "log10_lambda": -4.251475518841533, "log10_min_child_weight": 0.06757548266682845, "log10_subsample": -0.6350613043690498, "max_depth": 7.0, "num_boost_round": 38.0}, "datetime": {"datetime": "2024-01-19 00:51:29", "elapsed": 2383.535761, "delta": 0.003577}}
{"target": -17.68450899265466, "params": {"gamma": 978.9769795747832, "log10_alpha": -1.9050443700607556, "log10_colsample_bytree": -0.1485596498287044, "log10_eta": -1.9481718052425996, "log10_lambda": -4.251475518841533, "log10_min_child_weight": 0.06757548266682845, "log10_subsample": -0.6350613043690498, "max_depth": 7.0, "num_boost_round": 39.0}, "datetime": {"datetime": "2024-01-19 00:51:29", "elapsed": 2383.539022, "delta": 0.003261}}
{"target": -17.68532877677213, "params": {"gamma": 978.9769795747832, "log10_alpha": -1.9050443700607556, "log10_colsample_bytree": -0.1485596498287044, "log10_eta": -1.9481718052425996, "log10_lambda": -4.251475518841533, "log10_min_child_weight": 0.06757548266682845, "log10_subsample": -0.6350613043690498, "max_depth": 7.0, "num_boost_round": 40.0}, "datetime": {"datetime": "2024-01-19 00:51:29", "elapsed": 2383.542056, "delta": 0.003034}}
{"target": -17.685754106438775, "params": {"gamma": 978.9769795747832, "log10_alpha": -1.9050443700607556, "log10_colsample_bytree": -0.1485596498287044, "log10_eta": -1.9481718052425996, "log10_lambda": -4.251475518841533, "log10_min_child_weight": 0.06757548266682845, "log10_subsample": -0.6350613043690498, "max_depth": 7.0, "num_boost_round": 41.0}, "datetime": {"datetime": "2024-01-19 00:51:29", "elapsed": 2383.544941, "delta": 0.002885}}
{"target": -17.686261755048854, "params": {"gamma": 978.9769795747832, "log10_alpha": -1.9050443700607556, "log10_colsample_bytree": -0.1485596498287044, "log10_eta": -1.9481718052425996, "log10_lambda": -4.251475518841533, "log10_min_child_weight": 0.06757548266682845, "log10_subsample": -0.6350613043690498, "max_depth": 7.0, "num_boost_round": 42.0}, "datetime": {"datetime": "2024-01-19 00:51:29", "elapsed": 2383.547901, "delta": 0.00296}}
{"target": -17.686775242646924, "params": {"gamma": 978.9769795747832, "log10_alpha": -1.9050443700607556, "log10_colsample_bytree": -0.1485596498287044, "log10_eta": -1.9481718052425996, "log10_lambda": -4.251475518841533, "log10_min_child_weight": 0.06757548266682845, "log10_subsample": -0.6350613043690498, "max_depth": 7.0, "num_boost_round": 43.0}, "datetime": {"datetime": "2024-01-19 00:51:29", "elapsed": 2383.550708, "delta": 0.002807}}
{"target": -17.677223569235267, "params": {"gamma": 941.6346186126295, "log10_alpha": -0.7017396905495623, "log10_colsample_bytree": -0.9730963067332734, "log10_eta": -3.553366306891026, "log10_lambda": -2.8861927172730137, "log10_min_child_weight": 0.07928576754196781, "log10_subsample": -0.026401294569189937, "max_depth": 2.0, "num_boost_round": 0.0}, "datetime": {"datetime": "2024-01-19 00:51:57", "elapsed": 2411.15367, "delta": 27.602962}}
{"target": -17.677212162782272, "params": {"gamma": 941.6346186126295, "log10_alpha": -0.7017396905495623, "log10_colsample_bytree": -0.9730963067332734, "log10_eta": -3.553366306891026, "log10_lambda": -2.8861927172730137, "log10_min_child_weight": 0.07928576754196781, "log10_subsample": -0.026401294569189937, "max_depth": 2.0, "num_boost_round": 1.0}, "datetime": {"datetime": "2024-01-19 00:51:57", "elapsed": 2411.157077, "delta": 0.003407}}
{"target": -17.677209132692212, "params": {"gamma": 941.6346186126295, "log10_alpha": -0.7017396905495623, "log10_colsample_bytree": -0.9730963067332734, "log10_eta": -3.553366306891026, "log10_lambda": -2.8861927172730137, "log10_min_child_weight": 0.07928576754196781, "log10_subsample": -0.026401294569189937, "max_depth": 2.0, "num_boost_round": 2.0}, "datetime": {"datetime": "2024-01-19 00:51:57", "elapsed": 2411.160103, "delta": 0.003026}}
{"target": -17.67720839672003, "params": {"gamma": 941.6346186126295, "log10_alpha": -0.7017396905495623, "log10_colsample_bytree": -0.9730963067332734, "log10_eta": -3.553366306891026, "log10_lambda": -2.8861927172730137, "log10_min_child_weight": 0.07928576754196781, "log10_subsample": -0.026401294569189937, "max_depth": 2.0, "num_boost_round": 3.0}, "datetime": {"datetime": "2024-01-19 00:51:57", "elapsed": 2411.163002, "delta": 0.002899}}
{"target": -17.6772034271451, "params": {"gamma": 941.6346186126295, "log10_alpha": -0.7017396905495623, "log10_colsample_bytree": -0.9730963067332734, "log10_eta": -3.553366306891026, "log10_lambda": -2.8861927172730137, "log10_min_child_weight": 0.07928576754196781, "log10_subsample": -0.026401294569189937, "max_depth": 2.0, "num_boost_round": 4.0}, "datetime": {"datetime": "2024-01-19 00:51:57", "elapsed": 2411.165889, "delta": 0.002887}}
{"target": -17.6772019647928, "params": {"gamma": 941.6346186126295, "log10_alpha": -0.7017396905495623, "log10_colsample_bytree": -0.9730963067332734, "log10_eta": -3.553366306891026, "log10_lambda": -2.8861927172730137, "log10_min_child_weight": 0.07928576754196781, "log10_subsample": -0.026401294569189937, "max_depth": 2.0, "num_boost_round": 5.0}, "datetime": {"datetime": "2024-01-19 00:51:57", "elapsed": 2411.168699, "delta": 0.00281}}
{"target": -17.677199230638223, "params": {"gamma": 941.6346186126295, "log10_alpha": -0.7017396905495623, "log10_colsample_bytree": -0.9730963067332734, "log10_eta": -3.553366306891026, "log10_lambda": -2.8861927172730137, "log10_min_child_weight": 0.07928576754196781, "log10_subsample": -0.026401294569189937, "max_depth": 2.0, "num_boost_round": 6.0}, "datetime": {"datetime": "2024-01-19 00:51:57", "elapsed": 2411.171514, "delta": 0.002815}}
{"target": -17.677192288483255, "params": {"gamma": 941.6346186126295, "log10_alpha": -0.7017396905495623, "log10_colsample_bytree": -0.9730963067332734, "log10_eta": -3.553366306891026, "log10_lambda": -2.8861927172730137, "log10_min_child_weight": 0.07928576754196781, "log10_subsample": -0.026401294569189937, "max_depth": 2.0, "num_boost_round": 7.0}, "datetime": {"datetime": "2024-01-19 00:51:57", "elapsed": 2411.174236, "delta": 0.002722}}
{"target": -17.677194567520093, "params": {"gamma": 941.6346186126295, "log10_alpha": -0.7017396905495623, "log10_colsample_bytree": -0.9730963067332734, "log10_eta": -3.553366306891026, "log10_lambda": -2.8861927172730137, "log10_min_child_weight": 0.07928576754196781, "log10_subsample": -0.026401294569189937, "max_depth": 2.0, "num_boost_round": 8.0}, "datetime": {"datetime": "2024-01-19 00:51:57", "elapsed": 2411.176991, "delta": 0.002755}}
{"target": -17.67719013795659, "params": {"gamma": 941.6346186126295, "log10_alpha": -0.7017396905495623, "log10_colsample_bytree": -0.9730963067332734, "log10_eta": -3.553366306891026, "log10_lambda": -2.8861927172730137, "log10_min_child_weight": 0.07928576754196781, "log10_subsample": -0.026401294569189937, "max_depth": 2.0, "num_boost_round": 9.0}, "datetime": {"datetime": "2024-01-19 00:51:57", "elapsed": 2411.179765, "delta": 0.002774}}
{"target": -17.67718340095578, "params": {"gamma": 941.6346186126295, "log10_alpha": -0.7017396905495623, "log10_colsample_bytree": -0.9730963067332734, "log10_eta": -3.553366306891026, "log10_lambda": -2.8861927172730137, "log10_min_child_weight": 0.07928576754196781, "log10_subsample": -0.026401294569189937, "max_depth": 2.0, "num_boost_round": 10.0}, "datetime": {"datetime": "2024-01-19 00:51:57", "elapsed": 2411.182496, "delta": 0.002731}}
{"target": -17.67717659973846, "params": {"gamma": 941.6346186126295, "log10_alpha": -0.7017396905495623, "log10_colsample_bytree": -0.9730963067332734, "log10_eta": -3.553366306891026, "log10_lambda": -2.8861927172730137, "log10_min_child_weight": 0.07928576754196781, "log10_subsample": -0.026401294569189937, "max_depth": 2.0, "num_boost_round": 11.0}, "datetime": {"datetime": "2024-01-19 00:51:57", "elapsed": 2411.185272, "delta": 0.002776}}
{"target": -17.67717172492199, "params": {"gamma": 941.6346186126295, "log10_alpha": -0.7017396905495623, "log10_colsample_bytree": -0.9730963067332734, "log10_eta": -3.553366306891026, "log10_lambda": -2.8861927172730137, "log10_min_child_weight": 0.07928576754196781, "log10_subsample": -0.026401294569189937, "max_depth": 2.0, "num_boost_round": 12.0}, "datetime": {"datetime": "2024-01-19 00:51:57", "elapsed": 2411.188055, "delta": 0.002783}}
{"target": -17.677168417755606, "params": {"gamma": 941.6346186126295, "log10_alpha": -0.7017396905495623, "log10_colsample_bytree": -0.9730963067332734, "log10_eta": -3.553366306891026, "log10_lambda": -2.8861927172730137, "log10_min_child_weight": 0.07928576754196781, "log10_subsample": -0.026401294569189937, "max_depth": 2.0, "num_boost_round": 13.0}, "datetime": {"datetime": "2024-01-19 00:51:57", "elapsed": 2411.190814, "delta": 0.002759}}
{"target": -17.677163962160186, "params": {"gamma": 941.6346186126295, "log10_alpha": -0.7017396905495623, "log10_colsample_bytree": -0.9730963067332734, "log10_eta": -3.553366306891026, "log10_lambda": -2.8861927172730137, "log10_min_child_weight": 0.07928576754196781, "log10_subsample": -0.026401294569189937, "max_depth": 2.0, "num_boost_round": 14.0}, "datetime": {"datetime": "2024-01-19 00:51:57", "elapsed": 2411.193601, "delta": 0.002787}}
{"target": -17.677155673604645, "params": {"gamma": 941.6346186126295, "log10_alpha": -0.7017396905495623, "log10_colsample_bytree": -0.9730963067332734, "log10_eta": -3.553366306891026, "log10_lambda": -2.8861927172730137, "log10_min_child_weight": 0.07928576754196781, "log10_subsample": -0.026401294569189937, "max_depth": 2.0, "num_boost_round": 15.0}, "datetime": {"datetime": "2024-01-19 00:51:57", "elapsed": 2411.196371, "delta": 0.00277}}
{"target": -17.677226677986237, "params": {"gamma": 979.0540575144224, "log10_alpha": -4.5219053235311595, "log10_colsample_bytree": -0.9638127009532793, "log10_eta": -3.366905039742402, "log10_lambda": -0.8417651073786425, "log10_min_child_weight": 4.632053214781488, "log10_subsample": -0.2635123578817026, "max_depth": 4.0, "num_boost_round": 0.0}, "datetime": {"datetime": "2024-01-19 00:52:31", "elapsed": 2444.96179, "delta": 33.765419}}
{"target": -17.677224180256434, "params": {"gamma": 979.0540575144224, "log10_alpha": -4.5219053235311595, "log10_colsample_bytree": -0.9638127009532793, "log10_eta": -3.366905039742402, "log10_lambda": -0.8417651073786425, "log10_min_child_weight": 4.632053214781488, "log10_subsample": -0.2635123578817026, "max_depth": 4.0, "num_boost_round": 1.0}, "datetime": {"datetime": "2024-01-19 00:52:31", "elapsed": 2444.965268, "delta": 0.003478}}
{"target": -17.677227094810647, "params": {"gamma": 979.0540575144224, "log10_alpha": -4.5219053235311595, "log10_colsample_bytree": -0.9638127009532793, "log10_eta": -3.366905039742402, "log10_lambda": -0.8417651073786425, "log10_min_child_weight": 4.632053214781488, "log10_subsample": -0.2635123578817026, "max_depth": 4.0, "num_boost_round": 2.0}, "datetime": {"datetime": "2024-01-19 00:52:31", "elapsed": 2444.968732, "delta": 0.003464}}
{"target": -17.677225003154028, "params": {"gamma": 979.0540575144224, "log10_alpha": -4.5219053235311595, "log10_colsample_bytree": -0.9638127009532793, "log10_eta": -3.366905039742402, "log10_lambda": -0.8417651073786425, "log10_min_child_weight": 4.632053214781488, "log10_subsample": -0.2635123578817026, "max_depth": 4.0, "num_boost_round": 3.0}, "datetime": {"datetime": "2024-01-19 00:52:31", "elapsed": 2444.971741, "delta": 0.003009}}
{"target": -17.677221627756424, "params": {"gamma": 979.0540575144224, "log10_alpha": -4.5219053235311595, "log10_colsample_bytree": -0.9638127009532793, "log10_eta": -3.366905039742402, "log10_lambda": -0.8417651073786425, "log10_min_child_weight": 4.632053214781488, "log10_subsample": -0.2635123578817026, "max_depth": 4.0, "num_boost_round": 4.0}, "datetime": {"datetime": "2024-01-19 00:52:31", "elapsed": 2444.974505, "delta": 0.002764}}
{"target": -17.677219785525587, "params": {"gamma": 979.0540575144224, "log10_alpha": -4.5219053235311595, "log10_colsample_bytree": -0.9638127009532793, "log10_eta": -3.366905039742402, "log10_lambda": -0.8417651073786425, "log10_min_child_weight": 4.632053214781488, "log10_subsample": -0.2635123578817026, "max_depth": 4.0, "num_boost_round": 5.0}, "datetime": {"datetime": "2024-01-19 00:52:31", "elapsed": 2444.977242, "delta": 0.002737}}
{"target": -17.677217258270833, "params": {"gamma": 979.0540575144224, "log10_alpha": -4.5219053235311595, "log10_colsample_bytree": -0.9638127009532793, "log10_eta": -3.366905039742402, "log10_lambda": -0.8417651073786425, "log10_min_child_weight": 4.632053214781488, "log10_subsample": -0.2635123578817026, "max_depth": 4.0, "num_boost_round": 6.0}, "datetime": {"datetime": "2024-01-19 00:52:31", "elapsed": 2444.979973, "delta": 0.002731}}
{"target": -17.677212104444425, "params": {"gamma": 979.0540575144224, "log10_alpha": -4.5219053235311595, "log10_colsample_bytree": -0.9638127009532793, "log10_eta": -3.366905039742402, "log10_lambda": -0.8417651073786425, "log10_min_child_weight": 4.632053214781488, "log10_subsample": -0.2635123578817026, "max_depth": 4.0, "num_boost_round": 7.0}, "datetime": {"datetime": "2024-01-19 00:52:31", "elapsed": 2444.98275, "delta": 0.002777}}
{"target": -17.677211401016013, "params": {"gamma": 979.0540575144224, "log10_alpha": -4.5219053235311595, "log10_colsample_bytree": -0.9638127009532793, "log10_eta": -3.366905039742402, "log10_lambda": -0.8417651073786425, "log10_min_child_weight": 4.632053214781488, "log10_subsample": -0.2635123578817026, "max_depth": 4.0, "num_boost_round": 8.0}, "datetime": {"datetime": "2024-01-19 00:52:31", "elapsed": 2444.985478, "delta": 0.002728}}
{"target": -17.67721027884555, "params": {"gamma": 979.0540575144224, "log10_alpha": -4.5219053235311595, "log10_colsample_bytree": -0.9638127009532793, "log10_eta": -3.366905039742402, "log10_lambda": -0.8417651073786425, "log10_min_child_weight": 4.632053214781488, "log10_subsample": -0.2635123578817026, "max_depth": 4.0, "num_boost_round": 9.0}, "datetime": {"datetime": "2024-01-19 00:52:31", "elapsed": 2444.988192, "delta": 0.002714}}
{"target": -17.67720799914845, "params": {"gamma": 979.0540575144224, "log10_alpha": -4.5219053235311595, "log10_colsample_bytree": -0.9638127009532793, "log10_eta": -3.366905039742402, "log10_lambda": -0.8417651073786425, "log10_min_child_weight": 4.632053214781488, "log10_subsample": -0.2635123578817026, "max_depth": 4.0, "num_boost_round": 10.0}, "datetime": {"datetime": "2024-01-19 00:52:31", "elapsed": 2444.991059, "delta": 0.002867}}
{"target": -17.677203886881063, "params": {"gamma": 979.0540575144224, "log10_alpha": -4.5219053235311595, "log10_colsample_bytree": -0.9638127009532793, "log10_eta": -3.366905039742402, "log10_lambda": -0.8417651073786425, "log10_min_child_weight": 4.632053214781488, "log10_subsample": -0.2635123578817026, "max_depth": 4.0, "num_boost_round": 11.0}, "datetime": {"datetime": "2024-01-19 00:52:31", "elapsed": 2444.993825, "delta": 0.002766}}
{"target": -17.677195257758186, "params": {"gamma": 979.0540575144224, "log10_alpha": -4.5219053235311595, "log10_colsample_bytree": -0.9638127009532793, "log10_eta": -3.366905039742402, "log10_lambda": -0.8417651073786425, "log10_min_child_weight": 4.632053214781488, "log10_subsample": -0.2635123578817026, "max_depth": 4.0, "num_boost_round": 12.0}, "datetime": {"datetime": "2024-01-19 00:52:31", "elapsed": 2444.996518, "delta": 0.002693}}
{"target": -17.677188271876837, "params": {"gamma": 979.0540575144224, "log10_alpha": -4.5219053235311595, "log10_colsample_bytree": -0.9638127009532793, "log10_eta": -3.366905039742402, "log10_lambda": -0.8417651073786425, "log10_min_child_weight": 4.632053214781488, "log10_subsample": -0.2635123578817026, "max_depth": 4.0, "num_boost_round": 13.0}, "datetime": {"datetime": "2024-01-19 00:52:31", "elapsed": 2444.9992, "delta": 0.002682}}
{"target": -17.67718656821751, "params": {"gamma": 979.0540575144224, "log10_alpha": -4.5219053235311595, "log10_colsample_bytree": -0.9638127009532793, "log10_eta": -3.366905039742402, "log10_lambda": -0.8417651073786425, "log10_min_child_weight": 4.632053214781488, "log10_subsample": -0.2635123578817026, "max_depth": 4.0, "num_boost_round": 14.0}, "datetime": {"datetime": "2024-01-19 00:52:31", "elapsed": 2445.001923, "delta": 0.002723}}
{"target": -17.677178527434936, "params": {"gamma": 979.0540575144224, "log10_alpha": -4.5219053235311595, "log10_colsample_bytree": -0.9638127009532793, "log10_eta": -3.366905039742402, "log10_lambda": -0.8417651073786425, "log10_min_child_weight": 4.632053214781488, "log10_subsample": -0.2635123578817026, "max_depth": 4.0, "num_boost_round": 15.0}, "datetime": {"datetime": "2024-01-19 00:52:31", "elapsed": 2445.004731, "delta": 0.002808}}
