{"target": -17.67722598408506, "params": {"gamma": 58.52094510180827, "log10_alpha": -1.884525002584157, "log10_colsample_bytree": -0.2821827333862137, "log10_eta": -3.8108164437927297, "log10_lambda": -0.04171995274917695, "log10_min_child_weight": 0.5357883537064584, "log10_subsample": -0.2731811765277685, "max_depth": 3.0, "num_boost_round": 0.0}, "datetime": {"datetime": "2024-01-19 01:14:46", "elapsed": 3840.238549, "delta": 40.534339}}
{"target": -17.677215880401032, "params": {"gamma": 58.52094510180827, "log10_alpha": -1.884525002584157, "log10_colsample_bytree": -0.2821827333862137, "log10_eta": -3.8108164437927297, "log10_lambda": -0.04171995274917695, "log10_min_child_weight": 0.5357883537064584, "log10_subsample": -0.2731811765277685, "max_depth": 3.0, "num_boost_round": 1.0}, "datetime": {"datetime": "2024-01-19 01:14:46", "elapsed": 3840.243112, "delta": 0.004563}}
{"target": -17.677210357537852, "params": {"gamma": 58.52094510180827, "log10_alpha": -1.884525002584157, "log10_colsample_bytree": -0.2821827333862137, "log10_eta": -3.8108164437927297, "log10_lambda": -0.04171995274917695, "log10_min_child_weight": 0.5357883537064584, "log10_subsample": -0.2731811765277685, "max_depth": 3.0, "num_boost_round": 2.0}, "datetime": {"datetime": "2024-01-19 01:14:46", "elapsed": 3840.246817, "delta": 0.003705}}
{"target": -17.677204586588285, "params": {"gamma": 58.52094510180827, "log10_alpha": -1.884525002584157, "log10_colsample_bytree": -0.2821827333862137, "log10_eta": -3.8108164437927297, "log10_lambda": -0.04171995274917695, "log10_min_child_weight": 0.5357883537064584, "log10_subsample": -0.2731811765277685, "max_depth": 3.0, "num_boost_round": 3.0}, "datetime": {"datetime": "2024-01-19 01:14:46", "elapsed": 3840.250362, "delta": 0.003545}}
{"target": -17.677195397858494, "params": {"gamma": 58.52094510180827, "log10_alpha": -1.884525002584157, "log10_colsample_bytree": -0.2821827333862137, "log10_eta": -3.8108164437927297, "log10_lambda": -0.04171995274917695, "log10_min_child_weight": 0.5357883537064584, "log10_subsample": -0.2731811765277685, "max_depth": 3.0, "num_boost_round": 4.0}, "datetime": {"datetime": "2024-01-19 01:14:46", "elapsed": 3840.25433, "delta": 0.003968}}
{"target": -17.6771922891954, "params": {"gamma": 58.52094510180827, "log10_alpha": -1.884525002584157, "log10_colsample_bytree": -0.2821827333862137, "log10_eta": -3.8108164437927297, "log10_lambda": -0.04171995274917695, "log10_min_child_weight": 0.5357883537064584, "log10_subsample": -0.2731811765277685, "max_depth": 3.0, "num_boost_round": 5.0}, "datetime": {"datetime": "2024-01-19 01:14:46", "elapsed": 3840.258387, "delta": 0.004057}}
{"target": -17.677184558571657, "params": {"gamma": 58.52094510180827, "log10_alpha": -1.884525002584157, "log10_colsample_bytree": -0.2821827333862137, "log10_eta": -3.8108164437927297, "log10_lambda": -0.04171995274917695, "log10_min_child_weight": 0.5357883537064584, "log10_subsample": -0.2731811765277685, "max_depth": 3.0, "num_boost_round": 6.0}, "datetime": {"datetime": "2024-01-19 01:14:46", "elapsed": 3840.262186, "delta": 0.003799}}
{"target": -17.67717901456472, "params": {"gamma": 58.52094510180827, "log10_alpha": -1.884525002584157, "log10_colsample_bytree": -0.2821827333862137, "log10_eta": -3.8108164437927297, "log10_lambda": -0.04171995274917695, "log10_min_child_weight": 0.5357883537064584, "log10_subsample": -0.2731811765277685, "max_depth": 3.0, "num_boost_round": 7.0}, "datetime": {"datetime": "2024-01-19 01:14:46", "elapsed": 3840.268599, "delta": 0.006413}}
{"target": -17.67717308452429, "params": {"gamma": 58.52094510180827, "log10_alpha": -1.884525002584157, "log10_colsample_bytree": -0.2821827333862137, "log10_eta": -3.8108164437927297, "log10_lambda": -0.04171995274917695, "log10_min_child_weight": 0.5357883537064584, "log10_subsample": -0.2731811765277685, "max_depth": 3.0, "num_boost_round": 8.0}, "datetime": {"datetime": "2024-01-19 01:14:46", "elapsed": 3840.273384, "delta": 0.004785}}
{"target": -17.67716790085782, "params": {"gamma": 58.52094510180827, "log10_alpha": -1.884525002584157, "log10_colsample_bytree": -0.2821827333862137, "log10_eta": -3.8108164437927297, "log10_lambda": -0.04171995274917695, "log10_min_child_weight": 0.5357883537064584, "log10_subsample": -0.2731811765277685, "max_depth": 3.0, "num_boost_round": 9.0}, "datetime": {"datetime": "2024-01-19 01:14:46", "elapsed": 3840.278199, "delta": 0.004815}}
{"target": -17.677163004321272, "params": {"gamma": 58.52094510180827, "log10_alpha": -1.884525002584157, "log10_colsample_bytree": -0.2821827333862137, "log10_eta": -3.8108164437927297, "log10_lambda": -0.04171995274917695, "log10_min_child_weight": 0.5357883537064584, "log10_subsample": -0.2731811765277685, "max_depth": 3.0, "num_boost_round": 10.0}, "datetime": {"datetime": "2024-01-19 01:14:46", "elapsed": 3840.281852, "delta": 0.003653}}
{"target": -17.677155190822514, "params": {"gamma": 58.52094510180827, "log10_alpha": -1.884525002584157, "log10_colsample_bytree": -0.2821827333862137, "log10_eta": -3.8108164437927297, "log10_lambda": -0.04171995274917695, "log10_min_child_weight": 0.5357883537064584, "log10_subsample": -0.2731811765277685, "max_depth": 3.0, "num_boost_round": 11.0}, "datetime": {"datetime": "2024-01-19 01:14:46", "elapsed": 3840.285231, "delta": 0.003379}}
{"target": -17.677149898872948, "params": {"gamma": 58.52094510180827, "log10_alpha": -1.884525002584157, "log10_colsample_bytree": -0.2821827333862137, "log10_eta": -3.8108164437927297, "log10_lambda": -0.04171995274917695, "log10_min_child_weight": 0.5357883537064584, "log10_subsample": -0.2731811765277685, "max_depth": 3.0, "num_boost_round": 12.0}, "datetime": {"datetime": "2024-01-19 01:14:46", "elapsed": 3840.288704, "delta": 0.003473}}
{"target": -17.67714500448272, "params": {"gamma": 58.52094510180827, "log10_alpha": -1.884525002584157, "log10_colsample_bytree": -0.2821827333862137, "log10_eta": -3.8108164437927297, "log10_lambda": -0.04171995274917695, "log10_min_child_weight": 0.5357883537064584, "log10_subsample": -0.2731811765277685, "max_depth": 3.0, "num_boost_round": 13.0}, "datetime": {"datetime": "2024-01-19 01:14:46", "elapsed": 3840.292196, "delta": 0.003492}}
{"target": -17.67714262560847, "params": {"gamma": 58.52094510180827, "log10_alpha": -1.884525002584157, "log10_colsample_bytree": -0.2821827333862137, "log10_eta": -3.8108164437927297, "log10_lambda": -0.04171995274917695, "log10_min_child_weight": 0.5357883537064584, "log10_subsample": -0.2731811765277685, "max_depth": 3.0, "num_boost_round": 14.0}, "datetime": {"datetime": "2024-01-19 01:14:46", "elapsed": 3840.295582, "delta": 0.003386}}
{"target": -17.677231404391854, "params": {"gamma": 47.605001754342894, "log10_alpha": 1.0, "log10_colsample_bytree": 0.0, "log10_eta": -4.0, "log10_lambda": -2.243060125557599, "log10_min_child_weight": 2.2235836814876264, "log10_subsample": -0.6071786013610285, "max_depth": 9.0, "num_boost_round": 0.0}, "datetime": {"datetime": "2024-01-19 01:15:26", "elapsed": 3879.943803, "delta": 39.648221}}
{"target": -17.677225443114537, "params": {"gamma": 47.605001754342894, "log10_alpha": 1.0, "log10_colsample_bytree": 0.0, "log10_eta": -4.0, "log10_lambda": -2.243060125557599, "log10_min_child_weight": 2.2235836814876264, "log10_subsample": -0.6071786013610285, "max_depth": 9.0, "num_boost_round": 1.0}, "datetime": {"datetime": "2024-01-19 01:15:26", "elapsed": 3879.947717, "delta": 0.003914}}
{"target": -17.677221443408865, "params": {"gamma": 47.605001754342894, "log10_alpha": 1.0, "log10_colsample_bytree": 0.0, "log10_eta": -4.0, "log10_lambda": -2.243060125557599, "log10_min_child_weight": 2.2235836814876264, "log10_subsample": -0.6071786013610285, "max_depth": 9.0, "num_boost_round": 2.0}, "datetime": {"datetime": "2024-01-19 01:15:26", "elapsed": 3879.951201, "delta": 0.003484}}
{"target": -17.677218596858445, "params": {"gamma": 47.605001754342894, "log10_alpha": 1.0, "log10_colsample_bytree": 0.0, "log10_eta": -4.0, "log10_lambda": -2.243060125557599, "log10_min_child_weight": 2.2235836814876264, "log10_subsample": -0.6071786013610285, "max_depth": 9.0, "num_boost_round": 3.0}, "datetime": {"datetime": "2024-01-19 01:15:26", "elapsed": 3879.954638, "delta": 0.003437}}
{"target": -17.67721290576542, "params": {"gamma": 47.605001754342894, "log10_alpha": 1.0, "log10_colsample_bytree": 0.0, "log10_eta": -4.0, "log10_lambda": -2.243060125557599, "log10_min_child_weight": 2.2235836814876264, "log10_subsample": -0.6071786013610285, "max_depth": 9.0, "num_boost_round": 4.0}, "datetime": {"datetime": "2024-01-19 01:15:26", "elapsed": 3879.958047, "delta": 0.003409}}
{"target": -17.6772125745297, "params": {"gamma": 47.605001754342894, "log10_alpha": 1.0, "log10_colsample_bytree": 0.0, "log10_eta": -4.0, "log10_lambda": -2.243060125557599, "log10_min_child_weight": 2.2235836814876264, "log10_subsample": -0.6071786013610285, "max_depth": 9.0, "num_boost_round": 5.0}, "datetime": {"datetime": "2024-01-19 01:15:26", "elapsed": 3879.961497, "delta": 0.00345}}
{"target": -17.677203369287387, "params": {"gamma": 47.605001754342894, "log10_alpha": 1.0, "log10_colsample_bytree": 0.0, "log10_eta": -4.0, "log10_lambda": -2.243060125557599, "log10_min_child_weight": 2.2235836814876264, "log10_subsample": -0.6071786013610285, "max_depth": 9.0, "num_boost_round": 6.0}, "datetime": {"datetime": "2024-01-19 01:15:26", "elapsed": 3879.964855, "delta": 0.003358}}
{"target": -17.677201303117528, "params": {"gamma": 47.605001754342894, "log10_alpha": 1.0, "log10_colsample_bytree": 0.0, "log10_eta": -4.0, "log10_lambda": -2.243060125557599, "log10_min_child_weight": 2.2235836814876264, "log10_subsample": -0.6071786013610285, "max_depth": 9.0, "num_boost_round": 7.0}, "datetime": {"datetime": "2024-01-19 01:15:26", "elapsed": 3879.968367, "delta": 0.003512}}
{"target": -17.67720527207342, "params": {"gamma": 47.605001754342894, "log10_alpha": 1.0, "log10_colsample_bytree": 0.0, "log10_eta": -4.0, "log10_lambda": -2.243060125557599, "log10_min_child_weight": 2.2235836814876264, "log10_subsample": -0.6071786013610285, "max_depth": 9.0, "num_boost_round": 8.0}, "datetime": {"datetime": "2024-01-19 01:15:26", "elapsed": 3879.971977, "delta": 0.00361}}
{"target": -17.677196712162935, "params": {"gamma": 47.605001754342894, "log10_alpha": 1.0, "log10_colsample_bytree": 0.0, "log10_eta": -4.0, "log10_lambda": -2.243060125557599, "log10_min_child_weight": 2.2235836814876264, "log10_subsample": -0.6071786013610285, "max_depth": 9.0, "num_boost_round": 9.0}, "datetime": {"datetime": "2024-01-19 01:15:26", "elapsed": 3879.975398, "delta": 0.003421}}
{"target": -17.677194325881718, "params": {"gamma": 47.605001754342894, "log10_alpha": 1.0, "log10_colsample_bytree": 0.0, "log10_eta": -4.0, "log10_lambda": -2.243060125557599, "log10_min_child_weight": 2.2235836814876264, "log10_subsample": -0.6071786013610285, "max_depth": 9.0, "num_boost_round": 10.0}, "datetime": {"datetime": "2024-01-19 01:15:26", "elapsed": 3879.97878, "delta": 0.003382}}
{"target": -17.677190917540038, "params": {"gamma": 47.605001754342894, "log10_alpha": 1.0, "log10_colsample_bytree": 0.0, "log10_eta": -4.0, "log10_lambda": -2.243060125557599, "log10_min_child_weight": 2.2235836814876264, "log10_subsample": -0.6071786013610285, "max_depth": 9.0, "num_boost_round": 11.0}, "datetime": {"datetime": "2024-01-19 01:15:26", "elapsed": 3879.982203, "delta": 0.003423}}
{"target": -17.677183464600773, "params": {"gamma": 47.605001754342894, "log10_alpha": 1.0, "log10_colsample_bytree": 0.0, "log10_eta": -4.0, "log10_lambda": -2.243060125557599, "log10_min_child_weight": 2.2235836814876264, "log10_subsample": -0.6071786013610285, "max_depth": 9.0, "num_boost_round": 12.0}, "datetime": {"datetime": "2024-01-19 01:15:26", "elapsed": 3879.985618, "delta": 0.003415}}
{"target": -17.67722431802386, "params": {"gamma": 47.68732162460352, "log10_alpha": 1.0, "log10_colsample_bytree": 0.0, "log10_eta": -3.8242240627266315, "log10_lambda": -3.006917383623075, "log10_min_child_weight": 2.3856946947839512, "log10_subsample": -0.6816261787299295, "max_depth": 10.0, "num_boost_round": 0.0}, "datetime": {"datetime": "2024-01-19 01:16:19", "elapsed": 3933.286627, "delta": 53.301009}}
{"target": -17.677218135715616, "params": {"gamma": 47.68732162460352, "log10_alpha": 1.0, "log10_colsample_bytree": 0.0, "log10_eta": -3.8242240627266315, "log10_lambda": -3.006917383623075, "log10_min_child_weight": 2.3856946947839512, "log10_subsample": -0.6816261787299295, "max_depth": 10.0, "num_boost_round": 1.0}, "datetime": {"datetime": "2024-01-19 01:16:19", "elapsed": 3933.291522, "delta": 0.004895}}
{"target": -17.67721156183128, "params": {"gamma": 47.68732162460352, "log10_alpha": 1.0, "log10_colsample_bytree": 0.0, "log10_eta": -3.8242240627266315, "log10_lambda": -3.006917383623075, "log10_min_child_weight": 2.3856946947839512, "log10_subsample": -0.6816261787299295, "max_depth": 10.0, "num_boost_round": 2.0}, "datetime": {"datetime": "2024-01-19 01:16:19", "elapsed": 3933.295222, "delta": 0.0037}}
{"target": -17.67720157486775, "params": {"gamma": 47.68732162460352, "log10_alpha": 1.0, "log10_colsample_bytree": 0.0, "log10_eta": -3.8242240627266315, "log10_lambda": -3.006917383623075, "log10_min_child_weight": 2.3856946947839512, "log10_subsample": -0.6816261787299295, "max_depth": 10.0, "num_boost_round": 3.0}, "datetime": {"datetime": "2024-01-19 01:16:19", "elapsed": 3933.298687, "delta": 0.003465}}
{"target": -17.677191396901733, "params": {"gamma": 47.68732162460352, "log10_alpha": 1.0, "log10_colsample_bytree": 0.0, "log10_eta": -3.8242240627266315, "log10_lambda": -3.006917383623075, "log10_min_child_weight": 2.3856946947839512, "log10_subsample": -0.6816261787299295, "max_depth": 10.0, "num_boost_round": 4.0}, "datetime": {"datetime": "2024-01-19 01:16:19", "elapsed": 3933.302149, "delta": 0.003462}}
{"target": -17.67718641154613, "params": {"gamma": 47.68732162460352, "log10_alpha": 1.0, "log10_colsample_bytree": 0.0, "log10_eta": -3.8242240627266315, "log10_lambda": -3.006917383623075, "log10_min_child_weight": 2.3856946947839512, "log10_subsample": -0.6816261787299295, "max_depth": 10.0, "num_boost_round": 5.0}, "datetime": {"datetime": "2024-01-19 01:16:19", "elapsed": 3933.305848, "delta": 0.003699}}
{"target": -17.677177464576893, "params": {"gamma": 47.68732162460352, "log10_alpha": 1.0, "log10_colsample_bytree": 0.0, "log10_eta": -3.8242240627266315, "log10_lambda": -3.006917383623075, "log10_min_child_weight": 2.3856946947839512, "log10_subsample": -0.6816261787299295, "max_depth": 10.0, "num_boost_round": 6.0}, "datetime": {"datetime": "2024-01-19 01:16:19", "elapsed": 3933.309444, "delta": 0.003596}}
{"target": -17.677170792828232, "params": {"gamma": 47.68732162460352, "log10_alpha": 1.0, "log10_colsample_bytree": 0.0, "log10_eta": -3.8242240627266315, "log10_lambda": -3.006917383623075, "log10_min_child_weight": 2.3856946947839512, "log10_subsample": -0.6816261787299295, "max_depth": 10.0, "num_boost_round": 7.0}, "datetime": {"datetime": "2024-01-19 01:16:19", "elapsed": 3933.312974, "delta": 0.00353}}
{"target": -17.677172963463452, "params": {"gamma": 47.68732162460352, "log10_alpha": 1.0, "log10_colsample_bytree": 0.0, "log10_eta": -3.8242240627266315, "log10_lambda": -3.006917383623075, "log10_min_child_weight": 2.3856946947839512, "log10_subsample": -0.6816261787299295, "max_depth": 10.0, "num_boost_round": 8.0}, "datetime": {"datetime": "2024-01-19 01:16:19", "elapsed": 3933.316576, "delta": 0.003602}}
{"target": -17.677165259101127, "params": {"gamma": 47.68732162460352, "log10_alpha": 1.0, "log10_colsample_bytree": 0.0, "log10_eta": -3.8242240627266315, "log10_lambda": -3.006917383623075, "log10_min_child_weight": 2.3856946947839512, "log10_subsample": -0.6816261787299295, "max_depth": 10.0, "num_boost_round": 9.0}, "datetime": {"datetime": "2024-01-19 01:16:19", "elapsed": 3933.31999, "delta": 0.003414}}
{"target": -17.677156164251144, "params": {"gamma": 47.68732162460352, "log10_alpha": 1.0, "log10_colsample_bytree": 0.0, "log10_eta": -3.8242240627266315, "log10_lambda": -3.006917383623075, "log10_min_child_weight": 2.3856946947839512, "log10_subsample": -0.6816261787299295, "max_depth": 10.0, "num_boost_round": 10.0}, "datetime": {"datetime": "2024-01-19 01:16:19", "elapsed": 3933.323364, "delta": 0.003374}}
{"target": -17.67714895289894, "params": {"gamma": 47.68732162460352, "log10_alpha": 1.0, "log10_colsample_bytree": 0.0, "log10_eta": -3.8242240627266315, "log10_lambda": -3.006917383623075, "log10_min_child_weight": 2.3856946947839512, "log10_subsample": -0.6816261787299295, "max_depth": 10.0, "num_boost_round": 11.0}, "datetime": {"datetime": "2024-01-19 01:16:19", "elapsed": 3933.32674, "delta": 0.003376}}
{"target": -17.677138456219645, "params": {"gamma": 47.68732162460352, "log10_alpha": 1.0, "log10_colsample_bytree": 0.0, "log10_eta": -3.8242240627266315, "log10_lambda": -3.006917383623075, "log10_min_child_weight": 2.3856946947839512, "log10_subsample": -0.6816261787299295, "max_depth": 10.0, "num_boost_round": 12.0}, "datetime": {"datetime": "2024-01-19 01:16:19", "elapsed": 3933.330237, "delta": 0.003497}}
{"target": -17.67713422389708, "params": {"gamma": 47.68732162460352, "log10_alpha": 1.0, "log10_colsample_bytree": 0.0, "log10_eta": -3.8242240627266315, "log10_lambda": -3.006917383623075, "log10_min_child_weight": 2.3856946947839512, "log10_subsample": -0.6816261787299295, "max_depth": 10.0, "num_boost_round": 13.0}, "datetime": {"datetime": "2024-01-19 01:16:19", "elapsed": 3933.333741, "delta": 0.003504}}
{"target": -17.67713351108132, "params": {"gamma": 47.68732162460352, "log10_alpha": 1.0, "log10_colsample_bytree": 0.0, "log10_eta": -3.8242240627266315, "log10_lambda": -3.006917383623075, "log10_min_child_weight": 2.3856946947839512, "log10_subsample": -0.6816261787299295, "max_depth": 10.0, "num_boost_round": 14.0}, "datetime": {"datetime": "2024-01-19 01:16:19", "elapsed": 3933.337202, "delta": 0.003461}}
{"target": -17.67713233643613, "params": {"gamma": 47.68732162460352, "log10_alpha": 1.0, "log10_colsample_bytree": 0.0, "log10_eta": -3.8242240627266315, "log10_lambda": -3.006917383623075, "log10_min_child_weight": 2.3856946947839512, "log10_subsample": -0.6816261787299295, "max_depth": 10.0, "num_boost_round": 15.0}, "datetime": {"datetime": "2024-01-19 01:16:19", "elapsed": 3933.340692, "delta": 0.00349}}
{"target": -17.676977334689898, "params": {"gamma": 46.01202123644654, "log10_alpha": 0.966291177831101, "log10_colsample_bytree": -0.11534455747719485, "log10_eta": -2.508389345806617, "log10_lambda": -0.16930550753507578, "log10_min_child_weight": 2.944399853921629, "log10_subsample": -0.9044542160583098, "max_depth": 7.0, "num_boost_round": 0.0}, "datetime": {"datetime": "2024-01-19 01:16:57", "elapsed": 3971.193413, "delta": 37.852721}}
{"target": -17.676813109141623, "params": {"gamma": 46.01202123644654, "log10_alpha": 0.966291177831101, "log10_colsample_bytree": -0.11534455747719485, "log10_eta": -2.508389345806617, "log10_lambda": -0.16930550753507578, "log10_min_child_weight": 2.944399853921629, "log10_subsample": -0.9044542160583098, "max_depth": 7.0, "num_boost_round": 1.0}, "datetime": {"datetime": "2024-01-19 01:16:57", "elapsed": 3971.197742, "delta": 0.004329}}
{"target": -17.676820410667855, "params": {"gamma": 46.01202123644654, "log10_alpha": 0.966291177831101, "log10_colsample_bytree": -0.11534455747719485, "log10_eta": -2.508389345806617, "log10_lambda": -0.16930550753507578, "log10_min_child_weight": 2.944399853921629, "log10_subsample": -0.9044542160583098, "max_depth": 7.0, "num_boost_round": 2.0}, "datetime": {"datetime": "2024-01-19 01:16:57", "elapsed": 3971.201315, "delta": 0.003573}}
{"target": -17.676811004250574, "params": {"gamma": 46.01202123644654, "log10_alpha": 0.966291177831101, "log10_colsample_bytree": -0.11534455747719485, "log10_eta": -2.508389345806617, "log10_lambda": -0.16930550753507578, "log10_min_child_weight": 2.944399853921629, "log10_subsample": -0.9044542160583098, "max_depth": 7.0, "num_boost_round": 3.0}, "datetime": {"datetime": "2024-01-19 01:16:57", "elapsed": 3971.204774, "delta": 0.003459}}
{"target": -17.67669136178124, "params": {"gamma": 46.01202123644654, "log10_alpha": 0.966291177831101, "log10_colsample_bytree": -0.11534455747719485, "log10_eta": -2.508389345806617, "log10_lambda": -0.16930550753507578, "log10_min_child_weight": 2.944399853921629, "log10_subsample": -0.9044542160583098, "max_depth": 7.0, "num_boost_round": 4.0}, "datetime": {"datetime": "2024-01-19 01:16:57", "elapsed": 3971.208515, "delta": 0.003741}}
{"target": -17.676681275470543, "params": {"gamma": 46.01202123644654, "log10_alpha": 0.966291177831101, "log10_colsample_bytree": -0.11534455747719485, "log10_eta": -2.508389345806617, "log10_lambda": -0.16930550753507578, "log10_min_child_weight": 2.944399853921629, "log10_subsample": -0.9044542160583098, "max_depth": 7.0, "num_boost_round": 5.0}, "datetime": {"datetime": "2024-01-19 01:16:57", "elapsed": 3971.212121, "delta": 0.003606}}
{"target": -17.676702170231945, "params": {"gamma": 46.01202123644654, "log10_alpha": 0.966291177831101, "log10_colsample_bytree": -0.11534455747719485, "log10_eta": -2.508389345806617, "log10_lambda": -0.16930550753507578, "log10_min_child_weight": 2.944399853921629, "log10_subsample": -0.9044542160583098, "max_depth": 7.0, "num_boost_round": 6.0}, "datetime": {"datetime": "2024-01-19 01:16:57", "elapsed": 3971.215771, "delta": 0.00365}}
