{"target": -17.673328082864817, "params": {"gamma": 864.4664713449552, "log10_alpha": -1.6434885763382336, "log10_colsample_bytree": -0.647543427643939, "log10_eta": -2.366471891505504, "log10_lambda": 0.6242348673435814, "log10_min_child_weight": 0.16765577023975076, "log10_subsample": -0.27852230833729286, "max_depth": 9.0, "num_boost_round": 27.0}, "datetime": {"datetime": "2024-01-19 01:22:21", "elapsed": 4222.374638, "delta": 0.004338}}
{"target": -17.673035499886954, "params": {"gamma": 864.4664713449552, "log10_alpha": -1.6434885763382336, "log10_colsample_bytree": -0.647543427643939, "log10_eta": -2.366471891505504, "log10_lambda": 0.6242348673435814, "log10_min_child_weight": 0.16765577023975076, "log10_subsample": -0.27852230833729286, "max_depth": 9.0, "num_boost_round": 28.0}, "datetime": {"datetime": "2024-01-19 01:22:21", "elapsed": 4222.379124, "delta": 0.004486}}
{"target": -17.67275416709089, "params": {"gamma": 864.4664713449552, "log10_alpha": -1.6434885763382336, "log10_colsample_bytree": -0.647543427643939, "log10_eta": -2.366471891505504, "log10_lambda": 0.6242348673435814, "log10_min_child_weight": 0.16765577023975076, "log10_subsample": -0.27852230833729286, "max_depth": 9.0, "num_boost_round": 29.0}, "datetime": {"datetime": "2024-01-19 01:22:21", "elapsed": 4222.383645, "delta": 0.004521}}
{"target": -17.672815711901393, "params": {"gamma": 864.4664713449552, "log10_alpha": -1.6434885763382336, "log10_colsample_bytree": -0.647543427643939, "log10_eta": -2.366471891505504, "log10_lambda": 0.6242348673435814, "log10_min_child_weight": 0.16765577023975076, "log10_subsample": -0.27852230833729286, "max_depth": 9.0, "num_boost_round": 30.0}, "datetime": {"datetime": "2024-01-19 01:22:21", "elapsed": 4222.387993, "delta": 0.004348}}
{"target": -17.67258797219047, "params": {"gamma": 864.4664713449552, "log10_alpha": -1.6434885763382336, "log10_colsample_bytree": -0.647543427643939, "log10_eta": -2.366471891505504, "log10_lambda": 0.6242348673435814, "log10_min_child_weight": 0.16765577023975076, "log10_subsample": -0.27852230833729286, "max_depth": 9.0, "num_boost_round": 31.0}, "datetime": {"datetime": "2024-01-19 01:22:21", "elapsed": 4222.392401, "delta": 0.004408}}
{"target": -17.672555017129994, "params": {"gamma": 864.4664713449552, "log10_alpha": -1.6434885763382336, "log10_colsample_bytree": -0.647543427643939, "log10_eta": -2.366471891505504, "log10_lambda": 0.6242348673435814, "log10_min_child_weight": 0.16765577023975076, "log10_subsample": -0.27852230833729286, "max_depth": 9.0, "num_boost_round": 32.0}, "datetime": {"datetime": "2024-01-19 01:22:21", "elapsed": 4222.396902, "delta": 0.004501}}
{"target": -17.672268445775412, "params": {"gamma": 864.4664713449552, "log10_alpha": -1.6434885763382336, "log10_colsample_bytree": -0.647543427643939, "log10_eta": -2.366471891505504, "log10_lambda": 0.6242348673435814, "log10_min_child_weight": 0.16765577023975076, "log10_subsample": -0.27852230833729286, "max_depth": 9.0, "num_boost_round": 33.0}, "datetime": {"datetime": "2024-01-19 01:22:21", "elapsed": 4222.402118, "delta": 0.005216}}
{"target": -17.672087939582312, "params": {"gamma": 864.4664713449552, "log10_alpha": -1.6434885763382336, "log10_colsample_bytree": -0.647543427643939, "log10_eta": -2.366471891505504, "log10_lambda": 0.6242348673435814, "log10_min_child_weight": 0.16765577023975076, "log10_subsample": -0.27852230833729286, "max_depth": 9.0, "num_boost_round": 34.0}, "datetime": {"datetime": "2024-01-19 01:22:21", "elapsed": 4222.406814, "delta": 0.004696}}
{"target": -17.672071339264157, "params": {"gamma": 864.4664713449552, "log10_alpha": -1.6434885763382336, "log10_colsample_bytree": -0.647543427643939, "log10_eta": -2.366471891505504, "log10_lambda": 0.6242348673435814, "log10_min_child_weight": 0.16765577023975076, "log10_subsample": -0.27852230833729286, "max_depth": 9.0, "num_boost_round": 35.0}, "datetime": {"datetime": "2024-01-19 01:22:21", "elapsed": 4222.411482, "delta": 0.004668}}
{"target": -17.672162869971196, "params": {"gamma": 864.4664713449552, "log10_alpha": -1.6434885763382336, "log10_colsample_bytree": -0.647543427643939, "log10_eta": -2.366471891505504, "log10_lambda": 0.6242348673435814, "log10_min_child_weight": 0.16765577023975076, "log10_subsample": -0.27852230833729286, "max_depth": 9.0, "num_boost_round": 36.0}, "datetime": {"datetime": "2024-01-19 01:22:21", "elapsed": 4222.415839, "delta": 0.004357}}
{"target": -17.67203130208499, "params": {"gamma": 864.4664713449552, "log10_alpha": -1.6434885763382336, "log10_colsample_bytree": -0.647543427643939, "log10_eta": -2.366471891505504, "log10_lambda": 0.6242348673435814, "log10_min_child_weight": 0.16765577023975076, "log10_subsample": -0.27852230833729286, "max_depth": 9.0, "num_boost_round": 37.0}, "datetime": {"datetime": "2024-01-19 01:22:21", "elapsed": 4222.420276, "delta": 0.004437}}
{"target": -17.671921225316925, "params": {"gamma": 864.4664713449552, "log10_alpha": -1.6434885763382336, "log10_colsample_bytree": -0.647543427643939, "log10_eta": -2.366471891505504, "log10_lambda": 0.6242348673435814, "log10_min_child_weight": 0.16765577023975076, "log10_subsample": -0.27852230833729286, "max_depth": 9.0, "num_boost_round": 38.0}, "datetime": {"datetime": "2024-01-19 01:22:21", "elapsed": 4222.424767, "delta": 0.004491}}
{"target": -17.672024501943138, "params": {"gamma": 864.4664713449552, "log10_alpha": -1.6434885763382336, "log10_colsample_bytree": -0.647543427643939, "log10_eta": -2.366471891505504, "log10_lambda": 0.6242348673435814, "log10_min_child_weight": 0.16765577023975076, "log10_subsample": -0.27852230833729286, "max_depth": 9.0, "num_boost_round": 39.0}, "datetime": {"datetime": "2024-01-19 01:22:21", "elapsed": 4222.429157, "delta": 0.00439}}
{"target": -17.672408901178752, "params": {"gamma": 864.4664713449552, "log10_alpha": -1.6434885763382336, "log10_colsample_bytree": -0.647543427643939, "log10_eta": -2.366471891505504, "log10_lambda": 0.6242348673435814, "log10_min_child_weight": 0.16765577023975076, "log10_subsample": -0.27852230833729286, "max_depth": 9.0, "num_boost_round": 40.0}, "datetime": {"datetime": "2024-01-19 01:22:21", "elapsed": 4222.433638, "delta": 0.004481}}
{"target": -17.672373898679062, "params": {"gamma": 864.4664713449552, "log10_alpha": -1.6434885763382336, "log10_colsample_bytree": -0.647543427643939, "log10_eta": -2.366471891505504, "log10_lambda": 0.6242348673435814, "log10_min_child_weight": 0.16765577023975076, "log10_subsample": -0.27852230833729286, "max_depth": 9.0, "num_boost_round": 41.0}, "datetime": {"datetime": "2024-01-19 01:22:21", "elapsed": 4222.438244, "delta": 0.004606}}
{"target": -17.67209779618645, "params": {"gamma": 864.4664713449552, "log10_alpha": -1.6434885763382336, "log10_colsample_bytree": -0.647543427643939, "log10_eta": -2.366471891505504, "log10_lambda": 0.6242348673435814, "log10_min_child_weight": 0.16765577023975076, "log10_subsample": -0.27852230833729286, "max_depth": 9.0, "num_boost_round": 42.0}, "datetime": {"datetime": "2024-01-19 01:22:21", "elapsed": 4222.442622, "delta": 0.004378}}
{"target": -17.67723182924814, "params": {"gamma": 867.9757337055468, "log10_alpha": -1.4146945932408803, "log10_colsample_bytree": -0.20955598967587863, "log10_eta": -3.463526715580654, "log10_lambda": -0.8539656379006946, "log10_min_child_weight": 4.116610934001809, "log10_subsample": -0.6745577189905477, "max_depth": 8.0, "num_boost_round": 0.0}, "datetime": {"datetime": "2024-01-19 01:23:51", "elapsed": 4311.752233, "delta": 89.309611}}
{"target": -17.677227144806913, "params": {"gamma": 867.9757337055468, "log10_alpha": -1.4146945932408803, "log10_colsample_bytree": -0.20955598967587863, "log10_eta": -3.463526715580654, "log10_lambda": -0.8539656379006946, "log10_min_child_weight": 4.116610934001809, "log10_subsample": -0.6745577189905477, "max_depth": 8.0, "num_boost_round": 1.0}, "datetime": {"datetime": "2024-01-19 01:23:51", "elapsed": 4311.757602, "delta": 0.005369}}
{"target": -17.67722837519947, "params": {"gamma": 867.9757337055468, "log10_alpha": -1.4146945932408803, "log10_colsample_bytree": -0.20955598967587863, "log10_eta": -3.463526715580654, "log10_lambda": -0.8539656379006946, "log10_min_child_weight": 4.116610934001809, "log10_subsample": -0.6745577189905477, "max_depth": 8.0, "num_boost_round": 2.0}, "datetime": {"datetime": "2024-01-19 01:23:51", "elapsed": 4311.762238, "delta": 0.004636}}
{"target": -17.67722490839327, "params": {"gamma": 867.9757337055468, "log10_alpha": -1.4146945932408803, "log10_colsample_bytree": -0.20955598967587863, "log10_eta": -3.463526715580654, "log10_lambda": -0.8539656379006946, "log10_min_child_weight": 4.116610934001809, "log10_subsample": -0.6745577189905477, "max_depth": 8.0, "num_boost_round": 3.0}, "datetime": {"datetime": "2024-01-19 01:23:51", "elapsed": 4311.766723, "delta": 0.004485}}
{"target": -17.67722668752162, "params": {"gamma": 867.9757337055468, "log10_alpha": -1.4146945932408803, "log10_colsample_bytree": -0.20955598967587863, "log10_eta": -3.463526715580654, "log10_lambda": -0.8539656379006946, "log10_min_child_weight": 4.116610934001809, "log10_subsample": -0.6745577189905477, "max_depth": 8.0, "num_boost_round": 4.0}, "datetime": {"datetime": "2024-01-19 01:23:51", "elapsed": 4311.771178, "delta": 0.004455}}
{"target": -17.677224998944105, "params": {"gamma": 867.9757337055468, "log10_alpha": -1.4146945932408803, "log10_colsample_bytree": -0.20955598967587863, "log10_eta": -3.463526715580654, "log10_lambda": -0.8539656379006946, "log10_min_child_weight": 4.116610934001809, "log10_subsample": -0.6745577189905477, "max_depth": 8.0, "num_boost_round": 5.0}, "datetime": {"datetime": "2024-01-19 01:23:51", "elapsed": 4311.775717, "delta": 0.004539}}
{"target": -17.6772187199537, "params": {"gamma": 867.9757337055468, "log10_alpha": -1.4146945932408803, "log10_colsample_bytree": -0.20955598967587863, "log10_eta": -3.463526715580654, "log10_lambda": -0.8539656379006946, "log10_min_child_weight": 4.116610934001809, "log10_subsample": -0.6745577189905477, "max_depth": 8.0, "num_boost_round": 6.0}, "datetime": {"datetime": "2024-01-19 01:23:51", "elapsed": 4311.780307, "delta": 0.00459}}
{"target": -17.677218758600382, "params": {"gamma": 867.9757337055468, "log10_alpha": -1.4146945932408803, "log10_colsample_bytree": -0.20955598967587863, "log10_eta": -3.463526715580654, "log10_lambda": -0.8539656379006946, "log10_min_child_weight": 4.116610934001809, "log10_subsample": -0.6745577189905477, "max_depth": 8.0, "num_boost_round": 7.0}, "datetime": {"datetime": "2024-01-19 01:23:51", "elapsed": 4311.784754, "delta": 0.004447}}
{"target": -17.6772176673453, "params": {"gamma": 867.9757337055468, "log10_alpha": -1.4146945932408803, "log10_colsample_bytree": -0.20955598967587863, "log10_eta": -3.463526715580654, "log10_lambda": -0.8539656379006946, "log10_min_child_weight": 4.116610934001809, "log10_subsample": -0.6745577189905477, "max_depth": 8.0, "num_boost_round": 8.0}, "datetime": {"datetime": "2024-01-19 01:23:51", "elapsed": 4311.789213, "delta": 0.004459}}
{"target": -17.67721609007554, "params": {"gamma": 867.9757337055468, "log10_alpha": -1.4146945932408803, "log10_colsample_bytree": -0.20955598967587863, "log10_eta": -3.463526715580654, "log10_lambda": -0.8539656379006946, "log10_min_child_weight": 4.116610934001809, "log10_subsample": -0.6745577189905477, "max_depth": 8.0, "num_boost_round": 9.0}, "datetime": {"datetime": "2024-01-19 01:23:51", "elapsed": 4311.793588, "delta": 0.004375}}
{"target": -17.677211840396932, "params": {"gamma": 867.9757337055468, "log10_alpha": -1.4146945932408803, "log10_colsample_bytree": -0.20955598967587863, "log10_eta": -3.463526715580654, "log10_lambda": -0.8539656379006946, "log10_min_child_weight": 4.116610934001809, "log10_subsample": -0.6745577189905477, "max_depth": 8.0, "num_boost_round": 10.0}, "datetime": {"datetime": "2024-01-19 01:23:51", "elapsed": 4311.798081, "delta": 0.004493}}
{"target": -17.677205511669698, "params": {"gamma": 867.9757337055468, "log10_alpha": -1.4146945932408803, "log10_colsample_bytree": -0.20955598967587863, "log10_eta": -3.463526715580654, "log10_lambda": -0.8539656379006946, "log10_min_child_weight": 4.116610934001809, "log10_subsample": -0.6745577189905477, "max_depth": 8.0, "num_boost_round": 11.0}, "datetime": {"datetime": "2024-01-19 01:23:51", "elapsed": 4311.802434, "delta": 0.004353}}
{"target": -17.677201794827624, "params": {"gamma": 867.9757337055468, "log10_alpha": -1.4146945932408803, "log10_colsample_bytree": -0.20955598967587863, "log10_eta": -3.463526715580654, "log10_lambda": -0.8539656379006946, "log10_min_child_weight": 4.116610934001809, "log10_subsample": -0.6745577189905477, "max_depth": 8.0, "num_boost_round": 12.0}, "datetime": {"datetime": "2024-01-19 01:23:51", "elapsed": 4311.806852, "delta": 0.004418}}
{"target": -17.67719769593768, "params": {"gamma": 867.9757337055468, "log10_alpha": -1.4146945932408803, "log10_colsample_bytree": -0.20955598967587863, "log10_eta": -3.463526715580654, "log10_lambda": -0.8539656379006946, "log10_min_child_weight": 4.116610934001809, "log10_subsample": -0.6745577189905477, "max_depth": 8.0, "num_boost_round": 13.0}, "datetime": {"datetime": "2024-01-19 01:23:51", "elapsed": 4311.811233, "delta": 0.004381}}
{"target": -17.677197977287612, "params": {"gamma": 867.9757337055468, "log10_alpha": -1.4146945932408803, "log10_colsample_bytree": -0.20955598967587863, "log10_eta": -3.463526715580654, "log10_lambda": -0.8539656379006946, "log10_min_child_weight": 4.116610934001809, "log10_subsample": -0.6745577189905477, "max_depth": 8.0, "num_boost_round": 14.0}, "datetime": {"datetime": "2024-01-19 01:23:51", "elapsed": 4311.815682, "delta": 0.004449}}
{"target": -17.677192144335223, "params": {"gamma": 867.9757337055468, "log10_alpha": -1.4146945932408803, "log10_colsample_bytree": -0.20955598967587863, "log10_eta": -3.463526715580654, "log10_lambda": -0.8539656379006946, "log10_min_child_weight": 4.116610934001809, "log10_subsample": -0.6745577189905477, "max_depth": 8.0, "num_boost_round": 15.0}, "datetime": {"datetime": "2024-01-19 01:23:51", "elapsed": 4311.820137, "delta": 0.004455}}
{"target": -17.677187719768984, "params": {"gamma": 867.9757337055468, "log10_alpha": -1.4146945932408803, "log10_colsample_bytree": -0.20955598967587863, "log10_eta": -3.463526715580654, "log10_lambda": -0.8539656379006946, "log10_min_child_weight": 4.116610934001809, "log10_subsample": -0.6745577189905477, "max_depth": 8.0, "num_boost_round": 16.0}, "datetime": {"datetime": "2024-01-19 01:23:51", "elapsed": 4311.82454, "delta": 0.004403}}
{"target": -17.677186868750987, "params": {"gamma": 867.9757337055468, "log10_alpha": -1.4146945932408803, "log10_colsample_bytree": -0.20955598967587863, "log10_eta": -3.463526715580654, "log10_lambda": -0.8539656379006946, "log10_min_child_weight": 4.116610934001809, "log10_subsample": -0.6745577189905477, "max_depth": 8.0, "num_boost_round": 17.0}, "datetime": {"datetime": "2024-01-19 01:23:51", "elapsed": 4311.828855, "delta": 0.004315}}
{"target": -17.67716555613594, "params": {"gamma": 858.6542241417018, "log10_alpha": -0.08604524401874336, "log10_colsample_bytree": -0.9741820444319841, "log10_eta": -2.807582104596308, "log10_lambda": 0.8146791676627503, "log10_min_child_weight": 1.6504188008477678, "log10_subsample": -0.2830165071659405, "max_depth": 7.0, "num_boost_round": 0.0}, "datetime": {"datetime": "2024-01-19 01:24:47", "elapsed": 4367.681906, "delta": 55.853051}}
{"target": -17.677045695651326, "params": {"gamma": 858.6542241417018, "log10_alpha": -0.08604524401874336, "log10_colsample_bytree": -0.9741820444319841, "log10_eta": -2.807582104596308, "log10_lambda": 0.8146791676627503, "log10_min_child_weight": 1.6504188008477678, "log10_subsample": -0.2830165071659405, "max_depth": 7.0, "num_boost_round": 1.0}, "datetime": {"datetime": "2024-01-19 01:24:47", "elapsed": 4367.687742, "delta": 0.005836}}
{"target": -17.676951349559214, "params": {"gamma": 858.6542241417018, "log10_alpha": -0.08604524401874336, "log10_colsample_bytree": -0.9741820444319841, "log10_eta": -2.807582104596308, "log10_lambda": 0.8146791676627503, "log10_min_child_weight": 1.6504188008477678, "log10_subsample": -0.2830165071659405, "max_depth": 7.0, "num_boost_round": 2.0}, "datetime": {"datetime": "2024-01-19 01:24:47", "elapsed": 4367.692305, "delta": 0.004563}}
{"target": -17.67692395960784, "params": {"gamma": 858.6542241417018, "log10_alpha": -0.08604524401874336, "log10_colsample_bytree": -0.9741820444319841, "log10_eta": -2.807582104596308, "log10_lambda": 0.8146791676627503, "log10_min_child_weight": 1.6504188008477678, "log10_subsample": -0.2830165071659405, "max_depth": 7.0, "num_boost_round": 3.0}, "datetime": {"datetime": "2024-01-19 01:24:47", "elapsed": 4367.696942, "delta": 0.004637}}
{"target": -17.676805326357584, "params": {"gamma": 858.6542241417018, "log10_alpha": -0.08604524401874336, "log10_colsample_bytree": -0.9741820444319841, "log10_eta": -2.807582104596308, "log10_lambda": 0.8146791676627503, "log10_min_child_weight": 1.6504188008477678, "log10_subsample": -0.2830165071659405, "max_depth": 7.0, "num_boost_round": 4.0}, "datetime": {"datetime": "2024-01-19 01:24:47", "elapsed": 4367.701485, "delta": 0.004543}}
{"target": -17.676768694098413, "params": {"gamma": 858.6542241417018, "log10_alpha": -0.08604524401874336, "log10_colsample_bytree": -0.9741820444319841, "log10_eta": -2.807582104596308, "log10_lambda": 0.8146791676627503, "log10_min_child_weight": 1.6504188008477678, "log10_subsample": -0.2830165071659405, "max_depth": 7.0, "num_boost_round": 5.0}, "datetime": {"datetime": "2024-01-19 01:24:47", "elapsed": 4367.705862, "delta": 0.004377}}
{"target": -17.676779357370563, "params": {"gamma": 858.6542241417018, "log10_alpha": -0.08604524401874336, "log10_colsample_bytree": -0.9741820444319841, "log10_eta": -2.807582104596308, "log10_lambda": 0.8146791676627503, "log10_min_child_weight": 1.6504188008477678, "log10_subsample": -0.2830165071659405, "max_depth": 7.0, "num_boost_round": 6.0}, "datetime": {"datetime": "2024-01-19 01:24:47", "elapsed": 4367.710364, "delta": 0.004502}}
{"target": -17.676639733314676, "params": {"gamma": 858.6542241417018, "log10_alpha": -0.08604524401874336, "log10_colsample_bytree": -0.9741820444319841, "log10_eta": -2.807582104596308, "log10_lambda": 0.8146791676627503, "log10_min_child_weight": 1.6504188008477678, "log10_subsample": -0.2830165071659405, "max_depth": 7.0, "num_boost_round": 7.0}, "datetime": {"datetime": "2024-01-19 01:24:47", "elapsed": 4367.714948, "delta": 0.004584}}
{"target": -17.676638265198143, "params": {"gamma": 858.6542241417018, "log10_alpha": -0.08604524401874336, "log10_colsample_bytree": -0.9741820444319841, "log10_eta": -2.807582104596308, "log10_lambda": 0.8146791676627503, "log10_min_child_weight": 1.6504188008477678, "log10_subsample": -0.2830165071659405, "max_depth": 7.0, "num_boost_round": 8.0}, "datetime": {"datetime": "2024-01-19 01:24:47", "elapsed": 4367.719315, "delta": 0.004367}}
{"target": -17.676618312930767, "params": {"gamma": 858.6542241417018, "log10_alpha": -0.08604524401874336, "log10_colsample_bytree": -0.9741820444319841, "log10_eta": -2.807582104596308, "log10_lambda": 0.8146791676627503, "log10_min_child_weight": 1.6504188008477678, "log10_subsample": -0.2830165071659405, "max_depth": 7.0, "num_boost_round": 9.0}, "datetime": {"datetime": "2024-01-19 01:24:47", "elapsed": 4367.724121, "delta": 0.004806}}
{"target": -17.676537469666908, "params": {"gamma": 858.6542241417018, "log10_alpha": -0.08604524401874336, "log10_colsample_bytree": -0.9741820444319841, "log10_eta": -2.807582104596308, "log10_lambda": 0.8146791676627503, "log10_min_child_weight": 1.6504188008477678, "log10_subsample": -0.2830165071659405, "max_depth": 7.0, "num_boost_round": 10.0}, "datetime": {"datetime": "2024-01-19 01:24:47", "elapsed": 4367.728879, "delta": 0.004758}}
{"target": -17.6765209021725, "params": {"gamma": 858.6542241417018, "log10_alpha": -0.08604524401874336, "log10_colsample_bytree": -0.9741820444319841, "log10_eta": -2.807582104596308, "log10_lambda": 0.8146791676627503, "log10_min_child_weight": 1.6504188008477678, "log10_subsample": -0.2830165071659405, "max_depth": 7.0, "num_boost_round": 11.0}, "datetime": {"datetime": "2024-01-19 01:24:47", "elapsed": 4367.734026, "delta": 0.005147}}
{"target": -17.67638610413987, "params": {"gamma": 858.6542241417018, "log10_alpha": -0.08604524401874336, "log10_colsample_bytree": -0.9741820444319841, "log10_eta": -2.807582104596308, "log10_lambda": 0.8146791676627503, "log10_min_child_weight": 1.6504188008477678, "log10_subsample": -0.2830165071659405, "max_depth": 7.0, "num_boost_round": 12.0}, "datetime": {"datetime": "2024-01-19 01:24:47", "elapsed": 4367.739171, "delta": 0.005145}}
{"target": -17.67632863607692, "params": {"gamma": 858.6542241417018, "log10_alpha": -0.08604524401874336, "log10_colsample_bytree": -0.9741820444319841, "log10_eta": -2.807582104596308, "log10_lambda": 0.8146791676627503, "log10_min_child_weight": 1.6504188008477678, "log10_subsample": -0.2830165071659405, "max_depth": 7.0, "num_boost_round": 13.0}, "datetime": {"datetime": "2024-01-19 01:24:47", "elapsed": 4367.743862, "delta": 0.004691}}
{"target": -17.676291123303564, "params": {"gamma": 858.6542241417018, "log10_alpha": -0.08604524401874336, "log10_colsample_bytree": -0.9741820444319841, "log10_eta": -2.807582104596308, "log10_lambda": 0.8146791676627503, "log10_min_child_weight": 1.6504188008477678, "log10_subsample": -0.2830165071659405, "max_depth": 7.0, "num_boost_round": 14.0}, "datetime": {"datetime": "2024-01-19 01:24:47", "elapsed": 4367.748311, "delta": 0.004449}}
