{"target": -17.67720023312952, "params": {"gamma": 422.2522800746851, "log10_alpha": -2.7911602884639306, "log10_colsample_bytree": -0.7296993519144379, "log10_eta": -3.5601790527269697, "log10_lambda": -3.700029635290071, "log10_min_child_weight": 2.8665414615429894, "log10_subsample": -0.08028374839372832, "max_depth": 4.0, "num_boost_round": 3.0}, "datetime": {"datetime": "2024-01-19 01:45:22", "elapsed": 5627.07846, "delta": 0.00391}}
{"target": -17.677181215096002, "params": {"gamma": 422.2522800746851, "log10_alpha": -2.7911602884639306, "log10_colsample_bytree": -0.7296993519144379, "log10_eta": -3.5601790527269697, "log10_lambda": -3.700029635290071, "log10_min_child_weight": 2.8665414615429894, "log10_subsample": -0.08028374839372832, "max_depth": 4.0, "num_boost_round": 4.0}, "datetime": {"datetime": "2024-01-19 01:45:22", "elapsed": 5627.082308, "delta": 0.003848}}
{"target": -17.67717487562109, "params": {"gamma": 422.2522800746851, "log10_alpha": -2.7911602884639306, "log10_colsample_bytree": -0.7296993519144379, "log10_eta": -3.5601790527269697, "log10_lambda": -3.700029635290071, "log10_min_child_weight": 2.8665414615429894, "log10_subsample": -0.08028374839372832, "max_depth": 4.0, "num_boost_round": 5.0}, "datetime": {"datetime": "2024-01-19 01:45:22", "elapsed": 5627.086504, "delta": 0.004196}}
{"target": -17.67717189549567, "params": {"gamma": 422.2522800746851, "log10_alpha": -2.7911602884639306, "log10_colsample_bytree": -0.7296993519144379, "log10_eta": -3.5601790527269697, "log10_lambda": -3.700029635290071, "log10_min_child_weight": 2.8665414615429894, "log10_subsample": -0.08028374839372832, "max_depth": 4.0, "num_boost_round": 6.0}, "datetime": {"datetime": "2024-01-19 01:45:22", "elapsed": 5627.090335, "delta": 0.003831}}
{"target": -17.677150504301785, "params": {"gamma": 422.2522800746851, "log10_alpha": -2.7911602884639306, "log10_colsample_bytree": -0.7296993519144379, "log10_eta": -3.5601790527269697, "log10_lambda": -3.700029635290071, "log10_min_child_weight": 2.8665414615429894, "log10_subsample": -0.08028374839372832, "max_depth": 4.0, "num_boost_round": 7.0}, "datetime": {"datetime": "2024-01-19 01:45:22", "elapsed": 5627.09426, "delta": 0.003925}}
{"target": -17.677145052835503, "params": {"gamma": 422.2522800746851, "log10_alpha": -2.7911602884639306, "log10_colsample_bytree": -0.7296993519144379, "log10_eta": -3.5601790527269697, "log10_lambda": -3.700029635290071, "log10_min_child_weight": 2.8665414615429894, "log10_subsample": -0.08028374839372832, "max_depth": 4.0, "num_boost_round": 8.0}, "datetime": {"datetime": "2024-01-19 01:45:22", "elapsed": 5627.098026, "delta": 0.003766}}
{"target": -17.67713761263196, "params": {"gamma": 422.2522800746851, "log10_alpha": -2.7911602884639306, "log10_colsample_bytree": -0.7296993519144379, "log10_eta": -3.5601790527269697, "log10_lambda": -3.700029635290071, "log10_min_child_weight": 2.8665414615429894, "log10_subsample": -0.08028374839372832, "max_depth": 4.0, "num_boost_round": 9.0}, "datetime": {"datetime": "2024-01-19 01:45:22", "elapsed": 5627.101804, "delta": 0.003778}}
{"target": -17.6771305468716, "params": {"gamma": 422.2522800746851, "log10_alpha": -2.7911602884639306, "log10_colsample_bytree": -0.7296993519144379, "log10_eta": -3.5601790527269697, "log10_lambda": -3.700029635290071, "log10_min_child_weight": 2.8665414615429894, "log10_subsample": -0.08028374839372832, "max_depth": 4.0, "num_boost_round": 10.0}, "datetime": {"datetime": "2024-01-19 01:45:22", "elapsed": 5627.105576, "delta": 0.003772}}
{"target": -17.67711849352092, "params": {"gamma": 422.2522800746851, "log10_alpha": -2.7911602884639306, "log10_colsample_bytree": -0.7296993519144379, "log10_eta": -3.5601790527269697, "log10_lambda": -3.700029635290071, "log10_min_child_weight": 2.8665414615429894, "log10_subsample": -0.08028374839372832, "max_depth": 4.0, "num_boost_round": 11.0}, "datetime": {"datetime": "2024-01-19 01:45:22", "elapsed": 5627.109427, "delta": 0.003851}}
{"target": -17.67710776447583, "params": {"gamma": 422.2522800746851, "log10_alpha": -2.7911602884639306, "log10_colsample_bytree": -0.7296993519144379, "log10_eta": -3.5601790527269697, "log10_lambda": -3.700029635290071, "log10_min_child_weight": 2.8665414615429894, "log10_subsample": -0.08028374839372832, "max_depth": 4.0, "num_boost_round": 12.0}, "datetime": {"datetime": "2024-01-19 01:45:22", "elapsed": 5627.113343, "delta": 0.003916}}
{"target": -17.677089754345975, "params": {"gamma": 422.2522800746851, "log10_alpha": -2.7911602884639306, "log10_colsample_bytree": -0.7296993519144379, "log10_eta": -3.5601790527269697, "log10_lambda": -3.700029635290071, "log10_min_child_weight": 2.8665414615429894, "log10_subsample": -0.08028374839372832, "max_depth": 4.0, "num_boost_round": 13.0}, "datetime": {"datetime": "2024-01-19 01:45:22", "elapsed": 5627.117102, "delta": 0.003759}}
{"target": -17.677080943603002, "params": {"gamma": 422.2522800746851, "log10_alpha": -2.7911602884639306, "log10_colsample_bytree": -0.7296993519144379, "log10_eta": -3.5601790527269697, "log10_lambda": -3.700029635290071, "log10_min_child_weight": 2.8665414615429894, "log10_subsample": -0.08028374839372832, "max_depth": 4.0, "num_boost_round": 14.0}, "datetime": {"datetime": "2024-01-19 01:45:22", "elapsed": 5627.120888, "delta": 0.003786}}
{"target": -17.677069324698753, "params": {"gamma": 422.2522800746851, "log10_alpha": -2.7911602884639306, "log10_colsample_bytree": -0.7296993519144379, "log10_eta": -3.5601790527269697, "log10_lambda": -3.700029635290071, "log10_min_child_weight": 2.8665414615429894, "log10_subsample": -0.08028374839372832, "max_depth": 4.0, "num_boost_round": 15.0}, "datetime": {"datetime": "2024-01-19 01:45:22", "elapsed": 5627.124658, "delta": 0.00377}}
{"target": -17.67706470109338, "params": {"gamma": 422.2522800746851, "log10_alpha": -2.7911602884639306, "log10_colsample_bytree": -0.7296993519144379, "log10_eta": -3.5601790527269697, "log10_lambda": -3.700029635290071, "log10_min_child_weight": 2.8665414615429894, "log10_subsample": -0.08028374839372832, "max_depth": 4.0, "num_boost_round": 16.0}, "datetime": {"datetime": "2024-01-19 01:45:22", "elapsed": 5627.128409, "delta": 0.003751}}
{"target": -17.6770560408477, "params": {"gamma": 422.2522800746851, "log10_alpha": -2.7911602884639306, "log10_colsample_bytree": -0.7296993519144379, "log10_eta": -3.5601790527269697, "log10_lambda": -3.700029635290071, "log10_min_child_weight": 2.8665414615429894, "log10_subsample": -0.08028374839372832, "max_depth": 4.0, "num_boost_round": 17.0}, "datetime": {"datetime": "2024-01-19 01:45:22", "elapsed": 5627.132323, "delta": 0.003914}}
{"target": -17.677058680263002, "params": {"gamma": 422.2522800746851, "log10_alpha": -2.7911602884639306, "log10_colsample_bytree": -0.7296993519144379, "log10_eta": -3.5601790527269697, "log10_lambda": -3.700029635290071, "log10_min_child_weight": 2.8665414615429894, "log10_subsample": -0.08028374839372832, "max_depth": 4.0, "num_boost_round": 18.0}, "datetime": {"datetime": "2024-01-19 01:45:22", "elapsed": 5627.1362, "delta": 0.003877}}
{"target": -17.67705368156098, "params": {"gamma": 422.2522800746851, "log10_alpha": -2.7911602884639306, "log10_colsample_bytree": -0.7296993519144379, "log10_eta": -3.5601790527269697, "log10_lambda": -3.700029635290071, "log10_min_child_weight": 2.8665414615429894, "log10_subsample": -0.08028374839372832, "max_depth": 4.0, "num_boost_round": 19.0}, "datetime": {"datetime": "2024-01-19 01:45:22", "elapsed": 5627.139996, "delta": 0.003796}}
{"target": -17.67704392511113, "params": {"gamma": 422.2522800746851, "log10_alpha": -2.7911602884639306, "log10_colsample_bytree": -0.7296993519144379, "log10_eta": -3.5601790527269697, "log10_lambda": -3.700029635290071, "log10_min_child_weight": 2.8665414615429894, "log10_subsample": -0.08028374839372832, "max_depth": 4.0, "num_boost_round": 20.0}, "datetime": {"datetime": "2024-01-19 01:45:22", "elapsed": 5627.143771, "delta": 0.003775}}
{"target": -17.67703254658773, "params": {"gamma": 422.2522800746851, "log10_alpha": -2.7911602884639306, "log10_colsample_bytree": -0.7296993519144379, "log10_eta": -3.5601790527269697, "log10_lambda": -3.700029635290071, "log10_min_child_weight": 2.8665414615429894, "log10_subsample": -0.08028374839372832, "max_depth": 4.0, "num_boost_round": 21.0}, "datetime": {"datetime": "2024-01-19 01:45:22", "elapsed": 5627.147548, "delta": 0.003777}}
{"target": -17.677222901563162, "params": {"gamma": 433.31805109579847, "log10_alpha": -4.349017972830929, "log10_colsample_bytree": -0.6955754109811535, "log10_eta": -3.9381204594994523, "log10_lambda": -4.416441231851716, "log10_min_child_weight": 2.2418758548728537, "log10_subsample": -0.8653857745954889, "max_depth": 9.0, "num_boost_round": 0.0}, "datetime": {"datetime": "2024-01-19 01:46:27", "elapsed": 5691.55128, "delta": 64.403732}}
{"target": -17.677218062950313, "params": {"gamma": 433.31805109579847, "log10_alpha": -4.349017972830929, "log10_colsample_bytree": -0.6955754109811535, "log10_eta": -3.9381204594994523, "log10_lambda": -4.416441231851716, "log10_min_child_weight": 2.2418758548728537, "log10_subsample": -0.8653857745954889, "max_depth": 9.0, "num_boost_round": 1.0}, "datetime": {"datetime": "2024-01-19 01:46:27", "elapsed": 5691.555677, "delta": 0.004397}}
{"target": -17.677205090791716, "params": {"gamma": 433.31805109579847, "log10_alpha": -4.349017972830929, "log10_colsample_bytree": -0.6955754109811535, "log10_eta": -3.9381204594994523, "log10_lambda": -4.416441231851716, "log10_min_child_weight": 2.2418758548728537, "log10_subsample": -0.8653857745954889, "max_depth": 9.0, "num_boost_round": 2.0}, "datetime": {"datetime": "2024-01-19 01:46:27", "elapsed": 5691.55957, "delta": 0.003893}}
{"target": -17.677200543636594, "params": {"gamma": 433.31805109579847, "log10_alpha": -4.349017972830929, "log10_colsample_bytree": -0.6955754109811535, "log10_eta": -3.9381204594994523, "log10_lambda": -4.416441231851716, "log10_min_child_weight": 2.2418758548728537, "log10_subsample": -0.8653857745954889, "max_depth": 9.0, "num_boost_round": 3.0}, "datetime": {"datetime": "2024-01-19 01:46:27", "elapsed": 5691.563416, "delta": 0.003846}}
{"target": -17.677191357672534, "params": {"gamma": 433.31805109579847, "log10_alpha": -4.349017972830929, "log10_colsample_bytree": -0.6955754109811535, "log10_eta": -3.9381204594994523, "log10_lambda": -4.416441231851716, "log10_min_child_weight": 2.2418758548728537, "log10_subsample": -0.8653857745954889, "max_depth": 9.0, "num_boost_round": 4.0}, "datetime": {"datetime": "2024-01-19 01:46:27", "elapsed": 5691.567233, "delta": 0.003817}}
{"target": -17.677187381778197, "params": {"gamma": 433.31805109579847, "log10_alpha": -4.349017972830929, "log10_colsample_bytree": -0.6955754109811535, "log10_eta": -3.9381204594994523, "log10_lambda": -4.416441231851716, "log10_min_child_weight": 2.2418758548728537, "log10_subsample": -0.8653857745954889, "max_depth": 9.0, "num_boost_round": 5.0}, "datetime": {"datetime": "2024-01-19 01:46:27", "elapsed": 5691.5711, "delta": 0.003867}}
{"target": -17.677187211296932, "params": {"gamma": 433.31805109579847, "log10_alpha": -4.349017972830929, "log10_colsample_bytree": -0.6955754109811535, "log10_eta": -3.9381204594994523, "log10_lambda": -4.416441231851716, "log10_min_child_weight": 2.2418758548728537, "log10_subsample": -0.8653857745954889, "max_depth": 9.0, "num_boost_round": 6.0}, "datetime": {"datetime": "2024-01-19 01:46:27", "elapsed": 5691.575131, "delta": 0.004031}}
{"target": -17.677174246740808, "params": {"gamma": 433.31805109579847, "log10_alpha": -4.349017972830929, "log10_colsample_bytree": -0.6955754109811535, "log10_eta": -3.9381204594994523, "log10_lambda": -4.416441231851716, "log10_min_child_weight": 2.2418758548728537, "log10_subsample": -0.8653857745954889, "max_depth": 9.0, "num_boost_round": 7.0}, "datetime": {"datetime": "2024-01-19 01:46:27", "elapsed": 5691.579115, "delta": 0.003984}}
{"target": -17.67717034186492, "params": {"gamma": 433.31805109579847, "log10_alpha": -4.349017972830929, "log10_colsample_bytree": -0.6955754109811535, "log10_eta": -3.9381204594994523, "log10_lambda": -4.416441231851716, "log10_min_child_weight": 2.2418758548728537, "log10_subsample": -0.8653857745954889, "max_depth": 9.0, "num_boost_round": 8.0}, "datetime": {"datetime": "2024-01-19 01:46:27", "elapsed": 5691.58309, "delta": 0.003975}}
{"target": -17.677171949338817, "params": {"gamma": 433.31805109579847, "log10_alpha": -4.349017972830929, "log10_colsample_bytree": -0.6955754109811535, "log10_eta": -3.9381204594994523, "log10_lambda": -4.416441231851716, "log10_min_child_weight": 2.2418758548728537, "log10_subsample": -0.8653857745954889, "max_depth": 9.0, "num_boost_round": 9.0}, "datetime": {"datetime": "2024-01-19 01:46:27", "elapsed": 5691.586957, "delta": 0.003867}}
{"target": -17.67717126925536, "params": {"gamma": 433.31805109579847, "log10_alpha": -4.349017972830929, "log10_colsample_bytree": -0.6955754109811535, "log10_eta": -3.9381204594994523, "log10_lambda": -4.416441231851716, "log10_min_child_weight": 2.2418758548728537, "log10_subsample": -0.8653857745954889, "max_depth": 9.0, "num_boost_round": 10.0}, "datetime": {"datetime": "2024-01-19 01:46:27", "elapsed": 5691.590822, "delta": 0.003865}}
{"target": -17.67717059281468, "params": {"gamma": 433.31805109579847, "log10_alpha": -4.349017972830929, "log10_colsample_bytree": -0.6955754109811535, "log10_eta": -3.9381204594994523, "log10_lambda": -4.416441231851716, "log10_min_child_weight": 2.2418758548728537, "log10_subsample": -0.8653857745954889, "max_depth": 9.0, "num_boost_round": 11.0}, "datetime": {"datetime": "2024-01-19 01:46:27", "elapsed": 5691.594773, "delta": 0.003951}}
{"target": -17.677168822588666, "params": {"gamma": 433.31805109579847, "log10_alpha": -4.349017972830929, "log10_colsample_bytree": -0.6955754109811535, "log10_eta": -3.9381204594994523, "log10_lambda": -4.416441231851716, "log10_min_child_weight": 2.2418758548728537, "log10_subsample": -0.8653857745954889, "max_depth": 9.0, "num_boost_round": 12.0}, "datetime": {"datetime": "2024-01-19 01:46:27", "elapsed": 5691.598565, "delta": 0.003792}}
{"target": -17.67716214065924, "params": {"gamma": 433.31805109579847, "log10_alpha": -4.349017972830929, "log10_colsample_bytree": -0.6955754109811535, "log10_eta": -3.9381204594994523, "log10_lambda": -4.416441231851716, "log10_min_child_weight": 2.2418758548728537, "log10_subsample": -0.8653857745954889, "max_depth": 9.0, "num_boost_round": 13.0}, "datetime": {"datetime": "2024-01-19 01:46:27", "elapsed": 5691.602474, "delta": 0.003909}}
{"target": -17.67716189876926, "params": {"gamma": 433.31805109579847, "log10_alpha": -4.349017972830929, "log10_colsample_bytree": -0.6955754109811535, "log10_eta": -3.9381204594994523, "log10_lambda": -4.416441231851716, "log10_min_child_weight": 2.2418758548728537, "log10_subsample": -0.8653857745954889, "max_depth": 9.0, "num_boost_round": 14.0}, "datetime": {"datetime": "2024-01-19 01:46:27", "elapsed": 5691.606284, "delta": 0.00381}}
{"target": -17.67715352105088, "params": {"gamma": 433.31805109579847, "log10_alpha": -4.349017972830929, "log10_colsample_bytree": -0.6955754109811535, "log10_eta": -3.9381204594994523, "log10_lambda": -4.416441231851716, "log10_min_child_weight": 2.2418758548728537, "log10_subsample": -0.8653857745954889, "max_depth": 9.0, "num_boost_round": 15.0}, "datetime": {"datetime": "2024-01-19 01:46:27", "elapsed": 5691.610201, "delta": 0.003917}}
{"target": -17.677152088828116, "params": {"gamma": 433.31805109579847, "log10_alpha": -4.349017972830929, "log10_colsample_bytree": -0.6955754109811535, "log10_eta": -3.9381204594994523, "log10_lambda": -4.416441231851716, "log10_min_child_weight": 2.2418758548728537, "log10_subsample": -0.8653857745954889, "max_depth": 9.0, "num_boost_round": 16.0}, "datetime": {"datetime": "2024-01-19 01:46:27", "elapsed": 5691.614123, "delta": 0.003922}}
{"target": -17.677153576402056, "params": {"gamma": 433.31805109579847, "log10_alpha": -4.349017972830929, "log10_colsample_bytree": -0.6955754109811535, "log10_eta": -3.9381204594994523, "log10_lambda": -4.416441231851716, "log10_min_child_weight": 2.2418758548728537, "log10_subsample": -0.8653857745954889, "max_depth": 9.0, "num_boost_round": 17.0}, "datetime": {"datetime": "2024-01-19 01:46:27", "elapsed": 5691.617968, "delta": 0.003845}}
{"target": -17.677149082896946, "params": {"gamma": 433.31805109579847, "log10_alpha": -4.349017972830929, "log10_colsample_bytree": -0.6955754109811535, "log10_eta": -3.9381204594994523, "log10_lambda": -4.416441231851716, "log10_min_child_weight": 2.2418758548728537, "log10_subsample": -0.8653857745954889, "max_depth": 9.0, "num_boost_round": 18.0}, "datetime": {"datetime": "2024-01-19 01:46:27", "elapsed": 5691.621776, "delta": 0.003808}}
{"target": -17.67714351796941, "params": {"gamma": 433.31805109579847, "log10_alpha": -4.349017972830929, "log10_colsample_bytree": -0.6955754109811535, "log10_eta": -3.9381204594994523, "log10_lambda": -4.416441231851716, "log10_min_child_weight": 2.2418758548728537, "log10_subsample": -0.8653857745954889, "max_depth": 9.0, "num_boost_round": 19.0}, "datetime": {"datetime": "2024-01-19 01:46:27", "elapsed": 5691.625583, "delta": 0.003807}}
{"target": -17.677137879317964, "params": {"gamma": 433.31805109579847, "log10_alpha": -4.349017972830929, "log10_colsample_bytree": -0.6955754109811535, "log10_eta": -3.9381204594994523, "log10_lambda": -4.416441231851716, "log10_min_child_weight": 2.2418758548728537, "log10_subsample": -0.8653857745954889, "max_depth": 9.0, "num_boost_round": 20.0}, "datetime": {"datetime": "2024-01-19 01:46:27", "elapsed": 5691.629533, "delta": 0.00395}}
{"target": -17.67713244412915, "params": {"gamma": 433.31805109579847, "log10_alpha": -4.349017972830929, "log10_colsample_bytree": -0.6955754109811535, "log10_eta": -3.9381204594994523, "log10_lambda": -4.416441231851716, "log10_min_child_weight": 2.2418758548728537, "log10_subsample": -0.8653857745954889, "max_depth": 9.0, "num_boost_round": 21.0}, "datetime": {"datetime": "2024-01-19 01:46:27", "elapsed": 5691.633455, "delta": 0.003922}}
{"target": -17.677121941562913, "params": {"gamma": 433.31805109579847, "log10_alpha": -4.349017972830929, "log10_colsample_bytree": -0.6955754109811535, "log10_eta": -3.9381204594994523, "log10_lambda": -4.416441231851716, "log10_min_child_weight": 2.2418758548728537, "log10_subsample": -0.8653857745954889, "max_depth": 9.0, "num_boost_round": 22.0}, "datetime": {"datetime": "2024-01-19 01:46:27", "elapsed": 5691.637299, "delta": 0.003844}}
{"target": -17.677229414126177, "params": {"gamma": 431.8492542181217, "log10_alpha": -4.1129200316877315, "log10_colsample_bytree": -0.7132170379067804, "log10_eta": -2.8206951212585345, "log10_lambda": 0.5949300013182448, "log10_min_child_weight": 4.676118570466014, "log10_subsample": -0.2151419642087541, "max_depth": 2.0, "num_boost_round": 0.0}, "datetime": {"datetime": "2024-01-19 01:47:28", "elapsed": 5752.811241, "delta": 61.173942}}
{"target": -17.677226660492117, "params": {"gamma": 431.8492542181217, "log10_alpha": -4.1129200316877315, "log10_colsample_bytree": -0.7132170379067804, "log10_eta": -2.8206951212585345, "log10_lambda": 0.5949300013182448, "log10_min_child_weight": 4.676118570466014, "log10_subsample": -0.2151419642087541, "max_depth": 2.0, "num_boost_round": 1.0}, "datetime": {"datetime": "2024-01-19 01:47:28", "elapsed": 5752.815804, "delta": 0.004563}}
{"target": -17.677238575702788, "params": {"gamma": 431.8492542181217, "log10_alpha": -4.1129200316877315, "log10_colsample_bytree": -0.7132170379067804, "log10_eta": -2.8206951212585345, "log10_lambda": 0.5949300013182448, "log10_min_child_weight": 4.676118570466014, "log10_subsample": -0.2151419642087541, "max_depth": 2.0, "num_boost_round": 2.0}, "datetime": {"datetime": "2024-01-19 01:47:28", "elapsed": 5752.819753, "delta": 0.003949}}
{"target": -17.677236045326076, "params": {"gamma": 431.8492542181217, "log10_alpha": -4.1129200316877315, "log10_colsample_bytree": -0.7132170379067804, "log10_eta": -2.8206951212585345, "log10_lambda": 0.5949300013182448, "log10_min_child_weight": 4.676118570466014, "log10_subsample": -0.2151419642087541, "max_depth": 2.0, "num_boost_round": 3.0}, "datetime": {"datetime": "2024-01-19 01:47:28", "elapsed": 5752.823601, "delta": 0.003848}}
{"target": -17.677232223313457, "params": {"gamma": 431.8492542181217, "log10_alpha": -4.1129200316877315, "log10_colsample_bytree": -0.7132170379067804, "log10_eta": -2.8206951212585345, "log10_lambda": 0.5949300013182448, "log10_min_child_weight": 4.676118570466014, "log10_subsample": -0.2151419642087541, "max_depth": 2.0, "num_boost_round": 4.0}, "datetime": {"datetime": "2024-01-19 01:47:28", "elapsed": 5752.827423, "delta": 0.003822}}
{"target": -17.677226399095368, "params": {"gamma": 431.8492542181217, "log10_alpha": -4.1129200316877315, "log10_colsample_bytree": -0.7132170379067804, "log10_eta": -2.8206951212585345, "log10_lambda": 0.5949300013182448, "log10_min_child_weight": 4.676118570466014, "log10_subsample": -0.2151419642087541, "max_depth": 2.0, "num_boost_round": 5.0}, "datetime": {"datetime": "2024-01-19 01:47:28", "elapsed": 5752.831345, "delta": 0.003922}}
{"target": -17.677237675347374, "params": {"gamma": 431.8492542181217, "log10_alpha": -4.1129200316877315, "log10_colsample_bytree": -0.7132170379067804, "log10_eta": -2.8206951212585345, "log10_lambda": 0.5949300013182448, "log10_min_child_weight": 4.676118570466014, "log10_subsample": -0.2151419642087541, "max_depth": 2.0, "num_boost_round": 6.0}, "datetime": {"datetime": "2024-01-19 01:47:28", "elapsed": 5752.835245, "delta": 0.0039}}
