{"target": -17.675050154934393, "params": {"gamma": 59.31754156234126, "log10_alpha": -0.6409448430474534, "log10_colsample_bytree": -0.11390015767875039, "log10_eta": -1.8988260292989856, "log10_lambda": -0.4099003854690988, "log10_min_child_weight": 1.5261861040229474, "log10_subsample": -0.4753147892180899, "max_depth": 5.0, "num_boost_round": 11.0}, "datetime": {"datetime": "2024-01-19 01:09:54", "elapsed": 3502.222435, "delta": 0.004431}}
{"target": -17.675008102239055, "params": {"gamma": 59.31754156234126, "log10_alpha": -0.6409448430474534, "log10_colsample_bytree": -0.11390015767875039, "log10_eta": -1.8988260292989856, "log10_lambda": -0.4099003854690988, "log10_min_child_weight": 1.5261861040229474, "log10_subsample": -0.4753147892180899, "max_depth": 5.0, "num_boost_round": 12.0}, "datetime": {"datetime": "2024-01-19 01:09:54", "elapsed": 3502.226806, "delta": 0.004371}}
{"target": -17.675054900300758, "params": {"gamma": 59.31754156234126, "log10_alpha": -0.6409448430474534, "log10_colsample_bytree": -0.11390015767875039, "log10_eta": -1.8988260292989856, "log10_lambda": -0.4099003854690988, "log10_min_child_weight": 1.5261861040229474, "log10_subsample": -0.4753147892180899, "max_depth": 5.0, "num_boost_round": 13.0}, "datetime": {"datetime": "2024-01-19 01:09:54", "elapsed": 3502.231478, "delta": 0.004672}}
{"target": -17.674473667780045, "params": {"gamma": 59.31754156234126, "log10_alpha": -0.6409448430474534, "log10_colsample_bytree": -0.11390015767875039, "log10_eta": -1.8988260292989856, "log10_lambda": -0.4099003854690988, "log10_min_child_weight": 1.5261861040229474, "log10_subsample": -0.4753147892180899, "max_depth": 5.0, "num_boost_round": 14.0}, "datetime": {"datetime": "2024-01-19 01:09:54", "elapsed": 3502.235956, "delta": 0.004478}}
{"target": -17.67411271413966, "params": {"gamma": 59.31754156234126, "log10_alpha": -0.6409448430474534, "log10_colsample_bytree": -0.11390015767875039, "log10_eta": -1.8988260292989856, "log10_lambda": -0.4099003854690988, "log10_min_child_weight": 1.5261861040229474, "log10_subsample": -0.4753147892180899, "max_depth": 5.0, "num_boost_round": 15.0}, "datetime": {"datetime": "2024-01-19 01:09:54", "elapsed": 3502.240368, "delta": 0.004412}}
{"target": -17.674005362803104, "params": {"gamma": 59.31754156234126, "log10_alpha": -0.6409448430474534, "log10_colsample_bytree": -0.11390015767875039, "log10_eta": -1.8988260292989856, "log10_lambda": -0.4099003854690988, "log10_min_child_weight": 1.5261861040229474, "log10_subsample": -0.4753147892180899, "max_depth": 5.0, "num_boost_round": 16.0}, "datetime": {"datetime": "2024-01-19 01:09:54", "elapsed": 3502.244849, "delta": 0.004481}}
{"target": -17.673916075498592, "params": {"gamma": 59.31754156234126, "log10_alpha": -0.6409448430474534, "log10_colsample_bytree": -0.11390015767875039, "log10_eta": -1.8988260292989856, "log10_lambda": -0.4099003854690988, "log10_min_child_weight": 1.5261861040229474, "log10_subsample": -0.4753147892180899, "max_depth": 5.0, "num_boost_round": 17.0}, "datetime": {"datetime": "2024-01-19 01:09:54", "elapsed": 3502.249294, "delta": 0.004445}}
{"target": -17.674091270097342, "params": {"gamma": 59.31754156234126, "log10_alpha": -0.6409448430474534, "log10_colsample_bytree": -0.11390015767875039, "log10_eta": -1.8988260292989856, "log10_lambda": -0.4099003854690988, "log10_min_child_weight": 1.5261861040229474, "log10_subsample": -0.4753147892180899, "max_depth": 5.0, "num_boost_round": 18.0}, "datetime": {"datetime": "2024-01-19 01:09:54", "elapsed": 3502.25357, "delta": 0.004276}}
{"target": -17.674477316299807, "params": {"gamma": 59.31754156234126, "log10_alpha": -0.6409448430474534, "log10_colsample_bytree": -0.11390015767875039, "log10_eta": -1.8988260292989856, "log10_lambda": -0.4099003854690988, "log10_min_child_weight": 1.5261861040229474, "log10_subsample": -0.4753147892180899, "max_depth": 5.0, "num_boost_round": 19.0}, "datetime": {"datetime": "2024-01-19 01:09:54", "elapsed": 3502.258012, "delta": 0.004442}}
{"target": -17.674879007468384, "params": {"gamma": 59.31754156234126, "log10_alpha": -0.6409448430474534, "log10_colsample_bytree": -0.11390015767875039, "log10_eta": -1.8988260292989856, "log10_lambda": -0.4099003854690988, "log10_min_child_weight": 1.5261861040229474, "log10_subsample": -0.4753147892180899, "max_depth": 5.0, "num_boost_round": 20.0}, "datetime": {"datetime": "2024-01-19 01:09:54", "elapsed": 3502.262368, "delta": 0.004356}}
{"target": -17.675378157838814, "params": {"gamma": 59.31754156234126, "log10_alpha": -0.6409448430474534, "log10_colsample_bytree": -0.11390015767875039, "log10_eta": -1.8988260292989856, "log10_lambda": -0.4099003854690988, "log10_min_child_weight": 1.5261861040229474, "log10_subsample": -0.4753147892180899, "max_depth": 5.0, "num_boost_round": 21.0}, "datetime": {"datetime": "2024-01-19 01:09:54", "elapsed": 3502.266675, "delta": 0.004307}}
{"target": -17.675638082165207, "params": {"gamma": 59.31754156234126, "log10_alpha": -0.6409448430474534, "log10_colsample_bytree": -0.11390015767875039, "log10_eta": -1.8988260292989856, "log10_lambda": -0.4099003854690988, "log10_min_child_weight": 1.5261861040229474, "log10_subsample": -0.4753147892180899, "max_depth": 5.0, "num_boost_round": 22.0}, "datetime": {"datetime": "2024-01-19 01:09:54", "elapsed": 3502.271088, "delta": 0.004413}}
{"target": -17.67591560542975, "params": {"gamma": 59.31754156234126, "log10_alpha": -0.6409448430474534, "log10_colsample_bytree": -0.11390015767875039, "log10_eta": -1.8988260292989856, "log10_lambda": -0.4099003854690988, "log10_min_child_weight": 1.5261861040229474, "log10_subsample": -0.4753147892180899, "max_depth": 5.0, "num_boost_round": 23.0}, "datetime": {"datetime": "2024-01-19 01:09:54", "elapsed": 3502.275421, "delta": 0.004333}}
{"target": -17.675787244063546, "params": {"gamma": 59.31754156234126, "log10_alpha": -0.6409448430474534, "log10_colsample_bytree": -0.11390015767875039, "log10_eta": -1.8988260292989856, "log10_lambda": -0.4099003854690988, "log10_min_child_weight": 1.5261861040229474, "log10_subsample": -0.4753147892180899, "max_depth": 5.0, "num_boost_round": 24.0}, "datetime": {"datetime": "2024-01-19 01:09:54", "elapsed": 3502.279916, "delta": 0.004495}}
{"target": -17.67605547954518, "params": {"gamma": 59.31754156234126, "log10_alpha": -0.6409448430474534, "log10_colsample_bytree": -0.11390015767875039, "log10_eta": -1.8988260292989856, "log10_lambda": -0.4099003854690988, "log10_min_child_weight": 1.5261861040229474, "log10_subsample": -0.4753147892180899, "max_depth": 5.0, "num_boost_round": 25.0}, "datetime": {"datetime": "2024-01-19 01:09:54", "elapsed": 3502.284267, "delta": 0.004351}}
{"target": -17.67611170224513, "params": {"gamma": 59.31754156234126, "log10_alpha": -0.6409448430474534, "log10_colsample_bytree": -0.11390015767875039, "log10_eta": -1.8988260292989856, "log10_lambda": -0.4099003854690988, "log10_min_child_weight": 1.5261861040229474, "log10_subsample": -0.4753147892180899, "max_depth": 5.0, "num_boost_round": 26.0}, "datetime": {"datetime": "2024-01-19 01:09:54", "elapsed": 3502.288788, "delta": 0.004521}}
{"target": -17.675415194273686, "params": {"gamma": 59.31754156234126, "log10_alpha": -0.6409448430474534, "log10_colsample_bytree": -0.11390015767875039, "log10_eta": -1.8988260292989856, "log10_lambda": -0.4099003854690988, "log10_min_child_weight": 1.5261861040229474, "log10_subsample": -0.4753147892180899, "max_depth": 5.0, "num_boost_round": 27.0}, "datetime": {"datetime": "2024-01-19 01:09:54", "elapsed": 3502.2932, "delta": 0.004412}}
{"target": -17.675622959204514, "params": {"gamma": 59.31754156234126, "log10_alpha": -0.6409448430474534, "log10_colsample_bytree": -0.11390015767875039, "log10_eta": -1.8988260292989856, "log10_lambda": -0.4099003854690988, "log10_min_child_weight": 1.5261861040229474, "log10_subsample": -0.4753147892180899, "max_depth": 5.0, "num_boost_round": 28.0}, "datetime": {"datetime": "2024-01-19 01:09:54", "elapsed": 3502.297612, "delta": 0.004412}}
{"target": -17.675978122727873, "params": {"gamma": 59.31754156234126, "log10_alpha": -0.6409448430474534, "log10_colsample_bytree": -0.11390015767875039, "log10_eta": -1.8988260292989856, "log10_lambda": -0.4099003854690988, "log10_min_child_weight": 1.5261861040229474, "log10_subsample": -0.4753147892180899, "max_depth": 5.0, "num_boost_round": 29.0}, "datetime": {"datetime": "2024-01-19 01:09:54", "elapsed": 3502.302005, "delta": 0.004393}}
{"target": -17.676375655149723, "params": {"gamma": 59.31754156234126, "log10_alpha": -0.6409448430474534, "log10_colsample_bytree": -0.11390015767875039, "log10_eta": -1.8988260292989856, "log10_lambda": -0.4099003854690988, "log10_min_child_weight": 1.5261861040229474, "log10_subsample": -0.4753147892180899, "max_depth": 5.0, "num_boost_round": 30.0}, "datetime": {"datetime": "2024-01-19 01:09:54", "elapsed": 3502.306322, "delta": 0.004317}}
{"target": -17.676578611055263, "params": {"gamma": 59.31754156234126, "log10_alpha": -0.6409448430474534, "log10_colsample_bytree": -0.11390015767875039, "log10_eta": -1.8988260292989856, "log10_lambda": -0.4099003854690988, "log10_min_child_weight": 1.5261861040229474, "log10_subsample": -0.4753147892180899, "max_depth": 5.0, "num_boost_round": 31.0}, "datetime": {"datetime": "2024-01-19 01:09:54", "elapsed": 3502.310811, "delta": 0.004489}}
{"target": -17.677125394154203, "params": {"gamma": 59.31754156234126, "log10_alpha": -0.6409448430474534, "log10_colsample_bytree": -0.11390015767875039, "log10_eta": -1.8988260292989856, "log10_lambda": -0.4099003854690988, "log10_min_child_weight": 1.5261861040229474, "log10_subsample": -0.4753147892180899, "max_depth": 5.0, "num_boost_round": 32.0}, "datetime": {"datetime": "2024-01-19 01:09:54", "elapsed": 3502.315151, "delta": 0.00434}}
{"target": -17.677426918161025, "params": {"gamma": 59.31754156234126, "log10_alpha": -0.6409448430474534, "log10_colsample_bytree": -0.11390015767875039, "log10_eta": -1.8988260292989856, "log10_lambda": -0.4099003854690988, "log10_min_child_weight": 1.5261861040229474, "log10_subsample": -0.4753147892180899, "max_depth": 5.0, "num_boost_round": 33.0}, "datetime": {"datetime": "2024-01-19 01:09:54", "elapsed": 3502.319563, "delta": 0.004412}}
{"target": -17.67739177962534, "params": {"gamma": 59.31754156234126, "log10_alpha": -0.6409448430474534, "log10_colsample_bytree": -0.11390015767875039, "log10_eta": -1.8988260292989856, "log10_lambda": -0.4099003854690988, "log10_min_child_weight": 1.5261861040229474, "log10_subsample": -0.4753147892180899, "max_depth": 5.0, "num_boost_round": 34.0}, "datetime": {"datetime": "2024-01-19 01:09:54", "elapsed": 3502.323962, "delta": 0.004399}}
{"target": -17.67819879322073, "params": {"gamma": 59.31754156234126, "log10_alpha": -0.6409448430474534, "log10_colsample_bytree": -0.11390015767875039, "log10_eta": -1.8988260292989856, "log10_lambda": -0.4099003854690988, "log10_min_child_weight": 1.5261861040229474, "log10_subsample": -0.4753147892180899, "max_depth": 5.0, "num_boost_round": 35.0}, "datetime": {"datetime": "2024-01-19 01:09:54", "elapsed": 3502.328443, "delta": 0.004481}}
{"target": -17.677692625756293, "params": {"gamma": 59.31754156234126, "log10_alpha": -0.6409448430474534, "log10_colsample_bytree": -0.11390015767875039, "log10_eta": -1.8988260292989856, "log10_lambda": -0.4099003854690988, "log10_min_child_weight": 1.5261861040229474, "log10_subsample": -0.4753147892180899, "max_depth": 5.0, "num_boost_round": 36.0}, "datetime": {"datetime": "2024-01-19 01:09:54", "elapsed": 3502.332984, "delta": 0.004541}}
{"target": -17.677766046402446, "params": {"gamma": 59.31754156234126, "log10_alpha": -0.6409448430474534, "log10_colsample_bytree": -0.11390015767875039, "log10_eta": -1.8988260292989856, "log10_lambda": -0.4099003854690988, "log10_min_child_weight": 1.5261861040229474, "log10_subsample": -0.4753147892180899, "max_depth": 5.0, "num_boost_round": 37.0}, "datetime": {"datetime": "2024-01-19 01:09:54", "elapsed": 3502.337374, "delta": 0.00439}}
{"target": -17.678004258302366, "params": {"gamma": 59.31754156234126, "log10_alpha": -0.6409448430474534, "log10_colsample_bytree": -0.11390015767875039, "log10_eta": -1.8988260292989856, "log10_lambda": -0.4099003854690988, "log10_min_child_weight": 1.5261861040229474, "log10_subsample": -0.4753147892180899, "max_depth": 5.0, "num_boost_round": 38.0}, "datetime": {"datetime": "2024-01-19 01:09:55", "elapsed": 3502.341662, "delta": 0.004288}}
{"target": -17.67842001420658, "params": {"gamma": 59.31754156234126, "log10_alpha": -0.6409448430474534, "log10_colsample_bytree": -0.11390015767875039, "log10_eta": -1.8988260292989856, "log10_lambda": -0.4099003854690988, "log10_min_child_weight": 1.5261861040229474, "log10_subsample": -0.4753147892180899, "max_depth": 5.0, "num_boost_round": 39.0}, "datetime": {"datetime": "2024-01-19 01:09:55", "elapsed": 3502.345986, "delta": 0.004324}}
{"target": -17.679309746748075, "params": {"gamma": 59.31754156234126, "log10_alpha": -0.6409448430474534, "log10_colsample_bytree": -0.11390015767875039, "log10_eta": -1.8988260292989856, "log10_lambda": -0.4099003854690988, "log10_min_child_weight": 1.5261861040229474, "log10_subsample": -0.4753147892180899, "max_depth": 5.0, "num_boost_round": 40.0}, "datetime": {"datetime": "2024-01-19 01:09:55", "elapsed": 3502.350485, "delta": 0.004499}}
{"target": -17.67954129845912, "params": {"gamma": 59.31754156234126, "log10_alpha": -0.6409448430474534, "log10_colsample_bytree": -0.11390015767875039, "log10_eta": -1.8988260292989856, "log10_lambda": -0.4099003854690988, "log10_min_child_weight": 1.5261861040229474, "log10_subsample": -0.4753147892180899, "max_depth": 5.0, "num_boost_round": 41.0}, "datetime": {"datetime": "2024-01-19 01:09:55", "elapsed": 3502.354773, "delta": 0.004288}}
{"target": -17.680268046708306, "params": {"gamma": 59.31754156234126, "log10_alpha": -0.6409448430474534, "log10_colsample_bytree": -0.11390015767875039, "log10_eta": -1.8988260292989856, "log10_lambda": -0.4099003854690988, "log10_min_child_weight": 1.5261861040229474, "log10_subsample": -0.4753147892180899, "max_depth": 5.0, "num_boost_round": 42.0}, "datetime": {"datetime": "2024-01-19 01:09:55", "elapsed": 3502.359166, "delta": 0.004393}}
{"target": -17.680515847722084, "params": {"gamma": 59.31754156234126, "log10_alpha": -0.6409448430474534, "log10_colsample_bytree": -0.11390015767875039, "log10_eta": -1.8988260292989856, "log10_lambda": -0.4099003854690988, "log10_min_child_weight": 1.5261861040229474, "log10_subsample": -0.4753147892180899, "max_depth": 5.0, "num_boost_round": 43.0}, "datetime": {"datetime": "2024-01-19 01:09:55", "elapsed": 3502.363534, "delta": 0.004368}}
{"target": -17.68039452202765, "params": {"gamma": 59.31754156234126, "log10_alpha": -0.6409448430474534, "log10_colsample_bytree": -0.11390015767875039, "log10_eta": -1.8988260292989856, "log10_lambda": -0.4099003854690988, "log10_min_child_weight": 1.5261861040229474, "log10_subsample": -0.4753147892180899, "max_depth": 5.0, "num_boost_round": 44.0}, "datetime": {"datetime": "2024-01-19 01:09:55", "elapsed": 3502.367801, "delta": 0.004267}}
{"target": -17.681088282971164, "params": {"gamma": 59.31754156234126, "log10_alpha": -0.6409448430474534, "log10_colsample_bytree": -0.11390015767875039, "log10_eta": -1.8988260292989856, "log10_lambda": -0.4099003854690988, "log10_min_child_weight": 1.5261861040229474, "log10_subsample": -0.4753147892180899, "max_depth": 5.0, "num_boost_round": 45.0}, "datetime": {"datetime": "2024-01-19 01:09:55", "elapsed": 3502.372368, "delta": 0.004567}}
{"target": -17.681483938767165, "params": {"gamma": 59.31754156234126, "log10_alpha": -0.6409448430474534, "log10_colsample_bytree": -0.11390015767875039, "log10_eta": -1.8988260292989856, "log10_lambda": -0.4099003854690988, "log10_min_child_weight": 1.5261861040229474, "log10_subsample": -0.4753147892180899, "max_depth": 5.0, "num_boost_round": 46.0}, "datetime": {"datetime": "2024-01-19 01:09:55", "elapsed": 3502.376923, "delta": 0.004555}}
{"target": -17.68222079913333, "params": {"gamma": 59.31754156234126, "log10_alpha": -0.6409448430474534, "log10_colsample_bytree": -0.11390015767875039, "log10_eta": -1.8988260292989856, "log10_lambda": -0.4099003854690988, "log10_min_child_weight": 1.5261861040229474, "log10_subsample": -0.4753147892180899, "max_depth": 5.0, "num_boost_round": 47.0}, "datetime": {"datetime": "2024-01-19 01:09:55", "elapsed": 3502.381302, "delta": 0.004379}}
{"target": -17.677033153990163, "params": {"gamma": 48.07012131839772, "log10_alpha": 0.68774408222282, "log10_colsample_bytree": -0.03296528326359793, "log10_eta": -1.617357806984037, "log10_lambda": -4.699500172866535, "log10_min_child_weight": 1.1506406683396548, "log10_subsample": -0.8301700934206779, "max_depth": 8.0, "num_boost_round": 0.0}, "datetime": {"datetime": "2024-01-19 01:10:59", "elapsed": 3567.184652, "delta": 64.80335}}
{"target": -17.676174856126405, "params": {"gamma": 48.07012131839772, "log10_alpha": 0.68774408222282, "log10_colsample_bytree": -0.03296528326359793, "log10_eta": -1.617357806984037, "log10_lambda": -4.699500172866535, "log10_min_child_weight": 1.1506406683396548, "log10_subsample": -0.8301700934206779, "max_depth": 8.0, "num_boost_round": 1.0}, "datetime": {"datetime": "2024-01-19 01:10:59", "elapsed": 3567.18972, "delta": 0.005068}}
{"target": -17.675229171150573, "params": {"gamma": 48.07012131839772, "log10_alpha": 0.68774408222282, "log10_colsample_bytree": -0.03296528326359793, "log10_eta": -1.617357806984037, "log10_lambda": -4.699500172866535, "log10_min_child_weight": 1.1506406683396548, "log10_subsample": -0.8301700934206779, "max_depth": 8.0, "num_boost_round": 2.0}, "datetime": {"datetime": "2024-01-19 01:10:59", "elapsed": 3567.194523, "delta": 0.004803}}
{"target": -17.67723025202966, "params": {"gamma": 48.07012131839772, "log10_alpha": 0.68774408222282, "log10_colsample_bytree": -0.03296528326359793, "log10_eta": -1.617357806984037, "log10_lambda": -4.699500172866535, "log10_min_child_weight": 1.1506406683396548, "log10_subsample": -0.8301700934206779, "max_depth": 8.0, "num_boost_round": 3.0}, "datetime": {"datetime": "2024-01-19 01:10:59", "elapsed": 3567.199139, "delta": 0.004616}}
{"target": -17.67907304856547, "params": {"gamma": 48.07012131839772, "log10_alpha": 0.68774408222282, "log10_colsample_bytree": -0.03296528326359793, "log10_eta": -1.617357806984037, "log10_lambda": -4.699500172866535, "log10_min_child_weight": 1.1506406683396548, "log10_subsample": -0.8301700934206779, "max_depth": 8.0, "num_boost_round": 4.0}, "datetime": {"datetime": "2024-01-19 01:10:59", "elapsed": 3567.203526, "delta": 0.004387}}
{"target": -17.68101338178976, "params": {"gamma": 48.07012131839772, "log10_alpha": 0.68774408222282, "log10_colsample_bytree": -0.03296528326359793, "log10_eta": -1.617357806984037, "log10_lambda": -4.699500172866535, "log10_min_child_weight": 1.1506406683396548, "log10_subsample": -0.8301700934206779, "max_depth": 8.0, "num_boost_round": 5.0}, "datetime": {"datetime": "2024-01-19 01:10:59", "elapsed": 3567.207905, "delta": 0.004379}}
{"target": -17.681156068459384, "params": {"gamma": 48.07012131839772, "log10_alpha": 0.68774408222282, "log10_colsample_bytree": -0.03296528326359793, "log10_eta": -1.617357806984037, "log10_lambda": -4.699500172866535, "log10_min_child_weight": 1.1506406683396548, "log10_subsample": -0.8301700934206779, "max_depth": 8.0, "num_boost_round": 6.0}, "datetime": {"datetime": "2024-01-19 01:10:59", "elapsed": 3567.212521, "delta": 0.004616}}
{"target": -17.683961642625157, "params": {"gamma": 48.07012131839772, "log10_alpha": 0.68774408222282, "log10_colsample_bytree": -0.03296528326359793, "log10_eta": -1.617357806984037, "log10_lambda": -4.699500172866535, "log10_min_child_weight": 1.1506406683396548, "log10_subsample": -0.8301700934206779, "max_depth": 8.0, "num_boost_round": 7.0}, "datetime": {"datetime": "2024-01-19 01:10:59", "elapsed": 3567.216892, "delta": 0.004371}}
{"target": -17.684412969270024, "params": {"gamma": 48.07012131839772, "log10_alpha": 0.68774408222282, "log10_colsample_bytree": -0.03296528326359793, "log10_eta": -1.617357806984037, "log10_lambda": -4.699500172866535, "log10_min_child_weight": 1.1506406683396548, "log10_subsample": -0.8301700934206779, "max_depth": 8.0, "num_boost_round": 8.0}, "datetime": {"datetime": "2024-01-19 01:10:59", "elapsed": 3567.22127, "delta": 0.004378}}
{"target": -17.6856024814422, "params": {"gamma": 48.07012131839772, "log10_alpha": 0.68774408222282, "log10_colsample_bytree": -0.03296528326359793, "log10_eta": -1.617357806984037, "log10_lambda": -4.699500172866535, "log10_min_child_weight": 1.1506406683396548, "log10_subsample": -0.8301700934206779, "max_depth": 8.0, "num_boost_round": 9.0}, "datetime": {"datetime": "2024-01-19 01:10:59", "elapsed": 3567.225694, "delta": 0.004424}}
{"target": -17.68706893967959, "params": {"gamma": 48.07012131839772, "log10_alpha": 0.68774408222282, "log10_colsample_bytree": -0.03296528326359793, "log10_eta": -1.617357806984037, "log10_lambda": -4.699500172866535, "log10_min_child_weight": 1.1506406683396548, "log10_subsample": -0.8301700934206779, "max_depth": 8.0, "num_boost_round": 10.0}, "datetime": {"datetime": "2024-01-19 01:10:59", "elapsed": 3567.230119, "delta": 0.004425}}
{"target": -17.690116270340557, "params": {"gamma": 48.07012131839772, "log10_alpha": 0.68774408222282, "log10_colsample_bytree": -0.03296528326359793, "log10_eta": -1.617357806984037, "log10_lambda": -4.699500172866535, "log10_min_child_weight": 1.1506406683396548, "log10_subsample": -0.8301700934206779, "max_depth": 8.0, "num_boost_round": 11.0}, "datetime": {"datetime": "2024-01-19 01:10:59", "elapsed": 3567.234438, "delta": 0.004319}}
