{"target": -13.758523624972192, "params": {"gamma": 8.323724378474395, "log10_alpha": -2.0005879682371486, "log10_colsample_bytree": -0.8906946472810969, "log10_eta": -3.833127533548118, "log10_lambda": -0.3304751379294313, "log10_min_child_weight": 3.2228548763827467, "log10_subsample": -0.6335125978907744, "max_depth": 3.0, "num_boost_round": 16.0}, "datetime": {"datetime": "2024-01-19 00:30:25", "elapsed": 1133.272896, "delta": 0.001383}}
{"target": -13.758523306679944, "params": {"gamma": 8.323724378474395, "log10_alpha": -2.0005879682371486, "log10_colsample_bytree": -0.8906946472810969, "log10_eta": -3.833127533548118, "log10_lambda": -0.3304751379294313, "log10_min_child_weight": 3.2228548763827467, "log10_subsample": -0.6335125978907744, "max_depth": 3.0, "num_boost_round": 17.0}, "datetime": {"datetime": "2024-01-19 00:30:25", "elapsed": 1133.274291, "delta": 0.001395}}
{"target": -13.758360589592858, "params": {"gamma": 26.878905645385753, "log10_alpha": -2.6994342937216285, "log10_colsample_bytree": -0.978342716842299, "log10_eta": -0.8596660231195079, "log10_lambda": 0.17659063871699576, "log10_min_child_weight": 4.949269730906456, "log10_subsample": -0.9021193287142465, "max_depth": 3.0, "num_boost_round": 0.0}, "datetime": {"datetime": "2024-01-19 00:30:45", "elapsed": 1153.674115, "delta": 20.399824}}
{"target": -13.757994461692652, "params": {"gamma": 26.878905645385753, "log10_alpha": -2.6994342937216285, "log10_colsample_bytree": -0.978342716842299, "log10_eta": -0.8596660231195079, "log10_lambda": 0.17659063871699576, "log10_min_child_weight": 4.949269730906456, "log10_subsample": -0.9021193287142465, "max_depth": 3.0, "num_boost_round": 1.0}, "datetime": {"datetime": "2024-01-19 00:30:45", "elapsed": 1153.68041, "delta": 0.006295}}
{"target": -13.758119612505817, "params": {"gamma": 26.878905645385753, "log10_alpha": -2.6994342937216285, "log10_colsample_bytree": -0.978342716842299, "log10_eta": -0.8596660231195079, "log10_lambda": 0.17659063871699576, "log10_min_child_weight": 4.949269730906456, "log10_subsample": -0.9021193287142465, "max_depth": 3.0, "num_boost_round": 2.0}, "datetime": {"datetime": "2024-01-19 00:30:45", "elapsed": 1153.681895, "delta": 0.001485}}
{"target": -13.758024133180278, "params": {"gamma": 26.878905645385753, "log10_alpha": -2.6994342937216285, "log10_colsample_bytree": -0.978342716842299, "log10_eta": -0.8596660231195079, "log10_lambda": 0.17659063871699576, "log10_min_child_weight": 4.949269730906456, "log10_subsample": -0.9021193287142465, "max_depth": 3.0, "num_boost_round": 3.0}, "datetime": {"datetime": "2024-01-19 00:30:45", "elapsed": 1153.683289, "delta": 0.001394}}
{"target": -13.75788058799777, "params": {"gamma": 26.878905645385753, "log10_alpha": -2.6994342937216285, "log10_colsample_bytree": -0.978342716842299, "log10_eta": -0.8596660231195079, "log10_lambda": 0.17659063871699576, "log10_min_child_weight": 4.949269730906456, "log10_subsample": -0.9021193287142465, "max_depth": 3.0, "num_boost_round": 4.0}, "datetime": {"datetime": "2024-01-19 00:30:45", "elapsed": 1153.68469, "delta": 0.001401}}
{"target": -13.757998369122518, "params": {"gamma": 26.878905645385753, "log10_alpha": -2.6994342937216285, "log10_colsample_bytree": -0.978342716842299, "log10_eta": -0.8596660231195079, "log10_lambda": 0.17659063871699576, "log10_min_child_weight": 4.949269730906456, "log10_subsample": -0.9021193287142465, "max_depth": 3.0, "num_boost_round": 5.0}, "datetime": {"datetime": "2024-01-19 00:30:45", "elapsed": 1153.68607, "delta": 0.00138}}
{"target": -13.758066183980427, "params": {"gamma": 26.878905645385753, "log10_alpha": -2.6994342937216285, "log10_colsample_bytree": -0.978342716842299, "log10_eta": -0.8596660231195079, "log10_lambda": 0.17659063871699576, "log10_min_child_weight": 4.949269730906456, "log10_subsample": -0.9021193287142465, "max_depth": 3.0, "num_boost_round": 6.0}, "datetime": {"datetime": "2024-01-19 00:30:45", "elapsed": 1153.687455, "delta": 0.001385}}
{"target": -13.757773241501168, "params": {"gamma": 26.878905645385753, "log10_alpha": -2.6994342937216285, "log10_colsample_bytree": -0.978342716842299, "log10_eta": -0.8596660231195079, "log10_lambda": 0.17659063871699576, "log10_min_child_weight": 4.949269730906456, "log10_subsample": -0.9021193287142465, "max_depth": 3.0, "num_boost_round": 7.0}, "datetime": {"datetime": "2024-01-19 00:30:45", "elapsed": 1153.689004, "delta": 0.001549}}
{"target": -13.757720625873723, "params": {"gamma": 26.878905645385753, "log10_alpha": -2.6994342937216285, "log10_colsample_bytree": -0.978342716842299, "log10_eta": -0.8596660231195079, "log10_lambda": 0.17659063871699576, "log10_min_child_weight": 4.949269730906456, "log10_subsample": -0.9021193287142465, "max_depth": 3.0, "num_boost_round": 8.0}, "datetime": {"datetime": "2024-01-19 00:30:45", "elapsed": 1153.69053, "delta": 0.001526}}
{"target": -13.75810820277116, "params": {"gamma": 26.878905645385753, "log10_alpha": -2.6994342937216285, "log10_colsample_bytree": -0.978342716842299, "log10_eta": -0.8596660231195079, "log10_lambda": 0.17659063871699576, "log10_min_child_weight": 4.949269730906456, "log10_subsample": -0.9021193287142465, "max_depth": 3.0, "num_boost_round": 9.0}, "datetime": {"datetime": "2024-01-19 00:30:45", "elapsed": 1153.692057, "delta": 0.001527}}
{"target": -13.75810445643946, "params": {"gamma": 26.878905645385753, "log10_alpha": -2.6994342937216285, "log10_colsample_bytree": -0.978342716842299, "log10_eta": -0.8596660231195079, "log10_lambda": 0.17659063871699576, "log10_min_child_weight": 4.949269730906456, "log10_subsample": -0.9021193287142465, "max_depth": 3.0, "num_boost_round": 10.0}, "datetime": {"datetime": "2024-01-19 00:30:45", "elapsed": 1153.693531, "delta": 0.001474}}
{"target": -13.757860104802708, "params": {"gamma": 26.878905645385753, "log10_alpha": -2.6994342937216285, "log10_colsample_bytree": -0.978342716842299, "log10_eta": -0.8596660231195079, "log10_lambda": 0.17659063871699576, "log10_min_child_weight": 4.949269730906456, "log10_subsample": -0.9021193287142465, "max_depth": 3.0, "num_boost_round": 11.0}, "datetime": {"datetime": "2024-01-19 00:30:45", "elapsed": 1153.694928, "delta": 0.001397}}
{"target": -13.757982543087136, "params": {"gamma": 26.878905645385753, "log10_alpha": -2.6994342937216285, "log10_colsample_bytree": -0.978342716842299, "log10_eta": -0.8596660231195079, "log10_lambda": 0.17659063871699576, "log10_min_child_weight": 4.949269730906456, "log10_subsample": -0.9021193287142465, "max_depth": 3.0, "num_boost_round": 12.0}, "datetime": {"datetime": "2024-01-19 00:30:45", "elapsed": 1153.69637, "delta": 0.001442}}
{"target": -13.758562486735467, "params": {"gamma": 25.251764873050696, "log10_alpha": -0.45044397007894066, "log10_colsample_bytree": -0.05706955658884205, "log10_eta": -2.6887653141759036, "log10_lambda": 0.472210614076614, "log10_min_child_weight": 0.9267851052626858, "log10_subsample": -0.9825250148637211, "max_depth": 8.0, "num_boost_round": 0.0}, "datetime": {"datetime": "2024-01-19 00:31:08", "elapsed": 1176.912875, "delta": 23.216505}}
{"target": -13.758511974341989, "params": {"gamma": 25.251764873050696, "log10_alpha": -0.45044397007894066, "log10_colsample_bytree": -0.05706955658884205, "log10_eta": -2.6887653141759036, "log10_lambda": 0.472210614076614, "log10_min_child_weight": 0.9267851052626858, "log10_subsample": -0.9825250148637211, "max_depth": 8.0, "num_boost_round": 1.0}, "datetime": {"datetime": "2024-01-19 00:31:08", "elapsed": 1176.914674, "delta": 0.001799}}
{"target": -13.758368686766984, "params": {"gamma": 25.251764873050696, "log10_alpha": -0.45044397007894066, "log10_colsample_bytree": -0.05706955658884205, "log10_eta": -2.6887653141759036, "log10_lambda": 0.472210614076614, "log10_min_child_weight": 0.9267851052626858, "log10_subsample": -0.9825250148637211, "max_depth": 8.0, "num_boost_round": 2.0}, "datetime": {"datetime": "2024-01-19 00:31:08", "elapsed": 1176.916418, "delta": 0.001744}}
{"target": -13.758329391342327, "params": {"gamma": 25.251764873050696, "log10_alpha": -0.45044397007894066, "log10_colsample_bytree": -0.05706955658884205, "log10_eta": -2.6887653141759036, "log10_lambda": 0.472210614076614, "log10_min_child_weight": 0.9267851052626858, "log10_subsample": -0.9825250148637211, "max_depth": 8.0, "num_boost_round": 3.0}, "datetime": {"datetime": "2024-01-19 00:31:08", "elapsed": 1176.917946, "delta": 0.001528}}
{"target": -13.75816153360628, "params": {"gamma": 25.251764873050696, "log10_alpha": -0.45044397007894066, "log10_colsample_bytree": -0.05706955658884205, "log10_eta": -2.6887653141759036, "log10_lambda": 0.472210614076614, "log10_min_child_weight": 0.9267851052626858, "log10_subsample": -0.9825250148637211, "max_depth": 8.0, "num_boost_round": 4.0}, "datetime": {"datetime": "2024-01-19 00:31:08", "elapsed": 1176.919624, "delta": 0.001678}}
{"target": -13.758096674459017, "params": {"gamma": 25.251764873050696, "log10_alpha": -0.45044397007894066, "log10_colsample_bytree": -0.05706955658884205, "log10_eta": -2.6887653141759036, "log10_lambda": 0.472210614076614, "log10_min_child_weight": 0.9267851052626858, "log10_subsample": -0.9825250148637211, "max_depth": 8.0, "num_boost_round": 5.0}, "datetime": {"datetime": "2024-01-19 00:31:08", "elapsed": 1176.921049, "delta": 0.001425}}
{"target": -13.757879016794838, "params": {"gamma": 25.251764873050696, "log10_alpha": -0.45044397007894066, "log10_colsample_bytree": -0.05706955658884205, "log10_eta": -2.6887653141759036, "log10_lambda": 0.472210614076614, "log10_min_child_weight": 0.9267851052626858, "log10_subsample": -0.9825250148637211, "max_depth": 8.0, "num_boost_round": 6.0}, "datetime": {"datetime": "2024-01-19 00:31:08", "elapsed": 1176.922485, "delta": 0.001436}}
{"target": -13.757954991351973, "params": {"gamma": 25.251764873050696, "log10_alpha": -0.45044397007894066, "log10_colsample_bytree": -0.05706955658884205, "log10_eta": -2.6887653141759036, "log10_lambda": 0.472210614076614, "log10_min_child_weight": 0.9267851052626858, "log10_subsample": -0.9825250148637211, "max_depth": 8.0, "num_boost_round": 7.0}, "datetime": {"datetime": "2024-01-19 00:31:08", "elapsed": 1176.923882, "delta": 0.001397}}
{"target": -13.757929551412774, "params": {"gamma": 25.251764873050696, "log10_alpha": -0.45044397007894066, "log10_colsample_bytree": -0.05706955658884205, "log10_eta": -2.6887653141759036, "log10_lambda": 0.472210614076614, "log10_min_child_weight": 0.9267851052626858, "log10_subsample": -0.9825250148637211, "max_depth": 8.0, "num_boost_round": 8.0}, "datetime": {"datetime": "2024-01-19 00:31:08", "elapsed": 1176.925274, "delta": 0.001392}}
{"target": -13.757836250445878, "params": {"gamma": 25.251764873050696, "log10_alpha": -0.45044397007894066, "log10_colsample_bytree": -0.05706955658884205, "log10_eta": -2.6887653141759036, "log10_lambda": 0.472210614076614, "log10_min_child_weight": 0.9267851052626858, "log10_subsample": -0.9825250148637211, "max_depth": 8.0, "num_boost_round": 9.0}, "datetime": {"datetime": "2024-01-19 00:31:08", "elapsed": 1176.926675, "delta": 0.001401}}
{"target": -13.757765793515455, "params": {"gamma": 25.251764873050696, "log10_alpha": -0.45044397007894066, "log10_colsample_bytree": -0.05706955658884205, "log10_eta": -2.6887653141759036, "log10_lambda": 0.472210614076614, "log10_min_child_weight": 0.9267851052626858, "log10_subsample": -0.9825250148637211, "max_depth": 8.0, "num_boost_round": 10.0}, "datetime": {"datetime": "2024-01-19 00:31:08", "elapsed": 1176.928082, "delta": 0.001407}}
{"target": -13.757577456152353, "params": {"gamma": 25.251764873050696, "log10_alpha": -0.45044397007894066, "log10_colsample_bytree": -0.05706955658884205, "log10_eta": -2.6887653141759036, "log10_lambda": 0.472210614076614, "log10_min_child_weight": 0.9267851052626858, "log10_subsample": -0.9825250148637211, "max_depth": 8.0, "num_boost_round": 11.0}, "datetime": {"datetime": "2024-01-19 00:31:08", "elapsed": 1176.929641, "delta": 0.001559}}
{"target": -13.75755996338221, "params": {"gamma": 25.251764873050696, "log10_alpha": -0.45044397007894066, "log10_colsample_bytree": -0.05706955658884205, "log10_eta": -2.6887653141759036, "log10_lambda": 0.472210614076614, "log10_min_child_weight": 0.9267851052626858, "log10_subsample": -0.9825250148637211, "max_depth": 8.0, "num_boost_round": 12.0}, "datetime": {"datetime": "2024-01-19 00:31:08", "elapsed": 1176.931063, "delta": 0.001422}}
{"target": -13.757564191691246, "params": {"gamma": 25.251764873050696, "log10_alpha": -0.45044397007894066, "log10_colsample_bytree": -0.05706955658884205, "log10_eta": -2.6887653141759036, "log10_lambda": 0.472210614076614, "log10_min_child_weight": 0.9267851052626858, "log10_subsample": -0.9825250148637211, "max_depth": 8.0, "num_boost_round": 13.0}, "datetime": {"datetime": "2024-01-19 00:31:08", "elapsed": 1176.932483, "delta": 0.00142}}
{"target": -13.758538316942346, "params": {"gamma": 9.927888948193964, "log10_alpha": -0.2935376387690365, "log10_colsample_bytree": -0.09917360412857545, "log10_eta": -3.5964305415098203, "log10_lambda": -1.2827907552361273, "log10_min_child_weight": 3.863046482103629, "log10_subsample": -0.6531804040142829, "max_depth": 5.0, "num_boost_round": 0.0}, "datetime": {"datetime": "2024-01-19 00:31:31", "elapsed": 1199.852396, "delta": 22.919913}}
{"target": -13.75853805226781, "params": {"gamma": 9.927888948193964, "log10_alpha": -0.2935376387690365, "log10_colsample_bytree": -0.09917360412857545, "log10_eta": -3.5964305415098203, "log10_lambda": -1.2827907552361273, "log10_min_child_weight": 3.863046482103629, "log10_subsample": -0.6531804040142829, "max_depth": 5.0, "num_boost_round": 1.0}, "datetime": {"datetime": "2024-01-19 00:31:31", "elapsed": 1199.854466, "delta": 0.00207}}
{"target": -13.758538490561287, "params": {"gamma": 9.927888948193964, "log10_alpha": -0.2935376387690365, "log10_colsample_bytree": -0.09917360412857545, "log10_eta": -3.5964305415098203, "log10_lambda": -1.2827907552361273, "log10_min_child_weight": 3.863046482103629, "log10_subsample": -0.6531804040142829, "max_depth": 5.0, "num_boost_round": 2.0}, "datetime": {"datetime": "2024-01-19 00:31:31", "elapsed": 1199.856055, "delta": 0.001589}}
{"target": -13.758540468670923, "params": {"gamma": 9.927888948193964, "log10_alpha": -0.2935376387690365, "log10_colsample_bytree": -0.09917360412857545, "log10_eta": -3.5964305415098203, "log10_lambda": -1.2827907552361273, "log10_min_child_weight": 3.863046482103629, "log10_subsample": -0.6531804040142829, "max_depth": 5.0, "num_boost_round": 3.0}, "datetime": {"datetime": "2024-01-19 00:31:31", "elapsed": 1199.857489, "delta": 0.001434}}
{"target": -13.758540745614352, "params": {"gamma": 9.927888948193964, "log10_alpha": -0.2935376387690365, "log10_colsample_bytree": -0.09917360412857545, "log10_eta": -3.5964305415098203, "log10_lambda": -1.2827907552361273, "log10_min_child_weight": 3.863046482103629, "log10_subsample": -0.6531804040142829, "max_depth": 5.0, "num_boost_round": 4.0}, "datetime": {"datetime": "2024-01-19 00:31:31", "elapsed": 1199.858895, "delta": 0.001406}}
{"target": -13.758542233032538, "params": {"gamma": 9.927888948193964, "log10_alpha": -0.2935376387690365, "log10_colsample_bytree": -0.09917360412857545, "log10_eta": -3.5964305415098203, "log10_lambda": -1.2827907552361273, "log10_min_child_weight": 3.863046482103629, "log10_subsample": -0.6531804040142829, "max_depth": 5.0, "num_boost_round": 5.0}, "datetime": {"datetime": "2024-01-19 00:31:31", "elapsed": 1199.860351, "delta": 0.001456}}
{"target": -13.758540385570162, "params": {"gamma": 9.927888948193964, "log10_alpha": -0.2935376387690365, "log10_colsample_bytree": -0.09917360412857545, "log10_eta": -3.5964305415098203, "log10_lambda": -1.2827907552361273, "log10_min_child_weight": 3.863046482103629, "log10_subsample": -0.6531804040142829, "max_depth": 5.0, "num_boost_round": 6.0}, "datetime": {"datetime": "2024-01-19 00:31:31", "elapsed": 1199.861773, "delta": 0.001422}}
{"target": -13.7585411784892, "params": {"gamma": 9.927888948193964, "log10_alpha": -0.2935376387690365, "log10_colsample_bytree": -0.09917360412857545, "log10_eta": -3.5964305415098203, "log10_lambda": -1.2827907552361273, "log10_min_child_weight": 3.863046482103629, "log10_subsample": -0.6531804040142829, "max_depth": 5.0, "num_boost_round": 7.0}, "datetime": {"datetime": "2024-01-19 00:31:31", "elapsed": 1199.863204, "delta": 0.001431}}
{"target": -13.758538371398393, "params": {"gamma": 9.927888948193964, "log10_alpha": -0.2935376387690365, "log10_colsample_bytree": -0.09917360412857545, "log10_eta": -3.5964305415098203, "log10_lambda": -1.2827907552361273, "log10_min_child_weight": 3.863046482103629, "log10_subsample": -0.6531804040142829, "max_depth": 5.0, "num_boost_round": 8.0}, "datetime": {"datetime": "2024-01-19 00:31:31", "elapsed": 1199.864632, "delta": 0.001428}}
{"target": -13.758541106481077, "params": {"gamma": 9.927888948193964, "log10_alpha": -0.2935376387690365, "log10_colsample_bytree": -0.09917360412857545, "log10_eta": -3.5964305415098203, "log10_lambda": -1.2827907552361273, "log10_min_child_weight": 3.863046482103629, "log10_subsample": -0.6531804040142829, "max_depth": 5.0, "num_boost_round": 9.0}, "datetime": {"datetime": "2024-01-19 00:31:31", "elapsed": 1199.866041, "delta": 0.001409}}
{"target": -13.758540124708206, "params": {"gamma": 9.927888948193964, "log10_alpha": -0.2935376387690365, "log10_colsample_bytree": -0.09917360412857545, "log10_eta": -3.5964305415098203, "log10_lambda": -1.2827907552361273, "log10_min_child_weight": 3.863046482103629, "log10_subsample": -0.6531804040142829, "max_depth": 5.0, "num_boost_round": 10.0}, "datetime": {"datetime": "2024-01-19 00:31:31", "elapsed": 1199.867459, "delta": 0.001418}}
{"target": -13.758538792763677, "params": {"gamma": 9.927888948193964, "log10_alpha": -0.2935376387690365, "log10_colsample_bytree": -0.09917360412857545, "log10_eta": -3.5964305415098203, "log10_lambda": -1.2827907552361273, "log10_min_child_weight": 3.863046482103629, "log10_subsample": -0.6531804040142829, "max_depth": 5.0, "num_boost_round": 11.0}, "datetime": {"datetime": "2024-01-19 00:31:31", "elapsed": 1199.868998, "delta": 0.001539}}
{"target": -13.758539605865368, "params": {"gamma": 9.927888948193964, "log10_alpha": -0.2935376387690365, "log10_colsample_bytree": -0.09917360412857545, "log10_eta": -3.5964305415098203, "log10_lambda": -1.2827907552361273, "log10_min_child_weight": 3.863046482103629, "log10_subsample": -0.6531804040142829, "max_depth": 5.0, "num_boost_round": 12.0}, "datetime": {"datetime": "2024-01-19 00:31:31", "elapsed": 1199.87042, "delta": 0.001422}}
{"target": -13.75854000913618, "params": {"gamma": 9.927888948193964, "log10_alpha": -0.2935376387690365, "log10_colsample_bytree": -0.09917360412857545, "log10_eta": -3.5964305415098203, "log10_lambda": -1.2827907552361273, "log10_min_child_weight": 3.863046482103629, "log10_subsample": -0.6531804040142829, "max_depth": 5.0, "num_boost_round": 13.0}, "datetime": {"datetime": "2024-01-19 00:31:31", "elapsed": 1199.871846, "delta": 0.001426}}
{"target": -13.758539852432696, "params": {"gamma": 9.927888948193964, "log10_alpha": -0.2935376387690365, "log10_colsample_bytree": -0.09917360412857545, "log10_eta": -3.5964305415098203, "log10_lambda": -1.2827907552361273, "log10_min_child_weight": 3.863046482103629, "log10_subsample": -0.6531804040142829, "max_depth": 5.0, "num_boost_round": 14.0}, "datetime": {"datetime": "2024-01-19 00:31:31", "elapsed": 1199.873268, "delta": 0.001422}}
{"target": -13.75853705328749, "params": {"gamma": 9.927888948193964, "log10_alpha": -0.2935376387690365, "log10_colsample_bytree": -0.09917360412857545, "log10_eta": -3.5964305415098203, "log10_lambda": -1.2827907552361273, "log10_min_child_weight": 3.863046482103629, "log10_subsample": -0.6531804040142829, "max_depth": 5.0, "num_boost_round": 15.0}, "datetime": {"datetime": "2024-01-19 00:31:31", "elapsed": 1199.874703, "delta": 0.001435}}
{"target": -13.758536952828, "params": {"gamma": 9.927888948193964, "log10_alpha": -0.2935376387690365, "log10_colsample_bytree": -0.09917360412857545, "log10_eta": -3.5964305415098203, "log10_lambda": -1.2827907552361273, "log10_min_child_weight": 3.863046482103629, "log10_subsample": -0.6531804040142829, "max_depth": 5.0, "num_boost_round": 16.0}, "datetime": {"datetime": "2024-01-19 00:31:31", "elapsed": 1199.876193, "delta": 0.00149}}
{"target": -13.758537707649548, "params": {"gamma": 9.927888948193964, "log10_alpha": -0.2935376387690365, "log10_colsample_bytree": -0.09917360412857545, "log10_eta": -3.5964305415098203, "log10_lambda": -1.2827907552361273, "log10_min_child_weight": 3.863046482103629, "log10_subsample": -0.6531804040142829, "max_depth": 5.0, "num_boost_round": 17.0}, "datetime": {"datetime": "2024-01-19 00:31:31", "elapsed": 1199.877621, "delta": 0.001428}}
{"target": -13.758537683986113, "params": {"gamma": 9.927888948193964, "log10_alpha": -0.2935376387690365, "log10_colsample_bytree": -0.09917360412857545, "log10_eta": -3.5964305415098203, "log10_lambda": -1.2827907552361273, "log10_min_child_weight": 3.863046482103629, "log10_subsample": -0.6531804040142829, "max_depth": 5.0, "num_boost_round": 18.0}, "datetime": {"datetime": "2024-01-19 00:31:31", "elapsed": 1199.879085, "delta": 0.001464}}
{"target": -13.758539812903042, "params": {"gamma": 9.927888948193964, "log10_alpha": -0.2935376387690365, "log10_colsample_bytree": -0.09917360412857545, "log10_eta": -3.5964305415098203, "log10_lambda": -1.2827907552361273, "log10_min_child_weight": 3.863046482103629, "log10_subsample": -0.6531804040142829, "max_depth": 5.0, "num_boost_round": 19.0}, "datetime": {"datetime": "2024-01-19 00:31:31", "elapsed": 1199.880523, "delta": 0.001438}}
