{"target": -13.758429619538628, "params": {"gamma": 892.8601514360016, "log10_alpha": -3.008121168192937, "log10_colsample_bytree": -0.1787708769421682, "log10_eta": -3.8332134970990004, "log10_lambda": -4.354059920384192, "log10_min_child_weight": 2.975260321031201, "log10_subsample": -0.4701826378071784, "max_depth": 5.0, "num_boost_round": 49.0}, "datetime": {"datetime": "2024-01-19 00:11:35", "elapsed": 0.013718, "delta": 0.000193}}
{"target": -13.7584277297497, "params": {"gamma": 892.8601514360016, "log10_alpha": -3.008121168192937, "log10_colsample_bytree": -0.1787708769421682, "log10_eta": -3.8332134970990004, "log10_lambda": -4.354059920384192, "log10_min_child_weight": 2.975260321031201, "log10_subsample": -0.4701826378071784, "max_depth": 5.0, "num_boost_round": 50.0}, "datetime": {"datetime": "2024-01-19 00:11:35", "elapsed": 0.013925, "delta": 0.000207}}
{"target": -13.75842863342753, "params": {"gamma": 892.8601514360016, "log10_alpha": -3.008121168192937, "log10_colsample_bytree": -0.1787708769421682, "log10_eta": -3.8332134970990004, "log10_lambda": -4.354059920384192, "log10_min_child_weight": 2.975260321031201, "log10_subsample": -0.4701826378071784, "max_depth": 5.0, "num_boost_round": 51.0}, "datetime": {"datetime": "2024-01-19 00:11:35", "elapsed": 0.014125, "delta": 0.0002}}
{"target": -13.75842884470583, "params": {"gamma": 892.8601514360016, "log10_alpha": -3.008121168192937, "log10_colsample_bytree": -0.1787708769421682, "log10_eta": -3.8332134970990004, "log10_lambda": -4.354059920384192, "log10_min_child_weight": 2.975260321031201, "log10_subsample": -0.4701826378071784, "max_depth": 5.0, "num_boost_round": 52.0}, "datetime": {"datetime": "2024-01-19 00:11:35", "elapsed": 0.014321, "delta": 0.000196}}
{"target": -13.758429660178237, "params": {"gamma": 892.8601514360016, "log10_alpha": -3.008121168192937, "log10_colsample_bytree": -0.1787708769421682, "log10_eta": -3.8332134970990004, "log10_lambda": -4.354059920384192, "log10_min_child_weight": 2.975260321031201, "log10_subsample": -0.4701826378071784, "max_depth": 5.0, "num_boost_round": 53.0}, "datetime": {"datetime": "2024-01-19 00:11:35", "elapsed": 0.014523, "delta": 0.000202}}
{"target": -13.758425314545871, "params": {"gamma": 892.8601514360016, "log10_alpha": -3.008121168192937, "log10_colsample_bytree": -0.1787708769421682, "log10_eta": -3.8332134970990004, "log10_lambda": -4.354059920384192, "log10_min_child_weight": 2.975260321031201, "log10_subsample": -0.4701826378071784, "max_depth": 5.0, "num_boost_round": 54.0}, "datetime": {"datetime": "2024-01-19 00:11:35", "elapsed": 0.014726, "delta": 0.000203}}
{"target": -13.758424348040764, "params": {"gamma": 892.8601514360016, "log10_alpha": -3.008121168192937, "log10_colsample_bytree": -0.1787708769421682, "log10_eta": -3.8332134970990004, "log10_lambda": -4.354059920384192, "log10_min_child_weight": 2.975260321031201, "log10_subsample": -0.4701826378071784, "max_depth": 5.0, "num_boost_round": 55.0}, "datetime": {"datetime": "2024-01-19 00:11:35", "elapsed": 0.01494, "delta": 0.000214}}
{"target": -13.758419839111049, "params": {"gamma": 892.8601514360016, "log10_alpha": -3.008121168192937, "log10_colsample_bytree": -0.1787708769421682, "log10_eta": -3.8332134970990004, "log10_lambda": -4.354059920384192, "log10_min_child_weight": 2.975260321031201, "log10_subsample": -0.4701826378071784, "max_depth": 5.0, "num_boost_round": 56.0}, "datetime": {"datetime": "2024-01-19 00:11:35", "elapsed": 0.015154, "delta": 0.000214}}
{"target": -13.758415849979688, "params": {"gamma": 892.8601514360016, "log10_alpha": -3.008121168192937, "log10_colsample_bytree": -0.1787708769421682, "log10_eta": -3.8332134970990004, "log10_lambda": -4.354059920384192, "log10_min_child_weight": 2.975260321031201, "log10_subsample": -0.4701826378071784, "max_depth": 5.0, "num_boost_round": 57.0}, "datetime": {"datetime": "2024-01-19 00:11:35", "elapsed": 0.015365, "delta": 0.000211}}
{"target": -13.758412825133068, "params": {"gamma": 892.8601514360016, "log10_alpha": -3.008121168192937, "log10_colsample_bytree": -0.1787708769421682, "log10_eta": -3.8332134970990004, "log10_lambda": -4.354059920384192, "log10_min_child_weight": 2.975260321031201, "log10_subsample": -0.4701826378071784, "max_depth": 5.0, "num_boost_round": 58.0}, "datetime": {"datetime": "2024-01-19 00:11:35", "elapsed": 0.015577, "delta": 0.000212}}
{"target": -13.758409531629903, "params": {"gamma": 892.8601514360016, "log10_alpha": -3.008121168192937, "log10_colsample_bytree": -0.1787708769421682, "log10_eta": -3.8332134970990004, "log10_lambda": -4.354059920384192, "log10_min_child_weight": 2.975260321031201, "log10_subsample": -0.4701826378071784, "max_depth": 5.0, "num_boost_round": 59.0}, "datetime": {"datetime": "2024-01-19 00:11:35", "elapsed": 0.015789, "delta": 0.000212}}
{"target": -13.758408250896986, "params": {"gamma": 892.8601514360016, "log10_alpha": -3.008121168192937, "log10_colsample_bytree": -0.1787708769421682, "log10_eta": -3.8332134970990004, "log10_lambda": -4.354059920384192, "log10_min_child_weight": 2.975260321031201, "log10_subsample": -0.4701826378071784, "max_depth": 5.0, "num_boost_round": 60.0}, "datetime": {"datetime": "2024-01-19 00:11:35", "elapsed": 0.016012, "delta": 0.000223}}
{"target": -13.758407847424444, "params": {"gamma": 892.8601514360016, "log10_alpha": -3.008121168192937, "log10_colsample_bytree": -0.1787708769421682, "log10_eta": -3.8332134970990004, "log10_lambda": -4.354059920384192, "log10_min_child_weight": 2.975260321031201, "log10_subsample": -0.4701826378071784, "max_depth": 5.0, "num_boost_round": 61.0}, "datetime": {"datetime": "2024-01-19 00:11:35", "elapsed": 0.016227, "delta": 0.000215}}
{"target": -13.758404799757006, "params": {"gamma": 892.8601514360016, "log10_alpha": -3.008121168192937, "log10_colsample_bytree": -0.1787708769421682, "log10_eta": -3.8332134970990004, "log10_lambda": -4.354059920384192, "log10_min_child_weight": 2.975260321031201, "log10_subsample": -0.4701826378071784, "max_depth": 5.0, "num_boost_round": 62.0}, "datetime": {"datetime": "2024-01-19 00:11:35", "elapsed": 0.01644, "delta": 0.000213}}
{"target": -13.758402546888723, "params": {"gamma": 892.8601514360016, "log10_alpha": -3.008121168192937, "log10_colsample_bytree": -0.1787708769421682, "log10_eta": -3.8332134970990004, "log10_lambda": -4.354059920384192, "log10_min_child_weight": 2.975260321031201, "log10_subsample": -0.4701826378071784, "max_depth": 5.0, "num_boost_round": 63.0}, "datetime": {"datetime": "2024-01-19 00:11:35", "elapsed": 0.016654, "delta": 0.000214}}
{"target": -13.758399894700238, "params": {"gamma": 892.8601514360016, "log10_alpha": -3.008121168192937, "log10_colsample_bytree": -0.1787708769421682, "log10_eta": -3.8332134970990004, "log10_lambda": -4.354059920384192, "log10_min_child_weight": 2.975260321031201, "log10_subsample": -0.4701826378071784, "max_depth": 5.0, "num_boost_round": 64.0}, "datetime": {"datetime": "2024-01-19 00:11:35", "elapsed": 0.016876, "delta": 0.000222}}
{"target": -13.758399524012663, "params": {"gamma": 892.8601514360016, "log10_alpha": -3.008121168192937, "log10_colsample_bytree": -0.1787708769421682, "log10_eta": -3.8332134970990004, "log10_lambda": -4.354059920384192, "log10_min_child_weight": 2.975260321031201, "log10_subsample": -0.4701826378071784, "max_depth": 5.0, "num_boost_round": 65.0}, "datetime": {"datetime": "2024-01-19 00:11:35", "elapsed": 0.017098, "delta": 0.000222}}
{"target": -13.758396763094717, "params": {"gamma": 892.8601514360016, "log10_alpha": -3.008121168192937, "log10_colsample_bytree": -0.1787708769421682, "log10_eta": -3.8332134970990004, "log10_lambda": -4.354059920384192, "log10_min_child_weight": 2.975260321031201, "log10_subsample": -0.4701826378071784, "max_depth": 5.0, "num_boost_round": 66.0}, "datetime": {"datetime": "2024-01-19 00:11:35", "elapsed": 0.017318, "delta": 0.00022}}
{"target": -13.758394542576449, "params": {"gamma": 892.8601514360016, "log10_alpha": -3.008121168192937, "log10_colsample_bytree": -0.1787708769421682, "log10_eta": -3.8332134970990004, "log10_lambda": -4.354059920384192, "log10_min_child_weight": 2.975260321031201, "log10_subsample": -0.4701826378071784, "max_depth": 5.0, "num_boost_round": 67.0}, "datetime": {"datetime": "2024-01-19 00:11:35", "elapsed": 0.017539, "delta": 0.000221}}
{"target": -13.758392379494348, "params": {"gamma": 892.8601514360016, "log10_alpha": -3.008121168192937, "log10_colsample_bytree": -0.1787708769421682, "log10_eta": -3.8332134970990004, "log10_lambda": -4.354059920384192, "log10_min_child_weight": 2.975260321031201, "log10_subsample": -0.4701826378071784, "max_depth": 5.0, "num_boost_round": 68.0}, "datetime": {"datetime": "2024-01-19 00:11:35", "elapsed": 0.01776, "delta": 0.000221}}
{"target": -13.75839161714407, "params": {"gamma": 892.8601514360016, "log10_alpha": -3.008121168192937, "log10_colsample_bytree": -0.1787708769421682, "log10_eta": -3.8332134970990004, "log10_lambda": -4.354059920384192, "log10_min_child_weight": 2.975260321031201, "log10_subsample": -0.4701826378071784, "max_depth": 5.0, "num_boost_round": 69.0}, "datetime": {"datetime": "2024-01-19 00:11:35", "elapsed": 0.017989, "delta": 0.000229}}
{"target": -13.758388464938308, "params": {"gamma": 892.8601514360016, "log10_alpha": -3.008121168192937, "log10_colsample_bytree": -0.1787708769421682, "log10_eta": -3.8332134970990004, "log10_lambda": -4.354059920384192, "log10_min_child_weight": 2.975260321031201, "log10_subsample": -0.4701826378071784, "max_depth": 5.0, "num_boost_round": 70.0}, "datetime": {"datetime": "2024-01-19 00:11:35", "elapsed": 0.018216, "delta": 0.000227}}
{"target": -13.758387108885676, "params": {"gamma": 892.8601514360016, "log10_alpha": -3.008121168192937, "log10_colsample_bytree": -0.1787708769421682, "log10_eta": -3.8332134970990004, "log10_lambda": -4.354059920384192, "log10_min_child_weight": 2.975260321031201, "log10_subsample": -0.4701826378071784, "max_depth": 5.0, "num_boost_round": 71.0}, "datetime": {"datetime": "2024-01-19 00:11:35", "elapsed": 0.018441, "delta": 0.000225}}
{"target": -13.75838536994107, "params": {"gamma": 892.8601514360016, "log10_alpha": -3.008121168192937, "log10_colsample_bytree": -0.1787708769421682, "log10_eta": -3.8332134970990004, "log10_lambda": -4.354059920384192, "log10_min_child_weight": 2.975260321031201, "log10_subsample": -0.4701826378071784, "max_depth": 5.0, "num_boost_round": 72.0}, "datetime": {"datetime": "2024-01-19 00:11:35", "elapsed": 0.018667, "delta": 0.000226}}
{"target": -13.75848579891279, "params": {"gamma": 888.0239261265683, "log10_alpha": 0.8261177700902955, "log10_colsample_bytree": -0.20772854794703155, "log10_eta": -2.1195216078484136, "log10_lambda": -0.2662941976212094, "log10_min_child_weight": 3.6232585236981234, "log10_subsample": -0.021303743681979292, "max_depth": 6.0, "num_boost_round": 0.0}, "datetime": {"datetime": "2024-01-19 00:12:17", "elapsed": 41.3893, "delta": 41.370633}}
{"target": -13.75848371557673, "params": {"gamma": 888.0239261265683, "log10_alpha": 0.8261177700902955, "log10_colsample_bytree": -0.20772854794703155, "log10_eta": -2.1195216078484136, "log10_lambda": -0.2662941976212094, "log10_min_child_weight": 3.6232585236981234, "log10_subsample": -0.021303743681979292, "max_depth": 6.0, "num_boost_round": 1.0}, "datetime": {"datetime": "2024-01-19 00:12:17", "elapsed": 41.390357, "delta": 0.001057}}
{"target": -13.75836182498779, "params": {"gamma": 888.0239261265683, "log10_alpha": 0.8261177700902955, "log10_colsample_bytree": -0.20772854794703155, "log10_eta": -2.1195216078484136, "log10_lambda": -0.2662941976212094, "log10_min_child_weight": 3.6232585236981234, "log10_subsample": -0.021303743681979292, "max_depth": 6.0, "num_boost_round": 2.0}, "datetime": {"datetime": "2024-01-19 00:12:17", "elapsed": 41.390646, "delta": 0.000289}}
{"target": -13.758451532137599, "params": {"gamma": 888.0239261265683, "log10_alpha": 0.8261177700902955, "log10_colsample_bytree": -0.20772854794703155, "log10_eta": -2.1195216078484136, "log10_lambda": -0.2662941976212094, "log10_min_child_weight": 3.6232585236981234, "log10_subsample": -0.021303743681979292, "max_depth": 6.0, "num_boost_round": 3.0}, "datetime": {"datetime": "2024-01-19 00:12:17", "elapsed": 41.391016, "delta": 0.00037}}
{"target": -13.75832636488355, "params": {"gamma": 888.0239261265683, "log10_alpha": 0.8261177700902955, "log10_colsample_bytree": -0.20772854794703155, "log10_eta": -2.1195216078484136, "log10_lambda": -0.2662941976212094, "log10_min_child_weight": 3.6232585236981234, "log10_subsample": -0.021303743681979292, "max_depth": 6.0, "num_boost_round": 4.0}, "datetime": {"datetime": "2024-01-19 00:12:17", "elapsed": 41.391833, "delta": 0.000817}}
{"target": -13.75826940601234, "params": {"gamma": 888.0239261265683, "log10_alpha": 0.8261177700902955, "log10_colsample_bytree": -0.20772854794703155, "log10_eta": -2.1195216078484136, "log10_lambda": -0.2662941976212094, "log10_min_child_weight": 3.6232585236981234, "log10_subsample": -0.021303743681979292, "max_depth": 6.0, "num_boost_round": 5.0}, "datetime": {"datetime": "2024-01-19 00:12:17", "elapsed": 41.392098, "delta": 0.000265}}
{"target": -13.75831483199178, "params": {"gamma": 888.0239261265683, "log10_alpha": 0.8261177700902955, "log10_colsample_bytree": -0.20772854794703155, "log10_eta": -2.1195216078484136, "log10_lambda": -0.2662941976212094, "log10_min_child_weight": 3.6232585236981234, "log10_subsample": -0.021303743681979292, "max_depth": 6.0, "num_boost_round": 6.0}, "datetime": {"datetime": "2024-01-19 00:12:17", "elapsed": 41.392348, "delta": 0.00025}}
{"target": -13.758352871896248, "params": {"gamma": 888.0239261265683, "log10_alpha": 0.8261177700902955, "log10_colsample_bytree": -0.20772854794703155, "log10_eta": -2.1195216078484136, "log10_lambda": -0.2662941976212094, "log10_min_child_weight": 3.6232585236981234, "log10_subsample": -0.021303743681979292, "max_depth": 6.0, "num_boost_round": 7.0}, "datetime": {"datetime": "2024-01-19 00:12:17", "elapsed": 41.3926, "delta": 0.000252}}
{"target": -13.75846532066605, "params": {"gamma": 888.0239261265683, "log10_alpha": 0.8261177700902955, "log10_colsample_bytree": -0.20772854794703155, "log10_eta": -2.1195216078484136, "log10_lambda": -0.2662941976212094, "log10_min_child_weight": 3.6232585236981234, "log10_subsample": -0.021303743681979292, "max_depth": 6.0, "num_boost_round": 8.0}, "datetime": {"datetime": "2024-01-19 00:12:17", "elapsed": 41.392854, "delta": 0.000254}}
{"target": -13.758355509740989, "params": {"gamma": 888.0239261265683, "log10_alpha": 0.8261177700902955, "log10_colsample_bytree": -0.20772854794703155, "log10_eta": -2.1195216078484136, "log10_lambda": -0.2662941976212094, "log10_min_child_weight": 3.6232585236981234, "log10_subsample": -0.021303743681979292, "max_depth": 6.0, "num_boost_round": 9.0}, "datetime": {"datetime": "2024-01-19 00:12:17", "elapsed": 41.393105, "delta": 0.000251}}
{"target": -13.75844919797231, "params": {"gamma": 888.0239261265683, "log10_alpha": 0.8261177700902955, "log10_colsample_bytree": -0.20772854794703155, "log10_eta": -2.1195216078484136, "log10_lambda": -0.2662941976212094, "log10_min_child_weight": 3.6232585236981234, "log10_subsample": -0.021303743681979292, "max_depth": 6.0, "num_boost_round": 10.0}, "datetime": {"datetime": "2024-01-19 00:12:17", "elapsed": 41.393353, "delta": 0.000248}}
{"target": -13.758330416151445, "params": {"gamma": 888.0239261265683, "log10_alpha": 0.8261177700902955, "log10_colsample_bytree": -0.20772854794703155, "log10_eta": -2.1195216078484136, "log10_lambda": -0.2662941976212094, "log10_min_child_weight": 3.6232585236981234, "log10_subsample": -0.021303743681979292, "max_depth": 6.0, "num_boost_round": 11.0}, "datetime": {"datetime": "2024-01-19 00:12:17", "elapsed": 41.393606, "delta": 0.000253}}
{"target": -13.758469368147388, "params": {"gamma": 888.0239261265683, "log10_alpha": 0.8261177700902955, "log10_colsample_bytree": -0.20772854794703155, "log10_eta": -2.1195216078484136, "log10_lambda": -0.2662941976212094, "log10_min_child_weight": 3.6232585236981234, "log10_subsample": -0.021303743681979292, "max_depth": 6.0, "num_boost_round": 12.0}, "datetime": {"datetime": "2024-01-19 00:12:17", "elapsed": 41.393991, "delta": 0.000385}}
{"target": -13.75849863418707, "params": {"gamma": 888.0239261265683, "log10_alpha": 0.8261177700902955, "log10_colsample_bytree": -0.20772854794703155, "log10_eta": -2.1195216078484136, "log10_lambda": -0.2662941976212094, "log10_min_child_weight": 3.6232585236981234, "log10_subsample": -0.021303743681979292, "max_depth": 6.0, "num_boost_round": 13.0}, "datetime": {"datetime": "2024-01-19 00:12:17", "elapsed": 41.394256, "delta": 0.000265}}
{"target": -13.758369035691963, "params": {"gamma": 888.0239261265683, "log10_alpha": 0.8261177700902955, "log10_colsample_bytree": -0.20772854794703155, "log10_eta": -2.1195216078484136, "log10_lambda": -0.2662941976212094, "log10_min_child_weight": 3.6232585236981234, "log10_subsample": -0.021303743681979292, "max_depth": 6.0, "num_boost_round": 14.0}, "datetime": {"datetime": "2024-01-19 00:12:17", "elapsed": 41.394522, "delta": 0.000266}}
{"target": -13.758426431722434, "params": {"gamma": 888.0239261265683, "log10_alpha": 0.8261177700902955, "log10_colsample_bytree": -0.20772854794703155, "log10_eta": -2.1195216078484136, "log10_lambda": -0.2662941976212094, "log10_min_child_weight": 3.6232585236981234, "log10_subsample": -0.021303743681979292, "max_depth": 6.0, "num_boost_round": 15.0}, "datetime": {"datetime": "2024-01-19 00:12:17", "elapsed": 41.394783, "delta": 0.000261}}
{"target": -13.75825856232303, "params": {"gamma": 888.0239261265683, "log10_alpha": 0.8261177700902955, "log10_colsample_bytree": -0.20772854794703155, "log10_eta": -2.1195216078484136, "log10_lambda": -0.2662941976212094, "log10_min_child_weight": 3.6232585236981234, "log10_subsample": -0.021303743681979292, "max_depth": 6.0, "num_boost_round": 16.0}, "datetime": {"datetime": "2024-01-19 00:12:17", "elapsed": 41.39506, "delta": 0.000277}}
{"target": -13.75827965251081, "params": {"gamma": 888.0239261265683, "log10_alpha": 0.8261177700902955, "log10_colsample_bytree": -0.20772854794703155, "log10_eta": -2.1195216078484136, "log10_lambda": -0.2662941976212094, "log10_min_child_weight": 3.6232585236981234, "log10_subsample": -0.021303743681979292, "max_depth": 6.0, "num_boost_round": 17.0}, "datetime": {"datetime": "2024-01-19 00:12:17", "elapsed": 41.395322, "delta": 0.000262}}
{"target": -13.758342065709973, "params": {"gamma": 888.0239261265683, "log10_alpha": 0.8261177700902955, "log10_colsample_bytree": -0.20772854794703155, "log10_eta": -2.1195216078484136, "log10_lambda": -0.2662941976212094, "log10_min_child_weight": 3.6232585236981234, "log10_subsample": -0.021303743681979292, "max_depth": 6.0, "num_boost_round": 18.0}, "datetime": {"datetime": "2024-01-19 00:12:17", "elapsed": 41.3956, "delta": 0.000278}}
{"target": -13.75832454147377, "params": {"gamma": 888.0239261265683, "log10_alpha": 0.8261177700902955, "log10_colsample_bytree": -0.20772854794703155, "log10_eta": -2.1195216078484136, "log10_lambda": -0.2662941976212094, "log10_min_child_weight": 3.6232585236981234, "log10_subsample": -0.021303743681979292, "max_depth": 6.0, "num_boost_round": 19.0}, "datetime": {"datetime": "2024-01-19 00:12:17", "elapsed": 41.395878, "delta": 0.000278}}
{"target": -13.758165896973518, "params": {"gamma": 888.0239261265683, "log10_alpha": 0.8261177700902955, "log10_colsample_bytree": -0.20772854794703155, "log10_eta": -2.1195216078484136, "log10_lambda": -0.2662941976212094, "log10_min_child_weight": 3.6232585236981234, "log10_subsample": -0.021303743681979292, "max_depth": 6.0, "num_boost_round": 20.0}, "datetime": {"datetime": "2024-01-19 00:12:17", "elapsed": 41.396152, "delta": 0.000274}}
{"target": -13.758154276054103, "params": {"gamma": 888.0239261265683, "log10_alpha": 0.8261177700902955, "log10_colsample_bytree": -0.20772854794703155, "log10_eta": -2.1195216078484136, "log10_lambda": -0.2662941976212094, "log10_min_child_weight": 3.6232585236981234, "log10_subsample": -0.021303743681979292, "max_depth": 6.0, "num_boost_round": 21.0}, "datetime": {"datetime": "2024-01-19 00:12:17", "elapsed": 41.39642, "delta": 0.000268}}
{"target": -13.758086354062506, "params": {"gamma": 888.0239261265683, "log10_alpha": 0.8261177700902955, "log10_colsample_bytree": -0.20772854794703155, "log10_eta": -2.1195216078484136, "log10_lambda": -0.2662941976212094, "log10_min_child_weight": 3.6232585236981234, "log10_subsample": -0.021303743681979292, "max_depth": 6.0, "num_boost_round": 22.0}, "datetime": {"datetime": "2024-01-19 00:12:17", "elapsed": 41.396692, "delta": 0.000272}}
{"target": -13.757996086896675, "params": {"gamma": 888.0239261265683, "log10_alpha": 0.8261177700902955, "log10_colsample_bytree": -0.20772854794703155, "log10_eta": -2.1195216078484136, "log10_lambda": -0.2662941976212094, "log10_min_child_weight": 3.6232585236981234, "log10_subsample": -0.021303743681979292, "max_depth": 6.0, "num_boost_round": 23.0}, "datetime": {"datetime": "2024-01-19 00:12:17", "elapsed": 41.396972, "delta": 0.00028}}
{"target": -13.757899394158686, "params": {"gamma": 888.0239261265683, "log10_alpha": 0.8261177700902955, "log10_colsample_bytree": -0.20772854794703155, "log10_eta": -2.1195216078484136, "log10_lambda": -0.2662941976212094, "log10_min_child_weight": 3.6232585236981234, "log10_subsample": -0.021303743681979292, "max_depth": 6.0, "num_boost_round": 24.0}, "datetime": {"datetime": "2024-01-19 00:12:17", "elapsed": 41.397247, "delta": 0.000275}}
