{"target": -17.677096740520142, "params": {"gamma": 969.5177420225018, "log10_alpha": -1.156656291095116, "log10_colsample_bytree": -0.9269340516986735, "log10_eta": -2.3703053936463814, "log10_lambda": -0.885819900879385, "log10_min_child_weight": 4.158023396157312, "log10_subsample": -0.2726949741068091, "max_depth": 5.0, "num_boost_round": 0.0}, "datetime": {"datetime": "2024-01-19 01:05:18", "elapsed": 3212.716355, "delta": 56.804522}}
{"target": -17.67710272601021, "params": {"gamma": 969.5177420225018, "log10_alpha": -1.156656291095116, "log10_colsample_bytree": -0.9269340516986735, "log10_eta": -2.3703053936463814, "log10_lambda": -0.885819900879385, "log10_min_child_weight": 4.158023396157312, "log10_subsample": -0.2726949741068091, "max_depth": 5.0, "num_boost_round": 1.0}, "datetime": {"datetime": "2024-01-19 01:05:18", "elapsed": 3212.721103, "delta": 0.004748}}
{"target": -17.67716127190673, "params": {"gamma": 969.5177420225018, "log10_alpha": -1.156656291095116, "log10_colsample_bytree": -0.9269340516986735, "log10_eta": -2.3703053936463814, "log10_lambda": -0.885819900879385, "log10_min_child_weight": 4.158023396157312, "log10_subsample": -0.2726949741068091, "max_depth": 5.0, "num_boost_round": 2.0}, "datetime": {"datetime": "2024-01-19 01:05:18", "elapsed": 3212.724839, "delta": 0.003736}}
{"target": -17.67715624515274, "params": {"gamma": 969.5177420225018, "log10_alpha": -1.156656291095116, "log10_colsample_bytree": -0.9269340516986735, "log10_eta": -2.3703053936463814, "log10_lambda": -0.885819900879385, "log10_min_child_weight": 4.158023396157312, "log10_subsample": -0.2726949741068091, "max_depth": 5.0, "num_boost_round": 3.0}, "datetime": {"datetime": "2024-01-19 01:05:18", "elapsed": 3212.728449, "delta": 0.00361}}
{"target": -17.677080710591067, "params": {"gamma": 969.5177420225018, "log10_alpha": -1.156656291095116, "log10_colsample_bytree": -0.9269340516986735, "log10_eta": -2.3703053936463814, "log10_lambda": -0.885819900879385, "log10_min_child_weight": 4.158023396157312, "log10_subsample": -0.2726949741068091, "max_depth": 5.0, "num_boost_round": 4.0}, "datetime": {"datetime": "2024-01-19 01:05:18", "elapsed": 3212.732169, "delta": 0.00372}}
{"target": -17.67710231661592, "params": {"gamma": 969.5177420225018, "log10_alpha": -1.156656291095116, "log10_colsample_bytree": -0.9269340516986735, "log10_eta": -2.3703053936463814, "log10_lambda": -0.885819900879385, "log10_min_child_weight": 4.158023396157312, "log10_subsample": -0.2726949741068091, "max_depth": 5.0, "num_boost_round": 5.0}, "datetime": {"datetime": "2024-01-19 01:05:18", "elapsed": 3212.735732, "delta": 0.003563}}
{"target": -17.677121284802833, "params": {"gamma": 969.5177420225018, "log10_alpha": -1.156656291095116, "log10_colsample_bytree": -0.9269340516986735, "log10_eta": -2.3703053936463814, "log10_lambda": -0.885819900879385, "log10_min_child_weight": 4.158023396157312, "log10_subsample": -0.2726949741068091, "max_depth": 5.0, "num_boost_round": 6.0}, "datetime": {"datetime": "2024-01-19 01:05:18", "elapsed": 3212.739156, "delta": 0.003424}}
{"target": -17.677016577559314, "params": {"gamma": 969.5177420225018, "log10_alpha": -1.156656291095116, "log10_colsample_bytree": -0.9269340516986735, "log10_eta": -2.3703053936463814, "log10_lambda": -0.885819900879385, "log10_min_child_weight": 4.158023396157312, "log10_subsample": -0.2726949741068091, "max_depth": 5.0, "num_boost_round": 7.0}, "datetime": {"datetime": "2024-01-19 01:05:18", "elapsed": 3212.742695, "delta": 0.003539}}
{"target": -17.677007556455532, "params": {"gamma": 969.5177420225018, "log10_alpha": -1.156656291095116, "log10_colsample_bytree": -0.9269340516986735, "log10_eta": -2.3703053936463814, "log10_lambda": -0.885819900879385, "log10_min_child_weight": 4.158023396157312, "log10_subsample": -0.2726949741068091, "max_depth": 5.0, "num_boost_round": 8.0}, "datetime": {"datetime": "2024-01-19 01:05:18", "elapsed": 3212.746093, "delta": 0.003398}}
{"target": -17.676975448151424, "params": {"gamma": 969.5177420225018, "log10_alpha": -1.156656291095116, "log10_colsample_bytree": -0.9269340516986735, "log10_eta": -2.3703053936463814, "log10_lambda": -0.885819900879385, "log10_min_child_weight": 4.158023396157312, "log10_subsample": -0.2726949741068091, "max_depth": 5.0, "num_boost_round": 9.0}, "datetime": {"datetime": "2024-01-19 01:05:18", "elapsed": 3212.749567, "delta": 0.003474}}
{"target": -17.676939126296084, "params": {"gamma": 969.5177420225018, "log10_alpha": -1.156656291095116, "log10_colsample_bytree": -0.9269340516986735, "log10_eta": -2.3703053936463814, "log10_lambda": -0.885819900879385, "log10_min_child_weight": 4.158023396157312, "log10_subsample": -0.2726949741068091, "max_depth": 5.0, "num_boost_round": 10.0}, "datetime": {"datetime": "2024-01-19 01:05:18", "elapsed": 3212.75311, "delta": 0.003543}}
{"target": -17.677195899816482, "params": {"gamma": 973.9071738236778, "log10_alpha": -3.7471859286274802, "log10_colsample_bytree": -0.6181201814668107, "log10_eta": -3.2073917501882514, "log10_lambda": -0.25699277635064455, "log10_min_child_weight": 1.5182813168939386, "log10_subsample": -0.16912587821755176, "max_depth": 9.0, "num_boost_round": 0.0}, "datetime": {"datetime": "2024-01-19 01:05:55", "elapsed": 3249.360783, "delta": 36.607673}}
{"target": -17.677188735836456, "params": {"gamma": 973.9071738236778, "log10_alpha": -3.7471859286274802, "log10_colsample_bytree": -0.6181201814668107, "log10_eta": -3.2073917501882514, "log10_lambda": -0.25699277635064455, "log10_min_child_weight": 1.5182813168939386, "log10_subsample": -0.16912587821755176, "max_depth": 9.0, "num_boost_round": 1.0}, "datetime": {"datetime": "2024-01-19 01:05:55", "elapsed": 3249.365093, "delta": 0.00431}}
{"target": -17.677136588844853, "params": {"gamma": 973.9071738236778, "log10_alpha": -3.7471859286274802, "log10_colsample_bytree": -0.6181201814668107, "log10_eta": -3.2073917501882514, "log10_lambda": -0.25699277635064455, "log10_min_child_weight": 1.5182813168939386, "log10_subsample": -0.16912587821755176, "max_depth": 9.0, "num_boost_round": 2.0}, "datetime": {"datetime": "2024-01-19 01:05:55", "elapsed": 3249.368611, "delta": 0.003518}}
{"target": -17.677095980411355, "params": {"gamma": 973.9071738236778, "log10_alpha": -3.7471859286274802, "log10_colsample_bytree": -0.6181201814668107, "log10_eta": -3.2073917501882514, "log10_lambda": -0.25699277635064455, "log10_min_child_weight": 1.5182813168939386, "log10_subsample": -0.16912587821755176, "max_depth": 9.0, "num_boost_round": 3.0}, "datetime": {"datetime": "2024-01-19 01:05:55", "elapsed": 3249.372225, "delta": 0.003614}}
{"target": -17.677047965340225, "params": {"gamma": 973.9071738236778, "log10_alpha": -3.7471859286274802, "log10_colsample_bytree": -0.6181201814668107, "log10_eta": -3.2073917501882514, "log10_lambda": -0.25699277635064455, "log10_min_child_weight": 1.5182813168939386, "log10_subsample": -0.16912587821755176, "max_depth": 9.0, "num_boost_round": 4.0}, "datetime": {"datetime": "2024-01-19 01:05:55", "elapsed": 3249.375619, "delta": 0.003394}}
{"target": -17.676996218177443, "params": {"gamma": 973.9071738236778, "log10_alpha": -3.7471859286274802, "log10_colsample_bytree": -0.6181201814668107, "log10_eta": -3.2073917501882514, "log10_lambda": -0.25699277635064455, "log10_min_child_weight": 1.5182813168939386, "log10_subsample": -0.16912587821755176, "max_depth": 9.0, "num_boost_round": 5.0}, "datetime": {"datetime": "2024-01-19 01:05:55", "elapsed": 3249.37906, "delta": 0.003441}}
{"target": -17.67700612124787, "params": {"gamma": 973.9071738236778, "log10_alpha": -3.7471859286274802, "log10_colsample_bytree": -0.6181201814668107, "log10_eta": -3.2073917501882514, "log10_lambda": -0.25699277635064455, "log10_min_child_weight": 1.5182813168939386, "log10_subsample": -0.16912587821755176, "max_depth": 9.0, "num_boost_round": 6.0}, "datetime": {"datetime": "2024-01-19 01:05:55", "elapsed": 3249.382473, "delta": 0.003413}}
{"target": -17.676981178570816, "params": {"gamma": 973.9071738236778, "log10_alpha": -3.7471859286274802, "log10_colsample_bytree": -0.6181201814668107, "log10_eta": -3.2073917501882514, "log10_lambda": -0.25699277635064455, "log10_min_child_weight": 1.5182813168939386, "log10_subsample": -0.16912587821755176, "max_depth": 9.0, "num_boost_round": 7.0}, "datetime": {"datetime": "2024-01-19 01:05:55", "elapsed": 3249.385868, "delta": 0.003395}}
{"target": -17.67698132656763, "params": {"gamma": 973.9071738236778, "log10_alpha": -3.7471859286274802, "log10_colsample_bytree": -0.6181201814668107, "log10_eta": -3.2073917501882514, "log10_lambda": -0.25699277635064455, "log10_min_child_weight": 1.5182813168939386, "log10_subsample": -0.16912587821755176, "max_depth": 9.0, "num_boost_round": 8.0}, "datetime": {"datetime": "2024-01-19 01:05:55", "elapsed": 3249.389256, "delta": 0.003388}}
{"target": -17.67693879754097, "params": {"gamma": 973.9071738236778, "log10_alpha": -3.7471859286274802, "log10_colsample_bytree": -0.6181201814668107, "log10_eta": -3.2073917501882514, "log10_lambda": -0.25699277635064455, "log10_min_child_weight": 1.5182813168939386, "log10_subsample": -0.16912587821755176, "max_depth": 9.0, "num_boost_round": 9.0}, "datetime": {"datetime": "2024-01-19 01:05:55", "elapsed": 3249.392786, "delta": 0.00353}}
{"target": -17.67686453731936, "params": {"gamma": 973.9071738236778, "log10_alpha": -3.7471859286274802, "log10_colsample_bytree": -0.6181201814668107, "log10_eta": -3.2073917501882514, "log10_lambda": -0.25699277635064455, "log10_min_child_weight": 1.5182813168939386, "log10_subsample": -0.16912587821755176, "max_depth": 9.0, "num_boost_round": 10.0}, "datetime": {"datetime": "2024-01-19 01:05:55", "elapsed": 3249.396226, "delta": 0.00344}}
{"target": -17.67684922595964, "params": {"gamma": 973.9071738236778, "log10_alpha": -3.7471859286274802, "log10_colsample_bytree": -0.6181201814668107, "log10_eta": -3.2073917501882514, "log10_lambda": -0.25699277635064455, "log10_min_child_weight": 1.5182813168939386, "log10_subsample": -0.16912587821755176, "max_depth": 9.0, "num_boost_round": 11.0}, "datetime": {"datetime": "2024-01-19 01:05:55", "elapsed": 3249.399611, "delta": 0.003385}}
{"target": -17.676807920027024, "params": {"gamma": 973.9071738236778, "log10_alpha": -3.7471859286274802, "log10_colsample_bytree": -0.6181201814668107, "log10_eta": -3.2073917501882514, "log10_lambda": -0.25699277635064455, "log10_min_child_weight": 1.5182813168939386, "log10_subsample": -0.16912587821755176, "max_depth": 9.0, "num_boost_round": 12.0}, "datetime": {"datetime": "2024-01-19 01:05:55", "elapsed": 3249.403032, "delta": 0.003421}}
{"target": -17.676755034595963, "params": {"gamma": 973.9071738236778, "log10_alpha": -3.7471859286274802, "log10_colsample_bytree": -0.6181201814668107, "log10_eta": -3.2073917501882514, "log10_lambda": -0.25699277635064455, "log10_min_child_weight": 1.5182813168939386, "log10_subsample": -0.16912587821755176, "max_depth": 9.0, "num_boost_round": 13.0}, "datetime": {"datetime": "2024-01-19 01:05:55", "elapsed": 3249.406406, "delta": 0.003374}}
{"target": -17.67678968847588, "params": {"gamma": 973.9071738236778, "log10_alpha": -3.7471859286274802, "log10_colsample_bytree": -0.6181201814668107, "log10_eta": -3.2073917501882514, "log10_lambda": -0.25699277635064455, "log10_min_child_weight": 1.5182813168939386, "log10_subsample": -0.16912587821755176, "max_depth": 9.0, "num_boost_round": 14.0}, "datetime": {"datetime": "2024-01-19 01:05:55", "elapsed": 3249.409803, "delta": 0.003397}}
{"target": -17.676778895310715, "params": {"gamma": 973.9071738236778, "log10_alpha": -3.7471859286274802, "log10_colsample_bytree": -0.6181201814668107, "log10_eta": -3.2073917501882514, "log10_lambda": -0.25699277635064455, "log10_min_child_weight": 1.5182813168939386, "log10_subsample": -0.16912587821755176, "max_depth": 9.0, "num_boost_round": 15.0}, "datetime": {"datetime": "2024-01-19 01:05:55", "elapsed": 3249.413558, "delta": 0.003755}}
{"target": -17.67679149454434, "params": {"gamma": 973.9071738236778, "log10_alpha": -3.7471859286274802, "log10_colsample_bytree": -0.6181201814668107, "log10_eta": -3.2073917501882514, "log10_lambda": -0.25699277635064455, "log10_min_child_weight": 1.5182813168939386, "log10_subsample": -0.16912587821755176, "max_depth": 9.0, "num_boost_round": 16.0}, "datetime": {"datetime": "2024-01-19 01:05:55", "elapsed": 3249.417113, "delta": 0.003555}}
{"target": -17.676836765311755, "params": {"gamma": 973.9071738236778, "log10_alpha": -3.7471859286274802, "log10_colsample_bytree": -0.6181201814668107, "log10_eta": -3.2073917501882514, "log10_lambda": -0.25699277635064455, "log10_min_child_weight": 1.5182813168939386, "log10_subsample": -0.16912587821755176, "max_depth": 9.0, "num_boost_round": 17.0}, "datetime": {"datetime": "2024-01-19 01:05:55", "elapsed": 3249.420628, "delta": 0.003515}}
{"target": -17.6768495360061, "params": {"gamma": 973.9071738236778, "log10_alpha": -3.7471859286274802, "log10_colsample_bytree": -0.6181201814668107, "log10_eta": -3.2073917501882514, "log10_lambda": -0.25699277635064455, "log10_min_child_weight": 1.5182813168939386, "log10_subsample": -0.16912587821755176, "max_depth": 9.0, "num_boost_round": 18.0}, "datetime": {"datetime": "2024-01-19 01:05:55", "elapsed": 3249.424113, "delta": 0.003485}}
{"target": -17.676824143370222, "params": {"gamma": 973.9071738236778, "log10_alpha": -3.7471859286274802, "log10_colsample_bytree": -0.6181201814668107, "log10_eta": -3.2073917501882514, "log10_lambda": -0.25699277635064455, "log10_min_child_weight": 1.5182813168939386, "log10_subsample": -0.16912587821755176, "max_depth": 9.0, "num_boost_round": 19.0}, "datetime": {"datetime": "2024-01-19 01:05:55", "elapsed": 3249.427558, "delta": 0.003445}}
{"target": -17.676779132104077, "params": {"gamma": 973.9071738236778, "log10_alpha": -3.7471859286274802, "log10_colsample_bytree": -0.6181201814668107, "log10_eta": -3.2073917501882514, "log10_lambda": -0.25699277635064455, "log10_min_child_weight": 1.5182813168939386, "log10_subsample": -0.16912587821755176, "max_depth": 9.0, "num_boost_round": 20.0}, "datetime": {"datetime": "2024-01-19 01:05:55", "elapsed": 3249.431113, "delta": 0.003555}}
{"target": -17.676726523060438, "params": {"gamma": 973.9071738236778, "log10_alpha": -3.7471859286274802, "log10_colsample_bytree": -0.6181201814668107, "log10_eta": -3.2073917501882514, "log10_lambda": -0.25699277635064455, "log10_min_child_weight": 1.5182813168939386, "log10_subsample": -0.16912587821755176, "max_depth": 9.0, "num_boost_round": 21.0}, "datetime": {"datetime": "2024-01-19 01:05:55", "elapsed": 3249.434544, "delta": 0.003431}}
{"target": -17.677228957991684, "params": {"gamma": 970.0098874691986, "log10_alpha": -0.9846561116636785, "log10_colsample_bytree": -0.6420012249562719, "log10_eta": -3.943639942534633, "log10_lambda": -1.12298952890343, "log10_min_child_weight": 4.26176207995292, "log10_subsample": -0.0777198911561382, "max_depth": 8.0, "num_boost_round": 0.0}, "datetime": {"datetime": "2024-01-19 01:06:36", "elapsed": 3290.028756, "delta": 40.594212}}
{"target": -17.677226744132184, "params": {"gamma": 970.0098874691986, "log10_alpha": -0.9846561116636785, "log10_colsample_bytree": -0.6420012249562719, "log10_eta": -3.943639942534633, "log10_lambda": -1.12298952890343, "log10_min_child_weight": 4.26176207995292, "log10_subsample": -0.0777198911561382, "max_depth": 8.0, "num_boost_round": 1.0}, "datetime": {"datetime": "2024-01-19 01:06:36", "elapsed": 3290.033294, "delta": 0.004538}}
{"target": -17.677222949794153, "params": {"gamma": 970.0098874691986, "log10_alpha": -0.9846561116636785, "log10_colsample_bytree": -0.6420012249562719, "log10_eta": -3.943639942534633, "log10_lambda": -1.12298952890343, "log10_min_child_weight": 4.26176207995292, "log10_subsample": -0.0777198911561382, "max_depth": 8.0, "num_boost_round": 2.0}, "datetime": {"datetime": "2024-01-19 01:06:36", "elapsed": 3290.036802, "delta": 0.003508}}
{"target": -17.677221773889922, "params": {"gamma": 970.0098874691986, "log10_alpha": -0.9846561116636785, "log10_colsample_bytree": -0.6420012249562719, "log10_eta": -3.943639942534633, "log10_lambda": -1.12298952890343, "log10_min_child_weight": 4.26176207995292, "log10_subsample": -0.0777198911561382, "max_depth": 8.0, "num_boost_round": 3.0}, "datetime": {"datetime": "2024-01-19 01:06:36", "elapsed": 3290.040303, "delta": 0.003501}}
{"target": -17.67721800339178, "params": {"gamma": 970.0098874691986, "log10_alpha": -0.9846561116636785, "log10_colsample_bytree": -0.6420012249562719, "log10_eta": -3.943639942534633, "log10_lambda": -1.12298952890343, "log10_min_child_weight": 4.26176207995292, "log10_subsample": -0.0777198911561382, "max_depth": 8.0, "num_boost_round": 4.0}, "datetime": {"datetime": "2024-01-19 01:06:36", "elapsed": 3290.04379, "delta": 0.003487}}
{"target": -17.677219307222547, "params": {"gamma": 970.0098874691986, "log10_alpha": -0.9846561116636785, "log10_colsample_bytree": -0.6420012249562719, "log10_eta": -3.943639942534633, "log10_lambda": -1.12298952890343, "log10_min_child_weight": 4.26176207995292, "log10_subsample": -0.0777198911561382, "max_depth": 8.0, "num_boost_round": 5.0}, "datetime": {"datetime": "2024-01-19 01:06:36", "elapsed": 3290.04722, "delta": 0.00343}}
{"target": -17.67721932619906, "params": {"gamma": 970.0098874691986, "log10_alpha": -0.9846561116636785, "log10_colsample_bytree": -0.6420012249562719, "log10_eta": -3.943639942534633, "log10_lambda": -1.12298952890343, "log10_min_child_weight": 4.26176207995292, "log10_subsample": -0.0777198911561382, "max_depth": 8.0, "num_boost_round": 6.0}, "datetime": {"datetime": "2024-01-19 01:06:36", "elapsed": 3290.050817, "delta": 0.003597}}
{"target": -17.67721794360414, "params": {"gamma": 970.0098874691986, "log10_alpha": -0.9846561116636785, "log10_colsample_bytree": -0.6420012249562719, "log10_eta": -3.943639942534633, "log10_lambda": -1.12298952890343, "log10_min_child_weight": 4.26176207995292, "log10_subsample": -0.0777198911561382, "max_depth": 8.0, "num_boost_round": 7.0}, "datetime": {"datetime": "2024-01-19 01:06:36", "elapsed": 3290.054257, "delta": 0.00344}}
{"target": -17.677215317284723, "params": {"gamma": 970.0098874691986, "log10_alpha": -0.9846561116636785, "log10_colsample_bytree": -0.6420012249562719, "log10_eta": -3.943639942534633, "log10_lambda": -1.12298952890343, "log10_min_child_weight": 4.26176207995292, "log10_subsample": -0.0777198911561382, "max_depth": 8.0, "num_boost_round": 8.0}, "datetime": {"datetime": "2024-01-19 01:06:36", "elapsed": 3290.0578, "delta": 0.003543}}
{"target": -17.677211008422535, "params": {"gamma": 970.0098874691986, "log10_alpha": -0.9846561116636785, "log10_colsample_bytree": -0.6420012249562719, "log10_eta": -3.943639942534633, "log10_lambda": -1.12298952890343, "log10_min_child_weight": 4.26176207995292, "log10_subsample": -0.0777198911561382, "max_depth": 8.0, "num_boost_round": 9.0}, "datetime": {"datetime": "2024-01-19 01:06:36", "elapsed": 3290.061255, "delta": 0.003455}}
{"target": -17.677208502299795, "params": {"gamma": 970.0098874691986, "log10_alpha": -0.9846561116636785, "log10_colsample_bytree": -0.6420012249562719, "log10_eta": -3.943639942534633, "log10_lambda": -1.12298952890343, "log10_min_child_weight": 4.26176207995292, "log10_subsample": -0.0777198911561382, "max_depth": 8.0, "num_boost_round": 10.0}, "datetime": {"datetime": "2024-01-19 01:06:36", "elapsed": 3290.064853, "delta": 0.003598}}
{"target": -17.67720564920354, "params": {"gamma": 970.0098874691986, "log10_alpha": -0.9846561116636785, "log10_colsample_bytree": -0.6420012249562719, "log10_eta": -3.943639942534633, "log10_lambda": -1.12298952890343, "log10_min_child_weight": 4.26176207995292, "log10_subsample": -0.0777198911561382, "max_depth": 8.0, "num_boost_round": 11.0}, "datetime": {"datetime": "2024-01-19 01:06:36", "elapsed": 3290.068355, "delta": 0.003502}}
{"target": -17.67720502102956, "params": {"gamma": 970.0098874691986, "log10_alpha": -0.9846561116636785, "log10_colsample_bytree": -0.6420012249562719, "log10_eta": -3.943639942534633, "log10_lambda": -1.12298952890343, "log10_min_child_weight": 4.26176207995292, "log10_subsample": -0.0777198911561382, "max_depth": 8.0, "num_boost_round": 12.0}, "datetime": {"datetime": "2024-01-19 01:06:36", "elapsed": 3290.071908, "delta": 0.003553}}
{"target": -17.677201631633157, "params": {"gamma": 970.0098874691986, "log10_alpha": -0.9846561116636785, "log10_colsample_bytree": -0.6420012249562719, "log10_eta": -3.943639942534633, "log10_lambda": -1.12298952890343, "log10_min_child_weight": 4.26176207995292, "log10_subsample": -0.0777198911561382, "max_depth": 8.0, "num_boost_round": 13.0}, "datetime": {"datetime": "2024-01-19 01:06:36", "elapsed": 3290.075444, "delta": 0.003536}}
{"target": -17.677201236498576, "params": {"gamma": 970.0098874691986, "log10_alpha": -0.9846561116636785, "log10_colsample_bytree": -0.6420012249562719, "log10_eta": -3.943639942534633, "log10_lambda": -1.12298952890343, "log10_min_child_weight": 4.26176207995292, "log10_subsample": -0.0777198911561382, "max_depth": 8.0, "num_boost_round": 14.0}, "datetime": {"datetime": "2024-01-19 01:06:36", "elapsed": 3290.078875, "delta": 0.003431}}
{"target": -17.677199729628533, "params": {"gamma": 970.0098874691986, "log10_alpha": -0.9846561116636785, "log10_colsample_bytree": -0.6420012249562719, "log10_eta": -3.943639942534633, "log10_lambda": -1.12298952890343, "log10_min_child_weight": 4.26176207995292, "log10_subsample": -0.0777198911561382, "max_depth": 8.0, "num_boost_round": 15.0}, "datetime": {"datetime": "2024-01-19 01:06:36", "elapsed": 3290.082492, "delta": 0.003617}}
