{"target": -13.7585218357483, "params": {"gamma": 976.9512212577597, "log10_alpha": -4.410718595704015, "log10_colsample_bytree": -0.7829858127091236, "log10_eta": -4.0, "log10_lambda": -0.4704226544408796, "log10_min_child_weight": 2.2829091149079863, "log10_subsample": -0.7059012455994511, "max_depth": 2.0, "num_boost_round": 18.0}, "datetime": {"datetime": "2024-01-19 00:29:45", "elapsed": 1086.5394, "delta": 0.001716}}
{"target": -13.758521057177266, "params": {"gamma": 976.9512212577597, "log10_alpha": -4.410718595704015, "log10_colsample_bytree": -0.7829858127091236, "log10_eta": -4.0, "log10_lambda": -0.4704226544408796, "log10_min_child_weight": 2.2829091149079863, "log10_subsample": -0.7059012455994511, "max_depth": 2.0, "num_boost_round": 19.0}, "datetime": {"datetime": "2024-01-19 00:29:45", "elapsed": 1086.541125, "delta": 0.001725}}
{"target": -13.758520378183627, "params": {"gamma": 976.9512212577597, "log10_alpha": -4.410718595704015, "log10_colsample_bytree": -0.7829858127091236, "log10_eta": -4.0, "log10_lambda": -0.4704226544408796, "log10_min_child_weight": 2.2829091149079863, "log10_subsample": -0.7059012455994511, "max_depth": 2.0, "num_boost_round": 20.0}, "datetime": {"datetime": "2024-01-19 00:29:45", "elapsed": 1086.542845, "delta": 0.00172}}
{"target": -13.758518630113594, "params": {"gamma": 976.9512212577597, "log10_alpha": -4.410718595704015, "log10_colsample_bytree": -0.7829858127091236, "log10_eta": -4.0, "log10_lambda": -0.4704226544408796, "log10_min_child_weight": 2.2829091149079863, "log10_subsample": -0.7059012455994511, "max_depth": 2.0, "num_boost_round": 21.0}, "datetime": {"datetime": "2024-01-19 00:29:45", "elapsed": 1086.544548, "delta": 0.001703}}
{"target": -13.75851465742762, "params": {"gamma": 976.9512212577597, "log10_alpha": -4.410718595704015, "log10_colsample_bytree": -0.7829858127091236, "log10_eta": -4.0, "log10_lambda": -0.4704226544408796, "log10_min_child_weight": 2.2829091149079863, "log10_subsample": -0.7059012455994511, "max_depth": 2.0, "num_boost_round": 22.0}, "datetime": {"datetime": "2024-01-19 00:29:45", "elapsed": 1086.546334, "delta": 0.001786}}
{"target": -13.758512563528848, "params": {"gamma": 976.9512212577597, "log10_alpha": -4.410718595704015, "log10_colsample_bytree": -0.7829858127091236, "log10_eta": -4.0, "log10_lambda": -0.4704226544408796, "log10_min_child_weight": 2.2829091149079863, "log10_subsample": -0.7059012455994511, "max_depth": 2.0, "num_boost_round": 23.0}, "datetime": {"datetime": "2024-01-19 00:29:45", "elapsed": 1086.548092, "delta": 0.001758}}
{"target": -13.758512232447751, "params": {"gamma": 976.9512212577597, "log10_alpha": -4.410718595704015, "log10_colsample_bytree": -0.7829858127091236, "log10_eta": -4.0, "log10_lambda": -0.4704226544408796, "log10_min_child_weight": 2.2829091149079863, "log10_subsample": -0.7059012455994511, "max_depth": 2.0, "num_boost_round": 24.0}, "datetime": {"datetime": "2024-01-19 00:29:45", "elapsed": 1086.549815, "delta": 0.001723}}
{"target": -13.758510447797526, "params": {"gamma": 976.9512212577597, "log10_alpha": -4.410718595704015, "log10_colsample_bytree": -0.7829858127091236, "log10_eta": -4.0, "log10_lambda": -0.4704226544408796, "log10_min_child_weight": 2.2829091149079863, "log10_subsample": -0.7059012455994511, "max_depth": 2.0, "num_boost_round": 25.0}, "datetime": {"datetime": "2024-01-19 00:29:45", "elapsed": 1086.551537, "delta": 0.001722}}
{"target": -13.758509956393821, "params": {"gamma": 976.9512212577597, "log10_alpha": -4.410718595704015, "log10_colsample_bytree": -0.7829858127091236, "log10_eta": -4.0, "log10_lambda": -0.4704226544408796, "log10_min_child_weight": 2.2829091149079863, "log10_subsample": -0.7059012455994511, "max_depth": 2.0, "num_boost_round": 26.0}, "datetime": {"datetime": "2024-01-19 00:29:45", "elapsed": 1086.553254, "delta": 0.001717}}
{"target": -13.758508148058478, "params": {"gamma": 976.9512212577597, "log10_alpha": -4.410718595704015, "log10_colsample_bytree": -0.7829858127091236, "log10_eta": -4.0, "log10_lambda": -0.4704226544408796, "log10_min_child_weight": 2.2829091149079863, "log10_subsample": -0.7059012455994511, "max_depth": 2.0, "num_boost_round": 27.0}, "datetime": {"datetime": "2024-01-19 00:29:45", "elapsed": 1086.554961, "delta": 0.001707}}
{"target": -13.758506566265744, "params": {"gamma": 976.9512212577597, "log10_alpha": -4.410718595704015, "log10_colsample_bytree": -0.7829858127091236, "log10_eta": -4.0, "log10_lambda": -0.4704226544408796, "log10_min_child_weight": 2.2829091149079863, "log10_subsample": -0.7059012455994511, "max_depth": 2.0, "num_boost_round": 28.0}, "datetime": {"datetime": "2024-01-19 00:29:45", "elapsed": 1086.556677, "delta": 0.001716}}
{"target": -13.758532323429877, "params": {"gamma": 982.4681281428536, "log10_alpha": -0.5111451274664747, "log10_colsample_bytree": -0.33579022874445397, "log10_eta": -2.995148275233979, "log10_lambda": -3.4176328277024464, "log10_min_child_weight": 4.460604681879886, "log10_subsample": -0.5236750338548627, "max_depth": 4.0, "num_boost_round": 0.0}, "datetime": {"datetime": "2024-01-19 00:30:19", "elapsed": 1120.541079, "delta": 33.984402}}
{"target": -13.758531045446253, "params": {"gamma": 982.4681281428536, "log10_alpha": -0.5111451274664747, "log10_colsample_bytree": -0.33579022874445397, "log10_eta": -2.995148275233979, "log10_lambda": -3.4176328277024464, "log10_min_child_weight": 4.460604681879886, "log10_subsample": -0.5236750338548627, "max_depth": 4.0, "num_boost_round": 1.0}, "datetime": {"datetime": "2024-01-19 00:30:19", "elapsed": 1120.542961, "delta": 0.001882}}
{"target": -13.758534612171715, "params": {"gamma": 982.4681281428536, "log10_alpha": -0.5111451274664747, "log10_colsample_bytree": -0.33579022874445397, "log10_eta": -2.995148275233979, "log10_lambda": -3.4176328277024464, "log10_min_child_weight": 4.460604681879886, "log10_subsample": -0.5236750338548627, "max_depth": 4.0, "num_boost_round": 2.0}, "datetime": {"datetime": "2024-01-19 00:30:19", "elapsed": 1120.545031, "delta": 0.00207}}
{"target": -13.758532315773104, "params": {"gamma": 982.4681281428536, "log10_alpha": -0.5111451274664747, "log10_colsample_bytree": -0.33579022874445397, "log10_eta": -2.995148275233979, "log10_lambda": -3.4176328277024464, "log10_min_child_weight": 4.460604681879886, "log10_subsample": -0.5236750338548627, "max_depth": 4.0, "num_boost_round": 3.0}, "datetime": {"datetime": "2024-01-19 00:30:19", "elapsed": 1120.54686, "delta": 0.001829}}
{"target": -13.758532723088674, "params": {"gamma": 982.4681281428536, "log10_alpha": -0.5111451274664747, "log10_colsample_bytree": -0.33579022874445397, "log10_eta": -2.995148275233979, "log10_lambda": -3.4176328277024464, "log10_min_child_weight": 4.460604681879886, "log10_subsample": -0.5236750338548627, "max_depth": 4.0, "num_boost_round": 4.0}, "datetime": {"datetime": "2024-01-19 00:30:19", "elapsed": 1120.548664, "delta": 0.001804}}
{"target": -13.758529569487257, "params": {"gamma": 982.4681281428536, "log10_alpha": -0.5111451274664747, "log10_colsample_bytree": -0.33579022874445397, "log10_eta": -2.995148275233979, "log10_lambda": -3.4176328277024464, "log10_min_child_weight": 4.460604681879886, "log10_subsample": -0.5236750338548627, "max_depth": 4.0, "num_boost_round": 5.0}, "datetime": {"datetime": "2024-01-19 00:30:19", "elapsed": 1120.550394, "delta": 0.00173}}
{"target": -13.758528007741994, "params": {"gamma": 982.4681281428536, "log10_alpha": -0.5111451274664747, "log10_colsample_bytree": -0.33579022874445397, "log10_eta": -2.995148275233979, "log10_lambda": -3.4176328277024464, "log10_min_child_weight": 4.460604681879886, "log10_subsample": -0.5236750338548627, "max_depth": 4.0, "num_boost_round": 6.0}, "datetime": {"datetime": "2024-01-19 00:30:19", "elapsed": 1120.552128, "delta": 0.001734}}
{"target": -13.758527270422647, "params": {"gamma": 982.4681281428536, "log10_alpha": -0.5111451274664747, "log10_colsample_bytree": -0.33579022874445397, "log10_eta": -2.995148275233979, "log10_lambda": -3.4176328277024464, "log10_min_child_weight": 4.460604681879886, "log10_subsample": -0.5236750338548627, "max_depth": 4.0, "num_boost_round": 7.0}, "datetime": {"datetime": "2024-01-19 00:30:19", "elapsed": 1120.553848, "delta": 0.00172}}
{"target": -13.758524056309344, "params": {"gamma": 982.4681281428536, "log10_alpha": -0.5111451274664747, "log10_colsample_bytree": -0.33579022874445397, "log10_eta": -2.995148275233979, "log10_lambda": -3.4176328277024464, "log10_min_child_weight": 4.460604681879886, "log10_subsample": -0.5236750338548627, "max_depth": 4.0, "num_boost_round": 8.0}, "datetime": {"datetime": "2024-01-19 00:30:19", "elapsed": 1120.555571, "delta": 0.001723}}
{"target": -13.758520919704084, "params": {"gamma": 982.4681281428536, "log10_alpha": -0.5111451274664747, "log10_colsample_bytree": -0.33579022874445397, "log10_eta": -2.995148275233979, "log10_lambda": -3.4176328277024464, "log10_min_child_weight": 4.460604681879886, "log10_subsample": -0.5236750338548627, "max_depth": 4.0, "num_boost_round": 9.0}, "datetime": {"datetime": "2024-01-19 00:30:19", "elapsed": 1120.557291, "delta": 0.00172}}
{"target": -13.758517160354316, "params": {"gamma": 982.4681281428536, "log10_alpha": -0.5111451274664747, "log10_colsample_bytree": -0.33579022874445397, "log10_eta": -2.995148275233979, "log10_lambda": -3.4176328277024464, "log10_min_child_weight": 4.460604681879886, "log10_subsample": -0.5236750338548627, "max_depth": 4.0, "num_boost_round": 10.0}, "datetime": {"datetime": "2024-01-19 00:30:19", "elapsed": 1120.559252, "delta": 0.001961}}
{"target": -13.758511271969624, "params": {"gamma": 982.4681281428536, "log10_alpha": -0.5111451274664747, "log10_colsample_bytree": -0.33579022874445397, "log10_eta": -2.995148275233979, "log10_lambda": -3.4176328277024464, "log10_min_child_weight": 4.460604681879886, "log10_subsample": -0.5236750338548627, "max_depth": 4.0, "num_boost_round": 11.0}, "datetime": {"datetime": "2024-01-19 00:30:19", "elapsed": 1120.561052, "delta": 0.0018}}
{"target": -13.75851270939141, "params": {"gamma": 982.4681281428536, "log10_alpha": -0.5111451274664747, "log10_colsample_bytree": -0.33579022874445397, "log10_eta": -2.995148275233979, "log10_lambda": -3.4176328277024464, "log10_min_child_weight": 4.460604681879886, "log10_subsample": -0.5236750338548627, "max_depth": 4.0, "num_boost_round": 12.0}, "datetime": {"datetime": "2024-01-19 00:30:19", "elapsed": 1120.562781, "delta": 0.001729}}
{"target": -13.758509430564093, "params": {"gamma": 982.4681281428536, "log10_alpha": -0.5111451274664747, "log10_colsample_bytree": -0.33579022874445397, "log10_eta": -2.995148275233979, "log10_lambda": -3.4176328277024464, "log10_min_child_weight": 4.460604681879886, "log10_subsample": -0.5236750338548627, "max_depth": 4.0, "num_boost_round": 13.0}, "datetime": {"datetime": "2024-01-19 00:30:19", "elapsed": 1120.564508, "delta": 0.001727}}
{"target": -13.758506047195203, "params": {"gamma": 982.4681281428536, "log10_alpha": -0.5111451274664747, "log10_colsample_bytree": -0.33579022874445397, "log10_eta": -2.995148275233979, "log10_lambda": -3.4176328277024464, "log10_min_child_weight": 4.460604681879886, "log10_subsample": -0.5236750338548627, "max_depth": 4.0, "num_boost_round": 14.0}, "datetime": {"datetime": "2024-01-19 00:30:19", "elapsed": 1120.566313, "delta": 0.001805}}
{"target": -13.758502252965156, "params": {"gamma": 982.4681281428536, "log10_alpha": -0.5111451274664747, "log10_colsample_bytree": -0.33579022874445397, "log10_eta": -2.995148275233979, "log10_lambda": -3.4176328277024464, "log10_min_child_weight": 4.460604681879886, "log10_subsample": -0.5236750338548627, "max_depth": 4.0, "num_boost_round": 15.0}, "datetime": {"datetime": "2024-01-19 00:30:19", "elapsed": 1120.568107, "delta": 0.001794}}
{"target": -13.758501983912634, "params": {"gamma": 982.4681281428536, "log10_alpha": -0.5111451274664747, "log10_colsample_bytree": -0.33579022874445397, "log10_eta": -2.995148275233979, "log10_lambda": -3.4176328277024464, "log10_min_child_weight": 4.460604681879886, "log10_subsample": -0.5236750338548627, "max_depth": 4.0, "num_boost_round": 16.0}, "datetime": {"datetime": "2024-01-19 00:30:19", "elapsed": 1120.569851, "delta": 0.001744}}
{"target": -13.758498490105298, "params": {"gamma": 982.4681281428536, "log10_alpha": -0.5111451274664747, "log10_colsample_bytree": -0.33579022874445397, "log10_eta": -2.995148275233979, "log10_lambda": -3.4176328277024464, "log10_min_child_weight": 4.460604681879886, "log10_subsample": -0.5236750338548627, "max_depth": 4.0, "num_boost_round": 17.0}, "datetime": {"datetime": "2024-01-19 00:30:19", "elapsed": 1120.571596, "delta": 0.001745}}
{"target": -13.75849389722524, "params": {"gamma": 982.4681281428536, "log10_alpha": -0.5111451274664747, "log10_colsample_bytree": -0.33579022874445397, "log10_eta": -2.995148275233979, "log10_lambda": -3.4176328277024464, "log10_min_child_weight": 4.460604681879886, "log10_subsample": -0.5236750338548627, "max_depth": 4.0, "num_boost_round": 18.0}, "datetime": {"datetime": "2024-01-19 00:30:19", "elapsed": 1120.573367, "delta": 0.001771}}
{"target": -13.758482151589117, "params": {"gamma": 982.4681281428536, "log10_alpha": -0.5111451274664747, "log10_colsample_bytree": -0.33579022874445397, "log10_eta": -2.995148275233979, "log10_lambda": -3.4176328277024464, "log10_min_child_weight": 4.460604681879886, "log10_subsample": -0.5236750338548627, "max_depth": 4.0, "num_boost_round": 19.0}, "datetime": {"datetime": "2024-01-19 00:30:19", "elapsed": 1120.575119, "delta": 0.001752}}
{"target": -13.7584760321211, "params": {"gamma": 982.4681281428536, "log10_alpha": -0.5111451274664747, "log10_colsample_bytree": -0.33579022874445397, "log10_eta": -2.995148275233979, "log10_lambda": -3.4176328277024464, "log10_min_child_weight": 4.460604681879886, "log10_subsample": -0.5236750338548627, "max_depth": 4.0, "num_boost_round": 20.0}, "datetime": {"datetime": "2024-01-19 00:30:19", "elapsed": 1120.576861, "delta": 0.001742}}
{"target": -13.758468203493441, "params": {"gamma": 982.4681281428536, "log10_alpha": -0.5111451274664747, "log10_colsample_bytree": -0.33579022874445397, "log10_eta": -2.995148275233979, "log10_lambda": -3.4176328277024464, "log10_min_child_weight": 4.460604681879886, "log10_subsample": -0.5236750338548627, "max_depth": 4.0, "num_boost_round": 21.0}, "datetime": {"datetime": "2024-01-19 00:30:19", "elapsed": 1120.578667, "delta": 0.001806}}
{"target": -13.758468265747544, "params": {"gamma": 982.4681281428536, "log10_alpha": -0.5111451274664747, "log10_colsample_bytree": -0.33579022874445397, "log10_eta": -2.995148275233979, "log10_lambda": -3.4176328277024464, "log10_min_child_weight": 4.460604681879886, "log10_subsample": -0.5236750338548627, "max_depth": 4.0, "num_boost_round": 22.0}, "datetime": {"datetime": "2024-01-19 00:30:19", "elapsed": 1120.580413, "delta": 0.001746}}
{"target": -13.758464714277368, "params": {"gamma": 982.4681281428536, "log10_alpha": -0.5111451274664747, "log10_colsample_bytree": -0.33579022874445397, "log10_eta": -2.995148275233979, "log10_lambda": -3.4176328277024464, "log10_min_child_weight": 4.460604681879886, "log10_subsample": -0.5236750338548627, "max_depth": 4.0, "num_boost_round": 23.0}, "datetime": {"datetime": "2024-01-19 00:30:19", "elapsed": 1120.582164, "delta": 0.001751}}
{"target": -13.758456592925299, "params": {"gamma": 982.4681281428536, "log10_alpha": -0.5111451274664747, "log10_colsample_bytree": -0.33579022874445397, "log10_eta": -2.995148275233979, "log10_lambda": -3.4176328277024464, "log10_min_child_weight": 4.460604681879886, "log10_subsample": -0.5236750338548627, "max_depth": 4.0, "num_boost_round": 24.0}, "datetime": {"datetime": "2024-01-19 00:30:19", "elapsed": 1120.583919, "delta": 0.001755}}
{"target": -13.758444019149888, "params": {"gamma": 982.4681281428536, "log10_alpha": -0.5111451274664747, "log10_colsample_bytree": -0.33579022874445397, "log10_eta": -2.995148275233979, "log10_lambda": -3.4176328277024464, "log10_min_child_weight": 4.460604681879886, "log10_subsample": -0.5236750338548627, "max_depth": 4.0, "num_boost_round": 25.0}, "datetime": {"datetime": "2024-01-19 00:30:19", "elapsed": 1120.585711, "delta": 0.001792}}
{"target": -13.758444570224109, "params": {"gamma": 982.4681281428536, "log10_alpha": -0.5111451274664747, "log10_colsample_bytree": -0.33579022874445397, "log10_eta": -2.995148275233979, "log10_lambda": -3.4176328277024464, "log10_min_child_weight": 4.460604681879886, "log10_subsample": -0.5236750338548627, "max_depth": 4.0, "num_boost_round": 26.0}, "datetime": {"datetime": "2024-01-19 00:30:19", "elapsed": 1120.587547, "delta": 0.001836}}
{"target": -13.758440667831811, "params": {"gamma": 982.4681281428536, "log10_alpha": -0.5111451274664747, "log10_colsample_bytree": -0.33579022874445397, "log10_eta": -2.995148275233979, "log10_lambda": -3.4176328277024464, "log10_min_child_weight": 4.460604681879886, "log10_subsample": -0.5236750338548627, "max_depth": 4.0, "num_boost_round": 27.0}, "datetime": {"datetime": "2024-01-19 00:30:19", "elapsed": 1120.589301, "delta": 0.001754}}
{"target": -13.758438573422017, "params": {"gamma": 982.4681281428536, "log10_alpha": -0.5111451274664747, "log10_colsample_bytree": -0.33579022874445397, "log10_eta": -2.995148275233979, "log10_lambda": -3.4176328277024464, "log10_min_child_weight": 4.460604681879886, "log10_subsample": -0.5236750338548627, "max_depth": 4.0, "num_boost_round": 28.0}, "datetime": {"datetime": "2024-01-19 00:30:19", "elapsed": 1120.591053, "delta": 0.001752}}
{"target": -13.758438204458567, "params": {"gamma": 982.4681281428536, "log10_alpha": -0.5111451274664747, "log10_colsample_bytree": -0.33579022874445397, "log10_eta": -2.995148275233979, "log10_lambda": -3.4176328277024464, "log10_min_child_weight": 4.460604681879886, "log10_subsample": -0.5236750338548627, "max_depth": 4.0, "num_boost_round": 29.0}, "datetime": {"datetime": "2024-01-19 00:30:19", "elapsed": 1120.592857, "delta": 0.001804}}
{"target": -13.75844080000279, "params": {"gamma": 982.4681281428536, "log10_alpha": -0.5111451274664747, "log10_colsample_bytree": -0.33579022874445397, "log10_eta": -2.995148275233979, "log10_lambda": -3.4176328277024464, "log10_min_child_weight": 4.460604681879886, "log10_subsample": -0.5236750338548627, "max_depth": 4.0, "num_boost_round": 30.0}, "datetime": {"datetime": "2024-01-19 00:30:19", "elapsed": 1120.594627, "delta": 0.00177}}
{"target": -13.758446280156884, "params": {"gamma": 982.4681281428536, "log10_alpha": -0.5111451274664747, "log10_colsample_bytree": -0.33579022874445397, "log10_eta": -2.995148275233979, "log10_lambda": -3.4176328277024464, "log10_min_child_weight": 4.460604681879886, "log10_subsample": -0.5236750338548627, "max_depth": 4.0, "num_boost_round": 31.0}, "datetime": {"datetime": "2024-01-19 00:30:19", "elapsed": 1120.596372, "delta": 0.001745}}
{"target": -13.758445588198294, "params": {"gamma": 982.4681281428536, "log10_alpha": -0.5111451274664747, "log10_colsample_bytree": -0.33579022874445397, "log10_eta": -2.995148275233979, "log10_lambda": -3.4176328277024464, "log10_min_child_weight": 4.460604681879886, "log10_subsample": -0.5236750338548627, "max_depth": 4.0, "num_boost_round": 32.0}, "datetime": {"datetime": "2024-01-19 00:30:19", "elapsed": 1120.598185, "delta": 0.001813}}
{"target": -13.758445043397986, "params": {"gamma": 982.4681281428536, "log10_alpha": -0.5111451274664747, "log10_colsample_bytree": -0.33579022874445397, "log10_eta": -2.995148275233979, "log10_lambda": -3.4176328277024464, "log10_min_child_weight": 4.460604681879886, "log10_subsample": -0.5236750338548627, "max_depth": 4.0, "num_boost_round": 33.0}, "datetime": {"datetime": "2024-01-19 00:30:19", "elapsed": 1120.599937, "delta": 0.001752}}
{"target": -13.75845228471334, "params": {"gamma": 982.4681281428536, "log10_alpha": -0.5111451274664747, "log10_colsample_bytree": -0.33579022874445397, "log10_eta": -2.995148275233979, "log10_lambda": -3.4176328277024464, "log10_min_child_weight": 4.460604681879886, "log10_subsample": -0.5236750338548627, "max_depth": 4.0, "num_boost_round": 34.0}, "datetime": {"datetime": "2024-01-19 00:30:19", "elapsed": 1120.601703, "delta": 0.001766}}
{"target": -13.758451831895673, "params": {"gamma": 982.4681281428536, "log10_alpha": -0.5111451274664747, "log10_colsample_bytree": -0.33579022874445397, "log10_eta": -2.995148275233979, "log10_lambda": -3.4176328277024464, "log10_min_child_weight": 4.460604681879886, "log10_subsample": -0.5236750338548627, "max_depth": 4.0, "num_boost_round": 35.0}, "datetime": {"datetime": "2024-01-19 00:30:19", "elapsed": 1120.603459, "delta": 0.001756}}
{"target": -13.758452024827683, "params": {"gamma": 982.4681281428536, "log10_alpha": -0.5111451274664747, "log10_colsample_bytree": -0.33579022874445397, "log10_eta": -2.995148275233979, "log10_lambda": -3.4176328277024464, "log10_min_child_weight": 4.460604681879886, "log10_subsample": -0.5236750338548627, "max_depth": 4.0, "num_boost_round": 36.0}, "datetime": {"datetime": "2024-01-19 00:30:19", "elapsed": 1120.605214, "delta": 0.001755}}
{"target": -13.758452632701006, "params": {"gamma": 982.4681281428536, "log10_alpha": -0.5111451274664747, "log10_colsample_bytree": -0.33579022874445397, "log10_eta": -2.995148275233979, "log10_lambda": -3.4176328277024464, "log10_min_child_weight": 4.460604681879886, "log10_subsample": -0.5236750338548627, "max_depth": 4.0, "num_boost_round": 37.0}, "datetime": {"datetime": "2024-01-19 00:30:19", "elapsed": 1120.607069, "delta": 0.001855}}
