{"target": -13.758162433040875, "params": {"gamma": 569.2940943169913, "log10_alpha": -4.70954530077269, "log10_colsample_bytree": -0.6889143589268933, "log10_eta": -3.3202841281057367, "log10_lambda": 0.7139360029947435, "log10_min_child_weight": 0.28254433676920876, "log10_subsample": -0.49864408359688583, "max_depth": 5.0, "num_boost_round": 34.0}, "datetime": {"datetime": "2024-01-19 00:54:11", "elapsed": 2504.137494, "delta": 0.002957}}
{"target": -13.7581574913273, "params": {"gamma": 569.2940943169913, "log10_alpha": -4.70954530077269, "log10_colsample_bytree": -0.6889143589268933, "log10_eta": -3.3202841281057367, "log10_lambda": 0.7139360029947435, "log10_min_child_weight": 0.28254433676920876, "log10_subsample": -0.49864408359688583, "max_depth": 5.0, "num_boost_round": 35.0}, "datetime": {"datetime": "2024-01-19 00:54:11", "elapsed": 2504.140427, "delta": 0.002933}}
{"target": -13.758148674926188, "params": {"gamma": 569.2940943169913, "log10_alpha": -4.70954530077269, "log10_colsample_bytree": -0.6889143589268933, "log10_eta": -3.3202841281057367, "log10_lambda": 0.7139360029947435, "log10_min_child_weight": 0.28254433676920876, "log10_subsample": -0.49864408359688583, "max_depth": 5.0, "num_boost_round": 36.0}, "datetime": {"datetime": "2024-01-19 00:54:11", "elapsed": 2504.143366, "delta": 0.002939}}
{"target": -13.758144821987138, "params": {"gamma": 569.2940943169913, "log10_alpha": -4.70954530077269, "log10_colsample_bytree": -0.6889143589268933, "log10_eta": -3.3202841281057367, "log10_lambda": 0.7139360029947435, "log10_min_child_weight": 0.28254433676920876, "log10_subsample": -0.49864408359688583, "max_depth": 5.0, "num_boost_round": 37.0}, "datetime": {"datetime": "2024-01-19 00:54:11", "elapsed": 2504.146296, "delta": 0.00293}}
{"target": -13.758130434543274, "params": {"gamma": 569.2940943169913, "log10_alpha": -4.70954530077269, "log10_colsample_bytree": -0.6889143589268933, "log10_eta": -3.3202841281057367, "log10_lambda": 0.7139360029947435, "log10_min_child_weight": 0.28254433676920876, "log10_subsample": -0.49864408359688583, "max_depth": 5.0, "num_boost_round": 38.0}, "datetime": {"datetime": "2024-01-19 00:54:11", "elapsed": 2504.149261, "delta": 0.002965}}
{"target": -13.758117415916942, "params": {"gamma": 569.2940943169913, "log10_alpha": -4.70954530077269, "log10_colsample_bytree": -0.6889143589268933, "log10_eta": -3.3202841281057367, "log10_lambda": 0.7139360029947435, "log10_min_child_weight": 0.28254433676920876, "log10_subsample": -0.49864408359688583, "max_depth": 5.0, "num_boost_round": 39.0}, "datetime": {"datetime": "2024-01-19 00:54:11", "elapsed": 2504.152196, "delta": 0.002935}}
{"target": -13.758123057373407, "params": {"gamma": 569.2940943169913, "log10_alpha": -4.70954530077269, "log10_colsample_bytree": -0.6889143589268933, "log10_eta": -3.3202841281057367, "log10_lambda": 0.7139360029947435, "log10_min_child_weight": 0.28254433676920876, "log10_subsample": -0.49864408359688583, "max_depth": 5.0, "num_boost_round": 40.0}, "datetime": {"datetime": "2024-01-19 00:54:11", "elapsed": 2504.155259, "delta": 0.003063}}
{"target": -13.758145056546802, "params": {"gamma": 569.2940943169913, "log10_alpha": -4.70954530077269, "log10_colsample_bytree": -0.6889143589268933, "log10_eta": -3.3202841281057367, "log10_lambda": 0.7139360029947435, "log10_min_child_weight": 0.28254433676920876, "log10_subsample": -0.49864408359688583, "max_depth": 5.0, "num_boost_round": 41.0}, "datetime": {"datetime": "2024-01-19 00:54:11", "elapsed": 2504.158187, "delta": 0.002928}}
{"target": -13.758108712429873, "params": {"gamma": 569.2940943169913, "log10_alpha": -4.70954530077269, "log10_colsample_bytree": -0.6889143589268933, "log10_eta": -3.3202841281057367, "log10_lambda": 0.7139360029947435, "log10_min_child_weight": 0.28254433676920876, "log10_subsample": -0.49864408359688583, "max_depth": 5.0, "num_boost_round": 42.0}, "datetime": {"datetime": "2024-01-19 00:54:11", "elapsed": 2504.161158, "delta": 0.002971}}
{"target": -13.758103028494473, "params": {"gamma": 569.2940943169913, "log10_alpha": -4.70954530077269, "log10_colsample_bytree": -0.6889143589268933, "log10_eta": -3.3202841281057367, "log10_lambda": 0.7139360029947435, "log10_min_child_weight": 0.28254433676920876, "log10_subsample": -0.49864408359688583, "max_depth": 5.0, "num_boost_round": 43.0}, "datetime": {"datetime": "2024-01-19 00:54:11", "elapsed": 2504.164121, "delta": 0.002963}}
{"target": -13.75806785107302, "params": {"gamma": 569.2940943169913, "log10_alpha": -4.70954530077269, "log10_colsample_bytree": -0.6889143589268933, "log10_eta": -3.3202841281057367, "log10_lambda": 0.7139360029947435, "log10_min_child_weight": 0.28254433676920876, "log10_subsample": -0.49864408359688583, "max_depth": 5.0, "num_boost_round": 44.0}, "datetime": {"datetime": "2024-01-19 00:54:11", "elapsed": 2504.167063, "delta": 0.002942}}
{"target": -13.75806817871733, "params": {"gamma": 569.2940943169913, "log10_alpha": -4.70954530077269, "log10_colsample_bytree": -0.6889143589268933, "log10_eta": -3.3202841281057367, "log10_lambda": 0.7139360029947435, "log10_min_child_weight": 0.28254433676920876, "log10_subsample": -0.49864408359688583, "max_depth": 5.0, "num_boost_round": 45.0}, "datetime": {"datetime": "2024-01-19 00:54:11", "elapsed": 2504.169991, "delta": 0.002928}}
{"target": -13.758069024567105, "params": {"gamma": 569.2940943169913, "log10_alpha": -4.70954530077269, "log10_colsample_bytree": -0.6889143589268933, "log10_eta": -3.3202841281057367, "log10_lambda": 0.7139360029947435, "log10_min_child_weight": 0.28254433676920876, "log10_subsample": -0.49864408359688583, "max_depth": 5.0, "num_boost_round": 46.0}, "datetime": {"datetime": "2024-01-19 00:54:11", "elapsed": 2504.173116, "delta": 0.003125}}
{"target": -13.758060840156862, "params": {"gamma": 569.2940943169913, "log10_alpha": -4.70954530077269, "log10_colsample_bytree": -0.6889143589268933, "log10_eta": -3.3202841281057367, "log10_lambda": 0.7139360029947435, "log10_min_child_weight": 0.28254433676920876, "log10_subsample": -0.49864408359688583, "max_depth": 5.0, "num_boost_round": 47.0}, "datetime": {"datetime": "2024-01-19 00:54:11", "elapsed": 2504.17626, "delta": 0.003144}}
{"target": -13.75805718034608, "params": {"gamma": 569.2940943169913, "log10_alpha": -4.70954530077269, "log10_colsample_bytree": -0.6889143589268933, "log10_eta": -3.3202841281057367, "log10_lambda": 0.7139360029947435, "log10_min_child_weight": 0.28254433676920876, "log10_subsample": -0.49864408359688583, "max_depth": 5.0, "num_boost_round": 48.0}, "datetime": {"datetime": "2024-01-19 00:54:11", "elapsed": 2504.179301, "delta": 0.003041}}
{"target": -13.75804662527041, "params": {"gamma": 569.2940943169913, "log10_alpha": -4.70954530077269, "log10_colsample_bytree": -0.6889143589268933, "log10_eta": -3.3202841281057367, "log10_lambda": 0.7139360029947435, "log10_min_child_weight": 0.28254433676920876, "log10_subsample": -0.49864408359688583, "max_depth": 5.0, "num_boost_round": 49.0}, "datetime": {"datetime": "2024-01-19 00:54:11", "elapsed": 2504.182379, "delta": 0.003078}}
{"target": -13.758037116378967, "params": {"gamma": 569.2940943169913, "log10_alpha": -4.70954530077269, "log10_colsample_bytree": -0.6889143589268933, "log10_eta": -3.3202841281057367, "log10_lambda": 0.7139360029947435, "log10_min_child_weight": 0.28254433676920876, "log10_subsample": -0.49864408359688583, "max_depth": 5.0, "num_boost_round": 50.0}, "datetime": {"datetime": "2024-01-19 00:54:11", "elapsed": 2504.185381, "delta": 0.003002}}
{"target": -13.758026765304198, "params": {"gamma": 569.2940943169913, "log10_alpha": -4.70954530077269, "log10_colsample_bytree": -0.6889143589268933, "log10_eta": -3.3202841281057367, "log10_lambda": 0.7139360029947435, "log10_min_child_weight": 0.28254433676920876, "log10_subsample": -0.49864408359688583, "max_depth": 5.0, "num_boost_round": 51.0}, "datetime": {"datetime": "2024-01-19 00:54:11", "elapsed": 2504.188369, "delta": 0.002988}}
{"target": -13.758018424255736, "params": {"gamma": 569.2940943169913, "log10_alpha": -4.70954530077269, "log10_colsample_bytree": -0.6889143589268933, "log10_eta": -3.3202841281057367, "log10_lambda": 0.7139360029947435, "log10_min_child_weight": 0.28254433676920876, "log10_subsample": -0.49864408359688583, "max_depth": 5.0, "num_boost_round": 52.0}, "datetime": {"datetime": "2024-01-19 00:54:11", "elapsed": 2504.191368, "delta": 0.002999}}
{"target": -13.758555554533435, "params": {"gamma": 574.2217125637974, "log10_alpha": 0.7497108351624444, "log10_colsample_bytree": -0.40821330410040346, "log10_eta": -2.1641615157679395, "log10_lambda": 0.6753317432583303, "log10_min_child_weight": 3.879169275472893, "log10_subsample": -0.09063835745074766, "max_depth": 3.0, "num_boost_round": 0.0}, "datetime": {"datetime": "2024-01-19 00:54:54", "elapsed": 2547.52581, "delta": 43.334442}}
{"target": -13.758434038832956, "params": {"gamma": 574.2217125637974, "log10_alpha": 0.7497108351624444, "log10_colsample_bytree": -0.40821330410040346, "log10_eta": -2.1641615157679395, "log10_lambda": 0.6753317432583303, "log10_min_child_weight": 3.879169275472893, "log10_subsample": -0.09063835745074766, "max_depth": 3.0, "num_boost_round": 1.0}, "datetime": {"datetime": "2024-01-19 00:54:54", "elapsed": 2547.529623, "delta": 0.003813}}
{"target": -13.758454943820913, "params": {"gamma": 574.2217125637974, "log10_alpha": 0.7497108351624444, "log10_colsample_bytree": -0.40821330410040346, "log10_eta": -2.1641615157679395, "log10_lambda": 0.6753317432583303, "log10_min_child_weight": 3.879169275472893, "log10_subsample": -0.09063835745074766, "max_depth": 3.0, "num_boost_round": 2.0}, "datetime": {"datetime": "2024-01-19 00:54:54", "elapsed": 2547.533003, "delta": 0.00338}}
{"target": -13.758463837895194, "params": {"gamma": 574.2217125637974, "log10_alpha": 0.7497108351624444, "log10_colsample_bytree": -0.40821330410040346, "log10_eta": -2.1641615157679395, "log10_lambda": 0.6753317432583303, "log10_min_child_weight": 3.879169275472893, "log10_subsample": -0.09063835745074766, "max_depth": 3.0, "num_boost_round": 3.0}, "datetime": {"datetime": "2024-01-19 00:54:54", "elapsed": 2547.536077, "delta": 0.003074}}
{"target": -13.758414939594187, "params": {"gamma": 574.2217125637974, "log10_alpha": 0.7497108351624444, "log10_colsample_bytree": -0.40821330410040346, "log10_eta": -2.1641615157679395, "log10_lambda": 0.6753317432583303, "log10_min_child_weight": 3.879169275472893, "log10_subsample": -0.09063835745074766, "max_depth": 3.0, "num_boost_round": 4.0}, "datetime": {"datetime": "2024-01-19 00:54:54", "elapsed": 2547.539152, "delta": 0.003075}}
{"target": -13.758429637290961, "params": {"gamma": 574.2217125637974, "log10_alpha": 0.7497108351624444, "log10_colsample_bytree": -0.40821330410040346, "log10_eta": -2.1641615157679395, "log10_lambda": 0.6753317432583303, "log10_min_child_weight": 3.879169275472893, "log10_subsample": -0.09063835745074766, "max_depth": 3.0, "num_boost_round": 5.0}, "datetime": {"datetime": "2024-01-19 00:54:54", "elapsed": 2547.542171, "delta": 0.003019}}
{"target": -13.75846267851994, "params": {"gamma": 574.2217125637974, "log10_alpha": 0.7497108351624444, "log10_colsample_bytree": -0.40821330410040346, "log10_eta": -2.1641615157679395, "log10_lambda": 0.6753317432583303, "log10_min_child_weight": 3.879169275472893, "log10_subsample": -0.09063835745074766, "max_depth": 3.0, "num_boost_round": 6.0}, "datetime": {"datetime": "2024-01-19 00:54:54", "elapsed": 2547.545286, "delta": 0.003115}}
{"target": -13.758450870094821, "params": {"gamma": 574.2217125637974, "log10_alpha": 0.7497108351624444, "log10_colsample_bytree": -0.40821330410040346, "log10_eta": -2.1641615157679395, "log10_lambda": 0.6753317432583303, "log10_min_child_weight": 3.879169275472893, "log10_subsample": -0.09063835745074766, "max_depth": 3.0, "num_boost_round": 7.0}, "datetime": {"datetime": "2024-01-19 00:54:54", "elapsed": 2547.548398, "delta": 0.003112}}
{"target": -13.75839041902265, "params": {"gamma": 574.2217125637974, "log10_alpha": 0.7497108351624444, "log10_colsample_bytree": -0.40821330410040346, "log10_eta": -2.1641615157679395, "log10_lambda": 0.6753317432583303, "log10_min_child_weight": 3.879169275472893, "log10_subsample": -0.09063835745074766, "max_depth": 3.0, "num_boost_round": 8.0}, "datetime": {"datetime": "2024-01-19 00:54:54", "elapsed": 2547.551576, "delta": 0.003178}}
{"target": -13.758296088878128, "params": {"gamma": 574.2217125637974, "log10_alpha": 0.7497108351624444, "log10_colsample_bytree": -0.40821330410040346, "log10_eta": -2.1641615157679395, "log10_lambda": 0.6753317432583303, "log10_min_child_weight": 3.879169275472893, "log10_subsample": -0.09063835745074766, "max_depth": 3.0, "num_boost_round": 9.0}, "datetime": {"datetime": "2024-01-19 00:54:54", "elapsed": 2547.554811, "delta": 0.003235}}
{"target": -13.75824789303329, "params": {"gamma": 574.2217125637974, "log10_alpha": 0.7497108351624444, "log10_colsample_bytree": -0.40821330410040346, "log10_eta": -2.1641615157679395, "log10_lambda": 0.6753317432583303, "log10_min_child_weight": 3.879169275472893, "log10_subsample": -0.09063835745074766, "max_depth": 3.0, "num_boost_round": 10.0}, "datetime": {"datetime": "2024-01-19 00:54:54", "elapsed": 2547.557925, "delta": 0.003114}}
{"target": -13.758135656455147, "params": {"gamma": 574.2217125637974, "log10_alpha": 0.7497108351624444, "log10_colsample_bytree": -0.40821330410040346, "log10_eta": -2.1641615157679395, "log10_lambda": 0.6753317432583303, "log10_min_child_weight": 3.879169275472893, "log10_subsample": -0.09063835745074766, "max_depth": 3.0, "num_boost_round": 11.0}, "datetime": {"datetime": "2024-01-19 00:54:54", "elapsed": 2547.560984, "delta": 0.003059}}
{"target": -13.75809448533628, "params": {"gamma": 574.2217125637974, "log10_alpha": 0.7497108351624444, "log10_colsample_bytree": -0.40821330410040346, "log10_eta": -2.1641615157679395, "log10_lambda": 0.6753317432583303, "log10_min_child_weight": 3.879169275472893, "log10_subsample": -0.09063835745074766, "max_depth": 3.0, "num_boost_round": 12.0}, "datetime": {"datetime": "2024-01-19 00:54:54", "elapsed": 2547.564116, "delta": 0.003132}}
{"target": -13.758056423167545, "params": {"gamma": 574.2217125637974, "log10_alpha": 0.7497108351624444, "log10_colsample_bytree": -0.40821330410040346, "log10_eta": -2.1641615157679395, "log10_lambda": 0.6753317432583303, "log10_min_child_weight": 3.879169275472893, "log10_subsample": -0.09063835745074766, "max_depth": 3.0, "num_boost_round": 13.0}, "datetime": {"datetime": "2024-01-19 00:54:54", "elapsed": 2547.56728, "delta": 0.003164}}
{"target": -13.758028799514308, "params": {"gamma": 574.2217125637974, "log10_alpha": 0.7497108351624444, "log10_colsample_bytree": -0.40821330410040346, "log10_eta": -2.1641615157679395, "log10_lambda": 0.6753317432583303, "log10_min_child_weight": 3.879169275472893, "log10_subsample": -0.09063835745074766, "max_depth": 3.0, "num_boost_round": 14.0}, "datetime": {"datetime": "2024-01-19 00:54:54", "elapsed": 2547.570469, "delta": 0.003189}}
{"target": -13.757929367861419, "params": {"gamma": 574.2217125637974, "log10_alpha": 0.7497108351624444, "log10_colsample_bytree": -0.40821330410040346, "log10_eta": -2.1641615157679395, "log10_lambda": 0.6753317432583303, "log10_min_child_weight": 3.879169275472893, "log10_subsample": -0.09063835745074766, "max_depth": 3.0, "num_boost_round": 15.0}, "datetime": {"datetime": "2024-01-19 00:54:55", "elapsed": 2547.573626, "delta": 0.003157}}
{"target": -13.757871269433835, "params": {"gamma": 574.2217125637974, "log10_alpha": 0.7497108351624444, "log10_colsample_bytree": -0.40821330410040346, "log10_eta": -2.1641615157679395, "log10_lambda": 0.6753317432583303, "log10_min_child_weight": 3.879169275472893, "log10_subsample": -0.09063835745074766, "max_depth": 3.0, "num_boost_round": 16.0}, "datetime": {"datetime": "2024-01-19 00:54:55", "elapsed": 2547.577019, "delta": 0.003393}}
{"target": -13.757896942492748, "params": {"gamma": 574.2217125637974, "log10_alpha": 0.7497108351624444, "log10_colsample_bytree": -0.40821330410040346, "log10_eta": -2.1641615157679395, "log10_lambda": 0.6753317432583303, "log10_min_child_weight": 3.879169275472893, "log10_subsample": -0.09063835745074766, "max_depth": 3.0, "num_boost_round": 17.0}, "datetime": {"datetime": "2024-01-19 00:54:55", "elapsed": 2547.58013, "delta": 0.003111}}
{"target": -13.757914590562137, "params": {"gamma": 574.2217125637974, "log10_alpha": 0.7497108351624444, "log10_colsample_bytree": -0.40821330410040346, "log10_eta": -2.1641615157679395, "log10_lambda": 0.6753317432583303, "log10_min_child_weight": 3.879169275472893, "log10_subsample": -0.09063835745074766, "max_depth": 3.0, "num_boost_round": 18.0}, "datetime": {"datetime": "2024-01-19 00:54:55", "elapsed": 2547.583235, "delta": 0.003105}}
{"target": -13.757804076488004, "params": {"gamma": 574.2217125637974, "log10_alpha": 0.7497108351624444, "log10_colsample_bytree": -0.40821330410040346, "log10_eta": -2.1641615157679395, "log10_lambda": 0.6753317432583303, "log10_min_child_weight": 3.879169275472893, "log10_subsample": -0.09063835745074766, "max_depth": 3.0, "num_boost_round": 19.0}, "datetime": {"datetime": "2024-01-19 00:54:55", "elapsed": 2547.586329, "delta": 0.003094}}
{"target": -13.755504796792769, "params": {"gamma": 569.4357825368805, "log10_alpha": -0.9440053330117264, "log10_colsample_bytree": -0.9324867897229459, "log10_eta": -1.087335182359181, "log10_lambda": -3.867205771672165, "log10_min_child_weight": 2.688531609225149, "log10_subsample": -0.3582681368425261, "max_depth": 7.0, "num_boost_round": 0.0}, "datetime": {"datetime": "2024-01-19 00:55:46", "elapsed": 2599.247175, "delta": 51.660846}}
{"target": -13.757613065115638, "params": {"gamma": 569.4357825368805, "log10_alpha": -0.9440053330117264, "log10_colsample_bytree": -0.9324867897229459, "log10_eta": -1.087335182359181, "log10_lambda": -3.867205771672165, "log10_min_child_weight": 2.688531609225149, "log10_subsample": -0.3582681368425261, "max_depth": 7.0, "num_boost_round": 1.0}, "datetime": {"datetime": "2024-01-19 00:55:46", "elapsed": 2599.250928, "delta": 0.003753}}
{"target": -13.75843277174927, "params": {"gamma": 569.4357825368805, "log10_alpha": -0.9440053330117264, "log10_colsample_bytree": -0.9324867897229459, "log10_eta": -1.087335182359181, "log10_lambda": -3.867205771672165, "log10_min_child_weight": 2.688531609225149, "log10_subsample": -0.3582681368425261, "max_depth": 7.0, "num_boost_round": 2.0}, "datetime": {"datetime": "2024-01-19 00:55:46", "elapsed": 2599.254189, "delta": 0.003261}}
{"target": -13.758376702416276, "params": {"gamma": 569.4357825368805, "log10_alpha": -0.9440053330117264, "log10_colsample_bytree": -0.9324867897229459, "log10_eta": -1.087335182359181, "log10_lambda": -3.867205771672165, "log10_min_child_weight": 2.688531609225149, "log10_subsample": -0.3582681368425261, "max_depth": 7.0, "num_boost_round": 3.0}, "datetime": {"datetime": "2024-01-19 00:55:46", "elapsed": 2599.257245, "delta": 0.003056}}
{"target": -13.759429000074592, "params": {"gamma": 569.4357825368805, "log10_alpha": -0.9440053330117264, "log10_colsample_bytree": -0.9324867897229459, "log10_eta": -1.087335182359181, "log10_lambda": -3.867205771672165, "log10_min_child_weight": 2.688531609225149, "log10_subsample": -0.3582681368425261, "max_depth": 7.0, "num_boost_round": 4.0}, "datetime": {"datetime": "2024-01-19 00:55:46", "elapsed": 2599.260254, "delta": 0.003009}}
{"target": -13.758940644824401, "params": {"gamma": 569.4357825368805, "log10_alpha": -0.9440053330117264, "log10_colsample_bytree": -0.9324867897229459, "log10_eta": -1.087335182359181, "log10_lambda": -3.867205771672165, "log10_min_child_weight": 2.688531609225149, "log10_subsample": -0.3582681368425261, "max_depth": 7.0, "num_boost_round": 5.0}, "datetime": {"datetime": "2024-01-19 00:55:46", "elapsed": 2599.263254, "delta": 0.003}}
{"target": -13.760767404371162, "params": {"gamma": 569.4357825368805, "log10_alpha": -0.9440053330117264, "log10_colsample_bytree": -0.9324867897229459, "log10_eta": -1.087335182359181, "log10_lambda": -3.867205771672165, "log10_min_child_weight": 2.688531609225149, "log10_subsample": -0.3582681368425261, "max_depth": 7.0, "num_boost_round": 6.0}, "datetime": {"datetime": "2024-01-19 00:55:46", "elapsed": 2599.266247, "delta": 0.002993}}
{"target": -13.759021895339238, "params": {"gamma": 569.4357825368805, "log10_alpha": -0.9440053330117264, "log10_colsample_bytree": -0.9324867897229459, "log10_eta": -1.087335182359181, "log10_lambda": -3.867205771672165, "log10_min_child_weight": 2.688531609225149, "log10_subsample": -0.3582681368425261, "max_depth": 7.0, "num_boost_round": 7.0}, "datetime": {"datetime": "2024-01-19 00:55:46", "elapsed": 2599.26922, "delta": 0.002973}}
{"target": -13.76089062416038, "params": {"gamma": 569.4357825368805, "log10_alpha": -0.9440053330117264, "log10_colsample_bytree": -0.9324867897229459, "log10_eta": -1.087335182359181, "log10_lambda": -3.867205771672165, "log10_min_child_weight": 2.688531609225149, "log10_subsample": -0.3582681368425261, "max_depth": 7.0, "num_boost_round": 8.0}, "datetime": {"datetime": "2024-01-19 00:55:46", "elapsed": 2599.272372, "delta": 0.003152}}
{"target": -13.762818016287715, "params": {"gamma": 569.4357825368805, "log10_alpha": -0.9440053330117264, "log10_colsample_bytree": -0.9324867897229459, "log10_eta": -1.087335182359181, "log10_lambda": -3.867205771672165, "log10_min_child_weight": 2.688531609225149, "log10_subsample": -0.3582681368425261, "max_depth": 7.0, "num_boost_round": 9.0}, "datetime": {"datetime": "2024-01-19 00:55:46", "elapsed": 2599.275485, "delta": 0.003113}}
