{"target": -13.758143737335033, "params": {"gamma": 708.9362448333579, "log10_alpha": -4.528036755651764, "log10_colsample_bytree": -0.3423836137058228, "log10_eta": -2.435875698319386, "log10_lambda": 0.5090293390308389, "log10_min_child_weight": 1.8819370695759146, "log10_subsample": -0.8925991698726523, "max_depth": 9.0, "num_boost_round": 4.0}, "datetime": {"datetime": "2024-01-19 00:38:57", "elapsed": 1636.345621, "delta": 0.001917}}
{"target": -13.758114045998207, "params": {"gamma": 708.9362448333579, "log10_alpha": -4.528036755651764, "log10_colsample_bytree": -0.3423836137058228, "log10_eta": -2.435875698319386, "log10_lambda": 0.5090293390308389, "log10_min_child_weight": 1.8819370695759146, "log10_subsample": -0.8925991698726523, "max_depth": 9.0, "num_boost_round": 5.0}, "datetime": {"datetime": "2024-01-19 00:38:57", "elapsed": 1636.347537, "delta": 0.001916}}
{"target": -13.758165322127443, "params": {"gamma": 708.9362448333579, "log10_alpha": -4.528036755651764, "log10_colsample_bytree": -0.3423836137058228, "log10_eta": -2.435875698319386, "log10_lambda": 0.5090293390308389, "log10_min_child_weight": 1.8819370695759146, "log10_subsample": -0.8925991698726523, "max_depth": 9.0, "num_boost_round": 6.0}, "datetime": {"datetime": "2024-01-19 00:38:57", "elapsed": 1636.349444, "delta": 0.001907}}
{"target": -13.758083009221718, "params": {"gamma": 708.9362448333579, "log10_alpha": -4.528036755651764, "log10_colsample_bytree": -0.3423836137058228, "log10_eta": -2.435875698319386, "log10_lambda": 0.5090293390308389, "log10_min_child_weight": 1.8819370695759146, "log10_subsample": -0.8925991698726523, "max_depth": 9.0, "num_boost_round": 7.0}, "datetime": {"datetime": "2024-01-19 00:38:57", "elapsed": 1636.351336, "delta": 0.001892}}
{"target": -13.758056187730617, "params": {"gamma": 708.9362448333579, "log10_alpha": -4.528036755651764, "log10_colsample_bytree": -0.3423836137058228, "log10_eta": -2.435875698319386, "log10_lambda": 0.5090293390308389, "log10_min_child_weight": 1.8819370695759146, "log10_subsample": -0.8925991698726523, "max_depth": 9.0, "num_boost_round": 8.0}, "datetime": {"datetime": "2024-01-19 00:38:57", "elapsed": 1636.353344, "delta": 0.002008}}
{"target": -13.758162743836564, "params": {"gamma": 708.9362448333579, "log10_alpha": -4.528036755651764, "log10_colsample_bytree": -0.3423836137058228, "log10_eta": -2.435875698319386, "log10_lambda": 0.5090293390308389, "log10_min_child_weight": 1.8819370695759146, "log10_subsample": -0.8925991698726523, "max_depth": 9.0, "num_boost_round": 9.0}, "datetime": {"datetime": "2024-01-19 00:38:57", "elapsed": 1636.355244, "delta": 0.0019}}
{"target": -13.758094582764024, "params": {"gamma": 708.9362448333579, "log10_alpha": -4.528036755651764, "log10_colsample_bytree": -0.3423836137058228, "log10_eta": -2.435875698319386, "log10_lambda": 0.5090293390308389, "log10_min_child_weight": 1.8819370695759146, "log10_subsample": -0.8925991698726523, "max_depth": 9.0, "num_boost_round": 10.0}, "datetime": {"datetime": "2024-01-19 00:38:57", "elapsed": 1636.35716, "delta": 0.001916}}
{"target": -13.758092689502687, "params": {"gamma": 708.9362448333579, "log10_alpha": -4.528036755651764, "log10_colsample_bytree": -0.3423836137058228, "log10_eta": -2.435875698319386, "log10_lambda": 0.5090293390308389, "log10_min_child_weight": 1.8819370695759146, "log10_subsample": -0.8925991698726523, "max_depth": 9.0, "num_boost_round": 11.0}, "datetime": {"datetime": "2024-01-19 00:38:57", "elapsed": 1636.359009, "delta": 0.001849}}
{"target": -13.758103433745434, "params": {"gamma": 708.9362448333579, "log10_alpha": -4.528036755651764, "log10_colsample_bytree": -0.3423836137058228, "log10_eta": -2.435875698319386, "log10_lambda": 0.5090293390308389, "log10_min_child_weight": 1.8819370695759146, "log10_subsample": -0.8925991698726523, "max_depth": 9.0, "num_boost_round": 12.0}, "datetime": {"datetime": "2024-01-19 00:38:57", "elapsed": 1636.360874, "delta": 0.001865}}
{"target": -13.758040197828393, "params": {"gamma": 708.9362448333579, "log10_alpha": -4.528036755651764, "log10_colsample_bytree": -0.3423836137058228, "log10_eta": -2.435875698319386, "log10_lambda": 0.5090293390308389, "log10_min_child_weight": 1.8819370695759146, "log10_subsample": -0.8925991698726523, "max_depth": 9.0, "num_boost_round": 13.0}, "datetime": {"datetime": "2024-01-19 00:38:57", "elapsed": 1636.362765, "delta": 0.001891}}
{"target": -13.758004634637512, "params": {"gamma": 708.9362448333579, "log10_alpha": -4.528036755651764, "log10_colsample_bytree": -0.3423836137058228, "log10_eta": -2.435875698319386, "log10_lambda": 0.5090293390308389, "log10_min_child_weight": 1.8819370695759146, "log10_subsample": -0.8925991698726523, "max_depth": 9.0, "num_boost_round": 14.0}, "datetime": {"datetime": "2024-01-19 00:38:57", "elapsed": 1636.364709, "delta": 0.001944}}
{"target": -13.758057818763628, "params": {"gamma": 708.9362448333579, "log10_alpha": -4.528036755651764, "log10_colsample_bytree": -0.3423836137058228, "log10_eta": -2.435875698319386, "log10_lambda": 0.5090293390308389, "log10_min_child_weight": 1.8819370695759146, "log10_subsample": -0.8925991698726523, "max_depth": 9.0, "num_boost_round": 15.0}, "datetime": {"datetime": "2024-01-19 00:38:57", "elapsed": 1636.36663, "delta": 0.001921}}
{"target": -13.75854188530947, "params": {"gamma": 717.1979244982945, "log10_alpha": 0.3570100157318201, "log10_colsample_bytree": -0.2054733090192573, "log10_eta": -3.9932058345458876, "log10_lambda": -0.7812538407711802, "log10_min_child_weight": 0.01274146915327623, "log10_subsample": -0.9052024105939595, "max_depth": 9.0, "num_boost_round": 0.0}, "datetime": {"datetime": "2024-01-19 00:39:47", "elapsed": 1686.327163, "delta": 49.960533}}
{"target": -13.758542889330602, "params": {"gamma": 717.1979244982945, "log10_alpha": 0.3570100157318201, "log10_colsample_bytree": -0.2054733090192573, "log10_eta": -3.9932058345458876, "log10_lambda": -0.7812538407711802, "log10_min_child_weight": 0.01274146915327623, "log10_subsample": -0.9052024105939595, "max_depth": 9.0, "num_boost_round": 1.0}, "datetime": {"datetime": "2024-01-19 00:39:47", "elapsed": 1686.329838, "delta": 0.002675}}
{"target": -13.758539002564891, "params": {"gamma": 717.1979244982945, "log10_alpha": 0.3570100157318201, "log10_colsample_bytree": -0.2054733090192573, "log10_eta": -3.9932058345458876, "log10_lambda": -0.7812538407711802, "log10_min_child_weight": 0.01274146915327623, "log10_subsample": -0.9052024105939595, "max_depth": 9.0, "num_boost_round": 2.0}, "datetime": {"datetime": "2024-01-19 00:39:47", "elapsed": 1686.331867, "delta": 0.002029}}
{"target": -13.758534548694168, "params": {"gamma": 717.1979244982945, "log10_alpha": 0.3570100157318201, "log10_colsample_bytree": -0.2054733090192573, "log10_eta": -3.9932058345458876, "log10_lambda": -0.7812538407711802, "log10_min_child_weight": 0.01274146915327623, "log10_subsample": -0.9052024105939595, "max_depth": 9.0, "num_boost_round": 3.0}, "datetime": {"datetime": "2024-01-19 00:39:47", "elapsed": 1686.333957, "delta": 0.00209}}
{"target": -13.758528125366697, "params": {"gamma": 717.1979244982945, "log10_alpha": 0.3570100157318201, "log10_colsample_bytree": -0.2054733090192573, "log10_eta": -3.9932058345458876, "log10_lambda": -0.7812538407711802, "log10_min_child_weight": 0.01274146915327623, "log10_subsample": -0.9052024105939595, "max_depth": 9.0, "num_boost_round": 4.0}, "datetime": {"datetime": "2024-01-19 00:39:47", "elapsed": 1686.336057, "delta": 0.0021}}
{"target": -13.75852246261987, "params": {"gamma": 717.1979244982945, "log10_alpha": 0.3570100157318201, "log10_colsample_bytree": -0.2054733090192573, "log10_eta": -3.9932058345458876, "log10_lambda": -0.7812538407711802, "log10_min_child_weight": 0.01274146915327623, "log10_subsample": -0.9052024105939595, "max_depth": 9.0, "num_boost_round": 5.0}, "datetime": {"datetime": "2024-01-19 00:39:47", "elapsed": 1686.338082, "delta": 0.002025}}
{"target": -13.75852003448375, "params": {"gamma": 717.1979244982945, "log10_alpha": 0.3570100157318201, "log10_colsample_bytree": -0.2054733090192573, "log10_eta": -3.9932058345458876, "log10_lambda": -0.7812538407711802, "log10_min_child_weight": 0.01274146915327623, "log10_subsample": -0.9052024105939595, "max_depth": 9.0, "num_boost_round": 6.0}, "datetime": {"datetime": "2024-01-19 00:39:47", "elapsed": 1686.339988, "delta": 0.001906}}
{"target": -13.758522397574563, "params": {"gamma": 717.1979244982945, "log10_alpha": 0.3570100157318201, "log10_colsample_bytree": -0.2054733090192573, "log10_eta": -3.9932058345458876, "log10_lambda": -0.7812538407711802, "log10_min_child_weight": 0.01274146915327623, "log10_subsample": -0.9052024105939595, "max_depth": 9.0, "num_boost_round": 7.0}, "datetime": {"datetime": "2024-01-19 00:39:47", "elapsed": 1686.341889, "delta": 0.001901}}
{"target": -13.75851849620519, "params": {"gamma": 717.1979244982945, "log10_alpha": 0.3570100157318201, "log10_colsample_bytree": -0.2054733090192573, "log10_eta": -3.9932058345458876, "log10_lambda": -0.7812538407711802, "log10_min_child_weight": 0.01274146915327623, "log10_subsample": -0.9052024105939595, "max_depth": 9.0, "num_boost_round": 8.0}, "datetime": {"datetime": "2024-01-19 00:39:47", "elapsed": 1686.343848, "delta": 0.001959}}
{"target": -13.758520388385106, "params": {"gamma": 717.1979244982945, "log10_alpha": 0.3570100157318201, "log10_colsample_bytree": -0.2054733090192573, "log10_eta": -3.9932058345458876, "log10_lambda": -0.7812538407711802, "log10_min_child_weight": 0.01274146915327623, "log10_subsample": -0.9052024105939595, "max_depth": 9.0, "num_boost_round": 9.0}, "datetime": {"datetime": "2024-01-19 00:39:47", "elapsed": 1686.345737, "delta": 0.001889}}
{"target": -13.758516924201473, "params": {"gamma": 717.1979244982945, "log10_alpha": 0.3570100157318201, "log10_colsample_bytree": -0.2054733090192573, "log10_eta": -3.9932058345458876, "log10_lambda": -0.7812538407711802, "log10_min_child_weight": 0.01274146915327623, "log10_subsample": -0.9052024105939595, "max_depth": 9.0, "num_boost_round": 10.0}, "datetime": {"datetime": "2024-01-19 00:39:47", "elapsed": 1686.347672, "delta": 0.001935}}
{"target": -13.758515896113247, "params": {"gamma": 717.1979244982945, "log10_alpha": 0.3570100157318201, "log10_colsample_bytree": -0.2054733090192573, "log10_eta": -3.9932058345458876, "log10_lambda": -0.7812538407711802, "log10_min_child_weight": 0.01274146915327623, "log10_subsample": -0.9052024105939595, "max_depth": 9.0, "num_boost_round": 11.0}, "datetime": {"datetime": "2024-01-19 00:39:47", "elapsed": 1686.349569, "delta": 0.001897}}
{"target": -13.75851839369139, "params": {"gamma": 717.1979244982945, "log10_alpha": 0.3570100157318201, "log10_colsample_bytree": -0.2054733090192573, "log10_eta": -3.9932058345458876, "log10_lambda": -0.7812538407711802, "log10_min_child_weight": 0.01274146915327623, "log10_subsample": -0.9052024105939595, "max_depth": 9.0, "num_boost_round": 12.0}, "datetime": {"datetime": "2024-01-19 00:39:47", "elapsed": 1686.351499, "delta": 0.00193}}
{"target": -13.758515561474498, "params": {"gamma": 717.1979244982945, "log10_alpha": 0.3570100157318201, "log10_colsample_bytree": -0.2054733090192573, "log10_eta": -3.9932058345458876, "log10_lambda": -0.7812538407711802, "log10_min_child_weight": 0.01274146915327623, "log10_subsample": -0.9052024105939595, "max_depth": 9.0, "num_boost_round": 13.0}, "datetime": {"datetime": "2024-01-19 00:39:47", "elapsed": 1686.353487, "delta": 0.001988}}
{"target": -13.758511719718674, "params": {"gamma": 717.1979244982945, "log10_alpha": 0.3570100157318201, "log10_colsample_bytree": -0.2054733090192573, "log10_eta": -3.9932058345458876, "log10_lambda": -0.7812538407711802, "log10_min_child_weight": 0.01274146915327623, "log10_subsample": -0.9052024105939595, "max_depth": 9.0, "num_boost_round": 14.0}, "datetime": {"datetime": "2024-01-19 00:39:47", "elapsed": 1686.355386, "delta": 0.001899}}
{"target": -13.758509989538664, "params": {"gamma": 717.1979244982945, "log10_alpha": 0.3570100157318201, "log10_colsample_bytree": -0.2054733090192573, "log10_eta": -3.9932058345458876, "log10_lambda": -0.7812538407711802, "log10_min_child_weight": 0.01274146915327623, "log10_subsample": -0.9052024105939595, "max_depth": 9.0, "num_boost_round": 15.0}, "datetime": {"datetime": "2024-01-19 00:39:47", "elapsed": 1686.357296, "delta": 0.00191}}
{"target": -13.758509037911432, "params": {"gamma": 717.1979244982945, "log10_alpha": 0.3570100157318201, "log10_colsample_bytree": -0.2054733090192573, "log10_eta": -3.9932058345458876, "log10_lambda": -0.7812538407711802, "log10_min_child_weight": 0.01274146915327623, "log10_subsample": -0.9052024105939595, "max_depth": 9.0, "num_boost_round": 16.0}, "datetime": {"datetime": "2024-01-19 00:39:47", "elapsed": 1686.359188, "delta": 0.001892}}
{"target": -13.758510457003531, "params": {"gamma": 717.1979244982945, "log10_alpha": 0.3570100157318201, "log10_colsample_bytree": -0.2054733090192573, "log10_eta": -3.9932058345458876, "log10_lambda": -0.7812538407711802, "log10_min_child_weight": 0.01274146915327623, "log10_subsample": -0.9052024105939595, "max_depth": 9.0, "num_boost_round": 17.0}, "datetime": {"datetime": "2024-01-19 00:39:47", "elapsed": 1686.361105, "delta": 0.001917}}
{"target": -13.758516768577229, "params": {"gamma": 717.1979244982945, "log10_alpha": 0.3570100157318201, "log10_colsample_bytree": -0.2054733090192573, "log10_eta": -3.9932058345458876, "log10_lambda": -0.7812538407711802, "log10_min_child_weight": 0.01274146915327623, "log10_subsample": -0.9052024105939595, "max_depth": 9.0, "num_boost_round": 18.0}, "datetime": {"datetime": "2024-01-19 00:39:47", "elapsed": 1686.363006, "delta": 0.001901}}
{"target": -13.758516659624707, "params": {"gamma": 717.1979244982945, "log10_alpha": 0.3570100157318201, "log10_colsample_bytree": -0.2054733090192573, "log10_eta": -3.9932058345458876, "log10_lambda": -0.7812538407711802, "log10_min_child_weight": 0.01274146915327623, "log10_subsample": -0.9052024105939595, "max_depth": 9.0, "num_boost_round": 19.0}, "datetime": {"datetime": "2024-01-19 00:39:47", "elapsed": 1686.364985, "delta": 0.001979}}
{"target": -13.75851367008274, "params": {"gamma": 717.1979244982945, "log10_alpha": 0.3570100157318201, "log10_colsample_bytree": -0.2054733090192573, "log10_eta": -3.9932058345458876, "log10_lambda": -0.7812538407711802, "log10_min_child_weight": 0.01274146915327623, "log10_subsample": -0.9052024105939595, "max_depth": 9.0, "num_boost_round": 20.0}, "datetime": {"datetime": "2024-01-19 00:39:47", "elapsed": 1686.366905, "delta": 0.00192}}
{"target": -13.758509616961385, "params": {"gamma": 717.1979244982945, "log10_alpha": 0.3570100157318201, "log10_colsample_bytree": -0.2054733090192573, "log10_eta": -3.9932058345458876, "log10_lambda": -0.7812538407711802, "log10_min_child_weight": 0.01274146915327623, "log10_subsample": -0.9052024105939595, "max_depth": 9.0, "num_boost_round": 21.0}, "datetime": {"datetime": "2024-01-19 00:39:47", "elapsed": 1686.368893, "delta": 0.001988}}
{"target": -13.75850218628712, "params": {"gamma": 717.1979244982945, "log10_alpha": 0.3570100157318201, "log10_colsample_bytree": -0.2054733090192573, "log10_eta": -3.9932058345458876, "log10_lambda": -0.7812538407711802, "log10_min_child_weight": 0.01274146915327623, "log10_subsample": -0.9052024105939595, "max_depth": 9.0, "num_boost_round": 22.0}, "datetime": {"datetime": "2024-01-19 00:39:47", "elapsed": 1686.370824, "delta": 0.001931}}
{"target": -13.758500642126304, "params": {"gamma": 717.1979244982945, "log10_alpha": 0.3570100157318201, "log10_colsample_bytree": -0.2054733090192573, "log10_eta": -3.9932058345458876, "log10_lambda": -0.7812538407711802, "log10_min_child_weight": 0.01274146915327623, "log10_subsample": -0.9052024105939595, "max_depth": 9.0, "num_boost_round": 23.0}, "datetime": {"datetime": "2024-01-19 00:39:47", "elapsed": 1686.372737, "delta": 0.001913}}
{"target": -13.758501652519838, "params": {"gamma": 717.1979244982945, "log10_alpha": 0.3570100157318201, "log10_colsample_bytree": -0.2054733090192573, "log10_eta": -3.9932058345458876, "log10_lambda": -0.7812538407711802, "log10_min_child_weight": 0.01274146915327623, "log10_subsample": -0.9052024105939595, "max_depth": 9.0, "num_boost_round": 24.0}, "datetime": {"datetime": "2024-01-19 00:39:47", "elapsed": 1686.37474, "delta": 0.002003}}
{"target": -13.758499495766982, "params": {"gamma": 717.1979244982945, "log10_alpha": 0.3570100157318201, "log10_colsample_bytree": -0.2054733090192573, "log10_eta": -3.9932058345458876, "log10_lambda": -0.7812538407711802, "log10_min_child_weight": 0.01274146915327623, "log10_subsample": -0.9052024105939595, "max_depth": 9.0, "num_boost_round": 25.0}, "datetime": {"datetime": "2024-01-19 00:39:47", "elapsed": 1686.37667, "delta": 0.00193}}
{"target": -13.758491267007628, "params": {"gamma": 717.1979244982945, "log10_alpha": 0.3570100157318201, "log10_colsample_bytree": -0.2054733090192573, "log10_eta": -3.9932058345458876, "log10_lambda": -0.7812538407711802, "log10_min_child_weight": 0.01274146915327623, "log10_subsample": -0.9052024105939595, "max_depth": 9.0, "num_boost_round": 26.0}, "datetime": {"datetime": "2024-01-19 00:39:47", "elapsed": 1686.37854, "delta": 0.00187}}
{"target": -13.75848893985958, "params": {"gamma": 717.1979244982945, "log10_alpha": 0.3570100157318201, "log10_colsample_bytree": -0.2054733090192573, "log10_eta": -3.9932058345458876, "log10_lambda": -0.7812538407711802, "log10_min_child_weight": 0.01274146915327623, "log10_subsample": -0.9052024105939595, "max_depth": 9.0, "num_boost_round": 27.0}, "datetime": {"datetime": "2024-01-19 00:39:47", "elapsed": 1686.380472, "delta": 0.001932}}
{"target": -13.758484326272027, "params": {"gamma": 717.1979244982945, "log10_alpha": 0.3570100157318201, "log10_colsample_bytree": -0.2054733090192573, "log10_eta": -3.9932058345458876, "log10_lambda": -0.7812538407711802, "log10_min_child_weight": 0.01274146915327623, "log10_subsample": -0.9052024105939595, "max_depth": 9.0, "num_boost_round": 28.0}, "datetime": {"datetime": "2024-01-19 00:39:47", "elapsed": 1686.382432, "delta": 0.00196}}
{"target": -13.75848170208994, "params": {"gamma": 717.1979244982945, "log10_alpha": 0.3570100157318201, "log10_colsample_bytree": -0.2054733090192573, "log10_eta": -3.9932058345458876, "log10_lambda": -0.7812538407711802, "log10_min_child_weight": 0.01274146915327623, "log10_subsample": -0.9052024105939595, "max_depth": 9.0, "num_boost_round": 29.0}, "datetime": {"datetime": "2024-01-19 00:39:47", "elapsed": 1686.384454, "delta": 0.002022}}
{"target": -13.758480736534654, "params": {"gamma": 717.1979244982945, "log10_alpha": 0.3570100157318201, "log10_colsample_bytree": -0.2054733090192573, "log10_eta": -3.9932058345458876, "log10_lambda": -0.7812538407711802, "log10_min_child_weight": 0.01274146915327623, "log10_subsample": -0.9052024105939595, "max_depth": 9.0, "num_boost_round": 30.0}, "datetime": {"datetime": "2024-01-19 00:39:47", "elapsed": 1686.386526, "delta": 0.002072}}
{"target": -13.758473773272195, "params": {"gamma": 717.1979244982945, "log10_alpha": 0.3570100157318201, "log10_colsample_bytree": -0.2054733090192573, "log10_eta": -3.9932058345458876, "log10_lambda": -0.7812538407711802, "log10_min_child_weight": 0.01274146915327623, "log10_subsample": -0.9052024105939595, "max_depth": 9.0, "num_boost_round": 31.0}, "datetime": {"datetime": "2024-01-19 00:39:47", "elapsed": 1686.388432, "delta": 0.001906}}
{"target": -13.758468996509475, "params": {"gamma": 717.1979244982945, "log10_alpha": 0.3570100157318201, "log10_colsample_bytree": -0.2054733090192573, "log10_eta": -3.9932058345458876, "log10_lambda": -0.7812538407711802, "log10_min_child_weight": 0.01274146915327623, "log10_subsample": -0.9052024105939595, "max_depth": 9.0, "num_boost_round": 32.0}, "datetime": {"datetime": "2024-01-19 00:39:47", "elapsed": 1686.390367, "delta": 0.001935}}
{"target": -13.758465139650081, "params": {"gamma": 717.1979244982945, "log10_alpha": 0.3570100157318201, "log10_colsample_bytree": -0.2054733090192573, "log10_eta": -3.9932058345458876, "log10_lambda": -0.7812538407711802, "log10_min_child_weight": 0.01274146915327623, "log10_subsample": -0.9052024105939595, "max_depth": 9.0, "num_boost_round": 33.0}, "datetime": {"datetime": "2024-01-19 00:39:47", "elapsed": 1686.392252, "delta": 0.001885}}
{"target": -13.758465865264501, "params": {"gamma": 717.1979244982945, "log10_alpha": 0.3570100157318201, "log10_colsample_bytree": -0.2054733090192573, "log10_eta": -3.9932058345458876, "log10_lambda": -0.7812538407711802, "log10_min_child_weight": 0.01274146915327623, "log10_subsample": -0.9052024105939595, "max_depth": 9.0, "num_boost_round": 34.0}, "datetime": {"datetime": "2024-01-19 00:39:47", "elapsed": 1686.394222, "delta": 0.00197}}
{"target": -13.758460446710105, "params": {"gamma": 717.1979244982945, "log10_alpha": 0.3570100157318201, "log10_colsample_bytree": -0.2054733090192573, "log10_eta": -3.9932058345458876, "log10_lambda": -0.7812538407711802, "log10_min_child_weight": 0.01274146915327623, "log10_subsample": -0.9052024105939595, "max_depth": 9.0, "num_boost_round": 35.0}, "datetime": {"datetime": "2024-01-19 00:39:47", "elapsed": 1686.396142, "delta": 0.00192}}
{"target": -13.758468745101794, "params": {"gamma": 717.1979244982945, "log10_alpha": 0.3570100157318201, "log10_colsample_bytree": -0.2054733090192573, "log10_eta": -3.9932058345458876, "log10_lambda": -0.7812538407711802, "log10_min_child_weight": 0.01274146915327623, "log10_subsample": -0.9052024105939595, "max_depth": 9.0, "num_boost_round": 36.0}, "datetime": {"datetime": "2024-01-19 00:39:47", "elapsed": 1686.398043, "delta": 0.001901}}
