{"target": -17.67717777647435, "params": {"gamma": 537.812087216787, "log10_alpha": 0.1951532674265133, "log10_colsample_bytree": -0.7359919844103272, "log10_eta": -3.4028486504316633, "log10_lambda": -4.198646767320126, "log10_min_child_weight": 4.42610449582481, "log10_subsample": -0.04786639030597917, "max_depth": 9.0, "num_boost_round": 13.0}, "datetime": {"datetime": "2024-01-19 00:55:19", "elapsed": 2617.316171, "delta": 0.002795}}
{"target": -17.677177929591508, "params": {"gamma": 537.812087216787, "log10_alpha": 0.1951532674265133, "log10_colsample_bytree": -0.7359919844103272, "log10_eta": -3.4028486504316633, "log10_lambda": -4.198646767320126, "log10_min_child_weight": 4.42610449582481, "log10_subsample": -0.04786639030597917, "max_depth": 9.0, "num_boost_round": 14.0}, "datetime": {"datetime": "2024-01-19 00:55:19", "elapsed": 2617.318993, "delta": 0.002822}}
{"target": -17.677172323141093, "params": {"gamma": 537.812087216787, "log10_alpha": 0.1951532674265133, "log10_colsample_bytree": -0.7359919844103272, "log10_eta": -3.4028486504316633, "log10_lambda": -4.198646767320126, "log10_min_child_weight": 4.42610449582481, "log10_subsample": -0.04786639030597917, "max_depth": 9.0, "num_boost_round": 15.0}, "datetime": {"datetime": "2024-01-19 00:55:19", "elapsed": 2617.321885, "delta": 0.002892}}
{"target": -17.677163807163648, "params": {"gamma": 537.812087216787, "log10_alpha": 0.1951532674265133, "log10_colsample_bytree": -0.7359919844103272, "log10_eta": -3.4028486504316633, "log10_lambda": -4.198646767320126, "log10_min_child_weight": 4.42610449582481, "log10_subsample": -0.04786639030597917, "max_depth": 9.0, "num_boost_round": 16.0}, "datetime": {"datetime": "2024-01-19 00:55:19", "elapsed": 2617.324744, "delta": 0.002859}}
{"target": -17.677159472364558, "params": {"gamma": 537.812087216787, "log10_alpha": 0.1951532674265133, "log10_colsample_bytree": -0.7359919844103272, "log10_eta": -3.4028486504316633, "log10_lambda": -4.198646767320126, "log10_min_child_weight": 4.42610449582481, "log10_subsample": -0.04786639030597917, "max_depth": 9.0, "num_boost_round": 17.0}, "datetime": {"datetime": "2024-01-19 00:55:19", "elapsed": 2617.327585, "delta": 0.002841}}
{"target": -17.677156874464515, "params": {"gamma": 537.812087216787, "log10_alpha": 0.1951532674265133, "log10_colsample_bytree": -0.7359919844103272, "log10_eta": -3.4028486504316633, "log10_lambda": -4.198646767320126, "log10_min_child_weight": 4.42610449582481, "log10_subsample": -0.04786639030597917, "max_depth": 9.0, "num_boost_round": 18.0}, "datetime": {"datetime": "2024-01-19 00:55:19", "elapsed": 2617.3306, "delta": 0.003015}}
{"target": -17.677141085093236, "params": {"gamma": 537.812087216787, "log10_alpha": 0.1951532674265133, "log10_colsample_bytree": -0.7359919844103272, "log10_eta": -3.4028486504316633, "log10_lambda": -4.198646767320126, "log10_min_child_weight": 4.42610449582481, "log10_subsample": -0.04786639030597917, "max_depth": 9.0, "num_boost_round": 19.0}, "datetime": {"datetime": "2024-01-19 00:55:19", "elapsed": 2617.333563, "delta": 0.002963}}
{"target": -17.677145330378416, "params": {"gamma": 537.812087216787, "log10_alpha": 0.1951532674265133, "log10_colsample_bytree": -0.7359919844103272, "log10_eta": -3.4028486504316633, "log10_lambda": -4.198646767320126, "log10_min_child_weight": 4.42610449582481, "log10_subsample": -0.04786639030597917, "max_depth": 9.0, "num_boost_round": 20.0}, "datetime": {"datetime": "2024-01-19 00:55:19", "elapsed": 2617.336809, "delta": 0.003246}}
{"target": -17.677155437450985, "params": {"gamma": 537.812087216787, "log10_alpha": 0.1951532674265133, "log10_colsample_bytree": -0.7359919844103272, "log10_eta": -3.4028486504316633, "log10_lambda": -4.198646767320126, "log10_min_child_weight": 4.42610449582481, "log10_subsample": -0.04786639030597917, "max_depth": 9.0, "num_boost_round": 21.0}, "datetime": {"datetime": "2024-01-19 00:55:19", "elapsed": 2617.340544, "delta": 0.003735}}
{"target": -17.67714805588403, "params": {"gamma": 537.812087216787, "log10_alpha": 0.1951532674265133, "log10_colsample_bytree": -0.7359919844103272, "log10_eta": -3.4028486504316633, "log10_lambda": -4.198646767320126, "log10_min_child_weight": 4.42610449582481, "log10_subsample": -0.04786639030597917, "max_depth": 9.0, "num_boost_round": 22.0}, "datetime": {"datetime": "2024-01-19 00:55:20", "elapsed": 2617.343542, "delta": 0.002998}}
{"target": -17.67714158759813, "params": {"gamma": 537.812087216787, "log10_alpha": 0.1951532674265133, "log10_colsample_bytree": -0.7359919844103272, "log10_eta": -3.4028486504316633, "log10_lambda": -4.198646767320126, "log10_min_child_weight": 4.42610449582481, "log10_subsample": -0.04786639030597917, "max_depth": 9.0, "num_boost_round": 23.0}, "datetime": {"datetime": "2024-01-19 00:55:20", "elapsed": 2617.346542, "delta": 0.003}}
{"target": -17.677137793975533, "params": {"gamma": 537.812087216787, "log10_alpha": 0.1951532674265133, "log10_colsample_bytree": -0.7359919844103272, "log10_eta": -3.4028486504316633, "log10_lambda": -4.198646767320126, "log10_min_child_weight": 4.42610449582481, "log10_subsample": -0.04786639030597917, "max_depth": 9.0, "num_boost_round": 24.0}, "datetime": {"datetime": "2024-01-19 00:55:20", "elapsed": 2617.349402, "delta": 0.00286}}
{"target": -17.67713684382266, "params": {"gamma": 537.812087216787, "log10_alpha": 0.1951532674265133, "log10_colsample_bytree": -0.7359919844103272, "log10_eta": -3.4028486504316633, "log10_lambda": -4.198646767320126, "log10_min_child_weight": 4.42610449582481, "log10_subsample": -0.04786639030597917, "max_depth": 9.0, "num_boost_round": 25.0}, "datetime": {"datetime": "2024-01-19 00:55:20", "elapsed": 2617.352241, "delta": 0.002839}}
{"target": -17.67713221357242, "params": {"gamma": 537.812087216787, "log10_alpha": 0.1951532674265133, "log10_colsample_bytree": -0.7359919844103272, "log10_eta": -3.4028486504316633, "log10_lambda": -4.198646767320126, "log10_min_child_weight": 4.42610449582481, "log10_subsample": -0.04786639030597917, "max_depth": 9.0, "num_boost_round": 26.0}, "datetime": {"datetime": "2024-01-19 00:55:20", "elapsed": 2617.355072, "delta": 0.002831}}
{"target": -17.677227507312995, "params": {"gamma": 619.8930322994298, "log10_alpha": 0.39309821173500925, "log10_colsample_bytree": -0.45907302938998307, "log10_eta": -3.919009626526937, "log10_lambda": -1.6922044116936332, "log10_min_child_weight": 3.558057431944208, "log10_subsample": -0.4492206957482727, "max_depth": 8.0, "num_boost_round": 0.0}, "datetime": {"datetime": "2024-01-19 00:55:51", "elapsed": 2649.203421, "delta": 31.848349}}
{"target": -17.67722150135766, "params": {"gamma": 619.8930322994298, "log10_alpha": 0.39309821173500925, "log10_colsample_bytree": -0.45907302938998307, "log10_eta": -3.919009626526937, "log10_lambda": -1.6922044116936332, "log10_min_child_weight": 3.558057431944208, "log10_subsample": -0.4492206957482727, "max_depth": 8.0, "num_boost_round": 1.0}, "datetime": {"datetime": "2024-01-19 00:55:51", "elapsed": 2649.20723, "delta": 0.003809}}
{"target": -17.67721568503144, "params": {"gamma": 619.8930322994298, "log10_alpha": 0.39309821173500925, "log10_colsample_bytree": -0.45907302938998307, "log10_eta": -3.919009626526937, "log10_lambda": -1.6922044116936332, "log10_min_child_weight": 3.558057431944208, "log10_subsample": -0.4492206957482727, "max_depth": 8.0, "num_boost_round": 2.0}, "datetime": {"datetime": "2024-01-19 00:55:51", "elapsed": 2649.2104, "delta": 0.00317}}
{"target": -17.67721614372504, "params": {"gamma": 619.8930322994298, "log10_alpha": 0.39309821173500925, "log10_colsample_bytree": -0.45907302938998307, "log10_eta": -3.919009626526937, "log10_lambda": -1.6922044116936332, "log10_min_child_weight": 3.558057431944208, "log10_subsample": -0.4492206957482727, "max_depth": 8.0, "num_boost_round": 3.0}, "datetime": {"datetime": "2024-01-19 00:55:51", "elapsed": 2649.213337, "delta": 0.002937}}
{"target": -17.67720842119218, "params": {"gamma": 619.8930322994298, "log10_alpha": 0.39309821173500925, "log10_colsample_bytree": -0.45907302938998307, "log10_eta": -3.919009626526937, "log10_lambda": -1.6922044116936332, "log10_min_child_weight": 3.558057431944208, "log10_subsample": -0.4492206957482727, "max_depth": 8.0, "num_boost_round": 4.0}, "datetime": {"datetime": "2024-01-19 00:55:51", "elapsed": 2649.216181, "delta": 0.002844}}
{"target": -17.67720838454234, "params": {"gamma": 619.8930322994298, "log10_alpha": 0.39309821173500925, "log10_colsample_bytree": -0.45907302938998307, "log10_eta": -3.919009626526937, "log10_lambda": -1.6922044116936332, "log10_min_child_weight": 3.558057431944208, "log10_subsample": -0.4492206957482727, "max_depth": 8.0, "num_boost_round": 5.0}, "datetime": {"datetime": "2024-01-19 00:55:51", "elapsed": 2649.21901, "delta": 0.002829}}
{"target": -17.677204907030973, "params": {"gamma": 619.8930322994298, "log10_alpha": 0.39309821173500925, "log10_colsample_bytree": -0.45907302938998307, "log10_eta": -3.919009626526937, "log10_lambda": -1.6922044116936332, "log10_min_child_weight": 3.558057431944208, "log10_subsample": -0.4492206957482727, "max_depth": 8.0, "num_boost_round": 6.0}, "datetime": {"datetime": "2024-01-19 00:55:51", "elapsed": 2649.221875, "delta": 0.002865}}
{"target": -17.677201628334934, "params": {"gamma": 619.8930322994298, "log10_alpha": 0.39309821173500925, "log10_colsample_bytree": -0.45907302938998307, "log10_eta": -3.919009626526937, "log10_lambda": -1.6922044116936332, "log10_min_child_weight": 3.558057431944208, "log10_subsample": -0.4492206957482727, "max_depth": 8.0, "num_boost_round": 7.0}, "datetime": {"datetime": "2024-01-19 00:55:51", "elapsed": 2649.224753, "delta": 0.002878}}
{"target": -17.677195110693567, "params": {"gamma": 619.8930322994298, "log10_alpha": 0.39309821173500925, "log10_colsample_bytree": -0.45907302938998307, "log10_eta": -3.919009626526937, "log10_lambda": -1.6922044116936332, "log10_min_child_weight": 3.558057431944208, "log10_subsample": -0.4492206957482727, "max_depth": 8.0, "num_boost_round": 8.0}, "datetime": {"datetime": "2024-01-19 00:55:51", "elapsed": 2649.227566, "delta": 0.002813}}
{"target": -17.677191676065423, "params": {"gamma": 619.8930322994298, "log10_alpha": 0.39309821173500925, "log10_colsample_bytree": -0.45907302938998307, "log10_eta": -3.919009626526937, "log10_lambda": -1.6922044116936332, "log10_min_child_weight": 3.558057431944208, "log10_subsample": -0.4492206957482727, "max_depth": 8.0, "num_boost_round": 9.0}, "datetime": {"datetime": "2024-01-19 00:55:51", "elapsed": 2649.230565, "delta": 0.002999}}
{"target": -17.677188950266085, "params": {"gamma": 619.8930322994298, "log10_alpha": 0.39309821173500925, "log10_colsample_bytree": -0.45907302938998307, "log10_eta": -3.919009626526937, "log10_lambda": -1.6922044116936332, "log10_min_child_weight": 3.558057431944208, "log10_subsample": -0.4492206957482727, "max_depth": 8.0, "num_boost_round": 10.0}, "datetime": {"datetime": "2024-01-19 00:55:51", "elapsed": 2649.233528, "delta": 0.002963}}
{"target": -17.677183247080205, "params": {"gamma": 619.8930322994298, "log10_alpha": 0.39309821173500925, "log10_colsample_bytree": -0.45907302938998307, "log10_eta": -3.919009626526937, "log10_lambda": -1.6922044116936332, "log10_min_child_weight": 3.558057431944208, "log10_subsample": -0.4492206957482727, "max_depth": 8.0, "num_boost_round": 11.0}, "datetime": {"datetime": "2024-01-19 00:55:51", "elapsed": 2649.236531, "delta": 0.003003}}
{"target": -17.677178135580487, "params": {"gamma": 619.8930322994298, "log10_alpha": 0.39309821173500925, "log10_colsample_bytree": -0.45907302938998307, "log10_eta": -3.919009626526937, "log10_lambda": -1.6922044116936332, "log10_min_child_weight": 3.558057431944208, "log10_subsample": -0.4492206957482727, "max_depth": 8.0, "num_boost_round": 12.0}, "datetime": {"datetime": "2024-01-19 00:55:51", "elapsed": 2649.239355, "delta": 0.002824}}
{"target": -17.67717421869044, "params": {"gamma": 619.8930322994298, "log10_alpha": 0.39309821173500925, "log10_colsample_bytree": -0.45907302938998307, "log10_eta": -3.919009626526937, "log10_lambda": -1.6922044116936332, "log10_min_child_weight": 3.558057431944208, "log10_subsample": -0.4492206957482727, "max_depth": 8.0, "num_boost_round": 13.0}, "datetime": {"datetime": "2024-01-19 00:55:51", "elapsed": 2649.242306, "delta": 0.002951}}
{"target": -17.677176997132232, "params": {"gamma": 619.8930322994298, "log10_alpha": 0.39309821173500925, "log10_colsample_bytree": -0.45907302938998307, "log10_eta": -3.919009626526937, "log10_lambda": -1.6922044116936332, "log10_min_child_weight": 3.558057431944208, "log10_subsample": -0.4492206957482727, "max_depth": 8.0, "num_boost_round": 14.0}, "datetime": {"datetime": "2024-01-19 00:55:51", "elapsed": 2649.245146, "delta": 0.00284}}
{"target": -17.677173916083852, "params": {"gamma": 619.8930322994298, "log10_alpha": 0.39309821173500925, "log10_colsample_bytree": -0.45907302938998307, "log10_eta": -3.919009626526937, "log10_lambda": -1.6922044116936332, "log10_min_child_weight": 3.558057431944208, "log10_subsample": -0.4492206957482727, "max_depth": 8.0, "num_boost_round": 15.0}, "datetime": {"datetime": "2024-01-19 00:55:51", "elapsed": 2649.247962, "delta": 0.002816}}
{"target": -17.67717407535286, "params": {"gamma": 619.8930322994298, "log10_alpha": 0.39309821173500925, "log10_colsample_bytree": -0.45907302938998307, "log10_eta": -3.919009626526937, "log10_lambda": -1.6922044116936332, "log10_min_child_weight": 3.558057431944208, "log10_subsample": -0.4492206957482727, "max_depth": 8.0, "num_boost_round": 16.0}, "datetime": {"datetime": "2024-01-19 00:55:52", "elapsed": 2649.349313, "delta": 0.101351}}
{"target": -17.67717649535776, "params": {"gamma": 619.8930322994298, "log10_alpha": 0.39309821173500925, "log10_colsample_bytree": -0.45907302938998307, "log10_eta": -3.919009626526937, "log10_lambda": -1.6922044116936332, "log10_min_child_weight": 3.558057431944208, "log10_subsample": -0.4492206957482727, "max_depth": 8.0, "num_boost_round": 17.0}, "datetime": {"datetime": "2024-01-19 00:55:52", "elapsed": 2649.35279, "delta": 0.003477}}
{"target": -17.677174366179784, "params": {"gamma": 619.8930322994298, "log10_alpha": 0.39309821173500925, "log10_colsample_bytree": -0.45907302938998307, "log10_eta": -3.919009626526937, "log10_lambda": -1.6922044116936332, "log10_min_child_weight": 3.558057431944208, "log10_subsample": -0.4492206957482727, "max_depth": 8.0, "num_boost_round": 18.0}, "datetime": {"datetime": "2024-01-19 00:55:52", "elapsed": 2649.355894, "delta": 0.003104}}
{"target": -17.677167833833806, "params": {"gamma": 619.8930322994298, "log10_alpha": 0.39309821173500925, "log10_colsample_bytree": -0.45907302938998307, "log10_eta": -3.919009626526937, "log10_lambda": -1.6922044116936332, "log10_min_child_weight": 3.558057431944208, "log10_subsample": -0.4492206957482727, "max_depth": 8.0, "num_boost_round": 19.0}, "datetime": {"datetime": "2024-01-19 00:55:52", "elapsed": 2649.359082, "delta": 0.003188}}
{"target": -17.677161539904247, "params": {"gamma": 619.8930322994298, "log10_alpha": 0.39309821173500925, "log10_colsample_bytree": -0.45907302938998307, "log10_eta": -3.919009626526937, "log10_lambda": -1.6922044116936332, "log10_min_child_weight": 3.558057431944208, "log10_subsample": -0.4492206957482727, "max_depth": 8.0, "num_boost_round": 20.0}, "datetime": {"datetime": "2024-01-19 00:55:52", "elapsed": 2649.362199, "delta": 0.003117}}
{"target": -17.677157871711827, "params": {"gamma": 619.8930322994298, "log10_alpha": 0.39309821173500925, "log10_colsample_bytree": -0.45907302938998307, "log10_eta": -3.919009626526937, "log10_lambda": -1.6922044116936332, "log10_min_child_weight": 3.558057431944208, "log10_subsample": -0.4492206957482727, "max_depth": 8.0, "num_boost_round": 21.0}, "datetime": {"datetime": "2024-01-19 00:55:52", "elapsed": 2649.365195, "delta": 0.002996}}
{"target": -17.677150565577488, "params": {"gamma": 619.8930322994298, "log10_alpha": 0.39309821173500925, "log10_colsample_bytree": -0.45907302938998307, "log10_eta": -3.919009626526937, "log10_lambda": -1.6922044116936332, "log10_min_child_weight": 3.558057431944208, "log10_subsample": -0.4492206957482727, "max_depth": 8.0, "num_boost_round": 22.0}, "datetime": {"datetime": "2024-01-19 00:55:52", "elapsed": 2649.368187, "delta": 0.002992}}
{"target": -17.677216405105412, "params": {"gamma": 599.866539396133, "log10_alpha": -4.402628820536718, "log10_colsample_bytree": -0.9620416908600057, "log10_eta": -3.222929140543263, "log10_lambda": -3.4469824068901636, "log10_min_child_weight": 3.2535368280565953, "log10_subsample": -0.2809005388452156, "max_depth": 9.0, "num_boost_round": 0.0}, "datetime": {"datetime": "2024-01-19 00:56:27", "elapsed": 2684.523346, "delta": 35.155159}}
{"target": -17.67720182369075, "params": {"gamma": 599.866539396133, "log10_alpha": -4.402628820536718, "log10_colsample_bytree": -0.9620416908600057, "log10_eta": -3.222929140543263, "log10_lambda": -3.4469824068901636, "log10_min_child_weight": 3.2535368280565953, "log10_subsample": -0.2809005388452156, "max_depth": 9.0, "num_boost_round": 1.0}, "datetime": {"datetime": "2024-01-19 00:56:27", "elapsed": 2684.527249, "delta": 0.003903}}
{"target": -17.677182846495615, "params": {"gamma": 599.866539396133, "log10_alpha": -4.402628820536718, "log10_colsample_bytree": -0.9620416908600057, "log10_eta": -3.222929140543263, "log10_lambda": -3.4469824068901636, "log10_min_child_weight": 3.2535368280565953, "log10_subsample": -0.2809005388452156, "max_depth": 9.0, "num_boost_round": 2.0}, "datetime": {"datetime": "2024-01-19 00:56:27", "elapsed": 2684.530433, "delta": 0.003184}}
{"target": -17.67716220914487, "params": {"gamma": 599.866539396133, "log10_alpha": -4.402628820536718, "log10_colsample_bytree": -0.9620416908600057, "log10_eta": -3.222929140543263, "log10_lambda": -3.4469824068901636, "log10_min_child_weight": 3.2535368280565953, "log10_subsample": -0.2809005388452156, "max_depth": 9.0, "num_boost_round": 3.0}, "datetime": {"datetime": "2024-01-19 00:56:27", "elapsed": 2684.533575, "delta": 0.003142}}
{"target": -17.67712450528827, "params": {"gamma": 599.866539396133, "log10_alpha": -4.402628820536718, "log10_colsample_bytree": -0.9620416908600057, "log10_eta": -3.222929140543263, "log10_lambda": -3.4469824068901636, "log10_min_child_weight": 3.2535368280565953, "log10_subsample": -0.2809005388452156, "max_depth": 9.0, "num_boost_round": 4.0}, "datetime": {"datetime": "2024-01-19 00:56:27", "elapsed": 2684.536712, "delta": 0.003137}}
{"target": -17.677115130078583, "params": {"gamma": 599.866539396133, "log10_alpha": -4.402628820536718, "log10_colsample_bytree": -0.9620416908600057, "log10_eta": -3.222929140543263, "log10_lambda": -3.4469824068901636, "log10_min_child_weight": 3.2535368280565953, "log10_subsample": -0.2809005388452156, "max_depth": 9.0, "num_boost_round": 5.0}, "datetime": {"datetime": "2024-01-19 00:56:27", "elapsed": 2684.53972, "delta": 0.003008}}
{"target": -17.677111877165956, "params": {"gamma": 599.866539396133, "log10_alpha": -4.402628820536718, "log10_colsample_bytree": -0.9620416908600057, "log10_eta": -3.222929140543263, "log10_lambda": -3.4469824068901636, "log10_min_child_weight": 3.2535368280565953, "log10_subsample": -0.2809005388452156, "max_depth": 9.0, "num_boost_round": 6.0}, "datetime": {"datetime": "2024-01-19 00:56:27", "elapsed": 2684.542671, "delta": 0.002951}}
{"target": -17.677070104359096, "params": {"gamma": 599.866539396133, "log10_alpha": -4.402628820536718, "log10_colsample_bytree": -0.9620416908600057, "log10_eta": -3.222929140543263, "log10_lambda": -3.4469824068901636, "log10_min_child_weight": 3.2535368280565953, "log10_subsample": -0.2809005388452156, "max_depth": 9.0, "num_boost_round": 7.0}, "datetime": {"datetime": "2024-01-19 00:56:27", "elapsed": 2684.545593, "delta": 0.002922}}
{"target": -17.677061517959626, "params": {"gamma": 599.866539396133, "log10_alpha": -4.402628820536718, "log10_colsample_bytree": -0.9620416908600057, "log10_eta": -3.222929140543263, "log10_lambda": -3.4469824068901636, "log10_min_child_weight": 3.2535368280565953, "log10_subsample": -0.2809005388452156, "max_depth": 9.0, "num_boost_round": 8.0}, "datetime": {"datetime": "2024-01-19 00:56:27", "elapsed": 2684.548588, "delta": 0.002995}}
{"target": -17.67704521648025, "params": {"gamma": 599.866539396133, "log10_alpha": -4.402628820536718, "log10_colsample_bytree": -0.9620416908600057, "log10_eta": -3.222929140543263, "log10_lambda": -3.4469824068901636, "log10_min_child_weight": 3.2535368280565953, "log10_subsample": -0.2809005388452156, "max_depth": 9.0, "num_boost_round": 9.0}, "datetime": {"datetime": "2024-01-19 00:56:27", "elapsed": 2684.551614, "delta": 0.003026}}
{"target": -17.67701279299545, "params": {"gamma": 599.866539396133, "log10_alpha": -4.402628820536718, "log10_colsample_bytree": -0.9620416908600057, "log10_eta": -3.222929140543263, "log10_lambda": -3.4469824068901636, "log10_min_child_weight": 3.2535368280565953, "log10_subsample": -0.2809005388452156, "max_depth": 9.0, "num_boost_round": 10.0}, "datetime": {"datetime": "2024-01-19 00:56:27", "elapsed": 2684.55464, "delta": 0.003026}}
{"target": -17.676993285597945, "params": {"gamma": 599.866539396133, "log10_alpha": -4.402628820536718, "log10_colsample_bytree": -0.9620416908600057, "log10_eta": -3.222929140543263, "log10_lambda": -3.4469824068901636, "log10_min_child_weight": 3.2535368280565953, "log10_subsample": -0.2809005388452156, "max_depth": 9.0, "num_boost_round": 11.0}, "datetime": {"datetime": "2024-01-19 00:56:27", "elapsed": 2684.557568, "delta": 0.002928}}
