{"target": -17.67717486336487, "params": {"gamma": 879.5875888313178, "log10_alpha": -4.595327129978999, "log10_colsample_bytree": -0.864931627431195, "log10_eta": -3.7820209104780163, "log10_lambda": -4.824233227937748, "log10_min_child_weight": 1.8403792484303938, "log10_subsample": -0.3328320672551901, "max_depth": 7.0, "num_boost_round": 7.0}, "datetime": {"datetime": "2024-01-19 02:04:37", "elapsed": 6757.959359, "delta": 0.005969}}
{"target": -17.677177190739236, "params": {"gamma": 879.5875888313178, "log10_alpha": -4.595327129978999, "log10_colsample_bytree": -0.864931627431195, "log10_eta": -3.7820209104780163, "log10_lambda": -4.824233227937748, "log10_min_child_weight": 1.8403792484303938, "log10_subsample": -0.3328320672551901, "max_depth": 7.0, "num_boost_round": 8.0}, "datetime": {"datetime": "2024-01-19 02:04:37", "elapsed": 6757.965312, "delta": 0.005953}}
{"target": -17.677176880231972, "params": {"gamma": 879.5875888313178, "log10_alpha": -4.595327129978999, "log10_colsample_bytree": -0.864931627431195, "log10_eta": -3.7820209104780163, "log10_lambda": -4.824233227937748, "log10_min_child_weight": 1.8403792484303938, "log10_subsample": -0.3328320672551901, "max_depth": 7.0, "num_boost_round": 9.0}, "datetime": {"datetime": "2024-01-19 02:04:37", "elapsed": 6757.971454, "delta": 0.006142}}
{"target": -17.6771572818805, "params": {"gamma": 879.5875888313178, "log10_alpha": -4.595327129978999, "log10_colsample_bytree": -0.864931627431195, "log10_eta": -3.7820209104780163, "log10_lambda": -4.824233227937748, "log10_min_child_weight": 1.8403792484303938, "log10_subsample": -0.3328320672551901, "max_depth": 7.0, "num_boost_round": 10.0}, "datetime": {"datetime": "2024-01-19 02:04:37", "elapsed": 6757.977773, "delta": 0.006319}}
{"target": -17.677157886831836, "params": {"gamma": 879.5875888313178, "log10_alpha": -4.595327129978999, "log10_colsample_bytree": -0.864931627431195, "log10_eta": -3.7820209104780163, "log10_lambda": -4.824233227937748, "log10_min_child_weight": 1.8403792484303938, "log10_subsample": -0.3328320672551901, "max_depth": 7.0, "num_boost_round": 11.0}, "datetime": {"datetime": "2024-01-19 02:04:37", "elapsed": 6758.112938, "delta": 0.135165}}
{"target": -17.67714804938969, "params": {"gamma": 879.5875888313178, "log10_alpha": -4.595327129978999, "log10_colsample_bytree": -0.864931627431195, "log10_eta": -3.7820209104780163, "log10_lambda": -4.824233227937748, "log10_min_child_weight": 1.8403792484303938, "log10_subsample": -0.3328320672551901, "max_depth": 7.0, "num_boost_round": 12.0}, "datetime": {"datetime": "2024-01-19 02:04:37", "elapsed": 6758.119843, "delta": 0.006905}}
{"target": -17.677138129968743, "params": {"gamma": 879.5875888313178, "log10_alpha": -4.595327129978999, "log10_colsample_bytree": -0.864931627431195, "log10_eta": -3.7820209104780163, "log10_lambda": -4.824233227937748, "log10_min_child_weight": 1.8403792484303938, "log10_subsample": -0.3328320672551901, "max_depth": 7.0, "num_boost_round": 13.0}, "datetime": {"datetime": "2024-01-19 02:04:37", "elapsed": 6758.126332, "delta": 0.006489}}
{"target": -17.67713766654174, "params": {"gamma": 879.5875888313178, "log10_alpha": -4.595327129978999, "log10_colsample_bytree": -0.864931627431195, "log10_eta": -3.7820209104780163, "log10_lambda": -4.824233227937748, "log10_min_child_weight": 1.8403792484303938, "log10_subsample": -0.3328320672551901, "max_depth": 7.0, "num_boost_round": 14.0}, "datetime": {"datetime": "2024-01-19 02:04:37", "elapsed": 6758.132448, "delta": 0.006116}}
{"target": -17.677131644822175, "params": {"gamma": 879.5875888313178, "log10_alpha": -4.595327129978999, "log10_colsample_bytree": -0.864931627431195, "log10_eta": -3.7820209104780163, "log10_lambda": -4.824233227937748, "log10_min_child_weight": 1.8403792484303938, "log10_subsample": -0.3328320672551901, "max_depth": 7.0, "num_boost_round": 15.0}, "datetime": {"datetime": "2024-01-19 02:04:37", "elapsed": 6758.138121, "delta": 0.005673}}
{"target": -17.67713129060291, "params": {"gamma": 879.5875888313178, "log10_alpha": -4.595327129978999, "log10_colsample_bytree": -0.864931627431195, "log10_eta": -3.7820209104780163, "log10_lambda": -4.824233227937748, "log10_min_child_weight": 1.8403792484303938, "log10_subsample": -0.3328320672551901, "max_depth": 7.0, "num_boost_round": 16.0}, "datetime": {"datetime": "2024-01-19 02:04:37", "elapsed": 6758.143972, "delta": 0.005851}}
{"target": -17.677118821361244, "params": {"gamma": 879.5875888313178, "log10_alpha": -4.595327129978999, "log10_colsample_bytree": -0.864931627431195, "log10_eta": -3.7820209104780163, "log10_lambda": -4.824233227937748, "log10_min_child_weight": 1.8403792484303938, "log10_subsample": -0.3328320672551901, "max_depth": 7.0, "num_boost_round": 17.0}, "datetime": {"datetime": "2024-01-19 02:04:37", "elapsed": 6758.149907, "delta": 0.005935}}
{"target": -17.67723366604121, "params": {"gamma": 882.8479846598874, "log10_alpha": -0.030446584259353315, "log10_colsample_bytree": -0.5121776306761577, "log10_eta": -3.927329007397406, "log10_lambda": -1.2287832477982716, "log10_min_child_weight": 3.9095944140306043, "log10_subsample": -0.7452175264609947, "max_depth": 7.0, "num_boost_round": 0.0}, "datetime": {"datetime": "2024-01-19 02:06:07", "elapsed": 6848.195499, "delta": 90.045592}}
{"target": -17.677234259531964, "params": {"gamma": 882.8479846598874, "log10_alpha": -0.030446584259353315, "log10_colsample_bytree": -0.5121776306761577, "log10_eta": -3.927329007397406, "log10_lambda": -1.2287832477982716, "log10_min_child_weight": 3.9095944140306043, "log10_subsample": -0.7452175264609947, "max_depth": 7.0, "num_boost_round": 1.0}, "datetime": {"datetime": "2024-01-19 02:06:07", "elapsed": 6848.202511, "delta": 0.007012}}
{"target": -17.67723660038355, "params": {"gamma": 882.8479846598874, "log10_alpha": -0.030446584259353315, "log10_colsample_bytree": -0.5121776306761577, "log10_eta": -3.927329007397406, "log10_lambda": -1.2287832477982716, "log10_min_child_weight": 3.9095944140306043, "log10_subsample": -0.7452175264609947, "max_depth": 7.0, "num_boost_round": 2.0}, "datetime": {"datetime": "2024-01-19 02:06:07", "elapsed": 6848.208631, "delta": 0.00612}}
{"target": -17.677236114870094, "params": {"gamma": 882.8479846598874, "log10_alpha": -0.030446584259353315, "log10_colsample_bytree": -0.5121776306761577, "log10_eta": -3.927329007397406, "log10_lambda": -1.2287832477982716, "log10_min_child_weight": 3.9095944140306043, "log10_subsample": -0.7452175264609947, "max_depth": 7.0, "num_boost_round": 3.0}, "datetime": {"datetime": "2024-01-19 02:06:07", "elapsed": 6848.21501, "delta": 0.006379}}
{"target": -17.677235188380486, "params": {"gamma": 882.8479846598874, "log10_alpha": -0.030446584259353315, "log10_colsample_bytree": -0.5121776306761577, "log10_eta": -3.927329007397406, "log10_lambda": -1.2287832477982716, "log10_min_child_weight": 3.9095944140306043, "log10_subsample": -0.7452175264609947, "max_depth": 7.0, "num_boost_round": 4.0}, "datetime": {"datetime": "2024-01-19 02:06:07", "elapsed": 6848.221474, "delta": 0.006464}}
{"target": -17.677233720885646, "params": {"gamma": 882.8479846598874, "log10_alpha": -0.030446584259353315, "log10_colsample_bytree": -0.5121776306761577, "log10_eta": -3.927329007397406, "log10_lambda": -1.2287832477982716, "log10_min_child_weight": 3.9095944140306043, "log10_subsample": -0.7452175264609947, "max_depth": 7.0, "num_boost_round": 5.0}, "datetime": {"datetime": "2024-01-19 02:06:07", "elapsed": 6848.228653, "delta": 0.007179}}
{"target": -17.677235081748748, "params": {"gamma": 882.8479846598874, "log10_alpha": -0.030446584259353315, "log10_colsample_bytree": -0.5121776306761577, "log10_eta": -3.927329007397406, "log10_lambda": -1.2287832477982716, "log10_min_child_weight": 3.9095944140306043, "log10_subsample": -0.7452175264609947, "max_depth": 7.0, "num_boost_round": 6.0}, "datetime": {"datetime": "2024-01-19 02:06:07", "elapsed": 6848.235045, "delta": 0.006392}}
{"target": -17.67723507777765, "params": {"gamma": 882.8479846598874, "log10_alpha": -0.030446584259353315, "log10_colsample_bytree": -0.5121776306761577, "log10_eta": -3.927329007397406, "log10_lambda": -1.2287832477982716, "log10_min_child_weight": 3.9095944140306043, "log10_subsample": -0.7452175264609947, "max_depth": 7.0, "num_boost_round": 7.0}, "datetime": {"datetime": "2024-01-19 02:06:07", "elapsed": 6848.241025, "delta": 0.00598}}
{"target": -17.677236124137583, "params": {"gamma": 882.8479846598874, "log10_alpha": -0.030446584259353315, "log10_colsample_bytree": -0.5121776306761577, "log10_eta": -3.927329007397406, "log10_lambda": -1.2287832477982716, "log10_min_child_weight": 3.9095944140306043, "log10_subsample": -0.7452175264609947, "max_depth": 7.0, "num_boost_round": 8.0}, "datetime": {"datetime": "2024-01-19 02:06:07", "elapsed": 6848.246903, "delta": 0.005878}}
{"target": -17.677234527724696, "params": {"gamma": 882.8479846598874, "log10_alpha": -0.030446584259353315, "log10_colsample_bytree": -0.5121776306761577, "log10_eta": -3.927329007397406, "log10_lambda": -1.2287832477982716, "log10_min_child_weight": 3.9095944140306043, "log10_subsample": -0.7452175264609947, "max_depth": 7.0, "num_boost_round": 9.0}, "datetime": {"datetime": "2024-01-19 02:06:07", "elapsed": 6848.252784, "delta": 0.005881}}
{"target": -17.67723445982506, "params": {"gamma": 882.8479846598874, "log10_alpha": -0.030446584259353315, "log10_colsample_bytree": -0.5121776306761577, "log10_eta": -3.927329007397406, "log10_lambda": -1.2287832477982716, "log10_min_child_weight": 3.9095944140306043, "log10_subsample": -0.7452175264609947, "max_depth": 7.0, "num_boost_round": 10.0}, "datetime": {"datetime": "2024-01-19 02:06:07", "elapsed": 6848.258604, "delta": 0.00582}}
{"target": -17.677232965787944, "params": {"gamma": 882.8479846598874, "log10_alpha": -0.030446584259353315, "log10_colsample_bytree": -0.5121776306761577, "log10_eta": -3.927329007397406, "log10_lambda": -1.2287832477982716, "log10_min_child_weight": 3.9095944140306043, "log10_subsample": -0.7452175264609947, "max_depth": 7.0, "num_boost_round": 11.0}, "datetime": {"datetime": "2024-01-19 02:06:07", "elapsed": 6848.264647, "delta": 0.006043}}
{"target": -17.677232312318385, "params": {"gamma": 882.8479846598874, "log10_alpha": -0.030446584259353315, "log10_colsample_bytree": -0.5121776306761577, "log10_eta": -3.927329007397406, "log10_lambda": -1.2287832477982716, "log10_min_child_weight": 3.9095944140306043, "log10_subsample": -0.7452175264609947, "max_depth": 7.0, "num_boost_round": 12.0}, "datetime": {"datetime": "2024-01-19 02:06:07", "elapsed": 6848.270594, "delta": 0.005947}}
{"target": -17.67723185984138, "params": {"gamma": 882.8479846598874, "log10_alpha": -0.030446584259353315, "log10_colsample_bytree": -0.5121776306761577, "log10_eta": -3.927329007397406, "log10_lambda": -1.2287832477982716, "log10_min_child_weight": 3.9095944140306043, "log10_subsample": -0.7452175264609947, "max_depth": 7.0, "num_boost_round": 13.0}, "datetime": {"datetime": "2024-01-19 02:06:07", "elapsed": 6848.276693, "delta": 0.006099}}
{"target": -17.677230761149776, "params": {"gamma": 882.8479846598874, "log10_alpha": -0.030446584259353315, "log10_colsample_bytree": -0.5121776306761577, "log10_eta": -3.927329007397406, "log10_lambda": -1.2287832477982716, "log10_min_child_weight": 3.9095944140306043, "log10_subsample": -0.7452175264609947, "max_depth": 7.0, "num_boost_round": 14.0}, "datetime": {"datetime": "2024-01-19 02:06:07", "elapsed": 6848.282832, "delta": 0.006139}}
{"target": -17.677229382691316, "params": {"gamma": 882.8479846598874, "log10_alpha": -0.030446584259353315, "log10_colsample_bytree": -0.5121776306761577, "log10_eta": -3.927329007397406, "log10_lambda": -1.2287832477982716, "log10_min_child_weight": 3.9095944140306043, "log10_subsample": -0.7452175264609947, "max_depth": 7.0, "num_boost_round": 15.0}, "datetime": {"datetime": "2024-01-19 02:06:07", "elapsed": 6848.289079, "delta": 0.006247}}
{"target": -17.677228649141934, "params": {"gamma": 882.8479846598874, "log10_alpha": -0.030446584259353315, "log10_colsample_bytree": -0.5121776306761577, "log10_eta": -3.927329007397406, "log10_lambda": -1.2287832477982716, "log10_min_child_weight": 3.9095944140306043, "log10_subsample": -0.7452175264609947, "max_depth": 7.0, "num_boost_round": 16.0}, "datetime": {"datetime": "2024-01-19 02:06:07", "elapsed": 6848.29494, "delta": 0.005861}}
{"target": -17.67722790396514, "params": {"gamma": 882.8479846598874, "log10_alpha": -0.030446584259353315, "log10_colsample_bytree": -0.5121776306761577, "log10_eta": -3.927329007397406, "log10_lambda": -1.2287832477982716, "log10_min_child_weight": 3.9095944140306043, "log10_subsample": -0.7452175264609947, "max_depth": 7.0, "num_boost_round": 17.0}, "datetime": {"datetime": "2024-01-19 02:06:07", "elapsed": 6848.300945, "delta": 0.006005}}
{"target": -17.67722686447316, "params": {"gamma": 882.8479846598874, "log10_alpha": -0.030446584259353315, "log10_colsample_bytree": -0.5121776306761577, "log10_eta": -3.927329007397406, "log10_lambda": -1.2287832477982716, "log10_min_child_weight": 3.9095944140306043, "log10_subsample": -0.7452175264609947, "max_depth": 7.0, "num_boost_round": 18.0}, "datetime": {"datetime": "2024-01-19 02:06:07", "elapsed": 6848.306666, "delta": 0.005721}}
{"target": -17.67722394245039, "params": {"gamma": 882.8479846598874, "log10_alpha": -0.030446584259353315, "log10_colsample_bytree": -0.5121776306761577, "log10_eta": -3.927329007397406, "log10_lambda": -1.2287832477982716, "log10_min_child_weight": 3.9095944140306043, "log10_subsample": -0.7452175264609947, "max_depth": 7.0, "num_boost_round": 19.0}, "datetime": {"datetime": "2024-01-19 02:06:07", "elapsed": 6848.312398, "delta": 0.005732}}
{"target": -17.6772235057167, "params": {"gamma": 882.8479846598874, "log10_alpha": -0.030446584259353315, "log10_colsample_bytree": -0.5121776306761577, "log10_eta": -3.927329007397406, "log10_lambda": -1.2287832477982716, "log10_min_child_weight": 3.9095944140306043, "log10_subsample": -0.7452175264609947, "max_depth": 7.0, "num_boost_round": 20.0}, "datetime": {"datetime": "2024-01-19 02:06:07", "elapsed": 6848.319161, "delta": 0.006763}}
{"target": -17.677224787535774, "params": {"gamma": 882.8479846598874, "log10_alpha": -0.030446584259353315, "log10_colsample_bytree": -0.5121776306761577, "log10_eta": -3.927329007397406, "log10_lambda": -1.2287832477982716, "log10_min_child_weight": 3.9095944140306043, "log10_subsample": -0.7452175264609947, "max_depth": 7.0, "num_boost_round": 21.0}, "datetime": {"datetime": "2024-01-19 02:06:07", "elapsed": 6848.325116, "delta": 0.005955}}
{"target": -17.677223093382132, "params": {"gamma": 882.8479846598874, "log10_alpha": -0.030446584259353315, "log10_colsample_bytree": -0.5121776306761577, "log10_eta": -3.927329007397406, "log10_lambda": -1.2287832477982716, "log10_min_child_weight": 3.9095944140306043, "log10_subsample": -0.7452175264609947, "max_depth": 7.0, "num_boost_round": 22.0}, "datetime": {"datetime": "2024-01-19 02:06:07", "elapsed": 6848.330857, "delta": 0.005741}}
{"target": -17.677222575319494, "params": {"gamma": 882.8479846598874, "log10_alpha": -0.030446584259353315, "log10_colsample_bytree": -0.5121776306761577, "log10_eta": -3.927329007397406, "log10_lambda": -1.2287832477982716, "log10_min_child_weight": 3.9095944140306043, "log10_subsample": -0.7452175264609947, "max_depth": 7.0, "num_boost_round": 23.0}, "datetime": {"datetime": "2024-01-19 02:06:07", "elapsed": 6848.336705, "delta": 0.005848}}
{"target": -17.677222384369895, "params": {"gamma": 882.8479846598874, "log10_alpha": -0.030446584259353315, "log10_colsample_bytree": -0.5121776306761577, "log10_eta": -3.927329007397406, "log10_lambda": -1.2287832477982716, "log10_min_child_weight": 3.9095944140306043, "log10_subsample": -0.7452175264609947, "max_depth": 7.0, "num_boost_round": 24.0}, "datetime": {"datetime": "2024-01-19 02:06:07", "elapsed": 6848.342633, "delta": 0.005928}}
{"target": -17.67700096390078, "params": {"gamma": 836.0307952496009, "log10_alpha": -1.1713329643987223, "log10_colsample_bytree": -0.13946882259287274, "log10_eta": -2.452802833618551, "log10_lambda": -2.4811371801580124, "log10_min_child_weight": 0.29853526391852514, "log10_subsample": -0.14786669343482228, "max_depth": 9.0, "num_boost_round": 0.0}, "datetime": {"datetime": "2024-01-19 02:07:55", "elapsed": 6956.547851, "delta": 108.205218}}
{"target": -17.676803993559126, "params": {"gamma": 836.0307952496009, "log10_alpha": -1.1713329643987223, "log10_colsample_bytree": -0.13946882259287274, "log10_eta": -2.452802833618551, "log10_lambda": -2.4811371801580124, "log10_min_child_weight": 0.29853526391852514, "log10_subsample": -0.14786669343482228, "max_depth": 9.0, "num_boost_round": 1.0}, "datetime": {"datetime": "2024-01-19 02:07:55", "elapsed": 6956.555534, "delta": 0.007683}}
{"target": -17.676520445900042, "params": {"gamma": 836.0307952496009, "log10_alpha": -1.1713329643987223, "log10_colsample_bytree": -0.13946882259287274, "log10_eta": -2.452802833618551, "log10_lambda": -2.4811371801580124, "log10_min_child_weight": 0.29853526391852514, "log10_subsample": -0.14786669343482228, "max_depth": 9.0, "num_boost_round": 2.0}, "datetime": {"datetime": "2024-01-19 02:07:55", "elapsed": 6956.561888, "delta": 0.006354}}
{"target": -17.67624849636353, "params": {"gamma": 836.0307952496009, "log10_alpha": -1.1713329643987223, "log10_colsample_bytree": -0.13946882259287274, "log10_eta": -2.452802833618551, "log10_lambda": -2.4811371801580124, "log10_min_child_weight": 0.29853526391852514, "log10_subsample": -0.14786669343482228, "max_depth": 9.0, "num_boost_round": 3.0}, "datetime": {"datetime": "2024-01-19 02:07:55", "elapsed": 6956.568184, "delta": 0.006296}}
{"target": -17.675867017927835, "params": {"gamma": 836.0307952496009, "log10_alpha": -1.1713329643987223, "log10_colsample_bytree": -0.13946882259287274, "log10_eta": -2.452802833618551, "log10_lambda": -2.4811371801580124, "log10_min_child_weight": 0.29853526391852514, "log10_subsample": -0.14786669343482228, "max_depth": 9.0, "num_boost_round": 4.0}, "datetime": {"datetime": "2024-01-19 02:07:55", "elapsed": 6956.574901, "delta": 0.006717}}
{"target": -17.675983713842232, "params": {"gamma": 836.0307952496009, "log10_alpha": -1.1713329643987223, "log10_colsample_bytree": -0.13946882259287274, "log10_eta": -2.452802833618551, "log10_lambda": -2.4811371801580124, "log10_min_child_weight": 0.29853526391852514, "log10_subsample": -0.14786669343482228, "max_depth": 9.0, "num_boost_round": 5.0}, "datetime": {"datetime": "2024-01-19 02:07:55", "elapsed": 6956.581495, "delta": 0.006594}}
{"target": -17.6759138678931, "params": {"gamma": 836.0307952496009, "log10_alpha": -1.1713329643987223, "log10_colsample_bytree": -0.13946882259287274, "log10_eta": -2.452802833618551, "log10_lambda": -2.4811371801580124, "log10_min_child_weight": 0.29853526391852514, "log10_subsample": -0.14786669343482228, "max_depth": 9.0, "num_boost_round": 6.0}, "datetime": {"datetime": "2024-01-19 02:07:55", "elapsed": 6956.587729, "delta": 0.006234}}
{"target": -17.67562235231471, "params": {"gamma": 836.0307952496009, "log10_alpha": -1.1713329643987223, "log10_colsample_bytree": -0.13946882259287274, "log10_eta": -2.452802833618551, "log10_lambda": -2.4811371801580124, "log10_min_child_weight": 0.29853526391852514, "log10_subsample": -0.14786669343482228, "max_depth": 9.0, "num_boost_round": 7.0}, "datetime": {"datetime": "2024-01-19 02:07:55", "elapsed": 6956.594143, "delta": 0.006414}}
{"target": -17.675460549977053, "params": {"gamma": 836.0307952496009, "log10_alpha": -1.1713329643987223, "log10_colsample_bytree": -0.13946882259287274, "log10_eta": -2.452802833618551, "log10_lambda": -2.4811371801580124, "log10_min_child_weight": 0.29853526391852514, "log10_subsample": -0.14786669343482228, "max_depth": 9.0, "num_boost_round": 8.0}, "datetime": {"datetime": "2024-01-19 02:07:55", "elapsed": 6956.600738, "delta": 0.006595}}
{"target": -17.6750235034052, "params": {"gamma": 836.0307952496009, "log10_alpha": -1.1713329643987223, "log10_colsample_bytree": -0.13946882259287274, "log10_eta": -2.452802833618551, "log10_lambda": -2.4811371801580124, "log10_min_child_weight": 0.29853526391852514, "log10_subsample": -0.14786669343482228, "max_depth": 9.0, "num_boost_round": 9.0}, "datetime": {"datetime": "2024-01-19 02:07:55", "elapsed": 6956.606893, "delta": 0.006155}}
{"target": -17.67475325949077, "params": {"gamma": 836.0307952496009, "log10_alpha": -1.1713329643987223, "log10_colsample_bytree": -0.13946882259287274, "log10_eta": -2.452802833618551, "log10_lambda": -2.4811371801580124, "log10_min_child_weight": 0.29853526391852514, "log10_subsample": -0.14786669343482228, "max_depth": 9.0, "num_boost_round": 10.0}, "datetime": {"datetime": "2024-01-19 02:07:55", "elapsed": 6956.613255, "delta": 0.006362}}
{"target": -17.67722304318282, "params": {"gamma": 873.3073951191056, "log10_alpha": -3.0887735240260095, "log10_colsample_bytree": -0.29475705555026255, "log10_eta": -3.9097647485961207, "log10_lambda": 0.6583075908837062, "log10_min_child_weight": 2.6435984495059186, "log10_subsample": -0.7532113166044876, "max_depth": 8.0, "num_boost_round": 0.0}, "datetime": {"datetime": "2024-01-19 02:08:58", "elapsed": 7019.610668, "delta": 62.997413}}
{"target": -17.67721925906202, "params": {"gamma": 873.3073951191056, "log10_alpha": -3.0887735240260095, "log10_colsample_bytree": -0.29475705555026255, "log10_eta": -3.9097647485961207, "log10_lambda": 0.6583075908837062, "log10_min_child_weight": 2.6435984495059186, "log10_subsample": -0.7532113166044876, "max_depth": 8.0, "num_boost_round": 1.0}, "datetime": {"datetime": "2024-01-19 02:08:58", "elapsed": 7019.617383, "delta": 0.006715}}
