{"target": -17.677123977475464, "params": {"gamma": 423.8555406171916, "log10_alpha": -4.415083438828225, "log10_colsample_bytree": -0.33592488881661475, "log10_eta": -3.3979569172395734, "log10_lambda": -5.0, "log10_min_child_weight": 1.2003627193100441, "log10_subsample": -0.38440964483816453, "max_depth": 8.0, "num_boost_round": 6.0}, "datetime": {"datetime": "2024-01-19 00:31:47", "elapsed": 1197.397444, "delta": 0.002279}}
{"target": -17.67710045396394, "params": {"gamma": 423.8555406171916, "log10_alpha": -4.415083438828225, "log10_colsample_bytree": -0.33592488881661475, "log10_eta": -3.3979569172395734, "log10_lambda": -5.0, "log10_min_child_weight": 1.2003627193100441, "log10_subsample": -0.38440964483816453, "max_depth": 8.0, "num_boost_round": 7.0}, "datetime": {"datetime": "2024-01-19 00:31:47", "elapsed": 1197.399731, "delta": 0.002287}}
{"target": -17.677065013378336, "params": {"gamma": 423.8555406171916, "log10_alpha": -4.415083438828225, "log10_colsample_bytree": -0.33592488881661475, "log10_eta": -3.3979569172395734, "log10_lambda": -5.0, "log10_min_child_weight": 1.2003627193100441, "log10_subsample": -0.38440964483816453, "max_depth": 8.0, "num_boost_round": 8.0}, "datetime": {"datetime": "2024-01-19 00:31:47", "elapsed": 1197.401997, "delta": 0.002266}}
{"target": -17.677004814767745, "params": {"gamma": 423.8555406171916, "log10_alpha": -4.415083438828225, "log10_colsample_bytree": -0.33592488881661475, "log10_eta": -3.3979569172395734, "log10_lambda": -5.0, "log10_min_child_weight": 1.2003627193100441, "log10_subsample": -0.38440964483816453, "max_depth": 8.0, "num_boost_round": 9.0}, "datetime": {"datetime": "2024-01-19 00:31:47", "elapsed": 1197.404317, "delta": 0.00232}}
{"target": -17.67720318742774, "params": {"gamma": 424.89367051496754, "log10_alpha": -0.23106961017821792, "log10_colsample_bytree": -0.10449280000942873, "log10_eta": -3.688788589017152, "log10_lambda": -4.636320451788919, "log10_min_child_weight": 1.7336743532273995, "log10_subsample": -0.20703458193142144, "max_depth": 9.0, "num_boost_round": 0.0}, "datetime": {"datetime": "2024-01-19 00:32:15", "elapsed": 1224.969462, "delta": 27.565145}}
{"target": -17.677203085537585, "params": {"gamma": 424.89367051496754, "log10_alpha": -0.23106961017821792, "log10_colsample_bytree": -0.10449280000942873, "log10_eta": -3.688788589017152, "log10_lambda": -4.636320451788919, "log10_min_child_weight": 1.7336743532273995, "log10_subsample": -0.20703458193142144, "max_depth": 9.0, "num_boost_round": 1.0}, "datetime": {"datetime": "2024-01-19 00:32:15", "elapsed": 1224.972535, "delta": 0.003073}}
{"target": -17.6771844061863, "params": {"gamma": 424.89367051496754, "log10_alpha": -0.23106961017821792, "log10_colsample_bytree": -0.10449280000942873, "log10_eta": -3.688788589017152, "log10_lambda": -4.636320451788919, "log10_min_child_weight": 1.7336743532273995, "log10_subsample": -0.20703458193142144, "max_depth": 9.0, "num_boost_round": 2.0}, "datetime": {"datetime": "2024-01-19 00:32:15", "elapsed": 1224.97529, "delta": 0.002755}}
{"target": -17.677171825547916, "params": {"gamma": 424.89367051496754, "log10_alpha": -0.23106961017821792, "log10_colsample_bytree": -0.10449280000942873, "log10_eta": -3.688788589017152, "log10_lambda": -4.636320451788919, "log10_min_child_weight": 1.7336743532273995, "log10_subsample": -0.20703458193142144, "max_depth": 9.0, "num_boost_round": 3.0}, "datetime": {"datetime": "2024-01-19 00:32:15", "elapsed": 1224.977544, "delta": 0.002254}}
{"target": -17.67715635976667, "params": {"gamma": 424.89367051496754, "log10_alpha": -0.23106961017821792, "log10_colsample_bytree": -0.10449280000942873, "log10_eta": -3.688788589017152, "log10_lambda": -4.636320451788919, "log10_min_child_weight": 1.7336743532273995, "log10_subsample": -0.20703458193142144, "max_depth": 9.0, "num_boost_round": 4.0}, "datetime": {"datetime": "2024-01-19 00:32:15", "elapsed": 1224.979858, "delta": 0.002314}}
{"target": -17.677133273934235, "params": {"gamma": 424.89367051496754, "log10_alpha": -0.23106961017821792, "log10_colsample_bytree": -0.10449280000942873, "log10_eta": -3.688788589017152, "log10_lambda": -4.636320451788919, "log10_min_child_weight": 1.7336743532273995, "log10_subsample": -0.20703458193142144, "max_depth": 9.0, "num_boost_round": 5.0}, "datetime": {"datetime": "2024-01-19 00:32:15", "elapsed": 1224.98221, "delta": 0.002352}}
{"target": -17.67713057623538, "params": {"gamma": 424.89367051496754, "log10_alpha": -0.23106961017821792, "log10_colsample_bytree": -0.10449280000942873, "log10_eta": -3.688788589017152, "log10_lambda": -4.636320451788919, "log10_min_child_weight": 1.7336743532273995, "log10_subsample": -0.20703458193142144, "max_depth": 9.0, "num_boost_round": 6.0}, "datetime": {"datetime": "2024-01-19 00:32:15", "elapsed": 1224.984411, "delta": 0.002201}}
{"target": -17.677109843149047, "params": {"gamma": 424.89367051496754, "log10_alpha": -0.23106961017821792, "log10_colsample_bytree": -0.10449280000942873, "log10_eta": -3.688788589017152, "log10_lambda": -4.636320451788919, "log10_min_child_weight": 1.7336743532273995, "log10_subsample": -0.20703458193142144, "max_depth": 9.0, "num_boost_round": 7.0}, "datetime": {"datetime": "2024-01-19 00:32:15", "elapsed": 1224.986623, "delta": 0.002212}}
{"target": -17.677083309293533, "params": {"gamma": 424.89367051496754, "log10_alpha": -0.23106961017821792, "log10_colsample_bytree": -0.10449280000942873, "log10_eta": -3.688788589017152, "log10_lambda": -4.636320451788919, "log10_min_child_weight": 1.7336743532273995, "log10_subsample": -0.20703458193142144, "max_depth": 9.0, "num_boost_round": 8.0}, "datetime": {"datetime": "2024-01-19 00:32:15", "elapsed": 1224.989148, "delta": 0.002525}}
{"target": -17.677086536643813, "params": {"gamma": 424.89367051496754, "log10_alpha": -0.23106961017821792, "log10_colsample_bytree": -0.10449280000942873, "log10_eta": -3.688788589017152, "log10_lambda": -4.636320451788919, "log10_min_child_weight": 1.7336743532273995, "log10_subsample": -0.20703458193142144, "max_depth": 9.0, "num_boost_round": 9.0}, "datetime": {"datetime": "2024-01-19 00:32:15", "elapsed": 1224.991622, "delta": 0.002474}}
{"target": -17.677057670452456, "params": {"gamma": 424.89367051496754, "log10_alpha": -0.23106961017821792, "log10_colsample_bytree": -0.10449280000942873, "log10_eta": -3.688788589017152, "log10_lambda": -4.636320451788919, "log10_min_child_weight": 1.7336743532273995, "log10_subsample": -0.20703458193142144, "max_depth": 9.0, "num_boost_round": 10.0}, "datetime": {"datetime": "2024-01-19 00:32:15", "elapsed": 1224.994045, "delta": 0.002423}}
{"target": -17.677066463029764, "params": {"gamma": 424.89367051496754, "log10_alpha": -0.23106961017821792, "log10_colsample_bytree": -0.10449280000942873, "log10_eta": -3.688788589017152, "log10_lambda": -4.636320451788919, "log10_min_child_weight": 1.7336743532273995, "log10_subsample": -0.20703458193142144, "max_depth": 9.0, "num_boost_round": 11.0}, "datetime": {"datetime": "2024-01-19 00:32:15", "elapsed": 1224.996306, "delta": 0.002261}}
{"target": -17.677059590454917, "params": {"gamma": 424.89367051496754, "log10_alpha": -0.23106961017821792, "log10_colsample_bytree": -0.10449280000942873, "log10_eta": -3.688788589017152, "log10_lambda": -4.636320451788919, "log10_min_child_weight": 1.7336743532273995, "log10_subsample": -0.20703458193142144, "max_depth": 9.0, "num_boost_round": 12.0}, "datetime": {"datetime": "2024-01-19 00:32:15", "elapsed": 1224.998586, "delta": 0.00228}}
{"target": -17.67705392405488, "params": {"gamma": 424.89367051496754, "log10_alpha": -0.23106961017821792, "log10_colsample_bytree": -0.10449280000942873, "log10_eta": -3.688788589017152, "log10_lambda": -4.636320451788919, "log10_min_child_weight": 1.7336743532273995, "log10_subsample": -0.20703458193142144, "max_depth": 9.0, "num_boost_round": 13.0}, "datetime": {"datetime": "2024-01-19 00:32:15", "elapsed": 1225.000778, "delta": 0.002192}}
{"target": -17.677036087238584, "params": {"gamma": 424.89367051496754, "log10_alpha": -0.23106961017821792, "log10_colsample_bytree": -0.10449280000942873, "log10_eta": -3.688788589017152, "log10_lambda": -4.636320451788919, "log10_min_child_weight": 1.7336743532273995, "log10_subsample": -0.20703458193142144, "max_depth": 9.0, "num_boost_round": 14.0}, "datetime": {"datetime": "2024-01-19 00:32:15", "elapsed": 1225.00305, "delta": 0.002272}}
{"target": -17.677029975520384, "params": {"gamma": 424.89367051496754, "log10_alpha": -0.23106961017821792, "log10_colsample_bytree": -0.10449280000942873, "log10_eta": -3.688788589017152, "log10_lambda": -4.636320451788919, "log10_min_child_weight": 1.7336743532273995, "log10_subsample": -0.20703458193142144, "max_depth": 9.0, "num_boost_round": 15.0}, "datetime": {"datetime": "2024-01-19 00:32:15", "elapsed": 1225.005269, "delta": 0.002219}}
{"target": -17.67723245264472, "params": {"gamma": 435.96408888948326, "log10_alpha": -1.9279128613209395, "log10_colsample_bytree": -0.13285040378279023, "log10_eta": -3.6471588796419976, "log10_lambda": -4.780456614862732, "log10_min_child_weight": 4.580093194920352, "log10_subsample": -0.5203044694880822, "max_depth": 4.0, "num_boost_round": 0.0}, "datetime": {"datetime": "2024-01-19 00:32:37", "elapsed": 1247.109186, "delta": 22.103917}}
{"target": -17.67723177315882, "params": {"gamma": 435.96408888948326, "log10_alpha": -1.9279128613209395, "log10_colsample_bytree": -0.13285040378279023, "log10_eta": -3.6471588796419976, "log10_lambda": -4.780456614862732, "log10_min_child_weight": 4.580093194920352, "log10_subsample": -0.5203044694880822, "max_depth": 4.0, "num_boost_round": 1.0}, "datetime": {"datetime": "2024-01-19 00:32:37", "elapsed": 1247.112077, "delta": 0.002891}}
{"target": -17.677230480884703, "params": {"gamma": 435.96408888948326, "log10_alpha": -1.9279128613209395, "log10_colsample_bytree": -0.13285040378279023, "log10_eta": -3.6471588796419976, "log10_lambda": -4.780456614862732, "log10_min_child_weight": 4.580093194920352, "log10_subsample": -0.5203044694880822, "max_depth": 4.0, "num_boost_round": 2.0}, "datetime": {"datetime": "2024-01-19 00:32:37", "elapsed": 1247.114631, "delta": 0.002554}}
{"target": -17.677229602539, "params": {"gamma": 435.96408888948326, "log10_alpha": -1.9279128613209395, "log10_colsample_bytree": -0.13285040378279023, "log10_eta": -3.6471588796419976, "log10_lambda": -4.780456614862732, "log10_min_child_weight": 4.580093194920352, "log10_subsample": -0.5203044694880822, "max_depth": 4.0, "num_boost_round": 3.0}, "datetime": {"datetime": "2024-01-19 00:32:37", "elapsed": 1247.116862, "delta": 0.002231}}
{"target": -17.677229112184698, "params": {"gamma": 435.96408888948326, "log10_alpha": -1.9279128613209395, "log10_colsample_bytree": -0.13285040378279023, "log10_eta": -3.6471588796419976, "log10_lambda": -4.780456614862732, "log10_min_child_weight": 4.580093194920352, "log10_subsample": -0.5203044694880822, "max_depth": 4.0, "num_boost_round": 4.0}, "datetime": {"datetime": "2024-01-19 00:32:37", "elapsed": 1247.119058, "delta": 0.002196}}
{"target": -17.677228499761632, "params": {"gamma": 435.96408888948326, "log10_alpha": -1.9279128613209395, "log10_colsample_bytree": -0.13285040378279023, "log10_eta": -3.6471588796419976, "log10_lambda": -4.780456614862732, "log10_min_child_weight": 4.580093194920352, "log10_subsample": -0.5203044694880822, "max_depth": 4.0, "num_boost_round": 5.0}, "datetime": {"datetime": "2024-01-19 00:32:37", "elapsed": 1247.121241, "delta": 0.002183}}
{"target": -17.677226674502492, "params": {"gamma": 435.96408888948326, "log10_alpha": -1.9279128613209395, "log10_colsample_bytree": -0.13285040378279023, "log10_eta": -3.6471588796419976, "log10_lambda": -4.780456614862732, "log10_min_child_weight": 4.580093194920352, "log10_subsample": -0.5203044694880822, "max_depth": 4.0, "num_boost_round": 6.0}, "datetime": {"datetime": "2024-01-19 00:32:37", "elapsed": 1247.123551, "delta": 0.00231}}
{"target": -17.67722595021961, "params": {"gamma": 435.96408888948326, "log10_alpha": -1.9279128613209395, "log10_colsample_bytree": -0.13285040378279023, "log10_eta": -3.6471588796419976, "log10_lambda": -4.780456614862732, "log10_min_child_weight": 4.580093194920352, "log10_subsample": -0.5203044694880822, "max_depth": 4.0, "num_boost_round": 7.0}, "datetime": {"datetime": "2024-01-19 00:32:37", "elapsed": 1247.125735, "delta": 0.002184}}
{"target": -17.677224452316853, "params": {"gamma": 435.96408888948326, "log10_alpha": -1.9279128613209395, "log10_colsample_bytree": -0.13285040378279023, "log10_eta": -3.6471588796419976, "log10_lambda": -4.780456614862732, "log10_min_child_weight": 4.580093194920352, "log10_subsample": -0.5203044694880822, "max_depth": 4.0, "num_boost_round": 8.0}, "datetime": {"datetime": "2024-01-19 00:32:37", "elapsed": 1247.127928, "delta": 0.002193}}
{"target": -17.67722376522723, "params": {"gamma": 435.96408888948326, "log10_alpha": -1.9279128613209395, "log10_colsample_bytree": -0.13285040378279023, "log10_eta": -3.6471588796419976, "log10_lambda": -4.780456614862732, "log10_min_child_weight": 4.580093194920352, "log10_subsample": -0.5203044694880822, "max_depth": 4.0, "num_boost_round": 9.0}, "datetime": {"datetime": "2024-01-19 00:32:37", "elapsed": 1247.130101, "delta": 0.002173}}
{"target": -17.677223080637482, "params": {"gamma": 435.96408888948326, "log10_alpha": -1.9279128613209395, "log10_colsample_bytree": -0.13285040378279023, "log10_eta": -3.6471588796419976, "log10_lambda": -4.780456614862732, "log10_min_child_weight": 4.580093194920352, "log10_subsample": -0.5203044694880822, "max_depth": 4.0, "num_boost_round": 10.0}, "datetime": {"datetime": "2024-01-19 00:32:37", "elapsed": 1247.132353, "delta": 0.002252}}
{"target": -17.677223592677635, "params": {"gamma": 412.35011020080924, "log10_alpha": -3.8292293289457144, "log10_colsample_bytree": -0.36456404971165035, "log10_eta": -3.345305909849007, "log10_lambda": -2.863612623170586, "log10_min_child_weight": 1.6825677231222929, "log10_subsample": -0.5737432249568952, "max_depth": 2.0, "num_boost_round": 0.0}, "datetime": {"datetime": "2024-01-19 00:32:58", "elapsed": 1268.220103, "delta": 21.08775}}
{"target": -17.677211756576725, "params": {"gamma": 412.35011020080924, "log10_alpha": -3.8292293289457144, "log10_colsample_bytree": -0.36456404971165035, "log10_eta": -3.345305909849007, "log10_lambda": -2.863612623170586, "log10_min_child_weight": 1.6825677231222929, "log10_subsample": -0.5737432249568952, "max_depth": 2.0, "num_boost_round": 1.0}, "datetime": {"datetime": "2024-01-19 00:32:58", "elapsed": 1268.222989, "delta": 0.002886}}
{"target": -17.67719819467619, "params": {"gamma": 412.35011020080924, "log10_alpha": -3.8292293289457144, "log10_colsample_bytree": -0.36456404971165035, "log10_eta": -3.345305909849007, "log10_lambda": -2.863612623170586, "log10_min_child_weight": 1.6825677231222929, "log10_subsample": -0.5737432249568952, "max_depth": 2.0, "num_boost_round": 2.0}, "datetime": {"datetime": "2024-01-19 00:32:58", "elapsed": 1268.225467, "delta": 0.002478}}
{"target": -17.677186238426806, "params": {"gamma": 412.35011020080924, "log10_alpha": -3.8292293289457144, "log10_colsample_bytree": -0.36456404971165035, "log10_eta": -3.345305909849007, "log10_lambda": -2.863612623170586, "log10_min_child_weight": 1.6825677231222929, "log10_subsample": -0.5737432249568952, "max_depth": 2.0, "num_boost_round": 3.0}, "datetime": {"datetime": "2024-01-19 00:32:58", "elapsed": 1268.227668, "delta": 0.002201}}
{"target": -17.677175878153122, "params": {"gamma": 412.35011020080924, "log10_alpha": -3.8292293289457144, "log10_colsample_bytree": -0.36456404971165035, "log10_eta": -3.345305909849007, "log10_lambda": -2.863612623170586, "log10_min_child_weight": 1.6825677231222929, "log10_subsample": -0.5737432249568952, "max_depth": 2.0, "num_boost_round": 4.0}, "datetime": {"datetime": "2024-01-19 00:32:58", "elapsed": 1268.229864, "delta": 0.002196}}
{"target": -17.677169013636334, "params": {"gamma": 412.35011020080924, "log10_alpha": -3.8292293289457144, "log10_colsample_bytree": -0.36456404971165035, "log10_eta": -3.345305909849007, "log10_lambda": -2.863612623170586, "log10_min_child_weight": 1.6825677231222929, "log10_subsample": -0.5737432249568952, "max_depth": 2.0, "num_boost_round": 5.0}, "datetime": {"datetime": "2024-01-19 00:32:58", "elapsed": 1268.232104, "delta": 0.00224}}
{"target": -17.67715696011907, "params": {"gamma": 412.35011020080924, "log10_alpha": -3.8292293289457144, "log10_colsample_bytree": -0.36456404971165035, "log10_eta": -3.345305909849007, "log10_lambda": -2.863612623170586, "log10_min_child_weight": 1.6825677231222929, "log10_subsample": -0.5737432249568952, "max_depth": 2.0, "num_boost_round": 6.0}, "datetime": {"datetime": "2024-01-19 00:32:58", "elapsed": 1268.234292, "delta": 0.002188}}
{"target": -17.677143402621144, "params": {"gamma": 412.35011020080924, "log10_alpha": -3.8292293289457144, "log10_colsample_bytree": -0.36456404971165035, "log10_eta": -3.345305909849007, "log10_lambda": -2.863612623170586, "log10_min_child_weight": 1.6825677231222929, "log10_subsample": -0.5737432249568952, "max_depth": 2.0, "num_boost_round": 7.0}, "datetime": {"datetime": "2024-01-19 00:32:58", "elapsed": 1268.236483, "delta": 0.002191}}
{"target": -17.67713543681534, "params": {"gamma": 412.35011020080924, "log10_alpha": -3.8292293289457144, "log10_colsample_bytree": -0.36456404971165035, "log10_eta": -3.345305909849007, "log10_lambda": -2.863612623170586, "log10_min_child_weight": 1.6825677231222929, "log10_subsample": -0.5737432249568952, "max_depth": 2.0, "num_boost_round": 8.0}, "datetime": {"datetime": "2024-01-19 00:32:58", "elapsed": 1268.238677, "delta": 0.002194}}
{"target": -17.67711811968363, "params": {"gamma": 412.35011020080924, "log10_alpha": -3.8292293289457144, "log10_colsample_bytree": -0.36456404971165035, "log10_eta": -3.345305909849007, "log10_lambda": -2.863612623170586, "log10_min_child_weight": 1.6825677231222929, "log10_subsample": -0.5737432249568952, "max_depth": 2.0, "num_boost_round": 9.0}, "datetime": {"datetime": "2024-01-19 00:32:58", "elapsed": 1268.240868, "delta": 0.002191}}
{"target": -17.677105802266702, "params": {"gamma": 412.35011020080924, "log10_alpha": -3.8292293289457144, "log10_colsample_bytree": -0.36456404971165035, "log10_eta": -3.345305909849007, "log10_lambda": -2.863612623170586, "log10_min_child_weight": 1.6825677231222929, "log10_subsample": -0.5737432249568952, "max_depth": 2.0, "num_boost_round": 10.0}, "datetime": {"datetime": "2024-01-19 00:32:58", "elapsed": 1268.243211, "delta": 0.002343}}
{"target": -17.677229721042536, "params": {"gamma": 436.6866877275283, "log10_alpha": -4.98326618544176, "log10_colsample_bytree": -0.6041236038214568, "log10_eta": -3.462087993411559, "log10_lambda": -4.053620768318744, "log10_min_child_weight": 4.37485618661456, "log10_subsample": -0.43702148438503485, "max_depth": 6.0, "num_boost_round": 0.0}, "datetime": {"datetime": "2024-01-19 00:33:25", "elapsed": 1294.972782, "delta": 26.729571}}
{"target": -17.677227141131233, "params": {"gamma": 436.6866877275283, "log10_alpha": -4.98326618544176, "log10_colsample_bytree": -0.6041236038214568, "log10_eta": -3.462087993411559, "log10_lambda": -4.053620768318744, "log10_min_child_weight": 4.37485618661456, "log10_subsample": -0.43702148438503485, "max_depth": 6.0, "num_boost_round": 1.0}, "datetime": {"datetime": "2024-01-19 00:33:25", "elapsed": 1294.975448, "delta": 0.002666}}
{"target": -17.677224784757062, "params": {"gamma": 436.6866877275283, "log10_alpha": -4.98326618544176, "log10_colsample_bytree": -0.6041236038214568, "log10_eta": -3.462087993411559, "log10_lambda": -4.053620768318744, "log10_min_child_weight": 4.37485618661456, "log10_subsample": -0.43702148438503485, "max_depth": 6.0, "num_boost_round": 2.0}, "datetime": {"datetime": "2024-01-19 00:33:25", "elapsed": 1294.977901, "delta": 0.002453}}
{"target": -17.67722092441947, "params": {"gamma": 436.6866877275283, "log10_alpha": -4.98326618544176, "log10_colsample_bytree": -0.6041236038214568, "log10_eta": -3.462087993411559, "log10_lambda": -4.053620768318744, "log10_min_child_weight": 4.37485618661456, "log10_subsample": -0.43702148438503485, "max_depth": 6.0, "num_boost_round": 3.0}, "datetime": {"datetime": "2024-01-19 00:33:25", "elapsed": 1294.98015, "delta": 0.002249}}
{"target": -17.67722266807118, "params": {"gamma": 436.6866877275283, "log10_alpha": -4.98326618544176, "log10_colsample_bytree": -0.6041236038214568, "log10_eta": -3.462087993411559, "log10_lambda": -4.053620768318744, "log10_min_child_weight": 4.37485618661456, "log10_subsample": -0.43702148438503485, "max_depth": 6.0, "num_boost_round": 4.0}, "datetime": {"datetime": "2024-01-19 00:33:25", "elapsed": 1294.982453, "delta": 0.002303}}
{"target": -17.6772195817014, "params": {"gamma": 436.6866877275283, "log10_alpha": -4.98326618544176, "log10_colsample_bytree": -0.6041236038214568, "log10_eta": -3.462087993411559, "log10_lambda": -4.053620768318744, "log10_min_child_weight": 4.37485618661456, "log10_subsample": -0.43702148438503485, "max_depth": 6.0, "num_boost_round": 5.0}, "datetime": {"datetime": "2024-01-19 00:33:25", "elapsed": 1294.984647, "delta": 0.002194}}
{"target": -17.677221433143533, "params": {"gamma": 436.6866877275283, "log10_alpha": -4.98326618544176, "log10_colsample_bytree": -0.6041236038214568, "log10_eta": -3.462087993411559, "log10_lambda": -4.053620768318744, "log10_min_child_weight": 4.37485618661456, "log10_subsample": -0.43702148438503485, "max_depth": 6.0, "num_boost_round": 6.0}, "datetime": {"datetime": "2024-01-19 00:33:25", "elapsed": 1294.986844, "delta": 0.002197}}
