{"target": -17.677236425537025, "params": {"gamma": 968.4148749570519, "log10_alpha": -2.6860631180548564, "log10_colsample_bytree": -0.05564370790301887, "log10_eta": -3.885540064065667, "log10_lambda": -0.2511844550675493, "log10_min_child_weight": 3.586989555959286, "log10_subsample": -0.9633188420545303, "max_depth": 6.0, "num_boost_round": 18.0}, "datetime": {"datetime": "2024-01-19 01:15:27", "elapsed": 3821.292129, "delta": 0.004111}}
{"target": -17.67723451308299, "params": {"gamma": 968.4148749570519, "log10_alpha": -2.6860631180548564, "log10_colsample_bytree": -0.05564370790301887, "log10_eta": -3.885540064065667, "log10_lambda": -0.2511844550675493, "log10_min_child_weight": 3.586989555959286, "log10_subsample": -0.9633188420545303, "max_depth": 6.0, "num_boost_round": 19.0}, "datetime": {"datetime": "2024-01-19 01:15:27", "elapsed": 3821.296122, "delta": 0.003993}}
{"target": -17.67723348159112, "params": {"gamma": 968.4148749570519, "log10_alpha": -2.6860631180548564, "log10_colsample_bytree": -0.05564370790301887, "log10_eta": -3.885540064065667, "log10_lambda": -0.2511844550675493, "log10_min_child_weight": 3.586989555959286, "log10_subsample": -0.9633188420545303, "max_depth": 6.0, "num_boost_round": 20.0}, "datetime": {"datetime": "2024-01-19 01:15:27", "elapsed": 3821.300174, "delta": 0.004052}}
{"target": -17.67723217962475, "params": {"gamma": 968.4148749570519, "log10_alpha": -2.6860631180548564, "log10_colsample_bytree": -0.05564370790301887, "log10_eta": -3.885540064065667, "log10_lambda": -0.2511844550675493, "log10_min_child_weight": 3.586989555959286, "log10_subsample": -0.9633188420545303, "max_depth": 6.0, "num_boost_round": 21.0}, "datetime": {"datetime": "2024-01-19 01:15:27", "elapsed": 3821.304224, "delta": 0.00405}}
{"target": -17.67723156242624, "params": {"gamma": 968.4148749570519, "log10_alpha": -2.6860631180548564, "log10_colsample_bytree": -0.05564370790301887, "log10_eta": -3.885540064065667, "log10_lambda": -0.2511844550675493, "log10_min_child_weight": 3.586989555959286, "log10_subsample": -0.9633188420545303, "max_depth": 6.0, "num_boost_round": 22.0}, "datetime": {"datetime": "2024-01-19 01:15:27", "elapsed": 3821.308231, "delta": 0.004007}}
{"target": -17.67723426592351, "params": {"gamma": 968.4148749570519, "log10_alpha": -2.6860631180548564, "log10_colsample_bytree": -0.05564370790301887, "log10_eta": -3.885540064065667, "log10_lambda": -0.2511844550675493, "log10_min_child_weight": 3.586989555959286, "log10_subsample": -0.9633188420545303, "max_depth": 6.0, "num_boost_round": 23.0}, "datetime": {"datetime": "2024-01-19 01:15:27", "elapsed": 3821.312523, "delta": 0.004292}}
{"target": -17.67723340919227, "params": {"gamma": 968.4148749570519, "log10_alpha": -2.6860631180548564, "log10_colsample_bytree": -0.05564370790301887, "log10_eta": -3.885540064065667, "log10_lambda": -0.2511844550675493, "log10_min_child_weight": 3.586989555959286, "log10_subsample": -0.9633188420545303, "max_depth": 6.0, "num_boost_round": 24.0}, "datetime": {"datetime": "2024-01-19 01:15:27", "elapsed": 3821.316698, "delta": 0.004175}}
{"target": -17.677236359170863, "params": {"gamma": 968.4148749570519, "log10_alpha": -2.6860631180548564, "log10_colsample_bytree": -0.05564370790301887, "log10_eta": -3.885540064065667, "log10_lambda": -0.2511844550675493, "log10_min_child_weight": 3.586989555959286, "log10_subsample": -0.9633188420545303, "max_depth": 6.0, "num_boost_round": 25.0}, "datetime": {"datetime": "2024-01-19 01:15:27", "elapsed": 3821.320846, "delta": 0.004148}}
{"target": -17.677238367853338, "params": {"gamma": 968.4148749570519, "log10_alpha": -2.6860631180548564, "log10_colsample_bytree": -0.05564370790301887, "log10_eta": -3.885540064065667, "log10_lambda": -0.2511844550675493, "log10_min_child_weight": 3.586989555959286, "log10_subsample": -0.9633188420545303, "max_depth": 6.0, "num_boost_round": 26.0}, "datetime": {"datetime": "2024-01-19 01:15:27", "elapsed": 3821.324959, "delta": 0.004113}}
{"target": -17.677236003082363, "params": {"gamma": 968.4148749570519, "log10_alpha": -2.6860631180548564, "log10_colsample_bytree": -0.05564370790301887, "log10_eta": -3.885540064065667, "log10_lambda": -0.2511844550675493, "log10_min_child_weight": 3.586989555959286, "log10_subsample": -0.9633188420545303, "max_depth": 6.0, "num_boost_round": 27.0}, "datetime": {"datetime": "2024-01-19 01:15:27", "elapsed": 3821.329085, "delta": 0.004126}}
{"target": -17.677234217791202, "params": {"gamma": 968.4148749570519, "log10_alpha": -2.6860631180548564, "log10_colsample_bytree": -0.05564370790301887, "log10_eta": -3.885540064065667, "log10_lambda": -0.2511844550675493, "log10_min_child_weight": 3.586989555959286, "log10_subsample": -0.9633188420545303, "max_depth": 6.0, "num_boost_round": 28.0}, "datetime": {"datetime": "2024-01-19 01:15:27", "elapsed": 3821.333239, "delta": 0.004154}}
{"target": -17.6772205653776, "params": {"gamma": 977.2931768972504, "log10_alpha": -1.667899199199705, "log10_colsample_bytree": -0.5639541801542207, "log10_eta": -3.0108291301114796, "log10_lambda": -2.9950035282873873, "log10_min_child_weight": 4.0923994015721155, "log10_subsample": -0.7317022837324778, "max_depth": 4.0, "num_boost_round": 0.0}, "datetime": {"datetime": "2024-01-19 01:16:25", "elapsed": 3878.925909, "delta": 57.59267}}
{"target": -17.67722270825411, "params": {"gamma": 977.2931768972504, "log10_alpha": -1.667899199199705, "log10_colsample_bytree": -0.5639541801542207, "log10_eta": -3.0108291301114796, "log10_lambda": -2.9950035282873873, "log10_min_child_weight": 4.0923994015721155, "log10_subsample": -0.7317022837324778, "max_depth": 4.0, "num_boost_round": 1.0}, "datetime": {"datetime": "2024-01-19 01:16:25", "elapsed": 3878.931029, "delta": 0.00512}}
{"target": -17.67722691558787, "params": {"gamma": 977.2931768972504, "log10_alpha": -1.667899199199705, "log10_colsample_bytree": -0.5639541801542207, "log10_eta": -3.0108291301114796, "log10_lambda": -2.9950035282873873, "log10_min_child_weight": 4.0923994015721155, "log10_subsample": -0.7317022837324778, "max_depth": 4.0, "num_boost_round": 2.0}, "datetime": {"datetime": "2024-01-19 01:16:25", "elapsed": 3878.935526, "delta": 0.004497}}
{"target": -17.677216833401854, "params": {"gamma": 977.2931768972504, "log10_alpha": -1.667899199199705, "log10_colsample_bytree": -0.5639541801542207, "log10_eta": -3.0108291301114796, "log10_lambda": -2.9950035282873873, "log10_min_child_weight": 4.0923994015721155, "log10_subsample": -0.7317022837324778, "max_depth": 4.0, "num_boost_round": 3.0}, "datetime": {"datetime": "2024-01-19 01:16:25", "elapsed": 3878.93974, "delta": 0.004214}}
{"target": -17.677212261547602, "params": {"gamma": 977.2931768972504, "log10_alpha": -1.667899199199705, "log10_colsample_bytree": -0.5639541801542207, "log10_eta": -3.0108291301114796, "log10_lambda": -2.9950035282873873, "log10_min_child_weight": 4.0923994015721155, "log10_subsample": -0.7317022837324778, "max_depth": 4.0, "num_boost_round": 4.0}, "datetime": {"datetime": "2024-01-19 01:16:25", "elapsed": 3878.94379, "delta": 0.00405}}
{"target": -17.67721117883245, "params": {"gamma": 977.2931768972504, "log10_alpha": -1.667899199199705, "log10_colsample_bytree": -0.5639541801542207, "log10_eta": -3.0108291301114796, "log10_lambda": -2.9950035282873873, "log10_min_child_weight": 4.0923994015721155, "log10_subsample": -0.7317022837324778, "max_depth": 4.0, "num_boost_round": 5.0}, "datetime": {"datetime": "2024-01-19 01:16:25", "elapsed": 3878.947808, "delta": 0.004018}}
{"target": -17.677211901277314, "params": {"gamma": 977.2931768972504, "log10_alpha": -1.667899199199705, "log10_colsample_bytree": -0.5639541801542207, "log10_eta": -3.0108291301114796, "log10_lambda": -2.9950035282873873, "log10_min_child_weight": 4.0923994015721155, "log10_subsample": -0.7317022837324778, "max_depth": 4.0, "num_boost_round": 6.0}, "datetime": {"datetime": "2024-01-19 01:16:25", "elapsed": 3878.951982, "delta": 0.004174}}
{"target": -17.677219002093953, "params": {"gamma": 977.2931768972504, "log10_alpha": -1.667899199199705, "log10_colsample_bytree": -0.5639541801542207, "log10_eta": -3.0108291301114796, "log10_lambda": -2.9950035282873873, "log10_min_child_weight": 4.0923994015721155, "log10_subsample": -0.7317022837324778, "max_depth": 4.0, "num_boost_round": 7.0}, "datetime": {"datetime": "2024-01-19 01:16:25", "elapsed": 3878.956087, "delta": 0.004105}}
{"target": -17.677213540026695, "params": {"gamma": 977.2931768972504, "log10_alpha": -1.667899199199705, "log10_colsample_bytree": -0.5639541801542207, "log10_eta": -3.0108291301114796, "log10_lambda": -2.9950035282873873, "log10_min_child_weight": 4.0923994015721155, "log10_subsample": -0.7317022837324778, "max_depth": 4.0, "num_boost_round": 8.0}, "datetime": {"datetime": "2024-01-19 01:16:25", "elapsed": 3878.960134, "delta": 0.004047}}
{"target": -17.6771977988347, "params": {"gamma": 977.2931768972504, "log10_alpha": -1.667899199199705, "log10_colsample_bytree": -0.5639541801542207, "log10_eta": -3.0108291301114796, "log10_lambda": -2.9950035282873873, "log10_min_child_weight": 4.0923994015721155, "log10_subsample": -0.7317022837324778, "max_depth": 4.0, "num_boost_round": 9.0}, "datetime": {"datetime": "2024-01-19 01:16:25", "elapsed": 3878.96425, "delta": 0.004116}}
{"target": -17.677186527014303, "params": {"gamma": 977.2931768972504, "log10_alpha": -1.667899199199705, "log10_colsample_bytree": -0.5639541801542207, "log10_eta": -3.0108291301114796, "log10_lambda": -2.9950035282873873, "log10_min_child_weight": 4.0923994015721155, "log10_subsample": -0.7317022837324778, "max_depth": 4.0, "num_boost_round": 10.0}, "datetime": {"datetime": "2024-01-19 01:16:25", "elapsed": 3878.968359, "delta": 0.004109}}
{"target": -17.677179733394063, "params": {"gamma": 977.2931768972504, "log10_alpha": -1.667899199199705, "log10_colsample_bytree": -0.5639541801542207, "log10_eta": -3.0108291301114796, "log10_lambda": -2.9950035282873873, "log10_min_child_weight": 4.0923994015721155, "log10_subsample": -0.7317022837324778, "max_depth": 4.0, "num_boost_round": 11.0}, "datetime": {"datetime": "2024-01-19 01:16:25", "elapsed": 3878.972461, "delta": 0.004102}}
{"target": -17.67717071231374, "params": {"gamma": 977.2931768972504, "log10_alpha": -1.667899199199705, "log10_colsample_bytree": -0.5639541801542207, "log10_eta": -3.0108291301114796, "log10_lambda": -2.9950035282873873, "log10_min_child_weight": 4.0923994015721155, "log10_subsample": -0.7317022837324778, "max_depth": 4.0, "num_boost_round": 12.0}, "datetime": {"datetime": "2024-01-19 01:16:25", "elapsed": 3878.976513, "delta": 0.004052}}
{"target": -17.67716854161025, "params": {"gamma": 977.2931768972504, "log10_alpha": -1.667899199199705, "log10_colsample_bytree": -0.5639541801542207, "log10_eta": -3.0108291301114796, "log10_lambda": -2.9950035282873873, "log10_min_child_weight": 4.0923994015721155, "log10_subsample": -0.7317022837324778, "max_depth": 4.0, "num_boost_round": 13.0}, "datetime": {"datetime": "2024-01-19 01:16:25", "elapsed": 3878.980541, "delta": 0.004028}}
{"target": -17.67716053636698, "params": {"gamma": 977.2931768972504, "log10_alpha": -1.667899199199705, "log10_colsample_bytree": -0.5639541801542207, "log10_eta": -3.0108291301114796, "log10_lambda": -2.9950035282873873, "log10_min_child_weight": 4.0923994015721155, "log10_subsample": -0.7317022837324778, "max_depth": 4.0, "num_boost_round": 14.0}, "datetime": {"datetime": "2024-01-19 01:16:25", "elapsed": 3878.984607, "delta": 0.004066}}
{"target": -17.67715648418517, "params": {"gamma": 977.2931768972504, "log10_alpha": -1.667899199199705, "log10_colsample_bytree": -0.5639541801542207, "log10_eta": -3.0108291301114796, "log10_lambda": -2.9950035282873873, "log10_min_child_weight": 4.0923994015721155, "log10_subsample": -0.7317022837324778, "max_depth": 4.0, "num_boost_round": 15.0}, "datetime": {"datetime": "2024-01-19 01:16:25", "elapsed": 3878.988762, "delta": 0.004155}}
{"target": -17.677151039799746, "params": {"gamma": 977.2931768972504, "log10_alpha": -1.667899199199705, "log10_colsample_bytree": -0.5639541801542207, "log10_eta": -3.0108291301114796, "log10_lambda": -2.9950035282873873, "log10_min_child_weight": 4.0923994015721155, "log10_subsample": -0.7317022837324778, "max_depth": 4.0, "num_boost_round": 16.0}, "datetime": {"datetime": "2024-01-19 01:16:25", "elapsed": 3878.992938, "delta": 0.004176}}
{"target": -17.67715646367358, "params": {"gamma": 977.2931768972504, "log10_alpha": -1.667899199199705, "log10_colsample_bytree": -0.5639541801542207, "log10_eta": -3.0108291301114796, "log10_lambda": -2.9950035282873873, "log10_min_child_weight": 4.0923994015721155, "log10_subsample": -0.7317022837324778, "max_depth": 4.0, "num_boost_round": 17.0}, "datetime": {"datetime": "2024-01-19 01:16:25", "elapsed": 3878.996972, "delta": 0.004034}}
{"target": -17.677149562097725, "params": {"gamma": 977.2931768972504, "log10_alpha": -1.667899199199705, "log10_colsample_bytree": -0.5639541801542207, "log10_eta": -3.0108291301114796, "log10_lambda": -2.9950035282873873, "log10_min_child_weight": 4.0923994015721155, "log10_subsample": -0.7317022837324778, "max_depth": 4.0, "num_boost_round": 18.0}, "datetime": {"datetime": "2024-01-19 01:16:25", "elapsed": 3879.000972, "delta": 0.004}}
{"target": -17.67713012714616, "params": {"gamma": 977.2931768972504, "log10_alpha": -1.667899199199705, "log10_colsample_bytree": -0.5639541801542207, "log10_eta": -3.0108291301114796, "log10_lambda": -2.9950035282873873, "log10_min_child_weight": 4.0923994015721155, "log10_subsample": -0.7317022837324778, "max_depth": 4.0, "num_boost_round": 19.0}, "datetime": {"datetime": "2024-01-19 01:16:25", "elapsed": 3879.005127, "delta": 0.004155}}
{"target": -17.677130223274112, "params": {"gamma": 977.2931768972504, "log10_alpha": -1.667899199199705, "log10_colsample_bytree": -0.5639541801542207, "log10_eta": -3.0108291301114796, "log10_lambda": -2.9950035282873873, "log10_min_child_weight": 4.0923994015721155, "log10_subsample": -0.7317022837324778, "max_depth": 4.0, "num_boost_round": 20.0}, "datetime": {"datetime": "2024-01-19 01:16:25", "elapsed": 3879.00912, "delta": 0.003993}}
{"target": -17.677125757301713, "params": {"gamma": 977.2931768972504, "log10_alpha": -1.667899199199705, "log10_colsample_bytree": -0.5639541801542207, "log10_eta": -3.0108291301114796, "log10_lambda": -2.9950035282873873, "log10_min_child_weight": 4.0923994015721155, "log10_subsample": -0.7317022837324778, "max_depth": 4.0, "num_boost_round": 21.0}, "datetime": {"datetime": "2024-01-19 01:16:25", "elapsed": 3879.013247, "delta": 0.004127}}
{"target": -17.677129403321132, "params": {"gamma": 977.2931768972504, "log10_alpha": -1.667899199199705, "log10_colsample_bytree": -0.5639541801542207, "log10_eta": -3.0108291301114796, "log10_lambda": -2.9950035282873873, "log10_min_child_weight": 4.0923994015721155, "log10_subsample": -0.7317022837324778, "max_depth": 4.0, "num_boost_round": 22.0}, "datetime": {"datetime": "2024-01-19 01:16:25", "elapsed": 3879.017514, "delta": 0.004267}}
{"target": -17.67711600650363, "params": {"gamma": 977.2931768972504, "log10_alpha": -1.667899199199705, "log10_colsample_bytree": -0.5639541801542207, "log10_eta": -3.0108291301114796, "log10_lambda": -2.9950035282873873, "log10_min_child_weight": 4.0923994015721155, "log10_subsample": -0.7317022837324778, "max_depth": 4.0, "num_boost_round": 23.0}, "datetime": {"datetime": "2024-01-19 01:16:25", "elapsed": 3879.021636, "delta": 0.004122}}
{"target": -17.67712085588208, "params": {"gamma": 977.2931768972504, "log10_alpha": -1.667899199199705, "log10_colsample_bytree": -0.5639541801542207, "log10_eta": -3.0108291301114796, "log10_lambda": -2.9950035282873873, "log10_min_child_weight": 4.0923994015721155, "log10_subsample": -0.7317022837324778, "max_depth": 4.0, "num_boost_round": 24.0}, "datetime": {"datetime": "2024-01-19 01:16:25", "elapsed": 3879.025731, "delta": 0.004095}}
{"target": -17.677117175530167, "params": {"gamma": 977.2931768972504, "log10_alpha": -1.667899199199705, "log10_colsample_bytree": -0.5639541801542207, "log10_eta": -3.0108291301114796, "log10_lambda": -2.9950035282873873, "log10_min_child_weight": 4.0923994015721155, "log10_subsample": -0.7317022837324778, "max_depth": 4.0, "num_boost_round": 25.0}, "datetime": {"datetime": "2024-01-19 01:16:25", "elapsed": 3879.029765, "delta": 0.004034}}
{"target": -17.67712195185246, "params": {"gamma": 977.2931768972504, "log10_alpha": -1.667899199199705, "log10_colsample_bytree": -0.5639541801542207, "log10_eta": -3.0108291301114796, "log10_lambda": -2.9950035282873873, "log10_min_child_weight": 4.0923994015721155, "log10_subsample": -0.7317022837324778, "max_depth": 4.0, "num_boost_round": 26.0}, "datetime": {"datetime": "2024-01-19 01:16:25", "elapsed": 3879.033941, "delta": 0.004176}}
{"target": -17.677108327682824, "params": {"gamma": 977.2931768972504, "log10_alpha": -1.667899199199705, "log10_colsample_bytree": -0.5639541801542207, "log10_eta": -3.0108291301114796, "log10_lambda": -2.9950035282873873, "log10_min_child_weight": 4.0923994015721155, "log10_subsample": -0.7317022837324778, "max_depth": 4.0, "num_boost_round": 27.0}, "datetime": {"datetime": "2024-01-19 01:16:25", "elapsed": 3879.037977, "delta": 0.004036}}
{"target": -17.67709528052314, "params": {"gamma": 977.2931768972504, "log10_alpha": -1.667899199199705, "log10_colsample_bytree": -0.5639541801542207, "log10_eta": -3.0108291301114796, "log10_lambda": -2.9950035282873873, "log10_min_child_weight": 4.0923994015721155, "log10_subsample": -0.7317022837324778, "max_depth": 4.0, "num_boost_round": 28.0}, "datetime": {"datetime": "2024-01-19 01:16:25", "elapsed": 3879.042096, "delta": 0.004119}}
{"target": -17.677097032597054, "params": {"gamma": 977.2931768972504, "log10_alpha": -1.667899199199705, "log10_colsample_bytree": -0.5639541801542207, "log10_eta": -3.0108291301114796, "log10_lambda": -2.9950035282873873, "log10_min_child_weight": 4.0923994015721155, "log10_subsample": -0.7317022837324778, "max_depth": 4.0, "num_boost_round": 29.0}, "datetime": {"datetime": "2024-01-19 01:16:25", "elapsed": 3879.046132, "delta": 0.004036}}
{"target": -17.677099261300196, "params": {"gamma": 977.2931768972504, "log10_alpha": -1.667899199199705, "log10_colsample_bytree": -0.5639541801542207, "log10_eta": -3.0108291301114796, "log10_lambda": -2.9950035282873873, "log10_min_child_weight": 4.0923994015721155, "log10_subsample": -0.7317022837324778, "max_depth": 4.0, "num_boost_round": 30.0}, "datetime": {"datetime": "2024-01-19 01:16:25", "elapsed": 3879.050243, "delta": 0.004111}}
{"target": -17.677095955330984, "params": {"gamma": 977.2931768972504, "log10_alpha": -1.667899199199705, "log10_colsample_bytree": -0.5639541801542207, "log10_eta": -3.0108291301114796, "log10_lambda": -2.9950035282873873, "log10_min_child_weight": 4.0923994015721155, "log10_subsample": -0.7317022837324778, "max_depth": 4.0, "num_boost_round": 31.0}, "datetime": {"datetime": "2024-01-19 01:16:25", "elapsed": 3879.054361, "delta": 0.004118}}
{"target": -17.67710356150163, "params": {"gamma": 977.2931768972504, "log10_alpha": -1.667899199199705, "log10_colsample_bytree": -0.5639541801542207, "log10_eta": -3.0108291301114796, "log10_lambda": -2.9950035282873873, "log10_min_child_weight": 4.0923994015721155, "log10_subsample": -0.7317022837324778, "max_depth": 4.0, "num_boost_round": 32.0}, "datetime": {"datetime": "2024-01-19 01:16:25", "elapsed": 3879.058436, "delta": 0.004075}}
{"target": -17.677100362828757, "params": {"gamma": 977.2931768972504, "log10_alpha": -1.667899199199705, "log10_colsample_bytree": -0.5639541801542207, "log10_eta": -3.0108291301114796, "log10_lambda": -2.9950035282873873, "log10_min_child_weight": 4.0923994015721155, "log10_subsample": -0.7317022837324778, "max_depth": 4.0, "num_boost_round": 33.0}, "datetime": {"datetime": "2024-01-19 01:16:25", "elapsed": 3879.062648, "delta": 0.004212}}
{"target": -17.677112333692428, "params": {"gamma": 977.2931768972504, "log10_alpha": -1.667899199199705, "log10_colsample_bytree": -0.5639541801542207, "log10_eta": -3.0108291301114796, "log10_lambda": -2.9950035282873873, "log10_min_child_weight": 4.0923994015721155, "log10_subsample": -0.7317022837324778, "max_depth": 4.0, "num_boost_round": 34.0}, "datetime": {"datetime": "2024-01-19 01:16:25", "elapsed": 3879.066722, "delta": 0.004074}}
{"target": -17.677115908051043, "params": {"gamma": 977.2931768972504, "log10_alpha": -1.667899199199705, "log10_colsample_bytree": -0.5639541801542207, "log10_eta": -3.0108291301114796, "log10_lambda": -2.9950035282873873, "log10_min_child_weight": 4.0923994015721155, "log10_subsample": -0.7317022837324778, "max_depth": 4.0, "num_boost_round": 35.0}, "datetime": {"datetime": "2024-01-19 01:16:25", "elapsed": 3879.070849, "delta": 0.004127}}
{"target": -17.677131940107373, "params": {"gamma": 977.2931768972504, "log10_alpha": -1.667899199199705, "log10_colsample_bytree": -0.5639541801542207, "log10_eta": -3.0108291301114796, "log10_lambda": -2.9950035282873873, "log10_min_child_weight": 4.0923994015721155, "log10_subsample": -0.7317022837324778, "max_depth": 4.0, "num_boost_round": 36.0}, "datetime": {"datetime": "2024-01-19 01:16:25", "elapsed": 3879.074896, "delta": 0.004047}}
{"target": -17.677126601773885, "params": {"gamma": 977.2931768972504, "log10_alpha": -1.667899199199705, "log10_colsample_bytree": -0.5639541801542207, "log10_eta": -3.0108291301114796, "log10_lambda": -2.9950035282873873, "log10_min_child_weight": 4.0923994015721155, "log10_subsample": -0.7317022837324778, "max_depth": 4.0, "num_boost_round": 37.0}, "datetime": {"datetime": "2024-01-19 01:16:25", "elapsed": 3879.078943, "delta": 0.004047}}
