{"target": -13.758513394991445, "params": {"gamma": 76.63403630507415, "log10_alpha": -1.1626433555079467, "log10_colsample_bytree": -0.5097984153556445, "log10_eta": -3.8483106751669456, "log10_lambda": -4.913120434643449, "log10_min_child_weight": 4.960083818591342, "log10_subsample": -0.46819254578593417, "max_depth": 8.0, "num_boost_round": 42.0}, "datetime": {"datetime": "2024-01-19 02:38:54", "elapsed": 8854.140692, "delta": 0.006215}}
{"target": -13.758512605332568, "params": {"gamma": 76.63403630507415, "log10_alpha": -1.1626433555079467, "log10_colsample_bytree": -0.5097984153556445, "log10_eta": -3.8483106751669456, "log10_lambda": -4.913120434643449, "log10_min_child_weight": 4.960083818591342, "log10_subsample": -0.46819254578593417, "max_depth": 8.0, "num_boost_round": 43.0}, "datetime": {"datetime": "2024-01-19 02:38:54", "elapsed": 8854.146786, "delta": 0.006094}}
{"target": -13.758511622944106, "params": {"gamma": 76.63403630507415, "log10_alpha": -1.1626433555079467, "log10_colsample_bytree": -0.5097984153556445, "log10_eta": -3.8483106751669456, "log10_lambda": -4.913120434643449, "log10_min_child_weight": 4.960083818591342, "log10_subsample": -0.46819254578593417, "max_depth": 8.0, "num_boost_round": 44.0}, "datetime": {"datetime": "2024-01-19 02:38:54", "elapsed": 8854.152942, "delta": 0.006156}}
{"target": -13.758510587943643, "params": {"gamma": 76.63403630507415, "log10_alpha": -1.1626433555079467, "log10_colsample_bytree": -0.5097984153556445, "log10_eta": -3.8483106751669456, "log10_lambda": -4.913120434643449, "log10_min_child_weight": 4.960083818591342, "log10_subsample": -0.46819254578593417, "max_depth": 8.0, "num_boost_round": 45.0}, "datetime": {"datetime": "2024-01-19 02:38:54", "elapsed": 8854.159062, "delta": 0.00612}}
{"target": -13.758509723094962, "params": {"gamma": 76.63403630507415, "log10_alpha": -1.1626433555079467, "log10_colsample_bytree": -0.5097984153556445, "log10_eta": -3.8483106751669456, "log10_lambda": -4.913120434643449, "log10_min_child_weight": 4.960083818591342, "log10_subsample": -0.46819254578593417, "max_depth": 8.0, "num_boost_round": 46.0}, "datetime": {"datetime": "2024-01-19 02:38:54", "elapsed": 8854.16518, "delta": 0.006118}}
{"target": -13.75850968955437, "params": {"gamma": 76.63403630507415, "log10_alpha": -1.1626433555079467, "log10_colsample_bytree": -0.5097984153556445, "log10_eta": -3.8483106751669456, "log10_lambda": -4.913120434643449, "log10_min_child_weight": 4.960083818591342, "log10_subsample": -0.46819254578593417, "max_depth": 8.0, "num_boost_round": 47.0}, "datetime": {"datetime": "2024-01-19 02:38:54", "elapsed": 8854.171247, "delta": 0.006067}}
{"target": -13.75853556479494, "params": {"gamma": 79.79120514978455, "log10_alpha": -2.9915966365699287, "log10_colsample_bytree": -0.8199377600029675, "log10_eta": -3.3180406428493328, "log10_lambda": -4.61920442550767, "log10_min_child_weight": 1.0416565431526892, "log10_subsample": -0.7099310481703744, "max_depth": 2.0, "num_boost_round": 0.0}, "datetime": {"datetime": "2024-01-19 02:40:09", "elapsed": 8929.256653, "delta": 75.085406}}
{"target": -13.758535240829971, "params": {"gamma": 79.79120514978455, "log10_alpha": -2.9915966365699287, "log10_colsample_bytree": -0.8199377600029675, "log10_eta": -3.3180406428493328, "log10_lambda": -4.61920442550767, "log10_min_child_weight": 1.0416565431526892, "log10_subsample": -0.7099310481703744, "max_depth": 2.0, "num_boost_round": 1.0}, "datetime": {"datetime": "2024-01-19 02:40:09", "elapsed": 8929.263705, "delta": 0.007052}}
{"target": -13.758534224219016, "params": {"gamma": 79.79120514978455, "log10_alpha": -2.9915966365699287, "log10_colsample_bytree": -0.8199377600029675, "log10_eta": -3.3180406428493328, "log10_lambda": -4.61920442550767, "log10_min_child_weight": 1.0416565431526892, "log10_subsample": -0.7099310481703744, "max_depth": 2.0, "num_boost_round": 2.0}, "datetime": {"datetime": "2024-01-19 02:40:09", "elapsed": 8929.269902, "delta": 0.006197}}
{"target": -13.758530667264804, "params": {"gamma": 79.79120514978455, "log10_alpha": -2.9915966365699287, "log10_colsample_bytree": -0.8199377600029675, "log10_eta": -3.3180406428493328, "log10_lambda": -4.61920442550767, "log10_min_child_weight": 1.0416565431526892, "log10_subsample": -0.7099310481703744, "max_depth": 2.0, "num_boost_round": 3.0}, "datetime": {"datetime": "2024-01-19 02:40:09", "elapsed": 8929.276079, "delta": 0.006177}}
{"target": -13.75852544869409, "params": {"gamma": 79.79120514978455, "log10_alpha": -2.9915966365699287, "log10_colsample_bytree": -0.8199377600029675, "log10_eta": -3.3180406428493328, "log10_lambda": -4.61920442550767, "log10_min_child_weight": 1.0416565431526892, "log10_subsample": -0.7099310481703744, "max_depth": 2.0, "num_boost_round": 4.0}, "datetime": {"datetime": "2024-01-19 02:40:09", "elapsed": 8929.282464, "delta": 0.006385}}
{"target": -13.75853114057594, "params": {"gamma": 79.79120514978455, "log10_alpha": -2.9915966365699287, "log10_colsample_bytree": -0.8199377600029675, "log10_eta": -3.3180406428493328, "log10_lambda": -4.61920442550767, "log10_min_child_weight": 1.0416565431526892, "log10_subsample": -0.7099310481703744, "max_depth": 2.0, "num_boost_round": 5.0}, "datetime": {"datetime": "2024-01-19 02:40:09", "elapsed": 8929.2886, "delta": 0.006136}}
{"target": -13.758530984408704, "params": {"gamma": 79.79120514978455, "log10_alpha": -2.9915966365699287, "log10_colsample_bytree": -0.8199377600029675, "log10_eta": -3.3180406428493328, "log10_lambda": -4.61920442550767, "log10_min_child_weight": 1.0416565431526892, "log10_subsample": -0.7099310481703744, "max_depth": 2.0, "num_boost_round": 6.0}, "datetime": {"datetime": "2024-01-19 02:40:09", "elapsed": 8929.294923, "delta": 0.006323}}
{"target": -13.758522377204466, "params": {"gamma": 79.79120514978455, "log10_alpha": -2.9915966365699287, "log10_colsample_bytree": -0.8199377600029675, "log10_eta": -3.3180406428493328, "log10_lambda": -4.61920442550767, "log10_min_child_weight": 1.0416565431526892, "log10_subsample": -0.7099310481703744, "max_depth": 2.0, "num_boost_round": 7.0}, "datetime": {"datetime": "2024-01-19 02:40:09", "elapsed": 8929.301329, "delta": 0.006406}}
{"target": -13.758526438538352, "params": {"gamma": 79.79120514978455, "log10_alpha": -2.9915966365699287, "log10_colsample_bytree": -0.8199377600029675, "log10_eta": -3.3180406428493328, "log10_lambda": -4.61920442550767, "log10_min_child_weight": 1.0416565431526892, "log10_subsample": -0.7099310481703744, "max_depth": 2.0, "num_boost_round": 8.0}, "datetime": {"datetime": "2024-01-19 02:40:09", "elapsed": 8929.307557, "delta": 0.006228}}
{"target": -13.758522965247888, "params": {"gamma": 79.79120514978455, "log10_alpha": -2.9915966365699287, "log10_colsample_bytree": -0.8199377600029675, "log10_eta": -3.3180406428493328, "log10_lambda": -4.61920442550767, "log10_min_child_weight": 1.0416565431526892, "log10_subsample": -0.7099310481703744, "max_depth": 2.0, "num_boost_round": 9.0}, "datetime": {"datetime": "2024-01-19 02:40:09", "elapsed": 8929.313835, "delta": 0.006278}}
{"target": -13.758514675533018, "params": {"gamma": 79.79120514978455, "log10_alpha": -2.9915966365699287, "log10_colsample_bytree": -0.8199377600029675, "log10_eta": -3.3180406428493328, "log10_lambda": -4.61920442550767, "log10_min_child_weight": 1.0416565431526892, "log10_subsample": -0.7099310481703744, "max_depth": 2.0, "num_boost_round": 10.0}, "datetime": {"datetime": "2024-01-19 02:40:09", "elapsed": 8929.320044, "delta": 0.006209}}
{"target": -13.758505012679564, "params": {"gamma": 79.79120514978455, "log10_alpha": -2.9915966365699287, "log10_colsample_bytree": -0.8199377600029675, "log10_eta": -3.3180406428493328, "log10_lambda": -4.61920442550767, "log10_min_child_weight": 1.0416565431526892, "log10_subsample": -0.7099310481703744, "max_depth": 2.0, "num_boost_round": 11.0}, "datetime": {"datetime": "2024-01-19 02:40:09", "elapsed": 8929.32644, "delta": 0.006396}}
{"target": -13.758498849865356, "params": {"gamma": 79.79120514978455, "log10_alpha": -2.9915966365699287, "log10_colsample_bytree": -0.8199377600029675, "log10_eta": -3.3180406428493328, "log10_lambda": -4.61920442550767, "log10_min_child_weight": 1.0416565431526892, "log10_subsample": -0.7099310481703744, "max_depth": 2.0, "num_boost_round": 12.0}, "datetime": {"datetime": "2024-01-19 02:40:09", "elapsed": 8929.333057, "delta": 0.006617}}
{"target": -13.758495154660851, "params": {"gamma": 79.79120514978455, "log10_alpha": -2.9915966365699287, "log10_colsample_bytree": -0.8199377600029675, "log10_eta": -3.3180406428493328, "log10_lambda": -4.61920442550767, "log10_min_child_weight": 1.0416565431526892, "log10_subsample": -0.7099310481703744, "max_depth": 2.0, "num_boost_round": 13.0}, "datetime": {"datetime": "2024-01-19 02:40:09", "elapsed": 8929.339414, "delta": 0.006357}}
{"target": -13.758493693511575, "params": {"gamma": 79.79120514978455, "log10_alpha": -2.9915966365699287, "log10_colsample_bytree": -0.8199377600029675, "log10_eta": -3.3180406428493328, "log10_lambda": -4.61920442550767, "log10_min_child_weight": 1.0416565431526892, "log10_subsample": -0.7099310481703744, "max_depth": 2.0, "num_boost_round": 14.0}, "datetime": {"datetime": "2024-01-19 02:40:09", "elapsed": 8929.345562, "delta": 0.006148}}
{"target": -13.75848533928017, "params": {"gamma": 79.79120514978455, "log10_alpha": -2.9915966365699287, "log10_colsample_bytree": -0.8199377600029675, "log10_eta": -3.3180406428493328, "log10_lambda": -4.61920442550767, "log10_min_child_weight": 1.0416565431526892, "log10_subsample": -0.7099310481703744, "max_depth": 2.0, "num_boost_round": 15.0}, "datetime": {"datetime": "2024-01-19 02:40:09", "elapsed": 8929.35177, "delta": 0.006208}}
{"target": -13.758482365217377, "params": {"gamma": 79.79120514978455, "log10_alpha": -2.9915966365699287, "log10_colsample_bytree": -0.8199377600029675, "log10_eta": -3.3180406428493328, "log10_lambda": -4.61920442550767, "log10_min_child_weight": 1.0416565431526892, "log10_subsample": -0.7099310481703744, "max_depth": 2.0, "num_boost_round": 16.0}, "datetime": {"datetime": "2024-01-19 02:40:09", "elapsed": 8929.35798, "delta": 0.00621}}
{"target": -13.758474522646361, "params": {"gamma": 79.79120514978455, "log10_alpha": -2.9915966365699287, "log10_colsample_bytree": -0.8199377600029675, "log10_eta": -3.3180406428493328, "log10_lambda": -4.61920442550767, "log10_min_child_weight": 1.0416565431526892, "log10_subsample": -0.7099310481703744, "max_depth": 2.0, "num_boost_round": 17.0}, "datetime": {"datetime": "2024-01-19 02:40:09", "elapsed": 8929.36426, "delta": 0.00628}}
{"target": -13.758470468220402, "params": {"gamma": 79.79120514978455, "log10_alpha": -2.9915966365699287, "log10_colsample_bytree": -0.8199377600029675, "log10_eta": -3.3180406428493328, "log10_lambda": -4.61920442550767, "log10_min_child_weight": 1.0416565431526892, "log10_subsample": -0.7099310481703744, "max_depth": 2.0, "num_boost_round": 18.0}, "datetime": {"datetime": "2024-01-19 02:40:09", "elapsed": 8929.370522, "delta": 0.006262}}
{"target": -13.758465572412616, "params": {"gamma": 79.79120514978455, "log10_alpha": -2.9915966365699287, "log10_colsample_bytree": -0.8199377600029675, "log10_eta": -3.3180406428493328, "log10_lambda": -4.61920442550767, "log10_min_child_weight": 1.0416565431526892, "log10_subsample": -0.7099310481703744, "max_depth": 2.0, "num_boost_round": 19.0}, "datetime": {"datetime": "2024-01-19 02:40:09", "elapsed": 8929.376699, "delta": 0.006177}}
{"target": -13.758459401598625, "params": {"gamma": 79.79120514978455, "log10_alpha": -2.9915966365699287, "log10_colsample_bytree": -0.8199377600029675, "log10_eta": -3.3180406428493328, "log10_lambda": -4.61920442550767, "log10_min_child_weight": 1.0416565431526892, "log10_subsample": -0.7099310481703744, "max_depth": 2.0, "num_boost_round": 20.0}, "datetime": {"datetime": "2024-01-19 02:40:09", "elapsed": 8929.382726, "delta": 0.006027}}
{"target": -13.758453694858927, "params": {"gamma": 79.79120514978455, "log10_alpha": -2.9915966365699287, "log10_colsample_bytree": -0.8199377600029675, "log10_eta": -3.3180406428493328, "log10_lambda": -4.61920442550767, "log10_min_child_weight": 1.0416565431526892, "log10_subsample": -0.7099310481703744, "max_depth": 2.0, "num_boost_round": 21.0}, "datetime": {"datetime": "2024-01-19 02:40:09", "elapsed": 8929.388839, "delta": 0.006113}}
{"target": -13.758451495534937, "params": {"gamma": 79.79120514978455, "log10_alpha": -2.9915966365699287, "log10_colsample_bytree": -0.8199377600029675, "log10_eta": -3.3180406428493328, "log10_lambda": -4.61920442550767, "log10_min_child_weight": 1.0416565431526892, "log10_subsample": -0.7099310481703744, "max_depth": 2.0, "num_boost_round": 22.0}, "datetime": {"datetime": "2024-01-19 02:40:09", "elapsed": 8929.394879, "delta": 0.00604}}
{"target": -13.758442319037677, "params": {"gamma": 79.79120514978455, "log10_alpha": -2.9915966365699287, "log10_colsample_bytree": -0.8199377600029675, "log10_eta": -3.3180406428493328, "log10_lambda": -4.61920442550767, "log10_min_child_weight": 1.0416565431526892, "log10_subsample": -0.7099310481703744, "max_depth": 2.0, "num_boost_round": 23.0}, "datetime": {"datetime": "2024-01-19 02:40:09", "elapsed": 8929.401024, "delta": 0.006145}}
{"target": -13.758441194050263, "params": {"gamma": 79.79120514978455, "log10_alpha": -2.9915966365699287, "log10_colsample_bytree": -0.8199377600029675, "log10_eta": -3.3180406428493328, "log10_lambda": -4.61920442550767, "log10_min_child_weight": 1.0416565431526892, "log10_subsample": -0.7099310481703744, "max_depth": 2.0, "num_boost_round": 24.0}, "datetime": {"datetime": "2024-01-19 02:40:09", "elapsed": 8929.407162, "delta": 0.006138}}
{"target": -13.758433975089785, "params": {"gamma": 79.79120514978455, "log10_alpha": -2.9915966365699287, "log10_colsample_bytree": -0.8199377600029675, "log10_eta": -3.3180406428493328, "log10_lambda": -4.61920442550767, "log10_min_child_weight": 1.0416565431526892, "log10_subsample": -0.7099310481703744, "max_depth": 2.0, "num_boost_round": 25.0}, "datetime": {"datetime": "2024-01-19 02:40:09", "elapsed": 8929.413414, "delta": 0.006252}}
{"target": -13.75843187417111, "params": {"gamma": 79.79120514978455, "log10_alpha": -2.9915966365699287, "log10_colsample_bytree": -0.8199377600029675, "log10_eta": -3.3180406428493328, "log10_lambda": -4.61920442550767, "log10_min_child_weight": 1.0416565431526892, "log10_subsample": -0.7099310481703744, "max_depth": 2.0, "num_boost_round": 26.0}, "datetime": {"datetime": "2024-01-19 02:40:09", "elapsed": 8929.419688, "delta": 0.006274}}
{"target": -13.758422314498194, "params": {"gamma": 79.79120514978455, "log10_alpha": -2.9915966365699287, "log10_colsample_bytree": -0.8199377600029675, "log10_eta": -3.3180406428493328, "log10_lambda": -4.61920442550767, "log10_min_child_weight": 1.0416565431526892, "log10_subsample": -0.7099310481703744, "max_depth": 2.0, "num_boost_round": 27.0}, "datetime": {"datetime": "2024-01-19 02:40:09", "elapsed": 8929.425834, "delta": 0.006146}}
{"target": -13.758413544527132, "params": {"gamma": 79.79120514978455, "log10_alpha": -2.9915966365699287, "log10_colsample_bytree": -0.8199377600029675, "log10_eta": -3.3180406428493328, "log10_lambda": -4.61920442550767, "log10_min_child_weight": 1.0416565431526892, "log10_subsample": -0.7099310481703744, "max_depth": 2.0, "num_boost_round": 28.0}, "datetime": {"datetime": "2024-01-19 02:40:09", "elapsed": 8929.431932, "delta": 0.006098}}
{"target": -13.75840581315763, "params": {"gamma": 79.79120514978455, "log10_alpha": -2.9915966365699287, "log10_colsample_bytree": -0.8199377600029675, "log10_eta": -3.3180406428493328, "log10_lambda": -4.61920442550767, "log10_min_child_weight": 1.0416565431526892, "log10_subsample": -0.7099310481703744, "max_depth": 2.0, "num_boost_round": 29.0}, "datetime": {"datetime": "2024-01-19 02:40:09", "elapsed": 8929.438041, "delta": 0.006109}}
{"target": -13.75840257851108, "params": {"gamma": 79.79120514978455, "log10_alpha": -2.9915966365699287, "log10_colsample_bytree": -0.8199377600029675, "log10_eta": -3.3180406428493328, "log10_lambda": -4.61920442550767, "log10_min_child_weight": 1.0416565431526892, "log10_subsample": -0.7099310481703744, "max_depth": 2.0, "num_boost_round": 30.0}, "datetime": {"datetime": "2024-01-19 02:40:09", "elapsed": 8929.444789, "delta": 0.006748}}
{"target": -13.758394563374525, "params": {"gamma": 79.79120514978455, "log10_alpha": -2.9915966365699287, "log10_colsample_bytree": -0.8199377600029675, "log10_eta": -3.3180406428493328, "log10_lambda": -4.61920442550767, "log10_min_child_weight": 1.0416565431526892, "log10_subsample": -0.7099310481703744, "max_depth": 2.0, "num_boost_round": 31.0}, "datetime": {"datetime": "2024-01-19 02:40:09", "elapsed": 8929.451167, "delta": 0.006378}}
{"target": -13.758389107683128, "params": {"gamma": 79.79120514978455, "log10_alpha": -2.9915966365699287, "log10_colsample_bytree": -0.8199377600029675, "log10_eta": -3.3180406428493328, "log10_lambda": -4.61920442550767, "log10_min_child_weight": 1.0416565431526892, "log10_subsample": -0.7099310481703744, "max_depth": 2.0, "num_boost_round": 32.0}, "datetime": {"datetime": "2024-01-19 02:40:09", "elapsed": 8929.457515, "delta": 0.006348}}
{"target": -13.758376931305126, "params": {"gamma": 79.79120514978455, "log10_alpha": -2.9915966365699287, "log10_colsample_bytree": -0.8199377600029675, "log10_eta": -3.3180406428493328, "log10_lambda": -4.61920442550767, "log10_min_child_weight": 1.0416565431526892, "log10_subsample": -0.7099310481703744, "max_depth": 2.0, "num_boost_round": 33.0}, "datetime": {"datetime": "2024-01-19 02:40:09", "elapsed": 8929.463814, "delta": 0.006299}}
{"target": -13.758369509962785, "params": {"gamma": 79.79120514978455, "log10_alpha": -2.9915966365699287, "log10_colsample_bytree": -0.8199377600029675, "log10_eta": -3.3180406428493328, "log10_lambda": -4.61920442550767, "log10_min_child_weight": 1.0416565431526892, "log10_subsample": -0.7099310481703744, "max_depth": 2.0, "num_boost_round": 34.0}, "datetime": {"datetime": "2024-01-19 02:40:09", "elapsed": 8929.470076, "delta": 0.006262}}
{"target": -13.758367360333969, "params": {"gamma": 79.79120514978455, "log10_alpha": -2.9915966365699287, "log10_colsample_bytree": -0.8199377600029675, "log10_eta": -3.3180406428493328, "log10_lambda": -4.61920442550767, "log10_min_child_weight": 1.0416565431526892, "log10_subsample": -0.7099310481703744, "max_depth": 2.0, "num_boost_round": 35.0}, "datetime": {"datetime": "2024-01-19 02:40:09", "elapsed": 8929.476309, "delta": 0.006233}}
{"target": -13.758365205197117, "params": {"gamma": 79.79120514978455, "log10_alpha": -2.9915966365699287, "log10_colsample_bytree": -0.8199377600029675, "log10_eta": -3.3180406428493328, "log10_lambda": -4.61920442550767, "log10_min_child_weight": 1.0416565431526892, "log10_subsample": -0.7099310481703744, "max_depth": 2.0, "num_boost_round": 36.0}, "datetime": {"datetime": "2024-01-19 02:40:09", "elapsed": 8929.482478, "delta": 0.006169}}
{"target": -13.758365124479699, "params": {"gamma": 79.79120514978455, "log10_alpha": -2.9915966365699287, "log10_colsample_bytree": -0.8199377600029675, "log10_eta": -3.3180406428493328, "log10_lambda": -4.61920442550767, "log10_min_child_weight": 1.0416565431526892, "log10_subsample": -0.7099310481703744, "max_depth": 2.0, "num_boost_round": 37.0}, "datetime": {"datetime": "2024-01-19 02:40:09", "elapsed": 8929.488545, "delta": 0.006067}}
{"target": -13.758357049241349, "params": {"gamma": 79.79120514978455, "log10_alpha": -2.9915966365699287, "log10_colsample_bytree": -0.8199377600029675, "log10_eta": -3.3180406428493328, "log10_lambda": -4.61920442550767, "log10_min_child_weight": 1.0416565431526892, "log10_subsample": -0.7099310481703744, "max_depth": 2.0, "num_boost_round": 38.0}, "datetime": {"datetime": "2024-01-19 02:40:09", "elapsed": 8929.494544, "delta": 0.005999}}
{"target": -13.758355794880078, "params": {"gamma": 79.79120514978455, "log10_alpha": -2.9915966365699287, "log10_colsample_bytree": -0.8199377600029675, "log10_eta": -3.3180406428493328, "log10_lambda": -4.61920442550767, "log10_min_child_weight": 1.0416565431526892, "log10_subsample": -0.7099310481703744, "max_depth": 2.0, "num_boost_round": 39.0}, "datetime": {"datetime": "2024-01-19 02:40:09", "elapsed": 8929.500706, "delta": 0.006162}}
{"target": -13.7583499352704, "params": {"gamma": 79.79120514978455, "log10_alpha": -2.9915966365699287, "log10_colsample_bytree": -0.8199377600029675, "log10_eta": -3.3180406428493328, "log10_lambda": -4.61920442550767, "log10_min_child_weight": 1.0416565431526892, "log10_subsample": -0.7099310481703744, "max_depth": 2.0, "num_boost_round": 40.0}, "datetime": {"datetime": "2024-01-19 02:40:09", "elapsed": 8929.506844, "delta": 0.006138}}
{"target": -13.758346769789664, "params": {"gamma": 79.79120514978455, "log10_alpha": -2.9915966365699287, "log10_colsample_bytree": -0.8199377600029675, "log10_eta": -3.3180406428493328, "log10_lambda": -4.61920442550767, "log10_min_child_weight": 1.0416565431526892, "log10_subsample": -0.7099310481703744, "max_depth": 2.0, "num_boost_round": 41.0}, "datetime": {"datetime": "2024-01-19 02:40:09", "elapsed": 8929.513261, "delta": 0.006417}}
{"target": -13.758340011228677, "params": {"gamma": 79.79120514978455, "log10_alpha": -2.9915966365699287, "log10_colsample_bytree": -0.8199377600029675, "log10_eta": -3.3180406428493328, "log10_lambda": -4.61920442550767, "log10_min_child_weight": 1.0416565431526892, "log10_subsample": -0.7099310481703744, "max_depth": 2.0, "num_boost_round": 42.0}, "datetime": {"datetime": "2024-01-19 02:40:09", "elapsed": 8929.519609, "delta": 0.006348}}
