{"target": -17.677188646375924, "params": {"gamma": 410.44248372096047, "log10_alpha": -0.4680863047835988, "log10_colsample_bytree": -0.9789564541100241, "log10_eta": -3.057976896722465, "log10_lambda": -0.7001612897842708, "log10_min_child_weight": 4.261905162153407, "log10_subsample": -0.8026509470071995, "max_depth": 8.0, "num_boost_round": 6.0}, "datetime": {"datetime": "2024-01-19 00:59:02", "elapsed": 2834.730608, "delta": 0.003608}}
{"target": -17.677184037999787, "params": {"gamma": 410.44248372096047, "log10_alpha": -0.4680863047835988, "log10_colsample_bytree": -0.9789564541100241, "log10_eta": -3.057976896722465, "log10_lambda": -0.7001612897842708, "log10_min_child_weight": 4.261905162153407, "log10_subsample": -0.8026509470071995, "max_depth": 8.0, "num_boost_round": 7.0}, "datetime": {"datetime": "2024-01-19 00:59:02", "elapsed": 2834.734193, "delta": 0.003585}}
{"target": -17.677169451666337, "params": {"gamma": 410.44248372096047, "log10_alpha": -0.4680863047835988, "log10_colsample_bytree": -0.9789564541100241, "log10_eta": -3.057976896722465, "log10_lambda": -0.7001612897842708, "log10_min_child_weight": 4.261905162153407, "log10_subsample": -0.8026509470071995, "max_depth": 8.0, "num_boost_round": 8.0}, "datetime": {"datetime": "2024-01-19 00:59:02", "elapsed": 2834.737771, "delta": 0.003578}}
{"target": -17.677169509509888, "params": {"gamma": 410.44248372096047, "log10_alpha": -0.4680863047835988, "log10_colsample_bytree": -0.9789564541100241, "log10_eta": -3.057976896722465, "log10_lambda": -0.7001612897842708, "log10_min_child_weight": 4.261905162153407, "log10_subsample": -0.8026509470071995, "max_depth": 8.0, "num_boost_round": 9.0}, "datetime": {"datetime": "2024-01-19 00:59:02", "elapsed": 2834.741321, "delta": 0.00355}}
{"target": -17.67717027680217, "params": {"gamma": 410.44248372096047, "log10_alpha": -0.4680863047835988, "log10_colsample_bytree": -0.9789564541100241, "log10_eta": -3.057976896722465, "log10_lambda": -0.7001612897842708, "log10_min_child_weight": 4.261905162153407, "log10_subsample": -0.8026509470071995, "max_depth": 8.0, "num_boost_round": 10.0}, "datetime": {"datetime": "2024-01-19 00:59:02", "elapsed": 2834.74479, "delta": 0.003469}}
{"target": -17.677155964477176, "params": {"gamma": 410.44248372096047, "log10_alpha": -0.4680863047835988, "log10_colsample_bytree": -0.9789564541100241, "log10_eta": -3.057976896722465, "log10_lambda": -0.7001612897842708, "log10_min_child_weight": 4.261905162153407, "log10_subsample": -0.8026509470071995, "max_depth": 8.0, "num_boost_round": 11.0}, "datetime": {"datetime": "2024-01-19 00:59:02", "elapsed": 2834.748501, "delta": 0.003711}}
{"target": -17.67714279990158, "params": {"gamma": 410.44248372096047, "log10_alpha": -0.4680863047835988, "log10_colsample_bytree": -0.9789564541100241, "log10_eta": -3.057976896722465, "log10_lambda": -0.7001612897842708, "log10_min_child_weight": 4.261905162153407, "log10_subsample": -0.8026509470071995, "max_depth": 8.0, "num_boost_round": 12.0}, "datetime": {"datetime": "2024-01-19 00:59:02", "elapsed": 2834.752066, "delta": 0.003565}}
{"target": -17.677130193303913, "params": {"gamma": 410.44248372096047, "log10_alpha": -0.4680863047835988, "log10_colsample_bytree": -0.9789564541100241, "log10_eta": -3.057976896722465, "log10_lambda": -0.7001612897842708, "log10_min_child_weight": 4.261905162153407, "log10_subsample": -0.8026509470071995, "max_depth": 8.0, "num_boost_round": 13.0}, "datetime": {"datetime": "2024-01-19 00:59:02", "elapsed": 2834.755638, "delta": 0.003572}}
{"target": -17.677089084878183, "params": {"gamma": 421.36093596777255, "log10_alpha": -1.568778108011828, "log10_colsample_bytree": -0.835726154672405, "log10_eta": -1.8326960146271225, "log10_lambda": -4.349654373462393, "log10_min_child_weight": 4.854072998859079, "log10_subsample": -0.12279550794724703, "max_depth": 9.0, "num_boost_round": 0.0}, "datetime": {"datetime": "2024-01-19 01:00:03", "elapsed": 2895.956259, "delta": 61.200621}}
{"target": -17.676965213696377, "params": {"gamma": 421.36093596777255, "log10_alpha": -1.568778108011828, "log10_colsample_bytree": -0.835726154672405, "log10_eta": -1.8326960146271225, "log10_lambda": -4.349654373462393, "log10_min_child_weight": 4.854072998859079, "log10_subsample": -0.12279550794724703, "max_depth": 9.0, "num_boost_round": 1.0}, "datetime": {"datetime": "2024-01-19 01:00:03", "elapsed": 2895.960423, "delta": 0.004164}}
{"target": -17.677018896005467, "params": {"gamma": 421.36093596777255, "log10_alpha": -1.568778108011828, "log10_colsample_bytree": -0.835726154672405, "log10_eta": -1.8326960146271225, "log10_lambda": -4.349654373462393, "log10_min_child_weight": 4.854072998859079, "log10_subsample": -0.12279550794724703, "max_depth": 9.0, "num_boost_round": 2.0}, "datetime": {"datetime": "2024-01-19 01:00:03", "elapsed": 2895.964238, "delta": 0.003815}}
{"target": -17.67705922026831, "params": {"gamma": 421.36093596777255, "log10_alpha": -1.568778108011828, "log10_colsample_bytree": -0.835726154672405, "log10_eta": -1.8326960146271225, "log10_lambda": -4.349654373462393, "log10_min_child_weight": 4.854072998859079, "log10_subsample": -0.12279550794724703, "max_depth": 9.0, "num_boost_round": 3.0}, "datetime": {"datetime": "2024-01-19 01:00:03", "elapsed": 2895.968044, "delta": 0.003806}}
{"target": -17.67697887070486, "params": {"gamma": 421.36093596777255, "log10_alpha": -1.568778108011828, "log10_colsample_bytree": -0.835726154672405, "log10_eta": -1.8326960146271225, "log10_lambda": -4.349654373462393, "log10_min_child_weight": 4.854072998859079, "log10_subsample": -0.12279550794724703, "max_depth": 9.0, "num_boost_round": 4.0}, "datetime": {"datetime": "2024-01-19 01:00:03", "elapsed": 2895.971736, "delta": 0.003692}}
{"target": -17.67689085457635, "params": {"gamma": 421.36093596777255, "log10_alpha": -1.568778108011828, "log10_colsample_bytree": -0.835726154672405, "log10_eta": -1.8326960146271225, "log10_lambda": -4.349654373462393, "log10_min_child_weight": 4.854072998859079, "log10_subsample": -0.12279550794724703, "max_depth": 9.0, "num_boost_round": 5.0}, "datetime": {"datetime": "2024-01-19 01:00:03", "elapsed": 2895.97536, "delta": 0.003624}}
{"target": -17.67684419402672, "params": {"gamma": 421.36093596777255, "log10_alpha": -1.568778108011828, "log10_colsample_bytree": -0.835726154672405, "log10_eta": -1.8326960146271225, "log10_lambda": -4.349654373462393, "log10_min_child_weight": 4.854072998859079, "log10_subsample": -0.12279550794724703, "max_depth": 9.0, "num_boost_round": 6.0}, "datetime": {"datetime": "2024-01-19 01:00:03", "elapsed": 2895.978938, "delta": 0.003578}}
{"target": -17.676753866630374, "params": {"gamma": 421.36093596777255, "log10_alpha": -1.568778108011828, "log10_colsample_bytree": -0.835726154672405, "log10_eta": -1.8326960146271225, "log10_lambda": -4.349654373462393, "log10_min_child_weight": 4.854072998859079, "log10_subsample": -0.12279550794724703, "max_depth": 9.0, "num_boost_round": 7.0}, "datetime": {"datetime": "2024-01-19 01:00:03", "elapsed": 2895.982706, "delta": 0.003768}}
{"target": -17.67673249483814, "params": {"gamma": 421.36093596777255, "log10_alpha": -1.568778108011828, "log10_colsample_bytree": -0.835726154672405, "log10_eta": -1.8326960146271225, "log10_lambda": -4.349654373462393, "log10_min_child_weight": 4.854072998859079, "log10_subsample": -0.12279550794724703, "max_depth": 9.0, "num_boost_round": 8.0}, "datetime": {"datetime": "2024-01-19 01:00:03", "elapsed": 2895.986281, "delta": 0.003575}}
{"target": -17.676692296337, "params": {"gamma": 421.36093596777255, "log10_alpha": -1.568778108011828, "log10_colsample_bytree": -0.835726154672405, "log10_eta": -1.8326960146271225, "log10_lambda": -4.349654373462393, "log10_min_child_weight": 4.854072998859079, "log10_subsample": -0.12279550794724703, "max_depth": 9.0, "num_boost_round": 9.0}, "datetime": {"datetime": "2024-01-19 01:00:03", "elapsed": 2895.989967, "delta": 0.003686}}
{"target": -17.676690964044056, "params": {"gamma": 421.36093596777255, "log10_alpha": -1.568778108011828, "log10_colsample_bytree": -0.835726154672405, "log10_eta": -1.8326960146271225, "log10_lambda": -4.349654373462393, "log10_min_child_weight": 4.854072998859079, "log10_subsample": -0.12279550794724703, "max_depth": 9.0, "num_boost_round": 10.0}, "datetime": {"datetime": "2024-01-19 01:00:03", "elapsed": 2895.993611, "delta": 0.003644}}
{"target": -17.676576630653454, "params": {"gamma": 421.36093596777255, "log10_alpha": -1.568778108011828, "log10_colsample_bytree": -0.835726154672405, "log10_eta": -1.8326960146271225, "log10_lambda": -4.349654373462393, "log10_min_child_weight": 4.854072998859079, "log10_subsample": -0.12279550794724703, "max_depth": 9.0, "num_boost_round": 11.0}, "datetime": {"datetime": "2024-01-19 01:00:03", "elapsed": 2895.997185, "delta": 0.003574}}
{"target": -17.67656694183007, "params": {"gamma": 421.36093596777255, "log10_alpha": -1.568778108011828, "log10_colsample_bytree": -0.835726154672405, "log10_eta": -1.8326960146271225, "log10_lambda": -4.349654373462393, "log10_min_child_weight": 4.854072998859079, "log10_subsample": -0.12279550794724703, "max_depth": 9.0, "num_boost_round": 12.0}, "datetime": {"datetime": "2024-01-19 01:00:03", "elapsed": 2896.000767, "delta": 0.003582}}
{"target": -17.676610929155967, "params": {"gamma": 421.36093596777255, "log10_alpha": -1.568778108011828, "log10_colsample_bytree": -0.835726154672405, "log10_eta": -1.8326960146271225, "log10_lambda": -4.349654373462393, "log10_min_child_weight": 4.854072998859079, "log10_subsample": -0.12279550794724703, "max_depth": 9.0, "num_boost_round": 13.0}, "datetime": {"datetime": "2024-01-19 01:00:03", "elapsed": 2896.004529, "delta": 0.003762}}
{"target": -17.67676440016616, "params": {"gamma": 421.36093596777255, "log10_alpha": -1.568778108011828, "log10_colsample_bytree": -0.835726154672405, "log10_eta": -1.8326960146271225, "log10_lambda": -4.349654373462393, "log10_min_child_weight": 4.854072998859079, "log10_subsample": -0.12279550794724703, "max_depth": 9.0, "num_boost_round": 14.0}, "datetime": {"datetime": "2024-01-19 01:00:03", "elapsed": 2896.008315, "delta": 0.003786}}
{"target": -17.67657815252491, "params": {"gamma": 421.36093596777255, "log10_alpha": -1.568778108011828, "log10_colsample_bytree": -0.835726154672405, "log10_eta": -1.8326960146271225, "log10_lambda": -4.349654373462393, "log10_min_child_weight": 4.854072998859079, "log10_subsample": -0.12279550794724703, "max_depth": 9.0, "num_boost_round": 15.0}, "datetime": {"datetime": "2024-01-19 01:00:03", "elapsed": 2896.012133, "delta": 0.003818}}
{"target": -17.67635180976365, "params": {"gamma": 421.36093596777255, "log10_alpha": -1.568778108011828, "log10_colsample_bytree": -0.835726154672405, "log10_eta": -1.8326960146271225, "log10_lambda": -4.349654373462393, "log10_min_child_weight": 4.854072998859079, "log10_subsample": -0.12279550794724703, "max_depth": 9.0, "num_boost_round": 16.0}, "datetime": {"datetime": "2024-01-19 01:00:03", "elapsed": 2896.015754, "delta": 0.003621}}
{"target": -17.67623709770081, "params": {"gamma": 421.36093596777255, "log10_alpha": -1.568778108011828, "log10_colsample_bytree": -0.835726154672405, "log10_eta": -1.8326960146271225, "log10_lambda": -4.349654373462393, "log10_min_child_weight": 4.854072998859079, "log10_subsample": -0.12279550794724703, "max_depth": 9.0, "num_boost_round": 17.0}, "datetime": {"datetime": "2024-01-19 01:00:03", "elapsed": 2896.019391, "delta": 0.003637}}
{"target": -17.67606543527998, "params": {"gamma": 421.36093596777255, "log10_alpha": -1.568778108011828, "log10_colsample_bytree": -0.835726154672405, "log10_eta": -1.8326960146271225, "log10_lambda": -4.349654373462393, "log10_min_child_weight": 4.854072998859079, "log10_subsample": -0.12279550794724703, "max_depth": 9.0, "num_boost_round": 18.0}, "datetime": {"datetime": "2024-01-19 01:00:03", "elapsed": 2896.023036, "delta": 0.003645}}
{"target": -17.675928223710976, "params": {"gamma": 421.36093596777255, "log10_alpha": -1.568778108011828, "log10_colsample_bytree": -0.835726154672405, "log10_eta": -1.8326960146271225, "log10_lambda": -4.349654373462393, "log10_min_child_weight": 4.854072998859079, "log10_subsample": -0.12279550794724703, "max_depth": 9.0, "num_boost_round": 19.0}, "datetime": {"datetime": "2024-01-19 01:00:03", "elapsed": 2896.026621, "delta": 0.003585}}
{"target": -17.676117793087748, "params": {"gamma": 421.36093596777255, "log10_alpha": -1.568778108011828, "log10_colsample_bytree": -0.835726154672405, "log10_eta": -1.8326960146271225, "log10_lambda": -4.349654373462393, "log10_min_child_weight": 4.854072998859079, "log10_subsample": -0.12279550794724703, "max_depth": 9.0, "num_boost_round": 20.0}, "datetime": {"datetime": "2024-01-19 01:00:03", "elapsed": 2896.030415, "delta": 0.003794}}
{"target": -17.676125374300717, "params": {"gamma": 421.36093596777255, "log10_alpha": -1.568778108011828, "log10_colsample_bytree": -0.835726154672405, "log10_eta": -1.8326960146271225, "log10_lambda": -4.349654373462393, "log10_min_child_weight": 4.854072998859079, "log10_subsample": -0.12279550794724703, "max_depth": 9.0, "num_boost_round": 21.0}, "datetime": {"datetime": "2024-01-19 01:00:03", "elapsed": 2896.034047, "delta": 0.003632}}
{"target": -17.677225656783442, "params": {"gamma": 419.03154889492265, "log10_alpha": -2.8771750203140645, "log10_colsample_bytree": -0.7343312856644189, "log10_eta": -3.6278480922146477, "log10_lambda": 0.5052302587785729, "log10_min_child_weight": 1.522210090198417, "log10_subsample": -0.8652513097204221, "max_depth": 2.0, "num_boost_round": 0.0}, "datetime": {"datetime": "2024-01-19 01:00:45", "elapsed": 2938.266111, "delta": 42.232064}}
{"target": -17.67721626564769, "params": {"gamma": 419.03154889492265, "log10_alpha": -2.8771750203140645, "log10_colsample_bytree": -0.7343312856644189, "log10_eta": -3.6278480922146477, "log10_lambda": 0.5052302587785729, "log10_min_child_weight": 1.522210090198417, "log10_subsample": -0.8652513097204221, "max_depth": 2.0, "num_boost_round": 1.0}, "datetime": {"datetime": "2024-01-19 01:00:45", "elapsed": 2938.270116, "delta": 0.004005}}
{"target": -17.677211262992458, "params": {"gamma": 419.03154889492265, "log10_alpha": -2.8771750203140645, "log10_colsample_bytree": -0.7343312856644189, "log10_eta": -3.6278480922146477, "log10_lambda": 0.5052302587785729, "log10_min_child_weight": 1.522210090198417, "log10_subsample": -0.8652513097204221, "max_depth": 2.0, "num_boost_round": 2.0}, "datetime": {"datetime": "2024-01-19 01:00:45", "elapsed": 2938.396184, "delta": 0.126068}}
{"target": -17.6772097485652, "params": {"gamma": 419.03154889492265, "log10_alpha": -2.8771750203140645, "log10_colsample_bytree": -0.7343312856644189, "log10_eta": -3.6278480922146477, "log10_lambda": 0.5052302587785729, "log10_min_child_weight": 1.522210090198417, "log10_subsample": -0.8652513097204221, "max_depth": 2.0, "num_boost_round": 3.0}, "datetime": {"datetime": "2024-01-19 01:00:45", "elapsed": 2938.400744, "delta": 0.00456}}
{"target": -17.677205603949506, "params": {"gamma": 419.03154889492265, "log10_alpha": -2.8771750203140645, "log10_colsample_bytree": -0.7343312856644189, "log10_eta": -3.6278480922146477, "log10_lambda": 0.5052302587785729, "log10_min_child_weight": 1.522210090198417, "log10_subsample": -0.8652513097204221, "max_depth": 2.0, "num_boost_round": 4.0}, "datetime": {"datetime": "2024-01-19 01:00:45", "elapsed": 2938.404921, "delta": 0.004177}}
{"target": -17.677195900726975, "params": {"gamma": 419.03154889492265, "log10_alpha": -2.8771750203140645, "log10_colsample_bytree": -0.7343312856644189, "log10_eta": -3.6278480922146477, "log10_lambda": 0.5052302587785729, "log10_min_child_weight": 1.522210090198417, "log10_subsample": -0.8652513097204221, "max_depth": 2.0, "num_boost_round": 5.0}, "datetime": {"datetime": "2024-01-19 01:00:45", "elapsed": 2938.409112, "delta": 0.004191}}
{"target": -17.677194509419, "params": {"gamma": 419.03154889492265, "log10_alpha": -2.8771750203140645, "log10_colsample_bytree": -0.7343312856644189, "log10_eta": -3.6278480922146477, "log10_lambda": 0.5052302587785729, "log10_min_child_weight": 1.522210090198417, "log10_subsample": -0.8652513097204221, "max_depth": 2.0, "num_boost_round": 6.0}, "datetime": {"datetime": "2024-01-19 01:00:45", "elapsed": 2938.413209, "delta": 0.004097}}
{"target": -17.67718670829144, "params": {"gamma": 419.03154889492265, "log10_alpha": -2.8771750203140645, "log10_colsample_bytree": -0.7343312856644189, "log10_eta": -3.6278480922146477, "log10_lambda": 0.5052302587785729, "log10_min_child_weight": 1.522210090198417, "log10_subsample": -0.8652513097204221, "max_depth": 2.0, "num_boost_round": 7.0}, "datetime": {"datetime": "2024-01-19 01:00:45", "elapsed": 2938.417242, "delta": 0.004033}}
{"target": -17.677182417775487, "params": {"gamma": 419.03154889492265, "log10_alpha": -2.8771750203140645, "log10_colsample_bytree": -0.7343312856644189, "log10_eta": -3.6278480922146477, "log10_lambda": 0.5052302587785729, "log10_min_child_weight": 1.522210090198417, "log10_subsample": -0.8652513097204221, "max_depth": 2.0, "num_boost_round": 8.0}, "datetime": {"datetime": "2024-01-19 01:00:45", "elapsed": 2938.421379, "delta": 0.004137}}
{"target": -17.677176483802757, "params": {"gamma": 419.03154889492265, "log10_alpha": -2.8771750203140645, "log10_colsample_bytree": -0.7343312856644189, "log10_eta": -3.6278480922146477, "log10_lambda": 0.5052302587785729, "log10_min_child_weight": 1.522210090198417, "log10_subsample": -0.8652513097204221, "max_depth": 2.0, "num_boost_round": 9.0}, "datetime": {"datetime": "2024-01-19 01:00:45", "elapsed": 2938.425215, "delta": 0.003836}}
{"target": -17.67716916578958, "params": {"gamma": 419.03154889492265, "log10_alpha": -2.8771750203140645, "log10_colsample_bytree": -0.7343312856644189, "log10_eta": -3.6278480922146477, "log10_lambda": 0.5052302587785729, "log10_min_child_weight": 1.522210090198417, "log10_subsample": -0.8652513097204221, "max_depth": 2.0, "num_boost_round": 10.0}, "datetime": {"datetime": "2024-01-19 01:00:45", "elapsed": 2938.429196, "delta": 0.003981}}
{"target": -17.677166194125444, "params": {"gamma": 419.03154889492265, "log10_alpha": -2.8771750203140645, "log10_colsample_bytree": -0.7343312856644189, "log10_eta": -3.6278480922146477, "log10_lambda": 0.5052302587785729, "log10_min_child_weight": 1.522210090198417, "log10_subsample": -0.8652513097204221, "max_depth": 2.0, "num_boost_round": 11.0}, "datetime": {"datetime": "2024-01-19 01:00:45", "elapsed": 2938.433068, "delta": 0.003872}}
{"target": -17.677161008124212, "params": {"gamma": 419.03154889492265, "log10_alpha": -2.8771750203140645, "log10_colsample_bytree": -0.7343312856644189, "log10_eta": -3.6278480922146477, "log10_lambda": 0.5052302587785729, "log10_min_child_weight": 1.522210090198417, "log10_subsample": -0.8652513097204221, "max_depth": 2.0, "num_boost_round": 12.0}, "datetime": {"datetime": "2024-01-19 01:00:45", "elapsed": 2938.436867, "delta": 0.003799}}
{"target": -17.67715361832991, "params": {"gamma": 419.03154889492265, "log10_alpha": -2.8771750203140645, "log10_colsample_bytree": -0.7343312856644189, "log10_eta": -3.6278480922146477, "log10_lambda": 0.5052302587785729, "log10_min_child_weight": 1.522210090198417, "log10_subsample": -0.8652513097204221, "max_depth": 2.0, "num_boost_round": 13.0}, "datetime": {"datetime": "2024-01-19 01:00:45", "elapsed": 2938.440693, "delta": 0.003826}}
{"target": -17.677152872269826, "params": {"gamma": 419.03154889492265, "log10_alpha": -2.8771750203140645, "log10_colsample_bytree": -0.7343312856644189, "log10_eta": -3.6278480922146477, "log10_lambda": 0.5052302587785729, "log10_min_child_weight": 1.522210090198417, "log10_subsample": -0.8652513097204221, "max_depth": 2.0, "num_boost_round": 14.0}, "datetime": {"datetime": "2024-01-19 01:00:45", "elapsed": 2938.444734, "delta": 0.004041}}
{"target": -17.677147303893793, "params": {"gamma": 419.03154889492265, "log10_alpha": -2.8771750203140645, "log10_colsample_bytree": -0.7343312856644189, "log10_eta": -3.6278480922146477, "log10_lambda": 0.5052302587785729, "log10_min_child_weight": 1.522210090198417, "log10_subsample": -0.8652513097204221, "max_depth": 2.0, "num_boost_round": 15.0}, "datetime": {"datetime": "2024-01-19 01:00:45", "elapsed": 2938.448933, "delta": 0.004199}}
{"target": -17.677145591761477, "params": {"gamma": 419.03154889492265, "log10_alpha": -2.8771750203140645, "log10_colsample_bytree": -0.7343312856644189, "log10_eta": -3.6278480922146477, "log10_lambda": 0.5052302587785729, "log10_min_child_weight": 1.522210090198417, "log10_subsample": -0.8652513097204221, "max_depth": 2.0, "num_boost_round": 16.0}, "datetime": {"datetime": "2024-01-19 01:00:45", "elapsed": 2938.453123, "delta": 0.00419}}
{"target": -17.67714061169793, "params": {"gamma": 419.03154889492265, "log10_alpha": -2.8771750203140645, "log10_colsample_bytree": -0.7343312856644189, "log10_eta": -3.6278480922146477, "log10_lambda": 0.5052302587785729, "log10_min_child_weight": 1.522210090198417, "log10_subsample": -0.8652513097204221, "max_depth": 2.0, "num_boost_round": 17.0}, "datetime": {"datetime": "2024-01-19 01:00:45", "elapsed": 2938.45765, "delta": 0.004527}}
{"target": -17.677140745338587, "params": {"gamma": 419.03154889492265, "log10_alpha": -2.8771750203140645, "log10_colsample_bytree": -0.7343312856644189, "log10_eta": -3.6278480922146477, "log10_lambda": 0.5052302587785729, "log10_min_child_weight": 1.522210090198417, "log10_subsample": -0.8652513097204221, "max_depth": 2.0, "num_boost_round": 18.0}, "datetime": {"datetime": "2024-01-19 01:00:45", "elapsed": 2938.46196, "delta": 0.00431}}
