{"target": -17.67713638353314, "params": {"gamma": 419.03154889492265, "log10_alpha": -2.8771750203140645, "log10_colsample_bytree": -0.7343312856644189, "log10_eta": -3.6278480922146477, "log10_lambda": 0.5052302587785729, "log10_min_child_weight": 1.522210090198417, "log10_subsample": -0.8652513097204221, "max_depth": 2.0, "num_boost_round": 19.0}, "datetime": {"datetime": "2024-01-19 01:00:45", "elapsed": 2938.465944, "delta": 0.003984}}
{"target": -17.677132746280925, "params": {"gamma": 419.03154889492265, "log10_alpha": -2.8771750203140645, "log10_colsample_bytree": -0.7343312856644189, "log10_eta": -3.6278480922146477, "log10_lambda": 0.5052302587785729, "log10_min_child_weight": 1.522210090198417, "log10_subsample": -0.8652513097204221, "max_depth": 2.0, "num_boost_round": 20.0}, "datetime": {"datetime": "2024-01-19 01:00:45", "elapsed": 2938.470185, "delta": 0.004241}}
{"target": -17.677125940634678, "params": {"gamma": 419.03154889492265, "log10_alpha": -2.8771750203140645, "log10_colsample_bytree": -0.7343312856644189, "log10_eta": -3.6278480922146477, "log10_lambda": 0.5052302587785729, "log10_min_child_weight": 1.522210090198417, "log10_subsample": -0.8652513097204221, "max_depth": 2.0, "num_boost_round": 21.0}, "datetime": {"datetime": "2024-01-19 01:00:45", "elapsed": 2938.474214, "delta": 0.004029}}
{"target": -17.677120375486126, "params": {"gamma": 419.03154889492265, "log10_alpha": -2.8771750203140645, "log10_colsample_bytree": -0.7343312856644189, "log10_eta": -3.6278480922146477, "log10_lambda": 0.5052302587785729, "log10_min_child_weight": 1.522210090198417, "log10_subsample": -0.8652513097204221, "max_depth": 2.0, "num_boost_round": 22.0}, "datetime": {"datetime": "2024-01-19 01:00:45", "elapsed": 2938.478276, "delta": 0.004062}}
{"target": -17.677109653888337, "params": {"gamma": 419.03154889492265, "log10_alpha": -2.8771750203140645, "log10_colsample_bytree": -0.7343312856644189, "log10_eta": -3.6278480922146477, "log10_lambda": 0.5052302587785729, "log10_min_child_weight": 1.522210090198417, "log10_subsample": -0.8652513097204221, "max_depth": 2.0, "num_boost_round": 23.0}, "datetime": {"datetime": "2024-01-19 01:00:45", "elapsed": 2938.48233, "delta": 0.004054}}
{"target": -17.67710672997867, "params": {"gamma": 419.03154889492265, "log10_alpha": -2.8771750203140645, "log10_colsample_bytree": -0.7343312856644189, "log10_eta": -3.6278480922146477, "log10_lambda": 0.5052302587785729, "log10_min_child_weight": 1.522210090198417, "log10_subsample": -0.8652513097204221, "max_depth": 2.0, "num_boost_round": 24.0}, "datetime": {"datetime": "2024-01-19 01:00:45", "elapsed": 2938.486335, "delta": 0.004005}}
{"target": -17.677095739973506, "params": {"gamma": 419.03154889492265, "log10_alpha": -2.8771750203140645, "log10_colsample_bytree": -0.7343312856644189, "log10_eta": -3.6278480922146477, "log10_lambda": 0.5052302587785729, "log10_min_child_weight": 1.522210090198417, "log10_subsample": -0.8652513097204221, "max_depth": 2.0, "num_boost_round": 25.0}, "datetime": {"datetime": "2024-01-19 01:00:45", "elapsed": 2938.49041, "delta": 0.004075}}
{"target": -17.677092010361143, "params": {"gamma": 419.03154889492265, "log10_alpha": -2.8771750203140645, "log10_colsample_bytree": -0.7343312856644189, "log10_eta": -3.6278480922146477, "log10_lambda": 0.5052302587785729, "log10_min_child_weight": 1.522210090198417, "log10_subsample": -0.8652513097204221, "max_depth": 2.0, "num_boost_round": 26.0}, "datetime": {"datetime": "2024-01-19 01:00:45", "elapsed": 2938.494394, "delta": 0.003984}}
{"target": -17.67708726922279, "params": {"gamma": 419.03154889492265, "log10_alpha": -2.8771750203140645, "log10_colsample_bytree": -0.7343312856644189, "log10_eta": -3.6278480922146477, "log10_lambda": 0.5052302587785729, "log10_min_child_weight": 1.522210090198417, "log10_subsample": -0.8652513097204221, "max_depth": 2.0, "num_boost_round": 27.0}, "datetime": {"datetime": "2024-01-19 01:00:45", "elapsed": 2938.498464, "delta": 0.00407}}
{"target": -17.67660439768141, "params": {"gamma": 423.44995330494385, "log10_alpha": -0.8551457025003346, "log10_colsample_bytree": -0.4222210795513379, "log10_eta": -2.135078210717182, "log10_lambda": -2.515029348758977, "log10_min_child_weight": 3.154130308453453, "log10_subsample": -0.3378982958774074, "max_depth": 9.0, "num_boost_round": 0.0}, "datetime": {"datetime": "2024-01-19 01:01:37", "elapsed": 2990.355442, "delta": 51.856978}}
{"target": -17.676907579743617, "params": {"gamma": 423.44995330494385, "log10_alpha": -0.8551457025003346, "log10_colsample_bytree": -0.4222210795513379, "log10_eta": -2.135078210717182, "log10_lambda": -2.515029348758977, "log10_min_child_weight": 3.154130308453453, "log10_subsample": -0.3378982958774074, "max_depth": 9.0, "num_boost_round": 1.0}, "datetime": {"datetime": "2024-01-19 01:01:37", "elapsed": 2990.359443, "delta": 0.004001}}
{"target": -17.676463347180533, "params": {"gamma": 423.44995330494385, "log10_alpha": -0.8551457025003346, "log10_colsample_bytree": -0.4222210795513379, "log10_eta": -2.135078210717182, "log10_lambda": -2.515029348758977, "log10_min_child_weight": 3.154130308453453, "log10_subsample": -0.3378982958774074, "max_depth": 9.0, "num_boost_round": 2.0}, "datetime": {"datetime": "2024-01-19 01:01:37", "elapsed": 2990.363952, "delta": 0.004509}}
{"target": -17.676705141723314, "params": {"gamma": 423.44995330494385, "log10_alpha": -0.8551457025003346, "log10_colsample_bytree": -0.4222210795513379, "log10_eta": -2.135078210717182, "log10_lambda": -2.515029348758977, "log10_min_child_weight": 3.154130308453453, "log10_subsample": -0.3378982958774074, "max_depth": 9.0, "num_boost_round": 3.0}, "datetime": {"datetime": "2024-01-19 01:01:37", "elapsed": 2990.367719, "delta": 0.003767}}
{"target": -17.67656208501364, "params": {"gamma": 423.44995330494385, "log10_alpha": -0.8551457025003346, "log10_colsample_bytree": -0.4222210795513379, "log10_eta": -2.135078210717182, "log10_lambda": -2.515029348758977, "log10_min_child_weight": 3.154130308453453, "log10_subsample": -0.3378982958774074, "max_depth": 9.0, "num_boost_round": 4.0}, "datetime": {"datetime": "2024-01-19 01:01:37", "elapsed": 2990.371454, "delta": 0.003735}}
{"target": -17.676472924128834, "params": {"gamma": 423.44995330494385, "log10_alpha": -0.8551457025003346, "log10_colsample_bytree": -0.4222210795513379, "log10_eta": -2.135078210717182, "log10_lambda": -2.515029348758977, "log10_min_child_weight": 3.154130308453453, "log10_subsample": -0.3378982958774074, "max_depth": 9.0, "num_boost_round": 5.0}, "datetime": {"datetime": "2024-01-19 01:01:37", "elapsed": 2990.375145, "delta": 0.003691}}
{"target": -17.676416387969795, "params": {"gamma": 423.44995330494385, "log10_alpha": -0.8551457025003346, "log10_colsample_bytree": -0.4222210795513379, "log10_eta": -2.135078210717182, "log10_lambda": -2.515029348758977, "log10_min_child_weight": 3.154130308453453, "log10_subsample": -0.3378982958774074, "max_depth": 9.0, "num_boost_round": 6.0}, "datetime": {"datetime": "2024-01-19 01:01:37", "elapsed": 2990.378822, "delta": 0.003677}}
{"target": -17.676246394867423, "params": {"gamma": 423.44995330494385, "log10_alpha": -0.8551457025003346, "log10_colsample_bytree": -0.4222210795513379, "log10_eta": -2.135078210717182, "log10_lambda": -2.515029348758977, "log10_min_child_weight": 3.154130308453453, "log10_subsample": -0.3378982958774074, "max_depth": 9.0, "num_boost_round": 7.0}, "datetime": {"datetime": "2024-01-19 01:01:37", "elapsed": 2990.382541, "delta": 0.003719}}
{"target": -17.676053292122376, "params": {"gamma": 423.44995330494385, "log10_alpha": -0.8551457025003346, "log10_colsample_bytree": -0.4222210795513379, "log10_eta": -2.135078210717182, "log10_lambda": -2.515029348758977, "log10_min_child_weight": 3.154130308453453, "log10_subsample": -0.3378982958774074, "max_depth": 9.0, "num_boost_round": 8.0}, "datetime": {"datetime": "2024-01-19 01:01:37", "elapsed": 2990.386232, "delta": 0.003691}}
{"target": -17.67602081398792, "params": {"gamma": 423.44995330494385, "log10_alpha": -0.8551457025003346, "log10_colsample_bytree": -0.4222210795513379, "log10_eta": -2.135078210717182, "log10_lambda": -2.515029348758977, "log10_min_child_weight": 3.154130308453453, "log10_subsample": -0.3378982958774074, "max_depth": 9.0, "num_boost_round": 9.0}, "datetime": {"datetime": "2024-01-19 01:01:37", "elapsed": 2990.38999, "delta": 0.003758}}
{"target": -17.675901884265883, "params": {"gamma": 423.44995330494385, "log10_alpha": -0.8551457025003346, "log10_colsample_bytree": -0.4222210795513379, "log10_eta": -2.135078210717182, "log10_lambda": -2.515029348758977, "log10_min_child_weight": 3.154130308453453, "log10_subsample": -0.3378982958774074, "max_depth": 9.0, "num_boost_round": 10.0}, "datetime": {"datetime": "2024-01-19 01:01:37", "elapsed": 2990.393684, "delta": 0.003694}}
{"target": -17.675712482168834, "params": {"gamma": 423.44995330494385, "log10_alpha": -0.8551457025003346, "log10_colsample_bytree": -0.4222210795513379, "log10_eta": -2.135078210717182, "log10_lambda": -2.515029348758977, "log10_min_child_weight": 3.154130308453453, "log10_subsample": -0.3378982958774074, "max_depth": 9.0, "num_boost_round": 11.0}, "datetime": {"datetime": "2024-01-19 01:01:37", "elapsed": 2990.397345, "delta": 0.003661}}
{"target": -17.67588867995891, "params": {"gamma": 423.44995330494385, "log10_alpha": -0.8551457025003346, "log10_colsample_bytree": -0.4222210795513379, "log10_eta": -2.135078210717182, "log10_lambda": -2.515029348758977, "log10_min_child_weight": 3.154130308453453, "log10_subsample": -0.3378982958774074, "max_depth": 9.0, "num_boost_round": 12.0}, "datetime": {"datetime": "2024-01-19 01:01:37", "elapsed": 2990.401202, "delta": 0.003857}}
{"target": -17.675877072658082, "params": {"gamma": 423.44995330494385, "log10_alpha": -0.8551457025003346, "log10_colsample_bytree": -0.4222210795513379, "log10_eta": -2.135078210717182, "log10_lambda": -2.515029348758977, "log10_min_child_weight": 3.154130308453453, "log10_subsample": -0.3378982958774074, "max_depth": 9.0, "num_boost_round": 13.0}, "datetime": {"datetime": "2024-01-19 01:01:37", "elapsed": 2990.405145, "delta": 0.003943}}
{"target": -17.67557549345082, "params": {"gamma": 423.44995330494385, "log10_alpha": -0.8551457025003346, "log10_colsample_bytree": -0.4222210795513379, "log10_eta": -2.135078210717182, "log10_lambda": -2.515029348758977, "log10_min_child_weight": 3.154130308453453, "log10_subsample": -0.3378982958774074, "max_depth": 9.0, "num_boost_round": 14.0}, "datetime": {"datetime": "2024-01-19 01:01:37", "elapsed": 2990.409039, "delta": 0.003894}}
{"target": -17.674999513391473, "params": {"gamma": 423.44995330494385, "log10_alpha": -0.8551457025003346, "log10_colsample_bytree": -0.4222210795513379, "log10_eta": -2.135078210717182, "log10_lambda": -2.515029348758977, "log10_min_child_weight": 3.154130308453453, "log10_subsample": -0.3378982958774074, "max_depth": 9.0, "num_boost_round": 15.0}, "datetime": {"datetime": "2024-01-19 01:01:37", "elapsed": 2990.412851, "delta": 0.003812}}
{"target": -17.674923899469423, "params": {"gamma": 423.44995330494385, "log10_alpha": -0.8551457025003346, "log10_colsample_bytree": -0.4222210795513379, "log10_eta": -2.135078210717182, "log10_lambda": -2.515029348758977, "log10_min_child_weight": 3.154130308453453, "log10_subsample": -0.3378982958774074, "max_depth": 9.0, "num_boost_round": 16.0}, "datetime": {"datetime": "2024-01-19 01:01:37", "elapsed": 2990.416541, "delta": 0.00369}}
{"target": -17.67479130798736, "params": {"gamma": 423.44995330494385, "log10_alpha": -0.8551457025003346, "log10_colsample_bytree": -0.4222210795513379, "log10_eta": -2.135078210717182, "log10_lambda": -2.515029348758977, "log10_min_child_weight": 3.154130308453453, "log10_subsample": -0.3378982958774074, "max_depth": 9.0, "num_boost_round": 17.0}, "datetime": {"datetime": "2024-01-19 01:01:37", "elapsed": 2990.42026, "delta": 0.003719}}
{"target": -17.674835172256003, "params": {"gamma": 423.44995330494385, "log10_alpha": -0.8551457025003346, "log10_colsample_bytree": -0.4222210795513379, "log10_eta": -2.135078210717182, "log10_lambda": -2.515029348758977, "log10_min_child_weight": 3.154130308453453, "log10_subsample": -0.3378982958774074, "max_depth": 9.0, "num_boost_round": 18.0}, "datetime": {"datetime": "2024-01-19 01:01:37", "elapsed": 2990.4242, "delta": 0.00394}}
{"target": -17.674685612234505, "params": {"gamma": 423.44995330494385, "log10_alpha": -0.8551457025003346, "log10_colsample_bytree": -0.4222210795513379, "log10_eta": -2.135078210717182, "log10_lambda": -2.515029348758977, "log10_min_child_weight": 3.154130308453453, "log10_subsample": -0.3378982958774074, "max_depth": 9.0, "num_boost_round": 19.0}, "datetime": {"datetime": "2024-01-19 01:01:37", "elapsed": 2990.427992, "delta": 0.003792}}
{"target": -17.67462443654474, "params": {"gamma": 423.44995330494385, "log10_alpha": -0.8551457025003346, "log10_colsample_bytree": -0.4222210795513379, "log10_eta": -2.135078210717182, "log10_lambda": -2.515029348758977, "log10_min_child_weight": 3.154130308453453, "log10_subsample": -0.3378982958774074, "max_depth": 9.0, "num_boost_round": 20.0}, "datetime": {"datetime": "2024-01-19 01:01:37", "elapsed": 2990.431764, "delta": 0.003772}}
{"target": -17.67464320078338, "params": {"gamma": 423.44995330494385, "log10_alpha": -0.8551457025003346, "log10_colsample_bytree": -0.4222210795513379, "log10_eta": -2.135078210717182, "log10_lambda": -2.515029348758977, "log10_min_child_weight": 3.154130308453453, "log10_subsample": -0.3378982958774074, "max_depth": 9.0, "num_boost_round": 21.0}, "datetime": {"datetime": "2024-01-19 01:01:37", "elapsed": 2990.435396, "delta": 0.003632}}
{"target": -17.674461249391292, "params": {"gamma": 423.44995330494385, "log10_alpha": -0.8551457025003346, "log10_colsample_bytree": -0.4222210795513379, "log10_eta": -2.135078210717182, "log10_lambda": -2.515029348758977, "log10_min_child_weight": 3.154130308453453, "log10_subsample": -0.3378982958774074, "max_depth": 9.0, "num_boost_round": 22.0}, "datetime": {"datetime": "2024-01-19 01:01:37", "elapsed": 2990.439064, "delta": 0.003668}}
{"target": -17.67400536710388, "params": {"gamma": 423.44995330494385, "log10_alpha": -0.8551457025003346, "log10_colsample_bytree": -0.4222210795513379, "log10_eta": -2.135078210717182, "log10_lambda": -2.515029348758977, "log10_min_child_weight": 3.154130308453453, "log10_subsample": -0.3378982958774074, "max_depth": 9.0, "num_boost_round": 23.0}, "datetime": {"datetime": "2024-01-19 01:01:37", "elapsed": 2990.442864, "delta": 0.0038}}
{"target": -17.673911147447615, "params": {"gamma": 423.44995330494385, "log10_alpha": -0.8551457025003346, "log10_colsample_bytree": -0.4222210795513379, "log10_eta": -2.135078210717182, "log10_lambda": -2.515029348758977, "log10_min_child_weight": 3.154130308453453, "log10_subsample": -0.3378982958774074, "max_depth": 9.0, "num_boost_round": 24.0}, "datetime": {"datetime": "2024-01-19 01:01:37", "elapsed": 2990.44659, "delta": 0.003726}}
{"target": -17.673963809045997, "params": {"gamma": 423.44995330494385, "log10_alpha": -0.8551457025003346, "log10_colsample_bytree": -0.4222210795513379, "log10_eta": -2.135078210717182, "log10_lambda": -2.515029348758977, "log10_min_child_weight": 3.154130308453453, "log10_subsample": -0.3378982958774074, "max_depth": 9.0, "num_boost_round": 25.0}, "datetime": {"datetime": "2024-01-19 01:01:37", "elapsed": 2990.450501, "delta": 0.003911}}
{"target": -17.677190712819126, "params": {"gamma": 421.78759533019837, "log10_alpha": -3.8972214212589456, "log10_colsample_bytree": -0.8053332414333194, "log10_eta": -2.890883238006663, "log10_lambda": -3.250315854718062, "log10_min_child_weight": 4.17796317945539, "log10_subsample": -0.17276178477127135, "max_depth": 7.0, "num_boost_round": 0.0}, "datetime": {"datetime": "2024-01-19 01:02:38", "elapsed": 3051.141752, "delta": 60.691251}}
{"target": -17.677157690073493, "params": {"gamma": 421.78759533019837, "log10_alpha": -3.8972214212589456, "log10_colsample_bytree": -0.8053332414333194, "log10_eta": -2.890883238006663, "log10_lambda": -3.250315854718062, "log10_min_child_weight": 4.17796317945539, "log10_subsample": -0.17276178477127135, "max_depth": 7.0, "num_boost_round": 1.0}, "datetime": {"datetime": "2024-01-19 01:02:38", "elapsed": 3051.146941, "delta": 0.005189}}
{"target": -17.677124834642957, "params": {"gamma": 421.78759533019837, "log10_alpha": -3.8972214212589456, "log10_colsample_bytree": -0.8053332414333194, "log10_eta": -2.890883238006663, "log10_lambda": -3.250315854718062, "log10_min_child_weight": 4.17796317945539, "log10_subsample": -0.17276178477127135, "max_depth": 7.0, "num_boost_round": 2.0}, "datetime": {"datetime": "2024-01-19 01:02:38", "elapsed": 3051.15132, "delta": 0.004379}}
{"target": -17.677125304462184, "params": {"gamma": 421.78759533019837, "log10_alpha": -3.8972214212589456, "log10_colsample_bytree": -0.8053332414333194, "log10_eta": -2.890883238006663, "log10_lambda": -3.250315854718062, "log10_min_child_weight": 4.17796317945539, "log10_subsample": -0.17276178477127135, "max_depth": 7.0, "num_boost_round": 3.0}, "datetime": {"datetime": "2024-01-19 01:02:38", "elapsed": 3051.155515, "delta": 0.004195}}
{"target": -17.677098372730022, "params": {"gamma": 421.78759533019837, "log10_alpha": -3.8972214212589456, "log10_colsample_bytree": -0.8053332414333194, "log10_eta": -2.890883238006663, "log10_lambda": -3.250315854718062, "log10_min_child_weight": 4.17796317945539, "log10_subsample": -0.17276178477127135, "max_depth": 7.0, "num_boost_round": 4.0}, "datetime": {"datetime": "2024-01-19 01:02:38", "elapsed": 3051.159555, "delta": 0.00404}}
{"target": -17.6770950064809, "params": {"gamma": 421.78759533019837, "log10_alpha": -3.8972214212589456, "log10_colsample_bytree": -0.8053332414333194, "log10_eta": -2.890883238006663, "log10_lambda": -3.250315854718062, "log10_min_child_weight": 4.17796317945539, "log10_subsample": -0.17276178477127135, "max_depth": 7.0, "num_boost_round": 5.0}, "datetime": {"datetime": "2024-01-19 01:02:38", "elapsed": 3051.163653, "delta": 0.004098}}
{"target": -17.67711743958832, "params": {"gamma": 421.78759533019837, "log10_alpha": -3.8972214212589456, "log10_colsample_bytree": -0.8053332414333194, "log10_eta": -2.890883238006663, "log10_lambda": -3.250315854718062, "log10_min_child_weight": 4.17796317945539, "log10_subsample": -0.17276178477127135, "max_depth": 7.0, "num_boost_round": 6.0}, "datetime": {"datetime": "2024-01-19 01:02:38", "elapsed": 3051.167795, "delta": 0.004142}}
{"target": -17.677097714564876, "params": {"gamma": 421.78759533019837, "log10_alpha": -3.8972214212589456, "log10_colsample_bytree": -0.8053332414333194, "log10_eta": -2.890883238006663, "log10_lambda": -3.250315854718062, "log10_min_child_weight": 4.17796317945539, "log10_subsample": -0.17276178477127135, "max_depth": 7.0, "num_boost_round": 7.0}, "datetime": {"datetime": "2024-01-19 01:02:38", "elapsed": 3051.171892, "delta": 0.004097}}
{"target": -17.67710729323074, "params": {"gamma": 421.78759533019837, "log10_alpha": -3.8972214212589456, "log10_colsample_bytree": -0.8053332414333194, "log10_eta": -2.890883238006663, "log10_lambda": -3.250315854718062, "log10_min_child_weight": 4.17796317945539, "log10_subsample": -0.17276178477127135, "max_depth": 7.0, "num_boost_round": 8.0}, "datetime": {"datetime": "2024-01-19 01:02:38", "elapsed": 3051.175852, "delta": 0.00396}}
{"target": -17.677106666169678, "params": {"gamma": 421.78759533019837, "log10_alpha": -3.8972214212589456, "log10_colsample_bytree": -0.8053332414333194, "log10_eta": -2.890883238006663, "log10_lambda": -3.250315854718062, "log10_min_child_weight": 4.17796317945539, "log10_subsample": -0.17276178477127135, "max_depth": 7.0, "num_boost_round": 9.0}, "datetime": {"datetime": "2024-01-19 01:02:38", "elapsed": 3051.179823, "delta": 0.003971}}
{"target": -17.677085881049738, "params": {"gamma": 421.78759533019837, "log10_alpha": -3.8972214212589456, "log10_colsample_bytree": -0.8053332414333194, "log10_eta": -2.890883238006663, "log10_lambda": -3.250315854718062, "log10_min_child_weight": 4.17796317945539, "log10_subsample": -0.17276178477127135, "max_depth": 7.0, "num_boost_round": 10.0}, "datetime": {"datetime": "2024-01-19 01:02:38", "elapsed": 3051.183952, "delta": 0.004129}}
{"target": -17.67708278225202, "params": {"gamma": 421.78759533019837, "log10_alpha": -3.8972214212589456, "log10_colsample_bytree": -0.8053332414333194, "log10_eta": -2.890883238006663, "log10_lambda": -3.250315854718062, "log10_min_child_weight": 4.17796317945539, "log10_subsample": -0.17276178477127135, "max_depth": 7.0, "num_boost_round": 11.0}, "datetime": {"datetime": "2024-01-19 01:02:38", "elapsed": 3051.187954, "delta": 0.004002}}
{"target": -17.67707976860737, "params": {"gamma": 421.78759533019837, "log10_alpha": -3.8972214212589456, "log10_colsample_bytree": -0.8053332414333194, "log10_eta": -2.890883238006663, "log10_lambda": -3.250315854718062, "log10_min_child_weight": 4.17796317945539, "log10_subsample": -0.17276178477127135, "max_depth": 7.0, "num_boost_round": 12.0}, "datetime": {"datetime": "2024-01-19 01:02:38", "elapsed": 3051.192025, "delta": 0.004071}}
{"target": -17.677062017033823, "params": {"gamma": 421.78759533019837, "log10_alpha": -3.8972214212589456, "log10_colsample_bytree": -0.8053332414333194, "log10_eta": -2.890883238006663, "log10_lambda": -3.250315854718062, "log10_min_child_weight": 4.17796317945539, "log10_subsample": -0.17276178477127135, "max_depth": 7.0, "num_boost_round": 13.0}, "datetime": {"datetime": "2024-01-19 01:02:38", "elapsed": 3051.195958, "delta": 0.003933}}
