{"target": -17.74590158411722, "params": {"gamma": 835.6468892451758, "log10_alpha": -4.160185546043062, "log10_colsample_bytree": -0.5899709113226665, "log10_eta": -1.4430995839202865, "log10_lambda": -3.3172242648545236, "log10_min_child_weight": 2.697635368634131, "log10_subsample": -0.7404880801474046, "max_depth": 6.0, "num_boost_round": 73.0}, "datetime": {"datetime": "2024-01-19 01:13:25", "elapsed": 3690.024724, "delta": 0.005027}}
{"target": -17.747159155792996, "params": {"gamma": 835.6468892451758, "log10_alpha": -4.160185546043062, "log10_colsample_bytree": -0.5899709113226665, "log10_eta": -1.4430995839202865, "log10_lambda": -3.3172242648545236, "log10_min_child_weight": 2.697635368634131, "log10_subsample": -0.7404880801474046, "max_depth": 6.0, "num_boost_round": 74.0}, "datetime": {"datetime": "2024-01-19 01:13:25", "elapsed": 3690.029691, "delta": 0.004967}}
{"target": -17.74780875125577, "params": {"gamma": 835.6468892451758, "log10_alpha": -4.160185546043062, "log10_colsample_bytree": -0.5899709113226665, "log10_eta": -1.4430995839202865, "log10_lambda": -3.3172242648545236, "log10_min_child_weight": 2.697635368634131, "log10_subsample": -0.7404880801474046, "max_depth": 6.0, "num_boost_round": 75.0}, "datetime": {"datetime": "2024-01-19 01:13:25", "elapsed": 3690.034671, "delta": 0.00498}}
{"target": -17.74925511310254, "params": {"gamma": 835.6468892451758, "log10_alpha": -4.160185546043062, "log10_colsample_bytree": -0.5899709113226665, "log10_eta": -1.4430995839202865, "log10_lambda": -3.3172242648545236, "log10_min_child_weight": 2.697635368634131, "log10_subsample": -0.7404880801474046, "max_depth": 6.0, "num_boost_round": 76.0}, "datetime": {"datetime": "2024-01-19 01:13:25", "elapsed": 3690.039854, "delta": 0.005183}}
{"target": -17.750952838884317, "params": {"gamma": 835.6468892451758, "log10_alpha": -4.160185546043062, "log10_colsample_bytree": -0.5899709113226665, "log10_eta": -1.4430995839202865, "log10_lambda": -3.3172242648545236, "log10_min_child_weight": 2.697635368634131, "log10_subsample": -0.7404880801474046, "max_depth": 6.0, "num_boost_round": 77.0}, "datetime": {"datetime": "2024-01-19 01:13:25", "elapsed": 3690.044841, "delta": 0.004987}}
{"target": -17.75295914849924, "params": {"gamma": 835.6468892451758, "log10_alpha": -4.160185546043062, "log10_colsample_bytree": -0.5899709113226665, "log10_eta": -1.4430995839202865, "log10_lambda": -3.3172242648545236, "log10_min_child_weight": 2.697635368634131, "log10_subsample": -0.7404880801474046, "max_depth": 6.0, "num_boost_round": 78.0}, "datetime": {"datetime": "2024-01-19 01:13:25", "elapsed": 3690.050887, "delta": 0.006046}}
{"target": -17.75422775638928, "params": {"gamma": 835.6468892451758, "log10_alpha": -4.160185546043062, "log10_colsample_bytree": -0.5899709113226665, "log10_eta": -1.4430995839202865, "log10_lambda": -3.3172242648545236, "log10_min_child_weight": 2.697635368634131, "log10_subsample": -0.7404880801474046, "max_depth": 6.0, "num_boost_round": 79.0}, "datetime": {"datetime": "2024-01-19 01:13:25", "elapsed": 3690.055874, "delta": 0.004987}}
{"target": -17.755150563640154, "params": {"gamma": 835.6468892451758, "log10_alpha": -4.160185546043062, "log10_colsample_bytree": -0.5899709113226665, "log10_eta": -1.4430995839202865, "log10_lambda": -3.3172242648545236, "log10_min_child_weight": 2.697635368634131, "log10_subsample": -0.7404880801474046, "max_depth": 6.0, "num_boost_round": 80.0}, "datetime": {"datetime": "2024-01-19 01:13:25", "elapsed": 3690.060948, "delta": 0.005074}}
{"target": -17.76173821855288, "params": {"gamma": 835.6468892451758, "log10_alpha": -4.160185546043062, "log10_colsample_bytree": -0.5899709113226665, "log10_eta": -1.4430995839202865, "log10_lambda": -3.3172242648545236, "log10_min_child_weight": 2.697635368634131, "log10_subsample": -0.7404880801474046, "max_depth": 6.0, "num_boost_round": 81.0}, "datetime": {"datetime": "2024-01-19 01:13:25", "elapsed": 3690.065718, "delta": 0.00477}}
{"target": -17.762452015611625, "params": {"gamma": 835.6468892451758, "log10_alpha": -4.160185546043062, "log10_colsample_bytree": -0.5899709113226665, "log10_eta": -1.4430995839202865, "log10_lambda": -3.3172242648545236, "log10_min_child_weight": 2.697635368634131, "log10_subsample": -0.7404880801474046, "max_depth": 6.0, "num_boost_round": 82.0}, "datetime": {"datetime": "2024-01-19 01:13:25", "elapsed": 3690.070334, "delta": 0.004616}}
{"target": -17.762721659722082, "params": {"gamma": 835.6468892451758, "log10_alpha": -4.160185546043062, "log10_colsample_bytree": -0.5899709113226665, "log10_eta": -1.4430995839202865, "log10_lambda": -3.3172242648545236, "log10_min_child_weight": 2.697635368634131, "log10_subsample": -0.7404880801474046, "max_depth": 6.0, "num_boost_round": 83.0}, "datetime": {"datetime": "2024-01-19 01:13:25", "elapsed": 3690.075045, "delta": 0.004711}}
{"target": -17.76305891049819, "params": {"gamma": 835.6468892451758, "log10_alpha": -4.160185546043062, "log10_colsample_bytree": -0.5899709113226665, "log10_eta": -1.4430995839202865, "log10_lambda": -3.3172242648545236, "log10_min_child_weight": 2.697635368634131, "log10_subsample": -0.7404880801474046, "max_depth": 6.0, "num_boost_round": 84.0}, "datetime": {"datetime": "2024-01-19 01:13:25", "elapsed": 3690.080156, "delta": 0.005111}}
{"target": -17.76351964246142, "params": {"gamma": 835.6468892451758, "log10_alpha": -4.160185546043062, "log10_colsample_bytree": -0.5899709113226665, "log10_eta": -1.4430995839202865, "log10_lambda": -3.3172242648545236, "log10_min_child_weight": 2.697635368634131, "log10_subsample": -0.7404880801474046, "max_depth": 6.0, "num_boost_round": 85.0}, "datetime": {"datetime": "2024-01-19 01:13:25", "elapsed": 3690.085109, "delta": 0.004953}}
{"target": -17.76493408984435, "params": {"gamma": 835.6468892451758, "log10_alpha": -4.160185546043062, "log10_colsample_bytree": -0.5899709113226665, "log10_eta": -1.4430995839202865, "log10_lambda": -3.3172242648545236, "log10_min_child_weight": 2.697635368634131, "log10_subsample": -0.7404880801474046, "max_depth": 6.0, "num_boost_round": 86.0}, "datetime": {"datetime": "2024-01-19 01:13:25", "elapsed": 3690.089982, "delta": 0.004873}}
{"target": -17.76504822044152, "params": {"gamma": 835.6468892451758, "log10_alpha": -4.160185546043062, "log10_colsample_bytree": -0.5899709113226665, "log10_eta": -1.4430995839202865, "log10_lambda": -3.3172242648545236, "log10_min_child_weight": 2.697635368634131, "log10_subsample": -0.7404880801474046, "max_depth": 6.0, "num_boost_round": 87.0}, "datetime": {"datetime": "2024-01-19 01:13:25", "elapsed": 3690.094931, "delta": 0.004949}}
{"target": -17.76729752295049, "params": {"gamma": 835.6468892451758, "log10_alpha": -4.160185546043062, "log10_colsample_bytree": -0.5899709113226665, "log10_eta": -1.4430995839202865, "log10_lambda": -3.3172242648545236, "log10_min_child_weight": 2.697635368634131, "log10_subsample": -0.7404880801474046, "max_depth": 6.0, "num_boost_round": 88.0}, "datetime": {"datetime": "2024-01-19 01:13:25", "elapsed": 3690.099844, "delta": 0.004913}}
{"target": -17.76785992932707, "params": {"gamma": 835.6468892451758, "log10_alpha": -4.160185546043062, "log10_colsample_bytree": -0.5899709113226665, "log10_eta": -1.4430995839202865, "log10_lambda": -3.3172242648545236, "log10_min_child_weight": 2.697635368634131, "log10_subsample": -0.7404880801474046, "max_depth": 6.0, "num_boost_round": 89.0}, "datetime": {"datetime": "2024-01-19 01:13:25", "elapsed": 3690.104817, "delta": 0.004973}}
{"target": -17.76835497806963, "params": {"gamma": 835.6468892451758, "log10_alpha": -4.160185546043062, "log10_colsample_bytree": -0.5899709113226665, "log10_eta": -1.4430995839202865, "log10_lambda": -3.3172242648545236, "log10_min_child_weight": 2.697635368634131, "log10_subsample": -0.7404880801474046, "max_depth": 6.0, "num_boost_round": 90.0}, "datetime": {"datetime": "2024-01-19 01:13:25", "elapsed": 3690.10982, "delta": 0.005003}}
{"target": -17.768083668098495, "params": {"gamma": 835.6468892451758, "log10_alpha": -4.160185546043062, "log10_colsample_bytree": -0.5899709113226665, "log10_eta": -1.4430995839202865, "log10_lambda": -3.3172242648545236, "log10_min_child_weight": 2.697635368634131, "log10_subsample": -0.7404880801474046, "max_depth": 6.0, "num_boost_round": 91.0}, "datetime": {"datetime": "2024-01-19 01:13:25", "elapsed": 3690.114613, "delta": 0.004793}}
{"target": -17.769945254567297, "params": {"gamma": 835.6468892451758, "log10_alpha": -4.160185546043062, "log10_colsample_bytree": -0.5899709113226665, "log10_eta": -1.4430995839202865, "log10_lambda": -3.3172242648545236, "log10_min_child_weight": 2.697635368634131, "log10_subsample": -0.7404880801474046, "max_depth": 6.0, "num_boost_round": 92.0}, "datetime": {"datetime": "2024-01-19 01:13:25", "elapsed": 3690.119483, "delta": 0.00487}}
{"target": -17.771209973629723, "params": {"gamma": 835.6468892451758, "log10_alpha": -4.160185546043062, "log10_colsample_bytree": -0.5899709113226665, "log10_eta": -1.4430995839202865, "log10_lambda": -3.3172242648545236, "log10_min_child_weight": 2.697635368634131, "log10_subsample": -0.7404880801474046, "max_depth": 6.0, "num_boost_round": 93.0}, "datetime": {"datetime": "2024-01-19 01:13:25", "elapsed": 3690.12533, "delta": 0.005847}}
{"target": -17.77188650783701, "params": {"gamma": 835.6468892451758, "log10_alpha": -4.160185546043062, "log10_colsample_bytree": -0.5899709113226665, "log10_eta": -1.4430995839202865, "log10_lambda": -3.3172242648545236, "log10_min_child_weight": 2.697635368634131, "log10_subsample": -0.7404880801474046, "max_depth": 6.0, "num_boost_round": 94.0}, "datetime": {"datetime": "2024-01-19 01:13:25", "elapsed": 3690.130489, "delta": 0.005159}}
{"target": -17.774704666340178, "params": {"gamma": 835.6468892451758, "log10_alpha": -4.160185546043062, "log10_colsample_bytree": -0.5899709113226665, "log10_eta": -1.4430995839202865, "log10_lambda": -3.3172242648545236, "log10_min_child_weight": 2.697635368634131, "log10_subsample": -0.7404880801474046, "max_depth": 6.0, "num_boost_round": 95.0}, "datetime": {"datetime": "2024-01-19 01:13:25", "elapsed": 3690.135468, "delta": 0.004979}}
{"target": -17.676063927796225, "params": {"gamma": 834.6833697727204, "log10_alpha": -1.0665124357449285, "log10_colsample_bytree": -0.667977252061251, "log10_eta": -1.8167386250532833, "log10_lambda": -2.460105706488921, "log10_min_child_weight": 3.2048419786652955, "log10_subsample": -0.2078849126866784, "max_depth": 7.0, "num_boost_round": 0.0}, "datetime": {"datetime": "2024-01-19 01:14:32", "elapsed": 3756.625907, "delta": 66.490439}}
{"target": -17.675853299131695, "params": {"gamma": 834.6833697727204, "log10_alpha": -1.0665124357449285, "log10_colsample_bytree": -0.667977252061251, "log10_eta": -1.8167386250532833, "log10_lambda": -2.460105706488921, "log10_min_child_weight": 3.2048419786652955, "log10_subsample": -0.2078849126866784, "max_depth": 7.0, "num_boost_round": 1.0}, "datetime": {"datetime": "2024-01-19 01:14:32", "elapsed": 3756.632476, "delta": 0.006569}}
{"target": -17.674975433093255, "params": {"gamma": 834.6833697727204, "log10_alpha": -1.0665124357449285, "log10_colsample_bytree": -0.667977252061251, "log10_eta": -1.8167386250532833, "log10_lambda": -2.460105706488921, "log10_min_child_weight": 3.2048419786652955, "log10_subsample": -0.2078849126866784, "max_depth": 7.0, "num_boost_round": 2.0}, "datetime": {"datetime": "2024-01-19 01:14:32", "elapsed": 3756.637838, "delta": 0.005362}}
{"target": -17.675093334920245, "params": {"gamma": 834.6833697727204, "log10_alpha": -1.0665124357449285, "log10_colsample_bytree": -0.667977252061251, "log10_eta": -1.8167386250532833, "log10_lambda": -2.460105706488921, "log10_min_child_weight": 3.2048419786652955, "log10_subsample": -0.2078849126866784, "max_depth": 7.0, "num_boost_round": 3.0}, "datetime": {"datetime": "2024-01-19 01:14:32", "elapsed": 3756.643248, "delta": 0.00541}}
{"target": -17.674489368542584, "params": {"gamma": 834.6833697727204, "log10_alpha": -1.0665124357449285, "log10_colsample_bytree": -0.667977252061251, "log10_eta": -1.8167386250532833, "log10_lambda": -2.460105706488921, "log10_min_child_weight": 3.2048419786652955, "log10_subsample": -0.2078849126866784, "max_depth": 7.0, "num_boost_round": 4.0}, "datetime": {"datetime": "2024-01-19 01:14:32", "elapsed": 3756.648443, "delta": 0.005195}}
{"target": -17.674097337939028, "params": {"gamma": 834.6833697727204, "log10_alpha": -1.0665124357449285, "log10_colsample_bytree": -0.667977252061251, "log10_eta": -1.8167386250532833, "log10_lambda": -2.460105706488921, "log10_min_child_weight": 3.2048419786652955, "log10_subsample": -0.2078849126866784, "max_depth": 7.0, "num_boost_round": 5.0}, "datetime": {"datetime": "2024-01-19 01:14:32", "elapsed": 3756.653407, "delta": 0.004964}}
{"target": -17.673919747706503, "params": {"gamma": 834.6833697727204, "log10_alpha": -1.0665124357449285, "log10_colsample_bytree": -0.667977252061251, "log10_eta": -1.8167386250532833, "log10_lambda": -2.460105706488921, "log10_min_child_weight": 3.2048419786652955, "log10_subsample": -0.2078849126866784, "max_depth": 7.0, "num_boost_round": 6.0}, "datetime": {"datetime": "2024-01-19 01:14:32", "elapsed": 3756.658634, "delta": 0.005227}}
{"target": -17.67239853020912, "params": {"gamma": 834.6833697727204, "log10_alpha": -1.0665124357449285, "log10_colsample_bytree": -0.667977252061251, "log10_eta": -1.8167386250532833, "log10_lambda": -2.460105706488921, "log10_min_child_weight": 3.2048419786652955, "log10_subsample": -0.2078849126866784, "max_depth": 7.0, "num_boost_round": 7.0}, "datetime": {"datetime": "2024-01-19 01:14:32", "elapsed": 3756.664052, "delta": 0.005418}}
{"target": -17.672053017929642, "params": {"gamma": 834.6833697727204, "log10_alpha": -1.0665124357449285, "log10_colsample_bytree": -0.667977252061251, "log10_eta": -1.8167386250532833, "log10_lambda": -2.460105706488921, "log10_min_child_weight": 3.2048419786652955, "log10_subsample": -0.2078849126866784, "max_depth": 7.0, "num_boost_round": 8.0}, "datetime": {"datetime": "2024-01-19 01:14:32", "elapsed": 3756.669443, "delta": 0.005391}}
{"target": -17.67173568362732, "params": {"gamma": 834.6833697727204, "log10_alpha": -1.0665124357449285, "log10_colsample_bytree": -0.667977252061251, "log10_eta": -1.8167386250532833, "log10_lambda": -2.460105706488921, "log10_min_child_weight": 3.2048419786652955, "log10_subsample": -0.2078849126866784, "max_depth": 7.0, "num_boost_round": 9.0}, "datetime": {"datetime": "2024-01-19 01:14:32", "elapsed": 3756.67473, "delta": 0.005287}}
{"target": -17.671254536762742, "params": {"gamma": 834.6833697727204, "log10_alpha": -1.0665124357449285, "log10_colsample_bytree": -0.667977252061251, "log10_eta": -1.8167386250532833, "log10_lambda": -2.460105706488921, "log10_min_child_weight": 3.2048419786652955, "log10_subsample": -0.2078849126866784, "max_depth": 7.0, "num_boost_round": 10.0}, "datetime": {"datetime": "2024-01-19 01:14:32", "elapsed": 3756.680085, "delta": 0.005355}}
{"target": -17.670979443546017, "params": {"gamma": 834.6833697727204, "log10_alpha": -1.0665124357449285, "log10_colsample_bytree": -0.667977252061251, "log10_eta": -1.8167386250532833, "log10_lambda": -2.460105706488921, "log10_min_child_weight": 3.2048419786652955, "log10_subsample": -0.2078849126866784, "max_depth": 7.0, "num_boost_round": 11.0}, "datetime": {"datetime": "2024-01-19 01:14:32", "elapsed": 3756.685888, "delta": 0.005803}}
{"target": -17.67083002939383, "params": {"gamma": 834.6833697727204, "log10_alpha": -1.0665124357449285, "log10_colsample_bytree": -0.667977252061251, "log10_eta": -1.8167386250532833, "log10_lambda": -2.460105706488921, "log10_min_child_weight": 3.2048419786652955, "log10_subsample": -0.2078849126866784, "max_depth": 7.0, "num_boost_round": 12.0}, "datetime": {"datetime": "2024-01-19 01:14:32", "elapsed": 3756.69222, "delta": 0.006332}}
{"target": -17.67066414138472, "params": {"gamma": 834.6833697727204, "log10_alpha": -1.0665124357449285, "log10_colsample_bytree": -0.667977252061251, "log10_eta": -1.8167386250532833, "log10_lambda": -2.460105706488921, "log10_min_child_weight": 3.2048419786652955, "log10_subsample": -0.2078849126866784, "max_depth": 7.0, "num_boost_round": 13.0}, "datetime": {"datetime": "2024-01-19 01:14:32", "elapsed": 3756.697777, "delta": 0.005557}}
{"target": -17.670845759338313, "params": {"gamma": 834.6833697727204, "log10_alpha": -1.0665124357449285, "log10_colsample_bytree": -0.667977252061251, "log10_eta": -1.8167386250532833, "log10_lambda": -2.460105706488921, "log10_min_child_weight": 3.2048419786652955, "log10_subsample": -0.2078849126866784, "max_depth": 7.0, "num_boost_round": 14.0}, "datetime": {"datetime": "2024-01-19 01:14:32", "elapsed": 3756.703948, "delta": 0.006171}}
{"target": -17.670520432301338, "params": {"gamma": 834.6833697727204, "log10_alpha": -1.0665124357449285, "log10_colsample_bytree": -0.667977252061251, "log10_eta": -1.8167386250532833, "log10_lambda": -2.460105706488921, "log10_min_child_weight": 3.2048419786652955, "log10_subsample": -0.2078849126866784, "max_depth": 7.0, "num_boost_round": 15.0}, "datetime": {"datetime": "2024-01-19 01:14:32", "elapsed": 3756.709349, "delta": 0.005401}}
{"target": -17.670284983505027, "params": {"gamma": 834.6833697727204, "log10_alpha": -1.0665124357449285, "log10_colsample_bytree": -0.667977252061251, "log10_eta": -1.8167386250532833, "log10_lambda": -2.460105706488921, "log10_min_child_weight": 3.2048419786652955, "log10_subsample": -0.2078849126866784, "max_depth": 7.0, "num_boost_round": 16.0}, "datetime": {"datetime": "2024-01-19 01:14:32", "elapsed": 3756.714602, "delta": 0.005253}}
{"target": -17.670086147300804, "params": {"gamma": 834.6833697727204, "log10_alpha": -1.0665124357449285, "log10_colsample_bytree": -0.667977252061251, "log10_eta": -1.8167386250532833, "log10_lambda": -2.460105706488921, "log10_min_child_weight": 3.2048419786652955, "log10_subsample": -0.2078849126866784, "max_depth": 7.0, "num_boost_round": 17.0}, "datetime": {"datetime": "2024-01-19 01:14:32", "elapsed": 3756.719749, "delta": 0.005147}}
{"target": -17.670550343682432, "params": {"gamma": 834.6833697727204, "log10_alpha": -1.0665124357449285, "log10_colsample_bytree": -0.667977252061251, "log10_eta": -1.8167386250532833, "log10_lambda": -2.460105706488921, "log10_min_child_weight": 3.2048419786652955, "log10_subsample": -0.2078849126866784, "max_depth": 7.0, "num_boost_round": 18.0}, "datetime": {"datetime": "2024-01-19 01:14:32", "elapsed": 3756.725012, "delta": 0.005263}}
{"target": -17.67043429892419, "params": {"gamma": 834.6833697727204, "log10_alpha": -1.0665124357449285, "log10_colsample_bytree": -0.667977252061251, "log10_eta": -1.8167386250532833, "log10_lambda": -2.460105706488921, "log10_min_child_weight": 3.2048419786652955, "log10_subsample": -0.2078849126866784, "max_depth": 7.0, "num_boost_round": 19.0}, "datetime": {"datetime": "2024-01-19 01:14:32", "elapsed": 3756.730162, "delta": 0.00515}}
{"target": -17.670231387081284, "params": {"gamma": 834.6833697727204, "log10_alpha": -1.0665124357449285, "log10_colsample_bytree": -0.667977252061251, "log10_eta": -1.8167386250532833, "log10_lambda": -2.460105706488921, "log10_min_child_weight": 3.2048419786652955, "log10_subsample": -0.2078849126866784, "max_depth": 7.0, "num_boost_round": 20.0}, "datetime": {"datetime": "2024-01-19 01:14:32", "elapsed": 3756.735319, "delta": 0.005157}}
{"target": -17.670331085613544, "params": {"gamma": 834.6833697727204, "log10_alpha": -1.0665124357449285, "log10_colsample_bytree": -0.667977252061251, "log10_eta": -1.8167386250532833, "log10_lambda": -2.460105706488921, "log10_min_child_weight": 3.2048419786652955, "log10_subsample": -0.2078849126866784, "max_depth": 7.0, "num_boost_round": 21.0}, "datetime": {"datetime": "2024-01-19 01:14:32", "elapsed": 3756.740537, "delta": 0.005218}}
{"target": -17.67013820015796, "params": {"gamma": 834.6833697727204, "log10_alpha": -1.0665124357449285, "log10_colsample_bytree": -0.667977252061251, "log10_eta": -1.8167386250532833, "log10_lambda": -2.460105706488921, "log10_min_child_weight": 3.2048419786652955, "log10_subsample": -0.2078849126866784, "max_depth": 7.0, "num_boost_round": 22.0}, "datetime": {"datetime": "2024-01-19 01:14:32", "elapsed": 3756.745617, "delta": 0.00508}}
{"target": -17.669902591032137, "params": {"gamma": 834.6833697727204, "log10_alpha": -1.0665124357449285, "log10_colsample_bytree": -0.667977252061251, "log10_eta": -1.8167386250532833, "log10_lambda": -2.460105706488921, "log10_min_child_weight": 3.2048419786652955, "log10_subsample": -0.2078849126866784, "max_depth": 7.0, "num_boost_round": 23.0}, "datetime": {"datetime": "2024-01-19 01:14:32", "elapsed": 3756.75097, "delta": 0.005353}}
{"target": -17.670174110713088, "params": {"gamma": 834.6833697727204, "log10_alpha": -1.0665124357449285, "log10_colsample_bytree": -0.667977252061251, "log10_eta": -1.8167386250532833, "log10_lambda": -2.460105706488921, "log10_min_child_weight": 3.2048419786652955, "log10_subsample": -0.2078849126866784, "max_depth": 7.0, "num_boost_round": 24.0}, "datetime": {"datetime": "2024-01-19 01:14:32", "elapsed": 3756.756176, "delta": 0.005206}}
{"target": -17.670249872810317, "params": {"gamma": 834.6833697727204, "log10_alpha": -1.0665124357449285, "log10_colsample_bytree": -0.667977252061251, "log10_eta": -1.8167386250532833, "log10_lambda": -2.460105706488921, "log10_min_child_weight": 3.2048419786652955, "log10_subsample": -0.2078849126866784, "max_depth": 7.0, "num_boost_round": 25.0}, "datetime": {"datetime": "2024-01-19 01:14:32", "elapsed": 3756.761371, "delta": 0.005195}}
