{"target": -17.677220752594117, "params": {"gamma": 436.6866877275283, "log10_alpha": -4.98326618544176, "log10_colsample_bytree": -0.6041236038214568, "log10_eta": -3.462087993411559, "log10_lambda": -4.053620768318744, "log10_min_child_weight": 4.37485618661456, "log10_subsample": -0.43702148438503485, "max_depth": 6.0, "num_boost_round": 7.0}, "datetime": {"datetime": "2024-01-19 00:33:25", "elapsed": 1294.989339, "delta": 0.002495}}
{"target": -17.677217650724717, "params": {"gamma": 436.6866877275283, "log10_alpha": -4.98326618544176, "log10_colsample_bytree": -0.6041236038214568, "log10_eta": -3.462087993411559, "log10_lambda": -4.053620768318744, "log10_min_child_weight": 4.37485618661456, "log10_subsample": -0.43702148438503485, "max_depth": 6.0, "num_boost_round": 8.0}, "datetime": {"datetime": "2024-01-19 00:33:25", "elapsed": 1294.991797, "delta": 0.002458}}
{"target": -17.67721714358211, "params": {"gamma": 436.6866877275283, "log10_alpha": -4.98326618544176, "log10_colsample_bytree": -0.6041236038214568, "log10_eta": -3.462087993411559, "log10_lambda": -4.053620768318744, "log10_min_child_weight": 4.37485618661456, "log10_subsample": -0.43702148438503485, "max_depth": 6.0, "num_boost_round": 9.0}, "datetime": {"datetime": "2024-01-19 00:33:25", "elapsed": 1294.994097, "delta": 0.0023}}
{"target": -17.677214035848838, "params": {"gamma": 436.6866877275283, "log10_alpha": -4.98326618544176, "log10_colsample_bytree": -0.6041236038214568, "log10_eta": -3.462087993411559, "log10_lambda": -4.053620768318744, "log10_min_child_weight": 4.37485618661456, "log10_subsample": -0.43702148438503485, "max_depth": 6.0, "num_boost_round": 10.0}, "datetime": {"datetime": "2024-01-19 00:33:25", "elapsed": 1294.996336, "delta": 0.002239}}
{"target": -17.677211098532656, "params": {"gamma": 436.6866877275283, "log10_alpha": -4.98326618544176, "log10_colsample_bytree": -0.6041236038214568, "log10_eta": -3.462087993411559, "log10_lambda": -4.053620768318744, "log10_min_child_weight": 4.37485618661456, "log10_subsample": -0.43702148438503485, "max_depth": 6.0, "num_boost_round": 11.0}, "datetime": {"datetime": "2024-01-19 00:33:25", "elapsed": 1294.998654, "delta": 0.002318}}
{"target": -17.677207416294557, "params": {"gamma": 436.6866877275283, "log10_alpha": -4.98326618544176, "log10_colsample_bytree": -0.6041236038214568, "log10_eta": -3.462087993411559, "log10_lambda": -4.053620768318744, "log10_min_child_weight": 4.37485618661456, "log10_subsample": -0.43702148438503485, "max_depth": 6.0, "num_boost_round": 12.0}, "datetime": {"datetime": "2024-01-19 00:33:25", "elapsed": 1295.000824, "delta": 0.00217}}
{"target": -17.677208713049765, "params": {"gamma": 436.6866877275283, "log10_alpha": -4.98326618544176, "log10_colsample_bytree": -0.6041236038214568, "log10_eta": -3.462087993411559, "log10_lambda": -4.053620768318744, "log10_min_child_weight": 4.37485618661456, "log10_subsample": -0.43702148438503485, "max_depth": 6.0, "num_boost_round": 13.0}, "datetime": {"datetime": "2024-01-19 00:33:25", "elapsed": 1295.00304, "delta": 0.002216}}
{"target": -17.675602675222418, "params": {"gamma": 427.90183455526443, "log10_alpha": -4.898964033055117, "log10_colsample_bytree": -0.43712594171883346, "log10_eta": -0.5885355082178743, "log10_lambda": -1.7938969709248167, "log10_min_child_weight": 4.7084020414316115, "log10_subsample": -0.19646112820702089, "max_depth": 2.0, "num_boost_round": 0.0}, "datetime": {"datetime": "2024-01-19 00:33:51", "elapsed": 1321.661404, "delta": 26.658364}}
{"target": -17.67791590089065, "params": {"gamma": 427.90183455526443, "log10_alpha": -4.898964033055117, "log10_colsample_bytree": -0.43712594171883346, "log10_eta": -0.5885355082178743, "log10_lambda": -1.7938969709248167, "log10_min_child_weight": 4.7084020414316115, "log10_subsample": -0.19646112820702089, "max_depth": 2.0, "num_boost_round": 1.0}, "datetime": {"datetime": "2024-01-19 00:33:51", "elapsed": 1321.664248, "delta": 0.002844}}
{"target": -17.681051738354288, "params": {"gamma": 427.90183455526443, "log10_alpha": -4.898964033055117, "log10_colsample_bytree": -0.43712594171883346, "log10_eta": -0.5885355082178743, "log10_lambda": -1.7938969709248167, "log10_min_child_weight": 4.7084020414316115, "log10_subsample": -0.19646112820702089, "max_depth": 2.0, "num_boost_round": 2.0}, "datetime": {"datetime": "2024-01-19 00:33:51", "elapsed": 1321.666651, "delta": 0.002403}}
{"target": -17.682764227543, "params": {"gamma": 427.90183455526443, "log10_alpha": -4.898964033055117, "log10_colsample_bytree": -0.43712594171883346, "log10_eta": -0.5885355082178743, "log10_lambda": -1.7938969709248167, "log10_min_child_weight": 4.7084020414316115, "log10_subsample": -0.19646112820702089, "max_depth": 2.0, "num_boost_round": 3.0}, "datetime": {"datetime": "2024-01-19 00:33:51", "elapsed": 1321.668897, "delta": 0.002246}}
{"target": -17.684595123140365, "params": {"gamma": 427.90183455526443, "log10_alpha": -4.898964033055117, "log10_colsample_bytree": -0.43712594171883346, "log10_eta": -0.5885355082178743, "log10_lambda": -1.7938969709248167, "log10_min_child_weight": 4.7084020414316115, "log10_subsample": -0.19646112820702089, "max_depth": 2.0, "num_boost_round": 4.0}, "datetime": {"datetime": "2024-01-19 00:33:51", "elapsed": 1321.671158, "delta": 0.002261}}
{"target": -17.686102537904947, "params": {"gamma": 427.90183455526443, "log10_alpha": -4.898964033055117, "log10_colsample_bytree": -0.43712594171883346, "log10_eta": -0.5885355082178743, "log10_lambda": -1.7938969709248167, "log10_min_child_weight": 4.7084020414316115, "log10_subsample": -0.19646112820702089, "max_depth": 2.0, "num_boost_round": 5.0}, "datetime": {"datetime": "2024-01-19 00:33:51", "elapsed": 1321.673414, "delta": 0.002256}}
{"target": -17.68588551592747, "params": {"gamma": 427.90183455526443, "log10_alpha": -4.898964033055117, "log10_colsample_bytree": -0.43712594171883346, "log10_eta": -0.5885355082178743, "log10_lambda": -1.7938969709248167, "log10_min_child_weight": 4.7084020414316115, "log10_subsample": -0.19646112820702089, "max_depth": 2.0, "num_boost_round": 6.0}, "datetime": {"datetime": "2024-01-19 00:33:51", "elapsed": 1321.675623, "delta": 0.002209}}
{"target": -17.68697291589144, "params": {"gamma": 427.90183455526443, "log10_alpha": -4.898964033055117, "log10_colsample_bytree": -0.43712594171883346, "log10_eta": -0.5885355082178743, "log10_lambda": -1.7938969709248167, "log10_min_child_weight": 4.7084020414316115, "log10_subsample": -0.19646112820702089, "max_depth": 2.0, "num_boost_round": 7.0}, "datetime": {"datetime": "2024-01-19 00:33:51", "elapsed": 1321.677831, "delta": 0.002208}}
{"target": -17.68676245928558, "params": {"gamma": 427.90183455526443, "log10_alpha": -4.898964033055117, "log10_colsample_bytree": -0.43712594171883346, "log10_eta": -0.5885355082178743, "log10_lambda": -1.7938969709248167, "log10_min_child_weight": 4.7084020414316115, "log10_subsample": -0.19646112820702089, "max_depth": 2.0, "num_boost_round": 8.0}, "datetime": {"datetime": "2024-01-19 00:33:51", "elapsed": 1321.680068, "delta": 0.002237}}
{"target": -17.68716262029582, "params": {"gamma": 427.90183455526443, "log10_alpha": -4.898964033055117, "log10_colsample_bytree": -0.43712594171883346, "log10_eta": -0.5885355082178743, "log10_lambda": -1.7938969709248167, "log10_min_child_weight": 4.7084020414316115, "log10_subsample": -0.19646112820702089, "max_depth": 2.0, "num_boost_round": 9.0}, "datetime": {"datetime": "2024-01-19 00:33:51", "elapsed": 1321.682424, "delta": 0.002356}}
{"target": -17.686722142347783, "params": {"gamma": 427.90183455526443, "log10_alpha": -4.898964033055117, "log10_colsample_bytree": -0.43712594171883346, "log10_eta": -0.5885355082178743, "log10_lambda": -1.7938969709248167, "log10_min_child_weight": 4.7084020414316115, "log10_subsample": -0.19646112820702089, "max_depth": 2.0, "num_boost_round": 10.0}, "datetime": {"datetime": "2024-01-19 00:33:51", "elapsed": 1321.684668, "delta": 0.002244}}
{"target": -17.68667193033119, "params": {"gamma": 427.90183455526443, "log10_alpha": -4.898964033055117, "log10_colsample_bytree": -0.43712594171883346, "log10_eta": -0.5885355082178743, "log10_lambda": -1.7938969709248167, "log10_min_child_weight": 4.7084020414316115, "log10_subsample": -0.19646112820702089, "max_depth": 2.0, "num_boost_round": 11.0}, "datetime": {"datetime": "2024-01-19 00:33:51", "elapsed": 1321.686931, "delta": 0.002263}}
{"target": -17.687596522818694, "params": {"gamma": 427.90183455526443, "log10_alpha": -4.898964033055117, "log10_colsample_bytree": -0.43712594171883346, "log10_eta": -0.5885355082178743, "log10_lambda": -1.7938969709248167, "log10_min_child_weight": 4.7084020414316115, "log10_subsample": -0.19646112820702089, "max_depth": 2.0, "num_boost_round": 12.0}, "datetime": {"datetime": "2024-01-19 00:33:51", "elapsed": 1321.68916, "delta": 0.002229}}
{"target": -17.68968258813708, "params": {"gamma": 427.90183455526443, "log10_alpha": -4.898964033055117, "log10_colsample_bytree": -0.43712594171883346, "log10_eta": -0.5885355082178743, "log10_lambda": -1.7938969709248167, "log10_min_child_weight": 4.7084020414316115, "log10_subsample": -0.19646112820702089, "max_depth": 2.0, "num_boost_round": 13.0}, "datetime": {"datetime": "2024-01-19 00:33:51", "elapsed": 1321.691405, "delta": 0.002245}}
{"target": -17.69107756491908, "params": {"gamma": 427.90183455526443, "log10_alpha": -4.898964033055117, "log10_colsample_bytree": -0.43712594171883346, "log10_eta": -0.5885355082178743, "log10_lambda": -1.7938969709248167, "log10_min_child_weight": 4.7084020414316115, "log10_subsample": -0.19646112820702089, "max_depth": 2.0, "num_boost_round": 14.0}, "datetime": {"datetime": "2024-01-19 00:33:51", "elapsed": 1321.693727, "delta": 0.002322}}
{"target": -17.691075903882563, "params": {"gamma": 427.90183455526443, "log10_alpha": -4.898964033055117, "log10_colsample_bytree": -0.43712594171883346, "log10_eta": -0.5885355082178743, "log10_lambda": -1.7938969709248167, "log10_min_child_weight": 4.7084020414316115, "log10_subsample": -0.19646112820702089, "max_depth": 2.0, "num_boost_round": 15.0}, "datetime": {"datetime": "2024-01-19 00:33:51", "elapsed": 1321.695929, "delta": 0.002202}}
{"target": -17.692050340538334, "params": {"gamma": 427.90183455526443, "log10_alpha": -4.898964033055117, "log10_colsample_bytree": -0.43712594171883346, "log10_eta": -0.5885355082178743, "log10_lambda": -1.7938969709248167, "log10_min_child_weight": 4.7084020414316115, "log10_subsample": -0.19646112820702089, "max_depth": 2.0, "num_boost_round": 16.0}, "datetime": {"datetime": "2024-01-19 00:33:51", "elapsed": 1321.698133, "delta": 0.002204}}
{"target": -17.67719286722815, "params": {"gamma": 427.3188937504469, "log10_alpha": -3.4158046124488433, "log10_colsample_bytree": -0.8317902776724543, "log10_eta": -2.6608799996469843, "log10_lambda": -1.8587759310433194, "log10_min_child_weight": 3.979710477116006, "log10_subsample": -0.38568535411752003, "max_depth": 9.0, "num_boost_round": 0.0}, "datetime": {"datetime": "2024-01-19 00:34:28", "elapsed": 1358.356572, "delta": 36.658439}}
{"target": -17.677184847974736, "params": {"gamma": 427.3188937504469, "log10_alpha": -3.4158046124488433, "log10_colsample_bytree": -0.8317902776724543, "log10_eta": -2.6608799996469843, "log10_lambda": -1.8587759310433194, "log10_min_child_weight": 3.979710477116006, "log10_subsample": -0.38568535411752003, "max_depth": 9.0, "num_boost_round": 1.0}, "datetime": {"datetime": "2024-01-19 00:34:28", "elapsed": 1358.359361, "delta": 0.002789}}
{"target": -17.677132669650582, "params": {"gamma": 427.3188937504469, "log10_alpha": -3.4158046124488433, "log10_colsample_bytree": -0.8317902776724543, "log10_eta": -2.6608799996469843, "log10_lambda": -1.8587759310433194, "log10_min_child_weight": 3.979710477116006, "log10_subsample": -0.38568535411752003, "max_depth": 9.0, "num_boost_round": 2.0}, "datetime": {"datetime": "2024-01-19 00:34:28", "elapsed": 1358.362435, "delta": 0.003074}}
{"target": -17.677140755177113, "params": {"gamma": 427.3188937504469, "log10_alpha": -3.4158046124488433, "log10_colsample_bytree": -0.8317902776724543, "log10_eta": -2.6608799996469843, "log10_lambda": -1.8587759310433194, "log10_min_child_weight": 3.979710477116006, "log10_subsample": -0.38568535411752003, "max_depth": 9.0, "num_boost_round": 3.0}, "datetime": {"datetime": "2024-01-19 00:34:28", "elapsed": 1358.364729, "delta": 0.002294}}
{"target": -17.677102817382195, "params": {"gamma": 427.3188937504469, "log10_alpha": -3.4158046124488433, "log10_colsample_bytree": -0.8317902776724543, "log10_eta": -2.6608799996469843, "log10_lambda": -1.8587759310433194, "log10_min_child_weight": 3.979710477116006, "log10_subsample": -0.38568535411752003, "max_depth": 9.0, "num_boost_round": 4.0}, "datetime": {"datetime": "2024-01-19 00:34:28", "elapsed": 1358.367041, "delta": 0.002312}}
{"target": -17.677114469856015, "params": {"gamma": 427.3188937504469, "log10_alpha": -3.4158046124488433, "log10_colsample_bytree": -0.8317902776724543, "log10_eta": -2.6608799996469843, "log10_lambda": -1.8587759310433194, "log10_min_child_weight": 3.979710477116006, "log10_subsample": -0.38568535411752003, "max_depth": 9.0, "num_boost_round": 5.0}, "datetime": {"datetime": "2024-01-19 00:34:28", "elapsed": 1358.369327, "delta": 0.002286}}
{"target": -17.677147431374312, "params": {"gamma": 427.3188937504469, "log10_alpha": -3.4158046124488433, "log10_colsample_bytree": -0.8317902776724543, "log10_eta": -2.6608799996469843, "log10_lambda": -1.8587759310433194, "log10_min_child_weight": 3.979710477116006, "log10_subsample": -0.38568535411752003, "max_depth": 9.0, "num_boost_round": 6.0}, "datetime": {"datetime": "2024-01-19 00:34:28", "elapsed": 1358.371643, "delta": 0.002316}}
{"target": -17.67708449099871, "params": {"gamma": 427.3188937504469, "log10_alpha": -3.4158046124488433, "log10_colsample_bytree": -0.8317902776724543, "log10_eta": -2.6608799996469843, "log10_lambda": -1.8587759310433194, "log10_min_child_weight": 3.979710477116006, "log10_subsample": -0.38568535411752003, "max_depth": 9.0, "num_boost_round": 7.0}, "datetime": {"datetime": "2024-01-19 00:34:28", "elapsed": 1358.373908, "delta": 0.002265}}
{"target": -17.677089958017305, "params": {"gamma": 427.3188937504469, "log10_alpha": -3.4158046124488433, "log10_colsample_bytree": -0.8317902776724543, "log10_eta": -2.6608799996469843, "log10_lambda": -1.8587759310433194, "log10_min_child_weight": 3.979710477116006, "log10_subsample": -0.38568535411752003, "max_depth": 9.0, "num_boost_round": 8.0}, "datetime": {"datetime": "2024-01-19 00:34:28", "elapsed": 1358.376174, "delta": 0.002266}}
{"target": -17.677091841641456, "params": {"gamma": 427.3188937504469, "log10_alpha": -3.4158046124488433, "log10_colsample_bytree": -0.8317902776724543, "log10_eta": -2.6608799996469843, "log10_lambda": -1.8587759310433194, "log10_min_child_weight": 3.979710477116006, "log10_subsample": -0.38568535411752003, "max_depth": 9.0, "num_boost_round": 9.0}, "datetime": {"datetime": "2024-01-19 00:34:28", "elapsed": 1358.378453, "delta": 0.002279}}
{"target": -17.67705948519648, "params": {"gamma": 427.3188937504469, "log10_alpha": -3.4158046124488433, "log10_colsample_bytree": -0.8317902776724543, "log10_eta": -2.6608799996469843, "log10_lambda": -1.8587759310433194, "log10_min_child_weight": 3.979710477116006, "log10_subsample": -0.38568535411752003, "max_depth": 9.0, "num_boost_round": 10.0}, "datetime": {"datetime": "2024-01-19 00:34:28", "elapsed": 1358.380718, "delta": 0.002265}}
{"target": -17.677058457716427, "params": {"gamma": 427.3188937504469, "log10_alpha": -3.4158046124488433, "log10_colsample_bytree": -0.8317902776724543, "log10_eta": -2.6608799996469843, "log10_lambda": -1.8587759310433194, "log10_min_child_weight": 3.979710477116006, "log10_subsample": -0.38568535411752003, "max_depth": 9.0, "num_boost_round": 11.0}, "datetime": {"datetime": "2024-01-19 00:34:28", "elapsed": 1358.383119, "delta": 0.002401}}
{"target": -17.677022919012636, "params": {"gamma": 427.3188937504469, "log10_alpha": -3.4158046124488433, "log10_colsample_bytree": -0.8317902776724543, "log10_eta": -2.6608799996469843, "log10_lambda": -1.8587759310433194, "log10_min_child_weight": 3.979710477116006, "log10_subsample": -0.38568535411752003, "max_depth": 9.0, "num_boost_round": 12.0}, "datetime": {"datetime": "2024-01-19 00:34:28", "elapsed": 1358.38538, "delta": 0.002261}}
{"target": -17.677002499376158, "params": {"gamma": 427.3188937504469, "log10_alpha": -3.4158046124488433, "log10_colsample_bytree": -0.8317902776724543, "log10_eta": -2.6608799996469843, "log10_lambda": -1.8587759310433194, "log10_min_child_weight": 3.979710477116006, "log10_subsample": -0.38568535411752003, "max_depth": 9.0, "num_boost_round": 13.0}, "datetime": {"datetime": "2024-01-19 00:34:28", "elapsed": 1358.387638, "delta": 0.002258}}
{"target": -17.676983009478146, "params": {"gamma": 427.3188937504469, "log10_alpha": -3.4158046124488433, "log10_colsample_bytree": -0.8317902776724543, "log10_eta": -2.6608799996469843, "log10_lambda": -1.8587759310433194, "log10_min_child_weight": 3.979710477116006, "log10_subsample": -0.38568535411752003, "max_depth": 9.0, "num_boost_round": 14.0}, "datetime": {"datetime": "2024-01-19 00:34:28", "elapsed": 1358.389925, "delta": 0.002287}}
{"target": -17.676959535195575, "params": {"gamma": 427.3188937504469, "log10_alpha": -3.4158046124488433, "log10_colsample_bytree": -0.8317902776724543, "log10_eta": -2.6608799996469843, "log10_lambda": -1.8587759310433194, "log10_min_child_weight": 3.979710477116006, "log10_subsample": -0.38568535411752003, "max_depth": 9.0, "num_boost_round": 15.0}, "datetime": {"datetime": "2024-01-19 00:34:28", "elapsed": 1358.392278, "delta": 0.002353}}
{"target": -17.676934965856812, "params": {"gamma": 427.3188937504469, "log10_alpha": -3.4158046124488433, "log10_colsample_bytree": -0.8317902776724543, "log10_eta": -2.6608799996469843, "log10_lambda": -1.8587759310433194, "log10_min_child_weight": 3.979710477116006, "log10_subsample": -0.38568535411752003, "max_depth": 9.0, "num_boost_round": 16.0}, "datetime": {"datetime": "2024-01-19 00:34:28", "elapsed": 1358.394558, "delta": 0.00228}}
{"target": -17.676938281658526, "params": {"gamma": 427.3188937504469, "log10_alpha": -3.4158046124488433, "log10_colsample_bytree": -0.8317902776724543, "log10_eta": -2.6608799996469843, "log10_lambda": -1.8587759310433194, "log10_min_child_weight": 3.979710477116006, "log10_subsample": -0.38568535411752003, "max_depth": 9.0, "num_boost_round": 17.0}, "datetime": {"datetime": "2024-01-19 00:34:28", "elapsed": 1358.39687, "delta": 0.002312}}
{"target": -17.676900190616916, "params": {"gamma": 427.3188937504469, "log10_alpha": -3.4158046124488433, "log10_colsample_bytree": -0.8317902776724543, "log10_eta": -2.6608799996469843, "log10_lambda": -1.8587759310433194, "log10_min_child_weight": 3.979710477116006, "log10_subsample": -0.38568535411752003, "max_depth": 9.0, "num_boost_round": 18.0}, "datetime": {"datetime": "2024-01-19 00:34:28", "elapsed": 1358.399125, "delta": 0.002255}}
{"target": -17.67685523882447, "params": {"gamma": 427.3188937504469, "log10_alpha": -3.4158046124488433, "log10_colsample_bytree": -0.8317902776724543, "log10_eta": -2.6608799996469843, "log10_lambda": -1.8587759310433194, "log10_min_child_weight": 3.979710477116006, "log10_subsample": -0.38568535411752003, "max_depth": 9.0, "num_boost_round": 19.0}, "datetime": {"datetime": "2024-01-19 00:34:28", "elapsed": 1358.401418, "delta": 0.002293}}
{"target": -17.675601714253887, "params": {"gamma": 437.743970067718, "log10_alpha": 0.023584101458649087, "log10_colsample_bytree": -0.25078835835755486, "log10_eta": -1.4265351910844855, "log10_lambda": -4.5612723637934, "log10_min_child_weight": 3.0332704505967163, "log10_subsample": -0.1953916096925924, "max_depth": 5.0, "num_boost_round": 0.0}, "datetime": {"datetime": "2024-01-19 00:34:51", "elapsed": 1381.329364, "delta": 22.927946}}
{"target": -17.67350492116055, "params": {"gamma": 437.743970067718, "log10_alpha": 0.023584101458649087, "log10_colsample_bytree": -0.25078835835755486, "log10_eta": -1.4265351910844855, "log10_lambda": -4.5612723637934, "log10_min_child_weight": 3.0332704505967163, "log10_subsample": -0.1953916096925924, "max_depth": 5.0, "num_boost_round": 1.0}, "datetime": {"datetime": "2024-01-19 00:34:51", "elapsed": 1381.332287, "delta": 0.002923}}
{"target": -17.673484482607574, "params": {"gamma": 437.743970067718, "log10_alpha": 0.023584101458649087, "log10_colsample_bytree": -0.25078835835755486, "log10_eta": -1.4265351910844855, "log10_lambda": -4.5612723637934, "log10_min_child_weight": 3.0332704505967163, "log10_subsample": -0.1953916096925924, "max_depth": 5.0, "num_boost_round": 2.0}, "datetime": {"datetime": "2024-01-19 00:34:51", "elapsed": 1381.335726, "delta": 0.003439}}
{"target": -17.673524607723884, "params": {"gamma": 437.743970067718, "log10_alpha": 0.023584101458649087, "log10_colsample_bytree": -0.25078835835755486, "log10_eta": -1.4265351910844855, "log10_lambda": -4.5612723637934, "log10_min_child_weight": 3.0332704505967163, "log10_subsample": -0.1953916096925924, "max_depth": 5.0, "num_boost_round": 3.0}, "datetime": {"datetime": "2024-01-19 00:34:51", "elapsed": 1381.338175, "delta": 0.002449}}
{"target": -17.674939031301705, "params": {"gamma": 437.743970067718, "log10_alpha": 0.023584101458649087, "log10_colsample_bytree": -0.25078835835755486, "log10_eta": -1.4265351910844855, "log10_lambda": -4.5612723637934, "log10_min_child_weight": 3.0332704505967163, "log10_subsample": -0.1953916096925924, "max_depth": 5.0, "num_boost_round": 4.0}, "datetime": {"datetime": "2024-01-19 00:34:51", "elapsed": 1381.340437, "delta": 0.002262}}
