{"target": -17.677124959366246, "params": {"gamma": 859.9934015113602, "log10_alpha": -1.052216682139878, "log10_colsample_bytree": -0.4695623203442316, "log10_eta": -3.743024985413175, "log10_lambda": 0.20485101998687227, "log10_min_child_weight": 1.2588783673704362, "log10_subsample": -0.29038686185986184, "max_depth": 2.0, "num_boost_round": 23.0}, "datetime": {"datetime": "2024-01-19 01:33:28", "elapsed": 4888.870942, "delta": 0.005344}}
{"target": -17.677118745982135, "params": {"gamma": 859.9934015113602, "log10_alpha": -1.052216682139878, "log10_colsample_bytree": -0.4695623203442316, "log10_eta": -3.743024985413175, "log10_lambda": 0.20485101998687227, "log10_min_child_weight": 1.2588783673704362, "log10_subsample": -0.29038686185986184, "max_depth": 2.0, "num_boost_round": 24.0}, "datetime": {"datetime": "2024-01-19 01:33:28", "elapsed": 4888.87611, "delta": 0.005168}}
{"target": -17.67711608646093, "params": {"gamma": 859.9934015113602, "log10_alpha": -1.052216682139878, "log10_colsample_bytree": -0.4695623203442316, "log10_eta": -3.743024985413175, "log10_lambda": 0.20485101998687227, "log10_min_child_weight": 1.2588783673704362, "log10_subsample": -0.29038686185986184, "max_depth": 2.0, "num_boost_round": 25.0}, "datetime": {"datetime": "2024-01-19 01:33:28", "elapsed": 4888.881257, "delta": 0.005147}}
{"target": -17.677113433981145, "params": {"gamma": 859.9934015113602, "log10_alpha": -1.052216682139878, "log10_colsample_bytree": -0.4695623203442316, "log10_eta": -3.743024985413175, "log10_lambda": 0.20485101998687227, "log10_min_child_weight": 1.2588783673704362, "log10_subsample": -0.29038686185986184, "max_depth": 2.0, "num_boost_round": 26.0}, "datetime": {"datetime": "2024-01-19 01:33:28", "elapsed": 4888.886779, "delta": 0.005522}}
{"target": -17.67711320620482, "params": {"gamma": 859.9934015113602, "log10_alpha": -1.052216682139878, "log10_colsample_bytree": -0.4695623203442316, "log10_eta": -3.743024985413175, "log10_lambda": 0.20485101998687227, "log10_min_child_weight": 1.2588783673704362, "log10_subsample": -0.29038686185986184, "max_depth": 2.0, "num_boost_round": 27.0}, "datetime": {"datetime": "2024-01-19 01:33:28", "elapsed": 4888.892317, "delta": 0.005538}}
{"target": -17.6771076976979, "params": {"gamma": 859.9934015113602, "log10_alpha": -1.052216682139878, "log10_colsample_bytree": -0.4695623203442316, "log10_eta": -3.743024985413175, "log10_lambda": 0.20485101998687227, "log10_min_child_weight": 1.2588783673704362, "log10_subsample": -0.29038686185986184, "max_depth": 2.0, "num_boost_round": 28.0}, "datetime": {"datetime": "2024-01-19 01:33:28", "elapsed": 4888.897983, "delta": 0.005666}}
{"target": -17.67710337638184, "params": {"gamma": 859.9934015113602, "log10_alpha": -1.052216682139878, "log10_colsample_bytree": -0.4695623203442316, "log10_eta": -3.743024985413175, "log10_lambda": 0.20485101998687227, "log10_min_child_weight": 1.2588783673704362, "log10_subsample": -0.29038686185986184, "max_depth": 2.0, "num_boost_round": 29.0}, "datetime": {"datetime": "2024-01-19 01:33:28", "elapsed": 4888.903593, "delta": 0.00561}}
{"target": -17.677098802448345, "params": {"gamma": 859.9934015113602, "log10_alpha": -1.052216682139878, "log10_colsample_bytree": -0.4695623203442316, "log10_eta": -3.743024985413175, "log10_lambda": 0.20485101998687227, "log10_min_child_weight": 1.2588783673704362, "log10_subsample": -0.29038686185986184, "max_depth": 2.0, "num_boost_round": 30.0}, "datetime": {"datetime": "2024-01-19 01:33:28", "elapsed": 4888.90918, "delta": 0.005587}}
{"target": -17.67709393989852, "params": {"gamma": 859.9934015113602, "log10_alpha": -1.052216682139878, "log10_colsample_bytree": -0.4695623203442316, "log10_eta": -3.743024985413175, "log10_lambda": 0.20485101998687227, "log10_min_child_weight": 1.2588783673704362, "log10_subsample": -0.29038686185986184, "max_depth": 2.0, "num_boost_round": 31.0}, "datetime": {"datetime": "2024-01-19 01:33:28", "elapsed": 4888.914615, "delta": 0.005435}}
{"target": -17.677090790108224, "params": {"gamma": 859.9934015113602, "log10_alpha": -1.052216682139878, "log10_colsample_bytree": -0.4695623203442316, "log10_eta": -3.743024985413175, "log10_lambda": 0.20485101998687227, "log10_min_child_weight": 1.2588783673704362, "log10_subsample": -0.29038686185986184, "max_depth": 2.0, "num_boost_round": 32.0}, "datetime": {"datetime": "2024-01-19 01:33:28", "elapsed": 4888.920137, "delta": 0.005522}}
{"target": -17.67708564068137, "params": {"gamma": 859.9934015113602, "log10_alpha": -1.052216682139878, "log10_colsample_bytree": -0.4695623203442316, "log10_eta": -3.743024985413175, "log10_lambda": 0.20485101998687227, "log10_min_child_weight": 1.2588783673704362, "log10_subsample": -0.29038686185986184, "max_depth": 2.0, "num_boost_round": 33.0}, "datetime": {"datetime": "2024-01-19 01:33:28", "elapsed": 4888.925314, "delta": 0.005177}}
{"target": -17.67637124288911, "params": {"gamma": 852.4493922865681, "log10_alpha": -4.6626842035835825, "log10_colsample_bytree": -0.2784162033937987, "log10_eta": -1.4917828407534888, "log10_lambda": 0.9198182279588707, "log10_min_child_weight": 3.805778245036293, "log10_subsample": -0.031396267149954915, "max_depth": 5.0, "num_boost_round": 0.0}, "datetime": {"datetime": "2024-01-19 01:34:50", "elapsed": 4971.44282, "delta": 82.517506}}
{"target": -17.67505885173458, "params": {"gamma": 852.4493922865681, "log10_alpha": -4.6626842035835825, "log10_colsample_bytree": -0.2784162033937987, "log10_eta": -1.4917828407534888, "log10_lambda": 0.9198182279588707, "log10_min_child_weight": 3.805778245036293, "log10_subsample": -0.031396267149954915, "max_depth": 5.0, "num_boost_round": 1.0}, "datetime": {"datetime": "2024-01-19 01:34:50", "elapsed": 4971.449555, "delta": 0.006735}}
{"target": -17.6749200434926, "params": {"gamma": 852.4493922865681, "log10_alpha": -4.6626842035835825, "log10_colsample_bytree": -0.2784162033937987, "log10_eta": -1.4917828407534888, "log10_lambda": 0.9198182279588707, "log10_min_child_weight": 3.805778245036293, "log10_subsample": -0.031396267149954915, "max_depth": 5.0, "num_boost_round": 2.0}, "datetime": {"datetime": "2024-01-19 01:34:50", "elapsed": 4971.455356, "delta": 0.005801}}
{"target": -17.674457709926354, "params": {"gamma": 852.4493922865681, "log10_alpha": -4.6626842035835825, "log10_colsample_bytree": -0.2784162033937987, "log10_eta": -1.4917828407534888, "log10_lambda": 0.9198182279588707, "log10_min_child_weight": 3.805778245036293, "log10_subsample": -0.031396267149954915, "max_depth": 5.0, "num_boost_round": 3.0}, "datetime": {"datetime": "2024-01-19 01:34:50", "elapsed": 4971.460888, "delta": 0.005532}}
{"target": -17.67513271768691, "params": {"gamma": 852.4493922865681, "log10_alpha": -4.6626842035835825, "log10_colsample_bytree": -0.2784162033937987, "log10_eta": -1.4917828407534888, "log10_lambda": 0.9198182279588707, "log10_min_child_weight": 3.805778245036293, "log10_subsample": -0.031396267149954915, "max_depth": 5.0, "num_boost_round": 4.0}, "datetime": {"datetime": "2024-01-19 01:34:50", "elapsed": 4971.466187, "delta": 0.005299}}
{"target": -17.674980837702634, "params": {"gamma": 852.4493922865681, "log10_alpha": -4.6626842035835825, "log10_colsample_bytree": -0.2784162033937987, "log10_eta": -1.4917828407534888, "log10_lambda": 0.9198182279588707, "log10_min_child_weight": 3.805778245036293, "log10_subsample": -0.031396267149954915, "max_depth": 5.0, "num_boost_round": 5.0}, "datetime": {"datetime": "2024-01-19 01:34:50", "elapsed": 4971.471828, "delta": 0.005641}}
{"target": -17.675598517048094, "params": {"gamma": 852.4493922865681, "log10_alpha": -4.6626842035835825, "log10_colsample_bytree": -0.2784162033937987, "log10_eta": -1.4917828407534888, "log10_lambda": 0.9198182279588707, "log10_min_child_weight": 3.805778245036293, "log10_subsample": -0.031396267149954915, "max_depth": 5.0, "num_boost_round": 6.0}, "datetime": {"datetime": "2024-01-19 01:34:50", "elapsed": 4971.477355, "delta": 0.005527}}
{"target": -17.675490452231433, "params": {"gamma": 852.4493922865681, "log10_alpha": -4.6626842035835825, "log10_colsample_bytree": -0.2784162033937987, "log10_eta": -1.4917828407534888, "log10_lambda": 0.9198182279588707, "log10_min_child_weight": 3.805778245036293, "log10_subsample": -0.031396267149954915, "max_depth": 5.0, "num_boost_round": 7.0}, "datetime": {"datetime": "2024-01-19 01:34:50", "elapsed": 4971.482688, "delta": 0.005333}}
{"target": -17.676127960832453, "params": {"gamma": 852.4493922865681, "log10_alpha": -4.6626842035835825, "log10_colsample_bytree": -0.2784162033937987, "log10_eta": -1.4917828407534888, "log10_lambda": 0.9198182279588707, "log10_min_child_weight": 3.805778245036293, "log10_subsample": -0.031396267149954915, "max_depth": 5.0, "num_boost_round": 8.0}, "datetime": {"datetime": "2024-01-19 01:34:50", "elapsed": 4971.487843, "delta": 0.005155}}
{"target": -17.67674307760084, "params": {"gamma": 852.4493922865681, "log10_alpha": -4.6626842035835825, "log10_colsample_bytree": -0.2784162033937987, "log10_eta": -1.4917828407534888, "log10_lambda": 0.9198182279588707, "log10_min_child_weight": 3.805778245036293, "log10_subsample": -0.031396267149954915, "max_depth": 5.0, "num_boost_round": 9.0}, "datetime": {"datetime": "2024-01-19 01:34:50", "elapsed": 4971.493243, "delta": 0.0054}}
{"target": -17.67730133011149, "params": {"gamma": 852.4493922865681, "log10_alpha": -4.6626842035835825, "log10_colsample_bytree": -0.2784162033937987, "log10_eta": -1.4917828407534888, "log10_lambda": 0.9198182279588707, "log10_min_child_weight": 3.805778245036293, "log10_subsample": -0.031396267149954915, "max_depth": 5.0, "num_boost_round": 10.0}, "datetime": {"datetime": "2024-01-19 01:34:50", "elapsed": 4971.498804, "delta": 0.005561}}
{"target": -17.676918957503226, "params": {"gamma": 852.4493922865681, "log10_alpha": -4.6626842035835825, "log10_colsample_bytree": -0.2784162033937987, "log10_eta": -1.4917828407534888, "log10_lambda": 0.9198182279588707, "log10_min_child_weight": 3.805778245036293, "log10_subsample": -0.031396267149954915, "max_depth": 5.0, "num_boost_round": 11.0}, "datetime": {"datetime": "2024-01-19 01:34:50", "elapsed": 4971.504017, "delta": 0.005213}}
{"target": -17.678267251740674, "params": {"gamma": 852.4493922865681, "log10_alpha": -4.6626842035835825, "log10_colsample_bytree": -0.2784162033937987, "log10_eta": -1.4917828407534888, "log10_lambda": 0.9198182279588707, "log10_min_child_weight": 3.805778245036293, "log10_subsample": -0.031396267149954915, "max_depth": 5.0, "num_boost_round": 12.0}, "datetime": {"datetime": "2024-01-19 01:34:50", "elapsed": 4971.509328, "delta": 0.005311}}
{"target": -17.67878158299394, "params": {"gamma": 852.4493922865681, "log10_alpha": -4.6626842035835825, "log10_colsample_bytree": -0.2784162033937987, "log10_eta": -1.4917828407534888, "log10_lambda": 0.9198182279588707, "log10_min_child_weight": 3.805778245036293, "log10_subsample": -0.031396267149954915, "max_depth": 5.0, "num_boost_round": 13.0}, "datetime": {"datetime": "2024-01-19 01:34:50", "elapsed": 4971.514722, "delta": 0.005394}}
{"target": -17.67999015192771, "params": {"gamma": 852.4493922865681, "log10_alpha": -4.6626842035835825, "log10_colsample_bytree": -0.2784162033937987, "log10_eta": -1.4917828407534888, "log10_lambda": 0.9198182279588707, "log10_min_child_weight": 3.805778245036293, "log10_subsample": -0.031396267149954915, "max_depth": 5.0, "num_boost_round": 14.0}, "datetime": {"datetime": "2024-01-19 01:34:50", "elapsed": 4971.520318, "delta": 0.005596}}
{"target": -17.680278300082993, "params": {"gamma": 852.4493922865681, "log10_alpha": -4.6626842035835825, "log10_colsample_bytree": -0.2784162033937987, "log10_eta": -1.4917828407534888, "log10_lambda": 0.9198182279588707, "log10_min_child_weight": 3.805778245036293, "log10_subsample": -0.031396267149954915, "max_depth": 5.0, "num_boost_round": 15.0}, "datetime": {"datetime": "2024-01-19 01:34:50", "elapsed": 4971.525832, "delta": 0.005514}}
{"target": -17.680779930554475, "params": {"gamma": 852.4493922865681, "log10_alpha": -4.6626842035835825, "log10_colsample_bytree": -0.2784162033937987, "log10_eta": -1.4917828407534888, "log10_lambda": 0.9198182279588707, "log10_min_child_weight": 3.805778245036293, "log10_subsample": -0.031396267149954915, "max_depth": 5.0, "num_boost_round": 16.0}, "datetime": {"datetime": "2024-01-19 01:34:50", "elapsed": 4971.531808, "delta": 0.005976}}
{"target": -17.681141844240223, "params": {"gamma": 852.4493922865681, "log10_alpha": -4.6626842035835825, "log10_colsample_bytree": -0.2784162033937987, "log10_eta": -1.4917828407534888, "log10_lambda": 0.9198182279588707, "log10_min_child_weight": 3.805778245036293, "log10_subsample": -0.031396267149954915, "max_depth": 5.0, "num_boost_round": 17.0}, "datetime": {"datetime": "2024-01-19 01:34:50", "elapsed": 4971.537386, "delta": 0.005578}}
{"target": -17.68158761362499, "params": {"gamma": 852.4493922865681, "log10_alpha": -4.6626842035835825, "log10_colsample_bytree": -0.2784162033937987, "log10_eta": -1.4917828407534888, "log10_lambda": 0.9198182279588707, "log10_min_child_weight": 3.805778245036293, "log10_subsample": -0.031396267149954915, "max_depth": 5.0, "num_boost_round": 18.0}, "datetime": {"datetime": "2024-01-19 01:34:50", "elapsed": 4971.542928, "delta": 0.005542}}
{"target": -17.681560613561132, "params": {"gamma": 852.4493922865681, "log10_alpha": -4.6626842035835825, "log10_colsample_bytree": -0.2784162033937987, "log10_eta": -1.4917828407534888, "log10_lambda": 0.9198182279588707, "log10_min_child_weight": 3.805778245036293, "log10_subsample": -0.031396267149954915, "max_depth": 5.0, "num_boost_round": 19.0}, "datetime": {"datetime": "2024-01-19 01:34:50", "elapsed": 4971.548331, "delta": 0.005403}}
{"target": -17.681316706661487, "params": {"gamma": 852.4493922865681, "log10_alpha": -4.6626842035835825, "log10_colsample_bytree": -0.2784162033937987, "log10_eta": -1.4917828407534888, "log10_lambda": 0.9198182279588707, "log10_min_child_weight": 3.805778245036293, "log10_subsample": -0.031396267149954915, "max_depth": 5.0, "num_boost_round": 20.0}, "datetime": {"datetime": "2024-01-19 01:34:50", "elapsed": 4971.553691, "delta": 0.00536}}
{"target": -17.682685100684782, "params": {"gamma": 852.4493922865681, "log10_alpha": -4.6626842035835825, "log10_colsample_bytree": -0.2784162033937987, "log10_eta": -1.4917828407534888, "log10_lambda": 0.9198182279588707, "log10_min_child_weight": 3.805778245036293, "log10_subsample": -0.031396267149954915, "max_depth": 5.0, "num_boost_round": 21.0}, "datetime": {"datetime": "2024-01-19 01:34:50", "elapsed": 4971.559127, "delta": 0.005436}}
{"target": -17.68290845707559, "params": {"gamma": 852.4493922865681, "log10_alpha": -4.6626842035835825, "log10_colsample_bytree": -0.2784162033937987, "log10_eta": -1.4917828407534888, "log10_lambda": 0.9198182279588707, "log10_min_child_weight": 3.805778245036293, "log10_subsample": -0.031396267149954915, "max_depth": 5.0, "num_boost_round": 22.0}, "datetime": {"datetime": "2024-01-19 01:34:50", "elapsed": 4971.564504, "delta": 0.005377}}
{"target": -17.68239961657107, "params": {"gamma": 852.4493922865681, "log10_alpha": -4.6626842035835825, "log10_colsample_bytree": -0.2784162033937987, "log10_eta": -1.4917828407534888, "log10_lambda": 0.9198182279588707, "log10_min_child_weight": 3.805778245036293, "log10_subsample": -0.031396267149954915, "max_depth": 5.0, "num_boost_round": 23.0}, "datetime": {"datetime": "2024-01-19 01:34:50", "elapsed": 4971.569815, "delta": 0.005311}}
{"target": -17.683487902419404, "params": {"gamma": 852.4493922865681, "log10_alpha": -4.6626842035835825, "log10_colsample_bytree": -0.2784162033937987, "log10_eta": -1.4917828407534888, "log10_lambda": 0.9198182279588707, "log10_min_child_weight": 3.805778245036293, "log10_subsample": -0.031396267149954915, "max_depth": 5.0, "num_boost_round": 24.0}, "datetime": {"datetime": "2024-01-19 01:34:50", "elapsed": 4971.575444, "delta": 0.005629}}
{"target": -17.68445967142352, "params": {"gamma": 852.4493922865681, "log10_alpha": -4.6626842035835825, "log10_colsample_bytree": -0.2784162033937987, "log10_eta": -1.4917828407534888, "log10_lambda": 0.9198182279588707, "log10_min_child_weight": 3.805778245036293, "log10_subsample": -0.031396267149954915, "max_depth": 5.0, "num_boost_round": 25.0}, "datetime": {"datetime": "2024-01-19 01:34:50", "elapsed": 4971.581051, "delta": 0.005607}}
{"target": -17.686152100206463, "params": {"gamma": 852.4493922865681, "log10_alpha": -4.6626842035835825, "log10_colsample_bytree": -0.2784162033937987, "log10_eta": -1.4917828407534888, "log10_lambda": 0.9198182279588707, "log10_min_child_weight": 3.805778245036293, "log10_subsample": -0.031396267149954915, "max_depth": 5.0, "num_boost_round": 26.0}, "datetime": {"datetime": "2024-01-19 01:34:50", "elapsed": 4971.586599, "delta": 0.005548}}
{"target": -17.687085242438837, "params": {"gamma": 852.4493922865681, "log10_alpha": -4.6626842035835825, "log10_colsample_bytree": -0.2784162033937987, "log10_eta": -1.4917828407534888, "log10_lambda": 0.9198182279588707, "log10_min_child_weight": 3.805778245036293, "log10_subsample": -0.031396267149954915, "max_depth": 5.0, "num_boost_round": 27.0}, "datetime": {"datetime": "2024-01-19 01:34:50", "elapsed": 4971.591839, "delta": 0.00524}}
{"target": -17.68850122688575, "params": {"gamma": 852.4493922865681, "log10_alpha": -4.6626842035835825, "log10_colsample_bytree": -0.2784162033937987, "log10_eta": -1.4917828407534888, "log10_lambda": 0.9198182279588707, "log10_min_child_weight": 3.805778245036293, "log10_subsample": -0.031396267149954915, "max_depth": 5.0, "num_boost_round": 28.0}, "datetime": {"datetime": "2024-01-19 01:34:50", "elapsed": 4971.597373, "delta": 0.005534}}
{"target": -17.689300168827693, "params": {"gamma": 852.4493922865681, "log10_alpha": -4.6626842035835825, "log10_colsample_bytree": -0.2784162033937987, "log10_eta": -1.4917828407534888, "log10_lambda": 0.9198182279588707, "log10_min_child_weight": 3.805778245036293, "log10_subsample": -0.031396267149954915, "max_depth": 5.0, "num_boost_round": 29.0}, "datetime": {"datetime": "2024-01-19 01:34:50", "elapsed": 4971.602843, "delta": 0.00547}}
{"target": -17.690060229015288, "params": {"gamma": 852.4493922865681, "log10_alpha": -4.6626842035835825, "log10_colsample_bytree": -0.2784162033937987, "log10_eta": -1.4917828407534888, "log10_lambda": 0.9198182279588707, "log10_min_child_weight": 3.805778245036293, "log10_subsample": -0.031396267149954915, "max_depth": 5.0, "num_boost_round": 30.0}, "datetime": {"datetime": "2024-01-19 01:34:50", "elapsed": 4971.608355, "delta": 0.005512}}
{"target": -17.690845472114248, "params": {"gamma": 852.4493922865681, "log10_alpha": -4.6626842035835825, "log10_colsample_bytree": -0.2784162033937987, "log10_eta": -1.4917828407534888, "log10_lambda": 0.9198182279588707, "log10_min_child_weight": 3.805778245036293, "log10_subsample": -0.031396267149954915, "max_depth": 5.0, "num_boost_round": 31.0}, "datetime": {"datetime": "2024-01-19 01:34:50", "elapsed": 4971.613516, "delta": 0.005161}}
{"target": -17.691815316235477, "params": {"gamma": 852.4493922865681, "log10_alpha": -4.6626842035835825, "log10_colsample_bytree": -0.2784162033937987, "log10_eta": -1.4917828407534888, "log10_lambda": 0.9198182279588707, "log10_min_child_weight": 3.805778245036293, "log10_subsample": -0.031396267149954915, "max_depth": 5.0, "num_boost_round": 32.0}, "datetime": {"datetime": "2024-01-19 01:34:50", "elapsed": 4971.618926, "delta": 0.00541}}
{"target": -17.693501009745226, "params": {"gamma": 852.4493922865681, "log10_alpha": -4.6626842035835825, "log10_colsample_bytree": -0.2784162033937987, "log10_eta": -1.4917828407534888, "log10_lambda": 0.9198182279588707, "log10_min_child_weight": 3.805778245036293, "log10_subsample": -0.031396267149954915, "max_depth": 5.0, "num_boost_round": 33.0}, "datetime": {"datetime": "2024-01-19 01:34:50", "elapsed": 4971.624569, "delta": 0.005643}}
{"target": -17.694890782180448, "params": {"gamma": 852.4493922865681, "log10_alpha": -4.6626842035835825, "log10_colsample_bytree": -0.2784162033937987, "log10_eta": -1.4917828407534888, "log10_lambda": 0.9198182279588707, "log10_min_child_weight": 3.805778245036293, "log10_subsample": -0.031396267149954915, "max_depth": 5.0, "num_boost_round": 34.0}, "datetime": {"datetime": "2024-01-19 01:34:50", "elapsed": 4971.630164, "delta": 0.005595}}
{"target": -17.696090280288235, "params": {"gamma": 852.4493922865681, "log10_alpha": -4.6626842035835825, "log10_colsample_bytree": -0.2784162033937987, "log10_eta": -1.4917828407534888, "log10_lambda": 0.9198182279588707, "log10_min_child_weight": 3.805778245036293, "log10_subsample": -0.031396267149954915, "max_depth": 5.0, "num_boost_round": 35.0}, "datetime": {"datetime": "2024-01-19 01:34:50", "elapsed": 4971.635509, "delta": 0.005345}}
{"target": -17.696399757267113, "params": {"gamma": 852.4493922865681, "log10_alpha": -4.6626842035835825, "log10_colsample_bytree": -0.2784162033937987, "log10_eta": -1.4917828407534888, "log10_lambda": 0.9198182279588707, "log10_min_child_weight": 3.805778245036293, "log10_subsample": -0.031396267149954915, "max_depth": 5.0, "num_boost_round": 36.0}, "datetime": {"datetime": "2024-01-19 01:34:50", "elapsed": 4971.640788, "delta": 0.005279}}
{"target": -17.697787227603516, "params": {"gamma": 852.4493922865681, "log10_alpha": -4.6626842035835825, "log10_colsample_bytree": -0.2784162033937987, "log10_eta": -1.4917828407534888, "log10_lambda": 0.9198182279588707, "log10_min_child_weight": 3.805778245036293, "log10_subsample": -0.031396267149954915, "max_depth": 5.0, "num_boost_round": 37.0}, "datetime": {"datetime": "2024-01-19 01:34:50", "elapsed": 4971.646247, "delta": 0.005459}}
