{"target": -13.758492461233695, "params": {"gamma": 448.08925259285445, "log10_alpha": -2.202551715124244, "log10_colsample_bytree": -0.5397526363916493, "log10_eta": -4.0, "log10_lambda": 1.0, "log10_min_child_weight": 0.0, "log10_subsample": 0.0, "max_depth": 2.0, "num_boost_round": 52.0}, "datetime": {"datetime": "2024-01-19 00:31:18", "elapsed": 1182.425228, "delta": 0.002514}}
{"target": -13.758491071401858, "params": {"gamma": 448.08925259285445, "log10_alpha": -2.202551715124244, "log10_colsample_bytree": -0.5397526363916493, "log10_eta": -4.0, "log10_lambda": 1.0, "log10_min_child_weight": 0.0, "log10_subsample": 0.0, "max_depth": 2.0, "num_boost_round": 53.0}, "datetime": {"datetime": "2024-01-19 00:31:18", "elapsed": 1182.427738, "delta": 0.00251}}
{"target": -13.758488476299611, "params": {"gamma": 448.08925259285445, "log10_alpha": -2.202551715124244, "log10_colsample_bytree": -0.5397526363916493, "log10_eta": -4.0, "log10_lambda": 1.0, "log10_min_child_weight": 0.0, "log10_subsample": 0.0, "max_depth": 2.0, "num_boost_round": 54.0}, "datetime": {"datetime": "2024-01-19 00:31:18", "elapsed": 1182.430289, "delta": 0.002551}}
{"target": -13.758486881767512, "params": {"gamma": 448.08925259285445, "log10_alpha": -2.202551715124244, "log10_colsample_bytree": -0.5397526363916493, "log10_eta": -4.0, "log10_lambda": 1.0, "log10_min_child_weight": 0.0, "log10_subsample": 0.0, "max_depth": 2.0, "num_boost_round": 55.0}, "datetime": {"datetime": "2024-01-19 00:31:18", "elapsed": 1182.43266, "delta": 0.002371}}
{"target": -13.758485938177966, "params": {"gamma": 448.08925259285445, "log10_alpha": -2.202551715124244, "log10_colsample_bytree": -0.5397526363916493, "log10_eta": -4.0, "log10_lambda": 1.0, "log10_min_child_weight": 0.0, "log10_subsample": 0.0, "max_depth": 2.0, "num_boost_round": 56.0}, "datetime": {"datetime": "2024-01-19 00:31:18", "elapsed": 1182.435043, "delta": 0.002383}}
{"target": -13.758486415294051, "params": {"gamma": 448.08925259285445, "log10_alpha": -2.202551715124244, "log10_colsample_bytree": -0.5397526363916493, "log10_eta": -4.0, "log10_lambda": 1.0, "log10_min_child_weight": 0.0, "log10_subsample": 0.0, "max_depth": 2.0, "num_boost_round": 57.0}, "datetime": {"datetime": "2024-01-19 00:31:18", "elapsed": 1182.437436, "delta": 0.002393}}
{"target": -13.758486347195237, "params": {"gamma": 448.08925259285445, "log10_alpha": -2.202551715124244, "log10_colsample_bytree": -0.5397526363916493, "log10_eta": -4.0, "log10_lambda": 1.0, "log10_min_child_weight": 0.0, "log10_subsample": 0.0, "max_depth": 2.0, "num_boost_round": 58.0}, "datetime": {"datetime": "2024-01-19 00:31:18", "elapsed": 1182.439811, "delta": 0.002375}}
{"target": -13.758484583459227, "params": {"gamma": 448.08925259285445, "log10_alpha": -2.202551715124244, "log10_colsample_bytree": -0.5397526363916493, "log10_eta": -4.0, "log10_lambda": 1.0, "log10_min_child_weight": 0.0, "log10_subsample": 0.0, "max_depth": 2.0, "num_boost_round": 59.0}, "datetime": {"datetime": "2024-01-19 00:31:18", "elapsed": 1182.442243, "delta": 0.002432}}
{"target": -13.758483944589946, "params": {"gamma": 448.08925259285445, "log10_alpha": -2.202551715124244, "log10_colsample_bytree": -0.5397526363916493, "log10_eta": -4.0, "log10_lambda": 1.0, "log10_min_child_weight": 0.0, "log10_subsample": 0.0, "max_depth": 2.0, "num_boost_round": 60.0}, "datetime": {"datetime": "2024-01-19 00:31:18", "elapsed": 1182.444666, "delta": 0.002423}}
{"target": -13.75848348710147, "params": {"gamma": 448.08925259285445, "log10_alpha": -2.202551715124244, "log10_colsample_bytree": -0.5397526363916493, "log10_eta": -4.0, "log10_lambda": 1.0, "log10_min_child_weight": 0.0, "log10_subsample": 0.0, "max_depth": 2.0, "num_boost_round": 61.0}, "datetime": {"datetime": "2024-01-19 00:31:18", "elapsed": 1182.447092, "delta": 0.002426}}
{"target": -13.75848255599842, "params": {"gamma": 448.08925259285445, "log10_alpha": -2.202551715124244, "log10_colsample_bytree": -0.5397526363916493, "log10_eta": -4.0, "log10_lambda": 1.0, "log10_min_child_weight": 0.0, "log10_subsample": 0.0, "max_depth": 2.0, "num_boost_round": 62.0}, "datetime": {"datetime": "2024-01-19 00:31:18", "elapsed": 1182.449514, "delta": 0.002422}}
{"target": -13.758482368519427, "params": {"gamma": 448.08925259285445, "log10_alpha": -2.202551715124244, "log10_colsample_bytree": -0.5397526363916493, "log10_eta": -4.0, "log10_lambda": 1.0, "log10_min_child_weight": 0.0, "log10_subsample": 0.0, "max_depth": 2.0, "num_boost_round": 63.0}, "datetime": {"datetime": "2024-01-19 00:31:18", "elapsed": 1182.451907, "delta": 0.002393}}
{"target": -13.758479666049984, "params": {"gamma": 448.08925259285445, "log10_alpha": -2.202551715124244, "log10_colsample_bytree": -0.5397526363916493, "log10_eta": -4.0, "log10_lambda": 1.0, "log10_min_child_weight": 0.0, "log10_subsample": 0.0, "max_depth": 2.0, "num_boost_round": 64.0}, "datetime": {"datetime": "2024-01-19 00:31:18", "elapsed": 1182.454328, "delta": 0.002421}}
{"target": -13.758479548461938, "params": {"gamma": 448.08925259285445, "log10_alpha": -2.202551715124244, "log10_colsample_bytree": -0.5397526363916493, "log10_eta": -4.0, "log10_lambda": 1.0, "log10_min_child_weight": 0.0, "log10_subsample": 0.0, "max_depth": 2.0, "num_boost_round": 65.0}, "datetime": {"datetime": "2024-01-19 00:31:18", "elapsed": 1182.45673, "delta": 0.002402}}
{"target": -13.758478358900716, "params": {"gamma": 448.08925259285445, "log10_alpha": -2.202551715124244, "log10_colsample_bytree": -0.5397526363916493, "log10_eta": -4.0, "log10_lambda": 1.0, "log10_min_child_weight": 0.0, "log10_subsample": 0.0, "max_depth": 2.0, "num_boost_round": 66.0}, "datetime": {"datetime": "2024-01-19 00:31:18", "elapsed": 1182.459155, "delta": 0.002425}}
{"target": -13.75847784050964, "params": {"gamma": 448.08925259285445, "log10_alpha": -2.202551715124244, "log10_colsample_bytree": -0.5397526363916493, "log10_eta": -4.0, "log10_lambda": 1.0, "log10_min_child_weight": 0.0, "log10_subsample": 0.0, "max_depth": 2.0, "num_boost_round": 67.0}, "datetime": {"datetime": "2024-01-19 00:31:18", "elapsed": 1182.46158, "delta": 0.002425}}
{"target": -13.758477110231496, "params": {"gamma": 448.08925259285445, "log10_alpha": -2.202551715124244, "log10_colsample_bytree": -0.5397526363916493, "log10_eta": -4.0, "log10_lambda": 1.0, "log10_min_child_weight": 0.0, "log10_subsample": 0.0, "max_depth": 2.0, "num_boost_round": 68.0}, "datetime": {"datetime": "2024-01-19 00:31:18", "elapsed": 1182.464033, "delta": 0.002453}}
{"target": -13.75847554772856, "params": {"gamma": 448.08925259285445, "log10_alpha": -2.202551715124244, "log10_colsample_bytree": -0.5397526363916493, "log10_eta": -4.0, "log10_lambda": 1.0, "log10_min_child_weight": 0.0, "log10_subsample": 0.0, "max_depth": 2.0, "num_boost_round": 69.0}, "datetime": {"datetime": "2024-01-19 00:31:18", "elapsed": 1182.466468, "delta": 0.002435}}
{"target": -13.758475560613798, "params": {"gamma": 448.08925259285445, "log10_alpha": -2.202551715124244, "log10_colsample_bytree": -0.5397526363916493, "log10_eta": -4.0, "log10_lambda": 1.0, "log10_min_child_weight": 0.0, "log10_subsample": 0.0, "max_depth": 2.0, "num_boost_round": 70.0}, "datetime": {"datetime": "2024-01-19 00:31:18", "elapsed": 1182.468875, "delta": 0.002407}}
{"target": -13.75853675069569, "params": {"gamma": 451.57115513022507, "log10_alpha": 1.0, "log10_colsample_bytree": 0.0, "log10_eta": -4.0, "log10_lambda": 1.0, "log10_min_child_weight": 3.9740497397435526, "log10_subsample": -0.16984348960163553, "max_depth": 5.0, "num_boost_round": 0.0}, "datetime": {"datetime": "2024-01-19 00:31:57", "elapsed": 1221.109052, "delta": 38.640177}}
{"target": -13.758535100735267, "params": {"gamma": 451.57115513022507, "log10_alpha": 1.0, "log10_colsample_bytree": 0.0, "log10_eta": -4.0, "log10_lambda": 1.0, "log10_min_child_weight": 3.9740497397435526, "log10_subsample": -0.16984348960163553, "max_depth": 5.0, "num_boost_round": 1.0}, "datetime": {"datetime": "2024-01-19 00:31:57", "elapsed": 1221.111886, "delta": 0.002834}}
{"target": -13.758533501521745, "params": {"gamma": 451.57115513022507, "log10_alpha": 1.0, "log10_colsample_bytree": 0.0, "log10_eta": -4.0, "log10_lambda": 1.0, "log10_min_child_weight": 3.9740497397435526, "log10_subsample": -0.16984348960163553, "max_depth": 5.0, "num_boost_round": 2.0}, "datetime": {"datetime": "2024-01-19 00:31:57", "elapsed": 1221.114859, "delta": 0.002973}}
{"target": -13.758532013276833, "params": {"gamma": 451.57115513022507, "log10_alpha": 1.0, "log10_colsample_bytree": 0.0, "log10_eta": -4.0, "log10_lambda": 1.0, "log10_min_child_weight": 3.9740497397435526, "log10_subsample": -0.16984348960163553, "max_depth": 5.0, "num_boost_round": 3.0}, "datetime": {"datetime": "2024-01-19 00:31:57", "elapsed": 1221.117306, "delta": 0.002447}}
{"target": -13.758530462243119, "params": {"gamma": 451.57115513022507, "log10_alpha": 1.0, "log10_colsample_bytree": 0.0, "log10_eta": -4.0, "log10_lambda": 1.0, "log10_min_child_weight": 3.9740497397435526, "log10_subsample": -0.16984348960163553, "max_depth": 5.0, "num_boost_round": 4.0}, "datetime": {"datetime": "2024-01-19 00:31:57", "elapsed": 1221.119746, "delta": 0.00244}}
{"target": -13.758528872956132, "params": {"gamma": 451.57115513022507, "log10_alpha": 1.0, "log10_colsample_bytree": 0.0, "log10_eta": -4.0, "log10_lambda": 1.0, "log10_min_child_weight": 3.9740497397435526, "log10_subsample": -0.16984348960163553, "max_depth": 5.0, "num_boost_round": 5.0}, "datetime": {"datetime": "2024-01-19 00:31:57", "elapsed": 1221.122127, "delta": 0.002381}}
{"target": -13.758527727505047, "params": {"gamma": 451.57115513022507, "log10_alpha": 1.0, "log10_colsample_bytree": 0.0, "log10_eta": -4.0, "log10_lambda": 1.0, "log10_min_child_weight": 3.9740497397435526, "log10_subsample": -0.16984348960163553, "max_depth": 5.0, "num_boost_round": 6.0}, "datetime": {"datetime": "2024-01-19 00:31:57", "elapsed": 1221.124626, "delta": 0.002499}}
{"target": -13.758526857344702, "params": {"gamma": 451.57115513022507, "log10_alpha": 1.0, "log10_colsample_bytree": 0.0, "log10_eta": -4.0, "log10_lambda": 1.0, "log10_min_child_weight": 3.9740497397435526, "log10_subsample": -0.16984348960163553, "max_depth": 5.0, "num_boost_round": 7.0}, "datetime": {"datetime": "2024-01-19 00:31:57", "elapsed": 1221.127094, "delta": 0.002468}}
{"target": -13.758525706815794, "params": {"gamma": 451.57115513022507, "log10_alpha": 1.0, "log10_colsample_bytree": 0.0, "log10_eta": -4.0, "log10_lambda": 1.0, "log10_min_child_weight": 3.9740497397435526, "log10_subsample": -0.16984348960163553, "max_depth": 5.0, "num_boost_round": 8.0}, "datetime": {"datetime": "2024-01-19 00:31:57", "elapsed": 1221.129507, "delta": 0.002413}}
{"target": -13.758524470807934, "params": {"gamma": 451.57115513022507, "log10_alpha": 1.0, "log10_colsample_bytree": 0.0, "log10_eta": -4.0, "log10_lambda": 1.0, "log10_min_child_weight": 3.9740497397435526, "log10_subsample": -0.16984348960163553, "max_depth": 5.0, "num_boost_round": 9.0}, "datetime": {"datetime": "2024-01-19 00:31:57", "elapsed": 1221.131934, "delta": 0.002427}}
{"target": -13.758523269432372, "params": {"gamma": 451.57115513022507, "log10_alpha": 1.0, "log10_colsample_bytree": 0.0, "log10_eta": -4.0, "log10_lambda": 1.0, "log10_min_child_weight": 3.9740497397435526, "log10_subsample": -0.16984348960163553, "max_depth": 5.0, "num_boost_round": 10.0}, "datetime": {"datetime": "2024-01-19 00:31:57", "elapsed": 1221.134332, "delta": 0.002398}}
{"target": -13.75852220423489, "params": {"gamma": 451.57115513022507, "log10_alpha": 1.0, "log10_colsample_bytree": 0.0, "log10_eta": -4.0, "log10_lambda": 1.0, "log10_min_child_weight": 3.9740497397435526, "log10_subsample": -0.16984348960163553, "max_depth": 5.0, "num_boost_round": 11.0}, "datetime": {"datetime": "2024-01-19 00:31:57", "elapsed": 1221.136975, "delta": 0.002643}}
{"target": -13.758521400620799, "params": {"gamma": 451.57115513022507, "log10_alpha": 1.0, "log10_colsample_bytree": 0.0, "log10_eta": -4.0, "log10_lambda": 1.0, "log10_min_child_weight": 3.9740497397435526, "log10_subsample": -0.16984348960163553, "max_depth": 5.0, "num_boost_round": 12.0}, "datetime": {"datetime": "2024-01-19 00:31:57", "elapsed": 1221.139391, "delta": 0.002416}}
{"target": -13.758520229375664, "params": {"gamma": 451.57115513022507, "log10_alpha": 1.0, "log10_colsample_bytree": 0.0, "log10_eta": -4.0, "log10_lambda": 1.0, "log10_min_child_weight": 3.9740497397435526, "log10_subsample": -0.16984348960163553, "max_depth": 5.0, "num_boost_round": 13.0}, "datetime": {"datetime": "2024-01-19 00:31:57", "elapsed": 1221.141883, "delta": 0.002492}}
{"target": -13.758518917923352, "params": {"gamma": 451.57115513022507, "log10_alpha": 1.0, "log10_colsample_bytree": 0.0, "log10_eta": -4.0, "log10_lambda": 1.0, "log10_min_child_weight": 3.9740497397435526, "log10_subsample": -0.16984348960163553, "max_depth": 5.0, "num_boost_round": 14.0}, "datetime": {"datetime": "2024-01-19 00:31:57", "elapsed": 1221.144347, "delta": 0.002464}}
{"target": -13.758518136830753, "params": {"gamma": 451.57115513022507, "log10_alpha": 1.0, "log10_colsample_bytree": 0.0, "log10_eta": -4.0, "log10_lambda": 1.0, "log10_min_child_weight": 3.9740497397435526, "log10_subsample": -0.16984348960163553, "max_depth": 5.0, "num_boost_round": 15.0}, "datetime": {"datetime": "2024-01-19 00:31:57", "elapsed": 1221.146815, "delta": 0.002468}}
{"target": -13.758516927884989, "params": {"gamma": 451.57115513022507, "log10_alpha": 1.0, "log10_colsample_bytree": 0.0, "log10_eta": -4.0, "log10_lambda": 1.0, "log10_min_child_weight": 3.9740497397435526, "log10_subsample": -0.16984348960163553, "max_depth": 5.0, "num_boost_round": 16.0}, "datetime": {"datetime": "2024-01-19 00:31:57", "elapsed": 1221.149226, "delta": 0.002411}}
{"target": -13.758514939089247, "params": {"gamma": 451.57115513022507, "log10_alpha": 1.0, "log10_colsample_bytree": 0.0, "log10_eta": -4.0, "log10_lambda": 1.0, "log10_min_child_weight": 3.9740497397435526, "log10_subsample": -0.16984348960163553, "max_depth": 5.0, "num_boost_round": 17.0}, "datetime": {"datetime": "2024-01-19 00:31:57", "elapsed": 1221.151666, "delta": 0.00244}}
{"target": -13.758513099995223, "params": {"gamma": 451.57115513022507, "log10_alpha": 1.0, "log10_colsample_bytree": 0.0, "log10_eta": -4.0, "log10_lambda": 1.0, "log10_min_child_weight": 3.9740497397435526, "log10_subsample": -0.16984348960163553, "max_depth": 5.0, "num_boost_round": 18.0}, "datetime": {"datetime": "2024-01-19 00:31:57", "elapsed": 1221.154082, "delta": 0.002416}}
{"target": -13.758512239868521, "params": {"gamma": 451.57115513022507, "log10_alpha": 1.0, "log10_colsample_bytree": 0.0, "log10_eta": -4.0, "log10_lambda": 1.0, "log10_min_child_weight": 3.9740497397435526, "log10_subsample": -0.16984348960163553, "max_depth": 5.0, "num_boost_round": 19.0}, "datetime": {"datetime": "2024-01-19 00:31:57", "elapsed": 1221.156566, "delta": 0.002484}}
{"target": -13.75851106285117, "params": {"gamma": 451.57115513022507, "log10_alpha": 1.0, "log10_colsample_bytree": 0.0, "log10_eta": -4.0, "log10_lambda": 1.0, "log10_min_child_weight": 3.9740497397435526, "log10_subsample": -0.16984348960163553, "max_depth": 5.0, "num_boost_round": 20.0}, "datetime": {"datetime": "2024-01-19 00:31:57", "elapsed": 1221.158982, "delta": 0.002416}}
{"target": -13.758510129568542, "params": {"gamma": 451.57115513022507, "log10_alpha": 1.0, "log10_colsample_bytree": 0.0, "log10_eta": -4.0, "log10_lambda": 1.0, "log10_min_child_weight": 3.9740497397435526, "log10_subsample": -0.16984348960163553, "max_depth": 5.0, "num_boost_round": 21.0}, "datetime": {"datetime": "2024-01-19 00:31:57", "elapsed": 1221.161399, "delta": 0.002417}}
{"target": -13.758508934382057, "params": {"gamma": 451.57115513022507, "log10_alpha": 1.0, "log10_colsample_bytree": 0.0, "log10_eta": -4.0, "log10_lambda": 1.0, "log10_min_child_weight": 3.9740497397435526, "log10_subsample": -0.16984348960163553, "max_depth": 5.0, "num_boost_round": 22.0}, "datetime": {"datetime": "2024-01-19 00:31:57", "elapsed": 1221.163861, "delta": 0.002462}}
{"target": -13.758507811345817, "params": {"gamma": 451.57115513022507, "log10_alpha": 1.0, "log10_colsample_bytree": 0.0, "log10_eta": -4.0, "log10_lambda": 1.0, "log10_min_child_weight": 3.9740497397435526, "log10_subsample": -0.16984348960163553, "max_depth": 5.0, "num_boost_round": 23.0}, "datetime": {"datetime": "2024-01-19 00:31:57", "elapsed": 1221.166293, "delta": 0.002432}}
{"target": -13.75850628786866, "params": {"gamma": 451.57115513022507, "log10_alpha": 1.0, "log10_colsample_bytree": 0.0, "log10_eta": -4.0, "log10_lambda": 1.0, "log10_min_child_weight": 3.9740497397435526, "log10_subsample": -0.16984348960163553, "max_depth": 5.0, "num_boost_round": 24.0}, "datetime": {"datetime": "2024-01-19 00:31:57", "elapsed": 1221.16871, "delta": 0.002417}}
{"target": -13.758505058151044, "params": {"gamma": 451.57115513022507, "log10_alpha": 1.0, "log10_colsample_bytree": 0.0, "log10_eta": -4.0, "log10_lambda": 1.0, "log10_min_child_weight": 3.9740497397435526, "log10_subsample": -0.16984348960163553, "max_depth": 5.0, "num_boost_round": 25.0}, "datetime": {"datetime": "2024-01-19 00:31:57", "elapsed": 1221.171135, "delta": 0.002425}}
{"target": -13.758504065864548, "params": {"gamma": 451.57115513022507, "log10_alpha": 1.0, "log10_colsample_bytree": 0.0, "log10_eta": -4.0, "log10_lambda": 1.0, "log10_min_child_weight": 3.9740497397435526, "log10_subsample": -0.16984348960163553, "max_depth": 5.0, "num_boost_round": 26.0}, "datetime": {"datetime": "2024-01-19 00:31:57", "elapsed": 1221.173554, "delta": 0.002419}}
{"target": -13.758502316465172, "params": {"gamma": 451.57115513022507, "log10_alpha": 1.0, "log10_colsample_bytree": 0.0, "log10_eta": -4.0, "log10_lambda": 1.0, "log10_min_child_weight": 3.9740497397435526, "log10_subsample": -0.16984348960163553, "max_depth": 5.0, "num_boost_round": 27.0}, "datetime": {"datetime": "2024-01-19 00:31:57", "elapsed": 1221.176152, "delta": 0.002598}}
{"target": -13.758501236023733, "params": {"gamma": 451.57115513022507, "log10_alpha": 1.0, "log10_colsample_bytree": 0.0, "log10_eta": -4.0, "log10_lambda": 1.0, "log10_min_child_weight": 3.9740497397435526, "log10_subsample": -0.16984348960163553, "max_depth": 5.0, "num_boost_round": 28.0}, "datetime": {"datetime": "2024-01-19 00:31:57", "elapsed": 1221.178726, "delta": 0.002574}}
{"target": -13.758499629655018, "params": {"gamma": 451.57115513022507, "log10_alpha": 1.0, "log10_colsample_bytree": 0.0, "log10_eta": -4.0, "log10_lambda": 1.0, "log10_min_child_weight": 3.9740497397435526, "log10_subsample": -0.16984348960163553, "max_depth": 5.0, "num_boost_round": 29.0}, "datetime": {"datetime": "2024-01-19 00:31:57", "elapsed": 1221.181207, "delta": 0.002481}}
{"target": -13.758498082532844, "params": {"gamma": 451.57115513022507, "log10_alpha": 1.0, "log10_colsample_bytree": 0.0, "log10_eta": -4.0, "log10_lambda": 1.0, "log10_min_child_weight": 3.9740497397435526, "log10_subsample": -0.16984348960163553, "max_depth": 5.0, "num_boost_round": 30.0}, "datetime": {"datetime": "2024-01-19 00:31:57", "elapsed": 1221.183676, "delta": 0.002469}}
{"target": -13.758496508420336, "params": {"gamma": 451.57115513022507, "log10_alpha": 1.0, "log10_colsample_bytree": 0.0, "log10_eta": -4.0, "log10_lambda": 1.0, "log10_min_child_weight": 3.9740497397435526, "log10_subsample": -0.16984348960163553, "max_depth": 5.0, "num_boost_round": 31.0}, "datetime": {"datetime": "2024-01-19 00:31:57", "elapsed": 1221.186144, "delta": 0.002468}}
{"target": -13.75849493830833, "params": {"gamma": 451.57115513022507, "log10_alpha": 1.0, "log10_colsample_bytree": 0.0, "log10_eta": -4.0, "log10_lambda": 1.0, "log10_min_child_weight": 3.9740497397435526, "log10_subsample": -0.16984348960163553, "max_depth": 5.0, "num_boost_round": 32.0}, "datetime": {"datetime": "2024-01-19 00:31:57", "elapsed": 1221.188582, "delta": 0.002438}}
{"target": -13.758493206919397, "params": {"gamma": 451.57115513022507, "log10_alpha": 1.0, "log10_colsample_bytree": 0.0, "log10_eta": -4.0, "log10_lambda": 1.0, "log10_min_child_weight": 3.9740497397435526, "log10_subsample": -0.16984348960163553, "max_depth": 5.0, "num_boost_round": 33.0}, "datetime": {"datetime": "2024-01-19 00:31:57", "elapsed": 1221.191041, "delta": 0.002459}}
{"target": -13.75849157324662, "params": {"gamma": 451.57115513022507, "log10_alpha": 1.0, "log10_colsample_bytree": 0.0, "log10_eta": -4.0, "log10_lambda": 1.0, "log10_min_child_weight": 3.9740497397435526, "log10_subsample": -0.16984348960163553, "max_depth": 5.0, "num_boost_round": 34.0}, "datetime": {"datetime": "2024-01-19 00:31:57", "elapsed": 1221.193483, "delta": 0.002442}}
{"target": -13.758490530320294, "params": {"gamma": 451.57115513022507, "log10_alpha": 1.0, "log10_colsample_bytree": 0.0, "log10_eta": -4.0, "log10_lambda": 1.0, "log10_min_child_weight": 3.9740497397435526, "log10_subsample": -0.16984348960163553, "max_depth": 5.0, "num_boost_round": 35.0}, "datetime": {"datetime": "2024-01-19 00:31:57", "elapsed": 1221.195991, "delta": 0.002508}}
{"target": -13.75848961089817, "params": {"gamma": 451.57115513022507, "log10_alpha": 1.0, "log10_colsample_bytree": 0.0, "log10_eta": -4.0, "log10_lambda": 1.0, "log10_min_child_weight": 3.9740497397435526, "log10_subsample": -0.16984348960163553, "max_depth": 5.0, "num_boost_round": 36.0}, "datetime": {"datetime": "2024-01-19 00:31:57", "elapsed": 1221.198432, "delta": 0.002441}}
{"target": -13.758536473891093, "params": {"gamma": 455.9467964271074, "log10_alpha": -0.2560313628743777, "log10_colsample_bytree": -0.7423782756717651, "log10_eta": -4.0, "log10_lambda": 1.0, "log10_min_child_weight": 0.0, "log10_subsample": -0.7231298388206053, "max_depth": 2.0, "num_boost_round": 0.0}, "datetime": {"datetime": "2024-01-19 00:32:33", "elapsed": 1257.76985, "delta": 36.571418}}
