{"target": -13.758537383029719, "params": {"gamma": 547.705750250384, "log10_alpha": -3.7363854797163683, "log10_colsample_bytree": -0.08734420206478977, "log10_eta": -3.8759181337048405, "log10_lambda": -2.5058421135820224, "log10_min_child_weight": 0.9004577383520879, "log10_subsample": -0.3588748192463863, "max_depth": 9.0, "num_boost_round": 2.0}, "datetime": {"datetime": "2024-01-19 00:21:21", "elapsed": 534.431868, "delta": 0.001432}}
{"target": -13.758538613300123, "params": {"gamma": 547.705750250384, "log10_alpha": -3.7363854797163683, "log10_colsample_bytree": -0.08734420206478977, "log10_eta": -3.8759181337048405, "log10_lambda": -2.5058421135820224, "log10_min_child_weight": 0.9004577383520879, "log10_subsample": -0.3588748192463863, "max_depth": 9.0, "num_boost_round": 3.0}, "datetime": {"datetime": "2024-01-19 00:21:21", "elapsed": 534.433265, "delta": 0.001397}}
{"target": -13.758537130841377, "params": {"gamma": 547.705750250384, "log10_alpha": -3.7363854797163683, "log10_colsample_bytree": -0.08734420206478977, "log10_eta": -3.8759181337048405, "log10_lambda": -2.5058421135820224, "log10_min_child_weight": 0.9004577383520879, "log10_subsample": -0.3588748192463863, "max_depth": 9.0, "num_boost_round": 4.0}, "datetime": {"datetime": "2024-01-19 00:21:21", "elapsed": 534.434679, "delta": 0.001414}}
{"target": -13.758529113768212, "params": {"gamma": 547.705750250384, "log10_alpha": -3.7363854797163683, "log10_colsample_bytree": -0.08734420206478977, "log10_eta": -3.8759181337048405, "log10_lambda": -2.5058421135820224, "log10_min_child_weight": 0.9004577383520879, "log10_subsample": -0.3588748192463863, "max_depth": 9.0, "num_boost_round": 5.0}, "datetime": {"datetime": "2024-01-19 00:21:21", "elapsed": 534.43578, "delta": 0.001101}}
{"target": -13.758532892490333, "params": {"gamma": 547.705750250384, "log10_alpha": -3.7363854797163683, "log10_colsample_bytree": -0.08734420206478977, "log10_eta": -3.8759181337048405, "log10_lambda": -2.5058421135820224, "log10_min_child_weight": 0.9004577383520879, "log10_subsample": -0.3588748192463863, "max_depth": 9.0, "num_boost_round": 6.0}, "datetime": {"datetime": "2024-01-19 00:21:21", "elapsed": 534.436859, "delta": 0.001079}}
{"target": -13.758535161039275, "params": {"gamma": 547.705750250384, "log10_alpha": -3.7363854797163683, "log10_colsample_bytree": -0.08734420206478977, "log10_eta": -3.8759181337048405, "log10_lambda": -2.5058421135820224, "log10_min_child_weight": 0.9004577383520879, "log10_subsample": -0.3588748192463863, "max_depth": 9.0, "num_boost_round": 7.0}, "datetime": {"datetime": "2024-01-19 00:21:21", "elapsed": 534.43793, "delta": 0.001071}}
{"target": -13.758536063211395, "params": {"gamma": 547.705750250384, "log10_alpha": -3.7363854797163683, "log10_colsample_bytree": -0.08734420206478977, "log10_eta": -3.8759181337048405, "log10_lambda": -2.5058421135820224, "log10_min_child_weight": 0.9004577383520879, "log10_subsample": -0.3588748192463863, "max_depth": 9.0, "num_boost_round": 8.0}, "datetime": {"datetime": "2024-01-19 00:21:21", "elapsed": 534.439052, "delta": 0.001122}}
{"target": -13.758539285628228, "params": {"gamma": 547.705750250384, "log10_alpha": -3.7363854797163683, "log10_colsample_bytree": -0.08734420206478977, "log10_eta": -3.8759181337048405, "log10_lambda": -2.5058421135820224, "log10_min_child_weight": 0.9004577383520879, "log10_subsample": -0.3588748192463863, "max_depth": 9.0, "num_boost_round": 9.0}, "datetime": {"datetime": "2024-01-19 00:21:21", "elapsed": 534.440129, "delta": 0.001077}}
{"target": -13.758536366019856, "params": {"gamma": 547.705750250384, "log10_alpha": -3.7363854797163683, "log10_colsample_bytree": -0.08734420206478977, "log10_eta": -3.8759181337048405, "log10_lambda": -2.5058421135820224, "log10_min_child_weight": 0.9004577383520879, "log10_subsample": -0.3588748192463863, "max_depth": 9.0, "num_boost_round": 10.0}, "datetime": {"datetime": "2024-01-19 00:21:21", "elapsed": 534.441203, "delta": 0.001074}}
{"target": -13.758537678583554, "params": {"gamma": 547.705750250384, "log10_alpha": -3.7363854797163683, "log10_colsample_bytree": -0.08734420206478977, "log10_eta": -3.8759181337048405, "log10_lambda": -2.5058421135820224, "log10_min_child_weight": 0.9004577383520879, "log10_subsample": -0.3588748192463863, "max_depth": 9.0, "num_boost_round": 11.0}, "datetime": {"datetime": "2024-01-19 00:21:21", "elapsed": 534.442279, "delta": 0.001076}}
{"target": -13.758538914340493, "params": {"gamma": 547.705750250384, "log10_alpha": -3.7363854797163683, "log10_colsample_bytree": -0.08734420206478977, "log10_eta": -3.8759181337048405, "log10_lambda": -2.5058421135820224, "log10_min_child_weight": 0.9004577383520879, "log10_subsample": -0.3588748192463863, "max_depth": 9.0, "num_boost_round": 12.0}, "datetime": {"datetime": "2024-01-19 00:21:21", "elapsed": 534.443377, "delta": 0.001098}}
{"target": -13.758538545503399, "params": {"gamma": 547.705750250384, "log10_alpha": -3.7363854797163683, "log10_colsample_bytree": -0.08734420206478977, "log10_eta": -3.8759181337048405, "log10_lambda": -2.5058421135820224, "log10_min_child_weight": 0.9004577383520879, "log10_subsample": -0.3588748192463863, "max_depth": 9.0, "num_boost_round": 13.0}, "datetime": {"datetime": "2024-01-19 00:21:21", "elapsed": 534.444468, "delta": 0.001091}}
{"target": -13.759085682611186, "params": {"gamma": 544.508662716709, "log10_alpha": -4.567812083814845, "log10_colsample_bytree": -0.23043197726436693, "log10_eta": -0.6756307944440723, "log10_lambda": 0.3931072747728095, "log10_min_child_weight": 4.190332984691716, "log10_subsample": -0.9063203931195245, "max_depth": 9.0, "num_boost_round": 0.0}, "datetime": {"datetime": "2024-01-19 00:21:47", "elapsed": 559.863881, "delta": 25.419413}}
{"target": -13.759138017506588, "params": {"gamma": 544.508662716709, "log10_alpha": -4.567812083814845, "log10_colsample_bytree": -0.23043197726436693, "log10_eta": -0.6756307944440723, "log10_lambda": 0.3931072747728095, "log10_min_child_weight": 4.190332984691716, "log10_subsample": -0.9063203931195245, "max_depth": 9.0, "num_boost_round": 1.0}, "datetime": {"datetime": "2024-01-19 00:21:47", "elapsed": 559.865595, "delta": 0.001714}}
{"target": -13.759605510654826, "params": {"gamma": 544.508662716709, "log10_alpha": -4.567812083814845, "log10_colsample_bytree": -0.23043197726436693, "log10_eta": -0.6756307944440723, "log10_lambda": 0.3931072747728095, "log10_min_child_weight": 4.190332984691716, "log10_subsample": -0.9063203931195245, "max_depth": 9.0, "num_boost_round": 2.0}, "datetime": {"datetime": "2024-01-19 00:21:47", "elapsed": 559.86682, "delta": 0.001225}}
{"target": -13.760026503600862, "params": {"gamma": 544.508662716709, "log10_alpha": -4.567812083814845, "log10_colsample_bytree": -0.23043197726436693, "log10_eta": -0.6756307944440723, "log10_lambda": 0.3931072747728095, "log10_min_child_weight": 4.190332984691716, "log10_subsample": -0.9063203931195245, "max_depth": 9.0, "num_boost_round": 3.0}, "datetime": {"datetime": "2024-01-19 00:21:47", "elapsed": 559.868035, "delta": 0.001215}}
{"target": -13.762594795828745, "params": {"gamma": 544.508662716709, "log10_alpha": -4.567812083814845, "log10_colsample_bytree": -0.23043197726436693, "log10_eta": -0.6756307944440723, "log10_lambda": 0.3931072747728095, "log10_min_child_weight": 4.190332984691716, "log10_subsample": -0.9063203931195245, "max_depth": 9.0, "num_boost_round": 4.0}, "datetime": {"datetime": "2024-01-19 00:21:47", "elapsed": 559.869128, "delta": 0.001093}}
{"target": -13.764063850778381, "params": {"gamma": 544.508662716709, "log10_alpha": -4.567812083814845, "log10_colsample_bytree": -0.23043197726436693, "log10_eta": -0.6756307944440723, "log10_lambda": 0.3931072747728095, "log10_min_child_weight": 4.190332984691716, "log10_subsample": -0.9063203931195245, "max_depth": 9.0, "num_boost_round": 5.0}, "datetime": {"datetime": "2024-01-19 00:21:47", "elapsed": 559.870219, "delta": 0.001091}}
{"target": -13.765661185689341, "params": {"gamma": 544.508662716709, "log10_alpha": -4.567812083814845, "log10_colsample_bytree": -0.23043197726436693, "log10_eta": -0.6756307944440723, "log10_lambda": 0.3931072747728095, "log10_min_child_weight": 4.190332984691716, "log10_subsample": -0.9063203931195245, "max_depth": 9.0, "num_boost_round": 6.0}, "datetime": {"datetime": "2024-01-19 00:21:47", "elapsed": 559.87131, "delta": 0.001091}}
{"target": -13.768772957572898, "params": {"gamma": 544.508662716709, "log10_alpha": -4.567812083814845, "log10_colsample_bytree": -0.23043197726436693, "log10_eta": -0.6756307944440723, "log10_lambda": 0.3931072747728095, "log10_min_child_weight": 4.190332984691716, "log10_subsample": -0.9063203931195245, "max_depth": 9.0, "num_boost_round": 7.0}, "datetime": {"datetime": "2024-01-19 00:21:47", "elapsed": 559.872563, "delta": 0.001253}}
{"target": -13.769518870256118, "params": {"gamma": 544.508662716709, "log10_alpha": -4.567812083814845, "log10_colsample_bytree": -0.23043197726436693, "log10_eta": -0.6756307944440723, "log10_lambda": 0.3931072747728095, "log10_min_child_weight": 4.190332984691716, "log10_subsample": -0.9063203931195245, "max_depth": 9.0, "num_boost_round": 8.0}, "datetime": {"datetime": "2024-01-19 00:21:47", "elapsed": 559.873733, "delta": 0.00117}}
{"target": -13.770142196181853, "params": {"gamma": 544.508662716709, "log10_alpha": -4.567812083814845, "log10_colsample_bytree": -0.23043197726436693, "log10_eta": -0.6756307944440723, "log10_lambda": 0.3931072747728095, "log10_min_child_weight": 4.190332984691716, "log10_subsample": -0.9063203931195245, "max_depth": 9.0, "num_boost_round": 9.0}, "datetime": {"datetime": "2024-01-19 00:21:47", "elapsed": 559.874838, "delta": 0.001105}}
{"target": -13.77067229269005, "params": {"gamma": 544.508662716709, "log10_alpha": -4.567812083814845, "log10_colsample_bytree": -0.23043197726436693, "log10_eta": -0.6756307944440723, "log10_lambda": 0.3931072747728095, "log10_min_child_weight": 4.190332984691716, "log10_subsample": -0.9063203931195245, "max_depth": 9.0, "num_boost_round": 10.0}, "datetime": {"datetime": "2024-01-19 00:21:47", "elapsed": 559.875928, "delta": 0.00109}}
{"target": -13.77152506634157, "params": {"gamma": 544.508662716709, "log10_alpha": -4.567812083814845, "log10_colsample_bytree": -0.23043197726436693, "log10_eta": -0.6756307944440723, "log10_lambda": 0.3931072747728095, "log10_min_child_weight": 4.190332984691716, "log10_subsample": -0.9063203931195245, "max_depth": 9.0, "num_boost_round": 11.0}, "datetime": {"datetime": "2024-01-19 00:21:47", "elapsed": 559.877178, "delta": 0.00125}}
{"target": -13.77401706158951, "params": {"gamma": 544.508662716709, "log10_alpha": -4.567812083814845, "log10_colsample_bytree": -0.23043197726436693, "log10_eta": -0.6756307944440723, "log10_lambda": 0.3931072747728095, "log10_min_child_weight": 4.190332984691716, "log10_subsample": -0.9063203931195245, "max_depth": 9.0, "num_boost_round": 12.0}, "datetime": {"datetime": "2024-01-19 00:21:47", "elapsed": 559.878297, "delta": 0.001119}}
{"target": -13.776339455433453, "params": {"gamma": 544.508662716709, "log10_alpha": -4.567812083814845, "log10_colsample_bytree": -0.23043197726436693, "log10_eta": -0.6756307944440723, "log10_lambda": 0.3931072747728095, "log10_min_child_weight": 4.190332984691716, "log10_subsample": -0.9063203931195245, "max_depth": 9.0, "num_boost_round": 13.0}, "datetime": {"datetime": "2024-01-19 00:21:47", "elapsed": 559.879398, "delta": 0.001101}}
{"target": -13.776649379206612, "params": {"gamma": 544.508662716709, "log10_alpha": -4.567812083814845, "log10_colsample_bytree": -0.23043197726436693, "log10_eta": -0.6756307944440723, "log10_lambda": 0.3931072747728095, "log10_min_child_weight": 4.190332984691716, "log10_subsample": -0.9063203931195245, "max_depth": 9.0, "num_boost_round": 14.0}, "datetime": {"datetime": "2024-01-19 00:21:47", "elapsed": 559.880501, "delta": 0.001103}}
{"target": -13.778702221990008, "params": {"gamma": 544.508662716709, "log10_alpha": -4.567812083814845, "log10_colsample_bytree": -0.23043197726436693, "log10_eta": -0.6756307944440723, "log10_lambda": 0.3931072747728095, "log10_min_child_weight": 4.190332984691716, "log10_subsample": -0.9063203931195245, "max_depth": 9.0, "num_boost_round": 15.0}, "datetime": {"datetime": "2024-01-19 00:21:47", "elapsed": 559.881603, "delta": 0.001102}}
{"target": -13.780644970522365, "params": {"gamma": 544.508662716709, "log10_alpha": -4.567812083814845, "log10_colsample_bytree": -0.23043197726436693, "log10_eta": -0.6756307944440723, "log10_lambda": 0.3931072747728095, "log10_min_child_weight": 4.190332984691716, "log10_subsample": -0.9063203931195245, "max_depth": 9.0, "num_boost_round": 16.0}, "datetime": {"datetime": "2024-01-19 00:21:47", "elapsed": 559.882708, "delta": 0.001105}}
{"target": -13.781908545096721, "params": {"gamma": 544.508662716709, "log10_alpha": -4.567812083814845, "log10_colsample_bytree": -0.23043197726436693, "log10_eta": -0.6756307944440723, "log10_lambda": 0.3931072747728095, "log10_min_child_weight": 4.190332984691716, "log10_subsample": -0.9063203931195245, "max_depth": 9.0, "num_boost_round": 17.0}, "datetime": {"datetime": "2024-01-19 00:21:47", "elapsed": 559.883809, "delta": 0.001101}}
{"target": -13.782530822803041, "params": {"gamma": 544.508662716709, "log10_alpha": -4.567812083814845, "log10_colsample_bytree": -0.23043197726436693, "log10_eta": -0.6756307944440723, "log10_lambda": 0.3931072747728095, "log10_min_child_weight": 4.190332984691716, "log10_subsample": -0.9063203931195245, "max_depth": 9.0, "num_boost_round": 18.0}, "datetime": {"datetime": "2024-01-19 00:21:47", "elapsed": 559.884907, "delta": 0.001098}}
{"target": -13.763958327047243, "params": {"gamma": 535.6482780056401, "log10_alpha": -3.051704207036839, "log10_colsample_bytree": -0.6135502227528633, "log10_eta": -0.3729745913763214, "log10_lambda": 0.9944298450068798, "log10_min_child_weight": 3.8774792424590836, "log10_subsample": -0.21567831916061153, "max_depth": 9.0, "num_boost_round": 0.0}, "datetime": {"datetime": "2024-01-19 00:22:09", "elapsed": 582.152659, "delta": 22.267752}}
{"target": -13.762012948305143, "params": {"gamma": 535.6482780056401, "log10_alpha": -3.051704207036839, "log10_colsample_bytree": -0.6135502227528633, "log10_eta": -0.3729745913763214, "log10_lambda": 0.9944298450068798, "log10_min_child_weight": 3.8774792424590836, "log10_subsample": -0.21567831916061153, "max_depth": 9.0, "num_boost_round": 1.0}, "datetime": {"datetime": "2024-01-19 00:22:09", "elapsed": 582.154544, "delta": 0.001885}}
{"target": -13.765228468162956, "params": {"gamma": 535.6482780056401, "log10_alpha": -3.051704207036839, "log10_colsample_bytree": -0.6135502227528633, "log10_eta": -0.3729745913763214, "log10_lambda": 0.9944298450068798, "log10_min_child_weight": 3.8774792424590836, "log10_subsample": -0.21567831916061153, "max_depth": 9.0, "num_boost_round": 2.0}, "datetime": {"datetime": "2024-01-19 00:22:09", "elapsed": 582.155807, "delta": 0.001263}}
{"target": -13.776928225160175, "params": {"gamma": 535.6482780056401, "log10_alpha": -3.051704207036839, "log10_colsample_bytree": -0.6135502227528633, "log10_eta": -0.3729745913763214, "log10_lambda": 0.9944298450068798, "log10_min_child_weight": 3.8774792424590836, "log10_subsample": -0.21567831916061153, "max_depth": 9.0, "num_boost_round": 3.0}, "datetime": {"datetime": "2024-01-19 00:22:09", "elapsed": 582.15692, "delta": 0.001113}}
{"target": -13.777101669638162, "params": {"gamma": 535.6482780056401, "log10_alpha": -3.051704207036839, "log10_colsample_bytree": -0.6135502227528633, "log10_eta": -0.3729745913763214, "log10_lambda": 0.9944298450068798, "log10_min_child_weight": 3.8774792424590836, "log10_subsample": -0.21567831916061153, "max_depth": 9.0, "num_boost_round": 4.0}, "datetime": {"datetime": "2024-01-19 00:22:09", "elapsed": 582.158027, "delta": 0.001107}}
{"target": -13.797703307761427, "params": {"gamma": 535.6482780056401, "log10_alpha": -3.051704207036839, "log10_colsample_bytree": -0.6135502227528633, "log10_eta": -0.3729745913763214, "log10_lambda": 0.9944298450068798, "log10_min_child_weight": 3.8774792424590836, "log10_subsample": -0.21567831916061153, "max_depth": 9.0, "num_boost_round": 5.0}, "datetime": {"datetime": "2024-01-19 00:22:09", "elapsed": 582.159133, "delta": 0.001106}}
{"target": -13.809949811993915, "params": {"gamma": 535.6482780056401, "log10_alpha": -3.051704207036839, "log10_colsample_bytree": -0.6135502227528633, "log10_eta": -0.3729745913763214, "log10_lambda": 0.9944298450068798, "log10_min_child_weight": 3.8774792424590836, "log10_subsample": -0.21567831916061153, "max_depth": 9.0, "num_boost_round": 6.0}, "datetime": {"datetime": "2024-01-19 00:22:09", "elapsed": 582.160292, "delta": 0.001159}}
{"target": -13.814638401048557, "params": {"gamma": 535.6482780056401, "log10_alpha": -3.051704207036839, "log10_colsample_bytree": -0.6135502227528633, "log10_eta": -0.3729745913763214, "log10_lambda": 0.9944298450068798, "log10_min_child_weight": 3.8774792424590836, "log10_subsample": -0.21567831916061153, "max_depth": 9.0, "num_boost_round": 7.0}, "datetime": {"datetime": "2024-01-19 00:22:09", "elapsed": 582.161413, "delta": 0.001121}}
{"target": -13.826241542773605, "params": {"gamma": 535.6482780056401, "log10_alpha": -3.051704207036839, "log10_colsample_bytree": -0.6135502227528633, "log10_eta": -0.3729745913763214, "log10_lambda": 0.9944298450068798, "log10_min_child_weight": 3.8774792424590836, "log10_subsample": -0.21567831916061153, "max_depth": 9.0, "num_boost_round": 8.0}, "datetime": {"datetime": "2024-01-19 00:22:09", "elapsed": 582.16253, "delta": 0.001117}}
{"target": -13.829187480997426, "params": {"gamma": 535.6482780056401, "log10_alpha": -3.051704207036839, "log10_colsample_bytree": -0.6135502227528633, "log10_eta": -0.3729745913763214, "log10_lambda": 0.9944298450068798, "log10_min_child_weight": 3.8774792424590836, "log10_subsample": -0.21567831916061153, "max_depth": 9.0, "num_boost_round": 9.0}, "datetime": {"datetime": "2024-01-19 00:22:09", "elapsed": 582.163655, "delta": 0.001125}}
{"target": -13.849073596581547, "params": {"gamma": 535.6482780056401, "log10_alpha": -3.051704207036839, "log10_colsample_bytree": -0.6135502227528633, "log10_eta": -0.3729745913763214, "log10_lambda": 0.9944298450068798, "log10_min_child_weight": 3.8774792424590836, "log10_subsample": -0.21567831916061153, "max_depth": 9.0, "num_boost_round": 10.0}, "datetime": {"datetime": "2024-01-19 00:22:09", "elapsed": 582.164769, "delta": 0.001114}}
{"target": -13.85303218510053, "params": {"gamma": 535.6482780056401, "log10_alpha": -3.051704207036839, "log10_colsample_bytree": -0.6135502227528633, "log10_eta": -0.3729745913763214, "log10_lambda": 0.9944298450068798, "log10_min_child_weight": 3.8774792424590836, "log10_subsample": -0.21567831916061153, "max_depth": 9.0, "num_boost_round": 11.0}, "datetime": {"datetime": "2024-01-19 00:22:09", "elapsed": 582.165882, "delta": 0.001113}}
{"target": -13.863908924668305, "params": {"gamma": 535.6482780056401, "log10_alpha": -3.051704207036839, "log10_colsample_bytree": -0.6135502227528633, "log10_eta": -0.3729745913763214, "log10_lambda": 0.9944298450068798, "log10_min_child_weight": 3.8774792424590836, "log10_subsample": -0.21567831916061153, "max_depth": 9.0, "num_boost_round": 12.0}, "datetime": {"datetime": "2024-01-19 00:22:09", "elapsed": 582.166987, "delta": 0.001105}}
{"target": -13.870790630370914, "params": {"gamma": 535.6482780056401, "log10_alpha": -3.051704207036839, "log10_colsample_bytree": -0.6135502227528633, "log10_eta": -0.3729745913763214, "log10_lambda": 0.9944298450068798, "log10_min_child_weight": 3.8774792424590836, "log10_subsample": -0.21567831916061153, "max_depth": 9.0, "num_boost_round": 13.0}, "datetime": {"datetime": "2024-01-19 00:22:09", "elapsed": 582.168133, "delta": 0.001146}}
{"target": -13.758528079461422, "params": {"gamma": 554.5478232473627, "log10_alpha": -3.801585840539812, "log10_colsample_bytree": -0.9470986523763681, "log10_eta": -3.613343525664762, "log10_lambda": -2.732200491323584, "log10_min_child_weight": 1.1908349819213666, "log10_subsample": -0.5619951857566033, "max_depth": 8.0, "num_boost_round": 0.0}, "datetime": {"datetime": "2024-01-19 00:22:44", "elapsed": 617.060364, "delta": 34.892231}}
{"target": -13.758511733879567, "params": {"gamma": 554.5478232473627, "log10_alpha": -3.801585840539812, "log10_colsample_bytree": -0.9470986523763681, "log10_eta": -3.613343525664762, "log10_lambda": -2.732200491323584, "log10_min_child_weight": 1.1908349819213666, "log10_subsample": -0.5619951857566033, "max_depth": 8.0, "num_boost_round": 1.0}, "datetime": {"datetime": "2024-01-19 00:22:44", "elapsed": 617.06206, "delta": 0.001696}}
{"target": -13.758510455162652, "params": {"gamma": 554.5478232473627, "log10_alpha": -3.801585840539812, "log10_colsample_bytree": -0.9470986523763681, "log10_eta": -3.613343525664762, "log10_lambda": -2.732200491323584, "log10_min_child_weight": 1.1908349819213666, "log10_subsample": -0.5619951857566033, "max_depth": 8.0, "num_boost_round": 2.0}, "datetime": {"datetime": "2024-01-19 00:22:44", "elapsed": 617.063352, "delta": 0.001292}}
{"target": -13.758504056862723, "params": {"gamma": 554.5478232473627, "log10_alpha": -3.801585840539812, "log10_colsample_bytree": -0.9470986523763681, "log10_eta": -3.613343525664762, "log10_lambda": -2.732200491323584, "log10_min_child_weight": 1.1908349819213666, "log10_subsample": -0.5619951857566033, "max_depth": 8.0, "num_boost_round": 3.0}, "datetime": {"datetime": "2024-01-19 00:22:44", "elapsed": 617.064494, "delta": 0.001142}}
