{"target": -13.753518047420435, "params": {"gamma": 553.0738822313225, "log10_alpha": -4.801073617131922, "log10_colsample_bytree": -0.7406323614029054, "log10_eta": -0.5174949161225832, "log10_lambda": -1.40051953188029, "log10_min_child_weight": 1.124924310064777, "log10_subsample": -0.4895910562936131, "max_depth": 2.0, "num_boost_round": 0.0}, "datetime": {"datetime": "2024-01-19 00:43:20", "elapsed": 1932.138975, "delta": 34.037302}}
{"target": -13.755787966055173, "params": {"gamma": 553.0738822313225, "log10_alpha": -4.801073617131922, "log10_colsample_bytree": -0.7406323614029054, "log10_eta": -0.5174949161225832, "log10_lambda": -1.40051953188029, "log10_min_child_weight": 1.124924310064777, "log10_subsample": -0.4895910562936131, "max_depth": 2.0, "num_boost_round": 1.0}, "datetime": {"datetime": "2024-01-19 00:43:20", "elapsed": 1932.142188, "delta": 0.003213}}
{"target": -13.760644551019078, "params": {"gamma": 553.0738822313225, "log10_alpha": -4.801073617131922, "log10_colsample_bytree": -0.7406323614029054, "log10_eta": -0.5174949161225832, "log10_lambda": -1.40051953188029, "log10_min_child_weight": 1.124924310064777, "log10_subsample": -0.4895910562936131, "max_depth": 2.0, "num_boost_round": 2.0}, "datetime": {"datetime": "2024-01-19 00:43:20", "elapsed": 1932.144655, "delta": 0.002467}}
{"target": -13.761675191044326, "params": {"gamma": 553.0738822313225, "log10_alpha": -4.801073617131922, "log10_colsample_bytree": -0.7406323614029054, "log10_eta": -0.5174949161225832, "log10_lambda": -1.40051953188029, "log10_min_child_weight": 1.124924310064777, "log10_subsample": -0.4895910562936131, "max_depth": 2.0, "num_boost_round": 3.0}, "datetime": {"datetime": "2024-01-19 00:43:20", "elapsed": 1932.147083, "delta": 0.002428}}
{"target": -13.766120209455105, "params": {"gamma": 553.0738822313225, "log10_alpha": -4.801073617131922, "log10_colsample_bytree": -0.7406323614029054, "log10_eta": -0.5174949161225832, "log10_lambda": -1.40051953188029, "log10_min_child_weight": 1.124924310064777, "log10_subsample": -0.4895910562936131, "max_depth": 2.0, "num_boost_round": 4.0}, "datetime": {"datetime": "2024-01-19 00:43:20", "elapsed": 1932.149505, "delta": 0.002422}}
{"target": -13.770873137709852, "params": {"gamma": 553.0738822313225, "log10_alpha": -4.801073617131922, "log10_colsample_bytree": -0.7406323614029054, "log10_eta": -0.5174949161225832, "log10_lambda": -1.40051953188029, "log10_min_child_weight": 1.124924310064777, "log10_subsample": -0.4895910562936131, "max_depth": 2.0, "num_boost_round": 5.0}, "datetime": {"datetime": "2024-01-19 00:43:20", "elapsed": 1932.151859, "delta": 0.002354}}
{"target": -13.776236540790862, "params": {"gamma": 553.0738822313225, "log10_alpha": -4.801073617131922, "log10_colsample_bytree": -0.7406323614029054, "log10_eta": -0.5174949161225832, "log10_lambda": -1.40051953188029, "log10_min_child_weight": 1.124924310064777, "log10_subsample": -0.4895910562936131, "max_depth": 2.0, "num_boost_round": 6.0}, "datetime": {"datetime": "2024-01-19 00:43:20", "elapsed": 1932.154183, "delta": 0.002324}}
{"target": -13.792341123605393, "params": {"gamma": 553.0738822313225, "log10_alpha": -4.801073617131922, "log10_colsample_bytree": -0.7406323614029054, "log10_eta": -0.5174949161225832, "log10_lambda": -1.40051953188029, "log10_min_child_weight": 1.124924310064777, "log10_subsample": -0.4895910562936131, "max_depth": 2.0, "num_boost_round": 7.0}, "datetime": {"datetime": "2024-01-19 00:43:20", "elapsed": 1932.156465, "delta": 0.002282}}
{"target": -13.79012212848344, "params": {"gamma": 553.0738822313225, "log10_alpha": -4.801073617131922, "log10_colsample_bytree": -0.7406323614029054, "log10_eta": -0.5174949161225832, "log10_lambda": -1.40051953188029, "log10_min_child_weight": 1.124924310064777, "log10_subsample": -0.4895910562936131, "max_depth": 2.0, "num_boost_round": 8.0}, "datetime": {"datetime": "2024-01-19 00:43:20", "elapsed": 1932.158671, "delta": 0.002206}}
{"target": -13.791284700058883, "params": {"gamma": 553.0738822313225, "log10_alpha": -4.801073617131922, "log10_colsample_bytree": -0.7406323614029054, "log10_eta": -0.5174949161225832, "log10_lambda": -1.40051953188029, "log10_min_child_weight": 1.124924310064777, "log10_subsample": -0.4895910562936131, "max_depth": 2.0, "num_boost_round": 9.0}, "datetime": {"datetime": "2024-01-19 00:43:20", "elapsed": 1932.160891, "delta": 0.00222}}
{"target": -13.788692098075014, "params": {"gamma": 553.0738822313225, "log10_alpha": -4.801073617131922, "log10_colsample_bytree": -0.7406323614029054, "log10_eta": -0.5174949161225832, "log10_lambda": -1.40051953188029, "log10_min_child_weight": 1.124924310064777, "log10_subsample": -0.4895910562936131, "max_depth": 2.0, "num_boost_round": 10.0}, "datetime": {"datetime": "2024-01-19 00:43:20", "elapsed": 1932.163229, "delta": 0.002338}}
{"target": -13.790967121484034, "params": {"gamma": 553.0738822313225, "log10_alpha": -4.801073617131922, "log10_colsample_bytree": -0.7406323614029054, "log10_eta": -0.5174949161225832, "log10_lambda": -1.40051953188029, "log10_min_child_weight": 1.124924310064777, "log10_subsample": -0.4895910562936131, "max_depth": 2.0, "num_boost_round": 11.0}, "datetime": {"datetime": "2024-01-19 00:43:20", "elapsed": 1932.165481, "delta": 0.002252}}
{"target": -13.794152113581951, "params": {"gamma": 553.0738822313225, "log10_alpha": -4.801073617131922, "log10_colsample_bytree": -0.7406323614029054, "log10_eta": -0.5174949161225832, "log10_lambda": -1.40051953188029, "log10_min_child_weight": 1.124924310064777, "log10_subsample": -0.4895910562936131, "max_depth": 2.0, "num_boost_round": 12.0}, "datetime": {"datetime": "2024-01-19 00:43:20", "elapsed": 1932.167869, "delta": 0.002388}}
{"target": -13.79357840519324, "params": {"gamma": 553.0738822313225, "log10_alpha": -4.801073617131922, "log10_colsample_bytree": -0.7406323614029054, "log10_eta": -0.5174949161225832, "log10_lambda": -1.40051953188029, "log10_min_child_weight": 1.124924310064777, "log10_subsample": -0.4895910562936131, "max_depth": 2.0, "num_boost_round": 13.0}, "datetime": {"datetime": "2024-01-19 00:43:20", "elapsed": 1932.170149, "delta": 0.00228}}
{"target": -13.801997459718452, "params": {"gamma": 553.0738822313225, "log10_alpha": -4.801073617131922, "log10_colsample_bytree": -0.7406323614029054, "log10_eta": -0.5174949161225832, "log10_lambda": -1.40051953188029, "log10_min_child_weight": 1.124924310064777, "log10_subsample": -0.4895910562936131, "max_depth": 2.0, "num_boost_round": 14.0}, "datetime": {"datetime": "2024-01-19 00:43:20", "elapsed": 1932.172386, "delta": 0.002237}}
{"target": -13.801857637131281, "params": {"gamma": 553.0738822313225, "log10_alpha": -4.801073617131922, "log10_colsample_bytree": -0.7406323614029054, "log10_eta": -0.5174949161225832, "log10_lambda": -1.40051953188029, "log10_min_child_weight": 1.124924310064777, "log10_subsample": -0.4895910562936131, "max_depth": 2.0, "num_boost_round": 15.0}, "datetime": {"datetime": "2024-01-19 00:43:20", "elapsed": 1932.174625, "delta": 0.002239}}
{"target": -13.805443350522653, "params": {"gamma": 553.0738822313225, "log10_alpha": -4.801073617131922, "log10_colsample_bytree": -0.7406323614029054, "log10_eta": -0.5174949161225832, "log10_lambda": -1.40051953188029, "log10_min_child_weight": 1.124924310064777, "log10_subsample": -0.4895910562936131, "max_depth": 2.0, "num_boost_round": 16.0}, "datetime": {"datetime": "2024-01-19 00:43:20", "elapsed": 1932.176899, "delta": 0.002274}}
{"target": -13.809786408228101, "params": {"gamma": 553.0738822313225, "log10_alpha": -4.801073617131922, "log10_colsample_bytree": -0.7406323614029054, "log10_eta": -0.5174949161225832, "log10_lambda": -1.40051953188029, "log10_min_child_weight": 1.124924310064777, "log10_subsample": -0.4895910562936131, "max_depth": 2.0, "num_boost_round": 17.0}, "datetime": {"datetime": "2024-01-19 00:43:20", "elapsed": 1932.179141, "delta": 0.002242}}
{"target": -13.808507765426828, "params": {"gamma": 553.0738822313225, "log10_alpha": -4.801073617131922, "log10_colsample_bytree": -0.7406323614029054, "log10_eta": -0.5174949161225832, "log10_lambda": -1.40051953188029, "log10_min_child_weight": 1.124924310064777, "log10_subsample": -0.4895910562936131, "max_depth": 2.0, "num_boost_round": 18.0}, "datetime": {"datetime": "2024-01-19 00:43:20", "elapsed": 1932.181353, "delta": 0.002212}}
{"target": -13.809246084063966, "params": {"gamma": 553.0738822313225, "log10_alpha": -4.801073617131922, "log10_colsample_bytree": -0.7406323614029054, "log10_eta": -0.5174949161225832, "log10_lambda": -1.40051953188029, "log10_min_child_weight": 1.124924310064777, "log10_subsample": -0.4895910562936131, "max_depth": 2.0, "num_boost_round": 19.0}, "datetime": {"datetime": "2024-01-19 00:43:20", "elapsed": 1932.183748, "delta": 0.002395}}
{"target": -13.809494851760563, "params": {"gamma": 553.0738822313225, "log10_alpha": -4.801073617131922, "log10_colsample_bytree": -0.7406323614029054, "log10_eta": -0.5174949161225832, "log10_lambda": -1.40051953188029, "log10_min_child_weight": 1.124924310064777, "log10_subsample": -0.4895910562936131, "max_depth": 2.0, "num_boost_round": 20.0}, "datetime": {"datetime": "2024-01-19 00:43:20", "elapsed": 1932.186156, "delta": 0.002408}}
{"target": -13.814619769321682, "params": {"gamma": 553.0738822313225, "log10_alpha": -4.801073617131922, "log10_colsample_bytree": -0.7406323614029054, "log10_eta": -0.5174949161225832, "log10_lambda": -1.40051953188029, "log10_min_child_weight": 1.124924310064777, "log10_subsample": -0.4895910562936131, "max_depth": 2.0, "num_boost_round": 21.0}, "datetime": {"datetime": "2024-01-19 00:43:20", "elapsed": 1932.188391, "delta": 0.002235}}
{"target": -13.814932651040934, "params": {"gamma": 553.0738822313225, "log10_alpha": -4.801073617131922, "log10_colsample_bytree": -0.7406323614029054, "log10_eta": -0.5174949161225832, "log10_lambda": -1.40051953188029, "log10_min_child_weight": 1.124924310064777, "log10_subsample": -0.4895910562936131, "max_depth": 2.0, "num_boost_round": 22.0}, "datetime": {"datetime": "2024-01-19 00:43:20", "elapsed": 1932.190681, "delta": 0.00229}}
{"target": -13.837556558787112, "params": {"gamma": 553.0738822313225, "log10_alpha": -4.801073617131922, "log10_colsample_bytree": -0.7406323614029054, "log10_eta": -0.5174949161225832, "log10_lambda": -1.40051953188029, "log10_min_child_weight": 1.124924310064777, "log10_subsample": -0.4895910562936131, "max_depth": 2.0, "num_boost_round": 23.0}, "datetime": {"datetime": "2024-01-19 00:43:20", "elapsed": 1932.192918, "delta": 0.002237}}
{"target": -13.8388303763507, "params": {"gamma": 553.0738822313225, "log10_alpha": -4.801073617131922, "log10_colsample_bytree": -0.7406323614029054, "log10_eta": -0.5174949161225832, "log10_lambda": -1.40051953188029, "log10_min_child_weight": 1.124924310064777, "log10_subsample": -0.4895910562936131, "max_depth": 2.0, "num_boost_round": 24.0}, "datetime": {"datetime": "2024-01-19 00:43:20", "elapsed": 1932.195138, "delta": 0.00222}}
{"target": -13.867509658729496, "params": {"gamma": 553.0738822313225, "log10_alpha": -4.801073617131922, "log10_colsample_bytree": -0.7406323614029054, "log10_eta": -0.5174949161225832, "log10_lambda": -1.40051953188029, "log10_min_child_weight": 1.124924310064777, "log10_subsample": -0.4895910562936131, "max_depth": 2.0, "num_boost_round": 25.0}, "datetime": {"datetime": "2024-01-19 00:43:20", "elapsed": 1932.197402, "delta": 0.002264}}
{"target": -13.86974126785602, "params": {"gamma": 553.0738822313225, "log10_alpha": -4.801073617131922, "log10_colsample_bytree": -0.7406323614029054, "log10_eta": -0.5174949161225832, "log10_lambda": -1.40051953188029, "log10_min_child_weight": 1.124924310064777, "log10_subsample": -0.4895910562936131, "max_depth": 2.0, "num_boost_round": 26.0}, "datetime": {"datetime": "2024-01-19 00:43:20", "elapsed": 1932.19964, "delta": 0.002238}}
{"target": -13.870556227569972, "params": {"gamma": 553.0738822313225, "log10_alpha": -4.801073617131922, "log10_colsample_bytree": -0.7406323614029054, "log10_eta": -0.5174949161225832, "log10_lambda": -1.40051953188029, "log10_min_child_weight": 1.124924310064777, "log10_subsample": -0.4895910562936131, "max_depth": 2.0, "num_boost_round": 27.0}, "datetime": {"datetime": "2024-01-19 00:43:20", "elapsed": 1932.201879, "delta": 0.002239}}
{"target": -13.868906423992968, "params": {"gamma": 553.0738822313225, "log10_alpha": -4.801073617131922, "log10_colsample_bytree": -0.7406323614029054, "log10_eta": -0.5174949161225832, "log10_lambda": -1.40051953188029, "log10_min_child_weight": 1.124924310064777, "log10_subsample": -0.4895910562936131, "max_depth": 2.0, "num_boost_round": 28.0}, "datetime": {"datetime": "2024-01-19 00:43:20", "elapsed": 1932.204221, "delta": 0.002342}}
{"target": -13.867306106136953, "params": {"gamma": 553.0738822313225, "log10_alpha": -4.801073617131922, "log10_colsample_bytree": -0.7406323614029054, "log10_eta": -0.5174949161225832, "log10_lambda": -1.40051953188029, "log10_min_child_weight": 1.124924310064777, "log10_subsample": -0.4895910562936131, "max_depth": 2.0, "num_boost_round": 29.0}, "datetime": {"datetime": "2024-01-19 00:43:20", "elapsed": 1932.206583, "delta": 0.002362}}
{"target": -13.868251457882609, "params": {"gamma": 553.0738822313225, "log10_alpha": -4.801073617131922, "log10_colsample_bytree": -0.7406323614029054, "log10_eta": -0.5174949161225832, "log10_lambda": -1.40051953188029, "log10_min_child_weight": 1.124924310064777, "log10_subsample": -0.4895910562936131, "max_depth": 2.0, "num_boost_round": 30.0}, "datetime": {"datetime": "2024-01-19 00:43:20", "elapsed": 1932.208883, "delta": 0.0023}}
{"target": -13.868227900312542, "params": {"gamma": 553.0738822313225, "log10_alpha": -4.801073617131922, "log10_colsample_bytree": -0.7406323614029054, "log10_eta": -0.5174949161225832, "log10_lambda": -1.40051953188029, "log10_min_child_weight": 1.124924310064777, "log10_subsample": -0.4895910562936131, "max_depth": 2.0, "num_boost_round": 31.0}, "datetime": {"datetime": "2024-01-19 00:43:20", "elapsed": 1932.211207, "delta": 0.002324}}
{"target": -13.865871341712246, "params": {"gamma": 553.0738822313225, "log10_alpha": -4.801073617131922, "log10_colsample_bytree": -0.7406323614029054, "log10_eta": -0.5174949161225832, "log10_lambda": -1.40051953188029, "log10_min_child_weight": 1.124924310064777, "log10_subsample": -0.4895910562936131, "max_depth": 2.0, "num_boost_round": 32.0}, "datetime": {"datetime": "2024-01-19 00:43:20", "elapsed": 1932.213471, "delta": 0.002264}}
{"target": -13.871759138164357, "params": {"gamma": 553.0738822313225, "log10_alpha": -4.801073617131922, "log10_colsample_bytree": -0.7406323614029054, "log10_eta": -0.5174949161225832, "log10_lambda": -1.40051953188029, "log10_min_child_weight": 1.124924310064777, "log10_subsample": -0.4895910562936131, "max_depth": 2.0, "num_boost_round": 33.0}, "datetime": {"datetime": "2024-01-19 00:43:20", "elapsed": 1932.215738, "delta": 0.002267}}
{"target": -13.873484399308964, "params": {"gamma": 553.0738822313225, "log10_alpha": -4.801073617131922, "log10_colsample_bytree": -0.7406323614029054, "log10_eta": -0.5174949161225832, "log10_lambda": -1.40051953188029, "log10_min_child_weight": 1.124924310064777, "log10_subsample": -0.4895910562936131, "max_depth": 2.0, "num_boost_round": 34.0}, "datetime": {"datetime": "2024-01-19 00:43:20", "elapsed": 1932.218039, "delta": 0.002301}}
{"target": -13.876814753892544, "params": {"gamma": 553.0738822313225, "log10_alpha": -4.801073617131922, "log10_colsample_bytree": -0.7406323614029054, "log10_eta": -0.5174949161225832, "log10_lambda": -1.40051953188029, "log10_min_child_weight": 1.124924310064777, "log10_subsample": -0.4895910562936131, "max_depth": 2.0, "num_boost_round": 35.0}, "datetime": {"datetime": "2024-01-19 00:43:20", "elapsed": 1932.220306, "delta": 0.002267}}
{"target": -13.877615009946679, "params": {"gamma": 553.0738822313225, "log10_alpha": -4.801073617131922, "log10_colsample_bytree": -0.7406323614029054, "log10_eta": -0.5174949161225832, "log10_lambda": -1.40051953188029, "log10_min_child_weight": 1.124924310064777, "log10_subsample": -0.4895910562936131, "max_depth": 2.0, "num_boost_round": 36.0}, "datetime": {"datetime": "2024-01-19 00:43:20", "elapsed": 1932.22263, "delta": 0.002324}}
{"target": -13.882488037429992, "params": {"gamma": 553.0738822313225, "log10_alpha": -4.801073617131922, "log10_colsample_bytree": -0.7406323614029054, "log10_eta": -0.5174949161225832, "log10_lambda": -1.40051953188029, "log10_min_child_weight": 1.124924310064777, "log10_subsample": -0.4895910562936131, "max_depth": 2.0, "num_boost_round": 37.0}, "datetime": {"datetime": "2024-01-19 00:43:20", "elapsed": 1932.224953, "delta": 0.002323}}
{"target": -13.882954809219372, "params": {"gamma": 553.0738822313225, "log10_alpha": -4.801073617131922, "log10_colsample_bytree": -0.7406323614029054, "log10_eta": -0.5174949161225832, "log10_lambda": -1.40051953188029, "log10_min_child_weight": 1.124924310064777, "log10_subsample": -0.4895910562936131, "max_depth": 2.0, "num_boost_round": 38.0}, "datetime": {"datetime": "2024-01-19 00:43:20", "elapsed": 1932.227342, "delta": 0.002389}}
{"target": -13.883150129626207, "params": {"gamma": 553.0738822313225, "log10_alpha": -4.801073617131922, "log10_colsample_bytree": -0.7406323614029054, "log10_eta": -0.5174949161225832, "log10_lambda": -1.40051953188029, "log10_min_child_weight": 1.124924310064777, "log10_subsample": -0.4895910562936131, "max_depth": 2.0, "num_boost_round": 39.0}, "datetime": {"datetime": "2024-01-19 00:43:20", "elapsed": 1932.229595, "delta": 0.002253}}
{"target": -13.884627384138714, "params": {"gamma": 553.0738822313225, "log10_alpha": -4.801073617131922, "log10_colsample_bytree": -0.7406323614029054, "log10_eta": -0.5174949161225832, "log10_lambda": -1.40051953188029, "log10_min_child_weight": 1.124924310064777, "log10_subsample": -0.4895910562936131, "max_depth": 2.0, "num_boost_round": 40.0}, "datetime": {"datetime": "2024-01-19 00:43:20", "elapsed": 1932.231887, "delta": 0.002292}}
{"target": -13.758537414921314, "params": {"gamma": 519.0495458923326, "log10_alpha": -4.807855373130709, "log10_colsample_bytree": -0.637352163464421, "log10_eta": -4.0, "log10_lambda": 0.9627758292234412, "log10_min_child_weight": 5.0, "log10_subsample": -0.1694747436290725, "max_depth": 4.0, "num_boost_round": 0.0}, "datetime": {"datetime": "2024-01-19 00:43:52", "elapsed": 1963.925106, "delta": 31.693219}}
{"target": -13.758537304266845, "params": {"gamma": 519.0495458923326, "log10_alpha": -4.807855373130709, "log10_colsample_bytree": -0.637352163464421, "log10_eta": -4.0, "log10_lambda": 0.9627758292234412, "log10_min_child_weight": 5.0, "log10_subsample": -0.1694747436290725, "max_depth": 4.0, "num_boost_round": 1.0}, "datetime": {"datetime": "2024-01-19 00:43:52", "elapsed": 1963.928566, "delta": 0.00346}}
{"target": -13.758537194608369, "params": {"gamma": 519.0495458923326, "log10_alpha": -4.807855373130709, "log10_colsample_bytree": -0.637352163464421, "log10_eta": -4.0, "log10_lambda": 0.9627758292234412, "log10_min_child_weight": 5.0, "log10_subsample": -0.1694747436290725, "max_depth": 4.0, "num_boost_round": 2.0}, "datetime": {"datetime": "2024-01-19 00:43:52", "elapsed": 1963.931126, "delta": 0.00256}}
{"target": -13.758537071673068, "params": {"gamma": 519.0495458923326, "log10_alpha": -4.807855373130709, "log10_colsample_bytree": -0.637352163464421, "log10_eta": -4.0, "log10_lambda": 0.9627758292234412, "log10_min_child_weight": 5.0, "log10_subsample": -0.1694747436290725, "max_depth": 4.0, "num_boost_round": 3.0}, "datetime": {"datetime": "2024-01-19 00:43:52", "elapsed": 1963.933366, "delta": 0.00224}}
{"target": -13.7585367640421, "params": {"gamma": 519.0495458923326, "log10_alpha": -4.807855373130709, "log10_colsample_bytree": -0.637352163464421, "log10_eta": -4.0, "log10_lambda": 0.9627758292234412, "log10_min_child_weight": 5.0, "log10_subsample": -0.1694747436290725, "max_depth": 4.0, "num_boost_round": 4.0}, "datetime": {"datetime": "2024-01-19 00:43:52", "elapsed": 1963.93572, "delta": 0.002354}}
{"target": -13.75853647036535, "params": {"gamma": 519.0495458923326, "log10_alpha": -4.807855373130709, "log10_colsample_bytree": -0.637352163464421, "log10_eta": -4.0, "log10_lambda": 0.9627758292234412, "log10_min_child_weight": 5.0, "log10_subsample": -0.1694747436290725, "max_depth": 4.0, "num_boost_round": 5.0}, "datetime": {"datetime": "2024-01-19 00:43:52", "elapsed": 1963.938082, "delta": 0.002362}}
{"target": -13.758536208082338, "params": {"gamma": 519.0495458923326, "log10_alpha": -4.807855373130709, "log10_colsample_bytree": -0.637352163464421, "log10_eta": -4.0, "log10_lambda": 0.9627758292234412, "log10_min_child_weight": 5.0, "log10_subsample": -0.1694747436290725, "max_depth": 4.0, "num_boost_round": 6.0}, "datetime": {"datetime": "2024-01-19 00:43:52", "elapsed": 1963.940295, "delta": 0.002213}}
{"target": -13.758535230730573, "params": {"gamma": 519.0495458923326, "log10_alpha": -4.807855373130709, "log10_colsample_bytree": -0.637352163464421, "log10_eta": -4.0, "log10_lambda": 0.9627758292234412, "log10_min_child_weight": 5.0, "log10_subsample": -0.1694747436290725, "max_depth": 4.0, "num_boost_round": 7.0}, "datetime": {"datetime": "2024-01-19 00:43:52", "elapsed": 1963.942596, "delta": 0.002301}}
{"target": -13.758535261189158, "params": {"gamma": 519.0495458923326, "log10_alpha": -4.807855373130709, "log10_colsample_bytree": -0.637352163464421, "log10_eta": -4.0, "log10_lambda": 0.9627758292234412, "log10_min_child_weight": 5.0, "log10_subsample": -0.1694747436290725, "max_depth": 4.0, "num_boost_round": 8.0}, "datetime": {"datetime": "2024-01-19 00:43:52", "elapsed": 1963.944819, "delta": 0.002223}}
