{"target": -13.757627057888765, "params": {"gamma": 894.6661330067568, "log10_alpha": 0.4126639561305998, "log10_colsample_bytree": -0.9944413306292741, "log10_eta": -0.8307463295702608, "log10_lambda": -0.8143467308418932, "log10_min_child_weight": 2.3476743355455527, "log10_subsample": -0.8455693938541603, "max_depth": 8.0, "num_boost_round": 1.0}, "datetime": {"datetime": "2024-01-19 00:16:09", "elapsed": 273.985803, "delta": 0.000899}}
{"target": -13.758608982490808, "params": {"gamma": 894.6661330067568, "log10_alpha": 0.4126639561305998, "log10_colsample_bytree": -0.9944413306292741, "log10_eta": -0.8307463295702608, "log10_lambda": -0.8143467308418932, "log10_min_child_weight": 2.3476743355455527, "log10_subsample": -0.8455693938541603, "max_depth": 8.0, "num_boost_round": 2.0}, "datetime": {"datetime": "2024-01-19 00:16:09", "elapsed": 273.98652, "delta": 0.000717}}
{"target": -13.762103493707365, "params": {"gamma": 894.6661330067568, "log10_alpha": 0.4126639561305998, "log10_colsample_bytree": -0.9944413306292741, "log10_eta": -0.8307463295702608, "log10_lambda": -0.8143467308418932, "log10_min_child_weight": 2.3476743355455527, "log10_subsample": -0.8455693938541603, "max_depth": 8.0, "num_boost_round": 3.0}, "datetime": {"datetime": "2024-01-19 00:16:09", "elapsed": 273.987449, "delta": 0.000929}}
{"target": -13.765468717282161, "params": {"gamma": 894.6661330067568, "log10_alpha": 0.4126639561305998, "log10_colsample_bytree": -0.9944413306292741, "log10_eta": -0.8307463295702608, "log10_lambda": -0.8143467308418932, "log10_min_child_weight": 2.3476743355455527, "log10_subsample": -0.8455693938541603, "max_depth": 8.0, "num_boost_round": 4.0}, "datetime": {"datetime": "2024-01-19 00:16:09", "elapsed": 273.988529, "delta": 0.00108}}
{"target": -13.766728632736353, "params": {"gamma": 894.6661330067568, "log10_alpha": 0.4126639561305998, "log10_colsample_bytree": -0.9944413306292741, "log10_eta": -0.8307463295702608, "log10_lambda": -0.8143467308418932, "log10_min_child_weight": 2.3476743355455527, "log10_subsample": -0.8455693938541603, "max_depth": 8.0, "num_boost_round": 5.0}, "datetime": {"datetime": "2024-01-19 00:16:09", "elapsed": 273.989144, "delta": 0.000615}}
{"target": -13.771442955138063, "params": {"gamma": 894.6661330067568, "log10_alpha": 0.4126639561305998, "log10_colsample_bytree": -0.9944413306292741, "log10_eta": -0.8307463295702608, "log10_lambda": -0.8143467308418932, "log10_min_child_weight": 2.3476743355455527, "log10_subsample": -0.8455693938541603, "max_depth": 8.0, "num_boost_round": 6.0}, "datetime": {"datetime": "2024-01-19 00:16:09", "elapsed": 273.989993, "delta": 0.000849}}
{"target": -13.77034940489251, "params": {"gamma": 894.6661330067568, "log10_alpha": 0.4126639561305998, "log10_colsample_bytree": -0.9944413306292741, "log10_eta": -0.8307463295702608, "log10_lambda": -0.8143467308418932, "log10_min_child_weight": 2.3476743355455527, "log10_subsample": -0.8455693938541603, "max_depth": 8.0, "num_boost_round": 7.0}, "datetime": {"datetime": "2024-01-19 00:16:09", "elapsed": 273.990593, "delta": 0.0006}}
{"target": -13.774305218914328, "params": {"gamma": 894.6661330067568, "log10_alpha": 0.4126639561305998, "log10_colsample_bytree": -0.9944413306292741, "log10_eta": -0.8307463295702608, "log10_lambda": -0.8143467308418932, "log10_min_child_weight": 2.3476743355455527, "log10_subsample": -0.8455693938541603, "max_depth": 8.0, "num_boost_round": 8.0}, "datetime": {"datetime": "2024-01-19 00:16:09", "elapsed": 273.991266, "delta": 0.000673}}
{"target": -13.777423390822593, "params": {"gamma": 894.6661330067568, "log10_alpha": 0.4126639561305998, "log10_colsample_bytree": -0.9944413306292741, "log10_eta": -0.8307463295702608, "log10_lambda": -0.8143467308418932, "log10_min_child_weight": 2.3476743355455527, "log10_subsample": -0.8455693938541603, "max_depth": 8.0, "num_boost_round": 9.0}, "datetime": {"datetime": "2024-01-19 00:16:09", "elapsed": 273.992026, "delta": 0.00076}}
{"target": -13.782216971378164, "params": {"gamma": 894.6661330067568, "log10_alpha": 0.4126639561305998, "log10_colsample_bytree": -0.9944413306292741, "log10_eta": -0.8307463295702608, "log10_lambda": -0.8143467308418932, "log10_min_child_weight": 2.3476743355455527, "log10_subsample": -0.8455693938541603, "max_depth": 8.0, "num_boost_round": 10.0}, "datetime": {"datetime": "2024-01-19 00:16:09", "elapsed": 273.992689, "delta": 0.000663}}
{"target": -13.784531394503503, "params": {"gamma": 894.6661330067568, "log10_alpha": 0.4126639561305998, "log10_colsample_bytree": -0.9944413306292741, "log10_eta": -0.8307463295702608, "log10_lambda": -0.8143467308418932, "log10_min_child_weight": 2.3476743355455527, "log10_subsample": -0.8455693938541603, "max_depth": 8.0, "num_boost_round": 11.0}, "datetime": {"datetime": "2024-01-19 00:16:09", "elapsed": 273.9933, "delta": 0.000611}}
{"target": -13.78595173011675, "params": {"gamma": 894.6661330067568, "log10_alpha": 0.4126639561305998, "log10_colsample_bytree": -0.9944413306292741, "log10_eta": -0.8307463295702608, "log10_lambda": -0.8143467308418932, "log10_min_child_weight": 2.3476743355455527, "log10_subsample": -0.8455693938541603, "max_depth": 8.0, "num_boost_round": 12.0}, "datetime": {"datetime": "2024-01-19 00:16:09", "elapsed": 273.993979, "delta": 0.000679}}
{"target": -13.786091525487349, "params": {"gamma": 894.6661330067568, "log10_alpha": 0.4126639561305998, "log10_colsample_bytree": -0.9944413306292741, "log10_eta": -0.8307463295702608, "log10_lambda": -0.8143467308418932, "log10_min_child_weight": 2.3476743355455527, "log10_subsample": -0.8455693938541603, "max_depth": 8.0, "num_boost_round": 13.0}, "datetime": {"datetime": "2024-01-19 00:16:09", "elapsed": 273.994722, "delta": 0.000743}}
{"target": -13.7904466187771, "params": {"gamma": 894.6661330067568, "log10_alpha": 0.4126639561305998, "log10_colsample_bytree": -0.9944413306292741, "log10_eta": -0.8307463295702608, "log10_lambda": -0.8143467308418932, "log10_min_child_weight": 2.3476743355455527, "log10_subsample": -0.8455693938541603, "max_depth": 8.0, "num_boost_round": 14.0}, "datetime": {"datetime": "2024-01-19 00:16:09", "elapsed": 273.995337, "delta": 0.000615}}
{"target": -13.791324528094414, "params": {"gamma": 894.6661330067568, "log10_alpha": 0.4126639561305998, "log10_colsample_bytree": -0.9944413306292741, "log10_eta": -0.8307463295702608, "log10_lambda": -0.8143467308418932, "log10_min_child_weight": 2.3476743355455527, "log10_subsample": -0.8455693938541603, "max_depth": 8.0, "num_boost_round": 15.0}, "datetime": {"datetime": "2024-01-19 00:16:09", "elapsed": 273.996033, "delta": 0.000696}}
{"target": -13.758537252298156, "params": {"gamma": 890.2235314573618, "log10_alpha": -3.08506703787993, "log10_colsample_bytree": -0.10362559105955271, "log10_eta": -3.4067079716504476, "log10_lambda": -3.2106512863607097, "log10_min_child_weight": 4.759780922041826, "log10_subsample": -0.27103507968340734, "max_depth": 5.0, "num_boost_round": 0.0}, "datetime": {"datetime": "2024-01-19 00:16:32", "elapsed": 296.521803, "delta": 22.52577}}
{"target": -13.758535097447604, "params": {"gamma": 890.2235314573618, "log10_alpha": -3.08506703787993, "log10_colsample_bytree": -0.10362559105955271, "log10_eta": -3.4067079716504476, "log10_lambda": -3.2106512863607097, "log10_min_child_weight": 4.759780922041826, "log10_subsample": -0.27103507968340734, "max_depth": 5.0, "num_boost_round": 1.0}, "datetime": {"datetime": "2024-01-19 00:16:32", "elapsed": 296.522783, "delta": 0.00098}}
{"target": -13.758534926537045, "params": {"gamma": 890.2235314573618, "log10_alpha": -3.08506703787993, "log10_colsample_bytree": -0.10362559105955271, "log10_eta": -3.4067079716504476, "log10_lambda": -3.2106512863607097, "log10_min_child_weight": 4.759780922041826, "log10_subsample": -0.27103507968340734, "max_depth": 5.0, "num_boost_round": 2.0}, "datetime": {"datetime": "2024-01-19 00:16:32", "elapsed": 296.523542, "delta": 0.000759}}
{"target": -13.758535276180709, "params": {"gamma": 890.2235314573618, "log10_alpha": -3.08506703787993, "log10_colsample_bytree": -0.10362559105955271, "log10_eta": -3.4067079716504476, "log10_lambda": -3.2106512863607097, "log10_min_child_weight": 4.759780922041826, "log10_subsample": -0.27103507968340734, "max_depth": 5.0, "num_boost_round": 3.0}, "datetime": {"datetime": "2024-01-19 00:16:32", "elapsed": 296.524268, "delta": 0.000726}}
{"target": -13.75853536680333, "params": {"gamma": 890.2235314573618, "log10_alpha": -3.08506703787993, "log10_colsample_bytree": -0.10362559105955271, "log10_eta": -3.4067079716504476, "log10_lambda": -3.2106512863607097, "log10_min_child_weight": 4.759780922041826, "log10_subsample": -0.27103507968340734, "max_depth": 5.0, "num_boost_round": 4.0}, "datetime": {"datetime": "2024-01-19 00:16:32", "elapsed": 296.524979, "delta": 0.000711}}
{"target": -13.75853236082314, "params": {"gamma": 890.2235314573618, "log10_alpha": -3.08506703787993, "log10_colsample_bytree": -0.10362559105955271, "log10_eta": -3.4067079716504476, "log10_lambda": -3.2106512863607097, "log10_min_child_weight": 4.759780922041826, "log10_subsample": -0.27103507968340734, "max_depth": 5.0, "num_boost_round": 5.0}, "datetime": {"datetime": "2024-01-19 00:16:32", "elapsed": 296.525682, "delta": 0.000703}}
{"target": -13.758532255886363, "params": {"gamma": 890.2235314573618, "log10_alpha": -3.08506703787993, "log10_colsample_bytree": -0.10362559105955271, "log10_eta": -3.4067079716504476, "log10_lambda": -3.2106512863607097, "log10_min_child_weight": 4.759780922041826, "log10_subsample": -0.27103507968340734, "max_depth": 5.0, "num_boost_round": 6.0}, "datetime": {"datetime": "2024-01-19 00:16:32", "elapsed": 296.526485, "delta": 0.000803}}
{"target": -13.758531754083537, "params": {"gamma": 890.2235314573618, "log10_alpha": -3.08506703787993, "log10_colsample_bytree": -0.10362559105955271, "log10_eta": -3.4067079716504476, "log10_lambda": -3.2106512863607097, "log10_min_child_weight": 4.759780922041826, "log10_subsample": -0.27103507968340734, "max_depth": 5.0, "num_boost_round": 7.0}, "datetime": {"datetime": "2024-01-19 00:16:32", "elapsed": 296.527466, "delta": 0.000981}}
{"target": -13.758531383069613, "params": {"gamma": 890.2235314573618, "log10_alpha": -3.08506703787993, "log10_colsample_bytree": -0.10362559105955271, "log10_eta": -3.4067079716504476, "log10_lambda": -3.2106512863607097, "log10_min_child_weight": 4.759780922041826, "log10_subsample": -0.27103507968340734, "max_depth": 5.0, "num_boost_round": 8.0}, "datetime": {"datetime": "2024-01-19 00:16:32", "elapsed": 296.528857, "delta": 0.001391}}
{"target": -13.758531501414955, "params": {"gamma": 890.2235314573618, "log10_alpha": -3.08506703787993, "log10_colsample_bytree": -0.10362559105955271, "log10_eta": -3.4067079716504476, "log10_lambda": -3.2106512863607097, "log10_min_child_weight": 4.759780922041826, "log10_subsample": -0.27103507968340734, "max_depth": 5.0, "num_boost_round": 9.0}, "datetime": {"datetime": "2024-01-19 00:16:32", "elapsed": 296.530077, "delta": 0.00122}}
{"target": -13.75852710239704, "params": {"gamma": 890.2235314573618, "log10_alpha": -3.08506703787993, "log10_colsample_bytree": -0.10362559105955271, "log10_eta": -3.4067079716504476, "log10_lambda": -3.2106512863607097, "log10_min_child_weight": 4.759780922041826, "log10_subsample": -0.27103507968340734, "max_depth": 5.0, "num_boost_round": 10.0}, "datetime": {"datetime": "2024-01-19 00:16:32", "elapsed": 296.5308, "delta": 0.000723}}
{"target": -13.758527631595141, "params": {"gamma": 890.2235314573618, "log10_alpha": -3.08506703787993, "log10_colsample_bytree": -0.10362559105955271, "log10_eta": -3.4067079716504476, "log10_lambda": -3.2106512863607097, "log10_min_child_weight": 4.759780922041826, "log10_subsample": -0.27103507968340734, "max_depth": 5.0, "num_boost_round": 11.0}, "datetime": {"datetime": "2024-01-19 00:16:32", "elapsed": 296.532592, "delta": 0.001792}}
{"target": -13.758527068081506, "params": {"gamma": 890.2235314573618, "log10_alpha": -3.08506703787993, "log10_colsample_bytree": -0.10362559105955271, "log10_eta": -3.4067079716504476, "log10_lambda": -3.2106512863607097, "log10_min_child_weight": 4.759780922041826, "log10_subsample": -0.27103507968340734, "max_depth": 5.0, "num_boost_round": 12.0}, "datetime": {"datetime": "2024-01-19 00:16:32", "elapsed": 296.533459, "delta": 0.000867}}
{"target": -13.758526218363235, "params": {"gamma": 890.2235314573618, "log10_alpha": -3.08506703787993, "log10_colsample_bytree": -0.10362559105955271, "log10_eta": -3.4067079716504476, "log10_lambda": -3.2106512863607097, "log10_min_child_weight": 4.759780922041826, "log10_subsample": -0.27103507968340734, "max_depth": 5.0, "num_boost_round": 13.0}, "datetime": {"datetime": "2024-01-19 00:16:32", "elapsed": 296.534369, "delta": 0.00091}}
{"target": -13.758525073621252, "params": {"gamma": 890.2235314573618, "log10_alpha": -3.08506703787993, "log10_colsample_bytree": -0.10362559105955271, "log10_eta": -3.4067079716504476, "log10_lambda": -3.2106512863607097, "log10_min_child_weight": 4.759780922041826, "log10_subsample": -0.27103507968340734, "max_depth": 5.0, "num_boost_round": 14.0}, "datetime": {"datetime": "2024-01-19 00:16:32", "elapsed": 296.630547, "delta": 0.096178}}
{"target": -13.758523101750491, "params": {"gamma": 890.2235314573618, "log10_alpha": -3.08506703787993, "log10_colsample_bytree": -0.10362559105955271, "log10_eta": -3.4067079716504476, "log10_lambda": -3.2106512863607097, "log10_min_child_weight": 4.759780922041826, "log10_subsample": -0.27103507968340734, "max_depth": 5.0, "num_boost_round": 15.0}, "datetime": {"datetime": "2024-01-19 00:16:32", "elapsed": 296.631917, "delta": 0.00137}}
{"target": -13.758521088579894, "params": {"gamma": 890.2235314573618, "log10_alpha": -3.08506703787993, "log10_colsample_bytree": -0.10362559105955271, "log10_eta": -3.4067079716504476, "log10_lambda": -3.2106512863607097, "log10_min_child_weight": 4.759780922041826, "log10_subsample": -0.27103507968340734, "max_depth": 5.0, "num_boost_round": 16.0}, "datetime": {"datetime": "2024-01-19 00:16:32", "elapsed": 296.632854, "delta": 0.000937}}
{"target": -13.758518752724122, "params": {"gamma": 890.2235314573618, "log10_alpha": -3.08506703787993, "log10_colsample_bytree": -0.10362559105955271, "log10_eta": -3.4067079716504476, "log10_lambda": -3.2106512863607097, "log10_min_child_weight": 4.759780922041826, "log10_subsample": -0.27103507968340734, "max_depth": 5.0, "num_boost_round": 17.0}, "datetime": {"datetime": "2024-01-19 00:16:32", "elapsed": 296.633735, "delta": 0.000881}}
{"target": -13.758517691491418, "params": {"gamma": 890.2235314573618, "log10_alpha": -3.08506703787993, "log10_colsample_bytree": -0.10362559105955271, "log10_eta": -3.4067079716504476, "log10_lambda": -3.2106512863607097, "log10_min_child_weight": 4.759780922041826, "log10_subsample": -0.27103507968340734, "max_depth": 5.0, "num_boost_round": 18.0}, "datetime": {"datetime": "2024-01-19 00:16:32", "elapsed": 296.634535, "delta": 0.0008}}
{"target": -13.758412369608019, "params": {"gamma": 893.7435321365406, "log10_alpha": -2.4748748917680508, "log10_colsample_bytree": -0.3540147993530608, "log10_eta": -1.8802204707366408, "log10_lambda": -1.1968538553032246, "log10_min_child_weight": 3.029080580385261, "log10_subsample": -0.8955416656456251, "max_depth": 5.0, "num_boost_round": 0.0}, "datetime": {"datetime": "2024-01-19 00:16:56", "elapsed": 320.934215, "delta": 24.29968}}
{"target": -13.758090338027538, "params": {"gamma": 893.7435321365406, "log10_alpha": -2.4748748917680508, "log10_colsample_bytree": -0.3540147993530608, "log10_eta": -1.8802204707366408, "log10_lambda": -1.1968538553032246, "log10_min_child_weight": 3.029080580385261, "log10_subsample": -0.8955416656456251, "max_depth": 5.0, "num_boost_round": 1.0}, "datetime": {"datetime": "2024-01-19 00:16:56", "elapsed": 320.935151, "delta": 0.000936}}
{"target": -13.758112986549804, "params": {"gamma": 893.7435321365406, "log10_alpha": -2.4748748917680508, "log10_colsample_bytree": -0.3540147993530608, "log10_eta": -1.8802204707366408, "log10_lambda": -1.1968538553032246, "log10_min_child_weight": 3.029080580385261, "log10_subsample": -0.8955416656456251, "max_depth": 5.0, "num_boost_round": 2.0}, "datetime": {"datetime": "2024-01-19 00:16:56", "elapsed": 320.935954, "delta": 0.000803}}
{"target": -13.758127878979291, "params": {"gamma": 893.7435321365406, "log10_alpha": -2.4748748917680508, "log10_colsample_bytree": -0.3540147993530608, "log10_eta": -1.8802204707366408, "log10_lambda": -1.1968538553032246, "log10_min_child_weight": 3.029080580385261, "log10_subsample": -0.8955416656456251, "max_depth": 5.0, "num_boost_round": 3.0}, "datetime": {"datetime": "2024-01-19 00:16:56", "elapsed": 320.936747, "delta": 0.000793}}
{"target": -13.757988857784234, "params": {"gamma": 893.7435321365406, "log10_alpha": -2.4748748917680508, "log10_colsample_bytree": -0.3540147993530608, "log10_eta": -1.8802204707366408, "log10_lambda": -1.1968538553032246, "log10_min_child_weight": 3.029080580385261, "log10_subsample": -0.8955416656456251, "max_depth": 5.0, "num_boost_round": 4.0}, "datetime": {"datetime": "2024-01-19 00:16:56", "elapsed": 320.937548, "delta": 0.000801}}
{"target": -13.758069771068984, "params": {"gamma": 893.7435321365406, "log10_alpha": -2.4748748917680508, "log10_colsample_bytree": -0.3540147993530608, "log10_eta": -1.8802204707366408, "log10_lambda": -1.1968538553032246, "log10_min_child_weight": 3.029080580385261, "log10_subsample": -0.8955416656456251, "max_depth": 5.0, "num_boost_round": 5.0}, "datetime": {"datetime": "2024-01-19 00:16:56", "elapsed": 320.938388, "delta": 0.00084}}
{"target": -13.75790101037973, "params": {"gamma": 893.7435321365406, "log10_alpha": -2.4748748917680508, "log10_colsample_bytree": -0.3540147993530608, "log10_eta": -1.8802204707366408, "log10_lambda": -1.1968538553032246, "log10_min_child_weight": 3.029080580385261, "log10_subsample": -0.8955416656456251, "max_depth": 5.0, "num_boost_round": 6.0}, "datetime": {"datetime": "2024-01-19 00:16:56", "elapsed": 320.939158, "delta": 0.00077}}
{"target": -13.757741338539093, "params": {"gamma": 893.7435321365406, "log10_alpha": -2.4748748917680508, "log10_colsample_bytree": -0.3540147993530608, "log10_eta": -1.8802204707366408, "log10_lambda": -1.1968538553032246, "log10_min_child_weight": 3.029080580385261, "log10_subsample": -0.8955416656456251, "max_depth": 5.0, "num_boost_round": 7.0}, "datetime": {"datetime": "2024-01-19 00:16:56", "elapsed": 320.939959, "delta": 0.000801}}
{"target": -13.757461841545133, "params": {"gamma": 893.7435321365406, "log10_alpha": -2.4748748917680508, "log10_colsample_bytree": -0.3540147993530608, "log10_eta": -1.8802204707366408, "log10_lambda": -1.1968538553032246, "log10_min_child_weight": 3.029080580385261, "log10_subsample": -0.8955416656456251, "max_depth": 5.0, "num_boost_round": 8.0}, "datetime": {"datetime": "2024-01-19 00:16:56", "elapsed": 320.941138, "delta": 0.001179}}
{"target": -13.75748178234758, "params": {"gamma": 893.7435321365406, "log10_alpha": -2.4748748917680508, "log10_colsample_bytree": -0.3540147993530608, "log10_eta": -1.8802204707366408, "log10_lambda": -1.1968538553032246, "log10_min_child_weight": 3.029080580385261, "log10_subsample": -0.8955416656456251, "max_depth": 5.0, "num_boost_round": 9.0}, "datetime": {"datetime": "2024-01-19 00:16:56", "elapsed": 320.941989, "delta": 0.000851}}
{"target": -13.757529347417673, "params": {"gamma": 893.7435321365406, "log10_alpha": -2.4748748917680508, "log10_colsample_bytree": -0.3540147993530608, "log10_eta": -1.8802204707366408, "log10_lambda": -1.1968538553032246, "log10_min_child_weight": 3.029080580385261, "log10_subsample": -0.8955416656456251, "max_depth": 5.0, "num_boost_round": 10.0}, "datetime": {"datetime": "2024-01-19 00:16:56", "elapsed": 320.942821, "delta": 0.000832}}
{"target": -13.757301663549352, "params": {"gamma": 893.7435321365406, "log10_alpha": -2.4748748917680508, "log10_colsample_bytree": -0.3540147993530608, "log10_eta": -1.8802204707366408, "log10_lambda": -1.1968538553032246, "log10_min_child_weight": 3.029080580385261, "log10_subsample": -0.8955416656456251, "max_depth": 5.0, "num_boost_round": 11.0}, "datetime": {"datetime": "2024-01-19 00:16:56", "elapsed": 320.943625, "delta": 0.000804}}
{"target": -13.757378151371427, "params": {"gamma": 893.7435321365406, "log10_alpha": -2.4748748917680508, "log10_colsample_bytree": -0.3540147993530608, "log10_eta": -1.8802204707366408, "log10_lambda": -1.1968538553032246, "log10_min_child_weight": 3.029080580385261, "log10_subsample": -0.8955416656456251, "max_depth": 5.0, "num_boost_round": 12.0}, "datetime": {"datetime": "2024-01-19 00:16:56", "elapsed": 320.944421, "delta": 0.000796}}
{"target": -13.75731362072996, "params": {"gamma": 893.7435321365406, "log10_alpha": -2.4748748917680508, "log10_colsample_bytree": -0.3540147993530608, "log10_eta": -1.8802204707366408, "log10_lambda": -1.1968538553032246, "log10_min_child_weight": 3.029080580385261, "log10_subsample": -0.8955416656456251, "max_depth": 5.0, "num_boost_round": 13.0}, "datetime": {"datetime": "2024-01-19 00:16:56", "elapsed": 320.945251, "delta": 0.00083}}
{"target": -13.757326475044353, "params": {"gamma": 893.7435321365406, "log10_alpha": -2.4748748917680508, "log10_colsample_bytree": -0.3540147993530608, "log10_eta": -1.8802204707366408, "log10_lambda": -1.1968538553032246, "log10_min_child_weight": 3.029080580385261, "log10_subsample": -0.8955416656456251, "max_depth": 5.0, "num_boost_round": 14.0}, "datetime": {"datetime": "2024-01-19 00:16:56", "elapsed": 320.946057, "delta": 0.000806}}
