{"target": -13.758918502920046, "params": {"gamma": 444.9635452432937, "log10_alpha": -3.5046925067625176, "log10_colsample_bytree": -0.05060804963653287, "log10_eta": -2.9653198247080983, "log10_lambda": -4.427715405297639, "log10_min_child_weight": 0.22685110535396402, "log10_subsample": -0.19826730395819236, "max_depth": 9.0, "num_boost_round": 23.0}, "datetime": {"datetime": "2024-01-19 01:15:59", "elapsed": 3862.132413, "delta": 0.005028}}
{"target": -13.75902831641554, "params": {"gamma": 444.9635452432937, "log10_alpha": -3.5046925067625176, "log10_colsample_bytree": -0.05060804963653287, "log10_eta": -2.9653198247080983, "log10_lambda": -4.427715405297639, "log10_min_child_weight": 0.22685110535396402, "log10_subsample": -0.19826730395819236, "max_depth": 9.0, "num_boost_round": 24.0}, "datetime": {"datetime": "2024-01-19 01:15:59", "elapsed": 3862.137407, "delta": 0.004994}}
{"target": -13.759056991344348, "params": {"gamma": 444.9635452432937, "log10_alpha": -3.5046925067625176, "log10_colsample_bytree": -0.05060804963653287, "log10_eta": -2.9653198247080983, "log10_lambda": -4.427715405297639, "log10_min_child_weight": 0.22685110535396402, "log10_subsample": -0.19826730395819236, "max_depth": 9.0, "num_boost_round": 25.0}, "datetime": {"datetime": "2024-01-19 01:15:59", "elapsed": 3862.142441, "delta": 0.005034}}
{"target": -13.759134318892489, "params": {"gamma": 444.9635452432937, "log10_alpha": -3.5046925067625176, "log10_colsample_bytree": -0.05060804963653287, "log10_eta": -2.9653198247080983, "log10_lambda": -4.427715405297639, "log10_min_child_weight": 0.22685110535396402, "log10_subsample": -0.19826730395819236, "max_depth": 9.0, "num_boost_round": 26.0}, "datetime": {"datetime": "2024-01-19 01:15:59", "elapsed": 3862.147506, "delta": 0.005065}}
{"target": -13.75919008460097, "params": {"gamma": 444.9635452432937, "log10_alpha": -3.5046925067625176, "log10_colsample_bytree": -0.05060804963653287, "log10_eta": -2.9653198247080983, "log10_lambda": -4.427715405297639, "log10_min_child_weight": 0.22685110535396402, "log10_subsample": -0.19826730395819236, "max_depth": 9.0, "num_boost_round": 27.0}, "datetime": {"datetime": "2024-01-19 01:15:59", "elapsed": 3862.152636, "delta": 0.00513}}
{"target": -13.759219406673102, "params": {"gamma": 444.9635452432937, "log10_alpha": -3.5046925067625176, "log10_colsample_bytree": -0.05060804963653287, "log10_eta": -2.9653198247080983, "log10_lambda": -4.427715405297639, "log10_min_child_weight": 0.22685110535396402, "log10_subsample": -0.19826730395819236, "max_depth": 9.0, "num_boost_round": 28.0}, "datetime": {"datetime": "2024-01-19 01:15:59", "elapsed": 3862.157655, "delta": 0.005019}}
{"target": -13.759207909174744, "params": {"gamma": 444.9635452432937, "log10_alpha": -3.5046925067625176, "log10_colsample_bytree": -0.05060804963653287, "log10_eta": -2.9653198247080983, "log10_lambda": -4.427715405297639, "log10_min_child_weight": 0.22685110535396402, "log10_subsample": -0.19826730395819236, "max_depth": 9.0, "num_boost_round": 29.0}, "datetime": {"datetime": "2024-01-19 01:15:59", "elapsed": 3862.163044, "delta": 0.005389}}
{"target": -13.759196002563932, "params": {"gamma": 444.9635452432937, "log10_alpha": -3.5046925067625176, "log10_colsample_bytree": -0.05060804963653287, "log10_eta": -2.9653198247080983, "log10_lambda": -4.427715405297639, "log10_min_child_weight": 0.22685110535396402, "log10_subsample": -0.19826730395819236, "max_depth": 9.0, "num_boost_round": 30.0}, "datetime": {"datetime": "2024-01-19 01:15:59", "elapsed": 3862.168114, "delta": 0.00507}}
{"target": -13.759214181195572, "params": {"gamma": 444.9635452432937, "log10_alpha": -3.5046925067625176, "log10_colsample_bytree": -0.05060804963653287, "log10_eta": -2.9653198247080983, "log10_lambda": -4.427715405297639, "log10_min_child_weight": 0.22685110535396402, "log10_subsample": -0.19826730395819236, "max_depth": 9.0, "num_boost_round": 31.0}, "datetime": {"datetime": "2024-01-19 01:15:59", "elapsed": 3862.173209, "delta": 0.005095}}
{"target": -13.759241518830335, "params": {"gamma": 444.9635452432937, "log10_alpha": -3.5046925067625176, "log10_colsample_bytree": -0.05060804963653287, "log10_eta": -2.9653198247080983, "log10_lambda": -4.427715405297639, "log10_min_child_weight": 0.22685110535396402, "log10_subsample": -0.19826730395819236, "max_depth": 9.0, "num_boost_round": 32.0}, "datetime": {"datetime": "2024-01-19 01:15:59", "elapsed": 3862.178313, "delta": 0.005104}}
{"target": -13.759215469903824, "params": {"gamma": 444.9635452432937, "log10_alpha": -3.5046925067625176, "log10_colsample_bytree": -0.05060804963653287, "log10_eta": -2.9653198247080983, "log10_lambda": -4.427715405297639, "log10_min_child_weight": 0.22685110535396402, "log10_subsample": -0.19826730395819236, "max_depth": 9.0, "num_boost_round": 33.0}, "datetime": {"datetime": "2024-01-19 01:15:59", "elapsed": 3862.274972, "delta": 0.096659}}
{"target": -13.759240313429933, "params": {"gamma": 444.9635452432937, "log10_alpha": -3.5046925067625176, "log10_colsample_bytree": -0.05060804963653287, "log10_eta": -2.9653198247080983, "log10_lambda": -4.427715405297639, "log10_min_child_weight": 0.22685110535396402, "log10_subsample": -0.19826730395819236, "max_depth": 9.0, "num_boost_round": 34.0}, "datetime": {"datetime": "2024-01-19 01:15:59", "elapsed": 3862.28057, "delta": 0.005598}}
{"target": -13.75927483744446, "params": {"gamma": 444.9635452432937, "log10_alpha": -3.5046925067625176, "log10_colsample_bytree": -0.05060804963653287, "log10_eta": -2.9653198247080983, "log10_lambda": -4.427715405297639, "log10_min_child_weight": 0.22685110535396402, "log10_subsample": -0.19826730395819236, "max_depth": 9.0, "num_boost_round": 35.0}, "datetime": {"datetime": "2024-01-19 01:15:59", "elapsed": 3862.285786, "delta": 0.005216}}
{"target": -13.759330362197463, "params": {"gamma": 444.9635452432937, "log10_alpha": -3.5046925067625176, "log10_colsample_bytree": -0.05060804963653287, "log10_eta": -2.9653198247080983, "log10_lambda": -4.427715405297639, "log10_min_child_weight": 0.22685110535396402, "log10_subsample": -0.19826730395819236, "max_depth": 9.0, "num_boost_round": 36.0}, "datetime": {"datetime": "2024-01-19 01:15:59", "elapsed": 3862.290918, "delta": 0.005132}}
{"target": -13.759402405823371, "params": {"gamma": 444.9635452432937, "log10_alpha": -3.5046925067625176, "log10_colsample_bytree": -0.05060804963653287, "log10_eta": -2.9653198247080983, "log10_lambda": -4.427715405297639, "log10_min_child_weight": 0.22685110535396402, "log10_subsample": -0.19826730395819236, "max_depth": 9.0, "num_boost_round": 37.0}, "datetime": {"datetime": "2024-01-19 01:15:59", "elapsed": 3862.296064, "delta": 0.005146}}
{"target": -13.75943854595481, "params": {"gamma": 444.9635452432937, "log10_alpha": -3.5046925067625176, "log10_colsample_bytree": -0.05060804963653287, "log10_eta": -2.9653198247080983, "log10_lambda": -4.427715405297639, "log10_min_child_weight": 0.22685110535396402, "log10_subsample": -0.19826730395819236, "max_depth": 9.0, "num_boost_round": 38.0}, "datetime": {"datetime": "2024-01-19 01:15:59", "elapsed": 3862.301233, "delta": 0.005169}}
{"target": -13.759447034429746, "params": {"gamma": 444.9635452432937, "log10_alpha": -3.5046925067625176, "log10_colsample_bytree": -0.05060804963653287, "log10_eta": -2.9653198247080983, "log10_lambda": -4.427715405297639, "log10_min_child_weight": 0.22685110535396402, "log10_subsample": -0.19826730395819236, "max_depth": 9.0, "num_boost_round": 39.0}, "datetime": {"datetime": "2024-01-19 01:15:59", "elapsed": 3862.30655, "delta": 0.005317}}
{"target": -13.759486340714048, "params": {"gamma": 444.9635452432937, "log10_alpha": -3.5046925067625176, "log10_colsample_bytree": -0.05060804963653287, "log10_eta": -2.9653198247080983, "log10_lambda": -4.427715405297639, "log10_min_child_weight": 0.22685110535396402, "log10_subsample": -0.19826730395819236, "max_depth": 9.0, "num_boost_round": 40.0}, "datetime": {"datetime": "2024-01-19 01:15:59", "elapsed": 3862.311649, "delta": 0.005099}}
{"target": -13.75950646052129, "params": {"gamma": 444.9635452432937, "log10_alpha": -3.5046925067625176, "log10_colsample_bytree": -0.05060804963653287, "log10_eta": -2.9653198247080983, "log10_lambda": -4.427715405297639, "log10_min_child_weight": 0.22685110535396402, "log10_subsample": -0.19826730395819236, "max_depth": 9.0, "num_boost_round": 41.0}, "datetime": {"datetime": "2024-01-19 01:15:59", "elapsed": 3862.31677, "delta": 0.005121}}
{"target": -13.759541158208703, "params": {"gamma": 444.9635452432937, "log10_alpha": -3.5046925067625176, "log10_colsample_bytree": -0.05060804963653287, "log10_eta": -2.9653198247080983, "log10_lambda": -4.427715405297639, "log10_min_child_weight": 0.22685110535396402, "log10_subsample": -0.19826730395819236, "max_depth": 9.0, "num_boost_round": 42.0}, "datetime": {"datetime": "2024-01-19 01:15:59", "elapsed": 3862.3223, "delta": 0.00553}}
{"target": -13.75956746836916, "params": {"gamma": 444.9635452432937, "log10_alpha": -3.5046925067625176, "log10_colsample_bytree": -0.05060804963653287, "log10_eta": -2.9653198247080983, "log10_lambda": -4.427715405297639, "log10_min_child_weight": 0.22685110535396402, "log10_subsample": -0.19826730395819236, "max_depth": 9.0, "num_boost_round": 43.0}, "datetime": {"datetime": "2024-01-19 01:15:59", "elapsed": 3862.327479, "delta": 0.005179}}
{"target": -13.75964357670115, "params": {"gamma": 444.9635452432937, "log10_alpha": -3.5046925067625176, "log10_colsample_bytree": -0.05060804963653287, "log10_eta": -2.9653198247080983, "log10_lambda": -4.427715405297639, "log10_min_child_weight": 0.22685110535396402, "log10_subsample": -0.19826730395819236, "max_depth": 9.0, "num_boost_round": 44.0}, "datetime": {"datetime": "2024-01-19 01:15:59", "elapsed": 3862.332717, "delta": 0.005238}}
{"target": -13.759663930217163, "params": {"gamma": 444.9635452432937, "log10_alpha": -3.5046925067625176, "log10_colsample_bytree": -0.05060804963653287, "log10_eta": -2.9653198247080983, "log10_lambda": -4.427715405297639, "log10_min_child_weight": 0.22685110535396402, "log10_subsample": -0.19826730395819236, "max_depth": 9.0, "num_boost_round": 45.0}, "datetime": {"datetime": "2024-01-19 01:15:59", "elapsed": 3862.337968, "delta": 0.005251}}
{"target": -13.759692845042432, "params": {"gamma": 444.9635452432937, "log10_alpha": -3.5046925067625176, "log10_colsample_bytree": -0.05060804963653287, "log10_eta": -2.9653198247080983, "log10_lambda": -4.427715405297639, "log10_min_child_weight": 0.22685110535396402, "log10_subsample": -0.19826730395819236, "max_depth": 9.0, "num_boost_round": 46.0}, "datetime": {"datetime": "2024-01-19 01:15:59", "elapsed": 3862.343086, "delta": 0.005118}}
{"target": -13.759788455864939, "params": {"gamma": 444.9635452432937, "log10_alpha": -3.5046925067625176, "log10_colsample_bytree": -0.05060804963653287, "log10_eta": -2.9653198247080983, "log10_lambda": -4.427715405297639, "log10_min_child_weight": 0.22685110535396402, "log10_subsample": -0.19826730395819236, "max_depth": 9.0, "num_boost_round": 47.0}, "datetime": {"datetime": "2024-01-19 01:15:59", "elapsed": 3862.348227, "delta": 0.005141}}
{"target": -13.759789546717343, "params": {"gamma": 444.9635452432937, "log10_alpha": -3.5046925067625176, "log10_colsample_bytree": -0.05060804963653287, "log10_eta": -2.9653198247080983, "log10_lambda": -4.427715405297639, "log10_min_child_weight": 0.22685110535396402, "log10_subsample": -0.19826730395819236, "max_depth": 9.0, "num_boost_round": 48.0}, "datetime": {"datetime": "2024-01-19 01:15:59", "elapsed": 3862.353359, "delta": 0.005132}}
{"target": -13.759776390768266, "params": {"gamma": 444.9635452432937, "log10_alpha": -3.5046925067625176, "log10_colsample_bytree": -0.05060804963653287, "log10_eta": -2.9653198247080983, "log10_lambda": -4.427715405297639, "log10_min_child_weight": 0.22685110535396402, "log10_subsample": -0.19826730395819236, "max_depth": 9.0, "num_boost_round": 49.0}, "datetime": {"datetime": "2024-01-19 01:15:59", "elapsed": 3862.358488, "delta": 0.005129}}
{"target": -13.759768964042141, "params": {"gamma": 444.9635452432937, "log10_alpha": -3.5046925067625176, "log10_colsample_bytree": -0.05060804963653287, "log10_eta": -2.9653198247080983, "log10_lambda": -4.427715405297639, "log10_min_child_weight": 0.22685110535396402, "log10_subsample": -0.19826730395819236, "max_depth": 9.0, "num_boost_round": 50.0}, "datetime": {"datetime": "2024-01-19 01:15:59", "elapsed": 3862.363664, "delta": 0.005176}}
{"target": -13.759780933719144, "params": {"gamma": 444.9635452432937, "log10_alpha": -3.5046925067625176, "log10_colsample_bytree": -0.05060804963653287, "log10_eta": -2.9653198247080983, "log10_lambda": -4.427715405297639, "log10_min_child_weight": 0.22685110535396402, "log10_subsample": -0.19826730395819236, "max_depth": 9.0, "num_boost_round": 51.0}, "datetime": {"datetime": "2024-01-19 01:15:59", "elapsed": 3862.368937, "delta": 0.005273}}
{"target": -13.758486318963136, "params": {"gamma": 442.8573236567812, "log10_alpha": -3.9486238156586557, "log10_colsample_bytree": -0.7126579171957953, "log10_eta": -2.4109405551879948, "log10_lambda": 0.44644386337991904, "log10_min_child_weight": 2.9698155963955672, "log10_subsample": -0.5672736102501432, "max_depth": 2.0, "num_boost_round": 0.0}, "datetime": {"datetime": "2024-01-19 01:17:57", "elapsed": 3980.113004, "delta": 117.744067}}
{"target": -13.758417843948992, "params": {"gamma": 442.8573236567812, "log10_alpha": -3.9486238156586557, "log10_colsample_bytree": -0.7126579171957953, "log10_eta": -2.4109405551879948, "log10_lambda": 0.44644386337991904, "log10_min_child_weight": 2.9698155963955672, "log10_subsample": -0.5672736102501432, "max_depth": 2.0, "num_boost_round": 1.0}, "datetime": {"datetime": "2024-01-19 01:17:57", "elapsed": 3980.118403, "delta": 0.005399}}
{"target": -13.758418236930664, "params": {"gamma": 442.8573236567812, "log10_alpha": -3.9486238156586557, "log10_colsample_bytree": -0.7126579171957953, "log10_eta": -2.4109405551879948, "log10_lambda": 0.44644386337991904, "log10_min_child_weight": 2.9698155963955672, "log10_subsample": -0.5672736102501432, "max_depth": 2.0, "num_boost_round": 2.0}, "datetime": {"datetime": "2024-01-19 01:17:57", "elapsed": 3980.123634, "delta": 0.005231}}
{"target": -13.758419851223183, "params": {"gamma": 442.8573236567812, "log10_alpha": -3.9486238156586557, "log10_colsample_bytree": -0.7126579171957953, "log10_eta": -2.4109405551879948, "log10_lambda": 0.44644386337991904, "log10_min_child_weight": 2.9698155963955672, "log10_subsample": -0.5672736102501432, "max_depth": 2.0, "num_boost_round": 3.0}, "datetime": {"datetime": "2024-01-19 01:17:57", "elapsed": 3980.128754, "delta": 0.00512}}
{"target": -13.758393358580278, "params": {"gamma": 442.8573236567812, "log10_alpha": -3.9486238156586557, "log10_colsample_bytree": -0.7126579171957953, "log10_eta": -2.4109405551879948, "log10_lambda": 0.44644386337991904, "log10_min_child_weight": 2.9698155963955672, "log10_subsample": -0.5672736102501432, "max_depth": 2.0, "num_boost_round": 4.0}, "datetime": {"datetime": "2024-01-19 01:17:57", "elapsed": 3980.134203, "delta": 0.005449}}
{"target": -13.758368793249298, "params": {"gamma": 442.8573236567812, "log10_alpha": -3.9486238156586557, "log10_colsample_bytree": -0.7126579171957953, "log10_eta": -2.4109405551879948, "log10_lambda": 0.44644386337991904, "log10_min_child_weight": 2.9698155963955672, "log10_subsample": -0.5672736102501432, "max_depth": 2.0, "num_boost_round": 5.0}, "datetime": {"datetime": "2024-01-19 01:17:57", "elapsed": 3980.139317, "delta": 0.005114}}
{"target": -13.758349195739811, "params": {"gamma": 442.8573236567812, "log10_alpha": -3.9486238156586557, "log10_colsample_bytree": -0.7126579171957953, "log10_eta": -2.4109405551879948, "log10_lambda": 0.44644386337991904, "log10_min_child_weight": 2.9698155963955672, "log10_subsample": -0.5672736102501432, "max_depth": 2.0, "num_boost_round": 6.0}, "datetime": {"datetime": "2024-01-19 01:17:57", "elapsed": 3980.144469, "delta": 0.005152}}
{"target": -13.758274849849174, "params": {"gamma": 442.8573236567812, "log10_alpha": -3.9486238156586557, "log10_colsample_bytree": -0.7126579171957953, "log10_eta": -2.4109405551879948, "log10_lambda": 0.44644386337991904, "log10_min_child_weight": 2.9698155963955672, "log10_subsample": -0.5672736102501432, "max_depth": 2.0, "num_boost_round": 7.0}, "datetime": {"datetime": "2024-01-19 01:17:57", "elapsed": 3980.149648, "delta": 0.005179}}
{"target": -13.758266983323459, "params": {"gamma": 442.8573236567812, "log10_alpha": -3.9486238156586557, "log10_colsample_bytree": -0.7126579171957953, "log10_eta": -2.4109405551879948, "log10_lambda": 0.44644386337991904, "log10_min_child_weight": 2.9698155963955672, "log10_subsample": -0.5672736102501432, "max_depth": 2.0, "num_boost_round": 8.0}, "datetime": {"datetime": "2024-01-19 01:17:57", "elapsed": 3980.154716, "delta": 0.005068}}
{"target": -13.758212249924405, "params": {"gamma": 442.8573236567812, "log10_alpha": -3.9486238156586557, "log10_colsample_bytree": -0.7126579171957953, "log10_eta": -2.4109405551879948, "log10_lambda": 0.44644386337991904, "log10_min_child_weight": 2.9698155963955672, "log10_subsample": -0.5672736102501432, "max_depth": 2.0, "num_boost_round": 9.0}, "datetime": {"datetime": "2024-01-19 01:17:57", "elapsed": 3980.159804, "delta": 0.005088}}
{"target": -13.758182462799663, "params": {"gamma": 442.8573236567812, "log10_alpha": -3.9486238156586557, "log10_colsample_bytree": -0.7126579171957953, "log10_eta": -2.4109405551879948, "log10_lambda": 0.44644386337991904, "log10_min_child_weight": 2.9698155963955672, "log10_subsample": -0.5672736102501432, "max_depth": 2.0, "num_boost_round": 10.0}, "datetime": {"datetime": "2024-01-19 01:17:57", "elapsed": 3980.165422, "delta": 0.005618}}
{"target": -13.758165386280362, "params": {"gamma": 442.8573236567812, "log10_alpha": -3.9486238156586557, "log10_colsample_bytree": -0.7126579171957953, "log10_eta": -2.4109405551879948, "log10_lambda": 0.44644386337991904, "log10_min_child_weight": 2.9698155963955672, "log10_subsample": -0.5672736102501432, "max_depth": 2.0, "num_boost_round": 11.0}, "datetime": {"datetime": "2024-01-19 01:17:57", "elapsed": 3980.170634, "delta": 0.005212}}
{"target": -13.758153912430007, "params": {"gamma": 442.8573236567812, "log10_alpha": -3.9486238156586557, "log10_colsample_bytree": -0.7126579171957953, "log10_eta": -2.4109405551879948, "log10_lambda": 0.44644386337991904, "log10_min_child_weight": 2.9698155963955672, "log10_subsample": -0.5672736102501432, "max_depth": 2.0, "num_boost_round": 12.0}, "datetime": {"datetime": "2024-01-19 01:17:57", "elapsed": 3980.175798, "delta": 0.005164}}
{"target": -13.758118460228038, "params": {"gamma": 442.8573236567812, "log10_alpha": -3.9486238156586557, "log10_colsample_bytree": -0.7126579171957953, "log10_eta": -2.4109405551879948, "log10_lambda": 0.44644386337991904, "log10_min_child_weight": 2.9698155963955672, "log10_subsample": -0.5672736102501432, "max_depth": 2.0, "num_boost_round": 13.0}, "datetime": {"datetime": "2024-01-19 01:17:57", "elapsed": 3980.180947, "delta": 0.005149}}
{"target": -13.758093853732316, "params": {"gamma": 442.8573236567812, "log10_alpha": -3.9486238156586557, "log10_colsample_bytree": -0.7126579171957953, "log10_eta": -2.4109405551879948, "log10_lambda": 0.44644386337991904, "log10_min_child_weight": 2.9698155963955672, "log10_subsample": -0.5672736102501432, "max_depth": 2.0, "num_boost_round": 14.0}, "datetime": {"datetime": "2024-01-19 01:17:57", "elapsed": 3980.186087, "delta": 0.00514}}
{"target": -13.758017524483757, "params": {"gamma": 442.8573236567812, "log10_alpha": -3.9486238156586557, "log10_colsample_bytree": -0.7126579171957953, "log10_eta": -2.4109405551879948, "log10_lambda": 0.44644386337991904, "log10_min_child_weight": 2.9698155963955672, "log10_subsample": -0.5672736102501432, "max_depth": 2.0, "num_boost_round": 15.0}, "datetime": {"datetime": "2024-01-19 01:17:57", "elapsed": 3980.191331, "delta": 0.005244}}
{"target": -13.75801105651621, "params": {"gamma": 442.8573236567812, "log10_alpha": -3.9486238156586557, "log10_colsample_bytree": -0.7126579171957953, "log10_eta": -2.4109405551879948, "log10_lambda": 0.44644386337991904, "log10_min_child_weight": 2.9698155963955672, "log10_subsample": -0.5672736102501432, "max_depth": 2.0, "num_boost_round": 16.0}, "datetime": {"datetime": "2024-01-19 01:17:57", "elapsed": 3980.196689, "delta": 0.005358}}
{"target": -13.757979923680363, "params": {"gamma": 442.8573236567812, "log10_alpha": -3.9486238156586557, "log10_colsample_bytree": -0.7126579171957953, "log10_eta": -2.4109405551879948, "log10_lambda": 0.44644386337991904, "log10_min_child_weight": 2.9698155963955672, "log10_subsample": -0.5672736102501432, "max_depth": 2.0, "num_boost_round": 17.0}, "datetime": {"datetime": "2024-01-19 01:17:57", "elapsed": 3980.202016, "delta": 0.005327}}
{"target": -13.757963717619797, "params": {"gamma": 442.8573236567812, "log10_alpha": -3.9486238156586557, "log10_colsample_bytree": -0.7126579171957953, "log10_eta": -2.4109405551879948, "log10_lambda": 0.44644386337991904, "log10_min_child_weight": 2.9698155963955672, "log10_subsample": -0.5672736102501432, "max_depth": 2.0, "num_boost_round": 18.0}, "datetime": {"datetime": "2024-01-19 01:17:57", "elapsed": 3980.207159, "delta": 0.005143}}
{"target": -13.757913249124977, "params": {"gamma": 442.8573236567812, "log10_alpha": -3.9486238156586557, "log10_colsample_bytree": -0.7126579171957953, "log10_eta": -2.4109405551879948, "log10_lambda": 0.44644386337991904, "log10_min_child_weight": 2.9698155963955672, "log10_subsample": -0.5672736102501432, "max_depth": 2.0, "num_boost_round": 19.0}, "datetime": {"datetime": "2024-01-19 01:17:57", "elapsed": 3980.2124, "delta": 0.005241}}
