{"target": -13.75850570874012, "params": {"gamma": 704.5232236537134, "log10_alpha": -3.2977196672743134, "log10_colsample_bytree": -0.6902032566434609, "log10_eta": -3.6851745406723677, "log10_lambda": -3.0993357345245904, "log10_min_child_weight": 3.595080718271317, "log10_subsample": -0.35178553119783873, "max_depth": 9.0, "num_boost_round": 9.0}, "datetime": {"datetime": "2024-01-19 00:50:24", "elapsed": 2323.682605, "delta": 0.002632}}
{"target": -13.758498831870476, "params": {"gamma": 704.5232236537134, "log10_alpha": -3.2977196672743134, "log10_colsample_bytree": -0.6902032566434609, "log10_eta": -3.6851745406723677, "log10_lambda": -3.0993357345245904, "log10_min_child_weight": 3.595080718271317, "log10_subsample": -0.35178553119783873, "max_depth": 9.0, "num_boost_round": 10.0}, "datetime": {"datetime": "2024-01-19 00:50:24", "elapsed": 2323.685186, "delta": 0.002581}}
{"target": -13.758497161822559, "params": {"gamma": 704.5232236537134, "log10_alpha": -3.2977196672743134, "log10_colsample_bytree": -0.6902032566434609, "log10_eta": -3.6851745406723677, "log10_lambda": -3.0993357345245904, "log10_min_child_weight": 3.595080718271317, "log10_subsample": -0.35178553119783873, "max_depth": 9.0, "num_boost_round": 11.0}, "datetime": {"datetime": "2024-01-19 00:50:24", "elapsed": 2323.687741, "delta": 0.002555}}
{"target": -13.758494658224118, "params": {"gamma": 704.5232236537134, "log10_alpha": -3.2977196672743134, "log10_colsample_bytree": -0.6902032566434609, "log10_eta": -3.6851745406723677, "log10_lambda": -3.0993357345245904, "log10_min_child_weight": 3.595080718271317, "log10_subsample": -0.35178553119783873, "max_depth": 9.0, "num_boost_round": 12.0}, "datetime": {"datetime": "2024-01-19 00:50:24", "elapsed": 2323.690233, "delta": 0.002492}}
{"target": -13.758489525952116, "params": {"gamma": 704.5232236537134, "log10_alpha": -3.2977196672743134, "log10_colsample_bytree": -0.6902032566434609, "log10_eta": -3.6851745406723677, "log10_lambda": -3.0993357345245904, "log10_min_child_weight": 3.595080718271317, "log10_subsample": -0.35178553119783873, "max_depth": 9.0, "num_boost_round": 13.0}, "datetime": {"datetime": "2024-01-19 00:50:24", "elapsed": 2323.692845, "delta": 0.002612}}
{"target": -13.758487198886593, "params": {"gamma": 704.5232236537134, "log10_alpha": -3.2977196672743134, "log10_colsample_bytree": -0.6902032566434609, "log10_eta": -3.6851745406723677, "log10_lambda": -3.0993357345245904, "log10_min_child_weight": 3.595080718271317, "log10_subsample": -0.35178553119783873, "max_depth": 9.0, "num_boost_round": 14.0}, "datetime": {"datetime": "2024-01-19 00:50:24", "elapsed": 2323.695341, "delta": 0.002496}}
{"target": -13.758483720076443, "params": {"gamma": 704.5232236537134, "log10_alpha": -3.2977196672743134, "log10_colsample_bytree": -0.6902032566434609, "log10_eta": -3.6851745406723677, "log10_lambda": -3.0993357345245904, "log10_min_child_weight": 3.595080718271317, "log10_subsample": -0.35178553119783873, "max_depth": 9.0, "num_boost_round": 15.0}, "datetime": {"datetime": "2024-01-19 00:50:24", "elapsed": 2323.702732, "delta": 0.007391}}
{"target": -13.7584814794314, "params": {"gamma": 704.5232236537134, "log10_alpha": -3.2977196672743134, "log10_colsample_bytree": -0.6902032566434609, "log10_eta": -3.6851745406723677, "log10_lambda": -3.0993357345245904, "log10_min_child_weight": 3.595080718271317, "log10_subsample": -0.35178553119783873, "max_depth": 9.0, "num_boost_round": 16.0}, "datetime": {"datetime": "2024-01-19 00:50:24", "elapsed": 2323.705343, "delta": 0.002611}}
{"target": -13.758478941290667, "params": {"gamma": 704.5232236537134, "log10_alpha": -3.2977196672743134, "log10_colsample_bytree": -0.6902032566434609, "log10_eta": -3.6851745406723677, "log10_lambda": -3.0993357345245904, "log10_min_child_weight": 3.595080718271317, "log10_subsample": -0.35178553119783873, "max_depth": 9.0, "num_boost_round": 17.0}, "datetime": {"datetime": "2024-01-19 00:50:24", "elapsed": 2323.707925, "delta": 0.002582}}
{"target": -13.75848378824697, "params": {"gamma": 704.5232236537134, "log10_alpha": -3.2977196672743134, "log10_colsample_bytree": -0.6902032566434609, "log10_eta": -3.6851745406723677, "log10_lambda": -3.0993357345245904, "log10_min_child_weight": 3.595080718271317, "log10_subsample": -0.35178553119783873, "max_depth": 9.0, "num_boost_round": 18.0}, "datetime": {"datetime": "2024-01-19 00:50:24", "elapsed": 2323.71043, "delta": 0.002505}}
{"target": -13.758477304979333, "params": {"gamma": 704.5232236537134, "log10_alpha": -3.2977196672743134, "log10_colsample_bytree": -0.6902032566434609, "log10_eta": -3.6851745406723677, "log10_lambda": -3.0993357345245904, "log10_min_child_weight": 3.595080718271317, "log10_subsample": -0.35178553119783873, "max_depth": 9.0, "num_boost_round": 19.0}, "datetime": {"datetime": "2024-01-19 00:50:24", "elapsed": 2323.713075, "delta": 0.002645}}
{"target": -13.758475177165165, "params": {"gamma": 704.5232236537134, "log10_alpha": -3.2977196672743134, "log10_colsample_bytree": -0.6902032566434609, "log10_eta": -3.6851745406723677, "log10_lambda": -3.0993357345245904, "log10_min_child_weight": 3.595080718271317, "log10_subsample": -0.35178553119783873, "max_depth": 9.0, "num_boost_round": 20.0}, "datetime": {"datetime": "2024-01-19 00:50:24", "elapsed": 2323.715567, "delta": 0.002492}}
{"target": -13.758477556073332, "params": {"gamma": 704.5232236537134, "log10_alpha": -3.2977196672743134, "log10_colsample_bytree": -0.6902032566434609, "log10_eta": -3.6851745406723677, "log10_lambda": -3.0993357345245904, "log10_min_child_weight": 3.595080718271317, "log10_subsample": -0.35178553119783873, "max_depth": 9.0, "num_boost_round": 21.0}, "datetime": {"datetime": "2024-01-19 00:50:24", "elapsed": 2323.718511, "delta": 0.002944}}
{"target": -13.758470485486674, "params": {"gamma": 704.5232236537134, "log10_alpha": -3.2977196672743134, "log10_colsample_bytree": -0.6902032566434609, "log10_eta": -3.6851745406723677, "log10_lambda": -3.0993357345245904, "log10_min_child_weight": 3.595080718271317, "log10_subsample": -0.35178553119783873, "max_depth": 9.0, "num_boost_round": 22.0}, "datetime": {"datetime": "2024-01-19 00:50:24", "elapsed": 2323.72165, "delta": 0.003139}}
{"target": -13.758470861976155, "params": {"gamma": 704.5232236537134, "log10_alpha": -3.2977196672743134, "log10_colsample_bytree": -0.6902032566434609, "log10_eta": -3.6851745406723677, "log10_lambda": -3.0993357345245904, "log10_min_child_weight": 3.595080718271317, "log10_subsample": -0.35178553119783873, "max_depth": 9.0, "num_boost_round": 23.0}, "datetime": {"datetime": "2024-01-19 00:50:24", "elapsed": 2323.724552, "delta": 0.002902}}
{"target": -13.75846783039047, "params": {"gamma": 704.5232236537134, "log10_alpha": -3.2977196672743134, "log10_colsample_bytree": -0.6902032566434609, "log10_eta": -3.6851745406723677, "log10_lambda": -3.0993357345245904, "log10_min_child_weight": 3.595080718271317, "log10_subsample": -0.35178553119783873, "max_depth": 9.0, "num_boost_round": 24.0}, "datetime": {"datetime": "2024-01-19 00:50:24", "elapsed": 2323.727156, "delta": 0.002604}}
{"target": -13.758468388397924, "params": {"gamma": 704.5232236537134, "log10_alpha": -3.2977196672743134, "log10_colsample_bytree": -0.6902032566434609, "log10_eta": -3.6851745406723677, "log10_lambda": -3.0993357345245904, "log10_min_child_weight": 3.595080718271317, "log10_subsample": -0.35178553119783873, "max_depth": 9.0, "num_boost_round": 25.0}, "datetime": {"datetime": "2024-01-19 00:50:24", "elapsed": 2323.729683, "delta": 0.002527}}
{"target": -13.758464915159276, "params": {"gamma": 704.5232236537134, "log10_alpha": -3.2977196672743134, "log10_colsample_bytree": -0.6902032566434609, "log10_eta": -3.6851745406723677, "log10_lambda": -3.0993357345245904, "log10_min_child_weight": 3.595080718271317, "log10_subsample": -0.35178553119783873, "max_depth": 9.0, "num_boost_round": 26.0}, "datetime": {"datetime": "2024-01-19 00:50:24", "elapsed": 2323.7322, "delta": 0.002517}}
{"target": -13.75846186671413, "params": {"gamma": 704.5232236537134, "log10_alpha": -3.2977196672743134, "log10_colsample_bytree": -0.6902032566434609, "log10_eta": -3.6851745406723677, "log10_lambda": -3.0993357345245904, "log10_min_child_weight": 3.595080718271317, "log10_subsample": -0.35178553119783873, "max_depth": 9.0, "num_boost_round": 27.0}, "datetime": {"datetime": "2024-01-19 00:50:24", "elapsed": 2323.73489, "delta": 0.00269}}
{"target": -13.758455284415552, "params": {"gamma": 704.5232236537134, "log10_alpha": -3.2977196672743134, "log10_colsample_bytree": -0.6902032566434609, "log10_eta": -3.6851745406723677, "log10_lambda": -3.0993357345245904, "log10_min_child_weight": 3.595080718271317, "log10_subsample": -0.35178553119783873, "max_depth": 9.0, "num_boost_round": 28.0}, "datetime": {"datetime": "2024-01-19 00:50:24", "elapsed": 2323.737582, "delta": 0.002692}}
{"target": -13.758454605790506, "params": {"gamma": 704.5232236537134, "log10_alpha": -3.2977196672743134, "log10_colsample_bytree": -0.6902032566434609, "log10_eta": -3.6851745406723677, "log10_lambda": -3.0993357345245904, "log10_min_child_weight": 3.595080718271317, "log10_subsample": -0.35178553119783873, "max_depth": 9.0, "num_boost_round": 29.0}, "datetime": {"datetime": "2024-01-19 00:50:24", "elapsed": 2323.740281, "delta": 0.002699}}
{"target": -13.758451491198965, "params": {"gamma": 704.5232236537134, "log10_alpha": -3.2977196672743134, "log10_colsample_bytree": -0.6902032566434609, "log10_eta": -3.6851745406723677, "log10_lambda": -3.0993357345245904, "log10_min_child_weight": 3.595080718271317, "log10_subsample": -0.35178553119783873, "max_depth": 9.0, "num_boost_round": 30.0}, "datetime": {"datetime": "2024-01-19 00:50:24", "elapsed": 2323.742908, "delta": 0.002627}}
{"target": -13.758445288453395, "params": {"gamma": 704.5232236537134, "log10_alpha": -3.2977196672743134, "log10_colsample_bytree": -0.6902032566434609, "log10_eta": -3.6851745406723677, "log10_lambda": -3.0993357345245904, "log10_min_child_weight": 3.595080718271317, "log10_subsample": -0.35178553119783873, "max_depth": 9.0, "num_boost_round": 31.0}, "datetime": {"datetime": "2024-01-19 00:50:24", "elapsed": 2323.745509, "delta": 0.002601}}
{"target": -13.758442105234366, "params": {"gamma": 704.5232236537134, "log10_alpha": -3.2977196672743134, "log10_colsample_bytree": -0.6902032566434609, "log10_eta": -3.6851745406723677, "log10_lambda": -3.0993357345245904, "log10_min_child_weight": 3.595080718271317, "log10_subsample": -0.35178553119783873, "max_depth": 9.0, "num_boost_round": 32.0}, "datetime": {"datetime": "2024-01-19 00:50:24", "elapsed": 2323.748047, "delta": 0.002538}}
{"target": -13.758433918663561, "params": {"gamma": 704.5232236537134, "log10_alpha": -3.2977196672743134, "log10_colsample_bytree": -0.6902032566434609, "log10_eta": -3.6851745406723677, "log10_lambda": -3.0993357345245904, "log10_min_child_weight": 3.595080718271317, "log10_subsample": -0.35178553119783873, "max_depth": 9.0, "num_boost_round": 33.0}, "datetime": {"datetime": "2024-01-19 00:50:24", "elapsed": 2323.750646, "delta": 0.002599}}
{"target": -13.758430736458365, "params": {"gamma": 704.5232236537134, "log10_alpha": -3.2977196672743134, "log10_colsample_bytree": -0.6902032566434609, "log10_eta": -3.6851745406723677, "log10_lambda": -3.0993357345245904, "log10_min_child_weight": 3.595080718271317, "log10_subsample": -0.35178553119783873, "max_depth": 9.0, "num_boost_round": 34.0}, "datetime": {"datetime": "2024-01-19 00:50:24", "elapsed": 2323.753257, "delta": 0.002611}}
{"target": -13.758427663632826, "params": {"gamma": 704.5232236537134, "log10_alpha": -3.2977196672743134, "log10_colsample_bytree": -0.6902032566434609, "log10_eta": -3.6851745406723677, "log10_lambda": -3.0993357345245904, "log10_min_child_weight": 3.595080718271317, "log10_subsample": -0.35178553119783873, "max_depth": 9.0, "num_boost_round": 35.0}, "datetime": {"datetime": "2024-01-19 00:50:24", "elapsed": 2323.755772, "delta": 0.002515}}
{"target": -13.758428015116738, "params": {"gamma": 704.5232236537134, "log10_alpha": -3.2977196672743134, "log10_colsample_bytree": -0.6902032566434609, "log10_eta": -3.6851745406723677, "log10_lambda": -3.0993357345245904, "log10_min_child_weight": 3.595080718271317, "log10_subsample": -0.35178553119783873, "max_depth": 9.0, "num_boost_round": 36.0}, "datetime": {"datetime": "2024-01-19 00:50:24", "elapsed": 2323.758336, "delta": 0.002564}}
{"target": -13.758279594830782, "params": {"gamma": 721.5505742148689, "log10_alpha": -2.4474525112351797, "log10_colsample_bytree": -0.7953284327805249, "log10_eta": -1.9412398449140484, "log10_lambda": -0.4046221230177647, "log10_min_child_weight": 0.4332984682047647, "log10_subsample": -0.617753236344773, "max_depth": 5.0, "num_boost_round": 0.0}, "datetime": {"datetime": "2024-01-19 00:50:57", "elapsed": 2356.528507, "delta": 32.770171}}
{"target": -13.758361664023024, "params": {"gamma": 721.5505742148689, "log10_alpha": -2.4474525112351797, "log10_colsample_bytree": -0.7953284327805249, "log10_eta": -1.9412398449140484, "log10_lambda": -0.4046221230177647, "log10_min_child_weight": 0.4332984682047647, "log10_subsample": -0.617753236344773, "max_depth": 5.0, "num_boost_round": 1.0}, "datetime": {"datetime": "2024-01-19 00:50:57", "elapsed": 2356.532001, "delta": 0.003494}}
{"target": -13.758014757194053, "params": {"gamma": 721.5505742148689, "log10_alpha": -2.4474525112351797, "log10_colsample_bytree": -0.7953284327805249, "log10_eta": -1.9412398449140484, "log10_lambda": -0.4046221230177647, "log10_min_child_weight": 0.4332984682047647, "log10_subsample": -0.617753236344773, "max_depth": 5.0, "num_boost_round": 2.0}, "datetime": {"datetime": "2024-01-19 00:50:57", "elapsed": 2356.535374, "delta": 0.003373}}
{"target": -13.757977247403955, "params": {"gamma": 721.5505742148689, "log10_alpha": -2.4474525112351797, "log10_colsample_bytree": -0.7953284327805249, "log10_eta": -1.9412398449140484, "log10_lambda": -0.4046221230177647, "log10_min_child_weight": 0.4332984682047647, "log10_subsample": -0.617753236344773, "max_depth": 5.0, "num_boost_round": 3.0}, "datetime": {"datetime": "2024-01-19 00:50:57", "elapsed": 2356.538118, "delta": 0.002744}}
{"target": -13.757750635223573, "params": {"gamma": 721.5505742148689, "log10_alpha": -2.4474525112351797, "log10_colsample_bytree": -0.7953284327805249, "log10_eta": -1.9412398449140484, "log10_lambda": -0.4046221230177647, "log10_min_child_weight": 0.4332984682047647, "log10_subsample": -0.617753236344773, "max_depth": 5.0, "num_boost_round": 4.0}, "datetime": {"datetime": "2024-01-19 00:50:57", "elapsed": 2356.540939, "delta": 0.002821}}
{"target": -13.757627676340473, "params": {"gamma": 721.5505742148689, "log10_alpha": -2.4474525112351797, "log10_colsample_bytree": -0.7953284327805249, "log10_eta": -1.9412398449140484, "log10_lambda": -0.4046221230177647, "log10_min_child_weight": 0.4332984682047647, "log10_subsample": -0.617753236344773, "max_depth": 5.0, "num_boost_round": 5.0}, "datetime": {"datetime": "2024-01-19 00:50:57", "elapsed": 2356.543675, "delta": 0.002736}}
{"target": -13.757431974438225, "params": {"gamma": 721.5505742148689, "log10_alpha": -2.4474525112351797, "log10_colsample_bytree": -0.7953284327805249, "log10_eta": -1.9412398449140484, "log10_lambda": -0.4046221230177647, "log10_min_child_weight": 0.4332984682047647, "log10_subsample": -0.617753236344773, "max_depth": 5.0, "num_boost_round": 6.0}, "datetime": {"datetime": "2024-01-19 00:50:57", "elapsed": 2356.546322, "delta": 0.002647}}
{"target": -13.757065224701138, "params": {"gamma": 721.5505742148689, "log10_alpha": -2.4474525112351797, "log10_colsample_bytree": -0.7953284327805249, "log10_eta": -1.9412398449140484, "log10_lambda": -0.4046221230177647, "log10_min_child_weight": 0.4332984682047647, "log10_subsample": -0.617753236344773, "max_depth": 5.0, "num_boost_round": 7.0}, "datetime": {"datetime": "2024-01-19 00:50:57", "elapsed": 2356.548873, "delta": 0.002551}}
{"target": -13.757188362881394, "params": {"gamma": 721.5505742148689, "log10_alpha": -2.4474525112351797, "log10_colsample_bytree": -0.7953284327805249, "log10_eta": -1.9412398449140484, "log10_lambda": -0.4046221230177647, "log10_min_child_weight": 0.4332984682047647, "log10_subsample": -0.617753236344773, "max_depth": 5.0, "num_boost_round": 8.0}, "datetime": {"datetime": "2024-01-19 00:50:57", "elapsed": 2356.551414, "delta": 0.002541}}
{"target": -13.757120624484791, "params": {"gamma": 721.5505742148689, "log10_alpha": -2.4474525112351797, "log10_colsample_bytree": -0.7953284327805249, "log10_eta": -1.9412398449140484, "log10_lambda": -0.4046221230177647, "log10_min_child_weight": 0.4332984682047647, "log10_subsample": -0.617753236344773, "max_depth": 5.0, "num_boost_round": 9.0}, "datetime": {"datetime": "2024-01-19 00:50:57", "elapsed": 2356.553962, "delta": 0.002548}}
{"target": -13.757038531348991, "params": {"gamma": 721.5505742148689, "log10_alpha": -2.4474525112351797, "log10_colsample_bytree": -0.7953284327805249, "log10_eta": -1.9412398449140484, "log10_lambda": -0.4046221230177647, "log10_min_child_weight": 0.4332984682047647, "log10_subsample": -0.617753236344773, "max_depth": 5.0, "num_boost_round": 10.0}, "datetime": {"datetime": "2024-01-19 00:50:57", "elapsed": 2356.556538, "delta": 0.002576}}
{"target": -13.75682008595145, "params": {"gamma": 721.5505742148689, "log10_alpha": -2.4474525112351797, "log10_colsample_bytree": -0.7953284327805249, "log10_eta": -1.9412398449140484, "log10_lambda": -0.4046221230177647, "log10_min_child_weight": 0.4332984682047647, "log10_subsample": -0.617753236344773, "max_depth": 5.0, "num_boost_round": 11.0}, "datetime": {"datetime": "2024-01-19 00:50:57", "elapsed": 2356.559156, "delta": 0.002618}}
{"target": -13.757039851928418, "params": {"gamma": 721.5505742148689, "log10_alpha": -2.4474525112351797, "log10_colsample_bytree": -0.7953284327805249, "log10_eta": -1.9412398449140484, "log10_lambda": -0.4046221230177647, "log10_min_child_weight": 0.4332984682047647, "log10_subsample": -0.617753236344773, "max_depth": 5.0, "num_boost_round": 12.0}, "datetime": {"datetime": "2024-01-19 00:50:57", "elapsed": 2356.561813, "delta": 0.002657}}
{"target": -13.756556922113162, "params": {"gamma": 721.5505742148689, "log10_alpha": -2.4474525112351797, "log10_colsample_bytree": -0.7953284327805249, "log10_eta": -1.9412398449140484, "log10_lambda": -0.4046221230177647, "log10_min_child_weight": 0.4332984682047647, "log10_subsample": -0.617753236344773, "max_depth": 5.0, "num_boost_round": 13.0}, "datetime": {"datetime": "2024-01-19 00:50:57", "elapsed": 2356.564434, "delta": 0.002621}}
{"target": -13.756782629068047, "params": {"gamma": 721.5505742148689, "log10_alpha": -2.4474525112351797, "log10_colsample_bytree": -0.7953284327805249, "log10_eta": -1.9412398449140484, "log10_lambda": -0.4046221230177647, "log10_min_child_weight": 0.4332984682047647, "log10_subsample": -0.617753236344773, "max_depth": 5.0, "num_boost_round": 14.0}, "datetime": {"datetime": "2024-01-19 00:50:57", "elapsed": 2356.56697, "delta": 0.002536}}
{"target": -13.758257921720297, "params": {"gamma": 721.4150021349016, "log10_alpha": -0.9335069724718155, "log10_colsample_bytree": -0.7251507194975723, "log10_eta": -1.875900029147529, "log10_lambda": -4.310128145334838, "log10_min_child_weight": 1.0949766560710188, "log10_subsample": -0.031147125477374527, "max_depth": 2.0, "num_boost_round": 0.0}, "datetime": {"datetime": "2024-01-19 00:51:32", "elapsed": 2392.062118, "delta": 35.495148}}
{"target": -13.75800272536252, "params": {"gamma": 721.4150021349016, "log10_alpha": -0.9335069724718155, "log10_colsample_bytree": -0.7251507194975723, "log10_eta": -1.875900029147529, "log10_lambda": -4.310128145334838, "log10_min_child_weight": 1.0949766560710188, "log10_subsample": -0.031147125477374527, "max_depth": 2.0, "num_boost_round": 1.0}, "datetime": {"datetime": "2024-01-19 00:51:32", "elapsed": 2392.065317, "delta": 0.003199}}
{"target": -13.75798416042611, "params": {"gamma": 721.4150021349016, "log10_alpha": -0.9335069724718155, "log10_colsample_bytree": -0.7251507194975723, "log10_eta": -1.875900029147529, "log10_lambda": -4.310128145334838, "log10_min_child_weight": 1.0949766560710188, "log10_subsample": -0.031147125477374527, "max_depth": 2.0, "num_boost_round": 2.0}, "datetime": {"datetime": "2024-01-19 00:51:32", "elapsed": 2392.068347, "delta": 0.00303}}
{"target": -13.75796939232425, "params": {"gamma": 721.4150021349016, "log10_alpha": -0.9335069724718155, "log10_colsample_bytree": -0.7251507194975723, "log10_eta": -1.875900029147529, "log10_lambda": -4.310128145334838, "log10_min_child_weight": 1.0949766560710188, "log10_subsample": -0.031147125477374527, "max_depth": 2.0, "num_boost_round": 3.0}, "datetime": {"datetime": "2024-01-19 00:51:32", "elapsed": 2392.070945, "delta": 0.002598}}
{"target": -13.7579696544524, "params": {"gamma": 721.4150021349016, "log10_alpha": -0.9335069724718155, "log10_colsample_bytree": -0.7251507194975723, "log10_eta": -1.875900029147529, "log10_lambda": -4.310128145334838, "log10_min_child_weight": 1.0949766560710188, "log10_subsample": -0.031147125477374527, "max_depth": 2.0, "num_boost_round": 4.0}, "datetime": {"datetime": "2024-01-19 00:51:32", "elapsed": 2392.07367, "delta": 0.002725}}
{"target": -13.757952230718509, "params": {"gamma": 721.4150021349016, "log10_alpha": -0.9335069724718155, "log10_colsample_bytree": -0.7251507194975723, "log10_eta": -1.875900029147529, "log10_lambda": -4.310128145334838, "log10_min_child_weight": 1.0949766560710188, "log10_subsample": -0.031147125477374527, "max_depth": 2.0, "num_boost_round": 5.0}, "datetime": {"datetime": "2024-01-19 00:51:32", "elapsed": 2392.076246, "delta": 0.002576}}
