{"target": -13.759874204955498, "params": {"gamma": 550.8792266090005, "log10_alpha": 0.02074724207339873, "log10_colsample_bytree": -0.41813300856793456, "log10_eta": -1.4358016225239307, "log10_lambda": -1.6338937219205794, "log10_min_child_weight": 3.338705323915061, "log10_subsample": -0.3246997355922546, "max_depth": 8.0, "num_boost_round": 11.0}, "datetime": {"datetime": "2024-01-19 01:35:30", "elapsed": 4982.786157, "delta": 0.005148}}
{"target": -13.76103457792103, "params": {"gamma": 550.8792266090005, "log10_alpha": 0.02074724207339873, "log10_colsample_bytree": -0.41813300856793456, "log10_eta": -1.4358016225239307, "log10_lambda": -1.6338937219205794, "log10_min_child_weight": 3.338705323915061, "log10_subsample": -0.3246997355922546, "max_depth": 8.0, "num_boost_round": 12.0}, "datetime": {"datetime": "2024-01-19 01:35:30", "elapsed": 4982.791189, "delta": 0.005032}}
{"target": -13.761110426285699, "params": {"gamma": 550.8792266090005, "log10_alpha": 0.02074724207339873, "log10_colsample_bytree": -0.41813300856793456, "log10_eta": -1.4358016225239307, "log10_lambda": -1.6338937219205794, "log10_min_child_weight": 3.338705323915061, "log10_subsample": -0.3246997355922546, "max_depth": 8.0, "num_boost_round": 13.0}, "datetime": {"datetime": "2024-01-19 01:35:30", "elapsed": 4982.796345, "delta": 0.005156}}
{"target": -13.760628233724027, "params": {"gamma": 550.8792266090005, "log10_alpha": 0.02074724207339873, "log10_colsample_bytree": -0.41813300856793456, "log10_eta": -1.4358016225239307, "log10_lambda": -1.6338937219205794, "log10_min_child_weight": 3.338705323915061, "log10_subsample": -0.3246997355922546, "max_depth": 8.0, "num_boost_round": 14.0}, "datetime": {"datetime": "2024-01-19 01:35:30", "elapsed": 4982.801402, "delta": 0.005057}}
{"target": -13.760061722998739, "params": {"gamma": 550.8792266090005, "log10_alpha": 0.02074724207339873, "log10_colsample_bytree": -0.41813300856793456, "log10_eta": -1.4358016225239307, "log10_lambda": -1.6338937219205794, "log10_min_child_weight": 3.338705323915061, "log10_subsample": -0.3246997355922546, "max_depth": 8.0, "num_boost_round": 15.0}, "datetime": {"datetime": "2024-01-19 01:35:30", "elapsed": 4982.806526, "delta": 0.005124}}
{"target": -13.760747940314957, "params": {"gamma": 550.8792266090005, "log10_alpha": 0.02074724207339873, "log10_colsample_bytree": -0.41813300856793456, "log10_eta": -1.4358016225239307, "log10_lambda": -1.6338937219205794, "log10_min_child_weight": 3.338705323915061, "log10_subsample": -0.3246997355922546, "max_depth": 8.0, "num_boost_round": 16.0}, "datetime": {"datetime": "2024-01-19 01:35:30", "elapsed": 4982.81187, "delta": 0.005344}}
{"target": -13.76221112121744, "params": {"gamma": 550.8792266090005, "log10_alpha": 0.02074724207339873, "log10_colsample_bytree": -0.41813300856793456, "log10_eta": -1.4358016225239307, "log10_lambda": -1.6338937219205794, "log10_min_child_weight": 3.338705323915061, "log10_subsample": -0.3246997355922546, "max_depth": 8.0, "num_boost_round": 17.0}, "datetime": {"datetime": "2024-01-19 01:35:30", "elapsed": 4982.816743, "delta": 0.004873}}
{"target": -13.762809514097349, "params": {"gamma": 550.8792266090005, "log10_alpha": 0.02074724207339873, "log10_colsample_bytree": -0.41813300856793456, "log10_eta": -1.4358016225239307, "log10_lambda": -1.6338937219205794, "log10_min_child_weight": 3.338705323915061, "log10_subsample": -0.3246997355922546, "max_depth": 8.0, "num_boost_round": 18.0}, "datetime": {"datetime": "2024-01-19 01:35:30", "elapsed": 4982.821612, "delta": 0.004869}}
{"target": -13.763292009781841, "params": {"gamma": 550.8792266090005, "log10_alpha": 0.02074724207339873, "log10_colsample_bytree": -0.41813300856793456, "log10_eta": -1.4358016225239307, "log10_lambda": -1.6338937219205794, "log10_min_child_weight": 3.338705323915061, "log10_subsample": -0.3246997355922546, "max_depth": 8.0, "num_boost_round": 19.0}, "datetime": {"datetime": "2024-01-19 01:35:30", "elapsed": 4982.826598, "delta": 0.004986}}
{"target": -13.764432721921134, "params": {"gamma": 550.8792266090005, "log10_alpha": 0.02074724207339873, "log10_colsample_bytree": -0.41813300856793456, "log10_eta": -1.4358016225239307, "log10_lambda": -1.6338937219205794, "log10_min_child_weight": 3.338705323915061, "log10_subsample": -0.3246997355922546, "max_depth": 8.0, "num_boost_round": 20.0}, "datetime": {"datetime": "2024-01-19 01:35:30", "elapsed": 4982.831862, "delta": 0.005264}}
{"target": -13.764779834197926, "params": {"gamma": 550.8792266090005, "log10_alpha": 0.02074724207339873, "log10_colsample_bytree": -0.41813300856793456, "log10_eta": -1.4358016225239307, "log10_lambda": -1.6338937219205794, "log10_min_child_weight": 3.338705323915061, "log10_subsample": -0.3246997355922546, "max_depth": 8.0, "num_boost_round": 21.0}, "datetime": {"datetime": "2024-01-19 01:35:30", "elapsed": 4982.837031, "delta": 0.005169}}
{"target": -13.765936141145819, "params": {"gamma": 550.8792266090005, "log10_alpha": 0.02074724207339873, "log10_colsample_bytree": -0.41813300856793456, "log10_eta": -1.4358016225239307, "log10_lambda": -1.6338937219205794, "log10_min_child_weight": 3.338705323915061, "log10_subsample": -0.3246997355922546, "max_depth": 8.0, "num_boost_round": 22.0}, "datetime": {"datetime": "2024-01-19 01:35:30", "elapsed": 4982.842053, "delta": 0.005022}}
{"target": -13.765377491267557, "params": {"gamma": 550.8792266090005, "log10_alpha": 0.02074724207339873, "log10_colsample_bytree": -0.41813300856793456, "log10_eta": -1.4358016225239307, "log10_lambda": -1.6338937219205794, "log10_min_child_weight": 3.338705323915061, "log10_subsample": -0.3246997355922546, "max_depth": 8.0, "num_boost_round": 23.0}, "datetime": {"datetime": "2024-01-19 01:35:30", "elapsed": 4982.847219, "delta": 0.005166}}
{"target": -13.766032601569702, "params": {"gamma": 550.8792266090005, "log10_alpha": 0.02074724207339873, "log10_colsample_bytree": -0.41813300856793456, "log10_eta": -1.4358016225239307, "log10_lambda": -1.6338937219205794, "log10_min_child_weight": 3.338705323915061, "log10_subsample": -0.3246997355922546, "max_depth": 8.0, "num_boost_round": 24.0}, "datetime": {"datetime": "2024-01-19 01:35:30", "elapsed": 4982.852777, "delta": 0.005558}}
{"target": -13.766659960730394, "params": {"gamma": 550.8792266090005, "log10_alpha": 0.02074724207339873, "log10_colsample_bytree": -0.41813300856793456, "log10_eta": -1.4358016225239307, "log10_lambda": -1.6338937219205794, "log10_min_child_weight": 3.338705323915061, "log10_subsample": -0.3246997355922546, "max_depth": 8.0, "num_boost_round": 25.0}, "datetime": {"datetime": "2024-01-19 01:35:30", "elapsed": 4982.858128, "delta": 0.005351}}
{"target": -13.767834512945255, "params": {"gamma": 550.8792266090005, "log10_alpha": 0.02074724207339873, "log10_colsample_bytree": -0.41813300856793456, "log10_eta": -1.4358016225239307, "log10_lambda": -1.6338937219205794, "log10_min_child_weight": 3.338705323915061, "log10_subsample": -0.3246997355922546, "max_depth": 8.0, "num_boost_round": 26.0}, "datetime": {"datetime": "2024-01-19 01:35:30", "elapsed": 4982.863418, "delta": 0.00529}}
{"target": -13.758897534762486, "params": {"gamma": 539.6043119370177, "log10_alpha": -1.83387513784708, "log10_colsample_bytree": -0.06787101952526431, "log10_eta": -1.2008758666027988, "log10_lambda": -0.12317648540850534, "log10_min_child_weight": 4.456883456197364, "log10_subsample": -0.30183896107140007, "max_depth": 9.0, "num_boost_round": 0.0}, "datetime": {"datetime": "2024-01-19 01:36:48", "elapsed": 5060.945896, "delta": 78.082478}}
{"target": -13.759132018035023, "params": {"gamma": 539.6043119370177, "log10_alpha": -1.83387513784708, "log10_colsample_bytree": -0.06787101952526431, "log10_eta": -1.2008758666027988, "log10_lambda": -0.12317648540850534, "log10_min_child_weight": 4.456883456197364, "log10_subsample": -0.30183896107140007, "max_depth": 9.0, "num_boost_round": 1.0}, "datetime": {"datetime": "2024-01-19 01:36:48", "elapsed": 5060.951162, "delta": 0.005266}}
{"target": -13.759636026925502, "params": {"gamma": 539.6043119370177, "log10_alpha": -1.83387513784708, "log10_colsample_bytree": -0.06787101952526431, "log10_eta": -1.2008758666027988, "log10_lambda": -0.12317648540850534, "log10_min_child_weight": 4.456883456197364, "log10_subsample": -0.30183896107140007, "max_depth": 9.0, "num_boost_round": 2.0}, "datetime": {"datetime": "2024-01-19 01:36:48", "elapsed": 5060.955973, "delta": 0.004811}}
{"target": -13.760850546456433, "params": {"gamma": 539.6043119370177, "log10_alpha": -1.83387513784708, "log10_colsample_bytree": -0.06787101952526431, "log10_eta": -1.2008758666027988, "log10_lambda": -0.12317648540850534, "log10_min_child_weight": 4.456883456197364, "log10_subsample": -0.30183896107140007, "max_depth": 9.0, "num_boost_round": 3.0}, "datetime": {"datetime": "2024-01-19 01:36:48", "elapsed": 5060.960586, "delta": 0.004613}}
{"target": -13.761548484933567, "params": {"gamma": 539.6043119370177, "log10_alpha": -1.83387513784708, "log10_colsample_bytree": -0.06787101952526431, "log10_eta": -1.2008758666027988, "log10_lambda": -0.12317648540850534, "log10_min_child_weight": 4.456883456197364, "log10_subsample": -0.30183896107140007, "max_depth": 9.0, "num_boost_round": 4.0}, "datetime": {"datetime": "2024-01-19 01:36:48", "elapsed": 5060.965343, "delta": 0.004757}}
{"target": -13.762720982325424, "params": {"gamma": 539.6043119370177, "log10_alpha": -1.83387513784708, "log10_colsample_bytree": -0.06787101952526431, "log10_eta": -1.2008758666027988, "log10_lambda": -0.12317648540850534, "log10_min_child_weight": 4.456883456197364, "log10_subsample": -0.30183896107140007, "max_depth": 9.0, "num_boost_round": 5.0}, "datetime": {"datetime": "2024-01-19 01:36:48", "elapsed": 5060.969911, "delta": 0.004568}}
{"target": -13.764050144282782, "params": {"gamma": 539.6043119370177, "log10_alpha": -1.83387513784708, "log10_colsample_bytree": -0.06787101952526431, "log10_eta": -1.2008758666027988, "log10_lambda": -0.12317648540850534, "log10_min_child_weight": 4.456883456197364, "log10_subsample": -0.30183896107140007, "max_depth": 9.0, "num_boost_round": 6.0}, "datetime": {"datetime": "2024-01-19 01:36:48", "elapsed": 5060.975165, "delta": 0.005254}}
{"target": -13.764212841397079, "params": {"gamma": 539.6043119370177, "log10_alpha": -1.83387513784708, "log10_colsample_bytree": -0.06787101952526431, "log10_eta": -1.2008758666027988, "log10_lambda": -0.12317648540850534, "log10_min_child_weight": 4.456883456197364, "log10_subsample": -0.30183896107140007, "max_depth": 9.0, "num_boost_round": 7.0}, "datetime": {"datetime": "2024-01-19 01:36:48", "elapsed": 5060.980007, "delta": 0.004842}}
{"target": -13.76494056603729, "params": {"gamma": 539.6043119370177, "log10_alpha": -1.83387513784708, "log10_colsample_bytree": -0.06787101952526431, "log10_eta": -1.2008758666027988, "log10_lambda": -0.12317648540850534, "log10_min_child_weight": 4.456883456197364, "log10_subsample": -0.30183896107140007, "max_depth": 9.0, "num_boost_round": 8.0}, "datetime": {"datetime": "2024-01-19 01:36:48", "elapsed": 5060.985596, "delta": 0.005589}}
{"target": -13.765118056933996, "params": {"gamma": 539.6043119370177, "log10_alpha": -1.83387513784708, "log10_colsample_bytree": -0.06787101952526431, "log10_eta": -1.2008758666027988, "log10_lambda": -0.12317648540850534, "log10_min_child_weight": 4.456883456197364, "log10_subsample": -0.30183896107140007, "max_depth": 9.0, "num_boost_round": 9.0}, "datetime": {"datetime": "2024-01-19 01:36:48", "elapsed": 5060.990867, "delta": 0.005271}}
{"target": -13.765892200227784, "params": {"gamma": 539.6043119370177, "log10_alpha": -1.83387513784708, "log10_colsample_bytree": -0.06787101952526431, "log10_eta": -1.2008758666027988, "log10_lambda": -0.12317648540850534, "log10_min_child_weight": 4.456883456197364, "log10_subsample": -0.30183896107140007, "max_depth": 9.0, "num_boost_round": 10.0}, "datetime": {"datetime": "2024-01-19 01:36:48", "elapsed": 5060.995811, "delta": 0.004944}}
{"target": -13.767166508644886, "params": {"gamma": 539.6043119370177, "log10_alpha": -1.83387513784708, "log10_colsample_bytree": -0.06787101952526431, "log10_eta": -1.2008758666027988, "log10_lambda": -0.12317648540850534, "log10_min_child_weight": 4.456883456197364, "log10_subsample": -0.30183896107140007, "max_depth": 9.0, "num_boost_round": 11.0}, "datetime": {"datetime": "2024-01-19 01:36:48", "elapsed": 5061.000508, "delta": 0.004697}}
{"target": -13.767921395191543, "params": {"gamma": 539.6043119370177, "log10_alpha": -1.83387513784708, "log10_colsample_bytree": -0.06787101952526431, "log10_eta": -1.2008758666027988, "log10_lambda": -0.12317648540850534, "log10_min_child_weight": 4.456883456197364, "log10_subsample": -0.30183896107140007, "max_depth": 9.0, "num_boost_round": 12.0}, "datetime": {"datetime": "2024-01-19 01:36:48", "elapsed": 5061.005412, "delta": 0.004904}}
{"target": -13.769418926557467, "params": {"gamma": 539.6043119370177, "log10_alpha": -1.83387513784708, "log10_colsample_bytree": -0.06787101952526431, "log10_eta": -1.2008758666027988, "log10_lambda": -0.12317648540850534, "log10_min_child_weight": 4.456883456197364, "log10_subsample": -0.30183896107140007, "max_depth": 9.0, "num_boost_round": 13.0}, "datetime": {"datetime": "2024-01-19 01:36:48", "elapsed": 5061.010001, "delta": 0.004589}}
{"target": -13.771062841953816, "params": {"gamma": 539.6043119370177, "log10_alpha": -1.83387513784708, "log10_colsample_bytree": -0.06787101952526431, "log10_eta": -1.2008758666027988, "log10_lambda": -0.12317648540850534, "log10_min_child_weight": 4.456883456197364, "log10_subsample": -0.30183896107140007, "max_depth": 9.0, "num_boost_round": 14.0}, "datetime": {"datetime": "2024-01-19 01:36:48", "elapsed": 5061.014761, "delta": 0.00476}}
{"target": -13.771780704234281, "params": {"gamma": 539.6043119370177, "log10_alpha": -1.83387513784708, "log10_colsample_bytree": -0.06787101952526431, "log10_eta": -1.2008758666027988, "log10_lambda": -0.12317648540850534, "log10_min_child_weight": 4.456883456197364, "log10_subsample": -0.30183896107140007, "max_depth": 9.0, "num_boost_round": 15.0}, "datetime": {"datetime": "2024-01-19 01:36:48", "elapsed": 5061.019318, "delta": 0.004557}}
{"target": -13.772896006182258, "params": {"gamma": 539.6043119370177, "log10_alpha": -1.83387513784708, "log10_colsample_bytree": -0.06787101952526431, "log10_eta": -1.2008758666027988, "log10_lambda": -0.12317648540850534, "log10_min_child_weight": 4.456883456197364, "log10_subsample": -0.30183896107140007, "max_depth": 9.0, "num_boost_round": 16.0}, "datetime": {"datetime": "2024-01-19 01:36:48", "elapsed": 5061.023965, "delta": 0.004647}}
{"target": -13.773975345791548, "params": {"gamma": 539.6043119370177, "log10_alpha": -1.83387513784708, "log10_colsample_bytree": -0.06787101952526431, "log10_eta": -1.2008758666027988, "log10_lambda": -0.12317648540850534, "log10_min_child_weight": 4.456883456197364, "log10_subsample": -0.30183896107140007, "max_depth": 9.0, "num_boost_round": 17.0}, "datetime": {"datetime": "2024-01-19 01:36:48", "elapsed": 5061.028512, "delta": 0.004547}}
{"target": -13.758475619758132, "params": {"gamma": 555.0471278307881, "log10_alpha": 0.974650323108257, "log10_colsample_bytree": -0.0645722154011018, "log10_eta": -2.57648790622004, "log10_lambda": -0.21039315412179338, "log10_min_child_weight": 4.25166209633542, "log10_subsample": -0.0755191615591776, "max_depth": 9.0, "num_boost_round": 0.0}, "datetime": {"datetime": "2024-01-19 01:38:04", "elapsed": 5137.456094, "delta": 76.427582}}
{"target": -13.758474244060029, "params": {"gamma": 555.0471278307881, "log10_alpha": 0.974650323108257, "log10_colsample_bytree": -0.0645722154011018, "log10_eta": -2.57648790622004, "log10_lambda": -0.21039315412179338, "log10_min_child_weight": 4.25166209633542, "log10_subsample": -0.0755191615591776, "max_depth": 9.0, "num_boost_round": 1.0}, "datetime": {"datetime": "2024-01-19 01:38:04", "elapsed": 5137.461409, "delta": 0.005315}}
{"target": -13.758461514360357, "params": {"gamma": 555.0471278307881, "log10_alpha": 0.974650323108257, "log10_colsample_bytree": -0.0645722154011018, "log10_eta": -2.57648790622004, "log10_lambda": -0.21039315412179338, "log10_min_child_weight": 4.25166209633542, "log10_subsample": -0.0755191615591776, "max_depth": 9.0, "num_boost_round": 2.0}, "datetime": {"datetime": "2024-01-19 01:38:04", "elapsed": 5137.466306, "delta": 0.004897}}
{"target": -13.75843595053459, "params": {"gamma": 555.0471278307881, "log10_alpha": 0.974650323108257, "log10_colsample_bytree": -0.0645722154011018, "log10_eta": -2.57648790622004, "log10_lambda": -0.21039315412179338, "log10_min_child_weight": 4.25166209633542, "log10_subsample": -0.0755191615591776, "max_depth": 9.0, "num_boost_round": 3.0}, "datetime": {"datetime": "2024-01-19 01:38:04", "elapsed": 5137.471901, "delta": 0.005595}}
{"target": -13.758431866968264, "params": {"gamma": 555.0471278307881, "log10_alpha": 0.974650323108257, "log10_colsample_bytree": -0.0645722154011018, "log10_eta": -2.57648790622004, "log10_lambda": -0.21039315412179338, "log10_min_child_weight": 4.25166209633542, "log10_subsample": -0.0755191615591776, "max_depth": 9.0, "num_boost_round": 4.0}, "datetime": {"datetime": "2024-01-19 01:38:04", "elapsed": 5137.476609, "delta": 0.004708}}
{"target": -13.758411644265735, "params": {"gamma": 555.0471278307881, "log10_alpha": 0.974650323108257, "log10_colsample_bytree": -0.0645722154011018, "log10_eta": -2.57648790622004, "log10_lambda": -0.21039315412179338, "log10_min_child_weight": 4.25166209633542, "log10_subsample": -0.0755191615591776, "max_depth": 9.0, "num_boost_round": 5.0}, "datetime": {"datetime": "2024-01-19 01:38:04", "elapsed": 5137.481317, "delta": 0.004708}}
{"target": -13.758407711648024, "params": {"gamma": 555.0471278307881, "log10_alpha": 0.974650323108257, "log10_colsample_bytree": -0.0645722154011018, "log10_eta": -2.57648790622004, "log10_lambda": -0.21039315412179338, "log10_min_child_weight": 4.25166209633542, "log10_subsample": -0.0755191615591776, "max_depth": 9.0, "num_boost_round": 6.0}, "datetime": {"datetime": "2024-01-19 01:38:04", "elapsed": 5137.486095, "delta": 0.004778}}
{"target": -13.758399695659657, "params": {"gamma": 555.0471278307881, "log10_alpha": 0.974650323108257, "log10_colsample_bytree": -0.0645722154011018, "log10_eta": -2.57648790622004, "log10_lambda": -0.21039315412179338, "log10_min_child_weight": 4.25166209633542, "log10_subsample": -0.0755191615591776, "max_depth": 9.0, "num_boost_round": 7.0}, "datetime": {"datetime": "2024-01-19 01:38:04", "elapsed": 5137.491549, "delta": 0.005454}}
{"target": -13.758364182583435, "params": {"gamma": 555.0471278307881, "log10_alpha": 0.974650323108257, "log10_colsample_bytree": -0.0645722154011018, "log10_eta": -2.57648790622004, "log10_lambda": -0.21039315412179338, "log10_min_child_weight": 4.25166209633542, "log10_subsample": -0.0755191615591776, "max_depth": 9.0, "num_boost_round": 8.0}, "datetime": {"datetime": "2024-01-19 01:38:04", "elapsed": 5137.497192, "delta": 0.005643}}
{"target": -13.758352625890517, "params": {"gamma": 555.0471278307881, "log10_alpha": 0.974650323108257, "log10_colsample_bytree": -0.0645722154011018, "log10_eta": -2.57648790622004, "log10_lambda": -0.21039315412179338, "log10_min_child_weight": 4.25166209633542, "log10_subsample": -0.0755191615591776, "max_depth": 9.0, "num_boost_round": 9.0}, "datetime": {"datetime": "2024-01-19 01:38:04", "elapsed": 5137.502207, "delta": 0.005015}}
{"target": -13.758314429207793, "params": {"gamma": 555.0471278307881, "log10_alpha": 0.974650323108257, "log10_colsample_bytree": -0.0645722154011018, "log10_eta": -2.57648790622004, "log10_lambda": -0.21039315412179338, "log10_min_child_weight": 4.25166209633542, "log10_subsample": -0.0755191615591776, "max_depth": 9.0, "num_boost_round": 10.0}, "datetime": {"datetime": "2024-01-19 01:38:04", "elapsed": 5137.506947, "delta": 0.00474}}
{"target": -13.758316580461825, "params": {"gamma": 555.0471278307881, "log10_alpha": 0.974650323108257, "log10_colsample_bytree": -0.0645722154011018, "log10_eta": -2.57648790622004, "log10_lambda": -0.21039315412179338, "log10_min_child_weight": 4.25166209633542, "log10_subsample": -0.0755191615591776, "max_depth": 9.0, "num_boost_round": 11.0}, "datetime": {"datetime": "2024-01-19 01:38:04", "elapsed": 5137.512028, "delta": 0.005081}}
{"target": -13.758281279958467, "params": {"gamma": 555.0471278307881, "log10_alpha": 0.974650323108257, "log10_colsample_bytree": -0.0645722154011018, "log10_eta": -2.57648790622004, "log10_lambda": -0.21039315412179338, "log10_min_child_weight": 4.25166209633542, "log10_subsample": -0.0755191615591776, "max_depth": 9.0, "num_boost_round": 12.0}, "datetime": {"datetime": "2024-01-19 01:38:04", "elapsed": 5137.516758, "delta": 0.00473}}
{"target": -13.758270371123645, "params": {"gamma": 555.0471278307881, "log10_alpha": 0.974650323108257, "log10_colsample_bytree": -0.0645722154011018, "log10_eta": -2.57648790622004, "log10_lambda": -0.21039315412179338, "log10_min_child_weight": 4.25166209633542, "log10_subsample": -0.0755191615591776, "max_depth": 9.0, "num_boost_round": 13.0}, "datetime": {"datetime": "2024-01-19 01:38:04", "elapsed": 5137.52139, "delta": 0.004632}}
{"target": -13.758271189688497, "params": {"gamma": 555.0471278307881, "log10_alpha": 0.974650323108257, "log10_colsample_bytree": -0.0645722154011018, "log10_eta": -2.57648790622004, "log10_lambda": -0.21039315412179338, "log10_min_child_weight": 4.25166209633542, "log10_subsample": -0.0755191615591776, "max_depth": 9.0, "num_boost_round": 14.0}, "datetime": {"datetime": "2024-01-19 01:38:04", "elapsed": 5137.525962, "delta": 0.004572}}
