{"target": -17.67699958166134, "params": {"gamma": 834.6244681180898, "log10_alpha": -1.9781755856965049, "log10_colsample_bytree": -0.40183070017553724, "log10_eta": -3.4171483466308117, "log10_lambda": -4.35816548592229, "log10_min_child_weight": 3.4118162160678467, "log10_subsample": -0.5713132156384356, "max_depth": 9.0, "num_boost_round": 19.0}, "datetime": {"datetime": "2024-01-19 01:24:16", "elapsed": 4340.837071, "delta": 0.005149}}
{"target": -17.677239344113453, "params": {"gamma": 837.2935398221558, "log10_alpha": -3.4707360362760724, "log10_colsample_bytree": -0.5630633766457022, "log10_eta": -2.730932284360111, "log10_lambda": -0.6105399432368763, "log10_min_child_weight": 1.9315092284681308, "log10_subsample": -0.1811348210218815, "max_depth": 7.0, "num_boost_round": 0.0}, "datetime": {"datetime": "2024-01-19 01:25:32", "elapsed": 4417.167594, "delta": 76.330523}}
{"target": -17.67725936080606, "params": {"gamma": 837.2935398221558, "log10_alpha": -3.4707360362760724, "log10_colsample_bytree": -0.5630633766457022, "log10_eta": -2.730932284360111, "log10_lambda": -0.6105399432368763, "log10_min_child_weight": 1.9315092284681308, "log10_subsample": -0.1811348210218815, "max_depth": 7.0, "num_boost_round": 1.0}, "datetime": {"datetime": "2024-01-19 01:25:32", "elapsed": 4417.174401, "delta": 0.006807}}
{"target": -17.67720175618356, "params": {"gamma": 837.2935398221558, "log10_alpha": -3.4707360362760724, "log10_colsample_bytree": -0.5630633766457022, "log10_eta": -2.730932284360111, "log10_lambda": -0.6105399432368763, "log10_min_child_weight": 1.9315092284681308, "log10_subsample": -0.1811348210218815, "max_depth": 7.0, "num_boost_round": 2.0}, "datetime": {"datetime": "2024-01-19 01:25:32", "elapsed": 4417.180248, "delta": 0.005847}}
{"target": -17.677161848755194, "params": {"gamma": 837.2935398221558, "log10_alpha": -3.4707360362760724, "log10_colsample_bytree": -0.5630633766457022, "log10_eta": -2.730932284360111, "log10_lambda": -0.6105399432368763, "log10_min_child_weight": 1.9315092284681308, "log10_subsample": -0.1811348210218815, "max_depth": 7.0, "num_boost_round": 3.0}, "datetime": {"datetime": "2024-01-19 01:25:32", "elapsed": 4417.185774, "delta": 0.005526}}
{"target": -17.677021350772048, "params": {"gamma": 837.2935398221558, "log10_alpha": -3.4707360362760724, "log10_colsample_bytree": -0.5630633766457022, "log10_eta": -2.730932284360111, "log10_lambda": -0.6105399432368763, "log10_min_child_weight": 1.9315092284681308, "log10_subsample": -0.1811348210218815, "max_depth": 7.0, "num_boost_round": 4.0}, "datetime": {"datetime": "2024-01-19 01:25:32", "elapsed": 4417.191789, "delta": 0.006015}}
{"target": -17.676901335412953, "params": {"gamma": 837.2935398221558, "log10_alpha": -3.4707360362760724, "log10_colsample_bytree": -0.5630633766457022, "log10_eta": -2.730932284360111, "log10_lambda": -0.6105399432368763, "log10_min_child_weight": 1.9315092284681308, "log10_subsample": -0.1811348210218815, "max_depth": 7.0, "num_boost_round": 5.0}, "datetime": {"datetime": "2024-01-19 01:25:32", "elapsed": 4417.198259, "delta": 0.00647}}
{"target": -17.676911285758344, "params": {"gamma": 837.2935398221558, "log10_alpha": -3.4707360362760724, "log10_colsample_bytree": -0.5630633766457022, "log10_eta": -2.730932284360111, "log10_lambda": -0.6105399432368763, "log10_min_child_weight": 1.9315092284681308, "log10_subsample": -0.1811348210218815, "max_depth": 7.0, "num_boost_round": 6.0}, "datetime": {"datetime": "2024-01-19 01:25:32", "elapsed": 4417.204832, "delta": 0.006573}}
{"target": -17.676903158577367, "params": {"gamma": 837.2935398221558, "log10_alpha": -3.4707360362760724, "log10_colsample_bytree": -0.5630633766457022, "log10_eta": -2.730932284360111, "log10_lambda": -0.6105399432368763, "log10_min_child_weight": 1.9315092284681308, "log10_subsample": -0.1811348210218815, "max_depth": 7.0, "num_boost_round": 7.0}, "datetime": {"datetime": "2024-01-19 01:25:32", "elapsed": 4417.210786, "delta": 0.005954}}
{"target": -17.67680901054261, "params": {"gamma": 837.2935398221558, "log10_alpha": -3.4707360362760724, "log10_colsample_bytree": -0.5630633766457022, "log10_eta": -2.730932284360111, "log10_lambda": -0.6105399432368763, "log10_min_child_weight": 1.9315092284681308, "log10_subsample": -0.1811348210218815, "max_depth": 7.0, "num_boost_round": 8.0}, "datetime": {"datetime": "2024-01-19 01:25:32", "elapsed": 4417.21623, "delta": 0.005444}}
{"target": -17.676771637592413, "params": {"gamma": 837.2935398221558, "log10_alpha": -3.4707360362760724, "log10_colsample_bytree": -0.5630633766457022, "log10_eta": -2.730932284360111, "log10_lambda": -0.6105399432368763, "log10_min_child_weight": 1.9315092284681308, "log10_subsample": -0.1811348210218815, "max_depth": 7.0, "num_boost_round": 9.0}, "datetime": {"datetime": "2024-01-19 01:25:32", "elapsed": 4417.221832, "delta": 0.005602}}
{"target": -17.676618710675463, "params": {"gamma": 837.2935398221558, "log10_alpha": -3.4707360362760724, "log10_colsample_bytree": -0.5630633766457022, "log10_eta": -2.730932284360111, "log10_lambda": -0.6105399432368763, "log10_min_child_weight": 1.9315092284681308, "log10_subsample": -0.1811348210218815, "max_depth": 7.0, "num_boost_round": 10.0}, "datetime": {"datetime": "2024-01-19 01:25:32", "elapsed": 4417.227515, "delta": 0.005683}}
{"target": -17.67660484385891, "params": {"gamma": 837.2935398221558, "log10_alpha": -3.4707360362760724, "log10_colsample_bytree": -0.5630633766457022, "log10_eta": -2.730932284360111, "log10_lambda": -0.6105399432368763, "log10_min_child_weight": 1.9315092284681308, "log10_subsample": -0.1811348210218815, "max_depth": 7.0, "num_boost_round": 11.0}, "datetime": {"datetime": "2024-01-19 01:25:32", "elapsed": 4417.233288, "delta": 0.005773}}
{"target": -17.676545884677246, "params": {"gamma": 837.2935398221558, "log10_alpha": -3.4707360362760724, "log10_colsample_bytree": -0.5630633766457022, "log10_eta": -2.730932284360111, "log10_lambda": -0.6105399432368763, "log10_min_child_weight": 1.9315092284681308, "log10_subsample": -0.1811348210218815, "max_depth": 7.0, "num_boost_round": 12.0}, "datetime": {"datetime": "2024-01-19 01:25:32", "elapsed": 4417.238972, "delta": 0.005684}}
{"target": -17.676469208458997, "params": {"gamma": 837.2935398221558, "log10_alpha": -3.4707360362760724, "log10_colsample_bytree": -0.5630633766457022, "log10_eta": -2.730932284360111, "log10_lambda": -0.6105399432368763, "log10_min_child_weight": 1.9315092284681308, "log10_subsample": -0.1811348210218815, "max_depth": 7.0, "num_boost_round": 13.0}, "datetime": {"datetime": "2024-01-19 01:25:32", "elapsed": 4417.244591, "delta": 0.005619}}
{"target": -17.67656269372654, "params": {"gamma": 837.2935398221558, "log10_alpha": -3.4707360362760724, "log10_colsample_bytree": -0.5630633766457022, "log10_eta": -2.730932284360111, "log10_lambda": -0.6105399432368763, "log10_min_child_weight": 1.9315092284681308, "log10_subsample": -0.1811348210218815, "max_depth": 7.0, "num_boost_round": 14.0}, "datetime": {"datetime": "2024-01-19 01:25:32", "elapsed": 4417.378239, "delta": 0.133648}}
{"target": -17.6766226354761, "params": {"gamma": 837.2935398221558, "log10_alpha": -3.4707360362760724, "log10_colsample_bytree": -0.5630633766457022, "log10_eta": -2.730932284360111, "log10_lambda": -0.6105399432368763, "log10_min_child_weight": 1.9315092284681308, "log10_subsample": -0.1811348210218815, "max_depth": 7.0, "num_boost_round": 15.0}, "datetime": {"datetime": "2024-01-19 01:25:32", "elapsed": 4417.384491, "delta": 0.006252}}
{"target": -17.67653159988515, "params": {"gamma": 837.2935398221558, "log10_alpha": -3.4707360362760724, "log10_colsample_bytree": -0.5630633766457022, "log10_eta": -2.730932284360111, "log10_lambda": -0.6105399432368763, "log10_min_child_weight": 1.9315092284681308, "log10_subsample": -0.1811348210218815, "max_depth": 7.0, "num_boost_round": 16.0}, "datetime": {"datetime": "2024-01-19 01:25:32", "elapsed": 4417.390877, "delta": 0.006386}}
{"target": -17.676491078946604, "params": {"gamma": 837.2935398221558, "log10_alpha": -3.4707360362760724, "log10_colsample_bytree": -0.5630633766457022, "log10_eta": -2.730932284360111, "log10_lambda": -0.6105399432368763, "log10_min_child_weight": 1.9315092284681308, "log10_subsample": -0.1811348210218815, "max_depth": 7.0, "num_boost_round": 17.0}, "datetime": {"datetime": "2024-01-19 01:25:32", "elapsed": 4417.397631, "delta": 0.006754}}
{"target": -17.676350055688566, "params": {"gamma": 837.2935398221558, "log10_alpha": -3.4707360362760724, "log10_colsample_bytree": -0.5630633766457022, "log10_eta": -2.730932284360111, "log10_lambda": -0.6105399432368763, "log10_min_child_weight": 1.9315092284681308, "log10_subsample": -0.1811348210218815, "max_depth": 7.0, "num_boost_round": 18.0}, "datetime": {"datetime": "2024-01-19 01:25:32", "elapsed": 4417.403876, "delta": 0.006245}}
{"target": -17.676255626720373, "params": {"gamma": 837.2935398221558, "log10_alpha": -3.4707360362760724, "log10_colsample_bytree": -0.5630633766457022, "log10_eta": -2.730932284360111, "log10_lambda": -0.6105399432368763, "log10_min_child_weight": 1.9315092284681308, "log10_subsample": -0.1811348210218815, "max_depth": 7.0, "num_boost_round": 19.0}, "datetime": {"datetime": "2024-01-19 01:25:32", "elapsed": 4417.410141, "delta": 0.006265}}
{"target": -17.6761487157956, "params": {"gamma": 837.2935398221558, "log10_alpha": -3.4707360362760724, "log10_colsample_bytree": -0.5630633766457022, "log10_eta": -2.730932284360111, "log10_lambda": -0.6105399432368763, "log10_min_child_weight": 1.9315092284681308, "log10_subsample": -0.1811348210218815, "max_depth": 7.0, "num_boost_round": 20.0}, "datetime": {"datetime": "2024-01-19 01:25:32", "elapsed": 4417.41581, "delta": 0.005669}}
{"target": -17.67614410881117, "params": {"gamma": 837.2935398221558, "log10_alpha": -3.4707360362760724, "log10_colsample_bytree": -0.5630633766457022, "log10_eta": -2.730932284360111, "log10_lambda": -0.6105399432368763, "log10_min_child_weight": 1.9315092284681308, "log10_subsample": -0.1811348210218815, "max_depth": 7.0, "num_boost_round": 21.0}, "datetime": {"datetime": "2024-01-19 01:25:32", "elapsed": 4417.421796, "delta": 0.005986}}
{"target": -17.6759324747519, "params": {"gamma": 837.2935398221558, "log10_alpha": -3.4707360362760724, "log10_colsample_bytree": -0.5630633766457022, "log10_eta": -2.730932284360111, "log10_lambda": -0.6105399432368763, "log10_min_child_weight": 1.9315092284681308, "log10_subsample": -0.1811348210218815, "max_depth": 7.0, "num_boost_round": 22.0}, "datetime": {"datetime": "2024-01-19 01:25:32", "elapsed": 4417.427731, "delta": 0.005935}}
{"target": -17.675812674236727, "params": {"gamma": 837.2935398221558, "log10_alpha": -3.4707360362760724, "log10_colsample_bytree": -0.5630633766457022, "log10_eta": -2.730932284360111, "log10_lambda": -0.6105399432368763, "log10_min_child_weight": 1.9315092284681308, "log10_subsample": -0.1811348210218815, "max_depth": 7.0, "num_boost_round": 23.0}, "datetime": {"datetime": "2024-01-19 01:25:32", "elapsed": 4417.433948, "delta": 0.006217}}
{"target": -17.67583167611859, "params": {"gamma": 837.2935398221558, "log10_alpha": -3.4707360362760724, "log10_colsample_bytree": -0.5630633766457022, "log10_eta": -2.730932284360111, "log10_lambda": -0.6105399432368763, "log10_min_child_weight": 1.9315092284681308, "log10_subsample": -0.1811348210218815, "max_depth": 7.0, "num_boost_round": 24.0}, "datetime": {"datetime": "2024-01-19 01:25:32", "elapsed": 4417.44014, "delta": 0.006192}}
{"target": -17.675828857920987, "params": {"gamma": 837.2935398221558, "log10_alpha": -3.4707360362760724, "log10_colsample_bytree": -0.5630633766457022, "log10_eta": -2.730932284360111, "log10_lambda": -0.6105399432368763, "log10_min_child_weight": 1.9315092284681308, "log10_subsample": -0.1811348210218815, "max_depth": 7.0, "num_boost_round": 25.0}, "datetime": {"datetime": "2024-01-19 01:25:32", "elapsed": 4417.446162, "delta": 0.006022}}
{"target": -17.675778320554258, "params": {"gamma": 837.2935398221558, "log10_alpha": -3.4707360362760724, "log10_colsample_bytree": -0.5630633766457022, "log10_eta": -2.730932284360111, "log10_lambda": -0.6105399432368763, "log10_min_child_weight": 1.9315092284681308, "log10_subsample": -0.1811348210218815, "max_depth": 7.0, "num_boost_round": 26.0}, "datetime": {"datetime": "2024-01-19 01:25:32", "elapsed": 4417.452117, "delta": 0.005955}}
{"target": -17.677227123217182, "params": {"gamma": 835.7844018847135, "log10_alpha": -0.4656959209705054, "log10_colsample_bytree": -0.30058512769712176, "log10_eta": -3.345175034683498, "log10_lambda": -0.3049850670882206, "log10_min_child_weight": 4.09308909808007, "log10_subsample": -0.8489067672206622, "max_depth": 8.0, "num_boost_round": 0.0}, "datetime": {"datetime": "2024-01-19 01:27:04", "elapsed": 4508.790777, "delta": 91.33866}}
{"target": -17.67722301289685, "params": {"gamma": 835.7844018847135, "log10_alpha": -0.4656959209705054, "log10_colsample_bytree": -0.30058512769712176, "log10_eta": -3.345175034683498, "log10_lambda": -0.3049850670882206, "log10_min_child_weight": 4.09308909808007, "log10_subsample": -0.8489067672206622, "max_depth": 8.0, "num_boost_round": 1.0}, "datetime": {"datetime": "2024-01-19 01:27:04", "elapsed": 4508.797812, "delta": 0.007035}}
{"target": -17.67721916346722, "params": {"gamma": 835.7844018847135, "log10_alpha": -0.4656959209705054, "log10_colsample_bytree": -0.30058512769712176, "log10_eta": -3.345175034683498, "log10_lambda": -0.3049850670882206, "log10_min_child_weight": 4.09308909808007, "log10_subsample": -0.8489067672206622, "max_depth": 8.0, "num_boost_round": 2.0}, "datetime": {"datetime": "2024-01-19 01:27:04", "elapsed": 4508.803577, "delta": 0.005765}}
{"target": -17.677214020953496, "params": {"gamma": 835.7844018847135, "log10_alpha": -0.4656959209705054, "log10_colsample_bytree": -0.30058512769712176, "log10_eta": -3.345175034683498, "log10_lambda": -0.3049850670882206, "log10_min_child_weight": 4.09308909808007, "log10_subsample": -0.8489067672206622, "max_depth": 8.0, "num_boost_round": 3.0}, "datetime": {"datetime": "2024-01-19 01:27:04", "elapsed": 4508.809763, "delta": 0.006186}}
{"target": -17.67721229421892, "params": {"gamma": 835.7844018847135, "log10_alpha": -0.4656959209705054, "log10_colsample_bytree": -0.30058512769712176, "log10_eta": -3.345175034683498, "log10_lambda": -0.3049850670882206, "log10_min_child_weight": 4.09308909808007, "log10_subsample": -0.8489067672206622, "max_depth": 8.0, "num_boost_round": 4.0}, "datetime": {"datetime": "2024-01-19 01:27:04", "elapsed": 4508.815628, "delta": 0.005865}}
{"target": -17.677211466439992, "params": {"gamma": 835.7844018847135, "log10_alpha": -0.4656959209705054, "log10_colsample_bytree": -0.30058512769712176, "log10_eta": -3.345175034683498, "log10_lambda": -0.3049850670882206, "log10_min_child_weight": 4.09308909808007, "log10_subsample": -0.8489067672206622, "max_depth": 8.0, "num_boost_round": 5.0}, "datetime": {"datetime": "2024-01-19 01:27:04", "elapsed": 4508.821325, "delta": 0.005697}}
{"target": -17.677208280316947, "params": {"gamma": 835.7844018847135, "log10_alpha": -0.4656959209705054, "log10_colsample_bytree": -0.30058512769712176, "log10_eta": -3.345175034683498, "log10_lambda": -0.3049850670882206, "log10_min_child_weight": 4.09308909808007, "log10_subsample": -0.8489067672206622, "max_depth": 8.0, "num_boost_round": 6.0}, "datetime": {"datetime": "2024-01-19 01:27:04", "elapsed": 4508.827163, "delta": 0.005838}}
{"target": -17.67721010243836, "params": {"gamma": 835.7844018847135, "log10_alpha": -0.4656959209705054, "log10_colsample_bytree": -0.30058512769712176, "log10_eta": -3.345175034683498, "log10_lambda": -0.3049850670882206, "log10_min_child_weight": 4.09308909808007, "log10_subsample": -0.8489067672206622, "max_depth": 8.0, "num_boost_round": 7.0}, "datetime": {"datetime": "2024-01-19 01:27:04", "elapsed": 4508.83287, "delta": 0.005707}}
{"target": -17.677204080566835, "params": {"gamma": 835.7844018847135, "log10_alpha": -0.4656959209705054, "log10_colsample_bytree": -0.30058512769712176, "log10_eta": -3.345175034683498, "log10_lambda": -0.3049850670882206, "log10_min_child_weight": 4.09308909808007, "log10_subsample": -0.8489067672206622, "max_depth": 8.0, "num_boost_round": 8.0}, "datetime": {"datetime": "2024-01-19 01:27:04", "elapsed": 4508.838619, "delta": 0.005749}}
{"target": -17.67720120180094, "params": {"gamma": 835.7844018847135, "log10_alpha": -0.4656959209705054, "log10_colsample_bytree": -0.30058512769712176, "log10_eta": -3.345175034683498, "log10_lambda": -0.3049850670882206, "log10_min_child_weight": 4.09308909808007, "log10_subsample": -0.8489067672206622, "max_depth": 8.0, "num_boost_round": 9.0}, "datetime": {"datetime": "2024-01-19 01:27:04", "elapsed": 4508.844228, "delta": 0.005609}}
{"target": -17.677198376751186, "params": {"gamma": 835.7844018847135, "log10_alpha": -0.4656959209705054, "log10_colsample_bytree": -0.30058512769712176, "log10_eta": -3.345175034683498, "log10_lambda": -0.3049850670882206, "log10_min_child_weight": 4.09308909808007, "log10_subsample": -0.8489067672206622, "max_depth": 8.0, "num_boost_round": 10.0}, "datetime": {"datetime": "2024-01-19 01:27:04", "elapsed": 4508.849784, "delta": 0.005556}}
{"target": -17.677194261254705, "params": {"gamma": 835.7844018847135, "log10_alpha": -0.4656959209705054, "log10_colsample_bytree": -0.30058512769712176, "log10_eta": -3.345175034683498, "log10_lambda": -0.3049850670882206, "log10_min_child_weight": 4.09308909808007, "log10_subsample": -0.8489067672206622, "max_depth": 8.0, "num_boost_round": 11.0}, "datetime": {"datetime": "2024-01-19 01:27:04", "elapsed": 4508.855494, "delta": 0.00571}}
{"target": -17.677192922897685, "params": {"gamma": 835.7844018847135, "log10_alpha": -0.4656959209705054, "log10_colsample_bytree": -0.30058512769712176, "log10_eta": -3.345175034683498, "log10_lambda": -0.3049850670882206, "log10_min_child_weight": 4.09308909808007, "log10_subsample": -0.8489067672206622, "max_depth": 8.0, "num_boost_round": 12.0}, "datetime": {"datetime": "2024-01-19 01:27:04", "elapsed": 4508.861277, "delta": 0.005783}}
{"target": -17.67718730822278, "params": {"gamma": 835.7844018847135, "log10_alpha": -0.4656959209705054, "log10_colsample_bytree": -0.30058512769712176, "log10_eta": -3.345175034683498, "log10_lambda": -0.3049850670882206, "log10_min_child_weight": 4.09308909808007, "log10_subsample": -0.8489067672206622, "max_depth": 8.0, "num_boost_round": 13.0}, "datetime": {"datetime": "2024-01-19 01:27:04", "elapsed": 4508.866685, "delta": 0.005408}}
{"target": -17.677184341435183, "params": {"gamma": 835.7844018847135, "log10_alpha": -0.4656959209705054, "log10_colsample_bytree": -0.30058512769712176, "log10_eta": -3.345175034683498, "log10_lambda": -0.3049850670882206, "log10_min_child_weight": 4.09308909808007, "log10_subsample": -0.8489067672206622, "max_depth": 8.0, "num_boost_round": 14.0}, "datetime": {"datetime": "2024-01-19 01:27:04", "elapsed": 4508.873619, "delta": 0.006934}}
{"target": -17.67722456810591, "params": {"gamma": 836.0457402738441, "log10_alpha": -4.81462699622829, "log10_colsample_bytree": -0.12791245754775094, "log10_eta": -3.3975669595747156, "log10_lambda": -3.741771953063408, "log10_min_child_weight": 3.157358495379168, "log10_subsample": -0.5276427548129551, "max_depth": 9.0, "num_boost_round": 0.0}, "datetime": {"datetime": "2024-01-19 01:28:24", "elapsed": 4589.253616, "delta": 80.379997}}
{"target": -17.67722332316204, "params": {"gamma": 836.0457402738441, "log10_alpha": -4.81462699622829, "log10_colsample_bytree": -0.12791245754775094, "log10_eta": -3.3975669595747156, "log10_lambda": -3.741771953063408, "log10_min_child_weight": 3.157358495379168, "log10_subsample": -0.5276427548129551, "max_depth": 9.0, "num_boost_round": 1.0}, "datetime": {"datetime": "2024-01-19 01:28:24", "elapsed": 4589.260131, "delta": 0.006515}}
{"target": -17.677215657621865, "params": {"gamma": 836.0457402738441, "log10_alpha": -4.81462699622829, "log10_colsample_bytree": -0.12791245754775094, "log10_eta": -3.3975669595747156, "log10_lambda": -3.741771953063408, "log10_min_child_weight": 3.157358495379168, "log10_subsample": -0.5276427548129551, "max_depth": 9.0, "num_boost_round": 2.0}, "datetime": {"datetime": "2024-01-19 01:28:24", "elapsed": 4589.265713, "delta": 0.005582}}
{"target": -17.677200521196422, "params": {"gamma": 836.0457402738441, "log10_alpha": -4.81462699622829, "log10_colsample_bytree": -0.12791245754775094, "log10_eta": -3.3975669595747156, "log10_lambda": -3.741771953063408, "log10_min_child_weight": 3.157358495379168, "log10_subsample": -0.5276427548129551, "max_depth": 9.0, "num_boost_round": 3.0}, "datetime": {"datetime": "2024-01-19 01:28:24", "elapsed": 4589.270893, "delta": 0.00518}}
{"target": -17.677202505397315, "params": {"gamma": 836.0457402738441, "log10_alpha": -4.81462699622829, "log10_colsample_bytree": -0.12791245754775094, "log10_eta": -3.3975669595747156, "log10_lambda": -3.741771953063408, "log10_min_child_weight": 3.157358495379168, "log10_subsample": -0.5276427548129551, "max_depth": 9.0, "num_boost_round": 4.0}, "datetime": {"datetime": "2024-01-19 01:28:24", "elapsed": 4589.275961, "delta": 0.005068}}
{"target": -17.677197966789244, "params": {"gamma": 836.0457402738441, "log10_alpha": -4.81462699622829, "log10_colsample_bytree": -0.12791245754775094, "log10_eta": -3.3975669595747156, "log10_lambda": -3.741771953063408, "log10_min_child_weight": 3.157358495379168, "log10_subsample": -0.5276427548129551, "max_depth": 9.0, "num_boost_round": 5.0}, "datetime": {"datetime": "2024-01-19 01:28:24", "elapsed": 4589.281132, "delta": 0.005171}}
