{"target": -13.758501038807665, "params": {"gamma": 854.9221846816146, "log10_alpha": 0.5284217125700295, "log10_colsample_bytree": -0.1729140109235947, "log10_eta": -3.2280311437656657, "log10_lambda": 0.5631705140515049, "log10_min_child_weight": 1.488395997055586, "log10_subsample": -0.4653689951156662, "max_depth": 7.0, "num_boost_round": 2.0}, "datetime": {"datetime": "2024-01-19 00:31:03", "elapsed": 1183.115226, "delta": 0.00227}}
{"target": -13.758489427871663, "params": {"gamma": 854.9221846816146, "log10_alpha": 0.5284217125700295, "log10_colsample_bytree": -0.1729140109235947, "log10_eta": -3.2280311437656657, "log10_lambda": 0.5631705140515049, "log10_min_child_weight": 1.488395997055586, "log10_subsample": -0.4653689951156662, "max_depth": 7.0, "num_boost_round": 3.0}, "datetime": {"datetime": "2024-01-19 00:31:03", "elapsed": 1183.116944, "delta": 0.001718}}
{"target": -13.758442954378873, "params": {"gamma": 854.9221846816146, "log10_alpha": 0.5284217125700295, "log10_colsample_bytree": -0.1729140109235947, "log10_eta": -3.2280311437656657, "log10_lambda": 0.5631705140515049, "log10_min_child_weight": 1.488395997055586, "log10_subsample": -0.4653689951156662, "max_depth": 7.0, "num_boost_round": 4.0}, "datetime": {"datetime": "2024-01-19 00:31:03", "elapsed": 1183.118563, "delta": 0.001619}}
{"target": -13.758413892983738, "params": {"gamma": 854.9221846816146, "log10_alpha": 0.5284217125700295, "log10_colsample_bytree": -0.1729140109235947, "log10_eta": -3.2280311437656657, "log10_lambda": 0.5631705140515049, "log10_min_child_weight": 1.488395997055586, "log10_subsample": -0.4653689951156662, "max_depth": 7.0, "num_boost_round": 5.0}, "datetime": {"datetime": "2024-01-19 00:31:03", "elapsed": 1183.120197, "delta": 0.001634}}
{"target": -13.758429652508966, "params": {"gamma": 854.9221846816146, "log10_alpha": 0.5284217125700295, "log10_colsample_bytree": -0.1729140109235947, "log10_eta": -3.2280311437656657, "log10_lambda": 0.5631705140515049, "log10_min_child_weight": 1.488395997055586, "log10_subsample": -0.4653689951156662, "max_depth": 7.0, "num_boost_round": 6.0}, "datetime": {"datetime": "2024-01-19 00:31:03", "elapsed": 1183.121904, "delta": 0.001707}}
{"target": -13.7584047373741, "params": {"gamma": 854.9221846816146, "log10_alpha": 0.5284217125700295, "log10_colsample_bytree": -0.1729140109235947, "log10_eta": -3.2280311437656657, "log10_lambda": 0.5631705140515049, "log10_min_child_weight": 1.488395997055586, "log10_subsample": -0.4653689951156662, "max_depth": 7.0, "num_boost_round": 7.0}, "datetime": {"datetime": "2024-01-19 00:31:03", "elapsed": 1183.123579, "delta": 0.001675}}
{"target": -13.758394406760285, "params": {"gamma": 854.9221846816146, "log10_alpha": 0.5284217125700295, "log10_colsample_bytree": -0.1729140109235947, "log10_eta": -3.2280311437656657, "log10_lambda": 0.5631705140515049, "log10_min_child_weight": 1.488395997055586, "log10_subsample": -0.4653689951156662, "max_depth": 7.0, "num_boost_round": 8.0}, "datetime": {"datetime": "2024-01-19 00:31:03", "elapsed": 1183.125242, "delta": 0.001663}}
{"target": -13.758396377887776, "params": {"gamma": 854.9221846816146, "log10_alpha": 0.5284217125700295, "log10_colsample_bytree": -0.1729140109235947, "log10_eta": -3.2280311437656657, "log10_lambda": 0.5631705140515049, "log10_min_child_weight": 1.488395997055586, "log10_subsample": -0.4653689951156662, "max_depth": 7.0, "num_boost_round": 9.0}, "datetime": {"datetime": "2024-01-19 00:31:03", "elapsed": 1183.126821, "delta": 0.001579}}
{"target": -13.758387695982718, "params": {"gamma": 854.9221846816146, "log10_alpha": 0.5284217125700295, "log10_colsample_bytree": -0.1729140109235947, "log10_eta": -3.2280311437656657, "log10_lambda": 0.5631705140515049, "log10_min_child_weight": 1.488395997055586, "log10_subsample": -0.4653689951156662, "max_depth": 7.0, "num_boost_round": 10.0}, "datetime": {"datetime": "2024-01-19 00:31:03", "elapsed": 1183.128402, "delta": 0.001581}}
{"target": -13.758340665937807, "params": {"gamma": 854.9221846816146, "log10_alpha": 0.5284217125700295, "log10_colsample_bytree": -0.1729140109235947, "log10_eta": -3.2280311437656657, "log10_lambda": 0.5631705140515049, "log10_min_child_weight": 1.488395997055586, "log10_subsample": -0.4653689951156662, "max_depth": 7.0, "num_boost_round": 11.0}, "datetime": {"datetime": "2024-01-19 00:31:03", "elapsed": 1183.129982, "delta": 0.00158}}
{"target": -13.758295264407717, "params": {"gamma": 854.9221846816146, "log10_alpha": 0.5284217125700295, "log10_colsample_bytree": -0.1729140109235947, "log10_eta": -3.2280311437656657, "log10_lambda": 0.5631705140515049, "log10_min_child_weight": 1.488395997055586, "log10_subsample": -0.4653689951156662, "max_depth": 7.0, "num_boost_round": 12.0}, "datetime": {"datetime": "2024-01-19 00:31:03", "elapsed": 1183.131582, "delta": 0.0016}}
{"target": -13.758528996713393, "params": {"gamma": 869.5925087013047, "log10_alpha": -1.92334367074585, "log10_colsample_bytree": -0.5318295038810181, "log10_eta": -2.862913210099958, "log10_lambda": 0.9094907953782911, "log10_min_child_weight": 2.9729011299912274, "log10_subsample": -0.9570414737970742, "max_depth": 2.0, "num_boost_round": 0.0}, "datetime": {"datetime": "2024-01-19 00:31:25", "elapsed": 1205.728138, "delta": 22.596556}}
{"target": -13.758512008274186, "params": {"gamma": 869.5925087013047, "log10_alpha": -1.92334367074585, "log10_colsample_bytree": -0.5318295038810181, "log10_eta": -2.862913210099958, "log10_lambda": 0.9094907953782911, "log10_min_child_weight": 2.9729011299912274, "log10_subsample": -0.9570414737970742, "max_depth": 2.0, "num_boost_round": 1.0}, "datetime": {"datetime": "2024-01-19 00:31:25", "elapsed": 1205.730459, "delta": 0.002321}}
{"target": -13.758513921630119, "params": {"gamma": 869.5925087013047, "log10_alpha": -1.92334367074585, "log10_colsample_bytree": -0.5318295038810181, "log10_eta": -2.862913210099958, "log10_lambda": 0.9094907953782911, "log10_min_child_weight": 2.9729011299912274, "log10_subsample": -0.9570414737970742, "max_depth": 2.0, "num_boost_round": 2.0}, "datetime": {"datetime": "2024-01-19 00:31:25", "elapsed": 1205.732048, "delta": 0.001589}}
{"target": -13.758503303759806, "params": {"gamma": 869.5925087013047, "log10_alpha": -1.92334367074585, "log10_colsample_bytree": -0.5318295038810181, "log10_eta": -2.862913210099958, "log10_lambda": 0.9094907953782911, "log10_min_child_weight": 2.9729011299912274, "log10_subsample": -0.9570414737970742, "max_depth": 2.0, "num_boost_round": 3.0}, "datetime": {"datetime": "2024-01-19 00:31:25", "elapsed": 1205.733785, "delta": 0.001737}}
{"target": -13.75849913354904, "params": {"gamma": 869.5925087013047, "log10_alpha": -1.92334367074585, "log10_colsample_bytree": -0.5318295038810181, "log10_eta": -2.862913210099958, "log10_lambda": 0.9094907953782911, "log10_min_child_weight": 2.9729011299912274, "log10_subsample": -0.9570414737970742, "max_depth": 2.0, "num_boost_round": 4.0}, "datetime": {"datetime": "2024-01-19 00:31:25", "elapsed": 1205.735467, "delta": 0.001682}}
{"target": -13.758494744893223, "params": {"gamma": 869.5925087013047, "log10_alpha": -1.92334367074585, "log10_colsample_bytree": -0.5318295038810181, "log10_eta": -2.862913210099958, "log10_lambda": 0.9094907953782911, "log10_min_child_weight": 2.9729011299912274, "log10_subsample": -0.9570414737970742, "max_depth": 2.0, "num_boost_round": 5.0}, "datetime": {"datetime": "2024-01-19 00:31:25", "elapsed": 1205.737042, "delta": 0.001575}}
{"target": -13.758495873611079, "params": {"gamma": 869.5925087013047, "log10_alpha": -1.92334367074585, "log10_colsample_bytree": -0.5318295038810181, "log10_eta": -2.862913210099958, "log10_lambda": 0.9094907953782911, "log10_min_child_weight": 2.9729011299912274, "log10_subsample": -0.9570414737970742, "max_depth": 2.0, "num_boost_round": 6.0}, "datetime": {"datetime": "2024-01-19 00:31:25", "elapsed": 1205.73863, "delta": 0.001588}}
{"target": -13.758483738146461, "params": {"gamma": 869.5925087013047, "log10_alpha": -1.92334367074585, "log10_colsample_bytree": -0.5318295038810181, "log10_eta": -2.862913210099958, "log10_lambda": 0.9094907953782911, "log10_min_child_weight": 2.9729011299912274, "log10_subsample": -0.9570414737970742, "max_depth": 2.0, "num_boost_round": 7.0}, "datetime": {"datetime": "2024-01-19 00:31:25", "elapsed": 1205.740181, "delta": 0.001551}}
{"target": -13.758466928343802, "params": {"gamma": 869.5925087013047, "log10_alpha": -1.92334367074585, "log10_colsample_bytree": -0.5318295038810181, "log10_eta": -2.862913210099958, "log10_lambda": 0.9094907953782911, "log10_min_child_weight": 2.9729011299912274, "log10_subsample": -0.9570414737970742, "max_depth": 2.0, "num_boost_round": 8.0}, "datetime": {"datetime": "2024-01-19 00:31:25", "elapsed": 1205.741789, "delta": 0.001608}}
{"target": -13.758449585302289, "params": {"gamma": 869.5925087013047, "log10_alpha": -1.92334367074585, "log10_colsample_bytree": -0.5318295038810181, "log10_eta": -2.862913210099958, "log10_lambda": 0.9094907953782911, "log10_min_child_weight": 2.9729011299912274, "log10_subsample": -0.9570414737970742, "max_depth": 2.0, "num_boost_round": 9.0}, "datetime": {"datetime": "2024-01-19 00:31:25", "elapsed": 1205.743293, "delta": 0.001504}}
{"target": -13.758437094711109, "params": {"gamma": 869.5925087013047, "log10_alpha": -1.92334367074585, "log10_colsample_bytree": -0.5318295038810181, "log10_eta": -2.862913210099958, "log10_lambda": 0.9094907953782911, "log10_min_child_weight": 2.9729011299912274, "log10_subsample": -0.9570414737970742, "max_depth": 2.0, "num_boost_round": 10.0}, "datetime": {"datetime": "2024-01-19 00:31:25", "elapsed": 1205.744897, "delta": 0.001604}}
{"target": -13.758419790189274, "params": {"gamma": 869.5925087013047, "log10_alpha": -1.92334367074585, "log10_colsample_bytree": -0.5318295038810181, "log10_eta": -2.862913210099958, "log10_lambda": 0.9094907953782911, "log10_min_child_weight": 2.9729011299912274, "log10_subsample": -0.9570414737970742, "max_depth": 2.0, "num_boost_round": 11.0}, "datetime": {"datetime": "2024-01-19 00:31:25", "elapsed": 1205.746368, "delta": 0.001471}}
{"target": -13.758406879709229, "params": {"gamma": 869.5925087013047, "log10_alpha": -1.92334367074585, "log10_colsample_bytree": -0.5318295038810181, "log10_eta": -2.862913210099958, "log10_lambda": 0.9094907953782911, "log10_min_child_weight": 2.9729011299912274, "log10_subsample": -0.9570414737970742, "max_depth": 2.0, "num_boost_round": 12.0}, "datetime": {"datetime": "2024-01-19 00:31:25", "elapsed": 1205.747894, "delta": 0.001526}}
{"target": -13.758389429345502, "params": {"gamma": 869.5925087013047, "log10_alpha": -1.92334367074585, "log10_colsample_bytree": -0.5318295038810181, "log10_eta": -2.862913210099958, "log10_lambda": 0.9094907953782911, "log10_min_child_weight": 2.9729011299912274, "log10_subsample": -0.9570414737970742, "max_depth": 2.0, "num_boost_round": 13.0}, "datetime": {"datetime": "2024-01-19 00:31:25", "elapsed": 1205.749373, "delta": 0.001479}}
{"target": -13.758387901200585, "params": {"gamma": 869.5925087013047, "log10_alpha": -1.92334367074585, "log10_colsample_bytree": -0.5318295038810181, "log10_eta": -2.862913210099958, "log10_lambda": 0.9094907953782911, "log10_min_child_weight": 2.9729011299912274, "log10_subsample": -0.9570414737970742, "max_depth": 2.0, "num_boost_round": 14.0}, "datetime": {"datetime": "2024-01-19 00:31:25", "elapsed": 1205.750933, "delta": 0.00156}}
{"target": -13.758368837274961, "params": {"gamma": 869.5925087013047, "log10_alpha": -1.92334367074585, "log10_colsample_bytree": -0.5318295038810181, "log10_eta": -2.862913210099958, "log10_lambda": 0.9094907953782911, "log10_min_child_weight": 2.9729011299912274, "log10_subsample": -0.9570414737970742, "max_depth": 2.0, "num_boost_round": 15.0}, "datetime": {"datetime": "2024-01-19 00:31:25", "elapsed": 1205.752444, "delta": 0.001511}}
{"target": -13.758369561429628, "params": {"gamma": 869.5925087013047, "log10_alpha": -1.92334367074585, "log10_colsample_bytree": -0.5318295038810181, "log10_eta": -2.862913210099958, "log10_lambda": 0.9094907953782911, "log10_min_child_weight": 2.9729011299912274, "log10_subsample": -0.9570414737970742, "max_depth": 2.0, "num_boost_round": 16.0}, "datetime": {"datetime": "2024-01-19 00:31:25", "elapsed": 1205.75406, "delta": 0.001616}}
{"target": -13.758367143790247, "params": {"gamma": 869.5925087013047, "log10_alpha": -1.92334367074585, "log10_colsample_bytree": -0.5318295038810181, "log10_eta": -2.862913210099958, "log10_lambda": 0.9094907953782911, "log10_min_child_weight": 2.9729011299912274, "log10_subsample": -0.9570414737970742, "max_depth": 2.0, "num_boost_round": 17.0}, "datetime": {"datetime": "2024-01-19 00:31:25", "elapsed": 1205.755558, "delta": 0.001498}}
{"target": -13.758364666968008, "params": {"gamma": 869.5925087013047, "log10_alpha": -1.92334367074585, "log10_colsample_bytree": -0.5318295038810181, "log10_eta": -2.862913210099958, "log10_lambda": 0.9094907953782911, "log10_min_child_weight": 2.9729011299912274, "log10_subsample": -0.9570414737970742, "max_depth": 2.0, "num_boost_round": 18.0}, "datetime": {"datetime": "2024-01-19 00:31:25", "elapsed": 1205.75707, "delta": 0.001512}}
{"target": -13.7583465259018, "params": {"gamma": 869.5925087013047, "log10_alpha": -1.92334367074585, "log10_colsample_bytree": -0.5318295038810181, "log10_eta": -2.862913210099958, "log10_lambda": 0.9094907953782911, "log10_min_child_weight": 2.9729011299912274, "log10_subsample": -0.9570414737970742, "max_depth": 2.0, "num_boost_round": 19.0}, "datetime": {"datetime": "2024-01-19 00:31:25", "elapsed": 1205.758742, "delta": 0.001672}}
{"target": -13.758536232223719, "params": {"gamma": 868.3244411360128, "log10_alpha": -4.6644374746919155, "log10_colsample_bytree": -0.2105310373053184, "log10_eta": -3.480181204586955, "log10_lambda": 0.7691783317129719, "log10_min_child_weight": 3.9730578088224844, "log10_subsample": -0.8154365514305291, "max_depth": 7.0, "num_boost_round": 0.0}, "datetime": {"datetime": "2024-01-19 00:31:51", "elapsed": 1231.061913, "delta": 25.303171}}
{"target": -13.758532652364591, "params": {"gamma": 868.3244411360128, "log10_alpha": -4.6644374746919155, "log10_colsample_bytree": -0.2105310373053184, "log10_eta": -3.480181204586955, "log10_lambda": 0.7691783317129719, "log10_min_child_weight": 3.9730578088224844, "log10_subsample": -0.8154365514305291, "max_depth": 7.0, "num_boost_round": 1.0}, "datetime": {"datetime": "2024-01-19 00:31:51", "elapsed": 1231.064114, "delta": 0.002201}}
{"target": -13.758533758183894, "params": {"gamma": 868.3244411360128, "log10_alpha": -4.6644374746919155, "log10_colsample_bytree": -0.2105310373053184, "log10_eta": -3.480181204586955, "log10_lambda": 0.7691783317129719, "log10_min_child_weight": 3.9730578088224844, "log10_subsample": -0.8154365514305291, "max_depth": 7.0, "num_boost_round": 2.0}, "datetime": {"datetime": "2024-01-19 00:31:51", "elapsed": 1231.065927, "delta": 0.001813}}
{"target": -13.758534186258746, "params": {"gamma": 868.3244411360128, "log10_alpha": -4.6644374746919155, "log10_colsample_bytree": -0.2105310373053184, "log10_eta": -3.480181204586955, "log10_lambda": 0.7691783317129719, "log10_min_child_weight": 3.9730578088224844, "log10_subsample": -0.8154365514305291, "max_depth": 7.0, "num_boost_round": 3.0}, "datetime": {"datetime": "2024-01-19 00:31:51", "elapsed": 1231.067525, "delta": 0.001598}}
{"target": -13.75853413222243, "params": {"gamma": 868.3244411360128, "log10_alpha": -4.6644374746919155, "log10_colsample_bytree": -0.2105310373053184, "log10_eta": -3.480181204586955, "log10_lambda": 0.7691783317129719, "log10_min_child_weight": 3.9730578088224844, "log10_subsample": -0.8154365514305291, "max_depth": 7.0, "num_boost_round": 4.0}, "datetime": {"datetime": "2024-01-19 00:31:51", "elapsed": 1231.069111, "delta": 0.001586}}
{"target": -13.758530042333616, "params": {"gamma": 868.3244411360128, "log10_alpha": -4.6644374746919155, "log10_colsample_bytree": -0.2105310373053184, "log10_eta": -3.480181204586955, "log10_lambda": 0.7691783317129719, "log10_min_child_weight": 3.9730578088224844, "log10_subsample": -0.8154365514305291, "max_depth": 7.0, "num_boost_round": 5.0}, "datetime": {"datetime": "2024-01-19 00:31:51", "elapsed": 1231.070697, "delta": 0.001586}}
{"target": -13.758532558225921, "params": {"gamma": 868.3244411360128, "log10_alpha": -4.6644374746919155, "log10_colsample_bytree": -0.2105310373053184, "log10_eta": -3.480181204586955, "log10_lambda": 0.7691783317129719, "log10_min_child_weight": 3.9730578088224844, "log10_subsample": -0.8154365514305291, "max_depth": 7.0, "num_boost_round": 6.0}, "datetime": {"datetime": "2024-01-19 00:31:51", "elapsed": 1231.072246, "delta": 0.001549}}
{"target": -13.758528548452967, "params": {"gamma": 868.3244411360128, "log10_alpha": -4.6644374746919155, "log10_colsample_bytree": -0.2105310373053184, "log10_eta": -3.480181204586955, "log10_lambda": 0.7691783317129719, "log10_min_child_weight": 3.9730578088224844, "log10_subsample": -0.8154365514305291, "max_depth": 7.0, "num_boost_round": 7.0}, "datetime": {"datetime": "2024-01-19 00:31:51", "elapsed": 1231.074042, "delta": 0.001796}}
{"target": -13.75852684400931, "params": {"gamma": 868.3244411360128, "log10_alpha": -4.6644374746919155, "log10_colsample_bytree": -0.2105310373053184, "log10_eta": -3.480181204586955, "log10_lambda": 0.7691783317129719, "log10_min_child_weight": 3.9730578088224844, "log10_subsample": -0.8154365514305291, "max_depth": 7.0, "num_boost_round": 8.0}, "datetime": {"datetime": "2024-01-19 00:31:51", "elapsed": 1231.07559, "delta": 0.001548}}
{"target": -13.758521048773677, "params": {"gamma": 868.3244411360128, "log10_alpha": -4.6644374746919155, "log10_colsample_bytree": -0.2105310373053184, "log10_eta": -3.480181204586955, "log10_lambda": 0.7691783317129719, "log10_min_child_weight": 3.9730578088224844, "log10_subsample": -0.8154365514305291, "max_depth": 7.0, "num_boost_round": 9.0}, "datetime": {"datetime": "2024-01-19 00:31:51", "elapsed": 1231.077064, "delta": 0.001474}}
{"target": -13.758517425395592, "params": {"gamma": 868.3244411360128, "log10_alpha": -4.6644374746919155, "log10_colsample_bytree": -0.2105310373053184, "log10_eta": -3.480181204586955, "log10_lambda": 0.7691783317129719, "log10_min_child_weight": 3.9730578088224844, "log10_subsample": -0.8154365514305291, "max_depth": 7.0, "num_boost_round": 10.0}, "datetime": {"datetime": "2024-01-19 00:31:51", "elapsed": 1231.07875, "delta": 0.001686}}
{"target": -13.758512585274154, "params": {"gamma": 868.3244411360128, "log10_alpha": -4.6644374746919155, "log10_colsample_bytree": -0.2105310373053184, "log10_eta": -3.480181204586955, "log10_lambda": 0.7691783317129719, "log10_min_child_weight": 3.9730578088224844, "log10_subsample": -0.8154365514305291, "max_depth": 7.0, "num_boost_round": 11.0}, "datetime": {"datetime": "2024-01-19 00:31:51", "elapsed": 1231.080376, "delta": 0.001626}}
{"target": -13.758513154257665, "params": {"gamma": 868.3244411360128, "log10_alpha": -4.6644374746919155, "log10_colsample_bytree": -0.2105310373053184, "log10_eta": -3.480181204586955, "log10_lambda": 0.7691783317129719, "log10_min_child_weight": 3.9730578088224844, "log10_subsample": -0.8154365514305291, "max_depth": 7.0, "num_boost_round": 12.0}, "datetime": {"datetime": "2024-01-19 00:31:51", "elapsed": 1231.081973, "delta": 0.001597}}
{"target": -13.758512974552387, "params": {"gamma": 868.3244411360128, "log10_alpha": -4.6644374746919155, "log10_colsample_bytree": -0.2105310373053184, "log10_eta": -3.480181204586955, "log10_lambda": 0.7691783317129719, "log10_min_child_weight": 3.9730578088224844, "log10_subsample": -0.8154365514305291, "max_depth": 7.0, "num_boost_round": 13.0}, "datetime": {"datetime": "2024-01-19 00:31:51", "elapsed": 1231.083541, "delta": 0.001568}}
{"target": -13.758514578739891, "params": {"gamma": 868.3244411360128, "log10_alpha": -4.6644374746919155, "log10_colsample_bytree": -0.2105310373053184, "log10_eta": -3.480181204586955, "log10_lambda": 0.7691783317129719, "log10_min_child_weight": 3.9730578088224844, "log10_subsample": -0.8154365514305291, "max_depth": 7.0, "num_boost_round": 14.0}, "datetime": {"datetime": "2024-01-19 00:31:51", "elapsed": 1231.085055, "delta": 0.001514}}
{"target": -13.75851283873568, "params": {"gamma": 868.3244411360128, "log10_alpha": -4.6644374746919155, "log10_colsample_bytree": -0.2105310373053184, "log10_eta": -3.480181204586955, "log10_lambda": 0.7691783317129719, "log10_min_child_weight": 3.9730578088224844, "log10_subsample": -0.8154365514305291, "max_depth": 7.0, "num_boost_round": 15.0}, "datetime": {"datetime": "2024-01-19 00:31:51", "elapsed": 1231.086636, "delta": 0.001581}}
{"target": -13.758510626056873, "params": {"gamma": 868.3244411360128, "log10_alpha": -4.6644374746919155, "log10_colsample_bytree": -0.2105310373053184, "log10_eta": -3.480181204586955, "log10_lambda": 0.7691783317129719, "log10_min_child_weight": 3.9730578088224844, "log10_subsample": -0.8154365514305291, "max_depth": 7.0, "num_boost_round": 16.0}, "datetime": {"datetime": "2024-01-19 00:31:51", "elapsed": 1231.088195, "delta": 0.001559}}
{"target": -13.758509656639239, "params": {"gamma": 868.3244411360128, "log10_alpha": -4.6644374746919155, "log10_colsample_bytree": -0.2105310373053184, "log10_eta": -3.480181204586955, "log10_lambda": 0.7691783317129719, "log10_min_child_weight": 3.9730578088224844, "log10_subsample": -0.8154365514305291, "max_depth": 7.0, "num_boost_round": 17.0}, "datetime": {"datetime": "2024-01-19 00:31:51", "elapsed": 1231.089743, "delta": 0.001548}}
