{"target": -13.758527060174062, "params": {"gamma": 79.39813610899205, "log10_alpha": -3.966298324487341, "log10_colsample_bytree": -0.39547401855581543, "log10_eta": -3.9720060524151033, "log10_lambda": -1.9444774746146312, "log10_min_child_weight": 3.875274072106647, "log10_subsample": -0.10710698816128061, "max_depth": 2.0, "num_boost_round": 14.0}, "datetime": {"datetime": "2024-01-19 02:12:55", "elapsed": 7295.153133, "delta": 0.005224}}
{"target": -13.75852550388688, "params": {"gamma": 79.39813610899205, "log10_alpha": -3.966298324487341, "log10_colsample_bytree": -0.39547401855581543, "log10_eta": -3.9720060524151033, "log10_lambda": -1.9444774746146312, "log10_min_child_weight": 3.875274072106647, "log10_subsample": -0.10710698816128061, "max_depth": 2.0, "num_boost_round": 15.0}, "datetime": {"datetime": "2024-01-19 02:12:55", "elapsed": 7295.158491, "delta": 0.005358}}
{"target": -13.758524130014916, "params": {"gamma": 79.39813610899205, "log10_alpha": -3.966298324487341, "log10_colsample_bytree": -0.39547401855581543, "log10_eta": -3.9720060524151033, "log10_lambda": -1.9444774746146312, "log10_min_child_weight": 3.875274072106647, "log10_subsample": -0.10710698816128061, "max_depth": 2.0, "num_boost_round": 16.0}, "datetime": {"datetime": "2024-01-19 02:12:55", "elapsed": 7295.16369, "delta": 0.005199}}
{"target": -13.758524324208588, "params": {"gamma": 79.39813610899205, "log10_alpha": -3.966298324487341, "log10_colsample_bytree": -0.39547401855581543, "log10_eta": -3.9720060524151033, "log10_lambda": -1.9444774746146312, "log10_min_child_weight": 3.875274072106647, "log10_subsample": -0.10710698816128061, "max_depth": 2.0, "num_boost_round": 17.0}, "datetime": {"datetime": "2024-01-19 02:12:55", "elapsed": 7295.168986, "delta": 0.005296}}
{"target": -13.758524230798056, "params": {"gamma": 79.39813610899205, "log10_alpha": -3.966298324487341, "log10_colsample_bytree": -0.39547401855581543, "log10_eta": -3.9720060524151033, "log10_lambda": -1.9444774746146312, "log10_min_child_weight": 3.875274072106647, "log10_subsample": -0.10710698816128061, "max_depth": 2.0, "num_boost_round": 18.0}, "datetime": {"datetime": "2024-01-19 02:12:55", "elapsed": 7295.174201, "delta": 0.005215}}
{"target": -13.75852266338828, "params": {"gamma": 79.39813610899205, "log10_alpha": -3.966298324487341, "log10_colsample_bytree": -0.39547401855581543, "log10_eta": -3.9720060524151033, "log10_lambda": -1.9444774746146312, "log10_min_child_weight": 3.875274072106647, "log10_subsample": -0.10710698816128061, "max_depth": 2.0, "num_boost_round": 19.0}, "datetime": {"datetime": "2024-01-19 02:12:55", "elapsed": 7295.179574, "delta": 0.005373}}
{"target": -13.758521758673306, "params": {"gamma": 79.39813610899205, "log10_alpha": -3.966298324487341, "log10_colsample_bytree": -0.39547401855581543, "log10_eta": -3.9720060524151033, "log10_lambda": -1.9444774746146312, "log10_min_child_weight": 3.875274072106647, "log10_subsample": -0.10710698816128061, "max_depth": 2.0, "num_boost_round": 20.0}, "datetime": {"datetime": "2024-01-19 02:12:55", "elapsed": 7295.184931, "delta": 0.005357}}
{"target": -13.75852098159239, "params": {"gamma": 79.39813610899205, "log10_alpha": -3.966298324487341, "log10_colsample_bytree": -0.39547401855581543, "log10_eta": -3.9720060524151033, "log10_lambda": -1.9444774746146312, "log10_min_child_weight": 3.875274072106647, "log10_subsample": -0.10710698816128061, "max_depth": 2.0, "num_boost_round": 21.0}, "datetime": {"datetime": "2024-01-19 02:12:55", "elapsed": 7295.190266, "delta": 0.005335}}
{"target": -13.758520492667342, "params": {"gamma": 79.39813610899205, "log10_alpha": -3.966298324487341, "log10_colsample_bytree": -0.39547401855581543, "log10_eta": -3.9720060524151033, "log10_lambda": -1.9444774746146312, "log10_min_child_weight": 3.875274072106647, "log10_subsample": -0.10710698816128061, "max_depth": 2.0, "num_boost_round": 22.0}, "datetime": {"datetime": "2024-01-19 02:12:55", "elapsed": 7295.195407, "delta": 0.005141}}
{"target": -13.758519629017227, "params": {"gamma": 79.39813610899205, "log10_alpha": -3.966298324487341, "log10_colsample_bytree": -0.39547401855581543, "log10_eta": -3.9720060524151033, "log10_lambda": -1.9444774746146312, "log10_min_child_weight": 3.875274072106647, "log10_subsample": -0.10710698816128061, "max_depth": 2.0, "num_boost_round": 23.0}, "datetime": {"datetime": "2024-01-19 02:12:55", "elapsed": 7295.200574, "delta": 0.005167}}
{"target": -13.758538388382927, "params": {"gamma": 80.5772921022384, "log10_alpha": -3.035070987508794, "log10_colsample_bytree": -0.34540481823198277, "log10_eta": -3.5800593288054756, "log10_lambda": -0.6455337734912199, "log10_min_child_weight": 1.5538529514996746, "log10_subsample": -0.7402007673168445, "max_depth": 6.0, "num_boost_round": 0.0}, "datetime": {"datetime": "2024-01-19 02:14:04", "elapsed": 7364.005684, "delta": 68.80511}}
{"target": -13.758533525405813, "params": {"gamma": 80.5772921022384, "log10_alpha": -3.035070987508794, "log10_colsample_bytree": -0.34540481823198277, "log10_eta": -3.5800593288054756, "log10_lambda": -0.6455337734912199, "log10_min_child_weight": 1.5538529514996746, "log10_subsample": -0.7402007673168445, "max_depth": 6.0, "num_boost_round": 1.0}, "datetime": {"datetime": "2024-01-19 02:14:04", "elapsed": 7364.01224, "delta": 0.006556}}
{"target": -13.758527722923903, "params": {"gamma": 80.5772921022384, "log10_alpha": -3.035070987508794, "log10_colsample_bytree": -0.34540481823198277, "log10_eta": -3.5800593288054756, "log10_lambda": -0.6455337734912199, "log10_min_child_weight": 1.5538529514996746, "log10_subsample": -0.7402007673168445, "max_depth": 6.0, "num_boost_round": 2.0}, "datetime": {"datetime": "2024-01-19 02:14:04", "elapsed": 7364.017671, "delta": 0.005431}}
{"target": -13.758525925026174, "params": {"gamma": 80.5772921022384, "log10_alpha": -3.035070987508794, "log10_colsample_bytree": -0.34540481823198277, "log10_eta": -3.5800593288054756, "log10_lambda": -0.6455337734912199, "log10_min_child_weight": 1.5538529514996746, "log10_subsample": -0.7402007673168445, "max_depth": 6.0, "num_boost_round": 3.0}, "datetime": {"datetime": "2024-01-19 02:14:04", "elapsed": 7364.026894, "delta": 0.009223}}
{"target": -13.75850233291422, "params": {"gamma": 80.5772921022384, "log10_alpha": -3.035070987508794, "log10_colsample_bytree": -0.34540481823198277, "log10_eta": -3.5800593288054756, "log10_lambda": -0.6455337734912199, "log10_min_child_weight": 1.5538529514996746, "log10_subsample": -0.7402007673168445, "max_depth": 6.0, "num_boost_round": 4.0}, "datetime": {"datetime": "2024-01-19 02:14:04", "elapsed": 7364.032267, "delta": 0.005373}}
{"target": -13.758505214566513, "params": {"gamma": 80.5772921022384, "log10_alpha": -3.035070987508794, "log10_colsample_bytree": -0.34540481823198277, "log10_eta": -3.5800593288054756, "log10_lambda": -0.6455337734912199, "log10_min_child_weight": 1.5538529514996746, "log10_subsample": -0.7402007673168445, "max_depth": 6.0, "num_boost_round": 5.0}, "datetime": {"datetime": "2024-01-19 02:14:04", "elapsed": 7364.037655, "delta": 0.005388}}
{"target": -13.758501774248623, "params": {"gamma": 80.5772921022384, "log10_alpha": -3.035070987508794, "log10_colsample_bytree": -0.34540481823198277, "log10_eta": -3.5800593288054756, "log10_lambda": -0.6455337734912199, "log10_min_child_weight": 1.5538529514996746, "log10_subsample": -0.7402007673168445, "max_depth": 6.0, "num_boost_round": 6.0}, "datetime": {"datetime": "2024-01-19 02:14:04", "elapsed": 7364.043262, "delta": 0.005607}}
{"target": -13.758499962531165, "params": {"gamma": 80.5772921022384, "log10_alpha": -3.035070987508794, "log10_colsample_bytree": -0.34540481823198277, "log10_eta": -3.5800593288054756, "log10_lambda": -0.6455337734912199, "log10_min_child_weight": 1.5538529514996746, "log10_subsample": -0.7402007673168445, "max_depth": 6.0, "num_boost_round": 7.0}, "datetime": {"datetime": "2024-01-19 02:14:04", "elapsed": 7364.048445, "delta": 0.005183}}
{"target": -13.758496490871094, "params": {"gamma": 80.5772921022384, "log10_alpha": -3.035070987508794, "log10_colsample_bytree": -0.34540481823198277, "log10_eta": -3.5800593288054756, "log10_lambda": -0.6455337734912199, "log10_min_child_weight": 1.5538529514996746, "log10_subsample": -0.7402007673168445, "max_depth": 6.0, "num_boost_round": 8.0}, "datetime": {"datetime": "2024-01-19 02:14:04", "elapsed": 7364.053802, "delta": 0.005357}}
{"target": -13.758483019441437, "params": {"gamma": 80.5772921022384, "log10_alpha": -3.035070987508794, "log10_colsample_bytree": -0.34540481823198277, "log10_eta": -3.5800593288054756, "log10_lambda": -0.6455337734912199, "log10_min_child_weight": 1.5538529514996746, "log10_subsample": -0.7402007673168445, "max_depth": 6.0, "num_boost_round": 9.0}, "datetime": {"datetime": "2024-01-19 02:14:04", "elapsed": 7364.059175, "delta": 0.005373}}
{"target": -13.758468559915833, "params": {"gamma": 80.5772921022384, "log10_alpha": -3.035070987508794, "log10_colsample_bytree": -0.34540481823198277, "log10_eta": -3.5800593288054756, "log10_lambda": -0.6455337734912199, "log10_min_child_weight": 1.5538529514996746, "log10_subsample": -0.7402007673168445, "max_depth": 6.0, "num_boost_round": 10.0}, "datetime": {"datetime": "2024-01-19 02:14:04", "elapsed": 7364.064418, "delta": 0.005243}}
{"target": -13.75846299632197, "params": {"gamma": 80.5772921022384, "log10_alpha": -3.035070987508794, "log10_colsample_bytree": -0.34540481823198277, "log10_eta": -3.5800593288054756, "log10_lambda": -0.6455337734912199, "log10_min_child_weight": 1.5538529514996746, "log10_subsample": -0.7402007673168445, "max_depth": 6.0, "num_boost_round": 11.0}, "datetime": {"datetime": "2024-01-19 02:14:04", "elapsed": 7364.069766, "delta": 0.005348}}
{"target": -13.758454731536126, "params": {"gamma": 80.5772921022384, "log10_alpha": -3.035070987508794, "log10_colsample_bytree": -0.34540481823198277, "log10_eta": -3.5800593288054756, "log10_lambda": -0.6455337734912199, "log10_min_child_weight": 1.5538529514996746, "log10_subsample": -0.7402007673168445, "max_depth": 6.0, "num_boost_round": 12.0}, "datetime": {"datetime": "2024-01-19 02:14:04", "elapsed": 7364.196654, "delta": 0.126888}}
{"target": -13.758464352177276, "params": {"gamma": 80.5772921022384, "log10_alpha": -3.035070987508794, "log10_colsample_bytree": -0.34540481823198277, "log10_eta": -3.5800593288054756, "log10_lambda": -0.6455337734912199, "log10_min_child_weight": 1.5538529514996746, "log10_subsample": -0.7402007673168445, "max_depth": 6.0, "num_boost_round": 13.0}, "datetime": {"datetime": "2024-01-19 02:14:04", "elapsed": 7364.203009, "delta": 0.006355}}
{"target": -13.758475464954046, "params": {"gamma": 80.5772921022384, "log10_alpha": -3.035070987508794, "log10_colsample_bytree": -0.34540481823198277, "log10_eta": -3.5800593288054756, "log10_lambda": -0.6455337734912199, "log10_min_child_weight": 1.5538529514996746, "log10_subsample": -0.7402007673168445, "max_depth": 6.0, "num_boost_round": 14.0}, "datetime": {"datetime": "2024-01-19 02:14:04", "elapsed": 7364.208691, "delta": 0.005682}}
{"target": -13.758455079212345, "params": {"gamma": 80.5772921022384, "log10_alpha": -3.035070987508794, "log10_colsample_bytree": -0.34540481823198277, "log10_eta": -3.5800593288054756, "log10_lambda": -0.6455337734912199, "log10_min_child_weight": 1.5538529514996746, "log10_subsample": -0.7402007673168445, "max_depth": 6.0, "num_boost_round": 15.0}, "datetime": {"datetime": "2024-01-19 02:14:04", "elapsed": 7364.214052, "delta": 0.005361}}
{"target": -13.758440062570987, "params": {"gamma": 80.5772921022384, "log10_alpha": -3.035070987508794, "log10_colsample_bytree": -0.34540481823198277, "log10_eta": -3.5800593288054756, "log10_lambda": -0.6455337734912199, "log10_min_child_weight": 1.5538529514996746, "log10_subsample": -0.7402007673168445, "max_depth": 6.0, "num_boost_round": 16.0}, "datetime": {"datetime": "2024-01-19 02:14:04", "elapsed": 7364.219298, "delta": 0.005246}}
{"target": -13.758432936380732, "params": {"gamma": 80.5772921022384, "log10_alpha": -3.035070987508794, "log10_colsample_bytree": -0.34540481823198277, "log10_eta": -3.5800593288054756, "log10_lambda": -0.6455337734912199, "log10_min_child_weight": 1.5538529514996746, "log10_subsample": -0.7402007673168445, "max_depth": 6.0, "num_boost_round": 17.0}, "datetime": {"datetime": "2024-01-19 02:14:04", "elapsed": 7364.224539, "delta": 0.005241}}
{"target": -13.75842769064459, "params": {"gamma": 80.5772921022384, "log10_alpha": -3.035070987508794, "log10_colsample_bytree": -0.34540481823198277, "log10_eta": -3.5800593288054756, "log10_lambda": -0.6455337734912199, "log10_min_child_weight": 1.5538529514996746, "log10_subsample": -0.7402007673168445, "max_depth": 6.0, "num_boost_round": 18.0}, "datetime": {"datetime": "2024-01-19 02:14:04", "elapsed": 7364.23017, "delta": 0.005631}}
{"target": -13.758408596389984, "params": {"gamma": 80.5772921022384, "log10_alpha": -3.035070987508794, "log10_colsample_bytree": -0.34540481823198277, "log10_eta": -3.5800593288054756, "log10_lambda": -0.6455337734912199, "log10_min_child_weight": 1.5538529514996746, "log10_subsample": -0.7402007673168445, "max_depth": 6.0, "num_boost_round": 19.0}, "datetime": {"datetime": "2024-01-19 02:14:04", "elapsed": 7364.23545, "delta": 0.00528}}
{"target": -13.75839987495516, "params": {"gamma": 80.5772921022384, "log10_alpha": -3.035070987508794, "log10_colsample_bytree": -0.34540481823198277, "log10_eta": -3.5800593288054756, "log10_lambda": -0.6455337734912199, "log10_min_child_weight": 1.5538529514996746, "log10_subsample": -0.7402007673168445, "max_depth": 6.0, "num_boost_round": 20.0}, "datetime": {"datetime": "2024-01-19 02:14:04", "elapsed": 7364.240726, "delta": 0.005276}}
{"target": -13.75841157606206, "params": {"gamma": 80.5772921022384, "log10_alpha": -3.035070987508794, "log10_colsample_bytree": -0.34540481823198277, "log10_eta": -3.5800593288054756, "log10_lambda": -0.6455337734912199, "log10_min_child_weight": 1.5538529514996746, "log10_subsample": -0.7402007673168445, "max_depth": 6.0, "num_boost_round": 21.0}, "datetime": {"datetime": "2024-01-19 02:14:04", "elapsed": 7364.245956, "delta": 0.00523}}
{"target": -13.758403711188464, "params": {"gamma": 80.5772921022384, "log10_alpha": -3.035070987508794, "log10_colsample_bytree": -0.34540481823198277, "log10_eta": -3.5800593288054756, "log10_lambda": -0.6455337734912199, "log10_min_child_weight": 1.5538529514996746, "log10_subsample": -0.7402007673168445, "max_depth": 6.0, "num_boost_round": 22.0}, "datetime": {"datetime": "2024-01-19 02:14:04", "elapsed": 7364.251219, "delta": 0.005263}}
{"target": -13.758398425301632, "params": {"gamma": 80.5772921022384, "log10_alpha": -3.035070987508794, "log10_colsample_bytree": -0.34540481823198277, "log10_eta": -3.5800593288054756, "log10_lambda": -0.6455337734912199, "log10_min_child_weight": 1.5538529514996746, "log10_subsample": -0.7402007673168445, "max_depth": 6.0, "num_boost_round": 23.0}, "datetime": {"datetime": "2024-01-19 02:14:04", "elapsed": 7364.256472, "delta": 0.005253}}
{"target": -13.758396516860993, "params": {"gamma": 80.5772921022384, "log10_alpha": -3.035070987508794, "log10_colsample_bytree": -0.34540481823198277, "log10_eta": -3.5800593288054756, "log10_lambda": -0.6455337734912199, "log10_min_child_weight": 1.5538529514996746, "log10_subsample": -0.7402007673168445, "max_depth": 6.0, "num_boost_round": 24.0}, "datetime": {"datetime": "2024-01-19 02:14:04", "elapsed": 7364.261968, "delta": 0.005496}}
{"target": -13.758398187717127, "params": {"gamma": 80.5772921022384, "log10_alpha": -3.035070987508794, "log10_colsample_bytree": -0.34540481823198277, "log10_eta": -3.5800593288054756, "log10_lambda": -0.6455337734912199, "log10_min_child_weight": 1.5538529514996746, "log10_subsample": -0.7402007673168445, "max_depth": 6.0, "num_boost_round": 25.0}, "datetime": {"datetime": "2024-01-19 02:14:04", "elapsed": 7364.26731, "delta": 0.005342}}
{"target": -13.75838880189763, "params": {"gamma": 80.5772921022384, "log10_alpha": -3.035070987508794, "log10_colsample_bytree": -0.34540481823198277, "log10_eta": -3.5800593288054756, "log10_lambda": -0.6455337734912199, "log10_min_child_weight": 1.5538529514996746, "log10_subsample": -0.7402007673168445, "max_depth": 6.0, "num_boost_round": 26.0}, "datetime": {"datetime": "2024-01-19 02:14:04", "elapsed": 7364.272769, "delta": 0.005459}}
{"target": -13.758382384761365, "params": {"gamma": 80.5772921022384, "log10_alpha": -3.035070987508794, "log10_colsample_bytree": -0.34540481823198277, "log10_eta": -3.5800593288054756, "log10_lambda": -0.6455337734912199, "log10_min_child_weight": 1.5538529514996746, "log10_subsample": -0.7402007673168445, "max_depth": 6.0, "num_boost_round": 27.0}, "datetime": {"datetime": "2024-01-19 02:14:04", "elapsed": 7364.278179, "delta": 0.00541}}
{"target": -13.758374369486434, "params": {"gamma": 80.5772921022384, "log10_alpha": -3.035070987508794, "log10_colsample_bytree": -0.34540481823198277, "log10_eta": -3.5800593288054756, "log10_lambda": -0.6455337734912199, "log10_min_child_weight": 1.5538529514996746, "log10_subsample": -0.7402007673168445, "max_depth": 6.0, "num_boost_round": 28.0}, "datetime": {"datetime": "2024-01-19 02:14:04", "elapsed": 7364.283447, "delta": 0.005268}}
{"target": -13.758357226513077, "params": {"gamma": 80.5772921022384, "log10_alpha": -3.035070987508794, "log10_colsample_bytree": -0.34540481823198277, "log10_eta": -3.5800593288054756, "log10_lambda": -0.6455337734912199, "log10_min_child_weight": 1.5538529514996746, "log10_subsample": -0.7402007673168445, "max_depth": 6.0, "num_boost_round": 29.0}, "datetime": {"datetime": "2024-01-19 02:14:04", "elapsed": 7364.288914, "delta": 0.005467}}
{"target": -13.758356566453346, "params": {"gamma": 80.5772921022384, "log10_alpha": -3.035070987508794, "log10_colsample_bytree": -0.34540481823198277, "log10_eta": -3.5800593288054756, "log10_lambda": -0.6455337734912199, "log10_min_child_weight": 1.5538529514996746, "log10_subsample": -0.7402007673168445, "max_depth": 6.0, "num_boost_round": 30.0}, "datetime": {"datetime": "2024-01-19 02:14:04", "elapsed": 7364.294353, "delta": 0.005439}}
{"target": -13.758349227486152, "params": {"gamma": 80.5772921022384, "log10_alpha": -3.035070987508794, "log10_colsample_bytree": -0.34540481823198277, "log10_eta": -3.5800593288054756, "log10_lambda": -0.6455337734912199, "log10_min_child_weight": 1.5538529514996746, "log10_subsample": -0.7402007673168445, "max_depth": 6.0, "num_boost_round": 31.0}, "datetime": {"datetime": "2024-01-19 02:14:04", "elapsed": 7364.299585, "delta": 0.005232}}
{"target": -13.758345698066202, "params": {"gamma": 80.5772921022384, "log10_alpha": -3.035070987508794, "log10_colsample_bytree": -0.34540481823198277, "log10_eta": -3.5800593288054756, "log10_lambda": -0.6455337734912199, "log10_min_child_weight": 1.5538529514996746, "log10_subsample": -0.7402007673168445, "max_depth": 6.0, "num_boost_round": 32.0}, "datetime": {"datetime": "2024-01-19 02:14:04", "elapsed": 7364.304831, "delta": 0.005246}}
{"target": -13.75834875544827, "params": {"gamma": 80.5772921022384, "log10_alpha": -3.035070987508794, "log10_colsample_bytree": -0.34540481823198277, "log10_eta": -3.5800593288054756, "log10_lambda": -0.6455337734912199, "log10_min_child_weight": 1.5538529514996746, "log10_subsample": -0.7402007673168445, "max_depth": 6.0, "num_boost_round": 33.0}, "datetime": {"datetime": "2024-01-19 02:14:04", "elapsed": 7364.31026, "delta": 0.005429}}
{"target": -13.758342534771996, "params": {"gamma": 80.5772921022384, "log10_alpha": -3.035070987508794, "log10_colsample_bytree": -0.34540481823198277, "log10_eta": -3.5800593288054756, "log10_lambda": -0.6455337734912199, "log10_min_child_weight": 1.5538529514996746, "log10_subsample": -0.7402007673168445, "max_depth": 6.0, "num_boost_round": 34.0}, "datetime": {"datetime": "2024-01-19 02:14:04", "elapsed": 7364.315653, "delta": 0.005393}}
{"target": -13.758529031959963, "params": {"gamma": 82.61730649552534, "log10_alpha": 0.8895557561851177, "log10_colsample_bytree": -0.9226064793010227, "log10_eta": -3.3131273765408435, "log10_lambda": -1.9890441508368193, "log10_min_child_weight": 3.239406242451681, "log10_subsample": -0.7864127945528191, "max_depth": 5.0, "num_boost_round": 0.0}, "datetime": {"datetime": "2024-01-19 02:16:21", "elapsed": 7501.638393, "delta": 137.32274}}
{"target": -13.758526529597843, "params": {"gamma": 82.61730649552534, "log10_alpha": 0.8895557561851177, "log10_colsample_bytree": -0.9226064793010227, "log10_eta": -3.3131273765408435, "log10_lambda": -1.9890441508368193, "log10_min_child_weight": 3.239406242451681, "log10_subsample": -0.7864127945528191, "max_depth": 5.0, "num_boost_round": 1.0}, "datetime": {"datetime": "2024-01-19 02:16:21", "elapsed": 7501.643897, "delta": 0.005504}}
{"target": -13.758519942013004, "params": {"gamma": 82.61730649552534, "log10_alpha": 0.8895557561851177, "log10_colsample_bytree": -0.9226064793010227, "log10_eta": -3.3131273765408435, "log10_lambda": -1.9890441508368193, "log10_min_child_weight": 3.239406242451681, "log10_subsample": -0.7864127945528191, "max_depth": 5.0, "num_boost_round": 2.0}, "datetime": {"datetime": "2024-01-19 02:16:21", "elapsed": 7501.649102, "delta": 0.005205}}
{"target": -13.75851626133306, "params": {"gamma": 82.61730649552534, "log10_alpha": 0.8895557561851177, "log10_colsample_bytree": -0.9226064793010227, "log10_eta": -3.3131273765408435, "log10_lambda": -1.9890441508368193, "log10_min_child_weight": 3.239406242451681, "log10_subsample": -0.7864127945528191, "max_depth": 5.0, "num_boost_round": 3.0}, "datetime": {"datetime": "2024-01-19 02:16:21", "elapsed": 7501.654675, "delta": 0.005573}}
