{"target": -17.675375687376146, "params": {"gamma": 409.4378045063354, "log10_alpha": -0.1019415011486533, "log10_colsample_bytree": -0.026181079470231516, "log10_eta": -2.5910849988677582, "log10_lambda": -2.4997397697219252, "log10_min_child_weight": 2.57249141180905, "log10_subsample": -0.2820277575490666, "max_depth": 8.0, "num_boost_round": 24.0}, "datetime": {"datetime": "2024-01-19 00:57:37", "elapsed": 2747.649818, "delta": 0.003613}}
{"target": -17.675437846628334, "params": {"gamma": 409.4378045063354, "log10_alpha": -0.1019415011486533, "log10_colsample_bytree": -0.026181079470231516, "log10_eta": -2.5910849988677582, "log10_lambda": -2.4997397697219252, "log10_min_child_weight": 2.57249141180905, "log10_subsample": -0.2820277575490666, "max_depth": 8.0, "num_boost_round": 25.0}, "datetime": {"datetime": "2024-01-19 00:57:37", "elapsed": 2747.653368, "delta": 0.00355}}
{"target": -17.67519740324737, "params": {"gamma": 409.4378045063354, "log10_alpha": -0.1019415011486533, "log10_colsample_bytree": -0.026181079470231516, "log10_eta": -2.5910849988677582, "log10_lambda": -2.4997397697219252, "log10_min_child_weight": 2.57249141180905, "log10_subsample": -0.2820277575490666, "max_depth": 8.0, "num_boost_round": 26.0}, "datetime": {"datetime": "2024-01-19 00:57:37", "elapsed": 2747.656828, "delta": 0.00346}}
{"target": -17.675092766046177, "params": {"gamma": 409.4378045063354, "log10_alpha": -0.1019415011486533, "log10_colsample_bytree": -0.026181079470231516, "log10_eta": -2.5910849988677582, "log10_lambda": -2.4997397697219252, "log10_min_child_weight": 2.57249141180905, "log10_subsample": -0.2820277575490666, "max_depth": 8.0, "num_boost_round": 27.0}, "datetime": {"datetime": "2024-01-19 00:57:37", "elapsed": 2747.660346, "delta": 0.003518}}
{"target": -17.675077283273108, "params": {"gamma": 409.4378045063354, "log10_alpha": -0.1019415011486533, "log10_colsample_bytree": -0.026181079470231516, "log10_eta": -2.5910849988677582, "log10_lambda": -2.4997397697219252, "log10_min_child_weight": 2.57249141180905, "log10_subsample": -0.2820277575490666, "max_depth": 8.0, "num_boost_round": 28.0}, "datetime": {"datetime": "2024-01-19 00:57:37", "elapsed": 2747.663893, "delta": 0.003547}}
{"target": -17.675019463924013, "params": {"gamma": 409.4378045063354, "log10_alpha": -0.1019415011486533, "log10_colsample_bytree": -0.026181079470231516, "log10_eta": -2.5910849988677582, "log10_lambda": -2.4997397697219252, "log10_min_child_weight": 2.57249141180905, "log10_subsample": -0.2820277575490666, "max_depth": 8.0, "num_boost_round": 29.0}, "datetime": {"datetime": "2024-01-19 00:57:37", "elapsed": 2747.667393, "delta": 0.0035}}
{"target": -17.675120130851035, "params": {"gamma": 409.4378045063354, "log10_alpha": -0.1019415011486533, "log10_colsample_bytree": -0.026181079470231516, "log10_eta": -2.5910849988677582, "log10_lambda": -2.4997397697219252, "log10_min_child_weight": 2.57249141180905, "log10_subsample": -0.2820277575490666, "max_depth": 8.0, "num_boost_round": 30.0}, "datetime": {"datetime": "2024-01-19 00:57:37", "elapsed": 2747.670899, "delta": 0.003506}}
{"target": -17.6750280240341, "params": {"gamma": 409.4378045063354, "log10_alpha": -0.1019415011486533, "log10_colsample_bytree": -0.026181079470231516, "log10_eta": -2.5910849988677582, "log10_lambda": -2.4997397697219252, "log10_min_child_weight": 2.57249141180905, "log10_subsample": -0.2820277575490666, "max_depth": 8.0, "num_boost_round": 31.0}, "datetime": {"datetime": "2024-01-19 00:57:37", "elapsed": 2747.674438, "delta": 0.003539}}
{"target": -17.674966142405523, "params": {"gamma": 409.4378045063354, "log10_alpha": -0.1019415011486533, "log10_colsample_bytree": -0.026181079470231516, "log10_eta": -2.5910849988677582, "log10_lambda": -2.4997397697219252, "log10_min_child_weight": 2.57249141180905, "log10_subsample": -0.2820277575490666, "max_depth": 8.0, "num_boost_round": 32.0}, "datetime": {"datetime": "2024-01-19 00:57:37", "elapsed": 2747.677937, "delta": 0.003499}}
{"target": -17.67501017017078, "params": {"gamma": 409.4378045063354, "log10_alpha": -0.1019415011486533, "log10_colsample_bytree": -0.026181079470231516, "log10_eta": -2.5910849988677582, "log10_lambda": -2.4997397697219252, "log10_min_child_weight": 2.57249141180905, "log10_subsample": -0.2820277575490666, "max_depth": 8.0, "num_boost_round": 33.0}, "datetime": {"datetime": "2024-01-19 00:57:37", "elapsed": 2747.681454, "delta": 0.003517}}
{"target": -17.67497378895367, "params": {"gamma": 409.4378045063354, "log10_alpha": -0.1019415011486533, "log10_colsample_bytree": -0.026181079470231516, "log10_eta": -2.5910849988677582, "log10_lambda": -2.4997397697219252, "log10_min_child_weight": 2.57249141180905, "log10_subsample": -0.2820277575490666, "max_depth": 8.0, "num_boost_round": 34.0}, "datetime": {"datetime": "2024-01-19 00:57:37", "elapsed": 2747.685112, "delta": 0.003658}}
{"target": -17.67499619475874, "params": {"gamma": 409.4378045063354, "log10_alpha": -0.1019415011486533, "log10_colsample_bytree": -0.026181079470231516, "log10_eta": -2.5910849988677582, "log10_lambda": -2.4997397697219252, "log10_min_child_weight": 2.57249141180905, "log10_subsample": -0.2820277575490666, "max_depth": 8.0, "num_boost_round": 35.0}, "datetime": {"datetime": "2024-01-19 00:57:37", "elapsed": 2747.688628, "delta": 0.003516}}
{"target": -17.674899913953343, "params": {"gamma": 409.4378045063354, "log10_alpha": -0.1019415011486533, "log10_colsample_bytree": -0.026181079470231516, "log10_eta": -2.5910849988677582, "log10_lambda": -2.4997397697219252, "log10_min_child_weight": 2.57249141180905, "log10_subsample": -0.2820277575490666, "max_depth": 8.0, "num_boost_round": 36.0}, "datetime": {"datetime": "2024-01-19 00:57:37", "elapsed": 2747.692188, "delta": 0.00356}}
{"target": -17.67721109965278, "params": {"gamma": 412.58503150678985, "log10_alpha": -2.9968658721349977, "log10_colsample_bytree": -0.4972571815862217, "log10_eta": -3.4616166658690632, "log10_lambda": -4.341723811455883, "log10_min_child_weight": 2.1945066445698815, "log10_subsample": -0.14470432304112857, "max_depth": 9.0, "num_boost_round": 0.0}, "datetime": {"datetime": "2024-01-19 00:58:45", "elapsed": 2815.116217, "delta": 67.424029}}
{"target": -17.677187392396565, "params": {"gamma": 412.58503150678985, "log10_alpha": -2.9968658721349977, "log10_colsample_bytree": -0.4972571815862217, "log10_eta": -3.4616166658690632, "log10_lambda": -4.341723811455883, "log10_min_child_weight": 2.1945066445698815, "log10_subsample": -0.14470432304112857, "max_depth": 9.0, "num_boost_round": 1.0}, "datetime": {"datetime": "2024-01-19 00:58:45", "elapsed": 2815.120053, "delta": 0.003836}}
{"target": -17.67718649963348, "params": {"gamma": 412.58503150678985, "log10_alpha": -2.9968658721349977, "log10_colsample_bytree": -0.4972571815862217, "log10_eta": -3.4616166658690632, "log10_lambda": -4.341723811455883, "log10_min_child_weight": 2.1945066445698815, "log10_subsample": -0.14470432304112857, "max_depth": 9.0, "num_boost_round": 2.0}, "datetime": {"datetime": "2024-01-19 00:58:45", "elapsed": 2815.123722, "delta": 0.003669}}
{"target": -17.67717895870334, "params": {"gamma": 412.58503150678985, "log10_alpha": -2.9968658721349977, "log10_colsample_bytree": -0.4972571815862217, "log10_eta": -3.4616166658690632, "log10_lambda": -4.341723811455883, "log10_min_child_weight": 2.1945066445698815, "log10_subsample": -0.14470432304112857, "max_depth": 9.0, "num_boost_round": 3.0}, "datetime": {"datetime": "2024-01-19 00:58:45", "elapsed": 2815.12725, "delta": 0.003528}}
{"target": -17.67714551411691, "params": {"gamma": 412.58503150678985, "log10_alpha": -2.9968658721349977, "log10_colsample_bytree": -0.4972571815862217, "log10_eta": -3.4616166658690632, "log10_lambda": -4.341723811455883, "log10_min_child_weight": 2.1945066445698815, "log10_subsample": -0.14470432304112857, "max_depth": 9.0, "num_boost_round": 4.0}, "datetime": {"datetime": "2024-01-19 00:58:45", "elapsed": 2815.130695, "delta": 0.003445}}
{"target": -17.677109625429758, "params": {"gamma": 412.58503150678985, "log10_alpha": -2.9968658721349977, "log10_colsample_bytree": -0.4972571815862217, "log10_eta": -3.4616166658690632, "log10_lambda": -4.341723811455883, "log10_min_child_weight": 2.1945066445698815, "log10_subsample": -0.14470432304112857, "max_depth": 9.0, "num_boost_round": 5.0}, "datetime": {"datetime": "2024-01-19 00:58:45", "elapsed": 2815.134215, "delta": 0.00352}}
{"target": -17.677085764226746, "params": {"gamma": 412.58503150678985, "log10_alpha": -2.9968658721349977, "log10_colsample_bytree": -0.4972571815862217, "log10_eta": -3.4616166658690632, "log10_lambda": -4.341723811455883, "log10_min_child_weight": 2.1945066445698815, "log10_subsample": -0.14470432304112857, "max_depth": 9.0, "num_boost_round": 6.0}, "datetime": {"datetime": "2024-01-19 00:58:45", "elapsed": 2815.137682, "delta": 0.003467}}
{"target": -17.677097900043616, "params": {"gamma": 412.58503150678985, "log10_alpha": -2.9968658721349977, "log10_colsample_bytree": -0.4972571815862217, "log10_eta": -3.4616166658690632, "log10_lambda": -4.341723811455883, "log10_min_child_weight": 2.1945066445698815, "log10_subsample": -0.14470432304112857, "max_depth": 9.0, "num_boost_round": 7.0}, "datetime": {"datetime": "2024-01-19 00:58:45", "elapsed": 2815.141121, "delta": 0.003439}}
{"target": -17.677097746880364, "params": {"gamma": 412.58503150678985, "log10_alpha": -2.9968658721349977, "log10_colsample_bytree": -0.4972571815862217, "log10_eta": -3.4616166658690632, "log10_lambda": -4.341723811455883, "log10_min_child_weight": 2.1945066445698815, "log10_subsample": -0.14470432304112857, "max_depth": 9.0, "num_boost_round": 8.0}, "datetime": {"datetime": "2024-01-19 00:58:45", "elapsed": 2815.144757, "delta": 0.003636}}
{"target": -17.677101366464793, "params": {"gamma": 412.58503150678985, "log10_alpha": -2.9968658721349977, "log10_colsample_bytree": -0.4972571815862217, "log10_eta": -3.4616166658690632, "log10_lambda": -4.341723811455883, "log10_min_child_weight": 2.1945066445698815, "log10_subsample": -0.14470432304112857, "max_depth": 9.0, "num_boost_round": 9.0}, "datetime": {"datetime": "2024-01-19 00:58:45", "elapsed": 2815.148427, "delta": 0.00367}}
{"target": -17.677061321538876, "params": {"gamma": 412.58503150678985, "log10_alpha": -2.9968658721349977, "log10_colsample_bytree": -0.4972571815862217, "log10_eta": -3.4616166658690632, "log10_lambda": -4.341723811455883, "log10_min_child_weight": 2.1945066445698815, "log10_subsample": -0.14470432304112857, "max_depth": 9.0, "num_boost_round": 10.0}, "datetime": {"datetime": "2024-01-19 00:58:45", "elapsed": 2815.152203, "delta": 0.003776}}
{"target": -17.677030590028505, "params": {"gamma": 412.58503150678985, "log10_alpha": -2.9968658721349977, "log10_colsample_bytree": -0.4972571815862217, "log10_eta": -3.4616166658690632, "log10_lambda": -4.341723811455883, "log10_min_child_weight": 2.1945066445698815, "log10_subsample": -0.14470432304112857, "max_depth": 9.0, "num_boost_round": 11.0}, "datetime": {"datetime": "2024-01-19 00:58:45", "elapsed": 2815.155698, "delta": 0.003495}}
{"target": -17.67701596543809, "params": {"gamma": 412.58503150678985, "log10_alpha": -2.9968658721349977, "log10_colsample_bytree": -0.4972571815862217, "log10_eta": -3.4616166658690632, "log10_lambda": -4.341723811455883, "log10_min_child_weight": 2.1945066445698815, "log10_subsample": -0.14470432304112857, "max_depth": 9.0, "num_boost_round": 12.0}, "datetime": {"datetime": "2024-01-19 00:58:45", "elapsed": 2815.159166, "delta": 0.003468}}
{"target": -17.67699096540608, "params": {"gamma": 412.58503150678985, "log10_alpha": -2.9968658721349977, "log10_colsample_bytree": -0.4972571815862217, "log10_eta": -3.4616166658690632, "log10_lambda": -4.341723811455883, "log10_min_child_weight": 2.1945066445698815, "log10_subsample": -0.14470432304112857, "max_depth": 9.0, "num_boost_round": 13.0}, "datetime": {"datetime": "2024-01-19 00:58:45", "elapsed": 2815.162763, "delta": 0.003597}}
{"target": -17.67699473485913, "params": {"gamma": 412.58503150678985, "log10_alpha": -2.9968658721349977, "log10_colsample_bytree": -0.4972571815862217, "log10_eta": -3.4616166658690632, "log10_lambda": -4.341723811455883, "log10_min_child_weight": 2.1945066445698815, "log10_subsample": -0.14470432304112857, "max_depth": 9.0, "num_boost_round": 14.0}, "datetime": {"datetime": "2024-01-19 00:58:45", "elapsed": 2815.166215, "delta": 0.003452}}
{"target": -17.67698611890507, "params": {"gamma": 412.58503150678985, "log10_alpha": -2.9968658721349977, "log10_colsample_bytree": -0.4972571815862217, "log10_eta": -3.4616166658690632, "log10_lambda": -4.341723811455883, "log10_min_child_weight": 2.1945066445698815, "log10_subsample": -0.14470432304112857, "max_depth": 9.0, "num_boost_round": 15.0}, "datetime": {"datetime": "2024-01-19 00:58:45", "elapsed": 2815.169733, "delta": 0.003518}}
{"target": -17.67697798107502, "params": {"gamma": 412.58503150678985, "log10_alpha": -2.9968658721349977, "log10_colsample_bytree": -0.4972571815862217, "log10_eta": -3.4616166658690632, "log10_lambda": -4.341723811455883, "log10_min_child_weight": 2.1945066445698815, "log10_subsample": -0.14470432304112857, "max_depth": 9.0, "num_boost_round": 16.0}, "datetime": {"datetime": "2024-01-19 00:58:45", "elapsed": 2815.173267, "delta": 0.003534}}
{"target": -17.676957963259696, "params": {"gamma": 412.58503150678985, "log10_alpha": -2.9968658721349977, "log10_colsample_bytree": -0.4972571815862217, "log10_eta": -3.4616166658690632, "log10_lambda": -4.341723811455883, "log10_min_child_weight": 2.1945066445698815, "log10_subsample": -0.14470432304112857, "max_depth": 9.0, "num_boost_round": 17.0}, "datetime": {"datetime": "2024-01-19 00:58:45", "elapsed": 2815.176742, "delta": 0.003475}}
{"target": -17.67697575281501, "params": {"gamma": 412.58503150678985, "log10_alpha": -2.9968658721349977, "log10_colsample_bytree": -0.4972571815862217, "log10_eta": -3.4616166658690632, "log10_lambda": -4.341723811455883, "log10_min_child_weight": 2.1945066445698815, "log10_subsample": -0.14470432304112857, "max_depth": 9.0, "num_boost_round": 18.0}, "datetime": {"datetime": "2024-01-19 00:58:45", "elapsed": 2815.180202, "delta": 0.00346}}
{"target": -17.676952165677925, "params": {"gamma": 412.58503150678985, "log10_alpha": -2.9968658721349977, "log10_colsample_bytree": -0.4972571815862217, "log10_eta": -3.4616166658690632, "log10_lambda": -4.341723811455883, "log10_min_child_weight": 2.1945066445698815, "log10_subsample": -0.14470432304112857, "max_depth": 9.0, "num_boost_round": 19.0}, "datetime": {"datetime": "2024-01-19 00:58:45", "elapsed": 2815.183826, "delta": 0.003624}}
{"target": -17.676931398696738, "params": {"gamma": 412.58503150678985, "log10_alpha": -2.9968658721349977, "log10_colsample_bytree": -0.4972571815862217, "log10_eta": -3.4616166658690632, "log10_lambda": -4.341723811455883, "log10_min_child_weight": 2.1945066445698815, "log10_subsample": -0.14470432304112857, "max_depth": 9.0, "num_boost_round": 20.0}, "datetime": {"datetime": "2024-01-19 00:58:45", "elapsed": 2815.187289, "delta": 0.003463}}
{"target": -17.67691879264738, "params": {"gamma": 412.58503150678985, "log10_alpha": -2.9968658721349977, "log10_colsample_bytree": -0.4972571815862217, "log10_eta": -3.4616166658690632, "log10_lambda": -4.341723811455883, "log10_min_child_weight": 2.1945066445698815, "log10_subsample": -0.14470432304112857, "max_depth": 9.0, "num_boost_round": 21.0}, "datetime": {"datetime": "2024-01-19 00:58:45", "elapsed": 2815.190866, "delta": 0.003577}}
{"target": -17.676880688205635, "params": {"gamma": 412.58503150678985, "log10_alpha": -2.9968658721349977, "log10_colsample_bytree": -0.4972571815862217, "log10_eta": -3.4616166658690632, "log10_lambda": -4.341723811455883, "log10_min_child_weight": 2.1945066445698815, "log10_subsample": -0.14470432304112857, "max_depth": 9.0, "num_boost_round": 22.0}, "datetime": {"datetime": "2024-01-19 00:58:45", "elapsed": 2815.194365, "delta": 0.003499}}
{"target": -17.676868502138664, "params": {"gamma": 412.58503150678985, "log10_alpha": -2.9968658721349977, "log10_colsample_bytree": -0.4972571815862217, "log10_eta": -3.4616166658690632, "log10_lambda": -4.341723811455883, "log10_min_child_weight": 2.1945066445698815, "log10_subsample": -0.14470432304112857, "max_depth": 9.0, "num_boost_round": 23.0}, "datetime": {"datetime": "2024-01-19 00:58:45", "elapsed": 2815.197829, "delta": 0.003464}}
{"target": -17.676860084527245, "params": {"gamma": 412.58503150678985, "log10_alpha": -2.9968658721349977, "log10_colsample_bytree": -0.4972571815862217, "log10_eta": -3.4616166658690632, "log10_lambda": -4.341723811455883, "log10_min_child_weight": 2.1945066445698815, "log10_subsample": -0.14470432304112857, "max_depth": 9.0, "num_boost_round": 24.0}, "datetime": {"datetime": "2024-01-19 00:58:45", "elapsed": 2815.201303, "delta": 0.003474}}
{"target": -17.676847139617326, "params": {"gamma": 412.58503150678985, "log10_alpha": -2.9968658721349977, "log10_colsample_bytree": -0.4972571815862217, "log10_eta": -3.4616166658690632, "log10_lambda": -4.341723811455883, "log10_min_child_weight": 2.1945066445698815, "log10_subsample": -0.14470432304112857, "max_depth": 9.0, "num_boost_round": 25.0}, "datetime": {"datetime": "2024-01-19 00:58:45", "elapsed": 2815.204898, "delta": 0.003595}}
{"target": -17.676827413954026, "params": {"gamma": 412.58503150678985, "log10_alpha": -2.9968658721349977, "log10_colsample_bytree": -0.4972571815862217, "log10_eta": -3.4616166658690632, "log10_lambda": -4.341723811455883, "log10_min_child_weight": 2.1945066445698815, "log10_subsample": -0.14470432304112857, "max_depth": 9.0, "num_boost_round": 26.0}, "datetime": {"datetime": "2024-01-19 00:58:45", "elapsed": 2815.208404, "delta": 0.003506}}
{"target": -17.676815335213842, "params": {"gamma": 412.58503150678985, "log10_alpha": -2.9968658721349977, "log10_colsample_bytree": -0.4972571815862217, "log10_eta": -3.4616166658690632, "log10_lambda": -4.341723811455883, "log10_min_child_weight": 2.1945066445698815, "log10_subsample": -0.14470432304112857, "max_depth": 9.0, "num_boost_round": 27.0}, "datetime": {"datetime": "2024-01-19 00:58:45", "elapsed": 2815.211981, "delta": 0.003577}}
{"target": -17.67678989233772, "params": {"gamma": 412.58503150678985, "log10_alpha": -2.9968658721349977, "log10_colsample_bytree": -0.4972571815862217, "log10_eta": -3.4616166658690632, "log10_lambda": -4.341723811455883, "log10_min_child_weight": 2.1945066445698815, "log10_subsample": -0.14470432304112857, "max_depth": 9.0, "num_boost_round": 28.0}, "datetime": {"datetime": "2024-01-19 00:58:45", "elapsed": 2815.215451, "delta": 0.00347}}
{"target": -17.67676310472702, "params": {"gamma": 412.58503150678985, "log10_alpha": -2.9968658721349977, "log10_colsample_bytree": -0.4972571815862217, "log10_eta": -3.4616166658690632, "log10_lambda": -4.341723811455883, "log10_min_child_weight": 2.1945066445698815, "log10_subsample": -0.14470432304112857, "max_depth": 9.0, "num_boost_round": 29.0}, "datetime": {"datetime": "2024-01-19 00:58:45", "elapsed": 2815.337916, "delta": 0.122465}}
{"target": -17.676769110252355, "params": {"gamma": 412.58503150678985, "log10_alpha": -2.9968658721349977, "log10_colsample_bytree": -0.4972571815862217, "log10_eta": -3.4616166658690632, "log10_lambda": -4.341723811455883, "log10_min_child_weight": 2.1945066445698815, "log10_subsample": -0.14470432304112857, "max_depth": 9.0, "num_boost_round": 30.0}, "datetime": {"datetime": "2024-01-19 00:58:45", "elapsed": 2815.342489, "delta": 0.004573}}
{"target": -17.676736633904316, "params": {"gamma": 412.58503150678985, "log10_alpha": -2.9968658721349977, "log10_colsample_bytree": -0.4972571815862217, "log10_eta": -3.4616166658690632, "log10_lambda": -4.341723811455883, "log10_min_child_weight": 2.1945066445698815, "log10_subsample": -0.14470432304112857, "max_depth": 9.0, "num_boost_round": 31.0}, "datetime": {"datetime": "2024-01-19 00:58:45", "elapsed": 2815.347155, "delta": 0.004666}}
{"target": -17.676720233915944, "params": {"gamma": 412.58503150678985, "log10_alpha": -2.9968658721349977, "log10_colsample_bytree": -0.4972571815862217, "log10_eta": -3.4616166658690632, "log10_lambda": -4.341723811455883, "log10_min_child_weight": 2.1945066445698815, "log10_subsample": -0.14470432304112857, "max_depth": 9.0, "num_boost_round": 32.0}, "datetime": {"datetime": "2024-01-19 00:58:45", "elapsed": 2815.351347, "delta": 0.004192}}
{"target": -17.676706616929096, "params": {"gamma": 412.58503150678985, "log10_alpha": -2.9968658721349977, "log10_colsample_bytree": -0.4972571815862217, "log10_eta": -3.4616166658690632, "log10_lambda": -4.341723811455883, "log10_min_child_weight": 2.1945066445698815, "log10_subsample": -0.14470432304112857, "max_depth": 9.0, "num_boost_round": 33.0}, "datetime": {"datetime": "2024-01-19 00:58:45", "elapsed": 2815.355265, "delta": 0.003918}}
{"target": -17.676705796076323, "params": {"gamma": 412.58503150678985, "log10_alpha": -2.9968658721349977, "log10_colsample_bytree": -0.4972571815862217, "log10_eta": -3.4616166658690632, "log10_lambda": -4.341723811455883, "log10_min_child_weight": 2.1945066445698815, "log10_subsample": -0.14470432304112857, "max_depth": 9.0, "num_boost_round": 34.0}, "datetime": {"datetime": "2024-01-19 00:58:45", "elapsed": 2815.359096, "delta": 0.003831}}
{"target": -17.67668775287426, "params": {"gamma": 412.58503150678985, "log10_alpha": -2.9968658721349977, "log10_colsample_bytree": -0.4972571815862217, "log10_eta": -3.4616166658690632, "log10_lambda": -4.341723811455883, "log10_min_child_weight": 2.1945066445698815, "log10_subsample": -0.14470432304112857, "max_depth": 9.0, "num_boost_round": 35.0}, "datetime": {"datetime": "2024-01-19 00:58:45", "elapsed": 2815.362823, "delta": 0.003727}}
