{"target": -17.677218878276733, "params": {"gamma": 34.095998319541486, "log10_alpha": 1.0, "log10_colsample_bytree": 0.0, "log10_eta": -4.0, "log10_lambda": -2.6635984388489415, "log10_min_child_weight": 2.5143851516950155, "log10_subsample": -1.0, "max_depth": 5.0, "num_boost_round": 4.0}, "datetime": {"datetime": "2024-01-19 00:47:05", "elapsed": 2179.552973, "delta": 0.002263}}
{"target": -17.677215272945695, "params": {"gamma": 34.095998319541486, "log10_alpha": 1.0, "log10_colsample_bytree": 0.0, "log10_eta": -4.0, "log10_lambda": -2.6635984388489415, "log10_min_child_weight": 2.5143851516950155, "log10_subsample": -1.0, "max_depth": 5.0, "num_boost_round": 5.0}, "datetime": {"datetime": "2024-01-19 00:47:05", "elapsed": 2179.555189, "delta": 0.002216}}
{"target": -17.677211376225294, "params": {"gamma": 34.095998319541486, "log10_alpha": 1.0, "log10_colsample_bytree": 0.0, "log10_eta": -4.0, "log10_lambda": -2.6635984388489415, "log10_min_child_weight": 2.5143851516950155, "log10_subsample": -1.0, "max_depth": 5.0, "num_boost_round": 6.0}, "datetime": {"datetime": "2024-01-19 00:47:05", "elapsed": 2179.55764, "delta": 0.002451}}
{"target": -17.677204457334778, "params": {"gamma": 34.095998319541486, "log10_alpha": 1.0, "log10_colsample_bytree": 0.0, "log10_eta": -4.0, "log10_lambda": -2.6635984388489415, "log10_min_child_weight": 2.5143851516950155, "log10_subsample": -1.0, "max_depth": 5.0, "num_boost_round": 7.0}, "datetime": {"datetime": "2024-01-19 00:47:05", "elapsed": 2179.559884, "delta": 0.002244}}
{"target": -17.67720311696881, "params": {"gamma": 34.095998319541486, "log10_alpha": 1.0, "log10_colsample_bytree": 0.0, "log10_eta": -4.0, "log10_lambda": -2.6635984388489415, "log10_min_child_weight": 2.5143851516950155, "log10_subsample": -1.0, "max_depth": 5.0, "num_boost_round": 8.0}, "datetime": {"datetime": "2024-01-19 00:47:05", "elapsed": 2179.562093, "delta": 0.002209}}
{"target": -17.677199578153207, "params": {"gamma": 34.095998319541486, "log10_alpha": 1.0, "log10_colsample_bytree": 0.0, "log10_eta": -4.0, "log10_lambda": -2.6635984388489415, "log10_min_child_weight": 2.5143851516950155, "log10_subsample": -1.0, "max_depth": 5.0, "num_boost_round": 9.0}, "datetime": {"datetime": "2024-01-19 00:47:05", "elapsed": 2179.564421, "delta": 0.002328}}
{"target": -17.67719666828522, "params": {"gamma": 34.095998319541486, "log10_alpha": 1.0, "log10_colsample_bytree": 0.0, "log10_eta": -4.0, "log10_lambda": -2.6635984388489415, "log10_min_child_weight": 2.5143851516950155, "log10_subsample": -1.0, "max_depth": 5.0, "num_boost_round": 10.0}, "datetime": {"datetime": "2024-01-19 00:47:05", "elapsed": 2179.566944, "delta": 0.002523}}
{"target": -17.67719477849038, "params": {"gamma": 34.095998319541486, "log10_alpha": 1.0, "log10_colsample_bytree": 0.0, "log10_eta": -4.0, "log10_lambda": -2.6635984388489415, "log10_min_child_weight": 2.5143851516950155, "log10_subsample": -1.0, "max_depth": 5.0, "num_boost_round": 11.0}, "datetime": {"datetime": "2024-01-19 00:47:05", "elapsed": 2179.569251, "delta": 0.002307}}
{"target": -17.67719256799248, "params": {"gamma": 34.095998319541486, "log10_alpha": 1.0, "log10_colsample_bytree": 0.0, "log10_eta": -4.0, "log10_lambda": -2.6635984388489415, "log10_min_child_weight": 2.5143851516950155, "log10_subsample": -1.0, "max_depth": 5.0, "num_boost_round": 12.0}, "datetime": {"datetime": "2024-01-19 00:47:05", "elapsed": 2179.571658, "delta": 0.002407}}
{"target": -17.677189547419456, "params": {"gamma": 34.095998319541486, "log10_alpha": 1.0, "log10_colsample_bytree": 0.0, "log10_eta": -4.0, "log10_lambda": -2.6635984388489415, "log10_min_child_weight": 2.5143851516950155, "log10_subsample": -1.0, "max_depth": 5.0, "num_boost_round": 13.0}, "datetime": {"datetime": "2024-01-19 00:47:05", "elapsed": 2179.574023, "delta": 0.002365}}
{"target": -17.677188473586423, "params": {"gamma": 34.095998319541486, "log10_alpha": 1.0, "log10_colsample_bytree": 0.0, "log10_eta": -4.0, "log10_lambda": -2.6635984388489415, "log10_min_child_weight": 2.5143851516950155, "log10_subsample": -1.0, "max_depth": 5.0, "num_boost_round": 14.0}, "datetime": {"datetime": "2024-01-19 00:47:05", "elapsed": 2179.576304, "delta": 0.002281}}
{"target": -17.677184591566323, "params": {"gamma": 34.095998319541486, "log10_alpha": 1.0, "log10_colsample_bytree": 0.0, "log10_eta": -4.0, "log10_lambda": -2.6635984388489415, "log10_min_child_weight": 2.5143851516950155, "log10_subsample": -1.0, "max_depth": 5.0, "num_boost_round": 15.0}, "datetime": {"datetime": "2024-01-19 00:47:05", "elapsed": 2179.578557, "delta": 0.002253}}
{"target": -17.677180782717922, "params": {"gamma": 34.095998319541486, "log10_alpha": 1.0, "log10_colsample_bytree": 0.0, "log10_eta": -4.0, "log10_lambda": -2.6635984388489415, "log10_min_child_weight": 2.5143851516950155, "log10_subsample": -1.0, "max_depth": 5.0, "num_boost_round": 16.0}, "datetime": {"datetime": "2024-01-19 00:47:05", "elapsed": 2179.580758, "delta": 0.002201}}
{"target": -17.677177861212183, "params": {"gamma": 34.095998319541486, "log10_alpha": 1.0, "log10_colsample_bytree": 0.0, "log10_eta": -4.0, "log10_lambda": -2.6635984388489415, "log10_min_child_weight": 2.5143851516950155, "log10_subsample": -1.0, "max_depth": 5.0, "num_boost_round": 17.0}, "datetime": {"datetime": "2024-01-19 00:47:05", "elapsed": 2179.583058, "delta": 0.0023}}
{"target": -17.677176239727306, "params": {"gamma": 34.095998319541486, "log10_alpha": 1.0, "log10_colsample_bytree": 0.0, "log10_eta": -4.0, "log10_lambda": -2.6635984388489415, "log10_min_child_weight": 2.5143851516950155, "log10_subsample": -1.0, "max_depth": 5.0, "num_boost_round": 18.0}, "datetime": {"datetime": "2024-01-19 00:47:05", "elapsed": 2179.585334, "delta": 0.002276}}
{"target": -17.677171429164474, "params": {"gamma": 34.095998319541486, "log10_alpha": 1.0, "log10_colsample_bytree": 0.0, "log10_eta": -4.0, "log10_lambda": -2.6635984388489415, "log10_min_child_weight": 2.5143851516950155, "log10_subsample": -1.0, "max_depth": 5.0, "num_boost_round": 19.0}, "datetime": {"datetime": "2024-01-19 00:47:05", "elapsed": 2179.587638, "delta": 0.002304}}
{"target": -17.67717044484105, "params": {"gamma": 34.095998319541486, "log10_alpha": 1.0, "log10_colsample_bytree": 0.0, "log10_eta": -4.0, "log10_lambda": -2.6635984388489415, "log10_min_child_weight": 2.5143851516950155, "log10_subsample": -1.0, "max_depth": 5.0, "num_boost_round": 20.0}, "datetime": {"datetime": "2024-01-19 00:47:05", "elapsed": 2179.589865, "delta": 0.002227}}
{"target": -17.677194858077375, "params": {"gamma": 38.250111464545824, "log10_alpha": 0.8341050332617925, "log10_colsample_bytree": -0.43718194840800384, "log10_eta": -2.6104565763616754, "log10_lambda": 0.5167818484350875, "log10_min_child_weight": 4.50083791153041, "log10_subsample": -0.6206924376043952, "max_depth": 9.0, "num_boost_round": 0.0}, "datetime": {"datetime": "2024-01-19 00:47:43", "elapsed": 2216.860495, "delta": 37.27063}}
{"target": -17.677168992335634, "params": {"gamma": 38.250111464545824, "log10_alpha": 0.8341050332617925, "log10_colsample_bytree": -0.43718194840800384, "log10_eta": -2.6104565763616754, "log10_lambda": 0.5167818484350875, "log10_min_child_weight": 4.50083791153041, "log10_subsample": -0.6206924376043952, "max_depth": 9.0, "num_boost_round": 1.0}, "datetime": {"datetime": "2024-01-19 00:47:43", "elapsed": 2216.863267, "delta": 0.002772}}
{"target": -17.677174635623008, "params": {"gamma": 38.250111464545824, "log10_alpha": 0.8341050332617925, "log10_colsample_bytree": -0.43718194840800384, "log10_eta": -2.6104565763616754, "log10_lambda": 0.5167818484350875, "log10_min_child_weight": 4.50083791153041, "log10_subsample": -0.6206924376043952, "max_depth": 9.0, "num_boost_round": 2.0}, "datetime": {"datetime": "2024-01-19 00:47:43", "elapsed": 2216.866171, "delta": 0.002904}}
{"target": -17.67715596559061, "params": {"gamma": 38.250111464545824, "log10_alpha": 0.8341050332617925, "log10_colsample_bytree": -0.43718194840800384, "log10_eta": -2.6104565763616754, "log10_lambda": 0.5167818484350875, "log10_min_child_weight": 4.50083791153041, "log10_subsample": -0.6206924376043952, "max_depth": 9.0, "num_boost_round": 3.0}, "datetime": {"datetime": "2024-01-19 00:47:43", "elapsed": 2216.86871, "delta": 0.002539}}
{"target": -17.677150110478976, "params": {"gamma": 38.250111464545824, "log10_alpha": 0.8341050332617925, "log10_colsample_bytree": -0.43718194840800384, "log10_eta": -2.6104565763616754, "log10_lambda": 0.5167818484350875, "log10_min_child_weight": 4.50083791153041, "log10_subsample": -0.6206924376043952, "max_depth": 9.0, "num_boost_round": 4.0}, "datetime": {"datetime": "2024-01-19 00:47:43", "elapsed": 2216.871056, "delta": 0.002346}}
{"target": -17.677136727996505, "params": {"gamma": 38.250111464545824, "log10_alpha": 0.8341050332617925, "log10_colsample_bytree": -0.43718194840800384, "log10_eta": -2.6104565763616754, "log10_lambda": 0.5167818484350875, "log10_min_child_weight": 4.50083791153041, "log10_subsample": -0.6206924376043952, "max_depth": 9.0, "num_boost_round": 5.0}, "datetime": {"datetime": "2024-01-19 00:47:43", "elapsed": 2216.873327, "delta": 0.002271}}
{"target": -17.677123755520956, "params": {"gamma": 38.250111464545824, "log10_alpha": 0.8341050332617925, "log10_colsample_bytree": -0.43718194840800384, "log10_eta": -2.6104565763616754, "log10_lambda": 0.5167818484350875, "log10_min_child_weight": 4.50083791153041, "log10_subsample": -0.6206924376043952, "max_depth": 9.0, "num_boost_round": 6.0}, "datetime": {"datetime": "2024-01-19 00:47:43", "elapsed": 2216.875612, "delta": 0.002285}}
{"target": -17.67713841082624, "params": {"gamma": 38.250111464545824, "log10_alpha": 0.8341050332617925, "log10_colsample_bytree": -0.43718194840800384, "log10_eta": -2.6104565763616754, "log10_lambda": 0.5167818484350875, "log10_min_child_weight": 4.50083791153041, "log10_subsample": -0.6206924376043952, "max_depth": 9.0, "num_boost_round": 7.0}, "datetime": {"datetime": "2024-01-19 00:47:43", "elapsed": 2216.877846, "delta": 0.002234}}
{"target": -17.67710398521303, "params": {"gamma": 38.250111464545824, "log10_alpha": 0.8341050332617925, "log10_colsample_bytree": -0.43718194840800384, "log10_eta": -2.6104565763616754, "log10_lambda": 0.5167818484350875, "log10_min_child_weight": 4.50083791153041, "log10_subsample": -0.6206924376043952, "max_depth": 9.0, "num_boost_round": 8.0}, "datetime": {"datetime": "2024-01-19 00:47:43", "elapsed": 2216.880113, "delta": 0.002267}}
{"target": -17.677076713104846, "params": {"gamma": 38.250111464545824, "log10_alpha": 0.8341050332617925, "log10_colsample_bytree": -0.43718194840800384, "log10_eta": -2.6104565763616754, "log10_lambda": 0.5167818484350875, "log10_min_child_weight": 4.50083791153041, "log10_subsample": -0.6206924376043952, "max_depth": 9.0, "num_boost_round": 9.0}, "datetime": {"datetime": "2024-01-19 00:47:43", "elapsed": 2216.882388, "delta": 0.002275}}
{"target": -17.677061683975747, "params": {"gamma": 38.250111464545824, "log10_alpha": 0.8341050332617925, "log10_colsample_bytree": -0.43718194840800384, "log10_eta": -2.6104565763616754, "log10_lambda": 0.5167818484350875, "log10_min_child_weight": 4.50083791153041, "log10_subsample": -0.6206924376043952, "max_depth": 9.0, "num_boost_round": 10.0}, "datetime": {"datetime": "2024-01-19 00:47:43", "elapsed": 2216.884711, "delta": 0.002323}}
{"target": -17.67703562798141, "params": {"gamma": 38.250111464545824, "log10_alpha": 0.8341050332617925, "log10_colsample_bytree": -0.43718194840800384, "log10_eta": -2.6104565763616754, "log10_lambda": 0.5167818484350875, "log10_min_child_weight": 4.50083791153041, "log10_subsample": -0.6206924376043952, "max_depth": 9.0, "num_boost_round": 11.0}, "datetime": {"datetime": "2024-01-19 00:47:43", "elapsed": 2216.887145, "delta": 0.002434}}
{"target": -17.67705113516, "params": {"gamma": 38.250111464545824, "log10_alpha": 0.8341050332617925, "log10_colsample_bytree": -0.43718194840800384, "log10_eta": -2.6104565763616754, "log10_lambda": 0.5167818484350875, "log10_min_child_weight": 4.50083791153041, "log10_subsample": -0.6206924376043952, "max_depth": 9.0, "num_boost_round": 12.0}, "datetime": {"datetime": "2024-01-19 00:47:43", "elapsed": 2216.981922, "delta": 0.094777}}
{"target": -17.675179965080293, "params": {"gamma": 16.60198506473154, "log10_alpha": 0.7988933651851724, "log10_colsample_bytree": -0.6970125680016903, "log10_eta": -1.1223694743632775, "log10_lambda": -3.766118581230903, "log10_min_child_weight": 0.6725552273558144, "log10_subsample": -0.7009907231999042, "max_depth": 7.0, "num_boost_round": 0.0}, "datetime": {"datetime": "2024-01-19 00:48:41", "elapsed": 2275.465122, "delta": 58.4832}}
{"target": -17.674611366677407, "params": {"gamma": 16.60198506473154, "log10_alpha": 0.7988933651851724, "log10_colsample_bytree": -0.6970125680016903, "log10_eta": -1.1223694743632775, "log10_lambda": -3.766118581230903, "log10_min_child_weight": 0.6725552273558144, "log10_subsample": -0.7009907231999042, "max_depth": 7.0, "num_boost_round": 1.0}, "datetime": {"datetime": "2024-01-19 00:48:41", "elapsed": 2275.468273, "delta": 0.003151}}
{"target": -17.673980651497935, "params": {"gamma": 16.60198506473154, "log10_alpha": 0.7988933651851724, "log10_colsample_bytree": -0.6970125680016903, "log10_eta": -1.1223694743632775, "log10_lambda": -3.766118581230903, "log10_min_child_weight": 0.6725552273558144, "log10_subsample": -0.7009907231999042, "max_depth": 7.0, "num_boost_round": 2.0}, "datetime": {"datetime": "2024-01-19 00:48:41", "elapsed": 2275.471227, "delta": 0.002954}}
{"target": -17.67661890124876, "params": {"gamma": 16.60198506473154, "log10_alpha": 0.7988933651851724, "log10_colsample_bytree": -0.6970125680016903, "log10_eta": -1.1223694743632775, "log10_lambda": -3.766118581230903, "log10_min_child_weight": 0.6725552273558144, "log10_subsample": -0.7009907231999042, "max_depth": 7.0, "num_boost_round": 3.0}, "datetime": {"datetime": "2024-01-19 00:48:41", "elapsed": 2275.474016, "delta": 0.002789}}
{"target": -17.679192638694904, "params": {"gamma": 16.60198506473154, "log10_alpha": 0.7988933651851724, "log10_colsample_bytree": -0.6970125680016903, "log10_eta": -1.1223694743632775, "log10_lambda": -3.766118581230903, "log10_min_child_weight": 0.6725552273558144, "log10_subsample": -0.7009907231999042, "max_depth": 7.0, "num_boost_round": 4.0}, "datetime": {"datetime": "2024-01-19 00:48:41", "elapsed": 2275.476546, "delta": 0.00253}}
{"target": -17.681414625343102, "params": {"gamma": 16.60198506473154, "log10_alpha": 0.7988933651851724, "log10_colsample_bytree": -0.6970125680016903, "log10_eta": -1.1223694743632775, "log10_lambda": -3.766118581230903, "log10_min_child_weight": 0.6725552273558144, "log10_subsample": -0.7009907231999042, "max_depth": 7.0, "num_boost_round": 5.0}, "datetime": {"datetime": "2024-01-19 00:48:41", "elapsed": 2275.479005, "delta": 0.002459}}
{"target": -17.68537301357796, "params": {"gamma": 16.60198506473154, "log10_alpha": 0.7988933651851724, "log10_colsample_bytree": -0.6970125680016903, "log10_eta": -1.1223694743632775, "log10_lambda": -3.766118581230903, "log10_min_child_weight": 0.6725552273558144, "log10_subsample": -0.7009907231999042, "max_depth": 7.0, "num_boost_round": 6.0}, "datetime": {"datetime": "2024-01-19 00:48:41", "elapsed": 2275.481485, "delta": 0.00248}}
{"target": -17.688759116134907, "params": {"gamma": 16.60198506473154, "log10_alpha": 0.7988933651851724, "log10_colsample_bytree": -0.6970125680016903, "log10_eta": -1.1223694743632775, "log10_lambda": -3.766118581230903, "log10_min_child_weight": 0.6725552273558144, "log10_subsample": -0.7009907231999042, "max_depth": 7.0, "num_boost_round": 7.0}, "datetime": {"datetime": "2024-01-19 00:48:41", "elapsed": 2275.484002, "delta": 0.002517}}
{"target": -17.691052519370192, "params": {"gamma": 16.60198506473154, "log10_alpha": 0.7988933651851724, "log10_colsample_bytree": -0.6970125680016903, "log10_eta": -1.1223694743632775, "log10_lambda": -3.766118581230903, "log10_min_child_weight": 0.6725552273558144, "log10_subsample": -0.7009907231999042, "max_depth": 7.0, "num_boost_round": 8.0}, "datetime": {"datetime": "2024-01-19 00:48:41", "elapsed": 2275.486534, "delta": 0.002532}}
{"target": -17.69107363678209, "params": {"gamma": 16.60198506473154, "log10_alpha": 0.7988933651851724, "log10_colsample_bytree": -0.6970125680016903, "log10_eta": -1.1223694743632775, "log10_lambda": -3.766118581230903, "log10_min_child_weight": 0.6725552273558144, "log10_subsample": -0.7009907231999042, "max_depth": 7.0, "num_boost_round": 9.0}, "datetime": {"datetime": "2024-01-19 00:48:41", "elapsed": 2275.488999, "delta": 0.002465}}
{"target": -17.693473715963194, "params": {"gamma": 16.60198506473154, "log10_alpha": 0.7988933651851724, "log10_colsample_bytree": -0.6970125680016903, "log10_eta": -1.1223694743632775, "log10_lambda": -3.766118581230903, "log10_min_child_weight": 0.6725552273558144, "log10_subsample": -0.7009907231999042, "max_depth": 7.0, "num_boost_round": 10.0}, "datetime": {"datetime": "2024-01-19 00:48:41", "elapsed": 2275.491568, "delta": 0.002569}}
{"target": -17.69409637595045, "params": {"gamma": 16.60198506473154, "log10_alpha": 0.7988933651851724, "log10_colsample_bytree": -0.6970125680016903, "log10_eta": -1.1223694743632775, "log10_lambda": -3.766118581230903, "log10_min_child_weight": 0.6725552273558144, "log10_subsample": -0.7009907231999042, "max_depth": 7.0, "num_boost_round": 11.0}, "datetime": {"datetime": "2024-01-19 00:48:41", "elapsed": 2275.494018, "delta": 0.00245}}
{"target": -17.698590834741683, "params": {"gamma": 16.60198506473154, "log10_alpha": 0.7988933651851724, "log10_colsample_bytree": -0.6970125680016903, "log10_eta": -1.1223694743632775, "log10_lambda": -3.766118581230903, "log10_min_child_weight": 0.6725552273558144, "log10_subsample": -0.7009907231999042, "max_depth": 7.0, "num_boost_round": 12.0}, "datetime": {"datetime": "2024-01-19 00:48:41", "elapsed": 2275.496479, "delta": 0.002461}}
{"target": -17.699023087223498, "params": {"gamma": 16.60198506473154, "log10_alpha": 0.7988933651851724, "log10_colsample_bytree": -0.6970125680016903, "log10_eta": -1.1223694743632775, "log10_lambda": -3.766118581230903, "log10_min_child_weight": 0.6725552273558144, "log10_subsample": -0.7009907231999042, "max_depth": 7.0, "num_boost_round": 13.0}, "datetime": {"datetime": "2024-01-19 00:48:41", "elapsed": 2275.498916, "delta": 0.002437}}
{"target": -17.70489426314399, "params": {"gamma": 16.60198506473154, "log10_alpha": 0.7988933651851724, "log10_colsample_bytree": -0.6970125680016903, "log10_eta": -1.1223694743632775, "log10_lambda": -3.766118581230903, "log10_min_child_weight": 0.6725552273558144, "log10_subsample": -0.7009907231999042, "max_depth": 7.0, "num_boost_round": 14.0}, "datetime": {"datetime": "2024-01-19 00:48:41", "elapsed": 2275.501384, "delta": 0.002468}}
{"target": -17.707162149869117, "params": {"gamma": 16.60198506473154, "log10_alpha": 0.7988933651851724, "log10_colsample_bytree": -0.6970125680016903, "log10_eta": -1.1223694743632775, "log10_lambda": -3.766118581230903, "log10_min_child_weight": 0.6725552273558144, "log10_subsample": -0.7009907231999042, "max_depth": 7.0, "num_boost_round": 15.0}, "datetime": {"datetime": "2024-01-19 00:48:41", "elapsed": 2275.503893, "delta": 0.002509}}
{"target": -17.708599830799248, "params": {"gamma": 16.60198506473154, "log10_alpha": 0.7988933651851724, "log10_colsample_bytree": -0.6970125680016903, "log10_eta": -1.1223694743632775, "log10_lambda": -3.766118581230903, "log10_min_child_weight": 0.6725552273558144, "log10_subsample": -0.7009907231999042, "max_depth": 7.0, "num_boost_round": 16.0}, "datetime": {"datetime": "2024-01-19 00:48:41", "elapsed": 2275.506322, "delta": 0.002429}}
{"target": -17.710816137183826, "params": {"gamma": 16.60198506473154, "log10_alpha": 0.7988933651851724, "log10_colsample_bytree": -0.6970125680016903, "log10_eta": -1.1223694743632775, "log10_lambda": -3.766118581230903, "log10_min_child_weight": 0.6725552273558144, "log10_subsample": -0.7009907231999042, "max_depth": 7.0, "num_boost_round": 17.0}, "datetime": {"datetime": "2024-01-19 00:48:41", "elapsed": 2275.508947, "delta": 0.002625}}
{"target": -17.713344808752343, "params": {"gamma": 16.60198506473154, "log10_alpha": 0.7988933651851724, "log10_colsample_bytree": -0.6970125680016903, "log10_eta": -1.1223694743632775, "log10_lambda": -3.766118581230903, "log10_min_child_weight": 0.6725552273558144, "log10_subsample": -0.7009907231999042, "max_depth": 7.0, "num_boost_round": 18.0}, "datetime": {"datetime": "2024-01-19 00:48:41", "elapsed": 2275.511376, "delta": 0.002429}}
{"target": -17.713871926621138, "params": {"gamma": 16.60198506473154, "log10_alpha": 0.7988933651851724, "log10_colsample_bytree": -0.6970125680016903, "log10_eta": -1.1223694743632775, "log10_lambda": -3.766118581230903, "log10_min_child_weight": 0.6725552273558144, "log10_subsample": -0.7009907231999042, "max_depth": 7.0, "num_boost_round": 19.0}, "datetime": {"datetime": "2024-01-19 00:48:41", "elapsed": 2275.513898, "delta": 0.002522}}
{"target": -17.718713312154495, "params": {"gamma": 16.60198506473154, "log10_alpha": 0.7988933651851724, "log10_colsample_bytree": -0.6970125680016903, "log10_eta": -1.1223694743632775, "log10_lambda": -3.766118581230903, "log10_min_child_weight": 0.6725552273558144, "log10_subsample": -0.7009907231999042, "max_depth": 7.0, "num_boost_round": 20.0}, "datetime": {"datetime": "2024-01-19 00:48:41", "elapsed": 2275.516507, "delta": 0.002609}}
