{"target": -17.6772006859629, "params": {"gamma": 837.0786070883985, "log10_alpha": 1.0, "log10_colsample_bytree": -1.0, "log10_eta": -4.0, "log10_lambda": 1.0, "log10_min_child_weight": 1.711749506730464, "log10_subsample": 0.0, "max_depth": 10.0, "num_boost_round": 10.0}, "datetime": {"datetime": "2024-01-19 01:09:28", "elapsed": 3453.417133, "delta": 0.004551}}
{"target": -17.677198211666234, "params": {"gamma": 837.0786070883985, "log10_alpha": 1.0, "log10_colsample_bytree": -1.0, "log10_eta": -4.0, "log10_lambda": 1.0, "log10_min_child_weight": 1.711749506730464, "log10_subsample": 0.0, "max_depth": 10.0, "num_boost_round": 11.0}, "datetime": {"datetime": "2024-01-19 01:09:28", "elapsed": 3453.421733, "delta": 0.0046}}
{"target": -17.677185171931285, "params": {"gamma": 837.0786070883985, "log10_alpha": 1.0, "log10_colsample_bytree": -1.0, "log10_eta": -4.0, "log10_lambda": 1.0, "log10_min_child_weight": 1.711749506730464, "log10_subsample": 0.0, "max_depth": 10.0, "num_boost_round": 12.0}, "datetime": {"datetime": "2024-01-19 01:09:28", "elapsed": 3453.4262, "delta": 0.004467}}
{"target": -17.67718215480205, "params": {"gamma": 837.0786070883985, "log10_alpha": 1.0, "log10_colsample_bytree": -1.0, "log10_eta": -4.0, "log10_lambda": 1.0, "log10_min_child_weight": 1.711749506730464, "log10_subsample": 0.0, "max_depth": 10.0, "num_boost_round": 13.0}, "datetime": {"datetime": "2024-01-19 01:09:28", "elapsed": 3453.430821, "delta": 0.004621}}
{"target": -17.677172622044445, "params": {"gamma": 837.0786070883985, "log10_alpha": 1.0, "log10_colsample_bytree": -1.0, "log10_eta": -4.0, "log10_lambda": 1.0, "log10_min_child_weight": 1.711749506730464, "log10_subsample": 0.0, "max_depth": 10.0, "num_boost_round": 14.0}, "datetime": {"datetime": "2024-01-19 01:09:28", "elapsed": 3453.435314, "delta": 0.004493}}
{"target": -17.67716952388202, "params": {"gamma": 837.0786070883985, "log10_alpha": 1.0, "log10_colsample_bytree": -1.0, "log10_eta": -4.0, "log10_lambda": 1.0, "log10_min_child_weight": 1.711749506730464, "log10_subsample": 0.0, "max_depth": 10.0, "num_boost_round": 15.0}, "datetime": {"datetime": "2024-01-19 01:09:28", "elapsed": 3453.440082, "delta": 0.004768}}
{"target": -17.67716494544892, "params": {"gamma": 837.0786070883985, "log10_alpha": 1.0, "log10_colsample_bytree": -1.0, "log10_eta": -4.0, "log10_lambda": 1.0, "log10_min_child_weight": 1.711749506730464, "log10_subsample": 0.0, "max_depth": 10.0, "num_boost_round": 16.0}, "datetime": {"datetime": "2024-01-19 01:09:28", "elapsed": 3453.44465, "delta": 0.004568}}
{"target": -17.677164572032215, "params": {"gamma": 837.0786070883985, "log10_alpha": 1.0, "log10_colsample_bytree": -1.0, "log10_eta": -4.0, "log10_lambda": 1.0, "log10_min_child_weight": 1.711749506730464, "log10_subsample": 0.0, "max_depth": 10.0, "num_boost_round": 17.0}, "datetime": {"datetime": "2024-01-19 01:09:28", "elapsed": 3453.44927, "delta": 0.00462}}
{"target": -17.67716018010381, "params": {"gamma": 837.0786070883985, "log10_alpha": 1.0, "log10_colsample_bytree": -1.0, "log10_eta": -4.0, "log10_lambda": 1.0, "log10_min_child_weight": 1.711749506730464, "log10_subsample": 0.0, "max_depth": 10.0, "num_boost_round": 18.0}, "datetime": {"datetime": "2024-01-19 01:09:28", "elapsed": 3453.453802, "delta": 0.004532}}
{"target": -17.67715308351045, "params": {"gamma": 837.0786070883985, "log10_alpha": 1.0, "log10_colsample_bytree": -1.0, "log10_eta": -4.0, "log10_lambda": 1.0, "log10_min_child_weight": 1.711749506730464, "log10_subsample": 0.0, "max_depth": 10.0, "num_boost_round": 19.0}, "datetime": {"datetime": "2024-01-19 01:09:28", "elapsed": 3453.458434, "delta": 0.004632}}
{"target": -17.677150814677308, "params": {"gamma": 837.0786070883985, "log10_alpha": 1.0, "log10_colsample_bytree": -1.0, "log10_eta": -4.0, "log10_lambda": 1.0, "log10_min_child_weight": 1.711749506730464, "log10_subsample": 0.0, "max_depth": 10.0, "num_boost_round": 20.0}, "datetime": {"datetime": "2024-01-19 01:09:28", "elapsed": 3453.463026, "delta": 0.004592}}
{"target": -17.67714685841451, "params": {"gamma": 837.0786070883985, "log10_alpha": 1.0, "log10_colsample_bytree": -1.0, "log10_eta": -4.0, "log10_lambda": 1.0, "log10_min_child_weight": 1.711749506730464, "log10_subsample": 0.0, "max_depth": 10.0, "num_boost_round": 21.0}, "datetime": {"datetime": "2024-01-19 01:09:28", "elapsed": 3453.467645, "delta": 0.004619}}
{"target": -17.677142030894572, "params": {"gamma": 837.0786070883985, "log10_alpha": 1.0, "log10_colsample_bytree": -1.0, "log10_eta": -4.0, "log10_lambda": 1.0, "log10_min_child_weight": 1.711749506730464, "log10_subsample": 0.0, "max_depth": 10.0, "num_boost_round": 22.0}, "datetime": {"datetime": "2024-01-19 01:09:28", "elapsed": 3453.472272, "delta": 0.004627}}
{"target": -17.67713899725313, "params": {"gamma": 837.0786070883985, "log10_alpha": 1.0, "log10_colsample_bytree": -1.0, "log10_eta": -4.0, "log10_lambda": 1.0, "log10_min_child_weight": 1.711749506730464, "log10_subsample": 0.0, "max_depth": 10.0, "num_boost_round": 23.0}, "datetime": {"datetime": "2024-01-19 01:09:28", "elapsed": 3453.476839, "delta": 0.004567}}
{"target": -17.677138295476382, "params": {"gamma": 837.0786070883985, "log10_alpha": 1.0, "log10_colsample_bytree": -1.0, "log10_eta": -4.0, "log10_lambda": 1.0, "log10_min_child_weight": 1.711749506730464, "log10_subsample": 0.0, "max_depth": 10.0, "num_boost_round": 24.0}, "datetime": {"datetime": "2024-01-19 01:09:28", "elapsed": 3453.481577, "delta": 0.004738}}
{"target": -17.67713312055243, "params": {"gamma": 837.0786070883985, "log10_alpha": 1.0, "log10_colsample_bytree": -1.0, "log10_eta": -4.0, "log10_lambda": 1.0, "log10_min_child_weight": 1.711749506730464, "log10_subsample": 0.0, "max_depth": 10.0, "num_boost_round": 25.0}, "datetime": {"datetime": "2024-01-19 01:09:28", "elapsed": 3453.486012, "delta": 0.004435}}
{"target": -17.677131969537374, "params": {"gamma": 837.0786070883985, "log10_alpha": 1.0, "log10_colsample_bytree": -1.0, "log10_eta": -4.0, "log10_lambda": 1.0, "log10_min_child_weight": 1.711749506730464, "log10_subsample": 0.0, "max_depth": 10.0, "num_boost_round": 26.0}, "datetime": {"datetime": "2024-01-19 01:09:28", "elapsed": 3453.490734, "delta": 0.004722}}
{"target": -17.677130900133335, "params": {"gamma": 837.0786070883985, "log10_alpha": 1.0, "log10_colsample_bytree": -1.0, "log10_eta": -4.0, "log10_lambda": 1.0, "log10_min_child_weight": 1.711749506730464, "log10_subsample": 0.0, "max_depth": 10.0, "num_boost_round": 27.0}, "datetime": {"datetime": "2024-01-19 01:09:28", "elapsed": 3453.495393, "delta": 0.004659}}
{"target": -17.677128557496808, "params": {"gamma": 837.0786070883985, "log10_alpha": 1.0, "log10_colsample_bytree": -1.0, "log10_eta": -4.0, "log10_lambda": 1.0, "log10_min_child_weight": 1.711749506730464, "log10_subsample": 0.0, "max_depth": 10.0, "num_boost_round": 28.0}, "datetime": {"datetime": "2024-01-19 01:09:28", "elapsed": 3453.499963, "delta": 0.00457}}
{"target": -17.677123167867926, "params": {"gamma": 837.0786070883985, "log10_alpha": 1.0, "log10_colsample_bytree": -1.0, "log10_eta": -4.0, "log10_lambda": 1.0, "log10_min_child_weight": 1.711749506730464, "log10_subsample": 0.0, "max_depth": 10.0, "num_boost_round": 29.0}, "datetime": {"datetime": "2024-01-19 01:09:28", "elapsed": 3453.504465, "delta": 0.004502}}
{"target": -17.6771198430617, "params": {"gamma": 837.0786070883985, "log10_alpha": 1.0, "log10_colsample_bytree": -1.0, "log10_eta": -4.0, "log10_lambda": 1.0, "log10_min_child_weight": 1.711749506730464, "log10_subsample": 0.0, "max_depth": 10.0, "num_boost_round": 30.0}, "datetime": {"datetime": "2024-01-19 01:09:28", "elapsed": 3453.509083, "delta": 0.004618}}
{"target": -17.677115576137197, "params": {"gamma": 837.0786070883985, "log10_alpha": 1.0, "log10_colsample_bytree": -1.0, "log10_eta": -4.0, "log10_lambda": 1.0, "log10_min_child_weight": 1.711749506730464, "log10_subsample": 0.0, "max_depth": 10.0, "num_boost_round": 31.0}, "datetime": {"datetime": "2024-01-19 01:09:28", "elapsed": 3453.513553, "delta": 0.00447}}
{"target": -17.677229115870553, "params": {"gamma": 131.8434582443029, "log10_alpha": -3.7104537616386923, "log10_colsample_bytree": -0.05672266613712551, "log10_eta": -3.8841957761818593, "log10_lambda": -2.7239680608306927, "log10_min_child_weight": 0.7467038111715979, "log10_subsample": -0.9161499186770736, "max_depth": 2.0, "num_boost_round": 0.0}, "datetime": {"datetime": "2024-01-19 01:10:22", "elapsed": 3506.826348, "delta": 53.312795}}
{"target": -17.677226147321928, "params": {"gamma": 131.8434582443029, "log10_alpha": -3.7104537616386923, "log10_colsample_bytree": -0.05672266613712551, "log10_eta": -3.8841957761818593, "log10_lambda": -2.7239680608306927, "log10_min_child_weight": 0.7467038111715979, "log10_subsample": -0.9161499186770736, "max_depth": 2.0, "num_boost_round": 1.0}, "datetime": {"datetime": "2024-01-19 01:10:22", "elapsed": 3506.831454, "delta": 0.005106}}
{"target": -17.677220795034525, "params": {"gamma": 131.8434582443029, "log10_alpha": -3.7104537616386923, "log10_colsample_bytree": -0.05672266613712551, "log10_eta": -3.8841957761818593, "log10_lambda": -2.7239680608306927, "log10_min_child_weight": 0.7467038111715979, "log10_subsample": -0.9161499186770736, "max_depth": 2.0, "num_boost_round": 2.0}, "datetime": {"datetime": "2024-01-19 01:10:22", "elapsed": 3506.836079, "delta": 0.004625}}
{"target": -17.677217306556837, "params": {"gamma": 131.8434582443029, "log10_alpha": -3.7104537616386923, "log10_colsample_bytree": -0.05672266613712551, "log10_eta": -3.8841957761818593, "log10_lambda": -2.7239680608306927, "log10_min_child_weight": 0.7467038111715979, "log10_subsample": -0.9161499186770736, "max_depth": 2.0, "num_boost_round": 3.0}, "datetime": {"datetime": "2024-01-19 01:10:22", "elapsed": 3506.840959, "delta": 0.00488}}
{"target": -17.677214678554787, "params": {"gamma": 131.8434582443029, "log10_alpha": -3.7104537616386923, "log10_colsample_bytree": -0.05672266613712551, "log10_eta": -3.8841957761818593, "log10_lambda": -2.7239680608306927, "log10_min_child_weight": 0.7467038111715979, "log10_subsample": -0.9161499186770736, "max_depth": 2.0, "num_boost_round": 4.0}, "datetime": {"datetime": "2024-01-19 01:10:22", "elapsed": 3506.845595, "delta": 0.004636}}
{"target": -17.677211000640057, "params": {"gamma": 131.8434582443029, "log10_alpha": -3.7104537616386923, "log10_colsample_bytree": -0.05672266613712551, "log10_eta": -3.8841957761818593, "log10_lambda": -2.7239680608306927, "log10_min_child_weight": 0.7467038111715979, "log10_subsample": -0.9161499186770736, "max_depth": 2.0, "num_boost_round": 5.0}, "datetime": {"datetime": "2024-01-19 01:10:22", "elapsed": 3506.850274, "delta": 0.004679}}
{"target": -17.677207211024438, "params": {"gamma": 131.8434582443029, "log10_alpha": -3.7104537616386923, "log10_colsample_bytree": -0.05672266613712551, "log10_eta": -3.8841957761818593, "log10_lambda": -2.7239680608306927, "log10_min_child_weight": 0.7467038111715979, "log10_subsample": -0.9161499186770736, "max_depth": 2.0, "num_boost_round": 6.0}, "datetime": {"datetime": "2024-01-19 01:10:22", "elapsed": 3506.854971, "delta": 0.004697}}
{"target": -17.67720356429197, "params": {"gamma": 131.8434582443029, "log10_alpha": -3.7104537616386923, "log10_colsample_bytree": -0.05672266613712551, "log10_eta": -3.8841957761818593, "log10_lambda": -2.7239680608306927, "log10_min_child_weight": 0.7467038111715979, "log10_subsample": -0.9161499186770736, "max_depth": 2.0, "num_boost_round": 7.0}, "datetime": {"datetime": "2024-01-19 01:10:22", "elapsed": 3506.859565, "delta": 0.004594}}
{"target": -17.677200744051845, "params": {"gamma": 131.8434582443029, "log10_alpha": -3.7104537616386923, "log10_colsample_bytree": -0.05672266613712551, "log10_eta": -3.8841957761818593, "log10_lambda": -2.7239680608306927, "log10_min_child_weight": 0.7467038111715979, "log10_subsample": -0.9161499186770736, "max_depth": 2.0, "num_boost_round": 8.0}, "datetime": {"datetime": "2024-01-19 01:10:22", "elapsed": 3506.864122, "delta": 0.004557}}
{"target": -17.677196998973578, "params": {"gamma": 131.8434582443029, "log10_alpha": -3.7104537616386923, "log10_colsample_bytree": -0.05672266613712551, "log10_eta": -3.8841957761818593, "log10_lambda": -2.7239680608306927, "log10_min_child_weight": 0.7467038111715979, "log10_subsample": -0.9161499186770736, "max_depth": 2.0, "num_boost_round": 9.0}, "datetime": {"datetime": "2024-01-19 01:10:22", "elapsed": 3506.868871, "delta": 0.004749}}
{"target": -17.677193767477526, "params": {"gamma": 131.8434582443029, "log10_alpha": -3.7104537616386923, "log10_colsample_bytree": -0.05672266613712551, "log10_eta": -3.8841957761818593, "log10_lambda": -2.7239680608306927, "log10_min_child_weight": 0.7467038111715979, "log10_subsample": -0.9161499186770736, "max_depth": 2.0, "num_boost_round": 10.0}, "datetime": {"datetime": "2024-01-19 01:10:22", "elapsed": 3506.873243, "delta": 0.004372}}
{"target": -17.677189395558532, "params": {"gamma": 131.8434582443029, "log10_alpha": -3.7104537616386923, "log10_colsample_bytree": -0.05672266613712551, "log10_eta": -3.8841957761818593, "log10_lambda": -2.7239680608306927, "log10_min_child_weight": 0.7467038111715979, "log10_subsample": -0.9161499186770736, "max_depth": 2.0, "num_boost_round": 11.0}, "datetime": {"datetime": "2024-01-19 01:10:22", "elapsed": 3506.877661, "delta": 0.004418}}
{"target": -17.67718567077604, "params": {"gamma": 131.8434582443029, "log10_alpha": -3.7104537616386923, "log10_colsample_bytree": -0.05672266613712551, "log10_eta": -3.8841957761818593, "log10_lambda": -2.7239680608306927, "log10_min_child_weight": 0.7467038111715979, "log10_subsample": -0.9161499186770736, "max_depth": 2.0, "num_boost_round": 12.0}, "datetime": {"datetime": "2024-01-19 01:10:22", "elapsed": 3506.882263, "delta": 0.004602}}
{"target": -17.677183110048592, "params": {"gamma": 131.8434582443029, "log10_alpha": -3.7104537616386923, "log10_colsample_bytree": -0.05672266613712551, "log10_eta": -3.8841957761818593, "log10_lambda": -2.7239680608306927, "log10_min_child_weight": 0.7467038111715979, "log10_subsample": -0.9161499186770736, "max_depth": 2.0, "num_boost_round": 13.0}, "datetime": {"datetime": "2024-01-19 01:10:22", "elapsed": 3506.886715, "delta": 0.004452}}
{"target": -17.677180688828866, "params": {"gamma": 131.8434582443029, "log10_alpha": -3.7104537616386923, "log10_colsample_bytree": -0.05672266613712551, "log10_eta": -3.8841957761818593, "log10_lambda": -2.7239680608306927, "log10_min_child_weight": 0.7467038111715979, "log10_subsample": -0.9161499186770736, "max_depth": 2.0, "num_boost_round": 14.0}, "datetime": {"datetime": "2024-01-19 01:10:22", "elapsed": 3506.89147, "delta": 0.004755}}
{"target": -17.677177323711582, "params": {"gamma": 131.8434582443029, "log10_alpha": -3.7104537616386923, "log10_colsample_bytree": -0.05672266613712551, "log10_eta": -3.8841957761818593, "log10_lambda": -2.7239680608306927, "log10_min_child_weight": 0.7467038111715979, "log10_subsample": -0.9161499186770736, "max_depth": 2.0, "num_boost_round": 15.0}, "datetime": {"datetime": "2024-01-19 01:10:22", "elapsed": 3506.896142, "delta": 0.004672}}
{"target": -17.67717467917939, "params": {"gamma": 131.8434582443029, "log10_alpha": -3.7104537616386923, "log10_colsample_bytree": -0.05672266613712551, "log10_eta": -3.8841957761818593, "log10_lambda": -2.7239680608306927, "log10_min_child_weight": 0.7467038111715979, "log10_subsample": -0.9161499186770736, "max_depth": 2.0, "num_boost_round": 16.0}, "datetime": {"datetime": "2024-01-19 01:10:22", "elapsed": 3506.900625, "delta": 0.004483}}
{"target": -17.677172118993226, "params": {"gamma": 131.8434582443029, "log10_alpha": -3.7104537616386923, "log10_colsample_bytree": -0.05672266613712551, "log10_eta": -3.8841957761818593, "log10_lambda": -2.7239680608306927, "log10_min_child_weight": 0.7467038111715979, "log10_subsample": -0.9161499186770736, "max_depth": 2.0, "num_boost_round": 17.0}, "datetime": {"datetime": "2024-01-19 01:10:22", "elapsed": 3506.90506, "delta": 0.004435}}
{"target": -17.677168663338463, "params": {"gamma": 131.8434582443029, "log10_alpha": -3.7104537616386923, "log10_colsample_bytree": -0.05672266613712551, "log10_eta": -3.8841957761818593, "log10_lambda": -2.7239680608306927, "log10_min_child_weight": 0.7467038111715979, "log10_subsample": -0.9161499186770736, "max_depth": 2.0, "num_boost_round": 18.0}, "datetime": {"datetime": "2024-01-19 01:10:22", "elapsed": 3506.909665, "delta": 0.004605}}
{"target": -17.67722403931164, "params": {"gamma": 830.6501634280403, "log10_alpha": 1.0, "log10_colsample_bytree": -1.0, "log10_eta": -4.0, "log10_lambda": -4.63003790232767, "log10_min_child_weight": 0.0, "log10_subsample": 0.0, "max_depth": 10.0, "num_boost_round": 0.0}, "datetime": {"datetime": "2024-01-19 01:12:02", "elapsed": 3606.820808, "delta": 99.911143}}
{"target": -17.677222169326004, "params": {"gamma": 830.6501634280403, "log10_alpha": 1.0, "log10_colsample_bytree": -1.0, "log10_eta": -4.0, "log10_lambda": -4.63003790232767, "log10_min_child_weight": 0.0, "log10_subsample": 0.0, "max_depth": 10.0, "num_boost_round": 1.0}, "datetime": {"datetime": "2024-01-19 01:12:02", "elapsed": 3606.826706, "delta": 0.005898}}
{"target": -17.67722361508406, "params": {"gamma": 830.6501634280403, "log10_alpha": 1.0, "log10_colsample_bytree": -1.0, "log10_eta": -4.0, "log10_lambda": -4.63003790232767, "log10_min_child_weight": 0.0, "log10_subsample": 0.0, "max_depth": 10.0, "num_boost_round": 2.0}, "datetime": {"datetime": "2024-01-19 01:12:02", "elapsed": 3606.831846, "delta": 0.00514}}
{"target": -17.677220404145892, "params": {"gamma": 830.6501634280403, "log10_alpha": 1.0, "log10_colsample_bytree": -1.0, "log10_eta": -4.0, "log10_lambda": -4.63003790232767, "log10_min_child_weight": 0.0, "log10_subsample": 0.0, "max_depth": 10.0, "num_boost_round": 3.0}, "datetime": {"datetime": "2024-01-19 01:12:02", "elapsed": 3606.836842, "delta": 0.004996}}
{"target": -17.677206262033252, "params": {"gamma": 830.6501634280403, "log10_alpha": 1.0, "log10_colsample_bytree": -1.0, "log10_eta": -4.0, "log10_lambda": -4.63003790232767, "log10_min_child_weight": 0.0, "log10_subsample": 0.0, "max_depth": 10.0, "num_boost_round": 4.0}, "datetime": {"datetime": "2024-01-19 01:12:02", "elapsed": 3606.842121, "delta": 0.005279}}
{"target": -17.677203219440383, "params": {"gamma": 830.6501634280403, "log10_alpha": 1.0, "log10_colsample_bytree": -1.0, "log10_eta": -4.0, "log10_lambda": -4.63003790232767, "log10_min_child_weight": 0.0, "log10_subsample": 0.0, "max_depth": 10.0, "num_boost_round": 5.0}, "datetime": {"datetime": "2024-01-19 01:12:02", "elapsed": 3606.847116, "delta": 0.004995}}
{"target": -17.677204657881827, "params": {"gamma": 830.6501634280403, "log10_alpha": 1.0, "log10_colsample_bytree": -1.0, "log10_eta": -4.0, "log10_lambda": -4.63003790232767, "log10_min_child_weight": 0.0, "log10_subsample": 0.0, "max_depth": 10.0, "num_boost_round": 6.0}, "datetime": {"datetime": "2024-01-19 01:12:02", "elapsed": 3606.85206, "delta": 0.004944}}
{"target": -17.67720385631897, "params": {"gamma": 830.6501634280403, "log10_alpha": 1.0, "log10_colsample_bytree": -1.0, "log10_eta": -4.0, "log10_lambda": -4.63003790232767, "log10_min_child_weight": 0.0, "log10_subsample": 0.0, "max_depth": 10.0, "num_boost_round": 7.0}, "datetime": {"datetime": "2024-01-19 01:12:02", "elapsed": 3606.85703, "delta": 0.00497}}
{"target": -17.677199611427746, "params": {"gamma": 830.6501634280403, "log10_alpha": 1.0, "log10_colsample_bytree": -1.0, "log10_eta": -4.0, "log10_lambda": -4.63003790232767, "log10_min_child_weight": 0.0, "log10_subsample": 0.0, "max_depth": 10.0, "num_boost_round": 8.0}, "datetime": {"datetime": "2024-01-19 01:12:02", "elapsed": 3606.862029, "delta": 0.004999}}
{"target": -17.67719111187395, "params": {"gamma": 830.6501634280403, "log10_alpha": 1.0, "log10_colsample_bytree": -1.0, "log10_eta": -4.0, "log10_lambda": -4.63003790232767, "log10_min_child_weight": 0.0, "log10_subsample": 0.0, "max_depth": 10.0, "num_boost_round": 9.0}, "datetime": {"datetime": "2024-01-19 01:12:02", "elapsed": 3606.866932, "delta": 0.004903}}
{"target": -17.67718726400197, "params": {"gamma": 830.6501634280403, "log10_alpha": 1.0, "log10_colsample_bytree": -1.0, "log10_eta": -4.0, "log10_lambda": -4.63003790232767, "log10_min_child_weight": 0.0, "log10_subsample": 0.0, "max_depth": 10.0, "num_boost_round": 10.0}, "datetime": {"datetime": "2024-01-19 01:12:02", "elapsed": 3606.872016, "delta": 0.005084}}
{"target": -17.677185775448496, "params": {"gamma": 830.6501634280403, "log10_alpha": 1.0, "log10_colsample_bytree": -1.0, "log10_eta": -4.0, "log10_lambda": -4.63003790232767, "log10_min_child_weight": 0.0, "log10_subsample": 0.0, "max_depth": 10.0, "num_boost_round": 11.0}, "datetime": {"datetime": "2024-01-19 01:12:02", "elapsed": 3606.876961, "delta": 0.004945}}
{"target": -17.67717328132906, "params": {"gamma": 830.6501634280403, "log10_alpha": 1.0, "log10_colsample_bytree": -1.0, "log10_eta": -4.0, "log10_lambda": -4.63003790232767, "log10_min_child_weight": 0.0, "log10_subsample": 0.0, "max_depth": 10.0, "num_boost_round": 12.0}, "datetime": {"datetime": "2024-01-19 01:12:02", "elapsed": 3606.881908, "delta": 0.004947}}
{"target": -17.677171633653675, "params": {"gamma": 830.6501634280403, "log10_alpha": 1.0, "log10_colsample_bytree": -1.0, "log10_eta": -4.0, "log10_lambda": -4.63003790232767, "log10_min_child_weight": 0.0, "log10_subsample": 0.0, "max_depth": 10.0, "num_boost_round": 13.0}, "datetime": {"datetime": "2024-01-19 01:12:02", "elapsed": 3606.886922, "delta": 0.005014}}
