{"target": -17.6770453640059, "params": {"gamma": 421.78759533019837, "log10_alpha": -3.8972214212589456, "log10_colsample_bytree": -0.8053332414333194, "log10_eta": -2.890883238006663, "log10_lambda": -3.250315854718062, "log10_min_child_weight": 4.17796317945539, "log10_subsample": -0.17276178477127135, "max_depth": 7.0, "num_boost_round": 14.0}, "datetime": {"datetime": "2024-01-19 01:02:38", "elapsed": 3051.199911, "delta": 0.003953}}
{"target": -17.677027456568077, "params": {"gamma": 421.78759533019837, "log10_alpha": -3.8972214212589456, "log10_colsample_bytree": -0.8053332414333194, "log10_eta": -2.890883238006663, "log10_lambda": -3.250315854718062, "log10_min_child_weight": 4.17796317945539, "log10_subsample": -0.17276178477127135, "max_depth": 7.0, "num_boost_round": 15.0}, "datetime": {"datetime": "2024-01-19 01:02:38", "elapsed": 3051.204038, "delta": 0.004127}}
{"target": -17.677009107943427, "params": {"gamma": 421.78759533019837, "log10_alpha": -3.8972214212589456, "log10_colsample_bytree": -0.8053332414333194, "log10_eta": -2.890883238006663, "log10_lambda": -3.250315854718062, "log10_min_child_weight": 4.17796317945539, "log10_subsample": -0.17276178477127135, "max_depth": 7.0, "num_boost_round": 16.0}, "datetime": {"datetime": "2024-01-19 01:02:38", "elapsed": 3051.208161, "delta": 0.004123}}
{"target": -17.676997633043115, "params": {"gamma": 421.78759533019837, "log10_alpha": -3.8972214212589456, "log10_colsample_bytree": -0.8053332414333194, "log10_eta": -2.890883238006663, "log10_lambda": -3.250315854718062, "log10_min_child_weight": 4.17796317945539, "log10_subsample": -0.17276178477127135, "max_depth": 7.0, "num_boost_round": 17.0}, "datetime": {"datetime": "2024-01-19 01:02:38", "elapsed": 3051.212182, "delta": 0.004021}}
{"target": -17.676990397228835, "params": {"gamma": 421.78759533019837, "log10_alpha": -3.8972214212589456, "log10_colsample_bytree": -0.8053332414333194, "log10_eta": -2.890883238006663, "log10_lambda": -3.250315854718062, "log10_min_child_weight": 4.17796317945539, "log10_subsample": -0.17276178477127135, "max_depth": 7.0, "num_boost_round": 18.0}, "datetime": {"datetime": "2024-01-19 01:02:38", "elapsed": 3051.216082, "delta": 0.0039}}
{"target": -17.676941221257934, "params": {"gamma": 421.78759533019837, "log10_alpha": -3.8972214212589456, "log10_colsample_bytree": -0.8053332414333194, "log10_eta": -2.890883238006663, "log10_lambda": -3.250315854718062, "log10_min_child_weight": 4.17796317945539, "log10_subsample": -0.17276178477127135, "max_depth": 7.0, "num_boost_round": 19.0}, "datetime": {"datetime": "2024-01-19 01:02:38", "elapsed": 3051.21996, "delta": 0.003878}}
{"target": -17.677224049444323, "params": {"gamma": 412.75618515226387, "log10_alpha": 0.6566373094694722, "log10_colsample_bytree": -0.9207525626918347, "log10_eta": -3.5696918500588453, "log10_lambda": 0.26748563489006827, "log10_min_child_weight": 4.076900656188357, "log10_subsample": -0.2831531478913617, "max_depth": 6.0, "num_boost_round": 0.0}, "datetime": {"datetime": "2024-01-19 01:03:32", "elapsed": 3105.592, "delta": 54.37204}}
{"target": -17.677222689489707, "params": {"gamma": 412.75618515226387, "log10_alpha": 0.6566373094694722, "log10_colsample_bytree": -0.9207525626918347, "log10_eta": -3.5696918500588453, "log10_lambda": 0.26748563489006827, "log10_min_child_weight": 4.076900656188357, "log10_subsample": -0.2831531478913617, "max_depth": 6.0, "num_boost_round": 1.0}, "datetime": {"datetime": "2024-01-19 01:03:32", "elapsed": 3105.596699, "delta": 0.004699}}
{"target": -17.677223483750677, "params": {"gamma": 412.75618515226387, "log10_alpha": 0.6566373094694722, "log10_colsample_bytree": -0.9207525626918347, "log10_eta": -3.5696918500588453, "log10_lambda": 0.26748563489006827, "log10_min_child_weight": 4.076900656188357, "log10_subsample": -0.2831531478913617, "max_depth": 6.0, "num_boost_round": 2.0}, "datetime": {"datetime": "2024-01-19 01:03:32", "elapsed": 3105.601246, "delta": 0.004547}}
{"target": -17.677223473268405, "params": {"gamma": 412.75618515226387, "log10_alpha": 0.6566373094694722, "log10_colsample_bytree": -0.9207525626918347, "log10_eta": -3.5696918500588453, "log10_lambda": 0.26748563489006827, "log10_min_child_weight": 4.076900656188357, "log10_subsample": -0.2831531478913617, "max_depth": 6.0, "num_boost_round": 3.0}, "datetime": {"datetime": "2024-01-19 01:03:32", "elapsed": 3105.605534, "delta": 0.004288}}
{"target": -17.677216666639843, "params": {"gamma": 412.75618515226387, "log10_alpha": 0.6566373094694722, "log10_colsample_bytree": -0.9207525626918347, "log10_eta": -3.5696918500588453, "log10_lambda": 0.26748563489006827, "log10_min_child_weight": 4.076900656188357, "log10_subsample": -0.2831531478913617, "max_depth": 6.0, "num_boost_round": 4.0}, "datetime": {"datetime": "2024-01-19 01:03:32", "elapsed": 3105.60966, "delta": 0.004126}}
{"target": -17.677218468665256, "params": {"gamma": 412.75618515226387, "log10_alpha": 0.6566373094694722, "log10_colsample_bytree": -0.9207525626918347, "log10_eta": -3.5696918500588453, "log10_lambda": 0.26748563489006827, "log10_min_child_weight": 4.076900656188357, "log10_subsample": -0.2831531478913617, "max_depth": 6.0, "num_boost_round": 5.0}, "datetime": {"datetime": "2024-01-19 01:03:32", "elapsed": 3105.613607, "delta": 0.003947}}
{"target": -17.67722138421999, "params": {"gamma": 412.75618515226387, "log10_alpha": 0.6566373094694722, "log10_colsample_bytree": -0.9207525626918347, "log10_eta": -3.5696918500588453, "log10_lambda": 0.26748563489006827, "log10_min_child_weight": 4.076900656188357, "log10_subsample": -0.2831531478913617, "max_depth": 6.0, "num_boost_round": 6.0}, "datetime": {"datetime": "2024-01-19 01:03:32", "elapsed": 3105.617558, "delta": 0.003951}}
{"target": -17.677212906490322, "params": {"gamma": 412.75618515226387, "log10_alpha": 0.6566373094694722, "log10_colsample_bytree": -0.9207525626918347, "log10_eta": -3.5696918500588453, "log10_lambda": 0.26748563489006827, "log10_min_child_weight": 4.076900656188357, "log10_subsample": -0.2831531478913617, "max_depth": 6.0, "num_boost_round": 7.0}, "datetime": {"datetime": "2024-01-19 01:03:32", "elapsed": 3105.621508, "delta": 0.00395}}
{"target": -17.677214111697268, "params": {"gamma": 412.75618515226387, "log10_alpha": 0.6566373094694722, "log10_colsample_bytree": -0.9207525626918347, "log10_eta": -3.5696918500588453, "log10_lambda": 0.26748563489006827, "log10_min_child_weight": 4.076900656188357, "log10_subsample": -0.2831531478913617, "max_depth": 6.0, "num_boost_round": 8.0}, "datetime": {"datetime": "2024-01-19 01:03:32", "elapsed": 3105.625581, "delta": 0.004073}}
{"target": -17.677215527015885, "params": {"gamma": 412.75618515226387, "log10_alpha": 0.6566373094694722, "log10_colsample_bytree": -0.9207525626918347, "log10_eta": -3.5696918500588453, "log10_lambda": 0.26748563489006827, "log10_min_child_weight": 4.076900656188357, "log10_subsample": -0.2831531478913617, "max_depth": 6.0, "num_boost_round": 9.0}, "datetime": {"datetime": "2024-01-19 01:03:32", "elapsed": 3105.62956, "delta": 0.003979}}
{"target": -17.677214313781672, "params": {"gamma": 412.75618515226387, "log10_alpha": 0.6566373094694722, "log10_colsample_bytree": -0.9207525626918347, "log10_eta": -3.5696918500588453, "log10_lambda": 0.26748563489006827, "log10_min_child_weight": 4.076900656188357, "log10_subsample": -0.2831531478913617, "max_depth": 6.0, "num_boost_round": 10.0}, "datetime": {"datetime": "2024-01-19 01:03:32", "elapsed": 3105.633588, "delta": 0.004028}}
{"target": -17.677211758406248, "params": {"gamma": 412.75618515226387, "log10_alpha": 0.6566373094694722, "log10_colsample_bytree": -0.9207525626918347, "log10_eta": -3.5696918500588453, "log10_lambda": 0.26748563489006827, "log10_min_child_weight": 4.076900656188357, "log10_subsample": -0.2831531478913617, "max_depth": 6.0, "num_boost_round": 11.0}, "datetime": {"datetime": "2024-01-19 01:03:32", "elapsed": 3105.637569, "delta": 0.003981}}
{"target": -17.677211117748033, "params": {"gamma": 412.75618515226387, "log10_alpha": 0.6566373094694722, "log10_colsample_bytree": -0.9207525626918347, "log10_eta": -3.5696918500588453, "log10_lambda": 0.26748563489006827, "log10_min_child_weight": 4.076900656188357, "log10_subsample": -0.2831531478913617, "max_depth": 6.0, "num_boost_round": 12.0}, "datetime": {"datetime": "2024-01-19 01:03:32", "elapsed": 3105.641528, "delta": 0.003959}}
{"target": -17.67720847034352, "params": {"gamma": 412.75618515226387, "log10_alpha": 0.6566373094694722, "log10_colsample_bytree": -0.9207525626918347, "log10_eta": -3.5696918500588453, "log10_lambda": 0.26748563489006827, "log10_min_child_weight": 4.076900656188357, "log10_subsample": -0.2831531478913617, "max_depth": 6.0, "num_boost_round": 13.0}, "datetime": {"datetime": "2024-01-19 01:03:32", "elapsed": 3105.645431, "delta": 0.003903}}
{"target": -17.677205326047066, "params": {"gamma": 412.75618515226387, "log10_alpha": 0.6566373094694722, "log10_colsample_bytree": -0.9207525626918347, "log10_eta": -3.5696918500588453, "log10_lambda": 0.26748563489006827, "log10_min_child_weight": 4.076900656188357, "log10_subsample": -0.2831531478913617, "max_depth": 6.0, "num_boost_round": 14.0}, "datetime": {"datetime": "2024-01-19 01:03:32", "elapsed": 3105.64936, "delta": 0.003929}}
{"target": -17.677201518985733, "params": {"gamma": 412.75618515226387, "log10_alpha": 0.6566373094694722, "log10_colsample_bytree": -0.9207525626918347, "log10_eta": -3.5696918500588453, "log10_lambda": 0.26748563489006827, "log10_min_child_weight": 4.076900656188357, "log10_subsample": -0.2831531478913617, "max_depth": 6.0, "num_boost_round": 15.0}, "datetime": {"datetime": "2024-01-19 01:03:33", "elapsed": 3105.65332, "delta": 0.00396}}
{"target": -17.677202160806434, "params": {"gamma": 412.75618515226387, "log10_alpha": 0.6566373094694722, "log10_colsample_bytree": -0.9207525626918347, "log10_eta": -3.5696918500588453, "log10_lambda": 0.26748563489006827, "log10_min_child_weight": 4.076900656188357, "log10_subsample": -0.2831531478913617, "max_depth": 6.0, "num_boost_round": 16.0}, "datetime": {"datetime": "2024-01-19 01:03:33", "elapsed": 3105.657238, "delta": 0.003918}}
{"target": -17.67720280640157, "params": {"gamma": 412.75618515226387, "log10_alpha": 0.6566373094694722, "log10_colsample_bytree": -0.9207525626918347, "log10_eta": -3.5696918500588453, "log10_lambda": 0.26748563489006827, "log10_min_child_weight": 4.076900656188357, "log10_subsample": -0.2831531478913617, "max_depth": 6.0, "num_boost_round": 17.0}, "datetime": {"datetime": "2024-01-19 01:03:33", "elapsed": 3105.661219, "delta": 0.003981}}
{"target": -17.677197893767428, "params": {"gamma": 412.75618515226387, "log10_alpha": 0.6566373094694722, "log10_colsample_bytree": -0.9207525626918347, "log10_eta": -3.5696918500588453, "log10_lambda": 0.26748563489006827, "log10_min_child_weight": 4.076900656188357, "log10_subsample": -0.2831531478913617, "max_depth": 6.0, "num_boost_round": 18.0}, "datetime": {"datetime": "2024-01-19 01:03:33", "elapsed": 3105.665127, "delta": 0.003908}}
{"target": -17.677192165538653, "params": {"gamma": 412.75618515226387, "log10_alpha": 0.6566373094694722, "log10_colsample_bytree": -0.9207525626918347, "log10_eta": -3.5696918500588453, "log10_lambda": 0.26748563489006827, "log10_min_child_weight": 4.076900656188357, "log10_subsample": -0.2831531478913617, "max_depth": 6.0, "num_boost_round": 19.0}, "datetime": {"datetime": "2024-01-19 01:03:33", "elapsed": 3105.669767, "delta": 0.00464}}
{"target": -17.67719247138584, "params": {"gamma": 412.75618515226387, "log10_alpha": 0.6566373094694722, "log10_colsample_bytree": -0.9207525626918347, "log10_eta": -3.5696918500588453, "log10_lambda": 0.26748563489006827, "log10_min_child_weight": 4.076900656188357, "log10_subsample": -0.2831531478913617, "max_depth": 6.0, "num_boost_round": 20.0}, "datetime": {"datetime": "2024-01-19 01:03:33", "elapsed": 3105.67389, "delta": 0.004123}}
{"target": -17.677188923930462, "params": {"gamma": 412.75618515226387, "log10_alpha": 0.6566373094694722, "log10_colsample_bytree": -0.9207525626918347, "log10_eta": -3.5696918500588453, "log10_lambda": 0.26748563489006827, "log10_min_child_weight": 4.076900656188357, "log10_subsample": -0.2831531478913617, "max_depth": 6.0, "num_boost_round": 21.0}, "datetime": {"datetime": "2024-01-19 01:03:33", "elapsed": 3105.677916, "delta": 0.004026}}
{"target": -17.67718407703097, "params": {"gamma": 412.75618515226387, "log10_alpha": 0.6566373094694722, "log10_colsample_bytree": -0.9207525626918347, "log10_eta": -3.5696918500588453, "log10_lambda": 0.26748563489006827, "log10_min_child_weight": 4.076900656188357, "log10_subsample": -0.2831531478913617, "max_depth": 6.0, "num_boost_round": 22.0}, "datetime": {"datetime": "2024-01-19 01:03:33", "elapsed": 3105.681902, "delta": 0.003986}}
{"target": -17.677182146997907, "params": {"gamma": 412.75618515226387, "log10_alpha": 0.6566373094694722, "log10_colsample_bytree": -0.9207525626918347, "log10_eta": -3.5696918500588453, "log10_lambda": 0.26748563489006827, "log10_min_child_weight": 4.076900656188357, "log10_subsample": -0.2831531478913617, "max_depth": 6.0, "num_boost_round": 23.0}, "datetime": {"datetime": "2024-01-19 01:03:33", "elapsed": 3105.685776, "delta": 0.003874}}
{"target": -17.677177554209457, "params": {"gamma": 412.75618515226387, "log10_alpha": 0.6566373094694722, "log10_colsample_bytree": -0.9207525626918347, "log10_eta": -3.5696918500588453, "log10_lambda": 0.26748563489006827, "log10_min_child_weight": 4.076900656188357, "log10_subsample": -0.2831531478913617, "max_depth": 6.0, "num_boost_round": 24.0}, "datetime": {"datetime": "2024-01-19 01:03:33", "elapsed": 3105.689743, "delta": 0.003967}}
{"target": -17.677174576295144, "params": {"gamma": 412.75618515226387, "log10_alpha": 0.6566373094694722, "log10_colsample_bytree": -0.9207525626918347, "log10_eta": -3.5696918500588453, "log10_lambda": 0.26748563489006827, "log10_min_child_weight": 4.076900656188357, "log10_subsample": -0.2831531478913617, "max_depth": 6.0, "num_boost_round": 25.0}, "datetime": {"datetime": "2024-01-19 01:03:33", "elapsed": 3105.693707, "delta": 0.003964}}
{"target": -17.67717856422925, "params": {"gamma": 412.75618515226387, "log10_alpha": 0.6566373094694722, "log10_colsample_bytree": -0.9207525626918347, "log10_eta": -3.5696918500588453, "log10_lambda": 0.26748563489006827, "log10_min_child_weight": 4.076900656188357, "log10_subsample": -0.2831531478913617, "max_depth": 6.0, "num_boost_round": 26.0}, "datetime": {"datetime": "2024-01-19 01:03:33", "elapsed": 3105.697604, "delta": 0.003897}}
{"target": -17.67717564714632, "params": {"gamma": 412.75618515226387, "log10_alpha": 0.6566373094694722, "log10_colsample_bytree": -0.9207525626918347, "log10_eta": -3.5696918500588453, "log10_lambda": 0.26748563489006827, "log10_min_child_weight": 4.076900656188357, "log10_subsample": -0.2831531478913617, "max_depth": 6.0, "num_boost_round": 27.0}, "datetime": {"datetime": "2024-01-19 01:03:33", "elapsed": 3105.701622, "delta": 0.004018}}
{"target": -17.677172400930836, "params": {"gamma": 412.75618515226387, "log10_alpha": 0.6566373094694722, "log10_colsample_bytree": -0.9207525626918347, "log10_eta": -3.5696918500588453, "log10_lambda": 0.26748563489006827, "log10_min_child_weight": 4.076900656188357, "log10_subsample": -0.2831531478913617, "max_depth": 6.0, "num_boost_round": 28.0}, "datetime": {"datetime": "2024-01-19 01:03:33", "elapsed": 3105.705528, "delta": 0.003906}}
{"target": -17.67716143975803, "params": {"gamma": 412.75618515226387, "log10_alpha": 0.6566373094694722, "log10_colsample_bytree": -0.9207525626918347, "log10_eta": -3.5696918500588453, "log10_lambda": 0.26748563489006827, "log10_min_child_weight": 4.076900656188357, "log10_subsample": -0.2831531478913617, "max_depth": 6.0, "num_boost_round": 29.0}, "datetime": {"datetime": "2024-01-19 01:03:33", "elapsed": 3105.826654, "delta": 0.121126}}
{"target": -17.677225773233474, "params": {"gamma": 402.41436408594467, "log10_alpha": 0.1376769401735931, "log10_colsample_bytree": -0.5610049247762448, "log10_eta": -3.2171026120028694, "log10_lambda": -1.092862893724698, "log10_min_child_weight": 0.016354015980724057, "log10_subsample": -0.021849565739151755, "max_depth": 8.0, "num_boost_round": 0.0}, "datetime": {"datetime": "2024-01-19 01:04:28", "elapsed": 3161.143286, "delta": 55.316632}}
{"target": -17.677191159772153, "params": {"gamma": 402.41436408594467, "log10_alpha": 0.1376769401735931, "log10_colsample_bytree": -0.5610049247762448, "log10_eta": -3.2171026120028694, "log10_lambda": -1.092862893724698, "log10_min_child_weight": 0.016354015980724057, "log10_subsample": -0.021849565739151755, "max_depth": 8.0, "num_boost_round": 1.0}, "datetime": {"datetime": "2024-01-19 01:04:28", "elapsed": 3161.148211, "delta": 0.004925}}
{"target": -17.677071723741218, "params": {"gamma": 402.41436408594467, "log10_alpha": 0.1376769401735931, "log10_colsample_bytree": -0.5610049247762448, "log10_eta": -3.2171026120028694, "log10_lambda": -1.092862893724698, "log10_min_child_weight": 0.016354015980724057, "log10_subsample": -0.021849565739151755, "max_depth": 8.0, "num_boost_round": 2.0}, "datetime": {"datetime": "2024-01-19 01:04:28", "elapsed": 3161.152387, "delta": 0.004176}}
{"target": -17.677051311021216, "params": {"gamma": 402.41436408594467, "log10_alpha": 0.1376769401735931, "log10_colsample_bytree": -0.5610049247762448, "log10_eta": -3.2171026120028694, "log10_lambda": -1.092862893724698, "log10_min_child_weight": 0.016354015980724057, "log10_subsample": -0.021849565739151755, "max_depth": 8.0, "num_boost_round": 3.0}, "datetime": {"datetime": "2024-01-19 01:04:28", "elapsed": 3161.156437, "delta": 0.00405}}
{"target": -17.6770126857263, "params": {"gamma": 402.41436408594467, "log10_alpha": 0.1376769401735931, "log10_colsample_bytree": -0.5610049247762448, "log10_eta": -3.2171026120028694, "log10_lambda": -1.092862893724698, "log10_min_child_weight": 0.016354015980724057, "log10_subsample": -0.021849565739151755, "max_depth": 8.0, "num_boost_round": 4.0}, "datetime": {"datetime": "2024-01-19 01:04:28", "elapsed": 3161.160302, "delta": 0.003865}}
{"target": -17.676974053261315, "params": {"gamma": 402.41436408594467, "log10_alpha": 0.1376769401735931, "log10_colsample_bytree": -0.5610049247762448, "log10_eta": -3.2171026120028694, "log10_lambda": -1.092862893724698, "log10_min_child_weight": 0.016354015980724057, "log10_subsample": -0.021849565739151755, "max_depth": 8.0, "num_boost_round": 5.0}, "datetime": {"datetime": "2024-01-19 01:04:28", "elapsed": 3161.164275, "delta": 0.003973}}
{"target": -17.676984474248695, "params": {"gamma": 402.41436408594467, "log10_alpha": 0.1376769401735931, "log10_colsample_bytree": -0.5610049247762448, "log10_eta": -3.2171026120028694, "log10_lambda": -1.092862893724698, "log10_min_child_weight": 0.016354015980724057, "log10_subsample": -0.021849565739151755, "max_depth": 8.0, "num_boost_round": 6.0}, "datetime": {"datetime": "2024-01-19 01:04:28", "elapsed": 3161.168221, "delta": 0.003946}}
{"target": -17.676981877657127, "params": {"gamma": 402.41436408594467, "log10_alpha": 0.1376769401735931, "log10_colsample_bytree": -0.5610049247762448, "log10_eta": -3.2171026120028694, "log10_lambda": -1.092862893724698, "log10_min_child_weight": 0.016354015980724057, "log10_subsample": -0.021849565739151755, "max_depth": 8.0, "num_boost_round": 7.0}, "datetime": {"datetime": "2024-01-19 01:04:28", "elapsed": 3161.172142, "delta": 0.003921}}
{"target": -17.676979059061228, "params": {"gamma": 402.41436408594467, "log10_alpha": 0.1376769401735931, "log10_colsample_bytree": -0.5610049247762448, "log10_eta": -3.2171026120028694, "log10_lambda": -1.092862893724698, "log10_min_child_weight": 0.016354015980724057, "log10_subsample": -0.021849565739151755, "max_depth": 8.0, "num_boost_round": 8.0}, "datetime": {"datetime": "2024-01-19 01:04:28", "elapsed": 3161.17604, "delta": 0.003898}}
{"target": -17.676943019142296, "params": {"gamma": 402.41436408594467, "log10_alpha": 0.1376769401735931, "log10_colsample_bytree": -0.5610049247762448, "log10_eta": -3.2171026120028694, "log10_lambda": -1.092862893724698, "log10_min_child_weight": 0.016354015980724057, "log10_subsample": -0.021849565739151755, "max_depth": 8.0, "num_boost_round": 9.0}, "datetime": {"datetime": "2024-01-19 01:04:28", "elapsed": 3161.179918, "delta": 0.003878}}
{"target": -17.67686972754209, "params": {"gamma": 402.41436408594467, "log10_alpha": 0.1376769401735931, "log10_colsample_bytree": -0.5610049247762448, "log10_eta": -3.2171026120028694, "log10_lambda": -1.092862893724698, "log10_min_child_weight": 0.016354015980724057, "log10_subsample": -0.021849565739151755, "max_depth": 8.0, "num_boost_round": 10.0}, "datetime": {"datetime": "2024-01-19 01:04:28", "elapsed": 3161.183824, "delta": 0.003906}}
{"target": -17.676891723282406, "params": {"gamma": 402.41436408594467, "log10_alpha": 0.1376769401735931, "log10_colsample_bytree": -0.5610049247762448, "log10_eta": -3.2171026120028694, "log10_lambda": -1.092862893724698, "log10_min_child_weight": 0.016354015980724057, "log10_subsample": -0.021849565739151755, "max_depth": 8.0, "num_boost_round": 11.0}, "datetime": {"datetime": "2024-01-19 01:04:28", "elapsed": 3161.187772, "delta": 0.003948}}
{"target": -17.67685817671109, "params": {"gamma": 402.41436408594467, "log10_alpha": 0.1376769401735931, "log10_colsample_bytree": -0.5610049247762448, "log10_eta": -3.2171026120028694, "log10_lambda": -1.092862893724698, "log10_min_child_weight": 0.016354015980724057, "log10_subsample": -0.021849565739151755, "max_depth": 8.0, "num_boost_round": 12.0}, "datetime": {"datetime": "2024-01-19 01:04:28", "elapsed": 3161.191636, "delta": 0.003864}}
