{"target": -17.67557884242713, "params": {"gamma": 967.0298390136767, "log10_alpha": -1.7166065049456662, "log10_colsample_bytree": -0.027315640035115663, "log10_eta": -1.1407360253025414, "log10_lambda": -0.8136270524163756, "log10_min_child_weight": 1.080447477901882, "log10_subsample": -0.02372554522375825, "max_depth": 2.0, "num_boost_round": 0.0}, "datetime": {"datetime": "2024-01-19 00:11:46", "elapsed": 0.0, "delta": 0.0}}
{"target": -17.674837391457817, "params": {"gamma": 967.0298390136767, "log10_alpha": -1.7166065049456662, "log10_colsample_bytree": -0.027315640035115663, "log10_eta": -1.1407360253025414, "log10_lambda": -0.8136270524163756, "log10_min_child_weight": 1.080447477901882, "log10_subsample": -0.02372554522375825, "max_depth": 2.0, "num_boost_round": 1.0}, "datetime": {"datetime": "2024-01-19 00:11:54", "elapsed": 8.374444, "delta": 8.374444}}
{"target": -17.674836430623152, "params": {"gamma": 967.0298390136767, "log10_alpha": -1.7166065049456662, "log10_colsample_bytree": -0.027315640035115663, "log10_eta": -1.1407360253025414, "log10_lambda": -0.8136270524163756, "log10_min_child_weight": 1.080447477901882, "log10_subsample": -0.02372554522375825, "max_depth": 2.0, "num_boost_round": 2.0}, "datetime": {"datetime": "2024-01-19 00:11:54", "elapsed": 8.374665, "delta": 0.000221}}
{"target": -17.67545934503893, "params": {"gamma": 967.0298390136767, "log10_alpha": -1.7166065049456662, "log10_colsample_bytree": -0.027315640035115663, "log10_eta": -1.1407360253025414, "log10_lambda": -0.8136270524163756, "log10_min_child_weight": 1.080447477901882, "log10_subsample": -0.02372554522375825, "max_depth": 2.0, "num_boost_round": 3.0}, "datetime": {"datetime": "2024-01-19 00:11:54", "elapsed": 8.374823, "delta": 0.000158}}
{"target": -17.67597175477739, "params": {"gamma": 967.0298390136767, "log10_alpha": -1.7166065049456662, "log10_colsample_bytree": -0.027315640035115663, "log10_eta": -1.1407360253025414, "log10_lambda": -0.8136270524163756, "log10_min_child_weight": 1.080447477901882, "log10_subsample": -0.02372554522375825, "max_depth": 2.0, "num_boost_round": 4.0}, "datetime": {"datetime": "2024-01-19 00:11:54", "elapsed": 8.374973, "delta": 0.00015}}
{"target": -17.675081929998903, "params": {"gamma": 967.0298390136767, "log10_alpha": -1.7166065049456662, "log10_colsample_bytree": -0.027315640035115663, "log10_eta": -1.1407360253025414, "log10_lambda": -0.8136270524163756, "log10_min_child_weight": 1.080447477901882, "log10_subsample": -0.02372554522375825, "max_depth": 2.0, "num_boost_round": 5.0}, "datetime": {"datetime": "2024-01-19 00:11:54", "elapsed": 8.375122, "delta": 0.000149}}
{"target": -17.67553623130512, "params": {"gamma": 967.0298390136767, "log10_alpha": -1.7166065049456662, "log10_colsample_bytree": -0.027315640035115663, "log10_eta": -1.1407360253025414, "log10_lambda": -0.8136270524163756, "log10_min_child_weight": 1.080447477901882, "log10_subsample": -0.02372554522375825, "max_depth": 2.0, "num_boost_round": 6.0}, "datetime": {"datetime": "2024-01-19 00:11:54", "elapsed": 8.375264, "delta": 0.000142}}
{"target": -17.67460205989905, "params": {"gamma": 967.0298390136767, "log10_alpha": -1.7166065049456662, "log10_colsample_bytree": -0.027315640035115663, "log10_eta": -1.1407360253025414, "log10_lambda": -0.8136270524163756, "log10_min_child_weight": 1.080447477901882, "log10_subsample": -0.02372554522375825, "max_depth": 2.0, "num_boost_round": 7.0}, "datetime": {"datetime": "2024-01-19 00:11:54", "elapsed": 8.375427, "delta": 0.000163}}
{"target": -17.67398873175876, "params": {"gamma": 967.0298390136767, "log10_alpha": -1.7166065049456662, "log10_colsample_bytree": -0.027315640035115663, "log10_eta": -1.1407360253025414, "log10_lambda": -0.8136270524163756, "log10_min_child_weight": 1.080447477901882, "log10_subsample": -0.02372554522375825, "max_depth": 2.0, "num_boost_round": 8.0}, "datetime": {"datetime": "2024-01-19 00:11:54", "elapsed": 8.375591, "delta": 0.000164}}
{"target": -17.674525194766915, "params": {"gamma": 967.0298390136767, "log10_alpha": -1.7166065049456662, "log10_colsample_bytree": -0.027315640035115663, "log10_eta": -1.1407360253025414, "log10_lambda": -0.8136270524163756, "log10_min_child_weight": 1.080447477901882, "log10_subsample": -0.02372554522375825, "max_depth": 2.0, "num_boost_round": 9.0}, "datetime": {"datetime": "2024-01-19 00:11:54", "elapsed": 8.380289, "delta": 0.004698}}
{"target": -17.67329271917698, "params": {"gamma": 967.0298390136767, "log10_alpha": -1.7166065049456662, "log10_colsample_bytree": -0.027315640035115663, "log10_eta": -1.1407360253025414, "log10_lambda": -0.8136270524163756, "log10_min_child_weight": 1.080447477901882, "log10_subsample": -0.02372554522375825, "max_depth": 2.0, "num_boost_round": 10.0}, "datetime": {"datetime": "2024-01-19 00:11:54", "elapsed": 8.380456, "delta": 0.000167}}
{"target": -17.673516052613625, "params": {"gamma": 967.0298390136767, "log10_alpha": -1.7166065049456662, "log10_colsample_bytree": -0.027315640035115663, "log10_eta": -1.1407360253025414, "log10_lambda": -0.8136270524163756, "log10_min_child_weight": 1.080447477901882, "log10_subsample": -0.02372554522375825, "max_depth": 2.0, "num_boost_round": 11.0}, "datetime": {"datetime": "2024-01-19 00:11:54", "elapsed": 8.380603, "delta": 0.000147}}
{"target": -17.67435774235125, "params": {"gamma": 967.0298390136767, "log10_alpha": -1.7166065049456662, "log10_colsample_bytree": -0.027315640035115663, "log10_eta": -1.1407360253025414, "log10_lambda": -0.8136270524163756, "log10_min_child_weight": 1.080447477901882, "log10_subsample": -0.02372554522375825, "max_depth": 2.0, "num_boost_round": 12.0}, "datetime": {"datetime": "2024-01-19 00:11:54", "elapsed": 8.380752, "delta": 0.000149}}
{"target": -17.67439270975345, "params": {"gamma": 967.0298390136767, "log10_alpha": -1.7166065049456662, "log10_colsample_bytree": -0.027315640035115663, "log10_eta": -1.1407360253025414, "log10_lambda": -0.8136270524163756, "log10_min_child_weight": 1.080447477901882, "log10_subsample": -0.02372554522375825, "max_depth": 2.0, "num_boost_round": 13.0}, "datetime": {"datetime": "2024-01-19 00:11:54", "elapsed": 8.3809, "delta": 0.000148}}
{"target": -17.673622093009175, "params": {"gamma": 967.0298390136767, "log10_alpha": -1.7166065049456662, "log10_colsample_bytree": -0.027315640035115663, "log10_eta": -1.1407360253025414, "log10_lambda": -0.8136270524163756, "log10_min_child_weight": 1.080447477901882, "log10_subsample": -0.02372554522375825, "max_depth": 2.0, "num_boost_round": 14.0}, "datetime": {"datetime": "2024-01-19 00:11:54", "elapsed": 8.381041, "delta": 0.000141}}
{"target": -17.673904261442463, "params": {"gamma": 967.0298390136767, "log10_alpha": -1.7166065049456662, "log10_colsample_bytree": -0.027315640035115663, "log10_eta": -1.1407360253025414, "log10_lambda": -0.8136270524163756, "log10_min_child_weight": 1.080447477901882, "log10_subsample": -0.02372554522375825, "max_depth": 2.0, "num_boost_round": 15.0}, "datetime": {"datetime": "2024-01-19 00:11:54", "elapsed": 8.38118, "delta": 0.000139}}
{"target": -17.67531765059899, "params": {"gamma": 967.0298390136767, "log10_alpha": -1.7166065049456662, "log10_colsample_bytree": -0.027315640035115663, "log10_eta": -1.1407360253025414, "log10_lambda": -0.8136270524163756, "log10_min_child_weight": 1.080447477901882, "log10_subsample": -0.02372554522375825, "max_depth": 2.0, "num_boost_round": 16.0}, "datetime": {"datetime": "2024-01-19 00:11:54", "elapsed": 8.381318, "delta": 0.000138}}
{"target": -17.675140534451447, "params": {"gamma": 967.0298390136767, "log10_alpha": -1.7166065049456662, "log10_colsample_bytree": -0.027315640035115663, "log10_eta": -1.1407360253025414, "log10_lambda": -0.8136270524163756, "log10_min_child_weight": 1.080447477901882, "log10_subsample": -0.02372554522375825, "max_depth": 2.0, "num_boost_round": 17.0}, "datetime": {"datetime": "2024-01-19 00:11:54", "elapsed": 8.381471, "delta": 0.000153}}
{"target": -17.67673572337419, "params": {"gamma": 967.0298390136767, "log10_alpha": -1.7166065049456662, "log10_colsample_bytree": -0.027315640035115663, "log10_eta": -1.1407360253025414, "log10_lambda": -0.8136270524163756, "log10_min_child_weight": 1.080447477901882, "log10_subsample": -0.02372554522375825, "max_depth": 2.0, "num_boost_round": 18.0}, "datetime": {"datetime": "2024-01-19 00:11:54", "elapsed": 8.381621, "delta": 0.00015}}
{"target": -17.676767061255585, "params": {"gamma": 967.0298390136767, "log10_alpha": -1.7166065049456662, "log10_colsample_bytree": -0.027315640035115663, "log10_eta": -1.1407360253025414, "log10_lambda": -0.8136270524163756, "log10_min_child_weight": 1.080447477901882, "log10_subsample": -0.02372554522375825, "max_depth": 2.0, "num_boost_round": 19.0}, "datetime": {"datetime": "2024-01-19 00:11:54", "elapsed": 8.381769, "delta": 0.000148}}
{"target": -17.676559785649317, "params": {"gamma": 967.0298390136767, "log10_alpha": -1.7166065049456662, "log10_colsample_bytree": -0.027315640035115663, "log10_eta": -1.1407360253025414, "log10_lambda": -0.8136270524163756, "log10_min_child_weight": 1.080447477901882, "log10_subsample": -0.02372554522375825, "max_depth": 2.0, "num_boost_round": 20.0}, "datetime": {"datetime": "2024-01-19 00:11:54", "elapsed": 8.381914, "delta": 0.000145}}
{"target": -17.674391874863208, "params": {"gamma": 967.0298390136767, "log10_alpha": -1.7166065049456662, "log10_colsample_bytree": -0.027315640035115663, "log10_eta": -1.1407360253025414, "log10_lambda": -0.8136270524163756, "log10_min_child_weight": 1.080447477901882, "log10_subsample": -0.02372554522375825, "max_depth": 2.0, "num_boost_round": 21.0}, "datetime": {"datetime": "2024-01-19 00:11:54", "elapsed": 8.382063, "delta": 0.000149}}
{"target": -17.675658522584747, "params": {"gamma": 967.0298390136767, "log10_alpha": -1.7166065049456662, "log10_colsample_bytree": -0.027315640035115663, "log10_eta": -1.1407360253025414, "log10_lambda": -0.8136270524163756, "log10_min_child_weight": 1.080447477901882, "log10_subsample": -0.02372554522375825, "max_depth": 2.0, "num_boost_round": 22.0}, "datetime": {"datetime": "2024-01-19 00:11:54", "elapsed": 8.382324, "delta": 0.000261}}
{"target": -17.67556741086083, "params": {"gamma": 967.0298390136767, "log10_alpha": -1.7166065049456662, "log10_colsample_bytree": -0.027315640035115663, "log10_eta": -1.1407360253025414, "log10_lambda": -0.8136270524163756, "log10_min_child_weight": 1.080447477901882, "log10_subsample": -0.02372554522375825, "max_depth": 2.0, "num_boost_round": 23.0}, "datetime": {"datetime": "2024-01-19 00:11:54", "elapsed": 8.38249, "delta": 0.000166}}
{"target": -17.67797099454253, "params": {"gamma": 967.0298390136767, "log10_alpha": -1.7166065049456662, "log10_colsample_bytree": -0.027315640035115663, "log10_eta": -1.1407360253025414, "log10_lambda": -0.8136270524163756, "log10_min_child_weight": 1.080447477901882, "log10_subsample": -0.02372554522375825, "max_depth": 2.0, "num_boost_round": 24.0}, "datetime": {"datetime": "2024-01-19 00:11:54", "elapsed": 8.38265, "delta": 0.00016}}
{"target": -17.67654190699992, "params": {"gamma": 967.0298390136767, "log10_alpha": -1.7166065049456662, "log10_colsample_bytree": -0.027315640035115663, "log10_eta": -1.1407360253025414, "log10_lambda": -0.8136270524163756, "log10_min_child_weight": 1.080447477901882, "log10_subsample": -0.02372554522375825, "max_depth": 2.0, "num_boost_round": 25.0}, "datetime": {"datetime": "2024-01-19 00:11:54", "elapsed": 8.382809, "delta": 0.000159}}
{"target": -17.677100850061915, "params": {"gamma": 967.0298390136767, "log10_alpha": -1.7166065049456662, "log10_colsample_bytree": -0.027315640035115663, "log10_eta": -1.1407360253025414, "log10_lambda": -0.8136270524163756, "log10_min_child_weight": 1.080447477901882, "log10_subsample": -0.02372554522375825, "max_depth": 2.0, "num_boost_round": 26.0}, "datetime": {"datetime": "2024-01-19 00:11:54", "elapsed": 8.382968, "delta": 0.000159}}
{"target": -17.67751975214341, "params": {"gamma": 967.0298390136767, "log10_alpha": -1.7166065049456662, "log10_colsample_bytree": -0.027315640035115663, "log10_eta": -1.1407360253025414, "log10_lambda": -0.8136270524163756, "log10_min_child_weight": 1.080447477901882, "log10_subsample": -0.02372554522375825, "max_depth": 2.0, "num_boost_round": 27.0}, "datetime": {"datetime": "2024-01-19 00:11:54", "elapsed": 8.383128, "delta": 0.00016}}
{"target": -17.68424130562462, "params": {"gamma": 967.0298390136767, "log10_alpha": -1.7166065049456662, "log10_colsample_bytree": -0.027315640035115663, "log10_eta": -1.1407360253025414, "log10_lambda": -0.8136270524163756, "log10_min_child_weight": 1.080447477901882, "log10_subsample": -0.02372554522375825, "max_depth": 2.0, "num_boost_round": 28.0}, "datetime": {"datetime": "2024-01-19 00:11:54", "elapsed": 8.383287, "delta": 0.000159}}
{"target": -17.682730469281196, "params": {"gamma": 967.0298390136767, "log10_alpha": -1.7166065049456662, "log10_colsample_bytree": -0.027315640035115663, "log10_eta": -1.1407360253025414, "log10_lambda": -0.8136270524163756, "log10_min_child_weight": 1.080447477901882, "log10_subsample": -0.02372554522375825, "max_depth": 2.0, "num_boost_round": 29.0}, "datetime": {"datetime": "2024-01-19 00:11:54", "elapsed": 8.383454, "delta": 0.000167}}
{"target": -17.682663044136582, "params": {"gamma": 967.0298390136767, "log10_alpha": -1.7166065049456662, "log10_colsample_bytree": -0.027315640035115663, "log10_eta": -1.1407360253025414, "log10_lambda": -0.8136270524163756, "log10_min_child_weight": 1.080447477901882, "log10_subsample": -0.02372554522375825, "max_depth": 2.0, "num_boost_round": 30.0}, "datetime": {"datetime": "2024-01-19 00:11:54", "elapsed": 8.383621, "delta": 0.000167}}
{"target": -17.68367980750919, "params": {"gamma": 967.0298390136767, "log10_alpha": -1.7166065049456662, "log10_colsample_bytree": -0.027315640035115663, "log10_eta": -1.1407360253025414, "log10_lambda": -0.8136270524163756, "log10_min_child_weight": 1.080447477901882, "log10_subsample": -0.02372554522375825, "max_depth": 2.0, "num_boost_round": 31.0}, "datetime": {"datetime": "2024-01-19 00:11:54", "elapsed": 8.383789, "delta": 0.000168}}
{"target": -17.683104746634907, "params": {"gamma": 967.0298390136767, "log10_alpha": -1.7166065049456662, "log10_colsample_bytree": -0.027315640035115663, "log10_eta": -1.1407360253025414, "log10_lambda": -0.8136270524163756, "log10_min_child_weight": 1.080447477901882, "log10_subsample": -0.02372554522375825, "max_depth": 2.0, "num_boost_round": 32.0}, "datetime": {"datetime": "2024-01-19 00:11:54", "elapsed": 8.383955, "delta": 0.000166}}
{"target": -17.681627507566954, "params": {"gamma": 967.0298390136767, "log10_alpha": -1.7166065049456662, "log10_colsample_bytree": -0.027315640035115663, "log10_eta": -1.1407360253025414, "log10_lambda": -0.8136270524163756, "log10_min_child_weight": 1.080447477901882, "log10_subsample": -0.02372554522375825, "max_depth": 2.0, "num_boost_round": 33.0}, "datetime": {"datetime": "2024-01-19 00:11:54", "elapsed": 8.384121, "delta": 0.000166}}
{"target": -17.682402067783986, "params": {"gamma": 967.0298390136767, "log10_alpha": -1.7166065049456662, "log10_colsample_bytree": -0.027315640035115663, "log10_eta": -1.1407360253025414, "log10_lambda": -0.8136270524163756, "log10_min_child_weight": 1.080447477901882, "log10_subsample": -0.02372554522375825, "max_depth": 2.0, "num_boost_round": 34.0}, "datetime": {"datetime": "2024-01-19 00:11:54", "elapsed": 8.384293, "delta": 0.000172}}
{"target": -17.69445817814944, "params": {"gamma": 967.0298390136767, "log10_alpha": -1.7166065049456662, "log10_colsample_bytree": -0.027315640035115663, "log10_eta": -1.1407360253025414, "log10_lambda": -0.8136270524163756, "log10_min_child_weight": 1.080447477901882, "log10_subsample": -0.02372554522375825, "max_depth": 2.0, "num_boost_round": 35.0}, "datetime": {"datetime": "2024-01-19 00:11:54", "elapsed": 8.384471, "delta": 0.000178}}
{"target": -17.694486495083453, "params": {"gamma": 967.0298390136767, "log10_alpha": -1.7166065049456662, "log10_colsample_bytree": -0.027315640035115663, "log10_eta": -1.1407360253025414, "log10_lambda": -0.8136270524163756, "log10_min_child_weight": 1.080447477901882, "log10_subsample": -0.02372554522375825, "max_depth": 2.0, "num_boost_round": 36.0}, "datetime": {"datetime": "2024-01-19 00:11:54", "elapsed": 8.384647, "delta": 0.000176}}
{"target": -17.694106057039313, "params": {"gamma": 967.0298390136767, "log10_alpha": -1.7166065049456662, "log10_colsample_bytree": -0.027315640035115663, "log10_eta": -1.1407360253025414, "log10_lambda": -0.8136270524163756, "log10_min_child_weight": 1.080447477901882, "log10_subsample": -0.02372554522375825, "max_depth": 2.0, "num_boost_round": 37.0}, "datetime": {"datetime": "2024-01-19 00:11:54", "elapsed": 8.384818, "delta": 0.000171}}
{"target": -17.694007510550062, "params": {"gamma": 967.0298390136767, "log10_alpha": -1.7166065049456662, "log10_colsample_bytree": -0.027315640035115663, "log10_eta": -1.1407360253025414, "log10_lambda": -0.8136270524163756, "log10_min_child_weight": 1.080447477901882, "log10_subsample": -0.02372554522375825, "max_depth": 2.0, "num_boost_round": 38.0}, "datetime": {"datetime": "2024-01-19 00:11:54", "elapsed": 8.384994, "delta": 0.000176}}
{"target": -17.695910295340894, "params": {"gamma": 967.0298390136767, "log10_alpha": -1.7166065049456662, "log10_colsample_bytree": -0.027315640035115663, "log10_eta": -1.1407360253025414, "log10_lambda": -0.8136270524163756, "log10_min_child_weight": 1.080447477901882, "log10_subsample": -0.02372554522375825, "max_depth": 2.0, "num_boost_round": 39.0}, "datetime": {"datetime": "2024-01-19 00:11:54", "elapsed": 8.385168, "delta": 0.000174}}
{"target": -17.697088796744335, "params": {"gamma": 967.0298390136767, "log10_alpha": -1.7166065049456662, "log10_colsample_bytree": -0.027315640035115663, "log10_eta": -1.1407360253025414, "log10_lambda": -0.8136270524163756, "log10_min_child_weight": 1.080447477901882, "log10_subsample": -0.02372554522375825, "max_depth": 2.0, "num_boost_round": 40.0}, "datetime": {"datetime": "2024-01-19 00:11:54", "elapsed": 8.385342, "delta": 0.000174}}
{"target": -17.696615669260446, "params": {"gamma": 967.0298390136767, "log10_alpha": -1.7166065049456662, "log10_colsample_bytree": -0.027315640035115663, "log10_eta": -1.1407360253025414, "log10_lambda": -0.8136270524163756, "log10_min_child_weight": 1.080447477901882, "log10_subsample": -0.02372554522375825, "max_depth": 2.0, "num_boost_round": 41.0}, "datetime": {"datetime": "2024-01-19 00:11:54", "elapsed": 8.385529, "delta": 0.000187}}
{"target": -17.697879440012343, "params": {"gamma": 967.0298390136767, "log10_alpha": -1.7166065049456662, "log10_colsample_bytree": -0.027315640035115663, "log10_eta": -1.1407360253025414, "log10_lambda": -0.8136270524163756, "log10_min_child_weight": 1.080447477901882, "log10_subsample": -0.02372554522375825, "max_depth": 2.0, "num_boost_round": 42.0}, "datetime": {"datetime": "2024-01-19 00:11:54", "elapsed": 8.385713, "delta": 0.000184}}
{"target": -17.698973468384683, "params": {"gamma": 967.0298390136767, "log10_alpha": -1.7166065049456662, "log10_colsample_bytree": -0.027315640035115663, "log10_eta": -1.1407360253025414, "log10_lambda": -0.8136270524163756, "log10_min_child_weight": 1.080447477901882, "log10_subsample": -0.02372554522375825, "max_depth": 2.0, "num_boost_round": 43.0}, "datetime": {"datetime": "2024-01-19 00:11:54", "elapsed": 8.385897, "delta": 0.000184}}
{"target": -17.69964798734958, "params": {"gamma": 967.0298390136767, "log10_alpha": -1.7166065049456662, "log10_colsample_bytree": -0.027315640035115663, "log10_eta": -1.1407360253025414, "log10_lambda": -0.8136270524163756, "log10_min_child_weight": 1.080447477901882, "log10_subsample": -0.02372554522375825, "max_depth": 2.0, "num_boost_round": 44.0}, "datetime": {"datetime": "2024-01-19 00:11:54", "elapsed": 8.386082, "delta": 0.000185}}
{"target": -17.71612824376827, "params": {"gamma": 967.0298390136767, "log10_alpha": -1.7166065049456662, "log10_colsample_bytree": -0.027315640035115663, "log10_eta": -1.1407360253025414, "log10_lambda": -0.8136270524163756, "log10_min_child_weight": 1.080447477901882, "log10_subsample": -0.02372554522375825, "max_depth": 2.0, "num_boost_round": 45.0}, "datetime": {"datetime": "2024-01-19 00:11:54", "elapsed": 8.386272, "delta": 0.00019}}
{"target": -17.716892035294425, "params": {"gamma": 967.0298390136767, "log10_alpha": -1.7166065049456662, "log10_colsample_bytree": -0.027315640035115663, "log10_eta": -1.1407360253025414, "log10_lambda": -0.8136270524163756, "log10_min_child_weight": 1.080447477901882, "log10_subsample": -0.02372554522375825, "max_depth": 2.0, "num_boost_round": 46.0}, "datetime": {"datetime": "2024-01-19 00:11:54", "elapsed": 8.386467, "delta": 0.000195}}
{"target": -17.718823098896355, "params": {"gamma": 967.0298390136767, "log10_alpha": -1.7166065049456662, "log10_colsample_bytree": -0.027315640035115663, "log10_eta": -1.1407360253025414, "log10_lambda": -0.8136270524163756, "log10_min_child_weight": 1.080447477901882, "log10_subsample": -0.02372554522375825, "max_depth": 2.0, "num_boost_round": 47.0}, "datetime": {"datetime": "2024-01-19 00:11:54", "elapsed": 8.38666, "delta": 0.000193}}
{"target": -17.71954531970495, "params": {"gamma": 967.0298390136767, "log10_alpha": -1.7166065049456662, "log10_colsample_bytree": -0.027315640035115663, "log10_eta": -1.1407360253025414, "log10_lambda": -0.8136270524163756, "log10_min_child_weight": 1.080447477901882, "log10_subsample": -0.02372554522375825, "max_depth": 2.0, "num_boost_round": 48.0}, "datetime": {"datetime": "2024-01-19 00:11:54", "elapsed": 8.386852, "delta": 0.000192}}
