{"target": -13.75845353934063, "params": {"gamma": 982.4681281428536, "log10_alpha": -0.5111451274664747, "log10_colsample_bytree": -0.33579022874445397, "log10_eta": -2.995148275233979, "log10_lambda": -3.4176328277024464, "log10_min_child_weight": 4.460604681879886, "log10_subsample": -0.5236750338548627, "max_depth": 4.0, "num_boost_round": 38.0}, "datetime": {"datetime": "2024-01-19 00:30:19", "elapsed": 1120.608976, "delta": 0.001907}}
{"target": -13.758447410083887, "params": {"gamma": 982.4681281428536, "log10_alpha": -0.5111451274664747, "log10_colsample_bytree": -0.33579022874445397, "log10_eta": -2.995148275233979, "log10_lambda": -3.4176328277024464, "log10_min_child_weight": 4.460604681879886, "log10_subsample": -0.5236750338548627, "max_depth": 4.0, "num_boost_round": 39.0}, "datetime": {"datetime": "2024-01-19 00:30:19", "elapsed": 1120.610814, "delta": 0.001838}}
{"target": -13.758442190937826, "params": {"gamma": 982.4681281428536, "log10_alpha": -0.5111451274664747, "log10_colsample_bytree": -0.33579022874445397, "log10_eta": -2.995148275233979, "log10_lambda": -3.4176328277024464, "log10_min_child_weight": 4.460604681879886, "log10_subsample": -0.5236750338548627, "max_depth": 4.0, "num_boost_round": 40.0}, "datetime": {"datetime": "2024-01-19 00:30:19", "elapsed": 1120.612589, "delta": 0.001775}}
{"target": -13.758443207619347, "params": {"gamma": 982.4681281428536, "log10_alpha": -0.5111451274664747, "log10_colsample_bytree": -0.33579022874445397, "log10_eta": -2.995148275233979, "log10_lambda": -3.4176328277024464, "log10_min_child_weight": 4.460604681879886, "log10_subsample": -0.5236750338548627, "max_depth": 4.0, "num_boost_round": 41.0}, "datetime": {"datetime": "2024-01-19 00:30:19", "elapsed": 1120.614351, "delta": 0.001762}}
{"target": -13.758449286126925, "params": {"gamma": 982.4681281428536, "log10_alpha": -0.5111451274664747, "log10_colsample_bytree": -0.33579022874445397, "log10_eta": -2.995148275233979, "log10_lambda": -3.4176328277024464, "log10_min_child_weight": 4.460604681879886, "log10_subsample": -0.5236750338548627, "max_depth": 4.0, "num_boost_round": 42.0}, "datetime": {"datetime": "2024-01-19 00:30:19", "elapsed": 1120.616141, "delta": 0.00179}}
{"target": -13.758442819650861, "params": {"gamma": 982.4681281428536, "log10_alpha": -0.5111451274664747, "log10_colsample_bytree": -0.33579022874445397, "log10_eta": -2.995148275233979, "log10_lambda": -3.4176328277024464, "log10_min_child_weight": 4.460604681879886, "log10_subsample": -0.5236750338548627, "max_depth": 4.0, "num_boost_round": 43.0}, "datetime": {"datetime": "2024-01-19 00:30:19", "elapsed": 1120.622345, "delta": 0.006204}}
{"target": -13.758443099918214, "params": {"gamma": 982.4681281428536, "log10_alpha": -0.5111451274664747, "log10_colsample_bytree": -0.33579022874445397, "log10_eta": -2.995148275233979, "log10_lambda": -3.4176328277024464, "log10_min_child_weight": 4.460604681879886, "log10_subsample": -0.5236750338548627, "max_depth": 4.0, "num_boost_round": 44.0}, "datetime": {"datetime": "2024-01-19 00:30:19", "elapsed": 1120.624132, "delta": 0.001787}}
{"target": -13.758535236441421, "params": {"gamma": 981.5045759504395, "log10_alpha": -4.684697245478408, "log10_colsample_bytree": -0.5392604208414861, "log10_eta": -2.473818551668879, "log10_lambda": -0.19829544505605146, "log10_min_child_weight": 4.882702562447902, "log10_subsample": -0.06688856410153232, "max_depth": 2.0, "num_boost_round": 0.0}, "datetime": {"datetime": "2024-01-19 00:30:50", "elapsed": 1151.103227, "delta": 30.479095}}
{"target": -13.75852618338823, "params": {"gamma": 981.5045759504395, "log10_alpha": -4.684697245478408, "log10_colsample_bytree": -0.5392604208414861, "log10_eta": -2.473818551668879, "log10_lambda": -0.19829544505605146, "log10_min_child_weight": 4.882702562447902, "log10_subsample": -0.06688856410153232, "max_depth": 2.0, "num_boost_round": 1.0}, "datetime": {"datetime": "2024-01-19 00:30:50", "elapsed": 1151.105506, "delta": 0.002279}}
{"target": -13.758535720289432, "params": {"gamma": 981.5045759504395, "log10_alpha": -4.684697245478408, "log10_colsample_bytree": -0.5392604208414861, "log10_eta": -2.473818551668879, "log10_lambda": -0.19829544505605146, "log10_min_child_weight": 4.882702562447902, "log10_subsample": -0.06688856410153232, "max_depth": 2.0, "num_boost_round": 2.0}, "datetime": {"datetime": "2024-01-19 00:30:50", "elapsed": 1151.107492, "delta": 0.001986}}
{"target": -13.758529000731142, "params": {"gamma": 981.5045759504395, "log10_alpha": -4.684697245478408, "log10_colsample_bytree": -0.5392604208414861, "log10_eta": -2.473818551668879, "log10_lambda": -0.19829544505605146, "log10_min_child_weight": 4.882702562447902, "log10_subsample": -0.06688856410153232, "max_depth": 2.0, "num_boost_round": 3.0}, "datetime": {"datetime": "2024-01-19 00:30:50", "elapsed": 1151.109411, "delta": 0.001919}}
{"target": -13.758523084608342, "params": {"gamma": 981.5045759504395, "log10_alpha": -4.684697245478408, "log10_colsample_bytree": -0.5392604208414861, "log10_eta": -2.473818551668879, "log10_lambda": -0.19829544505605146, "log10_min_child_weight": 4.882702562447902, "log10_subsample": -0.06688856410153232, "max_depth": 2.0, "num_boost_round": 4.0}, "datetime": {"datetime": "2024-01-19 00:30:50", "elapsed": 1151.111405, "delta": 0.001994}}
{"target": -13.758526736214908, "params": {"gamma": 981.5045759504395, "log10_alpha": -4.684697245478408, "log10_colsample_bytree": -0.5392604208414861, "log10_eta": -2.473818551668879, "log10_lambda": -0.19829544505605146, "log10_min_child_weight": 4.882702562447902, "log10_subsample": -0.06688856410153232, "max_depth": 2.0, "num_boost_round": 5.0}, "datetime": {"datetime": "2024-01-19 00:30:50", "elapsed": 1151.113236, "delta": 0.001831}}
{"target": -13.758549363258162, "params": {"gamma": 981.5045759504395, "log10_alpha": -4.684697245478408, "log10_colsample_bytree": -0.5392604208414861, "log10_eta": -2.473818551668879, "log10_lambda": -0.19829544505605146, "log10_min_child_weight": 4.882702562447902, "log10_subsample": -0.06688856410153232, "max_depth": 2.0, "num_boost_round": 6.0}, "datetime": {"datetime": "2024-01-19 00:30:50", "elapsed": 1151.115087, "delta": 0.001851}}
{"target": -13.758547851753109, "params": {"gamma": 981.5045759504395, "log10_alpha": -4.684697245478408, "log10_colsample_bytree": -0.5392604208414861, "log10_eta": -2.473818551668879, "log10_lambda": -0.19829544505605146, "log10_min_child_weight": 4.882702562447902, "log10_subsample": -0.06688856410153232, "max_depth": 2.0, "num_boost_round": 7.0}, "datetime": {"datetime": "2024-01-19 00:30:50", "elapsed": 1151.116922, "delta": 0.001835}}
{"target": -13.758552443386677, "params": {"gamma": 981.5045759504395, "log10_alpha": -4.684697245478408, "log10_colsample_bytree": -0.5392604208414861, "log10_eta": -2.473818551668879, "log10_lambda": -0.19829544505605146, "log10_min_child_weight": 4.882702562447902, "log10_subsample": -0.06688856410153232, "max_depth": 2.0, "num_boost_round": 8.0}, "datetime": {"datetime": "2024-01-19 00:30:50", "elapsed": 1151.118872, "delta": 0.00195}}
{"target": -13.758528152421544, "params": {"gamma": 981.5045759504395, "log10_alpha": -4.684697245478408, "log10_colsample_bytree": -0.5392604208414861, "log10_eta": -2.473818551668879, "log10_lambda": -0.19829544505605146, "log10_min_child_weight": 4.882702562447902, "log10_subsample": -0.06688856410153232, "max_depth": 2.0, "num_boost_round": 9.0}, "datetime": {"datetime": "2024-01-19 00:30:50", "elapsed": 1151.120721, "delta": 0.001849}}
{"target": -13.758528806847098, "params": {"gamma": 981.5045759504395, "log10_alpha": -4.684697245478408, "log10_colsample_bytree": -0.5392604208414861, "log10_eta": -2.473818551668879, "log10_lambda": -0.19829544505605146, "log10_min_child_weight": 4.882702562447902, "log10_subsample": -0.06688856410153232, "max_depth": 2.0, "num_boost_round": 10.0}, "datetime": {"datetime": "2024-01-19 00:30:50", "elapsed": 1151.122557, "delta": 0.001836}}
{"target": -13.758507606845985, "params": {"gamma": 981.5045759504395, "log10_alpha": -4.684697245478408, "log10_colsample_bytree": -0.5392604208414861, "log10_eta": -2.473818551668879, "log10_lambda": -0.19829544505605146, "log10_min_child_weight": 4.882702562447902, "log10_subsample": -0.06688856410153232, "max_depth": 2.0, "num_boost_round": 11.0}, "datetime": {"datetime": "2024-01-19 00:30:50", "elapsed": 1151.124404, "delta": 0.001847}}
{"target": -13.758512574367645, "params": {"gamma": 981.5045759504395, "log10_alpha": -4.684697245478408, "log10_colsample_bytree": -0.5392604208414861, "log10_eta": -2.473818551668879, "log10_lambda": -0.19829544505605146, "log10_min_child_weight": 4.882702562447902, "log10_subsample": -0.06688856410153232, "max_depth": 2.0, "num_boost_round": 12.0}, "datetime": {"datetime": "2024-01-19 00:30:50", "elapsed": 1151.126333, "delta": 0.001929}}
{"target": -13.758506318050927, "params": {"gamma": 981.5045759504395, "log10_alpha": -4.684697245478408, "log10_colsample_bytree": -0.5392604208414861, "log10_eta": -2.473818551668879, "log10_lambda": -0.19829544505605146, "log10_min_child_weight": 4.882702562447902, "log10_subsample": -0.06688856410153232, "max_depth": 2.0, "num_boost_round": 13.0}, "datetime": {"datetime": "2024-01-19 00:30:50", "elapsed": 1151.128245, "delta": 0.001912}}
{"target": -13.75851135320321, "params": {"gamma": 981.5045759504395, "log10_alpha": -4.684697245478408, "log10_colsample_bytree": -0.5392604208414861, "log10_eta": -2.473818551668879, "log10_lambda": -0.19829544505605146, "log10_min_child_weight": 4.882702562447902, "log10_subsample": -0.06688856410153232, "max_depth": 2.0, "num_boost_round": 14.0}, "datetime": {"datetime": "2024-01-19 00:30:50", "elapsed": 1151.130091, "delta": 0.001846}}
{"target": -13.758491946175532, "params": {"gamma": 981.5045759504395, "log10_alpha": -4.684697245478408, "log10_colsample_bytree": -0.5392604208414861, "log10_eta": -2.473818551668879, "log10_lambda": -0.19829544505605146, "log10_min_child_weight": 4.882702562447902, "log10_subsample": -0.06688856410153232, "max_depth": 2.0, "num_boost_round": 15.0}, "datetime": {"datetime": "2024-01-19 00:30:50", "elapsed": 1151.131941, "delta": 0.00185}}
{"target": -13.75849140420417, "params": {"gamma": 981.5045759504395, "log10_alpha": -4.684697245478408, "log10_colsample_bytree": -0.5392604208414861, "log10_eta": -2.473818551668879, "log10_lambda": -0.19829544505605146, "log10_min_child_weight": 4.882702562447902, "log10_subsample": -0.06688856410153232, "max_depth": 2.0, "num_boost_round": 16.0}, "datetime": {"datetime": "2024-01-19 00:30:50", "elapsed": 1151.133813, "delta": 0.001872}}
{"target": -13.758506451386223, "params": {"gamma": 981.5045759504395, "log10_alpha": -4.684697245478408, "log10_colsample_bytree": -0.5392604208414861, "log10_eta": -2.473818551668879, "log10_lambda": -0.19829544505605146, "log10_min_child_weight": 4.882702562447902, "log10_subsample": -0.06688856410153232, "max_depth": 2.0, "num_boost_round": 17.0}, "datetime": {"datetime": "2024-01-19 00:30:50", "elapsed": 1151.13567, "delta": 0.001857}}
{"target": -13.75851338081398, "params": {"gamma": 981.5045759504395, "log10_alpha": -4.684697245478408, "log10_colsample_bytree": -0.5392604208414861, "log10_eta": -2.473818551668879, "log10_lambda": -0.19829544505605146, "log10_min_child_weight": 4.882702562447902, "log10_subsample": -0.06688856410153232, "max_depth": 2.0, "num_boost_round": 18.0}, "datetime": {"datetime": "2024-01-19 00:30:50", "elapsed": 1151.137525, "delta": 0.001855}}
{"target": -13.758497507559959, "params": {"gamma": 981.5045759504395, "log10_alpha": -4.684697245478408, "log10_colsample_bytree": -0.5392604208414861, "log10_eta": -2.473818551668879, "log10_lambda": -0.19829544505605146, "log10_min_child_weight": 4.882702562447902, "log10_subsample": -0.06688856410153232, "max_depth": 2.0, "num_boost_round": 19.0}, "datetime": {"datetime": "2024-01-19 00:30:50", "elapsed": 1151.139441, "delta": 0.001916}}
{"target": -13.758492160353683, "params": {"gamma": 981.5045759504395, "log10_alpha": -4.684697245478408, "log10_colsample_bytree": -0.5392604208414861, "log10_eta": -2.473818551668879, "log10_lambda": -0.19829544505605146, "log10_min_child_weight": 4.882702562447902, "log10_subsample": -0.06688856410153232, "max_depth": 2.0, "num_boost_round": 20.0}, "datetime": {"datetime": "2024-01-19 00:30:50", "elapsed": 1151.14132, "delta": 0.001879}}
{"target": -13.758501526738309, "params": {"gamma": 981.5045759504395, "log10_alpha": -4.684697245478408, "log10_colsample_bytree": -0.5392604208414861, "log10_eta": -2.473818551668879, "log10_lambda": -0.19829544505605146, "log10_min_child_weight": 4.882702562447902, "log10_subsample": -0.06688856410153232, "max_depth": 2.0, "num_boost_round": 21.0}, "datetime": {"datetime": "2024-01-19 00:30:50", "elapsed": 1151.14318, "delta": 0.00186}}
{"target": -13.758531879428988, "params": {"gamma": 981.5045759504395, "log10_alpha": -4.684697245478408, "log10_colsample_bytree": -0.5392604208414861, "log10_eta": -2.473818551668879, "log10_lambda": -0.19829544505605146, "log10_min_child_weight": 4.882702562447902, "log10_subsample": -0.06688856410153232, "max_depth": 2.0, "num_boost_round": 22.0}, "datetime": {"datetime": "2024-01-19 00:30:50", "elapsed": 1151.145053, "delta": 0.001873}}
{"target": -13.758515035795655, "params": {"gamma": 981.5045759504395, "log10_alpha": -4.684697245478408, "log10_colsample_bytree": -0.5392604208414861, "log10_eta": -2.473818551668879, "log10_lambda": -0.19829544505605146, "log10_min_child_weight": 4.882702562447902, "log10_subsample": -0.06688856410153232, "max_depth": 2.0, "num_boost_round": 23.0}, "datetime": {"datetime": "2024-01-19 00:30:50", "elapsed": 1151.147002, "delta": 0.001949}}
{"target": -13.758532114202529, "params": {"gamma": 981.5045759504395, "log10_alpha": -4.684697245478408, "log10_colsample_bytree": -0.5392604208414861, "log10_eta": -2.473818551668879, "log10_lambda": -0.19829544505605146, "log10_min_child_weight": 4.882702562447902, "log10_subsample": -0.06688856410153232, "max_depth": 2.0, "num_boost_round": 24.0}, "datetime": {"datetime": "2024-01-19 00:30:50", "elapsed": 1151.149095, "delta": 0.002093}}
{"target": -13.758540498323063, "params": {"gamma": 981.5045759504395, "log10_alpha": -4.684697245478408, "log10_colsample_bytree": -0.5392604208414861, "log10_eta": -2.473818551668879, "log10_lambda": -0.19829544505605146, "log10_min_child_weight": 4.882702562447902, "log10_subsample": -0.06688856410153232, "max_depth": 2.0, "num_boost_round": 25.0}, "datetime": {"datetime": "2024-01-19 00:30:50", "elapsed": 1151.151053, "delta": 0.001958}}
{"target": -13.75854550238051, "params": {"gamma": 981.5045759504395, "log10_alpha": -4.684697245478408, "log10_colsample_bytree": -0.5392604208414861, "log10_eta": -2.473818551668879, "log10_lambda": -0.19829544505605146, "log10_min_child_weight": 4.882702562447902, "log10_subsample": -0.06688856410153232, "max_depth": 2.0, "num_boost_round": 26.0}, "datetime": {"datetime": "2024-01-19 00:30:50", "elapsed": 1151.15291, "delta": 0.001857}}
{"target": -13.75855086350147, "params": {"gamma": 981.5045759504395, "log10_alpha": -4.684697245478408, "log10_colsample_bytree": -0.5392604208414861, "log10_eta": -2.473818551668879, "log10_lambda": -0.19829544505605146, "log10_min_child_weight": 4.882702562447902, "log10_subsample": -0.06688856410153232, "max_depth": 2.0, "num_boost_round": 27.0}, "datetime": {"datetime": "2024-01-19 00:30:50", "elapsed": 1151.154764, "delta": 0.001854}}
{"target": -13.758554519628087, "params": {"gamma": 981.5045759504395, "log10_alpha": -4.684697245478408, "log10_colsample_bytree": -0.5392604208414861, "log10_eta": -2.473818551668879, "log10_lambda": -0.19829544505605146, "log10_min_child_weight": 4.882702562447902, "log10_subsample": -0.06688856410153232, "max_depth": 2.0, "num_boost_round": 28.0}, "datetime": {"datetime": "2024-01-19 00:30:50", "elapsed": 1151.156642, "delta": 0.001878}}
{"target": -13.758558756888755, "params": {"gamma": 981.5045759504395, "log10_alpha": -4.684697245478408, "log10_colsample_bytree": -0.5392604208414861, "log10_eta": -2.473818551668879, "log10_lambda": -0.19829544505605146, "log10_min_child_weight": 4.882702562447902, "log10_subsample": -0.06688856410153232, "max_depth": 2.0, "num_boost_round": 29.0}, "datetime": {"datetime": "2024-01-19 00:30:50", "elapsed": 1151.158496, "delta": 0.001854}}
{"target": -13.75853041964468, "params": {"gamma": 981.5045759504395, "log10_alpha": -4.684697245478408, "log10_colsample_bytree": -0.5392604208414861, "log10_eta": -2.473818551668879, "log10_lambda": -0.19829544505605146, "log10_min_child_weight": 4.882702562447902, "log10_subsample": -0.06688856410153232, "max_depth": 2.0, "num_boost_round": 30.0}, "datetime": {"datetime": "2024-01-19 00:30:50", "elapsed": 1151.16041, "delta": 0.001914}}
{"target": -13.758520139297847, "params": {"gamma": 981.5045759504395, "log10_alpha": -4.684697245478408, "log10_colsample_bytree": -0.5392604208414861, "log10_eta": -2.473818551668879, "log10_lambda": -0.19829544505605146, "log10_min_child_weight": 4.882702562447902, "log10_subsample": -0.06688856410153232, "max_depth": 2.0, "num_boost_round": 31.0}, "datetime": {"datetime": "2024-01-19 00:30:50", "elapsed": 1151.1623, "delta": 0.00189}}
{"target": -13.75852518365262, "params": {"gamma": 981.5045759504395, "log10_alpha": -4.684697245478408, "log10_colsample_bytree": -0.5392604208414861, "log10_eta": -2.473818551668879, "log10_lambda": -0.19829544505605146, "log10_min_child_weight": 4.882702562447902, "log10_subsample": -0.06688856410153232, "max_depth": 2.0, "num_boost_round": 32.0}, "datetime": {"datetime": "2024-01-19 00:30:50", "elapsed": 1151.164215, "delta": 0.001915}}
{"target": -13.75852998625836, "params": {"gamma": 981.5045759504395, "log10_alpha": -4.684697245478408, "log10_colsample_bytree": -0.5392604208414861, "log10_eta": -2.473818551668879, "log10_lambda": -0.19829544505605146, "log10_min_child_weight": 4.882702562447902, "log10_subsample": -0.06688856410153232, "max_depth": 2.0, "num_boost_round": 33.0}, "datetime": {"datetime": "2024-01-19 00:30:50", "elapsed": 1151.166135, "delta": 0.00192}}
{"target": -13.75856127087604, "params": {"gamma": 981.5045759504395, "log10_alpha": -4.684697245478408, "log10_colsample_bytree": -0.5392604208414861, "log10_eta": -2.473818551668879, "log10_lambda": -0.19829544505605146, "log10_min_child_weight": 4.882702562447902, "log10_subsample": -0.06688856410153232, "max_depth": 2.0, "num_boost_round": 34.0}, "datetime": {"datetime": "2024-01-19 00:30:50", "elapsed": 1151.168046, "delta": 0.001911}}
{"target": -13.75857943836024, "params": {"gamma": 981.5045759504395, "log10_alpha": -4.684697245478408, "log10_colsample_bytree": -0.5392604208414861, "log10_eta": -2.473818551668879, "log10_lambda": -0.19829544505605146, "log10_min_child_weight": 4.882702562447902, "log10_subsample": -0.06688856410153232, "max_depth": 2.0, "num_boost_round": 35.0}, "datetime": {"datetime": "2024-01-19 00:30:50", "elapsed": 1151.169945, "delta": 0.001899}}
{"target": -13.758534368499735, "params": {"gamma": 958.8009840801732, "log10_alpha": -0.4034075245876867, "log10_colsample_bytree": -0.6674355839208765, "log10_eta": -3.3953243529914174, "log10_lambda": -4.299076273382647, "log10_min_child_weight": 4.236561705533274, "log10_subsample": -0.9558941424216488, "max_depth": 3.0, "num_boost_round": 0.0}, "datetime": {"datetime": "2024-01-19 00:31:15", "elapsed": 1176.376502, "delta": 25.206557}}
{"target": -13.75853278640309, "params": {"gamma": 958.8009840801732, "log10_alpha": -0.4034075245876867, "log10_colsample_bytree": -0.6674355839208765, "log10_eta": -3.3953243529914174, "log10_lambda": -4.299076273382647, "log10_min_child_weight": 4.236561705533274, "log10_subsample": -0.9558941424216488, "max_depth": 3.0, "num_boost_round": 1.0}, "datetime": {"datetime": "2024-01-19 00:31:15", "elapsed": 1176.379145, "delta": 0.002643}}
{"target": -13.758532470344038, "params": {"gamma": 958.8009840801732, "log10_alpha": -0.4034075245876867, "log10_colsample_bytree": -0.6674355839208765, "log10_eta": -3.3953243529914174, "log10_lambda": -4.299076273382647, "log10_min_child_weight": 4.236561705533274, "log10_subsample": -0.9558941424216488, "max_depth": 3.0, "num_boost_round": 2.0}, "datetime": {"datetime": "2024-01-19 00:31:15", "elapsed": 1176.381298, "delta": 0.002153}}
{"target": -13.758531205965255, "params": {"gamma": 958.8009840801732, "log10_alpha": -0.4034075245876867, "log10_colsample_bytree": -0.6674355839208765, "log10_eta": -3.3953243529914174, "log10_lambda": -4.299076273382647, "log10_min_child_weight": 4.236561705533274, "log10_subsample": -0.9558941424216488, "max_depth": 3.0, "num_boost_round": 3.0}, "datetime": {"datetime": "2024-01-19 00:31:15", "elapsed": 1176.383223, "delta": 0.001925}}
{"target": -13.758532155795429, "params": {"gamma": 958.8009840801732, "log10_alpha": -0.4034075245876867, "log10_colsample_bytree": -0.6674355839208765, "log10_eta": -3.3953243529914174, "log10_lambda": -4.299076273382647, "log10_min_child_weight": 4.236561705533274, "log10_subsample": -0.9558941424216488, "max_depth": 3.0, "num_boost_round": 4.0}, "datetime": {"datetime": "2024-01-19 00:31:15", "elapsed": 1176.385107, "delta": 0.001884}}
{"target": -13.758531633973977, "params": {"gamma": 958.8009840801732, "log10_alpha": -0.4034075245876867, "log10_colsample_bytree": -0.6674355839208765, "log10_eta": -3.3953243529914174, "log10_lambda": -4.299076273382647, "log10_min_child_weight": 4.236561705533274, "log10_subsample": -0.9558941424216488, "max_depth": 3.0, "num_boost_round": 5.0}, "datetime": {"datetime": "2024-01-19 00:31:15", "elapsed": 1176.387058, "delta": 0.001951}}
