{"target": -13.758527908525254, "params": {"gamma": 883.5475584240068, "log10_alpha": -0.9789793555905177, "log10_colsample_bytree": -0.4195384023770692, "log10_eta": -3.6270203763989586, "log10_lambda": 0.5667937505106853, "log10_min_child_weight": 2.5426029150821385, "log10_subsample": -0.5066251744135218, "max_depth": 5.0, "num_boost_round": 3.0}, "datetime": {"datetime": "2024-01-19 01:40:48", "elapsed": 5352.945231, "delta": 0.005992}}
{"target": -13.75852391790974, "params": {"gamma": 883.5475584240068, "log10_alpha": -0.9789793555905177, "log10_colsample_bytree": -0.4195384023770692, "log10_eta": -3.6270203763989586, "log10_lambda": 0.5667937505106853, "log10_min_child_weight": 2.5426029150821385, "log10_subsample": -0.5066251744135218, "max_depth": 5.0, "num_boost_round": 4.0}, "datetime": {"datetime": "2024-01-19 01:40:48", "elapsed": 5352.951613, "delta": 0.006382}}
{"target": -13.758518245609112, "params": {"gamma": 883.5475584240068, "log10_alpha": -0.9789793555905177, "log10_colsample_bytree": -0.4195384023770692, "log10_eta": -3.6270203763989586, "log10_lambda": 0.5667937505106853, "log10_min_child_weight": 2.5426029150821385, "log10_subsample": -0.5066251744135218, "max_depth": 5.0, "num_boost_round": 5.0}, "datetime": {"datetime": "2024-01-19 01:40:48", "elapsed": 5352.957408, "delta": 0.005795}}
{"target": -13.758520586299326, "params": {"gamma": 883.5475584240068, "log10_alpha": -0.9789793555905177, "log10_colsample_bytree": -0.4195384023770692, "log10_eta": -3.6270203763989586, "log10_lambda": 0.5667937505106853, "log10_min_child_weight": 2.5426029150821385, "log10_subsample": -0.5066251744135218, "max_depth": 5.0, "num_boost_round": 6.0}, "datetime": {"datetime": "2024-01-19 01:40:48", "elapsed": 5352.963071, "delta": 0.005663}}
{"target": -13.758519193864029, "params": {"gamma": 883.5475584240068, "log10_alpha": -0.9789793555905177, "log10_colsample_bytree": -0.4195384023770692, "log10_eta": -3.6270203763989586, "log10_lambda": 0.5667937505106853, "log10_min_child_weight": 2.5426029150821385, "log10_subsample": -0.5066251744135218, "max_depth": 5.0, "num_boost_round": 7.0}, "datetime": {"datetime": "2024-01-19 01:40:48", "elapsed": 5352.968773, "delta": 0.005702}}
{"target": -13.75851830221469, "params": {"gamma": 883.5475584240068, "log10_alpha": -0.9789793555905177, "log10_colsample_bytree": -0.4195384023770692, "log10_eta": -3.6270203763989586, "log10_lambda": 0.5667937505106853, "log10_min_child_weight": 2.5426029150821385, "log10_subsample": -0.5066251744135218, "max_depth": 5.0, "num_boost_round": 8.0}, "datetime": {"datetime": "2024-01-19 01:40:48", "elapsed": 5352.974649, "delta": 0.005876}}
{"target": -13.758508234985653, "params": {"gamma": 883.5475584240068, "log10_alpha": -0.9789793555905177, "log10_colsample_bytree": -0.4195384023770692, "log10_eta": -3.6270203763989586, "log10_lambda": 0.5667937505106853, "log10_min_child_weight": 2.5426029150821385, "log10_subsample": -0.5066251744135218, "max_depth": 5.0, "num_boost_round": 9.0}, "datetime": {"datetime": "2024-01-19 01:40:48", "elapsed": 5352.980397, "delta": 0.005748}}
{"target": -13.758507448335365, "params": {"gamma": 883.5475584240068, "log10_alpha": -0.9789793555905177, "log10_colsample_bytree": -0.4195384023770692, "log10_eta": -3.6270203763989586, "log10_lambda": 0.5667937505106853, "log10_min_child_weight": 2.5426029150821385, "log10_subsample": -0.5066251744135218, "max_depth": 5.0, "num_boost_round": 10.0}, "datetime": {"datetime": "2024-01-19 01:40:48", "elapsed": 5352.986174, "delta": 0.005777}}
{"target": -13.758500008988623, "params": {"gamma": 883.5475584240068, "log10_alpha": -0.9789793555905177, "log10_colsample_bytree": -0.4195384023770692, "log10_eta": -3.6270203763989586, "log10_lambda": 0.5667937505106853, "log10_min_child_weight": 2.5426029150821385, "log10_subsample": -0.5066251744135218, "max_depth": 5.0, "num_boost_round": 11.0}, "datetime": {"datetime": "2024-01-19 01:40:48", "elapsed": 5352.991998, "delta": 0.005824}}
{"target": -13.758504850692246, "params": {"gamma": 883.5475584240068, "log10_alpha": -0.9789793555905177, "log10_colsample_bytree": -0.4195384023770692, "log10_eta": -3.6270203763989586, "log10_lambda": 0.5667937505106853, "log10_min_child_weight": 2.5426029150821385, "log10_subsample": -0.5066251744135218, "max_depth": 5.0, "num_boost_round": 12.0}, "datetime": {"datetime": "2024-01-19 01:40:48", "elapsed": 5352.997808, "delta": 0.00581}}
{"target": -13.758509869315514, "params": {"gamma": 883.5475584240068, "log10_alpha": -0.9789793555905177, "log10_colsample_bytree": -0.4195384023770692, "log10_eta": -3.6270203763989586, "log10_lambda": 0.5667937505106853, "log10_min_child_weight": 2.5426029150821385, "log10_subsample": -0.5066251744135218, "max_depth": 5.0, "num_boost_round": 13.0}, "datetime": {"datetime": "2024-01-19 01:40:48", "elapsed": 5353.003779, "delta": 0.005971}}
{"target": -13.758505964008341, "params": {"gamma": 883.5475584240068, "log10_alpha": -0.9789793555905177, "log10_colsample_bytree": -0.4195384023770692, "log10_eta": -3.6270203763989586, "log10_lambda": 0.5667937505106853, "log10_min_child_weight": 2.5426029150821385, "log10_subsample": -0.5066251744135218, "max_depth": 5.0, "num_boost_round": 14.0}, "datetime": {"datetime": "2024-01-19 01:40:48", "elapsed": 5353.009795, "delta": 0.006016}}
{"target": -13.758500062180426, "params": {"gamma": 883.5475584240068, "log10_alpha": -0.9789793555905177, "log10_colsample_bytree": -0.4195384023770692, "log10_eta": -3.6270203763989586, "log10_lambda": 0.5667937505106853, "log10_min_child_weight": 2.5426029150821385, "log10_subsample": -0.5066251744135218, "max_depth": 5.0, "num_boost_round": 15.0}, "datetime": {"datetime": "2024-01-19 01:40:48", "elapsed": 5353.015704, "delta": 0.005909}}
{"target": -13.758495194164812, "params": {"gamma": 883.5475584240068, "log10_alpha": -0.9789793555905177, "log10_colsample_bytree": -0.4195384023770692, "log10_eta": -3.6270203763989586, "log10_lambda": 0.5667937505106853, "log10_min_child_weight": 2.5426029150821385, "log10_subsample": -0.5066251744135218, "max_depth": 5.0, "num_boost_round": 16.0}, "datetime": {"datetime": "2024-01-19 01:40:48", "elapsed": 5353.021489, "delta": 0.005785}}
{"target": -13.758492459838031, "params": {"gamma": 883.5475584240068, "log10_alpha": -0.9789793555905177, "log10_colsample_bytree": -0.4195384023770692, "log10_eta": -3.6270203763989586, "log10_lambda": 0.5667937505106853, "log10_min_child_weight": 2.5426029150821385, "log10_subsample": -0.5066251744135218, "max_depth": 5.0, "num_boost_round": 17.0}, "datetime": {"datetime": "2024-01-19 01:40:48", "elapsed": 5353.027294, "delta": 0.005805}}
{"target": -13.758491329435975, "params": {"gamma": 883.5475584240068, "log10_alpha": -0.9789793555905177, "log10_colsample_bytree": -0.4195384023770692, "log10_eta": -3.6270203763989586, "log10_lambda": 0.5667937505106853, "log10_min_child_weight": 2.5426029150821385, "log10_subsample": -0.5066251744135218, "max_depth": 5.0, "num_boost_round": 18.0}, "datetime": {"datetime": "2024-01-19 01:40:48", "elapsed": 5353.033022, "delta": 0.005728}}
{"target": -13.758486582463185, "params": {"gamma": 883.5475584240068, "log10_alpha": -0.9789793555905177, "log10_colsample_bytree": -0.4195384023770692, "log10_eta": -3.6270203763989586, "log10_lambda": 0.5667937505106853, "log10_min_child_weight": 2.5426029150821385, "log10_subsample": -0.5066251744135218, "max_depth": 5.0, "num_boost_round": 19.0}, "datetime": {"datetime": "2024-01-19 01:40:48", "elapsed": 5353.038751, "delta": 0.005729}}
{"target": -13.75847790839947, "params": {"gamma": 883.5475584240068, "log10_alpha": -0.9789793555905177, "log10_colsample_bytree": -0.4195384023770692, "log10_eta": -3.6270203763989586, "log10_lambda": 0.5667937505106853, "log10_min_child_weight": 2.5426029150821385, "log10_subsample": -0.5066251744135218, "max_depth": 5.0, "num_boost_round": 20.0}, "datetime": {"datetime": "2024-01-19 01:40:48", "elapsed": 5353.044689, "delta": 0.005938}}
{"target": -13.758478578419727, "params": {"gamma": 883.5475584240068, "log10_alpha": -0.9789793555905177, "log10_colsample_bytree": -0.4195384023770692, "log10_eta": -3.6270203763989586, "log10_lambda": 0.5667937505106853, "log10_min_child_weight": 2.5426029150821385, "log10_subsample": -0.5066251744135218, "max_depth": 5.0, "num_boost_round": 21.0}, "datetime": {"datetime": "2024-01-19 01:40:48", "elapsed": 5353.050549, "delta": 0.00586}}
{"target": -13.758469020409965, "params": {"gamma": 883.5475584240068, "log10_alpha": -0.9789793555905177, "log10_colsample_bytree": -0.4195384023770692, "log10_eta": -3.6270203763989586, "log10_lambda": 0.5667937505106853, "log10_min_child_weight": 2.5426029150821385, "log10_subsample": -0.5066251744135218, "max_depth": 5.0, "num_boost_round": 22.0}, "datetime": {"datetime": "2024-01-19 01:40:48", "elapsed": 5353.057165, "delta": 0.006616}}
{"target": -13.75846691576837, "params": {"gamma": 883.5475584240068, "log10_alpha": -0.9789793555905177, "log10_colsample_bytree": -0.4195384023770692, "log10_eta": -3.6270203763989586, "log10_lambda": 0.5667937505106853, "log10_min_child_weight": 2.5426029150821385, "log10_subsample": -0.5066251744135218, "max_depth": 5.0, "num_boost_round": 23.0}, "datetime": {"datetime": "2024-01-19 01:40:48", "elapsed": 5353.063243, "delta": 0.006078}}
{"target": -13.758461031749027, "params": {"gamma": 883.5475584240068, "log10_alpha": -0.9789793555905177, "log10_colsample_bytree": -0.4195384023770692, "log10_eta": -3.6270203763989586, "log10_lambda": 0.5667937505106853, "log10_min_child_weight": 2.5426029150821385, "log10_subsample": -0.5066251744135218, "max_depth": 5.0, "num_boost_round": 24.0}, "datetime": {"datetime": "2024-01-19 01:40:48", "elapsed": 5353.069248, "delta": 0.006005}}
{"target": -13.758463441465642, "params": {"gamma": 883.5475584240068, "log10_alpha": -0.9789793555905177, "log10_colsample_bytree": -0.4195384023770692, "log10_eta": -3.6270203763989586, "log10_lambda": 0.5667937505106853, "log10_min_child_weight": 2.5426029150821385, "log10_subsample": -0.5066251744135218, "max_depth": 5.0, "num_boost_round": 25.0}, "datetime": {"datetime": "2024-01-19 01:40:48", "elapsed": 5353.194206, "delta": 0.124958}}
{"target": -13.758457897539254, "params": {"gamma": 883.5475584240068, "log10_alpha": -0.9789793555905177, "log10_colsample_bytree": -0.4195384023770692, "log10_eta": -3.6270203763989586, "log10_lambda": 0.5667937505106853, "log10_min_child_weight": 2.5426029150821385, "log10_subsample": -0.5066251744135218, "max_depth": 5.0, "num_boost_round": 26.0}, "datetime": {"datetime": "2024-01-19 01:40:48", "elapsed": 5353.200976, "delta": 0.00677}}
{"target": -13.75853864786319, "params": {"gamma": 857.9609410793807, "log10_alpha": -0.940673679756908, "log10_colsample_bytree": -0.023340040085811253, "log10_eta": -3.562766627193951, "log10_lambda": -1.4852762372930992, "log10_min_child_weight": 4.7365000960276005, "log10_subsample": -0.42079772937584636, "max_depth": 4.0, "num_boost_round": 0.0}, "datetime": {"datetime": "2024-01-19 01:42:39", "elapsed": 5463.476755, "delta": 110.275779}}
{"target": -13.758536408239085, "params": {"gamma": 857.9609410793807, "log10_alpha": -0.940673679756908, "log10_colsample_bytree": -0.023340040085811253, "log10_eta": -3.562766627193951, "log10_lambda": -1.4852762372930992, "log10_min_child_weight": 4.7365000960276005, "log10_subsample": -0.42079772937584636, "max_depth": 4.0, "num_boost_round": 1.0}, "datetime": {"datetime": "2024-01-19 01:42:39", "elapsed": 5463.483585, "delta": 0.00683}}
{"target": -13.758535367819933, "params": {"gamma": 857.9609410793807, "log10_alpha": -0.940673679756908, "log10_colsample_bytree": -0.023340040085811253, "log10_eta": -3.562766627193951, "log10_lambda": -1.4852762372930992, "log10_min_child_weight": 4.7365000960276005, "log10_subsample": -0.42079772937584636, "max_depth": 4.0, "num_boost_round": 2.0}, "datetime": {"datetime": "2024-01-19 01:42:39", "elapsed": 5463.489475, "delta": 0.00589}}
{"target": -13.758535078531587, "params": {"gamma": 857.9609410793807, "log10_alpha": -0.940673679756908, "log10_colsample_bytree": -0.023340040085811253, "log10_eta": -3.562766627193951, "log10_lambda": -1.4852762372930992, "log10_min_child_weight": 4.7365000960276005, "log10_subsample": -0.42079772937584636, "max_depth": 4.0, "num_boost_round": 3.0}, "datetime": {"datetime": "2024-01-19 01:42:39", "elapsed": 5463.495503, "delta": 0.006028}}
{"target": -13.75853423209439, "params": {"gamma": 857.9609410793807, "log10_alpha": -0.940673679756908, "log10_colsample_bytree": -0.023340040085811253, "log10_eta": -3.562766627193951, "log10_lambda": -1.4852762372930992, "log10_min_child_weight": 4.7365000960276005, "log10_subsample": -0.42079772937584636, "max_depth": 4.0, "num_boost_round": 4.0}, "datetime": {"datetime": "2024-01-19 01:42:39", "elapsed": 5463.501356, "delta": 0.005853}}
{"target": -13.758532974344151, "params": {"gamma": 857.9609410793807, "log10_alpha": -0.940673679756908, "log10_colsample_bytree": -0.023340040085811253, "log10_eta": -3.562766627193951, "log10_lambda": -1.4852762372930992, "log10_min_child_weight": 4.7365000960276005, "log10_subsample": -0.42079772937584636, "max_depth": 4.0, "num_boost_round": 5.0}, "datetime": {"datetime": "2024-01-19 01:42:39", "elapsed": 5463.507189, "delta": 0.005833}}
{"target": -13.758532309719156, "params": {"gamma": 857.9609410793807, "log10_alpha": -0.940673679756908, "log10_colsample_bytree": -0.023340040085811253, "log10_eta": -3.562766627193951, "log10_lambda": -1.4852762372930992, "log10_min_child_weight": 4.7365000960276005, "log10_subsample": -0.42079772937584636, "max_depth": 4.0, "num_boost_round": 6.0}, "datetime": {"datetime": "2024-01-19 01:42:39", "elapsed": 5463.513097, "delta": 0.005908}}
{"target": -13.758531595808556, "params": {"gamma": 857.9609410793807, "log10_alpha": -0.940673679756908, "log10_colsample_bytree": -0.023340040085811253, "log10_eta": -3.562766627193951, "log10_lambda": -1.4852762372930992, "log10_min_child_weight": 4.7365000960276005, "log10_subsample": -0.42079772937584636, "max_depth": 4.0, "num_boost_round": 7.0}, "datetime": {"datetime": "2024-01-19 01:42:39", "elapsed": 5463.518898, "delta": 0.005801}}
{"target": -13.758532382869893, "params": {"gamma": 857.9609410793807, "log10_alpha": -0.940673679756908, "log10_colsample_bytree": -0.023340040085811253, "log10_eta": -3.562766627193951, "log10_lambda": -1.4852762372930992, "log10_min_child_weight": 4.7365000960276005, "log10_subsample": -0.42079772937584636, "max_depth": 4.0, "num_boost_round": 8.0}, "datetime": {"datetime": "2024-01-19 01:42:39", "elapsed": 5463.524747, "delta": 0.005849}}
{"target": -13.758530243987465, "params": {"gamma": 857.9609410793807, "log10_alpha": -0.940673679756908, "log10_colsample_bytree": -0.023340040085811253, "log10_eta": -3.562766627193951, "log10_lambda": -1.4852762372930992, "log10_min_child_weight": 4.7365000960276005, "log10_subsample": -0.42079772937584636, "max_depth": 4.0, "num_boost_round": 9.0}, "datetime": {"datetime": "2024-01-19 01:42:39", "elapsed": 5463.530559, "delta": 0.005812}}
{"target": -13.758528103295687, "params": {"gamma": 857.9609410793807, "log10_alpha": -0.940673679756908, "log10_colsample_bytree": -0.023340040085811253, "log10_eta": -3.562766627193951, "log10_lambda": -1.4852762372930992, "log10_min_child_weight": 4.7365000960276005, "log10_subsample": -0.42079772937584636, "max_depth": 4.0, "num_boost_round": 10.0}, "datetime": {"datetime": "2024-01-19 01:42:39", "elapsed": 5463.536969, "delta": 0.00641}}
{"target": -13.758527701226177, "params": {"gamma": 857.9609410793807, "log10_alpha": -0.940673679756908, "log10_colsample_bytree": -0.023340040085811253, "log10_eta": -3.562766627193951, "log10_lambda": -1.4852762372930992, "log10_min_child_weight": 4.7365000960276005, "log10_subsample": -0.42079772937584636, "max_depth": 4.0, "num_boost_round": 11.0}, "datetime": {"datetime": "2024-01-19 01:42:39", "elapsed": 5463.543282, "delta": 0.006313}}
{"target": -13.758527323015892, "params": {"gamma": 857.9609410793807, "log10_alpha": -0.940673679756908, "log10_colsample_bytree": -0.023340040085811253, "log10_eta": -3.562766627193951, "log10_lambda": -1.4852762372930992, "log10_min_child_weight": 4.7365000960276005, "log10_subsample": -0.42079772937584636, "max_depth": 4.0, "num_boost_round": 12.0}, "datetime": {"datetime": "2024-01-19 01:42:39", "elapsed": 5463.549337, "delta": 0.006055}}
{"target": -13.758527473406401, "params": {"gamma": 857.9609410793807, "log10_alpha": -0.940673679756908, "log10_colsample_bytree": -0.023340040085811253, "log10_eta": -3.562766627193951, "log10_lambda": -1.4852762372930992, "log10_min_child_weight": 4.7365000960276005, "log10_subsample": -0.42079772937584636, "max_depth": 4.0, "num_boost_round": 13.0}, "datetime": {"datetime": "2024-01-19 01:42:39", "elapsed": 5463.55584, "delta": 0.006503}}
{"target": -13.758527432425804, "params": {"gamma": 857.9609410793807, "log10_alpha": -0.940673679756908, "log10_colsample_bytree": -0.023340040085811253, "log10_eta": -3.562766627193951, "log10_lambda": -1.4852762372930992, "log10_min_child_weight": 4.7365000960276005, "log10_subsample": -0.42079772937584636, "max_depth": 4.0, "num_boost_round": 14.0}, "datetime": {"datetime": "2024-01-19 01:42:39", "elapsed": 5463.561664, "delta": 0.005824}}
{"target": -13.758526666967564, "params": {"gamma": 857.9609410793807, "log10_alpha": -0.940673679756908, "log10_colsample_bytree": -0.023340040085811253, "log10_eta": -3.562766627193951, "log10_lambda": -1.4852762372930992, "log10_min_child_weight": 4.7365000960276005, "log10_subsample": -0.42079772937584636, "max_depth": 4.0, "num_boost_round": 15.0}, "datetime": {"datetime": "2024-01-19 01:42:39", "elapsed": 5463.567537, "delta": 0.005873}}
{"target": -13.758525510120256, "params": {"gamma": 857.9609410793807, "log10_alpha": -0.940673679756908, "log10_colsample_bytree": -0.023340040085811253, "log10_eta": -3.562766627193951, "log10_lambda": -1.4852762372930992, "log10_min_child_weight": 4.7365000960276005, "log10_subsample": -0.42079772937584636, "max_depth": 4.0, "num_boost_round": 16.0}, "datetime": {"datetime": "2024-01-19 01:42:39", "elapsed": 5463.573475, "delta": 0.005938}}
{"target": -13.758525520077779, "params": {"gamma": 857.9609410793807, "log10_alpha": -0.940673679756908, "log10_colsample_bytree": -0.023340040085811253, "log10_eta": -3.562766627193951, "log10_lambda": -1.4852762372930992, "log10_min_child_weight": 4.7365000960276005, "log10_subsample": -0.42079772937584636, "max_depth": 4.0, "num_boost_round": 17.0}, "datetime": {"datetime": "2024-01-19 01:42:39", "elapsed": 5463.579326, "delta": 0.005851}}
{"target": -13.75852294974369, "params": {"gamma": 857.9609410793807, "log10_alpha": -0.940673679756908, "log10_colsample_bytree": -0.023340040085811253, "log10_eta": -3.562766627193951, "log10_lambda": -1.4852762372930992, "log10_min_child_weight": 4.7365000960276005, "log10_subsample": -0.42079772937584636, "max_depth": 4.0, "num_boost_round": 18.0}, "datetime": {"datetime": "2024-01-19 01:42:39", "elapsed": 5463.58524, "delta": 0.005914}}
{"target": -13.758519997363333, "params": {"gamma": 857.9609410793807, "log10_alpha": -0.940673679756908, "log10_colsample_bytree": -0.023340040085811253, "log10_eta": -3.562766627193951, "log10_lambda": -1.4852762372930992, "log10_min_child_weight": 4.7365000960276005, "log10_subsample": -0.42079772937584636, "max_depth": 4.0, "num_boost_round": 19.0}, "datetime": {"datetime": "2024-01-19 01:42:39", "elapsed": 5463.591116, "delta": 0.005876}}
{"target": -13.758519728898845, "params": {"gamma": 857.9609410793807, "log10_alpha": -0.940673679756908, "log10_colsample_bytree": -0.023340040085811253, "log10_eta": -3.562766627193951, "log10_lambda": -1.4852762372930992, "log10_min_child_weight": 4.7365000960276005, "log10_subsample": -0.42079772937584636, "max_depth": 4.0, "num_boost_round": 20.0}, "datetime": {"datetime": "2024-01-19 01:42:39", "elapsed": 5463.597419, "delta": 0.006303}}
{"target": -13.758518236265608, "params": {"gamma": 857.9609410793807, "log10_alpha": -0.940673679756908, "log10_colsample_bytree": -0.023340040085811253, "log10_eta": -3.562766627193951, "log10_lambda": -1.4852762372930992, "log10_min_child_weight": 4.7365000960276005, "log10_subsample": -0.42079772937584636, "max_depth": 4.0, "num_boost_round": 21.0}, "datetime": {"datetime": "2024-01-19 01:42:39", "elapsed": 5463.603454, "delta": 0.006035}}
{"target": -13.75851741686096, "params": {"gamma": 857.9609410793807, "log10_alpha": -0.940673679756908, "log10_colsample_bytree": -0.023340040085811253, "log10_eta": -3.562766627193951, "log10_lambda": -1.4852762372930992, "log10_min_child_weight": 4.7365000960276005, "log10_subsample": -0.42079772937584636, "max_depth": 4.0, "num_boost_round": 22.0}, "datetime": {"datetime": "2024-01-19 01:42:39", "elapsed": 5463.609515, "delta": 0.006061}}
{"target": -13.758517638147536, "params": {"gamma": 857.9609410793807, "log10_alpha": -0.940673679756908, "log10_colsample_bytree": -0.023340040085811253, "log10_eta": -3.562766627193951, "log10_lambda": -1.4852762372930992, "log10_min_child_weight": 4.7365000960276005, "log10_subsample": -0.42079772937584636, "max_depth": 4.0, "num_boost_round": 23.0}, "datetime": {"datetime": "2024-01-19 01:42:39", "elapsed": 5463.615773, "delta": 0.006258}}
{"target": -13.758516831298127, "params": {"gamma": 857.9609410793807, "log10_alpha": -0.940673679756908, "log10_colsample_bytree": -0.023340040085811253, "log10_eta": -3.562766627193951, "log10_lambda": -1.4852762372930992, "log10_min_child_weight": 4.7365000960276005, "log10_subsample": -0.42079772937584636, "max_depth": 4.0, "num_boost_round": 24.0}, "datetime": {"datetime": "2024-01-19 01:42:39", "elapsed": 5463.621913, "delta": 0.00614}}
