{"target": -13.758434373596112, "params": {"gamma": 938.8654918773082, "log10_alpha": -4.4771448467577155, "log10_colsample_bytree": -0.00416630949314023, "log10_eta": -3.073661282659539, "log10_lambda": -2.7452309787442943, "log10_min_child_weight": 0.786755687881549, "log10_subsample": -0.606528032639605, "max_depth": 2.0, "num_boost_round": 13.0}, "datetime": {"datetime": "2024-01-19 01:21:25", "elapsed": 4186.225724, "delta": 0.004766}}
{"target": -13.758424616247723, "params": {"gamma": 938.8654918773082, "log10_alpha": -4.4771448467577155, "log10_colsample_bytree": -0.00416630949314023, "log10_eta": -3.073661282659539, "log10_lambda": -2.7452309787442943, "log10_min_child_weight": 0.786755687881549, "log10_subsample": -0.606528032639605, "max_depth": 2.0, "num_boost_round": 14.0}, "datetime": {"datetime": "2024-01-19 01:21:25", "elapsed": 4186.230562, "delta": 0.004838}}
{"target": -13.758422023751596, "params": {"gamma": 938.8654918773082, "log10_alpha": -4.4771448467577155, "log10_colsample_bytree": -0.00416630949314023, "log10_eta": -3.073661282659539, "log10_lambda": -2.7452309787442943, "log10_min_child_weight": 0.786755687881549, "log10_subsample": -0.606528032639605, "max_depth": 2.0, "num_boost_round": 15.0}, "datetime": {"datetime": "2024-01-19 01:21:25", "elapsed": 4186.235507, "delta": 0.004945}}
{"target": -13.758414356152963, "params": {"gamma": 938.8654918773082, "log10_alpha": -4.4771448467577155, "log10_colsample_bytree": -0.00416630949314023, "log10_eta": -3.073661282659539, "log10_lambda": -2.7452309787442943, "log10_min_child_weight": 0.786755687881549, "log10_subsample": -0.606528032639605, "max_depth": 2.0, "num_boost_round": 16.0}, "datetime": {"datetime": "2024-01-19 01:21:25", "elapsed": 4186.240324, "delta": 0.004817}}
{"target": -13.758406632298843, "params": {"gamma": 938.8654918773082, "log10_alpha": -4.4771448467577155, "log10_colsample_bytree": -0.00416630949314023, "log10_eta": -3.073661282659539, "log10_lambda": -2.7452309787442943, "log10_min_child_weight": 0.786755687881549, "log10_subsample": -0.606528032639605, "max_depth": 2.0, "num_boost_round": 17.0}, "datetime": {"datetime": "2024-01-19 01:21:25", "elapsed": 4186.245075, "delta": 0.004751}}
{"target": -13.758401014620828, "params": {"gamma": 938.8654918773082, "log10_alpha": -4.4771448467577155, "log10_colsample_bytree": -0.00416630949314023, "log10_eta": -3.073661282659539, "log10_lambda": -2.7452309787442943, "log10_min_child_weight": 0.786755687881549, "log10_subsample": -0.606528032639605, "max_depth": 2.0, "num_boost_round": 18.0}, "datetime": {"datetime": "2024-01-19 01:21:25", "elapsed": 4186.250012, "delta": 0.004937}}
{"target": -13.758394355972753, "params": {"gamma": 938.8654918773082, "log10_alpha": -4.4771448467577155, "log10_colsample_bytree": -0.00416630949314023, "log10_eta": -3.073661282659539, "log10_lambda": -2.7452309787442943, "log10_min_child_weight": 0.786755687881549, "log10_subsample": -0.606528032639605, "max_depth": 2.0, "num_boost_round": 19.0}, "datetime": {"datetime": "2024-01-19 01:21:25", "elapsed": 4186.254936, "delta": 0.004924}}
{"target": -13.758387242311924, "params": {"gamma": 938.8654918773082, "log10_alpha": -4.4771448467577155, "log10_colsample_bytree": -0.00416630949314023, "log10_eta": -3.073661282659539, "log10_lambda": -2.7452309787442943, "log10_min_child_weight": 0.786755687881549, "log10_subsample": -0.606528032639605, "max_depth": 2.0, "num_boost_round": 20.0}, "datetime": {"datetime": "2024-01-19 01:21:25", "elapsed": 4186.259814, "delta": 0.004878}}
{"target": -13.75837985591865, "params": {"gamma": 938.8654918773082, "log10_alpha": -4.4771448467577155, "log10_colsample_bytree": -0.00416630949314023, "log10_eta": -3.073661282659539, "log10_lambda": -2.7452309787442943, "log10_min_child_weight": 0.786755687881549, "log10_subsample": -0.606528032639605, "max_depth": 2.0, "num_boost_round": 21.0}, "datetime": {"datetime": "2024-01-19 01:21:25", "elapsed": 4186.264656, "delta": 0.004842}}
{"target": -13.758381085250868, "params": {"gamma": 938.8654918773082, "log10_alpha": -4.4771448467577155, "log10_colsample_bytree": -0.00416630949314023, "log10_eta": -3.073661282659539, "log10_lambda": -2.7452309787442943, "log10_min_child_weight": 0.786755687881549, "log10_subsample": -0.606528032639605, "max_depth": 2.0, "num_boost_round": 22.0}, "datetime": {"datetime": "2024-01-19 01:21:25", "elapsed": 4186.269458, "delta": 0.004802}}
{"target": -13.758374312736736, "params": {"gamma": 938.8654918773082, "log10_alpha": -4.4771448467577155, "log10_colsample_bytree": -0.00416630949314023, "log10_eta": -3.073661282659539, "log10_lambda": -2.7452309787442943, "log10_min_child_weight": 0.786755687881549, "log10_subsample": -0.606528032639605, "max_depth": 2.0, "num_boost_round": 23.0}, "datetime": {"datetime": "2024-01-19 01:21:25", "elapsed": 4186.274362, "delta": 0.004904}}
{"target": -13.758368782430438, "params": {"gamma": 938.8654918773082, "log10_alpha": -4.4771448467577155, "log10_colsample_bytree": -0.00416630949314023, "log10_eta": -3.073661282659539, "log10_lambda": -2.7452309787442943, "log10_min_child_weight": 0.786755687881549, "log10_subsample": -0.606528032639605, "max_depth": 2.0, "num_boost_round": 24.0}, "datetime": {"datetime": "2024-01-19 01:21:25", "elapsed": 4186.27911, "delta": 0.004748}}
{"target": -13.758362309914778, "params": {"gamma": 938.8654918773082, "log10_alpha": -4.4771448467577155, "log10_colsample_bytree": -0.00416630949314023, "log10_eta": -3.073661282659539, "log10_lambda": -2.7452309787442943, "log10_min_child_weight": 0.786755687881549, "log10_subsample": -0.606528032639605, "max_depth": 2.0, "num_boost_round": 25.0}, "datetime": {"datetime": "2024-01-19 01:21:25", "elapsed": 4186.283815, "delta": 0.004705}}
{"target": -13.7583553598113, "params": {"gamma": 938.8654918773082, "log10_alpha": -4.4771448467577155, "log10_colsample_bytree": -0.00416630949314023, "log10_eta": -3.073661282659539, "log10_lambda": -2.7452309787442943, "log10_min_child_weight": 0.786755687881549, "log10_subsample": -0.606528032639605, "max_depth": 2.0, "num_boost_round": 26.0}, "datetime": {"datetime": "2024-01-19 01:21:25", "elapsed": 4186.288619, "delta": 0.004804}}
{"target": -13.758353530994823, "params": {"gamma": 938.8654918773082, "log10_alpha": -4.4771448467577155, "log10_colsample_bytree": -0.00416630949314023, "log10_eta": -3.073661282659539, "log10_lambda": -2.7452309787442943, "log10_min_child_weight": 0.786755687881549, "log10_subsample": -0.606528032639605, "max_depth": 2.0, "num_boost_round": 27.0}, "datetime": {"datetime": "2024-01-19 01:21:25", "elapsed": 4186.293582, "delta": 0.004963}}
{"target": -13.758353180941892, "params": {"gamma": 938.8654918773082, "log10_alpha": -4.4771448467577155, "log10_colsample_bytree": -0.00416630949314023, "log10_eta": -3.073661282659539, "log10_lambda": -2.7452309787442943, "log10_min_child_weight": 0.786755687881549, "log10_subsample": -0.606528032639605, "max_depth": 2.0, "num_boost_round": 28.0}, "datetime": {"datetime": "2024-01-19 01:21:25", "elapsed": 4186.298286, "delta": 0.004704}}
{"target": -13.758348180095458, "params": {"gamma": 938.8654918773082, "log10_alpha": -4.4771448467577155, "log10_colsample_bytree": -0.00416630949314023, "log10_eta": -3.073661282659539, "log10_lambda": -2.7452309787442943, "log10_min_child_weight": 0.786755687881549, "log10_subsample": -0.606528032639605, "max_depth": 2.0, "num_boost_round": 29.0}, "datetime": {"datetime": "2024-01-19 01:21:25", "elapsed": 4186.303102, "delta": 0.004816}}
{"target": -13.758343688889601, "params": {"gamma": 938.8654918773082, "log10_alpha": -4.4771448467577155, "log10_colsample_bytree": -0.00416630949314023, "log10_eta": -3.073661282659539, "log10_lambda": -2.7452309787442943, "log10_min_child_weight": 0.786755687881549, "log10_subsample": -0.606528032639605, "max_depth": 2.0, "num_boost_round": 30.0}, "datetime": {"datetime": "2024-01-19 01:21:25", "elapsed": 4186.308394, "delta": 0.005292}}
{"target": -13.758339073583873, "params": {"gamma": 938.8654918773082, "log10_alpha": -4.4771448467577155, "log10_colsample_bytree": -0.00416630949314023, "log10_eta": -3.073661282659539, "log10_lambda": -2.7452309787442943, "log10_min_child_weight": 0.786755687881549, "log10_subsample": -0.606528032639605, "max_depth": 2.0, "num_boost_round": 31.0}, "datetime": {"datetime": "2024-01-19 01:21:25", "elapsed": 4186.313526, "delta": 0.005132}}
{"target": -13.758334550233624, "params": {"gamma": 938.8654918773082, "log10_alpha": -4.4771448467577155, "log10_colsample_bytree": -0.00416630949314023, "log10_eta": -3.073661282659539, "log10_lambda": -2.7452309787442943, "log10_min_child_weight": 0.786755687881549, "log10_subsample": -0.606528032639605, "max_depth": 2.0, "num_boost_round": 32.0}, "datetime": {"datetime": "2024-01-19 01:21:25", "elapsed": 4186.318422, "delta": 0.004896}}
{"target": -13.758324794866324, "params": {"gamma": 938.8654918773082, "log10_alpha": -4.4771448467577155, "log10_colsample_bytree": -0.00416630949314023, "log10_eta": -3.073661282659539, "log10_lambda": -2.7452309787442943, "log10_min_child_weight": 0.786755687881549, "log10_subsample": -0.606528032639605, "max_depth": 2.0, "num_boost_round": 33.0}, "datetime": {"datetime": "2024-01-19 01:21:25", "elapsed": 4186.323162, "delta": 0.00474}}
{"target": -13.758319909906822, "params": {"gamma": 938.8654918773082, "log10_alpha": -4.4771448467577155, "log10_colsample_bytree": -0.00416630949314023, "log10_eta": -3.073661282659539, "log10_lambda": -2.7452309787442943, "log10_min_child_weight": 0.786755687881549, "log10_subsample": -0.606528032639605, "max_depth": 2.0, "num_boost_round": 34.0}, "datetime": {"datetime": "2024-01-19 01:21:25", "elapsed": 4186.327912, "delta": 0.00475}}
{"target": -13.758523807149484, "params": {"gamma": 938.1253752739549, "log10_alpha": -4.142550687732839, "log10_colsample_bytree": -0.7779967703845649, "log10_eta": -2.962800592369132, "log10_lambda": -4.4330202761107715, "log10_min_child_weight": 2.714761033849913, "log10_subsample": -0.32682731482785454, "max_depth": 2.0, "num_boost_round": 0.0}, "datetime": {"datetime": "2024-01-19 01:22:30", "elapsed": 4251.79922, "delta": 65.471308}}
{"target": -13.758519781860638, "params": {"gamma": 938.1253752739549, "log10_alpha": -4.142550687732839, "log10_colsample_bytree": -0.7779967703845649, "log10_eta": -2.962800592369132, "log10_lambda": -4.4330202761107715, "log10_min_child_weight": 2.714761033849913, "log10_subsample": -0.32682731482785454, "max_depth": 2.0, "num_boost_round": 1.0}, "datetime": {"datetime": "2024-01-19 01:22:30", "elapsed": 4251.804491, "delta": 0.005271}}
{"target": -13.758519154871088, "params": {"gamma": 938.1253752739549, "log10_alpha": -4.142550687732839, "log10_colsample_bytree": -0.7779967703845649, "log10_eta": -2.962800592369132, "log10_lambda": -4.4330202761107715, "log10_min_child_weight": 2.714761033849913, "log10_subsample": -0.32682731482785454, "max_depth": 2.0, "num_boost_round": 2.0}, "datetime": {"datetime": "2024-01-19 01:22:30", "elapsed": 4251.809808, "delta": 0.005317}}
{"target": -13.758513090380202, "params": {"gamma": 938.1253752739549, "log10_alpha": -4.142550687732839, "log10_colsample_bytree": -0.7779967703845649, "log10_eta": -2.962800592369132, "log10_lambda": -4.4330202761107715, "log10_min_child_weight": 2.714761033849913, "log10_subsample": -0.32682731482785454, "max_depth": 2.0, "num_boost_round": 3.0}, "datetime": {"datetime": "2024-01-19 01:22:30", "elapsed": 4251.814842, "delta": 0.005034}}
{"target": -13.758505367674314, "params": {"gamma": 938.1253752739549, "log10_alpha": -4.142550687732839, "log10_colsample_bytree": -0.7779967703845649, "log10_eta": -2.962800592369132, "log10_lambda": -4.4330202761107715, "log10_min_child_weight": 2.714761033849913, "log10_subsample": -0.32682731482785454, "max_depth": 2.0, "num_boost_round": 4.0}, "datetime": {"datetime": "2024-01-19 01:22:30", "elapsed": 4251.819655, "delta": 0.004813}}
{"target": -13.758500969887825, "params": {"gamma": 938.1253752739549, "log10_alpha": -4.142550687732839, "log10_colsample_bytree": -0.7779967703845649, "log10_eta": -2.962800592369132, "log10_lambda": -4.4330202761107715, "log10_min_child_weight": 2.714761033849913, "log10_subsample": -0.32682731482785454, "max_depth": 2.0, "num_boost_round": 5.0}, "datetime": {"datetime": "2024-01-19 01:22:30", "elapsed": 4251.824446, "delta": 0.004791}}
{"target": -13.758495797958219, "params": {"gamma": 938.1253752739549, "log10_alpha": -4.142550687732839, "log10_colsample_bytree": -0.7779967703845649, "log10_eta": -2.962800592369132, "log10_lambda": -4.4330202761107715, "log10_min_child_weight": 2.714761033849913, "log10_subsample": -0.32682731482785454, "max_depth": 2.0, "num_boost_round": 6.0}, "datetime": {"datetime": "2024-01-19 01:22:30", "elapsed": 4251.829194, "delta": 0.004748}}
{"target": -13.758483888459633, "params": {"gamma": 938.1253752739549, "log10_alpha": -4.142550687732839, "log10_colsample_bytree": -0.7779967703845649, "log10_eta": -2.962800592369132, "log10_lambda": -4.4330202761107715, "log10_min_child_weight": 2.714761033849913, "log10_subsample": -0.32682731482785454, "max_depth": 2.0, "num_boost_round": 7.0}, "datetime": {"datetime": "2024-01-19 01:22:30", "elapsed": 4251.833968, "delta": 0.004774}}
{"target": -13.758494240495544, "params": {"gamma": 938.1253752739549, "log10_alpha": -4.142550687732839, "log10_colsample_bytree": -0.7779967703845649, "log10_eta": -2.962800592369132, "log10_lambda": -4.4330202761107715, "log10_min_child_weight": 2.714761033849913, "log10_subsample": -0.32682731482785454, "max_depth": 2.0, "num_boost_round": 8.0}, "datetime": {"datetime": "2024-01-19 01:22:30", "elapsed": 4251.83874, "delta": 0.004772}}
{"target": -13.75848110212969, "params": {"gamma": 938.1253752739549, "log10_alpha": -4.142550687732839, "log10_colsample_bytree": -0.7779967703845649, "log10_eta": -2.962800592369132, "log10_lambda": -4.4330202761107715, "log10_min_child_weight": 2.714761033849913, "log10_subsample": -0.32682731482785454, "max_depth": 2.0, "num_boost_round": 9.0}, "datetime": {"datetime": "2024-01-19 01:22:30", "elapsed": 4251.843568, "delta": 0.004828}}
{"target": -13.758473394212235, "params": {"gamma": 938.1253752739549, "log10_alpha": -4.142550687732839, "log10_colsample_bytree": -0.7779967703845649, "log10_eta": -2.962800592369132, "log10_lambda": -4.4330202761107715, "log10_min_child_weight": 2.714761033849913, "log10_subsample": -0.32682731482785454, "max_depth": 2.0, "num_boost_round": 10.0}, "datetime": {"datetime": "2024-01-19 01:22:30", "elapsed": 4251.848368, "delta": 0.0048}}
{"target": -13.758461195485678, "params": {"gamma": 938.1253752739549, "log10_alpha": -4.142550687732839, "log10_colsample_bytree": -0.7779967703845649, "log10_eta": -2.962800592369132, "log10_lambda": -4.4330202761107715, "log10_min_child_weight": 2.714761033849913, "log10_subsample": -0.32682731482785454, "max_depth": 2.0, "num_boost_round": 11.0}, "datetime": {"datetime": "2024-01-19 01:22:30", "elapsed": 4251.853146, "delta": 0.004778}}
{"target": -13.75845036224827, "params": {"gamma": 938.1253752739549, "log10_alpha": -4.142550687732839, "log10_colsample_bytree": -0.7779967703845649, "log10_eta": -2.962800592369132, "log10_lambda": -4.4330202761107715, "log10_min_child_weight": 2.714761033849913, "log10_subsample": -0.32682731482785454, "max_depth": 2.0, "num_boost_round": 12.0}, "datetime": {"datetime": "2024-01-19 01:22:30", "elapsed": 4251.857925, "delta": 0.004779}}
{"target": -13.758433624098748, "params": {"gamma": 938.1253752739549, "log10_alpha": -4.142550687732839, "log10_colsample_bytree": -0.7779967703845649, "log10_eta": -2.962800592369132, "log10_lambda": -4.4330202761107715, "log10_min_child_weight": 2.714761033849913, "log10_subsample": -0.32682731482785454, "max_depth": 2.0, "num_boost_round": 13.0}, "datetime": {"datetime": "2024-01-19 01:22:30", "elapsed": 4251.862739, "delta": 0.004814}}
{"target": -13.758428681409045, "params": {"gamma": 938.1253752739549, "log10_alpha": -4.142550687732839, "log10_colsample_bytree": -0.7779967703845649, "log10_eta": -2.962800592369132, "log10_lambda": -4.4330202761107715, "log10_min_child_weight": 2.714761033849913, "log10_subsample": -0.32682731482785454, "max_depth": 2.0, "num_boost_round": 14.0}, "datetime": {"datetime": "2024-01-19 01:22:30", "elapsed": 4251.867513, "delta": 0.004774}}
{"target": -13.758410305025244, "params": {"gamma": 938.1253752739549, "log10_alpha": -4.142550687732839, "log10_colsample_bytree": -0.7779967703845649, "log10_eta": -2.962800592369132, "log10_lambda": -4.4330202761107715, "log10_min_child_weight": 2.714761033849913, "log10_subsample": -0.32682731482785454, "max_depth": 2.0, "num_boost_round": 15.0}, "datetime": {"datetime": "2024-01-19 01:22:30", "elapsed": 4251.872317, "delta": 0.004804}}
{"target": -13.758403688190834, "params": {"gamma": 938.1253752739549, "log10_alpha": -4.142550687732839, "log10_colsample_bytree": -0.7779967703845649, "log10_eta": -2.962800592369132, "log10_lambda": -4.4330202761107715, "log10_min_child_weight": 2.714761033849913, "log10_subsample": -0.32682731482785454, "max_depth": 2.0, "num_boost_round": 16.0}, "datetime": {"datetime": "2024-01-19 01:22:30", "elapsed": 4251.877107, "delta": 0.00479}}
{"target": -13.758393560422219, "params": {"gamma": 938.1253752739549, "log10_alpha": -4.142550687732839, "log10_colsample_bytree": -0.7779967703845649, "log10_eta": -2.962800592369132, "log10_lambda": -4.4330202761107715, "log10_min_child_weight": 2.714761033849913, "log10_subsample": -0.32682731482785454, "max_depth": 2.0, "num_boost_round": 17.0}, "datetime": {"datetime": "2024-01-19 01:22:30", "elapsed": 4251.881917, "delta": 0.00481}}
{"target": -13.758393054815903, "params": {"gamma": 938.1253752739549, "log10_alpha": -4.142550687732839, "log10_colsample_bytree": -0.7779967703845649, "log10_eta": -2.962800592369132, "log10_lambda": -4.4330202761107715, "log10_min_child_weight": 2.714761033849913, "log10_subsample": -0.32682731482785454, "max_depth": 2.0, "num_boost_round": 18.0}, "datetime": {"datetime": "2024-01-19 01:22:30", "elapsed": 4251.88668, "delta": 0.004763}}
{"target": -13.758381281265738, "params": {"gamma": 938.1253752739549, "log10_alpha": -4.142550687732839, "log10_colsample_bytree": -0.7779967703845649, "log10_eta": -2.962800592369132, "log10_lambda": -4.4330202761107715, "log10_min_child_weight": 2.714761033849913, "log10_subsample": -0.32682731482785454, "max_depth": 2.0, "num_boost_round": 19.0}, "datetime": {"datetime": "2024-01-19 01:22:30", "elapsed": 4251.891479, "delta": 0.004799}}
{"target": -13.758374622274124, "params": {"gamma": 938.1253752739549, "log10_alpha": -4.142550687732839, "log10_colsample_bytree": -0.7779967703845649, "log10_eta": -2.962800592369132, "log10_lambda": -4.4330202761107715, "log10_min_child_weight": 2.714761033849913, "log10_subsample": -0.32682731482785454, "max_depth": 2.0, "num_boost_round": 20.0}, "datetime": {"datetime": "2024-01-19 01:22:30", "elapsed": 4251.896287, "delta": 0.004808}}
{"target": -13.758353007834073, "params": {"gamma": 938.1253752739549, "log10_alpha": -4.142550687732839, "log10_colsample_bytree": -0.7779967703845649, "log10_eta": -2.962800592369132, "log10_lambda": -4.4330202761107715, "log10_min_child_weight": 2.714761033849913, "log10_subsample": -0.32682731482785454, "max_depth": 2.0, "num_boost_round": 21.0}, "datetime": {"datetime": "2024-01-19 01:22:30", "elapsed": 4251.901144, "delta": 0.004857}}
{"target": -13.758350092868051, "params": {"gamma": 938.1253752739549, "log10_alpha": -4.142550687732839, "log10_colsample_bytree": -0.7779967703845649, "log10_eta": -2.962800592369132, "log10_lambda": -4.4330202761107715, "log10_min_child_weight": 2.714761033849913, "log10_subsample": -0.32682731482785454, "max_depth": 2.0, "num_boost_round": 22.0}, "datetime": {"datetime": "2024-01-19 01:22:30", "elapsed": 4251.905906, "delta": 0.004762}}
{"target": -13.75833136982124, "params": {"gamma": 938.1253752739549, "log10_alpha": -4.142550687732839, "log10_colsample_bytree": -0.7779967703845649, "log10_eta": -2.962800592369132, "log10_lambda": -4.4330202761107715, "log10_min_child_weight": 2.714761033849913, "log10_subsample": -0.32682731482785454, "max_depth": 2.0, "num_boost_round": 23.0}, "datetime": {"datetime": "2024-01-19 01:22:30", "elapsed": 4251.9107, "delta": 0.004794}}
{"target": -13.758329864584432, "params": {"gamma": 938.1253752739549, "log10_alpha": -4.142550687732839, "log10_colsample_bytree": -0.7779967703845649, "log10_eta": -2.962800592369132, "log10_lambda": -4.4330202761107715, "log10_min_child_weight": 2.714761033849913, "log10_subsample": -0.32682731482785454, "max_depth": 2.0, "num_boost_round": 24.0}, "datetime": {"datetime": "2024-01-19 01:22:30", "elapsed": 4251.915478, "delta": 0.004778}}
{"target": -13.75831349683466, "params": {"gamma": 938.1253752739549, "log10_alpha": -4.142550687732839, "log10_colsample_bytree": -0.7779967703845649, "log10_eta": -2.962800592369132, "log10_lambda": -4.4330202761107715, "log10_min_child_weight": 2.714761033849913, "log10_subsample": -0.32682731482785454, "max_depth": 2.0, "num_boost_round": 25.0}, "datetime": {"datetime": "2024-01-19 01:22:30", "elapsed": 4251.920352, "delta": 0.004874}}
{"target": -13.758311256736542, "params": {"gamma": 938.1253752739549, "log10_alpha": -4.142550687732839, "log10_colsample_bytree": -0.7779967703845649, "log10_eta": -2.962800592369132, "log10_lambda": -4.4330202761107715, "log10_min_child_weight": 2.714761033849913, "log10_subsample": -0.32682731482785454, "max_depth": 2.0, "num_boost_round": 26.0}, "datetime": {"datetime": "2024-01-19 01:22:30", "elapsed": 4251.925278, "delta": 0.004926}}
