{"target": -18.027507674621436, "params": {"gamma": 603.280986280676, "log10_alpha": -2.8807960739279252, "log10_colsample_bytree": -0.46812530317415746, "log10_eta": -0.7510121782511119, "log10_lambda": -3.711138087816808, "log10_min_child_weight": 1.768367944233515, "log10_subsample": -0.4310848740055494, "max_depth": 4.0, "num_boost_round": 42.0}, "datetime": {"datetime": "2024-01-19 01:58:51", "elapsed": 6428.941931, "delta": 0.005275}}
{"target": -18.031220230122173, "params": {"gamma": 603.280986280676, "log10_alpha": -2.8807960739279252, "log10_colsample_bytree": -0.46812530317415746, "log10_eta": -0.7510121782511119, "log10_lambda": -3.711138087816808, "log10_min_child_weight": 1.768367944233515, "log10_subsample": -0.4310848740055494, "max_depth": 4.0, "num_boost_round": 43.0}, "datetime": {"datetime": "2024-01-19 01:58:51", "elapsed": 6428.947417, "delta": 0.005486}}
{"target": -18.034020703018378, "params": {"gamma": 603.280986280676, "log10_alpha": -2.8807960739279252, "log10_colsample_bytree": -0.46812530317415746, "log10_eta": -0.7510121782511119, "log10_lambda": -3.711138087816808, "log10_min_child_weight": 1.768367944233515, "log10_subsample": -0.4310848740055494, "max_depth": 4.0, "num_boost_round": 44.0}, "datetime": {"datetime": "2024-01-19 01:58:51", "elapsed": 6428.952765, "delta": 0.005348}}
{"target": -18.03788635077968, "params": {"gamma": 603.280986280676, "log10_alpha": -2.8807960739279252, "log10_colsample_bytree": -0.46812530317415746, "log10_eta": -0.7510121782511119, "log10_lambda": -3.711138087816808, "log10_min_child_weight": 1.768367944233515, "log10_subsample": -0.4310848740055494, "max_depth": 4.0, "num_boost_round": 45.0}, "datetime": {"datetime": "2024-01-19 01:58:51", "elapsed": 6428.958143, "delta": 0.005378}}
{"target": -18.04274651827558, "params": {"gamma": 603.280986280676, "log10_alpha": -2.8807960739279252, "log10_colsample_bytree": -0.46812530317415746, "log10_eta": -0.7510121782511119, "log10_lambda": -3.711138087816808, "log10_min_child_weight": 1.768367944233515, "log10_subsample": -0.4310848740055494, "max_depth": 4.0, "num_boost_round": 46.0}, "datetime": {"datetime": "2024-01-19 01:58:51", "elapsed": 6428.963519, "delta": 0.005376}}
{"target": -17.676582467267774, "params": {"gamma": 615.8322345083133, "log10_alpha": -4.998263322843647, "log10_colsample_bytree": -0.8128012873827972, "log10_eta": -1.9460610846230044, "log10_lambda": -0.6409516659615271, "log10_min_child_weight": 2.7971077674040767, "log10_subsample": -0.4250903421717339, "max_depth": 8.0, "num_boost_round": 0.0}, "datetime": {"datetime": "2024-01-19 01:59:57", "elapsed": 6494.817699, "delta": 65.85418}}
{"target": -17.676192415704488, "params": {"gamma": 615.8322345083133, "log10_alpha": -4.998263322843647, "log10_colsample_bytree": -0.8128012873827972, "log10_eta": -1.9460610846230044, "log10_lambda": -0.6409516659615271, "log10_min_child_weight": 2.7971077674040767, "log10_subsample": -0.4250903421717339, "max_depth": 8.0, "num_boost_round": 1.0}, "datetime": {"datetime": "2024-01-19 01:59:57", "elapsed": 6494.823668, "delta": 0.005969}}
{"target": -17.67576238580398, "params": {"gamma": 615.8322345083133, "log10_alpha": -4.998263322843647, "log10_colsample_bytree": -0.8128012873827972, "log10_eta": -1.9460610846230044, "log10_lambda": -0.6409516659615271, "log10_min_child_weight": 2.7971077674040767, "log10_subsample": -0.4250903421717339, "max_depth": 8.0, "num_boost_round": 2.0}, "datetime": {"datetime": "2024-01-19 01:59:57", "elapsed": 6494.82913, "delta": 0.005462}}
{"target": -17.675991725176562, "params": {"gamma": 615.8322345083133, "log10_alpha": -4.998263322843647, "log10_colsample_bytree": -0.8128012873827972, "log10_eta": -1.9460610846230044, "log10_lambda": -0.6409516659615271, "log10_min_child_weight": 2.7971077674040767, "log10_subsample": -0.4250903421717339, "max_depth": 8.0, "num_boost_round": 3.0}, "datetime": {"datetime": "2024-01-19 01:59:57", "elapsed": 6494.834635, "delta": 0.005505}}
{"target": -17.67555237816324, "params": {"gamma": 615.8322345083133, "log10_alpha": -4.998263322843647, "log10_colsample_bytree": -0.8128012873827972, "log10_eta": -1.9460610846230044, "log10_lambda": -0.6409516659615271, "log10_min_child_weight": 2.7971077674040767, "log10_subsample": -0.4250903421717339, "max_depth": 8.0, "num_boost_round": 4.0}, "datetime": {"datetime": "2024-01-19 01:59:57", "elapsed": 6494.84074, "delta": 0.006105}}
{"target": -17.675031527074097, "params": {"gamma": 615.8322345083133, "log10_alpha": -4.998263322843647, "log10_colsample_bytree": -0.8128012873827972, "log10_eta": -1.9460610846230044, "log10_lambda": -0.6409516659615271, "log10_min_child_weight": 2.7971077674040767, "log10_subsample": -0.4250903421717339, "max_depth": 8.0, "num_boost_round": 5.0}, "datetime": {"datetime": "2024-01-19 01:59:57", "elapsed": 6494.846744, "delta": 0.006004}}
{"target": -17.67491736206473, "params": {"gamma": 615.8322345083133, "log10_alpha": -4.998263322843647, "log10_colsample_bytree": -0.8128012873827972, "log10_eta": -1.9460610846230044, "log10_lambda": -0.6409516659615271, "log10_min_child_weight": 2.7971077674040767, "log10_subsample": -0.4250903421717339, "max_depth": 8.0, "num_boost_round": 6.0}, "datetime": {"datetime": "2024-01-19 01:59:57", "elapsed": 6494.852116, "delta": 0.005372}}
{"target": -17.67385113673721, "params": {"gamma": 615.8322345083133, "log10_alpha": -4.998263322843647, "log10_colsample_bytree": -0.8128012873827972, "log10_eta": -1.9460610846230044, "log10_lambda": -0.6409516659615271, "log10_min_child_weight": 2.7971077674040767, "log10_subsample": -0.4250903421717339, "max_depth": 8.0, "num_boost_round": 7.0}, "datetime": {"datetime": "2024-01-19 01:59:57", "elapsed": 6494.857345, "delta": 0.005229}}
{"target": -17.673662222594217, "params": {"gamma": 615.8322345083133, "log10_alpha": -4.998263322843647, "log10_colsample_bytree": -0.8128012873827972, "log10_eta": -1.9460610846230044, "log10_lambda": -0.6409516659615271, "log10_min_child_weight": 2.7971077674040767, "log10_subsample": -0.4250903421717339, "max_depth": 8.0, "num_boost_round": 8.0}, "datetime": {"datetime": "2024-01-19 01:59:57", "elapsed": 6494.862565, "delta": 0.00522}}
{"target": -17.673992538809834, "params": {"gamma": 615.8322345083133, "log10_alpha": -4.998263322843647, "log10_colsample_bytree": -0.8128012873827972, "log10_eta": -1.9460610846230044, "log10_lambda": -0.6409516659615271, "log10_min_child_weight": 2.7971077674040767, "log10_subsample": -0.4250903421717339, "max_depth": 8.0, "num_boost_round": 9.0}, "datetime": {"datetime": "2024-01-19 01:59:57", "elapsed": 6494.86782, "delta": 0.005255}}
{"target": -17.6738177113994, "params": {"gamma": 615.8322345083133, "log10_alpha": -4.998263322843647, "log10_colsample_bytree": -0.8128012873827972, "log10_eta": -1.9460610846230044, "log10_lambda": -0.6409516659615271, "log10_min_child_weight": 2.7971077674040767, "log10_subsample": -0.4250903421717339, "max_depth": 8.0, "num_boost_round": 10.0}, "datetime": {"datetime": "2024-01-19 01:59:57", "elapsed": 6494.873177, "delta": 0.005357}}
{"target": -17.67372823996009, "params": {"gamma": 615.8322345083133, "log10_alpha": -4.998263322843647, "log10_colsample_bytree": -0.8128012873827972, "log10_eta": -1.9460610846230044, "log10_lambda": -0.6409516659615271, "log10_min_child_weight": 2.7971077674040767, "log10_subsample": -0.4250903421717339, "max_depth": 8.0, "num_boost_round": 11.0}, "datetime": {"datetime": "2024-01-19 01:59:57", "elapsed": 6494.878611, "delta": 0.005434}}
{"target": -17.673484370016123, "params": {"gamma": 615.8322345083133, "log10_alpha": -4.998263322843647, "log10_colsample_bytree": -0.8128012873827972, "log10_eta": -1.9460610846230044, "log10_lambda": -0.6409516659615271, "log10_min_child_weight": 2.7971077674040767, "log10_subsample": -0.4250903421717339, "max_depth": 8.0, "num_boost_round": 12.0}, "datetime": {"datetime": "2024-01-19 01:59:57", "elapsed": 6494.88387, "delta": 0.005259}}
{"target": -17.672473494064782, "params": {"gamma": 615.8322345083133, "log10_alpha": -4.998263322843647, "log10_colsample_bytree": -0.8128012873827972, "log10_eta": -1.9460610846230044, "log10_lambda": -0.6409516659615271, "log10_min_child_weight": 2.7971077674040767, "log10_subsample": -0.4250903421717339, "max_depth": 8.0, "num_boost_round": 13.0}, "datetime": {"datetime": "2024-01-19 01:59:57", "elapsed": 6494.889346, "delta": 0.005476}}
{"target": -17.672293067007715, "params": {"gamma": 615.8322345083133, "log10_alpha": -4.998263322843647, "log10_colsample_bytree": -0.8128012873827972, "log10_eta": -1.9460610846230044, "log10_lambda": -0.6409516659615271, "log10_min_child_weight": 2.7971077674040767, "log10_subsample": -0.4250903421717339, "max_depth": 8.0, "num_boost_round": 14.0}, "datetime": {"datetime": "2024-01-19 01:59:57", "elapsed": 6494.894707, "delta": 0.005361}}
{"target": -17.672082147680356, "params": {"gamma": 615.8322345083133, "log10_alpha": -4.998263322843647, "log10_colsample_bytree": -0.8128012873827972, "log10_eta": -1.9460610846230044, "log10_lambda": -0.6409516659615271, "log10_min_child_weight": 2.7971077674040767, "log10_subsample": -0.4250903421717339, "max_depth": 8.0, "num_boost_round": 15.0}, "datetime": {"datetime": "2024-01-19 01:59:57", "elapsed": 6494.900026, "delta": 0.005319}}
{"target": -17.67200345711025, "params": {"gamma": 615.8322345083133, "log10_alpha": -4.998263322843647, "log10_colsample_bytree": -0.8128012873827972, "log10_eta": -1.9460610846230044, "log10_lambda": -0.6409516659615271, "log10_min_child_weight": 2.7971077674040767, "log10_subsample": -0.4250903421717339, "max_depth": 8.0, "num_boost_round": 16.0}, "datetime": {"datetime": "2024-01-19 01:59:57", "elapsed": 6494.905365, "delta": 0.005339}}
{"target": -17.67138824384141, "params": {"gamma": 615.8322345083133, "log10_alpha": -4.998263322843647, "log10_colsample_bytree": -0.8128012873827972, "log10_eta": -1.9460610846230044, "log10_lambda": -0.6409516659615271, "log10_min_child_weight": 2.7971077674040767, "log10_subsample": -0.4250903421717339, "max_depth": 8.0, "num_boost_round": 17.0}, "datetime": {"datetime": "2024-01-19 01:59:57", "elapsed": 6494.910851, "delta": 0.005486}}
{"target": -17.67111492408617, "params": {"gamma": 615.8322345083133, "log10_alpha": -4.998263322843647, "log10_colsample_bytree": -0.8128012873827972, "log10_eta": -1.9460610846230044, "log10_lambda": -0.6409516659615271, "log10_min_child_weight": 2.7971077674040767, "log10_subsample": -0.4250903421717339, "max_depth": 8.0, "num_boost_round": 18.0}, "datetime": {"datetime": "2024-01-19 01:59:57", "elapsed": 6494.916119, "delta": 0.005268}}
{"target": -17.671164072053635, "params": {"gamma": 615.8322345083133, "log10_alpha": -4.998263322843647, "log10_colsample_bytree": -0.8128012873827972, "log10_eta": -1.9460610846230044, "log10_lambda": -0.6409516659615271, "log10_min_child_weight": 2.7971077674040767, "log10_subsample": -0.4250903421717339, "max_depth": 8.0, "num_boost_round": 19.0}, "datetime": {"datetime": "2024-01-19 01:59:57", "elapsed": 6494.921436, "delta": 0.005317}}
{"target": -17.670815422289877, "params": {"gamma": 615.8322345083133, "log10_alpha": -4.998263322843647, "log10_colsample_bytree": -0.8128012873827972, "log10_eta": -1.9460610846230044, "log10_lambda": -0.6409516659615271, "log10_min_child_weight": 2.7971077674040767, "log10_subsample": -0.4250903421717339, "max_depth": 8.0, "num_boost_round": 20.0}, "datetime": {"datetime": "2024-01-19 01:59:57", "elapsed": 6494.926757, "delta": 0.005321}}
{"target": -17.670587654385198, "params": {"gamma": 615.8322345083133, "log10_alpha": -4.998263322843647, "log10_colsample_bytree": -0.8128012873827972, "log10_eta": -1.9460610846230044, "log10_lambda": -0.6409516659615271, "log10_min_child_weight": 2.7971077674040767, "log10_subsample": -0.4250903421717339, "max_depth": 8.0, "num_boost_round": 21.0}, "datetime": {"datetime": "2024-01-19 01:59:57", "elapsed": 6494.932057, "delta": 0.0053}}
{"target": -17.67017423522877, "params": {"gamma": 615.8322345083133, "log10_alpha": -4.998263322843647, "log10_colsample_bytree": -0.8128012873827972, "log10_eta": -1.9460610846230044, "log10_lambda": -0.6409516659615271, "log10_min_child_weight": 2.7971077674040767, "log10_subsample": -0.4250903421717339, "max_depth": 8.0, "num_boost_round": 22.0}, "datetime": {"datetime": "2024-01-19 01:59:57", "elapsed": 6494.93743, "delta": 0.005373}}
{"target": -17.669965210852503, "params": {"gamma": 615.8322345083133, "log10_alpha": -4.998263322843647, "log10_colsample_bytree": -0.8128012873827972, "log10_eta": -1.9460610846230044, "log10_lambda": -0.6409516659615271, "log10_min_child_weight": 2.7971077674040767, "log10_subsample": -0.4250903421717339, "max_depth": 8.0, "num_boost_round": 23.0}, "datetime": {"datetime": "2024-01-19 01:59:57", "elapsed": 6494.942905, "delta": 0.005475}}
{"target": -17.669755958984766, "params": {"gamma": 615.8322345083133, "log10_alpha": -4.998263322843647, "log10_colsample_bytree": -0.8128012873827972, "log10_eta": -1.9460610846230044, "log10_lambda": -0.6409516659615271, "log10_min_child_weight": 2.7971077674040767, "log10_subsample": -0.4250903421717339, "max_depth": 8.0, "num_boost_round": 24.0}, "datetime": {"datetime": "2024-01-19 01:59:57", "elapsed": 6494.948177, "delta": 0.005272}}
{"target": -17.669342963543084, "params": {"gamma": 615.8322345083133, "log10_alpha": -4.998263322843647, "log10_colsample_bytree": -0.8128012873827972, "log10_eta": -1.9460610846230044, "log10_lambda": -0.6409516659615271, "log10_min_child_weight": 2.7971077674040767, "log10_subsample": -0.4250903421717339, "max_depth": 8.0, "num_boost_round": 25.0}, "datetime": {"datetime": "2024-01-19 01:59:57", "elapsed": 6494.953468, "delta": 0.005291}}
{"target": -17.669196054120707, "params": {"gamma": 615.8322345083133, "log10_alpha": -4.998263322843647, "log10_colsample_bytree": -0.8128012873827972, "log10_eta": -1.9460610846230044, "log10_lambda": -0.6409516659615271, "log10_min_child_weight": 2.7971077674040767, "log10_subsample": -0.4250903421717339, "max_depth": 8.0, "num_boost_round": 26.0}, "datetime": {"datetime": "2024-01-19 01:59:57", "elapsed": 6494.958745, "delta": 0.005277}}
{"target": -17.66958735560096, "params": {"gamma": 615.8322345083133, "log10_alpha": -4.998263322843647, "log10_colsample_bytree": -0.8128012873827972, "log10_eta": -1.9460610846230044, "log10_lambda": -0.6409516659615271, "log10_min_child_weight": 2.7971077674040767, "log10_subsample": -0.4250903421717339, "max_depth": 8.0, "num_boost_round": 27.0}, "datetime": {"datetime": "2024-01-19 01:59:57", "elapsed": 6494.964096, "delta": 0.005351}}
{"target": -17.669223399316444, "params": {"gamma": 615.8322345083133, "log10_alpha": -4.998263322843647, "log10_colsample_bytree": -0.8128012873827972, "log10_eta": -1.9460610846230044, "log10_lambda": -0.6409516659615271, "log10_min_child_weight": 2.7971077674040767, "log10_subsample": -0.4250903421717339, "max_depth": 8.0, "num_boost_round": 28.0}, "datetime": {"datetime": "2024-01-19 01:59:57", "elapsed": 6494.96942, "delta": 0.005324}}
{"target": -17.668931817786515, "params": {"gamma": 615.8322345083133, "log10_alpha": -4.998263322843647, "log10_colsample_bytree": -0.8128012873827972, "log10_eta": -1.9460610846230044, "log10_lambda": -0.6409516659615271, "log10_min_child_weight": 2.7971077674040767, "log10_subsample": -0.4250903421717339, "max_depth": 8.0, "num_boost_round": 29.0}, "datetime": {"datetime": "2024-01-19 01:59:57", "elapsed": 6494.974886, "delta": 0.005466}}
{"target": -17.66883486594228, "params": {"gamma": 615.8322345083133, "log10_alpha": -4.998263322843647, "log10_colsample_bytree": -0.8128012873827972, "log10_eta": -1.9460610846230044, "log10_lambda": -0.6409516659615271, "log10_min_child_weight": 2.7971077674040767, "log10_subsample": -0.4250903421717339, "max_depth": 8.0, "num_boost_round": 30.0}, "datetime": {"datetime": "2024-01-19 01:59:57", "elapsed": 6494.981133, "delta": 0.006247}}
{"target": -17.668321019552405, "params": {"gamma": 615.8322345083133, "log10_alpha": -4.998263322843647, "log10_colsample_bytree": -0.8128012873827972, "log10_eta": -1.9460610846230044, "log10_lambda": -0.6409516659615271, "log10_min_child_weight": 2.7971077674040767, "log10_subsample": -0.4250903421717339, "max_depth": 8.0, "num_boost_round": 31.0}, "datetime": {"datetime": "2024-01-19 01:59:57", "elapsed": 6494.986709, "delta": 0.005576}}
{"target": -17.668474784544646, "params": {"gamma": 615.8322345083133, "log10_alpha": -4.998263322843647, "log10_colsample_bytree": -0.8128012873827972, "log10_eta": -1.9460610846230044, "log10_lambda": -0.6409516659615271, "log10_min_child_weight": 2.7971077674040767, "log10_subsample": -0.4250903421717339, "max_depth": 8.0, "num_boost_round": 32.0}, "datetime": {"datetime": "2024-01-19 01:59:57", "elapsed": 6494.992125, "delta": 0.005416}}
{"target": -17.668358349840986, "params": {"gamma": 615.8322345083133, "log10_alpha": -4.998263322843647, "log10_colsample_bytree": -0.8128012873827972, "log10_eta": -1.9460610846230044, "log10_lambda": -0.6409516659615271, "log10_min_child_weight": 2.7971077674040767, "log10_subsample": -0.4250903421717339, "max_depth": 8.0, "num_boost_round": 33.0}, "datetime": {"datetime": "2024-01-19 01:59:57", "elapsed": 6494.997438, "delta": 0.005313}}
{"target": -17.668022540794112, "params": {"gamma": 615.8322345083133, "log10_alpha": -4.998263322843647, "log10_colsample_bytree": -0.8128012873827972, "log10_eta": -1.9460610846230044, "log10_lambda": -0.6409516659615271, "log10_min_child_weight": 2.7971077674040767, "log10_subsample": -0.4250903421717339, "max_depth": 8.0, "num_boost_round": 34.0}, "datetime": {"datetime": "2024-01-19 01:59:57", "elapsed": 6495.002776, "delta": 0.005338}}
{"target": -17.66794695697067, "params": {"gamma": 615.8322345083133, "log10_alpha": -4.998263322843647, "log10_colsample_bytree": -0.8128012873827972, "log10_eta": -1.9460610846230044, "log10_lambda": -0.6409516659615271, "log10_min_child_weight": 2.7971077674040767, "log10_subsample": -0.4250903421717339, "max_depth": 8.0, "num_boost_round": 35.0}, "datetime": {"datetime": "2024-01-19 01:59:57", "elapsed": 6495.008255, "delta": 0.005479}}
{"target": -17.668032159492714, "params": {"gamma": 615.8322345083133, "log10_alpha": -4.998263322843647, "log10_colsample_bytree": -0.8128012873827972, "log10_eta": -1.9460610846230044, "log10_lambda": -0.6409516659615271, "log10_min_child_weight": 2.7971077674040767, "log10_subsample": -0.4250903421717339, "max_depth": 8.0, "num_boost_round": 36.0}, "datetime": {"datetime": "2024-01-19 01:59:57", "elapsed": 6495.013598, "delta": 0.005343}}
{"target": -17.668065163610827, "params": {"gamma": 615.8322345083133, "log10_alpha": -4.998263322843647, "log10_colsample_bytree": -0.8128012873827972, "log10_eta": -1.9460610846230044, "log10_lambda": -0.6409516659615271, "log10_min_child_weight": 2.7971077674040767, "log10_subsample": -0.4250903421717339, "max_depth": 8.0, "num_boost_round": 37.0}, "datetime": {"datetime": "2024-01-19 01:59:57", "elapsed": 6495.019019, "delta": 0.005421}}
{"target": -17.667851067010037, "params": {"gamma": 615.8322345083133, "log10_alpha": -4.998263322843647, "log10_colsample_bytree": -0.8128012873827972, "log10_eta": -1.9460610846230044, "log10_lambda": -0.6409516659615271, "log10_min_child_weight": 2.7971077674040767, "log10_subsample": -0.4250903421717339, "max_depth": 8.0, "num_boost_round": 38.0}, "datetime": {"datetime": "2024-01-19 01:59:57", "elapsed": 6495.024345, "delta": 0.005326}}
{"target": -17.668063154898686, "params": {"gamma": 615.8322345083133, "log10_alpha": -4.998263322843647, "log10_colsample_bytree": -0.8128012873827972, "log10_eta": -1.9460610846230044, "log10_lambda": -0.6409516659615271, "log10_min_child_weight": 2.7971077674040767, "log10_subsample": -0.4250903421717339, "max_depth": 8.0, "num_boost_round": 39.0}, "datetime": {"datetime": "2024-01-19 01:59:57", "elapsed": 6495.029682, "delta": 0.005337}}
{"target": -17.668370409823805, "params": {"gamma": 615.8322345083133, "log10_alpha": -4.998263322843647, "log10_colsample_bytree": -0.8128012873827972, "log10_eta": -1.9460610846230044, "log10_lambda": -0.6409516659615271, "log10_min_child_weight": 2.7971077674040767, "log10_subsample": -0.4250903421717339, "max_depth": 8.0, "num_boost_round": 40.0}, "datetime": {"datetime": "2024-01-19 01:59:57", "elapsed": 6495.035072, "delta": 0.00539}}
{"target": -17.668849829921733, "params": {"gamma": 615.8322345083133, "log10_alpha": -4.998263322843647, "log10_colsample_bytree": -0.8128012873827972, "log10_eta": -1.9460610846230044, "log10_lambda": -0.6409516659615271, "log10_min_child_weight": 2.7971077674040767, "log10_subsample": -0.4250903421717339, "max_depth": 8.0, "num_boost_round": 41.0}, "datetime": {"datetime": "2024-01-19 01:59:57", "elapsed": 6495.040595, "delta": 0.005523}}
{"target": -17.66915183789531, "params": {"gamma": 615.8322345083133, "log10_alpha": -4.998263322843647, "log10_colsample_bytree": -0.8128012873827972, "log10_eta": -1.9460610846230044, "log10_lambda": -0.6409516659615271, "log10_min_child_weight": 2.7971077674040767, "log10_subsample": -0.4250903421717339, "max_depth": 8.0, "num_boost_round": 42.0}, "datetime": {"datetime": "2024-01-19 01:59:57", "elapsed": 6495.045908, "delta": 0.005313}}
{"target": -17.669169569271364, "params": {"gamma": 615.8322345083133, "log10_alpha": -4.998263322843647, "log10_colsample_bytree": -0.8128012873827972, "log10_eta": -1.9460610846230044, "log10_lambda": -0.6409516659615271, "log10_min_child_weight": 2.7971077674040767, "log10_subsample": -0.4250903421717339, "max_depth": 8.0, "num_boost_round": 43.0}, "datetime": {"datetime": "2024-01-19 01:59:57", "elapsed": 6495.051219, "delta": 0.005311}}
