{"target": -17.677113520586413, "params": {"gamma": 612.3232681347602, "log10_alpha": -4.469186886464264, "log10_colsample_bytree": -0.09886614300150098, "log10_eta": -2.747495731603046, "log10_lambda": -0.1609661795399866, "log10_min_child_weight": 4.508460968643581, "log10_subsample": -0.05468702924054236, "max_depth": 3.0, "num_boost_round": 41.0}, "datetime": {"datetime": "2024-01-19 01:56:06", "elapsed": 6263.608368, "delta": 0.0053}}
{"target": -17.677155588814813, "params": {"gamma": 612.3232681347602, "log10_alpha": -4.469186886464264, "log10_colsample_bytree": -0.09886614300150098, "log10_eta": -2.747495731603046, "log10_lambda": -0.1609661795399866, "log10_min_child_weight": 4.508460968643581, "log10_subsample": -0.05468702924054236, "max_depth": 3.0, "num_boost_round": 42.0}, "datetime": {"datetime": "2024-01-19 01:56:06", "elapsed": 6263.613621, "delta": 0.005253}}
{"target": -17.677147013746687, "params": {"gamma": 612.3232681347602, "log10_alpha": -4.469186886464264, "log10_colsample_bytree": -0.09886614300150098, "log10_eta": -2.747495731603046, "log10_lambda": -0.1609661795399866, "log10_min_child_weight": 4.508460968643581, "log10_subsample": -0.05468702924054236, "max_depth": 3.0, "num_boost_round": 43.0}, "datetime": {"datetime": "2024-01-19 01:56:06", "elapsed": 6263.618939, "delta": 0.005318}}
{"target": -17.677137514694753, "params": {"gamma": 612.3232681347602, "log10_alpha": -4.469186886464264, "log10_colsample_bytree": -0.09886614300150098, "log10_eta": -2.747495731603046, "log10_lambda": -0.1609661795399866, "log10_min_child_weight": 4.508460968643581, "log10_subsample": -0.05468702924054236, "max_depth": 3.0, "num_boost_round": 44.0}, "datetime": {"datetime": "2024-01-19 01:56:06", "elapsed": 6263.62435, "delta": 0.005411}}
{"target": -17.67713541563973, "params": {"gamma": 612.3232681347602, "log10_alpha": -4.469186886464264, "log10_colsample_bytree": -0.09886614300150098, "log10_eta": -2.747495731603046, "log10_lambda": -0.1609661795399866, "log10_min_child_weight": 4.508460968643581, "log10_subsample": -0.05468702924054236, "max_depth": 3.0, "num_boost_round": 45.0}, "datetime": {"datetime": "2024-01-19 01:56:06", "elapsed": 6263.629903, "delta": 0.005553}}
{"target": -17.677223698439082, "params": {"gamma": 611.1668649277518, "log10_alpha": -1.8351120104394658, "log10_colsample_bytree": -0.7861058619544536, "log10_eta": -3.738231415685268, "log10_lambda": -4.2812196818335835, "log10_min_child_weight": 3.656032899846661, "log10_subsample": -0.03522974563135328, "max_depth": 8.0, "num_boost_round": 0.0}, "datetime": {"datetime": "2024-01-19 01:57:17", "elapsed": 6334.369986, "delta": 70.740083}}
{"target": -17.67722400410328, "params": {"gamma": 611.1668649277518, "log10_alpha": -1.8351120104394658, "log10_colsample_bytree": -0.7861058619544536, "log10_eta": -3.738231415685268, "log10_lambda": -4.2812196818335835, "log10_min_child_weight": 3.656032899846661, "log10_subsample": -0.03522974563135328, "max_depth": 8.0, "num_boost_round": 1.0}, "datetime": {"datetime": "2024-01-19 01:57:17", "elapsed": 6334.376194, "delta": 0.006208}}
{"target": -17.677214547631728, "params": {"gamma": 611.1668649277518, "log10_alpha": -1.8351120104394658, "log10_colsample_bytree": -0.7861058619544536, "log10_eta": -3.738231415685268, "log10_lambda": -4.2812196818335835, "log10_min_child_weight": 3.656032899846661, "log10_subsample": -0.03522974563135328, "max_depth": 8.0, "num_boost_round": 2.0}, "datetime": {"datetime": "2024-01-19 01:57:17", "elapsed": 6334.381501, "delta": 0.005307}}
{"target": -17.677217283079088, "params": {"gamma": 611.1668649277518, "log10_alpha": -1.8351120104394658, "log10_colsample_bytree": -0.7861058619544536, "log10_eta": -3.738231415685268, "log10_lambda": -4.2812196818335835, "log10_min_child_weight": 3.656032899846661, "log10_subsample": -0.03522974563135328, "max_depth": 8.0, "num_boost_round": 3.0}, "datetime": {"datetime": "2024-01-19 01:57:17", "elapsed": 6334.386815, "delta": 0.005314}}
{"target": -17.677211122075782, "params": {"gamma": 611.1668649277518, "log10_alpha": -1.8351120104394658, "log10_colsample_bytree": -0.7861058619544536, "log10_eta": -3.738231415685268, "log10_lambda": -4.2812196818335835, "log10_min_child_weight": 3.656032899846661, "log10_subsample": -0.03522974563135328, "max_depth": 8.0, "num_boost_round": 4.0}, "datetime": {"datetime": "2024-01-19 01:57:17", "elapsed": 6334.392105, "delta": 0.00529}}
{"target": -17.677203600288752, "params": {"gamma": 611.1668649277518, "log10_alpha": -1.8351120104394658, "log10_colsample_bytree": -0.7861058619544536, "log10_eta": -3.738231415685268, "log10_lambda": -4.2812196818335835, "log10_min_child_weight": 3.656032899846661, "log10_subsample": -0.03522974563135328, "max_depth": 8.0, "num_boost_round": 5.0}, "datetime": {"datetime": "2024-01-19 01:57:17", "elapsed": 6334.397616, "delta": 0.005511}}
{"target": -17.677202097587145, "params": {"gamma": 611.1668649277518, "log10_alpha": -1.8351120104394658, "log10_colsample_bytree": -0.7861058619544536, "log10_eta": -3.738231415685268, "log10_lambda": -4.2812196818335835, "log10_min_child_weight": 3.656032899846661, "log10_subsample": -0.03522974563135328, "max_depth": 8.0, "num_boost_round": 6.0}, "datetime": {"datetime": "2024-01-19 01:57:17", "elapsed": 6334.402754, "delta": 0.005138}}
{"target": -17.67718856936502, "params": {"gamma": 611.1668649277518, "log10_alpha": -1.8351120104394658, "log10_colsample_bytree": -0.7861058619544536, "log10_eta": -3.738231415685268, "log10_lambda": -4.2812196818335835, "log10_min_child_weight": 3.656032899846661, "log10_subsample": -0.03522974563135328, "max_depth": 8.0, "num_boost_round": 7.0}, "datetime": {"datetime": "2024-01-19 01:57:17", "elapsed": 6334.40791, "delta": 0.005156}}
{"target": -17.677190007050452, "params": {"gamma": 611.1668649277518, "log10_alpha": -1.8351120104394658, "log10_colsample_bytree": -0.7861058619544536, "log10_eta": -3.738231415685268, "log10_lambda": -4.2812196818335835, "log10_min_child_weight": 3.656032899846661, "log10_subsample": -0.03522974563135328, "max_depth": 8.0, "num_boost_round": 8.0}, "datetime": {"datetime": "2024-01-19 01:57:17", "elapsed": 6334.413098, "delta": 0.005188}}
{"target": -17.677186723206564, "params": {"gamma": 611.1668649277518, "log10_alpha": -1.8351120104394658, "log10_colsample_bytree": -0.7861058619544536, "log10_eta": -3.738231415685268, "log10_lambda": -4.2812196818335835, "log10_min_child_weight": 3.656032899846661, "log10_subsample": -0.03522974563135328, "max_depth": 8.0, "num_boost_round": 9.0}, "datetime": {"datetime": "2024-01-19 01:57:17", "elapsed": 6334.418311, "delta": 0.005213}}
{"target": -17.67718220272045, "params": {"gamma": 611.1668649277518, "log10_alpha": -1.8351120104394658, "log10_colsample_bytree": -0.7861058619544536, "log10_eta": -3.738231415685268, "log10_lambda": -4.2812196818335835, "log10_min_child_weight": 3.656032899846661, "log10_subsample": -0.03522974563135328, "max_depth": 8.0, "num_boost_round": 10.0}, "datetime": {"datetime": "2024-01-19 01:57:17", "elapsed": 6334.423529, "delta": 0.005218}}
{"target": -17.677176450223175, "params": {"gamma": 611.1668649277518, "log10_alpha": -1.8351120104394658, "log10_colsample_bytree": -0.7861058619544536, "log10_eta": -3.738231415685268, "log10_lambda": -4.2812196818335835, "log10_min_child_weight": 3.656032899846661, "log10_subsample": -0.03522974563135328, "max_depth": 8.0, "num_boost_round": 11.0}, "datetime": {"datetime": "2024-01-19 01:57:17", "elapsed": 6334.428921, "delta": 0.005392}}
{"target": -17.677165854437952, "params": {"gamma": 611.1668649277518, "log10_alpha": -1.8351120104394658, "log10_colsample_bytree": -0.7861058619544536, "log10_eta": -3.738231415685268, "log10_lambda": -4.2812196818335835, "log10_min_child_weight": 3.656032899846661, "log10_subsample": -0.03522974563135328, "max_depth": 8.0, "num_boost_round": 12.0}, "datetime": {"datetime": "2024-01-19 01:57:17", "elapsed": 6334.434086, "delta": 0.005165}}
{"target": -17.677152512030673, "params": {"gamma": 611.1668649277518, "log10_alpha": -1.8351120104394658, "log10_colsample_bytree": -0.7861058619544536, "log10_eta": -3.738231415685268, "log10_lambda": -4.2812196818335835, "log10_min_child_weight": 3.656032899846661, "log10_subsample": -0.03522974563135328, "max_depth": 8.0, "num_boost_round": 13.0}, "datetime": {"datetime": "2024-01-19 01:57:17", "elapsed": 6334.439292, "delta": 0.005206}}
{"target": -17.677149477022038, "params": {"gamma": 611.1668649277518, "log10_alpha": -1.8351120104394658, "log10_colsample_bytree": -0.7861058619544536, "log10_eta": -3.738231415685268, "log10_lambda": -4.2812196818335835, "log10_min_child_weight": 3.656032899846661, "log10_subsample": -0.03522974563135328, "max_depth": 8.0, "num_boost_round": 14.0}, "datetime": {"datetime": "2024-01-19 01:57:17", "elapsed": 6334.444483, "delta": 0.005191}}
{"target": -17.677142803099734, "params": {"gamma": 611.1668649277518, "log10_alpha": -1.8351120104394658, "log10_colsample_bytree": -0.7861058619544536, "log10_eta": -3.738231415685268, "log10_lambda": -4.2812196818335835, "log10_min_child_weight": 3.656032899846661, "log10_subsample": -0.03522974563135328, "max_depth": 8.0, "num_boost_round": 15.0}, "datetime": {"datetime": "2024-01-19 01:57:17", "elapsed": 6334.449708, "delta": 0.005225}}
{"target": -17.67714090873417, "params": {"gamma": 611.1668649277518, "log10_alpha": -1.8351120104394658, "log10_colsample_bytree": -0.7861058619544536, "log10_eta": -3.738231415685268, "log10_lambda": -4.2812196818335835, "log10_min_child_weight": 3.656032899846661, "log10_subsample": -0.03522974563135328, "max_depth": 8.0, "num_boost_round": 16.0}, "datetime": {"datetime": "2024-01-19 01:57:17", "elapsed": 6334.454929, "delta": 0.005221}}
{"target": -17.677141359902965, "params": {"gamma": 611.1668649277518, "log10_alpha": -1.8351120104394658, "log10_colsample_bytree": -0.7861058619544536, "log10_eta": -3.738231415685268, "log10_lambda": -4.2812196818335835, "log10_min_child_weight": 3.656032899846661, "log10_subsample": -0.03522974563135328, "max_depth": 8.0, "num_boost_round": 17.0}, "datetime": {"datetime": "2024-01-19 01:57:17", "elapsed": 6334.460329, "delta": 0.0054}}
{"target": -17.677139430137235, "params": {"gamma": 611.1668649277518, "log10_alpha": -1.8351120104394658, "log10_colsample_bytree": -0.7861058619544536, "log10_eta": -3.738231415685268, "log10_lambda": -4.2812196818335835, "log10_min_child_weight": 3.656032899846661, "log10_subsample": -0.03522974563135328, "max_depth": 8.0, "num_boost_round": 18.0}, "datetime": {"datetime": "2024-01-19 01:57:17", "elapsed": 6334.465489, "delta": 0.00516}}
{"target": -17.677133046954083, "params": {"gamma": 611.1668649277518, "log10_alpha": -1.8351120104394658, "log10_colsample_bytree": -0.7861058619544536, "log10_eta": -3.738231415685268, "log10_lambda": -4.2812196818335835, "log10_min_child_weight": 3.656032899846661, "log10_subsample": -0.03522974563135328, "max_depth": 8.0, "num_boost_round": 19.0}, "datetime": {"datetime": "2024-01-19 01:57:17", "elapsed": 6334.470701, "delta": 0.005212}}
{"target": -17.67712471926231, "params": {"gamma": 611.1668649277518, "log10_alpha": -1.8351120104394658, "log10_colsample_bytree": -0.7861058619544536, "log10_eta": -3.738231415685268, "log10_lambda": -4.2812196818335835, "log10_min_child_weight": 3.656032899846661, "log10_subsample": -0.03522974563135328, "max_depth": 8.0, "num_boost_round": 20.0}, "datetime": {"datetime": "2024-01-19 01:57:17", "elapsed": 6334.475916, "delta": 0.005215}}
{"target": -17.67711159785155, "params": {"gamma": 611.1668649277518, "log10_alpha": -1.8351120104394658, "log10_colsample_bytree": -0.7861058619544536, "log10_eta": -3.738231415685268, "log10_lambda": -4.2812196818335835, "log10_min_child_weight": 3.656032899846661, "log10_subsample": -0.03522974563135328, "max_depth": 8.0, "num_boost_round": 21.0}, "datetime": {"datetime": "2024-01-19 01:57:17", "elapsed": 6334.481124, "delta": 0.005208}}
{"target": -17.67709789087855, "params": {"gamma": 611.1668649277518, "log10_alpha": -1.8351120104394658, "log10_colsample_bytree": -0.7861058619544536, "log10_eta": -3.738231415685268, "log10_lambda": -4.2812196818335835, "log10_min_child_weight": 3.656032899846661, "log10_subsample": -0.03522974563135328, "max_depth": 8.0, "num_boost_round": 22.0}, "datetime": {"datetime": "2024-01-19 01:57:17", "elapsed": 6334.486364, "delta": 0.00524}}
{"target": -17.67708149223673, "params": {"gamma": 611.1668649277518, "log10_alpha": -1.8351120104394658, "log10_colsample_bytree": -0.7861058619544536, "log10_eta": -3.738231415685268, "log10_lambda": -4.2812196818335835, "log10_min_child_weight": 3.656032899846661, "log10_subsample": -0.03522974563135328, "max_depth": 8.0, "num_boost_round": 23.0}, "datetime": {"datetime": "2024-01-19 01:57:17", "elapsed": 6334.491742, "delta": 0.005378}}
{"target": -17.677084125735053, "params": {"gamma": 611.1668649277518, "log10_alpha": -1.8351120104394658, "log10_colsample_bytree": -0.7861058619544536, "log10_eta": -3.738231415685268, "log10_lambda": -4.2812196818335835, "log10_min_child_weight": 3.656032899846661, "log10_subsample": -0.03522974563135328, "max_depth": 8.0, "num_boost_round": 24.0}, "datetime": {"datetime": "2024-01-19 01:57:17", "elapsed": 6334.496977, "delta": 0.005235}}
{"target": -17.67706924805527, "params": {"gamma": 611.1668649277518, "log10_alpha": -1.8351120104394658, "log10_colsample_bytree": -0.7861058619544536, "log10_eta": -3.738231415685268, "log10_lambda": -4.2812196818335835, "log10_min_child_weight": 3.656032899846661, "log10_subsample": -0.03522974563135328, "max_depth": 8.0, "num_boost_round": 25.0}, "datetime": {"datetime": "2024-01-19 01:57:17", "elapsed": 6334.502319, "delta": 0.005342}}
{"target": -17.677065511234307, "params": {"gamma": 611.1668649277518, "log10_alpha": -1.8351120104394658, "log10_colsample_bytree": -0.7861058619544536, "log10_eta": -3.738231415685268, "log10_lambda": -4.2812196818335835, "log10_min_child_weight": 3.656032899846661, "log10_subsample": -0.03522974563135328, "max_depth": 8.0, "num_boost_round": 26.0}, "datetime": {"datetime": "2024-01-19 01:57:17", "elapsed": 6334.50756, "delta": 0.005241}}
{"target": -17.677064399059244, "params": {"gamma": 611.1668649277518, "log10_alpha": -1.8351120104394658, "log10_colsample_bytree": -0.7861058619544536, "log10_eta": -3.738231415685268, "log10_lambda": -4.2812196818335835, "log10_min_child_weight": 3.656032899846661, "log10_subsample": -0.03522974563135328, "max_depth": 8.0, "num_boost_round": 27.0}, "datetime": {"datetime": "2024-01-19 01:57:17", "elapsed": 6334.512807, "delta": 0.005247}}
{"target": -17.67705474329201, "params": {"gamma": 611.1668649277518, "log10_alpha": -1.8351120104394658, "log10_colsample_bytree": -0.7861058619544536, "log10_eta": -3.738231415685268, "log10_lambda": -4.2812196818335835, "log10_min_child_weight": 3.656032899846661, "log10_subsample": -0.03522974563135328, "max_depth": 8.0, "num_boost_round": 28.0}, "datetime": {"datetime": "2024-01-19 01:57:17", "elapsed": 6334.518861, "delta": 0.006054}}
{"target": -17.67704280150748, "params": {"gamma": 611.1668649277518, "log10_alpha": -1.8351120104394658, "log10_colsample_bytree": -0.7861058619544536, "log10_eta": -3.738231415685268, "log10_lambda": -4.2812196818335835, "log10_min_child_weight": 3.656032899846661, "log10_subsample": -0.03522974563135328, "max_depth": 8.0, "num_boost_round": 29.0}, "datetime": {"datetime": "2024-01-19 01:57:17", "elapsed": 6334.524669, "delta": 0.005808}}
{"target": -17.677035978944264, "params": {"gamma": 611.1668649277518, "log10_alpha": -1.8351120104394658, "log10_colsample_bytree": -0.7861058619544536, "log10_eta": -3.738231415685268, "log10_lambda": -4.2812196818335835, "log10_min_child_weight": 3.656032899846661, "log10_subsample": -0.03522974563135328, "max_depth": 8.0, "num_boost_round": 30.0}, "datetime": {"datetime": "2024-01-19 01:57:17", "elapsed": 6334.529909, "delta": 0.00524}}
{"target": -17.67702545152216, "params": {"gamma": 611.1668649277518, "log10_alpha": -1.8351120104394658, "log10_colsample_bytree": -0.7861058619544536, "log10_eta": -3.738231415685268, "log10_lambda": -4.2812196818335835, "log10_min_child_weight": 3.656032899846661, "log10_subsample": -0.03522974563135328, "max_depth": 8.0, "num_boost_round": 31.0}, "datetime": {"datetime": "2024-01-19 01:57:17", "elapsed": 6334.535346, "delta": 0.005437}}
{"target": -17.677018807791033, "params": {"gamma": 611.1668649277518, "log10_alpha": -1.8351120104394658, "log10_colsample_bytree": -0.7861058619544536, "log10_eta": -3.738231415685268, "log10_lambda": -4.2812196818335835, "log10_min_child_weight": 3.656032899846661, "log10_subsample": -0.03522974563135328, "max_depth": 8.0, "num_boost_round": 32.0}, "datetime": {"datetime": "2024-01-19 01:57:17", "elapsed": 6334.540557, "delta": 0.005211}}
{"target": -17.677006778834926, "params": {"gamma": 611.1668649277518, "log10_alpha": -1.8351120104394658, "log10_colsample_bytree": -0.7861058619544536, "log10_eta": -3.738231415685268, "log10_lambda": -4.2812196818335835, "log10_min_child_weight": 3.656032899846661, "log10_subsample": -0.03522974563135328, "max_depth": 8.0, "num_boost_round": 33.0}, "datetime": {"datetime": "2024-01-19 01:57:17", "elapsed": 6334.545742, "delta": 0.005185}}
{"target": -17.677000491701527, "params": {"gamma": 611.1668649277518, "log10_alpha": -1.8351120104394658, "log10_colsample_bytree": -0.7861058619544536, "log10_eta": -3.738231415685268, "log10_lambda": -4.2812196818335835, "log10_min_child_weight": 3.656032899846661, "log10_subsample": -0.03522974563135328, "max_depth": 8.0, "num_boost_round": 34.0}, "datetime": {"datetime": "2024-01-19 01:57:17", "elapsed": 6334.551091, "delta": 0.005349}}
{"target": -17.676999241747083, "params": {"gamma": 611.1668649277518, "log10_alpha": -1.8351120104394658, "log10_colsample_bytree": -0.7861058619544536, "log10_eta": -3.738231415685268, "log10_lambda": -4.2812196818335835, "log10_min_child_weight": 3.656032899846661, "log10_subsample": -0.03522974563135328, "max_depth": 8.0, "num_boost_round": 35.0}, "datetime": {"datetime": "2024-01-19 01:57:17", "elapsed": 6334.556458, "delta": 0.005367}}
{"target": -17.67699751951011, "params": {"gamma": 611.1668649277518, "log10_alpha": -1.8351120104394658, "log10_colsample_bytree": -0.7861058619544536, "log10_eta": -3.738231415685268, "log10_lambda": -4.2812196818335835, "log10_min_child_weight": 3.656032899846661, "log10_subsample": -0.03522974563135328, "max_depth": 8.0, "num_boost_round": 36.0}, "datetime": {"datetime": "2024-01-19 01:57:17", "elapsed": 6334.561754, "delta": 0.005296}}
{"target": -17.676997008433336, "params": {"gamma": 611.1668649277518, "log10_alpha": -1.8351120104394658, "log10_colsample_bytree": -0.7861058619544536, "log10_eta": -3.738231415685268, "log10_lambda": -4.2812196818335835, "log10_min_child_weight": 3.656032899846661, "log10_subsample": -0.03522974563135328, "max_depth": 8.0, "num_boost_round": 37.0}, "datetime": {"datetime": "2024-01-19 01:57:17", "elapsed": 6334.567062, "delta": 0.005308}}
{"target": -17.676991841396944, "params": {"gamma": 611.1668649277518, "log10_alpha": -1.8351120104394658, "log10_colsample_bytree": -0.7861058619544536, "log10_eta": -3.738231415685268, "log10_lambda": -4.2812196818335835, "log10_min_child_weight": 3.656032899846661, "log10_subsample": -0.03522974563135328, "max_depth": 8.0, "num_boost_round": 38.0}, "datetime": {"datetime": "2024-01-19 01:57:17", "elapsed": 6334.573111, "delta": 0.006049}}
{"target": -17.676989478392876, "params": {"gamma": 611.1668649277518, "log10_alpha": -1.8351120104394658, "log10_colsample_bytree": -0.7861058619544536, "log10_eta": -3.738231415685268, "log10_lambda": -4.2812196818335835, "log10_min_child_weight": 3.656032899846661, "log10_subsample": -0.03522974563135328, "max_depth": 8.0, "num_boost_round": 39.0}, "datetime": {"datetime": "2024-01-19 01:57:17", "elapsed": 6334.578661, "delta": 0.00555}}
{"target": -17.67698970100549, "params": {"gamma": 611.1668649277518, "log10_alpha": -1.8351120104394658, "log10_colsample_bytree": -0.7861058619544536, "log10_eta": -3.738231415685268, "log10_lambda": -4.2812196818335835, "log10_min_child_weight": 3.656032899846661, "log10_subsample": -0.03522974563135328, "max_depth": 8.0, "num_boost_round": 40.0}, "datetime": {"datetime": "2024-01-19 01:57:17", "elapsed": 6334.584219, "delta": 0.005558}}
{"target": -17.676991410137433, "params": {"gamma": 611.1668649277518, "log10_alpha": -1.8351120104394658, "log10_colsample_bytree": -0.7861058619544536, "log10_eta": -3.738231415685268, "log10_lambda": -4.2812196818335835, "log10_min_child_weight": 3.656032899846661, "log10_subsample": -0.03522974563135328, "max_depth": 8.0, "num_boost_round": 41.0}, "datetime": {"datetime": "2024-01-19 01:57:17", "elapsed": 6334.58971, "delta": 0.005491}}
{"target": -17.67698201961397, "params": {"gamma": 611.1668649277518, "log10_alpha": -1.8351120104394658, "log10_colsample_bytree": -0.7861058619544536, "log10_eta": -3.738231415685268, "log10_lambda": -4.2812196818335835, "log10_min_child_weight": 3.656032899846661, "log10_subsample": -0.03522974563135328, "max_depth": 8.0, "num_boost_round": 42.0}, "datetime": {"datetime": "2024-01-19 01:57:17", "elapsed": 6334.594893, "delta": 0.005183}}
{"target": -17.676978676472363, "params": {"gamma": 611.1668649277518, "log10_alpha": -1.8351120104394658, "log10_colsample_bytree": -0.7861058619544536, "log10_eta": -3.738231415685268, "log10_lambda": -4.2812196818335835, "log10_min_child_weight": 3.656032899846661, "log10_subsample": -0.03522974563135328, "max_depth": 8.0, "num_boost_round": 43.0}, "datetime": {"datetime": "2024-01-19 01:57:17", "elapsed": 6334.600122, "delta": 0.005229}}
