{"target": -17.6767717429889, "params": {"gamma": 9.808235205205351, "log10_alpha": -0.07450351980448211, "log10_colsample_bytree": -0.19882437521551732, "log10_eta": -3.197589528104224, "log10_lambda": -3.242652100297299, "log10_min_child_weight": 2.262359170329718, "log10_subsample": -0.5334784535853303, "max_depth": 4.0, "num_boost_round": 16.0}, "datetime": {"datetime": "2024-01-19 02:03:37", "elapsed": 6770.986963, "delta": 0.004965}}
{"target": -17.67677223867817, "params": {"gamma": 9.808235205205351, "log10_alpha": -0.07450351980448211, "log10_colsample_bytree": -0.19882437521551732, "log10_eta": -3.197589528104224, "log10_lambda": -3.242652100297299, "log10_min_child_weight": 2.262359170329718, "log10_subsample": -0.5334784535853303, "max_depth": 4.0, "num_boost_round": 17.0}, "datetime": {"datetime": "2024-01-19 02:03:37", "elapsed": 6770.992082, "delta": 0.005119}}
{"target": -17.67720386061536, "params": {"gamma": 53.26227313938681, "log10_alpha": -1.3344826577705104, "log10_colsample_bytree": -0.935096725084266, "log10_eta": -3.0523907968867414, "log10_lambda": 0.7267507326268472, "log10_min_child_weight": 4.207906812650327, "log10_subsample": -0.1220848599984431, "max_depth": 5.0, "num_boost_round": 0.0}, "datetime": {"datetime": "2024-01-19 02:04:29", "elapsed": 6823.552227, "delta": 52.560145}}
{"target": -17.67720424733718, "params": {"gamma": 53.26227313938681, "log10_alpha": -1.3344826577705104, "log10_colsample_bytree": -0.935096725084266, "log10_eta": -3.0523907968867414, "log10_lambda": 0.7267507326268472, "log10_min_child_weight": 4.207906812650327, "log10_subsample": -0.1220848599984431, "max_depth": 5.0, "num_boost_round": 1.0}, "datetime": {"datetime": "2024-01-19 02:04:29", "elapsed": 6823.557974, "delta": 0.005747}}
{"target": -17.67719546167651, "params": {"gamma": 53.26227313938681, "log10_alpha": -1.3344826577705104, "log10_colsample_bytree": -0.935096725084266, "log10_eta": -3.0523907968867414, "log10_lambda": 0.7267507326268472, "log10_min_child_weight": 4.207906812650327, "log10_subsample": -0.1220848599984431, "max_depth": 5.0, "num_boost_round": 2.0}, "datetime": {"datetime": "2024-01-19 02:04:29", "elapsed": 6823.563311, "delta": 0.005337}}
{"target": -17.677198306129366, "params": {"gamma": 53.26227313938681, "log10_alpha": -1.3344826577705104, "log10_colsample_bytree": -0.935096725084266, "log10_eta": -3.0523907968867414, "log10_lambda": 0.7267507326268472, "log10_min_child_weight": 4.207906812650327, "log10_subsample": -0.1220848599984431, "max_depth": 5.0, "num_boost_round": 3.0}, "datetime": {"datetime": "2024-01-19 02:04:29", "elapsed": 6823.568638, "delta": 0.005327}}
{"target": -17.67717541978918, "params": {"gamma": 53.26227313938681, "log10_alpha": -1.3344826577705104, "log10_colsample_bytree": -0.935096725084266, "log10_eta": -3.0523907968867414, "log10_lambda": 0.7267507326268472, "log10_min_child_weight": 4.207906812650327, "log10_subsample": -0.1220848599984431, "max_depth": 5.0, "num_boost_round": 4.0}, "datetime": {"datetime": "2024-01-19 02:04:29", "elapsed": 6823.574245, "delta": 0.005607}}
{"target": -17.677177715899074, "params": {"gamma": 53.26227313938681, "log10_alpha": -1.3344826577705104, "log10_colsample_bytree": -0.935096725084266, "log10_eta": -3.0523907968867414, "log10_lambda": 0.7267507326268472, "log10_min_child_weight": 4.207906812650327, "log10_subsample": -0.1220848599984431, "max_depth": 5.0, "num_boost_round": 5.0}, "datetime": {"datetime": "2024-01-19 02:04:29", "elapsed": 6823.579583, "delta": 0.005338}}
{"target": -17.677182395576036, "params": {"gamma": 53.26227313938681, "log10_alpha": -1.3344826577705104, "log10_colsample_bytree": -0.935096725084266, "log10_eta": -3.0523907968867414, "log10_lambda": 0.7267507326268472, "log10_min_child_weight": 4.207906812650327, "log10_subsample": -0.1220848599984431, "max_depth": 5.0, "num_boost_round": 6.0}, "datetime": {"datetime": "2024-01-19 02:04:29", "elapsed": 6823.584879, "delta": 0.005296}}
{"target": -17.67717019101963, "params": {"gamma": 53.26227313938681, "log10_alpha": -1.3344826577705104, "log10_colsample_bytree": -0.935096725084266, "log10_eta": -3.0523907968867414, "log10_lambda": 0.7267507326268472, "log10_min_child_weight": 4.207906812650327, "log10_subsample": -0.1220848599984431, "max_depth": 5.0, "num_boost_round": 7.0}, "datetime": {"datetime": "2024-01-19 02:04:29", "elapsed": 6823.590064, "delta": 0.005185}}
{"target": -17.677170371073014, "params": {"gamma": 53.26227313938681, "log10_alpha": -1.3344826577705104, "log10_colsample_bytree": -0.935096725084266, "log10_eta": -3.0523907968867414, "log10_lambda": 0.7267507326268472, "log10_min_child_weight": 4.207906812650327, "log10_subsample": -0.1220848599984431, "max_depth": 5.0, "num_boost_round": 8.0}, "datetime": {"datetime": "2024-01-19 02:04:29", "elapsed": 6823.595261, "delta": 0.005197}}
{"target": -17.67716437460365, "params": {"gamma": 53.26227313938681, "log10_alpha": -1.3344826577705104, "log10_colsample_bytree": -0.935096725084266, "log10_eta": -3.0523907968867414, "log10_lambda": 0.7267507326268472, "log10_min_child_weight": 4.207906812650327, "log10_subsample": -0.1220848599984431, "max_depth": 5.0, "num_boost_round": 9.0}, "datetime": {"datetime": "2024-01-19 02:04:29", "elapsed": 6823.604666, "delta": 0.009405}}
{"target": -17.677161699252313, "params": {"gamma": 53.26227313938681, "log10_alpha": -1.3344826577705104, "log10_colsample_bytree": -0.935096725084266, "log10_eta": -3.0523907968867414, "log10_lambda": 0.7267507326268472, "log10_min_child_weight": 4.207906812650327, "log10_subsample": -0.1220848599984431, "max_depth": 5.0, "num_boost_round": 10.0}, "datetime": {"datetime": "2024-01-19 02:04:29", "elapsed": 6823.610103, "delta": 0.005437}}
{"target": -17.67715095232434, "params": {"gamma": 53.26227313938681, "log10_alpha": -1.3344826577705104, "log10_colsample_bytree": -0.935096725084266, "log10_eta": -3.0523907968867414, "log10_lambda": 0.7267507326268472, "log10_min_child_weight": 4.207906812650327, "log10_subsample": -0.1220848599984431, "max_depth": 5.0, "num_boost_round": 11.0}, "datetime": {"datetime": "2024-01-19 02:04:29", "elapsed": 6823.615147, "delta": 0.005044}}
{"target": -17.677120498398857, "params": {"gamma": 53.26227313938681, "log10_alpha": -1.3344826577705104, "log10_colsample_bytree": -0.935096725084266, "log10_eta": -3.0523907968867414, "log10_lambda": 0.7267507326268472, "log10_min_child_weight": 4.207906812650327, "log10_subsample": -0.1220848599984431, "max_depth": 5.0, "num_boost_round": 12.0}, "datetime": {"datetime": "2024-01-19 02:04:29", "elapsed": 6823.620293, "delta": 0.005146}}
{"target": -17.677104586259503, "params": {"gamma": 53.26227313938681, "log10_alpha": -1.3344826577705104, "log10_colsample_bytree": -0.935096725084266, "log10_eta": -3.0523907968867414, "log10_lambda": 0.7267507326268472, "log10_min_child_weight": 4.207906812650327, "log10_subsample": -0.1220848599984431, "max_depth": 5.0, "num_boost_round": 13.0}, "datetime": {"datetime": "2024-01-19 02:04:29", "elapsed": 6823.625544, "delta": 0.005251}}
{"target": -17.67723128417369, "params": {"gamma": 56.89522496647192, "log10_alpha": -1.4017391973319588, "log10_colsample_bytree": -0.6295319432958069, "log10_eta": -3.8746001635773855, "log10_lambda": -1.2746995047213425, "log10_min_child_weight": 1.9919939172355887, "log10_subsample": -0.2807182715985056, "max_depth": 4.0, "num_boost_round": 0.0}, "datetime": {"datetime": "2024-01-19 02:05:44", "elapsed": 6898.210376, "delta": 74.584832}}
{"target": -17.67722220810854, "params": {"gamma": 56.89522496647192, "log10_alpha": -1.4017391973319588, "log10_colsample_bytree": -0.6295319432958069, "log10_eta": -3.8746001635773855, "log10_lambda": -1.2746995047213425, "log10_min_child_weight": 1.9919939172355887, "log10_subsample": -0.2807182715985056, "max_depth": 4.0, "num_boost_round": 1.0}, "datetime": {"datetime": "2024-01-19 02:05:44", "elapsed": 6898.21613, "delta": 0.005754}}
{"target": -17.677214352324206, "params": {"gamma": 56.89522496647192, "log10_alpha": -1.4017391973319588, "log10_colsample_bytree": -0.6295319432958069, "log10_eta": -3.8746001635773855, "log10_lambda": -1.2746995047213425, "log10_min_child_weight": 1.9919939172355887, "log10_subsample": -0.2807182715985056, "max_depth": 4.0, "num_boost_round": 2.0}, "datetime": {"datetime": "2024-01-19 02:05:44", "elapsed": 6898.221547, "delta": 0.005417}}
{"target": -17.677214814995907, "params": {"gamma": 56.89522496647192, "log10_alpha": -1.4017391973319588, "log10_colsample_bytree": -0.6295319432958069, "log10_eta": -3.8746001635773855, "log10_lambda": -1.2746995047213425, "log10_min_child_weight": 1.9919939172355887, "log10_subsample": -0.2807182715985056, "max_depth": 4.0, "num_boost_round": 3.0}, "datetime": {"datetime": "2024-01-19 02:05:44", "elapsed": 6898.226788, "delta": 0.005241}}
{"target": -17.677211153689914, "params": {"gamma": 56.89522496647192, "log10_alpha": -1.4017391973319588, "log10_colsample_bytree": -0.6295319432958069, "log10_eta": -3.8746001635773855, "log10_lambda": -1.2746995047213425, "log10_min_child_weight": 1.9919939172355887, "log10_subsample": -0.2807182715985056, "max_depth": 4.0, "num_boost_round": 4.0}, "datetime": {"datetime": "2024-01-19 02:05:44", "elapsed": 6898.23219, "delta": 0.005402}}
{"target": -17.677207745885116, "params": {"gamma": 56.89522496647192, "log10_alpha": -1.4017391973319588, "log10_colsample_bytree": -0.6295319432958069, "log10_eta": -3.8746001635773855, "log10_lambda": -1.2746995047213425, "log10_min_child_weight": 1.9919939172355887, "log10_subsample": -0.2807182715985056, "max_depth": 4.0, "num_boost_round": 5.0}, "datetime": {"datetime": "2024-01-19 02:05:44", "elapsed": 6898.237305, "delta": 0.005115}}
{"target": -17.677202449483765, "params": {"gamma": 56.89522496647192, "log10_alpha": -1.4017391973319588, "log10_colsample_bytree": -0.6295319432958069, "log10_eta": -3.8746001635773855, "log10_lambda": -1.2746995047213425, "log10_min_child_weight": 1.9919939172355887, "log10_subsample": -0.2807182715985056, "max_depth": 4.0, "num_boost_round": 6.0}, "datetime": {"datetime": "2024-01-19 02:05:44", "elapsed": 6898.242412, "delta": 0.005107}}
{"target": -17.677194284777414, "params": {"gamma": 56.89522496647192, "log10_alpha": -1.4017391973319588, "log10_colsample_bytree": -0.6295319432958069, "log10_eta": -3.8746001635773855, "log10_lambda": -1.2746995047213425, "log10_min_child_weight": 1.9919939172355887, "log10_subsample": -0.2807182715985056, "max_depth": 4.0, "num_boost_round": 7.0}, "datetime": {"datetime": "2024-01-19 02:05:44", "elapsed": 6898.247632, "delta": 0.00522}}
{"target": -17.67719143759793, "params": {"gamma": 56.89522496647192, "log10_alpha": -1.4017391973319588, "log10_colsample_bytree": -0.6295319432958069, "log10_eta": -3.8746001635773855, "log10_lambda": -1.2746995047213425, "log10_min_child_weight": 1.9919939172355887, "log10_subsample": -0.2807182715985056, "max_depth": 4.0, "num_boost_round": 8.0}, "datetime": {"datetime": "2024-01-19 02:05:44", "elapsed": 6898.252908, "delta": 0.005276}}
{"target": -17.67718684294663, "params": {"gamma": 56.89522496647192, "log10_alpha": -1.4017391973319588, "log10_colsample_bytree": -0.6295319432958069, "log10_eta": -3.8746001635773855, "log10_lambda": -1.2746995047213425, "log10_min_child_weight": 1.9919939172355887, "log10_subsample": -0.2807182715985056, "max_depth": 4.0, "num_boost_round": 9.0}, "datetime": {"datetime": "2024-01-19 02:05:44", "elapsed": 6898.258323, "delta": 0.005415}}
{"target": -17.67718062517801, "params": {"gamma": 56.89522496647192, "log10_alpha": -1.4017391973319588, "log10_colsample_bytree": -0.6295319432958069, "log10_eta": -3.8746001635773855, "log10_lambda": -1.2746995047213425, "log10_min_child_weight": 1.9919939172355887, "log10_subsample": -0.2807182715985056, "max_depth": 4.0, "num_boost_round": 10.0}, "datetime": {"datetime": "2024-01-19 02:05:44", "elapsed": 6898.263907, "delta": 0.005584}}
{"target": -17.677182534345835, "params": {"gamma": 56.89522496647192, "log10_alpha": -1.4017391973319588, "log10_colsample_bytree": -0.6295319432958069, "log10_eta": -3.8746001635773855, "log10_lambda": -1.2746995047213425, "log10_min_child_weight": 1.9919939172355887, "log10_subsample": -0.2807182715985056, "max_depth": 4.0, "num_boost_round": 11.0}, "datetime": {"datetime": "2024-01-19 02:05:44", "elapsed": 6898.269763, "delta": 0.005856}}
{"target": -17.677177601383566, "params": {"gamma": 56.89522496647192, "log10_alpha": -1.4017391973319588, "log10_colsample_bytree": -0.6295319432958069, "log10_eta": -3.8746001635773855, "log10_lambda": -1.2746995047213425, "log10_min_child_weight": 1.9919939172355887, "log10_subsample": -0.2807182715985056, "max_depth": 4.0, "num_boost_round": 12.0}, "datetime": {"datetime": "2024-01-19 02:05:44", "elapsed": 6898.27557, "delta": 0.005807}}
{"target": -17.677226090107343, "params": {"gamma": 45.470573439560404, "log10_alpha": -0.6473567682232062, "log10_colsample_bytree": -0.9258891177933496, "log10_eta": -2.5818629252431573, "log10_lambda": -3.7425463022748184, "log10_min_child_weight": 4.716901037425043, "log10_subsample": -0.3351470352429474, "max_depth": 2.0, "num_boost_round": 0.0}, "datetime": {"datetime": "2024-01-19 02:07:04", "elapsed": 6977.894721, "delta": 79.619151}}
{"target": -17.677220780269874, "params": {"gamma": 45.470573439560404, "log10_alpha": -0.6473567682232062, "log10_colsample_bytree": -0.9258891177933496, "log10_eta": -2.5818629252431573, "log10_lambda": -3.7425463022748184, "log10_min_child_weight": 4.716901037425043, "log10_subsample": -0.3351470352429474, "max_depth": 2.0, "num_boost_round": 1.0}, "datetime": {"datetime": "2024-01-19 02:07:04", "elapsed": 6977.90258, "delta": 0.007859}}
{"target": -17.6772291817363, "params": {"gamma": 45.470573439560404, "log10_alpha": -0.6473567682232062, "log10_colsample_bytree": -0.9258891177933496, "log10_eta": -2.5818629252431573, "log10_lambda": -3.7425463022748184, "log10_min_child_weight": 4.716901037425043, "log10_subsample": -0.3351470352429474, "max_depth": 2.0, "num_boost_round": 2.0}, "datetime": {"datetime": "2024-01-19 02:07:04", "elapsed": 6977.910074, "delta": 0.007494}}
{"target": -17.677213745793857, "params": {"gamma": 45.470573439560404, "log10_alpha": -0.6473567682232062, "log10_colsample_bytree": -0.9258891177933496, "log10_eta": -2.5818629252431573, "log10_lambda": -3.7425463022748184, "log10_min_child_weight": 4.716901037425043, "log10_subsample": -0.3351470352429474, "max_depth": 2.0, "num_boost_round": 3.0}, "datetime": {"datetime": "2024-01-19 02:07:04", "elapsed": 6977.917517, "delta": 0.007443}}
{"target": -17.677185313237697, "params": {"gamma": 45.470573439560404, "log10_alpha": -0.6473567682232062, "log10_colsample_bytree": -0.9258891177933496, "log10_eta": -2.5818629252431573, "log10_lambda": -3.7425463022748184, "log10_min_child_weight": 4.716901037425043, "log10_subsample": -0.3351470352429474, "max_depth": 2.0, "num_boost_round": 4.0}, "datetime": {"datetime": "2024-01-19 02:07:04", "elapsed": 6977.924564, "delta": 0.007047}}
{"target": -17.677169624421, "params": {"gamma": 45.470573439560404, "log10_alpha": -0.6473567682232062, "log10_colsample_bytree": -0.9258891177933496, "log10_eta": -2.5818629252431573, "log10_lambda": -3.7425463022748184, "log10_min_child_weight": 4.716901037425043, "log10_subsample": -0.3351470352429474, "max_depth": 2.0, "num_boost_round": 5.0}, "datetime": {"datetime": "2024-01-19 02:07:04", "elapsed": 6977.932286, "delta": 0.007722}}
{"target": -17.677161547768733, "params": {"gamma": 45.470573439560404, "log10_alpha": -0.6473567682232062, "log10_colsample_bytree": -0.9258891177933496, "log10_eta": -2.5818629252431573, "log10_lambda": -3.7425463022748184, "log10_min_child_weight": 4.716901037425043, "log10_subsample": -0.3351470352429474, "max_depth": 2.0, "num_boost_round": 6.0}, "datetime": {"datetime": "2024-01-19 02:07:04", "elapsed": 6977.939348, "delta": 0.007062}}
{"target": -17.677134455846346, "params": {"gamma": 45.470573439560404, "log10_alpha": -0.6473567682232062, "log10_colsample_bytree": -0.9258891177933496, "log10_eta": -2.5818629252431573, "log10_lambda": -3.7425463022748184, "log10_min_child_weight": 4.716901037425043, "log10_subsample": -0.3351470352429474, "max_depth": 2.0, "num_boost_round": 7.0}, "datetime": {"datetime": "2024-01-19 02:07:04", "elapsed": 6977.946748, "delta": 0.0074}}
{"target": -17.677146176502728, "params": {"gamma": 45.470573439560404, "log10_alpha": -0.6473567682232062, "log10_colsample_bytree": -0.9258891177933496, "log10_eta": -2.5818629252431573, "log10_lambda": -3.7425463022748184, "log10_min_child_weight": 4.716901037425043, "log10_subsample": -0.3351470352429474, "max_depth": 2.0, "num_boost_round": 8.0}, "datetime": {"datetime": "2024-01-19 02:07:04", "elapsed": 6977.954399, "delta": 0.007651}}
{"target": -17.67714445051806, "params": {"gamma": 45.470573439560404, "log10_alpha": -0.6473567682232062, "log10_colsample_bytree": -0.9258891177933496, "log10_eta": -2.5818629252431573, "log10_lambda": -3.7425463022748184, "log10_min_child_weight": 4.716901037425043, "log10_subsample": -0.3351470352429474, "max_depth": 2.0, "num_boost_round": 9.0}, "datetime": {"datetime": "2024-01-19 02:07:04", "elapsed": 6977.959583, "delta": 0.005184}}
{"target": -17.677132152090252, "params": {"gamma": 45.470573439560404, "log10_alpha": -0.6473567682232062, "log10_colsample_bytree": -0.9258891177933496, "log10_eta": -2.5818629252431573, "log10_lambda": -3.7425463022748184, "log10_min_child_weight": 4.716901037425043, "log10_subsample": -0.3351470352429474, "max_depth": 2.0, "num_boost_round": 10.0}, "datetime": {"datetime": "2024-01-19 02:07:04", "elapsed": 6977.964706, "delta": 0.005123}}
{"target": -17.67709722443225, "params": {"gamma": 45.470573439560404, "log10_alpha": -0.6473567682232062, "log10_colsample_bytree": -0.9258891177933496, "log10_eta": -2.5818629252431573, "log10_lambda": -3.7425463022748184, "log10_min_child_weight": 4.716901037425043, "log10_subsample": -0.3351470352429474, "max_depth": 2.0, "num_boost_round": 11.0}, "datetime": {"datetime": "2024-01-19 02:07:04", "elapsed": 6977.969942, "delta": 0.005236}}
{"target": -17.67709094122457, "params": {"gamma": 45.470573439560404, "log10_alpha": -0.6473567682232062, "log10_colsample_bytree": -0.9258891177933496, "log10_eta": -2.5818629252431573, "log10_lambda": -3.7425463022748184, "log10_min_child_weight": 4.716901037425043, "log10_subsample": -0.3351470352429474, "max_depth": 2.0, "num_boost_round": 12.0}, "datetime": {"datetime": "2024-01-19 02:07:04", "elapsed": 6977.975019, "delta": 0.005077}}
{"target": -17.677055682555054, "params": {"gamma": 45.470573439560404, "log10_alpha": -0.6473567682232062, "log10_colsample_bytree": -0.9258891177933496, "log10_eta": -2.5818629252431573, "log10_lambda": -3.7425463022748184, "log10_min_child_weight": 4.716901037425043, "log10_subsample": -0.3351470352429474, "max_depth": 2.0, "num_boost_round": 13.0}, "datetime": {"datetime": "2024-01-19 02:07:04", "elapsed": 6977.98021, "delta": 0.005191}}
{"target": -17.677061593823492, "params": {"gamma": 45.470573439560404, "log10_alpha": -0.6473567682232062, "log10_colsample_bytree": -0.9258891177933496, "log10_eta": -2.5818629252431573, "log10_lambda": -3.7425463022748184, "log10_min_child_weight": 4.716901037425043, "log10_subsample": -0.3351470352429474, "max_depth": 2.0, "num_boost_round": 14.0}, "datetime": {"datetime": "2024-01-19 02:07:04", "elapsed": 6977.985388, "delta": 0.005178}}
{"target": -17.677027020138002, "params": {"gamma": 45.470573439560404, "log10_alpha": -0.6473567682232062, "log10_colsample_bytree": -0.9258891177933496, "log10_eta": -2.5818629252431573, "log10_lambda": -3.7425463022748184, "log10_min_child_weight": 4.716901037425043, "log10_subsample": -0.3351470352429474, "max_depth": 2.0, "num_boost_round": 15.0}, "datetime": {"datetime": "2024-01-19 02:07:04", "elapsed": 6977.990752, "delta": 0.005364}}
{"target": -17.677017870698958, "params": {"gamma": 45.470573439560404, "log10_alpha": -0.6473567682232062, "log10_colsample_bytree": -0.9258891177933496, "log10_eta": -2.5818629252431573, "log10_lambda": -3.7425463022748184, "log10_min_child_weight": 4.716901037425043, "log10_subsample": -0.3351470352429474, "max_depth": 2.0, "num_boost_round": 16.0}, "datetime": {"datetime": "2024-01-19 02:07:04", "elapsed": 6977.996115, "delta": 0.005363}}
{"target": -17.67700492823456, "params": {"gamma": 45.470573439560404, "log10_alpha": -0.6473567682232062, "log10_colsample_bytree": -0.9258891177933496, "log10_eta": -2.5818629252431573, "log10_lambda": -3.7425463022748184, "log10_min_child_weight": 4.716901037425043, "log10_subsample": -0.3351470352429474, "max_depth": 2.0, "num_boost_round": 17.0}, "datetime": {"datetime": "2024-01-19 02:07:04", "elapsed": 6978.001533, "delta": 0.005418}}
{"target": -17.676985746575983, "params": {"gamma": 45.470573439560404, "log10_alpha": -0.6473567682232062, "log10_colsample_bytree": -0.9258891177933496, "log10_eta": -2.5818629252431573, "log10_lambda": -3.7425463022748184, "log10_min_child_weight": 4.716901037425043, "log10_subsample": -0.3351470352429474, "max_depth": 2.0, "num_boost_round": 18.0}, "datetime": {"datetime": "2024-01-19 02:07:04", "elapsed": 6978.006867, "delta": 0.005334}}
{"target": -17.67695792356268, "params": {"gamma": 45.470573439560404, "log10_alpha": -0.6473567682232062, "log10_colsample_bytree": -0.9258891177933496, "log10_eta": -2.5818629252431573, "log10_lambda": -3.7425463022748184, "log10_min_child_weight": 4.716901037425043, "log10_subsample": -0.3351470352429474, "max_depth": 2.0, "num_boost_round": 19.0}, "datetime": {"datetime": "2024-01-19 02:07:04", "elapsed": 6978.012334, "delta": 0.005467}}
