{"target": -13.767858944143109, "params": {"gamma": 577.2455356201993, "log10_alpha": -1.2671611928415247, "log10_colsample_bytree": -0.0051681313123328465, "log10_eta": -1.9245720038941068, "log10_lambda": -2.9621890107729243, "log10_min_child_weight": 1.8361305724118666, "log10_subsample": -0.6815973118140523, "max_depth": 4.0, "num_boost_round": 42.0}, "datetime": {"datetime": "2024-01-19 00:57:02", "elapsed": 2754.663213, "delta": 0.00325}}
{"target": -13.75850047553027, "params": {"gamma": 583.8449911070265, "log10_alpha": -2.335634077702138, "log10_colsample_bytree": -0.15058145524729483, "log10_eta": -1.9523607323088359, "log10_lambda": -4.424139270118918, "log10_min_child_weight": 4.235406017914089, "log10_subsample": -0.526313824123317, "max_depth": 2.0, "num_boost_round": 0.0}, "datetime": {"datetime": "2024-01-19 00:57:36", "elapsed": 2788.510293, "delta": 33.84708}}
{"target": -13.758463128357802, "params": {"gamma": 583.8449911070265, "log10_alpha": -2.335634077702138, "log10_colsample_bytree": -0.15058145524729483, "log10_eta": -1.9523607323088359, "log10_lambda": -4.424139270118918, "log10_min_child_weight": 4.235406017914089, "log10_subsample": -0.526313824123317, "max_depth": 2.0, "num_boost_round": 1.0}, "datetime": {"datetime": "2024-01-19 00:57:36", "elapsed": 2788.51406, "delta": 0.003767}}
{"target": -13.758462250214379, "params": {"gamma": 583.8449911070265, "log10_alpha": -2.335634077702138, "log10_colsample_bytree": -0.15058145524729483, "log10_eta": -1.9523607323088359, "log10_lambda": -4.424139270118918, "log10_min_child_weight": 4.235406017914089, "log10_subsample": -0.526313824123317, "max_depth": 2.0, "num_boost_round": 2.0}, "datetime": {"datetime": "2024-01-19 00:57:36", "elapsed": 2788.51729, "delta": 0.00323}}
{"target": -13.7584843119159, "params": {"gamma": 583.8449911070265, "log10_alpha": -2.335634077702138, "log10_colsample_bytree": -0.15058145524729483, "log10_eta": -1.9523607323088359, "log10_lambda": -4.424139270118918, "log10_min_child_weight": 4.235406017914089, "log10_subsample": -0.526313824123317, "max_depth": 2.0, "num_boost_round": 3.0}, "datetime": {"datetime": "2024-01-19 00:57:36", "elapsed": 2788.520456, "delta": 0.003166}}
{"target": -13.758562997060036, "params": {"gamma": 583.8449911070265, "log10_alpha": -2.335634077702138, "log10_colsample_bytree": -0.15058145524729483, "log10_eta": -1.9523607323088359, "log10_lambda": -4.424139270118918, "log10_min_child_weight": 4.235406017914089, "log10_subsample": -0.526313824123317, "max_depth": 2.0, "num_boost_round": 4.0}, "datetime": {"datetime": "2024-01-19 00:57:36", "elapsed": 2788.523646, "delta": 0.00319}}
{"target": -13.758575713706353, "params": {"gamma": 583.8449911070265, "log10_alpha": -2.335634077702138, "log10_colsample_bytree": -0.15058145524729483, "log10_eta": -1.9523607323088359, "log10_lambda": -4.424139270118918, "log10_min_child_weight": 4.235406017914089, "log10_subsample": -0.526313824123317, "max_depth": 2.0, "num_boost_round": 5.0}, "datetime": {"datetime": "2024-01-19 00:57:36", "elapsed": 2788.526856, "delta": 0.00321}}
{"target": -13.758606177834809, "params": {"gamma": 583.8449911070265, "log10_alpha": -2.335634077702138, "log10_colsample_bytree": -0.15058145524729483, "log10_eta": -1.9523607323088359, "log10_lambda": -4.424139270118918, "log10_min_child_weight": 4.235406017914089, "log10_subsample": -0.526313824123317, "max_depth": 2.0, "num_boost_round": 6.0}, "datetime": {"datetime": "2024-01-19 00:57:36", "elapsed": 2788.529954, "delta": 0.003098}}
{"target": -13.758639649777177, "params": {"gamma": 583.8449911070265, "log10_alpha": -2.335634077702138, "log10_colsample_bytree": -0.15058145524729483, "log10_eta": -1.9523607323088359, "log10_lambda": -4.424139270118918, "log10_min_child_weight": 4.235406017914089, "log10_subsample": -0.526313824123317, "max_depth": 2.0, "num_boost_round": 7.0}, "datetime": {"datetime": "2024-01-19 00:57:36", "elapsed": 2788.533224, "delta": 0.00327}}
{"target": -13.758578465695317, "params": {"gamma": 583.8449911070265, "log10_alpha": -2.335634077702138, "log10_colsample_bytree": -0.15058145524729483, "log10_eta": -1.9523607323088359, "log10_lambda": -4.424139270118918, "log10_min_child_weight": 4.235406017914089, "log10_subsample": -0.526313824123317, "max_depth": 2.0, "num_boost_round": 8.0}, "datetime": {"datetime": "2024-01-19 00:57:36", "elapsed": 2788.536324, "delta": 0.0031}}
{"target": -13.75860837612203, "params": {"gamma": 583.8449911070265, "log10_alpha": -2.335634077702138, "log10_colsample_bytree": -0.15058145524729483, "log10_eta": -1.9523607323088359, "log10_lambda": -4.424139270118918, "log10_min_child_weight": 4.235406017914089, "log10_subsample": -0.526313824123317, "max_depth": 2.0, "num_boost_round": 9.0}, "datetime": {"datetime": "2024-01-19 00:57:36", "elapsed": 2788.53941, "delta": 0.003086}}
{"target": -13.758663210794253, "params": {"gamma": 583.8449911070265, "log10_alpha": -2.335634077702138, "log10_colsample_bytree": -0.15058145524729483, "log10_eta": -1.9523607323088359, "log10_lambda": -4.424139270118918, "log10_min_child_weight": 4.235406017914089, "log10_subsample": -0.526313824123317, "max_depth": 2.0, "num_boost_round": 10.0}, "datetime": {"datetime": "2024-01-19 00:57:36", "elapsed": 2788.542546, "delta": 0.003136}}
{"target": -13.758624979781015, "params": {"gamma": 583.8449911070265, "log10_alpha": -2.335634077702138, "log10_colsample_bytree": -0.15058145524729483, "log10_eta": -1.9523607323088359, "log10_lambda": -4.424139270118918, "log10_min_child_weight": 4.235406017914089, "log10_subsample": -0.526313824123317, "max_depth": 2.0, "num_boost_round": 11.0}, "datetime": {"datetime": "2024-01-19 00:57:36", "elapsed": 2788.54582, "delta": 0.003274}}
{"target": -13.758581826156684, "params": {"gamma": 583.8449911070265, "log10_alpha": -2.335634077702138, "log10_colsample_bytree": -0.15058145524729483, "log10_eta": -1.9523607323088359, "log10_lambda": -4.424139270118918, "log10_min_child_weight": 4.235406017914089, "log10_subsample": -0.526313824123317, "max_depth": 2.0, "num_boost_round": 12.0}, "datetime": {"datetime": "2024-01-19 00:57:36", "elapsed": 2788.54922, "delta": 0.0034}}
{"target": -13.758525372265575, "params": {"gamma": 581.8606314671536, "log10_alpha": -4.057500856162833, "log10_colsample_bytree": -0.21326456364344937, "log10_eta": -2.87352236065754, "log10_lambda": -4.37285001138551, "log10_min_child_weight": 0.4546139225352597, "log10_subsample": -0.3592691751486079, "max_depth": 2.0, "num_boost_round": 0.0}, "datetime": {"datetime": "2024-01-19 00:58:19", "elapsed": 2831.376268, "delta": 42.827048}}
{"target": -13.75851226093603, "params": {"gamma": 581.8606314671536, "log10_alpha": -4.057500856162833, "log10_colsample_bytree": -0.21326456364344937, "log10_eta": -2.87352236065754, "log10_lambda": -4.37285001138551, "log10_min_child_weight": 0.4546139225352597, "log10_subsample": -0.3592691751486079, "max_depth": 2.0, "num_boost_round": 1.0}, "datetime": {"datetime": "2024-01-19 00:58:19", "elapsed": 2831.379823, "delta": 0.003555}}
{"target": -13.758511258991541, "params": {"gamma": 581.8606314671536, "log10_alpha": -4.057500856162833, "log10_colsample_bytree": -0.21326456364344937, "log10_eta": -2.87352236065754, "log10_lambda": -4.37285001138551, "log10_min_child_weight": 0.4546139225352597, "log10_subsample": -0.3592691751486079, "max_depth": 2.0, "num_boost_round": 2.0}, "datetime": {"datetime": "2024-01-19 00:58:19", "elapsed": 2831.383071, "delta": 0.003248}}
{"target": -13.75850108132983, "params": {"gamma": 581.8606314671536, "log10_alpha": -4.057500856162833, "log10_colsample_bytree": -0.21326456364344937, "log10_eta": -2.87352236065754, "log10_lambda": -4.37285001138551, "log10_min_child_weight": 0.4546139225352597, "log10_subsample": -0.3592691751486079, "max_depth": 2.0, "num_boost_round": 3.0}, "datetime": {"datetime": "2024-01-19 00:58:19", "elapsed": 2831.386319, "delta": 0.003248}}
{"target": -13.758479561842728, "params": {"gamma": 581.8606314671536, "log10_alpha": -4.057500856162833, "log10_colsample_bytree": -0.21326456364344937, "log10_eta": -2.87352236065754, "log10_lambda": -4.37285001138551, "log10_min_child_weight": 0.4546139225352597, "log10_subsample": -0.3592691751486079, "max_depth": 2.0, "num_boost_round": 4.0}, "datetime": {"datetime": "2024-01-19 00:58:19", "elapsed": 2831.389421, "delta": 0.003102}}
{"target": -13.75846131518112, "params": {"gamma": 581.8606314671536, "log10_alpha": -4.057500856162833, "log10_colsample_bytree": -0.21326456364344937, "log10_eta": -2.87352236065754, "log10_lambda": -4.37285001138551, "log10_min_child_weight": 0.4546139225352597, "log10_subsample": -0.3592691751486079, "max_depth": 2.0, "num_boost_round": 5.0}, "datetime": {"datetime": "2024-01-19 00:58:19", "elapsed": 2831.392533, "delta": 0.003112}}
{"target": -13.758462561362968, "params": {"gamma": 581.8606314671536, "log10_alpha": -4.057500856162833, "log10_colsample_bytree": -0.21326456364344937, "log10_eta": -2.87352236065754, "log10_lambda": -4.37285001138551, "log10_min_child_weight": 0.4546139225352597, "log10_subsample": -0.3592691751486079, "max_depth": 2.0, "num_boost_round": 6.0}, "datetime": {"datetime": "2024-01-19 00:58:19", "elapsed": 2831.395623, "delta": 0.00309}}
{"target": -13.758450619119374, "params": {"gamma": 581.8606314671536, "log10_alpha": -4.057500856162833, "log10_colsample_bytree": -0.21326456364344937, "log10_eta": -2.87352236065754, "log10_lambda": -4.37285001138551, "log10_min_child_weight": 0.4546139225352597, "log10_subsample": -0.3592691751486079, "max_depth": 2.0, "num_boost_round": 7.0}, "datetime": {"datetime": "2024-01-19 00:58:19", "elapsed": 2831.398739, "delta": 0.003116}}
{"target": -13.758438801398173, "params": {"gamma": 581.8606314671536, "log10_alpha": -4.057500856162833, "log10_colsample_bytree": -0.21326456364344937, "log10_eta": -2.87352236065754, "log10_lambda": -4.37285001138551, "log10_min_child_weight": 0.4546139225352597, "log10_subsample": -0.3592691751486079, "max_depth": 2.0, "num_boost_round": 8.0}, "datetime": {"datetime": "2024-01-19 00:58:19", "elapsed": 2831.401829, "delta": 0.00309}}
{"target": -13.758433009994091, "params": {"gamma": 581.8606314671536, "log10_alpha": -4.057500856162833, "log10_colsample_bytree": -0.21326456364344937, "log10_eta": -2.87352236065754, "log10_lambda": -4.37285001138551, "log10_min_child_weight": 0.4546139225352597, "log10_subsample": -0.3592691751486079, "max_depth": 2.0, "num_boost_round": 9.0}, "datetime": {"datetime": "2024-01-19 00:58:19", "elapsed": 2831.405007, "delta": 0.003178}}
{"target": -13.758421458283308, "params": {"gamma": 581.8606314671536, "log10_alpha": -4.057500856162833, "log10_colsample_bytree": -0.21326456364344937, "log10_eta": -2.87352236065754, "log10_lambda": -4.37285001138551, "log10_min_child_weight": 0.4546139225352597, "log10_subsample": -0.3592691751486079, "max_depth": 2.0, "num_boost_round": 10.0}, "datetime": {"datetime": "2024-01-19 00:58:19", "elapsed": 2831.408198, "delta": 0.003191}}
{"target": -13.758400202400471, "params": {"gamma": 581.8606314671536, "log10_alpha": -4.057500856162833, "log10_colsample_bytree": -0.21326456364344937, "log10_eta": -2.87352236065754, "log10_lambda": -4.37285001138551, "log10_min_child_weight": 0.4546139225352597, "log10_subsample": -0.3592691751486079, "max_depth": 2.0, "num_boost_round": 11.0}, "datetime": {"datetime": "2024-01-19 00:58:19", "elapsed": 2831.411429, "delta": 0.003231}}
{"target": -13.75838924385021, "params": {"gamma": 581.8606314671536, "log10_alpha": -4.057500856162833, "log10_colsample_bytree": -0.21326456364344937, "log10_eta": -2.87352236065754, "log10_lambda": -4.37285001138551, "log10_min_child_weight": 0.4546139225352597, "log10_subsample": -0.3592691751486079, "max_depth": 2.0, "num_boost_round": 12.0}, "datetime": {"datetime": "2024-01-19 00:58:19", "elapsed": 2831.414496, "delta": 0.003067}}
{"target": -13.758378727121345, "params": {"gamma": 581.8606314671536, "log10_alpha": -4.057500856162833, "log10_colsample_bytree": -0.21326456364344937, "log10_eta": -2.87352236065754, "log10_lambda": -4.37285001138551, "log10_min_child_weight": 0.4546139225352597, "log10_subsample": -0.3592691751486079, "max_depth": 2.0, "num_boost_round": 13.0}, "datetime": {"datetime": "2024-01-19 00:58:19", "elapsed": 2831.417643, "delta": 0.003147}}
{"target": -13.758369999389279, "params": {"gamma": 581.8606314671536, "log10_alpha": -4.057500856162833, "log10_colsample_bytree": -0.21326456364344937, "log10_eta": -2.87352236065754, "log10_lambda": -4.37285001138551, "log10_min_child_weight": 0.4546139225352597, "log10_subsample": -0.3592691751486079, "max_depth": 2.0, "num_boost_round": 14.0}, "datetime": {"datetime": "2024-01-19 00:58:19", "elapsed": 2831.420702, "delta": 0.003059}}
{"target": -13.758360582154614, "params": {"gamma": 581.8606314671536, "log10_alpha": -4.057500856162833, "log10_colsample_bytree": -0.21326456364344937, "log10_eta": -2.87352236065754, "log10_lambda": -4.37285001138551, "log10_min_child_weight": 0.4546139225352597, "log10_subsample": -0.3592691751486079, "max_depth": 2.0, "num_boost_round": 15.0}, "datetime": {"datetime": "2024-01-19 00:58:19", "elapsed": 2831.423925, "delta": 0.003223}}
{"target": -13.758337893081618, "params": {"gamma": 581.8606314671536, "log10_alpha": -4.057500856162833, "log10_colsample_bytree": -0.21326456364344937, "log10_eta": -2.87352236065754, "log10_lambda": -4.37285001138551, "log10_min_child_weight": 0.4546139225352597, "log10_subsample": -0.3592691751486079, "max_depth": 2.0, "num_boost_round": 16.0}, "datetime": {"datetime": "2024-01-19 00:58:19", "elapsed": 2831.427141, "delta": 0.003216}}
{"target": -13.761758510704523, "params": {"gamma": 585.0832693380315, "log10_alpha": -1.8900672538075103, "log10_colsample_bytree": -0.4418849226568756, "log10_eta": -0.5161283469552824, "log10_lambda": -3.1205108805062145, "log10_min_child_weight": 1.7333939252885848, "log10_subsample": -0.8676063675450877, "max_depth": 3.0, "num_boost_round": 0.0}, "datetime": {"datetime": "2024-01-19 00:59:01", "elapsed": 2872.985554, "delta": 41.558413}}
{"target": -13.759070867086937, "params": {"gamma": 585.0832693380315, "log10_alpha": -1.8900672538075103, "log10_colsample_bytree": -0.4418849226568756, "log10_eta": -0.5161283469552824, "log10_lambda": -3.1205108805062145, "log10_min_child_weight": 1.7333939252885848, "log10_subsample": -0.8676063675450877, "max_depth": 3.0, "num_boost_round": 1.0}, "datetime": {"datetime": "2024-01-19 00:59:01", "elapsed": 2872.989508, "delta": 0.003954}}
{"target": -13.7571221204431, "params": {"gamma": 585.0832693380315, "log10_alpha": -1.8900672538075103, "log10_colsample_bytree": -0.4418849226568756, "log10_eta": -0.5161283469552824, "log10_lambda": -3.1205108805062145, "log10_min_child_weight": 1.7333939252885848, "log10_subsample": -0.8676063675450877, "max_depth": 3.0, "num_boost_round": 2.0}, "datetime": {"datetime": "2024-01-19 00:59:01", "elapsed": 2872.992744, "delta": 0.003236}}
{"target": -13.761555238821785, "params": {"gamma": 585.0832693380315, "log10_alpha": -1.8900672538075103, "log10_colsample_bytree": -0.4418849226568756, "log10_eta": -0.5161283469552824, "log10_lambda": -3.1205108805062145, "log10_min_child_weight": 1.7333939252885848, "log10_subsample": -0.8676063675450877, "max_depth": 3.0, "num_boost_round": 3.0}, "datetime": {"datetime": "2024-01-19 00:59:01", "elapsed": 2872.995933, "delta": 0.003189}}
{"target": -13.764657168869824, "params": {"gamma": 585.0832693380315, "log10_alpha": -1.8900672538075103, "log10_colsample_bytree": -0.4418849226568756, "log10_eta": -0.5161283469552824, "log10_lambda": -3.1205108805062145, "log10_min_child_weight": 1.7333939252885848, "log10_subsample": -0.8676063675450877, "max_depth": 3.0, "num_boost_round": 4.0}, "datetime": {"datetime": "2024-01-19 00:59:01", "elapsed": 2872.999062, "delta": 0.003129}}
{"target": -13.77351774177413, "params": {"gamma": 585.0832693380315, "log10_alpha": -1.8900672538075103, "log10_colsample_bytree": -0.4418849226568756, "log10_eta": -0.5161283469552824, "log10_lambda": -3.1205108805062145, "log10_min_child_weight": 1.7333939252885848, "log10_subsample": -0.8676063675450877, "max_depth": 3.0, "num_boost_round": 5.0}, "datetime": {"datetime": "2024-01-19 00:59:01", "elapsed": 2873.002178, "delta": 0.003116}}
{"target": -13.787077810697411, "params": {"gamma": 585.0832693380315, "log10_alpha": -1.8900672538075103, "log10_colsample_bytree": -0.4418849226568756, "log10_eta": -0.5161283469552824, "log10_lambda": -3.1205108805062145, "log10_min_child_weight": 1.7333939252885848, "log10_subsample": -0.8676063675450877, "max_depth": 3.0, "num_boost_round": 6.0}, "datetime": {"datetime": "2024-01-19 00:59:01", "elapsed": 2873.005331, "delta": 0.003153}}
{"target": -13.794970626891104, "params": {"gamma": 585.0832693380315, "log10_alpha": -1.8900672538075103, "log10_colsample_bytree": -0.4418849226568756, "log10_eta": -0.5161283469552824, "log10_lambda": -3.1205108805062145, "log10_min_child_weight": 1.7333939252885848, "log10_subsample": -0.8676063675450877, "max_depth": 3.0, "num_boost_round": 7.0}, "datetime": {"datetime": "2024-01-19 00:59:01", "elapsed": 2873.008538, "delta": 0.003207}}
{"target": -13.801024672703987, "params": {"gamma": 585.0832693380315, "log10_alpha": -1.8900672538075103, "log10_colsample_bytree": -0.4418849226568756, "log10_eta": -0.5161283469552824, "log10_lambda": -3.1205108805062145, "log10_min_child_weight": 1.7333939252885848, "log10_subsample": -0.8676063675450877, "max_depth": 3.0, "num_boost_round": 8.0}, "datetime": {"datetime": "2024-01-19 00:59:01", "elapsed": 2873.011628, "delta": 0.00309}}
{"target": -13.805520701494263, "params": {"gamma": 585.0832693380315, "log10_alpha": -1.8900672538075103, "log10_colsample_bytree": -0.4418849226568756, "log10_eta": -0.5161283469552824, "log10_lambda": -3.1205108805062145, "log10_min_child_weight": 1.7333939252885848, "log10_subsample": -0.8676063675450877, "max_depth": 3.0, "num_boost_round": 9.0}, "datetime": {"datetime": "2024-01-19 00:59:01", "elapsed": 2873.014699, "delta": 0.003071}}
{"target": -13.80477445171025, "params": {"gamma": 585.0832693380315, "log10_alpha": -1.8900672538075103, "log10_colsample_bytree": -0.4418849226568756, "log10_eta": -0.5161283469552824, "log10_lambda": -3.1205108805062145, "log10_min_child_weight": 1.7333939252885848, "log10_subsample": -0.8676063675450877, "max_depth": 3.0, "num_boost_round": 10.0}, "datetime": {"datetime": "2024-01-19 00:59:01", "elapsed": 2873.01781, "delta": 0.003111}}
{"target": -13.803069143673813, "params": {"gamma": 585.0832693380315, "log10_alpha": -1.8900672538075103, "log10_colsample_bytree": -0.4418849226568756, "log10_eta": -0.5161283469552824, "log10_lambda": -3.1205108805062145, "log10_min_child_weight": 1.7333939252885848, "log10_subsample": -0.8676063675450877, "max_depth": 3.0, "num_boost_round": 11.0}, "datetime": {"datetime": "2024-01-19 00:59:01", "elapsed": 2873.020876, "delta": 0.003066}}
{"target": -13.806868504161057, "params": {"gamma": 585.0832693380315, "log10_alpha": -1.8900672538075103, "log10_colsample_bytree": -0.4418849226568756, "log10_eta": -0.5161283469552824, "log10_lambda": -3.1205108805062145, "log10_min_child_weight": 1.7333939252885848, "log10_subsample": -0.8676063675450877, "max_depth": 3.0, "num_boost_round": 12.0}, "datetime": {"datetime": "2024-01-19 00:59:01", "elapsed": 2873.024066, "delta": 0.00319}}
{"target": -13.838115319595333, "params": {"gamma": 585.0832693380315, "log10_alpha": -1.8900672538075103, "log10_colsample_bytree": -0.4418849226568756, "log10_eta": -0.5161283469552824, "log10_lambda": -3.1205108805062145, "log10_min_child_weight": 1.7333939252885848, "log10_subsample": -0.8676063675450877, "max_depth": 3.0, "num_boost_round": 13.0}, "datetime": {"datetime": "2024-01-19 00:59:01", "elapsed": 2873.027243, "delta": 0.003177}}
{"target": -13.84087831223187, "params": {"gamma": 585.0832693380315, "log10_alpha": -1.8900672538075103, "log10_colsample_bytree": -0.4418849226568756, "log10_eta": -0.5161283469552824, "log10_lambda": -3.1205108805062145, "log10_min_child_weight": 1.7333939252885848, "log10_subsample": -0.8676063675450877, "max_depth": 3.0, "num_boost_round": 14.0}, "datetime": {"datetime": "2024-01-19 00:59:01", "elapsed": 2873.030328, "delta": 0.003085}}
{"target": -13.845187470376754, "params": {"gamma": 585.0832693380315, "log10_alpha": -1.8900672538075103, "log10_colsample_bytree": -0.4418849226568756, "log10_eta": -0.5161283469552824, "log10_lambda": -3.1205108805062145, "log10_min_child_weight": 1.7333939252885848, "log10_subsample": -0.8676063675450877, "max_depth": 3.0, "num_boost_round": 15.0}, "datetime": {"datetime": "2024-01-19 00:59:01", "elapsed": 2873.0334, "delta": 0.003072}}
{"target": -13.86023609946237, "params": {"gamma": 585.0832693380315, "log10_alpha": -1.8900672538075103, "log10_colsample_bytree": -0.4418849226568756, "log10_eta": -0.5161283469552824, "log10_lambda": -3.1205108805062145, "log10_min_child_weight": 1.7333939252885848, "log10_subsample": -0.8676063675450877, "max_depth": 3.0, "num_boost_round": 16.0}, "datetime": {"datetime": "2024-01-19 00:59:01", "elapsed": 2873.036492, "delta": 0.003092}}
{"target": -13.894634985370354, "params": {"gamma": 585.0832693380315, "log10_alpha": -1.8900672538075103, "log10_colsample_bytree": -0.4418849226568756, "log10_eta": -0.5161283469552824, "log10_lambda": -3.1205108805062145, "log10_min_child_weight": 1.7333939252885848, "log10_subsample": -0.8676063675450877, "max_depth": 3.0, "num_boost_round": 17.0}, "datetime": {"datetime": "2024-01-19 00:59:01", "elapsed": 2873.039558, "delta": 0.003066}}
