{"target": -13.758530656822781, "params": {"gamma": 443.4681515109069, "log10_alpha": -4.665864481793948, "log10_colsample_bytree": -0.6256608493871283, "log10_eta": -3.3986762815523726, "log10_lambda": -1.1979802474643573, "log10_min_child_weight": 4.158566144643048, "log10_subsample": -0.16047479039341683, "max_depth": 5.0, "num_boost_round": 9.0}, "datetime": {"datetime": "2024-01-19 00:58:13", "elapsed": 2796.377575, "delta": 0.004342}}
{"target": -13.758524899760532, "params": {"gamma": 443.4681515109069, "log10_alpha": -4.665864481793948, "log10_colsample_bytree": -0.6256608493871283, "log10_eta": -3.3986762815523726, "log10_lambda": -1.1979802474643573, "log10_min_child_weight": 4.158566144643048, "log10_subsample": -0.16047479039341683, "max_depth": 5.0, "num_boost_round": 10.0}, "datetime": {"datetime": "2024-01-19 00:58:13", "elapsed": 2796.381749, "delta": 0.004174}}
{"target": -13.75852026446118, "params": {"gamma": 443.4681515109069, "log10_alpha": -4.665864481793948, "log10_colsample_bytree": -0.6256608493871283, "log10_eta": -3.3986762815523726, "log10_lambda": -1.1979802474643573, "log10_min_child_weight": 4.158566144643048, "log10_subsample": -0.16047479039341683, "max_depth": 5.0, "num_boost_round": 11.0}, "datetime": {"datetime": "2024-01-19 00:58:13", "elapsed": 2796.385952, "delta": 0.004203}}
{"target": -13.758521613404817, "params": {"gamma": 443.4681515109069, "log10_alpha": -4.665864481793948, "log10_colsample_bytree": -0.6256608493871283, "log10_eta": -3.3986762815523726, "log10_lambda": -1.1979802474643573, "log10_min_child_weight": 4.158566144643048, "log10_subsample": -0.16047479039341683, "max_depth": 5.0, "num_boost_round": 12.0}, "datetime": {"datetime": "2024-01-19 00:58:13", "elapsed": 2796.390227, "delta": 0.004275}}
{"target": -13.758524696145475, "params": {"gamma": 443.4681515109069, "log10_alpha": -4.665864481793948, "log10_colsample_bytree": -0.6256608493871283, "log10_eta": -3.3986762815523726, "log10_lambda": -1.1979802474643573, "log10_min_child_weight": 4.158566144643048, "log10_subsample": -0.16047479039341683, "max_depth": 5.0, "num_boost_round": 13.0}, "datetime": {"datetime": "2024-01-19 00:58:13", "elapsed": 2796.394394, "delta": 0.004167}}
{"target": -13.758522416783778, "params": {"gamma": 443.4681515109069, "log10_alpha": -4.665864481793948, "log10_colsample_bytree": -0.6256608493871283, "log10_eta": -3.3986762815523726, "log10_lambda": -1.1979802474643573, "log10_min_child_weight": 4.158566144643048, "log10_subsample": -0.16047479039341683, "max_depth": 5.0, "num_boost_round": 14.0}, "datetime": {"datetime": "2024-01-19 00:58:13", "elapsed": 2796.398588, "delta": 0.004194}}
{"target": -13.758517037322878, "params": {"gamma": 443.4681515109069, "log10_alpha": -4.665864481793948, "log10_colsample_bytree": -0.6256608493871283, "log10_eta": -3.3986762815523726, "log10_lambda": -1.1979802474643573, "log10_min_child_weight": 4.158566144643048, "log10_subsample": -0.16047479039341683, "max_depth": 5.0, "num_boost_round": 15.0}, "datetime": {"datetime": "2024-01-19 00:58:13", "elapsed": 2796.402795, "delta": 0.004207}}
{"target": -13.758513650291446, "params": {"gamma": 443.4681515109069, "log10_alpha": -4.665864481793948, "log10_colsample_bytree": -0.6256608493871283, "log10_eta": -3.3986762815523726, "log10_lambda": -1.1979802474643573, "log10_min_child_weight": 4.158566144643048, "log10_subsample": -0.16047479039341683, "max_depth": 5.0, "num_boost_round": 16.0}, "datetime": {"datetime": "2024-01-19 00:58:13", "elapsed": 2796.406984, "delta": 0.004189}}
{"target": -13.758517640416548, "params": {"gamma": 443.4681515109069, "log10_alpha": -4.665864481793948, "log10_colsample_bytree": -0.6256608493871283, "log10_eta": -3.3986762815523726, "log10_lambda": -1.1979802474643573, "log10_min_child_weight": 4.158566144643048, "log10_subsample": -0.16047479039341683, "max_depth": 5.0, "num_boost_round": 17.0}, "datetime": {"datetime": "2024-01-19 00:58:13", "elapsed": 2796.414427, "delta": 0.007443}}
{"target": -13.758519727593615, "params": {"gamma": 443.4681515109069, "log10_alpha": -4.665864481793948, "log10_colsample_bytree": -0.6256608493871283, "log10_eta": -3.3986762815523726, "log10_lambda": -1.1979802474643573, "log10_min_child_weight": 4.158566144643048, "log10_subsample": -0.16047479039341683, "max_depth": 5.0, "num_boost_round": 18.0}, "datetime": {"datetime": "2024-01-19 00:58:13", "elapsed": 2796.418615, "delta": 0.004188}}
{"target": -13.758512394878434, "params": {"gamma": 443.4681515109069, "log10_alpha": -4.665864481793948, "log10_colsample_bytree": -0.6256608493871283, "log10_eta": -3.3986762815523726, "log10_lambda": -1.1979802474643573, "log10_min_child_weight": 4.158566144643048, "log10_subsample": -0.16047479039341683, "max_depth": 5.0, "num_boost_round": 19.0}, "datetime": {"datetime": "2024-01-19 00:58:13", "elapsed": 2796.42274, "delta": 0.004125}}
{"target": -13.758514745985718, "params": {"gamma": 443.4681515109069, "log10_alpha": -4.665864481793948, "log10_colsample_bytree": -0.6256608493871283, "log10_eta": -3.3986762815523726, "log10_lambda": -1.1979802474643573, "log10_min_child_weight": 4.158566144643048, "log10_subsample": -0.16047479039341683, "max_depth": 5.0, "num_boost_round": 20.0}, "datetime": {"datetime": "2024-01-19 00:58:13", "elapsed": 2796.426889, "delta": 0.004149}}
{"target": -13.758510630211063, "params": {"gamma": 443.4681515109069, "log10_alpha": -4.665864481793948, "log10_colsample_bytree": -0.6256608493871283, "log10_eta": -3.3986762815523726, "log10_lambda": -1.1979802474643573, "log10_min_child_weight": 4.158566144643048, "log10_subsample": -0.16047479039341683, "max_depth": 5.0, "num_boost_round": 21.0}, "datetime": {"datetime": "2024-01-19 00:58:13", "elapsed": 2796.431187, "delta": 0.004298}}
{"target": -13.758505918903733, "params": {"gamma": 443.4681515109069, "log10_alpha": -4.665864481793948, "log10_colsample_bytree": -0.6256608493871283, "log10_eta": -3.3986762815523726, "log10_lambda": -1.1979802474643573, "log10_min_child_weight": 4.158566144643048, "log10_subsample": -0.16047479039341683, "max_depth": 5.0, "num_boost_round": 22.0}, "datetime": {"datetime": "2024-01-19 00:58:13", "elapsed": 2796.435331, "delta": 0.004144}}
{"target": -13.758504488653903, "params": {"gamma": 443.4681515109069, "log10_alpha": -4.665864481793948, "log10_colsample_bytree": -0.6256608493871283, "log10_eta": -3.3986762815523726, "log10_lambda": -1.1979802474643573, "log10_min_child_weight": 4.158566144643048, "log10_subsample": -0.16047479039341683, "max_depth": 5.0, "num_boost_round": 23.0}, "datetime": {"datetime": "2024-01-19 00:58:13", "elapsed": 2796.439485, "delta": 0.004154}}
{"target": -13.758505049360073, "params": {"gamma": 443.4681515109069, "log10_alpha": -4.665864481793948, "log10_colsample_bytree": -0.6256608493871283, "log10_eta": -3.3986762815523726, "log10_lambda": -1.1979802474643573, "log10_min_child_weight": 4.158566144643048, "log10_subsample": -0.16047479039341683, "max_depth": 5.0, "num_boost_round": 24.0}, "datetime": {"datetime": "2024-01-19 00:58:13", "elapsed": 2796.443664, "delta": 0.004179}}
{"target": -13.758505001825736, "params": {"gamma": 443.4681515109069, "log10_alpha": -4.665864481793948, "log10_colsample_bytree": -0.6256608493871283, "log10_eta": -3.3986762815523726, "log10_lambda": -1.1979802474643573, "log10_min_child_weight": 4.158566144643048, "log10_subsample": -0.16047479039341683, "max_depth": 5.0, "num_boost_round": 25.0}, "datetime": {"datetime": "2024-01-19 00:58:13", "elapsed": 2796.447814, "delta": 0.00415}}
{"target": -13.758503472475514, "params": {"gamma": 443.4681515109069, "log10_alpha": -4.665864481793948, "log10_colsample_bytree": -0.6256608493871283, "log10_eta": -3.3986762815523726, "log10_lambda": -1.1979802474643573, "log10_min_child_weight": 4.158566144643048, "log10_subsample": -0.16047479039341683, "max_depth": 5.0, "num_boost_round": 26.0}, "datetime": {"datetime": "2024-01-19 00:58:13", "elapsed": 2796.452126, "delta": 0.004312}}
{"target": -13.75849597769201, "params": {"gamma": 443.4681515109069, "log10_alpha": -4.665864481793948, "log10_colsample_bytree": -0.6256608493871283, "log10_eta": -3.3986762815523726, "log10_lambda": -1.1979802474643573, "log10_min_child_weight": 4.158566144643048, "log10_subsample": -0.16047479039341683, "max_depth": 5.0, "num_boost_round": 27.0}, "datetime": {"datetime": "2024-01-19 00:58:13", "elapsed": 2796.456302, "delta": 0.004176}}
{"target": -13.758488147222884, "params": {"gamma": 443.4681515109069, "log10_alpha": -4.665864481793948, "log10_colsample_bytree": -0.6256608493871283, "log10_eta": -3.3986762815523726, "log10_lambda": -1.1979802474643573, "log10_min_child_weight": 4.158566144643048, "log10_subsample": -0.16047479039341683, "max_depth": 5.0, "num_boost_round": 28.0}, "datetime": {"datetime": "2024-01-19 00:58:13", "elapsed": 2796.460463, "delta": 0.004161}}
{"target": -13.758484689133505, "params": {"gamma": 443.4681515109069, "log10_alpha": -4.665864481793948, "log10_colsample_bytree": -0.6256608493871283, "log10_eta": -3.3986762815523726, "log10_lambda": -1.1979802474643573, "log10_min_child_weight": 4.158566144643048, "log10_subsample": -0.16047479039341683, "max_depth": 5.0, "num_boost_round": 29.0}, "datetime": {"datetime": "2024-01-19 00:58:13", "elapsed": 2796.464635, "delta": 0.004172}}
{"target": -13.758194704605708, "params": {"gamma": 431.50833580223036, "log10_alpha": -1.1817952207544185, "log10_colsample_bytree": -0.8189641114811537, "log10_eta": -1.7594496238003798, "log10_lambda": -3.575581074140783, "log10_min_child_weight": 0.039774826549529574, "log10_subsample": -0.3961788641179872, "max_depth": 2.0, "num_boost_round": 0.0}, "datetime": {"datetime": "2024-01-19 00:59:10", "elapsed": 2853.859021, "delta": 57.394386}}
{"target": -13.75800720517562, "params": {"gamma": 431.50833580223036, "log10_alpha": -1.1817952207544185, "log10_colsample_bytree": -0.8189641114811537, "log10_eta": -1.7594496238003798, "log10_lambda": -3.575581074140783, "log10_min_child_weight": 0.039774826549529574, "log10_subsample": -0.3961788641179872, "max_depth": 2.0, "num_boost_round": 1.0}, "datetime": {"datetime": "2024-01-19 00:59:10", "elapsed": 2853.863673, "delta": 0.004652}}
{"target": -13.757955935951031, "params": {"gamma": 431.50833580223036, "log10_alpha": -1.1817952207544185, "log10_colsample_bytree": -0.8189641114811537, "log10_eta": -1.7594496238003798, "log10_lambda": -3.575581074140783, "log10_min_child_weight": 0.039774826549529574, "log10_subsample": -0.3961788641179872, "max_depth": 2.0, "num_boost_round": 2.0}, "datetime": {"datetime": "2024-01-19 00:59:10", "elapsed": 2853.867921, "delta": 0.004248}}
{"target": -13.757769879897717, "params": {"gamma": 431.50833580223036, "log10_alpha": -1.1817952207544185, "log10_colsample_bytree": -0.8189641114811537, "log10_eta": -1.7594496238003798, "log10_lambda": -3.575581074140783, "log10_min_child_weight": 0.039774826549529574, "log10_subsample": -0.3961788641179872, "max_depth": 2.0, "num_boost_round": 3.0}, "datetime": {"datetime": "2024-01-19 00:59:10", "elapsed": 2853.872232, "delta": 0.004311}}
{"target": -13.75780201808037, "params": {"gamma": 431.50833580223036, "log10_alpha": -1.1817952207544185, "log10_colsample_bytree": -0.8189641114811537, "log10_eta": -1.7594496238003798, "log10_lambda": -3.575581074140783, "log10_min_child_weight": 0.039774826549529574, "log10_subsample": -0.3961788641179872, "max_depth": 2.0, "num_boost_round": 4.0}, "datetime": {"datetime": "2024-01-19 00:59:10", "elapsed": 2853.876394, "delta": 0.004162}}
{"target": -13.757609104337428, "params": {"gamma": 431.50833580223036, "log10_alpha": -1.1817952207544185, "log10_colsample_bytree": -0.8189641114811537, "log10_eta": -1.7594496238003798, "log10_lambda": -3.575581074140783, "log10_min_child_weight": 0.039774826549529574, "log10_subsample": -0.3961788641179872, "max_depth": 2.0, "num_boost_round": 5.0}, "datetime": {"datetime": "2024-01-19 00:59:10", "elapsed": 2853.880577, "delta": 0.004183}}
{"target": -13.757637844317726, "params": {"gamma": 431.50833580223036, "log10_alpha": -1.1817952207544185, "log10_colsample_bytree": -0.8189641114811537, "log10_eta": -1.7594496238003798, "log10_lambda": -3.575581074140783, "log10_min_child_weight": 0.039774826549529574, "log10_subsample": -0.3961788641179872, "max_depth": 2.0, "num_boost_round": 6.0}, "datetime": {"datetime": "2024-01-19 00:59:10", "elapsed": 2853.884711, "delta": 0.004134}}
{"target": -13.757331105886347, "params": {"gamma": 431.50833580223036, "log10_alpha": -1.1817952207544185, "log10_colsample_bytree": -0.8189641114811537, "log10_eta": -1.7594496238003798, "log10_lambda": -3.575581074140783, "log10_min_child_weight": 0.039774826549529574, "log10_subsample": -0.3961788641179872, "max_depth": 2.0, "num_boost_round": 7.0}, "datetime": {"datetime": "2024-01-19 00:59:10", "elapsed": 2853.889013, "delta": 0.004302}}
{"target": -13.757526430644976, "params": {"gamma": 431.50833580223036, "log10_alpha": -1.1817952207544185, "log10_colsample_bytree": -0.8189641114811537, "log10_eta": -1.7594496238003798, "log10_lambda": -3.575581074140783, "log10_min_child_weight": 0.039774826549529574, "log10_subsample": -0.3961788641179872, "max_depth": 2.0, "num_boost_round": 8.0}, "datetime": {"datetime": "2024-01-19 00:59:10", "elapsed": 2853.893309, "delta": 0.004296}}
{"target": -13.757376249967297, "params": {"gamma": 431.50833580223036, "log10_alpha": -1.1817952207544185, "log10_colsample_bytree": -0.8189641114811537, "log10_eta": -1.7594496238003798, "log10_lambda": -3.575581074140783, "log10_min_child_weight": 0.039774826549529574, "log10_subsample": -0.3961788641179872, "max_depth": 2.0, "num_boost_round": 9.0}, "datetime": {"datetime": "2024-01-19 00:59:10", "elapsed": 2853.897679, "delta": 0.00437}}
{"target": -13.757269655355385, "params": {"gamma": 431.50833580223036, "log10_alpha": -1.1817952207544185, "log10_colsample_bytree": -0.8189641114811537, "log10_eta": -1.7594496238003798, "log10_lambda": -3.575581074140783, "log10_min_child_weight": 0.039774826549529574, "log10_subsample": -0.3961788641179872, "max_depth": 2.0, "num_boost_round": 10.0}, "datetime": {"datetime": "2024-01-19 00:59:10", "elapsed": 2853.901873, "delta": 0.004194}}
{"target": -13.75719827461396, "params": {"gamma": 431.50833580223036, "log10_alpha": -1.1817952207544185, "log10_colsample_bytree": -0.8189641114811537, "log10_eta": -1.7594496238003798, "log10_lambda": -3.575581074140783, "log10_min_child_weight": 0.039774826549529574, "log10_subsample": -0.3961788641179872, "max_depth": 2.0, "num_boost_round": 11.0}, "datetime": {"datetime": "2024-01-19 00:59:10", "elapsed": 2853.906063, "delta": 0.00419}}
{"target": -13.757042804242408, "params": {"gamma": 431.50833580223036, "log10_alpha": -1.1817952207544185, "log10_colsample_bytree": -0.8189641114811537, "log10_eta": -1.7594496238003798, "log10_lambda": -3.575581074140783, "log10_min_child_weight": 0.039774826549529574, "log10_subsample": -0.3961788641179872, "max_depth": 2.0, "num_boost_round": 12.0}, "datetime": {"datetime": "2024-01-19 00:59:10", "elapsed": 2853.910308, "delta": 0.004245}}
{"target": -13.75685167057339, "params": {"gamma": 431.50833580223036, "log10_alpha": -1.1817952207544185, "log10_colsample_bytree": -0.8189641114811537, "log10_eta": -1.7594496238003798, "log10_lambda": -3.575581074140783, "log10_min_child_weight": 0.039774826549529574, "log10_subsample": -0.3961788641179872, "max_depth": 2.0, "num_boost_round": 13.0}, "datetime": {"datetime": "2024-01-19 00:59:10", "elapsed": 2853.914469, "delta": 0.004161}}
{"target": -13.758538485887675, "params": {"gamma": 423.172214321041, "log10_alpha": -3.9541011571149416, "log10_colsample_bytree": 0.0, "log10_eta": -4.0, "log10_lambda": -3.409306449065134, "log10_min_child_weight": 0.0, "log10_subsample": 0.0, "max_depth": 10.0, "num_boost_round": 0.0}, "datetime": {"datetime": "2024-01-19 01:00:58", "elapsed": 2961.172296, "delta": 107.257827}}
{"target": -13.758538694720633, "params": {"gamma": 423.172214321041, "log10_alpha": -3.9541011571149416, "log10_colsample_bytree": 0.0, "log10_eta": -4.0, "log10_lambda": -3.409306449065134, "log10_min_child_weight": 0.0, "log10_subsample": 0.0, "max_depth": 10.0, "num_boost_round": 1.0}, "datetime": {"datetime": "2024-01-19 01:00:58", "elapsed": 2961.177237, "delta": 0.004941}}
{"target": -13.758538894371458, "params": {"gamma": 423.172214321041, "log10_alpha": -3.9541011571149416, "log10_colsample_bytree": 0.0, "log10_eta": -4.0, "log10_lambda": -3.409306449065134, "log10_min_child_weight": 0.0, "log10_subsample": 0.0, "max_depth": 10.0, "num_boost_round": 2.0}, "datetime": {"datetime": "2024-01-19 01:00:58", "elapsed": 2961.181458, "delta": 0.004221}}
{"target": -13.758539128400708, "params": {"gamma": 423.172214321041, "log10_alpha": -3.9541011571149416, "log10_colsample_bytree": 0.0, "log10_eta": -4.0, "log10_lambda": -3.409306449065134, "log10_min_child_weight": 0.0, "log10_subsample": 0.0, "max_depth": 10.0, "num_boost_round": 3.0}, "datetime": {"datetime": "2024-01-19 01:00:58", "elapsed": 2961.185547, "delta": 0.004089}}
{"target": -13.758539309814578, "params": {"gamma": 423.172214321041, "log10_alpha": -3.9541011571149416, "log10_colsample_bytree": 0.0, "log10_eta": -4.0, "log10_lambda": -3.409306449065134, "log10_min_child_weight": 0.0, "log10_subsample": 0.0, "max_depth": 10.0, "num_boost_round": 4.0}, "datetime": {"datetime": "2024-01-19 01:00:58", "elapsed": 2961.189847, "delta": 0.0043}}
{"target": -13.758539588787848, "params": {"gamma": 423.172214321041, "log10_alpha": -3.9541011571149416, "log10_colsample_bytree": 0.0, "log10_eta": -4.0, "log10_lambda": -3.409306449065134, "log10_min_child_weight": 0.0, "log10_subsample": 0.0, "max_depth": 10.0, "num_boost_round": 5.0}, "datetime": {"datetime": "2024-01-19 01:00:58", "elapsed": 2961.194165, "delta": 0.004318}}
{"target": -13.75853982313812, "params": {"gamma": 423.172214321041, "log10_alpha": -3.9541011571149416, "log10_colsample_bytree": 0.0, "log10_eta": -4.0, "log10_lambda": -3.409306449065134, "log10_min_child_weight": 0.0, "log10_subsample": 0.0, "max_depth": 10.0, "num_boost_round": 6.0}, "datetime": {"datetime": "2024-01-19 01:00:58", "elapsed": 2961.1985, "delta": 0.004335}}
{"target": -13.758540131551854, "params": {"gamma": 423.172214321041, "log10_alpha": -3.9541011571149416, "log10_colsample_bytree": 0.0, "log10_eta": -4.0, "log10_lambda": -3.409306449065134, "log10_min_child_weight": 0.0, "log10_subsample": 0.0, "max_depth": 10.0, "num_boost_round": 7.0}, "datetime": {"datetime": "2024-01-19 01:00:58", "elapsed": 2961.202606, "delta": 0.004106}}
{"target": -13.758540413032446, "params": {"gamma": 423.172214321041, "log10_alpha": -3.9541011571149416, "log10_colsample_bytree": 0.0, "log10_eta": -4.0, "log10_lambda": -3.409306449065134, "log10_min_child_weight": 0.0, "log10_subsample": 0.0, "max_depth": 10.0, "num_boost_round": 8.0}, "datetime": {"datetime": "2024-01-19 01:00:58", "elapsed": 2961.206797, "delta": 0.004191}}
{"target": -13.758540757217762, "params": {"gamma": 423.172214321041, "log10_alpha": -3.9541011571149416, "log10_colsample_bytree": 0.0, "log10_eta": -4.0, "log10_lambda": -3.409306449065134, "log10_min_child_weight": 0.0, "log10_subsample": 0.0, "max_depth": 10.0, "num_boost_round": 9.0}, "datetime": {"datetime": "2024-01-19 01:00:58", "elapsed": 2961.21099, "delta": 0.004193}}
{"target": -13.758541076597934, "params": {"gamma": 423.172214321041, "log10_alpha": -3.9541011571149416, "log10_colsample_bytree": 0.0, "log10_eta": -4.0, "log10_lambda": -3.409306449065134, "log10_min_child_weight": 0.0, "log10_subsample": 0.0, "max_depth": 10.0, "num_boost_round": 10.0}, "datetime": {"datetime": "2024-01-19 01:00:58", "elapsed": 2961.215106, "delta": 0.004116}}
{"target": -13.758541462712829, "params": {"gamma": 423.172214321041, "log10_alpha": -3.9541011571149416, "log10_colsample_bytree": 0.0, "log10_eta": -4.0, "log10_lambda": -3.409306449065134, "log10_min_child_weight": 0.0, "log10_subsample": 0.0, "max_depth": 10.0, "num_boost_round": 11.0}, "datetime": {"datetime": "2024-01-19 01:00:58", "elapsed": 2961.219231, "delta": 0.004125}}
{"target": -13.75854182695041, "params": {"gamma": 423.172214321041, "log10_alpha": -3.9541011571149416, "log10_colsample_bytree": 0.0, "log10_eta": -4.0, "log10_lambda": -3.409306449065134, "log10_min_child_weight": 0.0, "log10_subsample": 0.0, "max_depth": 10.0, "num_boost_round": 12.0}, "datetime": {"datetime": "2024-01-19 01:00:58", "elapsed": 2961.223296, "delta": 0.004065}}
{"target": -13.758542198670227, "params": {"gamma": 423.172214321041, "log10_alpha": -3.9541011571149416, "log10_colsample_bytree": 0.0, "log10_eta": -4.0, "log10_lambda": -3.409306449065134, "log10_min_child_weight": 0.0, "log10_subsample": 0.0, "max_depth": 10.0, "num_boost_round": 13.0}, "datetime": {"datetime": "2024-01-19 01:00:58", "elapsed": 2961.227374, "delta": 0.004078}}
{"target": -13.75854259963808, "params": {"gamma": 423.172214321041, "log10_alpha": -3.9541011571149416, "log10_colsample_bytree": 0.0, "log10_eta": -4.0, "log10_lambda": -3.409306449065134, "log10_min_child_weight": 0.0, "log10_subsample": 0.0, "max_depth": 10.0, "num_boost_round": 14.0}, "datetime": {"datetime": "2024-01-19 01:00:58", "elapsed": 2961.231626, "delta": 0.004252}}
{"target": -13.758543047303318, "params": {"gamma": 423.172214321041, "log10_alpha": -3.9541011571149416, "log10_colsample_bytree": 0.0, "log10_eta": -4.0, "log10_lambda": -3.409306449065134, "log10_min_child_weight": 0.0, "log10_subsample": 0.0, "max_depth": 10.0, "num_boost_round": 15.0}, "datetime": {"datetime": "2024-01-19 01:00:58", "elapsed": 2961.235666, "delta": 0.00404}}
