{"target": -13.757763520075189, "params": {"gamma": 306.971950643796, "log10_alpha": 0.025110685052456283, "log10_colsample_bytree": -0.17082076368831056, "log10_eta": -2.2814874647986163, "log10_lambda": -1.1071519855502734, "log10_min_child_weight": 2.4457843239699733, "log10_subsample": -0.6865206920300392, "max_depth": 3.0, "num_boost_round": 28.0}, "datetime": {"datetime": "2024-01-19 02:13:37", "elapsed": 7269.592484, "delta": 0.006731}}
{"target": -13.757648917390103, "params": {"gamma": 306.971950643796, "log10_alpha": 0.025110685052456283, "log10_colsample_bytree": -0.17082076368831056, "log10_eta": -2.2814874647986163, "log10_lambda": -1.1071519855502734, "log10_min_child_weight": 2.4457843239699733, "log10_subsample": -0.6865206920300392, "max_depth": 3.0, "num_boost_round": 29.0}, "datetime": {"datetime": "2024-01-19 02:13:37", "elapsed": 7269.599059, "delta": 0.006575}}
{"target": -13.757644488854828, "params": {"gamma": 306.971950643796, "log10_alpha": 0.025110685052456283, "log10_colsample_bytree": -0.17082076368831056, "log10_eta": -2.2814874647986163, "log10_lambda": -1.1071519855502734, "log10_min_child_weight": 2.4457843239699733, "log10_subsample": -0.6865206920300392, "max_depth": 3.0, "num_boost_round": 30.0}, "datetime": {"datetime": "2024-01-19 02:13:37", "elapsed": 7269.606797, "delta": 0.007738}}
{"target": -13.757652426725917, "params": {"gamma": 306.971950643796, "log10_alpha": 0.025110685052456283, "log10_colsample_bytree": -0.17082076368831056, "log10_eta": -2.2814874647986163, "log10_lambda": -1.1071519855502734, "log10_min_child_weight": 2.4457843239699733, "log10_subsample": -0.6865206920300392, "max_depth": 3.0, "num_boost_round": 31.0}, "datetime": {"datetime": "2024-01-19 02:13:37", "elapsed": 7269.613701, "delta": 0.006904}}
{"target": -13.757662131393111, "params": {"gamma": 306.971950643796, "log10_alpha": 0.025110685052456283, "log10_colsample_bytree": -0.17082076368831056, "log10_eta": -2.2814874647986163, "log10_lambda": -1.1071519855502734, "log10_min_child_weight": 2.4457843239699733, "log10_subsample": -0.6865206920300392, "max_depth": 3.0, "num_boost_round": 32.0}, "datetime": {"datetime": "2024-01-19 02:13:37", "elapsed": 7269.620516, "delta": 0.006815}}
{"target": -13.757625654332928, "params": {"gamma": 306.971950643796, "log10_alpha": 0.025110685052456283, "log10_colsample_bytree": -0.17082076368831056, "log10_eta": -2.2814874647986163, "log10_lambda": -1.1071519855502734, "log10_min_child_weight": 2.4457843239699733, "log10_subsample": -0.6865206920300392, "max_depth": 3.0, "num_boost_round": 33.0}, "datetime": {"datetime": "2024-01-19 02:13:37", "elapsed": 7269.627119, "delta": 0.006603}}
{"target": -13.757654324189945, "params": {"gamma": 306.971950643796, "log10_alpha": 0.025110685052456283, "log10_colsample_bytree": -0.17082076368831056, "log10_eta": -2.2814874647986163, "log10_lambda": -1.1071519855502734, "log10_min_child_weight": 2.4457843239699733, "log10_subsample": -0.6865206920300392, "max_depth": 3.0, "num_boost_round": 34.0}, "datetime": {"datetime": "2024-01-19 02:13:37", "elapsed": 7269.633601, "delta": 0.006482}}
{"target": -13.757617695286598, "params": {"gamma": 306.971950643796, "log10_alpha": 0.025110685052456283, "log10_colsample_bytree": -0.17082076368831056, "log10_eta": -2.2814874647986163, "log10_lambda": -1.1071519855502734, "log10_min_child_weight": 2.4457843239699733, "log10_subsample": -0.6865206920300392, "max_depth": 3.0, "num_boost_round": 35.0}, "datetime": {"datetime": "2024-01-19 02:13:37", "elapsed": 7269.640105, "delta": 0.006504}}
{"target": -13.757618740274882, "params": {"gamma": 306.971950643796, "log10_alpha": 0.025110685052456283, "log10_colsample_bytree": -0.17082076368831056, "log10_eta": -2.2814874647986163, "log10_lambda": -1.1071519855502734, "log10_min_child_weight": 2.4457843239699733, "log10_subsample": -0.6865206920300392, "max_depth": 3.0, "num_boost_round": 36.0}, "datetime": {"datetime": "2024-01-19 02:13:37", "elapsed": 7269.753082, "delta": 0.112977}}
{"target": -13.757707271731485, "params": {"gamma": 306.971950643796, "log10_alpha": 0.025110685052456283, "log10_colsample_bytree": -0.17082076368831056, "log10_eta": -2.2814874647986163, "log10_lambda": -1.1071519855502734, "log10_min_child_weight": 2.4457843239699733, "log10_subsample": -0.6865206920300392, "max_depth": 3.0, "num_boost_round": 37.0}, "datetime": {"datetime": "2024-01-19 02:13:37", "elapsed": 7269.76152, "delta": 0.008438}}
{"target": -13.757727245648205, "params": {"gamma": 306.971950643796, "log10_alpha": 0.025110685052456283, "log10_colsample_bytree": -0.17082076368831056, "log10_eta": -2.2814874647986163, "log10_lambda": -1.1071519855502734, "log10_min_child_weight": 2.4457843239699733, "log10_subsample": -0.6865206920300392, "max_depth": 3.0, "num_boost_round": 38.0}, "datetime": {"datetime": "2024-01-19 02:13:37", "elapsed": 7269.768521, "delta": 0.007001}}
{"target": -13.757745986179273, "params": {"gamma": 306.971950643796, "log10_alpha": 0.025110685052456283, "log10_colsample_bytree": -0.17082076368831056, "log10_eta": -2.2814874647986163, "log10_lambda": -1.1071519855502734, "log10_min_child_weight": 2.4457843239699733, "log10_subsample": -0.6865206920300392, "max_depth": 3.0, "num_boost_round": 39.0}, "datetime": {"datetime": "2024-01-19 02:13:37", "elapsed": 7269.775617, "delta": 0.007096}}
{"target": -13.757790441969593, "params": {"gamma": 306.971950643796, "log10_alpha": 0.025110685052456283, "log10_colsample_bytree": -0.17082076368831056, "log10_eta": -2.2814874647986163, "log10_lambda": -1.1071519855502734, "log10_min_child_weight": 2.4457843239699733, "log10_subsample": -0.6865206920300392, "max_depth": 3.0, "num_boost_round": 40.0}, "datetime": {"datetime": "2024-01-19 02:13:37", "elapsed": 7269.782534, "delta": 0.006917}}
{"target": -13.758506516841107, "params": {"gamma": 295.13116774326573, "log10_alpha": -1.0725308344353568, "log10_colsample_bytree": -0.27434777386671516, "log10_eta": -2.8776744206364135, "log10_lambda": -3.3254479703890247, "log10_min_child_weight": 2.632707056086565, "log10_subsample": -0.5171113512802249, "max_depth": 5.0, "num_boost_round": 0.0}, "datetime": {"datetime": "2024-01-19 02:15:23", "elapsed": 7376.317463, "delta": 106.534929}}
{"target": -13.75850960283782, "params": {"gamma": 295.13116774326573, "log10_alpha": -1.0725308344353568, "log10_colsample_bytree": -0.27434777386671516, "log10_eta": -2.8776744206364135, "log10_lambda": -3.3254479703890247, "log10_min_child_weight": 2.632707056086565, "log10_subsample": -0.5171113512802249, "max_depth": 5.0, "num_boost_round": 1.0}, "datetime": {"datetime": "2024-01-19 02:15:23", "elapsed": 7376.325251, "delta": 0.007788}}
{"target": -13.758471945001054, "params": {"gamma": 295.13116774326573, "log10_alpha": -1.0725308344353568, "log10_colsample_bytree": -0.27434777386671516, "log10_eta": -2.8776744206364135, "log10_lambda": -3.3254479703890247, "log10_min_child_weight": 2.632707056086565, "log10_subsample": -0.5171113512802249, "max_depth": 5.0, "num_boost_round": 2.0}, "datetime": {"datetime": "2024-01-19 02:15:23", "elapsed": 7376.332135, "delta": 0.006884}}
{"target": -13.758440834171534, "params": {"gamma": 295.13116774326573, "log10_alpha": -1.0725308344353568, "log10_colsample_bytree": -0.27434777386671516, "log10_eta": -2.8776744206364135, "log10_lambda": -3.3254479703890247, "log10_min_child_weight": 2.632707056086565, "log10_subsample": -0.5171113512802249, "max_depth": 5.0, "num_boost_round": 3.0}, "datetime": {"datetime": "2024-01-19 02:15:23", "elapsed": 7376.338605, "delta": 0.00647}}
{"target": -13.758389660062278, "params": {"gamma": 295.13116774326573, "log10_alpha": -1.0725308344353568, "log10_colsample_bytree": -0.27434777386671516, "log10_eta": -2.8776744206364135, "log10_lambda": -3.3254479703890247, "log10_min_child_weight": 2.632707056086565, "log10_subsample": -0.5171113512802249, "max_depth": 5.0, "num_boost_round": 4.0}, "datetime": {"datetime": "2024-01-19 02:15:23", "elapsed": 7376.345125, "delta": 0.00652}}
{"target": -13.758404206780941, "params": {"gamma": 295.13116774326573, "log10_alpha": -1.0725308344353568, "log10_colsample_bytree": -0.27434777386671516, "log10_eta": -2.8776744206364135, "log10_lambda": -3.3254479703890247, "log10_min_child_weight": 2.632707056086565, "log10_subsample": -0.5171113512802249, "max_depth": 5.0, "num_boost_round": 5.0}, "datetime": {"datetime": "2024-01-19 02:15:23", "elapsed": 7376.351791, "delta": 0.006666}}
{"target": -13.75841155443264, "params": {"gamma": 295.13116774326573, "log10_alpha": -1.0725308344353568, "log10_colsample_bytree": -0.27434777386671516, "log10_eta": -2.8776744206364135, "log10_lambda": -3.3254479703890247, "log10_min_child_weight": 2.632707056086565, "log10_subsample": -0.5171113512802249, "max_depth": 5.0, "num_boost_round": 6.0}, "datetime": {"datetime": "2024-01-19 02:15:23", "elapsed": 7376.358384, "delta": 0.006593}}
{"target": -13.758406101034124, "params": {"gamma": 295.13116774326573, "log10_alpha": -1.0725308344353568, "log10_colsample_bytree": -0.27434777386671516, "log10_eta": -2.8776744206364135, "log10_lambda": -3.3254479703890247, "log10_min_child_weight": 2.632707056086565, "log10_subsample": -0.5171113512802249, "max_depth": 5.0, "num_boost_round": 7.0}, "datetime": {"datetime": "2024-01-19 02:15:23", "elapsed": 7376.36485, "delta": 0.006466}}
{"target": -13.75839991533365, "params": {"gamma": 295.13116774326573, "log10_alpha": -1.0725308344353568, "log10_colsample_bytree": -0.27434777386671516, "log10_eta": -2.8776744206364135, "log10_lambda": -3.3254479703890247, "log10_min_child_weight": 2.632707056086565, "log10_subsample": -0.5171113512802249, "max_depth": 5.0, "num_boost_round": 8.0}, "datetime": {"datetime": "2024-01-19 02:15:23", "elapsed": 7376.371352, "delta": 0.006502}}
{"target": -13.758357359401746, "params": {"gamma": 295.13116774326573, "log10_alpha": -1.0725308344353568, "log10_colsample_bytree": -0.27434777386671516, "log10_eta": -2.8776744206364135, "log10_lambda": -3.3254479703890247, "log10_min_child_weight": 2.632707056086565, "log10_subsample": -0.5171113512802249, "max_depth": 5.0, "num_boost_round": 9.0}, "datetime": {"datetime": "2024-01-19 02:15:23", "elapsed": 7376.377766, "delta": 0.006414}}
{"target": -13.758340733831929, "params": {"gamma": 295.13116774326573, "log10_alpha": -1.0725308344353568, "log10_colsample_bytree": -0.27434777386671516, "log10_eta": -2.8776744206364135, "log10_lambda": -3.3254479703890247, "log10_min_child_weight": 2.632707056086565, "log10_subsample": -0.5171113512802249, "max_depth": 5.0, "num_boost_round": 10.0}, "datetime": {"datetime": "2024-01-19 02:15:23", "elapsed": 7376.384642, "delta": 0.006876}}
{"target": -13.75831450064143, "params": {"gamma": 295.13116774326573, "log10_alpha": -1.0725308344353568, "log10_colsample_bytree": -0.27434777386671516, "log10_eta": -2.8776744206364135, "log10_lambda": -3.3254479703890247, "log10_min_child_weight": 2.632707056086565, "log10_subsample": -0.5171113512802249, "max_depth": 5.0, "num_boost_round": 11.0}, "datetime": {"datetime": "2024-01-19 02:15:23", "elapsed": 7376.391442, "delta": 0.0068}}
{"target": -13.758327978128216, "params": {"gamma": 295.13116774326573, "log10_alpha": -1.0725308344353568, "log10_colsample_bytree": -0.27434777386671516, "log10_eta": -2.8776744206364135, "log10_lambda": -3.3254479703890247, "log10_min_child_weight": 2.632707056086565, "log10_subsample": -0.5171113512802249, "max_depth": 5.0, "num_boost_round": 12.0}, "datetime": {"datetime": "2024-01-19 02:15:23", "elapsed": 7376.520302, "delta": 0.12886}}
{"target": -13.758381505677523, "params": {"gamma": 295.13116774326573, "log10_alpha": -1.0725308344353568, "log10_colsample_bytree": -0.27434777386671516, "log10_eta": -2.8776744206364135, "log10_lambda": -3.3254479703890247, "log10_min_child_weight": 2.632707056086565, "log10_subsample": -0.5171113512802249, "max_depth": 5.0, "num_boost_round": 13.0}, "datetime": {"datetime": "2024-01-19 02:15:23", "elapsed": 7376.529361, "delta": 0.009059}}
{"target": -13.755297987685609, "params": {"gamma": 298.0468414428543, "log10_alpha": -2.208538220687535, "log10_colsample_bytree": -0.719973820724683, "log10_eta": -0.3780433706970707, "log10_lambda": -1.9518132530003958, "log10_min_child_weight": 1.436672144221553, "log10_subsample": -0.48130411270400897, "max_depth": 3.0, "num_boost_round": 0.0}, "datetime": {"datetime": "2024-01-19 02:17:58", "elapsed": 7531.468153, "delta": 154.938792}}
{"target": -13.758565272111989, "params": {"gamma": 298.0468414428543, "log10_alpha": -2.208538220687535, "log10_colsample_bytree": -0.719973820724683, "log10_eta": -0.3780433706970707, "log10_lambda": -1.9518132530003958, "log10_min_child_weight": 1.436672144221553, "log10_subsample": -0.48130411270400897, "max_depth": 3.0, "num_boost_round": 1.0}, "datetime": {"datetime": "2024-01-19 02:17:58", "elapsed": 7531.476664, "delta": 0.008511}}
{"target": -13.770207182180558, "params": {"gamma": 298.0468414428543, "log10_alpha": -2.208538220687535, "log10_colsample_bytree": -0.719973820724683, "log10_eta": -0.3780433706970707, "log10_lambda": -1.9518132530003958, "log10_min_child_weight": 1.436672144221553, "log10_subsample": -0.48130411270400897, "max_depth": 3.0, "num_boost_round": 2.0}, "datetime": {"datetime": "2024-01-19 02:17:58", "elapsed": 7531.484329, "delta": 0.007665}}
{"target": -13.77250119511766, "params": {"gamma": 298.0468414428543, "log10_alpha": -2.208538220687535, "log10_colsample_bytree": -0.719973820724683, "log10_eta": -0.3780433706970707, "log10_lambda": -1.9518132530003958, "log10_min_child_weight": 1.436672144221553, "log10_subsample": -0.48130411270400897, "max_depth": 3.0, "num_boost_round": 3.0}, "datetime": {"datetime": "2024-01-19 02:17:58", "elapsed": 7531.493039, "delta": 0.00871}}
{"target": -13.784470311495639, "params": {"gamma": 298.0468414428543, "log10_alpha": -2.208538220687535, "log10_colsample_bytree": -0.719973820724683, "log10_eta": -0.3780433706970707, "log10_lambda": -1.9518132530003958, "log10_min_child_weight": 1.436672144221553, "log10_subsample": -0.48130411270400897, "max_depth": 3.0, "num_boost_round": 4.0}, "datetime": {"datetime": "2024-01-19 02:17:58", "elapsed": 7531.501605, "delta": 0.008566}}
{"target": -13.790636647549041, "params": {"gamma": 298.0468414428543, "log10_alpha": -2.208538220687535, "log10_colsample_bytree": -0.719973820724683, "log10_eta": -0.3780433706970707, "log10_lambda": -1.9518132530003958, "log10_min_child_weight": 1.436672144221553, "log10_subsample": -0.48130411270400897, "max_depth": 3.0, "num_boost_round": 5.0}, "datetime": {"datetime": "2024-01-19 02:17:58", "elapsed": 7531.509753, "delta": 0.008148}}
{"target": -13.795809786321243, "params": {"gamma": 298.0468414428543, "log10_alpha": -2.208538220687535, "log10_colsample_bytree": -0.719973820724683, "log10_eta": -0.3780433706970707, "log10_lambda": -1.9518132530003958, "log10_min_child_weight": 1.436672144221553, "log10_subsample": -0.48130411270400897, "max_depth": 3.0, "num_boost_round": 6.0}, "datetime": {"datetime": "2024-01-19 02:17:58", "elapsed": 7531.517631, "delta": 0.007878}}
{"target": -13.818389411376282, "params": {"gamma": 298.0468414428543, "log10_alpha": -2.208538220687535, "log10_colsample_bytree": -0.719973820724683, "log10_eta": -0.3780433706970707, "log10_lambda": -1.9518132530003958, "log10_min_child_weight": 1.436672144221553, "log10_subsample": -0.48130411270400897, "max_depth": 3.0, "num_boost_round": 7.0}, "datetime": {"datetime": "2024-01-19 02:17:58", "elapsed": 7531.525481, "delta": 0.00785}}
{"target": -13.827021211876831, "params": {"gamma": 298.0468414428543, "log10_alpha": -2.208538220687535, "log10_colsample_bytree": -0.719973820724683, "log10_eta": -0.3780433706970707, "log10_lambda": -1.9518132530003958, "log10_min_child_weight": 1.436672144221553, "log10_subsample": -0.48130411270400897, "max_depth": 3.0, "num_boost_round": 8.0}, "datetime": {"datetime": "2024-01-19 02:17:58", "elapsed": 7531.533153, "delta": 0.007672}}
{"target": -13.827628033026711, "params": {"gamma": 298.0468414428543, "log10_alpha": -2.208538220687535, "log10_colsample_bytree": -0.719973820724683, "log10_eta": -0.3780433706970707, "log10_lambda": -1.9518132530003958, "log10_min_child_weight": 1.436672144221553, "log10_subsample": -0.48130411270400897, "max_depth": 3.0, "num_boost_round": 9.0}, "datetime": {"datetime": "2024-01-19 02:17:58", "elapsed": 7531.540776, "delta": 0.007623}}
{"target": -13.83213133217129, "params": {"gamma": 298.0468414428543, "log10_alpha": -2.208538220687535, "log10_colsample_bytree": -0.719973820724683, "log10_eta": -0.3780433706970707, "log10_lambda": -1.9518132530003958, "log10_min_child_weight": 1.436672144221553, "log10_subsample": -0.48130411270400897, "max_depth": 3.0, "num_boost_round": 10.0}, "datetime": {"datetime": "2024-01-19 02:17:58", "elapsed": 7531.548426, "delta": 0.00765}}
{"target": -13.832577870551322, "params": {"gamma": 298.0468414428543, "log10_alpha": -2.208538220687535, "log10_colsample_bytree": -0.719973820724683, "log10_eta": -0.3780433706970707, "log10_lambda": -1.9518132530003958, "log10_min_child_weight": 1.436672144221553, "log10_subsample": -0.48130411270400897, "max_depth": 3.0, "num_boost_round": 11.0}, "datetime": {"datetime": "2024-01-19 02:17:58", "elapsed": 7531.556304, "delta": 0.007878}}
{"target": -13.847838595312684, "params": {"gamma": 298.0468414428543, "log10_alpha": -2.208538220687535, "log10_colsample_bytree": -0.719973820724683, "log10_eta": -0.3780433706970707, "log10_lambda": -1.9518132530003958, "log10_min_child_weight": 1.436672144221553, "log10_subsample": -0.48130411270400897, "max_depth": 3.0, "num_boost_round": 12.0}, "datetime": {"datetime": "2024-01-19 02:17:58", "elapsed": 7531.564097, "delta": 0.007793}}
{"target": -13.855199066312842, "params": {"gamma": 298.0468414428543, "log10_alpha": -2.208538220687535, "log10_colsample_bytree": -0.719973820724683, "log10_eta": -0.3780433706970707, "log10_lambda": -1.9518132530003958, "log10_min_child_weight": 1.436672144221553, "log10_subsample": -0.48130411270400897, "max_depth": 3.0, "num_boost_round": 13.0}, "datetime": {"datetime": "2024-01-19 02:17:58", "elapsed": 7531.571938, "delta": 0.007841}}
{"target": -13.863041447572405, "params": {"gamma": 298.0468414428543, "log10_alpha": -2.208538220687535, "log10_colsample_bytree": -0.719973820724683, "log10_eta": -0.3780433706970707, "log10_lambda": -1.9518132530003958, "log10_min_child_weight": 1.436672144221553, "log10_subsample": -0.48130411270400897, "max_depth": 3.0, "num_boost_round": 14.0}, "datetime": {"datetime": "2024-01-19 02:17:59", "elapsed": 7531.579818, "delta": 0.00788}}
{"target": -13.866593268102083, "params": {"gamma": 298.0468414428543, "log10_alpha": -2.208538220687535, "log10_colsample_bytree": -0.719973820724683, "log10_eta": -0.3780433706970707, "log10_lambda": -1.9518132530003958, "log10_min_child_weight": 1.436672144221553, "log10_subsample": -0.48130411270400897, "max_depth": 3.0, "num_boost_round": 15.0}, "datetime": {"datetime": "2024-01-19 02:17:59", "elapsed": 7531.587538, "delta": 0.00772}}
{"target": -13.87236732363537, "params": {"gamma": 298.0468414428543, "log10_alpha": -2.208538220687535, "log10_colsample_bytree": -0.719973820724683, "log10_eta": -0.3780433706970707, "log10_lambda": -1.9518132530003958, "log10_min_child_weight": 1.436672144221553, "log10_subsample": -0.48130411270400897, "max_depth": 3.0, "num_boost_round": 16.0}, "datetime": {"datetime": "2024-01-19 02:17:59", "elapsed": 7531.595228, "delta": 0.00769}}
{"target": -13.875173234349504, "params": {"gamma": 298.0468414428543, "log10_alpha": -2.208538220687535, "log10_colsample_bytree": -0.719973820724683, "log10_eta": -0.3780433706970707, "log10_lambda": -1.9518132530003958, "log10_min_child_weight": 1.436672144221553, "log10_subsample": -0.48130411270400897, "max_depth": 3.0, "num_boost_round": 17.0}, "datetime": {"datetime": "2024-01-19 02:17:59", "elapsed": 7531.6036, "delta": 0.008372}}
{"target": -13.877742802212758, "params": {"gamma": 298.0468414428543, "log10_alpha": -2.208538220687535, "log10_colsample_bytree": -0.719973820724683, "log10_eta": -0.3780433706970707, "log10_lambda": -1.9518132530003958, "log10_min_child_weight": 1.436672144221553, "log10_subsample": -0.48130411270400897, "max_depth": 3.0, "num_boost_round": 18.0}, "datetime": {"datetime": "2024-01-19 02:17:59", "elapsed": 7531.611756, "delta": 0.008156}}
{"target": -13.87929908091203, "params": {"gamma": 298.0468414428543, "log10_alpha": -2.208538220687535, "log10_colsample_bytree": -0.719973820724683, "log10_eta": -0.3780433706970707, "log10_lambda": -1.9518132530003958, "log10_min_child_weight": 1.436672144221553, "log10_subsample": -0.48130411270400897, "max_depth": 3.0, "num_boost_round": 19.0}, "datetime": {"datetime": "2024-01-19 02:17:59", "elapsed": 7531.619832, "delta": 0.008076}}
{"target": -13.88354540188702, "params": {"gamma": 298.0468414428543, "log10_alpha": -2.208538220687535, "log10_colsample_bytree": -0.719973820724683, "log10_eta": -0.3780433706970707, "log10_lambda": -1.9518132530003958, "log10_min_child_weight": 1.436672144221553, "log10_subsample": -0.48130411270400897, "max_depth": 3.0, "num_boost_round": 20.0}, "datetime": {"datetime": "2024-01-19 02:17:59", "elapsed": 7531.627855, "delta": 0.008023}}
{"target": -13.893507585893152, "params": {"gamma": 298.0468414428543, "log10_alpha": -2.208538220687535, "log10_colsample_bytree": -0.719973820724683, "log10_eta": -0.3780433706970707, "log10_lambda": -1.9518132530003958, "log10_min_child_weight": 1.436672144221553, "log10_subsample": -0.48130411270400897, "max_depth": 3.0, "num_boost_round": 21.0}, "datetime": {"datetime": "2024-01-19 02:17:59", "elapsed": 7531.635629, "delta": 0.007774}}
