{"target": -13.75850849069453, "params": {"gamma": 128.18492827361726, "log10_alpha": 0.35502332344619475, "log10_colsample_bytree": -1.0, "log10_eta": -4.0, "log10_lambda": -3.4949083515036405, "log10_min_child_weight": 0.0, "log10_subsample": 0.0, "max_depth": 6.0, "num_boost_round": 21.0}, "datetime": {"datetime": "2024-01-19 01:36:15", "elapsed": 5083.108111, "delta": 0.004743}}
{"target": -13.758508555570762, "params": {"gamma": 128.18492827361726, "log10_alpha": 0.35502332344619475, "log10_colsample_bytree": -1.0, "log10_eta": -4.0, "log10_lambda": -3.4949083515036405, "log10_min_child_weight": 0.0, "log10_subsample": 0.0, "max_depth": 6.0, "num_boost_round": 22.0}, "datetime": {"datetime": "2024-01-19 01:36:15", "elapsed": 5083.113132, "delta": 0.005021}}
{"target": -13.758537723166063, "params": {"gamma": 704.0604451995504, "log10_alpha": -0.19809178375621586, "log10_colsample_bytree": -0.45675400810182126, "log10_eta": -4.0, "log10_lambda": 1.0, "log10_min_child_weight": 4.663993194365959, "log10_subsample": -1.0, "max_depth": 2.0, "num_boost_round": 0.0}, "datetime": {"datetime": "2024-01-19 01:37:14", "elapsed": 5141.971068, "delta": 58.857936}}
{"target": -13.758537530103016, "params": {"gamma": 704.0604451995504, "log10_alpha": -0.19809178375621586, "log10_colsample_bytree": -0.45675400810182126, "log10_eta": -4.0, "log10_lambda": 1.0, "log10_min_child_weight": 4.663993194365959, "log10_subsample": -1.0, "max_depth": 2.0, "num_boost_round": 1.0}, "datetime": {"datetime": "2024-01-19 01:37:14", "elapsed": 5141.977529, "delta": 0.006461}}
{"target": -13.75853772775622, "params": {"gamma": 704.0604451995504, "log10_alpha": -0.19809178375621586, "log10_colsample_bytree": -0.45675400810182126, "log10_eta": -4.0, "log10_lambda": 1.0, "log10_min_child_weight": 4.663993194365959, "log10_subsample": -1.0, "max_depth": 2.0, "num_boost_round": 2.0}, "datetime": {"datetime": "2024-01-19 01:37:14", "elapsed": 5141.984053, "delta": 0.006524}}
{"target": -13.75853729819698, "params": {"gamma": 704.0604451995504, "log10_alpha": -0.19809178375621586, "log10_colsample_bytree": -0.45675400810182126, "log10_eta": -4.0, "log10_lambda": 1.0, "log10_min_child_weight": 4.663993194365959, "log10_subsample": -1.0, "max_depth": 2.0, "num_boost_round": 3.0}, "datetime": {"datetime": "2024-01-19 01:37:14", "elapsed": 5141.989615, "delta": 0.005562}}
{"target": -13.758537013661863, "params": {"gamma": 704.0604451995504, "log10_alpha": -0.19809178375621586, "log10_colsample_bytree": -0.45675400810182126, "log10_eta": -4.0, "log10_lambda": 1.0, "log10_min_child_weight": 4.663993194365959, "log10_subsample": -1.0, "max_depth": 2.0, "num_boost_round": 4.0}, "datetime": {"datetime": "2024-01-19 01:37:14", "elapsed": 5141.99502, "delta": 0.005405}}
{"target": -13.758536614758155, "params": {"gamma": 704.0604451995504, "log10_alpha": -0.19809178375621586, "log10_colsample_bytree": -0.45675400810182126, "log10_eta": -4.0, "log10_lambda": 1.0, "log10_min_child_weight": 4.663993194365959, "log10_subsample": -1.0, "max_depth": 2.0, "num_boost_round": 5.0}, "datetime": {"datetime": "2024-01-19 01:37:14", "elapsed": 5142.000255, "delta": 0.005235}}
{"target": -13.758536196667743, "params": {"gamma": 704.0604451995504, "log10_alpha": -0.19809178375621586, "log10_colsample_bytree": -0.45675400810182126, "log10_eta": -4.0, "log10_lambda": 1.0, "log10_min_child_weight": 4.663993194365959, "log10_subsample": -1.0, "max_depth": 2.0, "num_boost_round": 6.0}, "datetime": {"datetime": "2024-01-19 01:37:14", "elapsed": 5142.005327, "delta": 0.005072}}
{"target": -13.758535786720856, "params": {"gamma": 704.0604451995504, "log10_alpha": -0.19809178375621586, "log10_colsample_bytree": -0.45675400810182126, "log10_eta": -4.0, "log10_lambda": 1.0, "log10_min_child_weight": 4.663993194365959, "log10_subsample": -1.0, "max_depth": 2.0, "num_boost_round": 7.0}, "datetime": {"datetime": "2024-01-19 01:37:14", "elapsed": 5142.01061, "delta": 0.005283}}
{"target": -13.758535651379729, "params": {"gamma": 704.0604451995504, "log10_alpha": -0.19809178375621586, "log10_colsample_bytree": -0.45675400810182126, "log10_eta": -4.0, "log10_lambda": 1.0, "log10_min_child_weight": 4.663993194365959, "log10_subsample": -1.0, "max_depth": 2.0, "num_boost_round": 8.0}, "datetime": {"datetime": "2024-01-19 01:37:14", "elapsed": 5142.015917, "delta": 0.005307}}
{"target": -13.758535149341084, "params": {"gamma": 704.0604451995504, "log10_alpha": -0.19809178375621586, "log10_colsample_bytree": -0.45675400810182126, "log10_eta": -4.0, "log10_lambda": 1.0, "log10_min_child_weight": 4.663993194365959, "log10_subsample": -1.0, "max_depth": 2.0, "num_boost_round": 9.0}, "datetime": {"datetime": "2024-01-19 01:37:14", "elapsed": 5142.020918, "delta": 0.005001}}
{"target": -13.75853477133655, "params": {"gamma": 704.0604451995504, "log10_alpha": -0.19809178375621586, "log10_colsample_bytree": -0.45675400810182126, "log10_eta": -4.0, "log10_lambda": 1.0, "log10_min_child_weight": 4.663993194365959, "log10_subsample": -1.0, "max_depth": 2.0, "num_boost_round": 10.0}, "datetime": {"datetime": "2024-01-19 01:37:14", "elapsed": 5142.02607, "delta": 0.005152}}
{"target": -13.758534259753507, "params": {"gamma": 704.0604451995504, "log10_alpha": -0.19809178375621586, "log10_colsample_bytree": -0.45675400810182126, "log10_eta": -4.0, "log10_lambda": 1.0, "log10_min_child_weight": 4.663993194365959, "log10_subsample": -1.0, "max_depth": 2.0, "num_boost_round": 11.0}, "datetime": {"datetime": "2024-01-19 01:37:14", "elapsed": 5142.031227, "delta": 0.005157}}
{"target": -13.758534222746444, "params": {"gamma": 704.0604451995504, "log10_alpha": -0.19809178375621586, "log10_colsample_bytree": -0.45675400810182126, "log10_eta": -4.0, "log10_lambda": 1.0, "log10_min_child_weight": 4.663993194365959, "log10_subsample": -1.0, "max_depth": 2.0, "num_boost_round": 12.0}, "datetime": {"datetime": "2024-01-19 01:37:14", "elapsed": 5142.036491, "delta": 0.005264}}
{"target": -13.75853386824927, "params": {"gamma": 704.0604451995504, "log10_alpha": -0.19809178375621586, "log10_colsample_bytree": -0.45675400810182126, "log10_eta": -4.0, "log10_lambda": 1.0, "log10_min_child_weight": 4.663993194365959, "log10_subsample": -1.0, "max_depth": 2.0, "num_boost_round": 13.0}, "datetime": {"datetime": "2024-01-19 01:37:14", "elapsed": 5142.04199, "delta": 0.005499}}
{"target": -13.75853350939209, "params": {"gamma": 704.0604451995504, "log10_alpha": -0.19809178375621586, "log10_colsample_bytree": -0.45675400810182126, "log10_eta": -4.0, "log10_lambda": 1.0, "log10_min_child_weight": 4.663993194365959, "log10_subsample": -1.0, "max_depth": 2.0, "num_boost_round": 14.0}, "datetime": {"datetime": "2024-01-19 01:37:14", "elapsed": 5142.047692, "delta": 0.005702}}
{"target": -13.75853264611708, "params": {"gamma": 704.0604451995504, "log10_alpha": -0.19809178375621586, "log10_colsample_bytree": -0.45675400810182126, "log10_eta": -4.0, "log10_lambda": 1.0, "log10_min_child_weight": 4.663993194365959, "log10_subsample": -1.0, "max_depth": 2.0, "num_boost_round": 15.0}, "datetime": {"datetime": "2024-01-19 01:37:14", "elapsed": 5142.052995, "delta": 0.005303}}
{"target": -13.758532435628066, "params": {"gamma": 704.0604451995504, "log10_alpha": -0.19809178375621586, "log10_colsample_bytree": -0.45675400810182126, "log10_eta": -4.0, "log10_lambda": 1.0, "log10_min_child_weight": 4.663993194365959, "log10_subsample": -1.0, "max_depth": 2.0, "num_boost_round": 16.0}, "datetime": {"datetime": "2024-01-19 01:37:14", "elapsed": 5142.058583, "delta": 0.005588}}
{"target": -13.75853210885709, "params": {"gamma": 704.0604451995504, "log10_alpha": -0.19809178375621586, "log10_colsample_bytree": -0.45675400810182126, "log10_eta": -4.0, "log10_lambda": 1.0, "log10_min_child_weight": 4.663993194365959, "log10_subsample": -1.0, "max_depth": 2.0, "num_boost_round": 17.0}, "datetime": {"datetime": "2024-01-19 01:37:14", "elapsed": 5142.063746, "delta": 0.005163}}
{"target": -13.75853196804034, "params": {"gamma": 704.0604451995504, "log10_alpha": -0.19809178375621586, "log10_colsample_bytree": -0.45675400810182126, "log10_eta": -4.0, "log10_lambda": 1.0, "log10_min_child_weight": 4.663993194365959, "log10_subsample": -1.0, "max_depth": 2.0, "num_boost_round": 18.0}, "datetime": {"datetime": "2024-01-19 01:37:14", "elapsed": 5142.068819, "delta": 0.005073}}
{"target": -13.758531889028655, "params": {"gamma": 704.0604451995504, "log10_alpha": -0.19809178375621586, "log10_colsample_bytree": -0.45675400810182126, "log10_eta": -4.0, "log10_lambda": 1.0, "log10_min_child_weight": 4.663993194365959, "log10_subsample": -1.0, "max_depth": 2.0, "num_boost_round": 19.0}, "datetime": {"datetime": "2024-01-19 01:37:14", "elapsed": 5142.074224, "delta": 0.005405}}
{"target": -13.758531305291433, "params": {"gamma": 704.0604451995504, "log10_alpha": -0.19809178375621586, "log10_colsample_bytree": -0.45675400810182126, "log10_eta": -4.0, "log10_lambda": 1.0, "log10_min_child_weight": 4.663993194365959, "log10_subsample": -1.0, "max_depth": 2.0, "num_boost_round": 20.0}, "datetime": {"datetime": "2024-01-19 01:37:14", "elapsed": 5142.079782, "delta": 0.005558}}
{"target": -13.758530780177738, "params": {"gamma": 704.0604451995504, "log10_alpha": -0.19809178375621586, "log10_colsample_bytree": -0.45675400810182126, "log10_eta": -4.0, "log10_lambda": 1.0, "log10_min_child_weight": 4.663993194365959, "log10_subsample": -1.0, "max_depth": 2.0, "num_boost_round": 21.0}, "datetime": {"datetime": "2024-01-19 01:37:14", "elapsed": 5142.085077, "delta": 0.005295}}
{"target": -13.758530634976209, "params": {"gamma": 704.0604451995504, "log10_alpha": -0.19809178375621586, "log10_colsample_bytree": -0.45675400810182126, "log10_eta": -4.0, "log10_lambda": 1.0, "log10_min_child_weight": 4.663993194365959, "log10_subsample": -1.0, "max_depth": 2.0, "num_boost_round": 22.0}, "datetime": {"datetime": "2024-01-19 01:37:14", "elapsed": 5142.09018, "delta": 0.005103}}
{"target": -13.758530536197272, "params": {"gamma": 704.0604451995504, "log10_alpha": -0.19809178375621586, "log10_colsample_bytree": -0.45675400810182126, "log10_eta": -4.0, "log10_lambda": 1.0, "log10_min_child_weight": 4.663993194365959, "log10_subsample": -1.0, "max_depth": 2.0, "num_boost_round": 23.0}, "datetime": {"datetime": "2024-01-19 01:37:14", "elapsed": 5142.095551, "delta": 0.005371}}
{"target": -13.758530490851353, "params": {"gamma": 704.0604451995504, "log10_alpha": -0.19809178375621586, "log10_colsample_bytree": -0.45675400810182126, "log10_eta": -4.0, "log10_lambda": 1.0, "log10_min_child_weight": 4.663993194365959, "log10_subsample": -1.0, "max_depth": 2.0, "num_boost_round": 24.0}, "datetime": {"datetime": "2024-01-19 01:37:14", "elapsed": 5142.101144, "delta": 0.005593}}
{"target": -13.758530113654519, "params": {"gamma": 704.0604451995504, "log10_alpha": -0.19809178375621586, "log10_colsample_bytree": -0.45675400810182126, "log10_eta": -4.0, "log10_lambda": 1.0, "log10_min_child_weight": 4.663993194365959, "log10_subsample": -1.0, "max_depth": 2.0, "num_boost_round": 25.0}, "datetime": {"datetime": "2024-01-19 01:37:14", "elapsed": 5142.106291, "delta": 0.005147}}
{"target": -13.758530073074342, "params": {"gamma": 704.0604451995504, "log10_alpha": -0.19809178375621586, "log10_colsample_bytree": -0.45675400810182126, "log10_eta": -4.0, "log10_lambda": 1.0, "log10_min_child_weight": 4.663993194365959, "log10_subsample": -1.0, "max_depth": 2.0, "num_boost_round": 26.0}, "datetime": {"datetime": "2024-01-19 01:37:14", "elapsed": 5142.111587, "delta": 0.005296}}
{"target": -13.758529673428734, "params": {"gamma": 704.0604451995504, "log10_alpha": -0.19809178375621586, "log10_colsample_bytree": -0.45675400810182126, "log10_eta": -4.0, "log10_lambda": 1.0, "log10_min_child_weight": 4.663993194365959, "log10_subsample": -1.0, "max_depth": 2.0, "num_boost_round": 27.0}, "datetime": {"datetime": "2024-01-19 01:37:14", "elapsed": 5142.11667, "delta": 0.005083}}
{"target": -13.75852912680036, "params": {"gamma": 704.0604451995504, "log10_alpha": -0.19809178375621586, "log10_colsample_bytree": -0.45675400810182126, "log10_eta": -4.0, "log10_lambda": 1.0, "log10_min_child_weight": 4.663993194365959, "log10_subsample": -1.0, "max_depth": 2.0, "num_boost_round": 28.0}, "datetime": {"datetime": "2024-01-19 01:37:14", "elapsed": 5142.122144, "delta": 0.005474}}
{"target": -13.758456224739126, "params": {"gamma": 723.454820335027, "log10_alpha": -2.033619553900408, "log10_colsample_bytree": -0.7493042746625969, "log10_eta": -2.390244247695237, "log10_lambda": -0.4465843947667949, "log10_min_child_weight": 1.6875107607591866, "log10_subsample": -0.5379227873370599, "max_depth": 9.0, "num_boost_round": 0.0}, "datetime": {"datetime": "2024-01-19 01:38:41", "elapsed": 5229.403285, "delta": 87.281141}}
{"target": -13.758339466631817, "params": {"gamma": 723.454820335027, "log10_alpha": -2.033619553900408, "log10_colsample_bytree": -0.7493042746625969, "log10_eta": -2.390244247695237, "log10_lambda": -0.4465843947667949, "log10_min_child_weight": 1.6875107607591866, "log10_subsample": -0.5379227873370599, "max_depth": 9.0, "num_boost_round": 1.0}, "datetime": {"datetime": "2024-01-19 01:38:41", "elapsed": 5229.409015, "delta": 0.00573}}
{"target": -13.758200023919022, "params": {"gamma": 723.454820335027, "log10_alpha": -2.033619553900408, "log10_colsample_bytree": -0.7493042746625969, "log10_eta": -2.390244247695237, "log10_lambda": -0.4465843947667949, "log10_min_child_weight": 1.6875107607591866, "log10_subsample": -0.5379227873370599, "max_depth": 9.0, "num_boost_round": 2.0}, "datetime": {"datetime": "2024-01-19 01:38:41", "elapsed": 5229.41467, "delta": 0.005655}}
{"target": -13.757793783972032, "params": {"gamma": 723.454820335027, "log10_alpha": -2.033619553900408, "log10_colsample_bytree": -0.7493042746625969, "log10_eta": -2.390244247695237, "log10_lambda": -0.4465843947667949, "log10_min_child_weight": 1.6875107607591866, "log10_subsample": -0.5379227873370599, "max_depth": 9.0, "num_boost_round": 3.0}, "datetime": {"datetime": "2024-01-19 01:38:41", "elapsed": 5229.42009, "delta": 0.00542}}
{"target": -13.75769624839441, "params": {"gamma": 723.454820335027, "log10_alpha": -2.033619553900408, "log10_colsample_bytree": -0.7493042746625969, "log10_eta": -2.390244247695237, "log10_lambda": -0.4465843947667949, "log10_min_child_weight": 1.6875107607591866, "log10_subsample": -0.5379227873370599, "max_depth": 9.0, "num_boost_round": 4.0}, "datetime": {"datetime": "2024-01-19 01:38:41", "elapsed": 5229.425513, "delta": 0.005423}}
{"target": -13.757683834977932, "params": {"gamma": 723.454820335027, "log10_alpha": -2.033619553900408, "log10_colsample_bytree": -0.7493042746625969, "log10_eta": -2.390244247695237, "log10_lambda": -0.4465843947667949, "log10_min_child_weight": 1.6875107607591866, "log10_subsample": -0.5379227873370599, "max_depth": 9.0, "num_boost_round": 5.0}, "datetime": {"datetime": "2024-01-19 01:38:41", "elapsed": 5229.430897, "delta": 0.005384}}
{"target": -13.7576556823741, "params": {"gamma": 723.454820335027, "log10_alpha": -2.033619553900408, "log10_colsample_bytree": -0.7493042746625969, "log10_eta": -2.390244247695237, "log10_lambda": -0.4465843947667949, "log10_min_child_weight": 1.6875107607591866, "log10_subsample": -0.5379227873370599, "max_depth": 9.0, "num_boost_round": 6.0}, "datetime": {"datetime": "2024-01-19 01:38:41", "elapsed": 5229.436325, "delta": 0.005428}}
{"target": -13.75751868876831, "params": {"gamma": 723.454820335027, "log10_alpha": -2.033619553900408, "log10_colsample_bytree": -0.7493042746625969, "log10_eta": -2.390244247695237, "log10_lambda": -0.4465843947667949, "log10_min_child_weight": 1.6875107607591866, "log10_subsample": -0.5379227873370599, "max_depth": 9.0, "num_boost_round": 7.0}, "datetime": {"datetime": "2024-01-19 01:38:41", "elapsed": 5229.441331, "delta": 0.005006}}
{"target": -13.757510275900119, "params": {"gamma": 723.454820335027, "log10_alpha": -2.033619553900408, "log10_colsample_bytree": -0.7493042746625969, "log10_eta": -2.390244247695237, "log10_lambda": -0.4465843947667949, "log10_min_child_weight": 1.6875107607591866, "log10_subsample": -0.5379227873370599, "max_depth": 9.0, "num_boost_round": 8.0}, "datetime": {"datetime": "2024-01-19 01:38:41", "elapsed": 5229.446546, "delta": 0.005215}}
{"target": -13.75739611828241, "params": {"gamma": 723.454820335027, "log10_alpha": -2.033619553900408, "log10_colsample_bytree": -0.7493042746625969, "log10_eta": -2.390244247695237, "log10_lambda": -0.4465843947667949, "log10_min_child_weight": 1.6875107607591866, "log10_subsample": -0.5379227873370599, "max_depth": 9.0, "num_boost_round": 9.0}, "datetime": {"datetime": "2024-01-19 01:38:41", "elapsed": 5229.451854, "delta": 0.005308}}
{"target": -13.757249771714593, "params": {"gamma": 723.454820335027, "log10_alpha": -2.033619553900408, "log10_colsample_bytree": -0.7493042746625969, "log10_eta": -2.390244247695237, "log10_lambda": -0.4465843947667949, "log10_min_child_weight": 1.6875107607591866, "log10_subsample": -0.5379227873370599, "max_depth": 9.0, "num_boost_round": 10.0}, "datetime": {"datetime": "2024-01-19 01:38:41", "elapsed": 5229.457317, "delta": 0.005463}}
{"target": -13.757324233176128, "params": {"gamma": 723.454820335027, "log10_alpha": -2.033619553900408, "log10_colsample_bytree": -0.7493042746625969, "log10_eta": -2.390244247695237, "log10_lambda": -0.4465843947667949, "log10_min_child_weight": 1.6875107607591866, "log10_subsample": -0.5379227873370599, "max_depth": 9.0, "num_boost_round": 11.0}, "datetime": {"datetime": "2024-01-19 01:38:41", "elapsed": 5229.462279, "delta": 0.004962}}
{"target": -13.757421529641377, "params": {"gamma": 723.454820335027, "log10_alpha": -2.033619553900408, "log10_colsample_bytree": -0.7493042746625969, "log10_eta": -2.390244247695237, "log10_lambda": -0.4465843947667949, "log10_min_child_weight": 1.6875107607591866, "log10_subsample": -0.5379227873370599, "max_depth": 9.0, "num_boost_round": 12.0}, "datetime": {"datetime": "2024-01-19 01:38:41", "elapsed": 5229.467474, "delta": 0.005195}}
{"target": -13.756999027784765, "params": {"gamma": 723.454820335027, "log10_alpha": -2.033619553900408, "log10_colsample_bytree": -0.7493042746625969, "log10_eta": -2.390244247695237, "log10_lambda": -0.4465843947667949, "log10_min_child_weight": 1.6875107607591866, "log10_subsample": -0.5379227873370599, "max_depth": 9.0, "num_boost_round": 13.0}, "datetime": {"datetime": "2024-01-19 01:38:41", "elapsed": 5229.47301, "delta": 0.005536}}
{"target": -13.757144309786975, "params": {"gamma": 723.454820335027, "log10_alpha": -2.033619553900408, "log10_colsample_bytree": -0.7493042746625969, "log10_eta": -2.390244247695237, "log10_lambda": -0.4465843947667949, "log10_min_child_weight": 1.6875107607591866, "log10_subsample": -0.5379227873370599, "max_depth": 9.0, "num_boost_round": 14.0}, "datetime": {"datetime": "2024-01-19 01:38:41", "elapsed": 5229.479661, "delta": 0.006651}}
{"target": -13.75701390023741, "params": {"gamma": 723.454820335027, "log10_alpha": -2.033619553900408, "log10_colsample_bytree": -0.7493042746625969, "log10_eta": -2.390244247695237, "log10_lambda": -0.4465843947667949, "log10_min_child_weight": 1.6875107607591866, "log10_subsample": -0.5379227873370599, "max_depth": 9.0, "num_boost_round": 15.0}, "datetime": {"datetime": "2024-01-19 01:38:41", "elapsed": 5229.484937, "delta": 0.005276}}
{"target": -13.75700201401572, "params": {"gamma": 723.454820335027, "log10_alpha": -2.033619553900408, "log10_colsample_bytree": -0.7493042746625969, "log10_eta": -2.390244247695237, "log10_lambda": -0.4465843947667949, "log10_min_child_weight": 1.6875107607591866, "log10_subsample": -0.5379227873370599, "max_depth": 9.0, "num_boost_round": 16.0}, "datetime": {"datetime": "2024-01-19 01:38:41", "elapsed": 5229.49013, "delta": 0.005193}}
{"target": -13.75672787971216, "params": {"gamma": 723.454820335027, "log10_alpha": -2.033619553900408, "log10_colsample_bytree": -0.7493042746625969, "log10_eta": -2.390244247695237, "log10_lambda": -0.4465843947667949, "log10_min_child_weight": 1.6875107607591866, "log10_subsample": -0.5379227873370599, "max_depth": 9.0, "num_boost_round": 17.0}, "datetime": {"datetime": "2024-01-19 01:38:41", "elapsed": 5229.495392, "delta": 0.005262}}
{"target": -13.756794134204355, "params": {"gamma": 723.454820335027, "log10_alpha": -2.033619553900408, "log10_colsample_bytree": -0.7493042746625969, "log10_eta": -2.390244247695237, "log10_lambda": -0.4465843947667949, "log10_min_child_weight": 1.6875107607591866, "log10_subsample": -0.5379227873370599, "max_depth": 9.0, "num_boost_round": 18.0}, "datetime": {"datetime": "2024-01-19 01:38:41", "elapsed": 5229.500981, "delta": 0.005589}}
{"target": -13.75670350640958, "params": {"gamma": 723.454820335027, "log10_alpha": -2.033619553900408, "log10_colsample_bytree": -0.7493042746625969, "log10_eta": -2.390244247695237, "log10_lambda": -0.4465843947667949, "log10_min_child_weight": 1.6875107607591866, "log10_subsample": -0.5379227873370599, "max_depth": 9.0, "num_boost_round": 19.0}, "datetime": {"datetime": "2024-01-19 01:38:41", "elapsed": 5229.506119, "delta": 0.005138}}
{"target": -13.756646721373649, "params": {"gamma": 723.454820335027, "log10_alpha": -2.033619553900408, "log10_colsample_bytree": -0.7493042746625969, "log10_eta": -2.390244247695237, "log10_lambda": -0.4465843947667949, "log10_min_child_weight": 1.6875107607591866, "log10_subsample": -0.5379227873370599, "max_depth": 9.0, "num_boost_round": 20.0}, "datetime": {"datetime": "2024-01-19 01:38:41", "elapsed": 5229.511334, "delta": 0.005215}}
