{"target": -17.685681870292985, "params": {"gamma": 64.56219659554475, "log10_alpha": -0.20657174295184877, "log10_colsample_bytree": -0.9678967631199826, "log10_eta": -1.3023080111855583, "log10_lambda": -4.621045763593032, "log10_min_child_weight": 2.9642334121188374, "log10_subsample": -0.17825525041249213, "max_depth": 8.0, "num_boost_round": 28.0}, "datetime": {"datetime": "2024-01-19 02:21:57", "elapsed": 7870.960371, "delta": 0.005395}}
{"target": -17.688327466816286, "params": {"gamma": 64.56219659554475, "log10_alpha": -0.20657174295184877, "log10_colsample_bytree": -0.9678967631199826, "log10_eta": -1.3023080111855583, "log10_lambda": -4.621045763593032, "log10_min_child_weight": 2.9642334121188374, "log10_subsample": -0.17825525041249213, "max_depth": 8.0, "num_boost_round": 29.0}, "datetime": {"datetime": "2024-01-19 02:21:57", "elapsed": 7870.965806, "delta": 0.005435}}
{"target": -17.690106863666973, "params": {"gamma": 64.56219659554475, "log10_alpha": -0.20657174295184877, "log10_colsample_bytree": -0.9678967631199826, "log10_eta": -1.3023080111855583, "log10_lambda": -4.621045763593032, "log10_min_child_weight": 2.9642334121188374, "log10_subsample": -0.17825525041249213, "max_depth": 8.0, "num_boost_round": 30.0}, "datetime": {"datetime": "2024-01-19 02:21:57", "elapsed": 7870.971329, "delta": 0.005523}}
{"target": -17.691248548032494, "params": {"gamma": 64.56219659554475, "log10_alpha": -0.20657174295184877, "log10_colsample_bytree": -0.9678967631199826, "log10_eta": -1.3023080111855583, "log10_lambda": -4.621045763593032, "log10_min_child_weight": 2.9642334121188374, "log10_subsample": -0.17825525041249213, "max_depth": 8.0, "num_boost_round": 31.0}, "datetime": {"datetime": "2024-01-19 02:21:57", "elapsed": 7870.976686, "delta": 0.005357}}
{"target": -17.693685179710485, "params": {"gamma": 64.56219659554475, "log10_alpha": -0.20657174295184877, "log10_colsample_bytree": -0.9678967631199826, "log10_eta": -1.3023080111855583, "log10_lambda": -4.621045763593032, "log10_min_child_weight": 2.9642334121188374, "log10_subsample": -0.17825525041249213, "max_depth": 8.0, "num_boost_round": 32.0}, "datetime": {"datetime": "2024-01-19 02:21:57", "elapsed": 7870.98207, "delta": 0.005384}}
{"target": -17.694816271010065, "params": {"gamma": 64.56219659554475, "log10_alpha": -0.20657174295184877, "log10_colsample_bytree": -0.9678967631199826, "log10_eta": -1.3023080111855583, "log10_lambda": -4.621045763593032, "log10_min_child_weight": 2.9642334121188374, "log10_subsample": -0.17825525041249213, "max_depth": 8.0, "num_boost_round": 33.0}, "datetime": {"datetime": "2024-01-19 02:21:57", "elapsed": 7870.987398, "delta": 0.005328}}
{"target": -17.695734976166076, "params": {"gamma": 64.56219659554475, "log10_alpha": -0.20657174295184877, "log10_colsample_bytree": -0.9678967631199826, "log10_eta": -1.3023080111855583, "log10_lambda": -4.621045763593032, "log10_min_child_weight": 2.9642334121188374, "log10_subsample": -0.17825525041249213, "max_depth": 8.0, "num_boost_round": 34.0}, "datetime": {"datetime": "2024-01-19 02:21:57", "elapsed": 7870.992909, "delta": 0.005511}}
{"target": -17.69619266926799, "params": {"gamma": 64.56219659554475, "log10_alpha": -0.20657174295184877, "log10_colsample_bytree": -0.9678967631199826, "log10_eta": -1.3023080111855583, "log10_lambda": -4.621045763593032, "log10_min_child_weight": 2.9642334121188374, "log10_subsample": -0.17825525041249213, "max_depth": 8.0, "num_boost_round": 35.0}, "datetime": {"datetime": "2024-01-19 02:21:57", "elapsed": 7870.998217, "delta": 0.005308}}
{"target": -17.697631560976564, "params": {"gamma": 64.56219659554475, "log10_alpha": -0.20657174295184877, "log10_colsample_bytree": -0.9678967631199826, "log10_eta": -1.3023080111855583, "log10_lambda": -4.621045763593032, "log10_min_child_weight": 2.9642334121188374, "log10_subsample": -0.17825525041249213, "max_depth": 8.0, "num_boost_round": 36.0}, "datetime": {"datetime": "2024-01-19 02:21:57", "elapsed": 7871.003802, "delta": 0.005585}}
{"target": -17.69894676938756, "params": {"gamma": 64.56219659554475, "log10_alpha": -0.20657174295184877, "log10_colsample_bytree": -0.9678967631199826, "log10_eta": -1.3023080111855583, "log10_lambda": -4.621045763593032, "log10_min_child_weight": 2.9642334121188374, "log10_subsample": -0.17825525041249213, "max_depth": 8.0, "num_boost_round": 37.0}, "datetime": {"datetime": "2024-01-19 02:21:57", "elapsed": 7871.00981, "delta": 0.006008}}
{"target": -17.700186732414753, "params": {"gamma": 64.56219659554475, "log10_alpha": -0.20657174295184877, "log10_colsample_bytree": -0.9678967631199826, "log10_eta": -1.3023080111855583, "log10_lambda": -4.621045763593032, "log10_min_child_weight": 2.9642334121188374, "log10_subsample": -0.17825525041249213, "max_depth": 8.0, "num_boost_round": 38.0}, "datetime": {"datetime": "2024-01-19 02:21:57", "elapsed": 7871.015848, "delta": 0.006038}}
{"target": -17.701349981342357, "params": {"gamma": 64.56219659554475, "log10_alpha": -0.20657174295184877, "log10_colsample_bytree": -0.9678967631199826, "log10_eta": -1.3023080111855583, "log10_lambda": -4.621045763593032, "log10_min_child_weight": 2.9642334121188374, "log10_subsample": -0.17825525041249213, "max_depth": 8.0, "num_boost_round": 39.0}, "datetime": {"datetime": "2024-01-19 02:21:57", "elapsed": 7871.022077, "delta": 0.006229}}
{"target": -17.703841571126993, "params": {"gamma": 64.56219659554475, "log10_alpha": -0.20657174295184877, "log10_colsample_bytree": -0.9678967631199826, "log10_eta": -1.3023080111855583, "log10_lambda": -4.621045763593032, "log10_min_child_weight": 2.9642334121188374, "log10_subsample": -0.17825525041249213, "max_depth": 8.0, "num_boost_round": 40.0}, "datetime": {"datetime": "2024-01-19 02:21:57", "elapsed": 7871.027818, "delta": 0.005741}}
{"target": -17.70529455492792, "params": {"gamma": 64.56219659554475, "log10_alpha": -0.20657174295184877, "log10_colsample_bytree": -0.9678967631199826, "log10_eta": -1.3023080111855583, "log10_lambda": -4.621045763593032, "log10_min_child_weight": 2.9642334121188374, "log10_subsample": -0.17825525041249213, "max_depth": 8.0, "num_boost_round": 41.0}, "datetime": {"datetime": "2024-01-19 02:21:57", "elapsed": 7871.03328, "delta": 0.005462}}
{"target": -17.707436843901796, "params": {"gamma": 64.56219659554475, "log10_alpha": -0.20657174295184877, "log10_colsample_bytree": -0.9678967631199826, "log10_eta": -1.3023080111855583, "log10_lambda": -4.621045763593032, "log10_min_child_weight": 2.9642334121188374, "log10_subsample": -0.17825525041249213, "max_depth": 8.0, "num_boost_round": 42.0}, "datetime": {"datetime": "2024-01-19 02:21:57", "elapsed": 7871.038608, "delta": 0.005328}}
{"target": -17.7070149070484, "params": {"gamma": 64.56219659554475, "log10_alpha": -0.20657174295184877, "log10_colsample_bytree": -0.9678967631199826, "log10_eta": -1.3023080111855583, "log10_lambda": -4.621045763593032, "log10_min_child_weight": 2.9642334121188374, "log10_subsample": -0.17825525041249213, "max_depth": 8.0, "num_boost_round": 43.0}, "datetime": {"datetime": "2024-01-19 02:21:57", "elapsed": 7871.043938, "delta": 0.00533}}
{"target": -17.70798489984593, "params": {"gamma": 64.56219659554475, "log10_alpha": -0.20657174295184877, "log10_colsample_bytree": -0.9678967631199826, "log10_eta": -1.3023080111855583, "log10_lambda": -4.621045763593032, "log10_min_child_weight": 2.9642334121188374, "log10_subsample": -0.17825525041249213, "max_depth": 8.0, "num_boost_round": 44.0}, "datetime": {"datetime": "2024-01-19 02:21:57", "elapsed": 7871.049346, "delta": 0.005408}}
{"target": -17.70711485544383, "params": {"gamma": 64.56219659554475, "log10_alpha": -0.20657174295184877, "log10_colsample_bytree": -0.9678967631199826, "log10_eta": -1.3023080111855583, "log10_lambda": -4.621045763593032, "log10_min_child_weight": 2.9642334121188374, "log10_subsample": -0.17825525041249213, "max_depth": 8.0, "num_boost_round": 45.0}, "datetime": {"datetime": "2024-01-19 02:21:57", "elapsed": 7871.054689, "delta": 0.005343}}
{"target": -17.70946672831686, "params": {"gamma": 64.56219659554475, "log10_alpha": -0.20657174295184877, "log10_colsample_bytree": -0.9678967631199826, "log10_eta": -1.3023080111855583, "log10_lambda": -4.621045763593032, "log10_min_child_weight": 2.9642334121188374, "log10_subsample": -0.17825525041249213, "max_depth": 8.0, "num_boost_round": 46.0}, "datetime": {"datetime": "2024-01-19 02:21:57", "elapsed": 7871.06025, "delta": 0.005561}}
{"target": -17.70935981464741, "params": {"gamma": 64.56219659554475, "log10_alpha": -0.20657174295184877, "log10_colsample_bytree": -0.9678967631199826, "log10_eta": -1.3023080111855583, "log10_lambda": -4.621045763593032, "log10_min_child_weight": 2.9642334121188374, "log10_subsample": -0.17825525041249213, "max_depth": 8.0, "num_boost_round": 47.0}, "datetime": {"datetime": "2024-01-19 02:21:57", "elapsed": 7871.065523, "delta": 0.005273}}
{"target": -17.709865375078625, "params": {"gamma": 64.56219659554475, "log10_alpha": -0.20657174295184877, "log10_colsample_bytree": -0.9678967631199826, "log10_eta": -1.3023080111855583, "log10_lambda": -4.621045763593032, "log10_min_child_weight": 2.9642334121188374, "log10_subsample": -0.17825525041249213, "max_depth": 8.0, "num_boost_round": 48.0}, "datetime": {"datetime": "2024-01-19 02:21:57", "elapsed": 7871.070884, "delta": 0.005361}}
{"target": -17.7119442360812, "params": {"gamma": 64.56219659554475, "log10_alpha": -0.20657174295184877, "log10_colsample_bytree": -0.9678967631199826, "log10_eta": -1.3023080111855583, "log10_lambda": -4.621045763593032, "log10_min_child_weight": 2.9642334121188374, "log10_subsample": -0.17825525041249213, "max_depth": 8.0, "num_boost_round": 49.0}, "datetime": {"datetime": "2024-01-19 02:21:57", "elapsed": 7871.076205, "delta": 0.005321}}
{"target": -17.714355154711967, "params": {"gamma": 64.56219659554475, "log10_alpha": -0.20657174295184877, "log10_colsample_bytree": -0.9678967631199826, "log10_eta": -1.3023080111855583, "log10_lambda": -4.621045763593032, "log10_min_child_weight": 2.9642334121188374, "log10_subsample": -0.17825525041249213, "max_depth": 8.0, "num_boost_round": 50.0}, "datetime": {"datetime": "2024-01-19 02:21:57", "elapsed": 7871.081659, "delta": 0.005454}}
{"target": -17.717787488085072, "params": {"gamma": 64.56219659554475, "log10_alpha": -0.20657174295184877, "log10_colsample_bytree": -0.9678967631199826, "log10_eta": -1.3023080111855583, "log10_lambda": -4.621045763593032, "log10_min_child_weight": 2.9642334121188374, "log10_subsample": -0.17825525041249213, "max_depth": 8.0, "num_boost_round": 51.0}, "datetime": {"datetime": "2024-01-19 02:21:57", "elapsed": 7871.086989, "delta": 0.00533}}
{"target": -17.72115286335021, "params": {"gamma": 64.56219659554475, "log10_alpha": -0.20657174295184877, "log10_colsample_bytree": -0.9678967631199826, "log10_eta": -1.3023080111855583, "log10_lambda": -4.621045763593032, "log10_min_child_weight": 2.9642334121188374, "log10_subsample": -0.17825525041249213, "max_depth": 8.0, "num_boost_round": 52.0}, "datetime": {"datetime": "2024-01-19 02:21:57", "elapsed": 7871.092351, "delta": 0.005362}}
{"target": -17.67680823221039, "params": {"gamma": 34.68142920776973, "log10_alpha": 0.01952453980151514, "log10_colsample_bytree": -0.9561619945464802, "log10_eta": -1.6883403482723982, "log10_lambda": -3.604045935039993, "log10_min_child_weight": 4.421583993176231, "log10_subsample": -0.14064490842180433, "max_depth": 7.0, "num_boost_round": 0.0}, "datetime": {"datetime": "2024-01-19 02:23:23", "elapsed": 7957.466546, "delta": 86.374195}}
{"target": -17.67679692036632, "params": {"gamma": 34.68142920776973, "log10_alpha": 0.01952453980151514, "log10_colsample_bytree": -0.9561619945464802, "log10_eta": -1.6883403482723982, "log10_lambda": -3.604045935039993, "log10_min_child_weight": 4.421583993176231, "log10_subsample": -0.14064490842180433, "max_depth": 7.0, "num_boost_round": 1.0}, "datetime": {"datetime": "2024-01-19 02:23:23", "elapsed": 7957.579622, "delta": 0.113076}}
{"target": -17.677317831283546, "params": {"gamma": 34.68142920776973, "log10_alpha": 0.01952453980151514, "log10_colsample_bytree": -0.9561619945464802, "log10_eta": -1.6883403482723982, "log10_lambda": -3.604045935039993, "log10_min_child_weight": 4.421583993176231, "log10_subsample": -0.14064490842180433, "max_depth": 7.0, "num_boost_round": 2.0}, "datetime": {"datetime": "2024-01-19 02:23:23", "elapsed": 7957.586267, "delta": 0.006645}}
{"target": -17.677301127478124, "params": {"gamma": 34.68142920776973, "log10_alpha": 0.01952453980151514, "log10_colsample_bytree": -0.9561619945464802, "log10_eta": -1.6883403482723982, "log10_lambda": -3.604045935039993, "log10_min_child_weight": 4.421583993176231, "log10_subsample": -0.14064490842180433, "max_depth": 7.0, "num_boost_round": 3.0}, "datetime": {"datetime": "2024-01-19 02:23:23", "elapsed": 7957.592231, "delta": 0.005964}}
{"target": -17.67708532261646, "params": {"gamma": 34.68142920776973, "log10_alpha": 0.01952453980151514, "log10_colsample_bytree": -0.9561619945464802, "log10_eta": -1.6883403482723982, "log10_lambda": -3.604045935039993, "log10_min_child_weight": 4.421583993176231, "log10_subsample": -0.14064490842180433, "max_depth": 7.0, "num_boost_round": 4.0}, "datetime": {"datetime": "2024-01-19 02:23:23", "elapsed": 7957.597807, "delta": 0.005576}}
{"target": -17.677080901795577, "params": {"gamma": 34.68142920776973, "log10_alpha": 0.01952453980151514, "log10_colsample_bytree": -0.9561619945464802, "log10_eta": -1.6883403482723982, "log10_lambda": -3.604045935039993, "log10_min_child_weight": 4.421583993176231, "log10_subsample": -0.14064490842180433, "max_depth": 7.0, "num_boost_round": 5.0}, "datetime": {"datetime": "2024-01-19 02:23:23", "elapsed": 7957.60366, "delta": 0.005853}}
{"target": -17.677176590980945, "params": {"gamma": 34.68142920776973, "log10_alpha": 0.01952453980151514, "log10_colsample_bytree": -0.9561619945464802, "log10_eta": -1.6883403482723982, "log10_lambda": -3.604045935039993, "log10_min_child_weight": 4.421583993176231, "log10_subsample": -0.14064490842180433, "max_depth": 7.0, "num_boost_round": 6.0}, "datetime": {"datetime": "2024-01-19 02:23:23", "elapsed": 7957.609445, "delta": 0.005785}}
{"target": -17.676645181489334, "params": {"gamma": 34.68142920776973, "log10_alpha": 0.01952453980151514, "log10_colsample_bytree": -0.9561619945464802, "log10_eta": -1.6883403482723982, "log10_lambda": -3.604045935039993, "log10_min_child_weight": 4.421583993176231, "log10_subsample": -0.14064490842180433, "max_depth": 7.0, "num_boost_round": 7.0}, "datetime": {"datetime": "2024-01-19 02:23:23", "elapsed": 7957.615427, "delta": 0.005982}}
{"target": -17.676864436834954, "params": {"gamma": 34.68142920776973, "log10_alpha": 0.01952453980151514, "log10_colsample_bytree": -0.9561619945464802, "log10_eta": -1.6883403482723982, "log10_lambda": -3.604045935039993, "log10_min_child_weight": 4.421583993176231, "log10_subsample": -0.14064490842180433, "max_depth": 7.0, "num_boost_round": 8.0}, "datetime": {"datetime": "2024-01-19 02:23:23", "elapsed": 7957.621328, "delta": 0.005901}}
{"target": -17.676914496952154, "params": {"gamma": 34.68142920776973, "log10_alpha": 0.01952453980151514, "log10_colsample_bytree": -0.9561619945464802, "log10_eta": -1.6883403482723982, "log10_lambda": -3.604045935039993, "log10_min_child_weight": 4.421583993176231, "log10_subsample": -0.14064490842180433, "max_depth": 7.0, "num_boost_round": 9.0}, "datetime": {"datetime": "2024-01-19 02:23:23", "elapsed": 7957.627202, "delta": 0.005874}}
{"target": -17.67688850321571, "params": {"gamma": 34.68142920776973, "log10_alpha": 0.01952453980151514, "log10_colsample_bytree": -0.9561619945464802, "log10_eta": -1.6883403482723982, "log10_lambda": -3.604045935039993, "log10_min_child_weight": 4.421583993176231, "log10_subsample": -0.14064490842180433, "max_depth": 7.0, "num_boost_round": 10.0}, "datetime": {"datetime": "2024-01-19 02:23:23", "elapsed": 7957.633008, "delta": 0.005806}}
{"target": -17.676890494356485, "params": {"gamma": 34.68142920776973, "log10_alpha": 0.01952453980151514, "log10_colsample_bytree": -0.9561619945464802, "log10_eta": -1.6883403482723982, "log10_lambda": -3.604045935039993, "log10_min_child_weight": 4.421583993176231, "log10_subsample": -0.14064490842180433, "max_depth": 7.0, "num_boost_round": 11.0}, "datetime": {"datetime": "2024-01-19 02:23:23", "elapsed": 7957.6389, "delta": 0.005892}}
{"target": -17.676505569878756, "params": {"gamma": 34.68142920776973, "log10_alpha": 0.01952453980151514, "log10_colsample_bytree": -0.9561619945464802, "log10_eta": -1.6883403482723982, "log10_lambda": -3.604045935039993, "log10_min_child_weight": 4.421583993176231, "log10_subsample": -0.14064490842180433, "max_depth": 7.0, "num_boost_round": 12.0}, "datetime": {"datetime": "2024-01-19 02:23:23", "elapsed": 7957.644611, "delta": 0.005711}}
{"target": -17.67615787207598, "params": {"gamma": 34.68142920776973, "log10_alpha": 0.01952453980151514, "log10_colsample_bytree": -0.9561619945464802, "log10_eta": -1.6883403482723982, "log10_lambda": -3.604045935039993, "log10_min_child_weight": 4.421583993176231, "log10_subsample": -0.14064490842180433, "max_depth": 7.0, "num_boost_round": 13.0}, "datetime": {"datetime": "2024-01-19 02:23:23", "elapsed": 7957.650561, "delta": 0.00595}}
{"target": -17.6760871019863, "params": {"gamma": 34.68142920776973, "log10_alpha": 0.01952453980151514, "log10_colsample_bytree": -0.9561619945464802, "log10_eta": -1.6883403482723982, "log10_lambda": -3.604045935039993, "log10_min_child_weight": 4.421583993176231, "log10_subsample": -0.14064490842180433, "max_depth": 7.0, "num_boost_round": 14.0}, "datetime": {"datetime": "2024-01-19 02:23:23", "elapsed": 7957.656238, "delta": 0.005677}}
{"target": -17.675961908664306, "params": {"gamma": 34.68142920776973, "log10_alpha": 0.01952453980151514, "log10_colsample_bytree": -0.9561619945464802, "log10_eta": -1.6883403482723982, "log10_lambda": -3.604045935039993, "log10_min_child_weight": 4.421583993176231, "log10_subsample": -0.14064490842180433, "max_depth": 7.0, "num_boost_round": 15.0}, "datetime": {"datetime": "2024-01-19 02:23:23", "elapsed": 7957.662075, "delta": 0.005837}}
{"target": -17.676028148560984, "params": {"gamma": 34.68142920776973, "log10_alpha": 0.01952453980151514, "log10_colsample_bytree": -0.9561619945464802, "log10_eta": -1.6883403482723982, "log10_lambda": -3.604045935039993, "log10_min_child_weight": 4.421583993176231, "log10_subsample": -0.14064490842180433, "max_depth": 7.0, "num_boost_round": 16.0}, "datetime": {"datetime": "2024-01-19 02:23:23", "elapsed": 7957.667734, "delta": 0.005659}}
{"target": -17.67578897095915, "params": {"gamma": 34.68142920776973, "log10_alpha": 0.01952453980151514, "log10_colsample_bytree": -0.9561619945464802, "log10_eta": -1.6883403482723982, "log10_lambda": -3.604045935039993, "log10_min_child_weight": 4.421583993176231, "log10_subsample": -0.14064490842180433, "max_depth": 7.0, "num_boost_round": 17.0}, "datetime": {"datetime": "2024-01-19 02:23:23", "elapsed": 7957.673608, "delta": 0.005874}}
{"target": -17.675556263403788, "params": {"gamma": 34.68142920776973, "log10_alpha": 0.01952453980151514, "log10_colsample_bytree": -0.9561619945464802, "log10_eta": -1.6883403482723982, "log10_lambda": -3.604045935039993, "log10_min_child_weight": 4.421583993176231, "log10_subsample": -0.14064490842180433, "max_depth": 7.0, "num_boost_round": 18.0}, "datetime": {"datetime": "2024-01-19 02:23:23", "elapsed": 7957.679365, "delta": 0.005757}}
{"target": -17.675251876803348, "params": {"gamma": 34.68142920776973, "log10_alpha": 0.01952453980151514, "log10_colsample_bytree": -0.9561619945464802, "log10_eta": -1.6883403482723982, "log10_lambda": -3.604045935039993, "log10_min_child_weight": 4.421583993176231, "log10_subsample": -0.14064490842180433, "max_depth": 7.0, "num_boost_round": 19.0}, "datetime": {"datetime": "2024-01-19 02:23:23", "elapsed": 7957.685082, "delta": 0.005717}}
{"target": -17.67533350549053, "params": {"gamma": 34.68142920776973, "log10_alpha": 0.01952453980151514, "log10_colsample_bytree": -0.9561619945464802, "log10_eta": -1.6883403482723982, "log10_lambda": -3.604045935039993, "log10_min_child_weight": 4.421583993176231, "log10_subsample": -0.14064490842180433, "max_depth": 7.0, "num_boost_round": 20.0}, "datetime": {"datetime": "2024-01-19 02:23:24", "elapsed": 7957.691011, "delta": 0.005929}}
{"target": -17.675294628762977, "params": {"gamma": 34.68142920776973, "log10_alpha": 0.01952453980151514, "log10_colsample_bytree": -0.9561619945464802, "log10_eta": -1.6883403482723982, "log10_lambda": -3.604045935039993, "log10_min_child_weight": 4.421583993176231, "log10_subsample": -0.14064490842180433, "max_depth": 7.0, "num_boost_round": 21.0}, "datetime": {"datetime": "2024-01-19 02:23:24", "elapsed": 7957.696827, "delta": 0.005816}}
{"target": -17.675325053523302, "params": {"gamma": 34.68142920776973, "log10_alpha": 0.01952453980151514, "log10_colsample_bytree": -0.9561619945464802, "log10_eta": -1.6883403482723982, "log10_lambda": -3.604045935039993, "log10_min_child_weight": 4.421583993176231, "log10_subsample": -0.14064490842180433, "max_depth": 7.0, "num_boost_round": 22.0}, "datetime": {"datetime": "2024-01-19 02:23:24", "elapsed": 7957.773639, "delta": 0.076812}}
{"target": -17.67533681278639, "params": {"gamma": 34.68142920776973, "log10_alpha": 0.01952453980151514, "log10_colsample_bytree": -0.9561619945464802, "log10_eta": -1.6883403482723982, "log10_lambda": -3.604045935039993, "log10_min_child_weight": 4.421583993176231, "log10_subsample": -0.14064490842180433, "max_depth": 7.0, "num_boost_round": 23.0}, "datetime": {"datetime": "2024-01-19 02:23:24", "elapsed": 7957.781008, "delta": 0.007369}}
