{"target": -17.674538458965685, "params": {"gamma": 969.5447546100494, "log10_alpha": 0.9009637939267021, "log10_colsample_bytree": -0.46335886933235604, "log10_eta": -2.645090765929257, "log10_lambda": -0.9535558102365975, "log10_min_child_weight": 2.1460120443286272, "log10_subsample": -0.2365861598479091, "max_depth": 4.0, "num_boost_round": 33.0}, "datetime": {"datetime": "2024-01-19 01:53:41", "elapsed": 6115.651751, "delta": 0.006051}}
{"target": -17.67443000987182, "params": {"gamma": 969.5447546100494, "log10_alpha": 0.9009637939267021, "log10_colsample_bytree": -0.46335886933235604, "log10_eta": -2.645090765929257, "log10_lambda": -0.9535558102365975, "log10_min_child_weight": 2.1460120443286272, "log10_subsample": -0.2365861598479091, "max_depth": 4.0, "num_boost_round": 34.0}, "datetime": {"datetime": "2024-01-19 01:53:41", "elapsed": 6115.657785, "delta": 0.006034}}
{"target": -17.674310489225977, "params": {"gamma": 969.5447546100494, "log10_alpha": 0.9009637939267021, "log10_colsample_bytree": -0.46335886933235604, "log10_eta": -2.645090765929257, "log10_lambda": -0.9535558102365975, "log10_min_child_weight": 2.1460120443286272, "log10_subsample": -0.2365861598479091, "max_depth": 4.0, "num_boost_round": 35.0}, "datetime": {"datetime": "2024-01-19 01:53:41", "elapsed": 6115.663932, "delta": 0.006147}}
{"target": -17.674299752938357, "params": {"gamma": 969.5447546100494, "log10_alpha": 0.9009637939267021, "log10_colsample_bytree": -0.46335886933235604, "log10_eta": -2.645090765929257, "log10_lambda": -0.9535558102365975, "log10_min_child_weight": 2.1460120443286272, "log10_subsample": -0.2365861598479091, "max_depth": 4.0, "num_boost_round": 36.0}, "datetime": {"datetime": "2024-01-19 01:53:41", "elapsed": 6115.670045, "delta": 0.006113}}
{"target": -17.674242652175618, "params": {"gamma": 969.5447546100494, "log10_alpha": 0.9009637939267021, "log10_colsample_bytree": -0.46335886933235604, "log10_eta": -2.645090765929257, "log10_lambda": -0.9535558102365975, "log10_min_child_weight": 2.1460120443286272, "log10_subsample": -0.2365861598479091, "max_depth": 4.0, "num_boost_round": 37.0}, "datetime": {"datetime": "2024-01-19 01:53:41", "elapsed": 6115.675925, "delta": 0.00588}}
{"target": -17.674198264368528, "params": {"gamma": 969.5447546100494, "log10_alpha": 0.9009637939267021, "log10_colsample_bytree": -0.46335886933235604, "log10_eta": -2.645090765929257, "log10_lambda": -0.9535558102365975, "log10_min_child_weight": 2.1460120443286272, "log10_subsample": -0.2365861598479091, "max_depth": 4.0, "num_boost_round": 38.0}, "datetime": {"datetime": "2024-01-19 01:53:41", "elapsed": 6115.681774, "delta": 0.005849}}
{"target": -17.674164832515373, "params": {"gamma": 969.5447546100494, "log10_alpha": 0.9009637939267021, "log10_colsample_bytree": -0.46335886933235604, "log10_eta": -2.645090765929257, "log10_lambda": -0.9535558102365975, "log10_min_child_weight": 2.1460120443286272, "log10_subsample": -0.2365861598479091, "max_depth": 4.0, "num_boost_round": 39.0}, "datetime": {"datetime": "2024-01-19 01:53:41", "elapsed": 6115.687513, "delta": 0.005739}}
{"target": -17.674122117285318, "params": {"gamma": 969.5447546100494, "log10_alpha": 0.9009637939267021, "log10_colsample_bytree": -0.46335886933235604, "log10_eta": -2.645090765929257, "log10_lambda": -0.9535558102365975, "log10_min_child_weight": 2.1460120443286272, "log10_subsample": -0.2365861598479091, "max_depth": 4.0, "num_boost_round": 40.0}, "datetime": {"datetime": "2024-01-19 01:53:41", "elapsed": 6115.693267, "delta": 0.005754}}
{"target": -17.674060448804504, "params": {"gamma": 969.5447546100494, "log10_alpha": 0.9009637939267021, "log10_colsample_bytree": -0.46335886933235604, "log10_eta": -2.645090765929257, "log10_lambda": -0.9535558102365975, "log10_min_child_weight": 2.1460120443286272, "log10_subsample": -0.2365861598479091, "max_depth": 4.0, "num_boost_round": 41.0}, "datetime": {"datetime": "2024-01-19 01:53:41", "elapsed": 6115.699021, "delta": 0.005754}}
{"target": -17.677225118936942, "params": {"gamma": 980.1421671937313, "log10_alpha": -0.9696994279985169, "log10_colsample_bytree": -0.2523122128319897, "log10_eta": -3.701118418266157, "log10_lambda": -4.331717552801879, "log10_min_child_weight": 2.743350175098417, "log10_subsample": -0.4656054894149658, "max_depth": 7.0, "num_boost_round": 0.0}, "datetime": {"datetime": "2024-01-19 01:54:55", "elapsed": 6189.370523, "delta": 73.671502}}
{"target": -17.677213759966563, "params": {"gamma": 980.1421671937313, "log10_alpha": -0.9696994279985169, "log10_colsample_bytree": -0.2523122128319897, "log10_eta": -3.701118418266157, "log10_lambda": -4.331717552801879, "log10_min_child_weight": 2.743350175098417, "log10_subsample": -0.4656054894149658, "max_depth": 7.0, "num_boost_round": 1.0}, "datetime": {"datetime": "2024-01-19 01:54:55", "elapsed": 6189.377277, "delta": 0.006754}}
{"target": -17.677205158641023, "params": {"gamma": 980.1421671937313, "log10_alpha": -0.9696994279985169, "log10_colsample_bytree": -0.2523122128319897, "log10_eta": -3.701118418266157, "log10_lambda": -4.331717552801879, "log10_min_child_weight": 2.743350175098417, "log10_subsample": -0.4656054894149658, "max_depth": 7.0, "num_boost_round": 2.0}, "datetime": {"datetime": "2024-01-19 01:54:55", "elapsed": 6189.383271, "delta": 0.005994}}
{"target": -17.677205735745794, "params": {"gamma": 980.1421671937313, "log10_alpha": -0.9696994279985169, "log10_colsample_bytree": -0.2523122128319897, "log10_eta": -3.701118418266157, "log10_lambda": -4.331717552801879, "log10_min_child_weight": 2.743350175098417, "log10_subsample": -0.4656054894149658, "max_depth": 7.0, "num_boost_round": 3.0}, "datetime": {"datetime": "2024-01-19 01:54:55", "elapsed": 6189.38907, "delta": 0.005799}}
{"target": -17.677197529401706, "params": {"gamma": 980.1421671937313, "log10_alpha": -0.9696994279985169, "log10_colsample_bytree": -0.2523122128319897, "log10_eta": -3.701118418266157, "log10_lambda": -4.331717552801879, "log10_min_child_weight": 2.743350175098417, "log10_subsample": -0.4656054894149658, "max_depth": 7.0, "num_boost_round": 4.0}, "datetime": {"datetime": "2024-01-19 01:54:55", "elapsed": 6189.3951, "delta": 0.00603}}
{"target": -17.677191473602978, "params": {"gamma": 980.1421671937313, "log10_alpha": -0.9696994279985169, "log10_colsample_bytree": -0.2523122128319897, "log10_eta": -3.701118418266157, "log10_lambda": -4.331717552801879, "log10_min_child_weight": 2.743350175098417, "log10_subsample": -0.4656054894149658, "max_depth": 7.0, "num_boost_round": 5.0}, "datetime": {"datetime": "2024-01-19 01:54:55", "elapsed": 6189.40114, "delta": 0.00604}}
{"target": -17.677192205179164, "params": {"gamma": 980.1421671937313, "log10_alpha": -0.9696994279985169, "log10_colsample_bytree": -0.2523122128319897, "log10_eta": -3.701118418266157, "log10_lambda": -4.331717552801879, "log10_min_child_weight": 2.743350175098417, "log10_subsample": -0.4656054894149658, "max_depth": 7.0, "num_boost_round": 6.0}, "datetime": {"datetime": "2024-01-19 01:54:55", "elapsed": 6189.406902, "delta": 0.005762}}
{"target": -17.677180738347317, "params": {"gamma": 980.1421671937313, "log10_alpha": -0.9696994279985169, "log10_colsample_bytree": -0.2523122128319897, "log10_eta": -3.701118418266157, "log10_lambda": -4.331717552801879, "log10_min_child_weight": 2.743350175098417, "log10_subsample": -0.4656054894149658, "max_depth": 7.0, "num_boost_round": 7.0}, "datetime": {"datetime": "2024-01-19 01:54:55", "elapsed": 6189.412655, "delta": 0.005753}}
{"target": -17.677165775888206, "params": {"gamma": 980.1421671937313, "log10_alpha": -0.9696994279985169, "log10_colsample_bytree": -0.2523122128319897, "log10_eta": -3.701118418266157, "log10_lambda": -4.331717552801879, "log10_min_child_weight": 2.743350175098417, "log10_subsample": -0.4656054894149658, "max_depth": 7.0, "num_boost_round": 8.0}, "datetime": {"datetime": "2024-01-19 01:54:55", "elapsed": 6189.418541, "delta": 0.005886}}
{"target": -17.67714747716044, "params": {"gamma": 980.1421671937313, "log10_alpha": -0.9696994279985169, "log10_colsample_bytree": -0.2523122128319897, "log10_eta": -3.701118418266157, "log10_lambda": -4.331717552801879, "log10_min_child_weight": 2.743350175098417, "log10_subsample": -0.4656054894149658, "max_depth": 7.0, "num_boost_round": 9.0}, "datetime": {"datetime": "2024-01-19 01:54:55", "elapsed": 6189.424214, "delta": 0.005673}}
{"target": -17.6771464812422, "params": {"gamma": 980.1421671937313, "log10_alpha": -0.9696994279985169, "log10_colsample_bytree": -0.2523122128319897, "log10_eta": -3.701118418266157, "log10_lambda": -4.331717552801879, "log10_min_child_weight": 2.743350175098417, "log10_subsample": -0.4656054894149658, "max_depth": 7.0, "num_boost_round": 10.0}, "datetime": {"datetime": "2024-01-19 01:54:55", "elapsed": 6189.430008, "delta": 0.005794}}
{"target": -17.67713366535554, "params": {"gamma": 980.1421671937313, "log10_alpha": -0.9696994279985169, "log10_colsample_bytree": -0.2523122128319897, "log10_eta": -3.701118418266157, "log10_lambda": -4.331717552801879, "log10_min_child_weight": 2.743350175098417, "log10_subsample": -0.4656054894149658, "max_depth": 7.0, "num_boost_round": 11.0}, "datetime": {"datetime": "2024-01-19 01:54:55", "elapsed": 6189.435648, "delta": 0.00564}}
{"target": -17.677131172157978, "params": {"gamma": 980.1421671937313, "log10_alpha": -0.9696994279985169, "log10_colsample_bytree": -0.2523122128319897, "log10_eta": -3.701118418266157, "log10_lambda": -4.331717552801879, "log10_min_child_weight": 2.743350175098417, "log10_subsample": -0.4656054894149658, "max_depth": 7.0, "num_boost_round": 12.0}, "datetime": {"datetime": "2024-01-19 01:54:55", "elapsed": 6189.441268, "delta": 0.00562}}
{"target": -17.67712226551068, "params": {"gamma": 980.1421671937313, "log10_alpha": -0.9696994279985169, "log10_colsample_bytree": -0.2523122128319897, "log10_eta": -3.701118418266157, "log10_lambda": -4.331717552801879, "log10_min_child_weight": 2.743350175098417, "log10_subsample": -0.4656054894149658, "max_depth": 7.0, "num_boost_round": 13.0}, "datetime": {"datetime": "2024-01-19 01:54:55", "elapsed": 6189.446952, "delta": 0.005684}}
{"target": -17.677116604653172, "params": {"gamma": 980.1421671937313, "log10_alpha": -0.9696994279985169, "log10_colsample_bytree": -0.2523122128319897, "log10_eta": -3.701118418266157, "log10_lambda": -4.331717552801879, "log10_min_child_weight": 2.743350175098417, "log10_subsample": -0.4656054894149658, "max_depth": 7.0, "num_boost_round": 14.0}, "datetime": {"datetime": "2024-01-19 01:54:55", "elapsed": 6189.452843, "delta": 0.005891}}
{"target": -17.67710774254686, "params": {"gamma": 980.1421671937313, "log10_alpha": -0.9696994279985169, "log10_colsample_bytree": -0.2523122128319897, "log10_eta": -3.701118418266157, "log10_lambda": -4.331717552801879, "log10_min_child_weight": 2.743350175098417, "log10_subsample": -0.4656054894149658, "max_depth": 7.0, "num_boost_round": 15.0}, "datetime": {"datetime": "2024-01-19 01:54:55", "elapsed": 6189.458906, "delta": 0.006063}}
{"target": -17.677096312402384, "params": {"gamma": 980.1421671937313, "log10_alpha": -0.9696994279985169, "log10_colsample_bytree": -0.2523122128319897, "log10_eta": -3.701118418266157, "log10_lambda": -4.331717552801879, "log10_min_child_weight": 2.743350175098417, "log10_subsample": -0.4656054894149658, "max_depth": 7.0, "num_boost_round": 16.0}, "datetime": {"datetime": "2024-01-19 01:54:55", "elapsed": 6189.465464, "delta": 0.006558}}
{"target": -17.67708646852483, "params": {"gamma": 980.1421671937313, "log10_alpha": -0.9696994279985169, "log10_colsample_bytree": -0.2523122128319897, "log10_eta": -3.701118418266157, "log10_lambda": -4.331717552801879, "log10_min_child_weight": 2.743350175098417, "log10_subsample": -0.4656054894149658, "max_depth": 7.0, "num_boost_round": 17.0}, "datetime": {"datetime": "2024-01-19 01:54:55", "elapsed": 6189.471848, "delta": 0.006384}}
{"target": -17.67707653542628, "params": {"gamma": 980.1421671937313, "log10_alpha": -0.9696994279985169, "log10_colsample_bytree": -0.2523122128319897, "log10_eta": -3.701118418266157, "log10_lambda": -4.331717552801879, "log10_min_child_weight": 2.743350175098417, "log10_subsample": -0.4656054894149658, "max_depth": 7.0, "num_boost_round": 18.0}, "datetime": {"datetime": "2024-01-19 01:54:55", "elapsed": 6189.477763, "delta": 0.005915}}
{"target": -17.67706954686123, "params": {"gamma": 980.1421671937313, "log10_alpha": -0.9696994279985169, "log10_colsample_bytree": -0.2523122128319897, "log10_eta": -3.701118418266157, "log10_lambda": -4.331717552801879, "log10_min_child_weight": 2.743350175098417, "log10_subsample": -0.4656054894149658, "max_depth": 7.0, "num_boost_round": 19.0}, "datetime": {"datetime": "2024-01-19 01:54:55", "elapsed": 6189.483744, "delta": 0.005981}}
{"target": -17.67706404522386, "params": {"gamma": 980.1421671937313, "log10_alpha": -0.9696994279985169, "log10_colsample_bytree": -0.2523122128319897, "log10_eta": -3.701118418266157, "log10_lambda": -4.331717552801879, "log10_min_child_weight": 2.743350175098417, "log10_subsample": -0.4656054894149658, "max_depth": 7.0, "num_boost_round": 20.0}, "datetime": {"datetime": "2024-01-19 01:54:55", "elapsed": 6189.489704, "delta": 0.00596}}
{"target": -17.67706250721604, "params": {"gamma": 980.1421671937313, "log10_alpha": -0.9696994279985169, "log10_colsample_bytree": -0.2523122128319897, "log10_eta": -3.701118418266157, "log10_lambda": -4.331717552801879, "log10_min_child_weight": 2.743350175098417, "log10_subsample": -0.4656054894149658, "max_depth": 7.0, "num_boost_round": 21.0}, "datetime": {"datetime": "2024-01-19 01:54:55", "elapsed": 6189.495779, "delta": 0.006075}}
{"target": -17.677044282769387, "params": {"gamma": 980.1421671937313, "log10_alpha": -0.9696994279985169, "log10_colsample_bytree": -0.2523122128319897, "log10_eta": -3.701118418266157, "log10_lambda": -4.331717552801879, "log10_min_child_weight": 2.743350175098417, "log10_subsample": -0.4656054894149658, "max_depth": 7.0, "num_boost_round": 22.0}, "datetime": {"datetime": "2024-01-19 01:54:55", "elapsed": 6189.501794, "delta": 0.006015}}
{"target": -17.677020355692818, "params": {"gamma": 980.1421671937313, "log10_alpha": -0.9696994279985169, "log10_colsample_bytree": -0.2523122128319897, "log10_eta": -3.701118418266157, "log10_lambda": -4.331717552801879, "log10_min_child_weight": 2.743350175098417, "log10_subsample": -0.4656054894149658, "max_depth": 7.0, "num_boost_round": 23.0}, "datetime": {"datetime": "2024-01-19 01:54:55", "elapsed": 6189.508212, "delta": 0.006418}}
{"target": -17.677021352175494, "params": {"gamma": 980.1421671937313, "log10_alpha": -0.9696994279985169, "log10_colsample_bytree": -0.2523122128319897, "log10_eta": -3.701118418266157, "log10_lambda": -4.331717552801879, "log10_min_child_weight": 2.743350175098417, "log10_subsample": -0.4656054894149658, "max_depth": 7.0, "num_boost_round": 24.0}, "datetime": {"datetime": "2024-01-19 01:54:55", "elapsed": 6189.51458, "delta": 0.006368}}
{"target": -17.677016743155278, "params": {"gamma": 980.1421671937313, "log10_alpha": -0.9696994279985169, "log10_colsample_bytree": -0.2523122128319897, "log10_eta": -3.701118418266157, "log10_lambda": -4.331717552801879, "log10_min_child_weight": 2.743350175098417, "log10_subsample": -0.4656054894149658, "max_depth": 7.0, "num_boost_round": 25.0}, "datetime": {"datetime": "2024-01-19 01:54:55", "elapsed": 6189.520821, "delta": 0.006241}}
{"target": -17.677008671064822, "params": {"gamma": 980.1421671937313, "log10_alpha": -0.9696994279985169, "log10_colsample_bytree": -0.2523122128319897, "log10_eta": -3.701118418266157, "log10_lambda": -4.331717552801879, "log10_min_child_weight": 2.743350175098417, "log10_subsample": -0.4656054894149658, "max_depth": 7.0, "num_boost_round": 26.0}, "datetime": {"datetime": "2024-01-19 01:54:55", "elapsed": 6189.527246, "delta": 0.006425}}
{"target": -17.67700222866667, "params": {"gamma": 980.1421671937313, "log10_alpha": -0.9696994279985169, "log10_colsample_bytree": -0.2523122128319897, "log10_eta": -3.701118418266157, "log10_lambda": -4.331717552801879, "log10_min_child_weight": 2.743350175098417, "log10_subsample": -0.4656054894149658, "max_depth": 7.0, "num_boost_round": 27.0}, "datetime": {"datetime": "2024-01-19 01:54:55", "elapsed": 6189.533697, "delta": 0.006451}}
{"target": -17.67699305152127, "params": {"gamma": 980.1421671937313, "log10_alpha": -0.9696994279985169, "log10_colsample_bytree": -0.2523122128319897, "log10_eta": -3.701118418266157, "log10_lambda": -4.331717552801879, "log10_min_child_weight": 2.743350175098417, "log10_subsample": -0.4656054894149658, "max_depth": 7.0, "num_boost_round": 28.0}, "datetime": {"datetime": "2024-01-19 01:54:55", "elapsed": 6189.539997, "delta": 0.0063}}
{"target": -17.67698631591578, "params": {"gamma": 980.1421671937313, "log10_alpha": -0.9696994279985169, "log10_colsample_bytree": -0.2523122128319897, "log10_eta": -3.701118418266157, "log10_lambda": -4.331717552801879, "log10_min_child_weight": 2.743350175098417, "log10_subsample": -0.4656054894149658, "max_depth": 7.0, "num_boost_round": 29.0}, "datetime": {"datetime": "2024-01-19 01:54:55", "elapsed": 6189.546502, "delta": 0.006505}}
{"target": -17.67698259826174, "params": {"gamma": 980.1421671937313, "log10_alpha": -0.9696994279985169, "log10_colsample_bytree": -0.2523122128319897, "log10_eta": -3.701118418266157, "log10_lambda": -4.331717552801879, "log10_min_child_weight": 2.743350175098417, "log10_subsample": -0.4656054894149658, "max_depth": 7.0, "num_boost_round": 30.0}, "datetime": {"datetime": "2024-01-19 01:54:55", "elapsed": 6189.662195, "delta": 0.115693}}
{"target": -17.676971366480824, "params": {"gamma": 980.1421671937313, "log10_alpha": -0.9696994279985169, "log10_colsample_bytree": -0.2523122128319897, "log10_eta": -3.701118418266157, "log10_lambda": -4.331717552801879, "log10_min_child_weight": 2.743350175098417, "log10_subsample": -0.4656054894149658, "max_depth": 7.0, "num_boost_round": 31.0}, "datetime": {"datetime": "2024-01-19 01:54:55", "elapsed": 6189.668788, "delta": 0.006593}}
{"target": -17.67696413826746, "params": {"gamma": 980.1421671937313, "log10_alpha": -0.9696994279985169, "log10_colsample_bytree": -0.2523122128319897, "log10_eta": -3.701118418266157, "log10_lambda": -4.331717552801879, "log10_min_child_weight": 2.743350175098417, "log10_subsample": -0.4656054894149658, "max_depth": 7.0, "num_boost_round": 32.0}, "datetime": {"datetime": "2024-01-19 01:54:55", "elapsed": 6189.674735, "delta": 0.005947}}
{"target": -17.676958475829043, "params": {"gamma": 980.1421671937313, "log10_alpha": -0.9696994279985169, "log10_colsample_bytree": -0.2523122128319897, "log10_eta": -3.701118418266157, "log10_lambda": -4.331717552801879, "log10_min_child_weight": 2.743350175098417, "log10_subsample": -0.4656054894149658, "max_depth": 7.0, "num_boost_round": 33.0}, "datetime": {"datetime": "2024-01-19 01:54:55", "elapsed": 6189.680509, "delta": 0.005774}}
{"target": -17.676948457761227, "params": {"gamma": 980.1421671937313, "log10_alpha": -0.9696994279985169, "log10_colsample_bytree": -0.2523122128319897, "log10_eta": -3.701118418266157, "log10_lambda": -4.331717552801879, "log10_min_child_weight": 2.743350175098417, "log10_subsample": -0.4656054894149658, "max_depth": 7.0, "num_boost_round": 34.0}, "datetime": {"datetime": "2024-01-19 01:54:55", "elapsed": 6189.686191, "delta": 0.005682}}
{"target": -17.67693986857163, "params": {"gamma": 980.1421671937313, "log10_alpha": -0.9696994279985169, "log10_colsample_bytree": -0.2523122128319897, "log10_eta": -3.701118418266157, "log10_lambda": -4.331717552801879, "log10_min_child_weight": 2.743350175098417, "log10_subsample": -0.4656054894149658, "max_depth": 7.0, "num_boost_round": 35.0}, "datetime": {"datetime": "2024-01-19 01:54:55", "elapsed": 6189.691842, "delta": 0.005651}}
{"target": -17.676939685337313, "params": {"gamma": 980.1421671937313, "log10_alpha": -0.9696994279985169, "log10_colsample_bytree": -0.2523122128319897, "log10_eta": -3.701118418266157, "log10_lambda": -4.331717552801879, "log10_min_child_weight": 2.743350175098417, "log10_subsample": -0.4656054894149658, "max_depth": 7.0, "num_boost_round": 36.0}, "datetime": {"datetime": "2024-01-19 01:54:55", "elapsed": 6189.697526, "delta": 0.005684}}
{"target": -17.67693883130261, "params": {"gamma": 980.1421671937313, "log10_alpha": -0.9696994279985169, "log10_colsample_bytree": -0.2523122128319897, "log10_eta": -3.701118418266157, "log10_lambda": -4.331717552801879, "log10_min_child_weight": 2.743350175098417, "log10_subsample": -0.4656054894149658, "max_depth": 7.0, "num_boost_round": 37.0}, "datetime": {"datetime": "2024-01-19 01:54:55", "elapsed": 6189.70324, "delta": 0.005714}}
{"target": -17.67694317542776, "params": {"gamma": 980.1421671937313, "log10_alpha": -0.9696994279985169, "log10_colsample_bytree": -0.2523122128319897, "log10_eta": -3.701118418266157, "log10_lambda": -4.331717552801879, "log10_min_child_weight": 2.743350175098417, "log10_subsample": -0.4656054894149658, "max_depth": 7.0, "num_boost_round": 38.0}, "datetime": {"datetime": "2024-01-19 01:54:55", "elapsed": 6189.709019, "delta": 0.005779}}
{"target": -17.676942881144782, "params": {"gamma": 980.1421671937313, "log10_alpha": -0.9696994279985169, "log10_colsample_bytree": -0.2523122128319897, "log10_eta": -3.701118418266157, "log10_lambda": -4.331717552801879, "log10_min_child_weight": 2.743350175098417, "log10_subsample": -0.4656054894149658, "max_depth": 7.0, "num_boost_round": 39.0}, "datetime": {"datetime": "2024-01-19 01:54:55", "elapsed": 6189.714932, "delta": 0.005913}}
