{"target": -13.752677082498755, "params": {"gamma": 567.4465804653478, "log10_alpha": 0.6190932317863069, "log10_colsample_bytree": -0.9698600550257338, "log10_eta": -2.0529913976067427, "log10_lambda": -1.2780399265778657, "log10_min_child_weight": 0.4962584233210865, "log10_subsample": -0.410743746876847, "max_depth": 9.0, "num_boost_round": 36.0}, "datetime": {"datetime": "2024-01-19 01:22:11", "elapsed": 4263.683798, "delta": 0.004571}}
{"target": -13.75256402054789, "params": {"gamma": 567.4465804653478, "log10_alpha": 0.6190932317863069, "log10_colsample_bytree": -0.9698600550257338, "log10_eta": -2.0529913976067427, "log10_lambda": -1.2780399265778657, "log10_min_child_weight": 0.4962584233210865, "log10_subsample": -0.410743746876847, "max_depth": 9.0, "num_boost_round": 37.0}, "datetime": {"datetime": "2024-01-19 01:22:11", "elapsed": 4263.688314, "delta": 0.004516}}
{"target": -13.75270532733903, "params": {"gamma": 567.4465804653478, "log10_alpha": 0.6190932317863069, "log10_colsample_bytree": -0.9698600550257338, "log10_eta": -2.0529913976067427, "log10_lambda": -1.2780399265778657, "log10_min_child_weight": 0.4962584233210865, "log10_subsample": -0.410743746876847, "max_depth": 9.0, "num_boost_round": 38.0}, "datetime": {"datetime": "2024-01-19 01:22:11", "elapsed": 4263.692896, "delta": 0.004582}}
{"target": -13.752586046010386, "params": {"gamma": 567.4465804653478, "log10_alpha": 0.6190932317863069, "log10_colsample_bytree": -0.9698600550257338, "log10_eta": -2.0529913976067427, "log10_lambda": -1.2780399265778657, "log10_min_child_weight": 0.4962584233210865, "log10_subsample": -0.410743746876847, "max_depth": 9.0, "num_boost_round": 39.0}, "datetime": {"datetime": "2024-01-19 01:22:11", "elapsed": 4263.697667, "delta": 0.004771}}
{"target": -13.752537475882887, "params": {"gamma": 567.4465804653478, "log10_alpha": 0.6190932317863069, "log10_colsample_bytree": -0.9698600550257338, "log10_eta": -2.0529913976067427, "log10_lambda": -1.2780399265778657, "log10_min_child_weight": 0.4962584233210865, "log10_subsample": -0.410743746876847, "max_depth": 9.0, "num_boost_round": 40.0}, "datetime": {"datetime": "2024-01-19 01:22:11", "elapsed": 4263.702441, "delta": 0.004774}}
{"target": -13.752684822723047, "params": {"gamma": 567.4465804653478, "log10_alpha": 0.6190932317863069, "log10_colsample_bytree": -0.9698600550257338, "log10_eta": -2.0529913976067427, "log10_lambda": -1.2780399265778657, "log10_min_child_weight": 0.4962584233210865, "log10_subsample": -0.410743746876847, "max_depth": 9.0, "num_boost_round": 41.0}, "datetime": {"datetime": "2024-01-19 01:22:11", "elapsed": 4263.707031, "delta": 0.00459}}
{"target": -13.752673576700738, "params": {"gamma": 567.4465804653478, "log10_alpha": 0.6190932317863069, "log10_colsample_bytree": -0.9698600550257338, "log10_eta": -2.0529913976067427, "log10_lambda": -1.2780399265778657, "log10_min_child_weight": 0.4962584233210865, "log10_subsample": -0.410743746876847, "max_depth": 9.0, "num_boost_round": 42.0}, "datetime": {"datetime": "2024-01-19 01:22:11", "elapsed": 4263.711526, "delta": 0.004495}}
{"target": -13.75280398194565, "params": {"gamma": 567.4465804653478, "log10_alpha": 0.6190932317863069, "log10_colsample_bytree": -0.9698600550257338, "log10_eta": -2.0529913976067427, "log10_lambda": -1.2780399265778657, "log10_min_child_weight": 0.4962584233210865, "log10_subsample": -0.410743746876847, "max_depth": 9.0, "num_boost_round": 43.0}, "datetime": {"datetime": "2024-01-19 01:22:11", "elapsed": 4263.716008, "delta": 0.004482}}
{"target": -13.752832460001882, "params": {"gamma": 567.4465804653478, "log10_alpha": 0.6190932317863069, "log10_colsample_bytree": -0.9698600550257338, "log10_eta": -2.0529913976067427, "log10_lambda": -1.2780399265778657, "log10_min_child_weight": 0.4962584233210865, "log10_subsample": -0.410743746876847, "max_depth": 9.0, "num_boost_round": 44.0}, "datetime": {"datetime": "2024-01-19 01:22:11", "elapsed": 4263.720584, "delta": 0.004576}}
{"target": -13.752474137932996, "params": {"gamma": 567.4465804653478, "log10_alpha": 0.6190932317863069, "log10_colsample_bytree": -0.9698600550257338, "log10_eta": -2.0529913976067427, "log10_lambda": -1.2780399265778657, "log10_min_child_weight": 0.4962584233210865, "log10_subsample": -0.410743746876847, "max_depth": 9.0, "num_boost_round": 45.0}, "datetime": {"datetime": "2024-01-19 01:22:11", "elapsed": 4263.725126, "delta": 0.004542}}
{"target": -13.752803569408051, "params": {"gamma": 567.4465804653478, "log10_alpha": 0.6190932317863069, "log10_colsample_bytree": -0.9698600550257338, "log10_eta": -2.0529913976067427, "log10_lambda": -1.2780399265778657, "log10_min_child_weight": 0.4962584233210865, "log10_subsample": -0.410743746876847, "max_depth": 9.0, "num_boost_round": 46.0}, "datetime": {"datetime": "2024-01-19 01:22:11", "elapsed": 4263.729641, "delta": 0.004515}}
{"target": -13.752770466646846, "params": {"gamma": 567.4465804653478, "log10_alpha": 0.6190932317863069, "log10_colsample_bytree": -0.9698600550257338, "log10_eta": -2.0529913976067427, "log10_lambda": -1.2780399265778657, "log10_min_child_weight": 0.4962584233210865, "log10_subsample": -0.410743746876847, "max_depth": 9.0, "num_boost_round": 47.0}, "datetime": {"datetime": "2024-01-19 01:22:11", "elapsed": 4263.734233, "delta": 0.004592}}
{"target": -13.752788436334619, "params": {"gamma": 567.4465804653478, "log10_alpha": 0.6190932317863069, "log10_colsample_bytree": -0.9698600550257338, "log10_eta": -2.0529913976067427, "log10_lambda": -1.2780399265778657, "log10_min_child_weight": 0.4962584233210865, "log10_subsample": -0.410743746876847, "max_depth": 9.0, "num_boost_round": 48.0}, "datetime": {"datetime": "2024-01-19 01:22:11", "elapsed": 4263.738811, "delta": 0.004578}}
{"target": -13.75290004217511, "params": {"gamma": 567.4465804653478, "log10_alpha": 0.6190932317863069, "log10_colsample_bytree": -0.9698600550257338, "log10_eta": -2.0529913976067427, "log10_lambda": -1.2780399265778657, "log10_min_child_weight": 0.4962584233210865, "log10_subsample": -0.410743746876847, "max_depth": 9.0, "num_boost_round": 49.0}, "datetime": {"datetime": "2024-01-19 01:22:11", "elapsed": 4263.743366, "delta": 0.004555}}
{"target": -13.752936051891576, "params": {"gamma": 567.4465804653478, "log10_alpha": 0.6190932317863069, "log10_colsample_bytree": -0.9698600550257338, "log10_eta": -2.0529913976067427, "log10_lambda": -1.2780399265778657, "log10_min_child_weight": 0.4962584233210865, "log10_subsample": -0.410743746876847, "max_depth": 9.0, "num_boost_round": 50.0}, "datetime": {"datetime": "2024-01-19 01:22:11", "elapsed": 4263.747995, "delta": 0.004629}}
{"target": -13.753295534720229, "params": {"gamma": 567.4465804653478, "log10_alpha": 0.6190932317863069, "log10_colsample_bytree": -0.9698600550257338, "log10_eta": -2.0529913976067427, "log10_lambda": -1.2780399265778657, "log10_min_child_weight": 0.4962584233210865, "log10_subsample": -0.410743746876847, "max_depth": 9.0, "num_boost_round": 51.0}, "datetime": {"datetime": "2024-01-19 01:22:11", "elapsed": 4263.75276, "delta": 0.004765}}
{"target": -13.752980209684537, "params": {"gamma": 567.4465804653478, "log10_alpha": 0.6190932317863069, "log10_colsample_bytree": -0.9698600550257338, "log10_eta": -2.0529913976067427, "log10_lambda": -1.2780399265778657, "log10_min_child_weight": 0.4962584233210865, "log10_subsample": -0.410743746876847, "max_depth": 9.0, "num_boost_round": 52.0}, "datetime": {"datetime": "2024-01-19 01:22:11", "elapsed": 4263.757411, "delta": 0.004651}}
{"target": -13.753041141422257, "params": {"gamma": 567.4465804653478, "log10_alpha": 0.6190932317863069, "log10_colsample_bytree": -0.9698600550257338, "log10_eta": -2.0529913976067427, "log10_lambda": -1.2780399265778657, "log10_min_child_weight": 0.4962584233210865, "log10_subsample": -0.410743746876847, "max_depth": 9.0, "num_boost_round": 53.0}, "datetime": {"datetime": "2024-01-19 01:22:11", "elapsed": 4263.761959, "delta": 0.004548}}
{"target": -13.753225446302622, "params": {"gamma": 567.4465804653478, "log10_alpha": 0.6190932317863069, "log10_colsample_bytree": -0.9698600550257338, "log10_eta": -2.0529913976067427, "log10_lambda": -1.2780399265778657, "log10_min_child_weight": 0.4962584233210865, "log10_subsample": -0.410743746876847, "max_depth": 9.0, "num_boost_round": 54.0}, "datetime": {"datetime": "2024-01-19 01:22:11", "elapsed": 4263.766545, "delta": 0.004586}}
{"target": -13.753370772104422, "params": {"gamma": 567.4465804653478, "log10_alpha": 0.6190932317863069, "log10_colsample_bytree": -0.9698600550257338, "log10_eta": -2.0529913976067427, "log10_lambda": -1.2780399265778657, "log10_min_child_weight": 0.4962584233210865, "log10_subsample": -0.410743746876847, "max_depth": 9.0, "num_boost_round": 55.0}, "datetime": {"datetime": "2024-01-19 01:22:11", "elapsed": 4263.771335, "delta": 0.00479}}
{"target": -13.753644677236139, "params": {"gamma": 567.4465804653478, "log10_alpha": 0.6190932317863069, "log10_colsample_bytree": -0.9698600550257338, "log10_eta": -2.0529913976067427, "log10_lambda": -1.2780399265778657, "log10_min_child_weight": 0.4962584233210865, "log10_subsample": -0.410743746876847, "max_depth": 9.0, "num_boost_round": 56.0}, "datetime": {"datetime": "2024-01-19 01:22:11", "elapsed": 4263.775948, "delta": 0.004613}}
{"target": -13.754266985451247, "params": {"gamma": 567.4465804653478, "log10_alpha": 0.6190932317863069, "log10_colsample_bytree": -0.9698600550257338, "log10_eta": -2.0529913976067427, "log10_lambda": -1.2780399265778657, "log10_min_child_weight": 0.4962584233210865, "log10_subsample": -0.410743746876847, "max_depth": 9.0, "num_boost_round": 57.0}, "datetime": {"datetime": "2024-01-19 01:22:11", "elapsed": 4263.780524, "delta": 0.004576}}
{"target": -13.753851285681856, "params": {"gamma": 567.4465804653478, "log10_alpha": 0.6190932317863069, "log10_colsample_bytree": -0.9698600550257338, "log10_eta": -2.0529913976067427, "log10_lambda": -1.2780399265778657, "log10_min_child_weight": 0.4962584233210865, "log10_subsample": -0.410743746876847, "max_depth": 9.0, "num_boost_round": 58.0}, "datetime": {"datetime": "2024-01-19 01:22:11", "elapsed": 4263.785123, "delta": 0.004599}}
{"target": -13.753605768469185, "params": {"gamma": 567.4465804653478, "log10_alpha": 0.6190932317863069, "log10_colsample_bytree": -0.9698600550257338, "log10_eta": -2.0529913976067427, "log10_lambda": -1.2780399265778657, "log10_min_child_weight": 0.4962584233210865, "log10_subsample": -0.410743746876847, "max_depth": 9.0, "num_boost_round": 59.0}, "datetime": {"datetime": "2024-01-19 01:22:11", "elapsed": 4263.789943, "delta": 0.00482}}
{"target": -13.753846077423805, "params": {"gamma": 567.4465804653478, "log10_alpha": 0.6190932317863069, "log10_colsample_bytree": -0.9698600550257338, "log10_eta": -2.0529913976067427, "log10_lambda": -1.2780399265778657, "log10_min_child_weight": 0.4962584233210865, "log10_subsample": -0.410743746876847, "max_depth": 9.0, "num_boost_round": 60.0}, "datetime": {"datetime": "2024-01-19 01:22:11", "elapsed": 4263.795352, "delta": 0.005409}}
{"target": -13.758061817864164, "params": {"gamma": 574.2803404902508, "log10_alpha": -0.7962060162996378, "log10_colsample_bytree": -0.618477250422553, "log10_eta": -0.9084726081636485, "log10_lambda": -0.3479535016878481, "log10_min_child_weight": 4.170449665268691, "log10_subsample": -0.013585824052198991, "max_depth": 5.0, "num_boost_round": 0.0}, "datetime": {"datetime": "2024-01-19 01:23:08", "elapsed": 4320.115581, "delta": 56.320229}}
{"target": -13.757228572302116, "params": {"gamma": 574.2803404902508, "log10_alpha": -0.7962060162996378, "log10_colsample_bytree": -0.618477250422553, "log10_eta": -0.9084726081636485, "log10_lambda": -0.3479535016878481, "log10_min_child_weight": 4.170449665268691, "log10_subsample": -0.013585824052198991, "max_depth": 5.0, "num_boost_round": 1.0}, "datetime": {"datetime": "2024-01-19 01:23:08", "elapsed": 4320.120566, "delta": 0.004985}}
{"target": -13.75742222408211, "params": {"gamma": 574.2803404902508, "log10_alpha": -0.7962060162996378, "log10_colsample_bytree": -0.618477250422553, "log10_eta": -0.9084726081636485, "log10_lambda": -0.3479535016878481, "log10_min_child_weight": 4.170449665268691, "log10_subsample": -0.013585824052198991, "max_depth": 5.0, "num_boost_round": 2.0}, "datetime": {"datetime": "2024-01-19 01:23:08", "elapsed": 4320.125345, "delta": 0.004779}}
{"target": -13.757385636897416, "params": {"gamma": 574.2803404902508, "log10_alpha": -0.7962060162996378, "log10_colsample_bytree": -0.618477250422553, "log10_eta": -0.9084726081636485, "log10_lambda": -0.3479535016878481, "log10_min_child_weight": 4.170449665268691, "log10_subsample": -0.013585824052198991, "max_depth": 5.0, "num_boost_round": 3.0}, "datetime": {"datetime": "2024-01-19 01:23:08", "elapsed": 4320.130067, "delta": 0.004722}}
{"target": -13.757424574544734, "params": {"gamma": 574.2803404902508, "log10_alpha": -0.7962060162996378, "log10_colsample_bytree": -0.618477250422553, "log10_eta": -0.9084726081636485, "log10_lambda": -0.3479535016878481, "log10_min_child_weight": 4.170449665268691, "log10_subsample": -0.013585824052198991, "max_depth": 5.0, "num_boost_round": 4.0}, "datetime": {"datetime": "2024-01-19 01:23:08", "elapsed": 4320.13462, "delta": 0.004553}}
{"target": -13.759920107132142, "params": {"gamma": 574.2803404902508, "log10_alpha": -0.7962060162996378, "log10_colsample_bytree": -0.618477250422553, "log10_eta": -0.9084726081636485, "log10_lambda": -0.3479535016878481, "log10_min_child_weight": 4.170449665268691, "log10_subsample": -0.013585824052198991, "max_depth": 5.0, "num_boost_round": 5.0}, "datetime": {"datetime": "2024-01-19 01:23:08", "elapsed": 4320.139276, "delta": 0.004656}}
{"target": -13.762488855733602, "params": {"gamma": 574.2803404902508, "log10_alpha": -0.7962060162996378, "log10_colsample_bytree": -0.618477250422553, "log10_eta": -0.9084726081636485, "log10_lambda": -0.3479535016878481, "log10_min_child_weight": 4.170449665268691, "log10_subsample": -0.013585824052198991, "max_depth": 5.0, "num_boost_round": 6.0}, "datetime": {"datetime": "2024-01-19 01:23:08", "elapsed": 4320.143831, "delta": 0.004555}}
{"target": -13.761688682685609, "params": {"gamma": 574.2803404902508, "log10_alpha": -0.7962060162996378, "log10_colsample_bytree": -0.618477250422553, "log10_eta": -0.9084726081636485, "log10_lambda": -0.3479535016878481, "log10_min_child_weight": 4.170449665268691, "log10_subsample": -0.013585824052198991, "max_depth": 5.0, "num_boost_round": 7.0}, "datetime": {"datetime": "2024-01-19 01:23:08", "elapsed": 4320.148652, "delta": 0.004821}}
{"target": -13.763763883107782, "params": {"gamma": 574.2803404902508, "log10_alpha": -0.7962060162996378, "log10_colsample_bytree": -0.618477250422553, "log10_eta": -0.9084726081636485, "log10_lambda": -0.3479535016878481, "log10_min_child_weight": 4.170449665268691, "log10_subsample": -0.013585824052198991, "max_depth": 5.0, "num_boost_round": 8.0}, "datetime": {"datetime": "2024-01-19 01:23:08", "elapsed": 4320.153329, "delta": 0.004677}}
{"target": -13.763433446886225, "params": {"gamma": 574.2803404902508, "log10_alpha": -0.7962060162996378, "log10_colsample_bytree": -0.618477250422553, "log10_eta": -0.9084726081636485, "log10_lambda": -0.3479535016878481, "log10_min_child_weight": 4.170449665268691, "log10_subsample": -0.013585824052198991, "max_depth": 5.0, "num_boost_round": 9.0}, "datetime": {"datetime": "2024-01-19 01:23:08", "elapsed": 4320.158352, "delta": 0.005023}}
{"target": -13.763629989783356, "params": {"gamma": 574.2803404902508, "log10_alpha": -0.7962060162996378, "log10_colsample_bytree": -0.618477250422553, "log10_eta": -0.9084726081636485, "log10_lambda": -0.3479535016878481, "log10_min_child_weight": 4.170449665268691, "log10_subsample": -0.013585824052198991, "max_depth": 5.0, "num_boost_round": 10.0}, "datetime": {"datetime": "2024-01-19 01:23:08", "elapsed": 4320.163034, "delta": 0.004682}}
{"target": -13.764511991573324, "params": {"gamma": 574.2803404902508, "log10_alpha": -0.7962060162996378, "log10_colsample_bytree": -0.618477250422553, "log10_eta": -0.9084726081636485, "log10_lambda": -0.3479535016878481, "log10_min_child_weight": 4.170449665268691, "log10_subsample": -0.013585824052198991, "max_depth": 5.0, "num_boost_round": 11.0}, "datetime": {"datetime": "2024-01-19 01:23:08", "elapsed": 4320.167738, "delta": 0.004704}}
{"target": -13.764597158209494, "params": {"gamma": 574.2803404902508, "log10_alpha": -0.7962060162996378, "log10_colsample_bytree": -0.618477250422553, "log10_eta": -0.9084726081636485, "log10_lambda": -0.3479535016878481, "log10_min_child_weight": 4.170449665268691, "log10_subsample": -0.013585824052198991, "max_depth": 5.0, "num_boost_round": 12.0}, "datetime": {"datetime": "2024-01-19 01:23:08", "elapsed": 4320.172338, "delta": 0.0046}}
{"target": -13.765535165365245, "params": {"gamma": 574.2803404902508, "log10_alpha": -0.7962060162996378, "log10_colsample_bytree": -0.618477250422553, "log10_eta": -0.9084726081636485, "log10_lambda": -0.3479535016878481, "log10_min_child_weight": 4.170449665268691, "log10_subsample": -0.013585824052198991, "max_depth": 5.0, "num_boost_round": 13.0}, "datetime": {"datetime": "2024-01-19 01:23:08", "elapsed": 4320.177049, "delta": 0.004711}}
{"target": -13.767548480843121, "params": {"gamma": 574.2803404902508, "log10_alpha": -0.7962060162996378, "log10_colsample_bytree": -0.618477250422553, "log10_eta": -0.9084726081636485, "log10_lambda": -0.3479535016878481, "log10_min_child_weight": 4.170449665268691, "log10_subsample": -0.013585824052198991, "max_depth": 5.0, "num_boost_round": 14.0}, "datetime": {"datetime": "2024-01-19 01:23:08", "elapsed": 4320.181628, "delta": 0.004579}}
{"target": -13.768809340058421, "params": {"gamma": 574.2803404902508, "log10_alpha": -0.7962060162996378, "log10_colsample_bytree": -0.618477250422553, "log10_eta": -0.9084726081636485, "log10_lambda": -0.3479535016878481, "log10_min_child_weight": 4.170449665268691, "log10_subsample": -0.013585824052198991, "max_depth": 5.0, "num_boost_round": 15.0}, "datetime": {"datetime": "2024-01-19 01:23:08", "elapsed": 4320.186315, "delta": 0.004687}}
{"target": -13.77031116620406, "params": {"gamma": 574.2803404902508, "log10_alpha": -0.7962060162996378, "log10_colsample_bytree": -0.618477250422553, "log10_eta": -0.9084726081636485, "log10_lambda": -0.3479535016878481, "log10_min_child_weight": 4.170449665268691, "log10_subsample": -0.013585824052198991, "max_depth": 5.0, "num_boost_round": 16.0}, "datetime": {"datetime": "2024-01-19 01:23:08", "elapsed": 4320.190854, "delta": 0.004539}}
{"target": -13.772286379120919, "params": {"gamma": 574.2803404902508, "log10_alpha": -0.7962060162996378, "log10_colsample_bytree": -0.618477250422553, "log10_eta": -0.9084726081636485, "log10_lambda": -0.3479535016878481, "log10_min_child_weight": 4.170449665268691, "log10_subsample": -0.013585824052198991, "max_depth": 5.0, "num_boost_round": 17.0}, "datetime": {"datetime": "2024-01-19 01:23:08", "elapsed": 4320.195553, "delta": 0.004699}}
{"target": -13.773571403419586, "params": {"gamma": 574.2803404902508, "log10_alpha": -0.7962060162996378, "log10_colsample_bytree": -0.618477250422553, "log10_eta": -0.9084726081636485, "log10_lambda": -0.3479535016878481, "log10_min_child_weight": 4.170449665268691, "log10_subsample": -0.013585824052198991, "max_depth": 5.0, "num_boost_round": 18.0}, "datetime": {"datetime": "2024-01-19 01:23:08", "elapsed": 4320.200054, "delta": 0.004501}}
{"target": -13.774502743509675, "params": {"gamma": 574.2803404902508, "log10_alpha": -0.7962060162996378, "log10_colsample_bytree": -0.618477250422553, "log10_eta": -0.9084726081636485, "log10_lambda": -0.3479535016878481, "log10_min_child_weight": 4.170449665268691, "log10_subsample": -0.013585824052198991, "max_depth": 5.0, "num_boost_round": 19.0}, "datetime": {"datetime": "2024-01-19 01:23:08", "elapsed": 4320.204669, "delta": 0.004615}}
{"target": -13.776643867867165, "params": {"gamma": 574.2803404902508, "log10_alpha": -0.7962060162996378, "log10_colsample_bytree": -0.618477250422553, "log10_eta": -0.9084726081636485, "log10_lambda": -0.3479535016878481, "log10_min_child_weight": 4.170449665268691, "log10_subsample": -0.013585824052198991, "max_depth": 5.0, "num_boost_round": 20.0}, "datetime": {"datetime": "2024-01-19 01:23:08", "elapsed": 4320.209344, "delta": 0.004675}}
{"target": -13.777271835385502, "params": {"gamma": 574.2803404902508, "log10_alpha": -0.7962060162996378, "log10_colsample_bytree": -0.618477250422553, "log10_eta": -0.9084726081636485, "log10_lambda": -0.3479535016878481, "log10_min_child_weight": 4.170449665268691, "log10_subsample": -0.013585824052198991, "max_depth": 5.0, "num_boost_round": 21.0}, "datetime": {"datetime": "2024-01-19 01:23:08", "elapsed": 4320.214135, "delta": 0.004791}}
{"target": -13.778566045619936, "params": {"gamma": 574.2803404902508, "log10_alpha": -0.7962060162996378, "log10_colsample_bytree": -0.618477250422553, "log10_eta": -0.9084726081636485, "log10_lambda": -0.3479535016878481, "log10_min_child_weight": 4.170449665268691, "log10_subsample": -0.013585824052198991, "max_depth": 5.0, "num_boost_round": 22.0}, "datetime": {"datetime": "2024-01-19 01:23:08", "elapsed": 4320.218775, "delta": 0.00464}}
{"target": -13.778219346694547, "params": {"gamma": 574.2803404902508, "log10_alpha": -0.7962060162996378, "log10_colsample_bytree": -0.618477250422553, "log10_eta": -0.9084726081636485, "log10_lambda": -0.3479535016878481, "log10_min_child_weight": 4.170449665268691, "log10_subsample": -0.013585824052198991, "max_depth": 5.0, "num_boost_round": 23.0}, "datetime": {"datetime": "2024-01-19 01:23:08", "elapsed": 4320.223432, "delta": 0.004657}}
