{"target": -13.75640274464964, "params": {"gamma": 441.5556231318511, "log10_alpha": -4.716367333658189, "log10_colsample_bytree": -0.8670435375815689, "log10_eta": -2.7352672911001474, "log10_lambda": 0.6773905365598925, "log10_min_child_weight": 0.5564933161291435, "log10_subsample": -0.30281470936482247, "max_depth": 9.0, "num_boost_round": 40.0}, "datetime": {"datetime": "2024-01-19 00:18:43", "elapsed": 427.763771, "delta": 0.00104}}
{"target": -13.756393657028381, "params": {"gamma": 441.5556231318511, "log10_alpha": -4.716367333658189, "log10_colsample_bytree": -0.8670435375815689, "log10_eta": -2.7352672911001474, "log10_lambda": 0.6773905365598925, "log10_min_child_weight": 0.5564933161291435, "log10_subsample": -0.30281470936482247, "max_depth": 9.0, "num_boost_round": 41.0}, "datetime": {"datetime": "2024-01-19 00:18:43", "elapsed": 427.764773, "delta": 0.001002}}
{"target": -13.756275139237477, "params": {"gamma": 441.5556231318511, "log10_alpha": -4.716367333658189, "log10_colsample_bytree": -0.8670435375815689, "log10_eta": -2.7352672911001474, "log10_lambda": 0.6773905365598925, "log10_min_child_weight": 0.5564933161291435, "log10_subsample": -0.30281470936482247, "max_depth": 9.0, "num_boost_round": 42.0}, "datetime": {"datetime": "2024-01-19 00:18:43", "elapsed": 427.765782, "delta": 0.001009}}
{"target": -13.756268766075845, "params": {"gamma": 441.5556231318511, "log10_alpha": -4.716367333658189, "log10_colsample_bytree": -0.8670435375815689, "log10_eta": -2.7352672911001474, "log10_lambda": 0.6773905365598925, "log10_min_child_weight": 0.5564933161291435, "log10_subsample": -0.30281470936482247, "max_depth": 9.0, "num_boost_round": 43.0}, "datetime": {"datetime": "2024-01-19 00:18:43", "elapsed": 427.770334, "delta": 0.004552}}
{"target": -13.75628966005348, "params": {"gamma": 441.5556231318511, "log10_alpha": -4.716367333658189, "log10_colsample_bytree": -0.8670435375815689, "log10_eta": -2.7352672911001474, "log10_lambda": 0.6773905365598925, "log10_min_child_weight": 0.5564933161291435, "log10_subsample": -0.30281470936482247, "max_depth": 9.0, "num_boost_round": 44.0}, "datetime": {"datetime": "2024-01-19 00:18:43", "elapsed": 427.771344, "delta": 0.00101}}
{"target": -13.756258276796602, "params": {"gamma": 441.5556231318511, "log10_alpha": -4.716367333658189, "log10_colsample_bytree": -0.8670435375815689, "log10_eta": -2.7352672911001474, "log10_lambda": 0.6773905365598925, "log10_min_child_weight": 0.5564933161291435, "log10_subsample": -0.30281470936482247, "max_depth": 9.0, "num_boost_round": 45.0}, "datetime": {"datetime": "2024-01-19 00:18:43", "elapsed": 427.772353, "delta": 0.001009}}
{"target": -13.756296166404288, "params": {"gamma": 441.5556231318511, "log10_alpha": -4.716367333658189, "log10_colsample_bytree": -0.8670435375815689, "log10_eta": -2.7352672911001474, "log10_lambda": 0.6773905365598925, "log10_min_child_weight": 0.5564933161291435, "log10_subsample": -0.30281470936482247, "max_depth": 9.0, "num_boost_round": 46.0}, "datetime": {"datetime": "2024-01-19 00:18:43", "elapsed": 427.773361, "delta": 0.001008}}
{"target": -13.75617637130745, "params": {"gamma": 441.5556231318511, "log10_alpha": -4.716367333658189, "log10_colsample_bytree": -0.8670435375815689, "log10_eta": -2.7352672911001474, "log10_lambda": 0.6773905365598925, "log10_min_child_weight": 0.5564933161291435, "log10_subsample": -0.30281470936482247, "max_depth": 9.0, "num_boost_round": 47.0}, "datetime": {"datetime": "2024-01-19 00:18:43", "elapsed": 427.774506, "delta": 0.001145}}
{"target": -13.75615032227982, "params": {"gamma": 441.5556231318511, "log10_alpha": -4.716367333658189, "log10_colsample_bytree": -0.8670435375815689, "log10_eta": -2.7352672911001474, "log10_lambda": 0.6773905365598925, "log10_min_child_weight": 0.5564933161291435, "log10_subsample": -0.30281470936482247, "max_depth": 9.0, "num_boost_round": 48.0}, "datetime": {"datetime": "2024-01-19 00:18:43", "elapsed": 427.775647, "delta": 0.001141}}
{"target": -13.756158747368119, "params": {"gamma": 441.5556231318511, "log10_alpha": -4.716367333658189, "log10_colsample_bytree": -0.8670435375815689, "log10_eta": -2.7352672911001474, "log10_lambda": 0.6773905365598925, "log10_min_child_weight": 0.5564933161291435, "log10_subsample": -0.30281470936482247, "max_depth": 9.0, "num_boost_round": 49.0}, "datetime": {"datetime": "2024-01-19 00:18:43", "elapsed": 427.776729, "delta": 0.001082}}
{"target": -13.756155855084204, "params": {"gamma": 441.5556231318511, "log10_alpha": -4.716367333658189, "log10_colsample_bytree": -0.8670435375815689, "log10_eta": -2.7352672911001474, "log10_lambda": 0.6773905365598925, "log10_min_child_weight": 0.5564933161291435, "log10_subsample": -0.30281470936482247, "max_depth": 9.0, "num_boost_round": 50.0}, "datetime": {"datetime": "2024-01-19 00:18:43", "elapsed": 427.777737, "delta": 0.001008}}
{"target": -13.756134737040822, "params": {"gamma": 441.5556231318511, "log10_alpha": -4.716367333658189, "log10_colsample_bytree": -0.8670435375815689, "log10_eta": -2.7352672911001474, "log10_lambda": 0.6773905365598925, "log10_min_child_weight": 0.5564933161291435, "log10_subsample": -0.30281470936482247, "max_depth": 9.0, "num_boost_round": 51.0}, "datetime": {"datetime": "2024-01-19 00:18:43", "elapsed": 427.778746, "delta": 0.001009}}
{"target": -13.756057900880103, "params": {"gamma": 441.5556231318511, "log10_alpha": -4.716367333658189, "log10_colsample_bytree": -0.8670435375815689, "log10_eta": -2.7352672911001474, "log10_lambda": 0.6773905365598925, "log10_min_child_weight": 0.5564933161291435, "log10_subsample": -0.30281470936482247, "max_depth": 9.0, "num_boost_round": 52.0}, "datetime": {"datetime": "2024-01-19 00:18:43", "elapsed": 427.779773, "delta": 0.001027}}
{"target": -13.756026671403752, "params": {"gamma": 441.5556231318511, "log10_alpha": -4.716367333658189, "log10_colsample_bytree": -0.8670435375815689, "log10_eta": -2.7352672911001474, "log10_lambda": 0.6773905365598925, "log10_min_child_weight": 0.5564933161291435, "log10_subsample": -0.30281470936482247, "max_depth": 9.0, "num_boost_round": 53.0}, "datetime": {"datetime": "2024-01-19 00:18:43", "elapsed": 427.780796, "delta": 0.001023}}
{"target": -13.756008192001422, "params": {"gamma": 441.5556231318511, "log10_alpha": -4.716367333658189, "log10_colsample_bytree": -0.8670435375815689, "log10_eta": -2.7352672911001474, "log10_lambda": 0.6773905365598925, "log10_min_child_weight": 0.5564933161291435, "log10_subsample": -0.30281470936482247, "max_depth": 9.0, "num_boost_round": 54.0}, "datetime": {"datetime": "2024-01-19 00:18:43", "elapsed": 427.781813, "delta": 0.001017}}
{"target": -13.756069499704418, "params": {"gamma": 441.5556231318511, "log10_alpha": -4.716367333658189, "log10_colsample_bytree": -0.8670435375815689, "log10_eta": -2.7352672911001474, "log10_lambda": 0.6773905365598925, "log10_min_child_weight": 0.5564933161291435, "log10_subsample": -0.30281470936482247, "max_depth": 9.0, "num_boost_round": 55.0}, "datetime": {"datetime": "2024-01-19 00:18:43", "elapsed": 427.782881, "delta": 0.001068}}
{"target": -13.756070680096817, "params": {"gamma": 441.5556231318511, "log10_alpha": -4.716367333658189, "log10_colsample_bytree": -0.8670435375815689, "log10_eta": -2.7352672911001474, "log10_lambda": 0.6773905365598925, "log10_min_child_weight": 0.5564933161291435, "log10_subsample": -0.30281470936482247, "max_depth": 9.0, "num_boost_round": 56.0}, "datetime": {"datetime": "2024-01-19 00:18:43", "elapsed": 427.783896, "delta": 0.001015}}
{"target": -13.756056713975507, "params": {"gamma": 441.5556231318511, "log10_alpha": -4.716367333658189, "log10_colsample_bytree": -0.8670435375815689, "log10_eta": -2.7352672911001474, "log10_lambda": 0.6773905365598925, "log10_min_child_weight": 0.5564933161291435, "log10_subsample": -0.30281470936482247, "max_depth": 9.0, "num_boost_round": 57.0}, "datetime": {"datetime": "2024-01-19 00:18:43", "elapsed": 427.784916, "delta": 0.00102}}
{"target": -13.755951663743852, "params": {"gamma": 441.5556231318511, "log10_alpha": -4.716367333658189, "log10_colsample_bytree": -0.8670435375815689, "log10_eta": -2.7352672911001474, "log10_lambda": 0.6773905365598925, "log10_min_child_weight": 0.5564933161291435, "log10_subsample": -0.30281470936482247, "max_depth": 9.0, "num_boost_round": 58.0}, "datetime": {"datetime": "2024-01-19 00:18:43", "elapsed": 427.785928, "delta": 0.001012}}
{"target": -13.7558900663003, "params": {"gamma": 441.5556231318511, "log10_alpha": -4.716367333658189, "log10_colsample_bytree": -0.8670435375815689, "log10_eta": -2.7352672911001474, "log10_lambda": 0.6773905365598925, "log10_min_child_weight": 0.5564933161291435, "log10_subsample": -0.30281470936482247, "max_depth": 9.0, "num_boost_round": 59.0}, "datetime": {"datetime": "2024-01-19 00:18:43", "elapsed": 427.786957, "delta": 0.001029}}
{"target": -13.755929084280995, "params": {"gamma": 441.5556231318511, "log10_alpha": -4.716367333658189, "log10_colsample_bytree": -0.8670435375815689, "log10_eta": -2.7352672911001474, "log10_lambda": 0.6773905365598925, "log10_min_child_weight": 0.5564933161291435, "log10_subsample": -0.30281470936482247, "max_depth": 9.0, "num_boost_round": 60.0}, "datetime": {"datetime": "2024-01-19 00:18:43", "elapsed": 427.78798, "delta": 0.001023}}
{"target": -13.755891563391545, "params": {"gamma": 441.5556231318511, "log10_alpha": -4.716367333658189, "log10_colsample_bytree": -0.8670435375815689, "log10_eta": -2.7352672911001474, "log10_lambda": 0.6773905365598925, "log10_min_child_weight": 0.5564933161291435, "log10_subsample": -0.30281470936482247, "max_depth": 9.0, "num_boost_round": 61.0}, "datetime": {"datetime": "2024-01-19 00:18:43", "elapsed": 427.789085, "delta": 0.001105}}
{"target": -13.755989322429311, "params": {"gamma": 441.5556231318511, "log10_alpha": -4.716367333658189, "log10_colsample_bytree": -0.8670435375815689, "log10_eta": -2.7352672911001474, "log10_lambda": 0.6773905365598925, "log10_min_child_weight": 0.5564933161291435, "log10_subsample": -0.30281470936482247, "max_depth": 9.0, "num_boost_round": 62.0}, "datetime": {"datetime": "2024-01-19 00:18:43", "elapsed": 427.790116, "delta": 0.001031}}
{"target": -13.755913401687316, "params": {"gamma": 441.5556231318511, "log10_alpha": -4.716367333658189, "log10_colsample_bytree": -0.8670435375815689, "log10_eta": -2.7352672911001474, "log10_lambda": 0.6773905365598925, "log10_min_child_weight": 0.5564933161291435, "log10_subsample": -0.30281470936482247, "max_depth": 9.0, "num_boost_round": 63.0}, "datetime": {"datetime": "2024-01-19 00:18:43", "elapsed": 427.791137, "delta": 0.001021}}
{"target": -13.755883239545614, "params": {"gamma": 441.5556231318511, "log10_alpha": -4.716367333658189, "log10_colsample_bytree": -0.8670435375815689, "log10_eta": -2.7352672911001474, "log10_lambda": 0.6773905365598925, "log10_min_child_weight": 0.5564933161291435, "log10_subsample": -0.30281470936482247, "max_depth": 9.0, "num_boost_round": 64.0}, "datetime": {"datetime": "2024-01-19 00:18:43", "elapsed": 427.792166, "delta": 0.001029}}
{"target": -13.755834843218206, "params": {"gamma": 441.5556231318511, "log10_alpha": -4.716367333658189, "log10_colsample_bytree": -0.8670435375815689, "log10_eta": -2.7352672911001474, "log10_lambda": 0.6773905365598925, "log10_min_child_weight": 0.5564933161291435, "log10_subsample": -0.30281470936482247, "max_depth": 9.0, "num_boost_round": 65.0}, "datetime": {"datetime": "2024-01-19 00:18:43", "elapsed": 427.793194, "delta": 0.001028}}
{"target": -13.75579754691879, "params": {"gamma": 441.5556231318511, "log10_alpha": -4.716367333658189, "log10_colsample_bytree": -0.8670435375815689, "log10_eta": -2.7352672911001474, "log10_lambda": 0.6773905365598925, "log10_min_child_weight": 0.5564933161291435, "log10_subsample": -0.30281470936482247, "max_depth": 9.0, "num_boost_round": 66.0}, "datetime": {"datetime": "2024-01-19 00:18:43", "elapsed": 427.794311, "delta": 0.001117}}
{"target": -13.755717348105833, "params": {"gamma": 441.5556231318511, "log10_alpha": -4.716367333658189, "log10_colsample_bytree": -0.8670435375815689, "log10_eta": -2.7352672911001474, "log10_lambda": 0.6773905365598925, "log10_min_child_weight": 0.5564933161291435, "log10_subsample": -0.30281470936482247, "max_depth": 9.0, "num_boost_round": 67.0}, "datetime": {"datetime": "2024-01-19 00:18:43", "elapsed": 427.795344, "delta": 0.001033}}
{"target": -13.755657957148891, "params": {"gamma": 441.5556231318511, "log10_alpha": -4.716367333658189, "log10_colsample_bytree": -0.8670435375815689, "log10_eta": -2.7352672911001474, "log10_lambda": 0.6773905365598925, "log10_min_child_weight": 0.5564933161291435, "log10_subsample": -0.30281470936482247, "max_depth": 9.0, "num_boost_round": 68.0}, "datetime": {"datetime": "2024-01-19 00:18:43", "elapsed": 427.796386, "delta": 0.001042}}
{"target": -13.75562156283603, "params": {"gamma": 441.5556231318511, "log10_alpha": -4.716367333658189, "log10_colsample_bytree": -0.8670435375815689, "log10_eta": -2.7352672911001474, "log10_lambda": 0.6773905365598925, "log10_min_child_weight": 0.5564933161291435, "log10_subsample": -0.30281470936482247, "max_depth": 9.0, "num_boost_round": 69.0}, "datetime": {"datetime": "2024-01-19 00:18:43", "elapsed": 427.797435, "delta": 0.001049}}
{"target": -13.758538113876886, "params": {"gamma": 442.20586294423424, "log10_alpha": -0.6010839188418062, "log10_colsample_bytree": -0.8869367408152024, "log10_eta": -3.7024739064841485, "log10_lambda": -3.6671362482657965, "log10_min_child_weight": 4.714956084370019, "log10_subsample": -0.768875139274028, "max_depth": 7.0, "num_boost_round": 0.0}, "datetime": {"datetime": "2024-01-19 00:19:25", "elapsed": 469.91449, "delta": 42.117055}}
{"target": -13.75853701904846, "params": {"gamma": 442.20586294423424, "log10_alpha": -0.6010839188418062, "log10_colsample_bytree": -0.8869367408152024, "log10_eta": -3.7024739064841485, "log10_lambda": -3.6671362482657965, "log10_min_child_weight": 4.714956084370019, "log10_subsample": -0.768875139274028, "max_depth": 7.0, "num_boost_round": 1.0}, "datetime": {"datetime": "2024-01-19 00:19:25", "elapsed": 469.916648, "delta": 0.002158}}
{"target": -13.758537124555207, "params": {"gamma": 442.20586294423424, "log10_alpha": -0.6010839188418062, "log10_colsample_bytree": -0.8869367408152024, "log10_eta": -3.7024739064841485, "log10_lambda": -3.6671362482657965, "log10_min_child_weight": 4.714956084370019, "log10_subsample": -0.768875139274028, "max_depth": 7.0, "num_boost_round": 2.0}, "datetime": {"datetime": "2024-01-19 00:19:25", "elapsed": 469.917729, "delta": 0.001081}}
{"target": -13.758536747969183, "params": {"gamma": 442.20586294423424, "log10_alpha": -0.6010839188418062, "log10_colsample_bytree": -0.8869367408152024, "log10_eta": -3.7024739064841485, "log10_lambda": -3.6671362482657965, "log10_min_child_weight": 4.714956084370019, "log10_subsample": -0.768875139274028, "max_depth": 7.0, "num_boost_round": 3.0}, "datetime": {"datetime": "2024-01-19 00:19:25", "elapsed": 469.918769, "delta": 0.00104}}
{"target": -13.758535991527879, "params": {"gamma": 442.20586294423424, "log10_alpha": -0.6010839188418062, "log10_colsample_bytree": -0.8869367408152024, "log10_eta": -3.7024739064841485, "log10_lambda": -3.6671362482657965, "log10_min_child_weight": 4.714956084370019, "log10_subsample": -0.768875139274028, "max_depth": 7.0, "num_boost_round": 4.0}, "datetime": {"datetime": "2024-01-19 00:19:25", "elapsed": 469.920045, "delta": 0.001276}}
{"target": -13.758535728726775, "params": {"gamma": 442.20586294423424, "log10_alpha": -0.6010839188418062, "log10_colsample_bytree": -0.8869367408152024, "log10_eta": -3.7024739064841485, "log10_lambda": -3.6671362482657965, "log10_min_child_weight": 4.714956084370019, "log10_subsample": -0.768875139274028, "max_depth": 7.0, "num_boost_round": 5.0}, "datetime": {"datetime": "2024-01-19 00:19:25", "elapsed": 469.921093, "delta": 0.001048}}
{"target": -13.758535859533575, "params": {"gamma": 442.20586294423424, "log10_alpha": -0.6010839188418062, "log10_colsample_bytree": -0.8869367408152024, "log10_eta": -3.7024739064841485, "log10_lambda": -3.6671362482657965, "log10_min_child_weight": 4.714956084370019, "log10_subsample": -0.768875139274028, "max_depth": 7.0, "num_boost_round": 6.0}, "datetime": {"datetime": "2024-01-19 00:19:25", "elapsed": 469.922125, "delta": 0.001032}}
{"target": -13.758535401184723, "params": {"gamma": 442.20586294423424, "log10_alpha": -0.6010839188418062, "log10_colsample_bytree": -0.8869367408152024, "log10_eta": -3.7024739064841485, "log10_lambda": -3.6671362482657965, "log10_min_child_weight": 4.714956084370019, "log10_subsample": -0.768875139274028, "max_depth": 7.0, "num_boost_round": 7.0}, "datetime": {"datetime": "2024-01-19 00:19:25", "elapsed": 469.923294, "delta": 0.001169}}
{"target": -13.75853523184773, "params": {"gamma": 442.20586294423424, "log10_alpha": -0.6010839188418062, "log10_colsample_bytree": -0.8869367408152024, "log10_eta": -3.7024739064841485, "log10_lambda": -3.6671362482657965, "log10_min_child_weight": 4.714956084370019, "log10_subsample": -0.768875139274028, "max_depth": 7.0, "num_boost_round": 8.0}, "datetime": {"datetime": "2024-01-19 00:19:25", "elapsed": 469.924611, "delta": 0.001317}}
{"target": -13.758534638874258, "params": {"gamma": 442.20586294423424, "log10_alpha": -0.6010839188418062, "log10_colsample_bytree": -0.8869367408152024, "log10_eta": -3.7024739064841485, "log10_lambda": -3.6671362482657965, "log10_min_child_weight": 4.714956084370019, "log10_subsample": -0.768875139274028, "max_depth": 7.0, "num_boost_round": 9.0}, "datetime": {"datetime": "2024-01-19 00:19:25", "elapsed": 469.925712, "delta": 0.001101}}
{"target": -13.758533327792236, "params": {"gamma": 442.20586294423424, "log10_alpha": -0.6010839188418062, "log10_colsample_bytree": -0.8869367408152024, "log10_eta": -3.7024739064841485, "log10_lambda": -3.6671362482657965, "log10_min_child_weight": 4.714956084370019, "log10_subsample": -0.768875139274028, "max_depth": 7.0, "num_boost_round": 10.0}, "datetime": {"datetime": "2024-01-19 00:19:25", "elapsed": 469.926864, "delta": 0.001152}}
{"target": -13.758532514921045, "params": {"gamma": 442.20586294423424, "log10_alpha": -0.6010839188418062, "log10_colsample_bytree": -0.8869367408152024, "log10_eta": -3.7024739064841485, "log10_lambda": -3.6671362482657965, "log10_min_child_weight": 4.714956084370019, "log10_subsample": -0.768875139274028, "max_depth": 7.0, "num_boost_round": 11.0}, "datetime": {"datetime": "2024-01-19 00:19:25", "elapsed": 469.927905, "delta": 0.001041}}
{"target": -13.758532824152812, "params": {"gamma": 442.20586294423424, "log10_alpha": -0.6010839188418062, "log10_colsample_bytree": -0.8869367408152024, "log10_eta": -3.7024739064841485, "log10_lambda": -3.6671362482657965, "log10_min_child_weight": 4.714956084370019, "log10_subsample": -0.768875139274028, "max_depth": 7.0, "num_boost_round": 12.0}, "datetime": {"datetime": "2024-01-19 00:19:25", "elapsed": 469.928946, "delta": 0.001041}}
{"target": -13.75853279746978, "params": {"gamma": 442.20586294423424, "log10_alpha": -0.6010839188418062, "log10_colsample_bytree": -0.8869367408152024, "log10_eta": -3.7024739064841485, "log10_lambda": -3.6671362482657965, "log10_min_child_weight": 4.714956084370019, "log10_subsample": -0.768875139274028, "max_depth": 7.0, "num_boost_round": 13.0}, "datetime": {"datetime": "2024-01-19 00:19:25", "elapsed": 469.930025, "delta": 0.001079}}
{"target": -13.75853198225667, "params": {"gamma": 442.20586294423424, "log10_alpha": -0.6010839188418062, "log10_colsample_bytree": -0.8869367408152024, "log10_eta": -3.7024739064841485, "log10_lambda": -3.6671362482657965, "log10_min_child_weight": 4.714956084370019, "log10_subsample": -0.768875139274028, "max_depth": 7.0, "num_boost_round": 14.0}, "datetime": {"datetime": "2024-01-19 00:19:25", "elapsed": 469.931152, "delta": 0.001127}}
{"target": -13.758530510894305, "params": {"gamma": 442.20586294423424, "log10_alpha": -0.6010839188418062, "log10_colsample_bytree": -0.8869367408152024, "log10_eta": -3.7024739064841485, "log10_lambda": -3.6671362482657965, "log10_min_child_weight": 4.714956084370019, "log10_subsample": -0.768875139274028, "max_depth": 7.0, "num_boost_round": 15.0}, "datetime": {"datetime": "2024-01-19 00:19:25", "elapsed": 469.932271, "delta": 0.001119}}
{"target": -13.758530355052084, "params": {"gamma": 442.20586294423424, "log10_alpha": -0.6010839188418062, "log10_colsample_bytree": -0.8869367408152024, "log10_eta": -3.7024739064841485, "log10_lambda": -3.6671362482657965, "log10_min_child_weight": 4.714956084370019, "log10_subsample": -0.768875139274028, "max_depth": 7.0, "num_boost_round": 16.0}, "datetime": {"datetime": "2024-01-19 00:19:25", "elapsed": 469.933367, "delta": 0.001096}}
{"target": -13.758530251640199, "params": {"gamma": 442.20586294423424, "log10_alpha": -0.6010839188418062, "log10_colsample_bytree": -0.8869367408152024, "log10_eta": -3.7024739064841485, "log10_lambda": -3.6671362482657965, "log10_min_child_weight": 4.714956084370019, "log10_subsample": -0.768875139274028, "max_depth": 7.0, "num_boost_round": 17.0}, "datetime": {"datetime": "2024-01-19 00:19:25", "elapsed": 469.934452, "delta": 0.001085}}
{"target": -13.758529952144638, "params": {"gamma": 442.20586294423424, "log10_alpha": -0.6010839188418062, "log10_colsample_bytree": -0.8869367408152024, "log10_eta": -3.7024739064841485, "log10_lambda": -3.6671362482657965, "log10_min_child_weight": 4.714956084370019, "log10_subsample": -0.768875139274028, "max_depth": 7.0, "num_boost_round": 18.0}, "datetime": {"datetime": "2024-01-19 00:19:25", "elapsed": 469.935552, "delta": 0.0011}}
