{"target": -13.757714796031427, "params": {"gamma": 534.4802604453478, "log10_alpha": -2.0036091489668144, "log10_colsample_bytree": -0.9427308633603829, "log10_eta": -2.661889306028991, "log10_lambda": -0.9435683496744565, "log10_min_child_weight": 2.257322656723475, "log10_subsample": -0.494797136399018, "max_depth": 5.0, "num_boost_round": 23.0}, "datetime": {"datetime": "2024-01-19 00:51:01", "elapsed": 2393.261072, "delta": 0.002669}}
{"target": -13.757744244284686, "params": {"gamma": 534.4802604453478, "log10_alpha": -2.0036091489668144, "log10_colsample_bytree": -0.9427308633603829, "log10_eta": -2.661889306028991, "log10_lambda": -0.9435683496744565, "log10_min_child_weight": 2.257322656723475, "log10_subsample": -0.494797136399018, "max_depth": 5.0, "num_boost_round": 24.0}, "datetime": {"datetime": "2024-01-19 00:51:01", "elapsed": 2393.263868, "delta": 0.002796}}
{"target": -13.757668529546455, "params": {"gamma": 534.4802604453478, "log10_alpha": -2.0036091489668144, "log10_colsample_bytree": -0.9427308633603829, "log10_eta": -2.661889306028991, "log10_lambda": -0.9435683496744565, "log10_min_child_weight": 2.257322656723475, "log10_subsample": -0.494797136399018, "max_depth": 5.0, "num_boost_round": 25.0}, "datetime": {"datetime": "2024-01-19 00:51:01", "elapsed": 2393.266684, "delta": 0.002816}}
{"target": -13.757671180871831, "params": {"gamma": 534.4802604453478, "log10_alpha": -2.0036091489668144, "log10_colsample_bytree": -0.9427308633603829, "log10_eta": -2.661889306028991, "log10_lambda": -0.9435683496744565, "log10_min_child_weight": 2.257322656723475, "log10_subsample": -0.494797136399018, "max_depth": 5.0, "num_boost_round": 26.0}, "datetime": {"datetime": "2024-01-19 00:51:01", "elapsed": 2393.269353, "delta": 0.002669}}
{"target": -13.7576429621025, "params": {"gamma": 534.4802604453478, "log10_alpha": -2.0036091489668144, "log10_colsample_bytree": -0.9427308633603829, "log10_eta": -2.661889306028991, "log10_lambda": -0.9435683496744565, "log10_min_child_weight": 2.257322656723475, "log10_subsample": -0.494797136399018, "max_depth": 5.0, "num_boost_round": 27.0}, "datetime": {"datetime": "2024-01-19 00:51:01", "elapsed": 2393.272021, "delta": 0.002668}}
{"target": -13.758531372941013, "params": {"gamma": 565.9971969736837, "log10_alpha": 0.185927312991641, "log10_colsample_bytree": -0.6709038533833845, "log10_eta": -3.6416512036694977, "log10_lambda": 0.2320830436434278, "log10_min_child_weight": 1.0132233536276898, "log10_subsample": -0.540520953801076, "max_depth": 7.0, "num_boost_round": 0.0}, "datetime": {"datetime": "2024-01-19 00:51:32", "elapsed": 2424.232637, "delta": 30.960616}}
{"target": -13.758516941009905, "params": {"gamma": 565.9971969736837, "log10_alpha": 0.185927312991641, "log10_colsample_bytree": -0.6709038533833845, "log10_eta": -3.6416512036694977, "log10_lambda": 0.2320830436434278, "log10_min_child_weight": 1.0132233536276898, "log10_subsample": -0.540520953801076, "max_depth": 7.0, "num_boost_round": 1.0}, "datetime": {"datetime": "2024-01-19 00:51:32", "elapsed": 2424.236713, "delta": 0.004076}}
{"target": -13.758507467174697, "params": {"gamma": 565.9971969736837, "log10_alpha": 0.185927312991641, "log10_colsample_bytree": -0.6709038533833845, "log10_eta": -3.6416512036694977, "log10_lambda": 0.2320830436434278, "log10_min_child_weight": 1.0132233536276898, "log10_subsample": -0.540520953801076, "max_depth": 7.0, "num_boost_round": 2.0}, "datetime": {"datetime": "2024-01-19 00:51:32", "elapsed": 2424.239492, "delta": 0.002779}}
{"target": -13.758499701375756, "params": {"gamma": 565.9971969736837, "log10_alpha": 0.185927312991641, "log10_colsample_bytree": -0.6709038533833845, "log10_eta": -3.6416512036694977, "log10_lambda": 0.2320830436434278, "log10_min_child_weight": 1.0132233536276898, "log10_subsample": -0.540520953801076, "max_depth": 7.0, "num_boost_round": 3.0}, "datetime": {"datetime": "2024-01-19 00:51:32", "elapsed": 2424.242269, "delta": 0.002777}}
{"target": -13.758483351380622, "params": {"gamma": 565.9971969736837, "log10_alpha": 0.185927312991641, "log10_colsample_bytree": -0.6709038533833845, "log10_eta": -3.6416512036694977, "log10_lambda": 0.2320830436434278, "log10_min_child_weight": 1.0132233536276898, "log10_subsample": -0.540520953801076, "max_depth": 7.0, "num_boost_round": 4.0}, "datetime": {"datetime": "2024-01-19 00:51:32", "elapsed": 2424.245085, "delta": 0.002816}}
{"target": -13.75845857514106, "params": {"gamma": 565.9971969736837, "log10_alpha": 0.185927312991641, "log10_colsample_bytree": -0.6709038533833845, "log10_eta": -3.6416512036694977, "log10_lambda": 0.2320830436434278, "log10_min_child_weight": 1.0132233536276898, "log10_subsample": -0.540520953801076, "max_depth": 7.0, "num_boost_round": 5.0}, "datetime": {"datetime": "2024-01-19 00:51:32", "elapsed": 2424.247999, "delta": 0.002914}}
{"target": -13.75845330183501, "params": {"gamma": 565.9971969736837, "log10_alpha": 0.185927312991641, "log10_colsample_bytree": -0.6709038533833845, "log10_eta": -3.6416512036694977, "log10_lambda": 0.2320830436434278, "log10_min_child_weight": 1.0132233536276898, "log10_subsample": -0.540520953801076, "max_depth": 7.0, "num_boost_round": 6.0}, "datetime": {"datetime": "2024-01-19 00:51:32", "elapsed": 2424.250789, "delta": 0.00279}}
{"target": -13.758455201964715, "params": {"gamma": 565.9971969736837, "log10_alpha": 0.185927312991641, "log10_colsample_bytree": -0.6709038533833845, "log10_eta": -3.6416512036694977, "log10_lambda": 0.2320830436434278, "log10_min_child_weight": 1.0132233536276898, "log10_subsample": -0.540520953801076, "max_depth": 7.0, "num_boost_round": 7.0}, "datetime": {"datetime": "2024-01-19 00:51:32", "elapsed": 2424.253623, "delta": 0.002834}}
{"target": -13.75844954715752, "params": {"gamma": 565.9971969736837, "log10_alpha": 0.185927312991641, "log10_colsample_bytree": -0.6709038533833845, "log10_eta": -3.6416512036694977, "log10_lambda": 0.2320830436434278, "log10_min_child_weight": 1.0132233536276898, "log10_subsample": -0.540520953801076, "max_depth": 7.0, "num_boost_round": 8.0}, "datetime": {"datetime": "2024-01-19 00:51:32", "elapsed": 2424.256419, "delta": 0.002796}}
{"target": -13.75844700899898, "params": {"gamma": 565.9971969736837, "log10_alpha": 0.185927312991641, "log10_colsample_bytree": -0.6709038533833845, "log10_eta": -3.6416512036694977, "log10_lambda": 0.2320830436434278, "log10_min_child_weight": 1.0132233536276898, "log10_subsample": -0.540520953801076, "max_depth": 7.0, "num_boost_round": 9.0}, "datetime": {"datetime": "2024-01-19 00:51:32", "elapsed": 2424.259105, "delta": 0.002686}}
{"target": -13.761268781931053, "params": {"gamma": 532.3072335158158, "log10_alpha": -3.268558194853252, "log10_colsample_bytree": -0.09050394336859835, "log10_eta": -1.2801075556371835, "log10_lambda": 0.30150222758991685, "log10_min_child_weight": 1.2471284043049162, "log10_subsample": -0.12275910255462152, "max_depth": 8.0, "num_boost_round": 0.0}, "datetime": {"datetime": "2024-01-19 00:52:07", "elapsed": 2459.499603, "delta": 35.240498}}
{"target": -13.76564260352649, "params": {"gamma": 532.3072335158158, "log10_alpha": -3.268558194853252, "log10_colsample_bytree": -0.09050394336859835, "log10_eta": -1.2801075556371835, "log10_lambda": 0.30150222758991685, "log10_min_child_weight": 1.2471284043049162, "log10_subsample": -0.12275910255462152, "max_depth": 8.0, "num_boost_round": 1.0}, "datetime": {"datetime": "2024-01-19 00:52:07", "elapsed": 2459.502946, "delta": 0.003343}}
{"target": -13.767986691474745, "params": {"gamma": 532.3072335158158, "log10_alpha": -3.268558194853252, "log10_colsample_bytree": -0.09050394336859835, "log10_eta": -1.2801075556371835, "log10_lambda": 0.30150222758991685, "log10_min_child_weight": 1.2471284043049162, "log10_subsample": -0.12275910255462152, "max_depth": 8.0, "num_boost_round": 2.0}, "datetime": {"datetime": "2024-01-19 00:52:07", "elapsed": 2459.506181, "delta": 0.003235}}
{"target": -13.773041882539028, "params": {"gamma": 532.3072335158158, "log10_alpha": -3.268558194853252, "log10_colsample_bytree": -0.09050394336859835, "log10_eta": -1.2801075556371835, "log10_lambda": 0.30150222758991685, "log10_min_child_weight": 1.2471284043049162, "log10_subsample": -0.12275910255462152, "max_depth": 8.0, "num_boost_round": 3.0}, "datetime": {"datetime": "2024-01-19 00:52:07", "elapsed": 2459.508984, "delta": 0.002803}}
{"target": -13.775241085958296, "params": {"gamma": 532.3072335158158, "log10_alpha": -3.268558194853252, "log10_colsample_bytree": -0.09050394336859835, "log10_eta": -1.2801075556371835, "log10_lambda": 0.30150222758991685, "log10_min_child_weight": 1.2471284043049162, "log10_subsample": -0.12275910255462152, "max_depth": 8.0, "num_boost_round": 4.0}, "datetime": {"datetime": "2024-01-19 00:52:07", "elapsed": 2459.511731, "delta": 0.002747}}
{"target": -13.779798613648014, "params": {"gamma": 532.3072335158158, "log10_alpha": -3.268558194853252, "log10_colsample_bytree": -0.09050394336859835, "log10_eta": -1.2801075556371835, "log10_lambda": 0.30150222758991685, "log10_min_child_weight": 1.2471284043049162, "log10_subsample": -0.12275910255462152, "max_depth": 8.0, "num_boost_round": 5.0}, "datetime": {"datetime": "2024-01-19 00:52:07", "elapsed": 2459.514475, "delta": 0.002744}}
{"target": -13.787126171849115, "params": {"gamma": 532.3072335158158, "log10_alpha": -3.268558194853252, "log10_colsample_bytree": -0.09050394336859835, "log10_eta": -1.2801075556371835, "log10_lambda": 0.30150222758991685, "log10_min_child_weight": 1.2471284043049162, "log10_subsample": -0.12275910255462152, "max_depth": 8.0, "num_boost_round": 6.0}, "datetime": {"datetime": "2024-01-19 00:52:07", "elapsed": 2459.517163, "delta": 0.002688}}
{"target": -13.791724226214118, "params": {"gamma": 532.3072335158158, "log10_alpha": -3.268558194853252, "log10_colsample_bytree": -0.09050394336859835, "log10_eta": -1.2801075556371835, "log10_lambda": 0.30150222758991685, "log10_min_child_weight": 1.2471284043049162, "log10_subsample": -0.12275910255462152, "max_depth": 8.0, "num_boost_round": 7.0}, "datetime": {"datetime": "2024-01-19 00:52:07", "elapsed": 2459.519851, "delta": 0.002688}}
{"target": -13.792628945452877, "params": {"gamma": 532.3072335158158, "log10_alpha": -3.268558194853252, "log10_colsample_bytree": -0.09050394336859835, "log10_eta": -1.2801075556371835, "log10_lambda": 0.30150222758991685, "log10_min_child_weight": 1.2471284043049162, "log10_subsample": -0.12275910255462152, "max_depth": 8.0, "num_boost_round": 8.0}, "datetime": {"datetime": "2024-01-19 00:52:07", "elapsed": 2459.52258, "delta": 0.002729}}
{"target": -13.802534800631179, "params": {"gamma": 532.3072335158158, "log10_alpha": -3.268558194853252, "log10_colsample_bytree": -0.09050394336859835, "log10_eta": -1.2801075556371835, "log10_lambda": 0.30150222758991685, "log10_min_child_weight": 1.2471284043049162, "log10_subsample": -0.12275910255462152, "max_depth": 8.0, "num_boost_round": 9.0}, "datetime": {"datetime": "2024-01-19 00:52:07", "elapsed": 2459.525425, "delta": 0.002845}}
{"target": -13.804476542422174, "params": {"gamma": 532.3072335158158, "log10_alpha": -3.268558194853252, "log10_colsample_bytree": -0.09050394336859835, "log10_eta": -1.2801075556371835, "log10_lambda": 0.30150222758991685, "log10_min_child_weight": 1.2471284043049162, "log10_subsample": -0.12275910255462152, "max_depth": 8.0, "num_boost_round": 10.0}, "datetime": {"datetime": "2024-01-19 00:52:07", "elapsed": 2459.528258, "delta": 0.002833}}
{"target": -13.80412394661144, "params": {"gamma": 532.3072335158158, "log10_alpha": -3.268558194853252, "log10_colsample_bytree": -0.09050394336859835, "log10_eta": -1.2801075556371835, "log10_lambda": 0.30150222758991685, "log10_min_child_weight": 1.2471284043049162, "log10_subsample": -0.12275910255462152, "max_depth": 8.0, "num_boost_round": 11.0}, "datetime": {"datetime": "2024-01-19 00:52:07", "elapsed": 2459.531016, "delta": 0.002758}}
{"target": -13.805646440632827, "params": {"gamma": 532.3072335158158, "log10_alpha": -3.268558194853252, "log10_colsample_bytree": -0.09050394336859835, "log10_eta": -1.2801075556371835, "log10_lambda": 0.30150222758991685, "log10_min_child_weight": 1.2471284043049162, "log10_subsample": -0.12275910255462152, "max_depth": 8.0, "num_boost_round": 12.0}, "datetime": {"datetime": "2024-01-19 00:52:07", "elapsed": 2459.533711, "delta": 0.002695}}
{"target": -13.810652408617946, "params": {"gamma": 532.3072335158158, "log10_alpha": -3.268558194853252, "log10_colsample_bytree": -0.09050394336859835, "log10_eta": -1.2801075556371835, "log10_lambda": 0.30150222758991685, "log10_min_child_weight": 1.2471284043049162, "log10_subsample": -0.12275910255462152, "max_depth": 8.0, "num_boost_round": 13.0}, "datetime": {"datetime": "2024-01-19 00:52:07", "elapsed": 2459.536438, "delta": 0.002727}}
{"target": -13.81502444470375, "params": {"gamma": 532.3072335158158, "log10_alpha": -3.268558194853252, "log10_colsample_bytree": -0.09050394336859835, "log10_eta": -1.2801075556371835, "log10_lambda": 0.30150222758991685, "log10_min_child_weight": 1.2471284043049162, "log10_subsample": -0.12275910255462152, "max_depth": 8.0, "num_boost_round": 14.0}, "datetime": {"datetime": "2024-01-19 00:52:07", "elapsed": 2459.539136, "delta": 0.002698}}
{"target": -13.815528347316212, "params": {"gamma": 532.3072335158158, "log10_alpha": -3.268558194853252, "log10_colsample_bytree": -0.09050394336859835, "log10_eta": -1.2801075556371835, "log10_lambda": 0.30150222758991685, "log10_min_child_weight": 1.2471284043049162, "log10_subsample": -0.12275910255462152, "max_depth": 8.0, "num_boost_round": 15.0}, "datetime": {"datetime": "2024-01-19 00:52:07", "elapsed": 2459.541862, "delta": 0.002726}}
{"target": -13.819227635936375, "params": {"gamma": 532.3072335158158, "log10_alpha": -3.268558194853252, "log10_colsample_bytree": -0.09050394336859835, "log10_eta": -1.2801075556371835, "log10_lambda": 0.30150222758991685, "log10_min_child_weight": 1.2471284043049162, "log10_subsample": -0.12275910255462152, "max_depth": 8.0, "num_boost_round": 16.0}, "datetime": {"datetime": "2024-01-19 00:52:07", "elapsed": 2459.544646, "delta": 0.002784}}
{"target": -13.823276707462806, "params": {"gamma": 532.3072335158158, "log10_alpha": -3.268558194853252, "log10_colsample_bytree": -0.09050394336859835, "log10_eta": -1.2801075556371835, "log10_lambda": 0.30150222758991685, "log10_min_child_weight": 1.2471284043049162, "log10_subsample": -0.12275910255462152, "max_depth": 8.0, "num_boost_round": 17.0}, "datetime": {"datetime": "2024-01-19 00:52:07", "elapsed": 2459.547633, "delta": 0.002987}}
{"target": -13.829729572952024, "params": {"gamma": 532.3072335158158, "log10_alpha": -3.268558194853252, "log10_colsample_bytree": -0.09050394336859835, "log10_eta": -1.2801075556371835, "log10_lambda": 0.30150222758991685, "log10_min_child_weight": 1.2471284043049162, "log10_subsample": -0.12275910255462152, "max_depth": 8.0, "num_boost_round": 18.0}, "datetime": {"datetime": "2024-01-19 00:52:07", "elapsed": 2459.55047, "delta": 0.002837}}
{"target": -13.833441236210962, "params": {"gamma": 532.3072335158158, "log10_alpha": -3.268558194853252, "log10_colsample_bytree": -0.09050394336859835, "log10_eta": -1.2801075556371835, "log10_lambda": 0.30150222758991685, "log10_min_child_weight": 1.2471284043049162, "log10_subsample": -0.12275910255462152, "max_depth": 8.0, "num_boost_round": 19.0}, "datetime": {"datetime": "2024-01-19 00:52:07", "elapsed": 2459.553292, "delta": 0.002822}}
{"target": -13.833512556785479, "params": {"gamma": 532.3072335158158, "log10_alpha": -3.268558194853252, "log10_colsample_bytree": -0.09050394336859835, "log10_eta": -1.2801075556371835, "log10_lambda": 0.30150222758991685, "log10_min_child_weight": 1.2471284043049162, "log10_subsample": -0.12275910255462152, "max_depth": 8.0, "num_boost_round": 20.0}, "datetime": {"datetime": "2024-01-19 00:52:07", "elapsed": 2459.555997, "delta": 0.002705}}
{"target": -13.83599751931024, "params": {"gamma": 532.3072335158158, "log10_alpha": -3.268558194853252, "log10_colsample_bytree": -0.09050394336859835, "log10_eta": -1.2801075556371835, "log10_lambda": 0.30150222758991685, "log10_min_child_weight": 1.2471284043049162, "log10_subsample": -0.12275910255462152, "max_depth": 8.0, "num_boost_round": 21.0}, "datetime": {"datetime": "2024-01-19 00:52:07", "elapsed": 2459.558707, "delta": 0.00271}}
{"target": -13.845887862427556, "params": {"gamma": 532.3072335158158, "log10_alpha": -3.268558194853252, "log10_colsample_bytree": -0.09050394336859835, "log10_eta": -1.2801075556371835, "log10_lambda": 0.30150222758991685, "log10_min_child_weight": 1.2471284043049162, "log10_subsample": -0.12275910255462152, "max_depth": 8.0, "num_boost_round": 22.0}, "datetime": {"datetime": "2024-01-19 00:52:07", "elapsed": 2459.561447, "delta": 0.00274}}
{"target": -13.860752352742544, "params": {"gamma": 532.3072335158158, "log10_alpha": -3.268558194853252, "log10_colsample_bytree": -0.09050394336859835, "log10_eta": -1.2801075556371835, "log10_lambda": 0.30150222758991685, "log10_min_child_weight": 1.2471284043049162, "log10_subsample": -0.12275910255462152, "max_depth": 8.0, "num_boost_round": 23.0}, "datetime": {"datetime": "2024-01-19 00:52:07", "elapsed": 2459.564265, "delta": 0.002818}}
{"target": -13.864468245798507, "params": {"gamma": 532.3072335158158, "log10_alpha": -3.268558194853252, "log10_colsample_bytree": -0.09050394336859835, "log10_eta": -1.2801075556371835, "log10_lambda": 0.30150222758991685, "log10_min_child_weight": 1.2471284043049162, "log10_subsample": -0.12275910255462152, "max_depth": 8.0, "num_boost_round": 24.0}, "datetime": {"datetime": "2024-01-19 00:52:07", "elapsed": 2459.567103, "delta": 0.002838}}
{"target": -13.75847278048218, "params": {"gamma": 548.709890162346, "log10_alpha": -3.6075358937473765, "log10_colsample_bytree": -0.9485196238403503, "log10_eta": -2.9044787534917336, "log10_lambda": 0.7242828248977169, "log10_min_child_weight": 0.7594861114255924, "log10_subsample": -0.16349159026940407, "max_depth": 6.0, "num_boost_round": 0.0}, "datetime": {"datetime": "2024-01-19 00:52:36", "elapsed": 2488.347587, "delta": 28.780484}}
{"target": -13.758483222141919, "params": {"gamma": 548.709890162346, "log10_alpha": -3.6075358937473765, "log10_colsample_bytree": -0.9485196238403503, "log10_eta": -2.9044787534917336, "log10_lambda": 0.7242828248977169, "log10_min_child_weight": 0.7594861114255924, "log10_subsample": -0.16349159026940407, "max_depth": 6.0, "num_boost_round": 1.0}, "datetime": {"datetime": "2024-01-19 00:52:36", "elapsed": 2488.350707, "delta": 0.00312}}
{"target": -13.758465841106164, "params": {"gamma": 548.709890162346, "log10_alpha": -3.6075358937473765, "log10_colsample_bytree": -0.9485196238403503, "log10_eta": -2.9044787534917336, "log10_lambda": 0.7242828248977169, "log10_min_child_weight": 0.7594861114255924, "log10_subsample": -0.16349159026940407, "max_depth": 6.0, "num_boost_round": 2.0}, "datetime": {"datetime": "2024-01-19 00:52:36", "elapsed": 2488.353587, "delta": 0.00288}}
{"target": -13.758446471204307, "params": {"gamma": 548.709890162346, "log10_alpha": -3.6075358937473765, "log10_colsample_bytree": -0.9485196238403503, "log10_eta": -2.9044787534917336, "log10_lambda": 0.7242828248977169, "log10_min_child_weight": 0.7594861114255924, "log10_subsample": -0.16349159026940407, "max_depth": 6.0, "num_boost_round": 3.0}, "datetime": {"datetime": "2024-01-19 00:52:36", "elapsed": 2488.356315, "delta": 0.002728}}
{"target": -13.75841357705509, "params": {"gamma": 548.709890162346, "log10_alpha": -3.6075358937473765, "log10_colsample_bytree": -0.9485196238403503, "log10_eta": -2.9044787534917336, "log10_lambda": 0.7242828248977169, "log10_min_child_weight": 0.7594861114255924, "log10_subsample": -0.16349159026940407, "max_depth": 6.0, "num_boost_round": 4.0}, "datetime": {"datetime": "2024-01-19 00:52:36", "elapsed": 2488.359029, "delta": 0.002714}}
{"target": -13.758398299030533, "params": {"gamma": 548.709890162346, "log10_alpha": -3.6075358937473765, "log10_colsample_bytree": -0.9485196238403503, "log10_eta": -2.9044787534917336, "log10_lambda": 0.7242828248977169, "log10_min_child_weight": 0.7594861114255924, "log10_subsample": -0.16349159026940407, "max_depth": 6.0, "num_boost_round": 5.0}, "datetime": {"datetime": "2024-01-19 00:52:36", "elapsed": 2488.36173, "delta": 0.002701}}
{"target": -13.75842926678019, "params": {"gamma": 548.709890162346, "log10_alpha": -3.6075358937473765, "log10_colsample_bytree": -0.9485196238403503, "log10_eta": -2.9044787534917336, "log10_lambda": 0.7242828248977169, "log10_min_child_weight": 0.7594861114255924, "log10_subsample": -0.16349159026940407, "max_depth": 6.0, "num_boost_round": 6.0}, "datetime": {"datetime": "2024-01-19 00:52:36", "elapsed": 2488.36452, "delta": 0.00279}}
{"target": -13.758392358569363, "params": {"gamma": 548.709890162346, "log10_alpha": -3.6075358937473765, "log10_colsample_bytree": -0.9485196238403503, "log10_eta": -2.9044787534917336, "log10_lambda": 0.7242828248977169, "log10_min_child_weight": 0.7594861114255924, "log10_subsample": -0.16349159026940407, "max_depth": 6.0, "num_boost_round": 7.0}, "datetime": {"datetime": "2024-01-19 00:52:36", "elapsed": 2488.367307, "delta": 0.002787}}
{"target": -13.758366753418771, "params": {"gamma": 548.709890162346, "log10_alpha": -3.6075358937473765, "log10_colsample_bytree": -0.9485196238403503, "log10_eta": -2.9044787534917336, "log10_lambda": 0.7242828248977169, "log10_min_child_weight": 0.7594861114255924, "log10_subsample": -0.16349159026940407, "max_depth": 6.0, "num_boost_round": 8.0}, "datetime": {"datetime": "2024-01-19 00:52:36", "elapsed": 2488.370246, "delta": 0.002939}}
