{"target": -13.758508529285825, "params": {"gamma": 533.2183133157249, "log10_alpha": -4.419268524078557, "log10_colsample_bytree": -0.20739874909901623, "log10_eta": -3.798793175427477, "log10_lambda": -4.910194210741119, "log10_min_child_weight": 0.8261888793752042, "log10_subsample": -0.8967965759766842, "max_depth": 4.0, "num_boost_round": 5.0}, "datetime": {"datetime": "2024-01-19 00:35:42", "elapsed": 1474.475187, "delta": 0.001738}}
{"target": -13.758501122901365, "params": {"gamma": 533.2183133157249, "log10_alpha": -4.419268524078557, "log10_colsample_bytree": -0.20739874909901623, "log10_eta": -3.798793175427477, "log10_lambda": -4.910194210741119, "log10_min_child_weight": 0.8261888793752042, "log10_subsample": -0.8967965759766842, "max_depth": 4.0, "num_boost_round": 6.0}, "datetime": {"datetime": "2024-01-19 00:35:42", "elapsed": 1474.476882, "delta": 0.001695}}
{"target": -13.75849918078448, "params": {"gamma": 533.2183133157249, "log10_alpha": -4.419268524078557, "log10_colsample_bytree": -0.20739874909901623, "log10_eta": -3.798793175427477, "log10_lambda": -4.910194210741119, "log10_min_child_weight": 0.8261888793752042, "log10_subsample": -0.8967965759766842, "max_depth": 4.0, "num_boost_round": 7.0}, "datetime": {"datetime": "2024-01-19 00:35:42", "elapsed": 1474.478552, "delta": 0.00167}}
{"target": -13.75849965405533, "params": {"gamma": 533.2183133157249, "log10_alpha": -4.419268524078557, "log10_colsample_bytree": -0.20739874909901623, "log10_eta": -3.798793175427477, "log10_lambda": -4.910194210741119, "log10_min_child_weight": 0.8261888793752042, "log10_subsample": -0.8967965759766842, "max_depth": 4.0, "num_boost_round": 8.0}, "datetime": {"datetime": "2024-01-19 00:35:42", "elapsed": 1474.480235, "delta": 0.001683}}
{"target": -13.758497587427629, "params": {"gamma": 533.2183133157249, "log10_alpha": -4.419268524078557, "log10_colsample_bytree": -0.20739874909901623, "log10_eta": -3.798793175427477, "log10_lambda": -4.910194210741119, "log10_min_child_weight": 0.8261888793752042, "log10_subsample": -0.8967965759766842, "max_depth": 4.0, "num_boost_round": 9.0}, "datetime": {"datetime": "2024-01-19 00:35:42", "elapsed": 1474.481906, "delta": 0.001671}}
{"target": -13.758549701479115, "params": {"gamma": 523.7323614529341, "log10_alpha": -4.89948327769031, "log10_colsample_bytree": -0.3257390027618885, "log10_eta": -1.9272629331356423, "log10_lambda": -1.3154647101027948, "log10_min_child_weight": 4.156641691191931, "log10_subsample": -0.2563218114778154, "max_depth": 3.0, "num_boost_round": 0.0}, "datetime": {"datetime": "2024-01-19 00:36:05", "elapsed": 1497.058112, "delta": 22.576206}}
{"target": -13.758562665427242, "params": {"gamma": 523.7323614529341, "log10_alpha": -4.89948327769031, "log10_colsample_bytree": -0.3257390027618885, "log10_eta": -1.9272629331356423, "log10_lambda": -1.3154647101027948, "log10_min_child_weight": 4.156641691191931, "log10_subsample": -0.2563218114778154, "max_depth": 3.0, "num_boost_round": 1.0}, "datetime": {"datetime": "2024-01-19 00:36:05", "elapsed": 1497.060326, "delta": 0.002214}}
{"target": -13.75864475308955, "params": {"gamma": 523.7323614529341, "log10_alpha": -4.89948327769031, "log10_colsample_bytree": -0.3257390027618885, "log10_eta": -1.9272629331356423, "log10_lambda": -1.3154647101027948, "log10_min_child_weight": 4.156641691191931, "log10_subsample": -0.2563218114778154, "max_depth": 3.0, "num_boost_round": 2.0}, "datetime": {"datetime": "2024-01-19 00:36:05", "elapsed": 1497.062341, "delta": 0.002015}}
{"target": -13.75871488614726, "params": {"gamma": 523.7323614529341, "log10_alpha": -4.89948327769031, "log10_colsample_bytree": -0.3257390027618885, "log10_eta": -1.9272629331356423, "log10_lambda": -1.3154647101027948, "log10_min_child_weight": 4.156641691191931, "log10_subsample": -0.2563218114778154, "max_depth": 3.0, "num_boost_round": 3.0}, "datetime": {"datetime": "2024-01-19 00:36:05", "elapsed": 1497.064241, "delta": 0.0019}}
{"target": -13.758738837598274, "params": {"gamma": 523.7323614529341, "log10_alpha": -4.89948327769031, "log10_colsample_bytree": -0.3257390027618885, "log10_eta": -1.9272629331356423, "log10_lambda": -1.3154647101027948, "log10_min_child_weight": 4.156641691191931, "log10_subsample": -0.2563218114778154, "max_depth": 3.0, "num_boost_round": 4.0}, "datetime": {"datetime": "2024-01-19 00:36:05", "elapsed": 1497.065933, "delta": 0.001692}}
{"target": -13.758832980477703, "params": {"gamma": 523.7323614529341, "log10_alpha": -4.89948327769031, "log10_colsample_bytree": -0.3257390027618885, "log10_eta": -1.9272629331356423, "log10_lambda": -1.3154647101027948, "log10_min_child_weight": 4.156641691191931, "log10_subsample": -0.2563218114778154, "max_depth": 3.0, "num_boost_round": 5.0}, "datetime": {"datetime": "2024-01-19 00:36:05", "elapsed": 1497.067766, "delta": 0.001833}}
{"target": -13.75899658291334, "params": {"gamma": 523.7323614529341, "log10_alpha": -4.89948327769031, "log10_colsample_bytree": -0.3257390027618885, "log10_eta": -1.9272629331356423, "log10_lambda": -1.3154647101027948, "log10_min_child_weight": 4.156641691191931, "log10_subsample": -0.2563218114778154, "max_depth": 3.0, "num_boost_round": 6.0}, "datetime": {"datetime": "2024-01-19 00:36:05", "elapsed": 1497.069475, "delta": 0.001709}}
{"target": -13.758970034702163, "params": {"gamma": 523.7323614529341, "log10_alpha": -4.89948327769031, "log10_colsample_bytree": -0.3257390027618885, "log10_eta": -1.9272629331356423, "log10_lambda": -1.3154647101027948, "log10_min_child_weight": 4.156641691191931, "log10_subsample": -0.2563218114778154, "max_depth": 3.0, "num_boost_round": 7.0}, "datetime": {"datetime": "2024-01-19 00:36:05", "elapsed": 1497.071176, "delta": 0.001701}}
{"target": -13.759035612167255, "params": {"gamma": 523.7323614529341, "log10_alpha": -4.89948327769031, "log10_colsample_bytree": -0.3257390027618885, "log10_eta": -1.9272629331356423, "log10_lambda": -1.3154647101027948, "log10_min_child_weight": 4.156641691191931, "log10_subsample": -0.2563218114778154, "max_depth": 3.0, "num_boost_round": 8.0}, "datetime": {"datetime": "2024-01-19 00:36:05", "elapsed": 1497.072848, "delta": 0.001672}}
{"target": -13.75903915648472, "params": {"gamma": 523.7323614529341, "log10_alpha": -4.89948327769031, "log10_colsample_bytree": -0.3257390027618885, "log10_eta": -1.9272629331356423, "log10_lambda": -1.3154647101027948, "log10_min_child_weight": 4.156641691191931, "log10_subsample": -0.2563218114778154, "max_depth": 3.0, "num_boost_round": 9.0}, "datetime": {"datetime": "2024-01-19 00:36:05", "elapsed": 1497.074538, "delta": 0.00169}}
{"target": -13.759006909682029, "params": {"gamma": 523.7323614529341, "log10_alpha": -4.89948327769031, "log10_colsample_bytree": -0.3257390027618885, "log10_eta": -1.9272629331356423, "log10_lambda": -1.3154647101027948, "log10_min_child_weight": 4.156641691191931, "log10_subsample": -0.2563218114778154, "max_depth": 3.0, "num_boost_round": 10.0}, "datetime": {"datetime": "2024-01-19 00:36:05", "elapsed": 1497.076232, "delta": 0.001694}}
{"target": -13.758802942179408, "params": {"gamma": 523.7323614529341, "log10_alpha": -4.89948327769031, "log10_colsample_bytree": -0.3257390027618885, "log10_eta": -1.9272629331356423, "log10_lambda": -1.3154647101027948, "log10_min_child_weight": 4.156641691191931, "log10_subsample": -0.2563218114778154, "max_depth": 3.0, "num_boost_round": 11.0}, "datetime": {"datetime": "2024-01-19 00:36:05", "elapsed": 1497.077938, "delta": 0.001706}}
{"target": -13.758812623397642, "params": {"gamma": 523.7323614529341, "log10_alpha": -4.89948327769031, "log10_colsample_bytree": -0.3257390027618885, "log10_eta": -1.9272629331356423, "log10_lambda": -1.3154647101027948, "log10_min_child_weight": 4.156641691191931, "log10_subsample": -0.2563218114778154, "max_depth": 3.0, "num_boost_round": 12.0}, "datetime": {"datetime": "2024-01-19 00:36:05", "elapsed": 1497.079654, "delta": 0.001716}}
{"target": -13.758858592150835, "params": {"gamma": 523.7323614529341, "log10_alpha": -4.89948327769031, "log10_colsample_bytree": -0.3257390027618885, "log10_eta": -1.9272629331356423, "log10_lambda": -1.3154647101027948, "log10_min_child_weight": 4.156641691191931, "log10_subsample": -0.2563218114778154, "max_depth": 3.0, "num_boost_round": 13.0}, "datetime": {"datetime": "2024-01-19 00:36:05", "elapsed": 1497.081345, "delta": 0.001691}}
{"target": -13.758838596093733, "params": {"gamma": 523.7323614529341, "log10_alpha": -4.89948327769031, "log10_colsample_bytree": -0.3257390027618885, "log10_eta": -1.9272629331356423, "log10_lambda": -1.3154647101027948, "log10_min_child_weight": 4.156641691191931, "log10_subsample": -0.2563218114778154, "max_depth": 3.0, "num_boost_round": 14.0}, "datetime": {"datetime": "2024-01-19 00:36:05", "elapsed": 1497.083187, "delta": 0.001842}}
{"target": -13.758542991610195, "params": {"gamma": 533.6632226040415, "log10_alpha": -3.90883814334234, "log10_colsample_bytree": -0.1029798869863785, "log10_eta": -3.527628028862255, "log10_lambda": 0.3686814776988552, "log10_min_child_weight": 2.906973680506889, "log10_subsample": -0.29149693595541526, "max_depth": 7.0, "num_boost_round": 0.0}, "datetime": {"datetime": "2024-01-19 00:36:27", "elapsed": 1519.22131, "delta": 22.138123}}
{"target": -13.758545706814008, "params": {"gamma": 533.6632226040415, "log10_alpha": -3.90883814334234, "log10_colsample_bytree": -0.1029798869863785, "log10_eta": -3.527628028862255, "log10_lambda": 0.3686814776988552, "log10_min_child_weight": 2.906973680506889, "log10_subsample": -0.29149693595541526, "max_depth": 7.0, "num_boost_round": 1.0}, "datetime": {"datetime": "2024-01-19 00:36:27", "elapsed": 1519.223632, "delta": 0.002322}}
{"target": -13.758541109032752, "params": {"gamma": 533.6632226040415, "log10_alpha": -3.90883814334234, "log10_colsample_bytree": -0.1029798869863785, "log10_eta": -3.527628028862255, "log10_lambda": 0.3686814776988552, "log10_min_child_weight": 2.906973680506889, "log10_subsample": -0.29149693595541526, "max_depth": 7.0, "num_boost_round": 2.0}, "datetime": {"datetime": "2024-01-19 00:36:27", "elapsed": 1519.225648, "delta": 0.002016}}
{"target": -13.758535282892463, "params": {"gamma": 533.6632226040415, "log10_alpha": -3.90883814334234, "log10_colsample_bytree": -0.1029798869863785, "log10_eta": -3.527628028862255, "log10_lambda": 0.3686814776988552, "log10_min_child_weight": 2.906973680506889, "log10_subsample": -0.29149693595541526, "max_depth": 7.0, "num_boost_round": 3.0}, "datetime": {"datetime": "2024-01-19 00:36:27", "elapsed": 1519.22762, "delta": 0.001972}}
{"target": -13.758527187261626, "params": {"gamma": 533.6632226040415, "log10_alpha": -3.90883814334234, "log10_colsample_bytree": -0.1029798869863785, "log10_eta": -3.527628028862255, "log10_lambda": 0.3686814776988552, "log10_min_child_weight": 2.906973680506889, "log10_subsample": -0.29149693595541526, "max_depth": 7.0, "num_boost_round": 4.0}, "datetime": {"datetime": "2024-01-19 00:36:27", "elapsed": 1519.229326, "delta": 0.001706}}
{"target": -13.75851819666701, "params": {"gamma": 533.6632226040415, "log10_alpha": -3.90883814334234, "log10_colsample_bytree": -0.1029798869863785, "log10_eta": -3.527628028862255, "log10_lambda": 0.3686814776988552, "log10_min_child_weight": 2.906973680506889, "log10_subsample": -0.29149693595541526, "max_depth": 7.0, "num_boost_round": 5.0}, "datetime": {"datetime": "2024-01-19 00:36:27", "elapsed": 1519.231089, "delta": 0.001763}}
{"target": -13.758520858257349, "params": {"gamma": 533.6632226040415, "log10_alpha": -3.90883814334234, "log10_colsample_bytree": -0.1029798869863785, "log10_eta": -3.527628028862255, "log10_lambda": 0.3686814776988552, "log10_min_child_weight": 2.906973680506889, "log10_subsample": -0.29149693595541526, "max_depth": 7.0, "num_boost_round": 6.0}, "datetime": {"datetime": "2024-01-19 00:36:27", "elapsed": 1519.232836, "delta": 0.001747}}
{"target": -13.758533686975472, "params": {"gamma": 533.6632226040415, "log10_alpha": -3.90883814334234, "log10_colsample_bytree": -0.1029798869863785, "log10_eta": -3.527628028862255, "log10_lambda": 0.3686814776988552, "log10_min_child_weight": 2.906973680506889, "log10_subsample": -0.29149693595541526, "max_depth": 7.0, "num_boost_round": 7.0}, "datetime": {"datetime": "2024-01-19 00:36:27", "elapsed": 1519.234569, "delta": 0.001733}}
{"target": -13.758539514248021, "params": {"gamma": 533.6632226040415, "log10_alpha": -3.90883814334234, "log10_colsample_bytree": -0.1029798869863785, "log10_eta": -3.527628028862255, "log10_lambda": 0.3686814776988552, "log10_min_child_weight": 2.906973680506889, "log10_subsample": -0.29149693595541526, "max_depth": 7.0, "num_boost_round": 8.0}, "datetime": {"datetime": "2024-01-19 00:36:27", "elapsed": 1519.236288, "delta": 0.001719}}
{"target": -13.758549491099494, "params": {"gamma": 533.6632226040415, "log10_alpha": -3.90883814334234, "log10_colsample_bytree": -0.1029798869863785, "log10_eta": -3.527628028862255, "log10_lambda": 0.3686814776988552, "log10_min_child_weight": 2.906973680506889, "log10_subsample": -0.29149693595541526, "max_depth": 7.0, "num_boost_round": 9.0}, "datetime": {"datetime": "2024-01-19 00:36:27", "elapsed": 1519.23801, "delta": 0.001722}}
{"target": -13.75855642533788, "params": {"gamma": 533.6632226040415, "log10_alpha": -3.90883814334234, "log10_colsample_bytree": -0.1029798869863785, "log10_eta": -3.527628028862255, "log10_lambda": 0.3686814776988552, "log10_min_child_weight": 2.906973680506889, "log10_subsample": -0.29149693595541526, "max_depth": 7.0, "num_boost_round": 10.0}, "datetime": {"datetime": "2024-01-19 00:36:27", "elapsed": 1519.239761, "delta": 0.001751}}
{"target": -13.758557872237766, "params": {"gamma": 533.6632226040415, "log10_alpha": -3.90883814334234, "log10_colsample_bytree": -0.1029798869863785, "log10_eta": -3.527628028862255, "log10_lambda": 0.3686814776988552, "log10_min_child_weight": 2.906973680506889, "log10_subsample": -0.29149693595541526, "max_depth": 7.0, "num_boost_round": 11.0}, "datetime": {"datetime": "2024-01-19 00:36:27", "elapsed": 1519.241482, "delta": 0.001721}}
{"target": -13.758566087763956, "params": {"gamma": 533.6632226040415, "log10_alpha": -3.90883814334234, "log10_colsample_bytree": -0.1029798869863785, "log10_eta": -3.527628028862255, "log10_lambda": 0.3686814776988552, "log10_min_child_weight": 2.906973680506889, "log10_subsample": -0.29149693595541526, "max_depth": 7.0, "num_boost_round": 12.0}, "datetime": {"datetime": "2024-01-19 00:36:27", "elapsed": 1519.243245, "delta": 0.001763}}
{"target": -13.757360688933343, "params": {"gamma": 524.0244793371604, "log10_alpha": -3.9245950418108286, "log10_colsample_bytree": -0.7579667499455823, "log10_eta": -1.4197394579428395, "log10_lambda": 0.892181874187659, "log10_min_child_weight": 1.144468902574317, "log10_subsample": -0.8076586987445078, "max_depth": 4.0, "num_boost_round": 0.0}, "datetime": {"datetime": "2024-01-19 00:36:48", "elapsed": 1540.736215, "delta": 21.49297}}
{"target": -13.757350214122596, "params": {"gamma": 524.0244793371604, "log10_alpha": -3.9245950418108286, "log10_colsample_bytree": -0.7579667499455823, "log10_eta": -1.4197394579428395, "log10_lambda": 0.892181874187659, "log10_min_child_weight": 1.144468902574317, "log10_subsample": -0.8076586987445078, "max_depth": 4.0, "num_boost_round": 1.0}, "datetime": {"datetime": "2024-01-19 00:36:48", "elapsed": 1540.738222, "delta": 0.002007}}
{"target": -13.75576691686497, "params": {"gamma": 524.0244793371604, "log10_alpha": -3.9245950418108286, "log10_colsample_bytree": -0.7579667499455823, "log10_eta": -1.4197394579428395, "log10_lambda": 0.892181874187659, "log10_min_child_weight": 1.144468902574317, "log10_subsample": -0.8076586987445078, "max_depth": 4.0, "num_boost_round": 2.0}, "datetime": {"datetime": "2024-01-19 00:36:48", "elapsed": 1540.740098, "delta": 0.001876}}
{"target": -13.75566626755599, "params": {"gamma": 524.0244793371604, "log10_alpha": -3.9245950418108286, "log10_colsample_bytree": -0.7579667499455823, "log10_eta": -1.4197394579428395, "log10_lambda": 0.892181874187659, "log10_min_child_weight": 1.144468902574317, "log10_subsample": -0.8076586987445078, "max_depth": 4.0, "num_boost_round": 3.0}, "datetime": {"datetime": "2024-01-19 00:36:48", "elapsed": 1540.741833, "delta": 0.001735}}
{"target": -13.755277869311454, "params": {"gamma": 524.0244793371604, "log10_alpha": -3.9245950418108286, "log10_colsample_bytree": -0.7579667499455823, "log10_eta": -1.4197394579428395, "log10_lambda": 0.892181874187659, "log10_min_child_weight": 1.144468902574317, "log10_subsample": -0.8076586987445078, "max_depth": 4.0, "num_boost_round": 4.0}, "datetime": {"datetime": "2024-01-19 00:36:48", "elapsed": 1540.74367, "delta": 0.001837}}
{"target": -13.754604118657513, "params": {"gamma": 524.0244793371604, "log10_alpha": -3.9245950418108286, "log10_colsample_bytree": -0.7579667499455823, "log10_eta": -1.4197394579428395, "log10_lambda": 0.892181874187659, "log10_min_child_weight": 1.144468902574317, "log10_subsample": -0.8076586987445078, "max_depth": 4.0, "num_boost_round": 5.0}, "datetime": {"datetime": "2024-01-19 00:36:48", "elapsed": 1540.74555, "delta": 0.00188}}
{"target": -13.75412905430271, "params": {"gamma": 524.0244793371604, "log10_alpha": -3.9245950418108286, "log10_colsample_bytree": -0.7579667499455823, "log10_eta": -1.4197394579428395, "log10_lambda": 0.892181874187659, "log10_min_child_weight": 1.144468902574317, "log10_subsample": -0.8076586987445078, "max_depth": 4.0, "num_boost_round": 6.0}, "datetime": {"datetime": "2024-01-19 00:36:48", "elapsed": 1540.747496, "delta": 0.001946}}
{"target": -13.7529552777261, "params": {"gamma": 524.0244793371604, "log10_alpha": -3.9245950418108286, "log10_colsample_bytree": -0.7579667499455823, "log10_eta": -1.4197394579428395, "log10_lambda": 0.892181874187659, "log10_min_child_weight": 1.144468902574317, "log10_subsample": -0.8076586987445078, "max_depth": 4.0, "num_boost_round": 7.0}, "datetime": {"datetime": "2024-01-19 00:36:48", "elapsed": 1540.749348, "delta": 0.001852}}
{"target": -13.75309551430314, "params": {"gamma": 524.0244793371604, "log10_alpha": -3.9245950418108286, "log10_colsample_bytree": -0.7579667499455823, "log10_eta": -1.4197394579428395, "log10_lambda": 0.892181874187659, "log10_min_child_weight": 1.144468902574317, "log10_subsample": -0.8076586987445078, "max_depth": 4.0, "num_boost_round": 8.0}, "datetime": {"datetime": "2024-01-19 00:36:48", "elapsed": 1540.75121, "delta": 0.001862}}
{"target": -13.753639253785495, "params": {"gamma": 524.0244793371604, "log10_alpha": -3.9245950418108286, "log10_colsample_bytree": -0.7579667499455823, "log10_eta": -1.4197394579428395, "log10_lambda": 0.892181874187659, "log10_min_child_weight": 1.144468902574317, "log10_subsample": -0.8076586987445078, "max_depth": 4.0, "num_boost_round": 9.0}, "datetime": {"datetime": "2024-01-19 00:36:48", "elapsed": 1540.753004, "delta": 0.001794}}
{"target": -13.753676453839125, "params": {"gamma": 524.0244793371604, "log10_alpha": -3.9245950418108286, "log10_colsample_bytree": -0.7579667499455823, "log10_eta": -1.4197394579428395, "log10_lambda": 0.892181874187659, "log10_min_child_weight": 1.144468902574317, "log10_subsample": -0.8076586987445078, "max_depth": 4.0, "num_boost_round": 10.0}, "datetime": {"datetime": "2024-01-19 00:36:48", "elapsed": 1540.754758, "delta": 0.001754}}
{"target": -13.758694361687654, "params": {"gamma": 551.4323578235312, "log10_alpha": 0.6034573904556897, "log10_colsample_bytree": -0.3057975114967383, "log10_eta": -2.037489917424794, "log10_lambda": -0.6688178685734183, "log10_min_child_weight": 2.6324048593235068, "log10_subsample": -0.5590755776647028, "max_depth": 9.0, "num_boost_round": 0.0}, "datetime": {"datetime": "2024-01-19 00:37:26", "elapsed": 1578.079169, "delta": 37.324411}}
{"target": -13.758946521979407, "params": {"gamma": 551.4323578235312, "log10_alpha": 0.6034573904556897, "log10_colsample_bytree": -0.3057975114967383, "log10_eta": -2.037489917424794, "log10_lambda": -0.6688178685734183, "log10_min_child_weight": 2.6324048593235068, "log10_subsample": -0.5590755776647028, "max_depth": 9.0, "num_boost_round": 1.0}, "datetime": {"datetime": "2024-01-19 00:37:26", "elapsed": 1578.081505, "delta": 0.002336}}
{"target": -13.758629686645937, "params": {"gamma": 551.4323578235312, "log10_alpha": 0.6034573904556897, "log10_colsample_bytree": -0.3057975114967383, "log10_eta": -2.037489917424794, "log10_lambda": -0.6688178685734183, "log10_min_child_weight": 2.6324048593235068, "log10_subsample": -0.5590755776647028, "max_depth": 9.0, "num_boost_round": 2.0}, "datetime": {"datetime": "2024-01-19 00:37:26", "elapsed": 1578.083662, "delta": 0.002157}}
{"target": -13.758379531426572, "params": {"gamma": 551.4323578235312, "log10_alpha": 0.6034573904556897, "log10_colsample_bytree": -0.3057975114967383, "log10_eta": -2.037489917424794, "log10_lambda": -0.6688178685734183, "log10_min_child_weight": 2.6324048593235068, "log10_subsample": -0.5590755776647028, "max_depth": 9.0, "num_boost_round": 3.0}, "datetime": {"datetime": "2024-01-19 00:37:26", "elapsed": 1578.085555, "delta": 0.001893}}
{"target": -13.757837610667135, "params": {"gamma": 551.4323578235312, "log10_alpha": 0.6034573904556897, "log10_colsample_bytree": -0.3057975114967383, "log10_eta": -2.037489917424794, "log10_lambda": -0.6688178685734183, "log10_min_child_weight": 2.6324048593235068, "log10_subsample": -0.5590755776647028, "max_depth": 9.0, "num_boost_round": 4.0}, "datetime": {"datetime": "2024-01-19 00:37:26", "elapsed": 1578.087471, "delta": 0.001916}}
