{"target": -13.758532399321364, "params": {"gamma": 193.85744382604153, "log10_alpha": -2.3685985413508703, "log10_colsample_bytree": -0.1650836405428988, "log10_eta": -3.752899584411383, "log10_lambda": 0.3734271766068691, "log10_min_child_weight": 0.006232692506499826, "log10_subsample": -0.25822241710833094, "max_depth": 4.0, "num_boost_round": 2.0}, "datetime": {"datetime": "2024-01-19 00:46:59", "elapsed": 2126.800329, "delta": 0.002433}}
{"target": -13.75853186912776, "params": {"gamma": 193.85744382604153, "log10_alpha": -2.3685985413508703, "log10_colsample_bytree": -0.1650836405428988, "log10_eta": -3.752899584411383, "log10_lambda": 0.3734271766068691, "log10_min_child_weight": 0.006232692506499826, "log10_subsample": -0.25822241710833094, "max_depth": 4.0, "num_boost_round": 3.0}, "datetime": {"datetime": "2024-01-19 00:46:59", "elapsed": 2126.802702, "delta": 0.002373}}
{"target": -13.75852570062172, "params": {"gamma": 193.85744382604153, "log10_alpha": -2.3685985413508703, "log10_colsample_bytree": -0.1650836405428988, "log10_eta": -3.752899584411383, "log10_lambda": 0.3734271766068691, "log10_min_child_weight": 0.006232692506499826, "log10_subsample": -0.25822241710833094, "max_depth": 4.0, "num_boost_round": 4.0}, "datetime": {"datetime": "2024-01-19 00:46:59", "elapsed": 2126.805066, "delta": 0.002364}}
{"target": -13.758523834223558, "params": {"gamma": 193.85744382604153, "log10_alpha": -2.3685985413508703, "log10_colsample_bytree": -0.1650836405428988, "log10_eta": -3.752899584411383, "log10_lambda": 0.3734271766068691, "log10_min_child_weight": 0.006232692506499826, "log10_subsample": -0.25822241710833094, "max_depth": 4.0, "num_boost_round": 5.0}, "datetime": {"datetime": "2024-01-19 00:46:59", "elapsed": 2126.807476, "delta": 0.00241}}
{"target": -13.758520710837779, "params": {"gamma": 193.85744382604153, "log10_alpha": -2.3685985413508703, "log10_colsample_bytree": -0.1650836405428988, "log10_eta": -3.752899584411383, "log10_lambda": 0.3734271766068691, "log10_min_child_weight": 0.006232692506499826, "log10_subsample": -0.25822241710833094, "max_depth": 4.0, "num_boost_round": 6.0}, "datetime": {"datetime": "2024-01-19 00:46:59", "elapsed": 2126.809923, "delta": 0.002447}}
{"target": -13.758518767155428, "params": {"gamma": 193.85744382604153, "log10_alpha": -2.3685985413508703, "log10_colsample_bytree": -0.1650836405428988, "log10_eta": -3.752899584411383, "log10_lambda": 0.3734271766068691, "log10_min_child_weight": 0.006232692506499826, "log10_subsample": -0.25822241710833094, "max_depth": 4.0, "num_boost_round": 7.0}, "datetime": {"datetime": "2024-01-19 00:46:59", "elapsed": 2126.812315, "delta": 0.002392}}
{"target": -13.758517294631305, "params": {"gamma": 193.85744382604153, "log10_alpha": -2.3685985413508703, "log10_colsample_bytree": -0.1650836405428988, "log10_eta": -3.752899584411383, "log10_lambda": 0.3734271766068691, "log10_min_child_weight": 0.006232692506499826, "log10_subsample": -0.25822241710833094, "max_depth": 4.0, "num_boost_round": 8.0}, "datetime": {"datetime": "2024-01-19 00:46:59", "elapsed": 2126.814655, "delta": 0.00234}}
{"target": -13.758516582434552, "params": {"gamma": 193.85744382604153, "log10_alpha": -2.3685985413508703, "log10_colsample_bytree": -0.1650836405428988, "log10_eta": -3.752899584411383, "log10_lambda": 0.3734271766068691, "log10_min_child_weight": 0.006232692506499826, "log10_subsample": -0.25822241710833094, "max_depth": 4.0, "num_boost_round": 9.0}, "datetime": {"datetime": "2024-01-19 00:46:59", "elapsed": 2126.816976, "delta": 0.002321}}
{"target": -13.758514805691622, "params": {"gamma": 193.85744382604153, "log10_alpha": -2.3685985413508703, "log10_colsample_bytree": -0.1650836405428988, "log10_eta": -3.752899584411383, "log10_lambda": 0.3734271766068691, "log10_min_child_weight": 0.006232692506499826, "log10_subsample": -0.25822241710833094, "max_depth": 4.0, "num_boost_round": 10.0}, "datetime": {"datetime": "2024-01-19 00:46:59", "elapsed": 2126.819301, "delta": 0.002325}}
{"target": -13.7585106029846, "params": {"gamma": 193.85744382604153, "log10_alpha": -2.3685985413508703, "log10_colsample_bytree": -0.1650836405428988, "log10_eta": -3.752899584411383, "log10_lambda": 0.3734271766068691, "log10_min_child_weight": 0.006232692506499826, "log10_subsample": -0.25822241710833094, "max_depth": 4.0, "num_boost_round": 11.0}, "datetime": {"datetime": "2024-01-19 00:46:59", "elapsed": 2126.822226, "delta": 0.002925}}
{"target": -13.758510620792533, "params": {"gamma": 193.85744382604153, "log10_alpha": -2.3685985413508703, "log10_colsample_bytree": -0.1650836405428988, "log10_eta": -3.752899584411383, "log10_lambda": 0.3734271766068691, "log10_min_child_weight": 0.006232692506499826, "log10_subsample": -0.25822241710833094, "max_depth": 4.0, "num_boost_round": 12.0}, "datetime": {"datetime": "2024-01-19 00:46:59", "elapsed": 2126.825623, "delta": 0.003397}}
{"target": -13.758508060501901, "params": {"gamma": 193.85744382604153, "log10_alpha": -2.3685985413508703, "log10_colsample_bytree": -0.1650836405428988, "log10_eta": -3.752899584411383, "log10_lambda": 0.3734271766068691, "log10_min_child_weight": 0.006232692506499826, "log10_subsample": -0.25822241710833094, "max_depth": 4.0, "num_boost_round": 13.0}, "datetime": {"datetime": "2024-01-19 00:46:59", "elapsed": 2126.828051, "delta": 0.002428}}
{"target": -13.758505472605131, "params": {"gamma": 193.85744382604153, "log10_alpha": -2.3685985413508703, "log10_colsample_bytree": -0.1650836405428988, "log10_eta": -3.752899584411383, "log10_lambda": 0.3734271766068691, "log10_min_child_weight": 0.006232692506499826, "log10_subsample": -0.25822241710833094, "max_depth": 4.0, "num_boost_round": 14.0}, "datetime": {"datetime": "2024-01-19 00:46:59", "elapsed": 2126.830381, "delta": 0.00233}}
{"target": -13.758501858487417, "params": {"gamma": 193.85744382604153, "log10_alpha": -2.3685985413508703, "log10_colsample_bytree": -0.1650836405428988, "log10_eta": -3.752899584411383, "log10_lambda": 0.3734271766068691, "log10_min_child_weight": 0.006232692506499826, "log10_subsample": -0.25822241710833094, "max_depth": 4.0, "num_boost_round": 15.0}, "datetime": {"datetime": "2024-01-19 00:46:59", "elapsed": 2126.832775, "delta": 0.002394}}
{"target": -13.758497343825894, "params": {"gamma": 193.85744382604153, "log10_alpha": -2.3685985413508703, "log10_colsample_bytree": -0.1650836405428988, "log10_eta": -3.752899584411383, "log10_lambda": 0.3734271766068691, "log10_min_child_weight": 0.006232692506499826, "log10_subsample": -0.25822241710833094, "max_depth": 4.0, "num_boost_round": 16.0}, "datetime": {"datetime": "2024-01-19 00:46:59", "elapsed": 2126.835088, "delta": 0.002313}}
{"target": -13.758495529806696, "params": {"gamma": 193.85744382604153, "log10_alpha": -2.3685985413508703, "log10_colsample_bytree": -0.1650836405428988, "log10_eta": -3.752899584411383, "log10_lambda": 0.3734271766068691, "log10_min_child_weight": 0.006232692506499826, "log10_subsample": -0.25822241710833094, "max_depth": 4.0, "num_boost_round": 17.0}, "datetime": {"datetime": "2024-01-19 00:46:59", "elapsed": 2126.837439, "delta": 0.002351}}
{"target": -13.758538426643515, "params": {"gamma": 124.36120291418862, "log10_alpha": 1.0, "log10_colsample_bytree": 0.0, "log10_eta": -4.0, "log10_lambda": 0.5178779231962441, "log10_min_child_weight": 4.560903185398415, "log10_subsample": 0.0, "max_depth": 2.0, "num_boost_round": 0.0}, "datetime": {"datetime": "2024-01-19 00:47:23", "elapsed": 2151.062701, "delta": 24.225262}}
{"target": -13.75853850487668, "params": {"gamma": 124.36120291418862, "log10_alpha": 1.0, "log10_colsample_bytree": 0.0, "log10_eta": -4.0, "log10_lambda": 0.5178779231962441, "log10_min_child_weight": 4.560903185398415, "log10_subsample": 0.0, "max_depth": 2.0, "num_boost_round": 1.0}, "datetime": {"datetime": "2024-01-19 00:47:23", "elapsed": 2151.065686, "delta": 0.002985}}
{"target": -13.758538587343656, "params": {"gamma": 124.36120291418862, "log10_alpha": 1.0, "log10_colsample_bytree": 0.0, "log10_eta": -4.0, "log10_lambda": 0.5178779231962441, "log10_min_child_weight": 4.560903185398415, "log10_subsample": 0.0, "max_depth": 2.0, "num_boost_round": 2.0}, "datetime": {"datetime": "2024-01-19 00:47:23", "elapsed": 2151.068165, "delta": 0.002479}}
{"target": -13.758538693330086, "params": {"gamma": 124.36120291418862, "log10_alpha": 1.0, "log10_colsample_bytree": 0.0, "log10_eta": -4.0, "log10_lambda": 0.5178779231962441, "log10_min_child_weight": 4.560903185398415, "log10_subsample": 0.0, "max_depth": 2.0, "num_boost_round": 3.0}, "datetime": {"datetime": "2024-01-19 00:47:23", "elapsed": 2151.070586, "delta": 0.002421}}
{"target": -13.758538759413943, "params": {"gamma": 124.36120291418862, "log10_alpha": 1.0, "log10_colsample_bytree": 0.0, "log10_eta": -4.0, "log10_lambda": 0.5178779231962441, "log10_min_child_weight": 4.560903185398415, "log10_subsample": 0.0, "max_depth": 2.0, "num_boost_round": 4.0}, "datetime": {"datetime": "2024-01-19 00:47:23", "elapsed": 2151.07288, "delta": 0.002294}}
{"target": -13.758538859189674, "params": {"gamma": 124.36120291418862, "log10_alpha": 1.0, "log10_colsample_bytree": 0.0, "log10_eta": -4.0, "log10_lambda": 0.5178779231962441, "log10_min_child_weight": 4.560903185398415, "log10_subsample": 0.0, "max_depth": 2.0, "num_boost_round": 5.0}, "datetime": {"datetime": "2024-01-19 00:47:23", "elapsed": 2151.07515, "delta": 0.00227}}
{"target": -13.758538933284889, "params": {"gamma": 124.36120291418862, "log10_alpha": 1.0, "log10_colsample_bytree": 0.0, "log10_eta": -4.0, "log10_lambda": 0.5178779231962441, "log10_min_child_weight": 4.560903185398415, "log10_subsample": 0.0, "max_depth": 2.0, "num_boost_round": 6.0}, "datetime": {"datetime": "2024-01-19 00:47:23", "elapsed": 2151.077489, "delta": 0.002339}}
{"target": -13.758539048504526, "params": {"gamma": 124.36120291418862, "log10_alpha": 1.0, "log10_colsample_bytree": 0.0, "log10_eta": -4.0, "log10_lambda": 0.5178779231962441, "log10_min_child_weight": 4.560903185398415, "log10_subsample": 0.0, "max_depth": 2.0, "num_boost_round": 7.0}, "datetime": {"datetime": "2024-01-19 00:47:23", "elapsed": 2151.079871, "delta": 0.002382}}
{"target": -13.758539133639017, "params": {"gamma": 124.36120291418862, "log10_alpha": 1.0, "log10_colsample_bytree": 0.0, "log10_eta": -4.0, "log10_lambda": 0.5178779231962441, "log10_min_child_weight": 4.560903185398415, "log10_subsample": 0.0, "max_depth": 2.0, "num_boost_round": 8.0}, "datetime": {"datetime": "2024-01-19 00:47:23", "elapsed": 2151.08214, "delta": 0.002269}}
{"target": -13.758539203181575, "params": {"gamma": 124.36120291418862, "log10_alpha": 1.0, "log10_colsample_bytree": 0.0, "log10_eta": -4.0, "log10_lambda": 0.5178779231962441, "log10_min_child_weight": 4.560903185398415, "log10_subsample": 0.0, "max_depth": 2.0, "num_boost_round": 9.0}, "datetime": {"datetime": "2024-01-19 00:47:23", "elapsed": 2151.08441, "delta": 0.00227}}
{"target": -13.758539328452565, "params": {"gamma": 124.36120291418862, "log10_alpha": 1.0, "log10_colsample_bytree": 0.0, "log10_eta": -4.0, "log10_lambda": 0.5178779231962441, "log10_min_child_weight": 4.560903185398415, "log10_subsample": 0.0, "max_depth": 2.0, "num_boost_round": 10.0}, "datetime": {"datetime": "2024-01-19 00:47:23", "elapsed": 2151.086699, "delta": 0.002289}}
{"target": -13.758539399767434, "params": {"gamma": 124.36120291418862, "log10_alpha": 1.0, "log10_colsample_bytree": 0.0, "log10_eta": -4.0, "log10_lambda": 0.5178779231962441, "log10_min_child_weight": 4.560903185398415, "log10_subsample": 0.0, "max_depth": 2.0, "num_boost_round": 11.0}, "datetime": {"datetime": "2024-01-19 00:47:23", "elapsed": 2151.088978, "delta": 0.002279}}
{"target": -13.758539484209301, "params": {"gamma": 124.36120291418862, "log10_alpha": 1.0, "log10_colsample_bytree": 0.0, "log10_eta": -4.0, "log10_lambda": 0.5178779231962441, "log10_min_child_weight": 4.560903185398415, "log10_subsample": 0.0, "max_depth": 2.0, "num_boost_round": 12.0}, "datetime": {"datetime": "2024-01-19 00:47:23", "elapsed": 2151.091443, "delta": 0.002465}}
{"target": -13.758539608894292, "params": {"gamma": 124.36120291418862, "log10_alpha": 1.0, "log10_colsample_bytree": 0.0, "log10_eta": -4.0, "log10_lambda": 0.5178779231962441, "log10_min_child_weight": 4.560903185398415, "log10_subsample": 0.0, "max_depth": 2.0, "num_boost_round": 13.0}, "datetime": {"datetime": "2024-01-19 00:47:23", "elapsed": 2151.093869, "delta": 0.002426}}
{"target": -13.770379587029296, "params": {"gamma": 132.08518516155598, "log10_alpha": -4.638208950625075, "log10_colsample_bytree": -0.43944186623537684, "log10_eta": -0.3314825162719468, "log10_lambda": -1.8275616294089172, "log10_min_child_weight": 2.2436923584806445, "log10_subsample": -0.7200336676852355, "max_depth": 2.0, "num_boost_round": 0.0}, "datetime": {"datetime": "2024-01-19 00:47:46", "elapsed": 2174.305739, "delta": 23.21187}}
{"target": -13.768962433982676, "params": {"gamma": 132.08518516155598, "log10_alpha": -4.638208950625075, "log10_colsample_bytree": -0.43944186623537684, "log10_eta": -0.3314825162719468, "log10_lambda": -1.8275616294089172, "log10_min_child_weight": 2.2436923584806445, "log10_subsample": -0.7200336676852355, "max_depth": 2.0, "num_boost_round": 1.0}, "datetime": {"datetime": "2024-01-19 00:47:46", "elapsed": 2174.308772, "delta": 0.003033}}
{"target": -13.769911986657174, "params": {"gamma": 132.08518516155598, "log10_alpha": -4.638208950625075, "log10_colsample_bytree": -0.43944186623537684, "log10_eta": -0.3314825162719468, "log10_lambda": -1.8275616294089172, "log10_min_child_weight": 2.2436923584806445, "log10_subsample": -0.7200336676852355, "max_depth": 2.0, "num_boost_round": 2.0}, "datetime": {"datetime": "2024-01-19 00:47:46", "elapsed": 2174.311345, "delta": 0.002573}}
{"target": -13.771846816742842, "params": {"gamma": 132.08518516155598, "log10_alpha": -4.638208950625075, "log10_colsample_bytree": -0.43944186623537684, "log10_eta": -0.3314825162719468, "log10_lambda": -1.8275616294089172, "log10_min_child_weight": 2.2436923584806445, "log10_subsample": -0.7200336676852355, "max_depth": 2.0, "num_boost_round": 3.0}, "datetime": {"datetime": "2024-01-19 00:47:46", "elapsed": 2174.313708, "delta": 0.002363}}
{"target": -13.776167594648197, "params": {"gamma": 132.08518516155598, "log10_alpha": -4.638208950625075, "log10_colsample_bytree": -0.43944186623537684, "log10_eta": -0.3314825162719468, "log10_lambda": -1.8275616294089172, "log10_min_child_weight": 2.2436923584806445, "log10_subsample": -0.7200336676852355, "max_depth": 2.0, "num_boost_round": 4.0}, "datetime": {"datetime": "2024-01-19 00:47:46", "elapsed": 2174.316023, "delta": 0.002315}}
{"target": -13.788219424886343, "params": {"gamma": 132.08518516155598, "log10_alpha": -4.638208950625075, "log10_colsample_bytree": -0.43944186623537684, "log10_eta": -0.3314825162719468, "log10_lambda": -1.8275616294089172, "log10_min_child_weight": 2.2436923584806445, "log10_subsample": -0.7200336676852355, "max_depth": 2.0, "num_boost_round": 5.0}, "datetime": {"datetime": "2024-01-19 00:47:46", "elapsed": 2174.318396, "delta": 0.002373}}
{"target": -13.789508709428615, "params": {"gamma": 132.08518516155598, "log10_alpha": -4.638208950625075, "log10_colsample_bytree": -0.43944186623537684, "log10_eta": -0.3314825162719468, "log10_lambda": -1.8275616294089172, "log10_min_child_weight": 2.2436923584806445, "log10_subsample": -0.7200336676852355, "max_depth": 2.0, "num_boost_round": 6.0}, "datetime": {"datetime": "2024-01-19 00:47:46", "elapsed": 2174.320814, "delta": 0.002418}}
{"target": -13.795328235483018, "params": {"gamma": 132.08518516155598, "log10_alpha": -4.638208950625075, "log10_colsample_bytree": -0.43944186623537684, "log10_eta": -0.3314825162719468, "log10_lambda": -1.8275616294089172, "log10_min_child_weight": 2.2436923584806445, "log10_subsample": -0.7200336676852355, "max_depth": 2.0, "num_boost_round": 7.0}, "datetime": {"datetime": "2024-01-19 00:47:46", "elapsed": 2174.323072, "delta": 0.002258}}
{"target": -13.797496832070294, "params": {"gamma": 132.08518516155598, "log10_alpha": -4.638208950625075, "log10_colsample_bytree": -0.43944186623537684, "log10_eta": -0.3314825162719468, "log10_lambda": -1.8275616294089172, "log10_min_child_weight": 2.2436923584806445, "log10_subsample": -0.7200336676852355, "max_depth": 2.0, "num_boost_round": 8.0}, "datetime": {"datetime": "2024-01-19 00:47:46", "elapsed": 2174.325329, "delta": 0.002257}}
{"target": -13.80301257759222, "params": {"gamma": 132.08518516155598, "log10_alpha": -4.638208950625075, "log10_colsample_bytree": -0.43944186623537684, "log10_eta": -0.3314825162719468, "log10_lambda": -1.8275616294089172, "log10_min_child_weight": 2.2436923584806445, "log10_subsample": -0.7200336676852355, "max_depth": 2.0, "num_boost_round": 9.0}, "datetime": {"datetime": "2024-01-19 00:47:46", "elapsed": 2174.327631, "delta": 0.002302}}
{"target": -13.807493803932775, "params": {"gamma": 132.08518516155598, "log10_alpha": -4.638208950625075, "log10_colsample_bytree": -0.43944186623537684, "log10_eta": -0.3314825162719468, "log10_lambda": -1.8275616294089172, "log10_min_child_weight": 2.2436923584806445, "log10_subsample": -0.7200336676852355, "max_depth": 2.0, "num_boost_round": 10.0}, "datetime": {"datetime": "2024-01-19 00:47:46", "elapsed": 2174.329884, "delta": 0.002253}}
{"target": -13.806237304846682, "params": {"gamma": 132.08518516155598, "log10_alpha": -4.638208950625075, "log10_colsample_bytree": -0.43944186623537684, "log10_eta": -0.3314825162719468, "log10_lambda": -1.8275616294089172, "log10_min_child_weight": 2.2436923584806445, "log10_subsample": -0.7200336676852355, "max_depth": 2.0, "num_boost_round": 11.0}, "datetime": {"datetime": "2024-01-19 00:47:46", "elapsed": 2174.332189, "delta": 0.002305}}
{"target": -13.81335314509564, "params": {"gamma": 132.08518516155598, "log10_alpha": -4.638208950625075, "log10_colsample_bytree": -0.43944186623537684, "log10_eta": -0.3314825162719468, "log10_lambda": -1.8275616294089172, "log10_min_child_weight": 2.2436923584806445, "log10_subsample": -0.7200336676852355, "max_depth": 2.0, "num_boost_round": 12.0}, "datetime": {"datetime": "2024-01-19 00:47:46", "elapsed": 2174.334488, "delta": 0.002299}}
{"target": -13.758521238936412, "params": {"gamma": 123.91749825936938, "log10_alpha": 0.13331404728802276, "log10_colsample_bytree": -0.46295526714493085, "log10_eta": -2.211468527563308, "log10_lambda": 0.8370675765718403, "log10_min_child_weight": 4.306909884774052, "log10_subsample": -0.8125101073342668, "max_depth": 9.0, "num_boost_round": 0.0}, "datetime": {"datetime": "2024-01-19 00:48:14", "elapsed": 2202.525733, "delta": 28.191245}}
{"target": -13.758500338071645, "params": {"gamma": 123.91749825936938, "log10_alpha": 0.13331404728802276, "log10_colsample_bytree": -0.46295526714493085, "log10_eta": -2.211468527563308, "log10_lambda": 0.8370675765718403, "log10_min_child_weight": 4.306909884774052, "log10_subsample": -0.8125101073342668, "max_depth": 9.0, "num_boost_round": 1.0}, "datetime": {"datetime": "2024-01-19 00:48:14", "elapsed": 2202.528867, "delta": 0.003134}}
{"target": -13.758504917049292, "params": {"gamma": 123.91749825936938, "log10_alpha": 0.13331404728802276, "log10_colsample_bytree": -0.46295526714493085, "log10_eta": -2.211468527563308, "log10_lambda": 0.8370675765718403, "log10_min_child_weight": 4.306909884774052, "log10_subsample": -0.8125101073342668, "max_depth": 9.0, "num_boost_round": 2.0}, "datetime": {"datetime": "2024-01-19 00:48:14", "elapsed": 2202.531437, "delta": 0.00257}}
{"target": -13.75846825282065, "params": {"gamma": 123.91749825936938, "log10_alpha": 0.13331404728802276, "log10_colsample_bytree": -0.46295526714493085, "log10_eta": -2.211468527563308, "log10_lambda": 0.8370675765718403, "log10_min_child_weight": 4.306909884774052, "log10_subsample": -0.8125101073342668, "max_depth": 9.0, "num_boost_round": 3.0}, "datetime": {"datetime": "2024-01-19 00:48:14", "elapsed": 2202.533769, "delta": 0.002332}}
{"target": -13.758473541927978, "params": {"gamma": 123.91749825936938, "log10_alpha": 0.13331404728802276, "log10_colsample_bytree": -0.46295526714493085, "log10_eta": -2.211468527563308, "log10_lambda": 0.8370675765718403, "log10_min_child_weight": 4.306909884774052, "log10_subsample": -0.8125101073342668, "max_depth": 9.0, "num_boost_round": 4.0}, "datetime": {"datetime": "2024-01-19 00:48:14", "elapsed": 2202.536128, "delta": 0.002359}}
{"target": -13.75844144416483, "params": {"gamma": 123.91749825936938, "log10_alpha": 0.13331404728802276, "log10_colsample_bytree": -0.46295526714493085, "log10_eta": -2.211468527563308, "log10_lambda": 0.8370675765718403, "log10_min_child_weight": 4.306909884774052, "log10_subsample": -0.8125101073342668, "max_depth": 9.0, "num_boost_round": 5.0}, "datetime": {"datetime": "2024-01-19 00:48:14", "elapsed": 2202.538478, "delta": 0.00235}}
{"target": -13.758430945190568, "params": {"gamma": 123.91749825936938, "log10_alpha": 0.13331404728802276, "log10_colsample_bytree": -0.46295526714493085, "log10_eta": -2.211468527563308, "log10_lambda": 0.8370675765718403, "log10_min_child_weight": 4.306909884774052, "log10_subsample": -0.8125101073342668, "max_depth": 9.0, "num_boost_round": 6.0}, "datetime": {"datetime": "2024-01-19 00:48:14", "elapsed": 2202.540915, "delta": 0.002437}}
{"target": -13.758439395921899, "params": {"gamma": 123.91749825936938, "log10_alpha": 0.13331404728802276, "log10_colsample_bytree": -0.46295526714493085, "log10_eta": -2.211468527563308, "log10_lambda": 0.8370675765718403, "log10_min_child_weight": 4.306909884774052, "log10_subsample": -0.8125101073342668, "max_depth": 9.0, "num_boost_round": 7.0}, "datetime": {"datetime": "2024-01-19 00:48:14", "elapsed": 2202.543335, "delta": 0.00242}}
