{"target": -13.758495398745351, "params": {"gamma": 706.1262198241817, "log10_alpha": -2.80089162049166, "log10_colsample_bytree": -0.5854299201004728, "log10_eta": -4.0, "log10_lambda": -5.0, "log10_min_child_weight": 0.0, "log10_subsample": -1.0, "max_depth": 4.0, "num_boost_round": 23.0}, "datetime": {"datetime": "2024-01-19 00:55:21", "elapsed": 2620.796023, "delta": 0.002809}}
{"target": -13.758493952225777, "params": {"gamma": 706.1262198241817, "log10_alpha": -2.80089162049166, "log10_colsample_bytree": -0.5854299201004728, "log10_eta": -4.0, "log10_lambda": -5.0, "log10_min_child_weight": 0.0, "log10_subsample": -1.0, "max_depth": 4.0, "num_boost_round": 24.0}, "datetime": {"datetime": "2024-01-19 00:55:21", "elapsed": 2620.798833, "delta": 0.00281}}
{"target": -13.758491447077438, "params": {"gamma": 706.1262198241817, "log10_alpha": -2.80089162049166, "log10_colsample_bytree": -0.5854299201004728, "log10_eta": -4.0, "log10_lambda": -5.0, "log10_min_child_weight": 0.0, "log10_subsample": -1.0, "max_depth": 4.0, "num_boost_round": 25.0}, "datetime": {"datetime": "2024-01-19 00:55:21", "elapsed": 2620.801633, "delta": 0.0028}}
{"target": -13.758486629144025, "params": {"gamma": 706.1262198241817, "log10_alpha": -2.80089162049166, "log10_colsample_bytree": -0.5854299201004728, "log10_eta": -4.0, "log10_lambda": -5.0, "log10_min_child_weight": 0.0, "log10_subsample": -1.0, "max_depth": 4.0, "num_boost_round": 26.0}, "datetime": {"datetime": "2024-01-19 00:55:21", "elapsed": 2620.80445, "delta": 0.002817}}
{"target": -13.75848446893338, "params": {"gamma": 706.1262198241817, "log10_alpha": -2.80089162049166, "log10_colsample_bytree": -0.5854299201004728, "log10_eta": -4.0, "log10_lambda": -5.0, "log10_min_child_weight": 0.0, "log10_subsample": -1.0, "max_depth": 4.0, "num_boost_round": 27.0}, "datetime": {"datetime": "2024-01-19 00:55:21", "elapsed": 2620.80723, "delta": 0.00278}}
{"target": -13.758482763431688, "params": {"gamma": 706.1262198241817, "log10_alpha": -2.80089162049166, "log10_colsample_bytree": -0.5854299201004728, "log10_eta": -4.0, "log10_lambda": -5.0, "log10_min_child_weight": 0.0, "log10_subsample": -1.0, "max_depth": 4.0, "num_boost_round": 28.0}, "datetime": {"datetime": "2024-01-19 00:55:21", "elapsed": 2620.809988, "delta": 0.002758}}
{"target": -13.758477854395789, "params": {"gamma": 706.1262198241817, "log10_alpha": -2.80089162049166, "log10_colsample_bytree": -0.5854299201004728, "log10_eta": -4.0, "log10_lambda": -5.0, "log10_min_child_weight": 0.0, "log10_subsample": -1.0, "max_depth": 4.0, "num_boost_round": 29.0}, "datetime": {"datetime": "2024-01-19 00:55:21", "elapsed": 2620.81284, "delta": 0.002852}}
{"target": -13.758476827087057, "params": {"gamma": 706.1262198241817, "log10_alpha": -2.80089162049166, "log10_colsample_bytree": -0.5854299201004728, "log10_eta": -4.0, "log10_lambda": -5.0, "log10_min_child_weight": 0.0, "log10_subsample": -1.0, "max_depth": 4.0, "num_boost_round": 30.0}, "datetime": {"datetime": "2024-01-19 00:55:21", "elapsed": 2620.815679, "delta": 0.002839}}
{"target": -13.758474919921737, "params": {"gamma": 706.1262198241817, "log10_alpha": -2.80089162049166, "log10_colsample_bytree": -0.5854299201004728, "log10_eta": -4.0, "log10_lambda": -5.0, "log10_min_child_weight": 0.0, "log10_subsample": -1.0, "max_depth": 4.0, "num_boost_round": 31.0}, "datetime": {"datetime": "2024-01-19 00:55:21", "elapsed": 2620.818539, "delta": 0.00286}}
{"target": -13.75847199825058, "params": {"gamma": 706.1262198241817, "log10_alpha": -2.80089162049166, "log10_colsample_bytree": -0.5854299201004728, "log10_eta": -4.0, "log10_lambda": -5.0, "log10_min_child_weight": 0.0, "log10_subsample": -1.0, "max_depth": 4.0, "num_boost_round": 32.0}, "datetime": {"datetime": "2024-01-19 00:55:21", "elapsed": 2620.821374, "delta": 0.002835}}
{"target": -13.758467905902043, "params": {"gamma": 706.1262198241817, "log10_alpha": -2.80089162049166, "log10_colsample_bytree": -0.5854299201004728, "log10_eta": -4.0, "log10_lambda": -5.0, "log10_min_child_weight": 0.0, "log10_subsample": -1.0, "max_depth": 4.0, "num_boost_round": 33.0}, "datetime": {"datetime": "2024-01-19 00:55:21", "elapsed": 2620.824199, "delta": 0.002825}}
{"target": -13.75846863122719, "params": {"gamma": 706.1262198241817, "log10_alpha": -2.80089162049166, "log10_colsample_bytree": -0.5854299201004728, "log10_eta": -4.0, "log10_lambda": -5.0, "log10_min_child_weight": 0.0, "log10_subsample": -1.0, "max_depth": 4.0, "num_boost_round": 34.0}, "datetime": {"datetime": "2024-01-19 00:55:21", "elapsed": 2620.827018, "delta": 0.002819}}
{"target": -13.758469100637742, "params": {"gamma": 706.1262198241817, "log10_alpha": -2.80089162049166, "log10_colsample_bytree": -0.5854299201004728, "log10_eta": -4.0, "log10_lambda": -5.0, "log10_min_child_weight": 0.0, "log10_subsample": -1.0, "max_depth": 4.0, "num_boost_round": 35.0}, "datetime": {"datetime": "2024-01-19 00:55:21", "elapsed": 2620.829836, "delta": 0.002818}}
{"target": -13.758468114751786, "params": {"gamma": 706.1262198241817, "log10_alpha": -2.80089162049166, "log10_colsample_bytree": -0.5854299201004728, "log10_eta": -4.0, "log10_lambda": -5.0, "log10_min_child_weight": 0.0, "log10_subsample": -1.0, "max_depth": 4.0, "num_boost_round": 36.0}, "datetime": {"datetime": "2024-01-19 00:55:21", "elapsed": 2620.832602, "delta": 0.002766}}
{"target": -13.758466293611203, "params": {"gamma": 706.1262198241817, "log10_alpha": -2.80089162049166, "log10_colsample_bytree": -0.5854299201004728, "log10_eta": -4.0, "log10_lambda": -5.0, "log10_min_child_weight": 0.0, "log10_subsample": -1.0, "max_depth": 4.0, "num_boost_round": 37.0}, "datetime": {"datetime": "2024-01-19 00:55:21", "elapsed": 2620.835463, "delta": 0.002861}}
{"target": -13.758531673357227, "params": {"gamma": 719.8626833752323, "log10_alpha": -0.11845908862785137, "log10_colsample_bytree": -0.6239341443258067, "log10_eta": -3.5476207890965776, "log10_lambda": -0.892164080499021, "log10_min_child_weight": 0.1829479040758214, "log10_subsample": -0.5835345467501366, "max_depth": 8.0, "num_boost_round": 0.0}, "datetime": {"datetime": "2024-01-19 00:55:56", "elapsed": 2655.950467, "delta": 35.115004}}
{"target": -13.758518143467342, "params": {"gamma": 719.8626833752323, "log10_alpha": -0.11845908862785137, "log10_colsample_bytree": -0.6239341443258067, "log10_eta": -3.5476207890965776, "log10_lambda": -0.892164080499021, "log10_min_child_weight": 0.1829479040758214, "log10_subsample": -0.5835345467501366, "max_depth": 8.0, "num_boost_round": 1.0}, "datetime": {"datetime": "2024-01-19 00:55:56", "elapsed": 2655.953822, "delta": 0.003355}}
{"target": -13.75850336168473, "params": {"gamma": 719.8626833752323, "log10_alpha": -0.11845908862785137, "log10_colsample_bytree": -0.6239341443258067, "log10_eta": -3.5476207890965776, "log10_lambda": -0.892164080499021, "log10_min_child_weight": 0.1829479040758214, "log10_subsample": -0.5835345467501366, "max_depth": 8.0, "num_boost_round": 2.0}, "datetime": {"datetime": "2024-01-19 00:55:56", "elapsed": 2655.95668, "delta": 0.002858}}
{"target": -13.758491413136701, "params": {"gamma": 719.8626833752323, "log10_alpha": -0.11845908862785137, "log10_colsample_bytree": -0.6239341443258067, "log10_eta": -3.5476207890965776, "log10_lambda": -0.892164080499021, "log10_min_child_weight": 0.1829479040758214, "log10_subsample": -0.5835345467501366, "max_depth": 8.0, "num_boost_round": 3.0}, "datetime": {"datetime": "2024-01-19 00:55:56", "elapsed": 2655.959548, "delta": 0.002868}}
{"target": -13.75846606453461, "params": {"gamma": 719.8626833752323, "log10_alpha": -0.11845908862785137, "log10_colsample_bytree": -0.6239341443258067, "log10_eta": -3.5476207890965776, "log10_lambda": -0.892164080499021, "log10_min_child_weight": 0.1829479040758214, "log10_subsample": -0.5835345467501366, "max_depth": 8.0, "num_boost_round": 4.0}, "datetime": {"datetime": "2024-01-19 00:55:56", "elapsed": 2655.962349, "delta": 0.002801}}
{"target": -13.758452569837978, "params": {"gamma": 719.8626833752323, "log10_alpha": -0.11845908862785137, "log10_colsample_bytree": -0.6239341443258067, "log10_eta": -3.5476207890965776, "log10_lambda": -0.892164080499021, "log10_min_child_weight": 0.1829479040758214, "log10_subsample": -0.5835345467501366, "max_depth": 8.0, "num_boost_round": 5.0}, "datetime": {"datetime": "2024-01-19 00:55:56", "elapsed": 2655.96524, "delta": 0.002891}}
{"target": -13.758444929136466, "params": {"gamma": 719.8626833752323, "log10_alpha": -0.11845908862785137, "log10_colsample_bytree": -0.6239341443258067, "log10_eta": -3.5476207890965776, "log10_lambda": -0.892164080499021, "log10_min_child_weight": 0.1829479040758214, "log10_subsample": -0.5835345467501366, "max_depth": 8.0, "num_boost_round": 6.0}, "datetime": {"datetime": "2024-01-19 00:55:56", "elapsed": 2655.968142, "delta": 0.002902}}
{"target": -13.758431964206773, "params": {"gamma": 719.8626833752323, "log10_alpha": -0.11845908862785137, "log10_colsample_bytree": -0.6239341443258067, "log10_eta": -3.5476207890965776, "log10_lambda": -0.892164080499021, "log10_min_child_weight": 0.1829479040758214, "log10_subsample": -0.5835345467501366, "max_depth": 8.0, "num_boost_round": 7.0}, "datetime": {"datetime": "2024-01-19 00:55:56", "elapsed": 2655.971002, "delta": 0.00286}}
{"target": -13.758414827849098, "params": {"gamma": 719.8626833752323, "log10_alpha": -0.11845908862785137, "log10_colsample_bytree": -0.6239341443258067, "log10_eta": -3.5476207890965776, "log10_lambda": -0.892164080499021, "log10_min_child_weight": 0.1829479040758214, "log10_subsample": -0.5835345467501366, "max_depth": 8.0, "num_boost_round": 8.0}, "datetime": {"datetime": "2024-01-19 00:55:56", "elapsed": 2655.974341, "delta": 0.003339}}
{"target": -13.758411585211574, "params": {"gamma": 719.8626833752323, "log10_alpha": -0.11845908862785137, "log10_colsample_bytree": -0.6239341443258067, "log10_eta": -3.5476207890965776, "log10_lambda": -0.892164080499021, "log10_min_child_weight": 0.1829479040758214, "log10_subsample": -0.5835345467501366, "max_depth": 8.0, "num_boost_round": 9.0}, "datetime": {"datetime": "2024-01-19 00:55:56", "elapsed": 2655.977149, "delta": 0.002808}}
{"target": -13.758397676496, "params": {"gamma": 719.8626833752323, "log10_alpha": -0.11845908862785137, "log10_colsample_bytree": -0.6239341443258067, "log10_eta": -3.5476207890965776, "log10_lambda": -0.892164080499021, "log10_min_child_weight": 0.1829479040758214, "log10_subsample": -0.5835345467501366, "max_depth": 8.0, "num_boost_round": 10.0}, "datetime": {"datetime": "2024-01-19 00:55:56", "elapsed": 2655.979964, "delta": 0.002815}}
{"target": -13.75839108690418, "params": {"gamma": 719.8626833752323, "log10_alpha": -0.11845908862785137, "log10_colsample_bytree": -0.6239341443258067, "log10_eta": -3.5476207890965776, "log10_lambda": -0.892164080499021, "log10_min_child_weight": 0.1829479040758214, "log10_subsample": -0.5835345467501366, "max_depth": 8.0, "num_boost_round": 11.0}, "datetime": {"datetime": "2024-01-19 00:55:56", "elapsed": 2655.9829, "delta": 0.002936}}
{"target": -13.758398802236782, "params": {"gamma": 719.8626833752323, "log10_alpha": -0.11845908862785137, "log10_colsample_bytree": -0.6239341443258067, "log10_eta": -3.5476207890965776, "log10_lambda": -0.892164080499021, "log10_min_child_weight": 0.1829479040758214, "log10_subsample": -0.5835345467501366, "max_depth": 8.0, "num_boost_round": 12.0}, "datetime": {"datetime": "2024-01-19 00:55:56", "elapsed": 2655.985868, "delta": 0.002968}}
{"target": -13.758382097979824, "params": {"gamma": 719.8626833752323, "log10_alpha": -0.11845908862785137, "log10_colsample_bytree": -0.6239341443258067, "log10_eta": -3.5476207890965776, "log10_lambda": -0.892164080499021, "log10_min_child_weight": 0.1829479040758214, "log10_subsample": -0.5835345467501366, "max_depth": 8.0, "num_boost_round": 13.0}, "datetime": {"datetime": "2024-01-19 00:55:56", "elapsed": 2655.988799, "delta": 0.002931}}
{"target": -13.758383205432228, "params": {"gamma": 719.8626833752323, "log10_alpha": -0.11845908862785137, "log10_colsample_bytree": -0.6239341443258067, "log10_eta": -3.5476207890965776, "log10_lambda": -0.892164080499021, "log10_min_child_weight": 0.1829479040758214, "log10_subsample": -0.5835345467501366, "max_depth": 8.0, "num_boost_round": 14.0}, "datetime": {"datetime": "2024-01-19 00:55:56", "elapsed": 2655.991627, "delta": 0.002828}}
{"target": -13.758382956697984, "params": {"gamma": 719.8626833752323, "log10_alpha": -0.11845908862785137, "log10_colsample_bytree": -0.6239341443258067, "log10_eta": -3.5476207890965776, "log10_lambda": -0.892164080499021, "log10_min_child_weight": 0.1829479040758214, "log10_subsample": -0.5835345467501366, "max_depth": 8.0, "num_boost_round": 15.0}, "datetime": {"datetime": "2024-01-19 00:55:56", "elapsed": 2655.994465, "delta": 0.002838}}
{"target": -13.75838407502445, "params": {"gamma": 719.8626833752323, "log10_alpha": -0.11845908862785137, "log10_colsample_bytree": -0.6239341443258067, "log10_eta": -3.5476207890965776, "log10_lambda": -0.892164080499021, "log10_min_child_weight": 0.1829479040758214, "log10_subsample": -0.5835345467501366, "max_depth": 8.0, "num_boost_round": 16.0}, "datetime": {"datetime": "2024-01-19 00:55:56", "elapsed": 2655.997216, "delta": 0.002751}}
{"target": -13.758393923390411, "params": {"gamma": 719.8626833752323, "log10_alpha": -0.11845908862785137, "log10_colsample_bytree": -0.6239341443258067, "log10_eta": -3.5476207890965776, "log10_lambda": -0.892164080499021, "log10_min_child_weight": 0.1829479040758214, "log10_subsample": -0.5835345467501366, "max_depth": 8.0, "num_boost_round": 17.0}, "datetime": {"datetime": "2024-01-19 00:55:56", "elapsed": 2656.000039, "delta": 0.002823}}
{"target": -13.758401959088529, "params": {"gamma": 719.8626833752323, "log10_alpha": -0.11845908862785137, "log10_colsample_bytree": -0.6239341443258067, "log10_eta": -3.5476207890965776, "log10_lambda": -0.892164080499021, "log10_min_child_weight": 0.1829479040758214, "log10_subsample": -0.5835345467501366, "max_depth": 8.0, "num_boost_round": 18.0}, "datetime": {"datetime": "2024-01-19 00:55:56", "elapsed": 2656.002833, "delta": 0.002794}}
{"target": -13.758534969674363, "params": {"gamma": 716.4763964804067, "log10_alpha": 0.07840329576061666, "log10_colsample_bytree": -0.787588394895611, "log10_eta": -3.8774420983262363, "log10_lambda": -3.8895744465141937, "log10_min_child_weight": 0.8318976259391181, "log10_subsample": -0.5353851115871829, "max_depth": 6.0, "num_boost_round": 0.0}, "datetime": {"datetime": "2024-01-19 00:56:37", "elapsed": 2696.22961, "delta": 40.226777}}
{"target": -13.758531811489902, "params": {"gamma": 716.4763964804067, "log10_alpha": 0.07840329576061666, "log10_colsample_bytree": -0.787588394895611, "log10_eta": -3.8774420983262363, "log10_lambda": -3.8895744465141937, "log10_min_child_weight": 0.8318976259391181, "log10_subsample": -0.5353851115871829, "max_depth": 6.0, "num_boost_round": 1.0}, "datetime": {"datetime": "2024-01-19 00:56:37", "elapsed": 2696.23303, "delta": 0.00342}}
{"target": -13.758527840430464, "params": {"gamma": 716.4763964804067, "log10_alpha": 0.07840329576061666, "log10_colsample_bytree": -0.787588394895611, "log10_eta": -3.8774420983262363, "log10_lambda": -3.8895744465141937, "log10_min_child_weight": 0.8318976259391181, "log10_subsample": -0.5353851115871829, "max_depth": 6.0, "num_boost_round": 2.0}, "datetime": {"datetime": "2024-01-19 00:56:37", "elapsed": 2696.236427, "delta": 0.003397}}
{"target": -13.75852800019625, "params": {"gamma": 716.4763964804067, "log10_alpha": 0.07840329576061666, "log10_colsample_bytree": -0.787588394895611, "log10_eta": -3.8774420983262363, "log10_lambda": -3.8895744465141937, "log10_min_child_weight": 0.8318976259391181, "log10_subsample": -0.5353851115871829, "max_depth": 6.0, "num_boost_round": 3.0}, "datetime": {"datetime": "2024-01-19 00:56:37", "elapsed": 2696.239269, "delta": 0.002842}}
{"target": -13.75852538467594, "params": {"gamma": 716.4763964804067, "log10_alpha": 0.07840329576061666, "log10_colsample_bytree": -0.787588394895611, "log10_eta": -3.8774420983262363, "log10_lambda": -3.8895744465141937, "log10_min_child_weight": 0.8318976259391181, "log10_subsample": -0.5353851115871829, "max_depth": 6.0, "num_boost_round": 4.0}, "datetime": {"datetime": "2024-01-19 00:56:37", "elapsed": 2696.24208, "delta": 0.002811}}
{"target": -13.758524877583344, "params": {"gamma": 716.4763964804067, "log10_alpha": 0.07840329576061666, "log10_colsample_bytree": -0.787588394895611, "log10_eta": -3.8774420983262363, "log10_lambda": -3.8895744465141937, "log10_min_child_weight": 0.8318976259391181, "log10_subsample": -0.5353851115871829, "max_depth": 6.0, "num_boost_round": 5.0}, "datetime": {"datetime": "2024-01-19 00:56:37", "elapsed": 2696.244934, "delta": 0.002854}}
{"target": -13.758523567180871, "params": {"gamma": 716.4763964804067, "log10_alpha": 0.07840329576061666, "log10_colsample_bytree": -0.787588394895611, "log10_eta": -3.8774420983262363, "log10_lambda": -3.8895744465141937, "log10_min_child_weight": 0.8318976259391181, "log10_subsample": -0.5353851115871829, "max_depth": 6.0, "num_boost_round": 6.0}, "datetime": {"datetime": "2024-01-19 00:56:37", "elapsed": 2696.247787, "delta": 0.002853}}
{"target": -13.758517926301305, "params": {"gamma": 716.4763964804067, "log10_alpha": 0.07840329576061666, "log10_colsample_bytree": -0.787588394895611, "log10_eta": -3.8774420983262363, "log10_lambda": -3.8895744465141937, "log10_min_child_weight": 0.8318976259391181, "log10_subsample": -0.5353851115871829, "max_depth": 6.0, "num_boost_round": 7.0}, "datetime": {"datetime": "2024-01-19 00:56:37", "elapsed": 2696.250618, "delta": 0.002831}}
{"target": -13.758515679055815, "params": {"gamma": 716.4763964804067, "log10_alpha": 0.07840329576061666, "log10_colsample_bytree": -0.787588394895611, "log10_eta": -3.8774420983262363, "log10_lambda": -3.8895744465141937, "log10_min_child_weight": 0.8318976259391181, "log10_subsample": -0.5353851115871829, "max_depth": 6.0, "num_boost_round": 8.0}, "datetime": {"datetime": "2024-01-19 00:56:37", "elapsed": 2696.253576, "delta": 0.002958}}
{"target": -13.758513403899313, "params": {"gamma": 716.4763964804067, "log10_alpha": 0.07840329576061666, "log10_colsample_bytree": -0.787588394895611, "log10_eta": -3.8774420983262363, "log10_lambda": -3.8895744465141937, "log10_min_child_weight": 0.8318976259391181, "log10_subsample": -0.5353851115871829, "max_depth": 6.0, "num_boost_round": 9.0}, "datetime": {"datetime": "2024-01-19 00:56:37", "elapsed": 2696.256395, "delta": 0.002819}}
{"target": -13.758509532238817, "params": {"gamma": 716.4763964804067, "log10_alpha": 0.07840329576061666, "log10_colsample_bytree": -0.787588394895611, "log10_eta": -3.8774420983262363, "log10_lambda": -3.8895744465141937, "log10_min_child_weight": 0.8318976259391181, "log10_subsample": -0.5353851115871829, "max_depth": 6.0, "num_boost_round": 10.0}, "datetime": {"datetime": "2024-01-19 00:56:37", "elapsed": 2696.25922, "delta": 0.002825}}
{"target": -13.758507541815339, "params": {"gamma": 716.4763964804067, "log10_alpha": 0.07840329576061666, "log10_colsample_bytree": -0.787588394895611, "log10_eta": -3.8774420983262363, "log10_lambda": -3.8895744465141937, "log10_min_child_weight": 0.8318976259391181, "log10_subsample": -0.5353851115871829, "max_depth": 6.0, "num_boost_round": 11.0}, "datetime": {"datetime": "2024-01-19 00:56:37", "elapsed": 2696.262085, "delta": 0.002865}}
{"target": -13.758509204702687, "params": {"gamma": 716.4763964804067, "log10_alpha": 0.07840329576061666, "log10_colsample_bytree": -0.787588394895611, "log10_eta": -3.8774420983262363, "log10_lambda": -3.8895744465141937, "log10_min_child_weight": 0.8318976259391181, "log10_subsample": -0.5353851115871829, "max_depth": 6.0, "num_boost_round": 12.0}, "datetime": {"datetime": "2024-01-19 00:56:37", "elapsed": 2696.264924, "delta": 0.002839}}
{"target": -13.758498297133642, "params": {"gamma": 716.4763964804067, "log10_alpha": 0.07840329576061666, "log10_colsample_bytree": -0.787588394895611, "log10_eta": -3.8774420983262363, "log10_lambda": -3.8895744465141937, "log10_min_child_weight": 0.8318976259391181, "log10_subsample": -0.5353851115871829, "max_depth": 6.0, "num_boost_round": 13.0}, "datetime": {"datetime": "2024-01-19 00:56:37", "elapsed": 2696.267831, "delta": 0.002907}}
{"target": -13.758500038860486, "params": {"gamma": 716.4763964804067, "log10_alpha": 0.07840329576061666, "log10_colsample_bytree": -0.787588394895611, "log10_eta": -3.8774420983262363, "log10_lambda": -3.8895744465141937, "log10_min_child_weight": 0.8318976259391181, "log10_subsample": -0.5353851115871829, "max_depth": 6.0, "num_boost_round": 14.0}, "datetime": {"datetime": "2024-01-19 00:56:37", "elapsed": 2696.270961, "delta": 0.00313}}
{"target": -13.758503577322866, "params": {"gamma": 716.4763964804067, "log10_alpha": 0.07840329576061666, "log10_colsample_bytree": -0.787588394895611, "log10_eta": -3.8774420983262363, "log10_lambda": -3.8895744465141937, "log10_min_child_weight": 0.8318976259391181, "log10_subsample": -0.5353851115871829, "max_depth": 6.0, "num_boost_round": 15.0}, "datetime": {"datetime": "2024-01-19 00:56:37", "elapsed": 2696.273826, "delta": 0.002865}}
{"target": -13.758502425221764, "params": {"gamma": 716.4763964804067, "log10_alpha": 0.07840329576061666, "log10_colsample_bytree": -0.787588394895611, "log10_eta": -3.8774420983262363, "log10_lambda": -3.8895744465141937, "log10_min_child_weight": 0.8318976259391181, "log10_subsample": -0.5353851115871829, "max_depth": 6.0, "num_boost_round": 16.0}, "datetime": {"datetime": "2024-01-19 00:56:37", "elapsed": 2696.27672, "delta": 0.002894}}
