{"target": -13.758528790411063, "params": {"gamma": 545.448464851279, "log10_alpha": -4.994517097539211, "log10_colsample_bytree": -0.7155501791359414, "log10_eta": -3.5658869833702838, "log10_lambda": -1.745995304691954, "log10_min_child_weight": 4.193392456705421, "log10_subsample": -0.47144185152098694, "max_depth": 9.0, "num_boost_round": 10.0}, "datetime": {"datetime": "2024-01-19 00:43:59", "elapsed": 1892.170606, "delta": 0.002505}}
{"target": -13.758525329588773, "params": {"gamma": 545.448464851279, "log10_alpha": -4.994517097539211, "log10_colsample_bytree": -0.7155501791359414, "log10_eta": -3.5658869833702838, "log10_lambda": -1.745995304691954, "log10_min_child_weight": 4.193392456705421, "log10_subsample": -0.47144185152098694, "max_depth": 9.0, "num_boost_round": 11.0}, "datetime": {"datetime": "2024-01-19 00:43:59", "elapsed": 1892.173328, "delta": 0.002722}}
{"target": -13.75852684624662, "params": {"gamma": 545.448464851279, "log10_alpha": -4.994517097539211, "log10_colsample_bytree": -0.7155501791359414, "log10_eta": -3.5658869833702838, "log10_lambda": -1.745995304691954, "log10_min_child_weight": 4.193392456705421, "log10_subsample": -0.47144185152098694, "max_depth": 9.0, "num_boost_round": 12.0}, "datetime": {"datetime": "2024-01-19 00:43:59", "elapsed": 1892.176039, "delta": 0.002711}}
{"target": -13.758526577441017, "params": {"gamma": 545.448464851279, "log10_alpha": -4.994517097539211, "log10_colsample_bytree": -0.7155501791359414, "log10_eta": -3.5658869833702838, "log10_lambda": -1.745995304691954, "log10_min_child_weight": 4.193392456705421, "log10_subsample": -0.47144185152098694, "max_depth": 9.0, "num_boost_round": 13.0}, "datetime": {"datetime": "2024-01-19 00:43:59", "elapsed": 1892.178632, "delta": 0.002593}}
{"target": -13.758524562485547, "params": {"gamma": 545.448464851279, "log10_alpha": -4.994517097539211, "log10_colsample_bytree": -0.7155501791359414, "log10_eta": -3.5658869833702838, "log10_lambda": -1.745995304691954, "log10_min_child_weight": 4.193392456705421, "log10_subsample": -0.47144185152098694, "max_depth": 9.0, "num_boost_round": 14.0}, "datetime": {"datetime": "2024-01-19 00:43:59", "elapsed": 1892.181405, "delta": 0.002773}}
{"target": -13.758521677170286, "params": {"gamma": 545.448464851279, "log10_alpha": -4.994517097539211, "log10_colsample_bytree": -0.7155501791359414, "log10_eta": -3.5658869833702838, "log10_lambda": -1.745995304691954, "log10_min_child_weight": 4.193392456705421, "log10_subsample": -0.47144185152098694, "max_depth": 9.0, "num_boost_round": 15.0}, "datetime": {"datetime": "2024-01-19 00:43:59", "elapsed": 1892.183921, "delta": 0.002516}}
{"target": -13.758519281359169, "params": {"gamma": 545.448464851279, "log10_alpha": -4.994517097539211, "log10_colsample_bytree": -0.7155501791359414, "log10_eta": -3.5658869833702838, "log10_lambda": -1.745995304691954, "log10_min_child_weight": 4.193392456705421, "log10_subsample": -0.47144185152098694, "max_depth": 9.0, "num_boost_round": 16.0}, "datetime": {"datetime": "2024-01-19 00:43:59", "elapsed": 1892.186451, "delta": 0.00253}}
{"target": -13.758515322979845, "params": {"gamma": 545.448464851279, "log10_alpha": -4.994517097539211, "log10_colsample_bytree": -0.7155501791359414, "log10_eta": -3.5658869833702838, "log10_lambda": -1.745995304691954, "log10_min_child_weight": 4.193392456705421, "log10_subsample": -0.47144185152098694, "max_depth": 9.0, "num_boost_round": 17.0}, "datetime": {"datetime": "2024-01-19 00:43:59", "elapsed": 1892.188972, "delta": 0.002521}}
{"target": -13.758515389525746, "params": {"gamma": 545.448464851279, "log10_alpha": -4.994517097539211, "log10_colsample_bytree": -0.7155501791359414, "log10_eta": -3.5658869833702838, "log10_lambda": -1.745995304691954, "log10_min_child_weight": 4.193392456705421, "log10_subsample": -0.47144185152098694, "max_depth": 9.0, "num_boost_round": 18.0}, "datetime": {"datetime": "2024-01-19 00:43:59", "elapsed": 1892.19154, "delta": 0.002568}}
{"target": -13.758510938353792, "params": {"gamma": 545.448464851279, "log10_alpha": -4.994517097539211, "log10_colsample_bytree": -0.7155501791359414, "log10_eta": -3.5658869833702838, "log10_lambda": -1.745995304691954, "log10_min_child_weight": 4.193392456705421, "log10_subsample": -0.47144185152098694, "max_depth": 9.0, "num_boost_round": 19.0}, "datetime": {"datetime": "2024-01-19 00:43:59", "elapsed": 1892.194079, "delta": 0.002539}}
{"target": -13.758510967712954, "params": {"gamma": 545.448464851279, "log10_alpha": -4.994517097539211, "log10_colsample_bytree": -0.7155501791359414, "log10_eta": -3.5658869833702838, "log10_lambda": -1.745995304691954, "log10_min_child_weight": 4.193392456705421, "log10_subsample": -0.47144185152098694, "max_depth": 9.0, "num_boost_round": 20.0}, "datetime": {"datetime": "2024-01-19 00:43:59", "elapsed": 1892.196625, "delta": 0.002546}}
{"target": -13.758512151679632, "params": {"gamma": 545.448464851279, "log10_alpha": -4.994517097539211, "log10_colsample_bytree": -0.7155501791359414, "log10_eta": -3.5658869833702838, "log10_lambda": -1.745995304691954, "log10_min_child_weight": 4.193392456705421, "log10_subsample": -0.47144185152098694, "max_depth": 9.0, "num_boost_round": 21.0}, "datetime": {"datetime": "2024-01-19 00:43:59", "elapsed": 1892.199132, "delta": 0.002507}}
{"target": -13.758511988262377, "params": {"gamma": 545.448464851279, "log10_alpha": -4.994517097539211, "log10_colsample_bytree": -0.7155501791359414, "log10_eta": -3.5658869833702838, "log10_lambda": -1.745995304691954, "log10_min_child_weight": 4.193392456705421, "log10_subsample": -0.47144185152098694, "max_depth": 9.0, "num_boost_round": 22.0}, "datetime": {"datetime": "2024-01-19 00:43:59", "elapsed": 1892.201682, "delta": 0.00255}}
{"target": -13.758508296851605, "params": {"gamma": 545.448464851279, "log10_alpha": -4.994517097539211, "log10_colsample_bytree": -0.7155501791359414, "log10_eta": -3.5658869833702838, "log10_lambda": -1.745995304691954, "log10_min_child_weight": 4.193392456705421, "log10_subsample": -0.47144185152098694, "max_depth": 9.0, "num_boost_round": 23.0}, "datetime": {"datetime": "2024-01-19 00:43:59", "elapsed": 1892.204211, "delta": 0.002529}}
{"target": -13.758474868419883, "params": {"gamma": 594.1325410424434, "log10_alpha": -2.2925842454775642, "log10_colsample_bytree": -0.9923705453453189, "log10_eta": -2.694498835684296, "log10_lambda": -3.192914804169191, "log10_min_child_weight": 0.10413095795413552, "log10_subsample": -0.6955545426141001, "max_depth": 6.0, "num_boost_round": 0.0}, "datetime": {"datetime": "2024-01-19 00:44:29", "elapsed": 1922.405992, "delta": 30.201781}}
{"target": -13.75843097252274, "params": {"gamma": 594.1325410424434, "log10_alpha": -2.2925842454775642, "log10_colsample_bytree": -0.9923705453453189, "log10_eta": -2.694498835684296, "log10_lambda": -3.192914804169191, "log10_min_child_weight": 0.10413095795413552, "log10_subsample": -0.6955545426141001, "max_depth": 6.0, "num_boost_round": 1.0}, "datetime": {"datetime": "2024-01-19 00:44:29", "elapsed": 1922.408983, "delta": 0.002991}}
{"target": -13.758435598249092, "params": {"gamma": 594.1325410424434, "log10_alpha": -2.2925842454775642, "log10_colsample_bytree": -0.9923705453453189, "log10_eta": -2.694498835684296, "log10_lambda": -3.192914804169191, "log10_min_child_weight": 0.10413095795413552, "log10_subsample": -0.6955545426141001, "max_depth": 6.0, "num_boost_round": 2.0}, "datetime": {"datetime": "2024-01-19 00:44:29", "elapsed": 1922.411892, "delta": 0.002909}}
{"target": -13.758415841467556, "params": {"gamma": 594.1325410424434, "log10_alpha": -2.2925842454775642, "log10_colsample_bytree": -0.9923705453453189, "log10_eta": -2.694498835684296, "log10_lambda": -3.192914804169191, "log10_min_child_weight": 0.10413095795413552, "log10_subsample": -0.6955545426141001, "max_depth": 6.0, "num_boost_round": 3.0}, "datetime": {"datetime": "2024-01-19 00:44:29", "elapsed": 1922.414624, "delta": 0.002732}}
{"target": -13.758383896783052, "params": {"gamma": 594.1325410424434, "log10_alpha": -2.2925842454775642, "log10_colsample_bytree": -0.9923705453453189, "log10_eta": -2.694498835684296, "log10_lambda": -3.192914804169191, "log10_min_child_weight": 0.10413095795413552, "log10_subsample": -0.6955545426141001, "max_depth": 6.0, "num_boost_round": 4.0}, "datetime": {"datetime": "2024-01-19 00:44:29", "elapsed": 1922.417101, "delta": 0.002477}}
{"target": -13.758371672253539, "params": {"gamma": 594.1325410424434, "log10_alpha": -2.2925842454775642, "log10_colsample_bytree": -0.9923705453453189, "log10_eta": -2.694498835684296, "log10_lambda": -3.192914804169191, "log10_min_child_weight": 0.10413095795413552, "log10_subsample": -0.6955545426141001, "max_depth": 6.0, "num_boost_round": 5.0}, "datetime": {"datetime": "2024-01-19 00:44:29", "elapsed": 1922.419579, "delta": 0.002478}}
{"target": -13.758396634635975, "params": {"gamma": 594.1325410424434, "log10_alpha": -2.2925842454775642, "log10_colsample_bytree": -0.9923705453453189, "log10_eta": -2.694498835684296, "log10_lambda": -3.192914804169191, "log10_min_child_weight": 0.10413095795413552, "log10_subsample": -0.6955545426141001, "max_depth": 6.0, "num_boost_round": 6.0}, "datetime": {"datetime": "2024-01-19 00:44:29", "elapsed": 1922.422035, "delta": 0.002456}}
{"target": -13.75836881106254, "params": {"gamma": 594.1325410424434, "log10_alpha": -2.2925842454775642, "log10_colsample_bytree": -0.9923705453453189, "log10_eta": -2.694498835684296, "log10_lambda": -3.192914804169191, "log10_min_child_weight": 0.10413095795413552, "log10_subsample": -0.6955545426141001, "max_depth": 6.0, "num_boost_round": 7.0}, "datetime": {"datetime": "2024-01-19 00:44:29", "elapsed": 1922.42451, "delta": 0.002475}}
{"target": -13.758349012465027, "params": {"gamma": 594.1325410424434, "log10_alpha": -2.2925842454775642, "log10_colsample_bytree": -0.9923705453453189, "log10_eta": -2.694498835684296, "log10_lambda": -3.192914804169191, "log10_min_child_weight": 0.10413095795413552, "log10_subsample": -0.6955545426141001, "max_depth": 6.0, "num_boost_round": 8.0}, "datetime": {"datetime": "2024-01-19 00:44:29", "elapsed": 1922.427052, "delta": 0.002542}}
{"target": -13.758364395004946, "params": {"gamma": 594.1325410424434, "log10_alpha": -2.2925842454775642, "log10_colsample_bytree": -0.9923705453453189, "log10_eta": -2.694498835684296, "log10_lambda": -3.192914804169191, "log10_min_child_weight": 0.10413095795413552, "log10_subsample": -0.6955545426141001, "max_depth": 6.0, "num_boost_round": 9.0}, "datetime": {"datetime": "2024-01-19 00:44:29", "elapsed": 1922.429534, "delta": 0.002482}}
{"target": -13.75832858299382, "params": {"gamma": 594.1325410424434, "log10_alpha": -2.2925842454775642, "log10_colsample_bytree": -0.9923705453453189, "log10_eta": -2.694498835684296, "log10_lambda": -3.192914804169191, "log10_min_child_weight": 0.10413095795413552, "log10_subsample": -0.6955545426141001, "max_depth": 6.0, "num_boost_round": 10.0}, "datetime": {"datetime": "2024-01-19 00:44:29", "elapsed": 1922.432057, "delta": 0.002523}}
{"target": -13.758291832530684, "params": {"gamma": 594.1325410424434, "log10_alpha": -2.2925842454775642, "log10_colsample_bytree": -0.9923705453453189, "log10_eta": -2.694498835684296, "log10_lambda": -3.192914804169191, "log10_min_child_weight": 0.10413095795413552, "log10_subsample": -0.6955545426141001, "max_depth": 6.0, "num_boost_round": 11.0}, "datetime": {"datetime": "2024-01-19 00:44:29", "elapsed": 1922.434613, "delta": 0.002556}}
{"target": -13.758274199359244, "params": {"gamma": 594.1325410424434, "log10_alpha": -2.2925842454775642, "log10_colsample_bytree": -0.9923705453453189, "log10_eta": -2.694498835684296, "log10_lambda": -3.192914804169191, "log10_min_child_weight": 0.10413095795413552, "log10_subsample": -0.6955545426141001, "max_depth": 6.0, "num_boost_round": 12.0}, "datetime": {"datetime": "2024-01-19 00:44:29", "elapsed": 1922.437097, "delta": 0.002484}}
{"target": -13.758222319923739, "params": {"gamma": 594.1325410424434, "log10_alpha": -2.2925842454775642, "log10_colsample_bytree": -0.9923705453453189, "log10_eta": -2.694498835684296, "log10_lambda": -3.192914804169191, "log10_min_child_weight": 0.10413095795413552, "log10_subsample": -0.6955545426141001, "max_depth": 6.0, "num_boost_round": 13.0}, "datetime": {"datetime": "2024-01-19 00:44:29", "elapsed": 1922.439559, "delta": 0.002462}}
{"target": -13.75815135671376, "params": {"gamma": 594.1325410424434, "log10_alpha": -2.2925842454775642, "log10_colsample_bytree": -0.9923705453453189, "log10_eta": -2.694498835684296, "log10_lambda": -3.192914804169191, "log10_min_child_weight": 0.10413095795413552, "log10_subsample": -0.6955545426141001, "max_depth": 6.0, "num_boost_round": 14.0}, "datetime": {"datetime": "2024-01-19 00:44:29", "elapsed": 1922.44203, "delta": 0.002471}}
{"target": -13.758091285581553, "params": {"gamma": 594.1325410424434, "log10_alpha": -2.2925842454775642, "log10_colsample_bytree": -0.9923705453453189, "log10_eta": -2.694498835684296, "log10_lambda": -3.192914804169191, "log10_min_child_weight": 0.10413095795413552, "log10_subsample": -0.6955545426141001, "max_depth": 6.0, "num_boost_round": 15.0}, "datetime": {"datetime": "2024-01-19 00:44:29", "elapsed": 1922.444502, "delta": 0.002472}}
{"target": -13.758093171407797, "params": {"gamma": 594.1325410424434, "log10_alpha": -2.2925842454775642, "log10_colsample_bytree": -0.9923705453453189, "log10_eta": -2.694498835684296, "log10_lambda": -3.192914804169191, "log10_min_child_weight": 0.10413095795413552, "log10_subsample": -0.6955545426141001, "max_depth": 6.0, "num_boost_round": 16.0}, "datetime": {"datetime": "2024-01-19 00:44:29", "elapsed": 1922.446965, "delta": 0.002463}}
{"target": -13.75801580933539, "params": {"gamma": 594.1325410424434, "log10_alpha": -2.2925842454775642, "log10_colsample_bytree": -0.9923705453453189, "log10_eta": -2.694498835684296, "log10_lambda": -3.192914804169191, "log10_min_child_weight": 0.10413095795413552, "log10_subsample": -0.6955545426141001, "max_depth": 6.0, "num_boost_round": 17.0}, "datetime": {"datetime": "2024-01-19 00:44:29", "elapsed": 1922.449433, "delta": 0.002468}}
{"target": -13.757983096815273, "params": {"gamma": 594.1325410424434, "log10_alpha": -2.2925842454775642, "log10_colsample_bytree": -0.9923705453453189, "log10_eta": -2.694498835684296, "log10_lambda": -3.192914804169191, "log10_min_child_weight": 0.10413095795413552, "log10_subsample": -0.6955545426141001, "max_depth": 6.0, "num_boost_round": 18.0}, "datetime": {"datetime": "2024-01-19 00:44:29", "elapsed": 1922.451904, "delta": 0.002471}}
{"target": -13.75789673384997, "params": {"gamma": 594.1325410424434, "log10_alpha": -2.2925842454775642, "log10_colsample_bytree": -0.9923705453453189, "log10_eta": -2.694498835684296, "log10_lambda": -3.192914804169191, "log10_min_child_weight": 0.10413095795413552, "log10_subsample": -0.6955545426141001, "max_depth": 6.0, "num_boost_round": 19.0}, "datetime": {"datetime": "2024-01-19 00:44:29", "elapsed": 1922.454525, "delta": 0.002621}}
{"target": -13.757895847041105, "params": {"gamma": 594.1325410424434, "log10_alpha": -2.2925842454775642, "log10_colsample_bytree": -0.9923705453453189, "log10_eta": -2.694498835684296, "log10_lambda": -3.192914804169191, "log10_min_child_weight": 0.10413095795413552, "log10_subsample": -0.6955545426141001, "max_depth": 6.0, "num_boost_round": 20.0}, "datetime": {"datetime": "2024-01-19 00:44:29", "elapsed": 1922.456994, "delta": 0.002469}}
{"target": -13.765595767971744, "params": {"gamma": 586.8865671081086, "log10_alpha": -1.692313196046312, "log10_colsample_bytree": -0.5279196122332083, "log10_eta": -0.5128636532855819, "log10_lambda": -2.007679498928558, "log10_min_child_weight": 0.1715411995021432, "log10_subsample": -0.7276042838641363, "max_depth": 4.0, "num_boost_round": 0.0}, "datetime": {"datetime": "2024-01-19 00:45:05", "elapsed": 1958.045256, "delta": 35.588262}}
{"target": -13.757538803879871, "params": {"gamma": 586.8865671081086, "log10_alpha": -1.692313196046312, "log10_colsample_bytree": -0.5279196122332083, "log10_eta": -0.5128636532855819, "log10_lambda": -2.007679498928558, "log10_min_child_weight": 0.1715411995021432, "log10_subsample": -0.7276042838641363, "max_depth": 4.0, "num_boost_round": 1.0}, "datetime": {"datetime": "2024-01-19 00:45:05", "elapsed": 1958.048409, "delta": 0.003153}}
{"target": -13.760197482858198, "params": {"gamma": 586.8865671081086, "log10_alpha": -1.692313196046312, "log10_colsample_bytree": -0.5279196122332083, "log10_eta": -0.5128636532855819, "log10_lambda": -2.007679498928558, "log10_min_child_weight": 0.1715411995021432, "log10_subsample": -0.7276042838641363, "max_depth": 4.0, "num_boost_round": 2.0}, "datetime": {"datetime": "2024-01-19 00:45:05", "elapsed": 1958.051298, "delta": 0.002889}}
{"target": -13.763094040178519, "params": {"gamma": 586.8865671081086, "log10_alpha": -1.692313196046312, "log10_colsample_bytree": -0.5279196122332083, "log10_eta": -0.5128636532855819, "log10_lambda": -2.007679498928558, "log10_min_child_weight": 0.1715411995021432, "log10_subsample": -0.7276042838641363, "max_depth": 4.0, "num_boost_round": 3.0}, "datetime": {"datetime": "2024-01-19 00:45:05", "elapsed": 1958.053999, "delta": 0.002701}}
{"target": -13.779726093634286, "params": {"gamma": 586.8865671081086, "log10_alpha": -1.692313196046312, "log10_colsample_bytree": -0.5279196122332083, "log10_eta": -0.5128636532855819, "log10_lambda": -2.007679498928558, "log10_min_child_weight": 0.1715411995021432, "log10_subsample": -0.7276042838641363, "max_depth": 4.0, "num_boost_round": 4.0}, "datetime": {"datetime": "2024-01-19 00:45:05", "elapsed": 1958.056489, "delta": 0.00249}}
{"target": -13.790835523544958, "params": {"gamma": 586.8865671081086, "log10_alpha": -1.692313196046312, "log10_colsample_bytree": -0.5279196122332083, "log10_eta": -0.5128636532855819, "log10_lambda": -2.007679498928558, "log10_min_child_weight": 0.1715411995021432, "log10_subsample": -0.7276042838641363, "max_depth": 4.0, "num_boost_round": 5.0}, "datetime": {"datetime": "2024-01-19 00:45:05", "elapsed": 1958.059004, "delta": 0.002515}}
{"target": -13.798881522385198, "params": {"gamma": 586.8865671081086, "log10_alpha": -1.692313196046312, "log10_colsample_bytree": -0.5279196122332083, "log10_eta": -0.5128636532855819, "log10_lambda": -2.007679498928558, "log10_min_child_weight": 0.1715411995021432, "log10_subsample": -0.7276042838641363, "max_depth": 4.0, "num_boost_round": 6.0}, "datetime": {"datetime": "2024-01-19 00:45:05", "elapsed": 1958.061507, "delta": 0.002503}}
{"target": -13.815453123944849, "params": {"gamma": 586.8865671081086, "log10_alpha": -1.692313196046312, "log10_colsample_bytree": -0.5279196122332083, "log10_eta": -0.5128636532855819, "log10_lambda": -2.007679498928558, "log10_min_child_weight": 0.1715411995021432, "log10_subsample": -0.7276042838641363, "max_depth": 4.0, "num_boost_round": 7.0}, "datetime": {"datetime": "2024-01-19 00:45:05", "elapsed": 1958.064001, "delta": 0.002494}}
{"target": -13.822329702467462, "params": {"gamma": 586.8865671081086, "log10_alpha": -1.692313196046312, "log10_colsample_bytree": -0.5279196122332083, "log10_eta": -0.5128636532855819, "log10_lambda": -2.007679498928558, "log10_min_child_weight": 0.1715411995021432, "log10_subsample": -0.7276042838641363, "max_depth": 4.0, "num_boost_round": 8.0}, "datetime": {"datetime": "2024-01-19 00:45:05", "elapsed": 1958.066511, "delta": 0.00251}}
{"target": -13.828674709712597, "params": {"gamma": 586.8865671081086, "log10_alpha": -1.692313196046312, "log10_colsample_bytree": -0.5279196122332083, "log10_eta": -0.5128636532855819, "log10_lambda": -2.007679498928558, "log10_min_child_weight": 0.1715411995021432, "log10_subsample": -0.7276042838641363, "max_depth": 4.0, "num_boost_round": 9.0}, "datetime": {"datetime": "2024-01-19 00:45:05", "elapsed": 1958.069011, "delta": 0.0025}}
{"target": -13.844411759227643, "params": {"gamma": 586.8865671081086, "log10_alpha": -1.692313196046312, "log10_colsample_bytree": -0.5279196122332083, "log10_eta": -0.5128636532855819, "log10_lambda": -2.007679498928558, "log10_min_child_weight": 0.1715411995021432, "log10_subsample": -0.7276042838641363, "max_depth": 4.0, "num_boost_round": 10.0}, "datetime": {"datetime": "2024-01-19 00:45:05", "elapsed": 1958.07151, "delta": 0.002499}}
{"target": -13.848618705400014, "params": {"gamma": 586.8865671081086, "log10_alpha": -1.692313196046312, "log10_colsample_bytree": -0.5279196122332083, "log10_eta": -0.5128636532855819, "log10_lambda": -2.007679498928558, "log10_min_child_weight": 0.1715411995021432, "log10_subsample": -0.7276042838641363, "max_depth": 4.0, "num_boost_round": 11.0}, "datetime": {"datetime": "2024-01-19 00:45:05", "elapsed": 1958.074296, "delta": 0.002786}}
{"target": -13.86897994783441, "params": {"gamma": 586.8865671081086, "log10_alpha": -1.692313196046312, "log10_colsample_bytree": -0.5279196122332083, "log10_eta": -0.5128636532855819, "log10_lambda": -2.007679498928558, "log10_min_child_weight": 0.1715411995021432, "log10_subsample": -0.7276042838641363, "max_depth": 4.0, "num_boost_round": 12.0}, "datetime": {"datetime": "2024-01-19 00:45:05", "elapsed": 1958.076812, "delta": 0.002516}}
{"target": -13.896666746775876, "params": {"gamma": 586.8865671081086, "log10_alpha": -1.692313196046312, "log10_colsample_bytree": -0.5279196122332083, "log10_eta": -0.5128636532855819, "log10_lambda": -2.007679498928558, "log10_min_child_weight": 0.1715411995021432, "log10_subsample": -0.7276042838641363, "max_depth": 4.0, "num_boost_round": 13.0}, "datetime": {"datetime": "2024-01-19 00:45:05", "elapsed": 1958.079341, "delta": 0.002529}}
