{"target": -17.67251472353332, "params": {"gamma": 17.1975165383762, "log10_alpha": 0.764846650457482, "log10_colsample_bytree": -0.32224742535605155, "log10_eta": -2.3001936559705163, "log10_lambda": -2.1788982345628467, "log10_min_child_weight": 0.8601264199422431, "log10_subsample": -0.7170723243989371, "max_depth": 5.0, "num_boost_round": 28.0}, "datetime": {"datetime": "2024-01-19 00:21:16", "elapsed": 630.421593, "delta": 0.000799}}
{"target": -17.672319180003793, "params": {"gamma": 17.1975165383762, "log10_alpha": 0.764846650457482, "log10_colsample_bytree": -0.32224742535605155, "log10_eta": -2.3001936559705163, "log10_lambda": -2.1788982345628467, "log10_min_child_weight": 0.8601264199422431, "log10_subsample": -0.7170723243989371, "max_depth": 5.0, "num_boost_round": 29.0}, "datetime": {"datetime": "2024-01-19 00:21:16", "elapsed": 630.422406, "delta": 0.000813}}
{"target": -17.672412942353994, "params": {"gamma": 17.1975165383762, "log10_alpha": 0.764846650457482, "log10_colsample_bytree": -0.32224742535605155, "log10_eta": -2.3001936559705163, "log10_lambda": -2.1788982345628467, "log10_min_child_weight": 0.8601264199422431, "log10_subsample": -0.7170723243989371, "max_depth": 5.0, "num_boost_round": 30.0}, "datetime": {"datetime": "2024-01-19 00:21:16", "elapsed": 630.423206, "delta": 0.0008}}
{"target": -17.67219561320304, "params": {"gamma": 17.1975165383762, "log10_alpha": 0.764846650457482, "log10_colsample_bytree": -0.32224742535605155, "log10_eta": -2.3001936559705163, "log10_lambda": -2.1788982345628467, "log10_min_child_weight": 0.8601264199422431, "log10_subsample": -0.7170723243989371, "max_depth": 5.0, "num_boost_round": 31.0}, "datetime": {"datetime": "2024-01-19 00:21:16", "elapsed": 630.424004, "delta": 0.000798}}
{"target": -17.672400414917107, "params": {"gamma": 17.1975165383762, "log10_alpha": 0.764846650457482, "log10_colsample_bytree": -0.32224742535605155, "log10_eta": -2.3001936559705163, "log10_lambda": -2.1788982345628467, "log10_min_child_weight": 0.8601264199422431, "log10_subsample": -0.7170723243989371, "max_depth": 5.0, "num_boost_round": 32.0}, "datetime": {"datetime": "2024-01-19 00:21:16", "elapsed": 630.424803, "delta": 0.000799}}
{"target": -17.672488574469288, "params": {"gamma": 17.1975165383762, "log10_alpha": 0.764846650457482, "log10_colsample_bytree": -0.32224742535605155, "log10_eta": -2.3001936559705163, "log10_lambda": -2.1788982345628467, "log10_min_child_weight": 0.8601264199422431, "log10_subsample": -0.7170723243989371, "max_depth": 5.0, "num_boost_round": 33.0}, "datetime": {"datetime": "2024-01-19 00:21:16", "elapsed": 630.425608, "delta": 0.000805}}
{"target": -17.672297291305203, "params": {"gamma": 17.1975165383762, "log10_alpha": 0.764846650457482, "log10_colsample_bytree": -0.32224742535605155, "log10_eta": -2.3001936559705163, "log10_lambda": -2.1788982345628467, "log10_min_child_weight": 0.8601264199422431, "log10_subsample": -0.7170723243989371, "max_depth": 5.0, "num_boost_round": 34.0}, "datetime": {"datetime": "2024-01-19 00:21:16", "elapsed": 630.426418, "delta": 0.00081}}
{"target": -17.67256520319117, "params": {"gamma": 17.1975165383762, "log10_alpha": 0.764846650457482, "log10_colsample_bytree": -0.32224742535605155, "log10_eta": -2.3001936559705163, "log10_lambda": -2.1788982345628467, "log10_min_child_weight": 0.8601264199422431, "log10_subsample": -0.7170723243989371, "max_depth": 5.0, "num_boost_round": 35.0}, "datetime": {"datetime": "2024-01-19 00:21:16", "elapsed": 630.427309, "delta": 0.000891}}
{"target": -17.67235569114752, "params": {"gamma": 17.1975165383762, "log10_alpha": 0.764846650457482, "log10_colsample_bytree": -0.32224742535605155, "log10_eta": -2.3001936559705163, "log10_lambda": -2.1788982345628467, "log10_min_child_weight": 0.8601264199422431, "log10_subsample": -0.7170723243989371, "max_depth": 5.0, "num_boost_round": 36.0}, "datetime": {"datetime": "2024-01-19 00:21:16", "elapsed": 630.42812, "delta": 0.000811}}
{"target": -17.672351014930943, "params": {"gamma": 17.1975165383762, "log10_alpha": 0.764846650457482, "log10_colsample_bytree": -0.32224742535605155, "log10_eta": -2.3001936559705163, "log10_lambda": -2.1788982345628467, "log10_min_child_weight": 0.8601264199422431, "log10_subsample": -0.7170723243989371, "max_depth": 5.0, "num_boost_round": 37.0}, "datetime": {"datetime": "2024-01-19 00:21:16", "elapsed": 630.428941, "delta": 0.000821}}
{"target": -17.677231326090567, "params": {"gamma": 10.973376146511281, "log10_alpha": -1.1511351619157804, "log10_colsample_bytree": -0.7016302027878961, "log10_eta": -3.604669949087066, "log10_lambda": -2.5338355675577633, "log10_min_child_weight": 4.3619730956603835, "log10_subsample": -0.6109222609422359, "max_depth": 8.0, "num_boost_round": 0.0}, "datetime": {"datetime": "2024-01-19 00:21:59", "elapsed": 672.740713, "delta": 42.311772}}
{"target": -17.67722617917045, "params": {"gamma": 10.973376146511281, "log10_alpha": -1.1511351619157804, "log10_colsample_bytree": -0.7016302027878961, "log10_eta": -3.604669949087066, "log10_lambda": -2.5338355675577633, "log10_min_child_weight": 4.3619730956603835, "log10_subsample": -0.6109222609422359, "max_depth": 8.0, "num_boost_round": 1.0}, "datetime": {"datetime": "2024-01-19 00:21:59", "elapsed": 672.741753, "delta": 0.00104}}
{"target": -17.67722598646653, "params": {"gamma": 10.973376146511281, "log10_alpha": -1.1511351619157804, "log10_colsample_bytree": -0.7016302027878961, "log10_eta": -3.604669949087066, "log10_lambda": -2.5338355675577633, "log10_min_child_weight": 4.3619730956603835, "log10_subsample": -0.6109222609422359, "max_depth": 8.0, "num_boost_round": 2.0}, "datetime": {"datetime": "2024-01-19 00:21:59", "elapsed": 672.742619, "delta": 0.000866}}
{"target": -17.67722383643956, "params": {"gamma": 10.973376146511281, "log10_alpha": -1.1511351619157804, "log10_colsample_bytree": -0.7016302027878961, "log10_eta": -3.604669949087066, "log10_lambda": -2.5338355675577633, "log10_min_child_weight": 4.3619730956603835, "log10_subsample": -0.6109222609422359, "max_depth": 8.0, "num_boost_round": 3.0}, "datetime": {"datetime": "2024-01-19 00:21:59", "elapsed": 672.743635, "delta": 0.001016}}
{"target": -17.67722188865419, "params": {"gamma": 10.973376146511281, "log10_alpha": -1.1511351619157804, "log10_colsample_bytree": -0.7016302027878961, "log10_eta": -3.604669949087066, "log10_lambda": -2.5338355675577633, "log10_min_child_weight": 4.3619730956603835, "log10_subsample": -0.6109222609422359, "max_depth": 8.0, "num_boost_round": 4.0}, "datetime": {"datetime": "2024-01-19 00:21:59", "elapsed": 672.744467, "delta": 0.000832}}
{"target": -17.677220391488326, "params": {"gamma": 10.973376146511281, "log10_alpha": -1.1511351619157804, "log10_colsample_bytree": -0.7016302027878961, "log10_eta": -3.604669949087066, "log10_lambda": -2.5338355675577633, "log10_min_child_weight": 4.3619730956603835, "log10_subsample": -0.6109222609422359, "max_depth": 8.0, "num_boost_round": 5.0}, "datetime": {"datetime": "2024-01-19 00:21:59", "elapsed": 672.745288, "delta": 0.000821}}
{"target": -17.677222649508984, "params": {"gamma": 10.973376146511281, "log10_alpha": -1.1511351619157804, "log10_colsample_bytree": -0.7016302027878961, "log10_eta": -3.604669949087066, "log10_lambda": -2.5338355675577633, "log10_min_child_weight": 4.3619730956603835, "log10_subsample": -0.6109222609422359, "max_depth": 8.0, "num_boost_round": 6.0}, "datetime": {"datetime": "2024-01-19 00:21:59", "elapsed": 672.746216, "delta": 0.000928}}
{"target": -17.677220516243977, "params": {"gamma": 10.973376146511281, "log10_alpha": -1.1511351619157804, "log10_colsample_bytree": -0.7016302027878961, "log10_eta": -3.604669949087066, "log10_lambda": -2.5338355675577633, "log10_min_child_weight": 4.3619730956603835, "log10_subsample": -0.6109222609422359, "max_depth": 8.0, "num_boost_round": 7.0}, "datetime": {"datetime": "2024-01-19 00:21:59", "elapsed": 672.74704, "delta": 0.000824}}
{"target": -17.677218471482405, "params": {"gamma": 10.973376146511281, "log10_alpha": -1.1511351619157804, "log10_colsample_bytree": -0.7016302027878961, "log10_eta": -3.604669949087066, "log10_lambda": -2.5338355675577633, "log10_min_child_weight": 4.3619730956603835, "log10_subsample": -0.6109222609422359, "max_depth": 8.0, "num_boost_round": 8.0}, "datetime": {"datetime": "2024-01-19 00:21:59", "elapsed": 672.748201, "delta": 0.001161}}
{"target": -17.67721702485203, "params": {"gamma": 10.973376146511281, "log10_alpha": -1.1511351619157804, "log10_colsample_bytree": -0.7016302027878961, "log10_eta": -3.604669949087066, "log10_lambda": -2.5338355675577633, "log10_min_child_weight": 4.3619730956603835, "log10_subsample": -0.6109222609422359, "max_depth": 8.0, "num_boost_round": 9.0}, "datetime": {"datetime": "2024-01-19 00:21:59", "elapsed": 672.749054, "delta": 0.000853}}
{"target": -17.677214560980172, "params": {"gamma": 10.973376146511281, "log10_alpha": -1.1511351619157804, "log10_colsample_bytree": -0.7016302027878961, "log10_eta": -3.604669949087066, "log10_lambda": -2.5338355675577633, "log10_min_child_weight": 4.3619730956603835, "log10_subsample": -0.6109222609422359, "max_depth": 8.0, "num_boost_round": 10.0}, "datetime": {"datetime": "2024-01-19 00:21:59", "elapsed": 672.74991, "delta": 0.000856}}
{"target": -17.677215099874047, "params": {"gamma": 10.973376146511281, "log10_alpha": -1.1511351619157804, "log10_colsample_bytree": -0.7016302027878961, "log10_eta": -3.604669949087066, "log10_lambda": -2.5338355675577633, "log10_min_child_weight": 4.3619730956603835, "log10_subsample": -0.6109222609422359, "max_depth": 8.0, "num_boost_round": 11.0}, "datetime": {"datetime": "2024-01-19 00:21:59", "elapsed": 672.750748, "delta": 0.000838}}
{"target": -17.677214172114624, "params": {"gamma": 10.973376146511281, "log10_alpha": -1.1511351619157804, "log10_colsample_bytree": -0.7016302027878961, "log10_eta": -3.604669949087066, "log10_lambda": -2.5338355675577633, "log10_min_child_weight": 4.3619730956603835, "log10_subsample": -0.6109222609422359, "max_depth": 8.0, "num_boost_round": 12.0}, "datetime": {"datetime": "2024-01-19 00:21:59", "elapsed": 672.75162, "delta": 0.000872}}
{"target": -17.677214127009798, "params": {"gamma": 10.973376146511281, "log10_alpha": -1.1511351619157804, "log10_colsample_bytree": -0.7016302027878961, "log10_eta": -3.604669949087066, "log10_lambda": -2.5338355675577633, "log10_min_child_weight": 4.3619730956603835, "log10_subsample": -0.6109222609422359, "max_depth": 8.0, "num_boost_round": 13.0}, "datetime": {"datetime": "2024-01-19 00:21:59", "elapsed": 672.752432, "delta": 0.000812}}
{"target": -17.677212764982976, "params": {"gamma": 10.973376146511281, "log10_alpha": -1.1511351619157804, "log10_colsample_bytree": -0.7016302027878961, "log10_eta": -3.604669949087066, "log10_lambda": -2.5338355675577633, "log10_min_child_weight": 4.3619730956603835, "log10_subsample": -0.6109222609422359, "max_depth": 8.0, "num_boost_round": 14.0}, "datetime": {"datetime": "2024-01-19 00:21:59", "elapsed": 672.753252, "delta": 0.00082}}
{"target": -17.677208670486813, "params": {"gamma": 10.973376146511281, "log10_alpha": -1.1511351619157804, "log10_colsample_bytree": -0.7016302027878961, "log10_eta": -3.604669949087066, "log10_lambda": -2.5338355675577633, "log10_min_child_weight": 4.3619730956603835, "log10_subsample": -0.6109222609422359, "max_depth": 8.0, "num_boost_round": 15.0}, "datetime": {"datetime": "2024-01-19 00:21:59", "elapsed": 672.754077, "delta": 0.000825}}
{"target": -17.677204334237853, "params": {"gamma": 10.973376146511281, "log10_alpha": -1.1511351619157804, "log10_colsample_bytree": -0.7016302027878961, "log10_eta": -3.604669949087066, "log10_lambda": -2.5338355675577633, "log10_min_child_weight": 4.3619730956603835, "log10_subsample": -0.6109222609422359, "max_depth": 8.0, "num_boost_round": 16.0}, "datetime": {"datetime": "2024-01-19 00:21:59", "elapsed": 672.754889, "delta": 0.000812}}
{"target": -17.677203090169787, "params": {"gamma": 10.973376146511281, "log10_alpha": -1.1511351619157804, "log10_colsample_bytree": -0.7016302027878961, "log10_eta": -3.604669949087066, "log10_lambda": -2.5338355675577633, "log10_min_child_weight": 4.3619730956603835, "log10_subsample": -0.6109222609422359, "max_depth": 8.0, "num_boost_round": 17.0}, "datetime": {"datetime": "2024-01-19 00:21:59", "elapsed": 672.755799, "delta": 0.00091}}
{"target": -17.677200066409046, "params": {"gamma": 10.973376146511281, "log10_alpha": -1.1511351619157804, "log10_colsample_bytree": -0.7016302027878961, "log10_eta": -3.604669949087066, "log10_lambda": -2.5338355675577633, "log10_min_child_weight": 4.3619730956603835, "log10_subsample": -0.6109222609422359, "max_depth": 8.0, "num_boost_round": 18.0}, "datetime": {"datetime": "2024-01-19 00:21:59", "elapsed": 672.756652, "delta": 0.000853}}
{"target": -17.67719686431126, "params": {"gamma": 10.973376146511281, "log10_alpha": -1.1511351619157804, "log10_colsample_bytree": -0.7016302027878961, "log10_eta": -3.604669949087066, "log10_lambda": -2.5338355675577633, "log10_min_child_weight": 4.3619730956603835, "log10_subsample": -0.6109222609422359, "max_depth": 8.0, "num_boost_round": 19.0}, "datetime": {"datetime": "2024-01-19 00:21:59", "elapsed": 672.757481, "delta": 0.000829}}
{"target": -17.677198443680233, "params": {"gamma": 10.973376146511281, "log10_alpha": -1.1511351619157804, "log10_colsample_bytree": -0.7016302027878961, "log10_eta": -3.604669949087066, "log10_lambda": -2.5338355675577633, "log10_min_child_weight": 4.3619730956603835, "log10_subsample": -0.6109222609422359, "max_depth": 8.0, "num_boost_round": 20.0}, "datetime": {"datetime": "2024-01-19 00:21:59", "elapsed": 672.758291, "delta": 0.00081}}
{"target": -17.677197860069274, "params": {"gamma": 10.973376146511281, "log10_alpha": -1.1511351619157804, "log10_colsample_bytree": -0.7016302027878961, "log10_eta": -3.604669949087066, "log10_lambda": -2.5338355675577633, "log10_min_child_weight": 4.3619730956603835, "log10_subsample": -0.6109222609422359, "max_depth": 8.0, "num_boost_round": 21.0}, "datetime": {"datetime": "2024-01-19 00:21:59", "elapsed": 672.759154, "delta": 0.000863}}
{"target": -17.677195511644758, "params": {"gamma": 10.973376146511281, "log10_alpha": -1.1511351619157804, "log10_colsample_bytree": -0.7016302027878961, "log10_eta": -3.604669949087066, "log10_lambda": -2.5338355675577633, "log10_min_child_weight": 4.3619730956603835, "log10_subsample": -0.6109222609422359, "max_depth": 8.0, "num_boost_round": 22.0}, "datetime": {"datetime": "2024-01-19 00:21:59", "elapsed": 672.759995, "delta": 0.000841}}
{"target": -17.677193025923568, "params": {"gamma": 10.973376146511281, "log10_alpha": -1.1511351619157804, "log10_colsample_bytree": -0.7016302027878961, "log10_eta": -3.604669949087066, "log10_lambda": -2.5338355675577633, "log10_min_child_weight": 4.3619730956603835, "log10_subsample": -0.6109222609422359, "max_depth": 8.0, "num_boost_round": 23.0}, "datetime": {"datetime": "2024-01-19 00:21:59", "elapsed": 672.760817, "delta": 0.000822}}
{"target": -17.677191027029096, "params": {"gamma": 10.973376146511281, "log10_alpha": -1.1511351619157804, "log10_colsample_bytree": -0.7016302027878961, "log10_eta": -3.604669949087066, "log10_lambda": -2.5338355675577633, "log10_min_child_weight": 4.3619730956603835, "log10_subsample": -0.6109222609422359, "max_depth": 8.0, "num_boost_round": 24.0}, "datetime": {"datetime": "2024-01-19 00:21:59", "elapsed": 672.761644, "delta": 0.000827}}
{"target": -17.67718879869418, "params": {"gamma": 10.973376146511281, "log10_alpha": -1.1511351619157804, "log10_colsample_bytree": -0.7016302027878961, "log10_eta": -3.604669949087066, "log10_lambda": -2.5338355675577633, "log10_min_child_weight": 4.3619730956603835, "log10_subsample": -0.6109222609422359, "max_depth": 8.0, "num_boost_round": 25.0}, "datetime": {"datetime": "2024-01-19 00:21:59", "elapsed": 672.762472, "delta": 0.000828}}
{"target": -17.677187280896103, "params": {"gamma": 10.973376146511281, "log10_alpha": -1.1511351619157804, "log10_colsample_bytree": -0.7016302027878961, "log10_eta": -3.604669949087066, "log10_lambda": -2.5338355675577633, "log10_min_child_weight": 4.3619730956603835, "log10_subsample": -0.6109222609422359, "max_depth": 8.0, "num_boost_round": 26.0}, "datetime": {"datetime": "2024-01-19 00:21:59", "elapsed": 672.763299, "delta": 0.000827}}
{"target": -17.677183933963114, "params": {"gamma": 10.973376146511281, "log10_alpha": -1.1511351619157804, "log10_colsample_bytree": -0.7016302027878961, "log10_eta": -3.604669949087066, "log10_lambda": -2.5338355675577633, "log10_min_child_weight": 4.3619730956603835, "log10_subsample": -0.6109222609422359, "max_depth": 8.0, "num_boost_round": 27.0}, "datetime": {"datetime": "2024-01-19 00:21:59", "elapsed": 672.764125, "delta": 0.000826}}
{"target": -17.677182527245765, "params": {"gamma": 10.973376146511281, "log10_alpha": -1.1511351619157804, "log10_colsample_bytree": -0.7016302027878961, "log10_eta": -3.604669949087066, "log10_lambda": -2.5338355675577633, "log10_min_child_weight": 4.3619730956603835, "log10_subsample": -0.6109222609422359, "max_depth": 8.0, "num_boost_round": 28.0}, "datetime": {"datetime": "2024-01-19 00:21:59", "elapsed": 672.764953, "delta": 0.000828}}
{"target": -17.677181218035333, "params": {"gamma": 10.973376146511281, "log10_alpha": -1.1511351619157804, "log10_colsample_bytree": -0.7016302027878961, "log10_eta": -3.604669949087066, "log10_lambda": -2.5338355675577633, "log10_min_child_weight": 4.3619730956603835, "log10_subsample": -0.6109222609422359, "max_depth": 8.0, "num_boost_round": 29.0}, "datetime": {"datetime": "2024-01-19 00:21:59", "elapsed": 672.765968, "delta": 0.001015}}
{"target": -17.677178770592864, "params": {"gamma": 10.973376146511281, "log10_alpha": -1.1511351619157804, "log10_colsample_bytree": -0.7016302027878961, "log10_eta": -3.604669949087066, "log10_lambda": -2.5338355675577633, "log10_min_child_weight": 4.3619730956603835, "log10_subsample": -0.6109222609422359, "max_depth": 8.0, "num_boost_round": 30.0}, "datetime": {"datetime": "2024-01-19 00:21:59", "elapsed": 672.766968, "delta": 0.001}}
{"target": -17.677176529261317, "params": {"gamma": 10.973376146511281, "log10_alpha": -1.1511351619157804, "log10_colsample_bytree": -0.7016302027878961, "log10_eta": -3.604669949087066, "log10_lambda": -2.5338355675577633, "log10_min_child_weight": 4.3619730956603835, "log10_subsample": -0.6109222609422359, "max_depth": 8.0, "num_boost_round": 31.0}, "datetime": {"datetime": "2024-01-19 00:21:59", "elapsed": 672.767917, "delta": 0.000949}}
{"target": -17.677172862915118, "params": {"gamma": 10.973376146511281, "log10_alpha": -1.1511351619157804, "log10_colsample_bytree": -0.7016302027878961, "log10_eta": -3.604669949087066, "log10_lambda": -2.5338355675577633, "log10_min_child_weight": 4.3619730956603835, "log10_subsample": -0.6109222609422359, "max_depth": 8.0, "num_boost_round": 32.0}, "datetime": {"datetime": "2024-01-19 00:21:59", "elapsed": 672.768805, "delta": 0.000888}}
{"target": -17.677174809700027, "params": {"gamma": 10.973376146511281, "log10_alpha": -1.1511351619157804, "log10_colsample_bytree": -0.7016302027878961, "log10_eta": -3.604669949087066, "log10_lambda": -2.5338355675577633, "log10_min_child_weight": 4.3619730956603835, "log10_subsample": -0.6109222609422359, "max_depth": 8.0, "num_boost_round": 33.0}, "datetime": {"datetime": "2024-01-19 00:21:59", "elapsed": 672.769667, "delta": 0.000862}}
{"target": -17.677171361408643, "params": {"gamma": 10.973376146511281, "log10_alpha": -1.1511351619157804, "log10_colsample_bytree": -0.7016302027878961, "log10_eta": -3.604669949087066, "log10_lambda": -2.5338355675577633, "log10_min_child_weight": 4.3619730956603835, "log10_subsample": -0.6109222609422359, "max_depth": 8.0, "num_boost_round": 34.0}, "datetime": {"datetime": "2024-01-19 00:21:59", "elapsed": 672.770543, "delta": 0.000876}}
{"target": -17.677168413076764, "params": {"gamma": 10.973376146511281, "log10_alpha": -1.1511351619157804, "log10_colsample_bytree": -0.7016302027878961, "log10_eta": -3.604669949087066, "log10_lambda": -2.5338355675577633, "log10_min_child_weight": 4.3619730956603835, "log10_subsample": -0.6109222609422359, "max_depth": 8.0, "num_boost_round": 35.0}, "datetime": {"datetime": "2024-01-19 00:21:59", "elapsed": 672.771426, "delta": 0.000883}}
{"target": -17.67716755017962, "params": {"gamma": 10.973376146511281, "log10_alpha": -1.1511351619157804, "log10_colsample_bytree": -0.7016302027878961, "log10_eta": -3.604669949087066, "log10_lambda": -2.5338355675577633, "log10_min_child_weight": 4.3619730956603835, "log10_subsample": -0.6109222609422359, "max_depth": 8.0, "num_boost_round": 36.0}, "datetime": {"datetime": "2024-01-19 00:21:59", "elapsed": 672.772268, "delta": 0.000842}}
{"target": -17.677168138096548, "params": {"gamma": 10.973376146511281, "log10_alpha": -1.1511351619157804, "log10_colsample_bytree": -0.7016302027878961, "log10_eta": -3.604669949087066, "log10_lambda": -2.5338355675577633, "log10_min_child_weight": 4.3619730956603835, "log10_subsample": -0.6109222609422359, "max_depth": 8.0, "num_boost_round": 37.0}, "datetime": {"datetime": "2024-01-19 00:21:59", "elapsed": 672.773111, "delta": 0.000843}}
{"target": -17.677167294192806, "params": {"gamma": 10.973376146511281, "log10_alpha": -1.1511351619157804, "log10_colsample_bytree": -0.7016302027878961, "log10_eta": -3.604669949087066, "log10_lambda": -2.5338355675577633, "log10_min_child_weight": 4.3619730956603835, "log10_subsample": -0.6109222609422359, "max_depth": 8.0, "num_boost_round": 38.0}, "datetime": {"datetime": "2024-01-19 00:21:59", "elapsed": 672.773961, "delta": 0.00085}}
