{"target": -13.762902670591021, "params": {"gamma": 569.4357825368805, "log10_alpha": -0.9440053330117264, "log10_colsample_bytree": -0.9324867897229459, "log10_eta": -1.087335182359181, "log10_lambda": -3.867205771672165, "log10_min_child_weight": 2.688531609225149, "log10_subsample": -0.3582681368425261, "max_depth": 7.0, "num_boost_round": 10.0}, "datetime": {"datetime": "2024-01-19 00:55:46", "elapsed": 2599.278486, "delta": 0.003001}}
{"target": -13.762976767506803, "params": {"gamma": 569.4357825368805, "log10_alpha": -0.9440053330117264, "log10_colsample_bytree": -0.9324867897229459, "log10_eta": -1.087335182359181, "log10_lambda": -3.867205771672165, "log10_min_child_weight": 2.688531609225149, "log10_subsample": -0.3582681368425261, "max_depth": 7.0, "num_boost_round": 11.0}, "datetime": {"datetime": "2024-01-19 00:55:46", "elapsed": 2599.281635, "delta": 0.003149}}
{"target": -13.761481411729896, "params": {"gamma": 569.4357825368805, "log10_alpha": -0.9440053330117264, "log10_colsample_bytree": -0.9324867897229459, "log10_eta": -1.087335182359181, "log10_lambda": -3.867205771672165, "log10_min_child_weight": 2.688531609225149, "log10_subsample": -0.3582681368425261, "max_depth": 7.0, "num_boost_round": 12.0}, "datetime": {"datetime": "2024-01-19 00:55:46", "elapsed": 2599.284669, "delta": 0.003034}}
{"target": -13.76085433797348, "params": {"gamma": 569.4357825368805, "log10_alpha": -0.9440053330117264, "log10_colsample_bytree": -0.9324867897229459, "log10_eta": -1.087335182359181, "log10_lambda": -3.867205771672165, "log10_min_child_weight": 2.688531609225149, "log10_subsample": -0.3582681368425261, "max_depth": 7.0, "num_boost_round": 13.0}, "datetime": {"datetime": "2024-01-19 00:55:46", "elapsed": 2599.287715, "delta": 0.003046}}
{"target": -13.76155601602483, "params": {"gamma": 569.4357825368805, "log10_alpha": -0.9440053330117264, "log10_colsample_bytree": -0.9324867897229459, "log10_eta": -1.087335182359181, "log10_lambda": -3.867205771672165, "log10_min_child_weight": 2.688531609225149, "log10_subsample": -0.3582681368425261, "max_depth": 7.0, "num_boost_round": 14.0}, "datetime": {"datetime": "2024-01-19 00:55:46", "elapsed": 2599.290727, "delta": 0.003012}}
{"target": -13.760911749828198, "params": {"gamma": 569.4357825368805, "log10_alpha": -0.9440053330117264, "log10_colsample_bytree": -0.9324867897229459, "log10_eta": -1.087335182359181, "log10_lambda": -3.867205771672165, "log10_min_child_weight": 2.688531609225149, "log10_subsample": -0.3582681368425261, "max_depth": 7.0, "num_boost_round": 15.0}, "datetime": {"datetime": "2024-01-19 00:55:46", "elapsed": 2599.293949, "delta": 0.003222}}
{"target": -13.761614665310107, "params": {"gamma": 569.4357825368805, "log10_alpha": -0.9440053330117264, "log10_colsample_bytree": -0.9324867897229459, "log10_eta": -1.087335182359181, "log10_lambda": -3.867205771672165, "log10_min_child_weight": 2.688531609225149, "log10_subsample": -0.3582681368425261, "max_depth": 7.0, "num_boost_round": 16.0}, "datetime": {"datetime": "2024-01-19 00:55:46", "elapsed": 2599.297114, "delta": 0.003165}}
{"target": -13.763101391727877, "params": {"gamma": 569.4357825368805, "log10_alpha": -0.9440053330117264, "log10_colsample_bytree": -0.9324867897229459, "log10_eta": -1.087335182359181, "log10_lambda": -3.867205771672165, "log10_min_child_weight": 2.688531609225149, "log10_subsample": -0.3582681368425261, "max_depth": 7.0, "num_boost_round": 17.0}, "datetime": {"datetime": "2024-01-19 00:55:46", "elapsed": 2599.300264, "delta": 0.00315}}
{"target": -13.764305019467612, "params": {"gamma": 569.4357825368805, "log10_alpha": -0.9440053330117264, "log10_colsample_bytree": -0.9324867897229459, "log10_eta": -1.087335182359181, "log10_lambda": -3.867205771672165, "log10_min_child_weight": 2.688531609225149, "log10_subsample": -0.3582681368425261, "max_depth": 7.0, "num_boost_round": 18.0}, "datetime": {"datetime": "2024-01-19 00:55:46", "elapsed": 2599.30339, "delta": 0.003126}}
{"target": -13.763765836311679, "params": {"gamma": 569.4357825368805, "log10_alpha": -0.9440053330117264, "log10_colsample_bytree": -0.9324867897229459, "log10_eta": -1.087335182359181, "log10_lambda": -3.867205771672165, "log10_min_child_weight": 2.688531609225149, "log10_subsample": -0.3582681368425261, "max_depth": 7.0, "num_boost_round": 19.0}, "datetime": {"datetime": "2024-01-19 00:55:46", "elapsed": 2599.30644, "delta": 0.00305}}
{"target": -13.766811736791476, "params": {"gamma": 569.4357825368805, "log10_alpha": -0.9440053330117264, "log10_colsample_bytree": -0.9324867897229459, "log10_eta": -1.087335182359181, "log10_lambda": -3.867205771672165, "log10_min_child_weight": 2.688531609225149, "log10_subsample": -0.3582681368425261, "max_depth": 7.0, "num_boost_round": 20.0}, "datetime": {"datetime": "2024-01-19 00:55:46", "elapsed": 2599.30946, "delta": 0.00302}}
{"target": -13.769270768545088, "params": {"gamma": 569.4357825368805, "log10_alpha": -0.9440053330117264, "log10_colsample_bytree": -0.9324867897229459, "log10_eta": -1.087335182359181, "log10_lambda": -3.867205771672165, "log10_min_child_weight": 2.688531609225149, "log10_subsample": -0.3582681368425261, "max_depth": 7.0, "num_boost_round": 21.0}, "datetime": {"datetime": "2024-01-19 00:55:46", "elapsed": 2599.312489, "delta": 0.003029}}
{"target": -13.773473803451461, "params": {"gamma": 569.4357825368805, "log10_alpha": -0.9440053330117264, "log10_colsample_bytree": -0.9324867897229459, "log10_eta": -1.087335182359181, "log10_lambda": -3.867205771672165, "log10_min_child_weight": 2.688531609225149, "log10_subsample": -0.3582681368425261, "max_depth": 7.0, "num_boost_round": 22.0}, "datetime": {"datetime": "2024-01-19 00:55:46", "elapsed": 2599.315692, "delta": 0.003203}}
{"target": -13.778300514236902, "params": {"gamma": 569.4357825368805, "log10_alpha": -0.9440053330117264, "log10_colsample_bytree": -0.9324867897229459, "log10_eta": -1.087335182359181, "log10_lambda": -3.867205771672165, "log10_min_child_weight": 2.688531609225149, "log10_subsample": -0.3582681368425261, "max_depth": 7.0, "num_boost_round": 23.0}, "datetime": {"datetime": "2024-01-19 00:55:46", "elapsed": 2599.318725, "delta": 0.003033}}
{"target": -13.780710387895805, "params": {"gamma": 569.4357825368805, "log10_alpha": -0.9440053330117264, "log10_colsample_bytree": -0.9324867897229459, "log10_eta": -1.087335182359181, "log10_lambda": -3.867205771672165, "log10_min_child_weight": 2.688531609225149, "log10_subsample": -0.3582681368425261, "max_depth": 7.0, "num_boost_round": 24.0}, "datetime": {"datetime": "2024-01-19 00:55:46", "elapsed": 2599.321754, "delta": 0.003029}}
{"target": -13.787571089814648, "params": {"gamma": 569.4357825368805, "log10_alpha": -0.9440053330117264, "log10_colsample_bytree": -0.9324867897229459, "log10_eta": -1.087335182359181, "log10_lambda": -3.867205771672165, "log10_min_child_weight": 2.688531609225149, "log10_subsample": -0.3582681368425261, "max_depth": 7.0, "num_boost_round": 25.0}, "datetime": {"datetime": "2024-01-19 00:55:46", "elapsed": 2599.324761, "delta": 0.003007}}
{"target": -13.791678832288556, "params": {"gamma": 569.4357825368805, "log10_alpha": -0.9440053330117264, "log10_colsample_bytree": -0.9324867897229459, "log10_eta": -1.087335182359181, "log10_lambda": -3.867205771672165, "log10_min_child_weight": 2.688531609225149, "log10_subsample": -0.3582681368425261, "max_depth": 7.0, "num_boost_round": 26.0}, "datetime": {"datetime": "2024-01-19 00:55:46", "elapsed": 2599.327818, "delta": 0.003057}}
{"target": -13.793254679911827, "params": {"gamma": 569.4357825368805, "log10_alpha": -0.9440053330117264, "log10_colsample_bytree": -0.9324867897229459, "log10_eta": -1.087335182359181, "log10_lambda": -3.867205771672165, "log10_min_child_weight": 2.688531609225149, "log10_subsample": -0.3582681368425261, "max_depth": 7.0, "num_boost_round": 27.0}, "datetime": {"datetime": "2024-01-19 00:55:46", "elapsed": 2599.330849, "delta": 0.003031}}
{"target": -13.794637990861453, "params": {"gamma": 569.4357825368805, "log10_alpha": -0.9440053330117264, "log10_colsample_bytree": -0.9324867897229459, "log10_eta": -1.087335182359181, "log10_lambda": -3.867205771672165, "log10_min_child_weight": 2.688531609225149, "log10_subsample": -0.3582681368425261, "max_depth": 7.0, "num_boost_round": 28.0}, "datetime": {"datetime": "2024-01-19 00:55:46", "elapsed": 2599.334007, "delta": 0.003158}}
{"target": -13.797535914235464, "params": {"gamma": 569.4357825368805, "log10_alpha": -0.9440053330117264, "log10_colsample_bytree": -0.9324867897229459, "log10_eta": -1.087335182359181, "log10_lambda": -3.867205771672165, "log10_min_child_weight": 2.688531609225149, "log10_subsample": -0.3582681368425261, "max_depth": 7.0, "num_boost_round": 29.0}, "datetime": {"datetime": "2024-01-19 00:55:46", "elapsed": 2599.337022, "delta": 0.003015}}
{"target": -13.799886446430552, "params": {"gamma": 569.4357825368805, "log10_alpha": -0.9440053330117264, "log10_colsample_bytree": -0.9324867897229459, "log10_eta": -1.087335182359181, "log10_lambda": -3.867205771672165, "log10_min_child_weight": 2.688531609225149, "log10_subsample": -0.3582681368425261, "max_depth": 7.0, "num_boost_round": 30.0}, "datetime": {"datetime": "2024-01-19 00:55:46", "elapsed": 2599.340054, "delta": 0.003032}}
{"target": -13.801050334349865, "params": {"gamma": 569.4357825368805, "log10_alpha": -0.9440053330117264, "log10_colsample_bytree": -0.9324867897229459, "log10_eta": -1.087335182359181, "log10_lambda": -3.867205771672165, "log10_min_child_weight": 2.688531609225149, "log10_subsample": -0.3582681368425261, "max_depth": 7.0, "num_boost_round": 31.0}, "datetime": {"datetime": "2024-01-19 00:55:46", "elapsed": 2599.343069, "delta": 0.003015}}
{"target": -13.801354441819893, "params": {"gamma": 569.4357825368805, "log10_alpha": -0.9440053330117264, "log10_colsample_bytree": -0.9324867897229459, "log10_eta": -1.087335182359181, "log10_lambda": -3.867205771672165, "log10_min_child_weight": 2.688531609225149, "log10_subsample": -0.3582681368425261, "max_depth": 7.0, "num_boost_round": 32.0}, "datetime": {"datetime": "2024-01-19 00:55:46", "elapsed": 2599.346095, "delta": 0.003026}}
{"target": -13.806462410617607, "params": {"gamma": 569.4357825368805, "log10_alpha": -0.9440053330117264, "log10_colsample_bytree": -0.9324867897229459, "log10_eta": -1.087335182359181, "log10_lambda": -3.867205771672165, "log10_min_child_weight": 2.688531609225149, "log10_subsample": -0.3582681368425261, "max_depth": 7.0, "num_boost_round": 33.0}, "datetime": {"datetime": "2024-01-19 00:55:46", "elapsed": 2599.349124, "delta": 0.003029}}
{"target": -13.806935063857596, "params": {"gamma": 569.4357825368805, "log10_alpha": -0.9440053330117264, "log10_colsample_bytree": -0.9324867897229459, "log10_eta": -1.087335182359181, "log10_lambda": -3.867205771672165, "log10_min_child_weight": 2.688531609225149, "log10_subsample": -0.3582681368425261, "max_depth": 7.0, "num_boost_round": 34.0}, "datetime": {"datetime": "2024-01-19 00:55:46", "elapsed": 2599.352154, "delta": 0.00303}}
{"target": -13.808103699231886, "params": {"gamma": 569.4357825368805, "log10_alpha": -0.9440053330117264, "log10_colsample_bytree": -0.9324867897229459, "log10_eta": -1.087335182359181, "log10_lambda": -3.867205771672165, "log10_min_child_weight": 2.688531609225149, "log10_subsample": -0.3582681368425261, "max_depth": 7.0, "num_boost_round": 35.0}, "datetime": {"datetime": "2024-01-19 00:55:46", "elapsed": 2599.355327, "delta": 0.003173}}
{"target": -13.809406886020588, "params": {"gamma": 569.4357825368805, "log10_alpha": -0.9440053330117264, "log10_colsample_bytree": -0.9324867897229459, "log10_eta": -1.087335182359181, "log10_lambda": -3.867205771672165, "log10_min_child_weight": 2.688531609225149, "log10_subsample": -0.3582681368425261, "max_depth": 7.0, "num_boost_round": 36.0}, "datetime": {"datetime": "2024-01-19 00:55:46", "elapsed": 2599.358437, "delta": 0.00311}}
{"target": -13.810563801479006, "params": {"gamma": 569.4357825368805, "log10_alpha": -0.9440053330117264, "log10_colsample_bytree": -0.9324867897229459, "log10_eta": -1.087335182359181, "log10_lambda": -3.867205771672165, "log10_min_child_weight": 2.688531609225149, "log10_subsample": -0.3582681368425261, "max_depth": 7.0, "num_boost_round": 37.0}, "datetime": {"datetime": "2024-01-19 00:55:46", "elapsed": 2599.361522, "delta": 0.003085}}
{"target": -13.81136052742531, "params": {"gamma": 569.4357825368805, "log10_alpha": -0.9440053330117264, "log10_colsample_bytree": -0.9324867897229459, "log10_eta": -1.087335182359181, "log10_lambda": -3.867205771672165, "log10_min_child_weight": 2.688531609225149, "log10_subsample": -0.3582681368425261, "max_depth": 7.0, "num_boost_round": 38.0}, "datetime": {"datetime": "2024-01-19 00:55:46", "elapsed": 2599.364892, "delta": 0.00337}}
{"target": -13.810715558021815, "params": {"gamma": 569.4357825368805, "log10_alpha": -0.9440053330117264, "log10_colsample_bytree": -0.9324867897229459, "log10_eta": -1.087335182359181, "log10_lambda": -3.867205771672165, "log10_min_child_weight": 2.688531609225149, "log10_subsample": -0.3582681368425261, "max_depth": 7.0, "num_boost_round": 39.0}, "datetime": {"datetime": "2024-01-19 00:55:46", "elapsed": 2599.36832, "delta": 0.003428}}
{"target": -13.81425825652321, "params": {"gamma": 569.4357825368805, "log10_alpha": -0.9440053330117264, "log10_colsample_bytree": -0.9324867897229459, "log10_eta": -1.087335182359181, "log10_lambda": -3.867205771672165, "log10_min_child_weight": 2.688531609225149, "log10_subsample": -0.3582681368425261, "max_depth": 7.0, "num_boost_round": 40.0}, "datetime": {"datetime": "2024-01-19 00:55:46", "elapsed": 2599.371417, "delta": 0.003097}}
{"target": -13.81593371738086, "params": {"gamma": 569.4357825368805, "log10_alpha": -0.9440053330117264, "log10_colsample_bytree": -0.9324867897229459, "log10_eta": -1.087335182359181, "log10_lambda": -3.867205771672165, "log10_min_child_weight": 2.688531609225149, "log10_subsample": -0.3582681368425261, "max_depth": 7.0, "num_boost_round": 41.0}, "datetime": {"datetime": "2024-01-19 00:55:46", "elapsed": 2599.374685, "delta": 0.003268}}
{"target": -13.819703167523043, "params": {"gamma": 569.4357825368805, "log10_alpha": -0.9440053330117264, "log10_colsample_bytree": -0.9324867897229459, "log10_eta": -1.087335182359181, "log10_lambda": -3.867205771672165, "log10_min_child_weight": 2.688531609225149, "log10_subsample": -0.3582681368425261, "max_depth": 7.0, "num_boost_round": 42.0}, "datetime": {"datetime": "2024-01-19 00:55:46", "elapsed": 2599.377761, "delta": 0.003076}}
{"target": -13.818579036567014, "params": {"gamma": 569.4357825368805, "log10_alpha": -0.9440053330117264, "log10_colsample_bytree": -0.9324867897229459, "log10_eta": -1.087335182359181, "log10_lambda": -3.867205771672165, "log10_min_child_weight": 2.688531609225149, "log10_subsample": -0.3582681368425261, "max_depth": 7.0, "num_boost_round": 43.0}, "datetime": {"datetime": "2024-01-19 00:55:46", "elapsed": 2599.38082, "delta": 0.003059}}
{"target": -13.819645282701334, "params": {"gamma": 569.4357825368805, "log10_alpha": -0.9440053330117264, "log10_colsample_bytree": -0.9324867897229459, "log10_eta": -1.087335182359181, "log10_lambda": -3.867205771672165, "log10_min_child_weight": 2.688531609225149, "log10_subsample": -0.3582681368425261, "max_depth": 7.0, "num_boost_round": 44.0}, "datetime": {"datetime": "2024-01-19 00:55:46", "elapsed": 2599.383894, "delta": 0.003074}}
{"target": -13.819531936081047, "params": {"gamma": 569.4357825368805, "log10_alpha": -0.9440053330117264, "log10_colsample_bytree": -0.9324867897229459, "log10_eta": -1.087335182359181, "log10_lambda": -3.867205771672165, "log10_min_child_weight": 2.688531609225149, "log10_subsample": -0.3582681368425261, "max_depth": 7.0, "num_boost_round": 45.0}, "datetime": {"datetime": "2024-01-19 00:55:46", "elapsed": 2599.386971, "delta": 0.003077}}
{"target": -13.819845019938633, "params": {"gamma": 569.4357825368805, "log10_alpha": -0.9440053330117264, "log10_colsample_bytree": -0.9324867897229459, "log10_eta": -1.087335182359181, "log10_lambda": -3.867205771672165, "log10_min_child_weight": 2.688531609225149, "log10_subsample": -0.3582681368425261, "max_depth": 7.0, "num_boost_round": 46.0}, "datetime": {"datetime": "2024-01-19 00:55:46", "elapsed": 2599.39005, "delta": 0.003079}}
{"target": -13.819253217126482, "params": {"gamma": 569.4357825368805, "log10_alpha": -0.9440053330117264, "log10_colsample_bytree": -0.9324867897229459, "log10_eta": -1.087335182359181, "log10_lambda": -3.867205771672165, "log10_min_child_weight": 2.688531609225149, "log10_subsample": -0.3582681368425261, "max_depth": 7.0, "num_boost_round": 47.0}, "datetime": {"datetime": "2024-01-19 00:55:46", "elapsed": 2599.393126, "delta": 0.003076}}
{"target": -13.820924758045493, "params": {"gamma": 569.4357825368805, "log10_alpha": -0.9440053330117264, "log10_colsample_bytree": -0.9324867897229459, "log10_eta": -1.087335182359181, "log10_lambda": -3.867205771672165, "log10_min_child_weight": 2.688531609225149, "log10_subsample": -0.3582681368425261, "max_depth": 7.0, "num_boost_round": 48.0}, "datetime": {"datetime": "2024-01-19 00:55:46", "elapsed": 2599.396414, "delta": 0.003288}}
{"target": -13.822559457966582, "params": {"gamma": 569.4357825368805, "log10_alpha": -0.9440053330117264, "log10_colsample_bytree": -0.9324867897229459, "log10_eta": -1.087335182359181, "log10_lambda": -3.867205771672165, "log10_min_child_weight": 2.688531609225149, "log10_subsample": -0.3582681368425261, "max_depth": 7.0, "num_boost_round": 49.0}, "datetime": {"datetime": "2024-01-19 00:55:46", "elapsed": 2599.399637, "delta": 0.003223}}
{"target": -13.829011277028725, "params": {"gamma": 569.4357825368805, "log10_alpha": -0.9440053330117264, "log10_colsample_bytree": -0.9324867897229459, "log10_eta": -1.087335182359181, "log10_lambda": -3.867205771672165, "log10_min_child_weight": 2.688531609225149, "log10_subsample": -0.3582681368425261, "max_depth": 7.0, "num_boost_round": 50.0}, "datetime": {"datetime": "2024-01-19 00:55:46", "elapsed": 2599.402829, "delta": 0.003192}}
{"target": -13.839250894158315, "params": {"gamma": 569.4357825368805, "log10_alpha": -0.9440053330117264, "log10_colsample_bytree": -0.9324867897229459, "log10_eta": -1.087335182359181, "log10_lambda": -3.867205771672165, "log10_min_child_weight": 2.688531609225149, "log10_subsample": -0.3582681368425261, "max_depth": 7.0, "num_boost_round": 51.0}, "datetime": {"datetime": "2024-01-19 00:55:46", "elapsed": 2599.405976, "delta": 0.003147}}
{"target": -13.842447469706945, "params": {"gamma": 569.4357825368805, "log10_alpha": -0.9440053330117264, "log10_colsample_bytree": -0.9324867897229459, "log10_eta": -1.087335182359181, "log10_lambda": -3.867205771672165, "log10_min_child_weight": 2.688531609225149, "log10_subsample": -0.3582681368425261, "max_depth": 7.0, "num_boost_round": 52.0}, "datetime": {"datetime": "2024-01-19 00:55:46", "elapsed": 2599.409178, "delta": 0.003202}}
{"target": -13.842610665302914, "params": {"gamma": 569.4357825368805, "log10_alpha": -0.9440053330117264, "log10_colsample_bytree": -0.9324867897229459, "log10_eta": -1.087335182359181, "log10_lambda": -3.867205771672165, "log10_min_child_weight": 2.688531609225149, "log10_subsample": -0.3582681368425261, "max_depth": 7.0, "num_boost_round": 53.0}, "datetime": {"datetime": "2024-01-19 00:55:46", "elapsed": 2599.412366, "delta": 0.003188}}
{"target": -13.843125042426939, "params": {"gamma": 569.4357825368805, "log10_alpha": -0.9440053330117264, "log10_colsample_bytree": -0.9324867897229459, "log10_eta": -1.087335182359181, "log10_lambda": -3.867205771672165, "log10_min_child_weight": 2.688531609225149, "log10_subsample": -0.3582681368425261, "max_depth": 7.0, "num_boost_round": 54.0}, "datetime": {"datetime": "2024-01-19 00:55:46", "elapsed": 2599.415485, "delta": 0.003119}}
{"target": -13.84498701985727, "params": {"gamma": 569.4357825368805, "log10_alpha": -0.9440053330117264, "log10_colsample_bytree": -0.9324867897229459, "log10_eta": -1.087335182359181, "log10_lambda": -3.867205771672165, "log10_min_child_weight": 2.688531609225149, "log10_subsample": -0.3582681368425261, "max_depth": 7.0, "num_boost_round": 55.0}, "datetime": {"datetime": "2024-01-19 00:55:46", "elapsed": 2599.418542, "delta": 0.003057}}
{"target": -13.845666223575995, "params": {"gamma": 569.4357825368805, "log10_alpha": -0.9440053330117264, "log10_colsample_bytree": -0.9324867897229459, "log10_eta": -1.087335182359181, "log10_lambda": -3.867205771672165, "log10_min_child_weight": 2.688531609225149, "log10_subsample": -0.3582681368425261, "max_depth": 7.0, "num_boost_round": 56.0}, "datetime": {"datetime": "2024-01-19 00:55:46", "elapsed": 2599.421636, "delta": 0.003094}}
{"target": -13.849946303471226, "params": {"gamma": 569.4357825368805, "log10_alpha": -0.9440053330117264, "log10_colsample_bytree": -0.9324867897229459, "log10_eta": -1.087335182359181, "log10_lambda": -3.867205771672165, "log10_min_child_weight": 2.688531609225149, "log10_subsample": -0.3582681368425261, "max_depth": 7.0, "num_boost_round": 57.0}, "datetime": {"datetime": "2024-01-19 00:55:46", "elapsed": 2599.4247, "delta": 0.003064}}
{"target": -13.848407737121914, "params": {"gamma": 569.4357825368805, "log10_alpha": -0.9440053330117264, "log10_colsample_bytree": -0.9324867897229459, "log10_eta": -1.087335182359181, "log10_lambda": -3.867205771672165, "log10_min_child_weight": 2.688531609225149, "log10_subsample": -0.3582681368425261, "max_depth": 7.0, "num_boost_round": 58.0}, "datetime": {"datetime": "2024-01-19 00:55:46", "elapsed": 2599.427812, "delta": 0.003112}}
