{"target": -13.758448317071482, "params": {"gamma": 566.8089744212333, "log10_alpha": 0.27873803523101337, "log10_colsample_bytree": -0.616742846629575, "log10_eta": -3.5346646979792453, "log10_lambda": -4.46618146693461, "log10_min_child_weight": 1.8822095404956396, "log10_subsample": -0.4331149886877115, "max_depth": 5.0, "num_boost_round": 22.0}, "datetime": {"datetime": "2024-01-19 00:49:54", "elapsed": 2247.479107, "delta": 0.002983}}
{"target": -13.758439562084323, "params": {"gamma": 566.8089744212333, "log10_alpha": 0.27873803523101337, "log10_colsample_bytree": -0.616742846629575, "log10_eta": -3.5346646979792453, "log10_lambda": -4.46618146693461, "log10_min_child_weight": 1.8822095404956396, "log10_subsample": -0.4331149886877115, "max_depth": 5.0, "num_boost_round": 23.0}, "datetime": {"datetime": "2024-01-19 00:49:54", "elapsed": 2247.482874, "delta": 0.003767}}
{"target": -13.758436178130253, "params": {"gamma": 566.8089744212333, "log10_alpha": 0.27873803523101337, "log10_colsample_bytree": -0.616742846629575, "log10_eta": -3.5346646979792453, "log10_lambda": -4.46618146693461, "log10_min_child_weight": 1.8822095404956396, "log10_subsample": -0.4331149886877115, "max_depth": 5.0, "num_boost_round": 24.0}, "datetime": {"datetime": "2024-01-19 00:49:54", "elapsed": 2247.486068, "delta": 0.003194}}
{"target": -13.758431233452114, "params": {"gamma": 566.8089744212333, "log10_alpha": 0.27873803523101337, "log10_colsample_bytree": -0.616742846629575, "log10_eta": -3.5346646979792453, "log10_lambda": -4.46618146693461, "log10_min_child_weight": 1.8822095404956396, "log10_subsample": -0.4331149886877115, "max_depth": 5.0, "num_boost_round": 25.0}, "datetime": {"datetime": "2024-01-19 00:49:54", "elapsed": 2247.489764, "delta": 0.003696}}
{"target": -13.75841757392394, "params": {"gamma": 566.8089744212333, "log10_alpha": 0.27873803523101337, "log10_colsample_bytree": -0.616742846629575, "log10_eta": -3.5346646979792453, "log10_lambda": -4.46618146693461, "log10_min_child_weight": 1.8822095404956396, "log10_subsample": -0.4331149886877115, "max_depth": 5.0, "num_boost_round": 26.0}, "datetime": {"datetime": "2024-01-19 00:49:54", "elapsed": 2247.492862, "delta": 0.003098}}
{"target": -13.758410986813189, "params": {"gamma": 566.8089744212333, "log10_alpha": 0.27873803523101337, "log10_colsample_bytree": -0.616742846629575, "log10_eta": -3.5346646979792453, "log10_lambda": -4.46618146693461, "log10_min_child_weight": 1.8822095404956396, "log10_subsample": -0.4331149886877115, "max_depth": 5.0, "num_boost_round": 27.0}, "datetime": {"datetime": "2024-01-19 00:49:54", "elapsed": 2247.495905, "delta": 0.003043}}
{"target": -13.758400382336957, "params": {"gamma": 566.8089744212333, "log10_alpha": 0.27873803523101337, "log10_colsample_bytree": -0.616742846629575, "log10_eta": -3.5346646979792453, "log10_lambda": -4.46618146693461, "log10_min_child_weight": 1.8822095404956396, "log10_subsample": -0.4331149886877115, "max_depth": 5.0, "num_boost_round": 28.0}, "datetime": {"datetime": "2024-01-19 00:49:54", "elapsed": 2247.498967, "delta": 0.003062}}
{"target": -13.75838626204362, "params": {"gamma": 566.8089744212333, "log10_alpha": 0.27873803523101337, "log10_colsample_bytree": -0.616742846629575, "log10_eta": -3.5346646979792453, "log10_lambda": -4.46618146693461, "log10_min_child_weight": 1.8822095404956396, "log10_subsample": -0.4331149886877115, "max_depth": 5.0, "num_boost_round": 29.0}, "datetime": {"datetime": "2024-01-19 00:49:54", "elapsed": 2247.50221, "delta": 0.003243}}
{"target": -13.75838186267162, "params": {"gamma": 566.8089744212333, "log10_alpha": 0.27873803523101337, "log10_colsample_bytree": -0.616742846629575, "log10_eta": -3.5346646979792453, "log10_lambda": -4.46618146693461, "log10_min_child_weight": 1.8822095404956396, "log10_subsample": -0.4331149886877115, "max_depth": 5.0, "num_boost_round": 30.0}, "datetime": {"datetime": "2024-01-19 00:49:54", "elapsed": 2247.505353, "delta": 0.003143}}
{"target": -13.758371754668358, "params": {"gamma": 566.8089744212333, "log10_alpha": 0.27873803523101337, "log10_colsample_bytree": -0.616742846629575, "log10_eta": -3.5346646979792453, "log10_lambda": -4.46618146693461, "log10_min_child_weight": 1.8822095404956396, "log10_subsample": -0.4331149886877115, "max_depth": 5.0, "num_boost_round": 31.0}, "datetime": {"datetime": "2024-01-19 00:49:54", "elapsed": 2247.508251, "delta": 0.002898}}
{"target": -13.75836213887498, "params": {"gamma": 566.8089744212333, "log10_alpha": 0.27873803523101337, "log10_colsample_bytree": -0.616742846629575, "log10_eta": -3.5346646979792453, "log10_lambda": -4.46618146693461, "log10_min_child_weight": 1.8822095404956396, "log10_subsample": -0.4331149886877115, "max_depth": 5.0, "num_boost_round": 32.0}, "datetime": {"datetime": "2024-01-19 00:49:54", "elapsed": 2247.511051, "delta": 0.0028}}
{"target": -13.75835304744323, "params": {"gamma": 566.8089744212333, "log10_alpha": 0.27873803523101337, "log10_colsample_bytree": -0.616742846629575, "log10_eta": -3.5346646979792453, "log10_lambda": -4.46618146693461, "log10_min_child_weight": 1.8822095404956396, "log10_subsample": -0.4331149886877115, "max_depth": 5.0, "num_boost_round": 33.0}, "datetime": {"datetime": "2024-01-19 00:49:54", "elapsed": 2247.513863, "delta": 0.002812}}
{"target": -13.75834848102152, "params": {"gamma": 566.8089744212333, "log10_alpha": 0.27873803523101337, "log10_colsample_bytree": -0.616742846629575, "log10_eta": -3.5346646979792453, "log10_lambda": -4.46618146693461, "log10_min_child_weight": 1.8822095404956396, "log10_subsample": -0.4331149886877115, "max_depth": 5.0, "num_boost_round": 34.0}, "datetime": {"datetime": "2024-01-19 00:49:54", "elapsed": 2247.516672, "delta": 0.002809}}
{"target": -13.758347082792094, "params": {"gamma": 566.8089744212333, "log10_alpha": 0.27873803523101337, "log10_colsample_bytree": -0.616742846629575, "log10_eta": -3.5346646979792453, "log10_lambda": -4.46618146693461, "log10_min_child_weight": 1.8822095404956396, "log10_subsample": -0.4331149886877115, "max_depth": 5.0, "num_boost_round": 35.0}, "datetime": {"datetime": "2024-01-19 00:49:54", "elapsed": 2247.51955, "delta": 0.002878}}
{"target": -13.758351287875353, "params": {"gamma": 566.8089744212333, "log10_alpha": 0.27873803523101337, "log10_colsample_bytree": -0.616742846629575, "log10_eta": -3.5346646979792453, "log10_lambda": -4.46618146693461, "log10_min_child_weight": 1.8822095404956396, "log10_subsample": -0.4331149886877115, "max_depth": 5.0, "num_boost_round": 36.0}, "datetime": {"datetime": "2024-01-19 00:49:54", "elapsed": 2247.52241, "delta": 0.00286}}
{"target": -13.758334308842471, "params": {"gamma": 566.8089744212333, "log10_alpha": 0.27873803523101337, "log10_colsample_bytree": -0.616742846629575, "log10_eta": -3.5346646979792453, "log10_lambda": -4.46618146693461, "log10_min_child_weight": 1.8822095404956396, "log10_subsample": -0.4331149886877115, "max_depth": 5.0, "num_boost_round": 37.0}, "datetime": {"datetime": "2024-01-19 00:49:54", "elapsed": 2247.525323, "delta": 0.002913}}
{"target": -13.758328583131746, "params": {"gamma": 566.8089744212333, "log10_alpha": 0.27873803523101337, "log10_colsample_bytree": -0.616742846629575, "log10_eta": -3.5346646979792453, "log10_lambda": -4.46618146693461, "log10_min_child_weight": 1.8822095404956396, "log10_subsample": -0.4331149886877115, "max_depth": 5.0, "num_boost_round": 38.0}, "datetime": {"datetime": "2024-01-19 00:49:54", "elapsed": 2247.528154, "delta": 0.002831}}
{"target": -13.758320771154985, "params": {"gamma": 566.8089744212333, "log10_alpha": 0.27873803523101337, "log10_colsample_bytree": -0.616742846629575, "log10_eta": -3.5346646979792453, "log10_lambda": -4.46618146693461, "log10_min_child_weight": 1.8822095404956396, "log10_subsample": -0.4331149886877115, "max_depth": 5.0, "num_boost_round": 39.0}, "datetime": {"datetime": "2024-01-19 00:49:54", "elapsed": 2247.530947, "delta": 0.002793}}
{"target": -13.758317080751098, "params": {"gamma": 566.8089744212333, "log10_alpha": 0.27873803523101337, "log10_colsample_bytree": -0.616742846629575, "log10_eta": -3.5346646979792453, "log10_lambda": -4.46618146693461, "log10_min_child_weight": 1.8822095404956396, "log10_subsample": -0.4331149886877115, "max_depth": 5.0, "num_boost_round": 40.0}, "datetime": {"datetime": "2024-01-19 00:49:54", "elapsed": 2247.533765, "delta": 0.002818}}
{"target": -13.758313827943013, "params": {"gamma": 566.8089744212333, "log10_alpha": 0.27873803523101337, "log10_colsample_bytree": -0.616742846629575, "log10_eta": -3.5346646979792453, "log10_lambda": -4.46618146693461, "log10_min_child_weight": 1.8822095404956396, "log10_subsample": -0.4331149886877115, "max_depth": 5.0, "num_boost_round": 41.0}, "datetime": {"datetime": "2024-01-19 00:49:54", "elapsed": 2247.536609, "delta": 0.002844}}
{"target": -13.758290694478063, "params": {"gamma": 566.8089744212333, "log10_alpha": 0.27873803523101337, "log10_colsample_bytree": -0.616742846629575, "log10_eta": -3.5346646979792453, "log10_lambda": -4.46618146693461, "log10_min_child_weight": 1.8822095404956396, "log10_subsample": -0.4331149886877115, "max_depth": 5.0, "num_boost_round": 42.0}, "datetime": {"datetime": "2024-01-19 00:49:54", "elapsed": 2247.53944, "delta": 0.002831}}
{"target": -13.758286328152236, "params": {"gamma": 566.8089744212333, "log10_alpha": 0.27873803523101337, "log10_colsample_bytree": -0.616742846629575, "log10_eta": -3.5346646979792453, "log10_lambda": -4.46618146693461, "log10_min_child_weight": 1.8822095404956396, "log10_subsample": -0.4331149886877115, "max_depth": 5.0, "num_boost_round": 43.0}, "datetime": {"datetime": "2024-01-19 00:49:54", "elapsed": 2247.542313, "delta": 0.002873}}
{"target": -13.758270509955125, "params": {"gamma": 566.8089744212333, "log10_alpha": 0.27873803523101337, "log10_colsample_bytree": -0.616742846629575, "log10_eta": -3.5346646979792453, "log10_lambda": -4.46618146693461, "log10_min_child_weight": 1.8822095404956396, "log10_subsample": -0.4331149886877115, "max_depth": 5.0, "num_boost_round": 44.0}, "datetime": {"datetime": "2024-01-19 00:49:54", "elapsed": 2247.545194, "delta": 0.002881}}
{"target": -13.758275924848997, "params": {"gamma": 566.8089744212333, "log10_alpha": 0.27873803523101337, "log10_colsample_bytree": -0.616742846629575, "log10_eta": -3.5346646979792453, "log10_lambda": -4.46618146693461, "log10_min_child_weight": 1.8822095404956396, "log10_subsample": -0.4331149886877115, "max_depth": 5.0, "num_boost_round": 45.0}, "datetime": {"datetime": "2024-01-19 00:49:54", "elapsed": 2247.548077, "delta": 0.002883}}
{"target": -13.758274983638337, "params": {"gamma": 566.8089744212333, "log10_alpha": 0.27873803523101337, "log10_colsample_bytree": -0.616742846629575, "log10_eta": -3.5346646979792453, "log10_lambda": -4.46618146693461, "log10_min_child_weight": 1.8822095404956396, "log10_subsample": -0.4331149886877115, "max_depth": 5.0, "num_boost_round": 46.0}, "datetime": {"datetime": "2024-01-19 00:49:54", "elapsed": 2247.550951, "delta": 0.002874}}
{"target": -13.758267781897175, "params": {"gamma": 566.8089744212333, "log10_alpha": 0.27873803523101337, "log10_colsample_bytree": -0.616742846629575, "log10_eta": -3.5346646979792453, "log10_lambda": -4.46618146693461, "log10_min_child_weight": 1.8822095404956396, "log10_subsample": -0.4331149886877115, "max_depth": 5.0, "num_boost_round": 47.0}, "datetime": {"datetime": "2024-01-19 00:49:54", "elapsed": 2247.553872, "delta": 0.002921}}
{"target": -13.758264447787946, "params": {"gamma": 566.8089744212333, "log10_alpha": 0.27873803523101337, "log10_colsample_bytree": -0.616742846629575, "log10_eta": -3.5346646979792453, "log10_lambda": -4.46618146693461, "log10_min_child_weight": 1.8822095404956396, "log10_subsample": -0.4331149886877115, "max_depth": 5.0, "num_boost_round": 48.0}, "datetime": {"datetime": "2024-01-19 00:49:54", "elapsed": 2247.556807, "delta": 0.002935}}
{"target": -13.758537734343697, "params": {"gamma": 578.377771019974, "log10_alpha": -1.6664342297861205, "log10_colsample_bytree": -0.2733238359112248, "log10_eta": -3.2364787072379975, "log10_lambda": -0.3692047762102675, "log10_min_child_weight": 1.8447330846118577, "log10_subsample": -0.3118782351170115, "max_depth": 9.0, "num_boost_round": 0.0}, "datetime": {"datetime": "2024-01-19 00:50:43", "elapsed": 2296.096932, "delta": 48.540125}}
{"target": -13.75849716634078, "params": {"gamma": 578.377771019974, "log10_alpha": -1.6664342297861205, "log10_colsample_bytree": -0.2733238359112248, "log10_eta": -3.2364787072379975, "log10_lambda": -0.3692047762102675, "log10_min_child_weight": 1.8447330846118577, "log10_subsample": -0.3118782351170115, "max_depth": 9.0, "num_boost_round": 1.0}, "datetime": {"datetime": "2024-01-19 00:50:43", "elapsed": 2296.100247, "delta": 0.003315}}
{"target": -13.758490872231533, "params": {"gamma": 578.377771019974, "log10_alpha": -1.6664342297861205, "log10_colsample_bytree": -0.2733238359112248, "log10_eta": -3.2364787072379975, "log10_lambda": -0.3692047762102675, "log10_min_child_weight": 1.8447330846118577, "log10_subsample": -0.3118782351170115, "max_depth": 9.0, "num_boost_round": 2.0}, "datetime": {"datetime": "2024-01-19 00:50:43", "elapsed": 2296.103314, "delta": 0.003067}}
{"target": -13.75846799291267, "params": {"gamma": 578.377771019974, "log10_alpha": -1.6664342297861205, "log10_colsample_bytree": -0.2733238359112248, "log10_eta": -3.2364787072379975, "log10_lambda": -0.3692047762102675, "log10_min_child_weight": 1.8447330846118577, "log10_subsample": -0.3118782351170115, "max_depth": 9.0, "num_boost_round": 3.0}, "datetime": {"datetime": "2024-01-19 00:50:43", "elapsed": 2296.106282, "delta": 0.002968}}
{"target": -13.758444878203788, "params": {"gamma": 578.377771019974, "log10_alpha": -1.6664342297861205, "log10_colsample_bytree": -0.2733238359112248, "log10_eta": -3.2364787072379975, "log10_lambda": -0.3692047762102675, "log10_min_child_weight": 1.8447330846118577, "log10_subsample": -0.3118782351170115, "max_depth": 9.0, "num_boost_round": 4.0}, "datetime": {"datetime": "2024-01-19 00:50:43", "elapsed": 2296.109146, "delta": 0.002864}}
{"target": -13.758421753978526, "params": {"gamma": 578.377771019974, "log10_alpha": -1.6664342297861205, "log10_colsample_bytree": -0.2733238359112248, "log10_eta": -3.2364787072379975, "log10_lambda": -0.3692047762102675, "log10_min_child_weight": 1.8447330846118577, "log10_subsample": -0.3118782351170115, "max_depth": 9.0, "num_boost_round": 5.0}, "datetime": {"datetime": "2024-01-19 00:50:43", "elapsed": 2296.111946, "delta": 0.0028}}
{"target": -13.758408052215513, "params": {"gamma": 578.377771019974, "log10_alpha": -1.6664342297861205, "log10_colsample_bytree": -0.2733238359112248, "log10_eta": -3.2364787072379975, "log10_lambda": -0.3692047762102675, "log10_min_child_weight": 1.8447330846118577, "log10_subsample": -0.3118782351170115, "max_depth": 9.0, "num_boost_round": 6.0}, "datetime": {"datetime": "2024-01-19 00:50:43", "elapsed": 2296.114907, "delta": 0.002961}}
{"target": -13.758386887313808, "params": {"gamma": 578.377771019974, "log10_alpha": -1.6664342297861205, "log10_colsample_bytree": -0.2733238359112248, "log10_eta": -3.2364787072379975, "log10_lambda": -0.3692047762102675, "log10_min_child_weight": 1.8447330846118577, "log10_subsample": -0.3118782351170115, "max_depth": 9.0, "num_boost_round": 7.0}, "datetime": {"datetime": "2024-01-19 00:50:43", "elapsed": 2296.117714, "delta": 0.002807}}
{"target": -13.758369398316583, "params": {"gamma": 578.377771019974, "log10_alpha": -1.6664342297861205, "log10_colsample_bytree": -0.2733238359112248, "log10_eta": -3.2364787072379975, "log10_lambda": -0.3692047762102675, "log10_min_child_weight": 1.8447330846118577, "log10_subsample": -0.3118782351170115, "max_depth": 9.0, "num_boost_round": 8.0}, "datetime": {"datetime": "2024-01-19 00:50:43", "elapsed": 2296.120522, "delta": 0.002808}}
{"target": -13.758374330797846, "params": {"gamma": 578.377771019974, "log10_alpha": -1.6664342297861205, "log10_colsample_bytree": -0.2733238359112248, "log10_eta": -3.2364787072379975, "log10_lambda": -0.3692047762102675, "log10_min_child_weight": 1.8447330846118577, "log10_subsample": -0.3118782351170115, "max_depth": 9.0, "num_boost_round": 9.0}, "datetime": {"datetime": "2024-01-19 00:50:43", "elapsed": 2296.123349, "delta": 0.002827}}
{"target": -13.758368885466888, "params": {"gamma": 578.377771019974, "log10_alpha": -1.6664342297861205, "log10_colsample_bytree": -0.2733238359112248, "log10_eta": -3.2364787072379975, "log10_lambda": -0.3692047762102675, "log10_min_child_weight": 1.8447330846118577, "log10_subsample": -0.3118782351170115, "max_depth": 9.0, "num_boost_round": 10.0}, "datetime": {"datetime": "2024-01-19 00:50:43", "elapsed": 2296.126166, "delta": 0.002817}}
{"target": -13.758328282732109, "params": {"gamma": 578.377771019974, "log10_alpha": -1.6664342297861205, "log10_colsample_bytree": -0.2733238359112248, "log10_eta": -3.2364787072379975, "log10_lambda": -0.3692047762102675, "log10_min_child_weight": 1.8447330846118577, "log10_subsample": -0.3118782351170115, "max_depth": 9.0, "num_boost_round": 11.0}, "datetime": {"datetime": "2024-01-19 00:50:43", "elapsed": 2296.128993, "delta": 0.002827}}
{"target": -13.758331218456348, "params": {"gamma": 578.377771019974, "log10_alpha": -1.6664342297861205, "log10_colsample_bytree": -0.2733238359112248, "log10_eta": -3.2364787072379975, "log10_lambda": -0.3692047762102675, "log10_min_child_weight": 1.8447330846118577, "log10_subsample": -0.3118782351170115, "max_depth": 9.0, "num_boost_round": 12.0}, "datetime": {"datetime": "2024-01-19 00:50:43", "elapsed": 2296.131823, "delta": 0.00283}}
{"target": -13.75831333598613, "params": {"gamma": 578.377771019974, "log10_alpha": -1.6664342297861205, "log10_colsample_bytree": -0.2733238359112248, "log10_eta": -3.2364787072379975, "log10_lambda": -0.3692047762102675, "log10_min_child_weight": 1.8447330846118577, "log10_subsample": -0.3118782351170115, "max_depth": 9.0, "num_boost_round": 13.0}, "datetime": {"datetime": "2024-01-19 00:50:43", "elapsed": 2296.134851, "delta": 0.003028}}
{"target": -13.758296627718444, "params": {"gamma": 578.377771019974, "log10_alpha": -1.6664342297861205, "log10_colsample_bytree": -0.2733238359112248, "log10_eta": -3.2364787072379975, "log10_lambda": -0.3692047762102675, "log10_min_child_weight": 1.8447330846118577, "log10_subsample": -0.3118782351170115, "max_depth": 9.0, "num_boost_round": 14.0}, "datetime": {"datetime": "2024-01-19 00:50:43", "elapsed": 2296.137697, "delta": 0.002846}}
{"target": -13.758577419442432, "params": {"gamma": 549.0540594024498, "log10_alpha": -0.997964775039561, "log10_colsample_bytree": -0.22644595508580057, "log10_eta": -2.2585747961304756, "log10_lambda": 0.43058646620992214, "log10_min_child_weight": 3.9730744917110323, "log10_subsample": -0.949374036353262, "max_depth": 9.0, "num_boost_round": 0.0}, "datetime": {"datetime": "2024-01-19 00:51:26", "elapsed": 2339.290721, "delta": 43.153024}}
{"target": -13.758583654477574, "params": {"gamma": 549.0540594024498, "log10_alpha": -0.997964775039561, "log10_colsample_bytree": -0.22644595508580057, "log10_eta": -2.2585747961304756, "log10_lambda": 0.43058646620992214, "log10_min_child_weight": 3.9730744917110323, "log10_subsample": -0.949374036353262, "max_depth": 9.0, "num_boost_round": 1.0}, "datetime": {"datetime": "2024-01-19 00:51:26", "elapsed": 2339.294456, "delta": 0.003735}}
{"target": -13.758586248866811, "params": {"gamma": 549.0540594024498, "log10_alpha": -0.997964775039561, "log10_colsample_bytree": -0.22644595508580057, "log10_eta": -2.2585747961304756, "log10_lambda": 0.43058646620992214, "log10_min_child_weight": 3.9730744917110323, "log10_subsample": -0.949374036353262, "max_depth": 9.0, "num_boost_round": 2.0}, "datetime": {"datetime": "2024-01-19 00:51:26", "elapsed": 2339.297459, "delta": 0.003003}}
{"target": -13.758572892031617, "params": {"gamma": 549.0540594024498, "log10_alpha": -0.997964775039561, "log10_colsample_bytree": -0.22644595508580057, "log10_eta": -2.2585747961304756, "log10_lambda": 0.43058646620992214, "log10_min_child_weight": 3.9730744917110323, "log10_subsample": -0.949374036353262, "max_depth": 9.0, "num_boost_round": 3.0}, "datetime": {"datetime": "2024-01-19 00:51:26", "elapsed": 2339.30047, "delta": 0.003011}}
{"target": -13.75859008515976, "params": {"gamma": 549.0540594024498, "log10_alpha": -0.997964775039561, "log10_colsample_bytree": -0.22644595508580057, "log10_eta": -2.2585747961304756, "log10_lambda": 0.43058646620992214, "log10_min_child_weight": 3.9730744917110323, "log10_subsample": -0.949374036353262, "max_depth": 9.0, "num_boost_round": 4.0}, "datetime": {"datetime": "2024-01-19 00:51:26", "elapsed": 2339.303378, "delta": 0.002908}}
{"target": -13.75856840340558, "params": {"gamma": 549.0540594024498, "log10_alpha": -0.997964775039561, "log10_colsample_bytree": -0.22644595508580057, "log10_eta": -2.2585747961304756, "log10_lambda": 0.43058646620992214, "log10_min_child_weight": 3.9730744917110323, "log10_subsample": -0.949374036353262, "max_depth": 9.0, "num_boost_round": 5.0}, "datetime": {"datetime": "2024-01-19 00:51:26", "elapsed": 2339.306802, "delta": 0.003424}}
{"target": -13.758555723043013, "params": {"gamma": 549.0540594024498, "log10_alpha": -0.997964775039561, "log10_colsample_bytree": -0.22644595508580057, "log10_eta": -2.2585747961304756, "log10_lambda": 0.43058646620992214, "log10_min_child_weight": 3.9730744917110323, "log10_subsample": -0.949374036353262, "max_depth": 9.0, "num_boost_round": 6.0}, "datetime": {"datetime": "2024-01-19 00:51:26", "elapsed": 2339.309642, "delta": 0.00284}}
