{"target": -13.759938150011768, "params": {"gamma": 10.693471769644415, "log10_alpha": 0.6852083546077843, "log10_colsample_bytree": -0.1839043754408537, "log10_eta": -1.6848745361823263, "log10_lambda": -1.8092674181795574, "log10_min_child_weight": 1.3531454194132246, "log10_subsample": -0.8798630492304079, "max_depth": 6.0, "num_boost_round": 14.0}, "datetime": {"datetime": "2024-01-19 00:13:09", "elapsed": 97.491542, "delta": 0.000282}}
{"target": -13.75983471545265, "params": {"gamma": 10.693471769644415, "log10_alpha": 0.6852083546077843, "log10_colsample_bytree": -0.1839043754408537, "log10_eta": -1.6848745361823263, "log10_lambda": -1.8092674181795574, "log10_min_child_weight": 1.3531454194132246, "log10_subsample": -0.8798630492304079, "max_depth": 6.0, "num_boost_round": 15.0}, "datetime": {"datetime": "2024-01-19 00:13:09", "elapsed": 97.491823, "delta": 0.000281}}
{"target": -13.760148959351863, "params": {"gamma": 10.693471769644415, "log10_alpha": 0.6852083546077843, "log10_colsample_bytree": -0.1839043754408537, "log10_eta": -1.6848745361823263, "log10_lambda": -1.8092674181795574, "log10_min_child_weight": 1.3531454194132246, "log10_subsample": -0.8798630492304079, "max_depth": 6.0, "num_boost_round": 16.0}, "datetime": {"datetime": "2024-01-19 00:13:09", "elapsed": 97.492099, "delta": 0.000276}}
{"target": -13.761373973736596, "params": {"gamma": 10.693471769644415, "log10_alpha": 0.6852083546077843, "log10_colsample_bytree": -0.1839043754408537, "log10_eta": -1.6848745361823263, "log10_lambda": -1.8092674181795574, "log10_min_child_weight": 1.3531454194132246, "log10_subsample": -0.8798630492304079, "max_depth": 6.0, "num_boost_round": 17.0}, "datetime": {"datetime": "2024-01-19 00:13:09", "elapsed": 97.492376, "delta": 0.000277}}
{"target": -13.761584134252749, "params": {"gamma": 10.693471769644415, "log10_alpha": 0.6852083546077843, "log10_colsample_bytree": -0.1839043754408537, "log10_eta": -1.6848745361823263, "log10_lambda": -1.8092674181795574, "log10_min_child_weight": 1.3531454194132246, "log10_subsample": -0.8798630492304079, "max_depth": 6.0, "num_boost_round": 18.0}, "datetime": {"datetime": "2024-01-19 00:13:09", "elapsed": 97.492665, "delta": 0.000289}}
{"target": -13.762212880986795, "params": {"gamma": 10.693471769644415, "log10_alpha": 0.6852083546077843, "log10_colsample_bytree": -0.1839043754408537, "log10_eta": -1.6848745361823263, "log10_lambda": -1.8092674181795574, "log10_min_child_weight": 1.3531454194132246, "log10_subsample": -0.8798630492304079, "max_depth": 6.0, "num_boost_round": 19.0}, "datetime": {"datetime": "2024-01-19 00:13:09", "elapsed": 97.492949, "delta": 0.000284}}
{"target": -13.762860705761383, "params": {"gamma": 10.693471769644415, "log10_alpha": 0.6852083546077843, "log10_colsample_bytree": -0.1839043754408537, "log10_eta": -1.6848745361823263, "log10_lambda": -1.8092674181795574, "log10_min_child_weight": 1.3531454194132246, "log10_subsample": -0.8798630492304079, "max_depth": 6.0, "num_boost_round": 20.0}, "datetime": {"datetime": "2024-01-19 00:13:09", "elapsed": 97.493232, "delta": 0.000283}}
{"target": -13.758570627109657, "params": {"gamma": 8.423932993408489, "log10_alpha": -3.416311497439902, "log10_colsample_bytree": -0.2477215269677383, "log10_eta": -3.166723123343052, "log10_lambda": -2.897072724656664, "log10_min_child_weight": 0.8936324709274951, "log10_subsample": -0.756932959877585, "max_depth": 6.0, "num_boost_round": 0.0}, "datetime": {"datetime": "2024-01-19 00:13:31", "elapsed": 119.399823, "delta": 21.906591}}
{"target": -13.758547190810813, "params": {"gamma": 8.423932993408489, "log10_alpha": -3.416311497439902, "log10_colsample_bytree": -0.2477215269677383, "log10_eta": -3.166723123343052, "log10_lambda": -2.897072724656664, "log10_min_child_weight": 0.8936324709274951, "log10_subsample": -0.756932959877585, "max_depth": 6.0, "num_boost_round": 1.0}, "datetime": {"datetime": "2024-01-19 00:13:31", "elapsed": 119.40121, "delta": 0.001387}}
{"target": -13.758538417971087, "params": {"gamma": 8.423932993408489, "log10_alpha": -3.416311497439902, "log10_colsample_bytree": -0.2477215269677383, "log10_eta": -3.166723123343052, "log10_lambda": -2.897072724656664, "log10_min_child_weight": 0.8936324709274951, "log10_subsample": -0.756932959877585, "max_depth": 6.0, "num_boost_round": 2.0}, "datetime": {"datetime": "2024-01-19 00:13:31", "elapsed": 119.401548, "delta": 0.000338}}
{"target": -13.758519632253904, "params": {"gamma": 8.423932993408489, "log10_alpha": -3.416311497439902, "log10_colsample_bytree": -0.2477215269677383, "log10_eta": -3.166723123343052, "log10_lambda": -2.897072724656664, "log10_min_child_weight": 0.8936324709274951, "log10_subsample": -0.756932959877585, "max_depth": 6.0, "num_boost_round": 3.0}, "datetime": {"datetime": "2024-01-19 00:13:31", "elapsed": 119.401857, "delta": 0.000309}}
{"target": -13.758465459522483, "params": {"gamma": 8.423932993408489, "log10_alpha": -3.416311497439902, "log10_colsample_bytree": -0.2477215269677383, "log10_eta": -3.166723123343052, "log10_lambda": -2.897072724656664, "log10_min_child_weight": 0.8936324709274951, "log10_subsample": -0.756932959877585, "max_depth": 6.0, "num_boost_round": 4.0}, "datetime": {"datetime": "2024-01-19 00:13:31", "elapsed": 119.402157, "delta": 0.0003}}
{"target": -13.758440902481397, "params": {"gamma": 8.423932993408489, "log10_alpha": -3.416311497439902, "log10_colsample_bytree": -0.2477215269677383, "log10_eta": -3.166723123343052, "log10_lambda": -2.897072724656664, "log10_min_child_weight": 0.8936324709274951, "log10_subsample": -0.756932959877585, "max_depth": 6.0, "num_boost_round": 5.0}, "datetime": {"datetime": "2024-01-19 00:13:31", "elapsed": 119.402462, "delta": 0.000305}}
{"target": -13.7584358136123, "params": {"gamma": 8.423932993408489, "log10_alpha": -3.416311497439902, "log10_colsample_bytree": -0.2477215269677383, "log10_eta": -3.166723123343052, "log10_lambda": -2.897072724656664, "log10_min_child_weight": 0.8936324709274951, "log10_subsample": -0.756932959877585, "max_depth": 6.0, "num_boost_round": 6.0}, "datetime": {"datetime": "2024-01-19 00:13:31", "elapsed": 119.402761, "delta": 0.000299}}
{"target": -13.758443757830038, "params": {"gamma": 8.423932993408489, "log10_alpha": -3.416311497439902, "log10_colsample_bytree": -0.2477215269677383, "log10_eta": -3.166723123343052, "log10_lambda": -2.897072724656664, "log10_min_child_weight": 0.8936324709274951, "log10_subsample": -0.756932959877585, "max_depth": 6.0, "num_boost_round": 7.0}, "datetime": {"datetime": "2024-01-19 00:13:31", "elapsed": 119.403061, "delta": 0.0003}}
{"target": -13.75844625557823, "params": {"gamma": 8.423932993408489, "log10_alpha": -3.416311497439902, "log10_colsample_bytree": -0.2477215269677383, "log10_eta": -3.166723123343052, "log10_lambda": -2.897072724656664, "log10_min_child_weight": 0.8936324709274951, "log10_subsample": -0.756932959877585, "max_depth": 6.0, "num_boost_round": 8.0}, "datetime": {"datetime": "2024-01-19 00:13:31", "elapsed": 119.403358, "delta": 0.000297}}
{"target": -13.758447801479333, "params": {"gamma": 8.423932993408489, "log10_alpha": -3.416311497439902, "log10_colsample_bytree": -0.2477215269677383, "log10_eta": -3.166723123343052, "log10_lambda": -2.897072724656664, "log10_min_child_weight": 0.8936324709274951, "log10_subsample": -0.756932959877585, "max_depth": 6.0, "num_boost_round": 9.0}, "datetime": {"datetime": "2024-01-19 00:13:31", "elapsed": 119.403774, "delta": 0.000416}}
{"target": -13.758426971911124, "params": {"gamma": 8.423932993408489, "log10_alpha": -3.416311497439902, "log10_colsample_bytree": -0.2477215269677383, "log10_eta": -3.166723123343052, "log10_lambda": -2.897072724656664, "log10_min_child_weight": 0.8936324709274951, "log10_subsample": -0.756932959877585, "max_depth": 6.0, "num_boost_round": 10.0}, "datetime": {"datetime": "2024-01-19 00:13:31", "elapsed": 119.404084, "delta": 0.00031}}
{"target": -13.758428016514173, "params": {"gamma": 8.423932993408489, "log10_alpha": -3.416311497439902, "log10_colsample_bytree": -0.2477215269677383, "log10_eta": -3.166723123343052, "log10_lambda": -2.897072724656664, "log10_min_child_weight": 0.8936324709274951, "log10_subsample": -0.756932959877585, "max_depth": 6.0, "num_boost_round": 11.0}, "datetime": {"datetime": "2024-01-19 00:13:31", "elapsed": 119.404387, "delta": 0.000303}}
{"target": -13.758429054625315, "params": {"gamma": 8.423932993408489, "log10_alpha": -3.416311497439902, "log10_colsample_bytree": -0.2477215269677383, "log10_eta": -3.166723123343052, "log10_lambda": -2.897072724656664, "log10_min_child_weight": 0.8936324709274951, "log10_subsample": -0.756932959877585, "max_depth": 6.0, "num_boost_round": 12.0}, "datetime": {"datetime": "2024-01-19 00:13:31", "elapsed": 119.404697, "delta": 0.00031}}
{"target": -13.758446858279273, "params": {"gamma": 8.423932993408489, "log10_alpha": -3.416311497439902, "log10_colsample_bytree": -0.2477215269677383, "log10_eta": -3.166723123343052, "log10_lambda": -2.897072724656664, "log10_min_child_weight": 0.8936324709274951, "log10_subsample": -0.756932959877585, "max_depth": 6.0, "num_boost_round": 13.0}, "datetime": {"datetime": "2024-01-19 00:13:31", "elapsed": 119.405001, "delta": 0.000304}}
{"target": -13.75843491388795, "params": {"gamma": 8.423932993408489, "log10_alpha": -3.416311497439902, "log10_colsample_bytree": -0.2477215269677383, "log10_eta": -3.166723123343052, "log10_lambda": -2.897072724656664, "log10_min_child_weight": 0.8936324709274951, "log10_subsample": -0.756932959877585, "max_depth": 6.0, "num_boost_round": 14.0}, "datetime": {"datetime": "2024-01-19 00:13:31", "elapsed": 119.405307, "delta": 0.000306}}
{"target": -13.758420922948911, "params": {"gamma": 8.423932993408489, "log10_alpha": -3.416311497439902, "log10_colsample_bytree": -0.2477215269677383, "log10_eta": -3.166723123343052, "log10_lambda": -2.897072724656664, "log10_min_child_weight": 0.8936324709274951, "log10_subsample": -0.756932959877585, "max_depth": 6.0, "num_boost_round": 15.0}, "datetime": {"datetime": "2024-01-19 00:13:31", "elapsed": 119.405621, "delta": 0.000314}}
{"target": -13.758377937077302, "params": {"gamma": 8.423932993408489, "log10_alpha": -3.416311497439902, "log10_colsample_bytree": -0.2477215269677383, "log10_eta": -3.166723123343052, "log10_lambda": -2.897072724656664, "log10_min_child_weight": 0.8936324709274951, "log10_subsample": -0.756932959877585, "max_depth": 6.0, "num_boost_round": 16.0}, "datetime": {"datetime": "2024-01-19 00:13:31", "elapsed": 119.405935, "delta": 0.000314}}
{"target": -13.758402804099273, "params": {"gamma": 8.423932993408489, "log10_alpha": -3.416311497439902, "log10_colsample_bytree": -0.2477215269677383, "log10_eta": -3.166723123343052, "log10_lambda": -2.897072724656664, "log10_min_child_weight": 0.8936324709274951, "log10_subsample": -0.756932959877585, "max_depth": 6.0, "num_boost_round": 17.0}, "datetime": {"datetime": "2024-01-19 00:13:31", "elapsed": 119.406245, "delta": 0.00031}}
{"target": -13.758370215386535, "params": {"gamma": 8.423932993408489, "log10_alpha": -3.416311497439902, "log10_colsample_bytree": -0.2477215269677383, "log10_eta": -3.166723123343052, "log10_lambda": -2.897072724656664, "log10_min_child_weight": 0.8936324709274951, "log10_subsample": -0.756932959877585, "max_depth": 6.0, "num_boost_round": 18.0}, "datetime": {"datetime": "2024-01-19 00:13:31", "elapsed": 119.406563, "delta": 0.000318}}
{"target": -13.758356304183513, "params": {"gamma": 8.423932993408489, "log10_alpha": -3.416311497439902, "log10_colsample_bytree": -0.2477215269677383, "log10_eta": -3.166723123343052, "log10_lambda": -2.897072724656664, "log10_min_child_weight": 0.8936324709274951, "log10_subsample": -0.756932959877585, "max_depth": 6.0, "num_boost_round": 19.0}, "datetime": {"datetime": "2024-01-19 00:13:31", "elapsed": 119.406874, "delta": 0.000311}}
{"target": -13.769838659067997, "params": {"gamma": 11.729082872836138, "log10_alpha": -1.123612378177505, "log10_colsample_bytree": -0.7458906698845261, "log10_eta": -0.20729532958720442, "log10_lambda": -2.44330861501086, "log10_min_child_weight": 0.7235342147519253, "log10_subsample": -0.8071354477967168, "max_depth": 4.0, "num_boost_round": 0.0}, "datetime": {"datetime": "2024-01-19 00:13:53", "elapsed": 141.732052, "delta": 22.325178}}
{"target": -13.812442510837224, "params": {"gamma": 11.729082872836138, "log10_alpha": -1.123612378177505, "log10_colsample_bytree": -0.7458906698845261, "log10_eta": -0.20729532958720442, "log10_lambda": -2.44330861501086, "log10_min_child_weight": 0.7235342147519253, "log10_subsample": -0.8071354477967168, "max_depth": 4.0, "num_boost_round": 1.0}, "datetime": {"datetime": "2024-01-19 00:13:53", "elapsed": 141.732566, "delta": 0.000514}}
{"target": -13.83783410216895, "params": {"gamma": 11.729082872836138, "log10_alpha": -1.123612378177505, "log10_colsample_bytree": -0.7458906698845261, "log10_eta": -0.20729532958720442, "log10_lambda": -2.44330861501086, "log10_min_child_weight": 0.7235342147519253, "log10_subsample": -0.8071354477967168, "max_depth": 4.0, "num_boost_round": 2.0}, "datetime": {"datetime": "2024-01-19 00:13:53", "elapsed": 141.733416, "delta": 0.00085}}
{"target": -13.844868260124299, "params": {"gamma": 11.729082872836138, "log10_alpha": -1.123612378177505, "log10_colsample_bytree": -0.7458906698845261, "log10_eta": -0.20729532958720442, "log10_lambda": -2.44330861501086, "log10_min_child_weight": 0.7235342147519253, "log10_subsample": -0.8071354477967168, "max_depth": 4.0, "num_boost_round": 3.0}, "datetime": {"datetime": "2024-01-19 00:13:53", "elapsed": 141.733875, "delta": 0.000459}}
{"target": -13.858128996170095, "params": {"gamma": 11.729082872836138, "log10_alpha": -1.123612378177505, "log10_colsample_bytree": -0.7458906698845261, "log10_eta": -0.20729532958720442, "log10_lambda": -2.44330861501086, "log10_min_child_weight": 0.7235342147519253, "log10_subsample": -0.8071354477967168, "max_depth": 4.0, "num_boost_round": 4.0}, "datetime": {"datetime": "2024-01-19 00:13:53", "elapsed": 141.734212, "delta": 0.000337}}
{"target": -13.878579500307355, "params": {"gamma": 11.729082872836138, "log10_alpha": -1.123612378177505, "log10_colsample_bytree": -0.7458906698845261, "log10_eta": -0.20729532958720442, "log10_lambda": -2.44330861501086, "log10_min_child_weight": 0.7235342147519253, "log10_subsample": -0.8071354477967168, "max_depth": 4.0, "num_boost_round": 5.0}, "datetime": {"datetime": "2024-01-19 00:13:53", "elapsed": 141.734554, "delta": 0.000342}}
{"target": -13.894616931319158, "params": {"gamma": 11.729082872836138, "log10_alpha": -1.123612378177505, "log10_colsample_bytree": -0.7458906698845261, "log10_eta": -0.20729532958720442, "log10_lambda": -2.44330861501086, "log10_min_child_weight": 0.7235342147519253, "log10_subsample": -0.8071354477967168, "max_depth": 4.0, "num_boost_round": 6.0}, "datetime": {"datetime": "2024-01-19 00:13:53", "elapsed": 141.734891, "delta": 0.000337}}
{"target": -13.902403982329538, "params": {"gamma": 11.729082872836138, "log10_alpha": -1.123612378177505, "log10_colsample_bytree": -0.7458906698845261, "log10_eta": -0.20729532958720442, "log10_lambda": -2.44330861501086, "log10_min_child_weight": 0.7235342147519253, "log10_subsample": -0.8071354477967168, "max_depth": 4.0, "num_boost_round": 7.0}, "datetime": {"datetime": "2024-01-19 00:13:53", "elapsed": 141.735278, "delta": 0.000387}}
{"target": -13.944597707573502, "params": {"gamma": 11.729082872836138, "log10_alpha": -1.123612378177505, "log10_colsample_bytree": -0.7458906698845261, "log10_eta": -0.20729532958720442, "log10_lambda": -2.44330861501086, "log10_min_child_weight": 0.7235342147519253, "log10_subsample": -0.8071354477967168, "max_depth": 4.0, "num_boost_round": 8.0}, "datetime": {"datetime": "2024-01-19 00:13:53", "elapsed": 141.735623, "delta": 0.000345}}
{"target": -13.947159272952213, "params": {"gamma": 11.729082872836138, "log10_alpha": -1.123612378177505, "log10_colsample_bytree": -0.7458906698845261, "log10_eta": -0.20729532958720442, "log10_lambda": -2.44330861501086, "log10_min_child_weight": 0.7235342147519253, "log10_subsample": -0.8071354477967168, "max_depth": 4.0, "num_boost_round": 9.0}, "datetime": {"datetime": "2024-01-19 00:13:53", "elapsed": 141.735955, "delta": 0.000332}}
{"target": -13.977097411438354, "params": {"gamma": 11.729082872836138, "log10_alpha": -1.123612378177505, "log10_colsample_bytree": -0.7458906698845261, "log10_eta": -0.20729532958720442, "log10_lambda": -2.44330861501086, "log10_min_child_weight": 0.7235342147519253, "log10_subsample": -0.8071354477967168, "max_depth": 4.0, "num_boost_round": 10.0}, "datetime": {"datetime": "2024-01-19 00:13:53", "elapsed": 141.736287, "delta": 0.000332}}
{"target": -13.9881037909953, "params": {"gamma": 11.729082872836138, "log10_alpha": -1.123612378177505, "log10_colsample_bytree": -0.7458906698845261, "log10_eta": -0.20729532958720442, "log10_lambda": -2.44330861501086, "log10_min_child_weight": 0.7235342147519253, "log10_subsample": -0.8071354477967168, "max_depth": 4.0, "num_boost_round": 11.0}, "datetime": {"datetime": "2024-01-19 00:13:53", "elapsed": 141.736625, "delta": 0.000338}}
{"target": -14.002196432227212, "params": {"gamma": 11.729082872836138, "log10_alpha": -1.123612378177505, "log10_colsample_bytree": -0.7458906698845261, "log10_eta": -0.20729532958720442, "log10_lambda": -2.44330861501086, "log10_min_child_weight": 0.7235342147519253, "log10_subsample": -0.8071354477967168, "max_depth": 4.0, "num_boost_round": 12.0}, "datetime": {"datetime": "2024-01-19 00:13:53", "elapsed": 141.736959, "delta": 0.000334}}
{"target": -14.03126839014343, "params": {"gamma": 11.729082872836138, "log10_alpha": -1.123612378177505, "log10_colsample_bytree": -0.7458906698845261, "log10_eta": -0.20729532958720442, "log10_lambda": -2.44330861501086, "log10_min_child_weight": 0.7235342147519253, "log10_subsample": -0.8071354477967168, "max_depth": 4.0, "num_boost_round": 13.0}, "datetime": {"datetime": "2024-01-19 00:13:53", "elapsed": 141.737433, "delta": 0.000474}}
{"target": -14.04795548606258, "params": {"gamma": 11.729082872836138, "log10_alpha": -1.123612378177505, "log10_colsample_bytree": -0.7458906698845261, "log10_eta": -0.20729532958720442, "log10_lambda": -2.44330861501086, "log10_min_child_weight": 0.7235342147519253, "log10_subsample": -0.8071354477967168, "max_depth": 4.0, "num_boost_round": 14.0}, "datetime": {"datetime": "2024-01-19 00:13:53", "elapsed": 141.737781, "delta": 0.000348}}
{"target": -14.071192300693822, "params": {"gamma": 11.729082872836138, "log10_alpha": -1.123612378177505, "log10_colsample_bytree": -0.7458906698845261, "log10_eta": -0.20729532958720442, "log10_lambda": -2.44330861501086, "log10_min_child_weight": 0.7235342147519253, "log10_subsample": -0.8071354477967168, "max_depth": 4.0, "num_boost_round": 15.0}, "datetime": {"datetime": "2024-01-19 00:13:53", "elapsed": 141.738122, "delta": 0.000341}}
{"target": -14.081800469511675, "params": {"gamma": 11.729082872836138, "log10_alpha": -1.123612378177505, "log10_colsample_bytree": -0.7458906698845261, "log10_eta": -0.20729532958720442, "log10_lambda": -2.44330861501086, "log10_min_child_weight": 0.7235342147519253, "log10_subsample": -0.8071354477967168, "max_depth": 4.0, "num_boost_round": 16.0}, "datetime": {"datetime": "2024-01-19 00:13:53", "elapsed": 141.738469, "delta": 0.000347}}
{"target": -14.09221245724358, "params": {"gamma": 11.729082872836138, "log10_alpha": -1.123612378177505, "log10_colsample_bytree": -0.7458906698845261, "log10_eta": -0.20729532958720442, "log10_lambda": -2.44330861501086, "log10_min_child_weight": 0.7235342147519253, "log10_subsample": -0.8071354477967168, "max_depth": 4.0, "num_boost_round": 17.0}, "datetime": {"datetime": "2024-01-19 00:13:53", "elapsed": 141.738811, "delta": 0.000342}}
{"target": -14.094083107348926, "params": {"gamma": 11.729082872836138, "log10_alpha": -1.123612378177505, "log10_colsample_bytree": -0.7458906698845261, "log10_eta": -0.20729532958720442, "log10_lambda": -2.44330861501086, "log10_min_child_weight": 0.7235342147519253, "log10_subsample": -0.8071354477967168, "max_depth": 4.0, "num_boost_round": 18.0}, "datetime": {"datetime": "2024-01-19 00:13:53", "elapsed": 141.739153, "delta": 0.000342}}
{"target": -14.102758422709487, "params": {"gamma": 11.729082872836138, "log10_alpha": -1.123612378177505, "log10_colsample_bytree": -0.7458906698845261, "log10_eta": -0.20729532958720442, "log10_lambda": -2.44330861501086, "log10_min_child_weight": 0.7235342147519253, "log10_subsample": -0.8071354477967168, "max_depth": 4.0, "num_boost_round": 19.0}, "datetime": {"datetime": "2024-01-19 00:13:53", "elapsed": 141.739505, "delta": 0.000352}}
{"target": -14.11353453528997, "params": {"gamma": 11.729082872836138, "log10_alpha": -1.123612378177505, "log10_colsample_bytree": -0.7458906698845261, "log10_eta": -0.20729532958720442, "log10_lambda": -2.44330861501086, "log10_min_child_weight": 0.7235342147519253, "log10_subsample": -0.8071354477967168, "max_depth": 4.0, "num_boost_round": 20.0}, "datetime": {"datetime": "2024-01-19 00:13:53", "elapsed": 141.739851, "delta": 0.000346}}
{"target": -14.126447570228944, "params": {"gamma": 11.729082872836138, "log10_alpha": -1.123612378177505, "log10_colsample_bytree": -0.7458906698845261, "log10_eta": -0.20729532958720442, "log10_lambda": -2.44330861501086, "log10_min_child_weight": 0.7235342147519253, "log10_subsample": -0.8071354477967168, "max_depth": 4.0, "num_boost_round": 21.0}, "datetime": {"datetime": "2024-01-19 00:13:53", "elapsed": 141.7402, "delta": 0.000349}}
