{"target": -13.758510478894536, "params": {"gamma": 725.5667604924379, "log10_alpha": 0.7284394754102568, "log10_colsample_bytree": -0.938202777687389, "log10_eta": -3.967046426639421, "log10_lambda": -0.7124152923546374, "log10_min_child_weight": 1.4017244447030826, "log10_subsample": -0.4877846943486692, "max_depth": 3.0, "num_boost_round": 23.0}, "datetime": {"datetime": "2024-01-19 01:59:07", "elapsed": 6455.570309, "delta": 0.006287}}
{"target": -13.758510915004077, "params": {"gamma": 725.5667604924379, "log10_alpha": 0.7284394754102568, "log10_colsample_bytree": -0.938202777687389, "log10_eta": -3.967046426639421, "log10_lambda": -0.7124152923546374, "log10_min_child_weight": 1.4017244447030826, "log10_subsample": -0.4877846943486692, "max_depth": 3.0, "num_boost_round": 24.0}, "datetime": {"datetime": "2024-01-19 01:59:08", "elapsed": 6455.576751, "delta": 0.006442}}
{"target": -13.758508702194558, "params": {"gamma": 725.5667604924379, "log10_alpha": 0.7284394754102568, "log10_colsample_bytree": -0.938202777687389, "log10_eta": -3.967046426639421, "log10_lambda": -0.7124152923546374, "log10_min_child_weight": 1.4017244447030826, "log10_subsample": -0.4877846943486692, "max_depth": 3.0, "num_boost_round": 25.0}, "datetime": {"datetime": "2024-01-19 01:59:08", "elapsed": 6455.58303, "delta": 0.006279}}
{"target": -13.758508835674245, "params": {"gamma": 725.5667604924379, "log10_alpha": 0.7284394754102568, "log10_colsample_bytree": -0.938202777687389, "log10_eta": -3.967046426639421, "log10_lambda": -0.7124152923546374, "log10_min_child_weight": 1.4017244447030826, "log10_subsample": -0.4877846943486692, "max_depth": 3.0, "num_boost_round": 26.0}, "datetime": {"datetime": "2024-01-19 01:59:08", "elapsed": 6455.58928, "delta": 0.00625}}
{"target": -13.758507431033484, "params": {"gamma": 725.5667604924379, "log10_alpha": 0.7284394754102568, "log10_colsample_bytree": -0.938202777687389, "log10_eta": -3.967046426639421, "log10_lambda": -0.7124152923546374, "log10_min_child_weight": 1.4017244447030826, "log10_subsample": -0.4877846943486692, "max_depth": 3.0, "num_boost_round": 27.0}, "datetime": {"datetime": "2024-01-19 01:59:08", "elapsed": 6455.595723, "delta": 0.006443}}
{"target": -13.758506273084262, "params": {"gamma": 725.5667604924379, "log10_alpha": 0.7284394754102568, "log10_colsample_bytree": -0.938202777687389, "log10_eta": -3.967046426639421, "log10_lambda": -0.7124152923546374, "log10_min_child_weight": 1.4017244447030826, "log10_subsample": -0.4877846943486692, "max_depth": 3.0, "num_boost_round": 28.0}, "datetime": {"datetime": "2024-01-19 01:59:08", "elapsed": 6455.60183, "delta": 0.006107}}
{"target": -13.758503421327246, "params": {"gamma": 725.5667604924379, "log10_alpha": 0.7284394754102568, "log10_colsample_bytree": -0.938202777687389, "log10_eta": -3.967046426639421, "log10_lambda": -0.7124152923546374, "log10_min_child_weight": 1.4017244447030826, "log10_subsample": -0.4877846943486692, "max_depth": 3.0, "num_boost_round": 29.0}, "datetime": {"datetime": "2024-01-19 01:59:08", "elapsed": 6455.608158, "delta": 0.006328}}
{"target": -13.758501688482825, "params": {"gamma": 725.5667604924379, "log10_alpha": 0.7284394754102568, "log10_colsample_bytree": -0.938202777687389, "log10_eta": -3.967046426639421, "log10_lambda": -0.7124152923546374, "log10_min_child_weight": 1.4017244447030826, "log10_subsample": -0.4877846943486692, "max_depth": 3.0, "num_boost_round": 30.0}, "datetime": {"datetime": "2024-01-19 01:59:08", "elapsed": 6455.614649, "delta": 0.006491}}
{"target": -13.758498130471265, "params": {"gamma": 725.5667604924379, "log10_alpha": 0.7284394754102568, "log10_colsample_bytree": -0.938202777687389, "log10_eta": -3.967046426639421, "log10_lambda": -0.7124152923546374, "log10_min_child_weight": 1.4017244447030826, "log10_subsample": -0.4877846943486692, "max_depth": 3.0, "num_boost_round": 31.0}, "datetime": {"datetime": "2024-01-19 01:59:08", "elapsed": 6455.621165, "delta": 0.006516}}
{"target": -13.758498229494586, "params": {"gamma": 725.5667604924379, "log10_alpha": 0.7284394754102568, "log10_colsample_bytree": -0.938202777687389, "log10_eta": -3.967046426639421, "log10_lambda": -0.7124152923546374, "log10_min_child_weight": 1.4017244447030826, "log10_subsample": -0.4877846943486692, "max_depth": 3.0, "num_boost_round": 32.0}, "datetime": {"datetime": "2024-01-19 01:59:08", "elapsed": 6455.627383, "delta": 0.006218}}
{"target": -13.758494752270725, "params": {"gamma": 725.5667604924379, "log10_alpha": 0.7284394754102568, "log10_colsample_bytree": -0.938202777687389, "log10_eta": -3.967046426639421, "log10_lambda": -0.7124152923546374, "log10_min_child_weight": 1.4017244447030826, "log10_subsample": -0.4877846943486692, "max_depth": 3.0, "num_boost_round": 33.0}, "datetime": {"datetime": "2024-01-19 01:59:08", "elapsed": 6455.633728, "delta": 0.006345}}
{"target": -13.758491664903794, "params": {"gamma": 725.5667604924379, "log10_alpha": 0.7284394754102568, "log10_colsample_bytree": -0.938202777687389, "log10_eta": -3.967046426639421, "log10_lambda": -0.7124152923546374, "log10_min_child_weight": 1.4017244447030826, "log10_subsample": -0.4877846943486692, "max_depth": 3.0, "num_boost_round": 34.0}, "datetime": {"datetime": "2024-01-19 01:59:08", "elapsed": 6455.640519, "delta": 0.006791}}
{"target": -13.75849009569459, "params": {"gamma": 725.5667604924379, "log10_alpha": 0.7284394754102568, "log10_colsample_bytree": -0.938202777687389, "log10_eta": -3.967046426639421, "log10_lambda": -0.7124152923546374, "log10_min_child_weight": 1.4017244447030826, "log10_subsample": -0.4877846943486692, "max_depth": 3.0, "num_boost_round": 35.0}, "datetime": {"datetime": "2024-01-19 01:59:08", "elapsed": 6455.779311, "delta": 0.138792}}
{"target": -13.758490347390394, "params": {"gamma": 725.5667604924379, "log10_alpha": 0.7284394754102568, "log10_colsample_bytree": -0.938202777687389, "log10_eta": -3.967046426639421, "log10_lambda": -0.7124152923546374, "log10_min_child_weight": 1.4017244447030826, "log10_subsample": -0.4877846943486692, "max_depth": 3.0, "num_boost_round": 36.0}, "datetime": {"datetime": "2024-01-19 01:59:08", "elapsed": 6455.786594, "delta": 0.007283}}
{"target": -13.758488469221888, "params": {"gamma": 725.5667604924379, "log10_alpha": 0.7284394754102568, "log10_colsample_bytree": -0.938202777687389, "log10_eta": -3.967046426639421, "log10_lambda": -0.7124152923546374, "log10_min_child_weight": 1.4017244447030826, "log10_subsample": -0.4877846943486692, "max_depth": 3.0, "num_boost_round": 37.0}, "datetime": {"datetime": "2024-01-19 01:59:08", "elapsed": 6455.793279, "delta": 0.006685}}
{"target": -13.758487226780177, "params": {"gamma": 725.5667604924379, "log10_alpha": 0.7284394754102568, "log10_colsample_bytree": -0.938202777687389, "log10_eta": -3.967046426639421, "log10_lambda": -0.7124152923546374, "log10_min_child_weight": 1.4017244447030826, "log10_subsample": -0.4877846943486692, "max_depth": 3.0, "num_boost_round": 38.0}, "datetime": {"datetime": "2024-01-19 01:59:08", "elapsed": 6455.799496, "delta": 0.006217}}
{"target": -13.75848760058769, "params": {"gamma": 725.5667604924379, "log10_alpha": 0.7284394754102568, "log10_colsample_bytree": -0.938202777687389, "log10_eta": -3.967046426639421, "log10_lambda": -0.7124152923546374, "log10_min_child_weight": 1.4017244447030826, "log10_subsample": -0.4877846943486692, "max_depth": 3.0, "num_boost_round": 39.0}, "datetime": {"datetime": "2024-01-19 01:59:08", "elapsed": 6455.805828, "delta": 0.006332}}
{"target": -13.758486505635213, "params": {"gamma": 725.5667604924379, "log10_alpha": 0.7284394754102568, "log10_colsample_bytree": -0.938202777687389, "log10_eta": -3.967046426639421, "log10_lambda": -0.7124152923546374, "log10_min_child_weight": 1.4017244447030826, "log10_subsample": -0.4877846943486692, "max_depth": 3.0, "num_boost_round": 40.0}, "datetime": {"datetime": "2024-01-19 01:59:08", "elapsed": 6455.812369, "delta": 0.006541}}
{"target": -13.758485894429834, "params": {"gamma": 725.5667604924379, "log10_alpha": 0.7284394754102568, "log10_colsample_bytree": -0.938202777687389, "log10_eta": -3.967046426639421, "log10_lambda": -0.7124152923546374, "log10_min_child_weight": 1.4017244447030826, "log10_subsample": -0.4877846943486692, "max_depth": 3.0, "num_boost_round": 41.0}, "datetime": {"datetime": "2024-01-19 01:59:08", "elapsed": 6455.818718, "delta": 0.006349}}
{"target": -13.758482451794535, "params": {"gamma": 725.5667604924379, "log10_alpha": 0.7284394754102568, "log10_colsample_bytree": -0.938202777687389, "log10_eta": -3.967046426639421, "log10_lambda": -0.7124152923546374, "log10_min_child_weight": 1.4017244447030826, "log10_subsample": -0.4877846943486692, "max_depth": 3.0, "num_boost_round": 42.0}, "datetime": {"datetime": "2024-01-19 01:59:08", "elapsed": 6455.82504, "delta": 0.006322}}
{"target": -13.75848084187968, "params": {"gamma": 725.5667604924379, "log10_alpha": 0.7284394754102568, "log10_colsample_bytree": -0.938202777687389, "log10_eta": -3.967046426639421, "log10_lambda": -0.7124152923546374, "log10_min_child_weight": 1.4017244447030826, "log10_subsample": -0.4877846943486692, "max_depth": 3.0, "num_boost_round": 43.0}, "datetime": {"datetime": "2024-01-19 01:59:08", "elapsed": 6455.831472, "delta": 0.006432}}
{"target": -13.75848037738709, "params": {"gamma": 725.5667604924379, "log10_alpha": 0.7284394754102568, "log10_colsample_bytree": -0.938202777687389, "log10_eta": -3.967046426639421, "log10_lambda": -0.7124152923546374, "log10_min_child_weight": 1.4017244447030826, "log10_subsample": -0.4877846943486692, "max_depth": 3.0, "num_boost_round": 44.0}, "datetime": {"datetime": "2024-01-19 01:59:08", "elapsed": 6455.838753, "delta": 0.007281}}
{"target": -13.758478543754125, "params": {"gamma": 725.5667604924379, "log10_alpha": 0.7284394754102568, "log10_colsample_bytree": -0.938202777687389, "log10_eta": -3.967046426639421, "log10_lambda": -0.7124152923546374, "log10_min_child_weight": 1.4017244447030826, "log10_subsample": -0.4877846943486692, "max_depth": 3.0, "num_boost_round": 45.0}, "datetime": {"datetime": "2024-01-19 01:59:08", "elapsed": 6455.845188, "delta": 0.006435}}
{"target": -13.758478989337407, "params": {"gamma": 725.5667604924379, "log10_alpha": 0.7284394754102568, "log10_colsample_bytree": -0.938202777687389, "log10_eta": -3.967046426639421, "log10_lambda": -0.7124152923546374, "log10_min_child_weight": 1.4017244447030826, "log10_subsample": -0.4877846943486692, "max_depth": 3.0, "num_boost_round": 46.0}, "datetime": {"datetime": "2024-01-19 01:59:08", "elapsed": 6455.851706, "delta": 0.006518}}
{"target": -13.75847608714448, "params": {"gamma": 725.5667604924379, "log10_alpha": 0.7284394754102568, "log10_colsample_bytree": -0.938202777687389, "log10_eta": -3.967046426639421, "log10_lambda": -0.7124152923546374, "log10_min_child_weight": 1.4017244447030826, "log10_subsample": -0.4877846943486692, "max_depth": 3.0, "num_boost_round": 47.0}, "datetime": {"datetime": "2024-01-19 01:59:08", "elapsed": 6455.857975, "delta": 0.006269}}
{"target": -13.758476584438982, "params": {"gamma": 725.5667604924379, "log10_alpha": 0.7284394754102568, "log10_colsample_bytree": -0.938202777687389, "log10_eta": -3.967046426639421, "log10_lambda": -0.7124152923546374, "log10_min_child_weight": 1.4017244447030826, "log10_subsample": -0.4877846943486692, "max_depth": 3.0, "num_boost_round": 48.0}, "datetime": {"datetime": "2024-01-19 01:59:08", "elapsed": 6455.864389, "delta": 0.006414}}
{"target": -13.758476088702746, "params": {"gamma": 725.5667604924379, "log10_alpha": 0.7284394754102568, "log10_colsample_bytree": -0.938202777687389, "log10_eta": -3.967046426639421, "log10_lambda": -0.7124152923546374, "log10_min_child_weight": 1.4017244447030826, "log10_subsample": -0.4877846943486692, "max_depth": 3.0, "num_boost_round": 49.0}, "datetime": {"datetime": "2024-01-19 01:59:08", "elapsed": 6455.870839, "delta": 0.00645}}
{"target": -13.758477219479714, "params": {"gamma": 725.5667604924379, "log10_alpha": 0.7284394754102568, "log10_colsample_bytree": -0.938202777687389, "log10_eta": -3.967046426639421, "log10_lambda": -0.7124152923546374, "log10_min_child_weight": 1.4017244447030826, "log10_subsample": -0.4877846943486692, "max_depth": 3.0, "num_boost_round": 50.0}, "datetime": {"datetime": "2024-01-19 01:59:08", "elapsed": 6455.877128, "delta": 0.006289}}
{"target": -13.758538157806525, "params": {"gamma": 721.7238612152653, "log10_alpha": 0.1989054685746879, "log10_colsample_bytree": 0.0, "log10_eta": -4.0, "log10_lambda": 1.0, "log10_min_child_weight": 4.4302159925180735, "log10_subsample": 0.0, "max_depth": 7.0, "num_boost_round": 0.0}, "datetime": {"datetime": "2024-01-19 02:01:10", "elapsed": 6577.77295, "delta": 121.895822}}
{"target": -13.758537959237259, "params": {"gamma": 721.7238612152653, "log10_alpha": 0.1989054685746879, "log10_colsample_bytree": 0.0, "log10_eta": -4.0, "log10_lambda": 1.0, "log10_min_child_weight": 4.4302159925180735, "log10_subsample": 0.0, "max_depth": 7.0, "num_boost_round": 1.0}, "datetime": {"datetime": "2024-01-19 02:01:10", "elapsed": 6577.780158, "delta": 0.007208}}
{"target": -13.758537795708623, "params": {"gamma": 721.7238612152653, "log10_alpha": 0.1989054685746879, "log10_colsample_bytree": 0.0, "log10_eta": -4.0, "log10_lambda": 1.0, "log10_min_child_weight": 4.4302159925180735, "log10_subsample": 0.0, "max_depth": 7.0, "num_boost_round": 2.0}, "datetime": {"datetime": "2024-01-19 02:01:10", "elapsed": 6577.786163, "delta": 0.006005}}
{"target": -13.75853760579557, "params": {"gamma": 721.7238612152653, "log10_alpha": 0.1989054685746879, "log10_colsample_bytree": 0.0, "log10_eta": -4.0, "log10_lambda": 1.0, "log10_min_child_weight": 4.4302159925180735, "log10_subsample": 0.0, "max_depth": 7.0, "num_boost_round": 3.0}, "datetime": {"datetime": "2024-01-19 02:01:10", "elapsed": 6577.792459, "delta": 0.006296}}
{"target": -13.758537416189363, "params": {"gamma": 721.7238612152653, "log10_alpha": 0.1989054685746879, "log10_colsample_bytree": 0.0, "log10_eta": -4.0, "log10_lambda": 1.0, "log10_min_child_weight": 4.4302159925180735, "log10_subsample": 0.0, "max_depth": 7.0, "num_boost_round": 4.0}, "datetime": {"datetime": "2024-01-19 02:01:10", "elapsed": 6577.798835, "delta": 0.006376}}
{"target": -13.758537255555689, "params": {"gamma": 721.7238612152653, "log10_alpha": 0.1989054685746879, "log10_colsample_bytree": 0.0, "log10_eta": -4.0, "log10_lambda": 1.0, "log10_min_child_weight": 4.4302159925180735, "log10_subsample": 0.0, "max_depth": 7.0, "num_boost_round": 5.0}, "datetime": {"datetime": "2024-01-19 02:01:10", "elapsed": 6577.804854, "delta": 0.006019}}
{"target": -13.758537075792013, "params": {"gamma": 721.7238612152653, "log10_alpha": 0.1989054685746879, "log10_colsample_bytree": 0.0, "log10_eta": -4.0, "log10_lambda": 1.0, "log10_min_child_weight": 4.4302159925180735, "log10_subsample": 0.0, "max_depth": 7.0, "num_boost_round": 6.0}, "datetime": {"datetime": "2024-01-19 02:01:10", "elapsed": 6577.810707, "delta": 0.005853}}
{"target": -13.758536900637669, "params": {"gamma": 721.7238612152653, "log10_alpha": 0.1989054685746879, "log10_colsample_bytree": 0.0, "log10_eta": -4.0, "log10_lambda": 1.0, "log10_min_child_weight": 4.4302159925180735, "log10_subsample": 0.0, "max_depth": 7.0, "num_boost_round": 7.0}, "datetime": {"datetime": "2024-01-19 02:01:10", "elapsed": 6577.816587, "delta": 0.00588}}
{"target": -13.758536732823922, "params": {"gamma": 721.7238612152653, "log10_alpha": 0.1989054685746879, "log10_colsample_bytree": 0.0, "log10_eta": -4.0, "log10_lambda": 1.0, "log10_min_child_weight": 4.4302159925180735, "log10_subsample": 0.0, "max_depth": 7.0, "num_boost_round": 8.0}, "datetime": {"datetime": "2024-01-19 02:01:10", "elapsed": 6577.822362, "delta": 0.005775}}
{"target": -13.758536581025515, "params": {"gamma": 721.7238612152653, "log10_alpha": 0.1989054685746879, "log10_colsample_bytree": 0.0, "log10_eta": -4.0, "log10_lambda": 1.0, "log10_min_child_weight": 4.4302159925180735, "log10_subsample": 0.0, "max_depth": 7.0, "num_boost_round": 9.0}, "datetime": {"datetime": "2024-01-19 02:01:10", "elapsed": 6577.828262, "delta": 0.0059}}
{"target": -13.758536402749145, "params": {"gamma": 721.7238612152653, "log10_alpha": 0.1989054685746879, "log10_colsample_bytree": 0.0, "log10_eta": -4.0, "log10_lambda": 1.0, "log10_min_child_weight": 4.4302159925180735, "log10_subsample": 0.0, "max_depth": 7.0, "num_boost_round": 10.0}, "datetime": {"datetime": "2024-01-19 02:01:10", "elapsed": 6577.834165, "delta": 0.005903}}
{"target": -13.758536249141075, "params": {"gamma": 721.7238612152653, "log10_alpha": 0.1989054685746879, "log10_colsample_bytree": 0.0, "log10_eta": -4.0, "log10_lambda": 1.0, "log10_min_child_weight": 4.4302159925180735, "log10_subsample": 0.0, "max_depth": 7.0, "num_boost_round": 11.0}, "datetime": {"datetime": "2024-01-19 02:01:10", "elapsed": 6577.840055, "delta": 0.00589}}
{"target": -13.758536064995067, "params": {"gamma": 721.7238612152653, "log10_alpha": 0.1989054685746879, "log10_colsample_bytree": 0.0, "log10_eta": -4.0, "log10_lambda": 1.0, "log10_min_child_weight": 4.4302159925180735, "log10_subsample": 0.0, "max_depth": 7.0, "num_boost_round": 12.0}, "datetime": {"datetime": "2024-01-19 02:01:10", "elapsed": 6577.846036, "delta": 0.005981}}
{"target": -13.758535892161174, "params": {"gamma": 721.7238612152653, "log10_alpha": 0.1989054685746879, "log10_colsample_bytree": 0.0, "log10_eta": -4.0, "log10_lambda": 1.0, "log10_min_child_weight": 4.4302159925180735, "log10_subsample": 0.0, "max_depth": 7.0, "num_boost_round": 13.0}, "datetime": {"datetime": "2024-01-19 02:01:10", "elapsed": 6577.852833, "delta": 0.006797}}
{"target": -13.758535736872094, "params": {"gamma": 721.7238612152653, "log10_alpha": 0.1989054685746879, "log10_colsample_bytree": 0.0, "log10_eta": -4.0, "log10_lambda": 1.0, "log10_min_child_weight": 4.4302159925180735, "log10_subsample": 0.0, "max_depth": 7.0, "num_boost_round": 14.0}, "datetime": {"datetime": "2024-01-19 02:01:10", "elapsed": 6577.859762, "delta": 0.006929}}
{"target": -13.758535568655011, "params": {"gamma": 721.7238612152653, "log10_alpha": 0.1989054685746879, "log10_colsample_bytree": 0.0, "log10_eta": -4.0, "log10_lambda": 1.0, "log10_min_child_weight": 4.4302159925180735, "log10_subsample": 0.0, "max_depth": 7.0, "num_boost_round": 15.0}, "datetime": {"datetime": "2024-01-19 02:01:10", "elapsed": 6577.865585, "delta": 0.005823}}
{"target": -13.758535434355231, "params": {"gamma": 721.7238612152653, "log10_alpha": 0.1989054685746879, "log10_colsample_bytree": 0.0, "log10_eta": -4.0, "log10_lambda": 1.0, "log10_min_child_weight": 4.4302159925180735, "log10_subsample": 0.0, "max_depth": 7.0, "num_boost_round": 16.0}, "datetime": {"datetime": "2024-01-19 02:01:10", "elapsed": 6577.871446, "delta": 0.005861}}
{"target": -13.758535263436206, "params": {"gamma": 721.7238612152653, "log10_alpha": 0.1989054685746879, "log10_colsample_bytree": 0.0, "log10_eta": -4.0, "log10_lambda": 1.0, "log10_min_child_weight": 4.4302159925180735, "log10_subsample": 0.0, "max_depth": 7.0, "num_boost_round": 17.0}, "datetime": {"datetime": "2024-01-19 02:01:10", "elapsed": 6577.877401, "delta": 0.005955}}
{"target": -13.758535117695459, "params": {"gamma": 721.7238612152653, "log10_alpha": 0.1989054685746879, "log10_colsample_bytree": 0.0, "log10_eta": -4.0, "log10_lambda": 1.0, "log10_min_child_weight": 4.4302159925180735, "log10_subsample": 0.0, "max_depth": 7.0, "num_boost_round": 18.0}, "datetime": {"datetime": "2024-01-19 02:01:10", "elapsed": 6577.883341, "delta": 0.00594}}
{"target": -13.758534951876094, "params": {"gamma": 721.7238612152653, "log10_alpha": 0.1989054685746879, "log10_colsample_bytree": 0.0, "log10_eta": -4.0, "log10_lambda": 1.0, "log10_min_child_weight": 4.4302159925180735, "log10_subsample": 0.0, "max_depth": 7.0, "num_boost_round": 19.0}, "datetime": {"datetime": "2024-01-19 02:01:10", "elapsed": 6577.889259, "delta": 0.005918}}
{"target": -13.758534792109813, "params": {"gamma": 721.7238612152653, "log10_alpha": 0.1989054685746879, "log10_colsample_bytree": 0.0, "log10_eta": -4.0, "log10_lambda": 1.0, "log10_min_child_weight": 4.4302159925180735, "log10_subsample": 0.0, "max_depth": 7.0, "num_boost_round": 20.0}, "datetime": {"datetime": "2024-01-19 02:01:10", "elapsed": 6577.895336, "delta": 0.006077}}
{"target": -13.758534650693433, "params": {"gamma": 721.7238612152653, "log10_alpha": 0.1989054685746879, "log10_colsample_bytree": 0.0, "log10_eta": -4.0, "log10_lambda": 1.0, "log10_min_child_weight": 4.4302159925180735, "log10_subsample": 0.0, "max_depth": 7.0, "num_boost_round": 21.0}, "datetime": {"datetime": "2024-01-19 02:01:10", "elapsed": 6577.90099, "delta": 0.005654}}
{"target": -13.75853448198373, "params": {"gamma": 721.7238612152653, "log10_alpha": 0.1989054685746879, "log10_colsample_bytree": 0.0, "log10_eta": -4.0, "log10_lambda": 1.0, "log10_min_child_weight": 4.4302159925180735, "log10_subsample": 0.0, "max_depth": 7.0, "num_boost_round": 22.0}, "datetime": {"datetime": "2024-01-19 02:01:10", "elapsed": 6577.906748, "delta": 0.005758}}
{"target": -13.758534342883024, "params": {"gamma": 721.7238612152653, "log10_alpha": 0.1989054685746879, "log10_colsample_bytree": 0.0, "log10_eta": -4.0, "log10_lambda": 1.0, "log10_min_child_weight": 4.4302159925180735, "log10_subsample": 0.0, "max_depth": 7.0, "num_boost_round": 23.0}, "datetime": {"datetime": "2024-01-19 02:01:10", "elapsed": 6577.912602, "delta": 0.005854}}
{"target": -13.758534194900463, "params": {"gamma": 721.7238612152653, "log10_alpha": 0.1989054685746879, "log10_colsample_bytree": 0.0, "log10_eta": -4.0, "log10_lambda": 1.0, "log10_min_child_weight": 4.4302159925180735, "log10_subsample": 0.0, "max_depth": 7.0, "num_boost_round": 24.0}, "datetime": {"datetime": "2024-01-19 02:01:10", "elapsed": 6577.918436, "delta": 0.005834}}
