{"target": -17.67695346628754, "params": {"gamma": 539.9511453458265, "log10_alpha": -1.099156360839983, "log10_colsample_bytree": -0.6561511485889465, "log10_eta": -3.252280435011613, "log10_lambda": -1.303451019121093, "log10_min_child_weight": 1.196604058446233, "log10_subsample": -0.3995484294663332, "max_depth": 5.0, "num_boost_round": 18.0}, "datetime": {"datetime": "2024-01-19 00:23:31", "elapsed": 709.045446, "delta": 0.001053}}
{"target": -17.67695823584051, "params": {"gamma": 539.9511453458265, "log10_alpha": -1.099156360839983, "log10_colsample_bytree": -0.6561511485889465, "log10_eta": -3.252280435011613, "log10_lambda": -1.303451019121093, "log10_min_child_weight": 1.196604058446233, "log10_subsample": -0.3995484294663332, "max_depth": 5.0, "num_boost_round": 19.0}, "datetime": {"datetime": "2024-01-19 00:23:31", "elapsed": 709.046497, "delta": 0.001051}}
{"target": -17.676927321475628, "params": {"gamma": 539.9511453458265, "log10_alpha": -1.099156360839983, "log10_colsample_bytree": -0.6561511485889465, "log10_eta": -3.252280435011613, "log10_lambda": -1.303451019121093, "log10_min_child_weight": 1.196604058446233, "log10_subsample": -0.3995484294663332, "max_depth": 5.0, "num_boost_round": 20.0}, "datetime": {"datetime": "2024-01-19 00:23:31", "elapsed": 709.047559, "delta": 0.001062}}
{"target": -17.676891479633216, "params": {"gamma": 539.9511453458265, "log10_alpha": -1.099156360839983, "log10_colsample_bytree": -0.6561511485889465, "log10_eta": -3.252280435011613, "log10_lambda": -1.303451019121093, "log10_min_child_weight": 1.196604058446233, "log10_subsample": -0.3995484294663332, "max_depth": 5.0, "num_boost_round": 21.0}, "datetime": {"datetime": "2024-01-19 00:23:31", "elapsed": 709.048617, "delta": 0.001058}}
{"target": -17.676850831079783, "params": {"gamma": 539.9511453458265, "log10_alpha": -1.099156360839983, "log10_colsample_bytree": -0.6561511485889465, "log10_eta": -3.252280435011613, "log10_lambda": -1.303451019121093, "log10_min_child_weight": 1.196604058446233, "log10_subsample": -0.3995484294663332, "max_depth": 5.0, "num_boost_round": 22.0}, "datetime": {"datetime": "2024-01-19 00:23:31", "elapsed": 709.049682, "delta": 0.001065}}
{"target": -17.67680971660861, "params": {"gamma": 539.9511453458265, "log10_alpha": -1.099156360839983, "log10_colsample_bytree": -0.6561511485889465, "log10_eta": -3.252280435011613, "log10_lambda": -1.303451019121093, "log10_min_child_weight": 1.196604058446233, "log10_subsample": -0.3995484294663332, "max_depth": 5.0, "num_boost_round": 23.0}, "datetime": {"datetime": "2024-01-19 00:23:31", "elapsed": 709.050839, "delta": 0.001157}}
{"target": -17.676810732895365, "params": {"gamma": 539.9511453458265, "log10_alpha": -1.099156360839983, "log10_colsample_bytree": -0.6561511485889465, "log10_eta": -3.252280435011613, "log10_lambda": -1.303451019121093, "log10_min_child_weight": 1.196604058446233, "log10_subsample": -0.3995484294663332, "max_depth": 5.0, "num_boost_round": 24.0}, "datetime": {"datetime": "2024-01-19 00:23:31", "elapsed": 709.051978, "delta": 0.001139}}
{"target": -17.67678731431036, "params": {"gamma": 539.9511453458265, "log10_alpha": -1.099156360839983, "log10_colsample_bytree": -0.6561511485889465, "log10_eta": -3.252280435011613, "log10_lambda": -1.303451019121093, "log10_min_child_weight": 1.196604058446233, "log10_subsample": -0.3995484294663332, "max_depth": 5.0, "num_boost_round": 25.0}, "datetime": {"datetime": "2024-01-19 00:23:31", "elapsed": 709.053049, "delta": 0.001071}}
{"target": -17.676765854171226, "params": {"gamma": 539.9511453458265, "log10_alpha": -1.099156360839983, "log10_colsample_bytree": -0.6561511485889465, "log10_eta": -3.252280435011613, "log10_lambda": -1.303451019121093, "log10_min_child_weight": 1.196604058446233, "log10_subsample": -0.3995484294663332, "max_depth": 5.0, "num_boost_round": 26.0}, "datetime": {"datetime": "2024-01-19 00:23:31", "elapsed": 709.054123, "delta": 0.001074}}
{"target": -17.676740460091835, "params": {"gamma": 539.9511453458265, "log10_alpha": -1.099156360839983, "log10_colsample_bytree": -0.6561511485889465, "log10_eta": -3.252280435011613, "log10_lambda": -1.303451019121093, "log10_min_child_weight": 1.196604058446233, "log10_subsample": -0.3995484294663332, "max_depth": 5.0, "num_boost_round": 27.0}, "datetime": {"datetime": "2024-01-19 00:23:31", "elapsed": 709.055221, "delta": 0.001098}}
{"target": -17.676717455031593, "params": {"gamma": 539.9511453458265, "log10_alpha": -1.099156360839983, "log10_colsample_bytree": -0.6561511485889465, "log10_eta": -3.252280435011613, "log10_lambda": -1.303451019121093, "log10_min_child_weight": 1.196604058446233, "log10_subsample": -0.3995484294663332, "max_depth": 5.0, "num_boost_round": 28.0}, "datetime": {"datetime": "2024-01-19 00:23:31", "elapsed": 709.056296, "delta": 0.001075}}
{"target": -17.676676325946698, "params": {"gamma": 539.9511453458265, "log10_alpha": -1.099156360839983, "log10_colsample_bytree": -0.6561511485889465, "log10_eta": -3.252280435011613, "log10_lambda": -1.303451019121093, "log10_min_child_weight": 1.196604058446233, "log10_subsample": -0.3995484294663332, "max_depth": 5.0, "num_boost_round": 29.0}, "datetime": {"datetime": "2024-01-19 00:23:31", "elapsed": 709.057365, "delta": 0.001069}}
{"target": -17.676673955706327, "params": {"gamma": 539.9511453458265, "log10_alpha": -1.099156360839983, "log10_colsample_bytree": -0.6561511485889465, "log10_eta": -3.252280435011613, "log10_lambda": -1.303451019121093, "log10_min_child_weight": 1.196604058446233, "log10_subsample": -0.3995484294663332, "max_depth": 5.0, "num_boost_round": 30.0}, "datetime": {"datetime": "2024-01-19 00:23:31", "elapsed": 709.058445, "delta": 0.00108}}
{"target": -17.67664163478205, "params": {"gamma": 539.9511453458265, "log10_alpha": -1.099156360839983, "log10_colsample_bytree": -0.6561511485889465, "log10_eta": -3.252280435011613, "log10_lambda": -1.303451019121093, "log10_min_child_weight": 1.196604058446233, "log10_subsample": -0.3995484294663332, "max_depth": 5.0, "num_boost_round": 31.0}, "datetime": {"datetime": "2024-01-19 00:23:31", "elapsed": 709.059518, "delta": 0.001073}}
{"target": -17.676619842814276, "params": {"gamma": 539.9511453458265, "log10_alpha": -1.099156360839983, "log10_colsample_bytree": -0.6561511485889465, "log10_eta": -3.252280435011613, "log10_lambda": -1.303451019121093, "log10_min_child_weight": 1.196604058446233, "log10_subsample": -0.3995484294663332, "max_depth": 5.0, "num_boost_round": 32.0}, "datetime": {"datetime": "2024-01-19 00:23:31", "elapsed": 709.060632, "delta": 0.001114}}
{"target": -17.676609166864548, "params": {"gamma": 539.9511453458265, "log10_alpha": -1.099156360839983, "log10_colsample_bytree": -0.6561511485889465, "log10_eta": -3.252280435011613, "log10_lambda": -1.303451019121093, "log10_min_child_weight": 1.196604058446233, "log10_subsample": -0.3995484294663332, "max_depth": 5.0, "num_boost_round": 33.0}, "datetime": {"datetime": "2024-01-19 00:23:31", "elapsed": 709.061719, "delta": 0.001087}}
{"target": -17.676579687813824, "params": {"gamma": 539.9511453458265, "log10_alpha": -1.099156360839983, "log10_colsample_bytree": -0.6561511485889465, "log10_eta": -3.252280435011613, "log10_lambda": -1.303451019121093, "log10_min_child_weight": 1.196604058446233, "log10_subsample": -0.3995484294663332, "max_depth": 5.0, "num_boost_round": 34.0}, "datetime": {"datetime": "2024-01-19 00:23:31", "elapsed": 709.062807, "delta": 0.001088}}
{"target": -17.676548471760043, "params": {"gamma": 539.9511453458265, "log10_alpha": -1.099156360839983, "log10_colsample_bytree": -0.6561511485889465, "log10_eta": -3.252280435011613, "log10_lambda": -1.303451019121093, "log10_min_child_weight": 1.196604058446233, "log10_subsample": -0.3995484294663332, "max_depth": 5.0, "num_boost_round": 35.0}, "datetime": {"datetime": "2024-01-19 00:23:31", "elapsed": 709.063887, "delta": 0.00108}}
{"target": -17.67985589762747, "params": {"gamma": 544.5798836938906, "log10_alpha": 0.09883055267282526, "log10_colsample_bytree": -0.10162669000350655, "log10_eta": -0.4784263540582865, "log10_lambda": -2.55133111410143, "log10_min_child_weight": 3.0591105593821006, "log10_subsample": -0.6327950967976417, "max_depth": 4.0, "num_boost_round": 0.0}, "datetime": {"datetime": "2024-01-19 00:24:00", "elapsed": 737.757279, "delta": 28.693392}}
{"target": -17.69009156529003, "params": {"gamma": 544.5798836938906, "log10_alpha": 0.09883055267282526, "log10_colsample_bytree": -0.10162669000350655, "log10_eta": -0.4784263540582865, "log10_lambda": -2.55133111410143, "log10_min_child_weight": 3.0591105593821006, "log10_subsample": -0.6327950967976417, "max_depth": 4.0, "num_boost_round": 1.0}, "datetime": {"datetime": "2024-01-19 00:24:00", "elapsed": 737.758537, "delta": 0.001258}}
{"target": -17.727814114647966, "params": {"gamma": 544.5798836938906, "log10_alpha": 0.09883055267282526, "log10_colsample_bytree": -0.10162669000350655, "log10_eta": -0.4784263540582865, "log10_lambda": -2.55133111410143, "log10_min_child_weight": 3.0591105593821006, "log10_subsample": -0.6327950967976417, "max_depth": 4.0, "num_boost_round": 2.0}, "datetime": {"datetime": "2024-01-19 00:24:00", "elapsed": 737.760125, "delta": 0.001588}}
{"target": -17.74351427183738, "params": {"gamma": 544.5798836938906, "log10_alpha": 0.09883055267282526, "log10_colsample_bytree": -0.10162669000350655, "log10_eta": -0.4784263540582865, "log10_lambda": -2.55133111410143, "log10_min_child_weight": 3.0591105593821006, "log10_subsample": -0.6327950967976417, "max_depth": 4.0, "num_boost_round": 3.0}, "datetime": {"datetime": "2024-01-19 00:24:00", "elapsed": 737.761236, "delta": 0.001111}}
{"target": -17.751755741268305, "params": {"gamma": 544.5798836938906, "log10_alpha": 0.09883055267282526, "log10_colsample_bytree": -0.10162669000350655, "log10_eta": -0.4784263540582865, "log10_lambda": -2.55133111410143, "log10_min_child_weight": 3.0591105593821006, "log10_subsample": -0.6327950967976417, "max_depth": 4.0, "num_boost_round": 4.0}, "datetime": {"datetime": "2024-01-19 00:24:00", "elapsed": 737.762459, "delta": 0.001223}}
{"target": -17.776100473484274, "params": {"gamma": 544.5798836938906, "log10_alpha": 0.09883055267282526, "log10_colsample_bytree": -0.10162669000350655, "log10_eta": -0.4784263540582865, "log10_lambda": -2.55133111410143, "log10_min_child_weight": 3.0591105593821006, "log10_subsample": -0.6327950967976417, "max_depth": 4.0, "num_boost_round": 5.0}, "datetime": {"datetime": "2024-01-19 00:24:00", "elapsed": 737.76356, "delta": 0.001101}}
{"target": -17.7722504758704, "params": {"gamma": 544.5798836938906, "log10_alpha": 0.09883055267282526, "log10_colsample_bytree": -0.10162669000350655, "log10_eta": -0.4784263540582865, "log10_lambda": -2.55133111410143, "log10_min_child_weight": 3.0591105593821006, "log10_subsample": -0.6327950967976417, "max_depth": 4.0, "num_boost_round": 6.0}, "datetime": {"datetime": "2024-01-19 00:24:00", "elapsed": 737.764925, "delta": 0.001365}}
{"target": -17.778906631213143, "params": {"gamma": 544.5798836938906, "log10_alpha": 0.09883055267282526, "log10_colsample_bytree": -0.10162669000350655, "log10_eta": -0.4784263540582865, "log10_lambda": -2.55133111410143, "log10_min_child_weight": 3.0591105593821006, "log10_subsample": -0.6327950967976417, "max_depth": 4.0, "num_boost_round": 7.0}, "datetime": {"datetime": "2024-01-19 00:24:00", "elapsed": 737.766048, "delta": 0.001123}}
{"target": -17.787161313922727, "params": {"gamma": 544.5798836938906, "log10_alpha": 0.09883055267282526, "log10_colsample_bytree": -0.10162669000350655, "log10_eta": -0.4784263540582865, "log10_lambda": -2.55133111410143, "log10_min_child_weight": 3.0591105593821006, "log10_subsample": -0.6327950967976417, "max_depth": 4.0, "num_boost_round": 8.0}, "datetime": {"datetime": "2024-01-19 00:24:00", "elapsed": 737.767184, "delta": 0.001136}}
{"target": -17.791973202200555, "params": {"gamma": 544.5798836938906, "log10_alpha": 0.09883055267282526, "log10_colsample_bytree": -0.10162669000350655, "log10_eta": -0.4784263540582865, "log10_lambda": -2.55133111410143, "log10_min_child_weight": 3.0591105593821006, "log10_subsample": -0.6327950967976417, "max_depth": 4.0, "num_boost_round": 9.0}, "datetime": {"datetime": "2024-01-19 00:24:00", "elapsed": 737.76829, "delta": 0.001106}}
{"target": -17.795917186166786, "params": {"gamma": 544.5798836938906, "log10_alpha": 0.09883055267282526, "log10_colsample_bytree": -0.10162669000350655, "log10_eta": -0.4784263540582865, "log10_lambda": -2.55133111410143, "log10_min_child_weight": 3.0591105593821006, "log10_subsample": -0.6327950967976417, "max_depth": 4.0, "num_boost_round": 10.0}, "datetime": {"datetime": "2024-01-19 00:24:00", "elapsed": 737.769513, "delta": 0.001223}}
{"target": -17.801969772800998, "params": {"gamma": 544.5798836938906, "log10_alpha": 0.09883055267282526, "log10_colsample_bytree": -0.10162669000350655, "log10_eta": -0.4784263540582865, "log10_lambda": -2.55133111410143, "log10_min_child_weight": 3.0591105593821006, "log10_subsample": -0.6327950967976417, "max_depth": 4.0, "num_boost_round": 11.0}, "datetime": {"datetime": "2024-01-19 00:24:00", "elapsed": 737.770612, "delta": 0.001099}}
{"target": -17.823566457960684, "params": {"gamma": 544.5798836938906, "log10_alpha": 0.09883055267282526, "log10_colsample_bytree": -0.10162669000350655, "log10_eta": -0.4784263540582865, "log10_lambda": -2.55133111410143, "log10_min_child_weight": 3.0591105593821006, "log10_subsample": -0.6327950967976417, "max_depth": 4.0, "num_boost_round": 12.0}, "datetime": {"datetime": "2024-01-19 00:24:00", "elapsed": 737.771726, "delta": 0.001114}}
{"target": -17.829977953922, "params": {"gamma": 544.5798836938906, "log10_alpha": 0.09883055267282526, "log10_colsample_bytree": -0.10162669000350655, "log10_eta": -0.4784263540582865, "log10_lambda": -2.55133111410143, "log10_min_child_weight": 3.0591105593821006, "log10_subsample": -0.6327950967976417, "max_depth": 4.0, "num_boost_round": 13.0}, "datetime": {"datetime": "2024-01-19 00:24:00", "elapsed": 737.772876, "delta": 0.00115}}
{"target": -17.8337629861263, "params": {"gamma": 544.5798836938906, "log10_alpha": 0.09883055267282526, "log10_colsample_bytree": -0.10162669000350655, "log10_eta": -0.4784263540582865, "log10_lambda": -2.55133111410143, "log10_min_child_weight": 3.0591105593821006, "log10_subsample": -0.6327950967976417, "max_depth": 4.0, "num_boost_round": 14.0}, "datetime": {"datetime": "2024-01-19 00:24:00", "elapsed": 737.77398, "delta": 0.001104}}
{"target": -17.845817143633106, "params": {"gamma": 544.5798836938906, "log10_alpha": 0.09883055267282526, "log10_colsample_bytree": -0.10162669000350655, "log10_eta": -0.4784263540582865, "log10_lambda": -2.55133111410143, "log10_min_child_weight": 3.0591105593821006, "log10_subsample": -0.6327950967976417, "max_depth": 4.0, "num_boost_round": 15.0}, "datetime": {"datetime": "2024-01-19 00:24:00", "elapsed": 737.775078, "delta": 0.001098}}
{"target": -17.847682215187266, "params": {"gamma": 544.5798836938906, "log10_alpha": 0.09883055267282526, "log10_colsample_bytree": -0.10162669000350655, "log10_eta": -0.4784263540582865, "log10_lambda": -2.55133111410143, "log10_min_child_weight": 3.0591105593821006, "log10_subsample": -0.6327950967976417, "max_depth": 4.0, "num_boost_round": 16.0}, "datetime": {"datetime": "2024-01-19 00:24:00", "elapsed": 737.776187, "delta": 0.001109}}
{"target": -17.85262048810876, "params": {"gamma": 544.5798836938906, "log10_alpha": 0.09883055267282526, "log10_colsample_bytree": -0.10162669000350655, "log10_eta": -0.4784263540582865, "log10_lambda": -2.55133111410143, "log10_min_child_weight": 3.0591105593821006, "log10_subsample": -0.6327950967976417, "max_depth": 4.0, "num_boost_round": 17.0}, "datetime": {"datetime": "2024-01-19 00:24:00", "elapsed": 737.777291, "delta": 0.001104}}
{"target": -17.857512137084758, "params": {"gamma": 544.5798836938906, "log10_alpha": 0.09883055267282526, "log10_colsample_bytree": -0.10162669000350655, "log10_eta": -0.4784263540582865, "log10_lambda": -2.55133111410143, "log10_min_child_weight": 3.0591105593821006, "log10_subsample": -0.6327950967976417, "max_depth": 4.0, "num_boost_round": 18.0}, "datetime": {"datetime": "2024-01-19 00:24:00", "elapsed": 737.778411, "delta": 0.00112}}
{"target": -17.856778531786933, "params": {"gamma": 544.5798836938906, "log10_alpha": 0.09883055267282526, "log10_colsample_bytree": -0.10162669000350655, "log10_eta": -0.4784263540582865, "log10_lambda": -2.55133111410143, "log10_min_child_weight": 3.0591105593821006, "log10_subsample": -0.6327950967976417, "max_depth": 4.0, "num_boost_round": 19.0}, "datetime": {"datetime": "2024-01-19 00:24:00", "elapsed": 737.77953, "delta": 0.001119}}
{"target": -17.90611984419926, "params": {"gamma": 544.5798836938906, "log10_alpha": 0.09883055267282526, "log10_colsample_bytree": -0.10162669000350655, "log10_eta": -0.4784263540582865, "log10_lambda": -2.55133111410143, "log10_min_child_weight": 3.0591105593821006, "log10_subsample": -0.6327950967976417, "max_depth": 4.0, "num_boost_round": 20.0}, "datetime": {"datetime": "2024-01-19 00:24:00", "elapsed": 737.780772, "delta": 0.001242}}
{"target": -17.903520158689204, "params": {"gamma": 544.5798836938906, "log10_alpha": 0.09883055267282526, "log10_colsample_bytree": -0.10162669000350655, "log10_eta": -0.4784263540582865, "log10_lambda": -2.55133111410143, "log10_min_child_weight": 3.0591105593821006, "log10_subsample": -0.6327950967976417, "max_depth": 4.0, "num_boost_round": 21.0}, "datetime": {"datetime": "2024-01-19 00:24:00", "elapsed": 737.781941, "delta": 0.001169}}
{"target": -17.924278381450318, "params": {"gamma": 544.5798836938906, "log10_alpha": 0.09883055267282526, "log10_colsample_bytree": -0.10162669000350655, "log10_eta": -0.4784263540582865, "log10_lambda": -2.55133111410143, "log10_min_child_weight": 3.0591105593821006, "log10_subsample": -0.6327950967976417, "max_depth": 4.0, "num_boost_round": 22.0}, "datetime": {"datetime": "2024-01-19 00:24:00", "elapsed": 737.783063, "delta": 0.001122}}
{"target": -17.986706701075324, "params": {"gamma": 544.5798836938906, "log10_alpha": 0.09883055267282526, "log10_colsample_bytree": -0.10162669000350655, "log10_eta": -0.4784263540582865, "log10_lambda": -2.55133111410143, "log10_min_child_weight": 3.0591105593821006, "log10_subsample": -0.6327950967976417, "max_depth": 4.0, "num_boost_round": 23.0}, "datetime": {"datetime": "2024-01-19 00:24:00", "elapsed": 737.784231, "delta": 0.001168}}
{"target": -17.990776003045912, "params": {"gamma": 544.5798836938906, "log10_alpha": 0.09883055267282526, "log10_colsample_bytree": -0.10162669000350655, "log10_eta": -0.4784263540582865, "log10_lambda": -2.55133111410143, "log10_min_child_weight": 3.0591105593821006, "log10_subsample": -0.6327950967976417, "max_depth": 4.0, "num_boost_round": 24.0}, "datetime": {"datetime": "2024-01-19 00:24:00", "elapsed": 737.785355, "delta": 0.001124}}
{"target": -18.00505281390736, "params": {"gamma": 544.5798836938906, "log10_alpha": 0.09883055267282526, "log10_colsample_bytree": -0.10162669000350655, "log10_eta": -0.4784263540582865, "log10_lambda": -2.55133111410143, "log10_min_child_weight": 3.0591105593821006, "log10_subsample": -0.6327950967976417, "max_depth": 4.0, "num_boost_round": 25.0}, "datetime": {"datetime": "2024-01-19 00:24:00", "elapsed": 737.786488, "delta": 0.001133}}
{"target": -18.017857984149334, "params": {"gamma": 544.5798836938906, "log10_alpha": 0.09883055267282526, "log10_colsample_bytree": -0.10162669000350655, "log10_eta": -0.4784263540582865, "log10_lambda": -2.55133111410143, "log10_min_child_weight": 3.0591105593821006, "log10_subsample": -0.6327950967976417, "max_depth": 4.0, "num_boost_round": 26.0}, "datetime": {"datetime": "2024-01-19 00:24:00", "elapsed": 737.787615, "delta": 0.001127}}
{"target": -18.019729026657924, "params": {"gamma": 544.5798836938906, "log10_alpha": 0.09883055267282526, "log10_colsample_bytree": -0.10162669000350655, "log10_eta": -0.4784263540582865, "log10_lambda": -2.55133111410143, "log10_min_child_weight": 3.0591105593821006, "log10_subsample": -0.6327950967976417, "max_depth": 4.0, "num_boost_round": 27.0}, "datetime": {"datetime": "2024-01-19 00:24:00", "elapsed": 737.788747, "delta": 0.001132}}
{"target": -18.01993809597088, "params": {"gamma": 544.5798836938906, "log10_alpha": 0.09883055267282526, "log10_colsample_bytree": -0.10162669000350655, "log10_eta": -0.4784263540582865, "log10_lambda": -2.55133111410143, "log10_min_child_weight": 3.0591105593821006, "log10_subsample": -0.6327950967976417, "max_depth": 4.0, "num_boost_round": 28.0}, "datetime": {"datetime": "2024-01-19 00:24:00", "elapsed": 737.789982, "delta": 0.001235}}
{"target": -18.023127379812653, "params": {"gamma": 544.5798836938906, "log10_alpha": 0.09883055267282526, "log10_colsample_bytree": -0.10162669000350655, "log10_eta": -0.4784263540582865, "log10_lambda": -2.55133111410143, "log10_min_child_weight": 3.0591105593821006, "log10_subsample": -0.6327950967976417, "max_depth": 4.0, "num_boost_round": 29.0}, "datetime": {"datetime": "2024-01-19 00:24:00", "elapsed": 737.791139, "delta": 0.001157}}
{"target": -18.03566563034782, "params": {"gamma": 544.5798836938906, "log10_alpha": 0.09883055267282526, "log10_colsample_bytree": -0.10162669000350655, "log10_eta": -0.4784263540582865, "log10_lambda": -2.55133111410143, "log10_min_child_weight": 3.0591105593821006, "log10_subsample": -0.6327950967976417, "max_depth": 4.0, "num_boost_round": 30.0}, "datetime": {"datetime": "2024-01-19 00:24:00", "elapsed": 737.792316, "delta": 0.001177}}
