{"target": -13.757029262079593, "params": {"gamma": 968.5754560719909, "log10_alpha": -1.7879907792272558, "log10_colsample_bytree": -0.7080743747711016, "log10_eta": -1.4934339935616423, "log10_lambda": -3.0620339551868767, "log10_min_child_weight": 1.5047041729145723, "log10_subsample": -0.3316459126366992, "max_depth": 4.0, "num_boost_round": 2.0}, "datetime": {"datetime": "2024-01-19 00:13:03", "elapsed": 84.13291, "delta": 0.000312}}
{"target": -13.756381853870309, "params": {"gamma": 968.5754560719909, "log10_alpha": -1.7879907792272558, "log10_colsample_bytree": -0.7080743747711016, "log10_eta": -1.4934339935616423, "log10_lambda": -3.0620339551868767, "log10_min_child_weight": 1.5047041729145723, "log10_subsample": -0.3316459126366992, "max_depth": 4.0, "num_boost_round": 3.0}, "datetime": {"datetime": "2024-01-19 00:13:03", "elapsed": 84.133216, "delta": 0.000306}}
{"target": -13.756712908538512, "params": {"gamma": 968.5754560719909, "log10_alpha": -1.7879907792272558, "log10_colsample_bytree": -0.7080743747711016, "log10_eta": -1.4934339935616423, "log10_lambda": -3.0620339551868767, "log10_min_child_weight": 1.5047041729145723, "log10_subsample": -0.3316459126366992, "max_depth": 4.0, "num_boost_round": 4.0}, "datetime": {"datetime": "2024-01-19 00:13:03", "elapsed": 84.133507, "delta": 0.000291}}
{"target": -13.75568954416755, "params": {"gamma": 968.5754560719909, "log10_alpha": -1.7879907792272558, "log10_colsample_bytree": -0.7080743747711016, "log10_eta": -1.4934339935616423, "log10_lambda": -3.0620339551868767, "log10_min_child_weight": 1.5047041729145723, "log10_subsample": -0.3316459126366992, "max_depth": 4.0, "num_boost_round": 5.0}, "datetime": {"datetime": "2024-01-19 00:13:03", "elapsed": 84.133796, "delta": 0.000289}}
{"target": -13.755795839587702, "params": {"gamma": 968.5754560719909, "log10_alpha": -1.7879907792272558, "log10_colsample_bytree": -0.7080743747711016, "log10_eta": -1.4934339935616423, "log10_lambda": -3.0620339551868767, "log10_min_child_weight": 1.5047041729145723, "log10_subsample": -0.3316459126366992, "max_depth": 4.0, "num_boost_round": 6.0}, "datetime": {"datetime": "2024-01-19 00:13:03", "elapsed": 84.134364, "delta": 0.000568}}
{"target": -13.755682585738416, "params": {"gamma": 968.5754560719909, "log10_alpha": -1.7879907792272558, "log10_colsample_bytree": -0.7080743747711016, "log10_eta": -1.4934339935616423, "log10_lambda": -3.0620339551868767, "log10_min_child_weight": 1.5047041729145723, "log10_subsample": -0.3316459126366992, "max_depth": 4.0, "num_boost_round": 7.0}, "datetime": {"datetime": "2024-01-19 00:13:03", "elapsed": 84.134792, "delta": 0.000428}}
{"target": -13.75598896099092, "params": {"gamma": 968.5754560719909, "log10_alpha": -1.7879907792272558, "log10_colsample_bytree": -0.7080743747711016, "log10_eta": -1.4934339935616423, "log10_lambda": -3.0620339551868767, "log10_min_child_weight": 1.5047041729145723, "log10_subsample": -0.3316459126366992, "max_depth": 4.0, "num_boost_round": 8.0}, "datetime": {"datetime": "2024-01-19 00:13:03", "elapsed": 84.135104, "delta": 0.000312}}
{"target": -13.755929950299477, "params": {"gamma": 968.5754560719909, "log10_alpha": -1.7879907792272558, "log10_colsample_bytree": -0.7080743747711016, "log10_eta": -1.4934339935616423, "log10_lambda": -3.0620339551868767, "log10_min_child_weight": 1.5047041729145723, "log10_subsample": -0.3316459126366992, "max_depth": 4.0, "num_boost_round": 9.0}, "datetime": {"datetime": "2024-01-19 00:13:03", "elapsed": 84.135507, "delta": 0.000403}}
{"target": -13.756144986106, "params": {"gamma": 968.5754560719909, "log10_alpha": -1.7879907792272558, "log10_colsample_bytree": -0.7080743747711016, "log10_eta": -1.4934339935616423, "log10_lambda": -3.0620339551868767, "log10_min_child_weight": 1.5047041729145723, "log10_subsample": -0.3316459126366992, "max_depth": 4.0, "num_boost_round": 10.0}, "datetime": {"datetime": "2024-01-19 00:13:03", "elapsed": 84.13581, "delta": 0.000303}}
{"target": -13.756264136201464, "params": {"gamma": 968.5754560719909, "log10_alpha": -1.7879907792272558, "log10_colsample_bytree": -0.7080743747711016, "log10_eta": -1.4934339935616423, "log10_lambda": -3.0620339551868767, "log10_min_child_weight": 1.5047041729145723, "log10_subsample": -0.3316459126366992, "max_depth": 4.0, "num_boost_round": 11.0}, "datetime": {"datetime": "2024-01-19 00:13:03", "elapsed": 84.136217, "delta": 0.000407}}
{"target": -13.756610737714245, "params": {"gamma": 968.5754560719909, "log10_alpha": -1.7879907792272558, "log10_colsample_bytree": -0.7080743747711016, "log10_eta": -1.4934339935616423, "log10_lambda": -3.0620339551868767, "log10_min_child_weight": 1.5047041729145723, "log10_subsample": -0.3316459126366992, "max_depth": 4.0, "num_boost_round": 12.0}, "datetime": {"datetime": "2024-01-19 00:13:03", "elapsed": 84.136521, "delta": 0.000304}}
{"target": -13.756784358047366, "params": {"gamma": 968.5754560719909, "log10_alpha": -1.7879907792272558, "log10_colsample_bytree": -0.7080743747711016, "log10_eta": -1.4934339935616423, "log10_lambda": -3.0620339551868767, "log10_min_child_weight": 1.5047041729145723, "log10_subsample": -0.3316459126366992, "max_depth": 4.0, "num_boost_round": 13.0}, "datetime": {"datetime": "2024-01-19 00:13:03", "elapsed": 84.136817, "delta": 0.000296}}
{"target": -13.757417954456002, "params": {"gamma": 968.5754560719909, "log10_alpha": -1.7879907792272558, "log10_colsample_bytree": -0.7080743747711016, "log10_eta": -1.4934339935616423, "log10_lambda": -3.0620339551868767, "log10_min_child_weight": 1.5047041729145723, "log10_subsample": -0.3316459126366992, "max_depth": 4.0, "num_boost_round": 14.0}, "datetime": {"datetime": "2024-01-19 00:13:03", "elapsed": 84.137116, "delta": 0.000299}}
{"target": -13.767061666373367, "params": {"gamma": 969.9770989634072, "log10_alpha": 0.2790010694404934, "log10_colsample_bytree": -0.20181126689030704, "log10_eta": -0.2848324696350817, "log10_lambda": -2.5989425201601506, "log10_min_child_weight": 4.519625375505152, "log10_subsample": -0.3474520942948779, "max_depth": 2.0, "num_boost_round": 0.0}, "datetime": {"datetime": "2024-01-19 00:13:21", "elapsed": 102.199892, "delta": 18.062776}}
{"target": -13.771723085554806, "params": {"gamma": 969.9770989634072, "log10_alpha": 0.2790010694404934, "log10_colsample_bytree": -0.20181126689030704, "log10_eta": -0.2848324696350817, "log10_lambda": -2.5989425201601506, "log10_min_child_weight": 4.519625375505152, "log10_subsample": -0.3474520942948779, "max_depth": 2.0, "num_boost_round": 1.0}, "datetime": {"datetime": "2024-01-19 00:13:21", "elapsed": 102.200337, "delta": 0.000445}}
{"target": -13.776460778949222, "params": {"gamma": 969.9770989634072, "log10_alpha": 0.2790010694404934, "log10_colsample_bytree": -0.20181126689030704, "log10_eta": -0.2848324696350817, "log10_lambda": -2.5989425201601506, "log10_min_child_weight": 4.519625375505152, "log10_subsample": -0.3474520942948779, "max_depth": 2.0, "num_boost_round": 2.0}, "datetime": {"datetime": "2024-01-19 00:13:21", "elapsed": 102.200659, "delta": 0.000322}}
{"target": -13.776678943760139, "params": {"gamma": 969.9770989634072, "log10_alpha": 0.2790010694404934, "log10_colsample_bytree": -0.20181126689030704, "log10_eta": -0.2848324696350817, "log10_lambda": -2.5989425201601506, "log10_min_child_weight": 4.519625375505152, "log10_subsample": -0.3474520942948779, "max_depth": 2.0, "num_boost_round": 3.0}, "datetime": {"datetime": "2024-01-19 00:13:21", "elapsed": 102.20098, "delta": 0.000321}}
{"target": -13.777993750387965, "params": {"gamma": 969.9770989634072, "log10_alpha": 0.2790010694404934, "log10_colsample_bytree": -0.20181126689030704, "log10_eta": -0.2848324696350817, "log10_lambda": -2.5989425201601506, "log10_min_child_weight": 4.519625375505152, "log10_subsample": -0.3474520942948779, "max_depth": 2.0, "num_boost_round": 4.0}, "datetime": {"datetime": "2024-01-19 00:13:21", "elapsed": 102.201296, "delta": 0.000316}}
{"target": -13.777819038413321, "params": {"gamma": 969.9770989634072, "log10_alpha": 0.2790010694404934, "log10_colsample_bytree": -0.20181126689030704, "log10_eta": -0.2848324696350817, "log10_lambda": -2.5989425201601506, "log10_min_child_weight": 4.519625375505152, "log10_subsample": -0.3474520942948779, "max_depth": 2.0, "num_boost_round": 5.0}, "datetime": {"datetime": "2024-01-19 00:13:21", "elapsed": 102.201603, "delta": 0.000307}}
{"target": -13.780050866884709, "params": {"gamma": 969.9770989634072, "log10_alpha": 0.2790010694404934, "log10_colsample_bytree": -0.20181126689030704, "log10_eta": -0.2848324696350817, "log10_lambda": -2.5989425201601506, "log10_min_child_weight": 4.519625375505152, "log10_subsample": -0.3474520942948779, "max_depth": 2.0, "num_boost_round": 6.0}, "datetime": {"datetime": "2024-01-19 00:13:21", "elapsed": 102.20191, "delta": 0.000307}}
{"target": -13.78166276870138, "params": {"gamma": 969.9770989634072, "log10_alpha": 0.2790010694404934, "log10_colsample_bytree": -0.20181126689030704, "log10_eta": -0.2848324696350817, "log10_lambda": -2.5989425201601506, "log10_min_child_weight": 4.519625375505152, "log10_subsample": -0.3474520942948779, "max_depth": 2.0, "num_boost_round": 7.0}, "datetime": {"datetime": "2024-01-19 00:13:21", "elapsed": 102.202813, "delta": 0.000903}}
{"target": -13.78251742575849, "params": {"gamma": 969.9770989634072, "log10_alpha": 0.2790010694404934, "log10_colsample_bytree": -0.20181126689030704, "log10_eta": -0.2848324696350817, "log10_lambda": -2.5989425201601506, "log10_min_child_weight": 4.519625375505152, "log10_subsample": -0.3474520942948779, "max_depth": 2.0, "num_boost_round": 8.0}, "datetime": {"datetime": "2024-01-19 00:13:21", "elapsed": 102.203177, "delta": 0.000364}}
{"target": -13.783893391437946, "params": {"gamma": 969.9770989634072, "log10_alpha": 0.2790010694404934, "log10_colsample_bytree": -0.20181126689030704, "log10_eta": -0.2848324696350817, "log10_lambda": -2.5989425201601506, "log10_min_child_weight": 4.519625375505152, "log10_subsample": -0.3474520942948779, "max_depth": 2.0, "num_boost_round": 9.0}, "datetime": {"datetime": "2024-01-19 00:13:21", "elapsed": 102.203501, "delta": 0.000324}}
{"target": -13.78381452535121, "params": {"gamma": 969.9770989634072, "log10_alpha": 0.2790010694404934, "log10_colsample_bytree": -0.20181126689030704, "log10_eta": -0.2848324696350817, "log10_lambda": -2.5989425201601506, "log10_min_child_weight": 4.519625375505152, "log10_subsample": -0.3474520942948779, "max_depth": 2.0, "num_boost_round": 10.0}, "datetime": {"datetime": "2024-01-19 00:13:21", "elapsed": 102.203818, "delta": 0.000317}}
{"target": -13.758463235193593, "params": {"gamma": 970.2034207569194, "log10_alpha": -4.07701107220388, "log10_colsample_bytree": -0.1401082872731303, "log10_eta": -2.4202884249999164, "log10_lambda": -3.8569291684024707, "log10_min_child_weight": 1.373464171439801, "log10_subsample": -0.9248525417685933, "max_depth": 3.0, "num_boost_round": 0.0}, "datetime": {"datetime": "2024-01-19 00:13:39", "elapsed": 120.689059, "delta": 18.485241}}
{"target": -13.758392954190384, "params": {"gamma": 970.2034207569194, "log10_alpha": -4.07701107220388, "log10_colsample_bytree": -0.1401082872731303, "log10_eta": -2.4202884249999164, "log10_lambda": -3.8569291684024707, "log10_min_child_weight": 1.373464171439801, "log10_subsample": -0.9248525417685933, "max_depth": 3.0, "num_boost_round": 1.0}, "datetime": {"datetime": "2024-01-19 00:13:39", "elapsed": 120.689509, "delta": 0.00045}}
{"target": -13.758400279349452, "params": {"gamma": 970.2034207569194, "log10_alpha": -4.07701107220388, "log10_colsample_bytree": -0.1401082872731303, "log10_eta": -2.4202884249999164, "log10_lambda": -3.8569291684024707, "log10_min_child_weight": 1.373464171439801, "log10_subsample": -0.9248525417685933, "max_depth": 3.0, "num_boost_round": 2.0}, "datetime": {"datetime": "2024-01-19 00:13:39", "elapsed": 120.689852, "delta": 0.000343}}
{"target": -13.758412400985454, "params": {"gamma": 970.2034207569194, "log10_alpha": -4.07701107220388, "log10_colsample_bytree": -0.1401082872731303, "log10_eta": -2.4202884249999164, "log10_lambda": -3.8569291684024707, "log10_min_child_weight": 1.373464171439801, "log10_subsample": -0.9248525417685933, "max_depth": 3.0, "num_boost_round": 3.0}, "datetime": {"datetime": "2024-01-19 00:13:39", "elapsed": 120.690193, "delta": 0.000341}}
{"target": -13.758297588567837, "params": {"gamma": 970.2034207569194, "log10_alpha": -4.07701107220388, "log10_colsample_bytree": -0.1401082872731303, "log10_eta": -2.4202884249999164, "log10_lambda": -3.8569291684024707, "log10_min_child_weight": 1.373464171439801, "log10_subsample": -0.9248525417685933, "max_depth": 3.0, "num_boost_round": 4.0}, "datetime": {"datetime": "2024-01-19 00:13:39", "elapsed": 120.690518, "delta": 0.000325}}
{"target": -13.758264658394868, "params": {"gamma": 970.2034207569194, "log10_alpha": -4.07701107220388, "log10_colsample_bytree": -0.1401082872731303, "log10_eta": -2.4202884249999164, "log10_lambda": -3.8569291684024707, "log10_min_child_weight": 1.373464171439801, "log10_subsample": -0.9248525417685933, "max_depth": 3.0, "num_boost_round": 5.0}, "datetime": {"datetime": "2024-01-19 00:13:39", "elapsed": 120.690865, "delta": 0.000347}}
{"target": -13.758228657494996, "params": {"gamma": 970.2034207569194, "log10_alpha": -4.07701107220388, "log10_colsample_bytree": -0.1401082872731303, "log10_eta": -2.4202884249999164, "log10_lambda": -3.8569291684024707, "log10_min_child_weight": 1.373464171439801, "log10_subsample": -0.9248525417685933, "max_depth": 3.0, "num_boost_round": 6.0}, "datetime": {"datetime": "2024-01-19 00:13:39", "elapsed": 120.691209, "delta": 0.000344}}
{"target": -13.758202933678236, "params": {"gamma": 970.2034207569194, "log10_alpha": -4.07701107220388, "log10_colsample_bytree": -0.1401082872731303, "log10_eta": -2.4202884249999164, "log10_lambda": -3.8569291684024707, "log10_min_child_weight": 1.373464171439801, "log10_subsample": -0.9248525417685933, "max_depth": 3.0, "num_boost_round": 7.0}, "datetime": {"datetime": "2024-01-19 00:13:39", "elapsed": 120.691981, "delta": 0.000772}}
{"target": -13.758199816156623, "params": {"gamma": 970.2034207569194, "log10_alpha": -4.07701107220388, "log10_colsample_bytree": -0.1401082872731303, "log10_eta": -2.4202884249999164, "log10_lambda": -3.8569291684024707, "log10_min_child_weight": 1.373464171439801, "log10_subsample": -0.9248525417685933, "max_depth": 3.0, "num_boost_round": 8.0}, "datetime": {"datetime": "2024-01-19 00:13:39", "elapsed": 120.692319, "delta": 0.000338}}
{"target": -13.75817113289595, "params": {"gamma": 970.2034207569194, "log10_alpha": -4.07701107220388, "log10_colsample_bytree": -0.1401082872731303, "log10_eta": -2.4202884249999164, "log10_lambda": -3.8569291684024707, "log10_min_child_weight": 1.373464171439801, "log10_subsample": -0.9248525417685933, "max_depth": 3.0, "num_boost_round": 9.0}, "datetime": {"datetime": "2024-01-19 00:13:39", "elapsed": 120.692649, "delta": 0.00033}}
{"target": -13.75814687784699, "params": {"gamma": 970.2034207569194, "log10_alpha": -4.07701107220388, "log10_colsample_bytree": -0.1401082872731303, "log10_eta": -2.4202884249999164, "log10_lambda": -3.8569291684024707, "log10_min_child_weight": 1.373464171439801, "log10_subsample": -0.9248525417685933, "max_depth": 3.0, "num_boost_round": 10.0}, "datetime": {"datetime": "2024-01-19 00:13:39", "elapsed": 120.692985, "delta": 0.000336}}
{"target": -13.758010662489434, "params": {"gamma": 970.2034207569194, "log10_alpha": -4.07701107220388, "log10_colsample_bytree": -0.1401082872731303, "log10_eta": -2.4202884249999164, "log10_lambda": -3.8569291684024707, "log10_min_child_weight": 1.373464171439801, "log10_subsample": -0.9248525417685933, "max_depth": 3.0, "num_boost_round": 11.0}, "datetime": {"datetime": "2024-01-19 00:13:39", "elapsed": 120.693319, "delta": 0.000334}}
{"target": -13.758531537690837, "params": {"gamma": 973.436763748229, "log10_alpha": -3.413795653115736, "log10_colsample_bytree": -0.926643497028245, "log10_eta": -3.351944111643943, "log10_lambda": -3.6276198993991957, "log10_min_child_weight": 1.0236277955778816, "log10_subsample": -0.27420440211380337, "max_depth": 2.0, "num_boost_round": 0.0}, "datetime": {"datetime": "2024-01-19 00:13:58", "elapsed": 139.229363, "delta": 18.536044}}
{"target": -13.758529850229191, "params": {"gamma": 973.436763748229, "log10_alpha": -3.413795653115736, "log10_colsample_bytree": -0.926643497028245, "log10_eta": -3.351944111643943, "log10_lambda": -3.6276198993991957, "log10_min_child_weight": 1.0236277955778816, "log10_subsample": -0.27420440211380337, "max_depth": 2.0, "num_boost_round": 1.0}, "datetime": {"datetime": "2024-01-19 00:13:58", "elapsed": 139.230083, "delta": 0.00072}}
{"target": -13.758526035566176, "params": {"gamma": 973.436763748229, "log10_alpha": -3.413795653115736, "log10_colsample_bytree": -0.926643497028245, "log10_eta": -3.351944111643943, "log10_lambda": -3.6276198993991957, "log10_min_child_weight": 1.0236277955778816, "log10_subsample": -0.27420440211380337, "max_depth": 2.0, "num_boost_round": 2.0}, "datetime": {"datetime": "2024-01-19 00:13:58", "elapsed": 139.23045, "delta": 0.000367}}
{"target": -13.758528545791966, "params": {"gamma": 973.436763748229, "log10_alpha": -3.413795653115736, "log10_colsample_bytree": -0.926643497028245, "log10_eta": -3.351944111643943, "log10_lambda": -3.6276198993991957, "log10_min_child_weight": 1.0236277955778816, "log10_subsample": -0.27420440211380337, "max_depth": 2.0, "num_boost_round": 3.0}, "datetime": {"datetime": "2024-01-19 00:13:58", "elapsed": 139.230802, "delta": 0.000352}}
{"target": -13.758526777327358, "params": {"gamma": 973.436763748229, "log10_alpha": -3.413795653115736, "log10_colsample_bytree": -0.926643497028245, "log10_eta": -3.351944111643943, "log10_lambda": -3.6276198993991957, "log10_min_child_weight": 1.0236277955778816, "log10_subsample": -0.27420440211380337, "max_depth": 2.0, "num_boost_round": 4.0}, "datetime": {"datetime": "2024-01-19 00:13:58", "elapsed": 139.23115, "delta": 0.000348}}
{"target": -13.758523043448116, "params": {"gamma": 973.436763748229, "log10_alpha": -3.413795653115736, "log10_colsample_bytree": -0.926643497028245, "log10_eta": -3.351944111643943, "log10_lambda": -3.6276198993991957, "log10_min_child_weight": 1.0236277955778816, "log10_subsample": -0.27420440211380337, "max_depth": 2.0, "num_boost_round": 5.0}, "datetime": {"datetime": "2024-01-19 00:13:58", "elapsed": 139.231493, "delta": 0.000343}}
{"target": -13.758519948559364, "params": {"gamma": 973.436763748229, "log10_alpha": -3.413795653115736, "log10_colsample_bytree": -0.926643497028245, "log10_eta": -3.351944111643943, "log10_lambda": -3.6276198993991957, "log10_min_child_weight": 1.0236277955778816, "log10_subsample": -0.27420440211380337, "max_depth": 2.0, "num_boost_round": 6.0}, "datetime": {"datetime": "2024-01-19 00:13:58", "elapsed": 139.231834, "delta": 0.000341}}
{"target": -13.758515207035334, "params": {"gamma": 973.436763748229, "log10_alpha": -3.413795653115736, "log10_colsample_bytree": -0.926643497028245, "log10_eta": -3.351944111643943, "log10_lambda": -3.6276198993991957, "log10_min_child_weight": 1.0236277955778816, "log10_subsample": -0.27420440211380337, "max_depth": 2.0, "num_boost_round": 7.0}, "datetime": {"datetime": "2024-01-19 00:13:58", "elapsed": 139.232289, "delta": 0.000455}}
{"target": -13.758519246607486, "params": {"gamma": 973.436763748229, "log10_alpha": -3.413795653115736, "log10_colsample_bytree": -0.926643497028245, "log10_eta": -3.351944111643943, "log10_lambda": -3.6276198993991957, "log10_min_child_weight": 1.0236277955778816, "log10_subsample": -0.27420440211380337, "max_depth": 2.0, "num_boost_round": 8.0}, "datetime": {"datetime": "2024-01-19 00:13:58", "elapsed": 139.23263, "delta": 0.000341}}
{"target": -13.758515550277012, "params": {"gamma": 973.436763748229, "log10_alpha": -3.413795653115736, "log10_colsample_bytree": -0.926643497028245, "log10_eta": -3.351944111643943, "log10_lambda": -3.6276198993991957, "log10_min_child_weight": 1.0236277955778816, "log10_subsample": -0.27420440211380337, "max_depth": 2.0, "num_boost_round": 9.0}, "datetime": {"datetime": "2024-01-19 00:13:58", "elapsed": 139.232977, "delta": 0.000347}}
{"target": -13.758514272127758, "params": {"gamma": 973.436763748229, "log10_alpha": -3.413795653115736, "log10_colsample_bytree": -0.926643497028245, "log10_eta": -3.351944111643943, "log10_lambda": -3.6276198993991957, "log10_min_child_weight": 1.0236277955778816, "log10_subsample": -0.27420440211380337, "max_depth": 2.0, "num_boost_round": 10.0}, "datetime": {"datetime": "2024-01-19 00:13:58", "elapsed": 139.233322, "delta": 0.000345}}
{"target": -13.75850688419144, "params": {"gamma": 973.436763748229, "log10_alpha": -3.413795653115736, "log10_colsample_bytree": -0.926643497028245, "log10_eta": -3.351944111643943, "log10_lambda": -3.6276198993991957, "log10_min_child_weight": 1.0236277955778816, "log10_subsample": -0.27420440211380337, "max_depth": 2.0, "num_boost_round": 11.0}, "datetime": {"datetime": "2024-01-19 00:13:58", "elapsed": 139.233662, "delta": 0.00034}}
{"target": -13.758502671854346, "params": {"gamma": 973.436763748229, "log10_alpha": -3.413795653115736, "log10_colsample_bytree": -0.926643497028245, "log10_eta": -3.351944111643943, "log10_lambda": -3.6276198993991957, "log10_min_child_weight": 1.0236277955778816, "log10_subsample": -0.27420440211380337, "max_depth": 2.0, "num_boost_round": 12.0}, "datetime": {"datetime": "2024-01-19 00:13:58", "elapsed": 139.234016, "delta": 0.000354}}
