{"target": -17.677179431021816, "params": {"gamma": 958.7328951138095, "log10_alpha": -0.36485898123538085, "log10_colsample_bytree": -0.28204361692959634, "log10_eta": -3.8208312273368845, "log10_lambda": -4.116670684579765, "log10_min_child_weight": 1.5547795774988176, "log10_subsample": -0.16533239320275273, "max_depth": 4.0, "num_boost_round": 7.0}, "datetime": {"datetime": "2024-01-19 00:25:34", "elapsed": 828.480433, "delta": 0.001256}}
{"target": -17.67717002327654, "params": {"gamma": 958.7328951138095, "log10_alpha": -0.36485898123538085, "log10_colsample_bytree": -0.28204361692959634, "log10_eta": -3.8208312273368845, "log10_lambda": -4.116670684579765, "log10_min_child_weight": 1.5547795774988176, "log10_subsample": -0.16533239320275273, "max_depth": 4.0, "num_boost_round": 8.0}, "datetime": {"datetime": "2024-01-19 00:25:34", "elapsed": 828.481678, "delta": 0.001245}}
{"target": -17.67716773455832, "params": {"gamma": 958.7328951138095, "log10_alpha": -0.36485898123538085, "log10_colsample_bytree": -0.28204361692959634, "log10_eta": -3.8208312273368845, "log10_lambda": -4.116670684579765, "log10_min_child_weight": 1.5547795774988176, "log10_subsample": -0.16533239320275273, "max_depth": 4.0, "num_boost_round": 9.0}, "datetime": {"datetime": "2024-01-19 00:25:34", "elapsed": 828.482981, "delta": 0.001303}}
{"target": -17.677159480534158, "params": {"gamma": 958.7328951138095, "log10_alpha": -0.36485898123538085, "log10_colsample_bytree": -0.28204361692959634, "log10_eta": -3.8208312273368845, "log10_lambda": -4.116670684579765, "log10_min_child_weight": 1.5547795774988176, "log10_subsample": -0.16533239320275273, "max_depth": 4.0, "num_boost_round": 10.0}, "datetime": {"datetime": "2024-01-19 00:25:34", "elapsed": 828.484231, "delta": 0.00125}}
{"target": -17.677155507691154, "params": {"gamma": 958.7328951138095, "log10_alpha": -0.36485898123538085, "log10_colsample_bytree": -0.28204361692959634, "log10_eta": -3.8208312273368845, "log10_lambda": -4.116670684579765, "log10_min_child_weight": 1.5547795774988176, "log10_subsample": -0.16533239320275273, "max_depth": 4.0, "num_boost_round": 11.0}, "datetime": {"datetime": "2024-01-19 00:25:34", "elapsed": 828.485498, "delta": 0.001267}}
{"target": -17.677149156186868, "params": {"gamma": 958.7328951138095, "log10_alpha": -0.36485898123538085, "log10_colsample_bytree": -0.28204361692959634, "log10_eta": -3.8208312273368845, "log10_lambda": -4.116670684579765, "log10_min_child_weight": 1.5547795774988176, "log10_subsample": -0.16533239320275273, "max_depth": 4.0, "num_boost_round": 12.0}, "datetime": {"datetime": "2024-01-19 00:25:34", "elapsed": 828.486753, "delta": 0.001255}}
{"target": -17.677142562866834, "params": {"gamma": 958.7328951138095, "log10_alpha": -0.36485898123538085, "log10_colsample_bytree": -0.28204361692959634, "log10_eta": -3.8208312273368845, "log10_lambda": -4.116670684579765, "log10_min_child_weight": 1.5547795774988176, "log10_subsample": -0.16533239320275273, "max_depth": 4.0, "num_boost_round": 13.0}, "datetime": {"datetime": "2024-01-19 00:25:34", "elapsed": 828.488002, "delta": 0.001249}}
{"target": -17.677142074427948, "params": {"gamma": 958.7328951138095, "log10_alpha": -0.36485898123538085, "log10_colsample_bytree": -0.28204361692959634, "log10_eta": -3.8208312273368845, "log10_lambda": -4.116670684579765, "log10_min_child_weight": 1.5547795774988176, "log10_subsample": -0.16533239320275273, "max_depth": 4.0, "num_boost_round": 14.0}, "datetime": {"datetime": "2024-01-19 00:25:34", "elapsed": 828.489264, "delta": 0.001262}}
{"target": -17.677139821570513, "params": {"gamma": 958.7328951138095, "log10_alpha": -0.36485898123538085, "log10_colsample_bytree": -0.28204361692959634, "log10_eta": -3.8208312273368845, "log10_lambda": -4.116670684579765, "log10_min_child_weight": 1.5547795774988176, "log10_subsample": -0.16533239320275273, "max_depth": 4.0, "num_boost_round": 15.0}, "datetime": {"datetime": "2024-01-19 00:25:34", "elapsed": 828.490609, "delta": 0.001345}}
{"target": -17.677138451503442, "params": {"gamma": 958.7328951138095, "log10_alpha": -0.36485898123538085, "log10_colsample_bytree": -0.28204361692959634, "log10_eta": -3.8208312273368845, "log10_lambda": -4.116670684579765, "log10_min_child_weight": 1.5547795774988176, "log10_subsample": -0.16533239320275273, "max_depth": 4.0, "num_boost_round": 16.0}, "datetime": {"datetime": "2024-01-19 00:25:34", "elapsed": 828.491902, "delta": 0.001293}}
{"target": -17.677134760453455, "params": {"gamma": 958.7328951138095, "log10_alpha": -0.36485898123538085, "log10_colsample_bytree": -0.28204361692959634, "log10_eta": -3.8208312273368845, "log10_lambda": -4.116670684579765, "log10_min_child_weight": 1.5547795774988176, "log10_subsample": -0.16533239320275273, "max_depth": 4.0, "num_boost_round": 17.0}, "datetime": {"datetime": "2024-01-19 00:25:34", "elapsed": 828.49315, "delta": 0.001248}}
{"target": -17.67712985241007, "params": {"gamma": 958.7328951138095, "log10_alpha": -0.36485898123538085, "log10_colsample_bytree": -0.28204361692959634, "log10_eta": -3.8208312273368845, "log10_lambda": -4.116670684579765, "log10_min_child_weight": 1.5547795774988176, "log10_subsample": -0.16533239320275273, "max_depth": 4.0, "num_boost_round": 18.0}, "datetime": {"datetime": "2024-01-19 00:25:34", "elapsed": 828.494408, "delta": 0.001258}}
{"target": -17.677125715438777, "params": {"gamma": 958.7328951138095, "log10_alpha": -0.36485898123538085, "log10_colsample_bytree": -0.28204361692959634, "log10_eta": -3.8208312273368845, "log10_lambda": -4.116670684579765, "log10_min_child_weight": 1.5547795774988176, "log10_subsample": -0.16533239320275273, "max_depth": 4.0, "num_boost_round": 19.0}, "datetime": {"datetime": "2024-01-19 00:25:34", "elapsed": 828.495669, "delta": 0.001261}}
{"target": -17.676641482211412, "params": {"gamma": 961.9672582989986, "log10_alpha": 0.7331176147999869, "log10_colsample_bytree": -0.09021538566259035, "log10_eta": -1.9698584755974982, "log10_lambda": -3.8918473351911933, "log10_min_child_weight": 1.7440309486729222, "log10_subsample": -0.22712700271682174, "max_depth": 5.0, "num_boost_round": 0.0}, "datetime": {"datetime": "2024-01-19 00:25:55", "elapsed": 849.720964, "delta": 21.225295}}
{"target": -17.675726977319197, "params": {"gamma": 961.9672582989986, "log10_alpha": 0.7331176147999869, "log10_colsample_bytree": -0.09021538566259035, "log10_eta": -1.9698584755974982, "log10_lambda": -3.8918473351911933, "log10_min_child_weight": 1.7440309486729222, "log10_subsample": -0.22712700271682174, "max_depth": 5.0, "num_boost_round": 1.0}, "datetime": {"datetime": "2024-01-19 00:25:55", "elapsed": 849.722423, "delta": 0.001459}}
{"target": -17.675334956711904, "params": {"gamma": 961.9672582989986, "log10_alpha": 0.7331176147999869, "log10_colsample_bytree": -0.09021538566259035, "log10_eta": -1.9698584755974982, "log10_lambda": -3.8918473351911933, "log10_min_child_weight": 1.7440309486729222, "log10_subsample": -0.22712700271682174, "max_depth": 5.0, "num_boost_round": 2.0}, "datetime": {"datetime": "2024-01-19 00:25:55", "elapsed": 849.724157, "delta": 0.001734}}
{"target": -17.675437742569834, "params": {"gamma": 961.9672582989986, "log10_alpha": 0.7331176147999869, "log10_colsample_bytree": -0.09021538566259035, "log10_eta": -1.9698584755974982, "log10_lambda": -3.8918473351911933, "log10_min_child_weight": 1.7440309486729222, "log10_subsample": -0.22712700271682174, "max_depth": 5.0, "num_boost_round": 3.0}, "datetime": {"datetime": "2024-01-19 00:25:55", "elapsed": 849.725548, "delta": 0.001391}}
{"target": -17.67538964612644, "params": {"gamma": 961.9672582989986, "log10_alpha": 0.7331176147999869, "log10_colsample_bytree": -0.09021538566259035, "log10_eta": -1.9698584755974982, "log10_lambda": -3.8918473351911933, "log10_min_child_weight": 1.7440309486729222, "log10_subsample": -0.22712700271682174, "max_depth": 5.0, "num_boost_round": 4.0}, "datetime": {"datetime": "2024-01-19 00:25:55", "elapsed": 849.727069, "delta": 0.001521}}
{"target": -17.67503748369516, "params": {"gamma": 961.9672582989986, "log10_alpha": 0.7331176147999869, "log10_colsample_bytree": -0.09021538566259035, "log10_eta": -1.9698584755974982, "log10_lambda": -3.8918473351911933, "log10_min_child_weight": 1.7440309486729222, "log10_subsample": -0.22712700271682174, "max_depth": 5.0, "num_boost_round": 5.0}, "datetime": {"datetime": "2024-01-19 00:25:55", "elapsed": 849.728353, "delta": 0.001284}}
{"target": -17.674992701017203, "params": {"gamma": 961.9672582989986, "log10_alpha": 0.7331176147999869, "log10_colsample_bytree": -0.09021538566259035, "log10_eta": -1.9698584755974982, "log10_lambda": -3.8918473351911933, "log10_min_child_weight": 1.7440309486729222, "log10_subsample": -0.22712700271682174, "max_depth": 5.0, "num_boost_round": 6.0}, "datetime": {"datetime": "2024-01-19 00:25:55", "elapsed": 849.729657, "delta": 0.001304}}
{"target": -17.67467908964246, "params": {"gamma": 961.9672582989986, "log10_alpha": 0.7331176147999869, "log10_colsample_bytree": -0.09021538566259035, "log10_eta": -1.9698584755974982, "log10_lambda": -3.8918473351911933, "log10_min_child_weight": 1.7440309486729222, "log10_subsample": -0.22712700271682174, "max_depth": 5.0, "num_boost_round": 7.0}, "datetime": {"datetime": "2024-01-19 00:25:55", "elapsed": 849.731139, "delta": 0.001482}}
{"target": -17.67434834674737, "params": {"gamma": 961.9672582989986, "log10_alpha": 0.7331176147999869, "log10_colsample_bytree": -0.09021538566259035, "log10_eta": -1.9698584755974982, "log10_lambda": -3.8918473351911933, "log10_min_child_weight": 1.7440309486729222, "log10_subsample": -0.22712700271682174, "max_depth": 5.0, "num_boost_round": 8.0}, "datetime": {"datetime": "2024-01-19 00:25:55", "elapsed": 849.732437, "delta": 0.001298}}
{"target": -17.673908921194414, "params": {"gamma": 961.9672582989986, "log10_alpha": 0.7331176147999869, "log10_colsample_bytree": -0.09021538566259035, "log10_eta": -1.9698584755974982, "log10_lambda": -3.8918473351911933, "log10_min_child_weight": 1.7440309486729222, "log10_subsample": -0.22712700271682174, "max_depth": 5.0, "num_boost_round": 9.0}, "datetime": {"datetime": "2024-01-19 00:25:55", "elapsed": 849.733722, "delta": 0.001285}}
{"target": -17.673358068640542, "params": {"gamma": 961.9672582989986, "log10_alpha": 0.7331176147999869, "log10_colsample_bytree": -0.09021538566259035, "log10_eta": -1.9698584755974982, "log10_lambda": -3.8918473351911933, "log10_min_child_weight": 1.7440309486729222, "log10_subsample": -0.22712700271682174, "max_depth": 5.0, "num_boost_round": 10.0}, "datetime": {"datetime": "2024-01-19 00:25:55", "elapsed": 849.735018, "delta": 0.001296}}
{"target": -17.673182198134104, "params": {"gamma": 961.9672582989986, "log10_alpha": 0.7331176147999869, "log10_colsample_bytree": -0.09021538566259035, "log10_eta": -1.9698584755974982, "log10_lambda": -3.8918473351911933, "log10_min_child_weight": 1.7440309486729222, "log10_subsample": -0.22712700271682174, "max_depth": 5.0, "num_boost_round": 11.0}, "datetime": {"datetime": "2024-01-19 00:25:55", "elapsed": 849.736311, "delta": 0.001293}}
{"target": -17.672955880523357, "params": {"gamma": 961.9672582989986, "log10_alpha": 0.7331176147999869, "log10_colsample_bytree": -0.09021538566259035, "log10_eta": -1.9698584755974982, "log10_lambda": -3.8918473351911933, "log10_min_child_weight": 1.7440309486729222, "log10_subsample": -0.22712700271682174, "max_depth": 5.0, "num_boost_round": 12.0}, "datetime": {"datetime": "2024-01-19 00:25:55", "elapsed": 849.737596, "delta": 0.001285}}
{"target": -17.672634581201343, "params": {"gamma": 961.9672582989986, "log10_alpha": 0.7331176147999869, "log10_colsample_bytree": -0.09021538566259035, "log10_eta": -1.9698584755974982, "log10_lambda": -3.8918473351911933, "log10_min_child_weight": 1.7440309486729222, "log10_subsample": -0.22712700271682174, "max_depth": 5.0, "num_boost_round": 13.0}, "datetime": {"datetime": "2024-01-19 00:25:55", "elapsed": 849.738892, "delta": 0.001296}}
{"target": -17.671923184283486, "params": {"gamma": 961.9672582989986, "log10_alpha": 0.7331176147999869, "log10_colsample_bytree": -0.09021538566259035, "log10_eta": -1.9698584755974982, "log10_lambda": -3.8918473351911933, "log10_min_child_weight": 1.7440309486729222, "log10_subsample": -0.22712700271682174, "max_depth": 5.0, "num_boost_round": 14.0}, "datetime": {"datetime": "2024-01-19 00:25:55", "elapsed": 849.740198, "delta": 0.001306}}
{"target": -17.671994888647983, "params": {"gamma": 961.9672582989986, "log10_alpha": 0.7331176147999869, "log10_colsample_bytree": -0.09021538566259035, "log10_eta": -1.9698584755974982, "log10_lambda": -3.8918473351911933, "log10_min_child_weight": 1.7440309486729222, "log10_subsample": -0.22712700271682174, "max_depth": 5.0, "num_boost_round": 15.0}, "datetime": {"datetime": "2024-01-19 00:25:55", "elapsed": 849.741497, "delta": 0.001299}}
{"target": -17.67722871105426, "params": {"gamma": 971.0564662079144, "log10_alpha": -3.2412803682511644, "log10_colsample_bytree": -0.8541335520612438, "log10_eta": -3.635131972390274, "log10_lambda": -2.7135881782488993, "log10_min_child_weight": 1.70690163419018, "log10_subsample": -0.1687365918771423, "max_depth": 4.0, "num_boost_round": 0.0}, "datetime": {"datetime": "2024-01-19 00:26:16", "elapsed": 870.126773, "delta": 20.385276}}
{"target": -17.677230269299674, "params": {"gamma": 971.0564662079144, "log10_alpha": -3.2412803682511644, "log10_colsample_bytree": -0.8541335520612438, "log10_eta": -3.635131972390274, "log10_lambda": -2.7135881782488993, "log10_min_child_weight": 1.70690163419018, "log10_subsample": -0.1687365918771423, "max_depth": 4.0, "num_boost_round": 1.0}, "datetime": {"datetime": "2024-01-19 00:26:16", "elapsed": 870.128667, "delta": 0.001894}}
{"target": -17.67721885790503, "params": {"gamma": 971.0564662079144, "log10_alpha": -3.2412803682511644, "log10_colsample_bytree": -0.8541335520612438, "log10_eta": -3.635131972390274, "log10_lambda": -2.7135881782488993, "log10_min_child_weight": 1.70690163419018, "log10_subsample": -0.1687365918771423, "max_depth": 4.0, "num_boost_round": 2.0}, "datetime": {"datetime": "2024-01-19 00:26:16", "elapsed": 870.129988, "delta": 0.001321}}
{"target": -17.67721604721475, "params": {"gamma": 971.0564662079144, "log10_alpha": -3.2412803682511644, "log10_colsample_bytree": -0.8541335520612438, "log10_eta": -3.635131972390274, "log10_lambda": -2.7135881782488993, "log10_min_child_weight": 1.70690163419018, "log10_subsample": -0.1687365918771423, "max_depth": 4.0, "num_boost_round": 3.0}, "datetime": {"datetime": "2024-01-19 00:26:16", "elapsed": 870.13155, "delta": 0.001562}}
{"target": -17.677204181552703, "params": {"gamma": 971.0564662079144, "log10_alpha": -3.2412803682511644, "log10_colsample_bytree": -0.8541335520612438, "log10_eta": -3.635131972390274, "log10_lambda": -2.7135881782488993, "log10_min_child_weight": 1.70690163419018, "log10_subsample": -0.1687365918771423, "max_depth": 4.0, "num_boost_round": 4.0}, "datetime": {"datetime": "2024-01-19 00:26:16", "elapsed": 870.13287, "delta": 0.00132}}
{"target": -17.67720018766302, "params": {"gamma": 971.0564662079144, "log10_alpha": -3.2412803682511644, "log10_colsample_bytree": -0.8541335520612438, "log10_eta": -3.635131972390274, "log10_lambda": -2.7135881782488993, "log10_min_child_weight": 1.70690163419018, "log10_subsample": -0.1687365918771423, "max_depth": 4.0, "num_boost_round": 5.0}, "datetime": {"datetime": "2024-01-19 00:26:16", "elapsed": 870.134333, "delta": 0.001463}}
{"target": -17.677207197841074, "params": {"gamma": 971.0564662079144, "log10_alpha": -3.2412803682511644, "log10_colsample_bytree": -0.8541335520612438, "log10_eta": -3.635131972390274, "log10_lambda": -2.7135881782488993, "log10_min_child_weight": 1.70690163419018, "log10_subsample": -0.1687365918771423, "max_depth": 4.0, "num_boost_round": 6.0}, "datetime": {"datetime": "2024-01-19 00:26:16", "elapsed": 870.135667, "delta": 0.001334}}
{"target": -17.677197502792158, "params": {"gamma": 971.0564662079144, "log10_alpha": -3.2412803682511644, "log10_colsample_bytree": -0.8541335520612438, "log10_eta": -3.635131972390274, "log10_lambda": -2.7135881782488993, "log10_min_child_weight": 1.70690163419018, "log10_subsample": -0.1687365918771423, "max_depth": 4.0, "num_boost_round": 7.0}, "datetime": {"datetime": "2024-01-19 00:26:16", "elapsed": 870.136969, "delta": 0.001302}}
{"target": -17.677190535527757, "params": {"gamma": 971.0564662079144, "log10_alpha": -3.2412803682511644, "log10_colsample_bytree": -0.8541335520612438, "log10_eta": -3.635131972390274, "log10_lambda": -2.7135881782488993, "log10_min_child_weight": 1.70690163419018, "log10_subsample": -0.1687365918771423, "max_depth": 4.0, "num_boost_round": 8.0}, "datetime": {"datetime": "2024-01-19 00:26:16", "elapsed": 870.138261, "delta": 0.001292}}
{"target": -17.67718305829006, "params": {"gamma": 971.0564662079144, "log10_alpha": -3.2412803682511644, "log10_colsample_bytree": -0.8541335520612438, "log10_eta": -3.635131972390274, "log10_lambda": -2.7135881782488993, "log10_min_child_weight": 1.70690163419018, "log10_subsample": -0.1687365918771423, "max_depth": 4.0, "num_boost_round": 9.0}, "datetime": {"datetime": "2024-01-19 00:26:16", "elapsed": 870.139562, "delta": 0.001301}}
{"target": -17.677171031512803, "params": {"gamma": 971.0564662079144, "log10_alpha": -3.2412803682511644, "log10_colsample_bytree": -0.8541335520612438, "log10_eta": -3.635131972390274, "log10_lambda": -2.7135881782488993, "log10_min_child_weight": 1.70690163419018, "log10_subsample": -0.1687365918771423, "max_depth": 4.0, "num_boost_round": 10.0}, "datetime": {"datetime": "2024-01-19 00:26:16", "elapsed": 870.140848, "delta": 0.001286}}
{"target": -17.67709051335718, "params": {"gamma": 961.364587989274, "log10_alpha": -0.9577065711270196, "log10_colsample_bytree": -0.0362244975661602, "log10_eta": -2.7861849713378213, "log10_lambda": -4.830623314632537, "log10_min_child_weight": 0.5861256089859651, "log10_subsample": -0.5369485663727095, "max_depth": 8.0, "num_boost_round": 0.0}, "datetime": {"datetime": "2024-01-19 00:26:44", "elapsed": 897.923168, "delta": 27.78232}}
{"target": -17.67705518994414, "params": {"gamma": 961.364587989274, "log10_alpha": -0.9577065711270196, "log10_colsample_bytree": -0.0362244975661602, "log10_eta": -2.7861849713378213, "log10_lambda": -4.830623314632537, "log10_min_child_weight": 0.5861256089859651, "log10_subsample": -0.5369485663727095, "max_depth": 8.0, "num_boost_round": 1.0}, "datetime": {"datetime": "2024-01-19 00:26:44", "elapsed": 897.925167, "delta": 0.001999}}
{"target": -17.676958025160058, "params": {"gamma": 961.364587989274, "log10_alpha": -0.9577065711270196, "log10_colsample_bytree": -0.0362244975661602, "log10_eta": -2.7861849713378213, "log10_lambda": -4.830623314632537, "log10_min_child_weight": 0.5861256089859651, "log10_subsample": -0.5369485663727095, "max_depth": 8.0, "num_boost_round": 2.0}, "datetime": {"datetime": "2024-01-19 00:26:44", "elapsed": 897.926652, "delta": 0.001485}}
{"target": -17.67681708104687, "params": {"gamma": 961.364587989274, "log10_alpha": -0.9577065711270196, "log10_colsample_bytree": -0.0362244975661602, "log10_eta": -2.7861849713378213, "log10_lambda": -4.830623314632537, "log10_min_child_weight": 0.5861256089859651, "log10_subsample": -0.5369485663727095, "max_depth": 8.0, "num_boost_round": 3.0}, "datetime": {"datetime": "2024-01-19 00:26:44", "elapsed": 897.927967, "delta": 0.001315}}
{"target": -17.67686976327496, "params": {"gamma": 961.364587989274, "log10_alpha": -0.9577065711270196, "log10_colsample_bytree": -0.0362244975661602, "log10_eta": -2.7861849713378213, "log10_lambda": -4.830623314632537, "log10_min_child_weight": 0.5861256089859651, "log10_subsample": -0.5369485663727095, "max_depth": 8.0, "num_boost_round": 4.0}, "datetime": {"datetime": "2024-01-19 00:26:44", "elapsed": 897.929538, "delta": 0.001571}}
{"target": -17.6767658522429, "params": {"gamma": 961.364587989274, "log10_alpha": -0.9577065711270196, "log10_colsample_bytree": -0.0362244975661602, "log10_eta": -2.7861849713378213, "log10_lambda": -4.830623314632537, "log10_min_child_weight": 0.5861256089859651, "log10_subsample": -0.5369485663727095, "max_depth": 8.0, "num_boost_round": 5.0}, "datetime": {"datetime": "2024-01-19 00:26:44", "elapsed": 897.931047, "delta": 0.001509}}
{"target": -17.676463095468833, "params": {"gamma": 961.364587989274, "log10_alpha": -0.9577065711270196, "log10_colsample_bytree": -0.0362244975661602, "log10_eta": -2.7861849713378213, "log10_lambda": -4.830623314632537, "log10_min_child_weight": 0.5861256089859651, "log10_subsample": -0.5369485663727095, "max_depth": 8.0, "num_boost_round": 6.0}, "datetime": {"datetime": "2024-01-19 00:26:44", "elapsed": 897.932351, "delta": 0.001304}}
{"target": -17.67630259014413, "params": {"gamma": 961.364587989274, "log10_alpha": -0.9577065711270196, "log10_colsample_bytree": -0.0362244975661602, "log10_eta": -2.7861849713378213, "log10_lambda": -4.830623314632537, "log10_min_child_weight": 0.5861256089859651, "log10_subsample": -0.5369485663727095, "max_depth": 8.0, "num_boost_round": 7.0}, "datetime": {"datetime": "2024-01-19 00:26:44", "elapsed": 897.933661, "delta": 0.00131}}
{"target": -17.676272683001468, "params": {"gamma": 961.364587989274, "log10_alpha": -0.9577065711270196, "log10_colsample_bytree": -0.0362244975661602, "log10_eta": -2.7861849713378213, "log10_lambda": -4.830623314632537, "log10_min_child_weight": 0.5861256089859651, "log10_subsample": -0.5369485663727095, "max_depth": 8.0, "num_boost_round": 8.0}, "datetime": {"datetime": "2024-01-19 00:26:44", "elapsed": 897.934972, "delta": 0.001311}}
