{"target": -17.677338058393477, "params": {"gamma": 153.3614025454546, "log10_alpha": -4.96479429209741, "log10_colsample_bytree": -0.10378748129732618, "log10_eta": -2.609281441427869, "log10_lambda": -1.8336399658851708, "log10_min_child_weight": 4.304507550094108, "log10_subsample": -0.5418533531908144, "max_depth": 2.0, "num_boost_round": 29.0}, "datetime": {"datetime": "2024-01-19 00:48:33", "elapsed": 2198.260991, "delta": 0.003042}}
{"target": -17.67736527044835, "params": {"gamma": 153.3614025454546, "log10_alpha": -4.96479429209741, "log10_colsample_bytree": -0.10378748129732618, "log10_eta": -2.609281441427869, "log10_lambda": -1.8336399658851708, "log10_min_child_weight": 4.304507550094108, "log10_subsample": -0.5418533531908144, "max_depth": 2.0, "num_boost_round": 30.0}, "datetime": {"datetime": "2024-01-19 00:48:33", "elapsed": 2198.26404, "delta": 0.003049}}
{"target": -17.677390407047646, "params": {"gamma": 153.3614025454546, "log10_alpha": -4.96479429209741, "log10_colsample_bytree": -0.10378748129732618, "log10_eta": -2.609281441427869, "log10_lambda": -1.8336399658851708, "log10_min_child_weight": 4.304507550094108, "log10_subsample": -0.5418533531908144, "max_depth": 2.0, "num_boost_round": 31.0}, "datetime": {"datetime": "2024-01-19 00:48:33", "elapsed": 2198.267921, "delta": 0.003881}}
{"target": -17.677414986856373, "params": {"gamma": 153.3614025454546, "log10_alpha": -4.96479429209741, "log10_colsample_bytree": -0.10378748129732618, "log10_eta": -2.609281441427869, "log10_lambda": -1.8336399658851708, "log10_min_child_weight": 4.304507550094108, "log10_subsample": -0.5418533531908144, "max_depth": 2.0, "num_boost_round": 32.0}, "datetime": {"datetime": "2024-01-19 00:48:33", "elapsed": 2198.271086, "delta": 0.003165}}
{"target": -17.67746311473571, "params": {"gamma": 153.3614025454546, "log10_alpha": -4.96479429209741, "log10_colsample_bytree": -0.10378748129732618, "log10_eta": -2.609281441427869, "log10_lambda": -1.8336399658851708, "log10_min_child_weight": 4.304507550094108, "log10_subsample": -0.5418533531908144, "max_depth": 2.0, "num_boost_round": 33.0}, "datetime": {"datetime": "2024-01-19 00:48:33", "elapsed": 2198.274183, "delta": 0.003097}}
{"target": -17.67746633435033, "params": {"gamma": 153.3614025454546, "log10_alpha": -4.96479429209741, "log10_colsample_bytree": -0.10378748129732618, "log10_eta": -2.609281441427869, "log10_lambda": -1.8336399658851708, "log10_min_child_weight": 4.304507550094108, "log10_subsample": -0.5418533531908144, "max_depth": 2.0, "num_boost_round": 34.0}, "datetime": {"datetime": "2024-01-19 00:48:33", "elapsed": 2198.277249, "delta": 0.003066}}
{"target": -17.67749444676294, "params": {"gamma": 153.3614025454546, "log10_alpha": -4.96479429209741, "log10_colsample_bytree": -0.10378748129732618, "log10_eta": -2.609281441427869, "log10_lambda": -1.8336399658851708, "log10_min_child_weight": 4.304507550094108, "log10_subsample": -0.5418533531908144, "max_depth": 2.0, "num_boost_round": 35.0}, "datetime": {"datetime": "2024-01-19 00:48:33", "elapsed": 2198.280256, "delta": 0.003007}}
{"target": -17.677502291483407, "params": {"gamma": 153.3614025454546, "log10_alpha": -4.96479429209741, "log10_colsample_bytree": -0.10378748129732618, "log10_eta": -2.609281441427869, "log10_lambda": -1.8336399658851708, "log10_min_child_weight": 4.304507550094108, "log10_subsample": -0.5418533531908144, "max_depth": 2.0, "num_boost_round": 36.0}, "datetime": {"datetime": "2024-01-19 00:48:33", "elapsed": 2198.283336, "delta": 0.00308}}
{"target": -17.677525865382336, "params": {"gamma": 153.3614025454546, "log10_alpha": -4.96479429209741, "log10_colsample_bytree": -0.10378748129732618, "log10_eta": -2.609281441427869, "log10_lambda": -1.8336399658851708, "log10_min_child_weight": 4.304507550094108, "log10_subsample": -0.5418533531908144, "max_depth": 2.0, "num_boost_round": 37.0}, "datetime": {"datetime": "2024-01-19 00:48:33", "elapsed": 2198.286412, "delta": 0.003076}}
{"target": -17.677513043010386, "params": {"gamma": 153.3614025454546, "log10_alpha": -4.96479429209741, "log10_colsample_bytree": -0.10378748129732618, "log10_eta": -2.609281441427869, "log10_lambda": -1.8336399658851708, "log10_min_child_weight": 4.304507550094108, "log10_subsample": -0.5418533531908144, "max_depth": 2.0, "num_boost_round": 38.0}, "datetime": {"datetime": "2024-01-19 00:48:33", "elapsed": 2198.289499, "delta": 0.003087}}
{"target": -17.677505448293985, "params": {"gamma": 153.3614025454546, "log10_alpha": -4.96479429209741, "log10_colsample_bytree": -0.10378748129732618, "log10_eta": -2.609281441427869, "log10_lambda": -1.8336399658851708, "log10_min_child_weight": 4.304507550094108, "log10_subsample": -0.5418533531908144, "max_depth": 2.0, "num_boost_round": 39.0}, "datetime": {"datetime": "2024-01-19 00:48:33", "elapsed": 2198.292553, "delta": 0.003054}}
{"target": -17.67749294802528, "params": {"gamma": 153.3614025454546, "log10_alpha": -4.96479429209741, "log10_colsample_bytree": -0.10378748129732618, "log10_eta": -2.609281441427869, "log10_lambda": -1.8336399658851708, "log10_min_child_weight": 4.304507550094108, "log10_subsample": -0.5418533531908144, "max_depth": 2.0, "num_boost_round": 40.0}, "datetime": {"datetime": "2024-01-19 00:48:33", "elapsed": 2198.295655, "delta": 0.003102}}
{"target": -17.677518978798684, "params": {"gamma": 153.3614025454546, "log10_alpha": -4.96479429209741, "log10_colsample_bytree": -0.10378748129732618, "log10_eta": -2.609281441427869, "log10_lambda": -1.8336399658851708, "log10_min_child_weight": 4.304507550094108, "log10_subsample": -0.5418533531908144, "max_depth": 2.0, "num_boost_round": 41.0}, "datetime": {"datetime": "2024-01-19 00:48:33", "elapsed": 2198.29866, "delta": 0.003005}}
{"target": -17.67756410499967, "params": {"gamma": 153.3614025454546, "log10_alpha": -4.96479429209741, "log10_colsample_bytree": -0.10378748129732618, "log10_eta": -2.609281441427869, "log10_lambda": -1.8336399658851708, "log10_min_child_weight": 4.304507550094108, "log10_subsample": -0.5418533531908144, "max_depth": 2.0, "num_boost_round": 42.0}, "datetime": {"datetime": "2024-01-19 00:48:33", "elapsed": 2198.301747, "delta": 0.003087}}
{"target": -17.677567298676077, "params": {"gamma": 153.3614025454546, "log10_alpha": -4.96479429209741, "log10_colsample_bytree": -0.10378748129732618, "log10_eta": -2.609281441427869, "log10_lambda": -1.8336399658851708, "log10_min_child_weight": 4.304507550094108, "log10_subsample": -0.5418533531908144, "max_depth": 2.0, "num_boost_round": 43.0}, "datetime": {"datetime": "2024-01-19 00:48:33", "elapsed": 2198.304812, "delta": 0.003065}}
{"target": -17.677563082582605, "params": {"gamma": 153.3614025454546, "log10_alpha": -4.96479429209741, "log10_colsample_bytree": -0.10378748129732618, "log10_eta": -2.609281441427869, "log10_lambda": -1.8336399658851708, "log10_min_child_weight": 4.304507550094108, "log10_subsample": -0.5418533531908144, "max_depth": 2.0, "num_boost_round": 44.0}, "datetime": {"datetime": "2024-01-19 00:48:33", "elapsed": 2198.307896, "delta": 0.003084}}
{"target": -17.677554849249503, "params": {"gamma": 153.3614025454546, "log10_alpha": -4.96479429209741, "log10_colsample_bytree": -0.10378748129732618, "log10_eta": -2.609281441427869, "log10_lambda": -1.8336399658851708, "log10_min_child_weight": 4.304507550094108, "log10_subsample": -0.5418533531908144, "max_depth": 2.0, "num_boost_round": 45.0}, "datetime": {"datetime": "2024-01-19 00:48:33", "elapsed": 2198.310931, "delta": 0.003035}}
{"target": -17.67754526339913, "params": {"gamma": 153.3614025454546, "log10_alpha": -4.96479429209741, "log10_colsample_bytree": -0.10378748129732618, "log10_eta": -2.609281441427869, "log10_lambda": -1.8336399658851708, "log10_min_child_weight": 4.304507550094108, "log10_subsample": -0.5418533531908144, "max_depth": 2.0, "num_boost_round": 46.0}, "datetime": {"datetime": "2024-01-19 00:48:33", "elapsed": 2198.314054, "delta": 0.003123}}
{"target": -17.677535881976205, "params": {"gamma": 153.3614025454546, "log10_alpha": -4.96479429209741, "log10_colsample_bytree": -0.10378748129732618, "log10_eta": -2.609281441427869, "log10_lambda": -1.8336399658851708, "log10_min_child_weight": 4.304507550094108, "log10_subsample": -0.5418533531908144, "max_depth": 2.0, "num_boost_round": 47.0}, "datetime": {"datetime": "2024-01-19 00:48:33", "elapsed": 2198.317085, "delta": 0.003031}}
{"target": -17.677546001615532, "params": {"gamma": 153.3614025454546, "log10_alpha": -4.96479429209741, "log10_colsample_bytree": -0.10378748129732618, "log10_eta": -2.609281441427869, "log10_lambda": -1.8336399658851708, "log10_min_child_weight": 4.304507550094108, "log10_subsample": -0.5418533531908144, "max_depth": 2.0, "num_boost_round": 48.0}, "datetime": {"datetime": "2024-01-19 00:48:33", "elapsed": 2198.320213, "delta": 0.003128}}
{"target": -17.67754644706793, "params": {"gamma": 153.3614025454546, "log10_alpha": -4.96479429209741, "log10_colsample_bytree": -0.10378748129732618, "log10_eta": -2.609281441427869, "log10_lambda": -1.8336399658851708, "log10_min_child_weight": 4.304507550094108, "log10_subsample": -0.5418533531908144, "max_depth": 2.0, "num_boost_round": 49.0}, "datetime": {"datetime": "2024-01-19 00:48:33", "elapsed": 2198.43932, "delta": 0.119107}}
{"target": -17.677125180046264, "params": {"gamma": 140.3614764139397, "log10_alpha": -4.120410033608814, "log10_colsample_bytree": -0.4028106902909494, "log10_eta": -2.639440430379135, "log10_lambda": -3.3023795851379956, "log10_min_child_weight": 1.7054447783106879, "log10_subsample": -0.4427047874673564, "max_depth": 4.0, "num_boost_round": 0.0}, "datetime": {"datetime": "2024-01-19 00:49:14", "elapsed": 2238.529314, "delta": 40.089994}}
{"target": -17.67692380561613, "params": {"gamma": 140.3614764139397, "log10_alpha": -4.120410033608814, "log10_colsample_bytree": -0.4028106902909494, "log10_eta": -2.639440430379135, "log10_lambda": -3.3023795851379956, "log10_min_child_weight": 1.7054447783106879, "log10_subsample": -0.4427047874673564, "max_depth": 4.0, "num_boost_round": 1.0}, "datetime": {"datetime": "2024-01-19 00:49:14", "elapsed": 2238.533925, "delta": 0.004611}}
{"target": -17.67677530387754, "params": {"gamma": 140.3614764139397, "log10_alpha": -4.120410033608814, "log10_colsample_bytree": -0.4028106902909494, "log10_eta": -2.639440430379135, "log10_lambda": -3.3023795851379956, "log10_min_child_weight": 1.7054447783106879, "log10_subsample": -0.4427047874673564, "max_depth": 4.0, "num_boost_round": 2.0}, "datetime": {"datetime": "2024-01-19 00:49:14", "elapsed": 2238.537301, "delta": 0.003376}}
{"target": -17.676667776300327, "params": {"gamma": 140.3614764139397, "log10_alpha": -4.120410033608814, "log10_colsample_bytree": -0.4028106902909494, "log10_eta": -2.639440430379135, "log10_lambda": -3.3023795851379956, "log10_min_child_weight": 1.7054447783106879, "log10_subsample": -0.4427047874673564, "max_depth": 4.0, "num_boost_round": 3.0}, "datetime": {"datetime": "2024-01-19 00:49:14", "elapsed": 2238.540736, "delta": 0.003435}}
{"target": -17.676616297043203, "params": {"gamma": 140.3614764139397, "log10_alpha": -4.120410033608814, "log10_colsample_bytree": -0.4028106902909494, "log10_eta": -2.639440430379135, "log10_lambda": -3.3023795851379956, "log10_min_child_weight": 1.7054447783106879, "log10_subsample": -0.4427047874673564, "max_depth": 4.0, "num_boost_round": 4.0}, "datetime": {"datetime": "2024-01-19 00:49:14", "elapsed": 2238.544254, "delta": 0.003518}}
{"target": -17.67653019575887, "params": {"gamma": 140.3614764139397, "log10_alpha": -4.120410033608814, "log10_colsample_bytree": -0.4028106902909494, "log10_eta": -2.639440430379135, "log10_lambda": -3.3023795851379956, "log10_min_child_weight": 1.7054447783106879, "log10_subsample": -0.4427047874673564, "max_depth": 4.0, "num_boost_round": 5.0}, "datetime": {"datetime": "2024-01-19 00:49:14", "elapsed": 2238.547817, "delta": 0.003563}}
{"target": -17.676449046193074, "params": {"gamma": 140.3614764139397, "log10_alpha": -4.120410033608814, "log10_colsample_bytree": -0.4028106902909494, "log10_eta": -2.639440430379135, "log10_lambda": -3.3023795851379956, "log10_min_child_weight": 1.7054447783106879, "log10_subsample": -0.4427047874673564, "max_depth": 4.0, "num_boost_round": 6.0}, "datetime": {"datetime": "2024-01-19 00:49:14", "elapsed": 2238.551116, "delta": 0.003299}}
{"target": -17.67632632271332, "params": {"gamma": 140.3614764139397, "log10_alpha": -4.120410033608814, "log10_colsample_bytree": -0.4028106902909494, "log10_eta": -2.639440430379135, "log10_lambda": -3.3023795851379956, "log10_min_child_weight": 1.7054447783106879, "log10_subsample": -0.4427047874673564, "max_depth": 4.0, "num_boost_round": 7.0}, "datetime": {"datetime": "2024-01-19 00:49:14", "elapsed": 2238.554509, "delta": 0.003393}}
{"target": -17.676251894667622, "params": {"gamma": 140.3614764139397, "log10_alpha": -4.120410033608814, "log10_colsample_bytree": -0.4028106902909494, "log10_eta": -2.639440430379135, "log10_lambda": -3.3023795851379956, "log10_min_child_weight": 1.7054447783106879, "log10_subsample": -0.4427047874673564, "max_depth": 4.0, "num_boost_round": 8.0}, "datetime": {"datetime": "2024-01-19 00:49:14", "elapsed": 2238.557987, "delta": 0.003478}}
{"target": -17.676198411839167, "params": {"gamma": 140.3614764139397, "log10_alpha": -4.120410033608814, "log10_colsample_bytree": -0.4028106902909494, "log10_eta": -2.639440430379135, "log10_lambda": -3.3023795851379956, "log10_min_child_weight": 1.7054447783106879, "log10_subsample": -0.4427047874673564, "max_depth": 4.0, "num_boost_round": 9.0}, "datetime": {"datetime": "2024-01-19 00:49:14", "elapsed": 2238.561428, "delta": 0.003441}}
{"target": -17.676067277414337, "params": {"gamma": 140.3614764139397, "log10_alpha": -4.120410033608814, "log10_colsample_bytree": -0.4028106902909494, "log10_eta": -2.639440430379135, "log10_lambda": -3.3023795851379956, "log10_min_child_weight": 1.7054447783106879, "log10_subsample": -0.4427047874673564, "max_depth": 4.0, "num_boost_round": 10.0}, "datetime": {"datetime": "2024-01-19 00:49:14", "elapsed": 2238.564778, "delta": 0.00335}}
{"target": -17.67602062903064, "params": {"gamma": 140.3614764139397, "log10_alpha": -4.120410033608814, "log10_colsample_bytree": -0.4028106902909494, "log10_eta": -2.639440430379135, "log10_lambda": -3.3023795851379956, "log10_min_child_weight": 1.7054447783106879, "log10_subsample": -0.4427047874673564, "max_depth": 4.0, "num_boost_round": 11.0}, "datetime": {"datetime": "2024-01-19 00:49:14", "elapsed": 2238.568153, "delta": 0.003375}}
{"target": -17.675882480788765, "params": {"gamma": 140.3614764139397, "log10_alpha": -4.120410033608814, "log10_colsample_bytree": -0.4028106902909494, "log10_eta": -2.639440430379135, "log10_lambda": -3.3023795851379956, "log10_min_child_weight": 1.7054447783106879, "log10_subsample": -0.4427047874673564, "max_depth": 4.0, "num_boost_round": 12.0}, "datetime": {"datetime": "2024-01-19 00:49:14", "elapsed": 2238.57145, "delta": 0.003297}}
{"target": -17.675795366615972, "params": {"gamma": 140.3614764139397, "log10_alpha": -4.120410033608814, "log10_colsample_bytree": -0.4028106902909494, "log10_eta": -2.639440430379135, "log10_lambda": -3.3023795851379956, "log10_min_child_weight": 1.7054447783106879, "log10_subsample": -0.4427047874673564, "max_depth": 4.0, "num_boost_round": 13.0}, "datetime": {"datetime": "2024-01-19 00:49:14", "elapsed": 2238.574723, "delta": 0.003273}}
{"target": -17.675789177288262, "params": {"gamma": 140.3614764139397, "log10_alpha": -4.120410033608814, "log10_colsample_bytree": -0.4028106902909494, "log10_eta": -2.639440430379135, "log10_lambda": -3.3023795851379956, "log10_min_child_weight": 1.7054447783106879, "log10_subsample": -0.4427047874673564, "max_depth": 4.0, "num_boost_round": 14.0}, "datetime": {"datetime": "2024-01-19 00:49:14", "elapsed": 2238.578044, "delta": 0.003321}}
{"target": -17.675792966125986, "params": {"gamma": 140.3614764139397, "log10_alpha": -4.120410033608814, "log10_colsample_bytree": -0.4028106902909494, "log10_eta": -2.639440430379135, "log10_lambda": -3.3023795851379956, "log10_min_child_weight": 1.7054447783106879, "log10_subsample": -0.4427047874673564, "max_depth": 4.0, "num_boost_round": 15.0}, "datetime": {"datetime": "2024-01-19 00:49:14", "elapsed": 2238.581494, "delta": 0.00345}}
{"target": -17.675766266179256, "params": {"gamma": 140.3614764139397, "log10_alpha": -4.120410033608814, "log10_colsample_bytree": -0.4028106902909494, "log10_eta": -2.639440430379135, "log10_lambda": -3.3023795851379956, "log10_min_child_weight": 1.7054447783106879, "log10_subsample": -0.4427047874673564, "max_depth": 4.0, "num_boost_round": 16.0}, "datetime": {"datetime": "2024-01-19 00:49:14", "elapsed": 2238.584855, "delta": 0.003361}}
{"target": -17.675757094596392, "params": {"gamma": 140.3614764139397, "log10_alpha": -4.120410033608814, "log10_colsample_bytree": -0.4028106902909494, "log10_eta": -2.639440430379135, "log10_lambda": -3.3023795851379956, "log10_min_child_weight": 1.7054447783106879, "log10_subsample": -0.4427047874673564, "max_depth": 4.0, "num_boost_round": 17.0}, "datetime": {"datetime": "2024-01-19 00:49:14", "elapsed": 2238.588429, "delta": 0.003574}}
{"target": -17.675712704612714, "params": {"gamma": 140.3614764139397, "log10_alpha": -4.120410033608814, "log10_colsample_bytree": -0.4028106902909494, "log10_eta": -2.639440430379135, "log10_lambda": -3.3023795851379956, "log10_min_child_weight": 1.7054447783106879, "log10_subsample": -0.4427047874673564, "max_depth": 4.0, "num_boost_round": 18.0}, "datetime": {"datetime": "2024-01-19 00:49:14", "elapsed": 2238.591893, "delta": 0.003464}}
{"target": -17.67570197122148, "params": {"gamma": 140.3614764139397, "log10_alpha": -4.120410033608814, "log10_colsample_bytree": -0.4028106902909494, "log10_eta": -2.639440430379135, "log10_lambda": -3.3023795851379956, "log10_min_child_weight": 1.7054447783106879, "log10_subsample": -0.4427047874673564, "max_depth": 4.0, "num_boost_round": 19.0}, "datetime": {"datetime": "2024-01-19 00:49:14", "elapsed": 2238.595206, "delta": 0.003313}}
{"target": -17.675597675421162, "params": {"gamma": 140.3614764139397, "log10_alpha": -4.120410033608814, "log10_colsample_bytree": -0.4028106902909494, "log10_eta": -2.639440430379135, "log10_lambda": -3.3023795851379956, "log10_min_child_weight": 1.7054447783106879, "log10_subsample": -0.4427047874673564, "max_depth": 4.0, "num_boost_round": 20.0}, "datetime": {"datetime": "2024-01-19 00:49:14", "elapsed": 2238.598531, "delta": 0.003325}}
{"target": -17.679624877697684, "params": {"gamma": 137.9734214209585, "log10_alpha": -1.5660625025362305, "log10_colsample_bytree": -0.17212863280581736, "log10_eta": -0.8817246297941956, "log10_lambda": -4.190716191807799, "log10_min_child_weight": 2.0434044128687763, "log10_subsample": -0.8540232555155416, "max_depth": 9.0, "num_boost_round": 0.0}, "datetime": {"datetime": "2024-01-19 00:49:50", "elapsed": 2275.074422, "delta": 36.475891}}
{"target": -17.693574375308064, "params": {"gamma": 137.9734214209585, "log10_alpha": -1.5660625025362305, "log10_colsample_bytree": -0.17212863280581736, "log10_eta": -0.8817246297941956, "log10_lambda": -4.190716191807799, "log10_min_child_weight": 2.0434044128687763, "log10_subsample": -0.8540232555155416, "max_depth": 9.0, "num_boost_round": 1.0}, "datetime": {"datetime": "2024-01-19 00:49:50", "elapsed": 2275.078588, "delta": 0.004166}}
{"target": -17.706701371793777, "params": {"gamma": 137.9734214209585, "log10_alpha": -1.5660625025362305, "log10_colsample_bytree": -0.17212863280581736, "log10_eta": -0.8817246297941956, "log10_lambda": -4.190716191807799, "log10_min_child_weight": 2.0434044128687763, "log10_subsample": -0.8540232555155416, "max_depth": 9.0, "num_boost_round": 2.0}, "datetime": {"datetime": "2024-01-19 00:49:50", "elapsed": 2275.082696, "delta": 0.004108}}
{"target": -17.714652837378313, "params": {"gamma": 137.9734214209585, "log10_alpha": -1.5660625025362305, "log10_colsample_bytree": -0.17212863280581736, "log10_eta": -0.8817246297941956, "log10_lambda": -4.190716191807799, "log10_min_child_weight": 2.0434044128687763, "log10_subsample": -0.8540232555155416, "max_depth": 9.0, "num_boost_round": 3.0}, "datetime": {"datetime": "2024-01-19 00:49:50", "elapsed": 2275.086044, "delta": 0.003348}}
{"target": -17.726728535950244, "params": {"gamma": 137.9734214209585, "log10_alpha": -1.5660625025362305, "log10_colsample_bytree": -0.17212863280581736, "log10_eta": -0.8817246297941956, "log10_lambda": -4.190716191807799, "log10_min_child_weight": 2.0434044128687763, "log10_subsample": -0.8540232555155416, "max_depth": 9.0, "num_boost_round": 4.0}, "datetime": {"datetime": "2024-01-19 00:49:50", "elapsed": 2275.089616, "delta": 0.003572}}
{"target": -17.745015632888155, "params": {"gamma": 137.9734214209585, "log10_alpha": -1.5660625025362305, "log10_colsample_bytree": -0.17212863280581736, "log10_eta": -0.8817246297941956, "log10_lambda": -4.190716191807799, "log10_min_child_weight": 2.0434044128687763, "log10_subsample": -0.8540232555155416, "max_depth": 9.0, "num_boost_round": 5.0}, "datetime": {"datetime": "2024-01-19 00:49:50", "elapsed": 2275.093104, "delta": 0.003488}}
{"target": -17.744112707477097, "params": {"gamma": 137.9734214209585, "log10_alpha": -1.5660625025362305, "log10_colsample_bytree": -0.17212863280581736, "log10_eta": -0.8817246297941956, "log10_lambda": -4.190716191807799, "log10_min_child_weight": 2.0434044128687763, "log10_subsample": -0.8540232555155416, "max_depth": 9.0, "num_boost_round": 6.0}, "datetime": {"datetime": "2024-01-19 00:49:50", "elapsed": 2275.096385, "delta": 0.003281}}
