{"target": -18.40401949628649, "params": {"gamma": 447.94066400369525, "log10_alpha": -2.6702287743337925, "log10_colsample_bytree": -0.7610552379875235, "log10_eta": -0.7086375697170135, "log10_lambda": 0.7703108439016617, "log10_min_child_weight": 0.8665131469580273, "log10_subsample": -0.271984715650328, "max_depth": 9.0, "num_boost_round": 39.0}, "datetime": {"datetime": "2024-01-19 02:50:57", "elapsed": 9562.045731, "delta": 0.005148}}
{"target": -18.41437597064421, "params": {"gamma": 447.94066400369525, "log10_alpha": -2.6702287743337925, "log10_colsample_bytree": -0.7610552379875235, "log10_eta": -0.7086375697170135, "log10_lambda": 0.7703108439016617, "log10_min_child_weight": 0.8665131469580273, "log10_subsample": -0.271984715650328, "max_depth": 9.0, "num_boost_round": 40.0}, "datetime": {"datetime": "2024-01-19 02:50:57", "elapsed": 9562.050861, "delta": 0.00513}}
{"target": -18.418792539887722, "params": {"gamma": 447.94066400369525, "log10_alpha": -2.6702287743337925, "log10_colsample_bytree": -0.7610552379875235, "log10_eta": -0.7086375697170135, "log10_lambda": 0.7703108439016617, "log10_min_child_weight": 0.8665131469580273, "log10_subsample": -0.271984715650328, "max_depth": 9.0, "num_boost_round": 41.0}, "datetime": {"datetime": "2024-01-19 02:50:57", "elapsed": 9562.056073, "delta": 0.005212}}
{"target": -18.42757503816648, "params": {"gamma": 447.94066400369525, "log10_alpha": -2.6702287743337925, "log10_colsample_bytree": -0.7610552379875235, "log10_eta": -0.7086375697170135, "log10_lambda": 0.7703108439016617, "log10_min_child_weight": 0.8665131469580273, "log10_subsample": -0.271984715650328, "max_depth": 9.0, "num_boost_round": 42.0}, "datetime": {"datetime": "2024-01-19 02:50:57", "elapsed": 9562.061462, "delta": 0.005389}}
{"target": -18.438762744765377, "params": {"gamma": 447.94066400369525, "log10_alpha": -2.6702287743337925, "log10_colsample_bytree": -0.7610552379875235, "log10_eta": -0.7086375697170135, "log10_lambda": 0.7703108439016617, "log10_min_child_weight": 0.8665131469580273, "log10_subsample": -0.271984715650328, "max_depth": 9.0, "num_boost_round": 43.0}, "datetime": {"datetime": "2024-01-19 02:50:57", "elapsed": 9562.066587, "delta": 0.005125}}
{"target": -18.44477006863462, "params": {"gamma": 447.94066400369525, "log10_alpha": -2.6702287743337925, "log10_colsample_bytree": -0.7610552379875235, "log10_eta": -0.7086375697170135, "log10_lambda": 0.7703108439016617, "log10_min_child_weight": 0.8665131469580273, "log10_subsample": -0.271984715650328, "max_depth": 9.0, "num_boost_round": 44.0}, "datetime": {"datetime": "2024-01-19 02:50:57", "elapsed": 9562.071732, "delta": 0.005145}}
{"target": -18.44433671562984, "params": {"gamma": 447.94066400369525, "log10_alpha": -2.6702287743337925, "log10_colsample_bytree": -0.7610552379875235, "log10_eta": -0.7086375697170135, "log10_lambda": 0.7703108439016617, "log10_min_child_weight": 0.8665131469580273, "log10_subsample": -0.271984715650328, "max_depth": 9.0, "num_boost_round": 45.0}, "datetime": {"datetime": "2024-01-19 02:50:57", "elapsed": 9562.076862, "delta": 0.00513}}
{"target": -18.45046382372544, "params": {"gamma": 447.94066400369525, "log10_alpha": -2.6702287743337925, "log10_colsample_bytree": -0.7610552379875235, "log10_eta": -0.7086375697170135, "log10_lambda": 0.7703108439016617, "log10_min_child_weight": 0.8665131469580273, "log10_subsample": -0.271984715650328, "max_depth": 9.0, "num_boost_round": 46.0}, "datetime": {"datetime": "2024-01-19 02:50:57", "elapsed": 9562.081985, "delta": 0.005123}}
{"target": -18.459481532324162, "params": {"gamma": 447.94066400369525, "log10_alpha": -2.6702287743337925, "log10_colsample_bytree": -0.7610552379875235, "log10_eta": -0.7086375697170135, "log10_lambda": 0.7703108439016617, "log10_min_child_weight": 0.8665131469580273, "log10_subsample": -0.271984715650328, "max_depth": 9.0, "num_boost_round": 47.0}, "datetime": {"datetime": "2024-01-19 02:50:57", "elapsed": 9562.087194, "delta": 0.005209}}
{"target": -18.495677581707056, "params": {"gamma": 447.94066400369525, "log10_alpha": -2.6702287743337925, "log10_colsample_bytree": -0.7610552379875235, "log10_eta": -0.7086375697170135, "log10_lambda": 0.7703108439016617, "log10_min_child_weight": 0.8665131469580273, "log10_subsample": -0.271984715650328, "max_depth": 9.0, "num_boost_round": 48.0}, "datetime": {"datetime": "2024-01-19 02:50:57", "elapsed": 9562.092552, "delta": 0.005358}}
{"target": -18.500687884404844, "params": {"gamma": 447.94066400369525, "log10_alpha": -2.6702287743337925, "log10_colsample_bytree": -0.7610552379875235, "log10_eta": -0.7086375697170135, "log10_lambda": 0.7703108439016617, "log10_min_child_weight": 0.8665131469580273, "log10_subsample": -0.271984715650328, "max_depth": 9.0, "num_boost_round": 49.0}, "datetime": {"datetime": "2024-01-19 02:50:57", "elapsed": 9562.097666, "delta": 0.005114}}
{"target": -18.510751227715723, "params": {"gamma": 447.94066400369525, "log10_alpha": -2.6702287743337925, "log10_colsample_bytree": -0.7610552379875235, "log10_eta": -0.7086375697170135, "log10_lambda": 0.7703108439016617, "log10_min_child_weight": 0.8665131469580273, "log10_subsample": -0.271984715650328, "max_depth": 9.0, "num_boost_round": 50.0}, "datetime": {"datetime": "2024-01-19 02:50:57", "elapsed": 9562.106759, "delta": 0.009093}}
{"target": -18.51732602790904, "params": {"gamma": 447.94066400369525, "log10_alpha": -2.6702287743337925, "log10_colsample_bytree": -0.7610552379875235, "log10_eta": -0.7086375697170135, "log10_lambda": 0.7703108439016617, "log10_min_child_weight": 0.8665131469580273, "log10_subsample": -0.271984715650328, "max_depth": 9.0, "num_boost_round": 51.0}, "datetime": {"datetime": "2024-01-19 02:50:57", "elapsed": 9562.111911, "delta": 0.005152}}
{"target": -18.53350369128689, "params": {"gamma": 447.94066400369525, "log10_alpha": -2.6702287743337925, "log10_colsample_bytree": -0.7610552379875235, "log10_eta": -0.7086375697170135, "log10_lambda": 0.7703108439016617, "log10_min_child_weight": 0.8665131469580273, "log10_subsample": -0.271984715650328, "max_depth": 9.0, "num_boost_round": 52.0}, "datetime": {"datetime": "2024-01-19 02:50:57", "elapsed": 9562.117056, "delta": 0.005145}}
{"target": -18.542064123959147, "params": {"gamma": 447.94066400369525, "log10_alpha": -2.6702287743337925, "log10_colsample_bytree": -0.7610552379875235, "log10_eta": -0.7086375697170135, "log10_lambda": 0.7703108439016617, "log10_min_child_weight": 0.8665131469580273, "log10_subsample": -0.271984715650328, "max_depth": 9.0, "num_boost_round": 53.0}, "datetime": {"datetime": "2024-01-19 02:50:57", "elapsed": 9562.122304, "delta": 0.005248}}
{"target": -17.677232185850855, "params": {"gamma": 446.9762159930344, "log10_alpha": -2.4831157574598897, "log10_colsample_bytree": -0.006453720153303422, "log10_eta": -4.0, "log10_lambda": -1.9894867727607586, "log10_min_child_weight": 5.0, "log10_subsample": -0.6181855563659742, "max_depth": 7.0, "num_boost_round": 0.0}, "datetime": {"datetime": "2024-01-19 02:52:52", "elapsed": 9677.113129, "delta": 114.990825}}
{"target": -17.67723216062988, "params": {"gamma": 446.9762159930344, "log10_alpha": -2.4831157574598897, "log10_colsample_bytree": -0.006453720153303422, "log10_eta": -4.0, "log10_lambda": -1.9894867727607586, "log10_min_child_weight": 5.0, "log10_subsample": -0.6181855563659742, "max_depth": 7.0, "num_boost_round": 1.0}, "datetime": {"datetime": "2024-01-19 02:52:52", "elapsed": 9677.119004, "delta": 0.005875}}
{"target": -17.67723133956751, "params": {"gamma": 446.9762159930344, "log10_alpha": -2.4831157574598897, "log10_colsample_bytree": -0.006453720153303422, "log10_eta": -4.0, "log10_lambda": -1.9894867727607586, "log10_min_child_weight": 5.0, "log10_subsample": -0.6181855563659742, "max_depth": 7.0, "num_boost_round": 2.0}, "datetime": {"datetime": "2024-01-19 02:52:52", "elapsed": 9677.124197, "delta": 0.005193}}
{"target": -17.677231327993507, "params": {"gamma": 446.9762159930344, "log10_alpha": -2.4831157574598897, "log10_colsample_bytree": -0.006453720153303422, "log10_eta": -4.0, "log10_lambda": -1.9894867727607586, "log10_min_child_weight": 5.0, "log10_subsample": -0.6181855563659742, "max_depth": 7.0, "num_boost_round": 3.0}, "datetime": {"datetime": "2024-01-19 02:52:52", "elapsed": 9677.129569, "delta": 0.005372}}
{"target": -17.67723050168215, "params": {"gamma": 446.9762159930344, "log10_alpha": -2.4831157574598897, "log10_colsample_bytree": -0.006453720153303422, "log10_eta": -4.0, "log10_lambda": -1.9894867727607586, "log10_min_child_weight": 5.0, "log10_subsample": -0.6181855563659742, "max_depth": 7.0, "num_boost_round": 4.0}, "datetime": {"datetime": "2024-01-19 02:52:52", "elapsed": 9677.134877, "delta": 0.005308}}
{"target": -17.677229669196873, "params": {"gamma": 446.9762159930344, "log10_alpha": -2.4831157574598897, "log10_colsample_bytree": -0.006453720153303422, "log10_eta": -4.0, "log10_lambda": -1.9894867727607586, "log10_min_child_weight": 5.0, "log10_subsample": -0.6181855563659742, "max_depth": 7.0, "num_boost_round": 5.0}, "datetime": {"datetime": "2024-01-19 02:52:52", "elapsed": 9677.140034, "delta": 0.005157}}
{"target": -17.67722968528141, "params": {"gamma": 446.9762159930344, "log10_alpha": -2.4831157574598897, "log10_colsample_bytree": -0.006453720153303422, "log10_eta": -4.0, "log10_lambda": -1.9894867727607586, "log10_min_child_weight": 5.0, "log10_subsample": -0.6181855563659742, "max_depth": 7.0, "num_boost_round": 6.0}, "datetime": {"datetime": "2024-01-19 02:52:52", "elapsed": 9677.145232, "delta": 0.005198}}
{"target": -17.677228825313673, "params": {"gamma": 446.9762159930344, "log10_alpha": -2.4831157574598897, "log10_colsample_bytree": -0.006453720153303422, "log10_eta": -4.0, "log10_lambda": -1.9894867727607586, "log10_min_child_weight": 5.0, "log10_subsample": -0.6181855563659742, "max_depth": 7.0, "num_boost_round": 7.0}, "datetime": {"datetime": "2024-01-19 02:52:52", "elapsed": 9677.15056, "delta": 0.005328}}
{"target": -17.6772280273711, "params": {"gamma": 446.9762159930344, "log10_alpha": -2.4831157574598897, "log10_colsample_bytree": -0.006453720153303422, "log10_eta": -4.0, "log10_lambda": -1.9894867727607586, "log10_min_child_weight": 5.0, "log10_subsample": -0.6181855563659742, "max_depth": 7.0, "num_boost_round": 8.0}, "datetime": {"datetime": "2024-01-19 02:52:52", "elapsed": 9677.155803, "delta": 0.005243}}
{"target": -17.677228042440944, "params": {"gamma": 446.9762159930344, "log10_alpha": -2.4831157574598897, "log10_colsample_bytree": -0.006453720153303422, "log10_eta": -4.0, "log10_lambda": -1.9894867727607586, "log10_min_child_weight": 5.0, "log10_subsample": -0.6181855563659742, "max_depth": 7.0, "num_boost_round": 9.0}, "datetime": {"datetime": "2024-01-19 02:52:52", "elapsed": 9677.160944, "delta": 0.005141}}
{"target": -17.677227771704388, "params": {"gamma": 446.9762159930344, "log10_alpha": -2.4831157574598897, "log10_colsample_bytree": -0.006453720153303422, "log10_eta": -4.0, "log10_lambda": -1.9894867727607586, "log10_min_child_weight": 5.0, "log10_subsample": -0.6181855563659742, "max_depth": 7.0, "num_boost_round": 10.0}, "datetime": {"datetime": "2024-01-19 02:52:52", "elapsed": 9677.166106, "delta": 0.005162}}
{"target": -17.677227031219363, "params": {"gamma": 446.9762159930344, "log10_alpha": -2.4831157574598897, "log10_colsample_bytree": -0.006453720153303422, "log10_eta": -4.0, "log10_lambda": -1.9894867727607586, "log10_min_child_weight": 5.0, "log10_subsample": -0.6181855563659742, "max_depth": 7.0, "num_boost_round": 11.0}, "datetime": {"datetime": "2024-01-19 02:52:52", "elapsed": 9677.171514, "delta": 0.005408}}
{"target": -17.67722616611256, "params": {"gamma": 446.9762159930344, "log10_alpha": -2.4831157574598897, "log10_colsample_bytree": -0.006453720153303422, "log10_eta": -4.0, "log10_lambda": -1.9894867727607586, "log10_min_child_weight": 5.0, "log10_subsample": -0.6181855563659742, "max_depth": 7.0, "num_boost_round": 12.0}, "datetime": {"datetime": "2024-01-19 02:52:52", "elapsed": 9677.176858, "delta": 0.005344}}
{"target": -17.677226150322152, "params": {"gamma": 446.9762159930344, "log10_alpha": -2.4831157574598897, "log10_colsample_bytree": -0.006453720153303422, "log10_eta": -4.0, "log10_lambda": -1.9894867727607586, "log10_min_child_weight": 5.0, "log10_subsample": -0.6181855563659742, "max_depth": 7.0, "num_boost_round": 13.0}, "datetime": {"datetime": "2024-01-19 02:52:52", "elapsed": 9677.182167, "delta": 0.005309}}
{"target": -17.677226149311107, "params": {"gamma": 446.9762159930344, "log10_alpha": -2.4831157574598897, "log10_colsample_bytree": -0.006453720153303422, "log10_eta": -4.0, "log10_lambda": -1.9894867727607586, "log10_min_child_weight": 5.0, "log10_subsample": -0.6181855563659742, "max_depth": 7.0, "num_boost_round": 14.0}, "datetime": {"datetime": "2024-01-19 02:52:52", "elapsed": 9677.187516, "delta": 0.005349}}
{"target": -17.67722616726113, "params": {"gamma": 446.9762159930344, "log10_alpha": -2.4831157574598897, "log10_colsample_bytree": -0.006453720153303422, "log10_eta": -4.0, "log10_lambda": -1.9894867727607586, "log10_min_child_weight": 5.0, "log10_subsample": -0.6181855563659742, "max_depth": 7.0, "num_boost_round": 15.0}, "datetime": {"datetime": "2024-01-19 02:52:52", "elapsed": 9677.299414, "delta": 0.111898}}
{"target": -17.67722535738709, "params": {"gamma": 446.9762159930344, "log10_alpha": -2.4831157574598897, "log10_colsample_bytree": -0.006453720153303422, "log10_eta": -4.0, "log10_lambda": -1.9894867727607586, "log10_min_child_weight": 5.0, "log10_subsample": -0.6181855563659742, "max_depth": 7.0, "num_boost_round": 16.0}, "datetime": {"datetime": "2024-01-19 02:52:52", "elapsed": 9677.305322, "delta": 0.005908}}
{"target": -17.677224497697715, "params": {"gamma": 446.9762159930344, "log10_alpha": -2.4831157574598897, "log10_colsample_bytree": -0.006453720153303422, "log10_eta": -4.0, "log10_lambda": -1.9894867727607586, "log10_min_child_weight": 5.0, "log10_subsample": -0.6181855563659742, "max_depth": 7.0, "num_boost_round": 17.0}, "datetime": {"datetime": "2024-01-19 02:52:52", "elapsed": 9677.310587, "delta": 0.005265}}
{"target": -17.677223693872634, "params": {"gamma": 446.9762159930344, "log10_alpha": -2.4831157574598897, "log10_colsample_bytree": -0.006453720153303422, "log10_eta": -4.0, "log10_lambda": -1.9894867727607586, "log10_min_child_weight": 5.0, "log10_subsample": -0.6181855563659742, "max_depth": 7.0, "num_boost_round": 18.0}, "datetime": {"datetime": "2024-01-19 02:52:52", "elapsed": 9677.315774, "delta": 0.005187}}
{"target": -17.67722285140149, "params": {"gamma": 446.9762159930344, "log10_alpha": -2.4831157574598897, "log10_colsample_bytree": -0.006453720153303422, "log10_eta": -4.0, "log10_lambda": -1.9894867727607586, "log10_min_child_weight": 5.0, "log10_subsample": -0.6181855563659742, "max_depth": 7.0, "num_boost_round": 19.0}, "datetime": {"datetime": "2024-01-19 02:52:52", "elapsed": 9677.321096, "delta": 0.005322}}
{"target": -17.677222846968853, "params": {"gamma": 446.9762159930344, "log10_alpha": -2.4831157574598897, "log10_colsample_bytree": -0.006453720153303422, "log10_eta": -4.0, "log10_lambda": -1.9894867727607586, "log10_min_child_weight": 5.0, "log10_subsample": -0.6181855563659742, "max_depth": 7.0, "num_boost_round": 20.0}, "datetime": {"datetime": "2024-01-19 02:52:52", "elapsed": 9677.326599, "delta": 0.005503}}
{"target": -17.677222860465243, "params": {"gamma": 446.9762159930344, "log10_alpha": -2.4831157574598897, "log10_colsample_bytree": -0.006453720153303422, "log10_eta": -4.0, "log10_lambda": -1.9894867727607586, "log10_min_child_weight": 5.0, "log10_subsample": -0.6181855563659742, "max_depth": 7.0, "num_boost_round": 21.0}, "datetime": {"datetime": "2024-01-19 02:52:52", "elapsed": 9677.331846, "delta": 0.005247}}
{"target": -17.6772220760746, "params": {"gamma": 446.9762159930344, "log10_alpha": -2.4831157574598897, "log10_colsample_bytree": -0.006453720153303422, "log10_eta": -4.0, "log10_lambda": -1.9894867727607586, "log10_min_child_weight": 5.0, "log10_subsample": -0.6181855563659742, "max_depth": 7.0, "num_boost_round": 22.0}, "datetime": {"datetime": "2024-01-19 02:52:52", "elapsed": 9677.337167, "delta": 0.005321}}
{"target": -17.677221258360145, "params": {"gamma": 446.9762159930344, "log10_alpha": -2.4831157574598897, "log10_colsample_bytree": -0.006453720153303422, "log10_eta": -4.0, "log10_lambda": -1.9894867727607586, "log10_min_child_weight": 5.0, "log10_subsample": -0.6181855563659742, "max_depth": 7.0, "num_boost_round": 23.0}, "datetime": {"datetime": "2024-01-19 02:52:52", "elapsed": 9677.342375, "delta": 0.005208}}
{"target": -17.67722057057649, "params": {"gamma": 446.9762159930344, "log10_alpha": -2.4831157574598897, "log10_colsample_bytree": -0.006453720153303422, "log10_eta": -4.0, "log10_lambda": -1.9894867727607586, "log10_min_child_weight": 5.0, "log10_subsample": -0.6181855563659742, "max_depth": 7.0, "num_boost_round": 24.0}, "datetime": {"datetime": "2024-01-19 02:52:52", "elapsed": 9677.347602, "delta": 0.005227}}
{"target": -17.67721969495873, "params": {"gamma": 446.9762159930344, "log10_alpha": -2.4831157574598897, "log10_colsample_bytree": -0.006453720153303422, "log10_eta": -4.0, "log10_lambda": -1.9894867727607586, "log10_min_child_weight": 5.0, "log10_subsample": -0.6181855563659742, "max_depth": 7.0, "num_boost_round": 25.0}, "datetime": {"datetime": "2024-01-19 02:52:52", "elapsed": 9677.352925, "delta": 0.005323}}
{"target": -17.67721969128964, "params": {"gamma": 446.9762159930344, "log10_alpha": -2.4831157574598897, "log10_colsample_bytree": -0.006453720153303422, "log10_eta": -4.0, "log10_lambda": -1.9894867727607586, "log10_min_child_weight": 5.0, "log10_subsample": -0.6181855563659742, "max_depth": 7.0, "num_boost_round": 26.0}, "datetime": {"datetime": "2024-01-19 02:52:52", "elapsed": 9677.358408, "delta": 0.005483}}
{"target": -17.677219696655985, "params": {"gamma": 446.9762159930344, "log10_alpha": -2.4831157574598897, "log10_colsample_bytree": -0.006453720153303422, "log10_eta": -4.0, "log10_lambda": -1.9894867727607586, "log10_min_child_weight": 5.0, "log10_subsample": -0.6181855563659742, "max_depth": 7.0, "num_boost_round": 27.0}, "datetime": {"datetime": "2024-01-19 02:52:52", "elapsed": 9677.363627, "delta": 0.005219}}
{"target": -17.677230495430994, "params": {"gamma": 428.0447899004786, "log10_alpha": 0.9952033573989656, "log10_colsample_bytree": -0.9339135015483726, "log10_eta": -3.5936820644948475, "log10_lambda": 0.4869618923980319, "log10_min_child_weight": 3.2159136660738104, "log10_subsample": -0.8028112999275727, "max_depth": 4.0, "num_boost_round": 0.0}, "datetime": {"datetime": "2024-01-19 02:55:09", "elapsed": 9814.481529, "delta": 137.117902}}
{"target": -17.677232324384622, "params": {"gamma": 428.0447899004786, "log10_alpha": 0.9952033573989656, "log10_colsample_bytree": -0.9339135015483726, "log10_eta": -3.5936820644948475, "log10_lambda": 0.4869618923980319, "log10_min_child_weight": 3.2159136660738104, "log10_subsample": -0.8028112999275727, "max_depth": 4.0, "num_boost_round": 1.0}, "datetime": {"datetime": "2024-01-19 02:55:09", "elapsed": 9814.487194, "delta": 0.005665}}
{"target": -17.677227609345017, "params": {"gamma": 428.0447899004786, "log10_alpha": 0.9952033573989656, "log10_colsample_bytree": -0.9339135015483726, "log10_eta": -3.5936820644948475, "log10_lambda": 0.4869618923980319, "log10_min_child_weight": 3.2159136660738104, "log10_subsample": -0.8028112999275727, "max_depth": 4.0, "num_boost_round": 2.0}, "datetime": {"datetime": "2024-01-19 02:55:09", "elapsed": 9814.492424, "delta": 0.00523}}
{"target": -17.6772249247294, "params": {"gamma": 428.0447899004786, "log10_alpha": 0.9952033573989656, "log10_colsample_bytree": -0.9339135015483726, "log10_eta": -3.5936820644948475, "log10_lambda": 0.4869618923980319, "log10_min_child_weight": 3.2159136660738104, "log10_subsample": -0.8028112999275727, "max_depth": 4.0, "num_boost_round": 3.0}, "datetime": {"datetime": "2024-01-19 02:55:09", "elapsed": 9814.497595, "delta": 0.005171}}
{"target": -17.677218748523348, "params": {"gamma": 428.0447899004786, "log10_alpha": 0.9952033573989656, "log10_colsample_bytree": -0.9339135015483726, "log10_eta": -3.5936820644948475, "log10_lambda": 0.4869618923980319, "log10_min_child_weight": 3.2159136660738104, "log10_subsample": -0.8028112999275727, "max_depth": 4.0, "num_boost_round": 4.0}, "datetime": {"datetime": "2024-01-19 02:55:09", "elapsed": 9814.502841, "delta": 0.005246}}
{"target": -17.67721735077484, "params": {"gamma": 428.0447899004786, "log10_alpha": 0.9952033573989656, "log10_colsample_bytree": -0.9339135015483726, "log10_eta": -3.5936820644948475, "log10_lambda": 0.4869618923980319, "log10_min_child_weight": 3.2159136660738104, "log10_subsample": -0.8028112999275727, "max_depth": 4.0, "num_boost_round": 5.0}, "datetime": {"datetime": "2024-01-19 02:55:09", "elapsed": 9814.508239, "delta": 0.005398}}
{"target": -17.67721419907095, "params": {"gamma": 428.0447899004786, "log10_alpha": 0.9952033573989656, "log10_colsample_bytree": -0.9339135015483726, "log10_eta": -3.5936820644948475, "log10_lambda": 0.4869618923980319, "log10_min_child_weight": 3.2159136660738104, "log10_subsample": -0.8028112999275727, "max_depth": 4.0, "num_boost_round": 6.0}, "datetime": {"datetime": "2024-01-19 02:55:10", "elapsed": 9814.513619, "delta": 0.00538}}
{"target": -17.677213151655884, "params": {"gamma": 428.0447899004786, "log10_alpha": 0.9952033573989656, "log10_colsample_bytree": -0.9339135015483726, "log10_eta": -3.5936820644948475, "log10_lambda": 0.4869618923980319, "log10_min_child_weight": 3.2159136660738104, "log10_subsample": -0.8028112999275727, "max_depth": 4.0, "num_boost_round": 7.0}, "datetime": {"datetime": "2024-01-19 02:55:10", "elapsed": 9814.519104, "delta": 0.005485}}
