{"target": -17.677132216486083, "params": {"gamma": 20.377888877180062, "log10_alpha": -0.36277545205232276, "log10_colsample_bytree": -0.45358708463827313, "log10_eta": -3.770845506940943, "log10_lambda": 0.7184923513826877, "log10_min_child_weight": 0.28466289467501515, "log10_subsample": -0.7852708001915795, "max_depth": 3.0, "num_boost_round": 18.0}, "datetime": {"datetime": "2024-01-19 00:38:02", "elapsed": 1636.49987, "delta": 0.001914}}
{"target": -17.67712596380018, "params": {"gamma": 20.377888877180062, "log10_alpha": -0.36277545205232276, "log10_colsample_bytree": -0.45358708463827313, "log10_eta": -3.770845506940943, "log10_lambda": 0.7184923513826877, "log10_min_child_weight": 0.28466289467501515, "log10_subsample": -0.7852708001915795, "max_depth": 3.0, "num_boost_round": 19.0}, "datetime": {"datetime": "2024-01-19 00:38:02", "elapsed": 1636.501796, "delta": 0.001926}}
{"target": -17.677122110833682, "params": {"gamma": 20.377888877180062, "log10_alpha": -0.36277545205232276, "log10_colsample_bytree": -0.45358708463827313, "log10_eta": -3.770845506940943, "log10_lambda": 0.7184923513826877, "log10_min_child_weight": 0.28466289467501515, "log10_subsample": -0.7852708001915795, "max_depth": 3.0, "num_boost_round": 20.0}, "datetime": {"datetime": "2024-01-19 00:38:02", "elapsed": 1636.503751, "delta": 0.001955}}
{"target": -17.677115478314942, "params": {"gamma": 20.377888877180062, "log10_alpha": -0.36277545205232276, "log10_colsample_bytree": -0.45358708463827313, "log10_eta": -3.770845506940943, "log10_lambda": 0.7184923513826877, "log10_min_child_weight": 0.28466289467501515, "log10_subsample": -0.7852708001915795, "max_depth": 3.0, "num_boost_round": 21.0}, "datetime": {"datetime": "2024-01-19 00:38:02", "elapsed": 1636.505662, "delta": 0.001911}}
{"target": -17.67710549869635, "params": {"gamma": 20.377888877180062, "log10_alpha": -0.36277545205232276, "log10_colsample_bytree": -0.45358708463827313, "log10_eta": -3.770845506940943, "log10_lambda": 0.7184923513826877, "log10_min_child_weight": 0.28466289467501515, "log10_subsample": -0.7852708001915795, "max_depth": 3.0, "num_boost_round": 22.0}, "datetime": {"datetime": "2024-01-19 00:38:02", "elapsed": 1636.507803, "delta": 0.002141}}
{"target": -17.677093498954374, "params": {"gamma": 20.377888877180062, "log10_alpha": -0.36277545205232276, "log10_colsample_bytree": -0.45358708463827313, "log10_eta": -3.770845506940943, "log10_lambda": 0.7184923513826877, "log10_min_child_weight": 0.28466289467501515, "log10_subsample": -0.7852708001915795, "max_depth": 3.0, "num_boost_round": 23.0}, "datetime": {"datetime": "2024-01-19 00:38:02", "elapsed": 1636.50969, "delta": 0.001887}}
{"target": -17.67709095962968, "params": {"gamma": 20.377888877180062, "log10_alpha": -0.36277545205232276, "log10_colsample_bytree": -0.45358708463827313, "log10_eta": -3.770845506940943, "log10_lambda": 0.7184923513826877, "log10_min_child_weight": 0.28466289467501515, "log10_subsample": -0.7852708001915795, "max_depth": 3.0, "num_boost_round": 24.0}, "datetime": {"datetime": "2024-01-19 00:38:02", "elapsed": 1636.511832, "delta": 0.002142}}
{"target": -17.677082761870306, "params": {"gamma": 20.377888877180062, "log10_alpha": -0.36277545205232276, "log10_colsample_bytree": -0.45358708463827313, "log10_eta": -3.770845506940943, "log10_lambda": 0.7184923513826877, "log10_min_child_weight": 0.28466289467501515, "log10_subsample": -0.7852708001915795, "max_depth": 3.0, "num_boost_round": 25.0}, "datetime": {"datetime": "2024-01-19 00:38:02", "elapsed": 1636.513778, "delta": 0.001946}}
{"target": -17.677077432641234, "params": {"gamma": 20.377888877180062, "log10_alpha": -0.36277545205232276, "log10_colsample_bytree": -0.45358708463827313, "log10_eta": -3.770845506940943, "log10_lambda": 0.7184923513826877, "log10_min_child_weight": 0.28466289467501515, "log10_subsample": -0.7852708001915795, "max_depth": 3.0, "num_boost_round": 26.0}, "datetime": {"datetime": "2024-01-19 00:38:02", "elapsed": 1636.515728, "delta": 0.00195}}
{"target": -17.677076112130713, "params": {"gamma": 20.377888877180062, "log10_alpha": -0.36277545205232276, "log10_colsample_bytree": -0.45358708463827313, "log10_eta": -3.770845506940943, "log10_lambda": 0.7184923513826877, "log10_min_child_weight": 0.28466289467501515, "log10_subsample": -0.7852708001915795, "max_depth": 3.0, "num_boost_round": 27.0}, "datetime": {"datetime": "2024-01-19 00:38:02", "elapsed": 1636.517957, "delta": 0.002229}}
{"target": -17.677067466806122, "params": {"gamma": 20.377888877180062, "log10_alpha": -0.36277545205232276, "log10_colsample_bytree": -0.45358708463827313, "log10_eta": -3.770845506940943, "log10_lambda": 0.7184923513826877, "log10_min_child_weight": 0.28466289467501515, "log10_subsample": -0.7852708001915795, "max_depth": 3.0, "num_boost_round": 28.0}, "datetime": {"datetime": "2024-01-19 00:38:02", "elapsed": 1636.51991, "delta": 0.001953}}
{"target": -17.67705749318202, "params": {"gamma": 20.377888877180062, "log10_alpha": -0.36277545205232276, "log10_colsample_bytree": -0.45358708463827313, "log10_eta": -3.770845506940943, "log10_lambda": 0.7184923513826877, "log10_min_child_weight": 0.28466289467501515, "log10_subsample": -0.7852708001915795, "max_depth": 3.0, "num_boost_round": 29.0}, "datetime": {"datetime": "2024-01-19 00:38:02", "elapsed": 1636.522821, "delta": 0.002911}}
{"target": -17.677053449662125, "params": {"gamma": 20.377888877180062, "log10_alpha": -0.36277545205232276, "log10_colsample_bytree": -0.45358708463827313, "log10_eta": -3.770845506940943, "log10_lambda": 0.7184923513826877, "log10_min_child_weight": 0.28466289467501515, "log10_subsample": -0.7852708001915795, "max_depth": 3.0, "num_boost_round": 30.0}, "datetime": {"datetime": "2024-01-19 00:38:02", "elapsed": 1636.524912, "delta": 0.002091}}
{"target": -17.67704438174497, "params": {"gamma": 20.377888877180062, "log10_alpha": -0.36277545205232276, "log10_colsample_bytree": -0.45358708463827313, "log10_eta": -3.770845506940943, "log10_lambda": 0.7184923513826877, "log10_min_child_weight": 0.28466289467501515, "log10_subsample": -0.7852708001915795, "max_depth": 3.0, "num_boost_round": 31.0}, "datetime": {"datetime": "2024-01-19 00:38:02", "elapsed": 1636.527049, "delta": 0.002137}}
{"target": -17.677039032482845, "params": {"gamma": 20.377888877180062, "log10_alpha": -0.36277545205232276, "log10_colsample_bytree": -0.45358708463827313, "log10_eta": -3.770845506940943, "log10_lambda": 0.7184923513826877, "log10_min_child_weight": 0.28466289467501515, "log10_subsample": -0.7852708001915795, "max_depth": 3.0, "num_boost_round": 32.0}, "datetime": {"datetime": "2024-01-19 00:38:02", "elapsed": 1636.529014, "delta": 0.001965}}
{"target": -17.677027298683704, "params": {"gamma": 20.377888877180062, "log10_alpha": -0.36277545205232276, "log10_colsample_bytree": -0.45358708463827313, "log10_eta": -3.770845506940943, "log10_lambda": 0.7184923513826877, "log10_min_child_weight": 0.28466289467501515, "log10_subsample": -0.7852708001915795, "max_depth": 3.0, "num_boost_round": 33.0}, "datetime": {"datetime": "2024-01-19 00:38:02", "elapsed": 1636.531063, "delta": 0.002049}}
{"target": -17.67701952714141, "params": {"gamma": 20.377888877180062, "log10_alpha": -0.36277545205232276, "log10_colsample_bytree": -0.45358708463827313, "log10_eta": -3.770845506940943, "log10_lambda": 0.7184923513826877, "log10_min_child_weight": 0.28466289467501515, "log10_subsample": -0.7852708001915795, "max_depth": 3.0, "num_boost_round": 34.0}, "datetime": {"datetime": "2024-01-19 00:38:02", "elapsed": 1636.533168, "delta": 0.002105}}
{"target": -17.67701336598904, "params": {"gamma": 20.377888877180062, "log10_alpha": -0.36277545205232276, "log10_colsample_bytree": -0.45358708463827313, "log10_eta": -3.770845506940943, "log10_lambda": 0.7184923513826877, "log10_min_child_weight": 0.28466289467501515, "log10_subsample": -0.7852708001915795, "max_depth": 3.0, "num_boost_round": 35.0}, "datetime": {"datetime": "2024-01-19 00:38:02", "elapsed": 1636.535235, "delta": 0.002067}}
{"target": -17.677010843355095, "params": {"gamma": 20.377888877180062, "log10_alpha": -0.36277545205232276, "log10_colsample_bytree": -0.45358708463827313, "log10_eta": -3.770845506940943, "log10_lambda": 0.7184923513826877, "log10_min_child_weight": 0.28466289467501515, "log10_subsample": -0.7852708001915795, "max_depth": 3.0, "num_boost_round": 36.0}, "datetime": {"datetime": "2024-01-19 00:38:02", "elapsed": 1636.537342, "delta": 0.002107}}
{"target": -17.677008285129183, "params": {"gamma": 20.377888877180062, "log10_alpha": -0.36277545205232276, "log10_colsample_bytree": -0.45358708463827313, "log10_eta": -3.770845506940943, "log10_lambda": 0.7184923513826877, "log10_min_child_weight": 0.28466289467501515, "log10_subsample": -0.7852708001915795, "max_depth": 3.0, "num_boost_round": 37.0}, "datetime": {"datetime": "2024-01-19 00:38:02", "elapsed": 1636.53944, "delta": 0.002098}}
{"target": -17.677004209262762, "params": {"gamma": 20.377888877180062, "log10_alpha": -0.36277545205232276, "log10_colsample_bytree": -0.45358708463827313, "log10_eta": -3.770845506940943, "log10_lambda": 0.7184923513826877, "log10_min_child_weight": 0.28466289467501515, "log10_subsample": -0.7852708001915795, "max_depth": 3.0, "num_boost_round": 38.0}, "datetime": {"datetime": "2024-01-19 00:38:02", "elapsed": 1636.541486, "delta": 0.002046}}
{"target": -17.676996263378875, "params": {"gamma": 20.377888877180062, "log10_alpha": -0.36277545205232276, "log10_colsample_bytree": -0.45358708463827313, "log10_eta": -3.770845506940943, "log10_lambda": 0.7184923513826877, "log10_min_child_weight": 0.28466289467501515, "log10_subsample": -0.7852708001915795, "max_depth": 3.0, "num_boost_round": 39.0}, "datetime": {"datetime": "2024-01-19 00:38:02", "elapsed": 1636.543543, "delta": 0.002057}}
{"target": -17.676987925965, "params": {"gamma": 20.377888877180062, "log10_alpha": -0.36277545205232276, "log10_colsample_bytree": -0.45358708463827313, "log10_eta": -3.770845506940943, "log10_lambda": 0.7184923513826877, "log10_min_child_weight": 0.28466289467501515, "log10_subsample": -0.7852708001915795, "max_depth": 3.0, "num_boost_round": 40.0}, "datetime": {"datetime": "2024-01-19 00:38:02", "elapsed": 1636.545612, "delta": 0.002069}}
{"target": -17.67698249074808, "params": {"gamma": 20.377888877180062, "log10_alpha": -0.36277545205232276, "log10_colsample_bytree": -0.45358708463827313, "log10_eta": -3.770845506940943, "log10_lambda": 0.7184923513826877, "log10_min_child_weight": 0.28466289467501515, "log10_subsample": -0.7852708001915795, "max_depth": 3.0, "num_boost_round": 41.0}, "datetime": {"datetime": "2024-01-19 00:38:02", "elapsed": 1636.547611, "delta": 0.001999}}
{"target": -17.6769759255936, "params": {"gamma": 20.377888877180062, "log10_alpha": -0.36277545205232276, "log10_colsample_bytree": -0.45358708463827313, "log10_eta": -3.770845506940943, "log10_lambda": 0.7184923513826877, "log10_min_child_weight": 0.28466289467501515, "log10_subsample": -0.7852708001915795, "max_depth": 3.0, "num_boost_round": 42.0}, "datetime": {"datetime": "2024-01-19 00:38:02", "elapsed": 1636.549614, "delta": 0.002003}}
{"target": -17.67697196951096, "params": {"gamma": 20.377888877180062, "log10_alpha": -0.36277545205232276, "log10_colsample_bytree": -0.45358708463827313, "log10_eta": -3.770845506940943, "log10_lambda": 0.7184923513826877, "log10_min_child_weight": 0.28466289467501515, "log10_subsample": -0.7852708001915795, "max_depth": 3.0, "num_boost_round": 43.0}, "datetime": {"datetime": "2024-01-19 00:38:02", "elapsed": 1636.551578, "delta": 0.001964}}
{"target": -17.677110568152937, "params": {"gamma": 35.50836171212956, "log10_alpha": -0.8785569199368828, "log10_colsample_bytree": -0.058649073511580774, "log10_eta": -2.390855608416674, "log10_lambda": -2.505662467828828, "log10_min_child_weight": 1.625930691824478, "log10_subsample": -0.9207059470299652, "max_depth": 2.0, "num_boost_round": 0.0}, "datetime": {"datetime": "2024-01-19 00:38:35", "elapsed": 1669.061502, "delta": 32.509924}}
{"target": -17.676997797099894, "params": {"gamma": 35.50836171212956, "log10_alpha": -0.8785569199368828, "log10_colsample_bytree": -0.058649073511580774, "log10_eta": -2.390855608416674, "log10_lambda": -2.505662467828828, "log10_min_child_weight": 1.625930691824478, "log10_subsample": -0.9207059470299652, "max_depth": 2.0, "num_boost_round": 1.0}, "datetime": {"datetime": "2024-01-19 00:38:35", "elapsed": 1669.064111, "delta": 0.002609}}
{"target": -17.676879813397473, "params": {"gamma": 35.50836171212956, "log10_alpha": -0.8785569199368828, "log10_colsample_bytree": -0.058649073511580774, "log10_eta": -2.390855608416674, "log10_lambda": -2.505662467828828, "log10_min_child_weight": 1.625930691824478, "log10_subsample": -0.9207059470299652, "max_depth": 2.0, "num_boost_round": 2.0}, "datetime": {"datetime": "2024-01-19 00:38:35", "elapsed": 1669.066602, "delta": 0.002491}}
{"target": -17.676776899760476, "params": {"gamma": 35.50836171212956, "log10_alpha": -0.8785569199368828, "log10_colsample_bytree": -0.058649073511580774, "log10_eta": -2.390855608416674, "log10_lambda": -2.505662467828828, "log10_min_child_weight": 1.625930691824478, "log10_subsample": -0.9207059470299652, "max_depth": 2.0, "num_boost_round": 3.0}, "datetime": {"datetime": "2024-01-19 00:38:35", "elapsed": 1669.0689, "delta": 0.002298}}
{"target": -17.67668461676064, "params": {"gamma": 35.50836171212956, "log10_alpha": -0.8785569199368828, "log10_colsample_bytree": -0.058649073511580774, "log10_eta": -2.390855608416674, "log10_lambda": -2.505662467828828, "log10_min_child_weight": 1.625930691824478, "log10_subsample": -0.9207059470299652, "max_depth": 2.0, "num_boost_round": 4.0}, "datetime": {"datetime": "2024-01-19 00:38:35", "elapsed": 1669.070998, "delta": 0.002098}}
{"target": -17.676577169434363, "params": {"gamma": 35.50836171212956, "log10_alpha": -0.8785569199368828, "log10_colsample_bytree": -0.058649073511580774, "log10_eta": -2.390855608416674, "log10_lambda": -2.505662467828828, "log10_min_child_weight": 1.625930691824478, "log10_subsample": -0.9207059470299652, "max_depth": 2.0, "num_boost_round": 5.0}, "datetime": {"datetime": "2024-01-19 00:38:35", "elapsed": 1669.073012, "delta": 0.002014}}
{"target": -17.676471872266028, "params": {"gamma": 35.50836171212956, "log10_alpha": -0.8785569199368828, "log10_colsample_bytree": -0.058649073511580774, "log10_eta": -2.390855608416674, "log10_lambda": -2.505662467828828, "log10_min_child_weight": 1.625930691824478, "log10_subsample": -0.9207059470299652, "max_depth": 2.0, "num_boost_round": 6.0}, "datetime": {"datetime": "2024-01-19 00:38:35", "elapsed": 1669.075026, "delta": 0.002014}}
{"target": -17.676376101823514, "params": {"gamma": 35.50836171212956, "log10_alpha": -0.8785569199368828, "log10_colsample_bytree": -0.058649073511580774, "log10_eta": -2.390855608416674, "log10_lambda": -2.505662467828828, "log10_min_child_weight": 1.625930691824478, "log10_subsample": -0.9207059470299652, "max_depth": 2.0, "num_boost_round": 7.0}, "datetime": {"datetime": "2024-01-19 00:38:35", "elapsed": 1669.077038, "delta": 0.002012}}
{"target": -17.67626979676791, "params": {"gamma": 35.50836171212956, "log10_alpha": -0.8785569199368828, "log10_colsample_bytree": -0.058649073511580774, "log10_eta": -2.390855608416674, "log10_lambda": -2.505662467828828, "log10_min_child_weight": 1.625930691824478, "log10_subsample": -0.9207059470299652, "max_depth": 2.0, "num_boost_round": 8.0}, "datetime": {"datetime": "2024-01-19 00:38:35", "elapsed": 1669.079101, "delta": 0.002063}}
{"target": -17.676098057742376, "params": {"gamma": 35.50836171212956, "log10_alpha": -0.8785569199368828, "log10_colsample_bytree": -0.058649073511580774, "log10_eta": -2.390855608416674, "log10_lambda": -2.505662467828828, "log10_min_child_weight": 1.625930691824478, "log10_subsample": -0.9207059470299652, "max_depth": 2.0, "num_boost_round": 9.0}, "datetime": {"datetime": "2024-01-19 00:38:35", "elapsed": 1669.081112, "delta": 0.002011}}
{"target": -17.676001935720333, "params": {"gamma": 35.50836171212956, "log10_alpha": -0.8785569199368828, "log10_colsample_bytree": -0.058649073511580774, "log10_eta": -2.390855608416674, "log10_lambda": -2.505662467828828, "log10_min_child_weight": 1.625930691824478, "log10_subsample": -0.9207059470299652, "max_depth": 2.0, "num_boost_round": 10.0}, "datetime": {"datetime": "2024-01-19 00:38:35", "elapsed": 1669.083136, "delta": 0.002024}}
{"target": -17.67591434466732, "params": {"gamma": 35.50836171212956, "log10_alpha": -0.8785569199368828, "log10_colsample_bytree": -0.058649073511580774, "log10_eta": -2.390855608416674, "log10_lambda": -2.505662467828828, "log10_min_child_weight": 1.625930691824478, "log10_subsample": -0.9207059470299652, "max_depth": 2.0, "num_boost_round": 11.0}, "datetime": {"datetime": "2024-01-19 00:38:35", "elapsed": 1669.085194, "delta": 0.002058}}
{"target": -17.67582519381054, "params": {"gamma": 35.50836171212956, "log10_alpha": -0.8785569199368828, "log10_colsample_bytree": -0.058649073511580774, "log10_eta": -2.390855608416674, "log10_lambda": -2.505662467828828, "log10_min_child_weight": 1.625930691824478, "log10_subsample": -0.9207059470299652, "max_depth": 2.0, "num_boost_round": 12.0}, "datetime": {"datetime": "2024-01-19 00:38:35", "elapsed": 1669.087366, "delta": 0.002172}}
{"target": -17.67574708141288, "params": {"gamma": 35.50836171212956, "log10_alpha": -0.8785569199368828, "log10_colsample_bytree": -0.058649073511580774, "log10_eta": -2.390855608416674, "log10_lambda": -2.505662467828828, "log10_min_child_weight": 1.625930691824478, "log10_subsample": -0.9207059470299652, "max_depth": 2.0, "num_boost_round": 13.0}, "datetime": {"datetime": "2024-01-19 00:38:35", "elapsed": 1669.089328, "delta": 0.001962}}
{"target": -17.675684414550293, "params": {"gamma": 35.50836171212956, "log10_alpha": -0.8785569199368828, "log10_colsample_bytree": -0.058649073511580774, "log10_eta": -2.390855608416674, "log10_lambda": -2.505662467828828, "log10_min_child_weight": 1.625930691824478, "log10_subsample": -0.9207059470299652, "max_depth": 2.0, "num_boost_round": 14.0}, "datetime": {"datetime": "2024-01-19 00:38:35", "elapsed": 1669.091355, "delta": 0.002027}}
{"target": -17.67561679529237, "params": {"gamma": 35.50836171212956, "log10_alpha": -0.8785569199368828, "log10_colsample_bytree": -0.058649073511580774, "log10_eta": -2.390855608416674, "log10_lambda": -2.505662467828828, "log10_min_child_weight": 1.625930691824478, "log10_subsample": -0.9207059470299652, "max_depth": 2.0, "num_boost_round": 15.0}, "datetime": {"datetime": "2024-01-19 00:38:35", "elapsed": 1669.0934, "delta": 0.002045}}
{"target": -17.67550755053248, "params": {"gamma": 35.50836171212956, "log10_alpha": -0.8785569199368828, "log10_colsample_bytree": -0.058649073511580774, "log10_eta": -2.390855608416674, "log10_lambda": -2.505662467828828, "log10_min_child_weight": 1.625930691824478, "log10_subsample": -0.9207059470299652, "max_depth": 2.0, "num_boost_round": 16.0}, "datetime": {"datetime": "2024-01-19 00:38:35", "elapsed": 1669.095429, "delta": 0.002029}}
{"target": -17.675471288654798, "params": {"gamma": 35.50836171212956, "log10_alpha": -0.8785569199368828, "log10_colsample_bytree": -0.058649073511580774, "log10_eta": -2.390855608416674, "log10_lambda": -2.505662467828828, "log10_min_child_weight": 1.625930691824478, "log10_subsample": -0.9207059470299652, "max_depth": 2.0, "num_boost_round": 17.0}, "datetime": {"datetime": "2024-01-19 00:38:35", "elapsed": 1669.097507, "delta": 0.002078}}
{"target": -17.675397124298744, "params": {"gamma": 35.50836171212956, "log10_alpha": -0.8785569199368828, "log10_colsample_bytree": -0.058649073511580774, "log10_eta": -2.390855608416674, "log10_lambda": -2.505662467828828, "log10_min_child_weight": 1.625930691824478, "log10_subsample": -0.9207059470299652, "max_depth": 2.0, "num_boost_round": 18.0}, "datetime": {"datetime": "2024-01-19 00:38:35", "elapsed": 1669.099556, "delta": 0.002049}}
{"target": -17.675393584868637, "params": {"gamma": 35.50836171212956, "log10_alpha": -0.8785569199368828, "log10_colsample_bytree": -0.058649073511580774, "log10_eta": -2.390855608416674, "log10_lambda": -2.505662467828828, "log10_min_child_weight": 1.625930691824478, "log10_subsample": -0.9207059470299652, "max_depth": 2.0, "num_boost_round": 19.0}, "datetime": {"datetime": "2024-01-19 00:38:35", "elapsed": 1669.101606, "delta": 0.00205}}
{"target": -17.675319587101136, "params": {"gamma": 35.50836171212956, "log10_alpha": -0.8785569199368828, "log10_colsample_bytree": -0.058649073511580774, "log10_eta": -2.390855608416674, "log10_lambda": -2.505662467828828, "log10_min_child_weight": 1.625930691824478, "log10_subsample": -0.9207059470299652, "max_depth": 2.0, "num_boost_round": 20.0}, "datetime": {"datetime": "2024-01-19 00:38:35", "elapsed": 1669.10367, "delta": 0.002064}}
{"target": -17.67525572365694, "params": {"gamma": 35.50836171212956, "log10_alpha": -0.8785569199368828, "log10_colsample_bytree": -0.058649073511580774, "log10_eta": -2.390855608416674, "log10_lambda": -2.505662467828828, "log10_min_child_weight": 1.625930691824478, "log10_subsample": -0.9207059470299652, "max_depth": 2.0, "num_boost_round": 21.0}, "datetime": {"datetime": "2024-01-19 00:38:35", "elapsed": 1669.105732, "delta": 0.002062}}
{"target": -17.67518128120248, "params": {"gamma": 35.50836171212956, "log10_alpha": -0.8785569199368828, "log10_colsample_bytree": -0.058649073511580774, "log10_eta": -2.390855608416674, "log10_lambda": -2.505662467828828, "log10_min_child_weight": 1.625930691824478, "log10_subsample": -0.9207059470299652, "max_depth": 2.0, "num_boost_round": 22.0}, "datetime": {"datetime": "2024-01-19 00:38:35", "elapsed": 1669.107783, "delta": 0.002051}}
