{"target": -13.757930445555942, "params": {"gamma": 846.6121283871929, "log10_alpha": -3.9800563938659685, "log10_colsample_bytree": -0.8837652538069326, "log10_eta": -2.747817155654125, "log10_lambda": -3.8829262592654556, "log10_min_child_weight": 1.1698111826287354, "log10_subsample": -0.06998132492182485, "max_depth": 3.0, "num_boost_round": 29.0}, "datetime": {"datetime": "2024-01-19 01:22:45", "elapsed": 4269.914126, "delta": 0.005027}}
{"target": -13.757902260394983, "params": {"gamma": 846.6121283871929, "log10_alpha": -3.9800563938659685, "log10_colsample_bytree": -0.8837652538069326, "log10_eta": -2.747817155654125, "log10_lambda": -3.8829262592654556, "log10_min_child_weight": 1.1698111826287354, "log10_subsample": -0.06998132492182485, "max_depth": 3.0, "num_boost_round": 30.0}, "datetime": {"datetime": "2024-01-19 01:22:45", "elapsed": 4269.918916, "delta": 0.00479}}
{"target": -13.757863564215118, "params": {"gamma": 846.6121283871929, "log10_alpha": -3.9800563938659685, "log10_colsample_bytree": -0.8837652538069326, "log10_eta": -2.747817155654125, "log10_lambda": -3.8829262592654556, "log10_min_child_weight": 1.1698111826287354, "log10_subsample": -0.06998132492182485, "max_depth": 3.0, "num_boost_round": 31.0}, "datetime": {"datetime": "2024-01-19 01:22:45", "elapsed": 4269.9237, "delta": 0.004784}}
{"target": -13.757861081405096, "params": {"gamma": 846.6121283871929, "log10_alpha": -3.9800563938659685, "log10_colsample_bytree": -0.8837652538069326, "log10_eta": -2.747817155654125, "log10_lambda": -3.8829262592654556, "log10_min_child_weight": 1.1698111826287354, "log10_subsample": -0.06998132492182485, "max_depth": 3.0, "num_boost_round": 32.0}, "datetime": {"datetime": "2024-01-19 01:22:45", "elapsed": 4269.928496, "delta": 0.004796}}
{"target": -13.757838076104182, "params": {"gamma": 846.6121283871929, "log10_alpha": -3.9800563938659685, "log10_colsample_bytree": -0.8837652538069326, "log10_eta": -2.747817155654125, "log10_lambda": -3.8829262592654556, "log10_min_child_weight": 1.1698111826287354, "log10_subsample": -0.06998132492182485, "max_depth": 3.0, "num_boost_round": 33.0}, "datetime": {"datetime": "2024-01-19 01:22:45", "elapsed": 4269.933646, "delta": 0.00515}}
{"target": -13.757802965983993, "params": {"gamma": 846.6121283871929, "log10_alpha": -3.9800563938659685, "log10_colsample_bytree": -0.8837652538069326, "log10_eta": -2.747817155654125, "log10_lambda": -3.8829262592654556, "log10_min_child_weight": 1.1698111826287354, "log10_subsample": -0.06998132492182485, "max_depth": 3.0, "num_boost_round": 34.0}, "datetime": {"datetime": "2024-01-19 01:22:45", "elapsed": 4269.938619, "delta": 0.004973}}
{"target": -13.757779579047876, "params": {"gamma": 846.6121283871929, "log10_alpha": -3.9800563938659685, "log10_colsample_bytree": -0.8837652538069326, "log10_eta": -2.747817155654125, "log10_lambda": -3.8829262592654556, "log10_min_child_weight": 1.1698111826287354, "log10_subsample": -0.06998132492182485, "max_depth": 3.0, "num_boost_round": 35.0}, "datetime": {"datetime": "2024-01-19 01:22:45", "elapsed": 4269.943667, "delta": 0.005048}}
{"target": -13.75775445700912, "params": {"gamma": 846.6121283871929, "log10_alpha": -3.9800563938659685, "log10_colsample_bytree": -0.8837652538069326, "log10_eta": -2.747817155654125, "log10_lambda": -3.8829262592654556, "log10_min_child_weight": 1.1698111826287354, "log10_subsample": -0.06998132492182485, "max_depth": 3.0, "num_boost_round": 36.0}, "datetime": {"datetime": "2024-01-19 01:22:45", "elapsed": 4269.94975, "delta": 0.006083}}
{"target": -13.75772353764583, "params": {"gamma": 846.6121283871929, "log10_alpha": -3.9800563938659685, "log10_colsample_bytree": -0.8837652538069326, "log10_eta": -2.747817155654125, "log10_lambda": -3.8829262592654556, "log10_min_child_weight": 1.1698111826287354, "log10_subsample": -0.06998132492182485, "max_depth": 3.0, "num_boost_round": 37.0}, "datetime": {"datetime": "2024-01-19 01:22:45", "elapsed": 4269.95511, "delta": 0.00536}}
{"target": -13.757699505662735, "params": {"gamma": 846.6121283871929, "log10_alpha": -3.9800563938659685, "log10_colsample_bytree": -0.8837652538069326, "log10_eta": -2.747817155654125, "log10_lambda": -3.8829262592654556, "log10_min_child_weight": 1.1698111826287354, "log10_subsample": -0.06998132492182485, "max_depth": 3.0, "num_boost_round": 38.0}, "datetime": {"datetime": "2024-01-19 01:22:45", "elapsed": 4269.960176, "delta": 0.005066}}
{"target": -13.75769360358037, "params": {"gamma": 846.6121283871929, "log10_alpha": -3.9800563938659685, "log10_colsample_bytree": -0.8837652538069326, "log10_eta": -2.747817155654125, "log10_lambda": -3.8829262592654556, "log10_min_child_weight": 1.1698111826287354, "log10_subsample": -0.06998132492182485, "max_depth": 3.0, "num_boost_round": 39.0}, "datetime": {"datetime": "2024-01-19 01:22:45", "elapsed": 4269.965075, "delta": 0.004899}}
{"target": -13.757684735203389, "params": {"gamma": 846.6121283871929, "log10_alpha": -3.9800563938659685, "log10_colsample_bytree": -0.8837652538069326, "log10_eta": -2.747817155654125, "log10_lambda": -3.8829262592654556, "log10_min_child_weight": 1.1698111826287354, "log10_subsample": -0.06998132492182485, "max_depth": 3.0, "num_boost_round": 40.0}, "datetime": {"datetime": "2024-01-19 01:22:45", "elapsed": 4269.969884, "delta": 0.004809}}
{"target": -13.75767690446447, "params": {"gamma": 846.6121283871929, "log10_alpha": -3.9800563938659685, "log10_colsample_bytree": -0.8837652538069326, "log10_eta": -2.747817155654125, "log10_lambda": -3.8829262592654556, "log10_min_child_weight": 1.1698111826287354, "log10_subsample": -0.06998132492182485, "max_depth": 3.0, "num_boost_round": 41.0}, "datetime": {"datetime": "2024-01-19 01:22:45", "elapsed": 4269.974749, "delta": 0.004865}}
{"target": -13.757645864703356, "params": {"gamma": 846.6121283871929, "log10_alpha": -3.9800563938659685, "log10_colsample_bytree": -0.8837652538069326, "log10_eta": -2.747817155654125, "log10_lambda": -3.8829262592654556, "log10_min_child_weight": 1.1698111826287354, "log10_subsample": -0.06998132492182485, "max_depth": 3.0, "num_boost_round": 42.0}, "datetime": {"datetime": "2024-01-19 01:22:45", "elapsed": 4269.979606, "delta": 0.004857}}
{"target": -13.757623561326541, "params": {"gamma": 846.6121283871929, "log10_alpha": -3.9800563938659685, "log10_colsample_bytree": -0.8837652538069326, "log10_eta": -2.747817155654125, "log10_lambda": -3.8829262592654556, "log10_min_child_weight": 1.1698111826287354, "log10_subsample": -0.06998132492182485, "max_depth": 3.0, "num_boost_round": 43.0}, "datetime": {"datetime": "2024-01-19 01:22:45", "elapsed": 4269.984465, "delta": 0.004859}}
{"target": -13.7576100806044, "params": {"gamma": 846.6121283871929, "log10_alpha": -3.9800563938659685, "log10_colsample_bytree": -0.8837652538069326, "log10_eta": -2.747817155654125, "log10_lambda": -3.8829262592654556, "log10_min_child_weight": 1.1698111826287354, "log10_subsample": -0.06998132492182485, "max_depth": 3.0, "num_boost_round": 44.0}, "datetime": {"datetime": "2024-01-19 01:22:45", "elapsed": 4269.98931, "delta": 0.004845}}
{"target": -13.757590727239274, "params": {"gamma": 846.6121283871929, "log10_alpha": -3.9800563938659685, "log10_colsample_bytree": -0.8837652538069326, "log10_eta": -2.747817155654125, "log10_lambda": -3.8829262592654556, "log10_min_child_weight": 1.1698111826287354, "log10_subsample": -0.06998132492182485, "max_depth": 3.0, "num_boost_round": 45.0}, "datetime": {"datetime": "2024-01-19 01:22:45", "elapsed": 4270.114394, "delta": 0.125084}}
{"target": -13.757583692721681, "params": {"gamma": 846.6121283871929, "log10_alpha": -3.9800563938659685, "log10_colsample_bytree": -0.8837652538069326, "log10_eta": -2.747817155654125, "log10_lambda": -3.8829262592654556, "log10_min_child_weight": 1.1698111826287354, "log10_subsample": -0.06998132492182485, "max_depth": 3.0, "num_boost_round": 46.0}, "datetime": {"datetime": "2024-01-19 01:22:45", "elapsed": 4270.120183, "delta": 0.005789}}
{"target": -13.757547973722799, "params": {"gamma": 846.6121283871929, "log10_alpha": -3.9800563938659685, "log10_colsample_bytree": -0.8837652538069326, "log10_eta": -2.747817155654125, "log10_lambda": -3.8829262592654556, "log10_min_child_weight": 1.1698111826287354, "log10_subsample": -0.06998132492182485, "max_depth": 3.0, "num_boost_round": 47.0}, "datetime": {"datetime": "2024-01-19 01:22:45", "elapsed": 4270.125581, "delta": 0.005398}}
{"target": -13.757552464033461, "params": {"gamma": 846.6121283871929, "log10_alpha": -3.9800563938659685, "log10_colsample_bytree": -0.8837652538069326, "log10_eta": -2.747817155654125, "log10_lambda": -3.8829262592654556, "log10_min_child_weight": 1.1698111826287354, "log10_subsample": -0.06998132492182485, "max_depth": 3.0, "num_boost_round": 48.0}, "datetime": {"datetime": "2024-01-19 01:22:45", "elapsed": 4270.130711, "delta": 0.00513}}
{"target": -13.75754362180947, "params": {"gamma": 846.6121283871929, "log10_alpha": -3.9800563938659685, "log10_colsample_bytree": -0.8837652538069326, "log10_eta": -2.747817155654125, "log10_lambda": -3.8829262592654556, "log10_min_child_weight": 1.1698111826287354, "log10_subsample": -0.06998132492182485, "max_depth": 3.0, "num_boost_round": 49.0}, "datetime": {"datetime": "2024-01-19 01:22:45", "elapsed": 4270.135927, "delta": 0.005216}}
{"target": -13.75757689887911, "params": {"gamma": 846.6121283871929, "log10_alpha": -3.9800563938659685, "log10_colsample_bytree": -0.8837652538069326, "log10_eta": -2.747817155654125, "log10_lambda": -3.8829262592654556, "log10_min_child_weight": 1.1698111826287354, "log10_subsample": -0.06998132492182485, "max_depth": 3.0, "num_boost_round": 50.0}, "datetime": {"datetime": "2024-01-19 01:22:45", "elapsed": 4270.141029, "delta": 0.005102}}
{"target": -13.757566672013777, "params": {"gamma": 846.6121283871929, "log10_alpha": -3.9800563938659685, "log10_colsample_bytree": -0.8837652538069326, "log10_eta": -2.747817155654125, "log10_lambda": -3.8829262592654556, "log10_min_child_weight": 1.1698111826287354, "log10_subsample": -0.06998132492182485, "max_depth": 3.0, "num_boost_round": 51.0}, "datetime": {"datetime": "2024-01-19 01:22:45", "elapsed": 4270.146096, "delta": 0.005067}}
{"target": -13.757530814868664, "params": {"gamma": 846.6121283871929, "log10_alpha": -3.9800563938659685, "log10_colsample_bytree": -0.8837652538069326, "log10_eta": -2.747817155654125, "log10_lambda": -3.8829262592654556, "log10_min_child_weight": 1.1698111826287354, "log10_subsample": -0.06998132492182485, "max_depth": 3.0, "num_boost_round": 52.0}, "datetime": {"datetime": "2024-01-19 01:22:45", "elapsed": 4270.151167, "delta": 0.005071}}
{"target": -13.758546674950347, "params": {"gamma": 896.958560560161, "log10_alpha": 0.2683526873456552, "log10_colsample_bytree": -0.41944138936555286, "log10_eta": -1.9602302448715103, "log10_lambda": 0.7001240640379969, "log10_min_child_weight": 4.135109681777324, "log10_subsample": -0.44447558478848437, "max_depth": 9.0, "num_boost_round": 0.0}, "datetime": {"datetime": "2024-01-19 01:24:14", "elapsed": 4359.036826, "delta": 88.885659}}
{"target": -13.758508042880118, "params": {"gamma": 896.958560560161, "log10_alpha": 0.2683526873456552, "log10_colsample_bytree": -0.41944138936555286, "log10_eta": -1.9602302448715103, "log10_lambda": 0.7001240640379969, "log10_min_child_weight": 4.135109681777324, "log10_subsample": -0.44447558478848437, "max_depth": 9.0, "num_boost_round": 1.0}, "datetime": {"datetime": "2024-01-19 01:24:14", "elapsed": 4359.042648, "delta": 0.005822}}
{"target": -13.758667951874981, "params": {"gamma": 896.958560560161, "log10_alpha": 0.2683526873456552, "log10_colsample_bytree": -0.41944138936555286, "log10_eta": -1.9602302448715103, "log10_lambda": 0.7001240640379969, "log10_min_child_weight": 4.135109681777324, "log10_subsample": -0.44447558478848437, "max_depth": 9.0, "num_boost_round": 2.0}, "datetime": {"datetime": "2024-01-19 01:24:14", "elapsed": 4359.047691, "delta": 0.005043}}
{"target": -13.758601060579515, "params": {"gamma": 896.958560560161, "log10_alpha": 0.2683526873456552, "log10_colsample_bytree": -0.41944138936555286, "log10_eta": -1.9602302448715103, "log10_lambda": 0.7001240640379969, "log10_min_child_weight": 4.135109681777324, "log10_subsample": -0.44447558478848437, "max_depth": 9.0, "num_boost_round": 3.0}, "datetime": {"datetime": "2024-01-19 01:24:14", "elapsed": 4359.053044, "delta": 0.005353}}
{"target": -13.758690592930336, "params": {"gamma": 896.958560560161, "log10_alpha": 0.2683526873456552, "log10_colsample_bytree": -0.41944138936555286, "log10_eta": -1.9602302448715103, "log10_lambda": 0.7001240640379969, "log10_min_child_weight": 4.135109681777324, "log10_subsample": -0.44447558478848437, "max_depth": 9.0, "num_boost_round": 4.0}, "datetime": {"datetime": "2024-01-19 01:24:14", "elapsed": 4359.058059, "delta": 0.005015}}
{"target": -13.758634080415307, "params": {"gamma": 896.958560560161, "log10_alpha": 0.2683526873456552, "log10_colsample_bytree": -0.41944138936555286, "log10_eta": -1.9602302448715103, "log10_lambda": 0.7001240640379969, "log10_min_child_weight": 4.135109681777324, "log10_subsample": -0.44447558478848437, "max_depth": 9.0, "num_boost_round": 5.0}, "datetime": {"datetime": "2024-01-19 01:24:14", "elapsed": 4359.063262, "delta": 0.005203}}
{"target": -13.758686686125705, "params": {"gamma": 896.958560560161, "log10_alpha": 0.2683526873456552, "log10_colsample_bytree": -0.41944138936555286, "log10_eta": -1.9602302448715103, "log10_lambda": 0.7001240640379969, "log10_min_child_weight": 4.135109681777324, "log10_subsample": -0.44447558478848437, "max_depth": 9.0, "num_boost_round": 6.0}, "datetime": {"datetime": "2024-01-19 01:24:14", "elapsed": 4359.068242, "delta": 0.00498}}
{"target": -13.758650121630334, "params": {"gamma": 896.958560560161, "log10_alpha": 0.2683526873456552, "log10_colsample_bytree": -0.41944138936555286, "log10_eta": -1.9602302448715103, "log10_lambda": 0.7001240640379969, "log10_min_child_weight": 4.135109681777324, "log10_subsample": -0.44447558478848437, "max_depth": 9.0, "num_boost_round": 7.0}, "datetime": {"datetime": "2024-01-19 01:24:14", "elapsed": 4359.073483, "delta": 0.005241}}
{"target": -13.758681992440197, "params": {"gamma": 896.958560560161, "log10_alpha": 0.2683526873456552, "log10_colsample_bytree": -0.41944138936555286, "log10_eta": -1.9602302448715103, "log10_lambda": 0.7001240640379969, "log10_min_child_weight": 4.135109681777324, "log10_subsample": -0.44447558478848437, "max_depth": 9.0, "num_boost_round": 8.0}, "datetime": {"datetime": "2024-01-19 01:24:14", "elapsed": 4359.078476, "delta": 0.004993}}
{"target": -13.75859983368589, "params": {"gamma": 896.958560560161, "log10_alpha": 0.2683526873456552, "log10_colsample_bytree": -0.41944138936555286, "log10_eta": -1.9602302448715103, "log10_lambda": 0.7001240640379969, "log10_min_child_weight": 4.135109681777324, "log10_subsample": -0.44447558478848437, "max_depth": 9.0, "num_boost_round": 9.0}, "datetime": {"datetime": "2024-01-19 01:24:14", "elapsed": 4359.083628, "delta": 0.005152}}
{"target": -13.758599716333368, "params": {"gamma": 896.958560560161, "log10_alpha": 0.2683526873456552, "log10_colsample_bytree": -0.41944138936555286, "log10_eta": -1.9602302448715103, "log10_lambda": 0.7001240640379969, "log10_min_child_weight": 4.135109681777324, "log10_subsample": -0.44447558478848437, "max_depth": 9.0, "num_boost_round": 10.0}, "datetime": {"datetime": "2024-01-19 01:24:14", "elapsed": 4359.088587, "delta": 0.004959}}
{"target": -13.758648165462569, "params": {"gamma": 896.958560560161, "log10_alpha": 0.2683526873456552, "log10_colsample_bytree": -0.41944138936555286, "log10_eta": -1.9602302448715103, "log10_lambda": 0.7001240640379969, "log10_min_child_weight": 4.135109681777324, "log10_subsample": -0.44447558478848437, "max_depth": 9.0, "num_boost_round": 11.0}, "datetime": {"datetime": "2024-01-19 01:24:14", "elapsed": 4359.093747, "delta": 0.00516}}
{"target": -13.758648446885998, "params": {"gamma": 896.958560560161, "log10_alpha": 0.2683526873456552, "log10_colsample_bytree": -0.41944138936555286, "log10_eta": -1.9602302448715103, "log10_lambda": 0.7001240640379969, "log10_min_child_weight": 4.135109681777324, "log10_subsample": -0.44447558478848437, "max_depth": 9.0, "num_boost_round": 12.0}, "datetime": {"datetime": "2024-01-19 01:24:14", "elapsed": 4359.098743, "delta": 0.004996}}
{"target": -13.758524822554387, "params": {"gamma": 896.958560560161, "log10_alpha": 0.2683526873456552, "log10_colsample_bytree": -0.41944138936555286, "log10_eta": -1.9602302448715103, "log10_lambda": 0.7001240640379969, "log10_min_child_weight": 4.135109681777324, "log10_subsample": -0.44447558478848437, "max_depth": 9.0, "num_boost_round": 13.0}, "datetime": {"datetime": "2024-01-19 01:24:14", "elapsed": 4359.103912, "delta": 0.005169}}
{"target": -13.758376331140472, "params": {"gamma": 896.958560560161, "log10_alpha": 0.2683526873456552, "log10_colsample_bytree": -0.41944138936555286, "log10_eta": -1.9602302448715103, "log10_lambda": 0.7001240640379969, "log10_min_child_weight": 4.135109681777324, "log10_subsample": -0.44447558478848437, "max_depth": 9.0, "num_boost_round": 14.0}, "datetime": {"datetime": "2024-01-19 01:24:14", "elapsed": 4359.10886, "delta": 0.004948}}
{"target": -13.758210463265838, "params": {"gamma": 896.958560560161, "log10_alpha": 0.2683526873456552, "log10_colsample_bytree": -0.41944138936555286, "log10_eta": -1.9602302448715103, "log10_lambda": 0.7001240640379969, "log10_min_child_weight": 4.135109681777324, "log10_subsample": -0.44447558478848437, "max_depth": 9.0, "num_boost_round": 15.0}, "datetime": {"datetime": "2024-01-19 01:24:14", "elapsed": 4359.113981, "delta": 0.005121}}
{"target": -13.75826197615419, "params": {"gamma": 896.958560560161, "log10_alpha": 0.2683526873456552, "log10_colsample_bytree": -0.41944138936555286, "log10_eta": -1.9602302448715103, "log10_lambda": 0.7001240640379969, "log10_min_child_weight": 4.135109681777324, "log10_subsample": -0.44447558478848437, "max_depth": 9.0, "num_boost_round": 16.0}, "datetime": {"datetime": "2024-01-19 01:24:14", "elapsed": 4359.118968, "delta": 0.004987}}
{"target": -13.75828959350162, "params": {"gamma": 896.958560560161, "log10_alpha": 0.2683526873456552, "log10_colsample_bytree": -0.41944138936555286, "log10_eta": -1.9602302448715103, "log10_lambda": 0.7001240640379969, "log10_min_child_weight": 4.135109681777324, "log10_subsample": -0.44447558478848437, "max_depth": 9.0, "num_boost_round": 17.0}, "datetime": {"datetime": "2024-01-19 01:24:14", "elapsed": 4359.124059, "delta": 0.005091}}
{"target": -13.758181300523093, "params": {"gamma": 896.958560560161, "log10_alpha": 0.2683526873456552, "log10_colsample_bytree": -0.41944138936555286, "log10_eta": -1.9602302448715103, "log10_lambda": 0.7001240640379969, "log10_min_child_weight": 4.135109681777324, "log10_subsample": -0.44447558478848437, "max_depth": 9.0, "num_boost_round": 18.0}, "datetime": {"datetime": "2024-01-19 01:24:14", "elapsed": 4359.128986, "delta": 0.004927}}
{"target": -13.758156772108554, "params": {"gamma": 896.958560560161, "log10_alpha": 0.2683526873456552, "log10_colsample_bytree": -0.41944138936555286, "log10_eta": -1.9602302448715103, "log10_lambda": 0.7001240640379969, "log10_min_child_weight": 4.135109681777324, "log10_subsample": -0.44447558478848437, "max_depth": 9.0, "num_boost_round": 19.0}, "datetime": {"datetime": "2024-01-19 01:24:14", "elapsed": 4359.134346, "delta": 0.00536}}
{"target": -13.758251660853347, "params": {"gamma": 896.958560560161, "log10_alpha": 0.2683526873456552, "log10_colsample_bytree": -0.41944138936555286, "log10_eta": -1.9602302448715103, "log10_lambda": 0.7001240640379969, "log10_min_child_weight": 4.135109681777324, "log10_subsample": -0.44447558478848437, "max_depth": 9.0, "num_boost_round": 20.0}, "datetime": {"datetime": "2024-01-19 01:24:14", "elapsed": 4359.13956, "delta": 0.005214}}
{"target": -13.758306734251482, "params": {"gamma": 896.958560560161, "log10_alpha": 0.2683526873456552, "log10_colsample_bytree": -0.41944138936555286, "log10_eta": -1.9602302448715103, "log10_lambda": 0.7001240640379969, "log10_min_child_weight": 4.135109681777324, "log10_subsample": -0.44447558478848437, "max_depth": 9.0, "num_boost_round": 21.0}, "datetime": {"datetime": "2024-01-19 01:24:14", "elapsed": 4359.144808, "delta": 0.005248}}
{"target": -13.758394878961596, "params": {"gamma": 896.958560560161, "log10_alpha": 0.2683526873456552, "log10_colsample_bytree": -0.41944138936555286, "log10_eta": -1.9602302448715103, "log10_lambda": 0.7001240640379969, "log10_min_child_weight": 4.135109681777324, "log10_subsample": -0.44447558478848437, "max_depth": 9.0, "num_boost_round": 22.0}, "datetime": {"datetime": "2024-01-19 01:24:14", "elapsed": 4359.149943, "delta": 0.005135}}
{"target": -13.758330325607474, "params": {"gamma": 896.958560560161, "log10_alpha": 0.2683526873456552, "log10_colsample_bytree": -0.41944138936555286, "log10_eta": -1.9602302448715103, "log10_lambda": 0.7001240640379969, "log10_min_child_weight": 4.135109681777324, "log10_subsample": -0.44447558478848437, "max_depth": 9.0, "num_boost_round": 23.0}, "datetime": {"datetime": "2024-01-19 01:24:14", "elapsed": 4359.155186, "delta": 0.005243}}
{"target": -13.758285771501424, "params": {"gamma": 896.958560560161, "log10_alpha": 0.2683526873456552, "log10_colsample_bytree": -0.41944138936555286, "log10_eta": -1.9602302448715103, "log10_lambda": 0.7001240640379969, "log10_min_child_weight": 4.135109681777324, "log10_subsample": -0.44447558478848437, "max_depth": 9.0, "num_boost_round": 24.0}, "datetime": {"datetime": "2024-01-19 01:24:14", "elapsed": 4359.160164, "delta": 0.004978}}
