{"target": -17.677183745041184, "params": {"gamma": 889.1718180813009, "log10_alpha": 0.11928366837298832, "log10_colsample_bytree": -0.7371293172347363, "log10_eta": -3.8974630880214973, "log10_lambda": -0.6592614209690035, "log10_min_child_weight": 3.5932543667579617, "log10_subsample": -0.6162116283646814, "max_depth": 2.0, "num_boost_round": 30.0}, "datetime": {"datetime": "2024-01-19 01:42:58", "elapsed": 5459.251022, "delta": 0.005544}}
{"target": -17.677181453368576, "params": {"gamma": 889.1718180813009, "log10_alpha": 0.11928366837298832, "log10_colsample_bytree": -0.7371293172347363, "log10_eta": -3.8974630880214973, "log10_lambda": -0.6592614209690035, "log10_min_child_weight": 3.5932543667579617, "log10_subsample": -0.6162116283646814, "max_depth": 2.0, "num_boost_round": 31.0}, "datetime": {"datetime": "2024-01-19 01:42:58", "elapsed": 5459.256624, "delta": 0.005602}}
{"target": -17.67717969128987, "params": {"gamma": 889.1718180813009, "log10_alpha": 0.11928366837298832, "log10_colsample_bytree": -0.7371293172347363, "log10_eta": -3.8974630880214973, "log10_lambda": -0.6592614209690035, "log10_min_child_weight": 3.5932543667579617, "log10_subsample": -0.6162116283646814, "max_depth": 2.0, "num_boost_round": 32.0}, "datetime": {"datetime": "2024-01-19 01:42:58", "elapsed": 5459.26265, "delta": 0.006026}}
{"target": -17.677212867367587, "params": {"gamma": 831.6257140202913, "log10_alpha": 0.08773081854655018, "log10_colsample_bytree": -0.23270416384085046, "log10_eta": -3.262845220550117, "log10_lambda": -0.6020603609642334, "log10_min_child_weight": 0.10076952536602957, "log10_subsample": -0.3737121707197171, "max_depth": 3.0, "num_boost_round": 0.0}, "datetime": {"datetime": "2024-01-19 01:44:56", "elapsed": 5577.118379, "delta": 117.855729}}
{"target": -17.677180420461227, "params": {"gamma": 831.6257140202913, "log10_alpha": 0.08773081854655018, "log10_colsample_bytree": -0.23270416384085046, "log10_eta": -3.262845220550117, "log10_lambda": -0.6020603609642334, "log10_min_child_weight": 0.10076952536602957, "log10_subsample": -0.3737121707197171, "max_depth": 3.0, "num_boost_round": 1.0}, "datetime": {"datetime": "2024-01-19 01:44:56", "elapsed": 5577.124633, "delta": 0.006254}}
{"target": -17.677159924624483, "params": {"gamma": 831.6257140202913, "log10_alpha": 0.08773081854655018, "log10_colsample_bytree": -0.23270416384085046, "log10_eta": -3.262845220550117, "log10_lambda": -0.6020603609642334, "log10_min_child_weight": 0.10076952536602957, "log10_subsample": -0.3737121707197171, "max_depth": 3.0, "num_boost_round": 2.0}, "datetime": {"datetime": "2024-01-19 01:44:56", "elapsed": 5577.130884, "delta": 0.006251}}
{"target": -17.677145061351155, "params": {"gamma": 831.6257140202913, "log10_alpha": 0.08773081854655018, "log10_colsample_bytree": -0.23270416384085046, "log10_eta": -3.262845220550117, "log10_lambda": -0.6020603609642334, "log10_min_child_weight": 0.10076952536602957, "log10_subsample": -0.3737121707197171, "max_depth": 3.0, "num_boost_round": 3.0}, "datetime": {"datetime": "2024-01-19 01:44:56", "elapsed": 5577.136416, "delta": 0.005532}}
{"target": -17.677116619640014, "params": {"gamma": 831.6257140202913, "log10_alpha": 0.08773081854655018, "log10_colsample_bytree": -0.23270416384085046, "log10_eta": -3.262845220550117, "log10_lambda": -0.6020603609642334, "log10_min_child_weight": 0.10076952536602957, "log10_subsample": -0.3737121707197171, "max_depth": 3.0, "num_boost_round": 4.0}, "datetime": {"datetime": "2024-01-19 01:44:56", "elapsed": 5577.142004, "delta": 0.005588}}
{"target": -17.67710557976437, "params": {"gamma": 831.6257140202913, "log10_alpha": 0.08773081854655018, "log10_colsample_bytree": -0.23270416384085046, "log10_eta": -3.262845220550117, "log10_lambda": -0.6020603609642334, "log10_min_child_weight": 0.10076952536602957, "log10_subsample": -0.3737121707197171, "max_depth": 3.0, "num_boost_round": 5.0}, "datetime": {"datetime": "2024-01-19 01:44:56", "elapsed": 5577.147471, "delta": 0.005467}}
{"target": -17.6770823287591, "params": {"gamma": 831.6257140202913, "log10_alpha": 0.08773081854655018, "log10_colsample_bytree": -0.23270416384085046, "log10_eta": -3.262845220550117, "log10_lambda": -0.6020603609642334, "log10_min_child_weight": 0.10076952536602957, "log10_subsample": -0.3737121707197171, "max_depth": 3.0, "num_boost_round": 6.0}, "datetime": {"datetime": "2024-01-19 01:44:56", "elapsed": 5577.153785, "delta": 0.006314}}
{"target": -17.677066177044637, "params": {"gamma": 831.6257140202913, "log10_alpha": 0.08773081854655018, "log10_colsample_bytree": -0.23270416384085046, "log10_eta": -3.262845220550117, "log10_lambda": -0.6020603609642334, "log10_min_child_weight": 0.10076952536602957, "log10_subsample": -0.3737121707197171, "max_depth": 3.0, "num_boost_round": 7.0}, "datetime": {"datetime": "2024-01-19 01:44:56", "elapsed": 5577.159337, "delta": 0.005552}}
{"target": -17.677043765597347, "params": {"gamma": 831.6257140202913, "log10_alpha": 0.08773081854655018, "log10_colsample_bytree": -0.23270416384085046, "log10_eta": -3.262845220550117, "log10_lambda": -0.6020603609642334, "log10_min_child_weight": 0.10076952536602957, "log10_subsample": -0.3737121707197171, "max_depth": 3.0, "num_boost_round": 8.0}, "datetime": {"datetime": "2024-01-19 01:44:56", "elapsed": 5577.164763, "delta": 0.005426}}
{"target": -17.677028273586735, "params": {"gamma": 831.6257140202913, "log10_alpha": 0.08773081854655018, "log10_colsample_bytree": -0.23270416384085046, "log10_eta": -3.262845220550117, "log10_lambda": -0.6020603609642334, "log10_min_child_weight": 0.10076952536602957, "log10_subsample": -0.3737121707197171, "max_depth": 3.0, "num_boost_round": 9.0}, "datetime": {"datetime": "2024-01-19 01:44:56", "elapsed": 5577.169877, "delta": 0.005114}}
{"target": -17.677232838942658, "params": {"gamma": 865.9724854985717, "log10_alpha": 0.9585635045934975, "log10_colsample_bytree": -0.5601733028874658, "log10_eta": -2.2756031020293777, "log10_lambda": -4.660277466510649, "log10_min_child_weight": 4.7502195918245596, "log10_subsample": -0.7539458883346142, "max_depth": 9.0, "num_boost_round": 0.0}, "datetime": {"datetime": "2024-01-19 01:45:53", "elapsed": 5634.053739, "delta": 56.883862}}
{"target": -17.67718215159049, "params": {"gamma": 865.9724854985717, "log10_alpha": 0.9585635045934975, "log10_colsample_bytree": -0.5601733028874658, "log10_eta": -2.2756031020293777, "log10_lambda": -4.660277466510649, "log10_min_child_weight": 4.7502195918245596, "log10_subsample": -0.7539458883346142, "max_depth": 9.0, "num_boost_round": 1.0}, "datetime": {"datetime": "2024-01-19 01:45:53", "elapsed": 5634.059723, "delta": 0.005984}}
{"target": -17.67719310739876, "params": {"gamma": 865.9724854985717, "log10_alpha": 0.9585635045934975, "log10_colsample_bytree": -0.5601733028874658, "log10_eta": -2.2756031020293777, "log10_lambda": -4.660277466510649, "log10_min_child_weight": 4.7502195918245596, "log10_subsample": -0.7539458883346142, "max_depth": 9.0, "num_boost_round": 2.0}, "datetime": {"datetime": "2024-01-19 01:45:53", "elapsed": 5634.065431, "delta": 0.005708}}
{"target": -17.677158436914983, "params": {"gamma": 865.9724854985717, "log10_alpha": 0.9585635045934975, "log10_colsample_bytree": -0.5601733028874658, "log10_eta": -2.2756031020293777, "log10_lambda": -4.660277466510649, "log10_min_child_weight": 4.7502195918245596, "log10_subsample": -0.7539458883346142, "max_depth": 9.0, "num_boost_round": 3.0}, "datetime": {"datetime": "2024-01-19 01:45:53", "elapsed": 5634.070976, "delta": 0.005545}}
{"target": -17.67716450835786, "params": {"gamma": 865.9724854985717, "log10_alpha": 0.9585635045934975, "log10_colsample_bytree": -0.5601733028874658, "log10_eta": -2.2756031020293777, "log10_lambda": -4.660277466510649, "log10_min_child_weight": 4.7502195918245596, "log10_subsample": -0.7539458883346142, "max_depth": 9.0, "num_boost_round": 4.0}, "datetime": {"datetime": "2024-01-19 01:45:53", "elapsed": 5634.076904, "delta": 0.005928}}
{"target": -17.677159494602865, "params": {"gamma": 865.9724854985717, "log10_alpha": 0.9585635045934975, "log10_colsample_bytree": -0.5601733028874658, "log10_eta": -2.2756031020293777, "log10_lambda": -4.660277466510649, "log10_min_child_weight": 4.7502195918245596, "log10_subsample": -0.7539458883346142, "max_depth": 9.0, "num_boost_round": 5.0}, "datetime": {"datetime": "2024-01-19 01:45:53", "elapsed": 5634.082604, "delta": 0.0057}}
{"target": -17.67714678938878, "params": {"gamma": 865.9724854985717, "log10_alpha": 0.9585635045934975, "log10_colsample_bytree": -0.5601733028874658, "log10_eta": -2.2756031020293777, "log10_lambda": -4.660277466510649, "log10_min_child_weight": 4.7502195918245596, "log10_subsample": -0.7539458883346142, "max_depth": 9.0, "num_boost_round": 6.0}, "datetime": {"datetime": "2024-01-19 01:45:53", "elapsed": 5634.088078, "delta": 0.005474}}
{"target": -17.677157766829623, "params": {"gamma": 865.9724854985717, "log10_alpha": 0.9585635045934975, "log10_colsample_bytree": -0.5601733028874658, "log10_eta": -2.2756031020293777, "log10_lambda": -4.660277466510649, "log10_min_child_weight": 4.7502195918245596, "log10_subsample": -0.7539458883346142, "max_depth": 9.0, "num_boost_round": 7.0}, "datetime": {"datetime": "2024-01-19 01:45:53", "elapsed": 5634.093598, "delta": 0.00552}}
{"target": -17.67713400302581, "params": {"gamma": 865.9724854985717, "log10_alpha": 0.9585635045934975, "log10_colsample_bytree": -0.5601733028874658, "log10_eta": -2.2756031020293777, "log10_lambda": -4.660277466510649, "log10_min_child_weight": 4.7502195918245596, "log10_subsample": -0.7539458883346142, "max_depth": 9.0, "num_boost_round": 8.0}, "datetime": {"datetime": "2024-01-19 01:45:53", "elapsed": 5634.099167, "delta": 0.005569}}
{"target": -17.677119031208967, "params": {"gamma": 865.9724854985717, "log10_alpha": 0.9585635045934975, "log10_colsample_bytree": -0.5601733028874658, "log10_eta": -2.2756031020293777, "log10_lambda": -4.660277466510649, "log10_min_child_weight": 4.7502195918245596, "log10_subsample": -0.7539458883346142, "max_depth": 9.0, "num_boost_round": 9.0}, "datetime": {"datetime": "2024-01-19 01:45:53", "elapsed": 5634.104769, "delta": 0.005602}}
{"target": -17.677094925150513, "params": {"gamma": 865.9724854985717, "log10_alpha": 0.9585635045934975, "log10_colsample_bytree": -0.5601733028874658, "log10_eta": -2.2756031020293777, "log10_lambda": -4.660277466510649, "log10_min_child_weight": 4.7502195918245596, "log10_subsample": -0.7539458883346142, "max_depth": 9.0, "num_boost_round": 10.0}, "datetime": {"datetime": "2024-01-19 01:45:53", "elapsed": 5634.110628, "delta": 0.005859}}
{"target": -17.67705282432098, "params": {"gamma": 865.9724854985717, "log10_alpha": 0.9585635045934975, "log10_colsample_bytree": -0.5601733028874658, "log10_eta": -2.2756031020293777, "log10_lambda": -4.660277466510649, "log10_min_child_weight": 4.7502195918245596, "log10_subsample": -0.7539458883346142, "max_depth": 9.0, "num_boost_round": 11.0}, "datetime": {"datetime": "2024-01-19 01:45:53", "elapsed": 5634.11636, "delta": 0.005732}}
{"target": -17.6770067014217, "params": {"gamma": 865.9724854985717, "log10_alpha": 0.9585635045934975, "log10_colsample_bytree": -0.5601733028874658, "log10_eta": -2.2756031020293777, "log10_lambda": -4.660277466510649, "log10_min_child_weight": 4.7502195918245596, "log10_subsample": -0.7539458883346142, "max_depth": 9.0, "num_boost_round": 12.0}, "datetime": {"datetime": "2024-01-19 01:45:53", "elapsed": 5634.122108, "delta": 0.005748}}
{"target": -17.677000909150546, "params": {"gamma": 865.9724854985717, "log10_alpha": 0.9585635045934975, "log10_colsample_bytree": -0.5601733028874658, "log10_eta": -2.2756031020293777, "log10_lambda": -4.660277466510649, "log10_min_child_weight": 4.7502195918245596, "log10_subsample": -0.7539458883346142, "max_depth": 9.0, "num_boost_round": 13.0}, "datetime": {"datetime": "2024-01-19 01:45:53", "elapsed": 5634.127641, "delta": 0.005533}}
{"target": -17.677003382665877, "params": {"gamma": 865.9724854985717, "log10_alpha": 0.9585635045934975, "log10_colsample_bytree": -0.5601733028874658, "log10_eta": -2.2756031020293777, "log10_lambda": -4.660277466510649, "log10_min_child_weight": 4.7502195918245596, "log10_subsample": -0.7539458883346142, "max_depth": 9.0, "num_boost_round": 14.0}, "datetime": {"datetime": "2024-01-19 01:45:53", "elapsed": 5634.133052, "delta": 0.005411}}
{"target": -17.676931712761547, "params": {"gamma": 865.9724854985717, "log10_alpha": 0.9585635045934975, "log10_colsample_bytree": -0.5601733028874658, "log10_eta": -2.2756031020293777, "log10_lambda": -4.660277466510649, "log10_min_child_weight": 4.7502195918245596, "log10_subsample": -0.7539458883346142, "max_depth": 9.0, "num_boost_round": 15.0}, "datetime": {"datetime": "2024-01-19 01:45:53", "elapsed": 5634.138678, "delta": 0.005626}}
{"target": -17.676870252498595, "params": {"gamma": 865.9724854985717, "log10_alpha": 0.9585635045934975, "log10_colsample_bytree": -0.5601733028874658, "log10_eta": -2.2756031020293777, "log10_lambda": -4.660277466510649, "log10_min_child_weight": 4.7502195918245596, "log10_subsample": -0.7539458883346142, "max_depth": 9.0, "num_boost_round": 16.0}, "datetime": {"datetime": "2024-01-19 01:45:53", "elapsed": 5634.144485, "delta": 0.005807}}
{"target": -17.676868467271287, "params": {"gamma": 865.9724854985717, "log10_alpha": 0.9585635045934975, "log10_colsample_bytree": -0.5601733028874658, "log10_eta": -2.2756031020293777, "log10_lambda": -4.660277466510649, "log10_min_child_weight": 4.7502195918245596, "log10_subsample": -0.7539458883346142, "max_depth": 9.0, "num_boost_round": 17.0}, "datetime": {"datetime": "2024-01-19 01:45:53", "elapsed": 5634.149902, "delta": 0.005417}}
{"target": -17.676841116995682, "params": {"gamma": 865.9724854985717, "log10_alpha": 0.9585635045934975, "log10_colsample_bytree": -0.5601733028874658, "log10_eta": -2.2756031020293777, "log10_lambda": -4.660277466510649, "log10_min_child_weight": 4.7502195918245596, "log10_subsample": -0.7539458883346142, "max_depth": 9.0, "num_boost_round": 18.0}, "datetime": {"datetime": "2024-01-19 01:45:53", "elapsed": 5634.155488, "delta": 0.005586}}
{"target": -17.67722779465688, "params": {"gamma": 873.3012144637836, "log10_alpha": 0.7129342718594724, "log10_colsample_bytree": -0.2813959033994482, "log10_eta": -3.778276320901772, "log10_lambda": -4.890709388440769, "log10_min_child_weight": 0.6420406906452342, "log10_subsample": -0.7452570242127559, "max_depth": 2.0, "num_boost_round": 0.0}, "datetime": {"datetime": "2024-01-19 01:47:37", "elapsed": 5738.475315, "delta": 104.319827}}
{"target": -17.677221686153665, "params": {"gamma": 873.3012144637836, "log10_alpha": 0.7129342718594724, "log10_colsample_bytree": -0.2813959033994482, "log10_eta": -3.778276320901772, "log10_lambda": -4.890709388440769, "log10_min_child_weight": 0.6420406906452342, "log10_subsample": -0.7452570242127559, "max_depth": 2.0, "num_boost_round": 1.0}, "datetime": {"datetime": "2024-01-19 01:47:37", "elapsed": 5738.482259, "delta": 0.006944}}
{"target": -17.677216846011405, "params": {"gamma": 873.3012144637836, "log10_alpha": 0.7129342718594724, "log10_colsample_bytree": -0.2813959033994482, "log10_eta": -3.778276320901772, "log10_lambda": -4.890709388440769, "log10_min_child_weight": 0.6420406906452342, "log10_subsample": -0.7452570242127559, "max_depth": 2.0, "num_boost_round": 2.0}, "datetime": {"datetime": "2024-01-19 01:47:37", "elapsed": 5738.487919, "delta": 0.00566}}
{"target": -17.677213580926868, "params": {"gamma": 873.3012144637836, "log10_alpha": 0.7129342718594724, "log10_colsample_bytree": -0.2813959033994482, "log10_eta": -3.778276320901772, "log10_lambda": -4.890709388440769, "log10_min_child_weight": 0.6420406906452342, "log10_subsample": -0.7452570242127559, "max_depth": 2.0, "num_boost_round": 3.0}, "datetime": {"datetime": "2024-01-19 01:47:37", "elapsed": 5738.493631, "delta": 0.005712}}
{"target": -17.67720991897154, "params": {"gamma": 873.3012144637836, "log10_alpha": 0.7129342718594724, "log10_colsample_bytree": -0.2813959033994482, "log10_eta": -3.778276320901772, "log10_lambda": -4.890709388440769, "log10_min_child_weight": 0.6420406906452342, "log10_subsample": -0.7452570242127559, "max_depth": 2.0, "num_boost_round": 4.0}, "datetime": {"datetime": "2024-01-19 01:47:37", "elapsed": 5738.499334, "delta": 0.005703}}
{"target": -17.67720699248227, "params": {"gamma": 873.3012144637836, "log10_alpha": 0.7129342718594724, "log10_colsample_bytree": -0.2813959033994482, "log10_eta": -3.778276320901772, "log10_lambda": -4.890709388440769, "log10_min_child_weight": 0.6420406906452342, "log10_subsample": -0.7452570242127559, "max_depth": 2.0, "num_boost_round": 5.0}, "datetime": {"datetime": "2024-01-19 01:47:37", "elapsed": 5738.505129, "delta": 0.005795}}
{"target": -17.677201058675447, "params": {"gamma": 873.3012144637836, "log10_alpha": 0.7129342718594724, "log10_colsample_bytree": -0.2813959033994482, "log10_eta": -3.778276320901772, "log10_lambda": -4.890709388440769, "log10_min_child_weight": 0.6420406906452342, "log10_subsample": -0.7452570242127559, "max_depth": 2.0, "num_boost_round": 6.0}, "datetime": {"datetime": "2024-01-19 01:47:37", "elapsed": 5738.510753, "delta": 0.005624}}
{"target": -17.677195884586038, "params": {"gamma": 873.3012144637836, "log10_alpha": 0.7129342718594724, "log10_colsample_bytree": -0.2813959033994482, "log10_eta": -3.778276320901772, "log10_lambda": -4.890709388440769, "log10_min_child_weight": 0.6420406906452342, "log10_subsample": -0.7452570242127559, "max_depth": 2.0, "num_boost_round": 7.0}, "datetime": {"datetime": "2024-01-19 01:47:37", "elapsed": 5738.516331, "delta": 0.005578}}
{"target": -17.677191607891938, "params": {"gamma": 873.3012144637836, "log10_alpha": 0.7129342718594724, "log10_colsample_bytree": -0.2813959033994482, "log10_eta": -3.778276320901772, "log10_lambda": -4.890709388440769, "log10_min_child_weight": 0.6420406906452342, "log10_subsample": -0.7452570242127559, "max_depth": 2.0, "num_boost_round": 8.0}, "datetime": {"datetime": "2024-01-19 01:47:37", "elapsed": 5738.522162, "delta": 0.005831}}
{"target": -17.67718460201605, "params": {"gamma": 873.3012144637836, "log10_alpha": 0.7129342718594724, "log10_colsample_bytree": -0.2813959033994482, "log10_eta": -3.778276320901772, "log10_lambda": -4.890709388440769, "log10_min_child_weight": 0.6420406906452342, "log10_subsample": -0.7452570242127559, "max_depth": 2.0, "num_boost_round": 9.0}, "datetime": {"datetime": "2024-01-19 01:47:37", "elapsed": 5738.527816, "delta": 0.005654}}
{"target": -17.677179656896072, "params": {"gamma": 873.3012144637836, "log10_alpha": 0.7129342718594724, "log10_colsample_bytree": -0.2813959033994482, "log10_eta": -3.778276320901772, "log10_lambda": -4.890709388440769, "log10_min_child_weight": 0.6420406906452342, "log10_subsample": -0.7452570242127559, "max_depth": 2.0, "num_boost_round": 10.0}, "datetime": {"datetime": "2024-01-19 01:47:37", "elapsed": 5738.534689, "delta": 0.006873}}
{"target": -17.677176732281044, "params": {"gamma": 873.3012144637836, "log10_alpha": 0.7129342718594724, "log10_colsample_bytree": -0.2813959033994482, "log10_eta": -3.778276320901772, "log10_lambda": -4.890709388440769, "log10_min_child_weight": 0.6420406906452342, "log10_subsample": -0.7452570242127559, "max_depth": 2.0, "num_boost_round": 11.0}, "datetime": {"datetime": "2024-01-19 01:47:37", "elapsed": 5738.540554, "delta": 0.005865}}
{"target": -17.677172028474526, "params": {"gamma": 873.3012144637836, "log10_alpha": 0.7129342718594724, "log10_colsample_bytree": -0.2813959033994482, "log10_eta": -3.778276320901772, "log10_lambda": -4.890709388440769, "log10_min_child_weight": 0.6420406906452342, "log10_subsample": -0.7452570242127559, "max_depth": 2.0, "num_boost_round": 12.0}, "datetime": {"datetime": "2024-01-19 01:47:38", "elapsed": 5738.674654, "delta": 0.1341}}
{"target": -17.677167297563336, "params": {"gamma": 873.3012144637836, "log10_alpha": 0.7129342718594724, "log10_colsample_bytree": -0.2813959033994482, "log10_eta": -3.778276320901772, "log10_lambda": -4.890709388440769, "log10_min_child_weight": 0.6420406906452342, "log10_subsample": -0.7452570242127559, "max_depth": 2.0, "num_boost_round": 13.0}, "datetime": {"datetime": "2024-01-19 01:47:38", "elapsed": 5738.681196, "delta": 0.006542}}
{"target": -17.677163063626, "params": {"gamma": 873.3012144637836, "log10_alpha": 0.7129342718594724, "log10_colsample_bytree": -0.2813959033994482, "log10_eta": -3.778276320901772, "log10_lambda": -4.890709388440769, "log10_min_child_weight": 0.6420406906452342, "log10_subsample": -0.7452570242127559, "max_depth": 2.0, "num_boost_round": 14.0}, "datetime": {"datetime": "2024-01-19 01:47:38", "elapsed": 5738.687371, "delta": 0.006175}}
{"target": -17.677160262479845, "params": {"gamma": 873.3012144637836, "log10_alpha": 0.7129342718594724, "log10_colsample_bytree": -0.2813959033994482, "log10_eta": -3.778276320901772, "log10_lambda": -4.890709388440769, "log10_min_child_weight": 0.6420406906452342, "log10_subsample": -0.7452570242127559, "max_depth": 2.0, "num_boost_round": 15.0}, "datetime": {"datetime": "2024-01-19 01:47:38", "elapsed": 5738.693237, "delta": 0.005866}}
{"target": -17.67715367932413, "params": {"gamma": 873.3012144637836, "log10_alpha": 0.7129342718594724, "log10_colsample_bytree": -0.2813959033994482, "log10_eta": -3.778276320901772, "log10_lambda": -4.890709388440769, "log10_min_child_weight": 0.6420406906452342, "log10_subsample": -0.7452570242127559, "max_depth": 2.0, "num_boost_round": 16.0}, "datetime": {"datetime": "2024-01-19 01:47:38", "elapsed": 5738.699043, "delta": 0.005806}}
