{"target": -17.67723088897942, "params": {"gamma": 884.8517182450859, "log10_alpha": -4.180137127476947, "log10_colsample_bytree": -0.19055213048347874, "log10_eta": -3.500619826640681, "log10_lambda": -3.498939300004209, "log10_min_child_weight": 4.515994518248584, "log10_subsample": -0.7893825303018996, "max_depth": 2.0, "num_boost_round": 9.0}, "datetime": {"datetime": "2024-01-19 00:35:28", "elapsed": 1409.59336, "delta": 0.001906}}
{"target": -17.67723166090826, "params": {"gamma": 884.8517182450859, "log10_alpha": -4.180137127476947, "log10_colsample_bytree": -0.19055213048347874, "log10_eta": -3.500619826640681, "log10_lambda": -3.498939300004209, "log10_min_child_weight": 4.515994518248584, "log10_subsample": -0.7893825303018996, "max_depth": 2.0, "num_boost_round": 10.0}, "datetime": {"datetime": "2024-01-19 00:35:28", "elapsed": 1409.595163, "delta": 0.001803}}
{"target": -17.677227463479003, "params": {"gamma": 884.8517182450859, "log10_alpha": -4.180137127476947, "log10_colsample_bytree": -0.19055213048347874, "log10_eta": -3.500619826640681, "log10_lambda": -3.498939300004209, "log10_min_child_weight": 4.515994518248584, "log10_subsample": -0.7893825303018996, "max_depth": 2.0, "num_boost_round": 11.0}, "datetime": {"datetime": "2024-01-19 00:35:28", "elapsed": 1409.597057, "delta": 0.001894}}
{"target": -17.677228671448592, "params": {"gamma": 884.8517182450859, "log10_alpha": -4.180137127476947, "log10_colsample_bytree": -0.19055213048347874, "log10_eta": -3.500619826640681, "log10_lambda": -3.498939300004209, "log10_min_child_weight": 4.515994518248584, "log10_subsample": -0.7893825303018996, "max_depth": 2.0, "num_boost_round": 12.0}, "datetime": {"datetime": "2024-01-19 00:35:28", "elapsed": 1409.598899, "delta": 0.001842}}
{"target": -17.677229249091035, "params": {"gamma": 884.8517182450859, "log10_alpha": -4.180137127476947, "log10_colsample_bytree": -0.19055213048347874, "log10_eta": -3.500619826640681, "log10_lambda": -3.498939300004209, "log10_min_child_weight": 4.515994518248584, "log10_subsample": -0.7893825303018996, "max_depth": 2.0, "num_boost_round": 13.0}, "datetime": {"datetime": "2024-01-19 00:35:28", "elapsed": 1409.600828, "delta": 0.001929}}
{"target": -17.677229917936057, "params": {"gamma": 884.8517182450859, "log10_alpha": -4.180137127476947, "log10_colsample_bytree": -0.19055213048347874, "log10_eta": -3.500619826640681, "log10_lambda": -3.498939300004209, "log10_min_child_weight": 4.515994518248584, "log10_subsample": -0.7893825303018996, "max_depth": 2.0, "num_boost_round": 14.0}, "datetime": {"datetime": "2024-01-19 00:35:28", "elapsed": 1409.602667, "delta": 0.001839}}
{"target": -17.677225877533555, "params": {"gamma": 884.8517182450859, "log10_alpha": -4.180137127476947, "log10_colsample_bytree": -0.19055213048347874, "log10_eta": -3.500619826640681, "log10_lambda": -3.498939300004209, "log10_min_child_weight": 4.515994518248584, "log10_subsample": -0.7893825303018996, "max_depth": 2.0, "num_boost_round": 15.0}, "datetime": {"datetime": "2024-01-19 00:35:28", "elapsed": 1409.604486, "delta": 0.001819}}
{"target": -17.677225453531186, "params": {"gamma": 884.8517182450859, "log10_alpha": -4.180137127476947, "log10_colsample_bytree": -0.19055213048347874, "log10_eta": -3.500619826640681, "log10_lambda": -3.498939300004209, "log10_min_child_weight": 4.515994518248584, "log10_subsample": -0.7893825303018996, "max_depth": 2.0, "num_boost_round": 16.0}, "datetime": {"datetime": "2024-01-19 00:35:28", "elapsed": 1409.606337, "delta": 0.001851}}
{"target": -17.67722632300003, "params": {"gamma": 884.8517182450859, "log10_alpha": -4.180137127476947, "log10_colsample_bytree": -0.19055213048347874, "log10_eta": -3.500619826640681, "log10_lambda": -3.498939300004209, "log10_min_child_weight": 4.515994518248584, "log10_subsample": -0.7893825303018996, "max_depth": 2.0, "num_boost_round": 17.0}, "datetime": {"datetime": "2024-01-19 00:35:28", "elapsed": 1409.608172, "delta": 0.001835}}
{"target": -17.677227101349857, "params": {"gamma": 884.8517182450859, "log10_alpha": -4.180137127476947, "log10_colsample_bytree": -0.19055213048347874, "log10_eta": -3.500619826640681, "log10_lambda": -3.498939300004209, "log10_min_child_weight": 4.515994518248584, "log10_subsample": -0.7893825303018996, "max_depth": 2.0, "num_boost_round": 18.0}, "datetime": {"datetime": "2024-01-19 00:35:28", "elapsed": 1409.609989, "delta": 0.001817}}
{"target": -17.6772235332298, "params": {"gamma": 884.8517182450859, "log10_alpha": -4.180137127476947, "log10_colsample_bytree": -0.19055213048347874, "log10_eta": -3.500619826640681, "log10_lambda": -3.498939300004209, "log10_min_child_weight": 4.515994518248584, "log10_subsample": -0.7893825303018996, "max_depth": 2.0, "num_boost_round": 19.0}, "datetime": {"datetime": "2024-01-19 00:35:28", "elapsed": 1409.611904, "delta": 0.001915}}
{"target": -17.677224275111218, "params": {"gamma": 884.8517182450859, "log10_alpha": -4.180137127476947, "log10_colsample_bytree": -0.19055213048347874, "log10_eta": -3.500619826640681, "log10_lambda": -3.498939300004209, "log10_min_child_weight": 4.515994518248584, "log10_subsample": -0.7893825303018996, "max_depth": 2.0, "num_boost_round": 20.0}, "datetime": {"datetime": "2024-01-19 00:35:28", "elapsed": 1409.61374, "delta": 0.001836}}
{"target": -17.677224893497637, "params": {"gamma": 884.8517182450859, "log10_alpha": -4.180137127476947, "log10_colsample_bytree": -0.19055213048347874, "log10_eta": -3.500619826640681, "log10_lambda": -3.498939300004209, "log10_min_child_weight": 4.515994518248584, "log10_subsample": -0.7893825303018996, "max_depth": 2.0, "num_boost_round": 21.0}, "datetime": {"datetime": "2024-01-19 00:35:28", "elapsed": 1409.615565, "delta": 0.001825}}
{"target": -17.67721051879227, "params": {"gamma": 880.3200345603146, "log10_alpha": 0.50848903537804, "log10_colsample_bytree": -0.003000363193758182, "log10_eta": -3.2000937753652754, "log10_lambda": -1.3207807935011568, "log10_min_child_weight": 2.4738615302342337, "log10_subsample": -0.8876901502865127, "max_depth": 9.0, "num_boost_round": 0.0}, "datetime": {"datetime": "2024-01-19 00:36:04", "elapsed": 1445.425435, "delta": 35.80987}}
{"target": -17.677178975806196, "params": {"gamma": 880.3200345603146, "log10_alpha": 0.50848903537804, "log10_colsample_bytree": -0.003000363193758182, "log10_eta": -3.2000937753652754, "log10_lambda": -1.3207807935011568, "log10_min_child_weight": 2.4738615302342337, "log10_subsample": -0.8876901502865127, "max_depth": 9.0, "num_boost_round": 1.0}, "datetime": {"datetime": "2024-01-19 00:36:04", "elapsed": 1445.427674, "delta": 0.002239}}
{"target": -17.677163362044073, "params": {"gamma": 880.3200345603146, "log10_alpha": 0.50848903537804, "log10_colsample_bytree": -0.003000363193758182, "log10_eta": -3.2000937753652754, "log10_lambda": -1.3207807935011568, "log10_min_child_weight": 2.4738615302342337, "log10_subsample": -0.8876901502865127, "max_depth": 9.0, "num_boost_round": 2.0}, "datetime": {"datetime": "2024-01-19 00:36:04", "elapsed": 1445.429628, "delta": 0.001954}}
{"target": -17.6771466864469, "params": {"gamma": 880.3200345603146, "log10_alpha": 0.50848903537804, "log10_colsample_bytree": -0.003000363193758182, "log10_eta": -3.2000937753652754, "log10_lambda": -1.3207807935011568, "log10_min_child_weight": 2.4738615302342337, "log10_subsample": -0.8876901502865127, "max_depth": 9.0, "num_boost_round": 3.0}, "datetime": {"datetime": "2024-01-19 00:36:04", "elapsed": 1445.431447, "delta": 0.001819}}
{"target": -17.677146833618252, "params": {"gamma": 880.3200345603146, "log10_alpha": 0.50848903537804, "log10_colsample_bytree": -0.003000363193758182, "log10_eta": -3.2000937753652754, "log10_lambda": -1.3207807935011568, "log10_min_child_weight": 2.4738615302342337, "log10_subsample": -0.8876901502865127, "max_depth": 9.0, "num_boost_round": 4.0}, "datetime": {"datetime": "2024-01-19 00:36:04", "elapsed": 1445.433423, "delta": 0.001976}}
{"target": -17.67713376066149, "params": {"gamma": 880.3200345603146, "log10_alpha": 0.50848903537804, "log10_colsample_bytree": -0.003000363193758182, "log10_eta": -3.2000937753652754, "log10_lambda": -1.3207807935011568, "log10_min_child_weight": 2.4738615302342337, "log10_subsample": -0.8876901502865127, "max_depth": 9.0, "num_boost_round": 5.0}, "datetime": {"datetime": "2024-01-19 00:36:04", "elapsed": 1445.435219, "delta": 0.001796}}
{"target": -17.67713617417756, "params": {"gamma": 880.3200345603146, "log10_alpha": 0.50848903537804, "log10_colsample_bytree": -0.003000363193758182, "log10_eta": -3.2000937753652754, "log10_lambda": -1.3207807935011568, "log10_min_child_weight": 2.4738615302342337, "log10_subsample": -0.8876901502865127, "max_depth": 9.0, "num_boost_round": 6.0}, "datetime": {"datetime": "2024-01-19 00:36:04", "elapsed": 1445.437095, "delta": 0.001876}}
{"target": -17.67711669702995, "params": {"gamma": 880.3200345603146, "log10_alpha": 0.50848903537804, "log10_colsample_bytree": -0.003000363193758182, "log10_eta": -3.2000937753652754, "log10_lambda": -1.3207807935011568, "log10_min_child_weight": 2.4738615302342337, "log10_subsample": -0.8876901502865127, "max_depth": 9.0, "num_boost_round": 7.0}, "datetime": {"datetime": "2024-01-19 00:36:04", "elapsed": 1445.438904, "delta": 0.001809}}
{"target": -17.677110849929065, "params": {"gamma": 880.3200345603146, "log10_alpha": 0.50848903537804, "log10_colsample_bytree": -0.003000363193758182, "log10_eta": -3.2000937753652754, "log10_lambda": -1.3207807935011568, "log10_min_child_weight": 2.4738615302342337, "log10_subsample": -0.8876901502865127, "max_depth": 9.0, "num_boost_round": 8.0}, "datetime": {"datetime": "2024-01-19 00:36:04", "elapsed": 1445.440806, "delta": 0.001902}}
{"target": -17.67707169680884, "params": {"gamma": 880.3200345603146, "log10_alpha": 0.50848903537804, "log10_colsample_bytree": -0.003000363193758182, "log10_eta": -3.2000937753652754, "log10_lambda": -1.3207807935011568, "log10_min_child_weight": 2.4738615302342337, "log10_subsample": -0.8876901502865127, "max_depth": 9.0, "num_boost_round": 9.0}, "datetime": {"datetime": "2024-01-19 00:36:04", "elapsed": 1445.44262, "delta": 0.001814}}
{"target": -17.677039782710125, "params": {"gamma": 880.3200345603146, "log10_alpha": 0.50848903537804, "log10_colsample_bytree": -0.003000363193758182, "log10_eta": -3.2000937753652754, "log10_lambda": -1.3207807935011568, "log10_min_child_weight": 2.4738615302342337, "log10_subsample": -0.8876901502865127, "max_depth": 9.0, "num_boost_round": 10.0}, "datetime": {"datetime": "2024-01-19 00:36:04", "elapsed": 1445.444452, "delta": 0.001832}}
{"target": -17.677048086162852, "params": {"gamma": 880.3200345603146, "log10_alpha": 0.50848903537804, "log10_colsample_bytree": -0.003000363193758182, "log10_eta": -3.2000937753652754, "log10_lambda": -1.3207807935011568, "log10_min_child_weight": 2.4738615302342337, "log10_subsample": -0.8876901502865127, "max_depth": 9.0, "num_boost_round": 11.0}, "datetime": {"datetime": "2024-01-19 00:36:04", "elapsed": 1445.446282, "delta": 0.00183}}
{"target": -17.67703142745685, "params": {"gamma": 880.3200345603146, "log10_alpha": 0.50848903537804, "log10_colsample_bytree": -0.003000363193758182, "log10_eta": -3.2000937753652754, "log10_lambda": -1.3207807935011568, "log10_min_child_weight": 2.4738615302342337, "log10_subsample": -0.8876901502865127, "max_depth": 9.0, "num_boost_round": 12.0}, "datetime": {"datetime": "2024-01-19 00:36:04", "elapsed": 1445.448104, "delta": 0.001822}}
{"target": -17.6770022830131, "params": {"gamma": 880.3200345603146, "log10_alpha": 0.50848903537804, "log10_colsample_bytree": -0.003000363193758182, "log10_eta": -3.2000937753652754, "log10_lambda": -1.3207807935011568, "log10_min_child_weight": 2.4738615302342337, "log10_subsample": -0.8876901502865127, "max_depth": 9.0, "num_boost_round": 13.0}, "datetime": {"datetime": "2024-01-19 00:36:04", "elapsed": 1445.44994, "delta": 0.001836}}
{"target": -17.67700216720391, "params": {"gamma": 880.3200345603146, "log10_alpha": 0.50848903537804, "log10_colsample_bytree": -0.003000363193758182, "log10_eta": -3.2000937753652754, "log10_lambda": -1.3207807935011568, "log10_min_child_weight": 2.4738615302342337, "log10_subsample": -0.8876901502865127, "max_depth": 9.0, "num_boost_round": 14.0}, "datetime": {"datetime": "2024-01-19 00:36:04", "elapsed": 1445.451829, "delta": 0.001889}}
{"target": -17.676991996990722, "params": {"gamma": 880.3200345603146, "log10_alpha": 0.50848903537804, "log10_colsample_bytree": -0.003000363193758182, "log10_eta": -3.2000937753652754, "log10_lambda": -1.3207807935011568, "log10_min_child_weight": 2.4738615302342337, "log10_subsample": -0.8876901502865127, "max_depth": 9.0, "num_boost_round": 15.0}, "datetime": {"datetime": "2024-01-19 00:36:04", "elapsed": 1445.453636, "delta": 0.001807}}
{"target": -17.676956224639714, "params": {"gamma": 880.3200345603146, "log10_alpha": 0.50848903537804, "log10_colsample_bytree": -0.003000363193758182, "log10_eta": -3.2000937753652754, "log10_lambda": -1.3207807935011568, "log10_min_child_weight": 2.4738615302342337, "log10_subsample": -0.8876901502865127, "max_depth": 9.0, "num_boost_round": 16.0}, "datetime": {"datetime": "2024-01-19 00:36:04", "elapsed": 1445.455465, "delta": 0.001829}}
{"target": -17.67693391095032, "params": {"gamma": 880.3200345603146, "log10_alpha": 0.50848903537804, "log10_colsample_bytree": -0.003000363193758182, "log10_eta": -3.2000937753652754, "log10_lambda": -1.3207807935011568, "log10_min_child_weight": 2.4738615302342337, "log10_subsample": -0.8876901502865127, "max_depth": 9.0, "num_boost_round": 17.0}, "datetime": {"datetime": "2024-01-19 00:36:04", "elapsed": 1445.45736, "delta": 0.001895}}
{"target": -17.676949634210438, "params": {"gamma": 880.3200345603146, "log10_alpha": 0.50848903537804, "log10_colsample_bytree": -0.003000363193758182, "log10_eta": -3.2000937753652754, "log10_lambda": -1.3207807935011568, "log10_min_child_weight": 2.4738615302342337, "log10_subsample": -0.8876901502865127, "max_depth": 9.0, "num_boost_round": 18.0}, "datetime": {"datetime": "2024-01-19 00:36:04", "elapsed": 1445.459198, "delta": 0.001838}}
{"target": -17.676937889237056, "params": {"gamma": 880.3200345603146, "log10_alpha": 0.50848903537804, "log10_colsample_bytree": -0.003000363193758182, "log10_eta": -3.2000937753652754, "log10_lambda": -1.3207807935011568, "log10_min_child_weight": 2.4738615302342337, "log10_subsample": -0.8876901502865127, "max_depth": 9.0, "num_boost_round": 19.0}, "datetime": {"datetime": "2024-01-19 00:36:04", "elapsed": 1445.4611, "delta": 0.001902}}
{"target": -17.676926417113158, "params": {"gamma": 880.3200345603146, "log10_alpha": 0.50848903537804, "log10_colsample_bytree": -0.003000363193758182, "log10_eta": -3.2000937753652754, "log10_lambda": -1.3207807935011568, "log10_min_child_weight": 2.4738615302342337, "log10_subsample": -0.8876901502865127, "max_depth": 9.0, "num_boost_round": 20.0}, "datetime": {"datetime": "2024-01-19 00:36:04", "elapsed": 1445.462948, "delta": 0.001848}}
{"target": -17.676909690172415, "params": {"gamma": 880.3200345603146, "log10_alpha": 0.50848903537804, "log10_colsample_bytree": -0.003000363193758182, "log10_eta": -3.2000937753652754, "log10_lambda": -1.3207807935011568, "log10_min_child_weight": 2.4738615302342337, "log10_subsample": -0.8876901502865127, "max_depth": 9.0, "num_boost_round": 21.0}, "datetime": {"datetime": "2024-01-19 00:36:04", "elapsed": 1445.464777, "delta": 0.001829}}
{"target": -17.67689854562574, "params": {"gamma": 880.3200345603146, "log10_alpha": 0.50848903537804, "log10_colsample_bytree": -0.003000363193758182, "log10_eta": -3.2000937753652754, "log10_lambda": -1.3207807935011568, "log10_min_child_weight": 2.4738615302342337, "log10_subsample": -0.8876901502865127, "max_depth": 9.0, "num_boost_round": 22.0}, "datetime": {"datetime": "2024-01-19 00:36:04", "elapsed": 1445.466599, "delta": 0.001822}}
{"target": -17.67688531426405, "params": {"gamma": 880.3200345603146, "log10_alpha": 0.50848903537804, "log10_colsample_bytree": -0.003000363193758182, "log10_eta": -3.2000937753652754, "log10_lambda": -1.3207807935011568, "log10_min_child_weight": 2.4738615302342337, "log10_subsample": -0.8876901502865127, "max_depth": 9.0, "num_boost_round": 23.0}, "datetime": {"datetime": "2024-01-19 00:36:04", "elapsed": 1445.468412, "delta": 0.001813}}
{"target": -17.67687061641856, "params": {"gamma": 880.3200345603146, "log10_alpha": 0.50848903537804, "log10_colsample_bytree": -0.003000363193758182, "log10_eta": -3.2000937753652754, "log10_lambda": -1.3207807935011568, "log10_min_child_weight": 2.4738615302342337, "log10_subsample": -0.8876901502865127, "max_depth": 9.0, "num_boost_round": 24.0}, "datetime": {"datetime": "2024-01-19 00:36:04", "elapsed": 1445.470276, "delta": 0.001864}}
{"target": -17.67685386413172, "params": {"gamma": 880.3200345603146, "log10_alpha": 0.50848903537804, "log10_colsample_bytree": -0.003000363193758182, "log10_eta": -3.2000937753652754, "log10_lambda": -1.3207807935011568, "log10_min_child_weight": 2.4738615302342337, "log10_subsample": -0.8876901502865127, "max_depth": 9.0, "num_boost_round": 25.0}, "datetime": {"datetime": "2024-01-19 00:36:04", "elapsed": 1445.472254, "delta": 0.001978}}
{"target": -17.676836759846957, "params": {"gamma": 880.3200345603146, "log10_alpha": 0.50848903537804, "log10_colsample_bytree": -0.003000363193758182, "log10_eta": -3.2000937753652754, "log10_lambda": -1.3207807935011568, "log10_min_child_weight": 2.4738615302342337, "log10_subsample": -0.8876901502865127, "max_depth": 9.0, "num_boost_round": 26.0}, "datetime": {"datetime": "2024-01-19 00:36:04", "elapsed": 1445.474255, "delta": 0.002001}}
{"target": -17.676856669281964, "params": {"gamma": 880.3200345603146, "log10_alpha": 0.50848903537804, "log10_colsample_bytree": -0.003000363193758182, "log10_eta": -3.2000937753652754, "log10_lambda": -1.3207807935011568, "log10_min_child_weight": 2.4738615302342337, "log10_subsample": -0.8876901502865127, "max_depth": 9.0, "num_boost_round": 27.0}, "datetime": {"datetime": "2024-01-19 00:36:04", "elapsed": 1445.476194, "delta": 0.001939}}
{"target": -17.676866062492593, "params": {"gamma": 880.3200345603146, "log10_alpha": 0.50848903537804, "log10_colsample_bytree": -0.003000363193758182, "log10_eta": -3.2000937753652754, "log10_lambda": -1.3207807935011568, "log10_min_child_weight": 2.4738615302342337, "log10_subsample": -0.8876901502865127, "max_depth": 9.0, "num_boost_round": 28.0}, "datetime": {"datetime": "2024-01-19 00:36:04", "elapsed": 1445.478075, "delta": 0.001881}}
{"target": -17.676846792589945, "params": {"gamma": 880.3200345603146, "log10_alpha": 0.50848903537804, "log10_colsample_bytree": -0.003000363193758182, "log10_eta": -3.2000937753652754, "log10_lambda": -1.3207807935011568, "log10_min_child_weight": 2.4738615302342337, "log10_subsample": -0.8876901502865127, "max_depth": 9.0, "num_boost_round": 29.0}, "datetime": {"datetime": "2024-01-19 00:36:04", "elapsed": 1445.479925, "delta": 0.00185}}
{"target": -17.676856194940605, "params": {"gamma": 880.3200345603146, "log10_alpha": 0.50848903537804, "log10_colsample_bytree": -0.003000363193758182, "log10_eta": -3.2000937753652754, "log10_lambda": -1.3207807935011568, "log10_min_child_weight": 2.4738615302342337, "log10_subsample": -0.8876901502865127, "max_depth": 9.0, "num_boost_round": 30.0}, "datetime": {"datetime": "2024-01-19 00:36:04", "elapsed": 1445.48182, "delta": 0.001895}}
{"target": -17.676824270210286, "params": {"gamma": 880.3200345603146, "log10_alpha": 0.50848903537804, "log10_colsample_bytree": -0.003000363193758182, "log10_eta": -3.2000937753652754, "log10_lambda": -1.3207807935011568, "log10_min_child_weight": 2.4738615302342337, "log10_subsample": -0.8876901502865127, "max_depth": 9.0, "num_boost_round": 31.0}, "datetime": {"datetime": "2024-01-19 00:36:04", "elapsed": 1445.483676, "delta": 0.001856}}
{"target": -17.676794058862498, "params": {"gamma": 880.3200345603146, "log10_alpha": 0.50848903537804, "log10_colsample_bytree": -0.003000363193758182, "log10_eta": -3.2000937753652754, "log10_lambda": -1.3207807935011568, "log10_min_child_weight": 2.4738615302342337, "log10_subsample": -0.8876901502865127, "max_depth": 9.0, "num_boost_round": 32.0}, "datetime": {"datetime": "2024-01-19 00:36:04", "elapsed": 1445.485537, "delta": 0.001861}}
{"target": -17.676811541454448, "params": {"gamma": 880.3200345603146, "log10_alpha": 0.50848903537804, "log10_colsample_bytree": -0.003000363193758182, "log10_eta": -3.2000937753652754, "log10_lambda": -1.3207807935011568, "log10_min_child_weight": 2.4738615302342337, "log10_subsample": -0.8876901502865127, "max_depth": 9.0, "num_boost_round": 33.0}, "datetime": {"datetime": "2024-01-19 00:36:04", "elapsed": 1445.487361, "delta": 0.001824}}
{"target": -17.676782166832826, "params": {"gamma": 880.3200345603146, "log10_alpha": 0.50848903537804, "log10_colsample_bytree": -0.003000363193758182, "log10_eta": -3.2000937753652754, "log10_lambda": -1.3207807935011568, "log10_min_child_weight": 2.4738615302342337, "log10_subsample": -0.8876901502865127, "max_depth": 9.0, "num_boost_round": 34.0}, "datetime": {"datetime": "2024-01-19 00:36:04", "elapsed": 1445.489192, "delta": 0.001831}}
{"target": -17.676798951410802, "params": {"gamma": 880.3200345603146, "log10_alpha": 0.50848903537804, "log10_colsample_bytree": -0.003000363193758182, "log10_eta": -3.2000937753652754, "log10_lambda": -1.3207807935011568, "log10_min_child_weight": 2.4738615302342337, "log10_subsample": -0.8876901502865127, "max_depth": 9.0, "num_boost_round": 35.0}, "datetime": {"datetime": "2024-01-19 00:36:04", "elapsed": 1445.491068, "delta": 0.001876}}
