{"target": -13.826556944647727, "params": {"gamma": 159.71302079659566, "log10_alpha": -3.576661984913348, "log10_colsample_bytree": -0.08954150333855038, "log10_eta": -1.0703080288095976, "log10_lambda": -3.0340934138365414, "log10_min_child_weight": 1.0513841110757882, "log10_subsample": -0.5090217670886323, "max_depth": 5.0, "num_boost_round": 20.0}, "datetime": {"datetime": "2024-01-19 00:38:19", "elapsed": 1607.059251, "delta": 0.001912}}
{"target": -13.834851844360669, "params": {"gamma": 159.71302079659566, "log10_alpha": -3.576661984913348, "log10_colsample_bytree": -0.08954150333855038, "log10_eta": -1.0703080288095976, "log10_lambda": -3.0340934138365414, "log10_min_child_weight": 1.0513841110757882, "log10_subsample": -0.5090217670886323, "max_depth": 5.0, "num_boost_round": 21.0}, "datetime": {"datetime": "2024-01-19 00:38:19", "elapsed": 1607.061229, "delta": 0.001978}}
{"target": -13.837705875941474, "params": {"gamma": 159.71302079659566, "log10_alpha": -3.576661984913348, "log10_colsample_bytree": -0.08954150333855038, "log10_eta": -1.0703080288095976, "log10_lambda": -3.0340934138365414, "log10_min_child_weight": 1.0513841110757882, "log10_subsample": -0.5090217670886323, "max_depth": 5.0, "num_boost_round": 22.0}, "datetime": {"datetime": "2024-01-19 00:38:19", "elapsed": 1607.063118, "delta": 0.001889}}
{"target": -13.838299164354664, "params": {"gamma": 159.71302079659566, "log10_alpha": -3.576661984913348, "log10_colsample_bytree": -0.08954150333855038, "log10_eta": -1.0703080288095976, "log10_lambda": -3.0340934138365414, "log10_min_child_weight": 1.0513841110757882, "log10_subsample": -0.5090217670886323, "max_depth": 5.0, "num_boost_round": 23.0}, "datetime": {"datetime": "2024-01-19 00:38:19", "elapsed": 1607.065011, "delta": 0.001893}}
{"target": -13.837745512208294, "params": {"gamma": 159.71302079659566, "log10_alpha": -3.576661984913348, "log10_colsample_bytree": -0.08954150333855038, "log10_eta": -1.0703080288095976, "log10_lambda": -3.0340934138365414, "log10_min_child_weight": 1.0513841110757882, "log10_subsample": -0.5090217670886323, "max_depth": 5.0, "num_boost_round": 24.0}, "datetime": {"datetime": "2024-01-19 00:38:19", "elapsed": 1607.066938, "delta": 0.001927}}
{"target": -13.757976405022212, "params": {"gamma": 146.99421963625602, "log10_alpha": -4.75062225622176, "log10_colsample_bytree": -0.686665382275132, "log10_eta": -1.532173323916036, "log10_lambda": -2.8164478233560475, "log10_min_child_weight": 0.5709958742471433, "log10_subsample": -0.3669137776052461, "max_depth": 4.0, "num_boost_round": 0.0}, "datetime": {"datetime": "2024-01-19 00:38:42", "elapsed": 1630.04739, "delta": 22.980452}}
{"target": -13.757012066084576, "params": {"gamma": 146.99421963625602, "log10_alpha": -4.75062225622176, "log10_colsample_bytree": -0.686665382275132, "log10_eta": -1.532173323916036, "log10_lambda": -2.8164478233560475, "log10_min_child_weight": 0.5709958742471433, "log10_subsample": -0.3669137776052461, "max_depth": 4.0, "num_boost_round": 1.0}, "datetime": {"datetime": "2024-01-19 00:38:42", "elapsed": 1630.04993, "delta": 0.00254}}
{"target": -13.756328143538168, "params": {"gamma": 146.99421963625602, "log10_alpha": -4.75062225622176, "log10_colsample_bytree": -0.686665382275132, "log10_eta": -1.532173323916036, "log10_lambda": -2.8164478233560475, "log10_min_child_weight": 0.5709958742471433, "log10_subsample": -0.3669137776052461, "max_depth": 4.0, "num_boost_round": 2.0}, "datetime": {"datetime": "2024-01-19 00:38:42", "elapsed": 1630.052444, "delta": 0.002514}}
{"target": -13.755717800365108, "params": {"gamma": 146.99421963625602, "log10_alpha": -4.75062225622176, "log10_colsample_bytree": -0.686665382275132, "log10_eta": -1.532173323916036, "log10_lambda": -2.8164478233560475, "log10_min_child_weight": 0.5709958742471433, "log10_subsample": -0.3669137776052461, "max_depth": 4.0, "num_boost_round": 3.0}, "datetime": {"datetime": "2024-01-19 00:38:42", "elapsed": 1630.05443, "delta": 0.001986}}
{"target": -13.755553164766605, "params": {"gamma": 146.99421963625602, "log10_alpha": -4.75062225622176, "log10_colsample_bytree": -0.686665382275132, "log10_eta": -1.532173323916036, "log10_lambda": -2.8164478233560475, "log10_min_child_weight": 0.5709958742471433, "log10_subsample": -0.3669137776052461, "max_depth": 4.0, "num_boost_round": 4.0}, "datetime": {"datetime": "2024-01-19 00:38:42", "elapsed": 1630.056391, "delta": 0.001961}}
{"target": -13.75548762165142, "params": {"gamma": 146.99421963625602, "log10_alpha": -4.75062225622176, "log10_colsample_bytree": -0.686665382275132, "log10_eta": -1.532173323916036, "log10_lambda": -2.8164478233560475, "log10_min_child_weight": 0.5709958742471433, "log10_subsample": -0.3669137776052461, "max_depth": 4.0, "num_boost_round": 5.0}, "datetime": {"datetime": "2024-01-19 00:38:42", "elapsed": 1630.058356, "delta": 0.001965}}
{"target": -13.755025535697461, "params": {"gamma": 146.99421963625602, "log10_alpha": -4.75062225622176, "log10_colsample_bytree": -0.686665382275132, "log10_eta": -1.532173323916036, "log10_lambda": -2.8164478233560475, "log10_min_child_weight": 0.5709958742471433, "log10_subsample": -0.3669137776052461, "max_depth": 4.0, "num_boost_round": 6.0}, "datetime": {"datetime": "2024-01-19 00:38:42", "elapsed": 1630.0604, "delta": 0.002044}}
{"target": -13.754739313806295, "params": {"gamma": 146.99421963625602, "log10_alpha": -4.75062225622176, "log10_colsample_bytree": -0.686665382275132, "log10_eta": -1.532173323916036, "log10_lambda": -2.8164478233560475, "log10_min_child_weight": 0.5709958742471433, "log10_subsample": -0.3669137776052461, "max_depth": 4.0, "num_boost_round": 7.0}, "datetime": {"datetime": "2024-01-19 00:38:42", "elapsed": 1630.062292, "delta": 0.001892}}
{"target": -13.754775408938222, "params": {"gamma": 146.99421963625602, "log10_alpha": -4.75062225622176, "log10_colsample_bytree": -0.686665382275132, "log10_eta": -1.532173323916036, "log10_lambda": -2.8164478233560475, "log10_min_child_weight": 0.5709958742471433, "log10_subsample": -0.3669137776052461, "max_depth": 4.0, "num_boost_round": 8.0}, "datetime": {"datetime": "2024-01-19 00:38:42", "elapsed": 1630.064152, "delta": 0.00186}}
{"target": -13.754748067576962, "params": {"gamma": 146.99421963625602, "log10_alpha": -4.75062225622176, "log10_colsample_bytree": -0.686665382275132, "log10_eta": -1.532173323916036, "log10_lambda": -2.8164478233560475, "log10_min_child_weight": 0.5709958742471433, "log10_subsample": -0.3669137776052461, "max_depth": 4.0, "num_boost_round": 9.0}, "datetime": {"datetime": "2024-01-19 00:38:42", "elapsed": 1630.06602, "delta": 0.001868}}
{"target": -13.75423805716271, "params": {"gamma": 146.99421963625602, "log10_alpha": -4.75062225622176, "log10_colsample_bytree": -0.686665382275132, "log10_eta": -1.532173323916036, "log10_lambda": -2.8164478233560475, "log10_min_child_weight": 0.5709958742471433, "log10_subsample": -0.3669137776052461, "max_depth": 4.0, "num_boost_round": 10.0}, "datetime": {"datetime": "2024-01-19 00:38:42", "elapsed": 1630.067897, "delta": 0.001877}}
{"target": -13.75852889395946, "params": {"gamma": 151.76553250580372, "log10_alpha": -1.869848399843843, "log10_colsample_bytree": -0.7621966262067658, "log10_eta": -3.0752152513516666, "log10_lambda": -2.2020608209998502, "log10_min_child_weight": 0.7277104620499381, "log10_subsample": -0.2250470790945477, "max_depth": 7.0, "num_boost_round": 0.0}, "datetime": {"datetime": "2024-01-19 00:39:09", "elapsed": 1657.103206, "delta": 27.035309}}
{"target": -13.758515289472035, "params": {"gamma": 151.76553250580372, "log10_alpha": -1.869848399843843, "log10_colsample_bytree": -0.7621966262067658, "log10_eta": -3.0752152513516666, "log10_lambda": -2.2020608209998502, "log10_min_child_weight": 0.7277104620499381, "log10_subsample": -0.2250470790945477, "max_depth": 7.0, "num_boost_round": 1.0}, "datetime": {"datetime": "2024-01-19 00:39:09", "elapsed": 1657.105318, "delta": 0.002112}}
{"target": -13.75844767192763, "params": {"gamma": 151.76553250580372, "log10_alpha": -1.869848399843843, "log10_colsample_bytree": -0.7621966262067658, "log10_eta": -3.0752152513516666, "log10_lambda": -2.2020608209998502, "log10_min_child_weight": 0.7277104620499381, "log10_subsample": -0.2250470790945477, "max_depth": 7.0, "num_boost_round": 2.0}, "datetime": {"datetime": "2024-01-19 00:39:09", "elapsed": 1657.107579, "delta": 0.002261}}
{"target": -13.758412562086592, "params": {"gamma": 151.76553250580372, "log10_alpha": -1.869848399843843, "log10_colsample_bytree": -0.7621966262067658, "log10_eta": -3.0752152513516666, "log10_lambda": -2.2020608209998502, "log10_min_child_weight": 0.7277104620499381, "log10_subsample": -0.2250470790945477, "max_depth": 7.0, "num_boost_round": 3.0}, "datetime": {"datetime": "2024-01-19 00:39:09", "elapsed": 1657.110155, "delta": 0.002576}}
{"target": -13.758378832348221, "params": {"gamma": 151.76553250580372, "log10_alpha": -1.869848399843843, "log10_colsample_bytree": -0.7621966262067658, "log10_eta": -3.0752152513516666, "log10_lambda": -2.2020608209998502, "log10_min_child_weight": 0.7277104620499381, "log10_subsample": -0.2250470790945477, "max_depth": 7.0, "num_boost_round": 4.0}, "datetime": {"datetime": "2024-01-19 00:39:09", "elapsed": 1657.112202, "delta": 0.002047}}
{"target": -13.758373089399043, "params": {"gamma": 151.76553250580372, "log10_alpha": -1.869848399843843, "log10_colsample_bytree": -0.7621966262067658, "log10_eta": -3.0752152513516666, "log10_lambda": -2.2020608209998502, "log10_min_child_weight": 0.7277104620499381, "log10_subsample": -0.2250470790945477, "max_depth": 7.0, "num_boost_round": 5.0}, "datetime": {"datetime": "2024-01-19 00:39:09", "elapsed": 1657.114107, "delta": 0.001905}}
{"target": -13.758364527228316, "params": {"gamma": 151.76553250580372, "log10_alpha": -1.869848399843843, "log10_colsample_bytree": -0.7621966262067658, "log10_eta": -3.0752152513516666, "log10_lambda": -2.2020608209998502, "log10_min_child_weight": 0.7277104620499381, "log10_subsample": -0.2250470790945477, "max_depth": 7.0, "num_boost_round": 6.0}, "datetime": {"datetime": "2024-01-19 00:39:09", "elapsed": 1657.116056, "delta": 0.001949}}
{"target": -13.758328882039914, "params": {"gamma": 151.76553250580372, "log10_alpha": -1.869848399843843, "log10_colsample_bytree": -0.7621966262067658, "log10_eta": -3.0752152513516666, "log10_lambda": -2.2020608209998502, "log10_min_child_weight": 0.7277104620499381, "log10_subsample": -0.2250470790945477, "max_depth": 7.0, "num_boost_round": 7.0}, "datetime": {"datetime": "2024-01-19 00:39:09", "elapsed": 1657.118094, "delta": 0.002038}}
{"target": -13.758319595291386, "params": {"gamma": 151.76553250580372, "log10_alpha": -1.869848399843843, "log10_colsample_bytree": -0.7621966262067658, "log10_eta": -3.0752152513516666, "log10_lambda": -2.2020608209998502, "log10_min_child_weight": 0.7277104620499381, "log10_subsample": -0.2250470790945477, "max_depth": 7.0, "num_boost_round": 8.0}, "datetime": {"datetime": "2024-01-19 00:39:09", "elapsed": 1657.120055, "delta": 0.001961}}
{"target": -13.758328278667166, "params": {"gamma": 151.76553250580372, "log10_alpha": -1.869848399843843, "log10_colsample_bytree": -0.7621966262067658, "log10_eta": -3.0752152513516666, "log10_lambda": -2.2020608209998502, "log10_min_child_weight": 0.7277104620499381, "log10_subsample": -0.2250470790945477, "max_depth": 7.0, "num_boost_round": 9.0}, "datetime": {"datetime": "2024-01-19 00:39:09", "elapsed": 1657.121933, "delta": 0.001878}}
{"target": -13.758293528916496, "params": {"gamma": 151.76553250580372, "log10_alpha": -1.869848399843843, "log10_colsample_bytree": -0.7621966262067658, "log10_eta": -3.0752152513516666, "log10_lambda": -2.2020608209998502, "log10_min_child_weight": 0.7277104620499381, "log10_subsample": -0.2250470790945477, "max_depth": 7.0, "num_boost_round": 10.0}, "datetime": {"datetime": "2024-01-19 00:39:09", "elapsed": 1657.123815, "delta": 0.001882}}
{"target": -13.758297109791181, "params": {"gamma": 151.76553250580372, "log10_alpha": -1.869848399843843, "log10_colsample_bytree": -0.7621966262067658, "log10_eta": -3.0752152513516666, "log10_lambda": -2.2020608209998502, "log10_min_child_weight": 0.7277104620499381, "log10_subsample": -0.2250470790945477, "max_depth": 7.0, "num_boost_round": 11.0}, "datetime": {"datetime": "2024-01-19 00:39:09", "elapsed": 1657.125692, "delta": 0.001877}}
{"target": -13.758310215724165, "params": {"gamma": 151.76553250580372, "log10_alpha": -1.869848399843843, "log10_colsample_bytree": -0.7621966262067658, "log10_eta": -3.0752152513516666, "log10_lambda": -2.2020608209998502, "log10_min_child_weight": 0.7277104620499381, "log10_subsample": -0.2250470790945477, "max_depth": 7.0, "num_boost_round": 12.0}, "datetime": {"datetime": "2024-01-19 00:39:09", "elapsed": 1657.127573, "delta": 0.001881}}
{"target": -13.75826325595423, "params": {"gamma": 151.76553250580372, "log10_alpha": -1.869848399843843, "log10_colsample_bytree": -0.7621966262067658, "log10_eta": -3.0752152513516666, "log10_lambda": -2.2020608209998502, "log10_min_child_weight": 0.7277104620499381, "log10_subsample": -0.2250470790945477, "max_depth": 7.0, "num_boost_round": 13.0}, "datetime": {"datetime": "2024-01-19 00:39:09", "elapsed": 1657.129469, "delta": 0.001896}}
{"target": -13.758287834467193, "params": {"gamma": 151.76553250580372, "log10_alpha": -1.869848399843843, "log10_colsample_bytree": -0.7621966262067658, "log10_eta": -3.0752152513516666, "log10_lambda": -2.2020608209998502, "log10_min_child_weight": 0.7277104620499381, "log10_subsample": -0.2250470790945477, "max_depth": 7.0, "num_boost_round": 14.0}, "datetime": {"datetime": "2024-01-19 00:39:09", "elapsed": 1657.131467, "delta": 0.001998}}
{"target": -13.758271602446955, "params": {"gamma": 151.76553250580372, "log10_alpha": -1.869848399843843, "log10_colsample_bytree": -0.7621966262067658, "log10_eta": -3.0752152513516666, "log10_lambda": -2.2020608209998502, "log10_min_child_weight": 0.7277104620499381, "log10_subsample": -0.2250470790945477, "max_depth": 7.0, "num_boost_round": 15.0}, "datetime": {"datetime": "2024-01-19 00:39:09", "elapsed": 1657.133361, "delta": 0.001894}}
{"target": -13.758264406004772, "params": {"gamma": 151.76553250580372, "log10_alpha": -1.869848399843843, "log10_colsample_bytree": -0.7621966262067658, "log10_eta": -3.0752152513516666, "log10_lambda": -2.2020608209998502, "log10_min_child_weight": 0.7277104620499381, "log10_subsample": -0.2250470790945477, "max_depth": 7.0, "num_boost_round": 16.0}, "datetime": {"datetime": "2024-01-19 00:39:09", "elapsed": 1657.135265, "delta": 0.001904}}
{"target": -13.759244915838739, "params": {"gamma": 151.69867821692796, "log10_alpha": -0.6276988975879636, "log10_colsample_bytree": -0.11033692214172641, "log10_eta": -1.0609429251515476, "log10_lambda": -1.99467730262973, "log10_min_child_weight": 3.152550832993819, "log10_subsample": -0.1959037793985643, "max_depth": 3.0, "num_boost_round": 0.0}, "datetime": {"datetime": "2024-01-19 00:39:31", "elapsed": 1679.252983, "delta": 22.117718}}
{"target": -13.760762312326413, "params": {"gamma": 151.69867821692796, "log10_alpha": -0.6276988975879636, "log10_colsample_bytree": -0.11033692214172641, "log10_eta": -1.0609429251515476, "log10_lambda": -1.99467730262973, "log10_min_child_weight": 3.152550832993819, "log10_subsample": -0.1959037793985643, "max_depth": 3.0, "num_boost_round": 1.0}, "datetime": {"datetime": "2024-01-19 00:39:31", "elapsed": 1679.255505, "delta": 0.002522}}
{"target": -13.76199847573208, "params": {"gamma": 151.69867821692796, "log10_alpha": -0.6276988975879636, "log10_colsample_bytree": -0.11033692214172641, "log10_eta": -1.0609429251515476, "log10_lambda": -1.99467730262973, "log10_min_child_weight": 3.152550832993819, "log10_subsample": -0.1959037793985643, "max_depth": 3.0, "num_boost_round": 2.0}, "datetime": {"datetime": "2024-01-19 00:39:31", "elapsed": 1679.257662, "delta": 0.002157}}
{"target": -13.763304438236874, "params": {"gamma": 151.69867821692796, "log10_alpha": -0.6276988975879636, "log10_colsample_bytree": -0.11033692214172641, "log10_eta": -1.0609429251515476, "log10_lambda": -1.99467730262973, "log10_min_child_weight": 3.152550832993819, "log10_subsample": -0.1959037793985643, "max_depth": 3.0, "num_boost_round": 3.0}, "datetime": {"datetime": "2024-01-19 00:39:31", "elapsed": 1679.25972, "delta": 0.002058}}
{"target": -13.764204249832405, "params": {"gamma": 151.69867821692796, "log10_alpha": -0.6276988975879636, "log10_colsample_bytree": -0.11033692214172641, "log10_eta": -1.0609429251515476, "log10_lambda": -1.99467730262973, "log10_min_child_weight": 3.152550832993819, "log10_subsample": -0.1959037793985643, "max_depth": 3.0, "num_boost_round": 4.0}, "datetime": {"datetime": "2024-01-19 00:39:31", "elapsed": 1679.261739, "delta": 0.002019}}
{"target": -13.76496001720311, "params": {"gamma": 151.69867821692796, "log10_alpha": -0.6276988975879636, "log10_colsample_bytree": -0.11033692214172641, "log10_eta": -1.0609429251515476, "log10_lambda": -1.99467730262973, "log10_min_child_weight": 3.152550832993819, "log10_subsample": -0.1959037793985643, "max_depth": 3.0, "num_boost_round": 5.0}, "datetime": {"datetime": "2024-01-19 00:39:31", "elapsed": 1679.26373, "delta": 0.001991}}
{"target": -13.765330175554416, "params": {"gamma": 151.69867821692796, "log10_alpha": -0.6276988975879636, "log10_colsample_bytree": -0.11033692214172641, "log10_eta": -1.0609429251515476, "log10_lambda": -1.99467730262973, "log10_min_child_weight": 3.152550832993819, "log10_subsample": -0.1959037793985643, "max_depth": 3.0, "num_boost_round": 6.0}, "datetime": {"datetime": "2024-01-19 00:39:31", "elapsed": 1679.265647, "delta": 0.001917}}
{"target": -13.766952501815336, "params": {"gamma": 151.69867821692796, "log10_alpha": -0.6276988975879636, "log10_colsample_bytree": -0.11033692214172641, "log10_eta": -1.0609429251515476, "log10_lambda": -1.99467730262973, "log10_min_child_weight": 3.152550832993819, "log10_subsample": -0.1959037793985643, "max_depth": 3.0, "num_boost_round": 7.0}, "datetime": {"datetime": "2024-01-19 00:39:31", "elapsed": 1679.267552, "delta": 0.001905}}
{"target": -13.766972295153883, "params": {"gamma": 151.69867821692796, "log10_alpha": -0.6276988975879636, "log10_colsample_bytree": -0.11033692214172641, "log10_eta": -1.0609429251515476, "log10_lambda": -1.99467730262973, "log10_min_child_weight": 3.152550832993819, "log10_subsample": -0.1959037793985643, "max_depth": 3.0, "num_boost_round": 8.0}, "datetime": {"datetime": "2024-01-19 00:39:31", "elapsed": 1679.269478, "delta": 0.001926}}
{"target": -13.76874616914213, "params": {"gamma": 151.69867821692796, "log10_alpha": -0.6276988975879636, "log10_colsample_bytree": -0.11033692214172641, "log10_eta": -1.0609429251515476, "log10_lambda": -1.99467730262973, "log10_min_child_weight": 3.152550832993819, "log10_subsample": -0.1959037793985643, "max_depth": 3.0, "num_boost_round": 9.0}, "datetime": {"datetime": "2024-01-19 00:39:31", "elapsed": 1679.271437, "delta": 0.001959}}
{"target": -13.769749519423973, "params": {"gamma": 151.69867821692796, "log10_alpha": -0.6276988975879636, "log10_colsample_bytree": -0.11033692214172641, "log10_eta": -1.0609429251515476, "log10_lambda": -1.99467730262973, "log10_min_child_weight": 3.152550832993819, "log10_subsample": -0.1959037793985643, "max_depth": 3.0, "num_boost_round": 10.0}, "datetime": {"datetime": "2024-01-19 00:39:31", "elapsed": 1679.273371, "delta": 0.001934}}
{"target": -13.768230378359492, "params": {"gamma": 151.69867821692796, "log10_alpha": -0.6276988975879636, "log10_colsample_bytree": -0.11033692214172641, "log10_eta": -1.0609429251515476, "log10_lambda": -1.99467730262973, "log10_min_child_weight": 3.152550832993819, "log10_subsample": -0.1959037793985643, "max_depth": 3.0, "num_boost_round": 11.0}, "datetime": {"datetime": "2024-01-19 00:39:31", "elapsed": 1679.275327, "delta": 0.001956}}
{"target": -13.768722319290896, "params": {"gamma": 151.69867821692796, "log10_alpha": -0.6276988975879636, "log10_colsample_bytree": -0.11033692214172641, "log10_eta": -1.0609429251515476, "log10_lambda": -1.99467730262973, "log10_min_child_weight": 3.152550832993819, "log10_subsample": -0.1959037793985643, "max_depth": 3.0, "num_boost_round": 12.0}, "datetime": {"datetime": "2024-01-19 00:39:31", "elapsed": 1679.277295, "delta": 0.001968}}
{"target": -13.758531967154422, "params": {"gamma": 147.3295765248822, "log10_alpha": 0.9932720817295495, "log10_colsample_bytree": -0.7133703775001395, "log10_eta": -3.656988103196677, "log10_lambda": 0.884532644784187, "log10_min_child_weight": 3.0262479771437008, "log10_subsample": -0.7853418662403023, "max_depth": 9.0, "num_boost_round": 0.0}, "datetime": {"datetime": "2024-01-19 00:39:55", "elapsed": 1703.188017, "delta": 23.910722}}
{"target": -13.758532823580014, "params": {"gamma": 147.3295765248822, "log10_alpha": 0.9932720817295495, "log10_colsample_bytree": -0.7133703775001395, "log10_eta": -3.656988103196677, "log10_lambda": 0.884532644784187, "log10_min_child_weight": 3.0262479771437008, "log10_subsample": -0.7853418662403023, "max_depth": 9.0, "num_boost_round": 1.0}, "datetime": {"datetime": "2024-01-19 00:39:55", "elapsed": 1703.19077, "delta": 0.002753}}
{"target": -13.758531193664197, "params": {"gamma": 147.3295765248822, "log10_alpha": 0.9932720817295495, "log10_colsample_bytree": -0.7133703775001395, "log10_eta": -3.656988103196677, "log10_lambda": 0.884532644784187, "log10_min_child_weight": 3.0262479771437008, "log10_subsample": -0.7853418662403023, "max_depth": 9.0, "num_boost_round": 2.0}, "datetime": {"datetime": "2024-01-19 00:39:55", "elapsed": 1703.193206, "delta": 0.002436}}
