{"target": -17.67719974994688, "params": {"gamma": 443.23355504978014, "log10_alpha": 0.5236442250596696, "log10_colsample_bytree": -0.1502196003393309, "log10_eta": -3.5638871457791765, "log10_lambda": -0.43293123219349994, "log10_min_child_weight": 2.02698305356091, "log10_subsample": -0.6787524761642922, "max_depth": 3.0, "num_boost_round": 3.0}, "datetime": {"datetime": "2024-01-19 01:04:45", "elapsed": 3190.156057, "delta": 0.002699}}
{"target": -17.67719912987247, "params": {"gamma": 443.23355504978014, "log10_alpha": 0.5236442250596696, "log10_colsample_bytree": -0.1502196003393309, "log10_eta": -3.5638871457791765, "log10_lambda": -0.43293123219349994, "log10_min_child_weight": 2.02698305356091, "log10_subsample": -0.6787524761642922, "max_depth": 3.0, "num_boost_round": 4.0}, "datetime": {"datetime": "2024-01-19 01:04:45", "elapsed": 3190.158593, "delta": 0.002536}}
{"target": -17.67719004873066, "params": {"gamma": 443.23355504978014, "log10_alpha": 0.5236442250596696, "log10_colsample_bytree": -0.1502196003393309, "log10_eta": -3.5638871457791765, "log10_lambda": -0.43293123219349994, "log10_min_child_weight": 2.02698305356091, "log10_subsample": -0.6787524761642922, "max_depth": 3.0, "num_boost_round": 5.0}, "datetime": {"datetime": "2024-01-19 01:04:45", "elapsed": 3190.161133, "delta": 0.00254}}
{"target": -17.677177109281793, "params": {"gamma": 443.23355504978014, "log10_alpha": 0.5236442250596696, "log10_colsample_bytree": -0.1502196003393309, "log10_eta": -3.5638871457791765, "log10_lambda": -0.43293123219349994, "log10_min_child_weight": 2.02698305356091, "log10_subsample": -0.6787524761642922, "max_depth": 3.0, "num_boost_round": 6.0}, "datetime": {"datetime": "2024-01-19 01:04:45", "elapsed": 3190.163653, "delta": 0.00252}}
{"target": -17.67716630818302, "params": {"gamma": 443.23355504978014, "log10_alpha": 0.5236442250596696, "log10_colsample_bytree": -0.1502196003393309, "log10_eta": -3.5638871457791765, "log10_lambda": -0.43293123219349994, "log10_min_child_weight": 2.02698305356091, "log10_subsample": -0.6787524761642922, "max_depth": 3.0, "num_boost_round": 7.0}, "datetime": {"datetime": "2024-01-19 01:04:45", "elapsed": 3190.166174, "delta": 0.002521}}
{"target": -17.677153286154947, "params": {"gamma": 443.23355504978014, "log10_alpha": 0.5236442250596696, "log10_colsample_bytree": -0.1502196003393309, "log10_eta": -3.5638871457791765, "log10_lambda": -0.43293123219349994, "log10_min_child_weight": 2.02698305356091, "log10_subsample": -0.6787524761642922, "max_depth": 3.0, "num_boost_round": 8.0}, "datetime": {"datetime": "2024-01-19 01:04:45", "elapsed": 3190.168696, "delta": 0.002522}}
{"target": -17.677143977681585, "params": {"gamma": 443.23355504978014, "log10_alpha": 0.5236442250596696, "log10_colsample_bytree": -0.1502196003393309, "log10_eta": -3.5638871457791765, "log10_lambda": -0.43293123219349994, "log10_min_child_weight": 2.02698305356091, "log10_subsample": -0.6787524761642922, "max_depth": 3.0, "num_boost_round": 9.0}, "datetime": {"datetime": "2024-01-19 01:04:45", "elapsed": 3190.171262, "delta": 0.002566}}
{"target": -17.677135645281158, "params": {"gamma": 443.23355504978014, "log10_alpha": 0.5236442250596696, "log10_colsample_bytree": -0.1502196003393309, "log10_eta": -3.5638871457791765, "log10_lambda": -0.43293123219349994, "log10_min_child_weight": 2.02698305356091, "log10_subsample": -0.6787524761642922, "max_depth": 3.0, "num_boost_round": 10.0}, "datetime": {"datetime": "2024-01-19 01:04:45", "elapsed": 3190.173991, "delta": 0.002729}}
{"target": -17.677130712690015, "params": {"gamma": 443.23355504978014, "log10_alpha": 0.5236442250596696, "log10_colsample_bytree": -0.1502196003393309, "log10_eta": -3.5638871457791765, "log10_lambda": -0.43293123219349994, "log10_min_child_weight": 2.02698305356091, "log10_subsample": -0.6787524761642922, "max_depth": 3.0, "num_boost_round": 11.0}, "datetime": {"datetime": "2024-01-19 01:04:45", "elapsed": 3190.17668, "delta": 0.002689}}
{"target": -17.67712237271715, "params": {"gamma": 443.23355504978014, "log10_alpha": 0.5236442250596696, "log10_colsample_bytree": -0.1502196003393309, "log10_eta": -3.5638871457791765, "log10_lambda": -0.43293123219349994, "log10_min_child_weight": 2.02698305356091, "log10_subsample": -0.6787524761642922, "max_depth": 3.0, "num_boost_round": 12.0}, "datetime": {"datetime": "2024-01-19 01:04:45", "elapsed": 3190.179407, "delta": 0.002727}}
{"target": -17.67722765077828, "params": {"gamma": 441.83543711332675, "log10_alpha": -4.328619089720407, "log10_colsample_bytree": -0.7453899431327554, "log10_eta": -3.683904926632691, "log10_lambda": -4.272125398016442, "log10_min_child_weight": 3.594423921064232, "log10_subsample": -0.8368871873305082, "max_depth": 8.0, "num_boost_round": 0.0}, "datetime": {"datetime": "2024-01-19 01:05:27", "elapsed": 3231.853147, "delta": 41.67374}}
{"target": -17.677226189963914, "params": {"gamma": 441.83543711332675, "log10_alpha": -4.328619089720407, "log10_colsample_bytree": -0.7453899431327554, "log10_eta": -3.683904926632691, "log10_lambda": -4.272125398016442, "log10_min_child_weight": 3.594423921064232, "log10_subsample": -0.8368871873305082, "max_depth": 8.0, "num_boost_round": 1.0}, "datetime": {"datetime": "2024-01-19 01:05:27", "elapsed": 3231.856225, "delta": 0.003078}}
{"target": -17.677221850826896, "params": {"gamma": 441.83543711332675, "log10_alpha": -4.328619089720407, "log10_colsample_bytree": -0.7453899431327554, "log10_eta": -3.683904926632691, "log10_lambda": -4.272125398016442, "log10_min_child_weight": 3.594423921064232, "log10_subsample": -0.8368871873305082, "max_depth": 8.0, "num_boost_round": 2.0}, "datetime": {"datetime": "2024-01-19 01:05:27", "elapsed": 3231.858809, "delta": 0.002584}}
{"target": -17.677218949848196, "params": {"gamma": 441.83543711332675, "log10_alpha": -4.328619089720407, "log10_colsample_bytree": -0.7453899431327554, "log10_eta": -3.683904926632691, "log10_lambda": -4.272125398016442, "log10_min_child_weight": 3.594423921064232, "log10_subsample": -0.8368871873305082, "max_depth": 8.0, "num_boost_round": 3.0}, "datetime": {"datetime": "2024-01-19 01:05:27", "elapsed": 3231.86279, "delta": 0.003981}}
{"target": -17.677216593633723, "params": {"gamma": 441.83543711332675, "log10_alpha": -4.328619089720407, "log10_colsample_bytree": -0.7453899431327554, "log10_eta": -3.683904926632691, "log10_lambda": -4.272125398016442, "log10_min_child_weight": 3.594423921064232, "log10_subsample": -0.8368871873305082, "max_depth": 8.0, "num_boost_round": 4.0}, "datetime": {"datetime": "2024-01-19 01:05:27", "elapsed": 3231.865353, "delta": 0.002563}}
{"target": -17.67721739704873, "params": {"gamma": 441.83543711332675, "log10_alpha": -4.328619089720407, "log10_colsample_bytree": -0.7453899431327554, "log10_eta": -3.683904926632691, "log10_lambda": -4.272125398016442, "log10_min_child_weight": 3.594423921064232, "log10_subsample": -0.8368871873305082, "max_depth": 8.0, "num_boost_round": 5.0}, "datetime": {"datetime": "2024-01-19 01:05:27", "elapsed": 3231.867904, "delta": 0.002551}}
{"target": -17.677221338062548, "params": {"gamma": 441.83543711332675, "log10_alpha": -4.328619089720407, "log10_colsample_bytree": -0.7453899431327554, "log10_eta": -3.683904926632691, "log10_lambda": -4.272125398016442, "log10_min_child_weight": 3.594423921064232, "log10_subsample": -0.8368871873305082, "max_depth": 8.0, "num_boost_round": 6.0}, "datetime": {"datetime": "2024-01-19 01:05:27", "elapsed": 3231.870459, "delta": 0.002555}}
{"target": -17.677218285583933, "params": {"gamma": 441.83543711332675, "log10_alpha": -4.328619089720407, "log10_colsample_bytree": -0.7453899431327554, "log10_eta": -3.683904926632691, "log10_lambda": -4.272125398016442, "log10_min_child_weight": 3.594423921064232, "log10_subsample": -0.8368871873305082, "max_depth": 8.0, "num_boost_round": 7.0}, "datetime": {"datetime": "2024-01-19 01:05:27", "elapsed": 3231.873008, "delta": 0.002549}}
{"target": -17.67721795959448, "params": {"gamma": 441.83543711332675, "log10_alpha": -4.328619089720407, "log10_colsample_bytree": -0.7453899431327554, "log10_eta": -3.683904926632691, "log10_lambda": -4.272125398016442, "log10_min_child_weight": 3.594423921064232, "log10_subsample": -0.8368871873305082, "max_depth": 8.0, "num_boost_round": 8.0}, "datetime": {"datetime": "2024-01-19 01:05:27", "elapsed": 3231.875583, "delta": 0.002575}}
{"target": -17.677217152322367, "params": {"gamma": 441.83543711332675, "log10_alpha": -4.328619089720407, "log10_colsample_bytree": -0.7453899431327554, "log10_eta": -3.683904926632691, "log10_lambda": -4.272125398016442, "log10_min_child_weight": 3.594423921064232, "log10_subsample": -0.8368871873305082, "max_depth": 8.0, "num_boost_round": 9.0}, "datetime": {"datetime": "2024-01-19 01:05:27", "elapsed": 3231.878844, "delta": 0.003261}}
{"target": -17.677211164724405, "params": {"gamma": 441.83543711332675, "log10_alpha": -4.328619089720407, "log10_colsample_bytree": -0.7453899431327554, "log10_eta": -3.683904926632691, "log10_lambda": -4.272125398016442, "log10_min_child_weight": 3.594423921064232, "log10_subsample": -0.8368871873305082, "max_depth": 8.0, "num_boost_round": 10.0}, "datetime": {"datetime": "2024-01-19 01:05:27", "elapsed": 3231.881536, "delta": 0.002692}}
{"target": -17.67720803337173, "params": {"gamma": 441.83543711332675, "log10_alpha": -4.328619089720407, "log10_colsample_bytree": -0.7453899431327554, "log10_eta": -3.683904926632691, "log10_lambda": -4.272125398016442, "log10_min_child_weight": 3.594423921064232, "log10_subsample": -0.8368871873305082, "max_depth": 8.0, "num_boost_round": 11.0}, "datetime": {"datetime": "2024-01-19 01:05:27", "elapsed": 3231.884241, "delta": 0.002705}}
{"target": -17.677210570357463, "params": {"gamma": 441.83543711332675, "log10_alpha": -4.328619089720407, "log10_colsample_bytree": -0.7453899431327554, "log10_eta": -3.683904926632691, "log10_lambda": -4.272125398016442, "log10_min_child_weight": 3.594423921064232, "log10_subsample": -0.8368871873305082, "max_depth": 8.0, "num_boost_round": 12.0}, "datetime": {"datetime": "2024-01-19 01:05:27", "elapsed": 3231.886957, "delta": 0.002716}}
{"target": -17.677208645725585, "params": {"gamma": 441.83543711332675, "log10_alpha": -4.328619089720407, "log10_colsample_bytree": -0.7453899431327554, "log10_eta": -3.683904926632691, "log10_lambda": -4.272125398016442, "log10_min_child_weight": 3.594423921064232, "log10_subsample": -0.8368871873305082, "max_depth": 8.0, "num_boost_round": 13.0}, "datetime": {"datetime": "2024-01-19 01:05:27", "elapsed": 3231.889529, "delta": 0.002572}}
{"target": -17.67720764429087, "params": {"gamma": 441.83543711332675, "log10_alpha": -4.328619089720407, "log10_colsample_bytree": -0.7453899431327554, "log10_eta": -3.683904926632691, "log10_lambda": -4.272125398016442, "log10_min_child_weight": 3.594423921064232, "log10_subsample": -0.8368871873305082, "max_depth": 8.0, "num_boost_round": 14.0}, "datetime": {"datetime": "2024-01-19 01:05:27", "elapsed": 3231.892168, "delta": 0.002639}}
{"target": -17.677202576733965, "params": {"gamma": 441.83543711332675, "log10_alpha": -4.328619089720407, "log10_colsample_bytree": -0.7453899431327554, "log10_eta": -3.683904926632691, "log10_lambda": -4.272125398016442, "log10_min_child_weight": 3.594423921064232, "log10_subsample": -0.8368871873305082, "max_depth": 8.0, "num_boost_round": 15.0}, "datetime": {"datetime": "2024-01-19 01:05:27", "elapsed": 3231.894888, "delta": 0.00272}}
{"target": -17.677201336962547, "params": {"gamma": 441.83543711332675, "log10_alpha": -4.328619089720407, "log10_colsample_bytree": -0.7453899431327554, "log10_eta": -3.683904926632691, "log10_lambda": -4.272125398016442, "log10_min_child_weight": 3.594423921064232, "log10_subsample": -0.8368871873305082, "max_depth": 8.0, "num_boost_round": 16.0}, "datetime": {"datetime": "2024-01-19 01:05:27", "elapsed": 3231.897439, "delta": 0.002551}}
{"target": -17.677199157251266, "params": {"gamma": 441.83543711332675, "log10_alpha": -4.328619089720407, "log10_colsample_bytree": -0.7453899431327554, "log10_eta": -3.683904926632691, "log10_lambda": -4.272125398016442, "log10_min_child_weight": 3.594423921064232, "log10_subsample": -0.8368871873305082, "max_depth": 8.0, "num_boost_round": 17.0}, "datetime": {"datetime": "2024-01-19 01:05:27", "elapsed": 3231.899992, "delta": 0.002553}}
{"target": -17.67719951765411, "params": {"gamma": 441.83543711332675, "log10_alpha": -4.328619089720407, "log10_colsample_bytree": -0.7453899431327554, "log10_eta": -3.683904926632691, "log10_lambda": -4.272125398016442, "log10_min_child_weight": 3.594423921064232, "log10_subsample": -0.8368871873305082, "max_depth": 8.0, "num_boost_round": 18.0}, "datetime": {"datetime": "2024-01-19 01:05:27", "elapsed": 3231.902561, "delta": 0.002569}}
{"target": -17.677194960649807, "params": {"gamma": 441.83543711332675, "log10_alpha": -4.328619089720407, "log10_colsample_bytree": -0.7453899431327554, "log10_eta": -3.683904926632691, "log10_lambda": -4.272125398016442, "log10_min_child_weight": 3.594423921064232, "log10_subsample": -0.8368871873305082, "max_depth": 8.0, "num_boost_round": 19.0}, "datetime": {"datetime": "2024-01-19 01:05:27", "elapsed": 3231.905121, "delta": 0.00256}}
{"target": -17.677191096536777, "params": {"gamma": 441.83543711332675, "log10_alpha": -4.328619089720407, "log10_colsample_bytree": -0.7453899431327554, "log10_eta": -3.683904926632691, "log10_lambda": -4.272125398016442, "log10_min_child_weight": 3.594423921064232, "log10_subsample": -0.8368871873305082, "max_depth": 8.0, "num_boost_round": 20.0}, "datetime": {"datetime": "2024-01-19 01:05:27", "elapsed": 3231.9077, "delta": 0.002579}}
{"target": -17.677185374263477, "params": {"gamma": 441.83543711332675, "log10_alpha": -4.328619089720407, "log10_colsample_bytree": -0.7453899431327554, "log10_eta": -3.683904926632691, "log10_lambda": -4.272125398016442, "log10_min_child_weight": 3.594423921064232, "log10_subsample": -0.8368871873305082, "max_depth": 8.0, "num_boost_round": 21.0}, "datetime": {"datetime": "2024-01-19 01:05:27", "elapsed": 3231.910361, "delta": 0.002661}}
{"target": -17.677232473293248, "params": {"gamma": 441.01314445399606, "log10_alpha": 0.2572407820538043, "log10_colsample_bytree": -0.5707763612541654, "log10_eta": -3.0971129522268495, "log10_lambda": -1.3120955904089389, "log10_min_child_weight": 0.285721133052354, "log10_subsample": -0.40536333323778095, "max_depth": 5.0, "num_boost_round": 0.0}, "datetime": {"datetime": "2024-01-19 01:06:11", "elapsed": 3276.292966, "delta": 44.382605}}
{"target": -17.677233930595598, "params": {"gamma": 441.01314445399606, "log10_alpha": 0.2572407820538043, "log10_colsample_bytree": -0.5707763612541654, "log10_eta": -3.0971129522268495, "log10_lambda": -1.3120955904089389, "log10_min_child_weight": 0.285721133052354, "log10_subsample": -0.40536333323778095, "max_depth": 5.0, "num_boost_round": 1.0}, "datetime": {"datetime": "2024-01-19 01:06:11", "elapsed": 3276.296626, "delta": 0.00366}}
{"target": -17.67719671964343, "params": {"gamma": 441.01314445399606, "log10_alpha": 0.2572407820538043, "log10_colsample_bytree": -0.5707763612541654, "log10_eta": -3.0971129522268495, "log10_lambda": -1.3120955904089389, "log10_min_child_weight": 0.285721133052354, "log10_subsample": -0.40536333323778095, "max_depth": 5.0, "num_boost_round": 2.0}, "datetime": {"datetime": "2024-01-19 01:06:11", "elapsed": 3276.299329, "delta": 0.002703}}
{"target": -17.677159684692977, "params": {"gamma": 441.01314445399606, "log10_alpha": 0.2572407820538043, "log10_colsample_bytree": -0.5707763612541654, "log10_eta": -3.0971129522268495, "log10_lambda": -1.3120955904089389, "log10_min_child_weight": 0.285721133052354, "log10_subsample": -0.40536333323778095, "max_depth": 5.0, "num_boost_round": 3.0}, "datetime": {"datetime": "2024-01-19 01:06:11", "elapsed": 3276.301957, "delta": 0.002628}}
{"target": -17.677141161372425, "params": {"gamma": 441.01314445399606, "log10_alpha": 0.2572407820538043, "log10_colsample_bytree": -0.5707763612541654, "log10_eta": -3.0971129522268495, "log10_lambda": -1.3120955904089389, "log10_min_child_weight": 0.285721133052354, "log10_subsample": -0.40536333323778095, "max_depth": 5.0, "num_boost_round": 4.0}, "datetime": {"datetime": "2024-01-19 01:06:11", "elapsed": 3276.30457, "delta": 0.002613}}
{"target": -17.677089204568905, "params": {"gamma": 441.01314445399606, "log10_alpha": 0.2572407820538043, "log10_colsample_bytree": -0.5707763612541654, "log10_eta": -3.0971129522268495, "log10_lambda": -1.3120955904089389, "log10_min_child_weight": 0.285721133052354, "log10_subsample": -0.40536333323778095, "max_depth": 5.0, "num_boost_round": 5.0}, "datetime": {"datetime": "2024-01-19 01:06:11", "elapsed": 3276.307153, "delta": 0.002583}}
{"target": -17.6770670716865, "params": {"gamma": 441.01314445399606, "log10_alpha": 0.2572407820538043, "log10_colsample_bytree": -0.5707763612541654, "log10_eta": -3.0971129522268495, "log10_lambda": -1.3120955904089389, "log10_min_child_weight": 0.285721133052354, "log10_subsample": -0.40536333323778095, "max_depth": 5.0, "num_boost_round": 6.0}, "datetime": {"datetime": "2024-01-19 01:06:11", "elapsed": 3276.309739, "delta": 0.002586}}
{"target": -17.67706808740724, "params": {"gamma": 441.01314445399606, "log10_alpha": 0.2572407820538043, "log10_colsample_bytree": -0.5707763612541654, "log10_eta": -3.0971129522268495, "log10_lambda": -1.3120955904089389, "log10_min_child_weight": 0.285721133052354, "log10_subsample": -0.40536333323778095, "max_depth": 5.0, "num_boost_round": 7.0}, "datetime": {"datetime": "2024-01-19 01:06:11", "elapsed": 3276.312422, "delta": 0.002683}}
{"target": -17.67703256526925, "params": {"gamma": 441.01314445399606, "log10_alpha": 0.2572407820538043, "log10_colsample_bytree": -0.5707763612541654, "log10_eta": -3.0971129522268495, "log10_lambda": -1.3120955904089389, "log10_min_child_weight": 0.285721133052354, "log10_subsample": -0.40536333323778095, "max_depth": 5.0, "num_boost_round": 8.0}, "datetime": {"datetime": "2024-01-19 01:06:11", "elapsed": 3276.315113, "delta": 0.002691}}
{"target": -17.676964995491048, "params": {"gamma": 441.01314445399606, "log10_alpha": 0.2572407820538043, "log10_colsample_bytree": -0.5707763612541654, "log10_eta": -3.0971129522268495, "log10_lambda": -1.3120955904089389, "log10_min_child_weight": 0.285721133052354, "log10_subsample": -0.40536333323778095, "max_depth": 5.0, "num_boost_round": 9.0}, "datetime": {"datetime": "2024-01-19 01:06:11", "elapsed": 3276.317688, "delta": 0.002575}}
{"target": -17.682603202976736, "params": {"gamma": 415.3634935088594, "log10_alpha": -2.804661206399458, "log10_colsample_bytree": -0.6299931480495831, "log10_eta": -0.20628990860692076, "log10_lambda": -0.6305678635195919, "log10_min_child_weight": 4.0180654705235295, "log10_subsample": -0.4415956716102518, "max_depth": 6.0, "num_boost_round": 0.0}, "datetime": {"datetime": "2024-01-19 01:06:48", "elapsed": 3313.445751, "delta": 37.128063}}
{"target": -17.7147510905138, "params": {"gamma": 415.3634935088594, "log10_alpha": -2.804661206399458, "log10_colsample_bytree": -0.6299931480495831, "log10_eta": -0.20628990860692076, "log10_lambda": -0.6305678635195919, "log10_min_child_weight": 4.0180654705235295, "log10_subsample": -0.4415956716102518, "max_depth": 6.0, "num_boost_round": 1.0}, "datetime": {"datetime": "2024-01-19 01:06:48", "elapsed": 3313.449296, "delta": 0.003545}}
{"target": -17.72380396592664, "params": {"gamma": 415.3634935088594, "log10_alpha": -2.804661206399458, "log10_colsample_bytree": -0.6299931480495831, "log10_eta": -0.20628990860692076, "log10_lambda": -0.6305678635195919, "log10_min_child_weight": 4.0180654705235295, "log10_subsample": -0.4415956716102518, "max_depth": 6.0, "num_boost_round": 2.0}, "datetime": {"datetime": "2024-01-19 01:06:48", "elapsed": 3313.452641, "delta": 0.003345}}
{"target": -17.734812574797605, "params": {"gamma": 415.3634935088594, "log10_alpha": -2.804661206399458, "log10_colsample_bytree": -0.6299931480495831, "log10_eta": -0.20628990860692076, "log10_lambda": -0.6305678635195919, "log10_min_child_weight": 4.0180654705235295, "log10_subsample": -0.4415956716102518, "max_depth": 6.0, "num_boost_round": 3.0}, "datetime": {"datetime": "2024-01-19 01:06:48", "elapsed": 3313.456039, "delta": 0.003398}}
{"target": -17.735767020554817, "params": {"gamma": 415.3634935088594, "log10_alpha": -2.804661206399458, "log10_colsample_bytree": -0.6299931480495831, "log10_eta": -0.20628990860692076, "log10_lambda": -0.6305678635195919, "log10_min_child_weight": 4.0180654705235295, "log10_subsample": -0.4415956716102518, "max_depth": 6.0, "num_boost_round": 4.0}, "datetime": {"datetime": "2024-01-19 01:06:48", "elapsed": 3313.458631, "delta": 0.002592}}
{"target": -17.767595882402805, "params": {"gamma": 415.3634935088594, "log10_alpha": -2.804661206399458, "log10_colsample_bytree": -0.6299931480495831, "log10_eta": -0.20628990860692076, "log10_lambda": -0.6305678635195919, "log10_min_child_weight": 4.0180654705235295, "log10_subsample": -0.4415956716102518, "max_depth": 6.0, "num_boost_round": 5.0}, "datetime": {"datetime": "2024-01-19 01:06:48", "elapsed": 3313.461223, "delta": 0.002592}}
{"target": -17.773742703986898, "params": {"gamma": 415.3634935088594, "log10_alpha": -2.804661206399458, "log10_colsample_bytree": -0.6299931480495831, "log10_eta": -0.20628990860692076, "log10_lambda": -0.6305678635195919, "log10_min_child_weight": 4.0180654705235295, "log10_subsample": -0.4415956716102518, "max_depth": 6.0, "num_boost_round": 6.0}, "datetime": {"datetime": "2024-01-19 01:06:48", "elapsed": 3313.463896, "delta": 0.002673}}
