{"target": -13.758316227904391, "params": {"gamma": 705.4019137810927, "log10_alpha": -2.6742922304762384, "log10_colsample_bytree": -0.23806117697329388, "log10_eta": -2.7726381340291506, "log10_lambda": -4.787682581414787, "log10_min_child_weight": 0.013617564739164534, "log10_subsample": -0.8246457629171399, "max_depth": 9.0, "num_boost_round": 10.0}, "datetime": {"datetime": "2024-01-19 01:00:50", "elapsed": 2949.093855, "delta": 0.003197}}
{"target": -13.758235174779285, "params": {"gamma": 705.4019137810927, "log10_alpha": -2.6742922304762384, "log10_colsample_bytree": -0.23806117697329388, "log10_eta": -2.7726381340291506, "log10_lambda": -4.787682581414787, "log10_min_child_weight": 0.013617564739164534, "log10_subsample": -0.8246457629171399, "max_depth": 9.0, "num_boost_round": 11.0}, "datetime": {"datetime": "2024-01-19 01:00:50", "elapsed": 2949.096948, "delta": 0.003093}}
{"target": -13.758269895165478, "params": {"gamma": 705.4019137810927, "log10_alpha": -2.6742922304762384, "log10_colsample_bytree": -0.23806117697329388, "log10_eta": -2.7726381340291506, "log10_lambda": -4.787682581414787, "log10_min_child_weight": 0.013617564739164534, "log10_subsample": -0.8246457629171399, "max_depth": 9.0, "num_boost_round": 12.0}, "datetime": {"datetime": "2024-01-19 01:00:50", "elapsed": 2949.100039, "delta": 0.003091}}
{"target": -13.75827548783684, "params": {"gamma": 705.4019137810927, "log10_alpha": -2.6742922304762384, "log10_colsample_bytree": -0.23806117697329388, "log10_eta": -2.7726381340291506, "log10_lambda": -4.787682581414787, "log10_min_child_weight": 0.013617564739164534, "log10_subsample": -0.8246457629171399, "max_depth": 9.0, "num_boost_round": 13.0}, "datetime": {"datetime": "2024-01-19 01:00:50", "elapsed": 2949.103074, "delta": 0.003035}}
{"target": -13.758329395745129, "params": {"gamma": 705.4019137810927, "log10_alpha": -2.6742922304762384, "log10_colsample_bytree": -0.23806117697329388, "log10_eta": -2.7726381340291506, "log10_lambda": -4.787682581414787, "log10_min_child_weight": 0.013617564739164534, "log10_subsample": -0.8246457629171399, "max_depth": 9.0, "num_boost_round": 14.0}, "datetime": {"datetime": "2024-01-19 01:00:50", "elapsed": 2949.106188, "delta": 0.003114}}
{"target": -13.758316273773968, "params": {"gamma": 705.4019137810927, "log10_alpha": -2.6742922304762384, "log10_colsample_bytree": -0.23806117697329388, "log10_eta": -2.7726381340291506, "log10_lambda": -4.787682581414787, "log10_min_child_weight": 0.013617564739164534, "log10_subsample": -0.8246457629171399, "max_depth": 9.0, "num_boost_round": 15.0}, "datetime": {"datetime": "2024-01-19 01:00:50", "elapsed": 2949.109387, "delta": 0.003199}}
{"target": -13.758361781367622, "params": {"gamma": 705.4019137810927, "log10_alpha": -2.6742922304762384, "log10_colsample_bytree": -0.23806117697329388, "log10_eta": -2.7726381340291506, "log10_lambda": -4.787682581414787, "log10_min_child_weight": 0.013617564739164534, "log10_subsample": -0.8246457629171399, "max_depth": 9.0, "num_boost_round": 16.0}, "datetime": {"datetime": "2024-01-19 01:00:50", "elapsed": 2949.112599, "delta": 0.003212}}
{"target": -13.75842390595162, "params": {"gamma": 705.4019137810927, "log10_alpha": -2.6742922304762384, "log10_colsample_bytree": -0.23806117697329388, "log10_eta": -2.7726381340291506, "log10_lambda": -4.787682581414787, "log10_min_child_weight": 0.013617564739164534, "log10_subsample": -0.8246457629171399, "max_depth": 9.0, "num_boost_round": 17.0}, "datetime": {"datetime": "2024-01-19 01:00:50", "elapsed": 2949.115748, "delta": 0.003149}}
{"target": -13.758523514938382, "params": {"gamma": 705.4019137810927, "log10_alpha": -2.6742922304762384, "log10_colsample_bytree": -0.23806117697329388, "log10_eta": -2.7726381340291506, "log10_lambda": -4.787682581414787, "log10_min_child_weight": 0.013617564739164534, "log10_subsample": -0.8246457629171399, "max_depth": 9.0, "num_boost_round": 18.0}, "datetime": {"datetime": "2024-01-19 01:00:50", "elapsed": 2949.118825, "delta": 0.003077}}
{"target": -13.75848630083114, "params": {"gamma": 705.4019137810927, "log10_alpha": -2.6742922304762384, "log10_colsample_bytree": -0.23806117697329388, "log10_eta": -2.7726381340291506, "log10_lambda": -4.787682581414787, "log10_min_child_weight": 0.013617564739164534, "log10_subsample": -0.8246457629171399, "max_depth": 9.0, "num_boost_round": 19.0}, "datetime": {"datetime": "2024-01-19 01:00:50", "elapsed": 2949.121943, "delta": 0.003118}}
{"target": -13.758373937214543, "params": {"gamma": 705.4019137810927, "log10_alpha": -2.6742922304762384, "log10_colsample_bytree": -0.23806117697329388, "log10_eta": -2.7726381340291506, "log10_lambda": -4.787682581414787, "log10_min_child_weight": 0.013617564739164534, "log10_subsample": -0.8246457629171399, "max_depth": 9.0, "num_boost_round": 20.0}, "datetime": {"datetime": "2024-01-19 01:00:50", "elapsed": 2949.125089, "delta": 0.003146}}
{"target": -13.758429258766826, "params": {"gamma": 705.4019137810927, "log10_alpha": -2.6742922304762384, "log10_colsample_bytree": -0.23806117697329388, "log10_eta": -2.7726381340291506, "log10_lambda": -4.787682581414787, "log10_min_child_weight": 0.013617564739164534, "log10_subsample": -0.8246457629171399, "max_depth": 9.0, "num_boost_round": 21.0}, "datetime": {"datetime": "2024-01-19 01:00:50", "elapsed": 2949.128268, "delta": 0.003179}}
{"target": -13.758281465585643, "params": {"gamma": 705.4019137810927, "log10_alpha": -2.6742922304762384, "log10_colsample_bytree": -0.23806117697329388, "log10_eta": -2.7726381340291506, "log10_lambda": -4.787682581414787, "log10_min_child_weight": 0.013617564739164534, "log10_subsample": -0.8246457629171399, "max_depth": 9.0, "num_boost_round": 22.0}, "datetime": {"datetime": "2024-01-19 01:00:50", "elapsed": 2949.131427, "delta": 0.003159}}
{"target": -13.75823976414047, "params": {"gamma": 705.4019137810927, "log10_alpha": -2.6742922304762384, "log10_colsample_bytree": -0.23806117697329388, "log10_eta": -2.7726381340291506, "log10_lambda": -4.787682581414787, "log10_min_child_weight": 0.013617564739164534, "log10_subsample": -0.8246457629171399, "max_depth": 9.0, "num_boost_round": 23.0}, "datetime": {"datetime": "2024-01-19 01:00:50", "elapsed": 2949.134704, "delta": 0.003277}}
{"target": -13.758197042028295, "params": {"gamma": 705.4019137810927, "log10_alpha": -2.6742922304762384, "log10_colsample_bytree": -0.23806117697329388, "log10_eta": -2.7726381340291506, "log10_lambda": -4.787682581414787, "log10_min_child_weight": 0.013617564739164534, "log10_subsample": -0.8246457629171399, "max_depth": 9.0, "num_boost_round": 24.0}, "datetime": {"datetime": "2024-01-19 01:00:50", "elapsed": 2949.137943, "delta": 0.003239}}
{"target": -13.758106572552087, "params": {"gamma": 705.4019137810927, "log10_alpha": -2.6742922304762384, "log10_colsample_bytree": -0.23806117697329388, "log10_eta": -2.7726381340291506, "log10_lambda": -4.787682581414787, "log10_min_child_weight": 0.013617564739164534, "log10_subsample": -0.8246457629171399, "max_depth": 9.0, "num_boost_round": 25.0}, "datetime": {"datetime": "2024-01-19 01:00:50", "elapsed": 2949.141126, "delta": 0.003183}}
{"target": -13.75810262580521, "params": {"gamma": 705.4019137810927, "log10_alpha": -2.6742922304762384, "log10_colsample_bytree": -0.23806117697329388, "log10_eta": -2.7726381340291506, "log10_lambda": -4.787682581414787, "log10_min_child_weight": 0.013617564739164534, "log10_subsample": -0.8246457629171399, "max_depth": 9.0, "num_boost_round": 26.0}, "datetime": {"datetime": "2024-01-19 01:00:50", "elapsed": 2949.144409, "delta": 0.003283}}
{"target": -13.758085348834559, "params": {"gamma": 705.4019137810927, "log10_alpha": -2.6742922304762384, "log10_colsample_bytree": -0.23806117697329388, "log10_eta": -2.7726381340291506, "log10_lambda": -4.787682581414787, "log10_min_child_weight": 0.013617564739164534, "log10_subsample": -0.8246457629171399, "max_depth": 9.0, "num_boost_round": 27.0}, "datetime": {"datetime": "2024-01-19 01:00:50", "elapsed": 2949.147579, "delta": 0.00317}}
{"target": -13.758174829734303, "params": {"gamma": 705.4019137810927, "log10_alpha": -2.6742922304762384, "log10_colsample_bytree": -0.23806117697329388, "log10_eta": -2.7726381340291506, "log10_lambda": -4.787682581414787, "log10_min_child_weight": 0.013617564739164534, "log10_subsample": -0.8246457629171399, "max_depth": 9.0, "num_boost_round": 28.0}, "datetime": {"datetime": "2024-01-19 01:00:50", "elapsed": 2949.150678, "delta": 0.003099}}
{"target": -13.758140303152537, "params": {"gamma": 705.4019137810927, "log10_alpha": -2.6742922304762384, "log10_colsample_bytree": -0.23806117697329388, "log10_eta": -2.7726381340291506, "log10_lambda": -4.787682581414787, "log10_min_child_weight": 0.013617564739164534, "log10_subsample": -0.8246457629171399, "max_depth": 9.0, "num_boost_round": 29.0}, "datetime": {"datetime": "2024-01-19 01:00:50", "elapsed": 2949.153895, "delta": 0.003217}}
{"target": -13.758132198100046, "params": {"gamma": 705.4019137810927, "log10_alpha": -2.6742922304762384, "log10_colsample_bytree": -0.23806117697329388, "log10_eta": -2.7726381340291506, "log10_lambda": -4.787682581414787, "log10_min_child_weight": 0.013617564739164534, "log10_subsample": -0.8246457629171399, "max_depth": 9.0, "num_boost_round": 30.0}, "datetime": {"datetime": "2024-01-19 01:00:50", "elapsed": 2949.157012, "delta": 0.003117}}
{"target": -13.75810596830913, "params": {"gamma": 705.4019137810927, "log10_alpha": -2.6742922304762384, "log10_colsample_bytree": -0.23806117697329388, "log10_eta": -2.7726381340291506, "log10_lambda": -4.787682581414787, "log10_min_child_weight": 0.013617564739164534, "log10_subsample": -0.8246457629171399, "max_depth": 9.0, "num_boost_round": 31.0}, "datetime": {"datetime": "2024-01-19 01:00:50", "elapsed": 2949.160176, "delta": 0.003164}}
{"target": -13.758049465981127, "params": {"gamma": 705.4019137810927, "log10_alpha": -2.6742922304762384, "log10_colsample_bytree": -0.23806117697329388, "log10_eta": -2.7726381340291506, "log10_lambda": -4.787682581414787, "log10_min_child_weight": 0.013617564739164534, "log10_subsample": -0.8246457629171399, "max_depth": 9.0, "num_boost_round": 32.0}, "datetime": {"datetime": "2024-01-19 01:00:50", "elapsed": 2949.163336, "delta": 0.00316}}
{"target": -13.758033829346262, "params": {"gamma": 705.4019137810927, "log10_alpha": -2.6742922304762384, "log10_colsample_bytree": -0.23806117697329388, "log10_eta": -2.7726381340291506, "log10_lambda": -4.787682581414787, "log10_min_child_weight": 0.013617564739164534, "log10_subsample": -0.8246457629171399, "max_depth": 9.0, "num_boost_round": 33.0}, "datetime": {"datetime": "2024-01-19 01:00:50", "elapsed": 2949.166625, "delta": 0.003289}}
{"target": -13.758018422605927, "params": {"gamma": 705.4019137810927, "log10_alpha": -2.6742922304762384, "log10_colsample_bytree": -0.23806117697329388, "log10_eta": -2.7726381340291506, "log10_lambda": -4.787682581414787, "log10_min_child_weight": 0.013617564739164534, "log10_subsample": -0.8246457629171399, "max_depth": 9.0, "num_boost_round": 34.0}, "datetime": {"datetime": "2024-01-19 01:00:50", "elapsed": 2949.169792, "delta": 0.003167}}
{"target": -13.758011007342875, "params": {"gamma": 705.4019137810927, "log10_alpha": -2.6742922304762384, "log10_colsample_bytree": -0.23806117697329388, "log10_eta": -2.7726381340291506, "log10_lambda": -4.787682581414787, "log10_min_child_weight": 0.013617564739164534, "log10_subsample": -0.8246457629171399, "max_depth": 9.0, "num_boost_round": 35.0}, "datetime": {"datetime": "2024-01-19 01:00:50", "elapsed": 2949.173059, "delta": 0.003267}}
{"target": -13.758060101670642, "params": {"gamma": 705.4019137810927, "log10_alpha": -2.6742922304762384, "log10_colsample_bytree": -0.23806117697329388, "log10_eta": -2.7726381340291506, "log10_lambda": -4.787682581414787, "log10_min_child_weight": 0.013617564739164534, "log10_subsample": -0.8246457629171399, "max_depth": 9.0, "num_boost_round": 36.0}, "datetime": {"datetime": "2024-01-19 01:00:50", "elapsed": 2949.17622, "delta": 0.003161}}
{"target": -13.7579796659045, "params": {"gamma": 705.4019137810927, "log10_alpha": -2.6742922304762384, "log10_colsample_bytree": -0.23806117697329388, "log10_eta": -2.7726381340291506, "log10_lambda": -4.787682581414787, "log10_min_child_weight": 0.013617564739164534, "log10_subsample": -0.8246457629171399, "max_depth": 9.0, "num_boost_round": 37.0}, "datetime": {"datetime": "2024-01-19 01:00:50", "elapsed": 2949.179304, "delta": 0.003084}}
{"target": -13.757972868884796, "params": {"gamma": 705.4019137810927, "log10_alpha": -2.6742922304762384, "log10_colsample_bytree": -0.23806117697329388, "log10_eta": -2.7726381340291506, "log10_lambda": -4.787682581414787, "log10_min_child_weight": 0.013617564739164534, "log10_subsample": -0.8246457629171399, "max_depth": 9.0, "num_boost_round": 38.0}, "datetime": {"datetime": "2024-01-19 01:00:50", "elapsed": 2949.182407, "delta": 0.003103}}
{"target": -13.757946201412732, "params": {"gamma": 705.4019137810927, "log10_alpha": -2.6742922304762384, "log10_colsample_bytree": -0.23806117697329388, "log10_eta": -2.7726381340291506, "log10_lambda": -4.787682581414787, "log10_min_child_weight": 0.013617564739164534, "log10_subsample": -0.8246457629171399, "max_depth": 9.0, "num_boost_round": 39.0}, "datetime": {"datetime": "2024-01-19 01:00:50", "elapsed": 2949.185703, "delta": 0.003296}}
{"target": -13.757904955629838, "params": {"gamma": 705.4019137810927, "log10_alpha": -2.6742922304762384, "log10_colsample_bytree": -0.23806117697329388, "log10_eta": -2.7726381340291506, "log10_lambda": -4.787682581414787, "log10_min_child_weight": 0.013617564739164534, "log10_subsample": -0.8246457629171399, "max_depth": 9.0, "num_boost_round": 40.0}, "datetime": {"datetime": "2024-01-19 01:00:50", "elapsed": 2949.188944, "delta": 0.003241}}
{"target": -13.757862382704003, "params": {"gamma": 705.4019137810927, "log10_alpha": -2.6742922304762384, "log10_colsample_bytree": -0.23806117697329388, "log10_eta": -2.7726381340291506, "log10_lambda": -4.787682581414787, "log10_min_child_weight": 0.013617564739164534, "log10_subsample": -0.8246457629171399, "max_depth": 9.0, "num_boost_round": 41.0}, "datetime": {"datetime": "2024-01-19 01:00:50", "elapsed": 2949.192105, "delta": 0.003161}}
{"target": -13.757819804727237, "params": {"gamma": 705.4019137810927, "log10_alpha": -2.6742922304762384, "log10_colsample_bytree": -0.23806117697329388, "log10_eta": -2.7726381340291506, "log10_lambda": -4.787682581414787, "log10_min_child_weight": 0.013617564739164534, "log10_subsample": -0.8246457629171399, "max_depth": 9.0, "num_boost_round": 42.0}, "datetime": {"datetime": "2024-01-19 01:00:50", "elapsed": 2949.195354, "delta": 0.003249}}
{"target": -13.75852796983946, "params": {"gamma": 716.1163326041503, "log10_alpha": -4.354658956581484, "log10_colsample_bytree": -0.21331812700228792, "log10_eta": -2.8132422268040616, "log10_lambda": -4.715653736233342, "log10_min_child_weight": 4.023811693305262, "log10_subsample": -0.8283983632677621, "max_depth": 8.0, "num_boost_round": 0.0}, "datetime": {"datetime": "2024-01-19 01:01:59", "elapsed": 3018.644021, "delta": 69.448667}}
{"target": -13.758516158067826, "params": {"gamma": 716.1163326041503, "log10_alpha": -4.354658956581484, "log10_colsample_bytree": -0.21331812700228792, "log10_eta": -2.8132422268040616, "log10_lambda": -4.715653736233342, "log10_min_child_weight": 4.023811693305262, "log10_subsample": -0.8283983632677621, "max_depth": 8.0, "num_boost_round": 1.0}, "datetime": {"datetime": "2024-01-19 01:01:59", "elapsed": 3018.648627, "delta": 0.004606}}
{"target": -13.758515462927955, "params": {"gamma": 716.1163326041503, "log10_alpha": -4.354658956581484, "log10_colsample_bytree": -0.21331812700228792, "log10_eta": -2.8132422268040616, "log10_lambda": -4.715653736233342, "log10_min_child_weight": 4.023811693305262, "log10_subsample": -0.8283983632677621, "max_depth": 8.0, "num_boost_round": 2.0}, "datetime": {"datetime": "2024-01-19 01:01:59", "elapsed": 3018.651921, "delta": 0.003294}}
{"target": -13.758509849583772, "params": {"gamma": 716.1163326041503, "log10_alpha": -4.354658956581484, "log10_colsample_bytree": -0.21331812700228792, "log10_eta": -2.8132422268040616, "log10_lambda": -4.715653736233342, "log10_min_child_weight": 4.023811693305262, "log10_subsample": -0.8283983632677621, "max_depth": 8.0, "num_boost_round": 3.0}, "datetime": {"datetime": "2024-01-19 01:01:59", "elapsed": 3018.655252, "delta": 0.003331}}
{"target": -13.758508458131793, "params": {"gamma": 716.1163326041503, "log10_alpha": -4.354658956581484, "log10_colsample_bytree": -0.21331812700228792, "log10_eta": -2.8132422268040616, "log10_lambda": -4.715653736233342, "log10_min_child_weight": 4.023811693305262, "log10_subsample": -0.8283983632677621, "max_depth": 8.0, "num_boost_round": 4.0}, "datetime": {"datetime": "2024-01-19 01:01:59", "elapsed": 3018.658445, "delta": 0.003193}}
{"target": -13.758482708877667, "params": {"gamma": 716.1163326041503, "log10_alpha": -4.354658956581484, "log10_colsample_bytree": -0.21331812700228792, "log10_eta": -2.8132422268040616, "log10_lambda": -4.715653736233342, "log10_min_child_weight": 4.023811693305262, "log10_subsample": -0.8283983632677621, "max_depth": 8.0, "num_boost_round": 5.0}, "datetime": {"datetime": "2024-01-19 01:01:59", "elapsed": 3018.661619, "delta": 0.003174}}
{"target": -13.758482569128748, "params": {"gamma": 716.1163326041503, "log10_alpha": -4.354658956581484, "log10_colsample_bytree": -0.21331812700228792, "log10_eta": -2.8132422268040616, "log10_lambda": -4.715653736233342, "log10_min_child_weight": 4.023811693305262, "log10_subsample": -0.8283983632677621, "max_depth": 8.0, "num_boost_round": 6.0}, "datetime": {"datetime": "2024-01-19 01:01:59", "elapsed": 3018.664878, "delta": 0.003259}}
{"target": -13.758479370150821, "params": {"gamma": 716.1163326041503, "log10_alpha": -4.354658956581484, "log10_colsample_bytree": -0.21331812700228792, "log10_eta": -2.8132422268040616, "log10_lambda": -4.715653736233342, "log10_min_child_weight": 4.023811693305262, "log10_subsample": -0.8283983632677621, "max_depth": 8.0, "num_boost_round": 7.0}, "datetime": {"datetime": "2024-01-19 01:01:59", "elapsed": 3018.668206, "delta": 0.003328}}
{"target": -13.758487426116714, "params": {"gamma": 716.1163326041503, "log10_alpha": -4.354658956581484, "log10_colsample_bytree": -0.21331812700228792, "log10_eta": -2.8132422268040616, "log10_lambda": -4.715653736233342, "log10_min_child_weight": 4.023811693305262, "log10_subsample": -0.8283983632677621, "max_depth": 8.0, "num_boost_round": 8.0}, "datetime": {"datetime": "2024-01-19 01:01:59", "elapsed": 3018.671382, "delta": 0.003176}}
{"target": -13.758471226065668, "params": {"gamma": 716.1163326041503, "log10_alpha": -4.354658956581484, "log10_colsample_bytree": -0.21331812700228792, "log10_eta": -2.8132422268040616, "log10_lambda": -4.715653736233342, "log10_min_child_weight": 4.023811693305262, "log10_subsample": -0.8283983632677621, "max_depth": 8.0, "num_boost_round": 9.0}, "datetime": {"datetime": "2024-01-19 01:01:59", "elapsed": 3018.79365, "delta": 0.122268}}
{"target": -13.758460848938997, "params": {"gamma": 716.1163326041503, "log10_alpha": -4.354658956581484, "log10_colsample_bytree": -0.21331812700228792, "log10_eta": -2.8132422268040616, "log10_lambda": -4.715653736233342, "log10_min_child_weight": 4.023811693305262, "log10_subsample": -0.8283983632677621, "max_depth": 8.0, "num_boost_round": 10.0}, "datetime": {"datetime": "2024-01-19 01:01:59", "elapsed": 3018.797633, "delta": 0.003983}}
{"target": -13.75844858476964, "params": {"gamma": 716.1163326041503, "log10_alpha": -4.354658956581484, "log10_colsample_bytree": -0.21331812700228792, "log10_eta": -2.8132422268040616, "log10_lambda": -4.715653736233342, "log10_min_child_weight": 4.023811693305262, "log10_subsample": -0.8283983632677621, "max_depth": 8.0, "num_boost_round": 11.0}, "datetime": {"datetime": "2024-01-19 01:01:59", "elapsed": 3018.801403, "delta": 0.00377}}
{"target": -13.75844347886397, "params": {"gamma": 716.1163326041503, "log10_alpha": -4.354658956581484, "log10_colsample_bytree": -0.21331812700228792, "log10_eta": -2.8132422268040616, "log10_lambda": -4.715653736233342, "log10_min_child_weight": 4.023811693305262, "log10_subsample": -0.8283983632677621, "max_depth": 8.0, "num_boost_round": 12.0}, "datetime": {"datetime": "2024-01-19 01:01:59", "elapsed": 3018.804829, "delta": 0.003426}}
{"target": -13.758445744529334, "params": {"gamma": 716.1163326041503, "log10_alpha": -4.354658956581484, "log10_colsample_bytree": -0.21331812700228792, "log10_eta": -2.8132422268040616, "log10_lambda": -4.715653736233342, "log10_min_child_weight": 4.023811693305262, "log10_subsample": -0.8283983632677621, "max_depth": 8.0, "num_boost_round": 13.0}, "datetime": {"datetime": "2024-01-19 01:01:59", "elapsed": 3018.808213, "delta": 0.003384}}
{"target": -13.758444366750453, "params": {"gamma": 716.1163326041503, "log10_alpha": -4.354658956581484, "log10_colsample_bytree": -0.21331812700228792, "log10_eta": -2.8132422268040616, "log10_lambda": -4.715653736233342, "log10_min_child_weight": 4.023811693305262, "log10_subsample": -0.8283983632677621, "max_depth": 8.0, "num_boost_round": 14.0}, "datetime": {"datetime": "2024-01-19 01:01:59", "elapsed": 3018.811552, "delta": 0.003339}}
{"target": -13.75843146348038, "params": {"gamma": 716.1163326041503, "log10_alpha": -4.354658956581484, "log10_colsample_bytree": -0.21331812700228792, "log10_eta": -2.8132422268040616, "log10_lambda": -4.715653736233342, "log10_min_child_weight": 4.023811693305262, "log10_subsample": -0.8283983632677621, "max_depth": 8.0, "num_boost_round": 15.0}, "datetime": {"datetime": "2024-01-19 01:01:59", "elapsed": 3018.814882, "delta": 0.00333}}
