{"target": -13.758354859805596, "params": {"gamma": 434.5166043483492, "log10_alpha": 0.5004184317140998, "log10_colsample_bytree": -0.7199242664749057, "log10_eta": -3.869444778454558, "log10_lambda": -4.17544725876636, "log10_min_child_weight": 0.05728047191952579, "log10_subsample": -0.3251619458508408, "max_depth": 9.0, "num_boost_round": 40.0}, "datetime": {"datetime": "2024-01-19 01:34:37", "elapsed": 4981.243386, "delta": 0.005428}}
{"target": -13.758357440344072, "params": {"gamma": 434.5166043483492, "log10_alpha": 0.5004184317140998, "log10_colsample_bytree": -0.7199242664749057, "log10_eta": -3.869444778454558, "log10_lambda": -4.17544725876636, "log10_min_child_weight": 0.05728047191952579, "log10_subsample": -0.3251619458508408, "max_depth": 9.0, "num_boost_round": 41.0}, "datetime": {"datetime": "2024-01-19 01:34:37", "elapsed": 4981.248817, "delta": 0.005431}}
{"target": -13.758349521357552, "params": {"gamma": 434.5166043483492, "log10_alpha": 0.5004184317140998, "log10_colsample_bytree": -0.7199242664749057, "log10_eta": -3.869444778454558, "log10_lambda": -4.17544725876636, "log10_min_child_weight": 0.05728047191952579, "log10_subsample": -0.3251619458508408, "max_depth": 9.0, "num_boost_round": 42.0}, "datetime": {"datetime": "2024-01-19 01:34:37", "elapsed": 4981.254235, "delta": 0.005418}}
{"target": -13.758345522357724, "params": {"gamma": 434.5166043483492, "log10_alpha": 0.5004184317140998, "log10_colsample_bytree": -0.7199242664749057, "log10_eta": -3.869444778454558, "log10_lambda": -4.17544725876636, "log10_min_child_weight": 0.05728047191952579, "log10_subsample": -0.3251619458508408, "max_depth": 9.0, "num_boost_round": 43.0}, "datetime": {"datetime": "2024-01-19 01:34:37", "elapsed": 4981.259608, "delta": 0.005373}}
{"target": -13.758336221023526, "params": {"gamma": 434.5166043483492, "log10_alpha": 0.5004184317140998, "log10_colsample_bytree": -0.7199242664749057, "log10_eta": -3.869444778454558, "log10_lambda": -4.17544725876636, "log10_min_child_weight": 0.05728047191952579, "log10_subsample": -0.3251619458508408, "max_depth": 9.0, "num_boost_round": 44.0}, "datetime": {"datetime": "2024-01-19 01:34:37", "elapsed": 4981.265054, "delta": 0.005446}}
{"target": -13.758330330668748, "params": {"gamma": 434.5166043483492, "log10_alpha": 0.5004184317140998, "log10_colsample_bytree": -0.7199242664749057, "log10_eta": -3.869444778454558, "log10_lambda": -4.17544725876636, "log10_min_child_weight": 0.05728047191952579, "log10_subsample": -0.3251619458508408, "max_depth": 9.0, "num_boost_round": 45.0}, "datetime": {"datetime": "2024-01-19 01:34:37", "elapsed": 4981.270497, "delta": 0.005443}}
{"target": -13.758331101944814, "params": {"gamma": 434.5166043483492, "log10_alpha": 0.5004184317140998, "log10_colsample_bytree": -0.7199242664749057, "log10_eta": -3.869444778454558, "log10_lambda": -4.17544725876636, "log10_min_child_weight": 0.05728047191952579, "log10_subsample": -0.3251619458508408, "max_depth": 9.0, "num_boost_round": 46.0}, "datetime": {"datetime": "2024-01-19 01:34:37", "elapsed": 4981.275908, "delta": 0.005411}}
{"target": -13.758325489317269, "params": {"gamma": 434.5166043483492, "log10_alpha": 0.5004184317140998, "log10_colsample_bytree": -0.7199242664749057, "log10_eta": -3.869444778454558, "log10_lambda": -4.17544725876636, "log10_min_child_weight": 0.05728047191952579, "log10_subsample": -0.3251619458508408, "max_depth": 9.0, "num_boost_round": 47.0}, "datetime": {"datetime": "2024-01-19 01:34:37", "elapsed": 4981.28136, "delta": 0.005452}}
{"target": -13.758324632986564, "params": {"gamma": 434.5166043483492, "log10_alpha": 0.5004184317140998, "log10_colsample_bytree": -0.7199242664749057, "log10_eta": -3.869444778454558, "log10_lambda": -4.17544725876636, "log10_min_child_weight": 0.05728047191952579, "log10_subsample": -0.3251619458508408, "max_depth": 9.0, "num_boost_round": 48.0}, "datetime": {"datetime": "2024-01-19 01:34:37", "elapsed": 4981.286797, "delta": 0.005437}}
{"target": -13.75832487378652, "params": {"gamma": 434.5166043483492, "log10_alpha": 0.5004184317140998, "log10_colsample_bytree": -0.7199242664749057, "log10_eta": -3.869444778454558, "log10_lambda": -4.17544725876636, "log10_min_child_weight": 0.05728047191952579, "log10_subsample": -0.3251619458508408, "max_depth": 9.0, "num_boost_round": 49.0}, "datetime": {"datetime": "2024-01-19 01:34:37", "elapsed": 4981.29624, "delta": 0.009443}}
{"target": -13.758324266354197, "params": {"gamma": 434.5166043483492, "log10_alpha": 0.5004184317140998, "log10_colsample_bytree": -0.7199242664749057, "log10_eta": -3.869444778454558, "log10_lambda": -4.17544725876636, "log10_min_child_weight": 0.05728047191952579, "log10_subsample": -0.3251619458508408, "max_depth": 9.0, "num_boost_round": 50.0}, "datetime": {"datetime": "2024-01-19 01:34:37", "elapsed": 4981.302018, "delta": 0.005778}}
{"target": -13.758324861495883, "params": {"gamma": 434.5166043483492, "log10_alpha": 0.5004184317140998, "log10_colsample_bytree": -0.7199242664749057, "log10_eta": -3.869444778454558, "log10_lambda": -4.17544725876636, "log10_min_child_weight": 0.05728047191952579, "log10_subsample": -0.3251619458508408, "max_depth": 9.0, "num_boost_round": 51.0}, "datetime": {"datetime": "2024-01-19 01:34:37", "elapsed": 4981.307715, "delta": 0.005697}}
{"target": -13.758322574411787, "params": {"gamma": 434.5166043483492, "log10_alpha": 0.5004184317140998, "log10_colsample_bytree": -0.7199242664749057, "log10_eta": -3.869444778454558, "log10_lambda": -4.17544725876636, "log10_min_child_weight": 0.05728047191952579, "log10_subsample": -0.3251619458508408, "max_depth": 9.0, "num_boost_round": 52.0}, "datetime": {"datetime": "2024-01-19 01:34:37", "elapsed": 4981.313087, "delta": 0.005372}}
{"target": -13.758311747400647, "params": {"gamma": 434.5166043483492, "log10_alpha": 0.5004184317140998, "log10_colsample_bytree": -0.7199242664749057, "log10_eta": -3.869444778454558, "log10_lambda": -4.17544725876636, "log10_min_child_weight": 0.05728047191952579, "log10_subsample": -0.3251619458508408, "max_depth": 9.0, "num_boost_round": 53.0}, "datetime": {"datetime": "2024-01-19 01:34:37", "elapsed": 4981.318571, "delta": 0.005484}}
{"target": -13.758314505269475, "params": {"gamma": 434.5166043483492, "log10_alpha": 0.5004184317140998, "log10_colsample_bytree": -0.7199242664749057, "log10_eta": -3.869444778454558, "log10_lambda": -4.17544725876636, "log10_min_child_weight": 0.05728047191952579, "log10_subsample": -0.3251619458508408, "max_depth": 9.0, "num_boost_round": 54.0}, "datetime": {"datetime": "2024-01-19 01:34:37", "elapsed": 4981.324028, "delta": 0.005457}}
{"target": -13.75830592564879, "params": {"gamma": 434.5166043483492, "log10_alpha": 0.5004184317140998, "log10_colsample_bytree": -0.7199242664749057, "log10_eta": -3.869444778454558, "log10_lambda": -4.17544725876636, "log10_min_child_weight": 0.05728047191952579, "log10_subsample": -0.3251619458508408, "max_depth": 9.0, "num_boost_round": 55.0}, "datetime": {"datetime": "2024-01-19 01:34:37", "elapsed": 4981.329505, "delta": 0.005477}}
{"target": -13.75830353592206, "params": {"gamma": 434.5166043483492, "log10_alpha": 0.5004184317140998, "log10_colsample_bytree": -0.7199242664749057, "log10_eta": -3.869444778454558, "log10_lambda": -4.17544725876636, "log10_min_child_weight": 0.05728047191952579, "log10_subsample": -0.3251619458508408, "max_depth": 9.0, "num_boost_round": 56.0}, "datetime": {"datetime": "2024-01-19 01:34:37", "elapsed": 4981.334988, "delta": 0.005483}}
{"target": -13.75829211106383, "params": {"gamma": 434.5166043483492, "log10_alpha": 0.5004184317140998, "log10_colsample_bytree": -0.7199242664749057, "log10_eta": -3.869444778454558, "log10_lambda": -4.17544725876636, "log10_min_child_weight": 0.05728047191952579, "log10_subsample": -0.3251619458508408, "max_depth": 9.0, "num_boost_round": 57.0}, "datetime": {"datetime": "2024-01-19 01:34:37", "elapsed": 4981.340432, "delta": 0.005444}}
{"target": -13.758284512946856, "params": {"gamma": 434.5166043483492, "log10_alpha": 0.5004184317140998, "log10_colsample_bytree": -0.7199242664749057, "log10_eta": -3.869444778454558, "log10_lambda": -4.17544725876636, "log10_min_child_weight": 0.05728047191952579, "log10_subsample": -0.3251619458508408, "max_depth": 9.0, "num_boost_round": 58.0}, "datetime": {"datetime": "2024-01-19 01:34:37", "elapsed": 4981.34584, "delta": 0.005408}}
{"target": -13.758276521758559, "params": {"gamma": 434.5166043483492, "log10_alpha": 0.5004184317140998, "log10_colsample_bytree": -0.7199242664749057, "log10_eta": -3.869444778454558, "log10_lambda": -4.17544725876636, "log10_min_child_weight": 0.05728047191952579, "log10_subsample": -0.3251619458508408, "max_depth": 9.0, "num_boost_round": 59.0}, "datetime": {"datetime": "2024-01-19 01:34:37", "elapsed": 4981.351362, "delta": 0.005522}}
{"target": -13.75827438776574, "params": {"gamma": 434.5166043483492, "log10_alpha": 0.5004184317140998, "log10_colsample_bytree": -0.7199242664749057, "log10_eta": -3.869444778454558, "log10_lambda": -4.17544725876636, "log10_min_child_weight": 0.05728047191952579, "log10_subsample": -0.3251619458508408, "max_depth": 9.0, "num_boost_round": 60.0}, "datetime": {"datetime": "2024-01-19 01:34:37", "elapsed": 4981.356852, "delta": 0.00549}}
{"target": -13.7582758270821, "params": {"gamma": 434.5166043483492, "log10_alpha": 0.5004184317140998, "log10_colsample_bytree": -0.7199242664749057, "log10_eta": -3.869444778454558, "log10_lambda": -4.17544725876636, "log10_min_child_weight": 0.05728047191952579, "log10_subsample": -0.3251619458508408, "max_depth": 9.0, "num_boost_round": 61.0}, "datetime": {"datetime": "2024-01-19 01:34:37", "elapsed": 4981.362409, "delta": 0.005557}}
{"target": -13.758275138418467, "params": {"gamma": 434.5166043483492, "log10_alpha": 0.5004184317140998, "log10_colsample_bytree": -0.7199242664749057, "log10_eta": -3.869444778454558, "log10_lambda": -4.17544725876636, "log10_min_child_weight": 0.05728047191952579, "log10_subsample": -0.3251619458508408, "max_depth": 9.0, "num_boost_round": 62.0}, "datetime": {"datetime": "2024-01-19 01:34:37", "elapsed": 4981.368137, "delta": 0.005728}}
{"target": -13.758270756430967, "params": {"gamma": 434.5166043483492, "log10_alpha": 0.5004184317140998, "log10_colsample_bytree": -0.7199242664749057, "log10_eta": -3.869444778454558, "log10_lambda": -4.17544725876636, "log10_min_child_weight": 0.05728047191952579, "log10_subsample": -0.3251619458508408, "max_depth": 9.0, "num_boost_round": 63.0}, "datetime": {"datetime": "2024-01-19 01:34:37", "elapsed": 4981.37389, "delta": 0.005753}}
{"target": -13.758265493500963, "params": {"gamma": 434.5166043483492, "log10_alpha": 0.5004184317140998, "log10_colsample_bytree": -0.7199242664749057, "log10_eta": -3.869444778454558, "log10_lambda": -4.17544725876636, "log10_min_child_weight": 0.05728047191952579, "log10_subsample": -0.3251619458508408, "max_depth": 9.0, "num_boost_round": 64.0}, "datetime": {"datetime": "2024-01-19 01:34:37", "elapsed": 4981.379335, "delta": 0.005445}}
{"target": -13.757904327901445, "params": {"gamma": 542.839791474982, "log10_alpha": -0.017115920817344588, "log10_colsample_bytree": -0.3378509544816721, "log10_eta": -1.1832392941764622, "log10_lambda": -1.622004038548555, "log10_min_child_weight": 3.848411354202597, "log10_subsample": -0.23455107831697086, "max_depth": 6.0, "num_boost_round": 0.0}, "datetime": {"datetime": "2024-01-19 01:36:30", "elapsed": 5094.511582, "delta": 113.132247}}
{"target": -13.756608271924998, "params": {"gamma": 542.839791474982, "log10_alpha": -0.017115920817344588, "log10_colsample_bytree": -0.3378509544816721, "log10_eta": -1.1832392941764622, "log10_lambda": -1.622004038548555, "log10_min_child_weight": 3.848411354202597, "log10_subsample": -0.23455107831697086, "max_depth": 6.0, "num_boost_round": 1.0}, "datetime": {"datetime": "2024-01-19 01:36:30", "elapsed": 5094.517149, "delta": 0.005567}}
{"target": -13.757075091917665, "params": {"gamma": 542.839791474982, "log10_alpha": -0.017115920817344588, "log10_colsample_bytree": -0.3378509544816721, "log10_eta": -1.1832392941764622, "log10_lambda": -1.622004038548555, "log10_min_child_weight": 3.848411354202597, "log10_subsample": -0.23455107831697086, "max_depth": 6.0, "num_boost_round": 2.0}, "datetime": {"datetime": "2024-01-19 01:36:30", "elapsed": 5094.52247, "delta": 0.005321}}
{"target": -13.756820394982832, "params": {"gamma": 542.839791474982, "log10_alpha": -0.017115920817344588, "log10_colsample_bytree": -0.3378509544816721, "log10_eta": -1.1832392941764622, "log10_lambda": -1.622004038548555, "log10_min_child_weight": 3.848411354202597, "log10_subsample": -0.23455107831697086, "max_depth": 6.0, "num_boost_round": 3.0}, "datetime": {"datetime": "2024-01-19 01:36:30", "elapsed": 5094.527924, "delta": 0.005454}}
{"target": -13.75673569081183, "params": {"gamma": 542.839791474982, "log10_alpha": -0.017115920817344588, "log10_colsample_bytree": -0.3378509544816721, "log10_eta": -1.1832392941764622, "log10_lambda": -1.622004038548555, "log10_min_child_weight": 3.848411354202597, "log10_subsample": -0.23455107831697086, "max_depth": 6.0, "num_boost_round": 4.0}, "datetime": {"datetime": "2024-01-19 01:36:30", "elapsed": 5094.533355, "delta": 0.005431}}
{"target": -13.758019069176227, "params": {"gamma": 542.839791474982, "log10_alpha": -0.017115920817344588, "log10_colsample_bytree": -0.3378509544816721, "log10_eta": -1.1832392941764622, "log10_lambda": -1.622004038548555, "log10_min_child_weight": 3.848411354202597, "log10_subsample": -0.23455107831697086, "max_depth": 6.0, "num_boost_round": 5.0}, "datetime": {"datetime": "2024-01-19 01:36:30", "elapsed": 5094.538763, "delta": 0.005408}}
{"target": -13.758350413999773, "params": {"gamma": 542.839791474982, "log10_alpha": -0.017115920817344588, "log10_colsample_bytree": -0.3378509544816721, "log10_eta": -1.1832392941764622, "log10_lambda": -1.622004038548555, "log10_min_child_weight": 3.848411354202597, "log10_subsample": -0.23455107831697086, "max_depth": 6.0, "num_boost_round": 6.0}, "datetime": {"datetime": "2024-01-19 01:36:30", "elapsed": 5094.54416, "delta": 0.005397}}
{"target": -13.759371997746358, "params": {"gamma": 542.839791474982, "log10_alpha": -0.017115920817344588, "log10_colsample_bytree": -0.3378509544816721, "log10_eta": -1.1832392941764622, "log10_lambda": -1.622004038548555, "log10_min_child_weight": 3.848411354202597, "log10_subsample": -0.23455107831697086, "max_depth": 6.0, "num_boost_round": 7.0}, "datetime": {"datetime": "2024-01-19 01:36:30", "elapsed": 5094.549629, "delta": 0.005469}}
{"target": -13.76053429062188, "params": {"gamma": 542.839791474982, "log10_alpha": -0.017115920817344588, "log10_colsample_bytree": -0.3378509544816721, "log10_eta": -1.1832392941764622, "log10_lambda": -1.622004038548555, "log10_min_child_weight": 3.848411354202597, "log10_subsample": -0.23455107831697086, "max_depth": 6.0, "num_boost_round": 8.0}, "datetime": {"datetime": "2024-01-19 01:36:30", "elapsed": 5094.555134, "delta": 0.005505}}
{"target": -13.76166650400204, "params": {"gamma": 542.839791474982, "log10_alpha": -0.017115920817344588, "log10_colsample_bytree": -0.3378509544816721, "log10_eta": -1.1832392941764622, "log10_lambda": -1.622004038548555, "log10_min_child_weight": 3.848411354202597, "log10_subsample": -0.23455107831697086, "max_depth": 6.0, "num_boost_round": 9.0}, "datetime": {"datetime": "2024-01-19 01:36:30", "elapsed": 5094.56059, "delta": 0.005456}}
{"target": -13.762373854698655, "params": {"gamma": 542.839791474982, "log10_alpha": -0.017115920817344588, "log10_colsample_bytree": -0.3378509544816721, "log10_eta": -1.1832392941764622, "log10_lambda": -1.622004038548555, "log10_min_child_weight": 3.848411354202597, "log10_subsample": -0.23455107831697086, "max_depth": 6.0, "num_boost_round": 10.0}, "datetime": {"datetime": "2024-01-19 01:36:30", "elapsed": 5094.566148, "delta": 0.005558}}
{"target": -13.762411631992288, "params": {"gamma": 542.839791474982, "log10_alpha": -0.017115920817344588, "log10_colsample_bytree": -0.3378509544816721, "log10_eta": -1.1832392941764622, "log10_lambda": -1.622004038548555, "log10_min_child_weight": 3.848411354202597, "log10_subsample": -0.23455107831697086, "max_depth": 6.0, "num_boost_round": 11.0}, "datetime": {"datetime": "2024-01-19 01:36:30", "elapsed": 5094.571777, "delta": 0.005629}}
{"target": -13.762974760751252, "params": {"gamma": 542.839791474982, "log10_alpha": -0.017115920817344588, "log10_colsample_bytree": -0.3378509544816721, "log10_eta": -1.1832392941764622, "log10_lambda": -1.622004038548555, "log10_min_child_weight": 3.848411354202597, "log10_subsample": -0.23455107831697086, "max_depth": 6.0, "num_boost_round": 12.0}, "datetime": {"datetime": "2024-01-19 01:36:30", "elapsed": 5094.577683, "delta": 0.005906}}
{"target": -13.76450526229289, "params": {"gamma": 542.839791474982, "log10_alpha": -0.017115920817344588, "log10_colsample_bytree": -0.3378509544816721, "log10_eta": -1.1832392941764622, "log10_lambda": -1.622004038548555, "log10_min_child_weight": 3.848411354202597, "log10_subsample": -0.23455107831697086, "max_depth": 6.0, "num_boost_round": 13.0}, "datetime": {"datetime": "2024-01-19 01:36:30", "elapsed": 5094.583278, "delta": 0.005595}}
{"target": -13.765790840342664, "params": {"gamma": 542.839791474982, "log10_alpha": -0.017115920817344588, "log10_colsample_bytree": -0.3378509544816721, "log10_eta": -1.1832392941764622, "log10_lambda": -1.622004038548555, "log10_min_child_weight": 3.848411354202597, "log10_subsample": -0.23455107831697086, "max_depth": 6.0, "num_boost_round": 14.0}, "datetime": {"datetime": "2024-01-19 01:36:30", "elapsed": 5094.588685, "delta": 0.005407}}
{"target": -13.758455363117715, "params": {"gamma": 504.89995125666667, "log10_alpha": 0.8880994562385185, "log10_colsample_bytree": -0.17932828990286298, "log10_eta": -2.4375473623315336, "log10_lambda": -2.0975958614438284, "log10_min_child_weight": 0.3415803178892157, "log10_subsample": -0.9045055581308473, "max_depth": 4.0, "num_boost_round": 0.0}, "datetime": {"datetime": "2024-01-19 01:39:52", "elapsed": 5296.625973, "delta": 202.037288}}
{"target": -13.758404967549483, "params": {"gamma": 504.89995125666667, "log10_alpha": 0.8880994562385185, "log10_colsample_bytree": -0.17932828990286298, "log10_eta": -2.4375473623315336, "log10_lambda": -2.0975958614438284, "log10_min_child_weight": 0.3415803178892157, "log10_subsample": -0.9045055581308473, "max_depth": 4.0, "num_boost_round": 1.0}, "datetime": {"datetime": "2024-01-19 01:39:52", "elapsed": 5296.632485, "delta": 0.006512}}
{"target": -13.758244654717421, "params": {"gamma": 504.89995125666667, "log10_alpha": 0.8880994562385185, "log10_colsample_bytree": -0.17932828990286298, "log10_eta": -2.4375473623315336, "log10_lambda": -2.0975958614438284, "log10_min_child_weight": 0.3415803178892157, "log10_subsample": -0.9045055581308473, "max_depth": 4.0, "num_boost_round": 2.0}, "datetime": {"datetime": "2024-01-19 01:39:52", "elapsed": 5296.638206, "delta": 0.005721}}
{"target": -13.758145900105971, "params": {"gamma": 504.89995125666667, "log10_alpha": 0.8880994562385185, "log10_colsample_bytree": -0.17932828990286298, "log10_eta": -2.4375473623315336, "log10_lambda": -2.0975958614438284, "log10_min_child_weight": 0.3415803178892157, "log10_subsample": -0.9045055581308473, "max_depth": 4.0, "num_boost_round": 3.0}, "datetime": {"datetime": "2024-01-19 01:39:52", "elapsed": 5296.643851, "delta": 0.005645}}
{"target": -13.758106740525895, "params": {"gamma": 504.89995125666667, "log10_alpha": 0.8880994562385185, "log10_colsample_bytree": -0.17932828990286298, "log10_eta": -2.4375473623315336, "log10_lambda": -2.0975958614438284, "log10_min_child_weight": 0.3415803178892157, "log10_subsample": -0.9045055581308473, "max_depth": 4.0, "num_boost_round": 4.0}, "datetime": {"datetime": "2024-01-19 01:39:52", "elapsed": 5296.649483, "delta": 0.005632}}
{"target": -13.75801307437779, "params": {"gamma": 504.89995125666667, "log10_alpha": 0.8880994562385185, "log10_colsample_bytree": -0.17932828990286298, "log10_eta": -2.4375473623315336, "log10_lambda": -2.0975958614438284, "log10_min_child_weight": 0.3415803178892157, "log10_subsample": -0.9045055581308473, "max_depth": 4.0, "num_boost_round": 5.0}, "datetime": {"datetime": "2024-01-19 01:39:52", "elapsed": 5296.655258, "delta": 0.005775}}
{"target": -13.75792823895296, "params": {"gamma": 504.89995125666667, "log10_alpha": 0.8880994562385185, "log10_colsample_bytree": -0.17932828990286298, "log10_eta": -2.4375473623315336, "log10_lambda": -2.0975958614438284, "log10_min_child_weight": 0.3415803178892157, "log10_subsample": -0.9045055581308473, "max_depth": 4.0, "num_boost_round": 6.0}, "datetime": {"datetime": "2024-01-19 01:39:52", "elapsed": 5296.660605, "delta": 0.005347}}
{"target": -13.757958813723528, "params": {"gamma": 504.89995125666667, "log10_alpha": 0.8880994562385185, "log10_colsample_bytree": -0.17932828990286298, "log10_eta": -2.4375473623315336, "log10_lambda": -2.0975958614438284, "log10_min_child_weight": 0.3415803178892157, "log10_subsample": -0.9045055581308473, "max_depth": 4.0, "num_boost_round": 7.0}, "datetime": {"datetime": "2024-01-19 01:39:52", "elapsed": 5296.666015, "delta": 0.00541}}
{"target": -13.757932080194065, "params": {"gamma": 504.89995125666667, "log10_alpha": 0.8880994562385185, "log10_colsample_bytree": -0.17932828990286298, "log10_eta": -2.4375473623315336, "log10_lambda": -2.0975958614438284, "log10_min_child_weight": 0.3415803178892157, "log10_subsample": -0.9045055581308473, "max_depth": 4.0, "num_boost_round": 8.0}, "datetime": {"datetime": "2024-01-19 01:39:52", "elapsed": 5296.671538, "delta": 0.005523}}
