{"target": -17.695667992974503, "params": {"gamma": 76.30828937395717, "log10_alpha": -0.3204872465593125, "log10_colsample_bytree": -0.5615907685591065, "log10_eta": -1.1061392886762351, "log10_lambda": 0.8679370719796164, "log10_min_child_weight": 2.6924793520521684, "log10_subsample": -0.4988795363400621, "max_depth": 2.0, "num_boost_round": 49.0}, "datetime": {"datetime": "2024-01-19 00:11:32", "elapsed": 0.020444, "delta": 0.000193}}
{"target": -17.696790294487972, "params": {"gamma": 76.30828937395717, "log10_alpha": -0.3204872465593125, "log10_colsample_bytree": -0.5615907685591065, "log10_eta": -1.1061392886762351, "log10_lambda": 0.8679370719796164, "log10_min_child_weight": 2.6924793520521684, "log10_subsample": -0.4988795363400621, "max_depth": 2.0, "num_boost_round": 50.0}, "datetime": {"datetime": "2024-01-19 00:11:32", "elapsed": 0.020638, "delta": 0.000194}}
{"target": -17.696765759587066, "params": {"gamma": 76.30828937395717, "log10_alpha": -0.3204872465593125, "log10_colsample_bytree": -0.5615907685591065, "log10_eta": -1.1061392886762351, "log10_lambda": 0.8679370719796164, "log10_min_child_weight": 2.6924793520521684, "log10_subsample": -0.4988795363400621, "max_depth": 2.0, "num_boost_round": 51.0}, "datetime": {"datetime": "2024-01-19 00:11:32", "elapsed": 0.020836, "delta": 0.000198}}
{"target": -17.69723567724559, "params": {"gamma": 76.30828937395717, "log10_alpha": -0.3204872465593125, "log10_colsample_bytree": -0.5615907685591065, "log10_eta": -1.1061392886762351, "log10_lambda": 0.8679370719796164, "log10_min_child_weight": 2.6924793520521684, "log10_subsample": -0.4988795363400621, "max_depth": 2.0, "num_boost_round": 52.0}, "datetime": {"datetime": "2024-01-19 00:11:32", "elapsed": 0.021046, "delta": 0.00021}}
{"target": -17.69644198920206, "params": {"gamma": 76.30828937395717, "log10_alpha": -0.3204872465593125, "log10_colsample_bytree": -0.5615907685591065, "log10_eta": -1.1061392886762351, "log10_lambda": 0.8679370719796164, "log10_min_child_weight": 2.6924793520521684, "log10_subsample": -0.4988795363400621, "max_depth": 2.0, "num_boost_round": 53.0}, "datetime": {"datetime": "2024-01-19 00:11:32", "elapsed": 0.021245, "delta": 0.000199}}
{"target": -17.697010141461995, "params": {"gamma": 76.30828937395717, "log10_alpha": -0.3204872465593125, "log10_colsample_bytree": -0.5615907685591065, "log10_eta": -1.1061392886762351, "log10_lambda": 0.8679370719796164, "log10_min_child_weight": 2.6924793520521684, "log10_subsample": -0.4988795363400621, "max_depth": 2.0, "num_boost_round": 54.0}, "datetime": {"datetime": "2024-01-19 00:11:32", "elapsed": 0.021442, "delta": 0.000197}}
{"target": -17.69843203411939, "params": {"gamma": 76.30828937395717, "log10_alpha": -0.3204872465593125, "log10_colsample_bytree": -0.5615907685591065, "log10_eta": -1.1061392886762351, "log10_lambda": 0.8679370719796164, "log10_min_child_weight": 2.6924793520521684, "log10_subsample": -0.4988795363400621, "max_depth": 2.0, "num_boost_round": 55.0}, "datetime": {"datetime": "2024-01-19 00:11:32", "elapsed": 0.021642, "delta": 0.0002}}
{"target": -17.705020925960508, "params": {"gamma": 76.30828937395717, "log10_alpha": -0.3204872465593125, "log10_colsample_bytree": -0.5615907685591065, "log10_eta": -1.1061392886762351, "log10_lambda": 0.8679370719796164, "log10_min_child_weight": 2.6924793520521684, "log10_subsample": -0.4988795363400621, "max_depth": 2.0, "num_boost_round": 56.0}, "datetime": {"datetime": "2024-01-19 00:11:32", "elapsed": 0.021842, "delta": 0.0002}}
{"target": -17.704292165565057, "params": {"gamma": 76.30828937395717, "log10_alpha": -0.3204872465593125, "log10_colsample_bytree": -0.5615907685591065, "log10_eta": -1.1061392886762351, "log10_lambda": 0.8679370719796164, "log10_min_child_weight": 2.6924793520521684, "log10_subsample": -0.4988795363400621, "max_depth": 2.0, "num_boost_round": 57.0}, "datetime": {"datetime": "2024-01-19 00:11:32", "elapsed": 0.022056, "delta": 0.000214}}
{"target": -17.704298947527146, "params": {"gamma": 76.30828937395717, "log10_alpha": -0.3204872465593125, "log10_colsample_bytree": -0.5615907685591065, "log10_eta": -1.1061392886762351, "log10_lambda": 0.8679370719796164, "log10_min_child_weight": 2.6924793520521684, "log10_subsample": -0.4988795363400621, "max_depth": 2.0, "num_boost_round": 58.0}, "datetime": {"datetime": "2024-01-19 00:11:32", "elapsed": 0.022263, "delta": 0.000207}}
{"target": -17.70457852706236, "params": {"gamma": 76.30828937395717, "log10_alpha": -0.3204872465593125, "log10_colsample_bytree": -0.5615907685591065, "log10_eta": -1.1061392886762351, "log10_lambda": 0.8679370719796164, "log10_min_child_weight": 2.6924793520521684, "log10_subsample": -0.4988795363400621, "max_depth": 2.0, "num_boost_round": 59.0}, "datetime": {"datetime": "2024-01-19 00:11:32", "elapsed": 0.02247, "delta": 0.000207}}
{"target": -17.705173346131314, "params": {"gamma": 76.30828937395717, "log10_alpha": -0.3204872465593125, "log10_colsample_bytree": -0.5615907685591065, "log10_eta": -1.1061392886762351, "log10_lambda": 0.8679370719796164, "log10_min_child_weight": 2.6924793520521684, "log10_subsample": -0.4988795363400621, "max_depth": 2.0, "num_boost_round": 60.0}, "datetime": {"datetime": "2024-01-19 00:11:32", "elapsed": 0.022684, "delta": 0.000214}}
{"target": -17.673430339827927, "params": {"gamma": 78.00469497630303, "log10_alpha": -2.383759829653913, "log10_colsample_bytree": -0.267747685796761, "log10_eta": -1.1189043134027696, "log10_lambda": -0.8683700784845154, "log10_min_child_weight": 3.6924308093323748, "log10_subsample": -0.5278205752434002, "max_depth": 6.0, "num_boost_round": 0.0}, "datetime": {"datetime": "2024-01-19 00:12:00", "elapsed": 27.638584, "delta": 27.6159}}
{"target": -17.670299477620695, "params": {"gamma": 78.00469497630303, "log10_alpha": -2.383759829653913, "log10_colsample_bytree": -0.267747685796761, "log10_eta": -1.1189043134027696, "log10_lambda": -0.8683700784845154, "log10_min_child_weight": 3.6924308093323748, "log10_subsample": -0.5278205752434002, "max_depth": 6.0, "num_boost_round": 1.0}, "datetime": {"datetime": "2024-01-19 00:12:00", "elapsed": 27.638977, "delta": 0.000393}}
{"target": -17.669876383134675, "params": {"gamma": 78.00469497630303, "log10_alpha": -2.383759829653913, "log10_colsample_bytree": -0.267747685796761, "log10_eta": -1.1189043134027696, "log10_lambda": -0.8683700784845154, "log10_min_child_weight": 3.6924308093323748, "log10_subsample": -0.5278205752434002, "max_depth": 6.0, "num_boost_round": 2.0}, "datetime": {"datetime": "2024-01-19 00:12:00", "elapsed": 27.639325, "delta": 0.000348}}
{"target": -17.67083482242067, "params": {"gamma": 78.00469497630303, "log10_alpha": -2.383759829653913, "log10_colsample_bytree": -0.267747685796761, "log10_eta": -1.1189043134027696, "log10_lambda": -0.8683700784845154, "log10_min_child_weight": 3.6924308093323748, "log10_subsample": -0.5278205752434002, "max_depth": 6.0, "num_boost_round": 3.0}, "datetime": {"datetime": "2024-01-19 00:12:00", "elapsed": 27.639569, "delta": 0.000244}}
{"target": -17.67039846534843, "params": {"gamma": 78.00469497630303, "log10_alpha": -2.383759829653913, "log10_colsample_bytree": -0.267747685796761, "log10_eta": -1.1189043134027696, "log10_lambda": -0.8683700784845154, "log10_min_child_weight": 3.6924308093323748, "log10_subsample": -0.5278205752434002, "max_depth": 6.0, "num_boost_round": 4.0}, "datetime": {"datetime": "2024-01-19 00:12:00", "elapsed": 27.6398, "delta": 0.000231}}
{"target": -17.672728166608298, "params": {"gamma": 78.00469497630303, "log10_alpha": -2.383759829653913, "log10_colsample_bytree": -0.267747685796761, "log10_eta": -1.1189043134027696, "log10_lambda": -0.8683700784845154, "log10_min_child_weight": 3.6924308093323748, "log10_subsample": -0.5278205752434002, "max_depth": 6.0, "num_boost_round": 5.0}, "datetime": {"datetime": "2024-01-19 00:12:00", "elapsed": 27.640658, "delta": 0.000858}}
{"target": -17.675075291252867, "params": {"gamma": 78.00469497630303, "log10_alpha": -2.383759829653913, "log10_colsample_bytree": -0.267747685796761, "log10_eta": -1.1189043134027696, "log10_lambda": -0.8683700784845154, "log10_min_child_weight": 3.6924308093323748, "log10_subsample": -0.5278205752434002, "max_depth": 6.0, "num_boost_round": 6.0}, "datetime": {"datetime": "2024-01-19 00:12:00", "elapsed": 27.640961, "delta": 0.000303}}
{"target": -17.675147775952567, "params": {"gamma": 78.00469497630303, "log10_alpha": -2.383759829653913, "log10_colsample_bytree": -0.267747685796761, "log10_eta": -1.1189043134027696, "log10_lambda": -0.8683700784845154, "log10_min_child_weight": 3.6924308093323748, "log10_subsample": -0.5278205752434002, "max_depth": 6.0, "num_boost_round": 7.0}, "datetime": {"datetime": "2024-01-19 00:12:00", "elapsed": 27.641211, "delta": 0.00025}}
{"target": -17.677630919487143, "params": {"gamma": 78.00469497630303, "log10_alpha": -2.383759829653913, "log10_colsample_bytree": -0.267747685796761, "log10_eta": -1.1189043134027696, "log10_lambda": -0.8683700784845154, "log10_min_child_weight": 3.6924308093323748, "log10_subsample": -0.5278205752434002, "max_depth": 6.0, "num_boost_round": 8.0}, "datetime": {"datetime": "2024-01-19 00:12:00", "elapsed": 27.64144, "delta": 0.000229}}
{"target": -17.679151584407595, "params": {"gamma": 78.00469497630303, "log10_alpha": -2.383759829653913, "log10_colsample_bytree": -0.267747685796761, "log10_eta": -1.1189043134027696, "log10_lambda": -0.8683700784845154, "log10_min_child_weight": 3.6924308093323748, "log10_subsample": -0.5278205752434002, "max_depth": 6.0, "num_boost_round": 9.0}, "datetime": {"datetime": "2024-01-19 00:12:00", "elapsed": 27.641669, "delta": 0.000229}}
{"target": -17.680120175941827, "params": {"gamma": 78.00469497630303, "log10_alpha": -2.383759829653913, "log10_colsample_bytree": -0.267747685796761, "log10_eta": -1.1189043134027696, "log10_lambda": -0.8683700784845154, "log10_min_child_weight": 3.6924308093323748, "log10_subsample": -0.5278205752434002, "max_depth": 6.0, "num_boost_round": 10.0}, "datetime": {"datetime": "2024-01-19 00:12:00", "elapsed": 27.641897, "delta": 0.000228}}
{"target": -17.67890091867735, "params": {"gamma": 78.00469497630303, "log10_alpha": -2.383759829653913, "log10_colsample_bytree": -0.267747685796761, "log10_eta": -1.1189043134027696, "log10_lambda": -0.8683700784845154, "log10_min_child_weight": 3.6924308093323748, "log10_subsample": -0.5278205752434002, "max_depth": 6.0, "num_boost_round": 11.0}, "datetime": {"datetime": "2024-01-19 00:12:00", "elapsed": 27.642136, "delta": 0.000239}}
{"target": -17.680296787430592, "params": {"gamma": 78.00469497630303, "log10_alpha": -2.383759829653913, "log10_colsample_bytree": -0.267747685796761, "log10_eta": -1.1189043134027696, "log10_lambda": -0.8683700784845154, "log10_min_child_weight": 3.6924308093323748, "log10_subsample": -0.5278205752434002, "max_depth": 6.0, "num_boost_round": 12.0}, "datetime": {"datetime": "2024-01-19 00:12:00", "elapsed": 27.642365, "delta": 0.000229}}
{"target": -17.680664287466293, "params": {"gamma": 78.00469497630303, "log10_alpha": -2.383759829653913, "log10_colsample_bytree": -0.267747685796761, "log10_eta": -1.1189043134027696, "log10_lambda": -0.8683700784845154, "log10_min_child_weight": 3.6924308093323748, "log10_subsample": -0.5278205752434002, "max_depth": 6.0, "num_boost_round": 13.0}, "datetime": {"datetime": "2024-01-19 00:12:00", "elapsed": 27.642597, "delta": 0.000232}}
{"target": -17.68226818568087, "params": {"gamma": 78.00469497630303, "log10_alpha": -2.383759829653913, "log10_colsample_bytree": -0.267747685796761, "log10_eta": -1.1189043134027696, "log10_lambda": -0.8683700784845154, "log10_min_child_weight": 3.6924308093323748, "log10_subsample": -0.5278205752434002, "max_depth": 6.0, "num_boost_round": 14.0}, "datetime": {"datetime": "2024-01-19 00:12:00", "elapsed": 27.642828, "delta": 0.000231}}
{"target": -17.682580118597947, "params": {"gamma": 78.00469497630303, "log10_alpha": -2.383759829653913, "log10_colsample_bytree": -0.267747685796761, "log10_eta": -1.1189043134027696, "log10_lambda": -0.8683700784845154, "log10_min_child_weight": 3.6924308093323748, "log10_subsample": -0.5278205752434002, "max_depth": 6.0, "num_boost_round": 15.0}, "datetime": {"datetime": "2024-01-19 00:12:00", "elapsed": 27.643072, "delta": 0.000244}}
{"target": -17.683738920969947, "params": {"gamma": 78.00469497630303, "log10_alpha": -2.383759829653913, "log10_colsample_bytree": -0.267747685796761, "log10_eta": -1.1189043134027696, "log10_lambda": -0.8683700784845154, "log10_min_child_weight": 3.6924308093323748, "log10_subsample": -0.5278205752434002, "max_depth": 6.0, "num_boost_round": 16.0}, "datetime": {"datetime": "2024-01-19 00:12:00", "elapsed": 27.643315, "delta": 0.000243}}
{"target": -17.685480866318382, "params": {"gamma": 78.00469497630303, "log10_alpha": -2.383759829653913, "log10_colsample_bytree": -0.267747685796761, "log10_eta": -1.1189043134027696, "log10_lambda": -0.8683700784845154, "log10_min_child_weight": 3.6924308093323748, "log10_subsample": -0.5278205752434002, "max_depth": 6.0, "num_boost_round": 17.0}, "datetime": {"datetime": "2024-01-19 00:12:00", "elapsed": 27.643553, "delta": 0.000238}}
{"target": -17.68769684179876, "params": {"gamma": 78.00469497630303, "log10_alpha": -2.383759829653913, "log10_colsample_bytree": -0.267747685796761, "log10_eta": -1.1189043134027696, "log10_lambda": -0.8683700784845154, "log10_min_child_weight": 3.6924308093323748, "log10_subsample": -0.5278205752434002, "max_depth": 6.0, "num_boost_round": 18.0}, "datetime": {"datetime": "2024-01-19 00:12:00", "elapsed": 27.643946, "delta": 0.000393}}
{"target": -17.68697501600503, "params": {"gamma": 78.00469497630303, "log10_alpha": -2.383759829653913, "log10_colsample_bytree": -0.267747685796761, "log10_eta": -1.1189043134027696, "log10_lambda": -0.8683700784845154, "log10_min_child_weight": 3.6924308093323748, "log10_subsample": -0.5278205752434002, "max_depth": 6.0, "num_boost_round": 19.0}, "datetime": {"datetime": "2024-01-19 00:12:00", "elapsed": 27.64421, "delta": 0.000264}}
{"target": -17.688673372182883, "params": {"gamma": 78.00469497630303, "log10_alpha": -2.383759829653913, "log10_colsample_bytree": -0.267747685796761, "log10_eta": -1.1189043134027696, "log10_lambda": -0.8683700784845154, "log10_min_child_weight": 3.6924308093323748, "log10_subsample": -0.5278205752434002, "max_depth": 6.0, "num_boost_round": 20.0}, "datetime": {"datetime": "2024-01-19 00:12:00", "elapsed": 27.644463, "delta": 0.000253}}
{"target": -17.689727168453214, "params": {"gamma": 78.00469497630303, "log10_alpha": -2.383759829653913, "log10_colsample_bytree": -0.267747685796761, "log10_eta": -1.1189043134027696, "log10_lambda": -0.8683700784845154, "log10_min_child_weight": 3.6924308093323748, "log10_subsample": -0.5278205752434002, "max_depth": 6.0, "num_boost_round": 21.0}, "datetime": {"datetime": "2024-01-19 00:12:00", "elapsed": 27.644714, "delta": 0.000251}}
{"target": -17.693698342797273, "params": {"gamma": 78.00469497630303, "log10_alpha": -2.383759829653913, "log10_colsample_bytree": -0.267747685796761, "log10_eta": -1.1189043134027696, "log10_lambda": -0.8683700784845154, "log10_min_child_weight": 3.6924308093323748, "log10_subsample": -0.5278205752434002, "max_depth": 6.0, "num_boost_round": 22.0}, "datetime": {"datetime": "2024-01-19 00:12:00", "elapsed": 27.644971, "delta": 0.000257}}
{"target": -17.69511719108703, "params": {"gamma": 78.00469497630303, "log10_alpha": -2.383759829653913, "log10_colsample_bytree": -0.267747685796761, "log10_eta": -1.1189043134027696, "log10_lambda": -0.8683700784845154, "log10_min_child_weight": 3.6924308093323748, "log10_subsample": -0.5278205752434002, "max_depth": 6.0, "num_boost_round": 23.0}, "datetime": {"datetime": "2024-01-19 00:12:00", "elapsed": 27.645226, "delta": 0.000255}}
{"target": -17.695931158380553, "params": {"gamma": 78.00469497630303, "log10_alpha": -2.383759829653913, "log10_colsample_bytree": -0.267747685796761, "log10_eta": -1.1189043134027696, "log10_lambda": -0.8683700784845154, "log10_min_child_weight": 3.6924308093323748, "log10_subsample": -0.5278205752434002, "max_depth": 6.0, "num_boost_round": 24.0}, "datetime": {"datetime": "2024-01-19 00:12:00", "elapsed": 27.645482, "delta": 0.000256}}
{"target": -17.696583565765703, "params": {"gamma": 78.00469497630303, "log10_alpha": -2.383759829653913, "log10_colsample_bytree": -0.267747685796761, "log10_eta": -1.1189043134027696, "log10_lambda": -0.8683700784845154, "log10_min_child_weight": 3.6924308093323748, "log10_subsample": -0.5278205752434002, "max_depth": 6.0, "num_boost_round": 25.0}, "datetime": {"datetime": "2024-01-19 00:12:00", "elapsed": 27.645737, "delta": 0.000255}}
{"target": -17.700460482601866, "params": {"gamma": 78.00469497630303, "log10_alpha": -2.383759829653913, "log10_colsample_bytree": -0.267747685796761, "log10_eta": -1.1189043134027696, "log10_lambda": -0.8683700784845154, "log10_min_child_weight": 3.6924308093323748, "log10_subsample": -0.5278205752434002, "max_depth": 6.0, "num_boost_round": 26.0}, "datetime": {"datetime": "2024-01-19 00:12:00", "elapsed": 27.645998, "delta": 0.000261}}
{"target": -17.7034365029521, "params": {"gamma": 78.00469497630303, "log10_alpha": -2.383759829653913, "log10_colsample_bytree": -0.267747685796761, "log10_eta": -1.1189043134027696, "log10_lambda": -0.8683700784845154, "log10_min_child_weight": 3.6924308093323748, "log10_subsample": -0.5278205752434002, "max_depth": 6.0, "num_boost_round": 27.0}, "datetime": {"datetime": "2024-01-19 00:12:00", "elapsed": 27.646258, "delta": 0.00026}}
{"target": -17.70506247676003, "params": {"gamma": 78.00469497630303, "log10_alpha": -2.383759829653913, "log10_colsample_bytree": -0.267747685796761, "log10_eta": -1.1189043134027696, "log10_lambda": -0.8683700784845154, "log10_min_child_weight": 3.6924308093323748, "log10_subsample": -0.5278205752434002, "max_depth": 6.0, "num_boost_round": 28.0}, "datetime": {"datetime": "2024-01-19 00:12:00", "elapsed": 27.646512, "delta": 0.000254}}
{"target": -17.705000169273607, "params": {"gamma": 78.00469497630303, "log10_alpha": -2.383759829653913, "log10_colsample_bytree": -0.267747685796761, "log10_eta": -1.1189043134027696, "log10_lambda": -0.8683700784845154, "log10_min_child_weight": 3.6924308093323748, "log10_subsample": -0.5278205752434002, "max_depth": 6.0, "num_boost_round": 29.0}, "datetime": {"datetime": "2024-01-19 00:12:00", "elapsed": 27.646769, "delta": 0.000257}}
{"target": -17.707936299480686, "params": {"gamma": 78.00469497630303, "log10_alpha": -2.383759829653913, "log10_colsample_bytree": -0.267747685796761, "log10_eta": -1.1189043134027696, "log10_lambda": -0.8683700784845154, "log10_min_child_weight": 3.6924308093323748, "log10_subsample": -0.5278205752434002, "max_depth": 6.0, "num_boost_round": 30.0}, "datetime": {"datetime": "2024-01-19 00:12:00", "elapsed": 27.647154, "delta": 0.000385}}
{"target": -17.70819457971377, "params": {"gamma": 78.00469497630303, "log10_alpha": -2.383759829653913, "log10_colsample_bytree": -0.267747685796761, "log10_eta": -1.1189043134027696, "log10_lambda": -0.8683700784845154, "log10_min_child_weight": 3.6924308093323748, "log10_subsample": -0.5278205752434002, "max_depth": 6.0, "num_boost_round": 31.0}, "datetime": {"datetime": "2024-01-19 00:12:00", "elapsed": 27.647427, "delta": 0.000273}}
{"target": -17.708535625461383, "params": {"gamma": 78.00469497630303, "log10_alpha": -2.383759829653913, "log10_colsample_bytree": -0.267747685796761, "log10_eta": -1.1189043134027696, "log10_lambda": -0.8683700784845154, "log10_min_child_weight": 3.6924308093323748, "log10_subsample": -0.5278205752434002, "max_depth": 6.0, "num_boost_round": 32.0}, "datetime": {"datetime": "2024-01-19 00:12:00", "elapsed": 27.647692, "delta": 0.000265}}
{"target": -17.678422677345342, "params": {"gamma": 78.32658694446803, "log10_alpha": -0.4398390668764609, "log10_colsample_bytree": -0.6690110752537868, "log10_eta": -0.6486937477184611, "log10_lambda": -4.241919111732791, "log10_min_child_weight": 0.12978691182511992, "log10_subsample": -0.3209875667107712, "max_depth": 4.0, "num_boost_round": 0.0}, "datetime": {"datetime": "2024-01-19 00:12:19", "elapsed": 46.976281, "delta": 19.328589}}
{"target": -17.680458977397414, "params": {"gamma": 78.32658694446803, "log10_alpha": -0.4398390668764609, "log10_colsample_bytree": -0.6690110752537868, "log10_eta": -0.6486937477184611, "log10_lambda": -4.241919111732791, "log10_min_child_weight": 0.12978691182511992, "log10_subsample": -0.3209875667107712, "max_depth": 4.0, "num_boost_round": 1.0}, "datetime": {"datetime": "2024-01-19 00:12:19", "elapsed": 46.978462, "delta": 0.002181}}
{"target": -17.684662166576835, "params": {"gamma": 78.32658694446803, "log10_alpha": -0.4398390668764609, "log10_colsample_bytree": -0.6690110752537868, "log10_eta": -0.6486937477184611, "log10_lambda": -4.241919111732791, "log10_min_child_weight": 0.12978691182511992, "log10_subsample": -0.3209875667107712, "max_depth": 4.0, "num_boost_round": 2.0}, "datetime": {"datetime": "2024-01-19 00:12:19", "elapsed": 46.978896, "delta": 0.000434}}
{"target": -17.69008624532335, "params": {"gamma": 78.32658694446803, "log10_alpha": -0.4398390668764609, "log10_colsample_bytree": -0.6690110752537868, "log10_eta": -0.6486937477184611, "log10_lambda": -4.241919111732791, "log10_min_child_weight": 0.12978691182511992, "log10_subsample": -0.3209875667107712, "max_depth": 4.0, "num_boost_round": 3.0}, "datetime": {"datetime": "2024-01-19 00:12:19", "elapsed": 46.979226, "delta": 0.00033}}
