{"target": -17.67137294074264, "params": {"gamma": 433.2850970751996, "log10_alpha": -4.617309951612235, "log10_colsample_bytree": -0.2781679587289926, "log10_eta": -1.3362346711164035, "log10_lambda": 0.8126170842202125, "log10_min_child_weight": 0.5558429424737865, "log10_subsample": -0.4924354257657123, "max_depth": 7.0, "num_boost_round": 4.0}, "datetime": {"datetime": "2024-01-19 00:16:18", "elapsed": 268.638706, "delta": 0.001178}}
{"target": -17.673797706845562, "params": {"gamma": 433.2850970751996, "log10_alpha": -4.617309951612235, "log10_colsample_bytree": -0.2781679587289926, "log10_eta": -1.3362346711164035, "log10_lambda": 0.8126170842202125, "log10_min_child_weight": 0.5558429424737865, "log10_subsample": -0.4924354257657123, "max_depth": 7.0, "num_boost_round": 5.0}, "datetime": {"datetime": "2024-01-19 00:16:18", "elapsed": 268.639662, "delta": 0.000956}}
{"target": -17.676412245347645, "params": {"gamma": 433.2850970751996, "log10_alpha": -4.617309951612235, "log10_colsample_bytree": -0.2781679587289926, "log10_eta": -1.3362346711164035, "log10_lambda": 0.8126170842202125, "log10_min_child_weight": 0.5558429424737865, "log10_subsample": -0.4924354257657123, "max_depth": 7.0, "num_boost_round": 6.0}, "datetime": {"datetime": "2024-01-19 00:16:18", "elapsed": 268.640654, "delta": 0.000992}}
{"target": -17.677836787514387, "params": {"gamma": 433.2850970751996, "log10_alpha": -4.617309951612235, "log10_colsample_bytree": -0.2781679587289926, "log10_eta": -1.3362346711164035, "log10_lambda": 0.8126170842202125, "log10_min_child_weight": 0.5558429424737865, "log10_subsample": -0.4924354257657123, "max_depth": 7.0, "num_boost_round": 7.0}, "datetime": {"datetime": "2024-01-19 00:16:18", "elapsed": 268.641743, "delta": 0.001089}}
{"target": -17.6810531737062, "params": {"gamma": 433.2850970751996, "log10_alpha": -4.617309951612235, "log10_colsample_bytree": -0.2781679587289926, "log10_eta": -1.3362346711164035, "log10_lambda": 0.8126170842202125, "log10_min_child_weight": 0.5558429424737865, "log10_subsample": -0.4924354257657123, "max_depth": 7.0, "num_boost_round": 8.0}, "datetime": {"datetime": "2024-01-19 00:16:18", "elapsed": 268.642844, "delta": 0.001101}}
{"target": -17.68121266066666, "params": {"gamma": 433.2850970751996, "log10_alpha": -4.617309951612235, "log10_colsample_bytree": -0.2781679587289926, "log10_eta": -1.3362346711164035, "log10_lambda": 0.8126170842202125, "log10_min_child_weight": 0.5558429424737865, "log10_subsample": -0.4924354257657123, "max_depth": 7.0, "num_boost_round": 9.0}, "datetime": {"datetime": "2024-01-19 00:16:18", "elapsed": 268.643903, "delta": 0.001059}}
{"target": -17.683104202159036, "params": {"gamma": 433.2850970751996, "log10_alpha": -4.617309951612235, "log10_colsample_bytree": -0.2781679587289926, "log10_eta": -1.3362346711164035, "log10_lambda": 0.8126170842202125, "log10_min_child_weight": 0.5558429424737865, "log10_subsample": -0.4924354257657123, "max_depth": 7.0, "num_boost_round": 10.0}, "datetime": {"datetime": "2024-01-19 00:16:18", "elapsed": 268.644971, "delta": 0.001068}}
{"target": -17.6823423325266, "params": {"gamma": 433.2850970751996, "log10_alpha": -4.617309951612235, "log10_colsample_bytree": -0.2781679587289926, "log10_eta": -1.3362346711164035, "log10_lambda": 0.8126170842202125, "log10_min_child_weight": 0.5558429424737865, "log10_subsample": -0.4924354257657123, "max_depth": 7.0, "num_boost_round": 11.0}, "datetime": {"datetime": "2024-01-19 00:16:18", "elapsed": 268.645927, "delta": 0.000956}}
{"target": -17.68579454221532, "params": {"gamma": 433.2850970751996, "log10_alpha": -4.617309951612235, "log10_colsample_bytree": -0.2781679587289926, "log10_eta": -1.3362346711164035, "log10_lambda": 0.8126170842202125, "log10_min_child_weight": 0.5558429424737865, "log10_subsample": -0.4924354257657123, "max_depth": 7.0, "num_boost_round": 12.0}, "datetime": {"datetime": "2024-01-19 00:16:18", "elapsed": 268.646869, "delta": 0.000942}}
{"target": -17.689070974244498, "params": {"gamma": 433.2850970751996, "log10_alpha": -4.617309951612235, "log10_colsample_bytree": -0.2781679587289926, "log10_eta": -1.3362346711164035, "log10_lambda": 0.8126170842202125, "log10_min_child_weight": 0.5558429424737865, "log10_subsample": -0.4924354257657123, "max_depth": 7.0, "num_boost_round": 13.0}, "datetime": {"datetime": "2024-01-19 00:16:18", "elapsed": 268.647829, "delta": 0.00096}}
{"target": -17.69348040031479, "params": {"gamma": 433.2850970751996, "log10_alpha": -4.617309951612235, "log10_colsample_bytree": -0.2781679587289926, "log10_eta": -1.3362346711164035, "log10_lambda": 0.8126170842202125, "log10_min_child_weight": 0.5558429424737865, "log10_subsample": -0.4924354257657123, "max_depth": 7.0, "num_boost_round": 14.0}, "datetime": {"datetime": "2024-01-19 00:16:18", "elapsed": 268.648776, "delta": 0.000947}}
{"target": -17.69825369689258, "params": {"gamma": 433.2850970751996, "log10_alpha": -4.617309951612235, "log10_colsample_bytree": -0.2781679587289926, "log10_eta": -1.3362346711164035, "log10_lambda": 0.8126170842202125, "log10_min_child_weight": 0.5558429424737865, "log10_subsample": -0.4924354257657123, "max_depth": 7.0, "num_boost_round": 15.0}, "datetime": {"datetime": "2024-01-19 00:16:18", "elapsed": 268.649722, "delta": 0.000946}}
{"target": -17.699495000094295, "params": {"gamma": 433.2850970751996, "log10_alpha": -4.617309951612235, "log10_colsample_bytree": -0.2781679587289926, "log10_eta": -1.3362346711164035, "log10_lambda": 0.8126170842202125, "log10_min_child_weight": 0.5558429424737865, "log10_subsample": -0.4924354257657123, "max_depth": 7.0, "num_boost_round": 16.0}, "datetime": {"datetime": "2024-01-19 00:16:18", "elapsed": 268.650684, "delta": 0.000962}}
{"target": -17.7018331640824, "params": {"gamma": 433.2850970751996, "log10_alpha": -4.617309951612235, "log10_colsample_bytree": -0.2781679587289926, "log10_eta": -1.3362346711164035, "log10_lambda": 0.8126170842202125, "log10_min_child_weight": 0.5558429424737865, "log10_subsample": -0.4924354257657123, "max_depth": 7.0, "num_boost_round": 17.0}, "datetime": {"datetime": "2024-01-19 00:16:18", "elapsed": 268.651695, "delta": 0.001011}}
{"target": -17.707275749903665, "params": {"gamma": 433.2850970751996, "log10_alpha": -4.617309951612235, "log10_colsample_bytree": -0.2781679587289926, "log10_eta": -1.3362346711164035, "log10_lambda": 0.8126170842202125, "log10_min_child_weight": 0.5558429424737865, "log10_subsample": -0.4924354257657123, "max_depth": 7.0, "num_boost_round": 18.0}, "datetime": {"datetime": "2024-01-19 00:16:18", "elapsed": 268.652635, "delta": 0.00094}}
{"target": -17.711848099077233, "params": {"gamma": 433.2850970751996, "log10_alpha": -4.617309951612235, "log10_colsample_bytree": -0.2781679587289926, "log10_eta": -1.3362346711164035, "log10_lambda": 0.8126170842202125, "log10_min_child_weight": 0.5558429424737865, "log10_subsample": -0.4924354257657123, "max_depth": 7.0, "num_boost_round": 19.0}, "datetime": {"datetime": "2024-01-19 00:16:18", "elapsed": 268.653582, "delta": 0.000947}}
{"target": -17.714265702461557, "params": {"gamma": 433.2850970751996, "log10_alpha": -4.617309951612235, "log10_colsample_bytree": -0.2781679587289926, "log10_eta": -1.3362346711164035, "log10_lambda": 0.8126170842202125, "log10_min_child_weight": 0.5558429424737865, "log10_subsample": -0.4924354257657123, "max_depth": 7.0, "num_boost_round": 20.0}, "datetime": {"datetime": "2024-01-19 00:16:18", "elapsed": 268.654531, "delta": 0.000949}}
{"target": -17.71551376461255, "params": {"gamma": 433.2850970751996, "log10_alpha": -4.617309951612235, "log10_colsample_bytree": -0.2781679587289926, "log10_eta": -1.3362346711164035, "log10_lambda": 0.8126170842202125, "log10_min_child_weight": 0.5558429424737865, "log10_subsample": -0.4924354257657123, "max_depth": 7.0, "num_boost_round": 21.0}, "datetime": {"datetime": "2024-01-19 00:16:18", "elapsed": 268.655477, "delta": 0.000946}}
{"target": -17.71580901963938, "params": {"gamma": 433.2850970751996, "log10_alpha": -4.617309951612235, "log10_colsample_bytree": -0.2781679587289926, "log10_eta": -1.3362346711164035, "log10_lambda": 0.8126170842202125, "log10_min_child_weight": 0.5558429424737865, "log10_subsample": -0.4924354257657123, "max_depth": 7.0, "num_boost_round": 22.0}, "datetime": {"datetime": "2024-01-19 00:16:18", "elapsed": 268.656426, "delta": 0.000949}}
{"target": -17.72270902135137, "params": {"gamma": 433.2850970751996, "log10_alpha": -4.617309951612235, "log10_colsample_bytree": -0.2781679587289926, "log10_eta": -1.3362346711164035, "log10_lambda": 0.8126170842202125, "log10_min_child_weight": 0.5558429424737865, "log10_subsample": -0.4924354257657123, "max_depth": 7.0, "num_boost_round": 23.0}, "datetime": {"datetime": "2024-01-19 00:16:18", "elapsed": 268.657381, "delta": 0.000955}}
{"target": -17.729646334597472, "params": {"gamma": 433.2850970751996, "log10_alpha": -4.617309951612235, "log10_colsample_bytree": -0.2781679587289926, "log10_eta": -1.3362346711164035, "log10_lambda": 0.8126170842202125, "log10_min_child_weight": 0.5558429424737865, "log10_subsample": -0.4924354257657123, "max_depth": 7.0, "num_boost_round": 24.0}, "datetime": {"datetime": "2024-01-19 00:16:18", "elapsed": 268.658329, "delta": 0.000948}}
{"target": -17.73477552748779, "params": {"gamma": 433.2850970751996, "log10_alpha": -4.617309951612235, "log10_colsample_bytree": -0.2781679587289926, "log10_eta": -1.3362346711164035, "log10_lambda": 0.8126170842202125, "log10_min_child_weight": 0.5558429424737865, "log10_subsample": -0.4924354257657123, "max_depth": 7.0, "num_boost_round": 25.0}, "datetime": {"datetime": "2024-01-19 00:16:18", "elapsed": 268.659281, "delta": 0.000952}}
{"target": -17.738135852701877, "params": {"gamma": 433.2850970751996, "log10_alpha": -4.617309951612235, "log10_colsample_bytree": -0.2781679587289926, "log10_eta": -1.3362346711164035, "log10_lambda": 0.8126170842202125, "log10_min_child_weight": 0.5558429424737865, "log10_subsample": -0.4924354257657123, "max_depth": 7.0, "num_boost_round": 26.0}, "datetime": {"datetime": "2024-01-19 00:16:18", "elapsed": 268.660239, "delta": 0.000958}}
{"target": -17.738058153701147, "params": {"gamma": 433.2850970751996, "log10_alpha": -4.617309951612235, "log10_colsample_bytree": -0.2781679587289926, "log10_eta": -1.3362346711164035, "log10_lambda": 0.8126170842202125, "log10_min_child_weight": 0.5558429424737865, "log10_subsample": -0.4924354257657123, "max_depth": 7.0, "num_boost_round": 27.0}, "datetime": {"datetime": "2024-01-19 00:16:18", "elapsed": 268.661235, "delta": 0.000996}}
{"target": -17.740061368206018, "params": {"gamma": 433.2850970751996, "log10_alpha": -4.617309951612235, "log10_colsample_bytree": -0.2781679587289926, "log10_eta": -1.3362346711164035, "log10_lambda": 0.8126170842202125, "log10_min_child_weight": 0.5558429424737865, "log10_subsample": -0.4924354257657123, "max_depth": 7.0, "num_boost_round": 28.0}, "datetime": {"datetime": "2024-01-19 00:16:18", "elapsed": 268.662326, "delta": 0.001091}}
{"target": -17.67570442161919, "params": {"gamma": 429.93059892686824, "log10_alpha": -0.3576348824312108, "log10_colsample_bytree": -0.40306494572830875, "log10_eta": -0.9320927142714508, "log10_lambda": -1.1938815566258691, "log10_min_child_weight": 1.58789630445437, "log10_subsample": -0.8132728991806691, "max_depth": 3.0, "num_boost_round": 0.0}, "datetime": {"datetime": "2024-01-19 00:17:03", "elapsed": 313.439293, "delta": 44.776967}}
{"target": -17.67181798317599, "params": {"gamma": 429.93059892686824, "log10_alpha": -0.3576348824312108, "log10_colsample_bytree": -0.40306494572830875, "log10_eta": -0.9320927142714508, "log10_lambda": -1.1938815566258691, "log10_min_child_weight": 1.58789630445437, "log10_subsample": -0.8132728991806691, "max_depth": 3.0, "num_boost_round": 1.0}, "datetime": {"datetime": "2024-01-19 00:17:03", "elapsed": 313.44086, "delta": 0.001567}}
{"target": -17.671702396266088, "params": {"gamma": 429.93059892686824, "log10_alpha": -0.3576348824312108, "log10_colsample_bytree": -0.40306494572830875, "log10_eta": -0.9320927142714508, "log10_lambda": -1.1938815566258691, "log10_min_child_weight": 1.58789630445437, "log10_subsample": -0.8132728991806691, "max_depth": 3.0, "num_boost_round": 2.0}, "datetime": {"datetime": "2024-01-19 00:17:03", "elapsed": 313.442216, "delta": 0.001356}}
{"target": -17.67163083496964, "params": {"gamma": 429.93059892686824, "log10_alpha": -0.3576348824312108, "log10_colsample_bytree": -0.40306494572830875, "log10_eta": -0.9320927142714508, "log10_lambda": -1.1938815566258691, "log10_min_child_weight": 1.58789630445437, "log10_subsample": -0.8132728991806691, "max_depth": 3.0, "num_boost_round": 3.0}, "datetime": {"datetime": "2024-01-19 00:17:03", "elapsed": 313.44337, "delta": 0.001154}}
{"target": -17.673278633408334, "params": {"gamma": 429.93059892686824, "log10_alpha": -0.3576348824312108, "log10_colsample_bytree": -0.40306494572830875, "log10_eta": -0.9320927142714508, "log10_lambda": -1.1938815566258691, "log10_min_child_weight": 1.58789630445437, "log10_subsample": -0.8132728991806691, "max_depth": 3.0, "num_boost_round": 4.0}, "datetime": {"datetime": "2024-01-19 00:17:03", "elapsed": 313.444456, "delta": 0.001086}}
{"target": -17.67745460970785, "params": {"gamma": 429.93059892686824, "log10_alpha": -0.3576348824312108, "log10_colsample_bytree": -0.40306494572830875, "log10_eta": -0.9320927142714508, "log10_lambda": -1.1938815566258691, "log10_min_child_weight": 1.58789630445437, "log10_subsample": -0.8132728991806691, "max_depth": 3.0, "num_boost_round": 5.0}, "datetime": {"datetime": "2024-01-19 00:17:03", "elapsed": 313.445685, "delta": 0.001229}}
{"target": -17.676371081735148, "params": {"gamma": 429.93059892686824, "log10_alpha": -0.3576348824312108, "log10_colsample_bytree": -0.40306494572830875, "log10_eta": -0.9320927142714508, "log10_lambda": -1.1938815566258691, "log10_min_child_weight": 1.58789630445437, "log10_subsample": -0.8132728991806691, "max_depth": 3.0, "num_boost_round": 6.0}, "datetime": {"datetime": "2024-01-19 00:17:03", "elapsed": 313.446675, "delta": 0.00099}}
{"target": -17.67758691895845, "params": {"gamma": 429.93059892686824, "log10_alpha": -0.3576348824312108, "log10_colsample_bytree": -0.40306494572830875, "log10_eta": -0.9320927142714508, "log10_lambda": -1.1938815566258691, "log10_min_child_weight": 1.58789630445437, "log10_subsample": -0.8132728991806691, "max_depth": 3.0, "num_boost_round": 7.0}, "datetime": {"datetime": "2024-01-19 00:17:03", "elapsed": 313.447715, "delta": 0.00104}}
{"target": -17.678440828850654, "params": {"gamma": 429.93059892686824, "log10_alpha": -0.3576348824312108, "log10_colsample_bytree": -0.40306494572830875, "log10_eta": -0.9320927142714508, "log10_lambda": -1.1938815566258691, "log10_min_child_weight": 1.58789630445437, "log10_subsample": -0.8132728991806691, "max_depth": 3.0, "num_boost_round": 8.0}, "datetime": {"datetime": "2024-01-19 00:17:03", "elapsed": 313.448999, "delta": 0.001284}}
{"target": -17.679696697807074, "params": {"gamma": 429.93059892686824, "log10_alpha": -0.3576348824312108, "log10_colsample_bytree": -0.40306494572830875, "log10_eta": -0.9320927142714508, "log10_lambda": -1.1938815566258691, "log10_min_child_weight": 1.58789630445437, "log10_subsample": -0.8132728991806691, "max_depth": 3.0, "num_boost_round": 9.0}, "datetime": {"datetime": "2024-01-19 00:17:03", "elapsed": 313.45001, "delta": 0.001011}}
{"target": -17.67974675513666, "params": {"gamma": 429.93059892686824, "log10_alpha": -0.3576348824312108, "log10_colsample_bytree": -0.40306494572830875, "log10_eta": -0.9320927142714508, "log10_lambda": -1.1938815566258691, "log10_min_child_weight": 1.58789630445437, "log10_subsample": -0.8132728991806691, "max_depth": 3.0, "num_boost_round": 10.0}, "datetime": {"datetime": "2024-01-19 00:17:03", "elapsed": 313.451072, "delta": 0.001062}}
{"target": -17.67830545395384, "params": {"gamma": 429.93059892686824, "log10_alpha": -0.3576348824312108, "log10_colsample_bytree": -0.40306494572830875, "log10_eta": -0.9320927142714508, "log10_lambda": -1.1938815566258691, "log10_min_child_weight": 1.58789630445437, "log10_subsample": -0.8132728991806691, "max_depth": 3.0, "num_boost_round": 11.0}, "datetime": {"datetime": "2024-01-19 00:17:03", "elapsed": 313.452063, "delta": 0.000991}}
{"target": -17.682957095970856, "params": {"gamma": 429.93059892686824, "log10_alpha": -0.3576348824312108, "log10_colsample_bytree": -0.40306494572830875, "log10_eta": -0.9320927142714508, "log10_lambda": -1.1938815566258691, "log10_min_child_weight": 1.58789630445437, "log10_subsample": -0.8132728991806691, "max_depth": 3.0, "num_boost_round": 12.0}, "datetime": {"datetime": "2024-01-19 00:17:03", "elapsed": 313.453057, "delta": 0.000994}}
{"target": -17.68329742034293, "params": {"gamma": 429.93059892686824, "log10_alpha": -0.3576348824312108, "log10_colsample_bytree": -0.40306494572830875, "log10_eta": -0.9320927142714508, "log10_lambda": -1.1938815566258691, "log10_min_child_weight": 1.58789630445437, "log10_subsample": -0.8132728991806691, "max_depth": 3.0, "num_boost_round": 13.0}, "datetime": {"datetime": "2024-01-19 00:17:03", "elapsed": 313.454043, "delta": 0.000986}}
{"target": -17.69053648113405, "params": {"gamma": 429.93059892686824, "log10_alpha": -0.3576348824312108, "log10_colsample_bytree": -0.40306494572830875, "log10_eta": -0.9320927142714508, "log10_lambda": -1.1938815566258691, "log10_min_child_weight": 1.58789630445437, "log10_subsample": -0.8132728991806691, "max_depth": 3.0, "num_boost_round": 14.0}, "datetime": {"datetime": "2024-01-19 00:17:03", "elapsed": 313.45503, "delta": 0.000987}}
{"target": -17.68973370385438, "params": {"gamma": 429.93059892686824, "log10_alpha": -0.3576348824312108, "log10_colsample_bytree": -0.40306494572830875, "log10_eta": -0.9320927142714508, "log10_lambda": -1.1938815566258691, "log10_min_child_weight": 1.58789630445437, "log10_subsample": -0.8132728991806691, "max_depth": 3.0, "num_boost_round": 15.0}, "datetime": {"datetime": "2024-01-19 00:17:03", "elapsed": 313.45602, "delta": 0.00099}}
{"target": -17.68930082122187, "params": {"gamma": 429.93059892686824, "log10_alpha": -0.3576348824312108, "log10_colsample_bytree": -0.40306494572830875, "log10_eta": -0.9320927142714508, "log10_lambda": -1.1938815566258691, "log10_min_child_weight": 1.58789630445437, "log10_subsample": -0.8132728991806691, "max_depth": 3.0, "num_boost_round": 16.0}, "datetime": {"datetime": "2024-01-19 00:17:03", "elapsed": 313.457013, "delta": 0.000993}}
{"target": -17.68957854233129, "params": {"gamma": 429.93059892686824, "log10_alpha": -0.3576348824312108, "log10_colsample_bytree": -0.40306494572830875, "log10_eta": -0.9320927142714508, "log10_lambda": -1.1938815566258691, "log10_min_child_weight": 1.58789630445437, "log10_subsample": -0.8132728991806691, "max_depth": 3.0, "num_boost_round": 17.0}, "datetime": {"datetime": "2024-01-19 00:17:03", "elapsed": 313.458007, "delta": 0.000994}}
{"target": -17.692644637410826, "params": {"gamma": 429.93059892686824, "log10_alpha": -0.3576348824312108, "log10_colsample_bytree": -0.40306494572830875, "log10_eta": -0.9320927142714508, "log10_lambda": -1.1938815566258691, "log10_min_child_weight": 1.58789630445437, "log10_subsample": -0.8132728991806691, "max_depth": 3.0, "num_boost_round": 18.0}, "datetime": {"datetime": "2024-01-19 00:17:03", "elapsed": 313.458998, "delta": 0.000991}}
{"target": -17.694915448747306, "params": {"gamma": 429.93059892686824, "log10_alpha": -0.3576348824312108, "log10_colsample_bytree": -0.40306494572830875, "log10_eta": -0.9320927142714508, "log10_lambda": -1.1938815566258691, "log10_min_child_weight": 1.58789630445437, "log10_subsample": -0.8132728991806691, "max_depth": 3.0, "num_boost_round": 19.0}, "datetime": {"datetime": "2024-01-19 00:17:03", "elapsed": 313.459988, "delta": 0.00099}}
{"target": -17.698726773069712, "params": {"gamma": 429.93059892686824, "log10_alpha": -0.3576348824312108, "log10_colsample_bytree": -0.40306494572830875, "log10_eta": -0.9320927142714508, "log10_lambda": -1.1938815566258691, "log10_min_child_weight": 1.58789630445437, "log10_subsample": -0.8132728991806691, "max_depth": 3.0, "num_boost_round": 20.0}, "datetime": {"datetime": "2024-01-19 00:17:03", "elapsed": 313.461007, "delta": 0.001019}}
{"target": -17.703206346391415, "params": {"gamma": 429.93059892686824, "log10_alpha": -0.3576348824312108, "log10_colsample_bytree": -0.40306494572830875, "log10_eta": -0.9320927142714508, "log10_lambda": -1.1938815566258691, "log10_min_child_weight": 1.58789630445437, "log10_subsample": -0.8132728991806691, "max_depth": 3.0, "num_boost_round": 21.0}, "datetime": {"datetime": "2024-01-19 00:17:03", "elapsed": 313.462152, "delta": 0.001145}}
{"target": -17.70073647616067, "params": {"gamma": 429.93059892686824, "log10_alpha": -0.3576348824312108, "log10_colsample_bytree": -0.40306494572830875, "log10_eta": -0.9320927142714508, "log10_lambda": -1.1938815566258691, "log10_min_child_weight": 1.58789630445437, "log10_subsample": -0.8132728991806691, "max_depth": 3.0, "num_boost_round": 22.0}, "datetime": {"datetime": "2024-01-19 00:17:03", "elapsed": 313.463159, "delta": 0.001007}}
{"target": -17.718249966131584, "params": {"gamma": 429.93059892686824, "log10_alpha": -0.3576348824312108, "log10_colsample_bytree": -0.40306494572830875, "log10_eta": -0.9320927142714508, "log10_lambda": -1.1938815566258691, "log10_min_child_weight": 1.58789630445437, "log10_subsample": -0.8132728991806691, "max_depth": 3.0, "num_boost_round": 23.0}, "datetime": {"datetime": "2024-01-19 00:17:03", "elapsed": 313.464159, "delta": 0.001}}
