{"target": -13.758418032986228, "params": {"gamma": 711.3122684977711, "log10_alpha": -4.51211201143088, "log10_colsample_bytree": -0.13281432094738, "log10_eta": -3.708418559397659, "log10_lambda": -4.552532478430563, "log10_min_child_weight": 1.2249579869327158, "log10_subsample": -0.23040315280666201, "max_depth": 4.0, "num_boost_round": 52.0}, "datetime": {"datetime": "2024-01-19 01:18:24", "elapsed": 4003.739616, "delta": 0.004641}}
{"target": -13.758414569636669, "params": {"gamma": 711.3122684977711, "log10_alpha": -4.51211201143088, "log10_colsample_bytree": -0.13281432094738, "log10_eta": -3.708418559397659, "log10_lambda": -4.552532478430563, "log10_min_child_weight": 1.2249579869327158, "log10_subsample": -0.23040315280666201, "max_depth": 4.0, "num_boost_round": 53.0}, "datetime": {"datetime": "2024-01-19 01:18:24", "elapsed": 4003.744105, "delta": 0.004489}}
{"target": -13.758409208826677, "params": {"gamma": 711.3122684977711, "log10_alpha": -4.51211201143088, "log10_colsample_bytree": -0.13281432094738, "log10_eta": -3.708418559397659, "log10_lambda": -4.552532478430563, "log10_min_child_weight": 1.2249579869327158, "log10_subsample": -0.23040315280666201, "max_depth": 4.0, "num_boost_round": 54.0}, "datetime": {"datetime": "2024-01-19 01:18:24", "elapsed": 4003.748528, "delta": 0.004423}}
{"target": -13.758410042123888, "params": {"gamma": 711.3122684977711, "log10_alpha": -4.51211201143088, "log10_colsample_bytree": -0.13281432094738, "log10_eta": -3.708418559397659, "log10_lambda": -4.552532478430563, "log10_min_child_weight": 1.2249579869327158, "log10_subsample": -0.23040315280666201, "max_depth": 4.0, "num_boost_round": 55.0}, "datetime": {"datetime": "2024-01-19 01:18:24", "elapsed": 4003.753016, "delta": 0.004488}}
{"target": -13.75840693305448, "params": {"gamma": 711.3122684977711, "log10_alpha": -4.51211201143088, "log10_colsample_bytree": -0.13281432094738, "log10_eta": -3.708418559397659, "log10_lambda": -4.552532478430563, "log10_min_child_weight": 1.2249579869327158, "log10_subsample": -0.23040315280666201, "max_depth": 4.0, "num_boost_round": 56.0}, "datetime": {"datetime": "2024-01-19 01:18:24", "elapsed": 4003.757547, "delta": 0.004531}}
{"target": -13.75853445551418, "params": {"gamma": 718.1525041272394, "log10_alpha": 0.11088018882272799, "log10_colsample_bytree": -0.44833060508471967, "log10_eta": -3.5948039300361962, "log10_lambda": -0.2069398257099806, "log10_min_child_weight": 3.2507715683896383, "log10_subsample": -0.5812237768005207, "max_depth": 3.0, "num_boost_round": 0.0}, "datetime": {"datetime": "2024-01-19 01:19:15", "elapsed": 4054.875009, "delta": 51.117462}}
{"target": -13.758529489896777, "params": {"gamma": 718.1525041272394, "log10_alpha": 0.11088018882272799, "log10_colsample_bytree": -0.44833060508471967, "log10_eta": -3.5948039300361962, "log10_lambda": -0.2069398257099806, "log10_min_child_weight": 3.2507715683896383, "log10_subsample": -0.5812237768005207, "max_depth": 3.0, "num_boost_round": 1.0}, "datetime": {"datetime": "2024-01-19 01:19:15", "elapsed": 4054.880863, "delta": 0.005854}}
{"target": -13.758527946502262, "params": {"gamma": 718.1525041272394, "log10_alpha": 0.11088018882272799, "log10_colsample_bytree": -0.44833060508471967, "log10_eta": -3.5948039300361962, "log10_lambda": -0.2069398257099806, "log10_min_child_weight": 3.2507715683896383, "log10_subsample": -0.5812237768005207, "max_depth": 3.0, "num_boost_round": 2.0}, "datetime": {"datetime": "2024-01-19 01:19:15", "elapsed": 4054.885607, "delta": 0.004744}}
{"target": -13.758526862483937, "params": {"gamma": 718.1525041272394, "log10_alpha": 0.11088018882272799, "log10_colsample_bytree": -0.44833060508471967, "log10_eta": -3.5948039300361962, "log10_lambda": -0.2069398257099806, "log10_min_child_weight": 3.2507715683896383, "log10_subsample": -0.5812237768005207, "max_depth": 3.0, "num_boost_round": 3.0}, "datetime": {"datetime": "2024-01-19 01:19:15", "elapsed": 4054.890184, "delta": 0.004577}}
{"target": -13.758521906497215, "params": {"gamma": 718.1525041272394, "log10_alpha": 0.11088018882272799, "log10_colsample_bytree": -0.44833060508471967, "log10_eta": -3.5948039300361962, "log10_lambda": -0.2069398257099806, "log10_min_child_weight": 3.2507715683896383, "log10_subsample": -0.5812237768005207, "max_depth": 3.0, "num_boost_round": 4.0}, "datetime": {"datetime": "2024-01-19 01:19:15", "elapsed": 4054.894826, "delta": 0.004642}}
{"target": -13.758520130435096, "params": {"gamma": 718.1525041272394, "log10_alpha": 0.11088018882272799, "log10_colsample_bytree": -0.44833060508471967, "log10_eta": -3.5948039300361962, "log10_lambda": -0.2069398257099806, "log10_min_child_weight": 3.2507715683896383, "log10_subsample": -0.5812237768005207, "max_depth": 3.0, "num_boost_round": 5.0}, "datetime": {"datetime": "2024-01-19 01:19:15", "elapsed": 4054.900215, "delta": 0.005389}}
{"target": -13.758518797974919, "params": {"gamma": 718.1525041272394, "log10_alpha": 0.11088018882272799, "log10_colsample_bytree": -0.44833060508471967, "log10_eta": -3.5948039300361962, "log10_lambda": -0.2069398257099806, "log10_min_child_weight": 3.2507715683896383, "log10_subsample": -0.5812237768005207, "max_depth": 3.0, "num_boost_round": 6.0}, "datetime": {"datetime": "2024-01-19 01:19:15", "elapsed": 4054.905072, "delta": 0.004857}}
{"target": -13.758516391819503, "params": {"gamma": 718.1525041272394, "log10_alpha": 0.11088018882272799, "log10_colsample_bytree": -0.44833060508471967, "log10_eta": -3.5948039300361962, "log10_lambda": -0.2069398257099806, "log10_min_child_weight": 3.2507715683896383, "log10_subsample": -0.5812237768005207, "max_depth": 3.0, "num_boost_round": 7.0}, "datetime": {"datetime": "2024-01-19 01:19:15", "elapsed": 4054.909498, "delta": 0.004426}}
{"target": -13.75851216167449, "params": {"gamma": 718.1525041272394, "log10_alpha": 0.11088018882272799, "log10_colsample_bytree": -0.44833060508471967, "log10_eta": -3.5948039300361962, "log10_lambda": -0.2069398257099806, "log10_min_child_weight": 3.2507715683896383, "log10_subsample": -0.5812237768005207, "max_depth": 3.0, "num_boost_round": 8.0}, "datetime": {"datetime": "2024-01-19 01:19:15", "elapsed": 4054.914101, "delta": 0.004603}}
{"target": -13.75850791346565, "params": {"gamma": 718.1525041272394, "log10_alpha": 0.11088018882272799, "log10_colsample_bytree": -0.44833060508471967, "log10_eta": -3.5948039300361962, "log10_lambda": -0.2069398257099806, "log10_min_child_weight": 3.2507715683896383, "log10_subsample": -0.5812237768005207, "max_depth": 3.0, "num_boost_round": 9.0}, "datetime": {"datetime": "2024-01-19 01:19:15", "elapsed": 4054.918538, "delta": 0.004437}}
{"target": -13.758504908558406, "params": {"gamma": 718.1525041272394, "log10_alpha": 0.11088018882272799, "log10_colsample_bytree": -0.44833060508471967, "log10_eta": -3.5948039300361962, "log10_lambda": -0.2069398257099806, "log10_min_child_weight": 3.2507715683896383, "log10_subsample": -0.5812237768005207, "max_depth": 3.0, "num_boost_round": 10.0}, "datetime": {"datetime": "2024-01-19 01:19:15", "elapsed": 4054.922995, "delta": 0.004457}}
{"target": -13.758499844578484, "params": {"gamma": 718.1525041272394, "log10_alpha": 0.11088018882272799, "log10_colsample_bytree": -0.44833060508471967, "log10_eta": -3.5948039300361962, "log10_lambda": -0.2069398257099806, "log10_min_child_weight": 3.2507715683896383, "log10_subsample": -0.5812237768005207, "max_depth": 3.0, "num_boost_round": 11.0}, "datetime": {"datetime": "2024-01-19 01:19:15", "elapsed": 4054.927537, "delta": 0.004542}}
{"target": -13.75849530438572, "params": {"gamma": 718.1525041272394, "log10_alpha": 0.11088018882272799, "log10_colsample_bytree": -0.44833060508471967, "log10_eta": -3.5948039300361962, "log10_lambda": -0.2069398257099806, "log10_min_child_weight": 3.2507715683896383, "log10_subsample": -0.5812237768005207, "max_depth": 3.0, "num_boost_round": 12.0}, "datetime": {"datetime": "2024-01-19 01:19:15", "elapsed": 4054.93188, "delta": 0.004343}}
{"target": -13.758492939690631, "params": {"gamma": 718.1525041272394, "log10_alpha": 0.11088018882272799, "log10_colsample_bytree": -0.44833060508471967, "log10_eta": -3.5948039300361962, "log10_lambda": -0.2069398257099806, "log10_min_child_weight": 3.2507715683896383, "log10_subsample": -0.5812237768005207, "max_depth": 3.0, "num_boost_round": 13.0}, "datetime": {"datetime": "2024-01-19 01:19:15", "elapsed": 4054.936611, "delta": 0.004731}}
{"target": -13.758491682084122, "params": {"gamma": 718.1525041272394, "log10_alpha": 0.11088018882272799, "log10_colsample_bytree": -0.44833060508471967, "log10_eta": -3.5948039300361962, "log10_lambda": -0.2069398257099806, "log10_min_child_weight": 3.2507715683896383, "log10_subsample": -0.5812237768005207, "max_depth": 3.0, "num_boost_round": 14.0}, "datetime": {"datetime": "2024-01-19 01:19:15", "elapsed": 4054.941224, "delta": 0.004613}}
{"target": -13.758487971070977, "params": {"gamma": 718.1525041272394, "log10_alpha": 0.11088018882272799, "log10_colsample_bytree": -0.44833060508471967, "log10_eta": -3.5948039300361962, "log10_lambda": -0.2069398257099806, "log10_min_child_weight": 3.2507715683896383, "log10_subsample": -0.5812237768005207, "max_depth": 3.0, "num_boost_round": 15.0}, "datetime": {"datetime": "2024-01-19 01:19:15", "elapsed": 4054.945737, "delta": 0.004513}}
{"target": -13.758485786153006, "params": {"gamma": 718.1525041272394, "log10_alpha": 0.11088018882272799, "log10_colsample_bytree": -0.44833060508471967, "log10_eta": -3.5948039300361962, "log10_lambda": -0.2069398257099806, "log10_min_child_weight": 3.2507715683896383, "log10_subsample": -0.5812237768005207, "max_depth": 3.0, "num_boost_round": 16.0}, "datetime": {"datetime": "2024-01-19 01:19:15", "elapsed": 4054.950751, "delta": 0.005014}}
{"target": -13.75848718516357, "params": {"gamma": 718.1525041272394, "log10_alpha": 0.11088018882272799, "log10_colsample_bytree": -0.44833060508471967, "log10_eta": -3.5948039300361962, "log10_lambda": -0.2069398257099806, "log10_min_child_weight": 3.2507715683896383, "log10_subsample": -0.5812237768005207, "max_depth": 3.0, "num_boost_round": 17.0}, "datetime": {"datetime": "2024-01-19 01:19:15", "elapsed": 4054.955655, "delta": 0.004904}}
{"target": -13.758486639555874, "params": {"gamma": 718.1525041272394, "log10_alpha": 0.11088018882272799, "log10_colsample_bytree": -0.44833060508471967, "log10_eta": -3.5948039300361962, "log10_lambda": -0.2069398257099806, "log10_min_child_weight": 3.2507715683896383, "log10_subsample": -0.5812237768005207, "max_depth": 3.0, "num_boost_round": 18.0}, "datetime": {"datetime": "2024-01-19 01:19:15", "elapsed": 4054.960263, "delta": 0.004608}}
{"target": -13.75848463774548, "params": {"gamma": 718.1525041272394, "log10_alpha": 0.11088018882272799, "log10_colsample_bytree": -0.44833060508471967, "log10_eta": -3.5948039300361962, "log10_lambda": -0.2069398257099806, "log10_min_child_weight": 3.2507715683896383, "log10_subsample": -0.5812237768005207, "max_depth": 3.0, "num_boost_round": 19.0}, "datetime": {"datetime": "2024-01-19 01:19:16", "elapsed": 4055.09308, "delta": 0.132817}}
{"target": -13.758482231229285, "params": {"gamma": 718.1525041272394, "log10_alpha": 0.11088018882272799, "log10_colsample_bytree": -0.44833060508471967, "log10_eta": -3.5948039300361962, "log10_lambda": -0.2069398257099806, "log10_min_child_weight": 3.2507715683896383, "log10_subsample": -0.5812237768005207, "max_depth": 3.0, "num_boost_round": 20.0}, "datetime": {"datetime": "2024-01-19 01:19:16", "elapsed": 4055.098744, "delta": 0.005664}}
{"target": -13.75847734853639, "params": {"gamma": 718.1525041272394, "log10_alpha": 0.11088018882272799, "log10_colsample_bytree": -0.44833060508471967, "log10_eta": -3.5948039300361962, "log10_lambda": -0.2069398257099806, "log10_min_child_weight": 3.2507715683896383, "log10_subsample": -0.5812237768005207, "max_depth": 3.0, "num_boost_round": 21.0}, "datetime": {"datetime": "2024-01-19 01:19:16", "elapsed": 4055.103584, "delta": 0.00484}}
{"target": -13.758471950290113, "params": {"gamma": 718.1525041272394, "log10_alpha": 0.11088018882272799, "log10_colsample_bytree": -0.44833060508471967, "log10_eta": -3.5948039300361962, "log10_lambda": -0.2069398257099806, "log10_min_child_weight": 3.2507715683896383, "log10_subsample": -0.5812237768005207, "max_depth": 3.0, "num_boost_round": 22.0}, "datetime": {"datetime": "2024-01-19 01:19:16", "elapsed": 4055.108303, "delta": 0.004719}}
{"target": -13.758471916026242, "params": {"gamma": 718.1525041272394, "log10_alpha": 0.11088018882272799, "log10_colsample_bytree": -0.44833060508471967, "log10_eta": -3.5948039300361962, "log10_lambda": -0.2069398257099806, "log10_min_child_weight": 3.2507715683896383, "log10_subsample": -0.5812237768005207, "max_depth": 3.0, "num_boost_round": 23.0}, "datetime": {"datetime": "2024-01-19 01:19:16", "elapsed": 4055.113016, "delta": 0.004713}}
{"target": -13.758471895729361, "params": {"gamma": 718.1525041272394, "log10_alpha": 0.11088018882272799, "log10_colsample_bytree": -0.44833060508471967, "log10_eta": -3.5948039300361962, "log10_lambda": -0.2069398257099806, "log10_min_child_weight": 3.2507715683896383, "log10_subsample": -0.5812237768005207, "max_depth": 3.0, "num_boost_round": 24.0}, "datetime": {"datetime": "2024-01-19 01:19:16", "elapsed": 4055.117738, "delta": 0.004722}}
{"target": -13.758469377050941, "params": {"gamma": 718.1525041272394, "log10_alpha": 0.11088018882272799, "log10_colsample_bytree": -0.44833060508471967, "log10_eta": -3.5948039300361962, "log10_lambda": -0.2069398257099806, "log10_min_child_weight": 3.2507715683896383, "log10_subsample": -0.5812237768005207, "max_depth": 3.0, "num_boost_round": 25.0}, "datetime": {"datetime": "2024-01-19 01:19:16", "elapsed": 4055.122317, "delta": 0.004579}}
{"target": -13.758534890349024, "params": {"gamma": 717.7221320376627, "log10_alpha": -0.9558773715411331, "log10_colsample_bytree": -0.5876573196546553, "log10_eta": -3.3114386048051623, "log10_lambda": 0.16692732635960095, "log10_min_child_weight": 4.605719343184767, "log10_subsample": -0.8709276541830028, "max_depth": 9.0, "num_boost_round": 0.0}, "datetime": {"datetime": "2024-01-19 01:20:24", "elapsed": 4123.263192, "delta": 68.140875}}
{"target": -13.75853381499363, "params": {"gamma": 717.7221320376627, "log10_alpha": -0.9558773715411331, "log10_colsample_bytree": -0.5876573196546553, "log10_eta": -3.3114386048051623, "log10_lambda": 0.16692732635960095, "log10_min_child_weight": 4.605719343184767, "log10_subsample": -0.8709276541830028, "max_depth": 9.0, "num_boost_round": 1.0}, "datetime": {"datetime": "2024-01-19 01:20:24", "elapsed": 4123.268753, "delta": 0.005561}}
{"target": -13.758535514688418, "params": {"gamma": 717.7221320376627, "log10_alpha": -0.9558773715411331, "log10_colsample_bytree": -0.5876573196546553, "log10_eta": -3.3114386048051623, "log10_lambda": 0.16692732635960095, "log10_min_child_weight": 4.605719343184767, "log10_subsample": -0.8709276541830028, "max_depth": 9.0, "num_boost_round": 2.0}, "datetime": {"datetime": "2024-01-19 01:20:24", "elapsed": 4123.273594, "delta": 0.004841}}
{"target": -13.758533304282244, "params": {"gamma": 717.7221320376627, "log10_alpha": -0.9558773715411331, "log10_colsample_bytree": -0.5876573196546553, "log10_eta": -3.3114386048051623, "log10_lambda": 0.16692732635960095, "log10_min_child_weight": 4.605719343184767, "log10_subsample": -0.8709276541830028, "max_depth": 9.0, "num_boost_round": 3.0}, "datetime": {"datetime": "2024-01-19 01:20:24", "elapsed": 4123.278283, "delta": 0.004689}}
{"target": -13.758532768980535, "params": {"gamma": 717.7221320376627, "log10_alpha": -0.9558773715411331, "log10_colsample_bytree": -0.5876573196546553, "log10_eta": -3.3114386048051623, "log10_lambda": 0.16692732635960095, "log10_min_child_weight": 4.605719343184767, "log10_subsample": -0.8709276541830028, "max_depth": 9.0, "num_boost_round": 4.0}, "datetime": {"datetime": "2024-01-19 01:20:24", "elapsed": 4123.282734, "delta": 0.004451}}
{"target": -13.75853001367864, "params": {"gamma": 717.7221320376627, "log10_alpha": -0.9558773715411331, "log10_colsample_bytree": -0.5876573196546553, "log10_eta": -3.3114386048051623, "log10_lambda": 0.16692732635960095, "log10_min_child_weight": 4.605719343184767, "log10_subsample": -0.8709276541830028, "max_depth": 9.0, "num_boost_round": 5.0}, "datetime": {"datetime": "2024-01-19 01:20:24", "elapsed": 4123.287182, "delta": 0.004448}}
{"target": -13.758528796374213, "params": {"gamma": 717.7221320376627, "log10_alpha": -0.9558773715411331, "log10_colsample_bytree": -0.5876573196546553, "log10_eta": -3.3114386048051623, "log10_lambda": 0.16692732635960095, "log10_min_child_weight": 4.605719343184767, "log10_subsample": -0.8709276541830028, "max_depth": 9.0, "num_boost_round": 6.0}, "datetime": {"datetime": "2024-01-19 01:20:24", "elapsed": 4123.291537, "delta": 0.004355}}
{"target": -13.758526582859561, "params": {"gamma": 717.7221320376627, "log10_alpha": -0.9558773715411331, "log10_colsample_bytree": -0.5876573196546553, "log10_eta": -3.3114386048051623, "log10_lambda": 0.16692732635960095, "log10_min_child_weight": 4.605719343184767, "log10_subsample": -0.8709276541830028, "max_depth": 9.0, "num_boost_round": 7.0}, "datetime": {"datetime": "2024-01-19 01:20:24", "elapsed": 4123.295922, "delta": 0.004385}}
{"target": -13.758524512631334, "params": {"gamma": 717.7221320376627, "log10_alpha": -0.9558773715411331, "log10_colsample_bytree": -0.5876573196546553, "log10_eta": -3.3114386048051623, "log10_lambda": 0.16692732635960095, "log10_min_child_weight": 4.605719343184767, "log10_subsample": -0.8709276541830028, "max_depth": 9.0, "num_boost_round": 8.0}, "datetime": {"datetime": "2024-01-19 01:20:24", "elapsed": 4123.300323, "delta": 0.004401}}
{"target": -13.758523044355275, "params": {"gamma": 717.7221320376627, "log10_alpha": -0.9558773715411331, "log10_colsample_bytree": -0.5876573196546553, "log10_eta": -3.3114386048051623, "log10_lambda": 0.16692732635960095, "log10_min_child_weight": 4.605719343184767, "log10_subsample": -0.8709276541830028, "max_depth": 9.0, "num_boost_round": 9.0}, "datetime": {"datetime": "2024-01-19 01:20:24", "elapsed": 4123.304826, "delta": 0.004503}}
{"target": -13.758520344156896, "params": {"gamma": 717.7221320376627, "log10_alpha": -0.9558773715411331, "log10_colsample_bytree": -0.5876573196546553, "log10_eta": -3.3114386048051623, "log10_lambda": 0.16692732635960095, "log10_min_child_weight": 4.605719343184767, "log10_subsample": -0.8709276541830028, "max_depth": 9.0, "num_boost_round": 10.0}, "datetime": {"datetime": "2024-01-19 01:20:24", "elapsed": 4123.309228, "delta": 0.004402}}
{"target": -13.758517688216783, "params": {"gamma": 717.7221320376627, "log10_alpha": -0.9558773715411331, "log10_colsample_bytree": -0.5876573196546553, "log10_eta": -3.3114386048051623, "log10_lambda": 0.16692732635960095, "log10_min_child_weight": 4.605719343184767, "log10_subsample": -0.8709276541830028, "max_depth": 9.0, "num_boost_round": 11.0}, "datetime": {"datetime": "2024-01-19 01:20:24", "elapsed": 4123.313716, "delta": 0.004488}}
{"target": -13.75851665798129, "params": {"gamma": 717.7221320376627, "log10_alpha": -0.9558773715411331, "log10_colsample_bytree": -0.5876573196546553, "log10_eta": -3.3114386048051623, "log10_lambda": 0.16692732635960095, "log10_min_child_weight": 4.605719343184767, "log10_subsample": -0.8709276541830028, "max_depth": 9.0, "num_boost_round": 12.0}, "datetime": {"datetime": "2024-01-19 01:20:24", "elapsed": 4123.318151, "delta": 0.004435}}
{"target": -13.758515470393414, "params": {"gamma": 717.7221320376627, "log10_alpha": -0.9558773715411331, "log10_colsample_bytree": -0.5876573196546553, "log10_eta": -3.3114386048051623, "log10_lambda": 0.16692732635960095, "log10_min_child_weight": 4.605719343184767, "log10_subsample": -0.8709276541830028, "max_depth": 9.0, "num_boost_round": 13.0}, "datetime": {"datetime": "2024-01-19 01:20:24", "elapsed": 4123.322559, "delta": 0.004408}}
{"target": -13.758513946031833, "params": {"gamma": 717.7221320376627, "log10_alpha": -0.9558773715411331, "log10_colsample_bytree": -0.5876573196546553, "log10_eta": -3.3114386048051623, "log10_lambda": 0.16692732635960095, "log10_min_child_weight": 4.605719343184767, "log10_subsample": -0.8709276541830028, "max_depth": 9.0, "num_boost_round": 14.0}, "datetime": {"datetime": "2024-01-19 01:20:24", "elapsed": 4123.327032, "delta": 0.004473}}
{"target": -13.758511475363294, "params": {"gamma": 717.7221320376627, "log10_alpha": -0.9558773715411331, "log10_colsample_bytree": -0.5876573196546553, "log10_eta": -3.3114386048051623, "log10_lambda": 0.16692732635960095, "log10_min_child_weight": 4.605719343184767, "log10_subsample": -0.8709276541830028, "max_depth": 9.0, "num_boost_round": 15.0}, "datetime": {"datetime": "2024-01-19 01:20:24", "elapsed": 4123.33145, "delta": 0.004418}}
{"target": -13.758508969115397, "params": {"gamma": 717.7221320376627, "log10_alpha": -0.9558773715411331, "log10_colsample_bytree": -0.5876573196546553, "log10_eta": -3.3114386048051623, "log10_lambda": 0.16692732635960095, "log10_min_child_weight": 4.605719343184767, "log10_subsample": -0.8709276541830028, "max_depth": 9.0, "num_boost_round": 16.0}, "datetime": {"datetime": "2024-01-19 01:20:24", "elapsed": 4123.33591, "delta": 0.00446}}
{"target": -13.758506904740027, "params": {"gamma": 717.7221320376627, "log10_alpha": -0.9558773715411331, "log10_colsample_bytree": -0.5876573196546553, "log10_eta": -3.3114386048051623, "log10_lambda": 0.16692732635960095, "log10_min_child_weight": 4.605719343184767, "log10_subsample": -0.8709276541830028, "max_depth": 9.0, "num_boost_round": 17.0}, "datetime": {"datetime": "2024-01-19 01:20:24", "elapsed": 4123.340535, "delta": 0.004625}}
