{"target": -17.675946164628943, "params": {"gamma": 615.3080521190462, "log10_alpha": -2.6938381862351584, "log10_colsample_bytree": -0.18846423700413095, "log10_eta": -1.573602824171691, "log10_lambda": 0.12751395602336224, "log10_min_child_weight": 3.5045884554062012, "log10_subsample": -0.36473660331046476, "max_depth": 3.0, "num_boost_round": 1.0}, "datetime": {"datetime": "2024-01-19 02:25:07", "elapsed": 8005.28637, "delta": 0.008658}}
{"target": -17.67546208609733, "params": {"gamma": 615.3080521190462, "log10_alpha": -2.6938381862351584, "log10_colsample_bytree": -0.18846423700413095, "log10_eta": -1.573602824171691, "log10_lambda": 0.12751395602336224, "log10_min_child_weight": 3.5045884554062012, "log10_subsample": -0.36473660331046476, "max_depth": 3.0, "num_boost_round": 2.0}, "datetime": {"datetime": "2024-01-19 02:25:07", "elapsed": 8005.294365, "delta": 0.007995}}
{"target": -17.675409566129357, "params": {"gamma": 615.3080521190462, "log10_alpha": -2.6938381862351584, "log10_colsample_bytree": -0.18846423700413095, "log10_eta": -1.573602824171691, "log10_lambda": 0.12751395602336224, "log10_min_child_weight": 3.5045884554062012, "log10_subsample": -0.36473660331046476, "max_depth": 3.0, "num_boost_round": 3.0}, "datetime": {"datetime": "2024-01-19 02:25:07", "elapsed": 8005.301458, "delta": 0.007093}}
{"target": -17.674879087568392, "params": {"gamma": 615.3080521190462, "log10_alpha": -2.6938381862351584, "log10_colsample_bytree": -0.18846423700413095, "log10_eta": -1.573602824171691, "log10_lambda": 0.12751395602336224, "log10_min_child_weight": 3.5045884554062012, "log10_subsample": -0.36473660331046476, "max_depth": 3.0, "num_boost_round": 4.0}, "datetime": {"datetime": "2024-01-19 02:25:07", "elapsed": 8005.308496, "delta": 0.007038}}
{"target": -17.67428994554219, "params": {"gamma": 615.3080521190462, "log10_alpha": -2.6938381862351584, "log10_colsample_bytree": -0.18846423700413095, "log10_eta": -1.573602824171691, "log10_lambda": 0.12751395602336224, "log10_min_child_weight": 3.5045884554062012, "log10_subsample": -0.36473660331046476, "max_depth": 3.0, "num_boost_round": 5.0}, "datetime": {"datetime": "2024-01-19 02:25:07", "elapsed": 8005.315284, "delta": 0.006788}}
{"target": -17.6739224776921, "params": {"gamma": 615.3080521190462, "log10_alpha": -2.6938381862351584, "log10_colsample_bytree": -0.18846423700413095, "log10_eta": -1.573602824171691, "log10_lambda": 0.12751395602336224, "log10_min_child_weight": 3.5045884554062012, "log10_subsample": -0.36473660331046476, "max_depth": 3.0, "num_boost_round": 6.0}, "datetime": {"datetime": "2024-01-19 02:25:07", "elapsed": 8005.322156, "delta": 0.006872}}
{"target": -17.673823136607894, "params": {"gamma": 615.3080521190462, "log10_alpha": -2.6938381862351584, "log10_colsample_bytree": -0.18846423700413095, "log10_eta": -1.573602824171691, "log10_lambda": 0.12751395602336224, "log10_min_child_weight": 3.5045884554062012, "log10_subsample": -0.36473660331046476, "max_depth": 3.0, "num_boost_round": 7.0}, "datetime": {"datetime": "2024-01-19 02:25:07", "elapsed": 8005.329224, "delta": 0.007068}}
{"target": -17.67383404726872, "params": {"gamma": 615.3080521190462, "log10_alpha": -2.6938381862351584, "log10_colsample_bytree": -0.18846423700413095, "log10_eta": -1.573602824171691, "log10_lambda": 0.12751395602336224, "log10_min_child_weight": 3.5045884554062012, "log10_subsample": -0.36473660331046476, "max_depth": 3.0, "num_boost_round": 8.0}, "datetime": {"datetime": "2024-01-19 02:25:07", "elapsed": 8005.337382, "delta": 0.008158}}
{"target": -17.673562805743707, "params": {"gamma": 615.3080521190462, "log10_alpha": -2.6938381862351584, "log10_colsample_bytree": -0.18846423700413095, "log10_eta": -1.573602824171691, "log10_lambda": 0.12751395602336224, "log10_min_child_weight": 3.5045884554062012, "log10_subsample": -0.36473660331046476, "max_depth": 3.0, "num_boost_round": 9.0}, "datetime": {"datetime": "2024-01-19 02:25:08", "elapsed": 8005.345646, "delta": 0.008264}}
{"target": -17.67348626912349, "params": {"gamma": 615.3080521190462, "log10_alpha": -2.6938381862351584, "log10_colsample_bytree": -0.18846423700413095, "log10_eta": -1.573602824171691, "log10_lambda": 0.12751395602336224, "log10_min_child_weight": 3.5045884554062012, "log10_subsample": -0.36473660331046476, "max_depth": 3.0, "num_boost_round": 10.0}, "datetime": {"datetime": "2024-01-19 02:25:08", "elapsed": 8005.353028, "delta": 0.007382}}
{"target": -17.67302205865547, "params": {"gamma": 615.3080521190462, "log10_alpha": -2.6938381862351584, "log10_colsample_bytree": -0.18846423700413095, "log10_eta": -1.573602824171691, "log10_lambda": 0.12751395602336224, "log10_min_child_weight": 3.5045884554062012, "log10_subsample": -0.36473660331046476, "max_depth": 3.0, "num_boost_round": 11.0}, "datetime": {"datetime": "2024-01-19 02:25:08", "elapsed": 8005.360101, "delta": 0.007073}}
{"target": -17.67343337969912, "params": {"gamma": 615.3080521190462, "log10_alpha": -2.6938381862351584, "log10_colsample_bytree": -0.18846423700413095, "log10_eta": -1.573602824171691, "log10_lambda": 0.12751395602336224, "log10_min_child_weight": 3.5045884554062012, "log10_subsample": -0.36473660331046476, "max_depth": 3.0, "num_boost_round": 12.0}, "datetime": {"datetime": "2024-01-19 02:25:08", "elapsed": 8005.367151, "delta": 0.00705}}
{"target": -17.673465324347557, "params": {"gamma": 615.3080521190462, "log10_alpha": -2.6938381862351584, "log10_colsample_bytree": -0.18846423700413095, "log10_eta": -1.573602824171691, "log10_lambda": 0.12751395602336224, "log10_min_child_weight": 3.5045884554062012, "log10_subsample": -0.36473660331046476, "max_depth": 3.0, "num_boost_round": 13.0}, "datetime": {"datetime": "2024-01-19 02:25:08", "elapsed": 8005.374119, "delta": 0.006968}}
{"target": -17.67362488940353, "params": {"gamma": 615.3080521190462, "log10_alpha": -2.6938381862351584, "log10_colsample_bytree": -0.18846423700413095, "log10_eta": -1.573602824171691, "log10_lambda": 0.12751395602336224, "log10_min_child_weight": 3.5045884554062012, "log10_subsample": -0.36473660331046476, "max_depth": 3.0, "num_boost_round": 14.0}, "datetime": {"datetime": "2024-01-19 02:25:08", "elapsed": 8005.507871, "delta": 0.133752}}
{"target": -17.673427386091365, "params": {"gamma": 615.3080521190462, "log10_alpha": -2.6938381862351584, "log10_colsample_bytree": -0.18846423700413095, "log10_eta": -1.573602824171691, "log10_lambda": 0.12751395602336224, "log10_min_child_weight": 3.5045884554062012, "log10_subsample": -0.36473660331046476, "max_depth": 3.0, "num_boost_round": 15.0}, "datetime": {"datetime": "2024-01-19 02:25:08", "elapsed": 8005.515289, "delta": 0.007418}}
{"target": -17.673275457081733, "params": {"gamma": 615.3080521190462, "log10_alpha": -2.6938381862351584, "log10_colsample_bytree": -0.18846423700413095, "log10_eta": -1.573602824171691, "log10_lambda": 0.12751395602336224, "log10_min_child_weight": 3.5045884554062012, "log10_subsample": -0.36473660331046476, "max_depth": 3.0, "num_boost_round": 16.0}, "datetime": {"datetime": "2024-01-19 02:25:08", "elapsed": 8005.521975, "delta": 0.006686}}
{"target": -17.67338418511158, "params": {"gamma": 615.3080521190462, "log10_alpha": -2.6938381862351584, "log10_colsample_bytree": -0.18846423700413095, "log10_eta": -1.573602824171691, "log10_lambda": 0.12751395602336224, "log10_min_child_weight": 3.5045884554062012, "log10_subsample": -0.36473660331046476, "max_depth": 3.0, "num_boost_round": 17.0}, "datetime": {"datetime": "2024-01-19 02:25:08", "elapsed": 8005.52846, "delta": 0.006485}}
{"target": -17.673420561069662, "params": {"gamma": 615.3080521190462, "log10_alpha": -2.6938381862351584, "log10_colsample_bytree": -0.18846423700413095, "log10_eta": -1.573602824171691, "log10_lambda": 0.12751395602336224, "log10_min_child_weight": 3.5045884554062012, "log10_subsample": -0.36473660331046476, "max_depth": 3.0, "num_boost_round": 18.0}, "datetime": {"datetime": "2024-01-19 02:25:08", "elapsed": 8005.534947, "delta": 0.006487}}
{"target": -17.6737697843831, "params": {"gamma": 615.3080521190462, "log10_alpha": -2.6938381862351584, "log10_colsample_bytree": -0.18846423700413095, "log10_eta": -1.573602824171691, "log10_lambda": 0.12751395602336224, "log10_min_child_weight": 3.5045884554062012, "log10_subsample": -0.36473660331046476, "max_depth": 3.0, "num_boost_round": 19.0}, "datetime": {"datetime": "2024-01-19 02:25:08", "elapsed": 8005.54147, "delta": 0.006523}}
{"target": -17.67389841297585, "params": {"gamma": 615.3080521190462, "log10_alpha": -2.6938381862351584, "log10_colsample_bytree": -0.18846423700413095, "log10_eta": -1.573602824171691, "log10_lambda": 0.12751395602336224, "log10_min_child_weight": 3.5045884554062012, "log10_subsample": -0.36473660331046476, "max_depth": 3.0, "num_boost_round": 20.0}, "datetime": {"datetime": "2024-01-19 02:25:08", "elapsed": 8005.548025, "delta": 0.006555}}
{"target": -17.674495742532528, "params": {"gamma": 615.3080521190462, "log10_alpha": -2.6938381862351584, "log10_colsample_bytree": -0.18846423700413095, "log10_eta": -1.573602824171691, "log10_lambda": 0.12751395602336224, "log10_min_child_weight": 3.5045884554062012, "log10_subsample": -0.36473660331046476, "max_depth": 3.0, "num_boost_round": 21.0}, "datetime": {"datetime": "2024-01-19 02:25:08", "elapsed": 8005.554968, "delta": 0.006943}}
{"target": -17.67459650560333, "params": {"gamma": 615.3080521190462, "log10_alpha": -2.6938381862351584, "log10_colsample_bytree": -0.18846423700413095, "log10_eta": -1.573602824171691, "log10_lambda": 0.12751395602336224, "log10_min_child_weight": 3.5045884554062012, "log10_subsample": -0.36473660331046476, "max_depth": 3.0, "num_boost_round": 22.0}, "datetime": {"datetime": "2024-01-19 02:25:08", "elapsed": 8005.562503, "delta": 0.007535}}
{"target": -17.67482858510806, "params": {"gamma": 615.3080521190462, "log10_alpha": -2.6938381862351584, "log10_colsample_bytree": -0.18846423700413095, "log10_eta": -1.573602824171691, "log10_lambda": 0.12751395602336224, "log10_min_child_weight": 3.5045884554062012, "log10_subsample": -0.36473660331046476, "max_depth": 3.0, "num_boost_round": 23.0}, "datetime": {"datetime": "2024-01-19 02:25:08", "elapsed": 8005.570419, "delta": 0.007916}}
{"target": -17.675447038201376, "params": {"gamma": 615.3080521190462, "log10_alpha": -2.6938381862351584, "log10_colsample_bytree": -0.18846423700413095, "log10_eta": -1.573602824171691, "log10_lambda": 0.12751395602336224, "log10_min_child_weight": 3.5045884554062012, "log10_subsample": -0.36473660331046476, "max_depth": 3.0, "num_boost_round": 24.0}, "datetime": {"datetime": "2024-01-19 02:25:08", "elapsed": 8005.577133, "delta": 0.006714}}
{"target": -17.67509653153986, "params": {"gamma": 615.3080521190462, "log10_alpha": -2.6938381862351584, "log10_colsample_bytree": -0.18846423700413095, "log10_eta": -1.573602824171691, "log10_lambda": 0.12751395602336224, "log10_min_child_weight": 3.5045884554062012, "log10_subsample": -0.36473660331046476, "max_depth": 3.0, "num_boost_round": 25.0}, "datetime": {"datetime": "2024-01-19 02:25:08", "elapsed": 8005.583721, "delta": 0.006588}}
{"target": -17.675437445473374, "params": {"gamma": 615.3080521190462, "log10_alpha": -2.6938381862351584, "log10_colsample_bytree": -0.18846423700413095, "log10_eta": -1.573602824171691, "log10_lambda": 0.12751395602336224, "log10_min_child_weight": 3.5045884554062012, "log10_subsample": -0.36473660331046476, "max_depth": 3.0, "num_boost_round": 26.0}, "datetime": {"datetime": "2024-01-19 02:25:08", "elapsed": 8005.590272, "delta": 0.006551}}
{"target": -17.67572923348974, "params": {"gamma": 615.3080521190462, "log10_alpha": -2.6938381862351584, "log10_colsample_bytree": -0.18846423700413095, "log10_eta": -1.573602824171691, "log10_lambda": 0.12751395602336224, "log10_min_child_weight": 3.5045884554062012, "log10_subsample": -0.36473660331046476, "max_depth": 3.0, "num_boost_round": 27.0}, "datetime": {"datetime": "2024-01-19 02:25:08", "elapsed": 8005.596787, "delta": 0.006515}}
{"target": -17.67649533327463, "params": {"gamma": 615.3080521190462, "log10_alpha": -2.6938381862351584, "log10_colsample_bytree": -0.18846423700413095, "log10_eta": -1.573602824171691, "log10_lambda": 0.12751395602336224, "log10_min_child_weight": 3.5045884554062012, "log10_subsample": -0.36473660331046476, "max_depth": 3.0, "num_boost_round": 28.0}, "datetime": {"datetime": "2024-01-19 02:25:08", "elapsed": 8005.60337, "delta": 0.006583}}
{"target": -17.67662933355776, "params": {"gamma": 615.3080521190462, "log10_alpha": -2.6938381862351584, "log10_colsample_bytree": -0.18846423700413095, "log10_eta": -1.573602824171691, "log10_lambda": 0.12751395602336224, "log10_min_child_weight": 3.5045884554062012, "log10_subsample": -0.36473660331046476, "max_depth": 3.0, "num_boost_round": 29.0}, "datetime": {"datetime": "2024-01-19 02:25:08", "elapsed": 8005.60996, "delta": 0.00659}}
{"target": -17.676937153215984, "params": {"gamma": 615.3080521190462, "log10_alpha": -2.6938381862351584, "log10_colsample_bytree": -0.18846423700413095, "log10_eta": -1.573602824171691, "log10_lambda": 0.12751395602336224, "log10_min_child_weight": 3.5045884554062012, "log10_subsample": -0.36473660331046476, "max_depth": 3.0, "num_boost_round": 30.0}, "datetime": {"datetime": "2024-01-19 02:25:08", "elapsed": 8005.616471, "delta": 0.006511}}
{"target": -17.677344585215334, "params": {"gamma": 615.3080521190462, "log10_alpha": -2.6938381862351584, "log10_colsample_bytree": -0.18846423700413095, "log10_eta": -1.573602824171691, "log10_lambda": 0.12751395602336224, "log10_min_child_weight": 3.5045884554062012, "log10_subsample": -0.36473660331046476, "max_depth": 3.0, "num_boost_round": 31.0}, "datetime": {"datetime": "2024-01-19 02:25:08", "elapsed": 8005.623096, "delta": 0.006625}}
{"target": -17.678314964624636, "params": {"gamma": 615.3080521190462, "log10_alpha": -2.6938381862351584, "log10_colsample_bytree": -0.18846423700413095, "log10_eta": -1.573602824171691, "log10_lambda": 0.12751395602336224, "log10_min_child_weight": 3.5045884554062012, "log10_subsample": -0.36473660331046476, "max_depth": 3.0, "num_boost_round": 32.0}, "datetime": {"datetime": "2024-01-19 02:25:08", "elapsed": 8005.629768, "delta": 0.006672}}
{"target": -17.67860724182183, "params": {"gamma": 615.3080521190462, "log10_alpha": -2.6938381862351584, "log10_colsample_bytree": -0.18846423700413095, "log10_eta": -1.573602824171691, "log10_lambda": 0.12751395602336224, "log10_min_child_weight": 3.5045884554062012, "log10_subsample": -0.36473660331046476, "max_depth": 3.0, "num_boost_round": 33.0}, "datetime": {"datetime": "2024-01-19 02:25:08", "elapsed": 8005.637498, "delta": 0.00773}}
{"target": -17.67947071859427, "params": {"gamma": 615.3080521190462, "log10_alpha": -2.6938381862351584, "log10_colsample_bytree": -0.18846423700413095, "log10_eta": -1.573602824171691, "log10_lambda": 0.12751395602336224, "log10_min_child_weight": 3.5045884554062012, "log10_subsample": -0.36473660331046476, "max_depth": 3.0, "num_boost_round": 34.0}, "datetime": {"datetime": "2024-01-19 02:25:08", "elapsed": 8005.644771, "delta": 0.007273}}
{"target": -17.6802610368276, "params": {"gamma": 615.3080521190462, "log10_alpha": -2.6938381862351584, "log10_colsample_bytree": -0.18846423700413095, "log10_eta": -1.573602824171691, "log10_lambda": 0.12751395602336224, "log10_min_child_weight": 3.5045884554062012, "log10_subsample": -0.36473660331046476, "max_depth": 3.0, "num_boost_round": 35.0}, "datetime": {"datetime": "2024-01-19 02:25:08", "elapsed": 8005.651578, "delta": 0.006807}}
{"target": -17.680500527015223, "params": {"gamma": 615.3080521190462, "log10_alpha": -2.6938381862351584, "log10_colsample_bytree": -0.18846423700413095, "log10_eta": -1.573602824171691, "log10_lambda": 0.12751395602336224, "log10_min_child_weight": 3.5045884554062012, "log10_subsample": -0.36473660331046476, "max_depth": 3.0, "num_boost_round": 36.0}, "datetime": {"datetime": "2024-01-19 02:25:08", "elapsed": 8005.658269, "delta": 0.006691}}
{"target": -17.681182431262794, "params": {"gamma": 615.3080521190462, "log10_alpha": -2.6938381862351584, "log10_colsample_bytree": -0.18846423700413095, "log10_eta": -1.573602824171691, "log10_lambda": 0.12751395602336224, "log10_min_child_weight": 3.5045884554062012, "log10_subsample": -0.36473660331046476, "max_depth": 3.0, "num_boost_round": 37.0}, "datetime": {"datetime": "2024-01-19 02:25:08", "elapsed": 8005.665673, "delta": 0.007404}}
{"target": -17.68154160966645, "params": {"gamma": 615.3080521190462, "log10_alpha": -2.6938381862351584, "log10_colsample_bytree": -0.18846423700413095, "log10_eta": -1.573602824171691, "log10_lambda": 0.12751395602336224, "log10_min_child_weight": 3.5045884554062012, "log10_subsample": -0.36473660331046476, "max_depth": 3.0, "num_boost_round": 38.0}, "datetime": {"datetime": "2024-01-19 02:25:08", "elapsed": 8005.672512, "delta": 0.006839}}
{"target": -17.682262927453326, "params": {"gamma": 615.3080521190462, "log10_alpha": -2.6938381862351584, "log10_colsample_bytree": -0.18846423700413095, "log10_eta": -1.573602824171691, "log10_lambda": 0.12751395602336224, "log10_min_child_weight": 3.5045884554062012, "log10_subsample": -0.36473660331046476, "max_depth": 3.0, "num_boost_round": 39.0}, "datetime": {"datetime": "2024-01-19 02:25:08", "elapsed": 8005.679075, "delta": 0.006563}}
{"target": -17.682931610100777, "params": {"gamma": 615.3080521190462, "log10_alpha": -2.6938381862351584, "log10_colsample_bytree": -0.18846423700413095, "log10_eta": -1.573602824171691, "log10_lambda": 0.12751395602336224, "log10_min_child_weight": 3.5045884554062012, "log10_subsample": -0.36473660331046476, "max_depth": 3.0, "num_boost_round": 40.0}, "datetime": {"datetime": "2024-01-19 02:25:08", "elapsed": 8005.685637, "delta": 0.006562}}
{"target": -17.682974697894533, "params": {"gamma": 615.3080521190462, "log10_alpha": -2.6938381862351584, "log10_colsample_bytree": -0.18846423700413095, "log10_eta": -1.573602824171691, "log10_lambda": 0.12751395602336224, "log10_min_child_weight": 3.5045884554062012, "log10_subsample": -0.36473660331046476, "max_depth": 3.0, "num_boost_round": 41.0}, "datetime": {"datetime": "2024-01-19 02:25:08", "elapsed": 8005.69223, "delta": 0.006593}}
{"target": -17.683320202220024, "params": {"gamma": 615.3080521190462, "log10_alpha": -2.6938381862351584, "log10_colsample_bytree": -0.18846423700413095, "log10_eta": -1.573602824171691, "log10_lambda": 0.12751395602336224, "log10_min_child_weight": 3.5045884554062012, "log10_subsample": -0.36473660331046476, "max_depth": 3.0, "num_boost_round": 42.0}, "datetime": {"datetime": "2024-01-19 02:25:08", "elapsed": 8005.69876, "delta": 0.00653}}
{"target": -17.683703981376347, "params": {"gamma": 615.3080521190462, "log10_alpha": -2.6938381862351584, "log10_colsample_bytree": -0.18846423700413095, "log10_eta": -1.573602824171691, "log10_lambda": 0.12751395602336224, "log10_min_child_weight": 3.5045884554062012, "log10_subsample": -0.36473660331046476, "max_depth": 3.0, "num_boost_round": 43.0}, "datetime": {"datetime": "2024-01-19 02:25:08", "elapsed": 8005.706512, "delta": 0.007752}}
{"target": -17.68356231349922, "params": {"gamma": 615.3080521190462, "log10_alpha": -2.6938381862351584, "log10_colsample_bytree": -0.18846423700413095, "log10_eta": -1.573602824171691, "log10_lambda": 0.12751395602336224, "log10_min_child_weight": 3.5045884554062012, "log10_subsample": -0.36473660331046476, "max_depth": 3.0, "num_boost_round": 44.0}, "datetime": {"datetime": "2024-01-19 02:25:08", "elapsed": 8005.713782, "delta": 0.00727}}
{"target": -17.6837184355174, "params": {"gamma": 615.3080521190462, "log10_alpha": -2.6938381862351584, "log10_colsample_bytree": -0.18846423700413095, "log10_eta": -1.573602824171691, "log10_lambda": 0.12751395602336224, "log10_min_child_weight": 3.5045884554062012, "log10_subsample": -0.36473660331046476, "max_depth": 3.0, "num_boost_round": 45.0}, "datetime": {"datetime": "2024-01-19 02:25:08", "elapsed": 8005.720541, "delta": 0.006759}}
{"target": -17.68394616074168, "params": {"gamma": 615.3080521190462, "log10_alpha": -2.6938381862351584, "log10_colsample_bytree": -0.18846423700413095, "log10_eta": -1.573602824171691, "log10_lambda": 0.12751395602336224, "log10_min_child_weight": 3.5045884554062012, "log10_subsample": -0.36473660331046476, "max_depth": 3.0, "num_boost_round": 46.0}, "datetime": {"datetime": "2024-01-19 02:25:08", "elapsed": 8005.727206, "delta": 0.006665}}
{"target": -17.684133756300916, "params": {"gamma": 615.3080521190462, "log10_alpha": -2.6938381862351584, "log10_colsample_bytree": -0.18846423700413095, "log10_eta": -1.573602824171691, "log10_lambda": 0.12751395602336224, "log10_min_child_weight": 3.5045884554062012, "log10_subsample": -0.36473660331046476, "max_depth": 3.0, "num_boost_round": 47.0}, "datetime": {"datetime": "2024-01-19 02:25:08", "elapsed": 8005.733799, "delta": 0.006593}}
{"target": -17.684251576825623, "params": {"gamma": 615.3080521190462, "log10_alpha": -2.6938381862351584, "log10_colsample_bytree": -0.18846423700413095, "log10_eta": -1.573602824171691, "log10_lambda": 0.12751395602336224, "log10_min_child_weight": 3.5045884554062012, "log10_subsample": -0.36473660331046476, "max_depth": 3.0, "num_boost_round": 48.0}, "datetime": {"datetime": "2024-01-19 02:25:08", "elapsed": 8005.740425, "delta": 0.006626}}
{"target": -17.685192124885013, "params": {"gamma": 615.3080521190462, "log10_alpha": -2.6938381862351584, "log10_colsample_bytree": -0.18846423700413095, "log10_eta": -1.573602824171691, "log10_lambda": 0.12751395602336224, "log10_min_child_weight": 3.5045884554062012, "log10_subsample": -0.36473660331046476, "max_depth": 3.0, "num_boost_round": 49.0}, "datetime": {"datetime": "2024-01-19 02:25:08", "elapsed": 8005.746999, "delta": 0.006574}}
