{"target": -13.758540258815815, "params": {"gamma": 550.2068403557121, "log10_alpha": 0.16208747575672316, "log10_colsample_bytree": -0.17876143270696318, "log10_eta": -3.5549615397974113, "log10_lambda": -2.6768573267915285, "log10_min_child_weight": 4.10995313030355, "log10_subsample": -0.785238142890238, "max_depth": 10.0, "num_boost_round": 3.0}, "datetime": {"datetime": "2024-01-19 00:39:02", "elapsed": 1594.719655, "delta": 0.002217}}
{"target": -13.758541169738796, "params": {"gamma": 550.2068403557121, "log10_alpha": 0.16208747575672316, "log10_colsample_bytree": -0.17876143270696318, "log10_eta": -3.5549615397974113, "log10_lambda": -2.6768573267915285, "log10_min_child_weight": 4.10995313030355, "log10_subsample": -0.785238142890238, "max_depth": 10.0, "num_boost_round": 4.0}, "datetime": {"datetime": "2024-01-19 00:39:02", "elapsed": 1594.721943, "delta": 0.002288}}
{"target": -13.758537838079425, "params": {"gamma": 550.2068403557121, "log10_alpha": 0.16208747575672316, "log10_colsample_bytree": -0.17876143270696318, "log10_eta": -3.5549615397974113, "log10_lambda": -2.6768573267915285, "log10_min_child_weight": 4.10995313030355, "log10_subsample": -0.785238142890238, "max_depth": 10.0, "num_boost_round": 5.0}, "datetime": {"datetime": "2024-01-19 00:39:02", "elapsed": 1594.724168, "delta": 0.002225}}
{"target": -13.758539118766953, "params": {"gamma": 550.2068403557121, "log10_alpha": 0.16208747575672316, "log10_colsample_bytree": -0.17876143270696318, "log10_eta": -3.5549615397974113, "log10_lambda": -2.6768573267915285, "log10_min_child_weight": 4.10995313030355, "log10_subsample": -0.785238142890238, "max_depth": 10.0, "num_boost_round": 6.0}, "datetime": {"datetime": "2024-01-19 00:39:02", "elapsed": 1594.7264, "delta": 0.002232}}
{"target": -13.758536834685428, "params": {"gamma": 550.2068403557121, "log10_alpha": 0.16208747575672316, "log10_colsample_bytree": -0.17876143270696318, "log10_eta": -3.5549615397974113, "log10_lambda": -2.6768573267915285, "log10_min_child_weight": 4.10995313030355, "log10_subsample": -0.785238142890238, "max_depth": 10.0, "num_boost_round": 7.0}, "datetime": {"datetime": "2024-01-19 00:39:02", "elapsed": 1594.728687, "delta": 0.002287}}
{"target": -13.758535388156169, "params": {"gamma": 550.2068403557121, "log10_alpha": 0.16208747575672316, "log10_colsample_bytree": -0.17876143270696318, "log10_eta": -3.5549615397974113, "log10_lambda": -2.6768573267915285, "log10_min_child_weight": 4.10995313030355, "log10_subsample": -0.785238142890238, "max_depth": 10.0, "num_boost_round": 8.0}, "datetime": {"datetime": "2024-01-19 00:39:02", "elapsed": 1594.730914, "delta": 0.002227}}
{"target": -13.758532807526969, "params": {"gamma": 550.2068403557121, "log10_alpha": 0.16208747575672316, "log10_colsample_bytree": -0.17876143270696318, "log10_eta": -3.5549615397974113, "log10_lambda": -2.6768573267915285, "log10_min_child_weight": 4.10995313030355, "log10_subsample": -0.785238142890238, "max_depth": 10.0, "num_boost_round": 9.0}, "datetime": {"datetime": "2024-01-19 00:39:02", "elapsed": 1594.733295, "delta": 0.002381}}
{"target": -13.75853390672755, "params": {"gamma": 550.2068403557121, "log10_alpha": 0.16208747575672316, "log10_colsample_bytree": -0.17876143270696318, "log10_eta": -3.5549615397974113, "log10_lambda": -2.6768573267915285, "log10_min_child_weight": 4.10995313030355, "log10_subsample": -0.785238142890238, "max_depth": 10.0, "num_boost_round": 10.0}, "datetime": {"datetime": "2024-01-19 00:39:02", "elapsed": 1594.735552, "delta": 0.002257}}
{"target": -13.758532057391262, "params": {"gamma": 550.2068403557121, "log10_alpha": 0.16208747575672316, "log10_colsample_bytree": -0.17876143270696318, "log10_eta": -3.5549615397974113, "log10_lambda": -2.6768573267915285, "log10_min_child_weight": 4.10995313030355, "log10_subsample": -0.785238142890238, "max_depth": 10.0, "num_boost_round": 11.0}, "datetime": {"datetime": "2024-01-19 00:39:02", "elapsed": 1594.73775, "delta": 0.002198}}
{"target": -13.758529117089592, "params": {"gamma": 550.2068403557121, "log10_alpha": 0.16208747575672316, "log10_colsample_bytree": -0.17876143270696318, "log10_eta": -3.5549615397974113, "log10_lambda": -2.6768573267915285, "log10_min_child_weight": 4.10995313030355, "log10_subsample": -0.785238142890238, "max_depth": 10.0, "num_boost_round": 12.0}, "datetime": {"datetime": "2024-01-19 00:39:02", "elapsed": 1594.73995, "delta": 0.0022}}
{"target": -13.758530042073016, "params": {"gamma": 550.2068403557121, "log10_alpha": 0.16208747575672316, "log10_colsample_bytree": -0.17876143270696318, "log10_eta": -3.5549615397974113, "log10_lambda": -2.6768573267915285, "log10_min_child_weight": 4.10995313030355, "log10_subsample": -0.785238142890238, "max_depth": 10.0, "num_boost_round": 13.0}, "datetime": {"datetime": "2024-01-19 00:39:02", "elapsed": 1594.74217, "delta": 0.00222}}
{"target": -13.758530717353105, "params": {"gamma": 550.2068403557121, "log10_alpha": 0.16208747575672316, "log10_colsample_bytree": -0.17876143270696318, "log10_eta": -3.5549615397974113, "log10_lambda": -2.6768573267915285, "log10_min_child_weight": 4.10995313030355, "log10_subsample": -0.785238142890238, "max_depth": 10.0, "num_boost_round": 14.0}, "datetime": {"datetime": "2024-01-19 00:39:02", "elapsed": 1594.744374, "delta": 0.002204}}
{"target": -13.758528287962234, "params": {"gamma": 550.2068403557121, "log10_alpha": 0.16208747575672316, "log10_colsample_bytree": -0.17876143270696318, "log10_eta": -3.5549615397974113, "log10_lambda": -2.6768573267915285, "log10_min_child_weight": 4.10995313030355, "log10_subsample": -0.785238142890238, "max_depth": 10.0, "num_boost_round": 15.0}, "datetime": {"datetime": "2024-01-19 00:39:02", "elapsed": 1594.746569, "delta": 0.002195}}
{"target": -13.758527436647615, "params": {"gamma": 550.2068403557121, "log10_alpha": 0.16208747575672316, "log10_colsample_bytree": -0.17876143270696318, "log10_eta": -3.5549615397974113, "log10_lambda": -2.6768573267915285, "log10_min_child_weight": 4.10995313030355, "log10_subsample": -0.785238142890238, "max_depth": 10.0, "num_boost_round": 16.0}, "datetime": {"datetime": "2024-01-19 00:39:02", "elapsed": 1594.748814, "delta": 0.002245}}
{"target": -13.758528499928412, "params": {"gamma": 550.2068403557121, "log10_alpha": 0.16208747575672316, "log10_colsample_bytree": -0.17876143270696318, "log10_eta": -3.5549615397974113, "log10_lambda": -2.6768573267915285, "log10_min_child_weight": 4.10995313030355, "log10_subsample": -0.785238142890238, "max_depth": 10.0, "num_boost_round": 17.0}, "datetime": {"datetime": "2024-01-19 00:39:02", "elapsed": 1594.751018, "delta": 0.002204}}
{"target": -13.758530268034717, "params": {"gamma": 550.2068403557121, "log10_alpha": 0.16208747575672316, "log10_colsample_bytree": -0.17876143270696318, "log10_eta": -3.5549615397974113, "log10_lambda": -2.6768573267915285, "log10_min_child_weight": 4.10995313030355, "log10_subsample": -0.785238142890238, "max_depth": 10.0, "num_boost_round": 18.0}, "datetime": {"datetime": "2024-01-19 00:39:02", "elapsed": 1594.753374, "delta": 0.002356}}
{"target": -13.75852964827212, "params": {"gamma": 550.2068403557121, "log10_alpha": 0.16208747575672316, "log10_colsample_bytree": -0.17876143270696318, "log10_eta": -3.5549615397974113, "log10_lambda": -2.6768573267915285, "log10_min_child_weight": 4.10995313030355, "log10_subsample": -0.785238142890238, "max_depth": 10.0, "num_boost_round": 19.0}, "datetime": {"datetime": "2024-01-19 00:39:02", "elapsed": 1594.755631, "delta": 0.002257}}
{"target": -13.7585292363681, "params": {"gamma": 550.2068403557121, "log10_alpha": 0.16208747575672316, "log10_colsample_bytree": -0.17876143270696318, "log10_eta": -3.5549615397974113, "log10_lambda": -2.6768573267915285, "log10_min_child_weight": 4.10995313030355, "log10_subsample": -0.785238142890238, "max_depth": 10.0, "num_boost_round": 20.0}, "datetime": {"datetime": "2024-01-19 00:39:02", "elapsed": 1594.757839, "delta": 0.002208}}
{"target": -13.758528197134808, "params": {"gamma": 550.2068403557121, "log10_alpha": 0.16208747575672316, "log10_colsample_bytree": -0.17876143270696318, "log10_eta": -3.5549615397974113, "log10_lambda": -2.6768573267915285, "log10_min_child_weight": 4.10995313030355, "log10_subsample": -0.785238142890238, "max_depth": 10.0, "num_boost_round": 21.0}, "datetime": {"datetime": "2024-01-19 00:39:02", "elapsed": 1594.76005, "delta": 0.002211}}
{"target": -13.758527452989169, "params": {"gamma": 550.2068403557121, "log10_alpha": 0.16208747575672316, "log10_colsample_bytree": -0.17876143270696318, "log10_eta": -3.5549615397974113, "log10_lambda": -2.6768573267915285, "log10_min_child_weight": 4.10995313030355, "log10_subsample": -0.785238142890238, "max_depth": 10.0, "num_boost_round": 22.0}, "datetime": {"datetime": "2024-01-19 00:39:02", "elapsed": 1594.762289, "delta": 0.002239}}
{"target": -13.75852922586719, "params": {"gamma": 550.2068403557121, "log10_alpha": 0.16208747575672316, "log10_colsample_bytree": -0.17876143270696318, "log10_eta": -3.5549615397974113, "log10_lambda": -2.6768573267915285, "log10_min_child_weight": 4.10995313030355, "log10_subsample": -0.785238142890238, "max_depth": 10.0, "num_boost_round": 23.0}, "datetime": {"datetime": "2024-01-19 00:39:02", "elapsed": 1594.764521, "delta": 0.002232}}
{"target": -13.75852955785808, "params": {"gamma": 550.2068403557121, "log10_alpha": 0.16208747575672316, "log10_colsample_bytree": -0.17876143270696318, "log10_eta": -3.5549615397974113, "log10_lambda": -2.6768573267915285, "log10_min_child_weight": 4.10995313030355, "log10_subsample": -0.785238142890238, "max_depth": 10.0, "num_boost_round": 24.0}, "datetime": {"datetime": "2024-01-19 00:39:02", "elapsed": 1594.766722, "delta": 0.002201}}
{"target": -13.758529012317727, "params": {"gamma": 550.2068403557121, "log10_alpha": 0.16208747575672316, "log10_colsample_bytree": -0.17876143270696318, "log10_eta": -3.5549615397974113, "log10_lambda": -2.6768573267915285, "log10_min_child_weight": 4.10995313030355, "log10_subsample": -0.785238142890238, "max_depth": 10.0, "num_boost_round": 25.0}, "datetime": {"datetime": "2024-01-19 00:39:02", "elapsed": 1594.768967, "delta": 0.002245}}
{"target": -13.758528536243864, "params": {"gamma": 550.2068403557121, "log10_alpha": 0.16208747575672316, "log10_colsample_bytree": -0.17876143270696318, "log10_eta": -3.5549615397974113, "log10_lambda": -2.6768573267915285, "log10_min_child_weight": 4.10995313030355, "log10_subsample": -0.785238142890238, "max_depth": 10.0, "num_boost_round": 26.0}, "datetime": {"datetime": "2024-01-19 00:39:02", "elapsed": 1594.771196, "delta": 0.002229}}
{"target": -13.758530654512903, "params": {"gamma": 550.2068403557121, "log10_alpha": 0.16208747575672316, "log10_colsample_bytree": -0.17876143270696318, "log10_eta": -3.5549615397974113, "log10_lambda": -2.6768573267915285, "log10_min_child_weight": 4.10995313030355, "log10_subsample": -0.785238142890238, "max_depth": 10.0, "num_boost_round": 27.0}, "datetime": {"datetime": "2024-01-19 00:39:02", "elapsed": 1594.773583, "delta": 0.002387}}
{"target": -13.758530050756939, "params": {"gamma": 550.2068403557121, "log10_alpha": 0.16208747575672316, "log10_colsample_bytree": -0.17876143270696318, "log10_eta": -3.5549615397974113, "log10_lambda": -2.6768573267915285, "log10_min_child_weight": 4.10995313030355, "log10_subsample": -0.785238142890238, "max_depth": 10.0, "num_boost_round": 28.0}, "datetime": {"datetime": "2024-01-19 00:39:02", "elapsed": 1594.775836, "delta": 0.002253}}
{"target": -13.758527003699342, "params": {"gamma": 550.2068403557121, "log10_alpha": 0.16208747575672316, "log10_colsample_bytree": -0.17876143270696318, "log10_eta": -3.5549615397974113, "log10_lambda": -2.6768573267915285, "log10_min_child_weight": 4.10995313030355, "log10_subsample": -0.785238142890238, "max_depth": 10.0, "num_boost_round": 29.0}, "datetime": {"datetime": "2024-01-19 00:39:02", "elapsed": 1594.778071, "delta": 0.002235}}
{"target": -13.758527501163107, "params": {"gamma": 550.2068403557121, "log10_alpha": 0.16208747575672316, "log10_colsample_bytree": -0.17876143270696318, "log10_eta": -3.5549615397974113, "log10_lambda": -2.6768573267915285, "log10_min_child_weight": 4.10995313030355, "log10_subsample": -0.785238142890238, "max_depth": 10.0, "num_boost_round": 30.0}, "datetime": {"datetime": "2024-01-19 00:39:02", "elapsed": 1594.780289, "delta": 0.002218}}
{"target": -13.758527359625091, "params": {"gamma": 550.2068403557121, "log10_alpha": 0.16208747575672316, "log10_colsample_bytree": -0.17876143270696318, "log10_eta": -3.5549615397974113, "log10_lambda": -2.6768573267915285, "log10_min_child_weight": 4.10995313030355, "log10_subsample": -0.785238142890238, "max_depth": 10.0, "num_boost_round": 31.0}, "datetime": {"datetime": "2024-01-19 00:39:02", "elapsed": 1594.782537, "delta": 0.002248}}
{"target": -13.758528461646426, "params": {"gamma": 550.2068403557121, "log10_alpha": 0.16208747575672316, "log10_colsample_bytree": -0.17876143270696318, "log10_eta": -3.5549615397974113, "log10_lambda": -2.6768573267915285, "log10_min_child_weight": 4.10995313030355, "log10_subsample": -0.785238142890238, "max_depth": 10.0, "num_boost_round": 32.0}, "datetime": {"datetime": "2024-01-19 00:39:02", "elapsed": 1594.784759, "delta": 0.002222}}
{"target": -13.758530607238031, "params": {"gamma": 550.2068403557121, "log10_alpha": 0.16208747575672316, "log10_colsample_bytree": -0.17876143270696318, "log10_eta": -3.5549615397974113, "log10_lambda": -2.6768573267915285, "log10_min_child_weight": 4.10995313030355, "log10_subsample": -0.785238142890238, "max_depth": 10.0, "num_boost_round": 33.0}, "datetime": {"datetime": "2024-01-19 00:39:02", "elapsed": 1594.786972, "delta": 0.002213}}
{"target": -13.758529260552649, "params": {"gamma": 550.2068403557121, "log10_alpha": 0.16208747575672316, "log10_colsample_bytree": -0.17876143270696318, "log10_eta": -3.5549615397974113, "log10_lambda": -2.6768573267915285, "log10_min_child_weight": 4.10995313030355, "log10_subsample": -0.785238142890238, "max_depth": 10.0, "num_boost_round": 34.0}, "datetime": {"datetime": "2024-01-19 00:39:02", "elapsed": 1594.789224, "delta": 0.002252}}
{"target": -13.758528117942705, "params": {"gamma": 550.2068403557121, "log10_alpha": 0.16208747575672316, "log10_colsample_bytree": -0.17876143270696318, "log10_eta": -3.5549615397974113, "log10_lambda": -2.6768573267915285, "log10_min_child_weight": 4.10995313030355, "log10_subsample": -0.785238142890238, "max_depth": 10.0, "num_boost_round": 35.0}, "datetime": {"datetime": "2024-01-19 00:39:02", "elapsed": 1594.791452, "delta": 0.002228}}
{"target": -13.758527985013794, "params": {"gamma": 550.2068403557121, "log10_alpha": 0.16208747575672316, "log10_colsample_bytree": -0.17876143270696318, "log10_eta": -3.5549615397974113, "log10_lambda": -2.6768573267915285, "log10_min_child_weight": 4.10995313030355, "log10_subsample": -0.785238142890238, "max_depth": 10.0, "num_boost_round": 36.0}, "datetime": {"datetime": "2024-01-19 00:39:02", "elapsed": 1594.793868, "delta": 0.002416}}
{"target": -13.758528288848465, "params": {"gamma": 550.2068403557121, "log10_alpha": 0.16208747575672316, "log10_colsample_bytree": -0.17876143270696318, "log10_eta": -3.5549615397974113, "log10_lambda": -2.6768573267915285, "log10_min_child_weight": 4.10995313030355, "log10_subsample": -0.785238142890238, "max_depth": 10.0, "num_boost_round": 37.0}, "datetime": {"datetime": "2024-01-19 00:39:02", "elapsed": 1594.79632, "delta": 0.002452}}
{"target": -13.758536365787739, "params": {"gamma": 601.5640453408153, "log10_alpha": -3.227660917777917, "log10_colsample_bytree": -0.8960424689348102, "log10_eta": -2.3652125031427036, "log10_lambda": -2.349265566658596, "log10_min_child_weight": 4.822926524193654, "log10_subsample": -0.6238049117151577, "max_depth": 3.0, "num_boost_round": 0.0}, "datetime": {"datetime": "2024-01-19 00:39:29", "elapsed": 1622.55622, "delta": 27.7599}}
{"target": -13.758514613679228, "params": {"gamma": 601.5640453408153, "log10_alpha": -3.227660917777917, "log10_colsample_bytree": -0.8960424689348102, "log10_eta": -2.3652125031427036, "log10_lambda": -2.349265566658596, "log10_min_child_weight": 4.822926524193654, "log10_subsample": -0.6238049117151577, "max_depth": 3.0, "num_boost_round": 1.0}, "datetime": {"datetime": "2024-01-19 00:39:29", "elapsed": 1622.559305, "delta": 0.003085}}
{"target": -13.75852556612863, "params": {"gamma": 601.5640453408153, "log10_alpha": -3.227660917777917, "log10_colsample_bytree": -0.8960424689348102, "log10_eta": -2.3652125031427036, "log10_lambda": -2.349265566658596, "log10_min_child_weight": 4.822926524193654, "log10_subsample": -0.6238049117151577, "max_depth": 3.0, "num_boost_round": 2.0}, "datetime": {"datetime": "2024-01-19 00:39:29", "elapsed": 1622.562193, "delta": 0.002888}}
{"target": -13.758512238165522, "params": {"gamma": 601.5640453408153, "log10_alpha": -3.227660917777917, "log10_colsample_bytree": -0.8960424689348102, "log10_eta": -2.3652125031427036, "log10_lambda": -2.349265566658596, "log10_min_child_weight": 4.822926524193654, "log10_subsample": -0.6238049117151577, "max_depth": 3.0, "num_boost_round": 3.0}, "datetime": {"datetime": "2024-01-19 00:39:29", "elapsed": 1622.564606, "delta": 0.002413}}
{"target": -13.758496629546414, "params": {"gamma": 601.5640453408153, "log10_alpha": -3.227660917777917, "log10_colsample_bytree": -0.8960424689348102, "log10_eta": -2.3652125031427036, "log10_lambda": -2.349265566658596, "log10_min_child_weight": 4.822926524193654, "log10_subsample": -0.6238049117151577, "max_depth": 3.0, "num_boost_round": 4.0}, "datetime": {"datetime": "2024-01-19 00:39:29", "elapsed": 1622.567009, "delta": 0.002403}}
{"target": -13.758488329698867, "params": {"gamma": 601.5640453408153, "log10_alpha": -3.227660917777917, "log10_colsample_bytree": -0.8960424689348102, "log10_eta": -2.3652125031427036, "log10_lambda": -2.349265566658596, "log10_min_child_weight": 4.822926524193654, "log10_subsample": -0.6238049117151577, "max_depth": 3.0, "num_boost_round": 5.0}, "datetime": {"datetime": "2024-01-19 00:39:29", "elapsed": 1622.569362, "delta": 0.002353}}
{"target": -13.758496921574604, "params": {"gamma": 601.5640453408153, "log10_alpha": -3.227660917777917, "log10_colsample_bytree": -0.8960424689348102, "log10_eta": -2.3652125031427036, "log10_lambda": -2.349265566658596, "log10_min_child_weight": 4.822926524193654, "log10_subsample": -0.6238049117151577, "max_depth": 3.0, "num_boost_round": 6.0}, "datetime": {"datetime": "2024-01-19 00:39:29", "elapsed": 1622.571691, "delta": 0.002329}}
{"target": -13.75846372540639, "params": {"gamma": 601.5640453408153, "log10_alpha": -3.227660917777917, "log10_colsample_bytree": -0.8960424689348102, "log10_eta": -2.3652125031427036, "log10_lambda": -2.349265566658596, "log10_min_child_weight": 4.822926524193654, "log10_subsample": -0.6238049117151577, "max_depth": 3.0, "num_boost_round": 7.0}, "datetime": {"datetime": "2024-01-19 00:39:30", "elapsed": 1622.574208, "delta": 0.002517}}
{"target": -13.758452269580769, "params": {"gamma": 601.5640453408153, "log10_alpha": -3.227660917777917, "log10_colsample_bytree": -0.8960424689348102, "log10_eta": -2.3652125031427036, "log10_lambda": -2.349265566658596, "log10_min_child_weight": 4.822926524193654, "log10_subsample": -0.6238049117151577, "max_depth": 3.0, "num_boost_round": 8.0}, "datetime": {"datetime": "2024-01-19 00:39:30", "elapsed": 1622.576491, "delta": 0.002283}}
{"target": -13.75845473296371, "params": {"gamma": 601.5640453408153, "log10_alpha": -3.227660917777917, "log10_colsample_bytree": -0.8960424689348102, "log10_eta": -2.3652125031427036, "log10_lambda": -2.349265566658596, "log10_min_child_weight": 4.822926524193654, "log10_subsample": -0.6238049117151577, "max_depth": 3.0, "num_boost_round": 9.0}, "datetime": {"datetime": "2024-01-19 00:39:30", "elapsed": 1622.578776, "delta": 0.002285}}
{"target": -13.758530353825908, "params": {"gamma": 573.9005408747735, "log10_alpha": -4.038702284420426, "log10_colsample_bytree": -0.8940826846215613, "log10_eta": -3.0289141801840085, "log10_lambda": -0.6680026396117844, "log10_min_child_weight": 0.23081026580710595, "log10_subsample": -0.7567312552214267, "max_depth": 5.0, "num_boost_round": 0.0}, "datetime": {"datetime": "2024-01-19 00:40:12", "elapsed": 1664.681664, "delta": 42.102888}}
{"target": -13.758524549830843, "params": {"gamma": 573.9005408747735, "log10_alpha": -4.038702284420426, "log10_colsample_bytree": -0.8940826846215613, "log10_eta": -3.0289141801840085, "log10_lambda": -0.6680026396117844, "log10_min_child_weight": 0.23081026580710595, "log10_subsample": -0.7567312552214267, "max_depth": 5.0, "num_boost_round": 1.0}, "datetime": {"datetime": "2024-01-19 00:40:12", "elapsed": 1664.68454, "delta": 0.002876}}
{"target": -13.75852167904043, "params": {"gamma": 573.9005408747735, "log10_alpha": -4.038702284420426, "log10_colsample_bytree": -0.8940826846215613, "log10_eta": -3.0289141801840085, "log10_lambda": -0.6680026396117844, "log10_min_child_weight": 0.23081026580710595, "log10_subsample": -0.7567312552214267, "max_depth": 5.0, "num_boost_round": 2.0}, "datetime": {"datetime": "2024-01-19 00:40:12", "elapsed": 1664.687005, "delta": 0.002465}}
{"target": -13.758523576427049, "params": {"gamma": 573.9005408747735, "log10_alpha": -4.038702284420426, "log10_colsample_bytree": -0.8940826846215613, "log10_eta": -3.0289141801840085, "log10_lambda": -0.6680026396117844, "log10_min_child_weight": 0.23081026580710595, "log10_subsample": -0.7567312552214267, "max_depth": 5.0, "num_boost_round": 3.0}, "datetime": {"datetime": "2024-01-19 00:40:12", "elapsed": 1664.689371, "delta": 0.002366}}
