{"target": -13.760838179846651, "params": {"gamma": 85.04774092350387, "log10_alpha": -0.1959650014967229, "log10_colsample_bytree": -0.0525678290678705, "log10_eta": -1.5463174580005532, "log10_lambda": -1.4067245921102174, "log10_min_child_weight": 0.7957091803682387, "log10_subsample": -0.4988061613217075, "max_depth": 6.0, "num_boost_round": 2.0}, "datetime": {"datetime": "2024-01-19 00:26:05", "elapsed": 864.794449, "delta": 0.001505}}
{"target": -13.761272939721854, "params": {"gamma": 85.04774092350387, "log10_alpha": -0.1959650014967229, "log10_colsample_bytree": -0.0525678290678705, "log10_eta": -1.5463174580005532, "log10_lambda": -1.4067245921102174, "log10_min_child_weight": 0.7957091803682387, "log10_subsample": -0.4988061613217075, "max_depth": 6.0, "num_boost_round": 3.0}, "datetime": {"datetime": "2024-01-19 00:26:05", "elapsed": 864.795617, "delta": 0.001168}}
{"target": -13.761008657316848, "params": {"gamma": 85.04774092350387, "log10_alpha": -0.1959650014967229, "log10_colsample_bytree": -0.0525678290678705, "log10_eta": -1.5463174580005532, "log10_lambda": -1.4067245921102174, "log10_min_child_weight": 0.7957091803682387, "log10_subsample": -0.4988061613217075, "max_depth": 6.0, "num_boost_round": 4.0}, "datetime": {"datetime": "2024-01-19 00:26:05", "elapsed": 864.796748, "delta": 0.001131}}
{"target": -13.761943613986828, "params": {"gamma": 85.04774092350387, "log10_alpha": -0.1959650014967229, "log10_colsample_bytree": -0.0525678290678705, "log10_eta": -1.5463174580005532, "log10_lambda": -1.4067245921102174, "log10_min_child_weight": 0.7957091803682387, "log10_subsample": -0.4988061613217075, "max_depth": 6.0, "num_boost_round": 5.0}, "datetime": {"datetime": "2024-01-19 00:26:05", "elapsed": 864.797892, "delta": 0.001144}}
{"target": -13.763083238064667, "params": {"gamma": 85.04774092350387, "log10_alpha": -0.1959650014967229, "log10_colsample_bytree": -0.0525678290678705, "log10_eta": -1.5463174580005532, "log10_lambda": -1.4067245921102174, "log10_min_child_weight": 0.7957091803682387, "log10_subsample": -0.4988061613217075, "max_depth": 6.0, "num_boost_round": 6.0}, "datetime": {"datetime": "2024-01-19 00:26:05", "elapsed": 864.799073, "delta": 0.001181}}
{"target": -13.76455889800378, "params": {"gamma": 85.04774092350387, "log10_alpha": -0.1959650014967229, "log10_colsample_bytree": -0.0525678290678705, "log10_eta": -1.5463174580005532, "log10_lambda": -1.4067245921102174, "log10_min_child_weight": 0.7957091803682387, "log10_subsample": -0.4988061613217075, "max_depth": 6.0, "num_boost_round": 7.0}, "datetime": {"datetime": "2024-01-19 00:26:05", "elapsed": 864.800198, "delta": 0.001125}}
{"target": -13.766713949542108, "params": {"gamma": 85.04774092350387, "log10_alpha": -0.1959650014967229, "log10_colsample_bytree": -0.0525678290678705, "log10_eta": -1.5463174580005532, "log10_lambda": -1.4067245921102174, "log10_min_child_weight": 0.7957091803682387, "log10_subsample": -0.4988061613217075, "max_depth": 6.0, "num_boost_round": 8.0}, "datetime": {"datetime": "2024-01-19 00:26:05", "elapsed": 864.801346, "delta": 0.001148}}
{"target": -13.768763894185755, "params": {"gamma": 85.04774092350387, "log10_alpha": -0.1959650014967229, "log10_colsample_bytree": -0.0525678290678705, "log10_eta": -1.5463174580005532, "log10_lambda": -1.4067245921102174, "log10_min_child_weight": 0.7957091803682387, "log10_subsample": -0.4988061613217075, "max_depth": 6.0, "num_boost_round": 9.0}, "datetime": {"datetime": "2024-01-19 00:26:05", "elapsed": 864.802552, "delta": 0.001206}}
{"target": -13.771045076731502, "params": {"gamma": 85.04774092350387, "log10_alpha": -0.1959650014967229, "log10_colsample_bytree": -0.0525678290678705, "log10_eta": -1.5463174580005532, "log10_lambda": -1.4067245921102174, "log10_min_child_weight": 0.7957091803682387, "log10_subsample": -0.4988061613217075, "max_depth": 6.0, "num_boost_round": 10.0}, "datetime": {"datetime": "2024-01-19 00:26:05", "elapsed": 864.80368, "delta": 0.001128}}
{"target": -13.772727536700014, "params": {"gamma": 85.04774092350387, "log10_alpha": -0.1959650014967229, "log10_colsample_bytree": -0.0525678290678705, "log10_eta": -1.5463174580005532, "log10_lambda": -1.4067245921102174, "log10_min_child_weight": 0.7957091803682387, "log10_subsample": -0.4988061613217075, "max_depth": 6.0, "num_boost_round": 11.0}, "datetime": {"datetime": "2024-01-19 00:26:05", "elapsed": 864.80482, "delta": 0.00114}}
{"target": -13.773804341732816, "params": {"gamma": 85.04774092350387, "log10_alpha": -0.1959650014967229, "log10_colsample_bytree": -0.0525678290678705, "log10_eta": -1.5463174580005532, "log10_lambda": -1.4067245921102174, "log10_min_child_weight": 0.7957091803682387, "log10_subsample": -0.4988061613217075, "max_depth": 6.0, "num_boost_round": 12.0}, "datetime": {"datetime": "2024-01-19 00:26:05", "elapsed": 864.806003, "delta": 0.001183}}
{"target": -13.775328425661867, "params": {"gamma": 85.04774092350387, "log10_alpha": -0.1959650014967229, "log10_colsample_bytree": -0.0525678290678705, "log10_eta": -1.5463174580005532, "log10_lambda": -1.4067245921102174, "log10_min_child_weight": 0.7957091803682387, "log10_subsample": -0.4988061613217075, "max_depth": 6.0, "num_boost_round": 13.0}, "datetime": {"datetime": "2024-01-19 00:26:05", "elapsed": 864.807193, "delta": 0.00119}}
{"target": -13.777473865558187, "params": {"gamma": 85.04774092350387, "log10_alpha": -0.1959650014967229, "log10_colsample_bytree": -0.0525678290678705, "log10_eta": -1.5463174580005532, "log10_lambda": -1.4067245921102174, "log10_min_child_weight": 0.7957091803682387, "log10_subsample": -0.4988061613217075, "max_depth": 6.0, "num_boost_round": 14.0}, "datetime": {"datetime": "2024-01-19 00:26:05", "elapsed": 864.80835, "delta": 0.001157}}
{"target": -13.77867636017086, "params": {"gamma": 85.04774092350387, "log10_alpha": -0.1959650014967229, "log10_colsample_bytree": -0.0525678290678705, "log10_eta": -1.5463174580005532, "log10_lambda": -1.4067245921102174, "log10_min_child_weight": 0.7957091803682387, "log10_subsample": -0.4988061613217075, "max_depth": 6.0, "num_boost_round": 15.0}, "datetime": {"datetime": "2024-01-19 00:26:05", "elapsed": 864.809478, "delta": 0.001128}}
{"target": -13.780383625660109, "params": {"gamma": 85.04774092350387, "log10_alpha": -0.1959650014967229, "log10_colsample_bytree": -0.0525678290678705, "log10_eta": -1.5463174580005532, "log10_lambda": -1.4067245921102174, "log10_min_child_weight": 0.7957091803682387, "log10_subsample": -0.4988061613217075, "max_depth": 6.0, "num_boost_round": 16.0}, "datetime": {"datetime": "2024-01-19 00:26:05", "elapsed": 864.810624, "delta": 0.001146}}
{"target": -13.78026511860309, "params": {"gamma": 85.04774092350387, "log10_alpha": -0.1959650014967229, "log10_colsample_bytree": -0.0525678290678705, "log10_eta": -1.5463174580005532, "log10_lambda": -1.4067245921102174, "log10_min_child_weight": 0.7957091803682387, "log10_subsample": -0.4988061613217075, "max_depth": 6.0, "num_boost_round": 17.0}, "datetime": {"datetime": "2024-01-19 00:26:05", "elapsed": 864.811766, "delta": 0.001142}}
{"target": -13.781294339836784, "params": {"gamma": 85.04774092350387, "log10_alpha": -0.1959650014967229, "log10_colsample_bytree": -0.0525678290678705, "log10_eta": -1.5463174580005532, "log10_lambda": -1.4067245921102174, "log10_min_child_weight": 0.7957091803682387, "log10_subsample": -0.4988061613217075, "max_depth": 6.0, "num_boost_round": 18.0}, "datetime": {"datetime": "2024-01-19 00:26:05", "elapsed": 864.812919, "delta": 0.001153}}
{"target": -13.782001934844224, "params": {"gamma": 85.04774092350387, "log10_alpha": -0.1959650014967229, "log10_colsample_bytree": -0.0525678290678705, "log10_eta": -1.5463174580005532, "log10_lambda": -1.4067245921102174, "log10_min_child_weight": 0.7957091803682387, "log10_subsample": -0.4988061613217075, "max_depth": 6.0, "num_boost_round": 19.0}, "datetime": {"datetime": "2024-01-19 00:26:05", "elapsed": 864.814171, "delta": 0.001252}}
{"target": -13.785493993684076, "params": {"gamma": 85.04774092350387, "log10_alpha": -0.1959650014967229, "log10_colsample_bytree": -0.0525678290678705, "log10_eta": -1.5463174580005532, "log10_lambda": -1.4067245921102174, "log10_min_child_weight": 0.7957091803682387, "log10_subsample": -0.4988061613217075, "max_depth": 6.0, "num_boost_round": 20.0}, "datetime": {"datetime": "2024-01-19 00:26:05", "elapsed": 864.815321, "delta": 0.00115}}
{"target": -13.787340227427686, "params": {"gamma": 85.04774092350387, "log10_alpha": -0.1959650014967229, "log10_colsample_bytree": -0.0525678290678705, "log10_eta": -1.5463174580005532, "log10_lambda": -1.4067245921102174, "log10_min_child_weight": 0.7957091803682387, "log10_subsample": -0.4988061613217075, "max_depth": 6.0, "num_boost_round": 21.0}, "datetime": {"datetime": "2024-01-19 00:26:05", "elapsed": 864.81647, "delta": 0.001149}}
{"target": -13.787764254279592, "params": {"gamma": 85.04774092350387, "log10_alpha": -0.1959650014967229, "log10_colsample_bytree": -0.0525678290678705, "log10_eta": -1.5463174580005532, "log10_lambda": -1.4067245921102174, "log10_min_child_weight": 0.7957091803682387, "log10_subsample": -0.4988061613217075, "max_depth": 6.0, "num_boost_round": 22.0}, "datetime": {"datetime": "2024-01-19 00:26:05", "elapsed": 864.817585, "delta": 0.001115}}
{"target": -13.787967432917652, "params": {"gamma": 85.04774092350387, "log10_alpha": -0.1959650014967229, "log10_colsample_bytree": -0.0525678290678705, "log10_eta": -1.5463174580005532, "log10_lambda": -1.4067245921102174, "log10_min_child_weight": 0.7957091803682387, "log10_subsample": -0.4988061613217075, "max_depth": 6.0, "num_boost_round": 23.0}, "datetime": {"datetime": "2024-01-19 00:26:05", "elapsed": 864.818736, "delta": 0.001151}}
{"target": -13.788137995447089, "params": {"gamma": 85.04774092350387, "log10_alpha": -0.1959650014967229, "log10_colsample_bytree": -0.0525678290678705, "log10_eta": -1.5463174580005532, "log10_lambda": -1.4067245921102174, "log10_min_child_weight": 0.7957091803682387, "log10_subsample": -0.4988061613217075, "max_depth": 6.0, "num_boost_round": 24.0}, "datetime": {"datetime": "2024-01-19 00:26:05", "elapsed": 864.819899, "delta": 0.001163}}
{"target": -13.790456822426467, "params": {"gamma": 85.04774092350387, "log10_alpha": -0.1959650014967229, "log10_colsample_bytree": -0.0525678290678705, "log10_eta": -1.5463174580005532, "log10_lambda": -1.4067245921102174, "log10_min_child_weight": 0.7957091803682387, "log10_subsample": -0.4988061613217075, "max_depth": 6.0, "num_boost_round": 25.0}, "datetime": {"datetime": "2024-01-19 00:26:05", "elapsed": 864.821025, "delta": 0.001126}}
{"target": -13.793592626709017, "params": {"gamma": 85.04774092350387, "log10_alpha": -0.1959650014967229, "log10_colsample_bytree": -0.0525678290678705, "log10_eta": -1.5463174580005532, "log10_lambda": -1.4067245921102174, "log10_min_child_weight": 0.7957091803682387, "log10_subsample": -0.4988061613217075, "max_depth": 6.0, "num_boost_round": 26.0}, "datetime": {"datetime": "2024-01-19 00:26:05", "elapsed": 864.822249, "delta": 0.001224}}
{"target": -13.795419657055898, "params": {"gamma": 85.04774092350387, "log10_alpha": -0.1959650014967229, "log10_colsample_bytree": -0.0525678290678705, "log10_eta": -1.5463174580005532, "log10_lambda": -1.4067245921102174, "log10_min_child_weight": 0.7957091803682387, "log10_subsample": -0.4988061613217075, "max_depth": 6.0, "num_boost_round": 27.0}, "datetime": {"datetime": "2024-01-19 00:26:05", "elapsed": 864.823411, "delta": 0.001162}}
{"target": -13.798466901577086, "params": {"gamma": 85.04774092350387, "log10_alpha": -0.1959650014967229, "log10_colsample_bytree": -0.0525678290678705, "log10_eta": -1.5463174580005532, "log10_lambda": -1.4067245921102174, "log10_min_child_weight": 0.7957091803682387, "log10_subsample": -0.4988061613217075, "max_depth": 6.0, "num_boost_round": 28.0}, "datetime": {"datetime": "2024-01-19 00:26:05", "elapsed": 864.824562, "delta": 0.001151}}
{"target": -13.799957287421643, "params": {"gamma": 85.04774092350387, "log10_alpha": -0.1959650014967229, "log10_colsample_bytree": -0.0525678290678705, "log10_eta": -1.5463174580005532, "log10_lambda": -1.4067245921102174, "log10_min_child_weight": 0.7957091803682387, "log10_subsample": -0.4988061613217075, "max_depth": 6.0, "num_boost_round": 29.0}, "datetime": {"datetime": "2024-01-19 00:26:05", "elapsed": 864.825682, "delta": 0.00112}}
{"target": -13.801688389493975, "params": {"gamma": 85.04774092350387, "log10_alpha": -0.1959650014967229, "log10_colsample_bytree": -0.0525678290678705, "log10_eta": -1.5463174580005532, "log10_lambda": -1.4067245921102174, "log10_min_child_weight": 0.7957091803682387, "log10_subsample": -0.4988061613217075, "max_depth": 6.0, "num_boost_round": 30.0}, "datetime": {"datetime": "2024-01-19 00:26:05", "elapsed": 864.826835, "delta": 0.001153}}
{"target": -13.804172683885147, "params": {"gamma": 85.04774092350387, "log10_alpha": -0.1959650014967229, "log10_colsample_bytree": -0.0525678290678705, "log10_eta": -1.5463174580005532, "log10_lambda": -1.4067245921102174, "log10_min_child_weight": 0.7957091803682387, "log10_subsample": -0.4988061613217075, "max_depth": 6.0, "num_boost_round": 31.0}, "datetime": {"datetime": "2024-01-19 00:26:05", "elapsed": 864.828055, "delta": 0.00122}}
{"target": -13.804634097527565, "params": {"gamma": 85.04774092350387, "log10_alpha": -0.1959650014967229, "log10_colsample_bytree": -0.0525678290678705, "log10_eta": -1.5463174580005532, "log10_lambda": -1.4067245921102174, "log10_min_child_weight": 0.7957091803682387, "log10_subsample": -0.4988061613217075, "max_depth": 6.0, "num_boost_round": 32.0}, "datetime": {"datetime": "2024-01-19 00:26:05", "elapsed": 864.829222, "delta": 0.001167}}
{"target": -13.806795901264852, "params": {"gamma": 85.04774092350387, "log10_alpha": -0.1959650014967229, "log10_colsample_bytree": -0.0525678290678705, "log10_eta": -1.5463174580005532, "log10_lambda": -1.4067245921102174, "log10_min_child_weight": 0.7957091803682387, "log10_subsample": -0.4988061613217075, "max_depth": 6.0, "num_boost_round": 33.0}, "datetime": {"datetime": "2024-01-19 00:26:05", "elapsed": 864.830388, "delta": 0.001166}}
{"target": -13.758537506182272, "params": {"gamma": 89.87371876218175, "log10_alpha": -1.2617629614956498, "log10_colsample_bytree": -0.9752786324618475, "log10_eta": -3.260379806277221, "log10_lambda": -4.659252370490248, "log10_min_child_weight": 4.6636035912513, "log10_subsample": -0.5022400074861422, "max_depth": 7.0, "num_boost_round": 0.0}, "datetime": {"datetime": "2024-01-19 00:26:26", "elapsed": 885.628441, "delta": 20.798053}}
{"target": -13.758531645231791, "params": {"gamma": 89.87371876218175, "log10_alpha": -1.2617629614956498, "log10_colsample_bytree": -0.9752786324618475, "log10_eta": -3.260379806277221, "log10_lambda": -4.659252370490248, "log10_min_child_weight": 4.6636035912513, "log10_subsample": -0.5022400074861422, "max_depth": 7.0, "num_boost_round": 1.0}, "datetime": {"datetime": "2024-01-19 00:26:26", "elapsed": 885.629741, "delta": 0.0013}}
{"target": -13.758532095214427, "params": {"gamma": 89.87371876218175, "log10_alpha": -1.2617629614956498, "log10_colsample_bytree": -0.9752786324618475, "log10_eta": -3.260379806277221, "log10_lambda": -4.659252370490248, "log10_min_child_weight": 4.6636035912513, "log10_subsample": -0.5022400074861422, "max_depth": 7.0, "num_boost_round": 2.0}, "datetime": {"datetime": "2024-01-19 00:26:26", "elapsed": 885.631312, "delta": 0.001571}}
{"target": -13.75853170610398, "params": {"gamma": 89.87371876218175, "log10_alpha": -1.2617629614956498, "log10_colsample_bytree": -0.9752786324618475, "log10_eta": -3.260379806277221, "log10_lambda": -4.659252370490248, "log10_min_child_weight": 4.6636035912513, "log10_subsample": -0.5022400074861422, "max_depth": 7.0, "num_boost_round": 3.0}, "datetime": {"datetime": "2024-01-19 00:26:26", "elapsed": 885.632792, "delta": 0.00148}}
{"target": -13.758531421062294, "params": {"gamma": 89.87371876218175, "log10_alpha": -1.2617629614956498, "log10_colsample_bytree": -0.9752786324618475, "log10_eta": -3.260379806277221, "log10_lambda": -4.659252370490248, "log10_min_child_weight": 4.6636035912513, "log10_subsample": -0.5022400074861422, "max_depth": 7.0, "num_boost_round": 4.0}, "datetime": {"datetime": "2024-01-19 00:26:26", "elapsed": 885.634103, "delta": 0.001311}}
{"target": -13.758530204427684, "params": {"gamma": 89.87371876218175, "log10_alpha": -1.2617629614956498, "log10_colsample_bytree": -0.9752786324618475, "log10_eta": -3.260379806277221, "log10_lambda": -4.659252370490248, "log10_min_child_weight": 4.6636035912513, "log10_subsample": -0.5022400074861422, "max_depth": 7.0, "num_boost_round": 5.0}, "datetime": {"datetime": "2024-01-19 00:26:26", "elapsed": 885.63559, "delta": 0.001487}}
{"target": -13.75852886346481, "params": {"gamma": 89.87371876218175, "log10_alpha": -1.2617629614956498, "log10_colsample_bytree": -0.9752786324618475, "log10_eta": -3.260379806277221, "log10_lambda": -4.659252370490248, "log10_min_child_weight": 4.6636035912513, "log10_subsample": -0.5022400074861422, "max_depth": 7.0, "num_boost_round": 6.0}, "datetime": {"datetime": "2024-01-19 00:26:26", "elapsed": 885.636859, "delta": 0.001269}}
{"target": -13.758525260417949, "params": {"gamma": 89.87371876218175, "log10_alpha": -1.2617629614956498, "log10_colsample_bytree": -0.9752786324618475, "log10_eta": -3.260379806277221, "log10_lambda": -4.659252370490248, "log10_min_child_weight": 4.6636035912513, "log10_subsample": -0.5022400074861422, "max_depth": 7.0, "num_boost_round": 7.0}, "datetime": {"datetime": "2024-01-19 00:26:26", "elapsed": 885.638067, "delta": 0.001208}}
{"target": -13.758525820463827, "params": {"gamma": 89.87371876218175, "log10_alpha": -1.2617629614956498, "log10_colsample_bytree": -0.9752786324618475, "log10_eta": -3.260379806277221, "log10_lambda": -4.659252370490248, "log10_min_child_weight": 4.6636035912513, "log10_subsample": -0.5022400074861422, "max_depth": 7.0, "num_boost_round": 8.0}, "datetime": {"datetime": "2024-01-19 00:26:26", "elapsed": 885.639254, "delta": 0.001187}}
{"target": -13.758525032029375, "params": {"gamma": 89.87371876218175, "log10_alpha": -1.2617629614956498, "log10_colsample_bytree": -0.9752786324618475, "log10_eta": -3.260379806277221, "log10_lambda": -4.659252370490248, "log10_min_child_weight": 4.6636035912513, "log10_subsample": -0.5022400074861422, "max_depth": 7.0, "num_boost_round": 9.0}, "datetime": {"datetime": "2024-01-19 00:26:26", "elapsed": 885.640398, "delta": 0.001144}}
{"target": -13.758525011043542, "params": {"gamma": 89.87371876218175, "log10_alpha": -1.2617629614956498, "log10_colsample_bytree": -0.9752786324618475, "log10_eta": -3.260379806277221, "log10_lambda": -4.659252370490248, "log10_min_child_weight": 4.6636035912513, "log10_subsample": -0.5022400074861422, "max_depth": 7.0, "num_boost_round": 10.0}, "datetime": {"datetime": "2024-01-19 00:26:26", "elapsed": 885.641753, "delta": 0.001355}}
{"target": -13.75853579746189, "params": {"gamma": 86.21677240037717, "log10_alpha": -1.970796086857769, "log10_colsample_bytree": -0.2087693036988859, "log10_eta": -3.9197240590441558, "log10_lambda": -3.1378708454446467, "log10_min_child_weight": 2.2205975916568095, "log10_subsample": -0.7872552438813829, "max_depth": 8.0, "num_boost_round": 0.0}, "datetime": {"datetime": "2024-01-19 00:26:50", "elapsed": 909.562503, "delta": 23.92075}}
{"target": -13.758531327334811, "params": {"gamma": 86.21677240037717, "log10_alpha": -1.970796086857769, "log10_colsample_bytree": -0.2087693036988859, "log10_eta": -3.9197240590441558, "log10_lambda": -3.1378708454446467, "log10_min_child_weight": 2.2205975916568095, "log10_subsample": -0.7872552438813829, "max_depth": 8.0, "num_boost_round": 1.0}, "datetime": {"datetime": "2024-01-19 00:26:50", "elapsed": 909.564318, "delta": 0.001815}}
{"target": -13.758528745005862, "params": {"gamma": 86.21677240037717, "log10_alpha": -1.970796086857769, "log10_colsample_bytree": -0.2087693036988859, "log10_eta": -3.9197240590441558, "log10_lambda": -3.1378708454446467, "log10_min_child_weight": 2.2205975916568095, "log10_subsample": -0.7872552438813829, "max_depth": 8.0, "num_boost_round": 2.0}, "datetime": {"datetime": "2024-01-19 00:26:50", "elapsed": 909.56573, "delta": 0.001412}}
{"target": -13.75852053332408, "params": {"gamma": 86.21677240037717, "log10_alpha": -1.970796086857769, "log10_colsample_bytree": -0.2087693036988859, "log10_eta": -3.9197240590441558, "log10_lambda": -3.1378708454446467, "log10_min_child_weight": 2.2205975916568095, "log10_subsample": -0.7872552438813829, "max_depth": 8.0, "num_boost_round": 3.0}, "datetime": {"datetime": "2024-01-19 00:26:50", "elapsed": 909.56711, "delta": 0.00138}}
{"target": -13.758512589346106, "params": {"gamma": 86.21677240037717, "log10_alpha": -1.970796086857769, "log10_colsample_bytree": -0.2087693036988859, "log10_eta": -3.9197240590441558, "log10_lambda": -3.1378708454446467, "log10_min_child_weight": 2.2205975916568095, "log10_subsample": -0.7872552438813829, "max_depth": 8.0, "num_boost_round": 4.0}, "datetime": {"datetime": "2024-01-19 00:26:50", "elapsed": 909.568299, "delta": 0.001189}}
{"target": -13.75850337592962, "params": {"gamma": 86.21677240037717, "log10_alpha": -1.970796086857769, "log10_colsample_bytree": -0.2087693036988859, "log10_eta": -3.9197240590441558, "log10_lambda": -3.1378708454446467, "log10_min_child_weight": 2.2205975916568095, "log10_subsample": -0.7872552438813829, "max_depth": 8.0, "num_boost_round": 5.0}, "datetime": {"datetime": "2024-01-19 00:26:50", "elapsed": 909.569837, "delta": 0.001538}}
