{"target": -13.758535981353837, "params": {"gamma": 423.14935055781604, "log10_alpha": -5.0, "log10_colsample_bytree": -1.0, "log10_eta": -4.0, "log10_lambda": -5.0, "log10_min_child_weight": 0.0, "log10_subsample": 0.0, "max_depth": 2.0, "num_boost_round": 4.0}, "datetime": {"datetime": "2024-01-19 00:34:36", "elapsed": 1380.315959, "delta": 0.002664}}
{"target": -13.758535943882476, "params": {"gamma": 423.14935055781604, "log10_alpha": -5.0, "log10_colsample_bytree": -1.0, "log10_eta": -4.0, "log10_lambda": -5.0, "log10_min_child_weight": 0.0, "log10_subsample": 0.0, "max_depth": 2.0, "num_boost_round": 5.0}, "datetime": {"datetime": "2024-01-19 00:34:36", "elapsed": 1380.318526, "delta": 0.002567}}
{"target": -13.75853581517071, "params": {"gamma": 423.14935055781604, "log10_alpha": -5.0, "log10_colsample_bytree": -1.0, "log10_eta": -4.0, "log10_lambda": -5.0, "log10_min_child_weight": 0.0, "log10_subsample": 0.0, "max_depth": 2.0, "num_boost_round": 6.0}, "datetime": {"datetime": "2024-01-19 00:34:36", "elapsed": 1380.321178, "delta": 0.002652}}
{"target": -13.758534779177005, "params": {"gamma": 423.14935055781604, "log10_alpha": -5.0, "log10_colsample_bytree": -1.0, "log10_eta": -4.0, "log10_lambda": -5.0, "log10_min_child_weight": 0.0, "log10_subsample": 0.0, "max_depth": 2.0, "num_boost_round": 7.0}, "datetime": {"datetime": "2024-01-19 00:34:36", "elapsed": 1380.323752, "delta": 0.002574}}
{"target": -13.758535473541828, "params": {"gamma": 423.14935055781604, "log10_alpha": -5.0, "log10_colsample_bytree": -1.0, "log10_eta": -4.0, "log10_lambda": -5.0, "log10_min_child_weight": 0.0, "log10_subsample": 0.0, "max_depth": 2.0, "num_boost_round": 8.0}, "datetime": {"datetime": "2024-01-19 00:34:36", "elapsed": 1380.326375, "delta": 0.002623}}
{"target": -13.758534593775128, "params": {"gamma": 423.14935055781604, "log10_alpha": -5.0, "log10_colsample_bytree": -1.0, "log10_eta": -4.0, "log10_lambda": -5.0, "log10_min_child_weight": 0.0, "log10_subsample": 0.0, "max_depth": 2.0, "num_boost_round": 9.0}, "datetime": {"datetime": "2024-01-19 00:34:36", "elapsed": 1380.329065, "delta": 0.00269}}
{"target": -13.758534506862642, "params": {"gamma": 423.14935055781604, "log10_alpha": -5.0, "log10_colsample_bytree": -1.0, "log10_eta": -4.0, "log10_lambda": -5.0, "log10_min_child_weight": 0.0, "log10_subsample": 0.0, "max_depth": 2.0, "num_boost_round": 10.0}, "datetime": {"datetime": "2024-01-19 00:34:36", "elapsed": 1380.331706, "delta": 0.002641}}
{"target": -13.758533400703966, "params": {"gamma": 423.14935055781604, "log10_alpha": -5.0, "log10_colsample_bytree": -1.0, "log10_eta": -4.0, "log10_lambda": -5.0, "log10_min_child_weight": 0.0, "log10_subsample": 0.0, "max_depth": 2.0, "num_boost_round": 11.0}, "datetime": {"datetime": "2024-01-19 00:34:36", "elapsed": 1380.334279, "delta": 0.002573}}
{"target": -13.758533205787593, "params": {"gamma": 423.14935055781604, "log10_alpha": -5.0, "log10_colsample_bytree": -1.0, "log10_eta": -4.0, "log10_lambda": -5.0, "log10_min_child_weight": 0.0, "log10_subsample": 0.0, "max_depth": 2.0, "num_boost_round": 12.0}, "datetime": {"datetime": "2024-01-19 00:34:36", "elapsed": 1380.336952, "delta": 0.002673}}
{"target": -13.75853230322086, "params": {"gamma": 423.14935055781604, "log10_alpha": -5.0, "log10_colsample_bytree": -1.0, "log10_eta": -4.0, "log10_lambda": -5.0, "log10_min_child_weight": 0.0, "log10_subsample": 0.0, "max_depth": 2.0, "num_boost_round": 13.0}, "datetime": {"datetime": "2024-01-19 00:34:36", "elapsed": 1380.339514, "delta": 0.002562}}
{"target": -13.758530935396282, "params": {"gamma": 423.14935055781604, "log10_alpha": -5.0, "log10_colsample_bytree": -1.0, "log10_eta": -4.0, "log10_lambda": -5.0, "log10_min_child_weight": 0.0, "log10_subsample": 0.0, "max_depth": 2.0, "num_boost_round": 14.0}, "datetime": {"datetime": "2024-01-19 00:34:36", "elapsed": 1380.342546, "delta": 0.003032}}
{"target": -13.758529815561163, "params": {"gamma": 423.14935055781604, "log10_alpha": -5.0, "log10_colsample_bytree": -1.0, "log10_eta": -4.0, "log10_lambda": -5.0, "log10_min_child_weight": 0.0, "log10_subsample": 0.0, "max_depth": 2.0, "num_boost_round": 15.0}, "datetime": {"datetime": "2024-01-19 00:34:36", "elapsed": 1380.345149, "delta": 0.002603}}
{"target": -13.758529144777247, "params": {"gamma": 423.14935055781604, "log10_alpha": -5.0, "log10_colsample_bytree": -1.0, "log10_eta": -4.0, "log10_lambda": -5.0, "log10_min_child_weight": 0.0, "log10_subsample": 0.0, "max_depth": 2.0, "num_boost_round": 16.0}, "datetime": {"datetime": "2024-01-19 00:34:36", "elapsed": 1380.347724, "delta": 0.002575}}
{"target": -13.758534804628848, "params": {"gamma": 471.71456337157935, "log10_alpha": -0.08557156520223064, "log10_colsample_bytree": -0.5755696942200571, "log10_eta": -3.5363304288522874, "log10_lambda": 0.9634085617727699, "log10_min_child_weight": 2.943825092598118, "log10_subsample": -0.6059976818658139, "max_depth": 2.0, "num_boost_round": 0.0}, "datetime": {"datetime": "2024-01-19 00:35:17", "elapsed": 1421.040585, "delta": 40.692861}}
{"target": -13.758531579987263, "params": {"gamma": 471.71456337157935, "log10_alpha": -0.08557156520223064, "log10_colsample_bytree": -0.5755696942200571, "log10_eta": -3.5363304288522874, "log10_lambda": 0.9634085617727699, "log10_min_child_weight": 2.943825092598118, "log10_subsample": -0.6059976818658139, "max_depth": 2.0, "num_boost_round": 1.0}, "datetime": {"datetime": "2024-01-19 00:35:17", "elapsed": 1421.04422, "delta": 0.003635}}
{"target": -13.758531040649585, "params": {"gamma": 471.71456337157935, "log10_alpha": -0.08557156520223064, "log10_colsample_bytree": -0.5755696942200571, "log10_eta": -3.5363304288522874, "log10_lambda": 0.9634085617727699, "log10_min_child_weight": 2.943825092598118, "log10_subsample": -0.6059976818658139, "max_depth": 2.0, "num_boost_round": 2.0}, "datetime": {"datetime": "2024-01-19 00:35:17", "elapsed": 1421.046932, "delta": 0.002712}}
{"target": -13.758528695026104, "params": {"gamma": 471.71456337157935, "log10_alpha": -0.08557156520223064, "log10_colsample_bytree": -0.5755696942200571, "log10_eta": -3.5363304288522874, "log10_lambda": 0.9634085617727699, "log10_min_child_weight": 2.943825092598118, "log10_subsample": -0.6059976818658139, "max_depth": 2.0, "num_boost_round": 3.0}, "datetime": {"datetime": "2024-01-19 00:35:17", "elapsed": 1421.04959, "delta": 0.002658}}
{"target": -13.75852464214531, "params": {"gamma": 471.71456337157935, "log10_alpha": -0.08557156520223064, "log10_colsample_bytree": -0.5755696942200571, "log10_eta": -3.5363304288522874, "log10_lambda": 0.9634085617727699, "log10_min_child_weight": 2.943825092598118, "log10_subsample": -0.6059976818658139, "max_depth": 2.0, "num_boost_round": 4.0}, "datetime": {"datetime": "2024-01-19 00:35:17", "elapsed": 1421.05226, "delta": 0.00267}}
{"target": -13.758522662650192, "params": {"gamma": 471.71456337157935, "log10_alpha": -0.08557156520223064, "log10_colsample_bytree": -0.5755696942200571, "log10_eta": -3.5363304288522874, "log10_lambda": 0.9634085617727699, "log10_min_child_weight": 2.943825092598118, "log10_subsample": -0.6059976818658139, "max_depth": 2.0, "num_boost_round": 5.0}, "datetime": {"datetime": "2024-01-19 00:35:17", "elapsed": 1421.054948, "delta": 0.002688}}
{"target": -13.758519276965583, "params": {"gamma": 471.71456337157935, "log10_alpha": -0.08557156520223064, "log10_colsample_bytree": -0.5755696942200571, "log10_eta": -3.5363304288522874, "log10_lambda": 0.9634085617727699, "log10_min_child_weight": 2.943825092598118, "log10_subsample": -0.6059976818658139, "max_depth": 2.0, "num_boost_round": 6.0}, "datetime": {"datetime": "2024-01-19 00:35:17", "elapsed": 1421.057605, "delta": 0.002657}}
{"target": -13.758515824277058, "params": {"gamma": 471.71456337157935, "log10_alpha": -0.08557156520223064, "log10_colsample_bytree": -0.5755696942200571, "log10_eta": -3.5363304288522874, "log10_lambda": 0.9634085617727699, "log10_min_child_weight": 2.943825092598118, "log10_subsample": -0.6059976818658139, "max_depth": 2.0, "num_boost_round": 7.0}, "datetime": {"datetime": "2024-01-19 00:35:17", "elapsed": 1421.060229, "delta": 0.002624}}
{"target": -13.75851266840501, "params": {"gamma": 471.71456337157935, "log10_alpha": -0.08557156520223064, "log10_colsample_bytree": -0.5755696942200571, "log10_eta": -3.5363304288522874, "log10_lambda": 0.9634085617727699, "log10_min_child_weight": 2.943825092598118, "log10_subsample": -0.6059976818658139, "max_depth": 2.0, "num_boost_round": 8.0}, "datetime": {"datetime": "2024-01-19 00:35:17", "elapsed": 1421.062862, "delta": 0.002633}}
{"target": -13.758506719045746, "params": {"gamma": 471.71456337157935, "log10_alpha": -0.08557156520223064, "log10_colsample_bytree": -0.5755696942200571, "log10_eta": -3.5363304288522874, "log10_lambda": 0.9634085617727699, "log10_min_child_weight": 2.943825092598118, "log10_subsample": -0.6059976818658139, "max_depth": 2.0, "num_boost_round": 9.0}, "datetime": {"datetime": "2024-01-19 00:35:17", "elapsed": 1421.065548, "delta": 0.002686}}
{"target": -13.758503844466803, "params": {"gamma": 471.71456337157935, "log10_alpha": -0.08557156520223064, "log10_colsample_bytree": -0.5755696942200571, "log10_eta": -3.5363304288522874, "log10_lambda": 0.9634085617727699, "log10_min_child_weight": 2.943825092598118, "log10_subsample": -0.6059976818658139, "max_depth": 2.0, "num_boost_round": 10.0}, "datetime": {"datetime": "2024-01-19 00:35:17", "elapsed": 1421.068144, "delta": 0.002596}}
{"target": -13.758500814035303, "params": {"gamma": 471.71456337157935, "log10_alpha": -0.08557156520223064, "log10_colsample_bytree": -0.5755696942200571, "log10_eta": -3.5363304288522874, "log10_lambda": 0.9634085617727699, "log10_min_child_weight": 2.943825092598118, "log10_subsample": -0.6059976818658139, "max_depth": 2.0, "num_boost_round": 11.0}, "datetime": {"datetime": "2024-01-19 00:35:17", "elapsed": 1421.070785, "delta": 0.002641}}
{"target": -13.758497600596773, "params": {"gamma": 471.71456337157935, "log10_alpha": -0.08557156520223064, "log10_colsample_bytree": -0.5755696942200571, "log10_eta": -3.5363304288522874, "log10_lambda": 0.9634085617727699, "log10_min_child_weight": 2.943825092598118, "log10_subsample": -0.6059976818658139, "max_depth": 2.0, "num_boost_round": 12.0}, "datetime": {"datetime": "2024-01-19 00:35:17", "elapsed": 1421.073406, "delta": 0.002621}}
{"target": -13.758495034091105, "params": {"gamma": 471.71456337157935, "log10_alpha": -0.08557156520223064, "log10_colsample_bytree": -0.5755696942200571, "log10_eta": -3.5363304288522874, "log10_lambda": 0.9634085617727699, "log10_min_child_weight": 2.943825092598118, "log10_subsample": -0.6059976818658139, "max_depth": 2.0, "num_boost_round": 13.0}, "datetime": {"datetime": "2024-01-19 00:35:17", "elapsed": 1421.076257, "delta": 0.002851}}
{"target": -13.758493990898037, "params": {"gamma": 471.71456337157935, "log10_alpha": -0.08557156520223064, "log10_colsample_bytree": -0.5755696942200571, "log10_eta": -3.5363304288522874, "log10_lambda": 0.9634085617727699, "log10_min_child_weight": 2.943825092598118, "log10_subsample": -0.6059976818658139, "max_depth": 2.0, "num_boost_round": 14.0}, "datetime": {"datetime": "2024-01-19 00:35:17", "elapsed": 1421.079007, "delta": 0.00275}}
{"target": -13.758488381377196, "params": {"gamma": 471.71456337157935, "log10_alpha": -0.08557156520223064, "log10_colsample_bytree": -0.5755696942200571, "log10_eta": -3.5363304288522874, "log10_lambda": 0.9634085617727699, "log10_min_child_weight": 2.943825092598118, "log10_subsample": -0.6059976818658139, "max_depth": 2.0, "num_boost_round": 15.0}, "datetime": {"datetime": "2024-01-19 00:35:17", "elapsed": 1421.081736, "delta": 0.002729}}
{"target": -13.758486388335104, "params": {"gamma": 471.71456337157935, "log10_alpha": -0.08557156520223064, "log10_colsample_bytree": -0.5755696942200571, "log10_eta": -3.5363304288522874, "log10_lambda": 0.9634085617727699, "log10_min_child_weight": 2.943825092598118, "log10_subsample": -0.6059976818658139, "max_depth": 2.0, "num_boost_round": 16.0}, "datetime": {"datetime": "2024-01-19 00:35:17", "elapsed": 1421.084412, "delta": 0.002676}}
{"target": -13.758486527759409, "params": {"gamma": 471.71456337157935, "log10_alpha": -0.08557156520223064, "log10_colsample_bytree": -0.5755696942200571, "log10_eta": -3.5363304288522874, "log10_lambda": 0.9634085617727699, "log10_min_child_weight": 2.943825092598118, "log10_subsample": -0.6059976818658139, "max_depth": 2.0, "num_boost_round": 17.0}, "datetime": {"datetime": "2024-01-19 00:35:17", "elapsed": 1421.087052, "delta": 0.00264}}
{"target": -13.75848485377934, "params": {"gamma": 471.71456337157935, "log10_alpha": -0.08557156520223064, "log10_colsample_bytree": -0.5755696942200571, "log10_eta": -3.5363304288522874, "log10_lambda": 0.9634085617727699, "log10_min_child_weight": 2.943825092598118, "log10_subsample": -0.6059976818658139, "max_depth": 2.0, "num_boost_round": 18.0}, "datetime": {"datetime": "2024-01-19 00:35:17", "elapsed": 1421.089665, "delta": 0.002613}}
{"target": -13.758482516157072, "params": {"gamma": 471.71456337157935, "log10_alpha": -0.08557156520223064, "log10_colsample_bytree": -0.5755696942200571, "log10_eta": -3.5363304288522874, "log10_lambda": 0.9634085617727699, "log10_min_child_weight": 2.943825092598118, "log10_subsample": -0.6059976818658139, "max_depth": 2.0, "num_boost_round": 19.0}, "datetime": {"datetime": "2024-01-19 00:35:17", "elapsed": 1421.092309, "delta": 0.002644}}
{"target": -13.758479034006848, "params": {"gamma": 471.71456337157935, "log10_alpha": -0.08557156520223064, "log10_colsample_bytree": -0.5755696942200571, "log10_eta": -3.5363304288522874, "log10_lambda": 0.9634085617727699, "log10_min_child_weight": 2.943825092598118, "log10_subsample": -0.6059976818658139, "max_depth": 2.0, "num_boost_round": 20.0}, "datetime": {"datetime": "2024-01-19 00:35:17", "elapsed": 1421.095001, "delta": 0.002692}}
{"target": -13.758475798689968, "params": {"gamma": 471.71456337157935, "log10_alpha": -0.08557156520223064, "log10_colsample_bytree": -0.5755696942200571, "log10_eta": -3.5363304288522874, "log10_lambda": 0.9634085617727699, "log10_min_child_weight": 2.943825092598118, "log10_subsample": -0.6059976818658139, "max_depth": 2.0, "num_boost_round": 21.0}, "datetime": {"datetime": "2024-01-19 00:35:17", "elapsed": 1421.097606, "delta": 0.002605}}
{"target": -13.758476182704758, "params": {"gamma": 471.71456337157935, "log10_alpha": -0.08557156520223064, "log10_colsample_bytree": -0.5755696942200571, "log10_eta": -3.5363304288522874, "log10_lambda": 0.9634085617727699, "log10_min_child_weight": 2.943825092598118, "log10_subsample": -0.6059976818658139, "max_depth": 2.0, "num_boost_round": 22.0}, "datetime": {"datetime": "2024-01-19 00:35:17", "elapsed": 1421.100176, "delta": 0.00257}}
{"target": -13.758473090827568, "params": {"gamma": 471.71456337157935, "log10_alpha": -0.08557156520223064, "log10_colsample_bytree": -0.5755696942200571, "log10_eta": -3.5363304288522874, "log10_lambda": 0.9634085617727699, "log10_min_child_weight": 2.943825092598118, "log10_subsample": -0.6059976818658139, "max_depth": 2.0, "num_boost_round": 23.0}, "datetime": {"datetime": "2024-01-19 00:35:17", "elapsed": 1421.102765, "delta": 0.002589}}
{"target": -13.75847250938685, "params": {"gamma": 471.71456337157935, "log10_alpha": -0.08557156520223064, "log10_colsample_bytree": -0.5755696942200571, "log10_eta": -3.5363304288522874, "log10_lambda": 0.9634085617727699, "log10_min_child_weight": 2.943825092598118, "log10_subsample": -0.6059976818658139, "max_depth": 2.0, "num_boost_round": 24.0}, "datetime": {"datetime": "2024-01-19 00:35:17", "elapsed": 1421.105403, "delta": 0.002638}}
{"target": -13.758469082213988, "params": {"gamma": 471.71456337157935, "log10_alpha": -0.08557156520223064, "log10_colsample_bytree": -0.5755696942200571, "log10_eta": -3.5363304288522874, "log10_lambda": 0.9634085617727699, "log10_min_child_weight": 2.943825092598118, "log10_subsample": -0.6059976818658139, "max_depth": 2.0, "num_boost_round": 25.0}, "datetime": {"datetime": "2024-01-19 00:35:17", "elapsed": 1421.108019, "delta": 0.002616}}
{"target": -13.758466405909003, "params": {"gamma": 471.71456337157935, "log10_alpha": -0.08557156520223064, "log10_colsample_bytree": -0.5755696942200571, "log10_eta": -3.5363304288522874, "log10_lambda": 0.9634085617727699, "log10_min_child_weight": 2.943825092598118, "log10_subsample": -0.6059976818658139, "max_depth": 2.0, "num_boost_round": 26.0}, "datetime": {"datetime": "2024-01-19 00:35:17", "elapsed": 1421.11069, "delta": 0.002671}}
{"target": -13.758460606816197, "params": {"gamma": 471.71456337157935, "log10_alpha": -0.08557156520223064, "log10_colsample_bytree": -0.5755696942200571, "log10_eta": -3.5363304288522874, "log10_lambda": 0.9634085617727699, "log10_min_child_weight": 2.943825092598118, "log10_subsample": -0.6059976818658139, "max_depth": 2.0, "num_boost_round": 27.0}, "datetime": {"datetime": "2024-01-19 00:35:17", "elapsed": 1421.113326, "delta": 0.002636}}
{"target": -13.758459848011064, "params": {"gamma": 471.71456337157935, "log10_alpha": -0.08557156520223064, "log10_colsample_bytree": -0.5755696942200571, "log10_eta": -3.5363304288522874, "log10_lambda": 0.9634085617727699, "log10_min_child_weight": 2.943825092598118, "log10_subsample": -0.6059976818658139, "max_depth": 2.0, "num_boost_round": 28.0}, "datetime": {"datetime": "2024-01-19 00:35:17", "elapsed": 1421.116006, "delta": 0.00268}}
{"target": -13.758453545275325, "params": {"gamma": 471.71456337157935, "log10_alpha": -0.08557156520223064, "log10_colsample_bytree": -0.5755696942200571, "log10_eta": -3.5363304288522874, "log10_lambda": 0.9634085617727699, "log10_min_child_weight": 2.943825092598118, "log10_subsample": -0.6059976818658139, "max_depth": 2.0, "num_boost_round": 29.0}, "datetime": {"datetime": "2024-01-19 00:35:17", "elapsed": 1421.118619, "delta": 0.002613}}
{"target": -13.758448533630457, "params": {"gamma": 471.71456337157935, "log10_alpha": -0.08557156520223064, "log10_colsample_bytree": -0.5755696942200571, "log10_eta": -3.5363304288522874, "log10_lambda": 0.9634085617727699, "log10_min_child_weight": 2.943825092598118, "log10_subsample": -0.6059976818658139, "max_depth": 2.0, "num_boost_round": 30.0}, "datetime": {"datetime": "2024-01-19 00:35:17", "elapsed": 1421.121231, "delta": 0.002612}}
{"target": -13.758443786532345, "params": {"gamma": 471.71456337157935, "log10_alpha": -0.08557156520223064, "log10_colsample_bytree": -0.5755696942200571, "log10_eta": -3.5363304288522874, "log10_lambda": 0.9634085617727699, "log10_min_child_weight": 2.943825092598118, "log10_subsample": -0.6059976818658139, "max_depth": 2.0, "num_boost_round": 31.0}, "datetime": {"datetime": "2024-01-19 00:35:17", "elapsed": 1421.123832, "delta": 0.002601}}
{"target": -13.75844297441566, "params": {"gamma": 471.71456337157935, "log10_alpha": -0.08557156520223064, "log10_colsample_bytree": -0.5755696942200571, "log10_eta": -3.5363304288522874, "log10_lambda": 0.9634085617727699, "log10_min_child_weight": 2.943825092598118, "log10_subsample": -0.6059976818658139, "max_depth": 2.0, "num_boost_round": 32.0}, "datetime": {"datetime": "2024-01-19 00:35:17", "elapsed": 1421.126609, "delta": 0.002777}}
{"target": -13.758443265777016, "params": {"gamma": 471.71456337157935, "log10_alpha": -0.08557156520223064, "log10_colsample_bytree": -0.5755696942200571, "log10_eta": -3.5363304288522874, "log10_lambda": 0.9634085617727699, "log10_min_child_weight": 2.943825092598118, "log10_subsample": -0.6059976818658139, "max_depth": 2.0, "num_boost_round": 33.0}, "datetime": {"datetime": "2024-01-19 00:35:17", "elapsed": 1421.12922, "delta": 0.002611}}
{"target": -13.758442607050446, "params": {"gamma": 471.71456337157935, "log10_alpha": -0.08557156520223064, "log10_colsample_bytree": -0.5755696942200571, "log10_eta": -3.5363304288522874, "log10_lambda": 0.9634085617727699, "log10_min_child_weight": 2.943825092598118, "log10_subsample": -0.6059976818658139, "max_depth": 2.0, "num_boost_round": 34.0}, "datetime": {"datetime": "2024-01-19 00:35:17", "elapsed": 1421.131873, "delta": 0.002653}}
{"target": -13.758442750613758, "params": {"gamma": 471.71456337157935, "log10_alpha": -0.08557156520223064, "log10_colsample_bytree": -0.5755696942200571, "log10_eta": -3.5363304288522874, "log10_lambda": 0.9634085617727699, "log10_min_child_weight": 2.943825092598118, "log10_subsample": -0.6059976818658139, "max_depth": 2.0, "num_boost_round": 35.0}, "datetime": {"datetime": "2024-01-19 00:35:17", "elapsed": 1421.134515, "delta": 0.002642}}
{"target": -13.758441274512895, "params": {"gamma": 471.71456337157935, "log10_alpha": -0.08557156520223064, "log10_colsample_bytree": -0.5755696942200571, "log10_eta": -3.5363304288522874, "log10_lambda": 0.9634085617727699, "log10_min_child_weight": 2.943825092598118, "log10_subsample": -0.6059976818658139, "max_depth": 2.0, "num_boost_round": 36.0}, "datetime": {"datetime": "2024-01-19 00:35:17", "elapsed": 1421.137202, "delta": 0.002687}}
{"target": -13.75844051363145, "params": {"gamma": 471.71456337157935, "log10_alpha": -0.08557156520223064, "log10_colsample_bytree": -0.5755696942200571, "log10_eta": -3.5363304288522874, "log10_lambda": 0.9634085617727699, "log10_min_child_weight": 2.943825092598118, "log10_subsample": -0.6059976818658139, "max_depth": 2.0, "num_boost_round": 37.0}, "datetime": {"datetime": "2024-01-19 00:35:17", "elapsed": 1421.139823, "delta": 0.002621}}
