{"target": -17.677171851849725, "params": {"gamma": 431.7085950413129, "log10_alpha": -4.144395354956625, "log10_colsample_bytree": -0.69900396792338, "log10_eta": -3.9280421361353732, "log10_lambda": -0.6410156199616788, "log10_min_child_weight": 0.6077248340146307, "log10_subsample": -0.10553859804250088, "max_depth": 4.0, "num_boost_round": 15.0}, "datetime": {"datetime": "2024-01-19 00:16:36", "elapsed": 289.214461, "delta": 0.000822}}
{"target": -17.677221763160475, "params": {"gamma": 438.28697605873424, "log10_alpha": -4.369690952795835, "log10_colsample_bytree": -0.40312700154643266, "log10_eta": -3.3404791326101315, "log10_lambda": -4.46153608019133, "log10_min_child_weight": 3.1956913447577326, "log10_subsample": -0.6957402593951031, "max_depth": 3.0, "num_boost_round": 0.0}, "datetime": {"datetime": "2024-01-19 00:16:59", "elapsed": 312.312769, "delta": 23.098308}}
{"target": -17.677203943428193, "params": {"gamma": 438.28697605873424, "log10_alpha": -4.369690952795835, "log10_colsample_bytree": -0.40312700154643266, "log10_eta": -3.3404791326101315, "log10_lambda": -4.46153608019133, "log10_min_child_weight": 3.1956913447577326, "log10_subsample": -0.6957402593951031, "max_depth": 3.0, "num_boost_round": 1.0}, "datetime": {"datetime": "2024-01-19 00:16:59", "elapsed": 312.313748, "delta": 0.000979}}
{"target": -17.677193236494514, "params": {"gamma": 438.28697605873424, "log10_alpha": -4.369690952795835, "log10_colsample_bytree": -0.40312700154643266, "log10_eta": -3.3404791326101315, "log10_lambda": -4.46153608019133, "log10_min_child_weight": 3.1956913447577326, "log10_subsample": -0.6957402593951031, "max_depth": 3.0, "num_boost_round": 2.0}, "datetime": {"datetime": "2024-01-19 00:16:59", "elapsed": 312.314602, "delta": 0.000854}}
{"target": -17.67719355514576, "params": {"gamma": 438.28697605873424, "log10_alpha": -4.369690952795835, "log10_colsample_bytree": -0.40312700154643266, "log10_eta": -3.3404791326101315, "log10_lambda": -4.46153608019133, "log10_min_child_weight": 3.1956913447577326, "log10_subsample": -0.6957402593951031, "max_depth": 3.0, "num_boost_round": 3.0}, "datetime": {"datetime": "2024-01-19 00:16:59", "elapsed": 312.316721, "delta": 0.002119}}
{"target": -17.677181902922673, "params": {"gamma": 438.28697605873424, "log10_alpha": -4.369690952795835, "log10_colsample_bytree": -0.40312700154643266, "log10_eta": -3.3404791326101315, "log10_lambda": -4.46153608019133, "log10_min_child_weight": 3.1956913447577326, "log10_subsample": -0.6957402593951031, "max_depth": 3.0, "num_boost_round": 4.0}, "datetime": {"datetime": "2024-01-19 00:16:59", "elapsed": 312.318043, "delta": 0.001322}}
{"target": -17.67717353862046, "params": {"gamma": 438.28697605873424, "log10_alpha": -4.369690952795835, "log10_colsample_bytree": -0.40312700154643266, "log10_eta": -3.3404791326101315, "log10_lambda": -4.46153608019133, "log10_min_child_weight": 3.1956913447577326, "log10_subsample": -0.6957402593951031, "max_depth": 3.0, "num_boost_round": 5.0}, "datetime": {"datetime": "2024-01-19 00:16:59", "elapsed": 312.318981, "delta": 0.000938}}
{"target": -17.67716623035429, "params": {"gamma": 438.28697605873424, "log10_alpha": -4.369690952795835, "log10_colsample_bytree": -0.40312700154643266, "log10_eta": -3.3404791326101315, "log10_lambda": -4.46153608019133, "log10_min_child_weight": 3.1956913447577326, "log10_subsample": -0.6957402593951031, "max_depth": 3.0, "num_boost_round": 6.0}, "datetime": {"datetime": "2024-01-19 00:16:59", "elapsed": 312.319824, "delta": 0.000843}}
{"target": -17.677147742742637, "params": {"gamma": 438.28697605873424, "log10_alpha": -4.369690952795835, "log10_colsample_bytree": -0.40312700154643266, "log10_eta": -3.3404791326101315, "log10_lambda": -4.46153608019133, "log10_min_child_weight": 3.1956913447577326, "log10_subsample": -0.6957402593951031, "max_depth": 3.0, "num_boost_round": 7.0}, "datetime": {"datetime": "2024-01-19 00:16:59", "elapsed": 312.320674, "delta": 0.00085}}
{"target": -17.67714161284817, "params": {"gamma": 438.28697605873424, "log10_alpha": -4.369690952795835, "log10_colsample_bytree": -0.40312700154643266, "log10_eta": -3.3404791326101315, "log10_lambda": -4.46153608019133, "log10_min_child_weight": 3.1956913447577326, "log10_subsample": -0.6957402593951031, "max_depth": 3.0, "num_boost_round": 8.0}, "datetime": {"datetime": "2024-01-19 00:16:59", "elapsed": 312.321736, "delta": 0.001062}}
{"target": -17.67713715455144, "params": {"gamma": 438.28697605873424, "log10_alpha": -4.369690952795835, "log10_colsample_bytree": -0.40312700154643266, "log10_eta": -3.3404791326101315, "log10_lambda": -4.46153608019133, "log10_min_child_weight": 3.1956913447577326, "log10_subsample": -0.6957402593951031, "max_depth": 3.0, "num_boost_round": 9.0}, "datetime": {"datetime": "2024-01-19 00:16:59", "elapsed": 312.322578, "delta": 0.000842}}
{"target": -17.677126388157657, "params": {"gamma": 438.28697605873424, "log10_alpha": -4.369690952795835, "log10_colsample_bytree": -0.40312700154643266, "log10_eta": -3.3404791326101315, "log10_lambda": -4.46153608019133, "log10_min_child_weight": 3.1956913447577326, "log10_subsample": -0.6957402593951031, "max_depth": 3.0, "num_boost_round": 10.0}, "datetime": {"datetime": "2024-01-19 00:16:59", "elapsed": 312.323467, "delta": 0.000889}}
{"target": -17.677113502485113, "params": {"gamma": 438.28697605873424, "log10_alpha": -4.369690952795835, "log10_colsample_bytree": -0.40312700154643266, "log10_eta": -3.3404791326101315, "log10_lambda": -4.46153608019133, "log10_min_child_weight": 3.1956913447577326, "log10_subsample": -0.6957402593951031, "max_depth": 3.0, "num_boost_round": 11.0}, "datetime": {"datetime": "2024-01-19 00:16:59", "elapsed": 312.324322, "delta": 0.000855}}
{"target": -17.677094283799825, "params": {"gamma": 438.28697605873424, "log10_alpha": -4.369690952795835, "log10_colsample_bytree": -0.40312700154643266, "log10_eta": -3.3404791326101315, "log10_lambda": -4.46153608019133, "log10_min_child_weight": 3.1956913447577326, "log10_subsample": -0.6957402593951031, "max_depth": 3.0, "num_boost_round": 12.0}, "datetime": {"datetime": "2024-01-19 00:16:59", "elapsed": 312.325226, "delta": 0.000904}}
{"target": -17.67708165071029, "params": {"gamma": 438.28697605873424, "log10_alpha": -4.369690952795835, "log10_colsample_bytree": -0.40312700154643266, "log10_eta": -3.3404791326101315, "log10_lambda": -4.46153608019133, "log10_min_child_weight": 3.1956913447577326, "log10_subsample": -0.6957402593951031, "max_depth": 3.0, "num_boost_round": 13.0}, "datetime": {"datetime": "2024-01-19 00:16:59", "elapsed": 312.326098, "delta": 0.000872}}
{"target": -17.67707816389085, "params": {"gamma": 438.28697605873424, "log10_alpha": -4.369690952795835, "log10_colsample_bytree": -0.40312700154643266, "log10_eta": -3.3404791326101315, "log10_lambda": -4.46153608019133, "log10_min_child_weight": 3.1956913447577326, "log10_subsample": -0.6957402593951031, "max_depth": 3.0, "num_boost_round": 14.0}, "datetime": {"datetime": "2024-01-19 00:16:59", "elapsed": 312.32704, "delta": 0.000942}}
{"target": -17.67706724915328, "params": {"gamma": 438.28697605873424, "log10_alpha": -4.369690952795835, "log10_colsample_bytree": -0.40312700154643266, "log10_eta": -3.3404791326101315, "log10_lambda": -4.46153608019133, "log10_min_child_weight": 3.1956913447577326, "log10_subsample": -0.6957402593951031, "max_depth": 3.0, "num_boost_round": 15.0}, "datetime": {"datetime": "2024-01-19 00:16:59", "elapsed": 312.327888, "delta": 0.000848}}
{"target": -17.677063125636884, "params": {"gamma": 438.28697605873424, "log10_alpha": -4.369690952795835, "log10_colsample_bytree": -0.40312700154643266, "log10_eta": -3.3404791326101315, "log10_lambda": -4.46153608019133, "log10_min_child_weight": 3.1956913447577326, "log10_subsample": -0.6957402593951031, "max_depth": 3.0, "num_boost_round": 16.0}, "datetime": {"datetime": "2024-01-19 00:16:59", "elapsed": 312.328734, "delta": 0.000846}}
{"target": -17.677054119811924, "params": {"gamma": 438.28697605873424, "log10_alpha": -4.369690952795835, "log10_colsample_bytree": -0.40312700154643266, "log10_eta": -3.3404791326101315, "log10_lambda": -4.46153608019133, "log10_min_child_weight": 3.1956913447577326, "log10_subsample": -0.6957402593951031, "max_depth": 3.0, "num_boost_round": 17.0}, "datetime": {"datetime": "2024-01-19 00:16:59", "elapsed": 312.329567, "delta": 0.000833}}
{"target": -17.677046131930656, "params": {"gamma": 438.28697605873424, "log10_alpha": -4.369690952795835, "log10_colsample_bytree": -0.40312700154643266, "log10_eta": -3.3404791326101315, "log10_lambda": -4.46153608019133, "log10_min_child_weight": 3.1956913447577326, "log10_subsample": -0.6957402593951031, "max_depth": 3.0, "num_boost_round": 18.0}, "datetime": {"datetime": "2024-01-19 00:16:59", "elapsed": 312.330484, "delta": 0.000917}}
{"target": -17.677029423133952, "params": {"gamma": 438.28697605873424, "log10_alpha": -4.369690952795835, "log10_colsample_bytree": -0.40312700154643266, "log10_eta": -3.3404791326101315, "log10_lambda": -4.46153608019133, "log10_min_child_weight": 3.1956913447577326, "log10_subsample": -0.6957402593951031, "max_depth": 3.0, "num_boost_round": 19.0}, "datetime": {"datetime": "2024-01-19 00:16:59", "elapsed": 312.331343, "delta": 0.000859}}
{"target": -17.677017378588303, "params": {"gamma": 438.28697605873424, "log10_alpha": -4.369690952795835, "log10_colsample_bytree": -0.40312700154643266, "log10_eta": -3.3404791326101315, "log10_lambda": -4.46153608019133, "log10_min_child_weight": 3.1956913447577326, "log10_subsample": -0.6957402593951031, "max_depth": 3.0, "num_boost_round": 20.0}, "datetime": {"datetime": "2024-01-19 00:16:59", "elapsed": 312.332193, "delta": 0.00085}}
{"target": -17.67700003220429, "params": {"gamma": 438.28697605873424, "log10_alpha": -4.369690952795835, "log10_colsample_bytree": -0.40312700154643266, "log10_eta": -3.3404791326101315, "log10_lambda": -4.46153608019133, "log10_min_child_weight": 3.1956913447577326, "log10_subsample": -0.6957402593951031, "max_depth": 3.0, "num_boost_round": 21.0}, "datetime": {"datetime": "2024-01-19 00:16:59", "elapsed": 312.333036, "delta": 0.000843}}
{"target": -17.676989249332234, "params": {"gamma": 438.28697605873424, "log10_alpha": -4.369690952795835, "log10_colsample_bytree": -0.40312700154643266, "log10_eta": -3.3404791326101315, "log10_lambda": -4.46153608019133, "log10_min_child_weight": 3.1956913447577326, "log10_subsample": -0.6957402593951031, "max_depth": 3.0, "num_boost_round": 22.0}, "datetime": {"datetime": "2024-01-19 00:16:59", "elapsed": 312.333881, "delta": 0.000845}}
{"target": -17.67698984091555, "params": {"gamma": 438.28697605873424, "log10_alpha": -4.369690952795835, "log10_colsample_bytree": -0.40312700154643266, "log10_eta": -3.3404791326101315, "log10_lambda": -4.46153608019133, "log10_min_child_weight": 3.1956913447577326, "log10_subsample": -0.6957402593951031, "max_depth": 3.0, "num_boost_round": 23.0}, "datetime": {"datetime": "2024-01-19 00:16:59", "elapsed": 312.334733, "delta": 0.000852}}
{"target": -17.676982851559174, "params": {"gamma": 438.28697605873424, "log10_alpha": -4.369690952795835, "log10_colsample_bytree": -0.40312700154643266, "log10_eta": -3.3404791326101315, "log10_lambda": -4.46153608019133, "log10_min_child_weight": 3.1956913447577326, "log10_subsample": -0.6957402593951031, "max_depth": 3.0, "num_boost_round": 24.0}, "datetime": {"datetime": "2024-01-19 00:16:59", "elapsed": 312.335584, "delta": 0.000851}}
{"target": -17.677214877169643, "params": {"gamma": 432.9142663717306, "log10_alpha": -3.604588677381966, "log10_colsample_bytree": -0.6885839365947329, "log10_eta": -3.1940817080552324, "log10_lambda": -3.4181919870647164, "log10_min_child_weight": 2.1061241298774833, "log10_subsample": -0.31231099362324943, "max_depth": 2.0, "num_boost_round": 0.0}, "datetime": {"datetime": "2024-01-19 00:17:23", "elapsed": 335.820483, "delta": 23.484899}}
{"target": -17.67719728431085, "params": {"gamma": 432.9142663717306, "log10_alpha": -3.604588677381966, "log10_colsample_bytree": -0.6885839365947329, "log10_eta": -3.1940817080552324, "log10_lambda": -3.4181919870647164, "log10_min_child_weight": 2.1061241298774833, "log10_subsample": -0.31231099362324943, "max_depth": 2.0, "num_boost_round": 1.0}, "datetime": {"datetime": "2024-01-19 00:17:23", "elapsed": 335.821685, "delta": 0.001202}}
{"target": -17.677178440436997, "params": {"gamma": 432.9142663717306, "log10_alpha": -3.604588677381966, "log10_colsample_bytree": -0.6885839365947329, "log10_eta": -3.1940817080552324, "log10_lambda": -3.4181919870647164, "log10_min_child_weight": 2.1061241298774833, "log10_subsample": -0.31231099362324943, "max_depth": 2.0, "num_boost_round": 2.0}, "datetime": {"datetime": "2024-01-19 00:17:23", "elapsed": 335.822696, "delta": 0.001011}}
{"target": -17.677162334867226, "params": {"gamma": 432.9142663717306, "log10_alpha": -3.604588677381966, "log10_colsample_bytree": -0.6885839365947329, "log10_eta": -3.1940817080552324, "log10_lambda": -3.4181919870647164, "log10_min_child_weight": 2.1061241298774833, "log10_subsample": -0.31231099362324943, "max_depth": 2.0, "num_boost_round": 3.0}, "datetime": {"datetime": "2024-01-19 00:17:23", "elapsed": 335.823568, "delta": 0.000872}}
{"target": -17.677151670530012, "params": {"gamma": 432.9142663717306, "log10_alpha": -3.604588677381966, "log10_colsample_bytree": -0.6885839365947329, "log10_eta": -3.1940817080552324, "log10_lambda": -3.4181919870647164, "log10_min_child_weight": 2.1061241298774833, "log10_subsample": -0.31231099362324943, "max_depth": 2.0, "num_boost_round": 4.0}, "datetime": {"datetime": "2024-01-19 00:17:23", "elapsed": 335.824429, "delta": 0.000861}}
{"target": -17.677130538047383, "params": {"gamma": 432.9142663717306, "log10_alpha": -3.604588677381966, "log10_colsample_bytree": -0.6885839365947329, "log10_eta": -3.1940817080552324, "log10_lambda": -3.4181919870647164, "log10_min_child_weight": 2.1061241298774833, "log10_subsample": -0.31231099362324943, "max_depth": 2.0, "num_boost_round": 5.0}, "datetime": {"datetime": "2024-01-19 00:17:23", "elapsed": 335.825303, "delta": 0.000874}}
{"target": -17.6771187729308, "params": {"gamma": 432.9142663717306, "log10_alpha": -3.604588677381966, "log10_colsample_bytree": -0.6885839365947329, "log10_eta": -3.1940817080552324, "log10_lambda": -3.4181919870647164, "log10_min_child_weight": 2.1061241298774833, "log10_subsample": -0.31231099362324943, "max_depth": 2.0, "num_boost_round": 6.0}, "datetime": {"datetime": "2024-01-19 00:17:23", "elapsed": 335.826149, "delta": 0.000846}}
{"target": -17.677102703112013, "params": {"gamma": 432.9142663717306, "log10_alpha": -3.604588677381966, "log10_colsample_bytree": -0.6885839365947329, "log10_eta": -3.1940817080552324, "log10_lambda": -3.4181919870647164, "log10_min_child_weight": 2.1061241298774833, "log10_subsample": -0.31231099362324943, "max_depth": 2.0, "num_boost_round": 7.0}, "datetime": {"datetime": "2024-01-19 00:17:23", "elapsed": 335.827123, "delta": 0.000974}}
{"target": -17.677088537622865, "params": {"gamma": 432.9142663717306, "log10_alpha": -3.604588677381966, "log10_colsample_bytree": -0.6885839365947329, "log10_eta": -3.1940817080552324, "log10_lambda": -3.4181919870647164, "log10_min_child_weight": 2.1061241298774833, "log10_subsample": -0.31231099362324943, "max_depth": 2.0, "num_boost_round": 8.0}, "datetime": {"datetime": "2024-01-19 00:17:23", "elapsed": 335.828419, "delta": 0.001296}}
{"target": -17.677077996320026, "params": {"gamma": 432.9142663717306, "log10_alpha": -3.604588677381966, "log10_colsample_bytree": -0.6885839365947329, "log10_eta": -3.1940817080552324, "log10_lambda": -3.4181919870647164, "log10_min_child_weight": 2.1061241298774833, "log10_subsample": -0.31231099362324943, "max_depth": 2.0, "num_boost_round": 9.0}, "datetime": {"datetime": "2024-01-19 00:17:23", "elapsed": 335.829312, "delta": 0.000893}}
{"target": -17.677057329303082, "params": {"gamma": 432.9142663717306, "log10_alpha": -3.604588677381966, "log10_colsample_bytree": -0.6885839365947329, "log10_eta": -3.1940817080552324, "log10_lambda": -3.4181919870647164, "log10_min_child_weight": 2.1061241298774833, "log10_subsample": -0.31231099362324943, "max_depth": 2.0, "num_boost_round": 10.0}, "datetime": {"datetime": "2024-01-19 00:17:23", "elapsed": 335.830262, "delta": 0.00095}}
{"target": -17.67704017779256, "params": {"gamma": 432.9142663717306, "log10_alpha": -3.604588677381966, "log10_colsample_bytree": -0.6885839365947329, "log10_eta": -3.1940817080552324, "log10_lambda": -3.4181919870647164, "log10_min_child_weight": 2.1061241298774833, "log10_subsample": -0.31231099362324943, "max_depth": 2.0, "num_boost_round": 11.0}, "datetime": {"datetime": "2024-01-19 00:17:23", "elapsed": 335.831128, "delta": 0.000866}}
{"target": -17.677026322596795, "params": {"gamma": 432.9142663717306, "log10_alpha": -3.604588677381966, "log10_colsample_bytree": -0.6885839365947329, "log10_eta": -3.1940817080552324, "log10_lambda": -3.4181919870647164, "log10_min_child_weight": 2.1061241298774833, "log10_subsample": -0.31231099362324943, "max_depth": 2.0, "num_boost_round": 12.0}, "datetime": {"datetime": "2024-01-19 00:17:23", "elapsed": 335.831983, "delta": 0.000855}}
{"target": -17.677014665326933, "params": {"gamma": 432.9142663717306, "log10_alpha": -3.604588677381966, "log10_colsample_bytree": -0.6885839365947329, "log10_eta": -3.1940817080552324, "log10_lambda": -3.4181919870647164, "log10_min_child_weight": 2.1061241298774833, "log10_subsample": -0.31231099362324943, "max_depth": 2.0, "num_boost_round": 13.0}, "datetime": {"datetime": "2024-01-19 00:17:23", "elapsed": 335.832846, "delta": 0.000863}}
{"target": -17.677009876707643, "params": {"gamma": 432.9142663717306, "log10_alpha": -3.604588677381966, "log10_colsample_bytree": -0.6885839365947329, "log10_eta": -3.1940817080552324, "log10_lambda": -3.4181919870647164, "log10_min_child_weight": 2.1061241298774833, "log10_subsample": -0.31231099362324943, "max_depth": 2.0, "num_boost_round": 14.0}, "datetime": {"datetime": "2024-01-19 00:17:23", "elapsed": 335.83371, "delta": 0.000864}}
{"target": -17.676989393053496, "params": {"gamma": 432.9142663717306, "log10_alpha": -3.604588677381966, "log10_colsample_bytree": -0.6885839365947329, "log10_eta": -3.1940817080552324, "log10_lambda": -3.4181919870647164, "log10_min_child_weight": 2.1061241298774833, "log10_subsample": -0.31231099362324943, "max_depth": 2.0, "num_boost_round": 15.0}, "datetime": {"datetime": "2024-01-19 00:17:23", "elapsed": 335.834574, "delta": 0.000864}}
{"target": -17.676978551451615, "params": {"gamma": 432.9142663717306, "log10_alpha": -3.604588677381966, "log10_colsample_bytree": -0.6885839365947329, "log10_eta": -3.1940817080552324, "log10_lambda": -3.4181919870647164, "log10_min_child_weight": 2.1061241298774833, "log10_subsample": -0.31231099362324943, "max_depth": 2.0, "num_boost_round": 16.0}, "datetime": {"datetime": "2024-01-19 00:17:23", "elapsed": 335.835439, "delta": 0.000865}}
{"target": -17.67695900621804, "params": {"gamma": 432.9142663717306, "log10_alpha": -3.604588677381966, "log10_colsample_bytree": -0.6885839365947329, "log10_eta": -3.1940817080552324, "log10_lambda": -3.4181919870647164, "log10_min_child_weight": 2.1061241298774833, "log10_subsample": -0.31231099362324943, "max_depth": 2.0, "num_boost_round": 17.0}, "datetime": {"datetime": "2024-01-19 00:17:23", "elapsed": 335.836316, "delta": 0.000877}}
{"target": -17.676962768430094, "params": {"gamma": 432.9142663717306, "log10_alpha": -3.604588677381966, "log10_colsample_bytree": -0.6885839365947329, "log10_eta": -3.1940817080552324, "log10_lambda": -3.4181919870647164, "log10_min_child_weight": 2.1061241298774833, "log10_subsample": -0.31231099362324943, "max_depth": 2.0, "num_boost_round": 18.0}, "datetime": {"datetime": "2024-01-19 00:17:23", "elapsed": 335.837188, "delta": 0.000872}}
{"target": -17.676950875732604, "params": {"gamma": 432.9142663717306, "log10_alpha": -3.604588677381966, "log10_colsample_bytree": -0.6885839365947329, "log10_eta": -3.1940817080552324, "log10_lambda": -3.4181919870647164, "log10_min_child_weight": 2.1061241298774833, "log10_subsample": -0.31231099362324943, "max_depth": 2.0, "num_boost_round": 19.0}, "datetime": {"datetime": "2024-01-19 00:17:23", "elapsed": 335.838059, "delta": 0.000871}}
{"target": -17.67694075490927, "params": {"gamma": 432.9142663717306, "log10_alpha": -3.604588677381966, "log10_colsample_bytree": -0.6885839365947329, "log10_eta": -3.1940817080552324, "log10_lambda": -3.4181919870647164, "log10_min_child_weight": 2.1061241298774833, "log10_subsample": -0.31231099362324943, "max_depth": 2.0, "num_boost_round": 20.0}, "datetime": {"datetime": "2024-01-19 00:17:23", "elapsed": 335.838951, "delta": 0.000892}}
{"target": -17.67692321671303, "params": {"gamma": 432.9142663717306, "log10_alpha": -3.604588677381966, "log10_colsample_bytree": -0.6885839365947329, "log10_eta": -3.1940817080552324, "log10_lambda": -3.4181919870647164, "log10_min_child_weight": 2.1061241298774833, "log10_subsample": -0.31231099362324943, "max_depth": 2.0, "num_boost_round": 21.0}, "datetime": {"datetime": "2024-01-19 00:17:23", "elapsed": 335.839839, "delta": 0.000888}}
{"target": -17.67691227093469, "params": {"gamma": 432.9142663717306, "log10_alpha": -3.604588677381966, "log10_colsample_bytree": -0.6885839365947329, "log10_eta": -3.1940817080552324, "log10_lambda": -3.4181919870647164, "log10_min_child_weight": 2.1061241298774833, "log10_subsample": -0.31231099362324943, "max_depth": 2.0, "num_boost_round": 22.0}, "datetime": {"datetime": "2024-01-19 00:17:23", "elapsed": 335.840804, "delta": 0.000965}}
