{"target": -13.758527350388638, "params": {"gamma": 636.5289082343436, "log10_alpha": -4.513991008340584, "log10_colsample_bytree": -0.16820274964887183, "log10_eta": -3.6452898359050163, "log10_lambda": -3.3237552434219406, "log10_min_child_weight": 0.3700163861372563, "log10_subsample": -0.8047633866290353, "max_depth": 3.0, "num_boost_round": 3.0}, "datetime": {"datetime": "2024-01-19 01:30:38", "elapsed": 4690.703287, "delta": 0.004845}}
{"target": -13.758520760840556, "params": {"gamma": 636.5289082343436, "log10_alpha": -4.513991008340584, "log10_colsample_bytree": -0.16820274964887183, "log10_eta": -3.6452898359050163, "log10_lambda": -3.3237552434219406, "log10_min_child_weight": 0.3700163861372563, "log10_subsample": -0.8047633866290353, "max_depth": 3.0, "num_boost_round": 4.0}, "datetime": {"datetime": "2024-01-19 01:30:38", "elapsed": 4690.707892, "delta": 0.004605}}
{"target": -13.758517222876943, "params": {"gamma": 636.5289082343436, "log10_alpha": -4.513991008340584, "log10_colsample_bytree": -0.16820274964887183, "log10_eta": -3.6452898359050163, "log10_lambda": -3.3237552434219406, "log10_min_child_weight": 0.3700163861372563, "log10_subsample": -0.8047633866290353, "max_depth": 3.0, "num_boost_round": 5.0}, "datetime": {"datetime": "2024-01-19 01:30:38", "elapsed": 4690.712634, "delta": 0.004742}}
{"target": -13.758514781745186, "params": {"gamma": 636.5289082343436, "log10_alpha": -4.513991008340584, "log10_colsample_bytree": -0.16820274964887183, "log10_eta": -3.6452898359050163, "log10_lambda": -3.3237552434219406, "log10_min_child_weight": 0.3700163861372563, "log10_subsample": -0.8047633866290353, "max_depth": 3.0, "num_boost_round": 6.0}, "datetime": {"datetime": "2024-01-19 01:30:38", "elapsed": 4690.717201, "delta": 0.004567}}
{"target": -13.75851088163746, "params": {"gamma": 636.5289082343436, "log10_alpha": -4.513991008340584, "log10_colsample_bytree": -0.16820274964887183, "log10_eta": -3.6452898359050163, "log10_lambda": -3.3237552434219406, "log10_min_child_weight": 0.3700163861372563, "log10_subsample": -0.8047633866290353, "max_depth": 3.0, "num_boost_round": 7.0}, "datetime": {"datetime": "2024-01-19 01:30:38", "elapsed": 4690.721976, "delta": 0.004775}}
{"target": -13.7585092779341, "params": {"gamma": 636.5289082343436, "log10_alpha": -4.513991008340584, "log10_colsample_bytree": -0.16820274964887183, "log10_eta": -3.6452898359050163, "log10_lambda": -3.3237552434219406, "log10_min_child_weight": 0.3700163861372563, "log10_subsample": -0.8047633866290353, "max_depth": 3.0, "num_boost_round": 8.0}, "datetime": {"datetime": "2024-01-19 01:30:38", "elapsed": 4690.726513, "delta": 0.004537}}
{"target": -13.758506106726403, "params": {"gamma": 636.5289082343436, "log10_alpha": -4.513991008340584, "log10_colsample_bytree": -0.16820274964887183, "log10_eta": -3.6452898359050163, "log10_lambda": -3.3237552434219406, "log10_min_child_weight": 0.3700163861372563, "log10_subsample": -0.8047633866290353, "max_depth": 3.0, "num_boost_round": 9.0}, "datetime": {"datetime": "2024-01-19 01:30:38", "elapsed": 4690.730927, "delta": 0.004414}}
{"target": -13.758501310404823, "params": {"gamma": 636.5289082343436, "log10_alpha": -4.513991008340584, "log10_colsample_bytree": -0.16820274964887183, "log10_eta": -3.6452898359050163, "log10_lambda": -3.3237552434219406, "log10_min_child_weight": 0.3700163861372563, "log10_subsample": -0.8047633866290353, "max_depth": 3.0, "num_boost_round": 10.0}, "datetime": {"datetime": "2024-01-19 01:30:38", "elapsed": 4690.735477, "delta": 0.00455}}
{"target": -13.75849305671428, "params": {"gamma": 636.5289082343436, "log10_alpha": -4.513991008340584, "log10_colsample_bytree": -0.16820274964887183, "log10_eta": -3.6452898359050163, "log10_lambda": -3.3237552434219406, "log10_min_child_weight": 0.3700163861372563, "log10_subsample": -0.8047633866290353, "max_depth": 3.0, "num_boost_round": 11.0}, "datetime": {"datetime": "2024-01-19 01:30:38", "elapsed": 4690.740319, "delta": 0.004842}}
{"target": -13.75849138516022, "params": {"gamma": 636.5289082343436, "log10_alpha": -4.513991008340584, "log10_colsample_bytree": -0.16820274964887183, "log10_eta": -3.6452898359050163, "log10_lambda": -3.3237552434219406, "log10_min_child_weight": 0.3700163861372563, "log10_subsample": -0.8047633866290353, "max_depth": 3.0, "num_boost_round": 12.0}, "datetime": {"datetime": "2024-01-19 01:30:38", "elapsed": 4690.744728, "delta": 0.004409}}
{"target": -13.758490376764382, "params": {"gamma": 636.5289082343436, "log10_alpha": -4.513991008340584, "log10_colsample_bytree": -0.16820274964887183, "log10_eta": -3.6452898359050163, "log10_lambda": -3.3237552434219406, "log10_min_child_weight": 0.3700163861372563, "log10_subsample": -0.8047633866290353, "max_depth": 3.0, "num_boost_round": 13.0}, "datetime": {"datetime": "2024-01-19 01:30:38", "elapsed": 4690.749145, "delta": 0.004417}}
{"target": -13.758488876135107, "params": {"gamma": 636.5289082343436, "log10_alpha": -4.513991008340584, "log10_colsample_bytree": -0.16820274964887183, "log10_eta": -3.6452898359050163, "log10_lambda": -3.3237552434219406, "log10_min_child_weight": 0.3700163861372563, "log10_subsample": -0.8047633866290353, "max_depth": 3.0, "num_boost_round": 14.0}, "datetime": {"datetime": "2024-01-19 01:30:38", "elapsed": 4690.753968, "delta": 0.004823}}
{"target": -13.758484991454692, "params": {"gamma": 636.5289082343436, "log10_alpha": -4.513991008340584, "log10_colsample_bytree": -0.16820274964887183, "log10_eta": -3.6452898359050163, "log10_lambda": -3.3237552434219406, "log10_min_child_weight": 0.3700163861372563, "log10_subsample": -0.8047633866290353, "max_depth": 3.0, "num_boost_round": 15.0}, "datetime": {"datetime": "2024-01-19 01:30:38", "elapsed": 4690.758519, "delta": 0.004551}}
{"target": -13.758480679389656, "params": {"gamma": 636.5289082343436, "log10_alpha": -4.513991008340584, "log10_colsample_bytree": -0.16820274964887183, "log10_eta": -3.6452898359050163, "log10_lambda": -3.3237552434219406, "log10_min_child_weight": 0.3700163861372563, "log10_subsample": -0.8047633866290353, "max_depth": 3.0, "num_boost_round": 16.0}, "datetime": {"datetime": "2024-01-19 01:30:38", "elapsed": 4690.762997, "delta": 0.004478}}
{"target": -13.758479229764912, "params": {"gamma": 636.5289082343436, "log10_alpha": -4.513991008340584, "log10_colsample_bytree": -0.16820274964887183, "log10_eta": -3.6452898359050163, "log10_lambda": -3.3237552434219406, "log10_min_child_weight": 0.3700163861372563, "log10_subsample": -0.8047633866290353, "max_depth": 3.0, "num_boost_round": 17.0}, "datetime": {"datetime": "2024-01-19 01:30:38", "elapsed": 4690.767496, "delta": 0.004499}}
{"target": -13.758476839117867, "params": {"gamma": 636.5289082343436, "log10_alpha": -4.513991008340584, "log10_colsample_bytree": -0.16820274964887183, "log10_eta": -3.6452898359050163, "log10_lambda": -3.3237552434219406, "log10_min_child_weight": 0.3700163861372563, "log10_subsample": -0.8047633866290353, "max_depth": 3.0, "num_boost_round": 18.0}, "datetime": {"datetime": "2024-01-19 01:30:38", "elapsed": 4690.771917, "delta": 0.004421}}
{"target": -13.758471228324092, "params": {"gamma": 636.5289082343436, "log10_alpha": -4.513991008340584, "log10_colsample_bytree": -0.16820274964887183, "log10_eta": -3.6452898359050163, "log10_lambda": -3.3237552434219406, "log10_min_child_weight": 0.3700163861372563, "log10_subsample": -0.8047633866290353, "max_depth": 3.0, "num_boost_round": 19.0}, "datetime": {"datetime": "2024-01-19 01:30:38", "elapsed": 4690.776755, "delta": 0.004838}}
{"target": -13.758468150599741, "params": {"gamma": 636.5289082343436, "log10_alpha": -4.513991008340584, "log10_colsample_bytree": -0.16820274964887183, "log10_eta": -3.6452898359050163, "log10_lambda": -3.3237552434219406, "log10_min_child_weight": 0.3700163861372563, "log10_subsample": -0.8047633866290353, "max_depth": 3.0, "num_boost_round": 20.0}, "datetime": {"datetime": "2024-01-19 01:30:38", "elapsed": 4690.781355, "delta": 0.0046}}
{"target": -13.758465094951084, "params": {"gamma": 636.5289082343436, "log10_alpha": -4.513991008340584, "log10_colsample_bytree": -0.16820274964887183, "log10_eta": -3.6452898359050163, "log10_lambda": -3.3237552434219406, "log10_min_child_weight": 0.3700163861372563, "log10_subsample": -0.8047633866290353, "max_depth": 3.0, "num_boost_round": 21.0}, "datetime": {"datetime": "2024-01-19 01:30:38", "elapsed": 4690.78614, "delta": 0.004785}}
{"target": -13.75846081923563, "params": {"gamma": 636.5289082343436, "log10_alpha": -4.513991008340584, "log10_colsample_bytree": -0.16820274964887183, "log10_eta": -3.6452898359050163, "log10_lambda": -3.3237552434219406, "log10_min_child_weight": 0.3700163861372563, "log10_subsample": -0.8047633866290353, "max_depth": 3.0, "num_boost_round": 22.0}, "datetime": {"datetime": "2024-01-19 01:30:38", "elapsed": 4690.790702, "delta": 0.004562}}
{"target": -13.75845574034834, "params": {"gamma": 636.5289082343436, "log10_alpha": -4.513991008340584, "log10_colsample_bytree": -0.16820274964887183, "log10_eta": -3.6452898359050163, "log10_lambda": -3.3237552434219406, "log10_min_child_weight": 0.3700163861372563, "log10_subsample": -0.8047633866290353, "max_depth": 3.0, "num_boost_round": 23.0}, "datetime": {"datetime": "2024-01-19 01:30:38", "elapsed": 4690.795463, "delta": 0.004761}}
{"target": -13.758448241769093, "params": {"gamma": 636.5289082343436, "log10_alpha": -4.513991008340584, "log10_colsample_bytree": -0.16820274964887183, "log10_eta": -3.6452898359050163, "log10_lambda": -3.3237552434219406, "log10_min_child_weight": 0.3700163861372563, "log10_subsample": -0.8047633866290353, "max_depth": 3.0, "num_boost_round": 24.0}, "datetime": {"datetime": "2024-01-19 01:30:38", "elapsed": 4690.800217, "delta": 0.004754}}
{"target": -13.758445808676637, "params": {"gamma": 636.5289082343436, "log10_alpha": -4.513991008340584, "log10_colsample_bytree": -0.16820274964887183, "log10_eta": -3.6452898359050163, "log10_lambda": -3.3237552434219406, "log10_min_child_weight": 0.3700163861372563, "log10_subsample": -0.8047633866290353, "max_depth": 3.0, "num_boost_round": 25.0}, "datetime": {"datetime": "2024-01-19 01:30:38", "elapsed": 4690.805352, "delta": 0.005135}}
{"target": -13.758437758863197, "params": {"gamma": 636.5289082343436, "log10_alpha": -4.513991008340584, "log10_colsample_bytree": -0.16820274964887183, "log10_eta": -3.6452898359050163, "log10_lambda": -3.3237552434219406, "log10_min_child_weight": 0.3700163861372563, "log10_subsample": -0.8047633866290353, "max_depth": 3.0, "num_boost_round": 26.0}, "datetime": {"datetime": "2024-01-19 01:30:38", "elapsed": 4690.810174, "delta": 0.004822}}
{"target": -13.758439822199417, "params": {"gamma": 636.5289082343436, "log10_alpha": -4.513991008340584, "log10_colsample_bytree": -0.16820274964887183, "log10_eta": -3.6452898359050163, "log10_lambda": -3.3237552434219406, "log10_min_child_weight": 0.3700163861372563, "log10_subsample": -0.8047633866290353, "max_depth": 3.0, "num_boost_round": 27.0}, "datetime": {"datetime": "2024-01-19 01:30:38", "elapsed": 4690.814892, "delta": 0.004718}}
{"target": -13.758436979299292, "params": {"gamma": 636.5289082343436, "log10_alpha": -4.513991008340584, "log10_colsample_bytree": -0.16820274964887183, "log10_eta": -3.6452898359050163, "log10_lambda": -3.3237552434219406, "log10_min_child_weight": 0.3700163861372563, "log10_subsample": -0.8047633866290353, "max_depth": 3.0, "num_boost_round": 28.0}, "datetime": {"datetime": "2024-01-19 01:30:38", "elapsed": 4690.819404, "delta": 0.004512}}
{"target": -13.758433834303187, "params": {"gamma": 636.5289082343436, "log10_alpha": -4.513991008340584, "log10_colsample_bytree": -0.16820274964887183, "log10_eta": -3.6452898359050163, "log10_lambda": -3.3237552434219406, "log10_min_child_weight": 0.3700163861372563, "log10_subsample": -0.8047633866290353, "max_depth": 3.0, "num_boost_round": 29.0}, "datetime": {"datetime": "2024-01-19 01:30:38", "elapsed": 4690.824015, "delta": 0.004611}}
{"target": -13.758430237387236, "params": {"gamma": 636.5289082343436, "log10_alpha": -4.513991008340584, "log10_colsample_bytree": -0.16820274964887183, "log10_eta": -3.6452898359050163, "log10_lambda": -3.3237552434219406, "log10_min_child_weight": 0.3700163861372563, "log10_subsample": -0.8047633866290353, "max_depth": 3.0, "num_boost_round": 30.0}, "datetime": {"datetime": "2024-01-19 01:30:38", "elapsed": 4690.828632, "delta": 0.004617}}
{"target": -13.758424599096822, "params": {"gamma": 636.5289082343436, "log10_alpha": -4.513991008340584, "log10_colsample_bytree": -0.16820274964887183, "log10_eta": -3.6452898359050163, "log10_lambda": -3.3237552434219406, "log10_min_child_weight": 0.3700163861372563, "log10_subsample": -0.8047633866290353, "max_depth": 3.0, "num_boost_round": 31.0}, "datetime": {"datetime": "2024-01-19 01:30:38", "elapsed": 4690.833343, "delta": 0.004711}}
{"target": -13.758421820739807, "params": {"gamma": 636.5289082343436, "log10_alpha": -4.513991008340584, "log10_colsample_bytree": -0.16820274964887183, "log10_eta": -3.6452898359050163, "log10_lambda": -3.3237552434219406, "log10_min_child_weight": 0.3700163861372563, "log10_subsample": -0.8047633866290353, "max_depth": 3.0, "num_boost_round": 32.0}, "datetime": {"datetime": "2024-01-19 01:30:38", "elapsed": 4690.837828, "delta": 0.004485}}
{"target": -13.758420766879444, "params": {"gamma": 636.5289082343436, "log10_alpha": -4.513991008340584, "log10_colsample_bytree": -0.16820274964887183, "log10_eta": -3.6452898359050163, "log10_lambda": -3.3237552434219406, "log10_min_child_weight": 0.3700163861372563, "log10_subsample": -0.8047633866290353, "max_depth": 3.0, "num_boost_round": 33.0}, "datetime": {"datetime": "2024-01-19 01:30:38", "elapsed": 4690.84247, "delta": 0.004642}}
{"target": -13.758413921712565, "params": {"gamma": 636.5289082343436, "log10_alpha": -4.513991008340584, "log10_colsample_bytree": -0.16820274964887183, "log10_eta": -3.6452898359050163, "log10_lambda": -3.3237552434219406, "log10_min_child_weight": 0.3700163861372563, "log10_subsample": -0.8047633866290353, "max_depth": 3.0, "num_boost_round": 34.0}, "datetime": {"datetime": "2024-01-19 01:30:38", "elapsed": 4690.846981, "delta": 0.004511}}
{"target": -13.758412604536542, "params": {"gamma": 636.5289082343436, "log10_alpha": -4.513991008340584, "log10_colsample_bytree": -0.16820274964887183, "log10_eta": -3.6452898359050163, "log10_lambda": -3.3237552434219406, "log10_min_child_weight": 0.3700163861372563, "log10_subsample": -0.8047633866290353, "max_depth": 3.0, "num_boost_round": 35.0}, "datetime": {"datetime": "2024-01-19 01:30:38", "elapsed": 4690.851523, "delta": 0.004542}}
{"target": -13.758416317579805, "params": {"gamma": 636.5289082343436, "log10_alpha": -4.513991008340584, "log10_colsample_bytree": -0.16820274964887183, "log10_eta": -3.6452898359050163, "log10_lambda": -3.3237552434219406, "log10_min_child_weight": 0.3700163861372563, "log10_subsample": -0.8047633866290353, "max_depth": 3.0, "num_boost_round": 36.0}, "datetime": {"datetime": "2024-01-19 01:30:38", "elapsed": 4690.856233, "delta": 0.00471}}
{"target": -13.758415282091365, "params": {"gamma": 636.5289082343436, "log10_alpha": -4.513991008340584, "log10_colsample_bytree": -0.16820274964887183, "log10_eta": -3.6452898359050163, "log10_lambda": -3.3237552434219406, "log10_min_child_weight": 0.3700163861372563, "log10_subsample": -0.8047633866290353, "max_depth": 3.0, "num_boost_round": 37.0}, "datetime": {"datetime": "2024-01-19 01:30:38", "elapsed": 4690.860857, "delta": 0.004624}}
{"target": -13.75841396251122, "params": {"gamma": 636.5289082343436, "log10_alpha": -4.513991008340584, "log10_colsample_bytree": -0.16820274964887183, "log10_eta": -3.6452898359050163, "log10_lambda": -3.3237552434219406, "log10_min_child_weight": 0.3700163861372563, "log10_subsample": -0.8047633866290353, "max_depth": 3.0, "num_boost_round": 38.0}, "datetime": {"datetime": "2024-01-19 01:30:38", "elapsed": 4690.865282, "delta": 0.004425}}
{"target": -13.758411004325794, "params": {"gamma": 636.5289082343436, "log10_alpha": -4.513991008340584, "log10_colsample_bytree": -0.16820274964887183, "log10_eta": -3.6452898359050163, "log10_lambda": -3.3237552434219406, "log10_min_child_weight": 0.3700163861372563, "log10_subsample": -0.8047633866290353, "max_depth": 3.0, "num_boost_round": 39.0}, "datetime": {"datetime": "2024-01-19 01:30:38", "elapsed": 4690.869854, "delta": 0.004572}}
{"target": -13.758408447922568, "params": {"gamma": 636.5289082343436, "log10_alpha": -4.513991008340584, "log10_colsample_bytree": -0.16820274964887183, "log10_eta": -3.6452898359050163, "log10_lambda": -3.3237552434219406, "log10_min_child_weight": 0.3700163861372563, "log10_subsample": -0.8047633866290353, "max_depth": 3.0, "num_boost_round": 40.0}, "datetime": {"datetime": "2024-01-19 01:30:38", "elapsed": 4690.874468, "delta": 0.004614}}
{"target": -13.758402831010903, "params": {"gamma": 636.5289082343436, "log10_alpha": -4.513991008340584, "log10_colsample_bytree": -0.16820274964887183, "log10_eta": -3.6452898359050163, "log10_lambda": -3.3237552434219406, "log10_min_child_weight": 0.3700163861372563, "log10_subsample": -0.8047633866290353, "max_depth": 3.0, "num_boost_round": 41.0}, "datetime": {"datetime": "2024-01-19 01:30:38", "elapsed": 4690.879075, "delta": 0.004607}}
{"target": -13.758182855493851, "params": {"gamma": 626.8289042176699, "log10_alpha": -0.6790437342741908, "log10_colsample_bytree": -0.2894315016398059, "log10_eta": -1.1842889865944808, "log10_lambda": -4.0491263971025635, "log10_min_child_weight": 0.11110603459072721, "log10_subsample": -0.03316958388692004, "max_depth": 2.0, "num_boost_round": 0.0}, "datetime": {"datetime": "2024-01-19 01:31:59", "elapsed": 4772.207229, "delta": 81.328154}}
{"target": -13.75800228847513, "params": {"gamma": 626.8289042176699, "log10_alpha": -0.6790437342741908, "log10_colsample_bytree": -0.2894315016398059, "log10_eta": -1.1842889865944808, "log10_lambda": -4.0491263971025635, "log10_min_child_weight": 0.11110603459072721, "log10_subsample": -0.03316958388692004, "max_depth": 2.0, "num_boost_round": 1.0}, "datetime": {"datetime": "2024-01-19 01:31:59", "elapsed": 4772.212786, "delta": 0.005557}}
{"target": -13.758684532633229, "params": {"gamma": 626.8289042176699, "log10_alpha": -0.6790437342741908, "log10_colsample_bytree": -0.2894315016398059, "log10_eta": -1.1842889865944808, "log10_lambda": -4.0491263971025635, "log10_min_child_weight": 0.11110603459072721, "log10_subsample": -0.03316958388692004, "max_depth": 2.0, "num_boost_round": 2.0}, "datetime": {"datetime": "2024-01-19 01:31:59", "elapsed": 4772.339196, "delta": 0.12641}}
{"target": -13.758284664960549, "params": {"gamma": 626.8289042176699, "log10_alpha": -0.6790437342741908, "log10_colsample_bytree": -0.2894315016398059, "log10_eta": -1.1842889865944808, "log10_lambda": -4.0491263971025635, "log10_min_child_weight": 0.11110603459072721, "log10_subsample": -0.03316958388692004, "max_depth": 2.0, "num_boost_round": 3.0}, "datetime": {"datetime": "2024-01-19 01:31:59", "elapsed": 4772.344662, "delta": 0.005466}}
{"target": -13.758645480978918, "params": {"gamma": 626.8289042176699, "log10_alpha": -0.6790437342741908, "log10_colsample_bytree": -0.2894315016398059, "log10_eta": -1.1842889865944808, "log10_lambda": -4.0491263971025635, "log10_min_child_weight": 0.11110603459072721, "log10_subsample": -0.03316958388692004, "max_depth": 2.0, "num_boost_round": 4.0}, "datetime": {"datetime": "2024-01-19 01:31:59", "elapsed": 4772.349615, "delta": 0.004953}}
{"target": -13.757833424008936, "params": {"gamma": 626.8289042176699, "log10_alpha": -0.6790437342741908, "log10_colsample_bytree": -0.2894315016398059, "log10_eta": -1.1842889865944808, "log10_lambda": -4.0491263971025635, "log10_min_child_weight": 0.11110603459072721, "log10_subsample": -0.03316958388692004, "max_depth": 2.0, "num_boost_round": 5.0}, "datetime": {"datetime": "2024-01-19 01:31:59", "elapsed": 4772.354547, "delta": 0.004932}}
{"target": -13.75903791300372, "params": {"gamma": 626.8289042176699, "log10_alpha": -0.6790437342741908, "log10_colsample_bytree": -0.2894315016398059, "log10_eta": -1.1842889865944808, "log10_lambda": -4.0491263971025635, "log10_min_child_weight": 0.11110603459072721, "log10_subsample": -0.03316958388692004, "max_depth": 2.0, "num_boost_round": 6.0}, "datetime": {"datetime": "2024-01-19 01:31:59", "elapsed": 4772.359306, "delta": 0.004759}}
{"target": -13.759878940427713, "params": {"gamma": 626.8289042176699, "log10_alpha": -0.6790437342741908, "log10_colsample_bytree": -0.2894315016398059, "log10_eta": -1.1842889865944808, "log10_lambda": -4.0491263971025635, "log10_min_child_weight": 0.11110603459072721, "log10_subsample": -0.03316958388692004, "max_depth": 2.0, "num_boost_round": 7.0}, "datetime": {"datetime": "2024-01-19 01:31:59", "elapsed": 4772.363951, "delta": 0.004645}}
{"target": -13.760433096327766, "params": {"gamma": 626.8289042176699, "log10_alpha": -0.6790437342741908, "log10_colsample_bytree": -0.2894315016398059, "log10_eta": -1.1842889865944808, "log10_lambda": -4.0491263971025635, "log10_min_child_weight": 0.11110603459072721, "log10_subsample": -0.03316958388692004, "max_depth": 2.0, "num_boost_round": 8.0}, "datetime": {"datetime": "2024-01-19 01:31:59", "elapsed": 4772.368671, "delta": 0.00472}}
{"target": -13.760934652600866, "params": {"gamma": 626.8289042176699, "log10_alpha": -0.6790437342741908, "log10_colsample_bytree": -0.2894315016398059, "log10_eta": -1.1842889865944808, "log10_lambda": -4.0491263971025635, "log10_min_child_weight": 0.11110603459072721, "log10_subsample": -0.03316958388692004, "max_depth": 2.0, "num_boost_round": 9.0}, "datetime": {"datetime": "2024-01-19 01:31:59", "elapsed": 4772.373477, "delta": 0.004806}}
