{"target": -14.727503576265894, "params": {"gamma": 24.131276453724702, "log10_alpha": -4.232858177924852, "log10_colsample_bytree": -0.28138347668743424, "log10_eta": -0.19550639210541298, "log10_lambda": -1.0947746709632558, "log10_min_child_weight": 1.5077134089689648, "log10_subsample": -0.07363233165318595, "max_depth": 9.0, "num_boost_round": 4.0}, "datetime": {"datetime": "2024-01-19 02:22:15", "elapsed": 7843.70797, "delta": 0.005902}}
{"target": -14.818159801325713, "params": {"gamma": 24.131276453724702, "log10_alpha": -4.232858177924852, "log10_colsample_bytree": -0.28138347668743424, "log10_eta": -0.19550639210541298, "log10_lambda": -1.0947746709632558, "log10_min_child_weight": 1.5077134089689648, "log10_subsample": -0.07363233165318595, "max_depth": 9.0, "num_boost_round": 5.0}, "datetime": {"datetime": "2024-01-19 02:22:15", "elapsed": 7843.713733, "delta": 0.005763}}
{"target": -14.889818599704668, "params": {"gamma": 24.131276453724702, "log10_alpha": -4.232858177924852, "log10_colsample_bytree": -0.28138347668743424, "log10_eta": -0.19550639210541298, "log10_lambda": -1.0947746709632558, "log10_min_child_weight": 1.5077134089689648, "log10_subsample": -0.07363233165318595, "max_depth": 9.0, "num_boost_round": 6.0}, "datetime": {"datetime": "2024-01-19 02:22:15", "elapsed": 7843.719497, "delta": 0.005764}}
{"target": -15.04466665544706, "params": {"gamma": 24.131276453724702, "log10_alpha": -4.232858177924852, "log10_colsample_bytree": -0.28138347668743424, "log10_eta": -0.19550639210541298, "log10_lambda": -1.0947746709632558, "log10_min_child_weight": 1.5077134089689648, "log10_subsample": -0.07363233165318595, "max_depth": 9.0, "num_boost_round": 7.0}, "datetime": {"datetime": "2024-01-19 02:22:15", "elapsed": 7843.725227, "delta": 0.00573}}
{"target": -15.12323176470228, "params": {"gamma": 24.131276453724702, "log10_alpha": -4.232858177924852, "log10_colsample_bytree": -0.28138347668743424, "log10_eta": -0.19550639210541298, "log10_lambda": -1.0947746709632558, "log10_min_child_weight": 1.5077134089689648, "log10_subsample": -0.07363233165318595, "max_depth": 9.0, "num_boost_round": 8.0}, "datetime": {"datetime": "2024-01-19 02:22:15", "elapsed": 7843.731107, "delta": 0.00588}}
{"target": -15.144990709966029, "params": {"gamma": 24.131276453724702, "log10_alpha": -4.232858177924852, "log10_colsample_bytree": -0.28138347668743424, "log10_eta": -0.19550639210541298, "log10_lambda": -1.0947746709632558, "log10_min_child_weight": 1.5077134089689648, "log10_subsample": -0.07363233165318595, "max_depth": 9.0, "num_boost_round": 9.0}, "datetime": {"datetime": "2024-01-19 02:22:15", "elapsed": 7843.736972, "delta": 0.005865}}
{"target": -15.183831705037374, "params": {"gamma": 24.131276453724702, "log10_alpha": -4.232858177924852, "log10_colsample_bytree": -0.28138347668743424, "log10_eta": -0.19550639210541298, "log10_lambda": -1.0947746709632558, "log10_min_child_weight": 1.5077134089689648, "log10_subsample": -0.07363233165318595, "max_depth": 9.0, "num_boost_round": 10.0}, "datetime": {"datetime": "2024-01-19 02:22:15", "elapsed": 7843.742662, "delta": 0.00569}}
{"target": -15.238940615129614, "params": {"gamma": 24.131276453724702, "log10_alpha": -4.232858177924852, "log10_colsample_bytree": -0.28138347668743424, "log10_eta": -0.19550639210541298, "log10_lambda": -1.0947746709632558, "log10_min_child_weight": 1.5077134089689648, "log10_subsample": -0.07363233165318595, "max_depth": 9.0, "num_boost_round": 11.0}, "datetime": {"datetime": "2024-01-19 02:22:15", "elapsed": 7843.748566, "delta": 0.005904}}
{"target": -15.27293051169788, "params": {"gamma": 24.131276453724702, "log10_alpha": -4.232858177924852, "log10_colsample_bytree": -0.28138347668743424, "log10_eta": -0.19550639210541298, "log10_lambda": -1.0947746709632558, "log10_min_child_weight": 1.5077134089689648, "log10_subsample": -0.07363233165318595, "max_depth": 9.0, "num_boost_round": 12.0}, "datetime": {"datetime": "2024-01-19 02:22:15", "elapsed": 7843.754421, "delta": 0.005855}}
{"target": -15.327690270092836, "params": {"gamma": 24.131276453724702, "log10_alpha": -4.232858177924852, "log10_colsample_bytree": -0.28138347668743424, "log10_eta": -0.19550639210541298, "log10_lambda": -1.0947746709632558, "log10_min_child_weight": 1.5077134089689648, "log10_subsample": -0.07363233165318595, "max_depth": 9.0, "num_boost_round": 13.0}, "datetime": {"datetime": "2024-01-19 02:22:15", "elapsed": 7843.760246, "delta": 0.005825}}
{"target": -15.36834198334483, "params": {"gamma": 24.131276453724702, "log10_alpha": -4.232858177924852, "log10_colsample_bytree": -0.28138347668743424, "log10_eta": -0.19550639210541298, "log10_lambda": -1.0947746709632558, "log10_min_child_weight": 1.5077134089689648, "log10_subsample": -0.07363233165318595, "max_depth": 9.0, "num_boost_round": 14.0}, "datetime": {"datetime": "2024-01-19 02:22:15", "elapsed": 7843.766132, "delta": 0.005886}}
{"target": -15.442521314995654, "params": {"gamma": 24.131276453724702, "log10_alpha": -4.232858177924852, "log10_colsample_bytree": -0.28138347668743424, "log10_eta": -0.19550639210541298, "log10_lambda": -1.0947746709632558, "log10_min_child_weight": 1.5077134089689648, "log10_subsample": -0.07363233165318595, "max_depth": 9.0, "num_boost_round": 15.0}, "datetime": {"datetime": "2024-01-19 02:22:15", "elapsed": 7843.77229, "delta": 0.006158}}
{"target": -15.46387323614652, "params": {"gamma": 24.131276453724702, "log10_alpha": -4.232858177924852, "log10_colsample_bytree": -0.28138347668743424, "log10_eta": -0.19550639210541298, "log10_lambda": -1.0947746709632558, "log10_min_child_weight": 1.5077134089689648, "log10_subsample": -0.07363233165318595, "max_depth": 9.0, "num_boost_round": 16.0}, "datetime": {"datetime": "2024-01-19 02:22:15", "elapsed": 7843.778168, "delta": 0.005878}}
{"target": -15.49230537044352, "params": {"gamma": 24.131276453724702, "log10_alpha": -4.232858177924852, "log10_colsample_bytree": -0.28138347668743424, "log10_eta": -0.19550639210541298, "log10_lambda": -1.0947746709632558, "log10_min_child_weight": 1.5077134089689648, "log10_subsample": -0.07363233165318595, "max_depth": 9.0, "num_boost_round": 17.0}, "datetime": {"datetime": "2024-01-19 02:22:15", "elapsed": 7843.784731, "delta": 0.006563}}
{"target": -15.508002403693423, "params": {"gamma": 24.131276453724702, "log10_alpha": -4.232858177924852, "log10_colsample_bytree": -0.28138347668743424, "log10_eta": -0.19550639210541298, "log10_lambda": -1.0947746709632558, "log10_min_child_weight": 1.5077134089689648, "log10_subsample": -0.07363233165318595, "max_depth": 9.0, "num_boost_round": 18.0}, "datetime": {"datetime": "2024-01-19 02:22:15", "elapsed": 7843.791141, "delta": 0.00641}}
{"target": -15.555716166734552, "params": {"gamma": 24.131276453724702, "log10_alpha": -4.232858177924852, "log10_colsample_bytree": -0.28138347668743424, "log10_eta": -0.19550639210541298, "log10_lambda": -1.0947746709632558, "log10_min_child_weight": 1.5077134089689648, "log10_subsample": -0.07363233165318595, "max_depth": 9.0, "num_boost_round": 19.0}, "datetime": {"datetime": "2024-01-19 02:22:15", "elapsed": 7843.79707, "delta": 0.005929}}
{"target": -15.578743241321096, "params": {"gamma": 24.131276453724702, "log10_alpha": -4.232858177924852, "log10_colsample_bytree": -0.28138347668743424, "log10_eta": -0.19550639210541298, "log10_lambda": -1.0947746709632558, "log10_min_child_weight": 1.5077134089689648, "log10_subsample": -0.07363233165318595, "max_depth": 9.0, "num_boost_round": 20.0}, "datetime": {"datetime": "2024-01-19 02:22:15", "elapsed": 7843.803375, "delta": 0.006305}}
{"target": -15.611927008604837, "params": {"gamma": 24.131276453724702, "log10_alpha": -4.232858177924852, "log10_colsample_bytree": -0.28138347668743424, "log10_eta": -0.19550639210541298, "log10_lambda": -1.0947746709632558, "log10_min_child_weight": 1.5077134089689648, "log10_subsample": -0.07363233165318595, "max_depth": 9.0, "num_boost_round": 21.0}, "datetime": {"datetime": "2024-01-19 02:22:15", "elapsed": 7843.809275, "delta": 0.0059}}
{"target": -15.637741122351988, "params": {"gamma": 24.131276453724702, "log10_alpha": -4.232858177924852, "log10_colsample_bytree": -0.28138347668743424, "log10_eta": -0.19550639210541298, "log10_lambda": -1.0947746709632558, "log10_min_child_weight": 1.5077134089689648, "log10_subsample": -0.07363233165318595, "max_depth": 9.0, "num_boost_round": 22.0}, "datetime": {"datetime": "2024-01-19 02:22:15", "elapsed": 7843.815001, "delta": 0.005726}}
{"target": -15.70545412302353, "params": {"gamma": 24.131276453724702, "log10_alpha": -4.232858177924852, "log10_colsample_bytree": -0.28138347668743424, "log10_eta": -0.19550639210541298, "log10_lambda": -1.0947746709632558, "log10_min_child_weight": 1.5077134089689648, "log10_subsample": -0.07363233165318595, "max_depth": 9.0, "num_boost_round": 23.0}, "datetime": {"datetime": "2024-01-19 02:22:15", "elapsed": 7843.820846, "delta": 0.005845}}
{"target": -15.736719613182986, "params": {"gamma": 24.131276453724702, "log10_alpha": -4.232858177924852, "log10_colsample_bytree": -0.28138347668743424, "log10_eta": -0.19550639210541298, "log10_lambda": -1.0947746709632558, "log10_min_child_weight": 1.5077134089689648, "log10_subsample": -0.07363233165318595, "max_depth": 9.0, "num_boost_round": 24.0}, "datetime": {"datetime": "2024-01-19 02:22:15", "elapsed": 7843.826742, "delta": 0.005896}}
{"target": -15.760871921762917, "params": {"gamma": 24.131276453724702, "log10_alpha": -4.232858177924852, "log10_colsample_bytree": -0.28138347668743424, "log10_eta": -0.19550639210541298, "log10_lambda": -1.0947746709632558, "log10_min_child_weight": 1.5077134089689648, "log10_subsample": -0.07363233165318595, "max_depth": 9.0, "num_boost_round": 25.0}, "datetime": {"datetime": "2024-01-19 02:22:15", "elapsed": 7843.832656, "delta": 0.005914}}
{"target": -15.797140906121777, "params": {"gamma": 24.131276453724702, "log10_alpha": -4.232858177924852, "log10_colsample_bytree": -0.28138347668743424, "log10_eta": -0.19550639210541298, "log10_lambda": -1.0947746709632558, "log10_min_child_weight": 1.5077134089689648, "log10_subsample": -0.07363233165318595, "max_depth": 9.0, "num_boost_round": 26.0}, "datetime": {"datetime": "2024-01-19 02:22:15", "elapsed": 7843.838725, "delta": 0.006069}}
{"target": -15.823871630860397, "params": {"gamma": 24.131276453724702, "log10_alpha": -4.232858177924852, "log10_colsample_bytree": -0.28138347668743424, "log10_eta": -0.19550639210541298, "log10_lambda": -1.0947746709632558, "log10_min_child_weight": 1.5077134089689648, "log10_subsample": -0.07363233165318595, "max_depth": 9.0, "num_boost_round": 27.0}, "datetime": {"datetime": "2024-01-19 02:22:15", "elapsed": 7843.844981, "delta": 0.006256}}
{"target": -15.846444914569572, "params": {"gamma": 24.131276453724702, "log10_alpha": -4.232858177924852, "log10_colsample_bytree": -0.28138347668743424, "log10_eta": -0.19550639210541298, "log10_lambda": -1.0947746709632558, "log10_min_child_weight": 1.5077134089689648, "log10_subsample": -0.07363233165318595, "max_depth": 9.0, "num_boost_round": 28.0}, "datetime": {"datetime": "2024-01-19 02:22:15", "elapsed": 7843.850792, "delta": 0.005811}}
{"target": -15.862658850096333, "params": {"gamma": 24.131276453724702, "log10_alpha": -4.232858177924852, "log10_colsample_bytree": -0.28138347668743424, "log10_eta": -0.19550639210541298, "log10_lambda": -1.0947746709632558, "log10_min_child_weight": 1.5077134089689648, "log10_subsample": -0.07363233165318595, "max_depth": 9.0, "num_boost_round": 29.0}, "datetime": {"datetime": "2024-01-19 02:22:15", "elapsed": 7843.856547, "delta": 0.005755}}
{"target": -15.882974009212406, "params": {"gamma": 24.131276453724702, "log10_alpha": -4.232858177924852, "log10_colsample_bytree": -0.28138347668743424, "log10_eta": -0.19550639210541298, "log10_lambda": -1.0947746709632558, "log10_min_child_weight": 1.5077134089689648, "log10_subsample": -0.07363233165318595, "max_depth": 9.0, "num_boost_round": 30.0}, "datetime": {"datetime": "2024-01-19 02:22:15", "elapsed": 7843.862291, "delta": 0.005744}}
{"target": -15.894700486777406, "params": {"gamma": 24.131276453724702, "log10_alpha": -4.232858177924852, "log10_colsample_bytree": -0.28138347668743424, "log10_eta": -0.19550639210541298, "log10_lambda": -1.0947746709632558, "log10_min_child_weight": 1.5077134089689648, "log10_subsample": -0.07363233165318595, "max_depth": 9.0, "num_boost_round": 31.0}, "datetime": {"datetime": "2024-01-19 02:22:15", "elapsed": 7843.868153, "delta": 0.005862}}
{"target": -15.922257202108788, "params": {"gamma": 24.131276453724702, "log10_alpha": -4.232858177924852, "log10_colsample_bytree": -0.28138347668743424, "log10_eta": -0.19550639210541298, "log10_lambda": -1.0947746709632558, "log10_min_child_weight": 1.5077134089689648, "log10_subsample": -0.07363233165318595, "max_depth": 9.0, "num_boost_round": 32.0}, "datetime": {"datetime": "2024-01-19 02:22:15", "elapsed": 7843.873918, "delta": 0.005765}}
{"target": -15.938052953440184, "params": {"gamma": 24.131276453724702, "log10_alpha": -4.232858177924852, "log10_colsample_bytree": -0.28138347668743424, "log10_eta": -0.19550639210541298, "log10_lambda": -1.0947746709632558, "log10_min_child_weight": 1.5077134089689648, "log10_subsample": -0.07363233165318595, "max_depth": 9.0, "num_boost_round": 33.0}, "datetime": {"datetime": "2024-01-19 02:22:15", "elapsed": 7843.87968, "delta": 0.005762}}
{"target": -15.971773347318146, "params": {"gamma": 24.131276453724702, "log10_alpha": -4.232858177924852, "log10_colsample_bytree": -0.28138347668743424, "log10_eta": -0.19550639210541298, "log10_lambda": -1.0947746709632558, "log10_min_child_weight": 1.5077134089689648, "log10_subsample": -0.07363233165318595, "max_depth": 9.0, "num_boost_round": 34.0}, "datetime": {"datetime": "2024-01-19 02:22:15", "elapsed": 7843.885441, "delta": 0.005761}}
{"target": -16.01130645127, "params": {"gamma": 24.131276453724702, "log10_alpha": -4.232858177924852, "log10_colsample_bytree": -0.28138347668743424, "log10_eta": -0.19550639210541298, "log10_lambda": -1.0947746709632558, "log10_min_child_weight": 1.5077134089689648, "log10_subsample": -0.07363233165318595, "max_depth": 9.0, "num_boost_round": 35.0}, "datetime": {"datetime": "2024-01-19 02:22:15", "elapsed": 7843.891198, "delta": 0.005757}}
{"target": -16.03285837250476, "params": {"gamma": 24.131276453724702, "log10_alpha": -4.232858177924852, "log10_colsample_bytree": -0.28138347668743424, "log10_eta": -0.19550639210541298, "log10_lambda": -1.0947746709632558, "log10_min_child_weight": 1.5077134089689648, "log10_subsample": -0.07363233165318595, "max_depth": 9.0, "num_boost_round": 36.0}, "datetime": {"datetime": "2024-01-19 02:22:15", "elapsed": 7843.897017, "delta": 0.005819}}
{"target": -16.073649274516907, "params": {"gamma": 24.131276453724702, "log10_alpha": -4.232858177924852, "log10_colsample_bytree": -0.28138347668743424, "log10_eta": -0.19550639210541298, "log10_lambda": -1.0947746709632558, "log10_min_child_weight": 1.5077134089689648, "log10_subsample": -0.07363233165318595, "max_depth": 9.0, "num_boost_round": 37.0}, "datetime": {"datetime": "2024-01-19 02:22:15", "elapsed": 7843.902911, "delta": 0.005894}}
{"target": -16.09557558961283, "params": {"gamma": 24.131276453724702, "log10_alpha": -4.232858177924852, "log10_colsample_bytree": -0.28138347668743424, "log10_eta": -0.19550639210541298, "log10_lambda": -1.0947746709632558, "log10_min_child_weight": 1.5077134089689648, "log10_subsample": -0.07363233165318595, "max_depth": 9.0, "num_boost_round": 38.0}, "datetime": {"datetime": "2024-01-19 02:22:15", "elapsed": 7843.908985, "delta": 0.006074}}
{"target": -16.131680281584433, "params": {"gamma": 24.131276453724702, "log10_alpha": -4.232858177924852, "log10_colsample_bytree": -0.28138347668743424, "log10_eta": -0.19550639210541298, "log10_lambda": -1.0947746709632558, "log10_min_child_weight": 1.5077134089689648, "log10_subsample": -0.07363233165318595, "max_depth": 9.0, "num_boost_round": 39.0}, "datetime": {"datetime": "2024-01-19 02:22:15", "elapsed": 7843.9151, "delta": 0.006115}}
{"target": -16.143132485548062, "params": {"gamma": 24.131276453724702, "log10_alpha": -4.232858177924852, "log10_colsample_bytree": -0.28138347668743424, "log10_eta": -0.19550639210541298, "log10_lambda": -1.0947746709632558, "log10_min_child_weight": 1.5077134089689648, "log10_subsample": -0.07363233165318595, "max_depth": 9.0, "num_boost_round": 40.0}, "datetime": {"datetime": "2024-01-19 02:22:15", "elapsed": 7843.920961, "delta": 0.005861}}
{"target": -16.14922901590954, "params": {"gamma": 24.131276453724702, "log10_alpha": -4.232858177924852, "log10_colsample_bytree": -0.28138347668743424, "log10_eta": -0.19550639210541298, "log10_lambda": -1.0947746709632558, "log10_min_child_weight": 1.5077134089689648, "log10_subsample": -0.07363233165318595, "max_depth": 9.0, "num_boost_round": 41.0}, "datetime": {"datetime": "2024-01-19 02:22:15", "elapsed": 7843.926786, "delta": 0.005825}}
{"target": -16.16588030988379, "params": {"gamma": 24.131276453724702, "log10_alpha": -4.232858177924852, "log10_colsample_bytree": -0.28138347668743424, "log10_eta": -0.19550639210541298, "log10_lambda": -1.0947746709632558, "log10_min_child_weight": 1.5077134089689648, "log10_subsample": -0.07363233165318595, "max_depth": 9.0, "num_boost_round": 42.0}, "datetime": {"datetime": "2024-01-19 02:22:15", "elapsed": 7843.933309, "delta": 0.006523}}
{"target": -16.175044192839213, "params": {"gamma": 24.131276453724702, "log10_alpha": -4.232858177924852, "log10_colsample_bytree": -0.28138347668743424, "log10_eta": -0.19550639210541298, "log10_lambda": -1.0947746709632558, "log10_min_child_weight": 1.5077134089689648, "log10_subsample": -0.07363233165318595, "max_depth": 9.0, "num_boost_round": 43.0}, "datetime": {"datetime": "2024-01-19 02:22:15", "elapsed": 7843.939214, "delta": 0.005905}}
{"target": -16.19945649745129, "params": {"gamma": 24.131276453724702, "log10_alpha": -4.232858177924852, "log10_colsample_bytree": -0.28138347668743424, "log10_eta": -0.19550639210541298, "log10_lambda": -1.0947746709632558, "log10_min_child_weight": 1.5077134089689648, "log10_subsample": -0.07363233165318595, "max_depth": 9.0, "num_boost_round": 44.0}, "datetime": {"datetime": "2024-01-19 02:22:15", "elapsed": 7843.945079, "delta": 0.005865}}
{"target": -16.226776441180768, "params": {"gamma": 24.131276453724702, "log10_alpha": -4.232858177924852, "log10_colsample_bytree": -0.28138347668743424, "log10_eta": -0.19550639210541298, "log10_lambda": -1.0947746709632558, "log10_min_child_weight": 1.5077134089689648, "log10_subsample": -0.07363233165318595, "max_depth": 9.0, "num_boost_round": 45.0}, "datetime": {"datetime": "2024-01-19 02:22:15", "elapsed": 7843.950892, "delta": 0.005813}}
{"target": -16.24371252953741, "params": {"gamma": 24.131276453724702, "log10_alpha": -4.232858177924852, "log10_colsample_bytree": -0.28138347668743424, "log10_eta": -0.19550639210541298, "log10_lambda": -1.0947746709632558, "log10_min_child_weight": 1.5077134089689648, "log10_subsample": -0.07363233165318595, "max_depth": 9.0, "num_boost_round": 46.0}, "datetime": {"datetime": "2024-01-19 02:22:15", "elapsed": 7843.956645, "delta": 0.005753}}
{"target": -16.276758119432436, "params": {"gamma": 24.131276453724702, "log10_alpha": -4.232858177924852, "log10_colsample_bytree": -0.28138347668743424, "log10_eta": -0.19550639210541298, "log10_lambda": -1.0947746709632558, "log10_min_child_weight": 1.5077134089689648, "log10_subsample": -0.07363233165318595, "max_depth": 9.0, "num_boost_round": 47.0}, "datetime": {"datetime": "2024-01-19 02:22:15", "elapsed": 7843.962496, "delta": 0.005851}}
{"target": -13.758536966348442, "params": {"gamma": 28.39763716735355, "log10_alpha": -3.891924069588411, "log10_colsample_bytree": -0.48939417965732956, "log10_eta": -3.2480008897915527, "log10_lambda": -4.0537371392368655, "log10_min_child_weight": 4.1071672371761725, "log10_subsample": -0.4423868591265001, "max_depth": 8.0, "num_boost_round": 0.0}, "datetime": {"datetime": "2024-01-19 02:23:36", "elapsed": 7925.035103, "delta": 81.072607}}
{"target": -13.758534339897114, "params": {"gamma": 28.39763716735355, "log10_alpha": -3.891924069588411, "log10_colsample_bytree": -0.48939417965732956, "log10_eta": -3.2480008897915527, "log10_lambda": -4.0537371392368655, "log10_min_child_weight": 4.1071672371761725, "log10_subsample": -0.4423868591265001, "max_depth": 8.0, "num_boost_round": 1.0}, "datetime": {"datetime": "2024-01-19 02:23:36", "elapsed": 7925.041338, "delta": 0.006235}}
{"target": -13.758540658623676, "params": {"gamma": 28.39763716735355, "log10_alpha": -3.891924069588411, "log10_colsample_bytree": -0.48939417965732956, "log10_eta": -3.2480008897915527, "log10_lambda": -4.0537371392368655, "log10_min_child_weight": 4.1071672371761725, "log10_subsample": -0.4423868591265001, "max_depth": 8.0, "num_boost_round": 2.0}, "datetime": {"datetime": "2024-01-19 02:23:36", "elapsed": 7925.047348, "delta": 0.00601}}
{"target": -13.758539416289004, "params": {"gamma": 28.39763716735355, "log10_alpha": -3.891924069588411, "log10_colsample_bytree": -0.48939417965732956, "log10_eta": -3.2480008897915527, "log10_lambda": -4.0537371392368655, "log10_min_child_weight": 4.1071672371761725, "log10_subsample": -0.4423868591265001, "max_depth": 8.0, "num_boost_round": 3.0}, "datetime": {"datetime": "2024-01-19 02:23:36", "elapsed": 7925.053239, "delta": 0.005891}}
{"target": -13.75853107300087, "params": {"gamma": 28.39763716735355, "log10_alpha": -3.891924069588411, "log10_colsample_bytree": -0.48939417965732956, "log10_eta": -3.2480008897915527, "log10_lambda": -4.0537371392368655, "log10_min_child_weight": 4.1071672371761725, "log10_subsample": -0.4423868591265001, "max_depth": 8.0, "num_boost_round": 4.0}, "datetime": {"datetime": "2024-01-19 02:23:36", "elapsed": 7925.059103, "delta": 0.005864}}
