{"target": -13.758537556724482, "params": {"gamma": 565.0036182962435, "log10_alpha": -5.0, "log10_colsample_bytree": -1.0, "log10_eta": -4.0, "log10_lambda": -2.4572842835286384, "log10_min_child_weight": 5.0, "log10_subsample": 0.0, "max_depth": 6.0, "num_boost_round": 1.0}, "datetime": {"datetime": "2024-01-19 01:49:11", "elapsed": 5882.89449, "delta": 0.00695}}
{"target": -13.758537124574342, "params": {"gamma": 565.0036182962435, "log10_alpha": -5.0, "log10_colsample_bytree": -1.0, "log10_eta": -4.0, "log10_lambda": -2.4572842835286384, "log10_min_child_weight": 5.0, "log10_subsample": 0.0, "max_depth": 6.0, "num_boost_round": 2.0}, "datetime": {"datetime": "2024-01-19 01:49:11", "elapsed": 5882.900402, "delta": 0.005912}}
{"target": -13.758537399555614, "params": {"gamma": 565.0036182962435, "log10_alpha": -5.0, "log10_colsample_bytree": -1.0, "log10_eta": -4.0, "log10_lambda": -2.4572842835286384, "log10_min_child_weight": 5.0, "log10_subsample": 0.0, "max_depth": 6.0, "num_boost_round": 3.0}, "datetime": {"datetime": "2024-01-19 01:49:11", "elapsed": 5882.906322, "delta": 0.00592}}
{"target": -13.758537274170186, "params": {"gamma": 565.0036182962435, "log10_alpha": -5.0, "log10_colsample_bytree": -1.0, "log10_eta": -4.0, "log10_lambda": -2.4572842835286384, "log10_min_child_weight": 5.0, "log10_subsample": 0.0, "max_depth": 6.0, "num_boost_round": 4.0}, "datetime": {"datetime": "2024-01-19 01:49:11", "elapsed": 5882.912194, "delta": 0.005872}}
{"target": -13.75853716422562, "params": {"gamma": 565.0036182962435, "log10_alpha": -5.0, "log10_colsample_bytree": -1.0, "log10_eta": -4.0, "log10_lambda": -2.4572842835286384, "log10_min_child_weight": 5.0, "log10_subsample": 0.0, "max_depth": 6.0, "num_boost_round": 5.0}, "datetime": {"datetime": "2024-01-19 01:49:11", "elapsed": 5882.91802, "delta": 0.005826}}
{"target": -13.758536620688616, "params": {"gamma": 565.0036182962435, "log10_alpha": -5.0, "log10_colsample_bytree": -1.0, "log10_eta": -4.0, "log10_lambda": -2.4572842835286384, "log10_min_child_weight": 5.0, "log10_subsample": 0.0, "max_depth": 6.0, "num_boost_round": 6.0}, "datetime": {"datetime": "2024-01-19 01:49:11", "elapsed": 5882.92402, "delta": 0.006}}
{"target": -13.758535770442673, "params": {"gamma": 565.0036182962435, "log10_alpha": -5.0, "log10_colsample_bytree": -1.0, "log10_eta": -4.0, "log10_lambda": -2.4572842835286384, "log10_min_child_weight": 5.0, "log10_subsample": 0.0, "max_depth": 6.0, "num_boost_round": 7.0}, "datetime": {"datetime": "2024-01-19 01:49:11", "elapsed": 5882.93012, "delta": 0.0061}}
{"target": -13.758535829181351, "params": {"gamma": 565.0036182962435, "log10_alpha": -5.0, "log10_colsample_bytree": -1.0, "log10_eta": -4.0, "log10_lambda": -2.4572842835286384, "log10_min_child_weight": 5.0, "log10_subsample": 0.0, "max_depth": 6.0, "num_boost_round": 8.0}, "datetime": {"datetime": "2024-01-19 01:49:11", "elapsed": 5882.935798, "delta": 0.005678}}
{"target": -13.758535818764598, "params": {"gamma": 565.0036182962435, "log10_alpha": -5.0, "log10_colsample_bytree": -1.0, "log10_eta": -4.0, "log10_lambda": -2.4572842835286384, "log10_min_child_weight": 5.0, "log10_subsample": 0.0, "max_depth": 6.0, "num_boost_round": 9.0}, "datetime": {"datetime": "2024-01-19 01:49:11", "elapsed": 5882.941483, "delta": 0.005685}}
{"target": -13.758535857206454, "params": {"gamma": 565.0036182962435, "log10_alpha": -5.0, "log10_colsample_bytree": -1.0, "log10_eta": -4.0, "log10_lambda": -2.4572842835286384, "log10_min_child_weight": 5.0, "log10_subsample": 0.0, "max_depth": 6.0, "num_boost_round": 10.0}, "datetime": {"datetime": "2024-01-19 01:49:11", "elapsed": 5882.947538, "delta": 0.006055}}
{"target": -13.758536115218071, "params": {"gamma": 565.0036182962435, "log10_alpha": -5.0, "log10_colsample_bytree": -1.0, "log10_eta": -4.0, "log10_lambda": -2.4572842835286384, "log10_min_child_weight": 5.0, "log10_subsample": 0.0, "max_depth": 6.0, "num_boost_round": 11.0}, "datetime": {"datetime": "2024-01-19 01:49:11", "elapsed": 5882.953447, "delta": 0.005909}}
{"target": -13.758535574579493, "params": {"gamma": 565.0036182962435, "log10_alpha": -5.0, "log10_colsample_bytree": -1.0, "log10_eta": -4.0, "log10_lambda": -2.4572842835286384, "log10_min_child_weight": 5.0, "log10_subsample": 0.0, "max_depth": 6.0, "num_boost_round": 12.0}, "datetime": {"datetime": "2024-01-19 01:49:11", "elapsed": 5882.959358, "delta": 0.005911}}
{"target": -13.75853470568916, "params": {"gamma": 565.0036182962435, "log10_alpha": -5.0, "log10_colsample_bytree": -1.0, "log10_eta": -4.0, "log10_lambda": -2.4572842835286384, "log10_min_child_weight": 5.0, "log10_subsample": 0.0, "max_depth": 6.0, "num_boost_round": 13.0}, "datetime": {"datetime": "2024-01-19 01:49:11", "elapsed": 5882.965197, "delta": 0.005839}}
{"target": -13.758534406242207, "params": {"gamma": 565.0036182962435, "log10_alpha": -5.0, "log10_colsample_bytree": -1.0, "log10_eta": -4.0, "log10_lambda": -2.4572842835286384, "log10_min_child_weight": 5.0, "log10_subsample": 0.0, "max_depth": 6.0, "num_boost_round": 14.0}, "datetime": {"datetime": "2024-01-19 01:49:11", "elapsed": 5882.971018, "delta": 0.005821}}
{"target": -13.758533213242185, "params": {"gamma": 565.0036182962435, "log10_alpha": -5.0, "log10_colsample_bytree": -1.0, "log10_eta": -4.0, "log10_lambda": -2.4572842835286384, "log10_min_child_weight": 5.0, "log10_subsample": 0.0, "max_depth": 6.0, "num_boost_round": 15.0}, "datetime": {"datetime": "2024-01-19 01:49:11", "elapsed": 5882.97668, "delta": 0.005662}}
{"target": -13.75853225592717, "params": {"gamma": 565.0036182962435, "log10_alpha": -5.0, "log10_colsample_bytree": -1.0, "log10_eta": -4.0, "log10_lambda": -2.4572842835286384, "log10_min_child_weight": 5.0, "log10_subsample": 0.0, "max_depth": 6.0, "num_boost_round": 16.0}, "datetime": {"datetime": "2024-01-19 01:49:11", "elapsed": 5882.982769, "delta": 0.006089}}
{"target": -13.758532450389588, "params": {"gamma": 565.0036182962435, "log10_alpha": -5.0, "log10_colsample_bytree": -1.0, "log10_eta": -4.0, "log10_lambda": -2.4572842835286384, "log10_min_child_weight": 5.0, "log10_subsample": 0.0, "max_depth": 6.0, "num_boost_round": 17.0}, "datetime": {"datetime": "2024-01-19 01:49:11", "elapsed": 5882.988658, "delta": 0.005889}}
{"target": -13.758531990875143, "params": {"gamma": 565.0036182962435, "log10_alpha": -5.0, "log10_colsample_bytree": -1.0, "log10_eta": -4.0, "log10_lambda": -2.4572842835286384, "log10_min_child_weight": 5.0, "log10_subsample": 0.0, "max_depth": 6.0, "num_boost_round": 18.0}, "datetime": {"datetime": "2024-01-19 01:49:11", "elapsed": 5882.994699, "delta": 0.006041}}
{"target": -13.758531529520203, "params": {"gamma": 565.0036182962435, "log10_alpha": -5.0, "log10_colsample_bytree": -1.0, "log10_eta": -4.0, "log10_lambda": -2.4572842835286384, "log10_min_child_weight": 5.0, "log10_subsample": 0.0, "max_depth": 6.0, "num_boost_round": 19.0}, "datetime": {"datetime": "2024-01-19 01:49:11", "elapsed": 5883.000804, "delta": 0.006105}}
{"target": -13.758531593415539, "params": {"gamma": 565.0036182962435, "log10_alpha": -5.0, "log10_colsample_bytree": -1.0, "log10_eta": -4.0, "log10_lambda": -2.4572842835286384, "log10_min_child_weight": 5.0, "log10_subsample": 0.0, "max_depth": 6.0, "num_boost_round": 20.0}, "datetime": {"datetime": "2024-01-19 01:49:11", "elapsed": 5883.006655, "delta": 0.005851}}
{"target": -13.758530998505451, "params": {"gamma": 565.0036182962435, "log10_alpha": -5.0, "log10_colsample_bytree": -1.0, "log10_eta": -4.0, "log10_lambda": -2.4572842835286384, "log10_min_child_weight": 5.0, "log10_subsample": 0.0, "max_depth": 6.0, "num_boost_round": 21.0}, "datetime": {"datetime": "2024-01-19 01:49:11", "elapsed": 5883.01238, "delta": 0.005725}}
{"target": -13.75853136224408, "params": {"gamma": 565.0036182962435, "log10_alpha": -5.0, "log10_colsample_bytree": -1.0, "log10_eta": -4.0, "log10_lambda": -2.4572842835286384, "log10_min_child_weight": 5.0, "log10_subsample": 0.0, "max_depth": 6.0, "num_boost_round": 22.0}, "datetime": {"datetime": "2024-01-19 01:49:11", "elapsed": 5883.018211, "delta": 0.005831}}
{"target": -13.758531066940456, "params": {"gamma": 565.0036182962435, "log10_alpha": -5.0, "log10_colsample_bytree": -1.0, "log10_eta": -4.0, "log10_lambda": -2.4572842835286384, "log10_min_child_weight": 5.0, "log10_subsample": 0.0, "max_depth": 6.0, "num_boost_round": 23.0}, "datetime": {"datetime": "2024-01-19 01:49:11", "elapsed": 5883.024014, "delta": 0.005803}}
{"target": -13.758531117284967, "params": {"gamma": 565.0036182962435, "log10_alpha": -5.0, "log10_colsample_bytree": -1.0, "log10_eta": -4.0, "log10_lambda": -2.4572842835286384, "log10_min_child_weight": 5.0, "log10_subsample": 0.0, "max_depth": 6.0, "num_boost_round": 24.0}, "datetime": {"datetime": "2024-01-19 01:49:11", "elapsed": 5883.029838, "delta": 0.005824}}
{"target": -13.758531045701869, "params": {"gamma": 565.0036182962435, "log10_alpha": -5.0, "log10_colsample_bytree": -1.0, "log10_eta": -4.0, "log10_lambda": -2.4572842835286384, "log10_min_child_weight": 5.0, "log10_subsample": 0.0, "max_depth": 6.0, "num_boost_round": 25.0}, "datetime": {"datetime": "2024-01-19 01:49:11", "elapsed": 5883.035636, "delta": 0.005798}}
{"target": -13.75853178568717, "params": {"gamma": 565.0036182962435, "log10_alpha": -5.0, "log10_colsample_bytree": -1.0, "log10_eta": -4.0, "log10_lambda": -2.4572842835286384, "log10_min_child_weight": 5.0, "log10_subsample": 0.0, "max_depth": 6.0, "num_boost_round": 26.0}, "datetime": {"datetime": "2024-01-19 01:49:11", "elapsed": 5883.041743, "delta": 0.006107}}
{"target": -13.758531129855058, "params": {"gamma": 565.0036182962435, "log10_alpha": -5.0, "log10_colsample_bytree": -1.0, "log10_eta": -4.0, "log10_lambda": -2.4572842835286384, "log10_min_child_weight": 5.0, "log10_subsample": 0.0, "max_depth": 6.0, "num_boost_round": 27.0}, "datetime": {"datetime": "2024-01-19 01:49:11", "elapsed": 5883.04792, "delta": 0.006177}}
{"target": -13.758530069731817, "params": {"gamma": 565.0036182962435, "log10_alpha": -5.0, "log10_colsample_bytree": -1.0, "log10_eta": -4.0, "log10_lambda": -2.4572842835286384, "log10_min_child_weight": 5.0, "log10_subsample": 0.0, "max_depth": 6.0, "num_boost_round": 28.0}, "datetime": {"datetime": "2024-01-19 01:49:11", "elapsed": 5883.178114, "delta": 0.130194}}
{"target": -13.758529107640046, "params": {"gamma": 565.0036182962435, "log10_alpha": -5.0, "log10_colsample_bytree": -1.0, "log10_eta": -4.0, "log10_lambda": -2.4572842835286384, "log10_min_child_weight": 5.0, "log10_subsample": 0.0, "max_depth": 6.0, "num_boost_round": 29.0}, "datetime": {"datetime": "2024-01-19 01:49:11", "elapsed": 5883.185627, "delta": 0.007513}}
{"target": -13.758528670870692, "params": {"gamma": 565.0036182962435, "log10_alpha": -5.0, "log10_colsample_bytree": -1.0, "log10_eta": -4.0, "log10_lambda": -2.4572842835286384, "log10_min_child_weight": 5.0, "log10_subsample": 0.0, "max_depth": 6.0, "num_boost_round": 30.0}, "datetime": {"datetime": "2024-01-19 01:49:11", "elapsed": 5883.192355, "delta": 0.006728}}
{"target": -13.758528953891318, "params": {"gamma": 565.0036182962435, "log10_alpha": -5.0, "log10_colsample_bytree": -1.0, "log10_eta": -4.0, "log10_lambda": -2.4572842835286384, "log10_min_child_weight": 5.0, "log10_subsample": 0.0, "max_depth": 6.0, "num_boost_round": 31.0}, "datetime": {"datetime": "2024-01-19 01:49:11", "elapsed": 5883.198363, "delta": 0.006008}}
{"target": -13.758528481309655, "params": {"gamma": 565.0036182962435, "log10_alpha": -5.0, "log10_colsample_bytree": -1.0, "log10_eta": -4.0, "log10_lambda": -2.4572842835286384, "log10_min_child_weight": 5.0, "log10_subsample": 0.0, "max_depth": 6.0, "num_boost_round": 32.0}, "datetime": {"datetime": "2024-01-19 01:49:11", "elapsed": 5883.204213, "delta": 0.00585}}
{"target": -13.75852776598534, "params": {"gamma": 565.0036182962435, "log10_alpha": -5.0, "log10_colsample_bytree": -1.0, "log10_eta": -4.0, "log10_lambda": -2.4572842835286384, "log10_min_child_weight": 5.0, "log10_subsample": 0.0, "max_depth": 6.0, "num_boost_round": 33.0}, "datetime": {"datetime": "2024-01-19 01:49:11", "elapsed": 5883.210055, "delta": 0.005842}}
{"target": -13.758527349029332, "params": {"gamma": 565.0036182962435, "log10_alpha": -5.0, "log10_colsample_bytree": -1.0, "log10_eta": -4.0, "log10_lambda": -2.4572842835286384, "log10_min_child_weight": 5.0, "log10_subsample": 0.0, "max_depth": 6.0, "num_boost_round": 34.0}, "datetime": {"datetime": "2024-01-19 01:49:11", "elapsed": 5883.215923, "delta": 0.005868}}
{"target": -13.758526884133332, "params": {"gamma": 565.0036182962435, "log10_alpha": -5.0, "log10_colsample_bytree": -1.0, "log10_eta": -4.0, "log10_lambda": -2.4572842835286384, "log10_min_child_weight": 5.0, "log10_subsample": 0.0, "max_depth": 6.0, "num_boost_round": 35.0}, "datetime": {"datetime": "2024-01-19 01:49:11", "elapsed": 5883.221846, "delta": 0.005923}}
{"target": -13.758526822960901, "params": {"gamma": 565.0036182962435, "log10_alpha": -5.0, "log10_colsample_bytree": -1.0, "log10_eta": -4.0, "log10_lambda": -2.4572842835286384, "log10_min_child_weight": 5.0, "log10_subsample": 0.0, "max_depth": 6.0, "num_boost_round": 36.0}, "datetime": {"datetime": "2024-01-19 01:49:11", "elapsed": 5883.227844, "delta": 0.005998}}
{"target": -13.758525976059103, "params": {"gamma": 565.0036182962435, "log10_alpha": -5.0, "log10_colsample_bytree": -1.0, "log10_eta": -4.0, "log10_lambda": -2.4572842835286384, "log10_min_child_weight": 5.0, "log10_subsample": 0.0, "max_depth": 6.0, "num_boost_round": 37.0}, "datetime": {"datetime": "2024-01-19 01:49:11", "elapsed": 5883.233793, "delta": 0.005949}}
{"target": -13.758526412106416, "params": {"gamma": 565.0036182962435, "log10_alpha": -5.0, "log10_colsample_bytree": -1.0, "log10_eta": -4.0, "log10_lambda": -2.4572842835286384, "log10_min_child_weight": 5.0, "log10_subsample": 0.0, "max_depth": 6.0, "num_boost_round": 38.0}, "datetime": {"datetime": "2024-01-19 01:49:11", "elapsed": 5883.239788, "delta": 0.005995}}
{"target": -13.75852587726085, "params": {"gamma": 565.0036182962435, "log10_alpha": -5.0, "log10_colsample_bytree": -1.0, "log10_eta": -4.0, "log10_lambda": -2.4572842835286384, "log10_min_child_weight": 5.0, "log10_subsample": 0.0, "max_depth": 6.0, "num_boost_round": 39.0}, "datetime": {"datetime": "2024-01-19 01:49:11", "elapsed": 5883.245724, "delta": 0.005936}}
{"target": -13.75852530848525, "params": {"gamma": 565.0036182962435, "log10_alpha": -5.0, "log10_colsample_bytree": -1.0, "log10_eta": -4.0, "log10_lambda": -2.4572842835286384, "log10_min_child_weight": 5.0, "log10_subsample": 0.0, "max_depth": 6.0, "num_boost_round": 40.0}, "datetime": {"datetime": "2024-01-19 01:49:11", "elapsed": 5883.251716, "delta": 0.005992}}
{"target": -13.758525008273427, "params": {"gamma": 565.0036182962435, "log10_alpha": -5.0, "log10_colsample_bytree": -1.0, "log10_eta": -4.0, "log10_lambda": -2.4572842835286384, "log10_min_child_weight": 5.0, "log10_subsample": 0.0, "max_depth": 6.0, "num_boost_round": 41.0}, "datetime": {"datetime": "2024-01-19 01:49:11", "elapsed": 5883.257736, "delta": 0.00602}}
{"target": -13.758525892419396, "params": {"gamma": 565.0036182962435, "log10_alpha": -5.0, "log10_colsample_bytree": -1.0, "log10_eta": -4.0, "log10_lambda": -2.4572842835286384, "log10_min_child_weight": 5.0, "log10_subsample": 0.0, "max_depth": 6.0, "num_boost_round": 42.0}, "datetime": {"datetime": "2024-01-19 01:49:11", "elapsed": 5883.264034, "delta": 0.006298}}
{"target": -13.758525532951221, "params": {"gamma": 565.0036182962435, "log10_alpha": -5.0, "log10_colsample_bytree": -1.0, "log10_eta": -4.0, "log10_lambda": -2.4572842835286384, "log10_min_child_weight": 5.0, "log10_subsample": 0.0, "max_depth": 6.0, "num_boost_round": 43.0}, "datetime": {"datetime": "2024-01-19 01:49:11", "elapsed": 5883.269895, "delta": 0.005861}}
{"target": -13.758524663559605, "params": {"gamma": 565.0036182962435, "log10_alpha": -5.0, "log10_colsample_bytree": -1.0, "log10_eta": -4.0, "log10_lambda": -2.4572842835286384, "log10_min_child_weight": 5.0, "log10_subsample": 0.0, "max_depth": 6.0, "num_boost_round": 44.0}, "datetime": {"datetime": "2024-01-19 01:49:11", "elapsed": 5883.275812, "delta": 0.005917}}
{"target": -13.75852404917207, "params": {"gamma": 565.0036182962435, "log10_alpha": -5.0, "log10_colsample_bytree": -1.0, "log10_eta": -4.0, "log10_lambda": -2.4572842835286384, "log10_min_child_weight": 5.0, "log10_subsample": 0.0, "max_depth": 6.0, "num_boost_round": 45.0}, "datetime": {"datetime": "2024-01-19 01:49:11", "elapsed": 5883.282448, "delta": 0.006636}}
{"target": -13.758523766445322, "params": {"gamma": 565.0036182962435, "log10_alpha": -5.0, "log10_colsample_bytree": -1.0, "log10_eta": -4.0, "log10_lambda": -2.4572842835286384, "log10_min_child_weight": 5.0, "log10_subsample": 0.0, "max_depth": 6.0, "num_boost_round": 46.0}, "datetime": {"datetime": "2024-01-19 01:49:11", "elapsed": 5883.288503, "delta": 0.006055}}
{"target": -13.75852350619552, "params": {"gamma": 565.0036182962435, "log10_alpha": -5.0, "log10_colsample_bytree": -1.0, "log10_eta": -4.0, "log10_lambda": -2.4572842835286384, "log10_min_child_weight": 5.0, "log10_subsample": 0.0, "max_depth": 6.0, "num_boost_round": 47.0}, "datetime": {"datetime": "2024-01-19 01:49:11", "elapsed": 5883.294452, "delta": 0.005949}}
{"target": -13.758522759508413, "params": {"gamma": 565.0036182962435, "log10_alpha": -5.0, "log10_colsample_bytree": -1.0, "log10_eta": -4.0, "log10_lambda": -2.4572842835286384, "log10_min_child_weight": 5.0, "log10_subsample": 0.0, "max_depth": 6.0, "num_boost_round": 48.0}, "datetime": {"datetime": "2024-01-19 01:49:11", "elapsed": 5883.300633, "delta": 0.006181}}
{"target": -13.758522711800783, "params": {"gamma": 565.0036182962435, "log10_alpha": -5.0, "log10_colsample_bytree": -1.0, "log10_eta": -4.0, "log10_lambda": -2.4572842835286384, "log10_min_child_weight": 5.0, "log10_subsample": 0.0, "max_depth": 6.0, "num_boost_round": 49.0}, "datetime": {"datetime": "2024-01-19 01:49:11", "elapsed": 5883.306613, "delta": 0.00598}}
{"target": -13.758522855753203, "params": {"gamma": 565.0036182962435, "log10_alpha": -5.0, "log10_colsample_bytree": -1.0, "log10_eta": -4.0, "log10_lambda": -2.4572842835286384, "log10_min_child_weight": 5.0, "log10_subsample": 0.0, "max_depth": 6.0, "num_boost_round": 50.0}, "datetime": {"datetime": "2024-01-19 01:49:11", "elapsed": 5883.312593, "delta": 0.00598}}
{"target": -13.758522598236473, "params": {"gamma": 565.0036182962435, "log10_alpha": -5.0, "log10_colsample_bytree": -1.0, "log10_eta": -4.0, "log10_lambda": -2.4572842835286384, "log10_min_child_weight": 5.0, "log10_subsample": 0.0, "max_depth": 6.0, "num_boost_round": 51.0}, "datetime": {"datetime": "2024-01-19 01:49:11", "elapsed": 5883.318616, "delta": 0.006023}}
{"target": -13.758525384159785, "params": {"gamma": 571.0378853169398, "log10_alpha": 1.0, "log10_colsample_bytree": -1.0, "log10_eta": -3.5467297828037383, "log10_lambda": -2.0965245289824237, "log10_min_child_weight": 0.0, "log10_subsample": -0.3489452107945286, "max_depth": 10.0, "num_boost_round": 0.0}, "datetime": {"datetime": "2024-01-19 01:50:39", "elapsed": 5970.981516, "delta": 87.6629}}
{"target": -13.758511649011272, "params": {"gamma": 571.0378853169398, "log10_alpha": 1.0, "log10_colsample_bytree": -1.0, "log10_eta": -3.5467297828037383, "log10_lambda": -2.0965245289824237, "log10_min_child_weight": 0.0, "log10_subsample": -0.3489452107945286, "max_depth": 10.0, "num_boost_round": 1.0}, "datetime": {"datetime": "2024-01-19 01:50:39", "elapsed": 5970.987988, "delta": 0.006472}}
{"target": -13.758518849325668, "params": {"gamma": 571.0378853169398, "log10_alpha": 1.0, "log10_colsample_bytree": -1.0, "log10_eta": -3.5467297828037383, "log10_lambda": -2.0965245289824237, "log10_min_child_weight": 0.0, "log10_subsample": -0.3489452107945286, "max_depth": 10.0, "num_boost_round": 2.0}, "datetime": {"datetime": "2024-01-19 01:50:39", "elapsed": 5970.994283, "delta": 0.006295}}
{"target": -13.758512718462324, "params": {"gamma": 571.0378853169398, "log10_alpha": 1.0, "log10_colsample_bytree": -1.0, "log10_eta": -3.5467297828037383, "log10_lambda": -2.0965245289824237, "log10_min_child_weight": 0.0, "log10_subsample": -0.3489452107945286, "max_depth": 10.0, "num_boost_round": 3.0}, "datetime": {"datetime": "2024-01-19 01:50:39", "elapsed": 5971.000526, "delta": 0.006243}}
{"target": -13.758492627922504, "params": {"gamma": 571.0378853169398, "log10_alpha": 1.0, "log10_colsample_bytree": -1.0, "log10_eta": -3.5467297828037383, "log10_lambda": -2.0965245289824237, "log10_min_child_weight": 0.0, "log10_subsample": -0.3489452107945286, "max_depth": 10.0, "num_boost_round": 4.0}, "datetime": {"datetime": "2024-01-19 01:50:39", "elapsed": 5971.006479, "delta": 0.005953}}
{"target": -13.758500358760475, "params": {"gamma": 571.0378853169398, "log10_alpha": 1.0, "log10_colsample_bytree": -1.0, "log10_eta": -3.5467297828037383, "log10_lambda": -2.0965245289824237, "log10_min_child_weight": 0.0, "log10_subsample": -0.3489452107945286, "max_depth": 10.0, "num_boost_round": 5.0}, "datetime": {"datetime": "2024-01-19 01:50:39", "elapsed": 5971.012453, "delta": 0.005974}}
{"target": -13.75849924772202, "params": {"gamma": 571.0378853169398, "log10_alpha": 1.0, "log10_colsample_bytree": -1.0, "log10_eta": -3.5467297828037383, "log10_lambda": -2.0965245289824237, "log10_min_child_weight": 0.0, "log10_subsample": -0.3489452107945286, "max_depth": 10.0, "num_boost_round": 6.0}, "datetime": {"datetime": "2024-01-19 01:50:39", "elapsed": 5971.018396, "delta": 0.005943}}
