{"target": -17.676554605519403, "params": {"gamma": 416.10508249176803, "log10_alpha": -4.0035719166628425, "log10_colsample_bytree": -0.28353474297795356, "log10_eta": -3.461134287001934, "log10_lambda": -4.829917990353168, "log10_min_child_weight": 0.029112059904756182, "log10_subsample": -0.9420493479588942, "max_depth": 5.0, "num_boost_round": 44.0}, "datetime": {"datetime": "2024-01-19 00:21:21", "elapsed": 571.228357, "delta": 0.001548}}
{"target": -17.67652136826507, "params": {"gamma": 416.10508249176803, "log10_alpha": -4.0035719166628425, "log10_colsample_bytree": -0.28353474297795356, "log10_eta": -3.461134287001934, "log10_lambda": -4.829917990353168, "log10_min_child_weight": 0.029112059904756182, "log10_subsample": -0.9420493479588942, "max_depth": 5.0, "num_boost_round": 45.0}, "datetime": {"datetime": "2024-01-19 00:21:21", "elapsed": 571.229913, "delta": 0.001556}}
{"target": -17.676503463693543, "params": {"gamma": 416.10508249176803, "log10_alpha": -4.0035719166628425, "log10_colsample_bytree": -0.28353474297795356, "log10_eta": -3.461134287001934, "log10_lambda": -4.829917990353168, "log10_min_child_weight": 0.029112059904756182, "log10_subsample": -0.9420493479588942, "max_depth": 5.0, "num_boost_round": 46.0}, "datetime": {"datetime": "2024-01-19 00:21:21", "elapsed": 571.231482, "delta": 0.001569}}
{"target": -17.67647823411954, "params": {"gamma": 416.10508249176803, "log10_alpha": -4.0035719166628425, "log10_colsample_bytree": -0.28353474297795356, "log10_eta": -3.461134287001934, "log10_lambda": -4.829917990353168, "log10_min_child_weight": 0.029112059904756182, "log10_subsample": -0.9420493479588942, "max_depth": 5.0, "num_boost_round": 47.0}, "datetime": {"datetime": "2024-01-19 00:21:21", "elapsed": 571.233104, "delta": 0.001622}}
{"target": -17.676464306977834, "params": {"gamma": 416.10508249176803, "log10_alpha": -4.0035719166628425, "log10_colsample_bytree": -0.28353474297795356, "log10_eta": -3.461134287001934, "log10_lambda": -4.829917990353168, "log10_min_child_weight": 0.029112059904756182, "log10_subsample": -0.9420493479588942, "max_depth": 5.0, "num_boost_round": 48.0}, "datetime": {"datetime": "2024-01-19 00:21:21", "elapsed": 571.234676, "delta": 0.001572}}
{"target": -17.676443753211267, "params": {"gamma": 416.10508249176803, "log10_alpha": -4.0035719166628425, "log10_colsample_bytree": -0.28353474297795356, "log10_eta": -3.461134287001934, "log10_lambda": -4.829917990353168, "log10_min_child_weight": 0.029112059904756182, "log10_subsample": -0.9420493479588942, "max_depth": 5.0, "num_boost_round": 49.0}, "datetime": {"datetime": "2024-01-19 00:21:21", "elapsed": 571.236241, "delta": 0.001565}}
{"target": -17.67643012129463, "params": {"gamma": 416.10508249176803, "log10_alpha": -4.0035719166628425, "log10_colsample_bytree": -0.28353474297795356, "log10_eta": -3.461134287001934, "log10_lambda": -4.829917990353168, "log10_min_child_weight": 0.029112059904756182, "log10_subsample": -0.9420493479588942, "max_depth": 5.0, "num_boost_round": 50.0}, "datetime": {"datetime": "2024-01-19 00:21:21", "elapsed": 571.237805, "delta": 0.001564}}
{"target": -17.676423796926304, "params": {"gamma": 416.10508249176803, "log10_alpha": -4.0035719166628425, "log10_colsample_bytree": -0.28353474297795356, "log10_eta": -3.461134287001934, "log10_lambda": -4.829917990353168, "log10_min_child_weight": 0.029112059904756182, "log10_subsample": -0.9420493479588942, "max_depth": 5.0, "num_boost_round": 51.0}, "datetime": {"datetime": "2024-01-19 00:21:21", "elapsed": 571.239384, "delta": 0.001579}}
{"target": -17.676400155341334, "params": {"gamma": 416.10508249176803, "log10_alpha": -4.0035719166628425, "log10_colsample_bytree": -0.28353474297795356, "log10_eta": -3.461134287001934, "log10_lambda": -4.829917990353168, "log10_min_child_weight": 0.029112059904756182, "log10_subsample": -0.9420493479588942, "max_depth": 5.0, "num_boost_round": 52.0}, "datetime": {"datetime": "2024-01-19 00:21:21", "elapsed": 571.240933, "delta": 0.001549}}
{"target": -17.676394299429607, "params": {"gamma": 416.10508249176803, "log10_alpha": -4.0035719166628425, "log10_colsample_bytree": -0.28353474297795356, "log10_eta": -3.461134287001934, "log10_lambda": -4.829917990353168, "log10_min_child_weight": 0.029112059904756182, "log10_subsample": -0.9420493479588942, "max_depth": 5.0, "num_boost_round": 53.0}, "datetime": {"datetime": "2024-01-19 00:21:21", "elapsed": 571.242498, "delta": 0.001565}}
{"target": -17.676369409756287, "params": {"gamma": 416.10508249176803, "log10_alpha": -4.0035719166628425, "log10_colsample_bytree": -0.28353474297795356, "log10_eta": -3.461134287001934, "log10_lambda": -4.829917990353168, "log10_min_child_weight": 0.029112059904756182, "log10_subsample": -0.9420493479588942, "max_depth": 5.0, "num_boost_round": 54.0}, "datetime": {"datetime": "2024-01-19 00:21:21", "elapsed": 571.244335, "delta": 0.001837}}
{"target": -17.6763438796714, "params": {"gamma": 416.10508249176803, "log10_alpha": -4.0035719166628425, "log10_colsample_bytree": -0.28353474297795356, "log10_eta": -3.461134287001934, "log10_lambda": -4.829917990353168, "log10_min_child_weight": 0.029112059904756182, "log10_subsample": -0.9420493479588942, "max_depth": 5.0, "num_boost_round": 55.0}, "datetime": {"datetime": "2024-01-19 00:21:21", "elapsed": 571.246068, "delta": 0.001733}}
{"target": -17.676326989510503, "params": {"gamma": 416.10508249176803, "log10_alpha": -4.0035719166628425, "log10_colsample_bytree": -0.28353474297795356, "log10_eta": -3.461134287001934, "log10_lambda": -4.829917990353168, "log10_min_child_weight": 0.029112059904756182, "log10_subsample": -0.9420493479588942, "max_depth": 5.0, "num_boost_round": 56.0}, "datetime": {"datetime": "2024-01-19 00:21:21", "elapsed": 571.247843, "delta": 0.001775}}
{"target": -17.676326280150413, "params": {"gamma": 416.10508249176803, "log10_alpha": -4.0035719166628425, "log10_colsample_bytree": -0.28353474297795356, "log10_eta": -3.461134287001934, "log10_lambda": -4.829917990353168, "log10_min_child_weight": 0.029112059904756182, "log10_subsample": -0.9420493479588942, "max_depth": 5.0, "num_boost_round": 57.0}, "datetime": {"datetime": "2024-01-19 00:21:21", "elapsed": 571.249423, "delta": 0.00158}}
{"target": -17.67630581798519, "params": {"gamma": 416.10508249176803, "log10_alpha": -4.0035719166628425, "log10_colsample_bytree": -0.28353474297795356, "log10_eta": -3.461134287001934, "log10_lambda": -4.829917990353168, "log10_min_child_weight": 0.029112059904756182, "log10_subsample": -0.9420493479588942, "max_depth": 5.0, "num_boost_round": 58.0}, "datetime": {"datetime": "2024-01-19 00:21:21", "elapsed": 571.251064, "delta": 0.001641}}
{"target": -17.676293696118172, "params": {"gamma": 416.10508249176803, "log10_alpha": -4.0035719166628425, "log10_colsample_bytree": -0.28353474297795356, "log10_eta": -3.461134287001934, "log10_lambda": -4.829917990353168, "log10_min_child_weight": 0.029112059904756182, "log10_subsample": -0.9420493479588942, "max_depth": 5.0, "num_boost_round": 59.0}, "datetime": {"datetime": "2024-01-19 00:21:21", "elapsed": 571.252638, "delta": 0.001574}}
{"target": -17.67627637026007, "params": {"gamma": 416.10508249176803, "log10_alpha": -4.0035719166628425, "log10_colsample_bytree": -0.28353474297795356, "log10_eta": -3.461134287001934, "log10_lambda": -4.829917990353168, "log10_min_child_weight": 0.029112059904756182, "log10_subsample": -0.9420493479588942, "max_depth": 5.0, "num_boost_round": 60.0}, "datetime": {"datetime": "2024-01-19 00:21:21", "elapsed": 571.254214, "delta": 0.001576}}
{"target": -17.676262009937922, "params": {"gamma": 416.10508249176803, "log10_alpha": -4.0035719166628425, "log10_colsample_bytree": -0.28353474297795356, "log10_eta": -3.461134287001934, "log10_lambda": -4.829917990353168, "log10_min_child_weight": 0.029112059904756182, "log10_subsample": -0.9420493479588942, "max_depth": 5.0, "num_boost_round": 61.0}, "datetime": {"datetime": "2024-01-19 00:21:21", "elapsed": 571.255787, "delta": 0.001573}}
{"target": -17.67625200786912, "params": {"gamma": 416.10508249176803, "log10_alpha": -4.0035719166628425, "log10_colsample_bytree": -0.28353474297795356, "log10_eta": -3.461134287001934, "log10_lambda": -4.829917990353168, "log10_min_child_weight": 0.029112059904756182, "log10_subsample": -0.9420493479588942, "max_depth": 5.0, "num_boost_round": 62.0}, "datetime": {"datetime": "2024-01-19 00:21:21", "elapsed": 571.257374, "delta": 0.001587}}
{"target": -17.676249547571405, "params": {"gamma": 416.10508249176803, "log10_alpha": -4.0035719166628425, "log10_colsample_bytree": -0.28353474297795356, "log10_eta": -3.461134287001934, "log10_lambda": -4.829917990353168, "log10_min_child_weight": 0.029112059904756182, "log10_subsample": -0.9420493479588942, "max_depth": 5.0, "num_boost_round": 63.0}, "datetime": {"datetime": "2024-01-19 00:21:21", "elapsed": 571.258938, "delta": 0.001564}}
{"target": -17.676226700218947, "params": {"gamma": 416.10508249176803, "log10_alpha": -4.0035719166628425, "log10_colsample_bytree": -0.28353474297795356, "log10_eta": -3.461134287001934, "log10_lambda": -4.829917990353168, "log10_min_child_weight": 0.029112059904756182, "log10_subsample": -0.9420493479588942, "max_depth": 5.0, "num_boost_round": 64.0}, "datetime": {"datetime": "2024-01-19 00:21:21", "elapsed": 571.260519, "delta": 0.001581}}
{"target": -17.6762136798164, "params": {"gamma": 416.10508249176803, "log10_alpha": -4.0035719166628425, "log10_colsample_bytree": -0.28353474297795356, "log10_eta": -3.461134287001934, "log10_lambda": -4.829917990353168, "log10_min_child_weight": 0.029112059904756182, "log10_subsample": -0.9420493479588942, "max_depth": 5.0, "num_boost_round": 65.0}, "datetime": {"datetime": "2024-01-19 00:21:21", "elapsed": 571.262231, "delta": 0.001712}}
{"target": -17.67621547515071, "params": {"gamma": 416.10508249176803, "log10_alpha": -4.0035719166628425, "log10_colsample_bytree": -0.28353474297795356, "log10_eta": -3.461134287001934, "log10_lambda": -4.829917990353168, "log10_min_child_weight": 0.029112059904756182, "log10_subsample": -0.9420493479588942, "max_depth": 5.0, "num_boost_round": 66.0}, "datetime": {"datetime": "2024-01-19 00:21:21", "elapsed": 571.263822, "delta": 0.001591}}
{"target": -17.676184587451196, "params": {"gamma": 416.10508249176803, "log10_alpha": -4.0035719166628425, "log10_colsample_bytree": -0.28353474297795356, "log10_eta": -3.461134287001934, "log10_lambda": -4.829917990353168, "log10_min_child_weight": 0.029112059904756182, "log10_subsample": -0.9420493479588942, "max_depth": 5.0, "num_boost_round": 67.0}, "datetime": {"datetime": "2024-01-19 00:21:21", "elapsed": 571.265415, "delta": 0.001593}}
{"target": -17.67618077317802, "params": {"gamma": 416.10508249176803, "log10_alpha": -4.0035719166628425, "log10_colsample_bytree": -0.28353474297795356, "log10_eta": -3.461134287001934, "log10_lambda": -4.829917990353168, "log10_min_child_weight": 0.029112059904756182, "log10_subsample": -0.9420493479588942, "max_depth": 5.0, "num_boost_round": 68.0}, "datetime": {"datetime": "2024-01-19 00:21:21", "elapsed": 571.266996, "delta": 0.001581}}
{"target": -17.676168297611817, "params": {"gamma": 416.10508249176803, "log10_alpha": -4.0035719166628425, "log10_colsample_bytree": -0.28353474297795356, "log10_eta": -3.461134287001934, "log10_lambda": -4.829917990353168, "log10_min_child_weight": 0.029112059904756182, "log10_subsample": -0.9420493479588942, "max_depth": 5.0, "num_boost_round": 69.0}, "datetime": {"datetime": "2024-01-19 00:21:21", "elapsed": 571.268586, "delta": 0.00159}}
{"target": -17.67615576344788, "params": {"gamma": 416.10508249176803, "log10_alpha": -4.0035719166628425, "log10_colsample_bytree": -0.28353474297795356, "log10_eta": -3.461134287001934, "log10_lambda": -4.829917990353168, "log10_min_child_weight": 0.029112059904756182, "log10_subsample": -0.9420493479588942, "max_depth": 5.0, "num_boost_round": 70.0}, "datetime": {"datetime": "2024-01-19 00:21:21", "elapsed": 571.270174, "delta": 0.001588}}
{"target": -17.676136116737272, "params": {"gamma": 416.10508249176803, "log10_alpha": -4.0035719166628425, "log10_colsample_bytree": -0.28353474297795356, "log10_eta": -3.461134287001934, "log10_lambda": -4.829917990353168, "log10_min_child_weight": 0.029112059904756182, "log10_subsample": -0.9420493479588942, "max_depth": 5.0, "num_boost_round": 71.0}, "datetime": {"datetime": "2024-01-19 00:21:21", "elapsed": 571.271768, "delta": 0.001594}}
{"target": -17.67612131882899, "params": {"gamma": 416.10508249176803, "log10_alpha": -4.0035719166628425, "log10_colsample_bytree": -0.28353474297795356, "log10_eta": -3.461134287001934, "log10_lambda": -4.829917990353168, "log10_min_child_weight": 0.029112059904756182, "log10_subsample": -0.9420493479588942, "max_depth": 5.0, "num_boost_round": 72.0}, "datetime": {"datetime": "2024-01-19 00:21:21", "elapsed": 571.273403, "delta": 0.001635}}
{"target": -17.676090421456884, "params": {"gamma": 416.10508249176803, "log10_alpha": -4.0035719166628425, "log10_colsample_bytree": -0.28353474297795356, "log10_eta": -3.461134287001934, "log10_lambda": -4.829917990353168, "log10_min_child_weight": 0.029112059904756182, "log10_subsample": -0.9420493479588942, "max_depth": 5.0, "num_boost_round": 73.0}, "datetime": {"datetime": "2024-01-19 00:21:21", "elapsed": 571.274994, "delta": 0.001591}}
{"target": -17.676088700018855, "params": {"gamma": 416.10508249176803, "log10_alpha": -4.0035719166628425, "log10_colsample_bytree": -0.28353474297795356, "log10_eta": -3.461134287001934, "log10_lambda": -4.829917990353168, "log10_min_child_weight": 0.029112059904756182, "log10_subsample": -0.9420493479588942, "max_depth": 5.0, "num_boost_round": 74.0}, "datetime": {"datetime": "2024-01-19 00:21:21", "elapsed": 571.276584, "delta": 0.00159}}
{"target": -17.676076704341703, "params": {"gamma": 416.10508249176803, "log10_alpha": -4.0035719166628425, "log10_colsample_bytree": -0.28353474297795356, "log10_eta": -3.461134287001934, "log10_lambda": -4.829917990353168, "log10_min_child_weight": 0.029112059904756182, "log10_subsample": -0.9420493479588942, "max_depth": 5.0, "num_boost_round": 75.0}, "datetime": {"datetime": "2024-01-19 00:21:21", "elapsed": 571.278161, "delta": 0.001577}}
{"target": -17.67605480582589, "params": {"gamma": 416.10508249176803, "log10_alpha": -4.0035719166628425, "log10_colsample_bytree": -0.28353474297795356, "log10_eta": -3.461134287001934, "log10_lambda": -4.829917990353168, "log10_min_child_weight": 0.029112059904756182, "log10_subsample": -0.9420493479588942, "max_depth": 5.0, "num_boost_round": 76.0}, "datetime": {"datetime": "2024-01-19 00:21:21", "elapsed": 571.279763, "delta": 0.001602}}
{"target": -17.676034671477865, "params": {"gamma": 416.10508249176803, "log10_alpha": -4.0035719166628425, "log10_colsample_bytree": -0.28353474297795356, "log10_eta": -3.461134287001934, "log10_lambda": -4.829917990353168, "log10_min_child_weight": 0.029112059904756182, "log10_subsample": -0.9420493479588942, "max_depth": 5.0, "num_boost_round": 77.0}, "datetime": {"datetime": "2024-01-19 00:21:21", "elapsed": 571.281415, "delta": 0.001652}}
{"target": -17.67602798950798, "params": {"gamma": 416.10508249176803, "log10_alpha": -4.0035719166628425, "log10_colsample_bytree": -0.28353474297795356, "log10_eta": -3.461134287001934, "log10_lambda": -4.829917990353168, "log10_min_child_weight": 0.029112059904756182, "log10_subsample": -0.9420493479588942, "max_depth": 5.0, "num_boost_round": 78.0}, "datetime": {"datetime": "2024-01-19 00:21:21", "elapsed": 571.283092, "delta": 0.001677}}
{"target": -17.67601998368284, "params": {"gamma": 416.10508249176803, "log10_alpha": -4.0035719166628425, "log10_colsample_bytree": -0.28353474297795356, "log10_eta": -3.461134287001934, "log10_lambda": -4.829917990353168, "log10_min_child_weight": 0.029112059904756182, "log10_subsample": -0.9420493479588942, "max_depth": 5.0, "num_boost_round": 79.0}, "datetime": {"datetime": "2024-01-19 00:21:21", "elapsed": 571.284696, "delta": 0.001604}}
{"target": -17.676014334231308, "params": {"gamma": 416.10508249176803, "log10_alpha": -4.0035719166628425, "log10_colsample_bytree": -0.28353474297795356, "log10_eta": -3.461134287001934, "log10_lambda": -4.829917990353168, "log10_min_child_weight": 0.029112059904756182, "log10_subsample": -0.9420493479588942, "max_depth": 5.0, "num_boost_round": 80.0}, "datetime": {"datetime": "2024-01-19 00:21:21", "elapsed": 571.286298, "delta": 0.001602}}
{"target": -17.67601566673784, "params": {"gamma": 416.10508249176803, "log10_alpha": -4.0035719166628425, "log10_colsample_bytree": -0.28353474297795356, "log10_eta": -3.461134287001934, "log10_lambda": -4.829917990353168, "log10_min_child_weight": 0.029112059904756182, "log10_subsample": -0.9420493479588942, "max_depth": 5.0, "num_boost_round": 81.0}, "datetime": {"datetime": "2024-01-19 00:21:21", "elapsed": 571.287899, "delta": 0.001601}}
{"target": -17.676012283997355, "params": {"gamma": 416.10508249176803, "log10_alpha": -4.0035719166628425, "log10_colsample_bytree": -0.28353474297795356, "log10_eta": -3.461134287001934, "log10_lambda": -4.829917990353168, "log10_min_child_weight": 0.029112059904756182, "log10_subsample": -0.9420493479588942, "max_depth": 5.0, "num_boost_round": 82.0}, "datetime": {"datetime": "2024-01-19 00:21:21", "elapsed": 571.289507, "delta": 0.001608}}
{"target": -17.677221556791128, "params": {"gamma": 420.17826980416004, "log10_alpha": -2.4583775096642153, "log10_colsample_bytree": -0.861990036160944, "log10_eta": -3.3590553234061935, "log10_lambda": -1.842063540271567, "log10_min_child_weight": 0.31392529290695526, "log10_subsample": -0.7207922148966541, "max_depth": 2.0, "num_boost_round": 0.0}, "datetime": {"datetime": "2024-01-19 00:21:58", "elapsed": 608.087734, "delta": 36.798227}}
{"target": -17.67720452938018, "params": {"gamma": 420.17826980416004, "log10_alpha": -2.4583775096642153, "log10_colsample_bytree": -0.861990036160944, "log10_eta": -3.3590553234061935, "log10_lambda": -1.842063540271567, "log10_min_child_weight": 0.31392529290695526, "log10_subsample": -0.7207922148966541, "max_depth": 2.0, "num_boost_round": 1.0}, "datetime": {"datetime": "2024-01-19 00:21:58", "elapsed": 608.089918, "delta": 0.002184}}
{"target": -17.67720504323725, "params": {"gamma": 420.17826980416004, "log10_alpha": -2.4583775096642153, "log10_colsample_bytree": -0.861990036160944, "log10_eta": -3.3590553234061935, "log10_lambda": -1.842063540271567, "log10_min_child_weight": 0.31392529290695526, "log10_subsample": -0.7207922148966541, "max_depth": 2.0, "num_boost_round": 2.0}, "datetime": {"datetime": "2024-01-19 00:21:58", "elapsed": 608.091817, "delta": 0.001899}}
{"target": -17.67719499303432, "params": {"gamma": 420.17826980416004, "log10_alpha": -2.4583775096642153, "log10_colsample_bytree": -0.861990036160944, "log10_eta": -3.3590553234061935, "log10_lambda": -1.842063540271567, "log10_min_child_weight": 0.31392529290695526, "log10_subsample": -0.7207922148966541, "max_depth": 2.0, "num_boost_round": 3.0}, "datetime": {"datetime": "2024-01-19 00:21:58", "elapsed": 608.09346, "delta": 0.001643}}
{"target": -17.677191017269514, "params": {"gamma": 420.17826980416004, "log10_alpha": -2.4583775096642153, "log10_colsample_bytree": -0.861990036160944, "log10_eta": -3.3590553234061935, "log10_lambda": -1.842063540271567, "log10_min_child_weight": 0.31392529290695526, "log10_subsample": -0.7207922148966541, "max_depth": 2.0, "num_boost_round": 4.0}, "datetime": {"datetime": "2024-01-19 00:21:58", "elapsed": 608.095079, "delta": 0.001619}}
{"target": -17.677179537746284, "params": {"gamma": 420.17826980416004, "log10_alpha": -2.4583775096642153, "log10_colsample_bytree": -0.861990036160944, "log10_eta": -3.3590553234061935, "log10_lambda": -1.842063540271567, "log10_min_child_weight": 0.31392529290695526, "log10_subsample": -0.7207922148966541, "max_depth": 2.0, "num_boost_round": 5.0}, "datetime": {"datetime": "2024-01-19 00:21:58", "elapsed": 608.096908, "delta": 0.001829}}
{"target": -17.67718417386471, "params": {"gamma": 420.17826980416004, "log10_alpha": -2.4583775096642153, "log10_colsample_bytree": -0.861990036160944, "log10_eta": -3.3590553234061935, "log10_lambda": -1.842063540271567, "log10_min_child_weight": 0.31392529290695526, "log10_subsample": -0.7207922148966541, "max_depth": 2.0, "num_boost_round": 6.0}, "datetime": {"datetime": "2024-01-19 00:21:58", "elapsed": 608.098534, "delta": 0.001626}}
{"target": -17.677169381350495, "params": {"gamma": 420.17826980416004, "log10_alpha": -2.4583775096642153, "log10_colsample_bytree": -0.861990036160944, "log10_eta": -3.3590553234061935, "log10_lambda": -1.842063540271567, "log10_min_child_weight": 0.31392529290695526, "log10_subsample": -0.7207922148966541, "max_depth": 2.0, "num_boost_round": 7.0}, "datetime": {"datetime": "2024-01-19 00:21:58", "elapsed": 608.100134, "delta": 0.0016}}
{"target": -17.677164383936265, "params": {"gamma": 420.17826980416004, "log10_alpha": -2.4583775096642153, "log10_colsample_bytree": -0.861990036160944, "log10_eta": -3.3590553234061935, "log10_lambda": -1.842063540271567, "log10_min_child_weight": 0.31392529290695526, "log10_subsample": -0.7207922148966541, "max_depth": 2.0, "num_boost_round": 8.0}, "datetime": {"datetime": "2024-01-19 00:21:58", "elapsed": 608.10192, "delta": 0.001786}}
{"target": -17.677158984847313, "params": {"gamma": 420.17826980416004, "log10_alpha": -2.4583775096642153, "log10_colsample_bytree": -0.861990036160944, "log10_eta": -3.3590553234061935, "log10_lambda": -1.842063540271567, "log10_min_child_weight": 0.31392529290695526, "log10_subsample": -0.7207922148966541, "max_depth": 2.0, "num_boost_round": 9.0}, "datetime": {"datetime": "2024-01-19 00:21:58", "elapsed": 608.103585, "delta": 0.001665}}
