{"target": -13.758490930301143, "params": {"gamma": 938.3710570506106, "log10_alpha": -3.4249118536892595, "log10_colsample_bytree": -0.5564623687833403, "log10_eta": -2.409657131727726, "log10_lambda": 0.052101816788445277, "log10_min_child_weight": 4.760349203796283, "log10_subsample": -0.5368177415696765, "max_depth": 4.0, "num_boost_round": 3.0}, "datetime": {"datetime": "2024-01-19 01:20:26", "elapsed": 4127.479334, "delta": 0.004797}}
{"target": -13.758483838451491, "params": {"gamma": 938.3710570506106, "log10_alpha": -3.4249118536892595, "log10_colsample_bytree": -0.5564623687833403, "log10_eta": -2.409657131727726, "log10_lambda": 0.052101816788445277, "log10_min_child_weight": 4.760349203796283, "log10_subsample": -0.5368177415696765, "max_depth": 4.0, "num_boost_round": 4.0}, "datetime": {"datetime": "2024-01-19 01:20:26", "elapsed": 4127.484045, "delta": 0.004711}}
{"target": -13.75848021810451, "params": {"gamma": 938.3710570506106, "log10_alpha": -3.4249118536892595, "log10_colsample_bytree": -0.5564623687833403, "log10_eta": -2.409657131727726, "log10_lambda": 0.052101816788445277, "log10_min_child_weight": 4.760349203796283, "log10_subsample": -0.5368177415696765, "max_depth": 4.0, "num_boost_round": 5.0}, "datetime": {"datetime": "2024-01-19 01:20:26", "elapsed": 4127.488814, "delta": 0.004769}}
{"target": -13.758463144797645, "params": {"gamma": 938.3710570506106, "log10_alpha": -3.4249118536892595, "log10_colsample_bytree": -0.5564623687833403, "log10_eta": -2.409657131727726, "log10_lambda": 0.052101816788445277, "log10_min_child_weight": 4.760349203796283, "log10_subsample": -0.5368177415696765, "max_depth": 4.0, "num_boost_round": 6.0}, "datetime": {"datetime": "2024-01-19 01:20:26", "elapsed": 4127.494247, "delta": 0.005433}}
{"target": -13.758459914683495, "params": {"gamma": 938.3710570506106, "log10_alpha": -3.4249118536892595, "log10_colsample_bytree": -0.5564623687833403, "log10_eta": -2.409657131727726, "log10_lambda": 0.052101816788445277, "log10_min_child_weight": 4.760349203796283, "log10_subsample": -0.5368177415696765, "max_depth": 4.0, "num_boost_round": 7.0}, "datetime": {"datetime": "2024-01-19 01:20:26", "elapsed": 4127.49926, "delta": 0.005013}}
{"target": -13.758467615015718, "params": {"gamma": 938.3710570506106, "log10_alpha": -3.4249118536892595, "log10_colsample_bytree": -0.5564623687833403, "log10_eta": -2.409657131727726, "log10_lambda": 0.052101816788445277, "log10_min_child_weight": 4.760349203796283, "log10_subsample": -0.5368177415696765, "max_depth": 4.0, "num_boost_round": 8.0}, "datetime": {"datetime": "2024-01-19 01:20:26", "elapsed": 4127.503916, "delta": 0.004656}}
{"target": -13.758463471316068, "params": {"gamma": 938.3710570506106, "log10_alpha": -3.4249118536892595, "log10_colsample_bytree": -0.5564623687833403, "log10_eta": -2.409657131727726, "log10_lambda": 0.052101816788445277, "log10_min_child_weight": 4.760349203796283, "log10_subsample": -0.5368177415696765, "max_depth": 4.0, "num_boost_round": 9.0}, "datetime": {"datetime": "2024-01-19 01:20:26", "elapsed": 4127.508797, "delta": 0.004881}}
{"target": -13.758443921126807, "params": {"gamma": 938.3710570506106, "log10_alpha": -3.4249118536892595, "log10_colsample_bytree": -0.5564623687833403, "log10_eta": -2.409657131727726, "log10_lambda": 0.052101816788445277, "log10_min_child_weight": 4.760349203796283, "log10_subsample": -0.5368177415696765, "max_depth": 4.0, "num_boost_round": 10.0}, "datetime": {"datetime": "2024-01-19 01:20:26", "elapsed": 4127.513683, "delta": 0.004886}}
{"target": -13.758428046521269, "params": {"gamma": 938.3710570506106, "log10_alpha": -3.4249118536892595, "log10_colsample_bytree": -0.5564623687833403, "log10_eta": -2.409657131727726, "log10_lambda": 0.052101816788445277, "log10_min_child_weight": 4.760349203796283, "log10_subsample": -0.5368177415696765, "max_depth": 4.0, "num_boost_round": 11.0}, "datetime": {"datetime": "2024-01-19 01:20:26", "elapsed": 4127.518489, "delta": 0.004806}}
{"target": -13.758439168703031, "params": {"gamma": 938.3710570506106, "log10_alpha": -3.4249118536892595, "log10_colsample_bytree": -0.5564623687833403, "log10_eta": -2.409657131727726, "log10_lambda": 0.052101816788445277, "log10_min_child_weight": 4.760349203796283, "log10_subsample": -0.5368177415696765, "max_depth": 4.0, "num_boost_round": 12.0}, "datetime": {"datetime": "2024-01-19 01:20:26", "elapsed": 4127.523128, "delta": 0.004639}}
{"target": -13.75845205334296, "params": {"gamma": 938.3710570506106, "log10_alpha": -3.4249118536892595, "log10_colsample_bytree": -0.5564623687833403, "log10_eta": -2.409657131727726, "log10_lambda": 0.052101816788445277, "log10_min_child_weight": 4.760349203796283, "log10_subsample": -0.5368177415696765, "max_depth": 4.0, "num_boost_round": 13.0}, "datetime": {"datetime": "2024-01-19 01:20:26", "elapsed": 4127.527911, "delta": 0.004783}}
{"target": -13.758450556371137, "params": {"gamma": 938.3710570506106, "log10_alpha": -3.4249118536892595, "log10_colsample_bytree": -0.5564623687833403, "log10_eta": -2.409657131727726, "log10_lambda": 0.052101816788445277, "log10_min_child_weight": 4.760349203796283, "log10_subsample": -0.5368177415696765, "max_depth": 4.0, "num_boost_round": 14.0}, "datetime": {"datetime": "2024-01-19 01:20:26", "elapsed": 4127.532599, "delta": 0.004688}}
{"target": -13.758428741221007, "params": {"gamma": 938.3710570506106, "log10_alpha": -3.4249118536892595, "log10_colsample_bytree": -0.5564623687833403, "log10_eta": -2.409657131727726, "log10_lambda": 0.052101816788445277, "log10_min_child_weight": 4.760349203796283, "log10_subsample": -0.5368177415696765, "max_depth": 4.0, "num_boost_round": 15.0}, "datetime": {"datetime": "2024-01-19 01:20:26", "elapsed": 4127.537286, "delta": 0.004687}}
{"target": -13.758433837877417, "params": {"gamma": 938.3710570506106, "log10_alpha": -3.4249118536892595, "log10_colsample_bytree": -0.5564623687833403, "log10_eta": -2.409657131727726, "log10_lambda": 0.052101816788445277, "log10_min_child_weight": 4.760349203796283, "log10_subsample": -0.5368177415696765, "max_depth": 4.0, "num_boost_round": 16.0}, "datetime": {"datetime": "2024-01-19 01:20:26", "elapsed": 4127.541969, "delta": 0.004683}}
{"target": -13.758430809522066, "params": {"gamma": 938.3710570506106, "log10_alpha": -3.4249118536892595, "log10_colsample_bytree": -0.5564623687833403, "log10_eta": -2.409657131727726, "log10_lambda": 0.052101816788445277, "log10_min_child_weight": 4.760349203796283, "log10_subsample": -0.5368177415696765, "max_depth": 4.0, "num_boost_round": 17.0}, "datetime": {"datetime": "2024-01-19 01:20:26", "elapsed": 4127.546727, "delta": 0.004758}}
{"target": -13.758420575486843, "params": {"gamma": 938.3710570506106, "log10_alpha": -3.4249118536892595, "log10_colsample_bytree": -0.5564623687833403, "log10_eta": -2.409657131727726, "log10_lambda": 0.052101816788445277, "log10_min_child_weight": 4.760349203796283, "log10_subsample": -0.5368177415696765, "max_depth": 4.0, "num_boost_round": 18.0}, "datetime": {"datetime": "2024-01-19 01:20:26", "elapsed": 4127.551462, "delta": 0.004735}}
{"target": -13.75839069361837, "params": {"gamma": 938.3710570506106, "log10_alpha": -3.4249118536892595, "log10_colsample_bytree": -0.5564623687833403, "log10_eta": -2.409657131727726, "log10_lambda": 0.052101816788445277, "log10_min_child_weight": 4.760349203796283, "log10_subsample": -0.5368177415696765, "max_depth": 4.0, "num_boost_round": 19.0}, "datetime": {"datetime": "2024-01-19 01:20:26", "elapsed": 4127.556156, "delta": 0.004694}}
{"target": -13.758374261275586, "params": {"gamma": 938.3710570506106, "log10_alpha": -3.4249118536892595, "log10_colsample_bytree": -0.5564623687833403, "log10_eta": -2.409657131727726, "log10_lambda": 0.052101816788445277, "log10_min_child_weight": 4.760349203796283, "log10_subsample": -0.5368177415696765, "max_depth": 4.0, "num_boost_round": 20.0}, "datetime": {"datetime": "2024-01-19 01:20:26", "elapsed": 4127.560896, "delta": 0.00474}}
{"target": -13.758360220725464, "params": {"gamma": 938.3710570506106, "log10_alpha": -3.4249118536892595, "log10_colsample_bytree": -0.5564623687833403, "log10_eta": -2.409657131727726, "log10_lambda": 0.052101816788445277, "log10_min_child_weight": 4.760349203796283, "log10_subsample": -0.5368177415696765, "max_depth": 4.0, "num_boost_round": 21.0}, "datetime": {"datetime": "2024-01-19 01:20:26", "elapsed": 4127.565758, "delta": 0.004862}}
{"target": -13.758346554377539, "params": {"gamma": 938.3710570506106, "log10_alpha": -3.4249118536892595, "log10_colsample_bytree": -0.5564623687833403, "log10_eta": -2.409657131727726, "log10_lambda": 0.052101816788445277, "log10_min_child_weight": 4.760349203796283, "log10_subsample": -0.5368177415696765, "max_depth": 4.0, "num_boost_round": 22.0}, "datetime": {"datetime": "2024-01-19 01:20:26", "elapsed": 4127.670882, "delta": 0.105124}}
{"target": -13.758312956538964, "params": {"gamma": 938.3710570506106, "log10_alpha": -3.4249118536892595, "log10_colsample_bytree": -0.5564623687833403, "log10_eta": -2.409657131727726, "log10_lambda": 0.052101816788445277, "log10_min_child_weight": 4.760349203796283, "log10_subsample": -0.5368177415696765, "max_depth": 4.0, "num_boost_round": 23.0}, "datetime": {"datetime": "2024-01-19 01:20:26", "elapsed": 4127.676358, "delta": 0.005476}}
{"target": -13.758311654903657, "params": {"gamma": 938.3710570506106, "log10_alpha": -3.4249118536892595, "log10_colsample_bytree": -0.5564623687833403, "log10_eta": -2.409657131727726, "log10_lambda": 0.052101816788445277, "log10_min_child_weight": 4.760349203796283, "log10_subsample": -0.5368177415696765, "max_depth": 4.0, "num_boost_round": 24.0}, "datetime": {"datetime": "2024-01-19 01:20:26", "elapsed": 4127.681395, "delta": 0.005037}}
{"target": -13.758304170439501, "params": {"gamma": 938.3710570506106, "log10_alpha": -3.4249118536892595, "log10_colsample_bytree": -0.5564623687833403, "log10_eta": -2.409657131727726, "log10_lambda": 0.052101816788445277, "log10_min_child_weight": 4.760349203796283, "log10_subsample": -0.5368177415696765, "max_depth": 4.0, "num_boost_round": 25.0}, "datetime": {"datetime": "2024-01-19 01:20:26", "elapsed": 4127.686185, "delta": 0.00479}}
{"target": -13.758301448492746, "params": {"gamma": 938.3710570506106, "log10_alpha": -3.4249118536892595, "log10_colsample_bytree": -0.5564623687833403, "log10_eta": -2.409657131727726, "log10_lambda": 0.052101816788445277, "log10_min_child_weight": 4.760349203796283, "log10_subsample": -0.5368177415696765, "max_depth": 4.0, "num_boost_round": 26.0}, "datetime": {"datetime": "2024-01-19 01:20:26", "elapsed": 4127.690993, "delta": 0.004808}}
{"target": -13.758262785319882, "params": {"gamma": 938.3710570506106, "log10_alpha": -3.4249118536892595, "log10_colsample_bytree": -0.5564623687833403, "log10_eta": -2.409657131727726, "log10_lambda": 0.052101816788445277, "log10_min_child_weight": 4.760349203796283, "log10_subsample": -0.5368177415696765, "max_depth": 4.0, "num_boost_round": 27.0}, "datetime": {"datetime": "2024-01-19 01:20:26", "elapsed": 4127.695752, "delta": 0.004759}}
{"target": -13.758240095005549, "params": {"gamma": 938.3710570506106, "log10_alpha": -3.4249118536892595, "log10_colsample_bytree": -0.5564623687833403, "log10_eta": -2.409657131727726, "log10_lambda": 0.052101816788445277, "log10_min_child_weight": 4.760349203796283, "log10_subsample": -0.5368177415696765, "max_depth": 4.0, "num_boost_round": 28.0}, "datetime": {"datetime": "2024-01-19 01:20:26", "elapsed": 4127.700542, "delta": 0.00479}}
{"target": -13.75823048083227, "params": {"gamma": 938.3710570506106, "log10_alpha": -3.4249118536892595, "log10_colsample_bytree": -0.5564623687833403, "log10_eta": -2.409657131727726, "log10_lambda": 0.052101816788445277, "log10_min_child_weight": 4.760349203796283, "log10_subsample": -0.5368177415696765, "max_depth": 4.0, "num_boost_round": 29.0}, "datetime": {"datetime": "2024-01-19 01:20:26", "elapsed": 4127.705359, "delta": 0.004817}}
{"target": -13.758215297463503, "params": {"gamma": 938.3710570506106, "log10_alpha": -3.4249118536892595, "log10_colsample_bytree": -0.5564623687833403, "log10_eta": -2.409657131727726, "log10_lambda": 0.052101816788445277, "log10_min_child_weight": 4.760349203796283, "log10_subsample": -0.5368177415696765, "max_depth": 4.0, "num_boost_round": 30.0}, "datetime": {"datetime": "2024-01-19 01:20:26", "elapsed": 4127.710223, "delta": 0.004864}}
{"target": -13.75821582125763, "params": {"gamma": 938.3710570506106, "log10_alpha": -3.4249118536892595, "log10_colsample_bytree": -0.5564623687833403, "log10_eta": -2.409657131727726, "log10_lambda": 0.052101816788445277, "log10_min_child_weight": 4.760349203796283, "log10_subsample": -0.5368177415696765, "max_depth": 4.0, "num_boost_round": 31.0}, "datetime": {"datetime": "2024-01-19 01:20:26", "elapsed": 4127.715034, "delta": 0.004811}}
{"target": -13.758202033653633, "params": {"gamma": 938.3710570506106, "log10_alpha": -3.4249118536892595, "log10_colsample_bytree": -0.5564623687833403, "log10_eta": -2.409657131727726, "log10_lambda": 0.052101816788445277, "log10_min_child_weight": 4.760349203796283, "log10_subsample": -0.5368177415696765, "max_depth": 4.0, "num_boost_round": 32.0}, "datetime": {"datetime": "2024-01-19 01:20:26", "elapsed": 4127.719817, "delta": 0.004783}}
{"target": -13.7581900515504, "params": {"gamma": 938.3710570506106, "log10_alpha": -3.4249118536892595, "log10_colsample_bytree": -0.5564623687833403, "log10_eta": -2.409657131727726, "log10_lambda": 0.052101816788445277, "log10_min_child_weight": 4.760349203796283, "log10_subsample": -0.5368177415696765, "max_depth": 4.0, "num_boost_round": 33.0}, "datetime": {"datetime": "2024-01-19 01:20:26", "elapsed": 4127.724615, "delta": 0.004798}}
{"target": -13.758192078297215, "params": {"gamma": 938.3710570506106, "log10_alpha": -3.4249118536892595, "log10_colsample_bytree": -0.5564623687833403, "log10_eta": -2.409657131727726, "log10_lambda": 0.052101816788445277, "log10_min_child_weight": 4.760349203796283, "log10_subsample": -0.5368177415696765, "max_depth": 4.0, "num_boost_round": 34.0}, "datetime": {"datetime": "2024-01-19 01:20:26", "elapsed": 4127.729424, "delta": 0.004809}}
{"target": -13.758195956896596, "params": {"gamma": 938.3710570506106, "log10_alpha": -3.4249118536892595, "log10_colsample_bytree": -0.5564623687833403, "log10_eta": -2.409657131727726, "log10_lambda": 0.052101816788445277, "log10_min_child_weight": 4.760349203796283, "log10_subsample": -0.5368177415696765, "max_depth": 4.0, "num_boost_round": 35.0}, "datetime": {"datetime": "2024-01-19 01:20:26", "elapsed": 4127.734206, "delta": 0.004782}}
{"target": -13.758206917825405, "params": {"gamma": 938.3710570506106, "log10_alpha": -3.4249118536892595, "log10_colsample_bytree": -0.5564623687833403, "log10_eta": -2.409657131727726, "log10_lambda": 0.052101816788445277, "log10_min_child_weight": 4.760349203796283, "log10_subsample": -0.5368177415696765, "max_depth": 4.0, "num_boost_round": 36.0}, "datetime": {"datetime": "2024-01-19 01:20:26", "elapsed": 4127.738963, "delta": 0.004757}}
{"target": -13.758209802582659, "params": {"gamma": 938.3710570506106, "log10_alpha": -3.4249118536892595, "log10_colsample_bytree": -0.5564623687833403, "log10_eta": -2.409657131727726, "log10_lambda": 0.052101816788445277, "log10_min_child_weight": 4.760349203796283, "log10_subsample": -0.5368177415696765, "max_depth": 4.0, "num_boost_round": 37.0}, "datetime": {"datetime": "2024-01-19 01:20:26", "elapsed": 4127.743763, "delta": 0.0048}}
{"target": -13.758191407341062, "params": {"gamma": 938.3710570506106, "log10_alpha": -3.4249118536892595, "log10_colsample_bytree": -0.5564623687833403, "log10_eta": -2.409657131727726, "log10_lambda": 0.052101816788445277, "log10_min_child_weight": 4.760349203796283, "log10_subsample": -0.5368177415696765, "max_depth": 4.0, "num_boost_round": 38.0}, "datetime": {"datetime": "2024-01-19 01:20:26", "elapsed": 4127.7486, "delta": 0.004837}}
{"target": -13.758529565050697, "params": {"gamma": 938.8654918773082, "log10_alpha": -4.4771448467577155, "log10_colsample_bytree": -0.00416630949314023, "log10_eta": -3.073661282659539, "log10_lambda": -2.7452309787442943, "log10_min_child_weight": 0.786755687881549, "log10_subsample": -0.606528032639605, "max_depth": 2.0, "num_boost_round": 0.0}, "datetime": {"datetime": "2024-01-19 01:21:25", "elapsed": 4186.162365, "delta": 58.413765}}
{"target": -13.758521692806971, "params": {"gamma": 938.8654918773082, "log10_alpha": -4.4771448467577155, "log10_colsample_bytree": -0.00416630949314023, "log10_eta": -3.073661282659539, "log10_lambda": -2.7452309787442943, "log10_min_child_weight": 0.786755687881549, "log10_subsample": -0.606528032639605, "max_depth": 2.0, "num_boost_round": 1.0}, "datetime": {"datetime": "2024-01-19 01:21:25", "elapsed": 4186.167552, "delta": 0.005187}}
{"target": -13.758514381321868, "params": {"gamma": 938.8654918773082, "log10_alpha": -4.4771448467577155, "log10_colsample_bytree": -0.00416630949314023, "log10_eta": -3.073661282659539, "log10_lambda": -2.7452309787442943, "log10_min_child_weight": 0.786755687881549, "log10_subsample": -0.606528032639605, "max_depth": 2.0, "num_boost_round": 2.0}, "datetime": {"datetime": "2024-01-19 01:21:25", "elapsed": 4186.172429, "delta": 0.004877}}
{"target": -13.7585123634388, "params": {"gamma": 938.8654918773082, "log10_alpha": -4.4771448467577155, "log10_colsample_bytree": -0.00416630949314023, "log10_eta": -3.073661282659539, "log10_lambda": -2.7452309787442943, "log10_min_child_weight": 0.786755687881549, "log10_subsample": -0.606528032639605, "max_depth": 2.0, "num_boost_round": 3.0}, "datetime": {"datetime": "2024-01-19 01:21:25", "elapsed": 4186.177381, "delta": 0.004952}}
{"target": -13.75850556004124, "params": {"gamma": 938.8654918773082, "log10_alpha": -4.4771448467577155, "log10_colsample_bytree": -0.00416630949314023, "log10_eta": -3.073661282659539, "log10_lambda": -2.7452309787442943, "log10_min_child_weight": 0.786755687881549, "log10_subsample": -0.606528032639605, "max_depth": 2.0, "num_boost_round": 4.0}, "datetime": {"datetime": "2024-01-19 01:21:25", "elapsed": 4186.182215, "delta": 0.004834}}
{"target": -13.75849674233753, "params": {"gamma": 938.8654918773082, "log10_alpha": -4.4771448467577155, "log10_colsample_bytree": -0.00416630949314023, "log10_eta": -3.073661282659539, "log10_lambda": -2.7452309787442943, "log10_min_child_weight": 0.786755687881549, "log10_subsample": -0.606528032639605, "max_depth": 2.0, "num_boost_round": 5.0}, "datetime": {"datetime": "2024-01-19 01:21:25", "elapsed": 4186.187046, "delta": 0.004831}}
{"target": -13.758488495692173, "params": {"gamma": 938.8654918773082, "log10_alpha": -4.4771448467577155, "log10_colsample_bytree": -0.00416630949314023, "log10_eta": -3.073661282659539, "log10_lambda": -2.7452309787442943, "log10_min_child_weight": 0.786755687881549, "log10_subsample": -0.606528032639605, "max_depth": 2.0, "num_boost_round": 6.0}, "datetime": {"datetime": "2024-01-19 01:21:25", "elapsed": 4186.191865, "delta": 0.004819}}
{"target": -13.758480084643418, "params": {"gamma": 938.8654918773082, "log10_alpha": -4.4771448467577155, "log10_colsample_bytree": -0.00416630949314023, "log10_eta": -3.073661282659539, "log10_lambda": -2.7452309787442943, "log10_min_child_weight": 0.786755687881549, "log10_subsample": -0.606528032639605, "max_depth": 2.0, "num_boost_round": 7.0}, "datetime": {"datetime": "2024-01-19 01:21:25", "elapsed": 4186.196745, "delta": 0.00488}}
{"target": -13.758471138769997, "params": {"gamma": 938.8654918773082, "log10_alpha": -4.4771448467577155, "log10_colsample_bytree": -0.00416630949314023, "log10_eta": -3.073661282659539, "log10_lambda": -2.7452309787442943, "log10_min_child_weight": 0.786755687881549, "log10_subsample": -0.606528032639605, "max_depth": 2.0, "num_boost_round": 8.0}, "datetime": {"datetime": "2024-01-19 01:21:25", "elapsed": 4186.201504, "delta": 0.004759}}
{"target": -13.758464089139125, "params": {"gamma": 938.8654918773082, "log10_alpha": -4.4771448467577155, "log10_colsample_bytree": -0.00416630949314023, "log10_eta": -3.073661282659539, "log10_lambda": -2.7452309787442943, "log10_min_child_weight": 0.786755687881549, "log10_subsample": -0.606528032639605, "max_depth": 2.0, "num_boost_round": 9.0}, "datetime": {"datetime": "2024-01-19 01:21:25", "elapsed": 4186.206251, "delta": 0.004747}}
{"target": -13.758457546354483, "params": {"gamma": 938.8654918773082, "log10_alpha": -4.4771448467577155, "log10_colsample_bytree": -0.00416630949314023, "log10_eta": -3.073661282659539, "log10_lambda": -2.7452309787442943, "log10_min_child_weight": 0.786755687881549, "log10_subsample": -0.606528032639605, "max_depth": 2.0, "num_boost_round": 10.0}, "datetime": {"datetime": "2024-01-19 01:21:25", "elapsed": 4186.211134, "delta": 0.004883}}
{"target": -13.758449719253198, "params": {"gamma": 938.8654918773082, "log10_alpha": -4.4771448467577155, "log10_colsample_bytree": -0.00416630949314023, "log10_eta": -3.073661282659539, "log10_lambda": -2.7452309787442943, "log10_min_child_weight": 0.786755687881549, "log10_subsample": -0.606528032639605, "max_depth": 2.0, "num_boost_round": 11.0}, "datetime": {"datetime": "2024-01-19 01:21:25", "elapsed": 4186.216186, "delta": 0.005052}}
{"target": -13.758442023044644, "params": {"gamma": 938.8654918773082, "log10_alpha": -4.4771448467577155, "log10_colsample_bytree": -0.00416630949314023, "log10_eta": -3.073661282659539, "log10_lambda": -2.7452309787442943, "log10_min_child_weight": 0.786755687881549, "log10_subsample": -0.606528032639605, "max_depth": 2.0, "num_boost_round": 12.0}, "datetime": {"datetime": "2024-01-19 01:21:25", "elapsed": 4186.220958, "delta": 0.004772}}
