{"target": -17.69273858930585, "params": {"gamma": 450.3017278835949, "log10_alpha": -4.994158750794975, "log10_colsample_bytree": -0.07003195196173506, "log10_eta": -1.1351367642773438, "log10_lambda": -0.10629112995006817, "log10_min_child_weight": 4.439529425574641, "log10_subsample": -0.5963624725827712, "max_depth": 2.0, "num_boost_round": 73.0}, "datetime": {"datetime": "2024-01-19 00:21:57", "elapsed": 622.171783, "delta": 0.000785}}
{"target": -17.692545107590522, "params": {"gamma": 450.3017278835949, "log10_alpha": -4.994158750794975, "log10_colsample_bytree": -0.07003195196173506, "log10_eta": -1.1351367642773438, "log10_lambda": -0.10629112995006817, "log10_min_child_weight": 4.439529425574641, "log10_subsample": -0.5963624725827712, "max_depth": 2.0, "num_boost_round": 74.0}, "datetime": {"datetime": "2024-01-19 00:21:57", "elapsed": 622.172568, "delta": 0.000785}}
{"target": -17.692538371742206, "params": {"gamma": 450.3017278835949, "log10_alpha": -4.994158750794975, "log10_colsample_bytree": -0.07003195196173506, "log10_eta": -1.1351367642773438, "log10_lambda": -0.10629112995006817, "log10_min_child_weight": 4.439529425574641, "log10_subsample": -0.5963624725827712, "max_depth": 2.0, "num_boost_round": 75.0}, "datetime": {"datetime": "2024-01-19 00:21:57", "elapsed": 622.173349, "delta": 0.000781}}
{"target": -17.692279602601044, "params": {"gamma": 450.3017278835949, "log10_alpha": -4.994158750794975, "log10_colsample_bytree": -0.07003195196173506, "log10_eta": -1.1351367642773438, "log10_lambda": -0.10629112995006817, "log10_min_child_weight": 4.439529425574641, "log10_subsample": -0.5963624725827712, "max_depth": 2.0, "num_boost_round": 76.0}, "datetime": {"datetime": "2024-01-19 00:21:57", "elapsed": 622.174156, "delta": 0.000807}}
{"target": -17.692074270396542, "params": {"gamma": 450.3017278835949, "log10_alpha": -4.994158750794975, "log10_colsample_bytree": -0.07003195196173506, "log10_eta": -1.1351367642773438, "log10_lambda": -0.10629112995006817, "log10_min_child_weight": 4.439529425574641, "log10_subsample": -0.5963624725827712, "max_depth": 2.0, "num_boost_round": 77.0}, "datetime": {"datetime": "2024-01-19 00:21:57", "elapsed": 622.17509, "delta": 0.000934}}
{"target": -17.69134545086231, "params": {"gamma": 450.3017278835949, "log10_alpha": -4.994158750794975, "log10_colsample_bytree": -0.07003195196173506, "log10_eta": -1.1351367642773438, "log10_lambda": -0.10629112995006817, "log10_min_child_weight": 4.439529425574641, "log10_subsample": -0.5963624725827712, "max_depth": 2.0, "num_boost_round": 78.0}, "datetime": {"datetime": "2024-01-19 00:21:57", "elapsed": 622.176063, "delta": 0.000973}}
{"target": -17.691931653852954, "params": {"gamma": 450.3017278835949, "log10_alpha": -4.994158750794975, "log10_colsample_bytree": -0.07003195196173506, "log10_eta": -1.1351367642773438, "log10_lambda": -0.10629112995006817, "log10_min_child_weight": 4.439529425574641, "log10_subsample": -0.5963624725827712, "max_depth": 2.0, "num_boost_round": 79.0}, "datetime": {"datetime": "2024-01-19 00:21:57", "elapsed": 622.176981, "delta": 0.000918}}
{"target": -17.691849657191923, "params": {"gamma": 450.3017278835949, "log10_alpha": -4.994158750794975, "log10_colsample_bytree": -0.07003195196173506, "log10_eta": -1.1351367642773438, "log10_lambda": -0.10629112995006817, "log10_min_child_weight": 4.439529425574641, "log10_subsample": -0.5963624725827712, "max_depth": 2.0, "num_boost_round": 80.0}, "datetime": {"datetime": "2024-01-19 00:21:57", "elapsed": 622.177833, "delta": 0.000852}}
{"target": -17.691501470637636, "params": {"gamma": 450.3017278835949, "log10_alpha": -4.994158750794975, "log10_colsample_bytree": -0.07003195196173506, "log10_eta": -1.1351367642773438, "log10_lambda": -0.10629112995006817, "log10_min_child_weight": 4.439529425574641, "log10_subsample": -0.5963624725827712, "max_depth": 2.0, "num_boost_round": 81.0}, "datetime": {"datetime": "2024-01-19 00:21:57", "elapsed": 622.178639, "delta": 0.000806}}
{"target": -17.69147612911276, "params": {"gamma": 450.3017278835949, "log10_alpha": -4.994158750794975, "log10_colsample_bytree": -0.07003195196173506, "log10_eta": -1.1351367642773438, "log10_lambda": -0.10629112995006817, "log10_min_child_weight": 4.439529425574641, "log10_subsample": -0.5963624725827712, "max_depth": 2.0, "num_boost_round": 82.0}, "datetime": {"datetime": "2024-01-19 00:21:57", "elapsed": 622.179432, "delta": 0.000793}}
{"target": -17.691416054089437, "params": {"gamma": 450.3017278835949, "log10_alpha": -4.994158750794975, "log10_colsample_bytree": -0.07003195196173506, "log10_eta": -1.1351367642773438, "log10_lambda": -0.10629112995006817, "log10_min_child_weight": 4.439529425574641, "log10_subsample": -0.5963624725827712, "max_depth": 2.0, "num_boost_round": 83.0}, "datetime": {"datetime": "2024-01-19 00:21:57", "elapsed": 622.180226, "delta": 0.000794}}
{"target": -17.691344037899214, "params": {"gamma": 450.3017278835949, "log10_alpha": -4.994158750794975, "log10_colsample_bytree": -0.07003195196173506, "log10_eta": -1.1351367642773438, "log10_lambda": -0.10629112995006817, "log10_min_child_weight": 4.439529425574641, "log10_subsample": -0.5963624725827712, "max_depth": 2.0, "num_boost_round": 84.0}, "datetime": {"datetime": "2024-01-19 00:21:57", "elapsed": 622.181022, "delta": 0.000796}}
{"target": -17.69089323934059, "params": {"gamma": 450.3017278835949, "log10_alpha": -4.994158750794975, "log10_colsample_bytree": -0.07003195196173506, "log10_eta": -1.1351367642773438, "log10_lambda": -0.10629112995006817, "log10_min_child_weight": 4.439529425574641, "log10_subsample": -0.5963624725827712, "max_depth": 2.0, "num_boost_round": 85.0}, "datetime": {"datetime": "2024-01-19 00:21:57", "elapsed": 622.181825, "delta": 0.000803}}
{"target": -17.69161190726885, "params": {"gamma": 450.3017278835949, "log10_alpha": -4.994158750794975, "log10_colsample_bytree": -0.07003195196173506, "log10_eta": -1.1351367642773438, "log10_lambda": -0.10629112995006817, "log10_min_child_weight": 4.439529425574641, "log10_subsample": -0.5963624725827712, "max_depth": 2.0, "num_boost_round": 86.0}, "datetime": {"datetime": "2024-01-19 00:21:57", "elapsed": 622.182622, "delta": 0.000797}}
{"target": -17.691732469938767, "params": {"gamma": 450.3017278835949, "log10_alpha": -4.994158750794975, "log10_colsample_bytree": -0.07003195196173506, "log10_eta": -1.1351367642773438, "log10_lambda": -0.10629112995006817, "log10_min_child_weight": 4.439529425574641, "log10_subsample": -0.5963624725827712, "max_depth": 2.0, "num_boost_round": 87.0}, "datetime": {"datetime": "2024-01-19 00:21:57", "elapsed": 622.183406, "delta": 0.000784}}
{"target": -17.69225406467578, "params": {"gamma": 450.3017278835949, "log10_alpha": -4.994158750794975, "log10_colsample_bytree": -0.07003195196173506, "log10_eta": -1.1351367642773438, "log10_lambda": -0.10629112995006817, "log10_min_child_weight": 4.439529425574641, "log10_subsample": -0.5963624725827712, "max_depth": 2.0, "num_boost_round": 88.0}, "datetime": {"datetime": "2024-01-19 00:21:57", "elapsed": 622.184216, "delta": 0.00081}}
{"target": -17.692529170925294, "params": {"gamma": 450.3017278835949, "log10_alpha": -4.994158750794975, "log10_colsample_bytree": -0.07003195196173506, "log10_eta": -1.1351367642773438, "log10_lambda": -0.10629112995006817, "log10_min_child_weight": 4.439529425574641, "log10_subsample": -0.5963624725827712, "max_depth": 2.0, "num_boost_round": 89.0}, "datetime": {"datetime": "2024-01-19 00:21:57", "elapsed": 622.185039, "delta": 0.000823}}
{"target": -17.692717211353493, "params": {"gamma": 450.3017278835949, "log10_alpha": -4.994158750794975, "log10_colsample_bytree": -0.07003195196173506, "log10_eta": -1.1351367642773438, "log10_lambda": -0.10629112995006817, "log10_min_child_weight": 4.439529425574641, "log10_subsample": -0.5963624725827712, "max_depth": 2.0, "num_boost_round": 90.0}, "datetime": {"datetime": "2024-01-19 00:21:57", "elapsed": 622.185842, "delta": 0.000803}}
{"target": -17.692767873606293, "params": {"gamma": 450.3017278835949, "log10_alpha": -4.994158750794975, "log10_colsample_bytree": -0.07003195196173506, "log10_eta": -1.1351367642773438, "log10_lambda": -0.10629112995006817, "log10_min_child_weight": 4.439529425574641, "log10_subsample": -0.5963624725827712, "max_depth": 2.0, "num_boost_round": 91.0}, "datetime": {"datetime": "2024-01-19 00:21:57", "elapsed": 622.186648, "delta": 0.000806}}
{"target": -17.692697279574244, "params": {"gamma": 450.3017278835949, "log10_alpha": -4.994158750794975, "log10_colsample_bytree": -0.07003195196173506, "log10_eta": -1.1351367642773438, "log10_lambda": -0.10629112995006817, "log10_min_child_weight": 4.439529425574641, "log10_subsample": -0.5963624725827712, "max_depth": 2.0, "num_boost_round": 92.0}, "datetime": {"datetime": "2024-01-19 00:21:57", "elapsed": 622.187449, "delta": 0.000801}}
{"target": -17.69279348344048, "params": {"gamma": 450.3017278835949, "log10_alpha": -4.994158750794975, "log10_colsample_bytree": -0.07003195196173506, "log10_eta": -1.1351367642773438, "log10_lambda": -0.10629112995006817, "log10_min_child_weight": 4.439529425574641, "log10_subsample": -0.5963624725827712, "max_depth": 2.0, "num_boost_round": 93.0}, "datetime": {"datetime": "2024-01-19 00:21:57", "elapsed": 622.188257, "delta": 0.000808}}
{"target": -17.692738609410043, "params": {"gamma": 450.3017278835949, "log10_alpha": -4.994158750794975, "log10_colsample_bytree": -0.07003195196173506, "log10_eta": -1.1351367642773438, "log10_lambda": -0.10629112995006817, "log10_min_child_weight": 4.439529425574641, "log10_subsample": -0.5963624725827712, "max_depth": 2.0, "num_boost_round": 94.0}, "datetime": {"datetime": "2024-01-19 00:21:57", "elapsed": 622.189076, "delta": 0.000819}}
{"target": -17.69273965822433, "params": {"gamma": 450.3017278835949, "log10_alpha": -4.994158750794975, "log10_colsample_bytree": -0.07003195196173506, "log10_eta": -1.1351367642773438, "log10_lambda": -0.10629112995006817, "log10_min_child_weight": 4.439529425574641, "log10_subsample": -0.5963624725827712, "max_depth": 2.0, "num_boost_round": 95.0}, "datetime": {"datetime": "2024-01-19 00:21:57", "elapsed": 622.189948, "delta": 0.000872}}
{"target": -17.69291122936594, "params": {"gamma": 450.3017278835949, "log10_alpha": -4.994158750794975, "log10_colsample_bytree": -0.07003195196173506, "log10_eta": -1.1351367642773438, "log10_lambda": -0.10629112995006817, "log10_min_child_weight": 4.439529425574641, "log10_subsample": -0.5963624725827712, "max_depth": 2.0, "num_boost_round": 96.0}, "datetime": {"datetime": "2024-01-19 00:21:57", "elapsed": 622.190769, "delta": 0.000821}}
{"target": -17.692783924294165, "params": {"gamma": 450.3017278835949, "log10_alpha": -4.994158750794975, "log10_colsample_bytree": -0.07003195196173506, "log10_eta": -1.1351367642773438, "log10_lambda": -0.10629112995006817, "log10_min_child_weight": 4.439529425574641, "log10_subsample": -0.5963624725827712, "max_depth": 2.0, "num_boost_round": 97.0}, "datetime": {"datetime": "2024-01-19 00:21:57", "elapsed": 622.191596, "delta": 0.000827}}
{"target": -17.693472213863995, "params": {"gamma": 450.3017278835949, "log10_alpha": -4.994158750794975, "log10_colsample_bytree": -0.07003195196173506, "log10_eta": -1.1351367642773438, "log10_lambda": -0.10629112995006817, "log10_min_child_weight": 4.439529425574641, "log10_subsample": -0.5963624725827712, "max_depth": 2.0, "num_boost_round": 98.0}, "datetime": {"datetime": "2024-01-19 00:21:57", "elapsed": 622.19241, "delta": 0.000814}}
{"target": -17.693357316162327, "params": {"gamma": 450.3017278835949, "log10_alpha": -4.994158750794975, "log10_colsample_bytree": -0.07003195196173506, "log10_eta": -1.1351367642773438, "log10_lambda": -0.10629112995006817, "log10_min_child_weight": 4.439529425574641, "log10_subsample": -0.5963624725827712, "max_depth": 2.0, "num_boost_round": 99.0}, "datetime": {"datetime": "2024-01-19 00:21:57", "elapsed": 622.193226, "delta": 0.000816}}
{"target": -17.693354995830024, "params": {"gamma": 450.3017278835949, "log10_alpha": -4.994158750794975, "log10_colsample_bytree": -0.07003195196173506, "log10_eta": -1.1351367642773438, "log10_lambda": -0.10629112995006817, "log10_min_child_weight": 4.439529425574641, "log10_subsample": -0.5963624725827712, "max_depth": 2.0, "num_boost_round": 100.0}, "datetime": {"datetime": "2024-01-19 00:21:57", "elapsed": 622.194145, "delta": 0.000919}}
{"target": -17.69397278629485, "params": {"gamma": 450.3017278835949, "log10_alpha": -4.994158750794975, "log10_colsample_bytree": -0.07003195196173506, "log10_eta": -1.1351367642773438, "log10_lambda": -0.10629112995006817, "log10_min_child_weight": 4.439529425574641, "log10_subsample": -0.5963624725827712, "max_depth": 2.0, "num_boost_round": 101.0}, "datetime": {"datetime": "2024-01-19 00:21:57", "elapsed": 622.194974, "delta": 0.000829}}
{"target": -17.693464106431637, "params": {"gamma": 450.3017278835949, "log10_alpha": -4.994158750794975, "log10_colsample_bytree": -0.07003195196173506, "log10_eta": -1.1351367642773438, "log10_lambda": -0.10629112995006817, "log10_min_child_weight": 4.439529425574641, "log10_subsample": -0.5963624725827712, "max_depth": 2.0, "num_boost_round": 102.0}, "datetime": {"datetime": "2024-01-19 00:21:57", "elapsed": 622.195801, "delta": 0.000827}}
{"target": -17.69331721774924, "params": {"gamma": 450.3017278835949, "log10_alpha": -4.994158750794975, "log10_colsample_bytree": -0.07003195196173506, "log10_eta": -1.1351367642773438, "log10_lambda": -0.10629112995006817, "log10_min_child_weight": 4.439529425574641, "log10_subsample": -0.5963624725827712, "max_depth": 2.0, "num_boost_round": 103.0}, "datetime": {"datetime": "2024-01-19 00:21:57", "elapsed": 622.196624, "delta": 0.000823}}
{"target": -17.694250890019845, "params": {"gamma": 450.3017278835949, "log10_alpha": -4.994158750794975, "log10_colsample_bytree": -0.07003195196173506, "log10_eta": -1.1351367642773438, "log10_lambda": -0.10629112995006817, "log10_min_child_weight": 4.439529425574641, "log10_subsample": -0.5963624725827712, "max_depth": 2.0, "num_boost_round": 104.0}, "datetime": {"datetime": "2024-01-19 00:21:57", "elapsed": 622.197442, "delta": 0.000818}}
{"target": -17.694840474616356, "params": {"gamma": 450.3017278835949, "log10_alpha": -4.994158750794975, "log10_colsample_bytree": -0.07003195196173506, "log10_eta": -1.1351367642773438, "log10_lambda": -0.10629112995006817, "log10_min_child_weight": 4.439529425574641, "log10_subsample": -0.5963624725827712, "max_depth": 2.0, "num_boost_round": 105.0}, "datetime": {"datetime": "2024-01-19 00:21:57", "elapsed": 622.198267, "delta": 0.000825}}
{"target": -17.695351949028602, "params": {"gamma": 450.3017278835949, "log10_alpha": -4.994158750794975, "log10_colsample_bytree": -0.07003195196173506, "log10_eta": -1.1351367642773438, "log10_lambda": -0.10629112995006817, "log10_min_child_weight": 4.439529425574641, "log10_subsample": -0.5963624725827712, "max_depth": 2.0, "num_boost_round": 106.0}, "datetime": {"datetime": "2024-01-19 00:21:57", "elapsed": 622.1991, "delta": 0.000833}}
{"target": -17.695268179950954, "params": {"gamma": 450.3017278835949, "log10_alpha": -4.994158750794975, "log10_colsample_bytree": -0.07003195196173506, "log10_eta": -1.1351367642773438, "log10_lambda": -0.10629112995006817, "log10_min_child_weight": 4.439529425574641, "log10_subsample": -0.5963624725827712, "max_depth": 2.0, "num_boost_round": 107.0}, "datetime": {"datetime": "2024-01-19 00:21:57", "elapsed": 622.199927, "delta": 0.000827}}
{"target": -17.695244841666355, "params": {"gamma": 450.3017278835949, "log10_alpha": -4.994158750794975, "log10_colsample_bytree": -0.07003195196173506, "log10_eta": -1.1351367642773438, "log10_lambda": -0.10629112995006817, "log10_min_child_weight": 4.439529425574641, "log10_subsample": -0.5963624725827712, "max_depth": 2.0, "num_boost_round": 108.0}, "datetime": {"datetime": "2024-01-19 00:21:57", "elapsed": 622.200751, "delta": 0.000824}}
{"target": -17.69499722018411, "params": {"gamma": 450.3017278835949, "log10_alpha": -4.994158750794975, "log10_colsample_bytree": -0.07003195196173506, "log10_eta": -1.1351367642773438, "log10_lambda": -0.10629112995006817, "log10_min_child_weight": 4.439529425574641, "log10_subsample": -0.5963624725827712, "max_depth": 2.0, "num_boost_round": 109.0}, "datetime": {"datetime": "2024-01-19 00:21:57", "elapsed": 622.201586, "delta": 0.000835}}
{"target": -17.694838686742056, "params": {"gamma": 450.3017278835949, "log10_alpha": -4.994158750794975, "log10_colsample_bytree": -0.07003195196173506, "log10_eta": -1.1351367642773438, "log10_lambda": -0.10629112995006817, "log10_min_child_weight": 4.439529425574641, "log10_subsample": -0.5963624725827712, "max_depth": 2.0, "num_boost_round": 110.0}, "datetime": {"datetime": "2024-01-19 00:21:57", "elapsed": 622.202412, "delta": 0.000826}}
{"target": -17.69478593027669, "params": {"gamma": 450.3017278835949, "log10_alpha": -4.994158750794975, "log10_colsample_bytree": -0.07003195196173506, "log10_eta": -1.1351367642773438, "log10_lambda": -0.10629112995006817, "log10_min_child_weight": 4.439529425574641, "log10_subsample": -0.5963624725827712, "max_depth": 2.0, "num_boost_round": 111.0}, "datetime": {"datetime": "2024-01-19 00:21:57", "elapsed": 622.203249, "delta": 0.000837}}
{"target": -17.695355984858995, "params": {"gamma": 450.3017278835949, "log10_alpha": -4.994158750794975, "log10_colsample_bytree": -0.07003195196173506, "log10_eta": -1.1351367642773438, "log10_lambda": -0.10629112995006817, "log10_min_child_weight": 4.439529425574641, "log10_subsample": -0.5963624725827712, "max_depth": 2.0, "num_boost_round": 112.0}, "datetime": {"datetime": "2024-01-19 00:21:57", "elapsed": 622.204082, "delta": 0.000833}}
{"target": -17.695561571315203, "params": {"gamma": 450.3017278835949, "log10_alpha": -4.994158750794975, "log10_colsample_bytree": -0.07003195196173506, "log10_eta": -1.1351367642773438, "log10_lambda": -0.10629112995006817, "log10_min_child_weight": 4.439529425574641, "log10_subsample": -0.5963624725827712, "max_depth": 2.0, "num_boost_round": 113.0}, "datetime": {"datetime": "2024-01-19 00:21:57", "elapsed": 622.204912, "delta": 0.00083}}
{"target": -17.695510498861356, "params": {"gamma": 450.3017278835949, "log10_alpha": -4.994158750794975, "log10_colsample_bytree": -0.07003195196173506, "log10_eta": -1.1351367642773438, "log10_lambda": -0.10629112995006817, "log10_min_child_weight": 4.439529425574641, "log10_subsample": -0.5963624725827712, "max_depth": 2.0, "num_boost_round": 114.0}, "datetime": {"datetime": "2024-01-19 00:21:57", "elapsed": 622.205742, "delta": 0.00083}}
{"target": -17.69598510765707, "params": {"gamma": 450.3017278835949, "log10_alpha": -4.994158750794975, "log10_colsample_bytree": -0.07003195196173506, "log10_eta": -1.1351367642773438, "log10_lambda": -0.10629112995006817, "log10_min_child_weight": 4.439529425574641, "log10_subsample": -0.5963624725827712, "max_depth": 2.0, "num_boost_round": 115.0}, "datetime": {"datetime": "2024-01-19 00:21:57", "elapsed": 622.206575, "delta": 0.000833}}
{"target": -17.696179945023673, "params": {"gamma": 450.3017278835949, "log10_alpha": -4.994158750794975, "log10_colsample_bytree": -0.07003195196173506, "log10_eta": -1.1351367642773438, "log10_lambda": -0.10629112995006817, "log10_min_child_weight": 4.439529425574641, "log10_subsample": -0.5963624725827712, "max_depth": 2.0, "num_boost_round": 116.0}, "datetime": {"datetime": "2024-01-19 00:21:57", "elapsed": 622.207406, "delta": 0.000831}}
{"target": -17.695946744878945, "params": {"gamma": 450.3017278835949, "log10_alpha": -4.994158750794975, "log10_colsample_bytree": -0.07003195196173506, "log10_eta": -1.1351367642773438, "log10_lambda": -0.10629112995006817, "log10_min_child_weight": 4.439529425574641, "log10_subsample": -0.5963624725827712, "max_depth": 2.0, "num_boost_round": 117.0}, "datetime": {"datetime": "2024-01-19 00:21:57", "elapsed": 622.208243, "delta": 0.000837}}
{"target": -17.696103764713694, "params": {"gamma": 450.3017278835949, "log10_alpha": -4.994158750794975, "log10_colsample_bytree": -0.07003195196173506, "log10_eta": -1.1351367642773438, "log10_lambda": -0.10629112995006817, "log10_min_child_weight": 4.439529425574641, "log10_subsample": -0.5963624725827712, "max_depth": 2.0, "num_boost_round": 118.0}, "datetime": {"datetime": "2024-01-19 00:21:57", "elapsed": 622.209082, "delta": 0.000839}}
{"target": -17.696055510594697, "params": {"gamma": 450.3017278835949, "log10_alpha": -4.994158750794975, "log10_colsample_bytree": -0.07003195196173506, "log10_eta": -1.1351367642773438, "log10_lambda": -0.10629112995006817, "log10_min_child_weight": 4.439529425574641, "log10_subsample": -0.5963624725827712, "max_depth": 2.0, "num_boost_round": 119.0}, "datetime": {"datetime": "2024-01-19 00:21:57", "elapsed": 622.209926, "delta": 0.000844}}
{"target": -17.6962876454207, "params": {"gamma": 450.3017278835949, "log10_alpha": -4.994158750794975, "log10_colsample_bytree": -0.07003195196173506, "log10_eta": -1.1351367642773438, "log10_lambda": -0.10629112995006817, "log10_min_child_weight": 4.439529425574641, "log10_subsample": -0.5963624725827712, "max_depth": 2.0, "num_boost_round": 120.0}, "datetime": {"datetime": "2024-01-19 00:21:57", "elapsed": 622.210842, "delta": 0.000916}}
{"target": -17.696484225025646, "params": {"gamma": 450.3017278835949, "log10_alpha": -4.994158750794975, "log10_colsample_bytree": -0.07003195196173506, "log10_eta": -1.1351367642773438, "log10_lambda": -0.10629112995006817, "log10_min_child_weight": 4.439529425574641, "log10_subsample": -0.5963624725827712, "max_depth": 2.0, "num_boost_round": 121.0}, "datetime": {"datetime": "2024-01-19 00:21:57", "elapsed": 622.211712, "delta": 0.00087}}
