{"target": -13.758399891502387, "params": {"gamma": 521.2552656155194, "log10_alpha": -4.856835111138801, "log10_colsample_bytree": -0.8420045997396459, "log10_eta": -0.9336666903591841, "log10_lambda": -4.798867947793089, "log10_min_child_weight": 3.605377987535544, "log10_subsample": -0.9390443445099795, "max_depth": 2.0, "num_boost_round": 3.0}, "datetime": {"datetime": "2024-01-19 00:25:27", "elapsed": 859.471443, "delta": 0.001154}}
{"target": -13.758765833705025, "params": {"gamma": 521.2552656155194, "log10_alpha": -4.856835111138801, "log10_colsample_bytree": -0.8420045997396459, "log10_eta": -0.9336666903591841, "log10_lambda": -4.798867947793089, "log10_min_child_weight": 3.605377987535544, "log10_subsample": -0.9390443445099795, "max_depth": 2.0, "num_boost_round": 4.0}, "datetime": {"datetime": "2024-01-19 00:25:27", "elapsed": 859.472583, "delta": 0.00114}}
{"target": -13.759277500628542, "params": {"gamma": 521.2552656155194, "log10_alpha": -4.856835111138801, "log10_colsample_bytree": -0.8420045997396459, "log10_eta": -0.9336666903591841, "log10_lambda": -4.798867947793089, "log10_min_child_weight": 3.605377987535544, "log10_subsample": -0.9390443445099795, "max_depth": 2.0, "num_boost_round": 5.0}, "datetime": {"datetime": "2024-01-19 00:25:27", "elapsed": 859.473724, "delta": 0.001141}}
{"target": -13.759727139359837, "params": {"gamma": 521.2552656155194, "log10_alpha": -4.856835111138801, "log10_colsample_bytree": -0.8420045997396459, "log10_eta": -0.9336666903591841, "log10_lambda": -4.798867947793089, "log10_min_child_weight": 3.605377987535544, "log10_subsample": -0.9390443445099795, "max_depth": 2.0, "num_boost_round": 6.0}, "datetime": {"datetime": "2024-01-19 00:25:27", "elapsed": 859.474864, "delta": 0.00114}}
{"target": -13.75986003446774, "params": {"gamma": 521.2552656155194, "log10_alpha": -4.856835111138801, "log10_colsample_bytree": -0.8420045997396459, "log10_eta": -0.9336666903591841, "log10_lambda": -4.798867947793089, "log10_min_child_weight": 3.605377987535544, "log10_subsample": -0.9390443445099795, "max_depth": 2.0, "num_boost_round": 7.0}, "datetime": {"datetime": "2024-01-19 00:25:27", "elapsed": 859.476014, "delta": 0.00115}}
{"target": -13.761017574615256, "params": {"gamma": 521.2552656155194, "log10_alpha": -4.856835111138801, "log10_colsample_bytree": -0.8420045997396459, "log10_eta": -0.9336666903591841, "log10_lambda": -4.798867947793089, "log10_min_child_weight": 3.605377987535544, "log10_subsample": -0.9390443445099795, "max_depth": 2.0, "num_boost_round": 8.0}, "datetime": {"datetime": "2024-01-19 00:25:27", "elapsed": 859.477153, "delta": 0.001139}}
{"target": -13.760929569713419, "params": {"gamma": 521.2552656155194, "log10_alpha": -4.856835111138801, "log10_colsample_bytree": -0.8420045997396459, "log10_eta": -0.9336666903591841, "log10_lambda": -4.798867947793089, "log10_min_child_weight": 3.605377987535544, "log10_subsample": -0.9390443445099795, "max_depth": 2.0, "num_boost_round": 9.0}, "datetime": {"datetime": "2024-01-19 00:25:27", "elapsed": 859.47829, "delta": 0.001137}}
{"target": -13.758535841978626, "params": {"gamma": 570.1607287123406, "log10_alpha": -0.19100719543768463, "log10_colsample_bytree": -0.34036609603877754, "log10_eta": -3.6328771860662576, "log10_lambda": -3.5731564777962856, "log10_min_child_weight": 4.282934963342572, "log10_subsample": -0.26882997832494027, "max_depth": 7.0, "num_boost_round": 0.0}, "datetime": {"datetime": "2024-01-19 00:25:48", "elapsed": 880.165262, "delta": 20.686972}}
{"target": -13.758535923707406, "params": {"gamma": 570.1607287123406, "log10_alpha": -0.19100719543768463, "log10_colsample_bytree": -0.34036609603877754, "log10_eta": -3.6328771860662576, "log10_lambda": -3.5731564777962856, "log10_min_child_weight": 4.282934963342572, "log10_subsample": -0.26882997832494027, "max_depth": 7.0, "num_boost_round": 1.0}, "datetime": {"datetime": "2024-01-19 00:25:48", "elapsed": 880.167312, "delta": 0.00205}}
{"target": -13.758539129448959, "params": {"gamma": 570.1607287123406, "log10_alpha": -0.19100719543768463, "log10_colsample_bytree": -0.34036609603877754, "log10_eta": -3.6328771860662576, "log10_lambda": -3.5731564777962856, "log10_min_child_weight": 4.282934963342572, "log10_subsample": -0.26882997832494027, "max_depth": 7.0, "num_boost_round": 2.0}, "datetime": {"datetime": "2024-01-19 00:25:48", "elapsed": 880.168607, "delta": 0.001295}}
{"target": -13.758539870453761, "params": {"gamma": 570.1607287123406, "log10_alpha": -0.19100719543768463, "log10_colsample_bytree": -0.34036609603877754, "log10_eta": -3.6328771860662576, "log10_lambda": -3.5731564777962856, "log10_min_child_weight": 4.282934963342572, "log10_subsample": -0.26882997832494027, "max_depth": 7.0, "num_boost_round": 3.0}, "datetime": {"datetime": "2024-01-19 00:25:48", "elapsed": 880.169759, "delta": 0.001152}}
{"target": -13.758540387107297, "params": {"gamma": 570.1607287123406, "log10_alpha": -0.19100719543768463, "log10_colsample_bytree": -0.34036609603877754, "log10_eta": -3.6328771860662576, "log10_lambda": -3.5731564777962856, "log10_min_child_weight": 4.282934963342572, "log10_subsample": -0.26882997832494027, "max_depth": 7.0, "num_boost_round": 4.0}, "datetime": {"datetime": "2024-01-19 00:25:48", "elapsed": 880.170939, "delta": 0.00118}}
{"target": -13.758541219321149, "params": {"gamma": 570.1607287123406, "log10_alpha": -0.19100719543768463, "log10_colsample_bytree": -0.34036609603877754, "log10_eta": -3.6328771860662576, "log10_lambda": -3.5731564777962856, "log10_min_child_weight": 4.282934963342572, "log10_subsample": -0.26882997832494027, "max_depth": 7.0, "num_boost_round": 5.0}, "datetime": {"datetime": "2024-01-19 00:25:48", "elapsed": 880.172105, "delta": 0.001166}}
{"target": -13.758543305260938, "params": {"gamma": 570.1607287123406, "log10_alpha": -0.19100719543768463, "log10_colsample_bytree": -0.34036609603877754, "log10_eta": -3.6328771860662576, "log10_lambda": -3.5731564777962856, "log10_min_child_weight": 4.282934963342572, "log10_subsample": -0.26882997832494027, "max_depth": 7.0, "num_boost_round": 6.0}, "datetime": {"datetime": "2024-01-19 00:25:48", "elapsed": 880.173627, "delta": 0.001522}}
{"target": -13.758543044561833, "params": {"gamma": 570.1607287123406, "log10_alpha": -0.19100719543768463, "log10_colsample_bytree": -0.34036609603877754, "log10_eta": -3.6328771860662576, "log10_lambda": -3.5731564777962856, "log10_min_child_weight": 4.282934963342572, "log10_subsample": -0.26882997832494027, "max_depth": 7.0, "num_boost_round": 7.0}, "datetime": {"datetime": "2024-01-19 00:25:48", "elapsed": 880.174806, "delta": 0.001179}}
{"target": -13.758539885241548, "params": {"gamma": 570.1607287123406, "log10_alpha": -0.19100719543768463, "log10_colsample_bytree": -0.34036609603877754, "log10_eta": -3.6328771860662576, "log10_lambda": -3.5731564777962856, "log10_min_child_weight": 4.282934963342572, "log10_subsample": -0.26882997832494027, "max_depth": 7.0, "num_boost_round": 8.0}, "datetime": {"datetime": "2024-01-19 00:25:48", "elapsed": 880.175972, "delta": 0.001166}}
{"target": -13.758538804139636, "params": {"gamma": 570.1607287123406, "log10_alpha": -0.19100719543768463, "log10_colsample_bytree": -0.34036609603877754, "log10_eta": -3.6328771860662576, "log10_lambda": -3.5731564777962856, "log10_min_child_weight": 4.282934963342572, "log10_subsample": -0.26882997832494027, "max_depth": 7.0, "num_boost_round": 9.0}, "datetime": {"datetime": "2024-01-19 00:25:48", "elapsed": 880.177145, "delta": 0.001173}}
{"target": -13.758537769815865, "params": {"gamma": 570.1607287123406, "log10_alpha": -0.19100719543768463, "log10_colsample_bytree": -0.34036609603877754, "log10_eta": -3.6328771860662576, "log10_lambda": -3.5731564777962856, "log10_min_child_weight": 4.282934963342572, "log10_subsample": -0.26882997832494027, "max_depth": 7.0, "num_boost_round": 10.0}, "datetime": {"datetime": "2024-01-19 00:25:48", "elapsed": 880.178324, "delta": 0.001179}}
{"target": -13.75853398497184, "params": {"gamma": 570.1607287123406, "log10_alpha": -0.19100719543768463, "log10_colsample_bytree": -0.34036609603877754, "log10_eta": -3.6328771860662576, "log10_lambda": -3.5731564777962856, "log10_min_child_weight": 4.282934963342572, "log10_subsample": -0.26882997832494027, "max_depth": 7.0, "num_boost_round": 11.0}, "datetime": {"datetime": "2024-01-19 00:25:48", "elapsed": 880.179482, "delta": 0.001158}}
{"target": -13.758532175942229, "params": {"gamma": 570.1607287123406, "log10_alpha": -0.19100719543768463, "log10_colsample_bytree": -0.34036609603877754, "log10_eta": -3.6328771860662576, "log10_lambda": -3.5731564777962856, "log10_min_child_weight": 4.282934963342572, "log10_subsample": -0.26882997832494027, "max_depth": 7.0, "num_boost_round": 12.0}, "datetime": {"datetime": "2024-01-19 00:25:48", "elapsed": 880.180647, "delta": 0.001165}}
{"target": -13.75853800405685, "params": {"gamma": 566.0387591837183, "log10_alpha": -4.775074596583865, "log10_colsample_bytree": -0.7642701766549858, "log10_eta": -4.0, "log10_lambda": -5.0, "log10_min_child_weight": 5.0, "log10_subsample": -0.47172556490005024, "max_depth": 2.0, "num_boost_round": 0.0}, "datetime": {"datetime": "2024-01-19 00:26:10", "elapsed": 902.74378, "delta": 22.563133}}
{"target": -13.758537732366268, "params": {"gamma": 566.0387591837183, "log10_alpha": -4.775074596583865, "log10_colsample_bytree": -0.7642701766549858, "log10_eta": -4.0, "log10_lambda": -5.0, "log10_min_child_weight": 5.0, "log10_subsample": -0.47172556490005024, "max_depth": 2.0, "num_boost_round": 1.0}, "datetime": {"datetime": "2024-01-19 00:26:10", "elapsed": 902.745101, "delta": 0.001321}}
{"target": -13.758537580153169, "params": {"gamma": 566.0387591837183, "log10_alpha": -4.775074596583865, "log10_colsample_bytree": -0.7642701766549858, "log10_eta": -4.0, "log10_lambda": -5.0, "log10_min_child_weight": 5.0, "log10_subsample": -0.47172556490005024, "max_depth": 2.0, "num_boost_round": 2.0}, "datetime": {"datetime": "2024-01-19 00:26:10", "elapsed": 902.746288, "delta": 0.001187}}
{"target": -13.758537242663472, "params": {"gamma": 566.0387591837183, "log10_alpha": -4.775074596583865, "log10_colsample_bytree": -0.7642701766549858, "log10_eta": -4.0, "log10_lambda": -5.0, "log10_min_child_weight": 5.0, "log10_subsample": -0.47172556490005024, "max_depth": 2.0, "num_boost_round": 3.0}, "datetime": {"datetime": "2024-01-19 00:26:10", "elapsed": 902.747445, "delta": 0.001157}}
{"target": -13.75853706081319, "params": {"gamma": 566.0387591837183, "log10_alpha": -4.775074596583865, "log10_colsample_bytree": -0.7642701766549858, "log10_eta": -4.0, "log10_lambda": -5.0, "log10_min_child_weight": 5.0, "log10_subsample": -0.47172556490005024, "max_depth": 2.0, "num_boost_round": 4.0}, "datetime": {"datetime": "2024-01-19 00:26:10", "elapsed": 902.748592, "delta": 0.001147}}
{"target": -13.758536772204083, "params": {"gamma": 566.0387591837183, "log10_alpha": -4.775074596583865, "log10_colsample_bytree": -0.7642701766549858, "log10_eta": -4.0, "log10_lambda": -5.0, "log10_min_child_weight": 5.0, "log10_subsample": -0.47172556490005024, "max_depth": 2.0, "num_boost_round": 5.0}, "datetime": {"datetime": "2024-01-19 00:26:10", "elapsed": 902.749752, "delta": 0.00116}}
{"target": -13.758536841756676, "params": {"gamma": 566.0387591837183, "log10_alpha": -4.775074596583865, "log10_colsample_bytree": -0.7642701766549858, "log10_eta": -4.0, "log10_lambda": -5.0, "log10_min_child_weight": 5.0, "log10_subsample": -0.47172556490005024, "max_depth": 2.0, "num_boost_round": 6.0}, "datetime": {"datetime": "2024-01-19 00:26:10", "elapsed": 902.750999, "delta": 0.001247}}
{"target": -13.758536514625382, "params": {"gamma": 566.0387591837183, "log10_alpha": -4.775074596583865, "log10_colsample_bytree": -0.7642701766549858, "log10_eta": -4.0, "log10_lambda": -5.0, "log10_min_child_weight": 5.0, "log10_subsample": -0.47172556490005024, "max_depth": 2.0, "num_boost_round": 7.0}, "datetime": {"datetime": "2024-01-19 00:26:10", "elapsed": 902.752845, "delta": 0.001846}}
{"target": -13.758536228056665, "params": {"gamma": 566.0387591837183, "log10_alpha": -4.775074596583865, "log10_colsample_bytree": -0.7642701766549858, "log10_eta": -4.0, "log10_lambda": -5.0, "log10_min_child_weight": 5.0, "log10_subsample": -0.47172556490005024, "max_depth": 2.0, "num_boost_round": 8.0}, "datetime": {"datetime": "2024-01-19 00:26:10", "elapsed": 902.75419, "delta": 0.001345}}
{"target": -13.758535991529218, "params": {"gamma": 566.0387591837183, "log10_alpha": -4.775074596583865, "log10_colsample_bytree": -0.7642701766549858, "log10_eta": -4.0, "log10_lambda": -5.0, "log10_min_child_weight": 5.0, "log10_subsample": -0.47172556490005024, "max_depth": 2.0, "num_boost_round": 9.0}, "datetime": {"datetime": "2024-01-19 00:26:10", "elapsed": 902.755486, "delta": 0.001296}}
{"target": -13.758535785979795, "params": {"gamma": 566.0387591837183, "log10_alpha": -4.775074596583865, "log10_colsample_bytree": -0.7642701766549858, "log10_eta": -4.0, "log10_lambda": -5.0, "log10_min_child_weight": 5.0, "log10_subsample": -0.47172556490005024, "max_depth": 2.0, "num_boost_round": 10.0}, "datetime": {"datetime": "2024-01-19 00:26:10", "elapsed": 902.75693, "delta": 0.001444}}
{"target": -13.758535605501283, "params": {"gamma": 566.0387591837183, "log10_alpha": -4.775074596583865, "log10_colsample_bytree": -0.7642701766549858, "log10_eta": -4.0, "log10_lambda": -5.0, "log10_min_child_weight": 5.0, "log10_subsample": -0.47172556490005024, "max_depth": 2.0, "num_boost_round": 11.0}, "datetime": {"datetime": "2024-01-19 00:26:10", "elapsed": 902.758104, "delta": 0.001174}}
{"target": -13.75853576179946, "params": {"gamma": 566.0387591837183, "log10_alpha": -4.775074596583865, "log10_colsample_bytree": -0.7642701766549858, "log10_eta": -4.0, "log10_lambda": -5.0, "log10_min_child_weight": 5.0, "log10_subsample": -0.47172556490005024, "max_depth": 2.0, "num_boost_round": 12.0}, "datetime": {"datetime": "2024-01-19 00:26:10", "elapsed": 902.759281, "delta": 0.001177}}
{"target": -13.75853573162462, "params": {"gamma": 566.0387591837183, "log10_alpha": -4.775074596583865, "log10_colsample_bytree": -0.7642701766549858, "log10_eta": -4.0, "log10_lambda": -5.0, "log10_min_child_weight": 5.0, "log10_subsample": -0.47172556490005024, "max_depth": 2.0, "num_boost_round": 13.0}, "datetime": {"datetime": "2024-01-19 00:26:10", "elapsed": 902.760437, "delta": 0.001156}}
{"target": -13.758535344122178, "params": {"gamma": 566.0387591837183, "log10_alpha": -4.775074596583865, "log10_colsample_bytree": -0.7642701766549858, "log10_eta": -4.0, "log10_lambda": -5.0, "log10_min_child_weight": 5.0, "log10_subsample": -0.47172556490005024, "max_depth": 2.0, "num_boost_round": 14.0}, "datetime": {"datetime": "2024-01-19 00:26:10", "elapsed": 902.76161, "delta": 0.001173}}
{"target": -13.75853477080101, "params": {"gamma": 566.0387591837183, "log10_alpha": -4.775074596583865, "log10_colsample_bytree": -0.7642701766549858, "log10_eta": -4.0, "log10_lambda": -5.0, "log10_min_child_weight": 5.0, "log10_subsample": -0.47172556490005024, "max_depth": 2.0, "num_boost_round": 15.0}, "datetime": {"datetime": "2024-01-19 00:26:10", "elapsed": 902.76279, "delta": 0.00118}}
{"target": -13.758534285863659, "params": {"gamma": 566.0387591837183, "log10_alpha": -4.775074596583865, "log10_colsample_bytree": -0.7642701766549858, "log10_eta": -4.0, "log10_lambda": -5.0, "log10_min_child_weight": 5.0, "log10_subsample": -0.47172556490005024, "max_depth": 2.0, "num_boost_round": 16.0}, "datetime": {"datetime": "2024-01-19 00:26:10", "elapsed": 902.764052, "delta": 0.001262}}
{"target": -13.758533863781144, "params": {"gamma": 566.0387591837183, "log10_alpha": -4.775074596583865, "log10_colsample_bytree": -0.7642701766549858, "log10_eta": -4.0, "log10_lambda": -5.0, "log10_min_child_weight": 5.0, "log10_subsample": -0.47172556490005024, "max_depth": 2.0, "num_boost_round": 17.0}, "datetime": {"datetime": "2024-01-19 00:26:10", "elapsed": 902.765218, "delta": 0.001166}}
{"target": -13.758533718392602, "params": {"gamma": 566.0387591837183, "log10_alpha": -4.775074596583865, "log10_colsample_bytree": -0.7642701766549858, "log10_eta": -4.0, "log10_lambda": -5.0, "log10_min_child_weight": 5.0, "log10_subsample": -0.47172556490005024, "max_depth": 2.0, "num_boost_round": 18.0}, "datetime": {"datetime": "2024-01-19 00:26:10", "elapsed": 902.766493, "delta": 0.001275}}
{"target": -13.758533192397154, "params": {"gamma": 566.0387591837183, "log10_alpha": -4.775074596583865, "log10_colsample_bytree": -0.7642701766549858, "log10_eta": -4.0, "log10_lambda": -5.0, "log10_min_child_weight": 5.0, "log10_subsample": -0.47172556490005024, "max_depth": 2.0, "num_boost_round": 19.0}, "datetime": {"datetime": "2024-01-19 00:26:10", "elapsed": 902.767656, "delta": 0.001163}}
{"target": -13.758533387072802, "params": {"gamma": 566.0387591837183, "log10_alpha": -4.775074596583865, "log10_colsample_bytree": -0.7642701766549858, "log10_eta": -4.0, "log10_lambda": -5.0, "log10_min_child_weight": 5.0, "log10_subsample": -0.47172556490005024, "max_depth": 2.0, "num_boost_round": 20.0}, "datetime": {"datetime": "2024-01-19 00:26:10", "elapsed": 902.768826, "delta": 0.00117}}
{"target": -13.759756106930002, "params": {"gamma": 552.9682060508914, "log10_alpha": -2.6977720132461105, "log10_colsample_bytree": -0.0010178751917773177, "log10_eta": -0.8518545748396638, "log10_lambda": -4.803837991385941, "log10_min_child_weight": 2.114873233365531, "log10_subsample": -0.40097818079214476, "max_depth": 3.0, "num_boost_round": 0.0}, "datetime": {"datetime": "2024-01-19 00:26:36", "elapsed": 928.343073, "delta": 25.574247}}
{"target": -13.760029048108207, "params": {"gamma": 552.9682060508914, "log10_alpha": -2.6977720132461105, "log10_colsample_bytree": -0.0010178751917773177, "log10_eta": -0.8518545748396638, "log10_lambda": -4.803837991385941, "log10_min_child_weight": 2.114873233365531, "log10_subsample": -0.40097818079214476, "max_depth": 3.0, "num_boost_round": 1.0}, "datetime": {"datetime": "2024-01-19 00:26:36", "elapsed": 928.344973, "delta": 0.0019}}
{"target": -13.758598249208518, "params": {"gamma": 552.9682060508914, "log10_alpha": -2.6977720132461105, "log10_colsample_bytree": -0.0010178751917773177, "log10_eta": -0.8518545748396638, "log10_lambda": -4.803837991385941, "log10_min_child_weight": 2.114873233365531, "log10_subsample": -0.40097818079214476, "max_depth": 3.0, "num_boost_round": 2.0}, "datetime": {"datetime": "2024-01-19 00:26:36", "elapsed": 928.346746, "delta": 0.001773}}
{"target": -13.759023851936618, "params": {"gamma": 552.9682060508914, "log10_alpha": -2.6977720132461105, "log10_colsample_bytree": -0.0010178751917773177, "log10_eta": -0.8518545748396638, "log10_lambda": -4.803837991385941, "log10_min_child_weight": 2.114873233365531, "log10_subsample": -0.40097818079214476, "max_depth": 3.0, "num_boost_round": 3.0}, "datetime": {"datetime": "2024-01-19 00:26:36", "elapsed": 928.348303, "delta": 0.001557}}
{"target": -13.760965139181327, "params": {"gamma": 552.9682060508914, "log10_alpha": -2.6977720132461105, "log10_colsample_bytree": -0.0010178751917773177, "log10_eta": -0.8518545748396638, "log10_lambda": -4.803837991385941, "log10_min_child_weight": 2.114873233365531, "log10_subsample": -0.40097818079214476, "max_depth": 3.0, "num_boost_round": 4.0}, "datetime": {"datetime": "2024-01-19 00:26:36", "elapsed": 928.349658, "delta": 0.001355}}
{"target": -13.764622074236406, "params": {"gamma": 552.9682060508914, "log10_alpha": -2.6977720132461105, "log10_colsample_bytree": -0.0010178751917773177, "log10_eta": -0.8518545748396638, "log10_lambda": -4.803837991385941, "log10_min_child_weight": 2.114873233365531, "log10_subsample": -0.40097818079214476, "max_depth": 3.0, "num_boost_round": 5.0}, "datetime": {"datetime": "2024-01-19 00:26:36", "elapsed": 928.351306, "delta": 0.001648}}
{"target": -13.76651152250571, "params": {"gamma": 552.9682060508914, "log10_alpha": -2.6977720132461105, "log10_colsample_bytree": -0.0010178751917773177, "log10_eta": -0.8518545748396638, "log10_lambda": -4.803837991385941, "log10_min_child_weight": 2.114873233365531, "log10_subsample": -0.40097818079214476, "max_depth": 3.0, "num_boost_round": 6.0}, "datetime": {"datetime": "2024-01-19 00:26:36", "elapsed": 928.352635, "delta": 0.001329}}
{"target": -13.769517255091001, "params": {"gamma": 552.9682060508914, "log10_alpha": -2.6977720132461105, "log10_colsample_bytree": -0.0010178751917773177, "log10_eta": -0.8518545748396638, "log10_lambda": -4.803837991385941, "log10_min_child_weight": 2.114873233365531, "log10_subsample": -0.40097818079214476, "max_depth": 3.0, "num_boost_round": 7.0}, "datetime": {"datetime": "2024-01-19 00:26:36", "elapsed": 928.353911, "delta": 0.001276}}
{"target": -13.768517391731175, "params": {"gamma": 552.9682060508914, "log10_alpha": -2.6977720132461105, "log10_colsample_bytree": -0.0010178751917773177, "log10_eta": -0.8518545748396638, "log10_lambda": -4.803837991385941, "log10_min_child_weight": 2.114873233365531, "log10_subsample": -0.40097818079214476, "max_depth": 3.0, "num_boost_round": 8.0}, "datetime": {"datetime": "2024-01-19 00:26:36", "elapsed": 928.355116, "delta": 0.001205}}
{"target": -13.773666161736523, "params": {"gamma": 552.9682060508914, "log10_alpha": -2.6977720132461105, "log10_colsample_bytree": -0.0010178751917773177, "log10_eta": -0.8518545748396638, "log10_lambda": -4.803837991385941, "log10_min_child_weight": 2.114873233365531, "log10_subsample": -0.40097818079214476, "max_depth": 3.0, "num_boost_round": 9.0}, "datetime": {"datetime": "2024-01-19 00:26:36", "elapsed": 928.356349, "delta": 0.001233}}
