{"target": -17.677214770480393, "params": {"gamma": 772.7103824546483, "log10_alpha": -1.4296170227563647, "log10_colsample_bytree": -0.19184111885636335, "log10_eta": -3.6899195572611476, "log10_lambda": -3.710920730840234, "log10_min_child_weight": 3.1945158941468206, "log10_subsample": -0.1107218099341859, "max_depth": 3.0, "num_boost_round": 2.0}, "datetime": {"datetime": "2024-01-19 00:13:48", "elapsed": 133.187922, "delta": 0.000306}}
{"target": -17.6772118573681, "params": {"gamma": 772.7103824546483, "log10_alpha": -1.4296170227563647, "log10_colsample_bytree": -0.19184111885636335, "log10_eta": -3.6899195572611476, "log10_lambda": -3.710920730840234, "log10_min_child_weight": 3.1945158941468206, "log10_subsample": -0.1107218099341859, "max_depth": 3.0, "num_boost_round": 3.0}, "datetime": {"datetime": "2024-01-19 00:13:48", "elapsed": 133.188219, "delta": 0.000297}}
{"target": -17.67720853708303, "params": {"gamma": 772.7103824546483, "log10_alpha": -1.4296170227563647, "log10_colsample_bytree": -0.19184111885636335, "log10_eta": -3.6899195572611476, "log10_lambda": -3.710920730840234, "log10_min_child_weight": 3.1945158941468206, "log10_subsample": -0.1107218099341859, "max_depth": 3.0, "num_boost_round": 4.0}, "datetime": {"datetime": "2024-01-19 00:13:48", "elapsed": 133.188615, "delta": 0.000396}}
{"target": -17.67720471703207, "params": {"gamma": 772.7103824546483, "log10_alpha": -1.4296170227563647, "log10_colsample_bytree": -0.19184111885636335, "log10_eta": -3.6899195572611476, "log10_lambda": -3.710920730840234, "log10_min_child_weight": 3.1945158941468206, "log10_subsample": -0.1107218099341859, "max_depth": 3.0, "num_boost_round": 5.0}, "datetime": {"datetime": "2024-01-19 00:13:48", "elapsed": 133.188899, "delta": 0.000284}}
{"target": -17.677196880191126, "params": {"gamma": 772.7103824546483, "log10_alpha": -1.4296170227563647, "log10_colsample_bytree": -0.19184111885636335, "log10_eta": -3.6899195572611476, "log10_lambda": -3.710920730840234, "log10_min_child_weight": 3.1945158941468206, "log10_subsample": -0.1107218099341859, "max_depth": 3.0, "num_boost_round": 6.0}, "datetime": {"datetime": "2024-01-19 00:13:48", "elapsed": 133.189177, "delta": 0.000278}}
{"target": -17.677190619035507, "params": {"gamma": 772.7103824546483, "log10_alpha": -1.4296170227563647, "log10_colsample_bytree": -0.19184111885636335, "log10_eta": -3.6899195572611476, "log10_lambda": -3.710920730840234, "log10_min_child_weight": 3.1945158941468206, "log10_subsample": -0.1107218099341859, "max_depth": 3.0, "num_boost_round": 7.0}, "datetime": {"datetime": "2024-01-19 00:13:48", "elapsed": 133.189457, "delta": 0.00028}}
{"target": -17.67718494648936, "params": {"gamma": 772.7103824546483, "log10_alpha": -1.4296170227563647, "log10_colsample_bytree": -0.19184111885636335, "log10_eta": -3.6899195572611476, "log10_lambda": -3.710920730840234, "log10_min_child_weight": 3.1945158941468206, "log10_subsample": -0.1107218099341859, "max_depth": 3.0, "num_boost_round": 8.0}, "datetime": {"datetime": "2024-01-19 00:13:48", "elapsed": 133.18974, "delta": 0.000283}}
{"target": -17.67718493740529, "params": {"gamma": 772.7103824546483, "log10_alpha": -1.4296170227563647, "log10_colsample_bytree": -0.19184111885636335, "log10_eta": -3.6899195572611476, "log10_lambda": -3.710920730840234, "log10_min_child_weight": 3.1945158941468206, "log10_subsample": -0.1107218099341859, "max_depth": 3.0, "num_boost_round": 9.0}, "datetime": {"datetime": "2024-01-19 00:13:48", "elapsed": 133.190013, "delta": 0.000273}}
{"target": -17.677177265234533, "params": {"gamma": 772.7103824546483, "log10_alpha": -1.4296170227563647, "log10_colsample_bytree": -0.19184111885636335, "log10_eta": -3.6899195572611476, "log10_lambda": -3.710920730840234, "log10_min_child_weight": 3.1945158941468206, "log10_subsample": -0.1107218099341859, "max_depth": 3.0, "num_boost_round": 10.0}, "datetime": {"datetime": "2024-01-19 00:13:48", "elapsed": 133.190285, "delta": 0.000272}}
{"target": -17.677177074673523, "params": {"gamma": 772.7103824546483, "log10_alpha": -1.4296170227563647, "log10_colsample_bytree": -0.19184111885636335, "log10_eta": -3.6899195572611476, "log10_lambda": -3.710920730840234, "log10_min_child_weight": 3.1945158941468206, "log10_subsample": -0.1107218099341859, "max_depth": 3.0, "num_boost_round": 11.0}, "datetime": {"datetime": "2024-01-19 00:13:48", "elapsed": 133.190566, "delta": 0.000281}}
{"target": -17.67722468024844, "params": {"gamma": 771.2836972978838, "log10_alpha": 0.9289680779287197, "log10_colsample_bytree": -0.1421136659262734, "log10_eta": -3.785058198195835, "log10_lambda": -1.373863802305606, "log10_min_child_weight": 1.207331390850523, "log10_subsample": -0.6073663515371258, "max_depth": 4.0, "num_boost_round": 0.0}, "datetime": {"datetime": "2024-01-19 00:14:08", "elapsed": 153.19148, "delta": 20.000914}}
{"target": -17.67721824821843, "params": {"gamma": 771.2836972978838, "log10_alpha": 0.9289680779287197, "log10_colsample_bytree": -0.1421136659262734, "log10_eta": -3.785058198195835, "log10_lambda": -1.373863802305606, "log10_min_child_weight": 1.207331390850523, "log10_subsample": -0.6073663515371258, "max_depth": 4.0, "num_boost_round": 1.0}, "datetime": {"datetime": "2024-01-19 00:14:08", "elapsed": 153.191888, "delta": 0.000408}}
{"target": -17.67720734649508, "params": {"gamma": 771.2836972978838, "log10_alpha": 0.9289680779287197, "log10_colsample_bytree": -0.1421136659262734, "log10_eta": -3.785058198195835, "log10_lambda": -1.373863802305606, "log10_min_child_weight": 1.207331390850523, "log10_subsample": -0.6073663515371258, "max_depth": 4.0, "num_boost_round": 2.0}, "datetime": {"datetime": "2024-01-19 00:14:08", "elapsed": 153.192192, "delta": 0.000304}}
{"target": -17.677200664455544, "params": {"gamma": 771.2836972978838, "log10_alpha": 0.9289680779287197, "log10_colsample_bytree": -0.1421136659262734, "log10_eta": -3.785058198195835, "log10_lambda": -1.373863802305606, "log10_min_child_weight": 1.207331390850523, "log10_subsample": -0.6073663515371258, "max_depth": 4.0, "num_boost_round": 3.0}, "datetime": {"datetime": "2024-01-19 00:14:08", "elapsed": 153.192487, "delta": 0.000295}}
{"target": -17.677187995050243, "params": {"gamma": 771.2836972978838, "log10_alpha": 0.9289680779287197, "log10_colsample_bytree": -0.1421136659262734, "log10_eta": -3.785058198195835, "log10_lambda": -1.373863802305606, "log10_min_child_weight": 1.207331390850523, "log10_subsample": -0.6073663515371258, "max_depth": 4.0, "num_boost_round": 4.0}, "datetime": {"datetime": "2024-01-19 00:14:08", "elapsed": 153.192789, "delta": 0.000302}}
{"target": -17.677175598573438, "params": {"gamma": 771.2836972978838, "log10_alpha": 0.9289680779287197, "log10_colsample_bytree": -0.1421136659262734, "log10_eta": -3.785058198195835, "log10_lambda": -1.373863802305606, "log10_min_child_weight": 1.207331390850523, "log10_subsample": -0.6073663515371258, "max_depth": 4.0, "num_boost_round": 5.0}, "datetime": {"datetime": "2024-01-19 00:14:08", "elapsed": 153.193087, "delta": 0.000298}}
{"target": -17.677166854814022, "params": {"gamma": 771.2836972978838, "log10_alpha": 0.9289680779287197, "log10_colsample_bytree": -0.1421136659262734, "log10_eta": -3.785058198195835, "log10_lambda": -1.373863802305606, "log10_min_child_weight": 1.207331390850523, "log10_subsample": -0.6073663515371258, "max_depth": 4.0, "num_boost_round": 6.0}, "datetime": {"datetime": "2024-01-19 00:14:08", "elapsed": 153.193382, "delta": 0.000295}}
{"target": -17.67716183075885, "params": {"gamma": 771.2836972978838, "log10_alpha": 0.9289680779287197, "log10_colsample_bytree": -0.1421136659262734, "log10_eta": -3.785058198195835, "log10_lambda": -1.373863802305606, "log10_min_child_weight": 1.207331390850523, "log10_subsample": -0.6073663515371258, "max_depth": 4.0, "num_boost_round": 7.0}, "datetime": {"datetime": "2024-01-19 00:14:08", "elapsed": 153.19368, "delta": 0.000298}}
{"target": -17.677149884319036, "params": {"gamma": 771.2836972978838, "log10_alpha": 0.9289680779287197, "log10_colsample_bytree": -0.1421136659262734, "log10_eta": -3.785058198195835, "log10_lambda": -1.373863802305606, "log10_min_child_weight": 1.207331390850523, "log10_subsample": -0.6073663515371258, "max_depth": 4.0, "num_boost_round": 8.0}, "datetime": {"datetime": "2024-01-19 00:14:08", "elapsed": 153.193974, "delta": 0.000294}}
{"target": -17.677142188223442, "params": {"gamma": 771.2836972978838, "log10_alpha": 0.9289680779287197, "log10_colsample_bytree": -0.1421136659262734, "log10_eta": -3.785058198195835, "log10_lambda": -1.373863802305606, "log10_min_child_weight": 1.207331390850523, "log10_subsample": -0.6073663515371258, "max_depth": 4.0, "num_boost_round": 9.0}, "datetime": {"datetime": "2024-01-19 00:14:08", "elapsed": 153.194269, "delta": 0.000295}}
{"target": -17.6772280956012, "params": {"gamma": 763.0194209534629, "log10_alpha": -0.5216683415827674, "log10_colsample_bytree": -0.9342880565686074, "log10_eta": -3.800999062720154, "log10_lambda": -0.293170066194846, "log10_min_child_weight": 3.037154677765856, "log10_subsample": -0.6045409164343964, "max_depth": 2.0, "num_boost_round": 0.0}, "datetime": {"datetime": "2024-01-19 00:14:29", "elapsed": 173.725686, "delta": 20.531417}}
{"target": -17.677225870944042, "params": {"gamma": 763.0194209534629, "log10_alpha": -0.5216683415827674, "log10_colsample_bytree": -0.9342880565686074, "log10_eta": -3.800999062720154, "log10_lambda": -0.293170066194846, "log10_min_child_weight": 3.037154677765856, "log10_subsample": -0.6045409164343964, "max_depth": 2.0, "num_boost_round": 1.0}, "datetime": {"datetime": "2024-01-19 00:14:29", "elapsed": 173.726113, "delta": 0.000427}}
{"target": -17.67722358658315, "params": {"gamma": 763.0194209534629, "log10_alpha": -0.5216683415827674, "log10_colsample_bytree": -0.9342880565686074, "log10_eta": -3.800999062720154, "log10_lambda": -0.293170066194846, "log10_min_child_weight": 3.037154677765856, "log10_subsample": -0.6045409164343964, "max_depth": 2.0, "num_boost_round": 2.0}, "datetime": {"datetime": "2024-01-19 00:14:29", "elapsed": 173.726442, "delta": 0.000329}}
{"target": -17.677219639029328, "params": {"gamma": 763.0194209534629, "log10_alpha": -0.5216683415827674, "log10_colsample_bytree": -0.9342880565686074, "log10_eta": -3.800999062720154, "log10_lambda": -0.293170066194846, "log10_min_child_weight": 3.037154677765856, "log10_subsample": -0.6045409164343964, "max_depth": 2.0, "num_boost_round": 3.0}, "datetime": {"datetime": "2024-01-19 00:14:29", "elapsed": 173.726756, "delta": 0.000314}}
{"target": -17.67721692594296, "params": {"gamma": 763.0194209534629, "log10_alpha": -0.5216683415827674, "log10_colsample_bytree": -0.9342880565686074, "log10_eta": -3.800999062720154, "log10_lambda": -0.293170066194846, "log10_min_child_weight": 3.037154677765856, "log10_subsample": -0.6045409164343964, "max_depth": 2.0, "num_boost_round": 4.0}, "datetime": {"datetime": "2024-01-19 00:14:29", "elapsed": 173.727061, "delta": 0.000305}}
{"target": -17.677214385026183, "params": {"gamma": 763.0194209534629, "log10_alpha": -0.5216683415827674, "log10_colsample_bytree": -0.9342880565686074, "log10_eta": -3.800999062720154, "log10_lambda": -0.293170066194846, "log10_min_child_weight": 3.037154677765856, "log10_subsample": -0.6045409164343964, "max_depth": 2.0, "num_boost_round": 5.0}, "datetime": {"datetime": "2024-01-19 00:14:29", "elapsed": 173.72737, "delta": 0.000309}}
{"target": -17.677210226035324, "params": {"gamma": 763.0194209534629, "log10_alpha": -0.5216683415827674, "log10_colsample_bytree": -0.9342880565686074, "log10_eta": -3.800999062720154, "log10_lambda": -0.293170066194846, "log10_min_child_weight": 3.037154677765856, "log10_subsample": -0.6045409164343964, "max_depth": 2.0, "num_boost_round": 6.0}, "datetime": {"datetime": "2024-01-19 00:14:29", "elapsed": 173.728064, "delta": 0.000694}}
{"target": -17.677206498457114, "params": {"gamma": 763.0194209534629, "log10_alpha": -0.5216683415827674, "log10_colsample_bytree": -0.9342880565686074, "log10_eta": -3.800999062720154, "log10_lambda": -0.293170066194846, "log10_min_child_weight": 3.037154677765856, "log10_subsample": -0.6045409164343964, "max_depth": 2.0, "num_boost_round": 7.0}, "datetime": {"datetime": "2024-01-19 00:14:29", "elapsed": 173.728408, "delta": 0.000344}}
{"target": -17.677207174804458, "params": {"gamma": 763.0194209534629, "log10_alpha": -0.5216683415827674, "log10_colsample_bytree": -0.9342880565686074, "log10_eta": -3.800999062720154, "log10_lambda": -0.293170066194846, "log10_min_child_weight": 3.037154677765856, "log10_subsample": -0.6045409164343964, "max_depth": 2.0, "num_boost_round": 8.0}, "datetime": {"datetime": "2024-01-19 00:14:29", "elapsed": 173.728737, "delta": 0.000329}}
{"target": -17.67720455188884, "params": {"gamma": 763.0194209534629, "log10_alpha": -0.5216683415827674, "log10_colsample_bytree": -0.9342880565686074, "log10_eta": -3.800999062720154, "log10_lambda": -0.293170066194846, "log10_min_child_weight": 3.037154677765856, "log10_subsample": -0.6045409164343964, "max_depth": 2.0, "num_boost_round": 9.0}, "datetime": {"datetime": "2024-01-19 00:14:29", "elapsed": 173.72906, "delta": 0.000323}}
{"target": -17.677203185163155, "params": {"gamma": 763.0194209534629, "log10_alpha": -0.5216683415827674, "log10_colsample_bytree": -0.9342880565686074, "log10_eta": -3.800999062720154, "log10_lambda": -0.293170066194846, "log10_min_child_weight": 3.037154677765856, "log10_subsample": -0.6045409164343964, "max_depth": 2.0, "num_boost_round": 10.0}, "datetime": {"datetime": "2024-01-19 00:14:29", "elapsed": 173.729377, "delta": 0.000317}}
{"target": -17.67719904532141, "params": {"gamma": 763.0194209534629, "log10_alpha": -0.5216683415827674, "log10_colsample_bytree": -0.9342880565686074, "log10_eta": -3.800999062720154, "log10_lambda": -0.293170066194846, "log10_min_child_weight": 3.037154677765856, "log10_subsample": -0.6045409164343964, "max_depth": 2.0, "num_boost_round": 11.0}, "datetime": {"datetime": "2024-01-19 00:14:29", "elapsed": 173.7297, "delta": 0.000323}}
{"target": -17.67719657503145, "params": {"gamma": 763.0194209534629, "log10_alpha": -0.5216683415827674, "log10_colsample_bytree": -0.9342880565686074, "log10_eta": -3.800999062720154, "log10_lambda": -0.293170066194846, "log10_min_child_weight": 3.037154677765856, "log10_subsample": -0.6045409164343964, "max_depth": 2.0, "num_boost_round": 12.0}, "datetime": {"datetime": "2024-01-19 00:14:29", "elapsed": 173.730174, "delta": 0.000474}}
{"target": -17.677230599061904, "params": {"gamma": 768.9300802935996, "log10_alpha": 0.48560942655702366, "log10_colsample_bytree": -0.5830805047635464, "log10_eta": -3.1183842270770756, "log10_lambda": -3.9116717846218316, "log10_min_child_weight": 4.797384372764937, "log10_subsample": -0.9187431793575503, "max_depth": 5.0, "num_boost_round": 0.0}, "datetime": {"datetime": "2024-01-19 00:14:49", "elapsed": 194.04967, "delta": 20.319496}}
{"target": -17.677230299936934, "params": {"gamma": 768.9300802935996, "log10_alpha": 0.48560942655702366, "log10_colsample_bytree": -0.5830805047635464, "log10_eta": -3.1183842270770756, "log10_lambda": -3.9116717846218316, "log10_min_child_weight": 4.797384372764937, "log10_subsample": -0.9187431793575503, "max_depth": 5.0, "num_boost_round": 1.0}, "datetime": {"datetime": "2024-01-19 00:14:49", "elapsed": 194.050131, "delta": 0.000461}}
{"target": -17.677231749128882, "params": {"gamma": 768.9300802935996, "log10_alpha": 0.48560942655702366, "log10_colsample_bytree": -0.5830805047635464, "log10_eta": -3.1183842270770756, "log10_lambda": -3.9116717846218316, "log10_min_child_weight": 4.797384372764937, "log10_subsample": -0.9187431793575503, "max_depth": 5.0, "num_boost_round": 2.0}, "datetime": {"datetime": "2024-01-19 00:14:49", "elapsed": 194.050485, "delta": 0.000354}}
{"target": -17.67723166116769, "params": {"gamma": 768.9300802935996, "log10_alpha": 0.48560942655702366, "log10_colsample_bytree": -0.5830805047635464, "log10_eta": -3.1183842270770756, "log10_lambda": -3.9116717846218316, "log10_min_child_weight": 4.797384372764937, "log10_subsample": -0.9187431793575503, "max_depth": 5.0, "num_boost_round": 3.0}, "datetime": {"datetime": "2024-01-19 00:14:49", "elapsed": 194.050826, "delta": 0.000341}}
{"target": -17.67723182790068, "params": {"gamma": 768.9300802935996, "log10_alpha": 0.48560942655702366, "log10_colsample_bytree": -0.5830805047635464, "log10_eta": -3.1183842270770756, "log10_lambda": -3.9116717846218316, "log10_min_child_weight": 4.797384372764937, "log10_subsample": -0.9187431793575503, "max_depth": 5.0, "num_boost_round": 4.0}, "datetime": {"datetime": "2024-01-19 00:14:49", "elapsed": 194.051152, "delta": 0.000326}}
{"target": -17.677229908992157, "params": {"gamma": 768.9300802935996, "log10_alpha": 0.48560942655702366, "log10_colsample_bytree": -0.5830805047635464, "log10_eta": -3.1183842270770756, "log10_lambda": -3.9116717846218316, "log10_min_child_weight": 4.797384372764937, "log10_subsample": -0.9187431793575503, "max_depth": 5.0, "num_boost_round": 5.0}, "datetime": {"datetime": "2024-01-19 00:14:49", "elapsed": 194.051475, "delta": 0.000323}}
{"target": -17.677227611374814, "params": {"gamma": 768.9300802935996, "log10_alpha": 0.48560942655702366, "log10_colsample_bytree": -0.5830805047635464, "log10_eta": -3.1183842270770756, "log10_lambda": -3.9116717846218316, "log10_min_child_weight": 4.797384372764937, "log10_subsample": -0.9187431793575503, "max_depth": 5.0, "num_boost_round": 6.0}, "datetime": {"datetime": "2024-01-19 00:14:49", "elapsed": 194.051807, "delta": 0.000332}}
{"target": -17.677222269377623, "params": {"gamma": 768.9300802935996, "log10_alpha": 0.48560942655702366, "log10_colsample_bytree": -0.5830805047635464, "log10_eta": -3.1183842270770756, "log10_lambda": -3.9116717846218316, "log10_min_child_weight": 4.797384372764937, "log10_subsample": -0.9187431793575503, "max_depth": 5.0, "num_boost_round": 7.0}, "datetime": {"datetime": "2024-01-19 00:14:49", "elapsed": 194.052134, "delta": 0.000327}}
{"target": -17.677222854604864, "params": {"gamma": 768.9300802935996, "log10_alpha": 0.48560942655702366, "log10_colsample_bytree": -0.5830805047635464, "log10_eta": -3.1183842270770756, "log10_lambda": -3.9116717846218316, "log10_min_child_weight": 4.797384372764937, "log10_subsample": -0.9187431793575503, "max_depth": 5.0, "num_boost_round": 8.0}, "datetime": {"datetime": "2024-01-19 00:14:49", "elapsed": 194.05246, "delta": 0.000326}}
{"target": -17.67722320261263, "params": {"gamma": 768.9300802935996, "log10_alpha": 0.48560942655702366, "log10_colsample_bytree": -0.5830805047635464, "log10_eta": -3.1183842270770756, "log10_lambda": -3.9116717846218316, "log10_min_child_weight": 4.797384372764937, "log10_subsample": -0.9187431793575503, "max_depth": 5.0, "num_boost_round": 9.0}, "datetime": {"datetime": "2024-01-19 00:14:49", "elapsed": 194.052795, "delta": 0.000335}}
{"target": -17.67721874079322, "params": {"gamma": 768.9300802935996, "log10_alpha": 0.48560942655702366, "log10_colsample_bytree": -0.5830805047635464, "log10_eta": -3.1183842270770756, "log10_lambda": -3.9116717846218316, "log10_min_child_weight": 4.797384372764937, "log10_subsample": -0.9187431793575503, "max_depth": 5.0, "num_boost_round": 10.0}, "datetime": {"datetime": "2024-01-19 00:14:49", "elapsed": 194.053125, "delta": 0.00033}}
{"target": -17.67627163579773, "params": {"gamma": 761.1930547820123, "log10_alpha": -2.7575886743784874, "log10_colsample_bytree": -0.32184447751825507, "log10_eta": -0.7576443824410677, "log10_lambda": -3.9170216742230077, "log10_min_child_weight": 4.856757932582466, "log10_subsample": -0.3305270854977369, "max_depth": 5.0, "num_boost_round": 0.0}, "datetime": {"datetime": "2024-01-19 00:15:10", "elapsed": 215.505202, "delta": 21.452077}}
{"target": -17.674754659207334, "params": {"gamma": 761.1930547820123, "log10_alpha": -2.7575886743784874, "log10_colsample_bytree": -0.32184447751825507, "log10_eta": -0.7576443824410677, "log10_lambda": -3.9170216742230077, "log10_min_child_weight": 4.856757932582466, "log10_subsample": -0.3305270854977369, "max_depth": 5.0, "num_boost_round": 1.0}, "datetime": {"datetime": "2024-01-19 00:15:10", "elapsed": 215.505724, "delta": 0.000522}}
{"target": -17.674476946548488, "params": {"gamma": 761.1930547820123, "log10_alpha": -2.7575886743784874, "log10_colsample_bytree": -0.32184447751825507, "log10_eta": -0.7576443824410677, "log10_lambda": -3.9170216742230077, "log10_min_child_weight": 4.856757932582466, "log10_subsample": -0.3305270854977369, "max_depth": 5.0, "num_boost_round": 2.0}, "datetime": {"datetime": "2024-01-19 00:15:10", "elapsed": 215.506098, "delta": 0.000374}}
{"target": -17.67437749617855, "params": {"gamma": 761.1930547820123, "log10_alpha": -2.7575886743784874, "log10_colsample_bytree": -0.32184447751825507, "log10_eta": -0.7576443824410677, "log10_lambda": -3.9170216742230077, "log10_min_child_weight": 4.856757932582466, "log10_subsample": -0.3305270854977369, "max_depth": 5.0, "num_boost_round": 3.0}, "datetime": {"datetime": "2024-01-19 00:15:10", "elapsed": 215.506444, "delta": 0.000346}}
{"target": -17.674772946598907, "params": {"gamma": 761.1930547820123, "log10_alpha": -2.7575886743784874, "log10_colsample_bytree": -0.32184447751825507, "log10_eta": -0.7576443824410677, "log10_lambda": -3.9170216742230077, "log10_min_child_weight": 4.856757932582466, "log10_subsample": -0.3305270854977369, "max_depth": 5.0, "num_boost_round": 4.0}, "datetime": {"datetime": "2024-01-19 00:15:10", "elapsed": 215.506793, "delta": 0.000349}}
