{"target": -17.67704440714204, "params": {"gamma": 979.8777901141746, "log10_alpha": -3.3777876564539455, "log10_colsample_bytree": -0.10221730387779182, "log10_eta": -3.604187006075091, "log10_lambda": -0.7089136813773234, "log10_min_child_weight": 2.0295703542157675, "log10_subsample": -0.7140032185163318, "max_depth": 7.0, "num_boost_round": 22.0}, "datetime": {"datetime": "2024-01-19 01:12:35", "elapsed": 3649.033962, "delta": 0.003955}}
{"target": -17.67704337194693, "params": {"gamma": 979.8777901141746, "log10_alpha": -3.3777876564539455, "log10_colsample_bytree": -0.10221730387779182, "log10_eta": -3.604187006075091, "log10_lambda": -0.7089136813773234, "log10_min_child_weight": 2.0295703542157675, "log10_subsample": -0.7140032185163318, "max_depth": 7.0, "num_boost_round": 23.0}, "datetime": {"datetime": "2024-01-19 01:12:35", "elapsed": 3649.037752, "delta": 0.00379}}
{"target": -17.67702170137401, "params": {"gamma": 979.8777901141746, "log10_alpha": -3.3777876564539455, "log10_colsample_bytree": -0.10221730387779182, "log10_eta": -3.604187006075091, "log10_lambda": -0.7089136813773234, "log10_min_child_weight": 2.0295703542157675, "log10_subsample": -0.7140032185163318, "max_depth": 7.0, "num_boost_round": 24.0}, "datetime": {"datetime": "2024-01-19 01:12:35", "elapsed": 3649.041559, "delta": 0.003807}}
{"target": -17.677020895300018, "params": {"gamma": 979.8777901141746, "log10_alpha": -3.3777876564539455, "log10_colsample_bytree": -0.10221730387779182, "log10_eta": -3.604187006075091, "log10_lambda": -0.7089136813773234, "log10_min_child_weight": 2.0295703542157675, "log10_subsample": -0.7140032185163318, "max_depth": 7.0, "num_boost_round": 25.0}, "datetime": {"datetime": "2024-01-19 01:12:35", "elapsed": 3649.045467, "delta": 0.003908}}
{"target": -17.676999594755713, "params": {"gamma": 979.8777901141746, "log10_alpha": -3.3777876564539455, "log10_colsample_bytree": -0.10221730387779182, "log10_eta": -3.604187006075091, "log10_lambda": -0.7089136813773234, "log10_min_child_weight": 2.0295703542157675, "log10_subsample": -0.7140032185163318, "max_depth": 7.0, "num_boost_round": 26.0}, "datetime": {"datetime": "2024-01-19 01:12:35", "elapsed": 3649.049227, "delta": 0.00376}}
{"target": -17.676990571362627, "params": {"gamma": 979.8777901141746, "log10_alpha": -3.3777876564539455, "log10_colsample_bytree": -0.10221730387779182, "log10_eta": -3.604187006075091, "log10_lambda": -0.7089136813773234, "log10_min_child_weight": 2.0295703542157675, "log10_subsample": -0.7140032185163318, "max_depth": 7.0, "num_boost_round": 27.0}, "datetime": {"datetime": "2024-01-19 01:12:35", "elapsed": 3649.053081, "delta": 0.003854}}
{"target": -17.67697992868828, "params": {"gamma": 979.8777901141746, "log10_alpha": -3.3777876564539455, "log10_colsample_bytree": -0.10221730387779182, "log10_eta": -3.604187006075091, "log10_lambda": -0.7089136813773234, "log10_min_child_weight": 2.0295703542157675, "log10_subsample": -0.7140032185163318, "max_depth": 7.0, "num_boost_round": 28.0}, "datetime": {"datetime": "2024-01-19 01:12:35", "elapsed": 3649.056896, "delta": 0.003815}}
{"target": -17.676968258340043, "params": {"gamma": 979.8777901141746, "log10_alpha": -3.3777876564539455, "log10_colsample_bytree": -0.10221730387779182, "log10_eta": -3.604187006075091, "log10_lambda": -0.7089136813773234, "log10_min_child_weight": 2.0295703542157675, "log10_subsample": -0.7140032185163318, "max_depth": 7.0, "num_boost_round": 29.0}, "datetime": {"datetime": "2024-01-19 01:12:35", "elapsed": 3649.060667, "delta": 0.003771}}
{"target": -17.67695172441424, "params": {"gamma": 979.8777901141746, "log10_alpha": -3.3777876564539455, "log10_colsample_bytree": -0.10221730387779182, "log10_eta": -3.604187006075091, "log10_lambda": -0.7089136813773234, "log10_min_child_weight": 2.0295703542157675, "log10_subsample": -0.7140032185163318, "max_depth": 7.0, "num_boost_round": 30.0}, "datetime": {"datetime": "2024-01-19 01:12:35", "elapsed": 3649.064555, "delta": 0.003888}}
{"target": -17.67694523941045, "params": {"gamma": 979.8777901141746, "log10_alpha": -3.3777876564539455, "log10_colsample_bytree": -0.10221730387779182, "log10_eta": -3.604187006075091, "log10_lambda": -0.7089136813773234, "log10_min_child_weight": 2.0295703542157675, "log10_subsample": -0.7140032185163318, "max_depth": 7.0, "num_boost_round": 31.0}, "datetime": {"datetime": "2024-01-19 01:12:35", "elapsed": 3649.068459, "delta": 0.003904}}
{"target": -17.676944279506724, "params": {"gamma": 979.8777901141746, "log10_alpha": -3.3777876564539455, "log10_colsample_bytree": -0.10221730387779182, "log10_eta": -3.604187006075091, "log10_lambda": -0.7089136813773234, "log10_min_child_weight": 2.0295703542157675, "log10_subsample": -0.7140032185163318, "max_depth": 7.0, "num_boost_round": 32.0}, "datetime": {"datetime": "2024-01-19 01:12:35", "elapsed": 3649.072403, "delta": 0.003944}}
{"target": -17.676936801380467, "params": {"gamma": 979.8777901141746, "log10_alpha": -3.3777876564539455, "log10_colsample_bytree": -0.10221730387779182, "log10_eta": -3.604187006075091, "log10_lambda": -0.7089136813773234, "log10_min_child_weight": 2.0295703542157675, "log10_subsample": -0.7140032185163318, "max_depth": 7.0, "num_boost_round": 33.0}, "datetime": {"datetime": "2024-01-19 01:12:35", "elapsed": 3649.076309, "delta": 0.003906}}
{"target": -17.676929951113706, "params": {"gamma": 979.8777901141746, "log10_alpha": -3.3777876564539455, "log10_colsample_bytree": -0.10221730387779182, "log10_eta": -3.604187006075091, "log10_lambda": -0.7089136813773234, "log10_min_child_weight": 2.0295703542157675, "log10_subsample": -0.7140032185163318, "max_depth": 7.0, "num_boost_round": 34.0}, "datetime": {"datetime": "2024-01-19 01:12:35", "elapsed": 3649.080113, "delta": 0.003804}}
{"target": -17.67692330043114, "params": {"gamma": 979.8777901141746, "log10_alpha": -3.3777876564539455, "log10_colsample_bytree": -0.10221730387779182, "log10_eta": -3.604187006075091, "log10_lambda": -0.7089136813773234, "log10_min_child_weight": 2.0295703542157675, "log10_subsample": -0.7140032185163318, "max_depth": 7.0, "num_boost_round": 35.0}, "datetime": {"datetime": "2024-01-19 01:12:35", "elapsed": 3649.083994, "delta": 0.003881}}
{"target": -17.67691922805463, "params": {"gamma": 979.8777901141746, "log10_alpha": -3.3777876564539455, "log10_colsample_bytree": -0.10221730387779182, "log10_eta": -3.604187006075091, "log10_lambda": -0.7089136813773234, "log10_min_child_weight": 2.0295703542157675, "log10_subsample": -0.7140032185163318, "max_depth": 7.0, "num_boost_round": 36.0}, "datetime": {"datetime": "2024-01-19 01:12:35", "elapsed": 3649.087936, "delta": 0.003942}}
{"target": -17.676915922710908, "params": {"gamma": 979.8777901141746, "log10_alpha": -3.3777876564539455, "log10_colsample_bytree": -0.10221730387779182, "log10_eta": -3.604187006075091, "log10_lambda": -0.7089136813773234, "log10_min_child_weight": 2.0295703542157675, "log10_subsample": -0.7140032185163318, "max_depth": 7.0, "num_boost_round": 37.0}, "datetime": {"datetime": "2024-01-19 01:12:35", "elapsed": 3649.091874, "delta": 0.003938}}
{"target": -17.676903356815913, "params": {"gamma": 979.8777901141746, "log10_alpha": -3.3777876564539455, "log10_colsample_bytree": -0.10221730387779182, "log10_eta": -3.604187006075091, "log10_lambda": -0.7089136813773234, "log10_min_child_weight": 2.0295703542157675, "log10_subsample": -0.7140032185163318, "max_depth": 7.0, "num_boost_round": 38.0}, "datetime": {"datetime": "2024-01-19 01:12:35", "elapsed": 3649.095701, "delta": 0.003827}}
{"target": -17.676901785439686, "params": {"gamma": 979.8777901141746, "log10_alpha": -3.3777876564539455, "log10_colsample_bytree": -0.10221730387779182, "log10_eta": -3.604187006075091, "log10_lambda": -0.7089136813773234, "log10_min_child_weight": 2.0295703542157675, "log10_subsample": -0.7140032185163318, "max_depth": 7.0, "num_boost_round": 39.0}, "datetime": {"datetime": "2024-01-19 01:12:35", "elapsed": 3649.099516, "delta": 0.003815}}
{"target": -17.676893562356398, "params": {"gamma": 979.8777901141746, "log10_alpha": -3.3777876564539455, "log10_colsample_bytree": -0.10221730387779182, "log10_eta": -3.604187006075091, "log10_lambda": -0.7089136813773234, "log10_min_child_weight": 2.0295703542157675, "log10_subsample": -0.7140032185163318, "max_depth": 7.0, "num_boost_round": 40.0}, "datetime": {"datetime": "2024-01-19 01:12:35", "elapsed": 3649.10349, "delta": 0.003974}}
{"target": -17.676888637110494, "params": {"gamma": 979.8777901141746, "log10_alpha": -3.3777876564539455, "log10_colsample_bytree": -0.10221730387779182, "log10_eta": -3.604187006075091, "log10_lambda": -0.7089136813773234, "log10_min_child_weight": 2.0295703542157675, "log10_subsample": -0.7140032185163318, "max_depth": 7.0, "num_boost_round": 41.0}, "datetime": {"datetime": "2024-01-19 01:12:35", "elapsed": 3649.107336, "delta": 0.003846}}
{"target": -17.67688688455888, "params": {"gamma": 979.8777901141746, "log10_alpha": -3.3777876564539455, "log10_colsample_bytree": -0.10221730387779182, "log10_eta": -3.604187006075091, "log10_lambda": -0.7089136813773234, "log10_min_child_weight": 2.0295703542157675, "log10_subsample": -0.7140032185163318, "max_depth": 7.0, "num_boost_round": 42.0}, "datetime": {"datetime": "2024-01-19 01:12:35", "elapsed": 3649.111309, "delta": 0.003973}}
{"target": -17.676882728821617, "params": {"gamma": 979.8777901141746, "log10_alpha": -3.3777876564539455, "log10_colsample_bytree": -0.10221730387779182, "log10_eta": -3.604187006075091, "log10_lambda": -0.7089136813773234, "log10_min_child_weight": 2.0295703542157675, "log10_subsample": -0.7140032185163318, "max_depth": 7.0, "num_boost_round": 43.0}, "datetime": {"datetime": "2024-01-19 01:12:35", "elapsed": 3649.115365, "delta": 0.004056}}
{"target": -17.676892513808284, "params": {"gamma": 979.8777901141746, "log10_alpha": -3.3777876564539455, "log10_colsample_bytree": -0.10221730387779182, "log10_eta": -3.604187006075091, "log10_lambda": -0.7089136813773234, "log10_min_child_weight": 2.0295703542157675, "log10_subsample": -0.7140032185163318, "max_depth": 7.0, "num_boost_round": 44.0}, "datetime": {"datetime": "2024-01-19 01:12:35", "elapsed": 3649.119875, "delta": 0.00451}}
{"target": -17.676879667676417, "params": {"gamma": 979.8777901141746, "log10_alpha": -3.3777876564539455, "log10_colsample_bytree": -0.10221730387779182, "log10_eta": -3.604187006075091, "log10_lambda": -0.7089136813773234, "log10_min_child_weight": 2.0295703542157675, "log10_subsample": -0.7140032185163318, "max_depth": 7.0, "num_boost_round": 45.0}, "datetime": {"datetime": "2024-01-19 01:12:35", "elapsed": 3649.12435, "delta": 0.004475}}
{"target": -17.676874248697967, "params": {"gamma": 979.8777901141746, "log10_alpha": -3.3777876564539455, "log10_colsample_bytree": -0.10221730387779182, "log10_eta": -3.604187006075091, "log10_lambda": -0.7089136813773234, "log10_min_child_weight": 2.0295703542157675, "log10_subsample": -0.7140032185163318, "max_depth": 7.0, "num_boost_round": 46.0}, "datetime": {"datetime": "2024-01-19 01:12:35", "elapsed": 3649.128556, "delta": 0.004206}}
{"target": -17.676862889718134, "params": {"gamma": 979.8777901141746, "log10_alpha": -3.3777876564539455, "log10_colsample_bytree": -0.10221730387779182, "log10_eta": -3.604187006075091, "log10_lambda": -0.7089136813773234, "log10_min_child_weight": 2.0295703542157675, "log10_subsample": -0.7140032185163318, "max_depth": 7.0, "num_boost_round": 47.0}, "datetime": {"datetime": "2024-01-19 01:12:35", "elapsed": 3649.132748, "delta": 0.004192}}
{"target": -17.676855726307668, "params": {"gamma": 979.8777901141746, "log10_alpha": -3.3777876564539455, "log10_colsample_bytree": -0.10221730387779182, "log10_eta": -3.604187006075091, "log10_lambda": -0.7089136813773234, "log10_min_child_weight": 2.0295703542157675, "log10_subsample": -0.7140032185163318, "max_depth": 7.0, "num_boost_round": 48.0}, "datetime": {"datetime": "2024-01-19 01:12:35", "elapsed": 3649.136592, "delta": 0.003844}}
{"target": -17.676833792979306, "params": {"gamma": 978.3642600543228, "log10_alpha": -1.22035193629136, "log10_colsample_bytree": -0.08133408668940556, "log10_eta": -1.8405336775201007, "log10_lambda": -2.110730287800169, "log10_min_child_weight": 0.2285622818995775, "log10_subsample": -0.3924067785192643, "max_depth": 2.0, "num_boost_round": 0.0}, "datetime": {"datetime": "2024-01-19 01:13:28", "elapsed": 3702.741893, "delta": 53.605301}}
{"target": -17.676466313633735, "params": {"gamma": 978.3642600543228, "log10_alpha": -1.22035193629136, "log10_colsample_bytree": -0.08133408668940556, "log10_eta": -1.8405336775201007, "log10_lambda": -2.110730287800169, "log10_min_child_weight": 0.2285622818995775, "log10_subsample": -0.3924067785192643, "max_depth": 2.0, "num_boost_round": 1.0}, "datetime": {"datetime": "2024-01-19 01:13:28", "elapsed": 3702.746654, "delta": 0.004761}}
{"target": -17.676138713583786, "params": {"gamma": 978.3642600543228, "log10_alpha": -1.22035193629136, "log10_colsample_bytree": -0.08133408668940556, "log10_eta": -1.8405336775201007, "log10_lambda": -2.110730287800169, "log10_min_child_weight": 0.2285622818995775, "log10_subsample": -0.3924067785192643, "max_depth": 2.0, "num_boost_round": 2.0}, "datetime": {"datetime": "2024-01-19 01:13:28", "elapsed": 3702.750628, "delta": 0.003974}}
{"target": -17.675963440024244, "params": {"gamma": 978.3642600543228, "log10_alpha": -1.22035193629136, "log10_colsample_bytree": -0.08133408668940556, "log10_eta": -1.8405336775201007, "log10_lambda": -2.110730287800169, "log10_min_child_weight": 0.2285622818995775, "log10_subsample": -0.3924067785192643, "max_depth": 2.0, "num_boost_round": 3.0}, "datetime": {"datetime": "2024-01-19 01:13:28", "elapsed": 3702.754553, "delta": 0.003925}}
{"target": -17.675812798217866, "params": {"gamma": 978.3642600543228, "log10_alpha": -1.22035193629136, "log10_colsample_bytree": -0.08133408668940556, "log10_eta": -1.8405336775201007, "log10_lambda": -2.110730287800169, "log10_min_child_weight": 0.2285622818995775, "log10_subsample": -0.3924067785192643, "max_depth": 2.0, "num_boost_round": 4.0}, "datetime": {"datetime": "2024-01-19 01:13:28", "elapsed": 3702.758443, "delta": 0.00389}}
{"target": -17.67558564985877, "params": {"gamma": 978.3642600543228, "log10_alpha": -1.22035193629136, "log10_colsample_bytree": -0.08133408668940556, "log10_eta": -1.8405336775201007, "log10_lambda": -2.110730287800169, "log10_min_child_weight": 0.2285622818995775, "log10_subsample": -0.3924067785192643, "max_depth": 2.0, "num_boost_round": 5.0}, "datetime": {"datetime": "2024-01-19 01:13:28", "elapsed": 3702.762274, "delta": 0.003831}}
{"target": -17.675327464183525, "params": {"gamma": 978.3642600543228, "log10_alpha": -1.22035193629136, "log10_colsample_bytree": -0.08133408668940556, "log10_eta": -1.8405336775201007, "log10_lambda": -2.110730287800169, "log10_min_child_weight": 0.2285622818995775, "log10_subsample": -0.3924067785192643, "max_depth": 2.0, "num_boost_round": 6.0}, "datetime": {"datetime": "2024-01-19 01:13:28", "elapsed": 3702.766246, "delta": 0.003972}}
{"target": -17.675155130673048, "params": {"gamma": 978.3642600543228, "log10_alpha": -1.22035193629136, "log10_colsample_bytree": -0.08133408668940556, "log10_eta": -1.8405336775201007, "log10_lambda": -2.110730287800169, "log10_min_child_weight": 0.2285622818995775, "log10_subsample": -0.3924067785192643, "max_depth": 2.0, "num_boost_round": 7.0}, "datetime": {"datetime": "2024-01-19 01:13:28", "elapsed": 3702.770342, "delta": 0.004096}}
{"target": -17.67504456712494, "params": {"gamma": 978.3642600543228, "log10_alpha": -1.22035193629136, "log10_colsample_bytree": -0.08133408668940556, "log10_eta": -1.8405336775201007, "log10_lambda": -2.110730287800169, "log10_min_child_weight": 0.2285622818995775, "log10_subsample": -0.3924067785192643, "max_depth": 2.0, "num_boost_round": 8.0}, "datetime": {"datetime": "2024-01-19 01:13:28", "elapsed": 3702.774283, "delta": 0.003941}}
{"target": -17.674958816124516, "params": {"gamma": 978.3642600543228, "log10_alpha": -1.22035193629136, "log10_colsample_bytree": -0.08133408668940556, "log10_eta": -1.8405336775201007, "log10_lambda": -2.110730287800169, "log10_min_child_weight": 0.2285622818995775, "log10_subsample": -0.3924067785192643, "max_depth": 2.0, "num_boost_round": 9.0}, "datetime": {"datetime": "2024-01-19 01:13:28", "elapsed": 3702.778148, "delta": 0.003865}}
{"target": -17.674874365366037, "params": {"gamma": 978.3642600543228, "log10_alpha": -1.22035193629136, "log10_colsample_bytree": -0.08133408668940556, "log10_eta": -1.8405336775201007, "log10_lambda": -2.110730287800169, "log10_min_child_weight": 0.2285622818995775, "log10_subsample": -0.3924067785192643, "max_depth": 2.0, "num_boost_round": 10.0}, "datetime": {"datetime": "2024-01-19 01:13:28", "elapsed": 3702.782029, "delta": 0.003881}}
{"target": -17.674815047296168, "params": {"gamma": 978.3642600543228, "log10_alpha": -1.22035193629136, "log10_colsample_bytree": -0.08133408668940556, "log10_eta": -1.8405336775201007, "log10_lambda": -2.110730287800169, "log10_min_child_weight": 0.2285622818995775, "log10_subsample": -0.3924067785192643, "max_depth": 2.0, "num_boost_round": 11.0}, "datetime": {"datetime": "2024-01-19 01:13:28", "elapsed": 3702.785951, "delta": 0.003922}}
{"target": -17.674784546498643, "params": {"gamma": 978.3642600543228, "log10_alpha": -1.22035193629136, "log10_colsample_bytree": -0.08133408668940556, "log10_eta": -1.8405336775201007, "log10_lambda": -2.110730287800169, "log10_min_child_weight": 0.2285622818995775, "log10_subsample": -0.3924067785192643, "max_depth": 2.0, "num_boost_round": 12.0}, "datetime": {"datetime": "2024-01-19 01:13:28", "elapsed": 3702.789838, "delta": 0.003887}}
{"target": -17.674795828945992, "params": {"gamma": 978.3642600543228, "log10_alpha": -1.22035193629136, "log10_colsample_bytree": -0.08133408668940556, "log10_eta": -1.8405336775201007, "log10_lambda": -2.110730287800169, "log10_min_child_weight": 0.2285622818995775, "log10_subsample": -0.3924067785192643, "max_depth": 2.0, "num_boost_round": 13.0}, "datetime": {"datetime": "2024-01-19 01:13:28", "elapsed": 3702.793777, "delta": 0.003939}}
{"target": -17.674815878796966, "params": {"gamma": 978.3642600543228, "log10_alpha": -1.22035193629136, "log10_colsample_bytree": -0.08133408668940556, "log10_eta": -1.8405336775201007, "log10_lambda": -2.110730287800169, "log10_min_child_weight": 0.2285622818995775, "log10_subsample": -0.3924067785192643, "max_depth": 2.0, "num_boost_round": 14.0}, "datetime": {"datetime": "2024-01-19 01:13:28", "elapsed": 3702.797591, "delta": 0.003814}}
{"target": -17.674838571024946, "params": {"gamma": 978.3642600543228, "log10_alpha": -1.22035193629136, "log10_colsample_bytree": -0.08133408668940556, "log10_eta": -1.8405336775201007, "log10_lambda": -2.110730287800169, "log10_min_child_weight": 0.2285622818995775, "log10_subsample": -0.3924067785192643, "max_depth": 2.0, "num_boost_round": 15.0}, "datetime": {"datetime": "2024-01-19 01:13:29", "elapsed": 3702.801369, "delta": 0.003778}}
{"target": -17.674434754651305, "params": {"gamma": 978.3642600543228, "log10_alpha": -1.22035193629136, "log10_colsample_bytree": -0.08133408668940556, "log10_eta": -1.8405336775201007, "log10_lambda": -2.110730287800169, "log10_min_child_weight": 0.2285622818995775, "log10_subsample": -0.3924067785192643, "max_depth": 2.0, "num_boost_round": 16.0}, "datetime": {"datetime": "2024-01-19 01:13:29", "elapsed": 3702.805316, "delta": 0.003947}}
{"target": -17.673949392378127, "params": {"gamma": 978.3642600543228, "log10_alpha": -1.22035193629136, "log10_colsample_bytree": -0.08133408668940556, "log10_eta": -1.8405336775201007, "log10_lambda": -2.110730287800169, "log10_min_child_weight": 0.2285622818995775, "log10_subsample": -0.3924067785192643, "max_depth": 2.0, "num_boost_round": 17.0}, "datetime": {"datetime": "2024-01-19 01:13:29", "elapsed": 3702.809122, "delta": 0.003806}}
{"target": -17.673960356730966, "params": {"gamma": 978.3642600543228, "log10_alpha": -1.22035193629136, "log10_colsample_bytree": -0.08133408668940556, "log10_eta": -1.8405336775201007, "log10_lambda": -2.110730287800169, "log10_min_child_weight": 0.2285622818995775, "log10_subsample": -0.3924067785192643, "max_depth": 2.0, "num_boost_round": 18.0}, "datetime": {"datetime": "2024-01-19 01:13:29", "elapsed": 3702.813215, "delta": 0.004093}}
{"target": -17.673940489916493, "params": {"gamma": 978.3642600543228, "log10_alpha": -1.22035193629136, "log10_colsample_bytree": -0.08133408668940556, "log10_eta": -1.8405336775201007, "log10_lambda": -2.110730287800169, "log10_min_child_weight": 0.2285622818995775, "log10_subsample": -0.3924067785192643, "max_depth": 2.0, "num_boost_round": 19.0}, "datetime": {"datetime": "2024-01-19 01:13:29", "elapsed": 3702.817177, "delta": 0.003962}}
{"target": -17.674035231377605, "params": {"gamma": 978.3642600543228, "log10_alpha": -1.22035193629136, "log10_colsample_bytree": -0.08133408668940556, "log10_eta": -1.8405336775201007, "log10_lambda": -2.110730287800169, "log10_min_child_weight": 0.2285622818995775, "log10_subsample": -0.3924067785192643, "max_depth": 2.0, "num_boost_round": 20.0}, "datetime": {"datetime": "2024-01-19 01:13:29", "elapsed": 3702.821118, "delta": 0.003941}}
{"target": -17.674154300700835, "params": {"gamma": 978.3642600543228, "log10_alpha": -1.22035193629136, "log10_colsample_bytree": -0.08133408668940556, "log10_eta": -1.8405336775201007, "log10_lambda": -2.110730287800169, "log10_min_child_weight": 0.2285622818995775, "log10_subsample": -0.3924067785192643, "max_depth": 2.0, "num_boost_round": 21.0}, "datetime": {"datetime": "2024-01-19 01:13:29", "elapsed": 3702.824993, "delta": 0.003875}}
