{"target": -13.758440195719393, "params": {"gamma": 91.51177107704378, "log10_alpha": -4.684166134917163, "log10_colsample_bytree": -0.9744354446508086, "log10_eta": -2.974564353916863, "log10_lambda": 0.16503016343805044, "log10_min_child_weight": 2.5135272129644948, "log10_subsample": -0.525204455952486, "max_depth": 2.0, "num_boost_round": 15.0}, "datetime": {"datetime": "2024-01-19 00:21:46", "elapsed": 605.817413, "delta": 0.000838}}
{"target": -13.75842879959881, "params": {"gamma": 91.51177107704378, "log10_alpha": -4.684166134917163, "log10_colsample_bytree": -0.9744354446508086, "log10_eta": -2.974564353916863, "log10_lambda": 0.16503016343805044, "log10_min_child_weight": 2.5135272129644948, "log10_subsample": -0.525204455952486, "max_depth": 2.0, "num_boost_round": 16.0}, "datetime": {"datetime": "2024-01-19 00:21:46", "elapsed": 605.818228, "delta": 0.000815}}
{"target": -13.758419146537683, "params": {"gamma": 91.51177107704378, "log10_alpha": -4.684166134917163, "log10_colsample_bytree": -0.9744354446508086, "log10_eta": -2.974564353916863, "log10_lambda": 0.16503016343805044, "log10_min_child_weight": 2.5135272129644948, "log10_subsample": -0.525204455952486, "max_depth": 2.0, "num_boost_round": 17.0}, "datetime": {"datetime": "2024-01-19 00:21:46", "elapsed": 605.819032, "delta": 0.000804}}
{"target": -13.75840947198709, "params": {"gamma": 91.51177107704378, "log10_alpha": -4.684166134917163, "log10_colsample_bytree": -0.9744354446508086, "log10_eta": -2.974564353916863, "log10_lambda": 0.16503016343805044, "log10_min_child_weight": 2.5135272129644948, "log10_subsample": -0.525204455952486, "max_depth": 2.0, "num_boost_round": 18.0}, "datetime": {"datetime": "2024-01-19 00:21:46", "elapsed": 605.81984, "delta": 0.000808}}
{"target": -13.758401527871559, "params": {"gamma": 91.51177107704378, "log10_alpha": -4.684166134917163, "log10_colsample_bytree": -0.9744354446508086, "log10_eta": -2.974564353916863, "log10_lambda": 0.16503016343805044, "log10_min_child_weight": 2.5135272129644948, "log10_subsample": -0.525204455952486, "max_depth": 2.0, "num_boost_round": 19.0}, "datetime": {"datetime": "2024-01-19 00:21:46", "elapsed": 605.820647, "delta": 0.000807}}
{"target": -13.758397933166629, "params": {"gamma": 91.51177107704378, "log10_alpha": -4.684166134917163, "log10_colsample_bytree": -0.9744354446508086, "log10_eta": -2.974564353916863, "log10_lambda": 0.16503016343805044, "log10_min_child_weight": 2.5135272129644948, "log10_subsample": -0.525204455952486, "max_depth": 2.0, "num_boost_round": 20.0}, "datetime": {"datetime": "2024-01-19 00:21:46", "elapsed": 605.821466, "delta": 0.000819}}
{"target": -13.758383527229359, "params": {"gamma": 91.51177107704378, "log10_alpha": -4.684166134917163, "log10_colsample_bytree": -0.9744354446508086, "log10_eta": -2.974564353916863, "log10_lambda": 0.16503016343805044, "log10_min_child_weight": 2.5135272129644948, "log10_subsample": -0.525204455952486, "max_depth": 2.0, "num_boost_round": 21.0}, "datetime": {"datetime": "2024-01-19 00:21:46", "elapsed": 605.822288, "delta": 0.000822}}
{"target": -13.758375364622706, "params": {"gamma": 91.51177107704378, "log10_alpha": -4.684166134917163, "log10_colsample_bytree": -0.9744354446508086, "log10_eta": -2.974564353916863, "log10_lambda": 0.16503016343805044, "log10_min_child_weight": 2.5135272129644948, "log10_subsample": -0.525204455952486, "max_depth": 2.0, "num_boost_round": 22.0}, "datetime": {"datetime": "2024-01-19 00:21:46", "elapsed": 605.823113, "delta": 0.000825}}
{"target": -13.758359461943122, "params": {"gamma": 91.51177107704378, "log10_alpha": -4.684166134917163, "log10_colsample_bytree": -0.9744354446508086, "log10_eta": -2.974564353916863, "log10_lambda": 0.16503016343805044, "log10_min_child_weight": 2.5135272129644948, "log10_subsample": -0.525204455952486, "max_depth": 2.0, "num_boost_round": 23.0}, "datetime": {"datetime": "2024-01-19 00:21:46", "elapsed": 605.823992, "delta": 0.000879}}
{"target": -13.75835821480144, "params": {"gamma": 91.51177107704378, "log10_alpha": -4.684166134917163, "log10_colsample_bytree": -0.9744354446508086, "log10_eta": -2.974564353916863, "log10_lambda": 0.16503016343805044, "log10_min_child_weight": 2.5135272129644948, "log10_subsample": -0.525204455952486, "max_depth": 2.0, "num_boost_round": 24.0}, "datetime": {"datetime": "2024-01-19 00:21:46", "elapsed": 605.824834, "delta": 0.000842}}
{"target": -13.777955928795144, "params": {"gamma": 99.44791651799967, "log10_alpha": -0.3814532892610414, "log10_colsample_bytree": -0.29042025147002104, "log10_eta": -0.0871303183697818, "log10_lambda": -1.9773403323966505, "log10_min_child_weight": 3.5500383201218884, "log10_subsample": -0.5924944359420662, "max_depth": 3.0, "num_boost_round": 0.0}, "datetime": {"datetime": "2024-01-19 00:22:08", "elapsed": 627.767348, "delta": 21.942514}}
{"target": -13.780928027862942, "params": {"gamma": 99.44791651799967, "log10_alpha": -0.3814532892610414, "log10_colsample_bytree": -0.29042025147002104, "log10_eta": -0.0871303183697818, "log10_lambda": -1.9773403323966505, "log10_min_child_weight": 3.5500383201218884, "log10_subsample": -0.5924944359420662, "max_depth": 3.0, "num_boost_round": 1.0}, "datetime": {"datetime": "2024-01-19 00:22:08", "elapsed": 627.769261, "delta": 0.001913}}
{"target": -13.788943408612614, "params": {"gamma": 99.44791651799967, "log10_alpha": -0.3814532892610414, "log10_colsample_bytree": -0.29042025147002104, "log10_eta": -0.0871303183697818, "log10_lambda": -1.9773403323966505, "log10_min_child_weight": 3.5500383201218884, "log10_subsample": -0.5924944359420662, "max_depth": 3.0, "num_boost_round": 2.0}, "datetime": {"datetime": "2024-01-19 00:22:08", "elapsed": 627.770142, "delta": 0.000881}}
{"target": -13.807426294702294, "params": {"gamma": 99.44791651799967, "log10_alpha": -0.3814532892610414, "log10_colsample_bytree": -0.29042025147002104, "log10_eta": -0.0871303183697818, "log10_lambda": -1.9773403323966505, "log10_min_child_weight": 3.5500383201218884, "log10_subsample": -0.5924944359420662, "max_depth": 3.0, "num_boost_round": 3.0}, "datetime": {"datetime": "2024-01-19 00:22:08", "elapsed": 627.770985, "delta": 0.000843}}
{"target": -13.816810148843144, "params": {"gamma": 99.44791651799967, "log10_alpha": -0.3814532892610414, "log10_colsample_bytree": -0.29042025147002104, "log10_eta": -0.0871303183697818, "log10_lambda": -1.9773403323966505, "log10_min_child_weight": 3.5500383201218884, "log10_subsample": -0.5924944359420662, "max_depth": 3.0, "num_boost_round": 4.0}, "datetime": {"datetime": "2024-01-19 00:22:08", "elapsed": 627.771822, "delta": 0.000837}}
{"target": -13.82899714299455, "params": {"gamma": 99.44791651799967, "log10_alpha": -0.3814532892610414, "log10_colsample_bytree": -0.29042025147002104, "log10_eta": -0.0871303183697818, "log10_lambda": -1.9773403323966505, "log10_min_child_weight": 3.5500383201218884, "log10_subsample": -0.5924944359420662, "max_depth": 3.0, "num_boost_round": 5.0}, "datetime": {"datetime": "2024-01-19 00:22:08", "elapsed": 627.772713, "delta": 0.000891}}
{"target": -13.834204595655878, "params": {"gamma": 99.44791651799967, "log10_alpha": -0.3814532892610414, "log10_colsample_bytree": -0.29042025147002104, "log10_eta": -0.0871303183697818, "log10_lambda": -1.9773403323966505, "log10_min_child_weight": 3.5500383201218884, "log10_subsample": -0.5924944359420662, "max_depth": 3.0, "num_boost_round": 6.0}, "datetime": {"datetime": "2024-01-19 00:22:08", "elapsed": 627.773585, "delta": 0.000872}}
{"target": -13.835651212656275, "params": {"gamma": 99.44791651799967, "log10_alpha": -0.3814532892610414, "log10_colsample_bytree": -0.29042025147002104, "log10_eta": -0.0871303183697818, "log10_lambda": -1.9773403323966505, "log10_min_child_weight": 3.5500383201218884, "log10_subsample": -0.5924944359420662, "max_depth": 3.0, "num_boost_round": 7.0}, "datetime": {"datetime": "2024-01-19 00:22:08", "elapsed": 627.774458, "delta": 0.000873}}
{"target": -13.835530471413916, "params": {"gamma": 99.44791651799967, "log10_alpha": -0.3814532892610414, "log10_colsample_bytree": -0.29042025147002104, "log10_eta": -0.0871303183697818, "log10_lambda": -1.9773403323966505, "log10_min_child_weight": 3.5500383201218884, "log10_subsample": -0.5924944359420662, "max_depth": 3.0, "num_boost_round": 8.0}, "datetime": {"datetime": "2024-01-19 00:22:08", "elapsed": 627.775354, "delta": 0.000896}}
{"target": -13.841318703664303, "params": {"gamma": 99.44791651799967, "log10_alpha": -0.3814532892610414, "log10_colsample_bytree": -0.29042025147002104, "log10_eta": -0.0871303183697818, "log10_lambda": -1.9773403323966505, "log10_min_child_weight": 3.5500383201218884, "log10_subsample": -0.5924944359420662, "max_depth": 3.0, "num_boost_round": 9.0}, "datetime": {"datetime": "2024-01-19 00:22:08", "elapsed": 627.77627, "delta": 0.000916}}
{"target": -13.85229173840216, "params": {"gamma": 99.44791651799967, "log10_alpha": -0.3814532892610414, "log10_colsample_bytree": -0.29042025147002104, "log10_eta": -0.0871303183697818, "log10_lambda": -1.9773403323966505, "log10_min_child_weight": 3.5500383201218884, "log10_subsample": -0.5924944359420662, "max_depth": 3.0, "num_boost_round": 10.0}, "datetime": {"datetime": "2024-01-19 00:22:08", "elapsed": 627.777354, "delta": 0.001084}}
{"target": -13.866325903282966, "params": {"gamma": 99.44791651799967, "log10_alpha": -0.3814532892610414, "log10_colsample_bytree": -0.29042025147002104, "log10_eta": -0.0871303183697818, "log10_lambda": -1.9773403323966505, "log10_min_child_weight": 3.5500383201218884, "log10_subsample": -0.5924944359420662, "max_depth": 3.0, "num_boost_round": 11.0}, "datetime": {"datetime": "2024-01-19 00:22:08", "elapsed": 627.778254, "delta": 0.0009}}
{"target": -13.871133181388482, "params": {"gamma": 99.44791651799967, "log10_alpha": -0.3814532892610414, "log10_colsample_bytree": -0.29042025147002104, "log10_eta": -0.0871303183697818, "log10_lambda": -1.9773403323966505, "log10_min_child_weight": 3.5500383201218884, "log10_subsample": -0.5924944359420662, "max_depth": 3.0, "num_boost_round": 12.0}, "datetime": {"datetime": "2024-01-19 00:22:08", "elapsed": 627.779129, "delta": 0.000875}}
{"target": -13.889998447670525, "params": {"gamma": 99.44791651799967, "log10_alpha": -0.3814532892610414, "log10_colsample_bytree": -0.29042025147002104, "log10_eta": -0.0871303183697818, "log10_lambda": -1.9773403323966505, "log10_min_child_weight": 3.5500383201218884, "log10_subsample": -0.5924944359420662, "max_depth": 3.0, "num_boost_round": 13.0}, "datetime": {"datetime": "2024-01-19 00:22:08", "elapsed": 627.78, "delta": 0.000871}}
{"target": -13.912554175975883, "params": {"gamma": 99.44791651799967, "log10_alpha": -0.3814532892610414, "log10_colsample_bytree": -0.29042025147002104, "log10_eta": -0.0871303183697818, "log10_lambda": -1.9773403323966505, "log10_min_child_weight": 3.5500383201218884, "log10_subsample": -0.5924944359420662, "max_depth": 3.0, "num_boost_round": 14.0}, "datetime": {"datetime": "2024-01-19 00:22:08", "elapsed": 627.780885, "delta": 0.000885}}
{"target": -13.921332644062423, "params": {"gamma": 99.44791651799967, "log10_alpha": -0.3814532892610414, "log10_colsample_bytree": -0.29042025147002104, "log10_eta": -0.0871303183697818, "log10_lambda": -1.9773403323966505, "log10_min_child_weight": 3.5500383201218884, "log10_subsample": -0.5924944359420662, "max_depth": 3.0, "num_boost_round": 15.0}, "datetime": {"datetime": "2024-01-19 00:22:08", "elapsed": 627.781755, "delta": 0.00087}}
{"target": -13.930870603493142, "params": {"gamma": 99.44791651799967, "log10_alpha": -0.3814532892610414, "log10_colsample_bytree": -0.29042025147002104, "log10_eta": -0.0871303183697818, "log10_lambda": -1.9773403323966505, "log10_min_child_weight": 3.5500383201218884, "log10_subsample": -0.5924944359420662, "max_depth": 3.0, "num_boost_round": 16.0}, "datetime": {"datetime": "2024-01-19 00:22:08", "elapsed": 627.782659, "delta": 0.000904}}
{"target": -13.939468393238275, "params": {"gamma": 99.44791651799967, "log10_alpha": -0.3814532892610414, "log10_colsample_bytree": -0.29042025147002104, "log10_eta": -0.0871303183697818, "log10_lambda": -1.9773403323966505, "log10_min_child_weight": 3.5500383201218884, "log10_subsample": -0.5924944359420662, "max_depth": 3.0, "num_boost_round": 17.0}, "datetime": {"datetime": "2024-01-19 00:22:08", "elapsed": 627.78355, "delta": 0.000891}}
{"target": -13.9511573671123, "params": {"gamma": 99.44791651799967, "log10_alpha": -0.3814532892610414, "log10_colsample_bytree": -0.29042025147002104, "log10_eta": -0.0871303183697818, "log10_lambda": -1.9773403323966505, "log10_min_child_weight": 3.5500383201218884, "log10_subsample": -0.5924944359420662, "max_depth": 3.0, "num_boost_round": 18.0}, "datetime": {"datetime": "2024-01-19 00:22:08", "elapsed": 627.784442, "delta": 0.000892}}
{"target": -13.953203074858806, "params": {"gamma": 99.44791651799967, "log10_alpha": -0.3814532892610414, "log10_colsample_bytree": -0.29042025147002104, "log10_eta": -0.0871303183697818, "log10_lambda": -1.9773403323966505, "log10_min_child_weight": 3.5500383201218884, "log10_subsample": -0.5924944359420662, "max_depth": 3.0, "num_boost_round": 19.0}, "datetime": {"datetime": "2024-01-19 00:22:08", "elapsed": 627.785341, "delta": 0.000899}}
{"target": -13.758538795855248, "params": {"gamma": 86.68940407558301, "log10_alpha": -4.215803148892139, "log10_colsample_bytree": -0.29158231796579415, "log10_eta": -3.2070615826980733, "log10_lambda": -1.5140310850712755, "log10_min_child_weight": 1.7243539600849411, "log10_subsample": -0.26346641227333734, "max_depth": 4.0, "num_boost_round": 0.0}, "datetime": {"datetime": "2024-01-19 00:22:33", "elapsed": 652.867226, "delta": 25.081885}}
{"target": -13.758532192670224, "params": {"gamma": 86.68940407558301, "log10_alpha": -4.215803148892139, "log10_colsample_bytree": -0.29158231796579415, "log10_eta": -3.2070615826980733, "log10_lambda": -1.5140310850712755, "log10_min_child_weight": 1.7243539600849411, "log10_subsample": -0.26346641227333734, "max_depth": 4.0, "num_boost_round": 1.0}, "datetime": {"datetime": "2024-01-19 00:22:33", "elapsed": 652.868258, "delta": 0.001032}}
{"target": -13.758530954099838, "params": {"gamma": 86.68940407558301, "log10_alpha": -4.215803148892139, "log10_colsample_bytree": -0.29158231796579415, "log10_eta": -3.2070615826980733, "log10_lambda": -1.5140310850712755, "log10_min_child_weight": 1.7243539600849411, "log10_subsample": -0.26346641227333734, "max_depth": 4.0, "num_boost_round": 2.0}, "datetime": {"datetime": "2024-01-19 00:22:33", "elapsed": 652.869548, "delta": 0.00129}}
{"target": -13.758539198157186, "params": {"gamma": 86.68940407558301, "log10_alpha": -4.215803148892139, "log10_colsample_bytree": -0.29158231796579415, "log10_eta": -3.2070615826980733, "log10_lambda": -1.5140310850712755, "log10_min_child_weight": 1.7243539600849411, "log10_subsample": -0.26346641227333734, "max_depth": 4.0, "num_boost_round": 3.0}, "datetime": {"datetime": "2024-01-19 00:22:33", "elapsed": 652.870537, "delta": 0.000989}}
{"target": -13.758525090301983, "params": {"gamma": 86.68940407558301, "log10_alpha": -4.215803148892139, "log10_colsample_bytree": -0.29158231796579415, "log10_eta": -3.2070615826980733, "log10_lambda": -1.5140310850712755, "log10_min_child_weight": 1.7243539600849411, "log10_subsample": -0.26346641227333734, "max_depth": 4.0, "num_boost_round": 4.0}, "datetime": {"datetime": "2024-01-19 00:22:33", "elapsed": 652.871418, "delta": 0.000881}}
{"target": -13.758532805408045, "params": {"gamma": 86.68940407558301, "log10_alpha": -4.215803148892139, "log10_colsample_bytree": -0.29158231796579415, "log10_eta": -3.2070615826980733, "log10_lambda": -1.5140310850712755, "log10_min_child_weight": 1.7243539600849411, "log10_subsample": -0.26346641227333734, "max_depth": 4.0, "num_boost_round": 5.0}, "datetime": {"datetime": "2024-01-19 00:22:33", "elapsed": 652.872486, "delta": 0.001068}}
{"target": -13.758523313431894, "params": {"gamma": 86.68940407558301, "log10_alpha": -4.215803148892139, "log10_colsample_bytree": -0.29158231796579415, "log10_eta": -3.2070615826980733, "log10_lambda": -1.5140310850712755, "log10_min_child_weight": 1.7243539600849411, "log10_subsample": -0.26346641227333734, "max_depth": 4.0, "num_boost_round": 6.0}, "datetime": {"datetime": "2024-01-19 00:22:33", "elapsed": 652.873349, "delta": 0.000863}}
{"target": -13.758519726238355, "params": {"gamma": 86.68940407558301, "log10_alpha": -4.215803148892139, "log10_colsample_bytree": -0.29158231796579415, "log10_eta": -3.2070615826980733, "log10_lambda": -1.5140310850712755, "log10_min_child_weight": 1.7243539600849411, "log10_subsample": -0.26346641227333734, "max_depth": 4.0, "num_boost_round": 7.0}, "datetime": {"datetime": "2024-01-19 00:22:33", "elapsed": 652.874256, "delta": 0.000907}}
{"target": -13.758510100201157, "params": {"gamma": 86.68940407558301, "log10_alpha": -4.215803148892139, "log10_colsample_bytree": -0.29158231796579415, "log10_eta": -3.2070615826980733, "log10_lambda": -1.5140310850712755, "log10_min_child_weight": 1.7243539600849411, "log10_subsample": -0.26346641227333734, "max_depth": 4.0, "num_boost_round": 8.0}, "datetime": {"datetime": "2024-01-19 00:22:33", "elapsed": 652.875112, "delta": 0.000856}}
{"target": -13.758508127724655, "params": {"gamma": 86.68940407558301, "log10_alpha": -4.215803148892139, "log10_colsample_bytree": -0.29158231796579415, "log10_eta": -3.2070615826980733, "log10_lambda": -1.5140310850712755, "log10_min_child_weight": 1.7243539600849411, "log10_subsample": -0.26346641227333734, "max_depth": 4.0, "num_boost_round": 9.0}, "datetime": {"datetime": "2024-01-19 00:22:33", "elapsed": 652.875966, "delta": 0.000854}}
{"target": -13.758488996364973, "params": {"gamma": 86.68940407558301, "log10_alpha": -4.215803148892139, "log10_colsample_bytree": -0.29158231796579415, "log10_eta": -3.2070615826980733, "log10_lambda": -1.5140310850712755, "log10_min_child_weight": 1.7243539600849411, "log10_subsample": -0.26346641227333734, "max_depth": 4.0, "num_boost_round": 10.0}, "datetime": {"datetime": "2024-01-19 00:22:33", "elapsed": 652.876868, "delta": 0.000902}}
{"target": -13.758478987886539, "params": {"gamma": 86.68940407558301, "log10_alpha": -4.215803148892139, "log10_colsample_bytree": -0.29158231796579415, "log10_eta": -3.2070615826980733, "log10_lambda": -1.5140310850712755, "log10_min_child_weight": 1.7243539600849411, "log10_subsample": -0.26346641227333734, "max_depth": 4.0, "num_boost_round": 11.0}, "datetime": {"datetime": "2024-01-19 00:22:33", "elapsed": 652.877885, "delta": 0.001017}}
{"target": -13.75846677574096, "params": {"gamma": 86.68940407558301, "log10_alpha": -4.215803148892139, "log10_colsample_bytree": -0.29158231796579415, "log10_eta": -3.2070615826980733, "log10_lambda": -1.5140310850712755, "log10_min_child_weight": 1.7243539600849411, "log10_subsample": -0.26346641227333734, "max_depth": 4.0, "num_boost_round": 12.0}, "datetime": {"datetime": "2024-01-19 00:22:33", "elapsed": 652.878765, "delta": 0.00088}}
{"target": -13.75846583479208, "params": {"gamma": 86.68940407558301, "log10_alpha": -4.215803148892139, "log10_colsample_bytree": -0.29158231796579415, "log10_eta": -3.2070615826980733, "log10_lambda": -1.5140310850712755, "log10_min_child_weight": 1.7243539600849411, "log10_subsample": -0.26346641227333734, "max_depth": 4.0, "num_boost_round": 13.0}, "datetime": {"datetime": "2024-01-19 00:22:33", "elapsed": 652.87964, "delta": 0.000875}}
{"target": -13.758455639653398, "params": {"gamma": 86.68940407558301, "log10_alpha": -4.215803148892139, "log10_colsample_bytree": -0.29158231796579415, "log10_eta": -3.2070615826980733, "log10_lambda": -1.5140310850712755, "log10_min_child_weight": 1.7243539600849411, "log10_subsample": -0.26346641227333734, "max_depth": 4.0, "num_boost_round": 14.0}, "datetime": {"datetime": "2024-01-19 00:22:33", "elapsed": 652.88051, "delta": 0.00087}}
{"target": -13.758438331433045, "params": {"gamma": 86.68940407558301, "log10_alpha": -4.215803148892139, "log10_colsample_bytree": -0.29158231796579415, "log10_eta": -3.2070615826980733, "log10_lambda": -1.5140310850712755, "log10_min_child_weight": 1.7243539600849411, "log10_subsample": -0.26346641227333734, "max_depth": 4.0, "num_boost_round": 15.0}, "datetime": {"datetime": "2024-01-19 00:22:33", "elapsed": 652.881384, "delta": 0.000874}}
{"target": -13.758422805897535, "params": {"gamma": 86.68940407558301, "log10_alpha": -4.215803148892139, "log10_colsample_bytree": -0.29158231796579415, "log10_eta": -3.2070615826980733, "log10_lambda": -1.5140310850712755, "log10_min_child_weight": 1.7243539600849411, "log10_subsample": -0.26346641227333734, "max_depth": 4.0, "num_boost_round": 16.0}, "datetime": {"datetime": "2024-01-19 00:22:33", "elapsed": 652.882406, "delta": 0.001022}}
{"target": -13.758422739303542, "params": {"gamma": 86.68940407558301, "log10_alpha": -4.215803148892139, "log10_colsample_bytree": -0.29158231796579415, "log10_eta": -3.2070615826980733, "log10_lambda": -1.5140310850712755, "log10_min_child_weight": 1.7243539600849411, "log10_subsample": -0.26346641227333734, "max_depth": 4.0, "num_boost_round": 17.0}, "datetime": {"datetime": "2024-01-19 00:22:33", "elapsed": 652.883338, "delta": 0.000932}}
{"target": -13.758416092118923, "params": {"gamma": 86.68940407558301, "log10_alpha": -4.215803148892139, "log10_colsample_bytree": -0.29158231796579415, "log10_eta": -3.2070615826980733, "log10_lambda": -1.5140310850712755, "log10_min_child_weight": 1.7243539600849411, "log10_subsample": -0.26346641227333734, "max_depth": 4.0, "num_boost_round": 18.0}, "datetime": {"datetime": "2024-01-19 00:22:33", "elapsed": 652.884207, "delta": 0.000869}}
