{"target": -17.677197595580964, "params": {"gamma": 172.5063761390322, "log10_alpha": -2.230818674260916, "log10_colsample_bytree": -0.275592603150973, "log10_eta": -3.3653723473882646, "log10_lambda": 0.49001935204488145, "log10_min_child_weight": 2.9493663484349053, "log10_subsample": -0.6747740896707277, "max_depth": 2.0, "num_boost_round": 6.0}, "datetime": {"datetime": "2024-01-19 00:41:30", "elapsed": 1775.271134, "delta": 0.002429}}
{"target": -17.677187127208978, "params": {"gamma": 172.5063761390322, "log10_alpha": -2.230818674260916, "log10_colsample_bytree": -0.275592603150973, "log10_eta": -3.3653723473882646, "log10_lambda": 0.49001935204488145, "log10_min_child_weight": 2.9493663484349053, "log10_subsample": -0.6747740896707277, "max_depth": 2.0, "num_boost_round": 7.0}, "datetime": {"datetime": "2024-01-19 00:41:30", "elapsed": 1775.273561, "delta": 0.002427}}
{"target": -17.67717697817872, "params": {"gamma": 172.5063761390322, "log10_alpha": -2.230818674260916, "log10_colsample_bytree": -0.275592603150973, "log10_eta": -3.3653723473882646, "log10_lambda": 0.49001935204488145, "log10_min_child_weight": 2.9493663484349053, "log10_subsample": -0.6747740896707277, "max_depth": 2.0, "num_boost_round": 8.0}, "datetime": {"datetime": "2024-01-19 00:41:30", "elapsed": 1775.276011, "delta": 0.00245}}
{"target": -17.677159950306674, "params": {"gamma": 172.5063761390322, "log10_alpha": -2.230818674260916, "log10_colsample_bytree": -0.275592603150973, "log10_eta": -3.3653723473882646, "log10_lambda": 0.49001935204488145, "log10_min_child_weight": 2.9493663484349053, "log10_subsample": -0.6747740896707277, "max_depth": 2.0, "num_boost_round": 9.0}, "datetime": {"datetime": "2024-01-19 00:41:30", "elapsed": 1775.278425, "delta": 0.002414}}
{"target": -17.677151428082972, "params": {"gamma": 172.5063761390322, "log10_alpha": -2.230818674260916, "log10_colsample_bytree": -0.275592603150973, "log10_eta": -3.3653723473882646, "log10_lambda": 0.49001935204488145, "log10_min_child_weight": 2.9493663484349053, "log10_subsample": -0.6747740896707277, "max_depth": 2.0, "num_boost_round": 10.0}, "datetime": {"datetime": "2024-01-19 00:41:30", "elapsed": 1775.280973, "delta": 0.002548}}
{"target": -17.677147283879556, "params": {"gamma": 172.5063761390322, "log10_alpha": -2.230818674260916, "log10_colsample_bytree": -0.275592603150973, "log10_eta": -3.3653723473882646, "log10_lambda": 0.49001935204488145, "log10_min_child_weight": 2.9493663484349053, "log10_subsample": -0.6747740896707277, "max_depth": 2.0, "num_boost_round": 11.0}, "datetime": {"datetime": "2024-01-19 00:41:30", "elapsed": 1775.283424, "delta": 0.002451}}
{"target": -17.67713845911453, "params": {"gamma": 172.5063761390322, "log10_alpha": -2.230818674260916, "log10_colsample_bytree": -0.275592603150973, "log10_eta": -3.3653723473882646, "log10_lambda": 0.49001935204488145, "log10_min_child_weight": 2.9493663484349053, "log10_subsample": -0.6747740896707277, "max_depth": 2.0, "num_boost_round": 12.0}, "datetime": {"datetime": "2024-01-19 00:41:30", "elapsed": 1775.285854, "delta": 0.00243}}
{"target": -17.67712979396487, "params": {"gamma": 172.5063761390322, "log10_alpha": -2.230818674260916, "log10_colsample_bytree": -0.275592603150973, "log10_eta": -3.3653723473882646, "log10_lambda": 0.49001935204488145, "log10_min_child_weight": 2.9493663484349053, "log10_subsample": -0.6747740896707277, "max_depth": 2.0, "num_boost_round": 13.0}, "datetime": {"datetime": "2024-01-19 00:41:30", "elapsed": 1775.288506, "delta": 0.002652}}
{"target": -17.677119851243944, "params": {"gamma": 172.5063761390322, "log10_alpha": -2.230818674260916, "log10_colsample_bytree": -0.275592603150973, "log10_eta": -3.3653723473882646, "log10_lambda": 0.49001935204488145, "log10_min_child_weight": 2.9493663484349053, "log10_subsample": -0.6747740896707277, "max_depth": 2.0, "num_boost_round": 14.0}, "datetime": {"datetime": "2024-01-19 00:41:30", "elapsed": 1775.291145, "delta": 0.002639}}
{"target": -17.677112680688573, "params": {"gamma": 172.5063761390322, "log10_alpha": -2.230818674260916, "log10_colsample_bytree": -0.275592603150973, "log10_eta": -3.3653723473882646, "log10_lambda": 0.49001935204488145, "log10_min_child_weight": 2.9493663484349053, "log10_subsample": -0.6747740896707277, "max_depth": 2.0, "num_boost_round": 15.0}, "datetime": {"datetime": "2024-01-19 00:41:30", "elapsed": 1775.293729, "delta": 0.002584}}
{"target": -17.67710995251449, "params": {"gamma": 172.5063761390322, "log10_alpha": -2.230818674260916, "log10_colsample_bytree": -0.275592603150973, "log10_eta": -3.3653723473882646, "log10_lambda": 0.49001935204488145, "log10_min_child_weight": 2.9493663484349053, "log10_subsample": -0.6747740896707277, "max_depth": 2.0, "num_boost_round": 16.0}, "datetime": {"datetime": "2024-01-19 00:41:30", "elapsed": 1775.296269, "delta": 0.00254}}
{"target": -17.67710098559213, "params": {"gamma": 172.5063761390322, "log10_alpha": -2.230818674260916, "log10_colsample_bytree": -0.275592603150973, "log10_eta": -3.3653723473882646, "log10_lambda": 0.49001935204488145, "log10_min_child_weight": 2.9493663484349053, "log10_subsample": -0.6747740896707277, "max_depth": 2.0, "num_boost_round": 17.0}, "datetime": {"datetime": "2024-01-19 00:41:30", "elapsed": 1775.298919, "delta": 0.00265}}
{"target": -17.67709989628065, "params": {"gamma": 172.5063761390322, "log10_alpha": -2.230818674260916, "log10_colsample_bytree": -0.275592603150973, "log10_eta": -3.3653723473882646, "log10_lambda": 0.49001935204488145, "log10_min_child_weight": 2.9493663484349053, "log10_subsample": -0.6747740896707277, "max_depth": 2.0, "num_boost_round": 18.0}, "datetime": {"datetime": "2024-01-19 00:41:30", "elapsed": 1775.30155, "delta": 0.002631}}
{"target": -17.677092527563286, "params": {"gamma": 172.5063761390322, "log10_alpha": -2.230818674260916, "log10_colsample_bytree": -0.275592603150973, "log10_eta": -3.3653723473882646, "log10_lambda": 0.49001935204488145, "log10_min_child_weight": 2.9493663484349053, "log10_subsample": -0.6747740896707277, "max_depth": 2.0, "num_boost_round": 19.0}, "datetime": {"datetime": "2024-01-19 00:41:30", "elapsed": 1775.304275, "delta": 0.002725}}
{"target": -17.67708023535376, "params": {"gamma": 172.5063761390322, "log10_alpha": -2.230818674260916, "log10_colsample_bytree": -0.275592603150973, "log10_eta": -3.3653723473882646, "log10_lambda": 0.49001935204488145, "log10_min_child_weight": 2.9493663484349053, "log10_subsample": -0.6747740896707277, "max_depth": 2.0, "num_boost_round": 20.0}, "datetime": {"datetime": "2024-01-19 00:41:30", "elapsed": 1775.306789, "delta": 0.002514}}
{"target": -17.677070346981612, "params": {"gamma": 172.5063761390322, "log10_alpha": -2.230818674260916, "log10_colsample_bytree": -0.275592603150973, "log10_eta": -3.3653723473882646, "log10_lambda": 0.49001935204488145, "log10_min_child_weight": 2.9493663484349053, "log10_subsample": -0.6747740896707277, "max_depth": 2.0, "num_boost_round": 21.0}, "datetime": {"datetime": "2024-01-19 00:41:30", "elapsed": 1775.30929, "delta": 0.002501}}
{"target": -17.677064565496305, "params": {"gamma": 172.5063761390322, "log10_alpha": -2.230818674260916, "log10_colsample_bytree": -0.275592603150973, "log10_eta": -3.3653723473882646, "log10_lambda": 0.49001935204488145, "log10_min_child_weight": 2.9493663484349053, "log10_subsample": -0.6747740896707277, "max_depth": 2.0, "num_boost_round": 22.0}, "datetime": {"datetime": "2024-01-19 00:41:30", "elapsed": 1775.311834, "delta": 0.002544}}
{"target": -17.67705621973398, "params": {"gamma": 172.5063761390322, "log10_alpha": -2.230818674260916, "log10_colsample_bytree": -0.275592603150973, "log10_eta": -3.3653723473882646, "log10_lambda": 0.49001935204488145, "log10_min_child_weight": 2.9493663484349053, "log10_subsample": -0.6747740896707277, "max_depth": 2.0, "num_boost_round": 23.0}, "datetime": {"datetime": "2024-01-19 00:41:30", "elapsed": 1775.31431, "delta": 0.002476}}
{"target": -17.677052759709667, "params": {"gamma": 172.5063761390322, "log10_alpha": -2.230818674260916, "log10_colsample_bytree": -0.275592603150973, "log10_eta": -3.3653723473882646, "log10_lambda": 0.49001935204488145, "log10_min_child_weight": 2.9493663484349053, "log10_subsample": -0.6747740896707277, "max_depth": 2.0, "num_boost_round": 24.0}, "datetime": {"datetime": "2024-01-19 00:41:30", "elapsed": 1775.316884, "delta": 0.002574}}
{"target": -17.677043367071974, "params": {"gamma": 172.5063761390322, "log10_alpha": -2.230818674260916, "log10_colsample_bytree": -0.275592603150973, "log10_eta": -3.3653723473882646, "log10_lambda": 0.49001935204488145, "log10_min_child_weight": 2.9493663484349053, "log10_subsample": -0.6747740896707277, "max_depth": 2.0, "num_boost_round": 25.0}, "datetime": {"datetime": "2024-01-19 00:41:30", "elapsed": 1775.319496, "delta": 0.002612}}
{"target": -17.67703633820924, "params": {"gamma": 172.5063761390322, "log10_alpha": -2.230818674260916, "log10_colsample_bytree": -0.275592603150973, "log10_eta": -3.3653723473882646, "log10_lambda": 0.49001935204488145, "log10_min_child_weight": 2.9493663484349053, "log10_subsample": -0.6747740896707277, "max_depth": 2.0, "num_boost_round": 26.0}, "datetime": {"datetime": "2024-01-19 00:41:30", "elapsed": 1775.322046, "delta": 0.00255}}
{"target": -17.677026309849076, "params": {"gamma": 172.5063761390322, "log10_alpha": -2.230818674260916, "log10_colsample_bytree": -0.275592603150973, "log10_eta": -3.3653723473882646, "log10_lambda": 0.49001935204488145, "log10_min_child_weight": 2.9493663484349053, "log10_subsample": -0.6747740896707277, "max_depth": 2.0, "num_boost_round": 27.0}, "datetime": {"datetime": "2024-01-19 00:41:30", "elapsed": 1775.324656, "delta": 0.00261}}
{"target": -17.677016909067763, "params": {"gamma": 172.5063761390322, "log10_alpha": -2.230818674260916, "log10_colsample_bytree": -0.275592603150973, "log10_eta": -3.3653723473882646, "log10_lambda": 0.49001935204488145, "log10_min_child_weight": 2.9493663484349053, "log10_subsample": -0.6747740896707277, "max_depth": 2.0, "num_boost_round": 28.0}, "datetime": {"datetime": "2024-01-19 00:41:30", "elapsed": 1775.32722, "delta": 0.002564}}
{"target": -17.677011724424553, "params": {"gamma": 172.5063761390322, "log10_alpha": -2.230818674260916, "log10_colsample_bytree": -0.275592603150973, "log10_eta": -3.3653723473882646, "log10_lambda": 0.49001935204488145, "log10_min_child_weight": 2.9493663484349053, "log10_subsample": -0.6747740896707277, "max_depth": 2.0, "num_boost_round": 29.0}, "datetime": {"datetime": "2024-01-19 00:41:30", "elapsed": 1775.329751, "delta": 0.002531}}
{"target": -17.677004980756085, "params": {"gamma": 172.5063761390322, "log10_alpha": -2.230818674260916, "log10_colsample_bytree": -0.275592603150973, "log10_eta": -3.3653723473882646, "log10_lambda": 0.49001935204488145, "log10_min_child_weight": 2.9493663484349053, "log10_subsample": -0.6747740896707277, "max_depth": 2.0, "num_boost_round": 30.0}, "datetime": {"datetime": "2024-01-19 00:41:30", "elapsed": 1775.332319, "delta": 0.002568}}
{"target": -17.677000401077535, "params": {"gamma": 172.5063761390322, "log10_alpha": -2.230818674260916, "log10_colsample_bytree": -0.275592603150973, "log10_eta": -3.3653723473882646, "log10_lambda": 0.49001935204488145, "log10_min_child_weight": 2.9493663484349053, "log10_subsample": -0.6747740896707277, "max_depth": 2.0, "num_boost_round": 31.0}, "datetime": {"datetime": "2024-01-19 00:41:30", "elapsed": 1775.334868, "delta": 0.002549}}
{"target": -17.677001509138666, "params": {"gamma": 172.5063761390322, "log10_alpha": -2.230818674260916, "log10_colsample_bytree": -0.275592603150973, "log10_eta": -3.3653723473882646, "log10_lambda": 0.49001935204488145, "log10_min_child_weight": 2.9493663484349053, "log10_subsample": -0.6747740896707277, "max_depth": 2.0, "num_boost_round": 32.0}, "datetime": {"datetime": "2024-01-19 00:41:30", "elapsed": 1775.337414, "delta": 0.002546}}
{"target": -17.676998228226108, "params": {"gamma": 172.5063761390322, "log10_alpha": -2.230818674260916, "log10_colsample_bytree": -0.275592603150973, "log10_eta": -3.3653723473882646, "log10_lambda": 0.49001935204488145, "log10_min_child_weight": 2.9493663484349053, "log10_subsample": -0.6747740896707277, "max_depth": 2.0, "num_boost_round": 33.0}, "datetime": {"datetime": "2024-01-19 00:41:30", "elapsed": 1775.339925, "delta": 0.002511}}
{"target": -17.67698837808023, "params": {"gamma": 172.5063761390322, "log10_alpha": -2.230818674260916, "log10_colsample_bytree": -0.275592603150973, "log10_eta": -3.3653723473882646, "log10_lambda": 0.49001935204488145, "log10_min_child_weight": 2.9493663484349053, "log10_subsample": -0.6747740896707277, "max_depth": 2.0, "num_boost_round": 34.0}, "datetime": {"datetime": "2024-01-19 00:41:30", "elapsed": 1775.342458, "delta": 0.002533}}
{"target": -17.67698042567954, "params": {"gamma": 172.5063761390322, "log10_alpha": -2.230818674260916, "log10_colsample_bytree": -0.275592603150973, "log10_eta": -3.3653723473882646, "log10_lambda": 0.49001935204488145, "log10_min_child_weight": 2.9493663484349053, "log10_subsample": -0.6747740896707277, "max_depth": 2.0, "num_boost_round": 35.0}, "datetime": {"datetime": "2024-01-19 00:41:30", "elapsed": 1775.344972, "delta": 0.002514}}
{"target": -17.676974054325232, "params": {"gamma": 172.5063761390322, "log10_alpha": -2.230818674260916, "log10_colsample_bytree": -0.275592603150973, "log10_eta": -3.3653723473882646, "log10_lambda": 0.49001935204488145, "log10_min_child_weight": 2.9493663484349053, "log10_subsample": -0.6747740896707277, "max_depth": 2.0, "num_boost_round": 36.0}, "datetime": {"datetime": "2024-01-19 00:41:30", "elapsed": 1775.34753, "delta": 0.002558}}
{"target": -17.676968171282955, "params": {"gamma": 172.5063761390322, "log10_alpha": -2.230818674260916, "log10_colsample_bytree": -0.275592603150973, "log10_eta": -3.3653723473882646, "log10_lambda": 0.49001935204488145, "log10_min_child_weight": 2.9493663484349053, "log10_subsample": -0.6747740896707277, "max_depth": 2.0, "num_boost_round": 37.0}, "datetime": {"datetime": "2024-01-19 00:41:30", "elapsed": 1775.350128, "delta": 0.002598}}
{"target": -17.676956736838967, "params": {"gamma": 172.5063761390322, "log10_alpha": -2.230818674260916, "log10_colsample_bytree": -0.275592603150973, "log10_eta": -3.3653723473882646, "log10_lambda": 0.49001935204488145, "log10_min_child_weight": 2.9493663484349053, "log10_subsample": -0.6747740896707277, "max_depth": 2.0, "num_boost_round": 38.0}, "datetime": {"datetime": "2024-01-19 00:41:30", "elapsed": 1775.352722, "delta": 0.002594}}
{"target": -17.67694706958864, "params": {"gamma": 172.5063761390322, "log10_alpha": -2.230818674260916, "log10_colsample_bytree": -0.275592603150973, "log10_eta": -3.3653723473882646, "log10_lambda": 0.49001935204488145, "log10_min_child_weight": 2.9493663484349053, "log10_subsample": -0.6747740896707277, "max_depth": 2.0, "num_boost_round": 39.0}, "datetime": {"datetime": "2024-01-19 00:41:30", "elapsed": 1775.355259, "delta": 0.002537}}
{"target": -17.676939013473028, "params": {"gamma": 172.5063761390322, "log10_alpha": -2.230818674260916, "log10_colsample_bytree": -0.275592603150973, "log10_eta": -3.3653723473882646, "log10_lambda": 0.49001935204488145, "log10_min_child_weight": 2.9493663484349053, "log10_subsample": -0.6747740896707277, "max_depth": 2.0, "num_boost_round": 40.0}, "datetime": {"datetime": "2024-01-19 00:41:30", "elapsed": 1775.357838, "delta": 0.002579}}
{"target": -17.676928437356477, "params": {"gamma": 172.5063761390322, "log10_alpha": -2.230818674260916, "log10_colsample_bytree": -0.275592603150973, "log10_eta": -3.3653723473882646, "log10_lambda": 0.49001935204488145, "log10_min_child_weight": 2.9493663484349053, "log10_subsample": -0.6747740896707277, "max_depth": 2.0, "num_boost_round": 41.0}, "datetime": {"datetime": "2024-01-19 00:41:30", "elapsed": 1775.360404, "delta": 0.002566}}
{"target": -17.676915940905793, "params": {"gamma": 172.5063761390322, "log10_alpha": -2.230818674260916, "log10_colsample_bytree": -0.275592603150973, "log10_eta": -3.3653723473882646, "log10_lambda": 0.49001935204488145, "log10_min_child_weight": 2.9493663484349053, "log10_subsample": -0.6747740896707277, "max_depth": 2.0, "num_boost_round": 42.0}, "datetime": {"datetime": "2024-01-19 00:41:30", "elapsed": 1775.362954, "delta": 0.00255}}
{"target": -17.67690677074723, "params": {"gamma": 172.5063761390322, "log10_alpha": -2.230818674260916, "log10_colsample_bytree": -0.275592603150973, "log10_eta": -3.3653723473882646, "log10_lambda": 0.49001935204488145, "log10_min_child_weight": 2.9493663484349053, "log10_subsample": -0.6747740896707277, "max_depth": 2.0, "num_boost_round": 43.0}, "datetime": {"datetime": "2024-01-19 00:41:30", "elapsed": 1775.366744, "delta": 0.00379}}
{"target": -17.676897388674277, "params": {"gamma": 172.5063761390322, "log10_alpha": -2.230818674260916, "log10_colsample_bytree": -0.275592603150973, "log10_eta": -3.3653723473882646, "log10_lambda": 0.49001935204488145, "log10_min_child_weight": 2.9493663484349053, "log10_subsample": -0.6747740896707277, "max_depth": 2.0, "num_boost_round": 44.0}, "datetime": {"datetime": "2024-01-19 00:41:30", "elapsed": 1775.3695, "delta": 0.002756}}
{"target": -17.676892701369933, "params": {"gamma": 172.5063761390322, "log10_alpha": -2.230818674260916, "log10_colsample_bytree": -0.275592603150973, "log10_eta": -3.3653723473882646, "log10_lambda": 0.49001935204488145, "log10_min_child_weight": 2.9493663484349053, "log10_subsample": -0.6747740896707277, "max_depth": 2.0, "num_boost_round": 45.0}, "datetime": {"datetime": "2024-01-19 00:41:30", "elapsed": 1775.372062, "delta": 0.002562}}
{"target": -17.676881325568925, "params": {"gamma": 172.5063761390322, "log10_alpha": -2.230818674260916, "log10_colsample_bytree": -0.275592603150973, "log10_eta": -3.3653723473882646, "log10_lambda": 0.49001935204488145, "log10_min_child_weight": 2.9493663484349053, "log10_subsample": -0.6747740896707277, "max_depth": 2.0, "num_boost_round": 46.0}, "datetime": {"datetime": "2024-01-19 00:41:30", "elapsed": 1775.374661, "delta": 0.002599}}
{"target": -17.676873540737894, "params": {"gamma": 172.5063761390322, "log10_alpha": -2.230818674260916, "log10_colsample_bytree": -0.275592603150973, "log10_eta": -3.3653723473882646, "log10_lambda": 0.49001935204488145, "log10_min_child_weight": 2.9493663484349053, "log10_subsample": -0.6747740896707277, "max_depth": 2.0, "num_boost_round": 47.0}, "datetime": {"datetime": "2024-01-19 00:41:30", "elapsed": 1775.377166, "delta": 0.002505}}
{"target": -17.67686664113414, "params": {"gamma": 172.5063761390322, "log10_alpha": -2.230818674260916, "log10_colsample_bytree": -0.275592603150973, "log10_eta": -3.3653723473882646, "log10_lambda": 0.49001935204488145, "log10_min_child_weight": 2.9493663484349053, "log10_subsample": -0.6747740896707277, "max_depth": 2.0, "num_boost_round": 48.0}, "datetime": {"datetime": "2024-01-19 00:41:30", "elapsed": 1775.37981, "delta": 0.002644}}
{"target": -17.676863079812094, "params": {"gamma": 172.5063761390322, "log10_alpha": -2.230818674260916, "log10_colsample_bytree": -0.275592603150973, "log10_eta": -3.3653723473882646, "log10_lambda": 0.49001935204488145, "log10_min_child_weight": 2.9493663484349053, "log10_subsample": -0.6747740896707277, "max_depth": 2.0, "num_boost_round": 49.0}, "datetime": {"datetime": "2024-01-19 00:41:30", "elapsed": 1775.382362, "delta": 0.002552}}
{"target": -17.677214695813152, "params": {"gamma": 175.6927863789085, "log10_alpha": -3.4226074217004463, "log10_colsample_bytree": -0.09358126339748751, "log10_eta": -3.2361924034418577, "log10_lambda": -3.3038441900734927, "log10_min_child_weight": 1.7015762612813328, "log10_subsample": -0.09480516081117962, "max_depth": 4.0, "num_boost_round": 0.0}, "datetime": {"datetime": "2024-01-19 00:42:13", "elapsed": 1818.467912, "delta": 43.08555}}
{"target": -17.677192702360884, "params": {"gamma": 175.6927863789085, "log10_alpha": -3.4226074217004463, "log10_colsample_bytree": -0.09358126339748751, "log10_eta": -3.2361924034418577, "log10_lambda": -3.3038441900734927, "log10_min_child_weight": 1.7015762612813328, "log10_subsample": -0.09480516081117962, "max_depth": 4.0, "num_boost_round": 1.0}, "datetime": {"datetime": "2024-01-19 00:42:13", "elapsed": 1818.471325, "delta": 0.003413}}
{"target": -17.677165393555697, "params": {"gamma": 175.6927863789085, "log10_alpha": -3.4226074217004463, "log10_colsample_bytree": -0.09358126339748751, "log10_eta": -3.2361924034418577, "log10_lambda": -3.3038441900734927, "log10_min_child_weight": 1.7015762612813328, "log10_subsample": -0.09480516081117962, "max_depth": 4.0, "num_boost_round": 2.0}, "datetime": {"datetime": "2024-01-19 00:42:13", "elapsed": 1818.474291, "delta": 0.002966}}
{"target": -17.677148124102633, "params": {"gamma": 175.6927863789085, "log10_alpha": -3.4226074217004463, "log10_colsample_bytree": -0.09358126339748751, "log10_eta": -3.2361924034418577, "log10_lambda": -3.3038441900734927, "log10_min_child_weight": 1.7015762612813328, "log10_subsample": -0.09480516081117962, "max_depth": 4.0, "num_boost_round": 3.0}, "datetime": {"datetime": "2024-01-19 00:42:13", "elapsed": 1818.476953, "delta": 0.002662}}
{"target": -17.677123250389396, "params": {"gamma": 175.6927863789085, "log10_alpha": -3.4226074217004463, "log10_colsample_bytree": -0.09358126339748751, "log10_eta": -3.2361924034418577, "log10_lambda": -3.3038441900734927, "log10_min_child_weight": 1.7015762612813328, "log10_subsample": -0.09480516081117962, "max_depth": 4.0, "num_boost_round": 4.0}, "datetime": {"datetime": "2024-01-19 00:42:13", "elapsed": 1818.479654, "delta": 0.002701}}
