{"target": -13.756692090118676, "params": {"gamma": 305.20499463877593, "log10_alpha": -1.7232508186680802, "log10_colsample_bytree": -0.6083697191305765, "log10_eta": -1.919942879786706, "log10_lambda": -0.47225253509273823, "log10_min_child_weight": 3.6542393704467098, "log10_subsample": -0.08363653003016891, "max_depth": 8.0, "num_boost_round": 11.0}, "datetime": {"datetime": "2024-01-19 02:12:26", "elapsed": 7198.829252, "delta": 0.005943}}
{"target": -13.756522462157877, "params": {"gamma": 305.20499463877593, "log10_alpha": -1.7232508186680802, "log10_colsample_bytree": -0.6083697191305765, "log10_eta": -1.919942879786706, "log10_lambda": -0.47225253509273823, "log10_min_child_weight": 3.6542393704467098, "log10_subsample": -0.08363653003016891, "max_depth": 8.0, "num_boost_round": 12.0}, "datetime": {"datetime": "2024-01-19 02:12:26", "elapsed": 7198.835241, "delta": 0.005989}}
{"target": -13.756578570147525, "params": {"gamma": 305.20499463877593, "log10_alpha": -1.7232508186680802, "log10_colsample_bytree": -0.6083697191305765, "log10_eta": -1.919942879786706, "log10_lambda": -0.47225253509273823, "log10_min_child_weight": 3.6542393704467098, "log10_subsample": -0.08363653003016891, "max_depth": 8.0, "num_boost_round": 13.0}, "datetime": {"datetime": "2024-01-19 02:12:26", "elapsed": 7198.84129, "delta": 0.006049}}
{"target": -13.756546317570306, "params": {"gamma": 305.20499463877593, "log10_alpha": -1.7232508186680802, "log10_colsample_bytree": -0.6083697191305765, "log10_eta": -1.919942879786706, "log10_lambda": -0.47225253509273823, "log10_min_child_weight": 3.6542393704467098, "log10_subsample": -0.08363653003016891, "max_depth": 8.0, "num_boost_round": 14.0}, "datetime": {"datetime": "2024-01-19 02:12:26", "elapsed": 7198.847621, "delta": 0.006331}}
{"target": -13.756421368895314, "params": {"gamma": 305.20499463877593, "log10_alpha": -1.7232508186680802, "log10_colsample_bytree": -0.6083697191305765, "log10_eta": -1.919942879786706, "log10_lambda": -0.47225253509273823, "log10_min_child_weight": 3.6542393704467098, "log10_subsample": -0.08363653003016891, "max_depth": 8.0, "num_boost_round": 15.0}, "datetime": {"datetime": "2024-01-19 02:12:26", "elapsed": 7198.853989, "delta": 0.006368}}
{"target": -13.75651796726643, "params": {"gamma": 305.20499463877593, "log10_alpha": -1.7232508186680802, "log10_colsample_bytree": -0.6083697191305765, "log10_eta": -1.919942879786706, "log10_lambda": -0.47225253509273823, "log10_min_child_weight": 3.6542393704467098, "log10_subsample": -0.08363653003016891, "max_depth": 8.0, "num_boost_round": 16.0}, "datetime": {"datetime": "2024-01-19 02:12:26", "elapsed": 7198.860344, "delta": 0.006355}}
{"target": -13.756810031057164, "params": {"gamma": 305.20499463877593, "log10_alpha": -1.7232508186680802, "log10_colsample_bytree": -0.6083697191305765, "log10_eta": -1.919942879786706, "log10_lambda": -0.47225253509273823, "log10_min_child_weight": 3.6542393704467098, "log10_subsample": -0.08363653003016891, "max_depth": 8.0, "num_boost_round": 17.0}, "datetime": {"datetime": "2024-01-19 02:12:26", "elapsed": 7198.866426, "delta": 0.006082}}
{"target": -13.756888263193044, "params": {"gamma": 305.20499463877593, "log10_alpha": -1.7232508186680802, "log10_colsample_bytree": -0.6083697191305765, "log10_eta": -1.919942879786706, "log10_lambda": -0.47225253509273823, "log10_min_child_weight": 3.6542393704467098, "log10_subsample": -0.08363653003016891, "max_depth": 8.0, "num_boost_round": 18.0}, "datetime": {"datetime": "2024-01-19 02:12:26", "elapsed": 7198.872422, "delta": 0.005996}}
{"target": -13.756782638635839, "params": {"gamma": 305.20499463877593, "log10_alpha": -1.7232508186680802, "log10_colsample_bytree": -0.6083697191305765, "log10_eta": -1.919942879786706, "log10_lambda": -0.47225253509273823, "log10_min_child_weight": 3.6542393704467098, "log10_subsample": -0.08363653003016891, "max_depth": 8.0, "num_boost_round": 19.0}, "datetime": {"datetime": "2024-01-19 02:12:26", "elapsed": 7198.878441, "delta": 0.006019}}
{"target": -13.756976640774903, "params": {"gamma": 305.20499463877593, "log10_alpha": -1.7232508186680802, "log10_colsample_bytree": -0.6083697191305765, "log10_eta": -1.919942879786706, "log10_lambda": -0.47225253509273823, "log10_min_child_weight": 3.6542393704467098, "log10_subsample": -0.08363653003016891, "max_depth": 8.0, "num_boost_round": 20.0}, "datetime": {"datetime": "2024-01-19 02:12:26", "elapsed": 7198.884481, "delta": 0.00604}}
{"target": -13.756994525666101, "params": {"gamma": 305.20499463877593, "log10_alpha": -1.7232508186680802, "log10_colsample_bytree": -0.6083697191305765, "log10_eta": -1.919942879786706, "log10_lambda": -0.47225253509273823, "log10_min_child_weight": 3.6542393704467098, "log10_subsample": -0.08363653003016891, "max_depth": 8.0, "num_boost_round": 21.0}, "datetime": {"datetime": "2024-01-19 02:12:26", "elapsed": 7198.891413, "delta": 0.006932}}
{"target": -13.757151267402431, "params": {"gamma": 305.20499463877593, "log10_alpha": -1.7232508186680802, "log10_colsample_bytree": -0.6083697191305765, "log10_eta": -1.919942879786706, "log10_lambda": -0.47225253509273823, "log10_min_child_weight": 3.6542393704467098, "log10_subsample": -0.08363653003016891, "max_depth": 8.0, "num_boost_round": 22.0}, "datetime": {"datetime": "2024-01-19 02:12:26", "elapsed": 7198.897681, "delta": 0.006268}}
{"target": -13.756919110188694, "params": {"gamma": 305.20499463877593, "log10_alpha": -1.7232508186680802, "log10_colsample_bytree": -0.6083697191305765, "log10_eta": -1.919942879786706, "log10_lambda": -0.47225253509273823, "log10_min_child_weight": 3.6542393704467098, "log10_subsample": -0.08363653003016891, "max_depth": 8.0, "num_boost_round": 23.0}, "datetime": {"datetime": "2024-01-19 02:12:26", "elapsed": 7198.903721, "delta": 0.00604}}
{"target": -13.757064253791444, "params": {"gamma": 305.20499463877593, "log10_alpha": -1.7232508186680802, "log10_colsample_bytree": -0.6083697191305765, "log10_eta": -1.919942879786706, "log10_lambda": -0.47225253509273823, "log10_min_child_weight": 3.6542393704467098, "log10_subsample": -0.08363653003016891, "max_depth": 8.0, "num_boost_round": 24.0}, "datetime": {"datetime": "2024-01-19 02:12:26", "elapsed": 7198.909971, "delta": 0.00625}}
{"target": -13.756727947136582, "params": {"gamma": 305.20499463877593, "log10_alpha": -1.7232508186680802, "log10_colsample_bytree": -0.6083697191305765, "log10_eta": -1.919942879786706, "log10_lambda": -0.47225253509273823, "log10_min_child_weight": 3.6542393704467098, "log10_subsample": -0.08363653003016891, "max_depth": 8.0, "num_boost_round": 25.0}, "datetime": {"datetime": "2024-01-19 02:12:26", "elapsed": 7198.916038, "delta": 0.006067}}
{"target": -13.75693182583265, "params": {"gamma": 305.20499463877593, "log10_alpha": -1.7232508186680802, "log10_colsample_bytree": -0.6083697191305765, "log10_eta": -1.919942879786706, "log10_lambda": -0.47225253509273823, "log10_min_child_weight": 3.6542393704467098, "log10_subsample": -0.08363653003016891, "max_depth": 8.0, "num_boost_round": 26.0}, "datetime": {"datetime": "2024-01-19 02:12:26", "elapsed": 7198.921996, "delta": 0.005958}}
{"target": -13.756680656932035, "params": {"gamma": 305.20499463877593, "log10_alpha": -1.7232508186680802, "log10_colsample_bytree": -0.6083697191305765, "log10_eta": -1.919942879786706, "log10_lambda": -0.47225253509273823, "log10_min_child_weight": 3.6542393704467098, "log10_subsample": -0.08363653003016891, "max_depth": 8.0, "num_boost_round": 27.0}, "datetime": {"datetime": "2024-01-19 02:12:26", "elapsed": 7198.927989, "delta": 0.005993}}
{"target": -13.756560650847245, "params": {"gamma": 305.20499463877593, "log10_alpha": -1.7232508186680802, "log10_colsample_bytree": -0.6083697191305765, "log10_eta": -1.919942879786706, "log10_lambda": -0.47225253509273823, "log10_min_child_weight": 3.6542393704467098, "log10_subsample": -0.08363653003016891, "max_depth": 8.0, "num_boost_round": 28.0}, "datetime": {"datetime": "2024-01-19 02:12:26", "elapsed": 7198.934226, "delta": 0.006237}}
{"target": -13.75638084626135, "params": {"gamma": 305.20499463877593, "log10_alpha": -1.7232508186680802, "log10_colsample_bytree": -0.6083697191305765, "log10_eta": -1.919942879786706, "log10_lambda": -0.47225253509273823, "log10_min_child_weight": 3.6542393704467098, "log10_subsample": -0.08363653003016891, "max_depth": 8.0, "num_boost_round": 29.0}, "datetime": {"datetime": "2024-01-19 02:12:26", "elapsed": 7198.94022, "delta": 0.005994}}
{"target": -13.75621166268865, "params": {"gamma": 305.20499463877593, "log10_alpha": -1.7232508186680802, "log10_colsample_bytree": -0.6083697191305765, "log10_eta": -1.919942879786706, "log10_lambda": -0.47225253509273823, "log10_min_child_weight": 3.6542393704467098, "log10_subsample": -0.08363653003016891, "max_depth": 8.0, "num_boost_round": 30.0}, "datetime": {"datetime": "2024-01-19 02:12:26", "elapsed": 7198.946258, "delta": 0.006038}}
{"target": -13.755942045818662, "params": {"gamma": 305.20499463877593, "log10_alpha": -1.7232508186680802, "log10_colsample_bytree": -0.6083697191305765, "log10_eta": -1.919942879786706, "log10_lambda": -0.47225253509273823, "log10_min_child_weight": 3.6542393704467098, "log10_subsample": -0.08363653003016891, "max_depth": 8.0, "num_boost_round": 31.0}, "datetime": {"datetime": "2024-01-19 02:12:26", "elapsed": 7198.952447, "delta": 0.006189}}
{"target": -13.758394512909256, "params": {"gamma": 306.971950643796, "log10_alpha": 0.025110685052456283, "log10_colsample_bytree": -0.17082076368831056, "log10_eta": -2.2814874647986163, "log10_lambda": -1.1071519855502734, "log10_min_child_weight": 2.4457843239699733, "log10_subsample": -0.6865206920300392, "max_depth": 3.0, "num_boost_round": 0.0}, "datetime": {"datetime": "2024-01-19 02:13:36", "elapsed": 7269.284519, "delta": 70.332072}}
{"target": -13.758353879500039, "params": {"gamma": 306.971950643796, "log10_alpha": 0.025110685052456283, "log10_colsample_bytree": -0.17082076368831056, "log10_eta": -2.2814874647986163, "log10_lambda": -1.1071519855502734, "log10_min_child_weight": 2.4457843239699733, "log10_subsample": -0.6865206920300392, "max_depth": 3.0, "num_boost_round": 1.0}, "datetime": {"datetime": "2024-01-19 02:13:36", "elapsed": 7269.293394, "delta": 0.008875}}
{"target": -13.758385638917755, "params": {"gamma": 306.971950643796, "log10_alpha": 0.025110685052456283, "log10_colsample_bytree": -0.17082076368831056, "log10_eta": -2.2814874647986163, "log10_lambda": -1.1071519855502734, "log10_min_child_weight": 2.4457843239699733, "log10_subsample": -0.6865206920300392, "max_depth": 3.0, "num_boost_round": 2.0}, "datetime": {"datetime": "2024-01-19 02:13:36", "elapsed": 7269.300113, "delta": 0.006719}}
{"target": -13.758338442380762, "params": {"gamma": 306.971950643796, "log10_alpha": 0.025110685052456283, "log10_colsample_bytree": -0.17082076368831056, "log10_eta": -2.2814874647986163, "log10_lambda": -1.1071519855502734, "log10_min_child_weight": 2.4457843239699733, "log10_subsample": -0.6865206920300392, "max_depth": 3.0, "num_boost_round": 3.0}, "datetime": {"datetime": "2024-01-19 02:13:36", "elapsed": 7269.306575, "delta": 0.006462}}
{"target": -13.758227422844017, "params": {"gamma": 306.971950643796, "log10_alpha": 0.025110685052456283, "log10_colsample_bytree": -0.17082076368831056, "log10_eta": -2.2814874647986163, "log10_lambda": -1.1071519855502734, "log10_min_child_weight": 2.4457843239699733, "log10_subsample": -0.6865206920300392, "max_depth": 3.0, "num_boost_round": 4.0}, "datetime": {"datetime": "2024-01-19 02:13:36", "elapsed": 7269.313036, "delta": 0.006461}}
{"target": -13.758186398300314, "params": {"gamma": 306.971950643796, "log10_alpha": 0.025110685052456283, "log10_colsample_bytree": -0.17082076368831056, "log10_eta": -2.2814874647986163, "log10_lambda": -1.1071519855502734, "log10_min_child_weight": 2.4457843239699733, "log10_subsample": -0.6865206920300392, "max_depth": 3.0, "num_boost_round": 5.0}, "datetime": {"datetime": "2024-01-19 02:13:36", "elapsed": 7269.319246, "delta": 0.00621}}
{"target": -13.758172751957947, "params": {"gamma": 306.971950643796, "log10_alpha": 0.025110685052456283, "log10_colsample_bytree": -0.17082076368831056, "log10_eta": -2.2814874647986163, "log10_lambda": -1.1071519855502734, "log10_min_child_weight": 2.4457843239699733, "log10_subsample": -0.6865206920300392, "max_depth": 3.0, "num_boost_round": 6.0}, "datetime": {"datetime": "2024-01-19 02:13:36", "elapsed": 7269.325561, "delta": 0.006315}}
{"target": -13.758125924924427, "params": {"gamma": 306.971950643796, "log10_alpha": 0.025110685052456283, "log10_colsample_bytree": -0.17082076368831056, "log10_eta": -2.2814874647986163, "log10_lambda": -1.1071519855502734, "log10_min_child_weight": 2.4457843239699733, "log10_subsample": -0.6865206920300392, "max_depth": 3.0, "num_boost_round": 7.0}, "datetime": {"datetime": "2024-01-19 02:13:36", "elapsed": 7269.332133, "delta": 0.006572}}
{"target": -13.758091757362399, "params": {"gamma": 306.971950643796, "log10_alpha": 0.025110685052456283, "log10_colsample_bytree": -0.17082076368831056, "log10_eta": -2.2814874647986163, "log10_lambda": -1.1071519855502734, "log10_min_child_weight": 2.4457843239699733, "log10_subsample": -0.6865206920300392, "max_depth": 3.0, "num_boost_round": 8.0}, "datetime": {"datetime": "2024-01-19 02:13:36", "elapsed": 7269.33851, "delta": 0.006377}}
{"target": -13.758033748031346, "params": {"gamma": 306.971950643796, "log10_alpha": 0.025110685052456283, "log10_colsample_bytree": -0.17082076368831056, "log10_eta": -2.2814874647986163, "log10_lambda": -1.1071519855502734, "log10_min_child_weight": 2.4457843239699733, "log10_subsample": -0.6865206920300392, "max_depth": 3.0, "num_boost_round": 9.0}, "datetime": {"datetime": "2024-01-19 02:13:36", "elapsed": 7269.344747, "delta": 0.006237}}
{"target": -13.757931709656292, "params": {"gamma": 306.971950643796, "log10_alpha": 0.025110685052456283, "log10_colsample_bytree": -0.17082076368831056, "log10_eta": -2.2814874647986163, "log10_lambda": -1.1071519855502734, "log10_min_child_weight": 2.4457843239699733, "log10_subsample": -0.6865206920300392, "max_depth": 3.0, "num_boost_round": 10.0}, "datetime": {"datetime": "2024-01-19 02:13:36", "elapsed": 7269.350903, "delta": 0.006156}}
{"target": -13.757917680735142, "params": {"gamma": 306.971950643796, "log10_alpha": 0.025110685052456283, "log10_colsample_bytree": -0.17082076368831056, "log10_eta": -2.2814874647986163, "log10_lambda": -1.1071519855502734, "log10_min_child_weight": 2.4457843239699733, "log10_subsample": -0.6865206920300392, "max_depth": 3.0, "num_boost_round": 11.0}, "datetime": {"datetime": "2024-01-19 02:13:36", "elapsed": 7269.357255, "delta": 0.006352}}
{"target": -13.75793901248373, "params": {"gamma": 306.971950643796, "log10_alpha": 0.025110685052456283, "log10_colsample_bytree": -0.17082076368831056, "log10_eta": -2.2814874647986163, "log10_lambda": -1.1071519855502734, "log10_min_child_weight": 2.4457843239699733, "log10_subsample": -0.6865206920300392, "max_depth": 3.0, "num_boost_round": 12.0}, "datetime": {"datetime": "2024-01-19 02:13:36", "elapsed": 7269.36349, "delta": 0.006235}}
{"target": -13.757989147163196, "params": {"gamma": 306.971950643796, "log10_alpha": 0.025110685052456283, "log10_colsample_bytree": -0.17082076368831056, "log10_eta": -2.2814874647986163, "log10_lambda": -1.1071519855502734, "log10_min_child_weight": 2.4457843239699733, "log10_subsample": -0.6865206920300392, "max_depth": 3.0, "num_boost_round": 13.0}, "datetime": {"datetime": "2024-01-19 02:13:36", "elapsed": 7269.369712, "delta": 0.006222}}
{"target": -13.758031592610342, "params": {"gamma": 306.971950643796, "log10_alpha": 0.025110685052456283, "log10_colsample_bytree": -0.17082076368831056, "log10_eta": -2.2814874647986163, "log10_lambda": -1.1071519855502734, "log10_min_child_weight": 2.4457843239699733, "log10_subsample": -0.6865206920300392, "max_depth": 3.0, "num_boost_round": 14.0}, "datetime": {"datetime": "2024-01-19 02:13:36", "elapsed": 7269.376187, "delta": 0.006475}}
{"target": -13.75804524802622, "params": {"gamma": 306.971950643796, "log10_alpha": 0.025110685052456283, "log10_colsample_bytree": -0.17082076368831056, "log10_eta": -2.2814874647986163, "log10_lambda": -1.1071519855502734, "log10_min_child_weight": 2.4457843239699733, "log10_subsample": -0.6865206920300392, "max_depth": 3.0, "num_boost_round": 15.0}, "datetime": {"datetime": "2024-01-19 02:13:36", "elapsed": 7269.50265, "delta": 0.126463}}
{"target": -13.75795338052632, "params": {"gamma": 306.971950643796, "log10_alpha": 0.025110685052456283, "log10_colsample_bytree": -0.17082076368831056, "log10_eta": -2.2814874647986163, "log10_lambda": -1.1071519855502734, "log10_min_child_weight": 2.4457843239699733, "log10_subsample": -0.6865206920300392, "max_depth": 3.0, "num_boost_round": 16.0}, "datetime": {"datetime": "2024-01-19 02:13:36", "elapsed": 7269.510139, "delta": 0.007489}}
{"target": -13.757945435347873, "params": {"gamma": 306.971950643796, "log10_alpha": 0.025110685052456283, "log10_colsample_bytree": -0.17082076368831056, "log10_eta": -2.2814874647986163, "log10_lambda": -1.1071519855502734, "log10_min_child_weight": 2.4457843239699733, "log10_subsample": -0.6865206920300392, "max_depth": 3.0, "num_boost_round": 17.0}, "datetime": {"datetime": "2024-01-19 02:13:36", "elapsed": 7269.516916, "delta": 0.006777}}
{"target": -13.757901574946253, "params": {"gamma": 306.971950643796, "log10_alpha": 0.025110685052456283, "log10_colsample_bytree": -0.17082076368831056, "log10_eta": -2.2814874647986163, "log10_lambda": -1.1071519855502734, "log10_min_child_weight": 2.4457843239699733, "log10_subsample": -0.6865206920300392, "max_depth": 3.0, "num_boost_round": 18.0}, "datetime": {"datetime": "2024-01-19 02:13:36", "elapsed": 7269.52325, "delta": 0.006334}}
{"target": -13.757800180660228, "params": {"gamma": 306.971950643796, "log10_alpha": 0.025110685052456283, "log10_colsample_bytree": -0.17082076368831056, "log10_eta": -2.2814874647986163, "log10_lambda": -1.1071519855502734, "log10_min_child_weight": 2.4457843239699733, "log10_subsample": -0.6865206920300392, "max_depth": 3.0, "num_boost_round": 19.0}, "datetime": {"datetime": "2024-01-19 02:13:36", "elapsed": 7269.52953, "delta": 0.00628}}
{"target": -13.757836892805281, "params": {"gamma": 306.971950643796, "log10_alpha": 0.025110685052456283, "log10_colsample_bytree": -0.17082076368831056, "log10_eta": -2.2814874647986163, "log10_lambda": -1.1071519855502734, "log10_min_child_weight": 2.4457843239699733, "log10_subsample": -0.6865206920300392, "max_depth": 3.0, "num_boost_round": 20.0}, "datetime": {"datetime": "2024-01-19 02:13:36", "elapsed": 7269.535795, "delta": 0.006265}}
{"target": -13.757833818589361, "params": {"gamma": 306.971950643796, "log10_alpha": 0.025110685052456283, "log10_colsample_bytree": -0.17082076368831056, "log10_eta": -2.2814874647986163, "log10_lambda": -1.1071519855502734, "log10_min_child_weight": 2.4457843239699733, "log10_subsample": -0.6865206920300392, "max_depth": 3.0, "num_boost_round": 21.0}, "datetime": {"datetime": "2024-01-19 02:13:36", "elapsed": 7269.542664, "delta": 0.006869}}
{"target": -13.757802761487753, "params": {"gamma": 306.971950643796, "log10_alpha": 0.025110685052456283, "log10_colsample_bytree": -0.17082076368831056, "log10_eta": -2.2814874647986163, "log10_lambda": -1.1071519855502734, "log10_min_child_weight": 2.4457843239699733, "log10_subsample": -0.6865206920300392, "max_depth": 3.0, "num_boost_round": 22.0}, "datetime": {"datetime": "2024-01-19 02:13:36", "elapsed": 7269.54995, "delta": 0.007286}}
{"target": -13.75777297819095, "params": {"gamma": 306.971950643796, "log10_alpha": 0.025110685052456283, "log10_colsample_bytree": -0.17082076368831056, "log10_eta": -2.2814874647986163, "log10_lambda": -1.1071519855502734, "log10_min_child_weight": 2.4457843239699733, "log10_subsample": -0.6865206920300392, "max_depth": 3.0, "num_boost_round": 23.0}, "datetime": {"datetime": "2024-01-19 02:13:36", "elapsed": 7269.5571, "delta": 0.00715}}
{"target": -13.757778328333274, "params": {"gamma": 306.971950643796, "log10_alpha": 0.025110685052456283, "log10_colsample_bytree": -0.17082076368831056, "log10_eta": -2.2814874647986163, "log10_lambda": -1.1071519855502734, "log10_min_child_weight": 2.4457843239699733, "log10_subsample": -0.6865206920300392, "max_depth": 3.0, "num_boost_round": 24.0}, "datetime": {"datetime": "2024-01-19 02:13:36", "elapsed": 7269.563994, "delta": 0.006894}}
{"target": -13.757778157606538, "params": {"gamma": 306.971950643796, "log10_alpha": 0.025110685052456283, "log10_colsample_bytree": -0.17082076368831056, "log10_eta": -2.2814874647986163, "log10_lambda": -1.1071519855502734, "log10_min_child_weight": 2.4457843239699733, "log10_subsample": -0.6865206920300392, "max_depth": 3.0, "num_boost_round": 25.0}, "datetime": {"datetime": "2024-01-19 02:13:36", "elapsed": 7269.571329, "delta": 0.007335}}
{"target": -13.75765463812193, "params": {"gamma": 306.971950643796, "log10_alpha": 0.025110685052456283, "log10_colsample_bytree": -0.17082076368831056, "log10_eta": -2.2814874647986163, "log10_lambda": -1.1071519855502734, "log10_min_child_weight": 2.4457843239699733, "log10_subsample": -0.6865206920300392, "max_depth": 3.0, "num_boost_round": 26.0}, "datetime": {"datetime": "2024-01-19 02:13:37", "elapsed": 7269.578759, "delta": 0.00743}}
{"target": -13.757748890190303, "params": {"gamma": 306.971950643796, "log10_alpha": 0.025110685052456283, "log10_colsample_bytree": -0.17082076368831056, "log10_eta": -2.2814874647986163, "log10_lambda": -1.1071519855502734, "log10_min_child_weight": 2.4457843239699733, "log10_subsample": -0.6865206920300392, "max_depth": 3.0, "num_boost_round": 27.0}, "datetime": {"datetime": "2024-01-19 02:13:37", "elapsed": 7269.585753, "delta": 0.006994}}
