{"target": -17.677167516053448, "params": {"gamma": 433.1363666356211, "log10_alpha": -4.8570429090685785, "log10_colsample_bytree": -0.2503649226047302, "log10_eta": -3.1307721487290636, "log10_lambda": 0.6008078580989658, "log10_min_child_weight": 3.250117526567619, "log10_subsample": -0.44382660226365345, "max_depth": 8.0, "num_boost_round": 1.0}, "datetime": {"datetime": "2024-01-19 01:36:51", "elapsed": 5116.151912, "delta": 0.004369}}
{"target": -17.677167163483674, "params": {"gamma": 433.1363666356211, "log10_alpha": -4.8570429090685785, "log10_colsample_bytree": -0.2503649226047302, "log10_eta": -3.1307721487290636, "log10_lambda": 0.6008078580989658, "log10_min_child_weight": 3.250117526567619, "log10_subsample": -0.44382660226365345, "max_depth": 8.0, "num_boost_round": 2.0}, "datetime": {"datetime": "2024-01-19 01:36:51", "elapsed": 5116.155628, "delta": 0.003716}}
{"target": -17.677162205896895, "params": {"gamma": 433.1363666356211, "log10_alpha": -4.8570429090685785, "log10_colsample_bytree": -0.2503649226047302, "log10_eta": -3.1307721487290636, "log10_lambda": 0.6008078580989658, "log10_min_child_weight": 3.250117526567619, "log10_subsample": -0.44382660226365345, "max_depth": 8.0, "num_boost_round": 3.0}, "datetime": {"datetime": "2024-01-19 01:36:51", "elapsed": 5116.160788, "delta": 0.00516}}
{"target": -17.677177291104094, "params": {"gamma": 433.1363666356211, "log10_alpha": -4.8570429090685785, "log10_colsample_bytree": -0.2503649226047302, "log10_eta": -3.1307721487290636, "log10_lambda": 0.6008078580989658, "log10_min_child_weight": 3.250117526567619, "log10_subsample": -0.44382660226365345, "max_depth": 8.0, "num_boost_round": 4.0}, "datetime": {"datetime": "2024-01-19 01:36:51", "elapsed": 5116.164467, "delta": 0.003679}}
{"target": -17.677185980686183, "params": {"gamma": 433.1363666356211, "log10_alpha": -4.8570429090685785, "log10_colsample_bytree": -0.2503649226047302, "log10_eta": -3.1307721487290636, "log10_lambda": 0.6008078580989658, "log10_min_child_weight": 3.250117526567619, "log10_subsample": -0.44382660226365345, "max_depth": 8.0, "num_boost_round": 5.0}, "datetime": {"datetime": "2024-01-19 01:36:51", "elapsed": 5116.168041, "delta": 0.003574}}
{"target": -17.677148996955452, "params": {"gamma": 433.1363666356211, "log10_alpha": -4.8570429090685785, "log10_colsample_bytree": -0.2503649226047302, "log10_eta": -3.1307721487290636, "log10_lambda": 0.6008078580989658, "log10_min_child_weight": 3.250117526567619, "log10_subsample": -0.44382660226365345, "max_depth": 8.0, "num_boost_round": 6.0}, "datetime": {"datetime": "2024-01-19 01:36:51", "elapsed": 5116.171824, "delta": 0.003783}}
{"target": -17.67714343142408, "params": {"gamma": 433.1363666356211, "log10_alpha": -4.8570429090685785, "log10_colsample_bytree": -0.2503649226047302, "log10_eta": -3.1307721487290636, "log10_lambda": 0.6008078580989658, "log10_min_child_weight": 3.250117526567619, "log10_subsample": -0.44382660226365345, "max_depth": 8.0, "num_boost_round": 7.0}, "datetime": {"datetime": "2024-01-19 01:36:51", "elapsed": 5116.175525, "delta": 0.003701}}
{"target": -17.677137375618102, "params": {"gamma": 433.1363666356211, "log10_alpha": -4.8570429090685785, "log10_colsample_bytree": -0.2503649226047302, "log10_eta": -3.1307721487290636, "log10_lambda": 0.6008078580989658, "log10_min_child_weight": 3.250117526567619, "log10_subsample": -0.44382660226365345, "max_depth": 8.0, "num_boost_round": 8.0}, "datetime": {"datetime": "2024-01-19 01:36:51", "elapsed": 5116.179216, "delta": 0.003691}}
{"target": -17.6771459849774, "params": {"gamma": 433.1363666356211, "log10_alpha": -4.8570429090685785, "log10_colsample_bytree": -0.2503649226047302, "log10_eta": -3.1307721487290636, "log10_lambda": 0.6008078580989658, "log10_min_child_weight": 3.250117526567619, "log10_subsample": -0.44382660226365345, "max_depth": 8.0, "num_boost_round": 9.0}, "datetime": {"datetime": "2024-01-19 01:36:51", "elapsed": 5116.182914, "delta": 0.003698}}
{"target": -17.67715441067137, "params": {"gamma": 433.1363666356211, "log10_alpha": -4.8570429090685785, "log10_colsample_bytree": -0.2503649226047302, "log10_eta": -3.1307721487290636, "log10_lambda": 0.6008078580989658, "log10_min_child_weight": 3.250117526567619, "log10_subsample": -0.44382660226365345, "max_depth": 8.0, "num_boost_round": 10.0}, "datetime": {"datetime": "2024-01-19 01:36:51", "elapsed": 5116.186448, "delta": 0.003534}}
{"target": -17.67712044097869, "params": {"gamma": 433.1363666356211, "log10_alpha": -4.8570429090685785, "log10_colsample_bytree": -0.2503649226047302, "log10_eta": -3.1307721487290636, "log10_lambda": 0.6008078580989658, "log10_min_child_weight": 3.250117526567619, "log10_subsample": -0.44382660226365345, "max_depth": 8.0, "num_boost_round": 11.0}, "datetime": {"datetime": "2024-01-19 01:36:51", "elapsed": 5116.190029, "delta": 0.003581}}
{"target": -17.67713664803991, "params": {"gamma": 433.1363666356211, "log10_alpha": -4.8570429090685785, "log10_colsample_bytree": -0.2503649226047302, "log10_eta": -3.1307721487290636, "log10_lambda": 0.6008078580989658, "log10_min_child_weight": 3.250117526567619, "log10_subsample": -0.44382660226365345, "max_depth": 8.0, "num_boost_round": 12.0}, "datetime": {"datetime": "2024-01-19 01:36:51", "elapsed": 5116.193636, "delta": 0.003607}}
{"target": -17.677106439212032, "params": {"gamma": 433.1363666356211, "log10_alpha": -4.8570429090685785, "log10_colsample_bytree": -0.2503649226047302, "log10_eta": -3.1307721487290636, "log10_lambda": 0.6008078580989658, "log10_min_child_weight": 3.250117526567619, "log10_subsample": -0.44382660226365345, "max_depth": 8.0, "num_boost_round": 13.0}, "datetime": {"datetime": "2024-01-19 01:36:51", "elapsed": 5116.197241, "delta": 0.003605}}
{"target": -17.677123730804215, "params": {"gamma": 433.1363666356211, "log10_alpha": -4.8570429090685785, "log10_colsample_bytree": -0.2503649226047302, "log10_eta": -3.1307721487290636, "log10_lambda": 0.6008078580989658, "log10_min_child_weight": 3.250117526567619, "log10_subsample": -0.44382660226365345, "max_depth": 8.0, "num_boost_round": 14.0}, "datetime": {"datetime": "2024-01-19 01:36:51", "elapsed": 5116.200774, "delta": 0.003533}}
{"target": -17.677098906452233, "params": {"gamma": 433.1363666356211, "log10_alpha": -4.8570429090685785, "log10_colsample_bytree": -0.2503649226047302, "log10_eta": -3.1307721487290636, "log10_lambda": 0.6008078580989658, "log10_min_child_weight": 3.250117526567619, "log10_subsample": -0.44382660226365345, "max_depth": 8.0, "num_boost_round": 15.0}, "datetime": {"datetime": "2024-01-19 01:36:51", "elapsed": 5116.204319, "delta": 0.003545}}
{"target": -17.67707572274092, "params": {"gamma": 433.1363666356211, "log10_alpha": -4.8570429090685785, "log10_colsample_bytree": -0.2503649226047302, "log10_eta": -3.1307721487290636, "log10_lambda": 0.6008078580989658, "log10_min_child_weight": 3.250117526567619, "log10_subsample": -0.44382660226365345, "max_depth": 8.0, "num_boost_round": 16.0}, "datetime": {"datetime": "2024-01-19 01:36:51", "elapsed": 5116.20784, "delta": 0.003521}}
{"target": -17.67708869857877, "params": {"gamma": 433.1363666356211, "log10_alpha": -4.8570429090685785, "log10_colsample_bytree": -0.2503649226047302, "log10_eta": -3.1307721487290636, "log10_lambda": 0.6008078580989658, "log10_min_child_weight": 3.250117526567619, "log10_subsample": -0.44382660226365345, "max_depth": 8.0, "num_boost_round": 17.0}, "datetime": {"datetime": "2024-01-19 01:36:51", "elapsed": 5116.211534, "delta": 0.003694}}
{"target": -17.677084621488213, "params": {"gamma": 433.1363666356211, "log10_alpha": -4.8570429090685785, "log10_colsample_bytree": -0.2503649226047302, "log10_eta": -3.1307721487290636, "log10_lambda": 0.6008078580989658, "log10_min_child_weight": 3.250117526567619, "log10_subsample": -0.44382660226365345, "max_depth": 8.0, "num_boost_round": 18.0}, "datetime": {"datetime": "2024-01-19 01:36:51", "elapsed": 5116.215533, "delta": 0.003999}}
{"target": -17.67705614223569, "params": {"gamma": 433.1363666356211, "log10_alpha": -4.8570429090685785, "log10_colsample_bytree": -0.2503649226047302, "log10_eta": -3.1307721487290636, "log10_lambda": 0.6008078580989658, "log10_min_child_weight": 3.250117526567619, "log10_subsample": -0.44382660226365345, "max_depth": 8.0, "num_boost_round": 19.0}, "datetime": {"datetime": "2024-01-19 01:36:51", "elapsed": 5116.219267, "delta": 0.003734}}
{"target": -17.677036084385566, "params": {"gamma": 433.1363666356211, "log10_alpha": -4.8570429090685785, "log10_colsample_bytree": -0.2503649226047302, "log10_eta": -3.1307721487290636, "log10_lambda": 0.6008078580989658, "log10_min_child_weight": 3.250117526567619, "log10_subsample": -0.44382660226365345, "max_depth": 8.0, "num_boost_round": 20.0}, "datetime": {"datetime": "2024-01-19 01:36:51", "elapsed": 5116.222864, "delta": 0.003597}}
{"target": -17.67699181549618, "params": {"gamma": 433.1363666356211, "log10_alpha": -4.8570429090685785, "log10_colsample_bytree": -0.2503649226047302, "log10_eta": -3.1307721487290636, "log10_lambda": 0.6008078580989658, "log10_min_child_weight": 3.250117526567619, "log10_subsample": -0.44382660226365345, "max_depth": 8.0, "num_boost_round": 21.0}, "datetime": {"datetime": "2024-01-19 01:36:51", "elapsed": 5116.226422, "delta": 0.003558}}
{"target": -17.6772167227968, "params": {"gamma": 427.01461311193435, "log10_alpha": -3.0972503441473425, "log10_colsample_bytree": -0.17764139841234206, "log10_eta": -3.3217616825774057, "log10_lambda": -3.0115409551033494, "log10_min_child_weight": 2.2014223568914275, "log10_subsample": -0.5309124287363294, "max_depth": 7.0, "num_boost_round": 0.0}, "datetime": {"datetime": "2024-01-19 01:37:52", "elapsed": 5177.412225, "delta": 61.185803}}
{"target": -17.677199161637652, "params": {"gamma": 427.01461311193435, "log10_alpha": -3.0972503441473425, "log10_colsample_bytree": -0.17764139841234206, "log10_eta": -3.3217616825774057, "log10_lambda": -3.0115409551033494, "log10_min_child_weight": 2.2014223568914275, "log10_subsample": -0.5309124287363294, "max_depth": 7.0, "num_boost_round": 1.0}, "datetime": {"datetime": "2024-01-19 01:37:52", "elapsed": 5177.416738, "delta": 0.004513}}
{"target": -17.677189144666688, "params": {"gamma": 427.01461311193435, "log10_alpha": -3.0972503441473425, "log10_colsample_bytree": -0.17764139841234206, "log10_eta": -3.3217616825774057, "log10_lambda": -3.0115409551033494, "log10_min_child_weight": 2.2014223568914275, "log10_subsample": -0.5309124287363294, "max_depth": 7.0, "num_boost_round": 2.0}, "datetime": {"datetime": "2024-01-19 01:37:52", "elapsed": 5177.420332, "delta": 0.003594}}
{"target": -17.67716749240103, "params": {"gamma": 427.01461311193435, "log10_alpha": -3.0972503441473425, "log10_colsample_bytree": -0.17764139841234206, "log10_eta": -3.3217616825774057, "log10_lambda": -3.0115409551033494, "log10_min_child_weight": 2.2014223568914275, "log10_subsample": -0.5309124287363294, "max_depth": 7.0, "num_boost_round": 3.0}, "datetime": {"datetime": "2024-01-19 01:37:52", "elapsed": 5177.423872, "delta": 0.00354}}
{"target": -17.677170400949347, "params": {"gamma": 427.01461311193435, "log10_alpha": -3.0972503441473425, "log10_colsample_bytree": -0.17764139841234206, "log10_eta": -3.3217616825774057, "log10_lambda": -3.0115409551033494, "log10_min_child_weight": 2.2014223568914275, "log10_subsample": -0.5309124287363294, "max_depth": 7.0, "num_boost_round": 4.0}, "datetime": {"datetime": "2024-01-19 01:37:52", "elapsed": 5177.427402, "delta": 0.00353}}
{"target": -17.67713033792141, "params": {"gamma": 427.01461311193435, "log10_alpha": -3.0972503441473425, "log10_colsample_bytree": -0.17764139841234206, "log10_eta": -3.3217616825774057, "log10_lambda": -3.0115409551033494, "log10_min_child_weight": 2.2014223568914275, "log10_subsample": -0.5309124287363294, "max_depth": 7.0, "num_boost_round": 5.0}, "datetime": {"datetime": "2024-01-19 01:37:52", "elapsed": 5177.430977, "delta": 0.003575}}
{"target": -17.677132213237474, "params": {"gamma": 427.01461311193435, "log10_alpha": -3.0972503441473425, "log10_colsample_bytree": -0.17764139841234206, "log10_eta": -3.3217616825774057, "log10_lambda": -3.0115409551033494, "log10_min_child_weight": 2.2014223568914275, "log10_subsample": -0.5309124287363294, "max_depth": 7.0, "num_boost_round": 6.0}, "datetime": {"datetime": "2024-01-19 01:37:52", "elapsed": 5177.434681, "delta": 0.003704}}
{"target": -17.677088917746367, "params": {"gamma": 427.01461311193435, "log10_alpha": -3.0972503441473425, "log10_colsample_bytree": -0.17764139841234206, "log10_eta": -3.3217616825774057, "log10_lambda": -3.0115409551033494, "log10_min_child_weight": 2.2014223568914275, "log10_subsample": -0.5309124287363294, "max_depth": 7.0, "num_boost_round": 7.0}, "datetime": {"datetime": "2024-01-19 01:37:52", "elapsed": 5177.438201, "delta": 0.00352}}
{"target": -17.677073379021834, "params": {"gamma": 427.01461311193435, "log10_alpha": -3.0972503441473425, "log10_colsample_bytree": -0.17764139841234206, "log10_eta": -3.3217616825774057, "log10_lambda": -3.0115409551033494, "log10_min_child_weight": 2.2014223568914275, "log10_subsample": -0.5309124287363294, "max_depth": 7.0, "num_boost_round": 8.0}, "datetime": {"datetime": "2024-01-19 01:37:52", "elapsed": 5177.441756, "delta": 0.003555}}
{"target": -17.677063041486264, "params": {"gamma": 427.01461311193435, "log10_alpha": -3.0972503441473425, "log10_colsample_bytree": -0.17764139841234206, "log10_eta": -3.3217616825774057, "log10_lambda": -3.0115409551033494, "log10_min_child_weight": 2.2014223568914275, "log10_subsample": -0.5309124287363294, "max_depth": 7.0, "num_boost_round": 9.0}, "datetime": {"datetime": "2024-01-19 01:37:52", "elapsed": 5177.445256, "delta": 0.0035}}
{"target": -17.677042810816133, "params": {"gamma": 427.01461311193435, "log10_alpha": -3.0972503441473425, "log10_colsample_bytree": -0.17764139841234206, "log10_eta": -3.3217616825774057, "log10_lambda": -3.0115409551033494, "log10_min_child_weight": 2.2014223568914275, "log10_subsample": -0.5309124287363294, "max_depth": 7.0, "num_boost_round": 10.0}, "datetime": {"datetime": "2024-01-19 01:37:52", "elapsed": 5177.448873, "delta": 0.003617}}
{"target": -17.677024515742588, "params": {"gamma": 427.01461311193435, "log10_alpha": -3.0972503441473425, "log10_colsample_bytree": -0.17764139841234206, "log10_eta": -3.3217616825774057, "log10_lambda": -3.0115409551033494, "log10_min_child_weight": 2.2014223568914275, "log10_subsample": -0.5309124287363294, "max_depth": 7.0, "num_boost_round": 11.0}, "datetime": {"datetime": "2024-01-19 01:37:52", "elapsed": 5177.453088, "delta": 0.004215}}
{"target": -17.676999599578217, "params": {"gamma": 427.01461311193435, "log10_alpha": -3.0972503441473425, "log10_colsample_bytree": -0.17764139841234206, "log10_eta": -3.3217616825774057, "log10_lambda": -3.0115409551033494, "log10_min_child_weight": 2.2014223568914275, "log10_subsample": -0.5309124287363294, "max_depth": 7.0, "num_boost_round": 12.0}, "datetime": {"datetime": "2024-01-19 01:37:52", "elapsed": 5177.45721, "delta": 0.004122}}
{"target": -17.676975839522683, "params": {"gamma": 427.01461311193435, "log10_alpha": -3.0972503441473425, "log10_colsample_bytree": -0.17764139841234206, "log10_eta": -3.3217616825774057, "log10_lambda": -3.0115409551033494, "log10_min_child_weight": 2.2014223568914275, "log10_subsample": -0.5309124287363294, "max_depth": 7.0, "num_boost_round": 13.0}, "datetime": {"datetime": "2024-01-19 01:37:52", "elapsed": 5177.461087, "delta": 0.003877}}
{"target": -17.676972654173614, "params": {"gamma": 427.01461311193435, "log10_alpha": -3.0972503441473425, "log10_colsample_bytree": -0.17764139841234206, "log10_eta": -3.3217616825774057, "log10_lambda": -3.0115409551033494, "log10_min_child_weight": 2.2014223568914275, "log10_subsample": -0.5309124287363294, "max_depth": 7.0, "num_boost_round": 14.0}, "datetime": {"datetime": "2024-01-19 01:37:52", "elapsed": 5177.464694, "delta": 0.003607}}
{"target": -17.676989474565882, "params": {"gamma": 427.01461311193435, "log10_alpha": -3.0972503441473425, "log10_colsample_bytree": -0.17764139841234206, "log10_eta": -3.3217616825774057, "log10_lambda": -3.0115409551033494, "log10_min_child_weight": 2.2014223568914275, "log10_subsample": -0.5309124287363294, "max_depth": 7.0, "num_boost_round": 15.0}, "datetime": {"datetime": "2024-01-19 01:37:52", "elapsed": 5177.468232, "delta": 0.003538}}
{"target": -17.679582668202197, "params": {"gamma": 462.19926614706463, "log10_alpha": -4.820737466453701, "log10_colsample_bytree": -0.2297699363817538, "log10_eta": -0.8326870964818993, "log10_lambda": -1.6350421811939322, "log10_min_child_weight": 2.4058254533760453, "log10_subsample": -0.7053597422959471, "max_depth": 6.0, "num_boost_round": 0.0}, "datetime": {"datetime": "2024-01-19 01:38:53", "elapsed": 5237.9229, "delta": 60.454668}}
{"target": -17.688021562179856, "params": {"gamma": 462.19926614706463, "log10_alpha": -4.820737466453701, "log10_colsample_bytree": -0.2297699363817538, "log10_eta": -0.8326870964818993, "log10_lambda": -1.6350421811939322, "log10_min_child_weight": 2.4058254533760453, "log10_subsample": -0.7053597422959471, "max_depth": 6.0, "num_boost_round": 1.0}, "datetime": {"datetime": "2024-01-19 01:38:53", "elapsed": 5237.927073, "delta": 0.004173}}
{"target": -17.68916574077501, "params": {"gamma": 462.19926614706463, "log10_alpha": -4.820737466453701, "log10_colsample_bytree": -0.2297699363817538, "log10_eta": -0.8326870964818993, "log10_lambda": -1.6350421811939322, "log10_min_child_weight": 2.4058254533760453, "log10_subsample": -0.7053597422959471, "max_depth": 6.0, "num_boost_round": 2.0}, "datetime": {"datetime": "2024-01-19 01:38:53", "elapsed": 5237.930749, "delta": 0.003676}}
{"target": -17.710064896394286, "params": {"gamma": 462.19926614706463, "log10_alpha": -4.820737466453701, "log10_colsample_bytree": -0.2297699363817538, "log10_eta": -0.8326870964818993, "log10_lambda": -1.6350421811939322, "log10_min_child_weight": 2.4058254533760453, "log10_subsample": -0.7053597422959471, "max_depth": 6.0, "num_boost_round": 3.0}, "datetime": {"datetime": "2024-01-19 01:38:53", "elapsed": 5237.934527, "delta": 0.003778}}
{"target": -17.71177617110937, "params": {"gamma": 462.19926614706463, "log10_alpha": -4.820737466453701, "log10_colsample_bytree": -0.2297699363817538, "log10_eta": -0.8326870964818993, "log10_lambda": -1.6350421811939322, "log10_min_child_weight": 2.4058254533760453, "log10_subsample": -0.7053597422959471, "max_depth": 6.0, "num_boost_round": 4.0}, "datetime": {"datetime": "2024-01-19 01:38:53", "elapsed": 5237.93804, "delta": 0.003513}}
{"target": -17.72324904820968, "params": {"gamma": 462.19926614706463, "log10_alpha": -4.820737466453701, "log10_colsample_bytree": -0.2297699363817538, "log10_eta": -0.8326870964818993, "log10_lambda": -1.6350421811939322, "log10_min_child_weight": 2.4058254533760453, "log10_subsample": -0.7053597422959471, "max_depth": 6.0, "num_boost_round": 5.0}, "datetime": {"datetime": "2024-01-19 01:38:53", "elapsed": 5237.941598, "delta": 0.003558}}
{"target": -17.732474245390467, "params": {"gamma": 462.19926614706463, "log10_alpha": -4.820737466453701, "log10_colsample_bytree": -0.2297699363817538, "log10_eta": -0.8326870964818993, "log10_lambda": -1.6350421811939322, "log10_min_child_weight": 2.4058254533760453, "log10_subsample": -0.7053597422959471, "max_depth": 6.0, "num_boost_round": 6.0}, "datetime": {"datetime": "2024-01-19 01:38:53", "elapsed": 5237.945128, "delta": 0.00353}}
{"target": -17.742657625651475, "params": {"gamma": 462.19926614706463, "log10_alpha": -4.820737466453701, "log10_colsample_bytree": -0.2297699363817538, "log10_eta": -0.8326870964818993, "log10_lambda": -1.6350421811939322, "log10_min_child_weight": 2.4058254533760453, "log10_subsample": -0.7053597422959471, "max_depth": 6.0, "num_boost_round": 7.0}, "datetime": {"datetime": "2024-01-19 01:38:53", "elapsed": 5237.94867, "delta": 0.003542}}
{"target": -17.747103306351157, "params": {"gamma": 462.19926614706463, "log10_alpha": -4.820737466453701, "log10_colsample_bytree": -0.2297699363817538, "log10_eta": -0.8326870964818993, "log10_lambda": -1.6350421811939322, "log10_min_child_weight": 2.4058254533760453, "log10_subsample": -0.7053597422959471, "max_depth": 6.0, "num_boost_round": 8.0}, "datetime": {"datetime": "2024-01-19 01:38:53", "elapsed": 5237.952474, "delta": 0.003804}}
{"target": -17.752900265983055, "params": {"gamma": 462.19926614706463, "log10_alpha": -4.820737466453701, "log10_colsample_bytree": -0.2297699363817538, "log10_eta": -0.8326870964818993, "log10_lambda": -1.6350421811939322, "log10_min_child_weight": 2.4058254533760453, "log10_subsample": -0.7053597422959471, "max_depth": 6.0, "num_boost_round": 9.0}, "datetime": {"datetime": "2024-01-19 01:38:53", "elapsed": 5237.956477, "delta": 0.004003}}
{"target": -17.76203554152599, "params": {"gamma": 462.19926614706463, "log10_alpha": -4.820737466453701, "log10_colsample_bytree": -0.2297699363817538, "log10_eta": -0.8326870964818993, "log10_lambda": -1.6350421811939322, "log10_min_child_weight": 2.4058254533760453, "log10_subsample": -0.7053597422959471, "max_depth": 6.0, "num_boost_round": 10.0}, "datetime": {"datetime": "2024-01-19 01:38:53", "elapsed": 5237.961001, "delta": 0.004524}}
{"target": -17.76368780280218, "params": {"gamma": 462.19926614706463, "log10_alpha": -4.820737466453701, "log10_colsample_bytree": -0.2297699363817538, "log10_eta": -0.8326870964818993, "log10_lambda": -1.6350421811939322, "log10_min_child_weight": 2.4058254533760453, "log10_subsample": -0.7053597422959471, "max_depth": 6.0, "num_boost_round": 11.0}, "datetime": {"datetime": "2024-01-19 01:38:53", "elapsed": 5237.964781, "delta": 0.00378}}
