{"target": -17.67700548203682, "params": {"gamma": 418.2242693215098, "log10_alpha": -0.09092047957481686, "log10_colsample_bytree": -0.2027541502148713, "log10_eta": -2.3795538930127282, "log10_lambda": 0.33704132646125906, "log10_min_child_weight": 0.8631593992104597, "log10_subsample": -0.6926415661397787, "max_depth": 2.0, "num_boost_round": 1.0}, "datetime": {"datetime": "2024-01-19 02:01:36", "elapsed": 6589.206587, "delta": 0.007234}}
{"target": -17.67688900963079, "params": {"gamma": 418.2242693215098, "log10_alpha": -0.09092047957481686, "log10_colsample_bytree": -0.2027541502148713, "log10_eta": -2.3795538930127282, "log10_lambda": 0.33704132646125906, "log10_min_child_weight": 0.8631593992104597, "log10_subsample": -0.6926415661397787, "max_depth": 2.0, "num_boost_round": 2.0}, "datetime": {"datetime": "2024-01-19 02:01:36", "elapsed": 6589.213718, "delta": 0.007131}}
{"target": -17.67681751995756, "params": {"gamma": 418.2242693215098, "log10_alpha": -0.09092047957481686, "log10_colsample_bytree": -0.2027541502148713, "log10_eta": -2.3795538930127282, "log10_lambda": 0.33704132646125906, "log10_min_child_weight": 0.8631593992104597, "log10_subsample": -0.6926415661397787, "max_depth": 2.0, "num_boost_round": 3.0}, "datetime": {"datetime": "2024-01-19 02:01:36", "elapsed": 6589.220545, "delta": 0.006827}}
{"target": -17.676736506777306, "params": {"gamma": 418.2242693215098, "log10_alpha": -0.09092047957481686, "log10_colsample_bytree": -0.2027541502148713, "log10_eta": -2.3795538930127282, "log10_lambda": 0.33704132646125906, "log10_min_child_weight": 0.8631593992104597, "log10_subsample": -0.6926415661397787, "max_depth": 2.0, "num_boost_round": 4.0}, "datetime": {"datetime": "2024-01-19 02:01:36", "elapsed": 6589.226987, "delta": 0.006442}}
{"target": -17.676672875238577, "params": {"gamma": 418.2242693215098, "log10_alpha": -0.09092047957481686, "log10_colsample_bytree": -0.2027541502148713, "log10_eta": -2.3795538930127282, "log10_lambda": 0.33704132646125906, "log10_min_child_weight": 0.8631593992104597, "log10_subsample": -0.6926415661397787, "max_depth": 2.0, "num_boost_round": 5.0}, "datetime": {"datetime": "2024-01-19 02:01:36", "elapsed": 6589.233663, "delta": 0.006676}}
{"target": -17.676526369192803, "params": {"gamma": 418.2242693215098, "log10_alpha": -0.09092047957481686, "log10_colsample_bytree": -0.2027541502148713, "log10_eta": -2.3795538930127282, "log10_lambda": 0.33704132646125906, "log10_min_child_weight": 0.8631593992104597, "log10_subsample": -0.6926415661397787, "max_depth": 2.0, "num_boost_round": 6.0}, "datetime": {"datetime": "2024-01-19 02:01:36", "elapsed": 6589.240376, "delta": 0.006713}}
{"target": -17.67641902436443, "params": {"gamma": 418.2242693215098, "log10_alpha": -0.09092047957481686, "log10_colsample_bytree": -0.2027541502148713, "log10_eta": -2.3795538930127282, "log10_lambda": 0.33704132646125906, "log10_min_child_weight": 0.8631593992104597, "log10_subsample": -0.6926415661397787, "max_depth": 2.0, "num_boost_round": 7.0}, "datetime": {"datetime": "2024-01-19 02:01:36", "elapsed": 6589.247007, "delta": 0.006631}}
{"target": -17.676316842876023, "params": {"gamma": 418.2242693215098, "log10_alpha": -0.09092047957481686, "log10_colsample_bytree": -0.2027541502148713, "log10_eta": -2.3795538930127282, "log10_lambda": 0.33704132646125906, "log10_min_child_weight": 0.8631593992104597, "log10_subsample": -0.6926415661397787, "max_depth": 2.0, "num_boost_round": 8.0}, "datetime": {"datetime": "2024-01-19 02:01:36", "elapsed": 6589.253448, "delta": 0.006441}}
{"target": -17.67614783140588, "params": {"gamma": 418.2242693215098, "log10_alpha": -0.09092047957481686, "log10_colsample_bytree": -0.2027541502148713, "log10_eta": -2.3795538930127282, "log10_lambda": 0.33704132646125906, "log10_min_child_weight": 0.8631593992104597, "log10_subsample": -0.6926415661397787, "max_depth": 2.0, "num_boost_round": 9.0}, "datetime": {"datetime": "2024-01-19 02:01:36", "elapsed": 6589.260198, "delta": 0.00675}}
{"target": -17.676046334457368, "params": {"gamma": 418.2242693215098, "log10_alpha": -0.09092047957481686, "log10_colsample_bytree": -0.2027541502148713, "log10_eta": -2.3795538930127282, "log10_lambda": 0.33704132646125906, "log10_min_child_weight": 0.8631593992104597, "log10_subsample": -0.6926415661397787, "max_depth": 2.0, "num_boost_round": 10.0}, "datetime": {"datetime": "2024-01-19 02:01:36", "elapsed": 6589.266711, "delta": 0.006513}}
{"target": -17.67595194883386, "params": {"gamma": 418.2242693215098, "log10_alpha": -0.09092047957481686, "log10_colsample_bytree": -0.2027541502148713, "log10_eta": -2.3795538930127282, "log10_lambda": 0.33704132646125906, "log10_min_child_weight": 0.8631593992104597, "log10_subsample": -0.6926415661397787, "max_depth": 2.0, "num_boost_round": 11.0}, "datetime": {"datetime": "2024-01-19 02:01:36", "elapsed": 6589.273205, "delta": 0.006494}}
{"target": -17.675853341859604, "params": {"gamma": 418.2242693215098, "log10_alpha": -0.09092047957481686, "log10_colsample_bytree": -0.2027541502148713, "log10_eta": -2.3795538930127282, "log10_lambda": 0.33704132646125906, "log10_min_child_weight": 0.8631593992104597, "log10_subsample": -0.6926415661397787, "max_depth": 2.0, "num_boost_round": 12.0}, "datetime": {"datetime": "2024-01-19 02:01:36", "elapsed": 6589.279757, "delta": 0.006552}}
{"target": -17.675762400983913, "params": {"gamma": 418.2242693215098, "log10_alpha": -0.09092047957481686, "log10_colsample_bytree": -0.2027541502148713, "log10_eta": -2.3795538930127282, "log10_lambda": 0.33704132646125906, "log10_min_child_weight": 0.8631593992104597, "log10_subsample": -0.6926415661397787, "max_depth": 2.0, "num_boost_round": 13.0}, "datetime": {"datetime": "2024-01-19 02:01:36", "elapsed": 6589.286242, "delta": 0.006485}}
{"target": -17.675666609240775, "params": {"gamma": 418.2242693215098, "log10_alpha": -0.09092047957481686, "log10_colsample_bytree": -0.2027541502148713, "log10_eta": -2.3795538930127282, "log10_lambda": 0.33704132646125906, "log10_min_child_weight": 0.8631593992104597, "log10_subsample": -0.6926415661397787, "max_depth": 2.0, "num_boost_round": 14.0}, "datetime": {"datetime": "2024-01-19 02:01:36", "elapsed": 6589.29264, "delta": 0.006398}}
{"target": -17.67557524781417, "params": {"gamma": 418.2242693215098, "log10_alpha": -0.09092047957481686, "log10_colsample_bytree": -0.2027541502148713, "log10_eta": -2.3795538930127282, "log10_lambda": 0.33704132646125906, "log10_min_child_weight": 0.8631593992104597, "log10_subsample": -0.6926415661397787, "max_depth": 2.0, "num_boost_round": 15.0}, "datetime": {"datetime": "2024-01-19 02:01:36", "elapsed": 6589.299136, "delta": 0.006496}}
{"target": -17.675447565640113, "params": {"gamma": 418.2242693215098, "log10_alpha": -0.09092047957481686, "log10_colsample_bytree": -0.2027541502148713, "log10_eta": -2.3795538930127282, "log10_lambda": 0.33704132646125906, "log10_min_child_weight": 0.8631593992104597, "log10_subsample": -0.6926415661397787, "max_depth": 2.0, "num_boost_round": 16.0}, "datetime": {"datetime": "2024-01-19 02:01:36", "elapsed": 6589.307201, "delta": 0.008065}}
{"target": -17.675348817560877, "params": {"gamma": 418.2242693215098, "log10_alpha": -0.09092047957481686, "log10_colsample_bytree": -0.2027541502148713, "log10_eta": -2.3795538930127282, "log10_lambda": 0.33704132646125906, "log10_min_child_weight": 0.8631593992104597, "log10_subsample": -0.6926415661397787, "max_depth": 2.0, "num_boost_round": 17.0}, "datetime": {"datetime": "2024-01-19 02:01:36", "elapsed": 6589.314234, "delta": 0.007033}}
{"target": -17.675311904677184, "params": {"gamma": 418.2242693215098, "log10_alpha": -0.09092047957481686, "log10_colsample_bytree": -0.2027541502148713, "log10_eta": -2.3795538930127282, "log10_lambda": 0.33704132646125906, "log10_min_child_weight": 0.8631593992104597, "log10_subsample": -0.6926415661397787, "max_depth": 2.0, "num_boost_round": 18.0}, "datetime": {"datetime": "2024-01-19 02:01:36", "elapsed": 6589.321351, "delta": 0.007117}}
{"target": -17.67527410697563, "params": {"gamma": 418.2242693215098, "log10_alpha": -0.09092047957481686, "log10_colsample_bytree": -0.2027541502148713, "log10_eta": -2.3795538930127282, "log10_lambda": 0.33704132646125906, "log10_min_child_weight": 0.8631593992104597, "log10_subsample": -0.6926415661397787, "max_depth": 2.0, "num_boost_round": 19.0}, "datetime": {"datetime": "2024-01-19 02:01:36", "elapsed": 6589.327797, "delta": 0.006446}}
{"target": -17.675181359152578, "params": {"gamma": 418.2242693215098, "log10_alpha": -0.09092047957481686, "log10_colsample_bytree": -0.2027541502148713, "log10_eta": -2.3795538930127282, "log10_lambda": 0.33704132646125906, "log10_min_child_weight": 0.8631593992104597, "log10_subsample": -0.6926415661397787, "max_depth": 2.0, "num_boost_round": 20.0}, "datetime": {"datetime": "2024-01-19 02:01:36", "elapsed": 6589.334113, "delta": 0.006316}}
{"target": -17.675088929410922, "params": {"gamma": 418.2242693215098, "log10_alpha": -0.09092047957481686, "log10_colsample_bytree": -0.2027541502148713, "log10_eta": -2.3795538930127282, "log10_lambda": 0.33704132646125906, "log10_min_child_weight": 0.8631593992104597, "log10_subsample": -0.6926415661397787, "max_depth": 2.0, "num_boost_round": 21.0}, "datetime": {"datetime": "2024-01-19 02:01:36", "elapsed": 6589.340583, "delta": 0.00647}}
{"target": -17.674955945084786, "params": {"gamma": 418.2242693215098, "log10_alpha": -0.09092047957481686, "log10_colsample_bytree": -0.2027541502148713, "log10_eta": -2.3795538930127282, "log10_lambda": 0.33704132646125906, "log10_min_child_weight": 0.8631593992104597, "log10_subsample": -0.6926415661397787, "max_depth": 2.0, "num_boost_round": 22.0}, "datetime": {"datetime": "2024-01-19 02:01:36", "elapsed": 6589.346732, "delta": 0.006149}}
{"target": -17.674780188223263, "params": {"gamma": 418.2242693215098, "log10_alpha": -0.09092047957481686, "log10_colsample_bytree": -0.2027541502148713, "log10_eta": -2.3795538930127282, "log10_lambda": 0.33704132646125906, "log10_min_child_weight": 0.8631593992104597, "log10_subsample": -0.6926415661397787, "max_depth": 2.0, "num_boost_round": 23.0}, "datetime": {"datetime": "2024-01-19 02:01:36", "elapsed": 6589.353365, "delta": 0.006633}}
{"target": -17.67467507380204, "params": {"gamma": 418.2242693215098, "log10_alpha": -0.09092047957481686, "log10_colsample_bytree": -0.2027541502148713, "log10_eta": -2.3795538930127282, "log10_lambda": 0.33704132646125906, "log10_min_child_weight": 0.8631593992104597, "log10_subsample": -0.6926415661397787, "max_depth": 2.0, "num_boost_round": 24.0}, "datetime": {"datetime": "2024-01-19 02:01:36", "elapsed": 6589.359753, "delta": 0.006388}}
{"target": -17.67460503052988, "params": {"gamma": 418.2242693215098, "log10_alpha": -0.09092047957481686, "log10_colsample_bytree": -0.2027541502148713, "log10_eta": -2.3795538930127282, "log10_lambda": 0.33704132646125906, "log10_min_child_weight": 0.8631593992104597, "log10_subsample": -0.6926415661397787, "max_depth": 2.0, "num_boost_round": 25.0}, "datetime": {"datetime": "2024-01-19 02:01:36", "elapsed": 6589.366235, "delta": 0.006482}}
{"target": -17.674550597324977, "params": {"gamma": 418.2242693215098, "log10_alpha": -0.09092047957481686, "log10_colsample_bytree": -0.2027541502148713, "log10_eta": -2.3795538930127282, "log10_lambda": 0.33704132646125906, "log10_min_child_weight": 0.8631593992104597, "log10_subsample": -0.6926415661397787, "max_depth": 2.0, "num_boost_round": 26.0}, "datetime": {"datetime": "2024-01-19 02:01:36", "elapsed": 6589.372527, "delta": 0.006292}}
{"target": -17.674541061590073, "params": {"gamma": 418.2242693215098, "log10_alpha": -0.09092047957481686, "log10_colsample_bytree": -0.2027541502148713, "log10_eta": -2.3795538930127282, "log10_lambda": 0.33704132646125906, "log10_min_child_weight": 0.8631593992104597, "log10_subsample": -0.6926415661397787, "max_depth": 2.0, "num_boost_round": 27.0}, "datetime": {"datetime": "2024-01-19 02:01:36", "elapsed": 6589.378728, "delta": 0.006201}}
{"target": -17.67450575572501, "params": {"gamma": 418.2242693215098, "log10_alpha": -0.09092047957481686, "log10_colsample_bytree": -0.2027541502148713, "log10_eta": -2.3795538930127282, "log10_lambda": 0.33704132646125906, "log10_min_child_weight": 0.8631593992104597, "log10_subsample": -0.6926415661397787, "max_depth": 2.0, "num_boost_round": 28.0}, "datetime": {"datetime": "2024-01-19 02:01:36", "elapsed": 6589.385104, "delta": 0.006376}}
{"target": -17.674438870459674, "params": {"gamma": 418.2242693215098, "log10_alpha": -0.09092047957481686, "log10_colsample_bytree": -0.2027541502148713, "log10_eta": -2.3795538930127282, "log10_lambda": 0.33704132646125906, "log10_min_child_weight": 0.8631593992104597, "log10_subsample": -0.6926415661397787, "max_depth": 2.0, "num_boost_round": 29.0}, "datetime": {"datetime": "2024-01-19 02:01:36", "elapsed": 6589.391534, "delta": 0.00643}}
{"target": -17.674368957584594, "params": {"gamma": 418.2242693215098, "log10_alpha": -0.09092047957481686, "log10_colsample_bytree": -0.2027541502148713, "log10_eta": -2.3795538930127282, "log10_lambda": 0.33704132646125906, "log10_min_child_weight": 0.8631593992104597, "log10_subsample": -0.6926415661397787, "max_depth": 2.0, "num_boost_round": 30.0}, "datetime": {"datetime": "2024-01-19 02:01:36", "elapsed": 6589.397831, "delta": 0.006297}}
{"target": -17.674313140342488, "params": {"gamma": 418.2242693215098, "log10_alpha": -0.09092047957481686, "log10_colsample_bytree": -0.2027541502148713, "log10_eta": -2.3795538930127282, "log10_lambda": 0.33704132646125906, "log10_min_child_weight": 0.8631593992104597, "log10_subsample": -0.6926415661397787, "max_depth": 2.0, "num_boost_round": 31.0}, "datetime": {"datetime": "2024-01-19 02:01:36", "elapsed": 6589.404865, "delta": 0.007034}}
{"target": -17.677226640788632, "params": {"gamma": 410.9015207685653, "log10_alpha": -4.406381929479796, "log10_colsample_bytree": -0.45503431182455945, "log10_eta": -2.7036280026070068, "log10_lambda": -4.454337442420169, "log10_min_child_weight": 4.855510497599504, "log10_subsample": -0.9887632086786252, "max_depth": 9.0, "num_boost_round": 0.0}, "datetime": {"datetime": "2024-01-19 02:03:16", "elapsed": 6689.152676, "delta": 99.747811}}
{"target": -17.67723261649012, "params": {"gamma": 410.9015207685653, "log10_alpha": -4.406381929479796, "log10_colsample_bytree": -0.45503431182455945, "log10_eta": -2.7036280026070068, "log10_lambda": -4.454337442420169, "log10_min_child_weight": 4.855510497599504, "log10_subsample": -0.9887632086786252, "max_depth": 9.0, "num_boost_round": 1.0}, "datetime": {"datetime": "2024-01-19 02:03:16", "elapsed": 6689.160338, "delta": 0.007662}}
{"target": -17.67723834937367, "params": {"gamma": 410.9015207685653, "log10_alpha": -4.406381929479796, "log10_colsample_bytree": -0.45503431182455945, "log10_eta": -2.7036280026070068, "log10_lambda": -4.454337442420169, "log10_min_child_weight": 4.855510497599504, "log10_subsample": -0.9887632086786252, "max_depth": 9.0, "num_boost_round": 2.0}, "datetime": {"datetime": "2024-01-19 02:03:16", "elapsed": 6689.16705, "delta": 0.006712}}
{"target": -17.677216827063326, "params": {"gamma": 410.9015207685653, "log10_alpha": -4.406381929479796, "log10_colsample_bytree": -0.45503431182455945, "log10_eta": -2.7036280026070068, "log10_lambda": -4.454337442420169, "log10_min_child_weight": 4.855510497599504, "log10_subsample": -0.9887632086786252, "max_depth": 9.0, "num_boost_round": 3.0}, "datetime": {"datetime": "2024-01-19 02:03:16", "elapsed": 6689.173707, "delta": 0.006657}}
{"target": -17.6772231231585, "params": {"gamma": 410.9015207685653, "log10_alpha": -4.406381929479796, "log10_colsample_bytree": -0.45503431182455945, "log10_eta": -2.7036280026070068, "log10_lambda": -4.454337442420169, "log10_min_child_weight": 4.855510497599504, "log10_subsample": -0.9887632086786252, "max_depth": 9.0, "num_boost_round": 4.0}, "datetime": {"datetime": "2024-01-19 02:03:16", "elapsed": 6689.180324, "delta": 0.006617}}
{"target": -17.677223196267715, "params": {"gamma": 410.9015207685653, "log10_alpha": -4.406381929479796, "log10_colsample_bytree": -0.45503431182455945, "log10_eta": -2.7036280026070068, "log10_lambda": -4.454337442420169, "log10_min_child_weight": 4.855510497599504, "log10_subsample": -0.9887632086786252, "max_depth": 9.0, "num_boost_round": 5.0}, "datetime": {"datetime": "2024-01-19 02:03:16", "elapsed": 6689.187071, "delta": 0.006747}}
{"target": -17.677223775217296, "params": {"gamma": 410.9015207685653, "log10_alpha": -4.406381929479796, "log10_colsample_bytree": -0.45503431182455945, "log10_eta": -2.7036280026070068, "log10_lambda": -4.454337442420169, "log10_min_child_weight": 4.855510497599504, "log10_subsample": -0.9887632086786252, "max_depth": 9.0, "num_boost_round": 6.0}, "datetime": {"datetime": "2024-01-19 02:03:16", "elapsed": 6689.193547, "delta": 0.006476}}
{"target": -17.677223643285586, "params": {"gamma": 410.9015207685653, "log10_alpha": -4.406381929479796, "log10_colsample_bytree": -0.45503431182455945, "log10_eta": -2.7036280026070068, "log10_lambda": -4.454337442420169, "log10_min_child_weight": 4.855510497599504, "log10_subsample": -0.9887632086786252, "max_depth": 9.0, "num_boost_round": 7.0}, "datetime": {"datetime": "2024-01-19 02:03:16", "elapsed": 6689.199887, "delta": 0.00634}}
{"target": -17.6772032563097, "params": {"gamma": 410.9015207685653, "log10_alpha": -4.406381929479796, "log10_colsample_bytree": -0.45503431182455945, "log10_eta": -2.7036280026070068, "log10_lambda": -4.454337442420169, "log10_min_child_weight": 4.855510497599504, "log10_subsample": -0.9887632086786252, "max_depth": 9.0, "num_boost_round": 8.0}, "datetime": {"datetime": "2024-01-19 02:03:16", "elapsed": 6689.206483, "delta": 0.006596}}
{"target": -17.67720901664148, "params": {"gamma": 410.9015207685653, "log10_alpha": -4.406381929479796, "log10_colsample_bytree": -0.45503431182455945, "log10_eta": -2.7036280026070068, "log10_lambda": -4.454337442420169, "log10_min_child_weight": 4.855510497599504, "log10_subsample": -0.9887632086786252, "max_depth": 9.0, "num_boost_round": 9.0}, "datetime": {"datetime": "2024-01-19 02:03:16", "elapsed": 6689.212758, "delta": 0.006275}}
{"target": -17.677209864603466, "params": {"gamma": 410.9015207685653, "log10_alpha": -4.406381929479796, "log10_colsample_bytree": -0.45503431182455945, "log10_eta": -2.7036280026070068, "log10_lambda": -4.454337442420169, "log10_min_child_weight": 4.855510497599504, "log10_subsample": -0.9887632086786252, "max_depth": 9.0, "num_boost_round": 10.0}, "datetime": {"datetime": "2024-01-19 02:03:16", "elapsed": 6689.218887, "delta": 0.006129}}
{"target": -17.67721541892295, "params": {"gamma": 410.9015207685653, "log10_alpha": -4.406381929479796, "log10_colsample_bytree": -0.45503431182455945, "log10_eta": -2.7036280026070068, "log10_lambda": -4.454337442420169, "log10_min_child_weight": 4.855510497599504, "log10_subsample": -0.9887632086786252, "max_depth": 9.0, "num_boost_round": 11.0}, "datetime": {"datetime": "2024-01-19 02:03:16", "elapsed": 6689.22506, "delta": 0.006173}}
{"target": -17.677216088931637, "params": {"gamma": 410.9015207685653, "log10_alpha": -4.406381929479796, "log10_colsample_bytree": -0.45503431182455945, "log10_eta": -2.7036280026070068, "log10_lambda": -4.454337442420169, "log10_min_child_weight": 4.855510497599504, "log10_subsample": -0.9887632086786252, "max_depth": 9.0, "num_boost_round": 12.0}, "datetime": {"datetime": "2024-01-19 02:03:16", "elapsed": 6689.231307, "delta": 0.006247}}
{"target": -17.677217074135925, "params": {"gamma": 410.9015207685653, "log10_alpha": -4.406381929479796, "log10_colsample_bytree": -0.45503431182455945, "log10_eta": -2.7036280026070068, "log10_lambda": -4.454337442420169, "log10_min_child_weight": 4.855510497599504, "log10_subsample": -0.9887632086786252, "max_depth": 9.0, "num_boost_round": 13.0}, "datetime": {"datetime": "2024-01-19 02:03:16", "elapsed": 6689.23769, "delta": 0.006383}}
{"target": -17.677217504009093, "params": {"gamma": 410.9015207685653, "log10_alpha": -4.406381929479796, "log10_colsample_bytree": -0.45503431182455945, "log10_eta": -2.7036280026070068, "log10_lambda": -4.454337442420169, "log10_min_child_weight": 4.855510497599504, "log10_subsample": -0.9887632086786252, "max_depth": 9.0, "num_boost_round": 14.0}, "datetime": {"datetime": "2024-01-19 02:03:16", "elapsed": 6689.244138, "delta": 0.006448}}
{"target": -17.677226720758945, "params": {"gamma": 418.2107908972459, "log10_alpha": -2.4715585914281615, "log10_colsample_bytree": -0.9653554487441892, "log10_eta": -3.679174640531388, "log10_lambda": 0.020165347362426367, "log10_min_child_weight": 1.18561366660134, "log10_subsample": -0.6488634946788263, "max_depth": 2.0, "num_boost_round": 0.0}, "datetime": {"datetime": "2024-01-19 02:04:45", "elapsed": 6777.984645, "delta": 88.740507}}
{"target": -17.677218338119854, "params": {"gamma": 418.2107908972459, "log10_alpha": -2.4715585914281615, "log10_colsample_bytree": -0.9653554487441892, "log10_eta": -3.679174640531388, "log10_lambda": 0.020165347362426367, "log10_min_child_weight": 1.18561366660134, "log10_subsample": -0.6488634946788263, "max_depth": 2.0, "num_boost_round": 1.0}, "datetime": {"datetime": "2024-01-19 02:04:45", "elapsed": 6777.992666, "delta": 0.008021}}
{"target": -17.67721428009524, "params": {"gamma": 418.2107908972459, "log10_alpha": -2.4715585914281615, "log10_colsample_bytree": -0.9653554487441892, "log10_eta": -3.679174640531388, "log10_lambda": 0.020165347362426367, "log10_min_child_weight": 1.18561366660134, "log10_subsample": -0.6488634946788263, "max_depth": 2.0, "num_boost_round": 2.0}, "datetime": {"datetime": "2024-01-19 02:04:45", "elapsed": 6778.000305, "delta": 0.007639}}
