{"target": -17.675524197271322, "params": {"gamma": 617.4673981378139, "log10_alpha": -2.288908925217085, "log10_colsample_bytree": -0.5607903512119132, "log10_eta": -2.6373984373760293, "log10_lambda": -3.1035760559792482, "log10_min_child_weight": 3.1079165575511816, "log10_subsample": -0.37084731782789293, "max_depth": 3.0, "num_boost_round": 36.0}, "datetime": {"datetime": "2024-01-19 01:39:29", "elapsed": 5267.073535, "delta": 0.004571}}
{"target": -17.675509989702288, "params": {"gamma": 617.4673981378139, "log10_alpha": -2.288908925217085, "log10_colsample_bytree": -0.5607903512119132, "log10_eta": -2.6373984373760293, "log10_lambda": -3.1035760559792482, "log10_min_child_weight": 3.1079165575511816, "log10_subsample": -0.37084731782789293, "max_depth": 3.0, "num_boost_round": 37.0}, "datetime": {"datetime": "2024-01-19 01:39:29", "elapsed": 5267.078112, "delta": 0.004577}}
{"target": -17.67545211140288, "params": {"gamma": 617.4673981378139, "log10_alpha": -2.288908925217085, "log10_colsample_bytree": -0.5607903512119132, "log10_eta": -2.6373984373760293, "log10_lambda": -3.1035760559792482, "log10_min_child_weight": 3.1079165575511816, "log10_subsample": -0.37084731782789293, "max_depth": 3.0, "num_boost_round": 38.0}, "datetime": {"datetime": "2024-01-19 01:39:29", "elapsed": 5267.083305, "delta": 0.005193}}
{"target": -17.677196868287922, "params": {"gamma": 621.3330950895048, "log10_alpha": -3.2673718498073674, "log10_colsample_bytree": -0.6354727831894934, "log10_eta": -3.139536725329432, "log10_lambda": -4.100092813613177, "log10_min_child_weight": 0.7288496858745441, "log10_subsample": -0.738262064122668, "max_depth": 6.0, "num_boost_round": 0.0}, "datetime": {"datetime": "2024-01-19 01:40:19", "elapsed": 5317.168105, "delta": 50.0848}}
{"target": -17.67712602136862, "params": {"gamma": 621.3330950895048, "log10_alpha": -3.2673718498073674, "log10_colsample_bytree": -0.6354727831894934, "log10_eta": -3.139536725329432, "log10_lambda": -4.100092813613177, "log10_min_child_weight": 0.7288496858745441, "log10_subsample": -0.738262064122668, "max_depth": 6.0, "num_boost_round": 1.0}, "datetime": {"datetime": "2024-01-19 01:40:19", "elapsed": 5317.173082, "delta": 0.004977}}
{"target": -17.677076131110834, "params": {"gamma": 621.3330950895048, "log10_alpha": -3.2673718498073674, "log10_colsample_bytree": -0.6354727831894934, "log10_eta": -3.139536725329432, "log10_lambda": -4.100092813613177, "log10_min_child_weight": 0.7288496858745441, "log10_subsample": -0.738262064122668, "max_depth": 6.0, "num_boost_round": 2.0}, "datetime": {"datetime": "2024-01-19 01:40:19", "elapsed": 5317.17778, "delta": 0.004698}}
{"target": -17.677110566143266, "params": {"gamma": 621.3330950895048, "log10_alpha": -3.2673718498073674, "log10_colsample_bytree": -0.6354727831894934, "log10_eta": -3.139536725329432, "log10_lambda": -4.100092813613177, "log10_min_child_weight": 0.7288496858745441, "log10_subsample": -0.738262064122668, "max_depth": 6.0, "num_boost_round": 3.0}, "datetime": {"datetime": "2024-01-19 01:40:19", "elapsed": 5317.182567, "delta": 0.004787}}
{"target": -17.67708824095837, "params": {"gamma": 621.3330950895048, "log10_alpha": -3.2673718498073674, "log10_colsample_bytree": -0.6354727831894934, "log10_eta": -3.139536725329432, "log10_lambda": -4.100092813613177, "log10_min_child_weight": 0.7288496858745441, "log10_subsample": -0.738262064122668, "max_depth": 6.0, "num_boost_round": 4.0}, "datetime": {"datetime": "2024-01-19 01:40:19", "elapsed": 5317.187214, "delta": 0.004647}}
{"target": -17.677041925791798, "params": {"gamma": 621.3330950895048, "log10_alpha": -3.2673718498073674, "log10_colsample_bytree": -0.6354727831894934, "log10_eta": -3.139536725329432, "log10_lambda": -4.100092813613177, "log10_min_child_weight": 0.7288496858745441, "log10_subsample": -0.738262064122668, "max_depth": 6.0, "num_boost_round": 5.0}, "datetime": {"datetime": "2024-01-19 01:40:19", "elapsed": 5317.191914, "delta": 0.0047}}
{"target": -17.677035622284468, "params": {"gamma": 621.3330950895048, "log10_alpha": -3.2673718498073674, "log10_colsample_bytree": -0.6354727831894934, "log10_eta": -3.139536725329432, "log10_lambda": -4.100092813613177, "log10_min_child_weight": 0.7288496858745441, "log10_subsample": -0.738262064122668, "max_depth": 6.0, "num_boost_round": 6.0}, "datetime": {"datetime": "2024-01-19 01:40:19", "elapsed": 5317.19651, "delta": 0.004596}}
{"target": -17.676989953546045, "params": {"gamma": 621.3330950895048, "log10_alpha": -3.2673718498073674, "log10_colsample_bytree": -0.6354727831894934, "log10_eta": -3.139536725329432, "log10_lambda": -4.100092813613177, "log10_min_child_weight": 0.7288496858745441, "log10_subsample": -0.738262064122668, "max_depth": 6.0, "num_boost_round": 7.0}, "datetime": {"datetime": "2024-01-19 01:40:19", "elapsed": 5317.201304, "delta": 0.004794}}
{"target": -17.676978059941728, "params": {"gamma": 621.3330950895048, "log10_alpha": -3.2673718498073674, "log10_colsample_bytree": -0.6354727831894934, "log10_eta": -3.139536725329432, "log10_lambda": -4.100092813613177, "log10_min_child_weight": 0.7288496858745441, "log10_subsample": -0.738262064122668, "max_depth": 6.0, "num_boost_round": 8.0}, "datetime": {"datetime": "2024-01-19 01:40:19", "elapsed": 5317.205884, "delta": 0.00458}}
{"target": -17.676951836504063, "params": {"gamma": 621.3330950895048, "log10_alpha": -3.2673718498073674, "log10_colsample_bytree": -0.6354727831894934, "log10_eta": -3.139536725329432, "log10_lambda": -4.100092813613177, "log10_min_child_weight": 0.7288496858745441, "log10_subsample": -0.738262064122668, "max_depth": 6.0, "num_boost_round": 9.0}, "datetime": {"datetime": "2024-01-19 01:40:19", "elapsed": 5317.210546, "delta": 0.004662}}
{"target": -17.676910799416007, "params": {"gamma": 621.3330950895048, "log10_alpha": -3.2673718498073674, "log10_colsample_bytree": -0.6354727831894934, "log10_eta": -3.139536725329432, "log10_lambda": -4.100092813613177, "log10_min_child_weight": 0.7288496858745441, "log10_subsample": -0.738262064122668, "max_depth": 6.0, "num_boost_round": 10.0}, "datetime": {"datetime": "2024-01-19 01:40:19", "elapsed": 5317.215231, "delta": 0.004685}}
{"target": -17.67690019515845, "params": {"gamma": 621.3330950895048, "log10_alpha": -3.2673718498073674, "log10_colsample_bytree": -0.6354727831894934, "log10_eta": -3.139536725329432, "log10_lambda": -4.100092813613177, "log10_min_child_weight": 0.7288496858745441, "log10_subsample": -0.738262064122668, "max_depth": 6.0, "num_boost_round": 11.0}, "datetime": {"datetime": "2024-01-19 01:40:19", "elapsed": 5317.220132, "delta": 0.004901}}
{"target": -17.676877983997457, "params": {"gamma": 621.3330950895048, "log10_alpha": -3.2673718498073674, "log10_colsample_bytree": -0.6354727831894934, "log10_eta": -3.139536725329432, "log10_lambda": -4.100092813613177, "log10_min_child_weight": 0.7288496858745441, "log10_subsample": -0.738262064122668, "max_depth": 6.0, "num_boost_round": 12.0}, "datetime": {"datetime": "2024-01-19 01:40:19", "elapsed": 5317.224756, "delta": 0.004624}}
{"target": -17.67685714196239, "params": {"gamma": 621.3330950895048, "log10_alpha": -3.2673718498073674, "log10_colsample_bytree": -0.6354727831894934, "log10_eta": -3.139536725329432, "log10_lambda": -4.100092813613177, "log10_min_child_weight": 0.7288496858745441, "log10_subsample": -0.738262064122668, "max_depth": 6.0, "num_boost_round": 13.0}, "datetime": {"datetime": "2024-01-19 01:40:19", "elapsed": 5317.229529, "delta": 0.004773}}
{"target": -17.676892639232165, "params": {"gamma": 621.3330950895048, "log10_alpha": -3.2673718498073674, "log10_colsample_bytree": -0.6354727831894934, "log10_eta": -3.139536725329432, "log10_lambda": -4.100092813613177, "log10_min_child_weight": 0.7288496858745441, "log10_subsample": -0.738262064122668, "max_depth": 6.0, "num_boost_round": 14.0}, "datetime": {"datetime": "2024-01-19 01:40:19", "elapsed": 5317.234261, "delta": 0.004732}}
{"target": -17.67687843533547, "params": {"gamma": 621.3330950895048, "log10_alpha": -3.2673718498073674, "log10_colsample_bytree": -0.6354727831894934, "log10_eta": -3.139536725329432, "log10_lambda": -4.100092813613177, "log10_min_child_weight": 0.7288496858745441, "log10_subsample": -0.738262064122668, "max_depth": 6.0, "num_boost_round": 15.0}, "datetime": {"datetime": "2024-01-19 01:40:19", "elapsed": 5317.239187, "delta": 0.004926}}
{"target": -17.67685900901674, "params": {"gamma": 621.3330950895048, "log10_alpha": -3.2673718498073674, "log10_colsample_bytree": -0.6354727831894934, "log10_eta": -3.139536725329432, "log10_lambda": -4.100092813613177, "log10_min_child_weight": 0.7288496858745441, "log10_subsample": -0.738262064122668, "max_depth": 6.0, "num_boost_round": 16.0}, "datetime": {"datetime": "2024-01-19 01:40:19", "elapsed": 5317.243765, "delta": 0.004578}}
{"target": -17.676814905471375, "params": {"gamma": 621.3330950895048, "log10_alpha": -3.2673718498073674, "log10_colsample_bytree": -0.6354727831894934, "log10_eta": -3.139536725329432, "log10_lambda": -4.100092813613177, "log10_min_child_weight": 0.7288496858745441, "log10_subsample": -0.738262064122668, "max_depth": 6.0, "num_boost_round": 17.0}, "datetime": {"datetime": "2024-01-19 01:40:19", "elapsed": 5317.248391, "delta": 0.004626}}
{"target": -17.676820329839074, "params": {"gamma": 621.3330950895048, "log10_alpha": -3.2673718498073674, "log10_colsample_bytree": -0.6354727831894934, "log10_eta": -3.139536725329432, "log10_lambda": -4.100092813613177, "log10_min_child_weight": 0.7288496858745441, "log10_subsample": -0.738262064122668, "max_depth": 6.0, "num_boost_round": 18.0}, "datetime": {"datetime": "2024-01-19 01:40:19", "elapsed": 5317.25313, "delta": 0.004739}}
{"target": -17.676815188985927, "params": {"gamma": 621.3330950895048, "log10_alpha": -3.2673718498073674, "log10_colsample_bytree": -0.6354727831894934, "log10_eta": -3.139536725329432, "log10_lambda": -4.100092813613177, "log10_min_child_weight": 0.7288496858745441, "log10_subsample": -0.738262064122668, "max_depth": 6.0, "num_boost_round": 19.0}, "datetime": {"datetime": "2024-01-19 01:40:19", "elapsed": 5317.257873, "delta": 0.004743}}
{"target": -17.6767885814284, "params": {"gamma": 621.3330950895048, "log10_alpha": -3.2673718498073674, "log10_colsample_bytree": -0.6354727831894934, "log10_eta": -3.139536725329432, "log10_lambda": -4.100092813613177, "log10_min_child_weight": 0.7288496858745441, "log10_subsample": -0.738262064122668, "max_depth": 6.0, "num_boost_round": 20.0}, "datetime": {"datetime": "2024-01-19 01:40:19", "elapsed": 5317.262499, "delta": 0.004626}}
{"target": -17.676791946824633, "params": {"gamma": 621.3330950895048, "log10_alpha": -3.2673718498073674, "log10_colsample_bytree": -0.6354727831894934, "log10_eta": -3.139536725329432, "log10_lambda": -4.100092813613177, "log10_min_child_weight": 0.7288496858745441, "log10_subsample": -0.738262064122668, "max_depth": 6.0, "num_boost_round": 21.0}, "datetime": {"datetime": "2024-01-19 01:40:19", "elapsed": 5317.26709, "delta": 0.004591}}
{"target": -17.67674608402693, "params": {"gamma": 621.3330950895048, "log10_alpha": -3.2673718498073674, "log10_colsample_bytree": -0.6354727831894934, "log10_eta": -3.139536725329432, "log10_lambda": -4.100092813613177, "log10_min_child_weight": 0.7288496858745441, "log10_subsample": -0.738262064122668, "max_depth": 6.0, "num_boost_round": 22.0}, "datetime": {"datetime": "2024-01-19 01:40:19", "elapsed": 5317.27177, "delta": 0.00468}}
{"target": -17.676709362265793, "params": {"gamma": 621.3330950895048, "log10_alpha": -3.2673718498073674, "log10_colsample_bytree": -0.6354727831894934, "log10_eta": -3.139536725329432, "log10_lambda": -4.100092813613177, "log10_min_child_weight": 0.7288496858745441, "log10_subsample": -0.738262064122668, "max_depth": 6.0, "num_boost_round": 23.0}, "datetime": {"datetime": "2024-01-19 01:40:19", "elapsed": 5317.276508, "delta": 0.004738}}
{"target": -17.67670580632116, "params": {"gamma": 621.3330950895048, "log10_alpha": -3.2673718498073674, "log10_colsample_bytree": -0.6354727831894934, "log10_eta": -3.139536725329432, "log10_lambda": -4.100092813613177, "log10_min_child_weight": 0.7288496858745441, "log10_subsample": -0.738262064122668, "max_depth": 6.0, "num_boost_round": 24.0}, "datetime": {"datetime": "2024-01-19 01:40:19", "elapsed": 5317.281209, "delta": 0.004701}}
{"target": -17.676671703376588, "params": {"gamma": 621.3330950895048, "log10_alpha": -3.2673718498073674, "log10_colsample_bytree": -0.6354727831894934, "log10_eta": -3.139536725329432, "log10_lambda": -4.100092813613177, "log10_min_child_weight": 0.7288496858745441, "log10_subsample": -0.738262064122668, "max_depth": 6.0, "num_boost_round": 25.0}, "datetime": {"datetime": "2024-01-19 01:40:19", "elapsed": 5317.285863, "delta": 0.004654}}
{"target": -17.67668424711918, "params": {"gamma": 621.3330950895048, "log10_alpha": -3.2673718498073674, "log10_colsample_bytree": -0.6354727831894934, "log10_eta": -3.139536725329432, "log10_lambda": -4.100092813613177, "log10_min_child_weight": 0.7288496858745441, "log10_subsample": -0.738262064122668, "max_depth": 6.0, "num_boost_round": 26.0}, "datetime": {"datetime": "2024-01-19 01:40:19", "elapsed": 5317.290675, "delta": 0.004812}}
{"target": -17.67666956188835, "params": {"gamma": 621.3330950895048, "log10_alpha": -3.2673718498073674, "log10_colsample_bytree": -0.6354727831894934, "log10_eta": -3.139536725329432, "log10_lambda": -4.100092813613177, "log10_min_child_weight": 0.7288496858745441, "log10_subsample": -0.738262064122668, "max_depth": 6.0, "num_boost_round": 27.0}, "datetime": {"datetime": "2024-01-19 01:40:19", "elapsed": 5317.295569, "delta": 0.004894}}
{"target": -17.67661984538534, "params": {"gamma": 621.3330950895048, "log10_alpha": -3.2673718498073674, "log10_colsample_bytree": -0.6354727831894934, "log10_eta": -3.139536725329432, "log10_lambda": -4.100092813613177, "log10_min_child_weight": 0.7288496858745441, "log10_subsample": -0.738262064122668, "max_depth": 6.0, "num_boost_round": 28.0}, "datetime": {"datetime": "2024-01-19 01:40:19", "elapsed": 5317.300224, "delta": 0.004655}}
{"target": -17.676595458675504, "params": {"gamma": 621.3330950895048, "log10_alpha": -3.2673718498073674, "log10_colsample_bytree": -0.6354727831894934, "log10_eta": -3.139536725329432, "log10_lambda": -4.100092813613177, "log10_min_child_weight": 0.7288496858745441, "log10_subsample": -0.738262064122668, "max_depth": 6.0, "num_boost_round": 29.0}, "datetime": {"datetime": "2024-01-19 01:40:19", "elapsed": 5317.304867, "delta": 0.004643}}
{"target": -17.676557635707614, "params": {"gamma": 621.3330950895048, "log10_alpha": -3.2673718498073674, "log10_colsample_bytree": -0.6354727831894934, "log10_eta": -3.139536725329432, "log10_lambda": -4.100092813613177, "log10_min_child_weight": 0.7288496858745441, "log10_subsample": -0.738262064122668, "max_depth": 6.0, "num_boost_round": 30.0}, "datetime": {"datetime": "2024-01-19 01:40:19", "elapsed": 5317.309537, "delta": 0.00467}}
{"target": -17.676499132221494, "params": {"gamma": 621.3330950895048, "log10_alpha": -3.2673718498073674, "log10_colsample_bytree": -0.6354727831894934, "log10_eta": -3.139536725329432, "log10_lambda": -4.100092813613177, "log10_min_child_weight": 0.7288496858745441, "log10_subsample": -0.738262064122668, "max_depth": 6.0, "num_boost_round": 31.0}, "datetime": {"datetime": "2024-01-19 01:40:19", "elapsed": 5317.314299, "delta": 0.004762}}
{"target": -17.67647764733305, "params": {"gamma": 621.3330950895048, "log10_alpha": -3.2673718498073674, "log10_colsample_bytree": -0.6354727831894934, "log10_eta": -3.139536725329432, "log10_lambda": -4.100092813613177, "log10_min_child_weight": 0.7288496858745441, "log10_subsample": -0.738262064122668, "max_depth": 6.0, "num_boost_round": 32.0}, "datetime": {"datetime": "2024-01-19 01:40:19", "elapsed": 5317.318871, "delta": 0.004572}}
{"target": -17.676467690730416, "params": {"gamma": 621.3330950895048, "log10_alpha": -3.2673718498073674, "log10_colsample_bytree": -0.6354727831894934, "log10_eta": -3.139536725329432, "log10_lambda": -4.100092813613177, "log10_min_child_weight": 0.7288496858745441, "log10_subsample": -0.738262064122668, "max_depth": 6.0, "num_boost_round": 33.0}, "datetime": {"datetime": "2024-01-19 01:40:19", "elapsed": 5317.323532, "delta": 0.004661}}
{"target": -17.676425257017343, "params": {"gamma": 621.3330950895048, "log10_alpha": -3.2673718498073674, "log10_colsample_bytree": -0.6354727831894934, "log10_eta": -3.139536725329432, "log10_lambda": -4.100092813613177, "log10_min_child_weight": 0.7288496858745441, "log10_subsample": -0.738262064122668, "max_depth": 6.0, "num_boost_round": 34.0}, "datetime": {"datetime": "2024-01-19 01:40:19", "elapsed": 5317.32816, "delta": 0.004628}}
{"target": -17.676378272931633, "params": {"gamma": 621.3330950895048, "log10_alpha": -3.2673718498073674, "log10_colsample_bytree": -0.6354727831894934, "log10_eta": -3.139536725329432, "log10_lambda": -4.100092813613177, "log10_min_child_weight": 0.7288496858745441, "log10_subsample": -0.738262064122668, "max_depth": 6.0, "num_boost_round": 35.0}, "datetime": {"datetime": "2024-01-19 01:40:19", "elapsed": 5317.333133, "delta": 0.004973}}
{"target": -17.676373321117882, "params": {"gamma": 621.3330950895048, "log10_alpha": -3.2673718498073674, "log10_colsample_bytree": -0.6354727831894934, "log10_eta": -3.139536725329432, "log10_lambda": -4.100092813613177, "log10_min_child_weight": 0.7288496858745441, "log10_subsample": -0.738262064122668, "max_depth": 6.0, "num_boost_round": 36.0}, "datetime": {"datetime": "2024-01-19 01:40:19", "elapsed": 5317.337945, "delta": 0.004812}}
{"target": -17.676373791040913, "params": {"gamma": 621.3330950895048, "log10_alpha": -3.2673718498073674, "log10_colsample_bytree": -0.6354727831894934, "log10_eta": -3.139536725329432, "log10_lambda": -4.100092813613177, "log10_min_child_weight": 0.7288496858745441, "log10_subsample": -0.738262064122668, "max_depth": 6.0, "num_boost_round": 37.0}, "datetime": {"datetime": "2024-01-19 01:40:20", "elapsed": 5317.343278, "delta": 0.005333}}
{"target": -17.676345809725632, "params": {"gamma": 621.3330950895048, "log10_alpha": -3.2673718498073674, "log10_colsample_bytree": -0.6354727831894934, "log10_eta": -3.139536725329432, "log10_lambda": -4.100092813613177, "log10_min_child_weight": 0.7288496858745441, "log10_subsample": -0.738262064122668, "max_depth": 6.0, "num_boost_round": 38.0}, "datetime": {"datetime": "2024-01-19 01:40:20", "elapsed": 5317.348463, "delta": 0.005185}}
{"target": -17.676358020366013, "params": {"gamma": 621.3330950895048, "log10_alpha": -3.2673718498073674, "log10_colsample_bytree": -0.6354727831894934, "log10_eta": -3.139536725329432, "log10_lambda": -4.100092813613177, "log10_min_child_weight": 0.7288496858745441, "log10_subsample": -0.738262064122668, "max_depth": 6.0, "num_boost_round": 39.0}, "datetime": {"datetime": "2024-01-19 01:40:20", "elapsed": 5317.353315, "delta": 0.004852}}
{"target": -17.67714522384907, "params": {"gamma": 614.3295560955926, "log10_alpha": 0.7956199572752087, "log10_colsample_bytree": -0.9903820760288454, "log10_eta": -2.918431507076785, "log10_lambda": 0.3870396601785604, "log10_min_child_weight": 2.2106931960556238, "log10_subsample": -0.40110094934738394, "max_depth": 8.0, "num_boost_round": 0.0}, "datetime": {"datetime": "2024-01-19 01:41:19", "elapsed": 5376.695744, "delta": 59.342429}}
{"target": -17.677094526145314, "params": {"gamma": 614.3295560955926, "log10_alpha": 0.7956199572752087, "log10_colsample_bytree": -0.9903820760288454, "log10_eta": -2.918431507076785, "log10_lambda": 0.3870396601785604, "log10_min_child_weight": 2.2106931960556238, "log10_subsample": -0.40110094934738394, "max_depth": 8.0, "num_boost_round": 1.0}, "datetime": {"datetime": "2024-01-19 01:41:19", "elapsed": 5376.700817, "delta": 0.005073}}
{"target": -17.67708721740899, "params": {"gamma": 614.3295560955926, "log10_alpha": 0.7956199572752087, "log10_colsample_bytree": -0.9903820760288454, "log10_eta": -2.918431507076785, "log10_lambda": 0.3870396601785604, "log10_min_child_weight": 2.2106931960556238, "log10_subsample": -0.40110094934738394, "max_depth": 8.0, "num_boost_round": 2.0}, "datetime": {"datetime": "2024-01-19 01:41:19", "elapsed": 5376.705433, "delta": 0.004616}}
{"target": -17.677049284383745, "params": {"gamma": 614.3295560955926, "log10_alpha": 0.7956199572752087, "log10_colsample_bytree": -0.9903820760288454, "log10_eta": -2.918431507076785, "log10_lambda": 0.3870396601785604, "log10_min_child_weight": 2.2106931960556238, "log10_subsample": -0.40110094934738394, "max_depth": 8.0, "num_boost_round": 3.0}, "datetime": {"datetime": "2024-01-19 01:41:19", "elapsed": 5376.710141, "delta": 0.004708}}
{"target": -17.676951505765615, "params": {"gamma": 614.3295560955926, "log10_alpha": 0.7956199572752087, "log10_colsample_bytree": -0.9903820760288454, "log10_eta": -2.918431507076785, "log10_lambda": 0.3870396601785604, "log10_min_child_weight": 2.2106931960556238, "log10_subsample": -0.40110094934738394, "max_depth": 8.0, "num_boost_round": 4.0}, "datetime": {"datetime": "2024-01-19 01:41:19", "elapsed": 5376.714744, "delta": 0.004603}}
{"target": -17.676970468211625, "params": {"gamma": 614.3295560955926, "log10_alpha": 0.7956199572752087, "log10_colsample_bytree": -0.9903820760288454, "log10_eta": -2.918431507076785, "log10_lambda": 0.3870396601785604, "log10_min_child_weight": 2.2106931960556238, "log10_subsample": -0.40110094934738394, "max_depth": 8.0, "num_boost_round": 5.0}, "datetime": {"datetime": "2024-01-19 01:41:19", "elapsed": 5376.719442, "delta": 0.004698}}
