{"target": -13.758520657415277, "params": {"gamma": 702.9803195878965, "log10_alpha": -3.0871601919527754, "log10_colsample_bytree": -0.34755148171640915, "log10_eta": -3.747213877792236, "log10_lambda": -4.818528689184966, "log10_min_child_weight": 2.1036604484385752, "log10_subsample": -0.9416747414497559, "max_depth": 2.0, "num_boost_round": 11.0}, "datetime": {"datetime": "2024-01-19 02:16:33", "elapsed": 7500.985971, "delta": 0.006453}}
{"target": -13.758519998672778, "params": {"gamma": 702.9803195878965, "log10_alpha": -3.0871601919527754, "log10_colsample_bytree": -0.34755148171640915, "log10_eta": -3.747213877792236, "log10_lambda": -4.818528689184966, "log10_min_child_weight": 2.1036604484385752, "log10_subsample": -0.9416747414497559, "max_depth": 2.0, "num_boost_round": 12.0}, "datetime": {"datetime": "2024-01-19 02:16:33", "elapsed": 7500.992538, "delta": 0.006567}}
{"target": -13.75851791744903, "params": {"gamma": 702.9803195878965, "log10_alpha": -3.0871601919527754, "log10_colsample_bytree": -0.34755148171640915, "log10_eta": -3.747213877792236, "log10_lambda": -4.818528689184966, "log10_min_child_weight": 2.1036604484385752, "log10_subsample": -0.9416747414497559, "max_depth": 2.0, "num_boost_round": 13.0}, "datetime": {"datetime": "2024-01-19 02:16:33", "elapsed": 7500.999096, "delta": 0.006558}}
{"target": -13.758516219362258, "params": {"gamma": 702.9803195878965, "log10_alpha": -3.0871601919527754, "log10_colsample_bytree": -0.34755148171640915, "log10_eta": -3.747213877792236, "log10_lambda": -4.818528689184966, "log10_min_child_weight": 2.1036604484385752, "log10_subsample": -0.9416747414497559, "max_depth": 2.0, "num_boost_round": 14.0}, "datetime": {"datetime": "2024-01-19 02:16:33", "elapsed": 7501.005499, "delta": 0.006403}}
{"target": -13.75851224758652, "params": {"gamma": 702.9803195878965, "log10_alpha": -3.0871601919527754, "log10_colsample_bytree": -0.34755148171640915, "log10_eta": -3.747213877792236, "log10_lambda": -4.818528689184966, "log10_min_child_weight": 2.1036604484385752, "log10_subsample": -0.9416747414497559, "max_depth": 2.0, "num_boost_round": 15.0}, "datetime": {"datetime": "2024-01-19 02:16:33", "elapsed": 7501.01189, "delta": 0.006391}}
{"target": -13.75850880857045, "params": {"gamma": 702.9803195878965, "log10_alpha": -3.0871601919527754, "log10_colsample_bytree": -0.34755148171640915, "log10_eta": -3.747213877792236, "log10_lambda": -4.818528689184966, "log10_min_child_weight": 2.1036604484385752, "log10_subsample": -0.9416747414497559, "max_depth": 2.0, "num_boost_round": 16.0}, "datetime": {"datetime": "2024-01-19 02:16:33", "elapsed": 7501.018406, "delta": 0.006516}}
{"target": -13.758506577289904, "params": {"gamma": 702.9803195878965, "log10_alpha": -3.0871601919527754, "log10_colsample_bytree": -0.34755148171640915, "log10_eta": -3.747213877792236, "log10_lambda": -4.818528689184966, "log10_min_child_weight": 2.1036604484385752, "log10_subsample": -0.9416747414497559, "max_depth": 2.0, "num_boost_round": 17.0}, "datetime": {"datetime": "2024-01-19 02:16:33", "elapsed": 7501.02477, "delta": 0.006364}}
{"target": -13.758508504713266, "params": {"gamma": 702.9803195878965, "log10_alpha": -3.0871601919527754, "log10_colsample_bytree": -0.34755148171640915, "log10_eta": -3.747213877792236, "log10_lambda": -4.818528689184966, "log10_min_child_weight": 2.1036604484385752, "log10_subsample": -0.9416747414497559, "max_depth": 2.0, "num_boost_round": 18.0}, "datetime": {"datetime": "2024-01-19 02:16:33", "elapsed": 7501.031705, "delta": 0.006935}}
{"target": -13.758504719197381, "params": {"gamma": 702.9803195878965, "log10_alpha": -3.0871601919527754, "log10_colsample_bytree": -0.34755148171640915, "log10_eta": -3.747213877792236, "log10_lambda": -4.818528689184966, "log10_min_child_weight": 2.1036604484385752, "log10_subsample": -0.9416747414497559, "max_depth": 2.0, "num_boost_round": 19.0}, "datetime": {"datetime": "2024-01-19 02:16:33", "elapsed": 7501.038437, "delta": 0.006732}}
{"target": -13.758501849308448, "params": {"gamma": 702.9803195878965, "log10_alpha": -3.0871601919527754, "log10_colsample_bytree": -0.34755148171640915, "log10_eta": -3.747213877792236, "log10_lambda": -4.818528689184966, "log10_min_child_weight": 2.1036604484385752, "log10_subsample": -0.9416747414497559, "max_depth": 2.0, "num_boost_round": 20.0}, "datetime": {"datetime": "2024-01-19 02:16:33", "elapsed": 7501.045161, "delta": 0.006724}}
{"target": -13.758500969990335, "params": {"gamma": 702.9803195878965, "log10_alpha": -3.0871601919527754, "log10_colsample_bytree": -0.34755148171640915, "log10_eta": -3.747213877792236, "log10_lambda": -4.818528689184966, "log10_min_child_weight": 2.1036604484385752, "log10_subsample": -0.9416747414497559, "max_depth": 2.0, "num_boost_round": 21.0}, "datetime": {"datetime": "2024-01-19 02:16:33", "elapsed": 7501.052223, "delta": 0.007062}}
{"target": -13.758499485754877, "params": {"gamma": 702.9803195878965, "log10_alpha": -3.0871601919527754, "log10_colsample_bytree": -0.34755148171640915, "log10_eta": -3.747213877792236, "log10_lambda": -4.818528689184966, "log10_min_child_weight": 2.1036604484385752, "log10_subsample": -0.9416747414497559, "max_depth": 2.0, "num_boost_round": 22.0}, "datetime": {"datetime": "2024-01-19 02:16:33", "elapsed": 7501.058879, "delta": 0.006656}}
{"target": -13.758497260751737, "params": {"gamma": 702.9803195878965, "log10_alpha": -3.0871601919527754, "log10_colsample_bytree": -0.34755148171640915, "log10_eta": -3.747213877792236, "log10_lambda": -4.818528689184966, "log10_min_child_weight": 2.1036604484385752, "log10_subsample": -0.9416747414497559, "max_depth": 2.0, "num_boost_round": 23.0}, "datetime": {"datetime": "2024-01-19 02:16:33", "elapsed": 7501.065509, "delta": 0.00663}}
{"target": -13.7584964433795, "params": {"gamma": 702.9803195878965, "log10_alpha": -3.0871601919527754, "log10_colsample_bytree": -0.34755148171640915, "log10_eta": -3.747213877792236, "log10_lambda": -4.818528689184966, "log10_min_child_weight": 2.1036604484385752, "log10_subsample": -0.9416747414497559, "max_depth": 2.0, "num_boost_round": 24.0}, "datetime": {"datetime": "2024-01-19 02:16:33", "elapsed": 7501.071928, "delta": 0.006419}}
{"target": -13.758496604195898, "params": {"gamma": 702.9803195878965, "log10_alpha": -3.0871601919527754, "log10_colsample_bytree": -0.34755148171640915, "log10_eta": -3.747213877792236, "log10_lambda": -4.818528689184966, "log10_min_child_weight": 2.1036604484385752, "log10_subsample": -0.9416747414497559, "max_depth": 2.0, "num_boost_round": 25.0}, "datetime": {"datetime": "2024-01-19 02:16:33", "elapsed": 7501.078292, "delta": 0.006364}}
{"target": -13.758496771223317, "params": {"gamma": 702.9803195878965, "log10_alpha": -3.0871601919527754, "log10_colsample_bytree": -0.34755148171640915, "log10_eta": -3.747213877792236, "log10_lambda": -4.818528689184966, "log10_min_child_weight": 2.1036604484385752, "log10_subsample": -0.9416747414497559, "max_depth": 2.0, "num_boost_round": 26.0}, "datetime": {"datetime": "2024-01-19 02:16:33", "elapsed": 7501.084518, "delta": 0.006226}}
{"target": -13.758495755407417, "params": {"gamma": 702.9803195878965, "log10_alpha": -3.0871601919527754, "log10_colsample_bytree": -0.34755148171640915, "log10_eta": -3.747213877792236, "log10_lambda": -4.818528689184966, "log10_min_child_weight": 2.1036604484385752, "log10_subsample": -0.9416747414497559, "max_depth": 2.0, "num_boost_round": 27.0}, "datetime": {"datetime": "2024-01-19 02:16:33", "elapsed": 7501.090908, "delta": 0.00639}}
{"target": -13.758495352842244, "params": {"gamma": 702.9803195878965, "log10_alpha": -3.0871601919527754, "log10_colsample_bytree": -0.34755148171640915, "log10_eta": -3.747213877792236, "log10_lambda": -4.818528689184966, "log10_min_child_weight": 2.1036604484385752, "log10_subsample": -0.9416747414497559, "max_depth": 2.0, "num_boost_round": 28.0}, "datetime": {"datetime": "2024-01-19 02:16:33", "elapsed": 7501.097192, "delta": 0.006284}}
{"target": -13.758493974525297, "params": {"gamma": 702.9803195878965, "log10_alpha": -3.0871601919527754, "log10_colsample_bytree": -0.34755148171640915, "log10_eta": -3.747213877792236, "log10_lambda": -4.818528689184966, "log10_min_child_weight": 2.1036604484385752, "log10_subsample": -0.9416747414497559, "max_depth": 2.0, "num_boost_round": 29.0}, "datetime": {"datetime": "2024-01-19 02:16:33", "elapsed": 7501.103461, "delta": 0.006269}}
{"target": -13.758492422422378, "params": {"gamma": 702.9803195878965, "log10_alpha": -3.0871601919527754, "log10_colsample_bytree": -0.34755148171640915, "log10_eta": -3.747213877792236, "log10_lambda": -4.818528689184966, "log10_min_child_weight": 2.1036604484385752, "log10_subsample": -0.9416747414497559, "max_depth": 2.0, "num_boost_round": 30.0}, "datetime": {"datetime": "2024-01-19 02:16:33", "elapsed": 7501.109827, "delta": 0.006366}}
{"target": -13.75849050178098, "params": {"gamma": 702.9803195878965, "log10_alpha": -3.0871601919527754, "log10_colsample_bytree": -0.34755148171640915, "log10_eta": -3.747213877792236, "log10_lambda": -4.818528689184966, "log10_min_child_weight": 2.1036604484385752, "log10_subsample": -0.9416747414497559, "max_depth": 2.0, "num_boost_round": 31.0}, "datetime": {"datetime": "2024-01-19 02:16:33", "elapsed": 7501.116271, "delta": 0.006444}}
{"target": -13.758535937885105, "params": {"gamma": 709.3551850494146, "log10_alpha": -4.552516132925154, "log10_colsample_bytree": -0.608803572359881, "log10_eta": -3.6719601962255592, "log10_lambda": -1.9905025860024024, "log10_min_child_weight": 4.516508280701221, "log10_subsample": -0.1288372073048939, "max_depth": 3.0, "num_boost_round": 0.0}, "datetime": {"datetime": "2024-01-19 02:18:43", "elapsed": 7631.285743, "delta": 130.169472}}
{"target": -13.75853603597564, "params": {"gamma": 709.3551850494146, "log10_alpha": -4.552516132925154, "log10_colsample_bytree": -0.608803572359881, "log10_eta": -3.6719601962255592, "log10_lambda": -1.9905025860024024, "log10_min_child_weight": 4.516508280701221, "log10_subsample": -0.1288372073048939, "max_depth": 3.0, "num_boost_round": 1.0}, "datetime": {"datetime": "2024-01-19 02:18:43", "elapsed": 7631.429233, "delta": 0.14349}}
{"target": -13.75853548621215, "params": {"gamma": 709.3551850494146, "log10_alpha": -4.552516132925154, "log10_colsample_bytree": -0.608803572359881, "log10_eta": -3.6719601962255592, "log10_lambda": -1.9905025860024024, "log10_min_child_weight": 4.516508280701221, "log10_subsample": -0.1288372073048939, "max_depth": 3.0, "num_boost_round": 2.0}, "datetime": {"datetime": "2024-01-19 02:18:43", "elapsed": 7631.437204, "delta": 0.007971}}
{"target": -13.758534207196474, "params": {"gamma": 709.3551850494146, "log10_alpha": -4.552516132925154, "log10_colsample_bytree": -0.608803572359881, "log10_eta": -3.6719601962255592, "log10_lambda": -1.9905025860024024, "log10_min_child_weight": 4.516508280701221, "log10_subsample": -0.1288372073048939, "max_depth": 3.0, "num_boost_round": 3.0}, "datetime": {"datetime": "2024-01-19 02:18:43", "elapsed": 7631.444696, "delta": 0.007492}}
{"target": -13.758532609710333, "params": {"gamma": 709.3551850494146, "log10_alpha": -4.552516132925154, "log10_colsample_bytree": -0.608803572359881, "log10_eta": -3.6719601962255592, "log10_lambda": -1.9905025860024024, "log10_min_child_weight": 4.516508280701221, "log10_subsample": -0.1288372073048939, "max_depth": 3.0, "num_boost_round": 4.0}, "datetime": {"datetime": "2024-01-19 02:18:43", "elapsed": 7631.45198, "delta": 0.007284}}
{"target": -13.758532872242068, "params": {"gamma": 709.3551850494146, "log10_alpha": -4.552516132925154, "log10_colsample_bytree": -0.608803572359881, "log10_eta": -3.6719601962255592, "log10_lambda": -1.9905025860024024, "log10_min_child_weight": 4.516508280701221, "log10_subsample": -0.1288372073048939, "max_depth": 3.0, "num_boost_round": 5.0}, "datetime": {"datetime": "2024-01-19 02:18:43", "elapsed": 7631.459224, "delta": 0.007244}}
{"target": -13.7585347286637, "params": {"gamma": 709.3551850494146, "log10_alpha": -4.552516132925154, "log10_colsample_bytree": -0.608803572359881, "log10_eta": -3.6719601962255592, "log10_lambda": -1.9905025860024024, "log10_min_child_weight": 4.516508280701221, "log10_subsample": -0.1288372073048939, "max_depth": 3.0, "num_boost_round": 6.0}, "datetime": {"datetime": "2024-01-19 02:18:43", "elapsed": 7631.466954, "delta": 0.00773}}
{"target": -13.758532240580244, "params": {"gamma": 709.3551850494146, "log10_alpha": -4.552516132925154, "log10_colsample_bytree": -0.608803572359881, "log10_eta": -3.6719601962255592, "log10_lambda": -1.9905025860024024, "log10_min_child_weight": 4.516508280701221, "log10_subsample": -0.1288372073048939, "max_depth": 3.0, "num_boost_round": 7.0}, "datetime": {"datetime": "2024-01-19 02:18:43", "elapsed": 7631.474413, "delta": 0.007459}}
{"target": -13.758532584775043, "params": {"gamma": 709.3551850494146, "log10_alpha": -4.552516132925154, "log10_colsample_bytree": -0.608803572359881, "log10_eta": -3.6719601962255592, "log10_lambda": -1.9905025860024024, "log10_min_child_weight": 4.516508280701221, "log10_subsample": -0.1288372073048939, "max_depth": 3.0, "num_boost_round": 8.0}, "datetime": {"datetime": "2024-01-19 02:18:43", "elapsed": 7631.482153, "delta": 0.00774}}
{"target": -13.758530718998898, "params": {"gamma": 709.3551850494146, "log10_alpha": -4.552516132925154, "log10_colsample_bytree": -0.608803572359881, "log10_eta": -3.6719601962255592, "log10_lambda": -1.9905025860024024, "log10_min_child_weight": 4.516508280701221, "log10_subsample": -0.1288372073048939, "max_depth": 3.0, "num_boost_round": 9.0}, "datetime": {"datetime": "2024-01-19 02:18:43", "elapsed": 7631.490693, "delta": 0.00854}}
{"target": -13.75852952061783, "params": {"gamma": 709.3551850494146, "log10_alpha": -4.552516132925154, "log10_colsample_bytree": -0.608803572359881, "log10_eta": -3.6719601962255592, "log10_lambda": -1.9905025860024024, "log10_min_child_weight": 4.516508280701221, "log10_subsample": -0.1288372073048939, "max_depth": 3.0, "num_boost_round": 10.0}, "datetime": {"datetime": "2024-01-19 02:18:43", "elapsed": 7631.498148, "delta": 0.007455}}
{"target": -13.75852844882514, "params": {"gamma": 709.3551850494146, "log10_alpha": -4.552516132925154, "log10_colsample_bytree": -0.608803572359881, "log10_eta": -3.6719601962255592, "log10_lambda": -1.9905025860024024, "log10_min_child_weight": 4.516508280701221, "log10_subsample": -0.1288372073048939, "max_depth": 3.0, "num_boost_round": 11.0}, "datetime": {"datetime": "2024-01-19 02:18:43", "elapsed": 7631.505633, "delta": 0.007485}}
{"target": -13.75852896334864, "params": {"gamma": 709.3551850494146, "log10_alpha": -4.552516132925154, "log10_colsample_bytree": -0.608803572359881, "log10_eta": -3.6719601962255592, "log10_lambda": -1.9905025860024024, "log10_min_child_weight": 4.516508280701221, "log10_subsample": -0.1288372073048939, "max_depth": 3.0, "num_boost_round": 12.0}, "datetime": {"datetime": "2024-01-19 02:18:43", "elapsed": 7631.513211, "delta": 0.007578}}
{"target": -13.758527260218864, "params": {"gamma": 709.3551850494146, "log10_alpha": -4.552516132925154, "log10_colsample_bytree": -0.608803572359881, "log10_eta": -3.6719601962255592, "log10_lambda": -1.9905025860024024, "log10_min_child_weight": 4.516508280701221, "log10_subsample": -0.1288372073048939, "max_depth": 3.0, "num_boost_round": 13.0}, "datetime": {"datetime": "2024-01-19 02:18:43", "elapsed": 7631.520748, "delta": 0.007537}}
{"target": -13.758526203929923, "params": {"gamma": 709.3551850494146, "log10_alpha": -4.552516132925154, "log10_colsample_bytree": -0.608803572359881, "log10_eta": -3.6719601962255592, "log10_lambda": -1.9905025860024024, "log10_min_child_weight": 4.516508280701221, "log10_subsample": -0.1288372073048939, "max_depth": 3.0, "num_boost_round": 14.0}, "datetime": {"datetime": "2024-01-19 02:18:43", "elapsed": 7631.528638, "delta": 0.00789}}
{"target": -13.75852358182946, "params": {"gamma": 709.3551850494146, "log10_alpha": -4.552516132925154, "log10_colsample_bytree": -0.608803572359881, "log10_eta": -3.6719601962255592, "log10_lambda": -1.9905025860024024, "log10_min_child_weight": 4.516508280701221, "log10_subsample": -0.1288372073048939, "max_depth": 3.0, "num_boost_round": 15.0}, "datetime": {"datetime": "2024-01-19 02:18:43", "elapsed": 7631.536122, "delta": 0.007484}}
{"target": -13.758523371812718, "params": {"gamma": 709.3551850494146, "log10_alpha": -4.552516132925154, "log10_colsample_bytree": -0.608803572359881, "log10_eta": -3.6719601962255592, "log10_lambda": -1.9905025860024024, "log10_min_child_weight": 4.516508280701221, "log10_subsample": -0.1288372073048939, "max_depth": 3.0, "num_boost_round": 16.0}, "datetime": {"datetime": "2024-01-19 02:18:43", "elapsed": 7631.543406, "delta": 0.007284}}
{"target": -13.758523007867625, "params": {"gamma": 709.3551850494146, "log10_alpha": -4.552516132925154, "log10_colsample_bytree": -0.608803572359881, "log10_eta": -3.6719601962255592, "log10_lambda": -1.9905025860024024, "log10_min_child_weight": 4.516508280701221, "log10_subsample": -0.1288372073048939, "max_depth": 3.0, "num_boost_round": 17.0}, "datetime": {"datetime": "2024-01-19 02:18:43", "elapsed": 7631.550641, "delta": 0.007235}}
{"target": -13.758521059259095, "params": {"gamma": 709.3551850494146, "log10_alpha": -4.552516132925154, "log10_colsample_bytree": -0.608803572359881, "log10_eta": -3.6719601962255592, "log10_lambda": -1.9905025860024024, "log10_min_child_weight": 4.516508280701221, "log10_subsample": -0.1288372073048939, "max_depth": 3.0, "num_boost_round": 18.0}, "datetime": {"datetime": "2024-01-19 02:18:43", "elapsed": 7631.557857, "delta": 0.007216}}
{"target": -13.758520480087302, "params": {"gamma": 709.3551850494146, "log10_alpha": -4.552516132925154, "log10_colsample_bytree": -0.608803572359881, "log10_eta": -3.6719601962255592, "log10_lambda": -1.9905025860024024, "log10_min_child_weight": 4.516508280701221, "log10_subsample": -0.1288372073048939, "max_depth": 3.0, "num_boost_round": 19.0}, "datetime": {"datetime": "2024-01-19 02:18:43", "elapsed": 7631.566307, "delta": 0.00845}}
{"target": -13.758521543189296, "params": {"gamma": 709.3551850494146, "log10_alpha": -4.552516132925154, "log10_colsample_bytree": -0.608803572359881, "log10_eta": -3.6719601962255592, "log10_lambda": -1.9905025860024024, "log10_min_child_weight": 4.516508280701221, "log10_subsample": -0.1288372073048939, "max_depth": 3.0, "num_boost_round": 20.0}, "datetime": {"datetime": "2024-01-19 02:18:44", "elapsed": 7631.574736, "delta": 0.008429}}
{"target": -13.758523373711538, "params": {"gamma": 709.3551850494146, "log10_alpha": -4.552516132925154, "log10_colsample_bytree": -0.608803572359881, "log10_eta": -3.6719601962255592, "log10_lambda": -1.9905025860024024, "log10_min_child_weight": 4.516508280701221, "log10_subsample": -0.1288372073048939, "max_depth": 3.0, "num_boost_round": 21.0}, "datetime": {"datetime": "2024-01-19 02:18:44", "elapsed": 7631.583022, "delta": 0.008286}}
{"target": -13.758525549685196, "params": {"gamma": 709.3551850494146, "log10_alpha": -4.552516132925154, "log10_colsample_bytree": -0.608803572359881, "log10_eta": -3.6719601962255592, "log10_lambda": -1.9905025860024024, "log10_min_child_weight": 4.516508280701221, "log10_subsample": -0.1288372073048939, "max_depth": 3.0, "num_boost_round": 22.0}, "datetime": {"datetime": "2024-01-19 02:18:44", "elapsed": 7631.590897, "delta": 0.007875}}
{"target": -13.758525312890079, "params": {"gamma": 709.3551850494146, "log10_alpha": -4.552516132925154, "log10_colsample_bytree": -0.608803572359881, "log10_eta": -3.6719601962255592, "log10_lambda": -1.9905025860024024, "log10_min_child_weight": 4.516508280701221, "log10_subsample": -0.1288372073048939, "max_depth": 3.0, "num_boost_round": 23.0}, "datetime": {"datetime": "2024-01-19 02:18:44", "elapsed": 7631.598706, "delta": 0.007809}}
{"target": -13.75852467146621, "params": {"gamma": 709.3551850494146, "log10_alpha": -4.552516132925154, "log10_colsample_bytree": -0.608803572359881, "log10_eta": -3.6719601962255592, "log10_lambda": -1.9905025860024024, "log10_min_child_weight": 4.516508280701221, "log10_subsample": -0.1288372073048939, "max_depth": 3.0, "num_boost_round": 24.0}, "datetime": {"datetime": "2024-01-19 02:18:44", "elapsed": 7631.606009, "delta": 0.007303}}
{"target": -13.758524224391525, "params": {"gamma": 709.3551850494146, "log10_alpha": -4.552516132925154, "log10_colsample_bytree": -0.608803572359881, "log10_eta": -3.6719601962255592, "log10_lambda": -1.9905025860024024, "log10_min_child_weight": 4.516508280701221, "log10_subsample": -0.1288372073048939, "max_depth": 3.0, "num_boost_round": 25.0}, "datetime": {"datetime": "2024-01-19 02:18:44", "elapsed": 7631.613614, "delta": 0.007605}}
{"target": -13.758524258565659, "params": {"gamma": 709.3551850494146, "log10_alpha": -4.552516132925154, "log10_colsample_bytree": -0.608803572359881, "log10_eta": -3.6719601962255592, "log10_lambda": -1.9905025860024024, "log10_min_child_weight": 4.516508280701221, "log10_subsample": -0.1288372073048939, "max_depth": 3.0, "num_boost_round": 26.0}, "datetime": {"datetime": "2024-01-19 02:18:44", "elapsed": 7631.621077, "delta": 0.007463}}
{"target": -13.75852220805352, "params": {"gamma": 709.3551850494146, "log10_alpha": -4.552516132925154, "log10_colsample_bytree": -0.608803572359881, "log10_eta": -3.6719601962255592, "log10_lambda": -1.9905025860024024, "log10_min_child_weight": 4.516508280701221, "log10_subsample": -0.1288372073048939, "max_depth": 3.0, "num_boost_round": 27.0}, "datetime": {"datetime": "2024-01-19 02:18:44", "elapsed": 7631.628556, "delta": 0.007479}}
