{"target": -13.758534023161879, "params": {"gamma": 31.89310918660615, "log10_alpha": 0.9658134626122203, "log10_colsample_bytree": -0.4140953844776498, "log10_eta": -3.8665996434381418, "log10_lambda": -4.617843936152539, "log10_min_child_weight": 0.2864360653746384, "log10_subsample": -0.3467838875805779, "max_depth": 3.0, "num_boost_round": 1.0}, "datetime": {"datetime": "2024-01-19 01:59:07", "elapsed": 6455.551048, "delta": 0.006226}}
{"target": -13.758534148057059, "params": {"gamma": 31.89310918660615, "log10_alpha": 0.9658134626122203, "log10_colsample_bytree": -0.4140953844776498, "log10_eta": -3.8665996434381418, "log10_lambda": -4.617843936152539, "log10_min_child_weight": 0.2864360653746384, "log10_subsample": -0.3467838875805779, "max_depth": 3.0, "num_boost_round": 2.0}, "datetime": {"datetime": "2024-01-19 01:59:07", "elapsed": 6455.556353, "delta": 0.005305}}
{"target": -13.758535226270787, "params": {"gamma": 31.89310918660615, "log10_alpha": 0.9658134626122203, "log10_colsample_bytree": -0.4140953844776498, "log10_eta": -3.8665996434381418, "log10_lambda": -4.617843936152539, "log10_min_child_weight": 0.2864360653746384, "log10_subsample": -0.3467838875805779, "max_depth": 3.0, "num_boost_round": 3.0}, "datetime": {"datetime": "2024-01-19 01:59:07", "elapsed": 6455.561594, "delta": 0.005241}}
{"target": -13.758531883581478, "params": {"gamma": 31.89310918660615, "log10_alpha": 0.9658134626122203, "log10_colsample_bytree": -0.4140953844776498, "log10_eta": -3.8665996434381418, "log10_lambda": -4.617843936152539, "log10_min_child_weight": 0.2864360653746384, "log10_subsample": -0.3467838875805779, "max_depth": 3.0, "num_boost_round": 4.0}, "datetime": {"datetime": "2024-01-19 01:59:07", "elapsed": 6455.566926, "delta": 0.005332}}
{"target": -13.758529698401178, "params": {"gamma": 31.89310918660615, "log10_alpha": 0.9658134626122203, "log10_colsample_bytree": -0.4140953844776498, "log10_eta": -3.8665996434381418, "log10_lambda": -4.617843936152539, "log10_min_child_weight": 0.2864360653746384, "log10_subsample": -0.3467838875805779, "max_depth": 3.0, "num_boost_round": 5.0}, "datetime": {"datetime": "2024-01-19 01:59:07", "elapsed": 6455.572491, "delta": 0.005565}}
{"target": -13.758527879492307, "params": {"gamma": 31.89310918660615, "log10_alpha": 0.9658134626122203, "log10_colsample_bytree": -0.4140953844776498, "log10_eta": -3.8665996434381418, "log10_lambda": -4.617843936152539, "log10_min_child_weight": 0.2864360653746384, "log10_subsample": -0.3467838875805779, "max_depth": 3.0, "num_boost_round": 6.0}, "datetime": {"datetime": "2024-01-19 01:59:07", "elapsed": 6455.577735, "delta": 0.005244}}
{"target": -13.758525899849596, "params": {"gamma": 31.89310918660615, "log10_alpha": 0.9658134626122203, "log10_colsample_bytree": -0.4140953844776498, "log10_eta": -3.8665996434381418, "log10_lambda": -4.617843936152539, "log10_min_child_weight": 0.2864360653746384, "log10_subsample": -0.3467838875805779, "max_depth": 3.0, "num_boost_round": 7.0}, "datetime": {"datetime": "2024-01-19 01:59:07", "elapsed": 6455.583177, "delta": 0.005442}}
{"target": -13.758525271704748, "params": {"gamma": 31.89310918660615, "log10_alpha": 0.9658134626122203, "log10_colsample_bytree": -0.4140953844776498, "log10_eta": -3.8665996434381418, "log10_lambda": -4.617843936152539, "log10_min_child_weight": 0.2864360653746384, "log10_subsample": -0.3467838875805779, "max_depth": 3.0, "num_boost_round": 8.0}, "datetime": {"datetime": "2024-01-19 01:59:07", "elapsed": 6455.588516, "delta": 0.005339}}
{"target": -13.758521453023329, "params": {"gamma": 31.89310918660615, "log10_alpha": 0.9658134626122203, "log10_colsample_bytree": -0.4140953844776498, "log10_eta": -3.8665996434381418, "log10_lambda": -4.617843936152539, "log10_min_child_weight": 0.2864360653746384, "log10_subsample": -0.3467838875805779, "max_depth": 3.0, "num_boost_round": 9.0}, "datetime": {"datetime": "2024-01-19 01:59:07", "elapsed": 6455.593766, "delta": 0.00525}}
{"target": -13.758217568571725, "params": {"gamma": 63.175329082679646, "log10_alpha": -2.326259205630021, "log10_colsample_bytree": -0.0402938871435119, "log10_eta": -1.97615271697281, "log10_lambda": -4.817908973296777, "log10_min_child_weight": 0.1504686724590426, "log10_subsample": -0.7777570315311962, "max_depth": 4.0, "num_boost_round": 0.0}, "datetime": {"datetime": "2024-01-19 01:59:57", "elapsed": 6505.726076, "delta": 50.13231}}
{"target": -13.758045407019505, "params": {"gamma": 63.175329082679646, "log10_alpha": -2.326259205630021, "log10_colsample_bytree": -0.0402938871435119, "log10_eta": -1.97615271697281, "log10_lambda": -4.817908973296777, "log10_min_child_weight": 0.1504686724590426, "log10_subsample": -0.7777570315311962, "max_depth": 4.0, "num_boost_round": 1.0}, "datetime": {"datetime": "2024-01-19 01:59:57", "elapsed": 6505.731618, "delta": 0.005542}}
{"target": -13.757194147605414, "params": {"gamma": 63.175329082679646, "log10_alpha": -2.326259205630021, "log10_colsample_bytree": -0.0402938871435119, "log10_eta": -1.97615271697281, "log10_lambda": -4.817908973296777, "log10_min_child_weight": 0.1504686724590426, "log10_subsample": -0.7777570315311962, "max_depth": 4.0, "num_boost_round": 2.0}, "datetime": {"datetime": "2024-01-19 01:59:57", "elapsed": 6505.737012, "delta": 0.005394}}
{"target": -13.756991593782404, "params": {"gamma": 63.175329082679646, "log10_alpha": -2.326259205630021, "log10_colsample_bytree": -0.0402938871435119, "log10_eta": -1.97615271697281, "log10_lambda": -4.817908973296777, "log10_min_child_weight": 0.1504686724590426, "log10_subsample": -0.7777570315311962, "max_depth": 4.0, "num_boost_round": 3.0}, "datetime": {"datetime": "2024-01-19 01:59:57", "elapsed": 6505.742473, "delta": 0.005461}}
{"target": -13.756726771714971, "params": {"gamma": 63.175329082679646, "log10_alpha": -2.326259205630021, "log10_colsample_bytree": -0.0402938871435119, "log10_eta": -1.97615271697281, "log10_lambda": -4.817908973296777, "log10_min_child_weight": 0.1504686724590426, "log10_subsample": -0.7777570315311962, "max_depth": 4.0, "num_boost_round": 4.0}, "datetime": {"datetime": "2024-01-19 01:59:57", "elapsed": 6505.747746, "delta": 0.005273}}
{"target": -13.756750237308598, "params": {"gamma": 63.175329082679646, "log10_alpha": -2.326259205630021, "log10_colsample_bytree": -0.0402938871435119, "log10_eta": -1.97615271697281, "log10_lambda": -4.817908973296777, "log10_min_child_weight": 0.1504686724590426, "log10_subsample": -0.7777570315311962, "max_depth": 4.0, "num_boost_round": 5.0}, "datetime": {"datetime": "2024-01-19 01:59:57", "elapsed": 6505.753047, "delta": 0.005301}}
{"target": -13.756429985666573, "params": {"gamma": 63.175329082679646, "log10_alpha": -2.326259205630021, "log10_colsample_bytree": -0.0402938871435119, "log10_eta": -1.97615271697281, "log10_lambda": -4.817908973296777, "log10_min_child_weight": 0.1504686724590426, "log10_subsample": -0.7777570315311962, "max_depth": 4.0, "num_boost_round": 6.0}, "datetime": {"datetime": "2024-01-19 01:59:57", "elapsed": 6505.758375, "delta": 0.005328}}
{"target": -13.75642748373773, "params": {"gamma": 63.175329082679646, "log10_alpha": -2.326259205630021, "log10_colsample_bytree": -0.0402938871435119, "log10_eta": -1.97615271697281, "log10_lambda": -4.817908973296777, "log10_min_child_weight": 0.1504686724590426, "log10_subsample": -0.7777570315311962, "max_depth": 4.0, "num_boost_round": 7.0}, "datetime": {"datetime": "2024-01-19 01:59:57", "elapsed": 6505.763664, "delta": 0.005289}}
{"target": -13.756261549839035, "params": {"gamma": 63.175329082679646, "log10_alpha": -2.326259205630021, "log10_colsample_bytree": -0.0402938871435119, "log10_eta": -1.97615271697281, "log10_lambda": -4.817908973296777, "log10_min_child_weight": 0.1504686724590426, "log10_subsample": -0.7777570315311962, "max_depth": 4.0, "num_boost_round": 8.0}, "datetime": {"datetime": "2024-01-19 01:59:57", "elapsed": 6505.769054, "delta": 0.00539}}
{"target": -13.755991349789657, "params": {"gamma": 63.175329082679646, "log10_alpha": -2.326259205630021, "log10_colsample_bytree": -0.0402938871435119, "log10_eta": -1.97615271697281, "log10_lambda": -4.817908973296777, "log10_min_child_weight": 0.1504686724590426, "log10_subsample": -0.7777570315311962, "max_depth": 4.0, "num_boost_round": 9.0}, "datetime": {"datetime": "2024-01-19 01:59:57", "elapsed": 6505.774686, "delta": 0.005632}}
{"target": -13.756258571349836, "params": {"gamma": 63.175329082679646, "log10_alpha": -2.326259205630021, "log10_colsample_bytree": -0.0402938871435119, "log10_eta": -1.97615271697281, "log10_lambda": -4.817908973296777, "log10_min_child_weight": 0.1504686724590426, "log10_subsample": -0.7777570315311962, "max_depth": 4.0, "num_boost_round": 10.0}, "datetime": {"datetime": "2024-01-19 01:59:57", "elapsed": 6505.779951, "delta": 0.005265}}
{"target": -13.756519376609537, "params": {"gamma": 63.175329082679646, "log10_alpha": -2.326259205630021, "log10_colsample_bytree": -0.0402938871435119, "log10_eta": -1.97615271697281, "log10_lambda": -4.817908973296777, "log10_min_child_weight": 0.1504686724590426, "log10_subsample": -0.7777570315311962, "max_depth": 4.0, "num_boost_round": 11.0}, "datetime": {"datetime": "2024-01-19 01:59:57", "elapsed": 6505.78783, "delta": 0.007879}}
{"target": -13.75680876309798, "params": {"gamma": 63.175329082679646, "log10_alpha": -2.326259205630021, "log10_colsample_bytree": -0.0402938871435119, "log10_eta": -1.97615271697281, "log10_lambda": -4.817908973296777, "log10_min_child_weight": 0.1504686724590426, "log10_subsample": -0.7777570315311962, "max_depth": 4.0, "num_boost_round": 12.0}, "datetime": {"datetime": "2024-01-19 01:59:57", "elapsed": 6505.793304, "delta": 0.005474}}
{"target": -13.757016215482796, "params": {"gamma": 63.175329082679646, "log10_alpha": -2.326259205630021, "log10_colsample_bytree": -0.0402938871435119, "log10_eta": -1.97615271697281, "log10_lambda": -4.817908973296777, "log10_min_child_weight": 0.1504686724590426, "log10_subsample": -0.7777570315311962, "max_depth": 4.0, "num_boost_round": 13.0}, "datetime": {"datetime": "2024-01-19 01:59:57", "elapsed": 6505.799586, "delta": 0.006282}}
{"target": -13.7573505741928, "params": {"gamma": 63.175329082679646, "log10_alpha": -2.326259205630021, "log10_colsample_bytree": -0.0402938871435119, "log10_eta": -1.97615271697281, "log10_lambda": -4.817908973296777, "log10_min_child_weight": 0.1504686724590426, "log10_subsample": -0.7777570315311962, "max_depth": 4.0, "num_boost_round": 14.0}, "datetime": {"datetime": "2024-01-19 01:59:57", "elapsed": 6505.805388, "delta": 0.005802}}
{"target": -13.75754039666779, "params": {"gamma": 63.175329082679646, "log10_alpha": -2.326259205630021, "log10_colsample_bytree": -0.0402938871435119, "log10_eta": -1.97615271697281, "log10_lambda": -4.817908973296777, "log10_min_child_weight": 0.1504686724590426, "log10_subsample": -0.7777570315311962, "max_depth": 4.0, "num_boost_round": 15.0}, "datetime": {"datetime": "2024-01-19 01:59:57", "elapsed": 6505.811072, "delta": 0.005684}}
{"target": -13.757597628594597, "params": {"gamma": 63.175329082679646, "log10_alpha": -2.326259205630021, "log10_colsample_bytree": -0.0402938871435119, "log10_eta": -1.97615271697281, "log10_lambda": -4.817908973296777, "log10_min_child_weight": 0.1504686724590426, "log10_subsample": -0.7777570315311962, "max_depth": 4.0, "num_boost_round": 16.0}, "datetime": {"datetime": "2024-01-19 01:59:57", "elapsed": 6505.816519, "delta": 0.005447}}
{"target": -13.757637721707608, "params": {"gamma": 63.175329082679646, "log10_alpha": -2.326259205630021, "log10_colsample_bytree": -0.0402938871435119, "log10_eta": -1.97615271697281, "log10_lambda": -4.817908973296777, "log10_min_child_weight": 0.1504686724590426, "log10_subsample": -0.7777570315311962, "max_depth": 4.0, "num_boost_round": 17.0}, "datetime": {"datetime": "2024-01-19 01:59:57", "elapsed": 6505.821826, "delta": 0.005307}}
{"target": -13.757714173149575, "params": {"gamma": 63.175329082679646, "log10_alpha": -2.326259205630021, "log10_colsample_bytree": -0.0402938871435119, "log10_eta": -1.97615271697281, "log10_lambda": -4.817908973296777, "log10_min_child_weight": 0.1504686724590426, "log10_subsample": -0.7777570315311962, "max_depth": 4.0, "num_boost_round": 18.0}, "datetime": {"datetime": "2024-01-19 01:59:57", "elapsed": 6505.827131, "delta": 0.005305}}
{"target": -13.757745957326506, "params": {"gamma": 63.175329082679646, "log10_alpha": -2.326259205630021, "log10_colsample_bytree": -0.0402938871435119, "log10_eta": -1.97615271697281, "log10_lambda": -4.817908973296777, "log10_min_child_weight": 0.1504686724590426, "log10_subsample": -0.7777570315311962, "max_depth": 4.0, "num_boost_round": 19.0}, "datetime": {"datetime": "2024-01-19 01:59:57", "elapsed": 6505.832535, "delta": 0.005404}}
{"target": -13.757525882266412, "params": {"gamma": 63.175329082679646, "log10_alpha": -2.326259205630021, "log10_colsample_bytree": -0.0402938871435119, "log10_eta": -1.97615271697281, "log10_lambda": -4.817908973296777, "log10_min_child_weight": 0.1504686724590426, "log10_subsample": -0.7777570315311962, "max_depth": 4.0, "num_boost_round": 20.0}, "datetime": {"datetime": "2024-01-19 01:59:57", "elapsed": 6505.837984, "delta": 0.005449}}
{"target": -13.75851780549287, "params": {"gamma": 19.495569719125804, "log10_alpha": -4.346151186872838, "log10_colsample_bytree": -0.2939562616241407, "log10_eta": -3.3170441572585485, "log10_lambda": -3.1839231189719177, "log10_min_child_weight": 0.42275939360491954, "log10_subsample": -0.16966791991709673, "max_depth": 9.0, "num_boost_round": 0.0}, "datetime": {"datetime": "2024-01-19 02:00:49", "elapsed": 6557.871354, "delta": 52.03337}}
{"target": -13.758519252331931, "params": {"gamma": 19.495569719125804, "log10_alpha": -4.346151186872838, "log10_colsample_bytree": -0.2939562616241407, "log10_eta": -3.3170441572585485, "log10_lambda": -3.1839231189719177, "log10_min_child_weight": 0.42275939360491954, "log10_subsample": -0.16966791991709673, "max_depth": 9.0, "num_boost_round": 1.0}, "datetime": {"datetime": "2024-01-19 02:00:49", "elapsed": 6557.87735, "delta": 0.005996}}
{"target": -13.758494948686687, "params": {"gamma": 19.495569719125804, "log10_alpha": -4.346151186872838, "log10_colsample_bytree": -0.2939562616241407, "log10_eta": -3.3170441572585485, "log10_lambda": -3.1839231189719177, "log10_min_child_weight": 0.42275939360491954, "log10_subsample": -0.16966791991709673, "max_depth": 9.0, "num_boost_round": 2.0}, "datetime": {"datetime": "2024-01-19 02:00:49", "elapsed": 6557.882875, "delta": 0.005525}}
{"target": -13.75848647766028, "params": {"gamma": 19.495569719125804, "log10_alpha": -4.346151186872838, "log10_colsample_bytree": -0.2939562616241407, "log10_eta": -3.3170441572585485, "log10_lambda": -3.1839231189719177, "log10_min_child_weight": 0.42275939360491954, "log10_subsample": -0.16966791991709673, "max_depth": 9.0, "num_boost_round": 3.0}, "datetime": {"datetime": "2024-01-19 02:00:49", "elapsed": 6557.888373, "delta": 0.005498}}
{"target": -13.758471825248508, "params": {"gamma": 19.495569719125804, "log10_alpha": -4.346151186872838, "log10_colsample_bytree": -0.2939562616241407, "log10_eta": -3.3170441572585485, "log10_lambda": -3.1839231189719177, "log10_min_child_weight": 0.42275939360491954, "log10_subsample": -0.16966791991709673, "max_depth": 9.0, "num_boost_round": 4.0}, "datetime": {"datetime": "2024-01-19 02:00:49", "elapsed": 6557.893924, "delta": 0.005551}}
{"target": -13.758448350497886, "params": {"gamma": 19.495569719125804, "log10_alpha": -4.346151186872838, "log10_colsample_bytree": -0.2939562616241407, "log10_eta": -3.3170441572585485, "log10_lambda": -3.1839231189719177, "log10_min_child_weight": 0.42275939360491954, "log10_subsample": -0.16966791991709673, "max_depth": 9.0, "num_boost_round": 5.0}, "datetime": {"datetime": "2024-01-19 02:00:49", "elapsed": 6557.899387, "delta": 0.005463}}
{"target": -13.758457855877678, "params": {"gamma": 19.495569719125804, "log10_alpha": -4.346151186872838, "log10_colsample_bytree": -0.2939562616241407, "log10_eta": -3.3170441572585485, "log10_lambda": -3.1839231189719177, "log10_min_child_weight": 0.42275939360491954, "log10_subsample": -0.16966791991709673, "max_depth": 9.0, "num_boost_round": 6.0}, "datetime": {"datetime": "2024-01-19 02:00:49", "elapsed": 6557.904701, "delta": 0.005314}}
{"target": -13.758454632156692, "params": {"gamma": 19.495569719125804, "log10_alpha": -4.346151186872838, "log10_colsample_bytree": -0.2939562616241407, "log10_eta": -3.3170441572585485, "log10_lambda": -3.1839231189719177, "log10_min_child_weight": 0.42275939360491954, "log10_subsample": -0.16966791991709673, "max_depth": 9.0, "num_boost_round": 7.0}, "datetime": {"datetime": "2024-01-19 02:00:49", "elapsed": 6557.910082, "delta": 0.005381}}
{"target": -13.75844345187333, "params": {"gamma": 19.495569719125804, "log10_alpha": -4.346151186872838, "log10_colsample_bytree": -0.2939562616241407, "log10_eta": -3.3170441572585485, "log10_lambda": -3.1839231189719177, "log10_min_child_weight": 0.42275939360491954, "log10_subsample": -0.16966791991709673, "max_depth": 9.0, "num_boost_round": 8.0}, "datetime": {"datetime": "2024-01-19 02:00:49", "elapsed": 6557.915622, "delta": 0.00554}}
{"target": -13.75843753619987, "params": {"gamma": 19.495569719125804, "log10_alpha": -4.346151186872838, "log10_colsample_bytree": -0.2939562616241407, "log10_eta": -3.3170441572585485, "log10_lambda": -3.1839231189719177, "log10_min_child_weight": 0.42275939360491954, "log10_subsample": -0.16966791991709673, "max_depth": 9.0, "num_boost_round": 9.0}, "datetime": {"datetime": "2024-01-19 02:00:49", "elapsed": 6557.920956, "delta": 0.005334}}
{"target": -13.758407387320196, "params": {"gamma": 19.495569719125804, "log10_alpha": -4.346151186872838, "log10_colsample_bytree": -0.2939562616241407, "log10_eta": -3.3170441572585485, "log10_lambda": -3.1839231189719177, "log10_min_child_weight": 0.42275939360491954, "log10_subsample": -0.16966791991709673, "max_depth": 9.0, "num_boost_round": 10.0}, "datetime": {"datetime": "2024-01-19 02:00:49", "elapsed": 6557.926384, "delta": 0.005428}}
{"target": -13.77185679503805, "params": {"gamma": 60.38542936173108, "log10_alpha": 0.17074041132564943, "log10_colsample_bytree": -0.39281049851417005, "log10_eta": -0.38239873533702795, "log10_lambda": -2.207296979012292, "log10_min_child_weight": 2.885135803721685, "log10_subsample": -0.7270086101395555, "max_depth": 4.0, "num_boost_round": 0.0}, "datetime": {"datetime": "2024-01-19 02:02:31", "elapsed": 6659.272482, "delta": 101.346098}}
{"target": -13.765976048755125, "params": {"gamma": 60.38542936173108, "log10_alpha": 0.17074041132564943, "log10_colsample_bytree": -0.39281049851417005, "log10_eta": -0.38239873533702795, "log10_lambda": -2.207296979012292, "log10_min_child_weight": 2.885135803721685, "log10_subsample": -0.7270086101395555, "max_depth": 4.0, "num_boost_round": 1.0}, "datetime": {"datetime": "2024-01-19 02:02:31", "elapsed": 6659.278839, "delta": 0.006357}}
{"target": -13.775239801912484, "params": {"gamma": 60.38542936173108, "log10_alpha": 0.17074041132564943, "log10_colsample_bytree": -0.39281049851417005, "log10_eta": -0.38239873533702795, "log10_lambda": -2.207296979012292, "log10_min_child_weight": 2.885135803721685, "log10_subsample": -0.7270086101395555, "max_depth": 4.0, "num_boost_round": 2.0}, "datetime": {"datetime": "2024-01-19 02:02:31", "elapsed": 6659.284946, "delta": 0.006107}}
{"target": -13.786559151770753, "params": {"gamma": 60.38542936173108, "log10_alpha": 0.17074041132564943, "log10_colsample_bytree": -0.39281049851417005, "log10_eta": -0.38239873533702795, "log10_lambda": -2.207296979012292, "log10_min_child_weight": 2.885135803721685, "log10_subsample": -0.7270086101395555, "max_depth": 4.0, "num_boost_round": 3.0}, "datetime": {"datetime": "2024-01-19 02:02:31", "elapsed": 6659.290878, "delta": 0.005932}}
{"target": -13.793700358052035, "params": {"gamma": 60.38542936173108, "log10_alpha": 0.17074041132564943, "log10_colsample_bytree": -0.39281049851417005, "log10_eta": -0.38239873533702795, "log10_lambda": -2.207296979012292, "log10_min_child_weight": 2.885135803721685, "log10_subsample": -0.7270086101395555, "max_depth": 4.0, "num_boost_round": 4.0}, "datetime": {"datetime": "2024-01-19 02:02:31", "elapsed": 6659.296348, "delta": 0.00547}}
{"target": -13.798721819725415, "params": {"gamma": 60.38542936173108, "log10_alpha": 0.17074041132564943, "log10_colsample_bytree": -0.39281049851417005, "log10_eta": -0.38239873533702795, "log10_lambda": -2.207296979012292, "log10_min_child_weight": 2.885135803721685, "log10_subsample": -0.7270086101395555, "max_depth": 4.0, "num_boost_round": 5.0}, "datetime": {"datetime": "2024-01-19 02:02:31", "elapsed": 6659.302041, "delta": 0.005693}}
{"target": -13.806244152190294, "params": {"gamma": 60.38542936173108, "log10_alpha": 0.17074041132564943, "log10_colsample_bytree": -0.39281049851417005, "log10_eta": -0.38239873533702795, "log10_lambda": -2.207296979012292, "log10_min_child_weight": 2.885135803721685, "log10_subsample": -0.7270086101395555, "max_depth": 4.0, "num_boost_round": 6.0}, "datetime": {"datetime": "2024-01-19 02:02:31", "elapsed": 6659.307359, "delta": 0.005318}}
{"target": -13.814082055175879, "params": {"gamma": 60.38542936173108, "log10_alpha": 0.17074041132564943, "log10_colsample_bytree": -0.39281049851417005, "log10_eta": -0.38239873533702795, "log10_lambda": -2.207296979012292, "log10_min_child_weight": 2.885135803721685, "log10_subsample": -0.7270086101395555, "max_depth": 4.0, "num_boost_round": 7.0}, "datetime": {"datetime": "2024-01-19 02:02:31", "elapsed": 6659.312612, "delta": 0.005253}}
