{"target": -13.758414850640206, "params": {"gamma": 575.757838519802, "log10_alpha": -0.5184757354598473, "log10_colsample_bytree": -0.8141553889126637, "log10_eta": -3.6440698051764593, "log10_lambda": -2.1160729644392946, "log10_min_child_weight": 2.631738635617022, "log10_subsample": -0.9934521317457408, "max_depth": 8.0, "num_boost_round": 26.0}, "datetime": {"datetime": "2024-01-19 01:10:47", "elapsed": 3579.307188, "delta": 0.003864}}
{"target": -13.758407595966258, "params": {"gamma": 575.757838519802, "log10_alpha": -0.5184757354598473, "log10_colsample_bytree": -0.8141553889126637, "log10_eta": -3.6440698051764593, "log10_lambda": -2.1160729644392946, "log10_min_child_weight": 2.631738635617022, "log10_subsample": -0.9934521317457408, "max_depth": 8.0, "num_boost_round": 27.0}, "datetime": {"datetime": "2024-01-19 01:10:47", "elapsed": 3579.311011, "delta": 0.003823}}
{"target": -13.758405699456945, "params": {"gamma": 575.757838519802, "log10_alpha": -0.5184757354598473, "log10_colsample_bytree": -0.8141553889126637, "log10_eta": -3.6440698051764593, "log10_lambda": -2.1160729644392946, "log10_min_child_weight": 2.631738635617022, "log10_subsample": -0.9934521317457408, "max_depth": 8.0, "num_boost_round": 28.0}, "datetime": {"datetime": "2024-01-19 01:10:47", "elapsed": 3579.314738, "delta": 0.003727}}
{"target": -13.758398137029587, "params": {"gamma": 575.757838519802, "log10_alpha": -0.5184757354598473, "log10_colsample_bytree": -0.8141553889126637, "log10_eta": -3.6440698051764593, "log10_lambda": -2.1160729644392946, "log10_min_child_weight": 2.631738635617022, "log10_subsample": -0.9934521317457408, "max_depth": 8.0, "num_boost_round": 29.0}, "datetime": {"datetime": "2024-01-19 01:10:47", "elapsed": 3579.318601, "delta": 0.003863}}
{"target": -13.758394794966083, "params": {"gamma": 575.757838519802, "log10_alpha": -0.5184757354598473, "log10_colsample_bytree": -0.8141553889126637, "log10_eta": -3.6440698051764593, "log10_lambda": -2.1160729644392946, "log10_min_child_weight": 2.631738635617022, "log10_subsample": -0.9934521317457408, "max_depth": 8.0, "num_boost_round": 30.0}, "datetime": {"datetime": "2024-01-19 01:10:47", "elapsed": 3579.322389, "delta": 0.003788}}
{"target": -13.758389318469836, "params": {"gamma": 575.757838519802, "log10_alpha": -0.5184757354598473, "log10_colsample_bytree": -0.8141553889126637, "log10_eta": -3.6440698051764593, "log10_lambda": -2.1160729644392946, "log10_min_child_weight": 2.631738635617022, "log10_subsample": -0.9934521317457408, "max_depth": 8.0, "num_boost_round": 31.0}, "datetime": {"datetime": "2024-01-19 01:10:47", "elapsed": 3579.326121, "delta": 0.003732}}
{"target": -13.75838653595896, "params": {"gamma": 575.757838519802, "log10_alpha": -0.5184757354598473, "log10_colsample_bytree": -0.8141553889126637, "log10_eta": -3.6440698051764593, "log10_lambda": -2.1160729644392946, "log10_min_child_weight": 2.631738635617022, "log10_subsample": -0.9934521317457408, "max_depth": 8.0, "num_boost_round": 32.0}, "datetime": {"datetime": "2024-01-19 01:10:47", "elapsed": 3579.329963, "delta": 0.003842}}
{"target": -13.758380212176725, "params": {"gamma": 575.757838519802, "log10_alpha": -0.5184757354598473, "log10_colsample_bytree": -0.8141553889126637, "log10_eta": -3.6440698051764593, "log10_lambda": -2.1160729644392946, "log10_min_child_weight": 2.631738635617022, "log10_subsample": -0.9934521317457408, "max_depth": 8.0, "num_boost_round": 33.0}, "datetime": {"datetime": "2024-01-19 01:10:47", "elapsed": 3579.333669, "delta": 0.003706}}
{"target": -13.758373690365314, "params": {"gamma": 575.757838519802, "log10_alpha": -0.5184757354598473, "log10_colsample_bytree": -0.8141553889126637, "log10_eta": -3.6440698051764593, "log10_lambda": -2.1160729644392946, "log10_min_child_weight": 2.631738635617022, "log10_subsample": -0.9934521317457408, "max_depth": 8.0, "num_boost_round": 34.0}, "datetime": {"datetime": "2024-01-19 01:10:47", "elapsed": 3579.337536, "delta": 0.003867}}
{"target": -13.758365524125823, "params": {"gamma": 575.757838519802, "log10_alpha": -0.5184757354598473, "log10_colsample_bytree": -0.8141553889126637, "log10_eta": -3.6440698051764593, "log10_lambda": -2.1160729644392946, "log10_min_child_weight": 2.631738635617022, "log10_subsample": -0.9934521317457408, "max_depth": 8.0, "num_boost_round": 35.0}, "datetime": {"datetime": "2024-01-19 01:10:47", "elapsed": 3579.341392, "delta": 0.003856}}
{"target": -13.758363895034192, "params": {"gamma": 575.757838519802, "log10_alpha": -0.5184757354598473, "log10_colsample_bytree": -0.8141553889126637, "log10_eta": -3.6440698051764593, "log10_lambda": -2.1160729644392946, "log10_min_child_weight": 2.631738635617022, "log10_subsample": -0.9934521317457408, "max_depth": 8.0, "num_boost_round": 36.0}, "datetime": {"datetime": "2024-01-19 01:10:47", "elapsed": 3579.345715, "delta": 0.004323}}
{"target": -13.758362005177482, "params": {"gamma": 575.757838519802, "log10_alpha": -0.5184757354598473, "log10_colsample_bytree": -0.8141553889126637, "log10_eta": -3.6440698051764593, "log10_lambda": -2.1160729644392946, "log10_min_child_weight": 2.631738635617022, "log10_subsample": -0.9934521317457408, "max_depth": 8.0, "num_boost_round": 37.0}, "datetime": {"datetime": "2024-01-19 01:10:47", "elapsed": 3579.350248, "delta": 0.004533}}
{"target": -13.75835963749419, "params": {"gamma": 575.757838519802, "log10_alpha": -0.5184757354598473, "log10_colsample_bytree": -0.8141553889126637, "log10_eta": -3.6440698051764593, "log10_lambda": -2.1160729644392946, "log10_min_child_weight": 2.631738635617022, "log10_subsample": -0.9934521317457408, "max_depth": 8.0, "num_boost_round": 38.0}, "datetime": {"datetime": "2024-01-19 01:10:47", "elapsed": 3579.35425, "delta": 0.004002}}
{"target": -13.758352625179178, "params": {"gamma": 575.757838519802, "log10_alpha": -0.5184757354598473, "log10_colsample_bytree": -0.8141553889126637, "log10_eta": -3.6440698051764593, "log10_lambda": -2.1160729644392946, "log10_min_child_weight": 2.631738635617022, "log10_subsample": -0.9934521317457408, "max_depth": 8.0, "num_boost_round": 39.0}, "datetime": {"datetime": "2024-01-19 01:10:47", "elapsed": 3579.358302, "delta": 0.004052}}
{"target": -13.758344469699349, "params": {"gamma": 575.757838519802, "log10_alpha": -0.5184757354598473, "log10_colsample_bytree": -0.8141553889126637, "log10_eta": -3.6440698051764593, "log10_lambda": -2.1160729644392946, "log10_min_child_weight": 2.631738635617022, "log10_subsample": -0.9934521317457408, "max_depth": 8.0, "num_boost_round": 40.0}, "datetime": {"datetime": "2024-01-19 01:10:47", "elapsed": 3579.362079, "delta": 0.003777}}
{"target": -13.75834228797229, "params": {"gamma": 575.757838519802, "log10_alpha": -0.5184757354598473, "log10_colsample_bytree": -0.8141553889126637, "log10_eta": -3.6440698051764593, "log10_lambda": -2.1160729644392946, "log10_min_child_weight": 2.631738635617022, "log10_subsample": -0.9934521317457408, "max_depth": 8.0, "num_boost_round": 41.0}, "datetime": {"datetime": "2024-01-19 01:10:47", "elapsed": 3579.365912, "delta": 0.003833}}
{"target": -13.758342715012606, "params": {"gamma": 575.757838519802, "log10_alpha": -0.5184757354598473, "log10_colsample_bytree": -0.8141553889126637, "log10_eta": -3.6440698051764593, "log10_lambda": -2.1160729644392946, "log10_min_child_weight": 2.631738635617022, "log10_subsample": -0.9934521317457408, "max_depth": 8.0, "num_boost_round": 42.0}, "datetime": {"datetime": "2024-01-19 01:10:47", "elapsed": 3579.369605, "delta": 0.003693}}
{"target": -13.758338771135286, "params": {"gamma": 575.757838519802, "log10_alpha": -0.5184757354598473, "log10_colsample_bytree": -0.8141553889126637, "log10_eta": -3.6440698051764593, "log10_lambda": -2.1160729644392946, "log10_min_child_weight": 2.631738635617022, "log10_subsample": -0.9934521317457408, "max_depth": 8.0, "num_boost_round": 43.0}, "datetime": {"datetime": "2024-01-19 01:10:47", "elapsed": 3579.37331, "delta": 0.003705}}
{"target": -13.758333935390452, "params": {"gamma": 575.757838519802, "log10_alpha": -0.5184757354598473, "log10_colsample_bytree": -0.8141553889126637, "log10_eta": -3.6440698051764593, "log10_lambda": -2.1160729644392946, "log10_min_child_weight": 2.631738635617022, "log10_subsample": -0.9934521317457408, "max_depth": 8.0, "num_boost_round": 44.0}, "datetime": {"datetime": "2024-01-19 01:10:47", "elapsed": 3579.377095, "delta": 0.003785}}
{"target": -13.758331123221794, "params": {"gamma": 575.757838519802, "log10_alpha": -0.5184757354598473, "log10_colsample_bytree": -0.8141553889126637, "log10_eta": -3.6440698051764593, "log10_lambda": -2.1160729644392946, "log10_min_child_weight": 2.631738635617022, "log10_subsample": -0.9934521317457408, "max_depth": 8.0, "num_boost_round": 45.0}, "datetime": {"datetime": "2024-01-19 01:10:47", "elapsed": 3579.380787, "delta": 0.003692}}
{"target": -13.75832677984845, "params": {"gamma": 575.757838519802, "log10_alpha": -0.5184757354598473, "log10_colsample_bytree": -0.8141553889126637, "log10_eta": -3.6440698051764593, "log10_lambda": -2.1160729644392946, "log10_min_child_weight": 2.631738635617022, "log10_subsample": -0.9934521317457408, "max_depth": 8.0, "num_boost_round": 46.0}, "datetime": {"datetime": "2024-01-19 01:10:47", "elapsed": 3579.384479, "delta": 0.003692}}
{"target": -13.75831960661741, "params": {"gamma": 575.757838519802, "log10_alpha": -0.5184757354598473, "log10_colsample_bytree": -0.8141553889126637, "log10_eta": -3.6440698051764593, "log10_lambda": -2.1160729644392946, "log10_min_child_weight": 2.631738635617022, "log10_subsample": -0.9934521317457408, "max_depth": 8.0, "num_boost_round": 47.0}, "datetime": {"datetime": "2024-01-19 01:10:47", "elapsed": 3579.38824, "delta": 0.003761}}
{"target": -13.758316952216047, "params": {"gamma": 575.757838519802, "log10_alpha": -0.5184757354598473, "log10_colsample_bytree": -0.8141553889126637, "log10_eta": -3.6440698051764593, "log10_lambda": -2.1160729644392946, "log10_min_child_weight": 2.631738635617022, "log10_subsample": -0.9934521317457408, "max_depth": 8.0, "num_boost_round": 48.0}, "datetime": {"datetime": "2024-01-19 01:10:47", "elapsed": 3579.391987, "delta": 0.003747}}
{"target": -13.758318568849633, "params": {"gamma": 575.757838519802, "log10_alpha": -0.5184757354598473, "log10_colsample_bytree": -0.8141553889126637, "log10_eta": -3.6440698051764593, "log10_lambda": -2.1160729644392946, "log10_min_child_weight": 2.631738635617022, "log10_subsample": -0.9934521317457408, "max_depth": 8.0, "num_boost_round": 49.0}, "datetime": {"datetime": "2024-01-19 01:10:47", "elapsed": 3579.395854, "delta": 0.003867}}
{"target": -13.758313543024801, "params": {"gamma": 575.757838519802, "log10_alpha": -0.5184757354598473, "log10_colsample_bytree": -0.8141553889126637, "log10_eta": -3.6440698051764593, "log10_lambda": -2.1160729644392946, "log10_min_child_weight": 2.631738635617022, "log10_subsample": -0.9934521317457408, "max_depth": 8.0, "num_boost_round": 50.0}, "datetime": {"datetime": "2024-01-19 01:10:47", "elapsed": 3579.399652, "delta": 0.003798}}
{"target": -13.758312696214256, "params": {"gamma": 575.757838519802, "log10_alpha": -0.5184757354598473, "log10_colsample_bytree": -0.8141553889126637, "log10_eta": -3.6440698051764593, "log10_lambda": -2.1160729644392946, "log10_min_child_weight": 2.631738635617022, "log10_subsample": -0.9934521317457408, "max_depth": 8.0, "num_boost_round": 51.0}, "datetime": {"datetime": "2024-01-19 01:10:47", "elapsed": 3579.523721, "delta": 0.124069}}
{"target": -13.758563479010032, "params": {"gamma": 589.1176010161062, "log10_alpha": -4.092542285212732, "log10_colsample_bytree": -0.18226321609421714, "log10_eta": -3.232844342434398, "log10_lambda": -4.867529153851629, "log10_min_child_weight": 1.2655799799684564, "log10_subsample": -0.09937439130481895, "max_depth": 9.0, "num_boost_round": 0.0}, "datetime": {"datetime": "2024-01-19 01:11:37", "elapsed": 3629.666085, "delta": 50.142364}}
{"target": -13.758555309940437, "params": {"gamma": 589.1176010161062, "log10_alpha": -4.092542285212732, "log10_colsample_bytree": -0.18226321609421714, "log10_eta": -3.232844342434398, "log10_lambda": -4.867529153851629, "log10_min_child_weight": 1.2655799799684564, "log10_subsample": -0.09937439130481895, "max_depth": 9.0, "num_boost_round": 1.0}, "datetime": {"datetime": "2024-01-19 01:11:37", "elapsed": 3629.67101, "delta": 0.004925}}
{"target": -13.75853406238066, "params": {"gamma": 589.1176010161062, "log10_alpha": -4.092542285212732, "log10_colsample_bytree": -0.18226321609421714, "log10_eta": -3.232844342434398, "log10_lambda": -4.867529153851629, "log10_min_child_weight": 1.2655799799684564, "log10_subsample": -0.09937439130481895, "max_depth": 9.0, "num_boost_round": 2.0}, "datetime": {"datetime": "2024-01-19 01:11:37", "elapsed": 3629.674961, "delta": 0.003951}}
{"target": -13.758515425423644, "params": {"gamma": 589.1176010161062, "log10_alpha": -4.092542285212732, "log10_colsample_bytree": -0.18226321609421714, "log10_eta": -3.232844342434398, "log10_lambda": -4.867529153851629, "log10_min_child_weight": 1.2655799799684564, "log10_subsample": -0.09937439130481895, "max_depth": 9.0, "num_boost_round": 3.0}, "datetime": {"datetime": "2024-01-19 01:11:37", "elapsed": 3629.678889, "delta": 0.003928}}
{"target": -13.758502045810753, "params": {"gamma": 589.1176010161062, "log10_alpha": -4.092542285212732, "log10_colsample_bytree": -0.18226321609421714, "log10_eta": -3.232844342434398, "log10_lambda": -4.867529153851629, "log10_min_child_weight": 1.2655799799684564, "log10_subsample": -0.09937439130481895, "max_depth": 9.0, "num_boost_round": 4.0}, "datetime": {"datetime": "2024-01-19 01:11:37", "elapsed": 3629.682901, "delta": 0.004012}}
{"target": -13.758491289645034, "params": {"gamma": 589.1176010161062, "log10_alpha": -4.092542285212732, "log10_colsample_bytree": -0.18226321609421714, "log10_eta": -3.232844342434398, "log10_lambda": -4.867529153851629, "log10_min_child_weight": 1.2655799799684564, "log10_subsample": -0.09937439130481895, "max_depth": 9.0, "num_boost_round": 5.0}, "datetime": {"datetime": "2024-01-19 01:11:37", "elapsed": 3629.686885, "delta": 0.003984}}
{"target": -13.75850415237401, "params": {"gamma": 589.1176010161062, "log10_alpha": -4.092542285212732, "log10_colsample_bytree": -0.18226321609421714, "log10_eta": -3.232844342434398, "log10_lambda": -4.867529153851629, "log10_min_child_weight": 1.2655799799684564, "log10_subsample": -0.09937439130481895, "max_depth": 9.0, "num_boost_round": 6.0}, "datetime": {"datetime": "2024-01-19 01:11:37", "elapsed": 3629.690871, "delta": 0.003986}}
{"target": -13.75851108696043, "params": {"gamma": 589.1176010161062, "log10_alpha": -4.092542285212732, "log10_colsample_bytree": -0.18226321609421714, "log10_eta": -3.232844342434398, "log10_lambda": -4.867529153851629, "log10_min_child_weight": 1.2655799799684564, "log10_subsample": -0.09937439130481895, "max_depth": 9.0, "num_boost_round": 7.0}, "datetime": {"datetime": "2024-01-19 01:11:37", "elapsed": 3629.694704, "delta": 0.003833}}
{"target": -13.758530399081778, "params": {"gamma": 589.1176010161062, "log10_alpha": -4.092542285212732, "log10_colsample_bytree": -0.18226321609421714, "log10_eta": -3.232844342434398, "log10_lambda": -4.867529153851629, "log10_min_child_weight": 1.2655799799684564, "log10_subsample": -0.09937439130481895, "max_depth": 9.0, "num_boost_round": 8.0}, "datetime": {"datetime": "2024-01-19 01:11:37", "elapsed": 3629.698587, "delta": 0.003883}}
{"target": -13.758542953710029, "params": {"gamma": 589.1176010161062, "log10_alpha": -4.092542285212732, "log10_colsample_bytree": -0.18226321609421714, "log10_eta": -3.232844342434398, "log10_lambda": -4.867529153851629, "log10_min_child_weight": 1.2655799799684564, "log10_subsample": -0.09937439130481895, "max_depth": 9.0, "num_boost_round": 9.0}, "datetime": {"datetime": "2024-01-19 01:11:37", "elapsed": 3629.702487, "delta": 0.0039}}
{"target": -13.758561675738166, "params": {"gamma": 589.1176010161062, "log10_alpha": -4.092542285212732, "log10_colsample_bytree": -0.18226321609421714, "log10_eta": -3.232844342434398, "log10_lambda": -4.867529153851629, "log10_min_child_weight": 1.2655799799684564, "log10_subsample": -0.09937439130481895, "max_depth": 9.0, "num_boost_round": 10.0}, "datetime": {"datetime": "2024-01-19 01:11:37", "elapsed": 3629.706487, "delta": 0.004}}
{"target": -13.75854107459066, "params": {"gamma": 589.1176010161062, "log10_alpha": -4.092542285212732, "log10_colsample_bytree": -0.18226321609421714, "log10_eta": -3.232844342434398, "log10_lambda": -4.867529153851629, "log10_min_child_weight": 1.2655799799684564, "log10_subsample": -0.09937439130481895, "max_depth": 9.0, "num_boost_round": 11.0}, "datetime": {"datetime": "2024-01-19 01:11:37", "elapsed": 3629.71038, "delta": 0.003893}}
{"target": -13.758535544196207, "params": {"gamma": 589.1176010161062, "log10_alpha": -4.092542285212732, "log10_colsample_bytree": -0.18226321609421714, "log10_eta": -3.232844342434398, "log10_lambda": -4.867529153851629, "log10_min_child_weight": 1.2655799799684564, "log10_subsample": -0.09937439130481895, "max_depth": 9.0, "num_boost_round": 12.0}, "datetime": {"datetime": "2024-01-19 01:11:37", "elapsed": 3629.714244, "delta": 0.003864}}
{"target": -13.758515022785103, "params": {"gamma": 589.1176010161062, "log10_alpha": -4.092542285212732, "log10_colsample_bytree": -0.18226321609421714, "log10_eta": -3.232844342434398, "log10_lambda": -4.867529153851629, "log10_min_child_weight": 1.2655799799684564, "log10_subsample": -0.09937439130481895, "max_depth": 9.0, "num_boost_round": 13.0}, "datetime": {"datetime": "2024-01-19 01:11:37", "elapsed": 3629.718204, "delta": 0.00396}}
{"target": -13.758486940920287, "params": {"gamma": 589.1176010161062, "log10_alpha": -4.092542285212732, "log10_colsample_bytree": -0.18226321609421714, "log10_eta": -3.232844342434398, "log10_lambda": -4.867529153851629, "log10_min_child_weight": 1.2655799799684564, "log10_subsample": -0.09937439130481895, "max_depth": 9.0, "num_boost_round": 14.0}, "datetime": {"datetime": "2024-01-19 01:11:37", "elapsed": 3629.722075, "delta": 0.003871}}
{"target": -13.758494004036223, "params": {"gamma": 589.1176010161062, "log10_alpha": -4.092542285212732, "log10_colsample_bytree": -0.18226321609421714, "log10_eta": -3.232844342434398, "log10_lambda": -4.867529153851629, "log10_min_child_weight": 1.2655799799684564, "log10_subsample": -0.09937439130481895, "max_depth": 9.0, "num_boost_round": 15.0}, "datetime": {"datetime": "2024-01-19 01:11:37", "elapsed": 3629.726127, "delta": 0.004052}}
{"target": -13.758489255232398, "params": {"gamma": 589.1176010161062, "log10_alpha": -4.092542285212732, "log10_colsample_bytree": -0.18226321609421714, "log10_eta": -3.232844342434398, "log10_lambda": -4.867529153851629, "log10_min_child_weight": 1.2655799799684564, "log10_subsample": -0.09937439130481895, "max_depth": 9.0, "num_boost_round": 16.0}, "datetime": {"datetime": "2024-01-19 01:11:37", "elapsed": 3629.730051, "delta": 0.003924}}
{"target": -13.75847377102501, "params": {"gamma": 589.1176010161062, "log10_alpha": -4.092542285212732, "log10_colsample_bytree": -0.18226321609421714, "log10_eta": -3.232844342434398, "log10_lambda": -4.867529153851629, "log10_min_child_weight": 1.2655799799684564, "log10_subsample": -0.09937439130481895, "max_depth": 9.0, "num_boost_round": 17.0}, "datetime": {"datetime": "2024-01-19 01:11:37", "elapsed": 3629.733922, "delta": 0.003871}}
{"target": -13.758455849849478, "params": {"gamma": 589.1176010161062, "log10_alpha": -4.092542285212732, "log10_colsample_bytree": -0.18226321609421714, "log10_eta": -3.232844342434398, "log10_lambda": -4.867529153851629, "log10_min_child_weight": 1.2655799799684564, "log10_subsample": -0.09937439130481895, "max_depth": 9.0, "num_boost_round": 18.0}, "datetime": {"datetime": "2024-01-19 01:11:37", "elapsed": 3629.738041, "delta": 0.004119}}
{"target": -13.758436501391355, "params": {"gamma": 589.1176010161062, "log10_alpha": -4.092542285212732, "log10_colsample_bytree": -0.18226321609421714, "log10_eta": -3.232844342434398, "log10_lambda": -4.867529153851629, "log10_min_child_weight": 1.2655799799684564, "log10_subsample": -0.09937439130481895, "max_depth": 9.0, "num_boost_round": 19.0}, "datetime": {"datetime": "2024-01-19 01:11:37", "elapsed": 3629.741948, "delta": 0.003907}}
{"target": -13.758423297388106, "params": {"gamma": 589.1176010161062, "log10_alpha": -4.092542285212732, "log10_colsample_bytree": -0.18226321609421714, "log10_eta": -3.232844342434398, "log10_lambda": -4.867529153851629, "log10_min_child_weight": 1.2655799799684564, "log10_subsample": -0.09937439130481895, "max_depth": 9.0, "num_boost_round": 20.0}, "datetime": {"datetime": "2024-01-19 01:11:37", "elapsed": 3629.746066, "delta": 0.004118}}
{"target": -13.758446632840425, "params": {"gamma": 589.1176010161062, "log10_alpha": -4.092542285212732, "log10_colsample_bytree": -0.18226321609421714, "log10_eta": -3.232844342434398, "log10_lambda": -4.867529153851629, "log10_min_child_weight": 1.2655799799684564, "log10_subsample": -0.09937439130481895, "max_depth": 9.0, "num_boost_round": 21.0}, "datetime": {"datetime": "2024-01-19 01:11:37", "elapsed": 3629.750259, "delta": 0.004193}}
{"target": -13.758396038767465, "params": {"gamma": 589.1176010161062, "log10_alpha": -4.092542285212732, "log10_colsample_bytree": -0.18226321609421714, "log10_eta": -3.232844342434398, "log10_lambda": -4.867529153851629, "log10_min_child_weight": 1.2655799799684564, "log10_subsample": -0.09937439130481895, "max_depth": 9.0, "num_boost_round": 22.0}, "datetime": {"datetime": "2024-01-19 01:11:37", "elapsed": 3629.754326, "delta": 0.004067}}
