{"target": -13.755829685258037, "params": {"gamma": 485.10639445862637, "log10_alpha": 0.11245727517066317, "log10_colsample_bytree": -0.5470081576573446, "log10_eta": -1.9274306151532739, "log10_lambda": -0.5341224298695284, "log10_min_child_weight": 1.4659763789103701, "log10_subsample": -0.607112521032142, "max_depth": 7.0, "num_boost_round": 27.0}, "datetime": {"datetime": "2024-01-19 01:15:18", "elapsed": 3822.980914, "delta": 0.004678}}
{"target": -13.756426408061857, "params": {"gamma": 485.10639445862637, "log10_alpha": 0.11245727517066317, "log10_colsample_bytree": -0.5470081576573446, "log10_eta": -1.9274306151532739, "log10_lambda": -0.5341224298695284, "log10_min_child_weight": 1.4659763789103701, "log10_subsample": -0.607112521032142, "max_depth": 7.0, "num_boost_round": 28.0}, "datetime": {"datetime": "2024-01-19 01:15:19", "elapsed": 3822.985486, "delta": 0.004572}}
{"target": -13.75709151699692, "params": {"gamma": 485.10639445862637, "log10_alpha": 0.11245727517066317, "log10_colsample_bytree": -0.5470081576573446, "log10_eta": -1.9274306151532739, "log10_lambda": -0.5341224298695284, "log10_min_child_weight": 1.4659763789103701, "log10_subsample": -0.607112521032142, "max_depth": 7.0, "num_boost_round": 29.0}, "datetime": {"datetime": "2024-01-19 01:15:19", "elapsed": 3822.990091, "delta": 0.004605}}
{"target": -13.757287754286615, "params": {"gamma": 485.10639445862637, "log10_alpha": 0.11245727517066317, "log10_colsample_bytree": -0.5470081576573446, "log10_eta": -1.9274306151532739, "log10_lambda": -0.5341224298695284, "log10_min_child_weight": 1.4659763789103701, "log10_subsample": -0.607112521032142, "max_depth": 7.0, "num_boost_round": 30.0}, "datetime": {"datetime": "2024-01-19 01:15:19", "elapsed": 3822.994641, "delta": 0.00455}}
{"target": -13.757362840578313, "params": {"gamma": 485.10639445862637, "log10_alpha": 0.11245727517066317, "log10_colsample_bytree": -0.5470081576573446, "log10_eta": -1.9274306151532739, "log10_lambda": -0.5341224298695284, "log10_min_child_weight": 1.4659763789103701, "log10_subsample": -0.607112521032142, "max_depth": 7.0, "num_boost_round": 31.0}, "datetime": {"datetime": "2024-01-19 01:15:19", "elapsed": 3822.999348, "delta": 0.004707}}
{"target": -13.757715634551937, "params": {"gamma": 485.10639445862637, "log10_alpha": 0.11245727517066317, "log10_colsample_bytree": -0.5470081576573446, "log10_eta": -1.9274306151532739, "log10_lambda": -0.5341224298695284, "log10_min_child_weight": 1.4659763789103701, "log10_subsample": -0.607112521032142, "max_depth": 7.0, "num_boost_round": 32.0}, "datetime": {"datetime": "2024-01-19 01:15:19", "elapsed": 3823.003906, "delta": 0.004558}}
{"target": -13.757859898717713, "params": {"gamma": 485.10639445862637, "log10_alpha": 0.11245727517066317, "log10_colsample_bytree": -0.5470081576573446, "log10_eta": -1.9274306151532739, "log10_lambda": -0.5341224298695284, "log10_min_child_weight": 1.4659763789103701, "log10_subsample": -0.607112521032142, "max_depth": 7.0, "num_boost_round": 33.0}, "datetime": {"datetime": "2024-01-19 01:15:19", "elapsed": 3823.008498, "delta": 0.004592}}
{"target": -13.758317223958626, "params": {"gamma": 485.10639445862637, "log10_alpha": 0.11245727517066317, "log10_colsample_bytree": -0.5470081576573446, "log10_eta": -1.9274306151532739, "log10_lambda": -0.5341224298695284, "log10_min_child_weight": 1.4659763789103701, "log10_subsample": -0.607112521032142, "max_depth": 7.0, "num_boost_round": 34.0}, "datetime": {"datetime": "2024-01-19 01:15:19", "elapsed": 3823.013028, "delta": 0.00453}}
{"target": -13.758901315478498, "params": {"gamma": 485.10639445862637, "log10_alpha": 0.11245727517066317, "log10_colsample_bytree": -0.5470081576573446, "log10_eta": -1.9274306151532739, "log10_lambda": -0.5341224298695284, "log10_min_child_weight": 1.4659763789103701, "log10_subsample": -0.607112521032142, "max_depth": 7.0, "num_boost_round": 35.0}, "datetime": {"datetime": "2024-01-19 01:15:19", "elapsed": 3823.017721, "delta": 0.004693}}
{"target": -13.75948559389735, "params": {"gamma": 485.10639445862637, "log10_alpha": 0.11245727517066317, "log10_colsample_bytree": -0.5470081576573446, "log10_eta": -1.9274306151532739, "log10_lambda": -0.5341224298695284, "log10_min_child_weight": 1.4659763789103701, "log10_subsample": -0.607112521032142, "max_depth": 7.0, "num_boost_round": 36.0}, "datetime": {"datetime": "2024-01-19 01:15:19", "elapsed": 3823.022309, "delta": 0.004588}}
{"target": -13.76011847458351, "params": {"gamma": 485.10639445862637, "log10_alpha": 0.11245727517066317, "log10_colsample_bytree": -0.5470081576573446, "log10_eta": -1.9274306151532739, "log10_lambda": -0.5341224298695284, "log10_min_child_weight": 1.4659763789103701, "log10_subsample": -0.607112521032142, "max_depth": 7.0, "num_boost_round": 37.0}, "datetime": {"datetime": "2024-01-19 01:15:19", "elapsed": 3823.026976, "delta": 0.004667}}
{"target": -13.759834797949306, "params": {"gamma": 485.10639445862637, "log10_alpha": 0.11245727517066317, "log10_colsample_bytree": -0.5470081576573446, "log10_eta": -1.9274306151532739, "log10_lambda": -0.5341224298695284, "log10_min_child_weight": 1.4659763789103701, "log10_subsample": -0.607112521032142, "max_depth": 7.0, "num_boost_round": 38.0}, "datetime": {"datetime": "2024-01-19 01:15:19", "elapsed": 3823.031564, "delta": 0.004588}}
{"target": -13.75995744699742, "params": {"gamma": 485.10639445862637, "log10_alpha": 0.11245727517066317, "log10_colsample_bytree": -0.5470081576573446, "log10_eta": -1.9274306151532739, "log10_lambda": -0.5341224298695284, "log10_min_child_weight": 1.4659763789103701, "log10_subsample": -0.607112521032142, "max_depth": 7.0, "num_boost_round": 39.0}, "datetime": {"datetime": "2024-01-19 01:15:19", "elapsed": 3823.036277, "delta": 0.004713}}
{"target": -13.760486221223411, "params": {"gamma": 485.10639445862637, "log10_alpha": 0.11245727517066317, "log10_colsample_bytree": -0.5470081576573446, "log10_eta": -1.9274306151532739, "log10_lambda": -0.5341224298695284, "log10_min_child_weight": 1.4659763789103701, "log10_subsample": -0.607112521032142, "max_depth": 7.0, "num_boost_round": 40.0}, "datetime": {"datetime": "2024-01-19 01:15:19", "elapsed": 3823.040867, "delta": 0.00459}}
{"target": -13.760695892781575, "params": {"gamma": 485.10639445862637, "log10_alpha": 0.11245727517066317, "log10_colsample_bytree": -0.5470081576573446, "log10_eta": -1.9274306151532739, "log10_lambda": -0.5341224298695284, "log10_min_child_weight": 1.4659763789103701, "log10_subsample": -0.607112521032142, "max_depth": 7.0, "num_boost_round": 41.0}, "datetime": {"datetime": "2024-01-19 01:15:19", "elapsed": 3823.045487, "delta": 0.00462}}
{"target": -13.761151618290562, "params": {"gamma": 485.10639445862637, "log10_alpha": 0.11245727517066317, "log10_colsample_bytree": -0.5470081576573446, "log10_eta": -1.9274306151532739, "log10_lambda": -0.5341224298695284, "log10_min_child_weight": 1.4659763789103701, "log10_subsample": -0.607112521032142, "max_depth": 7.0, "num_boost_round": 42.0}, "datetime": {"datetime": "2024-01-19 01:15:19", "elapsed": 3823.050778, "delta": 0.005291}}
{"target": -13.761682228190946, "params": {"gamma": 485.10639445862637, "log10_alpha": 0.11245727517066317, "log10_colsample_bytree": -0.5470081576573446, "log10_eta": -1.9274306151532739, "log10_lambda": -0.5341224298695284, "log10_min_child_weight": 1.4659763789103701, "log10_subsample": -0.607112521032142, "max_depth": 7.0, "num_boost_round": 43.0}, "datetime": {"datetime": "2024-01-19 01:15:19", "elapsed": 3823.055864, "delta": 0.005086}}
{"target": -13.761353793286537, "params": {"gamma": 485.10639445862637, "log10_alpha": 0.11245727517066317, "log10_colsample_bytree": -0.5470081576573446, "log10_eta": -1.9274306151532739, "log10_lambda": -0.5341224298695284, "log10_min_child_weight": 1.4659763789103701, "log10_subsample": -0.607112521032142, "max_depth": 7.0, "num_boost_round": 44.0}, "datetime": {"datetime": "2024-01-19 01:15:19", "elapsed": 3823.061068, "delta": 0.005204}}
{"target": -13.762056772221108, "params": {"gamma": 485.10639445862637, "log10_alpha": 0.11245727517066317, "log10_colsample_bytree": -0.5470081576573446, "log10_eta": -1.9274306151532739, "log10_lambda": -0.5341224298695284, "log10_min_child_weight": 1.4659763789103701, "log10_subsample": -0.607112521032142, "max_depth": 7.0, "num_boost_round": 45.0}, "datetime": {"datetime": "2024-01-19 01:15:19", "elapsed": 3823.066023, "delta": 0.004955}}
{"target": -13.762610378299357, "params": {"gamma": 485.10639445862637, "log10_alpha": 0.11245727517066317, "log10_colsample_bytree": -0.5470081576573446, "log10_eta": -1.9274306151532739, "log10_lambda": -0.5341224298695284, "log10_min_child_weight": 1.4659763789103701, "log10_subsample": -0.607112521032142, "max_depth": 7.0, "num_boost_round": 46.0}, "datetime": {"datetime": "2024-01-19 01:15:19", "elapsed": 3823.070632, "delta": 0.004609}}
{"target": -13.763066747524762, "params": {"gamma": 485.10639445862637, "log10_alpha": 0.11245727517066317, "log10_colsample_bytree": -0.5470081576573446, "log10_eta": -1.9274306151532739, "log10_lambda": -0.5341224298695284, "log10_min_child_weight": 1.4659763789103701, "log10_subsample": -0.607112521032142, "max_depth": 7.0, "num_boost_round": 47.0}, "datetime": {"datetime": "2024-01-19 01:15:19", "elapsed": 3823.075434, "delta": 0.004802}}
{"target": -13.763248880595542, "params": {"gamma": 485.10639445862637, "log10_alpha": 0.11245727517066317, "log10_colsample_bytree": -0.5470081576573446, "log10_eta": -1.9274306151532739, "log10_lambda": -0.5341224298695284, "log10_min_child_weight": 1.4659763789103701, "log10_subsample": -0.607112521032142, "max_depth": 7.0, "num_boost_round": 48.0}, "datetime": {"datetime": "2024-01-19 01:15:19", "elapsed": 3823.080108, "delta": 0.004674}}
{"target": -13.762857621861034, "params": {"gamma": 485.10639445862637, "log10_alpha": 0.11245727517066317, "log10_colsample_bytree": -0.5470081576573446, "log10_eta": -1.9274306151532739, "log10_lambda": -0.5341224298695284, "log10_min_child_weight": 1.4659763789103701, "log10_subsample": -0.607112521032142, "max_depth": 7.0, "num_boost_round": 49.0}, "datetime": {"datetime": "2024-01-19 01:15:19", "elapsed": 3823.084688, "delta": 0.00458}}
{"target": -13.763596734059178, "params": {"gamma": 485.10639445862637, "log10_alpha": 0.11245727517066317, "log10_colsample_bytree": -0.5470081576573446, "log10_eta": -1.9274306151532739, "log10_lambda": -0.5341224298695284, "log10_min_child_weight": 1.4659763789103701, "log10_subsample": -0.607112521032142, "max_depth": 7.0, "num_boost_round": 50.0}, "datetime": {"datetime": "2024-01-19 01:15:19", "elapsed": 3823.089293, "delta": 0.004605}}
{"target": -13.763829957586868, "params": {"gamma": 485.10639445862637, "log10_alpha": 0.11245727517066317, "log10_colsample_bytree": -0.5470081576573446, "log10_eta": -1.9274306151532739, "log10_lambda": -0.5341224298695284, "log10_min_child_weight": 1.4659763789103701, "log10_subsample": -0.607112521032142, "max_depth": 7.0, "num_boost_round": 51.0}, "datetime": {"datetime": "2024-01-19 01:15:19", "elapsed": 3823.094073, "delta": 0.00478}}
{"target": -13.76465226611116, "params": {"gamma": 485.10639445862637, "log10_alpha": 0.11245727517066317, "log10_colsample_bytree": -0.5470081576573446, "log10_eta": -1.9274306151532739, "log10_lambda": -0.5341224298695284, "log10_min_child_weight": 1.4659763789103701, "log10_subsample": -0.607112521032142, "max_depth": 7.0, "num_boost_round": 52.0}, "datetime": {"datetime": "2024-01-19 01:15:19", "elapsed": 3823.098651, "delta": 0.004578}}
{"target": -13.76540692892074, "params": {"gamma": 485.10639445862637, "log10_alpha": 0.11245727517066317, "log10_colsample_bytree": -0.5470081576573446, "log10_eta": -1.9274306151532739, "log10_lambda": -0.5341224298695284, "log10_min_child_weight": 1.4659763789103701, "log10_subsample": -0.607112521032142, "max_depth": 7.0, "num_boost_round": 53.0}, "datetime": {"datetime": "2024-01-19 01:15:19", "elapsed": 3823.103279, "delta": 0.004628}}
{"target": -13.765515282618274, "params": {"gamma": 485.10639445862637, "log10_alpha": 0.11245727517066317, "log10_colsample_bytree": -0.5470081576573446, "log10_eta": -1.9274306151532739, "log10_lambda": -0.5341224298695284, "log10_min_child_weight": 1.4659763789103701, "log10_subsample": -0.607112521032142, "max_depth": 7.0, "num_boost_round": 54.0}, "datetime": {"datetime": "2024-01-19 01:15:19", "elapsed": 3823.107891, "delta": 0.004612}}
{"target": -13.765665193025528, "params": {"gamma": 485.10639445862637, "log10_alpha": 0.11245727517066317, "log10_colsample_bytree": -0.5470081576573446, "log10_eta": -1.9274306151532739, "log10_lambda": -0.5341224298695284, "log10_min_child_weight": 1.4659763789103701, "log10_subsample": -0.607112521032142, "max_depth": 7.0, "num_boost_round": 55.0}, "datetime": {"datetime": "2024-01-19 01:15:19", "elapsed": 3823.112618, "delta": 0.004727}}
{"target": -13.766644442573519, "params": {"gamma": 485.10639445862637, "log10_alpha": 0.11245727517066317, "log10_colsample_bytree": -0.5470081576573446, "log10_eta": -1.9274306151532739, "log10_lambda": -0.5341224298695284, "log10_min_child_weight": 1.4659763789103701, "log10_subsample": -0.607112521032142, "max_depth": 7.0, "num_boost_round": 56.0}, "datetime": {"datetime": "2024-01-19 01:15:19", "elapsed": 3823.117243, "delta": 0.004625}}
{"target": -13.766669914545776, "params": {"gamma": 485.10639445862637, "log10_alpha": 0.11245727517066317, "log10_colsample_bytree": -0.5470081576573446, "log10_eta": -1.9274306151532739, "log10_lambda": -0.5341224298695284, "log10_min_child_weight": 1.4659763789103701, "log10_subsample": -0.607112521032142, "max_depth": 7.0, "num_boost_round": 57.0}, "datetime": {"datetime": "2024-01-19 01:15:19", "elapsed": 3823.121825, "delta": 0.004582}}
{"target": -13.766293141826761, "params": {"gamma": 485.10639445862637, "log10_alpha": 0.11245727517066317, "log10_colsample_bytree": -0.5470081576573446, "log10_eta": -1.9274306151532739, "log10_lambda": -0.5341224298695284, "log10_min_child_weight": 1.4659763789103701, "log10_subsample": -0.607112521032142, "max_depth": 7.0, "num_boost_round": 58.0}, "datetime": {"datetime": "2024-01-19 01:15:19", "elapsed": 3823.126443, "delta": 0.004618}}
{"target": -13.766739746139038, "params": {"gamma": 485.10639445862637, "log10_alpha": 0.11245727517066317, "log10_colsample_bytree": -0.5470081576573446, "log10_eta": -1.9274306151532739, "log10_lambda": -0.5341224298695284, "log10_min_child_weight": 1.4659763789103701, "log10_subsample": -0.607112521032142, "max_depth": 7.0, "num_boost_round": 59.0}, "datetime": {"datetime": "2024-01-19 01:15:19", "elapsed": 3823.131195, "delta": 0.004752}}
{"target": -13.766996835793696, "params": {"gamma": 485.10639445862637, "log10_alpha": 0.11245727517066317, "log10_colsample_bytree": -0.5470081576573446, "log10_eta": -1.9274306151532739, "log10_lambda": -0.5341224298695284, "log10_min_child_weight": 1.4659763789103701, "log10_subsample": -0.607112521032142, "max_depth": 7.0, "num_boost_round": 60.0}, "datetime": {"datetime": "2024-01-19 01:15:19", "elapsed": 3823.135777, "delta": 0.004582}}
{"target": -13.766938986569306, "params": {"gamma": 485.10639445862637, "log10_alpha": 0.11245727517066317, "log10_colsample_bytree": -0.5470081576573446, "log10_eta": -1.9274306151532739, "log10_lambda": -0.5341224298695284, "log10_min_child_weight": 1.4659763789103701, "log10_subsample": -0.607112521032142, "max_depth": 7.0, "num_boost_round": 61.0}, "datetime": {"datetime": "2024-01-19 01:15:19", "elapsed": 3823.140522, "delta": 0.004745}}
{"target": -13.768115840844022, "params": {"gamma": 485.10639445862637, "log10_alpha": 0.11245727517066317, "log10_colsample_bytree": -0.5470081576573446, "log10_eta": -1.9274306151532739, "log10_lambda": -0.5341224298695284, "log10_min_child_weight": 1.4659763789103701, "log10_subsample": -0.607112521032142, "max_depth": 7.0, "num_boost_round": 62.0}, "datetime": {"datetime": "2024-01-19 01:15:19", "elapsed": 3823.145102, "delta": 0.00458}}
{"target": -13.758535902172078, "params": {"gamma": 442.16053276810544, "log10_alpha": -4.606728643761715, "log10_colsample_bytree": -1.0, "log10_eta": -4.0, "log10_lambda": 1.0, "log10_min_child_weight": 0.0, "log10_subsample": -1.0, "max_depth": 5.0, "num_boost_round": 0.0}, "datetime": {"datetime": "2024-01-19 01:17:07", "elapsed": 3931.645583, "delta": 108.500481}}
{"target": -13.758535879025104, "params": {"gamma": 442.16053276810544, "log10_alpha": -4.606728643761715, "log10_colsample_bytree": -1.0, "log10_eta": -4.0, "log10_lambda": 1.0, "log10_min_child_weight": 0.0, "log10_subsample": -1.0, "max_depth": 5.0, "num_boost_round": 1.0}, "datetime": {"datetime": "2024-01-19 01:17:07", "elapsed": 3931.651096, "delta": 0.005513}}
{"target": -13.75853669315179, "params": {"gamma": 442.16053276810544, "log10_alpha": -4.606728643761715, "log10_colsample_bytree": -1.0, "log10_eta": -4.0, "log10_lambda": 1.0, "log10_min_child_weight": 0.0, "log10_subsample": -1.0, "max_depth": 5.0, "num_boost_round": 2.0}, "datetime": {"datetime": "2024-01-19 01:17:07", "elapsed": 3931.656018, "delta": 0.004922}}
{"target": -13.758536672913419, "params": {"gamma": 442.16053276810544, "log10_alpha": -4.606728643761715, "log10_colsample_bytree": -1.0, "log10_eta": -4.0, "log10_lambda": 1.0, "log10_min_child_weight": 0.0, "log10_subsample": -1.0, "max_depth": 5.0, "num_boost_round": 3.0}, "datetime": {"datetime": "2024-01-19 01:17:07", "elapsed": 3931.660619, "delta": 0.004601}}
{"target": -13.758536804440883, "params": {"gamma": 442.16053276810544, "log10_alpha": -4.606728643761715, "log10_colsample_bytree": -1.0, "log10_eta": -4.0, "log10_lambda": 1.0, "log10_min_child_weight": 0.0, "log10_subsample": -1.0, "max_depth": 5.0, "num_boost_round": 4.0}, "datetime": {"datetime": "2024-01-19 01:17:07", "elapsed": 3931.665269, "delta": 0.00465}}
{"target": -13.758534846511107, "params": {"gamma": 442.16053276810544, "log10_alpha": -4.606728643761715, "log10_colsample_bytree": -1.0, "log10_eta": -4.0, "log10_lambda": 1.0, "log10_min_child_weight": 0.0, "log10_subsample": -1.0, "max_depth": 5.0, "num_boost_round": 5.0}, "datetime": {"datetime": "2024-01-19 01:17:07", "elapsed": 3931.669923, "delta": 0.004654}}
{"target": -13.758534405355505, "params": {"gamma": 442.16053276810544, "log10_alpha": -4.606728643761715, "log10_colsample_bytree": -1.0, "log10_eta": -4.0, "log10_lambda": 1.0, "log10_min_child_weight": 0.0, "log10_subsample": -1.0, "max_depth": 5.0, "num_boost_round": 6.0}, "datetime": {"datetime": "2024-01-19 01:17:07", "elapsed": 3931.674829, "delta": 0.004906}}
{"target": -13.758532981545923, "params": {"gamma": 442.16053276810544, "log10_alpha": -4.606728643761715, "log10_colsample_bytree": -1.0, "log10_eta": -4.0, "log10_lambda": 1.0, "log10_min_child_weight": 0.0, "log10_subsample": -1.0, "max_depth": 5.0, "num_boost_round": 7.0}, "datetime": {"datetime": "2024-01-19 01:17:07", "elapsed": 3931.788754, "delta": 0.113925}}
{"target": -13.75853022697459, "params": {"gamma": 442.16053276810544, "log10_alpha": -4.606728643761715, "log10_colsample_bytree": -1.0, "log10_eta": -4.0, "log10_lambda": 1.0, "log10_min_child_weight": 0.0, "log10_subsample": -1.0, "max_depth": 5.0, "num_boost_round": 8.0}, "datetime": {"datetime": "2024-01-19 01:17:07", "elapsed": 3931.794236, "delta": 0.005482}}
{"target": -13.758528202364674, "params": {"gamma": 442.16053276810544, "log10_alpha": -4.606728643761715, "log10_colsample_bytree": -1.0, "log10_eta": -4.0, "log10_lambda": 1.0, "log10_min_child_weight": 0.0, "log10_subsample": -1.0, "max_depth": 5.0, "num_boost_round": 9.0}, "datetime": {"datetime": "2024-01-19 01:17:07", "elapsed": 3931.799035, "delta": 0.004799}}
{"target": -13.758529298779909, "params": {"gamma": 442.16053276810544, "log10_alpha": -4.606728643761715, "log10_colsample_bytree": -1.0, "log10_eta": -4.0, "log10_lambda": 1.0, "log10_min_child_weight": 0.0, "log10_subsample": -1.0, "max_depth": 5.0, "num_boost_round": 10.0}, "datetime": {"datetime": "2024-01-19 01:17:07", "elapsed": 3931.803934, "delta": 0.004899}}
{"target": -13.758528759610362, "params": {"gamma": 442.16053276810544, "log10_alpha": -4.606728643761715, "log10_colsample_bytree": -1.0, "log10_eta": -4.0, "log10_lambda": 1.0, "log10_min_child_weight": 0.0, "log10_subsample": -1.0, "max_depth": 5.0, "num_boost_round": 11.0}, "datetime": {"datetime": "2024-01-19 01:17:07", "elapsed": 3931.808614, "delta": 0.00468}}
{"target": -13.758525140246293, "params": {"gamma": 442.16053276810544, "log10_alpha": -4.606728643761715, "log10_colsample_bytree": -1.0, "log10_eta": -4.0, "log10_lambda": 1.0, "log10_min_child_weight": 0.0, "log10_subsample": -1.0, "max_depth": 5.0, "num_boost_round": 12.0}, "datetime": {"datetime": "2024-01-19 01:17:07", "elapsed": 3931.813375, "delta": 0.004761}}
{"target": -13.758523480529535, "params": {"gamma": 442.16053276810544, "log10_alpha": -4.606728643761715, "log10_colsample_bytree": -1.0, "log10_eta": -4.0, "log10_lambda": 1.0, "log10_min_child_weight": 0.0, "log10_subsample": -1.0, "max_depth": 5.0, "num_boost_round": 13.0}, "datetime": {"datetime": "2024-01-19 01:17:07", "elapsed": 3931.818115, "delta": 0.00474}}
{"target": -13.758522062205763, "params": {"gamma": 442.16053276810544, "log10_alpha": -4.606728643761715, "log10_colsample_bytree": -1.0, "log10_eta": -4.0, "log10_lambda": 1.0, "log10_min_child_weight": 0.0, "log10_subsample": -1.0, "max_depth": 5.0, "num_boost_round": 14.0}, "datetime": {"datetime": "2024-01-19 01:17:07", "elapsed": 3931.823033, "delta": 0.004918}}
