{"target": -13.758463930062158, "params": {"gamma": 550.3883753303701, "log10_alpha": -4.690785826095702, "log10_colsample_bytree": -0.07355885152513553, "log10_eta": -3.1908197403776013, "log10_lambda": -3.6730193860722222, "log10_min_child_weight": 0.17423916007153983, "log10_subsample": -0.3063810880788934, "max_depth": 5.0, "num_boost_round": 13.0}, "datetime": {"datetime": "2024-01-19 01:13:00", "elapsed": 3633.397619, "delta": 0.003947}}
{"target": -13.75845793019171, "params": {"gamma": 550.3883753303701, "log10_alpha": -4.690785826095702, "log10_colsample_bytree": -0.07355885152513553, "log10_eta": -3.1908197403776013, "log10_lambda": -3.6730193860722222, "log10_min_child_weight": 0.17423916007153983, "log10_subsample": -0.3063810880788934, "max_depth": 5.0, "num_boost_round": 14.0}, "datetime": {"datetime": "2024-01-19 01:13:00", "elapsed": 3633.401491, "delta": 0.003872}}
{"target": -13.758444931341721, "params": {"gamma": 550.3883753303701, "log10_alpha": -4.690785826095702, "log10_colsample_bytree": -0.07355885152513553, "log10_eta": -3.1908197403776013, "log10_lambda": -3.6730193860722222, "log10_min_child_weight": 0.17423916007153983, "log10_subsample": -0.3063810880788934, "max_depth": 5.0, "num_boost_round": 15.0}, "datetime": {"datetime": "2024-01-19 01:13:00", "elapsed": 3633.405545, "delta": 0.004054}}
{"target": -13.758440086550808, "params": {"gamma": 550.3883753303701, "log10_alpha": -4.690785826095702, "log10_colsample_bytree": -0.07355885152513553, "log10_eta": -3.1908197403776013, "log10_lambda": -3.6730193860722222, "log10_min_child_weight": 0.17423916007153983, "log10_subsample": -0.3063810880788934, "max_depth": 5.0, "num_boost_round": 16.0}, "datetime": {"datetime": "2024-01-19 01:13:00", "elapsed": 3633.409503, "delta": 0.003958}}
{"target": -13.75844102633521, "params": {"gamma": 550.3883753303701, "log10_alpha": -4.690785826095702, "log10_colsample_bytree": -0.07355885152513553, "log10_eta": -3.1908197403776013, "log10_lambda": -3.6730193860722222, "log10_min_child_weight": 0.17423916007153983, "log10_subsample": -0.3063810880788934, "max_depth": 5.0, "num_boost_round": 17.0}, "datetime": {"datetime": "2024-01-19 01:13:00", "elapsed": 3633.413485, "delta": 0.003982}}
{"target": -13.75842659905089, "params": {"gamma": 550.3883753303701, "log10_alpha": -4.690785826095702, "log10_colsample_bytree": -0.07355885152513553, "log10_eta": -3.1908197403776013, "log10_lambda": -3.6730193860722222, "log10_min_child_weight": 0.17423916007153983, "log10_subsample": -0.3063810880788934, "max_depth": 5.0, "num_boost_round": 18.0}, "datetime": {"datetime": "2024-01-19 01:13:00", "elapsed": 3633.417329, "delta": 0.003844}}
{"target": -13.758405139986206, "params": {"gamma": 550.3883753303701, "log10_alpha": -4.690785826095702, "log10_colsample_bytree": -0.07355885152513553, "log10_eta": -3.1908197403776013, "log10_lambda": -3.6730193860722222, "log10_min_child_weight": 0.17423916007153983, "log10_subsample": -0.3063810880788934, "max_depth": 5.0, "num_boost_round": 19.0}, "datetime": {"datetime": "2024-01-19 01:13:00", "elapsed": 3633.42127, "delta": 0.003941}}
{"target": -13.75839811596262, "params": {"gamma": 550.3883753303701, "log10_alpha": -4.690785826095702, "log10_colsample_bytree": -0.07355885152513553, "log10_eta": -3.1908197403776013, "log10_lambda": -3.6730193860722222, "log10_min_child_weight": 0.17423916007153983, "log10_subsample": -0.3063810880788934, "max_depth": 5.0, "num_boost_round": 20.0}, "datetime": {"datetime": "2024-01-19 01:13:00", "elapsed": 3633.425206, "delta": 0.003936}}
{"target": -13.758375235542937, "params": {"gamma": 550.3883753303701, "log10_alpha": -4.690785826095702, "log10_colsample_bytree": -0.07355885152513553, "log10_eta": -3.1908197403776013, "log10_lambda": -3.6730193860722222, "log10_min_child_weight": 0.17423916007153983, "log10_subsample": -0.3063810880788934, "max_depth": 5.0, "num_boost_round": 21.0}, "datetime": {"datetime": "2024-01-19 01:13:00", "elapsed": 3633.429208, "delta": 0.004002}}
{"target": -13.758367151364371, "params": {"gamma": 550.3883753303701, "log10_alpha": -4.690785826095702, "log10_colsample_bytree": -0.07355885152513553, "log10_eta": -3.1908197403776013, "log10_lambda": -3.6730193860722222, "log10_min_child_weight": 0.17423916007153983, "log10_subsample": -0.3063810880788934, "max_depth": 5.0, "num_boost_round": 22.0}, "datetime": {"datetime": "2024-01-19 01:13:00", "elapsed": 3633.433221, "delta": 0.004013}}
{"target": -13.75853757461834, "params": {"gamma": 545.2761496940703, "log10_alpha": -3.9346535688053947, "log10_colsample_bytree": -0.7403631197590886, "log10_eta": -3.457162587941645, "log10_lambda": 0.7432474296736853, "log10_min_child_weight": 3.147045266013699, "log10_subsample": -0.6200471714658742, "max_depth": 2.0, "num_boost_round": 0.0}, "datetime": {"datetime": "2024-01-19 01:13:35", "elapsed": 3668.421295, "delta": 34.988074}}
{"target": -13.758537162484915, "params": {"gamma": 545.2761496940703, "log10_alpha": -3.9346535688053947, "log10_colsample_bytree": -0.7403631197590886, "log10_eta": -3.457162587941645, "log10_lambda": 0.7432474296736853, "log10_min_child_weight": 3.147045266013699, "log10_subsample": -0.6200471714658742, "max_depth": 2.0, "num_boost_round": 1.0}, "datetime": {"datetime": "2024-01-19 01:13:35", "elapsed": 3668.426403, "delta": 0.005108}}
{"target": -13.758535450706953, "params": {"gamma": 545.2761496940703, "log10_alpha": -3.9346535688053947, "log10_colsample_bytree": -0.7403631197590886, "log10_eta": -3.457162587941645, "log10_lambda": 0.7432474296736853, "log10_min_child_weight": 3.147045266013699, "log10_subsample": -0.6200471714658742, "max_depth": 2.0, "num_boost_round": 2.0}, "datetime": {"datetime": "2024-01-19 01:13:35", "elapsed": 3668.430569, "delta": 0.004166}}
{"target": -13.758535227664408, "params": {"gamma": 545.2761496940703, "log10_alpha": -3.9346535688053947, "log10_colsample_bytree": -0.7403631197590886, "log10_eta": -3.457162587941645, "log10_lambda": 0.7432474296736853, "log10_min_child_weight": 3.147045266013699, "log10_subsample": -0.6200471714658742, "max_depth": 2.0, "num_boost_round": 3.0}, "datetime": {"datetime": "2024-01-19 01:13:35", "elapsed": 3668.434717, "delta": 0.004148}}
{"target": -13.758535242253915, "params": {"gamma": 545.2761496940703, "log10_alpha": -3.9346535688053947, "log10_colsample_bytree": -0.7403631197590886, "log10_eta": -3.457162587941645, "log10_lambda": 0.7432474296736853, "log10_min_child_weight": 3.147045266013699, "log10_subsample": -0.6200471714658742, "max_depth": 2.0, "num_boost_round": 4.0}, "datetime": {"datetime": "2024-01-19 01:13:35", "elapsed": 3668.438653, "delta": 0.003936}}
{"target": -13.758534614723501, "params": {"gamma": 545.2761496940703, "log10_alpha": -3.9346535688053947, "log10_colsample_bytree": -0.7403631197590886, "log10_eta": -3.457162587941645, "log10_lambda": 0.7432474296736853, "log10_min_child_weight": 3.147045266013699, "log10_subsample": -0.6200471714658742, "max_depth": 2.0, "num_boost_round": 5.0}, "datetime": {"datetime": "2024-01-19 01:13:35", "elapsed": 3668.442546, "delta": 0.003893}}
{"target": -13.75853284996255, "params": {"gamma": 545.2761496940703, "log10_alpha": -3.9346535688053947, "log10_colsample_bytree": -0.7403631197590886, "log10_eta": -3.457162587941645, "log10_lambda": 0.7432474296736853, "log10_min_child_weight": 3.147045266013699, "log10_subsample": -0.6200471714658742, "max_depth": 2.0, "num_boost_round": 6.0}, "datetime": {"datetime": "2024-01-19 01:13:35", "elapsed": 3668.446488, "delta": 0.003942}}
{"target": -13.758530286197903, "params": {"gamma": 545.2761496940703, "log10_alpha": -3.9346535688053947, "log10_colsample_bytree": -0.7403631197590886, "log10_eta": -3.457162587941645, "log10_lambda": 0.7432474296736853, "log10_min_child_weight": 3.147045266013699, "log10_subsample": -0.6200471714658742, "max_depth": 2.0, "num_boost_round": 7.0}, "datetime": {"datetime": "2024-01-19 01:13:35", "elapsed": 3668.450408, "delta": 0.00392}}
{"target": -13.758532021588659, "params": {"gamma": 545.2761496940703, "log10_alpha": -3.9346535688053947, "log10_colsample_bytree": -0.7403631197590886, "log10_eta": -3.457162587941645, "log10_lambda": 0.7432474296736853, "log10_min_child_weight": 3.147045266013699, "log10_subsample": -0.6200471714658742, "max_depth": 2.0, "num_boost_round": 8.0}, "datetime": {"datetime": "2024-01-19 01:13:35", "elapsed": 3668.454616, "delta": 0.004208}}
{"target": -13.758529628464428, "params": {"gamma": 545.2761496940703, "log10_alpha": -3.9346535688053947, "log10_colsample_bytree": -0.7403631197590886, "log10_eta": -3.457162587941645, "log10_lambda": 0.7432474296736853, "log10_min_child_weight": 3.147045266013699, "log10_subsample": -0.6200471714658742, "max_depth": 2.0, "num_boost_round": 9.0}, "datetime": {"datetime": "2024-01-19 01:13:35", "elapsed": 3668.45856, "delta": 0.003944}}
{"target": -13.758525420795213, "params": {"gamma": 545.2761496940703, "log10_alpha": -3.9346535688053947, "log10_colsample_bytree": -0.7403631197590886, "log10_eta": -3.457162587941645, "log10_lambda": 0.7432474296736853, "log10_min_child_weight": 3.147045266013699, "log10_subsample": -0.6200471714658742, "max_depth": 2.0, "num_boost_round": 10.0}, "datetime": {"datetime": "2024-01-19 01:13:35", "elapsed": 3668.462722, "delta": 0.004162}}
{"target": -13.75852469188381, "params": {"gamma": 545.2761496940703, "log10_alpha": -3.9346535688053947, "log10_colsample_bytree": -0.7403631197590886, "log10_eta": -3.457162587941645, "log10_lambda": 0.7432474296736853, "log10_min_child_weight": 3.147045266013699, "log10_subsample": -0.6200471714658742, "max_depth": 2.0, "num_boost_round": 11.0}, "datetime": {"datetime": "2024-01-19 01:13:35", "elapsed": 3668.466685, "delta": 0.003963}}
{"target": -13.758439106609453, "params": {"gamma": 644.8819699906159, "log10_alpha": -4.248015351877661, "log10_colsample_bytree": -0.31890253213267095, "log10_eta": -1.7820249382785804, "log10_lambda": -1.9978149534599563, "log10_min_child_weight": 2.1944027133616673, "log10_subsample": -0.5705984007188658, "max_depth": 4.0, "num_boost_round": 0.0}, "datetime": {"datetime": "2024-01-19 01:14:36", "elapsed": 3729.337858, "delta": 60.871173}}
{"target": -13.758648765580567, "params": {"gamma": 644.8819699906159, "log10_alpha": -4.248015351877661, "log10_colsample_bytree": -0.31890253213267095, "log10_eta": -1.7820249382785804, "log10_lambda": -1.9978149534599563, "log10_min_child_weight": 2.1944027133616673, "log10_subsample": -0.5705984007188658, "max_depth": 4.0, "num_boost_round": 1.0}, "datetime": {"datetime": "2024-01-19 01:14:36", "elapsed": 3729.342417, "delta": 0.004559}}
{"target": -13.758793380439112, "params": {"gamma": 644.8819699906159, "log10_alpha": -4.248015351877661, "log10_colsample_bytree": -0.31890253213267095, "log10_eta": -1.7820249382785804, "log10_lambda": -1.9978149534599563, "log10_min_child_weight": 2.1944027133616673, "log10_subsample": -0.5705984007188658, "max_depth": 4.0, "num_boost_round": 2.0}, "datetime": {"datetime": "2024-01-19 01:14:36", "elapsed": 3729.346468, "delta": 0.004051}}
{"target": -13.758887793089816, "params": {"gamma": 644.8819699906159, "log10_alpha": -4.248015351877661, "log10_colsample_bytree": -0.31890253213267095, "log10_eta": -1.7820249382785804, "log10_lambda": -1.9978149534599563, "log10_min_child_weight": 2.1944027133616673, "log10_subsample": -0.5705984007188658, "max_depth": 4.0, "num_boost_round": 3.0}, "datetime": {"datetime": "2024-01-19 01:14:36", "elapsed": 3729.351201, "delta": 0.004733}}
{"target": -13.758635515825452, "params": {"gamma": 644.8819699906159, "log10_alpha": -4.248015351877661, "log10_colsample_bytree": -0.31890253213267095, "log10_eta": -1.7820249382785804, "log10_lambda": -1.9978149534599563, "log10_min_child_weight": 2.1944027133616673, "log10_subsample": -0.5705984007188658, "max_depth": 4.0, "num_boost_round": 4.0}, "datetime": {"datetime": "2024-01-19 01:14:36", "elapsed": 3729.355526, "delta": 0.004325}}
{"target": -13.758930903246696, "params": {"gamma": 644.8819699906159, "log10_alpha": -4.248015351877661, "log10_colsample_bytree": -0.31890253213267095, "log10_eta": -1.7820249382785804, "log10_lambda": -1.9978149534599563, "log10_min_child_weight": 2.1944027133616673, "log10_subsample": -0.5705984007188658, "max_depth": 4.0, "num_boost_round": 5.0}, "datetime": {"datetime": "2024-01-19 01:14:36", "elapsed": 3729.359706, "delta": 0.00418}}
{"target": -13.758815995107268, "params": {"gamma": 644.8819699906159, "log10_alpha": -4.248015351877661, "log10_colsample_bytree": -0.31890253213267095, "log10_eta": -1.7820249382785804, "log10_lambda": -1.9978149534599563, "log10_min_child_weight": 2.1944027133616673, "log10_subsample": -0.5705984007188658, "max_depth": 4.0, "num_boost_round": 6.0}, "datetime": {"datetime": "2024-01-19 01:14:36", "elapsed": 3729.363888, "delta": 0.004182}}
{"target": -13.75891579755577, "params": {"gamma": 644.8819699906159, "log10_alpha": -4.248015351877661, "log10_colsample_bytree": -0.31890253213267095, "log10_eta": -1.7820249382785804, "log10_lambda": -1.9978149534599563, "log10_min_child_weight": 2.1944027133616673, "log10_subsample": -0.5705984007188658, "max_depth": 4.0, "num_boost_round": 7.0}, "datetime": {"datetime": "2024-01-19 01:14:36", "elapsed": 3729.367935, "delta": 0.004047}}
{"target": -13.758887874804302, "params": {"gamma": 644.8819699906159, "log10_alpha": -4.248015351877661, "log10_colsample_bytree": -0.31890253213267095, "log10_eta": -1.7820249382785804, "log10_lambda": -1.9978149534599563, "log10_min_child_weight": 2.1944027133616673, "log10_subsample": -0.5705984007188658, "max_depth": 4.0, "num_boost_round": 8.0}, "datetime": {"datetime": "2024-01-19 01:14:36", "elapsed": 3729.371988, "delta": 0.004053}}
{"target": -13.758737740967351, "params": {"gamma": 644.8819699906159, "log10_alpha": -4.248015351877661, "log10_colsample_bytree": -0.31890253213267095, "log10_eta": -1.7820249382785804, "log10_lambda": -1.9978149534599563, "log10_min_child_weight": 2.1944027133616673, "log10_subsample": -0.5705984007188658, "max_depth": 4.0, "num_boost_round": 9.0}, "datetime": {"datetime": "2024-01-19 01:14:36", "elapsed": 3729.37625, "delta": 0.004262}}
{"target": -13.758482465990712, "params": {"gamma": 644.8819699906159, "log10_alpha": -4.248015351877661, "log10_colsample_bytree": -0.31890253213267095, "log10_eta": -1.7820249382785804, "log10_lambda": -1.9978149534599563, "log10_min_child_weight": 2.1944027133616673, "log10_subsample": -0.5705984007188658, "max_depth": 4.0, "num_boost_round": 10.0}, "datetime": {"datetime": "2024-01-19 01:14:36", "elapsed": 3729.380248, "delta": 0.003998}}
{"target": -13.758538196735296, "params": {"gamma": 651.1906145954498, "log10_alpha": -3.429953306204064, "log10_colsample_bytree": -0.9368543548917758, "log10_eta": -3.6997237177002757, "log10_lambda": 0.9066543428651155, "log10_min_child_weight": 4.764975002525041, "log10_subsample": -0.7097095279138863, "max_depth": 9.0, "num_boost_round": 0.0}, "datetime": {"datetime": "2024-01-19 01:15:36", "elapsed": 3789.15048, "delta": 59.770232}}
{"target": -13.758537383460203, "params": {"gamma": 651.1906145954498, "log10_alpha": -3.429953306204064, "log10_colsample_bytree": -0.9368543548917758, "log10_eta": -3.6997237177002757, "log10_lambda": 0.9066543428651155, "log10_min_child_weight": 4.764975002525041, "log10_subsample": -0.7097095279138863, "max_depth": 9.0, "num_boost_round": 1.0}, "datetime": {"datetime": "2024-01-19 01:15:36", "elapsed": 3789.155762, "delta": 0.005282}}
{"target": -13.75853744359822, "params": {"gamma": 651.1906145954498, "log10_alpha": -3.429953306204064, "log10_colsample_bytree": -0.9368543548917758, "log10_eta": -3.6997237177002757, "log10_lambda": 0.9066543428651155, "log10_min_child_weight": 4.764975002525041, "log10_subsample": -0.7097095279138863, "max_depth": 9.0, "num_boost_round": 2.0}, "datetime": {"datetime": "2024-01-19 01:15:36", "elapsed": 3789.159737, "delta": 0.003975}}
{"target": -13.758536903274866, "params": {"gamma": 651.1906145954498, "log10_alpha": -3.429953306204064, "log10_colsample_bytree": -0.9368543548917758, "log10_eta": -3.6997237177002757, "log10_lambda": 0.9066543428651155, "log10_min_child_weight": 4.764975002525041, "log10_subsample": -0.7097095279138863, "max_depth": 9.0, "num_boost_round": 3.0}, "datetime": {"datetime": "2024-01-19 01:15:36", "elapsed": 3789.163705, "delta": 0.003968}}
{"target": -13.758536105910117, "params": {"gamma": 651.1906145954498, "log10_alpha": -3.429953306204064, "log10_colsample_bytree": -0.9368543548917758, "log10_eta": -3.6997237177002757, "log10_lambda": 0.9066543428651155, "log10_min_child_weight": 4.764975002525041, "log10_subsample": -0.7097095279138863, "max_depth": 9.0, "num_boost_round": 4.0}, "datetime": {"datetime": "2024-01-19 01:15:36", "elapsed": 3789.167677, "delta": 0.003972}}
{"target": -13.758535816739565, "params": {"gamma": 651.1906145954498, "log10_alpha": -3.429953306204064, "log10_colsample_bytree": -0.9368543548917758, "log10_eta": -3.6997237177002757, "log10_lambda": 0.9066543428651155, "log10_min_child_weight": 4.764975002525041, "log10_subsample": -0.7097095279138863, "max_depth": 9.0, "num_boost_round": 5.0}, "datetime": {"datetime": "2024-01-19 01:15:36", "elapsed": 3789.171716, "delta": 0.004039}}
{"target": -13.75853574464669, "params": {"gamma": 651.1906145954498, "log10_alpha": -3.429953306204064, "log10_colsample_bytree": -0.9368543548917758, "log10_eta": -3.6997237177002757, "log10_lambda": 0.9066543428651155, "log10_min_child_weight": 4.764975002525041, "log10_subsample": -0.7097095279138863, "max_depth": 9.0, "num_boost_round": 6.0}, "datetime": {"datetime": "2024-01-19 01:15:36", "elapsed": 3789.175906, "delta": 0.00419}}
{"target": -13.758534205389395, "params": {"gamma": 651.1906145954498, "log10_alpha": -3.429953306204064, "log10_colsample_bytree": -0.9368543548917758, "log10_eta": -3.6997237177002757, "log10_lambda": 0.9066543428651155, "log10_min_child_weight": 4.764975002525041, "log10_subsample": -0.7097095279138863, "max_depth": 9.0, "num_boost_round": 7.0}, "datetime": {"datetime": "2024-01-19 01:15:36", "elapsed": 3789.180006, "delta": 0.0041}}
{"target": -13.758533447271942, "params": {"gamma": 651.1906145954498, "log10_alpha": -3.429953306204064, "log10_colsample_bytree": -0.9368543548917758, "log10_eta": -3.6997237177002757, "log10_lambda": 0.9066543428651155, "log10_min_child_weight": 4.764975002525041, "log10_subsample": -0.7097095279138863, "max_depth": 9.0, "num_boost_round": 8.0}, "datetime": {"datetime": "2024-01-19 01:15:36", "elapsed": 3789.184199, "delta": 0.004193}}
{"target": -13.758532893702123, "params": {"gamma": 651.1906145954498, "log10_alpha": -3.429953306204064, "log10_colsample_bytree": -0.9368543548917758, "log10_eta": -3.6997237177002757, "log10_lambda": 0.9066543428651155, "log10_min_child_weight": 4.764975002525041, "log10_subsample": -0.7097095279138863, "max_depth": 9.0, "num_boost_round": 9.0}, "datetime": {"datetime": "2024-01-19 01:15:36", "elapsed": 3789.188179, "delta": 0.00398}}
{"target": -13.75853306408445, "params": {"gamma": 651.1906145954498, "log10_alpha": -3.429953306204064, "log10_colsample_bytree": -0.9368543548917758, "log10_eta": -3.6997237177002757, "log10_lambda": 0.9066543428651155, "log10_min_child_weight": 4.764975002525041, "log10_subsample": -0.7097095279138863, "max_depth": 9.0, "num_boost_round": 10.0}, "datetime": {"datetime": "2024-01-19 01:15:36", "elapsed": 3789.192196, "delta": 0.004017}}
{"target": -13.758532268425826, "params": {"gamma": 651.1906145954498, "log10_alpha": -3.429953306204064, "log10_colsample_bytree": -0.9368543548917758, "log10_eta": -3.6997237177002757, "log10_lambda": 0.9066543428651155, "log10_min_child_weight": 4.764975002525041, "log10_subsample": -0.7097095279138863, "max_depth": 9.0, "num_boost_round": 11.0}, "datetime": {"datetime": "2024-01-19 01:15:36", "elapsed": 3789.196246, "delta": 0.00405}}
{"target": -13.758532285012286, "params": {"gamma": 651.1906145954498, "log10_alpha": -3.429953306204064, "log10_colsample_bytree": -0.9368543548917758, "log10_eta": -3.6997237177002757, "log10_lambda": 0.9066543428651155, "log10_min_child_weight": 4.764975002525041, "log10_subsample": -0.7097095279138863, "max_depth": 9.0, "num_boost_round": 12.0}, "datetime": {"datetime": "2024-01-19 01:15:36", "elapsed": 3789.200283, "delta": 0.004037}}
{"target": -13.75853179478233, "params": {"gamma": 651.1906145954498, "log10_alpha": -3.429953306204064, "log10_colsample_bytree": -0.9368543548917758, "log10_eta": -3.6997237177002757, "log10_lambda": 0.9066543428651155, "log10_min_child_weight": 4.764975002525041, "log10_subsample": -0.7097095279138863, "max_depth": 9.0, "num_boost_round": 13.0}, "datetime": {"datetime": "2024-01-19 01:15:36", "elapsed": 3789.204313, "delta": 0.00403}}
{"target": -13.75853087231248, "params": {"gamma": 651.1906145954498, "log10_alpha": -3.429953306204064, "log10_colsample_bytree": -0.9368543548917758, "log10_eta": -3.6997237177002757, "log10_lambda": 0.9066543428651155, "log10_min_child_weight": 4.764975002525041, "log10_subsample": -0.7097095279138863, "max_depth": 9.0, "num_boost_round": 14.0}, "datetime": {"datetime": "2024-01-19 01:15:36", "elapsed": 3789.208316, "delta": 0.004003}}
{"target": -13.757541320672871, "params": {"gamma": 657.8139326663521, "log10_alpha": -2.9234967981752957, "log10_colsample_bytree": -0.4252684199333352, "log10_eta": -0.8751579590573568, "log10_lambda": -3.68841657666398, "log10_min_child_weight": 3.044376444423288, "log10_subsample": -0.8094697233314259, "max_depth": 7.0, "num_boost_round": 0.0}, "datetime": {"datetime": "2024-01-19 01:16:45", "elapsed": 3857.742673, "delta": 68.534357}}
