{"target": -13.758537680701856, "params": {"gamma": 941.8398045033007, "log10_alpha": -3.09275246800701, "log10_colsample_bytree": -0.09529214938557573, "log10_eta": -3.9891632628288973, "log10_lambda": -0.5444458206854588, "log10_min_child_weight": 4.914234059971195, "log10_subsample": -0.19747430414361156, "max_depth": 4.0, "num_boost_round": 4.0}, "datetime": {"datetime": "2024-01-19 00:53:02", "elapsed": 2483.795219, "delta": 0.003202}}
{"target": -13.758537313657428, "params": {"gamma": 941.8398045033007, "log10_alpha": -3.09275246800701, "log10_colsample_bytree": -0.09529214938557573, "log10_eta": -3.9891632628288973, "log10_lambda": -0.5444458206854588, "log10_min_child_weight": 4.914234059971195, "log10_subsample": -0.19747430414361156, "max_depth": 4.0, "num_boost_round": 5.0}, "datetime": {"datetime": "2024-01-19 00:53:02", "elapsed": 2483.798574, "delta": 0.003355}}
{"target": -13.758537051475423, "params": {"gamma": 941.8398045033007, "log10_alpha": -3.09275246800701, "log10_colsample_bytree": -0.09529214938557573, "log10_eta": -3.9891632628288973, "log10_lambda": -0.5444458206854588, "log10_min_child_weight": 4.914234059971195, "log10_subsample": -0.19747430414361156, "max_depth": 4.0, "num_boost_round": 6.0}, "datetime": {"datetime": "2024-01-19 00:53:02", "elapsed": 2483.801783, "delta": 0.003209}}
{"target": -13.7585367768275, "params": {"gamma": 941.8398045033007, "log10_alpha": -3.09275246800701, "log10_colsample_bytree": -0.09529214938557573, "log10_eta": -3.9891632628288973, "log10_lambda": -0.5444458206854588, "log10_min_child_weight": 4.914234059971195, "log10_subsample": -0.19747430414361156, "max_depth": 4.0, "num_boost_round": 7.0}, "datetime": {"datetime": "2024-01-19 00:53:02", "elapsed": 2483.805447, "delta": 0.003664}}
{"target": -13.758536414263903, "params": {"gamma": 941.8398045033007, "log10_alpha": -3.09275246800701, "log10_colsample_bytree": -0.09529214938557573, "log10_eta": -3.9891632628288973, "log10_lambda": -0.5444458206854588, "log10_min_child_weight": 4.914234059971195, "log10_subsample": -0.19747430414361156, "max_depth": 4.0, "num_boost_round": 8.0}, "datetime": {"datetime": "2024-01-19 00:53:02", "elapsed": 2483.80887, "delta": 0.003423}}
{"target": -13.758536089506325, "params": {"gamma": 941.8398045033007, "log10_alpha": -3.09275246800701, "log10_colsample_bytree": -0.09529214938557573, "log10_eta": -3.9891632628288973, "log10_lambda": -0.5444458206854588, "log10_min_child_weight": 4.914234059971195, "log10_subsample": -0.19747430414361156, "max_depth": 4.0, "num_boost_round": 9.0}, "datetime": {"datetime": "2024-01-19 00:53:02", "elapsed": 2483.81238, "delta": 0.00351}}
{"target": -13.758535806131286, "params": {"gamma": 941.8398045033007, "log10_alpha": -3.09275246800701, "log10_colsample_bytree": -0.09529214938557573, "log10_eta": -3.9891632628288973, "log10_lambda": -0.5444458206854588, "log10_min_child_weight": 4.914234059971195, "log10_subsample": -0.19747430414361156, "max_depth": 4.0, "num_boost_round": 10.0}, "datetime": {"datetime": "2024-01-19 00:53:02", "elapsed": 2483.815681, "delta": 0.003301}}
{"target": -13.758536269195146, "params": {"gamma": 941.8398045033007, "log10_alpha": -3.09275246800701, "log10_colsample_bytree": -0.09529214938557573, "log10_eta": -3.9891632628288973, "log10_lambda": -0.5444458206854588, "log10_min_child_weight": 4.914234059971195, "log10_subsample": -0.19747430414361156, "max_depth": 4.0, "num_boost_round": 11.0}, "datetime": {"datetime": "2024-01-19 00:53:02", "elapsed": 2483.819047, "delta": 0.003366}}
{"target": -13.758535934120715, "params": {"gamma": 941.8398045033007, "log10_alpha": -3.09275246800701, "log10_colsample_bytree": -0.09529214938557573, "log10_eta": -3.9891632628288973, "log10_lambda": -0.5444458206854588, "log10_min_child_weight": 4.914234059971195, "log10_subsample": -0.19747430414361156, "max_depth": 4.0, "num_boost_round": 12.0}, "datetime": {"datetime": "2024-01-19 00:53:02", "elapsed": 2483.822265, "delta": 0.003218}}
{"target": -13.758535722316712, "params": {"gamma": 941.8398045033007, "log10_alpha": -3.09275246800701, "log10_colsample_bytree": -0.09529214938557573, "log10_eta": -3.9891632628288973, "log10_lambda": -0.5444458206854588, "log10_min_child_weight": 4.914234059971195, "log10_subsample": -0.19747430414361156, "max_depth": 4.0, "num_boost_round": 13.0}, "datetime": {"datetime": "2024-01-19 00:53:02", "elapsed": 2483.825518, "delta": 0.003253}}
{"target": -13.758535562429488, "params": {"gamma": 941.8398045033007, "log10_alpha": -3.09275246800701, "log10_colsample_bytree": -0.09529214938557573, "log10_eta": -3.9891632628288973, "log10_lambda": -0.5444458206854588, "log10_min_child_weight": 4.914234059971195, "log10_subsample": -0.19747430414361156, "max_depth": 4.0, "num_boost_round": 14.0}, "datetime": {"datetime": "2024-01-19 00:53:02", "elapsed": 2483.828758, "delta": 0.00324}}
{"target": -13.758535393830924, "params": {"gamma": 941.8398045033007, "log10_alpha": -3.09275246800701, "log10_colsample_bytree": -0.09529214938557573, "log10_eta": -3.9891632628288973, "log10_lambda": -0.5444458206854588, "log10_min_child_weight": 4.914234059971195, "log10_subsample": -0.19747430414361156, "max_depth": 4.0, "num_boost_round": 15.0}, "datetime": {"datetime": "2024-01-19 00:53:02", "elapsed": 2483.832056, "delta": 0.003298}}
{"target": -13.758535002889257, "params": {"gamma": 941.8398045033007, "log10_alpha": -3.09275246800701, "log10_colsample_bytree": -0.09529214938557573, "log10_eta": -3.9891632628288973, "log10_lambda": -0.5444458206854588, "log10_min_child_weight": 4.914234059971195, "log10_subsample": -0.19747430414361156, "max_depth": 4.0, "num_boost_round": 16.0}, "datetime": {"datetime": "2024-01-19 00:53:02", "elapsed": 2483.8353, "delta": 0.003244}}
{"target": -13.758534723000896, "params": {"gamma": 941.8398045033007, "log10_alpha": -3.09275246800701, "log10_colsample_bytree": -0.09529214938557573, "log10_eta": -3.9891632628288973, "log10_lambda": -0.5444458206854588, "log10_min_child_weight": 4.914234059971195, "log10_subsample": -0.19747430414361156, "max_depth": 4.0, "num_boost_round": 17.0}, "datetime": {"datetime": "2024-01-19 00:53:02", "elapsed": 2483.838606, "delta": 0.003306}}
{"target": -13.758534277879855, "params": {"gamma": 941.8398045033007, "log10_alpha": -3.09275246800701, "log10_colsample_bytree": -0.09529214938557573, "log10_eta": -3.9891632628288973, "log10_lambda": -0.5444458206854588, "log10_min_child_weight": 4.914234059971195, "log10_subsample": -0.19747430414361156, "max_depth": 4.0, "num_boost_round": 18.0}, "datetime": {"datetime": "2024-01-19 00:53:02", "elapsed": 2483.841871, "delta": 0.003265}}
{"target": -13.758533614228275, "params": {"gamma": 941.8398045033007, "log10_alpha": -3.09275246800701, "log10_colsample_bytree": -0.09529214938557573, "log10_eta": -3.9891632628288973, "log10_lambda": -0.5444458206854588, "log10_min_child_weight": 4.914234059971195, "log10_subsample": -0.19747430414361156, "max_depth": 4.0, "num_boost_round": 19.0}, "datetime": {"datetime": "2024-01-19 00:53:02", "elapsed": 2483.845169, "delta": 0.003298}}
{"target": -13.758533499847752, "params": {"gamma": 941.8398045033007, "log10_alpha": -3.09275246800701, "log10_colsample_bytree": -0.09529214938557573, "log10_eta": -3.9891632628288973, "log10_lambda": -0.5444458206854588, "log10_min_child_weight": 4.914234059971195, "log10_subsample": -0.19747430414361156, "max_depth": 4.0, "num_boost_round": 20.0}, "datetime": {"datetime": "2024-01-19 00:53:02", "elapsed": 2483.848439, "delta": 0.00327}}
{"target": -13.758533271740587, "params": {"gamma": 941.8398045033007, "log10_alpha": -3.09275246800701, "log10_colsample_bytree": -0.09529214938557573, "log10_eta": -3.9891632628288973, "log10_lambda": -0.5444458206854588, "log10_min_child_weight": 4.914234059971195, "log10_subsample": -0.19747430414361156, "max_depth": 4.0, "num_boost_round": 21.0}, "datetime": {"datetime": "2024-01-19 00:53:02", "elapsed": 2483.851744, "delta": 0.003305}}
{"target": -13.758533194941673, "params": {"gamma": 941.8398045033007, "log10_alpha": -3.09275246800701, "log10_colsample_bytree": -0.09529214938557573, "log10_eta": -3.9891632628288973, "log10_lambda": -0.5444458206854588, "log10_min_child_weight": 4.914234059971195, "log10_subsample": -0.19747430414361156, "max_depth": 4.0, "num_boost_round": 22.0}, "datetime": {"datetime": "2024-01-19 00:53:02", "elapsed": 2483.855003, "delta": 0.003259}}
{"target": -13.758533063614763, "params": {"gamma": 941.8398045033007, "log10_alpha": -3.09275246800701, "log10_colsample_bytree": -0.09529214938557573, "log10_eta": -3.9891632628288973, "log10_lambda": -0.5444458206854588, "log10_min_child_weight": 4.914234059971195, "log10_subsample": -0.19747430414361156, "max_depth": 4.0, "num_boost_round": 23.0}, "datetime": {"datetime": "2024-01-19 00:53:02", "elapsed": 2483.858325, "delta": 0.003322}}
{"target": -13.758532900427314, "params": {"gamma": 941.8398045033007, "log10_alpha": -3.09275246800701, "log10_colsample_bytree": -0.09529214938557573, "log10_eta": -3.9891632628288973, "log10_lambda": -0.5444458206854588, "log10_min_child_weight": 4.914234059971195, "log10_subsample": -0.19747430414361156, "max_depth": 4.0, "num_boost_round": 24.0}, "datetime": {"datetime": "2024-01-19 00:53:02", "elapsed": 2483.86155, "delta": 0.003225}}
{"target": -13.758532734561065, "params": {"gamma": 941.8398045033007, "log10_alpha": -3.09275246800701, "log10_colsample_bytree": -0.09529214938557573, "log10_eta": -3.9891632628288973, "log10_lambda": -0.5444458206854588, "log10_min_child_weight": 4.914234059971195, "log10_subsample": -0.19747430414361156, "max_depth": 4.0, "num_boost_round": 25.0}, "datetime": {"datetime": "2024-01-19 00:53:02", "elapsed": 2483.864863, "delta": 0.003313}}
{"target": -13.758532420130035, "params": {"gamma": 941.8398045033007, "log10_alpha": -3.09275246800701, "log10_colsample_bytree": -0.09529214938557573, "log10_eta": -3.9891632628288973, "log10_lambda": -0.5444458206854588, "log10_min_child_weight": 4.914234059971195, "log10_subsample": -0.19747430414361156, "max_depth": 4.0, "num_boost_round": 26.0}, "datetime": {"datetime": "2024-01-19 00:53:02", "elapsed": 2483.868118, "delta": 0.003255}}
{"target": -13.758532178308613, "params": {"gamma": 941.8398045033007, "log10_alpha": -3.09275246800701, "log10_colsample_bytree": -0.09529214938557573, "log10_eta": -3.9891632628288973, "log10_lambda": -0.5444458206854588, "log10_min_child_weight": 4.914234059971195, "log10_subsample": -0.19747430414361156, "max_depth": 4.0, "num_boost_round": 27.0}, "datetime": {"datetime": "2024-01-19 00:53:02", "elapsed": 2483.87141, "delta": 0.003292}}
{"target": -13.758531907333165, "params": {"gamma": 941.8398045033007, "log10_alpha": -3.09275246800701, "log10_colsample_bytree": -0.09529214938557573, "log10_eta": -3.9891632628288973, "log10_lambda": -0.5444458206854588, "log10_min_child_weight": 4.914234059971195, "log10_subsample": -0.19747430414361156, "max_depth": 4.0, "num_boost_round": 28.0}, "datetime": {"datetime": "2024-01-19 00:53:02", "elapsed": 2483.874684, "delta": 0.003274}}
{"target": -13.758531574651503, "params": {"gamma": 941.8398045033007, "log10_alpha": -3.09275246800701, "log10_colsample_bytree": -0.09529214938557573, "log10_eta": -3.9891632628288973, "log10_lambda": -0.5444458206854588, "log10_min_child_weight": 4.914234059971195, "log10_subsample": -0.19747430414361156, "max_depth": 4.0, "num_boost_round": 29.0}, "datetime": {"datetime": "2024-01-19 00:53:02", "elapsed": 2483.877995, "delta": 0.003311}}
{"target": -13.758531382612976, "params": {"gamma": 941.8398045033007, "log10_alpha": -3.09275246800701, "log10_colsample_bytree": -0.09529214938557573, "log10_eta": -3.9891632628288973, "log10_lambda": -0.5444458206854588, "log10_min_child_weight": 4.914234059971195, "log10_subsample": -0.19747430414361156, "max_depth": 4.0, "num_boost_round": 30.0}, "datetime": {"datetime": "2024-01-19 00:53:02", "elapsed": 2483.881231, "delta": 0.003236}}
{"target": -13.758531553664097, "params": {"gamma": 941.8398045033007, "log10_alpha": -3.09275246800701, "log10_colsample_bytree": -0.09529214938557573, "log10_eta": -3.9891632628288973, "log10_lambda": -0.5444458206854588, "log10_min_child_weight": 4.914234059971195, "log10_subsample": -0.19747430414361156, "max_depth": 4.0, "num_boost_round": 31.0}, "datetime": {"datetime": "2024-01-19 00:53:02", "elapsed": 2483.884554, "delta": 0.003323}}
{"target": -13.758531430404293, "params": {"gamma": 941.8398045033007, "log10_alpha": -3.09275246800701, "log10_colsample_bytree": -0.09529214938557573, "log10_eta": -3.9891632628288973, "log10_lambda": -0.5444458206854588, "log10_min_child_weight": 4.914234059971195, "log10_subsample": -0.19747430414361156, "max_depth": 4.0, "num_boost_round": 32.0}, "datetime": {"datetime": "2024-01-19 00:53:02", "elapsed": 2483.887827, "delta": 0.003273}}
{"target": -13.758531116343088, "params": {"gamma": 941.8398045033007, "log10_alpha": -3.09275246800701, "log10_colsample_bytree": -0.09529214938557573, "log10_eta": -3.9891632628288973, "log10_lambda": -0.5444458206854588, "log10_min_child_weight": 4.914234059971195, "log10_subsample": -0.19747430414361156, "max_depth": 4.0, "num_boost_round": 33.0}, "datetime": {"datetime": "2024-01-19 00:53:02", "elapsed": 2483.891154, "delta": 0.003327}}
{"target": -13.758531064666231, "params": {"gamma": 941.8398045033007, "log10_alpha": -3.09275246800701, "log10_colsample_bytree": -0.09529214938557573, "log10_eta": -3.9891632628288973, "log10_lambda": -0.5444458206854588, "log10_min_child_weight": 4.914234059971195, "log10_subsample": -0.19747430414361156, "max_depth": 4.0, "num_boost_round": 34.0}, "datetime": {"datetime": "2024-01-19 00:53:02", "elapsed": 2483.89442, "delta": 0.003266}}
{"target": -13.758530782984487, "params": {"gamma": 941.8398045033007, "log10_alpha": -3.09275246800701, "log10_colsample_bytree": -0.09529214938557573, "log10_eta": -3.9891632628288973, "log10_lambda": -0.5444458206854588, "log10_min_child_weight": 4.914234059971195, "log10_subsample": -0.19747430414361156, "max_depth": 4.0, "num_boost_round": 35.0}, "datetime": {"datetime": "2024-01-19 00:53:02", "elapsed": 2483.897713, "delta": 0.003293}}
{"target": -13.758530476633476, "params": {"gamma": 941.8398045033007, "log10_alpha": -3.09275246800701, "log10_colsample_bytree": -0.09529214938557573, "log10_eta": -3.9891632628288973, "log10_lambda": -0.5444458206854588, "log10_min_child_weight": 4.914234059971195, "log10_subsample": -0.19747430414361156, "max_depth": 4.0, "num_boost_round": 36.0}, "datetime": {"datetime": "2024-01-19 00:53:02", "elapsed": 2483.901601, "delta": 0.003888}}
{"target": -13.758530137823334, "params": {"gamma": 941.8398045033007, "log10_alpha": -3.09275246800701, "log10_colsample_bytree": -0.09529214938557573, "log10_eta": -3.9891632628288973, "log10_lambda": -0.5444458206854588, "log10_min_child_weight": 4.914234059971195, "log10_subsample": -0.19747430414361156, "max_depth": 4.0, "num_boost_round": 37.0}, "datetime": {"datetime": "2024-01-19 00:53:02", "elapsed": 2483.906014, "delta": 0.004413}}
{"target": -13.758529231576311, "params": {"gamma": 941.8398045033007, "log10_alpha": -3.09275246800701, "log10_colsample_bytree": -0.09529214938557573, "log10_eta": -3.9891632628288973, "log10_lambda": -0.5444458206854588, "log10_min_child_weight": 4.914234059971195, "log10_subsample": -0.19747430414361156, "max_depth": 4.0, "num_boost_round": 38.0}, "datetime": {"datetime": "2024-01-19 00:53:02", "elapsed": 2483.90944, "delta": 0.003426}}
{"target": -13.75852910104095, "params": {"gamma": 941.8398045033007, "log10_alpha": -3.09275246800701, "log10_colsample_bytree": -0.09529214938557573, "log10_eta": -3.9891632628288973, "log10_lambda": -0.5444458206854588, "log10_min_child_weight": 4.914234059971195, "log10_subsample": -0.19747430414361156, "max_depth": 4.0, "num_boost_round": 39.0}, "datetime": {"datetime": "2024-01-19 00:53:02", "elapsed": 2483.912804, "delta": 0.003364}}
{"target": -13.758528845122155, "params": {"gamma": 941.8398045033007, "log10_alpha": -3.09275246800701, "log10_colsample_bytree": -0.09529214938557573, "log10_eta": -3.9891632628288973, "log10_lambda": -0.5444458206854588, "log10_min_child_weight": 4.914234059971195, "log10_subsample": -0.19747430414361156, "max_depth": 4.0, "num_boost_round": 40.0}, "datetime": {"datetime": "2024-01-19 00:53:02", "elapsed": 2483.916191, "delta": 0.003387}}
{"target": -13.758528595429762, "params": {"gamma": 941.8398045033007, "log10_alpha": -3.09275246800701, "log10_colsample_bytree": -0.09529214938557573, "log10_eta": -3.9891632628288973, "log10_lambda": -0.5444458206854588, "log10_min_child_weight": 4.914234059971195, "log10_subsample": -0.19747430414361156, "max_depth": 4.0, "num_boost_round": 41.0}, "datetime": {"datetime": "2024-01-19 00:53:02", "elapsed": 2483.919579, "delta": 0.003388}}
{"target": -13.758528450734005, "params": {"gamma": 941.8398045033007, "log10_alpha": -3.09275246800701, "log10_colsample_bytree": -0.09529214938557573, "log10_eta": -3.9891632628288973, "log10_lambda": -0.5444458206854588, "log10_min_child_weight": 4.914234059971195, "log10_subsample": -0.19747430414361156, "max_depth": 4.0, "num_boost_round": 42.0}, "datetime": {"datetime": "2024-01-19 00:53:02", "elapsed": 2483.922808, "delta": 0.003229}}
{"target": -13.75852804474388, "params": {"gamma": 941.8398045033007, "log10_alpha": -3.09275246800701, "log10_colsample_bytree": -0.09529214938557573, "log10_eta": -3.9891632628288973, "log10_lambda": -0.5444458206854588, "log10_min_child_weight": 4.914234059971195, "log10_subsample": -0.19747430414361156, "max_depth": 4.0, "num_boost_round": 43.0}, "datetime": {"datetime": "2024-01-19 00:53:02", "elapsed": 2483.926098, "delta": 0.00329}}
{"target": -13.758527217840104, "params": {"gamma": 941.8398045033007, "log10_alpha": -3.09275246800701, "log10_colsample_bytree": -0.09529214938557573, "log10_eta": -3.9891632628288973, "log10_lambda": -0.5444458206854588, "log10_min_child_weight": 4.914234059971195, "log10_subsample": -0.19747430414361156, "max_depth": 4.0, "num_boost_round": 44.0}, "datetime": {"datetime": "2024-01-19 00:53:02", "elapsed": 2483.929356, "delta": 0.003258}}
{"target": -13.75852705521939, "params": {"gamma": 941.8398045033007, "log10_alpha": -3.09275246800701, "log10_colsample_bytree": -0.09529214938557573, "log10_eta": -3.9891632628288973, "log10_lambda": -0.5444458206854588, "log10_min_child_weight": 4.914234059971195, "log10_subsample": -0.19747430414361156, "max_depth": 4.0, "num_boost_round": 45.0}, "datetime": {"datetime": "2024-01-19 00:53:02", "elapsed": 2483.932689, "delta": 0.003333}}
{"target": -13.758526755673135, "params": {"gamma": 941.8398045033007, "log10_alpha": -3.09275246800701, "log10_colsample_bytree": -0.09529214938557573, "log10_eta": -3.9891632628288973, "log10_lambda": -0.5444458206854588, "log10_min_child_weight": 4.914234059971195, "log10_subsample": -0.19747430414361156, "max_depth": 4.0, "num_boost_round": 46.0}, "datetime": {"datetime": "2024-01-19 00:53:02", "elapsed": 2483.936008, "delta": 0.003319}}
{"target": -13.758526634492132, "params": {"gamma": 941.8398045033007, "log10_alpha": -3.09275246800701, "log10_colsample_bytree": -0.09529214938557573, "log10_eta": -3.9891632628288973, "log10_lambda": -0.5444458206854588, "log10_min_child_weight": 4.914234059971195, "log10_subsample": -0.19747430414361156, "max_depth": 4.0, "num_boost_round": 47.0}, "datetime": {"datetime": "2024-01-19 00:53:02", "elapsed": 2483.939367, "delta": 0.003359}}
{"target": -13.75847145338197, "params": {"gamma": 949.151175106954, "log10_alpha": -1.504888772316125, "log10_colsample_bytree": -0.7747886525722372, "log10_eta": -2.553552360128181, "log10_lambda": 0.47224645838513535, "log10_min_child_weight": 2.3177495554160417, "log10_subsample": -0.6457801934537142, "max_depth": 4.0, "num_boost_round": 0.0}, "datetime": {"datetime": "2024-01-19 00:53:36", "elapsed": 2517.378222, "delta": 33.438855}}
{"target": -13.75846486968503, "params": {"gamma": 949.151175106954, "log10_alpha": -1.504888772316125, "log10_colsample_bytree": -0.7747886525722372, "log10_eta": -2.553552360128181, "log10_lambda": 0.47224645838513535, "log10_min_child_weight": 2.3177495554160417, "log10_subsample": -0.6457801934537142, "max_depth": 4.0, "num_boost_round": 1.0}, "datetime": {"datetime": "2024-01-19 00:53:36", "elapsed": 2517.382579, "delta": 0.004357}}
{"target": -13.758413413115926, "params": {"gamma": 949.151175106954, "log10_alpha": -1.504888772316125, "log10_colsample_bytree": -0.7747886525722372, "log10_eta": -2.553552360128181, "log10_lambda": 0.47224645838513535, "log10_min_child_weight": 2.3177495554160417, "log10_subsample": -0.6457801934537142, "max_depth": 4.0, "num_boost_round": 2.0}, "datetime": {"datetime": "2024-01-19 00:53:36", "elapsed": 2517.385996, "delta": 0.003417}}
{"target": -13.758417920481335, "params": {"gamma": 949.151175106954, "log10_alpha": -1.504888772316125, "log10_colsample_bytree": -0.7747886525722372, "log10_eta": -2.553552360128181, "log10_lambda": 0.47224645838513535, "log10_min_child_weight": 2.3177495554160417, "log10_subsample": -0.6457801934537142, "max_depth": 4.0, "num_boost_round": 3.0}, "datetime": {"datetime": "2024-01-19 00:53:36", "elapsed": 2517.389382, "delta": 0.003386}}
{"target": -13.7584051221844, "params": {"gamma": 949.151175106954, "log10_alpha": -1.504888772316125, "log10_colsample_bytree": -0.7747886525722372, "log10_eta": -2.553552360128181, "log10_lambda": 0.47224645838513535, "log10_min_child_weight": 2.3177495554160417, "log10_subsample": -0.6457801934537142, "max_depth": 4.0, "num_boost_round": 4.0}, "datetime": {"datetime": "2024-01-19 00:53:36", "elapsed": 2517.392666, "delta": 0.003284}}
