{"target": -17.67792476484241, "params": {"gamma": 56.016918603492, "log10_alpha": 0.17174557774960775, "log10_colsample_bytree": -0.5369992063791527, "log10_eta": -1.2898647162688999, "log10_lambda": 0.8872245789576905, "log10_min_child_weight": 4.329228876118681, "log10_subsample": -0.5527326973087021, "max_depth": 5.0, "num_boost_round": 6.0}, "datetime": {"datetime": "2024-01-19 01:58:48", "elapsed": 6482.095713, "delta": 0.005007}}
{"target": -17.678312265896977, "params": {"gamma": 56.016918603492, "log10_alpha": 0.17174557774960775, "log10_colsample_bytree": -0.5369992063791527, "log10_eta": -1.2898647162688999, "log10_lambda": 0.8872245789576905, "log10_min_child_weight": 4.329228876118681, "log10_subsample": -0.5527326973087021, "max_depth": 5.0, "num_boost_round": 7.0}, "datetime": {"datetime": "2024-01-19 01:58:48", "elapsed": 6482.100869, "delta": 0.005156}}
{"target": -17.67824485974007, "params": {"gamma": 56.016918603492, "log10_alpha": 0.17174557774960775, "log10_colsample_bytree": -0.5369992063791527, "log10_eta": -1.2898647162688999, "log10_lambda": 0.8872245789576905, "log10_min_child_weight": 4.329228876118681, "log10_subsample": -0.5527326973087021, "max_depth": 5.0, "num_boost_round": 8.0}, "datetime": {"datetime": "2024-01-19 01:58:48", "elapsed": 6482.10609, "delta": 0.005221}}
{"target": -17.67838056618016, "params": {"gamma": 56.016918603492, "log10_alpha": 0.17174557774960775, "log10_colsample_bytree": -0.5369992063791527, "log10_eta": -1.2898647162688999, "log10_lambda": 0.8872245789576905, "log10_min_child_weight": 4.329228876118681, "log10_subsample": -0.5527326973087021, "max_depth": 5.0, "num_boost_round": 9.0}, "datetime": {"datetime": "2024-01-19 01:58:48", "elapsed": 6482.11111, "delta": 0.00502}}
{"target": -17.67797338466756, "params": {"gamma": 56.016918603492, "log10_alpha": 0.17174557774960775, "log10_colsample_bytree": -0.5369992063791527, "log10_eta": -1.2898647162688999, "log10_lambda": 0.8872245789576905, "log10_min_child_weight": 4.329228876118681, "log10_subsample": -0.5527326973087021, "max_depth": 5.0, "num_boost_round": 10.0}, "datetime": {"datetime": "2024-01-19 01:58:48", "elapsed": 6482.116422, "delta": 0.005312}}
{"target": -17.678102310817106, "params": {"gamma": 56.016918603492, "log10_alpha": 0.17174557774960775, "log10_colsample_bytree": -0.5369992063791527, "log10_eta": -1.2898647162688999, "log10_lambda": 0.8872245789576905, "log10_min_child_weight": 4.329228876118681, "log10_subsample": -0.5527326973087021, "max_depth": 5.0, "num_boost_round": 11.0}, "datetime": {"datetime": "2024-01-19 01:58:48", "elapsed": 6482.121501, "delta": 0.005079}}
{"target": -17.678642658981158, "params": {"gamma": 56.016918603492, "log10_alpha": 0.17174557774960775, "log10_colsample_bytree": -0.5369992063791527, "log10_eta": -1.2898647162688999, "log10_lambda": 0.8872245789576905, "log10_min_child_weight": 4.329228876118681, "log10_subsample": -0.5527326973087021, "max_depth": 5.0, "num_boost_round": 12.0}, "datetime": {"datetime": "2024-01-19 01:58:48", "elapsed": 6482.126741, "delta": 0.00524}}
{"target": -17.678693434122522, "params": {"gamma": 56.016918603492, "log10_alpha": 0.17174557774960775, "log10_colsample_bytree": -0.5369992063791527, "log10_eta": -1.2898647162688999, "log10_lambda": 0.8872245789576905, "log10_min_child_weight": 4.329228876118681, "log10_subsample": -0.5527326973087021, "max_depth": 5.0, "num_boost_round": 13.0}, "datetime": {"datetime": "2024-01-19 01:58:48", "elapsed": 6482.131872, "delta": 0.005131}}
{"target": -17.678855112753208, "params": {"gamma": 56.016918603492, "log10_alpha": 0.17174557774960775, "log10_colsample_bytree": -0.5369992063791527, "log10_eta": -1.2898647162688999, "log10_lambda": 0.8872245789576905, "log10_min_child_weight": 4.329228876118681, "log10_subsample": -0.5527326973087021, "max_depth": 5.0, "num_boost_round": 14.0}, "datetime": {"datetime": "2024-01-19 01:58:48", "elapsed": 6482.137179, "delta": 0.005307}}
{"target": -17.679346070310476, "params": {"gamma": 56.016918603492, "log10_alpha": 0.17174557774960775, "log10_colsample_bytree": -0.5369992063791527, "log10_eta": -1.2898647162688999, "log10_lambda": 0.8872245789576905, "log10_min_child_weight": 4.329228876118681, "log10_subsample": -0.5527326973087021, "max_depth": 5.0, "num_boost_round": 15.0}, "datetime": {"datetime": "2024-01-19 01:58:48", "elapsed": 6482.142239, "delta": 0.00506}}
{"target": -17.67954323033417, "params": {"gamma": 56.016918603492, "log10_alpha": 0.17174557774960775, "log10_colsample_bytree": -0.5369992063791527, "log10_eta": -1.2898647162688999, "log10_lambda": 0.8872245789576905, "log10_min_child_weight": 4.329228876118681, "log10_subsample": -0.5527326973087021, "max_depth": 5.0, "num_boost_round": 16.0}, "datetime": {"datetime": "2024-01-19 01:58:48", "elapsed": 6482.147363, "delta": 0.005124}}
{"target": -17.680811392028083, "params": {"gamma": 56.016918603492, "log10_alpha": 0.17174557774960775, "log10_colsample_bytree": -0.5369992063791527, "log10_eta": -1.2898647162688999, "log10_lambda": 0.8872245789576905, "log10_min_child_weight": 4.329228876118681, "log10_subsample": -0.5527326973087021, "max_depth": 5.0, "num_boost_round": 17.0}, "datetime": {"datetime": "2024-01-19 01:58:48", "elapsed": 6482.152467, "delta": 0.005104}}
{"target": -17.681280306361902, "params": {"gamma": 56.016918603492, "log10_alpha": 0.17174557774960775, "log10_colsample_bytree": -0.5369992063791527, "log10_eta": -1.2898647162688999, "log10_lambda": 0.8872245789576905, "log10_min_child_weight": 4.329228876118681, "log10_subsample": -0.5527326973087021, "max_depth": 5.0, "num_boost_round": 18.0}, "datetime": {"datetime": "2024-01-19 01:58:48", "elapsed": 6482.157635, "delta": 0.005168}}
{"target": -17.68138624672005, "params": {"gamma": 56.016918603492, "log10_alpha": 0.17174557774960775, "log10_colsample_bytree": -0.5369992063791527, "log10_eta": -1.2898647162688999, "log10_lambda": 0.8872245789576905, "log10_min_child_weight": 4.329228876118681, "log10_subsample": -0.5527326973087021, "max_depth": 5.0, "num_boost_round": 19.0}, "datetime": {"datetime": "2024-01-19 01:58:48", "elapsed": 6482.162689, "delta": 0.005054}}
{"target": -17.681509911669316, "params": {"gamma": 56.016918603492, "log10_alpha": 0.17174557774960775, "log10_colsample_bytree": -0.5369992063791527, "log10_eta": -1.2898647162688999, "log10_lambda": 0.8872245789576905, "log10_min_child_weight": 4.329228876118681, "log10_subsample": -0.5527326973087021, "max_depth": 5.0, "num_boost_round": 20.0}, "datetime": {"datetime": "2024-01-19 01:58:48", "elapsed": 6482.167847, "delta": 0.005158}}
{"target": -17.681875171962297, "params": {"gamma": 56.016918603492, "log10_alpha": 0.17174557774960775, "log10_colsample_bytree": -0.5369992063791527, "log10_eta": -1.2898647162688999, "log10_lambda": 0.8872245789576905, "log10_min_child_weight": 4.329228876118681, "log10_subsample": -0.5527326973087021, "max_depth": 5.0, "num_boost_round": 21.0}, "datetime": {"datetime": "2024-01-19 01:58:48", "elapsed": 6482.172917, "delta": 0.00507}}
{"target": -17.68320385786604, "params": {"gamma": 56.016918603492, "log10_alpha": 0.17174557774960775, "log10_colsample_bytree": -0.5369992063791527, "log10_eta": -1.2898647162688999, "log10_lambda": 0.8872245789576905, "log10_min_child_weight": 4.329228876118681, "log10_subsample": -0.5527326973087021, "max_depth": 5.0, "num_boost_round": 22.0}, "datetime": {"datetime": "2024-01-19 01:58:48", "elapsed": 6482.178764, "delta": 0.005847}}
{"target": -17.68312484119061, "params": {"gamma": 56.016918603492, "log10_alpha": 0.17174557774960775, "log10_colsample_bytree": -0.5369992063791527, "log10_eta": -1.2898647162688999, "log10_lambda": 0.8872245789576905, "log10_min_child_weight": 4.329228876118681, "log10_subsample": -0.5527326973087021, "max_depth": 5.0, "num_boost_round": 23.0}, "datetime": {"datetime": "2024-01-19 01:58:48", "elapsed": 6482.184076, "delta": 0.005312}}
{"target": -17.683426632941426, "params": {"gamma": 56.016918603492, "log10_alpha": 0.17174557774960775, "log10_colsample_bytree": -0.5369992063791527, "log10_eta": -1.2898647162688999, "log10_lambda": 0.8872245789576905, "log10_min_child_weight": 4.329228876118681, "log10_subsample": -0.5527326973087021, "max_depth": 5.0, "num_boost_round": 24.0}, "datetime": {"datetime": "2024-01-19 01:58:48", "elapsed": 6482.189148, "delta": 0.005072}}
{"target": -17.683695137142127, "params": {"gamma": 56.016918603492, "log10_alpha": 0.17174557774960775, "log10_colsample_bytree": -0.5369992063791527, "log10_eta": -1.2898647162688999, "log10_lambda": 0.8872245789576905, "log10_min_child_weight": 4.329228876118681, "log10_subsample": -0.5527326973087021, "max_depth": 5.0, "num_boost_round": 25.0}, "datetime": {"datetime": "2024-01-19 01:58:48", "elapsed": 6482.194227, "delta": 0.005079}}
{"target": -17.684399656365095, "params": {"gamma": 56.016918603492, "log10_alpha": 0.17174557774960775, "log10_colsample_bytree": -0.5369992063791527, "log10_eta": -1.2898647162688999, "log10_lambda": 0.8872245789576905, "log10_min_child_weight": 4.329228876118681, "log10_subsample": -0.5527326973087021, "max_depth": 5.0, "num_boost_round": 26.0}, "datetime": {"datetime": "2024-01-19 01:58:48", "elapsed": 6482.199401, "delta": 0.005174}}
{"target": -17.683932019134538, "params": {"gamma": 56.016918603492, "log10_alpha": 0.17174557774960775, "log10_colsample_bytree": -0.5369992063791527, "log10_eta": -1.2898647162688999, "log10_lambda": 0.8872245789576905, "log10_min_child_weight": 4.329228876118681, "log10_subsample": -0.5527326973087021, "max_depth": 5.0, "num_boost_round": 27.0}, "datetime": {"datetime": "2024-01-19 01:58:48", "elapsed": 6482.20454, "delta": 0.005139}}
{"target": -17.6839412070787, "params": {"gamma": 56.016918603492, "log10_alpha": 0.17174557774960775, "log10_colsample_bytree": -0.5369992063791527, "log10_eta": -1.2898647162688999, "log10_lambda": 0.8872245789576905, "log10_min_child_weight": 4.329228876118681, "log10_subsample": -0.5527326973087021, "max_depth": 5.0, "num_boost_round": 28.0}, "datetime": {"datetime": "2024-01-19 01:58:48", "elapsed": 6482.209685, "delta": 0.005145}}
{"target": -17.684364916986034, "params": {"gamma": 56.016918603492, "log10_alpha": 0.17174557774960775, "log10_colsample_bytree": -0.5369992063791527, "log10_eta": -1.2898647162688999, "log10_lambda": 0.8872245789576905, "log10_min_child_weight": 4.329228876118681, "log10_subsample": -0.5527326973087021, "max_depth": 5.0, "num_boost_round": 29.0}, "datetime": {"datetime": "2024-01-19 01:58:48", "elapsed": 6482.214875, "delta": 0.00519}}
{"target": -17.684354037362098, "params": {"gamma": 56.016918603492, "log10_alpha": 0.17174557774960775, "log10_colsample_bytree": -0.5369992063791527, "log10_eta": -1.2898647162688999, "log10_lambda": 0.8872245789576905, "log10_min_child_weight": 4.329228876118681, "log10_subsample": -0.5527326973087021, "max_depth": 5.0, "num_boost_round": 30.0}, "datetime": {"datetime": "2024-01-19 01:58:48", "elapsed": 6482.220033, "delta": 0.005158}}
{"target": -17.68455254562967, "params": {"gamma": 56.016918603492, "log10_alpha": 0.17174557774960775, "log10_colsample_bytree": -0.5369992063791527, "log10_eta": -1.2898647162688999, "log10_lambda": 0.8872245789576905, "log10_min_child_weight": 4.329228876118681, "log10_subsample": -0.5527326973087021, "max_depth": 5.0, "num_boost_round": 31.0}, "datetime": {"datetime": "2024-01-19 01:58:48", "elapsed": 6482.225232, "delta": 0.005199}}
{"target": -17.684824942284564, "params": {"gamma": 56.016918603492, "log10_alpha": 0.17174557774960775, "log10_colsample_bytree": -0.5369992063791527, "log10_eta": -1.2898647162688999, "log10_lambda": 0.8872245789576905, "log10_min_child_weight": 4.329228876118681, "log10_subsample": -0.5527326973087021, "max_depth": 5.0, "num_boost_round": 32.0}, "datetime": {"datetime": "2024-01-19 01:58:48", "elapsed": 6482.230596, "delta": 0.005364}}
{"target": -17.685764671759944, "params": {"gamma": 56.016918603492, "log10_alpha": 0.17174557774960775, "log10_colsample_bytree": -0.5369992063791527, "log10_eta": -1.2898647162688999, "log10_lambda": 0.8872245789576905, "log10_min_child_weight": 4.329228876118681, "log10_subsample": -0.5527326973087021, "max_depth": 5.0, "num_boost_round": 33.0}, "datetime": {"datetime": "2024-01-19 01:58:48", "elapsed": 6482.235615, "delta": 0.005019}}
{"target": -17.686863137344364, "params": {"gamma": 56.016918603492, "log10_alpha": 0.17174557774960775, "log10_colsample_bytree": -0.5369992063791527, "log10_eta": -1.2898647162688999, "log10_lambda": 0.8872245789576905, "log10_min_child_weight": 4.329228876118681, "log10_subsample": -0.5527326973087021, "max_depth": 5.0, "num_boost_round": 34.0}, "datetime": {"datetime": "2024-01-19 01:58:48", "elapsed": 6482.240665, "delta": 0.00505}}
{"target": -17.688232902528046, "params": {"gamma": 56.016918603492, "log10_alpha": 0.17174557774960775, "log10_colsample_bytree": -0.5369992063791527, "log10_eta": -1.2898647162688999, "log10_lambda": 0.8872245789576905, "log10_min_child_weight": 4.329228876118681, "log10_subsample": -0.5527326973087021, "max_depth": 5.0, "num_boost_round": 35.0}, "datetime": {"datetime": "2024-01-19 01:58:48", "elapsed": 6482.245803, "delta": 0.005138}}
{"target": -17.689736944530846, "params": {"gamma": 56.016918603492, "log10_alpha": 0.17174557774960775, "log10_colsample_bytree": -0.5369992063791527, "log10_eta": -1.2898647162688999, "log10_lambda": 0.8872245789576905, "log10_min_child_weight": 4.329228876118681, "log10_subsample": -0.5527326973087021, "max_depth": 5.0, "num_boost_round": 36.0}, "datetime": {"datetime": "2024-01-19 01:58:48", "elapsed": 6482.250953, "delta": 0.00515}}
{"target": -17.690627608334648, "params": {"gamma": 56.016918603492, "log10_alpha": 0.17174557774960775, "log10_colsample_bytree": -0.5369992063791527, "log10_eta": -1.2898647162688999, "log10_lambda": 0.8872245789576905, "log10_min_child_weight": 4.329228876118681, "log10_subsample": -0.5527326973087021, "max_depth": 5.0, "num_boost_round": 37.0}, "datetime": {"datetime": "2024-01-19 01:58:48", "elapsed": 6482.256046, "delta": 0.005093}}
{"target": -17.69068542397414, "params": {"gamma": 56.016918603492, "log10_alpha": 0.17174557774960775, "log10_colsample_bytree": -0.5369992063791527, "log10_eta": -1.2898647162688999, "log10_lambda": 0.8872245789576905, "log10_min_child_weight": 4.329228876118681, "log10_subsample": -0.5527326973087021, "max_depth": 5.0, "num_boost_round": 38.0}, "datetime": {"datetime": "2024-01-19 01:58:48", "elapsed": 6482.261242, "delta": 0.005196}}
{"target": -17.690983131315928, "params": {"gamma": 56.016918603492, "log10_alpha": 0.17174557774960775, "log10_colsample_bytree": -0.5369992063791527, "log10_eta": -1.2898647162688999, "log10_lambda": 0.8872245789576905, "log10_min_child_weight": 4.329228876118681, "log10_subsample": -0.5527326973087021, "max_depth": 5.0, "num_boost_round": 39.0}, "datetime": {"datetime": "2024-01-19 01:58:48", "elapsed": 6482.266379, "delta": 0.005137}}
{"target": -17.691528965908837, "params": {"gamma": 56.016918603492, "log10_alpha": 0.17174557774960775, "log10_colsample_bytree": -0.5369992063791527, "log10_eta": -1.2898647162688999, "log10_lambda": 0.8872245789576905, "log10_min_child_weight": 4.329228876118681, "log10_subsample": -0.5527326973087021, "max_depth": 5.0, "num_boost_round": 40.0}, "datetime": {"datetime": "2024-01-19 01:58:48", "elapsed": 6482.27148, "delta": 0.005101}}
{"target": -17.691815405417614, "params": {"gamma": 56.016918603492, "log10_alpha": 0.17174557774960775, "log10_colsample_bytree": -0.5369992063791527, "log10_eta": -1.2898647162688999, "log10_lambda": 0.8872245789576905, "log10_min_child_weight": 4.329228876118681, "log10_subsample": -0.5527326973087021, "max_depth": 5.0, "num_boost_round": 41.0}, "datetime": {"datetime": "2024-01-19 01:58:48", "elapsed": 6482.276556, "delta": 0.005076}}
{"target": -17.692009329067652, "params": {"gamma": 56.016918603492, "log10_alpha": 0.17174557774960775, "log10_colsample_bytree": -0.5369992063791527, "log10_eta": -1.2898647162688999, "log10_lambda": 0.8872245789576905, "log10_min_child_weight": 4.329228876118681, "log10_subsample": -0.5527326973087021, "max_depth": 5.0, "num_boost_round": 42.0}, "datetime": {"datetime": "2024-01-19 01:58:48", "elapsed": 6482.282462, "delta": 0.005906}}
{"target": -17.69326599486312, "params": {"gamma": 56.016918603492, "log10_alpha": 0.17174557774960775, "log10_colsample_bytree": -0.5369992063791527, "log10_eta": -1.2898647162688999, "log10_lambda": 0.8872245789576905, "log10_min_child_weight": 4.329228876118681, "log10_subsample": -0.5527326973087021, "max_depth": 5.0, "num_boost_round": 43.0}, "datetime": {"datetime": "2024-01-19 01:58:48", "elapsed": 6482.287722, "delta": 0.00526}}
{"target": -17.694817723397776, "params": {"gamma": 56.016918603492, "log10_alpha": 0.17174557774960775, "log10_colsample_bytree": -0.5369992063791527, "log10_eta": -1.2898647162688999, "log10_lambda": 0.8872245789576905, "log10_min_child_weight": 4.329228876118681, "log10_subsample": -0.5527326973087021, "max_depth": 5.0, "num_boost_round": 44.0}, "datetime": {"datetime": "2024-01-19 01:58:48", "elapsed": 6482.293085, "delta": 0.005363}}
{"target": -17.69518577951505, "params": {"gamma": 56.016918603492, "log10_alpha": 0.17174557774960775, "log10_colsample_bytree": -0.5369992063791527, "log10_eta": -1.2898647162688999, "log10_lambda": 0.8872245789576905, "log10_min_child_weight": 4.329228876118681, "log10_subsample": -0.5527326973087021, "max_depth": 5.0, "num_boost_round": 45.0}, "datetime": {"datetime": "2024-01-19 01:58:48", "elapsed": 6482.298259, "delta": 0.005174}}
{"target": -17.695449361782355, "params": {"gamma": 56.016918603492, "log10_alpha": 0.17174557774960775, "log10_colsample_bytree": -0.5369992063791527, "log10_eta": -1.2898647162688999, "log10_lambda": 0.8872245789576905, "log10_min_child_weight": 4.329228876118681, "log10_subsample": -0.5527326973087021, "max_depth": 5.0, "num_boost_round": 46.0}, "datetime": {"datetime": "2024-01-19 01:58:48", "elapsed": 6482.303305, "delta": 0.005046}}
{"target": -17.695936843811097, "params": {"gamma": 56.016918603492, "log10_alpha": 0.17174557774960775, "log10_colsample_bytree": -0.5369992063791527, "log10_eta": -1.2898647162688999, "log10_lambda": 0.8872245789576905, "log10_min_child_weight": 4.329228876118681, "log10_subsample": -0.5527326973087021, "max_depth": 5.0, "num_boost_round": 47.0}, "datetime": {"datetime": "2024-01-19 01:58:48", "elapsed": 6482.308463, "delta": 0.005158}}
{"target": -17.69604518726677, "params": {"gamma": 56.016918603492, "log10_alpha": 0.17174557774960775, "log10_colsample_bytree": -0.5369992063791527, "log10_eta": -1.2898647162688999, "log10_lambda": 0.8872245789576905, "log10_min_child_weight": 4.329228876118681, "log10_subsample": -0.5527326973087021, "max_depth": 5.0, "num_boost_round": 48.0}, "datetime": {"datetime": "2024-01-19 01:58:48", "elapsed": 6482.313689, "delta": 0.005226}}
{"target": -17.696120371177155, "params": {"gamma": 56.016918603492, "log10_alpha": 0.17174557774960775, "log10_colsample_bytree": -0.5369992063791527, "log10_eta": -1.2898647162688999, "log10_lambda": 0.8872245789576905, "log10_min_child_weight": 4.329228876118681, "log10_subsample": -0.5527326973087021, "max_depth": 5.0, "num_boost_round": 49.0}, "datetime": {"datetime": "2024-01-19 01:58:48", "elapsed": 6482.318932, "delta": 0.005243}}
{"target": -17.697216127441795, "params": {"gamma": 56.016918603492, "log10_alpha": 0.17174557774960775, "log10_colsample_bytree": -0.5369992063791527, "log10_eta": -1.2898647162688999, "log10_lambda": 0.8872245789576905, "log10_min_child_weight": 4.329228876118681, "log10_subsample": -0.5527326973087021, "max_depth": 5.0, "num_boost_round": 50.0}, "datetime": {"datetime": "2024-01-19 01:58:48", "elapsed": 6482.324203, "delta": 0.005271}}
{"target": -17.69715484421726, "params": {"gamma": 56.016918603492, "log10_alpha": 0.17174557774960775, "log10_colsample_bytree": -0.5369992063791527, "log10_eta": -1.2898647162688999, "log10_lambda": 0.8872245789576905, "log10_min_child_weight": 4.329228876118681, "log10_subsample": -0.5527326973087021, "max_depth": 5.0, "num_boost_round": 51.0}, "datetime": {"datetime": "2024-01-19 01:58:48", "elapsed": 6482.329248, "delta": 0.005045}}
{"target": -17.677170178742188, "params": {"gamma": 39.714013222731715, "log10_alpha": 0.8163322221066149, "log10_colsample_bytree": -0.4388237886173366, "log10_eta": -3.080214782042041, "log10_lambda": -0.7796233969230864, "log10_min_child_weight": 2.8845716723420534, "log10_subsample": -0.6324523702899152, "max_depth": 9.0, "num_boost_round": 0.0}, "datetime": {"datetime": "2024-01-19 02:00:10", "elapsed": 6564.230781, "delta": 81.901533}}
{"target": -17.67712448805116, "params": {"gamma": 39.714013222731715, "log10_alpha": 0.8163322221066149, "log10_colsample_bytree": -0.4388237886173366, "log10_eta": -3.080214782042041, "log10_lambda": -0.7796233969230864, "log10_min_child_weight": 2.8845716723420534, "log10_subsample": -0.6324523702899152, "max_depth": 9.0, "num_boost_round": 1.0}, "datetime": {"datetime": "2024-01-19 02:00:10", "elapsed": 6564.236209, "delta": 0.005428}}
{"target": -17.677066599438238, "params": {"gamma": 39.714013222731715, "log10_alpha": 0.8163322221066149, "log10_colsample_bytree": -0.4388237886173366, "log10_eta": -3.080214782042041, "log10_lambda": -0.7796233969230864, "log10_min_child_weight": 2.8845716723420534, "log10_subsample": -0.6324523702899152, "max_depth": 9.0, "num_boost_round": 2.0}, "datetime": {"datetime": "2024-01-19 02:00:10", "elapsed": 6564.24128, "delta": 0.005071}}
