{"target": -13.758243289849558, "params": {"gamma": 707.1679999358021, "log10_alpha": -1.8985805745017492, "log10_colsample_bytree": -0.1083078217525485, "log10_eta": -1.6987145932274297, "log10_lambda": -4.3917518082489115, "log10_min_child_weight": 4.756318925832687, "log10_subsample": -0.9030309279574156, "max_depth": 2.0, "num_boost_round": 19.0}, "datetime": {"datetime": "2024-01-19 01:57:14", "elapsed": 6333.630895, "delta": 0.007319}}
{"target": -13.758309049764543, "params": {"gamma": 707.1679999358021, "log10_alpha": -1.8985805745017492, "log10_colsample_bytree": -0.1083078217525485, "log10_eta": -1.6987145932274297, "log10_lambda": -4.3917518082489115, "log10_min_child_weight": 4.756318925832687, "log10_subsample": -0.9030309279574156, "max_depth": 2.0, "num_boost_round": 20.0}, "datetime": {"datetime": "2024-01-19 01:57:14", "elapsed": 6333.637193, "delta": 0.006298}}
{"target": -13.758343522903584, "params": {"gamma": 707.1679999358021, "log10_alpha": -1.8985805745017492, "log10_colsample_bytree": -0.1083078217525485, "log10_eta": -1.6987145932274297, "log10_lambda": -4.3917518082489115, "log10_min_child_weight": 4.756318925832687, "log10_subsample": -0.9030309279574156, "max_depth": 2.0, "num_boost_round": 21.0}, "datetime": {"datetime": "2024-01-19 01:57:14", "elapsed": 6333.643337, "delta": 0.006144}}
{"target": -13.75829482900737, "params": {"gamma": 707.1679999358021, "log10_alpha": -1.8985805745017492, "log10_colsample_bytree": -0.1083078217525485, "log10_eta": -1.6987145932274297, "log10_lambda": -4.3917518082489115, "log10_min_child_weight": 4.756318925832687, "log10_subsample": -0.9030309279574156, "max_depth": 2.0, "num_boost_round": 22.0}, "datetime": {"datetime": "2024-01-19 01:57:14", "elapsed": 6333.64926, "delta": 0.005923}}
{"target": -13.758255799917297, "params": {"gamma": 707.1679999358021, "log10_alpha": -1.8985805745017492, "log10_colsample_bytree": -0.1083078217525485, "log10_eta": -1.6987145932274297, "log10_lambda": -4.3917518082489115, "log10_min_child_weight": 4.756318925832687, "log10_subsample": -0.9030309279574156, "max_depth": 2.0, "num_boost_round": 23.0}, "datetime": {"datetime": "2024-01-19 01:57:14", "elapsed": 6333.655317, "delta": 0.006057}}
{"target": -13.758321058788212, "params": {"gamma": 707.1679999358021, "log10_alpha": -1.8985805745017492, "log10_colsample_bytree": -0.1083078217525485, "log10_eta": -1.6987145932274297, "log10_lambda": -4.3917518082489115, "log10_min_child_weight": 4.756318925832687, "log10_subsample": -0.9030309279574156, "max_depth": 2.0, "num_boost_round": 24.0}, "datetime": {"datetime": "2024-01-19 01:57:14", "elapsed": 6333.661439, "delta": 0.006122}}
{"target": -13.758388633707682, "params": {"gamma": 707.1679999358021, "log10_alpha": -1.8985805745017492, "log10_colsample_bytree": -0.1083078217525485, "log10_eta": -1.6987145932274297, "log10_lambda": -4.3917518082489115, "log10_min_child_weight": 4.756318925832687, "log10_subsample": -0.9030309279574156, "max_depth": 2.0, "num_boost_round": 25.0}, "datetime": {"datetime": "2024-01-19 01:57:14", "elapsed": 6333.667378, "delta": 0.005939}}
{"target": -13.758442551694511, "params": {"gamma": 707.1679999358021, "log10_alpha": -1.8985805745017492, "log10_colsample_bytree": -0.1083078217525485, "log10_eta": -1.6987145932274297, "log10_lambda": -4.3917518082489115, "log10_min_child_weight": 4.756318925832687, "log10_subsample": -0.9030309279574156, "max_depth": 2.0, "num_boost_round": 26.0}, "datetime": {"datetime": "2024-01-19 01:57:14", "elapsed": 6333.673402, "delta": 0.006024}}
{"target": -13.758519860852791, "params": {"gamma": 707.1679999358021, "log10_alpha": -1.8985805745017492, "log10_colsample_bytree": -0.1083078217525485, "log10_eta": -1.6987145932274297, "log10_lambda": -4.3917518082489115, "log10_min_child_weight": 4.756318925832687, "log10_subsample": -0.9030309279574156, "max_depth": 2.0, "num_boost_round": 27.0}, "datetime": {"datetime": "2024-01-19 01:57:14", "elapsed": 6333.679415, "delta": 0.006013}}
{"target": -13.758595231390547, "params": {"gamma": 707.1679999358021, "log10_alpha": -1.8985805745017492, "log10_colsample_bytree": -0.1083078217525485, "log10_eta": -1.6987145932274297, "log10_lambda": -4.3917518082489115, "log10_min_child_weight": 4.756318925832687, "log10_subsample": -0.9030309279574156, "max_depth": 2.0, "num_boost_round": 28.0}, "datetime": {"datetime": "2024-01-19 01:57:14", "elapsed": 6333.685646, "delta": 0.006231}}
{"target": -13.758616357079331, "params": {"gamma": 707.1679999358021, "log10_alpha": -1.8985805745017492, "log10_colsample_bytree": -0.1083078217525485, "log10_eta": -1.6987145932274297, "log10_lambda": -4.3917518082489115, "log10_min_child_weight": 4.756318925832687, "log10_subsample": -0.9030309279574156, "max_depth": 2.0, "num_boost_round": 29.0}, "datetime": {"datetime": "2024-01-19 01:57:14", "elapsed": 6333.691891, "delta": 0.006245}}
{"target": -13.75863294592676, "params": {"gamma": 707.1679999358021, "log10_alpha": -1.8985805745017492, "log10_colsample_bytree": -0.1083078217525485, "log10_eta": -1.6987145932274297, "log10_lambda": -4.3917518082489115, "log10_min_child_weight": 4.756318925832687, "log10_subsample": -0.9030309279574156, "max_depth": 2.0, "num_boost_round": 30.0}, "datetime": {"datetime": "2024-01-19 01:57:14", "elapsed": 6333.698263, "delta": 0.006372}}
{"target": -13.758665715773123, "params": {"gamma": 707.1679999358021, "log10_alpha": -1.8985805745017492, "log10_colsample_bytree": -0.1083078217525485, "log10_eta": -1.6987145932274297, "log10_lambda": -4.3917518082489115, "log10_min_child_weight": 4.756318925832687, "log10_subsample": -0.9030309279574156, "max_depth": 2.0, "num_boost_round": 31.0}, "datetime": {"datetime": "2024-01-19 01:57:14", "elapsed": 6333.704844, "delta": 0.006581}}
{"target": -13.758749891870623, "params": {"gamma": 707.1679999358021, "log10_alpha": -1.8985805745017492, "log10_colsample_bytree": -0.1083078217525485, "log10_eta": -1.6987145932274297, "log10_lambda": -4.3917518082489115, "log10_min_child_weight": 4.756318925832687, "log10_subsample": -0.9030309279574156, "max_depth": 2.0, "num_boost_round": 32.0}, "datetime": {"datetime": "2024-01-19 01:57:14", "elapsed": 6333.71101, "delta": 0.006166}}
{"target": -13.758813829782692, "params": {"gamma": 707.1679999358021, "log10_alpha": -1.8985805745017492, "log10_colsample_bytree": -0.1083078217525485, "log10_eta": -1.6987145932274297, "log10_lambda": -4.3917518082489115, "log10_min_child_weight": 4.756318925832687, "log10_subsample": -0.9030309279574156, "max_depth": 2.0, "num_boost_round": 33.0}, "datetime": {"datetime": "2024-01-19 01:57:14", "elapsed": 6333.717098, "delta": 0.006088}}
{"target": -13.758836674779936, "params": {"gamma": 707.1679999358021, "log10_alpha": -1.8985805745017492, "log10_colsample_bytree": -0.1083078217525485, "log10_eta": -1.6987145932274297, "log10_lambda": -4.3917518082489115, "log10_min_child_weight": 4.756318925832687, "log10_subsample": -0.9030309279574156, "max_depth": 2.0, "num_boost_round": 34.0}, "datetime": {"datetime": "2024-01-19 01:57:14", "elapsed": 6333.724322, "delta": 0.007224}}
{"target": -13.758913957514867, "params": {"gamma": 707.1679999358021, "log10_alpha": -1.8985805745017492, "log10_colsample_bytree": -0.1083078217525485, "log10_eta": -1.6987145932274297, "log10_lambda": -4.3917518082489115, "log10_min_child_weight": 4.756318925832687, "log10_subsample": -0.9030309279574156, "max_depth": 2.0, "num_boost_round": 35.0}, "datetime": {"datetime": "2024-01-19 01:57:14", "elapsed": 6333.73038, "delta": 0.006058}}
{"target": -13.759000064346013, "params": {"gamma": 707.1679999358021, "log10_alpha": -1.8985805745017492, "log10_colsample_bytree": -0.1083078217525485, "log10_eta": -1.6987145932274297, "log10_lambda": -4.3917518082489115, "log10_min_child_weight": 4.756318925832687, "log10_subsample": -0.9030309279574156, "max_depth": 2.0, "num_boost_round": 36.0}, "datetime": {"datetime": "2024-01-19 01:57:14", "elapsed": 6333.736416, "delta": 0.006036}}
{"target": -13.759085523493287, "params": {"gamma": 707.1679999358021, "log10_alpha": -1.8985805745017492, "log10_colsample_bytree": -0.1083078217525485, "log10_eta": -1.6987145932274297, "log10_lambda": -4.3917518082489115, "log10_min_child_weight": 4.756318925832687, "log10_subsample": -0.9030309279574156, "max_depth": 2.0, "num_boost_round": 37.0}, "datetime": {"datetime": "2024-01-19 01:57:14", "elapsed": 6333.74249, "delta": 0.006074}}
{"target": -13.759041928574218, "params": {"gamma": 707.1679999358021, "log10_alpha": -1.8985805745017492, "log10_colsample_bytree": -0.1083078217525485, "log10_eta": -1.6987145932274297, "log10_lambda": -4.3917518082489115, "log10_min_child_weight": 4.756318925832687, "log10_subsample": -0.9030309279574156, "max_depth": 2.0, "num_boost_round": 38.0}, "datetime": {"datetime": "2024-01-19 01:57:14", "elapsed": 6333.748554, "delta": 0.006064}}
{"target": -13.759120899734045, "params": {"gamma": 707.1679999358021, "log10_alpha": -1.8985805745017492, "log10_colsample_bytree": -0.1083078217525485, "log10_eta": -1.6987145932274297, "log10_lambda": -4.3917518082489115, "log10_min_child_weight": 4.756318925832687, "log10_subsample": -0.9030309279574156, "max_depth": 2.0, "num_boost_round": 39.0}, "datetime": {"datetime": "2024-01-19 01:57:14", "elapsed": 6333.754648, "delta": 0.006094}}
{"target": -13.759152561894487, "params": {"gamma": 707.1679999358021, "log10_alpha": -1.8985805745017492, "log10_colsample_bytree": -0.1083078217525485, "log10_eta": -1.6987145932274297, "log10_lambda": -4.3917518082489115, "log10_min_child_weight": 4.756318925832687, "log10_subsample": -0.9030309279574156, "max_depth": 2.0, "num_boost_round": 40.0}, "datetime": {"datetime": "2024-01-19 01:57:14", "elapsed": 6333.760857, "delta": 0.006209}}
{"target": -13.759143672280995, "params": {"gamma": 707.1679999358021, "log10_alpha": -1.8985805745017492, "log10_colsample_bytree": -0.1083078217525485, "log10_eta": -1.6987145932274297, "log10_lambda": -4.3917518082489115, "log10_min_child_weight": 4.756318925832687, "log10_subsample": -0.9030309279574156, "max_depth": 2.0, "num_boost_round": 41.0}, "datetime": {"datetime": "2024-01-19 01:57:14", "elapsed": 6333.767165, "delta": 0.006308}}
{"target": -13.759164134731753, "params": {"gamma": 707.1679999358021, "log10_alpha": -1.8985805745017492, "log10_colsample_bytree": -0.1083078217525485, "log10_eta": -1.6987145932274297, "log10_lambda": -4.3917518082489115, "log10_min_child_weight": 4.756318925832687, "log10_subsample": -0.9030309279574156, "max_depth": 2.0, "num_boost_round": 42.0}, "datetime": {"datetime": "2024-01-19 01:57:14", "elapsed": 6333.773517, "delta": 0.006352}}
{"target": -13.759124790551075, "params": {"gamma": 707.1679999358021, "log10_alpha": -1.8985805745017492, "log10_colsample_bytree": -0.1083078217525485, "log10_eta": -1.6987145932274297, "log10_lambda": -4.3917518082489115, "log10_min_child_weight": 4.756318925832687, "log10_subsample": -0.9030309279574156, "max_depth": 2.0, "num_boost_round": 43.0}, "datetime": {"datetime": "2024-01-19 01:57:14", "elapsed": 6333.779944, "delta": 0.006427}}
{"target": -13.759179647954037, "params": {"gamma": 707.1679999358021, "log10_alpha": -1.8985805745017492, "log10_colsample_bytree": -0.1083078217525485, "log10_eta": -1.6987145932274297, "log10_lambda": -4.3917518082489115, "log10_min_child_weight": 4.756318925832687, "log10_subsample": -0.9030309279574156, "max_depth": 2.0, "num_boost_round": 44.0}, "datetime": {"datetime": "2024-01-19 01:57:14", "elapsed": 6333.785927, "delta": 0.005983}}
{"target": -13.759255089864565, "params": {"gamma": 707.1679999358021, "log10_alpha": -1.8985805745017492, "log10_colsample_bytree": -0.1083078217525485, "log10_eta": -1.6987145932274297, "log10_lambda": -4.3917518082489115, "log10_min_child_weight": 4.756318925832687, "log10_subsample": -0.9030309279574156, "max_depth": 2.0, "num_boost_round": 45.0}, "datetime": {"datetime": "2024-01-19 01:57:14", "elapsed": 6333.792322, "delta": 0.006395}}
{"target": -13.759343211579154, "params": {"gamma": 707.1679999358021, "log10_alpha": -1.8985805745017492, "log10_colsample_bytree": -0.1083078217525485, "log10_eta": -1.6987145932274297, "log10_lambda": -4.3917518082489115, "log10_min_child_weight": 4.756318925832687, "log10_subsample": -0.9030309279574156, "max_depth": 2.0, "num_boost_round": 46.0}, "datetime": {"datetime": "2024-01-19 01:57:14", "elapsed": 6333.798512, "delta": 0.00619}}
{"target": -13.759263286025396, "params": {"gamma": 707.1679999358021, "log10_alpha": -1.8985805745017492, "log10_colsample_bytree": -0.1083078217525485, "log10_eta": -1.6987145932274297, "log10_lambda": -4.3917518082489115, "log10_min_child_weight": 4.756318925832687, "log10_subsample": -0.9030309279574156, "max_depth": 2.0, "num_boost_round": 47.0}, "datetime": {"datetime": "2024-01-19 01:57:14", "elapsed": 6333.804767, "delta": 0.006255}}
{"target": -13.759292676019838, "params": {"gamma": 707.1679999358021, "log10_alpha": -1.8985805745017492, "log10_colsample_bytree": -0.1083078217525485, "log10_eta": -1.6987145932274297, "log10_lambda": -4.3917518082489115, "log10_min_child_weight": 4.756318925832687, "log10_subsample": -0.9030309279574156, "max_depth": 2.0, "num_boost_round": 48.0}, "datetime": {"datetime": "2024-01-19 01:57:14", "elapsed": 6333.812219, "delta": 0.007452}}
{"target": -13.759308450662942, "params": {"gamma": 707.1679999358021, "log10_alpha": -1.8985805745017492, "log10_colsample_bytree": -0.1083078217525485, "log10_eta": -1.6987145932274297, "log10_lambda": -4.3917518082489115, "log10_min_child_weight": 4.756318925832687, "log10_subsample": -0.9030309279574156, "max_depth": 2.0, "num_boost_round": 49.0}, "datetime": {"datetime": "2024-01-19 01:57:14", "elapsed": 6333.818953, "delta": 0.006734}}
{"target": -13.759379233662093, "params": {"gamma": 707.1679999358021, "log10_alpha": -1.8985805745017492, "log10_colsample_bytree": -0.1083078217525485, "log10_eta": -1.6987145932274297, "log10_lambda": -4.3917518082489115, "log10_min_child_weight": 4.756318925832687, "log10_subsample": -0.9030309279574156, "max_depth": 2.0, "num_boost_round": 50.0}, "datetime": {"datetime": "2024-01-19 01:57:14", "elapsed": 6333.826021, "delta": 0.007068}}
{"target": -13.759312627905576, "params": {"gamma": 707.1679999358021, "log10_alpha": -1.8985805745017492, "log10_colsample_bytree": -0.1083078217525485, "log10_eta": -1.6987145932274297, "log10_lambda": -4.3917518082489115, "log10_min_child_weight": 4.756318925832687, "log10_subsample": -0.9030309279574156, "max_depth": 2.0, "num_boost_round": 51.0}, "datetime": {"datetime": "2024-01-19 01:57:14", "elapsed": 6333.832464, "delta": 0.006443}}
{"target": -13.759370635469862, "params": {"gamma": 707.1679999358021, "log10_alpha": -1.8985805745017492, "log10_colsample_bytree": -0.1083078217525485, "log10_eta": -1.6987145932274297, "log10_lambda": -4.3917518082489115, "log10_min_child_weight": 4.756318925832687, "log10_subsample": -0.9030309279574156, "max_depth": 2.0, "num_boost_round": 52.0}, "datetime": {"datetime": "2024-01-19 01:57:14", "elapsed": 6333.838868, "delta": 0.006404}}
{"target": -13.759471075439482, "params": {"gamma": 707.1679999358021, "log10_alpha": -1.8985805745017492, "log10_colsample_bytree": -0.1083078217525485, "log10_eta": -1.6987145932274297, "log10_lambda": -4.3917518082489115, "log10_min_child_weight": 4.756318925832687, "log10_subsample": -0.9030309279574156, "max_depth": 2.0, "num_boost_round": 53.0}, "datetime": {"datetime": "2024-01-19 01:57:14", "elapsed": 6333.845059, "delta": 0.006191}}
{"target": -13.759471522072772, "params": {"gamma": 707.1679999358021, "log10_alpha": -1.8985805745017492, "log10_colsample_bytree": -0.1083078217525485, "log10_eta": -1.6987145932274297, "log10_lambda": -4.3917518082489115, "log10_min_child_weight": 4.756318925832687, "log10_subsample": -0.9030309279574156, "max_depth": 2.0, "num_boost_round": 54.0}, "datetime": {"datetime": "2024-01-19 01:57:14", "elapsed": 6333.977611, "delta": 0.132552}}
{"target": -13.75952208626251, "params": {"gamma": 707.1679999358021, "log10_alpha": -1.8985805745017492, "log10_colsample_bytree": -0.1083078217525485, "log10_eta": -1.6987145932274297, "log10_lambda": -4.3917518082489115, "log10_min_child_weight": 4.756318925832687, "log10_subsample": -0.9030309279574156, "max_depth": 2.0, "num_boost_round": 55.0}, "datetime": {"datetime": "2024-01-19 01:57:14", "elapsed": 6333.984905, "delta": 0.007294}}
{"target": -13.759625977486643, "params": {"gamma": 707.1679999358021, "log10_alpha": -1.8985805745017492, "log10_colsample_bytree": -0.1083078217525485, "log10_eta": -1.6987145932274297, "log10_lambda": -4.3917518082489115, "log10_min_child_weight": 4.756318925832687, "log10_subsample": -0.9030309279574156, "max_depth": 2.0, "num_boost_round": 56.0}, "datetime": {"datetime": "2024-01-19 01:57:14", "elapsed": 6333.991635, "delta": 0.00673}}
{"target": -13.7595563595064, "params": {"gamma": 707.1679999358021, "log10_alpha": -1.8985805745017492, "log10_colsample_bytree": -0.1083078217525485, "log10_eta": -1.6987145932274297, "log10_lambda": -4.3917518082489115, "log10_min_child_weight": 4.756318925832687, "log10_subsample": -0.9030309279574156, "max_depth": 2.0, "num_boost_round": 57.0}, "datetime": {"datetime": "2024-01-19 01:57:14", "elapsed": 6333.997993, "delta": 0.006358}}
{"target": -13.75960384047333, "params": {"gamma": 707.1679999358021, "log10_alpha": -1.8985805745017492, "log10_colsample_bytree": -0.1083078217525485, "log10_eta": -1.6987145932274297, "log10_lambda": -4.3917518082489115, "log10_min_child_weight": 4.756318925832687, "log10_subsample": -0.9030309279574156, "max_depth": 2.0, "num_boost_round": 58.0}, "datetime": {"datetime": "2024-01-19 01:57:14", "elapsed": 6334.004206, "delta": 0.006213}}
{"target": -13.759665422079298, "params": {"gamma": 707.1679999358021, "log10_alpha": -1.8985805745017492, "log10_colsample_bytree": -0.1083078217525485, "log10_eta": -1.6987145932274297, "log10_lambda": -4.3917518082489115, "log10_min_child_weight": 4.756318925832687, "log10_subsample": -0.9030309279574156, "max_depth": 2.0, "num_boost_round": 59.0}, "datetime": {"datetime": "2024-01-19 01:57:14", "elapsed": 6334.010332, "delta": 0.006126}}
{"target": -13.759697144592046, "params": {"gamma": 707.1679999358021, "log10_alpha": -1.8985805745017492, "log10_colsample_bytree": -0.1083078217525485, "log10_eta": -1.6987145932274297, "log10_lambda": -4.3917518082489115, "log10_min_child_weight": 4.756318925832687, "log10_subsample": -0.9030309279574156, "max_depth": 2.0, "num_boost_round": 60.0}, "datetime": {"datetime": "2024-01-19 01:57:14", "elapsed": 6334.016939, "delta": 0.006607}}
{"target": -13.759720168503634, "params": {"gamma": 707.1679999358021, "log10_alpha": -1.8985805745017492, "log10_colsample_bytree": -0.1083078217525485, "log10_eta": -1.6987145932274297, "log10_lambda": -4.3917518082489115, "log10_min_child_weight": 4.756318925832687, "log10_subsample": -0.9030309279574156, "max_depth": 2.0, "num_boost_round": 61.0}, "datetime": {"datetime": "2024-01-19 01:57:14", "elapsed": 6334.023043, "delta": 0.006104}}
{"target": -13.759739167197797, "params": {"gamma": 707.1679999358021, "log10_alpha": -1.8985805745017492, "log10_colsample_bytree": -0.1083078217525485, "log10_eta": -1.6987145932274297, "log10_lambda": -4.3917518082489115, "log10_min_child_weight": 4.756318925832687, "log10_subsample": -0.9030309279574156, "max_depth": 2.0, "num_boost_round": 62.0}, "datetime": {"datetime": "2024-01-19 01:57:14", "elapsed": 6334.029286, "delta": 0.006243}}
{"target": -13.75974188780782, "params": {"gamma": 707.1679999358021, "log10_alpha": -1.8985805745017492, "log10_colsample_bytree": -0.1083078217525485, "log10_eta": -1.6987145932274297, "log10_lambda": -4.3917518082489115, "log10_min_child_weight": 4.756318925832687, "log10_subsample": -0.9030309279574156, "max_depth": 2.0, "num_boost_round": 63.0}, "datetime": {"datetime": "2024-01-19 01:57:14", "elapsed": 6334.036553, "delta": 0.007267}}
{"target": -13.759680247772978, "params": {"gamma": 707.1679999358021, "log10_alpha": -1.8985805745017492, "log10_colsample_bytree": -0.1083078217525485, "log10_eta": -1.6987145932274297, "log10_lambda": -4.3917518082489115, "log10_min_child_weight": 4.756318925832687, "log10_subsample": -0.9030309279574156, "max_depth": 2.0, "num_boost_round": 64.0}, "datetime": {"datetime": "2024-01-19 01:57:14", "elapsed": 6334.043433, "delta": 0.00688}}
{"target": -13.759763813049979, "params": {"gamma": 707.1679999358021, "log10_alpha": -1.8985805745017492, "log10_colsample_bytree": -0.1083078217525485, "log10_eta": -1.6987145932274297, "log10_lambda": -4.3917518082489115, "log10_min_child_weight": 4.756318925832687, "log10_subsample": -0.9030309279574156, "max_depth": 2.0, "num_boost_round": 65.0}, "datetime": {"datetime": "2024-01-19 01:57:14", "elapsed": 6334.051276, "delta": 0.007843}}
{"target": -13.759826303170934, "params": {"gamma": 707.1679999358021, "log10_alpha": -1.8985805745017492, "log10_colsample_bytree": -0.1083078217525485, "log10_eta": -1.6987145932274297, "log10_lambda": -4.3917518082489115, "log10_min_child_weight": 4.756318925832687, "log10_subsample": -0.9030309279574156, "max_depth": 2.0, "num_boost_round": 66.0}, "datetime": {"datetime": "2024-01-19 01:57:14", "elapsed": 6334.057925, "delta": 0.006649}}
{"target": -13.75980026523894, "params": {"gamma": 707.1679999358021, "log10_alpha": -1.8985805745017492, "log10_colsample_bytree": -0.1083078217525485, "log10_eta": -1.6987145932274297, "log10_lambda": -4.3917518082489115, "log10_min_child_weight": 4.756318925832687, "log10_subsample": -0.9030309279574156, "max_depth": 2.0, "num_boost_round": 67.0}, "datetime": {"datetime": "2024-01-19 01:57:14", "elapsed": 6334.064453, "delta": 0.006528}}
